{"(1, 0)": {"explain_plan": {"Plan": {"Node Type": "Aggregate", "Strategy": "Plain", "Startup Cost": 167700.96, "Total Cost": 167700.97, "Plan Rows": 1, "Plan Width": 102, "Plans": [{"Node Type": "Nested Loop", "Parent Relationship": "Outer", "Join Type": "Inner", "Startup Cost": 4841.51, "Total Cost": 167665.75, "Plan Rows": 7042, "Plan Width": 38, "Inner Unique": true, "Plans": [{"Node Type": "Nested Loop", "Parent Relationship": "Outer", "Join Type": "Inner", "Startup Cost": 4841.51, "Total Cost": 165693.92, "Plan Rows": 7042, "Plan Width": 42, "Inner Unique": false, "Join Filter": "(t.id = mk.movie_id)", "Plans": [{"Node Type": "Nested Loop", "Parent Relationship": "Outer", "Join Type": "Inner", "Startup Cost": 4841.51, "Total Cost": 165202.94, "Plan Rows": 873, "Plan Width": 54, "Inner Unique": true, "Join Filter": "(at.movie_id = t.id)", "Plans": [{"Node Type": "Nested Loop", "Parent Relationship": "Outer", "Join Type": "Inner", "Startup Cost": 4841.51, "Total Cost": 164980.86, "Plan Rows": 630, "Plan Width": 33, "Inner Unique": true, "Join Filter": "(mc.company_type_id = ct.id)", "Plans": [{"Node Type": "Nested Loop", "Parent Relationship": "Outer", "Join Type": "Inner", "Startup Cost": 4841.51, "Total Cost": 164951.47, "Plan Rows": 630, "Plan Width": 37, "Inner Unique": true, "Plans": [{"Node Type": "Nested Loop", "Parent Relationship": "Outer", "Join Type": "Inner", "Startup Cost": 4841.51, "Total Cost": 164648.85, "Plan Rows": 1052, "Plan Width": 41, "Inner Unique": false, "Plans": [{"Node Type": "Nested Loop", "Parent Relationship": "Outer", "Join Type": "Inner", "Startup Cost": 4841.51, "Total Cost": 164359.77, "Plan Rows": 490, "Plan Width": 29, "Inner Unique": false, "Plans": [{"Node Type": "Nested Loop", "Parent Relationship": "Outer", "Join Type": "Inner", "Startup Cost": 4841.51, "Total Cost": 163884.08, "Plan Rows": 192, "Plan Width": 4, "Inner Unique": false, "Plans": [{"Node Type": "Seq Scan", "Parent Relationship": "Outer", "Relation Name": "info_type", "Alias": "it1", "Startup Cost": 0.0, "Total Cost": 2.4, "Plan Rows": 1, "Plan Width": 4, "Filter": "((info)::text = 'release dates'::text)"}, {"Node Type": "Bitmap Heap Scan", "Parent Relationship": "Inner", "Relation Name": "movie_info", "Alias": "mi", "Startup Cost": 4841.51, "Total Cost": 163879.76, "Plan Rows": 192, "Plan Width": 8, "Recheck Cond": "(info_type_id = it1.id)", "Filter": "((note)::text ~~ '%internet%'::text)", "Plans": [{"Node Type": "Bitmap Index Scan", "Parent Relationship": "Outer", "Index Name": "info_type_id_movie_info", "Startup Cost": 0.0, "Total Cost": 4841.46, "Plan Rows": 212428, "Plan Width": 0, "Index Cond": "(info_type_id = it1.id)"}]}]}, {"Node Type": "Index Scan", "Parent Relationship": "Inner", "Scan Direction": "Forward", "Index Name": "movie_id_aka_title", "Relation Name": "aka_title", "Alias": "at", "Startup Cost": 0.0, "Total Cost": 2.45, "Plan Rows": 3, "Plan Width": 25, "Index Cond": "(movie_id = mi.movie_id)"}]}, {"Node Type": "Index Scan", "Parent Relationship": "Inner", "Scan Direction": "Forward", "Index Name": "movie_id_movie_companies", "Relation Name": "movie_companies", "Alias": "mc", "Startup Cost": 0.0, "Total Cost": 0.57, "Plan Rows": 2, "Plan Width": 12, "Index Cond": "(movie_id = at.movie_id)"}]}, {"Node Type": "Index Scan", "Parent Relationship": "Inner", "Scan Direction": "Forward", "Index Name": "company_name_pkey", "Relation Name": "company_name", "Alias": "cn", "Startup Cost": 0.0, "Total Cost": 0.28, "Plan Rows": 1, "Plan Width": 4, "Index Cond": "(id = mc.company_id)", "Filter": "((country_code)::text = '[us]'::text)"}]}, {"Node Type": "Materialize", "Parent Relationship": "Inner", "Startup Cost": 0.0, "Total Cost": 1.04, "Plan Rows": 3, "Plan Width": 4, "Plans": [{"Node Type": "Seq Scan", "Parent Relationship": "Outer", "Relation Name": "company_type", "Alias": "ct", "Startup Cost": 0.0, "Total Cost": 1.03, "Plan Rows": 3, "Plan Width": 4}]}]}, {"Node Type": "Index Scan", "Parent Relationship": "Inner", "Scan Direction": "Forward", "Index Name": "title_pkey", "Relation Name": "title", "Alias": "t", "Startup Cost": 0.0, "Total Cost": 0.34, "Plan Rows": 1, "Plan Width": 21, "Index Cond": "(id = mc.movie_id)", "Filter": "(production_year > 1990)"}]}, {"Node Type": "Index Scan", "Parent Relationship": "Inner", "Scan Direction": "Forward", "Index Name": "movie_id_movie_keyword", "Relation Name": "movie_keyword", "Alias": "mk", "Startup Cost": 0.0, "Total Cost": 0.46, "Plan Rows": 8, "Plan Width": 8, "Index Cond": "(movie_id = mc.movie_id)"}]}, {"Node Type": "Index Only Scan", "Parent Relationship": "Inner", "Scan Direction": "Forward", "Index Name": "keyword_pkey", "Relation Name": "keyword", "Alias": "k", "Startup Cost": 0.0, "Total Cost": 0.27, "Plan Rows": 1, "Plan Width": 4, "Index Cond": "(id = mk.keyword_id)"}]}]}, "Unique SQL Id": 2302223328, "Planner Runtime": 162}, "explain_analyze_plan": {"Plan": {"Node Type": "Aggregate", "Strategy": "Plain", "Startup Cost": 167700.96, "Total Cost": 167700.97, "Plan Rows": 1, "Plan Width": 102, "Actual Startup Time": 1551.527, "Actual Total Time": 1551.527, "Actual Rows": 1, "Actual Loops": 1, "Plans": [{"Node Type": "Nested Loop", "Parent Relationship": "Outer", "Join Type": "Inner", "Startup Cost": 4841.51, "Total Cost": 167665.75, "Plan Rows": 7042, "Plan Width": 38, "Actual Startup Time": 412.113, "Actual Total Time": 1548.681, "Actual Rows": 4371, "Actual Loops": 1, "Inner Unique": true, "Plans": [{"Node Type": "Nested Loop", "Parent Relationship": "Outer", "Join Type": "Inner", "Startup Cost": 4841.51, "Total Cost": 165693.92, "Plan Rows": 7042, "Plan Width": 42, "Actual Startup Time": 412.097, "Actual Total Time": 1533.926, "Actual Rows": 4371, "Actual Loops": 1, "Inner Unique": false, "Join Filter": "(t.id = mk.movie_id)", "Rows Removed by Join Filter": 0, "Plans": [{"Node Type": "Nested Loop", "Parent Relationship": "Outer", "Join Type": "Inner", "Startup Cost": 4841.51, "Total Cost": 165202.94, "Plan Rows": 873, "Plan Width": 54, "Actual Startup Time": 387.464, "Actual Total Time": 1527.635, "Actual Rows": 382, "Actual Loops": 1, "Inner Unique": true, "Join Filter": "(at.movie_id = t.id)", "Rows Removed by Join Filter": 0, "Plans": [{"Node Type": "Nested Loop", "Parent Relationship": "Outer", "Join Type": "Inner", "Startup Cost": 4841.51, "Total Cost": 164980.86, "Plan Rows": 630, "Plan Width": 33, "Actual Startup Time": 387.442, "Actual Total Time": 1524.798, "Actual Rows": 382, "Actual Loops": 1, "Inner Unique": true, "Join Filter": "(mc.company_type_id = ct.id)", "Rows Removed by Join Filter": 1542, "Plans": [{"Node Type": "Nested Loop", "Parent Relationship": "Outer", "Join Type": "Inner", "Startup Cost": 4841.51, "Total Cost": 164951.47, "Plan Rows": 630, "Plan Width": 37, "Actual Startup Time": 382.686, "Actual Total Time": 1523.566, "Actual Rows": 896, "Actual Loops": 1, "Inner Unique": true, "Plans": [{"Node Type": "Nested Loop", "Parent Relationship": "Outer", "Join Type": "Inner", "Startup Cost": 4841.51, "Total Cost": 164648.85, "Plan Rows": 1052, "Plan Width": 41, "Actual Startup Time": 382.667, "Actual Total Time": 1511.721, "Actual Rows": 2130, "Actual Loops": 1, "Inner Unique": false, "Plans": [{"Node Type": "Nested Loop", "Parent Relationship": "Outer", "Join Type": "Inner", "Startup Cost": 4841.51, "Total Cost": 164359.77, "Plan Rows": 490, "Plan Width": 29, "Actual Startup Time": 379.513, "Actual Total Time": 1505.855, "Actual Rows": 591, "Actual Loops": 1, "Inner Unique": false, "Plans": [{"Node Type": "Nested Loop", "Parent Relationship": "Outer", "Join Type": "Inner", "Startup Cost": 4841.51, "Total Cost": 163884.08, "Plan Rows": 192, "Plan Width": 4, "Actual Startup Time": 379.079, "Actual Total Time": 1472.193, "Actual Rows": 10679, "Actual Loops": 1, "Inner Unique": false, "Plans": [{"Node Type": "Seq Scan", "Parent Relationship": "Outer", "Relation Name": "info_type", "Alias": "it1", "Startup Cost": 0.0, "Total Cost": 2.4, "Plan Rows": 1, "Plan Width": 4, "Actual Startup Time": 0.042, "Actual Total Time": 0.085, "Actual Rows": 1, "Actual Loops": 1, "Filter": "((info)::text = 'release dates'::text)", "Rows Removed by Filter": 111}, {"Node Type": "Bitmap Heap Scan", "Parent Relationship": "Inner", "Relation Name": "movie_info", "Alias": "mi", "Startup Cost": 4841.51, "Total Cost": 163879.76, "Plan Rows": 192, "Plan Width": 8, "Actual Startup Time": 379.029, "Actual Total Time": 1469.566, "Actual Rows": 10679, "Actual Loops": 1, "Recheck Cond": "(info_type_id = it1.id)", "Rows Removed by Index Recheck": 0, "Filter": "((note)::text ~~ '%internet%'::text)", "Rows Removed by Filter": 3026040, "Exact Heap Blocks": 21947, "Lossy Heap Blocks": 21947, "Plans": [{"Node Type": "Bitmap Index Scan", "Parent Relationship": "Outer", "Index Name": "info_type_id_movie_info", "Startup Cost": 0.0, "Total Cost": 4841.46, "Plan Rows": 212428, "Plan Width": 0, "Actual Startup Time": 374.117, "Actual Total Time": 374.117, "Actual Rows": 3036719, "Actual Loops": 1, "Index Cond": "(info_type_id = it1.id)"}]}]}, {"Node Type": "Index Scan", "Parent Relationship": "Inner", "Scan Direction": "Forward", "Index Name": "movie_id_aka_title", "Relation Name": "aka_title", "Alias": "at", "Startup Cost": 0.0, "Total Cost": 2.45, "Plan Rows": 3, "Plan Width": 25, "Actual Startup Time": 27.154, "Actual Total Time": 27.682, "Actual Rows": 591, "Actual Loops": 10679, "Index Cond": "(movie_id = mi.movie_id)", "Rows Removed by Index Recheck": 0}]}, {"Node Type": "Index Scan", "Parent Relationship": "Inner", "Scan Direction": "Forward", "Index Name": "movie_id_movie_companies", "Relation Name": "movie_companies", "Alias": "mc", "Startup Cost": 0.0, "Total Cost": 0.57, "Plan Rows": 2, "Plan Width": 12, "Actual Startup Time": 3.333, "Actual Total Time": 4.79, "Actual Rows": 2130, "Actual Loops": 591, "Index Cond": "(movie_id = at.movie_id)", "Rows Removed by Index Recheck": 0}]}, {"Node Type": "Index Scan", "Parent Relationship": "Inner", "Scan Direction": "Forward", "Index Name": "company_name_pkey", "Relation Name": "company_name", "Alias": "cn", "Startup Cost": 0.0, "Total Cost": 0.28, "Plan Rows": 1, "Plan Width": 4, "Actual Startup Time": 10.137, "Actual Total Time": 10.137, "Actual Rows": 896, "Actual Loops": 2130, "Index Cond": "(id = mc.company_id)", "Rows Removed by Index Recheck": 0, "Filter": "((country_code)::text = '[us]'::text)", "Rows Removed by Filter": 1234}]}, {"Node Type": "Materialize", "Parent Relationship": "Inner", "Startup Cost": 0.0, "Total Cost": 1.04, "Plan Rows": 3, "Plan Width": 4, "Actual Startup Time": 0.215, "Actual Total Time": 0.362, "Actual Rows": 1924, "Actual Loops": 896, "Plans": [{"Node Type": "Seq Scan", "Parent Relationship": "Outer", "Relation Name": "company_type", "Alias": "ct", "Startup Cost": 0.0, "Total Cost": 1.03, "Plan Rows": 3, "Plan Width": 4, "Actual Startup Time": 0.012, "Actual Total Time": 0.015, "Actual Rows": 3, "Actual Loops": 1}]}]}, {"Node Type": "Index Scan", "Parent Relationship": "Inner", "Scan Direction": "Forward", "Index Name": "title_pkey", "Relation Name": "title", "Alias": "t", "Startup Cost": 0.0, "Total Cost": 0.34, "Plan Rows": 1, "Plan Width": 21, "Actual Startup Time": 2.106, "Actual Total Time": 2.106, "Actual Rows": 382, "Actual Loops": 382, "Index Cond": "(id = mc.movie_id)", "Rows Removed by Index Recheck": 0, "Filter": "(production_year > 1990)", "Rows Removed by Filter": 0}]}, {"Node Type": "Index Scan", "Parent Relationship": "Inner", "Scan Direction": "Forward", "Index Name": "movie_id_movie_keyword", "Relation Name": "movie_keyword", "Alias": "mk", "Startup Cost": 0.0, "Total Cost": 0.46, "Plan Rows": 8, "Plan Width": 8, "Actual Startup Time": 2.115, "Actual Total Time": 4.229, "Actual Rows": 4371, "Actual Loops": 382, "Index Cond": "(movie_id = mc.movie_id)", "Rows Removed by Index Recheck": 0}]}, {"Node Type": "Index Only Scan", "Parent Relationship": "Inner", "Scan Direction": "Forward", "Index Name": "keyword_pkey", "Relation Name": "keyword", "Alias": "k", "Startup Cost": 0.0, "Total Cost": 0.27, "Plan Rows": 1, "Plan Width": 4, "Actual Startup Time": 11.611, "Actual Total Time": 11.611, "Actual Rows": 4371, "Actual Loops": 4371, "Index Cond": "(id = mk.keyword_id)", "Rows Removed by Index Recheck": 0, "Heap Fetches": 0}]}]}, "Triggers": [], "Planner Runtime": 162, "Total Runtime": 1552.088, "Unique SQL Id": 2302223328}}, "(1, 1)": {"explain_plan": {"Plan": {"Node Type": "Aggregate", "Strategy": "Plain", "Startup Cost": 167720.04, "Total Cost": 167720.05, "Plan Rows": 1, "Plan Width": 102, "Plans": [{"Node Type": "Nested Loop", "Parent Relationship": "Outer", "Join Type": "Inner", "Startup Cost": 4841.51, "Total Cost": 167684.83, "Plan Rows": 7042, "Plan Width": 38, "Inner Unique": true, "Plans": [{"Node Type": "Nested Loop", "Parent Relationship": "Outer", "Join Type": "Inner", "Startup Cost": 4841.51, "Total Cost": 165712.99, "Plan Rows": 7042, "Plan Width": 42, "Inner Unique": false, "Join Filter": "(t.id = mk.movie_id)", "Plans": [{"Node Type": "Nested Loop", "Parent Relationship": "Outer", "Join Type": "Inner", "Startup Cost": 4841.51, "Total Cost": 165222.02, "Plan Rows": 873, "Plan Width": 54, "Inner Unique": true, "Join Filter": "(at.movie_id = t.id)", "Plans": [{"Node Type": "Nested Loop", "Parent Relationship": "Outer", "Join Type": "Inner", "Startup Cost": 4841.51, "Total Cost": 164999.93, "Plan Rows": 630, "Plan Width": 33, "Inner Unique": true, "Join Filter": "(mc.company_type_id = ct.id)", "Plans": [{"Node Type": "Nested Loop", "Parent Relationship": "Outer", "Join Type": "Inner", "Startup Cost": 4841.51, "Total Cost": 164963.28, "Plan Rows": 630, "Plan Width": 37, "Inner Unique": true, "Plans": [{"Node Type": "Nested Loop", "Parent Relationship": "Outer", "Join Type": "Inner", "Startup Cost": 4841.51, "Total Cost": 164660.66, "Plan Rows": 1052, "Plan Width": 41, "Inner Unique": false, "Plans": [{"Node Type": "Nested Loop", "Parent Relationship": "Outer", "Join Type": "Inner", "Startup Cost": 4841.51, "Total Cost": 164371.58, "Plan Rows": 490, "Plan Width": 29, "Inner Unique": false, "Plans": [{"Node Type": "Nested Loop", "Parent Relationship": "Outer", "Join Type": "Inner", "Startup Cost": 4841.51, "Total Cost": 163895.89, "Plan Rows": 192, "Plan Width": 4, "Inner Unique": false, "Plans": [{"Node Type": "Index Scan", "Parent Relationship": "Outer", "Scan Direction": "Forward", "Index Name": "info_type_pkey", "Relation Name": "info_type", "Alias": "it1", "Startup Cost": 0.0, "Total Cost": 14.21, "Plan Rows": 1, "Plan Width": 4, "Filter": "((info)::text = 'release dates'::text)"}, {"Node Type": "Bitmap Heap Scan", "Parent Relationship": "Inner", "Relation Name": "movie_info", "Alias": "mi", "Startup Cost": 4841.51, "Total Cost": 163879.76, "Plan Rows": 192, "Plan Width": 8, "Recheck Cond": "(info_type_id = it1.id)", "Filter": "((note)::text ~~ '%internet%'::text)", "Plans": [{"Node Type": "Bitmap Index Scan", "Parent Relationship": "Outer", "Index Name": "info_type_id_movie_info", "Startup Cost": 0.0, "Total Cost": 4841.46, "Plan Rows": 212428, "Plan Width": 0, "Index Cond": "(info_type_id = it1.id)"}]}]}, {"Node Type": "Index Scan", "Parent Relationship": "Inner", "Scan Direction": "Forward", "Index Name": "movie_id_aka_title", "Relation Name": "aka_title", "Alias": "at", "Startup Cost": 0.0, "Total Cost": 2.45, "Plan Rows": 3, "Plan Width": 25, "Index Cond": "(movie_id = mi.movie_id)"}]}, {"Node Type": "Index Scan", "Parent Relationship": "Inner", "Scan Direction": "Forward", "Index Name": "movie_id_movie_companies", "Relation Name": "movie_companies", "Alias": "mc", "Startup Cost": 0.0, "Total Cost": 0.57, "Plan Rows": 2, "Plan Width": 12, "Index Cond": "(movie_id = at.movie_id)"}]}, {"Node Type": "Index Scan", "Parent Relationship": "Inner", "Scan Direction": "Forward", "Index Name": "company_name_pkey", "Relation Name": "company_name", "Alias": "cn", "Startup Cost": 0.0, "Total Cost": 0.28, "Plan Rows": 1, "Plan Width": 4, "Index Cond": "(id = mc.company_id)", "Filter": "((country_code)::text = '[us]'::text)"}]}, {"Node Type": "Materialize", "Parent Relationship": "Inner", "Startup Cost": 0.0, "Total Cost": 8.31, "Plan Rows": 3, "Plan Width": 4, "Plans": [{"Node Type": "Index Only Scan", "Parent Relationship": "Outer", "Scan Direction": "Forward", "Index Name": "company_type_pkey", "Relation Name": "company_type", "Alias": "ct", "Startup Cost": 0.0, "Total Cost": 8.29, "Plan Rows": 3, "Plan Width": 4}]}]}, {"Node Type": "Index Scan", "Parent Relationship": "Inner", "Scan Direction": "Forward", "Index Name": "title_pkey", "Relation Name": "title", "Alias": "t", "Startup Cost": 0.0, "Total Cost": 0.34, "Plan Rows": 1, "Plan Width": 21, "Index Cond": "(id = mc.movie_id)", "Filter": "(production_year > 1990)"}]}, {"Node Type": "Index Scan", "Parent Relationship": "Inner", "Scan Direction": "Forward", "Index Name": "movie_id_movie_keyword", "Relation Name": "movie_keyword", "Alias": "mk", "Startup Cost": 0.0, "Total Cost": 0.46, "Plan Rows": 8, "Plan Width": 8, "Index Cond": "(movie_id = mc.movie_id)"}]}, {"Node Type": "Index Only Scan", "Parent Relationship": "Inner", "Scan Direction": "Forward", "Index Name": "keyword_pkey", "Relation Name": "keyword", "Alias": "k", "Startup Cost": 0.0, "Total Cost": 0.27, "Plan Rows": 1, "Plan Width": 4, "Index Cond": "(id = mk.keyword_id)"}]}]}, "Unique SQL Id": 2302223328, "Planner Runtime": 144}, "explain_analyze_plan": {"Plan": {"Node Type": "Aggregate", "Strategy": "Plain", "Startup Cost": 167720.04, "Total Cost": 167720.05, "Plan Rows": 1, "Plan Width": 102, "Actual Startup Time": 1720.851, "Actual Total Time": 1720.851, "Actual Rows": 1, "Actual Loops": 1, "Plans": [{"Node Type": "Nested Loop", "Parent Relationship": "Outer", "Join Type": "Inner", "Startup Cost": 4841.51, "Total Cost": 167684.83, "Plan Rows": 7042, "Plan Width": 38, "Actual Startup Time": 412.285, "Actual Total Time": 1718.031, "Actual Rows": 4371, "Actual Loops": 1, "Inner Unique": true, "Plans": [{"Node Type": "Nested Loop", "Parent Relationship": "Outer", "Join Type": "Inner", "Startup Cost": 4841.51, "Total Cost": 165712.99, "Plan Rows": 7042, "Plan Width": 42, "Actual Startup Time": 412.273, "Actual Total Time": 1702.523, "Actual Rows": 4371, "Actual Loops": 1, "Inner Unique": false, "Join Filter": "(t.id = mk.movie_id)", "Rows Removed by Join Filter": 0, "Plans": [{"Node Type": "Nested Loop", "Parent Relationship": "Outer", "Join Type": "Inner", "Startup Cost": 4841.51, "Total Cost": 165222.02, "Plan Rows": 873, "Plan Width": 54, "Actual Startup Time": 387.804, "Actual Total Time": 1695.694, "Actual Rows": 382, "Actual Loops": 1, "Inner Unique": true, "Join Filter": "(at.movie_id = t.id)", "Rows Removed by Join Filter": 0, "Plans": [{"Node Type": "Nested Loop", "Parent Relationship": "Outer", "Join Type": "Inner", "Startup Cost": 4841.51, "Total Cost": 164999.93, "Plan Rows": 630, "Plan Width": 33, "Actual Startup Time": 387.782, "Actual Total Time": 1692.335, "Actual Rows": 382, "Actual Loops": 1, "Inner Unique": true, "Join Filter": "(mc.company_type_id = ct.id)", "Rows Removed by Join Filter": 1542, "Plans": [{"Node Type": "Nested Loop", "Parent Relationship": "Outer", "Join Type": "Inner", "Startup Cost": 4841.51, "Total Cost": 164963.28, "Plan Rows": 630, "Plan Width": 37, "Actual Startup Time": 383.051, "Actual Total Time": 1691.171, "Actual Rows": 896, "Actual Loops": 1, "Inner Unique": true, "Plans": [{"Node Type": "Nested Loop", "Parent Relationship": "Outer", "Join Type": "Inner", "Startup Cost": 4841.51, "Total Cost": 164660.66, "Plan Rows": 1052, "Plan Width": 41, "Actual Startup Time": 383.026, "Actual Total Time": 1677.766, "Actual Rows": 2130, "Actual Loops": 1, "Inner Unique": false, "Plans": [{"Node Type": "Nested Loop", "Parent Relationship": "Outer", "Join Type": "Inner", "Startup Cost": 4841.51, "Total Cost": 164371.58, "Plan Rows": 490, "Plan Width": 29, "Actual Startup Time": 379.855, "Actual Total Time": 1670.738, "Actual Rows": 591, "Actual Loops": 1, "Inner Unique": false, "Plans": [{"Node Type": "Nested Loop", "Parent Relationship": "Outer", "Join Type": "Inner", "Startup Cost": 4841.51, "Total Cost": 163895.89, "Plan Rows": 192, "Plan Width": 4, "Actual Startup Time": 379.416, "Actual Total Time": 1633.766, "Actual Rows": 10679, "Actual Loops": 1, "Inner Unique": false, "Plans": [{"Node Type": "Index Scan", "Parent Relationship": "Outer", "Scan Direction": "Forward", "Index Name": "info_type_pkey", "Relation Name": "info_type", "Alias": "it1", "Startup Cost": 0.0, "Total Cost": 14.21, "Plan Rows": 1, "Plan Width": 4, "Actual Startup Time": 0.041, "Actual Total Time": 0.084, "Actual Rows": 1, "Actual Loops": 1, "Filter": "((info)::text = 'release dates'::text)", "Rows Removed by Filter": 111}, {"Node Type": "Bitmap Heap Scan", "Parent Relationship": "Inner", "Relation Name": "movie_info", "Alias": "mi", "Startup Cost": 4841.51, "Total Cost": 163879.76, "Plan Rows": 192, "Plan Width": 8, "Actual Startup Time": 379.366, "Actual Total Time": 1631.031, "Actual Rows": 10679, "Actual Loops": 1, "Recheck Cond": "(info_type_id = it1.id)", "Rows Removed by Index Recheck": 0, "Filter": "((note)::text ~~ '%internet%'::text)", "Rows Removed by Filter": 3026040, "Exact Heap Blocks": 21947, "Lossy Heap Blocks": 21947, "Plans": [{"Node Type": "Bitmap Index Scan", "Parent Relationship": "Outer", "Index Name": "info_type_id_movie_info", "Startup Cost": 0.0, "Total Cost": 4841.46, "Plan Rows": 212428, "Plan Width": 0, "Actual Startup Time": 374.43, "Actual Total Time": 374.43, "Actual Rows": 3036719, "Actual Loops": 1, "Index Cond": "(info_type_id = it1.id)"}]}]}, {"Node Type": "Index Scan", "Parent Relationship": "Inner", "Scan Direction": "Forward", "Index Name": "movie_id_aka_title", "Relation Name": "aka_title", "Alias": "at", "Startup Cost": 0.0, "Total Cost": 2.45, "Plan Rows": 3, "Plan Width": 25, "Actual Startup Time": 30.42, "Actual Total Time": 31.048, "Actual Rows": 591, "Actual Loops": 10679, "Index Cond": "(movie_id = mi.movie_id)", "Rows Removed by Index Recheck": 0}]}, {"Node Type": "Index Scan", "Parent Relationship": "Inner", "Scan Direction": "Forward", "Index Name": "movie_id_movie_companies", "Relation Name": "movie_companies", "Alias": "mc", "Startup Cost": 0.0, "Total Cost": 0.57, "Plan Rows": 2, "Plan Width": 12, "Actual Startup Time": 4.27, "Actual Total Time": 5.861, "Actual Rows": 2130, "Actual Loops": 591, "Index Cond": "(movie_id = at.movie_id)", "Rows Removed by Index Recheck": 0}]}, {"Node Type": "Index Scan", "Parent Relationship": "Inner", "Scan Direction": "Forward", "Index Name": "company_name_pkey", "Relation Name": "company_name", "Alias": "cn", "Startup Cost": 0.0, "Total Cost": 0.28, "Plan Rows": 1, "Plan Width": 4, "Actual Startup Time": 11.745, "Actual Total Time": 11.745, "Actual Rows": 896, "Actual Loops": 2130, "Index Cond": "(id = mc.company_id)", "Rows Removed by Index Recheck": 0, "Filter": "((country_code)::text = '[us]'::text)", "Rows Removed by Filter": 1234}]}, {"Node Type": "Materialize", "Parent Relationship": "Inner", "Startup Cost": 0.0, "Total Cost": 8.31, "Plan Rows": 3, "Plan Width": 4, "Actual Startup Time": 0.162, "Actual Total Time": 0.295, "Actual Rows": 1924, "Actual Loops": 896, "Plans": [{"Node Type": "Index Only Scan", "Parent Relationship": "Outer", "Scan Direction": "Forward", "Index Name": "company_type_pkey", "Relation Name": "company_type", "Alias": "ct", "Startup Cost": 0.0, "Total Cost": 8.29, "Plan Rows": 3, "Plan Width": 4, "Actual Startup Time": 0.008, "Actual Total Time": 0.009, "Actual Rows": 3, "Actual Loops": 1, "Heap Fetches": 0}]}]}, {"Node Type": "Index Scan", "Parent Relationship": "Inner", "Scan Direction": "Forward", "Index Name": "title_pkey", "Relation Name": "title", "Alias": "t", "Startup Cost": 0.0, "Total Cost": 0.34, "Plan Rows": 1, "Plan Width": 21, "Actual Startup Time": 2.615, "Actual Total Time": 2.615, "Actual Rows": 382, "Actual Loops": 382, "Index Cond": "(id = mc.movie_id)", "Rows Removed by Index Recheck": 0, "Filter": "(production_year > 1990)", "Rows Removed by Filter": 0}]}, {"Node Type": "Index Scan", "Parent Relationship": "Inner", "Scan Direction": "Forward", "Index Name": "movie_id_movie_keyword", "Relation Name": "movie_keyword", "Alias": "mk", "Startup Cost": 0.0, "Total Cost": 0.46, "Plan Rows": 8, "Plan Width": 8, "Actual Startup Time": 2.644, "Actual Total Time": 4.752, "Actual Rows": 4371, "Actual Loops": 382, "Index Cond": "(movie_id = mc.movie_id)", "Rows Removed by Index Recheck": 0}]}, {"Node Type": "Index Only Scan", "Parent Relationship": "Inner", "Scan Direction": "Forward", "Index Name": "keyword_pkey", "Relation Name": "keyword", "Alias": "k", "Startup Cost": 0.0, "Total Cost": 0.27, "Plan Rows": 1, "Plan Width": 4, "Actual Startup Time": 12.426, "Actual Total Time": 12.426, "Actual Rows": 4371, "Actual Loops": 4371, "Index Cond": "(id = mk.keyword_id)", "Rows Removed by Index Recheck": 0, "Heap Fetches": 0}]}]}, "Triggers": [], "Planner Runtime": 144, "Total Runtime": 1721.483, "Unique SQL Id": 2302223328}}, "(1, 2)": {"explain_plan": {"Plan": {"Node Type": "Aggregate", "Strategy": "Plain", "Startup Cost": 178708.76, "Total Cost": 178708.77, "Plan Rows": 1, "Plan Width": 102, "Plans": [{"Node Type": "Hash Join", "Parent Relationship": "Outer", "Join Type": "Inner", "Startup Cost": 8623.05, "Total Cost": 178673.55, "Plan Rows": 7042, "Plan Width": 38, "Inner Unique": true, "Hash Cond": "(mk.keyword_id = k.id)", "Plans": [{"Node Type": "Nested Loop", "Parent Relationship": "Outer", "Join Type": "Inner", "Startup Cost": 4845.24, "Total Cost": 174800.31, "Plan Rows": 7042, "Plan Width": 42, "Inner Unique": false, "Join Filter": "(t.id = mk.movie_id)", "Plans": [{"Node Type": "Nested Loop", "Parent Relationship": "Outer", "Join Type": "Inner", "Startup Cost": 4844.9, "Total Cost": 170838.61, "Plan Rows": 873, "Plan Width": 54, "Inner Unique": false, "Join Filter": "(t.id = at.movie_id)", "Plans": [{"Node Type": "Nested Loop", "Parent Relationship": "Outer", "Join Type": "Inner", "Startup Cost": 4844.63, "Total Cost": 168759.49, "Plan Rows": 478, "Plan Width": 29, "Inner Unique": true, "Join Filter": "(mc.company_type_id = ct.id)", "Plans": [{"Node Type": "Nested Loop", "Parent Relationship": "Outer", "Join Type": "Inner", "Startup Cost": 4844.63, "Total Cost": 168736.95, "Plan Rows": 478, "Plan Width": 33, "Inner Unique": true, "Plans": [{"Node Type": "Nested Loop", "Parent Relationship": "Outer", "Join Type": "Inner", "Startup Cost": 4844.37, "Total Cost": 166304.0, "Plan Rows": 568, "Plan Width": 37, "Inner Unique": false, "Plans": [{"Node Type": "Nested Loop", "Parent Relationship": "Outer", "Join Type": "Inner", "Startup Cost": 4844.08, "Total Cost": 165151.58, "Plan Rows": 266, "Plan Width": 25, "Inner Unique": true, "Plans": [{"Node Type": "Nested Loop", "Parent Relationship": "Outer", "Join Type": "Inner", "Startup Cost": 4841.51, "Total Cost": 163884.08, "Plan Rows": 192, "Plan Width": 4, "Inner Unique": false, "Plans": [{"Node Type": "Seq Scan", "Parent Relationship": "Outer", "Relation Name": "info_type", "Alias": "it1", "Startup Cost": 0.0, "Total Cost": 2.4, "Plan Rows": 1, "Plan Width": 4, "Filter": "((info)::text = 'release dates'::text)"}, {"Node Type": "Bitmap Heap Scan", "Parent Relationship": "Inner", "Relation Name": "movie_info", "Alias": "mi", "Startup Cost": 4841.51, "Total Cost": 163879.76, "Plan Rows": 192, "Plan Width": 8, "Recheck Cond": "(info_type_id = it1.id)", "Filter": "((note)::text ~~ '%internet%'::text)", "Plans": [{"Node Type": "Bitmap Index Scan", "Parent Relationship": "Outer", "Index Name": "info_type_id_movie_info", "Startup Cost": 0.0, "Total Cost": 4841.46, "Plan Rows": 212428, "Plan Width": 0, "Index Cond": "(info_type_id = it1.id)"}]}]}, {"Node Type": "Bitmap Heap Scan", "Parent Relationship": "Inner", "Relation Name": "title", "Alias": "t", "Startup Cost": 2.58, "Total Cost": 6.59, "Plan Rows": 1, "Plan Width": 21, "Recheck Cond": "(id = mi.movie_id)", "Filter": "(production_year > 1990)", "Plans": [{"Node Type": "Bitmap Index Scan", "Parent Relationship": "Outer", "Index Name": "title_pkey", "Startup Cost": 0.0, "Total Cost": 2.58, "Plan Rows": 1, "Plan Width": 0, "Index Cond": "(id = mi.movie_id)"}]}]}, {"Node Type": "Bitmap Heap Scan", "Parent Relationship": "Inner", "Relation Name": "movie_companies", "Alias": "mc", "Startup Cost": 0.29, "Total Cost": 4.31, "Plan Rows": 2, "Plan Width": 12, "Recheck Cond": "(movie_id = t.id)", "Plans": [{"Node Type": "Bitmap Index Scan", "Parent Relationship": "Outer", "Index Name": "movie_id_movie_companies", "Startup Cost": 0.0, "Total Cost": 0.29, "Plan Rows": 2, "Plan Width": 0, "Index Cond": "(movie_id = t.id)"}]}]}, {"Node Type": "Bitmap Heap Scan", "Parent Relationship": "Inner", "Relation Name": "company_name", "Alias": "cn", "Startup Cost": 0.26, "Total Cost": 4.27, "Plan Rows": 1, "Plan Width": 4, "Recheck Cond": "(id = mc.company_id)", "Filter": "((country_code)::text = '[us]'::text)", "Plans": [{"Node Type": "Bitmap Index Scan", "Parent Relationship": "Outer", "Index Name": "company_name_pkey", "Startup Cost": 0.0, "Total Cost": 0.26, "Plan Rows": 1, "Plan Width": 0, "Index Cond": "(id = mc.company_id)"}]}]}, {"Node Type": "Materialize", "Parent Relationship": "Inner", "Startup Cost": 0.0, "Total Cost": 1.04, "Plan Rows": 3, "Plan Width": 4, "Plans": [{"Node Type": "Seq Scan", "Parent Relationship": "Outer", "Relation Name": "company_type", "Alias": "ct", "Startup Cost": 0.0, "Total Cost": 1.03, "Plan Rows": 3, "Plan Width": 4}]}]}, {"Node Type": "Bitmap Heap Scan", "Parent Relationship": "Inner", "Relation Name": "aka_title", "Alias": "at", "Startup Cost": 0.27, "Total Cost": 4.31, "Plan Rows": 3, "Plan Width": 25, "Recheck Cond": "(movie_id = mc.movie_id)", "Plans": [{"Node Type": "Bitmap Index Scan", "Parent Relationship": "Outer", "Index Name": "movie_id_aka_title", "Startup Cost": 0.0, "Total Cost": 0.27, "Plan Rows": 3, "Plan Width": 0, "Index Cond": "(movie_id = mc.movie_id)"}]}]}, {"Node Type": "Bitmap Heap Scan", "Parent Relationship": "Inner", "Relation Name": "movie_keyword", "Alias": "mk", "Startup Cost": 0.34, "Total Cost": 4.44, "Plan Rows": 8, "Plan Width": 8, "Recheck Cond": "(movie_id = mc.movie_id)", "Plans": [{"Node Type": "Bitmap Index Scan", "Parent Relationship": "Outer", "Index Name": "movie_id_movie_keyword", "Startup Cost": 0.0, "Total Cost": 0.34, "Plan Rows": 8, "Plan Width": 0, "Index Cond": "(movie_id = mc.movie_id)"}]}]}, {"Node Type": "Hash", "Parent Relationship": "Inner", "Startup Cost": 2100.69, "Total Cost": 2100.69, "Plan Rows": 134169, "Plan Width": 4, "Plans": [{"Node Type": "Seq Scan", "Parent Relationship": "Outer", "Relation Name": "keyword", "Alias": "k", "Startup Cost": 0.0, "Total Cost": 2100.69, "Plan Rows": 134169, "Plan Width": 4}]}]}]}, "Unique SQL Id": 2302223328, "Planner Runtime": 172}, "explain_analyze_plan": {"Plan": {"Node Type": "Aggregate", "Strategy": "Plain", "Startup Cost": 178708.76, "Total Cost": 178708.77, "Plan Rows": 1, "Plan Width": 102, "Actual Startup Time": 2209.752, "Actual Total Time": 2209.752, "Actual Rows": 1, "Actual Loops": 1, "Plans": [{"Node Type": "Hash Join", "Parent Relationship": "Outer", "Join Type": "Inner", "Startup Cost": 8623.05, "Total Cost": 178673.55, "Plan Rows": 7042, "Plan Width": 38, "Actual Startup Time": 636.963, "Actual Total Time": 2207.262, "Actual Rows": 4371, "Actual Loops": 1, "Inner Unique": true, "Hash Cond": "(mk.keyword_id = k.id)", "Plans": [{"Node Type": "Nested Loop", "Parent Relationship": "Outer", "Join Type": "Inner", "Startup Cost": 4845.24, "Total Cost": 174800.31, "Plan Rows": 7042, "Plan Width": 42, "Actual Startup Time": 560.758, "Actual Total Time": 2128.463, "Actual Rows": 4371, "Actual Loops": 1, "Inner Unique": false, "Join Filter": "(t.id = mk.movie_id)", "Rows Removed by Join Filter": 0, "Plans": [{"Node Type": "Nested Loop", "Parent Relationship": "Outer", "Join Type": "Inner", "Startup Cost": 4844.9, "Total Cost": 170838.61, "Plan Rows": 873, "Plan Width": 54, "Actual Startup Time": 526.761, "Actual Total Time": 2122.025, "Actual Rows": 382, "Actual Loops": 1, "Inner Unique": false, "Join Filter": "(t.id = at.movie_id)", "Rows Removed by Join Filter": 0, "Plans": [{"Node Type": "Nested Loop", "Parent Relationship": "Outer", "Join Type": "Inner", "Startup Cost": 4844.63, "Total Cost": 168759.49, "Plan Rows": 478, "Plan Width": 29, "Actual Startup Time": 514.754, "Actual Total Time": 2090.787, "Actual Rows": 5914, "Actual Loops": 1, "Inner Unique": true, "Join Filter": "(mc.company_type_id = ct.id)", "Rows Removed by Join Filter": 11829, "Plans": [{"Node Type": "Nested Loop", "Parent Relationship": "Outer", "Join Type": "Inner", "Startup Cost": 4844.63, "Total Cost": 168736.95, "Plan Rows": 478, "Plan Width": 33, "Actual Startup Time": 514.625, "Actual Total Time": 2080.795, "Actual Rows": 9857, "Actual Loops": 1, "Inner Unique": true, "Plans": [{"Node Type": "Nested Loop", "Parent Relationship": "Outer", "Join Type": "Inner", "Startup Cost": 4844.37, "Total Cost": 166304.0, "Plan Rows": 568, "Plan Width": 37, "Actual Startup Time": 514.569, "Actual Total Time": 1971.217, "Actual Rows": 14377, "Actual Loops": 1, "Inner Unique": false, "Plans": [{"Node Type": "Nested Loop", "Parent Relationship": "Outer", "Join Type": "Inner", "Startup Cost": 4844.08, "Total Cost": 165151.58, "Plan Rows": 266, "Plan Width": 25, "Actual Startup Time": 514.529, "Actual Total Time": 1867.599, "Actual Rows": 10662, "Actual Loops": 1, "Inner Unique": true, "Plans": [{"Node Type": "Nested Loop", "Parent Relationship": "Outer", "Join Type": "Inner", "Startup Cost": 4841.51, "Total Cost": 163884.08, "Plan Rows": 192, "Plan Width": 4, "Actual Startup Time": 514.469, "Actual Total Time": 1771.24, "Actual Rows": 10679, "Actual Loops": 1, "Inner Unique": false, "Plans": [{"Node Type": "Seq Scan", "Parent Relationship": "Outer", "Relation Name": "info_type", "Alias": "it1", "Startup Cost": 0.0, "Total Cost": 2.4, "Plan Rows": 1, "Plan Width": 4, "Actual Startup Time": 0.049, "Actual Total Time": 0.082, "Actual Rows": 1, "Actual Loops": 1, "Filter": "((info)::text = 'release dates'::text)", "Rows Removed by Filter": 111}, {"Node Type": "Bitmap Heap Scan", "Parent Relationship": "Inner", "Relation Name": "movie_info", "Alias": "mi", "Startup Cost": 4841.51, "Total Cost": 163879.76, "Plan Rows": 192, "Plan Width": 8, "Actual Startup Time": 514.406, "Actual Total Time": 1768.103, "Actual Rows": 10679, "Actual Loops": 1, "Recheck Cond": "(info_type_id = it1.id)", "Rows Removed by Index Recheck": 0, "Filter": "((note)::text ~~ '%internet%'::text)", "Rows Removed by Filter": 3026040, "Exact Heap Blocks": 21947, "Lossy Heap Blocks": 21947, "Plans": [{"Node Type": "Bitmap Index Scan", "Parent Relationship": "Outer", "Index Name": "info_type_id_movie_info", "Startup Cost": 0.0, "Total Cost": 4841.46, "Plan Rows": 212428, "Plan Width": 0, "Actual Startup Time": 509.035, "Actual Total Time": 509.035, "Actual Rows": 3036719, "Actual Loops": 1, "Index Cond": "(info_type_id = it1.id)"}]}]}, {"Node Type": "Bitmap Heap Scan", "Parent Relationship": "Inner", "Relation Name": "title", "Alias": "t", "Startup Cost": 2.58, "Total Cost": 6.59, "Plan Rows": 1, "Plan Width": 21, "Actual Startup Time": 80.369, "Actual Total Time": 80.369, "Actual Rows": 10662, "Actual Loops": 10679, "Recheck Cond": "(id = mi.movie_id)", "Rows Removed by Index Recheck": 0, "Filter": "(production_year > 1990)", "Rows Removed by Filter": 17, "Exact Heap Blocks": 10679, "Lossy Heap Blocks": 10679, "Plans": [{"Node Type": "Bitmap Index Scan", "Parent Relationship": "Outer", "Index Name": "title_pkey", "Startup Cost": 0.0, "Total Cost": 2.58, "Plan Rows": 1, "Plan Width": 0, "Actual Startup Time": 42.974, "Actual Total Time": 42.974, "Actual Rows": 10679, "Actual Loops": 10679, "Index Cond": "(id = mi.movie_id)"}]}]}, {"Node Type": "Bitmap Heap Scan", "Parent Relationship": "Inner", "Relation Name": "movie_companies", "Alias": "mc", "Startup Cost": 0.29, "Total Cost": 4.31, "Plan Rows": 2, "Plan Width": 12, "Actual Startup Time": 76.104, "Actual Total Time": 86.493, "Actual Rows": 14377, "Actual Loops": 10662, "Recheck Cond": "(movie_id = t.id)", "Rows Removed by Index Recheck": 0, "Exact Heap Blocks": 11694, "Lossy Heap Blocks": 11694, "Plans": [{"Node Type": "Bitmap Index Scan", "Parent Relationship": "Outer", "Index Name": "movie_id_movie_companies", "Startup Cost": 0.0, "Total Cost": 0.29, "Plan Rows": 2, "Plan Width": 0, "Actual Startup Time": 48.176, "Actual Total Time": 48.176, "Actual Rows": 14377, "Actual Loops": 10662, "Index Cond": "(movie_id = t.id)"}]}]}, {"Node Type": "Bitmap Heap Scan", "Parent Relationship": "Inner", "Relation Name": "company_name", "Alias": "cn", "Startup Cost": 0.26, "Total Cost": 4.27, "Plan Rows": 1, "Plan Width": 4, "Actual Startup Time": 90.624, "Actual Total Time": 90.624, "Actual Rows": 9857, "Actual Loops": 14377, "Recheck Cond": "(id = mc.company_id)", "Rows Removed by Index Recheck": 0, "Filter": "((country_code)::text = '[us]'::text)", "Rows Removed by Filter": 4520, "Exact Heap Blocks": 14377, "Lossy Heap Blocks": 14377, "Plans": [{"Node Type": "Bitmap Index Scan", "Parent Relationship": "Outer", "Index Name": "company_name_pkey", "Startup Cost": 0.0, "Total Cost": 0.26, "Plan Rows": 1, "Plan Width": 0, "Actual Startup Time": 48.165, "Actual Total Time": 48.165, "Actual Rows": 14377, "Actual Loops": 14377, "Index Cond": "(id = mc.company_id)"}]}]}, {"Node Type": "Materialize", "Parent Relationship": "Inner", "Startup Cost": 0.0, "Total Cost": 1.04, "Plan Rows": 3, "Plan Width": 4, "Actual Startup Time": 1.521, "Actual Total Time": 2.536, "Actual Rows": 17743, "Actual Loops": 9857, "Plans": [{"Node Type": "Seq Scan", "Parent Relationship": "Outer", "Relation Name": "company_type", "Alias": "ct", "Startup Cost": 0.0, "Total Cost": 1.03, "Plan Rows": 3, "Plan Width": 4, "Actual Startup Time": 0.012, "Actual Total Time": 0.015, "Actual Rows": 3, "Actual Loops": 1}]}]}, {"Node Type": "Bitmap Heap Scan", "Parent Relationship": "Inner", "Relation Name": "aka_title", "Alias": "at", "Startup Cost": 0.27, "Total Cost": 4.31, "Plan Rows": 3, "Plan Width": 25, "Actual Startup Time": 22.848, "Actual Total Time": 23.124, "Actual Rows": 382, "Actual Loops": 5914, "Recheck Cond": "(movie_id = mc.movie_id)", "Rows Removed by Index Recheck": 0, "Exact Heap Blocks": 382, "Lossy Heap Blocks": 382, "Plans": [{"Node Type": "Bitmap Index Scan", "Parent Relationship": "Outer", "Index Name": "movie_id_aka_title", "Startup Cost": 0.0, "Total Cost": 0.27, "Plan Rows": 3, "Plan Width": 0, "Actual Startup Time": 18.634, "Actual Total Time": 18.634, "Actual Rows": 382, "Actual Loops": 5914, "Index Cond": "(movie_id = mc.movie_id)"}]}]}, {"Node Type": "Bitmap Heap Scan", "Parent Relationship": "Inner", "Relation Name": "movie_keyword", "Alias": "mk", "Startup Cost": 0.34, "Total Cost": 4.44, "Plan Rows": 8, "Plan Width": 8, "Actual Startup Time": 3.757, "Actual Total Time": 4.345, "Actual Rows": 4371, "Actual Loops": 382, "Recheck Cond": "(movie_id = mc.movie_id)", "Rows Removed by Index Recheck": 0, "Exact Heap Blocks": 276, "Lossy Heap Blocks": 276, "Plans": [{"Node Type": "Bitmap Index Scan", "Parent Relationship": "Outer", "Index Name": "movie_id_movie_keyword", "Startup Cost": 0.0, "Total Cost": 0.34, "Plan Rows": 8, "Plan Width": 0, "Actual Startup Time": 2.31, "Actual Total Time": 2.31, "Actual Rows": 4371, "Actual Loops": 382, "Index Cond": "(movie_id = mc.movie_id)"}]}]}, {"Node Type": "Hash", "Parent Relationship": "Inner", "Startup Cost": 2100.69, "Total Cost": 2100.69, "Plan Rows": 134169, "Plan Width": 4, "Actual Startup Time": 75.857, "Actual Total Time": 75.857, "Actual Rows": 134169, "Actual Loops": 1, "Hash Buckets": 262144, "Hash Batches": 1, "Original Hash Batches": 1, "Peak Memory Usage": 4717, "Plans": [{"Node Type": "Seq Scan", "Parent Relationship": "Outer", "Relation Name": "keyword", "Alias": "k", "Startup Cost": 0.0, "Total Cost": 2100.69, "Plan Rows": 134169, "Plan Width": 4, "Actual Startup Time": 0.051, "Actual Total Time": 39.463, "Actual Rows": 134169, "Actual Loops": 1}]}]}]}, "Triggers": [], "Planner Runtime": 175, "Total Runtime": 2210.585, "Unique SQL Id": 2302223328}}, "(1, 3)": {"explain_plan": {"Plan": {"Node Type": "Aggregate", "Strategy": "Plain", "Startup Cost": 1000003999861.48, "Total Cost": 1000003999861.49, "Plan Rows": 1, "Plan Width": 102, "Plans": [{"Node Type": "Nested Loop", "Parent Relationship": "Outer", "Join Type": "Inner", "Startup Cost": 10000000002.92, "Total Cost": 1000003999827.29, "Plan Rows": 6838, "Plan Width": 38, "Inner Unique": true, "Join Filter": "(at.movie_id = t.id)", "Plans": [{"Node Type": "Nested Loop", "Parent Relationship": "Outer", "Join Type": "Inner", "Startup Cost": 10000000002.66, "Total Cost": 1000003978634.91, "Plan Rows": 4936, "Plan Width": 37, "Inner Unique": true, "Plans": [{"Node Type": "Nested Loop", "Parent Relationship": "Outer", "Join Type": "Inner", "Startup Cost": 10000000002.4, "Total Cost": 1000003957088.08, "Plan Rows": 5034, "Plan Width": 41, "Inner Unique": false, "Join Filter": "(at.movie_id = mk.movie_id)", "Plans": [{"Node Type": "Nested Loop", "Parent Relationship": "Outer", "Join Type": "Inner", "Startup Cost": 10000000002.06, "Total Cost": 1000003954256.35, "Plan Rows": 624, "Plan Width": 33, "Inner Unique": true, "Plans": [{"Node Type": "Nested Loop", "Parent Relationship": "Outer", "Join Type": "Inner", "Startup Cost": 10000000001.8, "Total Cost": 1000003951585.47, "Plan Rows": 624, "Plan Width": 37, "Inner Unique": true, "Plans": [{"Node Type": "Nested Loop", "Parent Relationship": "Outer", "Join Type": "Inner", "Startup Cost": 10000000001.55, "Total Cost": 1000003947079.38, "Plan Rows": 1052, "Plan Width": 41, "Inner Unique": false, "Plans": [{"Node Type": "Nested Loop", "Parent Relationship": "Outer", "Join Type": "Inner", "Startup Cost": 10000000001.17, "Total Cost": 1000003944915.32, "Plan Rows": 490, "Plan Width": 29, "Inner Unique": true, "Plans": [{"Node Type": "Nested Loop", "Parent Relationship": "Outer", "Join Type": "Inner", "Startup Cost": 10000000000.92, "Total Cost": 1000003797919.45, "Plan Rows": 34318, "Plan Width": 33, "Inner Unique": false, "Plans": [{"Node Type": "Index Scan", "Parent Relationship": "Outer", "Scan Direction": "Forward", "Index Name": "movie_id_aka_title", "Relation Name": "aka_title", "Alias": "at", "Startup Cost": 10000000000.0, "Total Cost": 1000001990001.13, "Plan Rows": 361471, "Plan Width": 25}, {"Node Type": "Bitmap Heap Scan", "Parent Relationship": "Inner", "Relation Name": "movie_info", "Alias": "mi", "Startup Cost": 0.92, "Total Cost": 4.99, "Plan Rows": 1, "Plan Width": 8, "Recheck Cond": "(movie_id = at.movie_id)", "Filter": "((note)::text ~~ '%internet%'::text)", "Plans": [{"Node Type": "Bitmap Index Scan", "Parent Relationship": "Outer", "Index Name": "movie_id_movie_info", "Startup Cost": 0.0, "Total Cost": 0.92, "Plan Rows": 5, "Plan Width": 0, "Index Cond": "(movie_id = at.movie_id)"}]}]}, {"Node Type": "Bitmap Heap Scan", "Parent Relationship": "Inner", "Relation Name": "info_type", "Alias": "it1", "Startup Cost": 0.26, "Total Cost": 4.27, "Plan Rows": 1, "Plan Width": 4, "Recheck Cond": "(id = mi.info_type_id)", "Filter": "((info)::text = 'release dates'::text)", "Plans": [{"Node Type": "Bitmap Index Scan", "Parent Relationship": "Outer", "Index Name": "info_type_pkey", "Startup Cost": 0.0, "Total Cost": 0.26, "Plan Rows": 1, "Plan Width": 0, "Index Cond": "(id = mi.info_type_id)"}]}]}, {"Node Type": "Bitmap Heap Scan", "Parent Relationship": "Inner", "Relation Name": "movie_companies", "Alias": "mc", "Startup Cost": 0.37, "Total Cost": 4.4, "Plan Rows": 2, "Plan Width": 12, "Recheck Cond": "(movie_id = at.movie_id)", "Plans": [{"Node Type": "Bitmap Index Scan", "Parent Relationship": "Outer", "Index Name": "movie_id_movie_companies", "Startup Cost": 0.0, "Total Cost": 0.37, "Plan Rows": 2, "Plan Width": 0, "Index Cond": "(movie_id = at.movie_id)"}]}]}, {"Node Type": "Bitmap Heap Scan", "Parent Relationship": "Inner", "Relation Name": "company_name", "Alias": "cn", "Startup Cost": 0.26, "Total Cost": 4.27, "Plan Rows": 1, "Plan Width": 4, "Recheck Cond": "(id = mc.company_id)", "Filter": "((country_code)::text = '[us]'::text)", "Plans": [{"Node Type": "Bitmap Index Scan", "Parent Relationship": "Outer", "Index Name": "company_name_pkey", "Startup Cost": 0.0, "Total Cost": 0.26, "Plan Rows": 1, "Plan Width": 0, "Index Cond": "(id = mc.company_id)"}]}]}, {"Node Type": "Bitmap Heap Scan", "Parent Relationship": "Inner", "Relation Name": "company_type", "Alias": "ct", "Startup Cost": 0.26, "Total Cost": 4.27, "Plan Rows": 1, "Plan Width": 4, "Recheck Cond": "(id = mc.company_type_id)", "Plans": [{"Node Type": "Bitmap Index Scan", "Parent Relationship": "Outer", "Index Name": "company_type_pkey", "Startup Cost": 0.0, "Total Cost": 0.26, "Plan Rows": 1, "Plan Width": 0, "Index Cond": "(id = mc.company_type_id)"}]}]}, {"Node Type": "Bitmap Heap Scan", "Parent Relationship": "Inner", "Relation Name": "movie_keyword", "Alias": "mk", "Startup Cost": 0.34, "Total Cost": 4.44, "Plan Rows": 8, "Plan Width": 8, "Recheck Cond": "(movie_id = mc.movie_id)", "Plans": [{"Node Type": "Bitmap Index Scan", "Parent Relationship": "Outer", "Index Name": "movie_id_movie_keyword", "Startup Cost": 0.0, "Total Cost": 0.34, "Plan Rows": 8, "Plan Width": 0, "Index Cond": "(movie_id = mc.movie_id)"}]}]}, {"Node Type": "Bitmap Heap Scan", "Parent Relationship": "Inner", "Relation Name": "keyword", "Alias": "k", "Startup Cost": 0.26, "Total Cost": 4.27, "Plan Rows": 1, "Plan Width": 4, "Recheck Cond": "(id = mk.keyword_id)", "Plans": [{"Node Type": "Bitmap Index Scan", "Parent Relationship": "Outer", "Index Name": "keyword_pkey", "Startup Cost": 0.0, "Total Cost": 0.26, "Plan Rows": 1, "Plan Width": 0, "Index Cond": "(id = mk.keyword_id)"}]}]}, {"Node Type": "Bitmap Heap Scan", "Parent Relationship": "Inner", "Relation Name": "title", "Alias": "t", "Startup Cost": 0.27, "Total Cost": 4.28, "Plan Rows": 1, "Plan Width": 21, "Recheck Cond": "(id = mk.movie_id)", "Filter": "(production_year > 1990)", "Plans": [{"Node Type": "Bitmap Index Scan", "Parent Relationship": "Outer", "Index Name": "title_pkey", "Startup Cost": 0.0, "Total Cost": 0.27, "Plan Rows": 1, "Plan Width": 0, "Index Cond": "(id = mk.movie_id)"}]}]}]}, "Unique SQL Id": 2302223328, "Planner Runtime": 46}, "explain_analyze_plan": null}, "(1, 4)": {"explain_plan": {"Plan": {"Node Type": "Aggregate", "Strategy": "Plain", "Startup Cost": 167705.69, "Total Cost": 167705.7, "Plan Rows": 1, "Plan Width": 102, "Plans": [{"Node Type": "Nested Loop", "Parent Relationship": "Outer", "Join Type": "Inner", "Startup Cost": 4841.51, "Total Cost": 167670.48, "Plan Rows": 7042, "Plan Width": 38, "Inner Unique": true, "Plans": [{"Node Type": "Nested Loop", "Parent Relationship": "Outer", "Join Type": "Inner", "Startup Cost": 4841.51, "Total Cost": 165693.92, "Plan Rows": 7042, "Plan Width": 42, "Inner Unique": false, "Join Filter": "(t.id = mk.movie_id)", "Plans": [{"Node Type": "Nested Loop", "Parent Relationship": "Outer", "Join Type": "Inner", "Startup Cost": 4841.51, "Total Cost": 165202.94, "Plan Rows": 873, "Plan Width": 54, "Inner Unique": true, "Join Filter": "(at.movie_id = t.id)", "Plans": [{"Node Type": "Nested Loop", "Parent Relationship": "Outer", "Join Type": "Inner", "Startup Cost": 4841.51, "Total Cost": 164980.86, "Plan Rows": 630, "Plan Width": 33, "Inner Unique": true, "Join Filter": "(mc.company_type_id = ct.id)", "Plans": [{"Node Type": "Nested Loop", "Parent Relationship": "Outer", "Join Type": "Inner", "Startup Cost": 4841.51, "Total Cost": 164951.47, "Plan Rows": 630, "Plan Width": 37, "Inner Unique": true, "Plans": [{"Node Type": "Nested Loop", "Parent Relationship": "Outer", "Join Type": "Inner", "Startup Cost": 4841.51, "Total Cost": 164648.85, "Plan Rows": 1052, "Plan Width": 41, "Inner Unique": false, "Plans": [{"Node Type": "Nested Loop", "Parent Relationship": "Outer", "Join Type": "Inner", "Startup Cost": 4841.51, "Total Cost": 164359.77, "Plan Rows": 490, "Plan Width": 29, "Inner Unique": false, "Plans": [{"Node Type": "Nested Loop", "Parent Relationship": "Outer", "Join Type": "Inner", "Startup Cost": 4841.51, "Total Cost": 163884.08, "Plan Rows": 192, "Plan Width": 4, "Inner Unique": false, "Plans": [{"Node Type": "Seq Scan", "Parent Relationship": "Outer", "Relation Name": "info_type", "Alias": "it1", "Startup Cost": 0.0, "Total Cost": 2.4, "Plan Rows": 1, "Plan Width": 4, "Filter": "((info)::text = 'release dates'::text)"}, {"Node Type": "Bitmap Heap Scan", "Parent Relationship": "Inner", "Relation Name": "movie_info", "Alias": "mi", "Startup Cost": 4841.51, "Total Cost": 163879.76, "Plan Rows": 192, "Plan Width": 8, "Recheck Cond": "(info_type_id = it1.id)", "Filter": "((note)::text ~~ '%internet%'::text)", "Plans": [{"Node Type": "Bitmap Index Scan", "Parent Relationship": "Outer", "Index Name": "info_type_id_movie_info", "Startup Cost": 0.0, "Total Cost": 4841.46, "Plan Rows": 212428, "Plan Width": 0, "Index Cond": "(info_type_id = it1.id)"}]}]}, {"Node Type": "Index Scan", "Parent Relationship": "Inner", "Scan Direction": "Forward", "Index Name": "movie_id_aka_title", "Relation Name": "aka_title", "Alias": "at", "Startup Cost": 0.0, "Total Cost": 2.45, "Plan Rows": 3, "Plan Width": 25, "Index Cond": "(movie_id = mi.movie_id)"}]}, {"Node Type": "Index Scan", "Parent Relationship": "Inner", "Scan Direction": "Forward", "Index Name": "movie_id_movie_companies", "Relation Name": "movie_companies", "Alias": "mc", "Startup Cost": 0.0, "Total Cost": 0.57, "Plan Rows": 2, "Plan Width": 12, "Index Cond": "(movie_id = at.movie_id)"}]}, {"Node Type": "Index Scan", "Parent Relationship": "Inner", "Scan Direction": "Forward", "Index Name": "company_name_pkey", "Relation Name": "company_name", "Alias": "cn", "Startup Cost": 0.0, "Total Cost": 0.28, "Plan Rows": 1, "Plan Width": 4, "Index Cond": "(id = mc.company_id)", "Filter": "((country_code)::text = '[us]'::text)"}]}, {"Node Type": "Materialize", "Parent Relationship": "Inner", "Startup Cost": 0.0, "Total Cost": 1.04, "Plan Rows": 3, "Plan Width": 4, "Plans": [{"Node Type": "Seq Scan", "Parent Relationship": "Outer", "Relation Name": "company_type", "Alias": "ct", "Startup Cost": 0.0, "Total Cost": 1.03, "Plan Rows": 3, "Plan Width": 4}]}]}, {"Node Type": "Index Scan", "Parent Relationship": "Inner", "Scan Direction": "Forward", "Index Name": "title_pkey", "Relation Name": "title", "Alias": "t", "Startup Cost": 0.0, "Total Cost": 0.34, "Plan Rows": 1, "Plan Width": 21, "Index Cond": "(id = mc.movie_id)", "Filter": "(production_year > 1990)"}]}, {"Node Type": "Index Scan", "Parent Relationship": "Inner", "Scan Direction": "Forward", "Index Name": "movie_id_movie_keyword", "Relation Name": "movie_keyword", "Alias": "mk", "Startup Cost": 0.0, "Total Cost": 0.46, "Plan Rows": 8, "Plan Width": 8, "Index Cond": "(movie_id = mc.movie_id)"}]}, {"Node Type": "Index Scan", "Parent Relationship": "Inner", "Scan Direction": "Forward", "Index Name": "keyword_pkey", "Relation Name": "keyword", "Alias": "k", "Startup Cost": 0.0, "Total Cost": 0.27, "Plan Rows": 1, "Plan Width": 4, "Index Cond": "(id = mk.keyword_id)"}]}]}, "Unique SQL Id": 2302223328, "Planner Runtime": 162}, "explain_analyze_plan": {"Plan": {"Node Type": "Aggregate", "Strategy": "Plain", "Startup Cost": 167705.69, "Total Cost": 167705.7, "Plan Rows": 1, "Plan Width": 102, "Actual Startup Time": 1749.012, "Actual Total Time": 1749.012, "Actual Rows": 1, "Actual Loops": 1, "Plans": [{"Node Type": "Nested Loop", "Parent Relationship": "Outer", "Join Type": "Inner", "Startup Cost": 4841.51, "Total Cost": 167670.48, "Plan Rows": 7042, "Plan Width": 38, "Actual Startup Time": 409.471, "Actual Total Time": 1746.131, "Actual Rows": 4371, "Actual Loops": 1, "Inner Unique": true, "Plans": [{"Node Type": "Nested Loop", "Parent Relationship": "Outer", "Join Type": "Inner", "Startup Cost": 4841.51, "Total Cost": 165693.92, "Plan Rows": 7042, "Plan Width": 42, "Actual Startup Time": 409.45, "Actual Total Time": 1725.043, "Actual Rows": 4371, "Actual Loops": 1, "Inner Unique": false, "Join Filter": "(t.id = mk.movie_id)", "Rows Removed by Join Filter": 0, "Plans": [{"Node Type": "Nested Loop", "Parent Relationship": "Outer", "Join Type": "Inner", "Startup Cost": 4841.51, "Total Cost": 165202.94, "Plan Rows": 873, "Plan Width": 54, "Actual Startup Time": 384.975, "Actual Total Time": 1718.21, "Actual Rows": 382, "Actual Loops": 1, "Inner Unique": true, "Join Filter": "(at.movie_id = t.id)", "Rows Removed by Join Filter": 0, "Plans": [{"Node Type": "Nested Loop", "Parent Relationship": "Outer", "Join Type": "Inner", "Startup Cost": 4841.51, "Total Cost": 164980.86, "Plan Rows": 630, "Plan Width": 33, "Actual Startup Time": 384.946, "Actual Total Time": 1714.67, "Actual Rows": 382, "Actual Loops": 1, "Inner Unique": true, "Join Filter": "(mc.company_type_id = ct.id)", "Rows Removed by Join Filter": 1542, "Plans": [{"Node Type": "Nested Loop", "Parent Relationship": "Outer", "Join Type": "Inner", "Startup Cost": 4841.51, "Total Cost": 164951.47, "Plan Rows": 630, "Plan Width": 37, "Actual Startup Time": 380.211, "Actual Total Time": 1713.504, "Actual Rows": 896, "Actual Loops": 1, "Inner Unique": true, "Plans": [{"Node Type": "Nested Loop", "Parent Relationship": "Outer", "Join Type": "Inner", "Startup Cost": 4841.51, "Total Cost": 164648.85, "Plan Rows": 1052, "Plan Width": 41, "Actual Startup Time": 380.187, "Actual Total Time": 1699.442, "Actual Rows": 2130, "Actual Loops": 1, "Inner Unique": false, "Plans": [{"Node Type": "Nested Loop", "Parent Relationship": "Outer", "Join Type": "Inner", "Startup Cost": 4841.51, "Total Cost": 164359.77, "Plan Rows": 490, "Plan Width": 29, "Actual Startup Time": 377.036, "Actual Total Time": 1691.957, "Actual Rows": 591, "Actual Loops": 1, "Inner Unique": false, "Plans": [{"Node Type": "Nested Loop", "Parent Relationship": "Outer", "Join Type": "Inner", "Startup Cost": 4841.51, "Total Cost": 163884.08, "Plan Rows": 192, "Plan Width": 4, "Actual Startup Time": 376.586, "Actual Total Time": 1654.027, "Actual Rows": 10679, "Actual Loops": 1, "Inner Unique": false, "Plans": [{"Node Type": "Seq Scan", "Parent Relationship": "Outer", "Relation Name": "info_type", "Alias": "it1", "Startup Cost": 0.0, "Total Cost": 2.4, "Plan Rows": 1, "Plan Width": 4, "Actual Startup Time": 0.045, "Actual Total Time": 0.131, "Actual Rows": 1, "Actual Loops": 1, "Filter": "((info)::text = 'release dates'::text)", "Rows Removed by Filter": 111}, {"Node Type": "Bitmap Heap Scan", "Parent Relationship": "Inner", "Relation Name": "movie_info", "Alias": "mi", "Startup Cost": 4841.51, "Total Cost": 163879.76, "Plan Rows": 192, "Plan Width": 8, "Actual Startup Time": 376.531, "Actual Total Time": 1651.218, "Actual Rows": 10679, "Actual Loops": 1, "Recheck Cond": "(info_type_id = it1.id)", "Rows Removed by Index Recheck": 0, "Filter": "((note)::text ~~ '%internet%'::text)", "Rows Removed by Filter": 3026040, "Exact Heap Blocks": 21947, "Lossy Heap Blocks": 21947, "Plans": [{"Node Type": "Bitmap Index Scan", "Parent Relationship": "Outer", "Index Name": "info_type_id_movie_info", "Startup Cost": 0.0, "Total Cost": 4841.46, "Plan Rows": 212428, "Plan Width": 0, "Actual Startup Time": 371.573, "Actual Total Time": 371.573, "Actual Rows": 3036719, "Actual Loops": 1, "Index Cond": "(info_type_id = it1.id)"}]}]}, {"Node Type": "Index Scan", "Parent Relationship": "Inner", "Scan Direction": "Forward", "Index Name": "movie_id_aka_title", "Relation Name": "aka_title", "Alias": "at", "Startup Cost": 0.0, "Total Cost": 2.45, "Plan Rows": 3, "Plan Width": 25, "Actual Startup Time": 31.265, "Actual Total Time": 31.938, "Actual Rows": 591, "Actual Loops": 10679, "Index Cond": "(movie_id = mi.movie_id)", "Rows Removed by Index Recheck": 0}]}, {"Node Type": "Index Scan", "Parent Relationship": "Inner", "Scan Direction": "Forward", "Index Name": "movie_id_movie_companies", "Relation Name": "movie_companies", "Alias": "mc", "Startup Cost": 0.0, "Total Cost": 0.57, "Plan Rows": 2, "Plan Width": 12, "Actual Startup Time": 4.607, "Actual Total Time": 6.306, "Actual Rows": 2130, "Actual Loops": 591, "Index Cond": "(movie_id = at.movie_id)", "Rows Removed by Index Recheck": 0}]}, {"Node Type": "Index Scan", "Parent Relationship": "Inner", "Scan Direction": "Forward", "Index Name": "company_name_pkey", "Relation Name": "company_name", "Alias": "cn", "Startup Cost": 0.0, "Total Cost": 0.28, "Plan Rows": 1, "Plan Width": 4, "Actual Startup Time": 12.354, "Actual Total Time": 12.354, "Actual Rows": 896, "Actual Loops": 2130, "Index Cond": "(id = mc.company_id)", "Rows Removed by Index Recheck": 0, "Filter": "((country_code)::text = '[us]'::text)", "Rows Removed by Filter": 1234}]}, {"Node Type": "Materialize", "Parent Relationship": "Inner", "Startup Cost": 0.0, "Total Cost": 1.04, "Plan Rows": 3, "Plan Width": 4, "Actual Startup Time": 0.154, "Actual Total Time": 0.289, "Actual Rows": 1924, "Actual Loops": 896, "Plans": [{"Node Type": "Seq Scan", "Parent Relationship": "Outer", "Relation Name": "company_type", "Alias": "ct", "Startup Cost": 0.0, "Total Cost": 1.03, "Plan Rows": 3, "Plan Width": 4, "Actual Startup Time": 0.014, "Actual Total Time": 0.017, "Actual Rows": 3, "Actual Loops": 1}]}]}, {"Node Type": "Index Scan", "Parent Relationship": "Inner", "Scan Direction": "Forward", "Index Name": "title_pkey", "Relation Name": "title", "Alias": "t", "Startup Cost": 0.0, "Total Cost": 0.34, "Plan Rows": 1, "Plan Width": 21, "Actual Startup Time": 2.764, "Actual Total Time": 2.764, "Actual Rows": 382, "Actual Loops": 382, "Index Cond": "(id = mc.movie_id)", "Rows Removed by Index Recheck": 0, "Filter": "(production_year > 1990)", "Rows Removed by Filter": 0}]}, {"Node Type": "Index Scan", "Parent Relationship": "Inner", "Scan Direction": "Forward", "Index Name": "movie_id_movie_keyword", "Relation Name": "movie_keyword", "Alias": "mk", "Startup Cost": 0.0, "Total Cost": 0.46, "Plan Rows": 8, "Plan Width": 8, "Actual Startup Time": 2.843, "Actual Total Time": 4.692, "Actual Rows": 4371, "Actual Loops": 382, "Index Cond": "(movie_id = mc.movie_id)", "Rows Removed by Index Recheck": 0}]}, {"Node Type": "Index Scan", "Parent Relationship": "Inner", "Scan Direction": "Forward", "Index Name": "keyword_pkey", "Relation Name": "keyword", "Alias": "k", "Startup Cost": 0.0, "Total Cost": 0.27, "Plan Rows": 1, "Plan Width": 4, "Actual Startup Time": 17.755, "Actual Total Time": 17.755, "Actual Rows": 4371, "Actual Loops": 4371, "Index Cond": "(id = mk.keyword_id)", "Rows Removed by Index Recheck": 0}]}]}, "Triggers": [], "Planner Runtime": 162, "Total Runtime": 1749.596, "Unique SQL Id": 2302223328}}, "(1, 5)": {"explain_plan": {"Plan": {"Node Type": "Aggregate", "Strategy": "Plain", "Startup Cost": 167728.77, "Total Cost": 167728.78, "Plan Rows": 1, "Plan Width": 102, "Plans": [{"Node Type": "Nested Loop", "Parent Relationship": "Outer", "Join Type": "Inner", "Startup Cost": 4841.51, "Total Cost": 167693.56, "Plan Rows": 7042, "Plan Width": 38, "Inner Unique": true, "Plans": [{"Node Type": "Nested Loop", "Parent Relationship": "Outer", "Join Type": "Inner", "Startup Cost": 4841.51, "Total Cost": 165716.99, "Plan Rows": 7042, "Plan Width": 42, "Inner Unique": false, "Join Filter": "(t.id = mk.movie_id)", "Plans": [{"Node Type": "Nested Loop", "Parent Relationship": "Outer", "Join Type": "Inner", "Startup Cost": 4841.51, "Total Cost": 165226.02, "Plan Rows": 873, "Plan Width": 54, "Inner Unique": true, "Join Filter": "(at.movie_id = t.id)", "Plans": [{"Node Type": "Nested Loop", "Parent Relationship": "Outer", "Join Type": "Inner", "Startup Cost": 4841.51, "Total Cost": 165003.93, "Plan Rows": 630, "Plan Width": 33, "Inner Unique": true, "Join Filter": "(mc.company_type_id = ct.id)", "Plans": [{"Node Type": "Nested Loop", "Parent Relationship": "Outer", "Join Type": "Inner", "Startup Cost": 4841.51, "Total Cost": 164963.28, "Plan Rows": 630, "Plan Width": 37, "Inner Unique": true, "Plans": [{"Node Type": "Nested Loop", "Parent Relationship": "Outer", "Join Type": "Inner", "Startup Cost": 4841.51, "Total Cost": 164660.66, "Plan Rows": 1052, "Plan Width": 41, "Inner Unique": false, "Plans": [{"Node Type": "Nested Loop", "Parent Relationship": "Outer", "Join Type": "Inner", "Startup Cost": 4841.51, "Total Cost": 164371.58, "Plan Rows": 490, "Plan Width": 29, "Inner Unique": false, "Plans": [{"Node Type": "Nested Loop", "Parent Relationship": "Outer", "Join Type": "Inner", "Startup Cost": 4841.51, "Total Cost": 163895.89, "Plan Rows": 192, "Plan Width": 4, "Inner Unique": false, "Plans": [{"Node Type": "Index Scan", "Parent Relationship": "Outer", "Scan Direction": "Forward", "Index Name": "info_type_pkey", "Relation Name": "info_type", "Alias": "it1", "Startup Cost": 0.0, "Total Cost": 14.21, "Plan Rows": 1, "Plan Width": 4, "Filter": "((info)::text = 'release dates'::text)"}, {"Node Type": "Bitmap Heap Scan", "Parent Relationship": "Inner", "Relation Name": "movie_info", "Alias": "mi", "Startup Cost": 4841.51, "Total Cost": 163879.76, "Plan Rows": 192, "Plan Width": 8, "Recheck Cond": "(info_type_id = it1.id)", "Filter": "((note)::text ~~ '%internet%'::text)", "Plans": [{"Node Type": "Bitmap Index Scan", "Parent Relationship": "Outer", "Index Name": "info_type_id_movie_info", "Startup Cost": 0.0, "Total Cost": 4841.46, "Plan Rows": 212428, "Plan Width": 0, "Index Cond": "(info_type_id = it1.id)"}]}]}, {"Node Type": "Index Scan", "Parent Relationship": "Inner", "Scan Direction": "Forward", "Index Name": "movie_id_aka_title", "Relation Name": "aka_title", "Alias": "at", "Startup Cost": 0.0, "Total Cost": 2.45, "Plan Rows": 3, "Plan Width": 25, "Index Cond": "(movie_id = mi.movie_id)"}]}, {"Node Type": "Index Scan", "Parent Relationship": "Inner", "Scan Direction": "Forward", "Index Name": "movie_id_movie_companies", "Relation Name": "movie_companies", "Alias": "mc", "Startup Cost": 0.0, "Total Cost": 0.57, "Plan Rows": 2, "Plan Width": 12, "Index Cond": "(movie_id = at.movie_id)"}]}, {"Node Type": "Index Scan", "Parent Relationship": "Inner", "Scan Direction": "Forward", "Index Name": "company_name_pkey", "Relation Name": "company_name", "Alias": "cn", "Startup Cost": 0.0, "Total Cost": 0.28, "Plan Rows": 1, "Plan Width": 4, "Index Cond": "(id = mc.company_id)", "Filter": "((country_code)::text = '[us]'::text)"}]}, {"Node Type": "Materialize", "Parent Relationship": "Inner", "Startup Cost": 0.0, "Total Cost": 12.31, "Plan Rows": 3, "Plan Width": 4, "Plans": [{"Node Type": "Index Scan", "Parent Relationship": "Outer", "Scan Direction": "Forward", "Index Name": "company_type_pkey", "Relation Name": "company_type", "Alias": "ct", "Startup Cost": 0.0, "Total Cost": 12.29, "Plan Rows": 3, "Plan Width": 4}]}]}, {"Node Type": "Index Scan", "Parent Relationship": "Inner", "Scan Direction": "Forward", "Index Name": "title_pkey", "Relation Name": "title", "Alias": "t", "Startup Cost": 0.0, "Total Cost": 0.34, "Plan Rows": 1, "Plan Width": 21, "Index Cond": "(id = mc.movie_id)", "Filter": "(production_year > 1990)"}]}, {"Node Type": "Index Scan", "Parent Relationship": "Inner", "Scan Direction": "Forward", "Index Name": "movie_id_movie_keyword", "Relation Name": "movie_keyword", "Alias": "mk", "Startup Cost": 0.0, "Total Cost": 0.46, "Plan Rows": 8, "Plan Width": 8, "Index Cond": "(movie_id = mc.movie_id)"}]}, {"Node Type": "Index Scan", "Parent Relationship": "Inner", "Scan Direction": "Forward", "Index Name": "keyword_pkey", "Relation Name": "keyword", "Alias": "k", "Startup Cost": 0.0, "Total Cost": 0.27, "Plan Rows": 1, "Plan Width": 4, "Index Cond": "(id = mk.keyword_id)"}]}]}, "Unique SQL Id": 2302223328, "Planner Runtime": 144}, "explain_analyze_plan": {"Plan": {"Node Type": "Aggregate", "Strategy": "Plain", "Startup Cost": 167728.77, "Total Cost": 167728.78, "Plan Rows": 1, "Plan Width": 102, "Actual Startup Time": 1594.679, "Actual Total Time": 1594.679, "Actual Rows": 1, "Actual Loops": 1, "Plans": [{"Node Type": "Nested Loop", "Parent Relationship": "Outer", "Join Type": "Inner", "Startup Cost": 4841.51, "Total Cost": 167693.56, "Plan Rows": 7042, "Plan Width": 38, "Actual Startup Time": 409.5, "Actual Total Time": 1591.844, "Actual Rows": 4371, "Actual Loops": 1, "Inner Unique": true, "Plans": [{"Node Type": "Nested Loop", "Parent Relationship": "Outer", "Join Type": "Inner", "Startup Cost": 4841.51, "Total Cost": 165716.99, "Plan Rows": 7042, "Plan Width": 42, "Actual Startup Time": 409.486, "Actual Total Time": 1572.763, "Actual Rows": 4371, "Actual Loops": 1, "Inner Unique": false, "Join Filter": "(t.id = mk.movie_id)", "Rows Removed by Join Filter": 0, "Plans": [{"Node Type": "Nested Loop", "Parent Relationship": "Outer", "Join Type": "Inner", "Startup Cost": 4841.51, "Total Cost": 165226.02, "Plan Rows": 873, "Plan Width": 54, "Actual Startup Time": 384.935, "Actual Total Time": 1566.491, "Actual Rows": 382, "Actual Loops": 1, "Inner Unique": true, "Join Filter": "(at.movie_id = t.id)", "Rows Removed by Join Filter": 0, "Plans": [{"Node Type": "Nested Loop", "Parent Relationship": "Outer", "Join Type": "Inner", "Startup Cost": 4841.51, "Total Cost": 165003.93, "Plan Rows": 630, "Plan Width": 33, "Actual Startup Time": 384.914, "Actual Total Time": 1563.433, "Actual Rows": 382, "Actual Loops": 1, "Inner Unique": true, "Join Filter": "(mc.company_type_id = ct.id)", "Rows Removed by Join Filter": 1542, "Plans": [{"Node Type": "Nested Loop", "Parent Relationship": "Outer", "Join Type": "Inner", "Startup Cost": 4841.51, "Total Cost": 164963.28, "Plan Rows": 630, "Plan Width": 37, "Actual Startup Time": 380.176, "Actual Total Time": 1562.218, "Actual Rows": 896, "Actual Loops": 1, "Inner Unique": true, "Plans": [{"Node Type": "Nested Loop", "Parent Relationship": "Outer", "Join Type": "Inner", "Startup Cost": 4841.51, "Total Cost": 164660.66, "Plan Rows": 1052, "Plan Width": 41, "Actual Startup Time": 380.155, "Actual Total Time": 1549.786, "Actual Rows": 2130, "Actual Loops": 1, "Inner Unique": false, "Plans": [{"Node Type": "Nested Loop", "Parent Relationship": "Outer", "Join Type": "Inner", "Startup Cost": 4841.51, "Total Cost": 164371.58, "Plan Rows": 490, "Plan Width": 29, "Actual Startup Time": 377.022, "Actual Total Time": 1543.389, "Actual Rows": 591, "Actual Loops": 1, "Inner Unique": false, "Plans": [{"Node Type": "Nested Loop", "Parent Relationship": "Outer", "Join Type": "Inner", "Startup Cost": 4841.51, "Total Cost": 163895.89, "Plan Rows": 192, "Plan Width": 4, "Actual Startup Time": 376.577, "Actual Total Time": 1507.926, "Actual Rows": 10679, "Actual Loops": 1, "Inner Unique": false, "Plans": [{"Node Type": "Index Scan", "Parent Relationship": "Outer", "Scan Direction": "Forward", "Index Name": "info_type_pkey", "Relation Name": "info_type", "Alias": "it1", "Startup Cost": 0.0, "Total Cost": 14.21, "Plan Rows": 1, "Plan Width": 4, "Actual Startup Time": 0.047, "Actual Total Time": 0.102, "Actual Rows": 1, "Actual Loops": 1, "Filter": "((info)::text = 'release dates'::text)", "Rows Removed by Filter": 111}, {"Node Type": "Bitmap Heap Scan", "Parent Relationship": "Inner", "Relation Name": "movie_info", "Alias": "mi", "Startup Cost": 4841.51, "Total Cost": 163879.76, "Plan Rows": 192, "Plan Width": 8, "Actual Startup Time": 376.521, "Actual Total Time": 1505.16, "Actual Rows": 10679, "Actual Loops": 1, "Recheck Cond": "(info_type_id = it1.id)", "Rows Removed by Index Recheck": 0, "Filter": "((note)::text ~~ '%internet%'::text)", "Rows Removed by Filter": 3026040, "Exact Heap Blocks": 21947, "Lossy Heap Blocks": 21947, "Plans": [{"Node Type": "Bitmap Index Scan", "Parent Relationship": "Outer", "Index Name": "info_type_id_movie_info", "Startup Cost": 0.0, "Total Cost": 4841.46, "Plan Rows": 212428, "Plan Width": 0, "Actual Startup Time": 371.607, "Actual Total Time": 371.607, "Actual Rows": 3036719, "Actual Loops": 1, "Index Cond": "(info_type_id = it1.id)"}]}]}, {"Node Type": "Index Scan", "Parent Relationship": "Inner", "Scan Direction": "Forward", "Index Name": "movie_id_aka_title", "Relation Name": "aka_title", "Alias": "at", "Startup Cost": 0.0, "Total Cost": 2.45, "Plan Rows": 3, "Plan Width": 25, "Actual Startup Time": 29.062, "Actual Total Time": 29.652, "Actual Rows": 591, "Actual Loops": 10679, "Index Cond": "(movie_id = mi.movie_id)", "Rows Removed by Index Recheck": 0}]}, {"Node Type": "Index Scan", "Parent Relationship": "Inner", "Scan Direction": "Forward", "Index Name": "movie_id_movie_companies", "Relation Name": "movie_companies", "Alias": "mc", "Startup Cost": 0.0, "Total Cost": 0.57, "Plan Rows": 2, "Plan Width": 12, "Actual Startup Time": 3.778, "Actual Total Time": 5.282, "Actual Rows": 2130, "Actual Loops": 591, "Index Cond": "(movie_id = at.movie_id)", "Rows Removed by Index Recheck": 0}]}, {"Node Type": "Index Scan", "Parent Relationship": "Inner", "Scan Direction": "Forward", "Index Name": "company_name_pkey", "Relation Name": "company_name", "Alias": "cn", "Startup Cost": 0.0, "Total Cost": 0.28, "Plan Rows": 1, "Plan Width": 4, "Actual Startup Time": 10.752, "Actual Total Time": 10.752, "Actual Rows": 896, "Actual Loops": 2130, "Index Cond": "(id = mc.company_id)", "Rows Removed by Index Recheck": 0, "Filter": "((country_code)::text = '[us]'::text)", "Rows Removed by Filter": 1234}]}, {"Node Type": "Materialize", "Parent Relationship": "Inner", "Startup Cost": 0.0, "Total Cost": 12.31, "Plan Rows": 3, "Plan Width": 4, "Actual Startup Time": 0.183, "Actual Total Time": 0.314, "Actual Rows": 1924, "Actual Loops": 896, "Plans": [{"Node Type": "Index Scan", "Parent Relationship": "Outer", "Scan Direction": "Forward", "Index Name": "company_type_pkey", "Relation Name": "company_type", "Alias": "ct", "Startup Cost": 0.0, "Total Cost": 12.29, "Plan Rows": 3, "Plan Width": 4, "Actual Startup Time": 0.01, "Actual Total Time": 0.012, "Actual Rows": 3, "Actual Loops": 1}]}]}, {"Node Type": "Index Scan", "Parent Relationship": "Inner", "Scan Direction": "Forward", "Index Name": "title_pkey", "Relation Name": "title", "Alias": "t", "Startup Cost": 0.0, "Total Cost": 0.34, "Plan Rows": 1, "Plan Width": 21, "Actual Startup Time": 2.303, "Actual Total Time": 2.303, "Actual Rows": 382, "Actual Loops": 382, "Index Cond": "(id = mc.movie_id)", "Rows Removed by Index Recheck": 0, "Filter": "(production_year > 1990)", "Rows Removed by Filter": 0}]}, {"Node Type": "Index Scan", "Parent Relationship": "Inner", "Scan Direction": "Forward", "Index Name": "movie_id_movie_keyword", "Relation Name": "movie_keyword", "Alias": "mk", "Startup Cost": 0.0, "Total Cost": 0.46, "Plan Rows": 8, "Plan Width": 8, "Actual Startup Time": 2.367, "Actual Total Time": 4.272, "Actual Rows": 4371, "Actual Loops": 382, "Index Cond": "(movie_id = mc.movie_id)", "Rows Removed by Index Recheck": 0}]}, {"Node Type": "Index Scan", "Parent Relationship": "Inner", "Scan Direction": "Forward", "Index Name": "keyword_pkey", "Relation Name": "keyword", "Alias": "k", "Startup Cost": 0.0, "Total Cost": 0.27, "Plan Rows": 1, "Plan Width": 4, "Actual Startup Time": 15.633, "Actual Total Time": 15.633, "Actual Rows": 4371, "Actual Loops": 4371, "Index Cond": "(id = mk.keyword_id)", "Rows Removed by Index Recheck": 0}]}]}, "Triggers": [], "Planner Runtime": 144, "Total Runtime": 1595.344, "Unique SQL Id": 2302223328}}, "(1, 6)": {"explain_plan": {"Plan": {"Node Type": "Aggregate", "Strategy": "Plain", "Startup Cost": 178708.76, "Total Cost": 178708.77, "Plan Rows": 1, "Plan Width": 102, "Plans": [{"Node Type": "Hash Join", "Parent Relationship": "Outer", "Join Type": "Inner", "Startup Cost": 8623.05, "Total Cost": 178673.55, "Plan Rows": 7042, "Plan Width": 38, "Inner Unique": true, "Hash Cond": "(mk.keyword_id = k.id)", "Plans": [{"Node Type": "Nested Loop", "Parent Relationship": "Outer", "Join Type": "Inner", "Startup Cost": 4845.24, "Total Cost": 174800.31, "Plan Rows": 7042, "Plan Width": 42, "Inner Unique": false, "Join Filter": "(t.id = mk.movie_id)", "Plans": [{"Node Type": "Nested Loop", "Parent Relationship": "Outer", "Join Type": "Inner", "Startup Cost": 4844.9, "Total Cost": 170838.61, "Plan Rows": 873, "Plan Width": 54, "Inner Unique": false, "Join Filter": "(t.id = at.movie_id)", "Plans": [{"Node Type": "Nested Loop", "Parent Relationship": "Outer", "Join Type": "Inner", "Startup Cost": 4844.63, "Total Cost": 168759.49, "Plan Rows": 478, "Plan Width": 29, "Inner Unique": true, "Join Filter": "(mc.company_type_id = ct.id)", "Plans": [{"Node Type": "Nested Loop", "Parent Relationship": "Outer", "Join Type": "Inner", "Startup Cost": 4844.63, "Total Cost": 168736.95, "Plan Rows": 478, "Plan Width": 33, "Inner Unique": true, "Plans": [{"Node Type": "Nested Loop", "Parent Relationship": "Outer", "Join Type": "Inner", "Startup Cost": 4844.37, "Total Cost": 166304.0, "Plan Rows": 568, "Plan Width": 37, "Inner Unique": false, "Plans": [{"Node Type": "Nested Loop", "Parent Relationship": "Outer", "Join Type": "Inner", "Startup Cost": 4844.08, "Total Cost": 165151.58, "Plan Rows": 266, "Plan Width": 25, "Inner Unique": true, "Plans": [{"Node Type": "Nested Loop", "Parent Relationship": "Outer", "Join Type": "Inner", "Startup Cost": 4841.51, "Total Cost": 163884.08, "Plan Rows": 192, "Plan Width": 4, "Inner Unique": false, "Plans": [{"Node Type": "Seq Scan", "Parent Relationship": "Outer", "Relation Name": "info_type", "Alias": "it1", "Startup Cost": 0.0, "Total Cost": 2.4, "Plan Rows": 1, "Plan Width": 4, "Filter": "((info)::text = 'release dates'::text)"}, {"Node Type": "Bitmap Heap Scan", "Parent Relationship": "Inner", "Relation Name": "movie_info", "Alias": "mi", "Startup Cost": 4841.51, "Total Cost": 163879.76, "Plan Rows": 192, "Plan Width": 8, "Recheck Cond": "(info_type_id = it1.id)", "Filter": "((note)::text ~~ '%internet%'::text)", "Plans": [{"Node Type": "Bitmap Index Scan", "Parent Relationship": "Outer", "Index Name": "info_type_id_movie_info", "Startup Cost": 0.0, "Total Cost": 4841.46, "Plan Rows": 212428, "Plan Width": 0, "Index Cond": "(info_type_id = it1.id)"}]}]}, {"Node Type": "Bitmap Heap Scan", "Parent Relationship": "Inner", "Relation Name": "title", "Alias": "t", "Startup Cost": 2.58, "Total Cost": 6.59, "Plan Rows": 1, "Plan Width": 21, "Recheck Cond": "(id = mi.movie_id)", "Filter": "(production_year > 1990)", "Plans": [{"Node Type": "Bitmap Index Scan", "Parent Relationship": "Outer", "Index Name": "title_pkey", "Startup Cost": 0.0, "Total Cost": 2.58, "Plan Rows": 1, "Plan Width": 0, "Index Cond": "(id = mi.movie_id)"}]}]}, {"Node Type": "Bitmap Heap Scan", "Parent Relationship": "Inner", "Relation Name": "movie_companies", "Alias": "mc", "Startup Cost": 0.29, "Total Cost": 4.31, "Plan Rows": 2, "Plan Width": 12, "Recheck Cond": "(movie_id = t.id)", "Plans": [{"Node Type": "Bitmap Index Scan", "Parent Relationship": "Outer", "Index Name": "movie_id_movie_companies", "Startup Cost": 0.0, "Total Cost": 0.29, "Plan Rows": 2, "Plan Width": 0, "Index Cond": "(movie_id = t.id)"}]}]}, {"Node Type": "Bitmap Heap Scan", "Parent Relationship": "Inner", "Relation Name": "company_name", "Alias": "cn", "Startup Cost": 0.26, "Total Cost": 4.27, "Plan Rows": 1, "Plan Width": 4, "Recheck Cond": "(id = mc.company_id)", "Filter": "((country_code)::text = '[us]'::text)", "Plans": [{"Node Type": "Bitmap Index Scan", "Parent Relationship": "Outer", "Index Name": "company_name_pkey", "Startup Cost": 0.0, "Total Cost": 0.26, "Plan Rows": 1, "Plan Width": 0, "Index Cond": "(id = mc.company_id)"}]}]}, {"Node Type": "Materialize", "Parent Relationship": "Inner", "Startup Cost": 0.0, "Total Cost": 1.04, "Plan Rows": 3, "Plan Width": 4, "Plans": [{"Node Type": "Seq Scan", "Parent Relationship": "Outer", "Relation Name": "company_type", "Alias": "ct", "Startup Cost": 0.0, "Total Cost": 1.03, "Plan Rows": 3, "Plan Width": 4}]}]}, {"Node Type": "Bitmap Heap Scan", "Parent Relationship": "Inner", "Relation Name": "aka_title", "Alias": "at", "Startup Cost": 0.27, "Total Cost": 4.31, "Plan Rows": 3, "Plan Width": 25, "Recheck Cond": "(movie_id = mc.movie_id)", "Plans": [{"Node Type": "Bitmap Index Scan", "Parent Relationship": "Outer", "Index Name": "movie_id_aka_title", "Startup Cost": 0.0, "Total Cost": 0.27, "Plan Rows": 3, "Plan Width": 0, "Index Cond": "(movie_id = mc.movie_id)"}]}]}, {"Node Type": "Bitmap Heap Scan", "Parent Relationship": "Inner", "Relation Name": "movie_keyword", "Alias": "mk", "Startup Cost": 0.34, "Total Cost": 4.44, "Plan Rows": 8, "Plan Width": 8, "Recheck Cond": "(movie_id = mc.movie_id)", "Plans": [{"Node Type": "Bitmap Index Scan", "Parent Relationship": "Outer", "Index Name": "movie_id_movie_keyword", "Startup Cost": 0.0, "Total Cost": 0.34, "Plan Rows": 8, "Plan Width": 0, "Index Cond": "(movie_id = mc.movie_id)"}]}]}, {"Node Type": "Hash", "Parent Relationship": "Inner", "Startup Cost": 2100.69, "Total Cost": 2100.69, "Plan Rows": 134169, "Plan Width": 4, "Plans": [{"Node Type": "Seq Scan", "Parent Relationship": "Outer", "Relation Name": "keyword", "Alias": "k", "Startup Cost": 0.0, "Total Cost": 2100.69, "Plan Rows": 134169, "Plan Width": 4}]}]}]}, "Unique SQL Id": 2302223328, "Planner Runtime": 175}, "explain_analyze_plan": {"Plan": {"Node Type": "Aggregate", "Strategy": "Plain", "Startup Cost": 178708.76, "Total Cost": 178708.77, "Plan Rows": 1, "Plan Width": 102, "Actual Startup Time": 2209.752, "Actual Total Time": 2209.752, "Actual Rows": 1, "Actual Loops": 1, "Plans": [{"Node Type": "Hash Join", "Parent Relationship": "Outer", "Join Type": "Inner", "Startup Cost": 8623.05, "Total Cost": 178673.55, "Plan Rows": 7042, "Plan Width": 38, "Actual Startup Time": 636.963, "Actual Total Time": 2207.262, "Actual Rows": 4371, "Actual Loops": 1, "Inner Unique": true, "Hash Cond": "(mk.keyword_id = k.id)", "Plans": [{"Node Type": "Nested Loop", "Parent Relationship": "Outer", "Join Type": "Inner", "Startup Cost": 4845.24, "Total Cost": 174800.31, "Plan Rows": 7042, "Plan Width": 42, "Actual Startup Time": 560.758, "Actual Total Time": 2128.463, "Actual Rows": 4371, "Actual Loops": 1, "Inner Unique": false, "Join Filter": "(t.id = mk.movie_id)", "Rows Removed by Join Filter": 0, "Plans": [{"Node Type": "Nested Loop", "Parent Relationship": "Outer", "Join Type": "Inner", "Startup Cost": 4844.9, "Total Cost": 170838.61, "Plan Rows": 873, "Plan Width": 54, "Actual Startup Time": 526.761, "Actual Total Time": 2122.025, "Actual Rows": 382, "Actual Loops": 1, "Inner Unique": false, "Join Filter": "(t.id = at.movie_id)", "Rows Removed by Join Filter": 0, "Plans": [{"Node Type": "Nested Loop", "Parent Relationship": "Outer", "Join Type": "Inner", "Startup Cost": 4844.63, "Total Cost": 168759.49, "Plan Rows": 478, "Plan Width": 29, "Actual Startup Time": 514.754, "Actual Total Time": 2090.787, "Actual Rows": 5914, "Actual Loops": 1, "Inner Unique": true, "Join Filter": "(mc.company_type_id = ct.id)", "Rows Removed by Join Filter": 11829, "Plans": [{"Node Type": "Nested Loop", "Parent Relationship": "Outer", "Join Type": "Inner", "Startup Cost": 4844.63, "Total Cost": 168736.95, "Plan Rows": 478, "Plan Width": 33, "Actual Startup Time": 514.625, "Actual Total Time": 2080.795, "Actual Rows": 9857, "Actual Loops": 1, "Inner Unique": true, "Plans": [{"Node Type": "Nested Loop", "Parent Relationship": "Outer", "Join Type": "Inner", "Startup Cost": 4844.37, "Total Cost": 166304.0, "Plan Rows": 568, "Plan Width": 37, "Actual Startup Time": 514.569, "Actual Total Time": 1971.217, "Actual Rows": 14377, "Actual Loops": 1, "Inner Unique": false, "Plans": [{"Node Type": "Nested Loop", "Parent Relationship": "Outer", "Join Type": "Inner", "Startup Cost": 4844.08, "Total Cost": 165151.58, "Plan Rows": 266, "Plan Width": 25, "Actual Startup Time": 514.529, "Actual Total Time": 1867.599, "Actual Rows": 10662, "Actual Loops": 1, "Inner Unique": true, "Plans": [{"Node Type": "Nested Loop", "Parent Relationship": "Outer", "Join Type": "Inner", "Startup Cost": 4841.51, "Total Cost": 163884.08, "Plan Rows": 192, "Plan Width": 4, "Actual Startup Time": 514.469, "Actual Total Time": 1771.24, "Actual Rows": 10679, "Actual Loops": 1, "Inner Unique": false, "Plans": [{"Node Type": "Seq Scan", "Parent Relationship": "Outer", "Relation Name": "info_type", "Alias": "it1", "Startup Cost": 0.0, "Total Cost": 2.4, "Plan Rows": 1, "Plan Width": 4, "Actual Startup Time": 0.049, "Actual Total Time": 0.082, "Actual Rows": 1, "Actual Loops": 1, "Filter": "((info)::text = 'release dates'::text)", "Rows Removed by Filter": 111}, {"Node Type": "Bitmap Heap Scan", "Parent Relationship": "Inner", "Relation Name": "movie_info", "Alias": "mi", "Startup Cost": 4841.51, "Total Cost": 163879.76, "Plan Rows": 192, "Plan Width": 8, "Actual Startup Time": 514.406, "Actual Total Time": 1768.103, "Actual Rows": 10679, "Actual Loops": 1, "Recheck Cond": "(info_type_id = it1.id)", "Rows Removed by Index Recheck": 0, "Filter": "((note)::text ~~ '%internet%'::text)", "Rows Removed by Filter": 3026040, "Exact Heap Blocks": 21947, "Lossy Heap Blocks": 21947, "Plans": [{"Node Type": "Bitmap Index Scan", "Parent Relationship": "Outer", "Index Name": "info_type_id_movie_info", "Startup Cost": 0.0, "Total Cost": 4841.46, "Plan Rows": 212428, "Plan Width": 0, "Actual Startup Time": 509.035, "Actual Total Time": 509.035, "Actual Rows": 3036719, "Actual Loops": 1, "Index Cond": "(info_type_id = it1.id)"}]}]}, {"Node Type": "Bitmap Heap Scan", "Parent Relationship": "Inner", "Relation Name": "title", "Alias": "t", "Startup Cost": 2.58, "Total Cost": 6.59, "Plan Rows": 1, "Plan Width": 21, "Actual Startup Time": 80.369, "Actual Total Time": 80.369, "Actual Rows": 10662, "Actual Loops": 10679, "Recheck Cond": "(id = mi.movie_id)", "Rows Removed by Index Recheck": 0, "Filter": "(production_year > 1990)", "Rows Removed by Filter": 17, "Exact Heap Blocks": 10679, "Lossy Heap Blocks": 10679, "Plans": [{"Node Type": "Bitmap Index Scan", "Parent Relationship": "Outer", "Index Name": "title_pkey", "Startup Cost": 0.0, "Total Cost": 2.58, "Plan Rows": 1, "Plan Width": 0, "Actual Startup Time": 42.974, "Actual Total Time": 42.974, "Actual Rows": 10679, "Actual Loops": 10679, "Index Cond": "(id = mi.movie_id)"}]}]}, {"Node Type": "Bitmap Heap Scan", "Parent Relationship": "Inner", "Relation Name": "movie_companies", "Alias": "mc", "Startup Cost": 0.29, "Total Cost": 4.31, "Plan Rows": 2, "Plan Width": 12, "Actual Startup Time": 76.104, "Actual Total Time": 86.493, "Actual Rows": 14377, "Actual Loops": 10662, "Recheck Cond": "(movie_id = t.id)", "Rows Removed by Index Recheck": 0, "Exact Heap Blocks": 11694, "Lossy Heap Blocks": 11694, "Plans": [{"Node Type": "Bitmap Index Scan", "Parent Relationship": "Outer", "Index Name": "movie_id_movie_companies", "Startup Cost": 0.0, "Total Cost": 0.29, "Plan Rows": 2, "Plan Width": 0, "Actual Startup Time": 48.176, "Actual Total Time": 48.176, "Actual Rows": 14377, "Actual Loops": 10662, "Index Cond": "(movie_id = t.id)"}]}]}, {"Node Type": "Bitmap Heap Scan", "Parent Relationship": "Inner", "Relation Name": "company_name", "Alias": "cn", "Startup Cost": 0.26, "Total Cost": 4.27, "Plan Rows": 1, "Plan Width": 4, "Actual Startup Time": 90.624, "Actual Total Time": 90.624, "Actual Rows": 9857, "Actual Loops": 14377, "Recheck Cond": "(id = mc.company_id)", "Rows Removed by Index Recheck": 0, "Filter": "((country_code)::text = '[us]'::text)", "Rows Removed by Filter": 4520, "Exact Heap Blocks": 14377, "Lossy Heap Blocks": 14377, "Plans": [{"Node Type": "Bitmap Index Scan", "Parent Relationship": "Outer", "Index Name": "company_name_pkey", "Startup Cost": 0.0, "Total Cost": 0.26, "Plan Rows": 1, "Plan Width": 0, "Actual Startup Time": 48.165, "Actual Total Time": 48.165, "Actual Rows": 14377, "Actual Loops": 14377, "Index Cond": "(id = mc.company_id)"}]}]}, {"Node Type": "Materialize", "Parent Relationship": "Inner", "Startup Cost": 0.0, "Total Cost": 1.04, "Plan Rows": 3, "Plan Width": 4, "Actual Startup Time": 1.521, "Actual Total Time": 2.536, "Actual Rows": 17743, "Actual Loops": 9857, "Plans": [{"Node Type": "Seq Scan", "Parent Relationship": "Outer", "Relation Name": "company_type", "Alias": "ct", "Startup Cost": 0.0, "Total Cost": 1.03, "Plan Rows": 3, "Plan Width": 4, "Actual Startup Time": 0.012, "Actual Total Time": 0.015, "Actual Rows": 3, "Actual Loops": 1}]}]}, {"Node Type": "Bitmap Heap Scan", "Parent Relationship": "Inner", "Relation Name": "aka_title", "Alias": "at", "Startup Cost": 0.27, "Total Cost": 4.31, "Plan Rows": 3, "Plan Width": 25, "Actual Startup Time": 22.848, "Actual Total Time": 23.124, "Actual Rows": 382, "Actual Loops": 5914, "Recheck Cond": "(movie_id = mc.movie_id)", "Rows Removed by Index Recheck": 0, "Exact Heap Blocks": 382, "Lossy Heap Blocks": 382, "Plans": [{"Node Type": "Bitmap Index Scan", "Parent Relationship": "Outer", "Index Name": "movie_id_aka_title", "Startup Cost": 0.0, "Total Cost": 0.27, "Plan Rows": 3, "Plan Width": 0, "Actual Startup Time": 18.634, "Actual Total Time": 18.634, "Actual Rows": 382, "Actual Loops": 5914, "Index Cond": "(movie_id = mc.movie_id)"}]}]}, {"Node Type": "Bitmap Heap Scan", "Parent Relationship": "Inner", "Relation Name": "movie_keyword", "Alias": "mk", "Startup Cost": 0.34, "Total Cost": 4.44, "Plan Rows": 8, "Plan Width": 8, "Actual Startup Time": 3.757, "Actual Total Time": 4.345, "Actual Rows": 4371, "Actual Loops": 382, "Recheck Cond": "(movie_id = mc.movie_id)", "Rows Removed by Index Recheck": 0, "Exact Heap Blocks": 276, "Lossy Heap Blocks": 276, "Plans": [{"Node Type": "Bitmap Index Scan", "Parent Relationship": "Outer", "Index Name": "movie_id_movie_keyword", "Startup Cost": 0.0, "Total Cost": 0.34, "Plan Rows": 8, "Plan Width": 0, "Actual Startup Time": 2.31, "Actual Total Time": 2.31, "Actual Rows": 4371, "Actual Loops": 382, "Index Cond": "(movie_id = mc.movie_id)"}]}]}, {"Node Type": "Hash", "Parent Relationship": "Inner", "Startup Cost": 2100.69, "Total Cost": 2100.69, "Plan Rows": 134169, "Plan Width": 4, "Actual Startup Time": 75.857, "Actual Total Time": 75.857, "Actual Rows": 134169, "Actual Loops": 1, "Hash Buckets": 262144, "Hash Batches": 1, "Original Hash Batches": 1, "Peak Memory Usage": 4717, "Plans": [{"Node Type": "Seq Scan", "Parent Relationship": "Outer", "Relation Name": "keyword", "Alias": "k", "Startup Cost": 0.0, "Total Cost": 2100.69, "Plan Rows": 134169, "Plan Width": 4, "Actual Startup Time": 0.051, "Actual Total Time": 39.463, "Actual Rows": 134169, "Actual Loops": 1}]}]}]}, "Triggers": [], "Planner Runtime": 175, "Total Runtime": 2210.585, "Unique SQL Id": 2302223328}}, "(1, 7)": {"explain_plan": {"Plan": {"Node Type": "Aggregate", "Strategy": "Plain", "Startup Cost": 1000003999861.48, "Total Cost": 1000003999861.49, "Plan Rows": 1, "Plan Width": 102, "Plans": [{"Node Type": "Nested Loop", "Parent Relationship": "Outer", "Join Type": "Inner", "Startup Cost": 10000000002.92, "Total Cost": 1000003999827.29, "Plan Rows": 6838, "Plan Width": 38, "Inner Unique": true, "Join Filter": "(at.movie_id = t.id)", "Plans": [{"Node Type": "Nested Loop", "Parent Relationship": "Outer", "Join Type": "Inner", "Startup Cost": 10000000002.66, "Total Cost": 1000003978634.91, "Plan Rows": 4936, "Plan Width": 37, "Inner Unique": true, "Plans": [{"Node Type": "Nested Loop", "Parent Relationship": "Outer", "Join Type": "Inner", "Startup Cost": 10000000002.4, "Total Cost": 1000003957088.08, "Plan Rows": 5034, "Plan Width": 41, "Inner Unique": false, "Join Filter": "(at.movie_id = mk.movie_id)", "Plans": [{"Node Type": "Nested Loop", "Parent Relationship": "Outer", "Join Type": "Inner", "Startup Cost": 10000000002.06, "Total Cost": 1000003954256.35, "Plan Rows": 624, "Plan Width": 33, "Inner Unique": true, "Plans": [{"Node Type": "Nested Loop", "Parent Relationship": "Outer", "Join Type": "Inner", "Startup Cost": 10000000001.8, "Total Cost": 1000003951585.47, "Plan Rows": 624, "Plan Width": 37, "Inner Unique": true, "Plans": [{"Node Type": "Nested Loop", "Parent Relationship": "Outer", "Join Type": "Inner", "Startup Cost": 10000000001.55, "Total Cost": 1000003947079.38, "Plan Rows": 1052, "Plan Width": 41, "Inner Unique": false, "Plans": [{"Node Type": "Nested Loop", "Parent Relationship": "Outer", "Join Type": "Inner", "Startup Cost": 10000000001.17, "Total Cost": 1000003944915.32, "Plan Rows": 490, "Plan Width": 29, "Inner Unique": true, "Plans": [{"Node Type": "Nested Loop", "Parent Relationship": "Outer", "Join Type": "Inner", "Startup Cost": 10000000000.92, "Total Cost": 1000003797919.45, "Plan Rows": 34318, "Plan Width": 33, "Inner Unique": false, "Plans": [{"Node Type": "Index Scan", "Parent Relationship": "Outer", "Scan Direction": "Forward", "Index Name": "movie_id_aka_title", "Relation Name": "aka_title", "Alias": "at", "Startup Cost": 10000000000.0, "Total Cost": 1000001990001.13, "Plan Rows": 361471, "Plan Width": 25}, {"Node Type": "Bitmap Heap Scan", "Parent Relationship": "Inner", "Relation Name": "movie_info", "Alias": "mi", "Startup Cost": 0.92, "Total Cost": 4.99, "Plan Rows": 1, "Plan Width": 8, "Recheck Cond": "(movie_id = at.movie_id)", "Filter": "((note)::text ~~ '%internet%'::text)", "Plans": [{"Node Type": "Bitmap Index Scan", "Parent Relationship": "Outer", "Index Name": "movie_id_movie_info", "Startup Cost": 0.0, "Total Cost": 0.92, "Plan Rows": 5, "Plan Width": 0, "Index Cond": "(movie_id = at.movie_id)"}]}]}, {"Node Type": "Bitmap Heap Scan", "Parent Relationship": "Inner", "Relation Name": "info_type", "Alias": "it1", "Startup Cost": 0.26, "Total Cost": 4.27, "Plan Rows": 1, "Plan Width": 4, "Recheck Cond": "(id = mi.info_type_id)", "Filter": "((info)::text = 'release dates'::text)", "Plans": [{"Node Type": "Bitmap Index Scan", "Parent Relationship": "Outer", "Index Name": "info_type_pkey", "Startup Cost": 0.0, "Total Cost": 0.26, "Plan Rows": 1, "Plan Width": 0, "Index Cond": "(id = mi.info_type_id)"}]}]}, {"Node Type": "Bitmap Heap Scan", "Parent Relationship": "Inner", "Relation Name": "movie_companies", "Alias": "mc", "Startup Cost": 0.37, "Total Cost": 4.4, "Plan Rows": 2, "Plan Width": 12, "Recheck Cond": "(movie_id = at.movie_id)", "Plans": [{"Node Type": "Bitmap Index Scan", "Parent Relationship": "Outer", "Index Name": "movie_id_movie_companies", "Startup Cost": 0.0, "Total Cost": 0.37, "Plan Rows": 2, "Plan Width": 0, "Index Cond": "(movie_id = at.movie_id)"}]}]}, {"Node Type": "Bitmap Heap Scan", "Parent Relationship": "Inner", "Relation Name": "company_name", "Alias": "cn", "Startup Cost": 0.26, "Total Cost": 4.27, "Plan Rows": 1, "Plan Width": 4, "Recheck Cond": "(id = mc.company_id)", "Filter": "((country_code)::text = '[us]'::text)", "Plans": [{"Node Type": "Bitmap Index Scan", "Parent Relationship": "Outer", "Index Name": "company_name_pkey", "Startup Cost": 0.0, "Total Cost": 0.26, "Plan Rows": 1, "Plan Width": 0, "Index Cond": "(id = mc.company_id)"}]}]}, {"Node Type": "Bitmap Heap Scan", "Parent Relationship": "Inner", "Relation Name": "company_type", "Alias": "ct", "Startup Cost": 0.26, "Total Cost": 4.27, "Plan Rows": 1, "Plan Width": 4, "Recheck Cond": "(id = mc.company_type_id)", "Plans": [{"Node Type": "Bitmap Index Scan", "Parent Relationship": "Outer", "Index Name": "company_type_pkey", "Startup Cost": 0.0, "Total Cost": 0.26, "Plan Rows": 1, "Plan Width": 0, "Index Cond": "(id = mc.company_type_id)"}]}]}, {"Node Type": "Bitmap Heap Scan", "Parent Relationship": "Inner", "Relation Name": "movie_keyword", "Alias": "mk", "Startup Cost": 0.34, "Total Cost": 4.44, "Plan Rows": 8, "Plan Width": 8, "Recheck Cond": "(movie_id = mc.movie_id)", "Plans": [{"Node Type": "Bitmap Index Scan", "Parent Relationship": "Outer", "Index Name": "movie_id_movie_keyword", "Startup Cost": 0.0, "Total Cost": 0.34, "Plan Rows": 8, "Plan Width": 0, "Index Cond": "(movie_id = mc.movie_id)"}]}]}, {"Node Type": "Bitmap Heap Scan", "Parent Relationship": "Inner", "Relation Name": "keyword", "Alias": "k", "Startup Cost": 0.26, "Total Cost": 4.27, "Plan Rows": 1, "Plan Width": 4, "Recheck Cond": "(id = mk.keyword_id)", "Plans": [{"Node Type": "Bitmap Index Scan", "Parent Relationship": "Outer", "Index Name": "keyword_pkey", "Startup Cost": 0.0, "Total Cost": 0.26, "Plan Rows": 1, "Plan Width": 0, "Index Cond": "(id = mk.keyword_id)"}]}]}, {"Node Type": "Bitmap Heap Scan", "Parent Relationship": "Inner", "Relation Name": "title", "Alias": "t", "Startup Cost": 0.27, "Total Cost": 4.28, "Plan Rows": 1, "Plan Width": 21, "Recheck Cond": "(id = mk.movie_id)", "Filter": "(production_year > 1990)", "Plans": [{"Node Type": "Bitmap Index Scan", "Parent Relationship": "Outer", "Index Name": "title_pkey", "Startup Cost": 0.0, "Total Cost": 0.27, "Plan Rows": 1, "Plan Width": 0, "Index Cond": "(id = mk.movie_id)"}]}]}]}, "Unique SQL Id": 2302223328, "Planner Runtime": 47}, "explain_analyze_plan": null}, "(1, 8)": {"explain_plan": {"Plan": {"Node Type": "Aggregate", "Strategy": "Plain", "Startup Cost": 338149.6, "Total Cost": 338149.61, "Plan Rows": 1, "Plan Width": 102, "Plans": [{"Node Type": "Nested Loop", "Parent Relationship": "Outer", "Join Type": "Inner", "Startup Cost": 0.0, "Total Cost": 338114.39, "Plan Rows": 7042, "Plan Width": 38, "Inner Unique": true, "Plans": [{"Node Type": "Nested Loop", "Parent Relationship": "Outer", "Join Type": "Inner", "Startup Cost": 0.0, "Total Cost": 336142.55, "Plan Rows": 7042, "Plan Width": 42, "Inner Unique": false, "Join Filter": "(t.id = mk.movie_id)", "Plans": [{"Node Type": "Nested Loop", "Parent Relationship": "Outer", "Join Type": "Inner", "Startup Cost": 0.0, "Total Cost": 335651.58, "Plan Rows": 873, "Plan Width": 54, "Inner Unique": true, "Join Filter": "(at.movie_id = t.id)", "Plans": [{"Node Type": "Nested Loop", "Parent Relationship": "Outer", "Join Type": "Inner", "Startup Cost": 0.0, "Total Cost": 335429.49, "Plan Rows": 630, "Plan Width": 33, "Inner Unique": true, "Join Filter": "(mc.company_type_id = ct.id)", "Plans": [{"Node Type": "Nested Loop", "Parent Relationship": "Outer", "Join Type": "Inner", "Startup Cost": 0.0, "Total Cost": 335400.1, "Plan Rows": 630, "Plan Width": 37, "Inner Unique": true, "Plans": [{"Node Type": "Nested Loop", "Parent Relationship": "Outer", "Join Type": "Inner", "Startup Cost": 0.0, "Total Cost": 335097.48, "Plan Rows": 1052, "Plan Width": 41, "Inner Unique": false, "Plans": [{"Node Type": "Nested Loop", "Parent Relationship": "Outer", "Join Type": "Inner", "Startup Cost": 0.0, "Total Cost": 334808.41, "Plan Rows": 490, "Plan Width": 29, "Inner Unique": false, "Plans": [{"Node Type": "Nested Loop", "Parent Relationship": "Outer", "Join Type": "Inner", "Startup Cost": 0.0, "Total Cost": 334332.71, "Plan Rows": 192, "Plan Width": 4, "Inner Unique": false, "Join Filter": "(it1.id = mi.info_type_id)", "Plans": [{"Node Type": "Seq Scan", "Parent Relationship": "Outer", "Relation Name": "info_type", "Alias": "it1", "Startup Cost": 0.0, "Total Cost": 2.4, "Plan Rows": 1, "Plan Width": 4, "Filter": "((info)::text = 'release dates'::text)"}, {"Node Type": "Seq Scan", "Parent Relationship": "Inner", "Relation Name": "movie_info", "Alias": "mi", "Startup Cost": 0.0, "Total Cost": 334162.58, "Plan Rows": 13419, "Plan Width": 8, "Filter": "((note)::text ~~ '%internet%'::text)"}]}, {"Node Type": "Index Scan", "Parent Relationship": "Inner", "Scan Direction": "Forward", "Index Name": "movie_id_aka_title", "Relation Name": "aka_title", "Alias": "at", "Startup Cost": 0.0, "Total Cost": 2.45, "Plan Rows": 3, "Plan Width": 25, "Index Cond": "(movie_id = mi.movie_id)"}]}, {"Node Type": "Index Scan", "Parent Relationship": "Inner", "Scan Direction": "Forward", "Index Name": "movie_id_movie_companies", "Relation Name": "movie_companies", "Alias": "mc", "Startup Cost": 0.0, "Total Cost": 0.57, "Plan Rows": 2, "Plan Width": 12, "Index Cond": "(movie_id = at.movie_id)"}]}, {"Node Type": "Index Scan", "Parent Relationship": "Inner", "Scan Direction": "Forward", "Index Name": "company_name_pkey", "Relation Name": "company_name", "Alias": "cn", "Startup Cost": 0.0, "Total Cost": 0.28, "Plan Rows": 1, "Plan Width": 4, "Index Cond": "(id = mc.company_id)", "Filter": "((country_code)::text = '[us]'::text)"}]}, {"Node Type": "Materialize", "Parent Relationship": "Inner", "Startup Cost": 0.0, "Total Cost": 1.04, "Plan Rows": 3, "Plan Width": 4, "Plans": [{"Node Type": "Seq Scan", "Parent Relationship": "Outer", "Relation Name": "company_type", "Alias": "ct", "Startup Cost": 0.0, "Total Cost": 1.03, "Plan Rows": 3, "Plan Width": 4}]}]}, {"Node Type": "Index Scan", "Parent Relationship": "Inner", "Scan Direction": "Forward", "Index Name": "title_pkey", "Relation Name": "title", "Alias": "t", "Startup Cost": 0.0, "Total Cost": 0.34, "Plan Rows": 1, "Plan Width": 21, "Index Cond": "(id = mc.movie_id)", "Filter": "(production_year > 1990)"}]}, {"Node Type": "Index Scan", "Parent Relationship": "Inner", "Scan Direction": "Forward", "Index Name": "movie_id_movie_keyword", "Relation Name": "movie_keyword", "Alias": "mk", "Startup Cost": 0.0, "Total Cost": 0.46, "Plan Rows": 8, "Plan Width": 8, "Index Cond": "(movie_id = mc.movie_id)"}]}, {"Node Type": "Index Only Scan", "Parent Relationship": "Inner", "Scan Direction": "Forward", "Index Name": "keyword_pkey", "Relation Name": "keyword", "Alias": "k", "Startup Cost": 0.0, "Total Cost": 0.27, "Plan Rows": 1, "Plan Width": 4, "Index Cond": "(id = mk.keyword_id)"}]}]}, "Unique SQL Id": 2302223328, "Planner Runtime": 161}, "explain_analyze_plan": null}, "(1, 9)": {"explain_plan": {"Plan": {"Node Type": "Aggregate", "Strategy": "Plain", "Startup Cost": 499523.79, "Total Cost": 499523.8, "Plan Rows": 1, "Plan Width": 102, "Plans": [{"Node Type": "Nested Loop", "Parent Relationship": "Outer", "Join Type": "Inner", "Startup Cost": 0.0, "Total Cost": 499488.58, "Plan Rows": 7042, "Plan Width": 38, "Inner Unique": true, "Plans": [{"Node Type": "Nested Loop", "Parent Relationship": "Outer", "Join Type": "Inner", "Startup Cost": 0.0, "Total Cost": 497516.75, "Plan Rows": 7042, "Plan Width": 42, "Inner Unique": false, "Join Filter": "(t.id = mk.movie_id)", "Plans": [{"Node Type": "Nested Loop", "Parent Relationship": "Outer", "Join Type": "Inner", "Startup Cost": 0.0, "Total Cost": 497025.77, "Plan Rows": 873, "Plan Width": 54, "Inner Unique": true, "Join Filter": "(at.movie_id = t.id)", "Plans": [{"Node Type": "Nested Loop", "Parent Relationship": "Outer", "Join Type": "Inner", "Startup Cost": 0.0, "Total Cost": 496803.69, "Plan Rows": 630, "Plan Width": 33, "Inner Unique": true, "Join Filter": "(mc.company_type_id = ct.id)", "Plans": [{"Node Type": "Nested Loop", "Parent Relationship": "Outer", "Join Type": "Inner", "Startup Cost": 0.0, "Total Cost": 496767.04, "Plan Rows": 630, "Plan Width": 37, "Inner Unique": true, "Plans": [{"Node Type": "Nested Loop", "Parent Relationship": "Outer", "Join Type": "Inner", "Startup Cost": 0.0, "Total Cost": 496464.42, "Plan Rows": 1052, "Plan Width": 41, "Inner Unique": false, "Plans": [{"Node Type": "Nested Loop", "Parent Relationship": "Outer", "Join Type": "Inner", "Startup Cost": 0.0, "Total Cost": 496175.34, "Plan Rows": 490, "Plan Width": 29, "Inner Unique": false, "Plans": [{"Node Type": "Nested Loop", "Parent Relationship": "Outer", "Join Type": "Inner", "Startup Cost": 0.0, "Total Cost": 495699.65, "Plan Rows": 192, "Plan Width": 4, "Inner Unique": false, "Plans": [{"Node Type": "Index Scan", "Parent Relationship": "Outer", "Scan Direction": "Forward", "Index Name": "info_type_pkey", "Relation Name": "info_type", "Alias": "it1", "Startup Cost": 0.0, "Total Cost": 14.21, "Plan Rows": 1, "Plan Width": 4, "Filter": "((info)::text = 'release dates'::text)"}, {"Node Type": "Index Scan", "Parent Relationship": "Inner", "Scan Direction": "Forward", "Index Name": "info_type_id_movie_info", "Relation Name": "movie_info", "Alias": "mi", "Startup Cost": 0.0, "Total Cost": 495683.52, "Plan Rows": 192, "Plan Width": 8, "Index Cond": "(info_type_id = it1.id)", "Filter": "((note)::text ~~ '%internet%'::text)"}]}, {"Node Type": "Index Scan", "Parent Relationship": "Inner", "Scan Direction": "Forward", "Index Name": "movie_id_aka_title", "Relation Name": "aka_title", "Alias": "at", "Startup Cost": 0.0, "Total Cost": 2.45, "Plan Rows": 3, "Plan Width": 25, "Index Cond": "(movie_id = mi.movie_id)"}]}, {"Node Type": "Index Scan", "Parent Relationship": "Inner", "Scan Direction": "Forward", "Index Name": "movie_id_movie_companies", "Relation Name": "movie_companies", "Alias": "mc", "Startup Cost": 0.0, "Total Cost": 0.57, "Plan Rows": 2, "Plan Width": 12, "Index Cond": "(movie_id = at.movie_id)"}]}, {"Node Type": "Index Scan", "Parent Relationship": "Inner", "Scan Direction": "Forward", "Index Name": "company_name_pkey", "Relation Name": "company_name", "Alias": "cn", "Startup Cost": 0.0, "Total Cost": 0.28, "Plan Rows": 1, "Plan Width": 4, "Index Cond": "(id = mc.company_id)", "Filter": "((country_code)::text = '[us]'::text)"}]}, {"Node Type": "Materialize", "Parent Relationship": "Inner", "Startup Cost": 0.0, "Total Cost": 8.31, "Plan Rows": 3, "Plan Width": 4, "Plans": [{"Node Type": "Index Only Scan", "Parent Relationship": "Outer", "Scan Direction": "Forward", "Index Name": "company_type_pkey", "Relation Name": "company_type", "Alias": "ct", "Startup Cost": 0.0, "Total Cost": 8.29, "Plan Rows": 3, "Plan Width": 4}]}]}, {"Node Type": "Index Scan", "Parent Relationship": "Inner", "Scan Direction": "Forward", "Index Name": "title_pkey", "Relation Name": "title", "Alias": "t", "Startup Cost": 0.0, "Total Cost": 0.34, "Plan Rows": 1, "Plan Width": 21, "Index Cond": "(id = mc.movie_id)", "Filter": "(production_year > 1990)"}]}, {"Node Type": "Index Scan", "Parent Relationship": "Inner", "Scan Direction": "Forward", "Index Name": "movie_id_movie_keyword", "Relation Name": "movie_keyword", "Alias": "mk", "Startup Cost": 0.0, "Total Cost": 0.46, "Plan Rows": 8, "Plan Width": 8, "Index Cond": "(movie_id = mc.movie_id)"}]}, {"Node Type": "Index Only Scan", "Parent Relationship": "Inner", "Scan Direction": "Forward", "Index Name": "keyword_pkey", "Relation Name": "keyword", "Alias": "k", "Startup Cost": 0.0, "Total Cost": 0.27, "Plan Rows": 1, "Plan Width": 4, "Index Cond": "(id = mk.keyword_id)"}]}]}, "Unique SQL Id": 2302223328, "Planner Runtime": 147}, "explain_analyze_plan": {"Plan": {"Node Type": "Aggregate", "Strategy": "Plain", "Startup Cost": 499523.79, "Total Cost": 499523.8, "Plan Rows": 1, "Plan Width": 102, "Actual Startup Time": 1840.284, "Actual Total Time": 1840.284, "Actual Rows": 1, "Actual Loops": 1, "Plans": [{"Node Type": "Nested Loop", "Parent Relationship": "Outer", "Join Type": "Inner", "Startup Cost": 0.0, "Total Cost": 499488.58, "Plan Rows": 7042, "Plan Width": 38, "Actual Startup Time": 49.565, "Actual Total Time": 1837.413, "Actual Rows": 4371, "Actual Loops": 1, "Inner Unique": true, "Plans": [{"Node Type": "Nested Loop", "Parent Relationship": "Outer", "Join Type": "Inner", "Startup Cost": 0.0, "Total Cost": 497516.75, "Plan Rows": 7042, "Plan Width": 42, "Actual Startup Time": 49.552, "Actual Total Time": 1821.284, "Actual Rows": 4371, "Actual Loops": 1, "Inner Unique": false, "Join Filter": "(t.id = mk.movie_id)", "Rows Removed by Join Filter": 0, "Plans": [{"Node Type": "Nested Loop", "Parent Relationship": "Outer", "Join Type": "Inner", "Startup Cost": 0.0, "Total Cost": 497025.77, "Plan Rows": 873, "Plan Width": 54, "Actual Startup Time": 12.491, "Actual Total Time": 1814.426, "Actual Rows": 382, "Actual Loops": 1, "Inner Unique": true, "Join Filter": "(at.movie_id = t.id)", "Rows Removed by Join Filter": 0, "Plans": [{"Node Type": "Nested Loop", "Parent Relationship": "Outer", "Join Type": "Inner", "Startup Cost": 0.0, "Total Cost": 496803.69, "Plan Rows": 630, "Plan Width": 33, "Actual Startup Time": 12.471, "Actual Total Time": 1811.058, "Actual Rows": 382, "Actual Loops": 1, "Inner Unique": true, "Join Filter": "(mc.company_type_id = ct.id)", "Rows Removed by Join Filter": 1542, "Plans": [{"Node Type": "Nested Loop", "Parent Relationship": "Outer", "Join Type": "Inner", "Startup Cost": 0.0, "Total Cost": 496767.04, "Plan Rows": 630, "Plan Width": 37, "Actual Startup Time": 5.44, "Actual Total Time": 1809.914, "Actual Rows": 896, "Actual Loops": 1, "Inner Unique": true, "Plans": [{"Node Type": "Nested Loop", "Parent Relationship": "Outer", "Join Type": "Inner", "Startup Cost": 0.0, "Total Cost": 496464.42, "Plan Rows": 1052, "Plan Width": 41, "Actual Startup Time": 5.421, "Actual Total Time": 1795.852, "Actual Rows": 2130, "Actual Loops": 1, "Inner Unique": false, "Plans": [{"Node Type": "Nested Loop", "Parent Relationship": "Outer", "Join Type": "Inner", "Startup Cost": 0.0, "Total Cost": 496175.34, "Plan Rows": 490, "Plan Width": 29, "Actual Startup Time": 0.705, "Actual Total Time": 1788.666, "Actual Rows": 591, "Actual Loops": 1, "Inner Unique": false, "Plans": [{"Node Type": "Nested Loop", "Parent Relationship": "Outer", "Join Type": "Inner", "Startup Cost": 0.0, "Total Cost": 495699.65, "Plan Rows": 192, "Plan Width": 4, "Actual Startup Time": 0.098, "Actual Total Time": 1751.682, "Actual Rows": 10679, "Actual Loops": 1, "Inner Unique": false, "Plans": [{"Node Type": "Index Scan", "Parent Relationship": "Outer", "Scan Direction": "Forward", "Index Name": "info_type_pkey", "Relation Name": "info_type", "Alias": "it1", "Startup Cost": 0.0, "Total Cost": 14.21, "Plan Rows": 1, "Plan Width": 4, "Actual Startup Time": 0.063, "Actual Total Time": 0.121, "Actual Rows": 1, "Actual Loops": 1, "Filter": "((info)::text = 'release dates'::text)", "Rows Removed by Filter": 111}, {"Node Type": "Index Scan", "Parent Relationship": "Inner", "Scan Direction": "Forward", "Index Name": "info_type_id_movie_info", "Relation Name": "movie_info", "Alias": "mi", "Startup Cost": 0.0, "Total Cost": 495683.52, "Plan Rows": 192, "Plan Width": 8, "Actual Startup Time": 0.029, "Actual Total Time": 1748.844, "Actual Rows": 10679, "Actual Loops": 1, "Index Cond": "(info_type_id = it1.id)", "Rows Removed by Index Recheck": 0, "Filter": "((note)::text ~~ '%internet%'::text)", "Rows Removed by Filter": 3026040}]}, {"Node Type": "Index Scan", "Parent Relationship": "Inner", "Scan Direction": "Forward", "Index Name": "movie_id_aka_title", "Relation Name": "aka_title", "Alias": "at", "Startup Cost": 0.0, "Total Cost": 2.45, "Plan Rows": 3, "Plan Width": 25, "Actual Startup Time": 30.175, "Actual Total Time": 30.841, "Actual Rows": 591, "Actual Loops": 10679, "Index Cond": "(movie_id = mi.movie_id)", "Rows Removed by Index Recheck": 0}]}, {"Node Type": "Index Scan", "Parent Relationship": "Inner", "Scan Direction": "Forward", "Index Name": "movie_id_movie_companies", "Relation Name": "movie_companies", "Alias": "mc", "Startup Cost": 0.0, "Total Cost": 0.57, "Plan Rows": 2, "Plan Width": 12, "Actual Startup Time": 4.356, "Actual Total Time": 5.989, "Actual Rows": 2130, "Actual Loops": 591, "Index Cond": "(movie_id = at.movie_id)", "Rows Removed by Index Recheck": 0}]}, {"Node Type": "Index Scan", "Parent Relationship": "Inner", "Scan Direction": "Forward", "Index Name": "company_name_pkey", "Relation Name": "company_name", "Alias": "cn", "Startup Cost": 0.0, "Total Cost": 0.28, "Plan Rows": 1, "Plan Width": 4, "Actual Startup Time": 12.326, "Actual Total Time": 12.326, "Actual Rows": 896, "Actual Loops": 2130, "Index Cond": "(id = mc.company_id)", "Rows Removed by Index Recheck": 0, "Filter": "((country_code)::text = '[us]'::text)", "Rows Removed by Filter": 1234}]}, {"Node Type": "Materialize", "Parent Relationship": "Inner", "Startup Cost": 0.0, "Total Cost": 8.31, "Plan Rows": 3, "Plan Width": 4, "Actual Startup Time": 0.159, "Actual Total Time": 0.32, "Actual Rows": 1924, "Actual Loops": 896, "Plans": [{"Node Type": "Index Only Scan", "Parent Relationship": "Outer", "Scan Direction": "Forward", "Index Name": "company_type_pkey", "Relation Name": "company_type", "Alias": "ct", "Startup Cost": 0.0, "Total Cost": 8.29, "Plan Rows": 3, "Plan Width": 4, "Actual Startup Time": 0.005, "Actual Total Time": 0.006, "Actual Rows": 3, "Actual Loops": 1, "Heap Fetches": 0}]}]}, {"Node Type": "Index Scan", "Parent Relationship": "Inner", "Scan Direction": "Forward", "Index Name": "title_pkey", "Relation Name": "title", "Alias": "t", "Startup Cost": 0.0, "Total Cost": 0.34, "Plan Rows": 1, "Plan Width": 21, "Actual Startup Time": 2.596, "Actual Total Time": 2.596, "Actual Rows": 382, "Actual Loops": 382, "Index Cond": "(id = mc.movie_id)", "Rows Removed by Index Recheck": 0, "Filter": "(production_year > 1990)", "Rows Removed by Filter": 0}]}, {"Node Type": "Index Scan", "Parent Relationship": "Inner", "Scan Direction": "Forward", "Index Name": "movie_id_movie_keyword", "Relation Name": "movie_keyword", "Alias": "mk", "Startup Cost": 0.0, "Total Cost": 0.46, "Plan Rows": 8, "Plan Width": 8, "Actual Startup Time": 2.691, "Actual Total Time": 4.831, "Actual Rows": 4371, "Actual Loops": 382, "Index Cond": "(movie_id = mc.movie_id)", "Rows Removed by Index Recheck": 0}]}, {"Node Type": "Index Only Scan", "Parent Relationship": "Inner", "Scan Direction": "Forward", "Index Name": "keyword_pkey", "Relation Name": "keyword", "Alias": "k", "Startup Cost": 0.0, "Total Cost": 0.27, "Plan Rows": 1, "Plan Width": 4, "Actual Startup Time": 12.998, "Actual Total Time": 12.998, "Actual Rows": 4371, "Actual Loops": 4371, "Index Cond": "(id = mk.keyword_id)", "Rows Removed by Index Recheck": 0, "Heap Fetches": 0}]}]}, "Triggers": [], "Planner Runtime": 147, "Total Runtime": 1840.873, "Unique SQL Id": 2302223328}}, "(1, 10)": {"explain_plan": {"Plan": {"Node Type": "Aggregate", "Strategy": "Plain", "Startup Cost": 563702.59, "Total Cost": 563702.6, "Plan Rows": 1, "Plan Width": 102, "Plans": [{"Node Type": "Hash Join", "Parent Relationship": "Outer", "Join Type": "Inner", "Startup Cost": 484134.63, "Total Cost": 563667.38, "Plan Rows": 7042, "Plan Width": 38, "Inner Unique": true, "Hash Cond": "(mk.keyword_id = k.id)", "Plans": [{"Node Type": "Hash Join", "Parent Relationship": "Outer", "Join Type": "Inner", "Startup Cost": 480356.83, "Total Cost": 559794.14, "Plan Rows": 7042, "Plan Width": 42, "Inner Unique": false, "Hash Cond": "(mk.movie_id = t.id)", "Plans": [{"Node Type": "Seq Scan", "Parent Relationship": "Outer", "Relation Name": "movie_keyword", "Alias": "mk", "Startup Cost": 0.0, "Total Cost": 62441.29, "Plan Rows": 4523929, "Plan Width": 8}, {"Node Type": "Hash", "Parent Relationship": "Inner", "Startup Cost": 480345.92, "Total Cost": 480345.92, "Plan Rows": 873, "Plan Width": 54, "Plans": [{"Node Type": "Hash Join", "Parent Relationship": "Outer", "Join Type": "Inner", "Startup Cost": 407377.15, "Total Cost": 480345.92, "Plan Rows": 873, "Plan Width": 54, "Inner Unique": true, "Hash Cond": "(mc.company_type_id = ct.id)", "Plans": [{"Node Type": "Hash Join", "Parent Relationship": "Outer", "Join Type": "Inner", "Startup Cost": 407376.08, "Total Cost": 480332.85, "Plan Rows": 873, "Plan Width": 58, "Inner Unique": false, "Hash Cond": "(t.id = at.movie_id)", "Plans": [{"Node Type": "Seq Scan", "Parent Relationship": "Outer", "Relation Name": "title", "Alias": "t", "Startup Cost": 0.0, "Total Cost": 66389.89, "Plan Rows": 1748840, "Plan Width": 21, "Filter": "(production_year > 1990), (LLVM Optimized)"}, {"Node Type": "Hash", "Parent Relationship": "Inner", "Startup Cost": 407368.2, "Total Cost": 407368.2, "Plan Rows": 630, "Plan Width": 37, "Plans": [{"Node Type": "Hash Join", "Parent Relationship": "Outer", "Join Type": "Inner", "Startup Cost": 355739.8, "Total Cost": 407368.2, "Plan Rows": 630, "Plan Width": 37, "Inner Unique": true, "Hash Cond": "(mc.company_id = cn.id)", "Plans": [{"Node Type": "Hash Join", "Parent Relationship": "Outer", "Join Type": "Inner", "Startup Cost": 348771.72, "Total Cost": 400383.64, "Plan Rows": 1052, "Plan Width": 41, "Inner Unique": false, "Hash Cond": "(mc.movie_id = at.movie_id)", "Plans": [{"Node Type": "Seq Scan", "Parent Relationship": "Outer", "Relation Name": "movie_companies", "Alias": "mc", "Startup Cost": 0.0, "Total Cost": 41817.28, "Plan Rows": 2609128, "Plan Width": 12}, {"Node Type": "Hash", "Parent Relationship": "Inner", "Startup Cost": 348765.6, "Total Cost": 348765.6, "Plan Rows": 490, "Plan Width": 29, "Plans": [{"Node Type": "Hash Join", "Parent Relationship": "Outer", "Join Type": "Inner", "Startup Cost": 14413.1, "Total Cost": 348765.6, "Plan Rows": 490, "Plan Width": 29, "Inner Unique": false, "Hash Cond": "(mi.movie_id = at.movie_id)", "Plans": [{"Node Type": "Nested Loop", "Parent Relationship": "Outer", "Join Type": "Inner", "Startup Cost": 0.0, "Total Cost": 334332.71, "Plan Rows": 192, "Plan Width": 4, "Inner Unique": false, "Join Filter": "(it1.id = mi.info_type_id)", "Plans": [{"Node Type": "Seq Scan", "Parent Relationship": "Outer", "Relation Name": "info_type", "Alias": "it1", "Startup Cost": 0.0, "Total Cost": 2.4, "Plan Rows": 1, "Plan Width": 4, "Filter": "((info)::text = 'release dates'::text)"}, {"Node Type": "Seq Scan", "Parent Relationship": "Inner", "Relation Name": "movie_info", "Alias": "mi", "Startup Cost": 0.0, "Total Cost": 334162.58, "Plan Rows": 13419, "Plan Width": 8, "Filter": "((note)::text ~~ '%internet%'::text)"}]}, {"Node Type": "Hash", "Parent Relationship": "Inner", "Startup Cost": 9894.71, "Total Cost": 9894.71, "Plan Rows": 361471, "Plan Width": 25, "Plans": [{"Node Type": "Seq Scan", "Parent Relationship": "Outer", "Relation Name": "aka_title", "Alias": "at", "Startup Cost": 0.0, "Total Cost": 9894.71, "Plan Rows": 361471, "Plan Width": 25}]}]}]}]}, {"Node Type": "Hash", "Parent Relationship": "Inner", "Startup Cost": 5903.45, "Total Cost": 5903.45, "Plan Rows": 85170, "Plan Width": 4, "Plans": [{"Node Type": "Seq Scan", "Parent Relationship": "Outer", "Relation Name": "company_name", "Alias": "cn", "Startup Cost": 0.0, "Total Cost": 5903.45, "Plan Rows": 85170, "Plan Width": 4, "Filter": "((country_code)::text = '[us]'::text)"}]}]}]}]}, {"Node Type": "Hash", "Parent Relationship": "Inner", "Startup Cost": 1.03, "Total Cost": 1.03, "Plan Rows": 3, "Plan Width": 4, "Plans": [{"Node Type": "Seq Scan", "Parent Relationship": "Outer", "Relation Name": "company_type", "Alias": "ct", "Startup Cost": 0.0, "Total Cost": 1.03, "Plan Rows": 3, "Plan Width": 4}]}]}]}]}, {"Node Type": "Hash", "Parent Relationship": "Inner", "Startup Cost": 2100.69, "Total Cost": 2100.69, "Plan Rows": 134169, "Plan Width": 4, "Plans": [{"Node Type": "Seq Scan", "Parent Relationship": "Outer", "Relation Name": "keyword", "Alias": "k", "Startup Cost": 0.0, "Total Cost": 2100.69, "Plan Rows": 134169, "Plan Width": 4}]}]}]}, "Unique SQL Id": 2302223328, "Planner Runtime": 222}, "explain_analyze_plan": null}, "(1, 11)": {"explain_plan": {"Plan": {"Node Type": "Aggregate", "Strategy": "Plain", "Startup Cost": 8989907587903.4, "Total Cost": 8989907587903.41, "Plan Rows": 1, "Plan Width": 102, "Plans": [{"Node Type": "Nested Loop", "Parent Relationship": "Outer", "Join Type": "Inner", "Startup Cost": 90000000000.0, "Total Cost": 8989907587868.88, "Plan Rows": 6905, "Plan Width": 38, "Inner Unique": false, "Join Filter": "(t.id = at.movie_id)", "Plans": [{"Node Type": "Nested Loop", "Parent Relationship": "Outer", "Join Type": "Inner", "Startup Cost": 80000000000.0, "Total Cost": 7989884591884.26, "Plan Rows": 3874, "Plan Width": 33, "Inner Unique": true, "Join Filter": "(mk.keyword_id = k.id)", "Plans": [{"Node Type": "Nested Loop", "Parent Relationship": "Outer", "Join Type": "Inner", "Startup Cost": 70000000000.0, "Total Cost": 6989876588909.75, "Plan Rows": 3874, "Plan Width": 37, "Inner Unique": true, "Join Filter": "(mc.company_id = cn.id)", "Plans": [{"Node Type": "Merge Join", "Parent Relationship": "Outer", "Join Type": "Inner", "Startup Cost": 60000000000.0, "Total Cost": 5989869656717.65, "Plan Rows": 4604, "Plan Width": 41, "Inner Unique": false, "Merge Cond": "(t.id = mk.movie_id)", "Plans": [{"Node Type": "Nested Loop", "Parent Relationship": "Outer", "Join Type": "Inner", "Startup Cost": 50000000000.0, "Total Cost": 4998566609910.17, "Plan Rows": 568, "Plan Width": 33, "Inner Unique": true, "Join Filter": "(mc.company_type_id = ct.id)", "Plans": [{"Node Type": "Nested Loop", "Parent Relationship": "Outer", "Join Type": "Inner", "Startup Cost": 40000000000.0, "Total Cost": 3998566609055.11, "Plan Rows": 568, "Plan Width": 37, "Inner Unique": true, "Join Filter": "(mi.info_type_id = it1.id)", "Plans": [{"Node Type": "Merge Join", "Parent Relationship": "Outer", "Join Type": "Inner", "Startup Cost": 30000000000.0, "Total Cost": 2998566607038.02, "Plan Rows": 39739, "Plan Width": 41, "Inner Unique": false, "Merge Cond": "(t.id = mc.movie_id)", "Plans": [{"Node Type": "Nested Loop", "Parent Relationship": "Outer", "Join Type": "Inner", "Startup Cost": 20000000000.0, "Total Cost": 2000471060864.73, "Plan Rows": 18591, "Plan Width": 29, "Inner Unique": false, "Join Filter": "(mi.movie_id = t.id)", "Plans": [{"Node Type": "Index Scan", "Parent Relationship": "Outer", "Scan Direction": "Forward", "Index Name": "title_pkey", "Relation Name": "title", "Alias": "t", "Startup Cost": 10000000000.0, "Total Cost": 1000011644126.66, "Plan Rows": 1748840, "Plan Width": 21, "Filter": "(production_year > 1990), (LLVM Optimized)"}, {"Node Type": "Materialize", "Parent Relationship": "Inner", "Startup Cost": 10000000000.0, "Total Cost": 1000107401512.21, "Plan Rows": 13419, "Plan Width": 8, "Plans": [{"Node Type": "Index Scan", "Parent Relationship": "Outer", "Scan Direction": "Forward", "Index Name": "info_type_id_movie_info", "Relation Name": "movie_info", "Alias": "mi", "Startup Cost": 10000000000.0, "Total Cost": 1000107401445.12, "Plan Rows": 13419, "Plan Width": 8, "Filter": "((note)::text ~~ '%internet%'::text)"}]}]}, {"Node Type": "Index Scan", "Parent Relationship": "Inner", "Scan Direction": "Forward", "Index Name": "movie_id_movie_companies", "Relation Name": "movie_companies", "Alias": "mc", "Startup Cost": 10000000000.0, "Total Cost": 1000013051946.13, "Plan Rows": 2609128, "Plan Width": 12}]}, {"Node Type": "Materialize", "Parent Relationship": "Inner", "Startup Cost": 10000000000.0, "Total Cost": 1000000001421.0, "Plan Rows": 1, "Plan Width": 4, "Plans": [{"Node Type": "Index Scan", "Parent Relationship": "Outer", "Scan Direction": "Forward", "Index Name": "info_type_pkey", "Relation Name": "info_type", "Alias": "it1", "Startup Cost": 10000000000.0, "Total Cost": 1000000001421.0, "Plan Rows": 1, "Plan Width": 4, "Filter": "((info)::text = 'release dates'::text)"}]}]}, {"Node Type": "Materialize", "Parent Relationship": "Inner", "Startup Cost": 10000000000.0, "Total Cost": 1000000000829.52, "Plan Rows": 3, "Plan Width": 4, "Plans": [{"Node Type": "Index Only Scan", "Parent Relationship": "Outer", "Scan Direction": "Forward", "Index Name": "company_type_pkey", "Relation Name": "company_type", "Alias": "ct", "Startup Cost": 10000000000.0, "Total Cost": 1000000000829.5, "Plan Rows": 3, "Plan Width": 4}]}]}, {"Node Type": "Index Scan", "Parent Relationship": "Inner", "Scan Direction": "Forward", "Index Name": "movie_id_movie_keyword", "Relation Name": "movie_keyword", "Alias": "mk", "Startup Cost": 10000000000.0, "Total Cost": 1000015300634.17, "Plan Rows": 4523929, "Plan Width": 8}]}, {"Node Type": "Materialize", "Parent Relationship": "Inner", "Startup Cost": 10000000000.0, "Total Cost": 1000001050564.82, "Plan Rows": 85170, "Plan Width": 4, "Plans": [{"Node Type": "Index Scan", "Parent Relationship": "Outer", "Scan Direction": "Forward", "Index Name": "company_name_pkey", "Relation Name": "company_name", "Alias": "cn", "Startup Cost": 10000000000.0, "Total Cost": 1000001050138.97, "Plan Rows": 85170, "Plan Width": 4, "Filter": "((country_code)::text = '[us]'::text)"}]}]}, {"Node Type": "Materialize", "Parent Relationship": "Inner", "Startup Cost": 10000000000.0, "Total Cost": 1000000206749.34, "Plan Rows": 134169, "Plan Width": 4, "Plans": [{"Node Type": "Index Only Scan", "Parent Relationship": "Outer", "Scan Direction": "Forward", "Index Name": "keyword_pkey", "Relation Name": "keyword", "Alias": "k", "Startup Cost": 10000000000.0, "Total Cost": 1000000206078.5, "Plan Rows": 134169, "Plan Width": 4}]}]}, {"Node Type": "Materialize", "Parent Relationship": "Inner", "Startup Cost": 10000000000.0, "Total Cost": 1000001991808.49, "Plan Rows": 361471, "Plan Width": 25, "Plans": [{"Node Type": "Index Scan", "Parent Relationship": "Outer", "Scan Direction": "Forward", "Index Name": "movie_id_aka_title", "Relation Name": "aka_title", "Alias": "at", "Startup Cost": 10000000000.0, "Total Cost": 1000001990001.13, "Plan Rows": 361471, "Plan Width": 25}]}]}]}, "Unique SQL Id": 2302223328, "Planner Runtime": 285}, "explain_analyze_plan": null}, "(1, 12)": {"explain_plan": {"Plan": {"Node Type": "Aggregate", "Strategy": "Plain", "Startup Cost": 338154.32, "Total Cost": 338154.33, "Plan Rows": 1, "Plan Width": 102, "Plans": [{"Node Type": "Nested Loop", "Parent Relationship": "Outer", "Join Type": "Inner", "Startup Cost": 0.0, "Total Cost": 338119.11, "Plan Rows": 7042, "Plan Width": 38, "Inner Unique": true, "Plans": [{"Node Type": "Nested Loop", "Parent Relationship": "Outer", "Join Type": "Inner", "Startup Cost": 0.0, "Total Cost": 336142.55, "Plan Rows": 7042, "Plan Width": 42, "Inner Unique": false, "Join Filter": "(t.id = mk.movie_id)", "Plans": [{"Node Type": "Nested Loop", "Parent Relationship": "Outer", "Join Type": "Inner", "Startup Cost": 0.0, "Total Cost": 335651.58, "Plan Rows": 873, "Plan Width": 54, "Inner Unique": true, "Join Filter": "(at.movie_id = t.id)", "Plans": [{"Node Type": "Nested Loop", "Parent Relationship": "Outer", "Join Type": "Inner", "Startup Cost": 0.0, "Total Cost": 335429.49, "Plan Rows": 630, "Plan Width": 33, "Inner Unique": true, "Join Filter": "(mc.company_type_id = ct.id)", "Plans": [{"Node Type": "Nested Loop", "Parent Relationship": "Outer", "Join Type": "Inner", "Startup Cost": 0.0, "Total Cost": 335400.1, "Plan Rows": 630, "Plan Width": 37, "Inner Unique": true, "Plans": [{"Node Type": "Nested Loop", "Parent Relationship": "Outer", "Join Type": "Inner", "Startup Cost": 0.0, "Total Cost": 335097.48, "Plan Rows": 1052, "Plan Width": 41, "Inner Unique": false, "Plans": [{"Node Type": "Nested Loop", "Parent Relationship": "Outer", "Join Type": "Inner", "Startup Cost": 0.0, "Total Cost": 334808.41, "Plan Rows": 490, "Plan Width": 29, "Inner Unique": false, "Plans": [{"Node Type": "Nested Loop", "Parent Relationship": "Outer", "Join Type": "Inner", "Startup Cost": 0.0, "Total Cost": 334332.71, "Plan Rows": 192, "Plan Width": 4, "Inner Unique": false, "Join Filter": "(it1.id = mi.info_type_id)", "Plans": [{"Node Type": "Seq Scan", "Parent Relationship": "Outer", "Relation Name": "info_type", "Alias": "it1", "Startup Cost": 0.0, "Total Cost": 2.4, "Plan Rows": 1, "Plan Width": 4, "Filter": "((info)::text = 'release dates'::text)"}, {"Node Type": "Seq Scan", "Parent Relationship": "Inner", "Relation Name": "movie_info", "Alias": "mi", "Startup Cost": 0.0, "Total Cost": 334162.58, "Plan Rows": 13419, "Plan Width": 8, "Filter": "((note)::text ~~ '%internet%'::text)"}]}, {"Node Type": "Index Scan", "Parent Relationship": "Inner", "Scan Direction": "Forward", "Index Name": "movie_id_aka_title", "Relation Name": "aka_title", "Alias": "at", "Startup Cost": 0.0, "Total Cost": 2.45, "Plan Rows": 3, "Plan Width": 25, "Index Cond": "(movie_id = mi.movie_id)"}]}, {"Node Type": "Index Scan", "Parent Relationship": "Inner", "Scan Direction": "Forward", "Index Name": "movie_id_movie_companies", "Relation Name": "movie_companies", "Alias": "mc", "Startup Cost": 0.0, "Total Cost": 0.57, "Plan Rows": 2, "Plan Width": 12, "Index Cond": "(movie_id = at.movie_id)"}]}, {"Node Type": "Index Scan", "Parent Relationship": "Inner", "Scan Direction": "Forward", "Index Name": "company_name_pkey", "Relation Name": "company_name", "Alias": "cn", "Startup Cost": 0.0, "Total Cost": 0.28, "Plan Rows": 1, "Plan Width": 4, "Index Cond": "(id = mc.company_id)", "Filter": "((country_code)::text = '[us]'::text)"}]}, {"Node Type": "Materialize", "Parent Relationship": "Inner", "Startup Cost": 0.0, "Total Cost": 1.04, "Plan Rows": 3, "Plan Width": 4, "Plans": [{"Node Type": "Seq Scan", "Parent Relationship": "Outer", "Relation Name": "company_type", "Alias": "ct", "Startup Cost": 0.0, "Total Cost": 1.03, "Plan Rows": 3, "Plan Width": 4}]}]}, {"Node Type": "Index Scan", "Parent Relationship": "Inner", "Scan Direction": "Forward", "Index Name": "title_pkey", "Relation Name": "title", "Alias": "t", "Startup Cost": 0.0, "Total Cost": 0.34, "Plan Rows": 1, "Plan Width": 21, "Index Cond": "(id = mc.movie_id)", "Filter": "(production_year > 1990)"}]}, {"Node Type": "Index Scan", "Parent Relationship": "Inner", "Scan Direction": "Forward", "Index Name": "movie_id_movie_keyword", "Relation Name": "movie_keyword", "Alias": "mk", "Startup Cost": 0.0, "Total Cost": 0.46, "Plan Rows": 8, "Plan Width": 8, "Index Cond": "(movie_id = mc.movie_id)"}]}, {"Node Type": "Index Scan", "Parent Relationship": "Inner", "Scan Direction": "Forward", "Index Name": "keyword_pkey", "Relation Name": "keyword", "Alias": "k", "Startup Cost": 0.0, "Total Cost": 0.27, "Plan Rows": 1, "Plan Width": 4, "Index Cond": "(id = mk.keyword_id)"}]}]}, "Unique SQL Id": 2302223328, "Planner Runtime": 163}, "explain_analyze_plan": null}, "(1, 13)": {"explain_plan": {"Plan": {"Node Type": "Aggregate", "Strategy": "Plain", "Startup Cost": 499532.52, "Total Cost": 499532.53, "Plan Rows": 1, "Plan Width": 102, "Plans": [{"Node Type": "Nested Loop", "Parent Relationship": "Outer", "Join Type": "Inner", "Startup Cost": 0.0, "Total Cost": 499497.31, "Plan Rows": 7042, "Plan Width": 38, "Inner Unique": true, "Plans": [{"Node Type": "Nested Loop", "Parent Relationship": "Outer", "Join Type": "Inner", "Startup Cost": 0.0, "Total Cost": 497520.75, "Plan Rows": 7042, "Plan Width": 42, "Inner Unique": false, "Join Filter": "(t.id = mk.movie_id)", "Plans": [{"Node Type": "Nested Loop", "Parent Relationship": "Outer", "Join Type": "Inner", "Startup Cost": 0.0, "Total Cost": 497029.77, "Plan Rows": 873, "Plan Width": 54, "Inner Unique": true, "Join Filter": "(at.movie_id = t.id)", "Plans": [{"Node Type": "Nested Loop", "Parent Relationship": "Outer", "Join Type": "Inner", "Startup Cost": 0.0, "Total Cost": 496807.69, "Plan Rows": 630, "Plan Width": 33, "Inner Unique": true, "Join Filter": "(mc.company_type_id = ct.id)", "Plans": [{"Node Type": "Nested Loop", "Parent Relationship": "Outer", "Join Type": "Inner", "Startup Cost": 0.0, "Total Cost": 496767.04, "Plan Rows": 630, "Plan Width": 37, "Inner Unique": true, "Plans": [{"Node Type": "Nested Loop", "Parent Relationship": "Outer", "Join Type": "Inner", "Startup Cost": 0.0, "Total Cost": 496464.42, "Plan Rows": 1052, "Plan Width": 41, "Inner Unique": false, "Plans": [{"Node Type": "Nested Loop", "Parent Relationship": "Outer", "Join Type": "Inner", "Startup Cost": 0.0, "Total Cost": 496175.34, "Plan Rows": 490, "Plan Width": 29, "Inner Unique": false, "Plans": [{"Node Type": "Nested Loop", "Parent Relationship": "Outer", "Join Type": "Inner", "Startup Cost": 0.0, "Total Cost": 495699.65, "Plan Rows": 192, "Plan Width": 4, "Inner Unique": false, "Plans": [{"Node Type": "Index Scan", "Parent Relationship": "Outer", "Scan Direction": "Forward", "Index Name": "info_type_pkey", "Relation Name": "info_type", "Alias": "it1", "Startup Cost": 0.0, "Total Cost": 14.21, "Plan Rows": 1, "Plan Width": 4, "Filter": "((info)::text = 'release dates'::text)"}, {"Node Type": "Index Scan", "Parent Relationship": "Inner", "Scan Direction": "Forward", "Index Name": "info_type_id_movie_info", "Relation Name": "movie_info", "Alias": "mi", "Startup Cost": 0.0, "Total Cost": 495683.52, "Plan Rows": 192, "Plan Width": 8, "Index Cond": "(info_type_id = it1.id)", "Filter": "((note)::text ~~ '%internet%'::text)"}]}, {"Node Type": "Index Scan", "Parent Relationship": "Inner", "Scan Direction": "Forward", "Index Name": "movie_id_aka_title", "Relation Name": "aka_title", "Alias": "at", "Startup Cost": 0.0, "Total Cost": 2.45, "Plan Rows": 3, "Plan Width": 25, "Index Cond": "(movie_id = mi.movie_id)"}]}, {"Node Type": "Index Scan", "Parent Relationship": "Inner", "Scan Direction": "Forward", "Index Name": "movie_id_movie_companies", "Relation Name": "movie_companies", "Alias": "mc", "Startup Cost": 0.0, "Total Cost": 0.57, "Plan Rows": 2, "Plan Width": 12, "Index Cond": "(movie_id = at.movie_id)"}]}, {"Node Type": "Index Scan", "Parent Relationship": "Inner", "Scan Direction": "Forward", "Index Name": "company_name_pkey", "Relation Name": "company_name", "Alias": "cn", "Startup Cost": 0.0, "Total Cost": 0.28, "Plan Rows": 1, "Plan Width": 4, "Index Cond": "(id = mc.company_id)", "Filter": "((country_code)::text = '[us]'::text)"}]}, {"Node Type": "Materialize", "Parent Relationship": "Inner", "Startup Cost": 0.0, "Total Cost": 12.31, "Plan Rows": 3, "Plan Width": 4, "Plans": [{"Node Type": "Index Scan", "Parent Relationship": "Outer", "Scan Direction": "Forward", "Index Name": "company_type_pkey", "Relation Name": "company_type", "Alias": "ct", "Startup Cost": 0.0, "Total Cost": 12.29, "Plan Rows": 3, "Plan Width": 4}]}]}, {"Node Type": "Index Scan", "Parent Relationship": "Inner", "Scan Direction": "Forward", "Index Name": "title_pkey", "Relation Name": "title", "Alias": "t", "Startup Cost": 0.0, "Total Cost": 0.34, "Plan Rows": 1, "Plan Width": 21, "Index Cond": "(id = mc.movie_id)", "Filter": "(production_year > 1990)"}]}, {"Node Type": "Index Scan", "Parent Relationship": "Inner", "Scan Direction": "Forward", "Index Name": "movie_id_movie_keyword", "Relation Name": "movie_keyword", "Alias": "mk", "Startup Cost": 0.0, "Total Cost": 0.46, "Plan Rows": 8, "Plan Width": 8, "Index Cond": "(movie_id = mc.movie_id)"}]}, {"Node Type": "Index Scan", "Parent Relationship": "Inner", "Scan Direction": "Forward", "Index Name": "keyword_pkey", "Relation Name": "keyword", "Alias": "k", "Startup Cost": 0.0, "Total Cost": 0.27, "Plan Rows": 1, "Plan Width": 4, "Index Cond": "(id = mk.keyword_id)"}]}]}, "Unique SQL Id": 2302223328, "Planner Runtime": 145}, "explain_analyze_plan": {"Plan": {"Node Type": "Aggregate", "Strategy": "Plain", "Startup Cost": 499532.52, "Total Cost": 499532.53, "Plan Rows": 1, "Plan Width": 102, "Actual Startup Time": 1642.23, "Actual Total Time": 1642.23, "Actual Rows": 1, "Actual Loops": 1, "Plans": [{"Node Type": "Nested Loop", "Parent Relationship": "Outer", "Join Type": "Inner", "Startup Cost": 0.0, "Total Cost": 499497.31, "Plan Rows": 7042, "Plan Width": 38, "Actual Startup Time": 49.175, "Actual Total Time": 1639.243, "Actual Rows": 4371, "Actual Loops": 1, "Inner Unique": true, "Plans": [{"Node Type": "Nested Loop", "Parent Relationship": "Outer", "Join Type": "Inner", "Startup Cost": 0.0, "Total Cost": 497520.75, "Plan Rows": 7042, "Plan Width": 42, "Actual Startup Time": 49.163, "Actual Total Time": 1621.056, "Actual Rows": 4371, "Actual Loops": 1, "Inner Unique": false, "Join Filter": "(t.id = mk.movie_id)", "Rows Removed by Join Filter": 0, "Plans": [{"Node Type": "Nested Loop", "Parent Relationship": "Outer", "Join Type": "Inner", "Startup Cost": 0.0, "Total Cost": 497029.77, "Plan Rows": 873, "Plan Width": 54, "Actual Startup Time": 12.406, "Actual Total Time": 1615.023, "Actual Rows": 382, "Actual Loops": 1, "Inner Unique": true, "Join Filter": "(at.movie_id = t.id)", "Rows Removed by Join Filter": 0, "Plans": [{"Node Type": "Nested Loop", "Parent Relationship": "Outer", "Join Type": "Inner", "Startup Cost": 0.0, "Total Cost": 496807.69, "Plan Rows": 630, "Plan Width": 33, "Actual Startup Time": 12.389, "Actual Total Time": 1612.139, "Actual Rows": 382, "Actual Loops": 1, "Inner Unique": true, "Join Filter": "(mc.company_type_id = ct.id)", "Rows Removed by Join Filter": 1542, "Plans": [{"Node Type": "Nested Loop", "Parent Relationship": "Outer", "Join Type": "Inner", "Startup Cost": 0.0, "Total Cost": 496767.04, "Plan Rows": 630, "Plan Width": 37, "Actual Startup Time": 5.389, "Actual Total Time": 1610.903, "Actual Rows": 896, "Actual Loops": 1, "Inner Unique": true, "Plans": [{"Node Type": "Nested Loop", "Parent Relationship": "Outer", "Join Type": "Inner", "Startup Cost": 0.0, "Total Cost": 496464.42, "Plan Rows": 1052, "Plan Width": 41, "Actual Startup Time": 5.371, "Actual Total Time": 1599.257, "Actual Rows": 2130, "Actual Loops": 1, "Inner Unique": false, "Plans": [{"Node Type": "Nested Loop", "Parent Relationship": "Outer", "Join Type": "Inner", "Startup Cost": 0.0, "Total Cost": 496175.34, "Plan Rows": 490, "Plan Width": 29, "Actual Startup Time": 0.663, "Actual Total Time": 1593.518, "Actual Rows": 591, "Actual Loops": 1, "Inner Unique": false, "Plans": [{"Node Type": "Nested Loop", "Parent Relationship": "Outer", "Join Type": "Inner", "Startup Cost": 0.0, "Total Cost": 495699.65, "Plan Rows": 192, "Plan Width": 4, "Actual Startup Time": 0.066, "Actual Total Time": 1560.531, "Actual Rows": 10679, "Actual Loops": 1, "Inner Unique": false, "Plans": [{"Node Type": "Index Scan", "Parent Relationship": "Outer", "Scan Direction": "Forward", "Index Name": "info_type_pkey", "Relation Name": "info_type", "Alias": "it1", "Startup Cost": 0.0, "Total Cost": 14.21, "Plan Rows": 1, "Plan Width": 4, "Actual Startup Time": 0.04, "Actual Total Time": 0.094, "Actual Rows": 1, "Actual Loops": 1, "Filter": "((info)::text = 'release dates'::text)", "Rows Removed by Filter": 111}, {"Node Type": "Index Scan", "Parent Relationship": "Inner", "Scan Direction": "Forward", "Index Name": "info_type_id_movie_info", "Relation Name": "movie_info", "Alias": "mi", "Startup Cost": 0.0, "Total Cost": 495683.52, "Plan Rows": 192, "Plan Width": 8, "Actual Startup Time": 0.021, "Actual Total Time": 1557.842, "Actual Rows": 10679, "Actual Loops": 1, "Index Cond": "(info_type_id = it1.id)", "Rows Removed by Index Recheck": 0, "Filter": "((note)::text ~~ '%internet%'::text)", "Rows Removed by Filter": 3026040}]}, {"Node Type": "Index Scan", "Parent Relationship": "Inner", "Scan Direction": "Forward", "Index Name": "movie_id_aka_title", "Relation Name": "aka_title", "Alias": "at", "Startup Cost": 0.0, "Total Cost": 2.45, "Plan Rows": 3, "Plan Width": 25, "Actual Startup Time": 26.399, "Actual Total Time": 26.919, "Actual Rows": 591, "Actual Loops": 10679, "Index Cond": "(movie_id = mi.movie_id)", "Rows Removed by Index Recheck": 0}]}, {"Node Type": "Index Scan", "Parent Relationship": "Inner", "Scan Direction": "Forward", "Index Name": "movie_id_movie_companies", "Relation Name": "movie_companies", "Alias": "mc", "Startup Cost": 0.0, "Total Cost": 0.57, "Plan Rows": 2, "Plan Width": 12, "Actual Startup Time": 3.203, "Actual Total Time": 4.596, "Actual Rows": 2130, "Actual Loops": 591, "Index Cond": "(movie_id = at.movie_id)", "Rows Removed by Index Recheck": 0}]}, {"Node Type": "Index Scan", "Parent Relationship": "Inner", "Scan Direction": "Forward", "Index Name": "company_name_pkey", "Relation Name": "company_name", "Alias": "cn", "Startup Cost": 0.0, "Total Cost": 0.28, "Plan Rows": 1, "Plan Width": 4, "Actual Startup Time": 9.951, "Actual Total Time": 9.951, "Actual Rows": 896, "Actual Loops": 2130, "Index Cond": "(id = mc.company_id)", "Rows Removed by Index Recheck": 0, "Filter": "((country_code)::text = '[us]'::text)", "Rows Removed by Filter": 1234}]}, {"Node Type": "Materialize", "Parent Relationship": "Inner", "Startup Cost": 0.0, "Total Cost": 12.31, "Plan Rows": 3, "Plan Width": 4, "Actual Startup Time": 0.184, "Actual Total Time": 0.331, "Actual Rows": 1924, "Actual Loops": 896, "Plans": [{"Node Type": "Index Scan", "Parent Relationship": "Outer", "Scan Direction": "Forward", "Index Name": "company_type_pkey", "Relation Name": "company_type", "Alias": "ct", "Startup Cost": 0.0, "Total Cost": 12.29, "Plan Rows": 3, "Plan Width": 4, "Actual Startup Time": 0.004, "Actual Total Time": 0.007, "Actual Rows": 3, "Actual Loops": 1}]}]}, {"Node Type": "Index Scan", "Parent Relationship": "Inner", "Scan Direction": "Forward", "Index Name": "title_pkey", "Relation Name": "title", "Alias": "t", "Startup Cost": 0.0, "Total Cost": 0.34, "Plan Rows": 1, "Plan Width": 21, "Actual Startup Time": 2.081, "Actual Total Time": 2.081, "Actual Rows": 382, "Actual Loops": 382, "Index Cond": "(id = mc.movie_id)", "Rows Removed by Index Recheck": 0, "Filter": "(production_year > 1990)", "Rows Removed by Filter": 0}]}, {"Node Type": "Index Scan", "Parent Relationship": "Inner", "Scan Direction": "Forward", "Index Name": "movie_id_movie_keyword", "Relation Name": "movie_keyword", "Alias": "mk", "Startup Cost": 0.0, "Total Cost": 0.46, "Plan Rows": 8, "Plan Width": 8, "Actual Startup Time": 2.069, "Actual Total Time": 3.913, "Actual Rows": 4371, "Actual Loops": 382, "Index Cond": "(movie_id = mc.movie_id)", "Rows Removed by Index Recheck": 0}]}, {"Node Type": "Index Scan", "Parent Relationship": "Inner", "Scan Direction": "Forward", "Index Name": "keyword_pkey", "Relation Name": "keyword", "Alias": "k", "Startup Cost": 0.0, "Total Cost": 0.27, "Plan Rows": 1, "Plan Width": 4, "Actual Startup Time": 14.843, "Actual Total Time": 14.843, "Actual Rows": 4371, "Actual Loops": 4371, "Index Cond": "(id = mk.keyword_id)", "Rows Removed by Index Recheck": 0}]}]}, "Triggers": [], "Planner Runtime": 145, "Total Runtime": 1642.783, "Unique SQL Id": 2302223328}}, "(1, 14)": {"explain_plan": {"Plan": {"Node Type": "Aggregate", "Strategy": "Plain", "Startup Cost": 563702.59, "Total Cost": 563702.6, "Plan Rows": 1, "Plan Width": 102, "Plans": [{"Node Type": "Hash Join", "Parent Relationship": "Outer", "Join Type": "Inner", "Startup Cost": 484134.63, "Total Cost": 563667.38, "Plan Rows": 7042, "Plan Width": 38, "Inner Unique": true, "Hash Cond": "(mk.keyword_id = k.id)", "Plans": [{"Node Type": "Hash Join", "Parent Relationship": "Outer", "Join Type": "Inner", "Startup Cost": 480356.83, "Total Cost": 559794.14, "Plan Rows": 7042, "Plan Width": 42, "Inner Unique": false, "Hash Cond": "(mk.movie_id = t.id)", "Plans": [{"Node Type": "Seq Scan", "Parent Relationship": "Outer", "Relation Name": "movie_keyword", "Alias": "mk", "Startup Cost": 0.0, "Total Cost": 62441.29, "Plan Rows": 4523929, "Plan Width": 8}, {"Node Type": "Hash", "Parent Relationship": "Inner", "Startup Cost": 480345.92, "Total Cost": 480345.92, "Plan Rows": 873, "Plan Width": 54, "Plans": [{"Node Type": "Hash Join", "Parent Relationship": "Outer", "Join Type": "Inner", "Startup Cost": 407377.15, "Total Cost": 480345.92, "Plan Rows": 873, "Plan Width": 54, "Inner Unique": true, "Hash Cond": "(mc.company_type_id = ct.id)", "Plans": [{"Node Type": "Hash Join", "Parent Relationship": "Outer", "Join Type": "Inner", "Startup Cost": 407376.08, "Total Cost": 480332.85, "Plan Rows": 873, "Plan Width": 58, "Inner Unique": false, "Hash Cond": "(t.id = at.movie_id)", "Plans": [{"Node Type": "Seq Scan", "Parent Relationship": "Outer", "Relation Name": "title", "Alias": "t", "Startup Cost": 0.0, "Total Cost": 66389.89, "Plan Rows": 1748840, "Plan Width": 21, "Filter": "(production_year > 1990), (LLVM Optimized)"}, {"Node Type": "Hash", "Parent Relationship": "Inner", "Startup Cost": 407368.2, "Total Cost": 407368.2, "Plan Rows": 630, "Plan Width": 37, "Plans": [{"Node Type": "Hash Join", "Parent Relationship": "Outer", "Join Type": "Inner", "Startup Cost": 355739.8, "Total Cost": 407368.2, "Plan Rows": 630, "Plan Width": 37, "Inner Unique": true, "Hash Cond": "(mc.company_id = cn.id)", "Plans": [{"Node Type": "Hash Join", "Parent Relationship": "Outer", "Join Type": "Inner", "Startup Cost": 348771.72, "Total Cost": 400383.64, "Plan Rows": 1052, "Plan Width": 41, "Inner Unique": false, "Hash Cond": "(mc.movie_id = at.movie_id)", "Plans": [{"Node Type": "Seq Scan", "Parent Relationship": "Outer", "Relation Name": "movie_companies", "Alias": "mc", "Startup Cost": 0.0, "Total Cost": 41817.28, "Plan Rows": 2609128, "Plan Width": 12}, {"Node Type": "Hash", "Parent Relationship": "Inner", "Startup Cost": 348765.6, "Total Cost": 348765.6, "Plan Rows": 490, "Plan Width": 29, "Plans": [{"Node Type": "Hash Join", "Parent Relationship": "Outer", "Join Type": "Inner", "Startup Cost": 14413.1, "Total Cost": 348765.6, "Plan Rows": 490, "Plan Width": 29, "Inner Unique": false, "Hash Cond": "(mi.movie_id = at.movie_id)", "Plans": [{"Node Type": "Nested Loop", "Parent Relationship": "Outer", "Join Type": "Inner", "Startup Cost": 0.0, "Total Cost": 334332.71, "Plan Rows": 192, "Plan Width": 4, "Inner Unique": false, "Join Filter": "(it1.id = mi.info_type_id)", "Plans": [{"Node Type": "Seq Scan", "Parent Relationship": "Outer", "Relation Name": "info_type", "Alias": "it1", "Startup Cost": 0.0, "Total Cost": 2.4, "Plan Rows": 1, "Plan Width": 4, "Filter": "((info)::text = 'release dates'::text)"}, {"Node Type": "Seq Scan", "Parent Relationship": "Inner", "Relation Name": "movie_info", "Alias": "mi", "Startup Cost": 0.0, "Total Cost": 334162.58, "Plan Rows": 13419, "Plan Width": 8, "Filter": "((note)::text ~~ '%internet%'::text)"}]}, {"Node Type": "Hash", "Parent Relationship": "Inner", "Startup Cost": 9894.71, "Total Cost": 9894.71, "Plan Rows": 361471, "Plan Width": 25, "Plans": [{"Node Type": "Seq Scan", "Parent Relationship": "Outer", "Relation Name": "aka_title", "Alias": "at", "Startup Cost": 0.0, "Total Cost": 9894.71, "Plan Rows": 361471, "Plan Width": 25}]}]}]}]}, {"Node Type": "Hash", "Parent Relationship": "Inner", "Startup Cost": 5903.45, "Total Cost": 5903.45, "Plan Rows": 85170, "Plan Width": 4, "Plans": [{"Node Type": "Seq Scan", "Parent Relationship": "Outer", "Relation Name": "company_name", "Alias": "cn", "Startup Cost": 0.0, "Total Cost": 5903.45, "Plan Rows": 85170, "Plan Width": 4, "Filter": "((country_code)::text = '[us]'::text)"}]}]}]}]}, {"Node Type": "Hash", "Parent Relationship": "Inner", "Startup Cost": 1.03, "Total Cost": 1.03, "Plan Rows": 3, "Plan Width": 4, "Plans": [{"Node Type": "Seq Scan", "Parent Relationship": "Outer", "Relation Name": "company_type", "Alias": "ct", "Startup Cost": 0.0, "Total Cost": 1.03, "Plan Rows": 3, "Plan Width": 4}]}]}]}]}, {"Node Type": "Hash", "Parent Relationship": "Inner", "Startup Cost": 2100.69, "Total Cost": 2100.69, "Plan Rows": 134169, "Plan Width": 4, "Plans": [{"Node Type": "Seq Scan", "Parent Relationship": "Outer", "Relation Name": "keyword", "Alias": "k", "Startup Cost": 0.0, "Total Cost": 2100.69, "Plan Rows": 134169, "Plan Width": 4}]}]}]}, "Unique SQL Id": 2302223328, "Planner Runtime": 219}, "explain_analyze_plan": null}, "(1, 15)": {"explain_plan": {"Plan": {"Node Type": "Aggregate", "Strategy": "Plain", "Startup Cost": 8989907666953.63, "Total Cost": 8989907666953.64, "Plan Rows": 1, "Plan Width": 102, "Plans": [{"Node Type": "Nested Loop", "Parent Relationship": "Outer", "Join Type": "Inner", "Startup Cost": 90000000000.0, "Total Cost": 8989907666919.11, "Plan Rows": 6905, "Plan Width": 38, "Inner Unique": false, "Join Filter": "(t.id = at.movie_id)", "Plans": [{"Node Type": "Nested Loop", "Parent Relationship": "Outer", "Join Type": "Inner", "Startup Cost": 80000000000.0, "Total Cost": 7989884670934.49, "Plan Rows": 3874, "Plan Width": 33, "Inner Unique": true, "Join Filter": "(mk.keyword_id = k.id)", "Plans": [{"Node Type": "Nested Loop", "Parent Relationship": "Outer", "Join Type": "Inner", "Startup Cost": 70000000000.0, "Total Cost": 6989876589309.04, "Plan Rows": 3874, "Plan Width": 37, "Inner Unique": true, "Join Filter": "(mc.company_id = cn.id)", "Plans": [{"Node Type": "Merge Join", "Parent Relationship": "Outer", "Join Type": "Inner", "Startup Cost": 60000000000.0, "Total Cost": 5989869657116.95, "Plan Rows": 4604, "Plan Width": 41, "Inner Unique": false, "Merge Cond": "(t.id = mk.movie_id)", "Plans": [{"Node Type": "Nested Loop", "Parent Relationship": "Outer", "Join Type": "Inner", "Startup Cost": 50000000000.0, "Total Cost": 4998566610310.17, "Plan Rows": 568, "Plan Width": 33, "Inner Unique": true, "Join Filter": "(mc.company_type_id = ct.id)", "Plans": [{"Node Type": "Nested Loop", "Parent Relationship": "Outer", "Join Type": "Inner", "Startup Cost": 40000000000.0, "Total Cost": 3998566609055.11, "Plan Rows": 568, "Plan Width": 37, "Inner Unique": true, "Join Filter": "(mi.info_type_id = it1.id)", "Plans": [{"Node Type": "Merge Join", "Parent Relationship": "Outer", "Join Type": "Inner", "Startup Cost": 30000000000.0, "Total Cost": 2998566607038.02, "Plan Rows": 39739, "Plan Width": 41, "Inner Unique": false, "Merge Cond": "(t.id = mc.movie_id)", "Plans": [{"Node Type": "Nested Loop", "Parent Relationship": "Outer", "Join Type": "Inner", "Startup Cost": 20000000000.0, "Total Cost": 2000471060864.73, "Plan Rows": 18591, "Plan Width": 29, "Inner Unique": false, "Join Filter": "(mi.movie_id = t.id)", "Plans": [{"Node Type": "Index Scan", "Parent Relationship": "Outer", "Scan Direction": "Forward", "Index Name": "title_pkey", "Relation Name": "title", "Alias": "t", "Startup Cost": 10000000000.0, "Total Cost": 1000011644126.66, "Plan Rows": 1748840, "Plan Width": 21, "Filter": "(production_year > 1990), (LLVM Optimized)"}, {"Node Type": "Materialize", "Parent Relationship": "Inner", "Startup Cost": 10000000000.0, "Total Cost": 1000107401512.21, "Plan Rows": 13419, "Plan Width": 8, "Plans": [{"Node Type": "Index Scan", "Parent Relationship": "Outer", "Scan Direction": "Forward", "Index Name": "info_type_id_movie_info", "Relation Name": "movie_info", "Alias": "mi", "Startup Cost": 10000000000.0, "Total Cost": 1000107401445.12, "Plan Rows": 13419, "Plan Width": 8, "Filter": "((note)::text ~~ '%internet%'::text)"}]}]}, {"Node Type": "Index Scan", "Parent Relationship": "Inner", "Scan Direction": "Forward", "Index Name": "movie_id_movie_companies", "Relation Name": "movie_companies", "Alias": "mc", "Startup Cost": 10000000000.0, "Total Cost": 1000013051946.13, "Plan Rows": 2609128, "Plan Width": 12}]}, {"Node Type": "Materialize", "Parent Relationship": "Inner", "Startup Cost": 10000000000.0, "Total Cost": 1000000001421.0, "Plan Rows": 1, "Plan Width": 4, "Plans": [{"Node Type": "Index Scan", "Parent Relationship": "Outer", "Scan Direction": "Forward", "Index Name": "info_type_pkey", "Relation Name": "info_type", "Alias": "it1", "Startup Cost": 10000000000.0, "Total Cost": 1000000001421.0, "Plan Rows": 1, "Plan Width": 4, "Filter": "((info)::text = 'release dates'::text)"}]}]}, {"Node Type": "Materialize", "Parent Relationship": "Inner", "Startup Cost": 10000000000.0, "Total Cost": 1000000001229.52, "Plan Rows": 3, "Plan Width": 4, "Plans": [{"Node Type": "Index Scan", "Parent Relationship": "Outer", "Scan Direction": "Forward", "Index Name": "company_type_pkey", "Relation Name": "company_type", "Alias": "ct", "Startup Cost": 10000000000.0, "Total Cost": 1000000001229.5, "Plan Rows": 3, "Plan Width": 4}]}]}, {"Node Type": "Index Scan", "Parent Relationship": "Inner", "Scan Direction": "Forward", "Index Name": "movie_id_movie_keyword", "Relation Name": "movie_keyword", "Alias": "mk", "Startup Cost": 10000000000.0, "Total Cost": 1000015300634.17, "Plan Rows": 4523929, "Plan Width": 8}]}, {"Node Type": "Materialize", "Parent Relationship": "Inner", "Startup Cost": 10000000000.0, "Total Cost": 1000001050564.82, "Plan Rows": 85170, "Plan Width": 4, "Plans": [{"Node Type": "Index Scan", "Parent Relationship": "Outer", "Scan Direction": "Forward", "Index Name": "company_name_pkey", "Relation Name": "company_name", "Alias": "cn", "Startup Cost": 10000000000.0, "Total Cost": 1000001050138.97, "Plan Rows": 85170, "Plan Width": 4, "Filter": "((country_code)::text = '[us]'::text)"}]}]}, {"Node Type": "Materialize", "Parent Relationship": "Inner", "Startup Cost": 10000000000.0, "Total Cost": 1000000285400.28, "Plan Rows": 134169, "Plan Width": 4, "Plans": [{"Node Type": "Index Scan", "Parent Relationship": "Outer", "Scan Direction": "Forward", "Index Name": "keyword_pkey", "Relation Name": "keyword", "Alias": "k", "Startup Cost": 10000000000.0, "Total Cost": 1000000284729.43, "Plan Rows": 134169, "Plan Width": 4}]}]}, {"Node Type": "Materialize", "Parent Relationship": "Inner", "Startup Cost": 10000000000.0, "Total Cost": 1000001991808.49, "Plan Rows": 361471, "Plan Width": 25, "Plans": [{"Node Type": "Index Scan", "Parent Relationship": "Outer", "Scan Direction": "Forward", "Index Name": "movie_id_aka_title", "Relation Name": "aka_title", "Alias": "at", "Startup Cost": 10000000000.0, "Total Cost": 1000001990001.13, "Plan Rows": 361471, "Plan Width": 25}]}]}]}, "Unique SQL Id": 2302223328, "Planner Runtime": 282}, "explain_analyze_plan": null}, "(1, 16)": {"explain_plan": {"Plan": {"Node Type": "Aggregate", "Strategy": "Plain", "Startup Cost": 166933.0, "Total Cost": 166933.01, "Plan Rows": 1, "Plan Width": 102, "Plans": [{"Node Type": "Nested Loop", "Parent Relationship": "Outer", "Join Type": "Inner", "Startup Cost": 4841.51, "Total Cost": 166898.13, "Plan Rows": 6974, "Plan Width": 38, "Inner Unique": false, "Join Filter": "(t.id = at.movie_id)", "Plans": [{"Node Type": "Nested Loop", "Parent Relationship": "Outer", "Join Type": "Inner", "Startup Cost": 4841.51, "Total Cost": 166099.52, "Plan Rows": 2257, "Plan Width": 33, "Inner Unique": true, "Plans": [{"Node Type": "Nested Loop", "Parent Relationship": "Outer", "Join Type": "Inner", "Startup Cost": 4841.51, "Total Cost": 165467.53, "Plan Rows": 2257, "Plan Width": 37, "Inner Unique": false, "Join Filter": "(t.id = mk.movie_id)", "Plans": [{"Node Type": "Nested Loop", "Parent Relationship": "Outer", "Join Type": "Inner", "Startup Cost": 4841.51, "Total Cost": 165311.18, "Plan Rows": 278, "Plan Width": 29, "Inner Unique": true, "Join Filter": "(mc.company_type_id = ct.id)", "Plans": [{"Node Type": "Nested Loop", "Parent Relationship": "Outer", "Join Type": "Inner", "Startup Cost": 4841.51, "Total Cost": 165288.64, "Plan Rows": 478, "Plan Width": 33, "Inner Unique": true, "Plans": [{"Node Type": "Nested Loop", "Parent Relationship": "Outer", "Join Type": "Inner", "Startup Cost": 4841.51, "Total Cost": 165125.25, "Plan Rows": 568, "Plan Width": 37, "Inner Unique": false, "Plans": [{"Node Type": "Nested Loop", "Parent Relationship": "Outer", "Join Type": "Inner", "Startup Cost": 4841.51, "Total Cost": 165027.39, "Plan Rows": 266, "Plan Width": 25, "Inner Unique": true, "Plans": [{"Node Type": "Nested Loop", "Parent Relationship": "Outer", "Join Type": "Inner", "Startup Cost": 4841.51, "Total Cost": 163884.08, "Plan Rows": 192, "Plan Width": 4, "Inner Unique": false, "Plans": [{"Node Type": "Seq Scan", "Parent Relationship": "Outer", "Relation Name": "info_type", "Alias": "it1", "Startup Cost": 0.0, "Total Cost": 2.4, "Plan Rows": 1, "Plan Width": 4, "Filter": "((info)::text = 'release dates'::text)"}, {"Node Type": "Bitmap Heap Scan", "Parent Relationship": "Inner", "Relation Name": "movie_info", "Alias": "mi", "Startup Cost": 4841.51, "Total Cost": 163879.76, "Plan Rows": 192, "Plan Width": 8, "Recheck Cond": "(info_type_id = it1.id)", "Filter": "((note)::text ~~ '%internet%'::text)", "Plans": [{"Node Type": "Bitmap Index Scan", "Parent Relationship": "Outer", "Index Name": "info_type_id_movie_info", "Startup Cost": 0.0, "Total Cost": 4841.46, "Plan Rows": 212428, "Plan Width": 0, "Index Cond": "(info_type_id = it1.id)"}]}]}, {"Node Type": "Index Scan", "Parent Relationship": "Inner", "Scan Direction": "Forward", "Index Name": "title_pkey", "Relation Name": "title", "Alias": "t", "Startup Cost": 0.0, "Total Cost": 5.94, "Plan Rows": 1, "Plan Width": 21, "Index Cond": "(id = mi.movie_id)", "Filter": "(production_year > 1990)"}]}, {"Node Type": "Index Scan", "Parent Relationship": "Inner", "Scan Direction": "Forward", "Index Name": "movie_id_movie_companies", "Relation Name": "movie_companies", "Alias": "mc", "Startup Cost": 0.0, "Total Cost": 0.35, "Plan Rows": 2, "Plan Width": 12, "Index Cond": "(movie_id = t.id)"}]}, {"Node Type": "Index Scan", "Parent Relationship": "Inner", "Scan Direction": "Forward", "Index Name": "company_name_pkey", "Relation Name": "company_name", "Alias": "cn", "Startup Cost": 0.0, "Total Cost": 0.28, "Plan Rows": 1, "Plan Width": 4, "Index Cond": "(id = mc.company_id)", "Filter": "((country_code)::text = '[us]'::text)"}]}, {"Node Type": "Materialize", "Parent Relationship": "Inner", "Startup Cost": 0.0, "Total Cost": 1.04, "Plan Rows": 3, "Plan Width": 4, "Plans": [{"Node Type": "Seq Scan", "Parent Relationship": "Outer", "Relation Name": "company_type", "Alias": "ct", "Startup Cost": 0.0, "Total Cost": 1.03, "Plan Rows": 3, "Plan Width": 4}]}]}, {"Node Type": "Index Scan", "Parent Relationship": "Inner", "Scan Direction": "Forward", "Index Name": "movie_id_movie_keyword", "Relation Name": "movie_keyword", "Alias": "mk", "Startup Cost": 0.0, "Total Cost": 0.46, "Plan Rows": 8, "Plan Width": 8, "Index Cond": "(movie_id = mc.movie_id)"}]}, {"Node Type": "Index Only Scan", "Parent Relationship": "Inner", "Scan Direction": "Forward", "Index Name": "keyword_pkey", "Relation Name": "keyword", "Alias": "k", "Startup Cost": 0.0, "Total Cost": 0.27, "Plan Rows": 1, "Plan Width": 4, "Index Cond": "(id = mk.keyword_id)"}]}, {"Node Type": "Index Scan", "Parent Relationship": "Inner", "Scan Direction": "Forward", "Index Name": "movie_id_aka_title", "Relation Name": "aka_title", "Alias": "at", "Startup Cost": 0.0, "Total Cost": 0.32, "Plan Rows": 3, "Plan Width": 25, "Index Cond": "(movie_id = mk.movie_id)"}]}]}, "Unique SQL Id": 2302223328, "Planner Runtime": 124}, "explain_analyze_plan": {"Plan": {"Node Type": "Aggregate", "Strategy": "Plain", "Startup Cost": 166933.0, "Total Cost": 166933.01, "Plan Rows": 1, "Plan Width": 102, "Actual Startup Time": 1919.025, "Actual Total Time": 1919.026, "Actual Rows": 1, "Actual Loops": 1, "Plans": [{"Node Type": "Nested Loop", "Parent Relationship": "Outer", "Join Type": "Inner", "Startup Cost": 4841.51, "Total Cost": 166898.13, "Plan Rows": 6974, "Plan Width": 38, "Actual Startup Time": 470.813, "Actual Total Time": 1916.128, "Actual Rows": 4371, "Actual Loops": 1, "Inner Unique": false, "Join Filter": "(t.id = at.movie_id)", "Rows Removed by Join Filter": 0, "Plans": [{"Node Type": "Nested Loop", "Parent Relationship": "Outer", "Join Type": "Inner", "Startup Cost": 4841.51, "Total Cost": 166099.52, "Plan Rows": 2257, "Plan Width": 33, "Actual Startup Time": 430.845, "Actual Total Time": 1873.134, "Actual Rows": 14161, "Actual Loops": 1, "Inner Unique": true, "Plans": [{"Node Type": "Nested Loop", "Parent Relationship": "Outer", "Join Type": "Inner", "Startup Cost": 4841.51, "Total Cost": 165467.53, "Plan Rows": 2257, "Plan Width": 37, "Actual Startup Time": 430.821, "Actual Total Time": 1823.069, "Actual Rows": 14161, "Actual Loops": 1, "Inner Unique": false, "Join Filter": "(t.id = mk.movie_id)", "Rows Removed by Join Filter": 0, "Plans": [{"Node Type": "Nested Loop", "Parent Relationship": "Outer", "Join Type": "Inner", "Startup Cost": 4841.51, "Total Cost": 165311.18, "Plan Rows": 278, "Plan Width": 29, "Actual Startup Time": 430.791, "Actual Total Time": 1762.648, "Actual Rows": 5914, "Actual Loops": 1, "Inner Unique": true, "Join Filter": "(mc.company_type_id = ct.id)", "Rows Removed by Join Filter": 11829, "Plans": [{"Node Type": "Nested Loop", "Parent Relationship": "Outer", "Join Type": "Inner", "Startup Cost": 4841.51, "Total Cost": 165288.64, "Plan Rows": 478, "Plan Width": 33, "Actual Startup Time": 430.687, "Actual Total Time": 1753.176, "Actual Rows": 9857, "Actual Loops": 1, "Inner Unique": true, "Plans": [{"Node Type": "Nested Loop", "Parent Relationship": "Outer", "Join Type": "Inner", "Startup Cost": 4841.51, "Total Cost": 165125.25, "Plan Rows": 568, "Plan Width": 37, "Actual Startup Time": 430.654, "Actual Total Time": 1676.013, "Actual Rows": 14377, "Actual Loops": 1, "Inner Unique": false, "Plans": [{"Node Type": "Nested Loop", "Parent Relationship": "Outer", "Join Type": "Inner", "Startup Cost": 4841.51, "Total Cost": 165027.39, "Plan Rows": 266, "Plan Width": 25, "Actual Startup Time": 430.629, "Actual Total Time": 1610.021, "Actual Rows": 10662, "Actual Loops": 1, "Inner Unique": true, "Plans": [{"Node Type": "Nested Loop", "Parent Relationship": "Outer", "Join Type": "Inner", "Startup Cost": 4841.51, "Total Cost": 163884.08, "Plan Rows": 192, "Plan Width": 4, "Actual Startup Time": 430.581, "Actual Total Time": 1543.761, "Actual Rows": 10679, "Actual Loops": 1, "Inner Unique": false, "Plans": [{"Node Type": "Seq Scan", "Parent Relationship": "Outer", "Relation Name": "info_type", "Alias": "it1", "Startup Cost": 0.0, "Total Cost": 2.4, "Plan Rows": 1, "Plan Width": 4, "Actual Startup Time": 0.044, "Actual Total Time": 0.076, "Actual Rows": 1, "Actual Loops": 1, "Filter": "((info)::text = 'release dates'::text)", "Rows Removed by Filter": 111}, {"Node Type": "Bitmap Heap Scan", "Parent Relationship": "Inner", "Relation Name": "movie_info", "Alias": "mi", "Startup Cost": 4841.51, "Total Cost": 163879.76, "Plan Rows": 192, "Plan Width": 8, "Actual Startup Time": 430.53, "Actual Total Time": 1540.984, "Actual Rows": 10679, "Actual Loops": 1, "Recheck Cond": "(info_type_id = it1.id)", "Rows Removed by Index Recheck": 0, "Filter": "((note)::text ~~ '%internet%'::text)", "Rows Removed by Filter": 3026040, "Exact Heap Blocks": 21947, "Lossy Heap Blocks": 21947, "Plans": [{"Node Type": "Bitmap Index Scan", "Parent Relationship": "Outer", "Index Name": "info_type_id_movie_info", "Startup Cost": 0.0, "Total Cost": 4841.46, "Plan Rows": 212428, "Plan Width": 0, "Actual Startup Time": 425.071, "Actual Total Time": 425.071, "Actual Rows": 3036719, "Actual Loops": 1, "Index Cond": "(info_type_id = it1.id)"}]}]}, {"Node Type": "Index Scan", "Parent Relationship": "Inner", "Scan Direction": "Forward", "Index Name": "title_pkey", "Relation Name": "title", "Alias": "t", "Startup Cost": 0.0, "Total Cost": 5.94, "Plan Rows": 1, "Plan Width": 21, "Actual Startup Time": 55.862, "Actual Total Time": 55.862, "Actual Rows": 10662, "Actual Loops": 10679, "Index Cond": "(id = mi.movie_id)", "Rows Removed by Index Recheck": 0, "Filter": "(production_year > 1990)", "Rows Removed by Filter": 17}]}, {"Node Type": "Index Scan", "Parent Relationship": "Inner", "Scan Direction": "Forward", "Index Name": "movie_id_movie_companies", "Relation Name": "movie_companies", "Alias": "mc", "Startup Cost": 0.0, "Total Cost": 0.35, "Plan Rows": 2, "Plan Width": 12, "Actual Startup Time": 45.808, "Actual Total Time": 56.602, "Actual Rows": 14377, "Actual Loops": 10662, "Index Cond": "(movie_id = t.id)", "Rows Removed by Index Recheck": 0}]}, {"Node Type": "Index Scan", "Parent Relationship": "Inner", "Scan Direction": "Forward", "Index Name": "company_name_pkey", "Relation Name": "company_name", "Alias": "cn", "Startup Cost": 0.0, "Total Cost": 0.28, "Plan Rows": 1, "Plan Width": 4, "Actual Startup Time": 65.867, "Actual Total Time": 65.867, "Actual Rows": 9857, "Actual Loops": 14377, "Index Cond": "(id = mc.company_id)", "Rows Removed by Index Recheck": 0, "Filter": "((country_code)::text = '[us]'::text)", "Rows Removed by Filter": 4520}]}, {"Node Type": "Materialize", "Parent Relationship": "Inner", "Startup Cost": 0.0, "Total Cost": 1.04, "Plan Rows": 3, "Plan Width": 4, "Actual Startup Time": 1.344, "Actual Total Time": 2.327, "Actual Rows": 17743, "Actual Loops": 9857, "Plans": [{"Node Type": "Seq Scan", "Parent Relationship": "Outer", "Relation Name": "company_type", "Alias": "ct", "Startup Cost": 0.0, "Total Cost": 1.03, "Plan Rows": 3, "Plan Width": 4, "Actual Startup Time": 0.012, "Actual Total Time": 0.014, "Actual Rows": 3, "Actual Loops": 1}]}]}, {"Node Type": "Index Scan", "Parent Relationship": "Inner", "Scan Direction": "Forward", "Index Name": "movie_id_movie_keyword", "Relation Name": "movie_keyword", "Alias": "mk", "Startup Cost": 0.0, "Total Cost": 0.46, "Plan Rows": 8, "Plan Width": 8, "Actual Startup Time": 44.611, "Actual Total Time": 51.198, "Actual Rows": 14161, "Actual Loops": 5914, "Index Cond": "(movie_id = mc.movie_id)", "Rows Removed by Index Recheck": 0}]}, {"Node Type": "Index Only Scan", "Parent Relationship": "Inner", "Scan Direction": "Forward", "Index Name": "keyword_pkey", "Relation Name": "keyword", "Alias": "k", "Startup Cost": 0.0, "Total Cost": 0.27, "Plan Rows": 1, "Plan Width": 4, "Actual Startup Time": 39.836, "Actual Total Time": 39.836, "Actual Rows": 14161, "Actual Loops": 14161, "Index Cond": "(id = mk.keyword_id)", "Rows Removed by Index Recheck": 0, "Heap Fetches": 0}]}, {"Node Type": "Index Scan", "Parent Relationship": "Inner", "Scan Direction": "Forward", "Index Name": "movie_id_aka_title", "Relation Name": "aka_title", "Alias": "at", "Startup Cost": 0.0, "Total Cost": 0.32, "Plan Rows": 3, "Plan Width": 25, "Actual Startup Time": 32.199, "Actual Total Time": 34.372, "Actual Rows": 4371, "Actual Loops": 14161, "Index Cond": "(movie_id = mk.movie_id)", "Rows Removed by Index Recheck": 0}]}]}, "Triggers": [], "Planner Runtime": 124, "Total Runtime": 1919.563, "Unique SQL Id": 2302223328}}, "(1, 17)": {"explain_plan": {"Plan": {"Node Type": "Aggregate", "Strategy": "Plain", "Startup Cost": 166952.08, "Total Cost": 166952.09, "Plan Rows": 1, "Plan Width": 102, "Plans": [{"Node Type": "Nested Loop", "Parent Relationship": "Outer", "Join Type": "Inner", "Startup Cost": 4841.51, "Total Cost": 166917.21, "Plan Rows": 6974, "Plan Width": 38, "Inner Unique": false, "Join Filter": "(t.id = at.movie_id)", "Plans": [{"Node Type": "Nested Loop", "Parent Relationship": "Outer", "Join Type": "Inner", "Startup Cost": 4841.51, "Total Cost": 166118.59, "Plan Rows": 2257, "Plan Width": 33, "Inner Unique": true, "Plans": [{"Node Type": "Nested Loop", "Parent Relationship": "Outer", "Join Type": "Inner", "Startup Cost": 4841.51, "Total Cost": 165486.61, "Plan Rows": 2257, "Plan Width": 37, "Inner Unique": false, "Join Filter": "(t.id = mk.movie_id)", "Plans": [{"Node Type": "Nested Loop", "Parent Relationship": "Outer", "Join Type": "Inner", "Startup Cost": 4841.51, "Total Cost": 165330.26, "Plan Rows": 278, "Plan Width": 29, "Inner Unique": true, "Join Filter": "(mc.company_type_id = ct.id)", "Plans": [{"Node Type": "Nested Loop", "Parent Relationship": "Outer", "Join Type": "Inner", "Startup Cost": 4841.51, "Total Cost": 165300.45, "Plan Rows": 478, "Plan Width": 33, "Inner Unique": true, "Plans": [{"Node Type": "Nested Loop", "Parent Relationship": "Outer", "Join Type": "Inner", "Startup Cost": 4841.51, "Total Cost": 165137.06, "Plan Rows": 568, "Plan Width": 37, "Inner Unique": false, "Plans": [{"Node Type": "Nested Loop", "Parent Relationship": "Outer", "Join Type": "Inner", "Startup Cost": 4841.51, "Total Cost": 165039.2, "Plan Rows": 266, "Plan Width": 25, "Inner Unique": true, "Plans": [{"Node Type": "Nested Loop", "Parent Relationship": "Outer", "Join Type": "Inner", "Startup Cost": 4841.51, "Total Cost": 163895.89, "Plan Rows": 192, "Plan Width": 4, "Inner Unique": false, "Plans": [{"Node Type": "Index Scan", "Parent Relationship": "Outer", "Scan Direction": "Forward", "Index Name": "info_type_pkey", "Relation Name": "info_type", "Alias": "it1", "Startup Cost": 0.0, "Total Cost": 14.21, "Plan Rows": 1, "Plan Width": 4, "Filter": "((info)::text = 'release dates'::text)"}, {"Node Type": "Bitmap Heap Scan", "Parent Relationship": "Inner", "Relation Name": "movie_info", "Alias": "mi", "Startup Cost": 4841.51, "Total Cost": 163879.76, "Plan Rows": 192, "Plan Width": 8, "Recheck Cond": "(info_type_id = it1.id)", "Filter": "((note)::text ~~ '%internet%'::text)", "Plans": [{"Node Type": "Bitmap Index Scan", "Parent Relationship": "Outer", "Index Name": "info_type_id_movie_info", "Startup Cost": 0.0, "Total Cost": 4841.46, "Plan Rows": 212428, "Plan Width": 0, "Index Cond": "(info_type_id = it1.id)"}]}]}, {"Node Type": "Index Scan", "Parent Relationship": "Inner", "Scan Direction": "Forward", "Index Name": "title_pkey", "Relation Name": "title", "Alias": "t", "Startup Cost": 0.0, "Total Cost": 5.94, "Plan Rows": 1, "Plan Width": 21, "Index Cond": "(id = mi.movie_id)", "Filter": "(production_year > 1990)"}]}, {"Node Type": "Index Scan", "Parent Relationship": "Inner", "Scan Direction": "Forward", "Index Name": "movie_id_movie_companies", "Relation Name": "movie_companies", "Alias": "mc", "Startup Cost": 0.0, "Total Cost": 0.35, "Plan Rows": 2, "Plan Width": 12, "Index Cond": "(movie_id = t.id)"}]}, {"Node Type": "Index Scan", "Parent Relationship": "Inner", "Scan Direction": "Forward", "Index Name": "company_name_pkey", "Relation Name": "company_name", "Alias": "cn", "Startup Cost": 0.0, "Total Cost": 0.28, "Plan Rows": 1, "Plan Width": 4, "Index Cond": "(id = mc.company_id)", "Filter": "((country_code)::text = '[us]'::text)"}]}, {"Node Type": "Materialize", "Parent Relationship": "Inner", "Startup Cost": 0.0, "Total Cost": 8.31, "Plan Rows": 3, "Plan Width": 4, "Plans": [{"Node Type": "Index Only Scan", "Parent Relationship": "Outer", "Scan Direction": "Forward", "Index Name": "company_type_pkey", "Relation Name": "company_type", "Alias": "ct", "Startup Cost": 0.0, "Total Cost": 8.29, "Plan Rows": 3, "Plan Width": 4}]}]}, {"Node Type": "Index Scan", "Parent Relationship": "Inner", "Scan Direction": "Forward", "Index Name": "movie_id_movie_keyword", "Relation Name": "movie_keyword", "Alias": "mk", "Startup Cost": 0.0, "Total Cost": 0.46, "Plan Rows": 8, "Plan Width": 8, "Index Cond": "(movie_id = mc.movie_id)"}]}, {"Node Type": "Index Only Scan", "Parent Relationship": "Inner", "Scan Direction": "Forward", "Index Name": "keyword_pkey", "Relation Name": "keyword", "Alias": "k", "Startup Cost": 0.0, "Total Cost": 0.27, "Plan Rows": 1, "Plan Width": 4, "Index Cond": "(id = mk.keyword_id)"}]}, {"Node Type": "Index Scan", "Parent Relationship": "Inner", "Scan Direction": "Forward", "Index Name": "movie_id_aka_title", "Relation Name": "aka_title", "Alias": "at", "Startup Cost": 0.0, "Total Cost": 0.32, "Plan Rows": 3, "Plan Width": 25, "Index Cond": "(movie_id = mk.movie_id)"}]}]}, "Unique SQL Id": 2302223328, "Planner Runtime": 123}, "explain_analyze_plan": {"Plan": {"Node Type": "Aggregate", "Strategy": "Plain", "Startup Cost": 166952.08, "Total Cost": 166952.09, "Plan Rows": 1, "Plan Width": 102, "Actual Startup Time": 1878.446, "Actual Total Time": 1878.447, "Actual Rows": 1, "Actual Loops": 1, "Plans": [{"Node Type": "Nested Loop", "Parent Relationship": "Outer", "Join Type": "Inner", "Startup Cost": 4841.51, "Total Cost": 166917.21, "Plan Rows": 6974, "Plan Width": 38, "Actual Startup Time": 415.448, "Actual Total Time": 1875.552, "Actual Rows": 4371, "Actual Loops": 1, "Inner Unique": false, "Join Filter": "(t.id = at.movie_id)", "Rows Removed by Join Filter": 0, "Plans": [{"Node Type": "Nested Loop", "Parent Relationship": "Outer", "Join Type": "Inner", "Startup Cost": 4841.51, "Total Cost": 166118.59, "Plan Rows": 2257, "Plan Width": 33, "Actual Startup Time": 376.928, "Actual Total Time": 1833.049, "Actual Rows": 14161, "Actual Loops": 1, "Inner Unique": true, "Plans": [{"Node Type": "Nested Loop", "Parent Relationship": "Outer", "Join Type": "Inner", "Startup Cost": 4841.51, "Total Cost": 165486.61, "Plan Rows": 2257, "Plan Width": 37, "Actual Startup Time": 376.914, "Actual Total Time": 1783.596, "Actual Rows": 14161, "Actual Loops": 1, "Inner Unique": false, "Join Filter": "(t.id = mk.movie_id)", "Rows Removed by Join Filter": 0, "Plans": [{"Node Type": "Nested Loop", "Parent Relationship": "Outer", "Join Type": "Inner", "Startup Cost": 4841.51, "Total Cost": 165330.26, "Plan Rows": 278, "Plan Width": 29, "Actual Startup Time": 376.895, "Actual Total Time": 1743.319, "Actual Rows": 5914, "Actual Loops": 1, "Inner Unique": true, "Join Filter": "(mc.company_type_id = ct.id)", "Rows Removed by Join Filter": 11829, "Plans": [{"Node Type": "Nested Loop", "Parent Relationship": "Outer", "Join Type": "Inner", "Startup Cost": 4841.51, "Total Cost": 165300.45, "Plan Rows": 478, "Plan Width": 33, "Actual Startup Time": 376.792, "Actual Total Time": 1734.401, "Actual Rows": 9857, "Actual Loops": 1, "Inner Unique": true, "Plans": [{"Node Type": "Nested Loop", "Parent Relationship": "Outer", "Join Type": "Inner", "Startup Cost": 4841.51, "Total Cost": 165137.06, "Plan Rows": 568, "Plan Width": 37, "Actual Startup Time": 376.77, "Actual Total Time": 1656.885, "Actual Rows": 14377, "Actual Loops": 1, "Inner Unique": false, "Plans": [{"Node Type": "Nested Loop", "Parent Relationship": "Outer", "Join Type": "Inner", "Startup Cost": 4841.51, "Total Cost": 165039.2, "Plan Rows": 266, "Plan Width": 25, "Actual Startup Time": 376.754, "Actual Total Time": 1591.318, "Actual Rows": 10662, "Actual Loops": 1, "Inner Unique": true, "Plans": [{"Node Type": "Nested Loop", "Parent Relationship": "Outer", "Join Type": "Inner", "Startup Cost": 4841.51, "Total Cost": 163895.89, "Plan Rows": 192, "Plan Width": 4, "Actual Startup Time": 376.704, "Actual Total Time": 1525.348, "Actual Rows": 10679, "Actual Loops": 1, "Inner Unique": false, "Plans": [{"Node Type": "Index Scan", "Parent Relationship": "Outer", "Scan Direction": "Forward", "Index Name": "info_type_pkey", "Relation Name": "info_type", "Alias": "it1", "Startup Cost": 0.0, "Total Cost": 14.21, "Plan Rows": 1, "Plan Width": 4, "Actual Startup Time": 0.042, "Actual Total Time": 0.088, "Actual Rows": 1, "Actual Loops": 1, "Filter": "((info)::text = 'release dates'::text)", "Rows Removed by Filter": 111}, {"Node Type": "Bitmap Heap Scan", "Parent Relationship": "Inner", "Relation Name": "movie_info", "Alias": "mi", "Startup Cost": 4841.51, "Total Cost": 163879.76, "Plan Rows": 192, "Plan Width": 8, "Actual Startup Time": 376.647, "Actual Total Time": 1522.69, "Actual Rows": 10679, "Actual Loops": 1, "Recheck Cond": "(info_type_id = it1.id)", "Rows Removed by Index Recheck": 0, "Filter": "((note)::text ~~ '%internet%'::text)", "Rows Removed by Filter": 3026040, "Exact Heap Blocks": 21947, "Lossy Heap Blocks": 21947, "Plans": [{"Node Type": "Bitmap Index Scan", "Parent Relationship": "Outer", "Index Name": "info_type_id_movie_info", "Startup Cost": 0.0, "Total Cost": 4841.46, "Plan Rows": 212428, "Plan Width": 0, "Actual Startup Time": 371.695, "Actual Total Time": 371.695, "Actual Rows": 3036719, "Actual Loops": 1, "Index Cond": "(info_type_id = it1.id)"}]}]}, {"Node Type": "Index Scan", "Parent Relationship": "Inner", "Scan Direction": "Forward", "Index Name": "title_pkey", "Relation Name": "title", "Alias": "t", "Startup Cost": 0.0, "Total Cost": 5.94, "Plan Rows": 1, "Plan Width": 21, "Actual Startup Time": 55.912, "Actual Total Time": 55.912, "Actual Rows": 10662, "Actual Loops": 10679, "Index Cond": "(id = mi.movie_id)", "Rows Removed by Index Recheck": 0, "Filter": "(production_year > 1990)", "Rows Removed by Filter": 17}]}, {"Node Type": "Index Scan", "Parent Relationship": "Inner", "Scan Direction": "Forward", "Index Name": "movie_id_movie_companies", "Relation Name": "movie_companies", "Alias": "mc", "Startup Cost": 0.0, "Total Cost": 0.35, "Plan Rows": 2, "Plan Width": 12, "Actual Startup Time": 45.737, "Actual Total Time": 56.348, "Actual Rows": 14377, "Actual Loops": 10662, "Index Cond": "(movie_id = t.id)", "Rows Removed by Index Recheck": 0}]}, {"Node Type": "Index Scan", "Parent Relationship": "Inner", "Scan Direction": "Forward", "Index Name": "company_name_pkey", "Relation Name": "company_name", "Alias": "cn", "Startup Cost": 0.0, "Total Cost": 0.28, "Plan Rows": 1, "Plan Width": 4, "Actual Startup Time": 66.552, "Actual Total Time": 66.552, "Actual Rows": 9857, "Actual Loops": 14377, "Index Cond": "(id = mc.company_id)", "Rows Removed by Index Recheck": 0, "Filter": "((country_code)::text = '[us]'::text)", "Rows Removed by Filter": 4520}]}, {"Node Type": "Materialize", "Parent Relationship": "Inner", "Startup Cost": 0.0, "Total Cost": 8.31, "Plan Rows": 3, "Plan Width": 4, "Actual Startup Time": 1.247, "Actual Total Time": 2.314, "Actual Rows": 17743, "Actual Loops": 9857, "Plans": [{"Node Type": "Index Only Scan", "Parent Relationship": "Outer", "Scan Direction": "Forward", "Index Name": "company_type_pkey", "Relation Name": "company_type", "Alias": "ct", "Startup Cost": 0.0, "Total Cost": 8.29, "Plan Rows": 3, "Plan Width": 4, "Actual Startup Time": 0.008, "Actual Total Time": 0.01, "Actual Rows": 3, "Actual Loops": 1, "Heap Fetches": 0}]}]}, {"Node Type": "Index Scan", "Parent Relationship": "Inner", "Scan Direction": "Forward", "Index Name": "movie_id_movie_keyword", "Relation Name": "movie_keyword", "Alias": "mk", "Startup Cost": 0.0, "Total Cost": 0.46, "Plan Rows": 8, "Plan Width": 8, "Actual Startup Time": 24.601, "Actual Total Time": 30.99, "Actual Rows": 14161, "Actual Loops": 5914, "Index Cond": "(movie_id = mc.movie_id)", "Rows Removed by Index Recheck": 0}]}, {"Node Type": "Index Only Scan", "Parent Relationship": "Inner", "Scan Direction": "Forward", "Index Name": "keyword_pkey", "Relation Name": "keyword", "Alias": "k", "Startup Cost": 0.0, "Total Cost": 0.27, "Plan Rows": 1, "Plan Width": 4, "Actual Startup Time": 39.328, "Actual Total Time": 39.328, "Actual Rows": 14161, "Actual Loops": 14161, "Index Cond": "(id = mk.keyword_id)", "Rows Removed by Index Recheck": 0, "Heap Fetches": 0}]}, {"Node Type": "Index Scan", "Parent Relationship": "Inner", "Scan Direction": "Forward", "Index Name": "movie_id_aka_title", "Relation Name": "aka_title", "Alias": "at", "Startup Cost": 0.0, "Total Cost": 0.32, "Plan Rows": 3, "Plan Width": 25, "Actual Startup Time": 31.979, "Actual Total Time": 34.122, "Actual Rows": 4371, "Actual Loops": 14161, "Index Cond": "(movie_id = mk.movie_id)", "Rows Removed by Index Recheck": 0}]}]}, "Triggers": [], "Planner Runtime": 123, "Total Runtime": 1879.164, "Unique SQL Id": 2302223328}}, "(1, 18)": {"explain_plan": {"Plan": {"Node Type": "Aggregate", "Strategy": "Plain", "Startup Cost": 189327.96, "Total Cost": 189327.97, "Plan Rows": 1, "Plan Width": 102, "Plans": [{"Node Type": "Nested Loop", "Parent Relationship": "Outer", "Join Type": "Inner", "Startup Cost": 4845.53, "Total Cost": 189293.09, "Plan Rows": 6974, "Plan Width": 38, "Inner Unique": false, "Join Filter": "(t.id = at.movie_id)", "Plans": [{"Node Type": "Nested Loop", "Parent Relationship": "Outer", "Join Type": "Inner", "Startup Cost": 4845.25, "Total Cost": 179477.32, "Plan Rows": 2257, "Plan Width": 33, "Inner Unique": true, "Plans": [{"Node Type": "Nested Loop", "Parent Relationship": "Outer", "Join Type": "Inner", "Startup Cost": 4844.99, "Total Cost": 169816.77, "Plan Rows": 2257, "Plan Width": 37, "Inner Unique": false, "Join Filter": "(t.id = mk.movie_id)", "Plans": [{"Node Type": "Nested Loop", "Parent Relationship": "Outer", "Join Type": "Inner", "Startup Cost": 4844.66, "Total Cost": 168555.2, "Plan Rows": 278, "Plan Width": 29, "Inner Unique": true, "Join Filter": "(mi.movie_id = t.id)", "Plans": [{"Node Type": "Nested Loop", "Parent Relationship": "Outer", "Join Type": "Inner", "Startup Cost": 4844.38, "Total Cost": 167691.01, "Plan Rows": 201, "Plan Width": 8, "Inner Unique": true, "Join Filter": "(mc.company_type_id = ct.id)", "Plans": [{"Node Type": "Nested Loop", "Parent Relationship": "Outer", "Join Type": "Inner", "Startup Cost": 4844.38, "Total Cost": 167674.45, "Plan Rows": 345, "Plan Width": 12, "Inner Unique": true, "Plans": [{"Node Type": "Nested Loop", "Parent Relationship": "Outer", "Join Type": "Inner", "Startup Cost": 4844.13, "Total Cost": 165918.27, "Plan Rows": 410, "Plan Width": 16, "Inner Unique": false, "Plans": [{"Node Type": "Nested Loop", "Parent Relationship": "Outer", "Join Type": "Inner", "Startup Cost": 4841.51, "Total Cost": 163884.08, "Plan Rows": 192, "Plan Width": 4, "Inner Unique": false, "Plans": [{"Node Type": "Seq Scan", "Parent Relationship": "Outer", "Relation Name": "info_type", "Alias": "it1", "Startup Cost": 0.0, "Total Cost": 2.4, "Plan Rows": 1, "Plan Width": 4, "Filter": "((info)::text = 'release dates'::text)"}, {"Node Type": "Bitmap Heap Scan", "Parent Relationship": "Inner", "Relation Name": "movie_info", "Alias": "mi", "Startup Cost": 4841.51, "Total Cost": 163879.76, "Plan Rows": 192, "Plan Width": 8, "Recheck Cond": "(info_type_id = it1.id)", "Filter": "((note)::text ~~ '%internet%'::text)", "Plans": [{"Node Type": "Bitmap Index Scan", "Parent Relationship": "Outer", "Index Name": "info_type_id_movie_info", "Startup Cost": 0.0, "Total Cost": 4841.46, "Plan Rows": 212428, "Plan Width": 0, "Index Cond": "(info_type_id = it1.id)"}]}]}, {"Node Type": "Bitmap Heap Scan", "Parent Relationship": "Inner", "Relation Name": "movie_companies", "Alias": "mc", "Startup Cost": 2.62, "Total Cost": 10.57, "Plan Rows": 2, "Plan Width": 12, "Recheck Cond": "(movie_id = mi.movie_id)", "Plans": [{"Node Type": "Bitmap Index Scan", "Parent Relationship": "Outer", "Index Name": "movie_id_movie_companies", "Startup Cost": 0.0, "Total Cost": 2.62, "Plan Rows": 2, "Plan Width": 0, "Index Cond": "(movie_id = mi.movie_id)"}]}]}, {"Node Type": "Bitmap Heap Scan", "Parent Relationship": "Inner", "Relation Name": "company_name", "Alias": "cn", "Startup Cost": 0.26, "Total Cost": 4.27, "Plan Rows": 1, "Plan Width": 4, "Recheck Cond": "(id = mc.company_id)", "Filter": "((country_code)::text = '[us]'::text)", "Plans": [{"Node Type": "Bitmap Index Scan", "Parent Relationship": "Outer", "Index Name": "company_name_pkey", "Startup Cost": 0.0, "Total Cost": 0.26, "Plan Rows": 1, "Plan Width": 0, "Index Cond": "(id = mc.company_id)"}]}]}, {"Node Type": "Materialize", "Parent Relationship": "Inner", "Startup Cost": 0.0, "Total Cost": 1.04, "Plan Rows": 3, "Plan Width": 4, "Plans": [{"Node Type": "Seq Scan", "Parent Relationship": "Outer", "Relation Name": "company_type", "Alias": "ct", "Startup Cost": 0.0, "Total Cost": 1.03, "Plan Rows": 3, "Plan Width": 4}]}]}, {"Node Type": "Bitmap Heap Scan", "Parent Relationship": "Inner", "Relation Name": "title", "Alias": "t", "Startup Cost": 0.27, "Total Cost": 4.29, "Plan Rows": 1, "Plan Width": 21, "Recheck Cond": "(id = mc.movie_id)", "Filter": "(production_year > 1990)", "Plans": [{"Node Type": "Bitmap Index Scan", "Parent Relationship": "Outer", "Index Name": "title_pkey", "Startup Cost": 0.0, "Total Cost": 0.27, "Plan Rows": 1, "Plan Width": 0, "Index Cond": "(id = mc.movie_id)"}]}]}, {"Node Type": "Bitmap Heap Scan", "Parent Relationship": "Inner", "Relation Name": "movie_keyword", "Alias": "mk", "Startup Cost": 0.34, "Total Cost": 4.44, "Plan Rows": 8, "Plan Width": 8, "Recheck Cond": "(movie_id = mc.movie_id)", "Plans": [{"Node Type": "Bitmap Index Scan", "Parent Relationship": "Outer", "Index Name": "movie_id_movie_keyword", "Startup Cost": 0.0, "Total Cost": 0.34, "Plan Rows": 8, "Plan Width": 0, "Index Cond": "(movie_id = mc.movie_id)"}]}]}, {"Node Type": "Bitmap Heap Scan", "Parent Relationship": "Inner", "Relation Name": "keyword", "Alias": "k", "Startup Cost": 0.26, "Total Cost": 4.27, "Plan Rows": 1, "Plan Width": 4, "Recheck Cond": "(id = mk.keyword_id)", "Plans": [{"Node Type": "Bitmap Index Scan", "Parent Relationship": "Outer", "Index Name": "keyword_pkey", "Startup Cost": 0.0, "Total Cost": 0.26, "Plan Rows": 1, "Plan Width": 0, "Index Cond": "(id = mk.keyword_id)"}]}]}, {"Node Type": "Bitmap Heap Scan", "Parent Relationship": "Inner", "Relation Name": "aka_title", "Alias": "at", "Startup Cost": 0.27, "Total Cost": 4.31, "Plan Rows": 3, "Plan Width": 25, "Recheck Cond": "(movie_id = mk.movie_id)", "Plans": [{"Node Type": "Bitmap Index Scan", "Parent Relationship": "Outer", "Index Name": "movie_id_aka_title", "Startup Cost": 0.0, "Total Cost": 0.27, "Plan Rows": 3, "Plan Width": 0, "Index Cond": "(movie_id = mk.movie_id)"}]}]}]}, "Unique SQL Id": 2302223328, "Planner Runtime": 119}, "explain_analyze_plan": {"Plan": {"Node Type": "Aggregate", "Strategy": "Plain", "Startup Cost": 189327.96, "Total Cost": 189327.97, "Plan Rows": 1, "Plan Width": 102, "Actual Startup Time": 1893.962, "Actual Total Time": 1893.962, "Actual Rows": 1, "Actual Loops": 1, "Plans": [{"Node Type": "Nested Loop", "Parent Relationship": "Outer", "Join Type": "Inner", "Startup Cost": 4845.53, "Total Cost": 189293.09, "Plan Rows": 6974, "Plan Width": 38, "Actual Startup Time": 418.269, "Actual Total Time": 1890.568, "Actual Rows": 4371, "Actual Loops": 1, "Inner Unique": false, "Join Filter": "(t.id = at.movie_id)", "Rows Removed by Join Filter": 0, "Plans": [{"Node Type": "Nested Loop", "Parent Relationship": "Outer", "Join Type": "Inner", "Startup Cost": 4845.25, "Total Cost": 179477.32, "Plan Rows": 2257, "Plan Width": 33, "Actual Startup Time": 377.372, "Actual Total Time": 1828.064, "Actual Rows": 14161, "Actual Loops": 1, "Inner Unique": true, "Plans": [{"Node Type": "Nested Loop", "Parent Relationship": "Outer", "Join Type": "Inner", "Startup Cost": 4844.99, "Total Cost": 169816.77, "Plan Rows": 2257, "Plan Width": 37, "Actual Startup Time": 377.359, "Actual Total Time": 1744.291, "Actual Rows": 14161, "Actual Loops": 1, "Inner Unique": false, "Join Filter": "(t.id = mk.movie_id)", "Rows Removed by Join Filter": 0, "Plans": [{"Node Type": "Nested Loop", "Parent Relationship": "Outer", "Join Type": "Inner", "Startup Cost": 4844.66, "Total Cost": 168555.2, "Plan Rows": 278, "Plan Width": 29, "Actual Startup Time": 377.341, "Actual Total Time": 1699.101, "Actual Rows": 5914, "Actual Loops": 1, "Inner Unique": true, "Join Filter": "(mi.movie_id = t.id)", "Rows Removed by Join Filter": 0, "Plans": [{"Node Type": "Nested Loop", "Parent Relationship": "Outer", "Join Type": "Inner", "Startup Cost": 4844.38, "Total Cost": 167691.01, "Plan Rows": 201, "Plan Width": 8, "Actual Startup Time": 377.315, "Actual Total Time": 1654.172, "Actual Rows": 5916, "Actual Loops": 1, "Inner Unique": true, "Join Filter": "(mc.company_type_id = ct.id)", "Rows Removed by Join Filter": 11874, "Plans": [{"Node Type": "Nested Loop", "Parent Relationship": "Outer", "Join Type": "Inner", "Startup Cost": 4844.38, "Total Cost": 167674.45, "Plan Rows": 345, "Plan Width": 12, "Actual Startup Time": 377.221, "Actual Total Time": 1644.365, "Actual Rows": 9874, "Actual Loops": 1, "Inner Unique": true, "Plans": [{"Node Type": "Nested Loop", "Parent Relationship": "Outer", "Join Type": "Inner", "Startup Cost": 4844.13, "Total Cost": 165918.27, "Plan Rows": 410, "Plan Width": 16, "Actual Startup Time": 377.196, "Actual Total Time": 1547.621, "Actual Rows": 14401, "Actual Loops": 1, "Inner Unique": false, "Plans": [{"Node Type": "Nested Loop", "Parent Relationship": "Outer", "Join Type": "Inner", "Startup Cost": 4841.51, "Total Cost": 163884.08, "Plan Rows": 192, "Plan Width": 4, "Actual Startup Time": 377.108, "Actual Total Time": 1457.982, "Actual Rows": 10679, "Actual Loops": 1, "Inner Unique": false, "Plans": [{"Node Type": "Seq Scan", "Parent Relationship": "Outer", "Relation Name": "info_type", "Alias": "it1", "Startup Cost": 0.0, "Total Cost": 2.4, "Plan Rows": 1, "Plan Width": 4, "Actual Startup Time": 0.051, "Actual Total Time": 0.083, "Actual Rows": 1, "Actual Loops": 1, "Filter": "((info)::text = 'release dates'::text)", "Rows Removed by Filter": 111}, {"Node Type": "Bitmap Heap Scan", "Parent Relationship": "Inner", "Relation Name": "movie_info", "Alias": "mi", "Startup Cost": 4841.51, "Total Cost": 163879.76, "Plan Rows": 192, "Plan Width": 8, "Actual Startup Time": 377.049, "Actual Total Time": 1455.392, "Actual Rows": 10679, "Actual Loops": 1, "Recheck Cond": "(info_type_id = it1.id)", "Rows Removed by Index Recheck": 0, "Filter": "((note)::text ~~ '%internet%'::text)", "Rows Removed by Filter": 3026040, "Exact Heap Blocks": 21947, "Lossy Heap Blocks": 21947, "Plans": [{"Node Type": "Bitmap Index Scan", "Parent Relationship": "Outer", "Index Name": "info_type_id_movie_info", "Startup Cost": 0.0, "Total Cost": 4841.46, "Plan Rows": 212428, "Plan Width": 0, "Actual Startup Time": 372.079, "Actual Total Time": 372.079, "Actual Rows": 3036719, "Actual Loops": 1, "Index Cond": "(info_type_id = it1.id)"}]}]}, {"Node Type": "Bitmap Heap Scan", "Parent Relationship": "Inner", "Relation Name": "movie_companies", "Alias": "mc", "Startup Cost": 2.62, "Total Cost": 10.57, "Plan Rows": 2, "Plan Width": 12, "Actual Startup Time": 63.725, "Actual Total Time": 72.1, "Actual Rows": 14401, "Actual Loops": 10679, "Recheck Cond": "(movie_id = mi.movie_id)", "Rows Removed by Index Recheck": 0, "Exact Heap Blocks": 11702, "Lossy Heap Blocks": 11702, "Plans": [{"Node Type": "Bitmap Index Scan", "Parent Relationship": "Outer", "Index Name": "movie_id_movie_companies", "Startup Cost": 0.0, "Total Cost": 2.62, "Plan Rows": 2, "Plan Width": 0, "Actual Startup Time": 40.597, "Actual Total Time": 40.597, "Actual Rows": 14401, "Actual Loops": 10679, "Index Cond": "(movie_id = mi.movie_id)"}]}]}, {"Node Type": "Bitmap Heap Scan", "Parent Relationship": "Inner", "Relation Name": "company_name", "Alias": "cn", "Startup Cost": 0.26, "Total Cost": 4.27, "Plan Rows": 1, "Plan Width": 4, "Actual Startup Time": 77.592, "Actual Total Time": 77.592, "Actual Rows": 9874, "Actual Loops": 14401, "Recheck Cond": "(id = mc.company_id)", "Rows Removed by Index Recheck": 0, "Filter": "((country_code)::text = '[us]'::text)", "Rows Removed by Filter": 4527, "Exact Heap Blocks": 14401, "Lossy Heap Blocks": 14401, "Plans": [{"Node Type": "Bitmap Index Scan", "Parent Relationship": "Outer", "Index Name": "company_name_pkey", "Startup Cost": 0.0, "Total Cost": 0.26, "Plan Rows": 1, "Plan Width": 0, "Actual Startup Time": 43.569, "Actual Total Time": 43.569, "Actual Rows": 14401, "Actual Loops": 14401, "Index Cond": "(id = mc.company_id)"}]}]}, {"Node Type": "Materialize", "Parent Relationship": "Inner", "Startup Cost": 0.0, "Total Cost": 1.04, "Plan Rows": 3, "Plan Width": 4, "Actual Startup Time": 1.408, "Actual Total Time": 2.502, "Actual Rows": 17790, "Actual Loops": 9874, "Plans": [{"Node Type": "Seq Scan", "Parent Relationship": "Outer", "Relation Name": "company_type", "Alias": "ct", "Startup Cost": 0.0, "Total Cost": 1.03, "Plan Rows": 3, "Plan Width": 4, "Actual Startup Time": 0.013, "Actual Total Time": 0.015, "Actual Rows": 3, "Actual Loops": 1}]}]}, {"Node Type": "Bitmap Heap Scan", "Parent Relationship": "Inner", "Relation Name": "title", "Alias": "t", "Startup Cost": 0.27, "Total Cost": 4.29, "Plan Rows": 1, "Plan Width": 21, "Actual Startup Time": 34.752, "Actual Total Time": 34.752, "Actual Rows": 5914, "Actual Loops": 5916, "Recheck Cond": "(id = mc.movie_id)", "Rows Removed by Index Recheck": 0, "Filter": "(production_year > 1990)", "Rows Removed by Filter": 2, "Exact Heap Blocks": 5916, "Lossy Heap Blocks": 5916, "Plans": [{"Node Type": "Bitmap Index Scan", "Parent Relationship": "Outer", "Index Name": "title_pkey", "Startup Cost": 0.0, "Total Cost": 0.27, "Plan Rows": 1, "Plan Width": 0, "Actual Startup Time": 20.388, "Actual Total Time": 20.388, "Actual Rows": 5916, "Actual Loops": 5916, "Index Cond": "(id = mc.movie_id)"}]}]}, {"Node Type": "Bitmap Heap Scan", "Parent Relationship": "Inner", "Relation Name": "movie_keyword", "Alias": "mk", "Startup Cost": 0.34, "Total Cost": 4.44, "Plan Rows": 8, "Plan Width": 8, "Actual Startup Time": 29.537, "Actual Total Time": 31.705, "Actual Rows": 14161, "Actual Loops": 5914, "Recheck Cond": "(movie_id = mc.movie_id)", "Rows Removed by Index Recheck": 0, "Exact Heap Blocks": 1896, "Lossy Heap Blocks": 1896, "Plans": [{"Node Type": "Bitmap Index Scan", "Parent Relationship": "Outer", "Index Name": "movie_id_movie_keyword", "Startup Cost": 0.0, "Total Cost": 0.34, "Plan Rows": 8, "Plan Width": 0, "Actual Startup Time": 21.595, "Actual Total Time": 21.595, "Actual Rows": 14161, "Actual Loops": 5914, "Index Cond": "(movie_id = mc.movie_id)"}]}]}, {"Node Type": "Bitmap Heap Scan", "Parent Relationship": "Inner", "Relation Name": "keyword", "Alias": "k", "Startup Cost": 0.26, "Total Cost": 4.27, "Plan Rows": 1, "Plan Width": 4, "Actual Startup Time": 65.098, "Actual Total Time": 65.098, "Actual Rows": 14161, "Actual Loops": 14161, "Recheck Cond": "(id = mk.keyword_id)", "Rows Removed by Index Recheck": 0, "Exact Heap Blocks": 14161, "Lossy Heap Blocks": 14161, "Plans": [{"Node Type": "Bitmap Index Scan", "Parent Relationship": "Outer", "Index Name": "keyword_pkey", "Startup Cost": 0.0, "Total Cost": 0.26, "Plan Rows": 1, "Plan Width": 0, "Actual Startup Time": 41.082, "Actual Total Time": 41.082, "Actual Rows": 14161, "Actual Loops": 14161, "Index Cond": "(id = mk.keyword_id)"}]}]}, {"Node Type": "Bitmap Heap Scan", "Parent Relationship": "Inner", "Relation Name": "aka_title", "Alias": "at", "Startup Cost": 0.27, "Total Cost": 4.31, "Plan Rows": 3, "Plan Width": 25, "Actual Startup Time": 43.012, "Actual Total Time": 44.746, "Actual Rows": 4371, "Actual Loops": 14161, "Recheck Cond": "(movie_id = mk.movie_id)", "Rows Removed by Index Recheck": 0, "Exact Heap Blocks": 4371, "Lossy Heap Blocks": 4371, "Plans": [{"Node Type": "Bitmap Index Scan", "Parent Relationship": "Outer", "Index Name": "movie_id_aka_title", "Startup Cost": 0.0, "Total Cost": 0.27, "Plan Rows": 3, "Plan Width": 0, "Actual Startup Time": 32.477, "Actual Total Time": 32.477, "Actual Rows": 4371, "Actual Loops": 14161, "Index Cond": "(movie_id = mk.movie_id)"}]}]}]}, "Triggers": [], "Planner Runtime": 119, "Total Runtime": 1894.497, "Unique SQL Id": 2302223328}}, "(1, 19)": {"explain_plan": {"Plan": {"Node Type": "Aggregate", "Strategy": "Plain", "Startup Cost": 1000003999861.48, "Total Cost": 1000003999861.49, "Plan Rows": 1, "Plan Width": 102, "Plans": [{"Node Type": "Nested Loop", "Parent Relationship": "Outer", "Join Type": "Inner", "Startup Cost": 10000000002.92, "Total Cost": 1000003999827.29, "Plan Rows": 6838, "Plan Width": 38, "Inner Unique": true, "Join Filter": "(at.movie_id = t.id)", "Plans": [{"Node Type": "Nested Loop", "Parent Relationship": "Outer", "Join Type": "Inner", "Startup Cost": 10000000002.66, "Total Cost": 1000003978634.91, "Plan Rows": 4936, "Plan Width": 37, "Inner Unique": true, "Plans": [{"Node Type": "Nested Loop", "Parent Relationship": "Outer", "Join Type": "Inner", "Startup Cost": 10000000002.4, "Total Cost": 1000003957088.08, "Plan Rows": 5034, "Plan Width": 41, "Inner Unique": false, "Join Filter": "(at.movie_id = mk.movie_id)", "Plans": [{"Node Type": "Nested Loop", "Parent Relationship": "Outer", "Join Type": "Inner", "Startup Cost": 10000000002.06, "Total Cost": 1000003954256.35, "Plan Rows": 624, "Plan Width": 33, "Inner Unique": true, "Plans": [{"Node Type": "Nested Loop", "Parent Relationship": "Outer", "Join Type": "Inner", "Startup Cost": 10000000001.8, "Total Cost": 1000003951585.47, "Plan Rows": 624, "Plan Width": 37, "Inner Unique": true, "Plans": [{"Node Type": "Nested Loop", "Parent Relationship": "Outer", "Join Type": "Inner", "Startup Cost": 10000000001.55, "Total Cost": 1000003947079.38, "Plan Rows": 1052, "Plan Width": 41, "Inner Unique": false, "Plans": [{"Node Type": "Nested Loop", "Parent Relationship": "Outer", "Join Type": "Inner", "Startup Cost": 10000000001.17, "Total Cost": 1000003944915.32, "Plan Rows": 490, "Plan Width": 29, "Inner Unique": true, "Plans": [{"Node Type": "Nested Loop", "Parent Relationship": "Outer", "Join Type": "Inner", "Startup Cost": 10000000000.92, "Total Cost": 1000003797919.45, "Plan Rows": 34318, "Plan Width": 33, "Inner Unique": false, "Plans": [{"Node Type": "Index Scan", "Parent Relationship": "Outer", "Scan Direction": "Forward", "Index Name": "movie_id_aka_title", "Relation Name": "aka_title", "Alias": "at", "Startup Cost": 10000000000.0, "Total Cost": 1000001990001.13, "Plan Rows": 361471, "Plan Width": 25}, {"Node Type": "Bitmap Heap Scan", "Parent Relationship": "Inner", "Relation Name": "movie_info", "Alias": "mi", "Startup Cost": 0.92, "Total Cost": 4.99, "Plan Rows": 1, "Plan Width": 8, "Recheck Cond": "(movie_id = at.movie_id)", "Filter": "((note)::text ~~ '%internet%'::text)", "Plans": [{"Node Type": "Bitmap Index Scan", "Parent Relationship": "Outer", "Index Name": "movie_id_movie_info", "Startup Cost": 0.0, "Total Cost": 0.92, "Plan Rows": 5, "Plan Width": 0, "Index Cond": "(movie_id = at.movie_id)"}]}]}, {"Node Type": "Bitmap Heap Scan", "Parent Relationship": "Inner", "Relation Name": "info_type", "Alias": "it1", "Startup Cost": 0.26, "Total Cost": 4.27, "Plan Rows": 1, "Plan Width": 4, "Recheck Cond": "(id = mi.info_type_id)", "Filter": "((info)::text = 'release dates'::text)", "Plans": [{"Node Type": "Bitmap Index Scan", "Parent Relationship": "Outer", "Index Name": "info_type_pkey", "Startup Cost": 0.0, "Total Cost": 0.26, "Plan Rows": 1, "Plan Width": 0, "Index Cond": "(id = mi.info_type_id)"}]}]}, {"Node Type": "Bitmap Heap Scan", "Parent Relationship": "Inner", "Relation Name": "movie_companies", "Alias": "mc", "Startup Cost": 0.37, "Total Cost": 4.4, "Plan Rows": 2, "Plan Width": 12, "Recheck Cond": "(movie_id = at.movie_id)", "Plans": [{"Node Type": "Bitmap Index Scan", "Parent Relationship": "Outer", "Index Name": "movie_id_movie_companies", "Startup Cost": 0.0, "Total Cost": 0.37, "Plan Rows": 2, "Plan Width": 0, "Index Cond": "(movie_id = at.movie_id)"}]}]}, {"Node Type": "Bitmap Heap Scan", "Parent Relationship": "Inner", "Relation Name": "company_name", "Alias": "cn", "Startup Cost": 0.26, "Total Cost": 4.27, "Plan Rows": 1, "Plan Width": 4, "Recheck Cond": "(id = mc.company_id)", "Filter": "((country_code)::text = '[us]'::text)", "Plans": [{"Node Type": "Bitmap Index Scan", "Parent Relationship": "Outer", "Index Name": "company_name_pkey", "Startup Cost": 0.0, "Total Cost": 0.26, "Plan Rows": 1, "Plan Width": 0, "Index Cond": "(id = mc.company_id)"}]}]}, {"Node Type": "Bitmap Heap Scan", "Parent Relationship": "Inner", "Relation Name": "company_type", "Alias": "ct", "Startup Cost": 0.26, "Total Cost": 4.27, "Plan Rows": 1, "Plan Width": 4, "Recheck Cond": "(id = mc.company_type_id)", "Plans": [{"Node Type": "Bitmap Index Scan", "Parent Relationship": "Outer", "Index Name": "company_type_pkey", "Startup Cost": 0.0, "Total Cost": 0.26, "Plan Rows": 1, "Plan Width": 0, "Index Cond": "(id = mc.company_type_id)"}]}]}, {"Node Type": "Bitmap Heap Scan", "Parent Relationship": "Inner", "Relation Name": "movie_keyword", "Alias": "mk", "Startup Cost": 0.34, "Total Cost": 4.44, "Plan Rows": 8, "Plan Width": 8, "Recheck Cond": "(movie_id = mc.movie_id)", "Plans": [{"Node Type": "Bitmap Index Scan", "Parent Relationship": "Outer", "Index Name": "movie_id_movie_keyword", "Startup Cost": 0.0, "Total Cost": 0.34, "Plan Rows": 8, "Plan Width": 0, "Index Cond": "(movie_id = mc.movie_id)"}]}]}, {"Node Type": "Bitmap Heap Scan", "Parent Relationship": "Inner", "Relation Name": "keyword", "Alias": "k", "Startup Cost": 0.26, "Total Cost": 4.27, "Plan Rows": 1, "Plan Width": 4, "Recheck Cond": "(id = mk.keyword_id)", "Plans": [{"Node Type": "Bitmap Index Scan", "Parent Relationship": "Outer", "Index Name": "keyword_pkey", "Startup Cost": 0.0, "Total Cost": 0.26, "Plan Rows": 1, "Plan Width": 0, "Index Cond": "(id = mk.keyword_id)"}]}]}, {"Node Type": "Bitmap Heap Scan", "Parent Relationship": "Inner", "Relation Name": "title", "Alias": "t", "Startup Cost": 0.27, "Total Cost": 4.28, "Plan Rows": 1, "Plan Width": 21, "Recheck Cond": "(id = mk.movie_id)", "Filter": "(production_year > 1990)", "Plans": [{"Node Type": "Bitmap Index Scan", "Parent Relationship": "Outer", "Index Name": "title_pkey", "Startup Cost": 0.0, "Total Cost": 0.27, "Plan Rows": 1, "Plan Width": 0, "Index Cond": "(id = mk.movie_id)"}]}]}]}, "Unique SQL Id": 2302223328, "Planner Runtime": 44}, "explain_analyze_plan": null}, "(1, 20)": {"explain_plan": {"Plan": {"Node Type": "Aggregate", "Strategy": "Plain", "Startup Cost": 166934.52, "Total Cost": 166934.53, "Plan Rows": 1, "Plan Width": 102, "Plans": [{"Node Type": "Nested Loop", "Parent Relationship": "Outer", "Join Type": "Inner", "Startup Cost": 4841.51, "Total Cost": 166899.65, "Plan Rows": 6974, "Plan Width": 38, "Inner Unique": false, "Join Filter": "(t.id = at.movie_id)", "Plans": [{"Node Type": "Nested Loop", "Parent Relationship": "Outer", "Join Type": "Inner", "Startup Cost": 4841.51, "Total Cost": 166101.03, "Plan Rows": 2257, "Plan Width": 33, "Inner Unique": true, "Plans": [{"Node Type": "Nested Loop", "Parent Relationship": "Outer", "Join Type": "Inner", "Startup Cost": 4841.51, "Total Cost": 165467.53, "Plan Rows": 2257, "Plan Width": 37, "Inner Unique": false, "Join Filter": "(t.id = mk.movie_id)", "Plans": [{"Node Type": "Nested Loop", "Parent Relationship": "Outer", "Join Type": "Inner", "Startup Cost": 4841.51, "Total Cost": 165311.18, "Plan Rows": 278, "Plan Width": 29, "Inner Unique": true, "Join Filter": "(mc.company_type_id = ct.id)", "Plans": [{"Node Type": "Nested Loop", "Parent Relationship": "Outer", "Join Type": "Inner", "Startup Cost": 4841.51, "Total Cost": 165288.64, "Plan Rows": 478, "Plan Width": 33, "Inner Unique": true, "Plans": [{"Node Type": "Nested Loop", "Parent Relationship": "Outer", "Join Type": "Inner", "Startup Cost": 4841.51, "Total Cost": 165125.25, "Plan Rows": 568, "Plan Width": 37, "Inner Unique": false, "Plans": [{"Node Type": "Nested Loop", "Parent Relationship": "Outer", "Join Type": "Inner", "Startup Cost": 4841.51, "Total Cost": 165027.39, "Plan Rows": 266, "Plan Width": 25, "Inner Unique": true, "Plans": [{"Node Type": "Nested Loop", "Parent Relationship": "Outer", "Join Type": "Inner", "Startup Cost": 4841.51, "Total Cost": 163884.08, "Plan Rows": 192, "Plan Width": 4, "Inner Unique": false, "Plans": [{"Node Type": "Seq Scan", "Parent Relationship": "Outer", "Relation Name": "info_type", "Alias": "it1", "Startup Cost": 0.0, "Total Cost": 2.4, "Plan Rows": 1, "Plan Width": 4, "Filter": "((info)::text = 'release dates'::text)"}, {"Node Type": "Bitmap Heap Scan", "Parent Relationship": "Inner", "Relation Name": "movie_info", "Alias": "mi", "Startup Cost": 4841.51, "Total Cost": 163879.76, "Plan Rows": 192, "Plan Width": 8, "Recheck Cond": "(info_type_id = it1.id)", "Filter": "((note)::text ~~ '%internet%'::text)", "Plans": [{"Node Type": "Bitmap Index Scan", "Parent Relationship": "Outer", "Index Name": "info_type_id_movie_info", "Startup Cost": 0.0, "Total Cost": 4841.46, "Plan Rows": 212428, "Plan Width": 0, "Index Cond": "(info_type_id = it1.id)"}]}]}, {"Node Type": "Index Scan", "Parent Relationship": "Inner", "Scan Direction": "Forward", "Index Name": "title_pkey", "Relation Name": "title", "Alias": "t", "Startup Cost": 0.0, "Total Cost": 5.94, "Plan Rows": 1, "Plan Width": 21, "Index Cond": "(id = mi.movie_id)", "Filter": "(production_year > 1990)"}]}, {"Node Type": "Index Scan", "Parent Relationship": "Inner", "Scan Direction": "Forward", "Index Name": "movie_id_movie_companies", "Relation Name": "movie_companies", "Alias": "mc", "Startup Cost": 0.0, "Total Cost": 0.35, "Plan Rows": 2, "Plan Width": 12, "Index Cond": "(movie_id = t.id)"}]}, {"Node Type": "Index Scan", "Parent Relationship": "Inner", "Scan Direction": "Forward", "Index Name": "company_name_pkey", "Relation Name": "company_name", "Alias": "cn", "Startup Cost": 0.0, "Total Cost": 0.28, "Plan Rows": 1, "Plan Width": 4, "Index Cond": "(id = mc.company_id)", "Filter": "((country_code)::text = '[us]'::text)"}]}, {"Node Type": "Materialize", "Parent Relationship": "Inner", "Startup Cost": 0.0, "Total Cost": 1.04, "Plan Rows": 3, "Plan Width": 4, "Plans": [{"Node Type": "Seq Scan", "Parent Relationship": "Outer", "Relation Name": "company_type", "Alias": "ct", "Startup Cost": 0.0, "Total Cost": 1.03, "Plan Rows": 3, "Plan Width": 4}]}]}, {"Node Type": "Index Scan", "Parent Relationship": "Inner", "Scan Direction": "Forward", "Index Name": "movie_id_movie_keyword", "Relation Name": "movie_keyword", "Alias": "mk", "Startup Cost": 0.0, "Total Cost": 0.46, "Plan Rows": 8, "Plan Width": 8, "Index Cond": "(movie_id = mc.movie_id)"}]}, {"Node Type": "Index Scan", "Parent Relationship": "Inner", "Scan Direction": "Forward", "Index Name": "keyword_pkey", "Relation Name": "keyword", "Alias": "k", "Startup Cost": 0.0, "Total Cost": 0.27, "Plan Rows": 1, "Plan Width": 4, "Index Cond": "(id = mk.keyword_id)"}]}, {"Node Type": "Index Scan", "Parent Relationship": "Inner", "Scan Direction": "Forward", "Index Name": "movie_id_aka_title", "Relation Name": "aka_title", "Alias": "at", "Startup Cost": 0.0, "Total Cost": 0.32, "Plan Rows": 3, "Plan Width": 25, "Index Cond": "(movie_id = mk.movie_id)"}]}]}, "Unique SQL Id": 2302223328, "Planner Runtime": 124}, "explain_analyze_plan": {"Plan": {"Node Type": "Aggregate", "Strategy": "Plain", "Startup Cost": 166934.52, "Total Cost": 166934.53, "Plan Rows": 1, "Plan Width": 102, "Actual Startup Time": 2023.965, "Actual Total Time": 2023.965, "Actual Rows": 1, "Actual Loops": 1, "Plans": [{"Node Type": "Nested Loop", "Parent Relationship": "Outer", "Join Type": "Inner", "Startup Cost": 4841.51, "Total Cost": 166899.65, "Plan Rows": 6974, "Plan Width": 38, "Actual Startup Time": 416.195, "Actual Total Time": 2021.073, "Actual Rows": 4371, "Actual Loops": 1, "Inner Unique": false, "Join Filter": "(t.id = at.movie_id)", "Rows Removed by Join Filter": 0, "Plans": [{"Node Type": "Nested Loop", "Parent Relationship": "Outer", "Join Type": "Inner", "Startup Cost": 4841.51, "Total Cost": 166101.03, "Plan Rows": 2257, "Plan Width": 33, "Actual Startup Time": 377.05, "Actual Total Time": 1976.296, "Actual Rows": 14161, "Actual Loops": 1, "Inner Unique": true, "Plans": [{"Node Type": "Nested Loop", "Parent Relationship": "Outer", "Join Type": "Inner", "Startup Cost": 4841.51, "Total Cost": 165467.53, "Plan Rows": 2257, "Plan Width": 37, "Actual Startup Time": 377.039, "Actual Total Time": 1906.761, "Actual Rows": 14161, "Actual Loops": 1, "Inner Unique": false, "Join Filter": "(t.id = mk.movie_id)", "Rows Removed by Join Filter": 0, "Plans": [{"Node Type": "Nested Loop", "Parent Relationship": "Outer", "Join Type": "Inner", "Startup Cost": 4841.51, "Total Cost": 165311.18, "Plan Rows": 278, "Plan Width": 29, "Actual Startup Time": 377.024, "Actual Total Time": 1860.923, "Actual Rows": 5914, "Actual Loops": 1, "Inner Unique": true, "Join Filter": "(mc.company_type_id = ct.id)", "Rows Removed by Join Filter": 11829, "Plans": [{"Node Type": "Nested Loop", "Parent Relationship": "Outer", "Join Type": "Inner", "Startup Cost": 4841.51, "Total Cost": 165288.64, "Plan Rows": 478, "Plan Width": 33, "Actual Startup Time": 376.92, "Actual Total Time": 1851.616, "Actual Rows": 9857, "Actual Loops": 1, "Inner Unique": true, "Plans": [{"Node Type": "Nested Loop", "Parent Relationship": "Outer", "Join Type": "Inner", "Startup Cost": 4841.51, "Total Cost": 165125.25, "Plan Rows": 568, "Plan Width": 37, "Actual Startup Time": 376.904, "Actual Total Time": 1762.744, "Actual Rows": 14377, "Actual Loops": 1, "Inner Unique": false, "Plans": [{"Node Type": "Nested Loop", "Parent Relationship": "Outer", "Join Type": "Inner", "Startup Cost": 4841.51, "Total Cost": 165027.39, "Plan Rows": 266, "Plan Width": 25, "Actual Startup Time": 376.891, "Actual Total Time": 1685.563, "Actual Rows": 10662, "Actual Loops": 1, "Inner Unique": true, "Plans": [{"Node Type": "Nested Loop", "Parent Relationship": "Outer", "Join Type": "Inner", "Startup Cost": 4841.51, "Total Cost": 163884.08, "Plan Rows": 192, "Plan Width": 4, "Actual Startup Time": 376.843, "Actual Total Time": 1608.145, "Actual Rows": 10679, "Actual Loops": 1, "Inner Unique": false, "Plans": [{"Node Type": "Seq Scan", "Parent Relationship": "Outer", "Relation Name": "info_type", "Alias": "it1", "Startup Cost": 0.0, "Total Cost": 2.4, "Plan Rows": 1, "Plan Width": 4, "Actual Startup Time": 0.047, "Actual Total Time": 0.081, "Actual Rows": 1, "Actual Loops": 1, "Filter": "((info)::text = 'release dates'::text)", "Rows Removed by Filter": 111}, {"Node Type": "Bitmap Heap Scan", "Parent Relationship": "Inner", "Relation Name": "movie_info", "Alias": "mi", "Startup Cost": 4841.51, "Total Cost": 163879.76, "Plan Rows": 192, "Plan Width": 8, "Actual Startup Time": 376.787, "Actual Total Time": 1605.422, "Actual Rows": 10679, "Actual Loops": 1, "Recheck Cond": "(info_type_id = it1.id)", "Rows Removed by Index Recheck": 0, "Filter": "((note)::text ~~ '%internet%'::text)", "Rows Removed by Filter": 3026040, "Exact Heap Blocks": 21947, "Lossy Heap Blocks": 21947, "Plans": [{"Node Type": "Bitmap Index Scan", "Parent Relationship": "Outer", "Index Name": "info_type_id_movie_info", "Startup Cost": 0.0, "Total Cost": 4841.46, "Plan Rows": 212428, "Plan Width": 0, "Actual Startup Time": 371.827, "Actual Total Time": 371.827, "Actual Rows": 3036719, "Actual Loops": 1, "Index Cond": "(info_type_id = it1.id)"}]}]}, {"Node Type": "Index Scan", "Parent Relationship": "Inner", "Scan Direction": "Forward", "Index Name": "title_pkey", "Relation Name": "title", "Alias": "t", "Startup Cost": 0.0, "Total Cost": 5.94, "Plan Rows": 1, "Plan Width": 21, "Actual Startup Time": 67.078, "Actual Total Time": 67.078, "Actual Rows": 10662, "Actual Loops": 10679, "Index Cond": "(id = mi.movie_id)", "Rows Removed by Index Recheck": 0, "Filter": "(production_year > 1990)", "Rows Removed by Filter": 17}]}, {"Node Type": "Index Scan", "Parent Relationship": "Inner", "Scan Direction": "Forward", "Index Name": "movie_id_movie_companies", "Relation Name": "movie_companies", "Alias": "mc", "Startup Cost": 0.0, "Total Cost": 0.35, "Plan Rows": 2, "Plan Width": 12, "Actual Startup Time": 55.23, "Actual Total Time": 67.591, "Actual Rows": 14377, "Actual Loops": 10662, "Index Cond": "(movie_id = t.id)", "Rows Removed by Index Recheck": 0}]}, {"Node Type": "Index Scan", "Parent Relationship": "Inner", "Scan Direction": "Forward", "Index Name": "company_name_pkey", "Relation Name": "company_name", "Alias": "cn", "Startup Cost": 0.0, "Total Cost": 0.28, "Plan Rows": 1, "Plan Width": 4, "Actual Startup Time": 77.598, "Actual Total Time": 77.598, "Actual Rows": 9857, "Actual Loops": 14377, "Index Cond": "(id = mc.company_id)", "Rows Removed by Index Recheck": 0, "Filter": "((country_code)::text = '[us]'::text)", "Rows Removed by Filter": 4520}]}, {"Node Type": "Materialize", "Parent Relationship": "Inner", "Startup Cost": 0.0, "Total Cost": 1.04, "Plan Rows": 3, "Plan Width": 4, "Actual Startup Time": 1.249, "Actual Total Time": 2.244, "Actual Rows": 17743, "Actual Loops": 9857, "Plans": [{"Node Type": "Seq Scan", "Parent Relationship": "Outer", "Relation Name": "company_type", "Alias": "ct", "Startup Cost": 0.0, "Total Cost": 1.03, "Plan Rows": 3, "Plan Width": 4, "Actual Startup Time": 0.013, "Actual Total Time": 0.016, "Actual Rows": 3, "Actual Loops": 1}]}]}, {"Node Type": "Index Scan", "Parent Relationship": "Inner", "Scan Direction": "Forward", "Index Name": "movie_id_movie_keyword", "Relation Name": "movie_keyword", "Alias": "mk", "Startup Cost": 0.0, "Total Cost": 0.46, "Plan Rows": 8, "Plan Width": 8, "Actual Startup Time": 29.846, "Actual Total Time": 36.317, "Actual Rows": 14161, "Actual Loops": 5914, "Index Cond": "(movie_id = mc.movie_id)", "Rows Removed by Index Recheck": 0}]}, {"Node Type": "Index Scan", "Parent Relationship": "Inner", "Scan Direction": "Forward", "Index Name": "keyword_pkey", "Relation Name": "keyword", "Alias": "k", "Startup Cost": 0.0, "Total Cost": 0.27, "Plan Rows": 1, "Plan Width": 4, "Actual Startup Time": 58.106, "Actual Total Time": 58.106, "Actual Rows": 14161, "Actual Loops": 14161, "Index Cond": "(id = mk.keyword_id)", "Rows Removed by Index Recheck": 0}]}, {"Node Type": "Index Scan", "Parent Relationship": "Inner", "Scan Direction": "Forward", "Index Name": "movie_id_aka_title", "Relation Name": "aka_title", "Alias": "at", "Startup Cost": 0.0, "Total Cost": 0.32, "Plan Rows": 3, "Plan Width": 25, "Actual Startup Time": 33.406, "Actual Total Time": 35.665, "Actual Rows": 4371, "Actual Loops": 14161, "Index Cond": "(movie_id = mk.movie_id)", "Rows Removed by Index Recheck": 0}]}]}, "Triggers": [], "Planner Runtime": 124, "Total Runtime": 2024.58, "Unique SQL Id": 2302223328}}, "(1, 21)": {"explain_plan": {"Plan": {"Node Type": "Aggregate", "Strategy": "Plain", "Startup Cost": 166957.59, "Total Cost": 166957.6, "Plan Rows": 1, "Plan Width": 102, "Plans": [{"Node Type": "Nested Loop", "Parent Relationship": "Outer", "Join Type": "Inner", "Startup Cost": 4841.51, "Total Cost": 166922.72, "Plan Rows": 6974, "Plan Width": 38, "Inner Unique": false, "Join Filter": "(t.id = at.movie_id)", "Plans": [{"Node Type": "Nested Loop", "Parent Relationship": "Outer", "Join Type": "Inner", "Startup Cost": 4841.51, "Total Cost": 166124.11, "Plan Rows": 2257, "Plan Width": 33, "Inner Unique": true, "Plans": [{"Node Type": "Nested Loop", "Parent Relationship": "Outer", "Join Type": "Inner", "Startup Cost": 4841.51, "Total Cost": 165490.61, "Plan Rows": 2257, "Plan Width": 37, "Inner Unique": false, "Join Filter": "(t.id = mk.movie_id)", "Plans": [{"Node Type": "Nested Loop", "Parent Relationship": "Outer", "Join Type": "Inner", "Startup Cost": 4841.51, "Total Cost": 165334.26, "Plan Rows": 278, "Plan Width": 29, "Inner Unique": true, "Join Filter": "(mc.company_type_id = ct.id)", "Plans": [{"Node Type": "Nested Loop", "Parent Relationship": "Outer", "Join Type": "Inner", "Startup Cost": 4841.51, "Total Cost": 165300.45, "Plan Rows": 478, "Plan Width": 33, "Inner Unique": true, "Plans": [{"Node Type": "Nested Loop", "Parent Relationship": "Outer", "Join Type": "Inner", "Startup Cost": 4841.51, "Total Cost": 165137.06, "Plan Rows": 568, "Plan Width": 37, "Inner Unique": false, "Plans": [{"Node Type": "Nested Loop", "Parent Relationship": "Outer", "Join Type": "Inner", "Startup Cost": 4841.51, "Total Cost": 165039.2, "Plan Rows": 266, "Plan Width": 25, "Inner Unique": true, "Plans": [{"Node Type": "Nested Loop", "Parent Relationship": "Outer", "Join Type": "Inner", "Startup Cost": 4841.51, "Total Cost": 163895.89, "Plan Rows": 192, "Plan Width": 4, "Inner Unique": false, "Plans": [{"Node Type": "Index Scan", "Parent Relationship": "Outer", "Scan Direction": "Forward", "Index Name": "info_type_pkey", "Relation Name": "info_type", "Alias": "it1", "Startup Cost": 0.0, "Total Cost": 14.21, "Plan Rows": 1, "Plan Width": 4, "Filter": "((info)::text = 'release dates'::text)"}, {"Node Type": "Bitmap Heap Scan", "Parent Relationship": "Inner", "Relation Name": "movie_info", "Alias": "mi", "Startup Cost": 4841.51, "Total Cost": 163879.76, "Plan Rows": 192, "Plan Width": 8, "Recheck Cond": "(info_type_id = it1.id)", "Filter": "((note)::text ~~ '%internet%'::text)", "Plans": [{"Node Type": "Bitmap Index Scan", "Parent Relationship": "Outer", "Index Name": "info_type_id_movie_info", "Startup Cost": 0.0, "Total Cost": 4841.46, "Plan Rows": 212428, "Plan Width": 0, "Index Cond": "(info_type_id = it1.id)"}]}]}, {"Node Type": "Index Scan", "Parent Relationship": "Inner", "Scan Direction": "Forward", "Index Name": "title_pkey", "Relation Name": "title", "Alias": "t", "Startup Cost": 0.0, "Total Cost": 5.94, "Plan Rows": 1, "Plan Width": 21, "Index Cond": "(id = mi.movie_id)", "Filter": "(production_year > 1990)"}]}, {"Node Type": "Index Scan", "Parent Relationship": "Inner", "Scan Direction": "Forward", "Index Name": "movie_id_movie_companies", "Relation Name": "movie_companies", "Alias": "mc", "Startup Cost": 0.0, "Total Cost": 0.35, "Plan Rows": 2, "Plan Width": 12, "Index Cond": "(movie_id = t.id)"}]}, {"Node Type": "Index Scan", "Parent Relationship": "Inner", "Scan Direction": "Forward", "Index Name": "company_name_pkey", "Relation Name": "company_name", "Alias": "cn", "Startup Cost": 0.0, "Total Cost": 0.28, "Plan Rows": 1, "Plan Width": 4, "Index Cond": "(id = mc.company_id)", "Filter": "((country_code)::text = '[us]'::text)"}]}, {"Node Type": "Materialize", "Parent Relationship": "Inner", "Startup Cost": 0.0, "Total Cost": 12.31, "Plan Rows": 3, "Plan Width": 4, "Plans": [{"Node Type": "Index Scan", "Parent Relationship": "Outer", "Scan Direction": "Forward", "Index Name": "company_type_pkey", "Relation Name": "company_type", "Alias": "ct", "Startup Cost": 0.0, "Total Cost": 12.29, "Plan Rows": 3, "Plan Width": 4}]}]}, {"Node Type": "Index Scan", "Parent Relationship": "Inner", "Scan Direction": "Forward", "Index Name": "movie_id_movie_keyword", "Relation Name": "movie_keyword", "Alias": "mk", "Startup Cost": 0.0, "Total Cost": 0.46, "Plan Rows": 8, "Plan Width": 8, "Index Cond": "(movie_id = mc.movie_id)"}]}, {"Node Type": "Index Scan", "Parent Relationship": "Inner", "Scan Direction": "Forward", "Index Name": "keyword_pkey", "Relation Name": "keyword", "Alias": "k", "Startup Cost": 0.0, "Total Cost": 0.27, "Plan Rows": 1, "Plan Width": 4, "Index Cond": "(id = mk.keyword_id)"}]}, {"Node Type": "Index Scan", "Parent Relationship": "Inner", "Scan Direction": "Forward", "Index Name": "movie_id_aka_title", "Relation Name": "aka_title", "Alias": "at", "Startup Cost": 0.0, "Total Cost": 0.32, "Plan Rows": 3, "Plan Width": 25, "Index Cond": "(movie_id = mk.movie_id)"}]}]}, "Unique SQL Id": 2302223328, "Planner Runtime": 123}, "explain_analyze_plan": {"Plan": {"Node Type": "Aggregate", "Strategy": "Plain", "Startup Cost": 166957.59, "Total Cost": 166957.6, "Plan Rows": 1, "Plan Width": 102, "Actual Startup Time": 2006.871, "Actual Total Time": 2006.871, "Actual Rows": 1, "Actual Loops": 1, "Plans": [{"Node Type": "Nested Loop", "Parent Relationship": "Outer", "Join Type": "Inner", "Startup Cost": 4841.51, "Total Cost": 166922.72, "Plan Rows": 6974, "Plan Width": 38, "Actual Startup Time": 434.165, "Actual Total Time": 2003.994, "Actual Rows": 4371, "Actual Loops": 1, "Inner Unique": false, "Join Filter": "(t.id = at.movie_id)", "Rows Removed by Join Filter": 0, "Plans": [{"Node Type": "Nested Loop", "Parent Relationship": "Outer", "Join Type": "Inner", "Startup Cost": 4841.51, "Total Cost": 166124.11, "Plan Rows": 2257, "Plan Width": 33, "Actual Startup Time": 395.088, "Actual Total Time": 1959.062, "Actual Rows": 14161, "Actual Loops": 1, "Inner Unique": true, "Plans": [{"Node Type": "Nested Loop", "Parent Relationship": "Outer", "Join Type": "Inner", "Startup Cost": 4841.51, "Total Cost": 165490.61, "Plan Rows": 2257, "Plan Width": 37, "Actual Startup Time": 395.076, "Actual Total Time": 1887.935, "Actual Rows": 14161, "Actual Loops": 1, "Inner Unique": false, "Join Filter": "(t.id = mk.movie_id)", "Rows Removed by Join Filter": 0, "Plans": [{"Node Type": "Nested Loop", "Parent Relationship": "Outer", "Join Type": "Inner", "Startup Cost": 4841.51, "Total Cost": 165334.26, "Plan Rows": 278, "Plan Width": 29, "Actual Startup Time": 395.062, "Actual Total Time": 1840.506, "Actual Rows": 5914, "Actual Loops": 1, "Inner Unique": true, "Join Filter": "(mc.company_type_id = ct.id)", "Rows Removed by Join Filter": 11829, "Plans": [{"Node Type": "Nested Loop", "Parent Relationship": "Outer", "Join Type": "Inner", "Startup Cost": 4841.51, "Total Cost": 165300.45, "Plan Rows": 478, "Plan Width": 33, "Actual Startup Time": 394.968, "Actual Total Time": 1831.202, "Actual Rows": 9857, "Actual Loops": 1, "Inner Unique": true, "Plans": [{"Node Type": "Nested Loop", "Parent Relationship": "Outer", "Join Type": "Inner", "Startup Cost": 4841.51, "Total Cost": 165137.06, "Plan Rows": 568, "Plan Width": 37, "Actual Startup Time": 394.95, "Actual Total Time": 1742.212, "Actual Rows": 14377, "Actual Loops": 1, "Inner Unique": false, "Plans": [{"Node Type": "Nested Loop", "Parent Relationship": "Outer", "Join Type": "Inner", "Startup Cost": 4841.51, "Total Cost": 165039.2, "Plan Rows": 266, "Plan Width": 25, "Actual Startup Time": 394.937, "Actual Total Time": 1663.244, "Actual Rows": 10662, "Actual Loops": 1, "Inner Unique": true, "Plans": [{"Node Type": "Nested Loop", "Parent Relationship": "Outer", "Join Type": "Inner", "Startup Cost": 4841.51, "Total Cost": 163895.89, "Plan Rows": 192, "Plan Width": 4, "Actual Startup Time": 394.888, "Actual Total Time": 1585.705, "Actual Rows": 10679, "Actual Loops": 1, "Inner Unique": false, "Plans": [{"Node Type": "Index Scan", "Parent Relationship": "Outer", "Scan Direction": "Forward", "Index Name": "info_type_pkey", "Relation Name": "info_type", "Alias": "it1", "Startup Cost": 0.0, "Total Cost": 14.21, "Plan Rows": 1, "Plan Width": 4, "Actual Startup Time": 0.037, "Actual Total Time": 0.094, "Actual Rows": 1, "Actual Loops": 1, "Filter": "((info)::text = 'release dates'::text)", "Rows Removed by Filter": 111}, {"Node Type": "Bitmap Heap Scan", "Parent Relationship": "Inner", "Relation Name": "movie_info", "Alias": "mi", "Startup Cost": 4841.51, "Total Cost": 163879.76, "Plan Rows": 192, "Plan Width": 8, "Actual Startup Time": 394.843, "Actual Total Time": 1582.977, "Actual Rows": 10679, "Actual Loops": 1, "Recheck Cond": "(info_type_id = it1.id)", "Rows Removed by Index Recheck": 0, "Filter": "((note)::text ~~ '%internet%'::text)", "Rows Removed by Filter": 3026040, "Exact Heap Blocks": 21947, "Lossy Heap Blocks": 21947, "Plans": [{"Node Type": "Bitmap Index Scan", "Parent Relationship": "Outer", "Index Name": "info_type_id_movie_info", "Startup Cost": 0.0, "Total Cost": 4841.46, "Plan Rows": 212428, "Plan Width": 0, "Actual Startup Time": 389.815, "Actual Total Time": 389.815, "Actual Rows": 3036719, "Actual Loops": 1, "Index Cond": "(info_type_id = it1.id)"}]}]}, {"Node Type": "Index Scan", "Parent Relationship": "Inner", "Scan Direction": "Forward", "Index Name": "title_pkey", "Relation Name": "title", "Alias": "t", "Startup Cost": 0.0, "Total Cost": 5.94, "Plan Rows": 1, "Plan Width": 21, "Actual Startup Time": 66.963, "Actual Total Time": 66.963, "Actual Rows": 10662, "Actual Loops": 10679, "Index Cond": "(id = mi.movie_id)", "Rows Removed by Index Recheck": 0, "Filter": "(production_year > 1990)", "Rows Removed by Filter": 17}]}, {"Node Type": "Index Scan", "Parent Relationship": "Inner", "Scan Direction": "Forward", "Index Name": "movie_id_movie_companies", "Relation Name": "movie_companies", "Alias": "mc", "Startup Cost": 0.0, "Total Cost": 0.35, "Plan Rows": 2, "Plan Width": 12, "Actual Startup Time": 56.859, "Actual Total Time": 69.085, "Actual Rows": 14377, "Actual Loops": 10662, "Index Cond": "(movie_id = t.id)", "Rows Removed by Index Recheck": 0}]}, {"Node Type": "Index Scan", "Parent Relationship": "Inner", "Scan Direction": "Forward", "Index Name": "company_name_pkey", "Relation Name": "company_name", "Alias": "cn", "Startup Cost": 0.0, "Total Cost": 0.28, "Plan Rows": 1, "Plan Width": 4, "Actual Startup Time": 77.723, "Actual Total Time": 77.723, "Actual Rows": 9857, "Actual Loops": 14377, "Index Cond": "(id = mc.company_id)", "Rows Removed by Index Recheck": 0, "Filter": "((country_code)::text = '[us]'::text)", "Rows Removed by Filter": 4520}]}, {"Node Type": "Materialize", "Parent Relationship": "Inner", "Startup Cost": 0.0, "Total Cost": 12.31, "Plan Rows": 3, "Plan Width": 4, "Actual Startup Time": 1.282, "Actual Total Time": 2.287, "Actual Rows": 17743, "Actual Loops": 9857, "Plans": [{"Node Type": "Index Scan", "Parent Relationship": "Outer", "Scan Direction": "Forward", "Index Name": "company_type_pkey", "Relation Name": "company_type", "Alias": "ct", "Startup Cost": 0.0, "Total Cost": 12.29, "Plan Rows": 3, "Plan Width": 4, "Actual Startup Time": 0.006, "Actual Total Time": 0.008, "Actual Rows": 3, "Actual Loops": 1}]}]}, {"Node Type": "Index Scan", "Parent Relationship": "Inner", "Scan Direction": "Forward", "Index Name": "movie_id_movie_keyword", "Relation Name": "movie_keyword", "Alias": "mk", "Startup Cost": 0.0, "Total Cost": 0.46, "Plan Rows": 8, "Plan Width": 8, "Actual Startup Time": 30.967, "Actual Total Time": 37.448, "Actual Rows": 14161, "Actual Loops": 5914, "Index Cond": "(movie_id = mc.movie_id)", "Rows Removed by Index Recheck": 0}]}, {"Node Type": "Index Scan", "Parent Relationship": "Inner", "Scan Direction": "Forward", "Index Name": "keyword_pkey", "Relation Name": "keyword", "Alias": "k", "Startup Cost": 0.0, "Total Cost": 0.27, "Plan Rows": 1, "Plan Width": 4, "Actual Startup Time": 58.375, "Actual Total Time": 58.375, "Actual Rows": 14161, "Actual Loops": 14161, "Index Cond": "(id = mk.keyword_id)", "Rows Removed by Index Recheck": 0}]}, {"Node Type": "Index Scan", "Parent Relationship": "Inner", "Scan Direction": "Forward", "Index Name": "movie_id_aka_title", "Relation Name": "aka_title", "Alias": "at", "Startup Cost": 0.0, "Total Cost": 0.32, "Plan Rows": 3, "Plan Width": 25, "Actual Startup Time": 33.458, "Actual Total Time": 35.74, "Actual Rows": 4371, "Actual Loops": 14161, "Index Cond": "(movie_id = mk.movie_id)", "Rows Removed by Index Recheck": 0}]}]}, "Triggers": [], "Planner Runtime": 123, "Total Runtime": 2007.527, "Unique SQL Id": 2302223328}}, "(1, 22)": {"explain_plan": {"Plan": {"Node Type": "Aggregate", "Strategy": "Plain", "Startup Cost": 189327.96, "Total Cost": 189327.97, "Plan Rows": 1, "Plan Width": 102, "Plans": [{"Node Type": "Nested Loop", "Parent Relationship": "Outer", "Join Type": "Inner", "Startup Cost": 4845.53, "Total Cost": 189293.09, "Plan Rows": 6974, "Plan Width": 38, "Inner Unique": false, "Join Filter": "(t.id = at.movie_id)", "Plans": [{"Node Type": "Nested Loop", "Parent Relationship": "Outer", "Join Type": "Inner", "Startup Cost": 4845.25, "Total Cost": 179477.32, "Plan Rows": 2257, "Plan Width": 33, "Inner Unique": true, "Plans": [{"Node Type": "Nested Loop", "Parent Relationship": "Outer", "Join Type": "Inner", "Startup Cost": 4844.99, "Total Cost": 169816.77, "Plan Rows": 2257, "Plan Width": 37, "Inner Unique": false, "Join Filter": "(t.id = mk.movie_id)", "Plans": [{"Node Type": "Nested Loop", "Parent Relationship": "Outer", "Join Type": "Inner", "Startup Cost": 4844.66, "Total Cost": 168555.2, "Plan Rows": 278, "Plan Width": 29, "Inner Unique": true, "Join Filter": "(mi.movie_id = t.id)", "Plans": [{"Node Type": "Nested Loop", "Parent Relationship": "Outer", "Join Type": "Inner", "Startup Cost": 4844.38, "Total Cost": 167691.01, "Plan Rows": 201, "Plan Width": 8, "Inner Unique": true, "Join Filter": "(mc.company_type_id = ct.id)", "Plans": [{"Node Type": "Nested Loop", "Parent Relationship": "Outer", "Join Type": "Inner", "Startup Cost": 4844.38, "Total Cost": 167674.45, "Plan Rows": 345, "Plan Width": 12, "Inner Unique": true, "Plans": [{"Node Type": "Nested Loop", "Parent Relationship": "Outer", "Join Type": "Inner", "Startup Cost": 4844.13, "Total Cost": 165918.27, "Plan Rows": 410, "Plan Width": 16, "Inner Unique": false, "Plans": [{"Node Type": "Nested Loop", "Parent Relationship": "Outer", "Join Type": "Inner", "Startup Cost": 4841.51, "Total Cost": 163884.08, "Plan Rows": 192, "Plan Width": 4, "Inner Unique": false, "Plans": [{"Node Type": "Seq Scan", "Parent Relationship": "Outer", "Relation Name": "info_type", "Alias": "it1", "Startup Cost": 0.0, "Total Cost": 2.4, "Plan Rows": 1, "Plan Width": 4, "Filter": "((info)::text = 'release dates'::text)"}, {"Node Type": "Bitmap Heap Scan", "Parent Relationship": "Inner", "Relation Name": "movie_info", "Alias": "mi", "Startup Cost": 4841.51, "Total Cost": 163879.76, "Plan Rows": 192, "Plan Width": 8, "Recheck Cond": "(info_type_id = it1.id)", "Filter": "((note)::text ~~ '%internet%'::text)", "Plans": [{"Node Type": "Bitmap Index Scan", "Parent Relationship": "Outer", "Index Name": "info_type_id_movie_info", "Startup Cost": 0.0, "Total Cost": 4841.46, "Plan Rows": 212428, "Plan Width": 0, "Index Cond": "(info_type_id = it1.id)"}]}]}, {"Node Type": "Bitmap Heap Scan", "Parent Relationship": "Inner", "Relation Name": "movie_companies", "Alias": "mc", "Startup Cost": 2.62, "Total Cost": 10.57, "Plan Rows": 2, "Plan Width": 12, "Recheck Cond": "(movie_id = mi.movie_id)", "Plans": [{"Node Type": "Bitmap Index Scan", "Parent Relationship": "Outer", "Index Name": "movie_id_movie_companies", "Startup Cost": 0.0, "Total Cost": 2.62, "Plan Rows": 2, "Plan Width": 0, "Index Cond": "(movie_id = mi.movie_id)"}]}]}, {"Node Type": "Bitmap Heap Scan", "Parent Relationship": "Inner", "Relation Name": "company_name", "Alias": "cn", "Startup Cost": 0.26, "Total Cost": 4.27, "Plan Rows": 1, "Plan Width": 4, "Recheck Cond": "(id = mc.company_id)", "Filter": "((country_code)::text = '[us]'::text)", "Plans": [{"Node Type": "Bitmap Index Scan", "Parent Relationship": "Outer", "Index Name": "company_name_pkey", "Startup Cost": 0.0, "Total Cost": 0.26, "Plan Rows": 1, "Plan Width": 0, "Index Cond": "(id = mc.company_id)"}]}]}, {"Node Type": "Materialize", "Parent Relationship": "Inner", "Startup Cost": 0.0, "Total Cost": 1.04, "Plan Rows": 3, "Plan Width": 4, "Plans": [{"Node Type": "Seq Scan", "Parent Relationship": "Outer", "Relation Name": "company_type", "Alias": "ct", "Startup Cost": 0.0, "Total Cost": 1.03, "Plan Rows": 3, "Plan Width": 4}]}]}, {"Node Type": "Bitmap Heap Scan", "Parent Relationship": "Inner", "Relation Name": "title", "Alias": "t", "Startup Cost": 0.27, "Total Cost": 4.29, "Plan Rows": 1, "Plan Width": 21, "Recheck Cond": "(id = mc.movie_id)", "Filter": "(production_year > 1990)", "Plans": [{"Node Type": "Bitmap Index Scan", "Parent Relationship": "Outer", "Index Name": "title_pkey", "Startup Cost": 0.0, "Total Cost": 0.27, "Plan Rows": 1, "Plan Width": 0, "Index Cond": "(id = mc.movie_id)"}]}]}, {"Node Type": "Bitmap Heap Scan", "Parent Relationship": "Inner", "Relation Name": "movie_keyword", "Alias": "mk", "Startup Cost": 0.34, "Total Cost": 4.44, "Plan Rows": 8, "Plan Width": 8, "Recheck Cond": "(movie_id = mc.movie_id)", "Plans": [{"Node Type": "Bitmap Index Scan", "Parent Relationship": "Outer", "Index Name": "movie_id_movie_keyword", "Startup Cost": 0.0, "Total Cost": 0.34, "Plan Rows": 8, "Plan Width": 0, "Index Cond": "(movie_id = mc.movie_id)"}]}]}, {"Node Type": "Bitmap Heap Scan", "Parent Relationship": "Inner", "Relation Name": "keyword", "Alias": "k", "Startup Cost": 0.26, "Total Cost": 4.27, "Plan Rows": 1, "Plan Width": 4, "Recheck Cond": "(id = mk.keyword_id)", "Plans": [{"Node Type": "Bitmap Index Scan", "Parent Relationship": "Outer", "Index Name": "keyword_pkey", "Startup Cost": 0.0, "Total Cost": 0.26, "Plan Rows": 1, "Plan Width": 0, "Index Cond": "(id = mk.keyword_id)"}]}]}, {"Node Type": "Bitmap Heap Scan", "Parent Relationship": "Inner", "Relation Name": "aka_title", "Alias": "at", "Startup Cost": 0.27, "Total Cost": 4.31, "Plan Rows": 3, "Plan Width": 25, "Recheck Cond": "(movie_id = mk.movie_id)", "Plans": [{"Node Type": "Bitmap Index Scan", "Parent Relationship": "Outer", "Index Name": "movie_id_aka_title", "Startup Cost": 0.0, "Total Cost": 0.27, "Plan Rows": 3, "Plan Width": 0, "Index Cond": "(movie_id = mk.movie_id)"}]}]}]}, "Unique SQL Id": 2302223328, "Planner Runtime": 119}, "explain_analyze_plan": {"Plan": {"Node Type": "Aggregate", "Strategy": "Plain", "Startup Cost": 189327.96, "Total Cost": 189327.97, "Plan Rows": 1, "Plan Width": 102, "Actual Startup Time": 1893.962, "Actual Total Time": 1893.962, "Actual Rows": 1, "Actual Loops": 1, "Plans": [{"Node Type": "Nested Loop", "Parent Relationship": "Outer", "Join Type": "Inner", "Startup Cost": 4845.53, "Total Cost": 189293.09, "Plan Rows": 6974, "Plan Width": 38, "Actual Startup Time": 418.269, "Actual Total Time": 1890.568, "Actual Rows": 4371, "Actual Loops": 1, "Inner Unique": false, "Join Filter": "(t.id = at.movie_id)", "Rows Removed by Join Filter": 0, "Plans": [{"Node Type": "Nested Loop", "Parent Relationship": "Outer", "Join Type": "Inner", "Startup Cost": 4845.25, "Total Cost": 179477.32, "Plan Rows": 2257, "Plan Width": 33, "Actual Startup Time": 377.372, "Actual Total Time": 1828.064, "Actual Rows": 14161, "Actual Loops": 1, "Inner Unique": true, "Plans": [{"Node Type": "Nested Loop", "Parent Relationship": "Outer", "Join Type": "Inner", "Startup Cost": 4844.99, "Total Cost": 169816.77, "Plan Rows": 2257, "Plan Width": 37, "Actual Startup Time": 377.359, "Actual Total Time": 1744.291, "Actual Rows": 14161, "Actual Loops": 1, "Inner Unique": false, "Join Filter": "(t.id = mk.movie_id)", "Rows Removed by Join Filter": 0, "Plans": [{"Node Type": "Nested Loop", "Parent Relationship": "Outer", "Join Type": "Inner", "Startup Cost": 4844.66, "Total Cost": 168555.2, "Plan Rows": 278, "Plan Width": 29, "Actual Startup Time": 377.341, "Actual Total Time": 1699.101, "Actual Rows": 5914, "Actual Loops": 1, "Inner Unique": true, "Join Filter": "(mi.movie_id = t.id)", "Rows Removed by Join Filter": 0, "Plans": [{"Node Type": "Nested Loop", "Parent Relationship": "Outer", "Join Type": "Inner", "Startup Cost": 4844.38, "Total Cost": 167691.01, "Plan Rows": 201, "Plan Width": 8, "Actual Startup Time": 377.315, "Actual Total Time": 1654.172, "Actual Rows": 5916, "Actual Loops": 1, "Inner Unique": true, "Join Filter": "(mc.company_type_id = ct.id)", "Rows Removed by Join Filter": 11874, "Plans": [{"Node Type": "Nested Loop", "Parent Relationship": "Outer", "Join Type": "Inner", "Startup Cost": 4844.38, "Total Cost": 167674.45, "Plan Rows": 345, "Plan Width": 12, "Actual Startup Time": 377.221, "Actual Total Time": 1644.365, "Actual Rows": 9874, "Actual Loops": 1, "Inner Unique": true, "Plans": [{"Node Type": "Nested Loop", "Parent Relationship": "Outer", "Join Type": "Inner", "Startup Cost": 4844.13, "Total Cost": 165918.27, "Plan Rows": 410, "Plan Width": 16, "Actual Startup Time": 377.196, "Actual Total Time": 1547.621, "Actual Rows": 14401, "Actual Loops": 1, "Inner Unique": false, "Plans": [{"Node Type": "Nested Loop", "Parent Relationship": "Outer", "Join Type": "Inner", "Startup Cost": 4841.51, "Total Cost": 163884.08, "Plan Rows": 192, "Plan Width": 4, "Actual Startup Time": 377.108, "Actual Total Time": 1457.982, "Actual Rows": 10679, "Actual Loops": 1, "Inner Unique": false, "Plans": [{"Node Type": "Seq Scan", "Parent Relationship": "Outer", "Relation Name": "info_type", "Alias": "it1", "Startup Cost": 0.0, "Total Cost": 2.4, "Plan Rows": 1, "Plan Width": 4, "Actual Startup Time": 0.051, "Actual Total Time": 0.083, "Actual Rows": 1, "Actual Loops": 1, "Filter": "((info)::text = 'release dates'::text)", "Rows Removed by Filter": 111}, {"Node Type": "Bitmap Heap Scan", "Parent Relationship": "Inner", "Relation Name": "movie_info", "Alias": "mi", "Startup Cost": 4841.51, "Total Cost": 163879.76, "Plan Rows": 192, "Plan Width": 8, "Actual Startup Time": 377.049, "Actual Total Time": 1455.392, "Actual Rows": 10679, "Actual Loops": 1, "Recheck Cond": "(info_type_id = it1.id)", "Rows Removed by Index Recheck": 0, "Filter": "((note)::text ~~ '%internet%'::text)", "Rows Removed by Filter": 3026040, "Exact Heap Blocks": 21947, "Lossy Heap Blocks": 21947, "Plans": [{"Node Type": "Bitmap Index Scan", "Parent Relationship": "Outer", "Index Name": "info_type_id_movie_info", "Startup Cost": 0.0, "Total Cost": 4841.46, "Plan Rows": 212428, "Plan Width": 0, "Actual Startup Time": 372.079, "Actual Total Time": 372.079, "Actual Rows": 3036719, "Actual Loops": 1, "Index Cond": "(info_type_id = it1.id)"}]}]}, {"Node Type": "Bitmap Heap Scan", "Parent Relationship": "Inner", "Relation Name": "movie_companies", "Alias": "mc", "Startup Cost": 2.62, "Total Cost": 10.57, "Plan Rows": 2, "Plan Width": 12, "Actual Startup Time": 63.725, "Actual Total Time": 72.1, "Actual Rows": 14401, "Actual Loops": 10679, "Recheck Cond": "(movie_id = mi.movie_id)", "Rows Removed by Index Recheck": 0, "Exact Heap Blocks": 11702, "Lossy Heap Blocks": 11702, "Plans": [{"Node Type": "Bitmap Index Scan", "Parent Relationship": "Outer", "Index Name": "movie_id_movie_companies", "Startup Cost": 0.0, "Total Cost": 2.62, "Plan Rows": 2, "Plan Width": 0, "Actual Startup Time": 40.597, "Actual Total Time": 40.597, "Actual Rows": 14401, "Actual Loops": 10679, "Index Cond": "(movie_id = mi.movie_id)"}]}]}, {"Node Type": "Bitmap Heap Scan", "Parent Relationship": "Inner", "Relation Name": "company_name", "Alias": "cn", "Startup Cost": 0.26, "Total Cost": 4.27, "Plan Rows": 1, "Plan Width": 4, "Actual Startup Time": 77.592, "Actual Total Time": 77.592, "Actual Rows": 9874, "Actual Loops": 14401, "Recheck Cond": "(id = mc.company_id)", "Rows Removed by Index Recheck": 0, "Filter": "((country_code)::text = '[us]'::text)", "Rows Removed by Filter": 4527, "Exact Heap Blocks": 14401, "Lossy Heap Blocks": 14401, "Plans": [{"Node Type": "Bitmap Index Scan", "Parent Relationship": "Outer", "Index Name": "company_name_pkey", "Startup Cost": 0.0, "Total Cost": 0.26, "Plan Rows": 1, "Plan Width": 0, "Actual Startup Time": 43.569, "Actual Total Time": 43.569, "Actual Rows": 14401, "Actual Loops": 14401, "Index Cond": "(id = mc.company_id)"}]}]}, {"Node Type": "Materialize", "Parent Relationship": "Inner", "Startup Cost": 0.0, "Total Cost": 1.04, "Plan Rows": 3, "Plan Width": 4, "Actual Startup Time": 1.408, "Actual Total Time": 2.502, "Actual Rows": 17790, "Actual Loops": 9874, "Plans": [{"Node Type": "Seq Scan", "Parent Relationship": "Outer", "Relation Name": "company_type", "Alias": "ct", "Startup Cost": 0.0, "Total Cost": 1.03, "Plan Rows": 3, "Plan Width": 4, "Actual Startup Time": 0.013, "Actual Total Time": 0.015, "Actual Rows": 3, "Actual Loops": 1}]}]}, {"Node Type": "Bitmap Heap Scan", "Parent Relationship": "Inner", "Relation Name": "title", "Alias": "t", "Startup Cost": 0.27, "Total Cost": 4.29, "Plan Rows": 1, "Plan Width": 21, "Actual Startup Time": 34.752, "Actual Total Time": 34.752, "Actual Rows": 5914, "Actual Loops": 5916, "Recheck Cond": "(id = mc.movie_id)", "Rows Removed by Index Recheck": 0, "Filter": "(production_year > 1990)", "Rows Removed by Filter": 2, "Exact Heap Blocks": 5916, "Lossy Heap Blocks": 5916, "Plans": [{"Node Type": "Bitmap Index Scan", "Parent Relationship": "Outer", "Index Name": "title_pkey", "Startup Cost": 0.0, "Total Cost": 0.27, "Plan Rows": 1, "Plan Width": 0, "Actual Startup Time": 20.388, "Actual Total Time": 20.388, "Actual Rows": 5916, "Actual Loops": 5916, "Index Cond": "(id = mc.movie_id)"}]}]}, {"Node Type": "Bitmap Heap Scan", "Parent Relationship": "Inner", "Relation Name": "movie_keyword", "Alias": "mk", "Startup Cost": 0.34, "Total Cost": 4.44, "Plan Rows": 8, "Plan Width": 8, "Actual Startup Time": 29.537, "Actual Total Time": 31.705, "Actual Rows": 14161, "Actual Loops": 5914, "Recheck Cond": "(movie_id = mc.movie_id)", "Rows Removed by Index Recheck": 0, "Exact Heap Blocks": 1896, "Lossy Heap Blocks": 1896, "Plans": [{"Node Type": "Bitmap Index Scan", "Parent Relationship": "Outer", "Index Name": "movie_id_movie_keyword", "Startup Cost": 0.0, "Total Cost": 0.34, "Plan Rows": 8, "Plan Width": 0, "Actual Startup Time": 21.595, "Actual Total Time": 21.595, "Actual Rows": 14161, "Actual Loops": 5914, "Index Cond": "(movie_id = mc.movie_id)"}]}]}, {"Node Type": "Bitmap Heap Scan", "Parent Relationship": "Inner", "Relation Name": "keyword", "Alias": "k", "Startup Cost": 0.26, "Total Cost": 4.27, "Plan Rows": 1, "Plan Width": 4, "Actual Startup Time": 65.098, "Actual Total Time": 65.098, "Actual Rows": 14161, "Actual Loops": 14161, "Recheck Cond": "(id = mk.keyword_id)", "Rows Removed by Index Recheck": 0, "Exact Heap Blocks": 14161, "Lossy Heap Blocks": 14161, "Plans": [{"Node Type": "Bitmap Index Scan", "Parent Relationship": "Outer", "Index Name": "keyword_pkey", "Startup Cost": 0.0, "Total Cost": 0.26, "Plan Rows": 1, "Plan Width": 0, "Actual Startup Time": 41.082, "Actual Total Time": 41.082, "Actual Rows": 14161, "Actual Loops": 14161, "Index Cond": "(id = mk.keyword_id)"}]}]}, {"Node Type": "Bitmap Heap Scan", "Parent Relationship": "Inner", "Relation Name": "aka_title", "Alias": "at", "Startup Cost": 0.27, "Total Cost": 4.31, "Plan Rows": 3, "Plan Width": 25, "Actual Startup Time": 43.012, "Actual Total Time": 44.746, "Actual Rows": 4371, "Actual Loops": 14161, "Recheck Cond": "(movie_id = mk.movie_id)", "Rows Removed by Index Recheck": 0, "Exact Heap Blocks": 4371, "Lossy Heap Blocks": 4371, "Plans": [{"Node Type": "Bitmap Index Scan", "Parent Relationship": "Outer", "Index Name": "movie_id_aka_title", "Startup Cost": 0.0, "Total Cost": 0.27, "Plan Rows": 3, "Plan Width": 0, "Actual Startup Time": 32.477, "Actual Total Time": 32.477, "Actual Rows": 4371, "Actual Loops": 14161, "Index Cond": "(movie_id = mk.movie_id)"}]}]}]}, "Triggers": [], "Planner Runtime": 119, "Total Runtime": 1894.497, "Unique SQL Id": 2302223328}}, "(1, 23)": {"explain_plan": {"Plan": {"Node Type": "Aggregate", "Strategy": "Plain", "Startup Cost": 1000003999861.48, "Total Cost": 1000003999861.49, "Plan Rows": 1, "Plan Width": 102, "Plans": [{"Node Type": "Nested Loop", "Parent Relationship": "Outer", "Join Type": "Inner", "Startup Cost": 10000000002.92, "Total Cost": 1000003999827.29, "Plan Rows": 6838, "Plan Width": 38, "Inner Unique": true, "Join Filter": "(at.movie_id = t.id)", "Plans": [{"Node Type": "Nested Loop", "Parent Relationship": "Outer", "Join Type": "Inner", "Startup Cost": 10000000002.66, "Total Cost": 1000003978634.91, "Plan Rows": 4936, "Plan Width": 37, "Inner Unique": true, "Plans": [{"Node Type": "Nested Loop", "Parent Relationship": "Outer", "Join Type": "Inner", "Startup Cost": 10000000002.4, "Total Cost": 1000003957088.08, "Plan Rows": 5034, "Plan Width": 41, "Inner Unique": false, "Join Filter": "(at.movie_id = mk.movie_id)", "Plans": [{"Node Type": "Nested Loop", "Parent Relationship": "Outer", "Join Type": "Inner", "Startup Cost": 10000000002.06, "Total Cost": 1000003954256.35, "Plan Rows": 624, "Plan Width": 33, "Inner Unique": true, "Plans": [{"Node Type": "Nested Loop", "Parent Relationship": "Outer", "Join Type": "Inner", "Startup Cost": 10000000001.8, "Total Cost": 1000003951585.47, "Plan Rows": 624, "Plan Width": 37, "Inner Unique": true, "Plans": [{"Node Type": "Nested Loop", "Parent Relationship": "Outer", "Join Type": "Inner", "Startup Cost": 10000000001.55, "Total Cost": 1000003947079.38, "Plan Rows": 1052, "Plan Width": 41, "Inner Unique": false, "Plans": [{"Node Type": "Nested Loop", "Parent Relationship": "Outer", "Join Type": "Inner", "Startup Cost": 10000000001.17, "Total Cost": 1000003944915.32, "Plan Rows": 490, "Plan Width": 29, "Inner Unique": true, "Plans": [{"Node Type": "Nested Loop", "Parent Relationship": "Outer", "Join Type": "Inner", "Startup Cost": 10000000000.92, "Total Cost": 1000003797919.45, "Plan Rows": 34318, "Plan Width": 33, "Inner Unique": false, "Plans": [{"Node Type": "Index Scan", "Parent Relationship": "Outer", "Scan Direction": "Forward", "Index Name": "movie_id_aka_title", "Relation Name": "aka_title", "Alias": "at", "Startup Cost": 10000000000.0, "Total Cost": 1000001990001.13, "Plan Rows": 361471, "Plan Width": 25}, {"Node Type": "Bitmap Heap Scan", "Parent Relationship": "Inner", "Relation Name": "movie_info", "Alias": "mi", "Startup Cost": 0.92, "Total Cost": 4.99, "Plan Rows": 1, "Plan Width": 8, "Recheck Cond": "(movie_id = at.movie_id)", "Filter": "((note)::text ~~ '%internet%'::text)", "Plans": [{"Node Type": "Bitmap Index Scan", "Parent Relationship": "Outer", "Index Name": "movie_id_movie_info", "Startup Cost": 0.0, "Total Cost": 0.92, "Plan Rows": 5, "Plan Width": 0, "Index Cond": "(movie_id = at.movie_id)"}]}]}, {"Node Type": "Bitmap Heap Scan", "Parent Relationship": "Inner", "Relation Name": "info_type", "Alias": "it1", "Startup Cost": 0.26, "Total Cost": 4.27, "Plan Rows": 1, "Plan Width": 4, "Recheck Cond": "(id = mi.info_type_id)", "Filter": "((info)::text = 'release dates'::text)", "Plans": [{"Node Type": "Bitmap Index Scan", "Parent Relationship": "Outer", "Index Name": "info_type_pkey", "Startup Cost": 0.0, "Total Cost": 0.26, "Plan Rows": 1, "Plan Width": 0, "Index Cond": "(id = mi.info_type_id)"}]}]}, {"Node Type": "Bitmap Heap Scan", "Parent Relationship": "Inner", "Relation Name": "movie_companies", "Alias": "mc", "Startup Cost": 0.37, "Total Cost": 4.4, "Plan Rows": 2, "Plan Width": 12, "Recheck Cond": "(movie_id = at.movie_id)", "Plans": [{"Node Type": "Bitmap Index Scan", "Parent Relationship": "Outer", "Index Name": "movie_id_movie_companies", "Startup Cost": 0.0, "Total Cost": 0.37, "Plan Rows": 2, "Plan Width": 0, "Index Cond": "(movie_id = at.movie_id)"}]}]}, {"Node Type": "Bitmap Heap Scan", "Parent Relationship": "Inner", "Relation Name": "company_name", "Alias": "cn", "Startup Cost": 0.26, "Total Cost": 4.27, "Plan Rows": 1, "Plan Width": 4, "Recheck Cond": "(id = mc.company_id)", "Filter": "((country_code)::text = '[us]'::text)", "Plans": [{"Node Type": "Bitmap Index Scan", "Parent Relationship": "Outer", "Index Name": "company_name_pkey", "Startup Cost": 0.0, "Total Cost": 0.26, "Plan Rows": 1, "Plan Width": 0, "Index Cond": "(id = mc.company_id)"}]}]}, {"Node Type": "Bitmap Heap Scan", "Parent Relationship": "Inner", "Relation Name": "company_type", "Alias": "ct", "Startup Cost": 0.26, "Total Cost": 4.27, "Plan Rows": 1, "Plan Width": 4, "Recheck Cond": "(id = mc.company_type_id)", "Plans": [{"Node Type": "Bitmap Index Scan", "Parent Relationship": "Outer", "Index Name": "company_type_pkey", "Startup Cost": 0.0, "Total Cost": 0.26, "Plan Rows": 1, "Plan Width": 0, "Index Cond": "(id = mc.company_type_id)"}]}]}, {"Node Type": "Bitmap Heap Scan", "Parent Relationship": "Inner", "Relation Name": "movie_keyword", "Alias": "mk", "Startup Cost": 0.34, "Total Cost": 4.44, "Plan Rows": 8, "Plan Width": 8, "Recheck Cond": "(movie_id = mc.movie_id)", "Plans": [{"Node Type": "Bitmap Index Scan", "Parent Relationship": "Outer", "Index Name": "movie_id_movie_keyword", "Startup Cost": 0.0, "Total Cost": 0.34, "Plan Rows": 8, "Plan Width": 0, "Index Cond": "(movie_id = mc.movie_id)"}]}]}, {"Node Type": "Bitmap Heap Scan", "Parent Relationship": "Inner", "Relation Name": "keyword", "Alias": "k", "Startup Cost": 0.26, "Total Cost": 4.27, "Plan Rows": 1, "Plan Width": 4, "Recheck Cond": "(id = mk.keyword_id)", "Plans": [{"Node Type": "Bitmap Index Scan", "Parent Relationship": "Outer", "Index Name": "keyword_pkey", "Startup Cost": 0.0, "Total Cost": 0.26, "Plan Rows": 1, "Plan Width": 0, "Index Cond": "(id = mk.keyword_id)"}]}]}, {"Node Type": "Bitmap Heap Scan", "Parent Relationship": "Inner", "Relation Name": "title", "Alias": "t", "Startup Cost": 0.27, "Total Cost": 4.28, "Plan Rows": 1, "Plan Width": 21, "Recheck Cond": "(id = mk.movie_id)", "Filter": "(production_year > 1990)", "Plans": [{"Node Type": "Bitmap Index Scan", "Parent Relationship": "Outer", "Index Name": "title_pkey", "Startup Cost": 0.0, "Total Cost": 0.27, "Plan Rows": 1, "Plan Width": 0, "Index Cond": "(id = mk.movie_id)"}]}]}]}, "Unique SQL Id": 2302223328, "Planner Runtime": 45}, "explain_analyze_plan": null}, "(1, 24)": {"explain_plan": {"Plan": {"Node Type": "Aggregate", "Strategy": "Plain", "Startup Cost": 337381.64, "Total Cost": 337381.65, "Plan Rows": 1, "Plan Width": 102, "Plans": [{"Node Type": "Nested Loop", "Parent Relationship": "Outer", "Join Type": "Inner", "Startup Cost": 0.0, "Total Cost": 337346.77, "Plan Rows": 6974, "Plan Width": 38, "Inner Unique": false, "Join Filter": "(t.id = at.movie_id)", "Plans": [{"Node Type": "Nested Loop", "Parent Relationship": "Outer", "Join Type": "Inner", "Startup Cost": 0.0, "Total Cost": 336548.15, "Plan Rows": 2257, "Plan Width": 33, "Inner Unique": true, "Plans": [{"Node Type": "Nested Loop", "Parent Relationship": "Outer", "Join Type": "Inner", "Startup Cost": 0.0, "Total Cost": 335916.16, "Plan Rows": 2257, "Plan Width": 37, "Inner Unique": false, "Join Filter": "(t.id = mk.movie_id)", "Plans": [{"Node Type": "Nested Loop", "Parent Relationship": "Outer", "Join Type": "Inner", "Startup Cost": 0.0, "Total Cost": 335759.82, "Plan Rows": 278, "Plan Width": 29, "Inner Unique": true, "Join Filter": "(mc.company_type_id = ct.id)", "Plans": [{"Node Type": "Nested Loop", "Parent Relationship": "Outer", "Join Type": "Inner", "Startup Cost": 0.0, "Total Cost": 335737.27, "Plan Rows": 478, "Plan Width": 33, "Inner Unique": true, "Plans": [{"Node Type": "Nested Loop", "Parent Relationship": "Outer", "Join Type": "Inner", "Startup Cost": 0.0, "Total Cost": 335573.88, "Plan Rows": 568, "Plan Width": 37, "Inner Unique": false, "Plans": [{"Node Type": "Nested Loop", "Parent Relationship": "Outer", "Join Type": "Inner", "Startup Cost": 0.0, "Total Cost": 335476.03, "Plan Rows": 266, "Plan Width": 25, "Inner Unique": true, "Plans": [{"Node Type": "Nested Loop", "Parent Relationship": "Outer", "Join Type": "Inner", "Startup Cost": 0.0, "Total Cost": 334332.71, "Plan Rows": 192, "Plan Width": 4, "Inner Unique": false, "Join Filter": "(it1.id = mi.info_type_id)", "Plans": [{"Node Type": "Seq Scan", "Parent Relationship": "Outer", "Relation Name": "info_type", "Alias": "it1", "Startup Cost": 0.0, "Total Cost": 2.4, "Plan Rows": 1, "Plan Width": 4, "Filter": "((info)::text = 'release dates'::text)"}, {"Node Type": "Seq Scan", "Parent Relationship": "Inner", "Relation Name": "movie_info", "Alias": "mi", "Startup Cost": 0.0, "Total Cost": 334162.58, "Plan Rows": 13419, "Plan Width": 8, "Filter": "((note)::text ~~ '%internet%'::text)"}]}, {"Node Type": "Index Scan", "Parent Relationship": "Inner", "Scan Direction": "Forward", "Index Name": "title_pkey", "Relation Name": "title", "Alias": "t", "Startup Cost": 0.0, "Total Cost": 5.94, "Plan Rows": 1, "Plan Width": 21, "Index Cond": "(id = mi.movie_id)", "Filter": "(production_year > 1990)"}]}, {"Node Type": "Index Scan", "Parent Relationship": "Inner", "Scan Direction": "Forward", "Index Name": "movie_id_movie_companies", "Relation Name": "movie_companies", "Alias": "mc", "Startup Cost": 0.0, "Total Cost": 0.35, "Plan Rows": 2, "Plan Width": 12, "Index Cond": "(movie_id = t.id)"}]}, {"Node Type": "Index Scan", "Parent Relationship": "Inner", "Scan Direction": "Forward", "Index Name": "company_name_pkey", "Relation Name": "company_name", "Alias": "cn", "Startup Cost": 0.0, "Total Cost": 0.28, "Plan Rows": 1, "Plan Width": 4, "Index Cond": "(id = mc.company_id)", "Filter": "((country_code)::text = '[us]'::text)"}]}, {"Node Type": "Materialize", "Parent Relationship": "Inner", "Startup Cost": 0.0, "Total Cost": 1.04, "Plan Rows": 3, "Plan Width": 4, "Plans": [{"Node Type": "Seq Scan", "Parent Relationship": "Outer", "Relation Name": "company_type", "Alias": "ct", "Startup Cost": 0.0, "Total Cost": 1.03, "Plan Rows": 3, "Plan Width": 4}]}]}, {"Node Type": "Index Scan", "Parent Relationship": "Inner", "Scan Direction": "Forward", "Index Name": "movie_id_movie_keyword", "Relation Name": "movie_keyword", "Alias": "mk", "Startup Cost": 0.0, "Total Cost": 0.46, "Plan Rows": 8, "Plan Width": 8, "Index Cond": "(movie_id = mc.movie_id)"}]}, {"Node Type": "Index Only Scan", "Parent Relationship": "Inner", "Scan Direction": "Forward", "Index Name": "keyword_pkey", "Relation Name": "keyword", "Alias": "k", "Startup Cost": 0.0, "Total Cost": 0.27, "Plan Rows": 1, "Plan Width": 4, "Index Cond": "(id = mk.keyword_id)"}]}, {"Node Type": "Index Scan", "Parent Relationship": "Inner", "Scan Direction": "Forward", "Index Name": "movie_id_aka_title", "Relation Name": "aka_title", "Alias": "at", "Startup Cost": 0.0, "Total Cost": 0.32, "Plan Rows": 3, "Plan Width": 25, "Index Cond": "(movie_id = mk.movie_id)"}]}]}, "Unique SQL Id": 2302223328, "Planner Runtime": 123}, "explain_analyze_plan": null}, "(1, 25)": {"explain_plan": {"Plan": {"Node Type": "Aggregate", "Strategy": "Plain", "Startup Cost": 498755.83, "Total Cost": 498755.84, "Plan Rows": 1, "Plan Width": 102, "Plans": [{"Node Type": "Nested Loop", "Parent Relationship": "Outer", "Join Type": "Inner", "Startup Cost": 0.0, "Total Cost": 498720.96, "Plan Rows": 6974, "Plan Width": 38, "Inner Unique": false, "Join Filter": "(t.id = at.movie_id)", "Plans": [{"Node Type": "Nested Loop", "Parent Relationship": "Outer", "Join Type": "Inner", "Startup Cost": 0.0, "Total Cost": 497922.35, "Plan Rows": 2257, "Plan Width": 33, "Inner Unique": true, "Plans": [{"Node Type": "Nested Loop", "Parent Relationship": "Outer", "Join Type": "Inner", "Startup Cost": 0.0, "Total Cost": 497290.36, "Plan Rows": 2257, "Plan Width": 37, "Inner Unique": false, "Join Filter": "(t.id = mk.movie_id)", "Plans": [{"Node Type": "Nested Loop", "Parent Relationship": "Outer", "Join Type": "Inner", "Startup Cost": 0.0, "Total Cost": 497134.02, "Plan Rows": 278, "Plan Width": 29, "Inner Unique": true, "Join Filter": "(mc.company_type_id = ct.id)", "Plans": [{"Node Type": "Nested Loop", "Parent Relationship": "Outer", "Join Type": "Inner", "Startup Cost": 0.0, "Total Cost": 497104.2, "Plan Rows": 478, "Plan Width": 33, "Inner Unique": true, "Plans": [{"Node Type": "Nested Loop", "Parent Relationship": "Outer", "Join Type": "Inner", "Startup Cost": 0.0, "Total Cost": 496940.81, "Plan Rows": 568, "Plan Width": 37, "Inner Unique": false, "Plans": [{"Node Type": "Nested Loop", "Parent Relationship": "Outer", "Join Type": "Inner", "Startup Cost": 0.0, "Total Cost": 496842.96, "Plan Rows": 266, "Plan Width": 25, "Inner Unique": true, "Plans": [{"Node Type": "Nested Loop", "Parent Relationship": "Outer", "Join Type": "Inner", "Startup Cost": 0.0, "Total Cost": 495699.65, "Plan Rows": 192, "Plan Width": 4, "Inner Unique": false, "Plans": [{"Node Type": "Index Scan", "Parent Relationship": "Outer", "Scan Direction": "Forward", "Index Name": "info_type_pkey", "Relation Name": "info_type", "Alias": "it1", "Startup Cost": 0.0, "Total Cost": 14.21, "Plan Rows": 1, "Plan Width": 4, "Filter": "((info)::text = 'release dates'::text)"}, {"Node Type": "Index Scan", "Parent Relationship": "Inner", "Scan Direction": "Forward", "Index Name": "info_type_id_movie_info", "Relation Name": "movie_info", "Alias": "mi", "Startup Cost": 0.0, "Total Cost": 495683.52, "Plan Rows": 192, "Plan Width": 8, "Index Cond": "(info_type_id = it1.id)", "Filter": "((note)::text ~~ '%internet%'::text)"}]}, {"Node Type": "Index Scan", "Parent Relationship": "Inner", "Scan Direction": "Forward", "Index Name": "title_pkey", "Relation Name": "title", "Alias": "t", "Startup Cost": 0.0, "Total Cost": 5.94, "Plan Rows": 1, "Plan Width": 21, "Index Cond": "(id = mi.movie_id)", "Filter": "(production_year > 1990)"}]}, {"Node Type": "Index Scan", "Parent Relationship": "Inner", "Scan Direction": "Forward", "Index Name": "movie_id_movie_companies", "Relation Name": "movie_companies", "Alias": "mc", "Startup Cost": 0.0, "Total Cost": 0.35, "Plan Rows": 2, "Plan Width": 12, "Index Cond": "(movie_id = t.id)"}]}, {"Node Type": "Index Scan", "Parent Relationship": "Inner", "Scan Direction": "Forward", "Index Name": "company_name_pkey", "Relation Name": "company_name", "Alias": "cn", "Startup Cost": 0.0, "Total Cost": 0.28, "Plan Rows": 1, "Plan Width": 4, "Index Cond": "(id = mc.company_id)", "Filter": "((country_code)::text = '[us]'::text)"}]}, {"Node Type": "Materialize", "Parent Relationship": "Inner", "Startup Cost": 0.0, "Total Cost": 8.31, "Plan Rows": 3, "Plan Width": 4, "Plans": [{"Node Type": "Index Only Scan", "Parent Relationship": "Outer", "Scan Direction": "Forward", "Index Name": "company_type_pkey", "Relation Name": "company_type", "Alias": "ct", "Startup Cost": 0.0, "Total Cost": 8.29, "Plan Rows": 3, "Plan Width": 4}]}]}, {"Node Type": "Index Scan", "Parent Relationship": "Inner", "Scan Direction": "Forward", "Index Name": "movie_id_movie_keyword", "Relation Name": "movie_keyword", "Alias": "mk", "Startup Cost": 0.0, "Total Cost": 0.46, "Plan Rows": 8, "Plan Width": 8, "Index Cond": "(movie_id = mc.movie_id)"}]}, {"Node Type": "Index Only Scan", "Parent Relationship": "Inner", "Scan Direction": "Forward", "Index Name": "keyword_pkey", "Relation Name": "keyword", "Alias": "k", "Startup Cost": 0.0, "Total Cost": 0.27, "Plan Rows": 1, "Plan Width": 4, "Index Cond": "(id = mk.keyword_id)"}]}, {"Node Type": "Index Scan", "Parent Relationship": "Inner", "Scan Direction": "Forward", "Index Name": "movie_id_aka_title", "Relation Name": "aka_title", "Alias": "at", "Startup Cost": 0.0, "Total Cost": 0.32, "Plan Rows": 3, "Plan Width": 25, "Index Cond": "(movie_id = mk.movie_id)"}]}]}, "Unique SQL Id": 2302223328, "Planner Runtime": 122}, "explain_analyze_plan": {"Plan": {"Node Type": "Aggregate", "Strategy": "Plain", "Startup Cost": 498755.83, "Total Cost": 498755.84, "Plan Rows": 1, "Plan Width": 102, "Actual Startup Time": 2087.232, "Actual Total Time": 2087.233, "Actual Rows": 1, "Actual Loops": 1, "Plans": [{"Node Type": "Nested Loop", "Parent Relationship": "Outer", "Join Type": "Inner", "Startup Cost": 0.0, "Total Cost": 498720.96, "Plan Rows": 6974, "Plan Width": 38, "Actual Startup Time": 55.765, "Actual Total Time": 2084.411, "Actual Rows": 4371, "Actual Loops": 1, "Inner Unique": false, "Join Filter": "(t.id = at.movie_id)", "Rows Removed by Join Filter": 0, "Plans": [{"Node Type": "Nested Loop", "Parent Relationship": "Outer", "Join Type": "Inner", "Startup Cost": 0.0, "Total Cost": 497922.35, "Plan Rows": 2257, "Plan Width": 33, "Actual Startup Time": 0.223, "Actual Total Time": 2041.38, "Actual Rows": 14161, "Actual Loops": 1, "Inner Unique": true, "Plans": [{"Node Type": "Nested Loop", "Parent Relationship": "Outer", "Join Type": "Inner", "Startup Cost": 0.0, "Total Cost": 497290.36, "Plan Rows": 2257, "Plan Width": 37, "Actual Startup Time": 0.217, "Actual Total Time": 1990.085, "Actual Rows": 14161, "Actual Loops": 1, "Inner Unique": false, "Join Filter": "(t.id = mk.movie_id)", "Rows Removed by Join Filter": 0, "Plans": [{"Node Type": "Nested Loop", "Parent Relationship": "Outer", "Join Type": "Inner", "Startup Cost": 0.0, "Total Cost": 497134.02, "Plan Rows": 278, "Plan Width": 29, "Actual Startup Time": 0.208, "Actual Total Time": 1947.81, "Actual Rows": 5914, "Actual Loops": 1, "Inner Unique": true, "Join Filter": "(mc.company_type_id = ct.id)", "Rows Removed by Join Filter": 11829, "Plans": [{"Node Type": "Nested Loop", "Parent Relationship": "Outer", "Join Type": "Inner", "Startup Cost": 0.0, "Total Cost": 497104.2, "Plan Rows": 478, "Plan Width": 33, "Actual Startup Time": 0.101, "Actual Total Time": 1938.83, "Actual Rows": 9857, "Actual Loops": 1, "Inner Unique": true, "Plans": [{"Node Type": "Nested Loop", "Parent Relationship": "Outer", "Join Type": "Inner", "Startup Cost": 0.0, "Total Cost": 496940.81, "Plan Rows": 568, "Plan Width": 37, "Actual Startup Time": 0.091, "Actual Total Time": 1857.973, "Actual Rows": 14377, "Actual Loops": 1, "Inner Unique": false, "Plans": [{"Node Type": "Nested Loop", "Parent Relationship": "Outer", "Join Type": "Inner", "Startup Cost": 0.0, "Total Cost": 496842.96, "Plan Rows": 266, "Plan Width": 25, "Actual Startup Time": 0.081, "Actual Total Time": 1788.55, "Actual Rows": 10662, "Actual Loops": 1, "Inner Unique": true, "Plans": [{"Node Type": "Nested Loop", "Parent Relationship": "Outer", "Join Type": "Inner", "Startup Cost": 0.0, "Total Cost": 495699.65, "Plan Rows": 192, "Plan Width": 4, "Actual Startup Time": 0.069, "Actual Total Time": 1718.898, "Actual Rows": 10679, "Actual Loops": 1, "Inner Unique": false, "Plans": [{"Node Type": "Index Scan", "Parent Relationship": "Outer", "Scan Direction": "Forward", "Index Name": "info_type_pkey", "Relation Name": "info_type", "Alias": "it1", "Startup Cost": 0.0, "Total Cost": 14.21, "Plan Rows": 1, "Plan Width": 4, "Actual Startup Time": 0.041, "Actual Total Time": 0.161, "Actual Rows": 1, "Actual Loops": 1, "Filter": "((info)::text = 'release dates'::text)", "Rows Removed by Filter": 111}, {"Node Type": "Index Scan", "Parent Relationship": "Inner", "Scan Direction": "Forward", "Index Name": "info_type_id_movie_info", "Relation Name": "movie_info", "Alias": "mi", "Startup Cost": 0.0, "Total Cost": 495683.52, "Plan Rows": 192, "Plan Width": 8, "Actual Startup Time": 0.023, "Actual Total Time": 1716.043, "Actual Rows": 10679, "Actual Loops": 1, "Index Cond": "(info_type_id = it1.id)", "Rows Removed by Index Recheck": 0, "Filter": "((note)::text ~~ '%internet%'::text)", "Rows Removed by Filter": 3026040}]}, {"Node Type": "Index Scan", "Parent Relationship": "Inner", "Scan Direction": "Forward", "Index Name": "title_pkey", "Relation Name": "title", "Alias": "t", "Startup Cost": 0.0, "Total Cost": 5.94, "Plan Rows": 1, "Plan Width": 21, "Actual Startup Time": 59.014, "Actual Total Time": 59.014, "Actual Rows": 10662, "Actual Loops": 10679, "Index Cond": "(id = mi.movie_id)", "Rows Removed by Index Recheck": 0, "Filter": "(production_year > 1990)", "Rows Removed by Filter": 17}]}, {"Node Type": "Index Scan", "Parent Relationship": "Inner", "Scan Direction": "Forward", "Index Name": "movie_id_movie_companies", "Relation Name": "movie_companies", "Alias": "mc", "Startup Cost": 0.0, "Total Cost": 0.35, "Plan Rows": 2, "Plan Width": 12, "Actual Startup Time": 48.638, "Actual Total Time": 59.928, "Actual Rows": 14377, "Actual Loops": 10662, "Index Cond": "(movie_id = t.id)", "Rows Removed by Index Recheck": 0}]}, {"Node Type": "Index Scan", "Parent Relationship": "Inner", "Scan Direction": "Forward", "Index Name": "company_name_pkey", "Relation Name": "company_name", "Alias": "cn", "Startup Cost": 0.0, "Total Cost": 0.28, "Plan Rows": 1, "Plan Width": 4, "Actual Startup Time": 69.648, "Actual Total Time": 69.648, "Actual Rows": 9857, "Actual Loops": 14377, "Index Cond": "(id = mc.company_id)", "Rows Removed by Index Recheck": 0, "Filter": "((country_code)::text = '[us]'::text)", "Rows Removed by Filter": 4520}]}, {"Node Type": "Materialize", "Parent Relationship": "Inner", "Startup Cost": 0.0, "Total Cost": 8.31, "Plan Rows": 3, "Plan Width": 4, "Actual Startup Time": 1.236, "Actual Total Time": 2.27, "Actual Rows": 17743, "Actual Loops": 9857, "Plans": [{"Node Type": "Index Only Scan", "Parent Relationship": "Outer", "Scan Direction": "Forward", "Index Name": "company_type_pkey", "Relation Name": "company_type", "Alias": "ct", "Startup Cost": 0.0, "Total Cost": 8.29, "Plan Rows": 3, "Plan Width": 4, "Actual Startup Time": 0.004, "Actual Total Time": 0.006, "Actual Rows": 3, "Actual Loops": 1, "Heap Fetches": 0}]}]}, {"Node Type": "Index Scan", "Parent Relationship": "Inner", "Scan Direction": "Forward", "Index Name": "movie_id_movie_keyword", "Relation Name": "movie_keyword", "Alias": "mk", "Startup Cost": 0.0, "Total Cost": 0.46, "Plan Rows": 8, "Plan Width": 8, "Actual Startup Time": 26.423, "Actual Total Time": 32.929, "Actual Rows": 14161, "Actual Loops": 5914, "Index Cond": "(movie_id = mc.movie_id)", "Rows Removed by Index Recheck": 0}]}, {"Node Type": "Index Only Scan", "Parent Relationship": "Inner", "Scan Direction": "Forward", "Index Name": "keyword_pkey", "Relation Name": "keyword", "Alias": "k", "Startup Cost": 0.0, "Total Cost": 0.27, "Plan Rows": 1, "Plan Width": 4, "Actual Startup Time": 40.966, "Actual Total Time": 40.966, "Actual Rows": 14161, "Actual Loops": 14161, "Index Cond": "(id = mk.keyword_id)", "Rows Removed by Index Recheck": 0, "Heap Fetches": 0}]}, {"Node Type": "Index Scan", "Parent Relationship": "Inner", "Scan Direction": "Forward", "Index Name": "movie_id_aka_title", "Relation Name": "aka_title", "Alias": "at", "Startup Cost": 0.0, "Total Cost": 0.32, "Plan Rows": 3, "Plan Width": 25, "Actual Startup Time": 32.346, "Actual Total Time": 34.552, "Actual Rows": 4371, "Actual Loops": 14161, "Index Cond": "(movie_id = mk.movie_id)", "Rows Removed by Index Recheck": 0}]}]}, "Triggers": [], "Planner Runtime": 122, "Total Runtime": 2087.718, "Unique SQL Id": 2302223328}}, "(1, 26)": {"explain_plan": {"Plan": {"Node Type": "Aggregate", "Strategy": "Plain", "Startup Cost": 1581813.03, "Total Cost": 1581813.04, "Plan Rows": 1, "Plan Width": 102, "Plans": [{"Node Type": "Merge Join", "Parent Relationship": "Outer", "Join Type": "Inner", "Startup Cost": 1571198.28, "Total Cost": 1581778.16, "Plan Rows": 6974, "Plan Width": 38, "Inner Unique": false, "Merge Cond": "(t.id = at.movie_id)", "Plans": [{"Node Type": "Merge Join", "Parent Relationship": "Outer", "Join Type": "Inner", "Startup Cost": 1527933.13, "Total Cost": 1536701.63, "Plan Rows": 2257, "Plan Width": 33, "Inner Unique": true, "Merge Cond": "(mi.movie_id = t.id)", "Plans": [{"Node Type": "Sort", "Parent Relationship": "Outer", "Startup Cost": 1280206.09, "Total Cost": 1280210.16, "Plan Rows": 1629, "Plan Width": 12, "Sort Key": ["mc.movie_id"], "Plans": [{"Node Type": "Merge Join", "Parent Relationship": "Outer", "Join Type": "Inner", "Startup Cost": 1279424.25, "Total Cost": 1280119.18, "Plan Rows": 1629, "Plan Width": 12, "Inner Unique": true, "Merge Cond": "(mk.keyword_id = k.id)", "Plans": [{"Node Type": "Sort", "Parent Relationship": "Outer", "Startup Cost": 1265896.59, "Total Cost": 1265900.66, "Plan Rows": 1629, "Plan Width": 16, "Sort Key": ["mk.keyword_id"], "Plans": [{"Node Type": "Merge Join", "Parent Relationship": "Outer", "Join Type": "Inner", "Startup Cost": 1243172.75, "Total Cost": 1265809.69, "Plan Rows": 1629, "Plan Width": 16, "Inner Unique": false, "Merge Cond": "(mi.movie_id = mk.movie_id)", "Plans": [{"Node Type": "Sort", "Parent Relationship": "Outer", "Startup Cost": 680630.45, "Total Cost": 680630.95, "Plan Rows": 201, "Plan Width": 8, "Sort Key": ["mc.movie_id"], "Plans": [{"Node Type": "Nested Loop", "Parent Relationship": "Outer", "Join Type": "Inner", "Startup Cost": 680173.46, "Total Cost": 680622.76, "Plan Rows": 201, "Plan Width": 8, "Inner Unique": true, "Join Filter": "(mc.company_type_id = ct.id)", "Plans": [{"Node Type": "Merge Join", "Parent Relationship": "Outer", "Join Type": "Inner", "Startup Cost": 680173.46, "Total Cost": 680606.2, "Plan Rows": 345, "Plan Width": 12, "Inner Unique": true, "Merge Cond": "(mc.company_id = cn.id)", "Plans": [{"Node Type": "Sort", "Parent Relationship": "Outer", "Startup Cost": 667295.36, "Total Cost": 667296.39, "Plan Rows": 410, "Plan Width": 16, "Sort Key": ["mc.company_id"], "Plans": [{"Node Type": "Merge Join", "Parent Relationship": "Outer", "Join Type": "Inner", "Startup Cost": 654227.07, "Total Cost": 667277.57, "Plan Rows": 410, "Plan Width": 16, "Inner Unique": false, "Merge Cond": "(mi.movie_id = mc.movie_id)", "Plans": [{"Node Type": "Sort", "Parent Relationship": "Outer", "Startup Cost": 334339.99, "Total Cost": 334340.47, "Plan Rows": 192, "Plan Width": 4, "Sort Key": ["mi.movie_id"], "Plans": [{"Node Type": "Nested Loop", "Parent Relationship": "Outer", "Join Type": "Inner", "Startup Cost": 0.0, "Total Cost": 334332.71, "Plan Rows": 192, "Plan Width": 4, "Inner Unique": false, "Join Filter": "(it1.id = mi.info_type_id)", "Plans": [{"Node Type": "Seq Scan", "Parent Relationship": "Outer", "Relation Name": "info_type", "Alias": "it1", "Startup Cost": 0.0, "Total Cost": 2.4, "Plan Rows": 1, "Plan Width": 4, "Filter": "((info)::text = 'release dates'::text)"}, {"Node Type": "Seq Scan", "Parent Relationship": "Inner", "Relation Name": "movie_info", "Alias": "mi", "Startup Cost": 0.0, "Total Cost": 334162.58, "Plan Rows": 13419, "Plan Width": 8, "Filter": "((note)::text ~~ '%internet%'::text)"}]}]}, {"Node Type": "Sort", "Parent Relationship": "Inner", "Startup Cost": 319886.87, "Total Cost": 326409.69, "Plan Rows": 2609128, "Plan Width": 12, "Sort Key": ["mc.movie_id"], "Plans": [{"Node Type": "Seq Scan", "Parent Relationship": "Outer", "Relation Name": "movie_companies", "Alias": "mc", "Startup Cost": 0.0, "Total Cost": 41817.28, "Plan Rows": 2609128, "Plan Width": 12}]}]}]}, {"Node Type": "Sort", "Parent Relationship": "Inner", "Startup Cost": 12878.05, "Total Cost": 13090.97, "Plan Rows": 85170, "Plan Width": 4, "Sort Key": ["cn.id"], "Plans": [{"Node Type": "Seq Scan", "Parent Relationship": "Outer", "Relation Name": "company_name", "Alias": "cn", "Startup Cost": 0.0, "Total Cost": 5903.45, "Plan Rows": 85170, "Plan Width": 4, "Filter": "((country_code)::text = '[us]'::text)"}]}]}, {"Node Type": "Materialize", "Parent Relationship": "Inner", "Startup Cost": 0.0, "Total Cost": 1.04, "Plan Rows": 3, "Plan Width": 4, "Plans": [{"Node Type": "Seq Scan", "Parent Relationship": "Outer", "Relation Name": "company_type", "Alias": "ct", "Startup Cost": 0.0, "Total Cost": 1.03, "Plan Rows": 3, "Plan Width": 4}]}]}]}, {"Node Type": "Sort", "Parent Relationship": "Inner", "Startup Cost": 562542.3, "Total Cost": 573852.12, "Plan Rows": 4523929, "Plan Width": 8, "Sort Key": ["mk.movie_id"], "Plans": [{"Node Type": "Seq Scan", "Parent Relationship": "Outer", "Relation Name": "movie_keyword", "Alias": "mk", "Startup Cost": 0.0, "Total Cost": 62441.29, "Plan Rows": 4523929, "Plan Width": 8}]}]}]}, {"Node Type": "Sort", "Parent Relationship": "Inner", "Startup Cost": 13527.66, "Total Cost": 13863.08, "Plan Rows": 134169, "Plan Width": 4, "Sort Key": ["k.id"], "Plans": [{"Node Type": "Seq Scan", "Parent Relationship": "Outer", "Relation Name": "keyword", "Alias": "k", "Startup Cost": 0.0, "Total Cost": 2100.69, "Plan Rows": 134169, "Plan Width": 4}]}]}]}, {"Node Type": "Sort", "Parent Relationship": "Inner", "Startup Cost": 247726.82, "Total Cost": 252098.92, "Plan Rows": 1748840, "Plan Width": 21, "Sort Key": ["t.id"], "Plans": [{"Node Type": "Seq Scan", "Parent Relationship": "Outer", "Relation Name": "title", "Alias": "t", "Startup Cost": 0.0, "Total Cost": 66389.89, "Plan Rows": 1748840, "Plan Width": 21, "Filter": "(production_year > 1990), (LLVM Optimized)"}]}]}, {"Node Type": "Sort", "Parent Relationship": "Inner", "Startup Cost": 43264.85, "Total Cost": 44168.52, "Plan Rows": 361471, "Plan Width": 25, "Sort Key": ["at.movie_id"], "Plans": [{"Node Type": "Seq Scan", "Parent Relationship": "Outer", "Relation Name": "aka_title", "Alias": "at", "Startup Cost": 0.0, "Total Cost": 9894.71, "Plan Rows": 361471, "Plan Width": 25}]}]}]}, "Unique SQL Id": 2302223328, "Planner Runtime": 171}, "explain_analyze_plan": null}, "(1, 27)": {"explain_plan": {"Plan": {"Node Type": "Aggregate", "Strategy": "Plain", "Startup Cost": 8989907587903.4, "Total Cost": 8989907587903.41, "Plan Rows": 1, "Plan Width": 102, "Plans": [{"Node Type": "Nested Loop", "Parent Relationship": "Outer", "Join Type": "Inner", "Startup Cost": 90000000000.0, "Total Cost": 8989907587868.88, "Plan Rows": 6905, "Plan Width": 38, "Inner Unique": false, "Join Filter": "(t.id = at.movie_id)", "Plans": [{"Node Type": "Nested Loop", "Parent Relationship": "Outer", "Join Type": "Inner", "Startup Cost": 80000000000.0, "Total Cost": 7989884591884.26, "Plan Rows": 3874, "Plan Width": 33, "Inner Unique": true, "Join Filter": "(mk.keyword_id = k.id)", "Plans": [{"Node Type": "Nested Loop", "Parent Relationship": "Outer", "Join Type": "Inner", "Startup Cost": 70000000000.0, "Total Cost": 6989876588909.75, "Plan Rows": 3874, "Plan Width": 37, "Inner Unique": true, "Join Filter": "(mc.company_id = cn.id)", "Plans": [{"Node Type": "Merge Join", "Parent Relationship": "Outer", "Join Type": "Inner", "Startup Cost": 60000000000.0, "Total Cost": 5989869656717.65, "Plan Rows": 4604, "Plan Width": 41, "Inner Unique": false, "Merge Cond": "(t.id = mk.movie_id)", "Plans": [{"Node Type": "Nested Loop", "Parent Relationship": "Outer", "Join Type": "Inner", "Startup Cost": 50000000000.0, "Total Cost": 4998566609910.17, "Plan Rows": 568, "Plan Width": 33, "Inner Unique": true, "Join Filter": "(mc.company_type_id = ct.id)", "Plans": [{"Node Type": "Nested Loop", "Parent Relationship": "Outer", "Join Type": "Inner", "Startup Cost": 40000000000.0, "Total Cost": 3998566609055.11, "Plan Rows": 568, "Plan Width": 37, "Inner Unique": true, "Join Filter": "(mi.info_type_id = it1.id)", "Plans": [{"Node Type": "Merge Join", "Parent Relationship": "Outer", "Join Type": "Inner", "Startup Cost": 30000000000.0, "Total Cost": 2998566607038.02, "Plan Rows": 39739, "Plan Width": 41, "Inner Unique": false, "Merge Cond": "(t.id = mc.movie_id)", "Plans": [{"Node Type": "Nested Loop", "Parent Relationship": "Outer", "Join Type": "Inner", "Startup Cost": 20000000000.0, "Total Cost": 2000471060864.73, "Plan Rows": 18591, "Plan Width": 29, "Inner Unique": false, "Join Filter": "(mi.movie_id = t.id)", "Plans": [{"Node Type": "Index Scan", "Parent Relationship": "Outer", "Scan Direction": "Forward", "Index Name": "title_pkey", "Relation Name": "title", "Alias": "t", "Startup Cost": 10000000000.0, "Total Cost": 1000011644126.66, "Plan Rows": 1748840, "Plan Width": 21, "Filter": "(production_year > 1990), (LLVM Optimized)"}, {"Node Type": "Materialize", "Parent Relationship": "Inner", "Startup Cost": 10000000000.0, "Total Cost": 1000107401512.21, "Plan Rows": 13419, "Plan Width": 8, "Plans": [{"Node Type": "Index Scan", "Parent Relationship": "Outer", "Scan Direction": "Forward", "Index Name": "info_type_id_movie_info", "Relation Name": "movie_info", "Alias": "mi", "Startup Cost": 10000000000.0, "Total Cost": 1000107401445.12, "Plan Rows": 13419, "Plan Width": 8, "Filter": "((note)::text ~~ '%internet%'::text)"}]}]}, {"Node Type": "Index Scan", "Parent Relationship": "Inner", "Scan Direction": "Forward", "Index Name": "movie_id_movie_companies", "Relation Name": "movie_companies", "Alias": "mc", "Startup Cost": 10000000000.0, "Total Cost": 1000013051946.13, "Plan Rows": 2609128, "Plan Width": 12}]}, {"Node Type": "Materialize", "Parent Relationship": "Inner", "Startup Cost": 10000000000.0, "Total Cost": 1000000001421.0, "Plan Rows": 1, "Plan Width": 4, "Plans": [{"Node Type": "Index Scan", "Parent Relationship": "Outer", "Scan Direction": "Forward", "Index Name": "info_type_pkey", "Relation Name": "info_type", "Alias": "it1", "Startup Cost": 10000000000.0, "Total Cost": 1000000001421.0, "Plan Rows": 1, "Plan Width": 4, "Filter": "((info)::text = 'release dates'::text)"}]}]}, {"Node Type": "Materialize", "Parent Relationship": "Inner", "Startup Cost": 10000000000.0, "Total Cost": 1000000000829.52, "Plan Rows": 3, "Plan Width": 4, "Plans": [{"Node Type": "Index Only Scan", "Parent Relationship": "Outer", "Scan Direction": "Forward", "Index Name": "company_type_pkey", "Relation Name": "company_type", "Alias": "ct", "Startup Cost": 10000000000.0, "Total Cost": 1000000000829.5, "Plan Rows": 3, "Plan Width": 4}]}]}, {"Node Type": "Index Scan", "Parent Relationship": "Inner", "Scan Direction": "Forward", "Index Name": "movie_id_movie_keyword", "Relation Name": "movie_keyword", "Alias": "mk", "Startup Cost": 10000000000.0, "Total Cost": 1000015300634.17, "Plan Rows": 4523929, "Plan Width": 8}]}, {"Node Type": "Materialize", "Parent Relationship": "Inner", "Startup Cost": 10000000000.0, "Total Cost": 1000001050564.82, "Plan Rows": 85170, "Plan Width": 4, "Plans": [{"Node Type": "Index Scan", "Parent Relationship": "Outer", "Scan Direction": "Forward", "Index Name": "company_name_pkey", "Relation Name": "company_name", "Alias": "cn", "Startup Cost": 10000000000.0, "Total Cost": 1000001050138.97, "Plan Rows": 85170, "Plan Width": 4, "Filter": "((country_code)::text = '[us]'::text)"}]}]}, {"Node Type": "Materialize", "Parent Relationship": "Inner", "Startup Cost": 10000000000.0, "Total Cost": 1000000206749.34, "Plan Rows": 134169, "Plan Width": 4, "Plans": [{"Node Type": "Index Only Scan", "Parent Relationship": "Outer", "Scan Direction": "Forward", "Index Name": "keyword_pkey", "Relation Name": "keyword", "Alias": "k", "Startup Cost": 10000000000.0, "Total Cost": 1000000206078.5, "Plan Rows": 134169, "Plan Width": 4}]}]}, {"Node Type": "Materialize", "Parent Relationship": "Inner", "Startup Cost": 10000000000.0, "Total Cost": 1000001991808.49, "Plan Rows": 361471, "Plan Width": 25, "Plans": [{"Node Type": "Index Scan", "Parent Relationship": "Outer", "Scan Direction": "Forward", "Index Name": "movie_id_aka_title", "Relation Name": "aka_title", "Alias": "at", "Startup Cost": 10000000000.0, "Total Cost": 1000001990001.13, "Plan Rows": 361471, "Plan Width": 25}]}]}]}, "Unique SQL Id": 2302223328, "Planner Runtime": 222}, "explain_analyze_plan": null}, "(1, 28)": {"explain_plan": {"Plan": {"Node Type": "Aggregate", "Strategy": "Plain", "Startup Cost": 337383.15, "Total Cost": 337383.16, "Plan Rows": 1, "Plan Width": 102, "Plans": [{"Node Type": "Nested Loop", "Parent Relationship": "Outer", "Join Type": "Inner", "Startup Cost": 0.0, "Total Cost": 337348.28, "Plan Rows": 6974, "Plan Width": 38, "Inner Unique": false, "Join Filter": "(t.id = at.movie_id)", "Plans": [{"Node Type": "Nested Loop", "Parent Relationship": "Outer", "Join Type": "Inner", "Startup Cost": 0.0, "Total Cost": 336549.66, "Plan Rows": 2257, "Plan Width": 33, "Inner Unique": true, "Plans": [{"Node Type": "Nested Loop", "Parent Relationship": "Outer", "Join Type": "Inner", "Startup Cost": 0.0, "Total Cost": 335916.16, "Plan Rows": 2257, "Plan Width": 37, "Inner Unique": false, "Join Filter": "(t.id = mk.movie_id)", "Plans": [{"Node Type": "Nested Loop", "Parent Relationship": "Outer", "Join Type": "Inner", "Startup Cost": 0.0, "Total Cost": 335759.82, "Plan Rows": 278, "Plan Width": 29, "Inner Unique": true, "Join Filter": "(mc.company_type_id = ct.id)", "Plans": [{"Node Type": "Nested Loop", "Parent Relationship": "Outer", "Join Type": "Inner", "Startup Cost": 0.0, "Total Cost": 335737.27, "Plan Rows": 478, "Plan Width": 33, "Inner Unique": true, "Plans": [{"Node Type": "Nested Loop", "Parent Relationship": "Outer", "Join Type": "Inner", "Startup Cost": 0.0, "Total Cost": 335573.88, "Plan Rows": 568, "Plan Width": 37, "Inner Unique": false, "Plans": [{"Node Type": "Nested Loop", "Parent Relationship": "Outer", "Join Type": "Inner", "Startup Cost": 0.0, "Total Cost": 335476.03, "Plan Rows": 266, "Plan Width": 25, "Inner Unique": true, "Plans": [{"Node Type": "Nested Loop", "Parent Relationship": "Outer", "Join Type": "Inner", "Startup Cost": 0.0, "Total Cost": 334332.71, "Plan Rows": 192, "Plan Width": 4, "Inner Unique": false, "Join Filter": "(it1.id = mi.info_type_id)", "Plans": [{"Node Type": "Seq Scan", "Parent Relationship": "Outer", "Relation Name": "info_type", "Alias": "it1", "Startup Cost": 0.0, "Total Cost": 2.4, "Plan Rows": 1, "Plan Width": 4, "Filter": "((info)::text = 'release dates'::text)"}, {"Node Type": "Seq Scan", "Parent Relationship": "Inner", "Relation Name": "movie_info", "Alias": "mi", "Startup Cost": 0.0, "Total Cost": 334162.58, "Plan Rows": 13419, "Plan Width": 8, "Filter": "((note)::text ~~ '%internet%'::text)"}]}, {"Node Type": "Index Scan", "Parent Relationship": "Inner", "Scan Direction": "Forward", "Index Name": "title_pkey", "Relation Name": "title", "Alias": "t", "Startup Cost": 0.0, "Total Cost": 5.94, "Plan Rows": 1, "Plan Width": 21, "Index Cond": "(id = mi.movie_id)", "Filter": "(production_year > 1990)"}]}, {"Node Type": "Index Scan", "Parent Relationship": "Inner", "Scan Direction": "Forward", "Index Name": "movie_id_movie_companies", "Relation Name": "movie_companies", "Alias": "mc", "Startup Cost": 0.0, "Total Cost": 0.35, "Plan Rows": 2, "Plan Width": 12, "Index Cond": "(movie_id = t.id)"}]}, {"Node Type": "Index Scan", "Parent Relationship": "Inner", "Scan Direction": "Forward", "Index Name": "company_name_pkey", "Relation Name": "company_name", "Alias": "cn", "Startup Cost": 0.0, "Total Cost": 0.28, "Plan Rows": 1, "Plan Width": 4, "Index Cond": "(id = mc.company_id)", "Filter": "((country_code)::text = '[us]'::text)"}]}, {"Node Type": "Materialize", "Parent Relationship": "Inner", "Startup Cost": 0.0, "Total Cost": 1.04, "Plan Rows": 3, "Plan Width": 4, "Plans": [{"Node Type": "Seq Scan", "Parent Relationship": "Outer", "Relation Name": "company_type", "Alias": "ct", "Startup Cost": 0.0, "Total Cost": 1.03, "Plan Rows": 3, "Plan Width": 4}]}]}, {"Node Type": "Index Scan", "Parent Relationship": "Inner", "Scan Direction": "Forward", "Index Name": "movie_id_movie_keyword", "Relation Name": "movie_keyword", "Alias": "mk", "Startup Cost": 0.0, "Total Cost": 0.46, "Plan Rows": 8, "Plan Width": 8, "Index Cond": "(movie_id = mc.movie_id)"}]}, {"Node Type": "Index Scan", "Parent Relationship": "Inner", "Scan Direction": "Forward", "Index Name": "keyword_pkey", "Relation Name": "keyword", "Alias": "k", "Startup Cost": 0.0, "Total Cost": 0.27, "Plan Rows": 1, "Plan Width": 4, "Index Cond": "(id = mk.keyword_id)"}]}, {"Node Type": "Index Scan", "Parent Relationship": "Inner", "Scan Direction": "Forward", "Index Name": "movie_id_aka_title", "Relation Name": "aka_title", "Alias": "at", "Startup Cost": 0.0, "Total Cost": 0.32, "Plan Rows": 3, "Plan Width": 25, "Index Cond": "(movie_id = mk.movie_id)"}]}]}, "Unique SQL Id": 2302223328, "Planner Runtime": 124}, "explain_analyze_plan": null}, "(1, 29)": {"explain_plan": {"Plan": {"Node Type": "Aggregate", "Strategy": "Plain", "Startup Cost": 498761.35, "Total Cost": 498761.36, "Plan Rows": 1, "Plan Width": 102, "Plans": [{"Node Type": "Nested Loop", "Parent Relationship": "Outer", "Join Type": "Inner", "Startup Cost": 0.0, "Total Cost": 498726.48, "Plan Rows": 6974, "Plan Width": 38, "Inner Unique": false, "Join Filter": "(t.id = at.movie_id)", "Plans": [{"Node Type": "Nested Loop", "Parent Relationship": "Outer", "Join Type": "Inner", "Startup Cost": 0.0, "Total Cost": 497927.86, "Plan Rows": 2257, "Plan Width": 33, "Inner Unique": true, "Plans": [{"Node Type": "Nested Loop", "Parent Relationship": "Outer", "Join Type": "Inner", "Startup Cost": 0.0, "Total Cost": 497294.36, "Plan Rows": 2257, "Plan Width": 37, "Inner Unique": false, "Join Filter": "(t.id = mk.movie_id)", "Plans": [{"Node Type": "Nested Loop", "Parent Relationship": "Outer", "Join Type": "Inner", "Startup Cost": 0.0, "Total Cost": 497138.02, "Plan Rows": 278, "Plan Width": 29, "Inner Unique": true, "Join Filter": "(mc.company_type_id = ct.id)", "Plans": [{"Node Type": "Nested Loop", "Parent Relationship": "Outer", "Join Type": "Inner", "Startup Cost": 0.0, "Total Cost": 497104.2, "Plan Rows": 478, "Plan Width": 33, "Inner Unique": true, "Plans": [{"Node Type": "Nested Loop", "Parent Relationship": "Outer", "Join Type": "Inner", "Startup Cost": 0.0, "Total Cost": 496940.81, "Plan Rows": 568, "Plan Width": 37, "Inner Unique": false, "Plans": [{"Node Type": "Nested Loop", "Parent Relationship": "Outer", "Join Type": "Inner", "Startup Cost": 0.0, "Total Cost": 496842.96, "Plan Rows": 266, "Plan Width": 25, "Inner Unique": true, "Plans": [{"Node Type": "Nested Loop", "Parent Relationship": "Outer", "Join Type": "Inner", "Startup Cost": 0.0, "Total Cost": 495699.65, "Plan Rows": 192, "Plan Width": 4, "Inner Unique": false, "Plans": [{"Node Type": "Index Scan", "Parent Relationship": "Outer", "Scan Direction": "Forward", "Index Name": "info_type_pkey", "Relation Name": "info_type", "Alias": "it1", "Startup Cost": 0.0, "Total Cost": 14.21, "Plan Rows": 1, "Plan Width": 4, "Filter": "((info)::text = 'release dates'::text)"}, {"Node Type": "Index Scan", "Parent Relationship": "Inner", "Scan Direction": "Forward", "Index Name": "info_type_id_movie_info", "Relation Name": "movie_info", "Alias": "mi", "Startup Cost": 0.0, "Total Cost": 495683.52, "Plan Rows": 192, "Plan Width": 8, "Index Cond": "(info_type_id = it1.id)", "Filter": "((note)::text ~~ '%internet%'::text)"}]}, {"Node Type": "Index Scan", "Parent Relationship": "Inner", "Scan Direction": "Forward", "Index Name": "title_pkey", "Relation Name": "title", "Alias": "t", "Startup Cost": 0.0, "Total Cost": 5.94, "Plan Rows": 1, "Plan Width": 21, "Index Cond": "(id = mi.movie_id)", "Filter": "(production_year > 1990)"}]}, {"Node Type": "Index Scan", "Parent Relationship": "Inner", "Scan Direction": "Forward", "Index Name": "movie_id_movie_companies", "Relation Name": "movie_companies", "Alias": "mc", "Startup Cost": 0.0, "Total Cost": 0.35, "Plan Rows": 2, "Plan Width": 12, "Index Cond": "(movie_id = t.id)"}]}, {"Node Type": "Index Scan", "Parent Relationship": "Inner", "Scan Direction": "Forward", "Index Name": "company_name_pkey", "Relation Name": "company_name", "Alias": "cn", "Startup Cost": 0.0, "Total Cost": 0.28, "Plan Rows": 1, "Plan Width": 4, "Index Cond": "(id = mc.company_id)", "Filter": "((country_code)::text = '[us]'::text)"}]}, {"Node Type": "Materialize", "Parent Relationship": "Inner", "Startup Cost": 0.0, "Total Cost": 12.31, "Plan Rows": 3, "Plan Width": 4, "Plans": [{"Node Type": "Index Scan", "Parent Relationship": "Outer", "Scan Direction": "Forward", "Index Name": "company_type_pkey", "Relation Name": "company_type", "Alias": "ct", "Startup Cost": 0.0, "Total Cost": 12.29, "Plan Rows": 3, "Plan Width": 4}]}]}, {"Node Type": "Index Scan", "Parent Relationship": "Inner", "Scan Direction": "Forward", "Index Name": "movie_id_movie_keyword", "Relation Name": "movie_keyword", "Alias": "mk", "Startup Cost": 0.0, "Total Cost": 0.46, "Plan Rows": 8, "Plan Width": 8, "Index Cond": "(movie_id = mc.movie_id)"}]}, {"Node Type": "Index Scan", "Parent Relationship": "Inner", "Scan Direction": "Forward", "Index Name": "keyword_pkey", "Relation Name": "keyword", "Alias": "k", "Startup Cost": 0.0, "Total Cost": 0.27, "Plan Rows": 1, "Plan Width": 4, "Index Cond": "(id = mk.keyword_id)"}]}, {"Node Type": "Index Scan", "Parent Relationship": "Inner", "Scan Direction": "Forward", "Index Name": "movie_id_aka_title", "Relation Name": "aka_title", "Alias": "at", "Startup Cost": 0.0, "Total Cost": 0.32, "Plan Rows": 3, "Plan Width": 25, "Index Cond": "(movie_id = mk.movie_id)"}]}]}, "Unique SQL Id": 2302223328, "Planner Runtime": 122}, "explain_analyze_plan": {"Plan": {"Node Type": "Aggregate", "Strategy": "Plain", "Startup Cost": 498761.35, "Total Cost": 498761.36, "Plan Rows": 1, "Plan Width": 102, "Actual Startup Time": 2067.479, "Actual Total Time": 2067.479, "Actual Rows": 1, "Actual Loops": 1, "Plans": [{"Node Type": "Nested Loop", "Parent Relationship": "Outer", "Join Type": "Inner", "Startup Cost": 0.0, "Total Cost": 498726.48, "Plan Rows": 6974, "Plan Width": 38, "Actual Startup Time": 56.07, "Actual Total Time": 2064.584, "Actual Rows": 4371, "Actual Loops": 1, "Inner Unique": false, "Join Filter": "(t.id = at.movie_id)", "Rows Removed by Join Filter": 0, "Plans": [{"Node Type": "Nested Loop", "Parent Relationship": "Outer", "Join Type": "Inner", "Startup Cost": 0.0, "Total Cost": 497927.86, "Plan Rows": 2257, "Plan Width": 33, "Actual Startup Time": 0.223, "Actual Total Time": 2019.484, "Actual Rows": 14161, "Actual Loops": 1, "Inner Unique": true, "Plans": [{"Node Type": "Nested Loop", "Parent Relationship": "Outer", "Join Type": "Inner", "Startup Cost": 0.0, "Total Cost": 497294.36, "Plan Rows": 2257, "Plan Width": 37, "Actual Startup Time": 0.216, "Actual Total Time": 1951.165, "Actual Rows": 14161, "Actual Loops": 1, "Inner Unique": false, "Join Filter": "(t.id = mk.movie_id)", "Rows Removed by Join Filter": 0, "Plans": [{"Node Type": "Nested Loop", "Parent Relationship": "Outer", "Join Type": "Inner", "Startup Cost": 0.0, "Total Cost": 497138.02, "Plan Rows": 278, "Plan Width": 29, "Actual Startup Time": 0.206, "Actual Total Time": 1907.389, "Actual Rows": 5914, "Actual Loops": 1, "Inner Unique": true, "Join Filter": "(mc.company_type_id = ct.id)", "Rows Removed by Join Filter": 11829, "Plans": [{"Node Type": "Nested Loop", "Parent Relationship": "Outer", "Join Type": "Inner", "Startup Cost": 0.0, "Total Cost": 497104.2, "Plan Rows": 478, "Plan Width": 33, "Actual Startup Time": 0.105, "Actual Total Time": 1898.313, "Actual Rows": 9857, "Actual Loops": 1, "Inner Unique": true, "Plans": [{"Node Type": "Nested Loop", "Parent Relationship": "Outer", "Join Type": "Inner", "Startup Cost": 0.0, "Total Cost": 496940.81, "Plan Rows": 568, "Plan Width": 37, "Actual Startup Time": 0.092, "Actual Total Time": 1813.33, "Actual Rows": 14377, "Actual Loops": 1, "Inner Unique": false, "Plans": [{"Node Type": "Nested Loop", "Parent Relationship": "Outer", "Join Type": "Inner", "Startup Cost": 0.0, "Total Cost": 496842.96, "Plan Rows": 266, "Plan Width": 25, "Actual Startup Time": 0.084, "Actual Total Time": 1740.172, "Actual Rows": 10662, "Actual Loops": 1, "Inner Unique": true, "Plans": [{"Node Type": "Nested Loop", "Parent Relationship": "Outer", "Join Type": "Inner", "Startup Cost": 0.0, "Total Cost": 495699.65, "Plan Rows": 192, "Plan Width": 4, "Actual Startup Time": 0.073, "Actual Total Time": 1668.249, "Actual Rows": 10679, "Actual Loops": 1, "Inner Unique": false, "Plans": [{"Node Type": "Index Scan", "Parent Relationship": "Outer", "Scan Direction": "Forward", "Index Name": "info_type_pkey", "Relation Name": "info_type", "Alias": "it1", "Startup Cost": 0.0, "Total Cost": 14.21, "Plan Rows": 1, "Plan Width": 4, "Actual Startup Time": 0.045, "Actual Total Time": 0.09, "Actual Rows": 1, "Actual Loops": 1, "Filter": "((info)::text = 'release dates'::text)", "Rows Removed by Filter": 111}, {"Node Type": "Index Scan", "Parent Relationship": "Inner", "Scan Direction": "Forward", "Index Name": "info_type_id_movie_info", "Relation Name": "movie_info", "Alias": "mi", "Startup Cost": 0.0, "Total Cost": 495683.52, "Plan Rows": 192, "Plan Width": 8, "Actual Startup Time": 0.023, "Actual Total Time": 1665.361, "Actual Rows": 10679, "Actual Loops": 1, "Index Cond": "(info_type_id = it1.id)", "Rows Removed by Index Recheck": 0, "Filter": "((note)::text ~~ '%internet%'::text)", "Rows Removed by Filter": 3026040}]}, {"Node Type": "Index Scan", "Parent Relationship": "Inner", "Scan Direction": "Forward", "Index Name": "title_pkey", "Relation Name": "title", "Alias": "t", "Startup Cost": 0.0, "Total Cost": 5.94, "Plan Rows": 1, "Plan Width": 21, "Actual Startup Time": 61.275, "Actual Total Time": 61.275, "Actual Rows": 10662, "Actual Loops": 10679, "Index Cond": "(id = mi.movie_id)", "Rows Removed by Index Recheck": 0, "Filter": "(production_year > 1990)", "Rows Removed by Filter": 17}]}, {"Node Type": "Index Scan", "Parent Relationship": "Inner", "Scan Direction": "Forward", "Index Name": "movie_id_movie_companies", "Relation Name": "movie_companies", "Alias": "mc", "Startup Cost": 0.0, "Total Cost": 0.35, "Plan Rows": 2, "Plan Width": 12, "Actual Startup Time": 51.221, "Actual Total Time": 63.507, "Actual Rows": 14377, "Actual Loops": 10662, "Index Cond": "(movie_id = t.id)", "Rows Removed by Index Recheck": 0}]}, {"Node Type": "Index Scan", "Parent Relationship": "Inner", "Scan Direction": "Forward", "Index Name": "company_name_pkey", "Relation Name": "company_name", "Alias": "cn", "Startup Cost": 0.0, "Total Cost": 0.28, "Plan Rows": 1, "Plan Width": 4, "Actual Startup Time": 73.894, "Actual Total Time": 73.894, "Actual Rows": 9857, "Actual Loops": 14377, "Index Cond": "(id = mc.company_id)", "Rows Removed by Index Recheck": 0, "Filter": "((country_code)::text = '[us]'::text)", "Rows Removed by Filter": 4520}]}, {"Node Type": "Materialize", "Parent Relationship": "Inner", "Startup Cost": 0.0, "Total Cost": 12.31, "Plan Rows": 3, "Plan Width": 4, "Actual Startup Time": 1.185, "Actual Total Time": 2.243, "Actual Rows": 17743, "Actual Loops": 9857, "Plans": [{"Node Type": "Index Scan", "Parent Relationship": "Outer", "Scan Direction": "Forward", "Index Name": "company_type_pkey", "Relation Name": "company_type", "Alias": "ct", "Startup Cost": 0.0, "Total Cost": 12.29, "Plan Rows": 3, "Plan Width": 4, "Actual Startup Time": 0.003, "Actual Total Time": 0.005, "Actual Rows": 3, "Actual Loops": 1}]}]}, {"Node Type": "Index Scan", "Parent Relationship": "Inner", "Scan Direction": "Forward", "Index Name": "movie_id_movie_keyword", "Relation Name": "movie_keyword", "Alias": "mk", "Startup Cost": 0.0, "Total Cost": 0.46, "Plan Rows": 8, "Plan Width": 8, "Actual Startup Time": 27.892, "Actual Total Time": 34.315, "Actual Rows": 14161, "Actual Loops": 5914, "Index Cond": "(movie_id = mc.movie_id)", "Rows Removed by Index Recheck": 0}]}, {"Node Type": "Index Scan", "Parent Relationship": "Inner", "Scan Direction": "Forward", "Index Name": "keyword_pkey", "Relation Name": "keyword", "Alias": "k", "Startup Cost": 0.0, "Total Cost": 0.27, "Plan Rows": 1, "Plan Width": 4, "Actual Startup Time": 56.928, "Actual Total Time": 56.928, "Actual Rows": 14161, "Actual Loops": 14161, "Index Cond": "(id = mk.keyword_id)", "Rows Removed by Index Recheck": 0}]}, {"Node Type": "Index Scan", "Parent Relationship": "Inner", "Scan Direction": "Forward", "Index Name": "movie_id_aka_title", "Relation Name": "aka_title", "Alias": "at", "Startup Cost": 0.0, "Total Cost": 0.32, "Plan Rows": 3, "Plan Width": 25, "Actual Startup Time": 33.166, "Actual Total Time": 35.427, "Actual Rows": 4371, "Actual Loops": 14161, "Index Cond": "(movie_id = mk.movie_id)", "Rows Removed by Index Recheck": 0}]}]}, "Triggers": [], "Planner Runtime": 122, "Total Runtime": 2067.942, "Unique SQL Id": 2302223328}}, "(1, 30)": {"explain_plan": {"Plan": {"Node Type": "Aggregate", "Strategy": "Plain", "Startup Cost": 1581813.03, "Total Cost": 1581813.04, "Plan Rows": 1, "Plan Width": 102, "Plans": [{"Node Type": "Merge Join", "Parent Relationship": "Outer", "Join Type": "Inner", "Startup Cost": 1571198.28, "Total Cost": 1581778.16, "Plan Rows": 6974, "Plan Width": 38, "Inner Unique": false, "Merge Cond": "(t.id = at.movie_id)", "Plans": [{"Node Type": "Merge Join", "Parent Relationship": "Outer", "Join Type": "Inner", "Startup Cost": 1527933.13, "Total Cost": 1536701.63, "Plan Rows": 2257, "Plan Width": 33, "Inner Unique": true, "Merge Cond": "(mi.movie_id = t.id)", "Plans": [{"Node Type": "Sort", "Parent Relationship": "Outer", "Startup Cost": 1280206.09, "Total Cost": 1280210.16, "Plan Rows": 1629, "Plan Width": 12, "Sort Key": ["mc.movie_id"], "Plans": [{"Node Type": "Merge Join", "Parent Relationship": "Outer", "Join Type": "Inner", "Startup Cost": 1279424.25, "Total Cost": 1280119.18, "Plan Rows": 1629, "Plan Width": 12, "Inner Unique": true, "Merge Cond": "(mk.keyword_id = k.id)", "Plans": [{"Node Type": "Sort", "Parent Relationship": "Outer", "Startup Cost": 1265896.59, "Total Cost": 1265900.66, "Plan Rows": 1629, "Plan Width": 16, "Sort Key": ["mk.keyword_id"], "Plans": [{"Node Type": "Merge Join", "Parent Relationship": "Outer", "Join Type": "Inner", "Startup Cost": 1243172.75, "Total Cost": 1265809.69, "Plan Rows": 1629, "Plan Width": 16, "Inner Unique": false, "Merge Cond": "(mi.movie_id = mk.movie_id)", "Plans": [{"Node Type": "Sort", "Parent Relationship": "Outer", "Startup Cost": 680630.45, "Total Cost": 680630.95, "Plan Rows": 201, "Plan Width": 8, "Sort Key": ["mc.movie_id"], "Plans": [{"Node Type": "Nested Loop", "Parent Relationship": "Outer", "Join Type": "Inner", "Startup Cost": 680173.46, "Total Cost": 680622.76, "Plan Rows": 201, "Plan Width": 8, "Inner Unique": true, "Join Filter": "(mc.company_type_id = ct.id)", "Plans": [{"Node Type": "Merge Join", "Parent Relationship": "Outer", "Join Type": "Inner", "Startup Cost": 680173.46, "Total Cost": 680606.2, "Plan Rows": 345, "Plan Width": 12, "Inner Unique": true, "Merge Cond": "(mc.company_id = cn.id)", "Plans": [{"Node Type": "Sort", "Parent Relationship": "Outer", "Startup Cost": 667295.36, "Total Cost": 667296.39, "Plan Rows": 410, "Plan Width": 16, "Sort Key": ["mc.company_id"], "Plans": [{"Node Type": "Merge Join", "Parent Relationship": "Outer", "Join Type": "Inner", "Startup Cost": 654227.07, "Total Cost": 667277.57, "Plan Rows": 410, "Plan Width": 16, "Inner Unique": false, "Merge Cond": "(mi.movie_id = mc.movie_id)", "Plans": [{"Node Type": "Sort", "Parent Relationship": "Outer", "Startup Cost": 334339.99, "Total Cost": 334340.47, "Plan Rows": 192, "Plan Width": 4, "Sort Key": ["mi.movie_id"], "Plans": [{"Node Type": "Nested Loop", "Parent Relationship": "Outer", "Join Type": "Inner", "Startup Cost": 0.0, "Total Cost": 334332.71, "Plan Rows": 192, "Plan Width": 4, "Inner Unique": false, "Join Filter": "(it1.id = mi.info_type_id)", "Plans": [{"Node Type": "Seq Scan", "Parent Relationship": "Outer", "Relation Name": "info_type", "Alias": "it1", "Startup Cost": 0.0, "Total Cost": 2.4, "Plan Rows": 1, "Plan Width": 4, "Filter": "((info)::text = 'release dates'::text)"}, {"Node Type": "Seq Scan", "Parent Relationship": "Inner", "Relation Name": "movie_info", "Alias": "mi", "Startup Cost": 0.0, "Total Cost": 334162.58, "Plan Rows": 13419, "Plan Width": 8, "Filter": "((note)::text ~~ '%internet%'::text)"}]}]}, {"Node Type": "Sort", "Parent Relationship": "Inner", "Startup Cost": 319886.87, "Total Cost": 326409.69, "Plan Rows": 2609128, "Plan Width": 12, "Sort Key": ["mc.movie_id"], "Plans": [{"Node Type": "Seq Scan", "Parent Relationship": "Outer", "Relation Name": "movie_companies", "Alias": "mc", "Startup Cost": 0.0, "Total Cost": 41817.28, "Plan Rows": 2609128, "Plan Width": 12}]}]}]}, {"Node Type": "Sort", "Parent Relationship": "Inner", "Startup Cost": 12878.05, "Total Cost": 13090.97, "Plan Rows": 85170, "Plan Width": 4, "Sort Key": ["cn.id"], "Plans": [{"Node Type": "Seq Scan", "Parent Relationship": "Outer", "Relation Name": "company_name", "Alias": "cn", "Startup Cost": 0.0, "Total Cost": 5903.45, "Plan Rows": 85170, "Plan Width": 4, "Filter": "((country_code)::text = '[us]'::text)"}]}]}, {"Node Type": "Materialize", "Parent Relationship": "Inner", "Startup Cost": 0.0, "Total Cost": 1.04, "Plan Rows": 3, "Plan Width": 4, "Plans": [{"Node Type": "Seq Scan", "Parent Relationship": "Outer", "Relation Name": "company_type", "Alias": "ct", "Startup Cost": 0.0, "Total Cost": 1.03, "Plan Rows": 3, "Plan Width": 4}]}]}]}, {"Node Type": "Sort", "Parent Relationship": "Inner", "Startup Cost": 562542.3, "Total Cost": 573852.12, "Plan Rows": 4523929, "Plan Width": 8, "Sort Key": ["mk.movie_id"], "Plans": [{"Node Type": "Seq Scan", "Parent Relationship": "Outer", "Relation Name": "movie_keyword", "Alias": "mk", "Startup Cost": 0.0, "Total Cost": 62441.29, "Plan Rows": 4523929, "Plan Width": 8}]}]}]}, {"Node Type": "Sort", "Parent Relationship": "Inner", "Startup Cost": 13527.66, "Total Cost": 13863.08, "Plan Rows": 134169, "Plan Width": 4, "Sort Key": ["k.id"], "Plans": [{"Node Type": "Seq Scan", "Parent Relationship": "Outer", "Relation Name": "keyword", "Alias": "k", "Startup Cost": 0.0, "Total Cost": 2100.69, "Plan Rows": 134169, "Plan Width": 4}]}]}]}, {"Node Type": "Sort", "Parent Relationship": "Inner", "Startup Cost": 247726.82, "Total Cost": 252098.92, "Plan Rows": 1748840, "Plan Width": 21, "Sort Key": ["t.id"], "Plans": [{"Node Type": "Seq Scan", "Parent Relationship": "Outer", "Relation Name": "title", "Alias": "t", "Startup Cost": 0.0, "Total Cost": 66389.89, "Plan Rows": 1748840, "Plan Width": 21, "Filter": "(production_year > 1990), (LLVM Optimized)"}]}]}, {"Node Type": "Sort", "Parent Relationship": "Inner", "Startup Cost": 43264.85, "Total Cost": 44168.52, "Plan Rows": 361471, "Plan Width": 25, "Sort Key": ["at.movie_id"], "Plans": [{"Node Type": "Seq Scan", "Parent Relationship": "Outer", "Relation Name": "aka_title", "Alias": "at", "Startup Cost": 0.0, "Total Cost": 9894.71, "Plan Rows": 361471, "Plan Width": 25}]}]}]}, "Unique SQL Id": 2302223328, "Planner Runtime": 171}, "explain_analyze_plan": null}, "(1, 31)": {"explain_plan": {"Plan": {"Node Type": "Aggregate", "Strategy": "Plain", "Startup Cost": 8989907666953.63, "Total Cost": 8989907666953.64, "Plan Rows": 1, "Plan Width": 102, "Plans": [{"Node Type": "Nested Loop", "Parent Relationship": "Outer", "Join Type": "Inner", "Startup Cost": 90000000000.0, "Total Cost": 8989907666919.11, "Plan Rows": 6905, "Plan Width": 38, "Inner Unique": false, "Join Filter": "(t.id = at.movie_id)", "Plans": [{"Node Type": "Nested Loop", "Parent Relationship": "Outer", "Join Type": "Inner", "Startup Cost": 80000000000.0, "Total Cost": 7989884670934.49, "Plan Rows": 3874, "Plan Width": 33, "Inner Unique": true, "Join Filter": "(mk.keyword_id = k.id)", "Plans": [{"Node Type": "Nested Loop", "Parent Relationship": "Outer", "Join Type": "Inner", "Startup Cost": 70000000000.0, "Total Cost": 6989876589309.04, "Plan Rows": 3874, "Plan Width": 37, "Inner Unique": true, "Join Filter": "(mc.company_id = cn.id)", "Plans": [{"Node Type": "Merge Join", "Parent Relationship": "Outer", "Join Type": "Inner", "Startup Cost": 60000000000.0, "Total Cost": 5989869657116.95, "Plan Rows": 4604, "Plan Width": 41, "Inner Unique": false, "Merge Cond": "(t.id = mk.movie_id)", "Plans": [{"Node Type": "Nested Loop", "Parent Relationship": "Outer", "Join Type": "Inner", "Startup Cost": 50000000000.0, "Total Cost": 4998566610310.17, "Plan Rows": 568, "Plan Width": 33, "Inner Unique": true, "Join Filter": "(mc.company_type_id = ct.id)", "Plans": [{"Node Type": "Nested Loop", "Parent Relationship": "Outer", "Join Type": "Inner", "Startup Cost": 40000000000.0, "Total Cost": 3998566609055.11, "Plan Rows": 568, "Plan Width": 37, "Inner Unique": true, "Join Filter": "(mi.info_type_id = it1.id)", "Plans": [{"Node Type": "Merge Join", "Parent Relationship": "Outer", "Join Type": "Inner", "Startup Cost": 30000000000.0, "Total Cost": 2998566607038.02, "Plan Rows": 39739, "Plan Width": 41, "Inner Unique": false, "Merge Cond": "(t.id = mc.movie_id)", "Plans": [{"Node Type": "Nested Loop", "Parent Relationship": "Outer", "Join Type": "Inner", "Startup Cost": 20000000000.0, "Total Cost": 2000471060864.73, "Plan Rows": 18591, "Plan Width": 29, "Inner Unique": false, "Join Filter": "(mi.movie_id = t.id)", "Plans": [{"Node Type": "Index Scan", "Parent Relationship": "Outer", "Scan Direction": "Forward", "Index Name": "title_pkey", "Relation Name": "title", "Alias": "t", "Startup Cost": 10000000000.0, "Total Cost": 1000011644126.66, "Plan Rows": 1748840, "Plan Width": 21, "Filter": "(production_year > 1990), (LLVM Optimized)"}, {"Node Type": "Materialize", "Parent Relationship": "Inner", "Startup Cost": 10000000000.0, "Total Cost": 1000107401512.21, "Plan Rows": 13419, "Plan Width": 8, "Plans": [{"Node Type": "Index Scan", "Parent Relationship": "Outer", "Scan Direction": "Forward", "Index Name": "info_type_id_movie_info", "Relation Name": "movie_info", "Alias": "mi", "Startup Cost": 10000000000.0, "Total Cost": 1000107401445.12, "Plan Rows": 13419, "Plan Width": 8, "Filter": "((note)::text ~~ '%internet%'::text)"}]}]}, {"Node Type": "Index Scan", "Parent Relationship": "Inner", "Scan Direction": "Forward", "Index Name": "movie_id_movie_companies", "Relation Name": "movie_companies", "Alias": "mc", "Startup Cost": 10000000000.0, "Total Cost": 1000013051946.13, "Plan Rows": 2609128, "Plan Width": 12}]}, {"Node Type": "Materialize", "Parent Relationship": "Inner", "Startup Cost": 10000000000.0, "Total Cost": 1000000001421.0, "Plan Rows": 1, "Plan Width": 4, "Plans": [{"Node Type": "Index Scan", "Parent Relationship": "Outer", "Scan Direction": "Forward", "Index Name": "info_type_pkey", "Relation Name": "info_type", "Alias": "it1", "Startup Cost": 10000000000.0, "Total Cost": 1000000001421.0, "Plan Rows": 1, "Plan Width": 4, "Filter": "((info)::text = 'release dates'::text)"}]}]}, {"Node Type": "Materialize", "Parent Relationship": "Inner", "Startup Cost": 10000000000.0, "Total Cost": 1000000001229.52, "Plan Rows": 3, "Plan Width": 4, "Plans": [{"Node Type": "Index Scan", "Parent Relationship": "Outer", "Scan Direction": "Forward", "Index Name": "company_type_pkey", "Relation Name": "company_type", "Alias": "ct", "Startup Cost": 10000000000.0, "Total Cost": 1000000001229.5, "Plan Rows": 3, "Plan Width": 4}]}]}, {"Node Type": "Index Scan", "Parent Relationship": "Inner", "Scan Direction": "Forward", "Index Name": "movie_id_movie_keyword", "Relation Name": "movie_keyword", "Alias": "mk", "Startup Cost": 10000000000.0, "Total Cost": 1000015300634.17, "Plan Rows": 4523929, "Plan Width": 8}]}, {"Node Type": "Materialize", "Parent Relationship": "Inner", "Startup Cost": 10000000000.0, "Total Cost": 1000001050564.82, "Plan Rows": 85170, "Plan Width": 4, "Plans": [{"Node Type": "Index Scan", "Parent Relationship": "Outer", "Scan Direction": "Forward", "Index Name": "company_name_pkey", "Relation Name": "company_name", "Alias": "cn", "Startup Cost": 10000000000.0, "Total Cost": 1000001050138.97, "Plan Rows": 85170, "Plan Width": 4, "Filter": "((country_code)::text = '[us]'::text)"}]}]}, {"Node Type": "Materialize", "Parent Relationship": "Inner", "Startup Cost": 10000000000.0, "Total Cost": 1000000285400.28, "Plan Rows": 134169, "Plan Width": 4, "Plans": [{"Node Type": "Index Scan", "Parent Relationship": "Outer", "Scan Direction": "Forward", "Index Name": "keyword_pkey", "Relation Name": "keyword", "Alias": "k", "Startup Cost": 10000000000.0, "Total Cost": 1000000284729.43, "Plan Rows": 134169, "Plan Width": 4}]}]}, {"Node Type": "Materialize", "Parent Relationship": "Inner", "Startup Cost": 10000000000.0, "Total Cost": 1000001991808.49, "Plan Rows": 361471, "Plan Width": 25, "Plans": [{"Node Type": "Index Scan", "Parent Relationship": "Outer", "Scan Direction": "Forward", "Index Name": "movie_id_aka_title", "Relation Name": "aka_title", "Alias": "at", "Startup Cost": 10000000000.0, "Total Cost": 1000001990001.13, "Plan Rows": 361471, "Plan Width": 25}]}]}]}, "Unique SQL Id": 2302223328, "Planner Runtime": 222}, "explain_analyze_plan": null}, "(1, 32)": {"explain_plan": {"Plan": {"Node Type": "Aggregate", "Strategy": "Plain", "Startup Cost": 167700.28, "Total Cost": 167700.29, "Plan Rows": 1, "Plan Width": 102, "Plans": [{"Node Type": "Nested Loop", "Parent Relationship": "Outer", "Join Type": "Inner", "Startup Cost": 4841.51, "Total Cost": 167665.75, "Plan Rows": 6905, "Plan Width": 38, "Inner Unique": true, "Plans": [{"Node Type": "Nested Loop", "Parent Relationship": "Outer", "Join Type": "Inner", "Startup Cost": 4841.51, "Total Cost": 165693.92, "Plan Rows": 7042, "Plan Width": 42, "Inner Unique": false, "Join Filter": "(t.id = mk.movie_id)", "Plans": [{"Node Type": "Nested Loop", "Parent Relationship": "Outer", "Join Type": "Inner", "Startup Cost": 4841.51, "Total Cost": 165202.94, "Plan Rows": 873, "Plan Width": 54, "Inner Unique": true, "Join Filter": "(at.movie_id = t.id)", "Plans": [{"Node Type": "Nested Loop", "Parent Relationship": "Outer", "Join Type": "Inner", "Startup Cost": 4841.51, "Total Cost": 164980.86, "Plan Rows": 630, "Plan Width": 33, "Inner Unique": true, "Join Filter": "(mc.company_type_id = ct.id)", "Plans": [{"Node Type": "Nested Loop", "Parent Relationship": "Outer", "Join Type": "Inner", "Startup Cost": 4841.51, "Total Cost": 164951.47, "Plan Rows": 630, "Plan Width": 37, "Inner Unique": true, "Plans": [{"Node Type": "Nested Loop", "Parent Relationship": "Outer", "Join Type": "Inner", "Startup Cost": 4841.51, "Total Cost": 164648.85, "Plan Rows": 1052, "Plan Width": 41, "Inner Unique": false, "Plans": [{"Node Type": "Nested Loop", "Parent Relationship": "Outer", "Join Type": "Inner", "Startup Cost": 4841.51, "Total Cost": 164359.77, "Plan Rows": 490, "Plan Width": 29, "Inner Unique": false, "Plans": [{"Node Type": "Nested Loop", "Parent Relationship": "Outer", "Join Type": "Inner", "Startup Cost": 4841.51, "Total Cost": 163884.08, "Plan Rows": 192, "Plan Width": 4, "Inner Unique": false, "Plans": [{"Node Type": "Seq Scan", "Parent Relationship": "Outer", "Relation Name": "info_type", "Alias": "it1", "Startup Cost": 0.0, "Total Cost": 2.4, "Plan Rows": 1, "Plan Width": 4, "Filter": "((info)::text = 'release dates'::text)"}, {"Node Type": "Bitmap Heap Scan", "Parent Relationship": "Inner", "Relation Name": "movie_info", "Alias": "mi", "Startup Cost": 4841.51, "Total Cost": 163879.76, "Plan Rows": 192, "Plan Width": 8, "Recheck Cond": "(info_type_id = it1.id)", "Filter": "((note)::text ~~ '%internet%'::text)", "Plans": [{"Node Type": "Bitmap Index Scan", "Parent Relationship": "Outer", "Index Name": "info_type_id_movie_info", "Startup Cost": 0.0, "Total Cost": 4841.46, "Plan Rows": 212428, "Plan Width": 0, "Index Cond": "(info_type_id = it1.id)"}]}]}, {"Node Type": "Index Scan", "Parent Relationship": "Inner", "Scan Direction": "Forward", "Index Name": "movie_id_aka_title", "Relation Name": "aka_title", "Alias": "at", "Startup Cost": 0.0, "Total Cost": 2.45, "Plan Rows": 3, "Plan Width": 25, "Index Cond": "(movie_id = mi.movie_id)"}]}, {"Node Type": "Index Scan", "Parent Relationship": "Inner", "Scan Direction": "Forward", "Index Name": "movie_id_movie_companies", "Relation Name": "movie_companies", "Alias": "mc", "Startup Cost": 0.0, "Total Cost": 0.57, "Plan Rows": 2, "Plan Width": 12, "Index Cond": "(movie_id = at.movie_id)"}]}, {"Node Type": "Index Scan", "Parent Relationship": "Inner", "Scan Direction": "Forward", "Index Name": "company_name_pkey", "Relation Name": "company_name", "Alias": "cn", "Startup Cost": 0.0, "Total Cost": 0.28, "Plan Rows": 1, "Plan Width": 4, "Index Cond": "(id = mc.company_id)", "Filter": "((country_code)::text = '[us]'::text)"}]}, {"Node Type": "Materialize", "Parent Relationship": "Inner", "Startup Cost": 0.0, "Total Cost": 1.04, "Plan Rows": 3, "Plan Width": 4, "Plans": [{"Node Type": "Seq Scan", "Parent Relationship": "Outer", "Relation Name": "company_type", "Alias": "ct", "Startup Cost": 0.0, "Total Cost": 1.03, "Plan Rows": 3, "Plan Width": 4}]}]}, {"Node Type": "Index Scan", "Parent Relationship": "Inner", "Scan Direction": "Forward", "Index Name": "title_pkey", "Relation Name": "title", "Alias": "t", "Startup Cost": 0.0, "Total Cost": 0.34, "Plan Rows": 1, "Plan Width": 21, "Index Cond": "(id = mc.movie_id)", "Filter": "(production_year > 1990)"}]}, {"Node Type": "Index Scan", "Parent Relationship": "Inner", "Scan Direction": "Forward", "Index Name": "movie_id_movie_keyword", "Relation Name": "movie_keyword", "Alias": "mk", "Startup Cost": 0.0, "Total Cost": 0.46, "Plan Rows": 8, "Plan Width": 8, "Index Cond": "(movie_id = mc.movie_id)"}]}, {"Node Type": "Index Only Scan", "Parent Relationship": "Inner", "Scan Direction": "Forward", "Index Name": "keyword_pkey", "Relation Name": "keyword", "Alias": "k", "Startup Cost": 0.0, "Total Cost": 0.27, "Plan Rows": 1, "Plan Width": 4, "Index Cond": "(id = mk.keyword_id)"}]}]}, "Unique SQL Id": 2302223328, "Planner Runtime": 65}, "explain_analyze_plan": {"Plan": {"Node Type": "Aggregate", "Strategy": "Plain", "Startup Cost": 167700.28, "Total Cost": 167700.29, "Plan Rows": 1, "Plan Width": 102, "Actual Startup Time": 1736.317, "Actual Total Time": 1736.317, "Actual Rows": 1, "Actual Loops": 1, "Plans": [{"Node Type": "Nested Loop", "Parent Relationship": "Outer", "Join Type": "Inner", "Startup Cost": 4841.51, "Total Cost": 167665.75, "Plan Rows": 6905, "Plan Width": 38, "Actual Startup Time": 413.418, "Actual Total Time": 1733.38, "Actual Rows": 4371, "Actual Loops": 1, "Inner Unique": true, "Plans": [{"Node Type": "Nested Loop", "Parent Relationship": "Outer", "Join Type": "Inner", "Startup Cost": 4841.51, "Total Cost": 165693.92, "Plan Rows": 7042, "Plan Width": 42, "Actual Startup Time": 413.403, "Actual Total Time": 1717.894, "Actual Rows": 4371, "Actual Loops": 1, "Inner Unique": false, "Join Filter": "(t.id = mk.movie_id)", "Rows Removed by Join Filter": 0, "Plans": [{"Node Type": "Nested Loop", "Parent Relationship": "Outer", "Join Type": "Inner", "Startup Cost": 4841.51, "Total Cost": 165202.94, "Plan Rows": 873, "Plan Width": 54, "Actual Startup Time": 388.861, "Actual Total Time": 1711.021, "Actual Rows": 382, "Actual Loops": 1, "Inner Unique": true, "Join Filter": "(at.movie_id = t.id)", "Rows Removed by Join Filter": 0, "Plans": [{"Node Type": "Nested Loop", "Parent Relationship": "Outer", "Join Type": "Inner", "Startup Cost": 4841.51, "Total Cost": 164980.86, "Plan Rows": 630, "Plan Width": 33, "Actual Startup Time": 388.837, "Actual Total Time": 1707.617, "Actual Rows": 382, "Actual Loops": 1, "Inner Unique": true, "Join Filter": "(mc.company_type_id = ct.id)", "Rows Removed by Join Filter": 1542, "Plans": [{"Node Type": "Nested Loop", "Parent Relationship": "Outer", "Join Type": "Inner", "Startup Cost": 4841.51, "Total Cost": 164951.47, "Plan Rows": 630, "Plan Width": 37, "Actual Startup Time": 384.132, "Actual Total Time": 1706.474, "Actual Rows": 896, "Actual Loops": 1, "Inner Unique": true, "Plans": [{"Node Type": "Nested Loop", "Parent Relationship": "Outer", "Join Type": "Inner", "Startup Cost": 4841.51, "Total Cost": 164648.85, "Plan Rows": 1052, "Plan Width": 41, "Actual Startup Time": 384.11, "Actual Total Time": 1692.755, "Actual Rows": 2130, "Actual Loops": 1, "Inner Unique": false, "Plans": [{"Node Type": "Nested Loop", "Parent Relationship": "Outer", "Join Type": "Inner", "Startup Cost": 4841.51, "Total Cost": 164359.77, "Plan Rows": 490, "Plan Width": 29, "Actual Startup Time": 380.952, "Actual Total Time": 1685.515, "Actual Rows": 591, "Actual Loops": 1, "Inner Unique": false, "Plans": [{"Node Type": "Nested Loop", "Parent Relationship": "Outer", "Join Type": "Inner", "Startup Cost": 4841.51, "Total Cost": 163884.08, "Plan Rows": 192, "Plan Width": 4, "Actual Startup Time": 380.505, "Actual Total Time": 1647.884, "Actual Rows": 10679, "Actual Loops": 1, "Inner Unique": false, "Plans": [{"Node Type": "Seq Scan", "Parent Relationship": "Outer", "Relation Name": "info_type", "Alias": "it1", "Startup Cost": 0.0, "Total Cost": 2.4, "Plan Rows": 1, "Plan Width": 4, "Actual Startup Time": 0.051, "Actual Total Time": 0.089, "Actual Rows": 1, "Actual Loops": 1, "Filter": "((info)::text = 'release dates'::text)", "Rows Removed by Filter": 111}, {"Node Type": "Bitmap Heap Scan", "Parent Relationship": "Inner", "Relation Name": "movie_info", "Alias": "mi", "Startup Cost": 4841.51, "Total Cost": 163879.76, "Plan Rows": 192, "Plan Width": 8, "Actual Startup Time": 380.444, "Actual Total Time": 1645.227, "Actual Rows": 10679, "Actual Loops": 1, "Recheck Cond": "(info_type_id = it1.id)", "Rows Removed by Index Recheck": 0, "Filter": "((note)::text ~~ '%internet%'::text)", "Rows Removed by Filter": 3026040, "Exact Heap Blocks": 21947, "Lossy Heap Blocks": 21947, "Plans": [{"Node Type": "Bitmap Index Scan", "Parent Relationship": "Outer", "Index Name": "info_type_id_movie_info", "Startup Cost": 0.0, "Total Cost": 4841.46, "Plan Rows": 212428, "Plan Width": 0, "Actual Startup Time": 375.449, "Actual Total Time": 375.449, "Actual Rows": 3036719, "Actual Loops": 1, "Index Cond": "(info_type_id = it1.id)"}]}]}, {"Node Type": "Index Scan", "Parent Relationship": "Inner", "Scan Direction": "Forward", "Index Name": "movie_id_aka_title", "Relation Name": "aka_title", "Alias": "at", "Startup Cost": 0.0, "Total Cost": 2.45, "Plan Rows": 3, "Plan Width": 25, "Actual Startup Time": 31.039, "Actual Total Time": 31.694, "Actual Rows": 591, "Actual Loops": 10679, "Index Cond": "(movie_id = mi.movie_id)", "Rows Removed by Index Recheck": 0}]}, {"Node Type": "Index Scan", "Parent Relationship": "Inner", "Scan Direction": "Forward", "Index Name": "movie_id_movie_companies", "Relation Name": "movie_companies", "Alias": "mc", "Startup Cost": 0.0, "Total Cost": 0.57, "Plan Rows": 2, "Plan Width": 12, "Actual Startup Time": 4.467, "Actual Total Time": 6.156, "Actual Rows": 2130, "Actual Loops": 591, "Index Cond": "(movie_id = at.movie_id)", "Rows Removed by Index Recheck": 0}]}, {"Node Type": "Index Scan", "Parent Relationship": "Inner", "Scan Direction": "Forward", "Index Name": "company_name_pkey", "Relation Name": "company_name", "Alias": "cn", "Startup Cost": 0.0, "Total Cost": 0.28, "Plan Rows": 1, "Plan Width": 4, "Actual Startup Time": 12.025, "Actual Total Time": 12.025, "Actual Rows": 896, "Actual Loops": 2130, "Index Cond": "(id = mc.company_id)", "Rows Removed by Index Recheck": 0, "Filter": "((country_code)::text = '[us]'::text)", "Rows Removed by Filter": 1234}]}, {"Node Type": "Materialize", "Parent Relationship": "Inner", "Startup Cost": 0.0, "Total Cost": 1.04, "Plan Rows": 3, "Plan Width": 4, "Actual Startup Time": 0.183, "Actual Total Time": 0.325, "Actual Rows": 1924, "Actual Loops": 896, "Plans": [{"Node Type": "Seq Scan", "Parent Relationship": "Outer", "Relation Name": "company_type", "Alias": "ct", "Startup Cost": 0.0, "Total Cost": 1.03, "Plan Rows": 3, "Plan Width": 4, "Actual Startup Time": 0.011, "Actual Total Time": 0.013, "Actual Rows": 3, "Actual Loops": 1}]}]}, {"Node Type": "Index Scan", "Parent Relationship": "Inner", "Scan Direction": "Forward", "Index Name": "title_pkey", "Relation Name": "title", "Alias": "t", "Startup Cost": 0.0, "Total Cost": 0.34, "Plan Rows": 1, "Plan Width": 21, "Actual Startup Time": 2.67, "Actual Total Time": 2.67, "Actual Rows": 382, "Actual Loops": 382, "Index Cond": "(id = mc.movie_id)", "Rows Removed by Index Recheck": 0, "Filter": "(production_year > 1990)", "Rows Removed by Filter": 0}]}, {"Node Type": "Index Scan", "Parent Relationship": "Inner", "Scan Direction": "Forward", "Index Name": "movie_id_movie_keyword", "Relation Name": "movie_keyword", "Alias": "mk", "Startup Cost": 0.0, "Total Cost": 0.46, "Plan Rows": 8, "Plan Width": 8, "Actual Startup Time": 2.754, "Actual Total Time": 4.85, "Actual Rows": 4371, "Actual Loops": 382, "Index Cond": "(movie_id = mc.movie_id)", "Rows Removed by Index Recheck": 0}]}, {"Node Type": "Index Only Scan", "Parent Relationship": "Inner", "Scan Direction": "Forward", "Index Name": "keyword_pkey", "Relation Name": "keyword", "Alias": "k", "Startup Cost": 0.0, "Total Cost": 0.27, "Plan Rows": 1, "Plan Width": 4, "Actual Startup Time": 12.513, "Actual Total Time": 12.513, "Actual Rows": 4371, "Actual Loops": 4371, "Index Cond": "(id = mk.keyword_id)", "Rows Removed by Index Recheck": 0, "Heap Fetches": 0}]}]}, "Triggers": [], "Planner Runtime": 65, "Total Runtime": 1737.061, "Unique SQL Id": 2302223328}}, "(1, 33)": {"explain_plan": {"Plan": {"Node Type": "Aggregate", "Strategy": "Plain", "Startup Cost": 167719.35, "Total Cost": 167719.36, "Plan Rows": 1, "Plan Width": 102, "Plans": [{"Node Type": "Nested Loop", "Parent Relationship": "Outer", "Join Type": "Inner", "Startup Cost": 4841.51, "Total Cost": 167684.83, "Plan Rows": 6905, "Plan Width": 38, "Inner Unique": true, "Plans": [{"Node Type": "Nested Loop", "Parent Relationship": "Outer", "Join Type": "Inner", "Startup Cost": 4841.51, "Total Cost": 165712.99, "Plan Rows": 7042, "Plan Width": 42, "Inner Unique": false, "Join Filter": "(t.id = mk.movie_id)", "Plans": [{"Node Type": "Nested Loop", "Parent Relationship": "Outer", "Join Type": "Inner", "Startup Cost": 4841.51, "Total Cost": 165222.02, "Plan Rows": 873, "Plan Width": 54, "Inner Unique": true, "Join Filter": "(at.movie_id = t.id)", "Plans": [{"Node Type": "Nested Loop", "Parent Relationship": "Outer", "Join Type": "Inner", "Startup Cost": 4841.51, "Total Cost": 164999.93, "Plan Rows": 630, "Plan Width": 33, "Inner Unique": true, "Join Filter": "(mc.company_type_id = ct.id)", "Plans": [{"Node Type": "Nested Loop", "Parent Relationship": "Outer", "Join Type": "Inner", "Startup Cost": 4841.51, "Total Cost": 164963.28, "Plan Rows": 630, "Plan Width": 37, "Inner Unique": true, "Plans": [{"Node Type": "Nested Loop", "Parent Relationship": "Outer", "Join Type": "Inner", "Startup Cost": 4841.51, "Total Cost": 164660.66, "Plan Rows": 1052, "Plan Width": 41, "Inner Unique": false, "Plans": [{"Node Type": "Nested Loop", "Parent Relationship": "Outer", "Join Type": "Inner", "Startup Cost": 4841.51, "Total Cost": 164371.58, "Plan Rows": 490, "Plan Width": 29, "Inner Unique": false, "Plans": [{"Node Type": "Nested Loop", "Parent Relationship": "Outer", "Join Type": "Inner", "Startup Cost": 4841.51, "Total Cost": 163895.89, "Plan Rows": 192, "Plan Width": 4, "Inner Unique": false, "Plans": [{"Node Type": "Index Scan", "Parent Relationship": "Outer", "Scan Direction": "Forward", "Index Name": "info_type_pkey", "Relation Name": "info_type", "Alias": "it1", "Startup Cost": 0.0, "Total Cost": 14.21, "Plan Rows": 1, "Plan Width": 4, "Filter": "((info)::text = 'release dates'::text)"}, {"Node Type": "Bitmap Heap Scan", "Parent Relationship": "Inner", "Relation Name": "movie_info", "Alias": "mi", "Startup Cost": 4841.51, "Total Cost": 163879.76, "Plan Rows": 192, "Plan Width": 8, "Recheck Cond": "(info_type_id = it1.id)", "Filter": "((note)::text ~~ '%internet%'::text)", "Plans": [{"Node Type": "Bitmap Index Scan", "Parent Relationship": "Outer", "Index Name": "info_type_id_movie_info", "Startup Cost": 0.0, "Total Cost": 4841.46, "Plan Rows": 212428, "Plan Width": 0, "Index Cond": "(info_type_id = it1.id)"}]}]}, {"Node Type": "Index Scan", "Parent Relationship": "Inner", "Scan Direction": "Forward", "Index Name": "movie_id_aka_title", "Relation Name": "aka_title", "Alias": "at", "Startup Cost": 0.0, "Total Cost": 2.45, "Plan Rows": 3, "Plan Width": 25, "Index Cond": "(movie_id = mi.movie_id)"}]}, {"Node Type": "Index Scan", "Parent Relationship": "Inner", "Scan Direction": "Forward", "Index Name": "movie_id_movie_companies", "Relation Name": "movie_companies", "Alias": "mc", "Startup Cost": 0.0, "Total Cost": 0.57, "Plan Rows": 2, "Plan Width": 12, "Index Cond": "(movie_id = at.movie_id)"}]}, {"Node Type": "Index Scan", "Parent Relationship": "Inner", "Scan Direction": "Forward", "Index Name": "company_name_pkey", "Relation Name": "company_name", "Alias": "cn", "Startup Cost": 0.0, "Total Cost": 0.28, "Plan Rows": 1, "Plan Width": 4, "Index Cond": "(id = mc.company_id)", "Filter": "((country_code)::text = '[us]'::text)"}]}, {"Node Type": "Materialize", "Parent Relationship": "Inner", "Startup Cost": 0.0, "Total Cost": 8.31, "Plan Rows": 3, "Plan Width": 4, "Plans": [{"Node Type": "Index Only Scan", "Parent Relationship": "Outer", "Scan Direction": "Forward", "Index Name": "company_type_pkey", "Relation Name": "company_type", "Alias": "ct", "Startup Cost": 0.0, "Total Cost": 8.29, "Plan Rows": 3, "Plan Width": 4}]}]}, {"Node Type": "Index Scan", "Parent Relationship": "Inner", "Scan Direction": "Forward", "Index Name": "title_pkey", "Relation Name": "title", "Alias": "t", "Startup Cost": 0.0, "Total Cost": 0.34, "Plan Rows": 1, "Plan Width": 21, "Index Cond": "(id = mc.movie_id)", "Filter": "(production_year > 1990)"}]}, {"Node Type": "Index Scan", "Parent Relationship": "Inner", "Scan Direction": "Forward", "Index Name": "movie_id_movie_keyword", "Relation Name": "movie_keyword", "Alias": "mk", "Startup Cost": 0.0, "Total Cost": 0.46, "Plan Rows": 8, "Plan Width": 8, "Index Cond": "(movie_id = mc.movie_id)"}]}, {"Node Type": "Index Only Scan", "Parent Relationship": "Inner", "Scan Direction": "Forward", "Index Name": "keyword_pkey", "Relation Name": "keyword", "Alias": "k", "Startup Cost": 0.0, "Total Cost": 0.27, "Plan Rows": 1, "Plan Width": 4, "Index Cond": "(id = mk.keyword_id)"}]}]}, "Unique SQL Id": 2302223328, "Planner Runtime": 57}, "explain_analyze_plan": {"Plan": {"Node Type": "Aggregate", "Strategy": "Plain", "Startup Cost": 167719.35, "Total Cost": 167719.36, "Plan Rows": 1, "Plan Width": 102, "Actual Startup Time": 1662.268, "Actual Total Time": 1662.269, "Actual Rows": 1, "Actual Loops": 1, "Plans": [{"Node Type": "Nested Loop", "Parent Relationship": "Outer", "Join Type": "Inner", "Startup Cost": 4841.51, "Total Cost": 167684.83, "Plan Rows": 6905, "Plan Width": 38, "Actual Startup Time": 411.223, "Actual Total Time": 1659.418, "Actual Rows": 4371, "Actual Loops": 1, "Inner Unique": true, "Plans": [{"Node Type": "Nested Loop", "Parent Relationship": "Outer", "Join Type": "Inner", "Startup Cost": 4841.51, "Total Cost": 165712.99, "Plan Rows": 7042, "Plan Width": 42, "Actual Startup Time": 411.211, "Actual Total Time": 1643.92, "Actual Rows": 4371, "Actual Loops": 1, "Inner Unique": false, "Join Filter": "(t.id = mk.movie_id)", "Rows Removed by Join Filter": 0, "Plans": [{"Node Type": "Nested Loop", "Parent Relationship": "Outer", "Join Type": "Inner", "Startup Cost": 4841.51, "Total Cost": 165222.02, "Plan Rows": 873, "Plan Width": 54, "Actual Startup Time": 386.676, "Actual Total Time": 1637.229, "Actual Rows": 382, "Actual Loops": 1, "Inner Unique": true, "Join Filter": "(at.movie_id = t.id)", "Rows Removed by Join Filter": 0, "Plans": [{"Node Type": "Nested Loop", "Parent Relationship": "Outer", "Join Type": "Inner", "Startup Cost": 4841.51, "Total Cost": 164999.93, "Plan Rows": 630, "Plan Width": 33, "Actual Startup Time": 386.655, "Actual Total Time": 1634.041, "Actual Rows": 382, "Actual Loops": 1, "Inner Unique": true, "Join Filter": "(mc.company_type_id = ct.id)", "Rows Removed by Join Filter": 1542, "Plans": [{"Node Type": "Nested Loop", "Parent Relationship": "Outer", "Join Type": "Inner", "Startup Cost": 4841.51, "Total Cost": 164963.28, "Plan Rows": 630, "Plan Width": 37, "Actual Startup Time": 381.94, "Actual Total Time": 1632.868, "Actual Rows": 896, "Actual Loops": 1, "Inner Unique": true, "Plans": [{"Node Type": "Nested Loop", "Parent Relationship": "Outer", "Join Type": "Inner", "Startup Cost": 4841.51, "Total Cost": 164660.66, "Plan Rows": 1052, "Plan Width": 41, "Actual Startup Time": 381.919, "Actual Total Time": 1619.734, "Actual Rows": 2130, "Actual Loops": 1, "Inner Unique": false, "Plans": [{"Node Type": "Nested Loop", "Parent Relationship": "Outer", "Join Type": "Inner", "Startup Cost": 4841.51, "Total Cost": 164371.58, "Plan Rows": 490, "Plan Width": 29, "Actual Startup Time": 378.765, "Actual Total Time": 1613.184, "Actual Rows": 591, "Actual Loops": 1, "Inner Unique": false, "Plans": [{"Node Type": "Nested Loop", "Parent Relationship": "Outer", "Join Type": "Inner", "Startup Cost": 4841.51, "Total Cost": 163895.89, "Plan Rows": 192, "Plan Width": 4, "Actual Startup Time": 378.326, "Actual Total Time": 1577.143, "Actual Rows": 10679, "Actual Loops": 1, "Inner Unique": false, "Plans": [{"Node Type": "Index Scan", "Parent Relationship": "Outer", "Scan Direction": "Forward", "Index Name": "info_type_pkey", "Relation Name": "info_type", "Alias": "it1", "Startup Cost": 0.0, "Total Cost": 14.21, "Plan Rows": 1, "Plan Width": 4, "Actual Startup Time": 0.051, "Actual Total Time": 0.096, "Actual Rows": 1, "Actual Loops": 1, "Filter": "((info)::text = 'release dates'::text)", "Rows Removed by Filter": 111}, {"Node Type": "Bitmap Heap Scan", "Parent Relationship": "Inner", "Relation Name": "movie_info", "Alias": "mi", "Startup Cost": 4841.51, "Total Cost": 163879.76, "Plan Rows": 192, "Plan Width": 8, "Actual Startup Time": 378.266, "Actual Total Time": 1574.401, "Actual Rows": 10679, "Actual Loops": 1, "Recheck Cond": "(info_type_id = it1.id)", "Rows Removed by Index Recheck": 0, "Filter": "((note)::text ~~ '%internet%'::text)", "Rows Removed by Filter": 3026040, "Exact Heap Blocks": 21947, "Lossy Heap Blocks": 21947, "Plans": [{"Node Type": "Bitmap Index Scan", "Parent Relationship": "Outer", "Index Name": "info_type_id_movie_info", "Startup Cost": 0.0, "Total Cost": 4841.46, "Plan Rows": 212428, "Plan Width": 0, "Actual Startup Time": 373.347, "Actual Total Time": 373.347, "Actual Rows": 3036719, "Actual Loops": 1, "Index Cond": "(info_type_id = it1.id)"}]}]}, {"Node Type": "Index Scan", "Parent Relationship": "Inner", "Scan Direction": "Forward", "Index Name": "movie_id_aka_title", "Relation Name": "aka_title", "Alias": "at", "Startup Cost": 0.0, "Total Cost": 2.45, "Plan Rows": 3, "Plan Width": 25, "Actual Startup Time": 29.455, "Actual Total Time": 30.089, "Actual Rows": 591, "Actual Loops": 10679, "Index Cond": "(movie_id = mi.movie_id)", "Rows Removed by Index Recheck": 0}]}, {"Node Type": "Index Scan", "Parent Relationship": "Inner", "Scan Direction": "Forward", "Index Name": "movie_id_movie_companies", "Relation Name": "movie_companies", "Alias": "mc", "Startup Cost": 0.0, "Total Cost": 0.57, "Plan Rows": 2, "Plan Width": 12, "Actual Startup Time": 3.92, "Actual Total Time": 5.475, "Actual Rows": 2130, "Actual Loops": 591, "Index Cond": "(movie_id = at.movie_id)", "Rows Removed by Index Recheck": 0}]}, {"Node Type": "Index Scan", "Parent Relationship": "Inner", "Scan Direction": "Forward", "Index Name": "company_name_pkey", "Relation Name": "company_name", "Alias": "cn", "Startup Cost": 0.0, "Total Cost": 0.28, "Plan Rows": 1, "Plan Width": 4, "Actual Startup Time": 11.453, "Actual Total Time": 11.453, "Actual Rows": 896, "Actual Loops": 2130, "Index Cond": "(id = mc.company_id)", "Rows Removed by Index Recheck": 0, "Filter": "((country_code)::text = '[us]'::text)", "Rows Removed by Filter": 1234}]}, {"Node Type": "Materialize", "Parent Relationship": "Inner", "Startup Cost": 0.0, "Total Cost": 8.31, "Plan Rows": 3, "Plan Width": 4, "Actual Startup Time": 0.185, "Actual Total Time": 0.321, "Actual Rows": 1924, "Actual Loops": 896, "Plans": [{"Node Type": "Index Only Scan", "Parent Relationship": "Outer", "Scan Direction": "Forward", "Index Name": "company_type_pkey", "Relation Name": "company_type", "Alias": "ct", "Startup Cost": 0.0, "Total Cost": 8.29, "Plan Rows": 3, "Plan Width": 4, "Actual Startup Time": 0.007, "Actual Total Time": 0.008, "Actual Rows": 3, "Actual Loops": 1, "Heap Fetches": 0}]}]}, {"Node Type": "Index Scan", "Parent Relationship": "Inner", "Scan Direction": "Forward", "Index Name": "title_pkey", "Relation Name": "title", "Alias": "t", "Startup Cost": 0.0, "Total Cost": 0.34, "Plan Rows": 1, "Plan Width": 21, "Actual Startup Time": 2.444, "Actual Total Time": 2.444, "Actual Rows": 382, "Actual Loops": 382, "Index Cond": "(id = mc.movie_id)", "Rows Removed by Index Recheck": 0, "Filter": "(production_year > 1990)", "Rows Removed by Filter": 0}]}, {"Node Type": "Index Scan", "Parent Relationship": "Inner", "Scan Direction": "Forward", "Index Name": "movie_id_movie_keyword", "Relation Name": "movie_keyword", "Alias": "mk", "Startup Cost": 0.0, "Total Cost": 0.46, "Plan Rows": 8, "Plan Width": 8, "Actual Startup Time": 2.502, "Actual Total Time": 4.58, "Actual Rows": 4371, "Actual Loops": 382, "Index Cond": "(movie_id = mc.movie_id)", "Rows Removed by Index Recheck": 0}]}, {"Node Type": "Index Only Scan", "Parent Relationship": "Inner", "Scan Direction": "Forward", "Index Name": "keyword_pkey", "Relation Name": "keyword", "Alias": "k", "Startup Cost": 0.0, "Total Cost": 0.27, "Plan Rows": 1, "Plan Width": 4, "Actual Startup Time": 12.438, "Actual Total Time": 12.438, "Actual Rows": 4371, "Actual Loops": 4371, "Index Cond": "(id = mk.keyword_id)", "Rows Removed by Index Recheck": 0, "Heap Fetches": 0}]}]}, "Triggers": [], "Planner Runtime": 57, "Total Runtime": 1662.996, "Unique SQL Id": 2302223328}}, "(1, 34)": {"explain_plan": {"Plan": {"Node Type": "Aggregate", "Strategy": "Plain", "Startup Cost": 178708.07, "Total Cost": 178708.08, "Plan Rows": 1, "Plan Width": 102, "Plans": [{"Node Type": "Hash Join", "Parent Relationship": "Outer", "Join Type": "Inner", "Startup Cost": 8623.05, "Total Cost": 178673.55, "Plan Rows": 6905, "Plan Width": 38, "Inner Unique": true, "Hash Cond": "(mk.keyword_id = k.id)", "Plans": [{"Node Type": "Nested Loop", "Parent Relationship": "Outer", "Join Type": "Inner", "Startup Cost": 4845.24, "Total Cost": 174800.31, "Plan Rows": 7042, "Plan Width": 42, "Inner Unique": false, "Join Filter": "(t.id = mk.movie_id)", "Plans": [{"Node Type": "Nested Loop", "Parent Relationship": "Outer", "Join Type": "Inner", "Startup Cost": 4844.9, "Total Cost": 170838.61, "Plan Rows": 873, "Plan Width": 54, "Inner Unique": false, "Join Filter": "(t.id = at.movie_id)", "Plans": [{"Node Type": "Nested Loop", "Parent Relationship": "Outer", "Join Type": "Inner", "Startup Cost": 4844.63, "Total Cost": 168759.49, "Plan Rows": 478, "Plan Width": 29, "Inner Unique": true, "Join Filter": "(mc.company_type_id = ct.id)", "Plans": [{"Node Type": "Nested Loop", "Parent Relationship": "Outer", "Join Type": "Inner", "Startup Cost": 4844.63, "Total Cost": 168736.95, "Plan Rows": 478, "Plan Width": 33, "Inner Unique": true, "Plans": [{"Node Type": "Nested Loop", "Parent Relationship": "Outer", "Join Type": "Inner", "Startup Cost": 4844.37, "Total Cost": 166304.0, "Plan Rows": 568, "Plan Width": 37, "Inner Unique": false, "Plans": [{"Node Type": "Nested Loop", "Parent Relationship": "Outer", "Join Type": "Inner", "Startup Cost": 4844.08, "Total Cost": 165151.58, "Plan Rows": 266, "Plan Width": 25, "Inner Unique": true, "Plans": [{"Node Type": "Nested Loop", "Parent Relationship": "Outer", "Join Type": "Inner", "Startup Cost": 4841.51, "Total Cost": 163884.08, "Plan Rows": 192, "Plan Width": 4, "Inner Unique": false, "Plans": [{"Node Type": "Seq Scan", "Parent Relationship": "Outer", "Relation Name": "info_type", "Alias": "it1", "Startup Cost": 0.0, "Total Cost": 2.4, "Plan Rows": 1, "Plan Width": 4, "Filter": "((info)::text = 'release dates'::text)"}, {"Node Type": "Bitmap Heap Scan", "Parent Relationship": "Inner", "Relation Name": "movie_info", "Alias": "mi", "Startup Cost": 4841.51, "Total Cost": 163879.76, "Plan Rows": 192, "Plan Width": 8, "Recheck Cond": "(info_type_id = it1.id)", "Filter": "((note)::text ~~ '%internet%'::text)", "Plans": [{"Node Type": "Bitmap Index Scan", "Parent Relationship": "Outer", "Index Name": "info_type_id_movie_info", "Startup Cost": 0.0, "Total Cost": 4841.46, "Plan Rows": 212428, "Plan Width": 0, "Index Cond": "(info_type_id = it1.id)"}]}]}, {"Node Type": "Bitmap Heap Scan", "Parent Relationship": "Inner", "Relation Name": "title", "Alias": "t", "Startup Cost": 2.58, "Total Cost": 6.59, "Plan Rows": 1, "Plan Width": 21, "Recheck Cond": "(id = mi.movie_id)", "Filter": "(production_year > 1990)", "Plans": [{"Node Type": "Bitmap Index Scan", "Parent Relationship": "Outer", "Index Name": "title_pkey", "Startup Cost": 0.0, "Total Cost": 2.58, "Plan Rows": 1, "Plan Width": 0, "Index Cond": "(id = mi.movie_id)"}]}]}, {"Node Type": "Bitmap Heap Scan", "Parent Relationship": "Inner", "Relation Name": "movie_companies", "Alias": "mc", "Startup Cost": 0.29, "Total Cost": 4.31, "Plan Rows": 2, "Plan Width": 12, "Recheck Cond": "(movie_id = t.id)", "Plans": [{"Node Type": "Bitmap Index Scan", "Parent Relationship": "Outer", "Index Name": "movie_id_movie_companies", "Startup Cost": 0.0, "Total Cost": 0.29, "Plan Rows": 2, "Plan Width": 0, "Index Cond": "(movie_id = t.id)"}]}]}, {"Node Type": "Bitmap Heap Scan", "Parent Relationship": "Inner", "Relation Name": "company_name", "Alias": "cn", "Startup Cost": 0.26, "Total Cost": 4.27, "Plan Rows": 1, "Plan Width": 4, "Recheck Cond": "(id = mc.company_id)", "Filter": "((country_code)::text = '[us]'::text)", "Plans": [{"Node Type": "Bitmap Index Scan", "Parent Relationship": "Outer", "Index Name": "company_name_pkey", "Startup Cost": 0.0, "Total Cost": 0.26, "Plan Rows": 1, "Plan Width": 0, "Index Cond": "(id = mc.company_id)"}]}]}, {"Node Type": "Materialize", "Parent Relationship": "Inner", "Startup Cost": 0.0, "Total Cost": 1.04, "Plan Rows": 3, "Plan Width": 4, "Plans": [{"Node Type": "Seq Scan", "Parent Relationship": "Outer", "Relation Name": "company_type", "Alias": "ct", "Startup Cost": 0.0, "Total Cost": 1.03, "Plan Rows": 3, "Plan Width": 4}]}]}, {"Node Type": "Bitmap Heap Scan", "Parent Relationship": "Inner", "Relation Name": "aka_title", "Alias": "at", "Startup Cost": 0.27, "Total Cost": 4.31, "Plan Rows": 3, "Plan Width": 25, "Recheck Cond": "(movie_id = mc.movie_id)", "Plans": [{"Node Type": "Bitmap Index Scan", "Parent Relationship": "Outer", "Index Name": "movie_id_aka_title", "Startup Cost": 0.0, "Total Cost": 0.27, "Plan Rows": 3, "Plan Width": 0, "Index Cond": "(movie_id = mc.movie_id)"}]}]}, {"Node Type": "Bitmap Heap Scan", "Parent Relationship": "Inner", "Relation Name": "movie_keyword", "Alias": "mk", "Startup Cost": 0.34, "Total Cost": 4.44, "Plan Rows": 8, "Plan Width": 8, "Recheck Cond": "(movie_id = mc.movie_id)", "Plans": [{"Node Type": "Bitmap Index Scan", "Parent Relationship": "Outer", "Index Name": "movie_id_movie_keyword", "Startup Cost": 0.0, "Total Cost": 0.34, "Plan Rows": 8, "Plan Width": 0, "Index Cond": "(movie_id = mc.movie_id)"}]}]}, {"Node Type": "Hash", "Parent Relationship": "Inner", "Startup Cost": 2100.69, "Total Cost": 2100.69, "Plan Rows": 134169, "Plan Width": 4, "Plans": [{"Node Type": "Seq Scan", "Parent Relationship": "Outer", "Relation Name": "keyword", "Alias": "k", "Startup Cost": 0.0, "Total Cost": 2100.69, "Plan Rows": 134169, "Plan Width": 4}]}]}]}, "Unique SQL Id": 2302223328, "Planner Runtime": 97}, "explain_analyze_plan": {"Plan": {"Node Type": "Aggregate", "Strategy": "Plain", "Startup Cost": 178708.07, "Total Cost": 178708.08, "Plan Rows": 1, "Plan Width": 102, "Actual Startup Time": 2078.567, "Actual Total Time": 2078.568, "Actual Rows": 1, "Actual Loops": 1, "Plans": [{"Node Type": "Hash Join", "Parent Relationship": "Outer", "Join Type": "Inner", "Startup Cost": 8623.05, "Total Cost": 178673.55, "Plan Rows": 6905, "Plan Width": 38, "Actual Startup Time": 635.002, "Actual Total Time": 2076.056, "Actual Rows": 4371, "Actual Loops": 1, "Inner Unique": true, "Hash Cond": "(mk.keyword_id = k.id)", "Plans": [{"Node Type": "Nested Loop", "Parent Relationship": "Outer", "Join Type": "Inner", "Startup Cost": 4845.24, "Total Cost": 174800.31, "Plan Rows": 7042, "Plan Width": 42, "Actual Startup Time": 558.894, "Actual Total Time": 1997.33, "Actual Rows": 4371, "Actual Loops": 1, "Inner Unique": false, "Join Filter": "(t.id = mk.movie_id)", "Rows Removed by Join Filter": 0, "Plans": [{"Node Type": "Nested Loop", "Parent Relationship": "Outer", "Join Type": "Inner", "Startup Cost": 4844.9, "Total Cost": 170838.61, "Plan Rows": 873, "Plan Width": 54, "Actual Startup Time": 526.167, "Actual Total Time": 1991.001, "Actual Rows": 382, "Actual Loops": 1, "Inner Unique": false, "Join Filter": "(t.id = at.movie_id)", "Rows Removed by Join Filter": 0, "Plans": [{"Node Type": "Nested Loop", "Parent Relationship": "Outer", "Join Type": "Inner", "Startup Cost": 4844.63, "Total Cost": 168759.49, "Plan Rows": 478, "Plan Width": 29, "Actual Startup Time": 514.213, "Actual Total Time": 1960.921, "Actual Rows": 5914, "Actual Loops": 1, "Inner Unique": true, "Join Filter": "(mc.company_type_id = ct.id)", "Rows Removed by Join Filter": 11829, "Plans": [{"Node Type": "Nested Loop", "Parent Relationship": "Outer", "Join Type": "Inner", "Startup Cost": 4844.63, "Total Cost": 168736.95, "Plan Rows": 478, "Plan Width": 33, "Actual Startup Time": 514.089, "Actual Total Time": 1950.827, "Actual Rows": 9857, "Actual Loops": 1, "Inner Unique": true, "Plans": [{"Node Type": "Nested Loop", "Parent Relationship": "Outer", "Join Type": "Inner", "Startup Cost": 4844.37, "Total Cost": 166304.0, "Plan Rows": 568, "Plan Width": 37, "Actual Startup Time": 514.036, "Actual Total Time": 1846.344, "Actual Rows": 14377, "Actual Loops": 1, "Inner Unique": false, "Plans": [{"Node Type": "Nested Loop", "Parent Relationship": "Outer", "Join Type": "Inner", "Startup Cost": 4844.08, "Total Cost": 165151.58, "Plan Rows": 266, "Plan Width": 25, "Actual Startup Time": 513.986, "Actual Total Time": 1750.239, "Actual Rows": 10662, "Actual Loops": 1, "Inner Unique": true, "Plans": [{"Node Type": "Nested Loop", "Parent Relationship": "Outer", "Join Type": "Inner", "Startup Cost": 4841.51, "Total Cost": 163884.08, "Plan Rows": 192, "Plan Width": 4, "Actual Startup Time": 513.927, "Actual Total Time": 1662.568, "Actual Rows": 10679, "Actual Loops": 1, "Inner Unique": false, "Plans": [{"Node Type": "Seq Scan", "Parent Relationship": "Outer", "Relation Name": "info_type", "Alias": "it1", "Startup Cost": 0.0, "Total Cost": 2.4, "Plan Rows": 1, "Plan Width": 4, "Actual Startup Time": 0.045, "Actual Total Time": 0.08, "Actual Rows": 1, "Actual Loops": 1, "Filter": "((info)::text = 'release dates'::text)", "Rows Removed by Filter": 111}, {"Node Type": "Bitmap Heap Scan", "Parent Relationship": "Inner", "Relation Name": "movie_info", "Alias": "mi", "Startup Cost": 4841.51, "Total Cost": 163879.76, "Plan Rows": 192, "Plan Width": 8, "Actual Startup Time": 513.871, "Actual Total Time": 1659.811, "Actual Rows": 10679, "Actual Loops": 1, "Recheck Cond": "(info_type_id = it1.id)", "Rows Removed by Index Recheck": 0, "Filter": "((note)::text ~~ '%internet%'::text)", "Rows Removed by Filter": 3026040, "Exact Heap Blocks": 21947, "Lossy Heap Blocks": 21947, "Plans": [{"Node Type": "Bitmap Index Scan", "Parent Relationship": "Outer", "Index Name": "info_type_id_movie_info", "Startup Cost": 0.0, "Total Cost": 4841.46, "Plan Rows": 212428, "Plan Width": 0, "Actual Startup Time": 508.544, "Actual Total Time": 508.544, "Actual Rows": 3036719, "Actual Loops": 1, "Index Cond": "(info_type_id = it1.id)"}]}]}, {"Node Type": "Bitmap Heap Scan", "Parent Relationship": "Inner", "Relation Name": "title", "Alias": "t", "Startup Cost": 2.58, "Total Cost": 6.59, "Plan Rows": 1, "Plan Width": 21, "Actual Startup Time": 72.168, "Actual Total Time": 72.168, "Actual Rows": 10662, "Actual Loops": 10679, "Recheck Cond": "(id = mi.movie_id)", "Rows Removed by Index Recheck": 0, "Filter": "(production_year > 1990)", "Rows Removed by Filter": 17, "Exact Heap Blocks": 10679, "Lossy Heap Blocks": 10679, "Plans": [{"Node Type": "Bitmap Index Scan", "Parent Relationship": "Outer", "Index Name": "title_pkey", "Startup Cost": 0.0, "Total Cost": 2.58, "Plan Rows": 1, "Plan Width": 0, "Actual Startup Time": 39.755, "Actual Total Time": 39.755, "Actual Rows": 10679, "Actual Loops": 10679, "Index Cond": "(id = mi.movie_id)"}]}]}, {"Node Type": "Bitmap Heap Scan", "Parent Relationship": "Inner", "Relation Name": "movie_companies", "Alias": "mc", "Startup Cost": 0.29, "Total Cost": 4.31, "Plan Rows": 2, "Plan Width": 12, "Actual Startup Time": 69.479, "Actual Total Time": 78.834, "Actual Rows": 14377, "Actual Loops": 10662, "Recheck Cond": "(movie_id = t.id)", "Rows Removed by Index Recheck": 0, "Exact Heap Blocks": 11694, "Lossy Heap Blocks": 11694, "Plans": [{"Node Type": "Bitmap Index Scan", "Parent Relationship": "Outer", "Index Name": "movie_id_movie_companies", "Startup Cost": 0.0, "Total Cost": 0.29, "Plan Rows": 2, "Plan Width": 0, "Actual Startup Time": 44.18, "Actual Total Time": 44.18, "Actual Rows": 14377, "Actual Loops": 10662, "Index Cond": "(movie_id = t.id)"}]}]}, {"Node Type": "Bitmap Heap Scan", "Parent Relationship": "Inner", "Relation Name": "company_name", "Alias": "cn", "Startup Cost": 0.26, "Total Cost": 4.27, "Plan Rows": 1, "Plan Width": 4, "Actual Startup Time": 85.637, "Actual Total Time": 85.637, "Actual Rows": 9857, "Actual Loops": 14377, "Recheck Cond": "(id = mc.company_id)", "Rows Removed by Index Recheck": 0, "Filter": "((country_code)::text = '[us]'::text)", "Rows Removed by Filter": 4520, "Exact Heap Blocks": 14377, "Lossy Heap Blocks": 14377, "Plans": [{"Node Type": "Bitmap Index Scan", "Parent Relationship": "Outer", "Index Name": "company_name_pkey", "Startup Cost": 0.0, "Total Cost": 0.26, "Plan Rows": 1, "Plan Width": 0, "Actual Startup Time": 46.815, "Actual Total Time": 46.815, "Actual Rows": 14377, "Actual Loops": 14377, "Index Cond": "(id = mc.company_id)"}]}]}, {"Node Type": "Materialize", "Parent Relationship": "Inner", "Startup Cost": 0.0, "Total Cost": 1.04, "Plan Rows": 3, "Plan Width": 4, "Actual Startup Time": 1.522, "Actual Total Time": 2.564, "Actual Rows": 17743, "Actual Loops": 9857, "Plans": [{"Node Type": "Seq Scan", "Parent Relationship": "Outer", "Relation Name": "company_type", "Alias": "ct", "Startup Cost": 0.0, "Total Cost": 1.03, "Plan Rows": 3, "Plan Width": 4, "Actual Startup Time": 0.01, "Actual Total Time": 0.012, "Actual Rows": 3, "Actual Loops": 1}]}]}, {"Node Type": "Bitmap Heap Scan", "Parent Relationship": "Inner", "Relation Name": "aka_title", "Alias": "at", "Startup Cost": 0.27, "Total Cost": 4.31, "Plan Rows": 3, "Plan Width": 25, "Actual Startup Time": 22.22, "Actual Total Time": 22.478, "Actual Rows": 382, "Actual Loops": 5914, "Recheck Cond": "(movie_id = mc.movie_id)", "Rows Removed by Index Recheck": 0, "Exact Heap Blocks": 382, "Lossy Heap Blocks": 382, "Plans": [{"Node Type": "Bitmap Index Scan", "Parent Relationship": "Outer", "Index Name": "movie_id_aka_title", "Startup Cost": 0.0, "Total Cost": 0.27, "Plan Rows": 3, "Plan Width": 0, "Actual Startup Time": 18.063, "Actual Total Time": 18.063, "Actual Rows": 382, "Actual Loops": 5914, "Index Cond": "(movie_id = mc.movie_id)"}]}]}, {"Node Type": "Bitmap Heap Scan", "Parent Relationship": "Inner", "Relation Name": "movie_keyword", "Alias": "mk", "Startup Cost": 0.34, "Total Cost": 4.44, "Plan Rows": 8, "Plan Width": 8, "Actual Startup Time": 3.623, "Actual Total Time": 4.206, "Actual Rows": 4371, "Actual Loops": 382, "Recheck Cond": "(movie_id = mc.movie_id)", "Rows Removed by Index Recheck": 0, "Exact Heap Blocks": 276, "Lossy Heap Blocks": 276, "Plans": [{"Node Type": "Bitmap Index Scan", "Parent Relationship": "Outer", "Index Name": "movie_id_movie_keyword", "Startup Cost": 0.0, "Total Cost": 0.34, "Plan Rows": 8, "Plan Width": 0, "Actual Startup Time": 2.215, "Actual Total Time": 2.215, "Actual Rows": 4371, "Actual Loops": 382, "Index Cond": "(movie_id = mc.movie_id)"}]}]}, {"Node Type": "Hash", "Parent Relationship": "Inner", "Startup Cost": 2100.69, "Total Cost": 2100.69, "Plan Rows": 134169, "Plan Width": 4, "Actual Startup Time": 75.776, "Actual Total Time": 75.776, "Actual Rows": 134169, "Actual Loops": 1, "Hash Buckets": 262144, "Hash Batches": 1, "Original Hash Batches": 1, "Peak Memory Usage": 4717, "Plans": [{"Node Type": "Seq Scan", "Parent Relationship": "Outer", "Relation Name": "keyword", "Alias": "k", "Startup Cost": 0.0, "Total Cost": 2100.69, "Plan Rows": 134169, "Plan Width": 4, "Actual Startup Time": 0.051, "Actual Total Time": 39.484, "Actual Rows": 134169, "Actual Loops": 1}]}]}]}, "Triggers": [], "Planner Runtime": 97, "Total Runtime": 2079.31, "Unique SQL Id": 2302223328}}, "(1, 35)": {"explain_plan": {"Plan": {"Node Type": "Aggregate", "Strategy": "Plain", "Startup Cost": 1000003999861.48, "Total Cost": 1000003999861.49, "Plan Rows": 1, "Plan Width": 102, "Plans": [{"Node Type": "Nested Loop", "Parent Relationship": "Outer", "Join Type": "Inner", "Startup Cost": 10000000002.92, "Total Cost": 1000003999827.29, "Plan Rows": 6838, "Plan Width": 38, "Inner Unique": true, "Join Filter": "(at.movie_id = t.id)", "Plans": [{"Node Type": "Nested Loop", "Parent Relationship": "Outer", "Join Type": "Inner", "Startup Cost": 10000000002.66, "Total Cost": 1000003978634.91, "Plan Rows": 4936, "Plan Width": 37, "Inner Unique": true, "Plans": [{"Node Type": "Nested Loop", "Parent Relationship": "Outer", "Join Type": "Inner", "Startup Cost": 10000000002.4, "Total Cost": 1000003957088.08, "Plan Rows": 5034, "Plan Width": 41, "Inner Unique": false, "Join Filter": "(at.movie_id = mk.movie_id)", "Plans": [{"Node Type": "Nested Loop", "Parent Relationship": "Outer", "Join Type": "Inner", "Startup Cost": 10000000002.06, "Total Cost": 1000003954256.35, "Plan Rows": 624, "Plan Width": 33, "Inner Unique": true, "Plans": [{"Node Type": "Nested Loop", "Parent Relationship": "Outer", "Join Type": "Inner", "Startup Cost": 10000000001.8, "Total Cost": 1000003951585.47, "Plan Rows": 624, "Plan Width": 37, "Inner Unique": true, "Plans": [{"Node Type": "Nested Loop", "Parent Relationship": "Outer", "Join Type": "Inner", "Startup Cost": 10000000001.55, "Total Cost": 1000003947079.38, "Plan Rows": 1052, "Plan Width": 41, "Inner Unique": false, "Plans": [{"Node Type": "Nested Loop", "Parent Relationship": "Outer", "Join Type": "Inner", "Startup Cost": 10000000001.17, "Total Cost": 1000003944915.32, "Plan Rows": 490, "Plan Width": 29, "Inner Unique": true, "Plans": [{"Node Type": "Nested Loop", "Parent Relationship": "Outer", "Join Type": "Inner", "Startup Cost": 10000000000.92, "Total Cost": 1000003797919.45, "Plan Rows": 34318, "Plan Width": 33, "Inner Unique": false, "Plans": [{"Node Type": "Index Scan", "Parent Relationship": "Outer", "Scan Direction": "Forward", "Index Name": "movie_id_aka_title", "Relation Name": "aka_title", "Alias": "at", "Startup Cost": 10000000000.0, "Total Cost": 1000001990001.13, "Plan Rows": 361471, "Plan Width": 25}, {"Node Type": "Bitmap Heap Scan", "Parent Relationship": "Inner", "Relation Name": "movie_info", "Alias": "mi", "Startup Cost": 0.92, "Total Cost": 4.99, "Plan Rows": 1, "Plan Width": 8, "Recheck Cond": "(movie_id = at.movie_id)", "Filter": "((note)::text ~~ '%internet%'::text)", "Plans": [{"Node Type": "Bitmap Index Scan", "Parent Relationship": "Outer", "Index Name": "movie_id_movie_info", "Startup Cost": 0.0, "Total Cost": 0.92, "Plan Rows": 5, "Plan Width": 0, "Index Cond": "(movie_id = at.movie_id)"}]}]}, {"Node Type": "Bitmap Heap Scan", "Parent Relationship": "Inner", "Relation Name": "info_type", "Alias": "it1", "Startup Cost": 0.26, "Total Cost": 4.27, "Plan Rows": 1, "Plan Width": 4, "Recheck Cond": "(id = mi.info_type_id)", "Filter": "((info)::text = 'release dates'::text)", "Plans": [{"Node Type": "Bitmap Index Scan", "Parent Relationship": "Outer", "Index Name": "info_type_pkey", "Startup Cost": 0.0, "Total Cost": 0.26, "Plan Rows": 1, "Plan Width": 0, "Index Cond": "(id = mi.info_type_id)"}]}]}, {"Node Type": "Bitmap Heap Scan", "Parent Relationship": "Inner", "Relation Name": "movie_companies", "Alias": "mc", "Startup Cost": 0.37, "Total Cost": 4.4, "Plan Rows": 2, "Plan Width": 12, "Recheck Cond": "(movie_id = at.movie_id)", "Plans": [{"Node Type": "Bitmap Index Scan", "Parent Relationship": "Outer", "Index Name": "movie_id_movie_companies", "Startup Cost": 0.0, "Total Cost": 0.37, "Plan Rows": 2, "Plan Width": 0, "Index Cond": "(movie_id = at.movie_id)"}]}]}, {"Node Type": "Bitmap Heap Scan", "Parent Relationship": "Inner", "Relation Name": "company_name", "Alias": "cn", "Startup Cost": 0.26, "Total Cost": 4.27, "Plan Rows": 1, "Plan Width": 4, "Recheck Cond": "(id = mc.company_id)", "Filter": "((country_code)::text = '[us]'::text)", "Plans": [{"Node Type": "Bitmap Index Scan", "Parent Relationship": "Outer", "Index Name": "company_name_pkey", "Startup Cost": 0.0, "Total Cost": 0.26, "Plan Rows": 1, "Plan Width": 0, "Index Cond": "(id = mc.company_id)"}]}]}, {"Node Type": "Bitmap Heap Scan", "Parent Relationship": "Inner", "Relation Name": "company_type", "Alias": "ct", "Startup Cost": 0.26, "Total Cost": 4.27, "Plan Rows": 1, "Plan Width": 4, "Recheck Cond": "(id = mc.company_type_id)", "Plans": [{"Node Type": "Bitmap Index Scan", "Parent Relationship": "Outer", "Index Name": "company_type_pkey", "Startup Cost": 0.0, "Total Cost": 0.26, "Plan Rows": 1, "Plan Width": 0, "Index Cond": "(id = mc.company_type_id)"}]}]}, {"Node Type": "Bitmap Heap Scan", "Parent Relationship": "Inner", "Relation Name": "movie_keyword", "Alias": "mk", "Startup Cost": 0.34, "Total Cost": 4.44, "Plan Rows": 8, "Plan Width": 8, "Recheck Cond": "(movie_id = mc.movie_id)", "Plans": [{"Node Type": "Bitmap Index Scan", "Parent Relationship": "Outer", "Index Name": "movie_id_movie_keyword", "Startup Cost": 0.0, "Total Cost": 0.34, "Plan Rows": 8, "Plan Width": 0, "Index Cond": "(movie_id = mc.movie_id)"}]}]}, {"Node Type": "Bitmap Heap Scan", "Parent Relationship": "Inner", "Relation Name": "keyword", "Alias": "k", "Startup Cost": 0.26, "Total Cost": 4.27, "Plan Rows": 1, "Plan Width": 4, "Recheck Cond": "(id = mk.keyword_id)", "Plans": [{"Node Type": "Bitmap Index Scan", "Parent Relationship": "Outer", "Index Name": "keyword_pkey", "Startup Cost": 0.0, "Total Cost": 0.26, "Plan Rows": 1, "Plan Width": 0, "Index Cond": "(id = mk.keyword_id)"}]}]}, {"Node Type": "Bitmap Heap Scan", "Parent Relationship": "Inner", "Relation Name": "title", "Alias": "t", "Startup Cost": 0.27, "Total Cost": 4.28, "Plan Rows": 1, "Plan Width": 21, "Recheck Cond": "(id = mk.movie_id)", "Filter": "(production_year > 1990)", "Plans": [{"Node Type": "Bitmap Index Scan", "Parent Relationship": "Outer", "Index Name": "title_pkey", "Startup Cost": 0.0, "Total Cost": 0.27, "Plan Rows": 1, "Plan Width": 0, "Index Cond": "(id = mk.movie_id)"}]}]}]}, "Unique SQL Id": 2302223328, "Planner Runtime": 26}, "explain_analyze_plan": null}, "(1, 36)": {"explain_plan": {"Plan": {"Node Type": "Aggregate", "Strategy": "Plain", "Startup Cost": 167705.01, "Total Cost": 167705.02, "Plan Rows": 1, "Plan Width": 102, "Plans": [{"Node Type": "Nested Loop", "Parent Relationship": "Outer", "Join Type": "Inner", "Startup Cost": 4841.51, "Total Cost": 167670.48, "Plan Rows": 6905, "Plan Width": 38, "Inner Unique": true, "Plans": [{"Node Type": "Nested Loop", "Parent Relationship": "Outer", "Join Type": "Inner", "Startup Cost": 4841.51, "Total Cost": 165693.92, "Plan Rows": 7042, "Plan Width": 42, "Inner Unique": false, "Join Filter": "(t.id = mk.movie_id)", "Plans": [{"Node Type": "Nested Loop", "Parent Relationship": "Outer", "Join Type": "Inner", "Startup Cost": 4841.51, "Total Cost": 165202.94, "Plan Rows": 873, "Plan Width": 54, "Inner Unique": true, "Join Filter": "(at.movie_id = t.id)", "Plans": [{"Node Type": "Nested Loop", "Parent Relationship": "Outer", "Join Type": "Inner", "Startup Cost": 4841.51, "Total Cost": 164980.86, "Plan Rows": 630, "Plan Width": 33, "Inner Unique": true, "Join Filter": "(mc.company_type_id = ct.id)", "Plans": [{"Node Type": "Nested Loop", "Parent Relationship": "Outer", "Join Type": "Inner", "Startup Cost": 4841.51, "Total Cost": 164951.47, "Plan Rows": 630, "Plan Width": 37, "Inner Unique": true, "Plans": [{"Node Type": "Nested Loop", "Parent Relationship": "Outer", "Join Type": "Inner", "Startup Cost": 4841.51, "Total Cost": 164648.85, "Plan Rows": 1052, "Plan Width": 41, "Inner Unique": false, "Plans": [{"Node Type": "Nested Loop", "Parent Relationship": "Outer", "Join Type": "Inner", "Startup Cost": 4841.51, "Total Cost": 164359.77, "Plan Rows": 490, "Plan Width": 29, "Inner Unique": false, "Plans": [{"Node Type": "Nested Loop", "Parent Relationship": "Outer", "Join Type": "Inner", "Startup Cost": 4841.51, "Total Cost": 163884.08, "Plan Rows": 192, "Plan Width": 4, "Inner Unique": false, "Plans": [{"Node Type": "Seq Scan", "Parent Relationship": "Outer", "Relation Name": "info_type", "Alias": "it1", "Startup Cost": 0.0, "Total Cost": 2.4, "Plan Rows": 1, "Plan Width": 4, "Filter": "((info)::text = 'release dates'::text)"}, {"Node Type": "Bitmap Heap Scan", "Parent Relationship": "Inner", "Relation Name": "movie_info", "Alias": "mi", "Startup Cost": 4841.51, "Total Cost": 163879.76, "Plan Rows": 192, "Plan Width": 8, "Recheck Cond": "(info_type_id = it1.id)", "Filter": "((note)::text ~~ '%internet%'::text)", "Plans": [{"Node Type": "Bitmap Index Scan", "Parent Relationship": "Outer", "Index Name": "info_type_id_movie_info", "Startup Cost": 0.0, "Total Cost": 4841.46, "Plan Rows": 212428, "Plan Width": 0, "Index Cond": "(info_type_id = it1.id)"}]}]}, {"Node Type": "Index Scan", "Parent Relationship": "Inner", "Scan Direction": "Forward", "Index Name": "movie_id_aka_title", "Relation Name": "aka_title", "Alias": "at", "Startup Cost": 0.0, "Total Cost": 2.45, "Plan Rows": 3, "Plan Width": 25, "Index Cond": "(movie_id = mi.movie_id)"}]}, {"Node Type": "Index Scan", "Parent Relationship": "Inner", "Scan Direction": "Forward", "Index Name": "movie_id_movie_companies", "Relation Name": "movie_companies", "Alias": "mc", "Startup Cost": 0.0, "Total Cost": 0.57, "Plan Rows": 2, "Plan Width": 12, "Index Cond": "(movie_id = at.movie_id)"}]}, {"Node Type": "Index Scan", "Parent Relationship": "Inner", "Scan Direction": "Forward", "Index Name": "company_name_pkey", "Relation Name": "company_name", "Alias": "cn", "Startup Cost": 0.0, "Total Cost": 0.28, "Plan Rows": 1, "Plan Width": 4, "Index Cond": "(id = mc.company_id)", "Filter": "((country_code)::text = '[us]'::text)"}]}, {"Node Type": "Materialize", "Parent Relationship": "Inner", "Startup Cost": 0.0, "Total Cost": 1.04, "Plan Rows": 3, "Plan Width": 4, "Plans": [{"Node Type": "Seq Scan", "Parent Relationship": "Outer", "Relation Name": "company_type", "Alias": "ct", "Startup Cost": 0.0, "Total Cost": 1.03, "Plan Rows": 3, "Plan Width": 4}]}]}, {"Node Type": "Index Scan", "Parent Relationship": "Inner", "Scan Direction": "Forward", "Index Name": "title_pkey", "Relation Name": "title", "Alias": "t", "Startup Cost": 0.0, "Total Cost": 0.34, "Plan Rows": 1, "Plan Width": 21, "Index Cond": "(id = mc.movie_id)", "Filter": "(production_year > 1990)"}]}, {"Node Type": "Index Scan", "Parent Relationship": "Inner", "Scan Direction": "Forward", "Index Name": "movie_id_movie_keyword", "Relation Name": "movie_keyword", "Alias": "mk", "Startup Cost": 0.0, "Total Cost": 0.46, "Plan Rows": 8, "Plan Width": 8, "Index Cond": "(movie_id = mc.movie_id)"}]}, {"Node Type": "Index Scan", "Parent Relationship": "Inner", "Scan Direction": "Forward", "Index Name": "keyword_pkey", "Relation Name": "keyword", "Alias": "k", "Startup Cost": 0.0, "Total Cost": 0.27, "Plan Rows": 1, "Plan Width": 4, "Index Cond": "(id = mk.keyword_id)"}]}]}, "Unique SQL Id": 2302223328, "Planner Runtime": 64}, "explain_analyze_plan": {"Plan": {"Node Type": "Aggregate", "Strategy": "Plain", "Startup Cost": 167705.01, "Total Cost": 167705.02, "Plan Rows": 1, "Plan Width": 102, "Actual Startup Time": 1622.431, "Actual Total Time": 1622.431, "Actual Rows": 1, "Actual Loops": 1, "Plans": [{"Node Type": "Nested Loop", "Parent Relationship": "Outer", "Join Type": "Inner", "Startup Cost": 4841.51, "Total Cost": 167670.48, "Plan Rows": 6905, "Plan Width": 38, "Actual Startup Time": 411.198, "Actual Total Time": 1619.566, "Actual Rows": 4371, "Actual Loops": 1, "Inner Unique": true, "Plans": [{"Node Type": "Nested Loop", "Parent Relationship": "Outer", "Join Type": "Inner", "Startup Cost": 4841.51, "Total Cost": 165693.92, "Plan Rows": 7042, "Plan Width": 42, "Actual Startup Time": 411.184, "Actual Total Time": 1600.359, "Actual Rows": 4371, "Actual Loops": 1, "Inner Unique": false, "Join Filter": "(t.id = mk.movie_id)", "Rows Removed by Join Filter": 0, "Plans": [{"Node Type": "Nested Loop", "Parent Relationship": "Outer", "Join Type": "Inner", "Startup Cost": 4841.51, "Total Cost": 165202.94, "Plan Rows": 873, "Plan Width": 54, "Actual Startup Time": 386.624, "Actual Total Time": 1593.927, "Actual Rows": 382, "Actual Loops": 1, "Inner Unique": true, "Join Filter": "(at.movie_id = t.id)", "Rows Removed by Join Filter": 0, "Plans": [{"Node Type": "Nested Loop", "Parent Relationship": "Outer", "Join Type": "Inner", "Startup Cost": 4841.51, "Total Cost": 164980.86, "Plan Rows": 630, "Plan Width": 33, "Actual Startup Time": 386.6, "Actual Total Time": 1590.828, "Actual Rows": 382, "Actual Loops": 1, "Inner Unique": true, "Join Filter": "(mc.company_type_id = ct.id)", "Rows Removed by Join Filter": 1542, "Plans": [{"Node Type": "Nested Loop", "Parent Relationship": "Outer", "Join Type": "Inner", "Startup Cost": 4841.51, "Total Cost": 164951.47, "Plan Rows": 630, "Plan Width": 37, "Actual Startup Time": 381.886, "Actual Total Time": 1589.692, "Actual Rows": 896, "Actual Loops": 1, "Inner Unique": true, "Plans": [{"Node Type": "Nested Loop", "Parent Relationship": "Outer", "Join Type": "Inner", "Startup Cost": 4841.51, "Total Cost": 164648.85, "Plan Rows": 1052, "Plan Width": 41, "Actual Startup Time": 381.865, "Actual Total Time": 1576.91, "Actual Rows": 2130, "Actual Loops": 1, "Inner Unique": false, "Plans": [{"Node Type": "Nested Loop", "Parent Relationship": "Outer", "Join Type": "Inner", "Startup Cost": 4841.51, "Total Cost": 164359.77, "Plan Rows": 490, "Plan Width": 29, "Actual Startup Time": 378.693, "Actual Total Time": 1570.279, "Actual Rows": 591, "Actual Loops": 1, "Inner Unique": false, "Plans": [{"Node Type": "Nested Loop", "Parent Relationship": "Outer", "Join Type": "Inner", "Startup Cost": 4841.51, "Total Cost": 163884.08, "Plan Rows": 192, "Plan Width": 4, "Actual Startup Time": 378.254, "Actual Total Time": 1534.06, "Actual Rows": 10679, "Actual Loops": 1, "Inner Unique": false, "Plans": [{"Node Type": "Seq Scan", "Parent Relationship": "Outer", "Relation Name": "info_type", "Alias": "it1", "Startup Cost": 0.0, "Total Cost": 2.4, "Plan Rows": 1, "Plan Width": 4, "Actual Startup Time": 0.046, "Actual Total Time": 0.089, "Actual Rows": 1, "Actual Loops": 1, "Filter": "((info)::text = 'release dates'::text)", "Rows Removed by Filter": 111}, {"Node Type": "Bitmap Heap Scan", "Parent Relationship": "Inner", "Relation Name": "movie_info", "Alias": "mi", "Startup Cost": 4841.51, "Total Cost": 163879.76, "Plan Rows": 192, "Plan Width": 8, "Actual Startup Time": 378.2, "Actual Total Time": 1531.301, "Actual Rows": 10679, "Actual Loops": 1, "Recheck Cond": "(info_type_id = it1.id)", "Rows Removed by Index Recheck": 0, "Filter": "((note)::text ~~ '%internet%'::text)", "Rows Removed by Filter": 3026040, "Exact Heap Blocks": 21947, "Lossy Heap Blocks": 21947, "Plans": [{"Node Type": "Bitmap Index Scan", "Parent Relationship": "Outer", "Index Name": "info_type_id_movie_info", "Startup Cost": 0.0, "Total Cost": 4841.46, "Plan Rows": 212428, "Plan Width": 0, "Actual Startup Time": 373.274, "Actual Total Time": 373.274, "Actual Rows": 3036719, "Actual Loops": 1, "Index Cond": "(info_type_id = it1.id)"}]}]}, {"Node Type": "Index Scan", "Parent Relationship": "Inner", "Scan Direction": "Forward", "Index Name": "movie_id_aka_title", "Relation Name": "aka_title", "Alias": "at", "Startup Cost": 0.0, "Total Cost": 2.45, "Plan Rows": 3, "Plan Width": 25, "Actual Startup Time": 29.642, "Actual Total Time": 30.26, "Actual Rows": 591, "Actual Loops": 10679, "Index Cond": "(movie_id = mi.movie_id)", "Rows Removed by Index Recheck": 0}]}, {"Node Type": "Index Scan", "Parent Relationship": "Inner", "Scan Direction": "Forward", "Index Name": "movie_id_movie_companies", "Relation Name": "movie_companies", "Alias": "mc", "Startup Cost": 0.0, "Total Cost": 0.57, "Plan Rows": 2, "Plan Width": 12, "Actual Startup Time": 3.942, "Actual Total Time": 5.517, "Actual Rows": 2130, "Actual Loops": 591, "Index Cond": "(movie_id = at.movie_id)", "Rows Removed by Index Recheck": 0}]}, {"Node Type": "Index Scan", "Parent Relationship": "Inner", "Scan Direction": "Forward", "Index Name": "company_name_pkey", "Relation Name": "company_name", "Alias": "cn", "Startup Cost": 0.0, "Total Cost": 0.28, "Plan Rows": 1, "Plan Width": 4, "Actual Startup Time": 11.056, "Actual Total Time": 11.056, "Actual Rows": 896, "Actual Loops": 2130, "Index Cond": "(id = mc.company_id)", "Rows Removed by Index Recheck": 0, "Filter": "((country_code)::text = '[us]'::text)", "Rows Removed by Filter": 1234}]}, {"Node Type": "Materialize", "Parent Relationship": "Inner", "Startup Cost": 0.0, "Total Cost": 1.04, "Plan Rows": 3, "Plan Width": 4, "Actual Startup Time": 0.162, "Actual Total Time": 0.305, "Actual Rows": 1924, "Actual Loops": 896, "Plans": [{"Node Type": "Seq Scan", "Parent Relationship": "Outer", "Relation Name": "company_type", "Alias": "ct", "Startup Cost": 0.0, "Total Cost": 1.03, "Plan Rows": 3, "Plan Width": 4, "Actual Startup Time": 0.012, "Actual Total Time": 0.014, "Actual Rows": 3, "Actual Loops": 1}]}]}, {"Node Type": "Index Scan", "Parent Relationship": "Inner", "Scan Direction": "Forward", "Index Name": "title_pkey", "Relation Name": "title", "Alias": "t", "Startup Cost": 0.0, "Total Cost": 0.34, "Plan Rows": 1, "Plan Width": 21, "Actual Startup Time": 2.384, "Actual Total Time": 2.384, "Actual Rows": 382, "Actual Loops": 382, "Index Cond": "(id = mc.movie_id)", "Rows Removed by Index Recheck": 0, "Filter": "(production_year > 1990)", "Rows Removed by Filter": 0}]}, {"Node Type": "Index Scan", "Parent Relationship": "Inner", "Scan Direction": "Forward", "Index Name": "movie_id_movie_keyword", "Relation Name": "movie_keyword", "Alias": "mk", "Startup Cost": 0.0, "Total Cost": 0.46, "Plan Rows": 8, "Plan Width": 8, "Actual Startup Time": 2.475, "Actual Total Time": 4.364, "Actual Rows": 4371, "Actual Loops": 382, "Index Cond": "(movie_id = mc.movie_id)", "Rows Removed by Index Recheck": 0}]}, {"Node Type": "Index Scan", "Parent Relationship": "Inner", "Scan Direction": "Forward", "Index Name": "keyword_pkey", "Relation Name": "keyword", "Alias": "k", "Startup Cost": 0.0, "Total Cost": 0.27, "Plan Rows": 1, "Plan Width": 4, "Actual Startup Time": 15.867, "Actual Total Time": 15.867, "Actual Rows": 4371, "Actual Loops": 4371, "Index Cond": "(id = mk.keyword_id)", "Rows Removed by Index Recheck": 0}]}]}, "Triggers": [], "Planner Runtime": 64, "Total Runtime": 1622.965, "Unique SQL Id": 2302223328}}, "(1, 37)": {"explain_plan": {"Plan": {"Node Type": "Aggregate", "Strategy": "Plain", "Startup Cost": 167728.08, "Total Cost": 167728.09, "Plan Rows": 1, "Plan Width": 102, "Plans": [{"Node Type": "Nested Loop", "Parent Relationship": "Outer", "Join Type": "Inner", "Startup Cost": 4841.51, "Total Cost": 167693.56, "Plan Rows": 6905, "Plan Width": 38, "Inner Unique": true, "Plans": [{"Node Type": "Nested Loop", "Parent Relationship": "Outer", "Join Type": "Inner", "Startup Cost": 4841.51, "Total Cost": 165716.99, "Plan Rows": 7042, "Plan Width": 42, "Inner Unique": false, "Join Filter": "(t.id = mk.movie_id)", "Plans": [{"Node Type": "Nested Loop", "Parent Relationship": "Outer", "Join Type": "Inner", "Startup Cost": 4841.51, "Total Cost": 165226.02, "Plan Rows": 873, "Plan Width": 54, "Inner Unique": true, "Join Filter": "(at.movie_id = t.id)", "Plans": [{"Node Type": "Nested Loop", "Parent Relationship": "Outer", "Join Type": "Inner", "Startup Cost": 4841.51, "Total Cost": 165003.93, "Plan Rows": 630, "Plan Width": 33, "Inner Unique": true, "Join Filter": "(mc.company_type_id = ct.id)", "Plans": [{"Node Type": "Nested Loop", "Parent Relationship": "Outer", "Join Type": "Inner", "Startup Cost": 4841.51, "Total Cost": 164963.28, "Plan Rows": 630, "Plan Width": 37, "Inner Unique": true, "Plans": [{"Node Type": "Nested Loop", "Parent Relationship": "Outer", "Join Type": "Inner", "Startup Cost": 4841.51, "Total Cost": 164660.66, "Plan Rows": 1052, "Plan Width": 41, "Inner Unique": false, "Plans": [{"Node Type": "Nested Loop", "Parent Relationship": "Outer", "Join Type": "Inner", "Startup Cost": 4841.51, "Total Cost": 164371.58, "Plan Rows": 490, "Plan Width": 29, "Inner Unique": false, "Plans": [{"Node Type": "Nested Loop", "Parent Relationship": "Outer", "Join Type": "Inner", "Startup Cost": 4841.51, "Total Cost": 163895.89, "Plan Rows": 192, "Plan Width": 4, "Inner Unique": false, "Plans": [{"Node Type": "Index Scan", "Parent Relationship": "Outer", "Scan Direction": "Forward", "Index Name": "info_type_pkey", "Relation Name": "info_type", "Alias": "it1", "Startup Cost": 0.0, "Total Cost": 14.21, "Plan Rows": 1, "Plan Width": 4, "Filter": "((info)::text = 'release dates'::text)"}, {"Node Type": "Bitmap Heap Scan", "Parent Relationship": "Inner", "Relation Name": "movie_info", "Alias": "mi", "Startup Cost": 4841.51, "Total Cost": 163879.76, "Plan Rows": 192, "Plan Width": 8, "Recheck Cond": "(info_type_id = it1.id)", "Filter": "((note)::text ~~ '%internet%'::text)", "Plans": [{"Node Type": "Bitmap Index Scan", "Parent Relationship": "Outer", "Index Name": "info_type_id_movie_info", "Startup Cost": 0.0, "Total Cost": 4841.46, "Plan Rows": 212428, "Plan Width": 0, "Index Cond": "(info_type_id = it1.id)"}]}]}, {"Node Type": "Index Scan", "Parent Relationship": "Inner", "Scan Direction": "Forward", "Index Name": "movie_id_aka_title", "Relation Name": "aka_title", "Alias": "at", "Startup Cost": 0.0, "Total Cost": 2.45, "Plan Rows": 3, "Plan Width": 25, "Index Cond": "(movie_id = mi.movie_id)"}]}, {"Node Type": "Index Scan", "Parent Relationship": "Inner", "Scan Direction": "Forward", "Index Name": "movie_id_movie_companies", "Relation Name": "movie_companies", "Alias": "mc", "Startup Cost": 0.0, "Total Cost": 0.57, "Plan Rows": 2, "Plan Width": 12, "Index Cond": "(movie_id = at.movie_id)"}]}, {"Node Type": "Index Scan", "Parent Relationship": "Inner", "Scan Direction": "Forward", "Index Name": "company_name_pkey", "Relation Name": "company_name", "Alias": "cn", "Startup Cost": 0.0, "Total Cost": 0.28, "Plan Rows": 1, "Plan Width": 4, "Index Cond": "(id = mc.company_id)", "Filter": "((country_code)::text = '[us]'::text)"}]}, {"Node Type": "Materialize", "Parent Relationship": "Inner", "Startup Cost": 0.0, "Total Cost": 12.31, "Plan Rows": 3, "Plan Width": 4, "Plans": [{"Node Type": "Index Scan", "Parent Relationship": "Outer", "Scan Direction": "Forward", "Index Name": "company_type_pkey", "Relation Name": "company_type", "Alias": "ct", "Startup Cost": 0.0, "Total Cost": 12.29, "Plan Rows": 3, "Plan Width": 4}]}]}, {"Node Type": "Index Scan", "Parent Relationship": "Inner", "Scan Direction": "Forward", "Index Name": "title_pkey", "Relation Name": "title", "Alias": "t", "Startup Cost": 0.0, "Total Cost": 0.34, "Plan Rows": 1, "Plan Width": 21, "Index Cond": "(id = mc.movie_id)", "Filter": "(production_year > 1990)"}]}, {"Node Type": "Index Scan", "Parent Relationship": "Inner", "Scan Direction": "Forward", "Index Name": "movie_id_movie_keyword", "Relation Name": "movie_keyword", "Alias": "mk", "Startup Cost": 0.0, "Total Cost": 0.46, "Plan Rows": 8, "Plan Width": 8, "Index Cond": "(movie_id = mc.movie_id)"}]}, {"Node Type": "Index Scan", "Parent Relationship": "Inner", "Scan Direction": "Forward", "Index Name": "keyword_pkey", "Relation Name": "keyword", "Alias": "k", "Startup Cost": 0.0, "Total Cost": 0.27, "Plan Rows": 1, "Plan Width": 4, "Index Cond": "(id = mk.keyword_id)"}]}]}, "Unique SQL Id": 2302223328, "Planner Runtime": 58}, "explain_analyze_plan": {"Plan": {"Node Type": "Aggregate", "Strategy": "Plain", "Startup Cost": 167728.08, "Total Cost": 167728.09, "Plan Rows": 1, "Plan Width": 102, "Actual Startup Time": 1740.201, "Actual Total Time": 1740.201, "Actual Rows": 1, "Actual Loops": 1, "Plans": [{"Node Type": "Nested Loop", "Parent Relationship": "Outer", "Join Type": "Inner", "Startup Cost": 4841.51, "Total Cost": 167693.56, "Plan Rows": 6905, "Plan Width": 38, "Actual Startup Time": 426.808, "Actual Total Time": 1737.343, "Actual Rows": 4371, "Actual Loops": 1, "Inner Unique": true, "Plans": [{"Node Type": "Nested Loop", "Parent Relationship": "Outer", "Join Type": "Inner", "Startup Cost": 4841.51, "Total Cost": 165716.99, "Plan Rows": 7042, "Plan Width": 42, "Actual Startup Time": 426.791, "Actual Total Time": 1716.679, "Actual Rows": 4371, "Actual Loops": 1, "Inner Unique": false, "Join Filter": "(t.id = mk.movie_id)", "Rows Removed by Join Filter": 0, "Plans": [{"Node Type": "Nested Loop", "Parent Relationship": "Outer", "Join Type": "Inner", "Startup Cost": 4841.51, "Total Cost": 165226.02, "Plan Rows": 873, "Plan Width": 54, "Actual Startup Time": 401.672, "Actual Total Time": 1709.922, "Actual Rows": 382, "Actual Loops": 1, "Inner Unique": true, "Join Filter": "(at.movie_id = t.id)", "Rows Removed by Join Filter": 0, "Plans": [{"Node Type": "Nested Loop", "Parent Relationship": "Outer", "Join Type": "Inner", "Startup Cost": 4841.51, "Total Cost": 165003.93, "Plan Rows": 630, "Plan Width": 33, "Actual Startup Time": 401.65, "Actual Total Time": 1706.478, "Actual Rows": 382, "Actual Loops": 1, "Inner Unique": true, "Join Filter": "(mc.company_type_id = ct.id)", "Rows Removed by Join Filter": 1542, "Plans": [{"Node Type": "Nested Loop", "Parent Relationship": "Outer", "Join Type": "Inner", "Startup Cost": 4841.51, "Total Cost": 164963.28, "Plan Rows": 630, "Plan Width": 37, "Actual Startup Time": 396.801, "Actual Total Time": 1705.322, "Actual Rows": 896, "Actual Loops": 1, "Inner Unique": true, "Plans": [{"Node Type": "Nested Loop", "Parent Relationship": "Outer", "Join Type": "Inner", "Startup Cost": 4841.51, "Total Cost": 164660.66, "Plan Rows": 1052, "Plan Width": 41, "Actual Startup Time": 396.776, "Actual Total Time": 1691.328, "Actual Rows": 2130, "Actual Loops": 1, "Inner Unique": false, "Plans": [{"Node Type": "Nested Loop", "Parent Relationship": "Outer", "Join Type": "Inner", "Startup Cost": 4841.51, "Total Cost": 164371.58, "Plan Rows": 490, "Plan Width": 29, "Actual Startup Time": 393.537, "Actual Total Time": 1683.936, "Actual Rows": 591, "Actual Loops": 1, "Inner Unique": false, "Plans": [{"Node Type": "Nested Loop", "Parent Relationship": "Outer", "Join Type": "Inner", "Startup Cost": 4841.51, "Total Cost": 163895.89, "Plan Rows": 192, "Plan Width": 4, "Actual Startup Time": 393.111, "Actual Total Time": 1646.153, "Actual Rows": 10679, "Actual Loops": 1, "Inner Unique": false, "Plans": [{"Node Type": "Index Scan", "Parent Relationship": "Outer", "Scan Direction": "Forward", "Index Name": "info_type_pkey", "Relation Name": "info_type", "Alias": "it1", "Startup Cost": 0.0, "Total Cost": 14.21, "Plan Rows": 1, "Plan Width": 4, "Actual Startup Time": 0.049, "Actual Total Time": 0.106, "Actual Rows": 1, "Actual Loops": 1, "Filter": "((info)::text = 'release dates'::text)", "Rows Removed by Filter": 111}, {"Node Type": "Bitmap Heap Scan", "Parent Relationship": "Inner", "Relation Name": "movie_info", "Alias": "mi", "Startup Cost": 4841.51, "Total Cost": 163879.76, "Plan Rows": 192, "Plan Width": 8, "Actual Startup Time": 393.042, "Actual Total Time": 1643.358, "Actual Rows": 10679, "Actual Loops": 1, "Recheck Cond": "(info_type_id = it1.id)", "Rows Removed by Index Recheck": 0, "Filter": "((note)::text ~~ '%internet%'::text)", "Rows Removed by Filter": 3026040, "Exact Heap Blocks": 21947, "Lossy Heap Blocks": 21947, "Plans": [{"Node Type": "Bitmap Index Scan", "Parent Relationship": "Outer", "Index Name": "info_type_id_movie_info", "Startup Cost": 0.0, "Total Cost": 4841.46, "Plan Rows": 212428, "Plan Width": 0, "Actual Startup Time": 388.025, "Actual Total Time": 388.025, "Actual Rows": 3036719, "Actual Loops": 1, "Index Cond": "(info_type_id = it1.id)"}]}]}, {"Node Type": "Index Scan", "Parent Relationship": "Inner", "Scan Direction": "Forward", "Index Name": "movie_id_aka_title", "Relation Name": "aka_title", "Alias": "at", "Startup Cost": 0.0, "Total Cost": 2.45, "Plan Rows": 3, "Plan Width": 25, "Actual Startup Time": 31.23, "Actual Total Time": 31.936, "Actual Rows": 591, "Actual Loops": 10679, "Index Cond": "(movie_id = mi.movie_id)", "Rows Removed by Index Recheck": 0}]}, {"Node Type": "Index Scan", "Parent Relationship": "Inner", "Scan Direction": "Forward", "Index Name": "movie_id_movie_companies", "Relation Name": "movie_companies", "Alias": "mc", "Startup Cost": 0.0, "Total Cost": 0.57, "Plan Rows": 2, "Plan Width": 12, "Actual Startup Time": 4.549, "Actual Total Time": 6.268, "Actual Rows": 2130, "Actual Loops": 591, "Index Cond": "(movie_id = at.movie_id)", "Rows Removed by Index Recheck": 0}]}, {"Node Type": "Index Scan", "Parent Relationship": "Inner", "Scan Direction": "Forward", "Index Name": "company_name_pkey", "Relation Name": "company_name", "Alias": "cn", "Startup Cost": 0.0, "Total Cost": 0.28, "Plan Rows": 1, "Plan Width": 4, "Actual Startup Time": 12.287, "Actual Total Time": 12.287, "Actual Rows": 896, "Actual Loops": 2130, "Index Cond": "(id = mc.company_id)", "Rows Removed by Index Recheck": 0, "Filter": "((country_code)::text = '[us]'::text)", "Rows Removed by Filter": 1234}]}, {"Node Type": "Materialize", "Parent Relationship": "Inner", "Startup Cost": 0.0, "Total Cost": 12.31, "Plan Rows": 3, "Plan Width": 4, "Actual Startup Time": 0.161, "Actual Total Time": 0.308, "Actual Rows": 1924, "Actual Loops": 896, "Plans": [{"Node Type": "Index Scan", "Parent Relationship": "Outer", "Scan Direction": "Forward", "Index Name": "company_type_pkey", "Relation Name": "company_type", "Alias": "ct", "Startup Cost": 0.0, "Total Cost": 12.29, "Plan Rows": 3, "Plan Width": 4, "Actual Startup Time": 0.008, "Actual Total Time": 0.011, "Actual Rows": 3, "Actual Loops": 1}]}]}, {"Node Type": "Index Scan", "Parent Relationship": "Inner", "Scan Direction": "Forward", "Index Name": "title_pkey", "Relation Name": "title", "Alias": "t", "Startup Cost": 0.0, "Total Cost": 0.34, "Plan Rows": 1, "Plan Width": 21, "Actual Startup Time": 2.722, "Actual Total Time": 2.722, "Actual Rows": 382, "Actual Loops": 382, "Index Cond": "(id = mc.movie_id)", "Rows Removed by Index Recheck": 0, "Filter": "(production_year > 1990)", "Rows Removed by Filter": 0}]}, {"Node Type": "Index Scan", "Parent Relationship": "Inner", "Scan Direction": "Forward", "Index Name": "movie_id_movie_keyword", "Relation Name": "movie_keyword", "Alias": "mk", "Startup Cost": 0.0, "Total Cost": 0.46, "Plan Rows": 8, "Plan Width": 8, "Actual Startup Time": 2.768, "Actual Total Time": 4.616, "Actual Rows": 4371, "Actual Loops": 382, "Index Cond": "(movie_id = mc.movie_id)", "Rows Removed by Index Recheck": 0}]}, {"Node Type": "Index Scan", "Parent Relationship": "Inner", "Scan Direction": "Forward", "Index Name": "keyword_pkey", "Relation Name": "keyword", "Alias": "k", "Startup Cost": 0.0, "Total Cost": 0.27, "Plan Rows": 1, "Plan Width": 4, "Actual Startup Time": 17.28, "Actual Total Time": 17.28, "Actual Rows": 4371, "Actual Loops": 4371, "Index Cond": "(id = mk.keyword_id)", "Rows Removed by Index Recheck": 0}]}]}, "Triggers": [], "Planner Runtime": 58, "Total Runtime": 1740.819, "Unique SQL Id": 2302223328}}, "(1, 38)": {"explain_plan": {"Plan": {"Node Type": "Aggregate", "Strategy": "Plain", "Startup Cost": 178708.07, "Total Cost": 178708.08, "Plan Rows": 1, "Plan Width": 102, "Plans": [{"Node Type": "Hash Join", "Parent Relationship": "Outer", "Join Type": "Inner", "Startup Cost": 8623.05, "Total Cost": 178673.55, "Plan Rows": 6905, "Plan Width": 38, "Inner Unique": true, "Hash Cond": "(mk.keyword_id = k.id)", "Plans": [{"Node Type": "Nested Loop", "Parent Relationship": "Outer", "Join Type": "Inner", "Startup Cost": 4845.24, "Total Cost": 174800.31, "Plan Rows": 7042, "Plan Width": 42, "Inner Unique": false, "Join Filter": "(t.id = mk.movie_id)", "Plans": [{"Node Type": "Nested Loop", "Parent Relationship": "Outer", "Join Type": "Inner", "Startup Cost": 4844.9, "Total Cost": 170838.61, "Plan Rows": 873, "Plan Width": 54, "Inner Unique": false, "Join Filter": "(t.id = at.movie_id)", "Plans": [{"Node Type": "Nested Loop", "Parent Relationship": "Outer", "Join Type": "Inner", "Startup Cost": 4844.63, "Total Cost": 168759.49, "Plan Rows": 478, "Plan Width": 29, "Inner Unique": true, "Join Filter": "(mc.company_type_id = ct.id)", "Plans": [{"Node Type": "Nested Loop", "Parent Relationship": "Outer", "Join Type": "Inner", "Startup Cost": 4844.63, "Total Cost": 168736.95, "Plan Rows": 478, "Plan Width": 33, "Inner Unique": true, "Plans": [{"Node Type": "Nested Loop", "Parent Relationship": "Outer", "Join Type": "Inner", "Startup Cost": 4844.37, "Total Cost": 166304.0, "Plan Rows": 568, "Plan Width": 37, "Inner Unique": false, "Plans": [{"Node Type": "Nested Loop", "Parent Relationship": "Outer", "Join Type": "Inner", "Startup Cost": 4844.08, "Total Cost": 165151.58, "Plan Rows": 266, "Plan Width": 25, "Inner Unique": true, "Plans": [{"Node Type": "Nested Loop", "Parent Relationship": "Outer", "Join Type": "Inner", "Startup Cost": 4841.51, "Total Cost": 163884.08, "Plan Rows": 192, "Plan Width": 4, "Inner Unique": false, "Plans": [{"Node Type": "Seq Scan", "Parent Relationship": "Outer", "Relation Name": "info_type", "Alias": "it1", "Startup Cost": 0.0, "Total Cost": 2.4, "Plan Rows": 1, "Plan Width": 4, "Filter": "((info)::text = 'release dates'::text)"}, {"Node Type": "Bitmap Heap Scan", "Parent Relationship": "Inner", "Relation Name": "movie_info", "Alias": "mi", "Startup Cost": 4841.51, "Total Cost": 163879.76, "Plan Rows": 192, "Plan Width": 8, "Recheck Cond": "(info_type_id = it1.id)", "Filter": "((note)::text ~~ '%internet%'::text)", "Plans": [{"Node Type": "Bitmap Index Scan", "Parent Relationship": "Outer", "Index Name": "info_type_id_movie_info", "Startup Cost": 0.0, "Total Cost": 4841.46, "Plan Rows": 212428, "Plan Width": 0, "Index Cond": "(info_type_id = it1.id)"}]}]}, {"Node Type": "Bitmap Heap Scan", "Parent Relationship": "Inner", "Relation Name": "title", "Alias": "t", "Startup Cost": 2.58, "Total Cost": 6.59, "Plan Rows": 1, "Plan Width": 21, "Recheck Cond": "(id = mi.movie_id)", "Filter": "(production_year > 1990)", "Plans": [{"Node Type": "Bitmap Index Scan", "Parent Relationship": "Outer", "Index Name": "title_pkey", "Startup Cost": 0.0, "Total Cost": 2.58, "Plan Rows": 1, "Plan Width": 0, "Index Cond": "(id = mi.movie_id)"}]}]}, {"Node Type": "Bitmap Heap Scan", "Parent Relationship": "Inner", "Relation Name": "movie_companies", "Alias": "mc", "Startup Cost": 0.29, "Total Cost": 4.31, "Plan Rows": 2, "Plan Width": 12, "Recheck Cond": "(movie_id = t.id)", "Plans": [{"Node Type": "Bitmap Index Scan", "Parent Relationship": "Outer", "Index Name": "movie_id_movie_companies", "Startup Cost": 0.0, "Total Cost": 0.29, "Plan Rows": 2, "Plan Width": 0, "Index Cond": "(movie_id = t.id)"}]}]}, {"Node Type": "Bitmap Heap Scan", "Parent Relationship": "Inner", "Relation Name": "company_name", "Alias": "cn", "Startup Cost": 0.26, "Total Cost": 4.27, "Plan Rows": 1, "Plan Width": 4, "Recheck Cond": "(id = mc.company_id)", "Filter": "((country_code)::text = '[us]'::text)", "Plans": [{"Node Type": "Bitmap Index Scan", "Parent Relationship": "Outer", "Index Name": "company_name_pkey", "Startup Cost": 0.0, "Total Cost": 0.26, "Plan Rows": 1, "Plan Width": 0, "Index Cond": "(id = mc.company_id)"}]}]}, {"Node Type": "Materialize", "Parent Relationship": "Inner", "Startup Cost": 0.0, "Total Cost": 1.04, "Plan Rows": 3, "Plan Width": 4, "Plans": [{"Node Type": "Seq Scan", "Parent Relationship": "Outer", "Relation Name": "company_type", "Alias": "ct", "Startup Cost": 0.0, "Total Cost": 1.03, "Plan Rows": 3, "Plan Width": 4}]}]}, {"Node Type": "Bitmap Heap Scan", "Parent Relationship": "Inner", "Relation Name": "aka_title", "Alias": "at", "Startup Cost": 0.27, "Total Cost": 4.31, "Plan Rows": 3, "Plan Width": 25, "Recheck Cond": "(movie_id = mc.movie_id)", "Plans": [{"Node Type": "Bitmap Index Scan", "Parent Relationship": "Outer", "Index Name": "movie_id_aka_title", "Startup Cost": 0.0, "Total Cost": 0.27, "Plan Rows": 3, "Plan Width": 0, "Index Cond": "(movie_id = mc.movie_id)"}]}]}, {"Node Type": "Bitmap Heap Scan", "Parent Relationship": "Inner", "Relation Name": "movie_keyword", "Alias": "mk", "Startup Cost": 0.34, "Total Cost": 4.44, "Plan Rows": 8, "Plan Width": 8, "Recheck Cond": "(movie_id = mc.movie_id)", "Plans": [{"Node Type": "Bitmap Index Scan", "Parent Relationship": "Outer", "Index Name": "movie_id_movie_keyword", "Startup Cost": 0.0, "Total Cost": 0.34, "Plan Rows": 8, "Plan Width": 0, "Index Cond": "(movie_id = mc.movie_id)"}]}]}, {"Node Type": "Hash", "Parent Relationship": "Inner", "Startup Cost": 2100.69, "Total Cost": 2100.69, "Plan Rows": 134169, "Plan Width": 4, "Plans": [{"Node Type": "Seq Scan", "Parent Relationship": "Outer", "Relation Name": "keyword", "Alias": "k", "Startup Cost": 0.0, "Total Cost": 2100.69, "Plan Rows": 134169, "Plan Width": 4}]}]}]}, "Unique SQL Id": 2302223328, "Planner Runtime": 97}, "explain_analyze_plan": {"Plan": {"Node Type": "Aggregate", "Strategy": "Plain", "Startup Cost": 178708.07, "Total Cost": 178708.08, "Plan Rows": 1, "Plan Width": 102, "Actual Startup Time": 2078.567, "Actual Total Time": 2078.568, "Actual Rows": 1, "Actual Loops": 1, "Plans": [{"Node Type": "Hash Join", "Parent Relationship": "Outer", "Join Type": "Inner", "Startup Cost": 8623.05, "Total Cost": 178673.55, "Plan Rows": 6905, "Plan Width": 38, "Actual Startup Time": 635.002, "Actual Total Time": 2076.056, "Actual Rows": 4371, "Actual Loops": 1, "Inner Unique": true, "Hash Cond": "(mk.keyword_id = k.id)", "Plans": [{"Node Type": "Nested Loop", "Parent Relationship": "Outer", "Join Type": "Inner", "Startup Cost": 4845.24, "Total Cost": 174800.31, "Plan Rows": 7042, "Plan Width": 42, "Actual Startup Time": 558.894, "Actual Total Time": 1997.33, "Actual Rows": 4371, "Actual Loops": 1, "Inner Unique": false, "Join Filter": "(t.id = mk.movie_id)", "Rows Removed by Join Filter": 0, "Plans": [{"Node Type": "Nested Loop", "Parent Relationship": "Outer", "Join Type": "Inner", "Startup Cost": 4844.9, "Total Cost": 170838.61, "Plan Rows": 873, "Plan Width": 54, "Actual Startup Time": 526.167, "Actual Total Time": 1991.001, "Actual Rows": 382, "Actual Loops": 1, "Inner Unique": false, "Join Filter": "(t.id = at.movie_id)", "Rows Removed by Join Filter": 0, "Plans": [{"Node Type": "Nested Loop", "Parent Relationship": "Outer", "Join Type": "Inner", "Startup Cost": 4844.63, "Total Cost": 168759.49, "Plan Rows": 478, "Plan Width": 29, "Actual Startup Time": 514.213, "Actual Total Time": 1960.921, "Actual Rows": 5914, "Actual Loops": 1, "Inner Unique": true, "Join Filter": "(mc.company_type_id = ct.id)", "Rows Removed by Join Filter": 11829, "Plans": [{"Node Type": "Nested Loop", "Parent Relationship": "Outer", "Join Type": "Inner", "Startup Cost": 4844.63, "Total Cost": 168736.95, "Plan Rows": 478, "Plan Width": 33, "Actual Startup Time": 514.089, "Actual Total Time": 1950.827, "Actual Rows": 9857, "Actual Loops": 1, "Inner Unique": true, "Plans": [{"Node Type": "Nested Loop", "Parent Relationship": "Outer", "Join Type": "Inner", "Startup Cost": 4844.37, "Total Cost": 166304.0, "Plan Rows": 568, "Plan Width": 37, "Actual Startup Time": 514.036, "Actual Total Time": 1846.344, "Actual Rows": 14377, "Actual Loops": 1, "Inner Unique": false, "Plans": [{"Node Type": "Nested Loop", "Parent Relationship": "Outer", "Join Type": "Inner", "Startup Cost": 4844.08, "Total Cost": 165151.58, "Plan Rows": 266, "Plan Width": 25, "Actual Startup Time": 513.986, "Actual Total Time": 1750.239, "Actual Rows": 10662, "Actual Loops": 1, "Inner Unique": true, "Plans": [{"Node Type": "Nested Loop", "Parent Relationship": "Outer", "Join Type": "Inner", "Startup Cost": 4841.51, "Total Cost": 163884.08, "Plan Rows": 192, "Plan Width": 4, "Actual Startup Time": 513.927, "Actual Total Time": 1662.568, "Actual Rows": 10679, "Actual Loops": 1, "Inner Unique": false, "Plans": [{"Node Type": "Seq Scan", "Parent Relationship": "Outer", "Relation Name": "info_type", "Alias": "it1", "Startup Cost": 0.0, "Total Cost": 2.4, "Plan Rows": 1, "Plan Width": 4, "Actual Startup Time": 0.045, "Actual Total Time": 0.08, "Actual Rows": 1, "Actual Loops": 1, "Filter": "((info)::text = 'release dates'::text)", "Rows Removed by Filter": 111}, {"Node Type": "Bitmap Heap Scan", "Parent Relationship": "Inner", "Relation Name": "movie_info", "Alias": "mi", "Startup Cost": 4841.51, "Total Cost": 163879.76, "Plan Rows": 192, "Plan Width": 8, "Actual Startup Time": 513.871, "Actual Total Time": 1659.811, "Actual Rows": 10679, "Actual Loops": 1, "Recheck Cond": "(info_type_id = it1.id)", "Rows Removed by Index Recheck": 0, "Filter": "((note)::text ~~ '%internet%'::text)", "Rows Removed by Filter": 3026040, "Exact Heap Blocks": 21947, "Lossy Heap Blocks": 21947, "Plans": [{"Node Type": "Bitmap Index Scan", "Parent Relationship": "Outer", "Index Name": "info_type_id_movie_info", "Startup Cost": 0.0, "Total Cost": 4841.46, "Plan Rows": 212428, "Plan Width": 0, "Actual Startup Time": 508.544, "Actual Total Time": 508.544, "Actual Rows": 3036719, "Actual Loops": 1, "Index Cond": "(info_type_id = it1.id)"}]}]}, {"Node Type": "Bitmap Heap Scan", "Parent Relationship": "Inner", "Relation Name": "title", "Alias": "t", "Startup Cost": 2.58, "Total Cost": 6.59, "Plan Rows": 1, "Plan Width": 21, "Actual Startup Time": 72.168, "Actual Total Time": 72.168, "Actual Rows": 10662, "Actual Loops": 10679, "Recheck Cond": "(id = mi.movie_id)", "Rows Removed by Index Recheck": 0, "Filter": "(production_year > 1990)", "Rows Removed by Filter": 17, "Exact Heap Blocks": 10679, "Lossy Heap Blocks": 10679, "Plans": [{"Node Type": "Bitmap Index Scan", "Parent Relationship": "Outer", "Index Name": "title_pkey", "Startup Cost": 0.0, "Total Cost": 2.58, "Plan Rows": 1, "Plan Width": 0, "Actual Startup Time": 39.755, "Actual Total Time": 39.755, "Actual Rows": 10679, "Actual Loops": 10679, "Index Cond": "(id = mi.movie_id)"}]}]}, {"Node Type": "Bitmap Heap Scan", "Parent Relationship": "Inner", "Relation Name": "movie_companies", "Alias": "mc", "Startup Cost": 0.29, "Total Cost": 4.31, "Plan Rows": 2, "Plan Width": 12, "Actual Startup Time": 69.479, "Actual Total Time": 78.834, "Actual Rows": 14377, "Actual Loops": 10662, "Recheck Cond": "(movie_id = t.id)", "Rows Removed by Index Recheck": 0, "Exact Heap Blocks": 11694, "Lossy Heap Blocks": 11694, "Plans": [{"Node Type": "Bitmap Index Scan", "Parent Relationship": "Outer", "Index Name": "movie_id_movie_companies", "Startup Cost": 0.0, "Total Cost": 0.29, "Plan Rows": 2, "Plan Width": 0, "Actual Startup Time": 44.18, "Actual Total Time": 44.18, "Actual Rows": 14377, "Actual Loops": 10662, "Index Cond": "(movie_id = t.id)"}]}]}, {"Node Type": "Bitmap Heap Scan", "Parent Relationship": "Inner", "Relation Name": "company_name", "Alias": "cn", "Startup Cost": 0.26, "Total Cost": 4.27, "Plan Rows": 1, "Plan Width": 4, "Actual Startup Time": 85.637, "Actual Total Time": 85.637, "Actual Rows": 9857, "Actual Loops": 14377, "Recheck Cond": "(id = mc.company_id)", "Rows Removed by Index Recheck": 0, "Filter": "((country_code)::text = '[us]'::text)", "Rows Removed by Filter": 4520, "Exact Heap Blocks": 14377, "Lossy Heap Blocks": 14377, "Plans": [{"Node Type": "Bitmap Index Scan", "Parent Relationship": "Outer", "Index Name": "company_name_pkey", "Startup Cost": 0.0, "Total Cost": 0.26, "Plan Rows": 1, "Plan Width": 0, "Actual Startup Time": 46.815, "Actual Total Time": 46.815, "Actual Rows": 14377, "Actual Loops": 14377, "Index Cond": "(id = mc.company_id)"}]}]}, {"Node Type": "Materialize", "Parent Relationship": "Inner", "Startup Cost": 0.0, "Total Cost": 1.04, "Plan Rows": 3, "Plan Width": 4, "Actual Startup Time": 1.522, "Actual Total Time": 2.564, "Actual Rows": 17743, "Actual Loops": 9857, "Plans": [{"Node Type": "Seq Scan", "Parent Relationship": "Outer", "Relation Name": "company_type", "Alias": "ct", "Startup Cost": 0.0, "Total Cost": 1.03, "Plan Rows": 3, "Plan Width": 4, "Actual Startup Time": 0.01, "Actual Total Time": 0.012, "Actual Rows": 3, "Actual Loops": 1}]}]}, {"Node Type": "Bitmap Heap Scan", "Parent Relationship": "Inner", "Relation Name": "aka_title", "Alias": "at", "Startup Cost": 0.27, "Total Cost": 4.31, "Plan Rows": 3, "Plan Width": 25, "Actual Startup Time": 22.22, "Actual Total Time": 22.478, "Actual Rows": 382, "Actual Loops": 5914, "Recheck Cond": "(movie_id = mc.movie_id)", "Rows Removed by Index Recheck": 0, "Exact Heap Blocks": 382, "Lossy Heap Blocks": 382, "Plans": [{"Node Type": "Bitmap Index Scan", "Parent Relationship": "Outer", "Index Name": "movie_id_aka_title", "Startup Cost": 0.0, "Total Cost": 0.27, "Plan Rows": 3, "Plan Width": 0, "Actual Startup Time": 18.063, "Actual Total Time": 18.063, "Actual Rows": 382, "Actual Loops": 5914, "Index Cond": "(movie_id = mc.movie_id)"}]}]}, {"Node Type": "Bitmap Heap Scan", "Parent Relationship": "Inner", "Relation Name": "movie_keyword", "Alias": "mk", "Startup Cost": 0.34, "Total Cost": 4.44, "Plan Rows": 8, "Plan Width": 8, "Actual Startup Time": 3.623, "Actual Total Time": 4.206, "Actual Rows": 4371, "Actual Loops": 382, "Recheck Cond": "(movie_id = mc.movie_id)", "Rows Removed by Index Recheck": 0, "Exact Heap Blocks": 276, "Lossy Heap Blocks": 276, "Plans": [{"Node Type": "Bitmap Index Scan", "Parent Relationship": "Outer", "Index Name": "movie_id_movie_keyword", "Startup Cost": 0.0, "Total Cost": 0.34, "Plan Rows": 8, "Plan Width": 0, "Actual Startup Time": 2.215, "Actual Total Time": 2.215, "Actual Rows": 4371, "Actual Loops": 382, "Index Cond": "(movie_id = mc.movie_id)"}]}]}, {"Node Type": "Hash", "Parent Relationship": "Inner", "Startup Cost": 2100.69, "Total Cost": 2100.69, "Plan Rows": 134169, "Plan Width": 4, "Actual Startup Time": 75.776, "Actual Total Time": 75.776, "Actual Rows": 134169, "Actual Loops": 1, "Hash Buckets": 262144, "Hash Batches": 1, "Original Hash Batches": 1, "Peak Memory Usage": 4717, "Plans": [{"Node Type": "Seq Scan", "Parent Relationship": "Outer", "Relation Name": "keyword", "Alias": "k", "Startup Cost": 0.0, "Total Cost": 2100.69, "Plan Rows": 134169, "Plan Width": 4, "Actual Startup Time": 0.051, "Actual Total Time": 39.484, "Actual Rows": 134169, "Actual Loops": 1}]}]}]}, "Triggers": [], "Planner Runtime": 97, "Total Runtime": 2079.31, "Unique SQL Id": 2302223328}}, "(1, 39)": {"explain_plan": {"Plan": {"Node Type": "Aggregate", "Strategy": "Plain", "Startup Cost": 1000003999861.48, "Total Cost": 1000003999861.49, "Plan Rows": 1, "Plan Width": 102, "Plans": [{"Node Type": "Nested Loop", "Parent Relationship": "Outer", "Join Type": "Inner", "Startup Cost": 10000000002.92, "Total Cost": 1000003999827.29, "Plan Rows": 6838, "Plan Width": 38, "Inner Unique": true, "Join Filter": "(at.movie_id = t.id)", "Plans": [{"Node Type": "Nested Loop", "Parent Relationship": "Outer", "Join Type": "Inner", "Startup Cost": 10000000002.66, "Total Cost": 1000003978634.91, "Plan Rows": 4936, "Plan Width": 37, "Inner Unique": true, "Plans": [{"Node Type": "Nested Loop", "Parent Relationship": "Outer", "Join Type": "Inner", "Startup Cost": 10000000002.4, "Total Cost": 1000003957088.08, "Plan Rows": 5034, "Plan Width": 41, "Inner Unique": false, "Join Filter": "(at.movie_id = mk.movie_id)", "Plans": [{"Node Type": "Nested Loop", "Parent Relationship": "Outer", "Join Type": "Inner", "Startup Cost": 10000000002.06, "Total Cost": 1000003954256.35, "Plan Rows": 624, "Plan Width": 33, "Inner Unique": true, "Plans": [{"Node Type": "Nested Loop", "Parent Relationship": "Outer", "Join Type": "Inner", "Startup Cost": 10000000001.8, "Total Cost": 1000003951585.47, "Plan Rows": 624, "Plan Width": 37, "Inner Unique": true, "Plans": [{"Node Type": "Nested Loop", "Parent Relationship": "Outer", "Join Type": "Inner", "Startup Cost": 10000000001.55, "Total Cost": 1000003947079.38, "Plan Rows": 1052, "Plan Width": 41, "Inner Unique": false, "Plans": [{"Node Type": "Nested Loop", "Parent Relationship": "Outer", "Join Type": "Inner", "Startup Cost": 10000000001.17, "Total Cost": 1000003944915.32, "Plan Rows": 490, "Plan Width": 29, "Inner Unique": true, "Plans": [{"Node Type": "Nested Loop", "Parent Relationship": "Outer", "Join Type": "Inner", "Startup Cost": 10000000000.92, "Total Cost": 1000003797919.45, "Plan Rows": 34318, "Plan Width": 33, "Inner Unique": false, "Plans": [{"Node Type": "Index Scan", "Parent Relationship": "Outer", "Scan Direction": "Forward", "Index Name": "movie_id_aka_title", "Relation Name": "aka_title", "Alias": "at", "Startup Cost": 10000000000.0, "Total Cost": 1000001990001.13, "Plan Rows": 361471, "Plan Width": 25}, {"Node Type": "Bitmap Heap Scan", "Parent Relationship": "Inner", "Relation Name": "movie_info", "Alias": "mi", "Startup Cost": 0.92, "Total Cost": 4.99, "Plan Rows": 1, "Plan Width": 8, "Recheck Cond": "(movie_id = at.movie_id)", "Filter": "((note)::text ~~ '%internet%'::text)", "Plans": [{"Node Type": "Bitmap Index Scan", "Parent Relationship": "Outer", "Index Name": "movie_id_movie_info", "Startup Cost": 0.0, "Total Cost": 0.92, "Plan Rows": 5, "Plan Width": 0, "Index Cond": "(movie_id = at.movie_id)"}]}]}, {"Node Type": "Bitmap Heap Scan", "Parent Relationship": "Inner", "Relation Name": "info_type", "Alias": "it1", "Startup Cost": 0.26, "Total Cost": 4.27, "Plan Rows": 1, "Plan Width": 4, "Recheck Cond": "(id = mi.info_type_id)", "Filter": "((info)::text = 'release dates'::text)", "Plans": [{"Node Type": "Bitmap Index Scan", "Parent Relationship": "Outer", "Index Name": "info_type_pkey", "Startup Cost": 0.0, "Total Cost": 0.26, "Plan Rows": 1, "Plan Width": 0, "Index Cond": "(id = mi.info_type_id)"}]}]}, {"Node Type": "Bitmap Heap Scan", "Parent Relationship": "Inner", "Relation Name": "movie_companies", "Alias": "mc", "Startup Cost": 0.37, "Total Cost": 4.4, "Plan Rows": 2, "Plan Width": 12, "Recheck Cond": "(movie_id = at.movie_id)", "Plans": [{"Node Type": "Bitmap Index Scan", "Parent Relationship": "Outer", "Index Name": "movie_id_movie_companies", "Startup Cost": 0.0, "Total Cost": 0.37, "Plan Rows": 2, "Plan Width": 0, "Index Cond": "(movie_id = at.movie_id)"}]}]}, {"Node Type": "Bitmap Heap Scan", "Parent Relationship": "Inner", "Relation Name": "company_name", "Alias": "cn", "Startup Cost": 0.26, "Total Cost": 4.27, "Plan Rows": 1, "Plan Width": 4, "Recheck Cond": "(id = mc.company_id)", "Filter": "((country_code)::text = '[us]'::text)", "Plans": [{"Node Type": "Bitmap Index Scan", "Parent Relationship": "Outer", "Index Name": "company_name_pkey", "Startup Cost": 0.0, "Total Cost": 0.26, "Plan Rows": 1, "Plan Width": 0, "Index Cond": "(id = mc.company_id)"}]}]}, {"Node Type": "Bitmap Heap Scan", "Parent Relationship": "Inner", "Relation Name": "company_type", "Alias": "ct", "Startup Cost": 0.26, "Total Cost": 4.27, "Plan Rows": 1, "Plan Width": 4, "Recheck Cond": "(id = mc.company_type_id)", "Plans": [{"Node Type": "Bitmap Index Scan", "Parent Relationship": "Outer", "Index Name": "company_type_pkey", "Startup Cost": 0.0, "Total Cost": 0.26, "Plan Rows": 1, "Plan Width": 0, "Index Cond": "(id = mc.company_type_id)"}]}]}, {"Node Type": "Bitmap Heap Scan", "Parent Relationship": "Inner", "Relation Name": "movie_keyword", "Alias": "mk", "Startup Cost": 0.34, "Total Cost": 4.44, "Plan Rows": 8, "Plan Width": 8, "Recheck Cond": "(movie_id = mc.movie_id)", "Plans": [{"Node Type": "Bitmap Index Scan", "Parent Relationship": "Outer", "Index Name": "movie_id_movie_keyword", "Startup Cost": 0.0, "Total Cost": 0.34, "Plan Rows": 8, "Plan Width": 0, "Index Cond": "(movie_id = mc.movie_id)"}]}]}, {"Node Type": "Bitmap Heap Scan", "Parent Relationship": "Inner", "Relation Name": "keyword", "Alias": "k", "Startup Cost": 0.26, "Total Cost": 4.27, "Plan Rows": 1, "Plan Width": 4, "Recheck Cond": "(id = mk.keyword_id)", "Plans": [{"Node Type": "Bitmap Index Scan", "Parent Relationship": "Outer", "Index Name": "keyword_pkey", "Startup Cost": 0.0, "Total Cost": 0.26, "Plan Rows": 1, "Plan Width": 0, "Index Cond": "(id = mk.keyword_id)"}]}]}, {"Node Type": "Bitmap Heap Scan", "Parent Relationship": "Inner", "Relation Name": "title", "Alias": "t", "Startup Cost": 0.27, "Total Cost": 4.28, "Plan Rows": 1, "Plan Width": 21, "Recheck Cond": "(id = mk.movie_id)", "Filter": "(production_year > 1990)", "Plans": [{"Node Type": "Bitmap Index Scan", "Parent Relationship": "Outer", "Index Name": "title_pkey", "Startup Cost": 0.0, "Total Cost": 0.27, "Plan Rows": 1, "Plan Width": 0, "Index Cond": "(id = mk.movie_id)"}]}]}]}, "Unique SQL Id": 2302223328, "Planner Runtime": 26}, "explain_analyze_plan": null}, "(1, 40)": {"explain_plan": {"Plan": {"Node Type": "Aggregate", "Strategy": "Plain", "Startup Cost": 338148.91, "Total Cost": 338148.92, "Plan Rows": 1, "Plan Width": 102, "Plans": [{"Node Type": "Nested Loop", "Parent Relationship": "Outer", "Join Type": "Inner", "Startup Cost": 0.0, "Total Cost": 338114.39, "Plan Rows": 6905, "Plan Width": 38, "Inner Unique": true, "Plans": [{"Node Type": "Nested Loop", "Parent Relationship": "Outer", "Join Type": "Inner", "Startup Cost": 0.0, "Total Cost": 336142.55, "Plan Rows": 7042, "Plan Width": 42, "Inner Unique": false, "Join Filter": "(t.id = mk.movie_id)", "Plans": [{"Node Type": "Nested Loop", "Parent Relationship": "Outer", "Join Type": "Inner", "Startup Cost": 0.0, "Total Cost": 335651.58, "Plan Rows": 873, "Plan Width": 54, "Inner Unique": true, "Join Filter": "(at.movie_id = t.id)", "Plans": [{"Node Type": "Nested Loop", "Parent Relationship": "Outer", "Join Type": "Inner", "Startup Cost": 0.0, "Total Cost": 335429.49, "Plan Rows": 630, "Plan Width": 33, "Inner Unique": true, "Join Filter": "(mc.company_type_id = ct.id)", "Plans": [{"Node Type": "Nested Loop", "Parent Relationship": "Outer", "Join Type": "Inner", "Startup Cost": 0.0, "Total Cost": 335400.1, "Plan Rows": 630, "Plan Width": 37, "Inner Unique": true, "Plans": [{"Node Type": "Nested Loop", "Parent Relationship": "Outer", "Join Type": "Inner", "Startup Cost": 0.0, "Total Cost": 335097.48, "Plan Rows": 1052, "Plan Width": 41, "Inner Unique": false, "Plans": [{"Node Type": "Nested Loop", "Parent Relationship": "Outer", "Join Type": "Inner", "Startup Cost": 0.0, "Total Cost": 334808.41, "Plan Rows": 490, "Plan Width": 29, "Inner Unique": false, "Plans": [{"Node Type": "Nested Loop", "Parent Relationship": "Outer", "Join Type": "Inner", "Startup Cost": 0.0, "Total Cost": 334332.71, "Plan Rows": 192, "Plan Width": 4, "Inner Unique": false, "Join Filter": "(it1.id = mi.info_type_id)", "Plans": [{"Node Type": "Seq Scan", "Parent Relationship": "Outer", "Relation Name": "info_type", "Alias": "it1", "Startup Cost": 0.0, "Total Cost": 2.4, "Plan Rows": 1, "Plan Width": 4, "Filter": "((info)::text = 'release dates'::text)"}, {"Node Type": "Seq Scan", "Parent Relationship": "Inner", "Relation Name": "movie_info", "Alias": "mi", "Startup Cost": 0.0, "Total Cost": 334162.58, "Plan Rows": 13419, "Plan Width": 8, "Filter": "((note)::text ~~ '%internet%'::text)"}]}, {"Node Type": "Index Scan", "Parent Relationship": "Inner", "Scan Direction": "Forward", "Index Name": "movie_id_aka_title", "Relation Name": "aka_title", "Alias": "at", "Startup Cost": 0.0, "Total Cost": 2.45, "Plan Rows": 3, "Plan Width": 25, "Index Cond": "(movie_id = mi.movie_id)"}]}, {"Node Type": "Index Scan", "Parent Relationship": "Inner", "Scan Direction": "Forward", "Index Name": "movie_id_movie_companies", "Relation Name": "movie_companies", "Alias": "mc", "Startup Cost": 0.0, "Total Cost": 0.57, "Plan Rows": 2, "Plan Width": 12, "Index Cond": "(movie_id = at.movie_id)"}]}, {"Node Type": "Index Scan", "Parent Relationship": "Inner", "Scan Direction": "Forward", "Index Name": "company_name_pkey", "Relation Name": "company_name", "Alias": "cn", "Startup Cost": 0.0, "Total Cost": 0.28, "Plan Rows": 1, "Plan Width": 4, "Index Cond": "(id = mc.company_id)", "Filter": "((country_code)::text = '[us]'::text)"}]}, {"Node Type": "Materialize", "Parent Relationship": "Inner", "Startup Cost": 0.0, "Total Cost": 1.04, "Plan Rows": 3, "Plan Width": 4, "Plans": [{"Node Type": "Seq Scan", "Parent Relationship": "Outer", "Relation Name": "company_type", "Alias": "ct", "Startup Cost": 0.0, "Total Cost": 1.03, "Plan Rows": 3, "Plan Width": 4}]}]}, {"Node Type": "Index Scan", "Parent Relationship": "Inner", "Scan Direction": "Forward", "Index Name": "title_pkey", "Relation Name": "title", "Alias": "t", "Startup Cost": 0.0, "Total Cost": 0.34, "Plan Rows": 1, "Plan Width": 21, "Index Cond": "(id = mc.movie_id)", "Filter": "(production_year > 1990)"}]}, {"Node Type": "Index Scan", "Parent Relationship": "Inner", "Scan Direction": "Forward", "Index Name": "movie_id_movie_keyword", "Relation Name": "movie_keyword", "Alias": "mk", "Startup Cost": 0.0, "Total Cost": 0.46, "Plan Rows": 8, "Plan Width": 8, "Index Cond": "(movie_id = mc.movie_id)"}]}, {"Node Type": "Index Only Scan", "Parent Relationship": "Inner", "Scan Direction": "Forward", "Index Name": "keyword_pkey", "Relation Name": "keyword", "Alias": "k", "Startup Cost": 0.0, "Total Cost": 0.27, "Plan Rows": 1, "Plan Width": 4, "Index Cond": "(id = mk.keyword_id)"}]}]}, "Unique SQL Id": 2302223328, "Planner Runtime": 63}, "explain_analyze_plan": null}, "(1, 41)": {"explain_plan": {"Plan": {"Node Type": "Aggregate", "Strategy": "Plain", "Startup Cost": 499523.11, "Total Cost": 499523.12, "Plan Rows": 1, "Plan Width": 102, "Plans": [{"Node Type": "Nested Loop", "Parent Relationship": "Outer", "Join Type": "Inner", "Startup Cost": 0.0, "Total Cost": 499488.58, "Plan Rows": 6905, "Plan Width": 38, "Inner Unique": true, "Plans": [{"Node Type": "Nested Loop", "Parent Relationship": "Outer", "Join Type": "Inner", "Startup Cost": 0.0, "Total Cost": 497516.75, "Plan Rows": 7042, "Plan Width": 42, "Inner Unique": false, "Join Filter": "(t.id = mk.movie_id)", "Plans": [{"Node Type": "Nested Loop", "Parent Relationship": "Outer", "Join Type": "Inner", "Startup Cost": 0.0, "Total Cost": 497025.77, "Plan Rows": 873, "Plan Width": 54, "Inner Unique": true, "Join Filter": "(at.movie_id = t.id)", "Plans": [{"Node Type": "Nested Loop", "Parent Relationship": "Outer", "Join Type": "Inner", "Startup Cost": 0.0, "Total Cost": 496803.69, "Plan Rows": 630, "Plan Width": 33, "Inner Unique": true, "Join Filter": "(mc.company_type_id = ct.id)", "Plans": [{"Node Type": "Nested Loop", "Parent Relationship": "Outer", "Join Type": "Inner", "Startup Cost": 0.0, "Total Cost": 496767.04, "Plan Rows": 630, "Plan Width": 37, "Inner Unique": true, "Plans": [{"Node Type": "Nested Loop", "Parent Relationship": "Outer", "Join Type": "Inner", "Startup Cost": 0.0, "Total Cost": 496464.42, "Plan Rows": 1052, "Plan Width": 41, "Inner Unique": false, "Plans": [{"Node Type": "Nested Loop", "Parent Relationship": "Outer", "Join Type": "Inner", "Startup Cost": 0.0, "Total Cost": 496175.34, "Plan Rows": 490, "Plan Width": 29, "Inner Unique": false, "Plans": [{"Node Type": "Nested Loop", "Parent Relationship": "Outer", "Join Type": "Inner", "Startup Cost": 0.0, "Total Cost": 495699.65, "Plan Rows": 192, "Plan Width": 4, "Inner Unique": false, "Plans": [{"Node Type": "Index Scan", "Parent Relationship": "Outer", "Scan Direction": "Forward", "Index Name": "info_type_pkey", "Relation Name": "info_type", "Alias": "it1", "Startup Cost": 0.0, "Total Cost": 14.21, "Plan Rows": 1, "Plan Width": 4, "Filter": "((info)::text = 'release dates'::text)"}, {"Node Type": "Index Scan", "Parent Relationship": "Inner", "Scan Direction": "Forward", "Index Name": "info_type_id_movie_info", "Relation Name": "movie_info", "Alias": "mi", "Startup Cost": 0.0, "Total Cost": 495683.52, "Plan Rows": 192, "Plan Width": 8, "Index Cond": "(info_type_id = it1.id)", "Filter": "((note)::text ~~ '%internet%'::text)"}]}, {"Node Type": "Index Scan", "Parent Relationship": "Inner", "Scan Direction": "Forward", "Index Name": "movie_id_aka_title", "Relation Name": "aka_title", "Alias": "at", "Startup Cost": 0.0, "Total Cost": 2.45, "Plan Rows": 3, "Plan Width": 25, "Index Cond": "(movie_id = mi.movie_id)"}]}, {"Node Type": "Index Scan", "Parent Relationship": "Inner", "Scan Direction": "Forward", "Index Name": "movie_id_movie_companies", "Relation Name": "movie_companies", "Alias": "mc", "Startup Cost": 0.0, "Total Cost": 0.57, "Plan Rows": 2, "Plan Width": 12, "Index Cond": "(movie_id = at.movie_id)"}]}, {"Node Type": "Index Scan", "Parent Relationship": "Inner", "Scan Direction": "Forward", "Index Name": "company_name_pkey", "Relation Name": "company_name", "Alias": "cn", "Startup Cost": 0.0, "Total Cost": 0.28, "Plan Rows": 1, "Plan Width": 4, "Index Cond": "(id = mc.company_id)", "Filter": "((country_code)::text = '[us]'::text)"}]}, {"Node Type": "Materialize", "Parent Relationship": "Inner", "Startup Cost": 0.0, "Total Cost": 8.31, "Plan Rows": 3, "Plan Width": 4, "Plans": [{"Node Type": "Index Only Scan", "Parent Relationship": "Outer", "Scan Direction": "Forward", "Index Name": "company_type_pkey", "Relation Name": "company_type", "Alias": "ct", "Startup Cost": 0.0, "Total Cost": 8.29, "Plan Rows": 3, "Plan Width": 4}]}]}, {"Node Type": "Index Scan", "Parent Relationship": "Inner", "Scan Direction": "Forward", "Index Name": "title_pkey", "Relation Name": "title", "Alias": "t", "Startup Cost": 0.0, "Total Cost": 0.34, "Plan Rows": 1, "Plan Width": 21, "Index Cond": "(id = mc.movie_id)", "Filter": "(production_year > 1990)"}]}, {"Node Type": "Index Scan", "Parent Relationship": "Inner", "Scan Direction": "Forward", "Index Name": "movie_id_movie_keyword", "Relation Name": "movie_keyword", "Alias": "mk", "Startup Cost": 0.0, "Total Cost": 0.46, "Plan Rows": 8, "Plan Width": 8, "Index Cond": "(movie_id = mc.movie_id)"}]}, {"Node Type": "Index Only Scan", "Parent Relationship": "Inner", "Scan Direction": "Forward", "Index Name": "keyword_pkey", "Relation Name": "keyword", "Alias": "k", "Startup Cost": 0.0, "Total Cost": 0.27, "Plan Rows": 1, "Plan Width": 4, "Index Cond": "(id = mk.keyword_id)"}]}]}, "Unique SQL Id": 2302223328, "Planner Runtime": 57}, "explain_analyze_plan": {"Plan": {"Node Type": "Aggregate", "Strategy": "Plain", "Startup Cost": 499523.11, "Total Cost": 499523.12, "Plan Rows": 1, "Plan Width": 102, "Actual Startup Time": 1662.626, "Actual Total Time": 1662.626, "Actual Rows": 1, "Actual Loops": 1, "Plans": [{"Node Type": "Nested Loop", "Parent Relationship": "Outer", "Join Type": "Inner", "Startup Cost": 0.0, "Total Cost": 499488.58, "Plan Rows": 6905, "Plan Width": 38, "Actual Startup Time": 49.08, "Actual Total Time": 1659.717, "Actual Rows": 4371, "Actual Loops": 1, "Inner Unique": true, "Plans": [{"Node Type": "Nested Loop", "Parent Relationship": "Outer", "Join Type": "Inner", "Startup Cost": 0.0, "Total Cost": 497516.75, "Plan Rows": 7042, "Plan Width": 42, "Actual Startup Time": 49.068, "Actual Total Time": 1644.31, "Actual Rows": 4371, "Actual Loops": 1, "Inner Unique": false, "Join Filter": "(t.id = mk.movie_id)", "Rows Removed by Join Filter": 0, "Plans": [{"Node Type": "Nested Loop", "Parent Relationship": "Outer", "Join Type": "Inner", "Startup Cost": 0.0, "Total Cost": 497025.77, "Plan Rows": 873, "Plan Width": 54, "Actual Startup Time": 12.392, "Actual Total Time": 1638.027, "Actual Rows": 382, "Actual Loops": 1, "Inner Unique": true, "Join Filter": "(at.movie_id = t.id)", "Rows Removed by Join Filter": 0, "Plans": [{"Node Type": "Nested Loop", "Parent Relationship": "Outer", "Join Type": "Inner", "Startup Cost": 0.0, "Total Cost": 496803.69, "Plan Rows": 630, "Plan Width": 33, "Actual Startup Time": 12.373, "Actual Total Time": 1635.156, "Actual Rows": 382, "Actual Loops": 1, "Inner Unique": true, "Join Filter": "(mc.company_type_id = ct.id)", "Rows Removed by Join Filter": 1542, "Plans": [{"Node Type": "Nested Loop", "Parent Relationship": "Outer", "Join Type": "Inner", "Startup Cost": 0.0, "Total Cost": 496767.04, "Plan Rows": 630, "Plan Width": 37, "Actual Startup Time": 5.385, "Actual Total Time": 1633.94, "Actual Rows": 896, "Actual Loops": 1, "Inner Unique": true, "Plans": [{"Node Type": "Nested Loop", "Parent Relationship": "Outer", "Join Type": "Inner", "Startup Cost": 0.0, "Total Cost": 496464.42, "Plan Rows": 1052, "Plan Width": 41, "Actual Startup Time": 5.368, "Actual Total Time": 1622.0, "Actual Rows": 2130, "Actual Loops": 1, "Inner Unique": false, "Plans": [{"Node Type": "Nested Loop", "Parent Relationship": "Outer", "Join Type": "Inner", "Startup Cost": 0.0, "Total Cost": 496175.34, "Plan Rows": 490, "Plan Width": 29, "Actual Startup Time": 0.687, "Actual Total Time": 1616.085, "Actual Rows": 591, "Actual Loops": 1, "Inner Unique": false, "Plans": [{"Node Type": "Nested Loop", "Parent Relationship": "Outer", "Join Type": "Inner", "Startup Cost": 0.0, "Total Cost": 495699.65, "Plan Rows": 192, "Plan Width": 4, "Actual Startup Time": 0.077, "Actual Total Time": 1582.606, "Actual Rows": 10679, "Actual Loops": 1, "Inner Unique": false, "Plans": [{"Node Type": "Index Scan", "Parent Relationship": "Outer", "Scan Direction": "Forward", "Index Name": "info_type_pkey", "Relation Name": "info_type", "Alias": "it1", "Startup Cost": 0.0, "Total Cost": 14.21, "Plan Rows": 1, "Plan Width": 4, "Actual Startup Time": 0.05, "Actual Total Time": 0.097, "Actual Rows": 1, "Actual Loops": 1, "Filter": "((info)::text = 'release dates'::text)", "Rows Removed by Filter": 111}, {"Node Type": "Index Scan", "Parent Relationship": "Inner", "Scan Direction": "Forward", "Index Name": "info_type_id_movie_info", "Relation Name": "movie_info", "Alias": "mi", "Startup Cost": 0.0, "Total Cost": 495683.52, "Plan Rows": 192, "Plan Width": 8, "Actual Startup Time": 0.023, "Actual Total Time": 1579.844, "Actual Rows": 10679, "Actual Loops": 1, "Index Cond": "(info_type_id = it1.id)", "Rows Removed by Index Recheck": 0, "Filter": "((note)::text ~~ '%internet%'::text)", "Rows Removed by Filter": 3026040}]}, {"Node Type": "Index Scan", "Parent Relationship": "Inner", "Scan Direction": "Forward", "Index Name": "movie_id_aka_title", "Relation Name": "aka_title", "Alias": "at", "Startup Cost": 0.0, "Total Cost": 2.45, "Plan Rows": 3, "Plan Width": 25, "Actual Startup Time": 26.762, "Actual Total Time": 27.322, "Actual Rows": 591, "Actual Loops": 10679, "Index Cond": "(movie_id = mi.movie_id)", "Rows Removed by Index Recheck": 0}]}, {"Node Type": "Index Scan", "Parent Relationship": "Inner", "Scan Direction": "Forward", "Index Name": "movie_id_movie_companies", "Relation Name": "movie_companies", "Alias": "mc", "Startup Cost": 0.0, "Total Cost": 0.57, "Plan Rows": 2, "Plan Width": 12, "Actual Startup Time": 3.371, "Actual Total Time": 4.735, "Actual Rows": 2130, "Actual Loops": 591, "Index Cond": "(movie_id = at.movie_id)", "Rows Removed by Index Recheck": 0}]}, {"Node Type": "Index Scan", "Parent Relationship": "Inner", "Scan Direction": "Forward", "Index Name": "company_name_pkey", "Relation Name": "company_name", "Alias": "cn", "Startup Cost": 0.0, "Total Cost": 0.28, "Plan Rows": 1, "Plan Width": 4, "Actual Startup Time": 10.141, "Actual Total Time": 10.141, "Actual Rows": 896, "Actual Loops": 2130, "Index Cond": "(id = mc.company_id)", "Rows Removed by Index Recheck": 0, "Filter": "((country_code)::text = '[us]'::text)", "Rows Removed by Filter": 1234}]}, {"Node Type": "Materialize", "Parent Relationship": "Inner", "Startup Cost": 0.0, "Total Cost": 8.31, "Plan Rows": 3, "Plan Width": 4, "Actual Startup Time": 0.173, "Actual Total Time": 0.325, "Actual Rows": 1924, "Actual Loops": 896, "Plans": [{"Node Type": "Index Only Scan", "Parent Relationship": "Outer", "Scan Direction": "Forward", "Index Name": "company_type_pkey", "Relation Name": "company_type", "Alias": "ct", "Startup Cost": 0.0, "Total Cost": 8.29, "Plan Rows": 3, "Plan Width": 4, "Actual Startup Time": 0.006, "Actual Total Time": 0.008, "Actual Rows": 3, "Actual Loops": 1, "Heap Fetches": 0}]}]}, {"Node Type": "Index Scan", "Parent Relationship": "Inner", "Scan Direction": "Forward", "Index Name": "title_pkey", "Relation Name": "title", "Alias": "t", "Startup Cost": 0.0, "Total Cost": 0.34, "Plan Rows": 1, "Plan Width": 21, "Actual Startup Time": 2.131, "Actual Total Time": 2.131, "Actual Rows": 382, "Actual Loops": 382, "Index Cond": "(id = mc.movie_id)", "Rows Removed by Index Recheck": 0, "Filter": "(production_year > 1990)", "Rows Removed by Filter": 0}]}, {"Node Type": "Index Scan", "Parent Relationship": "Inner", "Scan Direction": "Forward", "Index Name": "movie_id_movie_keyword", "Relation Name": "movie_keyword", "Alias": "mk", "Startup Cost": 0.0, "Total Cost": 0.46, "Plan Rows": 8, "Plan Width": 8, "Actual Startup Time": 2.18, "Actual Total Time": 4.31, "Actual Rows": 4371, "Actual Loops": 382, "Index Cond": "(movie_id = mc.movie_id)", "Rows Removed by Index Recheck": 0}]}, {"Node Type": "Index Only Scan", "Parent Relationship": "Inner", "Scan Direction": "Forward", "Index Name": "keyword_pkey", "Relation Name": "keyword", "Alias": "k", "Startup Cost": 0.0, "Total Cost": 0.27, "Plan Rows": 1, "Plan Width": 4, "Actual Startup Time": 12.245, "Actual Total Time": 12.245, "Actual Rows": 4371, "Actual Loops": 4371, "Index Cond": "(id = mk.keyword_id)", "Rows Removed by Index Recheck": 0, "Heap Fetches": 0}]}]}, "Triggers": [], "Planner Runtime": 57, "Total Runtime": 1663.175, "Unique SQL Id": 2302223328}}, "(1, 42)": {"explain_plan": {"Plan": {"Node Type": "Aggregate", "Strategy": "Plain", "Startup Cost": 563702.59, "Total Cost": 563702.6, "Plan Rows": 1, "Plan Width": 102, "Plans": [{"Node Type": "Hash Join", "Parent Relationship": "Outer", "Join Type": "Inner", "Startup Cost": 484134.63, "Total Cost": 563667.38, "Plan Rows": 7042, "Plan Width": 38, "Inner Unique": true, "Hash Cond": "(mk.keyword_id = k.id)", "Plans": [{"Node Type": "Hash Join", "Parent Relationship": "Outer", "Join Type": "Inner", "Startup Cost": 480356.83, "Total Cost": 559794.14, "Plan Rows": 7042, "Plan Width": 42, "Inner Unique": false, "Hash Cond": "(mk.movie_id = t.id)", "Plans": [{"Node Type": "Seq Scan", "Parent Relationship": "Outer", "Relation Name": "movie_keyword", "Alias": "mk", "Startup Cost": 0.0, "Total Cost": 62441.29, "Plan Rows": 4523929, "Plan Width": 8}, {"Node Type": "Hash", "Parent Relationship": "Inner", "Startup Cost": 480345.92, "Total Cost": 480345.92, "Plan Rows": 873, "Plan Width": 54, "Plans": [{"Node Type": "Hash Join", "Parent Relationship": "Outer", "Join Type": "Inner", "Startup Cost": 407377.15, "Total Cost": 480345.92, "Plan Rows": 873, "Plan Width": 54, "Inner Unique": true, "Hash Cond": "(mc.company_type_id = ct.id)", "Plans": [{"Node Type": "Hash Join", "Parent Relationship": "Outer", "Join Type": "Inner", "Startup Cost": 407376.08, "Total Cost": 480332.85, "Plan Rows": 873, "Plan Width": 58, "Inner Unique": false, "Hash Cond": "(t.id = at.movie_id)", "Plans": [{"Node Type": "Seq Scan", "Parent Relationship": "Outer", "Relation Name": "title", "Alias": "t", "Startup Cost": 0.0, "Total Cost": 66389.89, "Plan Rows": 1748840, "Plan Width": 21, "Filter": "(production_year > 1990), (LLVM Optimized)"}, {"Node Type": "Hash", "Parent Relationship": "Inner", "Startup Cost": 407368.2, "Total Cost": 407368.2, "Plan Rows": 630, "Plan Width": 37, "Plans": [{"Node Type": "Hash Join", "Parent Relationship": "Outer", "Join Type": "Inner", "Startup Cost": 355739.8, "Total Cost": 407368.2, "Plan Rows": 630, "Plan Width": 37, "Inner Unique": true, "Hash Cond": "(mc.company_id = cn.id)", "Plans": [{"Node Type": "Hash Join", "Parent Relationship": "Outer", "Join Type": "Inner", "Startup Cost": 348771.72, "Total Cost": 400383.64, "Plan Rows": 1052, "Plan Width": 41, "Inner Unique": false, "Hash Cond": "(mc.movie_id = at.movie_id)", "Plans": [{"Node Type": "Seq Scan", "Parent Relationship": "Outer", "Relation Name": "movie_companies", "Alias": "mc", "Startup Cost": 0.0, "Total Cost": 41817.28, "Plan Rows": 2609128, "Plan Width": 12}, {"Node Type": "Hash", "Parent Relationship": "Inner", "Startup Cost": 348765.6, "Total Cost": 348765.6, "Plan Rows": 490, "Plan Width": 29, "Plans": [{"Node Type": "Hash Join", "Parent Relationship": "Outer", "Join Type": "Inner", "Startup Cost": 14413.1, "Total Cost": 348765.6, "Plan Rows": 490, "Plan Width": 29, "Inner Unique": false, "Hash Cond": "(mi.movie_id = at.movie_id)", "Plans": [{"Node Type": "Nested Loop", "Parent Relationship": "Outer", "Join Type": "Inner", "Startup Cost": 0.0, "Total Cost": 334332.71, "Plan Rows": 192, "Plan Width": 4, "Inner Unique": false, "Join Filter": "(it1.id = mi.info_type_id)", "Plans": [{"Node Type": "Seq Scan", "Parent Relationship": "Outer", "Relation Name": "info_type", "Alias": "it1", "Startup Cost": 0.0, "Total Cost": 2.4, "Plan Rows": 1, "Plan Width": 4, "Filter": "((info)::text = 'release dates'::text)"}, {"Node Type": "Seq Scan", "Parent Relationship": "Inner", "Relation Name": "movie_info", "Alias": "mi", "Startup Cost": 0.0, "Total Cost": 334162.58, "Plan Rows": 13419, "Plan Width": 8, "Filter": "((note)::text ~~ '%internet%'::text)"}]}, {"Node Type": "Hash", "Parent Relationship": "Inner", "Startup Cost": 9894.71, "Total Cost": 9894.71, "Plan Rows": 361471, "Plan Width": 25, "Plans": [{"Node Type": "Seq Scan", "Parent Relationship": "Outer", "Relation Name": "aka_title", "Alias": "at", "Startup Cost": 0.0, "Total Cost": 9894.71, "Plan Rows": 361471, "Plan Width": 25}]}]}]}]}, {"Node Type": "Hash", "Parent Relationship": "Inner", "Startup Cost": 5903.45, "Total Cost": 5903.45, "Plan Rows": 85170, "Plan Width": 4, "Plans": [{"Node Type": "Seq Scan", "Parent Relationship": "Outer", "Relation Name": "company_name", "Alias": "cn", "Startup Cost": 0.0, "Total Cost": 5903.45, "Plan Rows": 85170, "Plan Width": 4, "Filter": "((country_code)::text = '[us]'::text)"}]}]}]}]}, {"Node Type": "Hash", "Parent Relationship": "Inner", "Startup Cost": 1.03, "Total Cost": 1.03, "Plan Rows": 3, "Plan Width": 4, "Plans": [{"Node Type": "Seq Scan", "Parent Relationship": "Outer", "Relation Name": "company_type", "Alias": "ct", "Startup Cost": 0.0, "Total Cost": 1.03, "Plan Rows": 3, "Plan Width": 4}]}]}]}]}, {"Node Type": "Hash", "Parent Relationship": "Inner", "Startup Cost": 2100.69, "Total Cost": 2100.69, "Plan Rows": 134169, "Plan Width": 4, "Plans": [{"Node Type": "Seq Scan", "Parent Relationship": "Outer", "Relation Name": "keyword", "Alias": "k", "Startup Cost": 0.0, "Total Cost": 2100.69, "Plan Rows": 134169, "Plan Width": 4}]}]}]}, "Unique SQL Id": 2302223328, "Planner Runtime": 133}, "explain_analyze_plan": null}, "(1, 43)": {"explain_plan": {"Plan": {"Node Type": "Aggregate", "Strategy": "Plain", "Startup Cost": 9000224458655.5, "Total Cost": 9000224458655.51, "Plan Rows": 1, "Plan Width": 102, "Plans": [{"Node Type": "Nested Loop", "Parent Relationship": "Outer", "Join Type": "Inner", "Startup Cost": 90000000000.0, "Total Cost": 9000224458620.29, "Plan Rows": 7042, "Plan Width": 38, "Inner Unique": false, "Join Filter": "(t.id = at.movie_id)", "Plans": [{"Node Type": "Nested Loop", "Parent Relationship": "Outer", "Join Type": "Inner", "Startup Cost": 80000000000.0, "Total Cost": 8000201462635.67, "Plan Rows": 3874, "Plan Width": 33, "Inner Unique": true, "Join Filter": "(mk.keyword_id = k.id)", "Plans": [{"Node Type": "Nested Loop", "Parent Relationship": "Outer", "Join Type": "Inner", "Startup Cost": 70000000000.0, "Total Cost": 7000193459661.16, "Plan Rows": 3874, "Plan Width": 37, "Inner Unique": true, "Join Filter": "(mc.company_type_id = ct.id)", "Plans": [{"Node Type": "Nested Loop", "Parent Relationship": "Outer", "Join Type": "Inner", "Startup Cost": 60000000000.0, "Total Cost": 6000193458657.32, "Plan Rows": 3874, "Plan Width": 41, "Inner Unique": false, "Join Filter": "(t.id = mk.movie_id)", "Plans": [{"Node Type": "Index Scan", "Parent Relationship": "Outer", "Scan Direction": "Forward", "Index Name": "movie_id_movie_keyword", "Relation Name": "movie_keyword", "Alias": "mk", "Startup Cost": 10000000000.0, "Total Cost": 1000015300634.17, "Plan Rows": 4523929, "Plan Width": 8}, {"Node Type": "Materialize", "Parent Relationship": "Inner", "Startup Cost": 50000000000.0, "Total Cost": 5000145721453.42, "Plan Rows": 478, "Plan Width": 33, "Plans": [{"Node Type": "Nested Loop", "Parent Relationship": "Outer", "Join Type": "Inner", "Startup Cost": 50000000000.0, "Total Cost": 5000145721451.03, "Plan Rows": 478, "Plan Width": 33, "Inner Unique": true, "Join Filter": "(mc.company_id = cn.id)", "Plans": [{"Node Type": "Nested Loop", "Parent Relationship": "Outer", "Join Type": "Inner", "Startup Cost": 40000000000.0, "Total Cost": 4000143945450.73, "Plan Rows": 568, "Plan Width": 37, "Inner Unique": false, "Join Filter": "(t.id = mc.movie_id)", "Plans": [{"Node Type": "Index Scan", "Parent Relationship": "Outer", "Scan Direction": "Forward", "Index Name": "company_type_id_movie_companies", "Relation Name": "movie_companies", "Alias": "mc", "Startup Cost": 10000000000.0, "Total Cost": 1000009318217.0, "Plan Rows": 2609128, "Plan Width": 12}, {"Node Type": "Materialize", "Parent Relationship": "Inner", "Startup Cost": 30000000000.0, "Total Cost": 3000124216813.68, "Plan Rows": 266, "Plan Width": 25, "Plans": [{"Node Type": "Nested Loop", "Parent Relationship": "Outer", "Join Type": "Inner", "Startup Cost": 30000000000.0, "Total Cost": 3000124216812.35, "Plan Rows": 266, "Plan Width": 25, "Inner Unique": false, "Join Filter": "(mi.movie_id = t.id)", "Plans": [{"Node Type": "Index Scan", "Parent Relationship": "Outer", "Scan Direction": "Forward", "Index Name": "title_pkey", "Relation Name": "title", "Alias": "t", "Startup Cost": 10000000000.0, "Total Cost": 1000011644126.66, "Plan Rows": 1748840, "Plan Width": 21, "Filter": "(production_year > 1990), (LLVM Optimized)"}, {"Node Type": "Materialize", "Parent Relationship": "Inner", "Startup Cost": 20000000000.0, "Total Cost": 2000107536026.96, "Plan Rows": 192, "Plan Width": 4, "Plans": [{"Node Type": "Nested Loop", "Parent Relationship": "Outer", "Join Type": "Inner", "Startup Cost": 20000000000.0, "Total Cost": 2000107536026.0, "Plan Rows": 192, "Plan Width": 4, "Inner Unique": true, "Join Filter": "(it1.id = mi.info_type_id)", "Plans": [{"Node Type": "Index Scan", "Parent Relationship": "Outer", "Scan Direction": "Forward", "Index Name": "movie_id_movie_info", "Relation Name": "movie_info", "Alias": "mi", "Startup Cost": 10000000000.0, "Total Cost": 1000107534403.72, "Plan Rows": 13419, "Plan Width": 8, "Filter": "((note)::text ~~ '%internet%'::text)"}, {"Node Type": "Materialize", "Parent Relationship": "Inner", "Startup Cost": 10000000000.0, "Total Cost": 1000000001421.0, "Plan Rows": 1, "Plan Width": 4, "Plans": [{"Node Type": "Index Scan", "Parent Relationship": "Outer", "Scan Direction": "Forward", "Index Name": "info_type_pkey", "Relation Name": "info_type", "Alias": "it1", "Startup Cost": 10000000000.0, "Total Cost": 1000000001421.0, "Plan Rows": 1, "Plan Width": 4, "Filter": "((info)::text = 'release dates'::text)"}]}]}]}]}]}]}, {"Node Type": "Materialize", "Parent Relationship": "Inner", "Startup Cost": 10000000000.0, "Total Cost": 1000001050564.82, "Plan Rows": 85170, "Plan Width": 4, "Plans": [{"Node Type": "Index Scan", "Parent Relationship": "Outer", "Scan Direction": "Forward", "Index Name": "company_name_pkey", "Relation Name": "company_name", "Alias": "cn", "Startup Cost": 10000000000.0, "Total Cost": 1000001050138.97, "Plan Rows": 85170, "Plan Width": 4, "Filter": "((country_code)::text = '[us]'::text)"}]}]}]}]}, {"Node Type": "Materialize", "Parent Relationship": "Inner", "Startup Cost": 10000000000.0, "Total Cost": 1000000000829.52, "Plan Rows": 3, "Plan Width": 4, "Plans": [{"Node Type": "Index Only Scan", "Parent Relationship": "Outer", "Scan Direction": "Forward", "Index Name": "company_type_pkey", "Relation Name": "company_type", "Alias": "ct", "Startup Cost": 10000000000.0, "Total Cost": 1000000000829.5, "Plan Rows": 3, "Plan Width": 4}]}]}, {"Node Type": "Materialize", "Parent Relationship": "Inner", "Startup Cost": 10000000000.0, "Total Cost": 1000000206749.34, "Plan Rows": 134169, "Plan Width": 4, "Plans": [{"Node Type": "Index Only Scan", "Parent Relationship": "Outer", "Scan Direction": "Forward", "Index Name": "keyword_pkey", "Relation Name": "keyword", "Alias": "k", "Startup Cost": 10000000000.0, "Total Cost": 1000000206078.5, "Plan Rows": 134169, "Plan Width": 4}]}]}, {"Node Type": "Materialize", "Parent Relationship": "Inner", "Startup Cost": 10000000000.0, "Total Cost": 1000001991808.49, "Plan Rows": 361471, "Plan Width": 25, "Plans": [{"Node Type": "Index Scan", "Parent Relationship": "Outer", "Scan Direction": "Forward", "Index Name": "movie_id_aka_title", "Relation Name": "aka_title", "Alias": "at", "Startup Cost": 10000000000.0, "Total Cost": 1000001990001.13, "Plan Rows": 361471, "Plan Width": 25}]}]}]}, "Unique SQL Id": 2302223328, "Planner Runtime": 116}, "explain_analyze_plan": null}, "(1, 44)": {"explain_plan": {"Plan": {"Node Type": "Aggregate", "Strategy": "Plain", "Startup Cost": 338153.64, "Total Cost": 338153.65, "Plan Rows": 1, "Plan Width": 102, "Plans": [{"Node Type": "Nested Loop", "Parent Relationship": "Outer", "Join Type": "Inner", "Startup Cost": 0.0, "Total Cost": 338119.11, "Plan Rows": 6905, "Plan Width": 38, "Inner Unique": true, "Plans": [{"Node Type": "Nested Loop", "Parent Relationship": "Outer", "Join Type": "Inner", "Startup Cost": 0.0, "Total Cost": 336142.55, "Plan Rows": 7042, "Plan Width": 42, "Inner Unique": false, "Join Filter": "(t.id = mk.movie_id)", "Plans": [{"Node Type": "Nested Loop", "Parent Relationship": "Outer", "Join Type": "Inner", "Startup Cost": 0.0, "Total Cost": 335651.58, "Plan Rows": 873, "Plan Width": 54, "Inner Unique": true, "Join Filter": "(at.movie_id = t.id)", "Plans": [{"Node Type": "Nested Loop", "Parent Relationship": "Outer", "Join Type": "Inner", "Startup Cost": 0.0, "Total Cost": 335429.49, "Plan Rows": 630, "Plan Width": 33, "Inner Unique": true, "Join Filter": "(mc.company_type_id = ct.id)", "Plans": [{"Node Type": "Nested Loop", "Parent Relationship": "Outer", "Join Type": "Inner", "Startup Cost": 0.0, "Total Cost": 335400.1, "Plan Rows": 630, "Plan Width": 37, "Inner Unique": true, "Plans": [{"Node Type": "Nested Loop", "Parent Relationship": "Outer", "Join Type": "Inner", "Startup Cost": 0.0, "Total Cost": 335097.48, "Plan Rows": 1052, "Plan Width": 41, "Inner Unique": false, "Plans": [{"Node Type": "Nested Loop", "Parent Relationship": "Outer", "Join Type": "Inner", "Startup Cost": 0.0, "Total Cost": 334808.41, "Plan Rows": 490, "Plan Width": 29, "Inner Unique": false, "Plans": [{"Node Type": "Nested Loop", "Parent Relationship": "Outer", "Join Type": "Inner", "Startup Cost": 0.0, "Total Cost": 334332.71, "Plan Rows": 192, "Plan Width": 4, "Inner Unique": false, "Join Filter": "(it1.id = mi.info_type_id)", "Plans": [{"Node Type": "Seq Scan", "Parent Relationship": "Outer", "Relation Name": "info_type", "Alias": "it1", "Startup Cost": 0.0, "Total Cost": 2.4, "Plan Rows": 1, "Plan Width": 4, "Filter": "((info)::text = 'release dates'::text)"}, {"Node Type": "Seq Scan", "Parent Relationship": "Inner", "Relation Name": "movie_info", "Alias": "mi", "Startup Cost": 0.0, "Total Cost": 334162.58, "Plan Rows": 13419, "Plan Width": 8, "Filter": "((note)::text ~~ '%internet%'::text)"}]}, {"Node Type": "Index Scan", "Parent Relationship": "Inner", "Scan Direction": "Forward", "Index Name": "movie_id_aka_title", "Relation Name": "aka_title", "Alias": "at", "Startup Cost": 0.0, "Total Cost": 2.45, "Plan Rows": 3, "Plan Width": 25, "Index Cond": "(movie_id = mi.movie_id)"}]}, {"Node Type": "Index Scan", "Parent Relationship": "Inner", "Scan Direction": "Forward", "Index Name": "movie_id_movie_companies", "Relation Name": "movie_companies", "Alias": "mc", "Startup Cost": 0.0, "Total Cost": 0.57, "Plan Rows": 2, "Plan Width": 12, "Index Cond": "(movie_id = at.movie_id)"}]}, {"Node Type": "Index Scan", "Parent Relationship": "Inner", "Scan Direction": "Forward", "Index Name": "company_name_pkey", "Relation Name": "company_name", "Alias": "cn", "Startup Cost": 0.0, "Total Cost": 0.28, "Plan Rows": 1, "Plan Width": 4, "Index Cond": "(id = mc.company_id)", "Filter": "((country_code)::text = '[us]'::text)"}]}, {"Node Type": "Materialize", "Parent Relationship": "Inner", "Startup Cost": 0.0, "Total Cost": 1.04, "Plan Rows": 3, "Plan Width": 4, "Plans": [{"Node Type": "Seq Scan", "Parent Relationship": "Outer", "Relation Name": "company_type", "Alias": "ct", "Startup Cost": 0.0, "Total Cost": 1.03, "Plan Rows": 3, "Plan Width": 4}]}]}, {"Node Type": "Index Scan", "Parent Relationship": "Inner", "Scan Direction": "Forward", "Index Name": "title_pkey", "Relation Name": "title", "Alias": "t", "Startup Cost": 0.0, "Total Cost": 0.34, "Plan Rows": 1, "Plan Width": 21, "Index Cond": "(id = mc.movie_id)", "Filter": "(production_year > 1990)"}]}, {"Node Type": "Index Scan", "Parent Relationship": "Inner", "Scan Direction": "Forward", "Index Name": "movie_id_movie_keyword", "Relation Name": "movie_keyword", "Alias": "mk", "Startup Cost": 0.0, "Total Cost": 0.46, "Plan Rows": 8, "Plan Width": 8, "Index Cond": "(movie_id = mc.movie_id)"}]}, {"Node Type": "Index Scan", "Parent Relationship": "Inner", "Scan Direction": "Forward", "Index Name": "keyword_pkey", "Relation Name": "keyword", "Alias": "k", "Startup Cost": 0.0, "Total Cost": 0.27, "Plan Rows": 1, "Plan Width": 4, "Index Cond": "(id = mk.keyword_id)"}]}]}, "Unique SQL Id": 2302223328, "Planner Runtime": 63}, "explain_analyze_plan": null}, "(1, 45)": {"explain_plan": {"Plan": {"Node Type": "Aggregate", "Strategy": "Plain", "Startup Cost": 499531.84, "Total Cost": 499531.85, "Plan Rows": 1, "Plan Width": 102, "Plans": [{"Node Type": "Nested Loop", "Parent Relationship": "Outer", "Join Type": "Inner", "Startup Cost": 0.0, "Total Cost": 499497.31, "Plan Rows": 6905, "Plan Width": 38, "Inner Unique": true, "Plans": [{"Node Type": "Nested Loop", "Parent Relationship": "Outer", "Join Type": "Inner", "Startup Cost": 0.0, "Total Cost": 497520.75, "Plan Rows": 7042, "Plan Width": 42, "Inner Unique": false, "Join Filter": "(t.id = mk.movie_id)", "Plans": [{"Node Type": "Nested Loop", "Parent Relationship": "Outer", "Join Type": "Inner", "Startup Cost": 0.0, "Total Cost": 497029.77, "Plan Rows": 873, "Plan Width": 54, "Inner Unique": true, "Join Filter": "(at.movie_id = t.id)", "Plans": [{"Node Type": "Nested Loop", "Parent Relationship": "Outer", "Join Type": "Inner", "Startup Cost": 0.0, "Total Cost": 496807.69, "Plan Rows": 630, "Plan Width": 33, "Inner Unique": true, "Join Filter": "(mc.company_type_id = ct.id)", "Plans": [{"Node Type": "Nested Loop", "Parent Relationship": "Outer", "Join Type": "Inner", "Startup Cost": 0.0, "Total Cost": 496767.04, "Plan Rows": 630, "Plan Width": 37, "Inner Unique": true, "Plans": [{"Node Type": "Nested Loop", "Parent Relationship": "Outer", "Join Type": "Inner", "Startup Cost": 0.0, "Total Cost": 496464.42, "Plan Rows": 1052, "Plan Width": 41, "Inner Unique": false, "Plans": [{"Node Type": "Nested Loop", "Parent Relationship": "Outer", "Join Type": "Inner", "Startup Cost": 0.0, "Total Cost": 496175.34, "Plan Rows": 490, "Plan Width": 29, "Inner Unique": false, "Plans": [{"Node Type": "Nested Loop", "Parent Relationship": "Outer", "Join Type": "Inner", "Startup Cost": 0.0, "Total Cost": 495699.65, "Plan Rows": 192, "Plan Width": 4, "Inner Unique": false, "Plans": [{"Node Type": "Index Scan", "Parent Relationship": "Outer", "Scan Direction": "Forward", "Index Name": "info_type_pkey", "Relation Name": "info_type", "Alias": "it1", "Startup Cost": 0.0, "Total Cost": 14.21, "Plan Rows": 1, "Plan Width": 4, "Filter": "((info)::text = 'release dates'::text)"}, {"Node Type": "Index Scan", "Parent Relationship": "Inner", "Scan Direction": "Forward", "Index Name": "info_type_id_movie_info", "Relation Name": "movie_info", "Alias": "mi", "Startup Cost": 0.0, "Total Cost": 495683.52, "Plan Rows": 192, "Plan Width": 8, "Index Cond": "(info_type_id = it1.id)", "Filter": "((note)::text ~~ '%internet%'::text)"}]}, {"Node Type": "Index Scan", "Parent Relationship": "Inner", "Scan Direction": "Forward", "Index Name": "movie_id_aka_title", "Relation Name": "aka_title", "Alias": "at", "Startup Cost": 0.0, "Total Cost": 2.45, "Plan Rows": 3, "Plan Width": 25, "Index Cond": "(movie_id = mi.movie_id)"}]}, {"Node Type": "Index Scan", "Parent Relationship": "Inner", "Scan Direction": "Forward", "Index Name": "movie_id_movie_companies", "Relation Name": "movie_companies", "Alias": "mc", "Startup Cost": 0.0, "Total Cost": 0.57, "Plan Rows": 2, "Plan Width": 12, "Index Cond": "(movie_id = at.movie_id)"}]}, {"Node Type": "Index Scan", "Parent Relationship": "Inner", "Scan Direction": "Forward", "Index Name": "company_name_pkey", "Relation Name": "company_name", "Alias": "cn", "Startup Cost": 0.0, "Total Cost": 0.28, "Plan Rows": 1, "Plan Width": 4, "Index Cond": "(id = mc.company_id)", "Filter": "((country_code)::text = '[us]'::text)"}]}, {"Node Type": "Materialize", "Parent Relationship": "Inner", "Startup Cost": 0.0, "Total Cost": 12.31, "Plan Rows": 3, "Plan Width": 4, "Plans": [{"Node Type": "Index Scan", "Parent Relationship": "Outer", "Scan Direction": "Forward", "Index Name": "company_type_pkey", "Relation Name": "company_type", "Alias": "ct", "Startup Cost": 0.0, "Total Cost": 12.29, "Plan Rows": 3, "Plan Width": 4}]}]}, {"Node Type": "Index Scan", "Parent Relationship": "Inner", "Scan Direction": "Forward", "Index Name": "title_pkey", "Relation Name": "title", "Alias": "t", "Startup Cost": 0.0, "Total Cost": 0.34, "Plan Rows": 1, "Plan Width": 21, "Index Cond": "(id = mc.movie_id)", "Filter": "(production_year > 1990)"}]}, {"Node Type": "Index Scan", "Parent Relationship": "Inner", "Scan Direction": "Forward", "Index Name": "movie_id_movie_keyword", "Relation Name": "movie_keyword", "Alias": "mk", "Startup Cost": 0.0, "Total Cost": 0.46, "Plan Rows": 8, "Plan Width": 8, "Index Cond": "(movie_id = mc.movie_id)"}]}, {"Node Type": "Index Scan", "Parent Relationship": "Inner", "Scan Direction": "Forward", "Index Name": "keyword_pkey", "Relation Name": "keyword", "Alias": "k", "Startup Cost": 0.0, "Total Cost": 0.27, "Plan Rows": 1, "Plan Width": 4, "Index Cond": "(id = mk.keyword_id)"}]}]}, "Unique SQL Id": 2302223328, "Planner Runtime": 56}, "explain_analyze_plan": {"Plan": {"Node Type": "Aggregate", "Strategy": "Plain", "Startup Cost": 499531.84, "Total Cost": 499531.85, "Plan Rows": 1, "Plan Width": 102, "Actual Startup Time": 1658.489, "Actual Total Time": 1658.489, "Actual Rows": 1, "Actual Loops": 1, "Plans": [{"Node Type": "Nested Loop", "Parent Relationship": "Outer", "Join Type": "Inner", "Startup Cost": 0.0, "Total Cost": 499497.31, "Plan Rows": 6905, "Plan Width": 38, "Actual Startup Time": 49.469, "Actual Total Time": 1655.598, "Actual Rows": 4371, "Actual Loops": 1, "Inner Unique": true, "Plans": [{"Node Type": "Nested Loop", "Parent Relationship": "Outer", "Join Type": "Inner", "Startup Cost": 0.0, "Total Cost": 497520.75, "Plan Rows": 7042, "Plan Width": 42, "Actual Startup Time": 49.455, "Actual Total Time": 1637.439, "Actual Rows": 4371, "Actual Loops": 1, "Inner Unique": false, "Join Filter": "(t.id = mk.movie_id)", "Rows Removed by Join Filter": 0, "Plans": [{"Node Type": "Nested Loop", "Parent Relationship": "Outer", "Join Type": "Inner", "Startup Cost": 0.0, "Total Cost": 497029.77, "Plan Rows": 873, "Plan Width": 54, "Actual Startup Time": 12.451, "Actual Total Time": 1631.375, "Actual Rows": 382, "Actual Loops": 1, "Inner Unique": true, "Join Filter": "(at.movie_id = t.id)", "Rows Removed by Join Filter": 0, "Plans": [{"Node Type": "Nested Loop", "Parent Relationship": "Outer", "Join Type": "Inner", "Startup Cost": 0.0, "Total Cost": 496807.69, "Plan Rows": 630, "Plan Width": 33, "Actual Startup Time": 12.433, "Actual Total Time": 1628.511, "Actual Rows": 382, "Actual Loops": 1, "Inner Unique": true, "Join Filter": "(mc.company_type_id = ct.id)", "Rows Removed by Join Filter": 1542, "Plans": [{"Node Type": "Nested Loop", "Parent Relationship": "Outer", "Join Type": "Inner", "Startup Cost": 0.0, "Total Cost": 496767.04, "Plan Rows": 630, "Plan Width": 37, "Actual Startup Time": 5.43, "Actual Total Time": 1627.31, "Actual Rows": 896, "Actual Loops": 1, "Inner Unique": true, "Plans": [{"Node Type": "Nested Loop", "Parent Relationship": "Outer", "Join Type": "Inner", "Startup Cost": 0.0, "Total Cost": 496464.42, "Plan Rows": 1052, "Plan Width": 41, "Actual Startup Time": 5.413, "Actual Total Time": 1615.72, "Actual Rows": 2130, "Actual Loops": 1, "Inner Unique": false, "Plans": [{"Node Type": "Nested Loop", "Parent Relationship": "Outer", "Join Type": "Inner", "Startup Cost": 0.0, "Total Cost": 496175.34, "Plan Rows": 490, "Plan Width": 29, "Actual Startup Time": 0.694, "Actual Total Time": 1610.066, "Actual Rows": 591, "Actual Loops": 1, "Inner Unique": false, "Plans": [{"Node Type": "Nested Loop", "Parent Relationship": "Outer", "Join Type": "Inner", "Startup Cost": 0.0, "Total Cost": 495699.65, "Plan Rows": 192, "Plan Width": 4, "Actual Startup Time": 0.083, "Actual Total Time": 1577.161, "Actual Rows": 10679, "Actual Loops": 1, "Inner Unique": false, "Plans": [{"Node Type": "Index Scan", "Parent Relationship": "Outer", "Scan Direction": "Forward", "Index Name": "info_type_pkey", "Relation Name": "info_type", "Alias": "it1", "Startup Cost": 0.0, "Total Cost": 14.21, "Plan Rows": 1, "Plan Width": 4, "Actual Startup Time": 0.052, "Actual Total Time": 0.099, "Actual Rows": 1, "Actual Loops": 1, "Filter": "((info)::text = 'release dates'::text)", "Rows Removed by Filter": 111}, {"Node Type": "Index Scan", "Parent Relationship": "Inner", "Scan Direction": "Forward", "Index Name": "info_type_id_movie_info", "Relation Name": "movie_info", "Alias": "mi", "Startup Cost": 0.0, "Total Cost": 495683.52, "Plan Rows": 192, "Plan Width": 8, "Actual Startup Time": 0.024, "Actual Total Time": 1574.284, "Actual Rows": 10679, "Actual Loops": 1, "Index Cond": "(info_type_id = it1.id)", "Rows Removed by Index Recheck": 0, "Filter": "((note)::text ~~ '%internet%'::text)", "Rows Removed by Filter": 3026040}]}, {"Node Type": "Index Scan", "Parent Relationship": "Inner", "Scan Direction": "Forward", "Index Name": "movie_id_aka_title", "Relation Name": "aka_title", "Alias": "at", "Startup Cost": 0.0, "Total Cost": 2.45, "Plan Rows": 3, "Plan Width": 25, "Actual Startup Time": 26.272, "Actual Total Time": 26.772, "Actual Rows": 591, "Actual Loops": 10679, "Index Cond": "(movie_id = mi.movie_id)", "Rows Removed by Index Recheck": 0}]}, {"Node Type": "Index Scan", "Parent Relationship": "Inner", "Scan Direction": "Forward", "Index Name": "movie_id_movie_companies", "Relation Name": "movie_companies", "Alias": "mc", "Startup Cost": 0.0, "Total Cost": 0.57, "Plan Rows": 2, "Plan Width": 12, "Actual Startup Time": 3.181, "Actual Total Time": 4.53, "Actual Rows": 2130, "Actual Loops": 591, "Index Cond": "(movie_id = at.movie_id)", "Rows Removed by Index Recheck": 0}]}, {"Node Type": "Index Scan", "Parent Relationship": "Inner", "Scan Direction": "Forward", "Index Name": "company_name_pkey", "Relation Name": "company_name", "Alias": "cn", "Startup Cost": 0.0, "Total Cost": 0.28, "Plan Rows": 1, "Plan Width": 4, "Actual Startup Time": 9.823, "Actual Total Time": 9.823, "Actual Rows": 896, "Actual Loops": 2130, "Index Cond": "(id = mc.company_id)", "Rows Removed by Index Recheck": 0, "Filter": "((country_code)::text = '[us]'::text)", "Rows Removed by Filter": 1234}]}, {"Node Type": "Materialize", "Parent Relationship": "Inner", "Startup Cost": 0.0, "Total Cost": 12.31, "Plan Rows": 3, "Plan Width": 4, "Actual Startup Time": 0.17, "Actual Total Time": 0.292, "Actual Rows": 1924, "Actual Loops": 896, "Plans": [{"Node Type": "Index Scan", "Parent Relationship": "Outer", "Scan Direction": "Forward", "Index Name": "company_type_pkey", "Relation Name": "company_type", "Alias": "ct", "Startup Cost": 0.0, "Total Cost": 12.29, "Plan Rows": 3, "Plan Width": 4, "Actual Startup Time": 0.005, "Actual Total Time": 0.008, "Actual Rows": 3, "Actual Loops": 1}]}]}, {"Node Type": "Index Scan", "Parent Relationship": "Inner", "Scan Direction": "Forward", "Index Name": "title_pkey", "Relation Name": "title", "Alias": "t", "Startup Cost": 0.0, "Total Cost": 0.34, "Plan Rows": 1, "Plan Width": 21, "Actual Startup Time": 2.103, "Actual Total Time": 2.103, "Actual Rows": 382, "Actual Loops": 382, "Index Cond": "(id = mc.movie_id)", "Rows Removed by Index Recheck": 0, "Filter": "(production_year > 1990)", "Rows Removed by Filter": 0}]}, {"Node Type": "Index Scan", "Parent Relationship": "Inner", "Scan Direction": "Forward", "Index Name": "movie_id_movie_keyword", "Relation Name": "movie_keyword", "Alias": "mk", "Startup Cost": 0.0, "Total Cost": 0.46, "Plan Rows": 8, "Plan Width": 8, "Actual Startup Time": 2.101, "Actual Total Time": 4.024, "Actual Rows": 4371, "Actual Loops": 382, "Index Cond": "(movie_id = mc.movie_id)", "Rows Removed by Index Recheck": 0}]}, {"Node Type": "Index Scan", "Parent Relationship": "Inner", "Scan Direction": "Forward", "Index Name": "keyword_pkey", "Relation Name": "keyword", "Alias": "k", "Startup Cost": 0.0, "Total Cost": 0.27, "Plan Rows": 1, "Plan Width": 4, "Actual Startup Time": 14.712, "Actual Total Time": 14.712, "Actual Rows": 4371, "Actual Loops": 4371, "Index Cond": "(id = mk.keyword_id)", "Rows Removed by Index Recheck": 0}]}]}, "Triggers": [], "Planner Runtime": 56, "Total Runtime": 1658.934, "Unique SQL Id": 2302223328}}, "(1, 46)": {"explain_plan": {"Plan": {"Node Type": "Aggregate", "Strategy": "Plain", "Startup Cost": 563702.59, "Total Cost": 563702.6, "Plan Rows": 1, "Plan Width": 102, "Plans": [{"Node Type": "Hash Join", "Parent Relationship": "Outer", "Join Type": "Inner", "Startup Cost": 484134.63, "Total Cost": 563667.38, "Plan Rows": 7042, "Plan Width": 38, "Inner Unique": true, "Hash Cond": "(mk.keyword_id = k.id)", "Plans": [{"Node Type": "Hash Join", "Parent Relationship": "Outer", "Join Type": "Inner", "Startup Cost": 480356.83, "Total Cost": 559794.14, "Plan Rows": 7042, "Plan Width": 42, "Inner Unique": false, "Hash Cond": "(mk.movie_id = t.id)", "Plans": [{"Node Type": "Seq Scan", "Parent Relationship": "Outer", "Relation Name": "movie_keyword", "Alias": "mk", "Startup Cost": 0.0, "Total Cost": 62441.29, "Plan Rows": 4523929, "Plan Width": 8}, {"Node Type": "Hash", "Parent Relationship": "Inner", "Startup Cost": 480345.92, "Total Cost": 480345.92, "Plan Rows": 873, "Plan Width": 54, "Plans": [{"Node Type": "Hash Join", "Parent Relationship": "Outer", "Join Type": "Inner", "Startup Cost": 407377.15, "Total Cost": 480345.92, "Plan Rows": 873, "Plan Width": 54, "Inner Unique": true, "Hash Cond": "(mc.company_type_id = ct.id)", "Plans": [{"Node Type": "Hash Join", "Parent Relationship": "Outer", "Join Type": "Inner", "Startup Cost": 407376.08, "Total Cost": 480332.85, "Plan Rows": 873, "Plan Width": 58, "Inner Unique": false, "Hash Cond": "(t.id = at.movie_id)", "Plans": [{"Node Type": "Seq Scan", "Parent Relationship": "Outer", "Relation Name": "title", "Alias": "t", "Startup Cost": 0.0, "Total Cost": 66389.89, "Plan Rows": 1748840, "Plan Width": 21, "Filter": "(production_year > 1990), (LLVM Optimized)"}, {"Node Type": "Hash", "Parent Relationship": "Inner", "Startup Cost": 407368.2, "Total Cost": 407368.2, "Plan Rows": 630, "Plan Width": 37, "Plans": [{"Node Type": "Hash Join", "Parent Relationship": "Outer", "Join Type": "Inner", "Startup Cost": 355739.8, "Total Cost": 407368.2, "Plan Rows": 630, "Plan Width": 37, "Inner Unique": true, "Hash Cond": "(mc.company_id = cn.id)", "Plans": [{"Node Type": "Hash Join", "Parent Relationship": "Outer", "Join Type": "Inner", "Startup Cost": 348771.72, "Total Cost": 400383.64, "Plan Rows": 1052, "Plan Width": 41, "Inner Unique": false, "Hash Cond": "(mc.movie_id = at.movie_id)", "Plans": [{"Node Type": "Seq Scan", "Parent Relationship": "Outer", "Relation Name": "movie_companies", "Alias": "mc", "Startup Cost": 0.0, "Total Cost": 41817.28, "Plan Rows": 2609128, "Plan Width": 12}, {"Node Type": "Hash", "Parent Relationship": "Inner", "Startup Cost": 348765.6, "Total Cost": 348765.6, "Plan Rows": 490, "Plan Width": 29, "Plans": [{"Node Type": "Hash Join", "Parent Relationship": "Outer", "Join Type": "Inner", "Startup Cost": 14413.1, "Total Cost": 348765.6, "Plan Rows": 490, "Plan Width": 29, "Inner Unique": false, "Hash Cond": "(mi.movie_id = at.movie_id)", "Plans": [{"Node Type": "Nested Loop", "Parent Relationship": "Outer", "Join Type": "Inner", "Startup Cost": 0.0, "Total Cost": 334332.71, "Plan Rows": 192, "Plan Width": 4, "Inner Unique": false, "Join Filter": "(it1.id = mi.info_type_id)", "Plans": [{"Node Type": "Seq Scan", "Parent Relationship": "Outer", "Relation Name": "info_type", "Alias": "it1", "Startup Cost": 0.0, "Total Cost": 2.4, "Plan Rows": 1, "Plan Width": 4, "Filter": "((info)::text = 'release dates'::text)"}, {"Node Type": "Seq Scan", "Parent Relationship": "Inner", "Relation Name": "movie_info", "Alias": "mi", "Startup Cost": 0.0, "Total Cost": 334162.58, "Plan Rows": 13419, "Plan Width": 8, "Filter": "((note)::text ~~ '%internet%'::text)"}]}, {"Node Type": "Hash", "Parent Relationship": "Inner", "Startup Cost": 9894.71, "Total Cost": 9894.71, "Plan Rows": 361471, "Plan Width": 25, "Plans": [{"Node Type": "Seq Scan", "Parent Relationship": "Outer", "Relation Name": "aka_title", "Alias": "at", "Startup Cost": 0.0, "Total Cost": 9894.71, "Plan Rows": 361471, "Plan Width": 25}]}]}]}]}, {"Node Type": "Hash", "Parent Relationship": "Inner", "Startup Cost": 5903.45, "Total Cost": 5903.45, "Plan Rows": 85170, "Plan Width": 4, "Plans": [{"Node Type": "Seq Scan", "Parent Relationship": "Outer", "Relation Name": "company_name", "Alias": "cn", "Startup Cost": 0.0, "Total Cost": 5903.45, "Plan Rows": 85170, "Plan Width": 4, "Filter": "((country_code)::text = '[us]'::text)"}]}]}]}]}, {"Node Type": "Hash", "Parent Relationship": "Inner", "Startup Cost": 1.03, "Total Cost": 1.03, "Plan Rows": 3, "Plan Width": 4, "Plans": [{"Node Type": "Seq Scan", "Parent Relationship": "Outer", "Relation Name": "company_type", "Alias": "ct", "Startup Cost": 0.0, "Total Cost": 1.03, "Plan Rows": 3, "Plan Width": 4}]}]}]}]}, {"Node Type": "Hash", "Parent Relationship": "Inner", "Startup Cost": 2100.69, "Total Cost": 2100.69, "Plan Rows": 134169, "Plan Width": 4, "Plans": [{"Node Type": "Seq Scan", "Parent Relationship": "Outer", "Relation Name": "keyword", "Alias": "k", "Startup Cost": 0.0, "Total Cost": 2100.69, "Plan Rows": 134169, "Plan Width": 4}]}]}]}, "Unique SQL Id": 2302223328, "Planner Runtime": 133}, "explain_analyze_plan": null}, "(1, 47)": {"explain_plan": {"Plan": {"Node Type": "Aggregate", "Strategy": "Plain", "Startup Cost": 9000224537706.44, "Total Cost": 9000224537706.45, "Plan Rows": 1, "Plan Width": 102, "Plans": [{"Node Type": "Nested Loop", "Parent Relationship": "Outer", "Join Type": "Inner", "Startup Cost": 90000000000.0, "Total Cost": 9000224537671.23, "Plan Rows": 7042, "Plan Width": 38, "Inner Unique": false, "Join Filter": "(t.id = at.movie_id)", "Plans": [{"Node Type": "Nested Loop", "Parent Relationship": "Outer", "Join Type": "Inner", "Startup Cost": 80000000000.0, "Total Cost": 8000201541686.61, "Plan Rows": 3874, "Plan Width": 33, "Inner Unique": true, "Join Filter": "(mk.keyword_id = k.id)", "Plans": [{"Node Type": "Nested Loop", "Parent Relationship": "Outer", "Join Type": "Inner", "Startup Cost": 70000000000.0, "Total Cost": 7000193460061.16, "Plan Rows": 3874, "Plan Width": 37, "Inner Unique": true, "Join Filter": "(mc.company_type_id = ct.id)", "Plans": [{"Node Type": "Nested Loop", "Parent Relationship": "Outer", "Join Type": "Inner", "Startup Cost": 60000000000.0, "Total Cost": 6000193458657.32, "Plan Rows": 3874, "Plan Width": 41, "Inner Unique": false, "Join Filter": "(t.id = mk.movie_id)", "Plans": [{"Node Type": "Index Scan", "Parent Relationship": "Outer", "Scan Direction": "Forward", "Index Name": "movie_id_movie_keyword", "Relation Name": "movie_keyword", "Alias": "mk", "Startup Cost": 10000000000.0, "Total Cost": 1000015300634.17, "Plan Rows": 4523929, "Plan Width": 8}, {"Node Type": "Materialize", "Parent Relationship": "Inner", "Startup Cost": 50000000000.0, "Total Cost": 5000145721453.42, "Plan Rows": 478, "Plan Width": 33, "Plans": [{"Node Type": "Nested Loop", "Parent Relationship": "Outer", "Join Type": "Inner", "Startup Cost": 50000000000.0, "Total Cost": 5000145721451.03, "Plan Rows": 478, "Plan Width": 33, "Inner Unique": true, "Join Filter": "(mc.company_id = cn.id)", "Plans": [{"Node Type": "Nested Loop", "Parent Relationship": "Outer", "Join Type": "Inner", "Startup Cost": 40000000000.0, "Total Cost": 4000143945450.73, "Plan Rows": 568, "Plan Width": 37, "Inner Unique": false, "Join Filter": "(t.id = mc.movie_id)", "Plans": [{"Node Type": "Index Scan", "Parent Relationship": "Outer", "Scan Direction": "Forward", "Index Name": "company_type_id_movie_companies", "Relation Name": "movie_companies", "Alias": "mc", "Startup Cost": 10000000000.0, "Total Cost": 1000009318217.0, "Plan Rows": 2609128, "Plan Width": 12}, {"Node Type": "Materialize", "Parent Relationship": "Inner", "Startup Cost": 30000000000.0, "Total Cost": 3000124216813.68, "Plan Rows": 266, "Plan Width": 25, "Plans": [{"Node Type": "Nested Loop", "Parent Relationship": "Outer", "Join Type": "Inner", "Startup Cost": 30000000000.0, "Total Cost": 3000124216812.35, "Plan Rows": 266, "Plan Width": 25, "Inner Unique": false, "Join Filter": "(mi.movie_id = t.id)", "Plans": [{"Node Type": "Index Scan", "Parent Relationship": "Outer", "Scan Direction": "Forward", "Index Name": "title_pkey", "Relation Name": "title", "Alias": "t", "Startup Cost": 10000000000.0, "Total Cost": 1000011644126.66, "Plan Rows": 1748840, "Plan Width": 21, "Filter": "(production_year > 1990), (LLVM Optimized)"}, {"Node Type": "Materialize", "Parent Relationship": "Inner", "Startup Cost": 20000000000.0, "Total Cost": 2000107536026.96, "Plan Rows": 192, "Plan Width": 4, "Plans": [{"Node Type": "Nested Loop", "Parent Relationship": "Outer", "Join Type": "Inner", "Startup Cost": 20000000000.0, "Total Cost": 2000107536026.0, "Plan Rows": 192, "Plan Width": 4, "Inner Unique": true, "Join Filter": "(it1.id = mi.info_type_id)", "Plans": [{"Node Type": "Index Scan", "Parent Relationship": "Outer", "Scan Direction": "Forward", "Index Name": "movie_id_movie_info", "Relation Name": "movie_info", "Alias": "mi", "Startup Cost": 10000000000.0, "Total Cost": 1000107534403.72, "Plan Rows": 13419, "Plan Width": 8, "Filter": "((note)::text ~~ '%internet%'::text)"}, {"Node Type": "Materialize", "Parent Relationship": "Inner", "Startup Cost": 10000000000.0, "Total Cost": 1000000001421.0, "Plan Rows": 1, "Plan Width": 4, "Plans": [{"Node Type": "Index Scan", "Parent Relationship": "Outer", "Scan Direction": "Forward", "Index Name": "info_type_pkey", "Relation Name": "info_type", "Alias": "it1", "Startup Cost": 10000000000.0, "Total Cost": 1000000001421.0, "Plan Rows": 1, "Plan Width": 4, "Filter": "((info)::text = 'release dates'::text)"}]}]}]}]}]}]}, {"Node Type": "Materialize", "Parent Relationship": "Inner", "Startup Cost": 10000000000.0, "Total Cost": 1000001050564.82, "Plan Rows": 85170, "Plan Width": 4, "Plans": [{"Node Type": "Index Scan", "Parent Relationship": "Outer", "Scan Direction": "Forward", "Index Name": "company_name_pkey", "Relation Name": "company_name", "Alias": "cn", "Startup Cost": 10000000000.0, "Total Cost": 1000001050138.97, "Plan Rows": 85170, "Plan Width": 4, "Filter": "((country_code)::text = '[us]'::text)"}]}]}]}]}, {"Node Type": "Materialize", "Parent Relationship": "Inner", "Startup Cost": 10000000000.0, "Total Cost": 1000000001229.52, "Plan Rows": 3, "Plan Width": 4, "Plans": [{"Node Type": "Index Scan", "Parent Relationship": "Outer", "Scan Direction": "Forward", "Index Name": "company_type_pkey", "Relation Name": "company_type", "Alias": "ct", "Startup Cost": 10000000000.0, "Total Cost": 1000000001229.5, "Plan Rows": 3, "Plan Width": 4}]}]}, {"Node Type": "Materialize", "Parent Relationship": "Inner", "Startup Cost": 10000000000.0, "Total Cost": 1000000285400.28, "Plan Rows": 134169, "Plan Width": 4, "Plans": [{"Node Type": "Index Scan", "Parent Relationship": "Outer", "Scan Direction": "Forward", "Index Name": "keyword_pkey", "Relation Name": "keyword", "Alias": "k", "Startup Cost": 10000000000.0, "Total Cost": 1000000284729.43, "Plan Rows": 134169, "Plan Width": 4}]}]}, {"Node Type": "Materialize", "Parent Relationship": "Inner", "Startup Cost": 10000000000.0, "Total Cost": 1000001991808.49, "Plan Rows": 361471, "Plan Width": 25, "Plans": [{"Node Type": "Index Scan", "Parent Relationship": "Outer", "Scan Direction": "Forward", "Index Name": "movie_id_aka_title", "Relation Name": "aka_title", "Alias": "at", "Startup Cost": 10000000000.0, "Total Cost": 1000001990001.13, "Plan Rows": 361471, "Plan Width": 25}]}]}]}, "Unique SQL Id": 2302223328, "Planner Runtime": 116}, "explain_analyze_plan": null}, "(1, 48)": {"explain_plan": {"Plan": {"Node Type": "Aggregate", "Strategy": "Plain", "Startup Cost": 166932.32, "Total Cost": 166932.33, "Plan Rows": 1, "Plan Width": 102, "Plans": [{"Node Type": "Nested Loop", "Parent Relationship": "Outer", "Join Type": "Inner", "Startup Cost": 4841.51, "Total Cost": 166898.13, "Plan Rows": 6838, "Plan Width": 38, "Inner Unique": false, "Join Filter": "(t.id = at.movie_id)", "Plans": [{"Node Type": "Nested Loop", "Parent Relationship": "Outer", "Join Type": "Inner", "Startup Cost": 4841.51, "Total Cost": 166099.52, "Plan Rows": 2257, "Plan Width": 33, "Inner Unique": true, "Plans": [{"Node Type": "Nested Loop", "Parent Relationship": "Outer", "Join Type": "Inner", "Startup Cost": 4841.51, "Total Cost": 165467.53, "Plan Rows": 2257, "Plan Width": 37, "Inner Unique": false, "Join Filter": "(t.id = mk.movie_id)", "Plans": [{"Node Type": "Nested Loop", "Parent Relationship": "Outer", "Join Type": "Inner", "Startup Cost": 4841.51, "Total Cost": 165311.18, "Plan Rows": 278, "Plan Width": 29, "Inner Unique": true, "Join Filter": "(mc.company_type_id = ct.id)", "Plans": [{"Node Type": "Nested Loop", "Parent Relationship": "Outer", "Join Type": "Inner", "Startup Cost": 4841.51, "Total Cost": 165288.64, "Plan Rows": 478, "Plan Width": 33, "Inner Unique": true, "Plans": [{"Node Type": "Nested Loop", "Parent Relationship": "Outer", "Join Type": "Inner", "Startup Cost": 4841.51, "Total Cost": 165125.25, "Plan Rows": 568, "Plan Width": 37, "Inner Unique": false, "Plans": [{"Node Type": "Nested Loop", "Parent Relationship": "Outer", "Join Type": "Inner", "Startup Cost": 4841.51, "Total Cost": 165027.39, "Plan Rows": 266, "Plan Width": 25, "Inner Unique": true, "Plans": [{"Node Type": "Nested Loop", "Parent Relationship": "Outer", "Join Type": "Inner", "Startup Cost": 4841.51, "Total Cost": 163884.08, "Plan Rows": 192, "Plan Width": 4, "Inner Unique": false, "Plans": [{"Node Type": "Seq Scan", "Parent Relationship": "Outer", "Relation Name": "info_type", "Alias": "it1", "Startup Cost": 0.0, "Total Cost": 2.4, "Plan Rows": 1, "Plan Width": 4, "Filter": "((info)::text = 'release dates'::text)"}, {"Node Type": "Bitmap Heap Scan", "Parent Relationship": "Inner", "Relation Name": "movie_info", "Alias": "mi", "Startup Cost": 4841.51, "Total Cost": 163879.76, "Plan Rows": 192, "Plan Width": 8, "Recheck Cond": "(info_type_id = it1.id)", "Filter": "((note)::text ~~ '%internet%'::text)", "Plans": [{"Node Type": "Bitmap Index Scan", "Parent Relationship": "Outer", "Index Name": "info_type_id_movie_info", "Startup Cost": 0.0, "Total Cost": 4841.46, "Plan Rows": 212428, "Plan Width": 0, "Index Cond": "(info_type_id = it1.id)"}]}]}, {"Node Type": "Index Scan", "Parent Relationship": "Inner", "Scan Direction": "Forward", "Index Name": "title_pkey", "Relation Name": "title", "Alias": "t", "Startup Cost": 0.0, "Total Cost": 5.94, "Plan Rows": 1, "Plan Width": 21, "Index Cond": "(id = mi.movie_id)", "Filter": "(production_year > 1990)"}]}, {"Node Type": "Index Scan", "Parent Relationship": "Inner", "Scan Direction": "Forward", "Index Name": "movie_id_movie_companies", "Relation Name": "movie_companies", "Alias": "mc", "Startup Cost": 0.0, "Total Cost": 0.35, "Plan Rows": 2, "Plan Width": 12, "Index Cond": "(movie_id = t.id)"}]}, {"Node Type": "Index Scan", "Parent Relationship": "Inner", "Scan Direction": "Forward", "Index Name": "company_name_pkey", "Relation Name": "company_name", "Alias": "cn", "Startup Cost": 0.0, "Total Cost": 0.28, "Plan Rows": 1, "Plan Width": 4, "Index Cond": "(id = mc.company_id)", "Filter": "((country_code)::text = '[us]'::text)"}]}, {"Node Type": "Materialize", "Parent Relationship": "Inner", "Startup Cost": 0.0, "Total Cost": 1.04, "Plan Rows": 3, "Plan Width": 4, "Plans": [{"Node Type": "Seq Scan", "Parent Relationship": "Outer", "Relation Name": "company_type", "Alias": "ct", "Startup Cost": 0.0, "Total Cost": 1.03, "Plan Rows": 3, "Plan Width": 4}]}]}, {"Node Type": "Index Scan", "Parent Relationship": "Inner", "Scan Direction": "Forward", "Index Name": "movie_id_movie_keyword", "Relation Name": "movie_keyword", "Alias": "mk", "Startup Cost": 0.0, "Total Cost": 0.46, "Plan Rows": 8, "Plan Width": 8, "Index Cond": "(movie_id = mc.movie_id)"}]}, {"Node Type": "Index Only Scan", "Parent Relationship": "Inner", "Scan Direction": "Forward", "Index Name": "keyword_pkey", "Relation Name": "keyword", "Alias": "k", "Startup Cost": 0.0, "Total Cost": 0.27, "Plan Rows": 1, "Plan Width": 4, "Index Cond": "(id = mk.keyword_id)"}]}, {"Node Type": "Index Scan", "Parent Relationship": "Inner", "Scan Direction": "Forward", "Index Name": "movie_id_aka_title", "Relation Name": "aka_title", "Alias": "at", "Startup Cost": 0.0, "Total Cost": 0.32, "Plan Rows": 3, "Plan Width": 25, "Index Cond": "(movie_id = mk.movie_id)"}]}]}, "Unique SQL Id": 2302223328, "Planner Runtime": 26}, "explain_analyze_plan": {"Plan": {"Node Type": "Aggregate", "Strategy": "Plain", "Startup Cost": 166932.32, "Total Cost": 166932.33, "Plan Rows": 1, "Plan Width": 102, "Actual Startup Time": 1837.211, "Actual Total Time": 1837.211, "Actual Rows": 1, "Actual Loops": 1, "Plans": [{"Node Type": "Nested Loop", "Parent Relationship": "Outer", "Join Type": "Inner", "Startup Cost": 4841.51, "Total Cost": 166898.13, "Plan Rows": 6838, "Plan Width": 38, "Actual Startup Time": 416.095, "Actual Total Time": 1834.336, "Actual Rows": 4371, "Actual Loops": 1, "Inner Unique": false, "Join Filter": "(t.id = at.movie_id)", "Rows Removed by Join Filter": 0, "Plans": [{"Node Type": "Nested Loop", "Parent Relationship": "Outer", "Join Type": "Inner", "Startup Cost": 4841.51, "Total Cost": 166099.52, "Plan Rows": 2257, "Plan Width": 33, "Actual Startup Time": 377.514, "Actual Total Time": 1791.309, "Actual Rows": 14161, "Actual Loops": 1, "Inner Unique": true, "Plans": [{"Node Type": "Nested Loop", "Parent Relationship": "Outer", "Join Type": "Inner", "Startup Cost": 4841.51, "Total Cost": 165467.53, "Plan Rows": 2257, "Plan Width": 37, "Actual Startup Time": 377.499, "Actual Total Time": 1741.858, "Actual Rows": 14161, "Actual Loops": 1, "Inner Unique": false, "Join Filter": "(t.id = mk.movie_id)", "Rows Removed by Join Filter": 0, "Plans": [{"Node Type": "Nested Loop", "Parent Relationship": "Outer", "Join Type": "Inner", "Startup Cost": 4841.51, "Total Cost": 165311.18, "Plan Rows": 278, "Plan Width": 29, "Actual Startup Time": 377.483, "Actual Total Time": 1700.555, "Actual Rows": 5914, "Actual Loops": 1, "Inner Unique": true, "Join Filter": "(mc.company_type_id = ct.id)", "Rows Removed by Join Filter": 11829, "Plans": [{"Node Type": "Nested Loop", "Parent Relationship": "Outer", "Join Type": "Inner", "Startup Cost": 4841.51, "Total Cost": 165288.64, "Plan Rows": 478, "Plan Width": 33, "Actual Startup Time": 377.399, "Actual Total Time": 1691.268, "Actual Rows": 9857, "Actual Loops": 1, "Inner Unique": true, "Plans": [{"Node Type": "Nested Loop", "Parent Relationship": "Outer", "Join Type": "Inner", "Startup Cost": 4841.51, "Total Cost": 165125.25, "Plan Rows": 568, "Plan Width": 37, "Actual Startup Time": 377.382, "Actual Total Time": 1614.285, "Actual Rows": 14377, "Actual Loops": 1, "Inner Unique": false, "Plans": [{"Node Type": "Nested Loop", "Parent Relationship": "Outer", "Join Type": "Inner", "Startup Cost": 4841.51, "Total Cost": 165027.39, "Plan Rows": 266, "Plan Width": 25, "Actual Startup Time": 377.368, "Actual Total Time": 1549.173, "Actual Rows": 10662, "Actual Loops": 1, "Inner Unique": true, "Plans": [{"Node Type": "Nested Loop", "Parent Relationship": "Outer", "Join Type": "Inner", "Startup Cost": 4841.51, "Total Cost": 163884.08, "Plan Rows": 192, "Plan Width": 4, "Actual Startup Time": 377.319, "Actual Total Time": 1484.114, "Actual Rows": 10679, "Actual Loops": 1, "Inner Unique": false, "Plans": [{"Node Type": "Seq Scan", "Parent Relationship": "Outer", "Relation Name": "info_type", "Alias": "it1", "Startup Cost": 0.0, "Total Cost": 2.4, "Plan Rows": 1, "Plan Width": 4, "Actual Startup Time": 0.045, "Actual Total Time": 0.077, "Actual Rows": 1, "Actual Loops": 1, "Filter": "((info)::text = 'release dates'::text)", "Rows Removed by Filter": 111}, {"Node Type": "Bitmap Heap Scan", "Parent Relationship": "Inner", "Relation Name": "movie_info", "Alias": "mi", "Startup Cost": 4841.51, "Total Cost": 163879.76, "Plan Rows": 192, "Plan Width": 8, "Actual Startup Time": 377.267, "Actual Total Time": 1481.209, "Actual Rows": 10679, "Actual Loops": 1, "Recheck Cond": "(info_type_id = it1.id)", "Rows Removed by Index Recheck": 0, "Filter": "((note)::text ~~ '%internet%'::text)", "Rows Removed by Filter": 3026040, "Exact Heap Blocks": 21947, "Lossy Heap Blocks": 21947, "Plans": [{"Node Type": "Bitmap Index Scan", "Parent Relationship": "Outer", "Index Name": "info_type_id_movie_info", "Startup Cost": 0.0, "Total Cost": 4841.46, "Plan Rows": 212428, "Plan Width": 0, "Actual Startup Time": 372.254, "Actual Total Time": 372.254, "Actual Rows": 3036719, "Actual Loops": 1, "Index Cond": "(info_type_id = it1.id)"}]}]}, {"Node Type": "Index Scan", "Parent Relationship": "Inner", "Scan Direction": "Forward", "Index Name": "title_pkey", "Relation Name": "title", "Alias": "t", "Startup Cost": 0.0, "Total Cost": 5.94, "Plan Rows": 1, "Plan Width": 21, "Actual Startup Time": 54.784, "Actual Total Time": 54.784, "Actual Rows": 10662, "Actual Loops": 10679, "Index Cond": "(id = mi.movie_id)", "Rows Removed by Index Recheck": 0, "Filter": "(production_year > 1990)", "Rows Removed by Filter": 17}]}, {"Node Type": "Index Scan", "Parent Relationship": "Inner", "Scan Direction": "Forward", "Index Name": "movie_id_movie_companies", "Relation Name": "movie_companies", "Alias": "mc", "Startup Cost": 0.0, "Total Cost": 0.35, "Plan Rows": 2, "Plan Width": 12, "Actual Startup Time": 45.258, "Actual Total Time": 55.769, "Actual Rows": 14377, "Actual Loops": 10662, "Index Cond": "(movie_id = t.id)", "Rows Removed by Index Recheck": 0}]}, {"Node Type": "Index Scan", "Parent Relationship": "Inner", "Scan Direction": "Forward", "Index Name": "company_name_pkey", "Relation Name": "company_name", "Alias": "cn", "Startup Cost": 0.0, "Total Cost": 0.28, "Plan Rows": 1, "Plan Width": 4, "Actual Startup Time": 65.504, "Actual Total Time": 65.504, "Actual Rows": 9857, "Actual Loops": 14377, "Index Cond": "(id = mc.company_id)", "Rows Removed by Index Recheck": 0, "Filter": "((country_code)::text = '[us]'::text)", "Rows Removed by Filter": 4520}]}, {"Node Type": "Materialize", "Parent Relationship": "Inner", "Startup Cost": 0.0, "Total Cost": 1.04, "Plan Rows": 3, "Plan Width": 4, "Actual Startup Time": 1.298, "Actual Total Time": 2.39, "Actual Rows": 17743, "Actual Loops": 9857, "Plans": [{"Node Type": "Seq Scan", "Parent Relationship": "Outer", "Relation Name": "company_type", "Alias": "ct", "Startup Cost": 0.0, "Total Cost": 1.03, "Plan Rows": 3, "Plan Width": 4, "Actual Startup Time": 0.012, "Actual Total Time": 0.014, "Actual Rows": 3, "Actual Loops": 1}]}]}, {"Node Type": "Index Scan", "Parent Relationship": "Inner", "Scan Direction": "Forward", "Index Name": "movie_id_movie_keyword", "Relation Name": "movie_keyword", "Alias": "mk", "Startup Cost": 0.0, "Total Cost": 0.46, "Plan Rows": 8, "Plan Width": 8, "Actual Startup Time": 25.336, "Actual Total Time": 31.763, "Actual Rows": 14161, "Actual Loops": 5914, "Index Cond": "(movie_id = mc.movie_id)", "Rows Removed by Index Recheck": 0}]}, {"Node Type": "Index Only Scan", "Parent Relationship": "Inner", "Scan Direction": "Forward", "Index Name": "keyword_pkey", "Relation Name": "keyword", "Alias": "k", "Startup Cost": 0.0, "Total Cost": 0.27, "Plan Rows": 1, "Plan Width": 4, "Actual Startup Time": 39.57, "Actual Total Time": 39.57, "Actual Rows": 14161, "Actual Loops": 14161, "Index Cond": "(id = mk.keyword_id)", "Rows Removed by Index Recheck": 0, "Heap Fetches": 0}]}, {"Node Type": "Index Scan", "Parent Relationship": "Inner", "Scan Direction": "Forward", "Index Name": "movie_id_aka_title", "Relation Name": "aka_title", "Alias": "at", "Startup Cost": 0.0, "Total Cost": 0.32, "Plan Rows": 3, "Plan Width": 25, "Actual Startup Time": 32.259, "Actual Total Time": 34.455, "Actual Rows": 4371, "Actual Loops": 14161, "Index Cond": "(movie_id = mk.movie_id)", "Rows Removed by Index Recheck": 0}]}]}, "Triggers": [], "Planner Runtime": 27, "Total Runtime": 1837.72, "Unique SQL Id": 2302223328}}, "(1, 49)": {"explain_plan": {"Plan": {"Node Type": "Aggregate", "Strategy": "Plain", "Startup Cost": 166951.4, "Total Cost": 166951.41, "Plan Rows": 1, "Plan Width": 102, "Plans": [{"Node Type": "Nested Loop", "Parent Relationship": "Outer", "Join Type": "Inner", "Startup Cost": 4841.51, "Total Cost": 166917.21, "Plan Rows": 6838, "Plan Width": 38, "Inner Unique": false, "Join Filter": "(t.id = at.movie_id)", "Plans": [{"Node Type": "Nested Loop", "Parent Relationship": "Outer", "Join Type": "Inner", "Startup Cost": 4841.51, "Total Cost": 166118.59, "Plan Rows": 2257, "Plan Width": 33, "Inner Unique": true, "Plans": [{"Node Type": "Nested Loop", "Parent Relationship": "Outer", "Join Type": "Inner", "Startup Cost": 4841.51, "Total Cost": 165486.61, "Plan Rows": 2257, "Plan Width": 37, "Inner Unique": false, "Join Filter": "(t.id = mk.movie_id)", "Plans": [{"Node Type": "Nested Loop", "Parent Relationship": "Outer", "Join Type": "Inner", "Startup Cost": 4841.51, "Total Cost": 165330.26, "Plan Rows": 278, "Plan Width": 29, "Inner Unique": true, "Join Filter": "(mc.company_type_id = ct.id)", "Plans": [{"Node Type": "Nested Loop", "Parent Relationship": "Outer", "Join Type": "Inner", "Startup Cost": 4841.51, "Total Cost": 165300.45, "Plan Rows": 478, "Plan Width": 33, "Inner Unique": true, "Plans": [{"Node Type": "Nested Loop", "Parent Relationship": "Outer", "Join Type": "Inner", "Startup Cost": 4841.51, "Total Cost": 165137.06, "Plan Rows": 568, "Plan Width": 37, "Inner Unique": false, "Plans": [{"Node Type": "Nested Loop", "Parent Relationship": "Outer", "Join Type": "Inner", "Startup Cost": 4841.51, "Total Cost": 165039.2, "Plan Rows": 266, "Plan Width": 25, "Inner Unique": true, "Plans": [{"Node Type": "Nested Loop", "Parent Relationship": "Outer", "Join Type": "Inner", "Startup Cost": 4841.51, "Total Cost": 163895.89, "Plan Rows": 192, "Plan Width": 4, "Inner Unique": false, "Plans": [{"Node Type": "Index Scan", "Parent Relationship": "Outer", "Scan Direction": "Forward", "Index Name": "info_type_pkey", "Relation Name": "info_type", "Alias": "it1", "Startup Cost": 0.0, "Total Cost": 14.21, "Plan Rows": 1, "Plan Width": 4, "Filter": "((info)::text = 'release dates'::text)"}, {"Node Type": "Bitmap Heap Scan", "Parent Relationship": "Inner", "Relation Name": "movie_info", "Alias": "mi", "Startup Cost": 4841.51, "Total Cost": 163879.76, "Plan Rows": 192, "Plan Width": 8, "Recheck Cond": "(info_type_id = it1.id)", "Filter": "((note)::text ~~ '%internet%'::text)", "Plans": [{"Node Type": "Bitmap Index Scan", "Parent Relationship": "Outer", "Index Name": "info_type_id_movie_info", "Startup Cost": 0.0, "Total Cost": 4841.46, "Plan Rows": 212428, "Plan Width": 0, "Index Cond": "(info_type_id = it1.id)"}]}]}, {"Node Type": "Index Scan", "Parent Relationship": "Inner", "Scan Direction": "Forward", "Index Name": "title_pkey", "Relation Name": "title", "Alias": "t", "Startup Cost": 0.0, "Total Cost": 5.94, "Plan Rows": 1, "Plan Width": 21, "Index Cond": "(id = mi.movie_id)", "Filter": "(production_year > 1990)"}]}, {"Node Type": "Index Scan", "Parent Relationship": "Inner", "Scan Direction": "Forward", "Index Name": "movie_id_movie_companies", "Relation Name": "movie_companies", "Alias": "mc", "Startup Cost": 0.0, "Total Cost": 0.35, "Plan Rows": 2, "Plan Width": 12, "Index Cond": "(movie_id = t.id)"}]}, {"Node Type": "Index Scan", "Parent Relationship": "Inner", "Scan Direction": "Forward", "Index Name": "company_name_pkey", "Relation Name": "company_name", "Alias": "cn", "Startup Cost": 0.0, "Total Cost": 0.28, "Plan Rows": 1, "Plan Width": 4, "Index Cond": "(id = mc.company_id)", "Filter": "((country_code)::text = '[us]'::text)"}]}, {"Node Type": "Materialize", "Parent Relationship": "Inner", "Startup Cost": 0.0, "Total Cost": 8.31, "Plan Rows": 3, "Plan Width": 4, "Plans": [{"Node Type": "Index Only Scan", "Parent Relationship": "Outer", "Scan Direction": "Forward", "Index Name": "company_type_pkey", "Relation Name": "company_type", "Alias": "ct", "Startup Cost": 0.0, "Total Cost": 8.29, "Plan Rows": 3, "Plan Width": 4}]}]}, {"Node Type": "Index Scan", "Parent Relationship": "Inner", "Scan Direction": "Forward", "Index Name": "movie_id_movie_keyword", "Relation Name": "movie_keyword", "Alias": "mk", "Startup Cost": 0.0, "Total Cost": 0.46, "Plan Rows": 8, "Plan Width": 8, "Index Cond": "(movie_id = mc.movie_id)"}]}, {"Node Type": "Index Only Scan", "Parent Relationship": "Inner", "Scan Direction": "Forward", "Index Name": "keyword_pkey", "Relation Name": "keyword", "Alias": "k", "Startup Cost": 0.0, "Total Cost": 0.27, "Plan Rows": 1, "Plan Width": 4, "Index Cond": "(id = mk.keyword_id)"}]}, {"Node Type": "Index Scan", "Parent Relationship": "Inner", "Scan Direction": "Forward", "Index Name": "movie_id_aka_title", "Relation Name": "aka_title", "Alias": "at", "Startup Cost": 0.0, "Total Cost": 0.32, "Plan Rows": 3, "Plan Width": 25, "Index Cond": "(movie_id = mk.movie_id)"}]}]}, "Unique SQL Id": 2302223328, "Planner Runtime": 26}, "explain_analyze_plan": {"Plan": {"Node Type": "Aggregate", "Strategy": "Plain", "Startup Cost": 166951.4, "Total Cost": 166951.41, "Plan Rows": 1, "Plan Width": 102, "Actual Startup Time": 2048.243, "Actual Total Time": 2048.244, "Actual Rows": 1, "Actual Loops": 1, "Plans": [{"Node Type": "Nested Loop", "Parent Relationship": "Outer", "Join Type": "Inner", "Startup Cost": 4841.51, "Total Cost": 166917.21, "Plan Rows": 6838, "Plan Width": 38, "Actual Startup Time": 543.335, "Actual Total Time": 2045.343, "Actual Rows": 4371, "Actual Loops": 1, "Inner Unique": false, "Join Filter": "(t.id = at.movie_id)", "Rows Removed by Join Filter": 0, "Plans": [{"Node Type": "Nested Loop", "Parent Relationship": "Outer", "Join Type": "Inner", "Startup Cost": 4841.51, "Total Cost": 166118.59, "Plan Rows": 2257, "Plan Width": 33, "Actual Startup Time": 504.339, "Actual Total Time": 2000.962, "Actual Rows": 14161, "Actual Loops": 1, "Inner Unique": true, "Plans": [{"Node Type": "Nested Loop", "Parent Relationship": "Outer", "Join Type": "Inner", "Startup Cost": 4841.51, "Total Cost": 165486.61, "Plan Rows": 2257, "Plan Width": 37, "Actual Startup Time": 504.327, "Actual Total Time": 1950.557, "Actual Rows": 14161, "Actual Loops": 1, "Inner Unique": false, "Join Filter": "(t.id = mk.movie_id)", "Rows Removed by Join Filter": 0, "Plans": [{"Node Type": "Nested Loop", "Parent Relationship": "Outer", "Join Type": "Inner", "Startup Cost": 4841.51, "Total Cost": 165330.26, "Plan Rows": 278, "Plan Width": 29, "Actual Startup Time": 504.309, "Actual Total Time": 1906.019, "Actual Rows": 5914, "Actual Loops": 1, "Inner Unique": true, "Join Filter": "(mc.company_type_id = ct.id)", "Rows Removed by Join Filter": 11829, "Plans": [{"Node Type": "Nested Loop", "Parent Relationship": "Outer", "Join Type": "Inner", "Startup Cost": 4841.51, "Total Cost": 165300.45, "Plan Rows": 478, "Plan Width": 33, "Actual Startup Time": 504.22, "Actual Total Time": 1896.902, "Actual Rows": 9857, "Actual Loops": 1, "Inner Unique": true, "Plans": [{"Node Type": "Nested Loop", "Parent Relationship": "Outer", "Join Type": "Inner", "Startup Cost": 4841.51, "Total Cost": 165137.06, "Plan Rows": 568, "Plan Width": 37, "Actual Startup Time": 504.2, "Actual Total Time": 1814.295, "Actual Rows": 14377, "Actual Loops": 1, "Inner Unique": false, "Plans": [{"Node Type": "Nested Loop", "Parent Relationship": "Outer", "Join Type": "Inner", "Startup Cost": 4841.51, "Total Cost": 165039.2, "Plan Rows": 266, "Plan Width": 25, "Actual Startup Time": 504.185, "Actual Total Time": 1740.557, "Actual Rows": 10662, "Actual Loops": 1, "Inner Unique": true, "Plans": [{"Node Type": "Nested Loop", "Parent Relationship": "Outer", "Join Type": "Inner", "Startup Cost": 4841.51, "Total Cost": 163895.89, "Plan Rows": 192, "Plan Width": 4, "Actual Startup Time": 504.132, "Actual Total Time": 1668.262, "Actual Rows": 10679, "Actual Loops": 1, "Inner Unique": false, "Plans": [{"Node Type": "Index Scan", "Parent Relationship": "Outer", "Scan Direction": "Forward", "Index Name": "info_type_pkey", "Relation Name": "info_type", "Alias": "it1", "Startup Cost": 0.0, "Total Cost": 14.21, "Plan Rows": 1, "Plan Width": 4, "Actual Startup Time": 0.04, "Actual Total Time": 0.095, "Actual Rows": 1, "Actual Loops": 1, "Filter": "((info)::text = 'release dates'::text)", "Rows Removed by Filter": 111}, {"Node Type": "Bitmap Heap Scan", "Parent Relationship": "Inner", "Relation Name": "movie_info", "Alias": "mi", "Startup Cost": 4841.51, "Total Cost": 163879.76, "Plan Rows": 192, "Plan Width": 8, "Actual Startup Time": 504.082, "Actual Total Time": 1665.574, "Actual Rows": 10679, "Actual Loops": 1, "Recheck Cond": "(info_type_id = it1.id)", "Rows Removed by Index Recheck": 0, "Filter": "((note)::text ~~ '%internet%'::text)", "Rows Removed by Filter": 3026040, "Exact Heap Blocks": 21947, "Lossy Heap Blocks": 21947, "Plans": [{"Node Type": "Bitmap Index Scan", "Parent Relationship": "Outer", "Index Name": "info_type_id_movie_info", "Startup Cost": 0.0, "Total Cost": 4841.46, "Plan Rows": 212428, "Plan Width": 0, "Actual Startup Time": 498.978, "Actual Total Time": 498.978, "Actual Rows": 3036719, "Actual Loops": 1, "Index Cond": "(info_type_id = it1.id)"}]}]}, {"Node Type": "Index Scan", "Parent Relationship": "Inner", "Scan Direction": "Forward", "Index Name": "title_pkey", "Relation Name": "title", "Alias": "t", "Startup Cost": 0.0, "Total Cost": 5.94, "Plan Rows": 1, "Plan Width": 21, "Actual Startup Time": 62.309, "Actual Total Time": 62.309, "Actual Rows": 10662, "Actual Loops": 10679, "Index Cond": "(id = mi.movie_id)", "Rows Removed by Index Recheck": 0, "Filter": "(production_year > 1990)", "Rows Removed by Filter": 17}]}, {"Node Type": "Index Scan", "Parent Relationship": "Inner", "Scan Direction": "Forward", "Index Name": "movie_id_movie_companies", "Relation Name": "movie_companies", "Alias": "mc", "Startup Cost": 0.0, "Total Cost": 0.35, "Plan Rows": 2, "Plan Width": 12, "Actual Startup Time": 52.928, "Actual Total Time": 64.416, "Actual Rows": 14377, "Actual Loops": 10662, "Index Cond": "(movie_id = t.id)", "Rows Removed by Index Recheck": 0}]}, {"Node Type": "Index Scan", "Parent Relationship": "Inner", "Scan Direction": "Forward", "Index Name": "company_name_pkey", "Relation Name": "company_name", "Alias": "cn", "Startup Cost": 0.0, "Total Cost": 0.28, "Plan Rows": 1, "Plan Width": 4, "Actual Startup Time": 71.558, "Actual Total Time": 71.558, "Actual Rows": 9857, "Actual Loops": 14377, "Index Cond": "(id = mc.company_id)", "Rows Removed by Index Recheck": 0, "Filter": "((country_code)::text = '[us]'::text)", "Rows Removed by Filter": 4520}]}, {"Node Type": "Materialize", "Parent Relationship": "Inner", "Startup Cost": 0.0, "Total Cost": 8.31, "Plan Rows": 3, "Plan Width": 4, "Actual Startup Time": 1.251, "Actual Total Time": 2.345, "Actual Rows": 17743, "Actual Loops": 9857, "Plans": [{"Node Type": "Index Only Scan", "Parent Relationship": "Outer", "Scan Direction": "Forward", "Index Name": "company_type_pkey", "Relation Name": "company_type", "Alias": "ct", "Startup Cost": 0.0, "Total Cost": 8.29, "Plan Rows": 3, "Plan Width": 4, "Actual Startup Time": 0.006, "Actual Total Time": 0.014, "Actual Rows": 3, "Actual Loops": 1, "Heap Fetches": 0}]}]}, {"Node Type": "Index Scan", "Parent Relationship": "Inner", "Scan Direction": "Forward", "Index Name": "movie_id_movie_keyword", "Relation Name": "movie_keyword", "Alias": "mk", "Startup Cost": 0.0, "Total Cost": 0.46, "Plan Rows": 8, "Plan Width": 8, "Actual Startup Time": 28.874, "Actual Total Time": 35.425, "Actual Rows": 14161, "Actual Loops": 5914, "Index Cond": "(movie_id = mc.movie_id)", "Rows Removed by Index Recheck": 0}]}, {"Node Type": "Index Only Scan", "Parent Relationship": "Inner", "Scan Direction": "Forward", "Index Name": "keyword_pkey", "Relation Name": "keyword", "Alias": "k", "Startup Cost": 0.0, "Total Cost": 0.27, "Plan Rows": 1, "Plan Width": 4, "Actual Startup Time": 40.427, "Actual Total Time": 40.427, "Actual Rows": 14161, "Actual Loops": 14161, "Index Cond": "(id = mk.keyword_id)", "Rows Removed by Index Recheck": 0, "Heap Fetches": 0}]}, {"Node Type": "Index Scan", "Parent Relationship": "Inner", "Scan Direction": "Forward", "Index Name": "movie_id_aka_title", "Relation Name": "aka_title", "Alias": "at", "Startup Cost": 0.0, "Total Cost": 0.32, "Plan Rows": 3, "Plan Width": 25, "Actual Startup Time": 32.931, "Actual Total Time": 35.126, "Actual Rows": 4371, "Actual Loops": 14161, "Index Cond": "(movie_id = mk.movie_id)", "Rows Removed by Index Recheck": 0}]}]}, "Triggers": [], "Planner Runtime": 25, "Total Runtime": 2048.853, "Unique SQL Id": 2302223328}}, "(1, 50)": {"explain_plan": {"Plan": {"Node Type": "Aggregate", "Strategy": "Plain", "Startup Cost": 189327.28, "Total Cost": 189327.29, "Plan Rows": 1, "Plan Width": 102, "Plans": [{"Node Type": "Nested Loop", "Parent Relationship": "Outer", "Join Type": "Inner", "Startup Cost": 4845.53, "Total Cost": 189293.09, "Plan Rows": 6838, "Plan Width": 38, "Inner Unique": false, "Join Filter": "(t.id = at.movie_id)", "Plans": [{"Node Type": "Nested Loop", "Parent Relationship": "Outer", "Join Type": "Inner", "Startup Cost": 4845.25, "Total Cost": 179477.32, "Plan Rows": 2257, "Plan Width": 33, "Inner Unique": true, "Plans": [{"Node Type": "Nested Loop", "Parent Relationship": "Outer", "Join Type": "Inner", "Startup Cost": 4844.99, "Total Cost": 169816.77, "Plan Rows": 2257, "Plan Width": 37, "Inner Unique": false, "Join Filter": "(t.id = mk.movie_id)", "Plans": [{"Node Type": "Nested Loop", "Parent Relationship": "Outer", "Join Type": "Inner", "Startup Cost": 4844.66, "Total Cost": 168555.2, "Plan Rows": 278, "Plan Width": 29, "Inner Unique": true, "Join Filter": "(mi.movie_id = t.id)", "Plans": [{"Node Type": "Nested Loop", "Parent Relationship": "Outer", "Join Type": "Inner", "Startup Cost": 4844.38, "Total Cost": 167691.01, "Plan Rows": 201, "Plan Width": 8, "Inner Unique": true, "Join Filter": "(mc.company_type_id = ct.id)", "Plans": [{"Node Type": "Nested Loop", "Parent Relationship": "Outer", "Join Type": "Inner", "Startup Cost": 4844.38, "Total Cost": 167674.45, "Plan Rows": 345, "Plan Width": 12, "Inner Unique": true, "Plans": [{"Node Type": "Nested Loop", "Parent Relationship": "Outer", "Join Type": "Inner", "Startup Cost": 4844.13, "Total Cost": 165918.27, "Plan Rows": 410, "Plan Width": 16, "Inner Unique": false, "Plans": [{"Node Type": "Nested Loop", "Parent Relationship": "Outer", "Join Type": "Inner", "Startup Cost": 4841.51, "Total Cost": 163884.08, "Plan Rows": 192, "Plan Width": 4, "Inner Unique": false, "Plans": [{"Node Type": "Seq Scan", "Parent Relationship": "Outer", "Relation Name": "info_type", "Alias": "it1", "Startup Cost": 0.0, "Total Cost": 2.4, "Plan Rows": 1, "Plan Width": 4, "Filter": "((info)::text = 'release dates'::text)"}, {"Node Type": "Bitmap Heap Scan", "Parent Relationship": "Inner", "Relation Name": "movie_info", "Alias": "mi", "Startup Cost": 4841.51, "Total Cost": 163879.76, "Plan Rows": 192, "Plan Width": 8, "Recheck Cond": "(info_type_id = it1.id)", "Filter": "((note)::text ~~ '%internet%'::text)", "Plans": [{"Node Type": "Bitmap Index Scan", "Parent Relationship": "Outer", "Index Name": "info_type_id_movie_info", "Startup Cost": 0.0, "Total Cost": 4841.46, "Plan Rows": 212428, "Plan Width": 0, "Index Cond": "(info_type_id = it1.id)"}]}]}, {"Node Type": "Bitmap Heap Scan", "Parent Relationship": "Inner", "Relation Name": "movie_companies", "Alias": "mc", "Startup Cost": 2.62, "Total Cost": 10.57, "Plan Rows": 2, "Plan Width": 12, "Recheck Cond": "(movie_id = mi.movie_id)", "Plans": [{"Node Type": "Bitmap Index Scan", "Parent Relationship": "Outer", "Index Name": "movie_id_movie_companies", "Startup Cost": 0.0, "Total Cost": 2.62, "Plan Rows": 2, "Plan Width": 0, "Index Cond": "(movie_id = mi.movie_id)"}]}]}, {"Node Type": "Bitmap Heap Scan", "Parent Relationship": "Inner", "Relation Name": "company_name", "Alias": "cn", "Startup Cost": 0.26, "Total Cost": 4.27, "Plan Rows": 1, "Plan Width": 4, "Recheck Cond": "(id = mc.company_id)", "Filter": "((country_code)::text = '[us]'::text)", "Plans": [{"Node Type": "Bitmap Index Scan", "Parent Relationship": "Outer", "Index Name": "company_name_pkey", "Startup Cost": 0.0, "Total Cost": 0.26, "Plan Rows": 1, "Plan Width": 0, "Index Cond": "(id = mc.company_id)"}]}]}, {"Node Type": "Materialize", "Parent Relationship": "Inner", "Startup Cost": 0.0, "Total Cost": 1.04, "Plan Rows": 3, "Plan Width": 4, "Plans": [{"Node Type": "Seq Scan", "Parent Relationship": "Outer", "Relation Name": "company_type", "Alias": "ct", "Startup Cost": 0.0, "Total Cost": 1.03, "Plan Rows": 3, "Plan Width": 4}]}]}, {"Node Type": "Bitmap Heap Scan", "Parent Relationship": "Inner", "Relation Name": "title", "Alias": "t", "Startup Cost": 0.27, "Total Cost": 4.29, "Plan Rows": 1, "Plan Width": 21, "Recheck Cond": "(id = mc.movie_id)", "Filter": "(production_year > 1990)", "Plans": [{"Node Type": "Bitmap Index Scan", "Parent Relationship": "Outer", "Index Name": "title_pkey", "Startup Cost": 0.0, "Total Cost": 0.27, "Plan Rows": 1, "Plan Width": 0, "Index Cond": "(id = mc.movie_id)"}]}]}, {"Node Type": "Bitmap Heap Scan", "Parent Relationship": "Inner", "Relation Name": "movie_keyword", "Alias": "mk", "Startup Cost": 0.34, "Total Cost": 4.44, "Plan Rows": 8, "Plan Width": 8, "Recheck Cond": "(movie_id = mc.movie_id)", "Plans": [{"Node Type": "Bitmap Index Scan", "Parent Relationship": "Outer", "Index Name": "movie_id_movie_keyword", "Startup Cost": 0.0, "Total Cost": 0.34, "Plan Rows": 8, "Plan Width": 0, "Index Cond": "(movie_id = mc.movie_id)"}]}]}, {"Node Type": "Bitmap Heap Scan", "Parent Relationship": "Inner", "Relation Name": "keyword", "Alias": "k", "Startup Cost": 0.26, "Total Cost": 4.27, "Plan Rows": 1, "Plan Width": 4, "Recheck Cond": "(id = mk.keyword_id)", "Plans": [{"Node Type": "Bitmap Index Scan", "Parent Relationship": "Outer", "Index Name": "keyword_pkey", "Startup Cost": 0.0, "Total Cost": 0.26, "Plan Rows": 1, "Plan Width": 0, "Index Cond": "(id = mk.keyword_id)"}]}]}, {"Node Type": "Bitmap Heap Scan", "Parent Relationship": "Inner", "Relation Name": "aka_title", "Alias": "at", "Startup Cost": 0.27, "Total Cost": 4.31, "Plan Rows": 3, "Plan Width": 25, "Recheck Cond": "(movie_id = mk.movie_id)", "Plans": [{"Node Type": "Bitmap Index Scan", "Parent Relationship": "Outer", "Index Name": "movie_id_aka_title", "Startup Cost": 0.0, "Total Cost": 0.27, "Plan Rows": 3, "Plan Width": 0, "Index Cond": "(movie_id = mk.movie_id)"}]}]}]}, "Unique SQL Id": 2302223328, "Planner Runtime": 39}, "explain_analyze_plan": {"Plan": {"Node Type": "Aggregate", "Strategy": "Plain", "Startup Cost": 189327.28, "Total Cost": 189327.29, "Plan Rows": 1, "Plan Width": 102, "Actual Startup Time": 1988.618, "Actual Total Time": 1988.618, "Actual Rows": 1, "Actual Loops": 1, "Plans": [{"Node Type": "Nested Loop", "Parent Relationship": "Outer", "Join Type": "Inner", "Startup Cost": 4845.53, "Total Cost": 189293.09, "Plan Rows": 6838, "Plan Width": 38, "Actual Startup Time": 419.128, "Actual Total Time": 1985.412, "Actual Rows": 4371, "Actual Loops": 1, "Inner Unique": false, "Join Filter": "(t.id = at.movie_id)", "Rows Removed by Join Filter": 0, "Plans": [{"Node Type": "Nested Loop", "Parent Relationship": "Outer", "Join Type": "Inner", "Startup Cost": 4845.25, "Total Cost": 179477.32, "Plan Rows": 2257, "Plan Width": 33, "Actual Startup Time": 378.29, "Actual Total Time": 1921.319, "Actual Rows": 14161, "Actual Loops": 1, "Inner Unique": true, "Plans": [{"Node Type": "Nested Loop", "Parent Relationship": "Outer", "Join Type": "Inner", "Startup Cost": 4844.99, "Total Cost": 169816.77, "Plan Rows": 2257, "Plan Width": 37, "Actual Startup Time": 378.275, "Actual Total Time": 1834.528, "Actual Rows": 14161, "Actual Loops": 1, "Inner Unique": false, "Join Filter": "(t.id = mk.movie_id)", "Rows Removed by Join Filter": 0, "Plans": [{"Node Type": "Nested Loop", "Parent Relationship": "Outer", "Join Type": "Inner", "Startup Cost": 4844.66, "Total Cost": 168555.2, "Plan Rows": 278, "Plan Width": 29, "Actual Startup Time": 378.256, "Actual Total Time": 1785.234, "Actual Rows": 5914, "Actual Loops": 1, "Inner Unique": true, "Join Filter": "(mi.movie_id = t.id)", "Rows Removed by Join Filter": 0, "Plans": [{"Node Type": "Nested Loop", "Parent Relationship": "Outer", "Join Type": "Inner", "Startup Cost": 4844.38, "Total Cost": 167691.01, "Plan Rows": 201, "Plan Width": 8, "Actual Startup Time": 378.233, "Actual Total Time": 1735.175, "Actual Rows": 5916, "Actual Loops": 1, "Inner Unique": true, "Join Filter": "(mc.company_type_id = ct.id)", "Rows Removed by Join Filter": 11874, "Plans": [{"Node Type": "Nested Loop", "Parent Relationship": "Outer", "Join Type": "Inner", "Startup Cost": 4844.38, "Total Cost": 167674.45, "Plan Rows": 345, "Plan Width": 12, "Actual Startup Time": 378.145, "Actual Total Time": 1724.949, "Actual Rows": 9874, "Actual Loops": 1, "Inner Unique": true, "Plans": [{"Node Type": "Nested Loop", "Parent Relationship": "Outer", "Join Type": "Inner", "Startup Cost": 4844.13, "Total Cost": 165918.27, "Plan Rows": 410, "Plan Width": 16, "Actual Startup Time": 378.121, "Actual Total Time": 1621.269, "Actual Rows": 14401, "Actual Loops": 1, "Inner Unique": false, "Plans": [{"Node Type": "Nested Loop", "Parent Relationship": "Outer", "Join Type": "Inner", "Startup Cost": 4841.51, "Total Cost": 163884.08, "Plan Rows": 192, "Plan Width": 4, "Actual Startup Time": 378.027, "Actual Total Time": 1523.335, "Actual Rows": 10679, "Actual Loops": 1, "Inner Unique": false, "Plans": [{"Node Type": "Seq Scan", "Parent Relationship": "Outer", "Relation Name": "info_type", "Alias": "it1", "Startup Cost": 0.0, "Total Cost": 2.4, "Plan Rows": 1, "Plan Width": 4, "Actual Startup Time": 0.058, "Actual Total Time": 0.105, "Actual Rows": 1, "Actual Loops": 1, "Filter": "((info)::text = 'release dates'::text)", "Rows Removed by Filter": 111}, {"Node Type": "Bitmap Heap Scan", "Parent Relationship": "Inner", "Relation Name": "movie_info", "Alias": "mi", "Startup Cost": 4841.51, "Total Cost": 163879.76, "Plan Rows": 192, "Plan Width": 8, "Actual Startup Time": 377.961, "Actual Total Time": 1520.445, "Actual Rows": 10679, "Actual Loops": 1, "Recheck Cond": "(info_type_id = it1.id)", "Rows Removed by Index Recheck": 0, "Filter": "((note)::text ~~ '%internet%'::text)", "Rows Removed by Filter": 3026040, "Exact Heap Blocks": 21947, "Lossy Heap Blocks": 21947, "Plans": [{"Node Type": "Bitmap Index Scan", "Parent Relationship": "Outer", "Index Name": "info_type_id_movie_info", "Startup Cost": 0.0, "Total Cost": 4841.46, "Plan Rows": 212428, "Plan Width": 0, "Actual Startup Time": 373.03, "Actual Total Time": 373.03, "Actual Rows": 3036719, "Actual Loops": 1, "Index Cond": "(info_type_id = it1.id)"}]}]}, {"Node Type": "Bitmap Heap Scan", "Parent Relationship": "Inner", "Relation Name": "movie_companies", "Alias": "mc", "Startup Cost": 2.62, "Total Cost": 10.57, "Plan Rows": 2, "Plan Width": 12, "Actual Startup Time": 70.313, "Actual Total Time": 79.558, "Actual Rows": 14401, "Actual Loops": 10679, "Recheck Cond": "(movie_id = mi.movie_id)", "Rows Removed by Index Recheck": 0, "Exact Heap Blocks": 11702, "Lossy Heap Blocks": 11702, "Plans": [{"Node Type": "Bitmap Index Scan", "Parent Relationship": "Outer", "Index Name": "movie_id_movie_companies", "Startup Cost": 0.0, "Total Cost": 2.62, "Plan Rows": 2, "Plan Width": 0, "Actual Startup Time": 44.782, "Actual Total Time": 44.782, "Actual Rows": 14401, "Actual Loops": 10679, "Index Cond": "(movie_id = mi.movie_id)"}]}]}, {"Node Type": "Bitmap Heap Scan", "Parent Relationship": "Inner", "Relation Name": "company_name", "Alias": "cn", "Startup Cost": 0.26, "Total Cost": 4.27, "Plan Rows": 1, "Plan Width": 4, "Actual Startup Time": 84.446, "Actual Total Time": 84.446, "Actual Rows": 9874, "Actual Loops": 14401, "Recheck Cond": "(id = mc.company_id)", "Rows Removed by Index Recheck": 0, "Filter": "((country_code)::text = '[us]'::text)", "Rows Removed by Filter": 4527, "Exact Heap Blocks": 14401, "Lossy Heap Blocks": 14401, "Plans": [{"Node Type": "Bitmap Index Scan", "Parent Relationship": "Outer", "Index Name": "company_name_pkey", "Startup Cost": 0.0, "Total Cost": 0.26, "Plan Rows": 1, "Plan Width": 0, "Actual Startup Time": 46.563, "Actual Total Time": 46.563, "Actual Rows": 14401, "Actual Loops": 14401, "Index Cond": "(id = mc.company_id)"}]}]}, {"Node Type": "Materialize", "Parent Relationship": "Inner", "Startup Cost": 0.0, "Total Cost": 1.04, "Plan Rows": 3, "Plan Width": 4, "Actual Startup Time": 1.414, "Actual Total Time": 2.513, "Actual Rows": 17790, "Actual Loops": 9874, "Plans": [{"Node Type": "Seq Scan", "Parent Relationship": "Outer", "Relation Name": "company_type", "Alias": "ct", "Startup Cost": 0.0, "Total Cost": 1.03, "Plan Rows": 3, "Plan Width": 4, "Actual Startup Time": 0.012, "Actual Total Time": 0.015, "Actual Rows": 3, "Actual Loops": 1}]}]}, {"Node Type": "Bitmap Heap Scan", "Parent Relationship": "Inner", "Relation Name": "title", "Alias": "t", "Startup Cost": 0.27, "Total Cost": 4.29, "Plan Rows": 1, "Plan Width": 21, "Actual Startup Time": 39.513, "Actual Total Time": 39.513, "Actual Rows": 5914, "Actual Loops": 5916, "Recheck Cond": "(id = mc.movie_id)", "Rows Removed by Index Recheck": 0, "Filter": "(production_year > 1990)", "Rows Removed by Filter": 2, "Exact Heap Blocks": 5916, "Lossy Heap Blocks": 5916, "Plans": [{"Node Type": "Bitmap Index Scan", "Parent Relationship": "Outer", "Index Name": "title_pkey", "Startup Cost": 0.0, "Total Cost": 0.27, "Plan Rows": 1, "Plan Width": 0, "Actual Startup Time": 22.464, "Actual Total Time": 22.464, "Actual Rows": 5916, "Actual Loops": 5916, "Index Cond": "(id = mc.movie_id)"}]}]}, {"Node Type": "Bitmap Heap Scan", "Parent Relationship": "Inner", "Relation Name": "movie_keyword", "Alias": "mk", "Startup Cost": 0.34, "Total Cost": 4.44, "Plan Rows": 8, "Plan Width": 8, "Actual Startup Time": 33.463, "Actual Total Time": 35.61, "Actual Rows": 14161, "Actual Loops": 5914, "Recheck Cond": "(movie_id = mc.movie_id)", "Rows Removed by Index Recheck": 0, "Exact Heap Blocks": 1896, "Lossy Heap Blocks": 1896, "Plans": [{"Node Type": "Bitmap Index Scan", "Parent Relationship": "Outer", "Index Name": "movie_id_movie_keyword", "Startup Cost": 0.0, "Total Cost": 0.34, "Plan Rows": 8, "Plan Width": 0, "Actual Startup Time": 24.355, "Actual Total Time": 24.355, "Actual Rows": 14161, "Actual Loops": 5914, "Index Cond": "(movie_id = mc.movie_id)"}]}]}, {"Node Type": "Bitmap Heap Scan", "Parent Relationship": "Inner", "Relation Name": "keyword", "Alias": "k", "Startup Cost": 0.26, "Total Cost": 4.27, "Plan Rows": 1, "Plan Width": 4, "Actual Startup Time": 67.963, "Actual Total Time": 67.963, "Actual Rows": 14161, "Actual Loops": 14161, "Recheck Cond": "(id = mk.keyword_id)", "Rows Removed by Index Recheck": 0, "Exact Heap Blocks": 14161, "Lossy Heap Blocks": 14161, "Plans": [{"Node Type": "Bitmap Index Scan", "Parent Relationship": "Outer", "Index Name": "keyword_pkey", "Startup Cost": 0.0, "Total Cost": 0.26, "Plan Rows": 1, "Plan Width": 0, "Actual Startup Time": 42.373, "Actual Total Time": 42.373, "Actual Rows": 14161, "Actual Loops": 14161, "Index Cond": "(id = mk.keyword_id)"}]}]}, {"Node Type": "Bitmap Heap Scan", "Parent Relationship": "Inner", "Relation Name": "aka_title", "Alias": "at", "Startup Cost": 0.27, "Total Cost": 4.31, "Plan Rows": 3, "Plan Width": 25, "Actual Startup Time": 44.043, "Actual Total Time": 45.807, "Actual Rows": 4371, "Actual Loops": 14161, "Recheck Cond": "(movie_id = mk.movie_id)", "Rows Removed by Index Recheck": 0, "Exact Heap Blocks": 4371, "Lossy Heap Blocks": 4371, "Plans": [{"Node Type": "Bitmap Index Scan", "Parent Relationship": "Outer", "Index Name": "movie_id_aka_title", "Startup Cost": 0.0, "Total Cost": 0.27, "Plan Rows": 3, "Plan Width": 0, "Actual Startup Time": 33.351, "Actual Total Time": 33.351, "Actual Rows": 4371, "Actual Loops": 14161, "Index Cond": "(movie_id = mk.movie_id)"}]}]}]}, "Triggers": [], "Planner Runtime": 39, "Total Runtime": 1989.253, "Unique SQL Id": 2302223328}}, "(1, 51)": {"explain_plan": {"Plan": {"Node Type": "Aggregate", "Strategy": "Plain", "Startup Cost": 1000003999861.48, "Total Cost": 1000003999861.49, "Plan Rows": 1, "Plan Width": 102, "Plans": [{"Node Type": "Nested Loop", "Parent Relationship": "Outer", "Join Type": "Inner", "Startup Cost": 10000000002.92, "Total Cost": 1000003999827.29, "Plan Rows": 6838, "Plan Width": 38, "Inner Unique": true, "Join Filter": "(at.movie_id = t.id)", "Plans": [{"Node Type": "Nested Loop", "Parent Relationship": "Outer", "Join Type": "Inner", "Startup Cost": 10000000002.66, "Total Cost": 1000003978634.91, "Plan Rows": 4936, "Plan Width": 37, "Inner Unique": true, "Plans": [{"Node Type": "Nested Loop", "Parent Relationship": "Outer", "Join Type": "Inner", "Startup Cost": 10000000002.4, "Total Cost": 1000003957088.08, "Plan Rows": 5034, "Plan Width": 41, "Inner Unique": false, "Join Filter": "(at.movie_id = mk.movie_id)", "Plans": [{"Node Type": "Nested Loop", "Parent Relationship": "Outer", "Join Type": "Inner", "Startup Cost": 10000000002.06, "Total Cost": 1000003954256.35, "Plan Rows": 624, "Plan Width": 33, "Inner Unique": true, "Plans": [{"Node Type": "Nested Loop", "Parent Relationship": "Outer", "Join Type": "Inner", "Startup Cost": 10000000001.8, "Total Cost": 1000003951585.47, "Plan Rows": 624, "Plan Width": 37, "Inner Unique": true, "Plans": [{"Node Type": "Nested Loop", "Parent Relationship": "Outer", "Join Type": "Inner", "Startup Cost": 10000000001.55, "Total Cost": 1000003947079.38, "Plan Rows": 1052, "Plan Width": 41, "Inner Unique": false, "Plans": [{"Node Type": "Nested Loop", "Parent Relationship": "Outer", "Join Type": "Inner", "Startup Cost": 10000000001.17, "Total Cost": 1000003944915.32, "Plan Rows": 490, "Plan Width": 29, "Inner Unique": true, "Plans": [{"Node Type": "Nested Loop", "Parent Relationship": "Outer", "Join Type": "Inner", "Startup Cost": 10000000000.92, "Total Cost": 1000003797919.45, "Plan Rows": 34318, "Plan Width": 33, "Inner Unique": false, "Plans": [{"Node Type": "Index Scan", "Parent Relationship": "Outer", "Scan Direction": "Forward", "Index Name": "movie_id_aka_title", "Relation Name": "aka_title", "Alias": "at", "Startup Cost": 10000000000.0, "Total Cost": 1000001990001.13, "Plan Rows": 361471, "Plan Width": 25}, {"Node Type": "Bitmap Heap Scan", "Parent Relationship": "Inner", "Relation Name": "movie_info", "Alias": "mi", "Startup Cost": 0.92, "Total Cost": 4.99, "Plan Rows": 1, "Plan Width": 8, "Recheck Cond": "(movie_id = at.movie_id)", "Filter": "((note)::text ~~ '%internet%'::text)", "Plans": [{"Node Type": "Bitmap Index Scan", "Parent Relationship": "Outer", "Index Name": "movie_id_movie_info", "Startup Cost": 0.0, "Total Cost": 0.92, "Plan Rows": 5, "Plan Width": 0, "Index Cond": "(movie_id = at.movie_id)"}]}]}, {"Node Type": "Bitmap Heap Scan", "Parent Relationship": "Inner", "Relation Name": "info_type", "Alias": "it1", "Startup Cost": 0.26, "Total Cost": 4.27, "Plan Rows": 1, "Plan Width": 4, "Recheck Cond": "(id = mi.info_type_id)", "Filter": "((info)::text = 'release dates'::text)", "Plans": [{"Node Type": "Bitmap Index Scan", "Parent Relationship": "Outer", "Index Name": "info_type_pkey", "Startup Cost": 0.0, "Total Cost": 0.26, "Plan Rows": 1, "Plan Width": 0, "Index Cond": "(id = mi.info_type_id)"}]}]}, {"Node Type": "Bitmap Heap Scan", "Parent Relationship": "Inner", "Relation Name": "movie_companies", "Alias": "mc", "Startup Cost": 0.37, "Total Cost": 4.4, "Plan Rows": 2, "Plan Width": 12, "Recheck Cond": "(movie_id = at.movie_id)", "Plans": [{"Node Type": "Bitmap Index Scan", "Parent Relationship": "Outer", "Index Name": "movie_id_movie_companies", "Startup Cost": 0.0, "Total Cost": 0.37, "Plan Rows": 2, "Plan Width": 0, "Index Cond": "(movie_id = at.movie_id)"}]}]}, {"Node Type": "Bitmap Heap Scan", "Parent Relationship": "Inner", "Relation Name": "company_name", "Alias": "cn", "Startup Cost": 0.26, "Total Cost": 4.27, "Plan Rows": 1, "Plan Width": 4, "Recheck Cond": "(id = mc.company_id)", "Filter": "((country_code)::text = '[us]'::text)", "Plans": [{"Node Type": "Bitmap Index Scan", "Parent Relationship": "Outer", "Index Name": "company_name_pkey", "Startup Cost": 0.0, "Total Cost": 0.26, "Plan Rows": 1, "Plan Width": 0, "Index Cond": "(id = mc.company_id)"}]}]}, {"Node Type": "Bitmap Heap Scan", "Parent Relationship": "Inner", "Relation Name": "company_type", "Alias": "ct", "Startup Cost": 0.26, "Total Cost": 4.27, "Plan Rows": 1, "Plan Width": 4, "Recheck Cond": "(id = mc.company_type_id)", "Plans": [{"Node Type": "Bitmap Index Scan", "Parent Relationship": "Outer", "Index Name": "company_type_pkey", "Startup Cost": 0.0, "Total Cost": 0.26, "Plan Rows": 1, "Plan Width": 0, "Index Cond": "(id = mc.company_type_id)"}]}]}, {"Node Type": "Bitmap Heap Scan", "Parent Relationship": "Inner", "Relation Name": "movie_keyword", "Alias": "mk", "Startup Cost": 0.34, "Total Cost": 4.44, "Plan Rows": 8, "Plan Width": 8, "Recheck Cond": "(movie_id = mc.movie_id)", "Plans": [{"Node Type": "Bitmap Index Scan", "Parent Relationship": "Outer", "Index Name": "movie_id_movie_keyword", "Startup Cost": 0.0, "Total Cost": 0.34, "Plan Rows": 8, "Plan Width": 0, "Index Cond": "(movie_id = mc.movie_id)"}]}]}, {"Node Type": "Bitmap Heap Scan", "Parent Relationship": "Inner", "Relation Name": "keyword", "Alias": "k", "Startup Cost": 0.26, "Total Cost": 4.27, "Plan Rows": 1, "Plan Width": 4, "Recheck Cond": "(id = mk.keyword_id)", "Plans": [{"Node Type": "Bitmap Index Scan", "Parent Relationship": "Outer", "Index Name": "keyword_pkey", "Startup Cost": 0.0, "Total Cost": 0.26, "Plan Rows": 1, "Plan Width": 0, "Index Cond": "(id = mk.keyword_id)"}]}]}, {"Node Type": "Bitmap Heap Scan", "Parent Relationship": "Inner", "Relation Name": "title", "Alias": "t", "Startup Cost": 0.27, "Total Cost": 4.28, "Plan Rows": 1, "Plan Width": 21, "Recheck Cond": "(id = mk.movie_id)", "Filter": "(production_year > 1990)", "Plans": [{"Node Type": "Bitmap Index Scan", "Parent Relationship": "Outer", "Index Name": "title_pkey", "Startup Cost": 0.0, "Total Cost": 0.27, "Plan Rows": 1, "Plan Width": 0, "Index Cond": "(id = mk.movie_id)"}]}]}]}, "Unique SQL Id": 2302223328, "Planner Runtime": 24}, "explain_analyze_plan": null}, "(1, 52)": {"explain_plan": {"Plan": {"Node Type": "Aggregate", "Strategy": "Plain", "Startup Cost": 166933.84, "Total Cost": 166933.85, "Plan Rows": 1, "Plan Width": 102, "Plans": [{"Node Type": "Nested Loop", "Parent Relationship": "Outer", "Join Type": "Inner", "Startup Cost": 4841.51, "Total Cost": 166899.65, "Plan Rows": 6838, "Plan Width": 38, "Inner Unique": false, "Join Filter": "(t.id = at.movie_id)", "Plans": [{"Node Type": "Nested Loop", "Parent Relationship": "Outer", "Join Type": "Inner", "Startup Cost": 4841.51, "Total Cost": 166101.03, "Plan Rows": 2257, "Plan Width": 33, "Inner Unique": true, "Plans": [{"Node Type": "Nested Loop", "Parent Relationship": "Outer", "Join Type": "Inner", "Startup Cost": 4841.51, "Total Cost": 165467.53, "Plan Rows": 2257, "Plan Width": 37, "Inner Unique": false, "Join Filter": "(t.id = mk.movie_id)", "Plans": [{"Node Type": "Nested Loop", "Parent Relationship": "Outer", "Join Type": "Inner", "Startup Cost": 4841.51, "Total Cost": 165311.18, "Plan Rows": 278, "Plan Width": 29, "Inner Unique": true, "Join Filter": "(mc.company_type_id = ct.id)", "Plans": [{"Node Type": "Nested Loop", "Parent Relationship": "Outer", "Join Type": "Inner", "Startup Cost": 4841.51, "Total Cost": 165288.64, "Plan Rows": 478, "Plan Width": 33, "Inner Unique": true, "Plans": [{"Node Type": "Nested Loop", "Parent Relationship": "Outer", "Join Type": "Inner", "Startup Cost": 4841.51, "Total Cost": 165125.25, "Plan Rows": 568, "Plan Width": 37, "Inner Unique": false, "Plans": [{"Node Type": "Nested Loop", "Parent Relationship": "Outer", "Join Type": "Inner", "Startup Cost": 4841.51, "Total Cost": 165027.39, "Plan Rows": 266, "Plan Width": 25, "Inner Unique": true, "Plans": [{"Node Type": "Nested Loop", "Parent Relationship": "Outer", "Join Type": "Inner", "Startup Cost": 4841.51, "Total Cost": 163884.08, "Plan Rows": 192, "Plan Width": 4, "Inner Unique": false, "Plans": [{"Node Type": "Seq Scan", "Parent Relationship": "Outer", "Relation Name": "info_type", "Alias": "it1", "Startup Cost": 0.0, "Total Cost": 2.4, "Plan Rows": 1, "Plan Width": 4, "Filter": "((info)::text = 'release dates'::text)"}, {"Node Type": "Bitmap Heap Scan", "Parent Relationship": "Inner", "Relation Name": "movie_info", "Alias": "mi", "Startup Cost": 4841.51, "Total Cost": 163879.76, "Plan Rows": 192, "Plan Width": 8, "Recheck Cond": "(info_type_id = it1.id)", "Filter": "((note)::text ~~ '%internet%'::text)", "Plans": [{"Node Type": "Bitmap Index Scan", "Parent Relationship": "Outer", "Index Name": "info_type_id_movie_info", "Startup Cost": 0.0, "Total Cost": 4841.46, "Plan Rows": 212428, "Plan Width": 0, "Index Cond": "(info_type_id = it1.id)"}]}]}, {"Node Type": "Index Scan", "Parent Relationship": "Inner", "Scan Direction": "Forward", "Index Name": "title_pkey", "Relation Name": "title", "Alias": "t", "Startup Cost": 0.0, "Total Cost": 5.94, "Plan Rows": 1, "Plan Width": 21, "Index Cond": "(id = mi.movie_id)", "Filter": "(production_year > 1990)"}]}, {"Node Type": "Index Scan", "Parent Relationship": "Inner", "Scan Direction": "Forward", "Index Name": "movie_id_movie_companies", "Relation Name": "movie_companies", "Alias": "mc", "Startup Cost": 0.0, "Total Cost": 0.35, "Plan Rows": 2, "Plan Width": 12, "Index Cond": "(movie_id = t.id)"}]}, {"Node Type": "Index Scan", "Parent Relationship": "Inner", "Scan Direction": "Forward", "Index Name": "company_name_pkey", "Relation Name": "company_name", "Alias": "cn", "Startup Cost": 0.0, "Total Cost": 0.28, "Plan Rows": 1, "Plan Width": 4, "Index Cond": "(id = mc.company_id)", "Filter": "((country_code)::text = '[us]'::text)"}]}, {"Node Type": "Materialize", "Parent Relationship": "Inner", "Startup Cost": 0.0, "Total Cost": 1.04, "Plan Rows": 3, "Plan Width": 4, "Plans": [{"Node Type": "Seq Scan", "Parent Relationship": "Outer", "Relation Name": "company_type", "Alias": "ct", "Startup Cost": 0.0, "Total Cost": 1.03, "Plan Rows": 3, "Plan Width": 4}]}]}, {"Node Type": "Index Scan", "Parent Relationship": "Inner", "Scan Direction": "Forward", "Index Name": "movie_id_movie_keyword", "Relation Name": "movie_keyword", "Alias": "mk", "Startup Cost": 0.0, "Total Cost": 0.46, "Plan Rows": 8, "Plan Width": 8, "Index Cond": "(movie_id = mc.movie_id)"}]}, {"Node Type": "Index Scan", "Parent Relationship": "Inner", "Scan Direction": "Forward", "Index Name": "keyword_pkey", "Relation Name": "keyword", "Alias": "k", "Startup Cost": 0.0, "Total Cost": 0.27, "Plan Rows": 1, "Plan Width": 4, "Index Cond": "(id = mk.keyword_id)"}]}, {"Node Type": "Index Scan", "Parent Relationship": "Inner", "Scan Direction": "Forward", "Index Name": "movie_id_aka_title", "Relation Name": "aka_title", "Alias": "at", "Startup Cost": 0.0, "Total Cost": 0.32, "Plan Rows": 3, "Plan Width": 25, "Index Cond": "(movie_id = mk.movie_id)"}]}]}, "Unique SQL Id": 2302223328, "Planner Runtime": 26}, "explain_analyze_plan": {"Plan": {"Node Type": "Aggregate", "Strategy": "Plain", "Startup Cost": 166933.84, "Total Cost": 166933.85, "Plan Rows": 1, "Plan Width": 102, "Actual Startup Time": 1951.552, "Actual Total Time": 1951.552, "Actual Rows": 1, "Actual Loops": 1, "Plans": [{"Node Type": "Nested Loop", "Parent Relationship": "Outer", "Join Type": "Inner", "Startup Cost": 4841.51, "Total Cost": 166899.65, "Plan Rows": 6838, "Plan Width": 38, "Actual Startup Time": 418.272, "Actual Total Time": 1948.659, "Actual Rows": 4371, "Actual Loops": 1, "Inner Unique": false, "Join Filter": "(t.id = at.movie_id)", "Rows Removed by Join Filter": 0, "Plans": [{"Node Type": "Nested Loop", "Parent Relationship": "Outer", "Join Type": "Inner", "Startup Cost": 4841.51, "Total Cost": 166101.03, "Plan Rows": 2257, "Plan Width": 33, "Actual Startup Time": 379.109, "Actual Total Time": 1904.823, "Actual Rows": 14161, "Actual Loops": 1, "Inner Unique": true, "Plans": [{"Node Type": "Nested Loop", "Parent Relationship": "Outer", "Join Type": "Inner", "Startup Cost": 4841.51, "Total Cost": 165467.53, "Plan Rows": 2257, "Plan Width": 37, "Actual Startup Time": 379.097, "Actual Total Time": 1838.424, "Actual Rows": 14161, "Actual Loops": 1, "Inner Unique": false, "Join Filter": "(t.id = mk.movie_id)", "Rows Removed by Join Filter": 0, "Plans": [{"Node Type": "Nested Loop", "Parent Relationship": "Outer", "Join Type": "Inner", "Startup Cost": 4841.51, "Total Cost": 165311.18, "Plan Rows": 278, "Plan Width": 29, "Actual Startup Time": 379.079, "Actual Total Time": 1796.095, "Actual Rows": 5914, "Actual Loops": 1, "Inner Unique": true, "Join Filter": "(mc.company_type_id = ct.id)", "Rows Removed by Join Filter": 11829, "Plans": [{"Node Type": "Nested Loop", "Parent Relationship": "Outer", "Join Type": "Inner", "Startup Cost": 4841.51, "Total Cost": 165288.64, "Plan Rows": 478, "Plan Width": 33, "Actual Startup Time": 378.992, "Actual Total Time": 1786.887, "Actual Rows": 9857, "Actual Loops": 1, "Inner Unique": true, "Plans": [{"Node Type": "Nested Loop", "Parent Relationship": "Outer", "Join Type": "Inner", "Startup Cost": 4841.51, "Total Cost": 165125.25, "Plan Rows": 568, "Plan Width": 37, "Actual Startup Time": 378.975, "Actual Total Time": 1705.024, "Actual Rows": 14377, "Actual Loops": 1, "Inner Unique": false, "Plans": [{"Node Type": "Nested Loop", "Parent Relationship": "Outer", "Join Type": "Inner", "Startup Cost": 4841.51, "Total Cost": 165027.39, "Plan Rows": 266, "Plan Width": 25, "Actual Startup Time": 378.961, "Actual Total Time": 1634.937, "Actual Rows": 10662, "Actual Loops": 1, "Inner Unique": true, "Plans": [{"Node Type": "Nested Loop", "Parent Relationship": "Outer", "Join Type": "Inner", "Startup Cost": 4841.51, "Total Cost": 163884.08, "Plan Rows": 192, "Plan Width": 4, "Actual Startup Time": 378.911, "Actual Total Time": 1563.934, "Actual Rows": 10679, "Actual Loops": 1, "Inner Unique": false, "Plans": [{"Node Type": "Seq Scan", "Parent Relationship": "Outer", "Relation Name": "info_type", "Alias": "it1", "Startup Cost": 0.0, "Total Cost": 2.4, "Plan Rows": 1, "Plan Width": 4, "Actual Startup Time": 0.06, "Actual Total Time": 0.089, "Actual Rows": 1, "Actual Loops": 1, "Filter": "((info)::text = 'release dates'::text)", "Rows Removed by Filter": 111}, {"Node Type": "Bitmap Heap Scan", "Parent Relationship": "Inner", "Relation Name": "movie_info", "Alias": "mi", "Startup Cost": 4841.51, "Total Cost": 163879.76, "Plan Rows": 192, "Plan Width": 8, "Actual Startup Time": 378.843, "Actual Total Time": 1561.334, "Actual Rows": 10679, "Actual Loops": 1, "Recheck Cond": "(info_type_id = it1.id)", "Rows Removed by Index Recheck": 0, "Filter": "((note)::text ~~ '%internet%'::text)", "Rows Removed by Filter": 3026040, "Exact Heap Blocks": 21947, "Lossy Heap Blocks": 21947, "Plans": [{"Node Type": "Bitmap Index Scan", "Parent Relationship": "Outer", "Index Name": "info_type_id_movie_info", "Startup Cost": 0.0, "Total Cost": 4841.46, "Plan Rows": 212428, "Plan Width": 0, "Actual Startup Time": 373.874, "Actual Total Time": 373.874, "Actual Rows": 3036719, "Actual Loops": 1, "Index Cond": "(info_type_id = it1.id)"}]}]}, {"Node Type": "Index Scan", "Parent Relationship": "Inner", "Scan Direction": "Forward", "Index Name": "title_pkey", "Relation Name": "title", "Alias": "t", "Startup Cost": 0.0, "Total Cost": 5.94, "Plan Rows": 1, "Plan Width": 21, "Actual Startup Time": 60.482, "Actual Total Time": 60.482, "Actual Rows": 10662, "Actual Loops": 10679, "Index Cond": "(id = mi.movie_id)", "Rows Removed by Index Recheck": 0, "Filter": "(production_year > 1990)", "Rows Removed by Filter": 17}]}, {"Node Type": "Index Scan", "Parent Relationship": "Inner", "Scan Direction": "Forward", "Index Name": "movie_id_movie_companies", "Relation Name": "movie_companies", "Alias": "mc", "Startup Cost": 0.0, "Total Cost": 0.35, "Plan Rows": 2, "Plan Width": 12, "Actual Startup Time": 49.192, "Actual Total Time": 60.573, "Actual Rows": 14377, "Actual Loops": 10662, "Index Cond": "(movie_id = t.id)", "Rows Removed by Index Recheck": 0}]}, {"Node Type": "Index Scan", "Parent Relationship": "Inner", "Scan Direction": "Forward", "Index Name": "company_name_pkey", "Relation Name": "company_name", "Alias": "cn", "Startup Cost": 0.0, "Total Cost": 0.28, "Plan Rows": 1, "Plan Width": 4, "Actual Startup Time": 70.473, "Actual Total Time": 70.473, "Actual Rows": 9857, "Actual Loops": 14377, "Index Cond": "(id = mc.company_id)", "Rows Removed by Index Recheck": 0, "Filter": "((country_code)::text = '[us]'::text)", "Rows Removed by Filter": 4520}]}, {"Node Type": "Materialize", "Parent Relationship": "Inner", "Startup Cost": 0.0, "Total Cost": 1.04, "Plan Rows": 3, "Plan Width": 4, "Actual Startup Time": 1.259, "Actual Total Time": 2.278, "Actual Rows": 17743, "Actual Loops": 9857, "Plans": [{"Node Type": "Seq Scan", "Parent Relationship": "Outer", "Relation Name": "company_type", "Alias": "ct", "Startup Cost": 0.0, "Total Cost": 1.03, "Plan Rows": 3, "Plan Width": 4, "Actual Startup Time": 0.011, "Actual Total Time": 0.015, "Actual Rows": 3, "Actual Loops": 1}]}]}, {"Node Type": "Index Scan", "Parent Relationship": "Inner", "Scan Direction": "Forward", "Index Name": "movie_id_movie_keyword", "Relation Name": "movie_keyword", "Alias": "mk", "Startup Cost": 0.0, "Total Cost": 0.46, "Plan Rows": 8, "Plan Width": 8, "Actual Startup Time": 26.506, "Actual Total Time": 32.7, "Actual Rows": 14161, "Actual Loops": 5914, "Index Cond": "(movie_id = mc.movie_id)", "Rows Removed by Index Recheck": 0}]}, {"Node Type": "Index Scan", "Parent Relationship": "Inner", "Scan Direction": "Forward", "Index Name": "keyword_pkey", "Relation Name": "keyword", "Alias": "k", "Startup Cost": 0.0, "Total Cost": 0.27, "Plan Rows": 1, "Plan Width": 4, "Actual Startup Time": 55.199, "Actual Total Time": 55.199, "Actual Rows": 14161, "Actual Loops": 14161, "Index Cond": "(id = mk.keyword_id)", "Rows Removed by Index Recheck": 0}]}, {"Node Type": "Index Scan", "Parent Relationship": "Inner", "Scan Direction": "Forward", "Index Name": "movie_id_aka_title", "Relation Name": "aka_title", "Alias": "at", "Startup Cost": 0.0, "Total Cost": 0.32, "Plan Rows": 3, "Plan Width": 25, "Actual Startup Time": 32.519, "Actual Total Time": 34.797, "Actual Rows": 4371, "Actual Loops": 14161, "Index Cond": "(movie_id = mk.movie_id)", "Rows Removed by Index Recheck": 0}]}]}, "Triggers": [], "Planner Runtime": 26, "Total Runtime": 1952.046, "Unique SQL Id": 2302223328}}, "(1, 53)": {"explain_plan": {"Plan": {"Node Type": "Aggregate", "Strategy": "Plain", "Startup Cost": 166956.91, "Total Cost": 166956.92, "Plan Rows": 1, "Plan Width": 102, "Plans": [{"Node Type": "Nested Loop", "Parent Relationship": "Outer", "Join Type": "Inner", "Startup Cost": 4841.51, "Total Cost": 166922.72, "Plan Rows": 6838, "Plan Width": 38, "Inner Unique": false, "Join Filter": "(t.id = at.movie_id)", "Plans": [{"Node Type": "Nested Loop", "Parent Relationship": "Outer", "Join Type": "Inner", "Startup Cost": 4841.51, "Total Cost": 166124.11, "Plan Rows": 2257, "Plan Width": 33, "Inner Unique": true, "Plans": [{"Node Type": "Nested Loop", "Parent Relationship": "Outer", "Join Type": "Inner", "Startup Cost": 4841.51, "Total Cost": 165490.61, "Plan Rows": 2257, "Plan Width": 37, "Inner Unique": false, "Join Filter": "(t.id = mk.movie_id)", "Plans": [{"Node Type": "Nested Loop", "Parent Relationship": "Outer", "Join Type": "Inner", "Startup Cost": 4841.51, "Total Cost": 165334.26, "Plan Rows": 278, "Plan Width": 29, "Inner Unique": true, "Join Filter": "(mc.company_type_id = ct.id)", "Plans": [{"Node Type": "Nested Loop", "Parent Relationship": "Outer", "Join Type": "Inner", "Startup Cost": 4841.51, "Total Cost": 165300.45, "Plan Rows": 478, "Plan Width": 33, "Inner Unique": true, "Plans": [{"Node Type": "Nested Loop", "Parent Relationship": "Outer", "Join Type": "Inner", "Startup Cost": 4841.51, "Total Cost": 165137.06, "Plan Rows": 568, "Plan Width": 37, "Inner Unique": false, "Plans": [{"Node Type": "Nested Loop", "Parent Relationship": "Outer", "Join Type": "Inner", "Startup Cost": 4841.51, "Total Cost": 165039.2, "Plan Rows": 266, "Plan Width": 25, "Inner Unique": true, "Plans": [{"Node Type": "Nested Loop", "Parent Relationship": "Outer", "Join Type": "Inner", "Startup Cost": 4841.51, "Total Cost": 163895.89, "Plan Rows": 192, "Plan Width": 4, "Inner Unique": false, "Plans": [{"Node Type": "Index Scan", "Parent Relationship": "Outer", "Scan Direction": "Forward", "Index Name": "info_type_pkey", "Relation Name": "info_type", "Alias": "it1", "Startup Cost": 0.0, "Total Cost": 14.21, "Plan Rows": 1, "Plan Width": 4, "Filter": "((info)::text = 'release dates'::text)"}, {"Node Type": "Bitmap Heap Scan", "Parent Relationship": "Inner", "Relation Name": "movie_info", "Alias": "mi", "Startup Cost": 4841.51, "Total Cost": 163879.76, "Plan Rows": 192, "Plan Width": 8, "Recheck Cond": "(info_type_id = it1.id)", "Filter": "((note)::text ~~ '%internet%'::text)", "Plans": [{"Node Type": "Bitmap Index Scan", "Parent Relationship": "Outer", "Index Name": "info_type_id_movie_info", "Startup Cost": 0.0, "Total Cost": 4841.46, "Plan Rows": 212428, "Plan Width": 0, "Index Cond": "(info_type_id = it1.id)"}]}]}, {"Node Type": "Index Scan", "Parent Relationship": "Inner", "Scan Direction": "Forward", "Index Name": "title_pkey", "Relation Name": "title", "Alias": "t", "Startup Cost": 0.0, "Total Cost": 5.94, "Plan Rows": 1, "Plan Width": 21, "Index Cond": "(id = mi.movie_id)", "Filter": "(production_year > 1990)"}]}, {"Node Type": "Index Scan", "Parent Relationship": "Inner", "Scan Direction": "Forward", "Index Name": "movie_id_movie_companies", "Relation Name": "movie_companies", "Alias": "mc", "Startup Cost": 0.0, "Total Cost": 0.35, "Plan Rows": 2, "Plan Width": 12, "Index Cond": "(movie_id = t.id)"}]}, {"Node Type": "Index Scan", "Parent Relationship": "Inner", "Scan Direction": "Forward", "Index Name": "company_name_pkey", "Relation Name": "company_name", "Alias": "cn", "Startup Cost": 0.0, "Total Cost": 0.28, "Plan Rows": 1, "Plan Width": 4, "Index Cond": "(id = mc.company_id)", "Filter": "((country_code)::text = '[us]'::text)"}]}, {"Node Type": "Materialize", "Parent Relationship": "Inner", "Startup Cost": 0.0, "Total Cost": 12.31, "Plan Rows": 3, "Plan Width": 4, "Plans": [{"Node Type": "Index Scan", "Parent Relationship": "Outer", "Scan Direction": "Forward", "Index Name": "company_type_pkey", "Relation Name": "company_type", "Alias": "ct", "Startup Cost": 0.0, "Total Cost": 12.29, "Plan Rows": 3, "Plan Width": 4}]}]}, {"Node Type": "Index Scan", "Parent Relationship": "Inner", "Scan Direction": "Forward", "Index Name": "movie_id_movie_keyword", "Relation Name": "movie_keyword", "Alias": "mk", "Startup Cost": 0.0, "Total Cost": 0.46, "Plan Rows": 8, "Plan Width": 8, "Index Cond": "(movie_id = mc.movie_id)"}]}, {"Node Type": "Index Scan", "Parent Relationship": "Inner", "Scan Direction": "Forward", "Index Name": "keyword_pkey", "Relation Name": "keyword", "Alias": "k", "Startup Cost": 0.0, "Total Cost": 0.27, "Plan Rows": 1, "Plan Width": 4, "Index Cond": "(id = mk.keyword_id)"}]}, {"Node Type": "Index Scan", "Parent Relationship": "Inner", "Scan Direction": "Forward", "Index Name": "movie_id_aka_title", "Relation Name": "aka_title", "Alias": "at", "Startup Cost": 0.0, "Total Cost": 0.32, "Plan Rows": 3, "Plan Width": 25, "Index Cond": "(movie_id = mk.movie_id)"}]}]}, "Unique SQL Id": 2302223328, "Planner Runtime": 25}, "explain_analyze_plan": {"Plan": {"Node Type": "Aggregate", "Strategy": "Plain", "Startup Cost": 166956.91, "Total Cost": 166956.92, "Plan Rows": 1, "Plan Width": 102, "Actual Startup Time": 2227.125, "Actual Total Time": 2227.125, "Actual Rows": 1, "Actual Loops": 1, "Plans": [{"Node Type": "Nested Loop", "Parent Relationship": "Outer", "Join Type": "Inner", "Startup Cost": 4841.51, "Total Cost": 166922.72, "Plan Rows": 6838, "Plan Width": 38, "Actual Startup Time": 541.771, "Actual Total Time": 2224.327, "Actual Rows": 4371, "Actual Loops": 1, "Inner Unique": false, "Join Filter": "(t.id = at.movie_id)", "Rows Removed by Join Filter": 0, "Plans": [{"Node Type": "Nested Loop", "Parent Relationship": "Outer", "Join Type": "Inner", "Startup Cost": 4841.51, "Total Cost": 166124.11, "Plan Rows": 2257, "Plan Width": 33, "Actual Startup Time": 494.562, "Actual Total Time": 2178.984, "Actual Rows": 14161, "Actual Loops": 1, "Inner Unique": true, "Plans": [{"Node Type": "Nested Loop", "Parent Relationship": "Outer", "Join Type": "Inner", "Startup Cost": 4841.51, "Total Cost": 165490.61, "Plan Rows": 2257, "Plan Width": 37, "Actual Startup Time": 494.54, "Actual Total Time": 2109.614, "Actual Rows": 14161, "Actual Loops": 1, "Inner Unique": false, "Join Filter": "(t.id = mk.movie_id)", "Rows Removed by Join Filter": 0, "Plans": [{"Node Type": "Nested Loop", "Parent Relationship": "Outer", "Join Type": "Inner", "Startup Cost": 4841.51, "Total Cost": 165334.26, "Plan Rows": 278, "Plan Width": 29, "Actual Startup Time": 494.51, "Actual Total Time": 2060.605, "Actual Rows": 5914, "Actual Loops": 1, "Inner Unique": true, "Join Filter": "(mc.company_type_id = ct.id)", "Rows Removed by Join Filter": 11829, "Plans": [{"Node Type": "Nested Loop", "Parent Relationship": "Outer", "Join Type": "Inner", "Startup Cost": 4841.51, "Total Cost": 165300.45, "Plan Rows": 478, "Plan Width": 33, "Actual Startup Time": 494.413, "Actual Total Time": 2051.261, "Actual Rows": 9857, "Actual Loops": 1, "Inner Unique": true, "Plans": [{"Node Type": "Nested Loop", "Parent Relationship": "Outer", "Join Type": "Inner", "Startup Cost": 4841.51, "Total Cost": 165137.06, "Plan Rows": 568, "Plan Width": 37, "Actual Startup Time": 494.382, "Actual Total Time": 1961.693, "Actual Rows": 14377, "Actual Loops": 1, "Inner Unique": false, "Plans": [{"Node Type": "Nested Loop", "Parent Relationship": "Outer", "Join Type": "Inner", "Startup Cost": 4841.51, "Total Cost": 165039.2, "Plan Rows": 266, "Plan Width": 25, "Actual Startup Time": 494.357, "Actual Total Time": 1878.279, "Actual Rows": 10662, "Actual Loops": 1, "Inner Unique": true, "Plans": [{"Node Type": "Nested Loop", "Parent Relationship": "Outer", "Join Type": "Inner", "Startup Cost": 4841.51, "Total Cost": 163895.89, "Plan Rows": 192, "Plan Width": 4, "Actual Startup Time": 494.308, "Actual Total Time": 1795.181, "Actual Rows": 10679, "Actual Loops": 1, "Inner Unique": false, "Plans": [{"Node Type": "Index Scan", "Parent Relationship": "Outer", "Scan Direction": "Forward", "Index Name": "info_type_pkey", "Relation Name": "info_type", "Alias": "it1", "Startup Cost": 0.0, "Total Cost": 14.21, "Plan Rows": 1, "Plan Width": 4, "Actual Startup Time": 0.042, "Actual Total Time": 0.093, "Actual Rows": 1, "Actual Loops": 1, "Filter": "((info)::text = 'release dates'::text)", "Rows Removed by Filter": 111}, {"Node Type": "Bitmap Heap Scan", "Parent Relationship": "Inner", "Relation Name": "movie_info", "Alias": "mi", "Startup Cost": 4841.51, "Total Cost": 163879.76, "Plan Rows": 192, "Plan Width": 8, "Actual Startup Time": 494.256, "Actual Total Time": 1792.484, "Actual Rows": 10679, "Actual Loops": 1, "Recheck Cond": "(info_type_id = it1.id)", "Rows Removed by Index Recheck": 0, "Filter": "((note)::text ~~ '%internet%'::text)", "Rows Removed by Filter": 3026040, "Exact Heap Blocks": 21947, "Lossy Heap Blocks": 21947, "Plans": [{"Node Type": "Bitmap Index Scan", "Parent Relationship": "Outer", "Index Name": "info_type_id_movie_info", "Startup Cost": 0.0, "Total Cost": 4841.46, "Plan Rows": 212428, "Plan Width": 0, "Actual Startup Time": 488.924, "Actual Total Time": 488.924, "Actual Rows": 3036719, "Actual Loops": 1, "Index Cond": "(info_type_id = it1.id)"}]}]}, {"Node Type": "Index Scan", "Parent Relationship": "Inner", "Scan Direction": "Forward", "Index Name": "title_pkey", "Relation Name": "title", "Alias": "t", "Startup Cost": 0.0, "Total Cost": 5.94, "Plan Rows": 1, "Plan Width": 21, "Actual Startup Time": 72.715, "Actual Total Time": 72.715, "Actual Rows": 10662, "Actual Loops": 10679, "Index Cond": "(id = mi.movie_id)", "Rows Removed by Index Recheck": 0, "Filter": "(production_year > 1990)", "Rows Removed by Filter": 17}]}, {"Node Type": "Index Scan", "Parent Relationship": "Inner", "Scan Direction": "Forward", "Index Name": "movie_id_movie_companies", "Relation Name": "movie_companies", "Alias": "mc", "Startup Cost": 0.0, "Total Cost": 0.35, "Plan Rows": 2, "Plan Width": 12, "Actual Startup Time": 60.785, "Actual Total Time": 73.941, "Actual Rows": 14377, "Actual Loops": 10662, "Index Cond": "(movie_id = t.id)", "Rows Removed by Index Recheck": 0}]}, {"Node Type": "Index Scan", "Parent Relationship": "Inner", "Scan Direction": "Forward", "Index Name": "company_name_pkey", "Relation Name": "company_name", "Alias": "cn", "Startup Cost": 0.0, "Total Cost": 0.28, "Plan Rows": 1, "Plan Width": 4, "Actual Startup Time": 78.387, "Actual Total Time": 78.387, "Actual Rows": 9857, "Actual Loops": 14377, "Index Cond": "(id = mc.company_id)", "Rows Removed by Index Recheck": 0, "Filter": "((country_code)::text = '[us]'::text)", "Rows Removed by Filter": 4520}]}, {"Node Type": "Materialize", "Parent Relationship": "Inner", "Startup Cost": 0.0, "Total Cost": 12.31, "Plan Rows": 3, "Plan Width": 4, "Actual Startup Time": 1.25, "Actual Total Time": 2.26, "Actual Rows": 17743, "Actual Loops": 9857, "Plans": [{"Node Type": "Index Scan", "Parent Relationship": "Outer", "Scan Direction": "Forward", "Index Name": "company_type_pkey", "Relation Name": "company_type", "Alias": "ct", "Startup Cost": 0.0, "Total Cost": 12.29, "Plan Rows": 3, "Plan Width": 4, "Actual Startup Time": 0.01, "Actual Total Time": 0.012, "Actual Rows": 3, "Actual Loops": 1}]}]}, {"Node Type": "Index Scan", "Parent Relationship": "Inner", "Scan Direction": "Forward", "Index Name": "movie_id_movie_keyword", "Relation Name": "movie_keyword", "Alias": "mk", "Startup Cost": 0.0, "Total Cost": 0.46, "Plan Rows": 8, "Plan Width": 8, "Actual Startup Time": 32.617, "Actual Total Time": 38.959, "Actual Rows": 14161, "Actual Loops": 5914, "Index Cond": "(movie_id = mc.movie_id)", "Rows Removed by Index Recheck": 0}]}, {"Node Type": "Index Scan", "Parent Relationship": "Inner", "Scan Direction": "Forward", "Index Name": "keyword_pkey", "Relation Name": "keyword", "Alias": "k", "Startup Cost": 0.0, "Total Cost": 0.27, "Plan Rows": 1, "Plan Width": 4, "Actual Startup Time": 57.963, "Actual Total Time": 57.963, "Actual Rows": 14161, "Actual Loops": 14161, "Index Cond": "(id = mk.keyword_id)", "Rows Removed by Index Recheck": 0}]}, {"Node Type": "Index Scan", "Parent Relationship": "Inner", "Scan Direction": "Forward", "Index Name": "movie_id_aka_title", "Relation Name": "aka_title", "Alias": "at", "Startup Cost": 0.0, "Total Cost": 0.32, "Plan Rows": 3, "Plan Width": 25, "Actual Startup Time": 33.74, "Actual Total Time": 36.023, "Actual Rows": 4371, "Actual Loops": 14161, "Index Cond": "(movie_id = mk.movie_id)", "Rows Removed by Index Recheck": 0}]}]}, "Triggers": [], "Planner Runtime": 24, "Total Runtime": 2227.688, "Unique SQL Id": 2302223328}}, "(1, 54)": {"explain_plan": {"Plan": {"Node Type": "Aggregate", "Strategy": "Plain", "Startup Cost": 189327.28, "Total Cost": 189327.29, "Plan Rows": 1, "Plan Width": 102, "Plans": [{"Node Type": "Nested Loop", "Parent Relationship": "Outer", "Join Type": "Inner", "Startup Cost": 4845.53, "Total Cost": 189293.09, "Plan Rows": 6838, "Plan Width": 38, "Inner Unique": false, "Join Filter": "(t.id = at.movie_id)", "Plans": [{"Node Type": "Nested Loop", "Parent Relationship": "Outer", "Join Type": "Inner", "Startup Cost": 4845.25, "Total Cost": 179477.32, "Plan Rows": 2257, "Plan Width": 33, "Inner Unique": true, "Plans": [{"Node Type": "Nested Loop", "Parent Relationship": "Outer", "Join Type": "Inner", "Startup Cost": 4844.99, "Total Cost": 169816.77, "Plan Rows": 2257, "Plan Width": 37, "Inner Unique": false, "Join Filter": "(t.id = mk.movie_id)", "Plans": [{"Node Type": "Nested Loop", "Parent Relationship": "Outer", "Join Type": "Inner", "Startup Cost": 4844.66, "Total Cost": 168555.2, "Plan Rows": 278, "Plan Width": 29, "Inner Unique": true, "Join Filter": "(mi.movie_id = t.id)", "Plans": [{"Node Type": "Nested Loop", "Parent Relationship": "Outer", "Join Type": "Inner", "Startup Cost": 4844.38, "Total Cost": 167691.01, "Plan Rows": 201, "Plan Width": 8, "Inner Unique": true, "Join Filter": "(mc.company_type_id = ct.id)", "Plans": [{"Node Type": "Nested Loop", "Parent Relationship": "Outer", "Join Type": "Inner", "Startup Cost": 4844.38, "Total Cost": 167674.45, "Plan Rows": 345, "Plan Width": 12, "Inner Unique": true, "Plans": [{"Node Type": "Nested Loop", "Parent Relationship": "Outer", "Join Type": "Inner", "Startup Cost": 4844.13, "Total Cost": 165918.27, "Plan Rows": 410, "Plan Width": 16, "Inner Unique": false, "Plans": [{"Node Type": "Nested Loop", "Parent Relationship": "Outer", "Join Type": "Inner", "Startup Cost": 4841.51, "Total Cost": 163884.08, "Plan Rows": 192, "Plan Width": 4, "Inner Unique": false, "Plans": [{"Node Type": "Seq Scan", "Parent Relationship": "Outer", "Relation Name": "info_type", "Alias": "it1", "Startup Cost": 0.0, "Total Cost": 2.4, "Plan Rows": 1, "Plan Width": 4, "Filter": "((info)::text = 'release dates'::text)"}, {"Node Type": "Bitmap Heap Scan", "Parent Relationship": "Inner", "Relation Name": "movie_info", "Alias": "mi", "Startup Cost": 4841.51, "Total Cost": 163879.76, "Plan Rows": 192, "Plan Width": 8, "Recheck Cond": "(info_type_id = it1.id)", "Filter": "((note)::text ~~ '%internet%'::text)", "Plans": [{"Node Type": "Bitmap Index Scan", "Parent Relationship": "Outer", "Index Name": "info_type_id_movie_info", "Startup Cost": 0.0, "Total Cost": 4841.46, "Plan Rows": 212428, "Plan Width": 0, "Index Cond": "(info_type_id = it1.id)"}]}]}, {"Node Type": "Bitmap Heap Scan", "Parent Relationship": "Inner", "Relation Name": "movie_companies", "Alias": "mc", "Startup Cost": 2.62, "Total Cost": 10.57, "Plan Rows": 2, "Plan Width": 12, "Recheck Cond": "(movie_id = mi.movie_id)", "Plans": [{"Node Type": "Bitmap Index Scan", "Parent Relationship": "Outer", "Index Name": "movie_id_movie_companies", "Startup Cost": 0.0, "Total Cost": 2.62, "Plan Rows": 2, "Plan Width": 0, "Index Cond": "(movie_id = mi.movie_id)"}]}]}, {"Node Type": "Bitmap Heap Scan", "Parent Relationship": "Inner", "Relation Name": "company_name", "Alias": "cn", "Startup Cost": 0.26, "Total Cost": 4.27, "Plan Rows": 1, "Plan Width": 4, "Recheck Cond": "(id = mc.company_id)", "Filter": "((country_code)::text = '[us]'::text)", "Plans": [{"Node Type": "Bitmap Index Scan", "Parent Relationship": "Outer", "Index Name": "company_name_pkey", "Startup Cost": 0.0, "Total Cost": 0.26, "Plan Rows": 1, "Plan Width": 0, "Index Cond": "(id = mc.company_id)"}]}]}, {"Node Type": "Materialize", "Parent Relationship": "Inner", "Startup Cost": 0.0, "Total Cost": 1.04, "Plan Rows": 3, "Plan Width": 4, "Plans": [{"Node Type": "Seq Scan", "Parent Relationship": "Outer", "Relation Name": "company_type", "Alias": "ct", "Startup Cost": 0.0, "Total Cost": 1.03, "Plan Rows": 3, "Plan Width": 4}]}]}, {"Node Type": "Bitmap Heap Scan", "Parent Relationship": "Inner", "Relation Name": "title", "Alias": "t", "Startup Cost": 0.27, "Total Cost": 4.29, "Plan Rows": 1, "Plan Width": 21, "Recheck Cond": "(id = mc.movie_id)", "Filter": "(production_year > 1990)", "Plans": [{"Node Type": "Bitmap Index Scan", "Parent Relationship": "Outer", "Index Name": "title_pkey", "Startup Cost": 0.0, "Total Cost": 0.27, "Plan Rows": 1, "Plan Width": 0, "Index Cond": "(id = mc.movie_id)"}]}]}, {"Node Type": "Bitmap Heap Scan", "Parent Relationship": "Inner", "Relation Name": "movie_keyword", "Alias": "mk", "Startup Cost": 0.34, "Total Cost": 4.44, "Plan Rows": 8, "Plan Width": 8, "Recheck Cond": "(movie_id = mc.movie_id)", "Plans": [{"Node Type": "Bitmap Index Scan", "Parent Relationship": "Outer", "Index Name": "movie_id_movie_keyword", "Startup Cost": 0.0, "Total Cost": 0.34, "Plan Rows": 8, "Plan Width": 0, "Index Cond": "(movie_id = mc.movie_id)"}]}]}, {"Node Type": "Bitmap Heap Scan", "Parent Relationship": "Inner", "Relation Name": "keyword", "Alias": "k", "Startup Cost": 0.26, "Total Cost": 4.27, "Plan Rows": 1, "Plan Width": 4, "Recheck Cond": "(id = mk.keyword_id)", "Plans": [{"Node Type": "Bitmap Index Scan", "Parent Relationship": "Outer", "Index Name": "keyword_pkey", "Startup Cost": 0.0, "Total Cost": 0.26, "Plan Rows": 1, "Plan Width": 0, "Index Cond": "(id = mk.keyword_id)"}]}]}, {"Node Type": "Bitmap Heap Scan", "Parent Relationship": "Inner", "Relation Name": "aka_title", "Alias": "at", "Startup Cost": 0.27, "Total Cost": 4.31, "Plan Rows": 3, "Plan Width": 25, "Recheck Cond": "(movie_id = mk.movie_id)", "Plans": [{"Node Type": "Bitmap Index Scan", "Parent Relationship": "Outer", "Index Name": "movie_id_aka_title", "Startup Cost": 0.0, "Total Cost": 0.27, "Plan Rows": 3, "Plan Width": 0, "Index Cond": "(movie_id = mk.movie_id)"}]}]}]}, "Unique SQL Id": 2302223328, "Planner Runtime": 42}, "explain_analyze_plan": {"Plan": {"Node Type": "Aggregate", "Strategy": "Plain", "Startup Cost": 189327.28, "Total Cost": 189327.29, "Plan Rows": 1, "Plan Width": 102, "Actual Startup Time": 1988.618, "Actual Total Time": 1988.618, "Actual Rows": 1, "Actual Loops": 1, "Plans": [{"Node Type": "Nested Loop", "Parent Relationship": "Outer", "Join Type": "Inner", "Startup Cost": 4845.53, "Total Cost": 189293.09, "Plan Rows": 6838, "Plan Width": 38, "Actual Startup Time": 419.128, "Actual Total Time": 1985.412, "Actual Rows": 4371, "Actual Loops": 1, "Inner Unique": false, "Join Filter": "(t.id = at.movie_id)", "Rows Removed by Join Filter": 0, "Plans": [{"Node Type": "Nested Loop", "Parent Relationship": "Outer", "Join Type": "Inner", "Startup Cost": 4845.25, "Total Cost": 179477.32, "Plan Rows": 2257, "Plan Width": 33, "Actual Startup Time": 378.29, "Actual Total Time": 1921.319, "Actual Rows": 14161, "Actual Loops": 1, "Inner Unique": true, "Plans": [{"Node Type": "Nested Loop", "Parent Relationship": "Outer", "Join Type": "Inner", "Startup Cost": 4844.99, "Total Cost": 169816.77, "Plan Rows": 2257, "Plan Width": 37, "Actual Startup Time": 378.275, "Actual Total Time": 1834.528, "Actual Rows": 14161, "Actual Loops": 1, "Inner Unique": false, "Join Filter": "(t.id = mk.movie_id)", "Rows Removed by Join Filter": 0, "Plans": [{"Node Type": "Nested Loop", "Parent Relationship": "Outer", "Join Type": "Inner", "Startup Cost": 4844.66, "Total Cost": 168555.2, "Plan Rows": 278, "Plan Width": 29, "Actual Startup Time": 378.256, "Actual Total Time": 1785.234, "Actual Rows": 5914, "Actual Loops": 1, "Inner Unique": true, "Join Filter": "(mi.movie_id = t.id)", "Rows Removed by Join Filter": 0, "Plans": [{"Node Type": "Nested Loop", "Parent Relationship": "Outer", "Join Type": "Inner", "Startup Cost": 4844.38, "Total Cost": 167691.01, "Plan Rows": 201, "Plan Width": 8, "Actual Startup Time": 378.233, "Actual Total Time": 1735.175, "Actual Rows": 5916, "Actual Loops": 1, "Inner Unique": true, "Join Filter": "(mc.company_type_id = ct.id)", "Rows Removed by Join Filter": 11874, "Plans": [{"Node Type": "Nested Loop", "Parent Relationship": "Outer", "Join Type": "Inner", "Startup Cost": 4844.38, "Total Cost": 167674.45, "Plan Rows": 345, "Plan Width": 12, "Actual Startup Time": 378.145, "Actual Total Time": 1724.949, "Actual Rows": 9874, "Actual Loops": 1, "Inner Unique": true, "Plans": [{"Node Type": "Nested Loop", "Parent Relationship": "Outer", "Join Type": "Inner", "Startup Cost": 4844.13, "Total Cost": 165918.27, "Plan Rows": 410, "Plan Width": 16, "Actual Startup Time": 378.121, "Actual Total Time": 1621.269, "Actual Rows": 14401, "Actual Loops": 1, "Inner Unique": false, "Plans": [{"Node Type": "Nested Loop", "Parent Relationship": "Outer", "Join Type": "Inner", "Startup Cost": 4841.51, "Total Cost": 163884.08, "Plan Rows": 192, "Plan Width": 4, "Actual Startup Time": 378.027, "Actual Total Time": 1523.335, "Actual Rows": 10679, "Actual Loops": 1, "Inner Unique": false, "Plans": [{"Node Type": "Seq Scan", "Parent Relationship": "Outer", "Relation Name": "info_type", "Alias": "it1", "Startup Cost": 0.0, "Total Cost": 2.4, "Plan Rows": 1, "Plan Width": 4, "Actual Startup Time": 0.058, "Actual Total Time": 0.105, "Actual Rows": 1, "Actual Loops": 1, "Filter": "((info)::text = 'release dates'::text)", "Rows Removed by Filter": 111}, {"Node Type": "Bitmap Heap Scan", "Parent Relationship": "Inner", "Relation Name": "movie_info", "Alias": "mi", "Startup Cost": 4841.51, "Total Cost": 163879.76, "Plan Rows": 192, "Plan Width": 8, "Actual Startup Time": 377.961, "Actual Total Time": 1520.445, "Actual Rows": 10679, "Actual Loops": 1, "Recheck Cond": "(info_type_id = it1.id)", "Rows Removed by Index Recheck": 0, "Filter": "((note)::text ~~ '%internet%'::text)", "Rows Removed by Filter": 3026040, "Exact Heap Blocks": 21947, "Lossy Heap Blocks": 21947, "Plans": [{"Node Type": "Bitmap Index Scan", "Parent Relationship": "Outer", "Index Name": "info_type_id_movie_info", "Startup Cost": 0.0, "Total Cost": 4841.46, "Plan Rows": 212428, "Plan Width": 0, "Actual Startup Time": 373.03, "Actual Total Time": 373.03, "Actual Rows": 3036719, "Actual Loops": 1, "Index Cond": "(info_type_id = it1.id)"}]}]}, {"Node Type": "Bitmap Heap Scan", "Parent Relationship": "Inner", "Relation Name": "movie_companies", "Alias": "mc", "Startup Cost": 2.62, "Total Cost": 10.57, "Plan Rows": 2, "Plan Width": 12, "Actual Startup Time": 70.313, "Actual Total Time": 79.558, "Actual Rows": 14401, "Actual Loops": 10679, "Recheck Cond": "(movie_id = mi.movie_id)", "Rows Removed by Index Recheck": 0, "Exact Heap Blocks": 11702, "Lossy Heap Blocks": 11702, "Plans": [{"Node Type": "Bitmap Index Scan", "Parent Relationship": "Outer", "Index Name": "movie_id_movie_companies", "Startup Cost": 0.0, "Total Cost": 2.62, "Plan Rows": 2, "Plan Width": 0, "Actual Startup Time": 44.782, "Actual Total Time": 44.782, "Actual Rows": 14401, "Actual Loops": 10679, "Index Cond": "(movie_id = mi.movie_id)"}]}]}, {"Node Type": "Bitmap Heap Scan", "Parent Relationship": "Inner", "Relation Name": "company_name", "Alias": "cn", "Startup Cost": 0.26, "Total Cost": 4.27, "Plan Rows": 1, "Plan Width": 4, "Actual Startup Time": 84.446, "Actual Total Time": 84.446, "Actual Rows": 9874, "Actual Loops": 14401, "Recheck Cond": "(id = mc.company_id)", "Rows Removed by Index Recheck": 0, "Filter": "((country_code)::text = '[us]'::text)", "Rows Removed by Filter": 4527, "Exact Heap Blocks": 14401, "Lossy Heap Blocks": 14401, "Plans": [{"Node Type": "Bitmap Index Scan", "Parent Relationship": "Outer", "Index Name": "company_name_pkey", "Startup Cost": 0.0, "Total Cost": 0.26, "Plan Rows": 1, "Plan Width": 0, "Actual Startup Time": 46.563, "Actual Total Time": 46.563, "Actual Rows": 14401, "Actual Loops": 14401, "Index Cond": "(id = mc.company_id)"}]}]}, {"Node Type": "Materialize", "Parent Relationship": "Inner", "Startup Cost": 0.0, "Total Cost": 1.04, "Plan Rows": 3, "Plan Width": 4, "Actual Startup Time": 1.414, "Actual Total Time": 2.513, "Actual Rows": 17790, "Actual Loops": 9874, "Plans": [{"Node Type": "Seq Scan", "Parent Relationship": "Outer", "Relation Name": "company_type", "Alias": "ct", "Startup Cost": 0.0, "Total Cost": 1.03, "Plan Rows": 3, "Plan Width": 4, "Actual Startup Time": 0.012, "Actual Total Time": 0.015, "Actual Rows": 3, "Actual Loops": 1}]}]}, {"Node Type": "Bitmap Heap Scan", "Parent Relationship": "Inner", "Relation Name": "title", "Alias": "t", "Startup Cost": 0.27, "Total Cost": 4.29, "Plan Rows": 1, "Plan Width": 21, "Actual Startup Time": 39.513, "Actual Total Time": 39.513, "Actual Rows": 5914, "Actual Loops": 5916, "Recheck Cond": "(id = mc.movie_id)", "Rows Removed by Index Recheck": 0, "Filter": "(production_year > 1990)", "Rows Removed by Filter": 2, "Exact Heap Blocks": 5916, "Lossy Heap Blocks": 5916, "Plans": [{"Node Type": "Bitmap Index Scan", "Parent Relationship": "Outer", "Index Name": "title_pkey", "Startup Cost": 0.0, "Total Cost": 0.27, "Plan Rows": 1, "Plan Width": 0, "Actual Startup Time": 22.464, "Actual Total Time": 22.464, "Actual Rows": 5916, "Actual Loops": 5916, "Index Cond": "(id = mc.movie_id)"}]}]}, {"Node Type": "Bitmap Heap Scan", "Parent Relationship": "Inner", "Relation Name": "movie_keyword", "Alias": "mk", "Startup Cost": 0.34, "Total Cost": 4.44, "Plan Rows": 8, "Plan Width": 8, "Actual Startup Time": 33.463, "Actual Total Time": 35.61, "Actual Rows": 14161, "Actual Loops": 5914, "Recheck Cond": "(movie_id = mc.movie_id)", "Rows Removed by Index Recheck": 0, "Exact Heap Blocks": 1896, "Lossy Heap Blocks": 1896, "Plans": [{"Node Type": "Bitmap Index Scan", "Parent Relationship": "Outer", "Index Name": "movie_id_movie_keyword", "Startup Cost": 0.0, "Total Cost": 0.34, "Plan Rows": 8, "Plan Width": 0, "Actual Startup Time": 24.355, "Actual Total Time": 24.355, "Actual Rows": 14161, "Actual Loops": 5914, "Index Cond": "(movie_id = mc.movie_id)"}]}]}, {"Node Type": "Bitmap Heap Scan", "Parent Relationship": "Inner", "Relation Name": "keyword", "Alias": "k", "Startup Cost": 0.26, "Total Cost": 4.27, "Plan Rows": 1, "Plan Width": 4, "Actual Startup Time": 67.963, "Actual Total Time": 67.963, "Actual Rows": 14161, "Actual Loops": 14161, "Recheck Cond": "(id = mk.keyword_id)", "Rows Removed by Index Recheck": 0, "Exact Heap Blocks": 14161, "Lossy Heap Blocks": 14161, "Plans": [{"Node Type": "Bitmap Index Scan", "Parent Relationship": "Outer", "Index Name": "keyword_pkey", "Startup Cost": 0.0, "Total Cost": 0.26, "Plan Rows": 1, "Plan Width": 0, "Actual Startup Time": 42.373, "Actual Total Time": 42.373, "Actual Rows": 14161, "Actual Loops": 14161, "Index Cond": "(id = mk.keyword_id)"}]}]}, {"Node Type": "Bitmap Heap Scan", "Parent Relationship": "Inner", "Relation Name": "aka_title", "Alias": "at", "Startup Cost": 0.27, "Total Cost": 4.31, "Plan Rows": 3, "Plan Width": 25, "Actual Startup Time": 44.043, "Actual Total Time": 45.807, "Actual Rows": 4371, "Actual Loops": 14161, "Recheck Cond": "(movie_id = mk.movie_id)", "Rows Removed by Index Recheck": 0, "Exact Heap Blocks": 4371, "Lossy Heap Blocks": 4371, "Plans": [{"Node Type": "Bitmap Index Scan", "Parent Relationship": "Outer", "Index Name": "movie_id_aka_title", "Startup Cost": 0.0, "Total Cost": 0.27, "Plan Rows": 3, "Plan Width": 0, "Actual Startup Time": 33.351, "Actual Total Time": 33.351, "Actual Rows": 4371, "Actual Loops": 14161, "Index Cond": "(movie_id = mk.movie_id)"}]}]}]}, "Triggers": [], "Planner Runtime": 39, "Total Runtime": 1989.253, "Unique SQL Id": 2302223328}}, "(1, 55)": {"explain_plan": {"Plan": {"Node Type": "Aggregate", "Strategy": "Plain", "Startup Cost": 1000003999861.48, "Total Cost": 1000003999861.49, "Plan Rows": 1, "Plan Width": 102, "Plans": [{"Node Type": "Nested Loop", "Parent Relationship": "Outer", "Join Type": "Inner", "Startup Cost": 10000000002.92, "Total Cost": 1000003999827.29, "Plan Rows": 6838, "Plan Width": 38, "Inner Unique": true, "Join Filter": "(at.movie_id = t.id)", "Plans": [{"Node Type": "Nested Loop", "Parent Relationship": "Outer", "Join Type": "Inner", "Startup Cost": 10000000002.66, "Total Cost": 1000003978634.91, "Plan Rows": 4936, "Plan Width": 37, "Inner Unique": true, "Plans": [{"Node Type": "Nested Loop", "Parent Relationship": "Outer", "Join Type": "Inner", "Startup Cost": 10000000002.4, "Total Cost": 1000003957088.08, "Plan Rows": 5034, "Plan Width": 41, "Inner Unique": false, "Join Filter": "(at.movie_id = mk.movie_id)", "Plans": [{"Node Type": "Nested Loop", "Parent Relationship": "Outer", "Join Type": "Inner", "Startup Cost": 10000000002.06, "Total Cost": 1000003954256.35, "Plan Rows": 624, "Plan Width": 33, "Inner Unique": true, "Plans": [{"Node Type": "Nested Loop", "Parent Relationship": "Outer", "Join Type": "Inner", "Startup Cost": 10000000001.8, "Total Cost": 1000003951585.47, "Plan Rows": 624, "Plan Width": 37, "Inner Unique": true, "Plans": [{"Node Type": "Nested Loop", "Parent Relationship": "Outer", "Join Type": "Inner", "Startup Cost": 10000000001.55, "Total Cost": 1000003947079.38, "Plan Rows": 1052, "Plan Width": 41, "Inner Unique": false, "Plans": [{"Node Type": "Nested Loop", "Parent Relationship": "Outer", "Join Type": "Inner", "Startup Cost": 10000000001.17, "Total Cost": 1000003944915.32, "Plan Rows": 490, "Plan Width": 29, "Inner Unique": true, "Plans": [{"Node Type": "Nested Loop", "Parent Relationship": "Outer", "Join Type": "Inner", "Startup Cost": 10000000000.92, "Total Cost": 1000003797919.45, "Plan Rows": 34318, "Plan Width": 33, "Inner Unique": false, "Plans": [{"Node Type": "Index Scan", "Parent Relationship": "Outer", "Scan Direction": "Forward", "Index Name": "movie_id_aka_title", "Relation Name": "aka_title", "Alias": "at", "Startup Cost": 10000000000.0, "Total Cost": 1000001990001.13, "Plan Rows": 361471, "Plan Width": 25}, {"Node Type": "Bitmap Heap Scan", "Parent Relationship": "Inner", "Relation Name": "movie_info", "Alias": "mi", "Startup Cost": 0.92, "Total Cost": 4.99, "Plan Rows": 1, "Plan Width": 8, "Recheck Cond": "(movie_id = at.movie_id)", "Filter": "((note)::text ~~ '%internet%'::text)", "Plans": [{"Node Type": "Bitmap Index Scan", "Parent Relationship": "Outer", "Index Name": "movie_id_movie_info", "Startup Cost": 0.0, "Total Cost": 0.92, "Plan Rows": 5, "Plan Width": 0, "Index Cond": "(movie_id = at.movie_id)"}]}]}, {"Node Type": "Bitmap Heap Scan", "Parent Relationship": "Inner", "Relation Name": "info_type", "Alias": "it1", "Startup Cost": 0.26, "Total Cost": 4.27, "Plan Rows": 1, "Plan Width": 4, "Recheck Cond": "(id = mi.info_type_id)", "Filter": "((info)::text = 'release dates'::text)", "Plans": [{"Node Type": "Bitmap Index Scan", "Parent Relationship": "Outer", "Index Name": "info_type_pkey", "Startup Cost": 0.0, "Total Cost": 0.26, "Plan Rows": 1, "Plan Width": 0, "Index Cond": "(id = mi.info_type_id)"}]}]}, {"Node Type": "Bitmap Heap Scan", "Parent Relationship": "Inner", "Relation Name": "movie_companies", "Alias": "mc", "Startup Cost": 0.37, "Total Cost": 4.4, "Plan Rows": 2, "Plan Width": 12, "Recheck Cond": "(movie_id = at.movie_id)", "Plans": [{"Node Type": "Bitmap Index Scan", "Parent Relationship": "Outer", "Index Name": "movie_id_movie_companies", "Startup Cost": 0.0, "Total Cost": 0.37, "Plan Rows": 2, "Plan Width": 0, "Index Cond": "(movie_id = at.movie_id)"}]}]}, {"Node Type": "Bitmap Heap Scan", "Parent Relationship": "Inner", "Relation Name": "company_name", "Alias": "cn", "Startup Cost": 0.26, "Total Cost": 4.27, "Plan Rows": 1, "Plan Width": 4, "Recheck Cond": "(id = mc.company_id)", "Filter": "((country_code)::text = '[us]'::text)", "Plans": [{"Node Type": "Bitmap Index Scan", "Parent Relationship": "Outer", "Index Name": "company_name_pkey", "Startup Cost": 0.0, "Total Cost": 0.26, "Plan Rows": 1, "Plan Width": 0, "Index Cond": "(id = mc.company_id)"}]}]}, {"Node Type": "Bitmap Heap Scan", "Parent Relationship": "Inner", "Relation Name": "company_type", "Alias": "ct", "Startup Cost": 0.26, "Total Cost": 4.27, "Plan Rows": 1, "Plan Width": 4, "Recheck Cond": "(id = mc.company_type_id)", "Plans": [{"Node Type": "Bitmap Index Scan", "Parent Relationship": "Outer", "Index Name": "company_type_pkey", "Startup Cost": 0.0, "Total Cost": 0.26, "Plan Rows": 1, "Plan Width": 0, "Index Cond": "(id = mc.company_type_id)"}]}]}, {"Node Type": "Bitmap Heap Scan", "Parent Relationship": "Inner", "Relation Name": "movie_keyword", "Alias": "mk", "Startup Cost": 0.34, "Total Cost": 4.44, "Plan Rows": 8, "Plan Width": 8, "Recheck Cond": "(movie_id = mc.movie_id)", "Plans": [{"Node Type": "Bitmap Index Scan", "Parent Relationship": "Outer", "Index Name": "movie_id_movie_keyword", "Startup Cost": 0.0, "Total Cost": 0.34, "Plan Rows": 8, "Plan Width": 0, "Index Cond": "(movie_id = mc.movie_id)"}]}]}, {"Node Type": "Bitmap Heap Scan", "Parent Relationship": "Inner", "Relation Name": "keyword", "Alias": "k", "Startup Cost": 0.26, "Total Cost": 4.27, "Plan Rows": 1, "Plan Width": 4, "Recheck Cond": "(id = mk.keyword_id)", "Plans": [{"Node Type": "Bitmap Index Scan", "Parent Relationship": "Outer", "Index Name": "keyword_pkey", "Startup Cost": 0.0, "Total Cost": 0.26, "Plan Rows": 1, "Plan Width": 0, "Index Cond": "(id = mk.keyword_id)"}]}]}, {"Node Type": "Bitmap Heap Scan", "Parent Relationship": "Inner", "Relation Name": "title", "Alias": "t", "Startup Cost": 0.27, "Total Cost": 4.28, "Plan Rows": 1, "Plan Width": 21, "Recheck Cond": "(id = mk.movie_id)", "Filter": "(production_year > 1990)", "Plans": [{"Node Type": "Bitmap Index Scan", "Parent Relationship": "Outer", "Index Name": "title_pkey", "Startup Cost": 0.0, "Total Cost": 0.27, "Plan Rows": 1, "Plan Width": 0, "Index Cond": "(id = mk.movie_id)"}]}]}]}, "Unique SQL Id": 2302223328, "Planner Runtime": 24}, "explain_analyze_plan": null}, "(1, 56)": {"explain_plan": {"Plan": {"Node Type": "Aggregate", "Strategy": "Plain", "Startup Cost": 337380.96, "Total Cost": 337380.97, "Plan Rows": 1, "Plan Width": 102, "Plans": [{"Node Type": "Nested Loop", "Parent Relationship": "Outer", "Join Type": "Inner", "Startup Cost": 0.0, "Total Cost": 337346.77, "Plan Rows": 6838, "Plan Width": 38, "Inner Unique": false, "Join Filter": "(t.id = at.movie_id)", "Plans": [{"Node Type": "Nested Loop", "Parent Relationship": "Outer", "Join Type": "Inner", "Startup Cost": 0.0, "Total Cost": 336548.15, "Plan Rows": 2257, "Plan Width": 33, "Inner Unique": true, "Plans": [{"Node Type": "Nested Loop", "Parent Relationship": "Outer", "Join Type": "Inner", "Startup Cost": 0.0, "Total Cost": 335916.16, "Plan Rows": 2257, "Plan Width": 37, "Inner Unique": false, "Join Filter": "(t.id = mk.movie_id)", "Plans": [{"Node Type": "Nested Loop", "Parent Relationship": "Outer", "Join Type": "Inner", "Startup Cost": 0.0, "Total Cost": 335759.82, "Plan Rows": 278, "Plan Width": 29, "Inner Unique": true, "Join Filter": "(mc.company_type_id = ct.id)", "Plans": [{"Node Type": "Nested Loop", "Parent Relationship": "Outer", "Join Type": "Inner", "Startup Cost": 0.0, "Total Cost": 335737.27, "Plan Rows": 478, "Plan Width": 33, "Inner Unique": true, "Plans": [{"Node Type": "Nested Loop", "Parent Relationship": "Outer", "Join Type": "Inner", "Startup Cost": 0.0, "Total Cost": 335573.88, "Plan Rows": 568, "Plan Width": 37, "Inner Unique": false, "Plans": [{"Node Type": "Nested Loop", "Parent Relationship": "Outer", "Join Type": "Inner", "Startup Cost": 0.0, "Total Cost": 335476.03, "Plan Rows": 266, "Plan Width": 25, "Inner Unique": true, "Plans": [{"Node Type": "Nested Loop", "Parent Relationship": "Outer", "Join Type": "Inner", "Startup Cost": 0.0, "Total Cost": 334332.71, "Plan Rows": 192, "Plan Width": 4, "Inner Unique": false, "Join Filter": "(it1.id = mi.info_type_id)", "Plans": [{"Node Type": "Seq Scan", "Parent Relationship": "Outer", "Relation Name": "info_type", "Alias": "it1", "Startup Cost": 0.0, "Total Cost": 2.4, "Plan Rows": 1, "Plan Width": 4, "Filter": "((info)::text = 'release dates'::text)"}, {"Node Type": "Seq Scan", "Parent Relationship": "Inner", "Relation Name": "movie_info", "Alias": "mi", "Startup Cost": 0.0, "Total Cost": 334162.58, "Plan Rows": 13419, "Plan Width": 8, "Filter": "((note)::text ~~ '%internet%'::text)"}]}, {"Node Type": "Index Scan", "Parent Relationship": "Inner", "Scan Direction": "Forward", "Index Name": "title_pkey", "Relation Name": "title", "Alias": "t", "Startup Cost": 0.0, "Total Cost": 5.94, "Plan Rows": 1, "Plan Width": 21, "Index Cond": "(id = mi.movie_id)", "Filter": "(production_year > 1990)"}]}, {"Node Type": "Index Scan", "Parent Relationship": "Inner", "Scan Direction": "Forward", "Index Name": "movie_id_movie_companies", "Relation Name": "movie_companies", "Alias": "mc", "Startup Cost": 0.0, "Total Cost": 0.35, "Plan Rows": 2, "Plan Width": 12, "Index Cond": "(movie_id = t.id)"}]}, {"Node Type": "Index Scan", "Parent Relationship": "Inner", "Scan Direction": "Forward", "Index Name": "company_name_pkey", "Relation Name": "company_name", "Alias": "cn", "Startup Cost": 0.0, "Total Cost": 0.28, "Plan Rows": 1, "Plan Width": 4, "Index Cond": "(id = mc.company_id)", "Filter": "((country_code)::text = '[us]'::text)"}]}, {"Node Type": "Materialize", "Parent Relationship": "Inner", "Startup Cost": 0.0, "Total Cost": 1.04, "Plan Rows": 3, "Plan Width": 4, "Plans": [{"Node Type": "Seq Scan", "Parent Relationship": "Outer", "Relation Name": "company_type", "Alias": "ct", "Startup Cost": 0.0, "Total Cost": 1.03, "Plan Rows": 3, "Plan Width": 4}]}]}, {"Node Type": "Index Scan", "Parent Relationship": "Inner", "Scan Direction": "Forward", "Index Name": "movie_id_movie_keyword", "Relation Name": "movie_keyword", "Alias": "mk", "Startup Cost": 0.0, "Total Cost": 0.46, "Plan Rows": 8, "Plan Width": 8, "Index Cond": "(movie_id = mc.movie_id)"}]}, {"Node Type": "Index Only Scan", "Parent Relationship": "Inner", "Scan Direction": "Forward", "Index Name": "keyword_pkey", "Relation Name": "keyword", "Alias": "k", "Startup Cost": 0.0, "Total Cost": 0.27, "Plan Rows": 1, "Plan Width": 4, "Index Cond": "(id = mk.keyword_id)"}]}, {"Node Type": "Index Scan", "Parent Relationship": "Inner", "Scan Direction": "Forward", "Index Name": "movie_id_aka_title", "Relation Name": "aka_title", "Alias": "at", "Startup Cost": 0.0, "Total Cost": 0.32, "Plan Rows": 3, "Plan Width": 25, "Index Cond": "(movie_id = mk.movie_id)"}]}]}, "Unique SQL Id": 2302223328, "Planner Runtime": 25}, "explain_analyze_plan": null}, "(1, 57)": {"explain_plan": {"Plan": {"Node Type": "Aggregate", "Strategy": "Plain", "Startup Cost": 498755.15, "Total Cost": 498755.16, "Plan Rows": 1, "Plan Width": 102, "Plans": [{"Node Type": "Nested Loop", "Parent Relationship": "Outer", "Join Type": "Inner", "Startup Cost": 0.0, "Total Cost": 498720.96, "Plan Rows": 6838, "Plan Width": 38, "Inner Unique": false, "Join Filter": "(t.id = at.movie_id)", "Plans": [{"Node Type": "Nested Loop", "Parent Relationship": "Outer", "Join Type": "Inner", "Startup Cost": 0.0, "Total Cost": 497922.35, "Plan Rows": 2257, "Plan Width": 33, "Inner Unique": true, "Plans": [{"Node Type": "Nested Loop", "Parent Relationship": "Outer", "Join Type": "Inner", "Startup Cost": 0.0, "Total Cost": 497290.36, "Plan Rows": 2257, "Plan Width": 37, "Inner Unique": false, "Join Filter": "(t.id = mk.movie_id)", "Plans": [{"Node Type": "Nested Loop", "Parent Relationship": "Outer", "Join Type": "Inner", "Startup Cost": 0.0, "Total Cost": 497134.02, "Plan Rows": 278, "Plan Width": 29, "Inner Unique": true, "Join Filter": "(mc.company_type_id = ct.id)", "Plans": [{"Node Type": "Nested Loop", "Parent Relationship": "Outer", "Join Type": "Inner", "Startup Cost": 0.0, "Total Cost": 497104.2, "Plan Rows": 478, "Plan Width": 33, "Inner Unique": true, "Plans": [{"Node Type": "Nested Loop", "Parent Relationship": "Outer", "Join Type": "Inner", "Startup Cost": 0.0, "Total Cost": 496940.81, "Plan Rows": 568, "Plan Width": 37, "Inner Unique": false, "Plans": [{"Node Type": "Nested Loop", "Parent Relationship": "Outer", "Join Type": "Inner", "Startup Cost": 0.0, "Total Cost": 496842.96, "Plan Rows": 266, "Plan Width": 25, "Inner Unique": true, "Plans": [{"Node Type": "Nested Loop", "Parent Relationship": "Outer", "Join Type": "Inner", "Startup Cost": 0.0, "Total Cost": 495699.65, "Plan Rows": 192, "Plan Width": 4, "Inner Unique": false, "Plans": [{"Node Type": "Index Scan", "Parent Relationship": "Outer", "Scan Direction": "Forward", "Index Name": "info_type_pkey", "Relation Name": "info_type", "Alias": "it1", "Startup Cost": 0.0, "Total Cost": 14.21, "Plan Rows": 1, "Plan Width": 4, "Filter": "((info)::text = 'release dates'::text)"}, {"Node Type": "Index Scan", "Parent Relationship": "Inner", "Scan Direction": "Forward", "Index Name": "info_type_id_movie_info", "Relation Name": "movie_info", "Alias": "mi", "Startup Cost": 0.0, "Total Cost": 495683.52, "Plan Rows": 192, "Plan Width": 8, "Index Cond": "(info_type_id = it1.id)", "Filter": "((note)::text ~~ '%internet%'::text)"}]}, {"Node Type": "Index Scan", "Parent Relationship": "Inner", "Scan Direction": "Forward", "Index Name": "title_pkey", "Relation Name": "title", "Alias": "t", "Startup Cost": 0.0, "Total Cost": 5.94, "Plan Rows": 1, "Plan Width": 21, "Index Cond": "(id = mi.movie_id)", "Filter": "(production_year > 1990)"}]}, {"Node Type": "Index Scan", "Parent Relationship": "Inner", "Scan Direction": "Forward", "Index Name": "movie_id_movie_companies", "Relation Name": "movie_companies", "Alias": "mc", "Startup Cost": 0.0, "Total Cost": 0.35, "Plan Rows": 2, "Plan Width": 12, "Index Cond": "(movie_id = t.id)"}]}, {"Node Type": "Index Scan", "Parent Relationship": "Inner", "Scan Direction": "Forward", "Index Name": "company_name_pkey", "Relation Name": "company_name", "Alias": "cn", "Startup Cost": 0.0, "Total Cost": 0.28, "Plan Rows": 1, "Plan Width": 4, "Index Cond": "(id = mc.company_id)", "Filter": "((country_code)::text = '[us]'::text)"}]}, {"Node Type": "Materialize", "Parent Relationship": "Inner", "Startup Cost": 0.0, "Total Cost": 8.31, "Plan Rows": 3, "Plan Width": 4, "Plans": [{"Node Type": "Index Only Scan", "Parent Relationship": "Outer", "Scan Direction": "Forward", "Index Name": "company_type_pkey", "Relation Name": "company_type", "Alias": "ct", "Startup Cost": 0.0, "Total Cost": 8.29, "Plan Rows": 3, "Plan Width": 4}]}]}, {"Node Type": "Index Scan", "Parent Relationship": "Inner", "Scan Direction": "Forward", "Index Name": "movie_id_movie_keyword", "Relation Name": "movie_keyword", "Alias": "mk", "Startup Cost": 0.0, "Total Cost": 0.46, "Plan Rows": 8, "Plan Width": 8, "Index Cond": "(movie_id = mc.movie_id)"}]}, {"Node Type": "Index Only Scan", "Parent Relationship": "Inner", "Scan Direction": "Forward", "Index Name": "keyword_pkey", "Relation Name": "keyword", "Alias": "k", "Startup Cost": 0.0, "Total Cost": 0.27, "Plan Rows": 1, "Plan Width": 4, "Index Cond": "(id = mk.keyword_id)"}]}, {"Node Type": "Index Scan", "Parent Relationship": "Inner", "Scan Direction": "Forward", "Index Name": "movie_id_aka_title", "Relation Name": "aka_title", "Alias": "at", "Startup Cost": 0.0, "Total Cost": 0.32, "Plan Rows": 3, "Plan Width": 25, "Index Cond": "(movie_id = mk.movie_id)"}]}]}, "Unique SQL Id": 2302223328, "Planner Runtime": 25}, "explain_analyze_plan": {"Plan": {"Node Type": "Aggregate", "Strategy": "Plain", "Startup Cost": 498755.15, "Total Cost": 498755.16, "Plan Rows": 1, "Plan Width": 102, "Actual Startup Time": 1929.529, "Actual Total Time": 1929.53, "Actual Rows": 1, "Actual Loops": 1, "Plans": [{"Node Type": "Nested Loop", "Parent Relationship": "Outer", "Join Type": "Inner", "Startup Cost": 0.0, "Total Cost": 498720.96, "Plan Rows": 6838, "Plan Width": 38, "Actual Startup Time": 55.816, "Actual Total Time": 1926.596, "Actual Rows": 4371, "Actual Loops": 1, "Inner Unique": false, "Join Filter": "(t.id = at.movie_id)", "Rows Removed by Join Filter": 0, "Plans": [{"Node Type": "Nested Loop", "Parent Relationship": "Outer", "Join Type": "Inner", "Startup Cost": 0.0, "Total Cost": 497922.35, "Plan Rows": 2257, "Plan Width": 33, "Actual Startup Time": 0.238, "Actual Total Time": 1884.188, "Actual Rows": 14161, "Actual Loops": 1, "Inner Unique": true, "Plans": [{"Node Type": "Nested Loop", "Parent Relationship": "Outer", "Join Type": "Inner", "Startup Cost": 0.0, "Total Cost": 497290.36, "Plan Rows": 2257, "Plan Width": 37, "Actual Startup Time": 0.229, "Actual Total Time": 1834.589, "Actual Rows": 14161, "Actual Loops": 1, "Inner Unique": false, "Join Filter": "(t.id = mk.movie_id)", "Rows Removed by Join Filter": 0, "Plans": [{"Node Type": "Nested Loop", "Parent Relationship": "Outer", "Join Type": "Inner", "Startup Cost": 0.0, "Total Cost": 497134.02, "Plan Rows": 278, "Plan Width": 29, "Actual Startup Time": 0.218, "Actual Total Time": 1795.115, "Actual Rows": 5914, "Actual Loops": 1, "Inner Unique": true, "Join Filter": "(mc.company_type_id = ct.id)", "Rows Removed by Join Filter": 11829, "Plans": [{"Node Type": "Nested Loop", "Parent Relationship": "Outer", "Join Type": "Inner", "Startup Cost": 0.0, "Total Cost": 497104.2, "Plan Rows": 478, "Plan Width": 33, "Actual Startup Time": 0.118, "Actual Total Time": 1786.082, "Actual Rows": 9857, "Actual Loops": 1, "Inner Unique": true, "Plans": [{"Node Type": "Nested Loop", "Parent Relationship": "Outer", "Join Type": "Inner", "Startup Cost": 0.0, "Total Cost": 496940.81, "Plan Rows": 568, "Plan Width": 37, "Actual Startup Time": 0.106, "Actual Total Time": 1709.815, "Actual Rows": 14377, "Actual Loops": 1, "Inner Unique": false, "Plans": [{"Node Type": "Nested Loop", "Parent Relationship": "Outer", "Join Type": "Inner", "Startup Cost": 0.0, "Total Cost": 496842.96, "Plan Rows": 266, "Plan Width": 25, "Actual Startup Time": 0.095, "Actual Total Time": 1646.842, "Actual Rows": 10662, "Actual Loops": 1, "Inner Unique": true, "Plans": [{"Node Type": "Nested Loop", "Parent Relationship": "Outer", "Join Type": "Inner", "Startup Cost": 0.0, "Total Cost": 495699.65, "Plan Rows": 192, "Plan Width": 4, "Actual Startup Time": 0.081, "Actual Total Time": 1584.019, "Actual Rows": 10679, "Actual Loops": 1, "Inner Unique": false, "Plans": [{"Node Type": "Index Scan", "Parent Relationship": "Outer", "Scan Direction": "Forward", "Index Name": "info_type_pkey", "Relation Name": "info_type", "Alias": "it1", "Startup Cost": 0.0, "Total Cost": 14.21, "Plan Rows": 1, "Plan Width": 4, "Actual Startup Time": 0.05, "Actual Total Time": 0.095, "Actual Rows": 1, "Actual Loops": 1, "Filter": "((info)::text = 'release dates'::text)", "Rows Removed by Filter": 111}, {"Node Type": "Index Scan", "Parent Relationship": "Inner", "Scan Direction": "Forward", "Index Name": "info_type_id_movie_info", "Relation Name": "movie_info", "Alias": "mi", "Startup Cost": 0.0, "Total Cost": 495683.52, "Plan Rows": 192, "Plan Width": 8, "Actual Startup Time": 0.026, "Actual Total Time": 1581.108, "Actual Rows": 10679, "Actual Loops": 1, "Index Cond": "(info_type_id = it1.id)", "Rows Removed by Index Recheck": 0, "Filter": "((note)::text ~~ '%internet%'::text)", "Rows Removed by Filter": 3026040}]}, {"Node Type": "Index Scan", "Parent Relationship": "Inner", "Scan Direction": "Forward", "Index Name": "title_pkey", "Relation Name": "title", "Alias": "t", "Startup Cost": 0.0, "Total Cost": 5.94, "Plan Rows": 1, "Plan Width": 21, "Actual Startup Time": 52.174, "Actual Total Time": 52.174, "Actual Rows": 10662, "Actual Loops": 10679, "Index Cond": "(id = mi.movie_id)", "Rows Removed by Index Recheck": 0, "Filter": "(production_year > 1990)", "Rows Removed by Filter": 17}]}, {"Node Type": "Index Scan", "Parent Relationship": "Inner", "Scan Direction": "Forward", "Index Name": "movie_id_movie_companies", "Relation Name": "movie_companies", "Alias": "mc", "Startup Cost": 0.0, "Total Cost": 0.35, "Plan Rows": 2, "Plan Width": 12, "Actual Startup Time": 43.419, "Actual Total Time": 53.793, "Actual Rows": 14377, "Actual Loops": 10662, "Index Cond": "(movie_id = t.id)", "Rows Removed by Index Recheck": 0}]}, {"Node Type": "Index Scan", "Parent Relationship": "Inner", "Scan Direction": "Forward", "Index Name": "company_name_pkey", "Relation Name": "company_name", "Alias": "cn", "Startup Cost": 0.0, "Total Cost": 0.28, "Plan Rows": 1, "Plan Width": 4, "Actual Startup Time": 65.084, "Actual Total Time": 65.084, "Actual Rows": 9857, "Actual Loops": 14377, "Index Cond": "(id = mc.company_id)", "Rows Removed by Index Recheck": 0, "Filter": "((country_code)::text = '[us]'::text)", "Rows Removed by Filter": 4520}]}, {"Node Type": "Materialize", "Parent Relationship": "Inner", "Startup Cost": 0.0, "Total Cost": 8.31, "Plan Rows": 3, "Plan Width": 4, "Actual Startup Time": 1.189, "Actual Total Time": 2.222, "Actual Rows": 17743, "Actual Loops": 9857, "Plans": [{"Node Type": "Index Only Scan", "Parent Relationship": "Outer", "Scan Direction": "Forward", "Index Name": "company_type_pkey", "Relation Name": "company_type", "Alias": "ct", "Startup Cost": 0.0, "Total Cost": 8.29, "Plan Rows": 3, "Plan Width": 4, "Actual Startup Time": 0.005, "Actual Total Time": 0.008, "Actual Rows": 3, "Actual Loops": 1, "Heap Fetches": 0}]}]}, {"Node Type": "Index Scan", "Parent Relationship": "Inner", "Scan Direction": "Forward", "Index Name": "movie_id_movie_keyword", "Relation Name": "movie_keyword", "Alias": "mk", "Startup Cost": 0.0, "Total Cost": 0.46, "Plan Rows": 8, "Plan Width": 8, "Actual Startup Time": 23.911, "Actual Total Time": 30.402, "Actual Rows": 14161, "Actual Loops": 5914, "Index Cond": "(movie_id = mc.movie_id)", "Rows Removed by Index Recheck": 0}]}, {"Node Type": "Index Only Scan", "Parent Relationship": "Inner", "Scan Direction": "Forward", "Index Name": "keyword_pkey", "Relation Name": "keyword", "Alias": "k", "Startup Cost": 0.0, "Total Cost": 0.27, "Plan Rows": 1, "Plan Width": 4, "Actual Startup Time": 39.328, "Actual Total Time": 39.328, "Actual Rows": 14161, "Actual Loops": 14161, "Index Cond": "(id = mk.keyword_id)", "Rows Removed by Index Recheck": 0, "Heap Fetches": 0}]}, {"Node Type": "Index Scan", "Parent Relationship": "Inner", "Scan Direction": "Forward", "Index Name": "movie_id_aka_title", "Relation Name": "aka_title", "Alias": "at", "Startup Cost": 0.0, "Total Cost": 0.32, "Plan Rows": 3, "Plan Width": 25, "Actual Startup Time": 32.009, "Actual Total Time": 34.157, "Actual Rows": 4371, "Actual Loops": 14161, "Index Cond": "(movie_id = mk.movie_id)", "Rows Removed by Index Recheck": 0}]}]}, "Triggers": [], "Planner Runtime": 24, "Total Runtime": 1929.951, "Unique SQL Id": 2302223328}}, "(1, 58)": {"explain_plan": {"Plan": {"Node Type": "Aggregate", "Strategy": "Plain", "Startup Cost": 49478457.63, "Total Cost": 49478457.64, "Plan Rows": 1, "Plan Width": 102, "Plans": [{"Node Type": "Nested Loop", "Parent Relationship": "Outer", "Join Type": "Inner", "Startup Cost": 0.0, "Total Cost": 49478423.44, "Plan Rows": 6838, "Plan Width": 38, "Inner Unique": false, "Join Filter": "(t.id = at.movie_id)", "Plans": [{"Node Type": "Seq Scan", "Parent Relationship": "Outer", "Relation Name": "aka_title", "Alias": "at", "Startup Cost": 0.0, "Total Cost": 9894.71, "Plan Rows": 361471, "Plan Width": 25}, {"Node Type": "Materialize", "Parent Relationship": "Inner", "Startup Cost": 0.0, "Total Cost": 37230933.67, "Plan Rows": 2257, "Plan Width": 33, "Plans": [{"Node Type": "Nested Loop", "Parent Relationship": "Outer", "Join Type": "Inner", "Startup Cost": 0.0, "Total Cost": 37230922.38, "Plan Rows": 2257, "Plan Width": 33, "Inner Unique": false, "Join Filter": "(mk.keyword_id = k.id)", "Plans": [{"Node Type": "Seq Scan", "Parent Relationship": "Outer", "Relation Name": "keyword", "Alias": "k", "Startup Cost": 0.0, "Total Cost": 2100.69, "Plan Rows": 134169, "Plan Width": 4}, {"Node Type": "Materialize", "Parent Relationship": "Inner", "Startup Cost": 0.0, "Total Cost": 32686535.84, "Plan Rows": 2257, "Plan Width": 37, "Plans": [{"Node Type": "Nested Loop", "Parent Relationship": "Outer", "Join Type": "Inner", "Startup Cost": 0.0, "Total Cost": 32686524.55, "Plan Rows": 2257, "Plan Width": 37, "Inner Unique": false, "Join Filter": "(t.id = mk.movie_id)", "Plans": [{"Node Type": "Seq Scan", "Parent Relationship": "Outer", "Relation Name": "movie_keyword", "Alias": "mk", "Startup Cost": 0.0, "Total Cost": 62441.29, "Plan Rows": 4523929, "Plan Width": 8}, {"Node Type": "Materialize", "Parent Relationship": "Inner", "Startup Cost": 0.0, "Total Cost": 13759300.03, "Plan Rows": 278, "Plan Width": 29, "Plans": [{"Node Type": "Nested Loop", "Parent Relationship": "Outer", "Join Type": "Inner", "Startup Cost": 0.0, "Total Cost": 13759298.64, "Plan Rows": 278, "Plan Width": 29, "Inner Unique": false, "Join Filter": "(mi.movie_id = t.id)", "Plans": [{"Node Type": "Seq Scan", "Parent Relationship": "Outer", "Relation Name": "title", "Alias": "t", "Startup Cost": 0.0, "Total Cost": 66389.89, "Plan Rows": 1748840, "Plan Width": 21, "Filter": "(production_year > 1990), (LLVM Optimized)"}, {"Node Type": "Materialize", "Parent Relationship": "Inner", "Startup Cost": 0.0, "Total Cost": 8420156.66, "Plan Rows": 201, "Plan Width": 8, "Plans": [{"Node Type": "Nested Loop", "Parent Relationship": "Outer", "Join Type": "Inner", "Startup Cost": 0.0, "Total Cost": 8420155.65, "Plan Rows": 201, "Plan Width": 8, "Inner Unique": true, "Join Filter": "(mc.company_type_id = ct.id)", "Plans": [{"Node Type": "Nested Loop", "Parent Relationship": "Outer", "Join Type": "Inner", "Startup Cost": 0.0, "Total Cost": 8420139.09, "Plan Rows": 345, "Plan Width": 12, "Inner Unique": false, "Join Filter": "(mc.company_id = cn.id)", "Plans": [{"Node Type": "Seq Scan", "Parent Relationship": "Outer", "Relation Name": "company_name", "Alias": "cn", "Startup Cost": 0.0, "Total Cost": 5903.45, "Plan Rows": 85170, "Plan Width": 4, "Filter": "((country_code)::text = '[us]'::text)"}, {"Node Type": "Materialize", "Parent Relationship": "Inner", "Startup Cost": 0.0, "Total Cost": 7890441.16, "Plan Rows": 410, "Plan Width": 16, "Plans": [{"Node Type": "Nested Loop", "Parent Relationship": "Outer", "Join Type": "Inner", "Startup Cost": 0.0, "Total Cost": 7890439.11, "Plan Rows": 410, "Plan Width": 16, "Inner Unique": false, "Join Filter": "(mi.movie_id = mc.movie_id)", "Plans": [{"Node Type": "Seq Scan", "Parent Relationship": "Outer", "Relation Name": "movie_companies", "Alias": "mc", "Startup Cost": 0.0, "Total Cost": 41817.28, "Plan Rows": 2609128, "Plan Width": 12}, {"Node Type": "Materialize", "Parent Relationship": "Inner", "Startup Cost": 0.0, "Total Cost": 334333.67, "Plan Rows": 192, "Plan Width": 4, "Plans": [{"Node Type": "Nested Loop", "Parent Relationship": "Outer", "Join Type": "Inner", "Startup Cost": 0.0, "Total Cost": 334332.71, "Plan Rows": 192, "Plan Width": 4, "Inner Unique": false, "Join Filter": "(it1.id = mi.info_type_id)", "Plans": [{"Node Type": "Seq Scan", "Parent Relationship": "Outer", "Relation Name": "info_type", "Alias": "it1", "Startup Cost": 0.0, "Total Cost": 2.4, "Plan Rows": 1, "Plan Width": 4, "Filter": "((info)::text = 'release dates'::text)"}, {"Node Type": "Seq Scan", "Parent Relationship": "Inner", "Relation Name": "movie_info", "Alias": "mi", "Startup Cost": 0.0, "Total Cost": 334162.58, "Plan Rows": 13419, "Plan Width": 8, "Filter": "((note)::text ~~ '%internet%'::text)"}]}]}]}]}]}, {"Node Type": "Materialize", "Parent Relationship": "Inner", "Startup Cost": 0.0, "Total Cost": 1.04, "Plan Rows": 3, "Plan Width": 4, "Plans": [{"Node Type": "Seq Scan", "Parent Relationship": "Outer", "Relation Name": "company_type", "Alias": "ct", "Startup Cost": 0.0, "Total Cost": 1.03, "Plan Rows": 3, "Plan Width": 4}]}]}]}]}]}]}]}]}]}]}]}, "Unique SQL Id": 2302223328, "Planner Runtime": 26}, "explain_analyze_plan": null}, "(1, 59)": {"explain_plan": {"Plan": {"Node Type": "Aggregate", "Strategy": "Plain", "Startup Cost": 9000196009590.57, "Total Cost": 9000196009590.58, "Plan Rows": 1, "Plan Width": 102, "Plans": [{"Node Type": "Nested Loop", "Parent Relationship": "Outer", "Join Type": "Inner", "Startup Cost": 90000000000.0, "Total Cost": 9000196009556.38, "Plan Rows": 6838, "Plan Width": 38, "Inner Unique": false, "Join Filter": "(t.id = at.movie_id)", "Plans": [{"Node Type": "Nested Loop", "Parent Relationship": "Outer", "Join Type": "Inner", "Startup Cost": 80000000000.0, "Total Cost": 8000181781050.87, "Plan Rows": 2257, "Plan Width": 33, "Inner Unique": true, "Join Filter": "(mk.keyword_id = k.id)", "Plans": [{"Node Type": "Nested Loop", "Parent Relationship": "Outer", "Join Type": "Inner", "Startup Cost": 70000000000.0, "Total Cost": 7000177032345.45, "Plan Rows": 2257, "Plan Width": 37, "Inner Unique": false, "Join Filter": "(t.id = mk.movie_id)", "Plans": [{"Node Type": "Index Scan", "Parent Relationship": "Outer", "Scan Direction": "Forward", "Index Name": "movie_id_movie_keyword", "Relation Name": "movie_keyword", "Alias": "mk", "Startup Cost": 10000000000.0, "Total Cost": 1000015300634.17, "Plan Rows": 4523929, "Plan Width": 8}, {"Node Type": "Materialize", "Parent Relationship": "Inner", "Startup Cost": 60000000000.0, "Total Cost": 6000142866928.05, "Plan Rows": 278, "Plan Width": 29, "Plans": [{"Node Type": "Nested Loop", "Parent Relationship": "Outer", "Join Type": "Inner", "Startup Cost": 60000000000.0, "Total Cost": 6000142866926.66, "Plan Rows": 278, "Plan Width": 29, "Inner Unique": false, "Join Filter": "(mi.movie_id = t.id)", "Plans": [{"Node Type": "Index Scan", "Parent Relationship": "Outer", "Scan Direction": "Forward", "Index Name": "title_pkey", "Relation Name": "title", "Alias": "t", "Startup Cost": 10000000000.0, "Total Cost": 1000011644126.66, "Plan Rows": 1748840, "Plan Width": 21, "Filter": "(production_year > 1990), (LLVM Optimized)"}, {"Node Type": "Materialize", "Parent Relationship": "Inner", "Startup Cost": 50000000000.0, "Total Cost": 5000125950047.9, "Plan Rows": 201, "Plan Width": 8, "Plans": [{"Node Type": "Nested Loop", "Parent Relationship": "Outer", "Join Type": "Inner", "Startup Cost": 50000000000.0, "Total Cost": 5000125950046.89, "Plan Rows": 201, "Plan Width": 8, "Inner Unique": true, "Join Filter": "(mc.company_type_id = ct.id)", "Plans": [{"Node Type": "Nested Loop", "Parent Relationship": "Outer", "Join Type": "Inner", "Startup Cost": 40000000000.0, "Total Cost": 4000125949201.86, "Plan Rows": 345, "Plan Width": 12, "Inner Unique": true, "Join Filter": "(mc.company_id = cn.id)", "Plans": [{"Node Type": "Nested Loop", "Parent Relationship": "Outer", "Join Type": "Inner", "Startup Cost": 30000000000.0, "Total Cost": 3000124375054.46, "Plan Rows": 410, "Plan Width": 16, "Inner Unique": false, "Join Filter": "(mi.movie_id = mc.movie_id)", "Plans": [{"Node Type": "Nested Loop", "Parent Relationship": "Outer", "Join Type": "Inner", "Startup Cost": 20000000000.0, "Total Cost": 2000107536026.0, "Plan Rows": 192, "Plan Width": 4, "Inner Unique": true, "Join Filter": "(it1.id = mi.info_type_id)", "Plans": [{"Node Type": "Index Scan", "Parent Relationship": "Outer", "Scan Direction": "Forward", "Index Name": "movie_id_movie_info", "Relation Name": "movie_info", "Alias": "mi", "Startup Cost": 10000000000.0, "Total Cost": 1000107534403.72, "Plan Rows": 13419, "Plan Width": 8, "Filter": "((note)::text ~~ '%internet%'::text)"}, {"Node Type": "Materialize", "Parent Relationship": "Inner", "Startup Cost": 10000000000.0, "Total Cost": 1000000001421.0, "Plan Rows": 1, "Plan Width": 4, "Plans": [{"Node Type": "Index Scan", "Parent Relationship": "Outer", "Scan Direction": "Forward", "Index Name": "info_type_pkey", "Relation Name": "info_type", "Alias": "it1", "Startup Cost": 10000000000.0, "Total Cost": 1000000001421.0, "Plan Rows": 1, "Plan Width": 4, "Filter": "((info)::text = 'release dates'::text)"}]}]}, {"Node Type": "Materialize", "Parent Relationship": "Inner", "Startup Cost": 10000000000.0, "Total Cost": 1000009331262.64, "Plan Rows": 2609128, "Plan Width": 12, "Plans": [{"Node Type": "Index Scan", "Parent Relationship": "Outer", "Scan Direction": "Forward", "Index Name": "company_type_id_movie_companies", "Relation Name": "movie_companies", "Alias": "mc", "Startup Cost": 10000000000.0, "Total Cost": 1000009318217.0, "Plan Rows": 2609128, "Plan Width": 12}]}]}, {"Node Type": "Materialize", "Parent Relationship": "Inner", "Startup Cost": 10000000000.0, "Total Cost": 1000001050564.82, "Plan Rows": 85170, "Plan Width": 4, "Plans": [{"Node Type": "Index Scan", "Parent Relationship": "Outer", "Scan Direction": "Forward", "Index Name": "company_name_pkey", "Relation Name": "company_name", "Alias": "cn", "Startup Cost": 10000000000.0, "Total Cost": 1000001050138.97, "Plan Rows": 85170, "Plan Width": 4, "Filter": "((country_code)::text = '[us]'::text)"}]}]}, {"Node Type": "Materialize", "Parent Relationship": "Inner", "Startup Cost": 10000000000.0, "Total Cost": 1000000000829.52, "Plan Rows": 3, "Plan Width": 4, "Plans": [{"Node Type": "Index Only Scan", "Parent Relationship": "Outer", "Scan Direction": "Forward", "Index Name": "company_type_pkey", "Relation Name": "company_type", "Alias": "ct", "Startup Cost": 10000000000.0, "Total Cost": 1000000000829.5, "Plan Rows": 3, "Plan Width": 4}]}]}]}]}]}]}, {"Node Type": "Materialize", "Parent Relationship": "Inner", "Startup Cost": 10000000000.0, "Total Cost": 1000000206749.34, "Plan Rows": 134169, "Plan Width": 4, "Plans": [{"Node Type": "Index Only Scan", "Parent Relationship": "Outer", "Scan Direction": "Forward", "Index Name": "keyword_pkey", "Relation Name": "keyword", "Alias": "k", "Startup Cost": 10000000000.0, "Total Cost": 1000000206078.5, "Plan Rows": 134169, "Plan Width": 4}]}]}, {"Node Type": "Materialize", "Parent Relationship": "Inner", "Startup Cost": 10000000000.0, "Total Cost": 1000001991808.49, "Plan Rows": 361471, "Plan Width": 25, "Plans": [{"Node Type": "Index Scan", "Parent Relationship": "Outer", "Scan Direction": "Forward", "Index Name": "movie_id_aka_title", "Relation Name": "aka_title", "Alias": "at", "Startup Cost": 10000000000.0, "Total Cost": 1000001990001.13, "Plan Rows": 361471, "Plan Width": 25}]}]}]}, "Unique SQL Id": 2302223328, "Planner Runtime": 24}, "explain_analyze_plan": null}, "(1, 60)": {"explain_plan": {"Plan": {"Node Type": "Aggregate", "Strategy": "Plain", "Startup Cost": 337382.47, "Total Cost": 337382.48, "Plan Rows": 1, "Plan Width": 102, "Plans": [{"Node Type": "Nested Loop", "Parent Relationship": "Outer", "Join Type": "Inner", "Startup Cost": 0.0, "Total Cost": 337348.28, "Plan Rows": 6838, "Plan Width": 38, "Inner Unique": false, "Join Filter": "(t.id = at.movie_id)", "Plans": [{"Node Type": "Nested Loop", "Parent Relationship": "Outer", "Join Type": "Inner", "Startup Cost": 0.0, "Total Cost": 336549.66, "Plan Rows": 2257, "Plan Width": 33, "Inner Unique": true, "Plans": [{"Node Type": "Nested Loop", "Parent Relationship": "Outer", "Join Type": "Inner", "Startup Cost": 0.0, "Total Cost": 335916.16, "Plan Rows": 2257, "Plan Width": 37, "Inner Unique": false, "Join Filter": "(t.id = mk.movie_id)", "Plans": [{"Node Type": "Nested Loop", "Parent Relationship": "Outer", "Join Type": "Inner", "Startup Cost": 0.0, "Total Cost": 335759.82, "Plan Rows": 278, "Plan Width": 29, "Inner Unique": true, "Join Filter": "(mc.company_type_id = ct.id)", "Plans": [{"Node Type": "Nested Loop", "Parent Relationship": "Outer", "Join Type": "Inner", "Startup Cost": 0.0, "Total Cost": 335737.27, "Plan Rows": 478, "Plan Width": 33, "Inner Unique": true, "Plans": [{"Node Type": "Nested Loop", "Parent Relationship": "Outer", "Join Type": "Inner", "Startup Cost": 0.0, "Total Cost": 335573.88, "Plan Rows": 568, "Plan Width": 37, "Inner Unique": false, "Plans": [{"Node Type": "Nested Loop", "Parent Relationship": "Outer", "Join Type": "Inner", "Startup Cost": 0.0, "Total Cost": 335476.03, "Plan Rows": 266, "Plan Width": 25, "Inner Unique": true, "Plans": [{"Node Type": "Nested Loop", "Parent Relationship": "Outer", "Join Type": "Inner", "Startup Cost": 0.0, "Total Cost": 334332.71, "Plan Rows": 192, "Plan Width": 4, "Inner Unique": false, "Join Filter": "(it1.id = mi.info_type_id)", "Plans": [{"Node Type": "Seq Scan", "Parent Relationship": "Outer", "Relation Name": "info_type", "Alias": "it1", "Startup Cost": 0.0, "Total Cost": 2.4, "Plan Rows": 1, "Plan Width": 4, "Filter": "((info)::text = 'release dates'::text)"}, {"Node Type": "Seq Scan", "Parent Relationship": "Inner", "Relation Name": "movie_info", "Alias": "mi", "Startup Cost": 0.0, "Total Cost": 334162.58, "Plan Rows": 13419, "Plan Width": 8, "Filter": "((note)::text ~~ '%internet%'::text)"}]}, {"Node Type": "Index Scan", "Parent Relationship": "Inner", "Scan Direction": "Forward", "Index Name": "title_pkey", "Relation Name": "title", "Alias": "t", "Startup Cost": 0.0, "Total Cost": 5.94, "Plan Rows": 1, "Plan Width": 21, "Index Cond": "(id = mi.movie_id)", "Filter": "(production_year > 1990)"}]}, {"Node Type": "Index Scan", "Parent Relationship": "Inner", "Scan Direction": "Forward", "Index Name": "movie_id_movie_companies", "Relation Name": "movie_companies", "Alias": "mc", "Startup Cost": 0.0, "Total Cost": 0.35, "Plan Rows": 2, "Plan Width": 12, "Index Cond": "(movie_id = t.id)"}]}, {"Node Type": "Index Scan", "Parent Relationship": "Inner", "Scan Direction": "Forward", "Index Name": "company_name_pkey", "Relation Name": "company_name", "Alias": "cn", "Startup Cost": 0.0, "Total Cost": 0.28, "Plan Rows": 1, "Plan Width": 4, "Index Cond": "(id = mc.company_id)", "Filter": "((country_code)::text = '[us]'::text)"}]}, {"Node Type": "Materialize", "Parent Relationship": "Inner", "Startup Cost": 0.0, "Total Cost": 1.04, "Plan Rows": 3, "Plan Width": 4, "Plans": [{"Node Type": "Seq Scan", "Parent Relationship": "Outer", "Relation Name": "company_type", "Alias": "ct", "Startup Cost": 0.0, "Total Cost": 1.03, "Plan Rows": 3, "Plan Width": 4}]}]}, {"Node Type": "Index Scan", "Parent Relationship": "Inner", "Scan Direction": "Forward", "Index Name": "movie_id_movie_keyword", "Relation Name": "movie_keyword", "Alias": "mk", "Startup Cost": 0.0, "Total Cost": 0.46, "Plan Rows": 8, "Plan Width": 8, "Index Cond": "(movie_id = mc.movie_id)"}]}, {"Node Type": "Index Scan", "Parent Relationship": "Inner", "Scan Direction": "Forward", "Index Name": "keyword_pkey", "Relation Name": "keyword", "Alias": "k", "Startup Cost": 0.0, "Total Cost": 0.27, "Plan Rows": 1, "Plan Width": 4, "Index Cond": "(id = mk.keyword_id)"}]}, {"Node Type": "Index Scan", "Parent Relationship": "Inner", "Scan Direction": "Forward", "Index Name": "movie_id_aka_title", "Relation Name": "aka_title", "Alias": "at", "Startup Cost": 0.0, "Total Cost": 0.32, "Plan Rows": 3, "Plan Width": 25, "Index Cond": "(movie_id = mk.movie_id)"}]}]}, "Unique SQL Id": 2302223328, "Planner Runtime": 26}, "explain_analyze_plan": null}, "(1, 61)": {"explain_plan": {"Plan": {"Node Type": "Aggregate", "Strategy": "Plain", "Startup Cost": 498760.67, "Total Cost": 498760.68, "Plan Rows": 1, "Plan Width": 102, "Plans": [{"Node Type": "Nested Loop", "Parent Relationship": "Outer", "Join Type": "Inner", "Startup Cost": 0.0, "Total Cost": 498726.48, "Plan Rows": 6838, "Plan Width": 38, "Inner Unique": false, "Join Filter": "(t.id = at.movie_id)", "Plans": [{"Node Type": "Nested Loop", "Parent Relationship": "Outer", "Join Type": "Inner", "Startup Cost": 0.0, "Total Cost": 497927.86, "Plan Rows": 2257, "Plan Width": 33, "Inner Unique": true, "Plans": [{"Node Type": "Nested Loop", "Parent Relationship": "Outer", "Join Type": "Inner", "Startup Cost": 0.0, "Total Cost": 497294.36, "Plan Rows": 2257, "Plan Width": 37, "Inner Unique": false, "Join Filter": "(t.id = mk.movie_id)", "Plans": [{"Node Type": "Nested Loop", "Parent Relationship": "Outer", "Join Type": "Inner", "Startup Cost": 0.0, "Total Cost": 497138.02, "Plan Rows": 278, "Plan Width": 29, "Inner Unique": true, "Join Filter": "(mc.company_type_id = ct.id)", "Plans": [{"Node Type": "Nested Loop", "Parent Relationship": "Outer", "Join Type": "Inner", "Startup Cost": 0.0, "Total Cost": 497104.2, "Plan Rows": 478, "Plan Width": 33, "Inner Unique": true, "Plans": [{"Node Type": "Nested Loop", "Parent Relationship": "Outer", "Join Type": "Inner", "Startup Cost": 0.0, "Total Cost": 496940.81, "Plan Rows": 568, "Plan Width": 37, "Inner Unique": false, "Plans": [{"Node Type": "Nested Loop", "Parent Relationship": "Outer", "Join Type": "Inner", "Startup Cost": 0.0, "Total Cost": 496842.96, "Plan Rows": 266, "Plan Width": 25, "Inner Unique": true, "Plans": [{"Node Type": "Nested Loop", "Parent Relationship": "Outer", "Join Type": "Inner", "Startup Cost": 0.0, "Total Cost": 495699.65, "Plan Rows": 192, "Plan Width": 4, "Inner Unique": false, "Plans": [{"Node Type": "Index Scan", "Parent Relationship": "Outer", "Scan Direction": "Forward", "Index Name": "info_type_pkey", "Relation Name": "info_type", "Alias": "it1", "Startup Cost": 0.0, "Total Cost": 14.21, "Plan Rows": 1, "Plan Width": 4, "Filter": "((info)::text = 'release dates'::text)"}, {"Node Type": "Index Scan", "Parent Relationship": "Inner", "Scan Direction": "Forward", "Index Name": "info_type_id_movie_info", "Relation Name": "movie_info", "Alias": "mi", "Startup Cost": 0.0, "Total Cost": 495683.52, "Plan Rows": 192, "Plan Width": 8, "Index Cond": "(info_type_id = it1.id)", "Filter": "((note)::text ~~ '%internet%'::text)"}]}, {"Node Type": "Index Scan", "Parent Relationship": "Inner", "Scan Direction": "Forward", "Index Name": "title_pkey", "Relation Name": "title", "Alias": "t", "Startup Cost": 0.0, "Total Cost": 5.94, "Plan Rows": 1, "Plan Width": 21, "Index Cond": "(id = mi.movie_id)", "Filter": "(production_year > 1990)"}]}, {"Node Type": "Index Scan", "Parent Relationship": "Inner", "Scan Direction": "Forward", "Index Name": "movie_id_movie_companies", "Relation Name": "movie_companies", "Alias": "mc", "Startup Cost": 0.0, "Total Cost": 0.35, "Plan Rows": 2, "Plan Width": 12, "Index Cond": "(movie_id = t.id)"}]}, {"Node Type": "Index Scan", "Parent Relationship": "Inner", "Scan Direction": "Forward", "Index Name": "company_name_pkey", "Relation Name": "company_name", "Alias": "cn", "Startup Cost": 0.0, "Total Cost": 0.28, "Plan Rows": 1, "Plan Width": 4, "Index Cond": "(id = mc.company_id)", "Filter": "((country_code)::text = '[us]'::text)"}]}, {"Node Type": "Materialize", "Parent Relationship": "Inner", "Startup Cost": 0.0, "Total Cost": 12.31, "Plan Rows": 3, "Plan Width": 4, "Plans": [{"Node Type": "Index Scan", "Parent Relationship": "Outer", "Scan Direction": "Forward", "Index Name": "company_type_pkey", "Relation Name": "company_type", "Alias": "ct", "Startup Cost": 0.0, "Total Cost": 12.29, "Plan Rows": 3, "Plan Width": 4}]}]}, {"Node Type": "Index Scan", "Parent Relationship": "Inner", "Scan Direction": "Forward", "Index Name": "movie_id_movie_keyword", "Relation Name": "movie_keyword", "Alias": "mk", "Startup Cost": 0.0, "Total Cost": 0.46, "Plan Rows": 8, "Plan Width": 8, "Index Cond": "(movie_id = mc.movie_id)"}]}, {"Node Type": "Index Scan", "Parent Relationship": "Inner", "Scan Direction": "Forward", "Index Name": "keyword_pkey", "Relation Name": "keyword", "Alias": "k", "Startup Cost": 0.0, "Total Cost": 0.27, "Plan Rows": 1, "Plan Width": 4, "Index Cond": "(id = mk.keyword_id)"}]}, {"Node Type": "Index Scan", "Parent Relationship": "Inner", "Scan Direction": "Forward", "Index Name": "movie_id_aka_title", "Relation Name": "aka_title", "Alias": "at", "Startup Cost": 0.0, "Total Cost": 0.32, "Plan Rows": 3, "Plan Width": 25, "Index Cond": "(movie_id = mk.movie_id)"}]}]}, "Unique SQL Id": 2302223328, "Planner Runtime": 25}, "explain_analyze_plan": {"Plan": {"Node Type": "Aggregate", "Strategy": "Plain", "Startup Cost": 498760.67, "Total Cost": 498760.68, "Plan Rows": 1, "Plan Width": 102, "Actual Startup Time": 2049.049, "Actual Total Time": 2049.049, "Actual Rows": 1, "Actual Loops": 1, "Plans": [{"Node Type": "Nested Loop", "Parent Relationship": "Outer", "Join Type": "Inner", "Startup Cost": 0.0, "Total Cost": 498726.48, "Plan Rows": 6838, "Plan Width": 38, "Actual Startup Time": 56.537, "Actual Total Time": 2046.139, "Actual Rows": 4371, "Actual Loops": 1, "Inner Unique": false, "Join Filter": "(t.id = at.movie_id)", "Rows Removed by Join Filter": 0, "Plans": [{"Node Type": "Nested Loop", "Parent Relationship": "Outer", "Join Type": "Inner", "Startup Cost": 0.0, "Total Cost": 497927.86, "Plan Rows": 2257, "Plan Width": 33, "Actual Startup Time": 0.241, "Actual Total Time": 2001.751, "Actual Rows": 14161, "Actual Loops": 1, "Inner Unique": true, "Plans": [{"Node Type": "Nested Loop", "Parent Relationship": "Outer", "Join Type": "Inner", "Startup Cost": 0.0, "Total Cost": 497294.36, "Plan Rows": 2257, "Plan Width": 37, "Actual Startup Time": 0.233, "Actual Total Time": 1934.624, "Actual Rows": 14161, "Actual Loops": 1, "Inner Unique": false, "Join Filter": "(t.id = mk.movie_id)", "Rows Removed by Join Filter": 0, "Plans": [{"Node Type": "Nested Loop", "Parent Relationship": "Outer", "Join Type": "Inner", "Startup Cost": 0.0, "Total Cost": 497138.02, "Plan Rows": 278, "Plan Width": 29, "Actual Startup Time": 0.221, "Actual Total Time": 1889.791, "Actual Rows": 5914, "Actual Loops": 1, "Inner Unique": true, "Join Filter": "(mc.company_type_id = ct.id)", "Rows Removed by Join Filter": 11829, "Plans": [{"Node Type": "Nested Loop", "Parent Relationship": "Outer", "Join Type": "Inner", "Startup Cost": 0.0, "Total Cost": 497104.2, "Plan Rows": 478, "Plan Width": 33, "Actual Startup Time": 0.12, "Actual Total Time": 1880.459, "Actual Rows": 9857, "Actual Loops": 1, "Inner Unique": true, "Plans": [{"Node Type": "Nested Loop", "Parent Relationship": "Outer", "Join Type": "Inner", "Startup Cost": 0.0, "Total Cost": 496940.81, "Plan Rows": 568, "Plan Width": 37, "Actual Startup Time": 0.107, "Actual Total Time": 1796.731, "Actual Rows": 14377, "Actual Loops": 1, "Inner Unique": false, "Plans": [{"Node Type": "Nested Loop", "Parent Relationship": "Outer", "Join Type": "Inner", "Startup Cost": 0.0, "Total Cost": 496842.96, "Plan Rows": 266, "Plan Width": 25, "Actual Startup Time": 0.097, "Actual Total Time": 1724.167, "Actual Rows": 10662, "Actual Loops": 1, "Inner Unique": true, "Plans": [{"Node Type": "Nested Loop", "Parent Relationship": "Outer", "Join Type": "Inner", "Startup Cost": 0.0, "Total Cost": 495699.65, "Plan Rows": 192, "Plan Width": 4, "Actual Startup Time": 0.082, "Actual Total Time": 1653.846, "Actual Rows": 10679, "Actual Loops": 1, "Inner Unique": false, "Plans": [{"Node Type": "Index Scan", "Parent Relationship": "Outer", "Scan Direction": "Forward", "Index Name": "info_type_pkey", "Relation Name": "info_type", "Alias": "it1", "Startup Cost": 0.0, "Total Cost": 14.21, "Plan Rows": 1, "Plan Width": 4, "Actual Startup Time": 0.053, "Actual Total Time": 0.11, "Actual Rows": 1, "Actual Loops": 1, "Filter": "((info)::text = 'release dates'::text)", "Rows Removed by Filter": 111}, {"Node Type": "Index Scan", "Parent Relationship": "Inner", "Scan Direction": "Forward", "Index Name": "info_type_id_movie_info", "Relation Name": "movie_info", "Alias": "mi", "Startup Cost": 0.0, "Total Cost": 495683.52, "Plan Rows": 192, "Plan Width": 8, "Actual Startup Time": 0.024, "Actual Total Time": 1650.865, "Actual Rows": 10679, "Actual Loops": 1, "Index Cond": "(info_type_id = it1.id)", "Rows Removed by Index Recheck": 0, "Filter": "((note)::text ~~ '%internet%'::text)", "Rows Removed by Filter": 3026040}]}, {"Node Type": "Index Scan", "Parent Relationship": "Inner", "Scan Direction": "Forward", "Index Name": "title_pkey", "Relation Name": "title", "Alias": "t", "Startup Cost": 0.0, "Total Cost": 5.94, "Plan Rows": 1, "Plan Width": 21, "Actual Startup Time": 59.573, "Actual Total Time": 59.573, "Actual Rows": 10662, "Actual Loops": 10679, "Index Cond": "(id = mi.movie_id)", "Rows Removed by Index Recheck": 0, "Filter": "(production_year > 1990)", "Rows Removed by Filter": 17}]}, {"Node Type": "Index Scan", "Parent Relationship": "Inner", "Scan Direction": "Forward", "Index Name": "movie_id_movie_companies", "Relation Name": "movie_companies", "Alias": "mc", "Startup Cost": 0.0, "Total Cost": 0.35, "Plan Rows": 2, "Plan Width": 12, "Actual Startup Time": 50.709, "Actual Total Time": 62.718, "Actual Rows": 14377, "Actual Loops": 10662, "Index Cond": "(movie_id = t.id)", "Rows Removed by Index Recheck": 0}]}, {"Node Type": "Index Scan", "Parent Relationship": "Inner", "Scan Direction": "Forward", "Index Name": "company_name_pkey", "Relation Name": "company_name", "Alias": "cn", "Startup Cost": 0.0, "Total Cost": 0.28, "Plan Rows": 1, "Plan Width": 4, "Actual Startup Time": 72.604, "Actual Total Time": 72.604, "Actual Rows": 9857, "Actual Loops": 14377, "Index Cond": "(id = mc.company_id)", "Rows Removed by Index Recheck": 0, "Filter": "((country_code)::text = '[us]'::text)", "Rows Removed by Filter": 4520}]}, {"Node Type": "Materialize", "Parent Relationship": "Inner", "Startup Cost": 0.0, "Total Cost": 12.31, "Plan Rows": 3, "Plan Width": 4, "Actual Startup Time": 1.246, "Actual Total Time": 2.36, "Actual Rows": 17743, "Actual Loops": 9857, "Plans": [{"Node Type": "Index Scan", "Parent Relationship": "Outer", "Scan Direction": "Forward", "Index Name": "company_type_pkey", "Relation Name": "company_type", "Alias": "ct", "Startup Cost": 0.0, "Total Cost": 12.29, "Plan Rows": 3, "Plan Width": 4, "Actual Startup Time": 0.004, "Actual Total Time": 0.007, "Actual Rows": 3, "Actual Loops": 1}]}]}, {"Node Type": "Index Scan", "Parent Relationship": "Inner", "Scan Direction": "Forward", "Index Name": "movie_id_movie_keyword", "Relation Name": "movie_keyword", "Alias": "mk", "Startup Cost": 0.0, "Total Cost": 0.46, "Plan Rows": 8, "Plan Width": 8, "Actual Startup Time": 28.778, "Actual Total Time": 35.114, "Actual Rows": 14161, "Actual Loops": 5914, "Index Cond": "(movie_id = mc.movie_id)", "Rows Removed by Index Recheck": 0}]}, {"Node Type": "Index Scan", "Parent Relationship": "Inner", "Scan Direction": "Forward", "Index Name": "keyword_pkey", "Relation Name": "keyword", "Alias": "k", "Startup Cost": 0.0, "Total Cost": 0.27, "Plan Rows": 1, "Plan Width": 4, "Actual Startup Time": 55.614, "Actual Total Time": 55.614, "Actual Rows": 14161, "Actual Loops": 14161, "Index Cond": "(id = mk.keyword_id)", "Rows Removed by Index Recheck": 0}]}, {"Node Type": "Index Scan", "Parent Relationship": "Inner", "Scan Direction": "Forward", "Index Name": "movie_id_aka_title", "Relation Name": "aka_title", "Alias": "at", "Startup Cost": 0.0, "Total Cost": 0.32, "Plan Rows": 3, "Plan Width": 25, "Actual Startup Time": 32.919, "Actual Total Time": 35.176, "Actual Rows": 4371, "Actual Loops": 14161, "Index Cond": "(movie_id = mk.movie_id)", "Rows Removed by Index Recheck": 0}]}]}, "Triggers": [], "Planner Runtime": 25, "Total Runtime": 2049.598, "Unique SQL Id": 2302223328}}, "(1, 62)": {"explain_plan": {"Plan": {"Node Type": "Aggregate", "Strategy": "Plain", "Startup Cost": 49478457.63, "Total Cost": 49478457.64, "Plan Rows": 1, "Plan Width": 102, "Plans": [{"Node Type": "Nested Loop", "Parent Relationship": "Outer", "Join Type": "Inner", "Startup Cost": 0.0, "Total Cost": 49478423.44, "Plan Rows": 6838, "Plan Width": 38, "Inner Unique": false, "Join Filter": "(t.id = at.movie_id)", "Plans": [{"Node Type": "Seq Scan", "Parent Relationship": "Outer", "Relation Name": "aka_title", "Alias": "at", "Startup Cost": 0.0, "Total Cost": 9894.71, "Plan Rows": 361471, "Plan Width": 25}, {"Node Type": "Materialize", "Parent Relationship": "Inner", "Startup Cost": 0.0, "Total Cost": 37230933.67, "Plan Rows": 2257, "Plan Width": 33, "Plans": [{"Node Type": "Nested Loop", "Parent Relationship": "Outer", "Join Type": "Inner", "Startup Cost": 0.0, "Total Cost": 37230922.38, "Plan Rows": 2257, "Plan Width": 33, "Inner Unique": false, "Join Filter": "(mk.keyword_id = k.id)", "Plans": [{"Node Type": "Seq Scan", "Parent Relationship": "Outer", "Relation Name": "keyword", "Alias": "k", "Startup Cost": 0.0, "Total Cost": 2100.69, "Plan Rows": 134169, "Plan Width": 4}, {"Node Type": "Materialize", "Parent Relationship": "Inner", "Startup Cost": 0.0, "Total Cost": 32686535.84, "Plan Rows": 2257, "Plan Width": 37, "Plans": [{"Node Type": "Nested Loop", "Parent Relationship": "Outer", "Join Type": "Inner", "Startup Cost": 0.0, "Total Cost": 32686524.55, "Plan Rows": 2257, "Plan Width": 37, "Inner Unique": false, "Join Filter": "(t.id = mk.movie_id)", "Plans": [{"Node Type": "Seq Scan", "Parent Relationship": "Outer", "Relation Name": "movie_keyword", "Alias": "mk", "Startup Cost": 0.0, "Total Cost": 62441.29, "Plan Rows": 4523929, "Plan Width": 8}, {"Node Type": "Materialize", "Parent Relationship": "Inner", "Startup Cost": 0.0, "Total Cost": 13759300.03, "Plan Rows": 278, "Plan Width": 29, "Plans": [{"Node Type": "Nested Loop", "Parent Relationship": "Outer", "Join Type": "Inner", "Startup Cost": 0.0, "Total Cost": 13759298.64, "Plan Rows": 278, "Plan Width": 29, "Inner Unique": false, "Join Filter": "(mi.movie_id = t.id)", "Plans": [{"Node Type": "Seq Scan", "Parent Relationship": "Outer", "Relation Name": "title", "Alias": "t", "Startup Cost": 0.0, "Total Cost": 66389.89, "Plan Rows": 1748840, "Plan Width": 21, "Filter": "(production_year > 1990), (LLVM Optimized)"}, {"Node Type": "Materialize", "Parent Relationship": "Inner", "Startup Cost": 0.0, "Total Cost": 8420156.66, "Plan Rows": 201, "Plan Width": 8, "Plans": [{"Node Type": "Nested Loop", "Parent Relationship": "Outer", "Join Type": "Inner", "Startup Cost": 0.0, "Total Cost": 8420155.65, "Plan Rows": 201, "Plan Width": 8, "Inner Unique": true, "Join Filter": "(mc.company_type_id = ct.id)", "Plans": [{"Node Type": "Nested Loop", "Parent Relationship": "Outer", "Join Type": "Inner", "Startup Cost": 0.0, "Total Cost": 8420139.09, "Plan Rows": 345, "Plan Width": 12, "Inner Unique": false, "Join Filter": "(mc.company_id = cn.id)", "Plans": [{"Node Type": "Seq Scan", "Parent Relationship": "Outer", "Relation Name": "company_name", "Alias": "cn", "Startup Cost": 0.0, "Total Cost": 5903.45, "Plan Rows": 85170, "Plan Width": 4, "Filter": "((country_code)::text = '[us]'::text)"}, {"Node Type": "Materialize", "Parent Relationship": "Inner", "Startup Cost": 0.0, "Total Cost": 7890441.16, "Plan Rows": 410, "Plan Width": 16, "Plans": [{"Node Type": "Nested Loop", "Parent Relationship": "Outer", "Join Type": "Inner", "Startup Cost": 0.0, "Total Cost": 7890439.11, "Plan Rows": 410, "Plan Width": 16, "Inner Unique": false, "Join Filter": "(mi.movie_id = mc.movie_id)", "Plans": [{"Node Type": "Seq Scan", "Parent Relationship": "Outer", "Relation Name": "movie_companies", "Alias": "mc", "Startup Cost": 0.0, "Total Cost": 41817.28, "Plan Rows": 2609128, "Plan Width": 12}, {"Node Type": "Materialize", "Parent Relationship": "Inner", "Startup Cost": 0.0, "Total Cost": 334333.67, "Plan Rows": 192, "Plan Width": 4, "Plans": [{"Node Type": "Nested Loop", "Parent Relationship": "Outer", "Join Type": "Inner", "Startup Cost": 0.0, "Total Cost": 334332.71, "Plan Rows": 192, "Plan Width": 4, "Inner Unique": false, "Join Filter": "(it1.id = mi.info_type_id)", "Plans": [{"Node Type": "Seq Scan", "Parent Relationship": "Outer", "Relation Name": "info_type", "Alias": "it1", "Startup Cost": 0.0, "Total Cost": 2.4, "Plan Rows": 1, "Plan Width": 4, "Filter": "((info)::text = 'release dates'::text)"}, {"Node Type": "Seq Scan", "Parent Relationship": "Inner", "Relation Name": "movie_info", "Alias": "mi", "Startup Cost": 0.0, "Total Cost": 334162.58, "Plan Rows": 13419, "Plan Width": 8, "Filter": "((note)::text ~~ '%internet%'::text)"}]}]}]}]}]}, {"Node Type": "Materialize", "Parent Relationship": "Inner", "Startup Cost": 0.0, "Total Cost": 1.04, "Plan Rows": 3, "Plan Width": 4, "Plans": [{"Node Type": "Seq Scan", "Parent Relationship": "Outer", "Relation Name": "company_type", "Alias": "ct", "Startup Cost": 0.0, "Total Cost": 1.03, "Plan Rows": 3, "Plan Width": 4}]}]}]}]}]}]}]}]}]}]}]}, "Unique SQL Id": 2302223328, "Planner Runtime": 26}, "explain_analyze_plan": null}, "(1, 63)": {"explain_plan": {"Plan": {"Node Type": "Aggregate", "Strategy": "Plain", "Startup Cost": 9000196088641.51, "Total Cost": 9000196088641.52, "Plan Rows": 1, "Plan Width": 102, "Plans": [{"Node Type": "Nested Loop", "Parent Relationship": "Outer", "Join Type": "Inner", "Startup Cost": 90000000000.0, "Total Cost": 9000196088607.32, "Plan Rows": 6838, "Plan Width": 38, "Inner Unique": false, "Join Filter": "(t.id = at.movie_id)", "Plans": [{"Node Type": "Nested Loop", "Parent Relationship": "Outer", "Join Type": "Inner", "Startup Cost": 80000000000.0, "Total Cost": 8000181860101.8, "Plan Rows": 2257, "Plan Width": 33, "Inner Unique": true, "Join Filter": "(mk.keyword_id = k.id)", "Plans": [{"Node Type": "Nested Loop", "Parent Relationship": "Outer", "Join Type": "Inner", "Startup Cost": 70000000000.0, "Total Cost": 7000177032745.45, "Plan Rows": 2257, "Plan Width": 37, "Inner Unique": false, "Join Filter": "(t.id = mk.movie_id)", "Plans": [{"Node Type": "Index Scan", "Parent Relationship": "Outer", "Scan Direction": "Forward", "Index Name": "movie_id_movie_keyword", "Relation Name": "movie_keyword", "Alias": "mk", "Startup Cost": 10000000000.0, "Total Cost": 1000015300634.17, "Plan Rows": 4523929, "Plan Width": 8}, {"Node Type": "Materialize", "Parent Relationship": "Inner", "Startup Cost": 60000000000.0, "Total Cost": 6000142867328.05, "Plan Rows": 278, "Plan Width": 29, "Plans": [{"Node Type": "Nested Loop", "Parent Relationship": "Outer", "Join Type": "Inner", "Startup Cost": 60000000000.0, "Total Cost": 6000142867326.66, "Plan Rows": 278, "Plan Width": 29, "Inner Unique": false, "Join Filter": "(mi.movie_id = t.id)", "Plans": [{"Node Type": "Index Scan", "Parent Relationship": "Outer", "Scan Direction": "Forward", "Index Name": "title_pkey", "Relation Name": "title", "Alias": "t", "Startup Cost": 10000000000.0, "Total Cost": 1000011644126.66, "Plan Rows": 1748840, "Plan Width": 21, "Filter": "(production_year > 1990), (LLVM Optimized)"}, {"Node Type": "Materialize", "Parent Relationship": "Inner", "Startup Cost": 50000000000.0, "Total Cost": 5000125950447.9, "Plan Rows": 201, "Plan Width": 8, "Plans": [{"Node Type": "Nested Loop", "Parent Relationship": "Outer", "Join Type": "Inner", "Startup Cost": 50000000000.0, "Total Cost": 5000125950446.89, "Plan Rows": 201, "Plan Width": 8, "Inner Unique": true, "Join Filter": "(mc.company_type_id = ct.id)", "Plans": [{"Node Type": "Nested Loop", "Parent Relationship": "Outer", "Join Type": "Inner", "Startup Cost": 40000000000.0, "Total Cost": 4000125949201.86, "Plan Rows": 345, "Plan Width": 12, "Inner Unique": true, "Join Filter": "(mc.company_id = cn.id)", "Plans": [{"Node Type": "Nested Loop", "Parent Relationship": "Outer", "Join Type": "Inner", "Startup Cost": 30000000000.0, "Total Cost": 3000124375054.46, "Plan Rows": 410, "Plan Width": 16, "Inner Unique": false, "Join Filter": "(mi.movie_id = mc.movie_id)", "Plans": [{"Node Type": "Nested Loop", "Parent Relationship": "Outer", "Join Type": "Inner", "Startup Cost": 20000000000.0, "Total Cost": 2000107536026.0, "Plan Rows": 192, "Plan Width": 4, "Inner Unique": true, "Join Filter": "(it1.id = mi.info_type_id)", "Plans": [{"Node Type": "Index Scan", "Parent Relationship": "Outer", "Scan Direction": "Forward", "Index Name": "movie_id_movie_info", "Relation Name": "movie_info", "Alias": "mi", "Startup Cost": 10000000000.0, "Total Cost": 1000107534403.72, "Plan Rows": 13419, "Plan Width": 8, "Filter": "((note)::text ~~ '%internet%'::text)"}, {"Node Type": "Materialize", "Parent Relationship": "Inner", "Startup Cost": 10000000000.0, "Total Cost": 1000000001421.0, "Plan Rows": 1, "Plan Width": 4, "Plans": [{"Node Type": "Index Scan", "Parent Relationship": "Outer", "Scan Direction": "Forward", "Index Name": "info_type_pkey", "Relation Name": "info_type", "Alias": "it1", "Startup Cost": 10000000000.0, "Total Cost": 1000000001421.0, "Plan Rows": 1, "Plan Width": 4, "Filter": "((info)::text = 'release dates'::text)"}]}]}, {"Node Type": "Materialize", "Parent Relationship": "Inner", "Startup Cost": 10000000000.0, "Total Cost": 1000009331262.64, "Plan Rows": 2609128, "Plan Width": 12, "Plans": [{"Node Type": "Index Scan", "Parent Relationship": "Outer", "Scan Direction": "Forward", "Index Name": "company_type_id_movie_companies", "Relation Name": "movie_companies", "Alias": "mc", "Startup Cost": 10000000000.0, "Total Cost": 1000009318217.0, "Plan Rows": 2609128, "Plan Width": 12}]}]}, {"Node Type": "Materialize", "Parent Relationship": "Inner", "Startup Cost": 10000000000.0, "Total Cost": 1000001050564.82, "Plan Rows": 85170, "Plan Width": 4, "Plans": [{"Node Type": "Index Scan", "Parent Relationship": "Outer", "Scan Direction": "Forward", "Index Name": "company_name_pkey", "Relation Name": "company_name", "Alias": "cn", "Startup Cost": 10000000000.0, "Total Cost": 1000001050138.97, "Plan Rows": 85170, "Plan Width": 4, "Filter": "((country_code)::text = '[us]'::text)"}]}]}, {"Node Type": "Materialize", "Parent Relationship": "Inner", "Startup Cost": 10000000000.0, "Total Cost": 1000000001229.52, "Plan Rows": 3, "Plan Width": 4, "Plans": [{"Node Type": "Index Scan", "Parent Relationship": "Outer", "Scan Direction": "Forward", "Index Name": "company_type_pkey", "Relation Name": "company_type", "Alias": "ct", "Startup Cost": 10000000000.0, "Total Cost": 1000000001229.5, "Plan Rows": 3, "Plan Width": 4}]}]}]}]}]}]}, {"Node Type": "Materialize", "Parent Relationship": "Inner", "Startup Cost": 10000000000.0, "Total Cost": 1000000285400.28, "Plan Rows": 134169, "Plan Width": 4, "Plans": [{"Node Type": "Index Scan", "Parent Relationship": "Outer", "Scan Direction": "Forward", "Index Name": "keyword_pkey", "Relation Name": "keyword", "Alias": "k", "Startup Cost": 10000000000.0, "Total Cost": 1000000284729.43, "Plan Rows": 134169, "Plan Width": 4}]}]}, {"Node Type": "Materialize", "Parent Relationship": "Inner", "Startup Cost": 10000000000.0, "Total Cost": 1000001991808.49, "Plan Rows": 361471, "Plan Width": 25, "Plans": [{"Node Type": "Index Scan", "Parent Relationship": "Outer", "Scan Direction": "Forward", "Index Name": "movie_id_aka_title", "Relation Name": "aka_title", "Alias": "at", "Startup Cost": 10000000000.0, "Total Cost": 1000001990001.13, "Plan Rows": 361471, "Plan Width": 25}]}]}]}, "Unique SQL Id": 2302223328, "Planner Runtime": 24}, "explain_analyze_plan": null}, "(1, 64)": {"explain_plan": {"Plan": {"Node Type": "Aggregate", "Strategy": "Plain", "Startup Cost": 167847.98, "Total Cost": 167847.99, "Plan Rows": 1, "Plan Width": 102, "Plans": [{"Node Type": "Nested Loop", "Parent Relationship": "Outer", "Join Type": "Inner", "Startup Cost": 4841.51, "Total Cost": 167812.77, "Plan Rows": 7042, "Plan Width": 38, "Inner Unique": true, "Plans": [{"Node Type": "Nested Loop", "Parent Relationship": "Outer", "Join Type": "Inner", "Startup Cost": 4841.51, "Total Cost": 165840.93, "Plan Rows": 7042, "Plan Width": 42, "Inner Unique": false, "Join Filter": "(t.id = mk.movie_id)", "Plans": [{"Node Type": "Nested Loop", "Parent Relationship": "Outer", "Join Type": "Inner", "Startup Cost": 4841.51, "Total Cost": 165349.96, "Plan Rows": 873, "Plan Width": 54, "Inner Unique": true, "Join Filter": "(at.movie_id = t.id)", "Plans": [{"Node Type": "Nested Loop", "Parent Relationship": "Outer", "Join Type": "Inner", "Startup Cost": 4841.51, "Total Cost": 165127.87, "Plan Rows": 630, "Plan Width": 33, "Inner Unique": true, "Plans": [{"Node Type": "Nested Loop", "Parent Relationship": "Outer", "Join Type": "Inner", "Startup Cost": 4841.51, "Total Cost": 164951.47, "Plan Rows": 630, "Plan Width": 37, "Inner Unique": true, "Plans": [{"Node Type": "Nested Loop", "Parent Relationship": "Outer", "Join Type": "Inner", "Startup Cost": 4841.51, "Total Cost": 164648.85, "Plan Rows": 1052, "Plan Width": 41, "Inner Unique": false, "Plans": [{"Node Type": "Nested Loop", "Parent Relationship": "Outer", "Join Type": "Inner", "Startup Cost": 4841.51, "Total Cost": 164359.77, "Plan Rows": 490, "Plan Width": 29, "Inner Unique": false, "Plans": [{"Node Type": "Nested Loop", "Parent Relationship": "Outer", "Join Type": "Inner", "Startup Cost": 4841.51, "Total Cost": 163884.08, "Plan Rows": 192, "Plan Width": 4, "Inner Unique": false, "Plans": [{"Node Type": "Seq Scan", "Parent Relationship": "Outer", "Relation Name": "info_type", "Alias": "it1", "Startup Cost": 0.0, "Total Cost": 2.4, "Plan Rows": 1, "Plan Width": 4, "Filter": "((info)::text = 'release dates'::text)"}, {"Node Type": "Bitmap Heap Scan", "Parent Relationship": "Inner", "Relation Name": "movie_info", "Alias": "mi", "Startup Cost": 4841.51, "Total Cost": 163879.76, "Plan Rows": 192, "Plan Width": 8, "Recheck Cond": "(info_type_id = it1.id)", "Filter": "((note)::text ~~ '%internet%'::text)", "Plans": [{"Node Type": "Bitmap Index Scan", "Parent Relationship": "Outer", "Index Name": "info_type_id_movie_info", "Startup Cost": 0.0, "Total Cost": 4841.46, "Plan Rows": 212428, "Plan Width": 0, "Index Cond": "(info_type_id = it1.id)"}]}]}, {"Node Type": "Index Scan", "Parent Relationship": "Inner", "Scan Direction": "Forward", "Index Name": "movie_id_aka_title", "Relation Name": "aka_title", "Alias": "at", "Startup Cost": 0.0, "Total Cost": 2.45, "Plan Rows": 3, "Plan Width": 25, "Index Cond": "(movie_id = mi.movie_id)"}]}, {"Node Type": "Index Scan", "Parent Relationship": "Inner", "Scan Direction": "Forward", "Index Name": "movie_id_movie_companies", "Relation Name": "movie_companies", "Alias": "mc", "Startup Cost": 0.0, "Total Cost": 0.57, "Plan Rows": 2, "Plan Width": 12, "Index Cond": "(movie_id = at.movie_id)"}]}, {"Node Type": "Index Scan", "Parent Relationship": "Inner", "Scan Direction": "Forward", "Index Name": "company_name_pkey", "Relation Name": "company_name", "Alias": "cn", "Startup Cost": 0.0, "Total Cost": 0.28, "Plan Rows": 1, "Plan Width": 4, "Index Cond": "(id = mc.company_id)", "Filter": "((country_code)::text = '[us]'::text)"}]}, {"Node Type": "Index Only Scan", "Parent Relationship": "Inner", "Scan Direction": "Forward", "Index Name": "company_type_pkey", "Relation Name": "company_type", "Alias": "ct", "Startup Cost": 0.0, "Total Cost": 0.27, "Plan Rows": 1, "Plan Width": 4, "Index Cond": "(id = mc.company_type_id)"}]}, {"Node Type": "Index Scan", "Parent Relationship": "Inner", "Scan Direction": "Forward", "Index Name": "title_pkey", "Relation Name": "title", "Alias": "t", "Startup Cost": 0.0, "Total Cost": 0.34, "Plan Rows": 1, "Plan Width": 21, "Index Cond": "(id = mc.movie_id)", "Filter": "(production_year > 1990)"}]}, {"Node Type": "Index Scan", "Parent Relationship": "Inner", "Scan Direction": "Forward", "Index Name": "movie_id_movie_keyword", "Relation Name": "movie_keyword", "Alias": "mk", "Startup Cost": 0.0, "Total Cost": 0.46, "Plan Rows": 8, "Plan Width": 8, "Index Cond": "(movie_id = mc.movie_id)"}]}, {"Node Type": "Index Only Scan", "Parent Relationship": "Inner", "Scan Direction": "Forward", "Index Name": "keyword_pkey", "Relation Name": "keyword", "Alias": "k", "Startup Cost": 0.0, "Total Cost": 0.27, "Plan Rows": 1, "Plan Width": 4, "Index Cond": "(id = mk.keyword_id)"}]}]}, "Unique SQL Id": 2302223328, "Planner Runtime": 167}, "explain_analyze_plan": {"Plan": {"Node Type": "Aggregate", "Strategy": "Plain", "Startup Cost": 167847.98, "Total Cost": 167847.99, "Plan Rows": 1, "Plan Width": 102, "Actual Startup Time": 1537.579, "Actual Total Time": 1537.58, "Actual Rows": 1, "Actual Loops": 1, "Plans": [{"Node Type": "Nested Loop", "Parent Relationship": "Outer", "Join Type": "Inner", "Startup Cost": 4841.51, "Total Cost": 167812.77, "Plan Rows": 7042, "Plan Width": 38, "Actual Startup Time": 411.511, "Actual Total Time": 1534.642, "Actual Rows": 4371, "Actual Loops": 1, "Inner Unique": true, "Plans": [{"Node Type": "Nested Loop", "Parent Relationship": "Outer", "Join Type": "Inner", "Startup Cost": 4841.51, "Total Cost": 165840.93, "Plan Rows": 7042, "Plan Width": 42, "Actual Startup Time": 411.495, "Actual Total Time": 1520.367, "Actual Rows": 4371, "Actual Loops": 1, "Inner Unique": false, "Join Filter": "(t.id = mk.movie_id)", "Rows Removed by Join Filter": 0, "Plans": [{"Node Type": "Nested Loop", "Parent Relationship": "Outer", "Join Type": "Inner", "Startup Cost": 4841.51, "Total Cost": 165349.96, "Plan Rows": 873, "Plan Width": 54, "Actual Startup Time": 386.921, "Actual Total Time": 1514.102, "Actual Rows": 382, "Actual Loops": 1, "Inner Unique": true, "Join Filter": "(at.movie_id = t.id)", "Rows Removed by Join Filter": 0, "Plans": [{"Node Type": "Nested Loop", "Parent Relationship": "Outer", "Join Type": "Inner", "Startup Cost": 4841.51, "Total Cost": 165127.87, "Plan Rows": 630, "Plan Width": 33, "Actual Startup Time": 386.887, "Actual Total Time": 1511.379, "Actual Rows": 382, "Actual Loops": 1, "Inner Unique": true, "Plans": [{"Node Type": "Nested Loop", "Parent Relationship": "Outer", "Join Type": "Inner", "Startup Cost": 4841.51, "Total Cost": 164951.47, "Plan Rows": 630, "Plan Width": 37, "Actual Startup Time": 382.185, "Actual Total Time": 1509.62, "Actual Rows": 896, "Actual Loops": 1, "Inner Unique": true, "Plans": [{"Node Type": "Nested Loop", "Parent Relationship": "Outer", "Join Type": "Inner", "Startup Cost": 4841.51, "Total Cost": 164648.85, "Plan Rows": 1052, "Plan Width": 41, "Actual Startup Time": 382.158, "Actual Total Time": 1498.279, "Actual Rows": 2130, "Actual Loops": 1, "Inner Unique": false, "Plans": [{"Node Type": "Nested Loop", "Parent Relationship": "Outer", "Join Type": "Inner", "Startup Cost": 4841.51, "Total Cost": 164359.77, "Plan Rows": 490, "Plan Width": 29, "Actual Startup Time": 378.972, "Actual Total Time": 1492.643, "Actual Rows": 591, "Actual Loops": 1, "Inner Unique": false, "Plans": [{"Node Type": "Nested Loop", "Parent Relationship": "Outer", "Join Type": "Inner", "Startup Cost": 4841.51, "Total Cost": 163884.08, "Plan Rows": 192, "Plan Width": 4, "Actual Startup Time": 378.528, "Actual Total Time": 1459.782, "Actual Rows": 10679, "Actual Loops": 1, "Inner Unique": false, "Plans": [{"Node Type": "Seq Scan", "Parent Relationship": "Outer", "Relation Name": "info_type", "Alias": "it1", "Startup Cost": 0.0, "Total Cost": 2.4, "Plan Rows": 1, "Plan Width": 4, "Actual Startup Time": 0.056, "Actual Total Time": 0.094, "Actual Rows": 1, "Actual Loops": 1, "Filter": "((info)::text = 'release dates'::text)", "Rows Removed by Filter": 111}, {"Node Type": "Bitmap Heap Scan", "Parent Relationship": "Inner", "Relation Name": "movie_info", "Alias": "mi", "Startup Cost": 4841.51, "Total Cost": 163879.76, "Plan Rows": 192, "Plan Width": 8, "Actual Startup Time": 378.463, "Actual Total Time": 1457.05, "Actual Rows": 10679, "Actual Loops": 1, "Recheck Cond": "(info_type_id = it1.id)", "Rows Removed by Index Recheck": 0, "Filter": "((note)::text ~~ '%internet%'::text)", "Rows Removed by Filter": 3026040, "Exact Heap Blocks": 21947, "Lossy Heap Blocks": 21947, "Plans": [{"Node Type": "Bitmap Index Scan", "Parent Relationship": "Outer", "Index Name": "info_type_id_movie_info", "Startup Cost": 0.0, "Total Cost": 4841.46, "Plan Rows": 212428, "Plan Width": 0, "Actual Startup Time": 373.437, "Actual Total Time": 373.437, "Actual Rows": 3036719, "Actual Loops": 1, "Index Cond": "(info_type_id = it1.id)"}]}]}, {"Node Type": "Index Scan", "Parent Relationship": "Inner", "Scan Direction": "Forward", "Index Name": "movie_id_aka_title", "Relation Name": "aka_title", "Alias": "at", "Startup Cost": 0.0, "Total Cost": 2.45, "Plan Rows": 3, "Plan Width": 25, "Actual Startup Time": 26.409, "Actual Total Time": 26.914, "Actual Rows": 591, "Actual Loops": 10679, "Index Cond": "(movie_id = mi.movie_id)", "Rows Removed by Index Recheck": 0}]}, {"Node Type": "Index Scan", "Parent Relationship": "Inner", "Scan Direction": "Forward", "Index Name": "movie_id_movie_companies", "Relation Name": "movie_companies", "Alias": "mc", "Startup Cost": 0.0, "Total Cost": 0.57, "Plan Rows": 2, "Plan Width": 12, "Actual Startup Time": 3.114, "Actual Total Time": 4.501, "Actual Rows": 2130, "Actual Loops": 591, "Index Cond": "(movie_id = at.movie_id)", "Rows Removed by Index Recheck": 0}]}, {"Node Type": "Index Scan", "Parent Relationship": "Inner", "Scan Direction": "Forward", "Index Name": "company_name_pkey", "Relation Name": "company_name", "Alias": "cn", "Startup Cost": 0.0, "Total Cost": 0.28, "Plan Rows": 1, "Plan Width": 4, "Actual Startup Time": 9.58, "Actual Total Time": 9.58, "Actual Rows": 896, "Actual Loops": 2130, "Index Cond": "(id = mc.company_id)", "Rows Removed by Index Recheck": 0, "Filter": "((country_code)::text = '[us]'::text)", "Rows Removed by Filter": 1234}]}, {"Node Type": "Index Only Scan", "Parent Relationship": "Inner", "Scan Direction": "Forward", "Index Name": "company_type_pkey", "Relation Name": "company_type", "Alias": "ct", "Startup Cost": 0.0, "Total Cost": 0.27, "Plan Rows": 1, "Plan Width": 4, "Actual Startup Time": 0.928, "Actual Total Time": 0.928, "Actual Rows": 382, "Actual Loops": 896, "Index Cond": "(id = mc.company_type_id)", "Rows Removed by Index Recheck": 0, "Heap Fetches": 0}]}, {"Node Type": "Index Scan", "Parent Relationship": "Inner", "Scan Direction": "Forward", "Index Name": "title_pkey", "Relation Name": "title", "Alias": "t", "Startup Cost": 0.0, "Total Cost": 0.34, "Plan Rows": 1, "Plan Width": 21, "Actual Startup Time": 2.014, "Actual Total Time": 2.014, "Actual Rows": 382, "Actual Loops": 382, "Index Cond": "(id = mc.movie_id)", "Rows Removed by Index Recheck": 0, "Filter": "(production_year > 1990)", "Rows Removed by Filter": 0}]}, {"Node Type": "Index Scan", "Parent Relationship": "Inner", "Scan Direction": "Forward", "Index Name": "movie_id_movie_keyword", "Relation Name": "movie_keyword", "Alias": "mk", "Startup Cost": 0.0, "Total Cost": 0.46, "Plan Rows": 8, "Plan Width": 8, "Actual Startup Time": 2.042, "Actual Total Time": 4.16, "Actual Rows": 4371, "Actual Loops": 382, "Index Cond": "(movie_id = mc.movie_id)", "Rows Removed by Index Recheck": 0}]}, {"Node Type": "Index Only Scan", "Parent Relationship": "Inner", "Scan Direction": "Forward", "Index Name": "keyword_pkey", "Relation Name": "keyword", "Alias": "k", "Startup Cost": 0.0, "Total Cost": 0.27, "Plan Rows": 1, "Plan Width": 4, "Actual Startup Time": 11.175, "Actual Total Time": 11.175, "Actual Rows": 4371, "Actual Loops": 4371, "Index Cond": "(id = mk.keyword_id)", "Rows Removed by Index Recheck": 0, "Heap Fetches": 0}]}]}, "Triggers": [], "Planner Runtime": 167, "Total Runtime": 1538.114, "Unique SQL Id": 2302223328}}, "(1, 65)": {"explain_plan": {"Plan": {"Node Type": "Aggregate", "Strategy": "Plain", "Startup Cost": 167859.79, "Total Cost": 167859.8, "Plan Rows": 1, "Plan Width": 102, "Plans": [{"Node Type": "Nested Loop", "Parent Relationship": "Outer", "Join Type": "Inner", "Startup Cost": 4841.51, "Total Cost": 167824.58, "Plan Rows": 7042, "Plan Width": 38, "Inner Unique": true, "Plans": [{"Node Type": "Nested Loop", "Parent Relationship": "Outer", "Join Type": "Inner", "Startup Cost": 4841.51, "Total Cost": 165852.74, "Plan Rows": 7042, "Plan Width": 42, "Inner Unique": false, "Join Filter": "(t.id = mk.movie_id)", "Plans": [{"Node Type": "Nested Loop", "Parent Relationship": "Outer", "Join Type": "Inner", "Startup Cost": 4841.51, "Total Cost": 165361.77, "Plan Rows": 873, "Plan Width": 54, "Inner Unique": true, "Join Filter": "(at.movie_id = t.id)", "Plans": [{"Node Type": "Nested Loop", "Parent Relationship": "Outer", "Join Type": "Inner", "Startup Cost": 4841.51, "Total Cost": 165139.68, "Plan Rows": 630, "Plan Width": 33, "Inner Unique": true, "Plans": [{"Node Type": "Nested Loop", "Parent Relationship": "Outer", "Join Type": "Inner", "Startup Cost": 4841.51, "Total Cost": 164963.28, "Plan Rows": 630, "Plan Width": 37, "Inner Unique": true, "Plans": [{"Node Type": "Nested Loop", "Parent Relationship": "Outer", "Join Type": "Inner", "Startup Cost": 4841.51, "Total Cost": 164660.66, "Plan Rows": 1052, "Plan Width": 41, "Inner Unique": false, "Plans": [{"Node Type": "Nested Loop", "Parent Relationship": "Outer", "Join Type": "Inner", "Startup Cost": 4841.51, "Total Cost": 164371.58, "Plan Rows": 490, "Plan Width": 29, "Inner Unique": false, "Plans": [{"Node Type": "Nested Loop", "Parent Relationship": "Outer", "Join Type": "Inner", "Startup Cost": 4841.51, "Total Cost": 163895.89, "Plan Rows": 192, "Plan Width": 4, "Inner Unique": false, "Plans": [{"Node Type": "Index Scan", "Parent Relationship": "Outer", "Scan Direction": "Forward", "Index Name": "info_type_pkey", "Relation Name": "info_type", "Alias": "it1", "Startup Cost": 0.0, "Total Cost": 14.21, "Plan Rows": 1, "Plan Width": 4, "Filter": "((info)::text = 'release dates'::text)"}, {"Node Type": "Bitmap Heap Scan", "Parent Relationship": "Inner", "Relation Name": "movie_info", "Alias": "mi", "Startup Cost": 4841.51, "Total Cost": 163879.76, "Plan Rows": 192, "Plan Width": 8, "Recheck Cond": "(info_type_id = it1.id)", "Filter": "((note)::text ~~ '%internet%'::text)", "Plans": [{"Node Type": "Bitmap Index Scan", "Parent Relationship": "Outer", "Index Name": "info_type_id_movie_info", "Startup Cost": 0.0, "Total Cost": 4841.46, "Plan Rows": 212428, "Plan Width": 0, "Index Cond": "(info_type_id = it1.id)"}]}]}, {"Node Type": "Index Scan", "Parent Relationship": "Inner", "Scan Direction": "Forward", "Index Name": "movie_id_aka_title", "Relation Name": "aka_title", "Alias": "at", "Startup Cost": 0.0, "Total Cost": 2.45, "Plan Rows": 3, "Plan Width": 25, "Index Cond": "(movie_id = mi.movie_id)"}]}, {"Node Type": "Index Scan", "Parent Relationship": "Inner", "Scan Direction": "Forward", "Index Name": "movie_id_movie_companies", "Relation Name": "movie_companies", "Alias": "mc", "Startup Cost": 0.0, "Total Cost": 0.57, "Plan Rows": 2, "Plan Width": 12, "Index Cond": "(movie_id = at.movie_id)"}]}, {"Node Type": "Index Scan", "Parent Relationship": "Inner", "Scan Direction": "Forward", "Index Name": "company_name_pkey", "Relation Name": "company_name", "Alias": "cn", "Startup Cost": 0.0, "Total Cost": 0.28, "Plan Rows": 1, "Plan Width": 4, "Index Cond": "(id = mc.company_id)", "Filter": "((country_code)::text = '[us]'::text)"}]}, {"Node Type": "Index Only Scan", "Parent Relationship": "Inner", "Scan Direction": "Forward", "Index Name": "company_type_pkey", "Relation Name": "company_type", "Alias": "ct", "Startup Cost": 0.0, "Total Cost": 0.27, "Plan Rows": 1, "Plan Width": 4, "Index Cond": "(id = mc.company_type_id)"}]}, {"Node Type": "Index Scan", "Parent Relationship": "Inner", "Scan Direction": "Forward", "Index Name": "title_pkey", "Relation Name": "title", "Alias": "t", "Startup Cost": 0.0, "Total Cost": 0.34, "Plan Rows": 1, "Plan Width": 21, "Index Cond": "(id = mc.movie_id)", "Filter": "(production_year > 1990)"}]}, {"Node Type": "Index Scan", "Parent Relationship": "Inner", "Scan Direction": "Forward", "Index Name": "movie_id_movie_keyword", "Relation Name": "movie_keyword", "Alias": "mk", "Startup Cost": 0.0, "Total Cost": 0.46, "Plan Rows": 8, "Plan Width": 8, "Index Cond": "(movie_id = mc.movie_id)"}]}, {"Node Type": "Index Only Scan", "Parent Relationship": "Inner", "Scan Direction": "Forward", "Index Name": "keyword_pkey", "Relation Name": "keyword", "Alias": "k", "Startup Cost": 0.0, "Total Cost": 0.27, "Plan Rows": 1, "Plan Width": 4, "Index Cond": "(id = mk.keyword_id)"}]}]}, "Unique SQL Id": 2302223328, "Planner Runtime": 151}, "explain_analyze_plan": {"Plan": {"Node Type": "Aggregate", "Strategy": "Plain", "Startup Cost": 167859.79, "Total Cost": 167859.8, "Plan Rows": 1, "Plan Width": 102, "Actual Startup Time": 1762.143, "Actual Total Time": 1762.144, "Actual Rows": 1, "Actual Loops": 1, "Plans": [{"Node Type": "Nested Loop", "Parent Relationship": "Outer", "Join Type": "Inner", "Startup Cost": 4841.51, "Total Cost": 167824.58, "Plan Rows": 7042, "Plan Width": 38, "Actual Startup Time": 542.637, "Actual Total Time": 1759.314, "Actual Rows": 4371, "Actual Loops": 1, "Inner Unique": true, "Plans": [{"Node Type": "Nested Loop", "Parent Relationship": "Outer", "Join Type": "Inner", "Startup Cost": 4841.51, "Total Cost": 165852.74, "Plan Rows": 7042, "Plan Width": 42, "Actual Startup Time": 542.616, "Actual Total Time": 1744.26, "Actual Rows": 4371, "Actual Loops": 1, "Inner Unique": false, "Join Filter": "(t.id = mk.movie_id)", "Rows Removed by Join Filter": 0, "Plans": [{"Node Type": "Nested Loop", "Parent Relationship": "Outer", "Join Type": "Inner", "Startup Cost": 4841.51, "Total Cost": 165361.77, "Plan Rows": 873, "Plan Width": 54, "Actual Startup Time": 512.864, "Actual Total Time": 1737.584, "Actual Rows": 382, "Actual Loops": 1, "Inner Unique": true, "Join Filter": "(at.movie_id = t.id)", "Rows Removed by Join Filter": 0, "Plans": [{"Node Type": "Nested Loop", "Parent Relationship": "Outer", "Join Type": "Inner", "Startup Cost": 4841.51, "Total Cost": 165139.68, "Plan Rows": 630, "Plan Width": 33, "Actual Startup Time": 512.828, "Actual Total Time": 1734.504, "Actual Rows": 382, "Actual Loops": 1, "Inner Unique": true, "Plans": [{"Node Type": "Nested Loop", "Parent Relationship": "Outer", "Join Type": "Inner", "Startup Cost": 4841.51, "Total Cost": 164963.28, "Plan Rows": 630, "Plan Width": 37, "Actual Startup Time": 507.121, "Actual Total Time": 1732.845, "Actual Rows": 896, "Actual Loops": 1, "Inner Unique": true, "Plans": [{"Node Type": "Nested Loop", "Parent Relationship": "Outer", "Join Type": "Inner", "Startup Cost": 4841.51, "Total Cost": 164660.66, "Plan Rows": 1052, "Plan Width": 41, "Actual Startup Time": 507.082, "Actual Total Time": 1719.857, "Actual Rows": 2130, "Actual Loops": 1, "Inner Unique": false, "Plans": [{"Node Type": "Nested Loop", "Parent Relationship": "Outer", "Join Type": "Inner", "Startup Cost": 4841.51, "Total Cost": 164371.58, "Plan Rows": 490, "Plan Width": 29, "Actual Startup Time": 503.266, "Actual Total Time": 1713.122, "Actual Rows": 591, "Actual Loops": 1, "Inner Unique": false, "Plans": [{"Node Type": "Nested Loop", "Parent Relationship": "Outer", "Join Type": "Inner", "Startup Cost": 4841.51, "Total Cost": 163895.89, "Plan Rows": 192, "Plan Width": 4, "Actual Startup Time": 502.75, "Actual Total Time": 1676.733, "Actual Rows": 10679, "Actual Loops": 1, "Inner Unique": false, "Plans": [{"Node Type": "Index Scan", "Parent Relationship": "Outer", "Scan Direction": "Forward", "Index Name": "info_type_pkey", "Relation Name": "info_type", "Alias": "it1", "Startup Cost": 0.0, "Total Cost": 14.21, "Plan Rows": 1, "Plan Width": 4, "Actual Startup Time": 0.032, "Actual Total Time": 0.087, "Actual Rows": 1, "Actual Loops": 1, "Filter": "((info)::text = 'release dates'::text)", "Rows Removed by Filter": 111}, {"Node Type": "Bitmap Heap Scan", "Parent Relationship": "Inner", "Relation Name": "movie_info", "Alias": "mi", "Startup Cost": 4841.51, "Total Cost": 163879.76, "Plan Rows": 192, "Plan Width": 8, "Actual Startup Time": 502.709, "Actual Total Time": 1674.147, "Actual Rows": 10679, "Actual Loops": 1, "Recheck Cond": "(info_type_id = it1.id)", "Rows Removed by Index Recheck": 0, "Filter": "((note)::text ~~ '%internet%'::text)", "Rows Removed by Filter": 3026040, "Exact Heap Blocks": 21947, "Lossy Heap Blocks": 21947, "Plans": [{"Node Type": "Bitmap Index Scan", "Parent Relationship": "Outer", "Index Name": "info_type_id_movie_info", "Startup Cost": 0.0, "Total Cost": 4841.46, "Plan Rows": 212428, "Plan Width": 0, "Actual Startup Time": 497.368, "Actual Total Time": 497.368, "Actual Rows": 3036719, "Actual Loops": 1, "Index Cond": "(info_type_id = it1.id)"}]}]}, {"Node Type": "Index Scan", "Parent Relationship": "Inner", "Scan Direction": "Forward", "Index Name": "movie_id_aka_title", "Relation Name": "aka_title", "Alias": "at", "Startup Cost": 0.0, "Total Cost": 2.45, "Plan Rows": 3, "Plan Width": 25, "Actual Startup Time": 29.751, "Actual Total Time": 30.399, "Actual Rows": 591, "Actual Loops": 10679, "Index Cond": "(movie_id = mi.movie_id)", "Rows Removed by Index Recheck": 0}]}, {"Node Type": "Index Scan", "Parent Relationship": "Inner", "Scan Direction": "Forward", "Index Name": "movie_id_movie_companies", "Relation Name": "movie_companies", "Alias": "mc", "Startup Cost": 0.0, "Total Cost": 0.57, "Plan Rows": 2, "Plan Width": 12, "Actual Startup Time": 3.994, "Actual Total Time": 5.586, "Actual Rows": 2130, "Actual Loops": 591, "Index Cond": "(movie_id = at.movie_id)", "Rows Removed by Index Recheck": 0}]}, {"Node Type": "Index Scan", "Parent Relationship": "Inner", "Scan Direction": "Forward", "Index Name": "company_name_pkey", "Relation Name": "company_name", "Alias": "cn", "Startup Cost": 0.0, "Total Cost": 0.28, "Plan Rows": 1, "Plan Width": 4, "Actual Startup Time": 11.28, "Actual Total Time": 11.28, "Actual Rows": 896, "Actual Loops": 2130, "Index Cond": "(id = mc.company_id)", "Rows Removed by Index Recheck": 0, "Filter": "((country_code)::text = '[us]'::text)", "Rows Removed by Filter": 1234}]}, {"Node Type": "Index Only Scan", "Parent Relationship": "Inner", "Scan Direction": "Forward", "Index Name": "company_type_pkey", "Relation Name": "company_type", "Alias": "ct", "Startup Cost": 0.0, "Total Cost": 0.27, "Plan Rows": 1, "Plan Width": 4, "Actual Startup Time": 0.883, "Actual Total Time": 0.883, "Actual Rows": 382, "Actual Loops": 896, "Index Cond": "(id = mc.company_type_id)", "Rows Removed by Index Recheck": 0, "Heap Fetches": 0}]}, {"Node Type": "Index Scan", "Parent Relationship": "Inner", "Scan Direction": "Forward", "Index Name": "title_pkey", "Relation Name": "title", "Alias": "t", "Startup Cost": 0.0, "Total Cost": 0.34, "Plan Rows": 1, "Plan Width": 21, "Actual Startup Time": 2.383, "Actual Total Time": 2.383, "Actual Rows": 382, "Actual Loops": 382, "Index Cond": "(id = mc.movie_id)", "Rows Removed by Index Recheck": 0, "Filter": "(production_year > 1990)", "Rows Removed by Filter": 0}]}, {"Node Type": "Index Scan", "Parent Relationship": "Inner", "Scan Direction": "Forward", "Index Name": "movie_id_movie_keyword", "Relation Name": "movie_keyword", "Alias": "mk", "Startup Cost": 0.0, "Total Cost": 0.46, "Plan Rows": 8, "Plan Width": 8, "Actual Startup Time": 2.498, "Actual Total Time": 4.618, "Actual Rows": 4371, "Actual Loops": 382, "Index Cond": "(movie_id = mc.movie_id)", "Rows Removed by Index Recheck": 0}]}, {"Node Type": "Index Only Scan", "Parent Relationship": "Inner", "Scan Direction": "Forward", "Index Name": "keyword_pkey", "Relation Name": "keyword", "Alias": "k", "Startup Cost": 0.0, "Total Cost": 0.27, "Plan Rows": 1, "Plan Width": 4, "Actual Startup Time": 11.991, "Actual Total Time": 11.991, "Actual Rows": 4371, "Actual Loops": 4371, "Index Cond": "(id = mk.keyword_id)", "Rows Removed by Index Recheck": 0, "Heap Fetches": 0}]}]}, "Triggers": [], "Planner Runtime": 151, "Total Runtime": 1762.972, "Unique SQL Id": 2302223328}}, "(1, 66)": {"explain_plan": {"Plan": {"Node Type": "Aggregate", "Strategy": "Plain", "Startup Cost": 178693.26, "Total Cost": 178693.27, "Plan Rows": 1, "Plan Width": 102, "Plans": [{"Node Type": "Hash Join", "Parent Relationship": "Outer", "Join Type": "Inner", "Startup Cost": 8624.11, "Total Cost": 178658.05, "Plan Rows": 7042, "Plan Width": 38, "Inner Unique": true, "Hash Cond": "(mk.keyword_id = k.id)", "Plans": [{"Node Type": "Nested Loop", "Parent Relationship": "Outer", "Join Type": "Inner", "Startup Cost": 4846.31, "Total Cost": 174784.81, "Plan Rows": 7042, "Plan Width": 42, "Inner Unique": false, "Join Filter": "(t.id = mk.movie_id)", "Plans": [{"Node Type": "Nested Loop", "Parent Relationship": "Outer", "Join Type": "Inner", "Startup Cost": 4845.97, "Total Cost": 170823.11, "Plan Rows": 873, "Plan Width": 54, "Inner Unique": false, "Join Filter": "(t.id = at.movie_id)", "Plans": [{"Node Type": "Hash Join", "Parent Relationship": "Outer", "Join Type": "Inner", "Startup Cost": 4845.7, "Total Cost": 168744.0, "Plan Rows": 478, "Plan Width": 29, "Inner Unique": true, "Hash Cond": "(mc.company_type_id = ct.id)", "Plans": [{"Node Type": "Nested Loop", "Parent Relationship": "Outer", "Join Type": "Inner", "Startup Cost": 4844.63, "Total Cost": 168736.95, "Plan Rows": 478, "Plan Width": 33, "Inner Unique": true, "Plans": [{"Node Type": "Nested Loop", "Parent Relationship": "Outer", "Join Type": "Inner", "Startup Cost": 4844.37, "Total Cost": 166304.0, "Plan Rows": 568, "Plan Width": 37, "Inner Unique": false, "Plans": [{"Node Type": "Nested Loop", "Parent Relationship": "Outer", "Join Type": "Inner", "Startup Cost": 4844.08, "Total Cost": 165151.58, "Plan Rows": 266, "Plan Width": 25, "Inner Unique": true, "Plans": [{"Node Type": "Nested Loop", "Parent Relationship": "Outer", "Join Type": "Inner", "Startup Cost": 4841.51, "Total Cost": 163884.08, "Plan Rows": 192, "Plan Width": 4, "Inner Unique": false, "Plans": [{"Node Type": "Seq Scan", "Parent Relationship": "Outer", "Relation Name": "info_type", "Alias": "it1", "Startup Cost": 0.0, "Total Cost": 2.4, "Plan Rows": 1, "Plan Width": 4, "Filter": "((info)::text = 'release dates'::text)"}, {"Node Type": "Bitmap Heap Scan", "Parent Relationship": "Inner", "Relation Name": "movie_info", "Alias": "mi", "Startup Cost": 4841.51, "Total Cost": 163879.76, "Plan Rows": 192, "Plan Width": 8, "Recheck Cond": "(info_type_id = it1.id)", "Filter": "((note)::text ~~ '%internet%'::text)", "Plans": [{"Node Type": "Bitmap Index Scan", "Parent Relationship": "Outer", "Index Name": "info_type_id_movie_info", "Startup Cost": 0.0, "Total Cost": 4841.46, "Plan Rows": 212428, "Plan Width": 0, "Index Cond": "(info_type_id = it1.id)"}]}]}, {"Node Type": "Bitmap Heap Scan", "Parent Relationship": "Inner", "Relation Name": "title", "Alias": "t", "Startup Cost": 2.58, "Total Cost": 6.59, "Plan Rows": 1, "Plan Width": 21, "Recheck Cond": "(id = mi.movie_id)", "Filter": "(production_year > 1990)", "Plans": [{"Node Type": "Bitmap Index Scan", "Parent Relationship": "Outer", "Index Name": "title_pkey", "Startup Cost": 0.0, "Total Cost": 2.58, "Plan Rows": 1, "Plan Width": 0, "Index Cond": "(id = mi.movie_id)"}]}]}, {"Node Type": "Bitmap Heap Scan", "Parent Relationship": "Inner", "Relation Name": "movie_companies", "Alias": "mc", "Startup Cost": 0.29, "Total Cost": 4.31, "Plan Rows": 2, "Plan Width": 12, "Recheck Cond": "(movie_id = t.id)", "Plans": [{"Node Type": "Bitmap Index Scan", "Parent Relationship": "Outer", "Index Name": "movie_id_movie_companies", "Startup Cost": 0.0, "Total Cost": 0.29, "Plan Rows": 2, "Plan Width": 0, "Index Cond": "(movie_id = t.id)"}]}]}, {"Node Type": "Bitmap Heap Scan", "Parent Relationship": "Inner", "Relation Name": "company_name", "Alias": "cn", "Startup Cost": 0.26, "Total Cost": 4.27, "Plan Rows": 1, "Plan Width": 4, "Recheck Cond": "(id = mc.company_id)", "Filter": "((country_code)::text = '[us]'::text)", "Plans": [{"Node Type": "Bitmap Index Scan", "Parent Relationship": "Outer", "Index Name": "company_name_pkey", "Startup Cost": 0.0, "Total Cost": 0.26, "Plan Rows": 1, "Plan Width": 0, "Index Cond": "(id = mc.company_id)"}]}]}, {"Node Type": "Hash", "Parent Relationship": "Inner", "Startup Cost": 1.03, "Total Cost": 1.03, "Plan Rows": 3, "Plan Width": 4, "Plans": [{"Node Type": "Seq Scan", "Parent Relationship": "Outer", "Relation Name": "company_type", "Alias": "ct", "Startup Cost": 0.0, "Total Cost": 1.03, "Plan Rows": 3, "Plan Width": 4}]}]}, {"Node Type": "Bitmap Heap Scan", "Parent Relationship": "Inner", "Relation Name": "aka_title", "Alias": "at", "Startup Cost": 0.27, "Total Cost": 4.31, "Plan Rows": 3, "Plan Width": 25, "Recheck Cond": "(movie_id = mc.movie_id)", "Plans": [{"Node Type": "Bitmap Index Scan", "Parent Relationship": "Outer", "Index Name": "movie_id_aka_title", "Startup Cost": 0.0, "Total Cost": 0.27, "Plan Rows": 3, "Plan Width": 0, "Index Cond": "(movie_id = mc.movie_id)"}]}]}, {"Node Type": "Bitmap Heap Scan", "Parent Relationship": "Inner", "Relation Name": "movie_keyword", "Alias": "mk", "Startup Cost": 0.34, "Total Cost": 4.44, "Plan Rows": 8, "Plan Width": 8, "Recheck Cond": "(movie_id = mc.movie_id)", "Plans": [{"Node Type": "Bitmap Index Scan", "Parent Relationship": "Outer", "Index Name": "movie_id_movie_keyword", "Startup Cost": 0.0, "Total Cost": 0.34, "Plan Rows": 8, "Plan Width": 0, "Index Cond": "(movie_id = mc.movie_id)"}]}]}, {"Node Type": "Hash", "Parent Relationship": "Inner", "Startup Cost": 2100.69, "Total Cost": 2100.69, "Plan Rows": 134169, "Plan Width": 4, "Plans": [{"Node Type": "Seq Scan", "Parent Relationship": "Outer", "Relation Name": "keyword", "Alias": "k", "Startup Cost": 0.0, "Total Cost": 2100.69, "Plan Rows": 134169, "Plan Width": 4}]}]}]}, "Unique SQL Id": 2302223328, "Planner Runtime": 169}, "explain_analyze_plan": {"Plan": {"Node Type": "Aggregate", "Strategy": "Plain", "Startup Cost": 178693.26, "Total Cost": 178693.27, "Plan Rows": 1, "Plan Width": 102, "Actual Startup Time": 2107.274, "Actual Total Time": 2107.275, "Actual Rows": 1, "Actual Loops": 1, "Plans": [{"Node Type": "Hash Join", "Parent Relationship": "Outer", "Join Type": "Inner", "Startup Cost": 8624.11, "Total Cost": 178658.05, "Plan Rows": 7042, "Plan Width": 38, "Actual Startup Time": 631.082, "Actual Total Time": 2104.756, "Actual Rows": 4371, "Actual Loops": 1, "Inner Unique": true, "Hash Cond": "(mk.keyword_id = k.id)", "Plans": [{"Node Type": "Nested Loop", "Parent Relationship": "Outer", "Join Type": "Inner", "Startup Cost": 4846.31, "Total Cost": 174784.81, "Plan Rows": 7042, "Plan Width": 42, "Actual Startup Time": 554.969, "Actual Total Time": 2026.306, "Actual Rows": 4371, "Actual Loops": 1, "Inner Unique": false, "Join Filter": "(t.id = mk.movie_id)", "Rows Removed by Join Filter": 0, "Plans": [{"Node Type": "Nested Loop", "Parent Relationship": "Outer", "Join Type": "Inner", "Startup Cost": 4845.97, "Total Cost": 170823.11, "Plan Rows": 873, "Plan Width": 54, "Actual Startup Time": 522.355, "Actual Total Time": 2020.249, "Actual Rows": 382, "Actual Loops": 1, "Inner Unique": false, "Join Filter": "(t.id = at.movie_id)", "Rows Removed by Join Filter": 0, "Plans": [{"Node Type": "Hash Join", "Parent Relationship": "Outer", "Join Type": "Inner", "Startup Cost": 4845.7, "Total Cost": 168744.0, "Plan Rows": 478, "Plan Width": 29, "Actual Startup Time": 510.401, "Actual Total Time": 1991.143, "Actual Rows": 5914, "Actual Loops": 1, "Inner Unique": true, "Hash Cond": "(mc.company_type_id = ct.id)", "Plans": [{"Node Type": "Nested Loop", "Parent Relationship": "Outer", "Join Type": "Inner", "Startup Cost": 4844.63, "Total Cost": 168736.95, "Plan Rows": 478, "Plan Width": 33, "Actual Startup Time": 510.228, "Actual Total Time": 1986.154, "Actual Rows": 9857, "Actual Loops": 1, "Inner Unique": true, "Plans": [{"Node Type": "Nested Loop", "Parent Relationship": "Outer", "Join Type": "Inner", "Startup Cost": 4844.37, "Total Cost": 166304.0, "Plan Rows": 568, "Plan Width": 37, "Actual Startup Time": 510.173, "Actual Total Time": 1883.812, "Actual Rows": 14377, "Actual Loops": 1, "Inner Unique": false, "Plans": [{"Node Type": "Nested Loop", "Parent Relationship": "Outer", "Join Type": "Inner", "Startup Cost": 4844.08, "Total Cost": 165151.58, "Plan Rows": 266, "Plan Width": 25, "Actual Startup Time": 510.127, "Actual Total Time": 1789.422, "Actual Rows": 10662, "Actual Loops": 1, "Inner Unique": true, "Plans": [{"Node Type": "Nested Loop", "Parent Relationship": "Outer", "Join Type": "Inner", "Startup Cost": 4841.51, "Total Cost": 163884.08, "Plan Rows": 192, "Plan Width": 4, "Actual Startup Time": 510.065, "Actual Total Time": 1700.961, "Actual Rows": 10679, "Actual Loops": 1, "Inner Unique": false, "Plans": [{"Node Type": "Seq Scan", "Parent Relationship": "Outer", "Relation Name": "info_type", "Alias": "it1", "Startup Cost": 0.0, "Total Cost": 2.4, "Plan Rows": 1, "Plan Width": 4, "Actual Startup Time": 0.046, "Actual Total Time": 0.081, "Actual Rows": 1, "Actual Loops": 1, "Filter": "((info)::text = 'release dates'::text)", "Rows Removed by Filter": 111}, {"Node Type": "Bitmap Heap Scan", "Parent Relationship": "Inner", "Relation Name": "movie_info", "Alias": "mi", "Startup Cost": 4841.51, "Total Cost": 163879.76, "Plan Rows": 192, "Plan Width": 8, "Actual Startup Time": 510.007, "Actual Total Time": 1698.17, "Actual Rows": 10679, "Actual Loops": 1, "Recheck Cond": "(info_type_id = it1.id)", "Rows Removed by Index Recheck": 0, "Filter": "((note)::text ~~ '%internet%'::text)", "Rows Removed by Filter": 3026040, "Exact Heap Blocks": 21947, "Lossy Heap Blocks": 21947, "Plans": [{"Node Type": "Bitmap Index Scan", "Parent Relationship": "Outer", "Index Name": "info_type_id_movie_info", "Startup Cost": 0.0, "Total Cost": 4841.46, "Plan Rows": 212428, "Plan Width": 0, "Actual Startup Time": 504.686, "Actual Total Time": 504.686, "Actual Rows": 3036719, "Actual Loops": 1, "Index Cond": "(info_type_id = it1.id)"}]}]}, {"Node Type": "Bitmap Heap Scan", "Parent Relationship": "Inner", "Relation Name": "title", "Alias": "t", "Startup Cost": 2.58, "Total Cost": 6.59, "Plan Rows": 1, "Plan Width": 21, "Actual Startup Time": 71.702, "Actual Total Time": 71.702, "Actual Rows": 10662, "Actual Loops": 10679, "Recheck Cond": "(id = mi.movie_id)", "Rows Removed by Index Recheck": 0, "Filter": "(production_year > 1990)", "Rows Removed by Filter": 17, "Exact Heap Blocks": 10679, "Lossy Heap Blocks": 10679, "Plans": [{"Node Type": "Bitmap Index Scan", "Parent Relationship": "Outer", "Index Name": "title_pkey", "Startup Cost": 0.0, "Total Cost": 2.58, "Plan Rows": 1, "Plan Width": 0, "Actual Startup Time": 39.223, "Actual Total Time": 39.223, "Actual Rows": 10679, "Actual Loops": 10679, "Index Cond": "(id = mi.movie_id)"}]}]}, {"Node Type": "Bitmap Heap Scan", "Parent Relationship": "Inner", "Relation Name": "movie_companies", "Alias": "mc", "Startup Cost": 0.29, "Total Cost": 4.31, "Plan Rows": 2, "Plan Width": 12, "Actual Startup Time": 67.834, "Actual Total Time": 77.122, "Actual Rows": 14377, "Actual Loops": 10662, "Recheck Cond": "(movie_id = t.id)", "Rows Removed by Index Recheck": 0, "Exact Heap Blocks": 11694, "Lossy Heap Blocks": 11694, "Plans": [{"Node Type": "Bitmap Index Scan", "Parent Relationship": "Outer", "Index Name": "movie_id_movie_companies", "Startup Cost": 0.0, "Total Cost": 0.29, "Plan Rows": 2, "Plan Width": 0, "Actual Startup Time": 42.625, "Actual Total Time": 42.625, "Actual Rows": 14377, "Actual Loops": 10662, "Index Cond": "(movie_id = t.id)"}]}]}, {"Node Type": "Bitmap Heap Scan", "Parent Relationship": "Inner", "Relation Name": "company_name", "Alias": "cn", "Startup Cost": 0.26, "Total Cost": 4.27, "Plan Rows": 1, "Plan Width": 4, "Actual Startup Time": 83.825, "Actual Total Time": 83.825, "Actual Rows": 9857, "Actual Loops": 14377, "Recheck Cond": "(id = mc.company_id)", "Rows Removed by Index Recheck": 0, "Filter": "((country_code)::text = '[us]'::text)", "Rows Removed by Filter": 4520, "Exact Heap Blocks": 14377, "Lossy Heap Blocks": 14377, "Plans": [{"Node Type": "Bitmap Index Scan", "Parent Relationship": "Outer", "Index Name": "company_name_pkey", "Startup Cost": 0.0, "Total Cost": 0.26, "Plan Rows": 1, "Plan Width": 0, "Actual Startup Time": 45.045, "Actual Total Time": 45.045, "Actual Rows": 14377, "Actual Loops": 14377, "Index Cond": "(id = mc.company_id)"}]}]}, {"Node Type": "Hash", "Parent Relationship": "Inner", "Startup Cost": 1.03, "Total Cost": 1.03, "Plan Rows": 3, "Plan Width": 4, "Actual Startup Time": 0.02, "Actual Total Time": 0.02, "Actual Rows": 3, "Actual Loops": 1, "Hash Buckets": 32768, "Hash Batches": 1, "Original Hash Batches": 1, "Peak Memory Usage": 1, "Plans": [{"Node Type": "Seq Scan", "Parent Relationship": "Outer", "Relation Name": "company_type", "Alias": "ct", "Startup Cost": 0.0, "Total Cost": 1.03, "Plan Rows": 3, "Plan Width": 4, "Actual Startup Time": 0.008, "Actual Total Time": 0.009, "Actual Rows": 3, "Actual Loops": 1}]}]}, {"Node Type": "Bitmap Heap Scan", "Parent Relationship": "Inner", "Relation Name": "aka_title", "Alias": "at", "Startup Cost": 0.27, "Total Cost": 4.31, "Plan Rows": 3, "Plan Width": 25, "Actual Startup Time": 21.29, "Actual Total Time": 21.523, "Actual Rows": 382, "Actual Loops": 5914, "Recheck Cond": "(movie_id = mc.movie_id)", "Rows Removed by Index Recheck": 0, "Exact Heap Blocks": 382, "Lossy Heap Blocks": 382, "Plans": [{"Node Type": "Bitmap Index Scan", "Parent Relationship": "Outer", "Index Name": "movie_id_aka_title", "Startup Cost": 0.0, "Total Cost": 0.27, "Plan Rows": 3, "Plan Width": 0, "Actual Startup Time": 17.294, "Actual Total Time": 17.294, "Actual Rows": 382, "Actual Loops": 5914, "Index Cond": "(movie_id = mc.movie_id)"}]}]}, {"Node Type": "Bitmap Heap Scan", "Parent Relationship": "Inner", "Relation Name": "movie_keyword", "Alias": "mk", "Startup Cost": 0.34, "Total Cost": 4.44, "Plan Rows": 8, "Plan Width": 8, "Actual Startup Time": 3.396, "Actual Total Time": 3.924, "Actual Rows": 4371, "Actual Loops": 382, "Recheck Cond": "(movie_id = mc.movie_id)", "Rows Removed by Index Recheck": 0, "Exact Heap Blocks": 276, "Lossy Heap Blocks": 276, "Plans": [{"Node Type": "Bitmap Index Scan", "Parent Relationship": "Outer", "Index Name": "movie_id_movie_keyword", "Startup Cost": 0.0, "Total Cost": 0.34, "Plan Rows": 8, "Plan Width": 0, "Actual Startup Time": 2.065, "Actual Total Time": 2.065, "Actual Rows": 4371, "Actual Loops": 382, "Index Cond": "(movie_id = mc.movie_id)"}]}]}, {"Node Type": "Hash", "Parent Relationship": "Inner", "Startup Cost": 2100.69, "Total Cost": 2100.69, "Plan Rows": 134169, "Plan Width": 4, "Actual Startup Time": 75.771, "Actual Total Time": 75.771, "Actual Rows": 134169, "Actual Loops": 1, "Hash Buckets": 262144, "Hash Batches": 1, "Original Hash Batches": 1, "Peak Memory Usage": 4717, "Plans": [{"Node Type": "Seq Scan", "Parent Relationship": "Outer", "Relation Name": "keyword", "Alias": "k", "Startup Cost": 0.0, "Total Cost": 2100.69, "Plan Rows": 134169, "Plan Width": 4, "Actual Startup Time": 0.069, "Actual Total Time": 39.221, "Actual Rows": 134169, "Actual Loops": 1}]}]}]}, "Triggers": [], "Planner Runtime": 167, "Total Runtime": 2108.011, "Unique SQL Id": 2302223328}}, "(1, 67)": {"explain_plan": {"Plan": {"Node Type": "Aggregate", "Strategy": "Plain", "Startup Cost": 1000003999861.48, "Total Cost": 1000003999861.49, "Plan Rows": 1, "Plan Width": 102, "Plans": [{"Node Type": "Nested Loop", "Parent Relationship": "Outer", "Join Type": "Inner", "Startup Cost": 10000000002.92, "Total Cost": 1000003999827.29, "Plan Rows": 6838, "Plan Width": 38, "Inner Unique": true, "Join Filter": "(at.movie_id = t.id)", "Plans": [{"Node Type": "Nested Loop", "Parent Relationship": "Outer", "Join Type": "Inner", "Startup Cost": 10000000002.66, "Total Cost": 1000003978634.91, "Plan Rows": 4936, "Plan Width": 37, "Inner Unique": true, "Plans": [{"Node Type": "Nested Loop", "Parent Relationship": "Outer", "Join Type": "Inner", "Startup Cost": 10000000002.4, "Total Cost": 1000003957088.08, "Plan Rows": 5034, "Plan Width": 41, "Inner Unique": false, "Join Filter": "(at.movie_id = mk.movie_id)", "Plans": [{"Node Type": "Nested Loop", "Parent Relationship": "Outer", "Join Type": "Inner", "Startup Cost": 10000000002.06, "Total Cost": 1000003954256.35, "Plan Rows": 624, "Plan Width": 33, "Inner Unique": true, "Plans": [{"Node Type": "Nested Loop", "Parent Relationship": "Outer", "Join Type": "Inner", "Startup Cost": 10000000001.8, "Total Cost": 1000003951585.47, "Plan Rows": 624, "Plan Width": 37, "Inner Unique": true, "Plans": [{"Node Type": "Nested Loop", "Parent Relationship": "Outer", "Join Type": "Inner", "Startup Cost": 10000000001.55, "Total Cost": 1000003947079.38, "Plan Rows": 1052, "Plan Width": 41, "Inner Unique": false, "Plans": [{"Node Type": "Nested Loop", "Parent Relationship": "Outer", "Join Type": "Inner", "Startup Cost": 10000000001.17, "Total Cost": 1000003944915.32, "Plan Rows": 490, "Plan Width": 29, "Inner Unique": true, "Plans": [{"Node Type": "Nested Loop", "Parent Relationship": "Outer", "Join Type": "Inner", "Startup Cost": 10000000000.92, "Total Cost": 1000003797919.45, "Plan Rows": 34318, "Plan Width": 33, "Inner Unique": false, "Plans": [{"Node Type": "Index Scan", "Parent Relationship": "Outer", "Scan Direction": "Forward", "Index Name": "movie_id_aka_title", "Relation Name": "aka_title", "Alias": "at", "Startup Cost": 10000000000.0, "Total Cost": 1000001990001.13, "Plan Rows": 361471, "Plan Width": 25}, {"Node Type": "Bitmap Heap Scan", "Parent Relationship": "Inner", "Relation Name": "movie_info", "Alias": "mi", "Startup Cost": 0.92, "Total Cost": 4.99, "Plan Rows": 1, "Plan Width": 8, "Recheck Cond": "(movie_id = at.movie_id)", "Filter": "((note)::text ~~ '%internet%'::text)", "Plans": [{"Node Type": "Bitmap Index Scan", "Parent Relationship": "Outer", "Index Name": "movie_id_movie_info", "Startup Cost": 0.0, "Total Cost": 0.92, "Plan Rows": 5, "Plan Width": 0, "Index Cond": "(movie_id = at.movie_id)"}]}]}, {"Node Type": "Bitmap Heap Scan", "Parent Relationship": "Inner", "Relation Name": "info_type", "Alias": "it1", "Startup Cost": 0.26, "Total Cost": 4.27, "Plan Rows": 1, "Plan Width": 4, "Recheck Cond": "(id = mi.info_type_id)", "Filter": "((info)::text = 'release dates'::text)", "Plans": [{"Node Type": "Bitmap Index Scan", "Parent Relationship": "Outer", "Index Name": "info_type_pkey", "Startup Cost": 0.0, "Total Cost": 0.26, "Plan Rows": 1, "Plan Width": 0, "Index Cond": "(id = mi.info_type_id)"}]}]}, {"Node Type": "Bitmap Heap Scan", "Parent Relationship": "Inner", "Relation Name": "movie_companies", "Alias": "mc", "Startup Cost": 0.37, "Total Cost": 4.4, "Plan Rows": 2, "Plan Width": 12, "Recheck Cond": "(movie_id = at.movie_id)", "Plans": [{"Node Type": "Bitmap Index Scan", "Parent Relationship": "Outer", "Index Name": "movie_id_movie_companies", "Startup Cost": 0.0, "Total Cost": 0.37, "Plan Rows": 2, "Plan Width": 0, "Index Cond": "(movie_id = at.movie_id)"}]}]}, {"Node Type": "Bitmap Heap Scan", "Parent Relationship": "Inner", "Relation Name": "company_name", "Alias": "cn", "Startup Cost": 0.26, "Total Cost": 4.27, "Plan Rows": 1, "Plan Width": 4, "Recheck Cond": "(id = mc.company_id)", "Filter": "((country_code)::text = '[us]'::text)", "Plans": [{"Node Type": "Bitmap Index Scan", "Parent Relationship": "Outer", "Index Name": "company_name_pkey", "Startup Cost": 0.0, "Total Cost": 0.26, "Plan Rows": 1, "Plan Width": 0, "Index Cond": "(id = mc.company_id)"}]}]}, {"Node Type": "Bitmap Heap Scan", "Parent Relationship": "Inner", "Relation Name": "company_type", "Alias": "ct", "Startup Cost": 0.26, "Total Cost": 4.27, "Plan Rows": 1, "Plan Width": 4, "Recheck Cond": "(id = mc.company_type_id)", "Plans": [{"Node Type": "Bitmap Index Scan", "Parent Relationship": "Outer", "Index Name": "company_type_pkey", "Startup Cost": 0.0, "Total Cost": 0.26, "Plan Rows": 1, "Plan Width": 0, "Index Cond": "(id = mc.company_type_id)"}]}]}, {"Node Type": "Bitmap Heap Scan", "Parent Relationship": "Inner", "Relation Name": "movie_keyword", "Alias": "mk", "Startup Cost": 0.34, "Total Cost": 4.44, "Plan Rows": 8, "Plan Width": 8, "Recheck Cond": "(movie_id = mc.movie_id)", "Plans": [{"Node Type": "Bitmap Index Scan", "Parent Relationship": "Outer", "Index Name": "movie_id_movie_keyword", "Startup Cost": 0.0, "Total Cost": 0.34, "Plan Rows": 8, "Plan Width": 0, "Index Cond": "(movie_id = mc.movie_id)"}]}]}, {"Node Type": "Bitmap Heap Scan", "Parent Relationship": "Inner", "Relation Name": "keyword", "Alias": "k", "Startup Cost": 0.26, "Total Cost": 4.27, "Plan Rows": 1, "Plan Width": 4, "Recheck Cond": "(id = mk.keyword_id)", "Plans": [{"Node Type": "Bitmap Index Scan", "Parent Relationship": "Outer", "Index Name": "keyword_pkey", "Startup Cost": 0.0, "Total Cost": 0.26, "Plan Rows": 1, "Plan Width": 0, "Index Cond": "(id = mk.keyword_id)"}]}]}, {"Node Type": "Bitmap Heap Scan", "Parent Relationship": "Inner", "Relation Name": "title", "Alias": "t", "Startup Cost": 0.27, "Total Cost": 4.28, "Plan Rows": 1, "Plan Width": 21, "Recheck Cond": "(id = mk.movie_id)", "Filter": "(production_year > 1990)", "Plans": [{"Node Type": "Bitmap Index Scan", "Parent Relationship": "Outer", "Index Name": "title_pkey", "Startup Cost": 0.0, "Total Cost": 0.27, "Plan Rows": 1, "Plan Width": 0, "Index Cond": "(id = mk.movie_id)"}]}]}]}, "Unique SQL Id": 2302223328, "Planner Runtime": 47}, "explain_analyze_plan": null}, "(1, 68)": {"explain_plan": {"Plan": {"Node Type": "Aggregate", "Strategy": "Plain", "Startup Cost": 167852.71, "Total Cost": 167852.72, "Plan Rows": 1, "Plan Width": 102, "Plans": [{"Node Type": "Nested Loop", "Parent Relationship": "Outer", "Join Type": "Inner", "Startup Cost": 4841.51, "Total Cost": 167817.5, "Plan Rows": 7042, "Plan Width": 38, "Inner Unique": true, "Plans": [{"Node Type": "Nested Loop", "Parent Relationship": "Outer", "Join Type": "Inner", "Startup Cost": 4841.51, "Total Cost": 165840.93, "Plan Rows": 7042, "Plan Width": 42, "Inner Unique": false, "Join Filter": "(t.id = mk.movie_id)", "Plans": [{"Node Type": "Nested Loop", "Parent Relationship": "Outer", "Join Type": "Inner", "Startup Cost": 4841.51, "Total Cost": 165349.96, "Plan Rows": 873, "Plan Width": 54, "Inner Unique": true, "Join Filter": "(at.movie_id = t.id)", "Plans": [{"Node Type": "Nested Loop", "Parent Relationship": "Outer", "Join Type": "Inner", "Startup Cost": 4841.51, "Total Cost": 165127.87, "Plan Rows": 630, "Plan Width": 33, "Inner Unique": true, "Plans": [{"Node Type": "Nested Loop", "Parent Relationship": "Outer", "Join Type": "Inner", "Startup Cost": 4841.51, "Total Cost": 164951.47, "Plan Rows": 630, "Plan Width": 37, "Inner Unique": true, "Plans": [{"Node Type": "Nested Loop", "Parent Relationship": "Outer", "Join Type": "Inner", "Startup Cost": 4841.51, "Total Cost": 164648.85, "Plan Rows": 1052, "Plan Width": 41, "Inner Unique": false, "Plans": [{"Node Type": "Nested Loop", "Parent Relationship": "Outer", "Join Type": "Inner", "Startup Cost": 4841.51, "Total Cost": 164359.77, "Plan Rows": 490, "Plan Width": 29, "Inner Unique": false, "Plans": [{"Node Type": "Nested Loop", "Parent Relationship": "Outer", "Join Type": "Inner", "Startup Cost": 4841.51, "Total Cost": 163884.08, "Plan Rows": 192, "Plan Width": 4, "Inner Unique": false, "Plans": [{"Node Type": "Seq Scan", "Parent Relationship": "Outer", "Relation Name": "info_type", "Alias": "it1", "Startup Cost": 0.0, "Total Cost": 2.4, "Plan Rows": 1, "Plan Width": 4, "Filter": "((info)::text = 'release dates'::text)"}, {"Node Type": "Bitmap Heap Scan", "Parent Relationship": "Inner", "Relation Name": "movie_info", "Alias": "mi", "Startup Cost": 4841.51, "Total Cost": 163879.76, "Plan Rows": 192, "Plan Width": 8, "Recheck Cond": "(info_type_id = it1.id)", "Filter": "((note)::text ~~ '%internet%'::text)", "Plans": [{"Node Type": "Bitmap Index Scan", "Parent Relationship": "Outer", "Index Name": "info_type_id_movie_info", "Startup Cost": 0.0, "Total Cost": 4841.46, "Plan Rows": 212428, "Plan Width": 0, "Index Cond": "(info_type_id = it1.id)"}]}]}, {"Node Type": "Index Scan", "Parent Relationship": "Inner", "Scan Direction": "Forward", "Index Name": "movie_id_aka_title", "Relation Name": "aka_title", "Alias": "at", "Startup Cost": 0.0, "Total Cost": 2.45, "Plan Rows": 3, "Plan Width": 25, "Index Cond": "(movie_id = mi.movie_id)"}]}, {"Node Type": "Index Scan", "Parent Relationship": "Inner", "Scan Direction": "Forward", "Index Name": "movie_id_movie_companies", "Relation Name": "movie_companies", "Alias": "mc", "Startup Cost": 0.0, "Total Cost": 0.57, "Plan Rows": 2, "Plan Width": 12, "Index Cond": "(movie_id = at.movie_id)"}]}, {"Node Type": "Index Scan", "Parent Relationship": "Inner", "Scan Direction": "Forward", "Index Name": "company_name_pkey", "Relation Name": "company_name", "Alias": "cn", "Startup Cost": 0.0, "Total Cost": 0.28, "Plan Rows": 1, "Plan Width": 4, "Index Cond": "(id = mc.company_id)", "Filter": "((country_code)::text = '[us]'::text)"}]}, {"Node Type": "Index Scan", "Parent Relationship": "Inner", "Scan Direction": "Forward", "Index Name": "company_type_pkey", "Relation Name": "company_type", "Alias": "ct", "Startup Cost": 0.0, "Total Cost": 0.27, "Plan Rows": 1, "Plan Width": 4, "Index Cond": "(id = mc.company_type_id)"}]}, {"Node Type": "Index Scan", "Parent Relationship": "Inner", "Scan Direction": "Forward", "Index Name": "title_pkey", "Relation Name": "title", "Alias": "t", "Startup Cost": 0.0, "Total Cost": 0.34, "Plan Rows": 1, "Plan Width": 21, "Index Cond": "(id = mc.movie_id)", "Filter": "(production_year > 1990)"}]}, {"Node Type": "Index Scan", "Parent Relationship": "Inner", "Scan Direction": "Forward", "Index Name": "movie_id_movie_keyword", "Relation Name": "movie_keyword", "Alias": "mk", "Startup Cost": 0.0, "Total Cost": 0.46, "Plan Rows": 8, "Plan Width": 8, "Index Cond": "(movie_id = mc.movie_id)"}]}, {"Node Type": "Index Scan", "Parent Relationship": "Inner", "Scan Direction": "Forward", "Index Name": "keyword_pkey", "Relation Name": "keyword", "Alias": "k", "Startup Cost": 0.0, "Total Cost": 0.27, "Plan Rows": 1, "Plan Width": 4, "Index Cond": "(id = mk.keyword_id)"}]}]}, "Unique SQL Id": 2302223328, "Planner Runtime": 165}, "explain_analyze_plan": {"Plan": {"Node Type": "Aggregate", "Strategy": "Plain", "Startup Cost": 167852.71, "Total Cost": 167852.72, "Plan Rows": 1, "Plan Width": 102, "Actual Startup Time": 1556.811, "Actual Total Time": 1556.812, "Actual Rows": 1, "Actual Loops": 1, "Plans": [{"Node Type": "Nested Loop", "Parent Relationship": "Outer", "Join Type": "Inner", "Startup Cost": 4841.51, "Total Cost": 167817.5, "Plan Rows": 7042, "Plan Width": 38, "Actual Startup Time": 430.635, "Actual Total Time": 1553.972, "Actual Rows": 4371, "Actual Loops": 1, "Inner Unique": true, "Plans": [{"Node Type": "Nested Loop", "Parent Relationship": "Outer", "Join Type": "Inner", "Startup Cost": 4841.51, "Total Cost": 165840.93, "Plan Rows": 7042, "Plan Width": 42, "Actual Startup Time": 430.622, "Actual Total Time": 1535.976, "Actual Rows": 4371, "Actual Loops": 1, "Inner Unique": false, "Join Filter": "(t.id = mk.movie_id)", "Rows Removed by Join Filter": 0, "Plans": [{"Node Type": "Nested Loop", "Parent Relationship": "Outer", "Join Type": "Inner", "Startup Cost": 4841.51, "Total Cost": 165349.96, "Plan Rows": 873, "Plan Width": 54, "Actual Startup Time": 406.016, "Actual Total Time": 1529.898, "Actual Rows": 382, "Actual Loops": 1, "Inner Unique": true, "Join Filter": "(at.movie_id = t.id)", "Rows Removed by Join Filter": 0, "Plans": [{"Node Type": "Nested Loop", "Parent Relationship": "Outer", "Join Type": "Inner", "Startup Cost": 4841.51, "Total Cost": 165127.87, "Plan Rows": 630, "Plan Width": 33, "Actual Startup Time": 405.993, "Actual Total Time": 1527.226, "Actual Rows": 382, "Actual Loops": 1, "Inner Unique": true, "Plans": [{"Node Type": "Nested Loop", "Parent Relationship": "Outer", "Join Type": "Inner", "Startup Cost": 4841.51, "Total Cost": 164951.47, "Plan Rows": 630, "Plan Width": 37, "Actual Startup Time": 401.289, "Actual Total Time": 1525.19, "Actual Rows": 896, "Actual Loops": 1, "Inner Unique": true, "Plans": [{"Node Type": "Nested Loop", "Parent Relationship": "Outer", "Join Type": "Inner", "Startup Cost": 4841.51, "Total Cost": 164648.85, "Plan Rows": 1052, "Plan Width": 41, "Actual Startup Time": 401.265, "Actual Total Time": 1513.91, "Actual Rows": 2130, "Actual Loops": 1, "Inner Unique": false, "Plans": [{"Node Type": "Nested Loop", "Parent Relationship": "Outer", "Join Type": "Inner", "Startup Cost": 4841.51, "Total Cost": 164359.77, "Plan Rows": 490, "Plan Width": 29, "Actual Startup Time": 398.08, "Actual Total Time": 1508.264, "Actual Rows": 591, "Actual Loops": 1, "Inner Unique": false, "Plans": [{"Node Type": "Nested Loop", "Parent Relationship": "Outer", "Join Type": "Inner", "Startup Cost": 4841.51, "Total Cost": 163884.08, "Plan Rows": 192, "Plan Width": 4, "Actual Startup Time": 397.623, "Actual Total Time": 1475.469, "Actual Rows": 10679, "Actual Loops": 1, "Inner Unique": false, "Plans": [{"Node Type": "Seq Scan", "Parent Relationship": "Outer", "Relation Name": "info_type", "Alias": "it1", "Startup Cost": 0.0, "Total Cost": 2.4, "Plan Rows": 1, "Plan Width": 4, "Actual Startup Time": 0.046, "Actual Total Time": 0.08, "Actual Rows": 1, "Actual Loops": 1, "Filter": "((info)::text = 'release dates'::text)", "Rows Removed by Filter": 111}, {"Node Type": "Bitmap Heap Scan", "Parent Relationship": "Inner", "Relation Name": "movie_info", "Alias": "mi", "Startup Cost": 4841.51, "Total Cost": 163879.76, "Plan Rows": 192, "Plan Width": 8, "Actual Startup Time": 397.568, "Actual Total Time": 1472.881, "Actual Rows": 10679, "Actual Loops": 1, "Recheck Cond": "(info_type_id = it1.id)", "Rows Removed by Index Recheck": 0, "Filter": "((note)::text ~~ '%internet%'::text)", "Rows Removed by Filter": 3026040, "Exact Heap Blocks": 21947, "Lossy Heap Blocks": 21947, "Plans": [{"Node Type": "Bitmap Index Scan", "Parent Relationship": "Outer", "Index Name": "info_type_id_movie_info", "Startup Cost": 0.0, "Total Cost": 4841.46, "Plan Rows": 212428, "Plan Width": 0, "Actual Startup Time": 392.528, "Actual Total Time": 392.528, "Actual Rows": 3036719, "Actual Loops": 1, "Index Cond": "(info_type_id = it1.id)"}]}]}, {"Node Type": "Index Scan", "Parent Relationship": "Inner", "Scan Direction": "Forward", "Index Name": "movie_id_aka_title", "Relation Name": "aka_title", "Alias": "at", "Startup Cost": 0.0, "Total Cost": 2.45, "Plan Rows": 3, "Plan Width": 25, "Actual Startup Time": 26.383, "Actual Total Time": 26.903, "Actual Rows": 591, "Actual Loops": 10679, "Index Cond": "(movie_id = mi.movie_id)", "Rows Removed by Index Recheck": 0}]}, {"Node Type": "Index Scan", "Parent Relationship": "Inner", "Scan Direction": "Forward", "Index Name": "movie_id_movie_companies", "Relation Name": "movie_companies", "Alias": "mc", "Startup Cost": 0.0, "Total Cost": 0.57, "Plan Rows": 2, "Plan Width": 12, "Actual Startup Time": 3.117, "Actual Total Time": 4.499, "Actual Rows": 2130, "Actual Loops": 591, "Index Cond": "(movie_id = at.movie_id)", "Rows Removed by Index Recheck": 0}]}, {"Node Type": "Index Scan", "Parent Relationship": "Inner", "Scan Direction": "Forward", "Index Name": "company_name_pkey", "Relation Name": "company_name", "Alias": "cn", "Startup Cost": 0.0, "Total Cost": 0.28, "Plan Rows": 1, "Plan Width": 4, "Actual Startup Time": 9.561, "Actual Total Time": 9.561, "Actual Rows": 896, "Actual Loops": 2130, "Index Cond": "(id = mc.company_id)", "Rows Removed by Index Recheck": 0, "Filter": "((country_code)::text = '[us]'::text)", "Rows Removed by Filter": 1234}]}, {"Node Type": "Index Scan", "Parent Relationship": "Inner", "Scan Direction": "Forward", "Index Name": "company_type_pkey", "Relation Name": "company_type", "Alias": "ct", "Startup Cost": 0.0, "Total Cost": 0.27, "Plan Rows": 1, "Plan Width": 4, "Actual Startup Time": 1.176, "Actual Total Time": 1.176, "Actual Rows": 382, "Actual Loops": 896, "Index Cond": "(id = mc.company_type_id)", "Rows Removed by Index Recheck": 0}]}, {"Node Type": "Index Scan", "Parent Relationship": "Inner", "Scan Direction": "Forward", "Index Name": "title_pkey", "Relation Name": "title", "Alias": "t", "Startup Cost": 0.0, "Total Cost": 0.34, "Plan Rows": 1, "Plan Width": 21, "Actual Startup Time": 1.953, "Actual Total Time": 1.953, "Actual Rows": 382, "Actual Loops": 382, "Index Cond": "(id = mc.movie_id)", "Rows Removed by Index Recheck": 0, "Filter": "(production_year > 1990)", "Rows Removed by Filter": 0}]}, {"Node Type": "Index Scan", "Parent Relationship": "Inner", "Scan Direction": "Forward", "Index Name": "movie_id_movie_keyword", "Relation Name": "movie_keyword", "Alias": "mk", "Startup Cost": 0.0, "Total Cost": 0.46, "Plan Rows": 8, "Plan Width": 8, "Actual Startup Time": 2.042, "Actual Total Time": 3.975, "Actual Rows": 4371, "Actual Loops": 382, "Index Cond": "(movie_id = mc.movie_id)", "Rows Removed by Index Recheck": 0}]}, {"Node Type": "Index Scan", "Parent Relationship": "Inner", "Scan Direction": "Forward", "Index Name": "keyword_pkey", "Relation Name": "keyword", "Alias": "k", "Startup Cost": 0.0, "Total Cost": 0.27, "Plan Rows": 1, "Plan Width": 4, "Actual Startup Time": 14.573, "Actual Total Time": 14.573, "Actual Rows": 4371, "Actual Loops": 4371, "Index Cond": "(id = mk.keyword_id)", "Rows Removed by Index Recheck": 0}]}]}, "Triggers": [], "Planner Runtime": 165, "Total Runtime": 1557.345, "Unique SQL Id": 2302223328}}, "(1, 69)": {"explain_plan": {"Plan": {"Node Type": "Aggregate", "Strategy": "Plain", "Startup Cost": 167864.52, "Total Cost": 167864.53, "Plan Rows": 1, "Plan Width": 102, "Plans": [{"Node Type": "Nested Loop", "Parent Relationship": "Outer", "Join Type": "Inner", "Startup Cost": 4841.51, "Total Cost": 167829.31, "Plan Rows": 7042, "Plan Width": 38, "Inner Unique": true, "Plans": [{"Node Type": "Nested Loop", "Parent Relationship": "Outer", "Join Type": "Inner", "Startup Cost": 4841.51, "Total Cost": 165852.74, "Plan Rows": 7042, "Plan Width": 42, "Inner Unique": false, "Join Filter": "(t.id = mk.movie_id)", "Plans": [{"Node Type": "Nested Loop", "Parent Relationship": "Outer", "Join Type": "Inner", "Startup Cost": 4841.51, "Total Cost": 165361.77, "Plan Rows": 873, "Plan Width": 54, "Inner Unique": true, "Join Filter": "(at.movie_id = t.id)", "Plans": [{"Node Type": "Nested Loop", "Parent Relationship": "Outer", "Join Type": "Inner", "Startup Cost": 4841.51, "Total Cost": 165139.68, "Plan Rows": 630, "Plan Width": 33, "Inner Unique": true, "Plans": [{"Node Type": "Nested Loop", "Parent Relationship": "Outer", "Join Type": "Inner", "Startup Cost": 4841.51, "Total Cost": 164963.28, "Plan Rows": 630, "Plan Width": 37, "Inner Unique": true, "Plans": [{"Node Type": "Nested Loop", "Parent Relationship": "Outer", "Join Type": "Inner", "Startup Cost": 4841.51, "Total Cost": 164660.66, "Plan Rows": 1052, "Plan Width": 41, "Inner Unique": false, "Plans": [{"Node Type": "Nested Loop", "Parent Relationship": "Outer", "Join Type": "Inner", "Startup Cost": 4841.51, "Total Cost": 164371.58, "Plan Rows": 490, "Plan Width": 29, "Inner Unique": false, "Plans": [{"Node Type": "Nested Loop", "Parent Relationship": "Outer", "Join Type": "Inner", "Startup Cost": 4841.51, "Total Cost": 163895.89, "Plan Rows": 192, "Plan Width": 4, "Inner Unique": false, "Plans": [{"Node Type": "Index Scan", "Parent Relationship": "Outer", "Scan Direction": "Forward", "Index Name": "info_type_pkey", "Relation Name": "info_type", "Alias": "it1", "Startup Cost": 0.0, "Total Cost": 14.21, "Plan Rows": 1, "Plan Width": 4, "Filter": "((info)::text = 'release dates'::text)"}, {"Node Type": "Bitmap Heap Scan", "Parent Relationship": "Inner", "Relation Name": "movie_info", "Alias": "mi", "Startup Cost": 4841.51, "Total Cost": 163879.76, "Plan Rows": 192, "Plan Width": 8, "Recheck Cond": "(info_type_id = it1.id)", "Filter": "((note)::text ~~ '%internet%'::text)", "Plans": [{"Node Type": "Bitmap Index Scan", "Parent Relationship": "Outer", "Index Name": "info_type_id_movie_info", "Startup Cost": 0.0, "Total Cost": 4841.46, "Plan Rows": 212428, "Plan Width": 0, "Index Cond": "(info_type_id = it1.id)"}]}]}, {"Node Type": "Index Scan", "Parent Relationship": "Inner", "Scan Direction": "Forward", "Index Name": "movie_id_aka_title", "Relation Name": "aka_title", "Alias": "at", "Startup Cost": 0.0, "Total Cost": 2.45, "Plan Rows": 3, "Plan Width": 25, "Index Cond": "(movie_id = mi.movie_id)"}]}, {"Node Type": "Index Scan", "Parent Relationship": "Inner", "Scan Direction": "Forward", "Index Name": "movie_id_movie_companies", "Relation Name": "movie_companies", "Alias": "mc", "Startup Cost": 0.0, "Total Cost": 0.57, "Plan Rows": 2, "Plan Width": 12, "Index Cond": "(movie_id = at.movie_id)"}]}, {"Node Type": "Index Scan", "Parent Relationship": "Inner", "Scan Direction": "Forward", "Index Name": "company_name_pkey", "Relation Name": "company_name", "Alias": "cn", "Startup Cost": 0.0, "Total Cost": 0.28, "Plan Rows": 1, "Plan Width": 4, "Index Cond": "(id = mc.company_id)", "Filter": "((country_code)::text = '[us]'::text)"}]}, {"Node Type": "Index Scan", "Parent Relationship": "Inner", "Scan Direction": "Forward", "Index Name": "company_type_pkey", "Relation Name": "company_type", "Alias": "ct", "Startup Cost": 0.0, "Total Cost": 0.27, "Plan Rows": 1, "Plan Width": 4, "Index Cond": "(id = mc.company_type_id)"}]}, {"Node Type": "Index Scan", "Parent Relationship": "Inner", "Scan Direction": "Forward", "Index Name": "title_pkey", "Relation Name": "title", "Alias": "t", "Startup Cost": 0.0, "Total Cost": 0.34, "Plan Rows": 1, "Plan Width": 21, "Index Cond": "(id = mc.movie_id)", "Filter": "(production_year > 1990)"}]}, {"Node Type": "Index Scan", "Parent Relationship": "Inner", "Scan Direction": "Forward", "Index Name": "movie_id_movie_keyword", "Relation Name": "movie_keyword", "Alias": "mk", "Startup Cost": 0.0, "Total Cost": 0.46, "Plan Rows": 8, "Plan Width": 8, "Index Cond": "(movie_id = mc.movie_id)"}]}, {"Node Type": "Index Scan", "Parent Relationship": "Inner", "Scan Direction": "Forward", "Index Name": "keyword_pkey", "Relation Name": "keyword", "Alias": "k", "Startup Cost": 0.0, "Total Cost": 0.27, "Plan Rows": 1, "Plan Width": 4, "Index Cond": "(id = mk.keyword_id)"}]}]}, "Unique SQL Id": 2302223328, "Planner Runtime": 153}, "explain_analyze_plan": {"Plan": {"Node Type": "Aggregate", "Strategy": "Plain", "Startup Cost": 167864.52, "Total Cost": 167864.53, "Plan Rows": 1, "Plan Width": 102, "Actual Startup Time": 1571.362, "Actual Total Time": 1571.362, "Actual Rows": 1, "Actual Loops": 1, "Plans": [{"Node Type": "Nested Loop", "Parent Relationship": "Outer", "Join Type": "Inner", "Startup Cost": 4841.51, "Total Cost": 167829.31, "Plan Rows": 7042, "Plan Width": 38, "Actual Startup Time": 411.178, "Actual Total Time": 1568.459, "Actual Rows": 4371, "Actual Loops": 1, "Inner Unique": true, "Plans": [{"Node Type": "Nested Loop", "Parent Relationship": "Outer", "Join Type": "Inner", "Startup Cost": 4841.51, "Total Cost": 165852.74, "Plan Rows": 7042, "Plan Width": 42, "Actual Startup Time": 411.16, "Actual Total Time": 1549.846, "Actual Rows": 4371, "Actual Loops": 1, "Inner Unique": false, "Join Filter": "(t.id = mk.movie_id)", "Rows Removed by Join Filter": 0, "Plans": [{"Node Type": "Nested Loop", "Parent Relationship": "Outer", "Join Type": "Inner", "Startup Cost": 4841.51, "Total Cost": 165361.77, "Plan Rows": 873, "Plan Width": 54, "Actual Startup Time": 386.481, "Actual Total Time": 1543.643, "Actual Rows": 382, "Actual Loops": 1, "Inner Unique": true, "Join Filter": "(at.movie_id = t.id)", "Rows Removed by Join Filter": 0, "Plans": [{"Node Type": "Nested Loop", "Parent Relationship": "Outer", "Join Type": "Inner", "Startup Cost": 4841.51, "Total Cost": 165139.68, "Plan Rows": 630, "Plan Width": 33, "Actual Startup Time": 386.448, "Actual Total Time": 1540.781, "Actual Rows": 382, "Actual Loops": 1, "Inner Unique": true, "Plans": [{"Node Type": "Nested Loop", "Parent Relationship": "Outer", "Join Type": "Inner", "Startup Cost": 4841.51, "Total Cost": 164963.28, "Plan Rows": 630, "Plan Width": 37, "Actual Startup Time": 381.563, "Actual Total Time": 1538.768, "Actual Rows": 896, "Actual Loops": 1, "Inner Unique": true, "Plans": [{"Node Type": "Nested Loop", "Parent Relationship": "Outer", "Join Type": "Inner", "Startup Cost": 4841.51, "Total Cost": 164660.66, "Plan Rows": 1052, "Plan Width": 41, "Actual Startup Time": 381.525, "Actual Total Time": 1526.759, "Actual Rows": 2130, "Actual Loops": 1, "Inner Unique": false, "Plans": [{"Node Type": "Nested Loop", "Parent Relationship": "Outer", "Join Type": "Inner", "Startup Cost": 4841.51, "Total Cost": 164371.58, "Plan Rows": 490, "Plan Width": 29, "Actual Startup Time": 378.179, "Actual Total Time": 1520.779, "Actual Rows": 591, "Actual Loops": 1, "Inner Unique": false, "Plans": [{"Node Type": "Nested Loop", "Parent Relationship": "Outer", "Join Type": "Inner", "Startup Cost": 4841.51, "Total Cost": 163895.89, "Plan Rows": 192, "Plan Width": 4, "Actual Startup Time": 377.718, "Actual Total Time": 1486.401, "Actual Rows": 10679, "Actual Loops": 1, "Inner Unique": false, "Plans": [{"Node Type": "Index Scan", "Parent Relationship": "Outer", "Scan Direction": "Forward", "Index Name": "info_type_pkey", "Relation Name": "info_type", "Alias": "it1", "Startup Cost": 0.0, "Total Cost": 14.21, "Plan Rows": 1, "Plan Width": 4, "Actual Startup Time": 0.053, "Actual Total Time": 0.099, "Actual Rows": 1, "Actual Loops": 1, "Filter": "((info)::text = 'release dates'::text)", "Rows Removed by Filter": 111}, {"Node Type": "Bitmap Heap Scan", "Parent Relationship": "Inner", "Relation Name": "movie_info", "Alias": "mi", "Startup Cost": 4841.51, "Total Cost": 163879.76, "Plan Rows": 192, "Plan Width": 8, "Actual Startup Time": 377.645, "Actual Total Time": 1483.709, "Actual Rows": 10679, "Actual Loops": 1, "Recheck Cond": "(info_type_id = it1.id)", "Rows Removed by Index Recheck": 0, "Filter": "((note)::text ~~ '%internet%'::text)", "Rows Removed by Filter": 3026040, "Exact Heap Blocks": 21947, "Lossy Heap Blocks": 21947, "Plans": [{"Node Type": "Bitmap Index Scan", "Parent Relationship": "Outer", "Index Name": "info_type_id_movie_info", "Startup Cost": 0.0, "Total Cost": 4841.46, "Plan Rows": 212428, "Plan Width": 0, "Actual Startup Time": 372.392, "Actual Total Time": 372.392, "Actual Rows": 3036719, "Actual Loops": 1, "Index Cond": "(info_type_id = it1.id)"}]}]}, {"Node Type": "Index Scan", "Parent Relationship": "Inner", "Scan Direction": "Forward", "Index Name": "movie_id_aka_title", "Relation Name": "aka_title", "Alias": "at", "Startup Cost": 0.0, "Total Cost": 2.45, "Plan Rows": 3, "Plan Width": 25, "Actual Startup Time": 27.893, "Actual Total Time": 28.439, "Actual Rows": 591, "Actual Loops": 10679, "Index Cond": "(movie_id = mi.movie_id)", "Rows Removed by Index Recheck": 0}]}, {"Node Type": "Index Scan", "Parent Relationship": "Inner", "Scan Direction": "Forward", "Index Name": "movie_id_movie_companies", "Relation Name": "movie_companies", "Alias": "mc", "Startup Cost": 0.0, "Total Cost": 0.57, "Plan Rows": 2, "Plan Width": 12, "Actual Startup Time": 3.422, "Actual Total Time": 4.881, "Actual Rows": 2130, "Actual Loops": 591, "Index Cond": "(movie_id = at.movie_id)", "Rows Removed by Index Recheck": 0}]}, {"Node Type": "Index Scan", "Parent Relationship": "Inner", "Scan Direction": "Forward", "Index Name": "company_name_pkey", "Relation Name": "company_name", "Alias": "cn", "Startup Cost": 0.0, "Total Cost": 0.28, "Plan Rows": 1, "Plan Width": 4, "Actual Startup Time": 10.301, "Actual Total Time": 10.301, "Actual Rows": 896, "Actual Loops": 2130, "Index Cond": "(id = mc.company_id)", "Rows Removed by Index Recheck": 0, "Filter": "((country_code)::text = '[us]'::text)", "Rows Removed by Filter": 1234}]}, {"Node Type": "Index Scan", "Parent Relationship": "Inner", "Scan Direction": "Forward", "Index Name": "company_type_pkey", "Relation Name": "company_type", "Alias": "ct", "Startup Cost": 0.0, "Total Cost": 0.27, "Plan Rows": 1, "Plan Width": 4, "Actual Startup Time": 1.176, "Actual Total Time": 1.176, "Actual Rows": 382, "Actual Loops": 896, "Index Cond": "(id = mc.company_type_id)", "Rows Removed by Index Recheck": 0}]}, {"Node Type": "Index Scan", "Parent Relationship": "Inner", "Scan Direction": "Forward", "Index Name": "title_pkey", "Relation Name": "title", "Alias": "t", "Startup Cost": 0.0, "Total Cost": 0.34, "Plan Rows": 1, "Plan Width": 21, "Actual Startup Time": 2.112, "Actual Total Time": 2.112, "Actual Rows": 382, "Actual Loops": 382, "Index Cond": "(id = mc.movie_id)", "Rows Removed by Index Recheck": 0, "Filter": "(production_year > 1990)", "Rows Removed by Filter": 0}]}, {"Node Type": "Index Scan", "Parent Relationship": "Inner", "Scan Direction": "Forward", "Index Name": "movie_id_movie_keyword", "Relation Name": "movie_keyword", "Alias": "mk", "Startup Cost": 0.0, "Total Cost": 0.46, "Plan Rows": 8, "Plan Width": 8, "Actual Startup Time": 2.208, "Actual Total Time": 4.124, "Actual Rows": 4371, "Actual Loops": 382, "Index Cond": "(movie_id = mc.movie_id)", "Rows Removed by Index Recheck": 0}]}, {"Node Type": "Index Scan", "Parent Relationship": "Inner", "Scan Direction": "Forward", "Index Name": "keyword_pkey", "Relation Name": "keyword", "Alias": "k", "Startup Cost": 0.0, "Total Cost": 0.27, "Plan Rows": 1, "Plan Width": 4, "Actual Startup Time": 15.187, "Actual Total Time": 15.187, "Actual Rows": 4371, "Actual Loops": 4371, "Index Cond": "(id = mk.keyword_id)", "Rows Removed by Index Recheck": 0}]}]}, "Triggers": [], "Planner Runtime": 153, "Total Runtime": 1571.994, "Unique SQL Id": 2302223328}}, "(1, 70)": {"explain_plan": {"Plan": {"Node Type": "Aggregate", "Strategy": "Plain", "Startup Cost": 178693.26, "Total Cost": 178693.27, "Plan Rows": 1, "Plan Width": 102, "Plans": [{"Node Type": "Hash Join", "Parent Relationship": "Outer", "Join Type": "Inner", "Startup Cost": 8624.11, "Total Cost": 178658.05, "Plan Rows": 7042, "Plan Width": 38, "Inner Unique": true, "Hash Cond": "(mk.keyword_id = k.id)", "Plans": [{"Node Type": "Nested Loop", "Parent Relationship": "Outer", "Join Type": "Inner", "Startup Cost": 4846.31, "Total Cost": 174784.81, "Plan Rows": 7042, "Plan Width": 42, "Inner Unique": false, "Join Filter": "(t.id = mk.movie_id)", "Plans": [{"Node Type": "Nested Loop", "Parent Relationship": "Outer", "Join Type": "Inner", "Startup Cost": 4845.97, "Total Cost": 170823.11, "Plan Rows": 873, "Plan Width": 54, "Inner Unique": false, "Join Filter": "(t.id = at.movie_id)", "Plans": [{"Node Type": "Hash Join", "Parent Relationship": "Outer", "Join Type": "Inner", "Startup Cost": 4845.7, "Total Cost": 168744.0, "Plan Rows": 478, "Plan Width": 29, "Inner Unique": true, "Hash Cond": "(mc.company_type_id = ct.id)", "Plans": [{"Node Type": "Nested Loop", "Parent Relationship": "Outer", "Join Type": "Inner", "Startup Cost": 4844.63, "Total Cost": 168736.95, "Plan Rows": 478, "Plan Width": 33, "Inner Unique": true, "Plans": [{"Node Type": "Nested Loop", "Parent Relationship": "Outer", "Join Type": "Inner", "Startup Cost": 4844.37, "Total Cost": 166304.0, "Plan Rows": 568, "Plan Width": 37, "Inner Unique": false, "Plans": [{"Node Type": "Nested Loop", "Parent Relationship": "Outer", "Join Type": "Inner", "Startup Cost": 4844.08, "Total Cost": 165151.58, "Plan Rows": 266, "Plan Width": 25, "Inner Unique": true, "Plans": [{"Node Type": "Nested Loop", "Parent Relationship": "Outer", "Join Type": "Inner", "Startup Cost": 4841.51, "Total Cost": 163884.08, "Plan Rows": 192, "Plan Width": 4, "Inner Unique": false, "Plans": [{"Node Type": "Seq Scan", "Parent Relationship": "Outer", "Relation Name": "info_type", "Alias": "it1", "Startup Cost": 0.0, "Total Cost": 2.4, "Plan Rows": 1, "Plan Width": 4, "Filter": "((info)::text = 'release dates'::text)"}, {"Node Type": "Bitmap Heap Scan", "Parent Relationship": "Inner", "Relation Name": "movie_info", "Alias": "mi", "Startup Cost": 4841.51, "Total Cost": 163879.76, "Plan Rows": 192, "Plan Width": 8, "Recheck Cond": "(info_type_id = it1.id)", "Filter": "((note)::text ~~ '%internet%'::text)", "Plans": [{"Node Type": "Bitmap Index Scan", "Parent Relationship": "Outer", "Index Name": "info_type_id_movie_info", "Startup Cost": 0.0, "Total Cost": 4841.46, "Plan Rows": 212428, "Plan Width": 0, "Index Cond": "(info_type_id = it1.id)"}]}]}, {"Node Type": "Bitmap Heap Scan", "Parent Relationship": "Inner", "Relation Name": "title", "Alias": "t", "Startup Cost": 2.58, "Total Cost": 6.59, "Plan Rows": 1, "Plan Width": 21, "Recheck Cond": "(id = mi.movie_id)", "Filter": "(production_year > 1990)", "Plans": [{"Node Type": "Bitmap Index Scan", "Parent Relationship": "Outer", "Index Name": "title_pkey", "Startup Cost": 0.0, "Total Cost": 2.58, "Plan Rows": 1, "Plan Width": 0, "Index Cond": "(id = mi.movie_id)"}]}]}, {"Node Type": "Bitmap Heap Scan", "Parent Relationship": "Inner", "Relation Name": "movie_companies", "Alias": "mc", "Startup Cost": 0.29, "Total Cost": 4.31, "Plan Rows": 2, "Plan Width": 12, "Recheck Cond": "(movie_id = t.id)", "Plans": [{"Node Type": "Bitmap Index Scan", "Parent Relationship": "Outer", "Index Name": "movie_id_movie_companies", "Startup Cost": 0.0, "Total Cost": 0.29, "Plan Rows": 2, "Plan Width": 0, "Index Cond": "(movie_id = t.id)"}]}]}, {"Node Type": "Bitmap Heap Scan", "Parent Relationship": "Inner", "Relation Name": "company_name", "Alias": "cn", "Startup Cost": 0.26, "Total Cost": 4.27, "Plan Rows": 1, "Plan Width": 4, "Recheck Cond": "(id = mc.company_id)", "Filter": "((country_code)::text = '[us]'::text)", "Plans": [{"Node Type": "Bitmap Index Scan", "Parent Relationship": "Outer", "Index Name": "company_name_pkey", "Startup Cost": 0.0, "Total Cost": 0.26, "Plan Rows": 1, "Plan Width": 0, "Index Cond": "(id = mc.company_id)"}]}]}, {"Node Type": "Hash", "Parent Relationship": "Inner", "Startup Cost": 1.03, "Total Cost": 1.03, "Plan Rows": 3, "Plan Width": 4, "Plans": [{"Node Type": "Seq Scan", "Parent Relationship": "Outer", "Relation Name": "company_type", "Alias": "ct", "Startup Cost": 0.0, "Total Cost": 1.03, "Plan Rows": 3, "Plan Width": 4}]}]}, {"Node Type": "Bitmap Heap Scan", "Parent Relationship": "Inner", "Relation Name": "aka_title", "Alias": "at", "Startup Cost": 0.27, "Total Cost": 4.31, "Plan Rows": 3, "Plan Width": 25, "Recheck Cond": "(movie_id = mc.movie_id)", "Plans": [{"Node Type": "Bitmap Index Scan", "Parent Relationship": "Outer", "Index Name": "movie_id_aka_title", "Startup Cost": 0.0, "Total Cost": 0.27, "Plan Rows": 3, "Plan Width": 0, "Index Cond": "(movie_id = mc.movie_id)"}]}]}, {"Node Type": "Bitmap Heap Scan", "Parent Relationship": "Inner", "Relation Name": "movie_keyword", "Alias": "mk", "Startup Cost": 0.34, "Total Cost": 4.44, "Plan Rows": 8, "Plan Width": 8, "Recheck Cond": "(movie_id = mc.movie_id)", "Plans": [{"Node Type": "Bitmap Index Scan", "Parent Relationship": "Outer", "Index Name": "movie_id_movie_keyword", "Startup Cost": 0.0, "Total Cost": 0.34, "Plan Rows": 8, "Plan Width": 0, "Index Cond": "(movie_id = mc.movie_id)"}]}]}, {"Node Type": "Hash", "Parent Relationship": "Inner", "Startup Cost": 2100.69, "Total Cost": 2100.69, "Plan Rows": 134169, "Plan Width": 4, "Plans": [{"Node Type": "Seq Scan", "Parent Relationship": "Outer", "Relation Name": "keyword", "Alias": "k", "Startup Cost": 0.0, "Total Cost": 2100.69, "Plan Rows": 134169, "Plan Width": 4}]}]}]}, "Unique SQL Id": 2302223328, "Planner Runtime": 167}, "explain_analyze_plan": {"Plan": {"Node Type": "Aggregate", "Strategy": "Plain", "Startup Cost": 178693.26, "Total Cost": 178693.27, "Plan Rows": 1, "Plan Width": 102, "Actual Startup Time": 2107.274, "Actual Total Time": 2107.275, "Actual Rows": 1, "Actual Loops": 1, "Plans": [{"Node Type": "Hash Join", "Parent Relationship": "Outer", "Join Type": "Inner", "Startup Cost": 8624.11, "Total Cost": 178658.05, "Plan Rows": 7042, "Plan Width": 38, "Actual Startup Time": 631.082, "Actual Total Time": 2104.756, "Actual Rows": 4371, "Actual Loops": 1, "Inner Unique": true, "Hash Cond": "(mk.keyword_id = k.id)", "Plans": [{"Node Type": "Nested Loop", "Parent Relationship": "Outer", "Join Type": "Inner", "Startup Cost": 4846.31, "Total Cost": 174784.81, "Plan Rows": 7042, "Plan Width": 42, "Actual Startup Time": 554.969, "Actual Total Time": 2026.306, "Actual Rows": 4371, "Actual Loops": 1, "Inner Unique": false, "Join Filter": "(t.id = mk.movie_id)", "Rows Removed by Join Filter": 0, "Plans": [{"Node Type": "Nested Loop", "Parent Relationship": "Outer", "Join Type": "Inner", "Startup Cost": 4845.97, "Total Cost": 170823.11, "Plan Rows": 873, "Plan Width": 54, "Actual Startup Time": 522.355, "Actual Total Time": 2020.249, "Actual Rows": 382, "Actual Loops": 1, "Inner Unique": false, "Join Filter": "(t.id = at.movie_id)", "Rows Removed by Join Filter": 0, "Plans": [{"Node Type": "Hash Join", "Parent Relationship": "Outer", "Join Type": "Inner", "Startup Cost": 4845.7, "Total Cost": 168744.0, "Plan Rows": 478, "Plan Width": 29, "Actual Startup Time": 510.401, "Actual Total Time": 1991.143, "Actual Rows": 5914, "Actual Loops": 1, "Inner Unique": true, "Hash Cond": "(mc.company_type_id = ct.id)", "Plans": [{"Node Type": "Nested Loop", "Parent Relationship": "Outer", "Join Type": "Inner", "Startup Cost": 4844.63, "Total Cost": 168736.95, "Plan Rows": 478, "Plan Width": 33, "Actual Startup Time": 510.228, "Actual Total Time": 1986.154, "Actual Rows": 9857, "Actual Loops": 1, "Inner Unique": true, "Plans": [{"Node Type": "Nested Loop", "Parent Relationship": "Outer", "Join Type": "Inner", "Startup Cost": 4844.37, "Total Cost": 166304.0, "Plan Rows": 568, "Plan Width": 37, "Actual Startup Time": 510.173, "Actual Total Time": 1883.812, "Actual Rows": 14377, "Actual Loops": 1, "Inner Unique": false, "Plans": [{"Node Type": "Nested Loop", "Parent Relationship": "Outer", "Join Type": "Inner", "Startup Cost": 4844.08, "Total Cost": 165151.58, "Plan Rows": 266, "Plan Width": 25, "Actual Startup Time": 510.127, "Actual Total Time": 1789.422, "Actual Rows": 10662, "Actual Loops": 1, "Inner Unique": true, "Plans": [{"Node Type": "Nested Loop", "Parent Relationship": "Outer", "Join Type": "Inner", "Startup Cost": 4841.51, "Total Cost": 163884.08, "Plan Rows": 192, "Plan Width": 4, "Actual Startup Time": 510.065, "Actual Total Time": 1700.961, "Actual Rows": 10679, "Actual Loops": 1, "Inner Unique": false, "Plans": [{"Node Type": "Seq Scan", "Parent Relationship": "Outer", "Relation Name": "info_type", "Alias": "it1", "Startup Cost": 0.0, "Total Cost": 2.4, "Plan Rows": 1, "Plan Width": 4, "Actual Startup Time": 0.046, "Actual Total Time": 0.081, "Actual Rows": 1, "Actual Loops": 1, "Filter": "((info)::text = 'release dates'::text)", "Rows Removed by Filter": 111}, {"Node Type": "Bitmap Heap Scan", "Parent Relationship": "Inner", "Relation Name": "movie_info", "Alias": "mi", "Startup Cost": 4841.51, "Total Cost": 163879.76, "Plan Rows": 192, "Plan Width": 8, "Actual Startup Time": 510.007, "Actual Total Time": 1698.17, "Actual Rows": 10679, "Actual Loops": 1, "Recheck Cond": "(info_type_id = it1.id)", "Rows Removed by Index Recheck": 0, "Filter": "((note)::text ~~ '%internet%'::text)", "Rows Removed by Filter": 3026040, "Exact Heap Blocks": 21947, "Lossy Heap Blocks": 21947, "Plans": [{"Node Type": "Bitmap Index Scan", "Parent Relationship": "Outer", "Index Name": "info_type_id_movie_info", "Startup Cost": 0.0, "Total Cost": 4841.46, "Plan Rows": 212428, "Plan Width": 0, "Actual Startup Time": 504.686, "Actual Total Time": 504.686, "Actual Rows": 3036719, "Actual Loops": 1, "Index Cond": "(info_type_id = it1.id)"}]}]}, {"Node Type": "Bitmap Heap Scan", "Parent Relationship": "Inner", "Relation Name": "title", "Alias": "t", "Startup Cost": 2.58, "Total Cost": 6.59, "Plan Rows": 1, "Plan Width": 21, "Actual Startup Time": 71.702, "Actual Total Time": 71.702, "Actual Rows": 10662, "Actual Loops": 10679, "Recheck Cond": "(id = mi.movie_id)", "Rows Removed by Index Recheck": 0, "Filter": "(production_year > 1990)", "Rows Removed by Filter": 17, "Exact Heap Blocks": 10679, "Lossy Heap Blocks": 10679, "Plans": [{"Node Type": "Bitmap Index Scan", "Parent Relationship": "Outer", "Index Name": "title_pkey", "Startup Cost": 0.0, "Total Cost": 2.58, "Plan Rows": 1, "Plan Width": 0, "Actual Startup Time": 39.223, "Actual Total Time": 39.223, "Actual Rows": 10679, "Actual Loops": 10679, "Index Cond": "(id = mi.movie_id)"}]}]}, {"Node Type": "Bitmap Heap Scan", "Parent Relationship": "Inner", "Relation Name": "movie_companies", "Alias": "mc", "Startup Cost": 0.29, "Total Cost": 4.31, "Plan Rows": 2, "Plan Width": 12, "Actual Startup Time": 67.834, "Actual Total Time": 77.122, "Actual Rows": 14377, "Actual Loops": 10662, "Recheck Cond": "(movie_id = t.id)", "Rows Removed by Index Recheck": 0, "Exact Heap Blocks": 11694, "Lossy Heap Blocks": 11694, "Plans": [{"Node Type": "Bitmap Index Scan", "Parent Relationship": "Outer", "Index Name": "movie_id_movie_companies", "Startup Cost": 0.0, "Total Cost": 0.29, "Plan Rows": 2, "Plan Width": 0, "Actual Startup Time": 42.625, "Actual Total Time": 42.625, "Actual Rows": 14377, "Actual Loops": 10662, "Index Cond": "(movie_id = t.id)"}]}]}, {"Node Type": "Bitmap Heap Scan", "Parent Relationship": "Inner", "Relation Name": "company_name", "Alias": "cn", "Startup Cost": 0.26, "Total Cost": 4.27, "Plan Rows": 1, "Plan Width": 4, "Actual Startup Time": 83.825, "Actual Total Time": 83.825, "Actual Rows": 9857, "Actual Loops": 14377, "Recheck Cond": "(id = mc.company_id)", "Rows Removed by Index Recheck": 0, "Filter": "((country_code)::text = '[us]'::text)", "Rows Removed by Filter": 4520, "Exact Heap Blocks": 14377, "Lossy Heap Blocks": 14377, "Plans": [{"Node Type": "Bitmap Index Scan", "Parent Relationship": "Outer", "Index Name": "company_name_pkey", "Startup Cost": 0.0, "Total Cost": 0.26, "Plan Rows": 1, "Plan Width": 0, "Actual Startup Time": 45.045, "Actual Total Time": 45.045, "Actual Rows": 14377, "Actual Loops": 14377, "Index Cond": "(id = mc.company_id)"}]}]}, {"Node Type": "Hash", "Parent Relationship": "Inner", "Startup Cost": 1.03, "Total Cost": 1.03, "Plan Rows": 3, "Plan Width": 4, "Actual Startup Time": 0.02, "Actual Total Time": 0.02, "Actual Rows": 3, "Actual Loops": 1, "Hash Buckets": 32768, "Hash Batches": 1, "Original Hash Batches": 1, "Peak Memory Usage": 1, "Plans": [{"Node Type": "Seq Scan", "Parent Relationship": "Outer", "Relation Name": "company_type", "Alias": "ct", "Startup Cost": 0.0, "Total Cost": 1.03, "Plan Rows": 3, "Plan Width": 4, "Actual Startup Time": 0.008, "Actual Total Time": 0.009, "Actual Rows": 3, "Actual Loops": 1}]}]}, {"Node Type": "Bitmap Heap Scan", "Parent Relationship": "Inner", "Relation Name": "aka_title", "Alias": "at", "Startup Cost": 0.27, "Total Cost": 4.31, "Plan Rows": 3, "Plan Width": 25, "Actual Startup Time": 21.29, "Actual Total Time": 21.523, "Actual Rows": 382, "Actual Loops": 5914, "Recheck Cond": "(movie_id = mc.movie_id)", "Rows Removed by Index Recheck": 0, "Exact Heap Blocks": 382, "Lossy Heap Blocks": 382, "Plans": [{"Node Type": "Bitmap Index Scan", "Parent Relationship": "Outer", "Index Name": "movie_id_aka_title", "Startup Cost": 0.0, "Total Cost": 0.27, "Plan Rows": 3, "Plan Width": 0, "Actual Startup Time": 17.294, "Actual Total Time": 17.294, "Actual Rows": 382, "Actual Loops": 5914, "Index Cond": "(movie_id = mc.movie_id)"}]}]}, {"Node Type": "Bitmap Heap Scan", "Parent Relationship": "Inner", "Relation Name": "movie_keyword", "Alias": "mk", "Startup Cost": 0.34, "Total Cost": 4.44, "Plan Rows": 8, "Plan Width": 8, "Actual Startup Time": 3.396, "Actual Total Time": 3.924, "Actual Rows": 4371, "Actual Loops": 382, "Recheck Cond": "(movie_id = mc.movie_id)", "Rows Removed by Index Recheck": 0, "Exact Heap Blocks": 276, "Lossy Heap Blocks": 276, "Plans": [{"Node Type": "Bitmap Index Scan", "Parent Relationship": "Outer", "Index Name": "movie_id_movie_keyword", "Startup Cost": 0.0, "Total Cost": 0.34, "Plan Rows": 8, "Plan Width": 0, "Actual Startup Time": 2.065, "Actual Total Time": 2.065, "Actual Rows": 4371, "Actual Loops": 382, "Index Cond": "(movie_id = mc.movie_id)"}]}]}, {"Node Type": "Hash", "Parent Relationship": "Inner", "Startup Cost": 2100.69, "Total Cost": 2100.69, "Plan Rows": 134169, "Plan Width": 4, "Actual Startup Time": 75.771, "Actual Total Time": 75.771, "Actual Rows": 134169, "Actual Loops": 1, "Hash Buckets": 262144, "Hash Batches": 1, "Original Hash Batches": 1, "Peak Memory Usage": 4717, "Plans": [{"Node Type": "Seq Scan", "Parent Relationship": "Outer", "Relation Name": "keyword", "Alias": "k", "Startup Cost": 0.0, "Total Cost": 2100.69, "Plan Rows": 134169, "Plan Width": 4, "Actual Startup Time": 0.069, "Actual Total Time": 39.221, "Actual Rows": 134169, "Actual Loops": 1}]}]}]}, "Triggers": [], "Planner Runtime": 167, "Total Runtime": 2108.011, "Unique SQL Id": 2302223328}}, "(1, 71)": {"explain_plan": {"Plan": {"Node Type": "Aggregate", "Strategy": "Plain", "Startup Cost": 1000003999861.48, "Total Cost": 1000003999861.49, "Plan Rows": 1, "Plan Width": 102, "Plans": [{"Node Type": "Nested Loop", "Parent Relationship": "Outer", "Join Type": "Inner", "Startup Cost": 10000000002.92, "Total Cost": 1000003999827.29, "Plan Rows": 6838, "Plan Width": 38, "Inner Unique": true, "Join Filter": "(at.movie_id = t.id)", "Plans": [{"Node Type": "Nested Loop", "Parent Relationship": "Outer", "Join Type": "Inner", "Startup Cost": 10000000002.66, "Total Cost": 1000003978634.91, "Plan Rows": 4936, "Plan Width": 37, "Inner Unique": true, "Plans": [{"Node Type": "Nested Loop", "Parent Relationship": "Outer", "Join Type": "Inner", "Startup Cost": 10000000002.4, "Total Cost": 1000003957088.08, "Plan Rows": 5034, "Plan Width": 41, "Inner Unique": false, "Join Filter": "(at.movie_id = mk.movie_id)", "Plans": [{"Node Type": "Nested Loop", "Parent Relationship": "Outer", "Join Type": "Inner", "Startup Cost": 10000000002.06, "Total Cost": 1000003954256.35, "Plan Rows": 624, "Plan Width": 33, "Inner Unique": true, "Plans": [{"Node Type": "Nested Loop", "Parent Relationship": "Outer", "Join Type": "Inner", "Startup Cost": 10000000001.8, "Total Cost": 1000003951585.47, "Plan Rows": 624, "Plan Width": 37, "Inner Unique": true, "Plans": [{"Node Type": "Nested Loop", "Parent Relationship": "Outer", "Join Type": "Inner", "Startup Cost": 10000000001.55, "Total Cost": 1000003947079.38, "Plan Rows": 1052, "Plan Width": 41, "Inner Unique": false, "Plans": [{"Node Type": "Nested Loop", "Parent Relationship": "Outer", "Join Type": "Inner", "Startup Cost": 10000000001.17, "Total Cost": 1000003944915.32, "Plan Rows": 490, "Plan Width": 29, "Inner Unique": true, "Plans": [{"Node Type": "Nested Loop", "Parent Relationship": "Outer", "Join Type": "Inner", "Startup Cost": 10000000000.92, "Total Cost": 1000003797919.45, "Plan Rows": 34318, "Plan Width": 33, "Inner Unique": false, "Plans": [{"Node Type": "Index Scan", "Parent Relationship": "Outer", "Scan Direction": "Forward", "Index Name": "movie_id_aka_title", "Relation Name": "aka_title", "Alias": "at", "Startup Cost": 10000000000.0, "Total Cost": 1000001990001.13, "Plan Rows": 361471, "Plan Width": 25}, {"Node Type": "Bitmap Heap Scan", "Parent Relationship": "Inner", "Relation Name": "movie_info", "Alias": "mi", "Startup Cost": 0.92, "Total Cost": 4.99, "Plan Rows": 1, "Plan Width": 8, "Recheck Cond": "(movie_id = at.movie_id)", "Filter": "((note)::text ~~ '%internet%'::text)", "Plans": [{"Node Type": "Bitmap Index Scan", "Parent Relationship": "Outer", "Index Name": "movie_id_movie_info", "Startup Cost": 0.0, "Total Cost": 0.92, "Plan Rows": 5, "Plan Width": 0, "Index Cond": "(movie_id = at.movie_id)"}]}]}, {"Node Type": "Bitmap Heap Scan", "Parent Relationship": "Inner", "Relation Name": "info_type", "Alias": "it1", "Startup Cost": 0.26, "Total Cost": 4.27, "Plan Rows": 1, "Plan Width": 4, "Recheck Cond": "(id = mi.info_type_id)", "Filter": "((info)::text = 'release dates'::text)", "Plans": [{"Node Type": "Bitmap Index Scan", "Parent Relationship": "Outer", "Index Name": "info_type_pkey", "Startup Cost": 0.0, "Total Cost": 0.26, "Plan Rows": 1, "Plan Width": 0, "Index Cond": "(id = mi.info_type_id)"}]}]}, {"Node Type": "Bitmap Heap Scan", "Parent Relationship": "Inner", "Relation Name": "movie_companies", "Alias": "mc", "Startup Cost": 0.37, "Total Cost": 4.4, "Plan Rows": 2, "Plan Width": 12, "Recheck Cond": "(movie_id = at.movie_id)", "Plans": [{"Node Type": "Bitmap Index Scan", "Parent Relationship": "Outer", "Index Name": "movie_id_movie_companies", "Startup Cost": 0.0, "Total Cost": 0.37, "Plan Rows": 2, "Plan Width": 0, "Index Cond": "(movie_id = at.movie_id)"}]}]}, {"Node Type": "Bitmap Heap Scan", "Parent Relationship": "Inner", "Relation Name": "company_name", "Alias": "cn", "Startup Cost": 0.26, "Total Cost": 4.27, "Plan Rows": 1, "Plan Width": 4, "Recheck Cond": "(id = mc.company_id)", "Filter": "((country_code)::text = '[us]'::text)", "Plans": [{"Node Type": "Bitmap Index Scan", "Parent Relationship": "Outer", "Index Name": "company_name_pkey", "Startup Cost": 0.0, "Total Cost": 0.26, "Plan Rows": 1, "Plan Width": 0, "Index Cond": "(id = mc.company_id)"}]}]}, {"Node Type": "Bitmap Heap Scan", "Parent Relationship": "Inner", "Relation Name": "company_type", "Alias": "ct", "Startup Cost": 0.26, "Total Cost": 4.27, "Plan Rows": 1, "Plan Width": 4, "Recheck Cond": "(id = mc.company_type_id)", "Plans": [{"Node Type": "Bitmap Index Scan", "Parent Relationship": "Outer", "Index Name": "company_type_pkey", "Startup Cost": 0.0, "Total Cost": 0.26, "Plan Rows": 1, "Plan Width": 0, "Index Cond": "(id = mc.company_type_id)"}]}]}, {"Node Type": "Bitmap Heap Scan", "Parent Relationship": "Inner", "Relation Name": "movie_keyword", "Alias": "mk", "Startup Cost": 0.34, "Total Cost": 4.44, "Plan Rows": 8, "Plan Width": 8, "Recheck Cond": "(movie_id = mc.movie_id)", "Plans": [{"Node Type": "Bitmap Index Scan", "Parent Relationship": "Outer", "Index Name": "movie_id_movie_keyword", "Startup Cost": 0.0, "Total Cost": 0.34, "Plan Rows": 8, "Plan Width": 0, "Index Cond": "(movie_id = mc.movie_id)"}]}]}, {"Node Type": "Bitmap Heap Scan", "Parent Relationship": "Inner", "Relation Name": "keyword", "Alias": "k", "Startup Cost": 0.26, "Total Cost": 4.27, "Plan Rows": 1, "Plan Width": 4, "Recheck Cond": "(id = mk.keyword_id)", "Plans": [{"Node Type": "Bitmap Index Scan", "Parent Relationship": "Outer", "Index Name": "keyword_pkey", "Startup Cost": 0.0, "Total Cost": 0.26, "Plan Rows": 1, "Plan Width": 0, "Index Cond": "(id = mk.keyword_id)"}]}]}, {"Node Type": "Bitmap Heap Scan", "Parent Relationship": "Inner", "Relation Name": "title", "Alias": "t", "Startup Cost": 0.27, "Total Cost": 4.28, "Plan Rows": 1, "Plan Width": 21, "Recheck Cond": "(id = mk.movie_id)", "Filter": "(production_year > 1990)", "Plans": [{"Node Type": "Bitmap Index Scan", "Parent Relationship": "Outer", "Index Name": "title_pkey", "Startup Cost": 0.0, "Total Cost": 0.27, "Plan Rows": 1, "Plan Width": 0, "Index Cond": "(id = mk.movie_id)"}]}]}]}, "Unique SQL Id": 2302223328, "Planner Runtime": 46}, "explain_analyze_plan": null}, "(1, 72)": {"explain_plan": {"Plan": {"Node Type": "Aggregate", "Strategy": "Plain", "Startup Cost": 338164.44, "Total Cost": 338164.45, "Plan Rows": 1, "Plan Width": 102, "Plans": [{"Node Type": "Nested Loop", "Parent Relationship": "Outer", "Join Type": "Inner", "Startup Cost": 2.41, "Total Cost": 338129.23, "Plan Rows": 7042, "Plan Width": 38, "Inner Unique": true, "Plans": [{"Node Type": "Nested Loop", "Parent Relationship": "Outer", "Join Type": "Inner", "Startup Cost": 2.41, "Total Cost": 336157.39, "Plan Rows": 7042, "Plan Width": 42, "Inner Unique": false, "Join Filter": "(t.id = mk.movie_id)", "Plans": [{"Node Type": "Nested Loop", "Parent Relationship": "Outer", "Join Type": "Inner", "Startup Cost": 2.41, "Total Cost": 335666.42, "Plan Rows": 873, "Plan Width": 54, "Inner Unique": true, "Join Filter": "(at.movie_id = t.id)", "Plans": [{"Node Type": "Nested Loop", "Parent Relationship": "Outer", "Join Type": "Inner", "Startup Cost": 2.41, "Total Cost": 335444.33, "Plan Rows": 630, "Plan Width": 33, "Inner Unique": true, "Plans": [{"Node Type": "Nested Loop", "Parent Relationship": "Outer", "Join Type": "Inner", "Startup Cost": 2.41, "Total Cost": 335267.93, "Plan Rows": 630, "Plan Width": 37, "Inner Unique": true, "Plans": [{"Node Type": "Nested Loop", "Parent Relationship": "Outer", "Join Type": "Inner", "Startup Cost": 2.41, "Total Cost": 334965.31, "Plan Rows": 1052, "Plan Width": 41, "Inner Unique": false, "Plans": [{"Node Type": "Nested Loop", "Parent Relationship": "Outer", "Join Type": "Inner", "Startup Cost": 2.41, "Total Cost": 334676.23, "Plan Rows": 490, "Plan Width": 29, "Inner Unique": false, "Plans": [{"Node Type": "Hash Join", "Parent Relationship": "Outer", "Join Type": "Inner", "Startup Cost": 2.41, "Total Cost": 334200.54, "Plan Rows": 192, "Plan Width": 4, "Inner Unique": true, "Hash Cond": "(mi.info_type_id = it1.id)", "Plans": [{"Node Type": "Seq Scan", "Parent Relationship": "Outer", "Relation Name": "movie_info", "Alias": "mi", "Startup Cost": 0.0, "Total Cost": 334162.58, "Plan Rows": 13419, "Plan Width": 8, "Filter": "((note)::text ~~ '%internet%'::text)"}, {"Node Type": "Hash", "Parent Relationship": "Inner", "Startup Cost": 2.4, "Total Cost": 2.4, "Plan Rows": 1, "Plan Width": 4, "Plans": [{"Node Type": "Seq Scan", "Parent Relationship": "Outer", "Relation Name": "info_type", "Alias": "it1", "Startup Cost": 0.0, "Total Cost": 2.4, "Plan Rows": 1, "Plan Width": 4, "Filter": "((info)::text = 'release dates'::text)"}]}]}, {"Node Type": "Index Scan", "Parent Relationship": "Inner", "Scan Direction": "Forward", "Index Name": "movie_id_aka_title", "Relation Name": "aka_title", "Alias": "at", "Startup Cost": 0.0, "Total Cost": 2.45, "Plan Rows": 3, "Plan Width": 25, "Index Cond": "(movie_id = mi.movie_id)"}]}, {"Node Type": "Index Scan", "Parent Relationship": "Inner", "Scan Direction": "Forward", "Index Name": "movie_id_movie_companies", "Relation Name": "movie_companies", "Alias": "mc", "Startup Cost": 0.0, "Total Cost": 0.57, "Plan Rows": 2, "Plan Width": 12, "Index Cond": "(movie_id = at.movie_id)"}]}, {"Node Type": "Index Scan", "Parent Relationship": "Inner", "Scan Direction": "Forward", "Index Name": "company_name_pkey", "Relation Name": "company_name", "Alias": "cn", "Startup Cost": 0.0, "Total Cost": 0.28, "Plan Rows": 1, "Plan Width": 4, "Index Cond": "(id = mc.company_id)", "Filter": "((country_code)::text = '[us]'::text)"}]}, {"Node Type": "Index Only Scan", "Parent Relationship": "Inner", "Scan Direction": "Forward", "Index Name": "company_type_pkey", "Relation Name": "company_type", "Alias": "ct", "Startup Cost": 0.0, "Total Cost": 0.27, "Plan Rows": 1, "Plan Width": 4, "Index Cond": "(id = mc.company_type_id)"}]}, {"Node Type": "Index Scan", "Parent Relationship": "Inner", "Scan Direction": "Forward", "Index Name": "title_pkey", "Relation Name": "title", "Alias": "t", "Startup Cost": 0.0, "Total Cost": 0.34, "Plan Rows": 1, "Plan Width": 21, "Index Cond": "(id = mc.movie_id)", "Filter": "(production_year > 1990)"}]}, {"Node Type": "Index Scan", "Parent Relationship": "Inner", "Scan Direction": "Forward", "Index Name": "movie_id_movie_keyword", "Relation Name": "movie_keyword", "Alias": "mk", "Startup Cost": 0.0, "Total Cost": 0.46, "Plan Rows": 8, "Plan Width": 8, "Index Cond": "(movie_id = mc.movie_id)"}]}, {"Node Type": "Index Only Scan", "Parent Relationship": "Inner", "Scan Direction": "Forward", "Index Name": "keyword_pkey", "Relation Name": "keyword", "Alias": "k", "Startup Cost": 0.0, "Total Cost": 0.27, "Plan Rows": 1, "Plan Width": 4, "Index Cond": "(id = mk.keyword_id)"}]}]}, "Unique SQL Id": 2302223328, "Planner Runtime": 165}, "explain_analyze_plan": null}, "(1, 73)": {"explain_plan": {"Plan": {"Node Type": "Aggregate", "Strategy": "Plain", "Startup Cost": 499663.54, "Total Cost": 499663.55, "Plan Rows": 1, "Plan Width": 102, "Plans": [{"Node Type": "Nested Loop", "Parent Relationship": "Outer", "Join Type": "Inner", "Startup Cost": 0.0, "Total Cost": 499628.33, "Plan Rows": 7042, "Plan Width": 38, "Inner Unique": true, "Plans": [{"Node Type": "Nested Loop", "Parent Relationship": "Outer", "Join Type": "Inner", "Startup Cost": 0.0, "Total Cost": 497656.5, "Plan Rows": 7042, "Plan Width": 42, "Inner Unique": false, "Join Filter": "(t.id = mk.movie_id)", "Plans": [{"Node Type": "Nested Loop", "Parent Relationship": "Outer", "Join Type": "Inner", "Startup Cost": 0.0, "Total Cost": 497165.52, "Plan Rows": 873, "Plan Width": 54, "Inner Unique": true, "Join Filter": "(at.movie_id = t.id)", "Plans": [{"Node Type": "Nested Loop", "Parent Relationship": "Outer", "Join Type": "Inner", "Startup Cost": 0.0, "Total Cost": 496943.44, "Plan Rows": 630, "Plan Width": 33, "Inner Unique": true, "Plans": [{"Node Type": "Nested Loop", "Parent Relationship": "Outer", "Join Type": "Inner", "Startup Cost": 0.0, "Total Cost": 496767.04, "Plan Rows": 630, "Plan Width": 37, "Inner Unique": true, "Plans": [{"Node Type": "Nested Loop", "Parent Relationship": "Outer", "Join Type": "Inner", "Startup Cost": 0.0, "Total Cost": 496464.42, "Plan Rows": 1052, "Plan Width": 41, "Inner Unique": false, "Plans": [{"Node Type": "Nested Loop", "Parent Relationship": "Outer", "Join Type": "Inner", "Startup Cost": 0.0, "Total Cost": 496175.34, "Plan Rows": 490, "Plan Width": 29, "Inner Unique": false, "Plans": [{"Node Type": "Nested Loop", "Parent Relationship": "Outer", "Join Type": "Inner", "Startup Cost": 0.0, "Total Cost": 495699.65, "Plan Rows": 192, "Plan Width": 4, "Inner Unique": false, "Plans": [{"Node Type": "Index Scan", "Parent Relationship": "Outer", "Scan Direction": "Forward", "Index Name": "info_type_pkey", "Relation Name": "info_type", "Alias": "it1", "Startup Cost": 0.0, "Total Cost": 14.21, "Plan Rows": 1, "Plan Width": 4, "Filter": "((info)::text = 'release dates'::text)"}, {"Node Type": "Index Scan", "Parent Relationship": "Inner", "Scan Direction": "Forward", "Index Name": "info_type_id_movie_info", "Relation Name": "movie_info", "Alias": "mi", "Startup Cost": 0.0, "Total Cost": 495683.52, "Plan Rows": 192, "Plan Width": 8, "Index Cond": "(info_type_id = it1.id)", "Filter": "((note)::text ~~ '%internet%'::text)"}]}, {"Node Type": "Index Scan", "Parent Relationship": "Inner", "Scan Direction": "Forward", "Index Name": "movie_id_aka_title", "Relation Name": "aka_title", "Alias": "at", "Startup Cost": 0.0, "Total Cost": 2.45, "Plan Rows": 3, "Plan Width": 25, "Index Cond": "(movie_id = mi.movie_id)"}]}, {"Node Type": "Index Scan", "Parent Relationship": "Inner", "Scan Direction": "Forward", "Index Name": "movie_id_movie_companies", "Relation Name": "movie_companies", "Alias": "mc", "Startup Cost": 0.0, "Total Cost": 0.57, "Plan Rows": 2, "Plan Width": 12, "Index Cond": "(movie_id = at.movie_id)"}]}, {"Node Type": "Index Scan", "Parent Relationship": "Inner", "Scan Direction": "Forward", "Index Name": "company_name_pkey", "Relation Name": "company_name", "Alias": "cn", "Startup Cost": 0.0, "Total Cost": 0.28, "Plan Rows": 1, "Plan Width": 4, "Index Cond": "(id = mc.company_id)", "Filter": "((country_code)::text = '[us]'::text)"}]}, {"Node Type": "Index Only Scan", "Parent Relationship": "Inner", "Scan Direction": "Forward", "Index Name": "company_type_pkey", "Relation Name": "company_type", "Alias": "ct", "Startup Cost": 0.0, "Total Cost": 0.27, "Plan Rows": 1, "Plan Width": 4, "Index Cond": "(id = mc.company_type_id)"}]}, {"Node Type": "Index Scan", "Parent Relationship": "Inner", "Scan Direction": "Forward", "Index Name": "title_pkey", "Relation Name": "title", "Alias": "t", "Startup Cost": 0.0, "Total Cost": 0.34, "Plan Rows": 1, "Plan Width": 21, "Index Cond": "(id = mc.movie_id)", "Filter": "(production_year > 1990)"}]}, {"Node Type": "Index Scan", "Parent Relationship": "Inner", "Scan Direction": "Forward", "Index Name": "movie_id_movie_keyword", "Relation Name": "movie_keyword", "Alias": "mk", "Startup Cost": 0.0, "Total Cost": 0.46, "Plan Rows": 8, "Plan Width": 8, "Index Cond": "(movie_id = mc.movie_id)"}]}, {"Node Type": "Index Only Scan", "Parent Relationship": "Inner", "Scan Direction": "Forward", "Index Name": "keyword_pkey", "Relation Name": "keyword", "Alias": "k", "Startup Cost": 0.0, "Total Cost": 0.27, "Plan Rows": 1, "Plan Width": 4, "Index Cond": "(id = mk.keyword_id)"}]}]}, "Unique SQL Id": 2302223328, "Planner Runtime": 150}, "explain_analyze_plan": {"Plan": {"Node Type": "Aggregate", "Strategy": "Plain", "Startup Cost": 499663.54, "Total Cost": 499663.55, "Plan Rows": 1, "Plan Width": 102, "Actual Startup Time": 1789.479, "Actual Total Time": 1789.479, "Actual Rows": 1, "Actual Loops": 1, "Plans": [{"Node Type": "Nested Loop", "Parent Relationship": "Outer", "Join Type": "Inner", "Startup Cost": 0.0, "Total Cost": 499628.33, "Plan Rows": 7042, "Plan Width": 38, "Actual Startup Time": 59.934, "Actual Total Time": 1786.581, "Actual Rows": 4371, "Actual Loops": 1, "Inner Unique": true, "Plans": [{"Node Type": "Nested Loop", "Parent Relationship": "Outer", "Join Type": "Inner", "Startup Cost": 0.0, "Total Cost": 497656.5, "Plan Rows": 7042, "Plan Width": 42, "Actual Startup Time": 59.923, "Actual Total Time": 1771.806, "Actual Rows": 4371, "Actual Loops": 1, "Inner Unique": false, "Join Filter": "(t.id = mk.movie_id)", "Rows Removed by Join Filter": 0, "Plans": [{"Node Type": "Nested Loop", "Parent Relationship": "Outer", "Join Type": "Inner", "Startup Cost": 0.0, "Total Cost": 497165.52, "Plan Rows": 873, "Plan Width": 54, "Actual Startup Time": 15.188, "Actual Total Time": 1765.504, "Actual Rows": 382, "Actual Loops": 1, "Inner Unique": true, "Join Filter": "(at.movie_id = t.id)", "Rows Removed by Join Filter": 0, "Plans": [{"Node Type": "Nested Loop", "Parent Relationship": "Outer", "Join Type": "Inner", "Startup Cost": 0.0, "Total Cost": 496943.44, "Plan Rows": 630, "Plan Width": 33, "Actual Startup Time": 15.165, "Actual Total Time": 1762.624, "Actual Rows": 382, "Actual Loops": 1, "Inner Unique": true, "Plans": [{"Node Type": "Nested Loop", "Parent Relationship": "Outer", "Join Type": "Inner", "Startup Cost": 0.0, "Total Cost": 496767.04, "Plan Rows": 630, "Plan Width": 37, "Actual Startup Time": 6.633, "Actual Total Time": 1760.971, "Actual Rows": 896, "Actual Loops": 1, "Inner Unique": true, "Plans": [{"Node Type": "Nested Loop", "Parent Relationship": "Outer", "Join Type": "Inner", "Startup Cost": 0.0, "Total Cost": 496464.42, "Plan Rows": 1052, "Plan Width": 41, "Actual Startup Time": 6.609, "Actual Total Time": 1748.861, "Actual Rows": 2130, "Actual Loops": 1, "Inner Unique": false, "Plans": [{"Node Type": "Nested Loop", "Parent Relationship": "Outer", "Join Type": "Inner", "Startup Cost": 0.0, "Total Cost": 496175.34, "Plan Rows": 490, "Plan Width": 29, "Actual Startup Time": 0.835, "Actual Total Time": 1742.825, "Actual Rows": 591, "Actual Loops": 1, "Inner Unique": false, "Plans": [{"Node Type": "Nested Loop", "Parent Relationship": "Outer", "Join Type": "Inner", "Startup Cost": 0.0, "Total Cost": 495699.65, "Plan Rows": 192, "Plan Width": 4, "Actual Startup Time": 0.058, "Actual Total Time": 1709.405, "Actual Rows": 10679, "Actual Loops": 1, "Inner Unique": false, "Plans": [{"Node Type": "Index Scan", "Parent Relationship": "Outer", "Scan Direction": "Forward", "Index Name": "info_type_pkey", "Relation Name": "info_type", "Alias": "it1", "Startup Cost": 0.0, "Total Cost": 14.21, "Plan Rows": 1, "Plan Width": 4, "Actual Startup Time": 0.028, "Actual Total Time": 0.072, "Actual Rows": 1, "Actual Loops": 1, "Filter": "((info)::text = 'release dates'::text)", "Rows Removed by Filter": 111}, {"Node Type": "Index Scan", "Parent Relationship": "Inner", "Scan Direction": "Forward", "Index Name": "info_type_id_movie_info", "Relation Name": "movie_info", "Alias": "mi", "Startup Cost": 0.0, "Total Cost": 495683.52, "Plan Rows": 192, "Plan Width": 8, "Actual Startup Time": 0.027, "Actual Total Time": 1706.736, "Actual Rows": 10679, "Actual Loops": 1, "Index Cond": "(info_type_id = it1.id)", "Rows Removed by Index Recheck": 0, "Filter": "((note)::text ~~ '%internet%'::text)", "Rows Removed by Filter": 3026040}]}, {"Node Type": "Index Scan", "Parent Relationship": "Inner", "Scan Direction": "Forward", "Index Name": "movie_id_aka_title", "Relation Name": "aka_title", "Alias": "at", "Startup Cost": 0.0, "Total Cost": 2.45, "Plan Rows": 3, "Plan Width": 25, "Actual Startup Time": 26.912, "Actual Total Time": 27.493, "Actual Rows": 591, "Actual Loops": 10679, "Index Cond": "(movie_id = mi.movie_id)", "Rows Removed by Index Recheck": 0}]}, {"Node Type": "Index Scan", "Parent Relationship": "Inner", "Scan Direction": "Forward", "Index Name": "movie_id_movie_companies", "Relation Name": "movie_companies", "Alias": "mc", "Startup Cost": 0.0, "Total Cost": 0.57, "Plan Rows": 2, "Plan Width": 12, "Actual Startup Time": 3.499, "Actual Total Time": 4.958, "Actual Rows": 2130, "Actual Loops": 591, "Index Cond": "(movie_id = at.movie_id)", "Rows Removed by Index Recheck": 0}]}, {"Node Type": "Index Scan", "Parent Relationship": "Inner", "Scan Direction": "Forward", "Index Name": "company_name_pkey", "Relation Name": "company_name", "Alias": "cn", "Startup Cost": 0.0, "Total Cost": 0.28, "Plan Rows": 1, "Plan Width": 4, "Actual Startup Time": 10.475, "Actual Total Time": 10.475, "Actual Rows": 896, "Actual Loops": 2130, "Index Cond": "(id = mc.company_id)", "Rows Removed by Index Recheck": 0, "Filter": "((country_code)::text = '[us]'::text)", "Rows Removed by Filter": 1234}]}, {"Node Type": "Index Only Scan", "Parent Relationship": "Inner", "Scan Direction": "Forward", "Index Name": "company_type_pkey", "Relation Name": "company_type", "Alias": "ct", "Startup Cost": 0.0, "Total Cost": 0.27, "Plan Rows": 1, "Plan Width": 4, "Actual Startup Time": 0.912, "Actual Total Time": 0.912, "Actual Rows": 382, "Actual Loops": 896, "Index Cond": "(id = mc.company_type_id)", "Rows Removed by Index Recheck": 0, "Heap Fetches": 0}]}, {"Node Type": "Index Scan", "Parent Relationship": "Inner", "Scan Direction": "Forward", "Index Name": "title_pkey", "Relation Name": "title", "Alias": "t", "Startup Cost": 0.0, "Total Cost": 0.34, "Plan Rows": 1, "Plan Width": 21, "Actual Startup Time": 2.207, "Actual Total Time": 2.207, "Actual Rows": 382, "Actual Loops": 382, "Index Cond": "(id = mc.movie_id)", "Rows Removed by Index Recheck": 0, "Filter": "(production_year > 1990)", "Rows Removed by Filter": 0}]}, {"Node Type": "Index Scan", "Parent Relationship": "Inner", "Scan Direction": "Forward", "Index Name": "movie_id_movie_keyword", "Relation Name": "movie_keyword", "Alias": "mk", "Startup Cost": 0.0, "Total Cost": 0.46, "Plan Rows": 8, "Plan Width": 8, "Actual Startup Time": 2.243, "Actual Total Time": 4.29, "Actual Rows": 4371, "Actual Loops": 382, "Index Cond": "(movie_id = mc.movie_id)", "Rows Removed by Index Recheck": 0}]}, {"Node Type": "Index Only Scan", "Parent Relationship": "Inner", "Scan Direction": "Forward", "Index Name": "keyword_pkey", "Relation Name": "keyword", "Alias": "k", "Startup Cost": 0.0, "Total Cost": 0.27, "Plan Rows": 1, "Plan Width": 4, "Actual Startup Time": 11.65, "Actual Total Time": 11.65, "Actual Rows": 4371, "Actual Loops": 4371, "Index Cond": "(id = mk.keyword_id)", "Rows Removed by Index Recheck": 0, "Heap Fetches": 0}]}]}, "Triggers": [], "Planner Runtime": 150, "Total Runtime": 1789.968, "Unique SQL Id": 2302223328}}, "(1, 74)": {"explain_plan": {"Plan": {"Node Type": "Aggregate", "Strategy": "Plain", "Startup Cost": 563565.51, "Total Cost": 563565.52, "Plan Rows": 1, "Plan Width": 102, "Plans": [{"Node Type": "Hash Join", "Parent Relationship": "Outer", "Join Type": "Inner", "Startup Cost": 483997.55, "Total Cost": 563530.3, "Plan Rows": 7042, "Plan Width": 38, "Inner Unique": true, "Hash Cond": "(mk.keyword_id = k.id)", "Plans": [{"Node Type": "Hash Join", "Parent Relationship": "Outer", "Join Type": "Inner", "Startup Cost": 480219.75, "Total Cost": 559657.06, "Plan Rows": 7042, "Plan Width": 42, "Inner Unique": false, "Hash Cond": "(mk.movie_id = t.id)", "Plans": [{"Node Type": "Seq Scan", "Parent Relationship": "Outer", "Relation Name": "movie_keyword", "Alias": "mk", "Startup Cost": 0.0, "Total Cost": 62441.29, "Plan Rows": 4523929, "Plan Width": 8}, {"Node Type": "Hash", "Parent Relationship": "Inner", "Startup Cost": 480208.84, "Total Cost": 480208.84, "Plan Rows": 873, "Plan Width": 54, "Plans": [{"Node Type": "Hash Join", "Parent Relationship": "Outer", "Join Type": "Inner", "Startup Cost": 407252.07, "Total Cost": 480208.84, "Plan Rows": 873, "Plan Width": 54, "Inner Unique": false, "Hash Cond": "(t.id = at.movie_id)", "Plans": [{"Node Type": "Seq Scan", "Parent Relationship": "Outer", "Relation Name": "title", "Alias": "t", "Startup Cost": 0.0, "Total Cost": 66389.89, "Plan Rows": 1748840, "Plan Width": 21, "Filter": "(production_year > 1990), (LLVM Optimized)"}, {"Node Type": "Hash", "Parent Relationship": "Inner", "Startup Cost": 407244.19, "Total Cost": 407244.19, "Plan Rows": 630, "Plan Width": 33, "Plans": [{"Node Type": "Hash Join", "Parent Relationship": "Outer", "Join Type": "Inner", "Startup Cost": 355608.69, "Total Cost": 407244.19, "Plan Rows": 630, "Plan Width": 33, "Inner Unique": true, "Hash Cond": "(mc.company_id = cn.id)", "Plans": [{"Node Type": "Hash Join", "Parent Relationship": "Outer", "Join Type": "Inner", "Startup Cost": 348640.62, "Total Cost": 400267.0, "Plan Rows": 1052, "Plan Width": 37, "Inner Unique": true, "Hash Cond": "(mc.company_type_id = ct.id)", "Plans": [{"Node Type": "Hash Join", "Parent Relationship": "Outer", "Join Type": "Inner", "Startup Cost": 348639.55, "Total Cost": 400251.47, "Plan Rows": 1052, "Plan Width": 41, "Inner Unique": false, "Hash Cond": "(mc.movie_id = at.movie_id)", "Plans": [{"Node Type": "Seq Scan", "Parent Relationship": "Outer", "Relation Name": "movie_companies", "Alias": "mc", "Startup Cost": 0.0, "Total Cost": 41817.28, "Plan Rows": 2609128, "Plan Width": 12}, {"Node Type": "Hash", "Parent Relationship": "Inner", "Startup Cost": 348633.43, "Total Cost": 348633.43, "Plan Rows": 490, "Plan Width": 29, "Plans": [{"Node Type": "Hash Join", "Parent Relationship": "Outer", "Join Type": "Inner", "Startup Cost": 14415.51, "Total Cost": 348633.43, "Plan Rows": 490, "Plan Width": 29, "Inner Unique": false, "Hash Cond": "(mi.movie_id = at.movie_id)", "Plans": [{"Node Type": "Hash Join", "Parent Relationship": "Outer", "Join Type": "Inner", "Startup Cost": 2.41, "Total Cost": 334200.54, "Plan Rows": 192, "Plan Width": 4, "Inner Unique": true, "Hash Cond": "(mi.info_type_id = it1.id)", "Plans": [{"Node Type": "Seq Scan", "Parent Relationship": "Outer", "Relation Name": "movie_info", "Alias": "mi", "Startup Cost": 0.0, "Total Cost": 334162.58, "Plan Rows": 13419, "Plan Width": 8, "Filter": "((note)::text ~~ '%internet%'::text)"}, {"Node Type": "Hash", "Parent Relationship": "Inner", "Startup Cost": 2.4, "Total Cost": 2.4, "Plan Rows": 1, "Plan Width": 4, "Plans": [{"Node Type": "Seq Scan", "Parent Relationship": "Outer", "Relation Name": "info_type", "Alias": "it1", "Startup Cost": 0.0, "Total Cost": 2.4, "Plan Rows": 1, "Plan Width": 4, "Filter": "((info)::text = 'release dates'::text)"}]}]}, {"Node Type": "Hash", "Parent Relationship": "Inner", "Startup Cost": 9894.71, "Total Cost": 9894.71, "Plan Rows": 361471, "Plan Width": 25, "Plans": [{"Node Type": "Seq Scan", "Parent Relationship": "Outer", "Relation Name": "aka_title", "Alias": "at", "Startup Cost": 0.0, "Total Cost": 9894.71, "Plan Rows": 361471, "Plan Width": 25}]}]}]}]}, {"Node Type": "Hash", "Parent Relationship": "Inner", "Startup Cost": 1.03, "Total Cost": 1.03, "Plan Rows": 3, "Plan Width": 4, "Plans": [{"Node Type": "Seq Scan", "Parent Relationship": "Outer", "Relation Name": "company_type", "Alias": "ct", "Startup Cost": 0.0, "Total Cost": 1.03, "Plan Rows": 3, "Plan Width": 4}]}]}, {"Node Type": "Hash", "Parent Relationship": "Inner", "Startup Cost": 5903.45, "Total Cost": 5903.45, "Plan Rows": 85170, "Plan Width": 4, "Plans": [{"Node Type": "Seq Scan", "Parent Relationship": "Outer", "Relation Name": "company_name", "Alias": "cn", "Startup Cost": 0.0, "Total Cost": 5903.45, "Plan Rows": 85170, "Plan Width": 4, "Filter": "((country_code)::text = '[us]'::text)"}]}]}]}]}]}]}, {"Node Type": "Hash", "Parent Relationship": "Inner", "Startup Cost": 2100.69, "Total Cost": 2100.69, "Plan Rows": 134169, "Plan Width": 4, "Plans": [{"Node Type": "Seq Scan", "Parent Relationship": "Outer", "Relation Name": "keyword", "Alias": "k", "Startup Cost": 0.0, "Total Cost": 2100.69, "Plan Rows": 134169, "Plan Width": 4}]}]}]}, "Unique SQL Id": 2302223328, "Planner Runtime": 198}, "explain_analyze_plan": null}, "(1, 75)": {"explain_plan": {"Plan": {"Node Type": "Aggregate", "Strategy": "Plain", "Startup Cost": 8990595290543.75, "Total Cost": 8990595290543.76, "Plan Rows": 1, "Plan Width": 102, "Plans": [{"Node Type": "Hash Join", "Parent Relationship": "Outer", "Join Type": "Inner", "Startup Cost": 4050658357863.26, "Total Cost": 8990595290508.54, "Plan Rows": 7042, "Plan Width": 38, "Inner Unique": true, "Hash Cond": "(mk.keyword_id = k.id)", "Plans": [{"Node Type": "Hash Join", "Parent Relationship": "Outer", "Join Type": "Inner", "Startup Cost": 3050658150107.65, "Total Cost": 7990595082657.49, "Plan Rows": 7042, "Plan Width": 42, "Inner Unique": true, "Hash Cond": "(mc.company_type_id = ct.id)", "Plans": [{"Node Type": "Hash Join", "Parent Relationship": "Outer", "Join Type": "Inner", "Startup Cost": 2050658149278.11, "Total Cost": 6990595081731.13, "Plan Rows": 7042, "Plan Width": 46, "Inner Unique": true, "Hash Cond": "(mc.company_id = cn.id)", "Plans": [{"Node Type": "Hash Join", "Parent Relationship": "Outer", "Join Type": "Inner", "Startup Cost": 1050657098074.52, "Total Cost": 5990594030425.65, "Plan Rows": 11758, "Plan Width": 50, "Inner Unique": true, "Hash Cond": "(mi.info_type_id = it1.id)", "Plans": [{"Node Type": "Merge Join", "Parent Relationship": "Outer", "Join Type": "Inner", "Startup Cost": 50657096653.5, "Total Cost": 4990594026824.22, "Plan Rows": 823077, "Plan Width": 54, "Inner Unique": false, "Merge Cond": "(t.id = mk.movie_id)", "Plans": [{"Node Type": "Merge Join", "Parent Relationship": "Outer", "Join Type": "Inner", "Startup Cost": 40191975912.29, "Total Cost": 3994454717145.8, "Plan Rows": 102019, "Plan Width": 66, "Inner Unique": false, "Merge Cond": "(t.id = at.movie_id)", "Plans": [{"Node Type": "Merge Join", "Parent Relationship": "Outer", "Join Type": "Inner", "Startup Cost": 30024908232.05, "Total Cost": 2997514380028.91, "Plan Rows": 39739, "Plan Width": 41, "Inner Unique": false, "Merge Cond": "(t.id = mc.movie_id)", "Plans": [{"Node Type": "Merge Join", "Parent Relationship": "Outer", "Join Type": "Inner", "Startup Cost": 20024908232.05, "Total Cost": 1999417789951.33, "Plan Rows": 18591, "Plan Width": 29, "Inner Unique": true, "Merge Cond": "(mi.movie_id = t.id)", "Plans": [{"Node Type": "Index Scan", "Parent Relationship": "Outer", "Scan Direction": "Forward", "Index Name": "movie_id_movie_info", "Relation Name": "movie_info", "Alias": "mi", "Startup Cost": 10000000000.0, "Total Cost": 1000107534403.72, "Plan Rows": 13419, "Plan Width": 8, "Filter": "((note)::text ~~ '%internet%'::text)"}, {"Node Type": "Index Scan", "Parent Relationship": "Inner", "Scan Direction": "Forward", "Index Name": "title_pkey", "Relation Name": "title", "Alias": "t", "Startup Cost": 10000000000.0, "Total Cost": 1000011644126.66, "Plan Rows": 1748840, "Plan Width": 21, "Filter": "(production_year > 1990), (LLVM Optimized)"}]}, {"Node Type": "Index Scan", "Parent Relationship": "Inner", "Scan Direction": "Forward", "Index Name": "movie_id_movie_companies", "Relation Name": "movie_companies", "Alias": "mc", "Startup Cost": 10000000000.0, "Total Cost": 1000013051946.13, "Plan Rows": 2609128, "Plan Width": 12}]}, {"Node Type": "Index Scan", "Parent Relationship": "Inner", "Scan Direction": "Forward", "Index Name": "movie_id_aka_title", "Relation Name": "aka_title", "Alias": "at", "Startup Cost": 10000000000.0, "Total Cost": 1000001990001.13, "Plan Rows": 361471, "Plan Width": 25}]}, {"Node Type": "Index Scan", "Parent Relationship": "Inner", "Scan Direction": "Forward", "Index Name": "movie_id_movie_keyword", "Relation Name": "movie_keyword", "Alias": "mk", "Startup Cost": 10000000000.0, "Total Cost": 1000015300634.17, "Plan Rows": 4523929, "Plan Width": 8}]}, {"Node Type": "Hash", "Parent Relationship": "Inner", "Startup Cost": 1000000001421.0, "Total Cost": 1000000001421.0, "Plan Rows": 1, "Plan Width": 4, "Plans": [{"Node Type": "Index Scan", "Parent Relationship": "Outer", "Scan Direction": "Forward", "Index Name": "info_type_pkey", "Relation Name": "info_type", "Alias": "it1", "Startup Cost": 10000000000.0, "Total Cost": 1000000001421.0, "Plan Rows": 1, "Plan Width": 4, "Filter": "((info)::text = 'release dates'::text)"}]}]}, {"Node Type": "Hash", "Parent Relationship": "Inner", "Startup Cost": 1000001050138.97, "Total Cost": 1000001050138.97, "Plan Rows": 85170, "Plan Width": 4, "Plans": [{"Node Type": "Index Scan", "Parent Relationship": "Outer", "Scan Direction": "Forward", "Index Name": "company_name_pkey", "Relation Name": "company_name", "Alias": "cn", "Startup Cost": 10000000000.0, "Total Cost": 1000001050138.97, "Plan Rows": 85170, "Plan Width": 4, "Filter": "((country_code)::text = '[us]'::text)"}]}]}, {"Node Type": "Hash", "Parent Relationship": "Inner", "Startup Cost": 1000000000829.5, "Total Cost": 1000000000829.5, "Plan Rows": 3, "Plan Width": 4, "Plans": [{"Node Type": "Index Only Scan", "Parent Relationship": "Outer", "Scan Direction": "Forward", "Index Name": "company_type_pkey", "Relation Name": "company_type", "Alias": "ct", "Startup Cost": 10000000000.0, "Total Cost": 1000000000829.5, "Plan Rows": 3, "Plan Width": 4}]}]}, {"Node Type": "Hash", "Parent Relationship": "Inner", "Startup Cost": 1000000206078.5, "Total Cost": 1000000206078.5, "Plan Rows": 134169, "Plan Width": 4, "Plans": [{"Node Type": "Index Only Scan", "Parent Relationship": "Outer", "Scan Direction": "Forward", "Index Name": "keyword_pkey", "Relation Name": "keyword", "Alias": "k", "Startup Cost": 10000000000.0, "Total Cost": 1000000206078.5, "Plan Rows": 134169, "Plan Width": 4}]}]}]}, "Unique SQL Id": 2302223328, "Planner Runtime": 433}, "explain_analyze_plan": null}, "(1, 76)": {"explain_plan": {"Plan": {"Node Type": "Aggregate", "Strategy": "Plain", "Startup Cost": 338169.16, "Total Cost": 338169.17, "Plan Rows": 1, "Plan Width": 102, "Plans": [{"Node Type": "Nested Loop", "Parent Relationship": "Outer", "Join Type": "Inner", "Startup Cost": 2.41, "Total Cost": 338133.95, "Plan Rows": 7042, "Plan Width": 38, "Inner Unique": true, "Plans": [{"Node Type": "Nested Loop", "Parent Relationship": "Outer", "Join Type": "Inner", "Startup Cost": 2.41, "Total Cost": 336157.39, "Plan Rows": 7042, "Plan Width": 42, "Inner Unique": false, "Join Filter": "(t.id = mk.movie_id)", "Plans": [{"Node Type": "Nested Loop", "Parent Relationship": "Outer", "Join Type": "Inner", "Startup Cost": 2.41, "Total Cost": 335666.42, "Plan Rows": 873, "Plan Width": 54, "Inner Unique": true, "Join Filter": "(at.movie_id = t.id)", "Plans": [{"Node Type": "Nested Loop", "Parent Relationship": "Outer", "Join Type": "Inner", "Startup Cost": 2.41, "Total Cost": 335444.33, "Plan Rows": 630, "Plan Width": 33, "Inner Unique": true, "Plans": [{"Node Type": "Nested Loop", "Parent Relationship": "Outer", "Join Type": "Inner", "Startup Cost": 2.41, "Total Cost": 335267.93, "Plan Rows": 630, "Plan Width": 37, "Inner Unique": true, "Plans": [{"Node Type": "Nested Loop", "Parent Relationship": "Outer", "Join Type": "Inner", "Startup Cost": 2.41, "Total Cost": 334965.31, "Plan Rows": 1052, "Plan Width": 41, "Inner Unique": false, "Plans": [{"Node Type": "Nested Loop", "Parent Relationship": "Outer", "Join Type": "Inner", "Startup Cost": 2.41, "Total Cost": 334676.23, "Plan Rows": 490, "Plan Width": 29, "Inner Unique": false, "Plans": [{"Node Type": "Hash Join", "Parent Relationship": "Outer", "Join Type": "Inner", "Startup Cost": 2.41, "Total Cost": 334200.54, "Plan Rows": 192, "Plan Width": 4, "Inner Unique": true, "Hash Cond": "(mi.info_type_id = it1.id)", "Plans": [{"Node Type": "Seq Scan", "Parent Relationship": "Outer", "Relation Name": "movie_info", "Alias": "mi", "Startup Cost": 0.0, "Total Cost": 334162.58, "Plan Rows": 13419, "Plan Width": 8, "Filter": "((note)::text ~~ '%internet%'::text)"}, {"Node Type": "Hash", "Parent Relationship": "Inner", "Startup Cost": 2.4, "Total Cost": 2.4, "Plan Rows": 1, "Plan Width": 4, "Plans": [{"Node Type": "Seq Scan", "Parent Relationship": "Outer", "Relation Name": "info_type", "Alias": "it1", "Startup Cost": 0.0, "Total Cost": 2.4, "Plan Rows": 1, "Plan Width": 4, "Filter": "((info)::text = 'release dates'::text)"}]}]}, {"Node Type": "Index Scan", "Parent Relationship": "Inner", "Scan Direction": "Forward", "Index Name": "movie_id_aka_title", "Relation Name": "aka_title", "Alias": "at", "Startup Cost": 0.0, "Total Cost": 2.45, "Plan Rows": 3, "Plan Width": 25, "Index Cond": "(movie_id = mi.movie_id)"}]}, {"Node Type": "Index Scan", "Parent Relationship": "Inner", "Scan Direction": "Forward", "Index Name": "movie_id_movie_companies", "Relation Name": "movie_companies", "Alias": "mc", "Startup Cost": 0.0, "Total Cost": 0.57, "Plan Rows": 2, "Plan Width": 12, "Index Cond": "(movie_id = at.movie_id)"}]}, {"Node Type": "Index Scan", "Parent Relationship": "Inner", "Scan Direction": "Forward", "Index Name": "company_name_pkey", "Relation Name": "company_name", "Alias": "cn", "Startup Cost": 0.0, "Total Cost": 0.28, "Plan Rows": 1, "Plan Width": 4, "Index Cond": "(id = mc.company_id)", "Filter": "((country_code)::text = '[us]'::text)"}]}, {"Node Type": "Index Scan", "Parent Relationship": "Inner", "Scan Direction": "Forward", "Index Name": "company_type_pkey", "Relation Name": "company_type", "Alias": "ct", "Startup Cost": 0.0, "Total Cost": 0.27, "Plan Rows": 1, "Plan Width": 4, "Index Cond": "(id = mc.company_type_id)"}]}, {"Node Type": "Index Scan", "Parent Relationship": "Inner", "Scan Direction": "Forward", "Index Name": "title_pkey", "Relation Name": "title", "Alias": "t", "Startup Cost": 0.0, "Total Cost": 0.34, "Plan Rows": 1, "Plan Width": 21, "Index Cond": "(id = mc.movie_id)", "Filter": "(production_year > 1990)"}]}, {"Node Type": "Index Scan", "Parent Relationship": "Inner", "Scan Direction": "Forward", "Index Name": "movie_id_movie_keyword", "Relation Name": "movie_keyword", "Alias": "mk", "Startup Cost": 0.0, "Total Cost": 0.46, "Plan Rows": 8, "Plan Width": 8, "Index Cond": "(movie_id = mc.movie_id)"}]}, {"Node Type": "Index Scan", "Parent Relationship": "Inner", "Scan Direction": "Forward", "Index Name": "keyword_pkey", "Relation Name": "keyword", "Alias": "k", "Startup Cost": 0.0, "Total Cost": 0.27, "Plan Rows": 1, "Plan Width": 4, "Index Cond": "(id = mk.keyword_id)"}]}]}, "Unique SQL Id": 2302223328, "Planner Runtime": 165}, "explain_analyze_plan": null}, "(1, 77)": {"explain_plan": {"Plan": {"Node Type": "Aggregate", "Strategy": "Plain", "Startup Cost": 499668.27, "Total Cost": 499668.28, "Plan Rows": 1, "Plan Width": 102, "Plans": [{"Node Type": "Nested Loop", "Parent Relationship": "Outer", "Join Type": "Inner", "Startup Cost": 0.0, "Total Cost": 499633.06, "Plan Rows": 7042, "Plan Width": 38, "Inner Unique": true, "Plans": [{"Node Type": "Nested Loop", "Parent Relationship": "Outer", "Join Type": "Inner", "Startup Cost": 0.0, "Total Cost": 497656.5, "Plan Rows": 7042, "Plan Width": 42, "Inner Unique": false, "Join Filter": "(t.id = mk.movie_id)", "Plans": [{"Node Type": "Nested Loop", "Parent Relationship": "Outer", "Join Type": "Inner", "Startup Cost": 0.0, "Total Cost": 497165.52, "Plan Rows": 873, "Plan Width": 54, "Inner Unique": true, "Join Filter": "(at.movie_id = t.id)", "Plans": [{"Node Type": "Nested Loop", "Parent Relationship": "Outer", "Join Type": "Inner", "Startup Cost": 0.0, "Total Cost": 496943.44, "Plan Rows": 630, "Plan Width": 33, "Inner Unique": true, "Plans": [{"Node Type": "Nested Loop", "Parent Relationship": "Outer", "Join Type": "Inner", "Startup Cost": 0.0, "Total Cost": 496767.04, "Plan Rows": 630, "Plan Width": 37, "Inner Unique": true, "Plans": [{"Node Type": "Nested Loop", "Parent Relationship": "Outer", "Join Type": "Inner", "Startup Cost": 0.0, "Total Cost": 496464.42, "Plan Rows": 1052, "Plan Width": 41, "Inner Unique": false, "Plans": [{"Node Type": "Nested Loop", "Parent Relationship": "Outer", "Join Type": "Inner", "Startup Cost": 0.0, "Total Cost": 496175.34, "Plan Rows": 490, "Plan Width": 29, "Inner Unique": false, "Plans": [{"Node Type": "Nested Loop", "Parent Relationship": "Outer", "Join Type": "Inner", "Startup Cost": 0.0, "Total Cost": 495699.65, "Plan Rows": 192, "Plan Width": 4, "Inner Unique": false, "Plans": [{"Node Type": "Index Scan", "Parent Relationship": "Outer", "Scan Direction": "Forward", "Index Name": "info_type_pkey", "Relation Name": "info_type", "Alias": "it1", "Startup Cost": 0.0, "Total Cost": 14.21, "Plan Rows": 1, "Plan Width": 4, "Filter": "((info)::text = 'release dates'::text)"}, {"Node Type": "Index Scan", "Parent Relationship": "Inner", "Scan Direction": "Forward", "Index Name": "info_type_id_movie_info", "Relation Name": "movie_info", "Alias": "mi", "Startup Cost": 0.0, "Total Cost": 495683.52, "Plan Rows": 192, "Plan Width": 8, "Index Cond": "(info_type_id = it1.id)", "Filter": "((note)::text ~~ '%internet%'::text)"}]}, {"Node Type": "Index Scan", "Parent Relationship": "Inner", "Scan Direction": "Forward", "Index Name": "movie_id_aka_title", "Relation Name": "aka_title", "Alias": "at", "Startup Cost": 0.0, "Total Cost": 2.45, "Plan Rows": 3, "Plan Width": 25, "Index Cond": "(movie_id = mi.movie_id)"}]}, {"Node Type": "Index Scan", "Parent Relationship": "Inner", "Scan Direction": "Forward", "Index Name": "movie_id_movie_companies", "Relation Name": "movie_companies", "Alias": "mc", "Startup Cost": 0.0, "Total Cost": 0.57, "Plan Rows": 2, "Plan Width": 12, "Index Cond": "(movie_id = at.movie_id)"}]}, {"Node Type": "Index Scan", "Parent Relationship": "Inner", "Scan Direction": "Forward", "Index Name": "company_name_pkey", "Relation Name": "company_name", "Alias": "cn", "Startup Cost": 0.0, "Total Cost": 0.28, "Plan Rows": 1, "Plan Width": 4, "Index Cond": "(id = mc.company_id)", "Filter": "((country_code)::text = '[us]'::text)"}]}, {"Node Type": "Index Scan", "Parent Relationship": "Inner", "Scan Direction": "Forward", "Index Name": "company_type_pkey", "Relation Name": "company_type", "Alias": "ct", "Startup Cost": 0.0, "Total Cost": 0.27, "Plan Rows": 1, "Plan Width": 4, "Index Cond": "(id = mc.company_type_id)"}]}, {"Node Type": "Index Scan", "Parent Relationship": "Inner", "Scan Direction": "Forward", "Index Name": "title_pkey", "Relation Name": "title", "Alias": "t", "Startup Cost": 0.0, "Total Cost": 0.34, "Plan Rows": 1, "Plan Width": 21, "Index Cond": "(id = mc.movie_id)", "Filter": "(production_year > 1990)"}]}, {"Node Type": "Index Scan", "Parent Relationship": "Inner", "Scan Direction": "Forward", "Index Name": "movie_id_movie_keyword", "Relation Name": "movie_keyword", "Alias": "mk", "Startup Cost": 0.0, "Total Cost": 0.46, "Plan Rows": 8, "Plan Width": 8, "Index Cond": "(movie_id = mc.movie_id)"}]}, {"Node Type": "Index Scan", "Parent Relationship": "Inner", "Scan Direction": "Forward", "Index Name": "keyword_pkey", "Relation Name": "keyword", "Alias": "k", "Startup Cost": 0.0, "Total Cost": 0.27, "Plan Rows": 1, "Plan Width": 4, "Index Cond": "(id = mk.keyword_id)"}]}]}, "Unique SQL Id": 2302223328, "Planner Runtime": 151}, "explain_analyze_plan": {"Plan": {"Node Type": "Aggregate", "Strategy": "Plain", "Startup Cost": 499668.27, "Total Cost": 499668.28, "Plan Rows": 1, "Plan Width": 102, "Actual Startup Time": 1972.264, "Actual Total Time": 1972.264, "Actual Rows": 1, "Actual Loops": 1, "Plans": [{"Node Type": "Nested Loop", "Parent Relationship": "Outer", "Join Type": "Inner", "Startup Cost": 0.0, "Total Cost": 499633.06, "Plan Rows": 7042, "Plan Width": 38, "Actual Startup Time": 61.297, "Actual Total Time": 1969.498, "Actual Rows": 4371, "Actual Loops": 1, "Inner Unique": true, "Plans": [{"Node Type": "Nested Loop", "Parent Relationship": "Outer", "Join Type": "Inner", "Startup Cost": 0.0, "Total Cost": 497656.5, "Plan Rows": 7042, "Plan Width": 42, "Actual Startup Time": 61.283, "Actual Total Time": 1948.245, "Actual Rows": 4371, "Actual Loops": 1, "Inner Unique": false, "Join Filter": "(t.id = mk.movie_id)", "Rows Removed by Join Filter": 0, "Plans": [{"Node Type": "Nested Loop", "Parent Relationship": "Outer", "Join Type": "Inner", "Startup Cost": 0.0, "Total Cost": 497165.52, "Plan Rows": 873, "Plan Width": 54, "Actual Startup Time": 15.526, "Actual Total Time": 1941.527, "Actual Rows": 382, "Actual Loops": 1, "Inner Unique": true, "Join Filter": "(at.movie_id = t.id)", "Rows Removed by Join Filter": 0, "Plans": [{"Node Type": "Nested Loop", "Parent Relationship": "Outer", "Join Type": "Inner", "Startup Cost": 0.0, "Total Cost": 496943.44, "Plan Rows": 630, "Plan Width": 33, "Actual Startup Time": 15.503, "Actual Total Time": 1938.174, "Actual Rows": 382, "Actual Loops": 1, "Inner Unique": true, "Plans": [{"Node Type": "Nested Loop", "Parent Relationship": "Outer", "Join Type": "Inner", "Startup Cost": 0.0, "Total Cost": 496767.04, "Plan Rows": 630, "Plan Width": 37, "Actual Startup Time": 6.741, "Actual Total Time": 1936.202, "Actual Rows": 896, "Actual Loops": 1, "Inner Unique": true, "Plans": [{"Node Type": "Nested Loop", "Parent Relationship": "Outer", "Join Type": "Inner", "Startup Cost": 0.0, "Total Cost": 496464.42, "Plan Rows": 1052, "Plan Width": 41, "Actual Startup Time": 6.716, "Actual Total Time": 1922.504, "Actual Rows": 2130, "Actual Loops": 1, "Inner Unique": false, "Plans": [{"Node Type": "Nested Loop", "Parent Relationship": "Outer", "Join Type": "Inner", "Startup Cost": 0.0, "Total Cost": 496175.34, "Plan Rows": 490, "Plan Width": 29, "Actual Startup Time": 0.834, "Actual Total Time": 1915.311, "Actual Rows": 591, "Actual Loops": 1, "Inner Unique": false, "Plans": [{"Node Type": "Nested Loop", "Parent Relationship": "Outer", "Join Type": "Inner", "Startup Cost": 0.0, "Total Cost": 495699.65, "Plan Rows": 192, "Plan Width": 4, "Actual Startup Time": 0.067, "Actual Total Time": 1878.771, "Actual Rows": 10679, "Actual Loops": 1, "Inner Unique": false, "Plans": [{"Node Type": "Index Scan", "Parent Relationship": "Outer", "Scan Direction": "Forward", "Index Name": "info_type_pkey", "Relation Name": "info_type", "Alias": "it1", "Startup Cost": 0.0, "Total Cost": 14.21, "Plan Rows": 1, "Plan Width": 4, "Actual Startup Time": 0.033, "Actual Total Time": 0.08, "Actual Rows": 1, "Actual Loops": 1, "Filter": "((info)::text = 'release dates'::text)", "Rows Removed by Filter": 111}, {"Node Type": "Index Scan", "Parent Relationship": "Inner", "Scan Direction": "Forward", "Index Name": "info_type_id_movie_info", "Relation Name": "movie_info", "Alias": "mi", "Startup Cost": 0.0, "Total Cost": 495683.52, "Plan Rows": 192, "Plan Width": 8, "Actual Startup Time": 0.031, "Actual Total Time": 1876.053, "Actual Rows": 10679, "Actual Loops": 1, "Index Cond": "(info_type_id = it1.id)", "Rows Removed by Index Recheck": 0, "Filter": "((note)::text ~~ '%internet%'::text)", "Rows Removed by Filter": 3026040}]}, {"Node Type": "Index Scan", "Parent Relationship": "Inner", "Scan Direction": "Forward", "Index Name": "movie_id_aka_title", "Relation Name": "aka_title", "Alias": "at", "Startup Cost": 0.0, "Total Cost": 2.45, "Plan Rows": 3, "Plan Width": 25, "Actual Startup Time": 29.823, "Actual Total Time": 30.505, "Actual Rows": 591, "Actual Loops": 10679, "Index Cond": "(movie_id = mi.movie_id)", "Rows Removed by Index Recheck": 0}]}, {"Node Type": "Index Scan", "Parent Relationship": "Inner", "Scan Direction": "Forward", "Index Name": "movie_id_movie_companies", "Relation Name": "movie_companies", "Alias": "mc", "Startup Cost": 0.0, "Total Cost": 0.57, "Plan Rows": 2, "Plan Width": 12, "Actual Startup Time": 4.405, "Actual Total Time": 6.084, "Actual Rows": 2130, "Actual Loops": 591, "Index Cond": "(movie_id = at.movie_id)", "Rows Removed by Index Recheck": 0}]}, {"Node Type": "Index Scan", "Parent Relationship": "Inner", "Scan Direction": "Forward", "Index Name": "company_name_pkey", "Relation Name": "company_name", "Alias": "cn", "Startup Cost": 0.0, "Total Cost": 0.28, "Plan Rows": 1, "Plan Width": 4, "Actual Startup Time": 12.039, "Actual Total Time": 12.039, "Actual Rows": 896, "Actual Loops": 2130, "Index Cond": "(id = mc.company_id)", "Rows Removed by Index Recheck": 0, "Filter": "((country_code)::text = '[us]'::text)", "Rows Removed by Filter": 1234}]}, {"Node Type": "Index Scan", "Parent Relationship": "Inner", "Scan Direction": "Forward", "Index Name": "company_type_pkey", "Relation Name": "company_type", "Alias": "ct", "Startup Cost": 0.0, "Total Cost": 0.27, "Plan Rows": 1, "Plan Width": 4, "Actual Startup Time": 1.156, "Actual Total Time": 1.156, "Actual Rows": 382, "Actual Loops": 896, "Index Cond": "(id = mc.company_type_id)", "Rows Removed by Index Recheck": 0}]}, {"Node Type": "Index Scan", "Parent Relationship": "Inner", "Scan Direction": "Forward", "Index Name": "title_pkey", "Relation Name": "title", "Alias": "t", "Startup Cost": 0.0, "Total Cost": 0.34, "Plan Rows": 1, "Plan Width": 21, "Actual Startup Time": 2.638, "Actual Total Time": 2.638, "Actual Rows": 382, "Actual Loops": 382, "Index Cond": "(id = mc.movie_id)", "Rows Removed by Index Recheck": 0, "Filter": "(production_year > 1990)", "Rows Removed by Filter": 0}]}, {"Node Type": "Index Scan", "Parent Relationship": "Inner", "Scan Direction": "Forward", "Index Name": "movie_id_movie_keyword", "Relation Name": "movie_keyword", "Alias": "mk", "Startup Cost": 0.0, "Total Cost": 0.46, "Plan Rows": 8, "Plan Width": 8, "Actual Startup Time": 2.724, "Actual Total Time": 4.684, "Actual Rows": 4371, "Actual Loops": 382, "Index Cond": "(movie_id = mc.movie_id)", "Rows Removed by Index Recheck": 0}]}, {"Node Type": "Index Scan", "Parent Relationship": "Inner", "Scan Direction": "Forward", "Index Name": "keyword_pkey", "Relation Name": "keyword", "Alias": "k", "Startup Cost": 0.0, "Total Cost": 0.27, "Plan Rows": 1, "Plan Width": 4, "Actual Startup Time": 17.81, "Actual Total Time": 17.81, "Actual Rows": 4371, "Actual Loops": 4371, "Index Cond": "(id = mk.keyword_id)", "Rows Removed by Index Recheck": 0}]}]}, "Triggers": [], "Planner Runtime": 151, "Total Runtime": 1972.872, "Unique SQL Id": 2302223328}}, "(1, 78)": {"explain_plan": {"Plan": {"Node Type": "Aggregate", "Strategy": "Plain", "Startup Cost": 563565.51, "Total Cost": 563565.52, "Plan Rows": 1, "Plan Width": 102, "Plans": [{"Node Type": "Hash Join", "Parent Relationship": "Outer", "Join Type": "Inner", "Startup Cost": 483997.55, "Total Cost": 563530.3, "Plan Rows": 7042, "Plan Width": 38, "Inner Unique": true, "Hash Cond": "(mk.keyword_id = k.id)", "Plans": [{"Node Type": "Hash Join", "Parent Relationship": "Outer", "Join Type": "Inner", "Startup Cost": 480219.75, "Total Cost": 559657.06, "Plan Rows": 7042, "Plan Width": 42, "Inner Unique": false, "Hash Cond": "(mk.movie_id = t.id)", "Plans": [{"Node Type": "Seq Scan", "Parent Relationship": "Outer", "Relation Name": "movie_keyword", "Alias": "mk", "Startup Cost": 0.0, "Total Cost": 62441.29, "Plan Rows": 4523929, "Plan Width": 8}, {"Node Type": "Hash", "Parent Relationship": "Inner", "Startup Cost": 480208.84, "Total Cost": 480208.84, "Plan Rows": 873, "Plan Width": 54, "Plans": [{"Node Type": "Hash Join", "Parent Relationship": "Outer", "Join Type": "Inner", "Startup Cost": 407252.07, "Total Cost": 480208.84, "Plan Rows": 873, "Plan Width": 54, "Inner Unique": false, "Hash Cond": "(t.id = at.movie_id)", "Plans": [{"Node Type": "Seq Scan", "Parent Relationship": "Outer", "Relation Name": "title", "Alias": "t", "Startup Cost": 0.0, "Total Cost": 66389.89, "Plan Rows": 1748840, "Plan Width": 21, "Filter": "(production_year > 1990), (LLVM Optimized)"}, {"Node Type": "Hash", "Parent Relationship": "Inner", "Startup Cost": 407244.19, "Total Cost": 407244.19, "Plan Rows": 630, "Plan Width": 33, "Plans": [{"Node Type": "Hash Join", "Parent Relationship": "Outer", "Join Type": "Inner", "Startup Cost": 355608.69, "Total Cost": 407244.19, "Plan Rows": 630, "Plan Width": 33, "Inner Unique": true, "Hash Cond": "(mc.company_id = cn.id)", "Plans": [{"Node Type": "Hash Join", "Parent Relationship": "Outer", "Join Type": "Inner", "Startup Cost": 348640.62, "Total Cost": 400267.0, "Plan Rows": 1052, "Plan Width": 37, "Inner Unique": true, "Hash Cond": "(mc.company_type_id = ct.id)", "Plans": [{"Node Type": "Hash Join", "Parent Relationship": "Outer", "Join Type": "Inner", "Startup Cost": 348639.55, "Total Cost": 400251.47, "Plan Rows": 1052, "Plan Width": 41, "Inner Unique": false, "Hash Cond": "(mc.movie_id = at.movie_id)", "Plans": [{"Node Type": "Seq Scan", "Parent Relationship": "Outer", "Relation Name": "movie_companies", "Alias": "mc", "Startup Cost": 0.0, "Total Cost": 41817.28, "Plan Rows": 2609128, "Plan Width": 12}, {"Node Type": "Hash", "Parent Relationship": "Inner", "Startup Cost": 348633.43, "Total Cost": 348633.43, "Plan Rows": 490, "Plan Width": 29, "Plans": [{"Node Type": "Hash Join", "Parent Relationship": "Outer", "Join Type": "Inner", "Startup Cost": 14415.51, "Total Cost": 348633.43, "Plan Rows": 490, "Plan Width": 29, "Inner Unique": false, "Hash Cond": "(mi.movie_id = at.movie_id)", "Plans": [{"Node Type": "Hash Join", "Parent Relationship": "Outer", "Join Type": "Inner", "Startup Cost": 2.41, "Total Cost": 334200.54, "Plan Rows": 192, "Plan Width": 4, "Inner Unique": true, "Hash Cond": "(mi.info_type_id = it1.id)", "Plans": [{"Node Type": "Seq Scan", "Parent Relationship": "Outer", "Relation Name": "movie_info", "Alias": "mi", "Startup Cost": 0.0, "Total Cost": 334162.58, "Plan Rows": 13419, "Plan Width": 8, "Filter": "((note)::text ~~ '%internet%'::text)"}, {"Node Type": "Hash", "Parent Relationship": "Inner", "Startup Cost": 2.4, "Total Cost": 2.4, "Plan Rows": 1, "Plan Width": 4, "Plans": [{"Node Type": "Seq Scan", "Parent Relationship": "Outer", "Relation Name": "info_type", "Alias": "it1", "Startup Cost": 0.0, "Total Cost": 2.4, "Plan Rows": 1, "Plan Width": 4, "Filter": "((info)::text = 'release dates'::text)"}]}]}, {"Node Type": "Hash", "Parent Relationship": "Inner", "Startup Cost": 9894.71, "Total Cost": 9894.71, "Plan Rows": 361471, "Plan Width": 25, "Plans": [{"Node Type": "Seq Scan", "Parent Relationship": "Outer", "Relation Name": "aka_title", "Alias": "at", "Startup Cost": 0.0, "Total Cost": 9894.71, "Plan Rows": 361471, "Plan Width": 25}]}]}]}]}, {"Node Type": "Hash", "Parent Relationship": "Inner", "Startup Cost": 1.03, "Total Cost": 1.03, "Plan Rows": 3, "Plan Width": 4, "Plans": [{"Node Type": "Seq Scan", "Parent Relationship": "Outer", "Relation Name": "company_type", "Alias": "ct", "Startup Cost": 0.0, "Total Cost": 1.03, "Plan Rows": 3, "Plan Width": 4}]}]}, {"Node Type": "Hash", "Parent Relationship": "Inner", "Startup Cost": 5903.45, "Total Cost": 5903.45, "Plan Rows": 85170, "Plan Width": 4, "Plans": [{"Node Type": "Seq Scan", "Parent Relationship": "Outer", "Relation Name": "company_name", "Alias": "cn", "Startup Cost": 0.0, "Total Cost": 5903.45, "Plan Rows": 85170, "Plan Width": 4, "Filter": "((country_code)::text = '[us]'::text)"}]}]}]}]}]}]}, {"Node Type": "Hash", "Parent Relationship": "Inner", "Startup Cost": 2100.69, "Total Cost": 2100.69, "Plan Rows": 134169, "Plan Width": 4, "Plans": [{"Node Type": "Seq Scan", "Parent Relationship": "Outer", "Relation Name": "keyword", "Alias": "k", "Startup Cost": 0.0, "Total Cost": 2100.69, "Plan Rows": 134169, "Plan Width": 4}]}]}]}, "Unique SQL Id": 2302223328, "Planner Runtime": 198}, "explain_analyze_plan": null}, "(1, 79)": {"explain_plan": {"Plan": {"Node Type": "Aggregate", "Strategy": "Plain", "Startup Cost": 8990595369594.69, "Total Cost": 8990595369594.7, "Plan Rows": 1, "Plan Width": 102, "Plans": [{"Node Type": "Hash Join", "Parent Relationship": "Outer", "Join Type": "Inner", "Startup Cost": 4050658436914.2, "Total Cost": 8990595369559.48, "Plan Rows": 7042, "Plan Width": 38, "Inner Unique": true, "Hash Cond": "(mk.keyword_id = k.id)", "Plans": [{"Node Type": "Hash Join", "Parent Relationship": "Outer", "Join Type": "Inner", "Startup Cost": 3050658150507.65, "Total Cost": 7990595083057.49, "Plan Rows": 7042, "Plan Width": 42, "Inner Unique": true, "Hash Cond": "(mc.company_type_id = ct.id)", "Plans": [{"Node Type": "Hash Join", "Parent Relationship": "Outer", "Join Type": "Inner", "Startup Cost": 2050658149278.11, "Total Cost": 6990595081731.13, "Plan Rows": 7042, "Plan Width": 46, "Inner Unique": true, "Hash Cond": "(mc.company_id = cn.id)", "Plans": [{"Node Type": "Hash Join", "Parent Relationship": "Outer", "Join Type": "Inner", "Startup Cost": 1050657098074.52, "Total Cost": 5990594030425.65, "Plan Rows": 11758, "Plan Width": 50, "Inner Unique": true, "Hash Cond": "(mi.info_type_id = it1.id)", "Plans": [{"Node Type": "Merge Join", "Parent Relationship": "Outer", "Join Type": "Inner", "Startup Cost": 50657096653.5, "Total Cost": 4990594026824.22, "Plan Rows": 823077, "Plan Width": 54, "Inner Unique": false, "Merge Cond": "(t.id = mk.movie_id)", "Plans": [{"Node Type": "Merge Join", "Parent Relationship": "Outer", "Join Type": "Inner", "Startup Cost": 40191975912.29, "Total Cost": 3994454717145.8, "Plan Rows": 102019, "Plan Width": 66, "Inner Unique": false, "Merge Cond": "(t.id = at.movie_id)", "Plans": [{"Node Type": "Merge Join", "Parent Relationship": "Outer", "Join Type": "Inner", "Startup Cost": 30024908232.05, "Total Cost": 2997514380028.91, "Plan Rows": 39739, "Plan Width": 41, "Inner Unique": false, "Merge Cond": "(t.id = mc.movie_id)", "Plans": [{"Node Type": "Merge Join", "Parent Relationship": "Outer", "Join Type": "Inner", "Startup Cost": 20024908232.05, "Total Cost": 1999417789951.33, "Plan Rows": 18591, "Plan Width": 29, "Inner Unique": true, "Merge Cond": "(mi.movie_id = t.id)", "Plans": [{"Node Type": "Index Scan", "Parent Relationship": "Outer", "Scan Direction": "Forward", "Index Name": "movie_id_movie_info", "Relation Name": "movie_info", "Alias": "mi", "Startup Cost": 10000000000.0, "Total Cost": 1000107534403.72, "Plan Rows": 13419, "Plan Width": 8, "Filter": "((note)::text ~~ '%internet%'::text)"}, {"Node Type": "Index Scan", "Parent Relationship": "Inner", "Scan Direction": "Forward", "Index Name": "title_pkey", "Relation Name": "title", "Alias": "t", "Startup Cost": 10000000000.0, "Total Cost": 1000011644126.66, "Plan Rows": 1748840, "Plan Width": 21, "Filter": "(production_year > 1990), (LLVM Optimized)"}]}, {"Node Type": "Index Scan", "Parent Relationship": "Inner", "Scan Direction": "Forward", "Index Name": "movie_id_movie_companies", "Relation Name": "movie_companies", "Alias": "mc", "Startup Cost": 10000000000.0, "Total Cost": 1000013051946.13, "Plan Rows": 2609128, "Plan Width": 12}]}, {"Node Type": "Index Scan", "Parent Relationship": "Inner", "Scan Direction": "Forward", "Index Name": "movie_id_aka_title", "Relation Name": "aka_title", "Alias": "at", "Startup Cost": 10000000000.0, "Total Cost": 1000001990001.13, "Plan Rows": 361471, "Plan Width": 25}]}, {"Node Type": "Index Scan", "Parent Relationship": "Inner", "Scan Direction": "Forward", "Index Name": "movie_id_movie_keyword", "Relation Name": "movie_keyword", "Alias": "mk", "Startup Cost": 10000000000.0, "Total Cost": 1000015300634.17, "Plan Rows": 4523929, "Plan Width": 8}]}, {"Node Type": "Hash", "Parent Relationship": "Inner", "Startup Cost": 1000000001421.0, "Total Cost": 1000000001421.0, "Plan Rows": 1, "Plan Width": 4, "Plans": [{"Node Type": "Index Scan", "Parent Relationship": "Outer", "Scan Direction": "Forward", "Index Name": "info_type_pkey", "Relation Name": "info_type", "Alias": "it1", "Startup Cost": 10000000000.0, "Total Cost": 1000000001421.0, "Plan Rows": 1, "Plan Width": 4, "Filter": "((info)::text = 'release dates'::text)"}]}]}, {"Node Type": "Hash", "Parent Relationship": "Inner", "Startup Cost": 1000001050138.97, "Total Cost": 1000001050138.97, "Plan Rows": 85170, "Plan Width": 4, "Plans": [{"Node Type": "Index Scan", "Parent Relationship": "Outer", "Scan Direction": "Forward", "Index Name": "company_name_pkey", "Relation Name": "company_name", "Alias": "cn", "Startup Cost": 10000000000.0, "Total Cost": 1000001050138.97, "Plan Rows": 85170, "Plan Width": 4, "Filter": "((country_code)::text = '[us]'::text)"}]}]}, {"Node Type": "Hash", "Parent Relationship": "Inner", "Startup Cost": 1000000001229.5, "Total Cost": 1000000001229.5, "Plan Rows": 3, "Plan Width": 4, "Plans": [{"Node Type": "Index Scan", "Parent Relationship": "Outer", "Scan Direction": "Forward", "Index Name": "company_type_pkey", "Relation Name": "company_type", "Alias": "ct", "Startup Cost": 10000000000.0, "Total Cost": 1000000001229.5, "Plan Rows": 3, "Plan Width": 4}]}]}, {"Node Type": "Hash", "Parent Relationship": "Inner", "Startup Cost": 1000000284729.43, "Total Cost": 1000000284729.43, "Plan Rows": 134169, "Plan Width": 4, "Plans": [{"Node Type": "Index Scan", "Parent Relationship": "Outer", "Scan Direction": "Forward", "Index Name": "keyword_pkey", "Relation Name": "keyword", "Alias": "k", "Startup Cost": 10000000000.0, "Total Cost": 1000000284729.43, "Plan Rows": 134169, "Plan Width": 4}]}]}]}, "Unique SQL Id": 2302223328, "Planner Runtime": 434}, "explain_analyze_plan": null}, "(1, 80)": {"explain_plan": {"Plan": {"Node Type": "Aggregate", "Strategy": "Plain", "Startup Cost": 167044.3, "Total Cost": 167044.31, "Plan Rows": 1, "Plan Width": 102, "Plans": [{"Node Type": "Nested Loop", "Parent Relationship": "Outer", "Join Type": "Inner", "Startup Cost": 4841.51, "Total Cost": 167009.43, "Plan Rows": 6974, "Plan Width": 38, "Inner Unique": false, "Join Filter": "(t.id = at.movie_id)", "Plans": [{"Node Type": "Nested Loop", "Parent Relationship": "Outer", "Join Type": "Inner", "Startup Cost": 4841.51, "Total Cost": 166210.81, "Plan Rows": 2257, "Plan Width": 33, "Inner Unique": true, "Plans": [{"Node Type": "Nested Loop", "Parent Relationship": "Outer", "Join Type": "Inner", "Startup Cost": 4841.51, "Total Cost": 165578.83, "Plan Rows": 2257, "Plan Width": 37, "Inner Unique": false, "Join Filter": "(t.id = mk.movie_id)", "Plans": [{"Node Type": "Nested Loop", "Parent Relationship": "Outer", "Join Type": "Inner", "Startup Cost": 4841.51, "Total Cost": 165422.48, "Plan Rows": 278, "Plan Width": 29, "Inner Unique": true, "Plans": [{"Node Type": "Nested Loop", "Parent Relationship": "Outer", "Join Type": "Inner", "Startup Cost": 4841.51, "Total Cost": 165288.64, "Plan Rows": 478, "Plan Width": 33, "Inner Unique": true, "Plans": [{"Node Type": "Nested Loop", "Parent Relationship": "Outer", "Join Type": "Inner", "Startup Cost": 4841.51, "Total Cost": 165125.25, "Plan Rows": 568, "Plan Width": 37, "Inner Unique": false, "Plans": [{"Node Type": "Nested Loop", "Parent Relationship": "Outer", "Join Type": "Inner", "Startup Cost": 4841.51, "Total Cost": 165027.39, "Plan Rows": 266, "Plan Width": 25, "Inner Unique": true, "Plans": [{"Node Type": "Nested Loop", "Parent Relationship": "Outer", "Join Type": "Inner", "Startup Cost": 4841.51, "Total Cost": 163884.08, "Plan Rows": 192, "Plan Width": 4, "Inner Unique": false, "Plans": [{"Node Type": "Seq Scan", "Parent Relationship": "Outer", "Relation Name": "info_type", "Alias": "it1", "Startup Cost": 0.0, "Total Cost": 2.4, "Plan Rows": 1, "Plan Width": 4, "Filter": "((info)::text = 'release dates'::text)"}, {"Node Type": "Bitmap Heap Scan", "Parent Relationship": "Inner", "Relation Name": "movie_info", "Alias": "mi", "Startup Cost": 4841.51, "Total Cost": 163879.76, "Plan Rows": 192, "Plan Width": 8, "Recheck Cond": "(info_type_id = it1.id)", "Filter": "((note)::text ~~ '%internet%'::text)", "Plans": [{"Node Type": "Bitmap Index Scan", "Parent Relationship": "Outer", "Index Name": "info_type_id_movie_info", "Startup Cost": 0.0, "Total Cost": 4841.46, "Plan Rows": 212428, "Plan Width": 0, "Index Cond": "(info_type_id = it1.id)"}]}]}, {"Node Type": "Index Scan", "Parent Relationship": "Inner", "Scan Direction": "Forward", "Index Name": "title_pkey", "Relation Name": "title", "Alias": "t", "Startup Cost": 0.0, "Total Cost": 5.94, "Plan Rows": 1, "Plan Width": 21, "Index Cond": "(id = mi.movie_id)", "Filter": "(production_year > 1990)"}]}, {"Node Type": "Index Scan", "Parent Relationship": "Inner", "Scan Direction": "Forward", "Index Name": "movie_id_movie_companies", "Relation Name": "movie_companies", "Alias": "mc", "Startup Cost": 0.0, "Total Cost": 0.35, "Plan Rows": 2, "Plan Width": 12, "Index Cond": "(movie_id = t.id)"}]}, {"Node Type": "Index Scan", "Parent Relationship": "Inner", "Scan Direction": "Forward", "Index Name": "company_name_pkey", "Relation Name": "company_name", "Alias": "cn", "Startup Cost": 0.0, "Total Cost": 0.28, "Plan Rows": 1, "Plan Width": 4, "Index Cond": "(id = mc.company_id)", "Filter": "((country_code)::text = '[us]'::text)"}]}, {"Node Type": "Index Only Scan", "Parent Relationship": "Inner", "Scan Direction": "Forward", "Index Name": "company_type_pkey", "Relation Name": "company_type", "Alias": "ct", "Startup Cost": 0.0, "Total Cost": 0.27, "Plan Rows": 1, "Plan Width": 4, "Index Cond": "(id = mc.company_type_id)"}]}, {"Node Type": "Index Scan", "Parent Relationship": "Inner", "Scan Direction": "Forward", "Index Name": "movie_id_movie_keyword", "Relation Name": "movie_keyword", "Alias": "mk", "Startup Cost": 0.0, "Total Cost": 0.46, "Plan Rows": 8, "Plan Width": 8, "Index Cond": "(movie_id = mc.movie_id)"}]}, {"Node Type": "Index Only Scan", "Parent Relationship": "Inner", "Scan Direction": "Forward", "Index Name": "keyword_pkey", "Relation Name": "keyword", "Alias": "k", "Startup Cost": 0.0, "Total Cost": 0.27, "Plan Rows": 1, "Plan Width": 4, "Index Cond": "(id = mk.keyword_id)"}]}, {"Node Type": "Index Scan", "Parent Relationship": "Inner", "Scan Direction": "Forward", "Index Name": "movie_id_aka_title", "Relation Name": "aka_title", "Alias": "at", "Startup Cost": 0.0, "Total Cost": 0.32, "Plan Rows": 3, "Plan Width": 25, "Index Cond": "(movie_id = mk.movie_id)"}]}]}, "Unique SQL Id": 2302223328, "Planner Runtime": 130}, "explain_analyze_plan": {"Plan": {"Node Type": "Aggregate", "Strategy": "Plain", "Startup Cost": 167044.3, "Total Cost": 167044.31, "Plan Rows": 1, "Plan Width": 102, "Actual Startup Time": 2219.341, "Actual Total Time": 2219.342, "Actual Rows": 1, "Actual Loops": 1, "Plans": [{"Node Type": "Nested Loop", "Parent Relationship": "Outer", "Join Type": "Inner", "Startup Cost": 4841.51, "Total Cost": 167009.43, "Plan Rows": 6974, "Plan Width": 38, "Actual Startup Time": 548.502, "Actual Total Time": 2216.529, "Actual Rows": 4371, "Actual Loops": 1, "Inner Unique": false, "Join Filter": "(t.id = at.movie_id)", "Rows Removed by Join Filter": 0, "Plans": [{"Node Type": "Nested Loop", "Parent Relationship": "Outer", "Join Type": "Inner", "Startup Cost": 4841.51, "Total Cost": 166210.81, "Plan Rows": 2257, "Plan Width": 33, "Actual Startup Time": 501.853, "Actual Total Time": 2172.163, "Actual Rows": 14161, "Actual Loops": 1, "Inner Unique": true, "Plans": [{"Node Type": "Nested Loop", "Parent Relationship": "Outer", "Join Type": "Inner", "Startup Cost": 4841.51, "Total Cost": 165578.83, "Plan Rows": 2257, "Plan Width": 37, "Actual Startup Time": 501.835, "Actual Total Time": 2119.741, "Actual Rows": 14161, "Actual Loops": 1, "Inner Unique": false, "Join Filter": "(t.id = mk.movie_id)", "Rows Removed by Join Filter": 0, "Plans": [{"Node Type": "Nested Loop", "Parent Relationship": "Outer", "Join Type": "Inner", "Startup Cost": 4841.51, "Total Cost": 165422.48, "Plan Rows": 278, "Plan Width": 29, "Actual Startup Time": 501.802, "Actual Total Time": 2071.465, "Actual Rows": 5914, "Actual Loops": 1, "Inner Unique": true, "Plans": [{"Node Type": "Nested Loop", "Parent Relationship": "Outer", "Join Type": "Inner", "Startup Cost": 4841.51, "Total Cost": 165288.64, "Plan Rows": 478, "Plan Width": 33, "Actual Startup Time": 501.725, "Actual Total Time": 2055.497, "Actual Rows": 9857, "Actual Loops": 1, "Inner Unique": true, "Plans": [{"Node Type": "Nested Loop", "Parent Relationship": "Outer", "Join Type": "Inner", "Startup Cost": 4841.51, "Total Cost": 165125.25, "Plan Rows": 568, "Plan Width": 37, "Actual Startup Time": 501.695, "Actual Total Time": 1967.284, "Actual Rows": 14377, "Actual Loops": 1, "Inner Unique": false, "Plans": [{"Node Type": "Nested Loop", "Parent Relationship": "Outer", "Join Type": "Inner", "Startup Cost": 4841.51, "Total Cost": 165027.39, "Plan Rows": 266, "Plan Width": 25, "Actual Startup Time": 501.671, "Actual Total Time": 1883.718, "Actual Rows": 10662, "Actual Loops": 1, "Inner Unique": true, "Plans": [{"Node Type": "Nested Loop", "Parent Relationship": "Outer", "Join Type": "Inner", "Startup Cost": 4841.51, "Total Cost": 163884.08, "Plan Rows": 192, "Plan Width": 4, "Actual Startup Time": 501.624, "Actual Total Time": 1801.075, "Actual Rows": 10679, "Actual Loops": 1, "Inner Unique": false, "Plans": [{"Node Type": "Seq Scan", "Parent Relationship": "Outer", "Relation Name": "info_type", "Alias": "it1", "Startup Cost": 0.0, "Total Cost": 2.4, "Plan Rows": 1, "Plan Width": 4, "Actual Startup Time": 0.042, "Actual Total Time": 0.089, "Actual Rows": 1, "Actual Loops": 1, "Filter": "((info)::text = 'release dates'::text)", "Rows Removed by Filter": 111}, {"Node Type": "Bitmap Heap Scan", "Parent Relationship": "Inner", "Relation Name": "movie_info", "Alias": "mi", "Startup Cost": 4841.51, "Total Cost": 163879.76, "Plan Rows": 192, "Plan Width": 8, "Actual Startup Time": 501.576, "Actual Total Time": 1798.155, "Actual Rows": 10679, "Actual Loops": 1, "Recheck Cond": "(info_type_id = it1.id)", "Rows Removed by Index Recheck": 0, "Filter": "((note)::text ~~ '%internet%'::text)", "Rows Removed by Filter": 3026040, "Exact Heap Blocks": 21947, "Lossy Heap Blocks": 21947, "Plans": [{"Node Type": "Bitmap Index Scan", "Parent Relationship": "Outer", "Index Name": "info_type_id_movie_info", "Startup Cost": 0.0, "Total Cost": 4841.46, "Plan Rows": 212428, "Plan Width": 0, "Actual Startup Time": 496.213, "Actual Total Time": 496.213, "Actual Rows": 3036719, "Actual Loops": 1, "Index Cond": "(info_type_id = it1.id)"}]}]}, {"Node Type": "Index Scan", "Parent Relationship": "Inner", "Scan Direction": "Forward", "Index Name": "title_pkey", "Relation Name": "title", "Alias": "t", "Startup Cost": 0.0, "Total Cost": 5.94, "Plan Rows": 1, "Plan Width": 21, "Actual Startup Time": 72.33, "Actual Total Time": 72.33, "Actual Rows": 10662, "Actual Loops": 10679, "Index Cond": "(id = mi.movie_id)", "Rows Removed by Index Recheck": 0, "Filter": "(production_year > 1990)", "Rows Removed by Filter": 17}]}, {"Node Type": "Index Scan", "Parent Relationship": "Inner", "Scan Direction": "Forward", "Index Name": "movie_id_movie_companies", "Relation Name": "movie_companies", "Alias": "mc", "Startup Cost": 0.0, "Total Cost": 0.35, "Plan Rows": 2, "Plan Width": 12, "Actual Startup Time": 60.611, "Actual Total Time": 73.935, "Actual Rows": 14377, "Actual Loops": 10662, "Index Cond": "(movie_id = t.id)", "Rows Removed by Index Recheck": 0}]}, {"Node Type": "Index Scan", "Parent Relationship": "Inner", "Scan Direction": "Forward", "Index Name": "company_name_pkey", "Relation Name": "company_name", "Alias": "cn", "Startup Cost": 0.0, "Total Cost": 0.28, "Plan Rows": 1, "Plan Width": 4, "Actual Startup Time": 76.995, "Actual Total Time": 76.995, "Actual Rows": 9857, "Actual Loops": 14377, "Index Cond": "(id = mc.company_id)", "Rows Removed by Index Recheck": 0, "Filter": "((country_code)::text = '[us]'::text)", "Rows Removed by Filter": 4520}]}, {"Node Type": "Index Only Scan", "Parent Relationship": "Inner", "Scan Direction": "Forward", "Index Name": "company_type_pkey", "Relation Name": "company_type", "Alias": "ct", "Startup Cost": 0.0, "Total Cost": 0.27, "Plan Rows": 1, "Plan Width": 4, "Actual Startup Time": 8.328, "Actual Total Time": 8.328, "Actual Rows": 5914, "Actual Loops": 9857, "Index Cond": "(id = mc.company_type_id)", "Rows Removed by Index Recheck": 0, "Heap Fetches": 0}]}, {"Node Type": "Index Scan", "Parent Relationship": "Inner", "Scan Direction": "Forward", "Index Name": "movie_id_movie_keyword", "Relation Name": "movie_keyword", "Alias": "mk", "Startup Cost": 0.0, "Total Cost": 0.46, "Plan Rows": 8, "Plan Width": 8, "Actual Startup Time": 32.393, "Actual Total Time": 38.99, "Actual Rows": 14161, "Actual Loops": 5914, "Index Cond": "(movie_id = mc.movie_id)", "Rows Removed by Index Recheck": 0}]}, {"Node Type": "Index Only Scan", "Parent Relationship": "Inner", "Scan Direction": "Forward", "Index Name": "keyword_pkey", "Relation Name": "keyword", "Alias": "k", "Startup Cost": 0.0, "Total Cost": 0.27, "Plan Rows": 1, "Plan Width": 4, "Actual Startup Time": 41.973, "Actual Total Time": 41.973, "Actual Rows": 14161, "Actual Loops": 14161, "Index Cond": "(id = mk.keyword_id)", "Rows Removed by Index Recheck": 0, "Heap Fetches": 0}]}, {"Node Type": "Index Scan", "Parent Relationship": "Inner", "Scan Direction": "Forward", "Index Name": "movie_id_aka_title", "Relation Name": "aka_title", "Alias": "at", "Startup Cost": 0.0, "Total Cost": 0.32, "Plan Rows": 3, "Plan Width": 25, "Actual Startup Time": 33.604, "Actual Total Time": 35.776, "Actual Rows": 4371, "Actual Loops": 14161, "Index Cond": "(movie_id = mk.movie_id)", "Rows Removed by Index Recheck": 0}]}]}, "Triggers": [], "Planner Runtime": 130, "Total Runtime": 2219.938, "Unique SQL Id": 2302223328}}, "(1, 81)": {"explain_plan": {"Plan": {"Node Type": "Aggregate", "Strategy": "Plain", "Startup Cost": 167056.11, "Total Cost": 167056.12, "Plan Rows": 1, "Plan Width": 102, "Plans": [{"Node Type": "Nested Loop", "Parent Relationship": "Outer", "Join Type": "Inner", "Startup Cost": 4841.51, "Total Cost": 167021.24, "Plan Rows": 6974, "Plan Width": 38, "Inner Unique": false, "Join Filter": "(t.id = at.movie_id)", "Plans": [{"Node Type": "Nested Loop", "Parent Relationship": "Outer", "Join Type": "Inner", "Startup Cost": 4841.51, "Total Cost": 166222.62, "Plan Rows": 2257, "Plan Width": 33, "Inner Unique": true, "Plans": [{"Node Type": "Nested Loop", "Parent Relationship": "Outer", "Join Type": "Inner", "Startup Cost": 4841.51, "Total Cost": 165590.64, "Plan Rows": 2257, "Plan Width": 37, "Inner Unique": false, "Join Filter": "(t.id = mk.movie_id)", "Plans": [{"Node Type": "Nested Loop", "Parent Relationship": "Outer", "Join Type": "Inner", "Startup Cost": 4841.51, "Total Cost": 165434.29, "Plan Rows": 278, "Plan Width": 29, "Inner Unique": true, "Plans": [{"Node Type": "Nested Loop", "Parent Relationship": "Outer", "Join Type": "Inner", "Startup Cost": 4841.51, "Total Cost": 165300.45, "Plan Rows": 478, "Plan Width": 33, "Inner Unique": true, "Plans": [{"Node Type": "Nested Loop", "Parent Relationship": "Outer", "Join Type": "Inner", "Startup Cost": 4841.51, "Total Cost": 165137.06, "Plan Rows": 568, "Plan Width": 37, "Inner Unique": false, "Plans": [{"Node Type": "Nested Loop", "Parent Relationship": "Outer", "Join Type": "Inner", "Startup Cost": 4841.51, "Total Cost": 165039.2, "Plan Rows": 266, "Plan Width": 25, "Inner Unique": true, "Plans": [{"Node Type": "Nested Loop", "Parent Relationship": "Outer", "Join Type": "Inner", "Startup Cost": 4841.51, "Total Cost": 163895.89, "Plan Rows": 192, "Plan Width": 4, "Inner Unique": false, "Plans": [{"Node Type": "Index Scan", "Parent Relationship": "Outer", "Scan Direction": "Forward", "Index Name": "info_type_pkey", "Relation Name": "info_type", "Alias": "it1", "Startup Cost": 0.0, "Total Cost": 14.21, "Plan Rows": 1, "Plan Width": 4, "Filter": "((info)::text = 'release dates'::text)"}, {"Node Type": "Bitmap Heap Scan", "Parent Relationship": "Inner", "Relation Name": "movie_info", "Alias": "mi", "Startup Cost": 4841.51, "Total Cost": 163879.76, "Plan Rows": 192, "Plan Width": 8, "Recheck Cond": "(info_type_id = it1.id)", "Filter": "((note)::text ~~ '%internet%'::text)", "Plans": [{"Node Type": "Bitmap Index Scan", "Parent Relationship": "Outer", "Index Name": "info_type_id_movie_info", "Startup Cost": 0.0, "Total Cost": 4841.46, "Plan Rows": 212428, "Plan Width": 0, "Index Cond": "(info_type_id = it1.id)"}]}]}, {"Node Type": "Index Scan", "Parent Relationship": "Inner", "Scan Direction": "Forward", "Index Name": "title_pkey", "Relation Name": "title", "Alias": "t", "Startup Cost": 0.0, "Total Cost": 5.94, "Plan Rows": 1, "Plan Width": 21, "Index Cond": "(id = mi.movie_id)", "Filter": "(production_year > 1990)"}]}, {"Node Type": "Index Scan", "Parent Relationship": "Inner", "Scan Direction": "Forward", "Index Name": "movie_id_movie_companies", "Relation Name": "movie_companies", "Alias": "mc", "Startup Cost": 0.0, "Total Cost": 0.35, "Plan Rows": 2, "Plan Width": 12, "Index Cond": "(movie_id = t.id)"}]}, {"Node Type": "Index Scan", "Parent Relationship": "Inner", "Scan Direction": "Forward", "Index Name": "company_name_pkey", "Relation Name": "company_name", "Alias": "cn", "Startup Cost": 0.0, "Total Cost": 0.28, "Plan Rows": 1, "Plan Width": 4, "Index Cond": "(id = mc.company_id)", "Filter": "((country_code)::text = '[us]'::text)"}]}, {"Node Type": "Index Only Scan", "Parent Relationship": "Inner", "Scan Direction": "Forward", "Index Name": "company_type_pkey", "Relation Name": "company_type", "Alias": "ct", "Startup Cost": 0.0, "Total Cost": 0.27, "Plan Rows": 1, "Plan Width": 4, "Index Cond": "(id = mc.company_type_id)"}]}, {"Node Type": "Index Scan", "Parent Relationship": "Inner", "Scan Direction": "Forward", "Index Name": "movie_id_movie_keyword", "Relation Name": "movie_keyword", "Alias": "mk", "Startup Cost": 0.0, "Total Cost": 0.46, "Plan Rows": 8, "Plan Width": 8, "Index Cond": "(movie_id = mc.movie_id)"}]}, {"Node Type": "Index Only Scan", "Parent Relationship": "Inner", "Scan Direction": "Forward", "Index Name": "keyword_pkey", "Relation Name": "keyword", "Alias": "k", "Startup Cost": 0.0, "Total Cost": 0.27, "Plan Rows": 1, "Plan Width": 4, "Index Cond": "(id = mk.keyword_id)"}]}, {"Node Type": "Index Scan", "Parent Relationship": "Inner", "Scan Direction": "Forward", "Index Name": "movie_id_aka_title", "Relation Name": "aka_title", "Alias": "at", "Startup Cost": 0.0, "Total Cost": 0.32, "Plan Rows": 3, "Plan Width": 25, "Index Cond": "(movie_id = mk.movie_id)"}]}]}, "Unique SQL Id": 2302223328, "Planner Runtime": 127}, "explain_analyze_plan": {"Plan": {"Node Type": "Aggregate", "Strategy": "Plain", "Startup Cost": 167056.11, "Total Cost": 167056.12, "Plan Rows": 1, "Plan Width": 102, "Actual Startup Time": 2088.607, "Actual Total Time": 2088.607, "Actual Rows": 1, "Actual Loops": 1, "Plans": [{"Node Type": "Nested Loop", "Parent Relationship": "Outer", "Join Type": "Inner", "Startup Cost": 4841.51, "Total Cost": 167021.24, "Plan Rows": 6974, "Plan Width": 38, "Actual Startup Time": 552.246, "Actual Total Time": 2085.661, "Actual Rows": 4371, "Actual Loops": 1, "Inner Unique": false, "Join Filter": "(t.id = at.movie_id)", "Rows Removed by Join Filter": 0, "Plans": [{"Node Type": "Nested Loop", "Parent Relationship": "Outer", "Join Type": "Inner", "Startup Cost": 4841.51, "Total Cost": 166222.62, "Plan Rows": 2257, "Plan Width": 33, "Actual Startup Time": 505.578, "Actual Total Time": 2043.189, "Actual Rows": 14161, "Actual Loops": 1, "Inner Unique": true, "Plans": [{"Node Type": "Nested Loop", "Parent Relationship": "Outer", "Join Type": "Inner", "Startup Cost": 4841.51, "Total Cost": 165590.64, "Plan Rows": 2257, "Plan Width": 37, "Actual Startup Time": 505.559, "Actual Total Time": 1992.583, "Actual Rows": 14161, "Actual Loops": 1, "Inner Unique": false, "Join Filter": "(t.id = mk.movie_id)", "Rows Removed by Join Filter": 0, "Plans": [{"Node Type": "Nested Loop", "Parent Relationship": "Outer", "Join Type": "Inner", "Startup Cost": 4841.51, "Total Cost": 165434.29, "Plan Rows": 278, "Plan Width": 29, "Actual Startup Time": 505.526, "Actual Total Time": 1950.968, "Actual Rows": 5914, "Actual Loops": 1, "Inner Unique": true, "Plans": [{"Node Type": "Nested Loop", "Parent Relationship": "Outer", "Join Type": "Inner", "Startup Cost": 4841.51, "Total Cost": 165300.45, "Plan Rows": 478, "Plan Width": 33, "Actual Startup Time": 505.448, "Actual Total Time": 1935.408, "Actual Rows": 9857, "Actual Loops": 1, "Inner Unique": true, "Plans": [{"Node Type": "Nested Loop", "Parent Relationship": "Outer", "Join Type": "Inner", "Startup Cost": 4841.51, "Total Cost": 165137.06, "Plan Rows": 568, "Plan Width": 37, "Actual Startup Time": 505.414, "Actual Total Time": 1855.435, "Actual Rows": 14377, "Actual Loops": 1, "Inner Unique": false, "Plans": [{"Node Type": "Nested Loop", "Parent Relationship": "Outer", "Join Type": "Inner", "Startup Cost": 4841.51, "Total Cost": 165039.2, "Plan Rows": 266, "Plan Width": 25, "Actual Startup Time": 505.388, "Actual Total Time": 1784.968, "Actual Rows": 10662, "Actual Loops": 1, "Inner Unique": true, "Plans": [{"Node Type": "Nested Loop", "Parent Relationship": "Outer", "Join Type": "Inner", "Startup Cost": 4841.51, "Total Cost": 163895.89, "Plan Rows": 192, "Plan Width": 4, "Actual Startup Time": 505.343, "Actual Total Time": 1713.81, "Actual Rows": 10679, "Actual Loops": 1, "Inner Unique": false, "Plans": [{"Node Type": "Index Scan", "Parent Relationship": "Outer", "Scan Direction": "Forward", "Index Name": "info_type_pkey", "Relation Name": "info_type", "Alias": "it1", "Startup Cost": 0.0, "Total Cost": 14.21, "Plan Rows": 1, "Plan Width": 4, "Actual Startup Time": 0.03, "Actual Total Time": 0.075, "Actual Rows": 1, "Actual Loops": 1, "Filter": "((info)::text = 'release dates'::text)", "Rows Removed by Filter": 111}, {"Node Type": "Bitmap Heap Scan", "Parent Relationship": "Inner", "Relation Name": "movie_info", "Alias": "mi", "Startup Cost": 4841.51, "Total Cost": 163879.76, "Plan Rows": 192, "Plan Width": 8, "Actual Startup Time": 505.305, "Actual Total Time": 1711.151, "Actual Rows": 10679, "Actual Loops": 1, "Recheck Cond": "(info_type_id = it1.id)", "Rows Removed by Index Recheck": 0, "Filter": "((note)::text ~~ '%internet%'::text)", "Rows Removed by Filter": 3026040, "Exact Heap Blocks": 21947, "Lossy Heap Blocks": 21947, "Plans": [{"Node Type": "Bitmap Index Scan", "Parent Relationship": "Outer", "Index Name": "info_type_id_movie_info", "Startup Cost": 0.0, "Total Cost": 4841.46, "Plan Rows": 212428, "Plan Width": 0, "Actual Startup Time": 499.995, "Actual Total Time": 499.995, "Actual Rows": 3036719, "Actual Loops": 1, "Index Cond": "(info_type_id = it1.id)"}]}]}, {"Node Type": "Index Scan", "Parent Relationship": "Inner", "Scan Direction": "Forward", "Index Name": "title_pkey", "Relation Name": "title", "Alias": "t", "Startup Cost": 0.0, "Total Cost": 5.94, "Plan Rows": 1, "Plan Width": 21, "Actual Startup Time": 60.926, "Actual Total Time": 60.926, "Actual Rows": 10662, "Actual Loops": 10679, "Index Cond": "(id = mi.movie_id)", "Rows Removed by Index Recheck": 0, "Filter": "(production_year > 1990)", "Rows Removed by Filter": 17}]}, {"Node Type": "Index Scan", "Parent Relationship": "Inner", "Scan Direction": "Forward", "Index Name": "movie_id_movie_companies", "Relation Name": "movie_companies", "Alias": "mc", "Startup Cost": 0.0, "Total Cost": 0.35, "Plan Rows": 2, "Plan Width": 12, "Actual Startup Time": 49.319, "Actual Total Time": 60.959, "Actual Rows": 14377, "Actual Loops": 10662, "Index Cond": "(movie_id = t.id)", "Rows Removed by Index Recheck": 0}]}, {"Node Type": "Index Scan", "Parent Relationship": "Inner", "Scan Direction": "Forward", "Index Name": "company_name_pkey", "Relation Name": "company_name", "Alias": "cn", "Startup Cost": 0.0, "Total Cost": 0.28, "Plan Rows": 1, "Plan Width": 4, "Actual Startup Time": 68.625, "Actual Total Time": 68.625, "Actual Rows": 9857, "Actual Loops": 14377, "Index Cond": "(id = mc.company_id)", "Rows Removed by Index Recheck": 0, "Filter": "((country_code)::text = '[us]'::text)", "Rows Removed by Filter": 4520}]}, {"Node Type": "Index Only Scan", "Parent Relationship": "Inner", "Scan Direction": "Forward", "Index Name": "company_type_pkey", "Relation Name": "company_type", "Alias": "ct", "Startup Cost": 0.0, "Total Cost": 0.27, "Plan Rows": 1, "Plan Width": 4, "Actual Startup Time": 8.38, "Actual Total Time": 8.38, "Actual Rows": 5914, "Actual Loops": 9857, "Index Cond": "(id = mc.company_type_id)", "Rows Removed by Index Recheck": 0, "Heap Fetches": 0}]}, {"Node Type": "Index Scan", "Parent Relationship": "Inner", "Scan Direction": "Forward", "Index Name": "movie_id_movie_keyword", "Relation Name": "movie_keyword", "Alias": "mk", "Startup Cost": 0.0, "Total Cost": 0.46, "Plan Rows": 8, "Plan Width": 8, "Actual Startup Time": 25.97, "Actual Total Time": 32.547, "Actual Rows": 14161, "Actual Loops": 5914, "Index Cond": "(movie_id = mc.movie_id)", "Rows Removed by Index Recheck": 0}]}, {"Node Type": "Index Only Scan", "Parent Relationship": "Inner", "Scan Direction": "Forward", "Index Name": "keyword_pkey", "Relation Name": "keyword", "Alias": "k", "Startup Cost": 0.0, "Total Cost": 0.27, "Plan Rows": 1, "Plan Width": 4, "Actual Startup Time": 40.286, "Actual Total Time": 40.286, "Actual Rows": 14161, "Actual Loops": 14161, "Index Cond": "(id = mk.keyword_id)", "Rows Removed by Index Recheck": 0, "Heap Fetches": 0}]}, {"Node Type": "Index Scan", "Parent Relationship": "Inner", "Scan Direction": "Forward", "Index Name": "movie_id_aka_title", "Relation Name": "aka_title", "Alias": "at", "Startup Cost": 0.0, "Total Cost": 0.32, "Plan Rows": 3, "Plan Width": 25, "Actual Startup Time": 32.253, "Actual Total Time": 34.409, "Actual Rows": 4371, "Actual Loops": 14161, "Index Cond": "(movie_id = mk.movie_id)", "Rows Removed by Index Recheck": 0}]}]}, "Triggers": [], "Planner Runtime": 127, "Total Runtime": 2089.139, "Unique SQL Id": 2302223328}}, "(1, 82)": {"explain_plan": {"Plan": {"Node Type": "Aggregate", "Strategy": "Plain", "Startup Cost": 189600.99, "Total Cost": 189601.0, "Plan Rows": 1, "Plan Width": 102, "Plans": [{"Node Type": "Merge Join", "Parent Relationship": "Outer", "Join Type": "Inner", "Startup Cost": 188791.04, "Total Cost": 189565.78, "Plan Rows": 7042, "Plan Width": 38, "Inner Unique": true, "Merge Cond": "(mk.keyword_id = k.id)", "Plans": [{"Node Type": "Sort", "Parent Relationship": "Outer", "Startup Cost": 175263.38, "Total Cost": 175280.99, "Plan Rows": 7042, "Plan Width": 42, "Sort Key": ["mk.keyword_id"], "Plans": [{"Node Type": "Nested Loop", "Parent Relationship": "Outer", "Join Type": "Inner", "Startup Cost": 166333.3, "Total Cost": 174813.34, "Plan Rows": 7042, "Plan Width": 42, "Inner Unique": false, "Join Filter": "(t.id = mk.movie_id)", "Plans": [{"Node Type": "Nested Loop", "Parent Relationship": "Outer", "Join Type": "Inner", "Startup Cost": 166332.96, "Total Cost": 170851.64, "Plan Rows": 873, "Plan Width": 54, "Inner Unique": false, "Join Filter": "(t.id = at.movie_id)", "Plans": [{"Node Type": "Nested Loop", "Parent Relationship": "Outer", "Join Type": "Inner", "Startup Cost": 166332.68, "Total Cost": 168772.52, "Plan Rows": 478, "Plan Width": 29, "Inner Unique": true, "Plans": [{"Node Type": "Merge Join", "Parent Relationship": "Outer", "Join Type": "Inner", "Startup Cost": 166332.42, "Total Cost": 166339.57, "Plan Rows": 568, "Plan Width": 33, "Inner Unique": false, "Merge Cond": "(ct.id = mc.company_type_id)", "Plans": [{"Node Type": "Sort", "Parent Relationship": "Outer", "Startup Cost": 1.05, "Total Cost": 1.06, "Plan Rows": 3, "Plan Width": 4, "Sort Key": ["ct.id"], "Plans": [{"Node Type": "Seq Scan", "Parent Relationship": "Outer", "Relation Name": "company_type", "Alias": "ct", "Startup Cost": 0.0, "Total Cost": 1.03, "Plan Rows": 3, "Plan Width": 4}]}, {"Node Type": "Sort", "Parent Relationship": "Inner", "Startup Cost": 166329.98, "Total Cost": 166331.4, "Plan Rows": 568, "Plan Width": 37, "Sort Key": ["mc.company_type_id"], "Plans": [{"Node Type": "Nested Loop", "Parent Relationship": "Outer", "Join Type": "Inner", "Startup Cost": 4844.37, "Total Cost": 166304.0, "Plan Rows": 568, "Plan Width": 37, "Inner Unique": false, "Plans": [{"Node Type": "Nested Loop", "Parent Relationship": "Outer", "Join Type": "Inner", "Startup Cost": 4844.08, "Total Cost": 165151.58, "Plan Rows": 266, "Plan Width": 25, "Inner Unique": true, "Plans": [{"Node Type": "Nested Loop", "Parent Relationship": "Outer", "Join Type": "Inner", "Startup Cost": 4841.51, "Total Cost": 163884.08, "Plan Rows": 192, "Plan Width": 4, "Inner Unique": false, "Plans": [{"Node Type": "Seq Scan", "Parent Relationship": "Outer", "Relation Name": "info_type", "Alias": "it1", "Startup Cost": 0.0, "Total Cost": 2.4, "Plan Rows": 1, "Plan Width": 4, "Filter": "((info)::text = 'release dates'::text)"}, {"Node Type": "Bitmap Heap Scan", "Parent Relationship": "Inner", "Relation Name": "movie_info", "Alias": "mi", "Startup Cost": 4841.51, "Total Cost": 163879.76, "Plan Rows": 192, "Plan Width": 8, "Recheck Cond": "(info_type_id = it1.id)", "Filter": "((note)::text ~~ '%internet%'::text)", "Plans": [{"Node Type": "Bitmap Index Scan", "Parent Relationship": "Outer", "Index Name": "info_type_id_movie_info", "Startup Cost": 0.0, "Total Cost": 4841.46, "Plan Rows": 212428, "Plan Width": 0, "Index Cond": "(info_type_id = it1.id)"}]}]}, {"Node Type": "Bitmap Heap Scan", "Parent Relationship": "Inner", "Relation Name": "title", "Alias": "t", "Startup Cost": 2.58, "Total Cost": 6.59, "Plan Rows": 1, "Plan Width": 21, "Recheck Cond": "(id = mi.movie_id)", "Filter": "(production_year > 1990)", "Plans": [{"Node Type": "Bitmap Index Scan", "Parent Relationship": "Outer", "Index Name": "title_pkey", "Startup Cost": 0.0, "Total Cost": 2.58, "Plan Rows": 1, "Plan Width": 0, "Index Cond": "(id = mi.movie_id)"}]}]}, {"Node Type": "Bitmap Heap Scan", "Parent Relationship": "Inner", "Relation Name": "movie_companies", "Alias": "mc", "Startup Cost": 0.29, "Total Cost": 4.31, "Plan Rows": 2, "Plan Width": 12, "Recheck Cond": "(movie_id = t.id)", "Plans": [{"Node Type": "Bitmap Index Scan", "Parent Relationship": "Outer", "Index Name": "movie_id_movie_companies", "Startup Cost": 0.0, "Total Cost": 0.29, "Plan Rows": 2, "Plan Width": 0, "Index Cond": "(movie_id = t.id)"}]}]}]}]}, {"Node Type": "Bitmap Heap Scan", "Parent Relationship": "Inner", "Relation Name": "company_name", "Alias": "cn", "Startup Cost": 0.26, "Total Cost": 4.27, "Plan Rows": 1, "Plan Width": 4, "Recheck Cond": "(id = mc.company_id)", "Filter": "((country_code)::text = '[us]'::text)", "Plans": [{"Node Type": "Bitmap Index Scan", "Parent Relationship": "Outer", "Index Name": "company_name_pkey", "Startup Cost": 0.0, "Total Cost": 0.26, "Plan Rows": 1, "Plan Width": 0, "Index Cond": "(id = mc.company_id)"}]}]}, {"Node Type": "Bitmap Heap Scan", "Parent Relationship": "Inner", "Relation Name": "aka_title", "Alias": "at", "Startup Cost": 0.27, "Total Cost": 4.31, "Plan Rows": 3, "Plan Width": 25, "Recheck Cond": "(movie_id = mc.movie_id)", "Plans": [{"Node Type": "Bitmap Index Scan", "Parent Relationship": "Outer", "Index Name": "movie_id_aka_title", "Startup Cost": 0.0, "Total Cost": 0.27, "Plan Rows": 3, "Plan Width": 0, "Index Cond": "(movie_id = mc.movie_id)"}]}]}, {"Node Type": "Bitmap Heap Scan", "Parent Relationship": "Inner", "Relation Name": "movie_keyword", "Alias": "mk", "Startup Cost": 0.34, "Total Cost": 4.44, "Plan Rows": 8, "Plan Width": 8, "Recheck Cond": "(movie_id = mc.movie_id)", "Plans": [{"Node Type": "Bitmap Index Scan", "Parent Relationship": "Outer", "Index Name": "movie_id_movie_keyword", "Startup Cost": 0.0, "Total Cost": 0.34, "Plan Rows": 8, "Plan Width": 0, "Index Cond": "(movie_id = mc.movie_id)"}]}]}]}, {"Node Type": "Sort", "Parent Relationship": "Inner", "Startup Cost": 13527.66, "Total Cost": 13863.08, "Plan Rows": 134169, "Plan Width": 4, "Sort Key": ["k.id"], "Plans": [{"Node Type": "Seq Scan", "Parent Relationship": "Outer", "Relation Name": "keyword", "Alias": "k", "Startup Cost": 0.0, "Total Cost": 2100.69, "Plan Rows": 134169, "Plan Width": 4}]}]}]}, "Unique SQL Id": 2302223328, "Planner Runtime": 117}, "explain_analyze_plan": {"Plan": {"Node Type": "Aggregate", "Strategy": "Plain", "Startup Cost": 189600.99, "Total Cost": 189601.0, "Plan Rows": 1, "Plan Width": 102, "Actual Startup Time": 2230.286, "Actual Total Time": 2230.286, "Actual Rows": 1, "Actual Loops": 1, "Plans": [{"Node Type": "Merge Join", "Parent Relationship": "Outer", "Join Type": "Inner", "Startup Cost": 188791.04, "Total Cost": 189565.78, "Plan Rows": 7042, "Plan Width": 38, "Actual Startup Time": 2193.079, "Actual Total Time": 2228.095, "Actual Rows": 4371, "Actual Loops": 1, "Inner Unique": true, "Merge Cond": "(mk.keyword_id = k.id)", "Plans": [{"Node Type": "Sort", "Parent Relationship": "Outer", "Startup Cost": 175263.38, "Total Cost": 175280.99, "Plan Rows": 7042, "Plan Width": 42, "Actual Startup Time": 2109.518, "Actual Total Time": 2110.255, "Actual Rows": 4371, "Actual Loops": 1, "Sort Key": ["mk.keyword_id"], "Sort Method": "quicksort", "Sort Space Used": 752, "Sort Space Type": "Memory", "Plans": [{"Node Type": "Nested Loop", "Parent Relationship": "Outer", "Join Type": "Inner", "Startup Cost": 166333.3, "Total Cost": 174813.34, "Plan Rows": 7042, "Plan Width": 42, "Actual Startup Time": 2006.987, "Actual Total Time": 2107.506, "Actual Rows": 4371, "Actual Loops": 1, "Inner Unique": false, "Join Filter": "(t.id = mk.movie_id)", "Rows Removed by Join Filter": 0, "Plans": [{"Node Type": "Nested Loop", "Parent Relationship": "Outer", "Join Type": "Inner", "Startup Cost": 166332.96, "Total Cost": 170851.64, "Plan Rows": 873, "Plan Width": 54, "Actual Startup Time": 2006.929, "Actual Total Time": 2101.476, "Actual Rows": 382, "Actual Loops": 1, "Inner Unique": false, "Join Filter": "(t.id = at.movie_id)", "Rows Removed by Join Filter": 0, "Plans": [{"Node Type": "Nested Loop", "Parent Relationship": "Outer", "Join Type": "Inner", "Startup Cost": 166332.68, "Total Cost": 168772.52, "Plan Rows": 478, "Plan Width": 29, "Actual Startup Time": 2006.603, "Actual Total Time": 2072.402, "Actual Rows": 5914, "Actual Loops": 1, "Inner Unique": true, "Plans": [{"Node Type": "Merge Join", "Parent Relationship": "Outer", "Join Type": "Inner", "Startup Cost": 166332.42, "Total Cost": 166339.57, "Plan Rows": 568, "Plan Width": 33, "Actual Startup Time": 2006.49, "Actual Total Time": 2011.748, "Actual Rows": 8654, "Actual Loops": 1, "Inner Unique": false, "Merge Cond": "(ct.id = mc.company_type_id)", "Plans": [{"Node Type": "Sort", "Parent Relationship": "Outer", "Startup Cost": 1.05, "Total Cost": 1.06, "Plan Rows": 3, "Plan Width": 4, "Actual Startup Time": 0.023, "Actual Total Time": 0.024, "Actual Rows": 2, "Actual Loops": 1, "Sort Key": ["ct.id"], "Sort Method": "quicksort", "Sort Space Used": 25, "Sort Space Type": "Memory", "Plans": [{"Node Type": "Seq Scan", "Parent Relationship": "Outer", "Relation Name": "company_type", "Alias": "ct", "Startup Cost": 0.0, "Total Cost": 1.03, "Plan Rows": 3, "Plan Width": 4, "Actual Startup Time": 0.01, "Actual Total Time": 0.014, "Actual Rows": 3, "Actual Loops": 1}]}, {"Node Type": "Sort", "Parent Relationship": "Inner", "Startup Cost": 166329.98, "Total Cost": 166331.4, "Plan Rows": 568, "Plan Width": 37, "Actual Startup Time": 2004.157, "Actual Total Time": 2007.682, "Actual Rows": 14377, "Actual Loops": 1, "Sort Key": ["mc.company_type_id"], "Sort Method": "quicksort", "Sort Space Used": 2031, "Sort Space Type": "Memory", "Plans": [{"Node Type": "Nested Loop", "Parent Relationship": "Outer", "Join Type": "Inner", "Startup Cost": 4844.37, "Total Cost": 166304.0, "Plan Rows": 568, "Plan Width": 37, "Actual Startup Time": 510.04, "Actual Total Time": 1997.648, "Actual Rows": 14377, "Actual Loops": 1, "Inner Unique": false, "Plans": [{"Node Type": "Nested Loop", "Parent Relationship": "Outer", "Join Type": "Inner", "Startup Cost": 4844.08, "Total Cost": 165151.58, "Plan Rows": 266, "Plan Width": 25, "Actual Startup Time": 509.973, "Actual Total Time": 1891.789, "Actual Rows": 10662, "Actual Loops": 1, "Inner Unique": true, "Plans": [{"Node Type": "Nested Loop", "Parent Relationship": "Outer", "Join Type": "Inner", "Startup Cost": 4841.51, "Total Cost": 163884.08, "Plan Rows": 192, "Plan Width": 4, "Actual Startup Time": 509.913, "Actual Total Time": 1792.797, "Actual Rows": 10679, "Actual Loops": 1, "Inner Unique": false, "Plans": [{"Node Type": "Seq Scan", "Parent Relationship": "Outer", "Relation Name": "info_type", "Alias": "it1", "Startup Cost": 0.0, "Total Cost": 2.4, "Plan Rows": 1, "Plan Width": 4, "Actual Startup Time": 0.044, "Actual Total Time": 0.09, "Actual Rows": 1, "Actual Loops": 1, "Filter": "((info)::text = 'release dates'::text)", "Rows Removed by Filter": 111}, {"Node Type": "Bitmap Heap Scan", "Parent Relationship": "Inner", "Relation Name": "movie_info", "Alias": "mi", "Startup Cost": 4841.51, "Total Cost": 163879.76, "Plan Rows": 192, "Plan Width": 8, "Actual Startup Time": 509.863, "Actual Total Time": 1790.418, "Actual Rows": 10679, "Actual Loops": 1, "Recheck Cond": "(info_type_id = it1.id)", "Rows Removed by Index Recheck": 0, "Filter": "((note)::text ~~ '%internet%'::text)", "Rows Removed by Filter": 3026040, "Exact Heap Blocks": 21947, "Lossy Heap Blocks": 21947, "Plans": [{"Node Type": "Bitmap Index Scan", "Parent Relationship": "Outer", "Index Name": "info_type_id_movie_info", "Startup Cost": 0.0, "Total Cost": 4841.46, "Plan Rows": 212428, "Plan Width": 0, "Actual Startup Time": 504.507, "Actual Total Time": 504.507, "Actual Rows": 3036719, "Actual Loops": 1, "Index Cond": "(info_type_id = it1.id)"}]}]}, {"Node Type": "Bitmap Heap Scan", "Parent Relationship": "Inner", "Relation Name": "title", "Alias": "t", "Startup Cost": 2.58, "Total Cost": 6.59, "Plan Rows": 1, "Plan Width": 21, "Actual Startup Time": 83.975, "Actual Total Time": 83.975, "Actual Rows": 10662, "Actual Loops": 10679, "Recheck Cond": "(id = mi.movie_id)", "Rows Removed by Index Recheck": 0, "Filter": "(production_year > 1990)", "Rows Removed by Filter": 17, "Exact Heap Blocks": 10679, "Lossy Heap Blocks": 10679, "Plans": [{"Node Type": "Bitmap Index Scan", "Parent Relationship": "Outer", "Index Name": "title_pkey", "Startup Cost": 0.0, "Total Cost": 2.58, "Plan Rows": 1, "Plan Width": 0, "Actual Startup Time": 44.826, "Actual Total Time": 44.826, "Actual Rows": 10679, "Actual Loops": 10679, "Index Cond": "(id = mi.movie_id)"}]}]}, {"Node Type": "Bitmap Heap Scan", "Parent Relationship": "Inner", "Relation Name": "movie_companies", "Alias": "mc", "Startup Cost": 0.29, "Total Cost": 4.31, "Plan Rows": 2, "Plan Width": 12, "Actual Startup Time": 78.183, "Actual Total Time": 89.222, "Actual Rows": 14377, "Actual Loops": 10662, "Recheck Cond": "(movie_id = t.id)", "Rows Removed by Index Recheck": 0, "Exact Heap Blocks": 11694, "Lossy Heap Blocks": 11694, "Plans": [{"Node Type": "Bitmap Index Scan", "Parent Relationship": "Outer", "Index Name": "movie_id_movie_companies", "Startup Cost": 0.0, "Total Cost": 0.29, "Plan Rows": 2, "Plan Width": 0, "Actual Startup Time": 49.798, "Actual Total Time": 49.798, "Actual Rows": 14377, "Actual Loops": 10662, "Index Cond": "(movie_id = t.id)"}]}]}]}]}, {"Node Type": "Bitmap Heap Scan", "Parent Relationship": "Inner", "Relation Name": "company_name", "Alias": "cn", "Startup Cost": 0.26, "Total Cost": 4.27, "Plan Rows": 1, "Plan Width": 4, "Actual Startup Time": 49.956, "Actual Total Time": 49.956, "Actual Rows": 5914, "Actual Loops": 8654, "Recheck Cond": "(id = mc.company_id)", "Rows Removed by Index Recheck": 0, "Filter": "((country_code)::text = '[us]'::text)", "Rows Removed by Filter": 2740, "Exact Heap Blocks": 8654, "Lossy Heap Blocks": 8654, "Plans": [{"Node Type": "Bitmap Index Scan", "Parent Relationship": "Outer", "Index Name": "company_name_pkey", "Startup Cost": 0.0, "Total Cost": 0.26, "Plan Rows": 1, "Plan Width": 0, "Actual Startup Time": 26.858, "Actual Total Time": 26.858, "Actual Rows": 8654, "Actual Loops": 8654, "Index Cond": "(id = mc.company_id)"}]}]}, {"Node Type": "Bitmap Heap Scan", "Parent Relationship": "Inner", "Relation Name": "aka_title", "Alias": "at", "Startup Cost": 0.27, "Total Cost": 4.31, "Plan Rows": 3, "Plan Width": 25, "Actual Startup Time": 22.017, "Actual Total Time": 22.284, "Actual Rows": 382, "Actual Loops": 5914, "Recheck Cond": "(movie_id = mc.movie_id)", "Rows Removed by Index Recheck": 0, "Exact Heap Blocks": 382, "Lossy Heap Blocks": 382, "Plans": [{"Node Type": "Bitmap Index Scan", "Parent Relationship": "Outer", "Index Name": "movie_id_aka_title", "Startup Cost": 0.0, "Total Cost": 0.27, "Plan Rows": 3, "Plan Width": 0, "Actual Startup Time": 18.201, "Actual Total Time": 18.201, "Actual Rows": 382, "Actual Loops": 5914, "Index Cond": "(movie_id = mc.movie_id)"}]}]}, {"Node Type": "Bitmap Heap Scan", "Parent Relationship": "Inner", "Relation Name": "movie_keyword", "Alias": "mk", "Startup Cost": 0.34, "Total Cost": 4.44, "Plan Rows": 8, "Plan Width": 8, "Actual Startup Time": 3.646, "Actual Total Time": 4.222, "Actual Rows": 4371, "Actual Loops": 382, "Recheck Cond": "(movie_id = mc.movie_id)", "Rows Removed by Index Recheck": 0, "Exact Heap Blocks": 276, "Lossy Heap Blocks": 276, "Plans": [{"Node Type": "Bitmap Index Scan", "Parent Relationship": "Outer", "Index Name": "movie_id_movie_keyword", "Startup Cost": 0.0, "Total Cost": 0.34, "Plan Rows": 8, "Plan Width": 0, "Actual Startup Time": 2.324, "Actual Total Time": 2.324, "Actual Rows": 4371, "Actual Loops": 382, "Index Cond": "(movie_id = mc.movie_id)"}]}]}]}, {"Node Type": "Sort", "Parent Relationship": "Inner", "Startup Cost": 13527.66, "Total Cost": 13863.08, "Plan Rows": 134169, "Plan Width": 4, "Actual Startup Time": 83.549, "Actual Total Time": 98.38, "Actual Rows": 133879, "Actual Loops": 1, "Sort Key": ["k.id"], "Sort Method": "quicksort", "Sort Space Used": 14530, "Sort Space Type": "Memory", "Plans": [{"Node Type": "Seq Scan", "Parent Relationship": "Outer", "Relation Name": "keyword", "Alias": "k", "Startup Cost": 0.0, "Total Cost": 2100.69, "Plan Rows": 134169, "Plan Width": 4, "Actual Startup Time": 0.036, "Actual Total Time": 36.486, "Actual Rows": 134169, "Actual Loops": 1}]}]}]}, "Triggers": [], "Planner Runtime": 118, "Total Runtime": 2231.08, "Unique SQL Id": 2302223328}}, "(1, 83)": {"explain_plan": {"Plan": {"Node Type": "Aggregate", "Strategy": "Plain", "Startup Cost": 1000003999861.48, "Total Cost": 1000003999861.49, "Plan Rows": 1, "Plan Width": 102, "Plans": [{"Node Type": "Nested Loop", "Parent Relationship": "Outer", "Join Type": "Inner", "Startup Cost": 10000000002.92, "Total Cost": 1000003999827.29, "Plan Rows": 6838, "Plan Width": 38, "Inner Unique": true, "Join Filter": "(at.movie_id = t.id)", "Plans": [{"Node Type": "Nested Loop", "Parent Relationship": "Outer", "Join Type": "Inner", "Startup Cost": 10000000002.66, "Total Cost": 1000003978634.91, "Plan Rows": 4936, "Plan Width": 37, "Inner Unique": true, "Plans": [{"Node Type": "Nested Loop", "Parent Relationship": "Outer", "Join Type": "Inner", "Startup Cost": 10000000002.4, "Total Cost": 1000003957088.08, "Plan Rows": 5034, "Plan Width": 41, "Inner Unique": false, "Join Filter": "(at.movie_id = mk.movie_id)", "Plans": [{"Node Type": "Nested Loop", "Parent Relationship": "Outer", "Join Type": "Inner", "Startup Cost": 10000000002.06, "Total Cost": 1000003954256.35, "Plan Rows": 624, "Plan Width": 33, "Inner Unique": true, "Plans": [{"Node Type": "Nested Loop", "Parent Relationship": "Outer", "Join Type": "Inner", "Startup Cost": 10000000001.8, "Total Cost": 1000003951585.47, "Plan Rows": 624, "Plan Width": 37, "Inner Unique": true, "Plans": [{"Node Type": "Nested Loop", "Parent Relationship": "Outer", "Join Type": "Inner", "Startup Cost": 10000000001.55, "Total Cost": 1000003947079.38, "Plan Rows": 1052, "Plan Width": 41, "Inner Unique": false, "Plans": [{"Node Type": "Nested Loop", "Parent Relationship": "Outer", "Join Type": "Inner", "Startup Cost": 10000000001.17, "Total Cost": 1000003944915.32, "Plan Rows": 490, "Plan Width": 29, "Inner Unique": true, "Plans": [{"Node Type": "Nested Loop", "Parent Relationship": "Outer", "Join Type": "Inner", "Startup Cost": 10000000000.92, "Total Cost": 1000003797919.45, "Plan Rows": 34318, "Plan Width": 33, "Inner Unique": false, "Plans": [{"Node Type": "Index Scan", "Parent Relationship": "Outer", "Scan Direction": "Forward", "Index Name": "movie_id_aka_title", "Relation Name": "aka_title", "Alias": "at", "Startup Cost": 10000000000.0, "Total Cost": 1000001990001.13, "Plan Rows": 361471, "Plan Width": 25}, {"Node Type": "Bitmap Heap Scan", "Parent Relationship": "Inner", "Relation Name": "movie_info", "Alias": "mi", "Startup Cost": 0.92, "Total Cost": 4.99, "Plan Rows": 1, "Plan Width": 8, "Recheck Cond": "(movie_id = at.movie_id)", "Filter": "((note)::text ~~ '%internet%'::text)", "Plans": [{"Node Type": "Bitmap Index Scan", "Parent Relationship": "Outer", "Index Name": "movie_id_movie_info", "Startup Cost": 0.0, "Total Cost": 0.92, "Plan Rows": 5, "Plan Width": 0, "Index Cond": "(movie_id = at.movie_id)"}]}]}, {"Node Type": "Bitmap Heap Scan", "Parent Relationship": "Inner", "Relation Name": "info_type", "Alias": "it1", "Startup Cost": 0.26, "Total Cost": 4.27, "Plan Rows": 1, "Plan Width": 4, "Recheck Cond": "(id = mi.info_type_id)", "Filter": "((info)::text = 'release dates'::text)", "Plans": [{"Node Type": "Bitmap Index Scan", "Parent Relationship": "Outer", "Index Name": "info_type_pkey", "Startup Cost": 0.0, "Total Cost": 0.26, "Plan Rows": 1, "Plan Width": 0, "Index Cond": "(id = mi.info_type_id)"}]}]}, {"Node Type": "Bitmap Heap Scan", "Parent Relationship": "Inner", "Relation Name": "movie_companies", "Alias": "mc", "Startup Cost": 0.37, "Total Cost": 4.4, "Plan Rows": 2, "Plan Width": 12, "Recheck Cond": "(movie_id = at.movie_id)", "Plans": [{"Node Type": "Bitmap Index Scan", "Parent Relationship": "Outer", "Index Name": "movie_id_movie_companies", "Startup Cost": 0.0, "Total Cost": 0.37, "Plan Rows": 2, "Plan Width": 0, "Index Cond": "(movie_id = at.movie_id)"}]}]}, {"Node Type": "Bitmap Heap Scan", "Parent Relationship": "Inner", "Relation Name": "company_name", "Alias": "cn", "Startup Cost": 0.26, "Total Cost": 4.27, "Plan Rows": 1, "Plan Width": 4, "Recheck Cond": "(id = mc.company_id)", "Filter": "((country_code)::text = '[us]'::text)", "Plans": [{"Node Type": "Bitmap Index Scan", "Parent Relationship": "Outer", "Index Name": "company_name_pkey", "Startup Cost": 0.0, "Total Cost": 0.26, "Plan Rows": 1, "Plan Width": 0, "Index Cond": "(id = mc.company_id)"}]}]}, {"Node Type": "Bitmap Heap Scan", "Parent Relationship": "Inner", "Relation Name": "company_type", "Alias": "ct", "Startup Cost": 0.26, "Total Cost": 4.27, "Plan Rows": 1, "Plan Width": 4, "Recheck Cond": "(id = mc.company_type_id)", "Plans": [{"Node Type": "Bitmap Index Scan", "Parent Relationship": "Outer", "Index Name": "company_type_pkey", "Startup Cost": 0.0, "Total Cost": 0.26, "Plan Rows": 1, "Plan Width": 0, "Index Cond": "(id = mc.company_type_id)"}]}]}, {"Node Type": "Bitmap Heap Scan", "Parent Relationship": "Inner", "Relation Name": "movie_keyword", "Alias": "mk", "Startup Cost": 0.34, "Total Cost": 4.44, "Plan Rows": 8, "Plan Width": 8, "Recheck Cond": "(movie_id = mc.movie_id)", "Plans": [{"Node Type": "Bitmap Index Scan", "Parent Relationship": "Outer", "Index Name": "movie_id_movie_keyword", "Startup Cost": 0.0, "Total Cost": 0.34, "Plan Rows": 8, "Plan Width": 0, "Index Cond": "(movie_id = mc.movie_id)"}]}]}, {"Node Type": "Bitmap Heap Scan", "Parent Relationship": "Inner", "Relation Name": "keyword", "Alias": "k", "Startup Cost": 0.26, "Total Cost": 4.27, "Plan Rows": 1, "Plan Width": 4, "Recheck Cond": "(id = mk.keyword_id)", "Plans": [{"Node Type": "Bitmap Index Scan", "Parent Relationship": "Outer", "Index Name": "keyword_pkey", "Startup Cost": 0.0, "Total Cost": 0.26, "Plan Rows": 1, "Plan Width": 0, "Index Cond": "(id = mk.keyword_id)"}]}]}, {"Node Type": "Bitmap Heap Scan", "Parent Relationship": "Inner", "Relation Name": "title", "Alias": "t", "Startup Cost": 0.27, "Total Cost": 4.28, "Plan Rows": 1, "Plan Width": 21, "Recheck Cond": "(id = mk.movie_id)", "Filter": "(production_year > 1990)", "Plans": [{"Node Type": "Bitmap Index Scan", "Parent Relationship": "Outer", "Index Name": "title_pkey", "Startup Cost": 0.0, "Total Cost": 0.27, "Plan Rows": 1, "Plan Width": 0, "Index Cond": "(id = mk.movie_id)"}]}]}]}, "Unique SQL Id": 2302223328, "Planner Runtime": 46}, "explain_analyze_plan": null}, "(1, 84)": {"explain_plan": {"Plan": {"Node Type": "Aggregate", "Strategy": "Plain", "Startup Cost": 167045.81, "Total Cost": 167045.82, "Plan Rows": 1, "Plan Width": 102, "Plans": [{"Node Type": "Nested Loop", "Parent Relationship": "Outer", "Join Type": "Inner", "Startup Cost": 4841.51, "Total Cost": 167010.94, "Plan Rows": 6974, "Plan Width": 38, "Inner Unique": false, "Join Filter": "(t.id = at.movie_id)", "Plans": [{"Node Type": "Nested Loop", "Parent Relationship": "Outer", "Join Type": "Inner", "Startup Cost": 4841.51, "Total Cost": 166212.33, "Plan Rows": 2257, "Plan Width": 33, "Inner Unique": true, "Plans": [{"Node Type": "Nested Loop", "Parent Relationship": "Outer", "Join Type": "Inner", "Startup Cost": 4841.51, "Total Cost": 165578.83, "Plan Rows": 2257, "Plan Width": 37, "Inner Unique": false, "Join Filter": "(t.id = mk.movie_id)", "Plans": [{"Node Type": "Nested Loop", "Parent Relationship": "Outer", "Join Type": "Inner", "Startup Cost": 4841.51, "Total Cost": 165422.48, "Plan Rows": 278, "Plan Width": 29, "Inner Unique": true, "Plans": [{"Node Type": "Nested Loop", "Parent Relationship": "Outer", "Join Type": "Inner", "Startup Cost": 4841.51, "Total Cost": 165288.64, "Plan Rows": 478, "Plan Width": 33, "Inner Unique": true, "Plans": [{"Node Type": "Nested Loop", "Parent Relationship": "Outer", "Join Type": "Inner", "Startup Cost": 4841.51, "Total Cost": 165125.25, "Plan Rows": 568, "Plan Width": 37, "Inner Unique": false, "Plans": [{"Node Type": "Nested Loop", "Parent Relationship": "Outer", "Join Type": "Inner", "Startup Cost": 4841.51, "Total Cost": 165027.39, "Plan Rows": 266, "Plan Width": 25, "Inner Unique": true, "Plans": [{"Node Type": "Nested Loop", "Parent Relationship": "Outer", "Join Type": "Inner", "Startup Cost": 4841.51, "Total Cost": 163884.08, "Plan Rows": 192, "Plan Width": 4, "Inner Unique": false, "Plans": [{"Node Type": "Seq Scan", "Parent Relationship": "Outer", "Relation Name": "info_type", "Alias": "it1", "Startup Cost": 0.0, "Total Cost": 2.4, "Plan Rows": 1, "Plan Width": 4, "Filter": "((info)::text = 'release dates'::text)"}, {"Node Type": "Bitmap Heap Scan", "Parent Relationship": "Inner", "Relation Name": "movie_info", "Alias": "mi", "Startup Cost": 4841.51, "Total Cost": 163879.76, "Plan Rows": 192, "Plan Width": 8, "Recheck Cond": "(info_type_id = it1.id)", "Filter": "((note)::text ~~ '%internet%'::text)", "Plans": [{"Node Type": "Bitmap Index Scan", "Parent Relationship": "Outer", "Index Name": "info_type_id_movie_info", "Startup Cost": 0.0, "Total Cost": 4841.46, "Plan Rows": 212428, "Plan Width": 0, "Index Cond": "(info_type_id = it1.id)"}]}]}, {"Node Type": "Index Scan", "Parent Relationship": "Inner", "Scan Direction": "Forward", "Index Name": "title_pkey", "Relation Name": "title", "Alias": "t", "Startup Cost": 0.0, "Total Cost": 5.94, "Plan Rows": 1, "Plan Width": 21, "Index Cond": "(id = mi.movie_id)", "Filter": "(production_year > 1990)"}]}, {"Node Type": "Index Scan", "Parent Relationship": "Inner", "Scan Direction": "Forward", "Index Name": "movie_id_movie_companies", "Relation Name": "movie_companies", "Alias": "mc", "Startup Cost": 0.0, "Total Cost": 0.35, "Plan Rows": 2, "Plan Width": 12, "Index Cond": "(movie_id = t.id)"}]}, {"Node Type": "Index Scan", "Parent Relationship": "Inner", "Scan Direction": "Forward", "Index Name": "company_name_pkey", "Relation Name": "company_name", "Alias": "cn", "Startup Cost": 0.0, "Total Cost": 0.28, "Plan Rows": 1, "Plan Width": 4, "Index Cond": "(id = mc.company_id)", "Filter": "((country_code)::text = '[us]'::text)"}]}, {"Node Type": "Index Scan", "Parent Relationship": "Inner", "Scan Direction": "Forward", "Index Name": "company_type_pkey", "Relation Name": "company_type", "Alias": "ct", "Startup Cost": 0.0, "Total Cost": 0.27, "Plan Rows": 1, "Plan Width": 4, "Index Cond": "(id = mc.company_type_id)"}]}, {"Node Type": "Index Scan", "Parent Relationship": "Inner", "Scan Direction": "Forward", "Index Name": "movie_id_movie_keyword", "Relation Name": "movie_keyword", "Alias": "mk", "Startup Cost": 0.0, "Total Cost": 0.46, "Plan Rows": 8, "Plan Width": 8, "Index Cond": "(movie_id = mc.movie_id)"}]}, {"Node Type": "Index Scan", "Parent Relationship": "Inner", "Scan Direction": "Forward", "Index Name": "keyword_pkey", "Relation Name": "keyword", "Alias": "k", "Startup Cost": 0.0, "Total Cost": 0.27, "Plan Rows": 1, "Plan Width": 4, "Index Cond": "(id = mk.keyword_id)"}]}, {"Node Type": "Index Scan", "Parent Relationship": "Inner", "Scan Direction": "Forward", "Index Name": "movie_id_aka_title", "Relation Name": "aka_title", "Alias": "at", "Startup Cost": 0.0, "Total Cost": 0.32, "Plan Rows": 3, "Plan Width": 25, "Index Cond": "(movie_id = mk.movie_id)"}]}]}, "Unique SQL Id": 2302223328, "Planner Runtime": 129}, "explain_analyze_plan": {"Plan": {"Node Type": "Aggregate", "Strategy": "Plain", "Startup Cost": 167045.81, "Total Cost": 167045.82, "Plan Rows": 1, "Plan Width": 102, "Actual Startup Time": 2144.982, "Actual Total Time": 2144.982, "Actual Rows": 1, "Actual Loops": 1, "Plans": [{"Node Type": "Nested Loop", "Parent Relationship": "Outer", "Join Type": "Inner", "Startup Cost": 4841.51, "Total Cost": 167010.94, "Plan Rows": 6974, "Plan Width": 38, "Actual Startup Time": 545.796, "Actual Total Time": 2142.132, "Actual Rows": 4371, "Actual Loops": 1, "Inner Unique": false, "Join Filter": "(t.id = at.movie_id)", "Rows Removed by Join Filter": 0, "Plans": [{"Node Type": "Nested Loop", "Parent Relationship": "Outer", "Join Type": "Inner", "Startup Cost": 4841.51, "Total Cost": 166212.33, "Plan Rows": 2257, "Plan Width": 33, "Actual Startup Time": 498.571, "Actual Total Time": 2097.708, "Actual Rows": 14161, "Actual Loops": 1, "Inner Unique": true, "Plans": [{"Node Type": "Nested Loop", "Parent Relationship": "Outer", "Join Type": "Inner", "Startup Cost": 4841.51, "Total Cost": 165578.83, "Plan Rows": 2257, "Plan Width": 37, "Actual Startup Time": 498.548, "Actual Total Time": 2029.085, "Actual Rows": 14161, "Actual Loops": 1, "Inner Unique": false, "Join Filter": "(t.id = mk.movie_id)", "Rows Removed by Join Filter": 0, "Plans": [{"Node Type": "Nested Loop", "Parent Relationship": "Outer", "Join Type": "Inner", "Startup Cost": 4841.51, "Total Cost": 165422.48, "Plan Rows": 278, "Plan Width": 29, "Actual Startup Time": 498.517, "Actual Total Time": 1985.292, "Actual Rows": 5914, "Actual Loops": 1, "Inner Unique": true, "Plans": [{"Node Type": "Nested Loop", "Parent Relationship": "Outer", "Join Type": "Inner", "Startup Cost": 4841.51, "Total Cost": 165288.64, "Plan Rows": 478, "Plan Width": 33, "Actual Startup Time": 498.439, "Actual Total Time": 1964.551, "Actual Rows": 9857, "Actual Loops": 1, "Inner Unique": true, "Plans": [{"Node Type": "Nested Loop", "Parent Relationship": "Outer", "Join Type": "Inner", "Startup Cost": 4841.51, "Total Cost": 165125.25, "Plan Rows": 568, "Plan Width": 37, "Actual Startup Time": 498.408, "Actual Total Time": 1880.05, "Actual Rows": 14377, "Actual Loops": 1, "Inner Unique": false, "Plans": [{"Node Type": "Nested Loop", "Parent Relationship": "Outer", "Join Type": "Inner", "Startup Cost": 4841.51, "Total Cost": 165027.39, "Plan Rows": 266, "Plan Width": 25, "Actual Startup Time": 498.382, "Actual Total Time": 1805.676, "Actual Rows": 10662, "Actual Loops": 1, "Inner Unique": true, "Plans": [{"Node Type": "Nested Loop", "Parent Relationship": "Outer", "Join Type": "Inner", "Startup Cost": 4841.51, "Total Cost": 163884.08, "Plan Rows": 192, "Plan Width": 4, "Actual Startup Time": 498.336, "Actual Total Time": 1730.342, "Actual Rows": 10679, "Actual Loops": 1, "Inner Unique": false, "Plans": [{"Node Type": "Seq Scan", "Parent Relationship": "Outer", "Relation Name": "info_type", "Alias": "it1", "Startup Cost": 0.0, "Total Cost": 2.4, "Plan Rows": 1, "Plan Width": 4, "Actual Startup Time": 0.057, "Actual Total Time": 0.1, "Actual Rows": 1, "Actual Loops": 1, "Filter": "((info)::text = 'release dates'::text)", "Rows Removed by Filter": 111}, {"Node Type": "Bitmap Heap Scan", "Parent Relationship": "Inner", "Relation Name": "movie_info", "Alias": "mi", "Startup Cost": 4841.51, "Total Cost": 163879.76, "Plan Rows": 192, "Plan Width": 8, "Actual Startup Time": 498.272, "Actual Total Time": 1727.537, "Actual Rows": 10679, "Actual Loops": 1, "Recheck Cond": "(info_type_id = it1.id)", "Rows Removed by Index Recheck": 0, "Filter": "((note)::text ~~ '%internet%'::text)", "Rows Removed by Filter": 3026040, "Exact Heap Blocks": 21947, "Lossy Heap Blocks": 21947, "Plans": [{"Node Type": "Bitmap Index Scan", "Parent Relationship": "Outer", "Index Name": "info_type_id_movie_info", "Startup Cost": 0.0, "Total Cost": 4841.46, "Plan Rows": 212428, "Plan Width": 0, "Actual Startup Time": 492.951, "Actual Total Time": 492.951, "Actual Rows": 3036719, "Actual Loops": 1, "Index Cond": "(info_type_id = it1.id)"}]}]}, {"Node Type": "Index Scan", "Parent Relationship": "Inner", "Scan Direction": "Forward", "Index Name": "title_pkey", "Relation Name": "title", "Alias": "t", "Startup Cost": 0.0, "Total Cost": 5.94, "Plan Rows": 1, "Plan Width": 21, "Actual Startup Time": 64.468, "Actual Total Time": 64.468, "Actual Rows": 10662, "Actual Loops": 10679, "Index Cond": "(id = mi.movie_id)", "Rows Removed by Index Recheck": 0, "Filter": "(production_year > 1990)", "Rows Removed by Filter": 17}]}, {"Node Type": "Index Scan", "Parent Relationship": "Inner", "Scan Direction": "Forward", "Index Name": "movie_id_movie_companies", "Relation Name": "movie_companies", "Alias": "mc", "Startup Cost": 0.0, "Total Cost": 0.35, "Plan Rows": 2, "Plan Width": 12, "Actual Startup Time": 52.529, "Actual Total Time": 64.866, "Actual Rows": 14377, "Actual Loops": 10662, "Index Cond": "(movie_id = t.id)", "Rows Removed by Index Recheck": 0}]}, {"Node Type": "Index Scan", "Parent Relationship": "Inner", "Scan Direction": "Forward", "Index Name": "company_name_pkey", "Relation Name": "company_name", "Alias": "cn", "Startup Cost": 0.0, "Total Cost": 0.28, "Plan Rows": 1, "Plan Width": 4, "Actual Startup Time": 72.848, "Actual Total Time": 72.848, "Actual Rows": 9857, "Actual Loops": 14377, "Index Cond": "(id = mc.company_id)", "Rows Removed by Index Recheck": 0, "Filter": "((country_code)::text = '[us]'::text)", "Rows Removed by Filter": 4520}]}, {"Node Type": "Index Scan", "Parent Relationship": "Inner", "Scan Direction": "Forward", "Index Name": "company_type_pkey", "Relation Name": "company_type", "Alias": "ct", "Startup Cost": 0.0, "Total Cost": 0.27, "Plan Rows": 1, "Plan Width": 4, "Actual Startup Time": 12.717, "Actual Total Time": 12.717, "Actual Rows": 5914, "Actual Loops": 9857, "Index Cond": "(id = mc.company_type_id)", "Rows Removed by Index Recheck": 0}]}, {"Node Type": "Index Scan", "Parent Relationship": "Inner", "Scan Direction": "Forward", "Index Name": "movie_id_movie_keyword", "Relation Name": "movie_keyword", "Alias": "mk", "Startup Cost": 0.0, "Total Cost": 0.46, "Plan Rows": 8, "Plan Width": 8, "Actual Startup Time": 27.708, "Actual Total Time": 33.993, "Actual Rows": 14161, "Actual Loops": 5914, "Index Cond": "(movie_id = mc.movie_id)", "Rows Removed by Index Recheck": 0}]}, {"Node Type": "Index Scan", "Parent Relationship": "Inner", "Scan Direction": "Forward", "Index Name": "keyword_pkey", "Relation Name": "keyword", "Alias": "k", "Startup Cost": 0.0, "Total Cost": 0.27, "Plan Rows": 1, "Plan Width": 4, "Actual Startup Time": 57.215, "Actual Total Time": 57.215, "Actual Rows": 14161, "Actual Loops": 14161, "Index Cond": "(id = mk.keyword_id)", "Rows Removed by Index Recheck": 0}]}, {"Node Type": "Index Scan", "Parent Relationship": "Inner", "Scan Direction": "Forward", "Index Name": "movie_id_aka_title", "Relation Name": "aka_title", "Alias": "at", "Startup Cost": 0.0, "Total Cost": 0.32, "Plan Rows": 3, "Plan Width": 25, "Actual Startup Time": 32.876, "Actual Total Time": 35.201, "Actual Rows": 4371, "Actual Loops": 14161, "Index Cond": "(movie_id = mk.movie_id)", "Rows Removed by Index Recheck": 0}]}]}, "Triggers": [], "Planner Runtime": 129, "Total Runtime": 2145.657, "Unique SQL Id": 2302223328}}, "(1, 85)": {"explain_plan": {"Plan": {"Node Type": "Aggregate", "Strategy": "Plain", "Startup Cost": 167057.62, "Total Cost": 167057.63, "Plan Rows": 1, "Plan Width": 102, "Plans": [{"Node Type": "Nested Loop", "Parent Relationship": "Outer", "Join Type": "Inner", "Startup Cost": 4841.51, "Total Cost": 167022.75, "Plan Rows": 6974, "Plan Width": 38, "Inner Unique": false, "Join Filter": "(t.id = at.movie_id)", "Plans": [{"Node Type": "Nested Loop", "Parent Relationship": "Outer", "Join Type": "Inner", "Startup Cost": 4841.51, "Total Cost": 166224.14, "Plan Rows": 2257, "Plan Width": 33, "Inner Unique": true, "Plans": [{"Node Type": "Nested Loop", "Parent Relationship": "Outer", "Join Type": "Inner", "Startup Cost": 4841.51, "Total Cost": 165590.64, "Plan Rows": 2257, "Plan Width": 37, "Inner Unique": false, "Join Filter": "(t.id = mk.movie_id)", "Plans": [{"Node Type": "Nested Loop", "Parent Relationship": "Outer", "Join Type": "Inner", "Startup Cost": 4841.51, "Total Cost": 165434.29, "Plan Rows": 278, "Plan Width": 29, "Inner Unique": true, "Plans": [{"Node Type": "Nested Loop", "Parent Relationship": "Outer", "Join Type": "Inner", "Startup Cost": 4841.51, "Total Cost": 165300.45, "Plan Rows": 478, "Plan Width": 33, "Inner Unique": true, "Plans": [{"Node Type": "Nested Loop", "Parent Relationship": "Outer", "Join Type": "Inner", "Startup Cost": 4841.51, "Total Cost": 165137.06, "Plan Rows": 568, "Plan Width": 37, "Inner Unique": false, "Plans": [{"Node Type": "Nested Loop", "Parent Relationship": "Outer", "Join Type": "Inner", "Startup Cost": 4841.51, "Total Cost": 165039.2, "Plan Rows": 266, "Plan Width": 25, "Inner Unique": true, "Plans": [{"Node Type": "Nested Loop", "Parent Relationship": "Outer", "Join Type": "Inner", "Startup Cost": 4841.51, "Total Cost": 163895.89, "Plan Rows": 192, "Plan Width": 4, "Inner Unique": false, "Plans": [{"Node Type": "Index Scan", "Parent Relationship": "Outer", "Scan Direction": "Forward", "Index Name": "info_type_pkey", "Relation Name": "info_type", "Alias": "it1", "Startup Cost": 0.0, "Total Cost": 14.21, "Plan Rows": 1, "Plan Width": 4, "Filter": "((info)::text = 'release dates'::text)"}, {"Node Type": "Bitmap Heap Scan", "Parent Relationship": "Inner", "Relation Name": "movie_info", "Alias": "mi", "Startup Cost": 4841.51, "Total Cost": 163879.76, "Plan Rows": 192, "Plan Width": 8, "Recheck Cond": "(info_type_id = it1.id)", "Filter": "((note)::text ~~ '%internet%'::text)", "Plans": [{"Node Type": "Bitmap Index Scan", "Parent Relationship": "Outer", "Index Name": "info_type_id_movie_info", "Startup Cost": 0.0, "Total Cost": 4841.46, "Plan Rows": 212428, "Plan Width": 0, "Index Cond": "(info_type_id = it1.id)"}]}]}, {"Node Type": "Index Scan", "Parent Relationship": "Inner", "Scan Direction": "Forward", "Index Name": "title_pkey", "Relation Name": "title", "Alias": "t", "Startup Cost": 0.0, "Total Cost": 5.94, "Plan Rows": 1, "Plan Width": 21, "Index Cond": "(id = mi.movie_id)", "Filter": "(production_year > 1990)"}]}, {"Node Type": "Index Scan", "Parent Relationship": "Inner", "Scan Direction": "Forward", "Index Name": "movie_id_movie_companies", "Relation Name": "movie_companies", "Alias": "mc", "Startup Cost": 0.0, "Total Cost": 0.35, "Plan Rows": 2, "Plan Width": 12, "Index Cond": "(movie_id = t.id)"}]}, {"Node Type": "Index Scan", "Parent Relationship": "Inner", "Scan Direction": "Forward", "Index Name": "company_name_pkey", "Relation Name": "company_name", "Alias": "cn", "Startup Cost": 0.0, "Total Cost": 0.28, "Plan Rows": 1, "Plan Width": 4, "Index Cond": "(id = mc.company_id)", "Filter": "((country_code)::text = '[us]'::text)"}]}, {"Node Type": "Index Scan", "Parent Relationship": "Inner", "Scan Direction": "Forward", "Index Name": "company_type_pkey", "Relation Name": "company_type", "Alias": "ct", "Startup Cost": 0.0, "Total Cost": 0.27, "Plan Rows": 1, "Plan Width": 4, "Index Cond": "(id = mc.company_type_id)"}]}, {"Node Type": "Index Scan", "Parent Relationship": "Inner", "Scan Direction": "Forward", "Index Name": "movie_id_movie_keyword", "Relation Name": "movie_keyword", "Alias": "mk", "Startup Cost": 0.0, "Total Cost": 0.46, "Plan Rows": 8, "Plan Width": 8, "Index Cond": "(movie_id = mc.movie_id)"}]}, {"Node Type": "Index Scan", "Parent Relationship": "Inner", "Scan Direction": "Forward", "Index Name": "keyword_pkey", "Relation Name": "keyword", "Alias": "k", "Startup Cost": 0.0, "Total Cost": 0.27, "Plan Rows": 1, "Plan Width": 4, "Index Cond": "(id = mk.keyword_id)"}]}, {"Node Type": "Index Scan", "Parent Relationship": "Inner", "Scan Direction": "Forward", "Index Name": "movie_id_aka_title", "Relation Name": "aka_title", "Alias": "at", "Startup Cost": 0.0, "Total Cost": 0.32, "Plan Rows": 3, "Plan Width": 25, "Index Cond": "(movie_id = mk.movie_id)"}]}]}, "Unique SQL Id": 2302223328, "Planner Runtime": 127}, "explain_analyze_plan": {"Plan": {"Node Type": "Aggregate", "Strategy": "Plain", "Startup Cost": 167057.62, "Total Cost": 167057.63, "Plan Rows": 1, "Plan Width": 102, "Actual Startup Time": 2229.171, "Actual Total Time": 2229.172, "Actual Rows": 1, "Actual Loops": 1, "Plans": [{"Node Type": "Nested Loop", "Parent Relationship": "Outer", "Join Type": "Inner", "Startup Cost": 4841.51, "Total Cost": 167022.75, "Plan Rows": 6974, "Plan Width": 38, "Actual Startup Time": 553.62, "Actual Total Time": 2226.408, "Actual Rows": 4371, "Actual Loops": 1, "Inner Unique": false, "Join Filter": "(t.id = at.movie_id)", "Rows Removed by Join Filter": 0, "Plans": [{"Node Type": "Nested Loop", "Parent Relationship": "Outer", "Join Type": "Inner", "Startup Cost": 4841.51, "Total Cost": 166224.14, "Plan Rows": 2257, "Plan Width": 33, "Actual Startup Time": 505.509, "Actual Total Time": 2181.252, "Actual Rows": 14161, "Actual Loops": 1, "Inner Unique": true, "Plans": [{"Node Type": "Nested Loop", "Parent Relationship": "Outer", "Join Type": "Inner", "Startup Cost": 4841.51, "Total Cost": 165590.64, "Plan Rows": 2257, "Plan Width": 37, "Actual Startup Time": 505.485, "Actual Total Time": 2112.095, "Actual Rows": 14161, "Actual Loops": 1, "Inner Unique": false, "Join Filter": "(t.id = mk.movie_id)", "Rows Removed by Join Filter": 0, "Plans": [{"Node Type": "Nested Loop", "Parent Relationship": "Outer", "Join Type": "Inner", "Startup Cost": 4841.51, "Total Cost": 165434.29, "Plan Rows": 278, "Plan Width": 29, "Actual Startup Time": 505.449, "Actual Total Time": 2064.032, "Actual Rows": 5914, "Actual Loops": 1, "Inner Unique": true, "Plans": [{"Node Type": "Nested Loop", "Parent Relationship": "Outer", "Join Type": "Inner", "Startup Cost": 4841.51, "Total Cost": 165300.45, "Plan Rows": 478, "Plan Width": 33, "Actual Startup Time": 505.363, "Actual Total Time": 2043.463, "Actual Rows": 9857, "Actual Loops": 1, "Inner Unique": true, "Plans": [{"Node Type": "Nested Loop", "Parent Relationship": "Outer", "Join Type": "Inner", "Startup Cost": 4841.51, "Total Cost": 165137.06, "Plan Rows": 568, "Plan Width": 37, "Actual Startup Time": 505.33, "Actual Total Time": 1955.447, "Actual Rows": 14377, "Actual Loops": 1, "Inner Unique": false, "Plans": [{"Node Type": "Nested Loop", "Parent Relationship": "Outer", "Join Type": "Inner", "Startup Cost": 4841.51, "Total Cost": 165039.2, "Plan Rows": 266, "Plan Width": 25, "Actual Startup Time": 505.304, "Actual Total Time": 1872.332, "Actual Rows": 10662, "Actual Loops": 1, "Inner Unique": true, "Plans": [{"Node Type": "Nested Loop", "Parent Relationship": "Outer", "Join Type": "Inner", "Startup Cost": 4841.51, "Total Cost": 163895.89, "Plan Rows": 192, "Plan Width": 4, "Actual Startup Time": 505.258, "Actual Total Time": 1790.625, "Actual Rows": 10679, "Actual Loops": 1, "Inner Unique": false, "Plans": [{"Node Type": "Index Scan", "Parent Relationship": "Outer", "Scan Direction": "Forward", "Index Name": "info_type_pkey", "Relation Name": "info_type", "Alias": "it1", "Startup Cost": 0.0, "Total Cost": 14.21, "Plan Rows": 1, "Plan Width": 4, "Actual Startup Time": 0.028, "Actual Total Time": 0.075, "Actual Rows": 1, "Actual Loops": 1, "Filter": "((info)::text = 'release dates'::text)", "Rows Removed by Filter": 111}, {"Node Type": "Bitmap Heap Scan", "Parent Relationship": "Inner", "Relation Name": "movie_info", "Alias": "mi", "Startup Cost": 4841.51, "Total Cost": 163879.76, "Plan Rows": 192, "Plan Width": 8, "Actual Startup Time": 505.221, "Actual Total Time": 1787.7, "Actual Rows": 10679, "Actual Loops": 1, "Recheck Cond": "(info_type_id = it1.id)", "Rows Removed by Index Recheck": 0, "Filter": "((note)::text ~~ '%internet%'::text)", "Rows Removed by Filter": 3026040, "Exact Heap Blocks": 21947, "Lossy Heap Blocks": 21947, "Plans": [{"Node Type": "Bitmap Index Scan", "Parent Relationship": "Outer", "Index Name": "info_type_id_movie_info", "Startup Cost": 0.0, "Total Cost": 4841.46, "Plan Rows": 212428, "Plan Width": 0, "Actual Startup Time": 499.875, "Actual Total Time": 499.875, "Actual Rows": 3036719, "Actual Loops": 1, "Index Cond": "(info_type_id = it1.id)"}]}]}, {"Node Type": "Index Scan", "Parent Relationship": "Inner", "Scan Direction": "Forward", "Index Name": "title_pkey", "Relation Name": "title", "Alias": "t", "Startup Cost": 0.0, "Total Cost": 5.94, "Plan Rows": 1, "Plan Width": 21, "Actual Startup Time": 70.82, "Actual Total Time": 70.82, "Actual Rows": 10662, "Actual Loops": 10679, "Index Cond": "(id = mi.movie_id)", "Rows Removed by Index Recheck": 0, "Filter": "(production_year > 1990)", "Rows Removed by Filter": 17}]}, {"Node Type": "Index Scan", "Parent Relationship": "Inner", "Scan Direction": "Forward", "Index Name": "movie_id_movie_companies", "Relation Name": "movie_companies", "Alias": "mc", "Startup Cost": 0.0, "Total Cost": 0.35, "Plan Rows": 2, "Plan Width": 12, "Actual Startup Time": 60.175, "Actual Total Time": 73.458, "Actual Rows": 14377, "Actual Loops": 10662, "Index Cond": "(movie_id = t.id)", "Rows Removed by Index Recheck": 0}]}, {"Node Type": "Index Scan", "Parent Relationship": "Inner", "Scan Direction": "Forward", "Index Name": "company_name_pkey", "Relation Name": "company_name", "Alias": "cn", "Startup Cost": 0.0, "Total Cost": 0.28, "Plan Rows": 1, "Plan Width": 4, "Actual Startup Time": 76.482, "Actual Total Time": 76.482, "Actual Rows": 9857, "Actual Loops": 14377, "Index Cond": "(id = mc.company_id)", "Rows Removed by Index Recheck": 0, "Filter": "((country_code)::text = '[us]'::text)", "Rows Removed by Filter": 4520}]}, {"Node Type": "Index Scan", "Parent Relationship": "Inner", "Scan Direction": "Forward", "Index Name": "company_type_pkey", "Relation Name": "company_type", "Alias": "ct", "Startup Cost": 0.0, "Total Cost": 0.27, "Plan Rows": 1, "Plan Width": 4, "Actual Startup Time": 12.331, "Actual Total Time": 12.331, "Actual Rows": 5914, "Actual Loops": 9857, "Index Cond": "(id = mc.company_type_id)", "Rows Removed by Index Recheck": 0}]}, {"Node Type": "Index Scan", "Parent Relationship": "Inner", "Scan Direction": "Forward", "Index Name": "movie_id_movie_keyword", "Relation Name": "movie_keyword", "Alias": "mk", "Startup Cost": 0.0, "Total Cost": 0.46, "Plan Rows": 8, "Plan Width": 8, "Actual Startup Time": 32.093, "Actual Total Time": 38.492, "Actual Rows": 14161, "Actual Loops": 5914, "Index Cond": "(movie_id = mc.movie_id)", "Rows Removed by Index Recheck": 0}]}, {"Node Type": "Index Scan", "Parent Relationship": "Inner", "Scan Direction": "Forward", "Index Name": "keyword_pkey", "Relation Name": "keyword", "Alias": "k", "Startup Cost": 0.0, "Total Cost": 0.27, "Plan Rows": 1, "Plan Width": 4, "Actual Startup Time": 57.541, "Actual Total Time": 57.541, "Actual Rows": 14161, "Actual Loops": 14161, "Index Cond": "(id = mk.keyword_id)", "Rows Removed by Index Recheck": 0}]}, {"Node Type": "Index Scan", "Parent Relationship": "Inner", "Scan Direction": "Forward", "Index Name": "movie_id_aka_title", "Relation Name": "aka_title", "Alias": "at", "Startup Cost": 0.0, "Total Cost": 0.32, "Plan Rows": 3, "Plan Width": 25, "Actual Startup Time": 33.612, "Actual Total Time": 35.92, "Actual Rows": 4371, "Actual Loops": 14161, "Index Cond": "(movie_id = mk.movie_id)", "Rows Removed by Index Recheck": 0}]}]}, "Triggers": [], "Planner Runtime": 127, "Total Runtime": 2229.916, "Unique SQL Id": 2302223328}}, "(1, 86)": {"explain_plan": {"Plan": {"Node Type": "Aggregate", "Strategy": "Plain", "Startup Cost": 189600.99, "Total Cost": 189601.0, "Plan Rows": 1, "Plan Width": 102, "Plans": [{"Node Type": "Merge Join", "Parent Relationship": "Outer", "Join Type": "Inner", "Startup Cost": 188791.04, "Total Cost": 189565.78, "Plan Rows": 7042, "Plan Width": 38, "Inner Unique": true, "Merge Cond": "(mk.keyword_id = k.id)", "Plans": [{"Node Type": "Sort", "Parent Relationship": "Outer", "Startup Cost": 175263.38, "Total Cost": 175280.99, "Plan Rows": 7042, "Plan Width": 42, "Sort Key": ["mk.keyword_id"], "Plans": [{"Node Type": "Nested Loop", "Parent Relationship": "Outer", "Join Type": "Inner", "Startup Cost": 166333.3, "Total Cost": 174813.34, "Plan Rows": 7042, "Plan Width": 42, "Inner Unique": false, "Join Filter": "(t.id = mk.movie_id)", "Plans": [{"Node Type": "Nested Loop", "Parent Relationship": "Outer", "Join Type": "Inner", "Startup Cost": 166332.96, "Total Cost": 170851.64, "Plan Rows": 873, "Plan Width": 54, "Inner Unique": false, "Join Filter": "(t.id = at.movie_id)", "Plans": [{"Node Type": "Nested Loop", "Parent Relationship": "Outer", "Join Type": "Inner", "Startup Cost": 166332.68, "Total Cost": 168772.52, "Plan Rows": 478, "Plan Width": 29, "Inner Unique": true, "Plans": [{"Node Type": "Merge Join", "Parent Relationship": "Outer", "Join Type": "Inner", "Startup Cost": 166332.42, "Total Cost": 166339.57, "Plan Rows": 568, "Plan Width": 33, "Inner Unique": false, "Merge Cond": "(ct.id = mc.company_type_id)", "Plans": [{"Node Type": "Sort", "Parent Relationship": "Outer", "Startup Cost": 1.05, "Total Cost": 1.06, "Plan Rows": 3, "Plan Width": 4, "Sort Key": ["ct.id"], "Plans": [{"Node Type": "Seq Scan", "Parent Relationship": "Outer", "Relation Name": "company_type", "Alias": "ct", "Startup Cost": 0.0, "Total Cost": 1.03, "Plan Rows": 3, "Plan Width": 4}]}, {"Node Type": "Sort", "Parent Relationship": "Inner", "Startup Cost": 166329.98, "Total Cost": 166331.4, "Plan Rows": 568, "Plan Width": 37, "Sort Key": ["mc.company_type_id"], "Plans": [{"Node Type": "Nested Loop", "Parent Relationship": "Outer", "Join Type": "Inner", "Startup Cost": 4844.37, "Total Cost": 166304.0, "Plan Rows": 568, "Plan Width": 37, "Inner Unique": false, "Plans": [{"Node Type": "Nested Loop", "Parent Relationship": "Outer", "Join Type": "Inner", "Startup Cost": 4844.08, "Total Cost": 165151.58, "Plan Rows": 266, "Plan Width": 25, "Inner Unique": true, "Plans": [{"Node Type": "Nested Loop", "Parent Relationship": "Outer", "Join Type": "Inner", "Startup Cost": 4841.51, "Total Cost": 163884.08, "Plan Rows": 192, "Plan Width": 4, "Inner Unique": false, "Plans": [{"Node Type": "Seq Scan", "Parent Relationship": "Outer", "Relation Name": "info_type", "Alias": "it1", "Startup Cost": 0.0, "Total Cost": 2.4, "Plan Rows": 1, "Plan Width": 4, "Filter": "((info)::text = 'release dates'::text)"}, {"Node Type": "Bitmap Heap Scan", "Parent Relationship": "Inner", "Relation Name": "movie_info", "Alias": "mi", "Startup Cost": 4841.51, "Total Cost": 163879.76, "Plan Rows": 192, "Plan Width": 8, "Recheck Cond": "(info_type_id = it1.id)", "Filter": "((note)::text ~~ '%internet%'::text)", "Plans": [{"Node Type": "Bitmap Index Scan", "Parent Relationship": "Outer", "Index Name": "info_type_id_movie_info", "Startup Cost": 0.0, "Total Cost": 4841.46, "Plan Rows": 212428, "Plan Width": 0, "Index Cond": "(info_type_id = it1.id)"}]}]}, {"Node Type": "Bitmap Heap Scan", "Parent Relationship": "Inner", "Relation Name": "title", "Alias": "t", "Startup Cost": 2.58, "Total Cost": 6.59, "Plan Rows": 1, "Plan Width": 21, "Recheck Cond": "(id = mi.movie_id)", "Filter": "(production_year > 1990)", "Plans": [{"Node Type": "Bitmap Index Scan", "Parent Relationship": "Outer", "Index Name": "title_pkey", "Startup Cost": 0.0, "Total Cost": 2.58, "Plan Rows": 1, "Plan Width": 0, "Index Cond": "(id = mi.movie_id)"}]}]}, {"Node Type": "Bitmap Heap Scan", "Parent Relationship": "Inner", "Relation Name": "movie_companies", "Alias": "mc", "Startup Cost": 0.29, "Total Cost": 4.31, "Plan Rows": 2, "Plan Width": 12, "Recheck Cond": "(movie_id = t.id)", "Plans": [{"Node Type": "Bitmap Index Scan", "Parent Relationship": "Outer", "Index Name": "movie_id_movie_companies", "Startup Cost": 0.0, "Total Cost": 0.29, "Plan Rows": 2, "Plan Width": 0, "Index Cond": "(movie_id = t.id)"}]}]}]}]}, {"Node Type": "Bitmap Heap Scan", "Parent Relationship": "Inner", "Relation Name": "company_name", "Alias": "cn", "Startup Cost": 0.26, "Total Cost": 4.27, "Plan Rows": 1, "Plan Width": 4, "Recheck Cond": "(id = mc.company_id)", "Filter": "((country_code)::text = '[us]'::text)", "Plans": [{"Node Type": "Bitmap Index Scan", "Parent Relationship": "Outer", "Index Name": "company_name_pkey", "Startup Cost": 0.0, "Total Cost": 0.26, "Plan Rows": 1, "Plan Width": 0, "Index Cond": "(id = mc.company_id)"}]}]}, {"Node Type": "Bitmap Heap Scan", "Parent Relationship": "Inner", "Relation Name": "aka_title", "Alias": "at", "Startup Cost": 0.27, "Total Cost": 4.31, "Plan Rows": 3, "Plan Width": 25, "Recheck Cond": "(movie_id = mc.movie_id)", "Plans": [{"Node Type": "Bitmap Index Scan", "Parent Relationship": "Outer", "Index Name": "movie_id_aka_title", "Startup Cost": 0.0, "Total Cost": 0.27, "Plan Rows": 3, "Plan Width": 0, "Index Cond": "(movie_id = mc.movie_id)"}]}]}, {"Node Type": "Bitmap Heap Scan", "Parent Relationship": "Inner", "Relation Name": "movie_keyword", "Alias": "mk", "Startup Cost": 0.34, "Total Cost": 4.44, "Plan Rows": 8, "Plan Width": 8, "Recheck Cond": "(movie_id = mc.movie_id)", "Plans": [{"Node Type": "Bitmap Index Scan", "Parent Relationship": "Outer", "Index Name": "movie_id_movie_keyword", "Startup Cost": 0.0, "Total Cost": 0.34, "Plan Rows": 8, "Plan Width": 0, "Index Cond": "(movie_id = mc.movie_id)"}]}]}]}, {"Node Type": "Sort", "Parent Relationship": "Inner", "Startup Cost": 13527.66, "Total Cost": 13863.08, "Plan Rows": 134169, "Plan Width": 4, "Sort Key": ["k.id"], "Plans": [{"Node Type": "Seq Scan", "Parent Relationship": "Outer", "Relation Name": "keyword", "Alias": "k", "Startup Cost": 0.0, "Total Cost": 2100.69, "Plan Rows": 134169, "Plan Width": 4}]}]}]}, "Unique SQL Id": 2302223328, "Planner Runtime": 118}, "explain_analyze_plan": {"Plan": {"Node Type": "Aggregate", "Strategy": "Plain", "Startup Cost": 189600.99, "Total Cost": 189601.0, "Plan Rows": 1, "Plan Width": 102, "Actual Startup Time": 2230.286, "Actual Total Time": 2230.286, "Actual Rows": 1, "Actual Loops": 1, "Plans": [{"Node Type": "Merge Join", "Parent Relationship": "Outer", "Join Type": "Inner", "Startup Cost": 188791.04, "Total Cost": 189565.78, "Plan Rows": 7042, "Plan Width": 38, "Actual Startup Time": 2193.079, "Actual Total Time": 2228.095, "Actual Rows": 4371, "Actual Loops": 1, "Inner Unique": true, "Merge Cond": "(mk.keyword_id = k.id)", "Plans": [{"Node Type": "Sort", "Parent Relationship": "Outer", "Startup Cost": 175263.38, "Total Cost": 175280.99, "Plan Rows": 7042, "Plan Width": 42, "Actual Startup Time": 2109.518, "Actual Total Time": 2110.255, "Actual Rows": 4371, "Actual Loops": 1, "Sort Key": ["mk.keyword_id"], "Sort Method": "quicksort", "Sort Space Used": 752, "Sort Space Type": "Memory", "Plans": [{"Node Type": "Nested Loop", "Parent Relationship": "Outer", "Join Type": "Inner", "Startup Cost": 166333.3, "Total Cost": 174813.34, "Plan Rows": 7042, "Plan Width": 42, "Actual Startup Time": 2006.987, "Actual Total Time": 2107.506, "Actual Rows": 4371, "Actual Loops": 1, "Inner Unique": false, "Join Filter": "(t.id = mk.movie_id)", "Rows Removed by Join Filter": 0, "Plans": [{"Node Type": "Nested Loop", "Parent Relationship": "Outer", "Join Type": "Inner", "Startup Cost": 166332.96, "Total Cost": 170851.64, "Plan Rows": 873, "Plan Width": 54, "Actual Startup Time": 2006.929, "Actual Total Time": 2101.476, "Actual Rows": 382, "Actual Loops": 1, "Inner Unique": false, "Join Filter": "(t.id = at.movie_id)", "Rows Removed by Join Filter": 0, "Plans": [{"Node Type": "Nested Loop", "Parent Relationship": "Outer", "Join Type": "Inner", "Startup Cost": 166332.68, "Total Cost": 168772.52, "Plan Rows": 478, "Plan Width": 29, "Actual Startup Time": 2006.603, "Actual Total Time": 2072.402, "Actual Rows": 5914, "Actual Loops": 1, "Inner Unique": true, "Plans": [{"Node Type": "Merge Join", "Parent Relationship": "Outer", "Join Type": "Inner", "Startup Cost": 166332.42, "Total Cost": 166339.57, "Plan Rows": 568, "Plan Width": 33, "Actual Startup Time": 2006.49, "Actual Total Time": 2011.748, "Actual Rows": 8654, "Actual Loops": 1, "Inner Unique": false, "Merge Cond": "(ct.id = mc.company_type_id)", "Plans": [{"Node Type": "Sort", "Parent Relationship": "Outer", "Startup Cost": 1.05, "Total Cost": 1.06, "Plan Rows": 3, "Plan Width": 4, "Actual Startup Time": 0.023, "Actual Total Time": 0.024, "Actual Rows": 2, "Actual Loops": 1, "Sort Key": ["ct.id"], "Sort Method": "quicksort", "Sort Space Used": 25, "Sort Space Type": "Memory", "Plans": [{"Node Type": "Seq Scan", "Parent Relationship": "Outer", "Relation Name": "company_type", "Alias": "ct", "Startup Cost": 0.0, "Total Cost": 1.03, "Plan Rows": 3, "Plan Width": 4, "Actual Startup Time": 0.01, "Actual Total Time": 0.014, "Actual Rows": 3, "Actual Loops": 1}]}, {"Node Type": "Sort", "Parent Relationship": "Inner", "Startup Cost": 166329.98, "Total Cost": 166331.4, "Plan Rows": 568, "Plan Width": 37, "Actual Startup Time": 2004.157, "Actual Total Time": 2007.682, "Actual Rows": 14377, "Actual Loops": 1, "Sort Key": ["mc.company_type_id"], "Sort Method": "quicksort", "Sort Space Used": 2031, "Sort Space Type": "Memory", "Plans": [{"Node Type": "Nested Loop", "Parent Relationship": "Outer", "Join Type": "Inner", "Startup Cost": 4844.37, "Total Cost": 166304.0, "Plan Rows": 568, "Plan Width": 37, "Actual Startup Time": 510.04, "Actual Total Time": 1997.648, "Actual Rows": 14377, "Actual Loops": 1, "Inner Unique": false, "Plans": [{"Node Type": "Nested Loop", "Parent Relationship": "Outer", "Join Type": "Inner", "Startup Cost": 4844.08, "Total Cost": 165151.58, "Plan Rows": 266, "Plan Width": 25, "Actual Startup Time": 509.973, "Actual Total Time": 1891.789, "Actual Rows": 10662, "Actual Loops": 1, "Inner Unique": true, "Plans": [{"Node Type": "Nested Loop", "Parent Relationship": "Outer", "Join Type": "Inner", "Startup Cost": 4841.51, "Total Cost": 163884.08, "Plan Rows": 192, "Plan Width": 4, "Actual Startup Time": 509.913, "Actual Total Time": 1792.797, "Actual Rows": 10679, "Actual Loops": 1, "Inner Unique": false, "Plans": [{"Node Type": "Seq Scan", "Parent Relationship": "Outer", "Relation Name": "info_type", "Alias": "it1", "Startup Cost": 0.0, "Total Cost": 2.4, "Plan Rows": 1, "Plan Width": 4, "Actual Startup Time": 0.044, "Actual Total Time": 0.09, "Actual Rows": 1, "Actual Loops": 1, "Filter": "((info)::text = 'release dates'::text)", "Rows Removed by Filter": 111}, {"Node Type": "Bitmap Heap Scan", "Parent Relationship": "Inner", "Relation Name": "movie_info", "Alias": "mi", "Startup Cost": 4841.51, "Total Cost": 163879.76, "Plan Rows": 192, "Plan Width": 8, "Actual Startup Time": 509.863, "Actual Total Time": 1790.418, "Actual Rows": 10679, "Actual Loops": 1, "Recheck Cond": "(info_type_id = it1.id)", "Rows Removed by Index Recheck": 0, "Filter": "((note)::text ~~ '%internet%'::text)", "Rows Removed by Filter": 3026040, "Exact Heap Blocks": 21947, "Lossy Heap Blocks": 21947, "Plans": [{"Node Type": "Bitmap Index Scan", "Parent Relationship": "Outer", "Index Name": "info_type_id_movie_info", "Startup Cost": 0.0, "Total Cost": 4841.46, "Plan Rows": 212428, "Plan Width": 0, "Actual Startup Time": 504.507, "Actual Total Time": 504.507, "Actual Rows": 3036719, "Actual Loops": 1, "Index Cond": "(info_type_id = it1.id)"}]}]}, {"Node Type": "Bitmap Heap Scan", "Parent Relationship": "Inner", "Relation Name": "title", "Alias": "t", "Startup Cost": 2.58, "Total Cost": 6.59, "Plan Rows": 1, "Plan Width": 21, "Actual Startup Time": 83.975, "Actual Total Time": 83.975, "Actual Rows": 10662, "Actual Loops": 10679, "Recheck Cond": "(id = mi.movie_id)", "Rows Removed by Index Recheck": 0, "Filter": "(production_year > 1990)", "Rows Removed by Filter": 17, "Exact Heap Blocks": 10679, "Lossy Heap Blocks": 10679, "Plans": [{"Node Type": "Bitmap Index Scan", "Parent Relationship": "Outer", "Index Name": "title_pkey", "Startup Cost": 0.0, "Total Cost": 2.58, "Plan Rows": 1, "Plan Width": 0, "Actual Startup Time": 44.826, "Actual Total Time": 44.826, "Actual Rows": 10679, "Actual Loops": 10679, "Index Cond": "(id = mi.movie_id)"}]}]}, {"Node Type": "Bitmap Heap Scan", "Parent Relationship": "Inner", "Relation Name": "movie_companies", "Alias": "mc", "Startup Cost": 0.29, "Total Cost": 4.31, "Plan Rows": 2, "Plan Width": 12, "Actual Startup Time": 78.183, "Actual Total Time": 89.222, "Actual Rows": 14377, "Actual Loops": 10662, "Recheck Cond": "(movie_id = t.id)", "Rows Removed by Index Recheck": 0, "Exact Heap Blocks": 11694, "Lossy Heap Blocks": 11694, "Plans": [{"Node Type": "Bitmap Index Scan", "Parent Relationship": "Outer", "Index Name": "movie_id_movie_companies", "Startup Cost": 0.0, "Total Cost": 0.29, "Plan Rows": 2, "Plan Width": 0, "Actual Startup Time": 49.798, "Actual Total Time": 49.798, "Actual Rows": 14377, "Actual Loops": 10662, "Index Cond": "(movie_id = t.id)"}]}]}]}]}, {"Node Type": "Bitmap Heap Scan", "Parent Relationship": "Inner", "Relation Name": "company_name", "Alias": "cn", "Startup Cost": 0.26, "Total Cost": 4.27, "Plan Rows": 1, "Plan Width": 4, "Actual Startup Time": 49.956, "Actual Total Time": 49.956, "Actual Rows": 5914, "Actual Loops": 8654, "Recheck Cond": "(id = mc.company_id)", "Rows Removed by Index Recheck": 0, "Filter": "((country_code)::text = '[us]'::text)", "Rows Removed by Filter": 2740, "Exact Heap Blocks": 8654, "Lossy Heap Blocks": 8654, "Plans": [{"Node Type": "Bitmap Index Scan", "Parent Relationship": "Outer", "Index Name": "company_name_pkey", "Startup Cost": 0.0, "Total Cost": 0.26, "Plan Rows": 1, "Plan Width": 0, "Actual Startup Time": 26.858, "Actual Total Time": 26.858, "Actual Rows": 8654, "Actual Loops": 8654, "Index Cond": "(id = mc.company_id)"}]}]}, {"Node Type": "Bitmap Heap Scan", "Parent Relationship": "Inner", "Relation Name": "aka_title", "Alias": "at", "Startup Cost": 0.27, "Total Cost": 4.31, "Plan Rows": 3, "Plan Width": 25, "Actual Startup Time": 22.017, "Actual Total Time": 22.284, "Actual Rows": 382, "Actual Loops": 5914, "Recheck Cond": "(movie_id = mc.movie_id)", "Rows Removed by Index Recheck": 0, "Exact Heap Blocks": 382, "Lossy Heap Blocks": 382, "Plans": [{"Node Type": "Bitmap Index Scan", "Parent Relationship": "Outer", "Index Name": "movie_id_aka_title", "Startup Cost": 0.0, "Total Cost": 0.27, "Plan Rows": 3, "Plan Width": 0, "Actual Startup Time": 18.201, "Actual Total Time": 18.201, "Actual Rows": 382, "Actual Loops": 5914, "Index Cond": "(movie_id = mc.movie_id)"}]}]}, {"Node Type": "Bitmap Heap Scan", "Parent Relationship": "Inner", "Relation Name": "movie_keyword", "Alias": "mk", "Startup Cost": 0.34, "Total Cost": 4.44, "Plan Rows": 8, "Plan Width": 8, "Actual Startup Time": 3.646, "Actual Total Time": 4.222, "Actual Rows": 4371, "Actual Loops": 382, "Recheck Cond": "(movie_id = mc.movie_id)", "Rows Removed by Index Recheck": 0, "Exact Heap Blocks": 276, "Lossy Heap Blocks": 276, "Plans": [{"Node Type": "Bitmap Index Scan", "Parent Relationship": "Outer", "Index Name": "movie_id_movie_keyword", "Startup Cost": 0.0, "Total Cost": 0.34, "Plan Rows": 8, "Plan Width": 0, "Actual Startup Time": 2.324, "Actual Total Time": 2.324, "Actual Rows": 4371, "Actual Loops": 382, "Index Cond": "(movie_id = mc.movie_id)"}]}]}]}, {"Node Type": "Sort", "Parent Relationship": "Inner", "Startup Cost": 13527.66, "Total Cost": 13863.08, "Plan Rows": 134169, "Plan Width": 4, "Actual Startup Time": 83.549, "Actual Total Time": 98.38, "Actual Rows": 133879, "Actual Loops": 1, "Sort Key": ["k.id"], "Sort Method": "quicksort", "Sort Space Used": 14530, "Sort Space Type": "Memory", "Plans": [{"Node Type": "Seq Scan", "Parent Relationship": "Outer", "Relation Name": "keyword", "Alias": "k", "Startup Cost": 0.0, "Total Cost": 2100.69, "Plan Rows": 134169, "Plan Width": 4, "Actual Startup Time": 0.036, "Actual Total Time": 36.486, "Actual Rows": 134169, "Actual Loops": 1}]}]}]}, "Triggers": [], "Planner Runtime": 118, "Total Runtime": 2231.08, "Unique SQL Id": 2302223328}}, "(1, 87)": {"explain_plan": {"Plan": {"Node Type": "Aggregate", "Strategy": "Plain", "Startup Cost": 1000003999861.48, "Total Cost": 1000003999861.49, "Plan Rows": 1, "Plan Width": 102, "Plans": [{"Node Type": "Nested Loop", "Parent Relationship": "Outer", "Join Type": "Inner", "Startup Cost": 10000000002.92, "Total Cost": 1000003999827.29, "Plan Rows": 6838, "Plan Width": 38, "Inner Unique": true, "Join Filter": "(at.movie_id = t.id)", "Plans": [{"Node Type": "Nested Loop", "Parent Relationship": "Outer", "Join Type": "Inner", "Startup Cost": 10000000002.66, "Total Cost": 1000003978634.91, "Plan Rows": 4936, "Plan Width": 37, "Inner Unique": true, "Plans": [{"Node Type": "Nested Loop", "Parent Relationship": "Outer", "Join Type": "Inner", "Startup Cost": 10000000002.4, "Total Cost": 1000003957088.08, "Plan Rows": 5034, "Plan Width": 41, "Inner Unique": false, "Join Filter": "(at.movie_id = mk.movie_id)", "Plans": [{"Node Type": "Nested Loop", "Parent Relationship": "Outer", "Join Type": "Inner", "Startup Cost": 10000000002.06, "Total Cost": 1000003954256.35, "Plan Rows": 624, "Plan Width": 33, "Inner Unique": true, "Plans": [{"Node Type": "Nested Loop", "Parent Relationship": "Outer", "Join Type": "Inner", "Startup Cost": 10000000001.8, "Total Cost": 1000003951585.47, "Plan Rows": 624, "Plan Width": 37, "Inner Unique": true, "Plans": [{"Node Type": "Nested Loop", "Parent Relationship": "Outer", "Join Type": "Inner", "Startup Cost": 10000000001.55, "Total Cost": 1000003947079.38, "Plan Rows": 1052, "Plan Width": 41, "Inner Unique": false, "Plans": [{"Node Type": "Nested Loop", "Parent Relationship": "Outer", "Join Type": "Inner", "Startup Cost": 10000000001.17, "Total Cost": 1000003944915.32, "Plan Rows": 490, "Plan Width": 29, "Inner Unique": true, "Plans": [{"Node Type": "Nested Loop", "Parent Relationship": "Outer", "Join Type": "Inner", "Startup Cost": 10000000000.92, "Total Cost": 1000003797919.45, "Plan Rows": 34318, "Plan Width": 33, "Inner Unique": false, "Plans": [{"Node Type": "Index Scan", "Parent Relationship": "Outer", "Scan Direction": "Forward", "Index Name": "movie_id_aka_title", "Relation Name": "aka_title", "Alias": "at", "Startup Cost": 10000000000.0, "Total Cost": 1000001990001.13, "Plan Rows": 361471, "Plan Width": 25}, {"Node Type": "Bitmap Heap Scan", "Parent Relationship": "Inner", "Relation Name": "movie_info", "Alias": "mi", "Startup Cost": 0.92, "Total Cost": 4.99, "Plan Rows": 1, "Plan Width": 8, "Recheck Cond": "(movie_id = at.movie_id)", "Filter": "((note)::text ~~ '%internet%'::text)", "Plans": [{"Node Type": "Bitmap Index Scan", "Parent Relationship": "Outer", "Index Name": "movie_id_movie_info", "Startup Cost": 0.0, "Total Cost": 0.92, "Plan Rows": 5, "Plan Width": 0, "Index Cond": "(movie_id = at.movie_id)"}]}]}, {"Node Type": "Bitmap Heap Scan", "Parent Relationship": "Inner", "Relation Name": "info_type", "Alias": "it1", "Startup Cost": 0.26, "Total Cost": 4.27, "Plan Rows": 1, "Plan Width": 4, "Recheck Cond": "(id = mi.info_type_id)", "Filter": "((info)::text = 'release dates'::text)", "Plans": [{"Node Type": "Bitmap Index Scan", "Parent Relationship": "Outer", "Index Name": "info_type_pkey", "Startup Cost": 0.0, "Total Cost": 0.26, "Plan Rows": 1, "Plan Width": 0, "Index Cond": "(id = mi.info_type_id)"}]}]}, {"Node Type": "Bitmap Heap Scan", "Parent Relationship": "Inner", "Relation Name": "movie_companies", "Alias": "mc", "Startup Cost": 0.37, "Total Cost": 4.4, "Plan Rows": 2, "Plan Width": 12, "Recheck Cond": "(movie_id = at.movie_id)", "Plans": [{"Node Type": "Bitmap Index Scan", "Parent Relationship": "Outer", "Index Name": "movie_id_movie_companies", "Startup Cost": 0.0, "Total Cost": 0.37, "Plan Rows": 2, "Plan Width": 0, "Index Cond": "(movie_id = at.movie_id)"}]}]}, {"Node Type": "Bitmap Heap Scan", "Parent Relationship": "Inner", "Relation Name": "company_name", "Alias": "cn", "Startup Cost": 0.26, "Total Cost": 4.27, "Plan Rows": 1, "Plan Width": 4, "Recheck Cond": "(id = mc.company_id)", "Filter": "((country_code)::text = '[us]'::text)", "Plans": [{"Node Type": "Bitmap Index Scan", "Parent Relationship": "Outer", "Index Name": "company_name_pkey", "Startup Cost": 0.0, "Total Cost": 0.26, "Plan Rows": 1, "Plan Width": 0, "Index Cond": "(id = mc.company_id)"}]}]}, {"Node Type": "Bitmap Heap Scan", "Parent Relationship": "Inner", "Relation Name": "company_type", "Alias": "ct", "Startup Cost": 0.26, "Total Cost": 4.27, "Plan Rows": 1, "Plan Width": 4, "Recheck Cond": "(id = mc.company_type_id)", "Plans": [{"Node Type": "Bitmap Index Scan", "Parent Relationship": "Outer", "Index Name": "company_type_pkey", "Startup Cost": 0.0, "Total Cost": 0.26, "Plan Rows": 1, "Plan Width": 0, "Index Cond": "(id = mc.company_type_id)"}]}]}, {"Node Type": "Bitmap Heap Scan", "Parent Relationship": "Inner", "Relation Name": "movie_keyword", "Alias": "mk", "Startup Cost": 0.34, "Total Cost": 4.44, "Plan Rows": 8, "Plan Width": 8, "Recheck Cond": "(movie_id = mc.movie_id)", "Plans": [{"Node Type": "Bitmap Index Scan", "Parent Relationship": "Outer", "Index Name": "movie_id_movie_keyword", "Startup Cost": 0.0, "Total Cost": 0.34, "Plan Rows": 8, "Plan Width": 0, "Index Cond": "(movie_id = mc.movie_id)"}]}]}, {"Node Type": "Bitmap Heap Scan", "Parent Relationship": "Inner", "Relation Name": "keyword", "Alias": "k", "Startup Cost": 0.26, "Total Cost": 4.27, "Plan Rows": 1, "Plan Width": 4, "Recheck Cond": "(id = mk.keyword_id)", "Plans": [{"Node Type": "Bitmap Index Scan", "Parent Relationship": "Outer", "Index Name": "keyword_pkey", "Startup Cost": 0.0, "Total Cost": 0.26, "Plan Rows": 1, "Plan Width": 0, "Index Cond": "(id = mk.keyword_id)"}]}]}, {"Node Type": "Bitmap Heap Scan", "Parent Relationship": "Inner", "Relation Name": "title", "Alias": "t", "Startup Cost": 0.27, "Total Cost": 4.28, "Plan Rows": 1, "Plan Width": 21, "Recheck Cond": "(id = mk.movie_id)", "Filter": "(production_year > 1990)", "Plans": [{"Node Type": "Bitmap Index Scan", "Parent Relationship": "Outer", "Index Name": "title_pkey", "Startup Cost": 0.0, "Total Cost": 0.27, "Plan Rows": 1, "Plan Width": 0, "Index Cond": "(id = mk.movie_id)"}]}]}]}, "Unique SQL Id": 2302223328, "Planner Runtime": 44}, "explain_analyze_plan": null}, "(1, 88)": {"explain_plan": {"Plan": {"Node Type": "Aggregate", "Strategy": "Plain", "Startup Cost": 341125.66, "Total Cost": 341125.67, "Plan Rows": 1, "Plan Width": 102, "Plans": [{"Node Type": "Nested Loop", "Parent Relationship": "Outer", "Join Type": "Inner", "Startup Cost": 0.0, "Total Cost": 341090.79, "Plan Rows": 6974, "Plan Width": 38, "Inner Unique": false, "Join Filter": "(t.id = at.movie_id)", "Plans": [{"Node Type": "Nested Loop", "Parent Relationship": "Outer", "Join Type": "Inner", "Startup Cost": 0.0, "Total Cost": 340292.17, "Plan Rows": 2257, "Plan Width": 33, "Inner Unique": true, "Plans": [{"Node Type": "Nested Loop", "Parent Relationship": "Outer", "Join Type": "Inner", "Startup Cost": 0.0, "Total Cost": 339660.19, "Plan Rows": 2257, "Plan Width": 37, "Inner Unique": false, "Join Filter": "(t.id = mk.movie_id)", "Plans": [{"Node Type": "Nested Loop", "Parent Relationship": "Outer", "Join Type": "Inner", "Startup Cost": 0.0, "Total Cost": 339503.84, "Plan Rows": 278, "Plan Width": 29, "Inner Unique": true, "Plans": [{"Node Type": "Nested Loop", "Parent Relationship": "Outer", "Join Type": "Inner", "Startup Cost": 0.0, "Total Cost": 339370.0, "Plan Rows": 478, "Plan Width": 33, "Inner Unique": true, "Plans": [{"Node Type": "Nested Loop", "Parent Relationship": "Outer", "Join Type": "Inner", "Startup Cost": 0.0, "Total Cost": 339206.61, "Plan Rows": 568, "Plan Width": 37, "Inner Unique": false, "Plans": [{"Node Type": "Nested Loop", "Parent Relationship": "Outer", "Join Type": "Inner", "Startup Cost": 0.0, "Total Cost": 339108.76, "Plan Rows": 266, "Plan Width": 25, "Inner Unique": true, "Plans": [{"Node Type": "Nested Loop", "Parent Relationship": "Outer", "Join Type": "Inner", "Startup Cost": 0.0, "Total Cost": 337965.44, "Plan Rows": 192, "Plan Width": 4, "Inner Unique": true, "Plans": [{"Node Type": "Seq Scan", "Parent Relationship": "Outer", "Relation Name": "movie_info", "Alias": "mi", "Startup Cost": 0.0, "Total Cost": 334162.58, "Plan Rows": 13419, "Plan Width": 8, "Filter": "((note)::text ~~ '%internet%'::text)"}, {"Node Type": "Index Scan", "Parent Relationship": "Inner", "Scan Direction": "Forward", "Index Name": "info_type_pkey", "Relation Name": "info_type", "Alias": "it1", "Startup Cost": 0.0, "Total Cost": 0.27, "Plan Rows": 1, "Plan Width": 4, "Index Cond": "(id = mi.info_type_id)", "Filter": "((info)::text = 'release dates'::text)"}]}, {"Node Type": "Index Scan", "Parent Relationship": "Inner", "Scan Direction": "Forward", "Index Name": "title_pkey", "Relation Name": "title", "Alias": "t", "Startup Cost": 0.0, "Total Cost": 5.94, "Plan Rows": 1, "Plan Width": 21, "Index Cond": "(id = mi.movie_id)", "Filter": "(production_year > 1990)"}]}, {"Node Type": "Index Scan", "Parent Relationship": "Inner", "Scan Direction": "Forward", "Index Name": "movie_id_movie_companies", "Relation Name": "movie_companies", "Alias": "mc", "Startup Cost": 0.0, "Total Cost": 0.35, "Plan Rows": 2, "Plan Width": 12, "Index Cond": "(movie_id = t.id)"}]}, {"Node Type": "Index Scan", "Parent Relationship": "Inner", "Scan Direction": "Forward", "Index Name": "company_name_pkey", "Relation Name": "company_name", "Alias": "cn", "Startup Cost": 0.0, "Total Cost": 0.28, "Plan Rows": 1, "Plan Width": 4, "Index Cond": "(id = mc.company_id)", "Filter": "((country_code)::text = '[us]'::text)"}]}, {"Node Type": "Index Only Scan", "Parent Relationship": "Inner", "Scan Direction": "Forward", "Index Name": "company_type_pkey", "Relation Name": "company_type", "Alias": "ct", "Startup Cost": 0.0, "Total Cost": 0.27, "Plan Rows": 1, "Plan Width": 4, "Index Cond": "(id = mc.company_type_id)"}]}, {"Node Type": "Index Scan", "Parent Relationship": "Inner", "Scan Direction": "Forward", "Index Name": "movie_id_movie_keyword", "Relation Name": "movie_keyword", "Alias": "mk", "Startup Cost": 0.0, "Total Cost": 0.46, "Plan Rows": 8, "Plan Width": 8, "Index Cond": "(movie_id = mc.movie_id)"}]}, {"Node Type": "Index Only Scan", "Parent Relationship": "Inner", "Scan Direction": "Forward", "Index Name": "keyword_pkey", "Relation Name": "keyword", "Alias": "k", "Startup Cost": 0.0, "Total Cost": 0.27, "Plan Rows": 1, "Plan Width": 4, "Index Cond": "(id = mk.keyword_id)"}]}, {"Node Type": "Index Scan", "Parent Relationship": "Inner", "Scan Direction": "Forward", "Index Name": "movie_id_aka_title", "Relation Name": "aka_title", "Alias": "at", "Startup Cost": 0.0, "Total Cost": 0.32, "Plan Rows": 3, "Plan Width": 25, "Index Cond": "(movie_id = mk.movie_id)"}]}]}, "Unique SQL Id": 2302223328, "Planner Runtime": 128}, "explain_analyze_plan": null}, "(1, 89)": {"explain_plan": {"Plan": {"Node Type": "Aggregate", "Strategy": "Plain", "Startup Cost": 498859.86, "Total Cost": 498859.87, "Plan Rows": 1, "Plan Width": 102, "Plans": [{"Node Type": "Nested Loop", "Parent Relationship": "Outer", "Join Type": "Inner", "Startup Cost": 0.0, "Total Cost": 498824.99, "Plan Rows": 6974, "Plan Width": 38, "Inner Unique": false, "Join Filter": "(t.id = at.movie_id)", "Plans": [{"Node Type": "Nested Loop", "Parent Relationship": "Outer", "Join Type": "Inner", "Startup Cost": 0.0, "Total Cost": 498026.38, "Plan Rows": 2257, "Plan Width": 33, "Inner Unique": true, "Plans": [{"Node Type": "Nested Loop", "Parent Relationship": "Outer", "Join Type": "Inner", "Startup Cost": 0.0, "Total Cost": 497394.39, "Plan Rows": 2257, "Plan Width": 37, "Inner Unique": false, "Join Filter": "(t.id = mk.movie_id)", "Plans": [{"Node Type": "Nested Loop", "Parent Relationship": "Outer", "Join Type": "Inner", "Startup Cost": 0.0, "Total Cost": 497238.04, "Plan Rows": 278, "Plan Width": 29, "Inner Unique": true, "Plans": [{"Node Type": "Nested Loop", "Parent Relationship": "Outer", "Join Type": "Inner", "Startup Cost": 0.0, "Total Cost": 497104.2, "Plan Rows": 478, "Plan Width": 33, "Inner Unique": true, "Plans": [{"Node Type": "Nested Loop", "Parent Relationship": "Outer", "Join Type": "Inner", "Startup Cost": 0.0, "Total Cost": 496940.81, "Plan Rows": 568, "Plan Width": 37, "Inner Unique": false, "Plans": [{"Node Type": "Nested Loop", "Parent Relationship": "Outer", "Join Type": "Inner", "Startup Cost": 0.0, "Total Cost": 496842.96, "Plan Rows": 266, "Plan Width": 25, "Inner Unique": true, "Plans": [{"Node Type": "Nested Loop", "Parent Relationship": "Outer", "Join Type": "Inner", "Startup Cost": 0.0, "Total Cost": 495699.65, "Plan Rows": 192, "Plan Width": 4, "Inner Unique": false, "Plans": [{"Node Type": "Index Scan", "Parent Relationship": "Outer", "Scan Direction": "Forward", "Index Name": "info_type_pkey", "Relation Name": "info_type", "Alias": "it1", "Startup Cost": 0.0, "Total Cost": 14.21, "Plan Rows": 1, "Plan Width": 4, "Filter": "((info)::text = 'release dates'::text)"}, {"Node Type": "Index Scan", "Parent Relationship": "Inner", "Scan Direction": "Forward", "Index Name": "info_type_id_movie_info", "Relation Name": "movie_info", "Alias": "mi", "Startup Cost": 0.0, "Total Cost": 495683.52, "Plan Rows": 192, "Plan Width": 8, "Index Cond": "(info_type_id = it1.id)", "Filter": "((note)::text ~~ '%internet%'::text)"}]}, {"Node Type": "Index Scan", "Parent Relationship": "Inner", "Scan Direction": "Forward", "Index Name": "title_pkey", "Relation Name": "title", "Alias": "t", "Startup Cost": 0.0, "Total Cost": 5.94, "Plan Rows": 1, "Plan Width": 21, "Index Cond": "(id = mi.movie_id)", "Filter": "(production_year > 1990)"}]}, {"Node Type": "Index Scan", "Parent Relationship": "Inner", "Scan Direction": "Forward", "Index Name": "movie_id_movie_companies", "Relation Name": "movie_companies", "Alias": "mc", "Startup Cost": 0.0, "Total Cost": 0.35, "Plan Rows": 2, "Plan Width": 12, "Index Cond": "(movie_id = t.id)"}]}, {"Node Type": "Index Scan", "Parent Relationship": "Inner", "Scan Direction": "Forward", "Index Name": "company_name_pkey", "Relation Name": "company_name", "Alias": "cn", "Startup Cost": 0.0, "Total Cost": 0.28, "Plan Rows": 1, "Plan Width": 4, "Index Cond": "(id = mc.company_id)", "Filter": "((country_code)::text = '[us]'::text)"}]}, {"Node Type": "Index Only Scan", "Parent Relationship": "Inner", "Scan Direction": "Forward", "Index Name": "company_type_pkey", "Relation Name": "company_type", "Alias": "ct", "Startup Cost": 0.0, "Total Cost": 0.27, "Plan Rows": 1, "Plan Width": 4, "Index Cond": "(id = mc.company_type_id)"}]}, {"Node Type": "Index Scan", "Parent Relationship": "Inner", "Scan Direction": "Forward", "Index Name": "movie_id_movie_keyword", "Relation Name": "movie_keyword", "Alias": "mk", "Startup Cost": 0.0, "Total Cost": 0.46, "Plan Rows": 8, "Plan Width": 8, "Index Cond": "(movie_id = mc.movie_id)"}]}, {"Node Type": "Index Only Scan", "Parent Relationship": "Inner", "Scan Direction": "Forward", "Index Name": "keyword_pkey", "Relation Name": "keyword", "Alias": "k", "Startup Cost": 0.0, "Total Cost": 0.27, "Plan Rows": 1, "Plan Width": 4, "Index Cond": "(id = mk.keyword_id)"}]}, {"Node Type": "Index Scan", "Parent Relationship": "Inner", "Scan Direction": "Forward", "Index Name": "movie_id_aka_title", "Relation Name": "aka_title", "Alias": "at", "Startup Cost": 0.0, "Total Cost": 0.32, "Plan Rows": 3, "Plan Width": 25, "Index Cond": "(movie_id = mk.movie_id)"}]}]}, "Unique SQL Id": 2302223328, "Planner Runtime": 127}, "explain_analyze_plan": {"Plan": {"Node Type": "Aggregate", "Strategy": "Plain", "Startup Cost": 498859.86, "Total Cost": 498859.87, "Plan Rows": 1, "Plan Width": 102, "Actual Startup Time": 2268.948, "Actual Total Time": 2268.948, "Actual Rows": 1, "Actual Loops": 1, "Plans": [{"Node Type": "Nested Loop", "Parent Relationship": "Outer", "Join Type": "Inner", "Startup Cost": 0.0, "Total Cost": 498824.99, "Plan Rows": 6974, "Plan Width": 38, "Actual Startup Time": 68.72, "Actual Total Time": 2266.121, "Actual Rows": 4371, "Actual Loops": 1, "Inner Unique": false, "Join Filter": "(t.id = at.movie_id)", "Rows Removed by Join Filter": 0, "Plans": [{"Node Type": "Nested Loop", "Parent Relationship": "Outer", "Join Type": "Inner", "Startup Cost": 0.0, "Total Cost": 498026.38, "Plan Rows": 2257, "Plan Width": 33, "Actual Startup Time": 0.24, "Actual Total Time": 2221.971, "Actual Rows": 14161, "Actual Loops": 1, "Inner Unique": true, "Plans": [{"Node Type": "Nested Loop", "Parent Relationship": "Outer", "Join Type": "Inner", "Startup Cost": 0.0, "Total Cost": 497394.39, "Plan Rows": 2257, "Plan Width": 37, "Actual Startup Time": 0.234, "Actual Total Time": 2168.993, "Actual Rows": 14161, "Actual Loops": 1, "Inner Unique": false, "Join Filter": "(t.id = mk.movie_id)", "Rows Removed by Join Filter": 0, "Plans": [{"Node Type": "Nested Loop", "Parent Relationship": "Outer", "Join Type": "Inner", "Startup Cost": 0.0, "Total Cost": 497238.04, "Plan Rows": 278, "Plan Width": 29, "Actual Startup Time": 0.221, "Actual Total Time": 2121.607, "Actual Rows": 5914, "Actual Loops": 1, "Inner Unique": true, "Plans": [{"Node Type": "Nested Loop", "Parent Relationship": "Outer", "Join Type": "Inner", "Startup Cost": 0.0, "Total Cost": 497104.2, "Plan Rows": 478, "Plan Width": 33, "Actual Startup Time": 0.106, "Actual Total Time": 2105.696, "Actual Rows": 9857, "Actual Loops": 1, "Inner Unique": true, "Plans": [{"Node Type": "Nested Loop", "Parent Relationship": "Outer", "Join Type": "Inner", "Startup Cost": 0.0, "Total Cost": 496940.81, "Plan Rows": 568, "Plan Width": 37, "Actual Startup Time": 0.09, "Actual Total Time": 2014.474, "Actual Rows": 14377, "Actual Loops": 1, "Inner Unique": false, "Plans": [{"Node Type": "Nested Loop", "Parent Relationship": "Outer", "Join Type": "Inner", "Startup Cost": 0.0, "Total Cost": 496842.96, "Plan Rows": 266, "Plan Width": 25, "Actual Startup Time": 0.081, "Actual Total Time": 1932.759, "Actual Rows": 10662, "Actual Loops": 1, "Inner Unique": true, "Plans": [{"Node Type": "Nested Loop", "Parent Relationship": "Outer", "Join Type": "Inner", "Startup Cost": 0.0, "Total Cost": 495699.65, "Plan Rows": 192, "Plan Width": 4, "Actual Startup Time": 0.066, "Actual Total Time": 1851.546, "Actual Rows": 10679, "Actual Loops": 1, "Inner Unique": false, "Plans": [{"Node Type": "Index Scan", "Parent Relationship": "Outer", "Scan Direction": "Forward", "Index Name": "info_type_pkey", "Relation Name": "info_type", "Alias": "it1", "Startup Cost": 0.0, "Total Cost": 14.21, "Plan Rows": 1, "Plan Width": 4, "Actual Startup Time": 0.033, "Actual Total Time": 0.097, "Actual Rows": 1, "Actual Loops": 1, "Filter": "((info)::text = 'release dates'::text)", "Rows Removed by Filter": 111}, {"Node Type": "Index Scan", "Parent Relationship": "Inner", "Scan Direction": "Forward", "Index Name": "info_type_id_movie_info", "Relation Name": "movie_info", "Alias": "mi", "Startup Cost": 0.0, "Total Cost": 495683.52, "Plan Rows": 192, "Plan Width": 8, "Actual Startup Time": 0.03, "Actual Total Time": 1848.63, "Actual Rows": 10679, "Actual Loops": 1, "Index Cond": "(info_type_id = it1.id)", "Rows Removed by Index Recheck": 0, "Filter": "((note)::text ~~ '%internet%'::text)", "Rows Removed by Filter": 3026040}]}, {"Node Type": "Index Scan", "Parent Relationship": "Inner", "Scan Direction": "Forward", "Index Name": "title_pkey", "Relation Name": "title", "Alias": "t", "Startup Cost": 0.0, "Total Cost": 5.94, "Plan Rows": 1, "Plan Width": 21, "Actual Startup Time": 70.535, "Actual Total Time": 70.535, "Actual Rows": 10662, "Actual Loops": 10679, "Index Cond": "(id = mi.movie_id)", "Rows Removed by Index Recheck": 0, "Filter": "(production_year > 1990)", "Rows Removed by Filter": 17}]}, {"Node Type": "Index Scan", "Parent Relationship": "Inner", "Scan Direction": "Forward", "Index Name": "movie_id_movie_companies", "Relation Name": "movie_companies", "Alias": "mc", "Startup Cost": 0.0, "Total Cost": 0.35, "Plan Rows": 2, "Plan Width": 12, "Actual Startup Time": 59.163, "Actual Total Time": 72.328, "Actual Rows": 14377, "Actual Loops": 10662, "Index Cond": "(movie_id = t.id)", "Rows Removed by Index Recheck": 0}]}, {"Node Type": "Index Scan", "Parent Relationship": "Inner", "Scan Direction": "Forward", "Index Name": "company_name_pkey", "Relation Name": "company_name", "Alias": "cn", "Startup Cost": 0.0, "Total Cost": 0.28, "Plan Rows": 1, "Plan Width": 4, "Actual Startup Time": 79.769, "Actual Total Time": 79.769, "Actual Rows": 9857, "Actual Loops": 14377, "Index Cond": "(id = mc.company_id)", "Rows Removed by Index Recheck": 0, "Filter": "((country_code)::text = '[us]'::text)", "Rows Removed by Filter": 4520}]}, {"Node Type": "Index Only Scan", "Parent Relationship": "Inner", "Scan Direction": "Forward", "Index Name": "company_type_pkey", "Relation Name": "company_type", "Alias": "ct", "Startup Cost": 0.0, "Total Cost": 0.27, "Plan Rows": 1, "Plan Width": 4, "Actual Startup Time": 8.584, "Actual Total Time": 8.584, "Actual Rows": 5914, "Actual Loops": 9857, "Index Cond": "(id = mc.company_type_id)", "Rows Removed by Index Recheck": 0, "Heap Fetches": 0}]}, {"Node Type": "Index Scan", "Parent Relationship": "Inner", "Scan Direction": "Forward", "Index Name": "movie_id_movie_keyword", "Relation Name": "movie_keyword", "Alias": "mk", "Startup Cost": 0.0, "Total Cost": 0.46, "Plan Rows": 8, "Plan Width": 8, "Actual Startup Time": 31.578, "Actual Total Time": 38.028, "Actual Rows": 14161, "Actual Loops": 5914, "Index Cond": "(movie_id = mc.movie_id)", "Rows Removed by Index Recheck": 0}]}, {"Node Type": "Index Only Scan", "Parent Relationship": "Inner", "Scan Direction": "Forward", "Index Name": "keyword_pkey", "Relation Name": "keyword", "Alias": "k", "Startup Cost": 0.0, "Total Cost": 0.27, "Plan Rows": 1, "Plan Width": 4, "Actual Startup Time": 42.765, "Actual Total Time": 42.765, "Actual Rows": 14161, "Actual Loops": 14161, "Index Cond": "(id = mk.keyword_id)", "Rows Removed by Index Recheck": 0, "Heap Fetches": 0}]}, {"Node Type": "Index Scan", "Parent Relationship": "Inner", "Scan Direction": "Forward", "Index Name": "movie_id_aka_title", "Relation Name": "aka_title", "Alias": "at", "Startup Cost": 0.0, "Total Cost": 0.32, "Plan Rows": 3, "Plan Width": 25, "Actual Startup Time": 33.348, "Actual Total Time": 35.557, "Actual Rows": 4371, "Actual Loops": 14161, "Index Cond": "(movie_id = mk.movie_id)", "Rows Removed by Index Recheck": 0}]}]}, "Triggers": [], "Planner Runtime": 127, "Total Runtime": 2269.473, "Unique SQL Id": 2302223328}}, "(1, 90)": {"explain_plan": {"Plan": {"Node Type": "Aggregate", "Strategy": "Plain", "Startup Cost": 1582638.89, "Total Cost": 1582638.9, "Plan Rows": 1, "Plan Width": 102, "Plans": [{"Node Type": "Merge Join", "Parent Relationship": "Outer", "Join Type": "Inner", "Startup Cost": 1572023.8, "Total Cost": 1582603.68, "Plan Rows": 7042, "Plan Width": 38, "Inner Unique": false, "Merge Cond": "(t.id = at.movie_id)", "Plans": [{"Node Type": "Merge Join", "Parent Relationship": "Outer", "Join Type": "Inner", "Startup Cost": 1528758.65, "Total Cost": 1537527.15, "Plan Rows": 2257, "Plan Width": 33, "Inner Unique": true, "Merge Cond": "(mi.movie_id = t.id)", "Plans": [{"Node Type": "Sort", "Parent Relationship": "Outer", "Startup Cost": 1281031.61, "Total Cost": 1281035.69, "Plan Rows": 1629, "Plan Width": 12, "Sort Key": ["mc.movie_id"], "Plans": [{"Node Type": "Merge Join", "Parent Relationship": "Outer", "Join Type": "Inner", "Startup Cost": 1280249.77, "Total Cost": 1280944.71, "Plan Rows": 1629, "Plan Width": 12, "Inner Unique": true, "Merge Cond": "(mk.keyword_id = k.id)", "Plans": [{"Node Type": "Sort", "Parent Relationship": "Outer", "Startup Cost": 1266722.12, "Total Cost": 1266726.19, "Plan Rows": 1629, "Plan Width": 16, "Sort Key": ["mk.keyword_id"], "Plans": [{"Node Type": "Merge Join", "Parent Relationship": "Outer", "Join Type": "Inner", "Startup Cost": 1243998.27, "Total Cost": 1266635.21, "Plan Rows": 1629, "Plan Width": 16, "Inner Unique": false, "Merge Cond": "(mi.movie_id = mk.movie_id)", "Plans": [{"Node Type": "Sort", "Parent Relationship": "Outer", "Startup Cost": 681455.97, "Total Cost": 681456.48, "Plan Rows": 201, "Plan Width": 8, "Sort Key": ["mc.movie_id"], "Plans": [{"Node Type": "Merge Join", "Parent Relationship": "Outer", "Join Type": "Inner", "Startup Cost": 681443.94, "Total Cost": 681448.28, "Plan Rows": 201, "Plan Width": 8, "Inner Unique": false, "Merge Cond": "(ct.id = mc.company_type_id)", "Plans": [{"Node Type": "Sort", "Parent Relationship": "Outer", "Startup Cost": 1.05, "Total Cost": 1.06, "Plan Rows": 3, "Plan Width": 4, "Sort Key": ["ct.id"], "Plans": [{"Node Type": "Seq Scan", "Parent Relationship": "Outer", "Relation Name": "company_type", "Alias": "ct", "Startup Cost": 0.0, "Total Cost": 1.03, "Plan Rows": 3, "Plan Width": 4}]}, {"Node Type": "Sort", "Parent Relationship": "Inner", "Startup Cost": 681442.04, "Total Cost": 681442.9, "Plan Rows": 345, "Plan Width": 12, "Sort Key": ["mc.company_type_id"], "Plans": [{"Node Type": "Merge Join", "Parent Relationship": "Outer", "Join Type": "Inner", "Startup Cost": 680994.76, "Total Cost": 681427.5, "Plan Rows": 345, "Plan Width": 12, "Inner Unique": true, "Merge Cond": "(mc.company_id = cn.id)", "Plans": [{"Node Type": "Sort", "Parent Relationship": "Outer", "Startup Cost": 668116.66, "Total Cost": 668117.69, "Plan Rows": 410, "Plan Width": 16, "Sort Key": ["mc.company_id"], "Plans": [{"Node Type": "Merge Join", "Parent Relationship": "Outer", "Join Type": "Inner", "Startup Cost": 655048.37, "Total Cost": 668098.87, "Plan Rows": 410, "Plan Width": 16, "Inner Unique": false, "Merge Cond": "(mi.movie_id = mc.movie_id)", "Plans": [{"Node Type": "Sort", "Parent Relationship": "Outer", "Startup Cost": 335161.3, "Total Cost": 335161.78, "Plan Rows": 192, "Plan Width": 4, "Sort Key": ["mi.movie_id"], "Plans": [{"Node Type": "Merge Join", "Parent Relationship": "Outer", "Join Type": "Inner", "Startup Cost": 335088.64, "Total Cost": 335154.01, "Plan Rows": 192, "Plan Width": 4, "Inner Unique": false, "Merge Cond": "(it1.id = mi.info_type_id)", "Plans": [{"Node Type": "Sort", "Parent Relationship": "Outer", "Startup Cost": 2.41, "Total Cost": 2.42, "Plan Rows": 1, "Plan Width": 4, "Sort Key": ["it1.id"], "Plans": [{"Node Type": "Seq Scan", "Parent Relationship": "Outer", "Relation Name": "info_type", "Alias": "it1", "Startup Cost": 0.0, "Total Cost": 2.4, "Plan Rows": 1, "Plan Width": 4, "Filter": "((info)::text = 'release dates'::text)"}]}, {"Node Type": "Sort", "Parent Relationship": "Inner", "Startup Cost": 335082.58, "Total Cost": 335116.13, "Plan Rows": 13419, "Plan Width": 8, "Sort Key": ["mi.info_type_id"], "Plans": [{"Node Type": "Seq Scan", "Parent Relationship": "Outer", "Relation Name": "movie_info", "Alias": "mi", "Startup Cost": 0.0, "Total Cost": 334162.58, "Plan Rows": 13419, "Plan Width": 8, "Filter": "((note)::text ~~ '%internet%'::text)"}]}]}]}, {"Node Type": "Sort", "Parent Relationship": "Inner", "Startup Cost": 319886.87, "Total Cost": 326409.69, "Plan Rows": 2609128, "Plan Width": 12, "Sort Key": ["mc.movie_id"], "Plans": [{"Node Type": "Seq Scan", "Parent Relationship": "Outer", "Relation Name": "movie_companies", "Alias": "mc", "Startup Cost": 0.0, "Total Cost": 41817.28, "Plan Rows": 2609128, "Plan Width": 12}]}]}]}, {"Node Type": "Sort", "Parent Relationship": "Inner", "Startup Cost": 12878.05, "Total Cost": 13090.97, "Plan Rows": 85170, "Plan Width": 4, "Sort Key": ["cn.id"], "Plans": [{"Node Type": "Seq Scan", "Parent Relationship": "Outer", "Relation Name": "company_name", "Alias": "cn", "Startup Cost": 0.0, "Total Cost": 5903.45, "Plan Rows": 85170, "Plan Width": 4, "Filter": "((country_code)::text = '[us]'::text)"}]}]}]}]}]}, {"Node Type": "Sort", "Parent Relationship": "Inner", "Startup Cost": 562542.3, "Total Cost": 573852.12, "Plan Rows": 4523929, "Plan Width": 8, "Sort Key": ["mk.movie_id"], "Plans": [{"Node Type": "Seq Scan", "Parent Relationship": "Outer", "Relation Name": "movie_keyword", "Alias": "mk", "Startup Cost": 0.0, "Total Cost": 62441.29, "Plan Rows": 4523929, "Plan Width": 8}]}]}]}, {"Node Type": "Sort", "Parent Relationship": "Inner", "Startup Cost": 13527.66, "Total Cost": 13863.08, "Plan Rows": 134169, "Plan Width": 4, "Sort Key": ["k.id"], "Plans": [{"Node Type": "Seq Scan", "Parent Relationship": "Outer", "Relation Name": "keyword", "Alias": "k", "Startup Cost": 0.0, "Total Cost": 2100.69, "Plan Rows": 134169, "Plan Width": 4}]}]}]}, {"Node Type": "Sort", "Parent Relationship": "Inner", "Startup Cost": 247726.82, "Total Cost": 252098.92, "Plan Rows": 1748840, "Plan Width": 21, "Sort Key": ["t.id"], "Plans": [{"Node Type": "Seq Scan", "Parent Relationship": "Outer", "Relation Name": "title", "Alias": "t", "Startup Cost": 0.0, "Total Cost": 66389.89, "Plan Rows": 1748840, "Plan Width": 21, "Filter": "(production_year > 1990), (LLVM Optimized)"}]}]}, {"Node Type": "Sort", "Parent Relationship": "Inner", "Startup Cost": 43264.85, "Total Cost": 44168.52, "Plan Rows": 361471, "Plan Width": 25, "Sort Key": ["at.movie_id"], "Plans": [{"Node Type": "Seq Scan", "Parent Relationship": "Outer", "Relation Name": "aka_title", "Alias": "at", "Startup Cost": 0.0, "Total Cost": 9894.71, "Plan Rows": 361471, "Plan Width": 25}]}]}]}, "Unique SQL Id": 2302223328, "Planner Runtime": 132}, "explain_analyze_plan": null}, "(1, 91)": {"explain_plan": {"Plan": {"Node Type": "Aggregate", "Strategy": "Plain", "Startup Cost": 8997317402205.57, "Total Cost": 8997317402205.58, "Plan Rows": 1, "Plan Width": 102, "Plans": [{"Node Type": "Merge Join", "Parent Relationship": "Outer", "Join Type": "Inner", "Startup Cost": 7019218593156.84, "Total Cost": 8997317402170.36, "Plan Rows": 7042, "Plan Width": 38, "Inner Unique": false, "Merge Cond": "(t.id = at.movie_id)", "Plans": [{"Node Type": "Merge Join", "Parent Relationship": "Outer", "Join Type": "Inner", "Startup Cost": 7009051525476.6, "Total Cost": 7998336872625.42, "Plan Rows": 3874, "Plan Width": 33, "Inner Unique": true, "Merge Cond": "(mi.movie_id = t.id)", "Plans": [{"Node Type": "Sort", "Parent Relationship": "Outer", "Startup Cost": 6999026617244.55, "Total Cost": 6999026617251.54, "Plan Rows": 2796, "Plan Width": 12, "Sort Key": ["mc.movie_id"], "Plans": [{"Node Type": "Merge Join", "Parent Relationship": "Outer", "Join Type": "Inner", "Startup Cost": 6009026614697.1, "Total Cost": 6999026617084.49, "Plan Rows": 2796, "Plan Width": 12, "Inner Unique": true, "Merge Cond": "(mi.info_type_id = it1.id)", "Plans": [{"Node Type": "Sort", "Parent Relationship": "Outer", "Startup Cost": 5999026614643.88, "Total Cost": 5999026615132.74, "Plan Rows": 195542, "Plan Width": 16, "Sort Key": ["mi.info_type_id"], "Plans": [{"Node Type": "Merge Join", "Parent Relationship": "Outer", "Join Type": "Inner", "Startup Cost": 5009435509547.01, "Total Cost": 5999026597458.56, "Plan Rows": 195542, "Plan Width": 16, "Inner Unique": false, "Merge Cond": "(mi.movie_id = mk.movie_id)", "Plans": [{"Node Type": "Index Scan", "Parent Relationship": "Outer", "Scan Direction": "Forward", "Index Name": "movie_id_movie_info", "Relation Name": "movie_info", "Alias": "mi", "Startup Cost": 10000000000.0, "Total Cost": 1000107534403.72, "Plan Rows": 13419, "Plan Width": 8, "Filter": "((note)::text ~~ '%internet%'::text)"}, {"Node Type": "Sort", "Parent Relationship": "Inner", "Startup Cost": 4999361725544.15, "Total Cost": 4999361745339.09, "Plan Rows": 7917978, "Plan Width": 8, "Sort Key": ["mc.movie_id"], "Plans": [{"Node Type": "Merge Join", "Parent Relationship": "Outer", "Join Type": "Inner", "Startup Cost": 4009869626400.92, "Total Cost": 4999360818274.49, "Plan Rows": 7917978, "Plan Width": 8, "Inner Unique": false, "Merge Cond": "(k.id = mk.keyword_id)", "Plans": [{"Node Type": "Index Only Scan", "Parent Relationship": "Outer", "Scan Direction": "Forward", "Index Name": "keyword_pkey", "Relation Name": "keyword", "Alias": "k", "Startup Cost": 10000000000.0, "Total Cost": 1000000206078.5, "Plan Rows": 134169, "Plan Width": 4}, {"Node Type": "Sort", "Parent Relationship": "Inner", "Startup Cost": 3999869626400.92, "Total Cost": 3999869646595.25, "Plan Rows": 8077732, "Plan Width": 12, "Sort Key": ["mk.keyword_id"], "Plans": [{"Node Type": "Merge Join", "Parent Relationship": "Outer", "Join Type": "Inner", "Startup Cost": 3010010836043.82, "Total Cost": 3999868699662.16, "Plan Rows": 8077732, "Plan Width": 12, "Inner Unique": false, "Merge Cond": "(mc.movie_id = mk.movie_id)", "Plans": [{"Node Type": "Sort", "Parent Relationship": "Outer", "Startup Cost": 3000010836043.32, "Total Cost": 3000010839249.09, "Plan Rows": 1282311, "Plan Width": 4, "Sort Key": ["mc.movie_id"], "Plans": [{"Node Type": "Merge Join", "Parent Relationship": "Outer", "Join Type": "Inner", "Startup Cost": 2010009630069.18, "Total Cost": 3000010705950.85, "Plan Rows": 1282311, "Plan Width": 4, "Inner Unique": false, "Merge Cond": "(cn.id = mc.company_id)", "Plans": [{"Node Type": "Index Scan", "Parent Relationship": "Outer", "Scan Direction": "Forward", "Index Name": "company_name_pkey", "Relation Name": "company_name", "Alias": "cn", "Startup Cost": 10000000000.0, "Total Cost": 1000001050138.97, "Plan Rows": 85170, "Plan Width": 4, "Filter": "((country_code)::text = '[us]'::text)"}, {"Node Type": "Sort", "Parent Relationship": "Inner", "Startup Cost": 2000009629730.2, "Total Cost": 2000009636253.02, "Plan Rows": 2609128, "Plan Width": 8, "Sort Key": ["mc.company_id"], "Plans": [{"Node Type": "Merge Join", "Parent Relationship": "Outer", "Join Type": "Inner", "Startup Cost": 504554486367.56, "Total Cost": 2000009351660.61, "Plan Rows": 2609128, "Plan Width": 8, "Inner Unique": false, "Merge Cond": "(ct.id = mc.company_type_id)", "Plans": [{"Node Type": "Index Only Scan", "Parent Relationship": "Outer", "Scan Direction": "Forward", "Index Name": "company_type_pkey", "Relation Name": "company_type", "Alias": "ct", "Startup Cost": 10000000000.0, "Total Cost": 1000000000829.5, "Plan Rows": 3, "Plan Width": 4}, {"Node Type": "Index Scan", "Parent Relationship": "Inner", "Scan Direction": "Forward", "Index Name": "company_type_id_movie_companies", "Relation Name": "movie_companies", "Alias": "mc", "Startup Cost": 10000000000.0, "Total Cost": 1000009318217.0, "Plan Rows": 2609128, "Plan Width": 12}]}]}]}]}, {"Node Type": "Materialize", "Parent Relationship": "Inner", "Startup Cost": 10000000000.0, "Total Cost": 1000015311943.99, "Plan Rows": 4523929, "Plan Width": 8, "Plans": [{"Node Type": "Index Scan", "Parent Relationship": "Outer", "Scan Direction": "Forward", "Index Name": "movie_id_movie_keyword", "Relation Name": "movie_keyword", "Alias": "mk", "Startup Cost": 10000000000.0, "Total Cost": 1000015300634.17, "Plan Rows": 4523929, "Plan Width": 8}]}]}]}]}]}]}]}, {"Node Type": "Materialize", "Parent Relationship": "Inner", "Startup Cost": 10000000000.0, "Total Cost": 1000000001421.0, "Plan Rows": 1, "Plan Width": 4, "Plans": [{"Node Type": "Index Scan", "Parent Relationship": "Outer", "Scan Direction": "Forward", "Index Name": "info_type_pkey", "Relation Name": "info_type", "Alias": "it1", "Startup Cost": 10000000000.0, "Total Cost": 1000000001421.0, "Plan Rows": 1, "Plan Width": 4, "Filter": "((info)::text = 'release dates'::text)"}]}]}]}, {"Node Type": "Index Scan", "Parent Relationship": "Inner", "Scan Direction": "Forward", "Index Name": "title_pkey", "Relation Name": "title", "Alias": "t", "Startup Cost": 10000000000.0, "Total Cost": 1000011644126.66, "Plan Rows": 1748840, "Plan Width": 21, "Filter": "(production_year > 1990), (LLVM Optimized)"}]}, {"Node Type": "Index Scan", "Parent Relationship": "Inner", "Scan Direction": "Forward", "Index Name": "movie_id_aka_title", "Relation Name": "aka_title", "Alias": "at", "Startup Cost": 10000000000.0, "Total Cost": 1000001990001.13, "Plan Rows": 361471, "Plan Width": 25}]}]}, "Unique SQL Id": 2302223328, "Planner Runtime": 384}, "explain_analyze_plan": null}, "(1, 92)": {"explain_plan": {"Plan": {"Node Type": "Aggregate", "Strategy": "Plain", "Startup Cost": 341127.18, "Total Cost": 341127.19, "Plan Rows": 1, "Plan Width": 102, "Plans": [{"Node Type": "Nested Loop", "Parent Relationship": "Outer", "Join Type": "Inner", "Startup Cost": 0.0, "Total Cost": 341092.31, "Plan Rows": 6974, "Plan Width": 38, "Inner Unique": false, "Join Filter": "(t.id = at.movie_id)", "Plans": [{"Node Type": "Nested Loop", "Parent Relationship": "Outer", "Join Type": "Inner", "Startup Cost": 0.0, "Total Cost": 340293.69, "Plan Rows": 2257, "Plan Width": 33, "Inner Unique": true, "Plans": [{"Node Type": "Nested Loop", "Parent Relationship": "Outer", "Join Type": "Inner", "Startup Cost": 0.0, "Total Cost": 339660.19, "Plan Rows": 2257, "Plan Width": 37, "Inner Unique": false, "Join Filter": "(t.id = mk.movie_id)", "Plans": [{"Node Type": "Nested Loop", "Parent Relationship": "Outer", "Join Type": "Inner", "Startup Cost": 0.0, "Total Cost": 339503.84, "Plan Rows": 278, "Plan Width": 29, "Inner Unique": true, "Plans": [{"Node Type": "Nested Loop", "Parent Relationship": "Outer", "Join Type": "Inner", "Startup Cost": 0.0, "Total Cost": 339370.0, "Plan Rows": 478, "Plan Width": 33, "Inner Unique": true, "Plans": [{"Node Type": "Nested Loop", "Parent Relationship": "Outer", "Join Type": "Inner", "Startup Cost": 0.0, "Total Cost": 339206.61, "Plan Rows": 568, "Plan Width": 37, "Inner Unique": false, "Plans": [{"Node Type": "Nested Loop", "Parent Relationship": "Outer", "Join Type": "Inner", "Startup Cost": 0.0, "Total Cost": 339108.76, "Plan Rows": 266, "Plan Width": 25, "Inner Unique": true, "Plans": [{"Node Type": "Nested Loop", "Parent Relationship": "Outer", "Join Type": "Inner", "Startup Cost": 0.0, "Total Cost": 337965.44, "Plan Rows": 192, "Plan Width": 4, "Inner Unique": true, "Plans": [{"Node Type": "Seq Scan", "Parent Relationship": "Outer", "Relation Name": "movie_info", "Alias": "mi", "Startup Cost": 0.0, "Total Cost": 334162.58, "Plan Rows": 13419, "Plan Width": 8, "Filter": "((note)::text ~~ '%internet%'::text)"}, {"Node Type": "Index Scan", "Parent Relationship": "Inner", "Scan Direction": "Forward", "Index Name": "info_type_pkey", "Relation Name": "info_type", "Alias": "it1", "Startup Cost": 0.0, "Total Cost": 0.27, "Plan Rows": 1, "Plan Width": 4, "Index Cond": "(id = mi.info_type_id)", "Filter": "((info)::text = 'release dates'::text)"}]}, {"Node Type": "Index Scan", "Parent Relationship": "Inner", "Scan Direction": "Forward", "Index Name": "title_pkey", "Relation Name": "title", "Alias": "t", "Startup Cost": 0.0, "Total Cost": 5.94, "Plan Rows": 1, "Plan Width": 21, "Index Cond": "(id = mi.movie_id)", "Filter": "(production_year > 1990)"}]}, {"Node Type": "Index Scan", "Parent Relationship": "Inner", "Scan Direction": "Forward", "Index Name": "movie_id_movie_companies", "Relation Name": "movie_companies", "Alias": "mc", "Startup Cost": 0.0, "Total Cost": 0.35, "Plan Rows": 2, "Plan Width": 12, "Index Cond": "(movie_id = t.id)"}]}, {"Node Type": "Index Scan", "Parent Relationship": "Inner", "Scan Direction": "Forward", "Index Name": "company_name_pkey", "Relation Name": "company_name", "Alias": "cn", "Startup Cost": 0.0, "Total Cost": 0.28, "Plan Rows": 1, "Plan Width": 4, "Index Cond": "(id = mc.company_id)", "Filter": "((country_code)::text = '[us]'::text)"}]}, {"Node Type": "Index Scan", "Parent Relationship": "Inner", "Scan Direction": "Forward", "Index Name": "company_type_pkey", "Relation Name": "company_type", "Alias": "ct", "Startup Cost": 0.0, "Total Cost": 0.27, "Plan Rows": 1, "Plan Width": 4, "Index Cond": "(id = mc.company_type_id)"}]}, {"Node Type": "Index Scan", "Parent Relationship": "Inner", "Scan Direction": "Forward", "Index Name": "movie_id_movie_keyword", "Relation Name": "movie_keyword", "Alias": "mk", "Startup Cost": 0.0, "Total Cost": 0.46, "Plan Rows": 8, "Plan Width": 8, "Index Cond": "(movie_id = mc.movie_id)"}]}, {"Node Type": "Index Scan", "Parent Relationship": "Inner", "Scan Direction": "Forward", "Index Name": "keyword_pkey", "Relation Name": "keyword", "Alias": "k", "Startup Cost": 0.0, "Total Cost": 0.27, "Plan Rows": 1, "Plan Width": 4, "Index Cond": "(id = mk.keyword_id)"}]}, {"Node Type": "Index Scan", "Parent Relationship": "Inner", "Scan Direction": "Forward", "Index Name": "movie_id_aka_title", "Relation Name": "aka_title", "Alias": "at", "Startup Cost": 0.0, "Total Cost": 0.32, "Plan Rows": 3, "Plan Width": 25, "Index Cond": "(movie_id = mk.movie_id)"}]}]}, "Unique SQL Id": 2302223328, "Planner Runtime": 129}, "explain_analyze_plan": null}, "(1, 93)": {"explain_plan": {"Plan": {"Node Type": "Aggregate", "Strategy": "Plain", "Startup Cost": 498861.38, "Total Cost": 498861.39, "Plan Rows": 1, "Plan Width": 102, "Plans": [{"Node Type": "Nested Loop", "Parent Relationship": "Outer", "Join Type": "Inner", "Startup Cost": 0.0, "Total Cost": 498826.51, "Plan Rows": 6974, "Plan Width": 38, "Inner Unique": false, "Join Filter": "(t.id = at.movie_id)", "Plans": [{"Node Type": "Nested Loop", "Parent Relationship": "Outer", "Join Type": "Inner", "Startup Cost": 0.0, "Total Cost": 498027.89, "Plan Rows": 2257, "Plan Width": 33, "Inner Unique": true, "Plans": [{"Node Type": "Nested Loop", "Parent Relationship": "Outer", "Join Type": "Inner", "Startup Cost": 0.0, "Total Cost": 497394.39, "Plan Rows": 2257, "Plan Width": 37, "Inner Unique": false, "Join Filter": "(t.id = mk.movie_id)", "Plans": [{"Node Type": "Nested Loop", "Parent Relationship": "Outer", "Join Type": "Inner", "Startup Cost": 0.0, "Total Cost": 497238.04, "Plan Rows": 278, "Plan Width": 29, "Inner Unique": true, "Plans": [{"Node Type": "Nested Loop", "Parent Relationship": "Outer", "Join Type": "Inner", "Startup Cost": 0.0, "Total Cost": 497104.2, "Plan Rows": 478, "Plan Width": 33, "Inner Unique": true, "Plans": [{"Node Type": "Nested Loop", "Parent Relationship": "Outer", "Join Type": "Inner", "Startup Cost": 0.0, "Total Cost": 496940.81, "Plan Rows": 568, "Plan Width": 37, "Inner Unique": false, "Plans": [{"Node Type": "Nested Loop", "Parent Relationship": "Outer", "Join Type": "Inner", "Startup Cost": 0.0, "Total Cost": 496842.96, "Plan Rows": 266, "Plan Width": 25, "Inner Unique": true, "Plans": [{"Node Type": "Nested Loop", "Parent Relationship": "Outer", "Join Type": "Inner", "Startup Cost": 0.0, "Total Cost": 495699.65, "Plan Rows": 192, "Plan Width": 4, "Inner Unique": false, "Plans": [{"Node Type": "Index Scan", "Parent Relationship": "Outer", "Scan Direction": "Forward", "Index Name": "info_type_pkey", "Relation Name": "info_type", "Alias": "it1", "Startup Cost": 0.0, "Total Cost": 14.21, "Plan Rows": 1, "Plan Width": 4, "Filter": "((info)::text = 'release dates'::text)"}, {"Node Type": "Index Scan", "Parent Relationship": "Inner", "Scan Direction": "Forward", "Index Name": "info_type_id_movie_info", "Relation Name": "movie_info", "Alias": "mi", "Startup Cost": 0.0, "Total Cost": 495683.52, "Plan Rows": 192, "Plan Width": 8, "Index Cond": "(info_type_id = it1.id)", "Filter": "((note)::text ~~ '%internet%'::text)"}]}, {"Node Type": "Index Scan", "Parent Relationship": "Inner", "Scan Direction": "Forward", "Index Name": "title_pkey", "Relation Name": "title", "Alias": "t", "Startup Cost": 0.0, "Total Cost": 5.94, "Plan Rows": 1, "Plan Width": 21, "Index Cond": "(id = mi.movie_id)", "Filter": "(production_year > 1990)"}]}, {"Node Type": "Index Scan", "Parent Relationship": "Inner", "Scan Direction": "Forward", "Index Name": "movie_id_movie_companies", "Relation Name": "movie_companies", "Alias": "mc", "Startup Cost": 0.0, "Total Cost": 0.35, "Plan Rows": 2, "Plan Width": 12, "Index Cond": "(movie_id = t.id)"}]}, {"Node Type": "Index Scan", "Parent Relationship": "Inner", "Scan Direction": "Forward", "Index Name": "company_name_pkey", "Relation Name": "company_name", "Alias": "cn", "Startup Cost": 0.0, "Total Cost": 0.28, "Plan Rows": 1, "Plan Width": 4, "Index Cond": "(id = mc.company_id)", "Filter": "((country_code)::text = '[us]'::text)"}]}, {"Node Type": "Index Scan", "Parent Relationship": "Inner", "Scan Direction": "Forward", "Index Name": "company_type_pkey", "Relation Name": "company_type", "Alias": "ct", "Startup Cost": 0.0, "Total Cost": 0.27, "Plan Rows": 1, "Plan Width": 4, "Index Cond": "(id = mc.company_type_id)"}]}, {"Node Type": "Index Scan", "Parent Relationship": "Inner", "Scan Direction": "Forward", "Index Name": "movie_id_movie_keyword", "Relation Name": "movie_keyword", "Alias": "mk", "Startup Cost": 0.0, "Total Cost": 0.46, "Plan Rows": 8, "Plan Width": 8, "Index Cond": "(movie_id = mc.movie_id)"}]}, {"Node Type": "Index Scan", "Parent Relationship": "Inner", "Scan Direction": "Forward", "Index Name": "keyword_pkey", "Relation Name": "keyword", "Alias": "k", "Startup Cost": 0.0, "Total Cost": 0.27, "Plan Rows": 1, "Plan Width": 4, "Index Cond": "(id = mk.keyword_id)"}]}, {"Node Type": "Index Scan", "Parent Relationship": "Inner", "Scan Direction": "Forward", "Index Name": "movie_id_aka_title", "Relation Name": "aka_title", "Alias": "at", "Startup Cost": 0.0, "Total Cost": 0.32, "Plan Rows": 3, "Plan Width": 25, "Index Cond": "(movie_id = mk.movie_id)"}]}]}, "Unique SQL Id": 2302223328, "Planner Runtime": 127}, "explain_analyze_plan": {"Plan": {"Node Type": "Aggregate", "Strategy": "Plain", "Startup Cost": 498861.38, "Total Cost": 498861.39, "Plan Rows": 1, "Plan Width": 102, "Actual Startup Time": 2224.433, "Actual Total Time": 2224.433, "Actual Rows": 1, "Actual Loops": 1, "Plans": [{"Node Type": "Nested Loop", "Parent Relationship": "Outer", "Join Type": "Inner", "Startup Cost": 0.0, "Total Cost": 498826.51, "Plan Rows": 6974, "Plan Width": 38, "Actual Startup Time": 68.955, "Actual Total Time": 2221.607, "Actual Rows": 4371, "Actual Loops": 1, "Inner Unique": false, "Join Filter": "(t.id = at.movie_id)", "Rows Removed by Join Filter": 0, "Plans": [{"Node Type": "Nested Loop", "Parent Relationship": "Outer", "Join Type": "Inner", "Startup Cost": 0.0, "Total Cost": 498027.89, "Plan Rows": 2257, "Plan Width": 33, "Actual Startup Time": 0.223, "Actual Total Time": 2176.938, "Actual Rows": 14161, "Actual Loops": 1, "Inner Unique": true, "Plans": [{"Node Type": "Nested Loop", "Parent Relationship": "Outer", "Join Type": "Inner", "Startup Cost": 0.0, "Total Cost": 497394.39, "Plan Rows": 2257, "Plan Width": 37, "Actual Startup Time": 0.212, "Actual Total Time": 2106.493, "Actual Rows": 14161, "Actual Loops": 1, "Inner Unique": false, "Join Filter": "(t.id = mk.movie_id)", "Rows Removed by Join Filter": 0, "Plans": [{"Node Type": "Nested Loop", "Parent Relationship": "Outer", "Join Type": "Inner", "Startup Cost": 0.0, "Total Cost": 497238.04, "Plan Rows": 278, "Plan Width": 29, "Actual Startup Time": 0.2, "Actual Total Time": 2062.061, "Actual Rows": 5914, "Actual Loops": 1, "Inner Unique": true, "Plans": [{"Node Type": "Nested Loop", "Parent Relationship": "Outer", "Join Type": "Inner", "Startup Cost": 0.0, "Total Cost": 497104.2, "Plan Rows": 478, "Plan Width": 33, "Actual Startup Time": 0.096, "Actual Total Time": 2041.418, "Actual Rows": 9857, "Actual Loops": 1, "Inner Unique": true, "Plans": [{"Node Type": "Nested Loop", "Parent Relationship": "Outer", "Join Type": "Inner", "Startup Cost": 0.0, "Total Cost": 496940.81, "Plan Rows": 568, "Plan Width": 37, "Actual Startup Time": 0.081, "Actual Total Time": 1953.78, "Actual Rows": 14377, "Actual Loops": 1, "Inner Unique": false, "Plans": [{"Node Type": "Nested Loop", "Parent Relationship": "Outer", "Join Type": "Inner", "Startup Cost": 0.0, "Total Cost": 496842.96, "Plan Rows": 266, "Plan Width": 25, "Actual Startup Time": 0.071, "Actual Total Time": 1877.428, "Actual Rows": 10662, "Actual Loops": 1, "Inner Unique": true, "Plans": [{"Node Type": "Nested Loop", "Parent Relationship": "Outer", "Join Type": "Inner", "Startup Cost": 0.0, "Total Cost": 495699.65, "Plan Rows": 192, "Plan Width": 4, "Actual Startup Time": 0.056, "Actual Total Time": 1800.944, "Actual Rows": 10679, "Actual Loops": 1, "Inner Unique": false, "Plans": [{"Node Type": "Index Scan", "Parent Relationship": "Outer", "Scan Direction": "Forward", "Index Name": "info_type_pkey", "Relation Name": "info_type", "Alias": "it1", "Startup Cost": 0.0, "Total Cost": 14.21, "Plan Rows": 1, "Plan Width": 4, "Actual Startup Time": 0.028, "Actual Total Time": 0.086, "Actual Rows": 1, "Actual Loops": 1, "Filter": "((info)::text = 'release dates'::text)", "Rows Removed by Filter": 111}, {"Node Type": "Index Scan", "Parent Relationship": "Inner", "Scan Direction": "Forward", "Index Name": "info_type_id_movie_info", "Relation Name": "movie_info", "Alias": "mi", "Startup Cost": 0.0, "Total Cost": 495683.52, "Plan Rows": 192, "Plan Width": 8, "Actual Startup Time": 0.024, "Actual Total Time": 1798.185, "Actual Rows": 10679, "Actual Loops": 1, "Index Cond": "(info_type_id = it1.id)", "Rows Removed by Index Recheck": 0, "Filter": "((note)::text ~~ '%internet%'::text)", "Rows Removed by Filter": 3026040}]}, {"Node Type": "Index Scan", "Parent Relationship": "Inner", "Scan Direction": "Forward", "Index Name": "title_pkey", "Relation Name": "title", "Alias": "t", "Startup Cost": 0.0, "Total Cost": 5.94, "Plan Rows": 1, "Plan Width": 21, "Actual Startup Time": 65.751, "Actual Total Time": 65.751, "Actual Rows": 10662, "Actual Loops": 10679, "Index Cond": "(id = mi.movie_id)", "Rows Removed by Index Recheck": 0, "Filter": "(production_year > 1990)", "Rows Removed by Filter": 17}]}, {"Node Type": "Index Scan", "Parent Relationship": "Inner", "Scan Direction": "Forward", "Index Name": "movie_id_movie_companies", "Relation Name": "movie_companies", "Alias": "mc", "Startup Cost": 0.0, "Total Cost": 0.35, "Plan Rows": 2, "Plan Width": 12, "Actual Startup Time": 54.073, "Actual Total Time": 66.606, "Actual Rows": 14377, "Actual Loops": 10662, "Index Cond": "(movie_id = t.id)", "Rows Removed by Index Recheck": 0}]}, {"Node Type": "Index Scan", "Parent Relationship": "Inner", "Scan Direction": "Forward", "Index Name": "company_name_pkey", "Relation Name": "company_name", "Alias": "cn", "Startup Cost": 0.0, "Total Cost": 0.28, "Plan Rows": 1, "Plan Width": 4, "Actual Startup Time": 75.781, "Actual Total Time": 75.781, "Actual Rows": 9857, "Actual Loops": 14377, "Index Cond": "(id = mc.company_id)", "Rows Removed by Index Recheck": 0, "Filter": "((country_code)::text = '[us]'::text)", "Rows Removed by Filter": 4520}]}, {"Node Type": "Index Scan", "Parent Relationship": "Inner", "Scan Direction": "Forward", "Index Name": "company_type_pkey", "Relation Name": "company_type", "Alias": "ct", "Startup Cost": 0.0, "Total Cost": 0.27, "Plan Rows": 1, "Plan Width": 4, "Actual Startup Time": 12.64, "Actual Total Time": 12.64, "Actual Rows": 5914, "Actual Loops": 9857, "Index Cond": "(id = mc.company_type_id)", "Rows Removed by Index Recheck": 0}]}, {"Node Type": "Index Scan", "Parent Relationship": "Inner", "Scan Direction": "Forward", "Index Name": "movie_id_movie_keyword", "Relation Name": "movie_keyword", "Alias": "mk", "Startup Cost": 0.0, "Total Cost": 0.46, "Plan Rows": 8, "Plan Width": 8, "Actual Startup Time": 28.398, "Actual Total Time": 34.634, "Actual Rows": 14161, "Actual Loops": 5914, "Index Cond": "(movie_id = mc.movie_id)", "Rows Removed by Index Recheck": 0}]}, {"Node Type": "Index Scan", "Parent Relationship": "Inner", "Scan Direction": "Forward", "Index Name": "keyword_pkey", "Relation Name": "keyword", "Alias": "k", "Startup Cost": 0.0, "Total Cost": 0.27, "Plan Rows": 1, "Plan Width": 4, "Actual Startup Time": 59.167, "Actual Total Time": 59.167, "Actual Rows": 14161, "Actual Loops": 14161, "Index Cond": "(id = mk.keyword_id)", "Rows Removed by Index Recheck": 0}]}, {"Node Type": "Index Scan", "Parent Relationship": "Inner", "Scan Direction": "Forward", "Index Name": "movie_id_aka_title", "Relation Name": "aka_title", "Alias": "at", "Startup Cost": 0.0, "Total Cost": 0.32, "Plan Rows": 3, "Plan Width": 25, "Actual Startup Time": 33.114, "Actual Total Time": 35.473, "Actual Rows": 4371, "Actual Loops": 14161, "Index Cond": "(movie_id = mk.movie_id)", "Rows Removed by Index Recheck": 0}]}]}, "Triggers": [], "Planner Runtime": 127, "Total Runtime": 2224.947, "Unique SQL Id": 2302223328}}, "(1, 94)": {"explain_plan": {"Plan": {"Node Type": "Aggregate", "Strategy": "Plain", "Startup Cost": 1582638.89, "Total Cost": 1582638.9, "Plan Rows": 1, "Plan Width": 102, "Plans": [{"Node Type": "Merge Join", "Parent Relationship": "Outer", "Join Type": "Inner", "Startup Cost": 1572023.8, "Total Cost": 1582603.68, "Plan Rows": 7042, "Plan Width": 38, "Inner Unique": false, "Merge Cond": "(t.id = at.movie_id)", "Plans": [{"Node Type": "Merge Join", "Parent Relationship": "Outer", "Join Type": "Inner", "Startup Cost": 1528758.65, "Total Cost": 1537527.15, "Plan Rows": 2257, "Plan Width": 33, "Inner Unique": true, "Merge Cond": "(mi.movie_id = t.id)", "Plans": [{"Node Type": "Sort", "Parent Relationship": "Outer", "Startup Cost": 1281031.61, "Total Cost": 1281035.69, "Plan Rows": 1629, "Plan Width": 12, "Sort Key": ["mc.movie_id"], "Plans": [{"Node Type": "Merge Join", "Parent Relationship": "Outer", "Join Type": "Inner", "Startup Cost": 1280249.77, "Total Cost": 1280944.71, "Plan Rows": 1629, "Plan Width": 12, "Inner Unique": true, "Merge Cond": "(mk.keyword_id = k.id)", "Plans": [{"Node Type": "Sort", "Parent Relationship": "Outer", "Startup Cost": 1266722.12, "Total Cost": 1266726.19, "Plan Rows": 1629, "Plan Width": 16, "Sort Key": ["mk.keyword_id"], "Plans": [{"Node Type": "Merge Join", "Parent Relationship": "Outer", "Join Type": "Inner", "Startup Cost": 1243998.27, "Total Cost": 1266635.21, "Plan Rows": 1629, "Plan Width": 16, "Inner Unique": false, "Merge Cond": "(mi.movie_id = mk.movie_id)", "Plans": [{"Node Type": "Sort", "Parent Relationship": "Outer", "Startup Cost": 681455.97, "Total Cost": 681456.48, "Plan Rows": 201, "Plan Width": 8, "Sort Key": ["mc.movie_id"], "Plans": [{"Node Type": "Merge Join", "Parent Relationship": "Outer", "Join Type": "Inner", "Startup Cost": 681443.94, "Total Cost": 681448.28, "Plan Rows": 201, "Plan Width": 8, "Inner Unique": false, "Merge Cond": "(ct.id = mc.company_type_id)", "Plans": [{"Node Type": "Sort", "Parent Relationship": "Outer", "Startup Cost": 1.05, "Total Cost": 1.06, "Plan Rows": 3, "Plan Width": 4, "Sort Key": ["ct.id"], "Plans": [{"Node Type": "Seq Scan", "Parent Relationship": "Outer", "Relation Name": "company_type", "Alias": "ct", "Startup Cost": 0.0, "Total Cost": 1.03, "Plan Rows": 3, "Plan Width": 4}]}, {"Node Type": "Sort", "Parent Relationship": "Inner", "Startup Cost": 681442.04, "Total Cost": 681442.9, "Plan Rows": 345, "Plan Width": 12, "Sort Key": ["mc.company_type_id"], "Plans": [{"Node Type": "Merge Join", "Parent Relationship": "Outer", "Join Type": "Inner", "Startup Cost": 680994.76, "Total Cost": 681427.5, "Plan Rows": 345, "Plan Width": 12, "Inner Unique": true, "Merge Cond": "(mc.company_id = cn.id)", "Plans": [{"Node Type": "Sort", "Parent Relationship": "Outer", "Startup Cost": 668116.66, "Total Cost": 668117.69, "Plan Rows": 410, "Plan Width": 16, "Sort Key": ["mc.company_id"], "Plans": [{"Node Type": "Merge Join", "Parent Relationship": "Outer", "Join Type": "Inner", "Startup Cost": 655048.37, "Total Cost": 668098.87, "Plan Rows": 410, "Plan Width": 16, "Inner Unique": false, "Merge Cond": "(mi.movie_id = mc.movie_id)", "Plans": [{"Node Type": "Sort", "Parent Relationship": "Outer", "Startup Cost": 335161.3, "Total Cost": 335161.78, "Plan Rows": 192, "Plan Width": 4, "Sort Key": ["mi.movie_id"], "Plans": [{"Node Type": "Merge Join", "Parent Relationship": "Outer", "Join Type": "Inner", "Startup Cost": 335088.64, "Total Cost": 335154.01, "Plan Rows": 192, "Plan Width": 4, "Inner Unique": false, "Merge Cond": "(it1.id = mi.info_type_id)", "Plans": [{"Node Type": "Sort", "Parent Relationship": "Outer", "Startup Cost": 2.41, "Total Cost": 2.42, "Plan Rows": 1, "Plan Width": 4, "Sort Key": ["it1.id"], "Plans": [{"Node Type": "Seq Scan", "Parent Relationship": "Outer", "Relation Name": "info_type", "Alias": "it1", "Startup Cost": 0.0, "Total Cost": 2.4, "Plan Rows": 1, "Plan Width": 4, "Filter": "((info)::text = 'release dates'::text)"}]}, {"Node Type": "Sort", "Parent Relationship": "Inner", "Startup Cost": 335082.58, "Total Cost": 335116.13, "Plan Rows": 13419, "Plan Width": 8, "Sort Key": ["mi.info_type_id"], "Plans": [{"Node Type": "Seq Scan", "Parent Relationship": "Outer", "Relation Name": "movie_info", "Alias": "mi", "Startup Cost": 0.0, "Total Cost": 334162.58, "Plan Rows": 13419, "Plan Width": 8, "Filter": "((note)::text ~~ '%internet%'::text)"}]}]}]}, {"Node Type": "Sort", "Parent Relationship": "Inner", "Startup Cost": 319886.87, "Total Cost": 326409.69, "Plan Rows": 2609128, "Plan Width": 12, "Sort Key": ["mc.movie_id"], "Plans": [{"Node Type": "Seq Scan", "Parent Relationship": "Outer", "Relation Name": "movie_companies", "Alias": "mc", "Startup Cost": 0.0, "Total Cost": 41817.28, "Plan Rows": 2609128, "Plan Width": 12}]}]}]}, {"Node Type": "Sort", "Parent Relationship": "Inner", "Startup Cost": 12878.05, "Total Cost": 13090.97, "Plan Rows": 85170, "Plan Width": 4, "Sort Key": ["cn.id"], "Plans": [{"Node Type": "Seq Scan", "Parent Relationship": "Outer", "Relation Name": "company_name", "Alias": "cn", "Startup Cost": 0.0, "Total Cost": 5903.45, "Plan Rows": 85170, "Plan Width": 4, "Filter": "((country_code)::text = '[us]'::text)"}]}]}]}]}]}, {"Node Type": "Sort", "Parent Relationship": "Inner", "Startup Cost": 562542.3, "Total Cost": 573852.12, "Plan Rows": 4523929, "Plan Width": 8, "Sort Key": ["mk.movie_id"], "Plans": [{"Node Type": "Seq Scan", "Parent Relationship": "Outer", "Relation Name": "movie_keyword", "Alias": "mk", "Startup Cost": 0.0, "Total Cost": 62441.29, "Plan Rows": 4523929, "Plan Width": 8}]}]}]}, {"Node Type": "Sort", "Parent Relationship": "Inner", "Startup Cost": 13527.66, "Total Cost": 13863.08, "Plan Rows": 134169, "Plan Width": 4, "Sort Key": ["k.id"], "Plans": [{"Node Type": "Seq Scan", "Parent Relationship": "Outer", "Relation Name": "keyword", "Alias": "k", "Startup Cost": 0.0, "Total Cost": 2100.69, "Plan Rows": 134169, "Plan Width": 4}]}]}]}, {"Node Type": "Sort", "Parent Relationship": "Inner", "Startup Cost": 247726.82, "Total Cost": 252098.92, "Plan Rows": 1748840, "Plan Width": 21, "Sort Key": ["t.id"], "Plans": [{"Node Type": "Seq Scan", "Parent Relationship": "Outer", "Relation Name": "title", "Alias": "t", "Startup Cost": 0.0, "Total Cost": 66389.89, "Plan Rows": 1748840, "Plan Width": 21, "Filter": "(production_year > 1990), (LLVM Optimized)"}]}]}, {"Node Type": "Sort", "Parent Relationship": "Inner", "Startup Cost": 43264.85, "Total Cost": 44168.52, "Plan Rows": 361471, "Plan Width": 25, "Sort Key": ["at.movie_id"], "Plans": [{"Node Type": "Seq Scan", "Parent Relationship": "Outer", "Relation Name": "aka_title", "Alias": "at", "Startup Cost": 0.0, "Total Cost": 9894.71, "Plan Rows": 361471, "Plan Width": 25}]}]}]}, "Unique SQL Id": 2302223328, "Planner Runtime": 132}, "explain_analyze_plan": null}, "(1, 95)": {"explain_plan": {"Plan": {"Node Type": "Aggregate", "Strategy": "Plain", "Startup Cost": 8997317481216.06, "Total Cost": 8997317481216.07, "Plan Rows": 1, "Plan Width": 102, "Plans": [{"Node Type": "Merge Join", "Parent Relationship": "Outer", "Join Type": "Inner", "Startup Cost": 7019218672167.33, "Total Cost": 8997317481180.85, "Plan Rows": 7042, "Plan Width": 38, "Inner Unique": false, "Merge Cond": "(t.id = at.movie_id)", "Plans": [{"Node Type": "Merge Join", "Parent Relationship": "Outer", "Join Type": "Inner", "Startup Cost": 7009051604487.08, "Total Cost": 7998336951635.91, "Plan Rows": 3874, "Plan Width": 33, "Inner Unique": true, "Merge Cond": "(mi.movie_id = t.id)", "Plans": [{"Node Type": "Sort", "Parent Relationship": "Outer", "Startup Cost": 6999026696255.04, "Total Cost": 6999026696262.03, "Plan Rows": 2796, "Plan Width": 12, "Sort Key": ["mc.movie_id"], "Plans": [{"Node Type": "Merge Join", "Parent Relationship": "Outer", "Join Type": "Inner", "Startup Cost": 6009026693707.59, "Total Cost": 6999026696094.98, "Plan Rows": 2796, "Plan Width": 12, "Inner Unique": true, "Merge Cond": "(mi.info_type_id = it1.id)", "Plans": [{"Node Type": "Sort", "Parent Relationship": "Outer", "Startup Cost": 5999026693654.37, "Total Cost": 5999026694143.22, "Plan Rows": 195542, "Plan Width": 16, "Sort Key": ["mi.info_type_id"], "Plans": [{"Node Type": "Merge Join", "Parent Relationship": "Outer", "Join Type": "Inner", "Startup Cost": 5009435588557.5, "Total Cost": 5999026676469.04, "Plan Rows": 195542, "Plan Width": 16, "Inner Unique": false, "Merge Cond": "(mi.movie_id = mk.movie_id)", "Plans": [{"Node Type": "Index Scan", "Parent Relationship": "Outer", "Scan Direction": "Forward", "Index Name": "movie_id_movie_info", "Relation Name": "movie_info", "Alias": "mi", "Startup Cost": 10000000000.0, "Total Cost": 1000107534403.72, "Plan Rows": 13419, "Plan Width": 8, "Filter": "((note)::text ~~ '%internet%'::text)"}, {"Node Type": "Sort", "Parent Relationship": "Inner", "Startup Cost": 4999361804554.64, "Total Cost": 4999361824349.58, "Plan Rows": 7917978, "Plan Width": 8, "Sort Key": ["mc.movie_id"], "Plans": [{"Node Type": "Merge Join", "Parent Relationship": "Outer", "Join Type": "Inner", "Startup Cost": 4009869626800.92, "Total Cost": 4999360897284.98, "Plan Rows": 7917978, "Plan Width": 8, "Inner Unique": false, "Merge Cond": "(k.id = mk.keyword_id)", "Plans": [{"Node Type": "Index Scan", "Parent Relationship": "Outer", "Scan Direction": "Forward", "Index Name": "keyword_pkey", "Relation Name": "keyword", "Alias": "k", "Startup Cost": 10000000000.0, "Total Cost": 1000000284729.43, "Plan Rows": 134169, "Plan Width": 4}, {"Node Type": "Sort", "Parent Relationship": "Inner", "Startup Cost": 3999869626800.92, "Total Cost": 3999869646995.25, "Plan Rows": 8077732, "Plan Width": 12, "Sort Key": ["mk.keyword_id"], "Plans": [{"Node Type": "Merge Join", "Parent Relationship": "Outer", "Join Type": "Inner", "Startup Cost": 3010010836443.82, "Total Cost": 3999868700062.16, "Plan Rows": 8077732, "Plan Width": 12, "Inner Unique": false, "Merge Cond": "(mc.movie_id = mk.movie_id)", "Plans": [{"Node Type": "Sort", "Parent Relationship": "Outer", "Startup Cost": 3000010836443.32, "Total Cost": 3000010839649.09, "Plan Rows": 1282311, "Plan Width": 4, "Sort Key": ["mc.movie_id"], "Plans": [{"Node Type": "Merge Join", "Parent Relationship": "Outer", "Join Type": "Inner", "Startup Cost": 2010009630469.18, "Total Cost": 3000010706350.85, "Plan Rows": 1282311, "Plan Width": 4, "Inner Unique": false, "Merge Cond": "(cn.id = mc.company_id)", "Plans": [{"Node Type": "Index Scan", "Parent Relationship": "Outer", "Scan Direction": "Forward", "Index Name": "company_name_pkey", "Relation Name": "company_name", "Alias": "cn", "Startup Cost": 10000000000.0, "Total Cost": 1000001050138.97, "Plan Rows": 85170, "Plan Width": 4, "Filter": "((country_code)::text = '[us]'::text)"}, {"Node Type": "Sort", "Parent Relationship": "Inner", "Startup Cost": 2000009630130.2, "Total Cost": 2000009636653.02, "Plan Rows": 2609128, "Plan Width": 8, "Sort Key": ["mc.company_id"], "Plans": [{"Node Type": "Merge Join", "Parent Relationship": "Outer", "Join Type": "Inner", "Startup Cost": 504554486367.56, "Total Cost": 2000009352060.61, "Plan Rows": 2609128, "Plan Width": 8, "Inner Unique": false, "Merge Cond": "(ct.id = mc.company_type_id)", "Plans": [{"Node Type": "Index Scan", "Parent Relationship": "Outer", "Scan Direction": "Forward", "Index Name": "company_type_pkey", "Relation Name": "company_type", "Alias": "ct", "Startup Cost": 10000000000.0, "Total Cost": 1000000001229.5, "Plan Rows": 3, "Plan Width": 4}, {"Node Type": "Index Scan", "Parent Relationship": "Inner", "Scan Direction": "Forward", "Index Name": "company_type_id_movie_companies", "Relation Name": "movie_companies", "Alias": "mc", "Startup Cost": 10000000000.0, "Total Cost": 1000009318217.0, "Plan Rows": 2609128, "Plan Width": 12}]}]}]}]}, {"Node Type": "Materialize", "Parent Relationship": "Inner", "Startup Cost": 10000000000.0, "Total Cost": 1000015311943.99, "Plan Rows": 4523929, "Plan Width": 8, "Plans": [{"Node Type": "Index Scan", "Parent Relationship": "Outer", "Scan Direction": "Forward", "Index Name": "movie_id_movie_keyword", "Relation Name": "movie_keyword", "Alias": "mk", "Startup Cost": 10000000000.0, "Total Cost": 1000015300634.17, "Plan Rows": 4523929, "Plan Width": 8}]}]}]}]}]}]}]}, {"Node Type": "Materialize", "Parent Relationship": "Inner", "Startup Cost": 10000000000.0, "Total Cost": 1000000001421.0, "Plan Rows": 1, "Plan Width": 4, "Plans": [{"Node Type": "Index Scan", "Parent Relationship": "Outer", "Scan Direction": "Forward", "Index Name": "info_type_pkey", "Relation Name": "info_type", "Alias": "it1", "Startup Cost": 10000000000.0, "Total Cost": 1000000001421.0, "Plan Rows": 1, "Plan Width": 4, "Filter": "((info)::text = 'release dates'::text)"}]}]}]}, {"Node Type": "Index Scan", "Parent Relationship": "Inner", "Scan Direction": "Forward", "Index Name": "title_pkey", "Relation Name": "title", "Alias": "t", "Startup Cost": 10000000000.0, "Total Cost": 1000011644126.66, "Plan Rows": 1748840, "Plan Width": 21, "Filter": "(production_year > 1990), (LLVM Optimized)"}]}, {"Node Type": "Index Scan", "Parent Relationship": "Inner", "Scan Direction": "Forward", "Index Name": "movie_id_aka_title", "Relation Name": "aka_title", "Alias": "at", "Startup Cost": 10000000000.0, "Total Cost": 1000001990001.13, "Plan Rows": 361471, "Plan Width": 25}]}]}, "Unique SQL Id": 2302223328, "Planner Runtime": 382}, "explain_analyze_plan": null}, "(1, 96)": {"explain_plan": {"Plan": {"Node Type": "Aggregate", "Strategy": "Plain", "Startup Cost": 167847.29, "Total Cost": 167847.3, "Plan Rows": 1, "Plan Width": 102, "Plans": [{"Node Type": "Nested Loop", "Parent Relationship": "Outer", "Join Type": "Inner", "Startup Cost": 4841.51, "Total Cost": 167812.77, "Plan Rows": 6905, "Plan Width": 38, "Inner Unique": true, "Plans": [{"Node Type": "Nested Loop", "Parent Relationship": "Outer", "Join Type": "Inner", "Startup Cost": 4841.51, "Total Cost": 165840.93, "Plan Rows": 7042, "Plan Width": 42, "Inner Unique": false, "Join Filter": "(t.id = mk.movie_id)", "Plans": [{"Node Type": "Nested Loop", "Parent Relationship": "Outer", "Join Type": "Inner", "Startup Cost": 4841.51, "Total Cost": 165349.96, "Plan Rows": 873, "Plan Width": 54, "Inner Unique": true, "Join Filter": "(at.movie_id = t.id)", "Plans": [{"Node Type": "Nested Loop", "Parent Relationship": "Outer", "Join Type": "Inner", "Startup Cost": 4841.51, "Total Cost": 165127.87, "Plan Rows": 630, "Plan Width": 33, "Inner Unique": true, "Plans": [{"Node Type": "Nested Loop", "Parent Relationship": "Outer", "Join Type": "Inner", "Startup Cost": 4841.51, "Total Cost": 164951.47, "Plan Rows": 630, "Plan Width": 37, "Inner Unique": true, "Plans": [{"Node Type": "Nested Loop", "Parent Relationship": "Outer", "Join Type": "Inner", "Startup Cost": 4841.51, "Total Cost": 164648.85, "Plan Rows": 1052, "Plan Width": 41, "Inner Unique": false, "Plans": [{"Node Type": "Nested Loop", "Parent Relationship": "Outer", "Join Type": "Inner", "Startup Cost": 4841.51, "Total Cost": 164359.77, "Plan Rows": 490, "Plan Width": 29, "Inner Unique": false, "Plans": [{"Node Type": "Nested Loop", "Parent Relationship": "Outer", "Join Type": "Inner", "Startup Cost": 4841.51, "Total Cost": 163884.08, "Plan Rows": 192, "Plan Width": 4, "Inner Unique": false, "Plans": [{"Node Type": "Seq Scan", "Parent Relationship": "Outer", "Relation Name": "info_type", "Alias": "it1", "Startup Cost": 0.0, "Total Cost": 2.4, "Plan Rows": 1, "Plan Width": 4, "Filter": "((info)::text = 'release dates'::text)"}, {"Node Type": "Bitmap Heap Scan", "Parent Relationship": "Inner", "Relation Name": "movie_info", "Alias": "mi", "Startup Cost": 4841.51, "Total Cost": 163879.76, "Plan Rows": 192, "Plan Width": 8, "Recheck Cond": "(info_type_id = it1.id)", "Filter": "((note)::text ~~ '%internet%'::text)", "Plans": [{"Node Type": "Bitmap Index Scan", "Parent Relationship": "Outer", "Index Name": "info_type_id_movie_info", "Startup Cost": 0.0, "Total Cost": 4841.46, "Plan Rows": 212428, "Plan Width": 0, "Index Cond": "(info_type_id = it1.id)"}]}]}, {"Node Type": "Index Scan", "Parent Relationship": "Inner", "Scan Direction": "Forward", "Index Name": "movie_id_aka_title", "Relation Name": "aka_title", "Alias": "at", "Startup Cost": 0.0, "Total Cost": 2.45, "Plan Rows": 3, "Plan Width": 25, "Index Cond": "(movie_id = mi.movie_id)"}]}, {"Node Type": "Index Scan", "Parent Relationship": "Inner", "Scan Direction": "Forward", "Index Name": "movie_id_movie_companies", "Relation Name": "movie_companies", "Alias": "mc", "Startup Cost": 0.0, "Total Cost": 0.57, "Plan Rows": 2, "Plan Width": 12, "Index Cond": "(movie_id = at.movie_id)"}]}, {"Node Type": "Index Scan", "Parent Relationship": "Inner", "Scan Direction": "Forward", "Index Name": "company_name_pkey", "Relation Name": "company_name", "Alias": "cn", "Startup Cost": 0.0, "Total Cost": 0.28, "Plan Rows": 1, "Plan Width": 4, "Index Cond": "(id = mc.company_id)", "Filter": "((country_code)::text = '[us]'::text)"}]}, {"Node Type": "Index Only Scan", "Parent Relationship": "Inner", "Scan Direction": "Forward", "Index Name": "company_type_pkey", "Relation Name": "company_type", "Alias": "ct", "Startup Cost": 0.0, "Total Cost": 0.27, "Plan Rows": 1, "Plan Width": 4, "Index Cond": "(id = mc.company_type_id)"}]}, {"Node Type": "Index Scan", "Parent Relationship": "Inner", "Scan Direction": "Forward", "Index Name": "title_pkey", "Relation Name": "title", "Alias": "t", "Startup Cost": 0.0, "Total Cost": 0.34, "Plan Rows": 1, "Plan Width": 21, "Index Cond": "(id = mc.movie_id)", "Filter": "(production_year > 1990)"}]}, {"Node Type": "Index Scan", "Parent Relationship": "Inner", "Scan Direction": "Forward", "Index Name": "movie_id_movie_keyword", "Relation Name": "movie_keyword", "Alias": "mk", "Startup Cost": 0.0, "Total Cost": 0.46, "Plan Rows": 8, "Plan Width": 8, "Index Cond": "(movie_id = mc.movie_id)"}]}, {"Node Type": "Index Only Scan", "Parent Relationship": "Inner", "Scan Direction": "Forward", "Index Name": "keyword_pkey", "Relation Name": "keyword", "Alias": "k", "Startup Cost": 0.0, "Total Cost": 0.27, "Plan Rows": 1, "Plan Width": 4, "Index Cond": "(id = mk.keyword_id)"}]}]}, "Unique SQL Id": 2302223328, "Planner Runtime": 63}, "explain_analyze_plan": {"Plan": {"Node Type": "Aggregate", "Strategy": "Plain", "Startup Cost": 167847.29, "Total Cost": 167847.3, "Plan Rows": 1, "Plan Width": 102, "Actual Startup Time": 1534.428, "Actual Total Time": 1534.428, "Actual Rows": 1, "Actual Loops": 1, "Plans": [{"Node Type": "Nested Loop", "Parent Relationship": "Outer", "Join Type": "Inner", "Startup Cost": 4841.51, "Total Cost": 167812.77, "Plan Rows": 6905, "Plan Width": 38, "Actual Startup Time": 410.16, "Actual Total Time": 1531.457, "Actual Rows": 4371, "Actual Loops": 1, "Inner Unique": true, "Plans": [{"Node Type": "Nested Loop", "Parent Relationship": "Outer", "Join Type": "Inner", "Startup Cost": 4841.51, "Total Cost": 165840.93, "Plan Rows": 7042, "Plan Width": 42, "Actual Startup Time": 410.146, "Actual Total Time": 1517.143, "Actual Rows": 4371, "Actual Loops": 1, "Inner Unique": false, "Join Filter": "(t.id = mk.movie_id)", "Rows Removed by Join Filter": 0, "Plans": [{"Node Type": "Nested Loop", "Parent Relationship": "Outer", "Join Type": "Inner", "Startup Cost": 4841.51, "Total Cost": 165349.96, "Plan Rows": 873, "Plan Width": 54, "Actual Startup Time": 385.714, "Actual Total Time": 1510.896, "Actual Rows": 382, "Actual Loops": 1, "Inner Unique": true, "Join Filter": "(at.movie_id = t.id)", "Rows Removed by Join Filter": 0, "Plans": [{"Node Type": "Nested Loop", "Parent Relationship": "Outer", "Join Type": "Inner", "Startup Cost": 4841.51, "Total Cost": 165127.87, "Plan Rows": 630, "Plan Width": 33, "Actual Startup Time": 385.689, "Actual Total Time": 1508.142, "Actual Rows": 382, "Actual Loops": 1, "Inner Unique": true, "Plans": [{"Node Type": "Nested Loop", "Parent Relationship": "Outer", "Join Type": "Inner", "Startup Cost": 4841.51, "Total Cost": 164951.47, "Plan Rows": 630, "Plan Width": 37, "Actual Startup Time": 381.016, "Actual Total Time": 1506.406, "Actual Rows": 896, "Actual Loops": 1, "Inner Unique": true, "Plans": [{"Node Type": "Nested Loop", "Parent Relationship": "Outer", "Join Type": "Inner", "Startup Cost": 4841.51, "Total Cost": 164648.85, "Plan Rows": 1052, "Plan Width": 41, "Actual Startup Time": 380.993, "Actual Total Time": 1494.958, "Actual Rows": 2130, "Actual Loops": 1, "Inner Unique": false, "Plans": [{"Node Type": "Nested Loop", "Parent Relationship": "Outer", "Join Type": "Inner", "Startup Cost": 4841.51, "Total Cost": 164359.77, "Plan Rows": 490, "Plan Width": 29, "Actual Startup Time": 377.784, "Actual Total Time": 1489.197, "Actual Rows": 591, "Actual Loops": 1, "Inner Unique": false, "Plans": [{"Node Type": "Nested Loop", "Parent Relationship": "Outer", "Join Type": "Inner", "Startup Cost": 4841.51, "Total Cost": 163884.08, "Plan Rows": 192, "Plan Width": 4, "Actual Startup Time": 377.346, "Actual Total Time": 1455.964, "Actual Rows": 10679, "Actual Loops": 1, "Inner Unique": false, "Plans": [{"Node Type": "Seq Scan", "Parent Relationship": "Outer", "Relation Name": "info_type", "Alias": "it1", "Startup Cost": 0.0, "Total Cost": 2.4, "Plan Rows": 1, "Plan Width": 4, "Actual Startup Time": 0.052, "Actual Total Time": 0.086, "Actual Rows": 1, "Actual Loops": 1, "Filter": "((info)::text = 'release dates'::text)", "Rows Removed by Filter": 111}, {"Node Type": "Bitmap Heap Scan", "Parent Relationship": "Inner", "Relation Name": "movie_info", "Alias": "mi", "Startup Cost": 4841.51, "Total Cost": 163879.76, "Plan Rows": 192, "Plan Width": 8, "Actual Startup Time": 377.284, "Actual Total Time": 1453.295, "Actual Rows": 10679, "Actual Loops": 1, "Recheck Cond": "(info_type_id = it1.id)", "Rows Removed by Index Recheck": 0, "Filter": "((note)::text ~~ '%internet%'::text)", "Rows Removed by Filter": 3026040, "Exact Heap Blocks": 21947, "Lossy Heap Blocks": 21947, "Plans": [{"Node Type": "Bitmap Index Scan", "Parent Relationship": "Outer", "Index Name": "info_type_id_movie_info", "Startup Cost": 0.0, "Total Cost": 4841.46, "Plan Rows": 212428, "Plan Width": 0, "Actual Startup Time": 372.328, "Actual Total Time": 372.328, "Actual Rows": 3036719, "Actual Loops": 1, "Index Cond": "(info_type_id = it1.id)"}]}]}, {"Node Type": "Index Scan", "Parent Relationship": "Inner", "Scan Direction": "Forward", "Index Name": "movie_id_aka_title", "Relation Name": "aka_title", "Alias": "at", "Startup Cost": 0.0, "Total Cost": 2.45, "Plan Rows": 3, "Plan Width": 25, "Actual Startup Time": 26.716, "Actual Total Time": 27.228, "Actual Rows": 591, "Actual Loops": 10679, "Index Cond": "(movie_id = mi.movie_id)", "Rows Removed by Index Recheck": 0}]}, {"Node Type": "Index Scan", "Parent Relationship": "Inner", "Scan Direction": "Forward", "Index Name": "movie_id_movie_companies", "Relation Name": "movie_companies", "Alias": "mc", "Startup Cost": 0.0, "Total Cost": 0.57, "Plan Rows": 2, "Plan Width": 12, "Actual Startup Time": 3.159, "Actual Total Time": 4.616, "Actual Rows": 2130, "Actual Loops": 591, "Index Cond": "(movie_id = at.movie_id)", "Rows Removed by Index Recheck": 0}]}, {"Node Type": "Index Scan", "Parent Relationship": "Inner", "Scan Direction": "Forward", "Index Name": "company_name_pkey", "Relation Name": "company_name", "Alias": "cn", "Startup Cost": 0.0, "Total Cost": 0.28, "Plan Rows": 1, "Plan Width": 4, "Actual Startup Time": 9.781, "Actual Total Time": 9.781, "Actual Rows": 896, "Actual Loops": 2130, "Index Cond": "(id = mc.company_id)", "Rows Removed by Index Recheck": 0, "Filter": "((country_code)::text = '[us]'::text)", "Rows Removed by Filter": 1234}]}, {"Node Type": "Index Only Scan", "Parent Relationship": "Inner", "Scan Direction": "Forward", "Index Name": "company_type_pkey", "Relation Name": "company_type", "Alias": "ct", "Startup Cost": 0.0, "Total Cost": 0.27, "Plan Rows": 1, "Plan Width": 4, "Actual Startup Time": 0.923, "Actual Total Time": 0.923, "Actual Rows": 382, "Actual Loops": 896, "Index Cond": "(id = mc.company_type_id)", "Rows Removed by Index Recheck": 0, "Heap Fetches": 0}]}, {"Node Type": "Index Scan", "Parent Relationship": "Inner", "Scan Direction": "Forward", "Index Name": "title_pkey", "Relation Name": "title", "Alias": "t", "Startup Cost": 0.0, "Total Cost": 0.34, "Plan Rows": 1, "Plan Width": 21, "Actual Startup Time": 2.025, "Actual Total Time": 2.025, "Actual Rows": 382, "Actual Loops": 382, "Index Cond": "(id = mc.movie_id)", "Rows Removed by Index Recheck": 0, "Filter": "(production_year > 1990)", "Rows Removed by Filter": 0}]}, {"Node Type": "Index Scan", "Parent Relationship": "Inner", "Scan Direction": "Forward", "Index Name": "movie_id_movie_keyword", "Relation Name": "movie_keyword", "Alias": "mk", "Startup Cost": 0.0, "Total Cost": 0.46, "Plan Rows": 8, "Plan Width": 8, "Actual Startup Time": 2.076, "Actual Total Time": 4.237, "Actual Rows": 4371, "Actual Loops": 382, "Index Cond": "(movie_id = mc.movie_id)", "Rows Removed by Index Recheck": 0}]}, {"Node Type": "Index Only Scan", "Parent Relationship": "Inner", "Scan Direction": "Forward", "Index Name": "keyword_pkey", "Relation Name": "keyword", "Alias": "k", "Startup Cost": 0.0, "Total Cost": 0.27, "Plan Rows": 1, "Plan Width": 4, "Actual Startup Time": 11.289, "Actual Total Time": 11.289, "Actual Rows": 4371, "Actual Loops": 4371, "Index Cond": "(id = mk.keyword_id)", "Rows Removed by Index Recheck": 0, "Heap Fetches": 0}]}]}, "Triggers": [], "Planner Runtime": 63, "Total Runtime": 1534.953, "Unique SQL Id": 2302223328}}, "(1, 97)": {"explain_plan": {"Plan": {"Node Type": "Aggregate", "Strategy": "Plain", "Startup Cost": 167859.1, "Total Cost": 167859.11, "Plan Rows": 1, "Plan Width": 102, "Plans": [{"Node Type": "Nested Loop", "Parent Relationship": "Outer", "Join Type": "Inner", "Startup Cost": 4841.51, "Total Cost": 167824.58, "Plan Rows": 6905, "Plan Width": 38, "Inner Unique": true, "Plans": [{"Node Type": "Nested Loop", "Parent Relationship": "Outer", "Join Type": "Inner", "Startup Cost": 4841.51, "Total Cost": 165852.74, "Plan Rows": 7042, "Plan Width": 42, "Inner Unique": false, "Join Filter": "(t.id = mk.movie_id)", "Plans": [{"Node Type": "Nested Loop", "Parent Relationship": "Outer", "Join Type": "Inner", "Startup Cost": 4841.51, "Total Cost": 165361.77, "Plan Rows": 873, "Plan Width": 54, "Inner Unique": true, "Join Filter": "(at.movie_id = t.id)", "Plans": [{"Node Type": "Nested Loop", "Parent Relationship": "Outer", "Join Type": "Inner", "Startup Cost": 4841.51, "Total Cost": 165139.68, "Plan Rows": 630, "Plan Width": 33, "Inner Unique": true, "Plans": [{"Node Type": "Nested Loop", "Parent Relationship": "Outer", "Join Type": "Inner", "Startup Cost": 4841.51, "Total Cost": 164963.28, "Plan Rows": 630, "Plan Width": 37, "Inner Unique": true, "Plans": [{"Node Type": "Nested Loop", "Parent Relationship": "Outer", "Join Type": "Inner", "Startup Cost": 4841.51, "Total Cost": 164660.66, "Plan Rows": 1052, "Plan Width": 41, "Inner Unique": false, "Plans": [{"Node Type": "Nested Loop", "Parent Relationship": "Outer", "Join Type": "Inner", "Startup Cost": 4841.51, "Total Cost": 164371.58, "Plan Rows": 490, "Plan Width": 29, "Inner Unique": false, "Plans": [{"Node Type": "Nested Loop", "Parent Relationship": "Outer", "Join Type": "Inner", "Startup Cost": 4841.51, "Total Cost": 163895.89, "Plan Rows": 192, "Plan Width": 4, "Inner Unique": false, "Plans": [{"Node Type": "Index Scan", "Parent Relationship": "Outer", "Scan Direction": "Forward", "Index Name": "info_type_pkey", "Relation Name": "info_type", "Alias": "it1", "Startup Cost": 0.0, "Total Cost": 14.21, "Plan Rows": 1, "Plan Width": 4, "Filter": "((info)::text = 'release dates'::text)"}, {"Node Type": "Bitmap Heap Scan", "Parent Relationship": "Inner", "Relation Name": "movie_info", "Alias": "mi", "Startup Cost": 4841.51, "Total Cost": 163879.76, "Plan Rows": 192, "Plan Width": 8, "Recheck Cond": "(info_type_id = it1.id)", "Filter": "((note)::text ~~ '%internet%'::text)", "Plans": [{"Node Type": "Bitmap Index Scan", "Parent Relationship": "Outer", "Index Name": "info_type_id_movie_info", "Startup Cost": 0.0, "Total Cost": 4841.46, "Plan Rows": 212428, "Plan Width": 0, "Index Cond": "(info_type_id = it1.id)"}]}]}, {"Node Type": "Index Scan", "Parent Relationship": "Inner", "Scan Direction": "Forward", "Index Name": "movie_id_aka_title", "Relation Name": "aka_title", "Alias": "at", "Startup Cost": 0.0, "Total Cost": 2.45, "Plan Rows": 3, "Plan Width": 25, "Index Cond": "(movie_id = mi.movie_id)"}]}, {"Node Type": "Index Scan", "Parent Relationship": "Inner", "Scan Direction": "Forward", "Index Name": "movie_id_movie_companies", "Relation Name": "movie_companies", "Alias": "mc", "Startup Cost": 0.0, "Total Cost": 0.57, "Plan Rows": 2, "Plan Width": 12, "Index Cond": "(movie_id = at.movie_id)"}]}, {"Node Type": "Index Scan", "Parent Relationship": "Inner", "Scan Direction": "Forward", "Index Name": "company_name_pkey", "Relation Name": "company_name", "Alias": "cn", "Startup Cost": 0.0, "Total Cost": 0.28, "Plan Rows": 1, "Plan Width": 4, "Index Cond": "(id = mc.company_id)", "Filter": "((country_code)::text = '[us]'::text)"}]}, {"Node Type": "Index Only Scan", "Parent Relationship": "Inner", "Scan Direction": "Forward", "Index Name": "company_type_pkey", "Relation Name": "company_type", "Alias": "ct", "Startup Cost": 0.0, "Total Cost": 0.27, "Plan Rows": 1, "Plan Width": 4, "Index Cond": "(id = mc.company_type_id)"}]}, {"Node Type": "Index Scan", "Parent Relationship": "Inner", "Scan Direction": "Forward", "Index Name": "title_pkey", "Relation Name": "title", "Alias": "t", "Startup Cost": 0.0, "Total Cost": 0.34, "Plan Rows": 1, "Plan Width": 21, "Index Cond": "(id = mc.movie_id)", "Filter": "(production_year > 1990)"}]}, {"Node Type": "Index Scan", "Parent Relationship": "Inner", "Scan Direction": "Forward", "Index Name": "movie_id_movie_keyword", "Relation Name": "movie_keyword", "Alias": "mk", "Startup Cost": 0.0, "Total Cost": 0.46, "Plan Rows": 8, "Plan Width": 8, "Index Cond": "(movie_id = mc.movie_id)"}]}, {"Node Type": "Index Only Scan", "Parent Relationship": "Inner", "Scan Direction": "Forward", "Index Name": "keyword_pkey", "Relation Name": "keyword", "Alias": "k", "Startup Cost": 0.0, "Total Cost": 0.27, "Plan Rows": 1, "Plan Width": 4, "Index Cond": "(id = mk.keyword_id)"}]}]}, "Unique SQL Id": 2302223328, "Planner Runtime": 57}, "explain_analyze_plan": {"Plan": {"Node Type": "Aggregate", "Strategy": "Plain", "Startup Cost": 167859.1, "Total Cost": 167859.11, "Plan Rows": 1, "Plan Width": 102, "Actual Startup Time": 1582.309, "Actual Total Time": 1582.31, "Actual Rows": 1, "Actual Loops": 1, "Plans": [{"Node Type": "Nested Loop", "Parent Relationship": "Outer", "Join Type": "Inner", "Startup Cost": 4841.51, "Total Cost": 167824.58, "Plan Rows": 6905, "Plan Width": 38, "Actual Startup Time": 409.732, "Actual Total Time": 1579.409, "Actual Rows": 4371, "Actual Loops": 1, "Inner Unique": true, "Plans": [{"Node Type": "Nested Loop", "Parent Relationship": "Outer", "Join Type": "Inner", "Startup Cost": 4841.51, "Total Cost": 165852.74, "Plan Rows": 7042, "Plan Width": 42, "Actual Startup Time": 409.72, "Actual Total Time": 1564.585, "Actual Rows": 4371, "Actual Loops": 1, "Inner Unique": false, "Join Filter": "(t.id = mk.movie_id)", "Rows Removed by Join Filter": 0, "Plans": [{"Node Type": "Nested Loop", "Parent Relationship": "Outer", "Join Type": "Inner", "Startup Cost": 4841.51, "Total Cost": 165361.77, "Plan Rows": 873, "Plan Width": 54, "Actual Startup Time": 385.171, "Actual Total Time": 1558.175, "Actual Rows": 382, "Actual Loops": 1, "Inner Unique": true, "Join Filter": "(at.movie_id = t.id)", "Rows Removed by Join Filter": 0, "Plans": [{"Node Type": "Nested Loop", "Parent Relationship": "Outer", "Join Type": "Inner", "Startup Cost": 4841.51, "Total Cost": 165139.68, "Plan Rows": 630, "Plan Width": 33, "Actual Startup Time": 385.149, "Actual Total Time": 1555.26, "Actual Rows": 382, "Actual Loops": 1, "Inner Unique": true, "Plans": [{"Node Type": "Nested Loop", "Parent Relationship": "Outer", "Join Type": "Inner", "Startup Cost": 4841.51, "Total Cost": 164963.28, "Plan Rows": 630, "Plan Width": 37, "Actual Startup Time": 380.456, "Actual Total Time": 1553.57, "Actual Rows": 896, "Actual Loops": 1, "Inner Unique": true, "Plans": [{"Node Type": "Nested Loop", "Parent Relationship": "Outer", "Join Type": "Inner", "Startup Cost": 4841.51, "Total Cost": 164660.66, "Plan Rows": 1052, "Plan Width": 41, "Actual Startup Time": 380.433, "Actual Total Time": 1541.165, "Actual Rows": 2130, "Actual Loops": 1, "Inner Unique": false, "Plans": [{"Node Type": "Nested Loop", "Parent Relationship": "Outer", "Join Type": "Inner", "Startup Cost": 4841.51, "Total Cost": 164371.58, "Plan Rows": 490, "Plan Width": 29, "Actual Startup Time": 377.286, "Actual Total Time": 1534.887, "Actual Rows": 591, "Actual Loops": 1, "Inner Unique": false, "Plans": [{"Node Type": "Nested Loop", "Parent Relationship": "Outer", "Join Type": "Inner", "Startup Cost": 4841.51, "Total Cost": 163895.89, "Plan Rows": 192, "Plan Width": 4, "Actual Startup Time": 376.852, "Actual Total Time": 1499.889, "Actual Rows": 10679, "Actual Loops": 1, "Inner Unique": false, "Plans": [{"Node Type": "Index Scan", "Parent Relationship": "Outer", "Scan Direction": "Forward", "Index Name": "info_type_pkey", "Relation Name": "info_type", "Alias": "it1", "Startup Cost": 0.0, "Total Cost": 14.21, "Plan Rows": 1, "Plan Width": 4, "Actual Startup Time": 0.058, "Actual Total Time": 0.111, "Actual Rows": 1, "Actual Loops": 1, "Filter": "((info)::text = 'release dates'::text)", "Rows Removed by Filter": 111}, {"Node Type": "Bitmap Heap Scan", "Parent Relationship": "Inner", "Relation Name": "movie_info", "Alias": "mi", "Startup Cost": 4841.51, "Total Cost": 163879.76, "Plan Rows": 192, "Plan Width": 8, "Actual Startup Time": 376.783, "Actual Total Time": 1497.258, "Actual Rows": 10679, "Actual Loops": 1, "Recheck Cond": "(info_type_id = it1.id)", "Rows Removed by Index Recheck": 0, "Filter": "((note)::text ~~ '%internet%'::text)", "Rows Removed by Filter": 3026040, "Exact Heap Blocks": 21947, "Lossy Heap Blocks": 21947, "Plans": [{"Node Type": "Bitmap Index Scan", "Parent Relationship": "Outer", "Index Name": "info_type_id_movie_info", "Startup Cost": 0.0, "Total Cost": 4841.46, "Plan Rows": 212428, "Plan Width": 0, "Actual Startup Time": 371.872, "Actual Total Time": 371.872, "Actual Rows": 3036719, "Actual Loops": 1, "Index Cond": "(info_type_id = it1.id)"}]}]}, {"Node Type": "Index Scan", "Parent Relationship": "Inner", "Scan Direction": "Forward", "Index Name": "movie_id_aka_title", "Relation Name": "aka_title", "Alias": "at", "Startup Cost": 0.0, "Total Cost": 2.45, "Plan Rows": 3, "Plan Width": 25, "Actual Startup Time": 28.477, "Actual Total Time": 29.061, "Actual Rows": 591, "Actual Loops": 10679, "Index Cond": "(movie_id = mi.movie_id)", "Rows Removed by Index Recheck": 0}]}, {"Node Type": "Index Scan", "Parent Relationship": "Inner", "Scan Direction": "Forward", "Index Name": "movie_id_movie_companies", "Relation Name": "movie_companies", "Alias": "mc", "Startup Cost": 0.0, "Total Cost": 0.57, "Plan Rows": 2, "Plan Width": 12, "Actual Startup Time": 3.617, "Actual Total Time": 5.155, "Actual Rows": 2130, "Actual Loops": 591, "Index Cond": "(movie_id = at.movie_id)", "Rows Removed by Index Recheck": 0}]}, {"Node Type": "Index Scan", "Parent Relationship": "Inner", "Scan Direction": "Forward", "Index Name": "company_name_pkey", "Relation Name": "company_name", "Alias": "cn", "Startup Cost": 0.0, "Total Cost": 0.28, "Plan Rows": 1, "Plan Width": 4, "Actual Startup Time": 10.715, "Actual Total Time": 10.715, "Actual Rows": 896, "Actual Loops": 2130, "Index Cond": "(id = mc.company_id)", "Rows Removed by Index Recheck": 0, "Filter": "((country_code)::text = '[us]'::text)", "Rows Removed by Filter": 1234}]}, {"Node Type": "Index Only Scan", "Parent Relationship": "Inner", "Scan Direction": "Forward", "Index Name": "company_type_pkey", "Relation Name": "company_type", "Alias": "ct", "Startup Cost": 0.0, "Total Cost": 0.27, "Plan Rows": 1, "Plan Width": 4, "Actual Startup Time": 0.919, "Actual Total Time": 0.919, "Actual Rows": 382, "Actual Loops": 896, "Index Cond": "(id = mc.company_type_id)", "Rows Removed by Index Recheck": 0, "Heap Fetches": 0}]}, {"Node Type": "Index Scan", "Parent Relationship": "Inner", "Scan Direction": "Forward", "Index Name": "title_pkey", "Relation Name": "title", "Alias": "t", "Startup Cost": 0.0, "Total Cost": 0.34, "Plan Rows": 1, "Plan Width": 21, "Actual Startup Time": 2.214, "Actual Total Time": 2.214, "Actual Rows": 382, "Actual Loops": 382, "Index Cond": "(id = mc.movie_id)", "Rows Removed by Index Recheck": 0, "Filter": "(production_year > 1990)", "Rows Removed by Filter": 0}]}, {"Node Type": "Index Scan", "Parent Relationship": "Inner", "Scan Direction": "Forward", "Index Name": "movie_id_movie_keyword", "Relation Name": "movie_keyword", "Alias": "mk", "Startup Cost": 0.0, "Total Cost": 0.46, "Plan Rows": 8, "Plan Width": 8, "Actual Startup Time": 2.303, "Actual Total Time": 4.416, "Actual Rows": 4371, "Actual Loops": 382, "Index Cond": "(movie_id = mc.movie_id)", "Rows Removed by Index Recheck": 0}]}, {"Node Type": "Index Only Scan", "Parent Relationship": "Inner", "Scan Direction": "Forward", "Index Name": "keyword_pkey", "Relation Name": "keyword", "Alias": "k", "Startup Cost": 0.0, "Total Cost": 0.27, "Plan Rows": 1, "Plan Width": 4, "Actual Startup Time": 11.785, "Actual Total Time": 11.785, "Actual Rows": 4371, "Actual Loops": 4371, "Index Cond": "(id = mk.keyword_id)", "Rows Removed by Index Recheck": 0, "Heap Fetches": 0}]}]}, "Triggers": [], "Planner Runtime": 57, "Total Runtime": 1582.871, "Unique SQL Id": 2302223328}}, "(1, 98)": {"explain_plan": {"Plan": {"Node Type": "Aggregate", "Strategy": "Plain", "Startup Cost": 178692.58, "Total Cost": 178692.59, "Plan Rows": 1, "Plan Width": 102, "Plans": [{"Node Type": "Hash Join", "Parent Relationship": "Outer", "Join Type": "Inner", "Startup Cost": 8624.11, "Total Cost": 178658.05, "Plan Rows": 6905, "Plan Width": 38, "Inner Unique": true, "Hash Cond": "(mk.keyword_id = k.id)", "Plans": [{"Node Type": "Nested Loop", "Parent Relationship": "Outer", "Join Type": "Inner", "Startup Cost": 4846.31, "Total Cost": 174784.81, "Plan Rows": 7042, "Plan Width": 42, "Inner Unique": false, "Join Filter": "(t.id = mk.movie_id)", "Plans": [{"Node Type": "Nested Loop", "Parent Relationship": "Outer", "Join Type": "Inner", "Startup Cost": 4845.97, "Total Cost": 170823.11, "Plan Rows": 873, "Plan Width": 54, "Inner Unique": false, "Join Filter": "(t.id = at.movie_id)", "Plans": [{"Node Type": "Hash Join", "Parent Relationship": "Outer", "Join Type": "Inner", "Startup Cost": 4845.7, "Total Cost": 168744.0, "Plan Rows": 478, "Plan Width": 29, "Inner Unique": true, "Hash Cond": "(mc.company_type_id = ct.id)", "Plans": [{"Node Type": "Nested Loop", "Parent Relationship": "Outer", "Join Type": "Inner", "Startup Cost": 4844.63, "Total Cost": 168736.95, "Plan Rows": 478, "Plan Width": 33, "Inner Unique": true, "Plans": [{"Node Type": "Nested Loop", "Parent Relationship": "Outer", "Join Type": "Inner", "Startup Cost": 4844.37, "Total Cost": 166304.0, "Plan Rows": 568, "Plan Width": 37, "Inner Unique": false, "Plans": [{"Node Type": "Nested Loop", "Parent Relationship": "Outer", "Join Type": "Inner", "Startup Cost": 4844.08, "Total Cost": 165151.58, "Plan Rows": 266, "Plan Width": 25, "Inner Unique": true, "Plans": [{"Node Type": "Nested Loop", "Parent Relationship": "Outer", "Join Type": "Inner", "Startup Cost": 4841.51, "Total Cost": 163884.08, "Plan Rows": 192, "Plan Width": 4, "Inner Unique": false, "Plans": [{"Node Type": "Seq Scan", "Parent Relationship": "Outer", "Relation Name": "info_type", "Alias": "it1", "Startup Cost": 0.0, "Total Cost": 2.4, "Plan Rows": 1, "Plan Width": 4, "Filter": "((info)::text = 'release dates'::text)"}, {"Node Type": "Bitmap Heap Scan", "Parent Relationship": "Inner", "Relation Name": "movie_info", "Alias": "mi", "Startup Cost": 4841.51, "Total Cost": 163879.76, "Plan Rows": 192, "Plan Width": 8, "Recheck Cond": "(info_type_id = it1.id)", "Filter": "((note)::text ~~ '%internet%'::text)", "Plans": [{"Node Type": "Bitmap Index Scan", "Parent Relationship": "Outer", "Index Name": "info_type_id_movie_info", "Startup Cost": 0.0, "Total Cost": 4841.46, "Plan Rows": 212428, "Plan Width": 0, "Index Cond": "(info_type_id = it1.id)"}]}]}, {"Node Type": "Bitmap Heap Scan", "Parent Relationship": "Inner", "Relation Name": "title", "Alias": "t", "Startup Cost": 2.58, "Total Cost": 6.59, "Plan Rows": 1, "Plan Width": 21, "Recheck Cond": "(id = mi.movie_id)", "Filter": "(production_year > 1990)", "Plans": [{"Node Type": "Bitmap Index Scan", "Parent Relationship": "Outer", "Index Name": "title_pkey", "Startup Cost": 0.0, "Total Cost": 2.58, "Plan Rows": 1, "Plan Width": 0, "Index Cond": "(id = mi.movie_id)"}]}]}, {"Node Type": "Bitmap Heap Scan", "Parent Relationship": "Inner", "Relation Name": "movie_companies", "Alias": "mc", "Startup Cost": 0.29, "Total Cost": 4.31, "Plan Rows": 2, "Plan Width": 12, "Recheck Cond": "(movie_id = t.id)", "Plans": [{"Node Type": "Bitmap Index Scan", "Parent Relationship": "Outer", "Index Name": "movie_id_movie_companies", "Startup Cost": 0.0, "Total Cost": 0.29, "Plan Rows": 2, "Plan Width": 0, "Index Cond": "(movie_id = t.id)"}]}]}, {"Node Type": "Bitmap Heap Scan", "Parent Relationship": "Inner", "Relation Name": "company_name", "Alias": "cn", "Startup Cost": 0.26, "Total Cost": 4.27, "Plan Rows": 1, "Plan Width": 4, "Recheck Cond": "(id = mc.company_id)", "Filter": "((country_code)::text = '[us]'::text)", "Plans": [{"Node Type": "Bitmap Index Scan", "Parent Relationship": "Outer", "Index Name": "company_name_pkey", "Startup Cost": 0.0, "Total Cost": 0.26, "Plan Rows": 1, "Plan Width": 0, "Index Cond": "(id = mc.company_id)"}]}]}, {"Node Type": "Hash", "Parent Relationship": "Inner", "Startup Cost": 1.03, "Total Cost": 1.03, "Plan Rows": 3, "Plan Width": 4, "Plans": [{"Node Type": "Seq Scan", "Parent Relationship": "Outer", "Relation Name": "company_type", "Alias": "ct", "Startup Cost": 0.0, "Total Cost": 1.03, "Plan Rows": 3, "Plan Width": 4}]}]}, {"Node Type": "Bitmap Heap Scan", "Parent Relationship": "Inner", "Relation Name": "aka_title", "Alias": "at", "Startup Cost": 0.27, "Total Cost": 4.31, "Plan Rows": 3, "Plan Width": 25, "Recheck Cond": "(movie_id = mc.movie_id)", "Plans": [{"Node Type": "Bitmap Index Scan", "Parent Relationship": "Outer", "Index Name": "movie_id_aka_title", "Startup Cost": 0.0, "Total Cost": 0.27, "Plan Rows": 3, "Plan Width": 0, "Index Cond": "(movie_id = mc.movie_id)"}]}]}, {"Node Type": "Bitmap Heap Scan", "Parent Relationship": "Inner", "Relation Name": "movie_keyword", "Alias": "mk", "Startup Cost": 0.34, "Total Cost": 4.44, "Plan Rows": 8, "Plan Width": 8, "Recheck Cond": "(movie_id = mc.movie_id)", "Plans": [{"Node Type": "Bitmap Index Scan", "Parent Relationship": "Outer", "Index Name": "movie_id_movie_keyword", "Startup Cost": 0.0, "Total Cost": 0.34, "Plan Rows": 8, "Plan Width": 0, "Index Cond": "(movie_id = mc.movie_id)"}]}]}, {"Node Type": "Hash", "Parent Relationship": "Inner", "Startup Cost": 2100.69, "Total Cost": 2100.69, "Plan Rows": 134169, "Plan Width": 4, "Plans": [{"Node Type": "Seq Scan", "Parent Relationship": "Outer", "Relation Name": "keyword", "Alias": "k", "Startup Cost": 0.0, "Total Cost": 2100.69, "Plan Rows": 134169, "Plan Width": 4}]}]}]}, "Unique SQL Id": 2302223328, "Planner Runtime": 88}, "explain_analyze_plan": {"Plan": {"Node Type": "Aggregate", "Strategy": "Plain", "Startup Cost": 178692.58, "Total Cost": 178692.59, "Plan Rows": 1, "Plan Width": 102, "Actual Startup Time": 1871.565, "Actual Total Time": 1871.565, "Actual Rows": 1, "Actual Loops": 1, "Plans": [{"Node Type": "Hash Join", "Parent Relationship": "Outer", "Join Type": "Inner", "Startup Cost": 8624.11, "Total Cost": 178658.05, "Plan Rows": 6905, "Plan Width": 38, "Actual Startup Time": 490.226, "Actual Total Time": 1868.994, "Actual Rows": 4371, "Actual Loops": 1, "Inner Unique": true, "Hash Cond": "(mk.keyword_id = k.id)", "Plans": [{"Node Type": "Nested Loop", "Parent Relationship": "Outer", "Join Type": "Inner", "Startup Cost": 4846.31, "Total Cost": 174784.81, "Plan Rows": 7042, "Plan Width": 42, "Actual Startup Time": 416.381, "Actual Total Time": 1792.78, "Actual Rows": 4371, "Actual Loops": 1, "Inner Unique": false, "Join Filter": "(t.id = mk.movie_id)", "Rows Removed by Join Filter": 0, "Plans": [{"Node Type": "Nested Loop", "Parent Relationship": "Outer", "Join Type": "Inner", "Startup Cost": 4845.97, "Total Cost": 170823.11, "Plan Rows": 873, "Plan Width": 54, "Actual Startup Time": 389.471, "Actual Total Time": 1786.725, "Actual Rows": 382, "Actual Loops": 1, "Inner Unique": false, "Join Filter": "(t.id = at.movie_id)", "Rows Removed by Join Filter": 0, "Plans": [{"Node Type": "Hash Join", "Parent Relationship": "Outer", "Join Type": "Inner", "Startup Cost": 4845.7, "Total Cost": 168744.0, "Plan Rows": 478, "Plan Width": 29, "Actual Startup Time": 379.782, "Actual Total Time": 1757.547, "Actual Rows": 5914, "Actual Loops": 1, "Inner Unique": true, "Hash Cond": "(mc.company_type_id = ct.id)", "Plans": [{"Node Type": "Nested Loop", "Parent Relationship": "Outer", "Join Type": "Inner", "Startup Cost": 4844.63, "Total Cost": 168736.95, "Plan Rows": 478, "Plan Width": 33, "Actual Startup Time": 379.622, "Actual Total Time": 1752.324, "Actual Rows": 9857, "Actual Loops": 1, "Inner Unique": true, "Plans": [{"Node Type": "Nested Loop", "Parent Relationship": "Outer", "Join Type": "Inner", "Startup Cost": 4844.37, "Total Cost": 166304.0, "Plan Rows": 568, "Plan Width": 37, "Actual Startup Time": 379.581, "Actual Total Time": 1652.28, "Actual Rows": 14377, "Actual Loops": 1, "Inner Unique": false, "Plans": [{"Node Type": "Nested Loop", "Parent Relationship": "Outer", "Join Type": "Inner", "Startup Cost": 4844.08, "Total Cost": 165151.58, "Plan Rows": 266, "Plan Width": 25, "Actual Startup Time": 379.558, "Actual Total Time": 1562.383, "Actual Rows": 10662, "Actual Loops": 1, "Inner Unique": true, "Plans": [{"Node Type": "Nested Loop", "Parent Relationship": "Outer", "Join Type": "Inner", "Startup Cost": 4841.51, "Total Cost": 163884.08, "Plan Rows": 192, "Plan Width": 4, "Actual Startup Time": 379.495, "Actual Total Time": 1480.709, "Actual Rows": 10679, "Actual Loops": 1, "Inner Unique": false, "Plans": [{"Node Type": "Seq Scan", "Parent Relationship": "Outer", "Relation Name": "info_type", "Alias": "it1", "Startup Cost": 0.0, "Total Cost": 2.4, "Plan Rows": 1, "Plan Width": 4, "Actual Startup Time": 0.042, "Actual Total Time": 0.075, "Actual Rows": 1, "Actual Loops": 1, "Filter": "((info)::text = 'release dates'::text)", "Rows Removed by Filter": 111}, {"Node Type": "Bitmap Heap Scan", "Parent Relationship": "Inner", "Relation Name": "movie_info", "Alias": "mi", "Startup Cost": 4841.51, "Total Cost": 163879.76, "Plan Rows": 192, "Plan Width": 8, "Actual Startup Time": 379.433, "Actual Total Time": 1478.027, "Actual Rows": 10679, "Actual Loops": 1, "Recheck Cond": "(info_type_id = it1.id)", "Rows Removed by Index Recheck": 0, "Filter": "((note)::text ~~ '%internet%'::text)", "Rows Removed by Filter": 3026040, "Exact Heap Blocks": 21947, "Lossy Heap Blocks": 21947, "Plans": [{"Node Type": "Bitmap Index Scan", "Parent Relationship": "Outer", "Index Name": "info_type_id_movie_info", "Startup Cost": 0.0, "Total Cost": 4841.46, "Plan Rows": 212428, "Plan Width": 0, "Actual Startup Time": 374.47, "Actual Total Time": 374.47, "Actual Rows": 3036719, "Actual Loops": 1, "Index Cond": "(info_type_id = it1.id)"}]}]}, {"Node Type": "Bitmap Heap Scan", "Parent Relationship": "Inner", "Relation Name": "title", "Alias": "t", "Startup Cost": 2.58, "Total Cost": 6.59, "Plan Rows": 1, "Plan Width": 21, "Actual Startup Time": 66.066, "Actual Total Time": 66.066, "Actual Rows": 10662, "Actual Loops": 10679, "Recheck Cond": "(id = mi.movie_id)", "Rows Removed by Index Recheck": 0, "Filter": "(production_year > 1990)", "Rows Removed by Filter": 17, "Exact Heap Blocks": 10679, "Lossy Heap Blocks": 10679, "Plans": [{"Node Type": "Bitmap Index Scan", "Parent Relationship": "Outer", "Index Name": "title_pkey", "Startup Cost": 0.0, "Total Cost": 2.58, "Plan Rows": 1, "Plan Width": 0, "Actual Startup Time": 36.863, "Actual Total Time": 36.863, "Actual Rows": 10679, "Actual Loops": 10679, "Index Cond": "(id = mi.movie_id)"}]}]}, {"Node Type": "Bitmap Heap Scan", "Parent Relationship": "Inner", "Relation Name": "movie_companies", "Alias": "mc", "Startup Cost": 0.29, "Total Cost": 4.31, "Plan Rows": 2, "Plan Width": 12, "Actual Startup Time": 64.229, "Actual Total Time": 72.806, "Actual Rows": 14377, "Actual Loops": 10662, "Recheck Cond": "(movie_id = t.id)", "Rows Removed by Index Recheck": 0, "Exact Heap Blocks": 11694, "Lossy Heap Blocks": 11694, "Plans": [{"Node Type": "Bitmap Index Scan", "Parent Relationship": "Outer", "Index Name": "movie_id_movie_companies", "Startup Cost": 0.0, "Total Cost": 0.29, "Plan Rows": 2, "Plan Width": 0, "Actual Startup Time": 40.949, "Actual Total Time": 40.949, "Actual Rows": 14377, "Actual Loops": 10662, "Index Cond": "(movie_id = t.id)"}]}]}, {"Node Type": "Bitmap Heap Scan", "Parent Relationship": "Inner", "Relation Name": "company_name", "Alias": "cn", "Startup Cost": 0.26, "Total Cost": 4.27, "Plan Rows": 1, "Plan Width": 4, "Actual Startup Time": 81.17, "Actual Total Time": 81.17, "Actual Rows": 9857, "Actual Loops": 14377, "Recheck Cond": "(id = mc.company_id)", "Rows Removed by Index Recheck": 0, "Filter": "((country_code)::text = '[us]'::text)", "Rows Removed by Filter": 4520, "Exact Heap Blocks": 14377, "Lossy Heap Blocks": 14377, "Plans": [{"Node Type": "Bitmap Index Scan", "Parent Relationship": "Outer", "Index Name": "company_name_pkey", "Startup Cost": 0.0, "Total Cost": 0.26, "Plan Rows": 1, "Plan Width": 0, "Actual Startup Time": 44.885, "Actual Total Time": 44.885, "Actual Rows": 14377, "Actual Loops": 14377, "Index Cond": "(id = mc.company_id)"}]}]}, {"Node Type": "Hash", "Parent Relationship": "Inner", "Startup Cost": 1.03, "Total Cost": 1.03, "Plan Rows": 3, "Plan Width": 4, "Actual Startup Time": 0.025, "Actual Total Time": 0.025, "Actual Rows": 3, "Actual Loops": 1, "Hash Buckets": 32768, "Hash Batches": 1, "Original Hash Batches": 1, "Peak Memory Usage": 1, "Plans": [{"Node Type": "Seq Scan", "Parent Relationship": "Outer", "Relation Name": "company_type", "Alias": "ct", "Startup Cost": 0.0, "Total Cost": 1.03, "Plan Rows": 3, "Plan Width": 4, "Actual Startup Time": 0.012, "Actual Total Time": 0.013, "Actual Rows": 3, "Actual Loops": 1}]}]}, {"Node Type": "Bitmap Heap Scan", "Parent Relationship": "Inner", "Relation Name": "aka_title", "Alias": "at", "Startup Cost": 0.27, "Total Cost": 4.31, "Plan Rows": 3, "Plan Width": 25, "Actual Startup Time": 21.354, "Actual Total Time": 21.579, "Actual Rows": 382, "Actual Loops": 5914, "Recheck Cond": "(movie_id = mc.movie_id)", "Rows Removed by Index Recheck": 0, "Exact Heap Blocks": 382, "Lossy Heap Blocks": 382, "Plans": [{"Node Type": "Bitmap Index Scan", "Parent Relationship": "Outer", "Index Name": "movie_id_aka_title", "Startup Cost": 0.0, "Total Cost": 0.27, "Plan Rows": 3, "Plan Width": 0, "Actual Startup Time": 17.254, "Actual Total Time": 17.254, "Actual Rows": 382, "Actual Loops": 5914, "Index Cond": "(movie_id = mc.movie_id)"}]}]}, {"Node Type": "Bitmap Heap Scan", "Parent Relationship": "Inner", "Relation Name": "movie_keyword", "Alias": "mk", "Startup Cost": 0.34, "Total Cost": 4.44, "Plan Rows": 8, "Plan Width": 8, "Actual Startup Time": 3.373, "Actual Total Time": 3.943, "Actual Rows": 4371, "Actual Loops": 382, "Recheck Cond": "(movie_id = mc.movie_id)", "Rows Removed by Index Recheck": 0, "Exact Heap Blocks": 276, "Lossy Heap Blocks": 276, "Plans": [{"Node Type": "Bitmap Index Scan", "Parent Relationship": "Outer", "Index Name": "movie_id_movie_keyword", "Startup Cost": 0.0, "Total Cost": 0.34, "Plan Rows": 8, "Plan Width": 0, "Actual Startup Time": 2.05, "Actual Total Time": 2.05, "Actual Rows": 4371, "Actual Loops": 382, "Index Cond": "(movie_id = mc.movie_id)"}]}]}, {"Node Type": "Hash", "Parent Relationship": "Inner", "Startup Cost": 2100.69, "Total Cost": 2100.69, "Plan Rows": 134169, "Plan Width": 4, "Actual Startup Time": 73.655, "Actual Total Time": 73.655, "Actual Rows": 134169, "Actual Loops": 1, "Hash Buckets": 262144, "Hash Batches": 1, "Original Hash Batches": 1, "Peak Memory Usage": 4717, "Plans": [{"Node Type": "Seq Scan", "Parent Relationship": "Outer", "Relation Name": "keyword", "Alias": "k", "Startup Cost": 0.0, "Total Cost": 2100.69, "Plan Rows": 134169, "Plan Width": 4, "Actual Startup Time": 0.048, "Actual Total Time": 37.956, "Actual Rows": 134169, "Actual Loops": 1}]}]}]}, "Triggers": [], "Planner Runtime": 90, "Total Runtime": 1872.292, "Unique SQL Id": 2302223328}}, "(1, 99)": {"explain_plan": {"Plan": {"Node Type": "Aggregate", "Strategy": "Plain", "Startup Cost": 1000003999861.48, "Total Cost": 1000003999861.49, "Plan Rows": 1, "Plan Width": 102, "Plans": [{"Node Type": "Nested Loop", "Parent Relationship": "Outer", "Join Type": "Inner", "Startup Cost": 10000000002.92, "Total Cost": 1000003999827.29, "Plan Rows": 6838, "Plan Width": 38, "Inner Unique": true, "Join Filter": "(at.movie_id = t.id)", "Plans": [{"Node Type": "Nested Loop", "Parent Relationship": "Outer", "Join Type": "Inner", "Startup Cost": 10000000002.66, "Total Cost": 1000003978634.91, "Plan Rows": 4936, "Plan Width": 37, "Inner Unique": true, "Plans": [{"Node Type": "Nested Loop", "Parent Relationship": "Outer", "Join Type": "Inner", "Startup Cost": 10000000002.4, "Total Cost": 1000003957088.08, "Plan Rows": 5034, "Plan Width": 41, "Inner Unique": false, "Join Filter": "(at.movie_id = mk.movie_id)", "Plans": [{"Node Type": "Nested Loop", "Parent Relationship": "Outer", "Join Type": "Inner", "Startup Cost": 10000000002.06, "Total Cost": 1000003954256.35, "Plan Rows": 624, "Plan Width": 33, "Inner Unique": true, "Plans": [{"Node Type": "Nested Loop", "Parent Relationship": "Outer", "Join Type": "Inner", "Startup Cost": 10000000001.8, "Total Cost": 1000003951585.47, "Plan Rows": 624, "Plan Width": 37, "Inner Unique": true, "Plans": [{"Node Type": "Nested Loop", "Parent Relationship": "Outer", "Join Type": "Inner", "Startup Cost": 10000000001.55, "Total Cost": 1000003947079.38, "Plan Rows": 1052, "Plan Width": 41, "Inner Unique": false, "Plans": [{"Node Type": "Nested Loop", "Parent Relationship": "Outer", "Join Type": "Inner", "Startup Cost": 10000000001.17, "Total Cost": 1000003944915.32, "Plan Rows": 490, "Plan Width": 29, "Inner Unique": true, "Plans": [{"Node Type": "Nested Loop", "Parent Relationship": "Outer", "Join Type": "Inner", "Startup Cost": 10000000000.92, "Total Cost": 1000003797919.45, "Plan Rows": 34318, "Plan Width": 33, "Inner Unique": false, "Plans": [{"Node Type": "Index Scan", "Parent Relationship": "Outer", "Scan Direction": "Forward", "Index Name": "movie_id_aka_title", "Relation Name": "aka_title", "Alias": "at", "Startup Cost": 10000000000.0, "Total Cost": 1000001990001.13, "Plan Rows": 361471, "Plan Width": 25}, {"Node Type": "Bitmap Heap Scan", "Parent Relationship": "Inner", "Relation Name": "movie_info", "Alias": "mi", "Startup Cost": 0.92, "Total Cost": 4.99, "Plan Rows": 1, "Plan Width": 8, "Recheck Cond": "(movie_id = at.movie_id)", "Filter": "((note)::text ~~ '%internet%'::text)", "Plans": [{"Node Type": "Bitmap Index Scan", "Parent Relationship": "Outer", "Index Name": "movie_id_movie_info", "Startup Cost": 0.0, "Total Cost": 0.92, "Plan Rows": 5, "Plan Width": 0, "Index Cond": "(movie_id = at.movie_id)"}]}]}, {"Node Type": "Bitmap Heap Scan", "Parent Relationship": "Inner", "Relation Name": "info_type", "Alias": "it1", "Startup Cost": 0.26, "Total Cost": 4.27, "Plan Rows": 1, "Plan Width": 4, "Recheck Cond": "(id = mi.info_type_id)", "Filter": "((info)::text = 'release dates'::text)", "Plans": [{"Node Type": "Bitmap Index Scan", "Parent Relationship": "Outer", "Index Name": "info_type_pkey", "Startup Cost": 0.0, "Total Cost": 0.26, "Plan Rows": 1, "Plan Width": 0, "Index Cond": "(id = mi.info_type_id)"}]}]}, {"Node Type": "Bitmap Heap Scan", "Parent Relationship": "Inner", "Relation Name": "movie_companies", "Alias": "mc", "Startup Cost": 0.37, "Total Cost": 4.4, "Plan Rows": 2, "Plan Width": 12, "Recheck Cond": "(movie_id = at.movie_id)", "Plans": [{"Node Type": "Bitmap Index Scan", "Parent Relationship": "Outer", "Index Name": "movie_id_movie_companies", "Startup Cost": 0.0, "Total Cost": 0.37, "Plan Rows": 2, "Plan Width": 0, "Index Cond": "(movie_id = at.movie_id)"}]}]}, {"Node Type": "Bitmap Heap Scan", "Parent Relationship": "Inner", "Relation Name": "company_name", "Alias": "cn", "Startup Cost": 0.26, "Total Cost": 4.27, "Plan Rows": 1, "Plan Width": 4, "Recheck Cond": "(id = mc.company_id)", "Filter": "((country_code)::text = '[us]'::text)", "Plans": [{"Node Type": "Bitmap Index Scan", "Parent Relationship": "Outer", "Index Name": "company_name_pkey", "Startup Cost": 0.0, "Total Cost": 0.26, "Plan Rows": 1, "Plan Width": 0, "Index Cond": "(id = mc.company_id)"}]}]}, {"Node Type": "Bitmap Heap Scan", "Parent Relationship": "Inner", "Relation Name": "company_type", "Alias": "ct", "Startup Cost": 0.26, "Total Cost": 4.27, "Plan Rows": 1, "Plan Width": 4, "Recheck Cond": "(id = mc.company_type_id)", "Plans": [{"Node Type": "Bitmap Index Scan", "Parent Relationship": "Outer", "Index Name": "company_type_pkey", "Startup Cost": 0.0, "Total Cost": 0.26, "Plan Rows": 1, "Plan Width": 0, "Index Cond": "(id = mc.company_type_id)"}]}]}, {"Node Type": "Bitmap Heap Scan", "Parent Relationship": "Inner", "Relation Name": "movie_keyword", "Alias": "mk", "Startup Cost": 0.34, "Total Cost": 4.44, "Plan Rows": 8, "Plan Width": 8, "Recheck Cond": "(movie_id = mc.movie_id)", "Plans": [{"Node Type": "Bitmap Index Scan", "Parent Relationship": "Outer", "Index Name": "movie_id_movie_keyword", "Startup Cost": 0.0, "Total Cost": 0.34, "Plan Rows": 8, "Plan Width": 0, "Index Cond": "(movie_id = mc.movie_id)"}]}]}, {"Node Type": "Bitmap Heap Scan", "Parent Relationship": "Inner", "Relation Name": "keyword", "Alias": "k", "Startup Cost": 0.26, "Total Cost": 4.27, "Plan Rows": 1, "Plan Width": 4, "Recheck Cond": "(id = mk.keyword_id)", "Plans": [{"Node Type": "Bitmap Index Scan", "Parent Relationship": "Outer", "Index Name": "keyword_pkey", "Startup Cost": 0.0, "Total Cost": 0.26, "Plan Rows": 1, "Plan Width": 0, "Index Cond": "(id = mk.keyword_id)"}]}]}, {"Node Type": "Bitmap Heap Scan", "Parent Relationship": "Inner", "Relation Name": "title", "Alias": "t", "Startup Cost": 0.27, "Total Cost": 4.28, "Plan Rows": 1, "Plan Width": 21, "Recheck Cond": "(id = mk.movie_id)", "Filter": "(production_year > 1990)", "Plans": [{"Node Type": "Bitmap Index Scan", "Parent Relationship": "Outer", "Index Name": "title_pkey", "Startup Cost": 0.0, "Total Cost": 0.27, "Plan Rows": 1, "Plan Width": 0, "Index Cond": "(id = mk.movie_id)"}]}]}]}, "Unique SQL Id": 2302223328, "Planner Runtime": 26}, "explain_analyze_plan": null}, "(1, 100)": {"explain_plan": {"Plan": {"Node Type": "Aggregate", "Strategy": "Plain", "Startup Cost": 167852.02, "Total Cost": 167852.03, "Plan Rows": 1, "Plan Width": 102, "Plans": [{"Node Type": "Nested Loop", "Parent Relationship": "Outer", "Join Type": "Inner", "Startup Cost": 4841.51, "Total Cost": 167817.5, "Plan Rows": 6905, "Plan Width": 38, "Inner Unique": true, "Plans": [{"Node Type": "Nested Loop", "Parent Relationship": "Outer", "Join Type": "Inner", "Startup Cost": 4841.51, "Total Cost": 165840.93, "Plan Rows": 7042, "Plan Width": 42, "Inner Unique": false, "Join Filter": "(t.id = mk.movie_id)", "Plans": [{"Node Type": "Nested Loop", "Parent Relationship": "Outer", "Join Type": "Inner", "Startup Cost": 4841.51, "Total Cost": 165349.96, "Plan Rows": 873, "Plan Width": 54, "Inner Unique": true, "Join Filter": "(at.movie_id = t.id)", "Plans": [{"Node Type": "Nested Loop", "Parent Relationship": "Outer", "Join Type": "Inner", "Startup Cost": 4841.51, "Total Cost": 165127.87, "Plan Rows": 630, "Plan Width": 33, "Inner Unique": true, "Plans": [{"Node Type": "Nested Loop", "Parent Relationship": "Outer", "Join Type": "Inner", "Startup Cost": 4841.51, "Total Cost": 164951.47, "Plan Rows": 630, "Plan Width": 37, "Inner Unique": true, "Plans": [{"Node Type": "Nested Loop", "Parent Relationship": "Outer", "Join Type": "Inner", "Startup Cost": 4841.51, "Total Cost": 164648.85, "Plan Rows": 1052, "Plan Width": 41, "Inner Unique": false, "Plans": [{"Node Type": "Nested Loop", "Parent Relationship": "Outer", "Join Type": "Inner", "Startup Cost": 4841.51, "Total Cost": 164359.77, "Plan Rows": 490, "Plan Width": 29, "Inner Unique": false, "Plans": [{"Node Type": "Nested Loop", "Parent Relationship": "Outer", "Join Type": "Inner", "Startup Cost": 4841.51, "Total Cost": 163884.08, "Plan Rows": 192, "Plan Width": 4, "Inner Unique": false, "Plans": [{"Node Type": "Seq Scan", "Parent Relationship": "Outer", "Relation Name": "info_type", "Alias": "it1", "Startup Cost": 0.0, "Total Cost": 2.4, "Plan Rows": 1, "Plan Width": 4, "Filter": "((info)::text = 'release dates'::text)"}, {"Node Type": "Bitmap Heap Scan", "Parent Relationship": "Inner", "Relation Name": "movie_info", "Alias": "mi", "Startup Cost": 4841.51, "Total Cost": 163879.76, "Plan Rows": 192, "Plan Width": 8, "Recheck Cond": "(info_type_id = it1.id)", "Filter": "((note)::text ~~ '%internet%'::text)", "Plans": [{"Node Type": "Bitmap Index Scan", "Parent Relationship": "Outer", "Index Name": "info_type_id_movie_info", "Startup Cost": 0.0, "Total Cost": 4841.46, "Plan Rows": 212428, "Plan Width": 0, "Index Cond": "(info_type_id = it1.id)"}]}]}, {"Node Type": "Index Scan", "Parent Relationship": "Inner", "Scan Direction": "Forward", "Index Name": "movie_id_aka_title", "Relation Name": "aka_title", "Alias": "at", "Startup Cost": 0.0, "Total Cost": 2.45, "Plan Rows": 3, "Plan Width": 25, "Index Cond": "(movie_id = mi.movie_id)"}]}, {"Node Type": "Index Scan", "Parent Relationship": "Inner", "Scan Direction": "Forward", "Index Name": "movie_id_movie_companies", "Relation Name": "movie_companies", "Alias": "mc", "Startup Cost": 0.0, "Total Cost": 0.57, "Plan Rows": 2, "Plan Width": 12, "Index Cond": "(movie_id = at.movie_id)"}]}, {"Node Type": "Index Scan", "Parent Relationship": "Inner", "Scan Direction": "Forward", "Index Name": "company_name_pkey", "Relation Name": "company_name", "Alias": "cn", "Startup Cost": 0.0, "Total Cost": 0.28, "Plan Rows": 1, "Plan Width": 4, "Index Cond": "(id = mc.company_id)", "Filter": "((country_code)::text = '[us]'::text)"}]}, {"Node Type": "Index Scan", "Parent Relationship": "Inner", "Scan Direction": "Forward", "Index Name": "company_type_pkey", "Relation Name": "company_type", "Alias": "ct", "Startup Cost": 0.0, "Total Cost": 0.27, "Plan Rows": 1, "Plan Width": 4, "Index Cond": "(id = mc.company_type_id)"}]}, {"Node Type": "Index Scan", "Parent Relationship": "Inner", "Scan Direction": "Forward", "Index Name": "title_pkey", "Relation Name": "title", "Alias": "t", "Startup Cost": 0.0, "Total Cost": 0.34, "Plan Rows": 1, "Plan Width": 21, "Index Cond": "(id = mc.movie_id)", "Filter": "(production_year > 1990)"}]}, {"Node Type": "Index Scan", "Parent Relationship": "Inner", "Scan Direction": "Forward", "Index Name": "movie_id_movie_keyword", "Relation Name": "movie_keyword", "Alias": "mk", "Startup Cost": 0.0, "Total Cost": 0.46, "Plan Rows": 8, "Plan Width": 8, "Index Cond": "(movie_id = mc.movie_id)"}]}, {"Node Type": "Index Scan", "Parent Relationship": "Inner", "Scan Direction": "Forward", "Index Name": "keyword_pkey", "Relation Name": "keyword", "Alias": "k", "Startup Cost": 0.0, "Total Cost": 0.27, "Plan Rows": 1, "Plan Width": 4, "Index Cond": "(id = mk.keyword_id)"}]}]}, "Unique SQL Id": 2302223328, "Planner Runtime": 63}, "explain_analyze_plan": {"Plan": {"Node Type": "Aggregate", "Strategy": "Plain", "Startup Cost": 167852.02, "Total Cost": 167852.03, "Plan Rows": 1, "Plan Width": 102, "Actual Startup Time": 1633.849, "Actual Total Time": 1633.85, "Actual Rows": 1, "Actual Loops": 1, "Plans": [{"Node Type": "Nested Loop", "Parent Relationship": "Outer", "Join Type": "Inner", "Startup Cost": 4841.51, "Total Cost": 167817.5, "Plan Rows": 6905, "Plan Width": 38, "Actual Startup Time": 423.873, "Actual Total Time": 1631.025, "Actual Rows": 4371, "Actual Loops": 1, "Inner Unique": true, "Plans": [{"Node Type": "Nested Loop", "Parent Relationship": "Outer", "Join Type": "Inner", "Startup Cost": 4841.51, "Total Cost": 165840.93, "Plan Rows": 7042, "Plan Width": 42, "Actual Startup Time": 423.85, "Actual Total Time": 1611.993, "Actual Rows": 4371, "Actual Loops": 1, "Inner Unique": false, "Join Filter": "(t.id = mk.movie_id)", "Rows Removed by Join Filter": 0, "Plans": [{"Node Type": "Nested Loop", "Parent Relationship": "Outer", "Join Type": "Inner", "Startup Cost": 4841.51, "Total Cost": 165349.96, "Plan Rows": 873, "Plan Width": 54, "Actual Startup Time": 395.214, "Actual Total Time": 1605.553, "Actual Rows": 382, "Actual Loops": 1, "Inner Unique": true, "Join Filter": "(at.movie_id = t.id)", "Rows Removed by Join Filter": 0, "Plans": [{"Node Type": "Nested Loop", "Parent Relationship": "Outer", "Join Type": "Inner", "Startup Cost": 4841.51, "Total Cost": 165127.87, "Plan Rows": 630, "Plan Width": 33, "Actual Startup Time": 395.175, "Actual Total Time": 1602.581, "Actual Rows": 382, "Actual Loops": 1, "Inner Unique": true, "Plans": [{"Node Type": "Nested Loop", "Parent Relationship": "Outer", "Join Type": "Inner", "Startup Cost": 4841.51, "Total Cost": 164951.47, "Plan Rows": 630, "Plan Width": 37, "Actual Startup Time": 389.59, "Actual Total Time": 1600.572, "Actual Rows": 896, "Actual Loops": 1, "Inner Unique": true, "Plans": [{"Node Type": "Nested Loop", "Parent Relationship": "Outer", "Join Type": "Inner", "Startup Cost": 4841.51, "Total Cost": 164648.85, "Plan Rows": 1052, "Plan Width": 41, "Actual Startup Time": 389.562, "Actual Total Time": 1588.026, "Actual Rows": 2130, "Actual Loops": 1, "Inner Unique": false, "Plans": [{"Node Type": "Nested Loop", "Parent Relationship": "Outer", "Join Type": "Inner", "Startup Cost": 4841.51, "Total Cost": 164359.77, "Plan Rows": 490, "Plan Width": 29, "Actual Startup Time": 385.821, "Actual Total Time": 1581.61, "Actual Rows": 591, "Actual Loops": 1, "Inner Unique": false, "Plans": [{"Node Type": "Nested Loop", "Parent Relationship": "Outer", "Join Type": "Inner", "Startup Cost": 4841.51, "Total Cost": 163884.08, "Plan Rows": 192, "Plan Width": 4, "Actual Startup Time": 385.322, "Actual Total Time": 1546.451, "Actual Rows": 10679, "Actual Loops": 1, "Inner Unique": false, "Plans": [{"Node Type": "Seq Scan", "Parent Relationship": "Outer", "Relation Name": "info_type", "Alias": "it1", "Startup Cost": 0.0, "Total Cost": 2.4, "Plan Rows": 1, "Plan Width": 4, "Actual Startup Time": 0.047, "Actual Total Time": 0.08, "Actual Rows": 1, "Actual Loops": 1, "Filter": "((info)::text = 'release dates'::text)", "Rows Removed by Filter": 111}, {"Node Type": "Bitmap Heap Scan", "Parent Relationship": "Inner", "Relation Name": "movie_info", "Alias": "mi", "Startup Cost": 4841.51, "Total Cost": 163879.76, "Plan Rows": 192, "Plan Width": 8, "Actual Startup Time": 385.266, "Actual Total Time": 1543.847, "Actual Rows": 10679, "Actual Loops": 1, "Recheck Cond": "(info_type_id = it1.id)", "Rows Removed by Index Recheck": 0, "Filter": "((note)::text ~~ '%internet%'::text)", "Rows Removed by Filter": 3026040, "Exact Heap Blocks": 21947, "Lossy Heap Blocks": 21947, "Plans": [{"Node Type": "Bitmap Index Scan", "Parent Relationship": "Outer", "Index Name": "info_type_id_movie_info", "Startup Cost": 0.0, "Total Cost": 4841.46, "Plan Rows": 212428, "Plan Width": 0, "Actual Startup Time": 379.905, "Actual Total Time": 379.905, "Actual Rows": 3036719, "Actual Loops": 1, "Index Cond": "(info_type_id = it1.id)"}]}]}, {"Node Type": "Index Scan", "Parent Relationship": "Inner", "Scan Direction": "Forward", "Index Name": "movie_id_aka_title", "Relation Name": "aka_title", "Alias": "at", "Startup Cost": 0.0, "Total Cost": 2.45, "Plan Rows": 3, "Plan Width": 25, "Actual Startup Time": 28.62, "Actual Total Time": 29.215, "Actual Rows": 591, "Actual Loops": 10679, "Index Cond": "(movie_id = mi.movie_id)", "Rows Removed by Index Recheck": 0}]}, {"Node Type": "Index Scan", "Parent Relationship": "Inner", "Scan Direction": "Forward", "Index Name": "movie_id_movie_companies", "Relation Name": "movie_companies", "Alias": "mc", "Startup Cost": 0.0, "Total Cost": 0.57, "Plan Rows": 2, "Plan Width": 12, "Actual Startup Time": 3.763, "Actual Total Time": 5.298, "Actual Rows": 2130, "Actual Loops": 591, "Index Cond": "(movie_id = at.movie_id)", "Rows Removed by Index Recheck": 0}]}, {"Node Type": "Index Scan", "Parent Relationship": "Inner", "Scan Direction": "Forward", "Index Name": "company_name_pkey", "Relation Name": "company_name", "Alias": "cn", "Startup Cost": 0.0, "Total Cost": 0.28, "Plan Rows": 1, "Plan Width": 4, "Actual Startup Time": 10.891, "Actual Total Time": 10.891, "Actual Rows": 896, "Actual Loops": 2130, "Index Cond": "(id = mc.company_id)", "Rows Removed by Index Recheck": 0, "Filter": "((country_code)::text = '[us]'::text)", "Rows Removed by Filter": 1234}]}, {"Node Type": "Index Scan", "Parent Relationship": "Inner", "Scan Direction": "Forward", "Index Name": "company_type_pkey", "Relation Name": "company_type", "Alias": "ct", "Startup Cost": 0.0, "Total Cost": 0.27, "Plan Rows": 1, "Plan Width": 4, "Actual Startup Time": 1.126, "Actual Total Time": 1.126, "Actual Rows": 382, "Actual Loops": 896, "Index Cond": "(id = mc.company_type_id)", "Rows Removed by Index Recheck": 0}]}, {"Node Type": "Index Scan", "Parent Relationship": "Inner", "Scan Direction": "Forward", "Index Name": "title_pkey", "Relation Name": "title", "Alias": "t", "Startup Cost": 0.0, "Total Cost": 0.34, "Plan Rows": 1, "Plan Width": 21, "Actual Startup Time": 2.288, "Actual Total Time": 2.288, "Actual Rows": 382, "Actual Loops": 382, "Index Cond": "(id = mc.movie_id)", "Rows Removed by Index Recheck": 0, "Filter": "(production_year > 1990)", "Rows Removed by Filter": 0}]}, {"Node Type": "Index Scan", "Parent Relationship": "Inner", "Scan Direction": "Forward", "Index Name": "movie_id_movie_keyword", "Relation Name": "movie_keyword", "Alias": "mk", "Startup Cost": 0.0, "Total Cost": 0.46, "Plan Rows": 8, "Plan Width": 8, "Actual Startup Time": 2.398, "Actual Total Time": 4.313, "Actual Rows": 4371, "Actual Loops": 382, "Index Cond": "(movie_id = mc.movie_id)", "Rows Removed by Index Recheck": 0}]}, {"Node Type": "Index Scan", "Parent Relationship": "Inner", "Scan Direction": "Forward", "Index Name": "keyword_pkey", "Relation Name": "keyword", "Alias": "k", "Startup Cost": 0.0, "Total Cost": 0.27, "Plan Rows": 1, "Plan Width": 4, "Actual Startup Time": 15.645, "Actual Total Time": 15.645, "Actual Rows": 4371, "Actual Loops": 4371, "Index Cond": "(id = mk.keyword_id)", "Rows Removed by Index Recheck": 0}]}]}, "Triggers": [], "Planner Runtime": 63, "Total Runtime": 1634.367, "Unique SQL Id": 2302223328}}, "(1, 101)": {"explain_plan": {"Plan": {"Node Type": "Aggregate", "Strategy": "Plain", "Startup Cost": 167863.83, "Total Cost": 167863.84, "Plan Rows": 1, "Plan Width": 102, "Plans": [{"Node Type": "Nested Loop", "Parent Relationship": "Outer", "Join Type": "Inner", "Startup Cost": 4841.51, "Total Cost": 167829.31, "Plan Rows": 6905, "Plan Width": 38, "Inner Unique": true, "Plans": [{"Node Type": "Nested Loop", "Parent Relationship": "Outer", "Join Type": "Inner", "Startup Cost": 4841.51, "Total Cost": 165852.74, "Plan Rows": 7042, "Plan Width": 42, "Inner Unique": false, "Join Filter": "(t.id = mk.movie_id)", "Plans": [{"Node Type": "Nested Loop", "Parent Relationship": "Outer", "Join Type": "Inner", "Startup Cost": 4841.51, "Total Cost": 165361.77, "Plan Rows": 873, "Plan Width": 54, "Inner Unique": true, "Join Filter": "(at.movie_id = t.id)", "Plans": [{"Node Type": "Nested Loop", "Parent Relationship": "Outer", "Join Type": "Inner", "Startup Cost": 4841.51, "Total Cost": 165139.68, "Plan Rows": 630, "Plan Width": 33, "Inner Unique": true, "Plans": [{"Node Type": "Nested Loop", "Parent Relationship": "Outer", "Join Type": "Inner", "Startup Cost": 4841.51, "Total Cost": 164963.28, "Plan Rows": 630, "Plan Width": 37, "Inner Unique": true, "Plans": [{"Node Type": "Nested Loop", "Parent Relationship": "Outer", "Join Type": "Inner", "Startup Cost": 4841.51, "Total Cost": 164660.66, "Plan Rows": 1052, "Plan Width": 41, "Inner Unique": false, "Plans": [{"Node Type": "Nested Loop", "Parent Relationship": "Outer", "Join Type": "Inner", "Startup Cost": 4841.51, "Total Cost": 164371.58, "Plan Rows": 490, "Plan Width": 29, "Inner Unique": false, "Plans": [{"Node Type": "Nested Loop", "Parent Relationship": "Outer", "Join Type": "Inner", "Startup Cost": 4841.51, "Total Cost": 163895.89, "Plan Rows": 192, "Plan Width": 4, "Inner Unique": false, "Plans": [{"Node Type": "Index Scan", "Parent Relationship": "Outer", "Scan Direction": "Forward", "Index Name": "info_type_pkey", "Relation Name": "info_type", "Alias": "it1", "Startup Cost": 0.0, "Total Cost": 14.21, "Plan Rows": 1, "Plan Width": 4, "Filter": "((info)::text = 'release dates'::text)"}, {"Node Type": "Bitmap Heap Scan", "Parent Relationship": "Inner", "Relation Name": "movie_info", "Alias": "mi", "Startup Cost": 4841.51, "Total Cost": 163879.76, "Plan Rows": 192, "Plan Width": 8, "Recheck Cond": "(info_type_id = it1.id)", "Filter": "((note)::text ~~ '%internet%'::text)", "Plans": [{"Node Type": "Bitmap Index Scan", "Parent Relationship": "Outer", "Index Name": "info_type_id_movie_info", "Startup Cost": 0.0, "Total Cost": 4841.46, "Plan Rows": 212428, "Plan Width": 0, "Index Cond": "(info_type_id = it1.id)"}]}]}, {"Node Type": "Index Scan", "Parent Relationship": "Inner", "Scan Direction": "Forward", "Index Name": "movie_id_aka_title", "Relation Name": "aka_title", "Alias": "at", "Startup Cost": 0.0, "Total Cost": 2.45, "Plan Rows": 3, "Plan Width": 25, "Index Cond": "(movie_id = mi.movie_id)"}]}, {"Node Type": "Index Scan", "Parent Relationship": "Inner", "Scan Direction": "Forward", "Index Name": "movie_id_movie_companies", "Relation Name": "movie_companies", "Alias": "mc", "Startup Cost": 0.0, "Total Cost": 0.57, "Plan Rows": 2, "Plan Width": 12, "Index Cond": "(movie_id = at.movie_id)"}]}, {"Node Type": "Index Scan", "Parent Relationship": "Inner", "Scan Direction": "Forward", "Index Name": "company_name_pkey", "Relation Name": "company_name", "Alias": "cn", "Startup Cost": 0.0, "Total Cost": 0.28, "Plan Rows": 1, "Plan Width": 4, "Index Cond": "(id = mc.company_id)", "Filter": "((country_code)::text = '[us]'::text)"}]}, {"Node Type": "Index Scan", "Parent Relationship": "Inner", "Scan Direction": "Forward", "Index Name": "company_type_pkey", "Relation Name": "company_type", "Alias": "ct", "Startup Cost": 0.0, "Total Cost": 0.27, "Plan Rows": 1, "Plan Width": 4, "Index Cond": "(id = mc.company_type_id)"}]}, {"Node Type": "Index Scan", "Parent Relationship": "Inner", "Scan Direction": "Forward", "Index Name": "title_pkey", "Relation Name": "title", "Alias": "t", "Startup Cost": 0.0, "Total Cost": 0.34, "Plan Rows": 1, "Plan Width": 21, "Index Cond": "(id = mc.movie_id)", "Filter": "(production_year > 1990)"}]}, {"Node Type": "Index Scan", "Parent Relationship": "Inner", "Scan Direction": "Forward", "Index Name": "movie_id_movie_keyword", "Relation Name": "movie_keyword", "Alias": "mk", "Startup Cost": 0.0, "Total Cost": 0.46, "Plan Rows": 8, "Plan Width": 8, "Index Cond": "(movie_id = mc.movie_id)"}]}, {"Node Type": "Index Scan", "Parent Relationship": "Inner", "Scan Direction": "Forward", "Index Name": "keyword_pkey", "Relation Name": "keyword", "Alias": "k", "Startup Cost": 0.0, "Total Cost": 0.27, "Plan Rows": 1, "Plan Width": 4, "Index Cond": "(id = mk.keyword_id)"}]}]}, "Unique SQL Id": 2302223328, "Planner Runtime": 56}, "explain_analyze_plan": {"Plan": {"Node Type": "Aggregate", "Strategy": "Plain", "Startup Cost": 167863.83, "Total Cost": 167863.84, "Plan Rows": 1, "Plan Width": 102, "Actual Startup Time": 1545.46, "Actual Total Time": 1545.461, "Actual Rows": 1, "Actual Loops": 1, "Plans": [{"Node Type": "Nested Loop", "Parent Relationship": "Outer", "Join Type": "Inner", "Startup Cost": 4841.51, "Total Cost": 167829.31, "Plan Rows": 6905, "Plan Width": 38, "Actual Startup Time": 412.121, "Actual Total Time": 1542.508, "Actual Rows": 4371, "Actual Loops": 1, "Inner Unique": true, "Plans": [{"Node Type": "Nested Loop", "Parent Relationship": "Outer", "Join Type": "Inner", "Startup Cost": 4841.51, "Total Cost": 165852.74, "Plan Rows": 7042, "Plan Width": 42, "Actual Startup Time": 412.108, "Actual Total Time": 1524.469, "Actual Rows": 4371, "Actual Loops": 1, "Inner Unique": false, "Join Filter": "(t.id = mk.movie_id)", "Rows Removed by Join Filter": 0, "Plans": [{"Node Type": "Nested Loop", "Parent Relationship": "Outer", "Join Type": "Inner", "Startup Cost": 4841.51, "Total Cost": 165361.77, "Plan Rows": 873, "Plan Width": 54, "Actual Startup Time": 387.562, "Actual Total Time": 1518.456, "Actual Rows": 382, "Actual Loops": 1, "Inner Unique": true, "Join Filter": "(at.movie_id = t.id)", "Rows Removed by Join Filter": 0, "Plans": [{"Node Type": "Nested Loop", "Parent Relationship": "Outer", "Join Type": "Inner", "Startup Cost": 4841.51, "Total Cost": 165139.68, "Plan Rows": 630, "Plan Width": 33, "Actual Startup Time": 387.538, "Actual Total Time": 1515.791, "Actual Rows": 382, "Actual Loops": 1, "Inner Unique": true, "Plans": [{"Node Type": "Nested Loop", "Parent Relationship": "Outer", "Join Type": "Inner", "Startup Cost": 4841.51, "Total Cost": 164963.28, "Plan Rows": 630, "Plan Width": 37, "Actual Startup Time": 382.825, "Actual Total Time": 1513.782, "Actual Rows": 896, "Actual Loops": 1, "Inner Unique": true, "Plans": [{"Node Type": "Nested Loop", "Parent Relationship": "Outer", "Join Type": "Inner", "Startup Cost": 4841.51, "Total Cost": 164660.66, "Plan Rows": 1052, "Plan Width": 41, "Actual Startup Time": 382.802, "Actual Total Time": 1502.284, "Actual Rows": 2130, "Actual Loops": 1, "Inner Unique": false, "Plans": [{"Node Type": "Nested Loop", "Parent Relationship": "Outer", "Join Type": "Inner", "Startup Cost": 4841.51, "Total Cost": 164371.58, "Plan Rows": 490, "Plan Width": 29, "Actual Startup Time": 379.635, "Actual Total Time": 1496.624, "Actual Rows": 591, "Actual Loops": 1, "Inner Unique": false, "Plans": [{"Node Type": "Nested Loop", "Parent Relationship": "Outer", "Join Type": "Inner", "Startup Cost": 4841.51, "Total Cost": 163895.89, "Plan Rows": 192, "Plan Width": 4, "Actual Startup Time": 379.185, "Actual Total Time": 1462.94, "Actual Rows": 10679, "Actual Loops": 1, "Inner Unique": false, "Plans": [{"Node Type": "Index Scan", "Parent Relationship": "Outer", "Scan Direction": "Forward", "Index Name": "info_type_pkey", "Relation Name": "info_type", "Alias": "it1", "Startup Cost": 0.0, "Total Cost": 14.21, "Plan Rows": 1, "Plan Width": 4, "Actual Startup Time": 0.049, "Actual Total Time": 0.095, "Actual Rows": 1, "Actual Loops": 1, "Filter": "((info)::text = 'release dates'::text)", "Rows Removed by Filter": 111}, {"Node Type": "Bitmap Heap Scan", "Parent Relationship": "Inner", "Relation Name": "movie_info", "Alias": "mi", "Startup Cost": 4841.51, "Total Cost": 163879.76, "Plan Rows": 192, "Plan Width": 8, "Actual Startup Time": 379.126, "Actual Total Time": 1460.237, "Actual Rows": 10679, "Actual Loops": 1, "Recheck Cond": "(info_type_id = it1.id)", "Rows Removed by Index Recheck": 0, "Filter": "((note)::text ~~ '%internet%'::text)", "Rows Removed by Filter": 3026040, "Exact Heap Blocks": 21947, "Lossy Heap Blocks": 21947, "Plans": [{"Node Type": "Bitmap Index Scan", "Parent Relationship": "Outer", "Index Name": "info_type_id_movie_info", "Startup Cost": 0.0, "Total Cost": 4841.46, "Plan Rows": 212428, "Plan Width": 0, "Actual Startup Time": 374.244, "Actual Total Time": 374.244, "Actual Rows": 3036719, "Actual Loops": 1, "Index Cond": "(info_type_id = it1.id)"}]}]}, {"Node Type": "Index Scan", "Parent Relationship": "Inner", "Scan Direction": "Forward", "Index Name": "movie_id_aka_title", "Relation Name": "aka_title", "Alias": "at", "Startup Cost": 0.0, "Total Cost": 2.45, "Plan Rows": 3, "Plan Width": 25, "Actual Startup Time": 26.996, "Actual Total Time": 27.507, "Actual Rows": 591, "Actual Loops": 10679, "Index Cond": "(movie_id = mi.movie_id)", "Rows Removed by Index Recheck": 0}]}, {"Node Type": "Index Scan", "Parent Relationship": "Inner", "Scan Direction": "Forward", "Index Name": "movie_id_movie_companies", "Relation Name": "movie_companies", "Alias": "mc", "Startup Cost": 0.0, "Total Cost": 0.57, "Plan Rows": 2, "Plan Width": 12, "Actual Startup Time": 3.135, "Actual Total Time": 4.56, "Actual Rows": 2130, "Actual Loops": 591, "Index Cond": "(movie_id = at.movie_id)", "Rows Removed by Index Recheck": 0}]}, {"Node Type": "Index Scan", "Parent Relationship": "Inner", "Scan Direction": "Forward", "Index Name": "company_name_pkey", "Relation Name": "company_name", "Alias": "cn", "Startup Cost": 0.0, "Total Cost": 0.28, "Plan Rows": 1, "Plan Width": 4, "Actual Startup Time": 9.76, "Actual Total Time": 9.76, "Actual Rows": 896, "Actual Loops": 2130, "Index Cond": "(id = mc.company_id)", "Rows Removed by Index Recheck": 0, "Filter": "((country_code)::text = '[us]'::text)", "Rows Removed by Filter": 1234}]}, {"Node Type": "Index Scan", "Parent Relationship": "Inner", "Scan Direction": "Forward", "Index Name": "company_type_pkey", "Relation Name": "company_type", "Alias": "ct", "Startup Cost": 0.0, "Total Cost": 0.27, "Plan Rows": 1, "Plan Width": 4, "Actual Startup Time": 1.127, "Actual Total Time": 1.127, "Actual Rows": 382, "Actual Loops": 896, "Index Cond": "(id = mc.company_type_id)", "Rows Removed by Index Recheck": 0}]}, {"Node Type": "Index Scan", "Parent Relationship": "Inner", "Scan Direction": "Forward", "Index Name": "title_pkey", "Relation Name": "title", "Alias": "t", "Startup Cost": 0.0, "Total Cost": 0.34, "Plan Rows": 1, "Plan Width": 21, "Actual Startup Time": 1.943, "Actual Total Time": 1.943, "Actual Rows": 382, "Actual Loops": 382, "Index Cond": "(id = mc.movie_id)", "Rows Removed by Index Recheck": 0, "Filter": "(production_year > 1990)", "Rows Removed by Filter": 0}]}, {"Node Type": "Index Scan", "Parent Relationship": "Inner", "Scan Direction": "Forward", "Index Name": "movie_id_movie_keyword", "Relation Name": "movie_keyword", "Alias": "mk", "Startup Cost": 0.0, "Total Cost": 0.46, "Plan Rows": 8, "Plan Width": 8, "Actual Startup Time": 2.043, "Actual Total Time": 3.957, "Actual Rows": 4371, "Actual Loops": 382, "Index Cond": "(movie_id = mc.movie_id)", "Rows Removed by Index Recheck": 0}]}, {"Node Type": "Index Scan", "Parent Relationship": "Inner", "Scan Direction": "Forward", "Index Name": "keyword_pkey", "Relation Name": "keyword", "Alias": "k", "Startup Cost": 0.0, "Total Cost": 0.27, "Plan Rows": 1, "Plan Width": 4, "Actual Startup Time": 14.665, "Actual Total Time": 14.665, "Actual Rows": 4371, "Actual Loops": 4371, "Index Cond": "(id = mk.keyword_id)", "Rows Removed by Index Recheck": 0}]}]}, "Triggers": [], "Planner Runtime": 56, "Total Runtime": 1545.957, "Unique SQL Id": 2302223328}}, "(1, 102)": {"explain_plan": {"Plan": {"Node Type": "Aggregate", "Strategy": "Plain", "Startup Cost": 178692.58, "Total Cost": 178692.59, "Plan Rows": 1, "Plan Width": 102, "Plans": [{"Node Type": "Hash Join", "Parent Relationship": "Outer", "Join Type": "Inner", "Startup Cost": 8624.11, "Total Cost": 178658.05, "Plan Rows": 6905, "Plan Width": 38, "Inner Unique": true, "Hash Cond": "(mk.keyword_id = k.id)", "Plans": [{"Node Type": "Nested Loop", "Parent Relationship": "Outer", "Join Type": "Inner", "Startup Cost": 4846.31, "Total Cost": 174784.81, "Plan Rows": 7042, "Plan Width": 42, "Inner Unique": false, "Join Filter": "(t.id = mk.movie_id)", "Plans": [{"Node Type": "Nested Loop", "Parent Relationship": "Outer", "Join Type": "Inner", "Startup Cost": 4845.97, "Total Cost": 170823.11, "Plan Rows": 873, "Plan Width": 54, "Inner Unique": false, "Join Filter": "(t.id = at.movie_id)", "Plans": [{"Node Type": "Hash Join", "Parent Relationship": "Outer", "Join Type": "Inner", "Startup Cost": 4845.7, "Total Cost": 168744.0, "Plan Rows": 478, "Plan Width": 29, "Inner Unique": true, "Hash Cond": "(mc.company_type_id = ct.id)", "Plans": [{"Node Type": "Nested Loop", "Parent Relationship": "Outer", "Join Type": "Inner", "Startup Cost": 4844.63, "Total Cost": 168736.95, "Plan Rows": 478, "Plan Width": 33, "Inner Unique": true, "Plans": [{"Node Type": "Nested Loop", "Parent Relationship": "Outer", "Join Type": "Inner", "Startup Cost": 4844.37, "Total Cost": 166304.0, "Plan Rows": 568, "Plan Width": 37, "Inner Unique": false, "Plans": [{"Node Type": "Nested Loop", "Parent Relationship": "Outer", "Join Type": "Inner", "Startup Cost": 4844.08, "Total Cost": 165151.58, "Plan Rows": 266, "Plan Width": 25, "Inner Unique": true, "Plans": [{"Node Type": "Nested Loop", "Parent Relationship": "Outer", "Join Type": "Inner", "Startup Cost": 4841.51, "Total Cost": 163884.08, "Plan Rows": 192, "Plan Width": 4, "Inner Unique": false, "Plans": [{"Node Type": "Seq Scan", "Parent Relationship": "Outer", "Relation Name": "info_type", "Alias": "it1", "Startup Cost": 0.0, "Total Cost": 2.4, "Plan Rows": 1, "Plan Width": 4, "Filter": "((info)::text = 'release dates'::text)"}, {"Node Type": "Bitmap Heap Scan", "Parent Relationship": "Inner", "Relation Name": "movie_info", "Alias": "mi", "Startup Cost": 4841.51, "Total Cost": 163879.76, "Plan Rows": 192, "Plan Width": 8, "Recheck Cond": "(info_type_id = it1.id)", "Filter": "((note)::text ~~ '%internet%'::text)", "Plans": [{"Node Type": "Bitmap Index Scan", "Parent Relationship": "Outer", "Index Name": "info_type_id_movie_info", "Startup Cost": 0.0, "Total Cost": 4841.46, "Plan Rows": 212428, "Plan Width": 0, "Index Cond": "(info_type_id = it1.id)"}]}]}, {"Node Type": "Bitmap Heap Scan", "Parent Relationship": "Inner", "Relation Name": "title", "Alias": "t", "Startup Cost": 2.58, "Total Cost": 6.59, "Plan Rows": 1, "Plan Width": 21, "Recheck Cond": "(id = mi.movie_id)", "Filter": "(production_year > 1990)", "Plans": [{"Node Type": "Bitmap Index Scan", "Parent Relationship": "Outer", "Index Name": "title_pkey", "Startup Cost": 0.0, "Total Cost": 2.58, "Plan Rows": 1, "Plan Width": 0, "Index Cond": "(id = mi.movie_id)"}]}]}, {"Node Type": "Bitmap Heap Scan", "Parent Relationship": "Inner", "Relation Name": "movie_companies", "Alias": "mc", "Startup Cost": 0.29, "Total Cost": 4.31, "Plan Rows": 2, "Plan Width": 12, "Recheck Cond": "(movie_id = t.id)", "Plans": [{"Node Type": "Bitmap Index Scan", "Parent Relationship": "Outer", "Index Name": "movie_id_movie_companies", "Startup Cost": 0.0, "Total Cost": 0.29, "Plan Rows": 2, "Plan Width": 0, "Index Cond": "(movie_id = t.id)"}]}]}, {"Node Type": "Bitmap Heap Scan", "Parent Relationship": "Inner", "Relation Name": "company_name", "Alias": "cn", "Startup Cost": 0.26, "Total Cost": 4.27, "Plan Rows": 1, "Plan Width": 4, "Recheck Cond": "(id = mc.company_id)", "Filter": "((country_code)::text = '[us]'::text)", "Plans": [{"Node Type": "Bitmap Index Scan", "Parent Relationship": "Outer", "Index Name": "company_name_pkey", "Startup Cost": 0.0, "Total Cost": 0.26, "Plan Rows": 1, "Plan Width": 0, "Index Cond": "(id = mc.company_id)"}]}]}, {"Node Type": "Hash", "Parent Relationship": "Inner", "Startup Cost": 1.03, "Total Cost": 1.03, "Plan Rows": 3, "Plan Width": 4, "Plans": [{"Node Type": "Seq Scan", "Parent Relationship": "Outer", "Relation Name": "company_type", "Alias": "ct", "Startup Cost": 0.0, "Total Cost": 1.03, "Plan Rows": 3, "Plan Width": 4}]}]}, {"Node Type": "Bitmap Heap Scan", "Parent Relationship": "Inner", "Relation Name": "aka_title", "Alias": "at", "Startup Cost": 0.27, "Total Cost": 4.31, "Plan Rows": 3, "Plan Width": 25, "Recheck Cond": "(movie_id = mc.movie_id)", "Plans": [{"Node Type": "Bitmap Index Scan", "Parent Relationship": "Outer", "Index Name": "movie_id_aka_title", "Startup Cost": 0.0, "Total Cost": 0.27, "Plan Rows": 3, "Plan Width": 0, "Index Cond": "(movie_id = mc.movie_id)"}]}]}, {"Node Type": "Bitmap Heap Scan", "Parent Relationship": "Inner", "Relation Name": "movie_keyword", "Alias": "mk", "Startup Cost": 0.34, "Total Cost": 4.44, "Plan Rows": 8, "Plan Width": 8, "Recheck Cond": "(movie_id = mc.movie_id)", "Plans": [{"Node Type": "Bitmap Index Scan", "Parent Relationship": "Outer", "Index Name": "movie_id_movie_keyword", "Startup Cost": 0.0, "Total Cost": 0.34, "Plan Rows": 8, "Plan Width": 0, "Index Cond": "(movie_id = mc.movie_id)"}]}]}, {"Node Type": "Hash", "Parent Relationship": "Inner", "Startup Cost": 2100.69, "Total Cost": 2100.69, "Plan Rows": 134169, "Plan Width": 4, "Plans": [{"Node Type": "Seq Scan", "Parent Relationship": "Outer", "Relation Name": "keyword", "Alias": "k", "Startup Cost": 0.0, "Total Cost": 2100.69, "Plan Rows": 134169, "Plan Width": 4}]}]}]}, "Unique SQL Id": 2302223328, "Planner Runtime": 90}, "explain_analyze_plan": {"Plan": {"Node Type": "Aggregate", "Strategy": "Plain", "Startup Cost": 178692.58, "Total Cost": 178692.59, "Plan Rows": 1, "Plan Width": 102, "Actual Startup Time": 1871.565, "Actual Total Time": 1871.565, "Actual Rows": 1, "Actual Loops": 1, "Plans": [{"Node Type": "Hash Join", "Parent Relationship": "Outer", "Join Type": "Inner", "Startup Cost": 8624.11, "Total Cost": 178658.05, "Plan Rows": 6905, "Plan Width": 38, "Actual Startup Time": 490.226, "Actual Total Time": 1868.994, "Actual Rows": 4371, "Actual Loops": 1, "Inner Unique": true, "Hash Cond": "(mk.keyword_id = k.id)", "Plans": [{"Node Type": "Nested Loop", "Parent Relationship": "Outer", "Join Type": "Inner", "Startup Cost": 4846.31, "Total Cost": 174784.81, "Plan Rows": 7042, "Plan Width": 42, "Actual Startup Time": 416.381, "Actual Total Time": 1792.78, "Actual Rows": 4371, "Actual Loops": 1, "Inner Unique": false, "Join Filter": "(t.id = mk.movie_id)", "Rows Removed by Join Filter": 0, "Plans": [{"Node Type": "Nested Loop", "Parent Relationship": "Outer", "Join Type": "Inner", "Startup Cost": 4845.97, "Total Cost": 170823.11, "Plan Rows": 873, "Plan Width": 54, "Actual Startup Time": 389.471, "Actual Total Time": 1786.725, "Actual Rows": 382, "Actual Loops": 1, "Inner Unique": false, "Join Filter": "(t.id = at.movie_id)", "Rows Removed by Join Filter": 0, "Plans": [{"Node Type": "Hash Join", "Parent Relationship": "Outer", "Join Type": "Inner", "Startup Cost": 4845.7, "Total Cost": 168744.0, "Plan Rows": 478, "Plan Width": 29, "Actual Startup Time": 379.782, "Actual Total Time": 1757.547, "Actual Rows": 5914, "Actual Loops": 1, "Inner Unique": true, "Hash Cond": "(mc.company_type_id = ct.id)", "Plans": [{"Node Type": "Nested Loop", "Parent Relationship": "Outer", "Join Type": "Inner", "Startup Cost": 4844.63, "Total Cost": 168736.95, "Plan Rows": 478, "Plan Width": 33, "Actual Startup Time": 379.622, "Actual Total Time": 1752.324, "Actual Rows": 9857, "Actual Loops": 1, "Inner Unique": true, "Plans": [{"Node Type": "Nested Loop", "Parent Relationship": "Outer", "Join Type": "Inner", "Startup Cost": 4844.37, "Total Cost": 166304.0, "Plan Rows": 568, "Plan Width": 37, "Actual Startup Time": 379.581, "Actual Total Time": 1652.28, "Actual Rows": 14377, "Actual Loops": 1, "Inner Unique": false, "Plans": [{"Node Type": "Nested Loop", "Parent Relationship": "Outer", "Join Type": "Inner", "Startup Cost": 4844.08, "Total Cost": 165151.58, "Plan Rows": 266, "Plan Width": 25, "Actual Startup Time": 379.558, "Actual Total Time": 1562.383, "Actual Rows": 10662, "Actual Loops": 1, "Inner Unique": true, "Plans": [{"Node Type": "Nested Loop", "Parent Relationship": "Outer", "Join Type": "Inner", "Startup Cost": 4841.51, "Total Cost": 163884.08, "Plan Rows": 192, "Plan Width": 4, "Actual Startup Time": 379.495, "Actual Total Time": 1480.709, "Actual Rows": 10679, "Actual Loops": 1, "Inner Unique": false, "Plans": [{"Node Type": "Seq Scan", "Parent Relationship": "Outer", "Relation Name": "info_type", "Alias": "it1", "Startup Cost": 0.0, "Total Cost": 2.4, "Plan Rows": 1, "Plan Width": 4, "Actual Startup Time": 0.042, "Actual Total Time": 0.075, "Actual Rows": 1, "Actual Loops": 1, "Filter": "((info)::text = 'release dates'::text)", "Rows Removed by Filter": 111}, {"Node Type": "Bitmap Heap Scan", "Parent Relationship": "Inner", "Relation Name": "movie_info", "Alias": "mi", "Startup Cost": 4841.51, "Total Cost": 163879.76, "Plan Rows": 192, "Plan Width": 8, "Actual Startup Time": 379.433, "Actual Total Time": 1478.027, "Actual Rows": 10679, "Actual Loops": 1, "Recheck Cond": "(info_type_id = it1.id)", "Rows Removed by Index Recheck": 0, "Filter": "((note)::text ~~ '%internet%'::text)", "Rows Removed by Filter": 3026040, "Exact Heap Blocks": 21947, "Lossy Heap Blocks": 21947, "Plans": [{"Node Type": "Bitmap Index Scan", "Parent Relationship": "Outer", "Index Name": "info_type_id_movie_info", "Startup Cost": 0.0, "Total Cost": 4841.46, "Plan Rows": 212428, "Plan Width": 0, "Actual Startup Time": 374.47, "Actual Total Time": 374.47, "Actual Rows": 3036719, "Actual Loops": 1, "Index Cond": "(info_type_id = it1.id)"}]}]}, {"Node Type": "Bitmap Heap Scan", "Parent Relationship": "Inner", "Relation Name": "title", "Alias": "t", "Startup Cost": 2.58, "Total Cost": 6.59, "Plan Rows": 1, "Plan Width": 21, "Actual Startup Time": 66.066, "Actual Total Time": 66.066, "Actual Rows": 10662, "Actual Loops": 10679, "Recheck Cond": "(id = mi.movie_id)", "Rows Removed by Index Recheck": 0, "Filter": "(production_year > 1990)", "Rows Removed by Filter": 17, "Exact Heap Blocks": 10679, "Lossy Heap Blocks": 10679, "Plans": [{"Node Type": "Bitmap Index Scan", "Parent Relationship": "Outer", "Index Name": "title_pkey", "Startup Cost": 0.0, "Total Cost": 2.58, "Plan Rows": 1, "Plan Width": 0, "Actual Startup Time": 36.863, "Actual Total Time": 36.863, "Actual Rows": 10679, "Actual Loops": 10679, "Index Cond": "(id = mi.movie_id)"}]}]}, {"Node Type": "Bitmap Heap Scan", "Parent Relationship": "Inner", "Relation Name": "movie_companies", "Alias": "mc", "Startup Cost": 0.29, "Total Cost": 4.31, "Plan Rows": 2, "Plan Width": 12, "Actual Startup Time": 64.229, "Actual Total Time": 72.806, "Actual Rows": 14377, "Actual Loops": 10662, "Recheck Cond": "(movie_id = t.id)", "Rows Removed by Index Recheck": 0, "Exact Heap Blocks": 11694, "Lossy Heap Blocks": 11694, "Plans": [{"Node Type": "Bitmap Index Scan", "Parent Relationship": "Outer", "Index Name": "movie_id_movie_companies", "Startup Cost": 0.0, "Total Cost": 0.29, "Plan Rows": 2, "Plan Width": 0, "Actual Startup Time": 40.949, "Actual Total Time": 40.949, "Actual Rows": 14377, "Actual Loops": 10662, "Index Cond": "(movie_id = t.id)"}]}]}, {"Node Type": "Bitmap Heap Scan", "Parent Relationship": "Inner", "Relation Name": "company_name", "Alias": "cn", "Startup Cost": 0.26, "Total Cost": 4.27, "Plan Rows": 1, "Plan Width": 4, "Actual Startup Time": 81.17, "Actual Total Time": 81.17, "Actual Rows": 9857, "Actual Loops": 14377, "Recheck Cond": "(id = mc.company_id)", "Rows Removed by Index Recheck": 0, "Filter": "((country_code)::text = '[us]'::text)", "Rows Removed by Filter": 4520, "Exact Heap Blocks": 14377, "Lossy Heap Blocks": 14377, "Plans": [{"Node Type": "Bitmap Index Scan", "Parent Relationship": "Outer", "Index Name": "company_name_pkey", "Startup Cost": 0.0, "Total Cost": 0.26, "Plan Rows": 1, "Plan Width": 0, "Actual Startup Time": 44.885, "Actual Total Time": 44.885, "Actual Rows": 14377, "Actual Loops": 14377, "Index Cond": "(id = mc.company_id)"}]}]}, {"Node Type": "Hash", "Parent Relationship": "Inner", "Startup Cost": 1.03, "Total Cost": 1.03, "Plan Rows": 3, "Plan Width": 4, "Actual Startup Time": 0.025, "Actual Total Time": 0.025, "Actual Rows": 3, "Actual Loops": 1, "Hash Buckets": 32768, "Hash Batches": 1, "Original Hash Batches": 1, "Peak Memory Usage": 1, "Plans": [{"Node Type": "Seq Scan", "Parent Relationship": "Outer", "Relation Name": "company_type", "Alias": "ct", "Startup Cost": 0.0, "Total Cost": 1.03, "Plan Rows": 3, "Plan Width": 4, "Actual Startup Time": 0.012, "Actual Total Time": 0.013, "Actual Rows": 3, "Actual Loops": 1}]}]}, {"Node Type": "Bitmap Heap Scan", "Parent Relationship": "Inner", "Relation Name": "aka_title", "Alias": "at", "Startup Cost": 0.27, "Total Cost": 4.31, "Plan Rows": 3, "Plan Width": 25, "Actual Startup Time": 21.354, "Actual Total Time": 21.579, "Actual Rows": 382, "Actual Loops": 5914, "Recheck Cond": "(movie_id = mc.movie_id)", "Rows Removed by Index Recheck": 0, "Exact Heap Blocks": 382, "Lossy Heap Blocks": 382, "Plans": [{"Node Type": "Bitmap Index Scan", "Parent Relationship": "Outer", "Index Name": "movie_id_aka_title", "Startup Cost": 0.0, "Total Cost": 0.27, "Plan Rows": 3, "Plan Width": 0, "Actual Startup Time": 17.254, "Actual Total Time": 17.254, "Actual Rows": 382, "Actual Loops": 5914, "Index Cond": "(movie_id = mc.movie_id)"}]}]}, {"Node Type": "Bitmap Heap Scan", "Parent Relationship": "Inner", "Relation Name": "movie_keyword", "Alias": "mk", "Startup Cost": 0.34, "Total Cost": 4.44, "Plan Rows": 8, "Plan Width": 8, "Actual Startup Time": 3.373, "Actual Total Time": 3.943, "Actual Rows": 4371, "Actual Loops": 382, "Recheck Cond": "(movie_id = mc.movie_id)", "Rows Removed by Index Recheck": 0, "Exact Heap Blocks": 276, "Lossy Heap Blocks": 276, "Plans": [{"Node Type": "Bitmap Index Scan", "Parent Relationship": "Outer", "Index Name": "movie_id_movie_keyword", "Startup Cost": 0.0, "Total Cost": 0.34, "Plan Rows": 8, "Plan Width": 0, "Actual Startup Time": 2.05, "Actual Total Time": 2.05, "Actual Rows": 4371, "Actual Loops": 382, "Index Cond": "(movie_id = mc.movie_id)"}]}]}, {"Node Type": "Hash", "Parent Relationship": "Inner", "Startup Cost": 2100.69, "Total Cost": 2100.69, "Plan Rows": 134169, "Plan Width": 4, "Actual Startup Time": 73.655, "Actual Total Time": 73.655, "Actual Rows": 134169, "Actual Loops": 1, "Hash Buckets": 262144, "Hash Batches": 1, "Original Hash Batches": 1, "Peak Memory Usage": 4717, "Plans": [{"Node Type": "Seq Scan", "Parent Relationship": "Outer", "Relation Name": "keyword", "Alias": "k", "Startup Cost": 0.0, "Total Cost": 2100.69, "Plan Rows": 134169, "Plan Width": 4, "Actual Startup Time": 0.048, "Actual Total Time": 37.956, "Actual Rows": 134169, "Actual Loops": 1}]}]}]}, "Triggers": [], "Planner Runtime": 90, "Total Runtime": 1872.292, "Unique SQL Id": 2302223328}}, "(1, 103)": {"explain_plan": {"Plan": {"Node Type": "Aggregate", "Strategy": "Plain", "Startup Cost": 1000003999861.48, "Total Cost": 1000003999861.49, "Plan Rows": 1, "Plan Width": 102, "Plans": [{"Node Type": "Nested Loop", "Parent Relationship": "Outer", "Join Type": "Inner", "Startup Cost": 10000000002.92, "Total Cost": 1000003999827.29, "Plan Rows": 6838, "Plan Width": 38, "Inner Unique": true, "Join Filter": "(at.movie_id = t.id)", "Plans": [{"Node Type": "Nested Loop", "Parent Relationship": "Outer", "Join Type": "Inner", "Startup Cost": 10000000002.66, "Total Cost": 1000003978634.91, "Plan Rows": 4936, "Plan Width": 37, "Inner Unique": true, "Plans": [{"Node Type": "Nested Loop", "Parent Relationship": "Outer", "Join Type": "Inner", "Startup Cost": 10000000002.4, "Total Cost": 1000003957088.08, "Plan Rows": 5034, "Plan Width": 41, "Inner Unique": false, "Join Filter": "(at.movie_id = mk.movie_id)", "Plans": [{"Node Type": "Nested Loop", "Parent Relationship": "Outer", "Join Type": "Inner", "Startup Cost": 10000000002.06, "Total Cost": 1000003954256.35, "Plan Rows": 624, "Plan Width": 33, "Inner Unique": true, "Plans": [{"Node Type": "Nested Loop", "Parent Relationship": "Outer", "Join Type": "Inner", "Startup Cost": 10000000001.8, "Total Cost": 1000003951585.47, "Plan Rows": 624, "Plan Width": 37, "Inner Unique": true, "Plans": [{"Node Type": "Nested Loop", "Parent Relationship": "Outer", "Join Type": "Inner", "Startup Cost": 10000000001.55, "Total Cost": 1000003947079.38, "Plan Rows": 1052, "Plan Width": 41, "Inner Unique": false, "Plans": [{"Node Type": "Nested Loop", "Parent Relationship": "Outer", "Join Type": "Inner", "Startup Cost": 10000000001.17, "Total Cost": 1000003944915.32, "Plan Rows": 490, "Plan Width": 29, "Inner Unique": true, "Plans": [{"Node Type": "Nested Loop", "Parent Relationship": "Outer", "Join Type": "Inner", "Startup Cost": 10000000000.92, "Total Cost": 1000003797919.45, "Plan Rows": 34318, "Plan Width": 33, "Inner Unique": false, "Plans": [{"Node Type": "Index Scan", "Parent Relationship": "Outer", "Scan Direction": "Forward", "Index Name": "movie_id_aka_title", "Relation Name": "aka_title", "Alias": "at", "Startup Cost": 10000000000.0, "Total Cost": 1000001990001.13, "Plan Rows": 361471, "Plan Width": 25}, {"Node Type": "Bitmap Heap Scan", "Parent Relationship": "Inner", "Relation Name": "movie_info", "Alias": "mi", "Startup Cost": 0.92, "Total Cost": 4.99, "Plan Rows": 1, "Plan Width": 8, "Recheck Cond": "(movie_id = at.movie_id)", "Filter": "((note)::text ~~ '%internet%'::text)", "Plans": [{"Node Type": "Bitmap Index Scan", "Parent Relationship": "Outer", "Index Name": "movie_id_movie_info", "Startup Cost": 0.0, "Total Cost": 0.92, "Plan Rows": 5, "Plan Width": 0, "Index Cond": "(movie_id = at.movie_id)"}]}]}, {"Node Type": "Bitmap Heap Scan", "Parent Relationship": "Inner", "Relation Name": "info_type", "Alias": "it1", "Startup Cost": 0.26, "Total Cost": 4.27, "Plan Rows": 1, "Plan Width": 4, "Recheck Cond": "(id = mi.info_type_id)", "Filter": "((info)::text = 'release dates'::text)", "Plans": [{"Node Type": "Bitmap Index Scan", "Parent Relationship": "Outer", "Index Name": "info_type_pkey", "Startup Cost": 0.0, "Total Cost": 0.26, "Plan Rows": 1, "Plan Width": 0, "Index Cond": "(id = mi.info_type_id)"}]}]}, {"Node Type": "Bitmap Heap Scan", "Parent Relationship": "Inner", "Relation Name": "movie_companies", "Alias": "mc", "Startup Cost": 0.37, "Total Cost": 4.4, "Plan Rows": 2, "Plan Width": 12, "Recheck Cond": "(movie_id = at.movie_id)", "Plans": [{"Node Type": "Bitmap Index Scan", "Parent Relationship": "Outer", "Index Name": "movie_id_movie_companies", "Startup Cost": 0.0, "Total Cost": 0.37, "Plan Rows": 2, "Plan Width": 0, "Index Cond": "(movie_id = at.movie_id)"}]}]}, {"Node Type": "Bitmap Heap Scan", "Parent Relationship": "Inner", "Relation Name": "company_name", "Alias": "cn", "Startup Cost": 0.26, "Total Cost": 4.27, "Plan Rows": 1, "Plan Width": 4, "Recheck Cond": "(id = mc.company_id)", "Filter": "((country_code)::text = '[us]'::text)", "Plans": [{"Node Type": "Bitmap Index Scan", "Parent Relationship": "Outer", "Index Name": "company_name_pkey", "Startup Cost": 0.0, "Total Cost": 0.26, "Plan Rows": 1, "Plan Width": 0, "Index Cond": "(id = mc.company_id)"}]}]}, {"Node Type": "Bitmap Heap Scan", "Parent Relationship": "Inner", "Relation Name": "company_type", "Alias": "ct", "Startup Cost": 0.26, "Total Cost": 4.27, "Plan Rows": 1, "Plan Width": 4, "Recheck Cond": "(id = mc.company_type_id)", "Plans": [{"Node Type": "Bitmap Index Scan", "Parent Relationship": "Outer", "Index Name": "company_type_pkey", "Startup Cost": 0.0, "Total Cost": 0.26, "Plan Rows": 1, "Plan Width": 0, "Index Cond": "(id = mc.company_type_id)"}]}]}, {"Node Type": "Bitmap Heap Scan", "Parent Relationship": "Inner", "Relation Name": "movie_keyword", "Alias": "mk", "Startup Cost": 0.34, "Total Cost": 4.44, "Plan Rows": 8, "Plan Width": 8, "Recheck Cond": "(movie_id = mc.movie_id)", "Plans": [{"Node Type": "Bitmap Index Scan", "Parent Relationship": "Outer", "Index Name": "movie_id_movie_keyword", "Startup Cost": 0.0, "Total Cost": 0.34, "Plan Rows": 8, "Plan Width": 0, "Index Cond": "(movie_id = mc.movie_id)"}]}]}, {"Node Type": "Bitmap Heap Scan", "Parent Relationship": "Inner", "Relation Name": "keyword", "Alias": "k", "Startup Cost": 0.26, "Total Cost": 4.27, "Plan Rows": 1, "Plan Width": 4, "Recheck Cond": "(id = mk.keyword_id)", "Plans": [{"Node Type": "Bitmap Index Scan", "Parent Relationship": "Outer", "Index Name": "keyword_pkey", "Startup Cost": 0.0, "Total Cost": 0.26, "Plan Rows": 1, "Plan Width": 0, "Index Cond": "(id = mk.keyword_id)"}]}]}, {"Node Type": "Bitmap Heap Scan", "Parent Relationship": "Inner", "Relation Name": "title", "Alias": "t", "Startup Cost": 0.27, "Total Cost": 4.28, "Plan Rows": 1, "Plan Width": 21, "Recheck Cond": "(id = mk.movie_id)", "Filter": "(production_year > 1990)", "Plans": [{"Node Type": "Bitmap Index Scan", "Parent Relationship": "Outer", "Index Name": "title_pkey", "Startup Cost": 0.0, "Total Cost": 0.27, "Plan Rows": 1, "Plan Width": 0, "Index Cond": "(id = mk.movie_id)"}]}]}]}, "Unique SQL Id": 2302223328, "Planner Runtime": 26}, "explain_analyze_plan": null}, "(1, 104)": {"explain_plan": {"Plan": {"Node Type": "Aggregate", "Strategy": "Plain", "Startup Cost": 338163.75, "Total Cost": 338163.76, "Plan Rows": 1, "Plan Width": 102, "Plans": [{"Node Type": "Nested Loop", "Parent Relationship": "Outer", "Join Type": "Inner", "Startup Cost": 2.41, "Total Cost": 338129.23, "Plan Rows": 6905, "Plan Width": 38, "Inner Unique": true, "Plans": [{"Node Type": "Nested Loop", "Parent Relationship": "Outer", "Join Type": "Inner", "Startup Cost": 2.41, "Total Cost": 336157.39, "Plan Rows": 7042, "Plan Width": 42, "Inner Unique": false, "Join Filter": "(t.id = mk.movie_id)", "Plans": [{"Node Type": "Nested Loop", "Parent Relationship": "Outer", "Join Type": "Inner", "Startup Cost": 2.41, "Total Cost": 335666.42, "Plan Rows": 873, "Plan Width": 54, "Inner Unique": true, "Join Filter": "(at.movie_id = t.id)", "Plans": [{"Node Type": "Nested Loop", "Parent Relationship": "Outer", "Join Type": "Inner", "Startup Cost": 2.41, "Total Cost": 335444.33, "Plan Rows": 630, "Plan Width": 33, "Inner Unique": true, "Plans": [{"Node Type": "Nested Loop", "Parent Relationship": "Outer", "Join Type": "Inner", "Startup Cost": 2.41, "Total Cost": 335267.93, "Plan Rows": 630, "Plan Width": 37, "Inner Unique": true, "Plans": [{"Node Type": "Nested Loop", "Parent Relationship": "Outer", "Join Type": "Inner", "Startup Cost": 2.41, "Total Cost": 334965.31, "Plan Rows": 1052, "Plan Width": 41, "Inner Unique": false, "Plans": [{"Node Type": "Nested Loop", "Parent Relationship": "Outer", "Join Type": "Inner", "Startup Cost": 2.41, "Total Cost": 334676.23, "Plan Rows": 490, "Plan Width": 29, "Inner Unique": false, "Plans": [{"Node Type": "Hash Join", "Parent Relationship": "Outer", "Join Type": "Inner", "Startup Cost": 2.41, "Total Cost": 334200.54, "Plan Rows": 192, "Plan Width": 4, "Inner Unique": true, "Hash Cond": "(mi.info_type_id = it1.id)", "Plans": [{"Node Type": "Seq Scan", "Parent Relationship": "Outer", "Relation Name": "movie_info", "Alias": "mi", "Startup Cost": 0.0, "Total Cost": 334162.58, "Plan Rows": 13419, "Plan Width": 8, "Filter": "((note)::text ~~ '%internet%'::text)"}, {"Node Type": "Hash", "Parent Relationship": "Inner", "Startup Cost": 2.4, "Total Cost": 2.4, "Plan Rows": 1, "Plan Width": 4, "Plans": [{"Node Type": "Seq Scan", "Parent Relationship": "Outer", "Relation Name": "info_type", "Alias": "it1", "Startup Cost": 0.0, "Total Cost": 2.4, "Plan Rows": 1, "Plan Width": 4, "Filter": "((info)::text = 'release dates'::text)"}]}]}, {"Node Type": "Index Scan", "Parent Relationship": "Inner", "Scan Direction": "Forward", "Index Name": "movie_id_aka_title", "Relation Name": "aka_title", "Alias": "at", "Startup Cost": 0.0, "Total Cost": 2.45, "Plan Rows": 3, "Plan Width": 25, "Index Cond": "(movie_id = mi.movie_id)"}]}, {"Node Type": "Index Scan", "Parent Relationship": "Inner", "Scan Direction": "Forward", "Index Name": "movie_id_movie_companies", "Relation Name": "movie_companies", "Alias": "mc", "Startup Cost": 0.0, "Total Cost": 0.57, "Plan Rows": 2, "Plan Width": 12, "Index Cond": "(movie_id = at.movie_id)"}]}, {"Node Type": "Index Scan", "Parent Relationship": "Inner", "Scan Direction": "Forward", "Index Name": "company_name_pkey", "Relation Name": "company_name", "Alias": "cn", "Startup Cost": 0.0, "Total Cost": 0.28, "Plan Rows": 1, "Plan Width": 4, "Index Cond": "(id = mc.company_id)", "Filter": "((country_code)::text = '[us]'::text)"}]}, {"Node Type": "Index Only Scan", "Parent Relationship": "Inner", "Scan Direction": "Forward", "Index Name": "company_type_pkey", "Relation Name": "company_type", "Alias": "ct", "Startup Cost": 0.0, "Total Cost": 0.27, "Plan Rows": 1, "Plan Width": 4, "Index Cond": "(id = mc.company_type_id)"}]}, {"Node Type": "Index Scan", "Parent Relationship": "Inner", "Scan Direction": "Forward", "Index Name": "title_pkey", "Relation Name": "title", "Alias": "t", "Startup Cost": 0.0, "Total Cost": 0.34, "Plan Rows": 1, "Plan Width": 21, "Index Cond": "(id = mc.movie_id)", "Filter": "(production_year > 1990)"}]}, {"Node Type": "Index Scan", "Parent Relationship": "Inner", "Scan Direction": "Forward", "Index Name": "movie_id_movie_keyword", "Relation Name": "movie_keyword", "Alias": "mk", "Startup Cost": 0.0, "Total Cost": 0.46, "Plan Rows": 8, "Plan Width": 8, "Index Cond": "(movie_id = mc.movie_id)"}]}, {"Node Type": "Index Only Scan", "Parent Relationship": "Inner", "Scan Direction": "Forward", "Index Name": "keyword_pkey", "Relation Name": "keyword", "Alias": "k", "Startup Cost": 0.0, "Total Cost": 0.27, "Plan Rows": 1, "Plan Width": 4, "Index Cond": "(id = mk.keyword_id)"}]}]}, "Unique SQL Id": 2302223328, "Planner Runtime": 63}, "explain_analyze_plan": null}, "(1, 105)": {"explain_plan": {"Plan": {"Node Type": "Aggregate", "Strategy": "Plain", "Startup Cost": 499662.86, "Total Cost": 499662.87, "Plan Rows": 1, "Plan Width": 102, "Plans": [{"Node Type": "Nested Loop", "Parent Relationship": "Outer", "Join Type": "Inner", "Startup Cost": 0.0, "Total Cost": 499628.33, "Plan Rows": 6905, "Plan Width": 38, "Inner Unique": true, "Plans": [{"Node Type": "Nested Loop", "Parent Relationship": "Outer", "Join Type": "Inner", "Startup Cost": 0.0, "Total Cost": 497656.5, "Plan Rows": 7042, "Plan Width": 42, "Inner Unique": false, "Join Filter": "(t.id = mk.movie_id)", "Plans": [{"Node Type": "Nested Loop", "Parent Relationship": "Outer", "Join Type": "Inner", "Startup Cost": 0.0, "Total Cost": 497165.52, "Plan Rows": 873, "Plan Width": 54, "Inner Unique": true, "Join Filter": "(at.movie_id = t.id)", "Plans": [{"Node Type": "Nested Loop", "Parent Relationship": "Outer", "Join Type": "Inner", "Startup Cost": 0.0, "Total Cost": 496943.44, "Plan Rows": 630, "Plan Width": 33, "Inner Unique": true, "Plans": [{"Node Type": "Nested Loop", "Parent Relationship": "Outer", "Join Type": "Inner", "Startup Cost": 0.0, "Total Cost": 496767.04, "Plan Rows": 630, "Plan Width": 37, "Inner Unique": true, "Plans": [{"Node Type": "Nested Loop", "Parent Relationship": "Outer", "Join Type": "Inner", "Startup Cost": 0.0, "Total Cost": 496464.42, "Plan Rows": 1052, "Plan Width": 41, "Inner Unique": false, "Plans": [{"Node Type": "Nested Loop", "Parent Relationship": "Outer", "Join Type": "Inner", "Startup Cost": 0.0, "Total Cost": 496175.34, "Plan Rows": 490, "Plan Width": 29, "Inner Unique": false, "Plans": [{"Node Type": "Nested Loop", "Parent Relationship": "Outer", "Join Type": "Inner", "Startup Cost": 0.0, "Total Cost": 495699.65, "Plan Rows": 192, "Plan Width": 4, "Inner Unique": false, "Plans": [{"Node Type": "Index Scan", "Parent Relationship": "Outer", "Scan Direction": "Forward", "Index Name": "info_type_pkey", "Relation Name": "info_type", "Alias": "it1", "Startup Cost": 0.0, "Total Cost": 14.21, "Plan Rows": 1, "Plan Width": 4, "Filter": "((info)::text = 'release dates'::text)"}, {"Node Type": "Index Scan", "Parent Relationship": "Inner", "Scan Direction": "Forward", "Index Name": "info_type_id_movie_info", "Relation Name": "movie_info", "Alias": "mi", "Startup Cost": 0.0, "Total Cost": 495683.52, "Plan Rows": 192, "Plan Width": 8, "Index Cond": "(info_type_id = it1.id)", "Filter": "((note)::text ~~ '%internet%'::text)"}]}, {"Node Type": "Index Scan", "Parent Relationship": "Inner", "Scan Direction": "Forward", "Index Name": "movie_id_aka_title", "Relation Name": "aka_title", "Alias": "at", "Startup Cost": 0.0, "Total Cost": 2.45, "Plan Rows": 3, "Plan Width": 25, "Index Cond": "(movie_id = mi.movie_id)"}]}, {"Node Type": "Index Scan", "Parent Relationship": "Inner", "Scan Direction": "Forward", "Index Name": "movie_id_movie_companies", "Relation Name": "movie_companies", "Alias": "mc", "Startup Cost": 0.0, "Total Cost": 0.57, "Plan Rows": 2, "Plan Width": 12, "Index Cond": "(movie_id = at.movie_id)"}]}, {"Node Type": "Index Scan", "Parent Relationship": "Inner", "Scan Direction": "Forward", "Index Name": "company_name_pkey", "Relation Name": "company_name", "Alias": "cn", "Startup Cost": 0.0, "Total Cost": 0.28, "Plan Rows": 1, "Plan Width": 4, "Index Cond": "(id = mc.company_id)", "Filter": "((country_code)::text = '[us]'::text)"}]}, {"Node Type": "Index Only Scan", "Parent Relationship": "Inner", "Scan Direction": "Forward", "Index Name": "company_type_pkey", "Relation Name": "company_type", "Alias": "ct", "Startup Cost": 0.0, "Total Cost": 0.27, "Plan Rows": 1, "Plan Width": 4, "Index Cond": "(id = mc.company_type_id)"}]}, {"Node Type": "Index Scan", "Parent Relationship": "Inner", "Scan Direction": "Forward", "Index Name": "title_pkey", "Relation Name": "title", "Alias": "t", "Startup Cost": 0.0, "Total Cost": 0.34, "Plan Rows": 1, "Plan Width": 21, "Index Cond": "(id = mc.movie_id)", "Filter": "(production_year > 1990)"}]}, {"Node Type": "Index Scan", "Parent Relationship": "Inner", "Scan Direction": "Forward", "Index Name": "movie_id_movie_keyword", "Relation Name": "movie_keyword", "Alias": "mk", "Startup Cost": 0.0, "Total Cost": 0.46, "Plan Rows": 8, "Plan Width": 8, "Index Cond": "(movie_id = mc.movie_id)"}]}, {"Node Type": "Index Only Scan", "Parent Relationship": "Inner", "Scan Direction": "Forward", "Index Name": "keyword_pkey", "Relation Name": "keyword", "Alias": "k", "Startup Cost": 0.0, "Total Cost": 0.27, "Plan Rows": 1, "Plan Width": 4, "Index Cond": "(id = mk.keyword_id)"}]}]}, "Unique SQL Id": 2302223328, "Planner Runtime": 56}, "explain_analyze_plan": {"Plan": {"Node Type": "Aggregate", "Strategy": "Plain", "Startup Cost": 499662.86, "Total Cost": 499662.87, "Plan Rows": 1, "Plan Width": 102, "Actual Startup Time": 1782.485, "Actual Total Time": 1782.486, "Actual Rows": 1, "Actual Loops": 1, "Plans": [{"Node Type": "Nested Loop", "Parent Relationship": "Outer", "Join Type": "Inner", "Startup Cost": 0.0, "Total Cost": 499628.33, "Plan Rows": 6905, "Plan Width": 38, "Actual Startup Time": 50.002, "Actual Total Time": 1779.639, "Actual Rows": 4371, "Actual Loops": 1, "Inner Unique": true, "Plans": [{"Node Type": "Nested Loop", "Parent Relationship": "Outer", "Join Type": "Inner", "Startup Cost": 0.0, "Total Cost": 497656.5, "Plan Rows": 7042, "Plan Width": 42, "Actual Startup Time": 49.989, "Actual Total Time": 1764.616, "Actual Rows": 4371, "Actual Loops": 1, "Inner Unique": false, "Join Filter": "(t.id = mk.movie_id)", "Rows Removed by Join Filter": 0, "Plans": [{"Node Type": "Nested Loop", "Parent Relationship": "Outer", "Join Type": "Inner", "Startup Cost": 0.0, "Total Cost": 497165.52, "Plan Rows": 873, "Plan Width": 54, "Actual Startup Time": 12.612, "Actual Total Time": 1758.163, "Actual Rows": 382, "Actual Loops": 1, "Inner Unique": true, "Join Filter": "(at.movie_id = t.id)", "Rows Removed by Join Filter": 0, "Plans": [{"Node Type": "Nested Loop", "Parent Relationship": "Outer", "Join Type": "Inner", "Startup Cost": 0.0, "Total Cost": 496943.44, "Plan Rows": 630, "Plan Width": 33, "Actual Startup Time": 12.593, "Actual Total Time": 1755.183, "Actual Rows": 382, "Actual Loops": 1, "Inner Unique": true, "Plans": [{"Node Type": "Nested Loop", "Parent Relationship": "Outer", "Join Type": "Inner", "Startup Cost": 0.0, "Total Cost": 496767.04, "Plan Rows": 630, "Plan Width": 37, "Actual Startup Time": 5.481, "Actual Total Time": 1753.539, "Actual Rows": 896, "Actual Loops": 1, "Inner Unique": true, "Plans": [{"Node Type": "Nested Loop", "Parent Relationship": "Outer", "Join Type": "Inner", "Startup Cost": 0.0, "Total Cost": 496464.42, "Plan Rows": 1052, "Plan Width": 41, "Actual Startup Time": 5.461, "Actual Total Time": 1740.841, "Actual Rows": 2130, "Actual Loops": 1, "Inner Unique": false, "Plans": [{"Node Type": "Nested Loop", "Parent Relationship": "Outer", "Join Type": "Inner", "Startup Cost": 0.0, "Total Cost": 496175.34, "Plan Rows": 490, "Plan Width": 29, "Actual Startup Time": 0.702, "Actual Total Time": 1734.382, "Actual Rows": 591, "Actual Loops": 1, "Inner Unique": false, "Plans": [{"Node Type": "Nested Loop", "Parent Relationship": "Outer", "Join Type": "Inner", "Startup Cost": 0.0, "Total Cost": 495699.65, "Plan Rows": 192, "Plan Width": 4, "Actual Startup Time": 0.089, "Actual Total Time": 1699.253, "Actual Rows": 10679, "Actual Loops": 1, "Inner Unique": false, "Plans": [{"Node Type": "Index Scan", "Parent Relationship": "Outer", "Scan Direction": "Forward", "Index Name": "info_type_pkey", "Relation Name": "info_type", "Alias": "it1", "Startup Cost": 0.0, "Total Cost": 14.21, "Plan Rows": 1, "Plan Width": 4, "Actual Startup Time": 0.059, "Actual Total Time": 0.107, "Actual Rows": 1, "Actual Loops": 1, "Filter": "((info)::text = 'release dates'::text)", "Rows Removed by Filter": 111}, {"Node Type": "Index Scan", "Parent Relationship": "Inner", "Scan Direction": "Forward", "Index Name": "info_type_id_movie_info", "Relation Name": "movie_info", "Alias": "mi", "Startup Cost": 0.0, "Total Cost": 495683.52, "Plan Rows": 192, "Plan Width": 8, "Actual Startup Time": 0.025, "Actual Total Time": 1696.466, "Actual Rows": 10679, "Actual Loops": 1, "Index Cond": "(info_type_id = it1.id)", "Rows Removed by Index Recheck": 0, "Filter": "((note)::text ~~ '%internet%'::text)", "Rows Removed by Filter": 3026040}]}, {"Node Type": "Index Scan", "Parent Relationship": "Inner", "Scan Direction": "Forward", "Index Name": "movie_id_aka_title", "Relation Name": "aka_title", "Alias": "at", "Startup Cost": 0.0, "Total Cost": 2.45, "Plan Rows": 3, "Plan Width": 25, "Actual Startup Time": 28.435, "Actual Total Time": 29.062, "Actual Rows": 591, "Actual Loops": 10679, "Index Cond": "(movie_id = mi.movie_id)", "Rows Removed by Index Recheck": 0}]}, {"Node Type": "Index Scan", "Parent Relationship": "Inner", "Scan Direction": "Forward", "Index Name": "movie_id_movie_companies", "Relation Name": "movie_companies", "Alias": "mc", "Startup Cost": 0.0, "Total Cost": 0.57, "Plan Rows": 2, "Plan Width": 12, "Actual Startup Time": 3.786, "Actual Total Time": 5.369, "Actual Rows": 2130, "Actual Loops": 591, "Index Cond": "(movie_id = at.movie_id)", "Rows Removed by Index Recheck": 0}]}, {"Node Type": "Index Scan", "Parent Relationship": "Inner", "Scan Direction": "Forward", "Index Name": "company_name_pkey", "Relation Name": "company_name", "Alias": "cn", "Startup Cost": 0.0, "Total Cost": 0.28, "Plan Rows": 1, "Plan Width": 4, "Actual Startup Time": 11.059, "Actual Total Time": 11.059, "Actual Rows": 896, "Actual Loops": 2130, "Index Cond": "(id = mc.company_id)", "Rows Removed by Index Recheck": 0, "Filter": "((country_code)::text = '[us]'::text)", "Rows Removed by Filter": 1234}]}, {"Node Type": "Index Only Scan", "Parent Relationship": "Inner", "Scan Direction": "Forward", "Index Name": "company_type_pkey", "Relation Name": "company_type", "Alias": "ct", "Startup Cost": 0.0, "Total Cost": 0.27, "Plan Rows": 1, "Plan Width": 4, "Actual Startup Time": 0.894, "Actual Total Time": 0.894, "Actual Rows": 382, "Actual Loops": 896, "Index Cond": "(id = mc.company_type_id)", "Rows Removed by Index Recheck": 0, "Heap Fetches": 0}]}, {"Node Type": "Index Scan", "Parent Relationship": "Inner", "Scan Direction": "Forward", "Index Name": "title_pkey", "Relation Name": "title", "Alias": "t", "Startup Cost": 0.0, "Total Cost": 0.34, "Plan Rows": 1, "Plan Width": 21, "Actual Startup Time": 2.283, "Actual Total Time": 2.283, "Actual Rows": 382, "Actual Loops": 382, "Index Cond": "(id = mc.movie_id)", "Rows Removed by Index Recheck": 0, "Filter": "(production_year > 1990)", "Rows Removed by Filter": 0}]}, {"Node Type": "Index Scan", "Parent Relationship": "Inner", "Scan Direction": "Forward", "Index Name": "movie_id_movie_keyword", "Relation Name": "movie_keyword", "Alias": "mk", "Startup Cost": 0.0, "Total Cost": 0.46, "Plan Rows": 8, "Plan Width": 8, "Actual Startup Time": 2.371, "Actual Total Time": 4.506, "Actual Rows": 4371, "Actual Loops": 382, "Index Cond": "(movie_id = mc.movie_id)", "Rows Removed by Index Recheck": 0}]}, {"Node Type": "Index Only Scan", "Parent Relationship": "Inner", "Scan Direction": "Forward", "Index Name": "keyword_pkey", "Relation Name": "keyword", "Alias": "k", "Startup Cost": 0.0, "Total Cost": 0.27, "Plan Rows": 1, "Plan Width": 4, "Actual Startup Time": 12.016, "Actual Total Time": 12.016, "Actual Rows": 4371, "Actual Loops": 4371, "Index Cond": "(id = mk.keyword_id)", "Rows Removed by Index Recheck": 0, "Heap Fetches": 0}]}]}, "Triggers": [], "Planner Runtime": 56, "Total Runtime": 1782.932, "Unique SQL Id": 2302223328}}, "(1, 106)": {"explain_plan": {"Plan": {"Node Type": "Aggregate", "Strategy": "Plain", "Startup Cost": 563565.51, "Total Cost": 563565.52, "Plan Rows": 1, "Plan Width": 102, "Plans": [{"Node Type": "Hash Join", "Parent Relationship": "Outer", "Join Type": "Inner", "Startup Cost": 483997.55, "Total Cost": 563530.3, "Plan Rows": 7042, "Plan Width": 38, "Inner Unique": true, "Hash Cond": "(mk.keyword_id = k.id)", "Plans": [{"Node Type": "Hash Join", "Parent Relationship": "Outer", "Join Type": "Inner", "Startup Cost": 480219.75, "Total Cost": 559657.06, "Plan Rows": 7042, "Plan Width": 42, "Inner Unique": false, "Hash Cond": "(mk.movie_id = t.id)", "Plans": [{"Node Type": "Seq Scan", "Parent Relationship": "Outer", "Relation Name": "movie_keyword", "Alias": "mk", "Startup Cost": 0.0, "Total Cost": 62441.29, "Plan Rows": 4523929, "Plan Width": 8}, {"Node Type": "Hash", "Parent Relationship": "Inner", "Startup Cost": 480208.84, "Total Cost": 480208.84, "Plan Rows": 873, "Plan Width": 54, "Plans": [{"Node Type": "Hash Join", "Parent Relationship": "Outer", "Join Type": "Inner", "Startup Cost": 407252.07, "Total Cost": 480208.84, "Plan Rows": 873, "Plan Width": 54, "Inner Unique": false, "Hash Cond": "(t.id = at.movie_id)", "Plans": [{"Node Type": "Seq Scan", "Parent Relationship": "Outer", "Relation Name": "title", "Alias": "t", "Startup Cost": 0.0, "Total Cost": 66389.89, "Plan Rows": 1748840, "Plan Width": 21, "Filter": "(production_year > 1990), (LLVM Optimized)"}, {"Node Type": "Hash", "Parent Relationship": "Inner", "Startup Cost": 407244.19, "Total Cost": 407244.19, "Plan Rows": 630, "Plan Width": 33, "Plans": [{"Node Type": "Hash Join", "Parent Relationship": "Outer", "Join Type": "Inner", "Startup Cost": 355608.69, "Total Cost": 407244.19, "Plan Rows": 630, "Plan Width": 33, "Inner Unique": true, "Hash Cond": "(mc.company_id = cn.id)", "Plans": [{"Node Type": "Hash Join", "Parent Relationship": "Outer", "Join Type": "Inner", "Startup Cost": 348640.62, "Total Cost": 400267.0, "Plan Rows": 1052, "Plan Width": 37, "Inner Unique": true, "Hash Cond": "(mc.company_type_id = ct.id)", "Plans": [{"Node Type": "Hash Join", "Parent Relationship": "Outer", "Join Type": "Inner", "Startup Cost": 348639.55, "Total Cost": 400251.47, "Plan Rows": 1052, "Plan Width": 41, "Inner Unique": false, "Hash Cond": "(mc.movie_id = at.movie_id)", "Plans": [{"Node Type": "Seq Scan", "Parent Relationship": "Outer", "Relation Name": "movie_companies", "Alias": "mc", "Startup Cost": 0.0, "Total Cost": 41817.28, "Plan Rows": 2609128, "Plan Width": 12}, {"Node Type": "Hash", "Parent Relationship": "Inner", "Startup Cost": 348633.43, "Total Cost": 348633.43, "Plan Rows": 490, "Plan Width": 29, "Plans": [{"Node Type": "Hash Join", "Parent Relationship": "Outer", "Join Type": "Inner", "Startup Cost": 14415.51, "Total Cost": 348633.43, "Plan Rows": 490, "Plan Width": 29, "Inner Unique": false, "Hash Cond": "(mi.movie_id = at.movie_id)", "Plans": [{"Node Type": "Hash Join", "Parent Relationship": "Outer", "Join Type": "Inner", "Startup Cost": 2.41, "Total Cost": 334200.54, "Plan Rows": 192, "Plan Width": 4, "Inner Unique": true, "Hash Cond": "(mi.info_type_id = it1.id)", "Plans": [{"Node Type": "Seq Scan", "Parent Relationship": "Outer", "Relation Name": "movie_info", "Alias": "mi", "Startup Cost": 0.0, "Total Cost": 334162.58, "Plan Rows": 13419, "Plan Width": 8, "Filter": "((note)::text ~~ '%internet%'::text)"}, {"Node Type": "Hash", "Parent Relationship": "Inner", "Startup Cost": 2.4, "Total Cost": 2.4, "Plan Rows": 1, "Plan Width": 4, "Plans": [{"Node Type": "Seq Scan", "Parent Relationship": "Outer", "Relation Name": "info_type", "Alias": "it1", "Startup Cost": 0.0, "Total Cost": 2.4, "Plan Rows": 1, "Plan Width": 4, "Filter": "((info)::text = 'release dates'::text)"}]}]}, {"Node Type": "Hash", "Parent Relationship": "Inner", "Startup Cost": 9894.71, "Total Cost": 9894.71, "Plan Rows": 361471, "Plan Width": 25, "Plans": [{"Node Type": "Seq Scan", "Parent Relationship": "Outer", "Relation Name": "aka_title", "Alias": "at", "Startup Cost": 0.0, "Total Cost": 9894.71, "Plan Rows": 361471, "Plan Width": 25}]}]}]}]}, {"Node Type": "Hash", "Parent Relationship": "Inner", "Startup Cost": 1.03, "Total Cost": 1.03, "Plan Rows": 3, "Plan Width": 4, "Plans": [{"Node Type": "Seq Scan", "Parent Relationship": "Outer", "Relation Name": "company_type", "Alias": "ct", "Startup Cost": 0.0, "Total Cost": 1.03, "Plan Rows": 3, "Plan Width": 4}]}]}, {"Node Type": "Hash", "Parent Relationship": "Inner", "Startup Cost": 5903.45, "Total Cost": 5903.45, "Plan Rows": 85170, "Plan Width": 4, "Plans": [{"Node Type": "Seq Scan", "Parent Relationship": "Outer", "Relation Name": "company_name", "Alias": "cn", "Startup Cost": 0.0, "Total Cost": 5903.45, "Plan Rows": 85170, "Plan Width": 4, "Filter": "((country_code)::text = '[us]'::text)"}]}]}]}]}]}]}, {"Node Type": "Hash", "Parent Relationship": "Inner", "Startup Cost": 2100.69, "Total Cost": 2100.69, "Plan Rows": 134169, "Plan Width": 4, "Plans": [{"Node Type": "Seq Scan", "Parent Relationship": "Outer", "Relation Name": "keyword", "Alias": "k", "Startup Cost": 0.0, "Total Cost": 2100.69, "Plan Rows": 134169, "Plan Width": 4}]}]}]}, "Unique SQL Id": 2302223328, "Planner Runtime": 109}, "explain_analyze_plan": null}, "(1, 107)": {"explain_plan": {"Plan": {"Node Type": "Aggregate", "Strategy": "Plain", "Startup Cost": 9000056018769.79, "Total Cost": 9000056018769.8, "Plan Rows": 1, "Plan Width": 102, "Plans": [{"Node Type": "Hash Join", "Parent Relationship": "Outer", "Join Type": "Inner", "Startup Cost": 7020039633151.32, "Total Cost": 9000056018734.58, "Plan Rows": 7042, "Plan Width": 38, "Inner Unique": true, "Hash Cond": "(at.movie_id = t.id)", "Plans": [{"Node Type": "Hash Join", "Parent Relationship": "Outer", "Join Type": "Inner", "Startup Cost": 6020027967164.15, "Total Cost": 8000044352657.93, "Plan Rows": 5083, "Plan Width": 37, "Inner Unique": true, "Hash Cond": "(mk.keyword_id = k.id)", "Plans": [{"Node Type": "Hash Join", "Parent Relationship": "Outer", "Join Type": "Inner", "Startup Cost": 5020027759408.54, "Total Cost": 7000044144832.43, "Plan Rows": 5083, "Plan Width": 41, "Inner Unique": false, "Hash Cond": "(at.movie_id = mk.movie_id)", "Plans": [{"Node Type": "Hash Join", "Parent Relationship": "Outer", "Join Type": "Inner", "Startup Cost": 4020012402225.26, "Total Cost": 6000028786963.59, "Plan Rows": 630, "Plan Width": 33, "Inner Unique": true, "Hash Cond": "(mc.company_type_id = ct.id)", "Plans": [{"Node Type": "Hash Join", "Parent Relationship": "Outer", "Join Type": "Inner", "Startup Cost": 3020012401395.72, "Total Cost": 5000028786125.39, "Plan Rows": 630, "Plan Width": 37, "Inner Unique": true, "Hash Cond": "(mc.company_id = cn.id)", "Plans": [{"Node Type": "Hash Join", "Parent Relationship": "Outer", "Join Type": "Inner", "Startup Cost": 2020011350192.13, "Total Cost": 4000027734905.32, "Plan Rows": 1052, "Plan Width": 41, "Inner Unique": false, "Hash Cond": "(at.movie_id = mc.movie_id)", "Plans": [{"Node Type": "Hash Join", "Parent Relationship": "Outer", "Join Type": "Inner", "Startup Cost": 1020001999361.03, "Total Cost": 3000018383938.24, "Plan Rows": 490, "Plan Width": 29, "Inner Unique": false, "Hash Cond": "(mi.movie_id = at.movie_id)", "Plans": [{"Node Type": "Nested Loop", "Parent Relationship": "Outer", "Join Type": "Inner", "Startup Cost": 20000004841.51, "Total Cost": 2000016389398.93, "Plan Rows": 192, "Plan Width": 4, "Inner Unique": false, "Plans": [{"Node Type": "Index Scan", "Parent Relationship": "Outer", "Scan Direction": "Forward", "Index Name": "info_type_pkey", "Relation Name": "info_type", "Alias": "it1", "Startup Cost": 10000000000.0, "Total Cost": 1000000001421.0, "Plan Rows": 1, "Plan Width": 4, "Filter": "((info)::text = 'release dates'::text)"}, {"Node Type": "Bitmap Heap Scan", "Parent Relationship": "Inner", "Relation Name": "movie_info", "Alias": "mi", "Startup Cost": 10000004841.51, "Total Cost": 1000016387976.01, "Plan Rows": 192, "Plan Width": 8, "Recheck Cond": "(info_type_id = it1.id)", "Filter": "((note)::text ~~ '%internet%'::text)", "Plans": [{"Node Type": "Bitmap Index Scan", "Parent Relationship": "Outer", "Index Name": "info_type_id_movie_info", "Startup Cost": 0.0, "Total Cost": 4841.46, "Plan Rows": 212428, "Plan Width": 0, "Index Cond": "(info_type_id = it1.id)"}]}]}, {"Node Type": "Hash", "Parent Relationship": "Inner", "Startup Cost": 1000001990001.13, "Total Cost": 1000001990001.13, "Plan Rows": 361471, "Plan Width": 25, "Plans": [{"Node Type": "Index Scan", "Parent Relationship": "Outer", "Scan Direction": "Forward", "Index Name": "movie_id_aka_title", "Relation Name": "aka_title", "Alias": "at", "Startup Cost": 10000000000.0, "Total Cost": 1000001990001.13, "Plan Rows": 361471, "Plan Width": 25}]}]}, {"Node Type": "Hash", "Parent Relationship": "Inner", "Startup Cost": 1000009318217.0, "Total Cost": 1000009318217.0, "Plan Rows": 2609128, "Plan Width": 12, "Plans": [{"Node Type": "Index Scan", "Parent Relationship": "Outer", "Scan Direction": "Forward", "Index Name": "company_type_id_movie_companies", "Relation Name": "movie_companies", "Alias": "mc", "Startup Cost": 10000000000.0, "Total Cost": 1000009318217.0, "Plan Rows": 2609128, "Plan Width": 12}]}]}, {"Node Type": "Hash", "Parent Relationship": "Inner", "Startup Cost": 1000001050138.97, "Total Cost": 1000001050138.97, "Plan Rows": 85170, "Plan Width": 4, "Plans": [{"Node Type": "Index Scan", "Parent Relationship": "Outer", "Scan Direction": "Forward", "Index Name": "company_name_pkey", "Relation Name": "company_name", "Alias": "cn", "Startup Cost": 10000000000.0, "Total Cost": 1000001050138.97, "Plan Rows": 85170, "Plan Width": 4, "Filter": "((country_code)::text = '[us]'::text)"}]}]}, {"Node Type": "Hash", "Parent Relationship": "Inner", "Startup Cost": 1000000000829.5, "Total Cost": 1000000000829.5, "Plan Rows": 3, "Plan Width": 4, "Plans": [{"Node Type": "Index Only Scan", "Parent Relationship": "Outer", "Scan Direction": "Forward", "Index Name": "company_type_pkey", "Relation Name": "company_type", "Alias": "ct", "Startup Cost": 10000000000.0, "Total Cost": 1000000000829.5, "Plan Rows": 3, "Plan Width": 4}]}]}, {"Node Type": "Hash", "Parent Relationship": "Inner", "Startup Cost": 1000015300634.17, "Total Cost": 1000015300634.17, "Plan Rows": 4523929, "Plan Width": 8, "Plans": [{"Node Type": "Index Scan", "Parent Relationship": "Outer", "Scan Direction": "Forward", "Index Name": "movie_id_movie_keyword", "Relation Name": "movie_keyword", "Alias": "mk", "Startup Cost": 10000000000.0, "Total Cost": 1000015300634.17, "Plan Rows": 4523929, "Plan Width": 8}]}]}, {"Node Type": "Hash", "Parent Relationship": "Inner", "Startup Cost": 1000000206078.5, "Total Cost": 1000000206078.5, "Plan Rows": 134169, "Plan Width": 4, "Plans": [{"Node Type": "Index Only Scan", "Parent Relationship": "Outer", "Scan Direction": "Forward", "Index Name": "keyword_pkey", "Relation Name": "keyword", "Alias": "k", "Startup Cost": 10000000000.0, "Total Cost": 1000000206078.5, "Plan Rows": 134169, "Plan Width": 4}]}]}, {"Node Type": "Hash", "Parent Relationship": "Inner", "Startup Cost": 1000011644126.66, "Total Cost": 1000011644126.66, "Plan Rows": 1748840, "Plan Width": 21, "Plans": [{"Node Type": "Index Scan", "Parent Relationship": "Outer", "Scan Direction": "Forward", "Index Name": "title_pkey", "Relation Name": "title", "Alias": "t", "Startup Cost": 10000000000.0, "Total Cost": 1000011644126.66, "Plan Rows": 1748840, "Plan Width": 21, "Filter": "(production_year > 1990), (LLVM Optimized)"}]}]}]}, "Unique SQL Id": 2302223328, "Planner Runtime": 149}, "explain_analyze_plan": null}, "(1, 108)": {"explain_plan": {"Plan": {"Node Type": "Aggregate", "Strategy": "Plain", "Startup Cost": 338168.48, "Total Cost": 338168.49, "Plan Rows": 1, "Plan Width": 102, "Plans": [{"Node Type": "Nested Loop", "Parent Relationship": "Outer", "Join Type": "Inner", "Startup Cost": 2.41, "Total Cost": 338133.95, "Plan Rows": 6905, "Plan Width": 38, "Inner Unique": true, "Plans": [{"Node Type": "Nested Loop", "Parent Relationship": "Outer", "Join Type": "Inner", "Startup Cost": 2.41, "Total Cost": 336157.39, "Plan Rows": 7042, "Plan Width": 42, "Inner Unique": false, "Join Filter": "(t.id = mk.movie_id)", "Plans": [{"Node Type": "Nested Loop", "Parent Relationship": "Outer", "Join Type": "Inner", "Startup Cost": 2.41, "Total Cost": 335666.42, "Plan Rows": 873, "Plan Width": 54, "Inner Unique": true, "Join Filter": "(at.movie_id = t.id)", "Plans": [{"Node Type": "Nested Loop", "Parent Relationship": "Outer", "Join Type": "Inner", "Startup Cost": 2.41, "Total Cost": 335444.33, "Plan Rows": 630, "Plan Width": 33, "Inner Unique": true, "Plans": [{"Node Type": "Nested Loop", "Parent Relationship": "Outer", "Join Type": "Inner", "Startup Cost": 2.41, "Total Cost": 335267.93, "Plan Rows": 630, "Plan Width": 37, "Inner Unique": true, "Plans": [{"Node Type": "Nested Loop", "Parent Relationship": "Outer", "Join Type": "Inner", "Startup Cost": 2.41, "Total Cost": 334965.31, "Plan Rows": 1052, "Plan Width": 41, "Inner Unique": false, "Plans": [{"Node Type": "Nested Loop", "Parent Relationship": "Outer", "Join Type": "Inner", "Startup Cost": 2.41, "Total Cost": 334676.23, "Plan Rows": 490, "Plan Width": 29, "Inner Unique": false, "Plans": [{"Node Type": "Hash Join", "Parent Relationship": "Outer", "Join Type": "Inner", "Startup Cost": 2.41, "Total Cost": 334200.54, "Plan Rows": 192, "Plan Width": 4, "Inner Unique": true, "Hash Cond": "(mi.info_type_id = it1.id)", "Plans": [{"Node Type": "Seq Scan", "Parent Relationship": "Outer", "Relation Name": "movie_info", "Alias": "mi", "Startup Cost": 0.0, "Total Cost": 334162.58, "Plan Rows": 13419, "Plan Width": 8, "Filter": "((note)::text ~~ '%internet%'::text)"}, {"Node Type": "Hash", "Parent Relationship": "Inner", "Startup Cost": 2.4, "Total Cost": 2.4, "Plan Rows": 1, "Plan Width": 4, "Plans": [{"Node Type": "Seq Scan", "Parent Relationship": "Outer", "Relation Name": "info_type", "Alias": "it1", "Startup Cost": 0.0, "Total Cost": 2.4, "Plan Rows": 1, "Plan Width": 4, "Filter": "((info)::text = 'release dates'::text)"}]}]}, {"Node Type": "Index Scan", "Parent Relationship": "Inner", "Scan Direction": "Forward", "Index Name": "movie_id_aka_title", "Relation Name": "aka_title", "Alias": "at", "Startup Cost": 0.0, "Total Cost": 2.45, "Plan Rows": 3, "Plan Width": 25, "Index Cond": "(movie_id = mi.movie_id)"}]}, {"Node Type": "Index Scan", "Parent Relationship": "Inner", "Scan Direction": "Forward", "Index Name": "movie_id_movie_companies", "Relation Name": "movie_companies", "Alias": "mc", "Startup Cost": 0.0, "Total Cost": 0.57, "Plan Rows": 2, "Plan Width": 12, "Index Cond": "(movie_id = at.movie_id)"}]}, {"Node Type": "Index Scan", "Parent Relationship": "Inner", "Scan Direction": "Forward", "Index Name": "company_name_pkey", "Relation Name": "company_name", "Alias": "cn", "Startup Cost": 0.0, "Total Cost": 0.28, "Plan Rows": 1, "Plan Width": 4, "Index Cond": "(id = mc.company_id)", "Filter": "((country_code)::text = '[us]'::text)"}]}, {"Node Type": "Index Scan", "Parent Relationship": "Inner", "Scan Direction": "Forward", "Index Name": "company_type_pkey", "Relation Name": "company_type", "Alias": "ct", "Startup Cost": 0.0, "Total Cost": 0.27, "Plan Rows": 1, "Plan Width": 4, "Index Cond": "(id = mc.company_type_id)"}]}, {"Node Type": "Index Scan", "Parent Relationship": "Inner", "Scan Direction": "Forward", "Index Name": "title_pkey", "Relation Name": "title", "Alias": "t", "Startup Cost": 0.0, "Total Cost": 0.34, "Plan Rows": 1, "Plan Width": 21, "Index Cond": "(id = mc.movie_id)", "Filter": "(production_year > 1990)"}]}, {"Node Type": "Index Scan", "Parent Relationship": "Inner", "Scan Direction": "Forward", "Index Name": "movie_id_movie_keyword", "Relation Name": "movie_keyword", "Alias": "mk", "Startup Cost": 0.0, "Total Cost": 0.46, "Plan Rows": 8, "Plan Width": 8, "Index Cond": "(movie_id = mc.movie_id)"}]}, {"Node Type": "Index Scan", "Parent Relationship": "Inner", "Scan Direction": "Forward", "Index Name": "keyword_pkey", "Relation Name": "keyword", "Alias": "k", "Startup Cost": 0.0, "Total Cost": 0.27, "Plan Rows": 1, "Plan Width": 4, "Index Cond": "(id = mk.keyword_id)"}]}]}, "Unique SQL Id": 2302223328, "Planner Runtime": 65}, "explain_analyze_plan": null}, "(1, 109)": {"explain_plan": {"Plan": {"Node Type": "Aggregate", "Strategy": "Plain", "Startup Cost": 499667.59, "Total Cost": 499667.6, "Plan Rows": 1, "Plan Width": 102, "Plans": [{"Node Type": "Nested Loop", "Parent Relationship": "Outer", "Join Type": "Inner", "Startup Cost": 0.0, "Total Cost": 499633.06, "Plan Rows": 6905, "Plan Width": 38, "Inner Unique": true, "Plans": [{"Node Type": "Nested Loop", "Parent Relationship": "Outer", "Join Type": "Inner", "Startup Cost": 0.0, "Total Cost": 497656.5, "Plan Rows": 7042, "Plan Width": 42, "Inner Unique": false, "Join Filter": "(t.id = mk.movie_id)", "Plans": [{"Node Type": "Nested Loop", "Parent Relationship": "Outer", "Join Type": "Inner", "Startup Cost": 0.0, "Total Cost": 497165.52, "Plan Rows": 873, "Plan Width": 54, "Inner Unique": true, "Join Filter": "(at.movie_id = t.id)", "Plans": [{"Node Type": "Nested Loop", "Parent Relationship": "Outer", "Join Type": "Inner", "Startup Cost": 0.0, "Total Cost": 496943.44, "Plan Rows": 630, "Plan Width": 33, "Inner Unique": true, "Plans": [{"Node Type": "Nested Loop", "Parent Relationship": "Outer", "Join Type": "Inner", "Startup Cost": 0.0, "Total Cost": 496767.04, "Plan Rows": 630, "Plan Width": 37, "Inner Unique": true, "Plans": [{"Node Type": "Nested Loop", "Parent Relationship": "Outer", "Join Type": "Inner", "Startup Cost": 0.0, "Total Cost": 496464.42, "Plan Rows": 1052, "Plan Width": 41, "Inner Unique": false, "Plans": [{"Node Type": "Nested Loop", "Parent Relationship": "Outer", "Join Type": "Inner", "Startup Cost": 0.0, "Total Cost": 496175.34, "Plan Rows": 490, "Plan Width": 29, "Inner Unique": false, "Plans": [{"Node Type": "Nested Loop", "Parent Relationship": "Outer", "Join Type": "Inner", "Startup Cost": 0.0, "Total Cost": 495699.65, "Plan Rows": 192, "Plan Width": 4, "Inner Unique": false, "Plans": [{"Node Type": "Index Scan", "Parent Relationship": "Outer", "Scan Direction": "Forward", "Index Name": "info_type_pkey", "Relation Name": "info_type", "Alias": "it1", "Startup Cost": 0.0, "Total Cost": 14.21, "Plan Rows": 1, "Plan Width": 4, "Filter": "((info)::text = 'release dates'::text)"}, {"Node Type": "Index Scan", "Parent Relationship": "Inner", "Scan Direction": "Forward", "Index Name": "info_type_id_movie_info", "Relation Name": "movie_info", "Alias": "mi", "Startup Cost": 0.0, "Total Cost": 495683.52, "Plan Rows": 192, "Plan Width": 8, "Index Cond": "(info_type_id = it1.id)", "Filter": "((note)::text ~~ '%internet%'::text)"}]}, {"Node Type": "Index Scan", "Parent Relationship": "Inner", "Scan Direction": "Forward", "Index Name": "movie_id_aka_title", "Relation Name": "aka_title", "Alias": "at", "Startup Cost": 0.0, "Total Cost": 2.45, "Plan Rows": 3, "Plan Width": 25, "Index Cond": "(movie_id = mi.movie_id)"}]}, {"Node Type": "Index Scan", "Parent Relationship": "Inner", "Scan Direction": "Forward", "Index Name": "movie_id_movie_companies", "Relation Name": "movie_companies", "Alias": "mc", "Startup Cost": 0.0, "Total Cost": 0.57, "Plan Rows": 2, "Plan Width": 12, "Index Cond": "(movie_id = at.movie_id)"}]}, {"Node Type": "Index Scan", "Parent Relationship": "Inner", "Scan Direction": "Forward", "Index Name": "company_name_pkey", "Relation Name": "company_name", "Alias": "cn", "Startup Cost": 0.0, "Total Cost": 0.28, "Plan Rows": 1, "Plan Width": 4, "Index Cond": "(id = mc.company_id)", "Filter": "((country_code)::text = '[us]'::text)"}]}, {"Node Type": "Index Scan", "Parent Relationship": "Inner", "Scan Direction": "Forward", "Index Name": "company_type_pkey", "Relation Name": "company_type", "Alias": "ct", "Startup Cost": 0.0, "Total Cost": 0.27, "Plan Rows": 1, "Plan Width": 4, "Index Cond": "(id = mc.company_type_id)"}]}, {"Node Type": "Index Scan", "Parent Relationship": "Inner", "Scan Direction": "Forward", "Index Name": "title_pkey", "Relation Name": "title", "Alias": "t", "Startup Cost": 0.0, "Total Cost": 0.34, "Plan Rows": 1, "Plan Width": 21, "Index Cond": "(id = mc.movie_id)", "Filter": "(production_year > 1990)"}]}, {"Node Type": "Index Scan", "Parent Relationship": "Inner", "Scan Direction": "Forward", "Index Name": "movie_id_movie_keyword", "Relation Name": "movie_keyword", "Alias": "mk", "Startup Cost": 0.0, "Total Cost": 0.46, "Plan Rows": 8, "Plan Width": 8, "Index Cond": "(movie_id = mc.movie_id)"}]}, {"Node Type": "Index Scan", "Parent Relationship": "Inner", "Scan Direction": "Forward", "Index Name": "keyword_pkey", "Relation Name": "keyword", "Alias": "k", "Startup Cost": 0.0, "Total Cost": 0.27, "Plan Rows": 1, "Plan Width": 4, "Index Cond": "(id = mk.keyword_id)"}]}]}, "Unique SQL Id": 2302223328, "Planner Runtime": 56}, "explain_analyze_plan": {"Plan": {"Node Type": "Aggregate", "Strategy": "Plain", "Startup Cost": 499667.59, "Total Cost": 499667.6, "Plan Rows": 1, "Plan Width": 102, "Actual Startup Time": 1879.664, "Actual Total Time": 1879.664, "Actual Rows": 1, "Actual Loops": 1, "Plans": [{"Node Type": "Nested Loop", "Parent Relationship": "Outer", "Join Type": "Inner", "Startup Cost": 0.0, "Total Cost": 499633.06, "Plan Rows": 6905, "Plan Width": 38, "Actual Startup Time": 49.214, "Actual Total Time": 1876.808, "Actual Rows": 4371, "Actual Loops": 1, "Inner Unique": true, "Plans": [{"Node Type": "Nested Loop", "Parent Relationship": "Outer", "Join Type": "Inner", "Startup Cost": 0.0, "Total Cost": 497656.5, "Plan Rows": 7042, "Plan Width": 42, "Actual Startup Time": 49.2, "Actual Total Time": 1856.305, "Actual Rows": 4371, "Actual Loops": 1, "Inner Unique": false, "Join Filter": "(t.id = mk.movie_id)", "Rows Removed by Join Filter": 0, "Plans": [{"Node Type": "Nested Loop", "Parent Relationship": "Outer", "Join Type": "Inner", "Startup Cost": 0.0, "Total Cost": 497165.52, "Plan Rows": 873, "Plan Width": 54, "Actual Startup Time": 12.412, "Actual Total Time": 1849.602, "Actual Rows": 382, "Actual Loops": 1, "Inner Unique": true, "Join Filter": "(at.movie_id = t.id)", "Rows Removed by Join Filter": 0, "Plans": [{"Node Type": "Nested Loop", "Parent Relationship": "Outer", "Join Type": "Inner", "Startup Cost": 0.0, "Total Cost": 496943.44, "Plan Rows": 630, "Plan Width": 33, "Actual Startup Time": 12.392, "Actual Total Time": 1846.254, "Actual Rows": 382, "Actual Loops": 1, "Inner Unique": true, "Plans": [{"Node Type": "Nested Loop", "Parent Relationship": "Outer", "Join Type": "Inner", "Startup Cost": 0.0, "Total Cost": 496767.04, "Plan Rows": 630, "Plan Width": 37, "Actual Startup Time": 5.419, "Actual Total Time": 1844.206, "Actual Rows": 896, "Actual Loops": 1, "Inner Unique": true, "Plans": [{"Node Type": "Nested Loop", "Parent Relationship": "Outer", "Join Type": "Inner", "Startup Cost": 0.0, "Total Cost": 496464.42, "Plan Rows": 1052, "Plan Width": 41, "Actual Startup Time": 5.402, "Actual Total Time": 1830.317, "Actual Rows": 2130, "Actual Loops": 1, "Inner Unique": false, "Plans": [{"Node Type": "Nested Loop", "Parent Relationship": "Outer", "Join Type": "Inner", "Startup Cost": 0.0, "Total Cost": 496175.34, "Plan Rows": 490, "Plan Width": 29, "Actual Startup Time": 0.685, "Actual Total Time": 1823.025, "Actual Rows": 591, "Actual Loops": 1, "Inner Unique": false, "Plans": [{"Node Type": "Nested Loop", "Parent Relationship": "Outer", "Join Type": "Inner", "Startup Cost": 0.0, "Total Cost": 495699.65, "Plan Rows": 192, "Plan Width": 4, "Actual Startup Time": 0.081, "Actual Total Time": 1785.617, "Actual Rows": 10679, "Actual Loops": 1, "Inner Unique": false, "Plans": [{"Node Type": "Index Scan", "Parent Relationship": "Outer", "Scan Direction": "Forward", "Index Name": "info_type_pkey", "Relation Name": "info_type", "Alias": "it1", "Startup Cost": 0.0, "Total Cost": 14.21, "Plan Rows": 1, "Plan Width": 4, "Actual Startup Time": 0.052, "Actual Total Time": 0.108, "Actual Rows": 1, "Actual Loops": 1, "Filter": "((info)::text = 'release dates'::text)", "Rows Removed by Filter": 111}, {"Node Type": "Index Scan", "Parent Relationship": "Inner", "Scan Direction": "Forward", "Index Name": "info_type_id_movie_info", "Relation Name": "movie_info", "Alias": "mi", "Startup Cost": 0.0, "Total Cost": 495683.52, "Plan Rows": 192, "Plan Width": 8, "Actual Startup Time": 0.024, "Actual Total Time": 1782.945, "Actual Rows": 10679, "Actual Loops": 1, "Index Cond": "(info_type_id = it1.id)", "Rows Removed by Index Recheck": 0, "Filter": "((note)::text ~~ '%internet%'::text)", "Rows Removed by Filter": 3026040}]}, {"Node Type": "Index Scan", "Parent Relationship": "Inner", "Scan Direction": "Forward", "Index Name": "movie_id_aka_title", "Relation Name": "aka_title", "Alias": "at", "Startup Cost": 0.0, "Total Cost": 2.45, "Plan Rows": 3, "Plan Width": 25, "Actual Startup Time": 30.735, "Actual Total Time": 31.423, "Actual Rows": 591, "Actual Loops": 10679, "Index Cond": "(movie_id = mi.movie_id)", "Rows Removed by Index Recheck": 0}]}, {"Node Type": "Index Scan", "Parent Relationship": "Inner", "Scan Direction": "Forward", "Index Name": "movie_id_movie_companies", "Relation Name": "movie_companies", "Alias": "mc", "Startup Cost": 0.0, "Total Cost": 0.57, "Plan Rows": 2, "Plan Width": 12, "Actual Startup Time": 4.443, "Actual Total Time": 6.121, "Actual Rows": 2130, "Actual Loops": 591, "Index Cond": "(movie_id = at.movie_id)", "Rows Removed by Index Recheck": 0}]}, {"Node Type": "Index Scan", "Parent Relationship": "Inner", "Scan Direction": "Forward", "Index Name": "company_name_pkey", "Relation Name": "company_name", "Alias": "cn", "Startup Cost": 0.0, "Total Cost": 0.28, "Plan Rows": 1, "Plan Width": 4, "Actual Startup Time": 12.164, "Actual Total Time": 12.164, "Actual Rows": 896, "Actual Loops": 2130, "Index Cond": "(id = mc.company_id)", "Rows Removed by Index Recheck": 0, "Filter": "((country_code)::text = '[us]'::text)", "Rows Removed by Filter": 1234}]}, {"Node Type": "Index Scan", "Parent Relationship": "Inner", "Scan Direction": "Forward", "Index Name": "company_type_pkey", "Relation Name": "company_type", "Alias": "ct", "Startup Cost": 0.0, "Total Cost": 0.27, "Plan Rows": 1, "Plan Width": 4, "Actual Startup Time": 1.172, "Actual Total Time": 1.172, "Actual Rows": 382, "Actual Loops": 896, "Index Cond": "(id = mc.company_type_id)", "Rows Removed by Index Recheck": 0}]}, {"Node Type": "Index Scan", "Parent Relationship": "Inner", "Scan Direction": "Forward", "Index Name": "title_pkey", "Relation Name": "title", "Alias": "t", "Startup Cost": 0.0, "Total Cost": 0.34, "Plan Rows": 1, "Plan Width": 21, "Actual Startup Time": 2.601, "Actual Total Time": 2.601, "Actual Rows": 382, "Actual Loops": 382, "Index Cond": "(id = mc.movie_id)", "Rows Removed by Index Recheck": 0, "Filter": "(production_year > 1990)", "Rows Removed by Filter": 0}]}, {"Node Type": "Index Scan", "Parent Relationship": "Inner", "Scan Direction": "Forward", "Index Name": "movie_id_movie_keyword", "Relation Name": "movie_keyword", "Alias": "mk", "Startup Cost": 0.0, "Total Cost": 0.46, "Plan Rows": 8, "Plan Width": 8, "Actual Startup Time": 2.733, "Actual Total Time": 4.682, "Actual Rows": 4371, "Actual Loops": 382, "Index Cond": "(movie_id = mc.movie_id)", "Rows Removed by Index Recheck": 0}]}, {"Node Type": "Index Scan", "Parent Relationship": "Inner", "Scan Direction": "Forward", "Index Name": "keyword_pkey", "Relation Name": "keyword", "Alias": "k", "Startup Cost": 0.0, "Total Cost": 0.27, "Plan Rows": 1, "Plan Width": 4, "Actual Startup Time": 17.084, "Actual Total Time": 17.084, "Actual Rows": 4371, "Actual Loops": 4371, "Index Cond": "(id = mk.keyword_id)", "Rows Removed by Index Recheck": 0}]}]}, "Triggers": [], "Planner Runtime": 56, "Total Runtime": 1880.189, "Unique SQL Id": 2302223328}}, "(1, 110)": {"explain_plan": {"Plan": {"Node Type": "Aggregate", "Strategy": "Plain", "Startup Cost": 563565.51, "Total Cost": 563565.52, "Plan Rows": 1, "Plan Width": 102, "Plans": [{"Node Type": "Hash Join", "Parent Relationship": "Outer", "Join Type": "Inner", "Startup Cost": 483997.55, "Total Cost": 563530.3, "Plan Rows": 7042, "Plan Width": 38, "Inner Unique": true, "Hash Cond": "(mk.keyword_id = k.id)", "Plans": [{"Node Type": "Hash Join", "Parent Relationship": "Outer", "Join Type": "Inner", "Startup Cost": 480219.75, "Total Cost": 559657.06, "Plan Rows": 7042, "Plan Width": 42, "Inner Unique": false, "Hash Cond": "(mk.movie_id = t.id)", "Plans": [{"Node Type": "Seq Scan", "Parent Relationship": "Outer", "Relation Name": "movie_keyword", "Alias": "mk", "Startup Cost": 0.0, "Total Cost": 62441.29, "Plan Rows": 4523929, "Plan Width": 8}, {"Node Type": "Hash", "Parent Relationship": "Inner", "Startup Cost": 480208.84, "Total Cost": 480208.84, "Plan Rows": 873, "Plan Width": 54, "Plans": [{"Node Type": "Hash Join", "Parent Relationship": "Outer", "Join Type": "Inner", "Startup Cost": 407252.07, "Total Cost": 480208.84, "Plan Rows": 873, "Plan Width": 54, "Inner Unique": false, "Hash Cond": "(t.id = at.movie_id)", "Plans": [{"Node Type": "Seq Scan", "Parent Relationship": "Outer", "Relation Name": "title", "Alias": "t", "Startup Cost": 0.0, "Total Cost": 66389.89, "Plan Rows": 1748840, "Plan Width": 21, "Filter": "(production_year > 1990), (LLVM Optimized)"}, {"Node Type": "Hash", "Parent Relationship": "Inner", "Startup Cost": 407244.19, "Total Cost": 407244.19, "Plan Rows": 630, "Plan Width": 33, "Plans": [{"Node Type": "Hash Join", "Parent Relationship": "Outer", "Join Type": "Inner", "Startup Cost": 355608.69, "Total Cost": 407244.19, "Plan Rows": 630, "Plan Width": 33, "Inner Unique": true, "Hash Cond": "(mc.company_id = cn.id)", "Plans": [{"Node Type": "Hash Join", "Parent Relationship": "Outer", "Join Type": "Inner", "Startup Cost": 348640.62, "Total Cost": 400267.0, "Plan Rows": 1052, "Plan Width": 37, "Inner Unique": true, "Hash Cond": "(mc.company_type_id = ct.id)", "Plans": [{"Node Type": "Hash Join", "Parent Relationship": "Outer", "Join Type": "Inner", "Startup Cost": 348639.55, "Total Cost": 400251.47, "Plan Rows": 1052, "Plan Width": 41, "Inner Unique": false, "Hash Cond": "(mc.movie_id = at.movie_id)", "Plans": [{"Node Type": "Seq Scan", "Parent Relationship": "Outer", "Relation Name": "movie_companies", "Alias": "mc", "Startup Cost": 0.0, "Total Cost": 41817.28, "Plan Rows": 2609128, "Plan Width": 12}, {"Node Type": "Hash", "Parent Relationship": "Inner", "Startup Cost": 348633.43, "Total Cost": 348633.43, "Plan Rows": 490, "Plan Width": 29, "Plans": [{"Node Type": "Hash Join", "Parent Relationship": "Outer", "Join Type": "Inner", "Startup Cost": 14415.51, "Total Cost": 348633.43, "Plan Rows": 490, "Plan Width": 29, "Inner Unique": false, "Hash Cond": "(mi.movie_id = at.movie_id)", "Plans": [{"Node Type": "Hash Join", "Parent Relationship": "Outer", "Join Type": "Inner", "Startup Cost": 2.41, "Total Cost": 334200.54, "Plan Rows": 192, "Plan Width": 4, "Inner Unique": true, "Hash Cond": "(mi.info_type_id = it1.id)", "Plans": [{"Node Type": "Seq Scan", "Parent Relationship": "Outer", "Relation Name": "movie_info", "Alias": "mi", "Startup Cost": 0.0, "Total Cost": 334162.58, "Plan Rows": 13419, "Plan Width": 8, "Filter": "((note)::text ~~ '%internet%'::text)"}, {"Node Type": "Hash", "Parent Relationship": "Inner", "Startup Cost": 2.4, "Total Cost": 2.4, "Plan Rows": 1, "Plan Width": 4, "Plans": [{"Node Type": "Seq Scan", "Parent Relationship": "Outer", "Relation Name": "info_type", "Alias": "it1", "Startup Cost": 0.0, "Total Cost": 2.4, "Plan Rows": 1, "Plan Width": 4, "Filter": "((info)::text = 'release dates'::text)"}]}]}, {"Node Type": "Hash", "Parent Relationship": "Inner", "Startup Cost": 9894.71, "Total Cost": 9894.71, "Plan Rows": 361471, "Plan Width": 25, "Plans": [{"Node Type": "Seq Scan", "Parent Relationship": "Outer", "Relation Name": "aka_title", "Alias": "at", "Startup Cost": 0.0, "Total Cost": 9894.71, "Plan Rows": 361471, "Plan Width": 25}]}]}]}]}, {"Node Type": "Hash", "Parent Relationship": "Inner", "Startup Cost": 1.03, "Total Cost": 1.03, "Plan Rows": 3, "Plan Width": 4, "Plans": [{"Node Type": "Seq Scan", "Parent Relationship": "Outer", "Relation Name": "company_type", "Alias": "ct", "Startup Cost": 0.0, "Total Cost": 1.03, "Plan Rows": 3, "Plan Width": 4}]}]}, {"Node Type": "Hash", "Parent Relationship": "Inner", "Startup Cost": 5903.45, "Total Cost": 5903.45, "Plan Rows": 85170, "Plan Width": 4, "Plans": [{"Node Type": "Seq Scan", "Parent Relationship": "Outer", "Relation Name": "company_name", "Alias": "cn", "Startup Cost": 0.0, "Total Cost": 5903.45, "Plan Rows": 85170, "Plan Width": 4, "Filter": "((country_code)::text = '[us]'::text)"}]}]}]}]}]}]}, {"Node Type": "Hash", "Parent Relationship": "Inner", "Startup Cost": 2100.69, "Total Cost": 2100.69, "Plan Rows": 134169, "Plan Width": 4, "Plans": [{"Node Type": "Seq Scan", "Parent Relationship": "Outer", "Relation Name": "keyword", "Alias": "k", "Startup Cost": 0.0, "Total Cost": 2100.69, "Plan Rows": 134169, "Plan Width": 4}]}]}]}, "Unique SQL Id": 2302223328, "Planner Runtime": 108}, "explain_analyze_plan": null}, "(1, 111)": {"explain_plan": {"Plan": {"Node Type": "Aggregate", "Strategy": "Plain", "Startup Cost": 9000056097820.72, "Total Cost": 9000056097820.73, "Plan Rows": 1, "Plan Width": 102, "Plans": [{"Node Type": "Hash Join", "Parent Relationship": "Outer", "Join Type": "Inner", "Startup Cost": 7020039712202.25, "Total Cost": 9000056097785.51, "Plan Rows": 7042, "Plan Width": 38, "Inner Unique": true, "Hash Cond": "(at.movie_id = t.id)", "Plans": [{"Node Type": "Hash Join", "Parent Relationship": "Outer", "Join Type": "Inner", "Startup Cost": 6020028046215.09, "Total Cost": 8000044431708.87, "Plan Rows": 5083, "Plan Width": 37, "Inner Unique": true, "Hash Cond": "(mk.keyword_id = k.id)", "Plans": [{"Node Type": "Hash Join", "Parent Relationship": "Outer", "Join Type": "Inner", "Startup Cost": 5020027759808.54, "Total Cost": 7000044145232.43, "Plan Rows": 5083, "Plan Width": 41, "Inner Unique": false, "Hash Cond": "(at.movie_id = mk.movie_id)", "Plans": [{"Node Type": "Hash Join", "Parent Relationship": "Outer", "Join Type": "Inner", "Startup Cost": 4020012402625.26, "Total Cost": 6000028787363.59, "Plan Rows": 630, "Plan Width": 33, "Inner Unique": true, "Hash Cond": "(mc.company_type_id = ct.id)", "Plans": [{"Node Type": "Hash Join", "Parent Relationship": "Outer", "Join Type": "Inner", "Startup Cost": 3020012401395.72, "Total Cost": 5000028786125.39, "Plan Rows": 630, "Plan Width": 37, "Inner Unique": true, "Hash Cond": "(mc.company_id = cn.id)", "Plans": [{"Node Type": "Hash Join", "Parent Relationship": "Outer", "Join Type": "Inner", "Startup Cost": 2020011350192.13, "Total Cost": 4000027734905.32, "Plan Rows": 1052, "Plan Width": 41, "Inner Unique": false, "Hash Cond": "(at.movie_id = mc.movie_id)", "Plans": [{"Node Type": "Hash Join", "Parent Relationship": "Outer", "Join Type": "Inner", "Startup Cost": 1020001999361.03, "Total Cost": 3000018383938.24, "Plan Rows": 490, "Plan Width": 29, "Inner Unique": false, "Hash Cond": "(mi.movie_id = at.movie_id)", "Plans": [{"Node Type": "Nested Loop", "Parent Relationship": "Outer", "Join Type": "Inner", "Startup Cost": 20000004841.51, "Total Cost": 2000016389398.93, "Plan Rows": 192, "Plan Width": 4, "Inner Unique": false, "Plans": [{"Node Type": "Index Scan", "Parent Relationship": "Outer", "Scan Direction": "Forward", "Index Name": "info_type_pkey", "Relation Name": "info_type", "Alias": "it1", "Startup Cost": 10000000000.0, "Total Cost": 1000000001421.0, "Plan Rows": 1, "Plan Width": 4, "Filter": "((info)::text = 'release dates'::text)"}, {"Node Type": "Bitmap Heap Scan", "Parent Relationship": "Inner", "Relation Name": "movie_info", "Alias": "mi", "Startup Cost": 10000004841.51, "Total Cost": 1000016387976.01, "Plan Rows": 192, "Plan Width": 8, "Recheck Cond": "(info_type_id = it1.id)", "Filter": "((note)::text ~~ '%internet%'::text)", "Plans": [{"Node Type": "Bitmap Index Scan", "Parent Relationship": "Outer", "Index Name": "info_type_id_movie_info", "Startup Cost": 0.0, "Total Cost": 4841.46, "Plan Rows": 212428, "Plan Width": 0, "Index Cond": "(info_type_id = it1.id)"}]}]}, {"Node Type": "Hash", "Parent Relationship": "Inner", "Startup Cost": 1000001990001.13, "Total Cost": 1000001990001.13, "Plan Rows": 361471, "Plan Width": 25, "Plans": [{"Node Type": "Index Scan", "Parent Relationship": "Outer", "Scan Direction": "Forward", "Index Name": "movie_id_aka_title", "Relation Name": "aka_title", "Alias": "at", "Startup Cost": 10000000000.0, "Total Cost": 1000001990001.13, "Plan Rows": 361471, "Plan Width": 25}]}]}, {"Node Type": "Hash", "Parent Relationship": "Inner", "Startup Cost": 1000009318217.0, "Total Cost": 1000009318217.0, "Plan Rows": 2609128, "Plan Width": 12, "Plans": [{"Node Type": "Index Scan", "Parent Relationship": "Outer", "Scan Direction": "Forward", "Index Name": "company_type_id_movie_companies", "Relation Name": "movie_companies", "Alias": "mc", "Startup Cost": 10000000000.0, "Total Cost": 1000009318217.0, "Plan Rows": 2609128, "Plan Width": 12}]}]}, {"Node Type": "Hash", "Parent Relationship": "Inner", "Startup Cost": 1000001050138.97, "Total Cost": 1000001050138.97, "Plan Rows": 85170, "Plan Width": 4, "Plans": [{"Node Type": "Index Scan", "Parent Relationship": "Outer", "Scan Direction": "Forward", "Index Name": "company_name_pkey", "Relation Name": "company_name", "Alias": "cn", "Startup Cost": 10000000000.0, "Total Cost": 1000001050138.97, "Plan Rows": 85170, "Plan Width": 4, "Filter": "((country_code)::text = '[us]'::text)"}]}]}, {"Node Type": "Hash", "Parent Relationship": "Inner", "Startup Cost": 1000000001229.5, "Total Cost": 1000000001229.5, "Plan Rows": 3, "Plan Width": 4, "Plans": [{"Node Type": "Index Scan", "Parent Relationship": "Outer", "Scan Direction": "Forward", "Index Name": "company_type_pkey", "Relation Name": "company_type", "Alias": "ct", "Startup Cost": 10000000000.0, "Total Cost": 1000000001229.5, "Plan Rows": 3, "Plan Width": 4}]}]}, {"Node Type": "Hash", "Parent Relationship": "Inner", "Startup Cost": 1000015300634.17, "Total Cost": 1000015300634.17, "Plan Rows": 4523929, "Plan Width": 8, "Plans": [{"Node Type": "Index Scan", "Parent Relationship": "Outer", "Scan Direction": "Forward", "Index Name": "movie_id_movie_keyword", "Relation Name": "movie_keyword", "Alias": "mk", "Startup Cost": 10000000000.0, "Total Cost": 1000015300634.17, "Plan Rows": 4523929, "Plan Width": 8}]}]}, {"Node Type": "Hash", "Parent Relationship": "Inner", "Startup Cost": 1000000284729.43, "Total Cost": 1000000284729.43, "Plan Rows": 134169, "Plan Width": 4, "Plans": [{"Node Type": "Index Scan", "Parent Relationship": "Outer", "Scan Direction": "Forward", "Index Name": "keyword_pkey", "Relation Name": "keyword", "Alias": "k", "Startup Cost": 10000000000.0, "Total Cost": 1000000284729.43, "Plan Rows": 134169, "Plan Width": 4}]}]}, {"Node Type": "Hash", "Parent Relationship": "Inner", "Startup Cost": 1000011644126.66, "Total Cost": 1000011644126.66, "Plan Rows": 1748840, "Plan Width": 21, "Plans": [{"Node Type": "Index Scan", "Parent Relationship": "Outer", "Scan Direction": "Forward", "Index Name": "title_pkey", "Relation Name": "title", "Alias": "t", "Startup Cost": 10000000000.0, "Total Cost": 1000011644126.66, "Plan Rows": 1748840, "Plan Width": 21, "Filter": "(production_year > 1990), (LLVM Optimized)"}]}]}]}, "Unique SQL Id": 2302223328, "Planner Runtime": 148}, "explain_analyze_plan": null}, "(1, 112)": {"explain_plan": {"Plan": {"Node Type": "Aggregate", "Strategy": "Plain", "Startup Cost": 166932.32, "Total Cost": 166932.33, "Plan Rows": 1, "Plan Width": 102, "Plans": [{"Node Type": "Nested Loop", "Parent Relationship": "Outer", "Join Type": "Inner", "Startup Cost": 4841.51, "Total Cost": 166898.13, "Plan Rows": 6838, "Plan Width": 38, "Inner Unique": false, "Join Filter": "(t.id = at.movie_id)", "Plans": [{"Node Type": "Nested Loop", "Parent Relationship": "Outer", "Join Type": "Inner", "Startup Cost": 4841.51, "Total Cost": 166099.52, "Plan Rows": 2257, "Plan Width": 33, "Inner Unique": true, "Plans": [{"Node Type": "Nested Loop", "Parent Relationship": "Outer", "Join Type": "Inner", "Startup Cost": 4841.51, "Total Cost": 165467.53, "Plan Rows": 2257, "Plan Width": 37, "Inner Unique": false, "Join Filter": "(t.id = mk.movie_id)", "Plans": [{"Node Type": "Nested Loop", "Parent Relationship": "Outer", "Join Type": "Inner", "Startup Cost": 4841.51, "Total Cost": 165311.18, "Plan Rows": 278, "Plan Width": 29, "Inner Unique": true, "Join Filter": "(mc.company_type_id = ct.id)", "Plans": [{"Node Type": "Nested Loop", "Parent Relationship": "Outer", "Join Type": "Inner", "Startup Cost": 4841.51, "Total Cost": 165288.64, "Plan Rows": 478, "Plan Width": 33, "Inner Unique": true, "Plans": [{"Node Type": "Nested Loop", "Parent Relationship": "Outer", "Join Type": "Inner", "Startup Cost": 4841.51, "Total Cost": 165125.25, "Plan Rows": 568, "Plan Width": 37, "Inner Unique": false, "Plans": [{"Node Type": "Nested Loop", "Parent Relationship": "Outer", "Join Type": "Inner", "Startup Cost": 4841.51, "Total Cost": 165027.39, "Plan Rows": 266, "Plan Width": 25, "Inner Unique": true, "Plans": [{"Node Type": "Nested Loop", "Parent Relationship": "Outer", "Join Type": "Inner", "Startup Cost": 4841.51, "Total Cost": 163884.08, "Plan Rows": 192, "Plan Width": 4, "Inner Unique": false, "Plans": [{"Node Type": "Seq Scan", "Parent Relationship": "Outer", "Relation Name": "info_type", "Alias": "it1", "Startup Cost": 0.0, "Total Cost": 2.4, "Plan Rows": 1, "Plan Width": 4, "Filter": "((info)::text = 'release dates'::text)"}, {"Node Type": "Bitmap Heap Scan", "Parent Relationship": "Inner", "Relation Name": "movie_info", "Alias": "mi", "Startup Cost": 4841.51, "Total Cost": 163879.76, "Plan Rows": 192, "Plan Width": 8, "Recheck Cond": "(info_type_id = it1.id)", "Filter": "((note)::text ~~ '%internet%'::text)", "Plans": [{"Node Type": "Bitmap Index Scan", "Parent Relationship": "Outer", "Index Name": "info_type_id_movie_info", "Startup Cost": 0.0, "Total Cost": 4841.46, "Plan Rows": 212428, "Plan Width": 0, "Index Cond": "(info_type_id = it1.id)"}]}]}, {"Node Type": "Index Scan", "Parent Relationship": "Inner", "Scan Direction": "Forward", "Index Name": "title_pkey", "Relation Name": "title", "Alias": "t", "Startup Cost": 0.0, "Total Cost": 5.94, "Plan Rows": 1, "Plan Width": 21, "Index Cond": "(id = mi.movie_id)", "Filter": "(production_year > 1990)"}]}, {"Node Type": "Index Scan", "Parent Relationship": "Inner", "Scan Direction": "Forward", "Index Name": "movie_id_movie_companies", "Relation Name": "movie_companies", "Alias": "mc", "Startup Cost": 0.0, "Total Cost": 0.35, "Plan Rows": 2, "Plan Width": 12, "Index Cond": "(movie_id = t.id)"}]}, {"Node Type": "Index Scan", "Parent Relationship": "Inner", "Scan Direction": "Forward", "Index Name": "company_name_pkey", "Relation Name": "company_name", "Alias": "cn", "Startup Cost": 0.0, "Total Cost": 0.28, "Plan Rows": 1, "Plan Width": 4, "Index Cond": "(id = mc.company_id)", "Filter": "((country_code)::text = '[us]'::text)"}]}, {"Node Type": "Materialize", "Parent Relationship": "Inner", "Startup Cost": 0.0, "Total Cost": 1.04, "Plan Rows": 3, "Plan Width": 4, "Plans": [{"Node Type": "Seq Scan", "Parent Relationship": "Outer", "Relation Name": "company_type", "Alias": "ct", "Startup Cost": 0.0, "Total Cost": 1.03, "Plan Rows": 3, "Plan Width": 4}]}]}, {"Node Type": "Index Scan", "Parent Relationship": "Inner", "Scan Direction": "Forward", "Index Name": "movie_id_movie_keyword", "Relation Name": "movie_keyword", "Alias": "mk", "Startup Cost": 0.0, "Total Cost": 0.46, "Plan Rows": 8, "Plan Width": 8, "Index Cond": "(movie_id = mc.movie_id)"}]}, {"Node Type": "Index Only Scan", "Parent Relationship": "Inner", "Scan Direction": "Forward", "Index Name": "keyword_pkey", "Relation Name": "keyword", "Alias": "k", "Startup Cost": 0.0, "Total Cost": 0.27, "Plan Rows": 1, "Plan Width": 4, "Index Cond": "(id = mk.keyword_id)"}]}, {"Node Type": "Index Scan", "Parent Relationship": "Inner", "Scan Direction": "Forward", "Index Name": "movie_id_aka_title", "Relation Name": "aka_title", "Alias": "at", "Startup Cost": 0.0, "Total Cost": 0.32, "Plan Rows": 3, "Plan Width": 25, "Index Cond": "(movie_id = mk.movie_id)"}]}]}, "Unique SQL Id": 2302223328, "Planner Runtime": 27}, "explain_analyze_plan": {"Plan": {"Node Type": "Aggregate", "Strategy": "Plain", "Startup Cost": 166932.32, "Total Cost": 166932.33, "Plan Rows": 1, "Plan Width": 102, "Actual Startup Time": 1837.211, "Actual Total Time": 1837.211, "Actual Rows": 1, "Actual Loops": 1, "Plans": [{"Node Type": "Nested Loop", "Parent Relationship": "Outer", "Join Type": "Inner", "Startup Cost": 4841.51, "Total Cost": 166898.13, "Plan Rows": 6838, "Plan Width": 38, "Actual Startup Time": 416.095, "Actual Total Time": 1834.336, "Actual Rows": 4371, "Actual Loops": 1, "Inner Unique": false, "Join Filter": "(t.id = at.movie_id)", "Rows Removed by Join Filter": 0, "Plans": [{"Node Type": "Nested Loop", "Parent Relationship": "Outer", "Join Type": "Inner", "Startup Cost": 4841.51, "Total Cost": 166099.52, "Plan Rows": 2257, "Plan Width": 33, "Actual Startup Time": 377.514, "Actual Total Time": 1791.309, "Actual Rows": 14161, "Actual Loops": 1, "Inner Unique": true, "Plans": [{"Node Type": "Nested Loop", "Parent Relationship": "Outer", "Join Type": "Inner", "Startup Cost": 4841.51, "Total Cost": 165467.53, "Plan Rows": 2257, "Plan Width": 37, "Actual Startup Time": 377.499, "Actual Total Time": 1741.858, "Actual Rows": 14161, "Actual Loops": 1, "Inner Unique": false, "Join Filter": "(t.id = mk.movie_id)", "Rows Removed by Join Filter": 0, "Plans": [{"Node Type": "Nested Loop", "Parent Relationship": "Outer", "Join Type": "Inner", "Startup Cost": 4841.51, "Total Cost": 165311.18, "Plan Rows": 278, "Plan Width": 29, "Actual Startup Time": 377.483, "Actual Total Time": 1700.555, "Actual Rows": 5914, "Actual Loops": 1, "Inner Unique": true, "Join Filter": "(mc.company_type_id = ct.id)", "Rows Removed by Join Filter": 11829, "Plans": [{"Node Type": "Nested Loop", "Parent Relationship": "Outer", "Join Type": "Inner", "Startup Cost": 4841.51, "Total Cost": 165288.64, "Plan Rows": 478, "Plan Width": 33, "Actual Startup Time": 377.399, "Actual Total Time": 1691.268, "Actual Rows": 9857, "Actual Loops": 1, "Inner Unique": true, "Plans": [{"Node Type": "Nested Loop", "Parent Relationship": "Outer", "Join Type": "Inner", "Startup Cost": 4841.51, "Total Cost": 165125.25, "Plan Rows": 568, "Plan Width": 37, "Actual Startup Time": 377.382, "Actual Total Time": 1614.285, "Actual Rows": 14377, "Actual Loops": 1, "Inner Unique": false, "Plans": [{"Node Type": "Nested Loop", "Parent Relationship": "Outer", "Join Type": "Inner", "Startup Cost": 4841.51, "Total Cost": 165027.39, "Plan Rows": 266, "Plan Width": 25, "Actual Startup Time": 377.368, "Actual Total Time": 1549.173, "Actual Rows": 10662, "Actual Loops": 1, "Inner Unique": true, "Plans": [{"Node Type": "Nested Loop", "Parent Relationship": "Outer", "Join Type": "Inner", "Startup Cost": 4841.51, "Total Cost": 163884.08, "Plan Rows": 192, "Plan Width": 4, "Actual Startup Time": 377.319, "Actual Total Time": 1484.114, "Actual Rows": 10679, "Actual Loops": 1, "Inner Unique": false, "Plans": [{"Node Type": "Seq Scan", "Parent Relationship": "Outer", "Relation Name": "info_type", "Alias": "it1", "Startup Cost": 0.0, "Total Cost": 2.4, "Plan Rows": 1, "Plan Width": 4, "Actual Startup Time": 0.045, "Actual Total Time": 0.077, "Actual Rows": 1, "Actual Loops": 1, "Filter": "((info)::text = 'release dates'::text)", "Rows Removed by Filter": 111}, {"Node Type": "Bitmap Heap Scan", "Parent Relationship": "Inner", "Relation Name": "movie_info", "Alias": "mi", "Startup Cost": 4841.51, "Total Cost": 163879.76, "Plan Rows": 192, "Plan Width": 8, "Actual Startup Time": 377.267, "Actual Total Time": 1481.209, "Actual Rows": 10679, "Actual Loops": 1, "Recheck Cond": "(info_type_id = it1.id)", "Rows Removed by Index Recheck": 0, "Filter": "((note)::text ~~ '%internet%'::text)", "Rows Removed by Filter": 3026040, "Exact Heap Blocks": 21947, "Lossy Heap Blocks": 21947, "Plans": [{"Node Type": "Bitmap Index Scan", "Parent Relationship": "Outer", "Index Name": "info_type_id_movie_info", "Startup Cost": 0.0, "Total Cost": 4841.46, "Plan Rows": 212428, "Plan Width": 0, "Actual Startup Time": 372.254, "Actual Total Time": 372.254, "Actual Rows": 3036719, "Actual Loops": 1, "Index Cond": "(info_type_id = it1.id)"}]}]}, {"Node Type": "Index Scan", "Parent Relationship": "Inner", "Scan Direction": "Forward", "Index Name": "title_pkey", "Relation Name": "title", "Alias": "t", "Startup Cost": 0.0, "Total Cost": 5.94, "Plan Rows": 1, "Plan Width": 21, "Actual Startup Time": 54.784, "Actual Total Time": 54.784, "Actual Rows": 10662, "Actual Loops": 10679, "Index Cond": "(id = mi.movie_id)", "Rows Removed by Index Recheck": 0, "Filter": "(production_year > 1990)", "Rows Removed by Filter": 17}]}, {"Node Type": "Index Scan", "Parent Relationship": "Inner", "Scan Direction": "Forward", "Index Name": "movie_id_movie_companies", "Relation Name": "movie_companies", "Alias": "mc", "Startup Cost": 0.0, "Total Cost": 0.35, "Plan Rows": 2, "Plan Width": 12, "Actual Startup Time": 45.258, "Actual Total Time": 55.769, "Actual Rows": 14377, "Actual Loops": 10662, "Index Cond": "(movie_id = t.id)", "Rows Removed by Index Recheck": 0}]}, {"Node Type": "Index Scan", "Parent Relationship": "Inner", "Scan Direction": "Forward", "Index Name": "company_name_pkey", "Relation Name": "company_name", "Alias": "cn", "Startup Cost": 0.0, "Total Cost": 0.28, "Plan Rows": 1, "Plan Width": 4, "Actual Startup Time": 65.504, "Actual Total Time": 65.504, "Actual Rows": 9857, "Actual Loops": 14377, "Index Cond": "(id = mc.company_id)", "Rows Removed by Index Recheck": 0, "Filter": "((country_code)::text = '[us]'::text)", "Rows Removed by Filter": 4520}]}, {"Node Type": "Materialize", "Parent Relationship": "Inner", "Startup Cost": 0.0, "Total Cost": 1.04, "Plan Rows": 3, "Plan Width": 4, "Actual Startup Time": 1.298, "Actual Total Time": 2.39, "Actual Rows": 17743, "Actual Loops": 9857, "Plans": [{"Node Type": "Seq Scan", "Parent Relationship": "Outer", "Relation Name": "company_type", "Alias": "ct", "Startup Cost": 0.0, "Total Cost": 1.03, "Plan Rows": 3, "Plan Width": 4, "Actual Startup Time": 0.012, "Actual Total Time": 0.014, "Actual Rows": 3, "Actual Loops": 1}]}]}, {"Node Type": "Index Scan", "Parent Relationship": "Inner", "Scan Direction": "Forward", "Index Name": "movie_id_movie_keyword", "Relation Name": "movie_keyword", "Alias": "mk", "Startup Cost": 0.0, "Total Cost": 0.46, "Plan Rows": 8, "Plan Width": 8, "Actual Startup Time": 25.336, "Actual Total Time": 31.763, "Actual Rows": 14161, "Actual Loops": 5914, "Index Cond": "(movie_id = mc.movie_id)", "Rows Removed by Index Recheck": 0}]}, {"Node Type": "Index Only Scan", "Parent Relationship": "Inner", "Scan Direction": "Forward", "Index Name": "keyword_pkey", "Relation Name": "keyword", "Alias": "k", "Startup Cost": 0.0, "Total Cost": 0.27, "Plan Rows": 1, "Plan Width": 4, "Actual Startup Time": 39.57, "Actual Total Time": 39.57, "Actual Rows": 14161, "Actual Loops": 14161, "Index Cond": "(id = mk.keyword_id)", "Rows Removed by Index Recheck": 0, "Heap Fetches": 0}]}, {"Node Type": "Index Scan", "Parent Relationship": "Inner", "Scan Direction": "Forward", "Index Name": "movie_id_aka_title", "Relation Name": "aka_title", "Alias": "at", "Startup Cost": 0.0, "Total Cost": 0.32, "Plan Rows": 3, "Plan Width": 25, "Actual Startup Time": 32.259, "Actual Total Time": 34.455, "Actual Rows": 4371, "Actual Loops": 14161, "Index Cond": "(movie_id = mk.movie_id)", "Rows Removed by Index Recheck": 0}]}]}, "Triggers": [], "Planner Runtime": 27, "Total Runtime": 1837.72, "Unique SQL Id": 2302223328}}, "(1, 113)": {"explain_plan": {"Plan": {"Node Type": "Aggregate", "Strategy": "Plain", "Startup Cost": 166951.4, "Total Cost": 166951.41, "Plan Rows": 1, "Plan Width": 102, "Plans": [{"Node Type": "Nested Loop", "Parent Relationship": "Outer", "Join Type": "Inner", "Startup Cost": 4841.51, "Total Cost": 166917.21, "Plan Rows": 6838, "Plan Width": 38, "Inner Unique": false, "Join Filter": "(t.id = at.movie_id)", "Plans": [{"Node Type": "Nested Loop", "Parent Relationship": "Outer", "Join Type": "Inner", "Startup Cost": 4841.51, "Total Cost": 166118.59, "Plan Rows": 2257, "Plan Width": 33, "Inner Unique": true, "Plans": [{"Node Type": "Nested Loop", "Parent Relationship": "Outer", "Join Type": "Inner", "Startup Cost": 4841.51, "Total Cost": 165486.61, "Plan Rows": 2257, "Plan Width": 37, "Inner Unique": false, "Join Filter": "(t.id = mk.movie_id)", "Plans": [{"Node Type": "Nested Loop", "Parent Relationship": "Outer", "Join Type": "Inner", "Startup Cost": 4841.51, "Total Cost": 165330.26, "Plan Rows": 278, "Plan Width": 29, "Inner Unique": true, "Join Filter": "(mc.company_type_id = ct.id)", "Plans": [{"Node Type": "Nested Loop", "Parent Relationship": "Outer", "Join Type": "Inner", "Startup Cost": 4841.51, "Total Cost": 165300.45, "Plan Rows": 478, "Plan Width": 33, "Inner Unique": true, "Plans": [{"Node Type": "Nested Loop", "Parent Relationship": "Outer", "Join Type": "Inner", "Startup Cost": 4841.51, "Total Cost": 165137.06, "Plan Rows": 568, "Plan Width": 37, "Inner Unique": false, "Plans": [{"Node Type": "Nested Loop", "Parent Relationship": "Outer", "Join Type": "Inner", "Startup Cost": 4841.51, "Total Cost": 165039.2, "Plan Rows": 266, "Plan Width": 25, "Inner Unique": true, "Plans": [{"Node Type": "Nested Loop", "Parent Relationship": "Outer", "Join Type": "Inner", "Startup Cost": 4841.51, "Total Cost": 163895.89, "Plan Rows": 192, "Plan Width": 4, "Inner Unique": false, "Plans": [{"Node Type": "Index Scan", "Parent Relationship": "Outer", "Scan Direction": "Forward", "Index Name": "info_type_pkey", "Relation Name": "info_type", "Alias": "it1", "Startup Cost": 0.0, "Total Cost": 14.21, "Plan Rows": 1, "Plan Width": 4, "Filter": "((info)::text = 'release dates'::text)"}, {"Node Type": "Bitmap Heap Scan", "Parent Relationship": "Inner", "Relation Name": "movie_info", "Alias": "mi", "Startup Cost": 4841.51, "Total Cost": 163879.76, "Plan Rows": 192, "Plan Width": 8, "Recheck Cond": "(info_type_id = it1.id)", "Filter": "((note)::text ~~ '%internet%'::text)", "Plans": [{"Node Type": "Bitmap Index Scan", "Parent Relationship": "Outer", "Index Name": "info_type_id_movie_info", "Startup Cost": 0.0, "Total Cost": 4841.46, "Plan Rows": 212428, "Plan Width": 0, "Index Cond": "(info_type_id = it1.id)"}]}]}, {"Node Type": "Index Scan", "Parent Relationship": "Inner", "Scan Direction": "Forward", "Index Name": "title_pkey", "Relation Name": "title", "Alias": "t", "Startup Cost": 0.0, "Total Cost": 5.94, "Plan Rows": 1, "Plan Width": 21, "Index Cond": "(id = mi.movie_id)", "Filter": "(production_year > 1990)"}]}, {"Node Type": "Index Scan", "Parent Relationship": "Inner", "Scan Direction": "Forward", "Index Name": "movie_id_movie_companies", "Relation Name": "movie_companies", "Alias": "mc", "Startup Cost": 0.0, "Total Cost": 0.35, "Plan Rows": 2, "Plan Width": 12, "Index Cond": "(movie_id = t.id)"}]}, {"Node Type": "Index Scan", "Parent Relationship": "Inner", "Scan Direction": "Forward", "Index Name": "company_name_pkey", "Relation Name": "company_name", "Alias": "cn", "Startup Cost": 0.0, "Total Cost": 0.28, "Plan Rows": 1, "Plan Width": 4, "Index Cond": "(id = mc.company_id)", "Filter": "((country_code)::text = '[us]'::text)"}]}, {"Node Type": "Materialize", "Parent Relationship": "Inner", "Startup Cost": 0.0, "Total Cost": 8.31, "Plan Rows": 3, "Plan Width": 4, "Plans": [{"Node Type": "Index Only Scan", "Parent Relationship": "Outer", "Scan Direction": "Forward", "Index Name": "company_type_pkey", "Relation Name": "company_type", "Alias": "ct", "Startup Cost": 0.0, "Total Cost": 8.29, "Plan Rows": 3, "Plan Width": 4}]}]}, {"Node Type": "Index Scan", "Parent Relationship": "Inner", "Scan Direction": "Forward", "Index Name": "movie_id_movie_keyword", "Relation Name": "movie_keyword", "Alias": "mk", "Startup Cost": 0.0, "Total Cost": 0.46, "Plan Rows": 8, "Plan Width": 8, "Index Cond": "(movie_id = mc.movie_id)"}]}, {"Node Type": "Index Only Scan", "Parent Relationship": "Inner", "Scan Direction": "Forward", "Index Name": "keyword_pkey", "Relation Name": "keyword", "Alias": "k", "Startup Cost": 0.0, "Total Cost": 0.27, "Plan Rows": 1, "Plan Width": 4, "Index Cond": "(id = mk.keyword_id)"}]}, {"Node Type": "Index Scan", "Parent Relationship": "Inner", "Scan Direction": "Forward", "Index Name": "movie_id_aka_title", "Relation Name": "aka_title", "Alias": "at", "Startup Cost": 0.0, "Total Cost": 0.32, "Plan Rows": 3, "Plan Width": 25, "Index Cond": "(movie_id = mk.movie_id)"}]}]}, "Unique SQL Id": 2302223328, "Planner Runtime": 25}, "explain_analyze_plan": {"Plan": {"Node Type": "Aggregate", "Strategy": "Plain", "Startup Cost": 166951.4, "Total Cost": 166951.41, "Plan Rows": 1, "Plan Width": 102, "Actual Startup Time": 2048.243, "Actual Total Time": 2048.244, "Actual Rows": 1, "Actual Loops": 1, "Plans": [{"Node Type": "Nested Loop", "Parent Relationship": "Outer", "Join Type": "Inner", "Startup Cost": 4841.51, "Total Cost": 166917.21, "Plan Rows": 6838, "Plan Width": 38, "Actual Startup Time": 543.335, "Actual Total Time": 2045.343, "Actual Rows": 4371, "Actual Loops": 1, "Inner Unique": false, "Join Filter": "(t.id = at.movie_id)", "Rows Removed by Join Filter": 0, "Plans": [{"Node Type": "Nested Loop", "Parent Relationship": "Outer", "Join Type": "Inner", "Startup Cost": 4841.51, "Total Cost": 166118.59, "Plan Rows": 2257, "Plan Width": 33, "Actual Startup Time": 504.339, "Actual Total Time": 2000.962, "Actual Rows": 14161, "Actual Loops": 1, "Inner Unique": true, "Plans": [{"Node Type": "Nested Loop", "Parent Relationship": "Outer", "Join Type": "Inner", "Startup Cost": 4841.51, "Total Cost": 165486.61, "Plan Rows": 2257, "Plan Width": 37, "Actual Startup Time": 504.327, "Actual Total Time": 1950.557, "Actual Rows": 14161, "Actual Loops": 1, "Inner Unique": false, "Join Filter": "(t.id = mk.movie_id)", "Rows Removed by Join Filter": 0, "Plans": [{"Node Type": "Nested Loop", "Parent Relationship": "Outer", "Join Type": "Inner", "Startup Cost": 4841.51, "Total Cost": 165330.26, "Plan Rows": 278, "Plan Width": 29, "Actual Startup Time": 504.309, "Actual Total Time": 1906.019, "Actual Rows": 5914, "Actual Loops": 1, "Inner Unique": true, "Join Filter": "(mc.company_type_id = ct.id)", "Rows Removed by Join Filter": 11829, "Plans": [{"Node Type": "Nested Loop", "Parent Relationship": "Outer", "Join Type": "Inner", "Startup Cost": 4841.51, "Total Cost": 165300.45, "Plan Rows": 478, "Plan Width": 33, "Actual Startup Time": 504.22, "Actual Total Time": 1896.902, "Actual Rows": 9857, "Actual Loops": 1, "Inner Unique": true, "Plans": [{"Node Type": "Nested Loop", "Parent Relationship": "Outer", "Join Type": "Inner", "Startup Cost": 4841.51, "Total Cost": 165137.06, "Plan Rows": 568, "Plan Width": 37, "Actual Startup Time": 504.2, "Actual Total Time": 1814.295, "Actual Rows": 14377, "Actual Loops": 1, "Inner Unique": false, "Plans": [{"Node Type": "Nested Loop", "Parent Relationship": "Outer", "Join Type": "Inner", "Startup Cost": 4841.51, "Total Cost": 165039.2, "Plan Rows": 266, "Plan Width": 25, "Actual Startup Time": 504.185, "Actual Total Time": 1740.557, "Actual Rows": 10662, "Actual Loops": 1, "Inner Unique": true, "Plans": [{"Node Type": "Nested Loop", "Parent Relationship": "Outer", "Join Type": "Inner", "Startup Cost": 4841.51, "Total Cost": 163895.89, "Plan Rows": 192, "Plan Width": 4, "Actual Startup Time": 504.132, "Actual Total Time": 1668.262, "Actual Rows": 10679, "Actual Loops": 1, "Inner Unique": false, "Plans": [{"Node Type": "Index Scan", "Parent Relationship": "Outer", "Scan Direction": "Forward", "Index Name": "info_type_pkey", "Relation Name": "info_type", "Alias": "it1", "Startup Cost": 0.0, "Total Cost": 14.21, "Plan Rows": 1, "Plan Width": 4, "Actual Startup Time": 0.04, "Actual Total Time": 0.095, "Actual Rows": 1, "Actual Loops": 1, "Filter": "((info)::text = 'release dates'::text)", "Rows Removed by Filter": 111}, {"Node Type": "Bitmap Heap Scan", "Parent Relationship": "Inner", "Relation Name": "movie_info", "Alias": "mi", "Startup Cost": 4841.51, "Total Cost": 163879.76, "Plan Rows": 192, "Plan Width": 8, "Actual Startup Time": 504.082, "Actual Total Time": 1665.574, "Actual Rows": 10679, "Actual Loops": 1, "Recheck Cond": "(info_type_id = it1.id)", "Rows Removed by Index Recheck": 0, "Filter": "((note)::text ~~ '%internet%'::text)", "Rows Removed by Filter": 3026040, "Exact Heap Blocks": 21947, "Lossy Heap Blocks": 21947, "Plans": [{"Node Type": "Bitmap Index Scan", "Parent Relationship": "Outer", "Index Name": "info_type_id_movie_info", "Startup Cost": 0.0, "Total Cost": 4841.46, "Plan Rows": 212428, "Plan Width": 0, "Actual Startup Time": 498.978, "Actual Total Time": 498.978, "Actual Rows": 3036719, "Actual Loops": 1, "Index Cond": "(info_type_id = it1.id)"}]}]}, {"Node Type": "Index Scan", "Parent Relationship": "Inner", "Scan Direction": "Forward", "Index Name": "title_pkey", "Relation Name": "title", "Alias": "t", "Startup Cost": 0.0, "Total Cost": 5.94, "Plan Rows": 1, "Plan Width": 21, "Actual Startup Time": 62.309, "Actual Total Time": 62.309, "Actual Rows": 10662, "Actual Loops": 10679, "Index Cond": "(id = mi.movie_id)", "Rows Removed by Index Recheck": 0, "Filter": "(production_year > 1990)", "Rows Removed by Filter": 17}]}, {"Node Type": "Index Scan", "Parent Relationship": "Inner", "Scan Direction": "Forward", "Index Name": "movie_id_movie_companies", "Relation Name": "movie_companies", "Alias": "mc", "Startup Cost": 0.0, "Total Cost": 0.35, "Plan Rows": 2, "Plan Width": 12, "Actual Startup Time": 52.928, "Actual Total Time": 64.416, "Actual Rows": 14377, "Actual Loops": 10662, "Index Cond": "(movie_id = t.id)", "Rows Removed by Index Recheck": 0}]}, {"Node Type": "Index Scan", "Parent Relationship": "Inner", "Scan Direction": "Forward", "Index Name": "company_name_pkey", "Relation Name": "company_name", "Alias": "cn", "Startup Cost": 0.0, "Total Cost": 0.28, "Plan Rows": 1, "Plan Width": 4, "Actual Startup Time": 71.558, "Actual Total Time": 71.558, "Actual Rows": 9857, "Actual Loops": 14377, "Index Cond": "(id = mc.company_id)", "Rows Removed by Index Recheck": 0, "Filter": "((country_code)::text = '[us]'::text)", "Rows Removed by Filter": 4520}]}, {"Node Type": "Materialize", "Parent Relationship": "Inner", "Startup Cost": 0.0, "Total Cost": 8.31, "Plan Rows": 3, "Plan Width": 4, "Actual Startup Time": 1.251, "Actual Total Time": 2.345, "Actual Rows": 17743, "Actual Loops": 9857, "Plans": [{"Node Type": "Index Only Scan", "Parent Relationship": "Outer", "Scan Direction": "Forward", "Index Name": "company_type_pkey", "Relation Name": "company_type", "Alias": "ct", "Startup Cost": 0.0, "Total Cost": 8.29, "Plan Rows": 3, "Plan Width": 4, "Actual Startup Time": 0.006, "Actual Total Time": 0.014, "Actual Rows": 3, "Actual Loops": 1, "Heap Fetches": 0}]}]}, {"Node Type": "Index Scan", "Parent Relationship": "Inner", "Scan Direction": "Forward", "Index Name": "movie_id_movie_keyword", "Relation Name": "movie_keyword", "Alias": "mk", "Startup Cost": 0.0, "Total Cost": 0.46, "Plan Rows": 8, "Plan Width": 8, "Actual Startup Time": 28.874, "Actual Total Time": 35.425, "Actual Rows": 14161, "Actual Loops": 5914, "Index Cond": "(movie_id = mc.movie_id)", "Rows Removed by Index Recheck": 0}]}, {"Node Type": "Index Only Scan", "Parent Relationship": "Inner", "Scan Direction": "Forward", "Index Name": "keyword_pkey", "Relation Name": "keyword", "Alias": "k", "Startup Cost": 0.0, "Total Cost": 0.27, "Plan Rows": 1, "Plan Width": 4, "Actual Startup Time": 40.427, "Actual Total Time": 40.427, "Actual Rows": 14161, "Actual Loops": 14161, "Index Cond": "(id = mk.keyword_id)", "Rows Removed by Index Recheck": 0, "Heap Fetches": 0}]}, {"Node Type": "Index Scan", "Parent Relationship": "Inner", "Scan Direction": "Forward", "Index Name": "movie_id_aka_title", "Relation Name": "aka_title", "Alias": "at", "Startup Cost": 0.0, "Total Cost": 0.32, "Plan Rows": 3, "Plan Width": 25, "Actual Startup Time": 32.931, "Actual Total Time": 35.126, "Actual Rows": 4371, "Actual Loops": 14161, "Index Cond": "(movie_id = mk.movie_id)", "Rows Removed by Index Recheck": 0}]}]}, "Triggers": [], "Planner Runtime": 25, "Total Runtime": 2048.853, "Unique SQL Id": 2302223328}}, "(1, 114)": {"explain_plan": {"Plan": {"Node Type": "Aggregate", "Strategy": "Plain", "Startup Cost": 189327.28, "Total Cost": 189327.29, "Plan Rows": 1, "Plan Width": 102, "Plans": [{"Node Type": "Nested Loop", "Parent Relationship": "Outer", "Join Type": "Inner", "Startup Cost": 4845.53, "Total Cost": 189293.09, "Plan Rows": 6838, "Plan Width": 38, "Inner Unique": false, "Join Filter": "(t.id = at.movie_id)", "Plans": [{"Node Type": "Nested Loop", "Parent Relationship": "Outer", "Join Type": "Inner", "Startup Cost": 4845.25, "Total Cost": 179477.32, "Plan Rows": 2257, "Plan Width": 33, "Inner Unique": true, "Plans": [{"Node Type": "Nested Loop", "Parent Relationship": "Outer", "Join Type": "Inner", "Startup Cost": 4844.99, "Total Cost": 169816.77, "Plan Rows": 2257, "Plan Width": 37, "Inner Unique": false, "Join Filter": "(t.id = mk.movie_id)", "Plans": [{"Node Type": "Nested Loop", "Parent Relationship": "Outer", "Join Type": "Inner", "Startup Cost": 4844.66, "Total Cost": 168555.2, "Plan Rows": 278, "Plan Width": 29, "Inner Unique": true, "Join Filter": "(mi.movie_id = t.id)", "Plans": [{"Node Type": "Nested Loop", "Parent Relationship": "Outer", "Join Type": "Inner", "Startup Cost": 4844.38, "Total Cost": 167691.01, "Plan Rows": 201, "Plan Width": 8, "Inner Unique": true, "Join Filter": "(mc.company_type_id = ct.id)", "Plans": [{"Node Type": "Nested Loop", "Parent Relationship": "Outer", "Join Type": "Inner", "Startup Cost": 4844.38, "Total Cost": 167674.45, "Plan Rows": 345, "Plan Width": 12, "Inner Unique": true, "Plans": [{"Node Type": "Nested Loop", "Parent Relationship": "Outer", "Join Type": "Inner", "Startup Cost": 4844.13, "Total Cost": 165918.27, "Plan Rows": 410, "Plan Width": 16, "Inner Unique": false, "Plans": [{"Node Type": "Nested Loop", "Parent Relationship": "Outer", "Join Type": "Inner", "Startup Cost": 4841.51, "Total Cost": 163884.08, "Plan Rows": 192, "Plan Width": 4, "Inner Unique": false, "Plans": [{"Node Type": "Seq Scan", "Parent Relationship": "Outer", "Relation Name": "info_type", "Alias": "it1", "Startup Cost": 0.0, "Total Cost": 2.4, "Plan Rows": 1, "Plan Width": 4, "Filter": "((info)::text = 'release dates'::text)"}, {"Node Type": "Bitmap Heap Scan", "Parent Relationship": "Inner", "Relation Name": "movie_info", "Alias": "mi", "Startup Cost": 4841.51, "Total Cost": 163879.76, "Plan Rows": 192, "Plan Width": 8, "Recheck Cond": "(info_type_id = it1.id)", "Filter": "((note)::text ~~ '%internet%'::text)", "Plans": [{"Node Type": "Bitmap Index Scan", "Parent Relationship": "Outer", "Index Name": "info_type_id_movie_info", "Startup Cost": 0.0, "Total Cost": 4841.46, "Plan Rows": 212428, "Plan Width": 0, "Index Cond": "(info_type_id = it1.id)"}]}]}, {"Node Type": "Bitmap Heap Scan", "Parent Relationship": "Inner", "Relation Name": "movie_companies", "Alias": "mc", "Startup Cost": 2.62, "Total Cost": 10.57, "Plan Rows": 2, "Plan Width": 12, "Recheck Cond": "(movie_id = mi.movie_id)", "Plans": [{"Node Type": "Bitmap Index Scan", "Parent Relationship": "Outer", "Index Name": "movie_id_movie_companies", "Startup Cost": 0.0, "Total Cost": 2.62, "Plan Rows": 2, "Plan Width": 0, "Index Cond": "(movie_id = mi.movie_id)"}]}]}, {"Node Type": "Bitmap Heap Scan", "Parent Relationship": "Inner", "Relation Name": "company_name", "Alias": "cn", "Startup Cost": 0.26, "Total Cost": 4.27, "Plan Rows": 1, "Plan Width": 4, "Recheck Cond": "(id = mc.company_id)", "Filter": "((country_code)::text = '[us]'::text)", "Plans": [{"Node Type": "Bitmap Index Scan", "Parent Relationship": "Outer", "Index Name": "company_name_pkey", "Startup Cost": 0.0, "Total Cost": 0.26, "Plan Rows": 1, "Plan Width": 0, "Index Cond": "(id = mc.company_id)"}]}]}, {"Node Type": "Materialize", "Parent Relationship": "Inner", "Startup Cost": 0.0, "Total Cost": 1.04, "Plan Rows": 3, "Plan Width": 4, "Plans": [{"Node Type": "Seq Scan", "Parent Relationship": "Outer", "Relation Name": "company_type", "Alias": "ct", "Startup Cost": 0.0, "Total Cost": 1.03, "Plan Rows": 3, "Plan Width": 4}]}]}, {"Node Type": "Bitmap Heap Scan", "Parent Relationship": "Inner", "Relation Name": "title", "Alias": "t", "Startup Cost": 0.27, "Total Cost": 4.29, "Plan Rows": 1, "Plan Width": 21, "Recheck Cond": "(id = mc.movie_id)", "Filter": "(production_year > 1990)", "Plans": [{"Node Type": "Bitmap Index Scan", "Parent Relationship": "Outer", "Index Name": "title_pkey", "Startup Cost": 0.0, "Total Cost": 0.27, "Plan Rows": 1, "Plan Width": 0, "Index Cond": "(id = mc.movie_id)"}]}]}, {"Node Type": "Bitmap Heap Scan", "Parent Relationship": "Inner", "Relation Name": "movie_keyword", "Alias": "mk", "Startup Cost": 0.34, "Total Cost": 4.44, "Plan Rows": 8, "Plan Width": 8, "Recheck Cond": "(movie_id = mc.movie_id)", "Plans": [{"Node Type": "Bitmap Index Scan", "Parent Relationship": "Outer", "Index Name": "movie_id_movie_keyword", "Startup Cost": 0.0, "Total Cost": 0.34, "Plan Rows": 8, "Plan Width": 0, "Index Cond": "(movie_id = mc.movie_id)"}]}]}, {"Node Type": "Bitmap Heap Scan", "Parent Relationship": "Inner", "Relation Name": "keyword", "Alias": "k", "Startup Cost": 0.26, "Total Cost": 4.27, "Plan Rows": 1, "Plan Width": 4, "Recheck Cond": "(id = mk.keyword_id)", "Plans": [{"Node Type": "Bitmap Index Scan", "Parent Relationship": "Outer", "Index Name": "keyword_pkey", "Startup Cost": 0.0, "Total Cost": 0.26, "Plan Rows": 1, "Plan Width": 0, "Index Cond": "(id = mk.keyword_id)"}]}]}, {"Node Type": "Bitmap Heap Scan", "Parent Relationship": "Inner", "Relation Name": "aka_title", "Alias": "at", "Startup Cost": 0.27, "Total Cost": 4.31, "Plan Rows": 3, "Plan Width": 25, "Recheck Cond": "(movie_id = mk.movie_id)", "Plans": [{"Node Type": "Bitmap Index Scan", "Parent Relationship": "Outer", "Index Name": "movie_id_aka_title", "Startup Cost": 0.0, "Total Cost": 0.27, "Plan Rows": 3, "Plan Width": 0, "Index Cond": "(movie_id = mk.movie_id)"}]}]}]}, "Unique SQL Id": 2302223328, "Planner Runtime": 39}, "explain_analyze_plan": {"Plan": {"Node Type": "Aggregate", "Strategy": "Plain", "Startup Cost": 189327.28, "Total Cost": 189327.29, "Plan Rows": 1, "Plan Width": 102, "Actual Startup Time": 1988.618, "Actual Total Time": 1988.618, "Actual Rows": 1, "Actual Loops": 1, "Plans": [{"Node Type": "Nested Loop", "Parent Relationship": "Outer", "Join Type": "Inner", "Startup Cost": 4845.53, "Total Cost": 189293.09, "Plan Rows": 6838, "Plan Width": 38, "Actual Startup Time": 419.128, "Actual Total Time": 1985.412, "Actual Rows": 4371, "Actual Loops": 1, "Inner Unique": false, "Join Filter": "(t.id = at.movie_id)", "Rows Removed by Join Filter": 0, "Plans": [{"Node Type": "Nested Loop", "Parent Relationship": "Outer", "Join Type": "Inner", "Startup Cost": 4845.25, "Total Cost": 179477.32, "Plan Rows": 2257, "Plan Width": 33, "Actual Startup Time": 378.29, "Actual Total Time": 1921.319, "Actual Rows": 14161, "Actual Loops": 1, "Inner Unique": true, "Plans": [{"Node Type": "Nested Loop", "Parent Relationship": "Outer", "Join Type": "Inner", "Startup Cost": 4844.99, "Total Cost": 169816.77, "Plan Rows": 2257, "Plan Width": 37, "Actual Startup Time": 378.275, "Actual Total Time": 1834.528, "Actual Rows": 14161, "Actual Loops": 1, "Inner Unique": false, "Join Filter": "(t.id = mk.movie_id)", "Rows Removed by Join Filter": 0, "Plans": [{"Node Type": "Nested Loop", "Parent Relationship": "Outer", "Join Type": "Inner", "Startup Cost": 4844.66, "Total Cost": 168555.2, "Plan Rows": 278, "Plan Width": 29, "Actual Startup Time": 378.256, "Actual Total Time": 1785.234, "Actual Rows": 5914, "Actual Loops": 1, "Inner Unique": true, "Join Filter": "(mi.movie_id = t.id)", "Rows Removed by Join Filter": 0, "Plans": [{"Node Type": "Nested Loop", "Parent Relationship": "Outer", "Join Type": "Inner", "Startup Cost": 4844.38, "Total Cost": 167691.01, "Plan Rows": 201, "Plan Width": 8, "Actual Startup Time": 378.233, "Actual Total Time": 1735.175, "Actual Rows": 5916, "Actual Loops": 1, "Inner Unique": true, "Join Filter": "(mc.company_type_id = ct.id)", "Rows Removed by Join Filter": 11874, "Plans": [{"Node Type": "Nested Loop", "Parent Relationship": "Outer", "Join Type": "Inner", "Startup Cost": 4844.38, "Total Cost": 167674.45, "Plan Rows": 345, "Plan Width": 12, "Actual Startup Time": 378.145, "Actual Total Time": 1724.949, "Actual Rows": 9874, "Actual Loops": 1, "Inner Unique": true, "Plans": [{"Node Type": "Nested Loop", "Parent Relationship": "Outer", "Join Type": "Inner", "Startup Cost": 4844.13, "Total Cost": 165918.27, "Plan Rows": 410, "Plan Width": 16, "Actual Startup Time": 378.121, "Actual Total Time": 1621.269, "Actual Rows": 14401, "Actual Loops": 1, "Inner Unique": false, "Plans": [{"Node Type": "Nested Loop", "Parent Relationship": "Outer", "Join Type": "Inner", "Startup Cost": 4841.51, "Total Cost": 163884.08, "Plan Rows": 192, "Plan Width": 4, "Actual Startup Time": 378.027, "Actual Total Time": 1523.335, "Actual Rows": 10679, "Actual Loops": 1, "Inner Unique": false, "Plans": [{"Node Type": "Seq Scan", "Parent Relationship": "Outer", "Relation Name": "info_type", "Alias": "it1", "Startup Cost": 0.0, "Total Cost": 2.4, "Plan Rows": 1, "Plan Width": 4, "Actual Startup Time": 0.058, "Actual Total Time": 0.105, "Actual Rows": 1, "Actual Loops": 1, "Filter": "((info)::text = 'release dates'::text)", "Rows Removed by Filter": 111}, {"Node Type": "Bitmap Heap Scan", "Parent Relationship": "Inner", "Relation Name": "movie_info", "Alias": "mi", "Startup Cost": 4841.51, "Total Cost": 163879.76, "Plan Rows": 192, "Plan Width": 8, "Actual Startup Time": 377.961, "Actual Total Time": 1520.445, "Actual Rows": 10679, "Actual Loops": 1, "Recheck Cond": "(info_type_id = it1.id)", "Rows Removed by Index Recheck": 0, "Filter": "((note)::text ~~ '%internet%'::text)", "Rows Removed by Filter": 3026040, "Exact Heap Blocks": 21947, "Lossy Heap Blocks": 21947, "Plans": [{"Node Type": "Bitmap Index Scan", "Parent Relationship": "Outer", "Index Name": "info_type_id_movie_info", "Startup Cost": 0.0, "Total Cost": 4841.46, "Plan Rows": 212428, "Plan Width": 0, "Actual Startup Time": 373.03, "Actual Total Time": 373.03, "Actual Rows": 3036719, "Actual Loops": 1, "Index Cond": "(info_type_id = it1.id)"}]}]}, {"Node Type": "Bitmap Heap Scan", "Parent Relationship": "Inner", "Relation Name": "movie_companies", "Alias": "mc", "Startup Cost": 2.62, "Total Cost": 10.57, "Plan Rows": 2, "Plan Width": 12, "Actual Startup Time": 70.313, "Actual Total Time": 79.558, "Actual Rows": 14401, "Actual Loops": 10679, "Recheck Cond": "(movie_id = mi.movie_id)", "Rows Removed by Index Recheck": 0, "Exact Heap Blocks": 11702, "Lossy Heap Blocks": 11702, "Plans": [{"Node Type": "Bitmap Index Scan", "Parent Relationship": "Outer", "Index Name": "movie_id_movie_companies", "Startup Cost": 0.0, "Total Cost": 2.62, "Plan Rows": 2, "Plan Width": 0, "Actual Startup Time": 44.782, "Actual Total Time": 44.782, "Actual Rows": 14401, "Actual Loops": 10679, "Index Cond": "(movie_id = mi.movie_id)"}]}]}, {"Node Type": "Bitmap Heap Scan", "Parent Relationship": "Inner", "Relation Name": "company_name", "Alias": "cn", "Startup Cost": 0.26, "Total Cost": 4.27, "Plan Rows": 1, "Plan Width": 4, "Actual Startup Time": 84.446, "Actual Total Time": 84.446, "Actual Rows": 9874, "Actual Loops": 14401, "Recheck Cond": "(id = mc.company_id)", "Rows Removed by Index Recheck": 0, "Filter": "((country_code)::text = '[us]'::text)", "Rows Removed by Filter": 4527, "Exact Heap Blocks": 14401, "Lossy Heap Blocks": 14401, "Plans": [{"Node Type": "Bitmap Index Scan", "Parent Relationship": "Outer", "Index Name": "company_name_pkey", "Startup Cost": 0.0, "Total Cost": 0.26, "Plan Rows": 1, "Plan Width": 0, "Actual Startup Time": 46.563, "Actual Total Time": 46.563, "Actual Rows": 14401, "Actual Loops": 14401, "Index Cond": "(id = mc.company_id)"}]}]}, {"Node Type": "Materialize", "Parent Relationship": "Inner", "Startup Cost": 0.0, "Total Cost": 1.04, "Plan Rows": 3, "Plan Width": 4, "Actual Startup Time": 1.414, "Actual Total Time": 2.513, "Actual Rows": 17790, "Actual Loops": 9874, "Plans": [{"Node Type": "Seq Scan", "Parent Relationship": "Outer", "Relation Name": "company_type", "Alias": "ct", "Startup Cost": 0.0, "Total Cost": 1.03, "Plan Rows": 3, "Plan Width": 4, "Actual Startup Time": 0.012, "Actual Total Time": 0.015, "Actual Rows": 3, "Actual Loops": 1}]}]}, {"Node Type": "Bitmap Heap Scan", "Parent Relationship": "Inner", "Relation Name": "title", "Alias": "t", "Startup Cost": 0.27, "Total Cost": 4.29, "Plan Rows": 1, "Plan Width": 21, "Actual Startup Time": 39.513, "Actual Total Time": 39.513, "Actual Rows": 5914, "Actual Loops": 5916, "Recheck Cond": "(id = mc.movie_id)", "Rows Removed by Index Recheck": 0, "Filter": "(production_year > 1990)", "Rows Removed by Filter": 2, "Exact Heap Blocks": 5916, "Lossy Heap Blocks": 5916, "Plans": [{"Node Type": "Bitmap Index Scan", "Parent Relationship": "Outer", "Index Name": "title_pkey", "Startup Cost": 0.0, "Total Cost": 0.27, "Plan Rows": 1, "Plan Width": 0, "Actual Startup Time": 22.464, "Actual Total Time": 22.464, "Actual Rows": 5916, "Actual Loops": 5916, "Index Cond": "(id = mc.movie_id)"}]}]}, {"Node Type": "Bitmap Heap Scan", "Parent Relationship": "Inner", "Relation Name": "movie_keyword", "Alias": "mk", "Startup Cost": 0.34, "Total Cost": 4.44, "Plan Rows": 8, "Plan Width": 8, "Actual Startup Time": 33.463, "Actual Total Time": 35.61, "Actual Rows": 14161, "Actual Loops": 5914, "Recheck Cond": "(movie_id = mc.movie_id)", "Rows Removed by Index Recheck": 0, "Exact Heap Blocks": 1896, "Lossy Heap Blocks": 1896, "Plans": [{"Node Type": "Bitmap Index Scan", "Parent Relationship": "Outer", "Index Name": "movie_id_movie_keyword", "Startup Cost": 0.0, "Total Cost": 0.34, "Plan Rows": 8, "Plan Width": 0, "Actual Startup Time": 24.355, "Actual Total Time": 24.355, "Actual Rows": 14161, "Actual Loops": 5914, "Index Cond": "(movie_id = mc.movie_id)"}]}]}, {"Node Type": "Bitmap Heap Scan", "Parent Relationship": "Inner", "Relation Name": "keyword", "Alias": "k", "Startup Cost": 0.26, "Total Cost": 4.27, "Plan Rows": 1, "Plan Width": 4, "Actual Startup Time": 67.963, "Actual Total Time": 67.963, "Actual Rows": 14161, "Actual Loops": 14161, "Recheck Cond": "(id = mk.keyword_id)", "Rows Removed by Index Recheck": 0, "Exact Heap Blocks": 14161, "Lossy Heap Blocks": 14161, "Plans": [{"Node Type": "Bitmap Index Scan", "Parent Relationship": "Outer", "Index Name": "keyword_pkey", "Startup Cost": 0.0, "Total Cost": 0.26, "Plan Rows": 1, "Plan Width": 0, "Actual Startup Time": 42.373, "Actual Total Time": 42.373, "Actual Rows": 14161, "Actual Loops": 14161, "Index Cond": "(id = mk.keyword_id)"}]}]}, {"Node Type": "Bitmap Heap Scan", "Parent Relationship": "Inner", "Relation Name": "aka_title", "Alias": "at", "Startup Cost": 0.27, "Total Cost": 4.31, "Plan Rows": 3, "Plan Width": 25, "Actual Startup Time": 44.043, "Actual Total Time": 45.807, "Actual Rows": 4371, "Actual Loops": 14161, "Recheck Cond": "(movie_id = mk.movie_id)", "Rows Removed by Index Recheck": 0, "Exact Heap Blocks": 4371, "Lossy Heap Blocks": 4371, "Plans": [{"Node Type": "Bitmap Index Scan", "Parent Relationship": "Outer", "Index Name": "movie_id_aka_title", "Startup Cost": 0.0, "Total Cost": 0.27, "Plan Rows": 3, "Plan Width": 0, "Actual Startup Time": 33.351, "Actual Total Time": 33.351, "Actual Rows": 4371, "Actual Loops": 14161, "Index Cond": "(movie_id = mk.movie_id)"}]}]}]}, "Triggers": [], "Planner Runtime": 39, "Total Runtime": 1989.253, "Unique SQL Id": 2302223328}}, "(1, 115)": {"explain_plan": {"Plan": {"Node Type": "Aggregate", "Strategy": "Plain", "Startup Cost": 1000003999861.48, "Total Cost": 1000003999861.49, "Plan Rows": 1, "Plan Width": 102, "Plans": [{"Node Type": "Nested Loop", "Parent Relationship": "Outer", "Join Type": "Inner", "Startup Cost": 10000000002.92, "Total Cost": 1000003999827.29, "Plan Rows": 6838, "Plan Width": 38, "Inner Unique": true, "Join Filter": "(at.movie_id = t.id)", "Plans": [{"Node Type": "Nested Loop", "Parent Relationship": "Outer", "Join Type": "Inner", "Startup Cost": 10000000002.66, "Total Cost": 1000003978634.91, "Plan Rows": 4936, "Plan Width": 37, "Inner Unique": true, "Plans": [{"Node Type": "Nested Loop", "Parent Relationship": "Outer", "Join Type": "Inner", "Startup Cost": 10000000002.4, "Total Cost": 1000003957088.08, "Plan Rows": 5034, "Plan Width": 41, "Inner Unique": false, "Join Filter": "(at.movie_id = mk.movie_id)", "Plans": [{"Node Type": "Nested Loop", "Parent Relationship": "Outer", "Join Type": "Inner", "Startup Cost": 10000000002.06, "Total Cost": 1000003954256.35, "Plan Rows": 624, "Plan Width": 33, "Inner Unique": true, "Plans": [{"Node Type": "Nested Loop", "Parent Relationship": "Outer", "Join Type": "Inner", "Startup Cost": 10000000001.8, "Total Cost": 1000003951585.47, "Plan Rows": 624, "Plan Width": 37, "Inner Unique": true, "Plans": [{"Node Type": "Nested Loop", "Parent Relationship": "Outer", "Join Type": "Inner", "Startup Cost": 10000000001.55, "Total Cost": 1000003947079.38, "Plan Rows": 1052, "Plan Width": 41, "Inner Unique": false, "Plans": [{"Node Type": "Nested Loop", "Parent Relationship": "Outer", "Join Type": "Inner", "Startup Cost": 10000000001.17, "Total Cost": 1000003944915.32, "Plan Rows": 490, "Plan Width": 29, "Inner Unique": true, "Plans": [{"Node Type": "Nested Loop", "Parent Relationship": "Outer", "Join Type": "Inner", "Startup Cost": 10000000000.92, "Total Cost": 1000003797919.45, "Plan Rows": 34318, "Plan Width": 33, "Inner Unique": false, "Plans": [{"Node Type": "Index Scan", "Parent Relationship": "Outer", "Scan Direction": "Forward", "Index Name": "movie_id_aka_title", "Relation Name": "aka_title", "Alias": "at", "Startup Cost": 10000000000.0, "Total Cost": 1000001990001.13, "Plan Rows": 361471, "Plan Width": 25}, {"Node Type": "Bitmap Heap Scan", "Parent Relationship": "Inner", "Relation Name": "movie_info", "Alias": "mi", "Startup Cost": 0.92, "Total Cost": 4.99, "Plan Rows": 1, "Plan Width": 8, "Recheck Cond": "(movie_id = at.movie_id)", "Filter": "((note)::text ~~ '%internet%'::text)", "Plans": [{"Node Type": "Bitmap Index Scan", "Parent Relationship": "Outer", "Index Name": "movie_id_movie_info", "Startup Cost": 0.0, "Total Cost": 0.92, "Plan Rows": 5, "Plan Width": 0, "Index Cond": "(movie_id = at.movie_id)"}]}]}, {"Node Type": "Bitmap Heap Scan", "Parent Relationship": "Inner", "Relation Name": "info_type", "Alias": "it1", "Startup Cost": 0.26, "Total Cost": 4.27, "Plan Rows": 1, "Plan Width": 4, "Recheck Cond": "(id = mi.info_type_id)", "Filter": "((info)::text = 'release dates'::text)", "Plans": [{"Node Type": "Bitmap Index Scan", "Parent Relationship": "Outer", "Index Name": "info_type_pkey", "Startup Cost": 0.0, "Total Cost": 0.26, "Plan Rows": 1, "Plan Width": 0, "Index Cond": "(id = mi.info_type_id)"}]}]}, {"Node Type": "Bitmap Heap Scan", "Parent Relationship": "Inner", "Relation Name": "movie_companies", "Alias": "mc", "Startup Cost": 0.37, "Total Cost": 4.4, "Plan Rows": 2, "Plan Width": 12, "Recheck Cond": "(movie_id = at.movie_id)", "Plans": [{"Node Type": "Bitmap Index Scan", "Parent Relationship": "Outer", "Index Name": "movie_id_movie_companies", "Startup Cost": 0.0, "Total Cost": 0.37, "Plan Rows": 2, "Plan Width": 0, "Index Cond": "(movie_id = at.movie_id)"}]}]}, {"Node Type": "Bitmap Heap Scan", "Parent Relationship": "Inner", "Relation Name": "company_name", "Alias": "cn", "Startup Cost": 0.26, "Total Cost": 4.27, "Plan Rows": 1, "Plan Width": 4, "Recheck Cond": "(id = mc.company_id)", "Filter": "((country_code)::text = '[us]'::text)", "Plans": [{"Node Type": "Bitmap Index Scan", "Parent Relationship": "Outer", "Index Name": "company_name_pkey", "Startup Cost": 0.0, "Total Cost": 0.26, "Plan Rows": 1, "Plan Width": 0, "Index Cond": "(id = mc.company_id)"}]}]}, {"Node Type": "Bitmap Heap Scan", "Parent Relationship": "Inner", "Relation Name": "company_type", "Alias": "ct", "Startup Cost": 0.26, "Total Cost": 4.27, "Plan Rows": 1, "Plan Width": 4, "Recheck Cond": "(id = mc.company_type_id)", "Plans": [{"Node Type": "Bitmap Index Scan", "Parent Relationship": "Outer", "Index Name": "company_type_pkey", "Startup Cost": 0.0, "Total Cost": 0.26, "Plan Rows": 1, "Plan Width": 0, "Index Cond": "(id = mc.company_type_id)"}]}]}, {"Node Type": "Bitmap Heap Scan", "Parent Relationship": "Inner", "Relation Name": "movie_keyword", "Alias": "mk", "Startup Cost": 0.34, "Total Cost": 4.44, "Plan Rows": 8, "Plan Width": 8, "Recheck Cond": "(movie_id = mc.movie_id)", "Plans": [{"Node Type": "Bitmap Index Scan", "Parent Relationship": "Outer", "Index Name": "movie_id_movie_keyword", "Startup Cost": 0.0, "Total Cost": 0.34, "Plan Rows": 8, "Plan Width": 0, "Index Cond": "(movie_id = mc.movie_id)"}]}]}, {"Node Type": "Bitmap Heap Scan", "Parent Relationship": "Inner", "Relation Name": "keyword", "Alias": "k", "Startup Cost": 0.26, "Total Cost": 4.27, "Plan Rows": 1, "Plan Width": 4, "Recheck Cond": "(id = mk.keyword_id)", "Plans": [{"Node Type": "Bitmap Index Scan", "Parent Relationship": "Outer", "Index Name": "keyword_pkey", "Startup Cost": 0.0, "Total Cost": 0.26, "Plan Rows": 1, "Plan Width": 0, "Index Cond": "(id = mk.keyword_id)"}]}]}, {"Node Type": "Bitmap Heap Scan", "Parent Relationship": "Inner", "Relation Name": "title", "Alias": "t", "Startup Cost": 0.27, "Total Cost": 4.28, "Plan Rows": 1, "Plan Width": 21, "Recheck Cond": "(id = mk.movie_id)", "Filter": "(production_year > 1990)", "Plans": [{"Node Type": "Bitmap Index Scan", "Parent Relationship": "Outer", "Index Name": "title_pkey", "Startup Cost": 0.0, "Total Cost": 0.27, "Plan Rows": 1, "Plan Width": 0, "Index Cond": "(id = mk.movie_id)"}]}]}]}, "Unique SQL Id": 2302223328, "Planner Runtime": 24}, "explain_analyze_plan": null}, "(1, 116)": {"explain_plan": {"Plan": {"Node Type": "Aggregate", "Strategy": "Plain", "Startup Cost": 166933.84, "Total Cost": 166933.85, "Plan Rows": 1, "Plan Width": 102, "Plans": [{"Node Type": "Nested Loop", "Parent Relationship": "Outer", "Join Type": "Inner", "Startup Cost": 4841.51, "Total Cost": 166899.65, "Plan Rows": 6838, "Plan Width": 38, "Inner Unique": false, "Join Filter": "(t.id = at.movie_id)", "Plans": [{"Node Type": "Nested Loop", "Parent Relationship": "Outer", "Join Type": "Inner", "Startup Cost": 4841.51, "Total Cost": 166101.03, "Plan Rows": 2257, "Plan Width": 33, "Inner Unique": true, "Plans": [{"Node Type": "Nested Loop", "Parent Relationship": "Outer", "Join Type": "Inner", "Startup Cost": 4841.51, "Total Cost": 165467.53, "Plan Rows": 2257, "Plan Width": 37, "Inner Unique": false, "Join Filter": "(t.id = mk.movie_id)", "Plans": [{"Node Type": "Nested Loop", "Parent Relationship": "Outer", "Join Type": "Inner", "Startup Cost": 4841.51, "Total Cost": 165311.18, "Plan Rows": 278, "Plan Width": 29, "Inner Unique": true, "Join Filter": "(mc.company_type_id = ct.id)", "Plans": [{"Node Type": "Nested Loop", "Parent Relationship": "Outer", "Join Type": "Inner", "Startup Cost": 4841.51, "Total Cost": 165288.64, "Plan Rows": 478, "Plan Width": 33, "Inner Unique": true, "Plans": [{"Node Type": "Nested Loop", "Parent Relationship": "Outer", "Join Type": "Inner", "Startup Cost": 4841.51, "Total Cost": 165125.25, "Plan Rows": 568, "Plan Width": 37, "Inner Unique": false, "Plans": [{"Node Type": "Nested Loop", "Parent Relationship": "Outer", "Join Type": "Inner", "Startup Cost": 4841.51, "Total Cost": 165027.39, "Plan Rows": 266, "Plan Width": 25, "Inner Unique": true, "Plans": [{"Node Type": "Nested Loop", "Parent Relationship": "Outer", "Join Type": "Inner", "Startup Cost": 4841.51, "Total Cost": 163884.08, "Plan Rows": 192, "Plan Width": 4, "Inner Unique": false, "Plans": [{"Node Type": "Seq Scan", "Parent Relationship": "Outer", "Relation Name": "info_type", "Alias": "it1", "Startup Cost": 0.0, "Total Cost": 2.4, "Plan Rows": 1, "Plan Width": 4, "Filter": "((info)::text = 'release dates'::text)"}, {"Node Type": "Bitmap Heap Scan", "Parent Relationship": "Inner", "Relation Name": "movie_info", "Alias": "mi", "Startup Cost": 4841.51, "Total Cost": 163879.76, "Plan Rows": 192, "Plan Width": 8, "Recheck Cond": "(info_type_id = it1.id)", "Filter": "((note)::text ~~ '%internet%'::text)", "Plans": [{"Node Type": "Bitmap Index Scan", "Parent Relationship": "Outer", "Index Name": "info_type_id_movie_info", "Startup Cost": 0.0, "Total Cost": 4841.46, "Plan Rows": 212428, "Plan Width": 0, "Index Cond": "(info_type_id = it1.id)"}]}]}, {"Node Type": "Index Scan", "Parent Relationship": "Inner", "Scan Direction": "Forward", "Index Name": "title_pkey", "Relation Name": "title", "Alias": "t", "Startup Cost": 0.0, "Total Cost": 5.94, "Plan Rows": 1, "Plan Width": 21, "Index Cond": "(id = mi.movie_id)", "Filter": "(production_year > 1990)"}]}, {"Node Type": "Index Scan", "Parent Relationship": "Inner", "Scan Direction": "Forward", "Index Name": "movie_id_movie_companies", "Relation Name": "movie_companies", "Alias": "mc", "Startup Cost": 0.0, "Total Cost": 0.35, "Plan Rows": 2, "Plan Width": 12, "Index Cond": "(movie_id = t.id)"}]}, {"Node Type": "Index Scan", "Parent Relationship": "Inner", "Scan Direction": "Forward", "Index Name": "company_name_pkey", "Relation Name": "company_name", "Alias": "cn", "Startup Cost": 0.0, "Total Cost": 0.28, "Plan Rows": 1, "Plan Width": 4, "Index Cond": "(id = mc.company_id)", "Filter": "((country_code)::text = '[us]'::text)"}]}, {"Node Type": "Materialize", "Parent Relationship": "Inner", "Startup Cost": 0.0, "Total Cost": 1.04, "Plan Rows": 3, "Plan Width": 4, "Plans": [{"Node Type": "Seq Scan", "Parent Relationship": "Outer", "Relation Name": "company_type", "Alias": "ct", "Startup Cost": 0.0, "Total Cost": 1.03, "Plan Rows": 3, "Plan Width": 4}]}]}, {"Node Type": "Index Scan", "Parent Relationship": "Inner", "Scan Direction": "Forward", "Index Name": "movie_id_movie_keyword", "Relation Name": "movie_keyword", "Alias": "mk", "Startup Cost": 0.0, "Total Cost": 0.46, "Plan Rows": 8, "Plan Width": 8, "Index Cond": "(movie_id = mc.movie_id)"}]}, {"Node Type": "Index Scan", "Parent Relationship": "Inner", "Scan Direction": "Forward", "Index Name": "keyword_pkey", "Relation Name": "keyword", "Alias": "k", "Startup Cost": 0.0, "Total Cost": 0.27, "Plan Rows": 1, "Plan Width": 4, "Index Cond": "(id = mk.keyword_id)"}]}, {"Node Type": "Index Scan", "Parent Relationship": "Inner", "Scan Direction": "Forward", "Index Name": "movie_id_aka_title", "Relation Name": "aka_title", "Alias": "at", "Startup Cost": 0.0, "Total Cost": 0.32, "Plan Rows": 3, "Plan Width": 25, "Index Cond": "(movie_id = mk.movie_id)"}]}]}, "Unique SQL Id": 2302223328, "Planner Runtime": 26}, "explain_analyze_plan": {"Plan": {"Node Type": "Aggregate", "Strategy": "Plain", "Startup Cost": 166933.84, "Total Cost": 166933.85, "Plan Rows": 1, "Plan Width": 102, "Actual Startup Time": 1951.552, "Actual Total Time": 1951.552, "Actual Rows": 1, "Actual Loops": 1, "Plans": [{"Node Type": "Nested Loop", "Parent Relationship": "Outer", "Join Type": "Inner", "Startup Cost": 4841.51, "Total Cost": 166899.65, "Plan Rows": 6838, "Plan Width": 38, "Actual Startup Time": 418.272, "Actual Total Time": 1948.659, "Actual Rows": 4371, "Actual Loops": 1, "Inner Unique": false, "Join Filter": "(t.id = at.movie_id)", "Rows Removed by Join Filter": 0, "Plans": [{"Node Type": "Nested Loop", "Parent Relationship": "Outer", "Join Type": "Inner", "Startup Cost": 4841.51, "Total Cost": 166101.03, "Plan Rows": 2257, "Plan Width": 33, "Actual Startup Time": 379.109, "Actual Total Time": 1904.823, "Actual Rows": 14161, "Actual Loops": 1, "Inner Unique": true, "Plans": [{"Node Type": "Nested Loop", "Parent Relationship": "Outer", "Join Type": "Inner", "Startup Cost": 4841.51, "Total Cost": 165467.53, "Plan Rows": 2257, "Plan Width": 37, "Actual Startup Time": 379.097, "Actual Total Time": 1838.424, "Actual Rows": 14161, "Actual Loops": 1, "Inner Unique": false, "Join Filter": "(t.id = mk.movie_id)", "Rows Removed by Join Filter": 0, "Plans": [{"Node Type": "Nested Loop", "Parent Relationship": "Outer", "Join Type": "Inner", "Startup Cost": 4841.51, "Total Cost": 165311.18, "Plan Rows": 278, "Plan Width": 29, "Actual Startup Time": 379.079, "Actual Total Time": 1796.095, "Actual Rows": 5914, "Actual Loops": 1, "Inner Unique": true, "Join Filter": "(mc.company_type_id = ct.id)", "Rows Removed by Join Filter": 11829, "Plans": [{"Node Type": "Nested Loop", "Parent Relationship": "Outer", "Join Type": "Inner", "Startup Cost": 4841.51, "Total Cost": 165288.64, "Plan Rows": 478, "Plan Width": 33, "Actual Startup Time": 378.992, "Actual Total Time": 1786.887, "Actual Rows": 9857, "Actual Loops": 1, "Inner Unique": true, "Plans": [{"Node Type": "Nested Loop", "Parent Relationship": "Outer", "Join Type": "Inner", "Startup Cost": 4841.51, "Total Cost": 165125.25, "Plan Rows": 568, "Plan Width": 37, "Actual Startup Time": 378.975, "Actual Total Time": 1705.024, "Actual Rows": 14377, "Actual Loops": 1, "Inner Unique": false, "Plans": [{"Node Type": "Nested Loop", "Parent Relationship": "Outer", "Join Type": "Inner", "Startup Cost": 4841.51, "Total Cost": 165027.39, "Plan Rows": 266, "Plan Width": 25, "Actual Startup Time": 378.961, "Actual Total Time": 1634.937, "Actual Rows": 10662, "Actual Loops": 1, "Inner Unique": true, "Plans": [{"Node Type": "Nested Loop", "Parent Relationship": "Outer", "Join Type": "Inner", "Startup Cost": 4841.51, "Total Cost": 163884.08, "Plan Rows": 192, "Plan Width": 4, "Actual Startup Time": 378.911, "Actual Total Time": 1563.934, "Actual Rows": 10679, "Actual Loops": 1, "Inner Unique": false, "Plans": [{"Node Type": "Seq Scan", "Parent Relationship": "Outer", "Relation Name": "info_type", "Alias": "it1", "Startup Cost": 0.0, "Total Cost": 2.4, "Plan Rows": 1, "Plan Width": 4, "Actual Startup Time": 0.06, "Actual Total Time": 0.089, "Actual Rows": 1, "Actual Loops": 1, "Filter": "((info)::text = 'release dates'::text)", "Rows Removed by Filter": 111}, {"Node Type": "Bitmap Heap Scan", "Parent Relationship": "Inner", "Relation Name": "movie_info", "Alias": "mi", "Startup Cost": 4841.51, "Total Cost": 163879.76, "Plan Rows": 192, "Plan Width": 8, "Actual Startup Time": 378.843, "Actual Total Time": 1561.334, "Actual Rows": 10679, "Actual Loops": 1, "Recheck Cond": "(info_type_id = it1.id)", "Rows Removed by Index Recheck": 0, "Filter": "((note)::text ~~ '%internet%'::text)", "Rows Removed by Filter": 3026040, "Exact Heap Blocks": 21947, "Lossy Heap Blocks": 21947, "Plans": [{"Node Type": "Bitmap Index Scan", "Parent Relationship": "Outer", "Index Name": "info_type_id_movie_info", "Startup Cost": 0.0, "Total Cost": 4841.46, "Plan Rows": 212428, "Plan Width": 0, "Actual Startup Time": 373.874, "Actual Total Time": 373.874, "Actual Rows": 3036719, "Actual Loops": 1, "Index Cond": "(info_type_id = it1.id)"}]}]}, {"Node Type": "Index Scan", "Parent Relationship": "Inner", "Scan Direction": "Forward", "Index Name": "title_pkey", "Relation Name": "title", "Alias": "t", "Startup Cost": 0.0, "Total Cost": 5.94, "Plan Rows": 1, "Plan Width": 21, "Actual Startup Time": 60.482, "Actual Total Time": 60.482, "Actual Rows": 10662, "Actual Loops": 10679, "Index Cond": "(id = mi.movie_id)", "Rows Removed by Index Recheck": 0, "Filter": "(production_year > 1990)", "Rows Removed by Filter": 17}]}, {"Node Type": "Index Scan", "Parent Relationship": "Inner", "Scan Direction": "Forward", "Index Name": "movie_id_movie_companies", "Relation Name": "movie_companies", "Alias": "mc", "Startup Cost": 0.0, "Total Cost": 0.35, "Plan Rows": 2, "Plan Width": 12, "Actual Startup Time": 49.192, "Actual Total Time": 60.573, "Actual Rows": 14377, "Actual Loops": 10662, "Index Cond": "(movie_id = t.id)", "Rows Removed by Index Recheck": 0}]}, {"Node Type": "Index Scan", "Parent Relationship": "Inner", "Scan Direction": "Forward", "Index Name": "company_name_pkey", "Relation Name": "company_name", "Alias": "cn", "Startup Cost": 0.0, "Total Cost": 0.28, "Plan Rows": 1, "Plan Width": 4, "Actual Startup Time": 70.473, "Actual Total Time": 70.473, "Actual Rows": 9857, "Actual Loops": 14377, "Index Cond": "(id = mc.company_id)", "Rows Removed by Index Recheck": 0, "Filter": "((country_code)::text = '[us]'::text)", "Rows Removed by Filter": 4520}]}, {"Node Type": "Materialize", "Parent Relationship": "Inner", "Startup Cost": 0.0, "Total Cost": 1.04, "Plan Rows": 3, "Plan Width": 4, "Actual Startup Time": 1.259, "Actual Total Time": 2.278, "Actual Rows": 17743, "Actual Loops": 9857, "Plans": [{"Node Type": "Seq Scan", "Parent Relationship": "Outer", "Relation Name": "company_type", "Alias": "ct", "Startup Cost": 0.0, "Total Cost": 1.03, "Plan Rows": 3, "Plan Width": 4, "Actual Startup Time": 0.011, "Actual Total Time": 0.015, "Actual Rows": 3, "Actual Loops": 1}]}]}, {"Node Type": "Index Scan", "Parent Relationship": "Inner", "Scan Direction": "Forward", "Index Name": "movie_id_movie_keyword", "Relation Name": "movie_keyword", "Alias": "mk", "Startup Cost": 0.0, "Total Cost": 0.46, "Plan Rows": 8, "Plan Width": 8, "Actual Startup Time": 26.506, "Actual Total Time": 32.7, "Actual Rows": 14161, "Actual Loops": 5914, "Index Cond": "(movie_id = mc.movie_id)", "Rows Removed by Index Recheck": 0}]}, {"Node Type": "Index Scan", "Parent Relationship": "Inner", "Scan Direction": "Forward", "Index Name": "keyword_pkey", "Relation Name": "keyword", "Alias": "k", "Startup Cost": 0.0, "Total Cost": 0.27, "Plan Rows": 1, "Plan Width": 4, "Actual Startup Time": 55.199, "Actual Total Time": 55.199, "Actual Rows": 14161, "Actual Loops": 14161, "Index Cond": "(id = mk.keyword_id)", "Rows Removed by Index Recheck": 0}]}, {"Node Type": "Index Scan", "Parent Relationship": "Inner", "Scan Direction": "Forward", "Index Name": "movie_id_aka_title", "Relation Name": "aka_title", "Alias": "at", "Startup Cost": 0.0, "Total Cost": 0.32, "Plan Rows": 3, "Plan Width": 25, "Actual Startup Time": 32.519, "Actual Total Time": 34.797, "Actual Rows": 4371, "Actual Loops": 14161, "Index Cond": "(movie_id = mk.movie_id)", "Rows Removed by Index Recheck": 0}]}]}, "Triggers": [], "Planner Runtime": 26, "Total Runtime": 1952.046, "Unique SQL Id": 2302223328}}, "(1, 117)": {"explain_plan": {"Plan": {"Node Type": "Aggregate", "Strategy": "Plain", "Startup Cost": 166956.91, "Total Cost": 166956.92, "Plan Rows": 1, "Plan Width": 102, "Plans": [{"Node Type": "Nested Loop", "Parent Relationship": "Outer", "Join Type": "Inner", "Startup Cost": 4841.51, "Total Cost": 166922.72, "Plan Rows": 6838, "Plan Width": 38, "Inner Unique": false, "Join Filter": "(t.id = at.movie_id)", "Plans": [{"Node Type": "Nested Loop", "Parent Relationship": "Outer", "Join Type": "Inner", "Startup Cost": 4841.51, "Total Cost": 166124.11, "Plan Rows": 2257, "Plan Width": 33, "Inner Unique": true, "Plans": [{"Node Type": "Nested Loop", "Parent Relationship": "Outer", "Join Type": "Inner", "Startup Cost": 4841.51, "Total Cost": 165490.61, "Plan Rows": 2257, "Plan Width": 37, "Inner Unique": false, "Join Filter": "(t.id = mk.movie_id)", "Plans": [{"Node Type": "Nested Loop", "Parent Relationship": "Outer", "Join Type": "Inner", "Startup Cost": 4841.51, "Total Cost": 165334.26, "Plan Rows": 278, "Plan Width": 29, "Inner Unique": true, "Join Filter": "(mc.company_type_id = ct.id)", "Plans": [{"Node Type": "Nested Loop", "Parent Relationship": "Outer", "Join Type": "Inner", "Startup Cost": 4841.51, "Total Cost": 165300.45, "Plan Rows": 478, "Plan Width": 33, "Inner Unique": true, "Plans": [{"Node Type": "Nested Loop", "Parent Relationship": "Outer", "Join Type": "Inner", "Startup Cost": 4841.51, "Total Cost": 165137.06, "Plan Rows": 568, "Plan Width": 37, "Inner Unique": false, "Plans": [{"Node Type": "Nested Loop", "Parent Relationship": "Outer", "Join Type": "Inner", "Startup Cost": 4841.51, "Total Cost": 165039.2, "Plan Rows": 266, "Plan Width": 25, "Inner Unique": true, "Plans": [{"Node Type": "Nested Loop", "Parent Relationship": "Outer", "Join Type": "Inner", "Startup Cost": 4841.51, "Total Cost": 163895.89, "Plan Rows": 192, "Plan Width": 4, "Inner Unique": false, "Plans": [{"Node Type": "Index Scan", "Parent Relationship": "Outer", "Scan Direction": "Forward", "Index Name": "info_type_pkey", "Relation Name": "info_type", "Alias": "it1", "Startup Cost": 0.0, "Total Cost": 14.21, "Plan Rows": 1, "Plan Width": 4, "Filter": "((info)::text = 'release dates'::text)"}, {"Node Type": "Bitmap Heap Scan", "Parent Relationship": "Inner", "Relation Name": "movie_info", "Alias": "mi", "Startup Cost": 4841.51, "Total Cost": 163879.76, "Plan Rows": 192, "Plan Width": 8, "Recheck Cond": "(info_type_id = it1.id)", "Filter": "((note)::text ~~ '%internet%'::text)", "Plans": [{"Node Type": "Bitmap Index Scan", "Parent Relationship": "Outer", "Index Name": "info_type_id_movie_info", "Startup Cost": 0.0, "Total Cost": 4841.46, "Plan Rows": 212428, "Plan Width": 0, "Index Cond": "(info_type_id = it1.id)"}]}]}, {"Node Type": "Index Scan", "Parent Relationship": "Inner", "Scan Direction": "Forward", "Index Name": "title_pkey", "Relation Name": "title", "Alias": "t", "Startup Cost": 0.0, "Total Cost": 5.94, "Plan Rows": 1, "Plan Width": 21, "Index Cond": "(id = mi.movie_id)", "Filter": "(production_year > 1990)"}]}, {"Node Type": "Index Scan", "Parent Relationship": "Inner", "Scan Direction": "Forward", "Index Name": "movie_id_movie_companies", "Relation Name": "movie_companies", "Alias": "mc", "Startup Cost": 0.0, "Total Cost": 0.35, "Plan Rows": 2, "Plan Width": 12, "Index Cond": "(movie_id = t.id)"}]}, {"Node Type": "Index Scan", "Parent Relationship": "Inner", "Scan Direction": "Forward", "Index Name": "company_name_pkey", "Relation Name": "company_name", "Alias": "cn", "Startup Cost": 0.0, "Total Cost": 0.28, "Plan Rows": 1, "Plan Width": 4, "Index Cond": "(id = mc.company_id)", "Filter": "((country_code)::text = '[us]'::text)"}]}, {"Node Type": "Materialize", "Parent Relationship": "Inner", "Startup Cost": 0.0, "Total Cost": 12.31, "Plan Rows": 3, "Plan Width": 4, "Plans": [{"Node Type": "Index Scan", "Parent Relationship": "Outer", "Scan Direction": "Forward", "Index Name": "company_type_pkey", "Relation Name": "company_type", "Alias": "ct", "Startup Cost": 0.0, "Total Cost": 12.29, "Plan Rows": 3, "Plan Width": 4}]}]}, {"Node Type": "Index Scan", "Parent Relationship": "Inner", "Scan Direction": "Forward", "Index Name": "movie_id_movie_keyword", "Relation Name": "movie_keyword", "Alias": "mk", "Startup Cost": 0.0, "Total Cost": 0.46, "Plan Rows": 8, "Plan Width": 8, "Index Cond": "(movie_id = mc.movie_id)"}]}, {"Node Type": "Index Scan", "Parent Relationship": "Inner", "Scan Direction": "Forward", "Index Name": "keyword_pkey", "Relation Name": "keyword", "Alias": "k", "Startup Cost": 0.0, "Total Cost": 0.27, "Plan Rows": 1, "Plan Width": 4, "Index Cond": "(id = mk.keyword_id)"}]}, {"Node Type": "Index Scan", "Parent Relationship": "Inner", "Scan Direction": "Forward", "Index Name": "movie_id_aka_title", "Relation Name": "aka_title", "Alias": "at", "Startup Cost": 0.0, "Total Cost": 0.32, "Plan Rows": 3, "Plan Width": 25, "Index Cond": "(movie_id = mk.movie_id)"}]}]}, "Unique SQL Id": 2302223328, "Planner Runtime": 24}, "explain_analyze_plan": {"Plan": {"Node Type": "Aggregate", "Strategy": "Plain", "Startup Cost": 166956.91, "Total Cost": 166956.92, "Plan Rows": 1, "Plan Width": 102, "Actual Startup Time": 2227.125, "Actual Total Time": 2227.125, "Actual Rows": 1, "Actual Loops": 1, "Plans": [{"Node Type": "Nested Loop", "Parent Relationship": "Outer", "Join Type": "Inner", "Startup Cost": 4841.51, "Total Cost": 166922.72, "Plan Rows": 6838, "Plan Width": 38, "Actual Startup Time": 541.771, "Actual Total Time": 2224.327, "Actual Rows": 4371, "Actual Loops": 1, "Inner Unique": false, "Join Filter": "(t.id = at.movie_id)", "Rows Removed by Join Filter": 0, "Plans": [{"Node Type": "Nested Loop", "Parent Relationship": "Outer", "Join Type": "Inner", "Startup Cost": 4841.51, "Total Cost": 166124.11, "Plan Rows": 2257, "Plan Width": 33, "Actual Startup Time": 494.562, "Actual Total Time": 2178.984, "Actual Rows": 14161, "Actual Loops": 1, "Inner Unique": true, "Plans": [{"Node Type": "Nested Loop", "Parent Relationship": "Outer", "Join Type": "Inner", "Startup Cost": 4841.51, "Total Cost": 165490.61, "Plan Rows": 2257, "Plan Width": 37, "Actual Startup Time": 494.54, "Actual Total Time": 2109.614, "Actual Rows": 14161, "Actual Loops": 1, "Inner Unique": false, "Join Filter": "(t.id = mk.movie_id)", "Rows Removed by Join Filter": 0, "Plans": [{"Node Type": "Nested Loop", "Parent Relationship": "Outer", "Join Type": "Inner", "Startup Cost": 4841.51, "Total Cost": 165334.26, "Plan Rows": 278, "Plan Width": 29, "Actual Startup Time": 494.51, "Actual Total Time": 2060.605, "Actual Rows": 5914, "Actual Loops": 1, "Inner Unique": true, "Join Filter": "(mc.company_type_id = ct.id)", "Rows Removed by Join Filter": 11829, "Plans": [{"Node Type": "Nested Loop", "Parent Relationship": "Outer", "Join Type": "Inner", "Startup Cost": 4841.51, "Total Cost": 165300.45, "Plan Rows": 478, "Plan Width": 33, "Actual Startup Time": 494.413, "Actual Total Time": 2051.261, "Actual Rows": 9857, "Actual Loops": 1, "Inner Unique": true, "Plans": [{"Node Type": "Nested Loop", "Parent Relationship": "Outer", "Join Type": "Inner", "Startup Cost": 4841.51, "Total Cost": 165137.06, "Plan Rows": 568, "Plan Width": 37, "Actual Startup Time": 494.382, "Actual Total Time": 1961.693, "Actual Rows": 14377, "Actual Loops": 1, "Inner Unique": false, "Plans": [{"Node Type": "Nested Loop", "Parent Relationship": "Outer", "Join Type": "Inner", "Startup Cost": 4841.51, "Total Cost": 165039.2, "Plan Rows": 266, "Plan Width": 25, "Actual Startup Time": 494.357, "Actual Total Time": 1878.279, "Actual Rows": 10662, "Actual Loops": 1, "Inner Unique": true, "Plans": [{"Node Type": "Nested Loop", "Parent Relationship": "Outer", "Join Type": "Inner", "Startup Cost": 4841.51, "Total Cost": 163895.89, "Plan Rows": 192, "Plan Width": 4, "Actual Startup Time": 494.308, "Actual Total Time": 1795.181, "Actual Rows": 10679, "Actual Loops": 1, "Inner Unique": false, "Plans": [{"Node Type": "Index Scan", "Parent Relationship": "Outer", "Scan Direction": "Forward", "Index Name": "info_type_pkey", "Relation Name": "info_type", "Alias": "it1", "Startup Cost": 0.0, "Total Cost": 14.21, "Plan Rows": 1, "Plan Width": 4, "Actual Startup Time": 0.042, "Actual Total Time": 0.093, "Actual Rows": 1, "Actual Loops": 1, "Filter": "((info)::text = 'release dates'::text)", "Rows Removed by Filter": 111}, {"Node Type": "Bitmap Heap Scan", "Parent Relationship": "Inner", "Relation Name": "movie_info", "Alias": "mi", "Startup Cost": 4841.51, "Total Cost": 163879.76, "Plan Rows": 192, "Plan Width": 8, "Actual Startup Time": 494.256, "Actual Total Time": 1792.484, "Actual Rows": 10679, "Actual Loops": 1, "Recheck Cond": "(info_type_id = it1.id)", "Rows Removed by Index Recheck": 0, "Filter": "((note)::text ~~ '%internet%'::text)", "Rows Removed by Filter": 3026040, "Exact Heap Blocks": 21947, "Lossy Heap Blocks": 21947, "Plans": [{"Node Type": "Bitmap Index Scan", "Parent Relationship": "Outer", "Index Name": "info_type_id_movie_info", "Startup Cost": 0.0, "Total Cost": 4841.46, "Plan Rows": 212428, "Plan Width": 0, "Actual Startup Time": 488.924, "Actual Total Time": 488.924, "Actual Rows": 3036719, "Actual Loops": 1, "Index Cond": "(info_type_id = it1.id)"}]}]}, {"Node Type": "Index Scan", "Parent Relationship": "Inner", "Scan Direction": "Forward", "Index Name": "title_pkey", "Relation Name": "title", "Alias": "t", "Startup Cost": 0.0, "Total Cost": 5.94, "Plan Rows": 1, "Plan Width": 21, "Actual Startup Time": 72.715, "Actual Total Time": 72.715, "Actual Rows": 10662, "Actual Loops": 10679, "Index Cond": "(id = mi.movie_id)", "Rows Removed by Index Recheck": 0, "Filter": "(production_year > 1990)", "Rows Removed by Filter": 17}]}, {"Node Type": "Index Scan", "Parent Relationship": "Inner", "Scan Direction": "Forward", "Index Name": "movie_id_movie_companies", "Relation Name": "movie_companies", "Alias": "mc", "Startup Cost": 0.0, "Total Cost": 0.35, "Plan Rows": 2, "Plan Width": 12, "Actual Startup Time": 60.785, "Actual Total Time": 73.941, "Actual Rows": 14377, "Actual Loops": 10662, "Index Cond": "(movie_id = t.id)", "Rows Removed by Index Recheck": 0}]}, {"Node Type": "Index Scan", "Parent Relationship": "Inner", "Scan Direction": "Forward", "Index Name": "company_name_pkey", "Relation Name": "company_name", "Alias": "cn", "Startup Cost": 0.0, "Total Cost": 0.28, "Plan Rows": 1, "Plan Width": 4, "Actual Startup Time": 78.387, "Actual Total Time": 78.387, "Actual Rows": 9857, "Actual Loops": 14377, "Index Cond": "(id = mc.company_id)", "Rows Removed by Index Recheck": 0, "Filter": "((country_code)::text = '[us]'::text)", "Rows Removed by Filter": 4520}]}, {"Node Type": "Materialize", "Parent Relationship": "Inner", "Startup Cost": 0.0, "Total Cost": 12.31, "Plan Rows": 3, "Plan Width": 4, "Actual Startup Time": 1.25, "Actual Total Time": 2.26, "Actual Rows": 17743, "Actual Loops": 9857, "Plans": [{"Node Type": "Index Scan", "Parent Relationship": "Outer", "Scan Direction": "Forward", "Index Name": "company_type_pkey", "Relation Name": "company_type", "Alias": "ct", "Startup Cost": 0.0, "Total Cost": 12.29, "Plan Rows": 3, "Plan Width": 4, "Actual Startup Time": 0.01, "Actual Total Time": 0.012, "Actual Rows": 3, "Actual Loops": 1}]}]}, {"Node Type": "Index Scan", "Parent Relationship": "Inner", "Scan Direction": "Forward", "Index Name": "movie_id_movie_keyword", "Relation Name": "movie_keyword", "Alias": "mk", "Startup Cost": 0.0, "Total Cost": 0.46, "Plan Rows": 8, "Plan Width": 8, "Actual Startup Time": 32.617, "Actual Total Time": 38.959, "Actual Rows": 14161, "Actual Loops": 5914, "Index Cond": "(movie_id = mc.movie_id)", "Rows Removed by Index Recheck": 0}]}, {"Node Type": "Index Scan", "Parent Relationship": "Inner", "Scan Direction": "Forward", "Index Name": "keyword_pkey", "Relation Name": "keyword", "Alias": "k", "Startup Cost": 0.0, "Total Cost": 0.27, "Plan Rows": 1, "Plan Width": 4, "Actual Startup Time": 57.963, "Actual Total Time": 57.963, "Actual Rows": 14161, "Actual Loops": 14161, "Index Cond": "(id = mk.keyword_id)", "Rows Removed by Index Recheck": 0}]}, {"Node Type": "Index Scan", "Parent Relationship": "Inner", "Scan Direction": "Forward", "Index Name": "movie_id_aka_title", "Relation Name": "aka_title", "Alias": "at", "Startup Cost": 0.0, "Total Cost": 0.32, "Plan Rows": 3, "Plan Width": 25, "Actual Startup Time": 33.74, "Actual Total Time": 36.023, "Actual Rows": 4371, "Actual Loops": 14161, "Index Cond": "(movie_id = mk.movie_id)", "Rows Removed by Index Recheck": 0}]}]}, "Triggers": [], "Planner Runtime": 24, "Total Runtime": 2227.688, "Unique SQL Id": 2302223328}}, "(1, 118)": {"explain_plan": {"Plan": {"Node Type": "Aggregate", "Strategy": "Plain", "Startup Cost": 189327.28, "Total Cost": 189327.29, "Plan Rows": 1, "Plan Width": 102, "Plans": [{"Node Type": "Nested Loop", "Parent Relationship": "Outer", "Join Type": "Inner", "Startup Cost": 4845.53, "Total Cost": 189293.09, "Plan Rows": 6838, "Plan Width": 38, "Inner Unique": false, "Join Filter": "(t.id = at.movie_id)", "Plans": [{"Node Type": "Nested Loop", "Parent Relationship": "Outer", "Join Type": "Inner", "Startup Cost": 4845.25, "Total Cost": 179477.32, "Plan Rows": 2257, "Plan Width": 33, "Inner Unique": true, "Plans": [{"Node Type": "Nested Loop", "Parent Relationship": "Outer", "Join Type": "Inner", "Startup Cost": 4844.99, "Total Cost": 169816.77, "Plan Rows": 2257, "Plan Width": 37, "Inner Unique": false, "Join Filter": "(t.id = mk.movie_id)", "Plans": [{"Node Type": "Nested Loop", "Parent Relationship": "Outer", "Join Type": "Inner", "Startup Cost": 4844.66, "Total Cost": 168555.2, "Plan Rows": 278, "Plan Width": 29, "Inner Unique": true, "Join Filter": "(mi.movie_id = t.id)", "Plans": [{"Node Type": "Nested Loop", "Parent Relationship": "Outer", "Join Type": "Inner", "Startup Cost": 4844.38, "Total Cost": 167691.01, "Plan Rows": 201, "Plan Width": 8, "Inner Unique": true, "Join Filter": "(mc.company_type_id = ct.id)", "Plans": [{"Node Type": "Nested Loop", "Parent Relationship": "Outer", "Join Type": "Inner", "Startup Cost": 4844.38, "Total Cost": 167674.45, "Plan Rows": 345, "Plan Width": 12, "Inner Unique": true, "Plans": [{"Node Type": "Nested Loop", "Parent Relationship": "Outer", "Join Type": "Inner", "Startup Cost": 4844.13, "Total Cost": 165918.27, "Plan Rows": 410, "Plan Width": 16, "Inner Unique": false, "Plans": [{"Node Type": "Nested Loop", "Parent Relationship": "Outer", "Join Type": "Inner", "Startup Cost": 4841.51, "Total Cost": 163884.08, "Plan Rows": 192, "Plan Width": 4, "Inner Unique": false, "Plans": [{"Node Type": "Seq Scan", "Parent Relationship": "Outer", "Relation Name": "info_type", "Alias": "it1", "Startup Cost": 0.0, "Total Cost": 2.4, "Plan Rows": 1, "Plan Width": 4, "Filter": "((info)::text = 'release dates'::text)"}, {"Node Type": "Bitmap Heap Scan", "Parent Relationship": "Inner", "Relation Name": "movie_info", "Alias": "mi", "Startup Cost": 4841.51, "Total Cost": 163879.76, "Plan Rows": 192, "Plan Width": 8, "Recheck Cond": "(info_type_id = it1.id)", "Filter": "((note)::text ~~ '%internet%'::text)", "Plans": [{"Node Type": "Bitmap Index Scan", "Parent Relationship": "Outer", "Index Name": "info_type_id_movie_info", "Startup Cost": 0.0, "Total Cost": 4841.46, "Plan Rows": 212428, "Plan Width": 0, "Index Cond": "(info_type_id = it1.id)"}]}]}, {"Node Type": "Bitmap Heap Scan", "Parent Relationship": "Inner", "Relation Name": "movie_companies", "Alias": "mc", "Startup Cost": 2.62, "Total Cost": 10.57, "Plan Rows": 2, "Plan Width": 12, "Recheck Cond": "(movie_id = mi.movie_id)", "Plans": [{"Node Type": "Bitmap Index Scan", "Parent Relationship": "Outer", "Index Name": "movie_id_movie_companies", "Startup Cost": 0.0, "Total Cost": 2.62, "Plan Rows": 2, "Plan Width": 0, "Index Cond": "(movie_id = mi.movie_id)"}]}]}, {"Node Type": "Bitmap Heap Scan", "Parent Relationship": "Inner", "Relation Name": "company_name", "Alias": "cn", "Startup Cost": 0.26, "Total Cost": 4.27, "Plan Rows": 1, "Plan Width": 4, "Recheck Cond": "(id = mc.company_id)", "Filter": "((country_code)::text = '[us]'::text)", "Plans": [{"Node Type": "Bitmap Index Scan", "Parent Relationship": "Outer", "Index Name": "company_name_pkey", "Startup Cost": 0.0, "Total Cost": 0.26, "Plan Rows": 1, "Plan Width": 0, "Index Cond": "(id = mc.company_id)"}]}]}, {"Node Type": "Materialize", "Parent Relationship": "Inner", "Startup Cost": 0.0, "Total Cost": 1.04, "Plan Rows": 3, "Plan Width": 4, "Plans": [{"Node Type": "Seq Scan", "Parent Relationship": "Outer", "Relation Name": "company_type", "Alias": "ct", "Startup Cost": 0.0, "Total Cost": 1.03, "Plan Rows": 3, "Plan Width": 4}]}]}, {"Node Type": "Bitmap Heap Scan", "Parent Relationship": "Inner", "Relation Name": "title", "Alias": "t", "Startup Cost": 0.27, "Total Cost": 4.29, "Plan Rows": 1, "Plan Width": 21, "Recheck Cond": "(id = mc.movie_id)", "Filter": "(production_year > 1990)", "Plans": [{"Node Type": "Bitmap Index Scan", "Parent Relationship": "Outer", "Index Name": "title_pkey", "Startup Cost": 0.0, "Total Cost": 0.27, "Plan Rows": 1, "Plan Width": 0, "Index Cond": "(id = mc.movie_id)"}]}]}, {"Node Type": "Bitmap Heap Scan", "Parent Relationship": "Inner", "Relation Name": "movie_keyword", "Alias": "mk", "Startup Cost": 0.34, "Total Cost": 4.44, "Plan Rows": 8, "Plan Width": 8, "Recheck Cond": "(movie_id = mc.movie_id)", "Plans": [{"Node Type": "Bitmap Index Scan", "Parent Relationship": "Outer", "Index Name": "movie_id_movie_keyword", "Startup Cost": 0.0, "Total Cost": 0.34, "Plan Rows": 8, "Plan Width": 0, "Index Cond": "(movie_id = mc.movie_id)"}]}]}, {"Node Type": "Bitmap Heap Scan", "Parent Relationship": "Inner", "Relation Name": "keyword", "Alias": "k", "Startup Cost": 0.26, "Total Cost": 4.27, "Plan Rows": 1, "Plan Width": 4, "Recheck Cond": "(id = mk.keyword_id)", "Plans": [{"Node Type": "Bitmap Index Scan", "Parent Relationship": "Outer", "Index Name": "keyword_pkey", "Startup Cost": 0.0, "Total Cost": 0.26, "Plan Rows": 1, "Plan Width": 0, "Index Cond": "(id = mk.keyword_id)"}]}]}, {"Node Type": "Bitmap Heap Scan", "Parent Relationship": "Inner", "Relation Name": "aka_title", "Alias": "at", "Startup Cost": 0.27, "Total Cost": 4.31, "Plan Rows": 3, "Plan Width": 25, "Recheck Cond": "(movie_id = mk.movie_id)", "Plans": [{"Node Type": "Bitmap Index Scan", "Parent Relationship": "Outer", "Index Name": "movie_id_aka_title", "Startup Cost": 0.0, "Total Cost": 0.27, "Plan Rows": 3, "Plan Width": 0, "Index Cond": "(movie_id = mk.movie_id)"}]}]}]}, "Unique SQL Id": 2302223328, "Planner Runtime": 39}, "explain_analyze_plan": {"Plan": {"Node Type": "Aggregate", "Strategy": "Plain", "Startup Cost": 189327.28, "Total Cost": 189327.29, "Plan Rows": 1, "Plan Width": 102, "Actual Startup Time": 1988.618, "Actual Total Time": 1988.618, "Actual Rows": 1, "Actual Loops": 1, "Plans": [{"Node Type": "Nested Loop", "Parent Relationship": "Outer", "Join Type": "Inner", "Startup Cost": 4845.53, "Total Cost": 189293.09, "Plan Rows": 6838, "Plan Width": 38, "Actual Startup Time": 419.128, "Actual Total Time": 1985.412, "Actual Rows": 4371, "Actual Loops": 1, "Inner Unique": false, "Join Filter": "(t.id = at.movie_id)", "Rows Removed by Join Filter": 0, "Plans": [{"Node Type": "Nested Loop", "Parent Relationship": "Outer", "Join Type": "Inner", "Startup Cost": 4845.25, "Total Cost": 179477.32, "Plan Rows": 2257, "Plan Width": 33, "Actual Startup Time": 378.29, "Actual Total Time": 1921.319, "Actual Rows": 14161, "Actual Loops": 1, "Inner Unique": true, "Plans": [{"Node Type": "Nested Loop", "Parent Relationship": "Outer", "Join Type": "Inner", "Startup Cost": 4844.99, "Total Cost": 169816.77, "Plan Rows": 2257, "Plan Width": 37, "Actual Startup Time": 378.275, "Actual Total Time": 1834.528, "Actual Rows": 14161, "Actual Loops": 1, "Inner Unique": false, "Join Filter": "(t.id = mk.movie_id)", "Rows Removed by Join Filter": 0, "Plans": [{"Node Type": "Nested Loop", "Parent Relationship": "Outer", "Join Type": "Inner", "Startup Cost": 4844.66, "Total Cost": 168555.2, "Plan Rows": 278, "Plan Width": 29, "Actual Startup Time": 378.256, "Actual Total Time": 1785.234, "Actual Rows": 5914, "Actual Loops": 1, "Inner Unique": true, "Join Filter": "(mi.movie_id = t.id)", "Rows Removed by Join Filter": 0, "Plans": [{"Node Type": "Nested Loop", "Parent Relationship": "Outer", "Join Type": "Inner", "Startup Cost": 4844.38, "Total Cost": 167691.01, "Plan Rows": 201, "Plan Width": 8, "Actual Startup Time": 378.233, "Actual Total Time": 1735.175, "Actual Rows": 5916, "Actual Loops": 1, "Inner Unique": true, "Join Filter": "(mc.company_type_id = ct.id)", "Rows Removed by Join Filter": 11874, "Plans": [{"Node Type": "Nested Loop", "Parent Relationship": "Outer", "Join Type": "Inner", "Startup Cost": 4844.38, "Total Cost": 167674.45, "Plan Rows": 345, "Plan Width": 12, "Actual Startup Time": 378.145, "Actual Total Time": 1724.949, "Actual Rows": 9874, "Actual Loops": 1, "Inner Unique": true, "Plans": [{"Node Type": "Nested Loop", "Parent Relationship": "Outer", "Join Type": "Inner", "Startup Cost": 4844.13, "Total Cost": 165918.27, "Plan Rows": 410, "Plan Width": 16, "Actual Startup Time": 378.121, "Actual Total Time": 1621.269, "Actual Rows": 14401, "Actual Loops": 1, "Inner Unique": false, "Plans": [{"Node Type": "Nested Loop", "Parent Relationship": "Outer", "Join Type": "Inner", "Startup Cost": 4841.51, "Total Cost": 163884.08, "Plan Rows": 192, "Plan Width": 4, "Actual Startup Time": 378.027, "Actual Total Time": 1523.335, "Actual Rows": 10679, "Actual Loops": 1, "Inner Unique": false, "Plans": [{"Node Type": "Seq Scan", "Parent Relationship": "Outer", "Relation Name": "info_type", "Alias": "it1", "Startup Cost": 0.0, "Total Cost": 2.4, "Plan Rows": 1, "Plan Width": 4, "Actual Startup Time": 0.058, "Actual Total Time": 0.105, "Actual Rows": 1, "Actual Loops": 1, "Filter": "((info)::text = 'release dates'::text)", "Rows Removed by Filter": 111}, {"Node Type": "Bitmap Heap Scan", "Parent Relationship": "Inner", "Relation Name": "movie_info", "Alias": "mi", "Startup Cost": 4841.51, "Total Cost": 163879.76, "Plan Rows": 192, "Plan Width": 8, "Actual Startup Time": 377.961, "Actual Total Time": 1520.445, "Actual Rows": 10679, "Actual Loops": 1, "Recheck Cond": "(info_type_id = it1.id)", "Rows Removed by Index Recheck": 0, "Filter": "((note)::text ~~ '%internet%'::text)", "Rows Removed by Filter": 3026040, "Exact Heap Blocks": 21947, "Lossy Heap Blocks": 21947, "Plans": [{"Node Type": "Bitmap Index Scan", "Parent Relationship": "Outer", "Index Name": "info_type_id_movie_info", "Startup Cost": 0.0, "Total Cost": 4841.46, "Plan Rows": 212428, "Plan Width": 0, "Actual Startup Time": 373.03, "Actual Total Time": 373.03, "Actual Rows": 3036719, "Actual Loops": 1, "Index Cond": "(info_type_id = it1.id)"}]}]}, {"Node Type": "Bitmap Heap Scan", "Parent Relationship": "Inner", "Relation Name": "movie_companies", "Alias": "mc", "Startup Cost": 2.62, "Total Cost": 10.57, "Plan Rows": 2, "Plan Width": 12, "Actual Startup Time": 70.313, "Actual Total Time": 79.558, "Actual Rows": 14401, "Actual Loops": 10679, "Recheck Cond": "(movie_id = mi.movie_id)", "Rows Removed by Index Recheck": 0, "Exact Heap Blocks": 11702, "Lossy Heap Blocks": 11702, "Plans": [{"Node Type": "Bitmap Index Scan", "Parent Relationship": "Outer", "Index Name": "movie_id_movie_companies", "Startup Cost": 0.0, "Total Cost": 2.62, "Plan Rows": 2, "Plan Width": 0, "Actual Startup Time": 44.782, "Actual Total Time": 44.782, "Actual Rows": 14401, "Actual Loops": 10679, "Index Cond": "(movie_id = mi.movie_id)"}]}]}, {"Node Type": "Bitmap Heap Scan", "Parent Relationship": "Inner", "Relation Name": "company_name", "Alias": "cn", "Startup Cost": 0.26, "Total Cost": 4.27, "Plan Rows": 1, "Plan Width": 4, "Actual Startup Time": 84.446, "Actual Total Time": 84.446, "Actual Rows": 9874, "Actual Loops": 14401, "Recheck Cond": "(id = mc.company_id)", "Rows Removed by Index Recheck": 0, "Filter": "((country_code)::text = '[us]'::text)", "Rows Removed by Filter": 4527, "Exact Heap Blocks": 14401, "Lossy Heap Blocks": 14401, "Plans": [{"Node Type": "Bitmap Index Scan", "Parent Relationship": "Outer", "Index Name": "company_name_pkey", "Startup Cost": 0.0, "Total Cost": 0.26, "Plan Rows": 1, "Plan Width": 0, "Actual Startup Time": 46.563, "Actual Total Time": 46.563, "Actual Rows": 14401, "Actual Loops": 14401, "Index Cond": "(id = mc.company_id)"}]}]}, {"Node Type": "Materialize", "Parent Relationship": "Inner", "Startup Cost": 0.0, "Total Cost": 1.04, "Plan Rows": 3, "Plan Width": 4, "Actual Startup Time": 1.414, "Actual Total Time": 2.513, "Actual Rows": 17790, "Actual Loops": 9874, "Plans": [{"Node Type": "Seq Scan", "Parent Relationship": "Outer", "Relation Name": "company_type", "Alias": "ct", "Startup Cost": 0.0, "Total Cost": 1.03, "Plan Rows": 3, "Plan Width": 4, "Actual Startup Time": 0.012, "Actual Total Time": 0.015, "Actual Rows": 3, "Actual Loops": 1}]}]}, {"Node Type": "Bitmap Heap Scan", "Parent Relationship": "Inner", "Relation Name": "title", "Alias": "t", "Startup Cost": 0.27, "Total Cost": 4.29, "Plan Rows": 1, "Plan Width": 21, "Actual Startup Time": 39.513, "Actual Total Time": 39.513, "Actual Rows": 5914, "Actual Loops": 5916, "Recheck Cond": "(id = mc.movie_id)", "Rows Removed by Index Recheck": 0, "Filter": "(production_year > 1990)", "Rows Removed by Filter": 2, "Exact Heap Blocks": 5916, "Lossy Heap Blocks": 5916, "Plans": [{"Node Type": "Bitmap Index Scan", "Parent Relationship": "Outer", "Index Name": "title_pkey", "Startup Cost": 0.0, "Total Cost": 0.27, "Plan Rows": 1, "Plan Width": 0, "Actual Startup Time": 22.464, "Actual Total Time": 22.464, "Actual Rows": 5916, "Actual Loops": 5916, "Index Cond": "(id = mc.movie_id)"}]}]}, {"Node Type": "Bitmap Heap Scan", "Parent Relationship": "Inner", "Relation Name": "movie_keyword", "Alias": "mk", "Startup Cost": 0.34, "Total Cost": 4.44, "Plan Rows": 8, "Plan Width": 8, "Actual Startup Time": 33.463, "Actual Total Time": 35.61, "Actual Rows": 14161, "Actual Loops": 5914, "Recheck Cond": "(movie_id = mc.movie_id)", "Rows Removed by Index Recheck": 0, "Exact Heap Blocks": 1896, "Lossy Heap Blocks": 1896, "Plans": [{"Node Type": "Bitmap Index Scan", "Parent Relationship": "Outer", "Index Name": "movie_id_movie_keyword", "Startup Cost": 0.0, "Total Cost": 0.34, "Plan Rows": 8, "Plan Width": 0, "Actual Startup Time": 24.355, "Actual Total Time": 24.355, "Actual Rows": 14161, "Actual Loops": 5914, "Index Cond": "(movie_id = mc.movie_id)"}]}]}, {"Node Type": "Bitmap Heap Scan", "Parent Relationship": "Inner", "Relation Name": "keyword", "Alias": "k", "Startup Cost": 0.26, "Total Cost": 4.27, "Plan Rows": 1, "Plan Width": 4, "Actual Startup Time": 67.963, "Actual Total Time": 67.963, "Actual Rows": 14161, "Actual Loops": 14161, "Recheck Cond": "(id = mk.keyword_id)", "Rows Removed by Index Recheck": 0, "Exact Heap Blocks": 14161, "Lossy Heap Blocks": 14161, "Plans": [{"Node Type": "Bitmap Index Scan", "Parent Relationship": "Outer", "Index Name": "keyword_pkey", "Startup Cost": 0.0, "Total Cost": 0.26, "Plan Rows": 1, "Plan Width": 0, "Actual Startup Time": 42.373, "Actual Total Time": 42.373, "Actual Rows": 14161, "Actual Loops": 14161, "Index Cond": "(id = mk.keyword_id)"}]}]}, {"Node Type": "Bitmap Heap Scan", "Parent Relationship": "Inner", "Relation Name": "aka_title", "Alias": "at", "Startup Cost": 0.27, "Total Cost": 4.31, "Plan Rows": 3, "Plan Width": 25, "Actual Startup Time": 44.043, "Actual Total Time": 45.807, "Actual Rows": 4371, "Actual Loops": 14161, "Recheck Cond": "(movie_id = mk.movie_id)", "Rows Removed by Index Recheck": 0, "Exact Heap Blocks": 4371, "Lossy Heap Blocks": 4371, "Plans": [{"Node Type": "Bitmap Index Scan", "Parent Relationship": "Outer", "Index Name": "movie_id_aka_title", "Startup Cost": 0.0, "Total Cost": 0.27, "Plan Rows": 3, "Plan Width": 0, "Actual Startup Time": 33.351, "Actual Total Time": 33.351, "Actual Rows": 4371, "Actual Loops": 14161, "Index Cond": "(movie_id = mk.movie_id)"}]}]}]}, "Triggers": [], "Planner Runtime": 39, "Total Runtime": 1989.253, "Unique SQL Id": 2302223328}}, "(1, 119)": {"explain_plan": {"Plan": {"Node Type": "Aggregate", "Strategy": "Plain", "Startup Cost": 1000003999861.48, "Total Cost": 1000003999861.49, "Plan Rows": 1, "Plan Width": 102, "Plans": [{"Node Type": "Nested Loop", "Parent Relationship": "Outer", "Join Type": "Inner", "Startup Cost": 10000000002.92, "Total Cost": 1000003999827.29, "Plan Rows": 6838, "Plan Width": 38, "Inner Unique": true, "Join Filter": "(at.movie_id = t.id)", "Plans": [{"Node Type": "Nested Loop", "Parent Relationship": "Outer", "Join Type": "Inner", "Startup Cost": 10000000002.66, "Total Cost": 1000003978634.91, "Plan Rows": 4936, "Plan Width": 37, "Inner Unique": true, "Plans": [{"Node Type": "Nested Loop", "Parent Relationship": "Outer", "Join Type": "Inner", "Startup Cost": 10000000002.4, "Total Cost": 1000003957088.08, "Plan Rows": 5034, "Plan Width": 41, "Inner Unique": false, "Join Filter": "(at.movie_id = mk.movie_id)", "Plans": [{"Node Type": "Nested Loop", "Parent Relationship": "Outer", "Join Type": "Inner", "Startup Cost": 10000000002.06, "Total Cost": 1000003954256.35, "Plan Rows": 624, "Plan Width": 33, "Inner Unique": true, "Plans": [{"Node Type": "Nested Loop", "Parent Relationship": "Outer", "Join Type": "Inner", "Startup Cost": 10000000001.8, "Total Cost": 1000003951585.47, "Plan Rows": 624, "Plan Width": 37, "Inner Unique": true, "Plans": [{"Node Type": "Nested Loop", "Parent Relationship": "Outer", "Join Type": "Inner", "Startup Cost": 10000000001.55, "Total Cost": 1000003947079.38, "Plan Rows": 1052, "Plan Width": 41, "Inner Unique": false, "Plans": [{"Node Type": "Nested Loop", "Parent Relationship": "Outer", "Join Type": "Inner", "Startup Cost": 10000000001.17, "Total Cost": 1000003944915.32, "Plan Rows": 490, "Plan Width": 29, "Inner Unique": true, "Plans": [{"Node Type": "Nested Loop", "Parent Relationship": "Outer", "Join Type": "Inner", "Startup Cost": 10000000000.92, "Total Cost": 1000003797919.45, "Plan Rows": 34318, "Plan Width": 33, "Inner Unique": false, "Plans": [{"Node Type": "Index Scan", "Parent Relationship": "Outer", "Scan Direction": "Forward", "Index Name": "movie_id_aka_title", "Relation Name": "aka_title", "Alias": "at", "Startup Cost": 10000000000.0, "Total Cost": 1000001990001.13, "Plan Rows": 361471, "Plan Width": 25}, {"Node Type": "Bitmap Heap Scan", "Parent Relationship": "Inner", "Relation Name": "movie_info", "Alias": "mi", "Startup Cost": 0.92, "Total Cost": 4.99, "Plan Rows": 1, "Plan Width": 8, "Recheck Cond": "(movie_id = at.movie_id)", "Filter": "((note)::text ~~ '%internet%'::text)", "Plans": [{"Node Type": "Bitmap Index Scan", "Parent Relationship": "Outer", "Index Name": "movie_id_movie_info", "Startup Cost": 0.0, "Total Cost": 0.92, "Plan Rows": 5, "Plan Width": 0, "Index Cond": "(movie_id = at.movie_id)"}]}]}, {"Node Type": "Bitmap Heap Scan", "Parent Relationship": "Inner", "Relation Name": "info_type", "Alias": "it1", "Startup Cost": 0.26, "Total Cost": 4.27, "Plan Rows": 1, "Plan Width": 4, "Recheck Cond": "(id = mi.info_type_id)", "Filter": "((info)::text = 'release dates'::text)", "Plans": [{"Node Type": "Bitmap Index Scan", "Parent Relationship": "Outer", "Index Name": "info_type_pkey", "Startup Cost": 0.0, "Total Cost": 0.26, "Plan Rows": 1, "Plan Width": 0, "Index Cond": "(id = mi.info_type_id)"}]}]}, {"Node Type": "Bitmap Heap Scan", "Parent Relationship": "Inner", "Relation Name": "movie_companies", "Alias": "mc", "Startup Cost": 0.37, "Total Cost": 4.4, "Plan Rows": 2, "Plan Width": 12, "Recheck Cond": "(movie_id = at.movie_id)", "Plans": [{"Node Type": "Bitmap Index Scan", "Parent Relationship": "Outer", "Index Name": "movie_id_movie_companies", "Startup Cost": 0.0, "Total Cost": 0.37, "Plan Rows": 2, "Plan Width": 0, "Index Cond": "(movie_id = at.movie_id)"}]}]}, {"Node Type": "Bitmap Heap Scan", "Parent Relationship": "Inner", "Relation Name": "company_name", "Alias": "cn", "Startup Cost": 0.26, "Total Cost": 4.27, "Plan Rows": 1, "Plan Width": 4, "Recheck Cond": "(id = mc.company_id)", "Filter": "((country_code)::text = '[us]'::text)", "Plans": [{"Node Type": "Bitmap Index Scan", "Parent Relationship": "Outer", "Index Name": "company_name_pkey", "Startup Cost": 0.0, "Total Cost": 0.26, "Plan Rows": 1, "Plan Width": 0, "Index Cond": "(id = mc.company_id)"}]}]}, {"Node Type": "Bitmap Heap Scan", "Parent Relationship": "Inner", "Relation Name": "company_type", "Alias": "ct", "Startup Cost": 0.26, "Total Cost": 4.27, "Plan Rows": 1, "Plan Width": 4, "Recheck Cond": "(id = mc.company_type_id)", "Plans": [{"Node Type": "Bitmap Index Scan", "Parent Relationship": "Outer", "Index Name": "company_type_pkey", "Startup Cost": 0.0, "Total Cost": 0.26, "Plan Rows": 1, "Plan Width": 0, "Index Cond": "(id = mc.company_type_id)"}]}]}, {"Node Type": "Bitmap Heap Scan", "Parent Relationship": "Inner", "Relation Name": "movie_keyword", "Alias": "mk", "Startup Cost": 0.34, "Total Cost": 4.44, "Plan Rows": 8, "Plan Width": 8, "Recheck Cond": "(movie_id = mc.movie_id)", "Plans": [{"Node Type": "Bitmap Index Scan", "Parent Relationship": "Outer", "Index Name": "movie_id_movie_keyword", "Startup Cost": 0.0, "Total Cost": 0.34, "Plan Rows": 8, "Plan Width": 0, "Index Cond": "(movie_id = mc.movie_id)"}]}]}, {"Node Type": "Bitmap Heap Scan", "Parent Relationship": "Inner", "Relation Name": "keyword", "Alias": "k", "Startup Cost": 0.26, "Total Cost": 4.27, "Plan Rows": 1, "Plan Width": 4, "Recheck Cond": "(id = mk.keyword_id)", "Plans": [{"Node Type": "Bitmap Index Scan", "Parent Relationship": "Outer", "Index Name": "keyword_pkey", "Startup Cost": 0.0, "Total Cost": 0.26, "Plan Rows": 1, "Plan Width": 0, "Index Cond": "(id = mk.keyword_id)"}]}]}, {"Node Type": "Bitmap Heap Scan", "Parent Relationship": "Inner", "Relation Name": "title", "Alias": "t", "Startup Cost": 0.27, "Total Cost": 4.28, "Plan Rows": 1, "Plan Width": 21, "Recheck Cond": "(id = mk.movie_id)", "Filter": "(production_year > 1990)", "Plans": [{"Node Type": "Bitmap Index Scan", "Parent Relationship": "Outer", "Index Name": "title_pkey", "Startup Cost": 0.0, "Total Cost": 0.27, "Plan Rows": 1, "Plan Width": 0, "Index Cond": "(id = mk.movie_id)"}]}]}]}, "Unique SQL Id": 2302223328, "Planner Runtime": 24}, "explain_analyze_plan": null}, "(1, 120)": {"explain_plan": {"Plan": {"Node Type": "Aggregate", "Strategy": "Plain", "Startup Cost": 337380.96, "Total Cost": 337380.97, "Plan Rows": 1, "Plan Width": 102, "Plans": [{"Node Type": "Nested Loop", "Parent Relationship": "Outer", "Join Type": "Inner", "Startup Cost": 0.0, "Total Cost": 337346.77, "Plan Rows": 6838, "Plan Width": 38, "Inner Unique": false, "Join Filter": "(t.id = at.movie_id)", "Plans": [{"Node Type": "Nested Loop", "Parent Relationship": "Outer", "Join Type": "Inner", "Startup Cost": 0.0, "Total Cost": 336548.15, "Plan Rows": 2257, "Plan Width": 33, "Inner Unique": true, "Plans": [{"Node Type": "Nested Loop", "Parent Relationship": "Outer", "Join Type": "Inner", "Startup Cost": 0.0, "Total Cost": 335916.16, "Plan Rows": 2257, "Plan Width": 37, "Inner Unique": false, "Join Filter": "(t.id = mk.movie_id)", "Plans": [{"Node Type": "Nested Loop", "Parent Relationship": "Outer", "Join Type": "Inner", "Startup Cost": 0.0, "Total Cost": 335759.82, "Plan Rows": 278, "Plan Width": 29, "Inner Unique": true, "Join Filter": "(mc.company_type_id = ct.id)", "Plans": [{"Node Type": "Nested Loop", "Parent Relationship": "Outer", "Join Type": "Inner", "Startup Cost": 0.0, "Total Cost": 335737.27, "Plan Rows": 478, "Plan Width": 33, "Inner Unique": true, "Plans": [{"Node Type": "Nested Loop", "Parent Relationship": "Outer", "Join Type": "Inner", "Startup Cost": 0.0, "Total Cost": 335573.88, "Plan Rows": 568, "Plan Width": 37, "Inner Unique": false, "Plans": [{"Node Type": "Nested Loop", "Parent Relationship": "Outer", "Join Type": "Inner", "Startup Cost": 0.0, "Total Cost": 335476.03, "Plan Rows": 266, "Plan Width": 25, "Inner Unique": true, "Plans": [{"Node Type": "Nested Loop", "Parent Relationship": "Outer", "Join Type": "Inner", "Startup Cost": 0.0, "Total Cost": 334332.71, "Plan Rows": 192, "Plan Width": 4, "Inner Unique": false, "Join Filter": "(it1.id = mi.info_type_id)", "Plans": [{"Node Type": "Seq Scan", "Parent Relationship": "Outer", "Relation Name": "info_type", "Alias": "it1", "Startup Cost": 0.0, "Total Cost": 2.4, "Plan Rows": 1, "Plan Width": 4, "Filter": "((info)::text = 'release dates'::text)"}, {"Node Type": "Seq Scan", "Parent Relationship": "Inner", "Relation Name": "movie_info", "Alias": "mi", "Startup Cost": 0.0, "Total Cost": 334162.58, "Plan Rows": 13419, "Plan Width": 8, "Filter": "((note)::text ~~ '%internet%'::text)"}]}, {"Node Type": "Index Scan", "Parent Relationship": "Inner", "Scan Direction": "Forward", "Index Name": "title_pkey", "Relation Name": "title", "Alias": "t", "Startup Cost": 0.0, "Total Cost": 5.94, "Plan Rows": 1, "Plan Width": 21, "Index Cond": "(id = mi.movie_id)", "Filter": "(production_year > 1990)"}]}, {"Node Type": "Index Scan", "Parent Relationship": "Inner", "Scan Direction": "Forward", "Index Name": "movie_id_movie_companies", "Relation Name": "movie_companies", "Alias": "mc", "Startup Cost": 0.0, "Total Cost": 0.35, "Plan Rows": 2, "Plan Width": 12, "Index Cond": "(movie_id = t.id)"}]}, {"Node Type": "Index Scan", "Parent Relationship": "Inner", "Scan Direction": "Forward", "Index Name": "company_name_pkey", "Relation Name": "company_name", "Alias": "cn", "Startup Cost": 0.0, "Total Cost": 0.28, "Plan Rows": 1, "Plan Width": 4, "Index Cond": "(id = mc.company_id)", "Filter": "((country_code)::text = '[us]'::text)"}]}, {"Node Type": "Materialize", "Parent Relationship": "Inner", "Startup Cost": 0.0, "Total Cost": 1.04, "Plan Rows": 3, "Plan Width": 4, "Plans": [{"Node Type": "Seq Scan", "Parent Relationship": "Outer", "Relation Name": "company_type", "Alias": "ct", "Startup Cost": 0.0, "Total Cost": 1.03, "Plan Rows": 3, "Plan Width": 4}]}]}, {"Node Type": "Index Scan", "Parent Relationship": "Inner", "Scan Direction": "Forward", "Index Name": "movie_id_movie_keyword", "Relation Name": "movie_keyword", "Alias": "mk", "Startup Cost": 0.0, "Total Cost": 0.46, "Plan Rows": 8, "Plan Width": 8, "Index Cond": "(movie_id = mc.movie_id)"}]}, {"Node Type": "Index Only Scan", "Parent Relationship": "Inner", "Scan Direction": "Forward", "Index Name": "keyword_pkey", "Relation Name": "keyword", "Alias": "k", "Startup Cost": 0.0, "Total Cost": 0.27, "Plan Rows": 1, "Plan Width": 4, "Index Cond": "(id = mk.keyword_id)"}]}, {"Node Type": "Index Scan", "Parent Relationship": "Inner", "Scan Direction": "Forward", "Index Name": "movie_id_aka_title", "Relation Name": "aka_title", "Alias": "at", "Startup Cost": 0.0, "Total Cost": 0.32, "Plan Rows": 3, "Plan Width": 25, "Index Cond": "(movie_id = mk.movie_id)"}]}]}, "Unique SQL Id": 2302223328, "Planner Runtime": 25}, "explain_analyze_plan": null}, "(1, 121)": {"explain_plan": {"Plan": {"Node Type": "Aggregate", "Strategy": "Plain", "Startup Cost": 498755.15, "Total Cost": 498755.16, "Plan Rows": 1, "Plan Width": 102, "Plans": [{"Node Type": "Nested Loop", "Parent Relationship": "Outer", "Join Type": "Inner", "Startup Cost": 0.0, "Total Cost": 498720.96, "Plan Rows": 6838, "Plan Width": 38, "Inner Unique": false, "Join Filter": "(t.id = at.movie_id)", "Plans": [{"Node Type": "Nested Loop", "Parent Relationship": "Outer", "Join Type": "Inner", "Startup Cost": 0.0, "Total Cost": 497922.35, "Plan Rows": 2257, "Plan Width": 33, "Inner Unique": true, "Plans": [{"Node Type": "Nested Loop", "Parent Relationship": "Outer", "Join Type": "Inner", "Startup Cost": 0.0, "Total Cost": 497290.36, "Plan Rows": 2257, "Plan Width": 37, "Inner Unique": false, "Join Filter": "(t.id = mk.movie_id)", "Plans": [{"Node Type": "Nested Loop", "Parent Relationship": "Outer", "Join Type": "Inner", "Startup Cost": 0.0, "Total Cost": 497134.02, "Plan Rows": 278, "Plan Width": 29, "Inner Unique": true, "Join Filter": "(mc.company_type_id = ct.id)", "Plans": [{"Node Type": "Nested Loop", "Parent Relationship": "Outer", "Join Type": "Inner", "Startup Cost": 0.0, "Total Cost": 497104.2, "Plan Rows": 478, "Plan Width": 33, "Inner Unique": true, "Plans": [{"Node Type": "Nested Loop", "Parent Relationship": "Outer", "Join Type": "Inner", "Startup Cost": 0.0, "Total Cost": 496940.81, "Plan Rows": 568, "Plan Width": 37, "Inner Unique": false, "Plans": [{"Node Type": "Nested Loop", "Parent Relationship": "Outer", "Join Type": "Inner", "Startup Cost": 0.0, "Total Cost": 496842.96, "Plan Rows": 266, "Plan Width": 25, "Inner Unique": true, "Plans": [{"Node Type": "Nested Loop", "Parent Relationship": "Outer", "Join Type": "Inner", "Startup Cost": 0.0, "Total Cost": 495699.65, "Plan Rows": 192, "Plan Width": 4, "Inner Unique": false, "Plans": [{"Node Type": "Index Scan", "Parent Relationship": "Outer", "Scan Direction": "Forward", "Index Name": "info_type_pkey", "Relation Name": "info_type", "Alias": "it1", "Startup Cost": 0.0, "Total Cost": 14.21, "Plan Rows": 1, "Plan Width": 4, "Filter": "((info)::text = 'release dates'::text)"}, {"Node Type": "Index Scan", "Parent Relationship": "Inner", "Scan Direction": "Forward", "Index Name": "info_type_id_movie_info", "Relation Name": "movie_info", "Alias": "mi", "Startup Cost": 0.0, "Total Cost": 495683.52, "Plan Rows": 192, "Plan Width": 8, "Index Cond": "(info_type_id = it1.id)", "Filter": "((note)::text ~~ '%internet%'::text)"}]}, {"Node Type": "Index Scan", "Parent Relationship": "Inner", "Scan Direction": "Forward", "Index Name": "title_pkey", "Relation Name": "title", "Alias": "t", "Startup Cost": 0.0, "Total Cost": 5.94, "Plan Rows": 1, "Plan Width": 21, "Index Cond": "(id = mi.movie_id)", "Filter": "(production_year > 1990)"}]}, {"Node Type": "Index Scan", "Parent Relationship": "Inner", "Scan Direction": "Forward", "Index Name": "movie_id_movie_companies", "Relation Name": "movie_companies", "Alias": "mc", "Startup Cost": 0.0, "Total Cost": 0.35, "Plan Rows": 2, "Plan Width": 12, "Index Cond": "(movie_id = t.id)"}]}, {"Node Type": "Index Scan", "Parent Relationship": "Inner", "Scan Direction": "Forward", "Index Name": "company_name_pkey", "Relation Name": "company_name", "Alias": "cn", "Startup Cost": 0.0, "Total Cost": 0.28, "Plan Rows": 1, "Plan Width": 4, "Index Cond": "(id = mc.company_id)", "Filter": "((country_code)::text = '[us]'::text)"}]}, {"Node Type": "Materialize", "Parent Relationship": "Inner", "Startup Cost": 0.0, "Total Cost": 8.31, "Plan Rows": 3, "Plan Width": 4, "Plans": [{"Node Type": "Index Only Scan", "Parent Relationship": "Outer", "Scan Direction": "Forward", "Index Name": "company_type_pkey", "Relation Name": "company_type", "Alias": "ct", "Startup Cost": 0.0, "Total Cost": 8.29, "Plan Rows": 3, "Plan Width": 4}]}]}, {"Node Type": "Index Scan", "Parent Relationship": "Inner", "Scan Direction": "Forward", "Index Name": "movie_id_movie_keyword", "Relation Name": "movie_keyword", "Alias": "mk", "Startup Cost": 0.0, "Total Cost": 0.46, "Plan Rows": 8, "Plan Width": 8, "Index Cond": "(movie_id = mc.movie_id)"}]}, {"Node Type": "Index Only Scan", "Parent Relationship": "Inner", "Scan Direction": "Forward", "Index Name": "keyword_pkey", "Relation Name": "keyword", "Alias": "k", "Startup Cost": 0.0, "Total Cost": 0.27, "Plan Rows": 1, "Plan Width": 4, "Index Cond": "(id = mk.keyword_id)"}]}, {"Node Type": "Index Scan", "Parent Relationship": "Inner", "Scan Direction": "Forward", "Index Name": "movie_id_aka_title", "Relation Name": "aka_title", "Alias": "at", "Startup Cost": 0.0, "Total Cost": 0.32, "Plan Rows": 3, "Plan Width": 25, "Index Cond": "(movie_id = mk.movie_id)"}]}]}, "Unique SQL Id": 2302223328, "Planner Runtime": 24}, "explain_analyze_plan": {"Plan": {"Node Type": "Aggregate", "Strategy": "Plain", "Startup Cost": 498755.15, "Total Cost": 498755.16, "Plan Rows": 1, "Plan Width": 102, "Actual Startup Time": 1929.529, "Actual Total Time": 1929.53, "Actual Rows": 1, "Actual Loops": 1, "Plans": [{"Node Type": "Nested Loop", "Parent Relationship": "Outer", "Join Type": "Inner", "Startup Cost": 0.0, "Total Cost": 498720.96, "Plan Rows": 6838, "Plan Width": 38, "Actual Startup Time": 55.816, "Actual Total Time": 1926.596, "Actual Rows": 4371, "Actual Loops": 1, "Inner Unique": false, "Join Filter": "(t.id = at.movie_id)", "Rows Removed by Join Filter": 0, "Plans": [{"Node Type": "Nested Loop", "Parent Relationship": "Outer", "Join Type": "Inner", "Startup Cost": 0.0, "Total Cost": 497922.35, "Plan Rows": 2257, "Plan Width": 33, "Actual Startup Time": 0.238, "Actual Total Time": 1884.188, "Actual Rows": 14161, "Actual Loops": 1, "Inner Unique": true, "Plans": [{"Node Type": "Nested Loop", "Parent Relationship": "Outer", "Join Type": "Inner", "Startup Cost": 0.0, "Total Cost": 497290.36, "Plan Rows": 2257, "Plan Width": 37, "Actual Startup Time": 0.229, "Actual Total Time": 1834.589, "Actual Rows": 14161, "Actual Loops": 1, "Inner Unique": false, "Join Filter": "(t.id = mk.movie_id)", "Rows Removed by Join Filter": 0, "Plans": [{"Node Type": "Nested Loop", "Parent Relationship": "Outer", "Join Type": "Inner", "Startup Cost": 0.0, "Total Cost": 497134.02, "Plan Rows": 278, "Plan Width": 29, "Actual Startup Time": 0.218, "Actual Total Time": 1795.115, "Actual Rows": 5914, "Actual Loops": 1, "Inner Unique": true, "Join Filter": "(mc.company_type_id = ct.id)", "Rows Removed by Join Filter": 11829, "Plans": [{"Node Type": "Nested Loop", "Parent Relationship": "Outer", "Join Type": "Inner", "Startup Cost": 0.0, "Total Cost": 497104.2, "Plan Rows": 478, "Plan Width": 33, "Actual Startup Time": 0.118, "Actual Total Time": 1786.082, "Actual Rows": 9857, "Actual Loops": 1, "Inner Unique": true, "Plans": [{"Node Type": "Nested Loop", "Parent Relationship": "Outer", "Join Type": "Inner", "Startup Cost": 0.0, "Total Cost": 496940.81, "Plan Rows": 568, "Plan Width": 37, "Actual Startup Time": 0.106, "Actual Total Time": 1709.815, "Actual Rows": 14377, "Actual Loops": 1, "Inner Unique": false, "Plans": [{"Node Type": "Nested Loop", "Parent Relationship": "Outer", "Join Type": "Inner", "Startup Cost": 0.0, "Total Cost": 496842.96, "Plan Rows": 266, "Plan Width": 25, "Actual Startup Time": 0.095, "Actual Total Time": 1646.842, "Actual Rows": 10662, "Actual Loops": 1, "Inner Unique": true, "Plans": [{"Node Type": "Nested Loop", "Parent Relationship": "Outer", "Join Type": "Inner", "Startup Cost": 0.0, "Total Cost": 495699.65, "Plan Rows": 192, "Plan Width": 4, "Actual Startup Time": 0.081, "Actual Total Time": 1584.019, "Actual Rows": 10679, "Actual Loops": 1, "Inner Unique": false, "Plans": [{"Node Type": "Index Scan", "Parent Relationship": "Outer", "Scan Direction": "Forward", "Index Name": "info_type_pkey", "Relation Name": "info_type", "Alias": "it1", "Startup Cost": 0.0, "Total Cost": 14.21, "Plan Rows": 1, "Plan Width": 4, "Actual Startup Time": 0.05, "Actual Total Time": 0.095, "Actual Rows": 1, "Actual Loops": 1, "Filter": "((info)::text = 'release dates'::text)", "Rows Removed by Filter": 111}, {"Node Type": "Index Scan", "Parent Relationship": "Inner", "Scan Direction": "Forward", "Index Name": "info_type_id_movie_info", "Relation Name": "movie_info", "Alias": "mi", "Startup Cost": 0.0, "Total Cost": 495683.52, "Plan Rows": 192, "Plan Width": 8, "Actual Startup Time": 0.026, "Actual Total Time": 1581.108, "Actual Rows": 10679, "Actual Loops": 1, "Index Cond": "(info_type_id = it1.id)", "Rows Removed by Index Recheck": 0, "Filter": "((note)::text ~~ '%internet%'::text)", "Rows Removed by Filter": 3026040}]}, {"Node Type": "Index Scan", "Parent Relationship": "Inner", "Scan Direction": "Forward", "Index Name": "title_pkey", "Relation Name": "title", "Alias": "t", "Startup Cost": 0.0, "Total Cost": 5.94, "Plan Rows": 1, "Plan Width": 21, "Actual Startup Time": 52.174, "Actual Total Time": 52.174, "Actual Rows": 10662, "Actual Loops": 10679, "Index Cond": "(id = mi.movie_id)", "Rows Removed by Index Recheck": 0, "Filter": "(production_year > 1990)", "Rows Removed by Filter": 17}]}, {"Node Type": "Index Scan", "Parent Relationship": "Inner", "Scan Direction": "Forward", "Index Name": "movie_id_movie_companies", "Relation Name": "movie_companies", "Alias": "mc", "Startup Cost": 0.0, "Total Cost": 0.35, "Plan Rows": 2, "Plan Width": 12, "Actual Startup Time": 43.419, "Actual Total Time": 53.793, "Actual Rows": 14377, "Actual Loops": 10662, "Index Cond": "(movie_id = t.id)", "Rows Removed by Index Recheck": 0}]}, {"Node Type": "Index Scan", "Parent Relationship": "Inner", "Scan Direction": "Forward", "Index Name": "company_name_pkey", "Relation Name": "company_name", "Alias": "cn", "Startup Cost": 0.0, "Total Cost": 0.28, "Plan Rows": 1, "Plan Width": 4, "Actual Startup Time": 65.084, "Actual Total Time": 65.084, "Actual Rows": 9857, "Actual Loops": 14377, "Index Cond": "(id = mc.company_id)", "Rows Removed by Index Recheck": 0, "Filter": "((country_code)::text = '[us]'::text)", "Rows Removed by Filter": 4520}]}, {"Node Type": "Materialize", "Parent Relationship": "Inner", "Startup Cost": 0.0, "Total Cost": 8.31, "Plan Rows": 3, "Plan Width": 4, "Actual Startup Time": 1.189, "Actual Total Time": 2.222, "Actual Rows": 17743, "Actual Loops": 9857, "Plans": [{"Node Type": "Index Only Scan", "Parent Relationship": "Outer", "Scan Direction": "Forward", "Index Name": "company_type_pkey", "Relation Name": "company_type", "Alias": "ct", "Startup Cost": 0.0, "Total Cost": 8.29, "Plan Rows": 3, "Plan Width": 4, "Actual Startup Time": 0.005, "Actual Total Time": 0.008, "Actual Rows": 3, "Actual Loops": 1, "Heap Fetches": 0}]}]}, {"Node Type": "Index Scan", "Parent Relationship": "Inner", "Scan Direction": "Forward", "Index Name": "movie_id_movie_keyword", "Relation Name": "movie_keyword", "Alias": "mk", "Startup Cost": 0.0, "Total Cost": 0.46, "Plan Rows": 8, "Plan Width": 8, "Actual Startup Time": 23.911, "Actual Total Time": 30.402, "Actual Rows": 14161, "Actual Loops": 5914, "Index Cond": "(movie_id = mc.movie_id)", "Rows Removed by Index Recheck": 0}]}, {"Node Type": "Index Only Scan", "Parent Relationship": "Inner", "Scan Direction": "Forward", "Index Name": "keyword_pkey", "Relation Name": "keyword", "Alias": "k", "Startup Cost": 0.0, "Total Cost": 0.27, "Plan Rows": 1, "Plan Width": 4, "Actual Startup Time": 39.328, "Actual Total Time": 39.328, "Actual Rows": 14161, "Actual Loops": 14161, "Index Cond": "(id = mk.keyword_id)", "Rows Removed by Index Recheck": 0, "Heap Fetches": 0}]}, {"Node Type": "Index Scan", "Parent Relationship": "Inner", "Scan Direction": "Forward", "Index Name": "movie_id_aka_title", "Relation Name": "aka_title", "Alias": "at", "Startup Cost": 0.0, "Total Cost": 0.32, "Plan Rows": 3, "Plan Width": 25, "Actual Startup Time": 32.009, "Actual Total Time": 34.157, "Actual Rows": 4371, "Actual Loops": 14161, "Index Cond": "(movie_id = mk.movie_id)", "Rows Removed by Index Recheck": 0}]}]}, "Triggers": [], "Planner Runtime": 24, "Total Runtime": 1929.951, "Unique SQL Id": 2302223328}}, "(1, 122)": {"explain_plan": {"Plan": {"Node Type": "Aggregate", "Strategy": "Plain", "Startup Cost": 49478457.63, "Total Cost": 49478457.64, "Plan Rows": 1, "Plan Width": 102, "Plans": [{"Node Type": "Nested Loop", "Parent Relationship": "Outer", "Join Type": "Inner", "Startup Cost": 0.0, "Total Cost": 49478423.44, "Plan Rows": 6838, "Plan Width": 38, "Inner Unique": false, "Join Filter": "(t.id = at.movie_id)", "Plans": [{"Node Type": "Seq Scan", "Parent Relationship": "Outer", "Relation Name": "aka_title", "Alias": "at", "Startup Cost": 0.0, "Total Cost": 9894.71, "Plan Rows": 361471, "Plan Width": 25}, {"Node Type": "Materialize", "Parent Relationship": "Inner", "Startup Cost": 0.0, "Total Cost": 37230933.67, "Plan Rows": 2257, "Plan Width": 33, "Plans": [{"Node Type": "Nested Loop", "Parent Relationship": "Outer", "Join Type": "Inner", "Startup Cost": 0.0, "Total Cost": 37230922.38, "Plan Rows": 2257, "Plan Width": 33, "Inner Unique": false, "Join Filter": "(mk.keyword_id = k.id)", "Plans": [{"Node Type": "Seq Scan", "Parent Relationship": "Outer", "Relation Name": "keyword", "Alias": "k", "Startup Cost": 0.0, "Total Cost": 2100.69, "Plan Rows": 134169, "Plan Width": 4}, {"Node Type": "Materialize", "Parent Relationship": "Inner", "Startup Cost": 0.0, "Total Cost": 32686535.84, "Plan Rows": 2257, "Plan Width": 37, "Plans": [{"Node Type": "Nested Loop", "Parent Relationship": "Outer", "Join Type": "Inner", "Startup Cost": 0.0, "Total Cost": 32686524.55, "Plan Rows": 2257, "Plan Width": 37, "Inner Unique": false, "Join Filter": "(t.id = mk.movie_id)", "Plans": [{"Node Type": "Seq Scan", "Parent Relationship": "Outer", "Relation Name": "movie_keyword", "Alias": "mk", "Startup Cost": 0.0, "Total Cost": 62441.29, "Plan Rows": 4523929, "Plan Width": 8}, {"Node Type": "Materialize", "Parent Relationship": "Inner", "Startup Cost": 0.0, "Total Cost": 13759300.03, "Plan Rows": 278, "Plan Width": 29, "Plans": [{"Node Type": "Nested Loop", "Parent Relationship": "Outer", "Join Type": "Inner", "Startup Cost": 0.0, "Total Cost": 13759298.64, "Plan Rows": 278, "Plan Width": 29, "Inner Unique": false, "Join Filter": "(mi.movie_id = t.id)", "Plans": [{"Node Type": "Seq Scan", "Parent Relationship": "Outer", "Relation Name": "title", "Alias": "t", "Startup Cost": 0.0, "Total Cost": 66389.89, "Plan Rows": 1748840, "Plan Width": 21, "Filter": "(production_year > 1990), (LLVM Optimized)"}, {"Node Type": "Materialize", "Parent Relationship": "Inner", "Startup Cost": 0.0, "Total Cost": 8420156.66, "Plan Rows": 201, "Plan Width": 8, "Plans": [{"Node Type": "Nested Loop", "Parent Relationship": "Outer", "Join Type": "Inner", "Startup Cost": 0.0, "Total Cost": 8420155.65, "Plan Rows": 201, "Plan Width": 8, "Inner Unique": true, "Join Filter": "(mc.company_type_id = ct.id)", "Plans": [{"Node Type": "Nested Loop", "Parent Relationship": "Outer", "Join Type": "Inner", "Startup Cost": 0.0, "Total Cost": 8420139.09, "Plan Rows": 345, "Plan Width": 12, "Inner Unique": false, "Join Filter": "(mc.company_id = cn.id)", "Plans": [{"Node Type": "Seq Scan", "Parent Relationship": "Outer", "Relation Name": "company_name", "Alias": "cn", "Startup Cost": 0.0, "Total Cost": 5903.45, "Plan Rows": 85170, "Plan Width": 4, "Filter": "((country_code)::text = '[us]'::text)"}, {"Node Type": "Materialize", "Parent Relationship": "Inner", "Startup Cost": 0.0, "Total Cost": 7890441.16, "Plan Rows": 410, "Plan Width": 16, "Plans": [{"Node Type": "Nested Loop", "Parent Relationship": "Outer", "Join Type": "Inner", "Startup Cost": 0.0, "Total Cost": 7890439.11, "Plan Rows": 410, "Plan Width": 16, "Inner Unique": false, "Join Filter": "(mi.movie_id = mc.movie_id)", "Plans": [{"Node Type": "Seq Scan", "Parent Relationship": "Outer", "Relation Name": "movie_companies", "Alias": "mc", "Startup Cost": 0.0, "Total Cost": 41817.28, "Plan Rows": 2609128, "Plan Width": 12}, {"Node Type": "Materialize", "Parent Relationship": "Inner", "Startup Cost": 0.0, "Total Cost": 334333.67, "Plan Rows": 192, "Plan Width": 4, "Plans": [{"Node Type": "Nested Loop", "Parent Relationship": "Outer", "Join Type": "Inner", "Startup Cost": 0.0, "Total Cost": 334332.71, "Plan Rows": 192, "Plan Width": 4, "Inner Unique": false, "Join Filter": "(it1.id = mi.info_type_id)", "Plans": [{"Node Type": "Seq Scan", "Parent Relationship": "Outer", "Relation Name": "info_type", "Alias": "it1", "Startup Cost": 0.0, "Total Cost": 2.4, "Plan Rows": 1, "Plan Width": 4, "Filter": "((info)::text = 'release dates'::text)"}, {"Node Type": "Seq Scan", "Parent Relationship": "Inner", "Relation Name": "movie_info", "Alias": "mi", "Startup Cost": 0.0, "Total Cost": 334162.58, "Plan Rows": 13419, "Plan Width": 8, "Filter": "((note)::text ~~ '%internet%'::text)"}]}]}]}]}]}, {"Node Type": "Materialize", "Parent Relationship": "Inner", "Startup Cost": 0.0, "Total Cost": 1.04, "Plan Rows": 3, "Plan Width": 4, "Plans": [{"Node Type": "Seq Scan", "Parent Relationship": "Outer", "Relation Name": "company_type", "Alias": "ct", "Startup Cost": 0.0, "Total Cost": 1.03, "Plan Rows": 3, "Plan Width": 4}]}]}]}]}]}]}]}]}]}]}]}, "Unique SQL Id": 2302223328, "Planner Runtime": 26}, "explain_analyze_plan": null}, "(1, 123)": {"explain_plan": {"Plan": {"Node Type": "Aggregate", "Strategy": "Plain", "Startup Cost": 9000196009590.57, "Total Cost": 9000196009590.58, "Plan Rows": 1, "Plan Width": 102, "Plans": [{"Node Type": "Nested Loop", "Parent Relationship": "Outer", "Join Type": "Inner", "Startup Cost": 90000000000.0, "Total Cost": 9000196009556.38, "Plan Rows": 6838, "Plan Width": 38, "Inner Unique": false, "Join Filter": "(t.id = at.movie_id)", "Plans": [{"Node Type": "Nested Loop", "Parent Relationship": "Outer", "Join Type": "Inner", "Startup Cost": 80000000000.0, "Total Cost": 8000181781050.87, "Plan Rows": 2257, "Plan Width": 33, "Inner Unique": true, "Join Filter": "(mk.keyword_id = k.id)", "Plans": [{"Node Type": "Nested Loop", "Parent Relationship": "Outer", "Join Type": "Inner", "Startup Cost": 70000000000.0, "Total Cost": 7000177032345.45, "Plan Rows": 2257, "Plan Width": 37, "Inner Unique": false, "Join Filter": "(t.id = mk.movie_id)", "Plans": [{"Node Type": "Index Scan", "Parent Relationship": "Outer", "Scan Direction": "Forward", "Index Name": "movie_id_movie_keyword", "Relation Name": "movie_keyword", "Alias": "mk", "Startup Cost": 10000000000.0, "Total Cost": 1000015300634.17, "Plan Rows": 4523929, "Plan Width": 8}, {"Node Type": "Materialize", "Parent Relationship": "Inner", "Startup Cost": 60000000000.0, "Total Cost": 6000142866928.05, "Plan Rows": 278, "Plan Width": 29, "Plans": [{"Node Type": "Nested Loop", "Parent Relationship": "Outer", "Join Type": "Inner", "Startup Cost": 60000000000.0, "Total Cost": 6000142866926.66, "Plan Rows": 278, "Plan Width": 29, "Inner Unique": false, "Join Filter": "(mi.movie_id = t.id)", "Plans": [{"Node Type": "Index Scan", "Parent Relationship": "Outer", "Scan Direction": "Forward", "Index Name": "title_pkey", "Relation Name": "title", "Alias": "t", "Startup Cost": 10000000000.0, "Total Cost": 1000011644126.66, "Plan Rows": 1748840, "Plan Width": 21, "Filter": "(production_year > 1990), (LLVM Optimized)"}, {"Node Type": "Materialize", "Parent Relationship": "Inner", "Startup Cost": 50000000000.0, "Total Cost": 5000125950047.9, "Plan Rows": 201, "Plan Width": 8, "Plans": [{"Node Type": "Nested Loop", "Parent Relationship": "Outer", "Join Type": "Inner", "Startup Cost": 50000000000.0, "Total Cost": 5000125950046.89, "Plan Rows": 201, "Plan Width": 8, "Inner Unique": true, "Join Filter": "(mc.company_type_id = ct.id)", "Plans": [{"Node Type": "Nested Loop", "Parent Relationship": "Outer", "Join Type": "Inner", "Startup Cost": 40000000000.0, "Total Cost": 4000125949201.86, "Plan Rows": 345, "Plan Width": 12, "Inner Unique": true, "Join Filter": "(mc.company_id = cn.id)", "Plans": [{"Node Type": "Nested Loop", "Parent Relationship": "Outer", "Join Type": "Inner", "Startup Cost": 30000000000.0, "Total Cost": 3000124375054.46, "Plan Rows": 410, "Plan Width": 16, "Inner Unique": false, "Join Filter": "(mi.movie_id = mc.movie_id)", "Plans": [{"Node Type": "Nested Loop", "Parent Relationship": "Outer", "Join Type": "Inner", "Startup Cost": 20000000000.0, "Total Cost": 2000107536026.0, "Plan Rows": 192, "Plan Width": 4, "Inner Unique": true, "Join Filter": "(it1.id = mi.info_type_id)", "Plans": [{"Node Type": "Index Scan", "Parent Relationship": "Outer", "Scan Direction": "Forward", "Index Name": "movie_id_movie_info", "Relation Name": "movie_info", "Alias": "mi", "Startup Cost": 10000000000.0, "Total Cost": 1000107534403.72, "Plan Rows": 13419, "Plan Width": 8, "Filter": "((note)::text ~~ '%internet%'::text)"}, {"Node Type": "Materialize", "Parent Relationship": "Inner", "Startup Cost": 10000000000.0, "Total Cost": 1000000001421.0, "Plan Rows": 1, "Plan Width": 4, "Plans": [{"Node Type": "Index Scan", "Parent Relationship": "Outer", "Scan Direction": "Forward", "Index Name": "info_type_pkey", "Relation Name": "info_type", "Alias": "it1", "Startup Cost": 10000000000.0, "Total Cost": 1000000001421.0, "Plan Rows": 1, "Plan Width": 4, "Filter": "((info)::text = 'release dates'::text)"}]}]}, {"Node Type": "Materialize", "Parent Relationship": "Inner", "Startup Cost": 10000000000.0, "Total Cost": 1000009331262.64, "Plan Rows": 2609128, "Plan Width": 12, "Plans": [{"Node Type": "Index Scan", "Parent Relationship": "Outer", "Scan Direction": "Forward", "Index Name": "company_type_id_movie_companies", "Relation Name": "movie_companies", "Alias": "mc", "Startup Cost": 10000000000.0, "Total Cost": 1000009318217.0, "Plan Rows": 2609128, "Plan Width": 12}]}]}, {"Node Type": "Materialize", "Parent Relationship": "Inner", "Startup Cost": 10000000000.0, "Total Cost": 1000001050564.82, "Plan Rows": 85170, "Plan Width": 4, "Plans": [{"Node Type": "Index Scan", "Parent Relationship": "Outer", "Scan Direction": "Forward", "Index Name": "company_name_pkey", "Relation Name": "company_name", "Alias": "cn", "Startup Cost": 10000000000.0, "Total Cost": 1000001050138.97, "Plan Rows": 85170, "Plan Width": 4, "Filter": "((country_code)::text = '[us]'::text)"}]}]}, {"Node Type": "Materialize", "Parent Relationship": "Inner", "Startup Cost": 10000000000.0, "Total Cost": 1000000000829.52, "Plan Rows": 3, "Plan Width": 4, "Plans": [{"Node Type": "Index Only Scan", "Parent Relationship": "Outer", "Scan Direction": "Forward", "Index Name": "company_type_pkey", "Relation Name": "company_type", "Alias": "ct", "Startup Cost": 10000000000.0, "Total Cost": 1000000000829.5, "Plan Rows": 3, "Plan Width": 4}]}]}]}]}]}]}, {"Node Type": "Materialize", "Parent Relationship": "Inner", "Startup Cost": 10000000000.0, "Total Cost": 1000000206749.34, "Plan Rows": 134169, "Plan Width": 4, "Plans": [{"Node Type": "Index Only Scan", "Parent Relationship": "Outer", "Scan Direction": "Forward", "Index Name": "keyword_pkey", "Relation Name": "keyword", "Alias": "k", "Startup Cost": 10000000000.0, "Total Cost": 1000000206078.5, "Plan Rows": 134169, "Plan Width": 4}]}]}, {"Node Type": "Materialize", "Parent Relationship": "Inner", "Startup Cost": 10000000000.0, "Total Cost": 1000001991808.49, "Plan Rows": 361471, "Plan Width": 25, "Plans": [{"Node Type": "Index Scan", "Parent Relationship": "Outer", "Scan Direction": "Forward", "Index Name": "movie_id_aka_title", "Relation Name": "aka_title", "Alias": "at", "Startup Cost": 10000000000.0, "Total Cost": 1000001990001.13, "Plan Rows": 361471, "Plan Width": 25}]}]}]}, "Unique SQL Id": 2302223328, "Planner Runtime": 24}, "explain_analyze_plan": null}, "(1, 124)": {"explain_plan": {"Plan": {"Node Type": "Aggregate", "Strategy": "Plain", "Startup Cost": 337382.47, "Total Cost": 337382.48, "Plan Rows": 1, "Plan Width": 102, "Plans": [{"Node Type": "Nested Loop", "Parent Relationship": "Outer", "Join Type": "Inner", "Startup Cost": 0.0, "Total Cost": 337348.28, "Plan Rows": 6838, "Plan Width": 38, "Inner Unique": false, "Join Filter": "(t.id = at.movie_id)", "Plans": [{"Node Type": "Nested Loop", "Parent Relationship": "Outer", "Join Type": "Inner", "Startup Cost": 0.0, "Total Cost": 336549.66, "Plan Rows": 2257, "Plan Width": 33, "Inner Unique": true, "Plans": [{"Node Type": "Nested Loop", "Parent Relationship": "Outer", "Join Type": "Inner", "Startup Cost": 0.0, "Total Cost": 335916.16, "Plan Rows": 2257, "Plan Width": 37, "Inner Unique": false, "Join Filter": "(t.id = mk.movie_id)", "Plans": [{"Node Type": "Nested Loop", "Parent Relationship": "Outer", "Join Type": "Inner", "Startup Cost": 0.0, "Total Cost": 335759.82, "Plan Rows": 278, "Plan Width": 29, "Inner Unique": true, "Join Filter": "(mc.company_type_id = ct.id)", "Plans": [{"Node Type": "Nested Loop", "Parent Relationship": "Outer", "Join Type": "Inner", "Startup Cost": 0.0, "Total Cost": 335737.27, "Plan Rows": 478, "Plan Width": 33, "Inner Unique": true, "Plans": [{"Node Type": "Nested Loop", "Parent Relationship": "Outer", "Join Type": "Inner", "Startup Cost": 0.0, "Total Cost": 335573.88, "Plan Rows": 568, "Plan Width": 37, "Inner Unique": false, "Plans": [{"Node Type": "Nested Loop", "Parent Relationship": "Outer", "Join Type": "Inner", "Startup Cost": 0.0, "Total Cost": 335476.03, "Plan Rows": 266, "Plan Width": 25, "Inner Unique": true, "Plans": [{"Node Type": "Nested Loop", "Parent Relationship": "Outer", "Join Type": "Inner", "Startup Cost": 0.0, "Total Cost": 334332.71, "Plan Rows": 192, "Plan Width": 4, "Inner Unique": false, "Join Filter": "(it1.id = mi.info_type_id)", "Plans": [{"Node Type": "Seq Scan", "Parent Relationship": "Outer", "Relation Name": "info_type", "Alias": "it1", "Startup Cost": 0.0, "Total Cost": 2.4, "Plan Rows": 1, "Plan Width": 4, "Filter": "((info)::text = 'release dates'::text)"}, {"Node Type": "Seq Scan", "Parent Relationship": "Inner", "Relation Name": "movie_info", "Alias": "mi", "Startup Cost": 0.0, "Total Cost": 334162.58, "Plan Rows": 13419, "Plan Width": 8, "Filter": "((note)::text ~~ '%internet%'::text)"}]}, {"Node Type": "Index Scan", "Parent Relationship": "Inner", "Scan Direction": "Forward", "Index Name": "title_pkey", "Relation Name": "title", "Alias": "t", "Startup Cost": 0.0, "Total Cost": 5.94, "Plan Rows": 1, "Plan Width": 21, "Index Cond": "(id = mi.movie_id)", "Filter": "(production_year > 1990)"}]}, {"Node Type": "Index Scan", "Parent Relationship": "Inner", "Scan Direction": "Forward", "Index Name": "movie_id_movie_companies", "Relation Name": "movie_companies", "Alias": "mc", "Startup Cost": 0.0, "Total Cost": 0.35, "Plan Rows": 2, "Plan Width": 12, "Index Cond": "(movie_id = t.id)"}]}, {"Node Type": "Index Scan", "Parent Relationship": "Inner", "Scan Direction": "Forward", "Index Name": "company_name_pkey", "Relation Name": "company_name", "Alias": "cn", "Startup Cost": 0.0, "Total Cost": 0.28, "Plan Rows": 1, "Plan Width": 4, "Index Cond": "(id = mc.company_id)", "Filter": "((country_code)::text = '[us]'::text)"}]}, {"Node Type": "Materialize", "Parent Relationship": "Inner", "Startup Cost": 0.0, "Total Cost": 1.04, "Plan Rows": 3, "Plan Width": 4, "Plans": [{"Node Type": "Seq Scan", "Parent Relationship": "Outer", "Relation Name": "company_type", "Alias": "ct", "Startup Cost": 0.0, "Total Cost": 1.03, "Plan Rows": 3, "Plan Width": 4}]}]}, {"Node Type": "Index Scan", "Parent Relationship": "Inner", "Scan Direction": "Forward", "Index Name": "movie_id_movie_keyword", "Relation Name": "movie_keyword", "Alias": "mk", "Startup Cost": 0.0, "Total Cost": 0.46, "Plan Rows": 8, "Plan Width": 8, "Index Cond": "(movie_id = mc.movie_id)"}]}, {"Node Type": "Index Scan", "Parent Relationship": "Inner", "Scan Direction": "Forward", "Index Name": "keyword_pkey", "Relation Name": "keyword", "Alias": "k", "Startup Cost": 0.0, "Total Cost": 0.27, "Plan Rows": 1, "Plan Width": 4, "Index Cond": "(id = mk.keyword_id)"}]}, {"Node Type": "Index Scan", "Parent Relationship": "Inner", "Scan Direction": "Forward", "Index Name": "movie_id_aka_title", "Relation Name": "aka_title", "Alias": "at", "Startup Cost": 0.0, "Total Cost": 0.32, "Plan Rows": 3, "Plan Width": 25, "Index Cond": "(movie_id = mk.movie_id)"}]}]}, "Unique SQL Id": 2302223328, "Planner Runtime": 26}, "explain_analyze_plan": null}, "(1, 125)": {"explain_plan": {"Plan": {"Node Type": "Aggregate", "Strategy": "Plain", "Startup Cost": 498760.67, "Total Cost": 498760.68, "Plan Rows": 1, "Plan Width": 102, "Plans": [{"Node Type": "Nested Loop", "Parent Relationship": "Outer", "Join Type": "Inner", "Startup Cost": 0.0, "Total Cost": 498726.48, "Plan Rows": 6838, "Plan Width": 38, "Inner Unique": false, "Join Filter": "(t.id = at.movie_id)", "Plans": [{"Node Type": "Nested Loop", "Parent Relationship": "Outer", "Join Type": "Inner", "Startup Cost": 0.0, "Total Cost": 497927.86, "Plan Rows": 2257, "Plan Width": 33, "Inner Unique": true, "Plans": [{"Node Type": "Nested Loop", "Parent Relationship": "Outer", "Join Type": "Inner", "Startup Cost": 0.0, "Total Cost": 497294.36, "Plan Rows": 2257, "Plan Width": 37, "Inner Unique": false, "Join Filter": "(t.id = mk.movie_id)", "Plans": [{"Node Type": "Nested Loop", "Parent Relationship": "Outer", "Join Type": "Inner", "Startup Cost": 0.0, "Total Cost": 497138.02, "Plan Rows": 278, "Plan Width": 29, "Inner Unique": true, "Join Filter": "(mc.company_type_id = ct.id)", "Plans": [{"Node Type": "Nested Loop", "Parent Relationship": "Outer", "Join Type": "Inner", "Startup Cost": 0.0, "Total Cost": 497104.2, "Plan Rows": 478, "Plan Width": 33, "Inner Unique": true, "Plans": [{"Node Type": "Nested Loop", "Parent Relationship": "Outer", "Join Type": "Inner", "Startup Cost": 0.0, "Total Cost": 496940.81, "Plan Rows": 568, "Plan Width": 37, "Inner Unique": false, "Plans": [{"Node Type": "Nested Loop", "Parent Relationship": "Outer", "Join Type": "Inner", "Startup Cost": 0.0, "Total Cost": 496842.96, "Plan Rows": 266, "Plan Width": 25, "Inner Unique": true, "Plans": [{"Node Type": "Nested Loop", "Parent Relationship": "Outer", "Join Type": "Inner", "Startup Cost": 0.0, "Total Cost": 495699.65, "Plan Rows": 192, "Plan Width": 4, "Inner Unique": false, "Plans": [{"Node Type": "Index Scan", "Parent Relationship": "Outer", "Scan Direction": "Forward", "Index Name": "info_type_pkey", "Relation Name": "info_type", "Alias": "it1", "Startup Cost": 0.0, "Total Cost": 14.21, "Plan Rows": 1, "Plan Width": 4, "Filter": "((info)::text = 'release dates'::text)"}, {"Node Type": "Index Scan", "Parent Relationship": "Inner", "Scan Direction": "Forward", "Index Name": "info_type_id_movie_info", "Relation Name": "movie_info", "Alias": "mi", "Startup Cost": 0.0, "Total Cost": 495683.52, "Plan Rows": 192, "Plan Width": 8, "Index Cond": "(info_type_id = it1.id)", "Filter": "((note)::text ~~ '%internet%'::text)"}]}, {"Node Type": "Index Scan", "Parent Relationship": "Inner", "Scan Direction": "Forward", "Index Name": "title_pkey", "Relation Name": "title", "Alias": "t", "Startup Cost": 0.0, "Total Cost": 5.94, "Plan Rows": 1, "Plan Width": 21, "Index Cond": "(id = mi.movie_id)", "Filter": "(production_year > 1990)"}]}, {"Node Type": "Index Scan", "Parent Relationship": "Inner", "Scan Direction": "Forward", "Index Name": "movie_id_movie_companies", "Relation Name": "movie_companies", "Alias": "mc", "Startup Cost": 0.0, "Total Cost": 0.35, "Plan Rows": 2, "Plan Width": 12, "Index Cond": "(movie_id = t.id)"}]}, {"Node Type": "Index Scan", "Parent Relationship": "Inner", "Scan Direction": "Forward", "Index Name": "company_name_pkey", "Relation Name": "company_name", "Alias": "cn", "Startup Cost": 0.0, "Total Cost": 0.28, "Plan Rows": 1, "Plan Width": 4, "Index Cond": "(id = mc.company_id)", "Filter": "((country_code)::text = '[us]'::text)"}]}, {"Node Type": "Materialize", "Parent Relationship": "Inner", "Startup Cost": 0.0, "Total Cost": 12.31, "Plan Rows": 3, "Plan Width": 4, "Plans": [{"Node Type": "Index Scan", "Parent Relationship": "Outer", "Scan Direction": "Forward", "Index Name": "company_type_pkey", "Relation Name": "company_type", "Alias": "ct", "Startup Cost": 0.0, "Total Cost": 12.29, "Plan Rows": 3, "Plan Width": 4}]}]}, {"Node Type": "Index Scan", "Parent Relationship": "Inner", "Scan Direction": "Forward", "Index Name": "movie_id_movie_keyword", "Relation Name": "movie_keyword", "Alias": "mk", "Startup Cost": 0.0, "Total Cost": 0.46, "Plan Rows": 8, "Plan Width": 8, "Index Cond": "(movie_id = mc.movie_id)"}]}, {"Node Type": "Index Scan", "Parent Relationship": "Inner", "Scan Direction": "Forward", "Index Name": "keyword_pkey", "Relation Name": "keyword", "Alias": "k", "Startup Cost": 0.0, "Total Cost": 0.27, "Plan Rows": 1, "Plan Width": 4, "Index Cond": "(id = mk.keyword_id)"}]}, {"Node Type": "Index Scan", "Parent Relationship": "Inner", "Scan Direction": "Forward", "Index Name": "movie_id_aka_title", "Relation Name": "aka_title", "Alias": "at", "Startup Cost": 0.0, "Total Cost": 0.32, "Plan Rows": 3, "Plan Width": 25, "Index Cond": "(movie_id = mk.movie_id)"}]}]}, "Unique SQL Id": 2302223328, "Planner Runtime": 25}, "explain_analyze_plan": {"Plan": {"Node Type": "Aggregate", "Strategy": "Plain", "Startup Cost": 498760.67, "Total Cost": 498760.68, "Plan Rows": 1, "Plan Width": 102, "Actual Startup Time": 2049.049, "Actual Total Time": 2049.049, "Actual Rows": 1, "Actual Loops": 1, "Plans": [{"Node Type": "Nested Loop", "Parent Relationship": "Outer", "Join Type": "Inner", "Startup Cost": 0.0, "Total Cost": 498726.48, "Plan Rows": 6838, "Plan Width": 38, "Actual Startup Time": 56.537, "Actual Total Time": 2046.139, "Actual Rows": 4371, "Actual Loops": 1, "Inner Unique": false, "Join Filter": "(t.id = at.movie_id)", "Rows Removed by Join Filter": 0, "Plans": [{"Node Type": "Nested Loop", "Parent Relationship": "Outer", "Join Type": "Inner", "Startup Cost": 0.0, "Total Cost": 497927.86, "Plan Rows": 2257, "Plan Width": 33, "Actual Startup Time": 0.241, "Actual Total Time": 2001.751, "Actual Rows": 14161, "Actual Loops": 1, "Inner Unique": true, "Plans": [{"Node Type": "Nested Loop", "Parent Relationship": "Outer", "Join Type": "Inner", "Startup Cost": 0.0, "Total Cost": 497294.36, "Plan Rows": 2257, "Plan Width": 37, "Actual Startup Time": 0.233, "Actual Total Time": 1934.624, "Actual Rows": 14161, "Actual Loops": 1, "Inner Unique": false, "Join Filter": "(t.id = mk.movie_id)", "Rows Removed by Join Filter": 0, "Plans": [{"Node Type": "Nested Loop", "Parent Relationship": "Outer", "Join Type": "Inner", "Startup Cost": 0.0, "Total Cost": 497138.02, "Plan Rows": 278, "Plan Width": 29, "Actual Startup Time": 0.221, "Actual Total Time": 1889.791, "Actual Rows": 5914, "Actual Loops": 1, "Inner Unique": true, "Join Filter": "(mc.company_type_id = ct.id)", "Rows Removed by Join Filter": 11829, "Plans": [{"Node Type": "Nested Loop", "Parent Relationship": "Outer", "Join Type": "Inner", "Startup Cost": 0.0, "Total Cost": 497104.2, "Plan Rows": 478, "Plan Width": 33, "Actual Startup Time": 0.12, "Actual Total Time": 1880.459, "Actual Rows": 9857, "Actual Loops": 1, "Inner Unique": true, "Plans": [{"Node Type": "Nested Loop", "Parent Relationship": "Outer", "Join Type": "Inner", "Startup Cost": 0.0, "Total Cost": 496940.81, "Plan Rows": 568, "Plan Width": 37, "Actual Startup Time": 0.107, "Actual Total Time": 1796.731, "Actual Rows": 14377, "Actual Loops": 1, "Inner Unique": false, "Plans": [{"Node Type": "Nested Loop", "Parent Relationship": "Outer", "Join Type": "Inner", "Startup Cost": 0.0, "Total Cost": 496842.96, "Plan Rows": 266, "Plan Width": 25, "Actual Startup Time": 0.097, "Actual Total Time": 1724.167, "Actual Rows": 10662, "Actual Loops": 1, "Inner Unique": true, "Plans": [{"Node Type": "Nested Loop", "Parent Relationship": "Outer", "Join Type": "Inner", "Startup Cost": 0.0, "Total Cost": 495699.65, "Plan Rows": 192, "Plan Width": 4, "Actual Startup Time": 0.082, "Actual Total Time": 1653.846, "Actual Rows": 10679, "Actual Loops": 1, "Inner Unique": false, "Plans": [{"Node Type": "Index Scan", "Parent Relationship": "Outer", "Scan Direction": "Forward", "Index Name": "info_type_pkey", "Relation Name": "info_type", "Alias": "it1", "Startup Cost": 0.0, "Total Cost": 14.21, "Plan Rows": 1, "Plan Width": 4, "Actual Startup Time": 0.053, "Actual Total Time": 0.11, "Actual Rows": 1, "Actual Loops": 1, "Filter": "((info)::text = 'release dates'::text)", "Rows Removed by Filter": 111}, {"Node Type": "Index Scan", "Parent Relationship": "Inner", "Scan Direction": "Forward", "Index Name": "info_type_id_movie_info", "Relation Name": "movie_info", "Alias": "mi", "Startup Cost": 0.0, "Total Cost": 495683.52, "Plan Rows": 192, "Plan Width": 8, "Actual Startup Time": 0.024, "Actual Total Time": 1650.865, "Actual Rows": 10679, "Actual Loops": 1, "Index Cond": "(info_type_id = it1.id)", "Rows Removed by Index Recheck": 0, "Filter": "((note)::text ~~ '%internet%'::text)", "Rows Removed by Filter": 3026040}]}, {"Node Type": "Index Scan", "Parent Relationship": "Inner", "Scan Direction": "Forward", "Index Name": "title_pkey", "Relation Name": "title", "Alias": "t", "Startup Cost": 0.0, "Total Cost": 5.94, "Plan Rows": 1, "Plan Width": 21, "Actual Startup Time": 59.573, "Actual Total Time": 59.573, "Actual Rows": 10662, "Actual Loops": 10679, "Index Cond": "(id = mi.movie_id)", "Rows Removed by Index Recheck": 0, "Filter": "(production_year > 1990)", "Rows Removed by Filter": 17}]}, {"Node Type": "Index Scan", "Parent Relationship": "Inner", "Scan Direction": "Forward", "Index Name": "movie_id_movie_companies", "Relation Name": "movie_companies", "Alias": "mc", "Startup Cost": 0.0, "Total Cost": 0.35, "Plan Rows": 2, "Plan Width": 12, "Actual Startup Time": 50.709, "Actual Total Time": 62.718, "Actual Rows": 14377, "Actual Loops": 10662, "Index Cond": "(movie_id = t.id)", "Rows Removed by Index Recheck": 0}]}, {"Node Type": "Index Scan", "Parent Relationship": "Inner", "Scan Direction": "Forward", "Index Name": "company_name_pkey", "Relation Name": "company_name", "Alias": "cn", "Startup Cost": 0.0, "Total Cost": 0.28, "Plan Rows": 1, "Plan Width": 4, "Actual Startup Time": 72.604, "Actual Total Time": 72.604, "Actual Rows": 9857, "Actual Loops": 14377, "Index Cond": "(id = mc.company_id)", "Rows Removed by Index Recheck": 0, "Filter": "((country_code)::text = '[us]'::text)", "Rows Removed by Filter": 4520}]}, {"Node Type": "Materialize", "Parent Relationship": "Inner", "Startup Cost": 0.0, "Total Cost": 12.31, "Plan Rows": 3, "Plan Width": 4, "Actual Startup Time": 1.246, "Actual Total Time": 2.36, "Actual Rows": 17743, "Actual Loops": 9857, "Plans": [{"Node Type": "Index Scan", "Parent Relationship": "Outer", "Scan Direction": "Forward", "Index Name": "company_type_pkey", "Relation Name": "company_type", "Alias": "ct", "Startup Cost": 0.0, "Total Cost": 12.29, "Plan Rows": 3, "Plan Width": 4, "Actual Startup Time": 0.004, "Actual Total Time": 0.007, "Actual Rows": 3, "Actual Loops": 1}]}]}, {"Node Type": "Index Scan", "Parent Relationship": "Inner", "Scan Direction": "Forward", "Index Name": "movie_id_movie_keyword", "Relation Name": "movie_keyword", "Alias": "mk", "Startup Cost": 0.0, "Total Cost": 0.46, "Plan Rows": 8, "Plan Width": 8, "Actual Startup Time": 28.778, "Actual Total Time": 35.114, "Actual Rows": 14161, "Actual Loops": 5914, "Index Cond": "(movie_id = mc.movie_id)", "Rows Removed by Index Recheck": 0}]}, {"Node Type": "Index Scan", "Parent Relationship": "Inner", "Scan Direction": "Forward", "Index Name": "keyword_pkey", "Relation Name": "keyword", "Alias": "k", "Startup Cost": 0.0, "Total Cost": 0.27, "Plan Rows": 1, "Plan Width": 4, "Actual Startup Time": 55.614, "Actual Total Time": 55.614, "Actual Rows": 14161, "Actual Loops": 14161, "Index Cond": "(id = mk.keyword_id)", "Rows Removed by Index Recheck": 0}]}, {"Node Type": "Index Scan", "Parent Relationship": "Inner", "Scan Direction": "Forward", "Index Name": "movie_id_aka_title", "Relation Name": "aka_title", "Alias": "at", "Startup Cost": 0.0, "Total Cost": 0.32, "Plan Rows": 3, "Plan Width": 25, "Actual Startup Time": 32.919, "Actual Total Time": 35.176, "Actual Rows": 4371, "Actual Loops": 14161, "Index Cond": "(movie_id = mk.movie_id)", "Rows Removed by Index Recheck": 0}]}]}, "Triggers": [], "Planner Runtime": 25, "Total Runtime": 2049.598, "Unique SQL Id": 2302223328}}, "(1, 126)": {"explain_plan": {"Plan": {"Node Type": "Aggregate", "Strategy": "Plain", "Startup Cost": 49478457.63, "Total Cost": 49478457.64, "Plan Rows": 1, "Plan Width": 102, "Plans": [{"Node Type": "Nested Loop", "Parent Relationship": "Outer", "Join Type": "Inner", "Startup Cost": 0.0, "Total Cost": 49478423.44, "Plan Rows": 6838, "Plan Width": 38, "Inner Unique": false, "Join Filter": "(t.id = at.movie_id)", "Plans": [{"Node Type": "Seq Scan", "Parent Relationship": "Outer", "Relation Name": "aka_title", "Alias": "at", "Startup Cost": 0.0, "Total Cost": 9894.71, "Plan Rows": 361471, "Plan Width": 25}, {"Node Type": "Materialize", "Parent Relationship": "Inner", "Startup Cost": 0.0, "Total Cost": 37230933.67, "Plan Rows": 2257, "Plan Width": 33, "Plans": [{"Node Type": "Nested Loop", "Parent Relationship": "Outer", "Join Type": "Inner", "Startup Cost": 0.0, "Total Cost": 37230922.38, "Plan Rows": 2257, "Plan Width": 33, "Inner Unique": false, "Join Filter": "(mk.keyword_id = k.id)", "Plans": [{"Node Type": "Seq Scan", "Parent Relationship": "Outer", "Relation Name": "keyword", "Alias": "k", "Startup Cost": 0.0, "Total Cost": 2100.69, "Plan Rows": 134169, "Plan Width": 4}, {"Node Type": "Materialize", "Parent Relationship": "Inner", "Startup Cost": 0.0, "Total Cost": 32686535.84, "Plan Rows": 2257, "Plan Width": 37, "Plans": [{"Node Type": "Nested Loop", "Parent Relationship": "Outer", "Join Type": "Inner", "Startup Cost": 0.0, "Total Cost": 32686524.55, "Plan Rows": 2257, "Plan Width": 37, "Inner Unique": false, "Join Filter": "(t.id = mk.movie_id)", "Plans": [{"Node Type": "Seq Scan", "Parent Relationship": "Outer", "Relation Name": "movie_keyword", "Alias": "mk", "Startup Cost": 0.0, "Total Cost": 62441.29, "Plan Rows": 4523929, "Plan Width": 8}, {"Node Type": "Materialize", "Parent Relationship": "Inner", "Startup Cost": 0.0, "Total Cost": 13759300.03, "Plan Rows": 278, "Plan Width": 29, "Plans": [{"Node Type": "Nested Loop", "Parent Relationship": "Outer", "Join Type": "Inner", "Startup Cost": 0.0, "Total Cost": 13759298.64, "Plan Rows": 278, "Plan Width": 29, "Inner Unique": false, "Join Filter": "(mi.movie_id = t.id)", "Plans": [{"Node Type": "Seq Scan", "Parent Relationship": "Outer", "Relation Name": "title", "Alias": "t", "Startup Cost": 0.0, "Total Cost": 66389.89, "Plan Rows": 1748840, "Plan Width": 21, "Filter": "(production_year > 1990), (LLVM Optimized)"}, {"Node Type": "Materialize", "Parent Relationship": "Inner", "Startup Cost": 0.0, "Total Cost": 8420156.66, "Plan Rows": 201, "Plan Width": 8, "Plans": [{"Node Type": "Nested Loop", "Parent Relationship": "Outer", "Join Type": "Inner", "Startup Cost": 0.0, "Total Cost": 8420155.65, "Plan Rows": 201, "Plan Width": 8, "Inner Unique": true, "Join Filter": "(mc.company_type_id = ct.id)", "Plans": [{"Node Type": "Nested Loop", "Parent Relationship": "Outer", "Join Type": "Inner", "Startup Cost": 0.0, "Total Cost": 8420139.09, "Plan Rows": 345, "Plan Width": 12, "Inner Unique": false, "Join Filter": "(mc.company_id = cn.id)", "Plans": [{"Node Type": "Seq Scan", "Parent Relationship": "Outer", "Relation Name": "company_name", "Alias": "cn", "Startup Cost": 0.0, "Total Cost": 5903.45, "Plan Rows": 85170, "Plan Width": 4, "Filter": "((country_code)::text = '[us]'::text)"}, {"Node Type": "Materialize", "Parent Relationship": "Inner", "Startup Cost": 0.0, "Total Cost": 7890441.16, "Plan Rows": 410, "Plan Width": 16, "Plans": [{"Node Type": "Nested Loop", "Parent Relationship": "Outer", "Join Type": "Inner", "Startup Cost": 0.0, "Total Cost": 7890439.11, "Plan Rows": 410, "Plan Width": 16, "Inner Unique": false, "Join Filter": "(mi.movie_id = mc.movie_id)", "Plans": [{"Node Type": "Seq Scan", "Parent Relationship": "Outer", "Relation Name": "movie_companies", "Alias": "mc", "Startup Cost": 0.0, "Total Cost": 41817.28, "Plan Rows": 2609128, "Plan Width": 12}, {"Node Type": "Materialize", "Parent Relationship": "Inner", "Startup Cost": 0.0, "Total Cost": 334333.67, "Plan Rows": 192, "Plan Width": 4, "Plans": [{"Node Type": "Nested Loop", "Parent Relationship": "Outer", "Join Type": "Inner", "Startup Cost": 0.0, "Total Cost": 334332.71, "Plan Rows": 192, "Plan Width": 4, "Inner Unique": false, "Join Filter": "(it1.id = mi.info_type_id)", "Plans": [{"Node Type": "Seq Scan", "Parent Relationship": "Outer", "Relation Name": "info_type", "Alias": "it1", "Startup Cost": 0.0, "Total Cost": 2.4, "Plan Rows": 1, "Plan Width": 4, "Filter": "((info)::text = 'release dates'::text)"}, {"Node Type": "Seq Scan", "Parent Relationship": "Inner", "Relation Name": "movie_info", "Alias": "mi", "Startup Cost": 0.0, "Total Cost": 334162.58, "Plan Rows": 13419, "Plan Width": 8, "Filter": "((note)::text ~~ '%internet%'::text)"}]}]}]}]}]}, {"Node Type": "Materialize", "Parent Relationship": "Inner", "Startup Cost": 0.0, "Total Cost": 1.04, "Plan Rows": 3, "Plan Width": 4, "Plans": [{"Node Type": "Seq Scan", "Parent Relationship": "Outer", "Relation Name": "company_type", "Alias": "ct", "Startup Cost": 0.0, "Total Cost": 1.03, "Plan Rows": 3, "Plan Width": 4}]}]}]}]}]}]}]}]}]}]}]}, "Unique SQL Id": 2302223328, "Planner Runtime": 26}, "explain_analyze_plan": null}, "(1, 127)": {"explain_plan": {"Plan": {"Node Type": "Aggregate", "Strategy": "Plain", "Startup Cost": 9000196088641.51, "Total Cost": 9000196088641.52, "Plan Rows": 1, "Plan Width": 102, "Plans": [{"Node Type": "Nested Loop", "Parent Relationship": "Outer", "Join Type": "Inner", "Startup Cost": 90000000000.0, "Total Cost": 9000196088607.32, "Plan Rows": 6838, "Plan Width": 38, "Inner Unique": false, "Join Filter": "(t.id = at.movie_id)", "Plans": [{"Node Type": "Nested Loop", "Parent Relationship": "Outer", "Join Type": "Inner", "Startup Cost": 80000000000.0, "Total Cost": 8000181860101.8, "Plan Rows": 2257, "Plan Width": 33, "Inner Unique": true, "Join Filter": "(mk.keyword_id = k.id)", "Plans": [{"Node Type": "Nested Loop", "Parent Relationship": "Outer", "Join Type": "Inner", "Startup Cost": 70000000000.0, "Total Cost": 7000177032745.45, "Plan Rows": 2257, "Plan Width": 37, "Inner Unique": false, "Join Filter": "(t.id = mk.movie_id)", "Plans": [{"Node Type": "Index Scan", "Parent Relationship": "Outer", "Scan Direction": "Forward", "Index Name": "movie_id_movie_keyword", "Relation Name": "movie_keyword", "Alias": "mk", "Startup Cost": 10000000000.0, "Total Cost": 1000015300634.17, "Plan Rows": 4523929, "Plan Width": 8}, {"Node Type": "Materialize", "Parent Relationship": "Inner", "Startup Cost": 60000000000.0, "Total Cost": 6000142867328.05, "Plan Rows": 278, "Plan Width": 29, "Plans": [{"Node Type": "Nested Loop", "Parent Relationship": "Outer", "Join Type": "Inner", "Startup Cost": 60000000000.0, "Total Cost": 6000142867326.66, "Plan Rows": 278, "Plan Width": 29, "Inner Unique": false, "Join Filter": "(mi.movie_id = t.id)", "Plans": [{"Node Type": "Index Scan", "Parent Relationship": "Outer", "Scan Direction": "Forward", "Index Name": "title_pkey", "Relation Name": "title", "Alias": "t", "Startup Cost": 10000000000.0, "Total Cost": 1000011644126.66, "Plan Rows": 1748840, "Plan Width": 21, "Filter": "(production_year > 1990), (LLVM Optimized)"}, {"Node Type": "Materialize", "Parent Relationship": "Inner", "Startup Cost": 50000000000.0, "Total Cost": 5000125950447.9, "Plan Rows": 201, "Plan Width": 8, "Plans": [{"Node Type": "Nested Loop", "Parent Relationship": "Outer", "Join Type": "Inner", "Startup Cost": 50000000000.0, "Total Cost": 5000125950446.89, "Plan Rows": 201, "Plan Width": 8, "Inner Unique": true, "Join Filter": "(mc.company_type_id = ct.id)", "Plans": [{"Node Type": "Nested Loop", "Parent Relationship": "Outer", "Join Type": "Inner", "Startup Cost": 40000000000.0, "Total Cost": 4000125949201.86, "Plan Rows": 345, "Plan Width": 12, "Inner Unique": true, "Join Filter": "(mc.company_id = cn.id)", "Plans": [{"Node Type": "Nested Loop", "Parent Relationship": "Outer", "Join Type": "Inner", "Startup Cost": 30000000000.0, "Total Cost": 3000124375054.46, "Plan Rows": 410, "Plan Width": 16, "Inner Unique": false, "Join Filter": "(mi.movie_id = mc.movie_id)", "Plans": [{"Node Type": "Nested Loop", "Parent Relationship": "Outer", "Join Type": "Inner", "Startup Cost": 20000000000.0, "Total Cost": 2000107536026.0, "Plan Rows": 192, "Plan Width": 4, "Inner Unique": true, "Join Filter": "(it1.id = mi.info_type_id)", "Plans": [{"Node Type": "Index Scan", "Parent Relationship": "Outer", "Scan Direction": "Forward", "Index Name": "movie_id_movie_info", "Relation Name": "movie_info", "Alias": "mi", "Startup Cost": 10000000000.0, "Total Cost": 1000107534403.72, "Plan Rows": 13419, "Plan Width": 8, "Filter": "((note)::text ~~ '%internet%'::text)"}, {"Node Type": "Materialize", "Parent Relationship": "Inner", "Startup Cost": 10000000000.0, "Total Cost": 1000000001421.0, "Plan Rows": 1, "Plan Width": 4, "Plans": [{"Node Type": "Index Scan", "Parent Relationship": "Outer", "Scan Direction": "Forward", "Index Name": "info_type_pkey", "Relation Name": "info_type", "Alias": "it1", "Startup Cost": 10000000000.0, "Total Cost": 1000000001421.0, "Plan Rows": 1, "Plan Width": 4, "Filter": "((info)::text = 'release dates'::text)"}]}]}, {"Node Type": "Materialize", "Parent Relationship": "Inner", "Startup Cost": 10000000000.0, "Total Cost": 1000009331262.64, "Plan Rows": 2609128, "Plan Width": 12, "Plans": [{"Node Type": "Index Scan", "Parent Relationship": "Outer", "Scan Direction": "Forward", "Index Name": "company_type_id_movie_companies", "Relation Name": "movie_companies", "Alias": "mc", "Startup Cost": 10000000000.0, "Total Cost": 1000009318217.0, "Plan Rows": 2609128, "Plan Width": 12}]}]}, {"Node Type": "Materialize", "Parent Relationship": "Inner", "Startup Cost": 10000000000.0, "Total Cost": 1000001050564.82, "Plan Rows": 85170, "Plan Width": 4, "Plans": [{"Node Type": "Index Scan", "Parent Relationship": "Outer", "Scan Direction": "Forward", "Index Name": "company_name_pkey", "Relation Name": "company_name", "Alias": "cn", "Startup Cost": 10000000000.0, "Total Cost": 1000001050138.97, "Plan Rows": 85170, "Plan Width": 4, "Filter": "((country_code)::text = '[us]'::text)"}]}]}, {"Node Type": "Materialize", "Parent Relationship": "Inner", "Startup Cost": 10000000000.0, "Total Cost": 1000000001229.52, "Plan Rows": 3, "Plan Width": 4, "Plans": [{"Node Type": "Index Scan", "Parent Relationship": "Outer", "Scan Direction": "Forward", "Index Name": "company_type_pkey", "Relation Name": "company_type", "Alias": "ct", "Startup Cost": 10000000000.0, "Total Cost": 1000000001229.5, "Plan Rows": 3, "Plan Width": 4}]}]}]}]}]}]}, {"Node Type": "Materialize", "Parent Relationship": "Inner", "Startup Cost": 10000000000.0, "Total Cost": 1000000285400.28, "Plan Rows": 134169, "Plan Width": 4, "Plans": [{"Node Type": "Index Scan", "Parent Relationship": "Outer", "Scan Direction": "Forward", "Index Name": "keyword_pkey", "Relation Name": "keyword", "Alias": "k", "Startup Cost": 10000000000.0, "Total Cost": 1000000284729.43, "Plan Rows": 134169, "Plan Width": 4}]}]}, {"Node Type": "Materialize", "Parent Relationship": "Inner", "Startup Cost": 10000000000.0, "Total Cost": 1000001991808.49, "Plan Rows": 361471, "Plan Width": 25, "Plans": [{"Node Type": "Index Scan", "Parent Relationship": "Outer", "Scan Direction": "Forward", "Index Name": "movie_id_aka_title", "Relation Name": "aka_title", "Alias": "at", "Startup Cost": 10000000000.0, "Total Cost": 1000001990001.13, "Plan Rows": 361471, "Plan Width": 25}]}]}]}, "Unique SQL Id": 2302223328, "Planner Runtime": 25}, "explain_analyze_plan": null}, "(16, 0)": {"explain_plan": {"Plan": {"Node Type": "Aggregate", "Strategy": "Plain", "Startup Cost": 40161.79, "Total Cost": 40161.8, "Plan Rows": 1, "Plan Width": 102, "Plans": [{"Node Type": "Nested Loop", "Parent Relationship": "Outer", "Join Type": "Inner", "Startup Cost": 0.0, "Total Cost": 40126.58, "Plan Rows": 7042, "Plan Width": 38, "Inner Unique": true, "Plans": [{"Node Type": "Nested Loop", "Parent Relationship": "Outer", "Join Type": "Inner", "Startup Cost": 0.0, "Total Cost": 38154.75, "Plan Rows": 7042, "Plan Width": 42, "Inner Unique": false, "Join Filter": "(t.id = mk.movie_id)", "Plans": [{"Node Type": "Nested Loop", "Parent Relationship": "Outer", "Join Type": "Inner", "Startup Cost": 0.0, "Total Cost": 37663.77, "Plan Rows": 873, "Plan Width": 54, "Inner Unique": true, "Join Filter": "(at.movie_id = t.id)", "Plans": [{"Node Type": "Nested Loop", "Parent Relationship": "Outer", "Join Type": "Inner", "Startup Cost": 0.0, "Total Cost": 37441.69, "Plan Rows": 630, "Plan Width": 33, "Inner Unique": true, "Join Filter": "(mc.company_type_id = ct.id)", "Plans": [{"Node Type": "Nested Loop", "Parent Relationship": "Outer", "Join Type": "Inner", "Startup Cost": 0.0, "Total Cost": 37412.3, "Plan Rows": 630, "Plan Width": 37, "Inner Unique": true, "Plans": [{"Node Type": "Nested Loop", "Parent Relationship": "Outer", "Join Type": "Inner", "Startup Cost": 0.0, "Total Cost": 37109.68, "Plan Rows": 1052, "Plan Width": 41, "Inner Unique": false, "Plans": [{"Node Type": "Nested Loop", "Parent Relationship": "Outer", "Join Type": "Inner", "Startup Cost": 0.0, "Total Cost": 36820.6, "Plan Rows": 490, "Plan Width": 29, "Inner Unique": false, "Plans": [{"Node Type": "Nested Loop", "Parent Relationship": "Outer", "Join Type": "Inner", "Startup Cost": 0.0, "Total Cost": 36344.91, "Plan Rows": 192, "Plan Width": 4, "Inner Unique": false, "Join Filter": "(it1.id = mi.info_type_id)", "Plans": [{"Node Type": "Seq Scan", "Parent Relationship": "Outer", "Relation Name": "info_type", "Alias": "it1", "Startup Cost": 0.0, "Total Cost": 2.4, "Plan Rows": 1, "Plan Width": 4, "Filter": "((info)::text = 'release dates'::text)"}, {"Node Type": "Materialize", "Parent Relationship": "Inner", "Startup Cost": 0.0, "Total Cost": 36208.32, "Plan Rows": 13419, "Plan Width": 8, "Plans": [{"Node Type": "Streaming(type: LOCAL GATHER dop: 1/16)", "Parent Relationship": "Outer", "Startup Cost": 0.0, "Total Cost": 36174.77, "Plan Rows": 13419, "Plan Width": 8, "Plans": [{"Node Type": "Seq Scan", "Parent Relationship": "Outer", "Relation Name": "movie_info", "Alias": "mi", "Startup Cost": 0.0, "Total Cost": 35885.16, "Plan Rows": 13419, "Plan Width": 8, "Filter": "((note)::text ~~ '%internet%'::text)"}]}]}]}, {"Node Type": "Index Scan", "Parent Relationship": "Inner", "Scan Direction": "Forward", "Index Name": "movie_id_aka_title", "Relation Name": "aka_title", "Alias": "at", "Startup Cost": 0.0, "Total Cost": 2.45, "Plan Rows": 3, "Plan Width": 25, "Index Cond": "(movie_id = mi.movie_id)"}]}, {"Node Type": "Index Scan", "Parent Relationship": "Inner", "Scan Direction": "Forward", "Index Name": "movie_id_movie_companies", "Relation Name": "movie_companies", "Alias": "mc", "Startup Cost": 0.0, "Total Cost": 0.57, "Plan Rows": 2, "Plan Width": 12, "Index Cond": "(movie_id = at.movie_id)"}]}, {"Node Type": "Index Scan", "Parent Relationship": "Inner", "Scan Direction": "Forward", "Index Name": "company_name_pkey", "Relation Name": "company_name", "Alias": "cn", "Startup Cost": 0.0, "Total Cost": 0.28, "Plan Rows": 1, "Plan Width": 4, "Index Cond": "(id = mc.company_id)", "Filter": "((country_code)::text = '[us]'::text)"}]}, {"Node Type": "Materialize", "Parent Relationship": "Inner", "Startup Cost": 0.0, "Total Cost": 1.04, "Plan Rows": 3, "Plan Width": 4, "Plans": [{"Node Type": "Seq Scan", "Parent Relationship": "Outer", "Relation Name": "company_type", "Alias": "ct", "Startup Cost": 0.0, "Total Cost": 1.03, "Plan Rows": 3, "Plan Width": 4}]}]}, {"Node Type": "Index Scan", "Parent Relationship": "Inner", "Scan Direction": "Forward", "Index Name": "title_pkey", "Relation Name": "title", "Alias": "t", "Startup Cost": 0.0, "Total Cost": 0.34, "Plan Rows": 1, "Plan Width": 21, "Index Cond": "(id = mc.movie_id)", "Filter": "(production_year > 1990)"}]}, {"Node Type": "Index Scan", "Parent Relationship": "Inner", "Scan Direction": "Forward", "Index Name": "movie_id_movie_keyword", "Relation Name": "movie_keyword", "Alias": "mk", "Startup Cost": 0.0, "Total Cost": 0.46, "Plan Rows": 8, "Plan Width": 8, "Index Cond": "(movie_id = mc.movie_id)"}]}, {"Node Type": "Index Only Scan", "Parent Relationship": "Inner", "Scan Direction": "Forward", "Index Name": "keyword_pkey", "Relation Name": "keyword", "Alias": "k", "Startup Cost": 0.0, "Total Cost": 0.27, "Plan Rows": 1, "Plan Width": 4, "Index Cond": "(id = mk.keyword_id)"}]}]}, "Unique SQL Id": 2302223328, "Planner Runtime": 389}, "explain_analyze_plan": {"Plan": {"Node Type": "Aggregate", "Strategy": "Plain", "Startup Cost": 40161.79, "Total Cost": 40161.8, "Plan Rows": 1, "Plan Width": 102, "Actual Min Startup Time": 347.243, "Actual Max Startup Time": 347.243, "Actual Min Total Time": 347.244, "Actual Max Total Time": 347.244, "Plans": [{"Node Type": "Nested Loop", "Parent Relationship": "Outer", "Join Type": "Inner", "Startup Cost": 0.0, "Total Cost": 40126.58, "Plan Rows": 7042, "Plan Width": 38, "Actual Min Startup Time": 271.981, "Actual Max Startup Time": 271.981, "Actual Min Total Time": 344.504, "Actual Max Total Time": 344.504, "Inner Unique": true, "Plans": [{"Node Type": "Nested Loop", "Parent Relationship": "Outer", "Join Type": "Inner", "Startup Cost": 0.0, "Total Cost": 38154.75, "Plan Rows": 7042, "Plan Width": 42, "Actual Min Startup Time": 271.966, "Actual Max Startup Time": 271.966, "Actual Min Total Time": 330.69, "Actual Max Total Time": 330.69, "Inner Unique": false, "Join Filter": "(t.id = mk.movie_id)", "Rows Removed by Join Filter": 0, "Plans": [{"Node Type": "Nested Loop", "Parent Relationship": "Outer", "Join Type": "Inner", "Startup Cost": 0.0, "Total Cost": 37663.77, "Plan Rows": 873, "Plan Width": 54, "Actual Min Startup Time": 271.41, "Actual Max Startup Time": 271.41, "Actual Min Total Time": 324.84, "Actual Max Total Time": 324.84, "Inner Unique": true, "Join Filter": "(at.movie_id = t.id)", "Rows Removed by Join Filter": 0, "Plans": [{"Node Type": "Nested Loop", "Parent Relationship": "Outer", "Join Type": "Inner", "Startup Cost": 0.0, "Total Cost": 37441.69, "Plan Rows": 630, "Plan Width": 33, "Actual Min Startup Time": 271.392, "Actual Max Startup Time": 271.392, "Actual Min Total Time": 322.584, "Actual Max Total Time": 322.584, "Inner Unique": true, "Join Filter": "(mc.company_type_id = ct.id)", "Rows Removed by Join Filter": 1542, "Plans": [{"Node Type": "Nested Loop", "Parent Relationship": "Outer", "Join Type": "Inner", "Startup Cost": 0.0, "Total Cost": 37412.3, "Plan Rows": 630, "Plan Width": 37, "Actual Min Startup Time": 271.364, "Actual Max Startup Time": 271.364, "Actual Min Total Time": 321.707, "Actual Max Total Time": 321.707, "Inner Unique": true, "Plans": [{"Node Type": "Nested Loop", "Parent Relationship": "Outer", "Join Type": "Inner", "Startup Cost": 0.0, "Total Cost": 37109.68, "Plan Rows": 1052, "Plan Width": 41, "Actual Min Startup Time": 271.348, "Actual Max Startup Time": 271.348, "Actual Min Total Time": 311.624, "Actual Max Total Time": 311.624, "Inner Unique": false, "Plans": [{"Node Type": "Nested Loop", "Parent Relationship": "Outer", "Join Type": "Inner", "Startup Cost": 0.0, "Total Cost": 36820.6, "Plan Rows": 490, "Plan Width": 29, "Actual Min Startup Time": 271.325, "Actual Max Startup Time": 271.325, "Actual Min Total Time": 306.687, "Actual Max Total Time": 306.687, "Inner Unique": false, "Plans": [{"Node Type": "Nested Loop", "Parent Relationship": "Outer", "Join Type": "Inner", "Startup Cost": 0.0, "Total Cost": 36344.91, "Plan Rows": 192, "Plan Width": 4, "Actual Min Startup Time": 271.211, "Actual Max Startup Time": 271.211, "Actual Min Total Time": 276.942, "Actual Max Total Time": 276.942, "Inner Unique": false, "Join Filter": "(it1.id = mi.info_type_id)", "Rows Removed by Join Filter": 131, "Plans": [{"Node Type": "Seq Scan", "Parent Relationship": "Outer", "Relation Name": "info_type", "Alias": "it1", "Startup Cost": 0.0, "Total Cost": 2.4, "Plan Rows": 1, "Plan Width": 4, "Actual Min Startup Time": 0.068, "Actual Max Startup Time": 0.068, "Actual Min Total Time": 0.094, "Actual Max Total Time": 0.094, "Filter": "((info)::text = 'release dates'::text)", "Rows Removed by Filter": 111, "Actual Rows": 1}, {"Node Type": "Materialize", "Parent Relationship": "Inner", "Startup Cost": 0.0, "Total Cost": 36208.32, "Plan Rows": 13419, "Plan Width": 8, "Actual Min Startup Time": 271.113, "Actual Max Startup Time": 271.113, "Actual Min Total Time": 272.636, "Actual Max Total Time": 272.636, "Plans": [{"Node Type": "Streaming(type: LOCAL GATHER dop: 1/16)", "Parent Relationship": "Outer", "Startup Cost": 0.0, "Total Cost": 36174.77, "Plan Rows": 13419, "Plan Width": 8, "Actual Min Startup Time": 93.03, "Actual Max Startup Time": 93.03, "Actual Min Total Time": 269.318, "Actual Max Total Time": 269.318, "Plans": [{"Node Type": "Seq Scan", "Parent Relationship": "Outer", "Relation Name": "movie_info", "Alias": "mi", "Startup Cost": 0.0, "Total Cost": 35885.16, "Plan Rows": 13419, "Plan Width": 8, "Actual Min Startup Time": 6.892, "Actual Max Startup Time": 73.114, "Actual Min Total Time": 246.378, "Actual Max Total Time": 253.778, "Filter": "((note)::text ~~ '%internet%'::text)", "Rows Removed by Filter": 14824909, "Actual Rows": 10810}], "Actual Rows": 10810}], "Actual Rows": 10811}], "Actual Rows": 10679}, {"Node Type": "Index Scan", "Parent Relationship": "Inner", "Scan Direction": "Forward", "Index Name": "movie_id_aka_title", "Relation Name": "aka_title", "Alias": "at", "Startup Cost": 0.0, "Total Cost": 2.45, "Plan Rows": 3, "Plan Width": 25, "Actual Min Startup Time": 24.337, "Actual Max Startup Time": 24.337, "Actual Min Total Time": 24.805, "Actual Max Total Time": 24.805, "Index Cond": "(movie_id = mi.movie_id)", "Rows Removed by Index Recheck": 0, "Actual Rows": 591}], "Actual Rows": 591}, {"Node Type": "Index Scan", "Parent Relationship": "Inner", "Scan Direction": "Forward", "Index Name": "movie_id_movie_companies", "Relation Name": "movie_companies", "Alias": "mc", "Startup Cost": 0.0, "Total Cost": 0.57, "Plan Rows": 2, "Plan Width": 12, "Actual Min Startup Time": 2.864, "Actual Max Startup Time": 2.864, "Actual Min Total Time": 4.112, "Actual Max Total Time": 4.112, "Index Cond": "(movie_id = at.movie_id)", "Rows Removed by Index Recheck": 0, "Actual Rows": 2130}], "Actual Rows": 2130}, {"Node Type": "Index Scan", "Parent Relationship": "Inner", "Scan Direction": "Forward", "Index Name": "company_name_pkey", "Relation Name": "company_name", "Alias": "cn", "Startup Cost": 0.0, "Total Cost": 0.28, "Plan Rows": 1, "Plan Width": 4, "Actual Min Startup Time": 8.679, "Actual Max Startup Time": 8.679, "Actual Min Total Time": 8.679, "Actual Max Total Time": 8.679, "Index Cond": "(id = mc.company_id)", "Rows Removed by Index Recheck": 0, "Filter": "((country_code)::text = '[us]'::text)", "Rows Removed by Filter": 1234, "Actual Rows": 896}], "Actual Rows": 896}, {"Node Type": "Materialize", "Parent Relationship": "Inner", "Startup Cost": 0.0, "Total Cost": 1.04, "Plan Rows": 3, "Plan Width": 4, "Actual Min Startup Time": 0.101, "Actual Max Startup Time": 0.101, "Actual Min Total Time": 0.24, "Actual Max Total Time": 0.24, "Plans": [{"Node Type": "Seq Scan", "Parent Relationship": "Outer", "Relation Name": "company_type", "Alias": "ct", "Startup Cost": 0.0, "Total Cost": 1.03, "Plan Rows": 3, "Plan Width": 4, "Actual Min Startup Time": 0.005, "Actual Max Startup Time": 0.005, "Actual Min Total Time": 0.009, "Actual Max Total Time": 0.009, "Actual Rows": 3}], "Actual Rows": 1924}], "Actual Rows": 382}, {"Node Type": "Index Scan", "Parent Relationship": "Inner", "Scan Direction": "Forward", "Index Name": "title_pkey", "Relation Name": "title", "Alias": "t", "Startup Cost": 0.0, "Total Cost": 0.34, "Plan Rows": 1, "Plan Width": 21, "Actual Min Startup Time": 1.794, "Actual Max Startup Time": 1.794, "Actual Min Total Time": 1.794, "Actual Max Total Time": 1.794, "Index Cond": "(id = mc.movie_id)", "Rows Removed by Index Recheck": 0, "Filter": "(production_year > 1990)", "Rows Removed by Filter": 0, "Actual Rows": 382}], "Actual Rows": 382}, {"Node Type": "Index Scan", "Parent Relationship": "Inner", "Scan Direction": "Forward", "Index Name": "movie_id_movie_keyword", "Relation Name": "movie_keyword", "Alias": "mk", "Startup Cost": 0.0, "Total Cost": 0.46, "Plan Rows": 8, "Plan Width": 8, "Actual Min Startup Time": 1.909, "Actual Max Startup Time": 1.909, "Actual Min Total Time": 3.975, "Actual Max Total Time": 3.975, "Index Cond": "(movie_id = mc.movie_id)", "Rows Removed by Index Recheck": 0, "Actual Rows": 4371}], "Actual Rows": 4371}, {"Node Type": "Index Only Scan", "Parent Relationship": "Inner", "Scan Direction": "Forward", "Index Name": "keyword_pkey", "Relation Name": "keyword", "Alias": "k", "Startup Cost": 0.0, "Total Cost": 0.27, "Plan Rows": 1, "Plan Width": 4, "Actual Min Startup Time": 10.844, "Actual Max Startup Time": 10.844, "Actual Min Total Time": 10.844, "Actual Max Total Time": 10.844, "Index Cond": "(id = mk.keyword_id)", "Rows Removed by Index Recheck": 0, "Heap Fetches": 0, "Actual Rows": 4371}], "Actual Rows": 4371}], "Actual Rows": 1}, "Triggers": [], "Planner Runtime": 385, "Total Runtime": 350.473, "Unique SQL Id": 2302223328}}, "(16, 1)": {"explain_plan": {"Plan": {"Node Type": "Aggregate", "Strategy": "Plain", "Startup Cost": 167720.04, "Total Cost": 167720.05, "Plan Rows": 1, "Plan Width": 102, "Plans": [{"Node Type": "Nested Loop", "Parent Relationship": "Outer", "Join Type": "Inner", "Startup Cost": 4841.51, "Total Cost": 167684.83, "Plan Rows": 7042, "Plan Width": 38, "Inner Unique": true, "Plans": [{"Node Type": "Nested Loop", "Parent Relationship": "Outer", "Join Type": "Inner", "Startup Cost": 4841.51, "Total Cost": 165712.99, "Plan Rows": 7042, "Plan Width": 42, "Inner Unique": false, "Join Filter": "(t.id = mk.movie_id)", "Plans": [{"Node Type": "Nested Loop", "Parent Relationship": "Outer", "Join Type": "Inner", "Startup Cost": 4841.51, "Total Cost": 165222.02, "Plan Rows": 873, "Plan Width": 54, "Inner Unique": true, "Join Filter": "(at.movie_id = t.id)", "Plans": [{"Node Type": "Nested Loop", "Parent Relationship": "Outer", "Join Type": "Inner", "Startup Cost": 4841.51, "Total Cost": 164999.93, "Plan Rows": 630, "Plan Width": 33, "Inner Unique": true, "Join Filter": "(mc.company_type_id = ct.id)", "Plans": [{"Node Type": "Nested Loop", "Parent Relationship": "Outer", "Join Type": "Inner", "Startup Cost": 4841.51, "Total Cost": 164963.28, "Plan Rows": 630, "Plan Width": 37, "Inner Unique": true, "Plans": [{"Node Type": "Nested Loop", "Parent Relationship": "Outer", "Join Type": "Inner", "Startup Cost": 4841.51, "Total Cost": 164660.66, "Plan Rows": 1052, "Plan Width": 41, "Inner Unique": false, "Plans": [{"Node Type": "Nested Loop", "Parent Relationship": "Outer", "Join Type": "Inner", "Startup Cost": 4841.51, "Total Cost": 164371.58, "Plan Rows": 490, "Plan Width": 29, "Inner Unique": false, "Plans": [{"Node Type": "Nested Loop", "Parent Relationship": "Outer", "Join Type": "Inner", "Startup Cost": 4841.51, "Total Cost": 163895.89, "Plan Rows": 192, "Plan Width": 4, "Inner Unique": false, "Plans": [{"Node Type": "Index Scan", "Parent Relationship": "Outer", "Scan Direction": "Forward", "Index Name": "info_type_pkey", "Relation Name": "info_type", "Alias": "it1", "Startup Cost": 0.0, "Total Cost": 14.21, "Plan Rows": 1, "Plan Width": 4, "Filter": "((info)::text = 'release dates'::text)"}, {"Node Type": "Bitmap Heap Scan", "Parent Relationship": "Inner", "Relation Name": "movie_info", "Alias": "mi", "Startup Cost": 4841.51, "Total Cost": 163879.76, "Plan Rows": 192, "Plan Width": 8, "Recheck Cond": "(info_type_id = it1.id)", "Filter": "((note)::text ~~ '%internet%'::text)", "Plans": [{"Node Type": "Bitmap Index Scan", "Parent Relationship": "Outer", "Index Name": "info_type_id_movie_info", "Startup Cost": 0.0, "Total Cost": 4841.46, "Plan Rows": 212428, "Plan Width": 0, "Index Cond": "(info_type_id = it1.id)"}]}]}, {"Node Type": "Index Scan", "Parent Relationship": "Inner", "Scan Direction": "Forward", "Index Name": "movie_id_aka_title", "Relation Name": "aka_title", "Alias": "at", "Startup Cost": 0.0, "Total Cost": 2.45, "Plan Rows": 3, "Plan Width": 25, "Index Cond": "(movie_id = mi.movie_id)"}]}, {"Node Type": "Index Scan", "Parent Relationship": "Inner", "Scan Direction": "Forward", "Index Name": "movie_id_movie_companies", "Relation Name": "movie_companies", "Alias": "mc", "Startup Cost": 0.0, "Total Cost": 0.57, "Plan Rows": 2, "Plan Width": 12, "Index Cond": "(movie_id = at.movie_id)"}]}, {"Node Type": "Index Scan", "Parent Relationship": "Inner", "Scan Direction": "Forward", "Index Name": "company_name_pkey", "Relation Name": "company_name", "Alias": "cn", "Startup Cost": 0.0, "Total Cost": 0.28, "Plan Rows": 1, "Plan Width": 4, "Index Cond": "(id = mc.company_id)", "Filter": "((country_code)::text = '[us]'::text)"}]}, {"Node Type": "Materialize", "Parent Relationship": "Inner", "Startup Cost": 0.0, "Total Cost": 8.31, "Plan Rows": 3, "Plan Width": 4, "Plans": [{"Node Type": "Index Only Scan", "Parent Relationship": "Outer", "Scan Direction": "Forward", "Index Name": "company_type_pkey", "Relation Name": "company_type", "Alias": "ct", "Startup Cost": 0.0, "Total Cost": 8.29, "Plan Rows": 3, "Plan Width": 4}]}]}, {"Node Type": "Index Scan", "Parent Relationship": "Inner", "Scan Direction": "Forward", "Index Name": "title_pkey", "Relation Name": "title", "Alias": "t", "Startup Cost": 0.0, "Total Cost": 0.34, "Plan Rows": 1, "Plan Width": 21, "Index Cond": "(id = mc.movie_id)", "Filter": "(production_year > 1990)"}]}, {"Node Type": "Index Scan", "Parent Relationship": "Inner", "Scan Direction": "Forward", "Index Name": "movie_id_movie_keyword", "Relation Name": "movie_keyword", "Alias": "mk", "Startup Cost": 0.0, "Total Cost": 0.46, "Plan Rows": 8, "Plan Width": 8, "Index Cond": "(movie_id = mc.movie_id)"}]}, {"Node Type": "Index Only Scan", "Parent Relationship": "Inner", "Scan Direction": "Forward", "Index Name": "keyword_pkey", "Relation Name": "keyword", "Alias": "k", "Startup Cost": 0.0, "Total Cost": 0.27, "Plan Rows": 1, "Plan Width": 4, "Index Cond": "(id = mk.keyword_id)"}]}]}, "Unique SQL Id": 2302223328, "Planner Runtime": 334}, "explain_analyze_plan": {"Plan": {"Node Type": "Aggregate", "Strategy": "Plain", "Startup Cost": 167720.04, "Total Cost": 167720.05, "Plan Rows": 1, "Plan Width": 102, "Actual Startup Time": 1711.683, "Actual Total Time": 1711.683, "Actual Rows": 1, "Actual Loops": 1, "Plans": [{"Node Type": "Nested Loop", "Parent Relationship": "Outer", "Join Type": "Inner", "Startup Cost": 4841.51, "Total Cost": 167684.83, "Plan Rows": 7042, "Plan Width": 38, "Actual Startup Time": 463.643, "Actual Total Time": 1708.697, "Actual Rows": 4371, "Actual Loops": 1, "Inner Unique": true, "Plans": [{"Node Type": "Nested Loop", "Parent Relationship": "Outer", "Join Type": "Inner", "Startup Cost": 4841.51, "Total Cost": 165712.99, "Plan Rows": 7042, "Plan Width": 42, "Actual Startup Time": 463.62, "Actual Total Time": 1692.961, "Actual Rows": 4371, "Actual Loops": 1, "Inner Unique": false, "Join Filter": "(t.id = mk.movie_id)", "Rows Removed by Join Filter": 0, "Plans": [{"Node Type": "Nested Loop", "Parent Relationship": "Outer", "Join Type": "Inner", "Startup Cost": 4841.51, "Total Cost": 165222.02, "Plan Rows": 873, "Plan Width": 54, "Actual Startup Time": 434.025, "Actual Total Time": 1686.626, "Actual Rows": 382, "Actual Loops": 1, "Inner Unique": true, "Join Filter": "(at.movie_id = t.id)", "Rows Removed by Join Filter": 0, "Plans": [{"Node Type": "Nested Loop", "Parent Relationship": "Outer", "Join Type": "Inner", "Startup Cost": 4841.51, "Total Cost": 164999.93, "Plan Rows": 630, "Plan Width": 33, "Actual Startup Time": 433.986, "Actual Total Time": 1683.68, "Actual Rows": 382, "Actual Loops": 1, "Inner Unique": true, "Join Filter": "(mc.company_type_id = ct.id)", "Rows Removed by Join Filter": 1542, "Plans": [{"Node Type": "Nested Loop", "Parent Relationship": "Outer", "Join Type": "Inner", "Startup Cost": 4841.51, "Total Cost": 164963.28, "Plan Rows": 630, "Plan Width": 37, "Actual Startup Time": 428.216, "Actual Total Time": 1682.545, "Actual Rows": 896, "Actual Loops": 1, "Inner Unique": true, "Plans": [{"Node Type": "Nested Loop", "Parent Relationship": "Outer", "Join Type": "Inner", "Startup Cost": 4841.51, "Total Cost": 164660.66, "Plan Rows": 1052, "Plan Width": 41, "Actual Startup Time": 428.179, "Actual Total Time": 1670.587, "Actual Rows": 2130, "Actual Loops": 1, "Inner Unique": false, "Plans": [{"Node Type": "Nested Loop", "Parent Relationship": "Outer", "Join Type": "Inner", "Startup Cost": 4841.51, "Total Cost": 164371.58, "Plan Rows": 490, "Plan Width": 29, "Actual Startup Time": 424.324, "Actual Total Time": 1664.5, "Actual Rows": 591, "Actual Loops": 1, "Inner Unique": false, "Plans": [{"Node Type": "Nested Loop", "Parent Relationship": "Outer", "Join Type": "Inner", "Startup Cost": 4841.51, "Total Cost": 163895.89, "Plan Rows": 192, "Plan Width": 4, "Actual Startup Time": 423.788, "Actual Total Time": 1630.453, "Actual Rows": 10679, "Actual Loops": 1, "Inner Unique": false, "Plans": [{"Node Type": "Index Scan", "Parent Relationship": "Outer", "Scan Direction": "Forward", "Index Name": "info_type_pkey", "Relation Name": "info_type", "Alias": "it1", "Startup Cost": 0.0, "Total Cost": 14.21, "Plan Rows": 1, "Plan Width": 4, "Actual Startup Time": 0.059, "Actual Total Time": 0.106, "Actual Rows": 1, "Actual Loops": 1, "Filter": "((info)::text = 'release dates'::text)", "Rows Removed by Filter": 111}, {"Node Type": "Bitmap Heap Scan", "Parent Relationship": "Inner", "Relation Name": "movie_info", "Alias": "mi", "Startup Cost": 4841.51, "Total Cost": 163879.76, "Plan Rows": 192, "Plan Width": 8, "Actual Startup Time": 423.718, "Actual Total Time": 1627.889, "Actual Rows": 10679, "Actual Loops": 1, "Recheck Cond": "(info_type_id = it1.id)", "Rows Removed by Index Recheck": 0, "Filter": "((note)::text ~~ '%internet%'::text)", "Rows Removed by Filter": 3026040, "Exact Heap Blocks": 21947, "Lossy Heap Blocks": 21947, "Plans": [{"Node Type": "Bitmap Index Scan", "Parent Relationship": "Outer", "Index Name": "info_type_id_movie_info", "Startup Cost": 0.0, "Total Cost": 4841.46, "Plan Rows": 212428, "Plan Width": 0, "Actual Startup Time": 418.236, "Actual Total Time": 418.236, "Actual Rows": 3036719, "Actual Loops": 1, "Index Cond": "(info_type_id = it1.id)"}]}]}, {"Node Type": "Index Scan", "Parent Relationship": "Inner", "Scan Direction": "Forward", "Index Name": "movie_id_aka_title", "Relation Name": "aka_title", "Alias": "at", "Startup Cost": 0.0, "Total Cost": 2.45, "Plan Rows": 3, "Plan Width": 25, "Actual Startup Time": 27.626, "Actual Total Time": 28.187, "Actual Rows": 591, "Actual Loops": 10679, "Index Cond": "(movie_id = mi.movie_id)", "Rows Removed by Index Recheck": 0}]}, {"Node Type": "Index Scan", "Parent Relationship": "Inner", "Scan Direction": "Forward", "Index Name": "movie_id_movie_companies", "Relation Name": "movie_companies", "Alias": "mc", "Startup Cost": 0.0, "Total Cost": 0.57, "Plan Rows": 2, "Plan Width": 12, "Actual Startup Time": 3.525, "Actual Total Time": 5.041, "Actual Rows": 2130, "Actual Loops": 591, "Index Cond": "(movie_id = at.movie_id)", "Rows Removed by Index Recheck": 0}]}, {"Node Type": "Index Scan", "Parent Relationship": "Inner", "Scan Direction": "Forward", "Index Name": "company_name_pkey", "Relation Name": "company_name", "Alias": "cn", "Startup Cost": 0.0, "Total Cost": 0.28, "Plan Rows": 1, "Plan Width": 4, "Actual Startup Time": 10.353, "Actual Total Time": 10.353, "Actual Rows": 896, "Actual Loops": 2130, "Index Cond": "(id = mc.company_id)", "Rows Removed by Index Recheck": 0, "Filter": "((country_code)::text = '[us]'::text)", "Rows Removed by Filter": 1234}]}, {"Node Type": "Materialize", "Parent Relationship": "Inner", "Startup Cost": 0.0, "Total Cost": 8.31, "Plan Rows": 3, "Plan Width": 4, "Actual Startup Time": 0.181, "Actual Total Time": 0.333, "Actual Rows": 1924, "Actual Loops": 896, "Plans": [{"Node Type": "Index Only Scan", "Parent Relationship": "Outer", "Scan Direction": "Forward", "Index Name": "company_type_pkey", "Relation Name": "company_type", "Alias": "ct", "Startup Cost": 0.0, "Total Cost": 8.29, "Plan Rows": 3, "Plan Width": 4, "Actual Startup Time": 0.006, "Actual Total Time": 0.007, "Actual Rows": 3, "Actual Loops": 1, "Heap Fetches": 0}]}]}, {"Node Type": "Index Scan", "Parent Relationship": "Inner", "Scan Direction": "Forward", "Index Name": "title_pkey", "Relation Name": "title", "Alias": "t", "Startup Cost": 0.0, "Total Cost": 0.34, "Plan Rows": 1, "Plan Width": 21, "Actual Startup Time": 2.281, "Actual Total Time": 2.281, "Actual Rows": 382, "Actual Loops": 382, "Index Cond": "(id = mc.movie_id)", "Rows Removed by Index Recheck": 0, "Filter": "(production_year > 1990)", "Rows Removed by Filter": 0}]}, {"Node Type": "Index Scan", "Parent Relationship": "Inner", "Scan Direction": "Forward", "Index Name": "movie_id_movie_keyword", "Relation Name": "movie_keyword", "Alias": "mk", "Startup Cost": 0.0, "Total Cost": 0.46, "Plan Rows": 8, "Plan Width": 8, "Actual Startup Time": 2.278, "Actual Total Time": 4.315, "Actual Rows": 4371, "Actual Loops": 382, "Index Cond": "(movie_id = mc.movie_id)", "Rows Removed by Index Recheck": 0}]}, {"Node Type": "Index Only Scan", "Parent Relationship": "Inner", "Scan Direction": "Forward", "Index Name": "keyword_pkey", "Relation Name": "keyword", "Alias": "k", "Startup Cost": 0.0, "Total Cost": 0.27, "Plan Rows": 1, "Plan Width": 4, "Actual Startup Time": 11.816, "Actual Total Time": 11.816, "Actual Rows": 4371, "Actual Loops": 4371, "Index Cond": "(id = mk.keyword_id)", "Rows Removed by Index Recheck": 0, "Heap Fetches": 0}]}]}, "Triggers": [], "Planner Runtime": 334, "Total Runtime": 1712.317, "Unique SQL Id": 2302223328}}, "(16, 2)": {"explain_plan": {"Plan": {"Node Type": "Aggregate", "Strategy": "Plain", "Startup Cost": 51169.59, "Total Cost": 51169.6, "Plan Rows": 1, "Plan Width": 102, "Plans": [{"Node Type": "Hash Join", "Parent Relationship": "Outer", "Join Type": "Inner", "Startup Cost": 3781.54, "Total Cost": 51134.38, "Plan Rows": 7042, "Plan Width": 38, "Inner Unique": true, "Hash Cond": "(mk.keyword_id = k.id)", "Plans": [{"Node Type": "Nested Loop", "Parent Relationship": "Outer", "Join Type": "Inner", "Startup Cost": 3.73, "Total Cost": 47261.14, "Plan Rows": 7042, "Plan Width": 42, "Inner Unique": false, "Join Filter": "(t.id = mk.movie_id)", "Plans": [{"Node Type": "Nested Loop", "Parent Relationship": "Outer", "Join Type": "Inner", "Startup Cost": 3.4, "Total Cost": 43299.44, "Plan Rows": 873, "Plan Width": 54, "Inner Unique": false, "Join Filter": "(t.id = at.movie_id)", "Plans": [{"Node Type": "Nested Loop", "Parent Relationship": "Outer", "Join Type": "Inner", "Startup Cost": 3.12, "Total Cost": 41220.32, "Plan Rows": 478, "Plan Width": 29, "Inner Unique": true, "Join Filter": "(mc.company_type_id = ct.id)", "Plans": [{"Node Type": "Nested Loop", "Parent Relationship": "Outer", "Join Type": "Inner", "Startup Cost": 3.12, "Total Cost": 41197.77, "Plan Rows": 478, "Plan Width": 33, "Inner Unique": true, "Plans": [{"Node Type": "Nested Loop", "Parent Relationship": "Outer", "Join Type": "Inner", "Startup Cost": 2.86, "Total Cost": 38764.82, "Plan Rows": 568, "Plan Width": 37, "Inner Unique": false, "Plans": [{"Node Type": "Nested Loop", "Parent Relationship": "Outer", "Join Type": "Inner", "Startup Cost": 2.58, "Total Cost": 37612.41, "Plan Rows": 266, "Plan Width": 25, "Inner Unique": true, "Plans": [{"Node Type": "Nested Loop", "Parent Relationship": "Outer", "Join Type": "Inner", "Startup Cost": 0.0, "Total Cost": 36344.91, "Plan Rows": 192, "Plan Width": 4, "Inner Unique": false, "Join Filter": "(it1.id = mi.info_type_id)", "Plans": [{"Node Type": "Seq Scan", "Parent Relationship": "Outer", "Relation Name": "info_type", "Alias": "it1", "Startup Cost": 0.0, "Total Cost": 2.4, "Plan Rows": 1, "Plan Width": 4, "Filter": "((info)::text = 'release dates'::text)"}, {"Node Type": "Materialize", "Parent Relationship": "Inner", "Startup Cost": 0.0, "Total Cost": 36208.32, "Plan Rows": 13419, "Plan Width": 8, "Plans": [{"Node Type": "Streaming(type: LOCAL GATHER dop: 1/16)", "Parent Relationship": "Outer", "Startup Cost": 0.0, "Total Cost": 36174.77, "Plan Rows": 13419, "Plan Width": 8, "Plans": [{"Node Type": "Seq Scan", "Parent Relationship": "Outer", "Relation Name": "movie_info", "Alias": "mi", "Startup Cost": 0.0, "Total Cost": 35885.16, "Plan Rows": 13419, "Plan Width": 8, "Filter": "((note)::text ~~ '%internet%'::text)"}]}]}]}, {"Node Type": "Bitmap Heap Scan", "Parent Relationship": "Inner", "Relation Name": "title", "Alias": "t", "Startup Cost": 2.58, "Total Cost": 6.59, "Plan Rows": 1, "Plan Width": 21, "Recheck Cond": "(id = mi.movie_id)", "Filter": "(production_year > 1990)", "Plans": [{"Node Type": "Bitmap Index Scan", "Parent Relationship": "Outer", "Index Name": "title_pkey", "Startup Cost": 0.0, "Total Cost": 2.58, "Plan Rows": 1, "Plan Width": 0, "Index Cond": "(id = mi.movie_id)"}]}]}, {"Node Type": "Bitmap Heap Scan", "Parent Relationship": "Inner", "Relation Name": "movie_companies", "Alias": "mc", "Startup Cost": 0.29, "Total Cost": 4.31, "Plan Rows": 2, "Plan Width": 12, "Recheck Cond": "(movie_id = t.id)", "Plans": [{"Node Type": "Bitmap Index Scan", "Parent Relationship": "Outer", "Index Name": "movie_id_movie_companies", "Startup Cost": 0.0, "Total Cost": 0.29, "Plan Rows": 2, "Plan Width": 0, "Index Cond": "(movie_id = t.id)"}]}]}, {"Node Type": "Bitmap Heap Scan", "Parent Relationship": "Inner", "Relation Name": "company_name", "Alias": "cn", "Startup Cost": 0.26, "Total Cost": 4.27, "Plan Rows": 1, "Plan Width": 4, "Recheck Cond": "(id = mc.company_id)", "Filter": "((country_code)::text = '[us]'::text)", "Plans": [{"Node Type": "Bitmap Index Scan", "Parent Relationship": "Outer", "Index Name": "company_name_pkey", "Startup Cost": 0.0, "Total Cost": 0.26, "Plan Rows": 1, "Plan Width": 0, "Index Cond": "(id = mc.company_id)"}]}]}, {"Node Type": "Materialize", "Parent Relationship": "Inner", "Startup Cost": 0.0, "Total Cost": 1.04, "Plan Rows": 3, "Plan Width": 4, "Plans": [{"Node Type": "Seq Scan", "Parent Relationship": "Outer", "Relation Name": "company_type", "Alias": "ct", "Startup Cost": 0.0, "Total Cost": 1.03, "Plan Rows": 3, "Plan Width": 4}]}]}, {"Node Type": "Bitmap Heap Scan", "Parent Relationship": "Inner", "Relation Name": "aka_title", "Alias": "at", "Startup Cost": 0.27, "Total Cost": 4.31, "Plan Rows": 3, "Plan Width": 25, "Recheck Cond": "(movie_id = mc.movie_id)", "Plans": [{"Node Type": "Bitmap Index Scan", "Parent Relationship": "Outer", "Index Name": "movie_id_aka_title", "Startup Cost": 0.0, "Total Cost": 0.27, "Plan Rows": 3, "Plan Width": 0, "Index Cond": "(movie_id = mc.movie_id)"}]}]}, {"Node Type": "Bitmap Heap Scan", "Parent Relationship": "Inner", "Relation Name": "movie_keyword", "Alias": "mk", "Startup Cost": 0.34, "Total Cost": 4.44, "Plan Rows": 8, "Plan Width": 8, "Recheck Cond": "(movie_id = mc.movie_id)", "Plans": [{"Node Type": "Bitmap Index Scan", "Parent Relationship": "Outer", "Index Name": "movie_id_movie_keyword", "Startup Cost": 0.0, "Total Cost": 0.34, "Plan Rows": 8, "Plan Width": 0, "Index Cond": "(movie_id = mc.movie_id)"}]}]}, {"Node Type": "Hash", "Parent Relationship": "Inner", "Startup Cost": 2100.69, "Total Cost": 2100.69, "Plan Rows": 134169, "Plan Width": 4, "Plans": [{"Node Type": "Seq Scan", "Parent Relationship": "Outer", "Relation Name": "keyword", "Alias": "k", "Startup Cost": 0.0, "Total Cost": 2100.69, "Plan Rows": 134169, "Plan Width": 4}]}]}]}, "Unique SQL Id": 2302223328, "Planner Runtime": 477}, "explain_analyze_plan": {"Plan": {"Node Type": "Aggregate", "Strategy": "Plain", "Startup Cost": 51169.59, "Total Cost": 51169.6, "Plan Rows": 1, "Plan Width": 102, "Actual Min Startup Time": 646.428, "Actual Max Startup Time": 646.428, "Actual Min Total Time": 646.428, "Actual Max Total Time": 646.428, "Plans": [{"Node Type": "Hash Join", "Parent Relationship": "Outer", "Join Type": "Inner", "Startup Cost": 3781.54, "Total Cost": 51134.38, "Plan Rows": 7042, "Plan Width": 38, "Actual Min Startup Time": 353.309, "Actual Max Startup Time": 353.309, "Actual Min Total Time": 643.897, "Actual Max Total Time": 643.897, "Inner Unique": true, "Hash Cond": "(mk.keyword_id = k.id)", "Plans": [{"Node Type": "Nested Loop", "Parent Relationship": "Outer", "Join Type": "Inner", "Startup Cost": 3.73, "Total Cost": 47261.14, "Plan Rows": 7042, "Plan Width": 42, "Actual Min Startup Time": 280.501, "Actual Max Startup Time": 280.501, "Actual Min Total Time": 568.946, "Actual Max Total Time": 568.946, "Inner Unique": false, "Join Filter": "(t.id = mk.movie_id)", "Rows Removed by Join Filter": 0, "Plans": [{"Node Type": "Nested Loop", "Parent Relationship": "Outer", "Join Type": "Inner", "Startup Cost": 3.4, "Total Cost": 43299.44, "Plan Rows": 873, "Plan Width": 54, "Actual Min Startup Time": 272.865, "Actual Max Startup Time": 272.865, "Actual Min Total Time": 563.245, "Actual Max Total Time": 563.245, "Inner Unique": false, "Join Filter": "(t.id = at.movie_id)", "Rows Removed by Join Filter": 0, "Plans": [{"Node Type": "Nested Loop", "Parent Relationship": "Outer", "Join Type": "Inner", "Startup Cost": 3.12, "Total Cost": 41220.32, "Plan Rows": 478, "Plan Width": 29, "Actual Min Startup Time": 272.084, "Actual Max Startup Time": 272.084, "Actual Min Total Time": 535.873, "Actual Max Total Time": 535.873, "Inner Unique": true, "Join Filter": "(mc.company_type_id = ct.id)", "Rows Removed by Join Filter": 11829, "Plans": [{"Node Type": "Nested Loop", "Parent Relationship": "Outer", "Join Type": "Inner", "Startup Cost": 3.12, "Total Cost": 41197.77, "Plan Rows": 478, "Plan Width": 33, "Actual Min Startup Time": 272.068, "Actual Max Startup Time": 272.068, "Actual Min Total Time": 526.434, "Actual Max Total Time": 526.434, "Inner Unique": true, "Plans": [{"Node Type": "Nested Loop", "Parent Relationship": "Outer", "Join Type": "Inner", "Startup Cost": 2.86, "Total Cost": 38764.82, "Plan Rows": 568, "Plan Width": 37, "Actual Min Startup Time": 272.007, "Actual Max Startup Time": 272.007, "Actual Min Total Time": 436.359, "Actual Max Total Time": 436.359, "Inner Unique": false, "Plans": [{"Node Type": "Nested Loop", "Parent Relationship": "Outer", "Join Type": "Inner", "Startup Cost": 2.58, "Total Cost": 37612.41, "Plan Rows": 266, "Plan Width": 25, "Actual Min Startup Time": 271.988, "Actual Max Startup Time": 271.988, "Actual Min Total Time": 353.386, "Actual Max Total Time": 353.386, "Inner Unique": true, "Plans": [{"Node Type": "Nested Loop", "Parent Relationship": "Outer", "Join Type": "Inner", "Startup Cost": 0.0, "Total Cost": 36344.91, "Plan Rows": 192, "Plan Width": 4, "Actual Min Startup Time": 271.919, "Actual Max Startup Time": 271.919, "Actual Min Total Time": 279.059, "Actual Max Total Time": 279.059, "Inner Unique": false, "Join Filter": "(it1.id = mi.info_type_id)", "Rows Removed by Join Filter": 131, "Plans": [{"Node Type": "Seq Scan", "Parent Relationship": "Outer", "Relation Name": "info_type", "Alias": "it1", "Startup Cost": 0.0, "Total Cost": 2.4, "Plan Rows": 1, "Plan Width": 4, "Actual Min Startup Time": 0.08, "Actual Max Startup Time": 0.08, "Actual Min Total Time": 0.111, "Actual Max Total Time": 0.111, "Filter": "((info)::text = 'release dates'::text)", "Rows Removed by Filter": 111, "Actual Rows": 1}, {"Node Type": "Materialize", "Parent Relationship": "Inner", "Startup Cost": 0.0, "Total Cost": 36208.32, "Plan Rows": 13419, "Plan Width": 8, "Actual Min Startup Time": 271.812, "Actual Max Startup Time": 271.812, "Actual Min Total Time": 273.837, "Actual Max Total Time": 273.837, "Plans": [{"Node Type": "Streaming(type: LOCAL GATHER dop: 1/16)", "Parent Relationship": "Outer", "Startup Cost": 0.0, "Total Cost": 36174.77, "Plan Rows": 13419, "Plan Width": 8, "Actual Min Startup Time": 93.284, "Actual Max Startup Time": 93.284, "Actual Min Total Time": 269.904, "Actual Max Total Time": 269.904, "Plans": [{"Node Type": "Seq Scan", "Parent Relationship": "Outer", "Relation Name": "movie_info", "Alias": "mi", "Startup Cost": 0.0, "Total Cost": 35885.16, "Plan Rows": 13419, "Plan Width": 8, "Actual Min Startup Time": 6.886, "Actual Max Startup Time": 75.117, "Actual Min Total Time": 246.784, "Actual Max Total Time": 253.881, "Filter": "((note)::text ~~ '%internet%'::text)", "Rows Removed by Filter": 14824909, "Actual Rows": 10810}], "Actual Rows": 10810}], "Actual Rows": 10811}], "Actual Rows": 10679}, {"Node Type": "Bitmap Heap Scan", "Parent Relationship": "Inner", "Relation Name": "title", "Alias": "t", "Startup Cost": 2.58, "Total Cost": 6.59, "Plan Rows": 1, "Plan Width": 21, "Actual Min Startup Time": 60.131, "Actual Max Startup Time": 60.131, "Actual Min Total Time": 60.131, "Actual Max Total Time": 60.131, "Recheck Cond": "(id = mi.movie_id)", "Rows Removed by Index Recheck": 0, "Filter": "(production_year > 1990)", "Rows Removed by Filter": 17, "Exact Heap Blocks": 10679, "Lossy Heap Blocks": 10679, "Plans": [{"Node Type": "Bitmap Index Scan", "Parent Relationship": "Outer", "Index Name": "title_pkey", "Startup Cost": 0.0, "Total Cost": 2.58, "Plan Rows": 1, "Plan Width": 0, "Actual Min Startup Time": 34.287, "Actual Max Startup Time": 34.287, "Actual Min Total Time": 34.287, "Actual Max Total Time": 34.287, "Index Cond": "(id = mi.movie_id)", "Actual Rows": 10679}], "Actual Rows": 10662}], "Actual Rows": 10662}, {"Node Type": "Bitmap Heap Scan", "Parent Relationship": "Inner", "Relation Name": "movie_companies", "Alias": "mc", "Startup Cost": 0.29, "Total Cost": 4.31, "Plan Rows": 2, "Plan Width": 12, "Actual Min Startup Time": 58.348, "Actual Max Startup Time": 58.348, "Actual Min Total Time": 66.31, "Actual Max Total Time": 66.31, "Recheck Cond": "(movie_id = t.id)", "Rows Removed by Index Recheck": 0, "Exact Heap Blocks": 11694, "Lossy Heap Blocks": 11694, "Plans": [{"Node Type": "Bitmap Index Scan", "Parent Relationship": "Outer", "Index Name": "movie_id_movie_companies", "Startup Cost": 0.0, "Total Cost": 0.29, "Plan Rows": 2, "Plan Width": 0, "Actual Min Startup Time": 38.405, "Actual Max Startup Time": 38.405, "Actual Min Total Time": 38.405, "Actual Max Total Time": 38.405, "Index Cond": "(movie_id = t.id)", "Actual Rows": 14377}], "Actual Rows": 14377}], "Actual Rows": 14377}, {"Node Type": "Bitmap Heap Scan", "Parent Relationship": "Inner", "Relation Name": "company_name", "Alias": "cn", "Startup Cost": 0.26, "Total Cost": 4.27, "Plan Rows": 1, "Plan Width": 4, "Actual Min Startup Time": 72.268, "Actual Max Startup Time": 72.268, "Actual Min Total Time": 72.268, "Actual Max Total Time": 72.268, "Recheck Cond": "(id = mc.company_id)", "Rows Removed by Index Recheck": 0, "Filter": "((country_code)::text = '[us]'::text)", "Rows Removed by Filter": 4520, "Exact Heap Blocks": 14377, "Lossy Heap Blocks": 14377, "Plans": [{"Node Type": "Bitmap Index Scan", "Parent Relationship": "Outer", "Index Name": "company_name_pkey", "Startup Cost": 0.0, "Total Cost": 0.26, "Plan Rows": 1, "Plan Width": 0, "Actual Min Startup Time": 41.147, "Actual Max Startup Time": 41.147, "Actual Min Total Time": 41.147, "Actual Max Total Time": 41.147, "Index Cond": "(id = mc.company_id)", "Actual Rows": 14377}], "Actual Rows": 9857}], "Actual Rows": 9857}, {"Node Type": "Materialize", "Parent Relationship": "Inner", "Startup Cost": 0.0, "Total Cost": 1.04, "Plan Rows": 3, "Plan Width": 4, "Actual Min Startup Time": 1.328, "Actual Max Startup Time": 1.328, "Actual Min Total Time": 2.33, "Actual Max Total Time": 2.33, "Plans": [{"Node Type": "Seq Scan", "Parent Relationship": "Outer", "Relation Name": "company_type", "Alias": "ct", "Startup Cost": 0.0, "Total Cost": 1.03, "Plan Rows": 3, "Plan Width": 4, "Actual Min Startup Time": 0.006, "Actual Max Startup Time": 0.006, "Actual Min Total Time": 0.008, "Actual Max Total Time": 0.008, "Actual Rows": 3}], "Actual Rows": 17743}], "Actual Rows": 5914}, {"Node Type": "Bitmap Heap Scan", "Parent Relationship": "Inner", "Relation Name": "aka_title", "Alias": "at", "Startup Cost": 0.27, "Total Cost": 4.31, "Plan Rows": 3, "Plan Width": 25, "Actual Min Startup Time": 19.709, "Actual Max Startup Time": 19.709, "Actual Min Total Time": 19.921, "Actual Max Total Time": 19.921, "Recheck Cond": "(movie_id = mc.movie_id)", "Rows Removed by Index Recheck": 0, "Exact Heap Blocks": 382, "Lossy Heap Blocks": 382, "Plans": [{"Node Type": "Bitmap Index Scan", "Parent Relationship": "Outer", "Index Name": "movie_id_aka_title", "Startup Cost": 0.0, "Total Cost": 0.27, "Plan Rows": 3, "Plan Width": 0, "Actual Min Startup Time": 15.963, "Actual Max Startup Time": 15.963, "Actual Min Total Time": 15.963, "Actual Max Total Time": 15.963, "Index Cond": "(movie_id = mc.movie_id)", "Actual Rows": 382}], "Actual Rows": 382}], "Actual Rows": 382}, {"Node Type": "Bitmap Heap Scan", "Parent Relationship": "Inner", "Relation Name": "movie_keyword", "Alias": "mk", "Startup Cost": 0.34, "Total Cost": 4.44, "Plan Rows": 8, "Plan Width": 8, "Actual Min Startup Time": 3.064, "Actual Max Startup Time": 3.064, "Actual Min Total Time": 3.655, "Actual Max Total Time": 3.655, "Recheck Cond": "(movie_id = mc.movie_id)", "Rows Removed by Index Recheck": 0, "Exact Heap Blocks": 276, "Lossy Heap Blocks": 276, "Plans": [{"Node Type": "Bitmap Index Scan", "Parent Relationship": "Outer", "Index Name": "movie_id_movie_keyword", "Startup Cost": 0.0, "Total Cost": 0.34, "Plan Rows": 8, "Plan Width": 0, "Actual Min Startup Time": 1.862, "Actual Max Startup Time": 1.862, "Actual Min Total Time": 1.862, "Actual Max Total Time": 1.862, "Index Cond": "(movie_id = mc.movie_id)", "Actual Rows": 4371}], "Actual Rows": 4371}], "Actual Rows": 4371}, {"Node Type": "Hash", "Parent Relationship": "Inner", "Startup Cost": 2100.69, "Total Cost": 2100.69, "Plan Rows": 134169, "Plan Width": 4, "Actual Min Startup Time": 72.571, "Actual Max Startup Time": 72.571, "Actual Min Total Time": 72.571, "Actual Max Total Time": 72.571, "Max Hash Buckets": 262144, "Min Hash Buckets": 262144, "Max Hash Batches": 1, "Min Hash Batches": 1, "Max Original Hash Batches": 1, "Min Original Hash Batches": 1, "Max Peak Memory Usage": 4717, "min Peak Memory Usage": 4717, "Plans": [{"Node Type": "Seq Scan", "Parent Relationship": "Outer", "Relation Name": "keyword", "Alias": "k", "Startup Cost": 0.0, "Total Cost": 2100.69, "Plan Rows": 134169, "Plan Width": 4, "Actual Min Startup Time": 0.04, "Actual Max Startup Time": 0.04, "Actual Min Total Time": 37.506, "Actual Max Total Time": 37.506, "Actual Rows": 134169}], "Actual Rows": 134169}], "Actual Rows": 4371}], "Actual Rows": 1}, "Triggers": [], "Planner Runtime": 486, "Total Runtime": 649.885, "Unique SQL Id": 2302223328}}, "(16, 3)": {"explain_plan": {"Plan": {"Node Type": "Aggregate", "Strategy": "Plain", "Startup Cost": 179484.47, "Total Cost": 179484.48, "Plan Rows": 1, "Plan Width": 102, "Plans": [{"Node Type": "Hash Join", "Parent Relationship": "Outer", "Join Type": "Inner", "Startup Cost": 9392.76, "Total Cost": 179449.26, "Plan Rows": 7042, "Plan Width": 38, "Inner Unique": true, "Hash Cond": "(mk.keyword_id = k.id)", "Plans": [{"Node Type": "Nested Loop", "Parent Relationship": "Outer", "Join Type": "Inner", "Startup Cost": 4862.32, "Total Cost": 174823.39, "Plan Rows": 7042, "Plan Width": 42, "Inner Unique": false, "Join Filter": "(t.id = mk.movie_id)", "Plans": [{"Node Type": "Nested Loop", "Parent Relationship": "Outer", "Join Type": "Inner", "Startup Cost": 4861.98, "Total Cost": 170861.69, "Plan Rows": 873, "Plan Width": 54, "Inner Unique": false, "Join Filter": "(t.id = at.movie_id)", "Plans": [{"Node Type": "Nested Loop", "Parent Relationship": "Outer", "Join Type": "Inner", "Startup Cost": 4861.71, "Total Cost": 168782.57, "Plan Rows": 478, "Plan Width": 29, "Inner Unique": true, "Join Filter": "(mc.company_type_id = ct.id)", "Plans": [{"Node Type": "Nested Loop", "Parent Relationship": "Outer", "Join Type": "Inner", "Startup Cost": 4853.44, "Total Cost": 168748.76, "Plan Rows": 478, "Plan Width": 33, "Inner Unique": true, "Plans": [{"Node Type": "Nested Loop", "Parent Relationship": "Outer", "Join Type": "Inner", "Startup Cost": 4853.18, "Total Cost": 166315.81, "Plan Rows": 568, "Plan Width": 37, "Inner Unique": false, "Plans": [{"Node Type": "Nested Loop", "Parent Relationship": "Outer", "Join Type": "Inner", "Startup Cost": 4852.89, "Total Cost": 165163.39, "Plan Rows": 266, "Plan Width": 25, "Inner Unique": true, "Plans": [{"Node Type": "Nested Loop", "Parent Relationship": "Outer", "Join Type": "Inner", "Startup Cost": 4850.32, "Total Cost": 163895.89, "Plan Rows": 192, "Plan Width": 4, "Inner Unique": false, "Plans": [{"Node Type": "Bitmap Heap Scan", "Parent Relationship": "Outer", "Relation Name": "info_type", "Alias": "it1", "Startup Cost": 8.81, "Total Cost": 14.21, "Plan Rows": 1, "Plan Width": 4, "Filter": "((info)::text = 'release dates'::text)", "Plans": [{"Node Type": "Bitmap Index Scan", "Parent Relationship": "Outer", "Index Name": "info_type_pkey", "Startup Cost": 0.0, "Total Cost": 8.81, "Plan Rows": 112, "Plan Width": 0}]}, {"Node Type": "Bitmap Heap Scan", "Parent Relationship": "Inner", "Relation Name": "movie_info", "Alias": "mi", "Startup Cost": 4841.51, "Total Cost": 163879.76, "Plan Rows": 192, "Plan Width": 8, "Recheck Cond": "(info_type_id = it1.id)", "Filter": "((note)::text ~~ '%internet%'::text)", "Plans": [{"Node Type": "Bitmap Index Scan", "Parent Relationship": "Outer", "Index Name": "info_type_id_movie_info", "Startup Cost": 0.0, "Total Cost": 4841.46, "Plan Rows": 212428, "Plan Width": 0, "Index Cond": "(info_type_id = it1.id)"}]}]}, {"Node Type": "Bitmap Heap Scan", "Parent Relationship": "Inner", "Relation Name": "title", "Alias": "t", "Startup Cost": 2.58, "Total Cost": 6.59, "Plan Rows": 1, "Plan Width": 21, "Recheck Cond": "(id = mi.movie_id)", "Filter": "(production_year > 1990)", "Plans": [{"Node Type": "Bitmap Index Scan", "Parent Relationship": "Outer", "Index Name": "title_pkey", "Startup Cost": 0.0, "Total Cost": 2.58, "Plan Rows": 1, "Plan Width": 0, "Index Cond": "(id = mi.movie_id)"}]}]}, {"Node Type": "Bitmap Heap Scan", "Parent Relationship": "Inner", "Relation Name": "movie_companies", "Alias": "mc", "Startup Cost": 0.29, "Total Cost": 4.31, "Plan Rows": 2, "Plan Width": 12, "Recheck Cond": "(movie_id = t.id)", "Plans": [{"Node Type": "Bitmap Index Scan", "Parent Relationship": "Outer", "Index Name": "movie_id_movie_companies", "Startup Cost": 0.0, "Total Cost": 0.29, "Plan Rows": 2, "Plan Width": 0, "Index Cond": "(movie_id = t.id)"}]}]}, {"Node Type": "Bitmap Heap Scan", "Parent Relationship": "Inner", "Relation Name": "company_name", "Alias": "cn", "Startup Cost": 0.26, "Total Cost": 4.27, "Plan Rows": 1, "Plan Width": 4, "Recheck Cond": "(id = mc.company_id)", "Filter": "((country_code)::text = '[us]'::text)", "Plans": [{"Node Type": "Bitmap Index Scan", "Parent Relationship": "Outer", "Index Name": "company_name_pkey", "Startup Cost": 0.0, "Total Cost": 0.26, "Plan Rows": 1, "Plan Width": 0, "Index Cond": "(id = mc.company_id)"}]}]}, {"Node Type": "Materialize", "Parent Relationship": "Inner", "Startup Cost": 8.27, "Total Cost": 12.31, "Plan Rows": 3, "Plan Width": 4, "Plans": [{"Node Type": "Bitmap Heap Scan", "Parent Relationship": "Outer", "Relation Name": "company_type", "Alias": "ct", "Startup Cost": 8.27, "Total Cost": 12.3, "Plan Rows": 3, "Plan Width": 4, "Plans": [{"Node Type": "Bitmap Index Scan", "Parent Relationship": "Outer", "Index Name": "company_type_pkey", "Startup Cost": 0.0, "Total Cost": 8.27, "Plan Rows": 3, "Plan Width": 0}]}]}]}, {"Node Type": "Bitmap Heap Scan", "Parent Relationship": "Inner", "Relation Name": "aka_title", "Alias": "at", "Startup Cost": 0.27, "Total Cost": 4.31, "Plan Rows": 3, "Plan Width": 25, "Recheck Cond": "(movie_id = mc.movie_id)", "Plans": [{"Node Type": "Bitmap Index Scan", "Parent Relationship": "Outer", "Index Name": "movie_id_aka_title", "Startup Cost": 0.0, "Total Cost": 0.27, "Plan Rows": 3, "Plan Width": 0, "Index Cond": "(movie_id = mc.movie_id)"}]}]}, {"Node Type": "Bitmap Heap Scan", "Parent Relationship": "Inner", "Relation Name": "movie_keyword", "Alias": "mk", "Startup Cost": 0.34, "Total Cost": 4.44, "Plan Rows": 8, "Plan Width": 8, "Recheck Cond": "(movie_id = mc.movie_id)", "Plans": [{"Node Type": "Bitmap Index Scan", "Parent Relationship": "Outer", "Index Name": "movie_id_movie_keyword", "Startup Cost": 0.0, "Total Cost": 0.34, "Plan Rows": 8, "Plan Width": 0, "Index Cond": "(movie_id = mc.movie_id)"}]}]}, {"Node Type": "Hash", "Parent Relationship": "Inner", "Startup Cost": 2853.33, "Total Cost": 2853.33, "Plan Rows": 134169, "Plan Width": 4, "Plans": [{"Node Type": "Bitmap Heap Scan", "Parent Relationship": "Outer", "Relation Name": "keyword", "Alias": "k", "Startup Cost": 752.64, "Total Cost": 2853.33, "Plan Rows": 134169, "Plan Width": 4, "Plans": [{"Node Type": "Bitmap Index Scan", "Parent Relationship": "Outer", "Index Name": "keyword_pkey", "Startup Cost": 0.0, "Total Cost": 719.1, "Plan Rows": 134169, "Plan Width": 0}]}]}]}]}, "Unique SQL Id": 2302223328, "Planner Runtime": 210}, "explain_analyze_plan": null}, "(16, 4)": {"explain_plan": {"Plan": {"Node Type": "Aggregate", "Strategy": "Plain", "Startup Cost": 40166.52, "Total Cost": 40166.53, "Plan Rows": 1, "Plan Width": 102, "Plans": [{"Node Type": "Nested Loop", "Parent Relationship": "Outer", "Join Type": "Inner", "Startup Cost": 0.0, "Total Cost": 40131.31, "Plan Rows": 7042, "Plan Width": 38, "Inner Unique": true, "Plans": [{"Node Type": "Nested Loop", "Parent Relationship": "Outer", "Join Type": "Inner", "Startup Cost": 0.0, "Total Cost": 38154.75, "Plan Rows": 7042, "Plan Width": 42, "Inner Unique": false, "Join Filter": "(t.id = mk.movie_id)", "Plans": [{"Node Type": "Nested Loop", "Parent Relationship": "Outer", "Join Type": "Inner", "Startup Cost": 0.0, "Total Cost": 37663.77, "Plan Rows": 873, "Plan Width": 54, "Inner Unique": true, "Join Filter": "(at.movie_id = t.id)", "Plans": [{"Node Type": "Nested Loop", "Parent Relationship": "Outer", "Join Type": "Inner", "Startup Cost": 0.0, "Total Cost": 37441.69, "Plan Rows": 630, "Plan Width": 33, "Inner Unique": true, "Join Filter": "(mc.company_type_id = ct.id)", "Plans": [{"Node Type": "Nested Loop", "Parent Relationship": "Outer", "Join Type": "Inner", "Startup Cost": 0.0, "Total Cost": 37412.3, "Plan Rows": 630, "Plan Width": 37, "Inner Unique": true, "Plans": [{"Node Type": "Nested Loop", "Parent Relationship": "Outer", "Join Type": "Inner", "Startup Cost": 0.0, "Total Cost": 37109.68, "Plan Rows": 1052, "Plan Width": 41, "Inner Unique": false, "Plans": [{"Node Type": "Nested Loop", "Parent Relationship": "Outer", "Join Type": "Inner", "Startup Cost": 0.0, "Total Cost": 36820.6, "Plan Rows": 490, "Plan Width": 29, "Inner Unique": false, "Plans": [{"Node Type": "Nested Loop", "Parent Relationship": "Outer", "Join Type": "Inner", "Startup Cost": 0.0, "Total Cost": 36344.91, "Plan Rows": 192, "Plan Width": 4, "Inner Unique": false, "Join Filter": "(it1.id = mi.info_type_id)", "Plans": [{"Node Type": "Seq Scan", "Parent Relationship": "Outer", "Relation Name": "info_type", "Alias": "it1", "Startup Cost": 0.0, "Total Cost": 2.4, "Plan Rows": 1, "Plan Width": 4, "Filter": "((info)::text = 'release dates'::text)"}, {"Node Type": "Materialize", "Parent Relationship": "Inner", "Startup Cost": 0.0, "Total Cost": 36208.32, "Plan Rows": 13419, "Plan Width": 8, "Plans": [{"Node Type": "Streaming(type: LOCAL GATHER dop: 1/16)", "Parent Relationship": "Outer", "Startup Cost": 0.0, "Total Cost": 36174.77, "Plan Rows": 13419, "Plan Width": 8, "Plans": [{"Node Type": "Seq Scan", "Parent Relationship": "Outer", "Relation Name": "movie_info", "Alias": "mi", "Startup Cost": 0.0, "Total Cost": 35885.16, "Plan Rows": 13419, "Plan Width": 8, "Filter": "((note)::text ~~ '%internet%'::text)"}]}]}]}, {"Node Type": "Index Scan", "Parent Relationship": "Inner", "Scan Direction": "Forward", "Index Name": "movie_id_aka_title", "Relation Name": "aka_title", "Alias": "at", "Startup Cost": 0.0, "Total Cost": 2.45, "Plan Rows": 3, "Plan Width": 25, "Index Cond": "(movie_id = mi.movie_id)"}]}, {"Node Type": "Index Scan", "Parent Relationship": "Inner", "Scan Direction": "Forward", "Index Name": "movie_id_movie_companies", "Relation Name": "movie_companies", "Alias": "mc", "Startup Cost": 0.0, "Total Cost": 0.57, "Plan Rows": 2, "Plan Width": 12, "Index Cond": "(movie_id = at.movie_id)"}]}, {"Node Type": "Index Scan", "Parent Relationship": "Inner", "Scan Direction": "Forward", "Index Name": "company_name_pkey", "Relation Name": "company_name", "Alias": "cn", "Startup Cost": 0.0, "Total Cost": 0.28, "Plan Rows": 1, "Plan Width": 4, "Index Cond": "(id = mc.company_id)", "Filter": "((country_code)::text = '[us]'::text)"}]}, {"Node Type": "Materialize", "Parent Relationship": "Inner", "Startup Cost": 0.0, "Total Cost": 1.04, "Plan Rows": 3, "Plan Width": 4, "Plans": [{"Node Type": "Seq Scan", "Parent Relationship": "Outer", "Relation Name": "company_type", "Alias": "ct", "Startup Cost": 0.0, "Total Cost": 1.03, "Plan Rows": 3, "Plan Width": 4}]}]}, {"Node Type": "Index Scan", "Parent Relationship": "Inner", "Scan Direction": "Forward", "Index Name": "title_pkey", "Relation Name": "title", "Alias": "t", "Startup Cost": 0.0, "Total Cost": 0.34, "Plan Rows": 1, "Plan Width": 21, "Index Cond": "(id = mc.movie_id)", "Filter": "(production_year > 1990)"}]}, {"Node Type": "Index Scan", "Parent Relationship": "Inner", "Scan Direction": "Forward", "Index Name": "movie_id_movie_keyword", "Relation Name": "movie_keyword", "Alias": "mk", "Startup Cost": 0.0, "Total Cost": 0.46, "Plan Rows": 8, "Plan Width": 8, "Index Cond": "(movie_id = mc.movie_id)"}]}, {"Node Type": "Index Scan", "Parent Relationship": "Inner", "Scan Direction": "Forward", "Index Name": "keyword_pkey", "Relation Name": "keyword", "Alias": "k", "Startup Cost": 0.0, "Total Cost": 0.27, "Plan Rows": 1, "Plan Width": 4, "Index Cond": "(id = mk.keyword_id)"}]}]}, "Unique SQL Id": 2302223328, "Planner Runtime": 387}, "explain_analyze_plan": {"Plan": {"Node Type": "Aggregate", "Strategy": "Plain", "Startup Cost": 40166.52, "Total Cost": 40166.53, "Plan Rows": 1, "Plan Width": 102, "Actual Min Startup Time": 350.105, "Actual Max Startup Time": 350.105, "Actual Min Total Time": 350.106, "Actual Max Total Time": 350.106, "Plans": [{"Node Type": "Nested Loop", "Parent Relationship": "Outer", "Join Type": "Inner", "Startup Cost": 0.0, "Total Cost": 40131.31, "Plan Rows": 7042, "Plan Width": 38, "Actual Min Startup Time": 271.261, "Actual Max Startup Time": 271.261, "Actual Min Total Time": 347.397, "Actual Max Total Time": 347.397, "Inner Unique": true, "Plans": [{"Node Type": "Nested Loop", "Parent Relationship": "Outer", "Join Type": "Inner", "Startup Cost": 0.0, "Total Cost": 38154.75, "Plan Rows": 7042, "Plan Width": 42, "Actual Min Startup Time": 271.248, "Actual Max Startup Time": 271.248, "Actual Min Total Time": 330.154, "Actual Max Total Time": 330.154, "Inner Unique": false, "Join Filter": "(t.id = mk.movie_id)", "Rows Removed by Join Filter": 0, "Plans": [{"Node Type": "Nested Loop", "Parent Relationship": "Outer", "Join Type": "Inner", "Startup Cost": 0.0, "Total Cost": 37663.77, "Plan Rows": 873, "Plan Width": 54, "Actual Min Startup Time": 270.682, "Actual Max Startup Time": 270.682, "Actual Min Total Time": 324.365, "Actual Max Total Time": 324.365, "Inner Unique": true, "Join Filter": "(at.movie_id = t.id)", "Rows Removed by Join Filter": 0, "Plans": [{"Node Type": "Nested Loop", "Parent Relationship": "Outer", "Join Type": "Inner", "Startup Cost": 0.0, "Total Cost": 37441.69, "Plan Rows": 630, "Plan Width": 33, "Actual Min Startup Time": 270.664, "Actual Max Startup Time": 270.664, "Actual Min Total Time": 322.06, "Actual Max Total Time": 322.06, "Inner Unique": true, "Join Filter": "(mc.company_type_id = ct.id)", "Rows Removed by Join Filter": 1542, "Plans": [{"Node Type": "Nested Loop", "Parent Relationship": "Outer", "Join Type": "Inner", "Startup Cost": 0.0, "Total Cost": 37412.3, "Plan Rows": 630, "Plan Width": 37, "Actual Min Startup Time": 270.634, "Actual Max Startup Time": 270.634, "Actual Min Total Time": 321.124, "Actual Max Total Time": 321.124, "Inner Unique": true, "Plans": [{"Node Type": "Nested Loop", "Parent Relationship": "Outer", "Join Type": "Inner", "Startup Cost": 0.0, "Total Cost": 37109.68, "Plan Rows": 1052, "Plan Width": 41, "Actual Min Startup Time": 270.618, "Actual Max Startup Time": 270.618, "Actual Min Total Time": 311.019, "Actual Max Total Time": 311.019, "Inner Unique": false, "Plans": [{"Node Type": "Nested Loop", "Parent Relationship": "Outer", "Join Type": "Inner", "Startup Cost": 0.0, "Total Cost": 36820.6, "Plan Rows": 490, "Plan Width": 29, "Actual Min Startup Time": 270.593, "Actual Max Startup Time": 270.593, "Actual Min Total Time": 306.032, "Actual Max Total Time": 306.032, "Inner Unique": false, "Plans": [{"Node Type": "Nested Loop", "Parent Relationship": "Outer", "Join Type": "Inner", "Startup Cost": 0.0, "Total Cost": 36344.91, "Plan Rows": 192, "Plan Width": 4, "Actual Min Startup Time": 270.471, "Actual Max Startup Time": 270.471, "Actual Min Total Time": 276.078, "Actual Max Total Time": 276.078, "Inner Unique": false, "Join Filter": "(it1.id = mi.info_type_id)", "Rows Removed by Join Filter": 131, "Plans": [{"Node Type": "Seq Scan", "Parent Relationship": "Outer", "Relation Name": "info_type", "Alias": "it1", "Startup Cost": 0.0, "Total Cost": 2.4, "Plan Rows": 1, "Plan Width": 4, "Actual Min Startup Time": 0.071, "Actual Max Startup Time": 0.071, "Actual Min Total Time": 0.097, "Actual Max Total Time": 0.097, "Filter": "((info)::text = 'release dates'::text)", "Rows Removed by Filter": 111, "Actual Rows": 1}, {"Node Type": "Materialize", "Parent Relationship": "Inner", "Startup Cost": 0.0, "Total Cost": 36208.32, "Plan Rows": 13419, "Plan Width": 8, "Actual Min Startup Time": 270.373, "Actual Max Startup Time": 270.373, "Actual Min Total Time": 271.874, "Actual Max Total Time": 271.874, "Plans": [{"Node Type": "Streaming(type: LOCAL GATHER dop: 1/16)", "Parent Relationship": "Outer", "Startup Cost": 0.0, "Total Cost": 36174.77, "Plan Rows": 13419, "Plan Width": 8, "Actual Min Startup Time": 91.283, "Actual Max Startup Time": 91.283, "Actual Min Total Time": 268.557, "Actual Max Total Time": 268.557, "Plans": [{"Node Type": "Seq Scan", "Parent Relationship": "Outer", "Relation Name": "movie_info", "Alias": "mi", "Startup Cost": 0.0, "Total Cost": 35885.16, "Plan Rows": 13419, "Plan Width": 8, "Actual Min Startup Time": 6.913, "Actual Max Startup Time": 73.232, "Actual Min Total Time": 247.752, "Actual Max Total Time": 254.014, "Filter": "((note)::text ~~ '%internet%'::text)", "Rows Removed by Filter": 14824909, "Actual Rows": 10810}], "Actual Rows": 10810}], "Actual Rows": 10811}], "Actual Rows": 10679}, {"Node Type": "Index Scan", "Parent Relationship": "Inner", "Scan Direction": "Forward", "Index Name": "movie_id_aka_title", "Relation Name": "aka_title", "Alias": "at", "Startup Cost": 0.0, "Total Cost": 2.45, "Plan Rows": 3, "Plan Width": 25, "Actual Min Startup Time": 24.472, "Actual Max Startup Time": 24.472, "Actual Min Total Time": 24.952, "Actual Max Total Time": 24.952, "Index Cond": "(movie_id = mi.movie_id)", "Rows Removed by Index Recheck": 0, "Actual Rows": 591}], "Actual Rows": 591}, {"Node Type": "Index Scan", "Parent Relationship": "Inner", "Scan Direction": "Forward", "Index Name": "movie_id_movie_companies", "Relation Name": "movie_companies", "Alias": "mc", "Startup Cost": 0.0, "Total Cost": 0.57, "Plan Rows": 2, "Plan Width": 12, "Actual Min Startup Time": 2.869, "Actual Max Startup Time": 2.869, "Actual Min Total Time": 4.163, "Actual Max Total Time": 4.163, "Index Cond": "(movie_id = at.movie_id)", "Rows Removed by Index Recheck": 0, "Actual Rows": 2130}], "Actual Rows": 2130}, {"Node Type": "Index Scan", "Parent Relationship": "Inner", "Scan Direction": "Forward", "Index Name": "company_name_pkey", "Relation Name": "company_name", "Alias": "cn", "Startup Cost": 0.0, "Total Cost": 0.28, "Plan Rows": 1, "Plan Width": 4, "Actual Min Startup Time": 8.746, "Actual Max Startup Time": 8.746, "Actual Min Total Time": 8.746, "Actual Max Total Time": 8.746, "Index Cond": "(id = mc.company_id)", "Rows Removed by Index Recheck": 0, "Filter": "((country_code)::text = '[us]'::text)", "Rows Removed by Filter": 1234, "Actual Rows": 896}], "Actual Rows": 896}, {"Node Type": "Materialize", "Parent Relationship": "Inner", "Startup Cost": 0.0, "Total Cost": 1.04, "Plan Rows": 3, "Plan Width": 4, "Actual Min Startup Time": 0.114, "Actual Max Startup Time": 0.114, "Actual Min Total Time": 0.257, "Actual Max Total Time": 0.257, "Plans": [{"Node Type": "Seq Scan", "Parent Relationship": "Outer", "Relation Name": "company_type", "Alias": "ct", "Startup Cost": 0.0, "Total Cost": 1.03, "Plan Rows": 3, "Plan Width": 4, "Actual Min Startup Time": 0.005, "Actual Max Startup Time": 0.005, "Actual Min Total Time": 0.007, "Actual Max Total Time": 0.007, "Actual Rows": 3}], "Actual Rows": 1924}], "Actual Rows": 382}, {"Node Type": "Index Scan", "Parent Relationship": "Inner", "Scan Direction": "Forward", "Index Name": "title_pkey", "Relation Name": "title", "Alias": "t", "Startup Cost": 0.0, "Total Cost": 0.34, "Plan Rows": 1, "Plan Width": 21, "Actual Min Startup Time": 1.828, "Actual Max Startup Time": 1.828, "Actual Min Total Time": 1.828, "Actual Max Total Time": 1.828, "Index Cond": "(id = mc.movie_id)", "Rows Removed by Index Recheck": 0, "Filter": "(production_year > 1990)", "Rows Removed by Filter": 0, "Actual Rows": 382}], "Actual Rows": 382}, {"Node Type": "Index Scan", "Parent Relationship": "Inner", "Scan Direction": "Forward", "Index Name": "movie_id_movie_keyword", "Relation Name": "movie_keyword", "Alias": "mk", "Startup Cost": 0.0, "Total Cost": 0.46, "Plan Rows": 8, "Plan Width": 8, "Actual Min Startup Time": 1.931, "Actual Max Startup Time": 1.931, "Actual Min Total Time": 3.743, "Actual Max Total Time": 3.743, "Index Cond": "(movie_id = mc.movie_id)", "Rows Removed by Index Recheck": 0, "Actual Rows": 4371}], "Actual Rows": 4371}, {"Node Type": "Index Scan", "Parent Relationship": "Inner", "Scan Direction": "Forward", "Index Name": "keyword_pkey", "Relation Name": "keyword", "Alias": "k", "Startup Cost": 0.0, "Total Cost": 0.27, "Plan Rows": 1, "Plan Width": 4, "Actual Min Startup Time": 13.97, "Actual Max Startup Time": 13.97, "Actual Min Total Time": 13.97, "Actual Max Total Time": 13.97, "Index Cond": "(id = mk.keyword_id)", "Rows Removed by Index Recheck": 0, "Actual Rows": 4371}], "Actual Rows": 4371}], "Actual Rows": 1}, "Triggers": [], "Planner Runtime": 385, "Total Runtime": 353.267, "Unique SQL Id": 2302223328}}, "(16, 5)": {"explain_plan": {"Plan": {"Node Type": "Aggregate", "Strategy": "Plain", "Startup Cost": 167728.77, "Total Cost": 167728.78, "Plan Rows": 1, "Plan Width": 102, "Plans": [{"Node Type": "Nested Loop", "Parent Relationship": "Outer", "Join Type": "Inner", "Startup Cost": 4841.51, "Total Cost": 167693.56, "Plan Rows": 7042, "Plan Width": 38, "Inner Unique": true, "Plans": [{"Node Type": "Nested Loop", "Parent Relationship": "Outer", "Join Type": "Inner", "Startup Cost": 4841.51, "Total Cost": 165716.99, "Plan Rows": 7042, "Plan Width": 42, "Inner Unique": false, "Join Filter": "(t.id = mk.movie_id)", "Plans": [{"Node Type": "Nested Loop", "Parent Relationship": "Outer", "Join Type": "Inner", "Startup Cost": 4841.51, "Total Cost": 165226.02, "Plan Rows": 873, "Plan Width": 54, "Inner Unique": true, "Join Filter": "(at.movie_id = t.id)", "Plans": [{"Node Type": "Nested Loop", "Parent Relationship": "Outer", "Join Type": "Inner", "Startup Cost": 4841.51, "Total Cost": 165003.93, "Plan Rows": 630, "Plan Width": 33, "Inner Unique": true, "Join Filter": "(mc.company_type_id = ct.id)", "Plans": [{"Node Type": "Nested Loop", "Parent Relationship": "Outer", "Join Type": "Inner", "Startup Cost": 4841.51, "Total Cost": 164963.28, "Plan Rows": 630, "Plan Width": 37, "Inner Unique": true, "Plans": [{"Node Type": "Nested Loop", "Parent Relationship": "Outer", "Join Type": "Inner", "Startup Cost": 4841.51, "Total Cost": 164660.66, "Plan Rows": 1052, "Plan Width": 41, "Inner Unique": false, "Plans": [{"Node Type": "Nested Loop", "Parent Relationship": "Outer", "Join Type": "Inner", "Startup Cost": 4841.51, "Total Cost": 164371.58, "Plan Rows": 490, "Plan Width": 29, "Inner Unique": false, "Plans": [{"Node Type": "Nested Loop", "Parent Relationship": "Outer", "Join Type": "Inner", "Startup Cost": 4841.51, "Total Cost": 163895.89, "Plan Rows": 192, "Plan Width": 4, "Inner Unique": false, "Plans": [{"Node Type": "Index Scan", "Parent Relationship": "Outer", "Scan Direction": "Forward", "Index Name": "info_type_pkey", "Relation Name": "info_type", "Alias": "it1", "Startup Cost": 0.0, "Total Cost": 14.21, "Plan Rows": 1, "Plan Width": 4, "Filter": "((info)::text = 'release dates'::text)"}, {"Node Type": "Bitmap Heap Scan", "Parent Relationship": "Inner", "Relation Name": "movie_info", "Alias": "mi", "Startup Cost": 4841.51, "Total Cost": 163879.76, "Plan Rows": 192, "Plan Width": 8, "Recheck Cond": "(info_type_id = it1.id)", "Filter": "((note)::text ~~ '%internet%'::text)", "Plans": [{"Node Type": "Bitmap Index Scan", "Parent Relationship": "Outer", "Index Name": "info_type_id_movie_info", "Startup Cost": 0.0, "Total Cost": 4841.46, "Plan Rows": 212428, "Plan Width": 0, "Index Cond": "(info_type_id = it1.id)"}]}]}, {"Node Type": "Index Scan", "Parent Relationship": "Inner", "Scan Direction": "Forward", "Index Name": "movie_id_aka_title", "Relation Name": "aka_title", "Alias": "at", "Startup Cost": 0.0, "Total Cost": 2.45, "Plan Rows": 3, "Plan Width": 25, "Index Cond": "(movie_id = mi.movie_id)"}]}, {"Node Type": "Index Scan", "Parent Relationship": "Inner", "Scan Direction": "Forward", "Index Name": "movie_id_movie_companies", "Relation Name": "movie_companies", "Alias": "mc", "Startup Cost": 0.0, "Total Cost": 0.57, "Plan Rows": 2, "Plan Width": 12, "Index Cond": "(movie_id = at.movie_id)"}]}, {"Node Type": "Index Scan", "Parent Relationship": "Inner", "Scan Direction": "Forward", "Index Name": "company_name_pkey", "Relation Name": "company_name", "Alias": "cn", "Startup Cost": 0.0, "Total Cost": 0.28, "Plan Rows": 1, "Plan Width": 4, "Index Cond": "(id = mc.company_id)", "Filter": "((country_code)::text = '[us]'::text)"}]}, {"Node Type": "Materialize", "Parent Relationship": "Inner", "Startup Cost": 0.0, "Total Cost": 12.31, "Plan Rows": 3, "Plan Width": 4, "Plans": [{"Node Type": "Index Scan", "Parent Relationship": "Outer", "Scan Direction": "Forward", "Index Name": "company_type_pkey", "Relation Name": "company_type", "Alias": "ct", "Startup Cost": 0.0, "Total Cost": 12.29, "Plan Rows": 3, "Plan Width": 4}]}]}, {"Node Type": "Index Scan", "Parent Relationship": "Inner", "Scan Direction": "Forward", "Index Name": "title_pkey", "Relation Name": "title", "Alias": "t", "Startup Cost": 0.0, "Total Cost": 0.34, "Plan Rows": 1, "Plan Width": 21, "Index Cond": "(id = mc.movie_id)", "Filter": "(production_year > 1990)"}]}, {"Node Type": "Index Scan", "Parent Relationship": "Inner", "Scan Direction": "Forward", "Index Name": "movie_id_movie_keyword", "Relation Name": "movie_keyword", "Alias": "mk", "Startup Cost": 0.0, "Total Cost": 0.46, "Plan Rows": 8, "Plan Width": 8, "Index Cond": "(movie_id = mc.movie_id)"}]}, {"Node Type": "Index Scan", "Parent Relationship": "Inner", "Scan Direction": "Forward", "Index Name": "keyword_pkey", "Relation Name": "keyword", "Alias": "k", "Startup Cost": 0.0, "Total Cost": 0.27, "Plan Rows": 1, "Plan Width": 4, "Index Cond": "(id = mk.keyword_id)"}]}]}, "Unique SQL Id": 2302223328, "Planner Runtime": 333}, "explain_analyze_plan": {"Plan": {"Node Type": "Aggregate", "Strategy": "Plain", "Startup Cost": 167728.77, "Total Cost": 167728.78, "Plan Rows": 1, "Plan Width": 102, "Actual Startup Time": 1732.782, "Actual Total Time": 1732.782, "Actual Rows": 1, "Actual Loops": 1, "Plans": [{"Node Type": "Nested Loop", "Parent Relationship": "Outer", "Join Type": "Inner", "Startup Cost": 4841.51, "Total Cost": 167693.56, "Plan Rows": 7042, "Plan Width": 38, "Actual Startup Time": 529.819, "Actual Total Time": 1729.886, "Actual Rows": 4371, "Actual Loops": 1, "Inner Unique": true, "Plans": [{"Node Type": "Nested Loop", "Parent Relationship": "Outer", "Join Type": "Inner", "Startup Cost": 4841.51, "Total Cost": 165716.99, "Plan Rows": 7042, "Plan Width": 42, "Actual Startup Time": 529.794, "Actual Total Time": 1711.123, "Actual Rows": 4371, "Actual Loops": 1, "Inner Unique": false, "Join Filter": "(t.id = mk.movie_id)", "Rows Removed by Join Filter": 0, "Plans": [{"Node Type": "Nested Loop", "Parent Relationship": "Outer", "Join Type": "Inner", "Startup Cost": 4841.51, "Total Cost": 165226.02, "Plan Rows": 873, "Plan Width": 54, "Actual Startup Time": 499.93, "Actual Total Time": 1704.965, "Actual Rows": 382, "Actual Loops": 1, "Inner Unique": true, "Join Filter": "(at.movie_id = t.id)", "Rows Removed by Join Filter": 0, "Plans": [{"Node Type": "Nested Loop", "Parent Relationship": "Outer", "Join Type": "Inner", "Startup Cost": 4841.51, "Total Cost": 165003.93, "Plan Rows": 630, "Plan Width": 33, "Actual Startup Time": 499.893, "Actual Total Time": 1702.068, "Actual Rows": 382, "Actual Loops": 1, "Inner Unique": true, "Join Filter": "(mc.company_type_id = ct.id)", "Rows Removed by Join Filter": 1542, "Plans": [{"Node Type": "Nested Loop", "Parent Relationship": "Outer", "Join Type": "Inner", "Startup Cost": 4841.51, "Total Cost": 164963.28, "Plan Rows": 630, "Plan Width": 37, "Actual Startup Time": 494.182, "Actual Total Time": 1700.906, "Actual Rows": 896, "Actual Loops": 1, "Inner Unique": true, "Plans": [{"Node Type": "Nested Loop", "Parent Relationship": "Outer", "Join Type": "Inner", "Startup Cost": 4841.51, "Total Cost": 164660.66, "Plan Rows": 1052, "Plan Width": 41, "Actual Startup Time": 494.143, "Actual Total Time": 1689.034, "Actual Rows": 2130, "Actual Loops": 1, "Inner Unique": false, "Plans": [{"Node Type": "Nested Loop", "Parent Relationship": "Outer", "Join Type": "Inner", "Startup Cost": 4841.51, "Total Cost": 164371.58, "Plan Rows": 490, "Plan Width": 29, "Actual Startup Time": 490.281, "Actual Total Time": 1683.081, "Actual Rows": 591, "Actual Loops": 1, "Inner Unique": false, "Plans": [{"Node Type": "Nested Loop", "Parent Relationship": "Outer", "Join Type": "Inner", "Startup Cost": 4841.51, "Total Cost": 163895.89, "Plan Rows": 192, "Plan Width": 4, "Actual Startup Time": 489.754, "Actual Total Time": 1649.168, "Actual Rows": 10679, "Actual Loops": 1, "Inner Unique": false, "Plans": [{"Node Type": "Index Scan", "Parent Relationship": "Outer", "Scan Direction": "Forward", "Index Name": "info_type_pkey", "Relation Name": "info_type", "Alias": "it1", "Startup Cost": 0.0, "Total Cost": 14.21, "Plan Rows": 1, "Plan Width": 4, "Actual Startup Time": 0.054, "Actual Total Time": 0.109, "Actual Rows": 1, "Actual Loops": 1, "Filter": "((info)::text = 'release dates'::text)", "Rows Removed by Filter": 111}, {"Node Type": "Bitmap Heap Scan", "Parent Relationship": "Inner", "Relation Name": "movie_info", "Alias": "mi", "Startup Cost": 4841.51, "Total Cost": 163879.76, "Plan Rows": 192, "Plan Width": 8, "Actual Startup Time": 489.691, "Actual Total Time": 1646.586, "Actual Rows": 10679, "Actual Loops": 1, "Recheck Cond": "(info_type_id = it1.id)", "Rows Removed by Index Recheck": 0, "Filter": "((note)::text ~~ '%internet%'::text)", "Rows Removed by Filter": 3026040, "Exact Heap Blocks": 21947, "Lossy Heap Blocks": 21947, "Plans": [{"Node Type": "Bitmap Index Scan", "Parent Relationship": "Outer", "Index Name": "info_type_id_movie_info", "Startup Cost": 0.0, "Total Cost": 4841.46, "Plan Rows": 212428, "Plan Width": 0, "Actual Startup Time": 484.323, "Actual Total Time": 484.323, "Actual Rows": 3036719, "Actual Loops": 1, "Index Cond": "(info_type_id = it1.id)"}]}]}, {"Node Type": "Index Scan", "Parent Relationship": "Inner", "Scan Direction": "Forward", "Index Name": "movie_id_aka_title", "Relation Name": "aka_title", "Alias": "at", "Startup Cost": 0.0, "Total Cost": 2.45, "Plan Rows": 3, "Plan Width": 25, "Actual Startup Time": 27.416, "Actual Total Time": 27.991, "Actual Rows": 591, "Actual Loops": 10679, "Index Cond": "(movie_id = mi.movie_id)", "Rows Removed by Index Recheck": 0}]}, {"Node Type": "Index Scan", "Parent Relationship": "Inner", "Scan Direction": "Forward", "Index Name": "movie_id_movie_companies", "Relation Name": "movie_companies", "Alias": "mc", "Startup Cost": 0.0, "Total Cost": 0.57, "Plan Rows": 2, "Plan Width": 12, "Actual Startup Time": 3.453, "Actual Total Time": 4.931, "Actual Rows": 2130, "Actual Loops": 591, "Index Cond": "(movie_id = at.movie_id)", "Rows Removed by Index Recheck": 0}]}, {"Node Type": "Index Scan", "Parent Relationship": "Inner", "Scan Direction": "Forward", "Index Name": "company_name_pkey", "Relation Name": "company_name", "Alias": "cn", "Startup Cost": 0.0, "Total Cost": 0.28, "Plan Rows": 1, "Plan Width": 4, "Actual Startup Time": 10.287, "Actual Total Time": 10.287, "Actual Rows": 896, "Actual Loops": 2130, "Index Cond": "(id = mc.company_id)", "Rows Removed by Index Recheck": 0, "Filter": "((country_code)::text = '[us]'::text)", "Rows Removed by Filter": 1234}]}, {"Node Type": "Materialize", "Parent Relationship": "Inner", "Startup Cost": 0.0, "Total Cost": 12.31, "Plan Rows": 3, "Plan Width": 4, "Actual Startup Time": 0.189, "Actual Total Time": 0.335, "Actual Rows": 1924, "Actual Loops": 896, "Plans": [{"Node Type": "Index Scan", "Parent Relationship": "Outer", "Scan Direction": "Forward", "Index Name": "company_type_pkey", "Relation Name": "company_type", "Alias": "ct", "Startup Cost": 0.0, "Total Cost": 12.29, "Plan Rows": 3, "Plan Width": 4, "Actual Startup Time": 0.01, "Actual Total Time": 0.013, "Actual Rows": 3, "Actual Loops": 1}]}]}, {"Node Type": "Index Scan", "Parent Relationship": "Inner", "Scan Direction": "Forward", "Index Name": "title_pkey", "Relation Name": "title", "Alias": "t", "Startup Cost": 0.0, "Total Cost": 0.34, "Plan Rows": 1, "Plan Width": 21, "Actual Startup Time": 2.2, "Actual Total Time": 2.2, "Actual Rows": 382, "Actual Loops": 382, "Index Cond": "(id = mc.movie_id)", "Rows Removed by Index Recheck": 0, "Filter": "(production_year > 1990)", "Rows Removed by Filter": 0}]}, {"Node Type": "Index Scan", "Parent Relationship": "Inner", "Scan Direction": "Forward", "Index Name": "movie_id_movie_keyword", "Relation Name": "movie_keyword", "Alias": "mk", "Startup Cost": 0.0, "Total Cost": 0.46, "Plan Rows": 8, "Plan Width": 8, "Actual Startup Time": 2.215, "Actual Total Time": 4.148, "Actual Rows": 4371, "Actual Loops": 382, "Index Cond": "(movie_id = mc.movie_id)", "Rows Removed by Index Recheck": 0}]}, {"Node Type": "Index Scan", "Parent Relationship": "Inner", "Scan Direction": "Forward", "Index Name": "keyword_pkey", "Relation Name": "keyword", "Alias": "k", "Startup Cost": 0.0, "Total Cost": 0.27, "Plan Rows": 1, "Plan Width": 4, "Actual Startup Time": 15.349, "Actual Total Time": 15.349, "Actual Rows": 4371, "Actual Loops": 4371, "Index Cond": "(id = mk.keyword_id)", "Rows Removed by Index Recheck": 0}]}]}, "Triggers": [], "Planner Runtime": 333, "Total Runtime": 1733.463, "Unique SQL Id": 2302223328}}, "(16, 6)": {"explain_plan": {"Plan": {"Node Type": "Aggregate", "Strategy": "Plain", "Startup Cost": 51169.59, "Total Cost": 51169.6, "Plan Rows": 1, "Plan Width": 102, "Plans": [{"Node Type": "Hash Join", "Parent Relationship": "Outer", "Join Type": "Inner", "Startup Cost": 3781.54, "Total Cost": 51134.38, "Plan Rows": 7042, "Plan Width": 38, "Inner Unique": true, "Hash Cond": "(mk.keyword_id = k.id)", "Plans": [{"Node Type": "Nested Loop", "Parent Relationship": "Outer", "Join Type": "Inner", "Startup Cost": 3.73, "Total Cost": 47261.14, "Plan Rows": 7042, "Plan Width": 42, "Inner Unique": false, "Join Filter": "(t.id = mk.movie_id)", "Plans": [{"Node Type": "Nested Loop", "Parent Relationship": "Outer", "Join Type": "Inner", "Startup Cost": 3.4, "Total Cost": 43299.44, "Plan Rows": 873, "Plan Width": 54, "Inner Unique": false, "Join Filter": "(t.id = at.movie_id)", "Plans": [{"Node Type": "Nested Loop", "Parent Relationship": "Outer", "Join Type": "Inner", "Startup Cost": 3.12, "Total Cost": 41220.32, "Plan Rows": 478, "Plan Width": 29, "Inner Unique": true, "Join Filter": "(mc.company_type_id = ct.id)", "Plans": [{"Node Type": "Nested Loop", "Parent Relationship": "Outer", "Join Type": "Inner", "Startup Cost": 3.12, "Total Cost": 41197.77, "Plan Rows": 478, "Plan Width": 33, "Inner Unique": true, "Plans": [{"Node Type": "Nested Loop", "Parent Relationship": "Outer", "Join Type": "Inner", "Startup Cost": 2.86, "Total Cost": 38764.82, "Plan Rows": 568, "Plan Width": 37, "Inner Unique": false, "Plans": [{"Node Type": "Nested Loop", "Parent Relationship": "Outer", "Join Type": "Inner", "Startup Cost": 2.58, "Total Cost": 37612.41, "Plan Rows": 266, "Plan Width": 25, "Inner Unique": true, "Plans": [{"Node Type": "Nested Loop", "Parent Relationship": "Outer", "Join Type": "Inner", "Startup Cost": 0.0, "Total Cost": 36344.91, "Plan Rows": 192, "Plan Width": 4, "Inner Unique": false, "Join Filter": "(it1.id = mi.info_type_id)", "Plans": [{"Node Type": "Seq Scan", "Parent Relationship": "Outer", "Relation Name": "info_type", "Alias": "it1", "Startup Cost": 0.0, "Total Cost": 2.4, "Plan Rows": 1, "Plan Width": 4, "Filter": "((info)::text = 'release dates'::text)"}, {"Node Type": "Materialize", "Parent Relationship": "Inner", "Startup Cost": 0.0, "Total Cost": 36208.32, "Plan Rows": 13419, "Plan Width": 8, "Plans": [{"Node Type": "Streaming(type: LOCAL GATHER dop: 1/16)", "Parent Relationship": "Outer", "Startup Cost": 0.0, "Total Cost": 36174.77, "Plan Rows": 13419, "Plan Width": 8, "Plans": [{"Node Type": "Seq Scan", "Parent Relationship": "Outer", "Relation Name": "movie_info", "Alias": "mi", "Startup Cost": 0.0, "Total Cost": 35885.16, "Plan Rows": 13419, "Plan Width": 8, "Filter": "((note)::text ~~ '%internet%'::text)"}]}]}]}, {"Node Type": "Bitmap Heap Scan", "Parent Relationship": "Inner", "Relation Name": "title", "Alias": "t", "Startup Cost": 2.58, "Total Cost": 6.59, "Plan Rows": 1, "Plan Width": 21, "Recheck Cond": "(id = mi.movie_id)", "Filter": "(production_year > 1990)", "Plans": [{"Node Type": "Bitmap Index Scan", "Parent Relationship": "Outer", "Index Name": "title_pkey", "Startup Cost": 0.0, "Total Cost": 2.58, "Plan Rows": 1, "Plan Width": 0, "Index Cond": "(id = mi.movie_id)"}]}]}, {"Node Type": "Bitmap Heap Scan", "Parent Relationship": "Inner", "Relation Name": "movie_companies", "Alias": "mc", "Startup Cost": 0.29, "Total Cost": 4.31, "Plan Rows": 2, "Plan Width": 12, "Recheck Cond": "(movie_id = t.id)", "Plans": [{"Node Type": "Bitmap Index Scan", "Parent Relationship": "Outer", "Index Name": "movie_id_movie_companies", "Startup Cost": 0.0, "Total Cost": 0.29, "Plan Rows": 2, "Plan Width": 0, "Index Cond": "(movie_id = t.id)"}]}]}, {"Node Type": "Bitmap Heap Scan", "Parent Relationship": "Inner", "Relation Name": "company_name", "Alias": "cn", "Startup Cost": 0.26, "Total Cost": 4.27, "Plan Rows": 1, "Plan Width": 4, "Recheck Cond": "(id = mc.company_id)", "Filter": "((country_code)::text = '[us]'::text)", "Plans": [{"Node Type": "Bitmap Index Scan", "Parent Relationship": "Outer", "Index Name": "company_name_pkey", "Startup Cost": 0.0, "Total Cost": 0.26, "Plan Rows": 1, "Plan Width": 0, "Index Cond": "(id = mc.company_id)"}]}]}, {"Node Type": "Materialize", "Parent Relationship": "Inner", "Startup Cost": 0.0, "Total Cost": 1.04, "Plan Rows": 3, "Plan Width": 4, "Plans": [{"Node Type": "Seq Scan", "Parent Relationship": "Outer", "Relation Name": "company_type", "Alias": "ct", "Startup Cost": 0.0, "Total Cost": 1.03, "Plan Rows": 3, "Plan Width": 4}]}]}, {"Node Type": "Bitmap Heap Scan", "Parent Relationship": "Inner", "Relation Name": "aka_title", "Alias": "at", "Startup Cost": 0.27, "Total Cost": 4.31, "Plan Rows": 3, "Plan Width": 25, "Recheck Cond": "(movie_id = mc.movie_id)", "Plans": [{"Node Type": "Bitmap Index Scan", "Parent Relationship": "Outer", "Index Name": "movie_id_aka_title", "Startup Cost": 0.0, "Total Cost": 0.27, "Plan Rows": 3, "Plan Width": 0, "Index Cond": "(movie_id = mc.movie_id)"}]}]}, {"Node Type": "Bitmap Heap Scan", "Parent Relationship": "Inner", "Relation Name": "movie_keyword", "Alias": "mk", "Startup Cost": 0.34, "Total Cost": 4.44, "Plan Rows": 8, "Plan Width": 8, "Recheck Cond": "(movie_id = mc.movie_id)", "Plans": [{"Node Type": "Bitmap Index Scan", "Parent Relationship": "Outer", "Index Name": "movie_id_movie_keyword", "Startup Cost": 0.0, "Total Cost": 0.34, "Plan Rows": 8, "Plan Width": 0, "Index Cond": "(movie_id = mc.movie_id)"}]}]}, {"Node Type": "Hash", "Parent Relationship": "Inner", "Startup Cost": 2100.69, "Total Cost": 2100.69, "Plan Rows": 134169, "Plan Width": 4, "Plans": [{"Node Type": "Seq Scan", "Parent Relationship": "Outer", "Relation Name": "keyword", "Alias": "k", "Startup Cost": 0.0, "Total Cost": 2100.69, "Plan Rows": 134169, "Plan Width": 4}]}]}]}, "Unique SQL Id": 2302223328, "Planner Runtime": 486}, "explain_analyze_plan": {"Plan": {"Node Type": "Aggregate", "Strategy": "Plain", "Startup Cost": 51169.59, "Total Cost": 51169.6, "Plan Rows": 1, "Plan Width": 102, "Actual Min Startup Time": 646.428, "Actual Max Startup Time": 646.428, "Actual Min Total Time": 646.428, "Actual Max Total Time": 646.428, "Plans": [{"Node Type": "Hash Join", "Parent Relationship": "Outer", "Join Type": "Inner", "Startup Cost": 3781.54, "Total Cost": 51134.38, "Plan Rows": 7042, "Plan Width": 38, "Actual Min Startup Time": 353.309, "Actual Max Startup Time": 353.309, "Actual Min Total Time": 643.897, "Actual Max Total Time": 643.897, "Inner Unique": true, "Hash Cond": "(mk.keyword_id = k.id)", "Plans": [{"Node Type": "Nested Loop", "Parent Relationship": "Outer", "Join Type": "Inner", "Startup Cost": 3.73, "Total Cost": 47261.14, "Plan Rows": 7042, "Plan Width": 42, "Actual Min Startup Time": 280.501, "Actual Max Startup Time": 280.501, "Actual Min Total Time": 568.946, "Actual Max Total Time": 568.946, "Inner Unique": false, "Join Filter": "(t.id = mk.movie_id)", "Rows Removed by Join Filter": 0, "Plans": [{"Node Type": "Nested Loop", "Parent Relationship": "Outer", "Join Type": "Inner", "Startup Cost": 3.4, "Total Cost": 43299.44, "Plan Rows": 873, "Plan Width": 54, "Actual Min Startup Time": 272.865, "Actual Max Startup Time": 272.865, "Actual Min Total Time": 563.245, "Actual Max Total Time": 563.245, "Inner Unique": false, "Join Filter": "(t.id = at.movie_id)", "Rows Removed by Join Filter": 0, "Plans": [{"Node Type": "Nested Loop", "Parent Relationship": "Outer", "Join Type": "Inner", "Startup Cost": 3.12, "Total Cost": 41220.32, "Plan Rows": 478, "Plan Width": 29, "Actual Min Startup Time": 272.084, "Actual Max Startup Time": 272.084, "Actual Min Total Time": 535.873, "Actual Max Total Time": 535.873, "Inner Unique": true, "Join Filter": "(mc.company_type_id = ct.id)", "Rows Removed by Join Filter": 11829, "Plans": [{"Node Type": "Nested Loop", "Parent Relationship": "Outer", "Join Type": "Inner", "Startup Cost": 3.12, "Total Cost": 41197.77, "Plan Rows": 478, "Plan Width": 33, "Actual Min Startup Time": 272.068, "Actual Max Startup Time": 272.068, "Actual Min Total Time": 526.434, "Actual Max Total Time": 526.434, "Inner Unique": true, "Plans": [{"Node Type": "Nested Loop", "Parent Relationship": "Outer", "Join Type": "Inner", "Startup Cost": 2.86, "Total Cost": 38764.82, "Plan Rows": 568, "Plan Width": 37, "Actual Min Startup Time": 272.007, "Actual Max Startup Time": 272.007, "Actual Min Total Time": 436.359, "Actual Max Total Time": 436.359, "Inner Unique": false, "Plans": [{"Node Type": "Nested Loop", "Parent Relationship": "Outer", "Join Type": "Inner", "Startup Cost": 2.58, "Total Cost": 37612.41, "Plan Rows": 266, "Plan Width": 25, "Actual Min Startup Time": 271.988, "Actual Max Startup Time": 271.988, "Actual Min Total Time": 353.386, "Actual Max Total Time": 353.386, "Inner Unique": true, "Plans": [{"Node Type": "Nested Loop", "Parent Relationship": "Outer", "Join Type": "Inner", "Startup Cost": 0.0, "Total Cost": 36344.91, "Plan Rows": 192, "Plan Width": 4, "Actual Min Startup Time": 271.919, "Actual Max Startup Time": 271.919, "Actual Min Total Time": 279.059, "Actual Max Total Time": 279.059, "Inner Unique": false, "Join Filter": "(it1.id = mi.info_type_id)", "Rows Removed by Join Filter": 131, "Plans": [{"Node Type": "Seq Scan", "Parent Relationship": "Outer", "Relation Name": "info_type", "Alias": "it1", "Startup Cost": 0.0, "Total Cost": 2.4, "Plan Rows": 1, "Plan Width": 4, "Actual Min Startup Time": 0.08, "Actual Max Startup Time": 0.08, "Actual Min Total Time": 0.111, "Actual Max Total Time": 0.111, "Filter": "((info)::text = 'release dates'::text)", "Rows Removed by Filter": 111, "Actual Rows": 1}, {"Node Type": "Materialize", "Parent Relationship": "Inner", "Startup Cost": 0.0, "Total Cost": 36208.32, "Plan Rows": 13419, "Plan Width": 8, "Actual Min Startup Time": 271.812, "Actual Max Startup Time": 271.812, "Actual Min Total Time": 273.837, "Actual Max Total Time": 273.837, "Plans": [{"Node Type": "Streaming(type: LOCAL GATHER dop: 1/16)", "Parent Relationship": "Outer", "Startup Cost": 0.0, "Total Cost": 36174.77, "Plan Rows": 13419, "Plan Width": 8, "Actual Min Startup Time": 93.284, "Actual Max Startup Time": 93.284, "Actual Min Total Time": 269.904, "Actual Max Total Time": 269.904, "Plans": [{"Node Type": "Seq Scan", "Parent Relationship": "Outer", "Relation Name": "movie_info", "Alias": "mi", "Startup Cost": 0.0, "Total Cost": 35885.16, "Plan Rows": 13419, "Plan Width": 8, "Actual Min Startup Time": 6.886, "Actual Max Startup Time": 75.117, "Actual Min Total Time": 246.784, "Actual Max Total Time": 253.881, "Filter": "((note)::text ~~ '%internet%'::text)", "Rows Removed by Filter": 14824909, "Actual Rows": 10810}], "Actual Rows": 10810}], "Actual Rows": 10811}], "Actual Rows": 10679}, {"Node Type": "Bitmap Heap Scan", "Parent Relationship": "Inner", "Relation Name": "title", "Alias": "t", "Startup Cost": 2.58, "Total Cost": 6.59, "Plan Rows": 1, "Plan Width": 21, "Actual Min Startup Time": 60.131, "Actual Max Startup Time": 60.131, "Actual Min Total Time": 60.131, "Actual Max Total Time": 60.131, "Recheck Cond": "(id = mi.movie_id)", "Rows Removed by Index Recheck": 0, "Filter": "(production_year > 1990)", "Rows Removed by Filter": 17, "Exact Heap Blocks": 10679, "Lossy Heap Blocks": 10679, "Plans": [{"Node Type": "Bitmap Index Scan", "Parent Relationship": "Outer", "Index Name": "title_pkey", "Startup Cost": 0.0, "Total Cost": 2.58, "Plan Rows": 1, "Plan Width": 0, "Actual Min Startup Time": 34.287, "Actual Max Startup Time": 34.287, "Actual Min Total Time": 34.287, "Actual Max Total Time": 34.287, "Index Cond": "(id = mi.movie_id)", "Actual Rows": 10679}], "Actual Rows": 10662}], "Actual Rows": 10662}, {"Node Type": "Bitmap Heap Scan", "Parent Relationship": "Inner", "Relation Name": "movie_companies", "Alias": "mc", "Startup Cost": 0.29, "Total Cost": 4.31, "Plan Rows": 2, "Plan Width": 12, "Actual Min Startup Time": 58.348, "Actual Max Startup Time": 58.348, "Actual Min Total Time": 66.31, "Actual Max Total Time": 66.31, "Recheck Cond": "(movie_id = t.id)", "Rows Removed by Index Recheck": 0, "Exact Heap Blocks": 11694, "Lossy Heap Blocks": 11694, "Plans": [{"Node Type": "Bitmap Index Scan", "Parent Relationship": "Outer", "Index Name": "movie_id_movie_companies", "Startup Cost": 0.0, "Total Cost": 0.29, "Plan Rows": 2, "Plan Width": 0, "Actual Min Startup Time": 38.405, "Actual Max Startup Time": 38.405, "Actual Min Total Time": 38.405, "Actual Max Total Time": 38.405, "Index Cond": "(movie_id = t.id)", "Actual Rows": 14377}], "Actual Rows": 14377}], "Actual Rows": 14377}, {"Node Type": "Bitmap Heap Scan", "Parent Relationship": "Inner", "Relation Name": "company_name", "Alias": "cn", "Startup Cost": 0.26, "Total Cost": 4.27, "Plan Rows": 1, "Plan Width": 4, "Actual Min Startup Time": 72.268, "Actual Max Startup Time": 72.268, "Actual Min Total Time": 72.268, "Actual Max Total Time": 72.268, "Recheck Cond": "(id = mc.company_id)", "Rows Removed by Index Recheck": 0, "Filter": "((country_code)::text = '[us]'::text)", "Rows Removed by Filter": 4520, "Exact Heap Blocks": 14377, "Lossy Heap Blocks": 14377, "Plans": [{"Node Type": "Bitmap Index Scan", "Parent Relationship": "Outer", "Index Name": "company_name_pkey", "Startup Cost": 0.0, "Total Cost": 0.26, "Plan Rows": 1, "Plan Width": 0, "Actual Min Startup Time": 41.147, "Actual Max Startup Time": 41.147, "Actual Min Total Time": 41.147, "Actual Max Total Time": 41.147, "Index Cond": "(id = mc.company_id)", "Actual Rows": 14377}], "Actual Rows": 9857}], "Actual Rows": 9857}, {"Node Type": "Materialize", "Parent Relationship": "Inner", "Startup Cost": 0.0, "Total Cost": 1.04, "Plan Rows": 3, "Plan Width": 4, "Actual Min Startup Time": 1.328, "Actual Max Startup Time": 1.328, "Actual Min Total Time": 2.33, "Actual Max Total Time": 2.33, "Plans": [{"Node Type": "Seq Scan", "Parent Relationship": "Outer", "Relation Name": "company_type", "Alias": "ct", "Startup Cost": 0.0, "Total Cost": 1.03, "Plan Rows": 3, "Plan Width": 4, "Actual Min Startup Time": 0.006, "Actual Max Startup Time": 0.006, "Actual Min Total Time": 0.008, "Actual Max Total Time": 0.008, "Actual Rows": 3}], "Actual Rows": 17743}], "Actual Rows": 5914}, {"Node Type": "Bitmap Heap Scan", "Parent Relationship": "Inner", "Relation Name": "aka_title", "Alias": "at", "Startup Cost": 0.27, "Total Cost": 4.31, "Plan Rows": 3, "Plan Width": 25, "Actual Min Startup Time": 19.709, "Actual Max Startup Time": 19.709, "Actual Min Total Time": 19.921, "Actual Max Total Time": 19.921, "Recheck Cond": "(movie_id = mc.movie_id)", "Rows Removed by Index Recheck": 0, "Exact Heap Blocks": 382, "Lossy Heap Blocks": 382, "Plans": [{"Node Type": "Bitmap Index Scan", "Parent Relationship": "Outer", "Index Name": "movie_id_aka_title", "Startup Cost": 0.0, "Total Cost": 0.27, "Plan Rows": 3, "Plan Width": 0, "Actual Min Startup Time": 15.963, "Actual Max Startup Time": 15.963, "Actual Min Total Time": 15.963, "Actual Max Total Time": 15.963, "Index Cond": "(movie_id = mc.movie_id)", "Actual Rows": 382}], "Actual Rows": 382}], "Actual Rows": 382}, {"Node Type": "Bitmap Heap Scan", "Parent Relationship": "Inner", "Relation Name": "movie_keyword", "Alias": "mk", "Startup Cost": 0.34, "Total Cost": 4.44, "Plan Rows": 8, "Plan Width": 8, "Actual Min Startup Time": 3.064, "Actual Max Startup Time": 3.064, "Actual Min Total Time": 3.655, "Actual Max Total Time": 3.655, "Recheck Cond": "(movie_id = mc.movie_id)", "Rows Removed by Index Recheck": 0, "Exact Heap Blocks": 276, "Lossy Heap Blocks": 276, "Plans": [{"Node Type": "Bitmap Index Scan", "Parent Relationship": "Outer", "Index Name": "movie_id_movie_keyword", "Startup Cost": 0.0, "Total Cost": 0.34, "Plan Rows": 8, "Plan Width": 0, "Actual Min Startup Time": 1.862, "Actual Max Startup Time": 1.862, "Actual Min Total Time": 1.862, "Actual Max Total Time": 1.862, "Index Cond": "(movie_id = mc.movie_id)", "Actual Rows": 4371}], "Actual Rows": 4371}], "Actual Rows": 4371}, {"Node Type": "Hash", "Parent Relationship": "Inner", "Startup Cost": 2100.69, "Total Cost": 2100.69, "Plan Rows": 134169, "Plan Width": 4, "Actual Min Startup Time": 72.571, "Actual Max Startup Time": 72.571, "Actual Min Total Time": 72.571, "Actual Max Total Time": 72.571, "Max Hash Buckets": 262144, "Min Hash Buckets": 262144, "Max Hash Batches": 1, "Min Hash Batches": 1, "Max Original Hash Batches": 1, "Min Original Hash Batches": 1, "Max Peak Memory Usage": 4717, "min Peak Memory Usage": 4717, "Plans": [{"Node Type": "Seq Scan", "Parent Relationship": "Outer", "Relation Name": "keyword", "Alias": "k", "Startup Cost": 0.0, "Total Cost": 2100.69, "Plan Rows": 134169, "Plan Width": 4, "Actual Min Startup Time": 0.04, "Actual Max Startup Time": 0.04, "Actual Min Total Time": 37.506, "Actual Max Total Time": 37.506, "Actual Rows": 134169}], "Actual Rows": 134169}], "Actual Rows": 4371}], "Actual Rows": 1}, "Triggers": [], "Planner Runtime": 486, "Total Runtime": 649.885, "Unique SQL Id": 2302223328}}, "(16, 7)": {"explain_plan": {"Plan": {"Node Type": "Aggregate", "Strategy": "Plain", "Startup Cost": 179484.47, "Total Cost": 179484.48, "Plan Rows": 1, "Plan Width": 102, "Plans": [{"Node Type": "Hash Join", "Parent Relationship": "Outer", "Join Type": "Inner", "Startup Cost": 9392.76, "Total Cost": 179449.26, "Plan Rows": 7042, "Plan Width": 38, "Inner Unique": true, "Hash Cond": "(mk.keyword_id = k.id)", "Plans": [{"Node Type": "Nested Loop", "Parent Relationship": "Outer", "Join Type": "Inner", "Startup Cost": 4862.32, "Total Cost": 174823.39, "Plan Rows": 7042, "Plan Width": 42, "Inner Unique": false, "Join Filter": "(t.id = mk.movie_id)", "Plans": [{"Node Type": "Nested Loop", "Parent Relationship": "Outer", "Join Type": "Inner", "Startup Cost": 4861.98, "Total Cost": 170861.69, "Plan Rows": 873, "Plan Width": 54, "Inner Unique": false, "Join Filter": "(t.id = at.movie_id)", "Plans": [{"Node Type": "Nested Loop", "Parent Relationship": "Outer", "Join Type": "Inner", "Startup Cost": 4861.71, "Total Cost": 168782.57, "Plan Rows": 478, "Plan Width": 29, "Inner Unique": true, "Join Filter": "(mc.company_type_id = ct.id)", "Plans": [{"Node Type": "Nested Loop", "Parent Relationship": "Outer", "Join Type": "Inner", "Startup Cost": 4853.44, "Total Cost": 168748.76, "Plan Rows": 478, "Plan Width": 33, "Inner Unique": true, "Plans": [{"Node Type": "Nested Loop", "Parent Relationship": "Outer", "Join Type": "Inner", "Startup Cost": 4853.18, "Total Cost": 166315.81, "Plan Rows": 568, "Plan Width": 37, "Inner Unique": false, "Plans": [{"Node Type": "Nested Loop", "Parent Relationship": "Outer", "Join Type": "Inner", "Startup Cost": 4852.89, "Total Cost": 165163.39, "Plan Rows": 266, "Plan Width": 25, "Inner Unique": true, "Plans": [{"Node Type": "Nested Loop", "Parent Relationship": "Outer", "Join Type": "Inner", "Startup Cost": 4850.32, "Total Cost": 163895.89, "Plan Rows": 192, "Plan Width": 4, "Inner Unique": false, "Plans": [{"Node Type": "Bitmap Heap Scan", "Parent Relationship": "Outer", "Relation Name": "info_type", "Alias": "it1", "Startup Cost": 8.81, "Total Cost": 14.21, "Plan Rows": 1, "Plan Width": 4, "Filter": "((info)::text = 'release dates'::text)", "Plans": [{"Node Type": "Bitmap Index Scan", "Parent Relationship": "Outer", "Index Name": "info_type_pkey", "Startup Cost": 0.0, "Total Cost": 8.81, "Plan Rows": 112, "Plan Width": 0}]}, {"Node Type": "Bitmap Heap Scan", "Parent Relationship": "Inner", "Relation Name": "movie_info", "Alias": "mi", "Startup Cost": 4841.51, "Total Cost": 163879.76, "Plan Rows": 192, "Plan Width": 8, "Recheck Cond": "(info_type_id = it1.id)", "Filter": "((note)::text ~~ '%internet%'::text)", "Plans": [{"Node Type": "Bitmap Index Scan", "Parent Relationship": "Outer", "Index Name": "info_type_id_movie_info", "Startup Cost": 0.0, "Total Cost": 4841.46, "Plan Rows": 212428, "Plan Width": 0, "Index Cond": "(info_type_id = it1.id)"}]}]}, {"Node Type": "Bitmap Heap Scan", "Parent Relationship": "Inner", "Relation Name": "title", "Alias": "t", "Startup Cost": 2.58, "Total Cost": 6.59, "Plan Rows": 1, "Plan Width": 21, "Recheck Cond": "(id = mi.movie_id)", "Filter": "(production_year > 1990)", "Plans": [{"Node Type": "Bitmap Index Scan", "Parent Relationship": "Outer", "Index Name": "title_pkey", "Startup Cost": 0.0, "Total Cost": 2.58, "Plan Rows": 1, "Plan Width": 0, "Index Cond": "(id = mi.movie_id)"}]}]}, {"Node Type": "Bitmap Heap Scan", "Parent Relationship": "Inner", "Relation Name": "movie_companies", "Alias": "mc", "Startup Cost": 0.29, "Total Cost": 4.31, "Plan Rows": 2, "Plan Width": 12, "Recheck Cond": "(movie_id = t.id)", "Plans": [{"Node Type": "Bitmap Index Scan", "Parent Relationship": "Outer", "Index Name": "movie_id_movie_companies", "Startup Cost": 0.0, "Total Cost": 0.29, "Plan Rows": 2, "Plan Width": 0, "Index Cond": "(movie_id = t.id)"}]}]}, {"Node Type": "Bitmap Heap Scan", "Parent Relationship": "Inner", "Relation Name": "company_name", "Alias": "cn", "Startup Cost": 0.26, "Total Cost": 4.27, "Plan Rows": 1, "Plan Width": 4, "Recheck Cond": "(id = mc.company_id)", "Filter": "((country_code)::text = '[us]'::text)", "Plans": [{"Node Type": "Bitmap Index Scan", "Parent Relationship": "Outer", "Index Name": "company_name_pkey", "Startup Cost": 0.0, "Total Cost": 0.26, "Plan Rows": 1, "Plan Width": 0, "Index Cond": "(id = mc.company_id)"}]}]}, {"Node Type": "Materialize", "Parent Relationship": "Inner", "Startup Cost": 8.27, "Total Cost": 12.31, "Plan Rows": 3, "Plan Width": 4, "Plans": [{"Node Type": "Bitmap Heap Scan", "Parent Relationship": "Outer", "Relation Name": "company_type", "Alias": "ct", "Startup Cost": 8.27, "Total Cost": 12.3, "Plan Rows": 3, "Plan Width": 4, "Plans": [{"Node Type": "Bitmap Index Scan", "Parent Relationship": "Outer", "Index Name": "company_type_pkey", "Startup Cost": 0.0, "Total Cost": 8.27, "Plan Rows": 3, "Plan Width": 0}]}]}]}, {"Node Type": "Bitmap Heap Scan", "Parent Relationship": "Inner", "Relation Name": "aka_title", "Alias": "at", "Startup Cost": 0.27, "Total Cost": 4.31, "Plan Rows": 3, "Plan Width": 25, "Recheck Cond": "(movie_id = mc.movie_id)", "Plans": [{"Node Type": "Bitmap Index Scan", "Parent Relationship": "Outer", "Index Name": "movie_id_aka_title", "Startup Cost": 0.0, "Total Cost": 0.27, "Plan Rows": 3, "Plan Width": 0, "Index Cond": "(movie_id = mc.movie_id)"}]}]}, {"Node Type": "Bitmap Heap Scan", "Parent Relationship": "Inner", "Relation Name": "movie_keyword", "Alias": "mk", "Startup Cost": 0.34, "Total Cost": 4.44, "Plan Rows": 8, "Plan Width": 8, "Recheck Cond": "(movie_id = mc.movie_id)", "Plans": [{"Node Type": "Bitmap Index Scan", "Parent Relationship": "Outer", "Index Name": "movie_id_movie_keyword", "Startup Cost": 0.0, "Total Cost": 0.34, "Plan Rows": 8, "Plan Width": 0, "Index Cond": "(movie_id = mc.movie_id)"}]}]}, {"Node Type": "Hash", "Parent Relationship": "Inner", "Startup Cost": 2853.33, "Total Cost": 2853.33, "Plan Rows": 134169, "Plan Width": 4, "Plans": [{"Node Type": "Bitmap Heap Scan", "Parent Relationship": "Outer", "Relation Name": "keyword", "Alias": "k", "Startup Cost": 752.64, "Total Cost": 2853.33, "Plan Rows": 134169, "Plan Width": 4, "Plans": [{"Node Type": "Bitmap Index Scan", "Parent Relationship": "Outer", "Index Name": "keyword_pkey", "Startup Cost": 0.0, "Total Cost": 719.1, "Plan Rows": 134169, "Plan Width": 0}]}]}]}]}, "Unique SQL Id": 2302223328, "Planner Runtime": 212}, "explain_analyze_plan": null}, "(16, 8)": {"explain_plan": {"Plan": {"Node Type": "Aggregate", "Strategy": "Plain", "Startup Cost": 40161.79, "Total Cost": 40161.8, "Plan Rows": 1, "Plan Width": 102, "Plans": [{"Node Type": "Nested Loop", "Parent Relationship": "Outer", "Join Type": "Inner", "Startup Cost": 0.0, "Total Cost": 40126.58, "Plan Rows": 7042, "Plan Width": 38, "Inner Unique": true, "Plans": [{"Node Type": "Nested Loop", "Parent Relationship": "Outer", "Join Type": "Inner", "Startup Cost": 0.0, "Total Cost": 38154.75, "Plan Rows": 7042, "Plan Width": 42, "Inner Unique": false, "Join Filter": "(t.id = mk.movie_id)", "Plans": [{"Node Type": "Nested Loop", "Parent Relationship": "Outer", "Join Type": "Inner", "Startup Cost": 0.0, "Total Cost": 37663.77, "Plan Rows": 873, "Plan Width": 54, "Inner Unique": true, "Join Filter": "(at.movie_id = t.id)", "Plans": [{"Node Type": "Nested Loop", "Parent Relationship": "Outer", "Join Type": "Inner", "Startup Cost": 0.0, "Total Cost": 37441.69, "Plan Rows": 630, "Plan Width": 33, "Inner Unique": true, "Join Filter": "(mc.company_type_id = ct.id)", "Plans": [{"Node Type": "Nested Loop", "Parent Relationship": "Outer", "Join Type": "Inner", "Startup Cost": 0.0, "Total Cost": 37412.3, "Plan Rows": 630, "Plan Width": 37, "Inner Unique": true, "Plans": [{"Node Type": "Nested Loop", "Parent Relationship": "Outer", "Join Type": "Inner", "Startup Cost": 0.0, "Total Cost": 37109.68, "Plan Rows": 1052, "Plan Width": 41, "Inner Unique": false, "Plans": [{"Node Type": "Nested Loop", "Parent Relationship": "Outer", "Join Type": "Inner", "Startup Cost": 0.0, "Total Cost": 36820.6, "Plan Rows": 490, "Plan Width": 29, "Inner Unique": false, "Plans": [{"Node Type": "Nested Loop", "Parent Relationship": "Outer", "Join Type": "Inner", "Startup Cost": 0.0, "Total Cost": 36344.91, "Plan Rows": 192, "Plan Width": 4, "Inner Unique": false, "Join Filter": "(it1.id = mi.info_type_id)", "Plans": [{"Node Type": "Seq Scan", "Parent Relationship": "Outer", "Relation Name": "info_type", "Alias": "it1", "Startup Cost": 0.0, "Total Cost": 2.4, "Plan Rows": 1, "Plan Width": 4, "Filter": "((info)::text = 'release dates'::text)"}, {"Node Type": "Materialize", "Parent Relationship": "Inner", "Startup Cost": 0.0, "Total Cost": 36208.32, "Plan Rows": 13419, "Plan Width": 8, "Plans": [{"Node Type": "Streaming(type: LOCAL GATHER dop: 1/16)", "Parent Relationship": "Outer", "Startup Cost": 0.0, "Total Cost": 36174.77, "Plan Rows": 13419, "Plan Width": 8, "Plans": [{"Node Type": "Seq Scan", "Parent Relationship": "Outer", "Relation Name": "movie_info", "Alias": "mi", "Startup Cost": 0.0, "Total Cost": 35885.16, "Plan Rows": 13419, "Plan Width": 8, "Filter": "((note)::text ~~ '%internet%'::text)"}]}]}]}, {"Node Type": "Index Scan", "Parent Relationship": "Inner", "Scan Direction": "Forward", "Index Name": "movie_id_aka_title", "Relation Name": "aka_title", "Alias": "at", "Startup Cost": 0.0, "Total Cost": 2.45, "Plan Rows": 3, "Plan Width": 25, "Index Cond": "(movie_id = mi.movie_id)"}]}, {"Node Type": "Index Scan", "Parent Relationship": "Inner", "Scan Direction": "Forward", "Index Name": "movie_id_movie_companies", "Relation Name": "movie_companies", "Alias": "mc", "Startup Cost": 0.0, "Total Cost": 0.57, "Plan Rows": 2, "Plan Width": 12, "Index Cond": "(movie_id = at.movie_id)"}]}, {"Node Type": "Index Scan", "Parent Relationship": "Inner", "Scan Direction": "Forward", "Index Name": "company_name_pkey", "Relation Name": "company_name", "Alias": "cn", "Startup Cost": 0.0, "Total Cost": 0.28, "Plan Rows": 1, "Plan Width": 4, "Index Cond": "(id = mc.company_id)", "Filter": "((country_code)::text = '[us]'::text)"}]}, {"Node Type": "Materialize", "Parent Relationship": "Inner", "Startup Cost": 0.0, "Total Cost": 1.04, "Plan Rows": 3, "Plan Width": 4, "Plans": [{"Node Type": "Seq Scan", "Parent Relationship": "Outer", "Relation Name": "company_type", "Alias": "ct", "Startup Cost": 0.0, "Total Cost": 1.03, "Plan Rows": 3, "Plan Width": 4}]}]}, {"Node Type": "Index Scan", "Parent Relationship": "Inner", "Scan Direction": "Forward", "Index Name": "title_pkey", "Relation Name": "title", "Alias": "t", "Startup Cost": 0.0, "Total Cost": 0.34, "Plan Rows": 1, "Plan Width": 21, "Index Cond": "(id = mc.movie_id)", "Filter": "(production_year > 1990)"}]}, {"Node Type": "Index Scan", "Parent Relationship": "Inner", "Scan Direction": "Forward", "Index Name": "movie_id_movie_keyword", "Relation Name": "movie_keyword", "Alias": "mk", "Startup Cost": 0.0, "Total Cost": 0.46, "Plan Rows": 8, "Plan Width": 8, "Index Cond": "(movie_id = mc.movie_id)"}]}, {"Node Type": "Index Only Scan", "Parent Relationship": "Inner", "Scan Direction": "Forward", "Index Name": "keyword_pkey", "Relation Name": "keyword", "Alias": "k", "Startup Cost": 0.0, "Total Cost": 0.27, "Plan Rows": 1, "Plan Width": 4, "Index Cond": "(id = mk.keyword_id)"}]}]}, "Unique SQL Id": 2302223328, "Planner Runtime": 385}, "explain_analyze_plan": {"Plan": {"Node Type": "Aggregate", "Strategy": "Plain", "Startup Cost": 40161.79, "Total Cost": 40161.8, "Plan Rows": 1, "Plan Width": 102, "Actual Min Startup Time": 347.243, "Actual Max Startup Time": 347.243, "Actual Min Total Time": 347.244, "Actual Max Total Time": 347.244, "Plans": [{"Node Type": "Nested Loop", "Parent Relationship": "Outer", "Join Type": "Inner", "Startup Cost": 0.0, "Total Cost": 40126.58, "Plan Rows": 7042, "Plan Width": 38, "Actual Min Startup Time": 271.981, "Actual Max Startup Time": 271.981, "Actual Min Total Time": 344.504, "Actual Max Total Time": 344.504, "Inner Unique": true, "Plans": [{"Node Type": "Nested Loop", "Parent Relationship": "Outer", "Join Type": "Inner", "Startup Cost": 0.0, "Total Cost": 38154.75, "Plan Rows": 7042, "Plan Width": 42, "Actual Min Startup Time": 271.966, "Actual Max Startup Time": 271.966, "Actual Min Total Time": 330.69, "Actual Max Total Time": 330.69, "Inner Unique": false, "Join Filter": "(t.id = mk.movie_id)", "Rows Removed by Join Filter": 0, "Plans": [{"Node Type": "Nested Loop", "Parent Relationship": "Outer", "Join Type": "Inner", "Startup Cost": 0.0, "Total Cost": 37663.77, "Plan Rows": 873, "Plan Width": 54, "Actual Min Startup Time": 271.41, "Actual Max Startup Time": 271.41, "Actual Min Total Time": 324.84, "Actual Max Total Time": 324.84, "Inner Unique": true, "Join Filter": "(at.movie_id = t.id)", "Rows Removed by Join Filter": 0, "Plans": [{"Node Type": "Nested Loop", "Parent Relationship": "Outer", "Join Type": "Inner", "Startup Cost": 0.0, "Total Cost": 37441.69, "Plan Rows": 630, "Plan Width": 33, "Actual Min Startup Time": 271.392, "Actual Max Startup Time": 271.392, "Actual Min Total Time": 322.584, "Actual Max Total Time": 322.584, "Inner Unique": true, "Join Filter": "(mc.company_type_id = ct.id)", "Rows Removed by Join Filter": 1542, "Plans": [{"Node Type": "Nested Loop", "Parent Relationship": "Outer", "Join Type": "Inner", "Startup Cost": 0.0, "Total Cost": 37412.3, "Plan Rows": 630, "Plan Width": 37, "Actual Min Startup Time": 271.364, "Actual Max Startup Time": 271.364, "Actual Min Total Time": 321.707, "Actual Max Total Time": 321.707, "Inner Unique": true, "Plans": [{"Node Type": "Nested Loop", "Parent Relationship": "Outer", "Join Type": "Inner", "Startup Cost": 0.0, "Total Cost": 37109.68, "Plan Rows": 1052, "Plan Width": 41, "Actual Min Startup Time": 271.348, "Actual Max Startup Time": 271.348, "Actual Min Total Time": 311.624, "Actual Max Total Time": 311.624, "Inner Unique": false, "Plans": [{"Node Type": "Nested Loop", "Parent Relationship": "Outer", "Join Type": "Inner", "Startup Cost": 0.0, "Total Cost": 36820.6, "Plan Rows": 490, "Plan Width": 29, "Actual Min Startup Time": 271.325, "Actual Max Startup Time": 271.325, "Actual Min Total Time": 306.687, "Actual Max Total Time": 306.687, "Inner Unique": false, "Plans": [{"Node Type": "Nested Loop", "Parent Relationship": "Outer", "Join Type": "Inner", "Startup Cost": 0.0, "Total Cost": 36344.91, "Plan Rows": 192, "Plan Width": 4, "Actual Min Startup Time": 271.211, "Actual Max Startup Time": 271.211, "Actual Min Total Time": 276.942, "Actual Max Total Time": 276.942, "Inner Unique": false, "Join Filter": "(it1.id = mi.info_type_id)", "Rows Removed by Join Filter": 131, "Plans": [{"Node Type": "Seq Scan", "Parent Relationship": "Outer", "Relation Name": "info_type", "Alias": "it1", "Startup Cost": 0.0, "Total Cost": 2.4, "Plan Rows": 1, "Plan Width": 4, "Actual Min Startup Time": 0.068, "Actual Max Startup Time": 0.068, "Actual Min Total Time": 0.094, "Actual Max Total Time": 0.094, "Filter": "((info)::text = 'release dates'::text)", "Rows Removed by Filter": 111, "Actual Rows": 1}, {"Node Type": "Materialize", "Parent Relationship": "Inner", "Startup Cost": 0.0, "Total Cost": 36208.32, "Plan Rows": 13419, "Plan Width": 8, "Actual Min Startup Time": 271.113, "Actual Max Startup Time": 271.113, "Actual Min Total Time": 272.636, "Actual Max Total Time": 272.636, "Plans": [{"Node Type": "Streaming(type: LOCAL GATHER dop: 1/16)", "Parent Relationship": "Outer", "Startup Cost": 0.0, "Total Cost": 36174.77, "Plan Rows": 13419, "Plan Width": 8, "Actual Min Startup Time": 93.03, "Actual Max Startup Time": 93.03, "Actual Min Total Time": 269.318, "Actual Max Total Time": 269.318, "Plans": [{"Node Type": "Seq Scan", "Parent Relationship": "Outer", "Relation Name": "movie_info", "Alias": "mi", "Startup Cost": 0.0, "Total Cost": 35885.16, "Plan Rows": 13419, "Plan Width": 8, "Actual Min Startup Time": 6.892, "Actual Max Startup Time": 73.114, "Actual Min Total Time": 246.378, "Actual Max Total Time": 253.778, "Filter": "((note)::text ~~ '%internet%'::text)", "Rows Removed by Filter": 14824909, "Actual Rows": 10810}], "Actual Rows": 10810}], "Actual Rows": 10811}], "Actual Rows": 10679}, {"Node Type": "Index Scan", "Parent Relationship": "Inner", "Scan Direction": "Forward", "Index Name": "movie_id_aka_title", "Relation Name": "aka_title", "Alias": "at", "Startup Cost": 0.0, "Total Cost": 2.45, "Plan Rows": 3, "Plan Width": 25, "Actual Min Startup Time": 24.337, "Actual Max Startup Time": 24.337, "Actual Min Total Time": 24.805, "Actual Max Total Time": 24.805, "Index Cond": "(movie_id = mi.movie_id)", "Rows Removed by Index Recheck": 0, "Actual Rows": 591}], "Actual Rows": 591}, {"Node Type": "Index Scan", "Parent Relationship": "Inner", "Scan Direction": "Forward", "Index Name": "movie_id_movie_companies", "Relation Name": "movie_companies", "Alias": "mc", "Startup Cost": 0.0, "Total Cost": 0.57, "Plan Rows": 2, "Plan Width": 12, "Actual Min Startup Time": 2.864, "Actual Max Startup Time": 2.864, "Actual Min Total Time": 4.112, "Actual Max Total Time": 4.112, "Index Cond": "(movie_id = at.movie_id)", "Rows Removed by Index Recheck": 0, "Actual Rows": 2130}], "Actual Rows": 2130}, {"Node Type": "Index Scan", "Parent Relationship": "Inner", "Scan Direction": "Forward", "Index Name": "company_name_pkey", "Relation Name": "company_name", "Alias": "cn", "Startup Cost": 0.0, "Total Cost": 0.28, "Plan Rows": 1, "Plan Width": 4, "Actual Min Startup Time": 8.679, "Actual Max Startup Time": 8.679, "Actual Min Total Time": 8.679, "Actual Max Total Time": 8.679, "Index Cond": "(id = mc.company_id)", "Rows Removed by Index Recheck": 0, "Filter": "((country_code)::text = '[us]'::text)", "Rows Removed by Filter": 1234, "Actual Rows": 896}], "Actual Rows": 896}, {"Node Type": "Materialize", "Parent Relationship": "Inner", "Startup Cost": 0.0, "Total Cost": 1.04, "Plan Rows": 3, "Plan Width": 4, "Actual Min Startup Time": 0.101, "Actual Max Startup Time": 0.101, "Actual Min Total Time": 0.24, "Actual Max Total Time": 0.24, "Plans": [{"Node Type": "Seq Scan", "Parent Relationship": "Outer", "Relation Name": "company_type", "Alias": "ct", "Startup Cost": 0.0, "Total Cost": 1.03, "Plan Rows": 3, "Plan Width": 4, "Actual Min Startup Time": 0.005, "Actual Max Startup Time": 0.005, "Actual Min Total Time": 0.009, "Actual Max Total Time": 0.009, "Actual Rows": 3}], "Actual Rows": 1924}], "Actual Rows": 382}, {"Node Type": "Index Scan", "Parent Relationship": "Inner", "Scan Direction": "Forward", "Index Name": "title_pkey", "Relation Name": "title", "Alias": "t", "Startup Cost": 0.0, "Total Cost": 0.34, "Plan Rows": 1, "Plan Width": 21, "Actual Min Startup Time": 1.794, "Actual Max Startup Time": 1.794, "Actual Min Total Time": 1.794, "Actual Max Total Time": 1.794, "Index Cond": "(id = mc.movie_id)", "Rows Removed by Index Recheck": 0, "Filter": "(production_year > 1990)", "Rows Removed by Filter": 0, "Actual Rows": 382}], "Actual Rows": 382}, {"Node Type": "Index Scan", "Parent Relationship": "Inner", "Scan Direction": "Forward", "Index Name": "movie_id_movie_keyword", "Relation Name": "movie_keyword", "Alias": "mk", "Startup Cost": 0.0, "Total Cost": 0.46, "Plan Rows": 8, "Plan Width": 8, "Actual Min Startup Time": 1.909, "Actual Max Startup Time": 1.909, "Actual Min Total Time": 3.975, "Actual Max Total Time": 3.975, "Index Cond": "(movie_id = mc.movie_id)", "Rows Removed by Index Recheck": 0, "Actual Rows": 4371}], "Actual Rows": 4371}, {"Node Type": "Index Only Scan", "Parent Relationship": "Inner", "Scan Direction": "Forward", "Index Name": "keyword_pkey", "Relation Name": "keyword", "Alias": "k", "Startup Cost": 0.0, "Total Cost": 0.27, "Plan Rows": 1, "Plan Width": 4, "Actual Min Startup Time": 10.844, "Actual Max Startup Time": 10.844, "Actual Min Total Time": 10.844, "Actual Max Total Time": 10.844, "Index Cond": "(id = mk.keyword_id)", "Rows Removed by Index Recheck": 0, "Heap Fetches": 0, "Actual Rows": 4371}], "Actual Rows": 4371}], "Actual Rows": 1}, "Triggers": [], "Planner Runtime": 385, "Total Runtime": 350.473, "Unique SQL Id": 2302223328}}, "(16, 9)": {"explain_plan": {"Plan": {"Node Type": "Aggregate", "Strategy": "Plain", "Startup Cost": 499523.79, "Total Cost": 499523.8, "Plan Rows": 1, "Plan Width": 102, "Plans": [{"Node Type": "Nested Loop", "Parent Relationship": "Outer", "Join Type": "Inner", "Startup Cost": 0.0, "Total Cost": 499488.58, "Plan Rows": 7042, "Plan Width": 38, "Inner Unique": true, "Plans": [{"Node Type": "Nested Loop", "Parent Relationship": "Outer", "Join Type": "Inner", "Startup Cost": 0.0, "Total Cost": 497516.75, "Plan Rows": 7042, "Plan Width": 42, "Inner Unique": false, "Join Filter": "(t.id = mk.movie_id)", "Plans": [{"Node Type": "Nested Loop", "Parent Relationship": "Outer", "Join Type": "Inner", "Startup Cost": 0.0, "Total Cost": 497025.77, "Plan Rows": 873, "Plan Width": 54, "Inner Unique": true, "Join Filter": "(at.movie_id = t.id)", "Plans": [{"Node Type": "Nested Loop", "Parent Relationship": "Outer", "Join Type": "Inner", "Startup Cost": 0.0, "Total Cost": 496803.69, "Plan Rows": 630, "Plan Width": 33, "Inner Unique": true, "Join Filter": "(mc.company_type_id = ct.id)", "Plans": [{"Node Type": "Nested Loop", "Parent Relationship": "Outer", "Join Type": "Inner", "Startup Cost": 0.0, "Total Cost": 496767.04, "Plan Rows": 630, "Plan Width": 37, "Inner Unique": true, "Plans": [{"Node Type": "Nested Loop", "Parent Relationship": "Outer", "Join Type": "Inner", "Startup Cost": 0.0, "Total Cost": 496464.42, "Plan Rows": 1052, "Plan Width": 41, "Inner Unique": false, "Plans": [{"Node Type": "Nested Loop", "Parent Relationship": "Outer", "Join Type": "Inner", "Startup Cost": 0.0, "Total Cost": 496175.34, "Plan Rows": 490, "Plan Width": 29, "Inner Unique": false, "Plans": [{"Node Type": "Nested Loop", "Parent Relationship": "Outer", "Join Type": "Inner", "Startup Cost": 0.0, "Total Cost": 495699.65, "Plan Rows": 192, "Plan Width": 4, "Inner Unique": false, "Plans": [{"Node Type": "Index Scan", "Parent Relationship": "Outer", "Scan Direction": "Forward", "Index Name": "info_type_pkey", "Relation Name": "info_type", "Alias": "it1", "Startup Cost": 0.0, "Total Cost": 14.21, "Plan Rows": 1, "Plan Width": 4, "Filter": "((info)::text = 'release dates'::text)"}, {"Node Type": "Index Scan", "Parent Relationship": "Inner", "Scan Direction": "Forward", "Index Name": "info_type_id_movie_info", "Relation Name": "movie_info", "Alias": "mi", "Startup Cost": 0.0, "Total Cost": 495683.52, "Plan Rows": 192, "Plan Width": 8, "Index Cond": "(info_type_id = it1.id)", "Filter": "((note)::text ~~ '%internet%'::text)"}]}, {"Node Type": "Index Scan", "Parent Relationship": "Inner", "Scan Direction": "Forward", "Index Name": "movie_id_aka_title", "Relation Name": "aka_title", "Alias": "at", "Startup Cost": 0.0, "Total Cost": 2.45, "Plan Rows": 3, "Plan Width": 25, "Index Cond": "(movie_id = mi.movie_id)"}]}, {"Node Type": "Index Scan", "Parent Relationship": "Inner", "Scan Direction": "Forward", "Index Name": "movie_id_movie_companies", "Relation Name": "movie_companies", "Alias": "mc", "Startup Cost": 0.0, "Total Cost": 0.57, "Plan Rows": 2, "Plan Width": 12, "Index Cond": "(movie_id = at.movie_id)"}]}, {"Node Type": "Index Scan", "Parent Relationship": "Inner", "Scan Direction": "Forward", "Index Name": "company_name_pkey", "Relation Name": "company_name", "Alias": "cn", "Startup Cost": 0.0, "Total Cost": 0.28, "Plan Rows": 1, "Plan Width": 4, "Index Cond": "(id = mc.company_id)", "Filter": "((country_code)::text = '[us]'::text)"}]}, {"Node Type": "Materialize", "Parent Relationship": "Inner", "Startup Cost": 0.0, "Total Cost": 8.31, "Plan Rows": 3, "Plan Width": 4, "Plans": [{"Node Type": "Index Only Scan", "Parent Relationship": "Outer", "Scan Direction": "Forward", "Index Name": "company_type_pkey", "Relation Name": "company_type", "Alias": "ct", "Startup Cost": 0.0, "Total Cost": 8.29, "Plan Rows": 3, "Plan Width": 4}]}]}, {"Node Type": "Index Scan", "Parent Relationship": "Inner", "Scan Direction": "Forward", "Index Name": "title_pkey", "Relation Name": "title", "Alias": "t", "Startup Cost": 0.0, "Total Cost": 0.34, "Plan Rows": 1, "Plan Width": 21, "Index Cond": "(id = mc.movie_id)", "Filter": "(production_year > 1990)"}]}, {"Node Type": "Index Scan", "Parent Relationship": "Inner", "Scan Direction": "Forward", "Index Name": "movie_id_movie_keyword", "Relation Name": "movie_keyword", "Alias": "mk", "Startup Cost": 0.0, "Total Cost": 0.46, "Plan Rows": 8, "Plan Width": 8, "Index Cond": "(movie_id = mc.movie_id)"}]}, {"Node Type": "Index Only Scan", "Parent Relationship": "Inner", "Scan Direction": "Forward", "Index Name": "keyword_pkey", "Relation Name": "keyword", "Alias": "k", "Startup Cost": 0.0, "Total Cost": 0.27, "Plan Rows": 1, "Plan Width": 4, "Index Cond": "(id = mk.keyword_id)"}]}]}, "Unique SQL Id": 2302223328, "Planner Runtime": 297}, "explain_analyze_plan": null}, "(16, 10)": {"explain_plan": {"Plan": {"Node Type": "Aggregate", "Strategy": "Plain", "Startup Cost": 149057.48, "Total Cost": 149057.49, "Plan Rows": 1, "Plan Width": 102, "Plans": [{"Node Type": "Nested Loop", "Parent Relationship": "Outer", "Join Type": "Inner", "Startup Cost": 111190.82, "Total Cost": 149022.27, "Plan Rows": 7042, "Plan Width": 38, "Inner Unique": true, "Join Filter": "(mc.company_type_id = ct.id)", "Plans": [{"Node Type": "Hash Join", "Parent Relationship": "Outer", "Join Type": "Inner", "Startup Cost": 111190.82, "Total Cost": 148704.34, "Plan Rows": 7042, "Plan Width": 42, "Inner Unique": true, "Hash Cond": "(mc.company_id = cn.id)", "Plans": [{"Node Type": "Streaming(type: LOCAL GATHER dop: 1/16)", "Parent Relationship": "Outer", "Startup Cost": 108650.33, "Total Cost": 146061.97, "Plan Rows": 11758, "Plan Width": 46, "Plans": [{"Node Type": "Hash Join", "Parent Relationship": "Outer", "Join Type": "Inner", "Startup Cost": 108650.33, "Total Cost": 145808.21, "Plan Rows": 11758, "Plan Width": 46, "Inner Unique": false, "Hash Cond": "(t.id = mc.movie_id)", "Plans": [{"Node Type": "Streaming(type: BROADCAST dop: 16/1)", "Parent Relationship": "Outer", "Startup Cost": 102208.56, "Total Cost": 139256.66, "Plan Rows": 87632, "Plan Width": 54, "Plans": [{"Node Type": "Hash Join", "Parent Relationship": "Outer", "Join Type": "Inner", "Startup Cost": 102208.56, "Total Cost": 122365.39, "Plan Rows": 5477, "Plan Width": 54, "Inner Unique": true, "Hash Cond": "(mk.keyword_id = k.id)", "Plans": [{"Node Type": "Streaming(type: LOCAL GATHER dop: 1/16)", "Parent Relationship": "Outer", "Startup Cost": 98430.75, "Total Cost": 118513.36, "Plan Rows": 5477, "Plan Width": 58, "Plans": [{"Node Type": "Hash Join", "Parent Relationship": "Outer", "Join Type": "Inner", "Startup Cost": 98430.75, "Total Cost": 118395.15, "Plan Rows": 5477, "Plan Width": 58, "Inner Unique": false, "Hash Cond": "(mk.movie_id = t.id)", "Plans": [{"Node Type": "Seq Scan", "Parent Relationship": "Outer", "Relation Name": "movie_keyword", "Alias": "mk", "Startup Cost": 0.0, "Total Cost": 18902.58, "Plan Rows": 4523929, "Plan Width": 8}, {"Node Type": "Hash", "Parent Relationship": "Inner", "Startup Cost": 98422.27, "Total Cost": 98422.27, "Plan Rows": 10864, "Plan Width": 50, "Plans": [{"Node Type": "Streaming(type: BROADCAST dop: 16/1)", "Parent Relationship": "Outer", "Startup Cost": 71936.81, "Total Cost": 98422.27, "Plan Rows": 10864, "Plan Width": 50, "Plans": [{"Node Type": "Hash Join", "Parent Relationship": "Outer", "Join Type": "Inner", "Startup Cost": 71936.81, "Total Cost": 83187.8, "Plan Rows": 679, "Plan Width": 50, "Inner Unique": false, "Hash Cond": "(at.movie_id = t.id)", "Plans": [{"Node Type": "Seq Scan", "Parent Relationship": "Outer", "Relation Name": "aka_title", "Alias": "at", "Startup Cost": 0.0, "Total Cost": 9894.71, "Plan Rows": 361471, "Plan Width": 25}, {"Node Type": "Hash", "Parent Relationship": "Inner", "Startup Cost": 71933.49, "Total Cost": 71933.49, "Plan Rows": 266, "Plan Width": 25, "Plans": [{"Node Type": "Streaming(type: LOCAL GATHER dop: 1/16)", "Parent Relationship": "Outer", "Startup Cost": 20515.65, "Total Cost": 71933.49, "Plan Rows": 266, "Plan Width": 25, "Plans": [{"Node Type": "Hash Join", "Parent Relationship": "Outer", "Join Type": "Inner", "Startup Cost": 20515.65, "Total Cost": 71927.75, "Plan Rows": 266, "Plan Width": 25, "Inner Unique": true, "Hash Cond": "(mi.movie_id = t.id)", "Plans": [{"Node Type": "Streaming(type: BROADCAST dop: 16/1)", "Parent Relationship": "Outer", "Startup Cost": 0.0, "Total Cost": 51411.21, "Plan Rows": 3072, "Plan Width": 4, "Plans": [{"Node Type": "Nested Loop", "Parent Relationship": "Outer", "Join Type": "Inner", "Startup Cost": 0.0, "Total Cost": 36344.91, "Plan Rows": 192, "Plan Width": 4, "Inner Unique": false, "Join Filter": "(it1.id = mi.info_type_id)", "Plans": [{"Node Type": "Seq Scan", "Parent Relationship": "Outer", "Relation Name": "info_type", "Alias": "it1", "Startup Cost": 0.0, "Total Cost": 2.4, "Plan Rows": 1, "Plan Width": 4, "Filter": "((info)::text = 'release dates'::text)"}, {"Node Type": "Materialize", "Parent Relationship": "Inner", "Startup Cost": 0.0, "Total Cost": 36208.32, "Plan Rows": 13419, "Plan Width": 8, "Plans": [{"Node Type": "Streaming(type: LOCAL GATHER dop: 1/16)", "Parent Relationship": "Outer", "Startup Cost": 0.0, "Total Cost": 36174.77, "Plan Rows": 13419, "Plan Width": 8, "Plans": [{"Node Type": "Seq Scan", "Parent Relationship": "Outer", "Relation Name": "movie_info", "Alias": "mi", "Startup Cost": 0.0, "Total Cost": 35885.16, "Plan Rows": 13419, "Plan Width": 8, "Filter": "((note)::text ~~ '%internet%'::text)"}]}]}]}]}, {"Node Type": "Hash", "Parent Relationship": "Inner", "Startup Cost": 19149.37, "Total Cost": 19149.37, "Plan Rows": 1748840, "Plan Width": 21, "Plans": [{"Node Type": "Seq Scan", "Parent Relationship": "Outer", "Relation Name": "title", "Alias": "t", "Startup Cost": 0.0, "Total Cost": 19149.37, "Plan Rows": 1748840, "Plan Width": 21, "Filter": "(production_year > 1990), (LLVM Optimized)"}]}]}]}]}]}]}]}]}]}, {"Node Type": "Hash", "Parent Relationship": "Inner", "Startup Cost": 2100.69, "Total Cost": 2100.69, "Plan Rows": 134169, "Plan Width": 4, "Plans": [{"Node Type": "Seq Scan", "Parent Relationship": "Outer", "Relation Name": "keyword", "Alias": "k", "Startup Cost": 0.0, "Total Cost": 2100.69, "Plan Rows": 134169, "Plan Width": 4}]}]}]}, {"Node Type": "Hash", "Parent Relationship": "Inner", "Startup Cost": 17613.58, "Total Cost": 17613.58, "Plan Rows": 2609128, "Plan Width": 12, "Plans": [{"Node Type": "Seq Scan", "Parent Relationship": "Outer", "Relation Name": "movie_companies", "Alias": "mc", "Startup Cost": 0.0, "Total Cost": 17613.58, "Plan Rows": 2609128, "Plan Width": 12}]}]}]}, {"Node Type": "Hash", "Parent Relationship": "Inner", "Startup Cost": 5903.45, "Total Cost": 5903.45, "Plan Rows": 85170, "Plan Width": 4, "Plans": [{"Node Type": "Seq Scan", "Parent Relationship": "Outer", "Relation Name": "company_name", "Alias": "cn", "Startup Cost": 0.0, "Total Cost": 5903.45, "Plan Rows": 85170, "Plan Width": 4, "Filter": "((country_code)::text = '[us]'::text)"}]}]}, {"Node Type": "Materialize", "Parent Relationship": "Inner", "Startup Cost": 0.0, "Total Cost": 1.04, "Plan Rows": 3, "Plan Width": 4, "Plans": [{"Node Type": "Seq Scan", "Parent Relationship": "Outer", "Relation Name": "company_type", "Alias": "ct", "Startup Cost": 0.0, "Total Cost": 1.03, "Plan Rows": 3, "Plan Width": 4}]}]}]}, "Unique SQL Id": 2302223328, "Planner Runtime": 656}, "explain_analyze_plan": {"Plan": {"Node Type": "Aggregate", "Strategy": "Plain", "Startup Cost": 149057.48, "Total Cost": 149057.49, "Plan Rows": 1, "Plan Width": 102, "Actual Min Startup Time": 766.948, "Actual Max Startup Time": 766.948, "Actual Min Total Time": 766.948, "Actual Max Total Time": 766.948, "Plans": [{"Node Type": "Nested Loop", "Parent Relationship": "Outer", "Join Type": "Inner", "Startup Cost": 111190.82, "Total Cost": 149022.27, "Plan Rows": 7042, "Plan Width": 38, "Actual Min Startup Time": 673.617, "Actual Max Startup Time": 673.617, "Actual Min Total Time": 764.667, "Actual Max Total Time": 764.667, "Inner Unique": true, "Join Filter": "(mc.company_type_id = ct.id)", "Rows Removed by Join Filter": 20928, "Plans": [{"Node Type": "Hash Join", "Parent Relationship": "Outer", "Join Type": "Inner", "Startup Cost": 111190.82, "Total Cost": 148704.34, "Plan Rows": 7042, "Plan Width": 42, "Actual Min Startup Time": 659.463, "Actual Max Startup Time": 659.463, "Actual Min Total Time": 754.532, "Actual Max Total Time": 754.532, "Inner Unique": true, "Hash Cond": "(mc.company_id = cn.id)", "Plans": [{"Node Type": "Streaming(type: LOCAL GATHER dop: 1/16)", "Parent Relationship": "Outer", "Startup Cost": 108650.33, "Total Cost": 146061.97, "Plan Rows": 11758, "Plan Width": 46, "Actual Min Startup Time": 542.692, "Actual Max Startup Time": 542.692, "Actual Min Total Time": 627.832, "Actual Max Total Time": 627.832, "Plans": [{"Node Type": "Hash Join", "Parent Relationship": "Outer", "Join Type": "Inner", "Startup Cost": 108650.33, "Total Cost": 145808.21, "Plan Rows": 11758, "Plan Width": 46, "Actual Min Startup Time": 559.535, "Actual Max Startup Time": 615.696, "Actual Min Total Time": 657.61, "Actual Max Total Time": 705.116, "Inner Unique": false, "Hash Cond": "(t.id = mc.movie_id)", "Plans": [{"Node Type": "Streaming(type: BROADCAST dop: 16/1)", "Parent Relationship": "Outer", "Startup Cost": 102208.56, "Total Cost": 139256.66, "Plan Rows": 87632, "Plan Width": 54, "Actual Min Startup Time": 449.923, "Actual Max Startup Time": 502.313, "Actual Min Total Time": 550.035, "Actual Max Total Time": 604.181, "Plans": [{"Node Type": "Hash Join", "Parent Relationship": "Outer", "Join Type": "Inner", "Startup Cost": 102208.56, "Total Cost": 122365.39, "Plan Rows": 5477, "Plan Width": 54, "Actual Min Startup Time": 557.805, "Actual Max Startup Time": 557.805, "Actual Min Total Time": 607.945, "Actual Max Total Time": 607.945, "Inner Unique": true, "Hash Cond": "(mk.keyword_id = k.id)", "Plans": [{"Node Type": "Streaming(type: LOCAL GATHER dop: 1/16)", "Parent Relationship": "Outer", "Startup Cost": 98430.75, "Total Cost": 118513.36, "Plan Rows": 5477, "Plan Width": 58, "Actual Min Startup Time": 479.074, "Actual Max Startup Time": 479.074, "Actual Min Total Time": 525.493, "Actual Max Total Time": 525.493, "Plans": [{"Node Type": "Hash Join", "Parent Relationship": "Outer", "Join Type": "Inner", "Startup Cost": 98430.75, "Total Cost": 118395.15, "Plan Rows": 5477, "Plan Width": 58, "Actual Min Startup Time": 541.013, "Actual Max Startup Time": 583.902, "Actual Min Total Time": 641.901, "Actual Max Total Time": 673.886, "Inner Unique": false, "Hash Cond": "(mk.movie_id = t.id)", "Plans": [{"Node Type": "Seq Scan", "Parent Relationship": "Outer", "Relation Name": "movie_keyword", "Alias": "mk", "Startup Cost": 0.0, "Total Cost": 18902.58, "Plan Rows": 4523929, "Plan Width": 8, "Actual Min Startup Time": 0.065, "Actual Max Startup Time": 0.084, "Actual Min Total Time": 57.419, "Actual Max Total Time": 63.62, "Actual Rows": 4523929}, {"Node Type": "Hash", "Parent Relationship": "Inner", "Startup Cost": 98422.27, "Total Cost": 98422.27, "Plan Rows": 10864, "Plan Width": 50, "Actual Min Startup Time": 539.981, "Actual Max Startup Time": 561.9, "Actual Min Total Time": 539.981, "Actual Max Total Time": 561.9, "Max Hash Buckets": 32768, "Min Hash Buckets": 32768, "Max Hash Batches": 1, "Min Hash Batches": 1, "Max Original Hash Batches": 1, "Min Original Hash Batches": 1, "Max Peak Memory Usage": 52, "min Peak Memory Usage": 52, "Plans": [{"Node Type": "Streaming(type: BROADCAST dop: 16/1)", "Parent Relationship": "Outer", "Startup Cost": 71936.81, "Total Cost": 98422.27, "Plan Rows": 10864, "Plan Width": 50, "Actual Min Startup Time": 389.981, "Actual Max Startup Time": 411.91, "Actual Min Total Time": 539.758, "Actual Max Total Time": 561.67, "Plans": [{"Node Type": "Hash Join", "Parent Relationship": "Outer", "Join Type": "Inner", "Startup Cost": 71936.81, "Total Cost": 83187.8, "Plan Rows": 679, "Plan Width": 50, "Actual Min Startup Time": 396.185, "Actual Max Startup Time": 396.185, "Actual Min Total Time": 555.319, "Actual Max Total Time": 555.319, "Inner Unique": false, "Hash Cond": "(at.movie_id = t.id)", "Plans": [{"Node Type": "Seq Scan", "Parent Relationship": "Outer", "Relation Name": "aka_title", "Alias": "at", "Startup Cost": 0.0, "Total Cost": 9894.71, "Plan Rows": 361471, "Plan Width": 25, "Actual Min Startup Time": 0.049, "Actual Max Startup Time": 0.049, "Actual Min Total Time": 92.499, "Actual Max Total Time": 92.499, "Actual Rows": 361471}, {"Node Type": "Hash", "Parent Relationship": "Inner", "Startup Cost": 71933.49, "Total Cost": 71933.49, "Plan Rows": 266, "Plan Width": 25, "Actual Min Startup Time": 396.059, "Actual Max Startup Time": 396.059, "Actual Min Total Time": 396.059, "Actual Max Total Time": 396.059, "Max Hash Buckets": 32768, "Min Hash Buckets": 32768, "Max Hash Batches": 1, "Min Hash Batches": 1, "Max Original Hash Batches": 1, "Min Original Hash Batches": 1, "Max Peak Memory Usage": 627, "min Peak Memory Usage": 627, "Plans": [{"Node Type": "Streaming(type: LOCAL GATHER dop: 1/16)", "Parent Relationship": "Outer", "Startup Cost": 20515.65, "Total Cost": 71933.49, "Plan Rows": 266, "Plan Width": 25, "Actual Min Startup Time": 282.218, "Actual Max Startup Time": 282.218, "Actual Min Total Time": 393.266, "Actual Max Total Time": 393.266, "Plans": [{"Node Type": "Hash Join", "Parent Relationship": "Outer", "Join Type": "Inner", "Startup Cost": 20515.65, "Total Cost": 71927.75, "Plan Rows": 266, "Plan Width": 25, "Actual Min Startup Time": 233.069, "Actual Max Startup Time": 278.242, "Actual Min Total Time": 358.564, "Actual Max Total Time": 403.121, "Inner Unique": true, "Hash Cond": "(mi.movie_id = t.id)", "Plans": [{"Node Type": "Streaming(type: BROADCAST dop: 16/1)", "Parent Relationship": "Outer", "Startup Cost": 0.0, "Total Cost": 51411.21, "Plan Rows": 3072, "Plan Width": 4, "Actual Min Startup Time": 130.885, "Actual Max Startup Time": 169.58, "Actual Min Total Time": 252.322, "Actual Max Total Time": 289.287, "Plans": [{"Node Type": "Nested Loop", "Parent Relationship": "Outer", "Join Type": "Inner", "Startup Cost": 0.0, "Total Cost": 36344.91, "Plan Rows": 192, "Plan Width": 4, "Actual Min Startup Time": 270.744, "Actual Max Startup Time": 270.744, "Actual Min Total Time": 275.508, "Actual Max Total Time": 275.508, "Inner Unique": false, "Join Filter": "(it1.id = mi.info_type_id)", "Rows Removed by Join Filter": 131, "Plans": [{"Node Type": "Seq Scan", "Parent Relationship": "Outer", "Relation Name": "info_type", "Alias": "it1", "Startup Cost": 0.0, "Total Cost": 2.4, "Plan Rows": 1, "Plan Width": 4, "Actual Min Startup Time": 0.07, "Actual Max Startup Time": 0.07, "Actual Min Total Time": 0.102, "Actual Max Total Time": 0.102, "Filter": "((info)::text = 'release dates'::text)", "Rows Removed by Filter": 111, "Actual Rows": 1}, {"Node Type": "Materialize", "Parent Relationship": "Inner", "Startup Cost": 0.0, "Total Cost": 36208.32, "Plan Rows": 13419, "Plan Width": 8, "Actual Min Startup Time": 270.641, "Actual Max Startup Time": 270.641, "Actual Min Total Time": 271.832, "Actual Max Total Time": 271.832, "Plans": [{"Node Type": "Streaming(type: LOCAL GATHER dop: 1/16)", "Parent Relationship": "Outer", "Startup Cost": 0.0, "Total Cost": 36174.77, "Plan Rows": 13419, "Plan Width": 8, "Actual Min Startup Time": 71.554, "Actual Max Startup Time": 71.554, "Actual Min Total Time": 268.89, "Actual Max Total Time": 268.89, "Plans": [{"Node Type": "Seq Scan", "Parent Relationship": "Outer", "Relation Name": "movie_info", "Alias": "mi", "Startup Cost": 0.0, "Total Cost": 35885.16, "Plan Rows": 13419, "Plan Width": 8, "Actual Min Startup Time": 6.892, "Actual Max Startup Time": 73.663, "Actual Min Total Time": 247.413, "Actual Max Total Time": 281.772, "Filter": "((note)::text ~~ '%internet%'::text)", "Rows Removed by Filter": 14824909, "Actual Rows": 10810}], "Actual Rows": 10810}], "Actual Rows": 10811}], "Actual Rows": 10679}], "Actual Rows": 170864}, {"Node Type": "Hash", "Parent Relationship": "Inner", "Startup Cost": 19149.37, "Total Cost": 19149.37, "Plan Rows": 1748840, "Plan Width": 21, "Actual Min Startup Time": 98.243, "Actual Max Startup Time": 108.416, "Actual Min Total Time": 98.243, "Actual Max Total Time": 108.416, "Max Hash Buckets": 131072, "Min Hash Buckets": 131072, "Max Hash Batches": 1, "Min Hash Batches": 1, "Max Original Hash Batches": 1, "Min Original Hash Batches": 1, "Max Peak Memory Usage": 5962, "min Peak Memory Usage": 5962, "Plans": [{"Node Type": "Seq Scan", "Parent Relationship": "Outer", "Relation Name": "title", "Alias": "t", "Startup Cost": 0.0, "Total Cost": 19149.37, "Plan Rows": 1748840, "Plan Width": 21, "Actual Min Startup Time": 0.024, "Actual Max Startup Time": 0.041, "Actual Min Total Time": 63.82, "Actual Max Total Time": 72.299, "Filter": "(production_year > 1990), (LLVM Optimized, Jit Execute)", "Rows Removed by Filter": 779279, "Actual Rows": 1749032}], "Actual Rows": 1749032}], "Actual Rows": 10662}], "Actual Rows": 10662}], "Actual Rows": 10662}], "Actual Rows": 584}], "Actual Rows": 9344}], "Actual Rows": 9344}], "Actual Rows": 6320}], "Actual Rows": 6320}, {"Node Type": "Hash", "Parent Relationship": "Inner", "Startup Cost": 2100.69, "Total Cost": 2100.69, "Plan Rows": 134169, "Plan Width": 4, "Actual Min Startup Time": 78.501, "Actual Max Startup Time": 78.501, "Actual Min Total Time": 78.501, "Actual Max Total Time": 78.501, "Max Hash Buckets": 262144, "Min Hash Buckets": 262144, "Max Hash Batches": 1, "Min Hash Batches": 1, "Max Original Hash Batches": 1, "Min Original Hash Batches": 1, "Max Peak Memory Usage": 4717, "min Peak Memory Usage": 4717, "Plans": [{"Node Type": "Seq Scan", "Parent Relationship": "Outer", "Relation Name": "keyword", "Alias": "k", "Startup Cost": 0.0, "Total Cost": 2100.69, "Plan Rows": 134169, "Plan Width": 4, "Actual Min Startup Time": 0.042, "Actual Max Startup Time": 0.042, "Actual Min Total Time": 38.545, "Actual Max Total Time": 38.545, "Actual Rows": 134169}], "Actual Rows": 134169}], "Actual Rows": 6320}], "Actual Rows": 101120}, {"Node Type": "Hash", "Parent Relationship": "Inner", "Startup Cost": 17613.58, "Total Cost": 17613.58, "Plan Rows": 2609128, "Plan Width": 12, "Actual Min Startup Time": 88.315, "Actual Max Startup Time": 108.766, "Actual Min Total Time": 88.315, "Actual Max Total Time": 108.766, "Max Hash Buckets": 262144, "Min Hash Buckets": 262144, "Max Hash Batches": 1, "Min Hash Batches": 1, "Max Original Hash Batches": 1, "Min Original Hash Batches": 1, "Max Peak Memory Usage": 7164, "min Peak Memory Usage": 7164, "Plans": [{"Node Type": "Seq Scan", "Parent Relationship": "Outer", "Relation Name": "movie_companies", "Alias": "mc", "Startup Cost": 0.0, "Total Cost": 17613.58, "Plan Rows": 2609128, "Plan Width": 12, "Actual Min Startup Time": 0.031, "Actual Max Startup Time": 0.076, "Actual Min Total Time": 43.61, "Actual Max Total Time": 52.453, "Actual Rows": 2609128}], "Actual Rows": 2609128}], "Actual Rows": 39767}], "Actual Rows": 39767}, {"Node Type": "Hash", "Parent Relationship": "Inner", "Startup Cost": 5903.45, "Total Cost": 5903.45, "Plan Rows": 85170, "Plan Width": 4, "Actual Min Startup Time": 116.559, "Actual Max Startup Time": 116.559, "Actual Min Total Time": 116.559, "Actual Max Total Time": 116.559, "Max Hash Buckets": 131072, "Min Hash Buckets": 131072, "Max Hash Batches": 1, "Min Hash Batches": 1, "Max Original Hash Batches": 1, "Min Original Hash Batches": 1, "Max Peak Memory Usage": 2983, "min Peak Memory Usage": 2983, "Plans": [{"Node Type": "Seq Scan", "Parent Relationship": "Outer", "Relation Name": "company_name", "Alias": "cn", "Startup Cost": 0.0, "Total Cost": 5903.45, "Plan Rows": 85170, "Plan Width": 4, "Actual Min Startup Time": 0.049, "Actual Max Startup Time": 0.049, "Actual Min Total Time": 90.39, "Actual Max Total Time": 90.39, "Filter": "((country_code)::text = '[us]'::text)", "Rows Removed by Filter": 150153, "Actual Rows": 84843}], "Actual Rows": 84843}], "Actual Rows": 11347}, {"Node Type": "Materialize", "Parent Relationship": "Inner", "Startup Cost": 0.0, "Total Cost": 1.04, "Plan Rows": 3, "Plan Width": 4, "Actual Min Startup Time": 1.1, "Actual Max Startup Time": 1.1, "Actual Min Total Time": 2.97, "Actual Max Total Time": 2.97, "Plans": [{"Node Type": "Seq Scan", "Parent Relationship": "Outer", "Relation Name": "company_type", "Alias": "ct", "Startup Cost": 0.0, "Total Cost": 1.03, "Plan Rows": 3, "Plan Width": 4, "Actual Min Startup Time": 0.031, "Actual Max Startup Time": 0.031, "Actual Min Total Time": 0.033, "Actual Max Total Time": 0.033, "Actual Rows": 3}], "Actual Rows": 25300}], "Actual Rows": 4371}], "Actual Rows": 1}, "Triggers": [], "Planner Runtime": 617, "Total Runtime": 791.429, "Unique SQL Id": 2302223328}}, "(16, 11)": {"explain_plan": {"Plan": {"Node Type": "Aggregate", "Strategy": "Plain", "Startup Cost": 8989907587904.09, "Total Cost": 8989907587904.1, "Plan Rows": 1, "Plan Width": 102, "Plans": [{"Node Type": "Nested Loop", "Parent Relationship": "Outer", "Join Type": "Inner", "Startup Cost": 90000000000.0, "Total Cost": 8989907587868.88, "Plan Rows": 7042, "Plan Width": 38, "Inner Unique": false, "Join Filter": "(t.id = at.movie_id)", "Plans": [{"Node Type": "Nested Loop", "Parent Relationship": "Outer", "Join Type": "Inner", "Startup Cost": 80000000000.0, "Total Cost": 7989884591884.26, "Plan Rows": 3874, "Plan Width": 33, "Inner Unique": true, "Join Filter": "(mk.keyword_id = k.id)", "Plans": [{"Node Type": "Nested Loop", "Parent Relationship": "Outer", "Join Type": "Inner", "Startup Cost": 70000000000.0, "Total Cost": 6989876588909.75, "Plan Rows": 3874, "Plan Width": 37, "Inner Unique": true, "Join Filter": "(mc.company_id = cn.id)", "Plans": [{"Node Type": "Merge Join", "Parent Relationship": "Outer", "Join Type": "Inner", "Startup Cost": 60000000000.0, "Total Cost": 5989869656717.65, "Plan Rows": 4604, "Plan Width": 41, "Inner Unique": false, "Merge Cond": "(t.id = mk.movie_id)", "Plans": [{"Node Type": "Nested Loop", "Parent Relationship": "Outer", "Join Type": "Inner", "Startup Cost": 50000000000.0, "Total Cost": 4998566609910.17, "Plan Rows": 568, "Plan Width": 33, "Inner Unique": true, "Join Filter": "(mc.company_type_id = ct.id)", "Plans": [{"Node Type": "Nested Loop", "Parent Relationship": "Outer", "Join Type": "Inner", "Startup Cost": 40000000000.0, "Total Cost": 3998566609055.11, "Plan Rows": 568, "Plan Width": 37, "Inner Unique": true, "Join Filter": "(mi.info_type_id = it1.id)", "Plans": [{"Node Type": "Merge Join", "Parent Relationship": "Outer", "Join Type": "Inner", "Startup Cost": 30000000000.0, "Total Cost": 2998566607038.02, "Plan Rows": 39739, "Plan Width": 41, "Inner Unique": false, "Merge Cond": "(t.id = mc.movie_id)", "Plans": [{"Node Type": "Nested Loop", "Parent Relationship": "Outer", "Join Type": "Inner", "Startup Cost": 20000000000.0, "Total Cost": 2000471060864.73, "Plan Rows": 18591, "Plan Width": 29, "Inner Unique": false, "Join Filter": "(mi.movie_id = t.id)", "Plans": [{"Node Type": "Index Scan", "Parent Relationship": "Outer", "Scan Direction": "Forward", "Index Name": "title_pkey", "Relation Name": "title", "Alias": "t", "Startup Cost": 10000000000.0, "Total Cost": 1000011644126.66, "Plan Rows": 1748840, "Plan Width": 21, "Filter": "(production_year > 1990), (LLVM Optimized)"}, {"Node Type": "Materialize", "Parent Relationship": "Inner", "Startup Cost": 10000000000.0, "Total Cost": 1000107401512.21, "Plan Rows": 13419, "Plan Width": 8, "Plans": [{"Node Type": "Index Scan", "Parent Relationship": "Outer", "Scan Direction": "Forward", "Index Name": "info_type_id_movie_info", "Relation Name": "movie_info", "Alias": "mi", "Startup Cost": 10000000000.0, "Total Cost": 1000107401445.12, "Plan Rows": 13419, "Plan Width": 8, "Filter": "((note)::text ~~ '%internet%'::text)"}]}]}, {"Node Type": "Index Scan", "Parent Relationship": "Inner", "Scan Direction": "Forward", "Index Name": "movie_id_movie_companies", "Relation Name": "movie_companies", "Alias": "mc", "Startup Cost": 10000000000.0, "Total Cost": 1000013051946.13, "Plan Rows": 2609128, "Plan Width": 12}]}, {"Node Type": "Materialize", "Parent Relationship": "Inner", "Startup Cost": 10000000000.0, "Total Cost": 1000000001421.0, "Plan Rows": 1, "Plan Width": 4, "Plans": [{"Node Type": "Index Scan", "Parent Relationship": "Outer", "Scan Direction": "Forward", "Index Name": "info_type_pkey", "Relation Name": "info_type", "Alias": "it1", "Startup Cost": 10000000000.0, "Total Cost": 1000000001421.0, "Plan Rows": 1, "Plan Width": 4, "Filter": "((info)::text = 'release dates'::text)"}]}]}, {"Node Type": "Materialize", "Parent Relationship": "Inner", "Startup Cost": 10000000000.0, "Total Cost": 1000000000829.52, "Plan Rows": 3, "Plan Width": 4, "Plans": [{"Node Type": "Index Only Scan", "Parent Relationship": "Outer", "Scan Direction": "Forward", "Index Name": "company_type_pkey", "Relation Name": "company_type", "Alias": "ct", "Startup Cost": 10000000000.0, "Total Cost": 1000000000829.5, "Plan Rows": 3, "Plan Width": 4}]}]}, {"Node Type": "Index Scan", "Parent Relationship": "Inner", "Scan Direction": "Forward", "Index Name": "movie_id_movie_keyword", "Relation Name": "movie_keyword", "Alias": "mk", "Startup Cost": 10000000000.0, "Total Cost": 1000015300634.17, "Plan Rows": 4523929, "Plan Width": 8}]}, {"Node Type": "Materialize", "Parent Relationship": "Inner", "Startup Cost": 10000000000.0, "Total Cost": 1000001050564.82, "Plan Rows": 85170, "Plan Width": 4, "Plans": [{"Node Type": "Index Scan", "Parent Relationship": "Outer", "Scan Direction": "Forward", "Index Name": "company_name_pkey", "Relation Name": "company_name", "Alias": "cn", "Startup Cost": 10000000000.0, "Total Cost": 1000001050138.97, "Plan Rows": 85170, "Plan Width": 4, "Filter": "((country_code)::text = '[us]'::text)"}]}]}, {"Node Type": "Materialize", "Parent Relationship": "Inner", "Startup Cost": 10000000000.0, "Total Cost": 1000000206749.34, "Plan Rows": 134169, "Plan Width": 4, "Plans": [{"Node Type": "Index Only Scan", "Parent Relationship": "Outer", "Scan Direction": "Forward", "Index Name": "keyword_pkey", "Relation Name": "keyword", "Alias": "k", "Startup Cost": 10000000000.0, "Total Cost": 1000000206078.5, "Plan Rows": 134169, "Plan Width": 4}]}]}, {"Node Type": "Materialize", "Parent Relationship": "Inner", "Startup Cost": 10000000000.0, "Total Cost": 1000001991808.49, "Plan Rows": 361471, "Plan Width": 25, "Plans": [{"Node Type": "Index Scan", "Parent Relationship": "Outer", "Scan Direction": "Forward", "Index Name": "movie_id_aka_title", "Relation Name": "aka_title", "Alias": "at", "Startup Cost": 10000000000.0, "Total Cost": 1000001990001.13, "Plan Rows": 361471, "Plan Width": 25}]}]}]}, "Unique SQL Id": 2302223328, "Planner Runtime": 599}, "explain_analyze_plan": null}, "(16, 12)": {"explain_plan": {"Plan": {"Node Type": "Aggregate", "Strategy": "Plain", "Startup Cost": 40166.52, "Total Cost": 40166.53, "Plan Rows": 1, "Plan Width": 102, "Plans": [{"Node Type": "Nested Loop", "Parent Relationship": "Outer", "Join Type": "Inner", "Startup Cost": 0.0, "Total Cost": 40131.31, "Plan Rows": 7042, "Plan Width": 38, "Inner Unique": true, "Plans": [{"Node Type": "Nested Loop", "Parent Relationship": "Outer", "Join Type": "Inner", "Startup Cost": 0.0, "Total Cost": 38154.75, "Plan Rows": 7042, "Plan Width": 42, "Inner Unique": false, "Join Filter": "(t.id = mk.movie_id)", "Plans": [{"Node Type": "Nested Loop", "Parent Relationship": "Outer", "Join Type": "Inner", "Startup Cost": 0.0, "Total Cost": 37663.77, "Plan Rows": 873, "Plan Width": 54, "Inner Unique": true, "Join Filter": "(at.movie_id = t.id)", "Plans": [{"Node Type": "Nested Loop", "Parent Relationship": "Outer", "Join Type": "Inner", "Startup Cost": 0.0, "Total Cost": 37441.69, "Plan Rows": 630, "Plan Width": 33, "Inner Unique": true, "Join Filter": "(mc.company_type_id = ct.id)", "Plans": [{"Node Type": "Nested Loop", "Parent Relationship": "Outer", "Join Type": "Inner", "Startup Cost": 0.0, "Total Cost": 37412.3, "Plan Rows": 630, "Plan Width": 37, "Inner Unique": true, "Plans": [{"Node Type": "Nested Loop", "Parent Relationship": "Outer", "Join Type": "Inner", "Startup Cost": 0.0, "Total Cost": 37109.68, "Plan Rows": 1052, "Plan Width": 41, "Inner Unique": false, "Plans": [{"Node Type": "Nested Loop", "Parent Relationship": "Outer", "Join Type": "Inner", "Startup Cost": 0.0, "Total Cost": 36820.6, "Plan Rows": 490, "Plan Width": 29, "Inner Unique": false, "Plans": [{"Node Type": "Nested Loop", "Parent Relationship": "Outer", "Join Type": "Inner", "Startup Cost": 0.0, "Total Cost": 36344.91, "Plan Rows": 192, "Plan Width": 4, "Inner Unique": false, "Join Filter": "(it1.id = mi.info_type_id)", "Plans": [{"Node Type": "Seq Scan", "Parent Relationship": "Outer", "Relation Name": "info_type", "Alias": "it1", "Startup Cost": 0.0, "Total Cost": 2.4, "Plan Rows": 1, "Plan Width": 4, "Filter": "((info)::text = 'release dates'::text)"}, {"Node Type": "Materialize", "Parent Relationship": "Inner", "Startup Cost": 0.0, "Total Cost": 36208.32, "Plan Rows": 13419, "Plan Width": 8, "Plans": [{"Node Type": "Streaming(type: LOCAL GATHER dop: 1/16)", "Parent Relationship": "Outer", "Startup Cost": 0.0, "Total Cost": 36174.77, "Plan Rows": 13419, "Plan Width": 8, "Plans": [{"Node Type": "Seq Scan", "Parent Relationship": "Outer", "Relation Name": "movie_info", "Alias": "mi", "Startup Cost": 0.0, "Total Cost": 35885.16, "Plan Rows": 13419, "Plan Width": 8, "Filter": "((note)::text ~~ '%internet%'::text)"}]}]}]}, {"Node Type": "Index Scan", "Parent Relationship": "Inner", "Scan Direction": "Forward", "Index Name": "movie_id_aka_title", "Relation Name": "aka_title", "Alias": "at", "Startup Cost": 0.0, "Total Cost": 2.45, "Plan Rows": 3, "Plan Width": 25, "Index Cond": "(movie_id = mi.movie_id)"}]}, {"Node Type": "Index Scan", "Parent Relationship": "Inner", "Scan Direction": "Forward", "Index Name": "movie_id_movie_companies", "Relation Name": "movie_companies", "Alias": "mc", "Startup Cost": 0.0, "Total Cost": 0.57, "Plan Rows": 2, "Plan Width": 12, "Index Cond": "(movie_id = at.movie_id)"}]}, {"Node Type": "Index Scan", "Parent Relationship": "Inner", "Scan Direction": "Forward", "Index Name": "company_name_pkey", "Relation Name": "company_name", "Alias": "cn", "Startup Cost": 0.0, "Total Cost": 0.28, "Plan Rows": 1, "Plan Width": 4, "Index Cond": "(id = mc.company_id)", "Filter": "((country_code)::text = '[us]'::text)"}]}, {"Node Type": "Materialize", "Parent Relationship": "Inner", "Startup Cost": 0.0, "Total Cost": 1.04, "Plan Rows": 3, "Plan Width": 4, "Plans": [{"Node Type": "Seq Scan", "Parent Relationship": "Outer", "Relation Name": "company_type", "Alias": "ct", "Startup Cost": 0.0, "Total Cost": 1.03, "Plan Rows": 3, "Plan Width": 4}]}]}, {"Node Type": "Index Scan", "Parent Relationship": "Inner", "Scan Direction": "Forward", "Index Name": "title_pkey", "Relation Name": "title", "Alias": "t", "Startup Cost": 0.0, "Total Cost": 0.34, "Plan Rows": 1, "Plan Width": 21, "Index Cond": "(id = mc.movie_id)", "Filter": "(production_year > 1990)"}]}, {"Node Type": "Index Scan", "Parent Relationship": "Inner", "Scan Direction": "Forward", "Index Name": "movie_id_movie_keyword", "Relation Name": "movie_keyword", "Alias": "mk", "Startup Cost": 0.0, "Total Cost": 0.46, "Plan Rows": 8, "Plan Width": 8, "Index Cond": "(movie_id = mc.movie_id)"}]}, {"Node Type": "Index Scan", "Parent Relationship": "Inner", "Scan Direction": "Forward", "Index Name": "keyword_pkey", "Relation Name": "keyword", "Alias": "k", "Startup Cost": 0.0, "Total Cost": 0.27, "Plan Rows": 1, "Plan Width": 4, "Index Cond": "(id = mk.keyword_id)"}]}]}, "Unique SQL Id": 2302223328, "Planner Runtime": 385}, "explain_analyze_plan": {"Plan": {"Node Type": "Aggregate", "Strategy": "Plain", "Startup Cost": 40166.52, "Total Cost": 40166.53, "Plan Rows": 1, "Plan Width": 102, "Actual Min Startup Time": 350.105, "Actual Max Startup Time": 350.105, "Actual Min Total Time": 350.106, "Actual Max Total Time": 350.106, "Plans": [{"Node Type": "Nested Loop", "Parent Relationship": "Outer", "Join Type": "Inner", "Startup Cost": 0.0, "Total Cost": 40131.31, "Plan Rows": 7042, "Plan Width": 38, "Actual Min Startup Time": 271.261, "Actual Max Startup Time": 271.261, "Actual Min Total Time": 347.397, "Actual Max Total Time": 347.397, "Inner Unique": true, "Plans": [{"Node Type": "Nested Loop", "Parent Relationship": "Outer", "Join Type": "Inner", "Startup Cost": 0.0, "Total Cost": 38154.75, "Plan Rows": 7042, "Plan Width": 42, "Actual Min Startup Time": 271.248, "Actual Max Startup Time": 271.248, "Actual Min Total Time": 330.154, "Actual Max Total Time": 330.154, "Inner Unique": false, "Join Filter": "(t.id = mk.movie_id)", "Rows Removed by Join Filter": 0, "Plans": [{"Node Type": "Nested Loop", "Parent Relationship": "Outer", "Join Type": "Inner", "Startup Cost": 0.0, "Total Cost": 37663.77, "Plan Rows": 873, "Plan Width": 54, "Actual Min Startup Time": 270.682, "Actual Max Startup Time": 270.682, "Actual Min Total Time": 324.365, "Actual Max Total Time": 324.365, "Inner Unique": true, "Join Filter": "(at.movie_id = t.id)", "Rows Removed by Join Filter": 0, "Plans": [{"Node Type": "Nested Loop", "Parent Relationship": "Outer", "Join Type": "Inner", "Startup Cost": 0.0, "Total Cost": 37441.69, "Plan Rows": 630, "Plan Width": 33, "Actual Min Startup Time": 270.664, "Actual Max Startup Time": 270.664, "Actual Min Total Time": 322.06, "Actual Max Total Time": 322.06, "Inner Unique": true, "Join Filter": "(mc.company_type_id = ct.id)", "Rows Removed by Join Filter": 1542, "Plans": [{"Node Type": "Nested Loop", "Parent Relationship": "Outer", "Join Type": "Inner", "Startup Cost": 0.0, "Total Cost": 37412.3, "Plan Rows": 630, "Plan Width": 37, "Actual Min Startup Time": 270.634, "Actual Max Startup Time": 270.634, "Actual Min Total Time": 321.124, "Actual Max Total Time": 321.124, "Inner Unique": true, "Plans": [{"Node Type": "Nested Loop", "Parent Relationship": "Outer", "Join Type": "Inner", "Startup Cost": 0.0, "Total Cost": 37109.68, "Plan Rows": 1052, "Plan Width": 41, "Actual Min Startup Time": 270.618, "Actual Max Startup Time": 270.618, "Actual Min Total Time": 311.019, "Actual Max Total Time": 311.019, "Inner Unique": false, "Plans": [{"Node Type": "Nested Loop", "Parent Relationship": "Outer", "Join Type": "Inner", "Startup Cost": 0.0, "Total Cost": 36820.6, "Plan Rows": 490, "Plan Width": 29, "Actual Min Startup Time": 270.593, "Actual Max Startup Time": 270.593, "Actual Min Total Time": 306.032, "Actual Max Total Time": 306.032, "Inner Unique": false, "Plans": [{"Node Type": "Nested Loop", "Parent Relationship": "Outer", "Join Type": "Inner", "Startup Cost": 0.0, "Total Cost": 36344.91, "Plan Rows": 192, "Plan Width": 4, "Actual Min Startup Time": 270.471, "Actual Max Startup Time": 270.471, "Actual Min Total Time": 276.078, "Actual Max Total Time": 276.078, "Inner Unique": false, "Join Filter": "(it1.id = mi.info_type_id)", "Rows Removed by Join Filter": 131, "Plans": [{"Node Type": "Seq Scan", "Parent Relationship": "Outer", "Relation Name": "info_type", "Alias": "it1", "Startup Cost": 0.0, "Total Cost": 2.4, "Plan Rows": 1, "Plan Width": 4, "Actual Min Startup Time": 0.071, "Actual Max Startup Time": 0.071, "Actual Min Total Time": 0.097, "Actual Max Total Time": 0.097, "Filter": "((info)::text = 'release dates'::text)", "Rows Removed by Filter": 111, "Actual Rows": 1}, {"Node Type": "Materialize", "Parent Relationship": "Inner", "Startup Cost": 0.0, "Total Cost": 36208.32, "Plan Rows": 13419, "Plan Width": 8, "Actual Min Startup Time": 270.373, "Actual Max Startup Time": 270.373, "Actual Min Total Time": 271.874, "Actual Max Total Time": 271.874, "Plans": [{"Node Type": "Streaming(type: LOCAL GATHER dop: 1/16)", "Parent Relationship": "Outer", "Startup Cost": 0.0, "Total Cost": 36174.77, "Plan Rows": 13419, "Plan Width": 8, "Actual Min Startup Time": 91.283, "Actual Max Startup Time": 91.283, "Actual Min Total Time": 268.557, "Actual Max Total Time": 268.557, "Plans": [{"Node Type": "Seq Scan", "Parent Relationship": "Outer", "Relation Name": "movie_info", "Alias": "mi", "Startup Cost": 0.0, "Total Cost": 35885.16, "Plan Rows": 13419, "Plan Width": 8, "Actual Min Startup Time": 6.913, "Actual Max Startup Time": 73.232, "Actual Min Total Time": 247.752, "Actual Max Total Time": 254.014, "Filter": "((note)::text ~~ '%internet%'::text)", "Rows Removed by Filter": 14824909, "Actual Rows": 10810}], "Actual Rows": 10810}], "Actual Rows": 10811}], "Actual Rows": 10679}, {"Node Type": "Index Scan", "Parent Relationship": "Inner", "Scan Direction": "Forward", "Index Name": "movie_id_aka_title", "Relation Name": "aka_title", "Alias": "at", "Startup Cost": 0.0, "Total Cost": 2.45, "Plan Rows": 3, "Plan Width": 25, "Actual Min Startup Time": 24.472, "Actual Max Startup Time": 24.472, "Actual Min Total Time": 24.952, "Actual Max Total Time": 24.952, "Index Cond": "(movie_id = mi.movie_id)", "Rows Removed by Index Recheck": 0, "Actual Rows": 591}], "Actual Rows": 591}, {"Node Type": "Index Scan", "Parent Relationship": "Inner", "Scan Direction": "Forward", "Index Name": "movie_id_movie_companies", "Relation Name": "movie_companies", "Alias": "mc", "Startup Cost": 0.0, "Total Cost": 0.57, "Plan Rows": 2, "Plan Width": 12, "Actual Min Startup Time": 2.869, "Actual Max Startup Time": 2.869, "Actual Min Total Time": 4.163, "Actual Max Total Time": 4.163, "Index Cond": "(movie_id = at.movie_id)", "Rows Removed by Index Recheck": 0, "Actual Rows": 2130}], "Actual Rows": 2130}, {"Node Type": "Index Scan", "Parent Relationship": "Inner", "Scan Direction": "Forward", "Index Name": "company_name_pkey", "Relation Name": "company_name", "Alias": "cn", "Startup Cost": 0.0, "Total Cost": 0.28, "Plan Rows": 1, "Plan Width": 4, "Actual Min Startup Time": 8.746, "Actual Max Startup Time": 8.746, "Actual Min Total Time": 8.746, "Actual Max Total Time": 8.746, "Index Cond": "(id = mc.company_id)", "Rows Removed by Index Recheck": 0, "Filter": "((country_code)::text = '[us]'::text)", "Rows Removed by Filter": 1234, "Actual Rows": 896}], "Actual Rows": 896}, {"Node Type": "Materialize", "Parent Relationship": "Inner", "Startup Cost": 0.0, "Total Cost": 1.04, "Plan Rows": 3, "Plan Width": 4, "Actual Min Startup Time": 0.114, "Actual Max Startup Time": 0.114, "Actual Min Total Time": 0.257, "Actual Max Total Time": 0.257, "Plans": [{"Node Type": "Seq Scan", "Parent Relationship": "Outer", "Relation Name": "company_type", "Alias": "ct", "Startup Cost": 0.0, "Total Cost": 1.03, "Plan Rows": 3, "Plan Width": 4, "Actual Min Startup Time": 0.005, "Actual Max Startup Time": 0.005, "Actual Min Total Time": 0.007, "Actual Max Total Time": 0.007, "Actual Rows": 3}], "Actual Rows": 1924}], "Actual Rows": 382}, {"Node Type": "Index Scan", "Parent Relationship": "Inner", "Scan Direction": "Forward", "Index Name": "title_pkey", "Relation Name": "title", "Alias": "t", "Startup Cost": 0.0, "Total Cost": 0.34, "Plan Rows": 1, "Plan Width": 21, "Actual Min Startup Time": 1.828, "Actual Max Startup Time": 1.828, "Actual Min Total Time": 1.828, "Actual Max Total Time": 1.828, "Index Cond": "(id = mc.movie_id)", "Rows Removed by Index Recheck": 0, "Filter": "(production_year > 1990)", "Rows Removed by Filter": 0, "Actual Rows": 382}], "Actual Rows": 382}, {"Node Type": "Index Scan", "Parent Relationship": "Inner", "Scan Direction": "Forward", "Index Name": "movie_id_movie_keyword", "Relation Name": "movie_keyword", "Alias": "mk", "Startup Cost": 0.0, "Total Cost": 0.46, "Plan Rows": 8, "Plan Width": 8, "Actual Min Startup Time": 1.931, "Actual Max Startup Time": 1.931, "Actual Min Total Time": 3.743, "Actual Max Total Time": 3.743, "Index Cond": "(movie_id = mc.movie_id)", "Rows Removed by Index Recheck": 0, "Actual Rows": 4371}], "Actual Rows": 4371}, {"Node Type": "Index Scan", "Parent Relationship": "Inner", "Scan Direction": "Forward", "Index Name": "keyword_pkey", "Relation Name": "keyword", "Alias": "k", "Startup Cost": 0.0, "Total Cost": 0.27, "Plan Rows": 1, "Plan Width": 4, "Actual Min Startup Time": 13.97, "Actual Max Startup Time": 13.97, "Actual Min Total Time": 13.97, "Actual Max Total Time": 13.97, "Index Cond": "(id = mk.keyword_id)", "Rows Removed by Index Recheck": 0, "Actual Rows": 4371}], "Actual Rows": 4371}], "Actual Rows": 1}, "Triggers": [], "Planner Runtime": 385, "Total Runtime": 353.267, "Unique SQL Id": 2302223328}}, "(16, 13)": {"explain_plan": {"Plan": {"Node Type": "Aggregate", "Strategy": "Plain", "Startup Cost": 499532.52, "Total Cost": 499532.53, "Plan Rows": 1, "Plan Width": 102, "Plans": [{"Node Type": "Nested Loop", "Parent Relationship": "Outer", "Join Type": "Inner", "Startup Cost": 0.0, "Total Cost": 499497.31, "Plan Rows": 7042, "Plan Width": 38, "Inner Unique": true, "Plans": [{"Node Type": "Nested Loop", "Parent Relationship": "Outer", "Join Type": "Inner", "Startup Cost": 0.0, "Total Cost": 497520.75, "Plan Rows": 7042, "Plan Width": 42, "Inner Unique": false, "Join Filter": "(t.id = mk.movie_id)", "Plans": [{"Node Type": "Nested Loop", "Parent Relationship": "Outer", "Join Type": "Inner", "Startup Cost": 0.0, "Total Cost": 497029.77, "Plan Rows": 873, "Plan Width": 54, "Inner Unique": true, "Join Filter": "(at.movie_id = t.id)", "Plans": [{"Node Type": "Nested Loop", "Parent Relationship": "Outer", "Join Type": "Inner", "Startup Cost": 0.0, "Total Cost": 496807.69, "Plan Rows": 630, "Plan Width": 33, "Inner Unique": true, "Join Filter": "(mc.company_type_id = ct.id)", "Plans": [{"Node Type": "Nested Loop", "Parent Relationship": "Outer", "Join Type": "Inner", "Startup Cost": 0.0, "Total Cost": 496767.04, "Plan Rows": 630, "Plan Width": 37, "Inner Unique": true, "Plans": [{"Node Type": "Nested Loop", "Parent Relationship": "Outer", "Join Type": "Inner", "Startup Cost": 0.0, "Total Cost": 496464.42, "Plan Rows": 1052, "Plan Width": 41, "Inner Unique": false, "Plans": [{"Node Type": "Nested Loop", "Parent Relationship": "Outer", "Join Type": "Inner", "Startup Cost": 0.0, "Total Cost": 496175.34, "Plan Rows": 490, "Plan Width": 29, "Inner Unique": false, "Plans": [{"Node Type": "Nested Loop", "Parent Relationship": "Outer", "Join Type": "Inner", "Startup Cost": 0.0, "Total Cost": 495699.65, "Plan Rows": 192, "Plan Width": 4, "Inner Unique": false, "Plans": [{"Node Type": "Index Scan", "Parent Relationship": "Outer", "Scan Direction": "Forward", "Index Name": "info_type_pkey", "Relation Name": "info_type", "Alias": "it1", "Startup Cost": 0.0, "Total Cost": 14.21, "Plan Rows": 1, "Plan Width": 4, "Filter": "((info)::text = 'release dates'::text)"}, {"Node Type": "Index Scan", "Parent Relationship": "Inner", "Scan Direction": "Forward", "Index Name": "info_type_id_movie_info", "Relation Name": "movie_info", "Alias": "mi", "Startup Cost": 0.0, "Total Cost": 495683.52, "Plan Rows": 192, "Plan Width": 8, "Index Cond": "(info_type_id = it1.id)", "Filter": "((note)::text ~~ '%internet%'::text)"}]}, {"Node Type": "Index Scan", "Parent Relationship": "Inner", "Scan Direction": "Forward", "Index Name": "movie_id_aka_title", "Relation Name": "aka_title", "Alias": "at", "Startup Cost": 0.0, "Total Cost": 2.45, "Plan Rows": 3, "Plan Width": 25, "Index Cond": "(movie_id = mi.movie_id)"}]}, {"Node Type": "Index Scan", "Parent Relationship": "Inner", "Scan Direction": "Forward", "Index Name": "movie_id_movie_companies", "Relation Name": "movie_companies", "Alias": "mc", "Startup Cost": 0.0, "Total Cost": 0.57, "Plan Rows": 2, "Plan Width": 12, "Index Cond": "(movie_id = at.movie_id)"}]}, {"Node Type": "Index Scan", "Parent Relationship": "Inner", "Scan Direction": "Forward", "Index Name": "company_name_pkey", "Relation Name": "company_name", "Alias": "cn", "Startup Cost": 0.0, "Total Cost": 0.28, "Plan Rows": 1, "Plan Width": 4, "Index Cond": "(id = mc.company_id)", "Filter": "((country_code)::text = '[us]'::text)"}]}, {"Node Type": "Materialize", "Parent Relationship": "Inner", "Startup Cost": 0.0, "Total Cost": 12.31, "Plan Rows": 3, "Plan Width": 4, "Plans": [{"Node Type": "Index Scan", "Parent Relationship": "Outer", "Scan Direction": "Forward", "Index Name": "company_type_pkey", "Relation Name": "company_type", "Alias": "ct", "Startup Cost": 0.0, "Total Cost": 12.29, "Plan Rows": 3, "Plan Width": 4}]}]}, {"Node Type": "Index Scan", "Parent Relationship": "Inner", "Scan Direction": "Forward", "Index Name": "title_pkey", "Relation Name": "title", "Alias": "t", "Startup Cost": 0.0, "Total Cost": 0.34, "Plan Rows": 1, "Plan Width": 21, "Index Cond": "(id = mc.movie_id)", "Filter": "(production_year > 1990)"}]}, {"Node Type": "Index Scan", "Parent Relationship": "Inner", "Scan Direction": "Forward", "Index Name": "movie_id_movie_keyword", "Relation Name": "movie_keyword", "Alias": "mk", "Startup Cost": 0.0, "Total Cost": 0.46, "Plan Rows": 8, "Plan Width": 8, "Index Cond": "(movie_id = mc.movie_id)"}]}, {"Node Type": "Index Scan", "Parent Relationship": "Inner", "Scan Direction": "Forward", "Index Name": "keyword_pkey", "Relation Name": "keyword", "Alias": "k", "Startup Cost": 0.0, "Total Cost": 0.27, "Plan Rows": 1, "Plan Width": 4, "Index Cond": "(id = mk.keyword_id)"}]}]}, "Unique SQL Id": 2302223328, "Planner Runtime": 297}, "explain_analyze_plan": null}, "(16, 14)": {"explain_plan": {"Plan": {"Node Type": "Aggregate", "Strategy": "Plain", "Startup Cost": 149057.48, "Total Cost": 149057.49, "Plan Rows": 1, "Plan Width": 102, "Plans": [{"Node Type": "Nested Loop", "Parent Relationship": "Outer", "Join Type": "Inner", "Startup Cost": 111190.82, "Total Cost": 149022.27, "Plan Rows": 7042, "Plan Width": 38, "Inner Unique": true, "Join Filter": "(mc.company_type_id = ct.id)", "Plans": [{"Node Type": "Hash Join", "Parent Relationship": "Outer", "Join Type": "Inner", "Startup Cost": 111190.82, "Total Cost": 148704.34, "Plan Rows": 7042, "Plan Width": 42, "Inner Unique": true, "Hash Cond": "(mc.company_id = cn.id)", "Plans": [{"Node Type": "Streaming(type: LOCAL GATHER dop: 1/16)", "Parent Relationship": "Outer", "Startup Cost": 108650.33, "Total Cost": 146061.97, "Plan Rows": 11758, "Plan Width": 46, "Plans": [{"Node Type": "Hash Join", "Parent Relationship": "Outer", "Join Type": "Inner", "Startup Cost": 108650.33, "Total Cost": 145808.21, "Plan Rows": 11758, "Plan Width": 46, "Inner Unique": false, "Hash Cond": "(t.id = mc.movie_id)", "Plans": [{"Node Type": "Streaming(type: BROADCAST dop: 16/1)", "Parent Relationship": "Outer", "Startup Cost": 102208.56, "Total Cost": 139256.66, "Plan Rows": 87632, "Plan Width": 54, "Plans": [{"Node Type": "Hash Join", "Parent Relationship": "Outer", "Join Type": "Inner", "Startup Cost": 102208.56, "Total Cost": 122365.39, "Plan Rows": 5477, "Plan Width": 54, "Inner Unique": true, "Hash Cond": "(mk.keyword_id = k.id)", "Plans": [{"Node Type": "Streaming(type: LOCAL GATHER dop: 1/16)", "Parent Relationship": "Outer", "Startup Cost": 98430.75, "Total Cost": 118513.36, "Plan Rows": 5477, "Plan Width": 58, "Plans": [{"Node Type": "Hash Join", "Parent Relationship": "Outer", "Join Type": "Inner", "Startup Cost": 98430.75, "Total Cost": 118395.15, "Plan Rows": 5477, "Plan Width": 58, "Inner Unique": false, "Hash Cond": "(mk.movie_id = t.id)", "Plans": [{"Node Type": "Seq Scan", "Parent Relationship": "Outer", "Relation Name": "movie_keyword", "Alias": "mk", "Startup Cost": 0.0, "Total Cost": 18902.58, "Plan Rows": 4523929, "Plan Width": 8}, {"Node Type": "Hash", "Parent Relationship": "Inner", "Startup Cost": 98422.27, "Total Cost": 98422.27, "Plan Rows": 10864, "Plan Width": 50, "Plans": [{"Node Type": "Streaming(type: BROADCAST dop: 16/1)", "Parent Relationship": "Outer", "Startup Cost": 71936.81, "Total Cost": 98422.27, "Plan Rows": 10864, "Plan Width": 50, "Plans": [{"Node Type": "Hash Join", "Parent Relationship": "Outer", "Join Type": "Inner", "Startup Cost": 71936.81, "Total Cost": 83187.8, "Plan Rows": 679, "Plan Width": 50, "Inner Unique": false, "Hash Cond": "(at.movie_id = t.id)", "Plans": [{"Node Type": "Seq Scan", "Parent Relationship": "Outer", "Relation Name": "aka_title", "Alias": "at", "Startup Cost": 0.0, "Total Cost": 9894.71, "Plan Rows": 361471, "Plan Width": 25}, {"Node Type": "Hash", "Parent Relationship": "Inner", "Startup Cost": 71933.49, "Total Cost": 71933.49, "Plan Rows": 266, "Plan Width": 25, "Plans": [{"Node Type": "Streaming(type: LOCAL GATHER dop: 1/16)", "Parent Relationship": "Outer", "Startup Cost": 20515.65, "Total Cost": 71933.49, "Plan Rows": 266, "Plan Width": 25, "Plans": [{"Node Type": "Hash Join", "Parent Relationship": "Outer", "Join Type": "Inner", "Startup Cost": 20515.65, "Total Cost": 71927.75, "Plan Rows": 266, "Plan Width": 25, "Inner Unique": true, "Hash Cond": "(mi.movie_id = t.id)", "Plans": [{"Node Type": "Streaming(type: BROADCAST dop: 16/1)", "Parent Relationship": "Outer", "Startup Cost": 0.0, "Total Cost": 51411.21, "Plan Rows": 3072, "Plan Width": 4, "Plans": [{"Node Type": "Nested Loop", "Parent Relationship": "Outer", "Join Type": "Inner", "Startup Cost": 0.0, "Total Cost": 36344.91, "Plan Rows": 192, "Plan Width": 4, "Inner Unique": false, "Join Filter": "(it1.id = mi.info_type_id)", "Plans": [{"Node Type": "Seq Scan", "Parent Relationship": "Outer", "Relation Name": "info_type", "Alias": "it1", "Startup Cost": 0.0, "Total Cost": 2.4, "Plan Rows": 1, "Plan Width": 4, "Filter": "((info)::text = 'release dates'::text)"}, {"Node Type": "Materialize", "Parent Relationship": "Inner", "Startup Cost": 0.0, "Total Cost": 36208.32, "Plan Rows": 13419, "Plan Width": 8, "Plans": [{"Node Type": "Streaming(type: LOCAL GATHER dop: 1/16)", "Parent Relationship": "Outer", "Startup Cost": 0.0, "Total Cost": 36174.77, "Plan Rows": 13419, "Plan Width": 8, "Plans": [{"Node Type": "Seq Scan", "Parent Relationship": "Outer", "Relation Name": "movie_info", "Alias": "mi", "Startup Cost": 0.0, "Total Cost": 35885.16, "Plan Rows": 13419, "Plan Width": 8, "Filter": "((note)::text ~~ '%internet%'::text)"}]}]}]}]}, {"Node Type": "Hash", "Parent Relationship": "Inner", "Startup Cost": 19149.37, "Total Cost": 19149.37, "Plan Rows": 1748840, "Plan Width": 21, "Plans": [{"Node Type": "Seq Scan", "Parent Relationship": "Outer", "Relation Name": "title", "Alias": "t", "Startup Cost": 0.0, "Total Cost": 19149.37, "Plan Rows": 1748840, "Plan Width": 21, "Filter": "(production_year > 1990), (LLVM Optimized)"}]}]}]}]}]}]}]}]}]}, {"Node Type": "Hash", "Parent Relationship": "Inner", "Startup Cost": 2100.69, "Total Cost": 2100.69, "Plan Rows": 134169, "Plan Width": 4, "Plans": [{"Node Type": "Seq Scan", "Parent Relationship": "Outer", "Relation Name": "keyword", "Alias": "k", "Startup Cost": 0.0, "Total Cost": 2100.69, "Plan Rows": 134169, "Plan Width": 4}]}]}]}, {"Node Type": "Hash", "Parent Relationship": "Inner", "Startup Cost": 17613.58, "Total Cost": 17613.58, "Plan Rows": 2609128, "Plan Width": 12, "Plans": [{"Node Type": "Seq Scan", "Parent Relationship": "Outer", "Relation Name": "movie_companies", "Alias": "mc", "Startup Cost": 0.0, "Total Cost": 17613.58, "Plan Rows": 2609128, "Plan Width": 12}]}]}]}, {"Node Type": "Hash", "Parent Relationship": "Inner", "Startup Cost": 5903.45, "Total Cost": 5903.45, "Plan Rows": 85170, "Plan Width": 4, "Plans": [{"Node Type": "Seq Scan", "Parent Relationship": "Outer", "Relation Name": "company_name", "Alias": "cn", "Startup Cost": 0.0, "Total Cost": 5903.45, "Plan Rows": 85170, "Plan Width": 4, "Filter": "((country_code)::text = '[us]'::text)"}]}]}, {"Node Type": "Materialize", "Parent Relationship": "Inner", "Startup Cost": 0.0, "Total Cost": 1.04, "Plan Rows": 3, "Plan Width": 4, "Plans": [{"Node Type": "Seq Scan", "Parent Relationship": "Outer", "Relation Name": "company_type", "Alias": "ct", "Startup Cost": 0.0, "Total Cost": 1.03, "Plan Rows": 3, "Plan Width": 4}]}]}]}, "Unique SQL Id": 2302223328, "Planner Runtime": 663}, "explain_analyze_plan": {"Plan": {"Node Type": "Aggregate", "Strategy": "Plain", "Startup Cost": 149057.48, "Total Cost": 149057.49, "Plan Rows": 1, "Plan Width": 102, "Actual Min Startup Time": 766.948, "Actual Max Startup Time": 766.948, "Actual Min Total Time": 766.948, "Actual Max Total Time": 766.948, "Plans": [{"Node Type": "Nested Loop", "Parent Relationship": "Outer", "Join Type": "Inner", "Startup Cost": 111190.82, "Total Cost": 149022.27, "Plan Rows": 7042, "Plan Width": 38, "Actual Min Startup Time": 673.617, "Actual Max Startup Time": 673.617, "Actual Min Total Time": 764.667, "Actual Max Total Time": 764.667, "Inner Unique": true, "Join Filter": "(mc.company_type_id = ct.id)", "Rows Removed by Join Filter": 20928, "Plans": [{"Node Type": "Hash Join", "Parent Relationship": "Outer", "Join Type": "Inner", "Startup Cost": 111190.82, "Total Cost": 148704.34, "Plan Rows": 7042, "Plan Width": 42, "Actual Min Startup Time": 659.463, "Actual Max Startup Time": 659.463, "Actual Min Total Time": 754.532, "Actual Max Total Time": 754.532, "Inner Unique": true, "Hash Cond": "(mc.company_id = cn.id)", "Plans": [{"Node Type": "Streaming(type: LOCAL GATHER dop: 1/16)", "Parent Relationship": "Outer", "Startup Cost": 108650.33, "Total Cost": 146061.97, "Plan Rows": 11758, "Plan Width": 46, "Actual Min Startup Time": 542.692, "Actual Max Startup Time": 542.692, "Actual Min Total Time": 627.832, "Actual Max Total Time": 627.832, "Plans": [{"Node Type": "Hash Join", "Parent Relationship": "Outer", "Join Type": "Inner", "Startup Cost": 108650.33, "Total Cost": 145808.21, "Plan Rows": 11758, "Plan Width": 46, "Actual Min Startup Time": 559.535, "Actual Max Startup Time": 615.696, "Actual Min Total Time": 657.61, "Actual Max Total Time": 705.116, "Inner Unique": false, "Hash Cond": "(t.id = mc.movie_id)", "Plans": [{"Node Type": "Streaming(type: BROADCAST dop: 16/1)", "Parent Relationship": "Outer", "Startup Cost": 102208.56, "Total Cost": 139256.66, "Plan Rows": 87632, "Plan Width": 54, "Actual Min Startup Time": 449.923, "Actual Max Startup Time": 502.313, "Actual Min Total Time": 550.035, "Actual Max Total Time": 604.181, "Plans": [{"Node Type": "Hash Join", "Parent Relationship": "Outer", "Join Type": "Inner", "Startup Cost": 102208.56, "Total Cost": 122365.39, "Plan Rows": 5477, "Plan Width": 54, "Actual Min Startup Time": 557.805, "Actual Max Startup Time": 557.805, "Actual Min Total Time": 607.945, "Actual Max Total Time": 607.945, "Inner Unique": true, "Hash Cond": "(mk.keyword_id = k.id)", "Plans": [{"Node Type": "Streaming(type: LOCAL GATHER dop: 1/16)", "Parent Relationship": "Outer", "Startup Cost": 98430.75, "Total Cost": 118513.36, "Plan Rows": 5477, "Plan Width": 58, "Actual Min Startup Time": 479.074, "Actual Max Startup Time": 479.074, "Actual Min Total Time": 525.493, "Actual Max Total Time": 525.493, "Plans": [{"Node Type": "Hash Join", "Parent Relationship": "Outer", "Join Type": "Inner", "Startup Cost": 98430.75, "Total Cost": 118395.15, "Plan Rows": 5477, "Plan Width": 58, "Actual Min Startup Time": 541.013, "Actual Max Startup Time": 583.902, "Actual Min Total Time": 641.901, "Actual Max Total Time": 673.886, "Inner Unique": false, "Hash Cond": "(mk.movie_id = t.id)", "Plans": [{"Node Type": "Seq Scan", "Parent Relationship": "Outer", "Relation Name": "movie_keyword", "Alias": "mk", "Startup Cost": 0.0, "Total Cost": 18902.58, "Plan Rows": 4523929, "Plan Width": 8, "Actual Min Startup Time": 0.065, "Actual Max Startup Time": 0.084, "Actual Min Total Time": 57.419, "Actual Max Total Time": 63.62, "Actual Rows": 4523929}, {"Node Type": "Hash", "Parent Relationship": "Inner", "Startup Cost": 98422.27, "Total Cost": 98422.27, "Plan Rows": 10864, "Plan Width": 50, "Actual Min Startup Time": 539.981, "Actual Max Startup Time": 561.9, "Actual Min Total Time": 539.981, "Actual Max Total Time": 561.9, "Max Hash Buckets": 32768, "Min Hash Buckets": 32768, "Max Hash Batches": 1, "Min Hash Batches": 1, "Max Original Hash Batches": 1, "Min Original Hash Batches": 1, "Max Peak Memory Usage": 52, "min Peak Memory Usage": 52, "Plans": [{"Node Type": "Streaming(type: BROADCAST dop: 16/1)", "Parent Relationship": "Outer", "Startup Cost": 71936.81, "Total Cost": 98422.27, "Plan Rows": 10864, "Plan Width": 50, "Actual Min Startup Time": 389.981, "Actual Max Startup Time": 411.91, "Actual Min Total Time": 539.758, "Actual Max Total Time": 561.67, "Plans": [{"Node Type": "Hash Join", "Parent Relationship": "Outer", "Join Type": "Inner", "Startup Cost": 71936.81, "Total Cost": 83187.8, "Plan Rows": 679, "Plan Width": 50, "Actual Min Startup Time": 396.185, "Actual Max Startup Time": 396.185, "Actual Min Total Time": 555.319, "Actual Max Total Time": 555.319, "Inner Unique": false, "Hash Cond": "(at.movie_id = t.id)", "Plans": [{"Node Type": "Seq Scan", "Parent Relationship": "Outer", "Relation Name": "aka_title", "Alias": "at", "Startup Cost": 0.0, "Total Cost": 9894.71, "Plan Rows": 361471, "Plan Width": 25, "Actual Min Startup Time": 0.049, "Actual Max Startup Time": 0.049, "Actual Min Total Time": 92.499, "Actual Max Total Time": 92.499, "Actual Rows": 361471}, {"Node Type": "Hash", "Parent Relationship": "Inner", "Startup Cost": 71933.49, "Total Cost": 71933.49, "Plan Rows": 266, "Plan Width": 25, "Actual Min Startup Time": 396.059, "Actual Max Startup Time": 396.059, "Actual Min Total Time": 396.059, "Actual Max Total Time": 396.059, "Max Hash Buckets": 32768, "Min Hash Buckets": 32768, "Max Hash Batches": 1, "Min Hash Batches": 1, "Max Original Hash Batches": 1, "Min Original Hash Batches": 1, "Max Peak Memory Usage": 627, "min Peak Memory Usage": 627, "Plans": [{"Node Type": "Streaming(type: LOCAL GATHER dop: 1/16)", "Parent Relationship": "Outer", "Startup Cost": 20515.65, "Total Cost": 71933.49, "Plan Rows": 266, "Plan Width": 25, "Actual Min Startup Time": 282.218, "Actual Max Startup Time": 282.218, "Actual Min Total Time": 393.266, "Actual Max Total Time": 393.266, "Plans": [{"Node Type": "Hash Join", "Parent Relationship": "Outer", "Join Type": "Inner", "Startup Cost": 20515.65, "Total Cost": 71927.75, "Plan Rows": 266, "Plan Width": 25, "Actual Min Startup Time": 233.069, "Actual Max Startup Time": 278.242, "Actual Min Total Time": 358.564, "Actual Max Total Time": 403.121, "Inner Unique": true, "Hash Cond": "(mi.movie_id = t.id)", "Plans": [{"Node Type": "Streaming(type: BROADCAST dop: 16/1)", "Parent Relationship": "Outer", "Startup Cost": 0.0, "Total Cost": 51411.21, "Plan Rows": 3072, "Plan Width": 4, "Actual Min Startup Time": 130.885, "Actual Max Startup Time": 169.58, "Actual Min Total Time": 252.322, "Actual Max Total Time": 289.287, "Plans": [{"Node Type": "Nested Loop", "Parent Relationship": "Outer", "Join Type": "Inner", "Startup Cost": 0.0, "Total Cost": 36344.91, "Plan Rows": 192, "Plan Width": 4, "Actual Min Startup Time": 270.744, "Actual Max Startup Time": 270.744, "Actual Min Total Time": 275.508, "Actual Max Total Time": 275.508, "Inner Unique": false, "Join Filter": "(it1.id = mi.info_type_id)", "Rows Removed by Join Filter": 131, "Plans": [{"Node Type": "Seq Scan", "Parent Relationship": "Outer", "Relation Name": "info_type", "Alias": "it1", "Startup Cost": 0.0, "Total Cost": 2.4, "Plan Rows": 1, "Plan Width": 4, "Actual Min Startup Time": 0.07, "Actual Max Startup Time": 0.07, "Actual Min Total Time": 0.102, "Actual Max Total Time": 0.102, "Filter": "((info)::text = 'release dates'::text)", "Rows Removed by Filter": 111, "Actual Rows": 1}, {"Node Type": "Materialize", "Parent Relationship": "Inner", "Startup Cost": 0.0, "Total Cost": 36208.32, "Plan Rows": 13419, "Plan Width": 8, "Actual Min Startup Time": 270.641, "Actual Max Startup Time": 270.641, "Actual Min Total Time": 271.832, "Actual Max Total Time": 271.832, "Plans": [{"Node Type": "Streaming(type: LOCAL GATHER dop: 1/16)", "Parent Relationship": "Outer", "Startup Cost": 0.0, "Total Cost": 36174.77, "Plan Rows": 13419, "Plan Width": 8, "Actual Min Startup Time": 71.554, "Actual Max Startup Time": 71.554, "Actual Min Total Time": 268.89, "Actual Max Total Time": 268.89, "Plans": [{"Node Type": "Seq Scan", "Parent Relationship": "Outer", "Relation Name": "movie_info", "Alias": "mi", "Startup Cost": 0.0, "Total Cost": 35885.16, "Plan Rows": 13419, "Plan Width": 8, "Actual Min Startup Time": 6.892, "Actual Max Startup Time": 73.663, "Actual Min Total Time": 247.413, "Actual Max Total Time": 281.772, "Filter": "((note)::text ~~ '%internet%'::text)", "Rows Removed by Filter": 14824909, "Actual Rows": 10810}], "Actual Rows": 10810}], "Actual Rows": 10811}], "Actual Rows": 10679}], "Actual Rows": 170864}, {"Node Type": "Hash", "Parent Relationship": "Inner", "Startup Cost": 19149.37, "Total Cost": 19149.37, "Plan Rows": 1748840, "Plan Width": 21, "Actual Min Startup Time": 98.243, "Actual Max Startup Time": 108.416, "Actual Min Total Time": 98.243, "Actual Max Total Time": 108.416, "Max Hash Buckets": 131072, "Min Hash Buckets": 131072, "Max Hash Batches": 1, "Min Hash Batches": 1, "Max Original Hash Batches": 1, "Min Original Hash Batches": 1, "Max Peak Memory Usage": 5962, "min Peak Memory Usage": 5962, "Plans": [{"Node Type": "Seq Scan", "Parent Relationship": "Outer", "Relation Name": "title", "Alias": "t", "Startup Cost": 0.0, "Total Cost": 19149.37, "Plan Rows": 1748840, "Plan Width": 21, "Actual Min Startup Time": 0.024, "Actual Max Startup Time": 0.041, "Actual Min Total Time": 63.82, "Actual Max Total Time": 72.299, "Filter": "(production_year > 1990), (LLVM Optimized, Jit Execute)", "Rows Removed by Filter": 779279, "Actual Rows": 1749032}], "Actual Rows": 1749032}], "Actual Rows": 10662}], "Actual Rows": 10662}], "Actual Rows": 10662}], "Actual Rows": 584}], "Actual Rows": 9344}], "Actual Rows": 9344}], "Actual Rows": 6320}], "Actual Rows": 6320}, {"Node Type": "Hash", "Parent Relationship": "Inner", "Startup Cost": 2100.69, "Total Cost": 2100.69, "Plan Rows": 134169, "Plan Width": 4, "Actual Min Startup Time": 78.501, "Actual Max Startup Time": 78.501, "Actual Min Total Time": 78.501, "Actual Max Total Time": 78.501, "Max Hash Buckets": 262144, "Min Hash Buckets": 262144, "Max Hash Batches": 1, "Min Hash Batches": 1, "Max Original Hash Batches": 1, "Min Original Hash Batches": 1, "Max Peak Memory Usage": 4717, "min Peak Memory Usage": 4717, "Plans": [{"Node Type": "Seq Scan", "Parent Relationship": "Outer", "Relation Name": "keyword", "Alias": "k", "Startup Cost": 0.0, "Total Cost": 2100.69, "Plan Rows": 134169, "Plan Width": 4, "Actual Min Startup Time": 0.042, "Actual Max Startup Time": 0.042, "Actual Min Total Time": 38.545, "Actual Max Total Time": 38.545, "Actual Rows": 134169}], "Actual Rows": 134169}], "Actual Rows": 6320}], "Actual Rows": 101120}, {"Node Type": "Hash", "Parent Relationship": "Inner", "Startup Cost": 17613.58, "Total Cost": 17613.58, "Plan Rows": 2609128, "Plan Width": 12, "Actual Min Startup Time": 88.315, "Actual Max Startup Time": 108.766, "Actual Min Total Time": 88.315, "Actual Max Total Time": 108.766, "Max Hash Buckets": 262144, "Min Hash Buckets": 262144, "Max Hash Batches": 1, "Min Hash Batches": 1, "Max Original Hash Batches": 1, "Min Original Hash Batches": 1, "Max Peak Memory Usage": 7164, "min Peak Memory Usage": 7164, "Plans": [{"Node Type": "Seq Scan", "Parent Relationship": "Outer", "Relation Name": "movie_companies", "Alias": "mc", "Startup Cost": 0.0, "Total Cost": 17613.58, "Plan Rows": 2609128, "Plan Width": 12, "Actual Min Startup Time": 0.031, "Actual Max Startup Time": 0.076, "Actual Min Total Time": 43.61, "Actual Max Total Time": 52.453, "Actual Rows": 2609128}], "Actual Rows": 2609128}], "Actual Rows": 39767}], "Actual Rows": 39767}, {"Node Type": "Hash", "Parent Relationship": "Inner", "Startup Cost": 5903.45, "Total Cost": 5903.45, "Plan Rows": 85170, "Plan Width": 4, "Actual Min Startup Time": 116.559, "Actual Max Startup Time": 116.559, "Actual Min Total Time": 116.559, "Actual Max Total Time": 116.559, "Max Hash Buckets": 131072, "Min Hash Buckets": 131072, "Max Hash Batches": 1, "Min Hash Batches": 1, "Max Original Hash Batches": 1, "Min Original Hash Batches": 1, "Max Peak Memory Usage": 2983, "min Peak Memory Usage": 2983, "Plans": [{"Node Type": "Seq Scan", "Parent Relationship": "Outer", "Relation Name": "company_name", "Alias": "cn", "Startup Cost": 0.0, "Total Cost": 5903.45, "Plan Rows": 85170, "Plan Width": 4, "Actual Min Startup Time": 0.049, "Actual Max Startup Time": 0.049, "Actual Min Total Time": 90.39, "Actual Max Total Time": 90.39, "Filter": "((country_code)::text = '[us]'::text)", "Rows Removed by Filter": 150153, "Actual Rows": 84843}], "Actual Rows": 84843}], "Actual Rows": 11347}, {"Node Type": "Materialize", "Parent Relationship": "Inner", "Startup Cost": 0.0, "Total Cost": 1.04, "Plan Rows": 3, "Plan Width": 4, "Actual Min Startup Time": 1.1, "Actual Max Startup Time": 1.1, "Actual Min Total Time": 2.97, "Actual Max Total Time": 2.97, "Plans": [{"Node Type": "Seq Scan", "Parent Relationship": "Outer", "Relation Name": "company_type", "Alias": "ct", "Startup Cost": 0.0, "Total Cost": 1.03, "Plan Rows": 3, "Plan Width": 4, "Actual Min Startup Time": 0.031, "Actual Max Startup Time": 0.031, "Actual Min Total Time": 0.033, "Actual Max Total Time": 0.033, "Actual Rows": 3}], "Actual Rows": 25300}], "Actual Rows": 4371}], "Actual Rows": 1}, "Triggers": [], "Planner Runtime": 617, "Total Runtime": 791.429, "Unique SQL Id": 2302223328}}, "(16, 15)": {"explain_plan": {"Plan": {"Node Type": "Aggregate", "Strategy": "Plain", "Startup Cost": 8989907666954.32, "Total Cost": 8989907666954.33, "Plan Rows": 1, "Plan Width": 102, "Plans": [{"Node Type": "Nested Loop", "Parent Relationship": "Outer", "Join Type": "Inner", "Startup Cost": 90000000000.0, "Total Cost": 8989907666919.11, "Plan Rows": 7042, "Plan Width": 38, "Inner Unique": false, "Join Filter": "(t.id = at.movie_id)", "Plans": [{"Node Type": "Nested Loop", "Parent Relationship": "Outer", "Join Type": "Inner", "Startup Cost": 80000000000.0, "Total Cost": 7989884670934.49, "Plan Rows": 3874, "Plan Width": 33, "Inner Unique": true, "Join Filter": "(mk.keyword_id = k.id)", "Plans": [{"Node Type": "Nested Loop", "Parent Relationship": "Outer", "Join Type": "Inner", "Startup Cost": 70000000000.0, "Total Cost": 6989876589309.04, "Plan Rows": 3874, "Plan Width": 37, "Inner Unique": true, "Join Filter": "(mc.company_id = cn.id)", "Plans": [{"Node Type": "Merge Join", "Parent Relationship": "Outer", "Join Type": "Inner", "Startup Cost": 60000000000.0, "Total Cost": 5989869657116.95, "Plan Rows": 4604, "Plan Width": 41, "Inner Unique": false, "Merge Cond": "(t.id = mk.movie_id)", "Plans": [{"Node Type": "Nested Loop", "Parent Relationship": "Outer", "Join Type": "Inner", "Startup Cost": 50000000000.0, "Total Cost": 4998566610310.17, "Plan Rows": 568, "Plan Width": 33, "Inner Unique": true, "Join Filter": "(mc.company_type_id = ct.id)", "Plans": [{"Node Type": "Nested Loop", "Parent Relationship": "Outer", "Join Type": "Inner", "Startup Cost": 40000000000.0, "Total Cost": 3998566609055.11, "Plan Rows": 568, "Plan Width": 37, "Inner Unique": true, "Join Filter": "(mi.info_type_id = it1.id)", "Plans": [{"Node Type": "Merge Join", "Parent Relationship": "Outer", "Join Type": "Inner", "Startup Cost": 30000000000.0, "Total Cost": 2998566607038.02, "Plan Rows": 39739, "Plan Width": 41, "Inner Unique": false, "Merge Cond": "(t.id = mc.movie_id)", "Plans": [{"Node Type": "Nested Loop", "Parent Relationship": "Outer", "Join Type": "Inner", "Startup Cost": 20000000000.0, "Total Cost": 2000471060864.73, "Plan Rows": 18591, "Plan Width": 29, "Inner Unique": false, "Join Filter": "(mi.movie_id = t.id)", "Plans": [{"Node Type": "Index Scan", "Parent Relationship": "Outer", "Scan Direction": "Forward", "Index Name": "title_pkey", "Relation Name": "title", "Alias": "t", "Startup Cost": 10000000000.0, "Total Cost": 1000011644126.66, "Plan Rows": 1748840, "Plan Width": 21, "Filter": "(production_year > 1990), (LLVM Optimized)"}, {"Node Type": "Materialize", "Parent Relationship": "Inner", "Startup Cost": 10000000000.0, "Total Cost": 1000107401512.21, "Plan Rows": 13419, "Plan Width": 8, "Plans": [{"Node Type": "Index Scan", "Parent Relationship": "Outer", "Scan Direction": "Forward", "Index Name": "info_type_id_movie_info", "Relation Name": "movie_info", "Alias": "mi", "Startup Cost": 10000000000.0, "Total Cost": 1000107401445.12, "Plan Rows": 13419, "Plan Width": 8, "Filter": "((note)::text ~~ '%internet%'::text)"}]}]}, {"Node Type": "Index Scan", "Parent Relationship": "Inner", "Scan Direction": "Forward", "Index Name": "movie_id_movie_companies", "Relation Name": "movie_companies", "Alias": "mc", "Startup Cost": 10000000000.0, "Total Cost": 1000013051946.13, "Plan Rows": 2609128, "Plan Width": 12}]}, {"Node Type": "Materialize", "Parent Relationship": "Inner", "Startup Cost": 10000000000.0, "Total Cost": 1000000001421.0, "Plan Rows": 1, "Plan Width": 4, "Plans": [{"Node Type": "Index Scan", "Parent Relationship": "Outer", "Scan Direction": "Forward", "Index Name": "info_type_pkey", "Relation Name": "info_type", "Alias": "it1", "Startup Cost": 10000000000.0, "Total Cost": 1000000001421.0, "Plan Rows": 1, "Plan Width": 4, "Filter": "((info)::text = 'release dates'::text)"}]}]}, {"Node Type": "Materialize", "Parent Relationship": "Inner", "Startup Cost": 10000000000.0, "Total Cost": 1000000001229.52, "Plan Rows": 3, "Plan Width": 4, "Plans": [{"Node Type": "Index Scan", "Parent Relationship": "Outer", "Scan Direction": "Forward", "Index Name": "company_type_pkey", "Relation Name": "company_type", "Alias": "ct", "Startup Cost": 10000000000.0, "Total Cost": 1000000001229.5, "Plan Rows": 3, "Plan Width": 4}]}]}, {"Node Type": "Index Scan", "Parent Relationship": "Inner", "Scan Direction": "Forward", "Index Name": "movie_id_movie_keyword", "Relation Name": "movie_keyword", "Alias": "mk", "Startup Cost": 10000000000.0, "Total Cost": 1000015300634.17, "Plan Rows": 4523929, "Plan Width": 8}]}, {"Node Type": "Materialize", "Parent Relationship": "Inner", "Startup Cost": 10000000000.0, "Total Cost": 1000001050564.82, "Plan Rows": 85170, "Plan Width": 4, "Plans": [{"Node Type": "Index Scan", "Parent Relationship": "Outer", "Scan Direction": "Forward", "Index Name": "company_name_pkey", "Relation Name": "company_name", "Alias": "cn", "Startup Cost": 10000000000.0, "Total Cost": 1000001050138.97, "Plan Rows": 85170, "Plan Width": 4, "Filter": "((country_code)::text = '[us]'::text)"}]}]}, {"Node Type": "Materialize", "Parent Relationship": "Inner", "Startup Cost": 10000000000.0, "Total Cost": 1000000285400.28, "Plan Rows": 134169, "Plan Width": 4, "Plans": [{"Node Type": "Index Scan", "Parent Relationship": "Outer", "Scan Direction": "Forward", "Index Name": "keyword_pkey", "Relation Name": "keyword", "Alias": "k", "Startup Cost": 10000000000.0, "Total Cost": 1000000284729.43, "Plan Rows": 134169, "Plan Width": 4}]}]}, {"Node Type": "Materialize", "Parent Relationship": "Inner", "Startup Cost": 10000000000.0, "Total Cost": 1000001991808.49, "Plan Rows": 361471, "Plan Width": 25, "Plans": [{"Node Type": "Index Scan", "Parent Relationship": "Outer", "Scan Direction": "Forward", "Index Name": "movie_id_aka_title", "Relation Name": "aka_title", "Alias": "at", "Startup Cost": 10000000000.0, "Total Cost": 1000001990001.13, "Plan Rows": 361471, "Plan Width": 25}]}]}]}, "Unique SQL Id": 2302223328, "Planner Runtime": 600}, "explain_analyze_plan": null}, "(16, 16)": {"explain_plan": {"Plan": {"Node Type": "Aggregate", "Strategy": "Plain", "Startup Cost": 39393.83, "Total Cost": 39393.84, "Plan Rows": 1, "Plan Width": 102, "Plans": [{"Node Type": "Nested Loop", "Parent Relationship": "Outer", "Join Type": "Inner", "Startup Cost": 0.0, "Total Cost": 39358.96, "Plan Rows": 6974, "Plan Width": 38, "Inner Unique": false, "Join Filter": "(t.id = at.movie_id)", "Plans": [{"Node Type": "Nested Loop", "Parent Relationship": "Outer", "Join Type": "Inner", "Startup Cost": 0.0, "Total Cost": 38560.34, "Plan Rows": 2257, "Plan Width": 33, "Inner Unique": true, "Plans": [{"Node Type": "Nested Loop", "Parent Relationship": "Outer", "Join Type": "Inner", "Startup Cost": 0.0, "Total Cost": 37928.36, "Plan Rows": 2257, "Plan Width": 37, "Inner Unique": false, "Join Filter": "(t.id = mk.movie_id)", "Plans": [{"Node Type": "Nested Loop", "Parent Relationship": "Outer", "Join Type": "Inner", "Startup Cost": 0.0, "Total Cost": 37772.01, "Plan Rows": 278, "Plan Width": 29, "Inner Unique": true, "Join Filter": "(mc.company_type_id = ct.id)", "Plans": [{"Node Type": "Nested Loop", "Parent Relationship": "Outer", "Join Type": "Inner", "Startup Cost": 0.0, "Total Cost": 37749.46, "Plan Rows": 478, "Plan Width": 33, "Inner Unique": true, "Plans": [{"Node Type": "Nested Loop", "Parent Relationship": "Outer", "Join Type": "Inner", "Startup Cost": 0.0, "Total Cost": 37586.07, "Plan Rows": 568, "Plan Width": 37, "Inner Unique": false, "Plans": [{"Node Type": "Nested Loop", "Parent Relationship": "Outer", "Join Type": "Inner", "Startup Cost": 0.0, "Total Cost": 37488.22, "Plan Rows": 266, "Plan Width": 25, "Inner Unique": true, "Plans": [{"Node Type": "Nested Loop", "Parent Relationship": "Outer", "Join Type": "Inner", "Startup Cost": 0.0, "Total Cost": 36344.91, "Plan Rows": 192, "Plan Width": 4, "Inner Unique": false, "Join Filter": "(it1.id = mi.info_type_id)", "Plans": [{"Node Type": "Seq Scan", "Parent Relationship": "Outer", "Relation Name": "info_type", "Alias": "it1", "Startup Cost": 0.0, "Total Cost": 2.4, "Plan Rows": 1, "Plan Width": 4, "Filter": "((info)::text = 'release dates'::text)"}, {"Node Type": "Materialize", "Parent Relationship": "Inner", "Startup Cost": 0.0, "Total Cost": 36208.32, "Plan Rows": 13419, "Plan Width": 8, "Plans": [{"Node Type": "Streaming(type: LOCAL GATHER dop: 1/16)", "Parent Relationship": "Outer", "Startup Cost": 0.0, "Total Cost": 36174.77, "Plan Rows": 13419, "Plan Width": 8, "Plans": [{"Node Type": "Seq Scan", "Parent Relationship": "Outer", "Relation Name": "movie_info", "Alias": "mi", "Startup Cost": 0.0, "Total Cost": 35885.16, "Plan Rows": 13419, "Plan Width": 8, "Filter": "((note)::text ~~ '%internet%'::text)"}]}]}]}, {"Node Type": "Index Scan", "Parent Relationship": "Inner", "Scan Direction": "Forward", "Index Name": "title_pkey", "Relation Name": "title", "Alias": "t", "Startup Cost": 0.0, "Total Cost": 5.94, "Plan Rows": 1, "Plan Width": 21, "Index Cond": "(id = mi.movie_id)", "Filter": "(production_year > 1990)"}]}, {"Node Type": "Index Scan", "Parent Relationship": "Inner", "Scan Direction": "Forward", "Index Name": "movie_id_movie_companies", "Relation Name": "movie_companies", "Alias": "mc", "Startup Cost": 0.0, "Total Cost": 0.35, "Plan Rows": 2, "Plan Width": 12, "Index Cond": "(movie_id = t.id)"}]}, {"Node Type": "Index Scan", "Parent Relationship": "Inner", "Scan Direction": "Forward", "Index Name": "company_name_pkey", "Relation Name": "company_name", "Alias": "cn", "Startup Cost": 0.0, "Total Cost": 0.28, "Plan Rows": 1, "Plan Width": 4, "Index Cond": "(id = mc.company_id)", "Filter": "((country_code)::text = '[us]'::text)"}]}, {"Node Type": "Materialize", "Parent Relationship": "Inner", "Startup Cost": 0.0, "Total Cost": 1.04, "Plan Rows": 3, "Plan Width": 4, "Plans": [{"Node Type": "Seq Scan", "Parent Relationship": "Outer", "Relation Name": "company_type", "Alias": "ct", "Startup Cost": 0.0, "Total Cost": 1.03, "Plan Rows": 3, "Plan Width": 4}]}]}, {"Node Type": "Index Scan", "Parent Relationship": "Inner", "Scan Direction": "Forward", "Index Name": "movie_id_movie_keyword", "Relation Name": "movie_keyword", "Alias": "mk", "Startup Cost": 0.0, "Total Cost": 0.46, "Plan Rows": 8, "Plan Width": 8, "Index Cond": "(movie_id = mc.movie_id)"}]}, {"Node Type": "Index Only Scan", "Parent Relationship": "Inner", "Scan Direction": "Forward", "Index Name": "keyword_pkey", "Relation Name": "keyword", "Alias": "k", "Startup Cost": 0.0, "Total Cost": 0.27, "Plan Rows": 1, "Plan Width": 4, "Index Cond": "(id = mk.keyword_id)"}]}, {"Node Type": "Index Scan", "Parent Relationship": "Inner", "Scan Direction": "Forward", "Index Name": "movie_id_aka_title", "Relation Name": "aka_title", "Alias": "at", "Startup Cost": 0.0, "Total Cost": 0.32, "Plan Rows": 3, "Plan Width": 25, "Index Cond": "(movie_id = mk.movie_id)"}]}]}, "Unique SQL Id": 2302223328, "Planner Runtime": 134}, "explain_analyze_plan": {"Plan": {"Node Type": "Aggregate", "Strategy": "Plain", "Startup Cost": 39393.83, "Total Cost": 39393.84, "Plan Rows": 1, "Plan Width": 102, "Actual Min Startup Time": 621.221, "Actual Max Startup Time": 621.221, "Actual Min Total Time": 621.221, "Actual Max Total Time": 621.221, "Plans": [{"Node Type": "Nested Loop", "Parent Relationship": "Outer", "Join Type": "Inner", "Startup Cost": 0.0, "Total Cost": 39358.96, "Plan Rows": 6974, "Plan Width": 38, "Actual Min Startup Time": 297.202, "Actual Max Startup Time": 297.202, "Actual Min Total Time": 618.501, "Actual Max Total Time": 618.501, "Inner Unique": false, "Join Filter": "(t.id = at.movie_id)", "Rows Removed by Join Filter": 0, "Plans": [{"Node Type": "Nested Loop", "Parent Relationship": "Outer", "Join Type": "Inner", "Startup Cost": 0.0, "Total Cost": 38560.34, "Plan Rows": 2257, "Plan Width": 33, "Actual Min Startup Time": 294.4, "Actual Max Startup Time": 294.4, "Actual Min Total Time": 576.408, "Actual Max Total Time": 576.408, "Inner Unique": true, "Plans": [{"Node Type": "Nested Loop", "Parent Relationship": "Outer", "Join Type": "Inner", "Startup Cost": 0.0, "Total Cost": 37928.36, "Plan Rows": 2257, "Plan Width": 37, "Actual Min Startup Time": 294.384, "Actual Max Startup Time": 294.384, "Actual Min Total Time": 529.81, "Actual Max Total Time": 529.81, "Inner Unique": false, "Join Filter": "(t.id = mk.movie_id)", "Rows Removed by Join Filter": 0, "Plans": [{"Node Type": "Nested Loop", "Parent Relationship": "Outer", "Join Type": "Inner", "Startup Cost": 0.0, "Total Cost": 37772.01, "Plan Rows": 278, "Plan Width": 29, "Actual Min Startup Time": 294.335, "Actual Max Startup Time": 294.335, "Actual Min Total Time": 492.197, "Actual Max Total Time": 492.197, "Inner Unique": true, "Join Filter": "(mc.company_type_id = ct.id)", "Rows Removed by Join Filter": 11829, "Plans": [{"Node Type": "Nested Loop", "Parent Relationship": "Outer", "Join Type": "Inner", "Startup Cost": 0.0, "Total Cost": 37749.46, "Plan Rows": 478, "Plan Width": 33, "Actual Min Startup Time": 294.318, "Actual Max Startup Time": 294.318, "Actual Min Total Time": 483.602, "Actual Max Total Time": 483.602, "Inner Unique": true, "Plans": [{"Node Type": "Nested Loop", "Parent Relationship": "Outer", "Join Type": "Inner", "Startup Cost": 0.0, "Total Cost": 37586.07, "Plan Rows": 568, "Plan Width": 37, "Actual Min Startup Time": 294.267, "Actual Max Startup Time": 294.267, "Actual Min Total Time": 416.216, "Actual Max Total Time": 416.216, "Inner Unique": false, "Plans": [{"Node Type": "Nested Loop", "Parent Relationship": "Outer", "Join Type": "Inner", "Startup Cost": 0.0, "Total Cost": 37488.22, "Plan Rows": 266, "Plan Width": 25, "Actual Min Startup Time": 294.252, "Actual Max Startup Time": 294.252, "Actual Min Total Time": 357.132, "Actual Max Total Time": 357.132, "Inner Unique": true, "Plans": [{"Node Type": "Nested Loop", "Parent Relationship": "Outer", "Join Type": "Inner", "Startup Cost": 0.0, "Total Cost": 36344.91, "Plan Rows": 192, "Plan Width": 4, "Actual Min Startup Time": 294.204, "Actual Max Startup Time": 294.204, "Actual Min Total Time": 300.597, "Actual Max Total Time": 300.597, "Inner Unique": false, "Join Filter": "(it1.id = mi.info_type_id)", "Rows Removed by Join Filter": 131, "Plans": [{"Node Type": "Seq Scan", "Parent Relationship": "Outer", "Relation Name": "info_type", "Alias": "it1", "Startup Cost": 0.0, "Total Cost": 2.4, "Plan Rows": 1, "Plan Width": 4, "Actual Min Startup Time": 0.069, "Actual Max Startup Time": 0.069, "Actual Min Total Time": 0.095, "Actual Max Total Time": 0.095, "Filter": "((info)::text = 'release dates'::text)", "Rows Removed by Filter": 111, "Actual Rows": 1}, {"Node Type": "Materialize", "Parent Relationship": "Inner", "Startup Cost": 0.0, "Total Cost": 36208.32, "Plan Rows": 13419, "Plan Width": 8, "Actual Min Startup Time": 294.108, "Actual Max Startup Time": 294.108, "Actual Min Total Time": 295.786, "Actual Max Total Time": 295.786, "Plans": [{"Node Type": "Streaming(type: LOCAL GATHER dop: 1/16)", "Parent Relationship": "Outer", "Startup Cost": 0.0, "Total Cost": 36174.77, "Plan Rows": 13419, "Plan Width": 8, "Actual Min Startup Time": 92.12, "Actual Max Startup Time": 92.12, "Actual Min Total Time": 292.213, "Actual Max Total Time": 292.213, "Plans": [{"Node Type": "Seq Scan", "Parent Relationship": "Outer", "Relation Name": "movie_info", "Alias": "mi", "Startup Cost": 0.0, "Total Cost": 35885.16, "Plan Rows": 13419, "Plan Width": 8, "Actual Min Startup Time": 6.859, "Actual Max Startup Time": 73.212, "Actual Min Total Time": 247.765, "Actual Max Total Time": 276.211, "Filter": "((note)::text ~~ '%internet%'::text)", "Rows Removed by Filter": 14824909, "Actual Rows": 10810}], "Actual Rows": 10810}], "Actual Rows": 10811}], "Actual Rows": 10679}, {"Node Type": "Index Scan", "Parent Relationship": "Inner", "Scan Direction": "Forward", "Index Name": "title_pkey", "Relation Name": "title", "Alias": "t", "Startup Cost": 0.0, "Total Cost": 5.94, "Plan Rows": 1, "Plan Width": 21, "Actual Min Startup Time": 48.091, "Actual Max Startup Time": 48.091, "Actual Min Total Time": 48.091, "Actual Max Total Time": 48.091, "Index Cond": "(id = mi.movie_id)", "Rows Removed by Index Recheck": 0, "Filter": "(production_year > 1990)", "Rows Removed by Filter": 17, "Actual Rows": 10662}], "Actual Rows": 10662}, {"Node Type": "Index Scan", "Parent Relationship": "Inner", "Scan Direction": "Forward", "Index Name": "movie_id_movie_companies", "Relation Name": "movie_companies", "Alias": "mc", "Startup Cost": 0.0, "Total Cost": 0.35, "Plan Rows": 2, "Plan Width": 12, "Actual Min Startup Time": 41.027, "Actual Max Startup Time": 41.027, "Actual Min Total Time": 50.301, "Actual Max Total Time": 50.301, "Index Cond": "(movie_id = t.id)", "Rows Removed by Index Recheck": 0, "Actual Rows": 14377}], "Actual Rows": 14377}, {"Node Type": "Index Scan", "Parent Relationship": "Inner", "Scan Direction": "Forward", "Index Name": "company_name_pkey", "Relation Name": "company_name", "Alias": "cn", "Startup Cost": 0.0, "Total Cost": 0.28, "Plan Rows": 1, "Plan Width": 4, "Actual Min Startup Time": 57.105, "Actual Max Startup Time": 57.105, "Actual Min Total Time": 57.105, "Actual Max Total Time": 57.105, "Index Cond": "(id = mc.company_id)", "Rows Removed by Index Recheck": 0, "Filter": "((country_code)::text = '[us]'::text)", "Rows Removed by Filter": 4520, "Actual Rows": 9857}], "Actual Rows": 9857}, {"Node Type": "Materialize", "Parent Relationship": "Inner", "Startup Cost": 0.0, "Total Cost": 1.04, "Plan Rows": 3, "Plan Width": 4, "Actual Min Startup Time": 1.035, "Actual Max Startup Time": 1.035, "Actual Min Total Time": 2.117, "Actual Max Total Time": 2.117, "Plans": [{"Node Type": "Seq Scan", "Parent Relationship": "Outer", "Relation Name": "company_type", "Alias": "ct", "Startup Cost": 0.0, "Total Cost": 1.03, "Plan Rows": 3, "Plan Width": 4, "Actual Min Startup Time": 0.005, "Actual Max Startup Time": 0.005, "Actual Min Total Time": 0.006, "Actual Max Total Time": 0.006, "Actual Rows": 3}], "Actual Rows": 17743}], "Actual Rows": 5914}, {"Node Type": "Index Scan", "Parent Relationship": "Inner", "Scan Direction": "Forward", "Index Name": "movie_id_movie_keyword", "Relation Name": "movie_keyword", "Alias": "mk", "Startup Cost": 0.0, "Total Cost": 0.46, "Plan Rows": 8, "Plan Width": 8, "Actual Min Startup Time": 22.244, "Actual Max Startup Time": 22.244, "Actual Min Total Time": 28.606, "Actual Max Total Time": 28.606, "Index Cond": "(movie_id = mc.movie_id)", "Rows Removed by Index Recheck": 0, "Actual Rows": 14161}], "Actual Rows": 14161}, {"Node Type": "Index Only Scan", "Parent Relationship": "Inner", "Scan Direction": "Forward", "Index Name": "keyword_pkey", "Relation Name": "keyword", "Alias": "k", "Startup Cost": 0.0, "Total Cost": 0.27, "Plan Rows": 1, "Plan Width": 4, "Actual Min Startup Time": 36.51, "Actual Max Startup Time": 36.51, "Actual Min Total Time": 36.51, "Actual Max Total Time": 36.51, "Index Cond": "(id = mk.keyword_id)", "Rows Removed by Index Recheck": 0, "Heap Fetches": 0, "Actual Rows": 14161}], "Actual Rows": 14161}, {"Node Type": "Index Scan", "Parent Relationship": "Inner", "Scan Direction": "Forward", "Index Name": "movie_id_aka_title", "Relation Name": "aka_title", "Alias": "at", "Startup Cost": 0.0, "Total Cost": 0.32, "Plan Rows": 3, "Plan Width": 25, "Actual Min Startup Time": 31.451, "Actual Max Startup Time": 31.451, "Actual Min Total Time": 33.645, "Actual Max Total Time": 33.645, "Index Cond": "(movie_id = mk.movie_id)", "Rows Removed by Index Recheck": 0, "Actual Rows": 4371}], "Actual Rows": 4371}], "Actual Rows": 1}, "Triggers": [], "Planner Runtime": 134, "Total Runtime": 624.308, "Unique SQL Id": 2302223328}}, "(16, 17)": {"explain_plan": {"Plan": {"Node Type": "Aggregate", "Strategy": "Plain", "Startup Cost": 166952.08, "Total Cost": 166952.09, "Plan Rows": 1, "Plan Width": 102, "Plans": [{"Node Type": "Nested Loop", "Parent Relationship": "Outer", "Join Type": "Inner", "Startup Cost": 4841.51, "Total Cost": 166917.21, "Plan Rows": 6974, "Plan Width": 38, "Inner Unique": false, "Join Filter": "(t.id = at.movie_id)", "Plans": [{"Node Type": "Nested Loop", "Parent Relationship": "Outer", "Join Type": "Inner", "Startup Cost": 4841.51, "Total Cost": 166118.59, "Plan Rows": 2257, "Plan Width": 33, "Inner Unique": true, "Plans": [{"Node Type": "Nested Loop", "Parent Relationship": "Outer", "Join Type": "Inner", "Startup Cost": 4841.51, "Total Cost": 165486.61, "Plan Rows": 2257, "Plan Width": 37, "Inner Unique": false, "Join Filter": "(t.id = mk.movie_id)", "Plans": [{"Node Type": "Nested Loop", "Parent Relationship": "Outer", "Join Type": "Inner", "Startup Cost": 4841.51, "Total Cost": 165330.26, "Plan Rows": 278, "Plan Width": 29, "Inner Unique": true, "Join Filter": "(mc.company_type_id = ct.id)", "Plans": [{"Node Type": "Nested Loop", "Parent Relationship": "Outer", "Join Type": "Inner", "Startup Cost": 4841.51, "Total Cost": 165300.45, "Plan Rows": 478, "Plan Width": 33, "Inner Unique": true, "Plans": [{"Node Type": "Nested Loop", "Parent Relationship": "Outer", "Join Type": "Inner", "Startup Cost": 4841.51, "Total Cost": 165137.06, "Plan Rows": 568, "Plan Width": 37, "Inner Unique": false, "Plans": [{"Node Type": "Nested Loop", "Parent Relationship": "Outer", "Join Type": "Inner", "Startup Cost": 4841.51, "Total Cost": 165039.2, "Plan Rows": 266, "Plan Width": 25, "Inner Unique": true, "Plans": [{"Node Type": "Nested Loop", "Parent Relationship": "Outer", "Join Type": "Inner", "Startup Cost": 4841.51, "Total Cost": 163895.89, "Plan Rows": 192, "Plan Width": 4, "Inner Unique": false, "Plans": [{"Node Type": "Index Scan", "Parent Relationship": "Outer", "Scan Direction": "Forward", "Index Name": "info_type_pkey", "Relation Name": "info_type", "Alias": "it1", "Startup Cost": 0.0, "Total Cost": 14.21, "Plan Rows": 1, "Plan Width": 4, "Filter": "((info)::text = 'release dates'::text)"}, {"Node Type": "Bitmap Heap Scan", "Parent Relationship": "Inner", "Relation Name": "movie_info", "Alias": "mi", "Startup Cost": 4841.51, "Total Cost": 163879.76, "Plan Rows": 192, "Plan Width": 8, "Recheck Cond": "(info_type_id = it1.id)", "Filter": "((note)::text ~~ '%internet%'::text)", "Plans": [{"Node Type": "Bitmap Index Scan", "Parent Relationship": "Outer", "Index Name": "info_type_id_movie_info", "Startup Cost": 0.0, "Total Cost": 4841.46, "Plan Rows": 212428, "Plan Width": 0, "Index Cond": "(info_type_id = it1.id)"}]}]}, {"Node Type": "Index Scan", "Parent Relationship": "Inner", "Scan Direction": "Forward", "Index Name": "title_pkey", "Relation Name": "title", "Alias": "t", "Startup Cost": 0.0, "Total Cost": 5.94, "Plan Rows": 1, "Plan Width": 21, "Index Cond": "(id = mi.movie_id)", "Filter": "(production_year > 1990)"}]}, {"Node Type": "Index Scan", "Parent Relationship": "Inner", "Scan Direction": "Forward", "Index Name": "movie_id_movie_companies", "Relation Name": "movie_companies", "Alias": "mc", "Startup Cost": 0.0, "Total Cost": 0.35, "Plan Rows": 2, "Plan Width": 12, "Index Cond": "(movie_id = t.id)"}]}, {"Node Type": "Index Scan", "Parent Relationship": "Inner", "Scan Direction": "Forward", "Index Name": "company_name_pkey", "Relation Name": "company_name", "Alias": "cn", "Startup Cost": 0.0, "Total Cost": 0.28, "Plan Rows": 1, "Plan Width": 4, "Index Cond": "(id = mc.company_id)", "Filter": "((country_code)::text = '[us]'::text)"}]}, {"Node Type": "Materialize", "Parent Relationship": "Inner", "Startup Cost": 0.0, "Total Cost": 8.31, "Plan Rows": 3, "Plan Width": 4, "Plans": [{"Node Type": "Index Only Scan", "Parent Relationship": "Outer", "Scan Direction": "Forward", "Index Name": "company_type_pkey", "Relation Name": "company_type", "Alias": "ct", "Startup Cost": 0.0, "Total Cost": 8.29, "Plan Rows": 3, "Plan Width": 4}]}]}, {"Node Type": "Index Scan", "Parent Relationship": "Inner", "Scan Direction": "Forward", "Index Name": "movie_id_movie_keyword", "Relation Name": "movie_keyword", "Alias": "mk", "Startup Cost": 0.0, "Total Cost": 0.46, "Plan Rows": 8, "Plan Width": 8, "Index Cond": "(movie_id = mc.movie_id)"}]}, {"Node Type": "Index Only Scan", "Parent Relationship": "Inner", "Scan Direction": "Forward", "Index Name": "keyword_pkey", "Relation Name": "keyword", "Alias": "k", "Startup Cost": 0.0, "Total Cost": 0.27, "Plan Rows": 1, "Plan Width": 4, "Index Cond": "(id = mk.keyword_id)"}]}, {"Node Type": "Index Scan", "Parent Relationship": "Inner", "Scan Direction": "Forward", "Index Name": "movie_id_aka_title", "Relation Name": "aka_title", "Alias": "at", "Startup Cost": 0.0, "Total Cost": 0.32, "Plan Rows": 3, "Plan Width": 25, "Index Cond": "(movie_id = mk.movie_id)"}]}]}, "Unique SQL Id": 2302223328, "Planner Runtime": 131}, "explain_analyze_plan": null}, "(16, 18)": {"explain_plan": {"Plan": {"Node Type": "Aggregate", "Strategy": "Plain", "Startup Cost": 60927.54, "Total Cost": 60927.55, "Plan Rows": 1, "Plan Width": 102, "Plans": [{"Node Type": "Merge Join", "Parent Relationship": "Outer", "Join Type": "Inner", "Startup Cost": 60118.94, "Total Cost": 60892.67, "Plan Rows": 6974, "Plan Width": 38, "Inner Unique": true, "Merge Cond": "(mk.keyword_id = k.id)", "Plans": [{"Node Type": "Sort", "Parent Relationship": "Outer", "Startup Cost": 46591.29, "Total Cost": 46608.72, "Plan Rows": 6974, "Plan Width": 42, "Sort Key": ["mk.keyword_id"], "Plans": [{"Node Type": "Nested Loop", "Parent Relationship": "Outer", "Join Type": "Inner", "Startup Cost": 3.76, "Total Cost": 46146.07, "Plan Rows": 6974, "Plan Width": 42, "Inner Unique": false, "Join Filter": "(t.id = mk.movie_id)", "Plans": [{"Node Type": "Nested Loop", "Parent Relationship": "Outer", "Join Type": "Inner", "Startup Cost": 3.42, "Total Cost": 42225.22, "Plan Rows": 864, "Plan Width": 54, "Inner Unique": false, "Join Filter": "(t.id = at.movie_id)", "Plans": [{"Node Type": "Nested Loop", "Parent Relationship": "Outer", "Join Type": "Inner", "Startup Cost": 3.15, "Total Cost": 41016.02, "Plan Rows": 278, "Plan Width": 29, "Inner Unique": true, "Join Filter": "(mi.movie_id = t.id)", "Plans": [{"Node Type": "Nested Loop", "Parent Relationship": "Outer", "Join Type": "Inner", "Startup Cost": 2.88, "Total Cost": 40151.84, "Plan Rows": 201, "Plan Width": 8, "Inner Unique": true, "Join Filter": "(mc.company_type_id = ct.id)", "Plans": [{"Node Type": "Nested Loop", "Parent Relationship": "Outer", "Join Type": "Inner", "Startup Cost": 2.88, "Total Cost": 40135.27, "Plan Rows": 345, "Plan Width": 12, "Inner Unique": true, "Plans": [{"Node Type": "Nested Loop", "Parent Relationship": "Outer", "Join Type": "Inner", "Startup Cost": 2.62, "Total Cost": 38379.09, "Plan Rows": 410, "Plan Width": 16, "Inner Unique": false, "Plans": [{"Node Type": "Nested Loop", "Parent Relationship": "Outer", "Join Type": "Inner", "Startup Cost": 0.0, "Total Cost": 36344.91, "Plan Rows": 192, "Plan Width": 4, "Inner Unique": false, "Join Filter": "(it1.id = mi.info_type_id)", "Plans": [{"Node Type": "Seq Scan", "Parent Relationship": "Outer", "Relation Name": "info_type", "Alias": "it1", "Startup Cost": 0.0, "Total Cost": 2.4, "Plan Rows": 1, "Plan Width": 4, "Filter": "((info)::text = 'release dates'::text)"}, {"Node Type": "Materialize", "Parent Relationship": "Inner", "Startup Cost": 0.0, "Total Cost": 36208.32, "Plan Rows": 13419, "Plan Width": 8, "Plans": [{"Node Type": "Streaming(type: LOCAL GATHER dop: 1/16)", "Parent Relationship": "Outer", "Startup Cost": 0.0, "Total Cost": 36174.77, "Plan Rows": 13419, "Plan Width": 8, "Plans": [{"Node Type": "Seq Scan", "Parent Relationship": "Outer", "Relation Name": "movie_info", "Alias": "mi", "Startup Cost": 0.0, "Total Cost": 35885.16, "Plan Rows": 13419, "Plan Width": 8, "Filter": "((note)::text ~~ '%internet%'::text)"}]}]}]}, {"Node Type": "Bitmap Heap Scan", "Parent Relationship": "Inner", "Relation Name": "movie_companies", "Alias": "mc", "Startup Cost": 2.62, "Total Cost": 10.57, "Plan Rows": 2, "Plan Width": 12, "Recheck Cond": "(movie_id = mi.movie_id)", "Plans": [{"Node Type": "Bitmap Index Scan", "Parent Relationship": "Outer", "Index Name": "movie_id_movie_companies", "Startup Cost": 0.0, "Total Cost": 2.62, "Plan Rows": 2, "Plan Width": 0, "Index Cond": "(movie_id = mi.movie_id)"}]}]}, {"Node Type": "Bitmap Heap Scan", "Parent Relationship": "Inner", "Relation Name": "company_name", "Alias": "cn", "Startup Cost": 0.26, "Total Cost": 4.27, "Plan Rows": 1, "Plan Width": 4, "Recheck Cond": "(id = mc.company_id)", "Filter": "((country_code)::text = '[us]'::text)", "Plans": [{"Node Type": "Bitmap Index Scan", "Parent Relationship": "Outer", "Index Name": "company_name_pkey", "Startup Cost": 0.0, "Total Cost": 0.26, "Plan Rows": 1, "Plan Width": 0, "Index Cond": "(id = mc.company_id)"}]}]}, {"Node Type": "Materialize", "Parent Relationship": "Inner", "Startup Cost": 0.0, "Total Cost": 1.04, "Plan Rows": 3, "Plan Width": 4, "Plans": [{"Node Type": "Seq Scan", "Parent Relationship": "Outer", "Relation Name": "company_type", "Alias": "ct", "Startup Cost": 0.0, "Total Cost": 1.03, "Plan Rows": 3, "Plan Width": 4}]}]}, {"Node Type": "Bitmap Heap Scan", "Parent Relationship": "Inner", "Relation Name": "title", "Alias": "t", "Startup Cost": 0.27, "Total Cost": 4.29, "Plan Rows": 1, "Plan Width": 21, "Recheck Cond": "(id = mc.movie_id)", "Filter": "(production_year > 1990)", "Plans": [{"Node Type": "Bitmap Index Scan", "Parent Relationship": "Outer", "Index Name": "title_pkey", "Startup Cost": 0.0, "Total Cost": 0.27, "Plan Rows": 1, "Plan Width": 0, "Index Cond": "(id = mc.movie_id)"}]}]}, {"Node Type": "Bitmap Heap Scan", "Parent Relationship": "Inner", "Relation Name": "aka_title", "Alias": "at", "Startup Cost": 0.27, "Total Cost": 4.31, "Plan Rows": 3, "Plan Width": 25, "Recheck Cond": "(movie_id = mc.movie_id)", "Plans": [{"Node Type": "Bitmap Index Scan", "Parent Relationship": "Outer", "Index Name": "movie_id_aka_title", "Startup Cost": 0.0, "Total Cost": 0.27, "Plan Rows": 3, "Plan Width": 0, "Index Cond": "(movie_id = mc.movie_id)"}]}]}, {"Node Type": "Bitmap Heap Scan", "Parent Relationship": "Inner", "Relation Name": "movie_keyword", "Alias": "mk", "Startup Cost": 0.34, "Total Cost": 4.44, "Plan Rows": 8, "Plan Width": 8, "Recheck Cond": "(movie_id = mc.movie_id)", "Plans": [{"Node Type": "Bitmap Index Scan", "Parent Relationship": "Outer", "Index Name": "movie_id_movie_keyword", "Startup Cost": 0.0, "Total Cost": 0.34, "Plan Rows": 8, "Plan Width": 0, "Index Cond": "(movie_id = mc.movie_id)"}]}]}]}, {"Node Type": "Sort", "Parent Relationship": "Inner", "Startup Cost": 13527.66, "Total Cost": 13863.08, "Plan Rows": 134169, "Plan Width": 4, "Sort Key": ["k.id"], "Plans": [{"Node Type": "Seq Scan", "Parent Relationship": "Outer", "Relation Name": "keyword", "Alias": "k", "Startup Cost": 0.0, "Total Cost": 2100.69, "Plan Rows": 134169, "Plan Width": 4}]}]}]}, "Unique SQL Id": 2302223328, "Planner Runtime": 170}, "explain_analyze_plan": {"Plan": {"Node Type": "Aggregate", "Strategy": "Plain", "Startup Cost": 60927.54, "Total Cost": 60927.55, "Plan Rows": 1, "Plan Width": 102, "Actual Min Startup Time": 671.093, "Actual Max Startup Time": 671.093, "Actual Min Total Time": 671.094, "Actual Max Total Time": 671.094, "Plans": [{"Node Type": "Merge Join", "Parent Relationship": "Outer", "Join Type": "Inner", "Startup Cost": 60118.94, "Total Cost": 60892.67, "Plan Rows": 6974, "Plan Width": 38, "Actual Min Startup Time": 633.705, "Actual Max Startup Time": 633.705, "Actual Min Total Time": 668.892, "Actual Max Total Time": 668.892, "Inner Unique": true, "Merge Cond": "(mk.keyword_id = k.id)", "Plans": [{"Node Type": "Sort", "Parent Relationship": "Outer", "Startup Cost": 46591.29, "Total Cost": 46608.72, "Plan Rows": 6974, "Plan Width": 42, "Actual Min Startup Time": 551.665, "Actual Max Startup Time": 551.665, "Actual Min Total Time": 552.378, "Actual Max Total Time": 552.378, "Sort Key": ["mk.keyword_id"], "Sort Method": "quicksort", "Sort Space Min Used": 752, "Sort Space Max Used": 752, "Sort Space Type": "Memory", "Plans": [{"Node Type": "Nested Loop", "Parent Relationship": "Outer", "Join Type": "Inner", "Startup Cost": 3.76, "Total Cost": 46146.07, "Plan Rows": 6974, "Plan Width": 42, "Actual Min Startup Time": 275.061, "Actual Max Startup Time": 275.061, "Actual Min Total Time": 549.48, "Actual Max Total Time": 549.48, "Inner Unique": false, "Join Filter": "(t.id = mk.movie_id)", "Rows Removed by Join Filter": 0, "Plans": [{"Node Type": "Nested Loop", "Parent Relationship": "Outer", "Join Type": "Inner", "Startup Cost": 3.42, "Total Cost": 42225.22, "Plan Rows": 864, "Plan Width": 54, "Actual Min Startup Time": 273.105, "Actual Max Startup Time": 273.105, "Actual Min Total Time": 543.784, "Actual Max Total Time": 543.784, "Inner Unique": false, "Join Filter": "(t.id = at.movie_id)", "Rows Removed by Join Filter": 0, "Plans": [{"Node Type": "Nested Loop", "Parent Relationship": "Outer", "Join Type": "Inner", "Startup Cost": 3.15, "Total Cost": 41016.02, "Plan Rows": 278, "Plan Width": 29, "Actual Min Startup Time": 272.355, "Actual Max Startup Time": 272.355, "Actual Min Total Time": 516.596, "Actual Max Total Time": 516.596, "Inner Unique": true, "Join Filter": "(mi.movie_id = t.id)", "Rows Removed by Join Filter": 0, "Plans": [{"Node Type": "Nested Loop", "Parent Relationship": "Outer", "Join Type": "Inner", "Startup Cost": 2.88, "Total Cost": 40151.84, "Plan Rows": 201, "Plan Width": 8, "Actual Min Startup Time": 272.32, "Actual Max Startup Time": 272.32, "Actual Min Total Time": 471.03, "Actual Max Total Time": 471.03, "Inner Unique": true, "Join Filter": "(mc.company_type_id = ct.id)", "Rows Removed by Join Filter": 11874, "Plans": [{"Node Type": "Nested Loop", "Parent Relationship": "Outer", "Join Type": "Inner", "Startup Cost": 2.88, "Total Cost": 40135.27, "Plan Rows": 345, "Plan Width": 12, "Actual Min Startup Time": 272.283, "Actual Max Startup Time": 272.283, "Actual Min Total Time": 462.141, "Actual Max Total Time": 462.141, "Inner Unique": true, "Plans": [{"Node Type": "Nested Loop", "Parent Relationship": "Outer", "Join Type": "Inner", "Startup Cost": 2.62, "Total Cost": 38379.09, "Plan Rows": 410, "Plan Width": 16, "Actual Min Startup Time": 272.233, "Actual Max Startup Time": 272.233, "Actual Min Total Time": 367.003, "Actual Max Total Time": 367.003, "Inner Unique": false, "Plans": [{"Node Type": "Nested Loop", "Parent Relationship": "Outer", "Join Type": "Inner", "Startup Cost": 0.0, "Total Cost": 36344.91, "Plan Rows": 192, "Plan Width": 4, "Actual Min Startup Time": 272.174, "Actual Max Startup Time": 272.174, "Actual Min Total Time": 279.204, "Actual Max Total Time": 279.204, "Inner Unique": false, "Join Filter": "(it1.id = mi.info_type_id)", "Rows Removed by Join Filter": 131, "Plans": [{"Node Type": "Seq Scan", "Parent Relationship": "Outer", "Relation Name": "info_type", "Alias": "it1", "Startup Cost": 0.0, "Total Cost": 2.4, "Plan Rows": 1, "Plan Width": 4, "Actual Min Startup Time": 0.065, "Actual Max Startup Time": 0.065, "Actual Min Total Time": 0.097, "Actual Max Total Time": 0.097, "Filter": "((info)::text = 'release dates'::text)", "Rows Removed by Filter": 111, "Actual Rows": 1}, {"Node Type": "Materialize", "Parent Relationship": "Inner", "Startup Cost": 0.0, "Total Cost": 36208.32, "Plan Rows": 13419, "Plan Width": 8, "Actual Min Startup Time": 272.081, "Actual Max Startup Time": 272.081, "Actual Min Total Time": 273.882, "Actual Max Total Time": 273.882, "Plans": [{"Node Type": "Streaming(type: LOCAL GATHER dop: 1/16)", "Parent Relationship": "Outer", "Startup Cost": 0.0, "Total Cost": 36174.77, "Plan Rows": 13419, "Plan Width": 8, "Actual Min Startup Time": 92.897, "Actual Max Startup Time": 92.897, "Actual Min Total Time": 270.174, "Actual Max Total Time": 270.174, "Plans": [{"Node Type": "Seq Scan", "Parent Relationship": "Outer", "Relation Name": "movie_info", "Alias": "mi", "Startup Cost": 0.0, "Total Cost": 35885.16, "Plan Rows": 13419, "Plan Width": 8, "Actual Min Startup Time": 6.914, "Actual Max Startup Time": 73.182, "Actual Min Total Time": 247.337, "Actual Max Total Time": 254.379, "Filter": "((note)::text ~~ '%internet%'::text)", "Rows Removed by Filter": 14824909, "Actual Rows": 10810}], "Actual Rows": 10810}], "Actual Rows": 10811}], "Actual Rows": 10679}, {"Node Type": "Bitmap Heap Scan", "Parent Relationship": "Inner", "Relation Name": "movie_companies", "Alias": "mc", "Startup Cost": 2.62, "Total Cost": 10.57, "Plan Rows": 2, "Plan Width": 12, "Actual Min Startup Time": 63.224, "Actual Max Startup Time": 63.224, "Actual Min Total Time": 71.761, "Actual Max Total Time": 71.761, "Recheck Cond": "(movie_id = mi.movie_id)", "Rows Removed by Index Recheck": 0, "Exact Heap Blocks": 11702, "Lossy Heap Blocks": 11702, "Plans": [{"Node Type": "Bitmap Index Scan", "Parent Relationship": "Outer", "Index Name": "movie_id_movie_companies", "Startup Cost": 0.0, "Total Cost": 2.62, "Plan Rows": 2, "Plan Width": 0, "Actual Min Startup Time": 41.347, "Actual Max Startup Time": 41.347, "Actual Min Total Time": 41.347, "Actual Max Total Time": 41.347, "Index Cond": "(movie_id = mi.movie_id)", "Actual Rows": 14401}], "Actual Rows": 14401}], "Actual Rows": 14401}, {"Node Type": "Bitmap Heap Scan", "Parent Relationship": "Inner", "Relation Name": "company_name", "Alias": "cn", "Startup Cost": 0.26, "Total Cost": 4.27, "Plan Rows": 1, "Plan Width": 4, "Actual Min Startup Time": 77.081, "Actual Max Startup Time": 77.081, "Actual Min Total Time": 77.081, "Actual Max Total Time": 77.081, "Recheck Cond": "(id = mc.company_id)", "Rows Removed by Index Recheck": 0, "Filter": "((country_code)::text = '[us]'::text)", "Rows Removed by Filter": 4527, "Exact Heap Blocks": 14401, "Lossy Heap Blocks": 14401, "Plans": [{"Node Type": "Bitmap Index Scan", "Parent Relationship": "Outer", "Index Name": "company_name_pkey", "Startup Cost": 0.0, "Total Cost": 0.26, "Plan Rows": 1, "Plan Width": 0, "Actual Min Startup Time": 42.988, "Actual Max Startup Time": 42.988, "Actual Min Total Time": 42.988, "Actual Max Total Time": 42.988, "Index Cond": "(id = mc.company_id)", "Actual Rows": 14401}], "Actual Rows": 9874}], "Actual Rows": 9874}, {"Node Type": "Materialize", "Parent Relationship": "Inner", "Startup Cost": 0.0, "Total Cost": 1.04, "Plan Rows": 3, "Plan Width": 4, "Actual Min Startup Time": 1.256, "Actual Max Startup Time": 1.256, "Actual Min Total Time": 2.311, "Actual Max Total Time": 2.311, "Plans": [{"Node Type": "Seq Scan", "Parent Relationship": "Outer", "Relation Name": "company_type", "Alias": "ct", "Startup Cost": 0.0, "Total Cost": 1.03, "Plan Rows": 3, "Plan Width": 4, "Actual Min Startup Time": 0.005, "Actual Max Startup Time": 0.005, "Actual Min Total Time": 0.007, "Actual Max Total Time": 0.007, "Actual Rows": 3}], "Actual Rows": 17790}], "Actual Rows": 5916}, {"Node Type": "Bitmap Heap Scan", "Parent Relationship": "Inner", "Relation Name": "title", "Alias": "t", "Startup Cost": 0.27, "Total Cost": 4.29, "Plan Rows": 1, "Plan Width": 21, "Actual Min Startup Time": 36.363, "Actual Max Startup Time": 36.363, "Actual Min Total Time": 36.363, "Actual Max Total Time": 36.363, "Recheck Cond": "(id = mc.movie_id)", "Rows Removed by Index Recheck": 0, "Filter": "(production_year > 1990)", "Rows Removed by Filter": 2, "Exact Heap Blocks": 5916, "Lossy Heap Blocks": 5916, "Plans": [{"Node Type": "Bitmap Index Scan", "Parent Relationship": "Outer", "Index Name": "title_pkey", "Startup Cost": 0.0, "Total Cost": 0.27, "Plan Rows": 1, "Plan Width": 0, "Actual Min Startup Time": 21.062, "Actual Max Startup Time": 21.062, "Actual Min Total Time": 21.062, "Actual Max Total Time": 21.062, "Index Cond": "(id = mc.movie_id)", "Actual Rows": 5916}], "Actual Rows": 5914}], "Actual Rows": 5914}, {"Node Type": "Bitmap Heap Scan", "Parent Relationship": "Inner", "Relation Name": "aka_title", "Alias": "at", "Startup Cost": 0.27, "Total Cost": 4.31, "Plan Rows": 3, "Plan Width": 25, "Actual Min Startup Time": 20.027, "Actual Max Startup Time": 20.027, "Actual Min Total Time": 20.251, "Actual Max Total Time": 20.251, "Recheck Cond": "(movie_id = mc.movie_id)", "Rows Removed by Index Recheck": 0, "Exact Heap Blocks": 382, "Lossy Heap Blocks": 382, "Plans": [{"Node Type": "Bitmap Index Scan", "Parent Relationship": "Outer", "Index Name": "movie_id_aka_title", "Startup Cost": 0.0, "Total Cost": 0.27, "Plan Rows": 3, "Plan Width": 0, "Actual Min Startup Time": 16.373, "Actual Max Startup Time": 16.373, "Actual Min Total Time": 16.373, "Actual Max Total Time": 16.373, "Index Cond": "(movie_id = mc.movie_id)", "Actual Rows": 382}], "Actual Rows": 382}], "Actual Rows": 382}, {"Node Type": "Bitmap Heap Scan", "Parent Relationship": "Inner", "Relation Name": "movie_keyword", "Alias": "mk", "Startup Cost": 0.34, "Total Cost": 4.44, "Plan Rows": 8, "Plan Width": 8, "Actual Min Startup Time": 3.221, "Actual Max Startup Time": 3.221, "Actual Min Total Time": 3.804, "Actual Max Total Time": 3.804, "Recheck Cond": "(movie_id = mc.movie_id)", "Rows Removed by Index Recheck": 0, "Exact Heap Blocks": 276, "Lossy Heap Blocks": 276, "Plans": [{"Node Type": "Bitmap Index Scan", "Parent Relationship": "Outer", "Index Name": "movie_id_movie_keyword", "Startup Cost": 0.0, "Total Cost": 0.34, "Plan Rows": 8, "Plan Width": 0, "Actual Min Startup Time": 1.981, "Actual Max Startup Time": 1.981, "Actual Min Total Time": 1.981, "Actual Max Total Time": 1.981, "Index Cond": "(movie_id = mc.movie_id)", "Actual Rows": 4371}], "Actual Rows": 4371}], "Actual Rows": 4371}], "Actual Rows": 4371}, {"Node Type": "Sort", "Parent Relationship": "Inner", "Startup Cost": 13527.66, "Total Cost": 13863.08, "Plan Rows": 134169, "Plan Width": 4, "Actual Min Startup Time": 82.028, "Actual Max Startup Time": 82.028, "Actual Min Total Time": 97.464, "Actual Max Total Time": 97.464, "Sort Key": ["k.id"], "Sort Method": "quicksort", "Sort Space Min Used": 14530, "Sort Space Max Used": 14530, "Sort Space Type": "Memory", "Plans": [{"Node Type": "Seq Scan", "Parent Relationship": "Outer", "Relation Name": "keyword", "Alias": "k", "Startup Cost": 0.0, "Total Cost": 2100.69, "Plan Rows": 134169, "Plan Width": 4, "Actual Min Startup Time": 0.042, "Actual Max Startup Time": 0.042, "Actual Min Total Time": 34.722, "Actual Max Total Time": 34.722, "Actual Rows": 134169}], "Actual Rows": 133879}], "Actual Rows": 4371}], "Actual Rows": 1}, "Triggers": [], "Planner Runtime": 173, "Total Runtime": 674.247, "Unique SQL Id": 2302223328}}, "(16, 19)": {"explain_plan": {"Plan": {"Node Type": "Aggregate", "Strategy": "Plain", "Startup Cost": 190799.9, "Total Cost": 190799.91, "Plan Rows": 1, "Plan Width": 102, "Plans": [{"Node Type": "Nested Loop", "Parent Relationship": "Outer", "Join Type": "Inner", "Startup Cost": 4854.59, "Total Cost": 190765.03, "Plan Rows": 6974, "Plan Width": 38, "Inner Unique": false, "Join Filter": "(t.id = at.movie_id)", "Plans": [{"Node Type": "Nested Loop", "Parent Relationship": "Outer", "Join Type": "Inner", "Startup Cost": 4854.32, "Total Cost": 180949.25, "Plan Rows": 2257, "Plan Width": 33, "Inner Unique": true, "Plans": [{"Node Type": "Nested Loop", "Parent Relationship": "Outer", "Join Type": "Inner", "Startup Cost": 4854.06, "Total Cost": 171288.7, "Plan Rows": 2257, "Plan Width": 37, "Inner Unique": false, "Join Filter": "(t.id = mk.movie_id)", "Plans": [{"Node Type": "Nested Loop", "Parent Relationship": "Outer", "Join Type": "Inner", "Startup Cost": 4853.72, "Total Cost": 170027.13, "Plan Rows": 278, "Plan Width": 29, "Inner Unique": true, "Join Filter": "(mi.movie_id = t.id)", "Plans": [{"Node Type": "Nested Loop", "Parent Relationship": "Outer", "Join Type": "Inner", "Startup Cost": 4853.45, "Total Cost": 169162.94, "Plan Rows": 201, "Plan Width": 8, "Inner Unique": true, "Plans": [{"Node Type": "Nested Loop", "Parent Relationship": "Outer", "Join Type": "Inner", "Startup Cost": 4853.19, "Total Cost": 167686.26, "Plan Rows": 345, "Plan Width": 12, "Inner Unique": true, "Plans": [{"Node Type": "Nested Loop", "Parent Relationship": "Outer", "Join Type": "Inner", "Startup Cost": 4852.94, "Total Cost": 165930.08, "Plan Rows": 410, "Plan Width": 16, "Inner Unique": false, "Plans": [{"Node Type": "Nested Loop", "Parent Relationship": "Outer", "Join Type": "Inner", "Startup Cost": 4850.32, "Total Cost": 163895.89, "Plan Rows": 192, "Plan Width": 4, "Inner Unique": false, "Plans": [{"Node Type": "Bitmap Heap Scan", "Parent Relationship": "Outer", "Relation Name": "info_type", "Alias": "it1", "Startup Cost": 8.81, "Total Cost": 14.21, "Plan Rows": 1, "Plan Width": 4, "Filter": "((info)::text = 'release dates'::text)", "Plans": [{"Node Type": "Bitmap Index Scan", "Parent Relationship": "Outer", "Index Name": "info_type_pkey", "Startup Cost": 0.0, "Total Cost": 8.81, "Plan Rows": 112, "Plan Width": 0}]}, {"Node Type": "Bitmap Heap Scan", "Parent Relationship": "Inner", "Relation Name": "movie_info", "Alias": "mi", "Startup Cost": 4841.51, "Total Cost": 163879.76, "Plan Rows": 192, "Plan Width": 8, "Recheck Cond": "(info_type_id = it1.id)", "Filter": "((note)::text ~~ '%internet%'::text)", "Plans": [{"Node Type": "Bitmap Index Scan", "Parent Relationship": "Outer", "Index Name": "info_type_id_movie_info", "Startup Cost": 0.0, "Total Cost": 4841.46, "Plan Rows": 212428, "Plan Width": 0, "Index Cond": "(info_type_id = it1.id)"}]}]}, {"Node Type": "Bitmap Heap Scan", "Parent Relationship": "Inner", "Relation Name": "movie_companies", "Alias": "mc", "Startup Cost": 2.62, "Total Cost": 10.57, "Plan Rows": 2, "Plan Width": 12, "Recheck Cond": "(movie_id = mi.movie_id)", "Plans": [{"Node Type": "Bitmap Index Scan", "Parent Relationship": "Outer", "Index Name": "movie_id_movie_companies", "Startup Cost": 0.0, "Total Cost": 2.62, "Plan Rows": 2, "Plan Width": 0, "Index Cond": "(movie_id = mi.movie_id)"}]}]}, {"Node Type": "Bitmap Heap Scan", "Parent Relationship": "Inner", "Relation Name": "company_name", "Alias": "cn", "Startup Cost": 0.26, "Total Cost": 4.27, "Plan Rows": 1, "Plan Width": 4, "Recheck Cond": "(id = mc.company_id)", "Filter": "((country_code)::text = '[us]'::text)", "Plans": [{"Node Type": "Bitmap Index Scan", "Parent Relationship": "Outer", "Index Name": "company_name_pkey", "Startup Cost": 0.0, "Total Cost": 0.26, "Plan Rows": 1, "Plan Width": 0, "Index Cond": "(id = mc.company_id)"}]}]}, {"Node Type": "Bitmap Heap Scan", "Parent Relationship": "Inner", "Relation Name": "company_type", "Alias": "ct", "Startup Cost": 0.26, "Total Cost": 4.27, "Plan Rows": 1, "Plan Width": 4, "Recheck Cond": "(id = mc.company_type_id)", "Plans": [{"Node Type": "Bitmap Index Scan", "Parent Relationship": "Outer", "Index Name": "company_type_pkey", "Startup Cost": 0.0, "Total Cost": 0.26, "Plan Rows": 1, "Plan Width": 0, "Index Cond": "(id = mc.company_type_id)"}]}]}, {"Node Type": "Bitmap Heap Scan", "Parent Relationship": "Inner", "Relation Name": "title", "Alias": "t", "Startup Cost": 0.27, "Total Cost": 4.29, "Plan Rows": 1, "Plan Width": 21, "Recheck Cond": "(id = mc.movie_id)", "Filter": "(production_year > 1990)", "Plans": [{"Node Type": "Bitmap Index Scan", "Parent Relationship": "Outer", "Index Name": "title_pkey", "Startup Cost": 0.0, "Total Cost": 0.27, "Plan Rows": 1, "Plan Width": 0, "Index Cond": "(id = mc.movie_id)"}]}]}, {"Node Type": "Bitmap Heap Scan", "Parent Relationship": "Inner", "Relation Name": "movie_keyword", "Alias": "mk", "Startup Cost": 0.34, "Total Cost": 4.44, "Plan Rows": 8, "Plan Width": 8, "Recheck Cond": "(movie_id = mc.movie_id)", "Plans": [{"Node Type": "Bitmap Index Scan", "Parent Relationship": "Outer", "Index Name": "movie_id_movie_keyword", "Startup Cost": 0.0, "Total Cost": 0.34, "Plan Rows": 8, "Plan Width": 0, "Index Cond": "(movie_id = mc.movie_id)"}]}]}, {"Node Type": "Bitmap Heap Scan", "Parent Relationship": "Inner", "Relation Name": "keyword", "Alias": "k", "Startup Cost": 0.26, "Total Cost": 4.27, "Plan Rows": 1, "Plan Width": 4, "Recheck Cond": "(id = mk.keyword_id)", "Plans": [{"Node Type": "Bitmap Index Scan", "Parent Relationship": "Outer", "Index Name": "keyword_pkey", "Startup Cost": 0.0, "Total Cost": 0.26, "Plan Rows": 1, "Plan Width": 0, "Index Cond": "(id = mk.keyword_id)"}]}]}, {"Node Type": "Bitmap Heap Scan", "Parent Relationship": "Inner", "Relation Name": "aka_title", "Alias": "at", "Startup Cost": 0.27, "Total Cost": 4.31, "Plan Rows": 3, "Plan Width": 25, "Recheck Cond": "(movie_id = mk.movie_id)", "Plans": [{"Node Type": "Bitmap Index Scan", "Parent Relationship": "Outer", "Index Name": "movie_id_aka_title", "Startup Cost": 0.0, "Total Cost": 0.27, "Plan Rows": 3, "Plan Width": 0, "Index Cond": "(movie_id = mk.movie_id)"}]}]}]}, "Unique SQL Id": 2302223328, "Planner Runtime": 133}, "explain_analyze_plan": null}, "(16, 20)": {"explain_plan": {"Plan": {"Node Type": "Aggregate", "Strategy": "Plain", "Startup Cost": 39395.35, "Total Cost": 39395.36, "Plan Rows": 1, "Plan Width": 102, "Plans": [{"Node Type": "Nested Loop", "Parent Relationship": "Outer", "Join Type": "Inner", "Startup Cost": 0.0, "Total Cost": 39360.48, "Plan Rows": 6974, "Plan Width": 38, "Inner Unique": false, "Join Filter": "(t.id = at.movie_id)", "Plans": [{"Node Type": "Nested Loop", "Parent Relationship": "Outer", "Join Type": "Inner", "Startup Cost": 0.0, "Total Cost": 38561.86, "Plan Rows": 2257, "Plan Width": 33, "Inner Unique": true, "Plans": [{"Node Type": "Nested Loop", "Parent Relationship": "Outer", "Join Type": "Inner", "Startup Cost": 0.0, "Total Cost": 37928.36, "Plan Rows": 2257, "Plan Width": 37, "Inner Unique": false, "Join Filter": "(t.id = mk.movie_id)", "Plans": [{"Node Type": "Nested Loop", "Parent Relationship": "Outer", "Join Type": "Inner", "Startup Cost": 0.0, "Total Cost": 37772.01, "Plan Rows": 278, "Plan Width": 29, "Inner Unique": true, "Join Filter": "(mc.company_type_id = ct.id)", "Plans": [{"Node Type": "Nested Loop", "Parent Relationship": "Outer", "Join Type": "Inner", "Startup Cost": 0.0, "Total Cost": 37749.46, "Plan Rows": 478, "Plan Width": 33, "Inner Unique": true, "Plans": [{"Node Type": "Nested Loop", "Parent Relationship": "Outer", "Join Type": "Inner", "Startup Cost": 0.0, "Total Cost": 37586.07, "Plan Rows": 568, "Plan Width": 37, "Inner Unique": false, "Plans": [{"Node Type": "Nested Loop", "Parent Relationship": "Outer", "Join Type": "Inner", "Startup Cost": 0.0, "Total Cost": 37488.22, "Plan Rows": 266, "Plan Width": 25, "Inner Unique": true, "Plans": [{"Node Type": "Nested Loop", "Parent Relationship": "Outer", "Join Type": "Inner", "Startup Cost": 0.0, "Total Cost": 36344.91, "Plan Rows": 192, "Plan Width": 4, "Inner Unique": false, "Join Filter": "(it1.id = mi.info_type_id)", "Plans": [{"Node Type": "Seq Scan", "Parent Relationship": "Outer", "Relation Name": "info_type", "Alias": "it1", "Startup Cost": 0.0, "Total Cost": 2.4, "Plan Rows": 1, "Plan Width": 4, "Filter": "((info)::text = 'release dates'::text)"}, {"Node Type": "Materialize", "Parent Relationship": "Inner", "Startup Cost": 0.0, "Total Cost": 36208.32, "Plan Rows": 13419, "Plan Width": 8, "Plans": [{"Node Type": "Streaming(type: LOCAL GATHER dop: 1/16)", "Parent Relationship": "Outer", "Startup Cost": 0.0, "Total Cost": 36174.77, "Plan Rows": 13419, "Plan Width": 8, "Plans": [{"Node Type": "Seq Scan", "Parent Relationship": "Outer", "Relation Name": "movie_info", "Alias": "mi", "Startup Cost": 0.0, "Total Cost": 35885.16, "Plan Rows": 13419, "Plan Width": 8, "Filter": "((note)::text ~~ '%internet%'::text)"}]}]}]}, {"Node Type": "Index Scan", "Parent Relationship": "Inner", "Scan Direction": "Forward", "Index Name": "title_pkey", "Relation Name": "title", "Alias": "t", "Startup Cost": 0.0, "Total Cost": 5.94, "Plan Rows": 1, "Plan Width": 21, "Index Cond": "(id = mi.movie_id)", "Filter": "(production_year > 1990)"}]}, {"Node Type": "Index Scan", "Parent Relationship": "Inner", "Scan Direction": "Forward", "Index Name": "movie_id_movie_companies", "Relation Name": "movie_companies", "Alias": "mc", "Startup Cost": 0.0, "Total Cost": 0.35, "Plan Rows": 2, "Plan Width": 12, "Index Cond": "(movie_id = t.id)"}]}, {"Node Type": "Index Scan", "Parent Relationship": "Inner", "Scan Direction": "Forward", "Index Name": "company_name_pkey", "Relation Name": "company_name", "Alias": "cn", "Startup Cost": 0.0, "Total Cost": 0.28, "Plan Rows": 1, "Plan Width": 4, "Index Cond": "(id = mc.company_id)", "Filter": "((country_code)::text = '[us]'::text)"}]}, {"Node Type": "Materialize", "Parent Relationship": "Inner", "Startup Cost": 0.0, "Total Cost": 1.04, "Plan Rows": 3, "Plan Width": 4, "Plans": [{"Node Type": "Seq Scan", "Parent Relationship": "Outer", "Relation Name": "company_type", "Alias": "ct", "Startup Cost": 0.0, "Total Cost": 1.03, "Plan Rows": 3, "Plan Width": 4}]}]}, {"Node Type": "Index Scan", "Parent Relationship": "Inner", "Scan Direction": "Forward", "Index Name": "movie_id_movie_keyword", "Relation Name": "movie_keyword", "Alias": "mk", "Startup Cost": 0.0, "Total Cost": 0.46, "Plan Rows": 8, "Plan Width": 8, "Index Cond": "(movie_id = mc.movie_id)"}]}, {"Node Type": "Index Scan", "Parent Relationship": "Inner", "Scan Direction": "Forward", "Index Name": "keyword_pkey", "Relation Name": "keyword", "Alias": "k", "Startup Cost": 0.0, "Total Cost": 0.27, "Plan Rows": 1, "Plan Width": 4, "Index Cond": "(id = mk.keyword_id)"}]}, {"Node Type": "Index Scan", "Parent Relationship": "Inner", "Scan Direction": "Forward", "Index Name": "movie_id_aka_title", "Relation Name": "aka_title", "Alias": "at", "Startup Cost": 0.0, "Total Cost": 0.32, "Plan Rows": 3, "Plan Width": 25, "Index Cond": "(movie_id = mk.movie_id)"}]}]}, "Unique SQL Id": 2302223328, "Planner Runtime": 136}, "explain_analyze_plan": {"Plan": {"Node Type": "Aggregate", "Strategy": "Plain", "Startup Cost": 39395.35, "Total Cost": 39395.36, "Plan Rows": 1, "Plan Width": 102, "Actual Min Startup Time": 733.282, "Actual Max Startup Time": 733.282, "Actual Min Total Time": 733.282, "Actual Max Total Time": 733.282, "Plans": [{"Node Type": "Nested Loop", "Parent Relationship": "Outer", "Join Type": "Inner", "Startup Cost": 0.0, "Total Cost": 39360.48, "Plan Rows": 6974, "Plan Width": 38, "Actual Min Startup Time": 321.515, "Actual Max Startup Time": 321.515, "Actual Min Total Time": 730.548, "Actual Max Total Time": 730.548, "Inner Unique": false, "Join Filter": "(t.id = at.movie_id)", "Rows Removed by Join Filter": 0, "Plans": [{"Node Type": "Nested Loop", "Parent Relationship": "Outer", "Join Type": "Inner", "Startup Cost": 0.0, "Total Cost": 38561.86, "Plan Rows": 2257, "Plan Width": 33, "Actual Min Startup Time": 319.039, "Actual Max Startup Time": 319.039, "Actual Min Total Time": 685.49, "Actual Max Total Time": 685.49, "Inner Unique": true, "Plans": [{"Node Type": "Nested Loop", "Parent Relationship": "Outer", "Join Type": "Inner", "Startup Cost": 0.0, "Total Cost": 37928.36, "Plan Rows": 2257, "Plan Width": 37, "Actual Min Startup Time": 319.012, "Actual Max Startup Time": 319.012, "Actual Min Total Time": 621.129, "Actual Max Total Time": 621.129, "Inner Unique": false, "Join Filter": "(t.id = mk.movie_id)", "Rows Removed by Join Filter": 0, "Plans": [{"Node Type": "Nested Loop", "Parent Relationship": "Outer", "Join Type": "Inner", "Startup Cost": 0.0, "Total Cost": 37772.01, "Plan Rows": 278, "Plan Width": 29, "Actual Min Startup Time": 318.981, "Actual Max Startup Time": 318.981, "Actual Min Total Time": 573.216, "Actual Max Total Time": 573.216, "Inner Unique": true, "Join Filter": "(mc.company_type_id = ct.id)", "Rows Removed by Join Filter": 11829, "Plans": [{"Node Type": "Nested Loop", "Parent Relationship": "Outer", "Join Type": "Inner", "Startup Cost": 0.0, "Total Cost": 37749.46, "Plan Rows": 478, "Plan Width": 33, "Actual Min Startup Time": 318.942, "Actual Max Startup Time": 318.942, "Actual Min Total Time": 564.538, "Actual Max Total Time": 564.538, "Inner Unique": true, "Plans": [{"Node Type": "Nested Loop", "Parent Relationship": "Outer", "Join Type": "Inner", "Startup Cost": 0.0, "Total Cost": 37586.07, "Plan Rows": 568, "Plan Width": 37, "Actual Min Startup Time": 318.911, "Actual Max Startup Time": 318.911, "Actual Min Total Time": 485.696, "Actual Max Total Time": 485.696, "Inner Unique": false, "Plans": [{"Node Type": "Nested Loop", "Parent Relationship": "Outer", "Join Type": "Inner", "Startup Cost": 0.0, "Total Cost": 37488.22, "Plan Rows": 266, "Plan Width": 25, "Actual Min Startup Time": 318.885, "Actual Max Startup Time": 318.885, "Actual Min Total Time": 404.899, "Actual Max Total Time": 404.899, "Inner Unique": true, "Plans": [{"Node Type": "Nested Loop", "Parent Relationship": "Outer", "Join Type": "Inner", "Startup Cost": 0.0, "Total Cost": 36344.91, "Plan Rows": 192, "Plan Width": 4, "Actual Min Startup Time": 318.837, "Actual Max Startup Time": 318.837, "Actual Min Total Time": 325.62, "Actual Max Total Time": 325.62, "Inner Unique": false, "Join Filter": "(it1.id = mi.info_type_id)", "Rows Removed by Join Filter": 131, "Plans": [{"Node Type": "Seq Scan", "Parent Relationship": "Outer", "Relation Name": "info_type", "Alias": "it1", "Startup Cost": 0.0, "Total Cost": 2.4, "Plan Rows": 1, "Plan Width": 4, "Actual Min Startup Time": 0.077, "Actual Max Startup Time": 0.077, "Actual Min Total Time": 0.123, "Actual Max Total Time": 0.123, "Filter": "((info)::text = 'release dates'::text)", "Rows Removed by Filter": 111, "Actual Rows": 1}, {"Node Type": "Materialize", "Parent Relationship": "Inner", "Startup Cost": 0.0, "Total Cost": 36208.32, "Plan Rows": 13419, "Plan Width": 8, "Actual Min Startup Time": 318.729, "Actual Max Startup Time": 318.729, "Actual Min Total Time": 320.752, "Actual Max Total Time": 320.752, "Plans": [{"Node Type": "Streaming(type: LOCAL GATHER dop: 1/16)", "Parent Relationship": "Outer", "Startup Cost": 0.0, "Total Cost": 36174.77, "Plan Rows": 13419, "Plan Width": 8, "Actual Min Startup Time": 109.182, "Actual Max Startup Time": 109.182, "Actual Min Total Time": 316.705, "Actual Max Total Time": 316.705, "Plans": [{"Node Type": "Seq Scan", "Parent Relationship": "Outer", "Relation Name": "movie_info", "Alias": "mi", "Startup Cost": 0.0, "Total Cost": 35885.16, "Plan Rows": 13419, "Plan Width": 8, "Actual Min Startup Time": 7.315, "Actual Max Startup Time": 78.157, "Actual Min Total Time": 272.884, "Actual Max Total Time": 282.677, "Filter": "((note)::text ~~ '%internet%'::text)", "Rows Removed by Filter": 14824909, "Actual Rows": 10810}], "Actual Rows": 10810}], "Actual Rows": 10811}], "Actual Rows": 10679}, {"Node Type": "Index Scan", "Parent Relationship": "Inner", "Scan Direction": "Forward", "Index Name": "title_pkey", "Relation Name": "title", "Alias": "t", "Startup Cost": 0.0, "Total Cost": 5.94, "Plan Rows": 1, "Plan Width": 21, "Actual Min Startup Time": 70.202, "Actual Max Startup Time": 70.202, "Actual Min Total Time": 70.202, "Actual Max Total Time": 70.202, "Index Cond": "(id = mi.movie_id)", "Rows Removed by Index Recheck": 0, "Filter": "(production_year > 1990)", "Rows Removed by Filter": 17, "Actual Rows": 10662}], "Actual Rows": 10662}, {"Node Type": "Index Scan", "Parent Relationship": "Inner", "Scan Direction": "Forward", "Index Name": "movie_id_movie_companies", "Relation Name": "movie_companies", "Alias": "mc", "Startup Cost": 0.0, "Total Cost": 0.35, "Plan Rows": 2, "Plan Width": 12, "Actual Min Startup Time": 59.04, "Actual Max Startup Time": 59.04, "Actual Min Total Time": 71.442, "Actual Max Total Time": 71.442, "Index Cond": "(movie_id = t.id)", "Rows Removed by Index Recheck": 0, "Actual Rows": 14377}], "Actual Rows": 14377}, {"Node Type": "Index Scan", "Parent Relationship": "Inner", "Scan Direction": "Forward", "Index Name": "company_name_pkey", "Relation Name": "company_name", "Alias": "cn", "Startup Cost": 0.0, "Total Cost": 0.28, "Plan Rows": 1, "Plan Width": 4, "Actual Min Startup Time": 67.823, "Actual Max Startup Time": 67.823, "Actual Min Total Time": 67.823, "Actual Max Total Time": 67.823, "Index Cond": "(id = mc.company_id)", "Rows Removed by Index Recheck": 0, "Filter": "((country_code)::text = '[us]'::text)", "Rows Removed by Filter": 4520, "Actual Rows": 9857}], "Actual Rows": 9857}, {"Node Type": "Materialize", "Parent Relationship": "Inner", "Startup Cost": 0.0, "Total Cost": 1.04, "Plan Rows": 3, "Plan Width": 4, "Actual Min Startup Time": 1.111, "Actual Max Startup Time": 1.111, "Actual Min Total Time": 2.132, "Actual Max Total Time": 2.132, "Plans": [{"Node Type": "Seq Scan", "Parent Relationship": "Outer", "Relation Name": "company_type", "Alias": "ct", "Startup Cost": 0.0, "Total Cost": 1.03, "Plan Rows": 3, "Plan Width": 4, "Actual Min Startup Time": 0.009, "Actual Max Startup Time": 0.009, "Actual Min Total Time": 0.011, "Actual Max Total Time": 0.011, "Actual Rows": 3}], "Actual Rows": 17743}], "Actual Rows": 5914}, {"Node Type": "Index Scan", "Parent Relationship": "Inner", "Scan Direction": "Forward", "Index Name": "movie_id_movie_keyword", "Relation Name": "movie_keyword", "Alias": "mk", "Startup Cost": 0.0, "Total Cost": 0.46, "Plan Rows": 8, "Plan Width": 8, "Actual Min Startup Time": 31.828, "Actual Max Startup Time": 31.828, "Actual Min Total Time": 38.328, "Actual Max Total Time": 38.328, "Index Cond": "(movie_id = mc.movie_id)", "Rows Removed by Index Recheck": 0, "Actual Rows": 14161}], "Actual Rows": 14161}, {"Node Type": "Index Scan", "Parent Relationship": "Inner", "Scan Direction": "Forward", "Index Name": "keyword_pkey", "Relation Name": "keyword", "Alias": "k", "Startup Cost": 0.0, "Total Cost": 0.27, "Plan Rows": 1, "Plan Width": 4, "Actual Min Startup Time": 52.522, "Actual Max Startup Time": 52.522, "Actual Min Total Time": 52.522, "Actual Max Total Time": 52.522, "Index Cond": "(id = mk.keyword_id)", "Rows Removed by Index Recheck": 0, "Actual Rows": 14161}], "Actual Rows": 14161}, {"Node Type": "Index Scan", "Parent Relationship": "Inner", "Scan Direction": "Forward", "Index Name": "movie_id_aka_title", "Relation Name": "aka_title", "Alias": "at", "Startup Cost": 0.0, "Total Cost": 0.32, "Plan Rows": 3, "Plan Width": 25, "Actual Min Startup Time": 33.65, "Actual Max Startup Time": 33.65, "Actual Min Total Time": 35.986, "Actual Max Total Time": 35.986, "Index Cond": "(movie_id = mk.movie_id)", "Rows Removed by Index Recheck": 0, "Actual Rows": 4371}], "Actual Rows": 4371}], "Actual Rows": 1}, "Triggers": [], "Planner Runtime": 134, "Total Runtime": 737.116, "Unique SQL Id": 2302223328}}, "(16, 21)": {"explain_plan": {"Plan": {"Node Type": "Aggregate", "Strategy": "Plain", "Startup Cost": 166957.59, "Total Cost": 166957.6, "Plan Rows": 1, "Plan Width": 102, "Plans": [{"Node Type": "Nested Loop", "Parent Relationship": "Outer", "Join Type": "Inner", "Startup Cost": 4841.51, "Total Cost": 166922.72, "Plan Rows": 6974, "Plan Width": 38, "Inner Unique": false, "Join Filter": "(t.id = at.movie_id)", "Plans": [{"Node Type": "Nested Loop", "Parent Relationship": "Outer", "Join Type": "Inner", "Startup Cost": 4841.51, "Total Cost": 166124.11, "Plan Rows": 2257, "Plan Width": 33, "Inner Unique": true, "Plans": [{"Node Type": "Nested Loop", "Parent Relationship": "Outer", "Join Type": "Inner", "Startup Cost": 4841.51, "Total Cost": 165490.61, "Plan Rows": 2257, "Plan Width": 37, "Inner Unique": false, "Join Filter": "(t.id = mk.movie_id)", "Plans": [{"Node Type": "Nested Loop", "Parent Relationship": "Outer", "Join Type": "Inner", "Startup Cost": 4841.51, "Total Cost": 165334.26, "Plan Rows": 278, "Plan Width": 29, "Inner Unique": true, "Join Filter": "(mc.company_type_id = ct.id)", "Plans": [{"Node Type": "Nested Loop", "Parent Relationship": "Outer", "Join Type": "Inner", "Startup Cost": 4841.51, "Total Cost": 165300.45, "Plan Rows": 478, "Plan Width": 33, "Inner Unique": true, "Plans": [{"Node Type": "Nested Loop", "Parent Relationship": "Outer", "Join Type": "Inner", "Startup Cost": 4841.51, "Total Cost": 165137.06, "Plan Rows": 568, "Plan Width": 37, "Inner Unique": false, "Plans": [{"Node Type": "Nested Loop", "Parent Relationship": "Outer", "Join Type": "Inner", "Startup Cost": 4841.51, "Total Cost": 165039.2, "Plan Rows": 266, "Plan Width": 25, "Inner Unique": true, "Plans": [{"Node Type": "Nested Loop", "Parent Relationship": "Outer", "Join Type": "Inner", "Startup Cost": 4841.51, "Total Cost": 163895.89, "Plan Rows": 192, "Plan Width": 4, "Inner Unique": false, "Plans": [{"Node Type": "Index Scan", "Parent Relationship": "Outer", "Scan Direction": "Forward", "Index Name": "info_type_pkey", "Relation Name": "info_type", "Alias": "it1", "Startup Cost": 0.0, "Total Cost": 14.21, "Plan Rows": 1, "Plan Width": 4, "Filter": "((info)::text = 'release dates'::text)"}, {"Node Type": "Bitmap Heap Scan", "Parent Relationship": "Inner", "Relation Name": "movie_info", "Alias": "mi", "Startup Cost": 4841.51, "Total Cost": 163879.76, "Plan Rows": 192, "Plan Width": 8, "Recheck Cond": "(info_type_id = it1.id)", "Filter": "((note)::text ~~ '%internet%'::text)", "Plans": [{"Node Type": "Bitmap Index Scan", "Parent Relationship": "Outer", "Index Name": "info_type_id_movie_info", "Startup Cost": 0.0, "Total Cost": 4841.46, "Plan Rows": 212428, "Plan Width": 0, "Index Cond": "(info_type_id = it1.id)"}]}]}, {"Node Type": "Index Scan", "Parent Relationship": "Inner", "Scan Direction": "Forward", "Index Name": "title_pkey", "Relation Name": "title", "Alias": "t", "Startup Cost": 0.0, "Total Cost": 5.94, "Plan Rows": 1, "Plan Width": 21, "Index Cond": "(id = mi.movie_id)", "Filter": "(production_year > 1990)"}]}, {"Node Type": "Index Scan", "Parent Relationship": "Inner", "Scan Direction": "Forward", "Index Name": "movie_id_movie_companies", "Relation Name": "movie_companies", "Alias": "mc", "Startup Cost": 0.0, "Total Cost": 0.35, "Plan Rows": 2, "Plan Width": 12, "Index Cond": "(movie_id = t.id)"}]}, {"Node Type": "Index Scan", "Parent Relationship": "Inner", "Scan Direction": "Forward", "Index Name": "company_name_pkey", "Relation Name": "company_name", "Alias": "cn", "Startup Cost": 0.0, "Total Cost": 0.28, "Plan Rows": 1, "Plan Width": 4, "Index Cond": "(id = mc.company_id)", "Filter": "((country_code)::text = '[us]'::text)"}]}, {"Node Type": "Materialize", "Parent Relationship": "Inner", "Startup Cost": 0.0, "Total Cost": 12.31, "Plan Rows": 3, "Plan Width": 4, "Plans": [{"Node Type": "Index Scan", "Parent Relationship": "Outer", "Scan Direction": "Forward", "Index Name": "company_type_pkey", "Relation Name": "company_type", "Alias": "ct", "Startup Cost": 0.0, "Total Cost": 12.29, "Plan Rows": 3, "Plan Width": 4}]}]}, {"Node Type": "Index Scan", "Parent Relationship": "Inner", "Scan Direction": "Forward", "Index Name": "movie_id_movie_keyword", "Relation Name": "movie_keyword", "Alias": "mk", "Startup Cost": 0.0, "Total Cost": 0.46, "Plan Rows": 8, "Plan Width": 8, "Index Cond": "(movie_id = mc.movie_id)"}]}, {"Node Type": "Index Scan", "Parent Relationship": "Inner", "Scan Direction": "Forward", "Index Name": "keyword_pkey", "Relation Name": "keyword", "Alias": "k", "Startup Cost": 0.0, "Total Cost": 0.27, "Plan Rows": 1, "Plan Width": 4, "Index Cond": "(id = mk.keyword_id)"}]}, {"Node Type": "Index Scan", "Parent Relationship": "Inner", "Scan Direction": "Forward", "Index Name": "movie_id_aka_title", "Relation Name": "aka_title", "Alias": "at", "Startup Cost": 0.0, "Total Cost": 0.32, "Plan Rows": 3, "Plan Width": 25, "Index Cond": "(movie_id = mk.movie_id)"}]}]}, "Unique SQL Id": 2302223328, "Planner Runtime": 133}, "explain_analyze_plan": null}, "(16, 22)": {"explain_plan": {"Plan": {"Node Type": "Aggregate", "Strategy": "Plain", "Startup Cost": 60927.54, "Total Cost": 60927.55, "Plan Rows": 1, "Plan Width": 102, "Plans": [{"Node Type": "Merge Join", "Parent Relationship": "Outer", "Join Type": "Inner", "Startup Cost": 60118.94, "Total Cost": 60892.67, "Plan Rows": 6974, "Plan Width": 38, "Inner Unique": true, "Merge Cond": "(mk.keyword_id = k.id)", "Plans": [{"Node Type": "Sort", "Parent Relationship": "Outer", "Startup Cost": 46591.29, "Total Cost": 46608.72, "Plan Rows": 6974, "Plan Width": 42, "Sort Key": ["mk.keyword_id"], "Plans": [{"Node Type": "Nested Loop", "Parent Relationship": "Outer", "Join Type": "Inner", "Startup Cost": 3.76, "Total Cost": 46146.07, "Plan Rows": 6974, "Plan Width": 42, "Inner Unique": false, "Join Filter": "(t.id = mk.movie_id)", "Plans": [{"Node Type": "Nested Loop", "Parent Relationship": "Outer", "Join Type": "Inner", "Startup Cost": 3.42, "Total Cost": 42225.22, "Plan Rows": 864, "Plan Width": 54, "Inner Unique": false, "Join Filter": "(t.id = at.movie_id)", "Plans": [{"Node Type": "Nested Loop", "Parent Relationship": "Outer", "Join Type": "Inner", "Startup Cost": 3.15, "Total Cost": 41016.02, "Plan Rows": 278, "Plan Width": 29, "Inner Unique": true, "Join Filter": "(mi.movie_id = t.id)", "Plans": [{"Node Type": "Nested Loop", "Parent Relationship": "Outer", "Join Type": "Inner", "Startup Cost": 2.88, "Total Cost": 40151.84, "Plan Rows": 201, "Plan Width": 8, "Inner Unique": true, "Join Filter": "(mc.company_type_id = ct.id)", "Plans": [{"Node Type": "Nested Loop", "Parent Relationship": "Outer", "Join Type": "Inner", "Startup Cost": 2.88, "Total Cost": 40135.27, "Plan Rows": 345, "Plan Width": 12, "Inner Unique": true, "Plans": [{"Node Type": "Nested Loop", "Parent Relationship": "Outer", "Join Type": "Inner", "Startup Cost": 2.62, "Total Cost": 38379.09, "Plan Rows": 410, "Plan Width": 16, "Inner Unique": false, "Plans": [{"Node Type": "Nested Loop", "Parent Relationship": "Outer", "Join Type": "Inner", "Startup Cost": 0.0, "Total Cost": 36344.91, "Plan Rows": 192, "Plan Width": 4, "Inner Unique": false, "Join Filter": "(it1.id = mi.info_type_id)", "Plans": [{"Node Type": "Seq Scan", "Parent Relationship": "Outer", "Relation Name": "info_type", "Alias": "it1", "Startup Cost": 0.0, "Total Cost": 2.4, "Plan Rows": 1, "Plan Width": 4, "Filter": "((info)::text = 'release dates'::text)"}, {"Node Type": "Materialize", "Parent Relationship": "Inner", "Startup Cost": 0.0, "Total Cost": 36208.32, "Plan Rows": 13419, "Plan Width": 8, "Plans": [{"Node Type": "Streaming(type: LOCAL GATHER dop: 1/16)", "Parent Relationship": "Outer", "Startup Cost": 0.0, "Total Cost": 36174.77, "Plan Rows": 13419, "Plan Width": 8, "Plans": [{"Node Type": "Seq Scan", "Parent Relationship": "Outer", "Relation Name": "movie_info", "Alias": "mi", "Startup Cost": 0.0, "Total Cost": 35885.16, "Plan Rows": 13419, "Plan Width": 8, "Filter": "((note)::text ~~ '%internet%'::text)"}]}]}]}, {"Node Type": "Bitmap Heap Scan", "Parent Relationship": "Inner", "Relation Name": "movie_companies", "Alias": "mc", "Startup Cost": 2.62, "Total Cost": 10.57, "Plan Rows": 2, "Plan Width": 12, "Recheck Cond": "(movie_id = mi.movie_id)", "Plans": [{"Node Type": "Bitmap Index Scan", "Parent Relationship": "Outer", "Index Name": "movie_id_movie_companies", "Startup Cost": 0.0, "Total Cost": 2.62, "Plan Rows": 2, "Plan Width": 0, "Index Cond": "(movie_id = mi.movie_id)"}]}]}, {"Node Type": "Bitmap Heap Scan", "Parent Relationship": "Inner", "Relation Name": "company_name", "Alias": "cn", "Startup Cost": 0.26, "Total Cost": 4.27, "Plan Rows": 1, "Plan Width": 4, "Recheck Cond": "(id = mc.company_id)", "Filter": "((country_code)::text = '[us]'::text)", "Plans": [{"Node Type": "Bitmap Index Scan", "Parent Relationship": "Outer", "Index Name": "company_name_pkey", "Startup Cost": 0.0, "Total Cost": 0.26, "Plan Rows": 1, "Plan Width": 0, "Index Cond": "(id = mc.company_id)"}]}]}, {"Node Type": "Materialize", "Parent Relationship": "Inner", "Startup Cost": 0.0, "Total Cost": 1.04, "Plan Rows": 3, "Plan Width": 4, "Plans": [{"Node Type": "Seq Scan", "Parent Relationship": "Outer", "Relation Name": "company_type", "Alias": "ct", "Startup Cost": 0.0, "Total Cost": 1.03, "Plan Rows": 3, "Plan Width": 4}]}]}, {"Node Type": "Bitmap Heap Scan", "Parent Relationship": "Inner", "Relation Name": "title", "Alias": "t", "Startup Cost": 0.27, "Total Cost": 4.29, "Plan Rows": 1, "Plan Width": 21, "Recheck Cond": "(id = mc.movie_id)", "Filter": "(production_year > 1990)", "Plans": [{"Node Type": "Bitmap Index Scan", "Parent Relationship": "Outer", "Index Name": "title_pkey", "Startup Cost": 0.0, "Total Cost": 0.27, "Plan Rows": 1, "Plan Width": 0, "Index Cond": "(id = mc.movie_id)"}]}]}, {"Node Type": "Bitmap Heap Scan", "Parent Relationship": "Inner", "Relation Name": "aka_title", "Alias": "at", "Startup Cost": 0.27, "Total Cost": 4.31, "Plan Rows": 3, "Plan Width": 25, "Recheck Cond": "(movie_id = mc.movie_id)", "Plans": [{"Node Type": "Bitmap Index Scan", "Parent Relationship": "Outer", "Index Name": "movie_id_aka_title", "Startup Cost": 0.0, "Total Cost": 0.27, "Plan Rows": 3, "Plan Width": 0, "Index Cond": "(movie_id = mc.movie_id)"}]}]}, {"Node Type": "Bitmap Heap Scan", "Parent Relationship": "Inner", "Relation Name": "movie_keyword", "Alias": "mk", "Startup Cost": 0.34, "Total Cost": 4.44, "Plan Rows": 8, "Plan Width": 8, "Recheck Cond": "(movie_id = mc.movie_id)", "Plans": [{"Node Type": "Bitmap Index Scan", "Parent Relationship": "Outer", "Index Name": "movie_id_movie_keyword", "Startup Cost": 0.0, "Total Cost": 0.34, "Plan Rows": 8, "Plan Width": 0, "Index Cond": "(movie_id = mc.movie_id)"}]}]}]}, {"Node Type": "Sort", "Parent Relationship": "Inner", "Startup Cost": 13527.66, "Total Cost": 13863.08, "Plan Rows": 134169, "Plan Width": 4, "Sort Key": ["k.id"], "Plans": [{"Node Type": "Seq Scan", "Parent Relationship": "Outer", "Relation Name": "keyword", "Alias": "k", "Startup Cost": 0.0, "Total Cost": 2100.69, "Plan Rows": 134169, "Plan Width": 4}]}]}]}, "Unique SQL Id": 2302223328, "Planner Runtime": 173}, "explain_analyze_plan": {"Plan": {"Node Type": "Aggregate", "Strategy": "Plain", "Startup Cost": 60927.54, "Total Cost": 60927.55, "Plan Rows": 1, "Plan Width": 102, "Actual Min Startup Time": 671.093, "Actual Max Startup Time": 671.093, "Actual Min Total Time": 671.094, "Actual Max Total Time": 671.094, "Plans": [{"Node Type": "Merge Join", "Parent Relationship": "Outer", "Join Type": "Inner", "Startup Cost": 60118.94, "Total Cost": 60892.67, "Plan Rows": 6974, "Plan Width": 38, "Actual Min Startup Time": 633.705, "Actual Max Startup Time": 633.705, "Actual Min Total Time": 668.892, "Actual Max Total Time": 668.892, "Inner Unique": true, "Merge Cond": "(mk.keyword_id = k.id)", "Plans": [{"Node Type": "Sort", "Parent Relationship": "Outer", "Startup Cost": 46591.29, "Total Cost": 46608.72, "Plan Rows": 6974, "Plan Width": 42, "Actual Min Startup Time": 551.665, "Actual Max Startup Time": 551.665, "Actual Min Total Time": 552.378, "Actual Max Total Time": 552.378, "Sort Key": ["mk.keyword_id"], "Sort Method": "quicksort", "Sort Space Min Used": 752, "Sort Space Max Used": 752, "Sort Space Type": "Memory", "Plans": [{"Node Type": "Nested Loop", "Parent Relationship": "Outer", "Join Type": "Inner", "Startup Cost": 3.76, "Total Cost": 46146.07, "Plan Rows": 6974, "Plan Width": 42, "Actual Min Startup Time": 275.061, "Actual Max Startup Time": 275.061, "Actual Min Total Time": 549.48, "Actual Max Total Time": 549.48, "Inner Unique": false, "Join Filter": "(t.id = mk.movie_id)", "Rows Removed by Join Filter": 0, "Plans": [{"Node Type": "Nested Loop", "Parent Relationship": "Outer", "Join Type": "Inner", "Startup Cost": 3.42, "Total Cost": 42225.22, "Plan Rows": 864, "Plan Width": 54, "Actual Min Startup Time": 273.105, "Actual Max Startup Time": 273.105, "Actual Min Total Time": 543.784, "Actual Max Total Time": 543.784, "Inner Unique": false, "Join Filter": "(t.id = at.movie_id)", "Rows Removed by Join Filter": 0, "Plans": [{"Node Type": "Nested Loop", "Parent Relationship": "Outer", "Join Type": "Inner", "Startup Cost": 3.15, "Total Cost": 41016.02, "Plan Rows": 278, "Plan Width": 29, "Actual Min Startup Time": 272.355, "Actual Max Startup Time": 272.355, "Actual Min Total Time": 516.596, "Actual Max Total Time": 516.596, "Inner Unique": true, "Join Filter": "(mi.movie_id = t.id)", "Rows Removed by Join Filter": 0, "Plans": [{"Node Type": "Nested Loop", "Parent Relationship": "Outer", "Join Type": "Inner", "Startup Cost": 2.88, "Total Cost": 40151.84, "Plan Rows": 201, "Plan Width": 8, "Actual Min Startup Time": 272.32, "Actual Max Startup Time": 272.32, "Actual Min Total Time": 471.03, "Actual Max Total Time": 471.03, "Inner Unique": true, "Join Filter": "(mc.company_type_id = ct.id)", "Rows Removed by Join Filter": 11874, "Plans": [{"Node Type": "Nested Loop", "Parent Relationship": "Outer", "Join Type": "Inner", "Startup Cost": 2.88, "Total Cost": 40135.27, "Plan Rows": 345, "Plan Width": 12, "Actual Min Startup Time": 272.283, "Actual Max Startup Time": 272.283, "Actual Min Total Time": 462.141, "Actual Max Total Time": 462.141, "Inner Unique": true, "Plans": [{"Node Type": "Nested Loop", "Parent Relationship": "Outer", "Join Type": "Inner", "Startup Cost": 2.62, "Total Cost": 38379.09, "Plan Rows": 410, "Plan Width": 16, "Actual Min Startup Time": 272.233, "Actual Max Startup Time": 272.233, "Actual Min Total Time": 367.003, "Actual Max Total Time": 367.003, "Inner Unique": false, "Plans": [{"Node Type": "Nested Loop", "Parent Relationship": "Outer", "Join Type": "Inner", "Startup Cost": 0.0, "Total Cost": 36344.91, "Plan Rows": 192, "Plan Width": 4, "Actual Min Startup Time": 272.174, "Actual Max Startup Time": 272.174, "Actual Min Total Time": 279.204, "Actual Max Total Time": 279.204, "Inner Unique": false, "Join Filter": "(it1.id = mi.info_type_id)", "Rows Removed by Join Filter": 131, "Plans": [{"Node Type": "Seq Scan", "Parent Relationship": "Outer", "Relation Name": "info_type", "Alias": "it1", "Startup Cost": 0.0, "Total Cost": 2.4, "Plan Rows": 1, "Plan Width": 4, "Actual Min Startup Time": 0.065, "Actual Max Startup Time": 0.065, "Actual Min Total Time": 0.097, "Actual Max Total Time": 0.097, "Filter": "((info)::text = 'release dates'::text)", "Rows Removed by Filter": 111, "Actual Rows": 1}, {"Node Type": "Materialize", "Parent Relationship": "Inner", "Startup Cost": 0.0, "Total Cost": 36208.32, "Plan Rows": 13419, "Plan Width": 8, "Actual Min Startup Time": 272.081, "Actual Max Startup Time": 272.081, "Actual Min Total Time": 273.882, "Actual Max Total Time": 273.882, "Plans": [{"Node Type": "Streaming(type: LOCAL GATHER dop: 1/16)", "Parent Relationship": "Outer", "Startup Cost": 0.0, "Total Cost": 36174.77, "Plan Rows": 13419, "Plan Width": 8, "Actual Min Startup Time": 92.897, "Actual Max Startup Time": 92.897, "Actual Min Total Time": 270.174, "Actual Max Total Time": 270.174, "Plans": [{"Node Type": "Seq Scan", "Parent Relationship": "Outer", "Relation Name": "movie_info", "Alias": "mi", "Startup Cost": 0.0, "Total Cost": 35885.16, "Plan Rows": 13419, "Plan Width": 8, "Actual Min Startup Time": 6.914, "Actual Max Startup Time": 73.182, "Actual Min Total Time": 247.337, "Actual Max Total Time": 254.379, "Filter": "((note)::text ~~ '%internet%'::text)", "Rows Removed by Filter": 14824909, "Actual Rows": 10810}], "Actual Rows": 10810}], "Actual Rows": 10811}], "Actual Rows": 10679}, {"Node Type": "Bitmap Heap Scan", "Parent Relationship": "Inner", "Relation Name": "movie_companies", "Alias": "mc", "Startup Cost": 2.62, "Total Cost": 10.57, "Plan Rows": 2, "Plan Width": 12, "Actual Min Startup Time": 63.224, "Actual Max Startup Time": 63.224, "Actual Min Total Time": 71.761, "Actual Max Total Time": 71.761, "Recheck Cond": "(movie_id = mi.movie_id)", "Rows Removed by Index Recheck": 0, "Exact Heap Blocks": 11702, "Lossy Heap Blocks": 11702, "Plans": [{"Node Type": "Bitmap Index Scan", "Parent Relationship": "Outer", "Index Name": "movie_id_movie_companies", "Startup Cost": 0.0, "Total Cost": 2.62, "Plan Rows": 2, "Plan Width": 0, "Actual Min Startup Time": 41.347, "Actual Max Startup Time": 41.347, "Actual Min Total Time": 41.347, "Actual Max Total Time": 41.347, "Index Cond": "(movie_id = mi.movie_id)", "Actual Rows": 14401}], "Actual Rows": 14401}], "Actual Rows": 14401}, {"Node Type": "Bitmap Heap Scan", "Parent Relationship": "Inner", "Relation Name": "company_name", "Alias": "cn", "Startup Cost": 0.26, "Total Cost": 4.27, "Plan Rows": 1, "Plan Width": 4, "Actual Min Startup Time": 77.081, "Actual Max Startup Time": 77.081, "Actual Min Total Time": 77.081, "Actual Max Total Time": 77.081, "Recheck Cond": "(id = mc.company_id)", "Rows Removed by Index Recheck": 0, "Filter": "((country_code)::text = '[us]'::text)", "Rows Removed by Filter": 4527, "Exact Heap Blocks": 14401, "Lossy Heap Blocks": 14401, "Plans": [{"Node Type": "Bitmap Index Scan", "Parent Relationship": "Outer", "Index Name": "company_name_pkey", "Startup Cost": 0.0, "Total Cost": 0.26, "Plan Rows": 1, "Plan Width": 0, "Actual Min Startup Time": 42.988, "Actual Max Startup Time": 42.988, "Actual Min Total Time": 42.988, "Actual Max Total Time": 42.988, "Index Cond": "(id = mc.company_id)", "Actual Rows": 14401}], "Actual Rows": 9874}], "Actual Rows": 9874}, {"Node Type": "Materialize", "Parent Relationship": "Inner", "Startup Cost": 0.0, "Total Cost": 1.04, "Plan Rows": 3, "Plan Width": 4, "Actual Min Startup Time": 1.256, "Actual Max Startup Time": 1.256, "Actual Min Total Time": 2.311, "Actual Max Total Time": 2.311, "Plans": [{"Node Type": "Seq Scan", "Parent Relationship": "Outer", "Relation Name": "company_type", "Alias": "ct", "Startup Cost": 0.0, "Total Cost": 1.03, "Plan Rows": 3, "Plan Width": 4, "Actual Min Startup Time": 0.005, "Actual Max Startup Time": 0.005, "Actual Min Total Time": 0.007, "Actual Max Total Time": 0.007, "Actual Rows": 3}], "Actual Rows": 17790}], "Actual Rows": 5916}, {"Node Type": "Bitmap Heap Scan", "Parent Relationship": "Inner", "Relation Name": "title", "Alias": "t", "Startup Cost": 0.27, "Total Cost": 4.29, "Plan Rows": 1, "Plan Width": 21, "Actual Min Startup Time": 36.363, "Actual Max Startup Time": 36.363, "Actual Min Total Time": 36.363, "Actual Max Total Time": 36.363, "Recheck Cond": "(id = mc.movie_id)", "Rows Removed by Index Recheck": 0, "Filter": "(production_year > 1990)", "Rows Removed by Filter": 2, "Exact Heap Blocks": 5916, "Lossy Heap Blocks": 5916, "Plans": [{"Node Type": "Bitmap Index Scan", "Parent Relationship": "Outer", "Index Name": "title_pkey", "Startup Cost": 0.0, "Total Cost": 0.27, "Plan Rows": 1, "Plan Width": 0, "Actual Min Startup Time": 21.062, "Actual Max Startup Time": 21.062, "Actual Min Total Time": 21.062, "Actual Max Total Time": 21.062, "Index Cond": "(id = mc.movie_id)", "Actual Rows": 5916}], "Actual Rows": 5914}], "Actual Rows": 5914}, {"Node Type": "Bitmap Heap Scan", "Parent Relationship": "Inner", "Relation Name": "aka_title", "Alias": "at", "Startup Cost": 0.27, "Total Cost": 4.31, "Plan Rows": 3, "Plan Width": 25, "Actual Min Startup Time": 20.027, "Actual Max Startup Time": 20.027, "Actual Min Total Time": 20.251, "Actual Max Total Time": 20.251, "Recheck Cond": "(movie_id = mc.movie_id)", "Rows Removed by Index Recheck": 0, "Exact Heap Blocks": 382, "Lossy Heap Blocks": 382, "Plans": [{"Node Type": "Bitmap Index Scan", "Parent Relationship": "Outer", "Index Name": "movie_id_aka_title", "Startup Cost": 0.0, "Total Cost": 0.27, "Plan Rows": 3, "Plan Width": 0, "Actual Min Startup Time": 16.373, "Actual Max Startup Time": 16.373, "Actual Min Total Time": 16.373, "Actual Max Total Time": 16.373, "Index Cond": "(movie_id = mc.movie_id)", "Actual Rows": 382}], "Actual Rows": 382}], "Actual Rows": 382}, {"Node Type": "Bitmap Heap Scan", "Parent Relationship": "Inner", "Relation Name": "movie_keyword", "Alias": "mk", "Startup Cost": 0.34, "Total Cost": 4.44, "Plan Rows": 8, "Plan Width": 8, "Actual Min Startup Time": 3.221, "Actual Max Startup Time": 3.221, "Actual Min Total Time": 3.804, "Actual Max Total Time": 3.804, "Recheck Cond": "(movie_id = mc.movie_id)", "Rows Removed by Index Recheck": 0, "Exact Heap Blocks": 276, "Lossy Heap Blocks": 276, "Plans": [{"Node Type": "Bitmap Index Scan", "Parent Relationship": "Outer", "Index Name": "movie_id_movie_keyword", "Startup Cost": 0.0, "Total Cost": 0.34, "Plan Rows": 8, "Plan Width": 0, "Actual Min Startup Time": 1.981, "Actual Max Startup Time": 1.981, "Actual Min Total Time": 1.981, "Actual Max Total Time": 1.981, "Index Cond": "(movie_id = mc.movie_id)", "Actual Rows": 4371}], "Actual Rows": 4371}], "Actual Rows": 4371}], "Actual Rows": 4371}, {"Node Type": "Sort", "Parent Relationship": "Inner", "Startup Cost": 13527.66, "Total Cost": 13863.08, "Plan Rows": 134169, "Plan Width": 4, "Actual Min Startup Time": 82.028, "Actual Max Startup Time": 82.028, "Actual Min Total Time": 97.464, "Actual Max Total Time": 97.464, "Sort Key": ["k.id"], "Sort Method": "quicksort", "Sort Space Min Used": 14530, "Sort Space Max Used": 14530, "Sort Space Type": "Memory", "Plans": [{"Node Type": "Seq Scan", "Parent Relationship": "Outer", "Relation Name": "keyword", "Alias": "k", "Startup Cost": 0.0, "Total Cost": 2100.69, "Plan Rows": 134169, "Plan Width": 4, "Actual Min Startup Time": 0.042, "Actual Max Startup Time": 0.042, "Actual Min Total Time": 34.722, "Actual Max Total Time": 34.722, "Actual Rows": 134169}], "Actual Rows": 133879}], "Actual Rows": 4371}], "Actual Rows": 1}, "Triggers": [], "Planner Runtime": 173, "Total Runtime": 674.247, "Unique SQL Id": 2302223328}}, "(16, 23)": {"explain_plan": {"Plan": {"Node Type": "Aggregate", "Strategy": "Plain", "Startup Cost": 190799.9, "Total Cost": 190799.91, "Plan Rows": 1, "Plan Width": 102, "Plans": [{"Node Type": "Nested Loop", "Parent Relationship": "Outer", "Join Type": "Inner", "Startup Cost": 4854.59, "Total Cost": 190765.03, "Plan Rows": 6974, "Plan Width": 38, "Inner Unique": false, "Join Filter": "(t.id = at.movie_id)", "Plans": [{"Node Type": "Nested Loop", "Parent Relationship": "Outer", "Join Type": "Inner", "Startup Cost": 4854.32, "Total Cost": 180949.25, "Plan Rows": 2257, "Plan Width": 33, "Inner Unique": true, "Plans": [{"Node Type": "Nested Loop", "Parent Relationship": "Outer", "Join Type": "Inner", "Startup Cost": 4854.06, "Total Cost": 171288.7, "Plan Rows": 2257, "Plan Width": 37, "Inner Unique": false, "Join Filter": "(t.id = mk.movie_id)", "Plans": [{"Node Type": "Nested Loop", "Parent Relationship": "Outer", "Join Type": "Inner", "Startup Cost": 4853.72, "Total Cost": 170027.13, "Plan Rows": 278, "Plan Width": 29, "Inner Unique": true, "Join Filter": "(mi.movie_id = t.id)", "Plans": [{"Node Type": "Nested Loop", "Parent Relationship": "Outer", "Join Type": "Inner", "Startup Cost": 4853.45, "Total Cost": 169162.94, "Plan Rows": 201, "Plan Width": 8, "Inner Unique": true, "Plans": [{"Node Type": "Nested Loop", "Parent Relationship": "Outer", "Join Type": "Inner", "Startup Cost": 4853.19, "Total Cost": 167686.26, "Plan Rows": 345, "Plan Width": 12, "Inner Unique": true, "Plans": [{"Node Type": "Nested Loop", "Parent Relationship": "Outer", "Join Type": "Inner", "Startup Cost": 4852.94, "Total Cost": 165930.08, "Plan Rows": 410, "Plan Width": 16, "Inner Unique": false, "Plans": [{"Node Type": "Nested Loop", "Parent Relationship": "Outer", "Join Type": "Inner", "Startup Cost": 4850.32, "Total Cost": 163895.89, "Plan Rows": 192, "Plan Width": 4, "Inner Unique": false, "Plans": [{"Node Type": "Bitmap Heap Scan", "Parent Relationship": "Outer", "Relation Name": "info_type", "Alias": "it1", "Startup Cost": 8.81, "Total Cost": 14.21, "Plan Rows": 1, "Plan Width": 4, "Filter": "((info)::text = 'release dates'::text)", "Plans": [{"Node Type": "Bitmap Index Scan", "Parent Relationship": "Outer", "Index Name": "info_type_pkey", "Startup Cost": 0.0, "Total Cost": 8.81, "Plan Rows": 112, "Plan Width": 0}]}, {"Node Type": "Bitmap Heap Scan", "Parent Relationship": "Inner", "Relation Name": "movie_info", "Alias": "mi", "Startup Cost": 4841.51, "Total Cost": 163879.76, "Plan Rows": 192, "Plan Width": 8, "Recheck Cond": "(info_type_id = it1.id)", "Filter": "((note)::text ~~ '%internet%'::text)", "Plans": [{"Node Type": "Bitmap Index Scan", "Parent Relationship": "Outer", "Index Name": "info_type_id_movie_info", "Startup Cost": 0.0, "Total Cost": 4841.46, "Plan Rows": 212428, "Plan Width": 0, "Index Cond": "(info_type_id = it1.id)"}]}]}, {"Node Type": "Bitmap Heap Scan", "Parent Relationship": "Inner", "Relation Name": "movie_companies", "Alias": "mc", "Startup Cost": 2.62, "Total Cost": 10.57, "Plan Rows": 2, "Plan Width": 12, "Recheck Cond": "(movie_id = mi.movie_id)", "Plans": [{"Node Type": "Bitmap Index Scan", "Parent Relationship": "Outer", "Index Name": "movie_id_movie_companies", "Startup Cost": 0.0, "Total Cost": 2.62, "Plan Rows": 2, "Plan Width": 0, "Index Cond": "(movie_id = mi.movie_id)"}]}]}, {"Node Type": "Bitmap Heap Scan", "Parent Relationship": "Inner", "Relation Name": "company_name", "Alias": "cn", "Startup Cost": 0.26, "Total Cost": 4.27, "Plan Rows": 1, "Plan Width": 4, "Recheck Cond": "(id = mc.company_id)", "Filter": "((country_code)::text = '[us]'::text)", "Plans": [{"Node Type": "Bitmap Index Scan", "Parent Relationship": "Outer", "Index Name": "company_name_pkey", "Startup Cost": 0.0, "Total Cost": 0.26, "Plan Rows": 1, "Plan Width": 0, "Index Cond": "(id = mc.company_id)"}]}]}, {"Node Type": "Bitmap Heap Scan", "Parent Relationship": "Inner", "Relation Name": "company_type", "Alias": "ct", "Startup Cost": 0.26, "Total Cost": 4.27, "Plan Rows": 1, "Plan Width": 4, "Recheck Cond": "(id = mc.company_type_id)", "Plans": [{"Node Type": "Bitmap Index Scan", "Parent Relationship": "Outer", "Index Name": "company_type_pkey", "Startup Cost": 0.0, "Total Cost": 0.26, "Plan Rows": 1, "Plan Width": 0, "Index Cond": "(id = mc.company_type_id)"}]}]}, {"Node Type": "Bitmap Heap Scan", "Parent Relationship": "Inner", "Relation Name": "title", "Alias": "t", "Startup Cost": 0.27, "Total Cost": 4.29, "Plan Rows": 1, "Plan Width": 21, "Recheck Cond": "(id = mc.movie_id)", "Filter": "(production_year > 1990)", "Plans": [{"Node Type": "Bitmap Index Scan", "Parent Relationship": "Outer", "Index Name": "title_pkey", "Startup Cost": 0.0, "Total Cost": 0.27, "Plan Rows": 1, "Plan Width": 0, "Index Cond": "(id = mc.movie_id)"}]}]}, {"Node Type": "Bitmap Heap Scan", "Parent Relationship": "Inner", "Relation Name": "movie_keyword", "Alias": "mk", "Startup Cost": 0.34, "Total Cost": 4.44, "Plan Rows": 8, "Plan Width": 8, "Recheck Cond": "(movie_id = mc.movie_id)", "Plans": [{"Node Type": "Bitmap Index Scan", "Parent Relationship": "Outer", "Index Name": "movie_id_movie_keyword", "Startup Cost": 0.0, "Total Cost": 0.34, "Plan Rows": 8, "Plan Width": 0, "Index Cond": "(movie_id = mc.movie_id)"}]}]}, {"Node Type": "Bitmap Heap Scan", "Parent Relationship": "Inner", "Relation Name": "keyword", "Alias": "k", "Startup Cost": 0.26, "Total Cost": 4.27, "Plan Rows": 1, "Plan Width": 4, "Recheck Cond": "(id = mk.keyword_id)", "Plans": [{"Node Type": "Bitmap Index Scan", "Parent Relationship": "Outer", "Index Name": "keyword_pkey", "Startup Cost": 0.0, "Total Cost": 0.26, "Plan Rows": 1, "Plan Width": 0, "Index Cond": "(id = mk.keyword_id)"}]}]}, {"Node Type": "Bitmap Heap Scan", "Parent Relationship": "Inner", "Relation Name": "aka_title", "Alias": "at", "Startup Cost": 0.27, "Total Cost": 4.31, "Plan Rows": 3, "Plan Width": 25, "Recheck Cond": "(movie_id = mk.movie_id)", "Plans": [{"Node Type": "Bitmap Index Scan", "Parent Relationship": "Outer", "Index Name": "movie_id_aka_title", "Startup Cost": 0.0, "Total Cost": 0.27, "Plan Rows": 3, "Plan Width": 0, "Index Cond": "(movie_id = mk.movie_id)"}]}]}]}, "Unique SQL Id": 2302223328, "Planner Runtime": 134}, "explain_analyze_plan": null}, "(16, 24)": {"explain_plan": {"Plan": {"Node Type": "Aggregate", "Strategy": "Plain", "Startup Cost": 39393.83, "Total Cost": 39393.84, "Plan Rows": 1, "Plan Width": 102, "Plans": [{"Node Type": "Nested Loop", "Parent Relationship": "Outer", "Join Type": "Inner", "Startup Cost": 0.0, "Total Cost": 39358.96, "Plan Rows": 6974, "Plan Width": 38, "Inner Unique": false, "Join Filter": "(t.id = at.movie_id)", "Plans": [{"Node Type": "Nested Loop", "Parent Relationship": "Outer", "Join Type": "Inner", "Startup Cost": 0.0, "Total Cost": 38560.34, "Plan Rows": 2257, "Plan Width": 33, "Inner Unique": true, "Plans": [{"Node Type": "Nested Loop", "Parent Relationship": "Outer", "Join Type": "Inner", "Startup Cost": 0.0, "Total Cost": 37928.36, "Plan Rows": 2257, "Plan Width": 37, "Inner Unique": false, "Join Filter": "(t.id = mk.movie_id)", "Plans": [{"Node Type": "Nested Loop", "Parent Relationship": "Outer", "Join Type": "Inner", "Startup Cost": 0.0, "Total Cost": 37772.01, "Plan Rows": 278, "Plan Width": 29, "Inner Unique": true, "Join Filter": "(mc.company_type_id = ct.id)", "Plans": [{"Node Type": "Nested Loop", "Parent Relationship": "Outer", "Join Type": "Inner", "Startup Cost": 0.0, "Total Cost": 37749.46, "Plan Rows": 478, "Plan Width": 33, "Inner Unique": true, "Plans": [{"Node Type": "Nested Loop", "Parent Relationship": "Outer", "Join Type": "Inner", "Startup Cost": 0.0, "Total Cost": 37586.07, "Plan Rows": 568, "Plan Width": 37, "Inner Unique": false, "Plans": [{"Node Type": "Nested Loop", "Parent Relationship": "Outer", "Join Type": "Inner", "Startup Cost": 0.0, "Total Cost": 37488.22, "Plan Rows": 266, "Plan Width": 25, "Inner Unique": true, "Plans": [{"Node Type": "Nested Loop", "Parent Relationship": "Outer", "Join Type": "Inner", "Startup Cost": 0.0, "Total Cost": 36344.91, "Plan Rows": 192, "Plan Width": 4, "Inner Unique": false, "Join Filter": "(it1.id = mi.info_type_id)", "Plans": [{"Node Type": "Seq Scan", "Parent Relationship": "Outer", "Relation Name": "info_type", "Alias": "it1", "Startup Cost": 0.0, "Total Cost": 2.4, "Plan Rows": 1, "Plan Width": 4, "Filter": "((info)::text = 'release dates'::text)"}, {"Node Type": "Materialize", "Parent Relationship": "Inner", "Startup Cost": 0.0, "Total Cost": 36208.32, "Plan Rows": 13419, "Plan Width": 8, "Plans": [{"Node Type": "Streaming(type: LOCAL GATHER dop: 1/16)", "Parent Relationship": "Outer", "Startup Cost": 0.0, "Total Cost": 36174.77, "Plan Rows": 13419, "Plan Width": 8, "Plans": [{"Node Type": "Seq Scan", "Parent Relationship": "Outer", "Relation Name": "movie_info", "Alias": "mi", "Startup Cost": 0.0, "Total Cost": 35885.16, "Plan Rows": 13419, "Plan Width": 8, "Filter": "((note)::text ~~ '%internet%'::text)"}]}]}]}, {"Node Type": "Index Scan", "Parent Relationship": "Inner", "Scan Direction": "Forward", "Index Name": "title_pkey", "Relation Name": "title", "Alias": "t", "Startup Cost": 0.0, "Total Cost": 5.94, "Plan Rows": 1, "Plan Width": 21, "Index Cond": "(id = mi.movie_id)", "Filter": "(production_year > 1990)"}]}, {"Node Type": "Index Scan", "Parent Relationship": "Inner", "Scan Direction": "Forward", "Index Name": "movie_id_movie_companies", "Relation Name": "movie_companies", "Alias": "mc", "Startup Cost": 0.0, "Total Cost": 0.35, "Plan Rows": 2, "Plan Width": 12, "Index Cond": "(movie_id = t.id)"}]}, {"Node Type": "Index Scan", "Parent Relationship": "Inner", "Scan Direction": "Forward", "Index Name": "company_name_pkey", "Relation Name": "company_name", "Alias": "cn", "Startup Cost": 0.0, "Total Cost": 0.28, "Plan Rows": 1, "Plan Width": 4, "Index Cond": "(id = mc.company_id)", "Filter": "((country_code)::text = '[us]'::text)"}]}, {"Node Type": "Materialize", "Parent Relationship": "Inner", "Startup Cost": 0.0, "Total Cost": 1.04, "Plan Rows": 3, "Plan Width": 4, "Plans": [{"Node Type": "Seq Scan", "Parent Relationship": "Outer", "Relation Name": "company_type", "Alias": "ct", "Startup Cost": 0.0, "Total Cost": 1.03, "Plan Rows": 3, "Plan Width": 4}]}]}, {"Node Type": "Index Scan", "Parent Relationship": "Inner", "Scan Direction": "Forward", "Index Name": "movie_id_movie_keyword", "Relation Name": "movie_keyword", "Alias": "mk", "Startup Cost": 0.0, "Total Cost": 0.46, "Plan Rows": 8, "Plan Width": 8, "Index Cond": "(movie_id = mc.movie_id)"}]}, {"Node Type": "Index Only Scan", "Parent Relationship": "Inner", "Scan Direction": "Forward", "Index Name": "keyword_pkey", "Relation Name": "keyword", "Alias": "k", "Startup Cost": 0.0, "Total Cost": 0.27, "Plan Rows": 1, "Plan Width": 4, "Index Cond": "(id = mk.keyword_id)"}]}, {"Node Type": "Index Scan", "Parent Relationship": "Inner", "Scan Direction": "Forward", "Index Name": "movie_id_aka_title", "Relation Name": "aka_title", "Alias": "at", "Startup Cost": 0.0, "Total Cost": 0.32, "Plan Rows": 3, "Plan Width": 25, "Index Cond": "(movie_id = mk.movie_id)"}]}]}, "Unique SQL Id": 2302223328, "Planner Runtime": 134}, "explain_analyze_plan": {"Plan": {"Node Type": "Aggregate", "Strategy": "Plain", "Startup Cost": 39393.83, "Total Cost": 39393.84, "Plan Rows": 1, "Plan Width": 102, "Actual Min Startup Time": 621.221, "Actual Max Startup Time": 621.221, "Actual Min Total Time": 621.221, "Actual Max Total Time": 621.221, "Plans": [{"Node Type": "Nested Loop", "Parent Relationship": "Outer", "Join Type": "Inner", "Startup Cost": 0.0, "Total Cost": 39358.96, "Plan Rows": 6974, "Plan Width": 38, "Actual Min Startup Time": 297.202, "Actual Max Startup Time": 297.202, "Actual Min Total Time": 618.501, "Actual Max Total Time": 618.501, "Inner Unique": false, "Join Filter": "(t.id = at.movie_id)", "Rows Removed by Join Filter": 0, "Plans": [{"Node Type": "Nested Loop", "Parent Relationship": "Outer", "Join Type": "Inner", "Startup Cost": 0.0, "Total Cost": 38560.34, "Plan Rows": 2257, "Plan Width": 33, "Actual Min Startup Time": 294.4, "Actual Max Startup Time": 294.4, "Actual Min Total Time": 576.408, "Actual Max Total Time": 576.408, "Inner Unique": true, "Plans": [{"Node Type": "Nested Loop", "Parent Relationship": "Outer", "Join Type": "Inner", "Startup Cost": 0.0, "Total Cost": 37928.36, "Plan Rows": 2257, "Plan Width": 37, "Actual Min Startup Time": 294.384, "Actual Max Startup Time": 294.384, "Actual Min Total Time": 529.81, "Actual Max Total Time": 529.81, "Inner Unique": false, "Join Filter": "(t.id = mk.movie_id)", "Rows Removed by Join Filter": 0, "Plans": [{"Node Type": "Nested Loop", "Parent Relationship": "Outer", "Join Type": "Inner", "Startup Cost": 0.0, "Total Cost": 37772.01, "Plan Rows": 278, "Plan Width": 29, "Actual Min Startup Time": 294.335, "Actual Max Startup Time": 294.335, "Actual Min Total Time": 492.197, "Actual Max Total Time": 492.197, "Inner Unique": true, "Join Filter": "(mc.company_type_id = ct.id)", "Rows Removed by Join Filter": 11829, "Plans": [{"Node Type": "Nested Loop", "Parent Relationship": "Outer", "Join Type": "Inner", "Startup Cost": 0.0, "Total Cost": 37749.46, "Plan Rows": 478, "Plan Width": 33, "Actual Min Startup Time": 294.318, "Actual Max Startup Time": 294.318, "Actual Min Total Time": 483.602, "Actual Max Total Time": 483.602, "Inner Unique": true, "Plans": [{"Node Type": "Nested Loop", "Parent Relationship": "Outer", "Join Type": "Inner", "Startup Cost": 0.0, "Total Cost": 37586.07, "Plan Rows": 568, "Plan Width": 37, "Actual Min Startup Time": 294.267, "Actual Max Startup Time": 294.267, "Actual Min Total Time": 416.216, "Actual Max Total Time": 416.216, "Inner Unique": false, "Plans": [{"Node Type": "Nested Loop", "Parent Relationship": "Outer", "Join Type": "Inner", "Startup Cost": 0.0, "Total Cost": 37488.22, "Plan Rows": 266, "Plan Width": 25, "Actual Min Startup Time": 294.252, "Actual Max Startup Time": 294.252, "Actual Min Total Time": 357.132, "Actual Max Total Time": 357.132, "Inner Unique": true, "Plans": [{"Node Type": "Nested Loop", "Parent Relationship": "Outer", "Join Type": "Inner", "Startup Cost": 0.0, "Total Cost": 36344.91, "Plan Rows": 192, "Plan Width": 4, "Actual Min Startup Time": 294.204, "Actual Max Startup Time": 294.204, "Actual Min Total Time": 300.597, "Actual Max Total Time": 300.597, "Inner Unique": false, "Join Filter": "(it1.id = mi.info_type_id)", "Rows Removed by Join Filter": 131, "Plans": [{"Node Type": "Seq Scan", "Parent Relationship": "Outer", "Relation Name": "info_type", "Alias": "it1", "Startup Cost": 0.0, "Total Cost": 2.4, "Plan Rows": 1, "Plan Width": 4, "Actual Min Startup Time": 0.069, "Actual Max Startup Time": 0.069, "Actual Min Total Time": 0.095, "Actual Max Total Time": 0.095, "Filter": "((info)::text = 'release dates'::text)", "Rows Removed by Filter": 111, "Actual Rows": 1}, {"Node Type": "Materialize", "Parent Relationship": "Inner", "Startup Cost": 0.0, "Total Cost": 36208.32, "Plan Rows": 13419, "Plan Width": 8, "Actual Min Startup Time": 294.108, "Actual Max Startup Time": 294.108, "Actual Min Total Time": 295.786, "Actual Max Total Time": 295.786, "Plans": [{"Node Type": "Streaming(type: LOCAL GATHER dop: 1/16)", "Parent Relationship": "Outer", "Startup Cost": 0.0, "Total Cost": 36174.77, "Plan Rows": 13419, "Plan Width": 8, "Actual Min Startup Time": 92.12, "Actual Max Startup Time": 92.12, "Actual Min Total Time": 292.213, "Actual Max Total Time": 292.213, "Plans": [{"Node Type": "Seq Scan", "Parent Relationship": "Outer", "Relation Name": "movie_info", "Alias": "mi", "Startup Cost": 0.0, "Total Cost": 35885.16, "Plan Rows": 13419, "Plan Width": 8, "Actual Min Startup Time": 6.859, "Actual Max Startup Time": 73.212, "Actual Min Total Time": 247.765, "Actual Max Total Time": 276.211, "Filter": "((note)::text ~~ '%internet%'::text)", "Rows Removed by Filter": 14824909, "Actual Rows": 10810}], "Actual Rows": 10810}], "Actual Rows": 10811}], "Actual Rows": 10679}, {"Node Type": "Index Scan", "Parent Relationship": "Inner", "Scan Direction": "Forward", "Index Name": "title_pkey", "Relation Name": "title", "Alias": "t", "Startup Cost": 0.0, "Total Cost": 5.94, "Plan Rows": 1, "Plan Width": 21, "Actual Min Startup Time": 48.091, "Actual Max Startup Time": 48.091, "Actual Min Total Time": 48.091, "Actual Max Total Time": 48.091, "Index Cond": "(id = mi.movie_id)", "Rows Removed by Index Recheck": 0, "Filter": "(production_year > 1990)", "Rows Removed by Filter": 17, "Actual Rows": 10662}], "Actual Rows": 10662}, {"Node Type": "Index Scan", "Parent Relationship": "Inner", "Scan Direction": "Forward", "Index Name": "movie_id_movie_companies", "Relation Name": "movie_companies", "Alias": "mc", "Startup Cost": 0.0, "Total Cost": 0.35, "Plan Rows": 2, "Plan Width": 12, "Actual Min Startup Time": 41.027, "Actual Max Startup Time": 41.027, "Actual Min Total Time": 50.301, "Actual Max Total Time": 50.301, "Index Cond": "(movie_id = t.id)", "Rows Removed by Index Recheck": 0, "Actual Rows": 14377}], "Actual Rows": 14377}, {"Node Type": "Index Scan", "Parent Relationship": "Inner", "Scan Direction": "Forward", "Index Name": "company_name_pkey", "Relation Name": "company_name", "Alias": "cn", "Startup Cost": 0.0, "Total Cost": 0.28, "Plan Rows": 1, "Plan Width": 4, "Actual Min Startup Time": 57.105, "Actual Max Startup Time": 57.105, "Actual Min Total Time": 57.105, "Actual Max Total Time": 57.105, "Index Cond": "(id = mc.company_id)", "Rows Removed by Index Recheck": 0, "Filter": "((country_code)::text = '[us]'::text)", "Rows Removed by Filter": 4520, "Actual Rows": 9857}], "Actual Rows": 9857}, {"Node Type": "Materialize", "Parent Relationship": "Inner", "Startup Cost": 0.0, "Total Cost": 1.04, "Plan Rows": 3, "Plan Width": 4, "Actual Min Startup Time": 1.035, "Actual Max Startup Time": 1.035, "Actual Min Total Time": 2.117, "Actual Max Total Time": 2.117, "Plans": [{"Node Type": "Seq Scan", "Parent Relationship": "Outer", "Relation Name": "company_type", "Alias": "ct", "Startup Cost": 0.0, "Total Cost": 1.03, "Plan Rows": 3, "Plan Width": 4, "Actual Min Startup Time": 0.005, "Actual Max Startup Time": 0.005, "Actual Min Total Time": 0.006, "Actual Max Total Time": 0.006, "Actual Rows": 3}], "Actual Rows": 17743}], "Actual Rows": 5914}, {"Node Type": "Index Scan", "Parent Relationship": "Inner", "Scan Direction": "Forward", "Index Name": "movie_id_movie_keyword", "Relation Name": "movie_keyword", "Alias": "mk", "Startup Cost": 0.0, "Total Cost": 0.46, "Plan Rows": 8, "Plan Width": 8, "Actual Min Startup Time": 22.244, "Actual Max Startup Time": 22.244, "Actual Min Total Time": 28.606, "Actual Max Total Time": 28.606, "Index Cond": "(movie_id = mc.movie_id)", "Rows Removed by Index Recheck": 0, "Actual Rows": 14161}], "Actual Rows": 14161}, {"Node Type": "Index Only Scan", "Parent Relationship": "Inner", "Scan Direction": "Forward", "Index Name": "keyword_pkey", "Relation Name": "keyword", "Alias": "k", "Startup Cost": 0.0, "Total Cost": 0.27, "Plan Rows": 1, "Plan Width": 4, "Actual Min Startup Time": 36.51, "Actual Max Startup Time": 36.51, "Actual Min Total Time": 36.51, "Actual Max Total Time": 36.51, "Index Cond": "(id = mk.keyword_id)", "Rows Removed by Index Recheck": 0, "Heap Fetches": 0, "Actual Rows": 14161}], "Actual Rows": 14161}, {"Node Type": "Index Scan", "Parent Relationship": "Inner", "Scan Direction": "Forward", "Index Name": "movie_id_aka_title", "Relation Name": "aka_title", "Alias": "at", "Startup Cost": 0.0, "Total Cost": 0.32, "Plan Rows": 3, "Plan Width": 25, "Actual Min Startup Time": 31.451, "Actual Max Startup Time": 31.451, "Actual Min Total Time": 33.645, "Actual Max Total Time": 33.645, "Index Cond": "(movie_id = mk.movie_id)", "Rows Removed by Index Recheck": 0, "Actual Rows": 4371}], "Actual Rows": 4371}], "Actual Rows": 1}, "Triggers": [], "Planner Runtime": 134, "Total Runtime": 624.308, "Unique SQL Id": 2302223328}}, "(16, 25)": {"explain_plan": {"Plan": {"Node Type": "Aggregate", "Strategy": "Plain", "Startup Cost": 498755.83, "Total Cost": 498755.84, "Plan Rows": 1, "Plan Width": 102, "Plans": [{"Node Type": "Nested Loop", "Parent Relationship": "Outer", "Join Type": "Inner", "Startup Cost": 0.0, "Total Cost": 498720.96, "Plan Rows": 6974, "Plan Width": 38, "Inner Unique": false, "Join Filter": "(t.id = at.movie_id)", "Plans": [{"Node Type": "Nested Loop", "Parent Relationship": "Outer", "Join Type": "Inner", "Startup Cost": 0.0, "Total Cost": 497922.35, "Plan Rows": 2257, "Plan Width": 33, "Inner Unique": true, "Plans": [{"Node Type": "Nested Loop", "Parent Relationship": "Outer", "Join Type": "Inner", "Startup Cost": 0.0, "Total Cost": 497290.36, "Plan Rows": 2257, "Plan Width": 37, "Inner Unique": false, "Join Filter": "(t.id = mk.movie_id)", "Plans": [{"Node Type": "Nested Loop", "Parent Relationship": "Outer", "Join Type": "Inner", "Startup Cost": 0.0, "Total Cost": 497134.02, "Plan Rows": 278, "Plan Width": 29, "Inner Unique": true, "Join Filter": "(mc.company_type_id = ct.id)", "Plans": [{"Node Type": "Nested Loop", "Parent Relationship": "Outer", "Join Type": "Inner", "Startup Cost": 0.0, "Total Cost": 497104.2, "Plan Rows": 478, "Plan Width": 33, "Inner Unique": true, "Plans": [{"Node Type": "Nested Loop", "Parent Relationship": "Outer", "Join Type": "Inner", "Startup Cost": 0.0, "Total Cost": 496940.81, "Plan Rows": 568, "Plan Width": 37, "Inner Unique": false, "Plans": [{"Node Type": "Nested Loop", "Parent Relationship": "Outer", "Join Type": "Inner", "Startup Cost": 0.0, "Total Cost": 496842.96, "Plan Rows": 266, "Plan Width": 25, "Inner Unique": true, "Plans": [{"Node Type": "Nested Loop", "Parent Relationship": "Outer", "Join Type": "Inner", "Startup Cost": 0.0, "Total Cost": 495699.65, "Plan Rows": 192, "Plan Width": 4, "Inner Unique": false, "Plans": [{"Node Type": "Index Scan", "Parent Relationship": "Outer", "Scan Direction": "Forward", "Index Name": "info_type_pkey", "Relation Name": "info_type", "Alias": "it1", "Startup Cost": 0.0, "Total Cost": 14.21, "Plan Rows": 1, "Plan Width": 4, "Filter": "((info)::text = 'release dates'::text)"}, {"Node Type": "Index Scan", "Parent Relationship": "Inner", "Scan Direction": "Forward", "Index Name": "info_type_id_movie_info", "Relation Name": "movie_info", "Alias": "mi", "Startup Cost": 0.0, "Total Cost": 495683.52, "Plan Rows": 192, "Plan Width": 8, "Index Cond": "(info_type_id = it1.id)", "Filter": "((note)::text ~~ '%internet%'::text)"}]}, {"Node Type": "Index Scan", "Parent Relationship": "Inner", "Scan Direction": "Forward", "Index Name": "title_pkey", "Relation Name": "title", "Alias": "t", "Startup Cost": 0.0, "Total Cost": 5.94, "Plan Rows": 1, "Plan Width": 21, "Index Cond": "(id = mi.movie_id)", "Filter": "(production_year > 1990)"}]}, {"Node Type": "Index Scan", "Parent Relationship": "Inner", "Scan Direction": "Forward", "Index Name": "movie_id_movie_companies", "Relation Name": "movie_companies", "Alias": "mc", "Startup Cost": 0.0, "Total Cost": 0.35, "Plan Rows": 2, "Plan Width": 12, "Index Cond": "(movie_id = t.id)"}]}, {"Node Type": "Index Scan", "Parent Relationship": "Inner", "Scan Direction": "Forward", "Index Name": "company_name_pkey", "Relation Name": "company_name", "Alias": "cn", "Startup Cost": 0.0, "Total Cost": 0.28, "Plan Rows": 1, "Plan Width": 4, "Index Cond": "(id = mc.company_id)", "Filter": "((country_code)::text = '[us]'::text)"}]}, {"Node Type": "Materialize", "Parent Relationship": "Inner", "Startup Cost": 0.0, "Total Cost": 8.31, "Plan Rows": 3, "Plan Width": 4, "Plans": [{"Node Type": "Index Only Scan", "Parent Relationship": "Outer", "Scan Direction": "Forward", "Index Name": "company_type_pkey", "Relation Name": "company_type", "Alias": "ct", "Startup Cost": 0.0, "Total Cost": 8.29, "Plan Rows": 3, "Plan Width": 4}]}]}, {"Node Type": "Index Scan", "Parent Relationship": "Inner", "Scan Direction": "Forward", "Index Name": "movie_id_movie_keyword", "Relation Name": "movie_keyword", "Alias": "mk", "Startup Cost": 0.0, "Total Cost": 0.46, "Plan Rows": 8, "Plan Width": 8, "Index Cond": "(movie_id = mc.movie_id)"}]}, {"Node Type": "Index Only Scan", "Parent Relationship": "Inner", "Scan Direction": "Forward", "Index Name": "keyword_pkey", "Relation Name": "keyword", "Alias": "k", "Startup Cost": 0.0, "Total Cost": 0.27, "Plan Rows": 1, "Plan Width": 4, "Index Cond": "(id = mk.keyword_id)"}]}, {"Node Type": "Index Scan", "Parent Relationship": "Inner", "Scan Direction": "Forward", "Index Name": "movie_id_aka_title", "Relation Name": "aka_title", "Alias": "at", "Startup Cost": 0.0, "Total Cost": 0.32, "Plan Rows": 3, "Plan Width": 25, "Index Cond": "(movie_id = mk.movie_id)"}]}]}, "Unique SQL Id": 2302223328, "Planner Runtime": 130}, "explain_analyze_plan": null}, "(16, 26)": {"explain_plan": {"Plan": {"Node Type": "Aggregate", "Strategy": "Plain", "Startup Cost": 501071.09, "Total Cost": 501071.1, "Plan Rows": 1, "Plan Width": 102, "Plans": [{"Node Type": "Merge Join", "Parent Relationship": "Outer", "Join Type": "Inner", "Startup Cost": 500494.98, "Total Cost": 501035.88, "Plan Rows": 7042, "Plan Width": 38, "Inner Unique": true, "Merge Cond": "(mc.company_id = cn.id)", "Plans": [{"Node Type": "Sort", "Parent Relationship": "Outer", "Startup Cost": 487615.4, "Total Cost": 487644.8, "Plan Rows": 11758, "Plan Width": 42, "Sort Key": ["mc.company_id"], "Plans": [{"Node Type": "Merge Join", "Parent Relationship": "Outer", "Join Type": "Inner", "Startup Cost": 484977.26, "Total Cost": 486820.48, "Plan Rows": 11758, "Plan Width": 42, "Inner Unique": false, "Merge Cond": "(t.id = at.movie_id)", "Plans": [{"Node Type": "Sort", "Parent Relationship": "Outer", "Startup Cost": 441712.11, "Total Cost": 441723.62, "Plan Rows": 4604, "Plan Width": 37, "Sort Key": ["mc.movie_id"], "Plans": [{"Node Type": "Merge Join", "Parent Relationship": "Outer", "Join Type": "Inner", "Startup Cost": 440693.33, "Total Cost": 441431.98, "Plan Rows": 4604, "Plan Width": 37, "Inner Unique": true, "Merge Cond": "(mk.keyword_id = k.id)", "Plans": [{"Node Type": "Sort", "Parent Relationship": "Outer", "Startup Cost": 427165.68, "Total Cost": 427177.19, "Plan Rows": 4604, "Plan Width": 41, "Sort Key": ["mk.keyword_id"], "Plans": [{"Node Type": "Nested Loop", "Parent Relationship": "Outer", "Join Type": "Inner", "Startup Cost": 0.0, "Total Cost": 426885.55, "Plan Rows": 4604, "Plan Width": 41, "Inner Unique": true, "Join Filter": "(mc.company_type_id = ct.id)", "Plans": [{"Node Type": "Streaming(type: LOCAL GATHER dop: 1/16)", "Parent Relationship": "Outer", "Startup Cost": 0.0, "Total Cost": 426677.33, "Plan Rows": 4604, "Plan Width": 45, "Plans": [{"Node Type": "Nested Loop", "Parent Relationship": "Outer", "Join Type": "Inner", "Startup Cost": 0.0, "Total Cost": 426577.97, "Plan Rows": 4604, "Plan Width": 45, "Inner Unique": false, "Join Filter": "(t.id = mk.movie_id)", "Plans": [{"Node Type": "Streaming(type: LOCAL REDISTRIBUTE dop: 16/16)", "Parent Relationship": "Outer", "Startup Cost": 0.0, "Total Cost": 51044.03, "Plan Rows": 4523929, "Plan Width": 8, "Plans": [{"Node Type": "Seq Scan", "Parent Relationship": "Outer", "Relation Name": "movie_keyword", "Alias": "mk", "Startup Cost": 0.0, "Total Cost": 18902.58, "Plan Rows": 4523929, "Plan Width": 8}]}, {"Node Type": "Materialize", "Parent Relationship": "Inner", "Startup Cost": 0.0, "Total Cost": 224972.02, "Plan Rows": 568, "Plan Width": 37, "Plans": [{"Node Type": "Streaming(type: LOCAL REDISTRIBUTE dop: 16/16)", "Parent Relationship": "Outer", "Startup Cost": 0.0, "Total Cost": 224971.84, "Plan Rows": 568, "Plan Width": 37, "Plans": [{"Node Type": "Nested Loop", "Parent Relationship": "Outer", "Join Type": "Inner", "Startup Cost": 0.0, "Total Cost": 209969.69, "Plan Rows": 568, "Plan Width": 37, "Inner Unique": false, "Join Filter": "(t.id = mc.movie_id)", "Plans": [{"Node Type": "Streaming(type: LOCAL REDISTRIBUTE dop: 16/16)", "Parent Relationship": "Outer", "Startup Cost": 0.0, "Total Cost": 42499.73, "Plan Rows": 2609128, "Plan Width": 12, "Plans": [{"Node Type": "Seq Scan", "Parent Relationship": "Outer", "Relation Name": "movie_companies", "Alias": "mc", "Startup Cost": 0.0, "Total Cost": 17613.58, "Plan Rows": 2609128, "Plan Width": 12}]}, {"Node Type": "Materialize", "Parent Relationship": "Inner", "Startup Cost": 0.0, "Total Cost": 126804.29, "Plan Rows": 266, "Plan Width": 25, "Plans": [{"Node Type": "Streaming(type: LOCAL REDISTRIBUTE dop: 16/16)", "Parent Relationship": "Outer", "Startup Cost": 0.0, "Total Cost": 126804.21, "Plan Rows": 266, "Plan Width": 25, "Plans": [{"Node Type": "Nested Loop", "Parent Relationship": "Outer", "Join Type": "Inner", "Startup Cost": 0.0, "Total Cost": 111803.2, "Plan Rows": 266, "Plan Width": 25, "Inner Unique": false, "Join Filter": "(mi.movie_id = t.id)", "Plans": [{"Node Type": "Streaming(type: LOCAL REDISTRIBUTE dop: 16/16)", "Parent Relationship": "Outer", "Startup Cost": 0.0, "Total Cost": 40775.83, "Plan Rows": 1748840, "Plan Width": 21, "Plans": [{"Node Type": "Seq Scan", "Parent Relationship": "Outer", "Relation Name": "title", "Alias": "t", "Startup Cost": 0.0, "Total Cost": 19149.37, "Plan Rows": 1748840, "Plan Width": 21, "Filter": "(production_year > 1990), (LLVM Optimized)"}]}, {"Node Type": "Materialize", "Parent Relationship": "Inner", "Startup Cost": 0.0, "Total Cost": 51352.95, "Plan Rows": 192, "Plan Width": 4, "Plans": [{"Node Type": "Streaming(type: LOCAL REDISTRIBUTE dop: 16/1)", "Parent Relationship": "Outer", "Startup Cost": 0.0, "Total Cost": 51352.89, "Plan Rows": 192, "Plan Width": 4, "Plans": [{"Node Type": "Nested Loop", "Parent Relationship": "Outer", "Join Type": "Inner", "Startup Cost": 0.0, "Total Cost": 36344.91, "Plan Rows": 192, "Plan Width": 4, "Inner Unique": false, "Join Filter": "(it1.id = mi.info_type_id)", "Plans": [{"Node Type": "Seq Scan", "Parent Relationship": "Outer", "Relation Name": "info_type", "Alias": "it1", "Startup Cost": 0.0, "Total Cost": 2.4, "Plan Rows": 1, "Plan Width": 4, "Filter": "((info)::text = 'release dates'::text)"}, {"Node Type": "Materialize", "Parent Relationship": "Inner", "Startup Cost": 0.0, "Total Cost": 36208.32, "Plan Rows": 13419, "Plan Width": 8, "Plans": [{"Node Type": "Streaming(type: LOCAL GATHER dop: 1/16)", "Parent Relationship": "Outer", "Startup Cost": 0.0, "Total Cost": 36174.77, "Plan Rows": 13419, "Plan Width": 8, "Plans": [{"Node Type": "Seq Scan", "Parent Relationship": "Outer", "Relation Name": "movie_info", "Alias": "mi", "Startup Cost": 0.0, "Total Cost": 35885.16, "Plan Rows": 13419, "Plan Width": 8, "Filter": "((note)::text ~~ '%internet%'::text)"}]}]}]}]}]}]}]}]}]}]}]}]}]}, {"Node Type": "Materialize", "Parent Relationship": "Inner", "Startup Cost": 0.0, "Total Cost": 1.04, "Plan Rows": 3, "Plan Width": 4, "Plans": [{"Node Type": "Seq Scan", "Parent Relationship": "Outer", "Relation Name": "company_type", "Alias": "ct", "Startup Cost": 0.0, "Total Cost": 1.03, "Plan Rows": 3, "Plan Width": 4}]}]}]}, {"Node Type": "Sort", "Parent Relationship": "Inner", "Startup Cost": 13527.66, "Total Cost": 13863.08, "Plan Rows": 134169, "Plan Width": 4, "Sort Key": ["k.id"], "Plans": [{"Node Type": "Seq Scan", "Parent Relationship": "Outer", "Relation Name": "keyword", "Alias": "k", "Startup Cost": 0.0, "Total Cost": 2100.69, "Plan Rows": 134169, "Plan Width": 4}]}]}]}, {"Node Type": "Sort", "Parent Relationship": "Inner", "Startup Cost": 43264.85, "Total Cost": 44168.52, "Plan Rows": 361471, "Plan Width": 25, "Sort Key": ["at.movie_id"], "Plans": [{"Node Type": "Seq Scan", "Parent Relationship": "Outer", "Relation Name": "aka_title", "Alias": "at", "Startup Cost": 0.0, "Total Cost": 9894.71, "Plan Rows": 361471, "Plan Width": 25}]}]}]}, {"Node Type": "Sort", "Parent Relationship": "Inner", "Startup Cost": 12878.05, "Total Cost": 13090.97, "Plan Rows": 85170, "Plan Width": 4, "Sort Key": ["cn.id"], "Plans": [{"Node Type": "Seq Scan", "Parent Relationship": "Outer", "Relation Name": "company_name", "Alias": "cn", "Startup Cost": 0.0, "Total Cost": 5903.45, "Plan Rows": 85170, "Plan Width": 4, "Filter": "((country_code)::text = '[us]'::text)"}]}]}]}, "Unique SQL Id": 2302223328, "Planner Runtime": 97}, "explain_analyze_plan": null}, "(16, 27)": {"explain_plan": {"Plan": {"Node Type": "Aggregate", "Strategy": "Plain", "Startup Cost": 8989907587904.09, "Total Cost": 8989907587904.1, "Plan Rows": 1, "Plan Width": 102, "Plans": [{"Node Type": "Nested Loop", "Parent Relationship": "Outer", "Join Type": "Inner", "Startup Cost": 90000000000.0, "Total Cost": 8989907587868.88, "Plan Rows": 7042, "Plan Width": 38, "Inner Unique": false, "Join Filter": "(t.id = at.movie_id)", "Plans": [{"Node Type": "Nested Loop", "Parent Relationship": "Outer", "Join Type": "Inner", "Startup Cost": 80000000000.0, "Total Cost": 7989884591884.26, "Plan Rows": 3874, "Plan Width": 33, "Inner Unique": true, "Join Filter": "(mk.keyword_id = k.id)", "Plans": [{"Node Type": "Nested Loop", "Parent Relationship": "Outer", "Join Type": "Inner", "Startup Cost": 70000000000.0, "Total Cost": 6989876588909.75, "Plan Rows": 3874, "Plan Width": 37, "Inner Unique": true, "Join Filter": "(mc.company_id = cn.id)", "Plans": [{"Node Type": "Merge Join", "Parent Relationship": "Outer", "Join Type": "Inner", "Startup Cost": 60000000000.0, "Total Cost": 5989869656717.65, "Plan Rows": 4604, "Plan Width": 41, "Inner Unique": false, "Merge Cond": "(t.id = mk.movie_id)", "Plans": [{"Node Type": "Nested Loop", "Parent Relationship": "Outer", "Join Type": "Inner", "Startup Cost": 50000000000.0, "Total Cost": 4998566609910.17, "Plan Rows": 568, "Plan Width": 33, "Inner Unique": true, "Join Filter": "(mc.company_type_id = ct.id)", "Plans": [{"Node Type": "Nested Loop", "Parent Relationship": "Outer", "Join Type": "Inner", "Startup Cost": 40000000000.0, "Total Cost": 3998566609055.11, "Plan Rows": 568, "Plan Width": 37, "Inner Unique": true, "Join Filter": "(mi.info_type_id = it1.id)", "Plans": [{"Node Type": "Merge Join", "Parent Relationship": "Outer", "Join Type": "Inner", "Startup Cost": 30000000000.0, "Total Cost": 2998566607038.02, "Plan Rows": 39739, "Plan Width": 41, "Inner Unique": false, "Merge Cond": "(t.id = mc.movie_id)", "Plans": [{"Node Type": "Nested Loop", "Parent Relationship": "Outer", "Join Type": "Inner", "Startup Cost": 20000000000.0, "Total Cost": 2000471060864.73, "Plan Rows": 18591, "Plan Width": 29, "Inner Unique": false, "Join Filter": "(mi.movie_id = t.id)", "Plans": [{"Node Type": "Index Scan", "Parent Relationship": "Outer", "Scan Direction": "Forward", "Index Name": "title_pkey", "Relation Name": "title", "Alias": "t", "Startup Cost": 10000000000.0, "Total Cost": 1000011644126.66, "Plan Rows": 1748840, "Plan Width": 21, "Filter": "(production_year > 1990), (LLVM Optimized)"}, {"Node Type": "Materialize", "Parent Relationship": "Inner", "Startup Cost": 10000000000.0, "Total Cost": 1000107401512.21, "Plan Rows": 13419, "Plan Width": 8, "Plans": [{"Node Type": "Index Scan", "Parent Relationship": "Outer", "Scan Direction": "Forward", "Index Name": "info_type_id_movie_info", "Relation Name": "movie_info", "Alias": "mi", "Startup Cost": 10000000000.0, "Total Cost": 1000107401445.12, "Plan Rows": 13419, "Plan Width": 8, "Filter": "((note)::text ~~ '%internet%'::text)"}]}]}, {"Node Type": "Index Scan", "Parent Relationship": "Inner", "Scan Direction": "Forward", "Index Name": "movie_id_movie_companies", "Relation Name": "movie_companies", "Alias": "mc", "Startup Cost": 10000000000.0, "Total Cost": 1000013051946.13, "Plan Rows": 2609128, "Plan Width": 12}]}, {"Node Type": "Materialize", "Parent Relationship": "Inner", "Startup Cost": 10000000000.0, "Total Cost": 1000000001421.0, "Plan Rows": 1, "Plan Width": 4, "Plans": [{"Node Type": "Index Scan", "Parent Relationship": "Outer", "Scan Direction": "Forward", "Index Name": "info_type_pkey", "Relation Name": "info_type", "Alias": "it1", "Startup Cost": 10000000000.0, "Total Cost": 1000000001421.0, "Plan Rows": 1, "Plan Width": 4, "Filter": "((info)::text = 'release dates'::text)"}]}]}, {"Node Type": "Materialize", "Parent Relationship": "Inner", "Startup Cost": 10000000000.0, "Total Cost": 1000000000829.52, "Plan Rows": 3, "Plan Width": 4, "Plans": [{"Node Type": "Index Only Scan", "Parent Relationship": "Outer", "Scan Direction": "Forward", "Index Name": "company_type_pkey", "Relation Name": "company_type", "Alias": "ct", "Startup Cost": 10000000000.0, "Total Cost": 1000000000829.5, "Plan Rows": 3, "Plan Width": 4}]}]}, {"Node Type": "Index Scan", "Parent Relationship": "Inner", "Scan Direction": "Forward", "Index Name": "movie_id_movie_keyword", "Relation Name": "movie_keyword", "Alias": "mk", "Startup Cost": 10000000000.0, "Total Cost": 1000015300634.17, "Plan Rows": 4523929, "Plan Width": 8}]}, {"Node Type": "Materialize", "Parent Relationship": "Inner", "Startup Cost": 10000000000.0, "Total Cost": 1000001050564.82, "Plan Rows": 85170, "Plan Width": 4, "Plans": [{"Node Type": "Index Scan", "Parent Relationship": "Outer", "Scan Direction": "Forward", "Index Name": "company_name_pkey", "Relation Name": "company_name", "Alias": "cn", "Startup Cost": 10000000000.0, "Total Cost": 1000001050138.97, "Plan Rows": 85170, "Plan Width": 4, "Filter": "((country_code)::text = '[us]'::text)"}]}]}, {"Node Type": "Materialize", "Parent Relationship": "Inner", "Startup Cost": 10000000000.0, "Total Cost": 1000000206749.34, "Plan Rows": 134169, "Plan Width": 4, "Plans": [{"Node Type": "Index Only Scan", "Parent Relationship": "Outer", "Scan Direction": "Forward", "Index Name": "keyword_pkey", "Relation Name": "keyword", "Alias": "k", "Startup Cost": 10000000000.0, "Total Cost": 1000000206078.5, "Plan Rows": 134169, "Plan Width": 4}]}]}, {"Node Type": "Materialize", "Parent Relationship": "Inner", "Startup Cost": 10000000000.0, "Total Cost": 1000001991808.49, "Plan Rows": 361471, "Plan Width": 25, "Plans": [{"Node Type": "Index Scan", "Parent Relationship": "Outer", "Scan Direction": "Forward", "Index Name": "movie_id_aka_title", "Relation Name": "aka_title", "Alias": "at", "Startup Cost": 10000000000.0, "Total Cost": 1000001990001.13, "Plan Rows": 361471, "Plan Width": 25}]}]}]}, "Unique SQL Id": 2302223328, "Planner Runtime": 424}, "explain_analyze_plan": null}, "(16, 28)": {"explain_plan": {"Plan": {"Node Type": "Aggregate", "Strategy": "Plain", "Startup Cost": 39395.35, "Total Cost": 39395.36, "Plan Rows": 1, "Plan Width": 102, "Plans": [{"Node Type": "Nested Loop", "Parent Relationship": "Outer", "Join Type": "Inner", "Startup Cost": 0.0, "Total Cost": 39360.48, "Plan Rows": 6974, "Plan Width": 38, "Inner Unique": false, "Join Filter": "(t.id = at.movie_id)", "Plans": [{"Node Type": "Nested Loop", "Parent Relationship": "Outer", "Join Type": "Inner", "Startup Cost": 0.0, "Total Cost": 38561.86, "Plan Rows": 2257, "Plan Width": 33, "Inner Unique": true, "Plans": [{"Node Type": "Nested Loop", "Parent Relationship": "Outer", "Join Type": "Inner", "Startup Cost": 0.0, "Total Cost": 37928.36, "Plan Rows": 2257, "Plan Width": 37, "Inner Unique": false, "Join Filter": "(t.id = mk.movie_id)", "Plans": [{"Node Type": "Nested Loop", "Parent Relationship": "Outer", "Join Type": "Inner", "Startup Cost": 0.0, "Total Cost": 37772.01, "Plan Rows": 278, "Plan Width": 29, "Inner Unique": true, "Join Filter": "(mc.company_type_id = ct.id)", "Plans": [{"Node Type": "Nested Loop", "Parent Relationship": "Outer", "Join Type": "Inner", "Startup Cost": 0.0, "Total Cost": 37749.46, "Plan Rows": 478, "Plan Width": 33, "Inner Unique": true, "Plans": [{"Node Type": "Nested Loop", "Parent Relationship": "Outer", "Join Type": "Inner", "Startup Cost": 0.0, "Total Cost": 37586.07, "Plan Rows": 568, "Plan Width": 37, "Inner Unique": false, "Plans": [{"Node Type": "Nested Loop", "Parent Relationship": "Outer", "Join Type": "Inner", "Startup Cost": 0.0, "Total Cost": 37488.22, "Plan Rows": 266, "Plan Width": 25, "Inner Unique": true, "Plans": [{"Node Type": "Nested Loop", "Parent Relationship": "Outer", "Join Type": "Inner", "Startup Cost": 0.0, "Total Cost": 36344.91, "Plan Rows": 192, "Plan Width": 4, "Inner Unique": false, "Join Filter": "(it1.id = mi.info_type_id)", "Plans": [{"Node Type": "Seq Scan", "Parent Relationship": "Outer", "Relation Name": "info_type", "Alias": "it1", "Startup Cost": 0.0, "Total Cost": 2.4, "Plan Rows": 1, "Plan Width": 4, "Filter": "((info)::text = 'release dates'::text)"}, {"Node Type": "Materialize", "Parent Relationship": "Inner", "Startup Cost": 0.0, "Total Cost": 36208.32, "Plan Rows": 13419, "Plan Width": 8, "Plans": [{"Node Type": "Streaming(type: LOCAL GATHER dop: 1/16)", "Parent Relationship": "Outer", "Startup Cost": 0.0, "Total Cost": 36174.77, "Plan Rows": 13419, "Plan Width": 8, "Plans": [{"Node Type": "Seq Scan", "Parent Relationship": "Outer", "Relation Name": "movie_info", "Alias": "mi", "Startup Cost": 0.0, "Total Cost": 35885.16, "Plan Rows": 13419, "Plan Width": 8, "Filter": "((note)::text ~~ '%internet%'::text)"}]}]}]}, {"Node Type": "Index Scan", "Parent Relationship": "Inner", "Scan Direction": "Forward", "Index Name": "title_pkey", "Relation Name": "title", "Alias": "t", "Startup Cost": 0.0, "Total Cost": 5.94, "Plan Rows": 1, "Plan Width": 21, "Index Cond": "(id = mi.movie_id)", "Filter": "(production_year > 1990)"}]}, {"Node Type": "Index Scan", "Parent Relationship": "Inner", "Scan Direction": "Forward", "Index Name": "movie_id_movie_companies", "Relation Name": "movie_companies", "Alias": "mc", "Startup Cost": 0.0, "Total Cost": 0.35, "Plan Rows": 2, "Plan Width": 12, "Index Cond": "(movie_id = t.id)"}]}, {"Node Type": "Index Scan", "Parent Relationship": "Inner", "Scan Direction": "Forward", "Index Name": "company_name_pkey", "Relation Name": "company_name", "Alias": "cn", "Startup Cost": 0.0, "Total Cost": 0.28, "Plan Rows": 1, "Plan Width": 4, "Index Cond": "(id = mc.company_id)", "Filter": "((country_code)::text = '[us]'::text)"}]}, {"Node Type": "Materialize", "Parent Relationship": "Inner", "Startup Cost": 0.0, "Total Cost": 1.04, "Plan Rows": 3, "Plan Width": 4, "Plans": [{"Node Type": "Seq Scan", "Parent Relationship": "Outer", "Relation Name": "company_type", "Alias": "ct", "Startup Cost": 0.0, "Total Cost": 1.03, "Plan Rows": 3, "Plan Width": 4}]}]}, {"Node Type": "Index Scan", "Parent Relationship": "Inner", "Scan Direction": "Forward", "Index Name": "movie_id_movie_keyword", "Relation Name": "movie_keyword", "Alias": "mk", "Startup Cost": 0.0, "Total Cost": 0.46, "Plan Rows": 8, "Plan Width": 8, "Index Cond": "(movie_id = mc.movie_id)"}]}, {"Node Type": "Index Scan", "Parent Relationship": "Inner", "Scan Direction": "Forward", "Index Name": "keyword_pkey", "Relation Name": "keyword", "Alias": "k", "Startup Cost": 0.0, "Total Cost": 0.27, "Plan Rows": 1, "Plan Width": 4, "Index Cond": "(id = mk.keyword_id)"}]}, {"Node Type": "Index Scan", "Parent Relationship": "Inner", "Scan Direction": "Forward", "Index Name": "movie_id_aka_title", "Relation Name": "aka_title", "Alias": "at", "Startup Cost": 0.0, "Total Cost": 0.32, "Plan Rows": 3, "Plan Width": 25, "Index Cond": "(movie_id = mk.movie_id)"}]}]}, "Unique SQL Id": 2302223328, "Planner Runtime": 134}, "explain_analyze_plan": {"Plan": {"Node Type": "Aggregate", "Strategy": "Plain", "Startup Cost": 39395.35, "Total Cost": 39395.36, "Plan Rows": 1, "Plan Width": 102, "Actual Min Startup Time": 733.282, "Actual Max Startup Time": 733.282, "Actual Min Total Time": 733.282, "Actual Max Total Time": 733.282, "Plans": [{"Node Type": "Nested Loop", "Parent Relationship": "Outer", "Join Type": "Inner", "Startup Cost": 0.0, "Total Cost": 39360.48, "Plan Rows": 6974, "Plan Width": 38, "Actual Min Startup Time": 321.515, "Actual Max Startup Time": 321.515, "Actual Min Total Time": 730.548, "Actual Max Total Time": 730.548, "Inner Unique": false, "Join Filter": "(t.id = at.movie_id)", "Rows Removed by Join Filter": 0, "Plans": [{"Node Type": "Nested Loop", "Parent Relationship": "Outer", "Join Type": "Inner", "Startup Cost": 0.0, "Total Cost": 38561.86, "Plan Rows": 2257, "Plan Width": 33, "Actual Min Startup Time": 319.039, "Actual Max Startup Time": 319.039, "Actual Min Total Time": 685.49, "Actual Max Total Time": 685.49, "Inner Unique": true, "Plans": [{"Node Type": "Nested Loop", "Parent Relationship": "Outer", "Join Type": "Inner", "Startup Cost": 0.0, "Total Cost": 37928.36, "Plan Rows": 2257, "Plan Width": 37, "Actual Min Startup Time": 319.012, "Actual Max Startup Time": 319.012, "Actual Min Total Time": 621.129, "Actual Max Total Time": 621.129, "Inner Unique": false, "Join Filter": "(t.id = mk.movie_id)", "Rows Removed by Join Filter": 0, "Plans": [{"Node Type": "Nested Loop", "Parent Relationship": "Outer", "Join Type": "Inner", "Startup Cost": 0.0, "Total Cost": 37772.01, "Plan Rows": 278, "Plan Width": 29, "Actual Min Startup Time": 318.981, "Actual Max Startup Time": 318.981, "Actual Min Total Time": 573.216, "Actual Max Total Time": 573.216, "Inner Unique": true, "Join Filter": "(mc.company_type_id = ct.id)", "Rows Removed by Join Filter": 11829, "Plans": [{"Node Type": "Nested Loop", "Parent Relationship": "Outer", "Join Type": "Inner", "Startup Cost": 0.0, "Total Cost": 37749.46, "Plan Rows": 478, "Plan Width": 33, "Actual Min Startup Time": 318.942, "Actual Max Startup Time": 318.942, "Actual Min Total Time": 564.538, "Actual Max Total Time": 564.538, "Inner Unique": true, "Plans": [{"Node Type": "Nested Loop", "Parent Relationship": "Outer", "Join Type": "Inner", "Startup Cost": 0.0, "Total Cost": 37586.07, "Plan Rows": 568, "Plan Width": 37, "Actual Min Startup Time": 318.911, "Actual Max Startup Time": 318.911, "Actual Min Total Time": 485.696, "Actual Max Total Time": 485.696, "Inner Unique": false, "Plans": [{"Node Type": "Nested Loop", "Parent Relationship": "Outer", "Join Type": "Inner", "Startup Cost": 0.0, "Total Cost": 37488.22, "Plan Rows": 266, "Plan Width": 25, "Actual Min Startup Time": 318.885, "Actual Max Startup Time": 318.885, "Actual Min Total Time": 404.899, "Actual Max Total Time": 404.899, "Inner Unique": true, "Plans": [{"Node Type": "Nested Loop", "Parent Relationship": "Outer", "Join Type": "Inner", "Startup Cost": 0.0, "Total Cost": 36344.91, "Plan Rows": 192, "Plan Width": 4, "Actual Min Startup Time": 318.837, "Actual Max Startup Time": 318.837, "Actual Min Total Time": 325.62, "Actual Max Total Time": 325.62, "Inner Unique": false, "Join Filter": "(it1.id = mi.info_type_id)", "Rows Removed by Join Filter": 131, "Plans": [{"Node Type": "Seq Scan", "Parent Relationship": "Outer", "Relation Name": "info_type", "Alias": "it1", "Startup Cost": 0.0, "Total Cost": 2.4, "Plan Rows": 1, "Plan Width": 4, "Actual Min Startup Time": 0.077, "Actual Max Startup Time": 0.077, "Actual Min Total Time": 0.123, "Actual Max Total Time": 0.123, "Filter": "((info)::text = 'release dates'::text)", "Rows Removed by Filter": 111, "Actual Rows": 1}, {"Node Type": "Materialize", "Parent Relationship": "Inner", "Startup Cost": 0.0, "Total Cost": 36208.32, "Plan Rows": 13419, "Plan Width": 8, "Actual Min Startup Time": 318.729, "Actual Max Startup Time": 318.729, "Actual Min Total Time": 320.752, "Actual Max Total Time": 320.752, "Plans": [{"Node Type": "Streaming(type: LOCAL GATHER dop: 1/16)", "Parent Relationship": "Outer", "Startup Cost": 0.0, "Total Cost": 36174.77, "Plan Rows": 13419, "Plan Width": 8, "Actual Min Startup Time": 109.182, "Actual Max Startup Time": 109.182, "Actual Min Total Time": 316.705, "Actual Max Total Time": 316.705, "Plans": [{"Node Type": "Seq Scan", "Parent Relationship": "Outer", "Relation Name": "movie_info", "Alias": "mi", "Startup Cost": 0.0, "Total Cost": 35885.16, "Plan Rows": 13419, "Plan Width": 8, "Actual Min Startup Time": 7.315, "Actual Max Startup Time": 78.157, "Actual Min Total Time": 272.884, "Actual Max Total Time": 282.677, "Filter": "((note)::text ~~ '%internet%'::text)", "Rows Removed by Filter": 14824909, "Actual Rows": 10810}], "Actual Rows": 10810}], "Actual Rows": 10811}], "Actual Rows": 10679}, {"Node Type": "Index Scan", "Parent Relationship": "Inner", "Scan Direction": "Forward", "Index Name": "title_pkey", "Relation Name": "title", "Alias": "t", "Startup Cost": 0.0, "Total Cost": 5.94, "Plan Rows": 1, "Plan Width": 21, "Actual Min Startup Time": 70.202, "Actual Max Startup Time": 70.202, "Actual Min Total Time": 70.202, "Actual Max Total Time": 70.202, "Index Cond": "(id = mi.movie_id)", "Rows Removed by Index Recheck": 0, "Filter": "(production_year > 1990)", "Rows Removed by Filter": 17, "Actual Rows": 10662}], "Actual Rows": 10662}, {"Node Type": "Index Scan", "Parent Relationship": "Inner", "Scan Direction": "Forward", "Index Name": "movie_id_movie_companies", "Relation Name": "movie_companies", "Alias": "mc", "Startup Cost": 0.0, "Total Cost": 0.35, "Plan Rows": 2, "Plan Width": 12, "Actual Min Startup Time": 59.04, "Actual Max Startup Time": 59.04, "Actual Min Total Time": 71.442, "Actual Max Total Time": 71.442, "Index Cond": "(movie_id = t.id)", "Rows Removed by Index Recheck": 0, "Actual Rows": 14377}], "Actual Rows": 14377}, {"Node Type": "Index Scan", "Parent Relationship": "Inner", "Scan Direction": "Forward", "Index Name": "company_name_pkey", "Relation Name": "company_name", "Alias": "cn", "Startup Cost": 0.0, "Total Cost": 0.28, "Plan Rows": 1, "Plan Width": 4, "Actual Min Startup Time": 67.823, "Actual Max Startup Time": 67.823, "Actual Min Total Time": 67.823, "Actual Max Total Time": 67.823, "Index Cond": "(id = mc.company_id)", "Rows Removed by Index Recheck": 0, "Filter": "((country_code)::text = '[us]'::text)", "Rows Removed by Filter": 4520, "Actual Rows": 9857}], "Actual Rows": 9857}, {"Node Type": "Materialize", "Parent Relationship": "Inner", "Startup Cost": 0.0, "Total Cost": 1.04, "Plan Rows": 3, "Plan Width": 4, "Actual Min Startup Time": 1.111, "Actual Max Startup Time": 1.111, "Actual Min Total Time": 2.132, "Actual Max Total Time": 2.132, "Plans": [{"Node Type": "Seq Scan", "Parent Relationship": "Outer", "Relation Name": "company_type", "Alias": "ct", "Startup Cost": 0.0, "Total Cost": 1.03, "Plan Rows": 3, "Plan Width": 4, "Actual Min Startup Time": 0.009, "Actual Max Startup Time": 0.009, "Actual Min Total Time": 0.011, "Actual Max Total Time": 0.011, "Actual Rows": 3}], "Actual Rows": 17743}], "Actual Rows": 5914}, {"Node Type": "Index Scan", "Parent Relationship": "Inner", "Scan Direction": "Forward", "Index Name": "movie_id_movie_keyword", "Relation Name": "movie_keyword", "Alias": "mk", "Startup Cost": 0.0, "Total Cost": 0.46, "Plan Rows": 8, "Plan Width": 8, "Actual Min Startup Time": 31.828, "Actual Max Startup Time": 31.828, "Actual Min Total Time": 38.328, "Actual Max Total Time": 38.328, "Index Cond": "(movie_id = mc.movie_id)", "Rows Removed by Index Recheck": 0, "Actual Rows": 14161}], "Actual Rows": 14161}, {"Node Type": "Index Scan", "Parent Relationship": "Inner", "Scan Direction": "Forward", "Index Name": "keyword_pkey", "Relation Name": "keyword", "Alias": "k", "Startup Cost": 0.0, "Total Cost": 0.27, "Plan Rows": 1, "Plan Width": 4, "Actual Min Startup Time": 52.522, "Actual Max Startup Time": 52.522, "Actual Min Total Time": 52.522, "Actual Max Total Time": 52.522, "Index Cond": "(id = mk.keyword_id)", "Rows Removed by Index Recheck": 0, "Actual Rows": 14161}], "Actual Rows": 14161}, {"Node Type": "Index Scan", "Parent Relationship": "Inner", "Scan Direction": "Forward", "Index Name": "movie_id_aka_title", "Relation Name": "aka_title", "Alias": "at", "Startup Cost": 0.0, "Total Cost": 0.32, "Plan Rows": 3, "Plan Width": 25, "Actual Min Startup Time": 33.65, "Actual Max Startup Time": 33.65, "Actual Min Total Time": 35.986, "Actual Max Total Time": 35.986, "Index Cond": "(movie_id = mk.movie_id)", "Rows Removed by Index Recheck": 0, "Actual Rows": 4371}], "Actual Rows": 4371}], "Actual Rows": 1}, "Triggers": [], "Planner Runtime": 134, "Total Runtime": 737.116, "Unique SQL Id": 2302223328}}, "(16, 29)": {"explain_plan": {"Plan": {"Node Type": "Aggregate", "Strategy": "Plain", "Startup Cost": 498761.35, "Total Cost": 498761.36, "Plan Rows": 1, "Plan Width": 102, "Plans": [{"Node Type": "Nested Loop", "Parent Relationship": "Outer", "Join Type": "Inner", "Startup Cost": 0.0, "Total Cost": 498726.48, "Plan Rows": 6974, "Plan Width": 38, "Inner Unique": false, "Join Filter": "(t.id = at.movie_id)", "Plans": [{"Node Type": "Nested Loop", "Parent Relationship": "Outer", "Join Type": "Inner", "Startup Cost": 0.0, "Total Cost": 497927.86, "Plan Rows": 2257, "Plan Width": 33, "Inner Unique": true, "Plans": [{"Node Type": "Nested Loop", "Parent Relationship": "Outer", "Join Type": "Inner", "Startup Cost": 0.0, "Total Cost": 497294.36, "Plan Rows": 2257, "Plan Width": 37, "Inner Unique": false, "Join Filter": "(t.id = mk.movie_id)", "Plans": [{"Node Type": "Nested Loop", "Parent Relationship": "Outer", "Join Type": "Inner", "Startup Cost": 0.0, "Total Cost": 497138.02, "Plan Rows": 278, "Plan Width": 29, "Inner Unique": true, "Join Filter": "(mc.company_type_id = ct.id)", "Plans": [{"Node Type": "Nested Loop", "Parent Relationship": "Outer", "Join Type": "Inner", "Startup Cost": 0.0, "Total Cost": 497104.2, "Plan Rows": 478, "Plan Width": 33, "Inner Unique": true, "Plans": [{"Node Type": "Nested Loop", "Parent Relationship": "Outer", "Join Type": "Inner", "Startup Cost": 0.0, "Total Cost": 496940.81, "Plan Rows": 568, "Plan Width": 37, "Inner Unique": false, "Plans": [{"Node Type": "Nested Loop", "Parent Relationship": "Outer", "Join Type": "Inner", "Startup Cost": 0.0, "Total Cost": 496842.96, "Plan Rows": 266, "Plan Width": 25, "Inner Unique": true, "Plans": [{"Node Type": "Nested Loop", "Parent Relationship": "Outer", "Join Type": "Inner", "Startup Cost": 0.0, "Total Cost": 495699.65, "Plan Rows": 192, "Plan Width": 4, "Inner Unique": false, "Plans": [{"Node Type": "Index Scan", "Parent Relationship": "Outer", "Scan Direction": "Forward", "Index Name": "info_type_pkey", "Relation Name": "info_type", "Alias": "it1", "Startup Cost": 0.0, "Total Cost": 14.21, "Plan Rows": 1, "Plan Width": 4, "Filter": "((info)::text = 'release dates'::text)"}, {"Node Type": "Index Scan", "Parent Relationship": "Inner", "Scan Direction": "Forward", "Index Name": "info_type_id_movie_info", "Relation Name": "movie_info", "Alias": "mi", "Startup Cost": 0.0, "Total Cost": 495683.52, "Plan Rows": 192, "Plan Width": 8, "Index Cond": "(info_type_id = it1.id)", "Filter": "((note)::text ~~ '%internet%'::text)"}]}, {"Node Type": "Index Scan", "Parent Relationship": "Inner", "Scan Direction": "Forward", "Index Name": "title_pkey", "Relation Name": "title", "Alias": "t", "Startup Cost": 0.0, "Total Cost": 5.94, "Plan Rows": 1, "Plan Width": 21, "Index Cond": "(id = mi.movie_id)", "Filter": "(production_year > 1990)"}]}, {"Node Type": "Index Scan", "Parent Relationship": "Inner", "Scan Direction": "Forward", "Index Name": "movie_id_movie_companies", "Relation Name": "movie_companies", "Alias": "mc", "Startup Cost": 0.0, "Total Cost": 0.35, "Plan Rows": 2, "Plan Width": 12, "Index Cond": "(movie_id = t.id)"}]}, {"Node Type": "Index Scan", "Parent Relationship": "Inner", "Scan Direction": "Forward", "Index Name": "company_name_pkey", "Relation Name": "company_name", "Alias": "cn", "Startup Cost": 0.0, "Total Cost": 0.28, "Plan Rows": 1, "Plan Width": 4, "Index Cond": "(id = mc.company_id)", "Filter": "((country_code)::text = '[us]'::text)"}]}, {"Node Type": "Materialize", "Parent Relationship": "Inner", "Startup Cost": 0.0, "Total Cost": 12.31, "Plan Rows": 3, "Plan Width": 4, "Plans": [{"Node Type": "Index Scan", "Parent Relationship": "Outer", "Scan Direction": "Forward", "Index Name": "company_type_pkey", "Relation Name": "company_type", "Alias": "ct", "Startup Cost": 0.0, "Total Cost": 12.29, "Plan Rows": 3, "Plan Width": 4}]}]}, {"Node Type": "Index Scan", "Parent Relationship": "Inner", "Scan Direction": "Forward", "Index Name": "movie_id_movie_keyword", "Relation Name": "movie_keyword", "Alias": "mk", "Startup Cost": 0.0, "Total Cost": 0.46, "Plan Rows": 8, "Plan Width": 8, "Index Cond": "(movie_id = mc.movie_id)"}]}, {"Node Type": "Index Scan", "Parent Relationship": "Inner", "Scan Direction": "Forward", "Index Name": "keyword_pkey", "Relation Name": "keyword", "Alias": "k", "Startup Cost": 0.0, "Total Cost": 0.27, "Plan Rows": 1, "Plan Width": 4, "Index Cond": "(id = mk.keyword_id)"}]}, {"Node Type": "Index Scan", "Parent Relationship": "Inner", "Scan Direction": "Forward", "Index Name": "movie_id_aka_title", "Relation Name": "aka_title", "Alias": "at", "Startup Cost": 0.0, "Total Cost": 0.32, "Plan Rows": 3, "Plan Width": 25, "Index Cond": "(movie_id = mk.movie_id)"}]}]}, "Unique SQL Id": 2302223328, "Planner Runtime": 131}, "explain_analyze_plan": null}, "(16, 30)": {"explain_plan": {"Plan": {"Node Type": "Aggregate", "Strategy": "Plain", "Startup Cost": 501071.09, "Total Cost": 501071.1, "Plan Rows": 1, "Plan Width": 102, "Plans": [{"Node Type": "Merge Join", "Parent Relationship": "Outer", "Join Type": "Inner", "Startup Cost": 500494.98, "Total Cost": 501035.88, "Plan Rows": 7042, "Plan Width": 38, "Inner Unique": true, "Merge Cond": "(mc.company_id = cn.id)", "Plans": [{"Node Type": "Sort", "Parent Relationship": "Outer", "Startup Cost": 487615.4, "Total Cost": 487644.8, "Plan Rows": 11758, "Plan Width": 42, "Sort Key": ["mc.company_id"], "Plans": [{"Node Type": "Merge Join", "Parent Relationship": "Outer", "Join Type": "Inner", "Startup Cost": 484977.26, "Total Cost": 486820.48, "Plan Rows": 11758, "Plan Width": 42, "Inner Unique": false, "Merge Cond": "(t.id = at.movie_id)", "Plans": [{"Node Type": "Sort", "Parent Relationship": "Outer", "Startup Cost": 441712.11, "Total Cost": 441723.62, "Plan Rows": 4604, "Plan Width": 37, "Sort Key": ["mc.movie_id"], "Plans": [{"Node Type": "Merge Join", "Parent Relationship": "Outer", "Join Type": "Inner", "Startup Cost": 440693.33, "Total Cost": 441431.98, "Plan Rows": 4604, "Plan Width": 37, "Inner Unique": true, "Merge Cond": "(mk.keyword_id = k.id)", "Plans": [{"Node Type": "Sort", "Parent Relationship": "Outer", "Startup Cost": 427165.68, "Total Cost": 427177.19, "Plan Rows": 4604, "Plan Width": 41, "Sort Key": ["mk.keyword_id"], "Plans": [{"Node Type": "Nested Loop", "Parent Relationship": "Outer", "Join Type": "Inner", "Startup Cost": 0.0, "Total Cost": 426885.55, "Plan Rows": 4604, "Plan Width": 41, "Inner Unique": true, "Join Filter": "(mc.company_type_id = ct.id)", "Plans": [{"Node Type": "Streaming(type: LOCAL GATHER dop: 1/16)", "Parent Relationship": "Outer", "Startup Cost": 0.0, "Total Cost": 426677.33, "Plan Rows": 4604, "Plan Width": 45, "Plans": [{"Node Type": "Nested Loop", "Parent Relationship": "Outer", "Join Type": "Inner", "Startup Cost": 0.0, "Total Cost": 426577.97, "Plan Rows": 4604, "Plan Width": 45, "Inner Unique": false, "Join Filter": "(t.id = mk.movie_id)", "Plans": [{"Node Type": "Streaming(type: LOCAL REDISTRIBUTE dop: 16/16)", "Parent Relationship": "Outer", "Startup Cost": 0.0, "Total Cost": 51044.03, "Plan Rows": 4523929, "Plan Width": 8, "Plans": [{"Node Type": "Seq Scan", "Parent Relationship": "Outer", "Relation Name": "movie_keyword", "Alias": "mk", "Startup Cost": 0.0, "Total Cost": 18902.58, "Plan Rows": 4523929, "Plan Width": 8}]}, {"Node Type": "Materialize", "Parent Relationship": "Inner", "Startup Cost": 0.0, "Total Cost": 224972.02, "Plan Rows": 568, "Plan Width": 37, "Plans": [{"Node Type": "Streaming(type: LOCAL REDISTRIBUTE dop: 16/16)", "Parent Relationship": "Outer", "Startup Cost": 0.0, "Total Cost": 224971.84, "Plan Rows": 568, "Plan Width": 37, "Plans": [{"Node Type": "Nested Loop", "Parent Relationship": "Outer", "Join Type": "Inner", "Startup Cost": 0.0, "Total Cost": 209969.69, "Plan Rows": 568, "Plan Width": 37, "Inner Unique": false, "Join Filter": "(t.id = mc.movie_id)", "Plans": [{"Node Type": "Streaming(type: LOCAL REDISTRIBUTE dop: 16/16)", "Parent Relationship": "Outer", "Startup Cost": 0.0, "Total Cost": 42499.73, "Plan Rows": 2609128, "Plan Width": 12, "Plans": [{"Node Type": "Seq Scan", "Parent Relationship": "Outer", "Relation Name": "movie_companies", "Alias": "mc", "Startup Cost": 0.0, "Total Cost": 17613.58, "Plan Rows": 2609128, "Plan Width": 12}]}, {"Node Type": "Materialize", "Parent Relationship": "Inner", "Startup Cost": 0.0, "Total Cost": 126804.29, "Plan Rows": 266, "Plan Width": 25, "Plans": [{"Node Type": "Streaming(type: LOCAL REDISTRIBUTE dop: 16/16)", "Parent Relationship": "Outer", "Startup Cost": 0.0, "Total Cost": 126804.21, "Plan Rows": 266, "Plan Width": 25, "Plans": [{"Node Type": "Nested Loop", "Parent Relationship": "Outer", "Join Type": "Inner", "Startup Cost": 0.0, "Total Cost": 111803.2, "Plan Rows": 266, "Plan Width": 25, "Inner Unique": false, "Join Filter": "(mi.movie_id = t.id)", "Plans": [{"Node Type": "Streaming(type: LOCAL REDISTRIBUTE dop: 16/16)", "Parent Relationship": "Outer", "Startup Cost": 0.0, "Total Cost": 40775.83, "Plan Rows": 1748840, "Plan Width": 21, "Plans": [{"Node Type": "Seq Scan", "Parent Relationship": "Outer", "Relation Name": "title", "Alias": "t", "Startup Cost": 0.0, "Total Cost": 19149.37, "Plan Rows": 1748840, "Plan Width": 21, "Filter": "(production_year > 1990), (LLVM Optimized)"}]}, {"Node Type": "Materialize", "Parent Relationship": "Inner", "Startup Cost": 0.0, "Total Cost": 51352.95, "Plan Rows": 192, "Plan Width": 4, "Plans": [{"Node Type": "Streaming(type: LOCAL REDISTRIBUTE dop: 16/1)", "Parent Relationship": "Outer", "Startup Cost": 0.0, "Total Cost": 51352.89, "Plan Rows": 192, "Plan Width": 4, "Plans": [{"Node Type": "Nested Loop", "Parent Relationship": "Outer", "Join Type": "Inner", "Startup Cost": 0.0, "Total Cost": 36344.91, "Plan Rows": 192, "Plan Width": 4, "Inner Unique": false, "Join Filter": "(it1.id = mi.info_type_id)", "Plans": [{"Node Type": "Seq Scan", "Parent Relationship": "Outer", "Relation Name": "info_type", "Alias": "it1", "Startup Cost": 0.0, "Total Cost": 2.4, "Plan Rows": 1, "Plan Width": 4, "Filter": "((info)::text = 'release dates'::text)"}, {"Node Type": "Materialize", "Parent Relationship": "Inner", "Startup Cost": 0.0, "Total Cost": 36208.32, "Plan Rows": 13419, "Plan Width": 8, "Plans": [{"Node Type": "Streaming(type: LOCAL GATHER dop: 1/16)", "Parent Relationship": "Outer", "Startup Cost": 0.0, "Total Cost": 36174.77, "Plan Rows": 13419, "Plan Width": 8, "Plans": [{"Node Type": "Seq Scan", "Parent Relationship": "Outer", "Relation Name": "movie_info", "Alias": "mi", "Startup Cost": 0.0, "Total Cost": 35885.16, "Plan Rows": 13419, "Plan Width": 8, "Filter": "((note)::text ~~ '%internet%'::text)"}]}]}]}]}]}]}]}]}]}]}]}]}]}, {"Node Type": "Materialize", "Parent Relationship": "Inner", "Startup Cost": 0.0, "Total Cost": 1.04, "Plan Rows": 3, "Plan Width": 4, "Plans": [{"Node Type": "Seq Scan", "Parent Relationship": "Outer", "Relation Name": "company_type", "Alias": "ct", "Startup Cost": 0.0, "Total Cost": 1.03, "Plan Rows": 3, "Plan Width": 4}]}]}]}, {"Node Type": "Sort", "Parent Relationship": "Inner", "Startup Cost": 13527.66, "Total Cost": 13863.08, "Plan Rows": 134169, "Plan Width": 4, "Sort Key": ["k.id"], "Plans": [{"Node Type": "Seq Scan", "Parent Relationship": "Outer", "Relation Name": "keyword", "Alias": "k", "Startup Cost": 0.0, "Total Cost": 2100.69, "Plan Rows": 134169, "Plan Width": 4}]}]}]}, {"Node Type": "Sort", "Parent Relationship": "Inner", "Startup Cost": 43264.85, "Total Cost": 44168.52, "Plan Rows": 361471, "Plan Width": 25, "Sort Key": ["at.movie_id"], "Plans": [{"Node Type": "Seq Scan", "Parent Relationship": "Outer", "Relation Name": "aka_title", "Alias": "at", "Startup Cost": 0.0, "Total Cost": 9894.71, "Plan Rows": 361471, "Plan Width": 25}]}]}]}, {"Node Type": "Sort", "Parent Relationship": "Inner", "Startup Cost": 12878.05, "Total Cost": 13090.97, "Plan Rows": 85170, "Plan Width": 4, "Sort Key": ["cn.id"], "Plans": [{"Node Type": "Seq Scan", "Parent Relationship": "Outer", "Relation Name": "company_name", "Alias": "cn", "Startup Cost": 0.0, "Total Cost": 5903.45, "Plan Rows": 85170, "Plan Width": 4, "Filter": "((country_code)::text = '[us]'::text)"}]}]}]}, "Unique SQL Id": 2302223328, "Planner Runtime": 100}, "explain_analyze_plan": null}, "(16, 31)": {"explain_plan": {"Plan": {"Node Type": "Aggregate", "Strategy": "Plain", "Startup Cost": 8989907666954.32, "Total Cost": 8989907666954.33, "Plan Rows": 1, "Plan Width": 102, "Plans": [{"Node Type": "Nested Loop", "Parent Relationship": "Outer", "Join Type": "Inner", "Startup Cost": 90000000000.0, "Total Cost": 8989907666919.11, "Plan Rows": 7042, "Plan Width": 38, "Inner Unique": false, "Join Filter": "(t.id = at.movie_id)", "Plans": [{"Node Type": "Nested Loop", "Parent Relationship": "Outer", "Join Type": "Inner", "Startup Cost": 80000000000.0, "Total Cost": 7989884670934.49, "Plan Rows": 3874, "Plan Width": 33, "Inner Unique": true, "Join Filter": "(mk.keyword_id = k.id)", "Plans": [{"Node Type": "Nested Loop", "Parent Relationship": "Outer", "Join Type": "Inner", "Startup Cost": 70000000000.0, "Total Cost": 6989876589309.04, "Plan Rows": 3874, "Plan Width": 37, "Inner Unique": true, "Join Filter": "(mc.company_id = cn.id)", "Plans": [{"Node Type": "Merge Join", "Parent Relationship": "Outer", "Join Type": "Inner", "Startup Cost": 60000000000.0, "Total Cost": 5989869657116.95, "Plan Rows": 4604, "Plan Width": 41, "Inner Unique": false, "Merge Cond": "(t.id = mk.movie_id)", "Plans": [{"Node Type": "Nested Loop", "Parent Relationship": "Outer", "Join Type": "Inner", "Startup Cost": 50000000000.0, "Total Cost": 4998566610310.17, "Plan Rows": 568, "Plan Width": 33, "Inner Unique": true, "Join Filter": "(mc.company_type_id = ct.id)", "Plans": [{"Node Type": "Nested Loop", "Parent Relationship": "Outer", "Join Type": "Inner", "Startup Cost": 40000000000.0, "Total Cost": 3998566609055.11, "Plan Rows": 568, "Plan Width": 37, "Inner Unique": true, "Join Filter": "(mi.info_type_id = it1.id)", "Plans": [{"Node Type": "Merge Join", "Parent Relationship": "Outer", "Join Type": "Inner", "Startup Cost": 30000000000.0, "Total Cost": 2998566607038.02, "Plan Rows": 39739, "Plan Width": 41, "Inner Unique": false, "Merge Cond": "(t.id = mc.movie_id)", "Plans": [{"Node Type": "Nested Loop", "Parent Relationship": "Outer", "Join Type": "Inner", "Startup Cost": 20000000000.0, "Total Cost": 2000471060864.73, "Plan Rows": 18591, "Plan Width": 29, "Inner Unique": false, "Join Filter": "(mi.movie_id = t.id)", "Plans": [{"Node Type": "Index Scan", "Parent Relationship": "Outer", "Scan Direction": "Forward", "Index Name": "title_pkey", "Relation Name": "title", "Alias": "t", "Startup Cost": 10000000000.0, "Total Cost": 1000011644126.66, "Plan Rows": 1748840, "Plan Width": 21, "Filter": "(production_year > 1990), (LLVM Optimized)"}, {"Node Type": "Materialize", "Parent Relationship": "Inner", "Startup Cost": 10000000000.0, "Total Cost": 1000107401512.21, "Plan Rows": 13419, "Plan Width": 8, "Plans": [{"Node Type": "Index Scan", "Parent Relationship": "Outer", "Scan Direction": "Forward", "Index Name": "info_type_id_movie_info", "Relation Name": "movie_info", "Alias": "mi", "Startup Cost": 10000000000.0, "Total Cost": 1000107401445.12, "Plan Rows": 13419, "Plan Width": 8, "Filter": "((note)::text ~~ '%internet%'::text)"}]}]}, {"Node Type": "Index Scan", "Parent Relationship": "Inner", "Scan Direction": "Forward", "Index Name": "movie_id_movie_companies", "Relation Name": "movie_companies", "Alias": "mc", "Startup Cost": 10000000000.0, "Total Cost": 1000013051946.13, "Plan Rows": 2609128, "Plan Width": 12}]}, {"Node Type": "Materialize", "Parent Relationship": "Inner", "Startup Cost": 10000000000.0, "Total Cost": 1000000001421.0, "Plan Rows": 1, "Plan Width": 4, "Plans": [{"Node Type": "Index Scan", "Parent Relationship": "Outer", "Scan Direction": "Forward", "Index Name": "info_type_pkey", "Relation Name": "info_type", "Alias": "it1", "Startup Cost": 10000000000.0, "Total Cost": 1000000001421.0, "Plan Rows": 1, "Plan Width": 4, "Filter": "((info)::text = 'release dates'::text)"}]}]}, {"Node Type": "Materialize", "Parent Relationship": "Inner", "Startup Cost": 10000000000.0, "Total Cost": 1000000001229.52, "Plan Rows": 3, "Plan Width": 4, "Plans": [{"Node Type": "Index Scan", "Parent Relationship": "Outer", "Scan Direction": "Forward", "Index Name": "company_type_pkey", "Relation Name": "company_type", "Alias": "ct", "Startup Cost": 10000000000.0, "Total Cost": 1000000001229.5, "Plan Rows": 3, "Plan Width": 4}]}]}, {"Node Type": "Index Scan", "Parent Relationship": "Inner", "Scan Direction": "Forward", "Index Name": "movie_id_movie_keyword", "Relation Name": "movie_keyword", "Alias": "mk", "Startup Cost": 10000000000.0, "Total Cost": 1000015300634.17, "Plan Rows": 4523929, "Plan Width": 8}]}, {"Node Type": "Materialize", "Parent Relationship": "Inner", "Startup Cost": 10000000000.0, "Total Cost": 1000001050564.82, "Plan Rows": 85170, "Plan Width": 4, "Plans": [{"Node Type": "Index Scan", "Parent Relationship": "Outer", "Scan Direction": "Forward", "Index Name": "company_name_pkey", "Relation Name": "company_name", "Alias": "cn", "Startup Cost": 10000000000.0, "Total Cost": 1000001050138.97, "Plan Rows": 85170, "Plan Width": 4, "Filter": "((country_code)::text = '[us]'::text)"}]}]}, {"Node Type": "Materialize", "Parent Relationship": "Inner", "Startup Cost": 10000000000.0, "Total Cost": 1000000285400.28, "Plan Rows": 134169, "Plan Width": 4, "Plans": [{"Node Type": "Index Scan", "Parent Relationship": "Outer", "Scan Direction": "Forward", "Index Name": "keyword_pkey", "Relation Name": "keyword", "Alias": "k", "Startup Cost": 10000000000.0, "Total Cost": 1000000284729.43, "Plan Rows": 134169, "Plan Width": 4}]}]}, {"Node Type": "Materialize", "Parent Relationship": "Inner", "Startup Cost": 10000000000.0, "Total Cost": 1000001991808.49, "Plan Rows": 361471, "Plan Width": 25, "Plans": [{"Node Type": "Index Scan", "Parent Relationship": "Outer", "Scan Direction": "Forward", "Index Name": "movie_id_aka_title", "Relation Name": "aka_title", "Alias": "at", "Startup Cost": 10000000000.0, "Total Cost": 1000001990001.13, "Plan Rows": 361471, "Plan Width": 25}]}]}]}, "Unique SQL Id": 2302223328, "Planner Runtime": 425}, "explain_analyze_plan": null}, "(16, 32)": {"explain_plan": {"Plan": {"Node Type": "Aggregate", "Strategy": "Plain", "Startup Cost": 40161.11, "Total Cost": 40161.12, "Plan Rows": 1, "Plan Width": 102, "Plans": [{"Node Type": "Nested Loop", "Parent Relationship": "Outer", "Join Type": "Inner", "Startup Cost": 0.0, "Total Cost": 40126.58, "Plan Rows": 6905, "Plan Width": 38, "Inner Unique": true, "Plans": [{"Node Type": "Nested Loop", "Parent Relationship": "Outer", "Join Type": "Inner", "Startup Cost": 0.0, "Total Cost": 38154.75, "Plan Rows": 7042, "Plan Width": 42, "Inner Unique": false, "Join Filter": "(t.id = mk.movie_id)", "Plans": [{"Node Type": "Nested Loop", "Parent Relationship": "Outer", "Join Type": "Inner", "Startup Cost": 0.0, "Total Cost": 37663.77, "Plan Rows": 873, "Plan Width": 54, "Inner Unique": true, "Join Filter": "(at.movie_id = t.id)", "Plans": [{"Node Type": "Nested Loop", "Parent Relationship": "Outer", "Join Type": "Inner", "Startup Cost": 0.0, "Total Cost": 37441.69, "Plan Rows": 630, "Plan Width": 33, "Inner Unique": true, "Join Filter": "(mc.company_type_id = ct.id)", "Plans": [{"Node Type": "Nested Loop", "Parent Relationship": "Outer", "Join Type": "Inner", "Startup Cost": 0.0, "Total Cost": 37412.3, "Plan Rows": 630, "Plan Width": 37, "Inner Unique": true, "Plans": [{"Node Type": "Nested Loop", "Parent Relationship": "Outer", "Join Type": "Inner", "Startup Cost": 0.0, "Total Cost": 37109.68, "Plan Rows": 1052, "Plan Width": 41, "Inner Unique": false, "Plans": [{"Node Type": "Nested Loop", "Parent Relationship": "Outer", "Join Type": "Inner", "Startup Cost": 0.0, "Total Cost": 36820.6, "Plan Rows": 490, "Plan Width": 29, "Inner Unique": false, "Plans": [{"Node Type": "Nested Loop", "Parent Relationship": "Outer", "Join Type": "Inner", "Startup Cost": 0.0, "Total Cost": 36344.91, "Plan Rows": 192, "Plan Width": 4, "Inner Unique": false, "Join Filter": "(it1.id = mi.info_type_id)", "Plans": [{"Node Type": "Seq Scan", "Parent Relationship": "Outer", "Relation Name": "info_type", "Alias": "it1", "Startup Cost": 0.0, "Total Cost": 2.4, "Plan Rows": 1, "Plan Width": 4, "Filter": "((info)::text = 'release dates'::text)"}, {"Node Type": "Materialize", "Parent Relationship": "Inner", "Startup Cost": 0.0, "Total Cost": 36208.32, "Plan Rows": 13419, "Plan Width": 8, "Plans": [{"Node Type": "Streaming(type: LOCAL GATHER dop: 1/16)", "Parent Relationship": "Outer", "Startup Cost": 0.0, "Total Cost": 36174.77, "Plan Rows": 13419, "Plan Width": 8, "Plans": [{"Node Type": "Seq Scan", "Parent Relationship": "Outer", "Relation Name": "movie_info", "Alias": "mi", "Startup Cost": 0.0, "Total Cost": 35885.16, "Plan Rows": 13419, "Plan Width": 8, "Filter": "((note)::text ~~ '%internet%'::text)"}]}]}]}, {"Node Type": "Index Scan", "Parent Relationship": "Inner", "Scan Direction": "Forward", "Index Name": "movie_id_aka_title", "Relation Name": "aka_title", "Alias": "at", "Startup Cost": 0.0, "Total Cost": 2.45, "Plan Rows": 3, "Plan Width": 25, "Index Cond": "(movie_id = mi.movie_id)"}]}, {"Node Type": "Index Scan", "Parent Relationship": "Inner", "Scan Direction": "Forward", "Index Name": "movie_id_movie_companies", "Relation Name": "movie_companies", "Alias": "mc", "Startup Cost": 0.0, "Total Cost": 0.57, "Plan Rows": 2, "Plan Width": 12, "Index Cond": "(movie_id = at.movie_id)"}]}, {"Node Type": "Index Scan", "Parent Relationship": "Inner", "Scan Direction": "Forward", "Index Name": "company_name_pkey", "Relation Name": "company_name", "Alias": "cn", "Startup Cost": 0.0, "Total Cost": 0.28, "Plan Rows": 1, "Plan Width": 4, "Index Cond": "(id = mc.company_id)", "Filter": "((country_code)::text = '[us]'::text)"}]}, {"Node Type": "Materialize", "Parent Relationship": "Inner", "Startup Cost": 0.0, "Total Cost": 1.04, "Plan Rows": 3, "Plan Width": 4, "Plans": [{"Node Type": "Seq Scan", "Parent Relationship": "Outer", "Relation Name": "company_type", "Alias": "ct", "Startup Cost": 0.0, "Total Cost": 1.03, "Plan Rows": 3, "Plan Width": 4}]}]}, {"Node Type": "Index Scan", "Parent Relationship": "Inner", "Scan Direction": "Forward", "Index Name": "title_pkey", "Relation Name": "title", "Alias": "t", "Startup Cost": 0.0, "Total Cost": 0.34, "Plan Rows": 1, "Plan Width": 21, "Index Cond": "(id = mc.movie_id)", "Filter": "(production_year > 1990)"}]}, {"Node Type": "Index Scan", "Parent Relationship": "Inner", "Scan Direction": "Forward", "Index Name": "movie_id_movie_keyword", "Relation Name": "movie_keyword", "Alias": "mk", "Startup Cost": 0.0, "Total Cost": 0.46, "Plan Rows": 8, "Plan Width": 8, "Index Cond": "(movie_id = mc.movie_id)"}]}, {"Node Type": "Index Only Scan", "Parent Relationship": "Inner", "Scan Direction": "Forward", "Index Name": "keyword_pkey", "Relation Name": "keyword", "Alias": "k", "Startup Cost": 0.0, "Total Cost": 0.27, "Plan Rows": 1, "Plan Width": 4, "Index Cond": "(id = mk.keyword_id)"}]}]}, "Unique SQL Id": 2302223328, "Planner Runtime": 318}, "explain_analyze_plan": {"Plan": {"Node Type": "Aggregate", "Strategy": "Plain", "Startup Cost": 40161.11, "Total Cost": 40161.12, "Plan Rows": 1, "Plan Width": 102, "Actual Min Startup Time": 410.824, "Actual Max Startup Time": 410.824, "Actual Min Total Time": 410.824, "Actual Max Total Time": 410.824, "Plans": [{"Node Type": "Nested Loop", "Parent Relationship": "Outer", "Join Type": "Inner", "Startup Cost": 0.0, "Total Cost": 40126.58, "Plan Rows": 6905, "Plan Width": 38, "Actual Min Startup Time": 322.938, "Actual Max Startup Time": 322.938, "Actual Min Total Time": 408.135, "Actual Max Total Time": 408.135, "Inner Unique": true, "Plans": [{"Node Type": "Nested Loop", "Parent Relationship": "Outer", "Join Type": "Inner", "Startup Cost": 0.0, "Total Cost": 38154.75, "Plan Rows": 7042, "Plan Width": 42, "Actual Min Startup Time": 322.914, "Actual Max Startup Time": 322.914, "Actual Min Total Time": 393.593, "Actual Max Total Time": 393.593, "Inner Unique": false, "Join Filter": "(t.id = mk.movie_id)", "Rows Removed by Join Filter": 0, "Plans": [{"Node Type": "Nested Loop", "Parent Relationship": "Outer", "Join Type": "Inner", "Startup Cost": 0.0, "Total Cost": 37663.77, "Plan Rows": 873, "Plan Width": 54, "Actual Min Startup Time": 322.471, "Actual Max Startup Time": 322.471, "Actual Min Total Time": 386.875, "Actual Max Total Time": 386.875, "Inner Unique": true, "Join Filter": "(at.movie_id = t.id)", "Rows Removed by Join Filter": 0, "Plans": [{"Node Type": "Nested Loop", "Parent Relationship": "Outer", "Join Type": "Inner", "Startup Cost": 0.0, "Total Cost": 37441.69, "Plan Rows": 630, "Plan Width": 33, "Actual Min Startup Time": 322.431, "Actual Max Startup Time": 322.431, "Actual Min Total Time": 383.761, "Actual Max Total Time": 383.761, "Inner Unique": true, "Join Filter": "(mc.company_type_id = ct.id)", "Rows Removed by Join Filter": 1542, "Plans": [{"Node Type": "Nested Loop", "Parent Relationship": "Outer", "Join Type": "Inner", "Startup Cost": 0.0, "Total Cost": 37412.3, "Plan Rows": 630, "Plan Width": 37, "Actual Min Startup Time": 322.407, "Actual Max Startup Time": 322.407, "Actual Min Total Time": 382.826, "Actual Max Total Time": 382.826, "Inner Unique": true, "Plans": [{"Node Type": "Nested Loop", "Parent Relationship": "Outer", "Join Type": "Inner", "Startup Cost": 0.0, "Total Cost": 37109.68, "Plan Rows": 1052, "Plan Width": 41, "Actual Min Startup Time": 322.372, "Actual Max Startup Time": 322.372, "Actual Min Total Time": 370.737, "Actual Max Total Time": 370.737, "Inner Unique": false, "Plans": [{"Node Type": "Nested Loop", "Parent Relationship": "Outer", "Join Type": "Inner", "Startup Cost": 0.0, "Total Cost": 36820.6, "Plan Rows": 490, "Plan Width": 29, "Actual Min Startup Time": 322.343, "Actual Max Startup Time": 322.343, "Actual Min Total Time": 363.754, "Actual Max Total Time": 363.754, "Inner Unique": false, "Plans": [{"Node Type": "Nested Loop", "Parent Relationship": "Outer", "Join Type": "Inner", "Startup Cost": 0.0, "Total Cost": 36344.91, "Plan Rows": 192, "Plan Width": 4, "Actual Min Startup Time": 322.273, "Actual Max Startup Time": 322.273, "Actual Min Total Time": 328.371, "Actual Max Total Time": 328.371, "Inner Unique": false, "Join Filter": "(it1.id = mi.info_type_id)", "Rows Removed by Join Filter": 131, "Plans": [{"Node Type": "Seq Scan", "Parent Relationship": "Outer", "Relation Name": "info_type", "Alias": "it1", "Startup Cost": 0.0, "Total Cost": 2.4, "Plan Rows": 1, "Plan Width": 4, "Actual Min Startup Time": 0.086, "Actual Max Startup Time": 0.086, "Actual Min Total Time": 0.114, "Actual Max Total Time": 0.114, "Filter": "((info)::text = 'release dates'::text)", "Rows Removed by Filter": 111, "Actual Rows": 1}, {"Node Type": "Materialize", "Parent Relationship": "Inner", "Startup Cost": 0.0, "Total Cost": 36208.32, "Plan Rows": 13419, "Plan Width": 8, "Actual Min Startup Time": 322.159, "Actual Max Startup Time": 322.159, "Actual Min Total Time": 323.943, "Actual Max Total Time": 323.943, "Plans": [{"Node Type": "Streaming(type: LOCAL GATHER dop: 1/16)", "Parent Relationship": "Outer", "Startup Cost": 0.0, "Total Cost": 36174.77, "Plan Rows": 13419, "Plan Width": 8, "Actual Min Startup Time": 114.578, "Actual Max Startup Time": 114.578, "Actual Min Total Time": 320.115, "Actual Max Total Time": 320.115, "Plans": [{"Node Type": "Seq Scan", "Parent Relationship": "Outer", "Relation Name": "movie_info", "Alias": "mi", "Startup Cost": 0.0, "Total Cost": 35885.16, "Plan Rows": 13419, "Plan Width": 8, "Actual Min Startup Time": 7.387, "Actual Max Startup Time": 78.31, "Actual Min Total Time": 250.341, "Actual Max Total Time": 286.162, "Filter": "((note)::text ~~ '%internet%'::text)", "Rows Removed by Filter": 14824909, "Actual Rows": 10810}], "Actual Rows": 10810}], "Actual Rows": 10811}], "Actual Rows": 10679}, {"Node Type": "Index Scan", "Parent Relationship": "Inner", "Scan Direction": "Forward", "Index Name": "movie_id_aka_title", "Relation Name": "aka_title", "Alias": "at", "Startup Cost": 0.0, "Total Cost": 2.45, "Plan Rows": 3, "Plan Width": 25, "Actual Min Startup Time": 29.718, "Actual Max Startup Time": 29.718, "Actual Min Total Time": 30.382, "Actual Max Total Time": 30.382, "Index Cond": "(movie_id = mi.movie_id)", "Rows Removed by Index Recheck": 0, "Actual Rows": 591}], "Actual Rows": 591}, {"Node Type": "Index Scan", "Parent Relationship": "Inner", "Scan Direction": "Forward", "Index Name": "movie_id_movie_companies", "Relation Name": "movie_companies", "Alias": "mc", "Startup Cost": 0.0, "Total Cost": 0.57, "Plan Rows": 2, "Plan Width": 12, "Actual Min Startup Time": 4.446, "Actual Max Startup Time": 4.446, "Actual Min Total Time": 6.088, "Actual Max Total Time": 6.088, "Index Cond": "(movie_id = at.movie_id)", "Rows Removed by Index Recheck": 0, "Actual Rows": 2130}], "Actual Rows": 2130}, {"Node Type": "Index Scan", "Parent Relationship": "Inner", "Scan Direction": "Forward", "Index Name": "company_name_pkey", "Relation Name": "company_name", "Alias": "cn", "Startup Cost": 0.0, "Total Cost": 0.28, "Plan Rows": 1, "Plan Width": 4, "Actual Min Startup Time": 10.639, "Actual Max Startup Time": 10.639, "Actual Min Total Time": 10.639, "Actual Max Total Time": 10.639, "Index Cond": "(id = mc.company_id)", "Rows Removed by Index Recheck": 0, "Filter": "((country_code)::text = '[us]'::text)", "Rows Removed by Filter": 1234, "Actual Rows": 896}], "Actual Rows": 896}, {"Node Type": "Materialize", "Parent Relationship": "Inner", "Startup Cost": 0.0, "Total Cost": 1.04, "Plan Rows": 3, "Plan Width": 4, "Actual Min Startup Time": 0.1, "Actual Max Startup Time": 0.1, "Actual Min Total Time": 0.233, "Actual Max Total Time": 0.233, "Plans": [{"Node Type": "Seq Scan", "Parent Relationship": "Outer", "Relation Name": "company_type", "Alias": "ct", "Startup Cost": 0.0, "Total Cost": 1.03, "Plan Rows": 3, "Plan Width": 4, "Actual Min Startup Time": 0.01, "Actual Max Startup Time": 0.01, "Actual Min Total Time": 0.012, "Actual Max Total Time": 0.012, "Actual Rows": 3}], "Actual Rows": 1924}], "Actual Rows": 382}, {"Node Type": "Index Scan", "Parent Relationship": "Inner", "Scan Direction": "Forward", "Index Name": "title_pkey", "Relation Name": "title", "Alias": "t", "Startup Cost": 0.0, "Total Cost": 0.34, "Plan Rows": 1, "Plan Width": 21, "Actual Min Startup Time": 2.586, "Actual Max Startup Time": 2.586, "Actual Min Total Time": 2.586, "Actual Max Total Time": 2.586, "Index Cond": "(id = mc.movie_id)", "Rows Removed by Index Recheck": 0, "Filter": "(production_year > 1990)", "Rows Removed by Filter": 0, "Actual Rows": 382}], "Actual Rows": 382}, {"Node Type": "Index Scan", "Parent Relationship": "Inner", "Scan Direction": "Forward", "Index Name": "movie_id_movie_keyword", "Relation Name": "movie_keyword", "Alias": "mk", "Startup Cost": 0.0, "Total Cost": 0.46, "Plan Rows": 8, "Plan Width": 8, "Actual Min Startup Time": 2.69, "Actual Max Startup Time": 2.69, "Actual Min Total Time": 4.782, "Actual Max Total Time": 4.782, "Index Cond": "(movie_id = mc.movie_id)", "Rows Removed by Index Recheck": 0, "Actual Rows": 4371}], "Actual Rows": 4371}, {"Node Type": "Index Only Scan", "Parent Relationship": "Inner", "Scan Direction": "Forward", "Index Name": "keyword_pkey", "Relation Name": "keyword", "Alias": "k", "Startup Cost": 0.0, "Total Cost": 0.27, "Plan Rows": 1, "Plan Width": 4, "Actual Min Startup Time": 11.557, "Actual Max Startup Time": 11.557, "Actual Min Total Time": 11.557, "Actual Max Total Time": 11.557, "Index Cond": "(id = mk.keyword_id)", "Rows Removed by Index Recheck": 0, "Heap Fetches": 0, "Actual Rows": 4371}], "Actual Rows": 4371}], "Actual Rows": 1}, "Triggers": [], "Planner Runtime": 319, "Total Runtime": 414.674, "Unique SQL Id": 2302223328}}, "(16, 33)": {"explain_plan": {"Plan": {"Node Type": "Aggregate", "Strategy": "Plain", "Startup Cost": 167719.35, "Total Cost": 167719.36, "Plan Rows": 1, "Plan Width": 102, "Plans": [{"Node Type": "Nested Loop", "Parent Relationship": "Outer", "Join Type": "Inner", "Startup Cost": 4841.51, "Total Cost": 167684.83, "Plan Rows": 6905, "Plan Width": 38, "Inner Unique": true, "Plans": [{"Node Type": "Nested Loop", "Parent Relationship": "Outer", "Join Type": "Inner", "Startup Cost": 4841.51, "Total Cost": 165712.99, "Plan Rows": 7042, "Plan Width": 42, "Inner Unique": false, "Join Filter": "(t.id = mk.movie_id)", "Plans": [{"Node Type": "Nested Loop", "Parent Relationship": "Outer", "Join Type": "Inner", "Startup Cost": 4841.51, "Total Cost": 165222.02, "Plan Rows": 873, "Plan Width": 54, "Inner Unique": true, "Join Filter": "(at.movie_id = t.id)", "Plans": [{"Node Type": "Nested Loop", "Parent Relationship": "Outer", "Join Type": "Inner", "Startup Cost": 4841.51, "Total Cost": 164999.93, "Plan Rows": 630, "Plan Width": 33, "Inner Unique": true, "Join Filter": "(mc.company_type_id = ct.id)", "Plans": [{"Node Type": "Nested Loop", "Parent Relationship": "Outer", "Join Type": "Inner", "Startup Cost": 4841.51, "Total Cost": 164963.28, "Plan Rows": 630, "Plan Width": 37, "Inner Unique": true, "Plans": [{"Node Type": "Nested Loop", "Parent Relationship": "Outer", "Join Type": "Inner", "Startup Cost": 4841.51, "Total Cost": 164660.66, "Plan Rows": 1052, "Plan Width": 41, "Inner Unique": false, "Plans": [{"Node Type": "Nested Loop", "Parent Relationship": "Outer", "Join Type": "Inner", "Startup Cost": 4841.51, "Total Cost": 164371.58, "Plan Rows": 490, "Plan Width": 29, "Inner Unique": false, "Plans": [{"Node Type": "Nested Loop", "Parent Relationship": "Outer", "Join Type": "Inner", "Startup Cost": 4841.51, "Total Cost": 163895.89, "Plan Rows": 192, "Plan Width": 4, "Inner Unique": false, "Plans": [{"Node Type": "Index Scan", "Parent Relationship": "Outer", "Scan Direction": "Forward", "Index Name": "info_type_pkey", "Relation Name": "info_type", "Alias": "it1", "Startup Cost": 0.0, "Total Cost": 14.21, "Plan Rows": 1, "Plan Width": 4, "Filter": "((info)::text = 'release dates'::text)"}, {"Node Type": "Bitmap Heap Scan", "Parent Relationship": "Inner", "Relation Name": "movie_info", "Alias": "mi", "Startup Cost": 4841.51, "Total Cost": 163879.76, "Plan Rows": 192, "Plan Width": 8, "Recheck Cond": "(info_type_id = it1.id)", "Filter": "((note)::text ~~ '%internet%'::text)", "Plans": [{"Node Type": "Bitmap Index Scan", "Parent Relationship": "Outer", "Index Name": "info_type_id_movie_info", "Startup Cost": 0.0, "Total Cost": 4841.46, "Plan Rows": 212428, "Plan Width": 0, "Index Cond": "(info_type_id = it1.id)"}]}]}, {"Node Type": "Index Scan", "Parent Relationship": "Inner", "Scan Direction": "Forward", "Index Name": "movie_id_aka_title", "Relation Name": "aka_title", "Alias": "at", "Startup Cost": 0.0, "Total Cost": 2.45, "Plan Rows": 3, "Plan Width": 25, "Index Cond": "(movie_id = mi.movie_id)"}]}, {"Node Type": "Index Scan", "Parent Relationship": "Inner", "Scan Direction": "Forward", "Index Name": "movie_id_movie_companies", "Relation Name": "movie_companies", "Alias": "mc", "Startup Cost": 0.0, "Total Cost": 0.57, "Plan Rows": 2, "Plan Width": 12, "Index Cond": "(movie_id = at.movie_id)"}]}, {"Node Type": "Index Scan", "Parent Relationship": "Inner", "Scan Direction": "Forward", "Index Name": "company_name_pkey", "Relation Name": "company_name", "Alias": "cn", "Startup Cost": 0.0, "Total Cost": 0.28, "Plan Rows": 1, "Plan Width": 4, "Index Cond": "(id = mc.company_id)", "Filter": "((country_code)::text = '[us]'::text)"}]}, {"Node Type": "Materialize", "Parent Relationship": "Inner", "Startup Cost": 0.0, "Total Cost": 8.31, "Plan Rows": 3, "Plan Width": 4, "Plans": [{"Node Type": "Index Only Scan", "Parent Relationship": "Outer", "Scan Direction": "Forward", "Index Name": "company_type_pkey", "Relation Name": "company_type", "Alias": "ct", "Startup Cost": 0.0, "Total Cost": 8.29, "Plan Rows": 3, "Plan Width": 4}]}]}, {"Node Type": "Index Scan", "Parent Relationship": "Inner", "Scan Direction": "Forward", "Index Name": "title_pkey", "Relation Name": "title", "Alias": "t", "Startup Cost": 0.0, "Total Cost": 0.34, "Plan Rows": 1, "Plan Width": 21, "Index Cond": "(id = mc.movie_id)", "Filter": "(production_year > 1990)"}]}, {"Node Type": "Index Scan", "Parent Relationship": "Inner", "Scan Direction": "Forward", "Index Name": "movie_id_movie_keyword", "Relation Name": "movie_keyword", "Alias": "mk", "Startup Cost": 0.0, "Total Cost": 0.46, "Plan Rows": 8, "Plan Width": 8, "Index Cond": "(movie_id = mc.movie_id)"}]}, {"Node Type": "Index Only Scan", "Parent Relationship": "Inner", "Scan Direction": "Forward", "Index Name": "keyword_pkey", "Relation Name": "keyword", "Alias": "k", "Startup Cost": 0.0, "Total Cost": 0.27, "Plan Rows": 1, "Plan Width": 4, "Index Cond": "(id = mk.keyword_id)"}]}]}, "Unique SQL Id": 2302223328, "Planner Runtime": 270}, "explain_analyze_plan": {"Plan": {"Node Type": "Aggregate", "Strategy": "Plain", "Startup Cost": 167719.35, "Total Cost": 167719.36, "Plan Rows": 1, "Plan Width": 102, "Actual Startup Time": 1721.88, "Actual Total Time": 1721.88, "Actual Rows": 1, "Actual Loops": 1, "Plans": [{"Node Type": "Nested Loop", "Parent Relationship": "Outer", "Join Type": "Inner", "Startup Cost": 4841.51, "Total Cost": 167684.83, "Plan Rows": 6905, "Plan Width": 38, "Actual Startup Time": 415.191, "Actual Total Time": 1718.987, "Actual Rows": 4371, "Actual Loops": 1, "Inner Unique": true, "Plans": [{"Node Type": "Nested Loop", "Parent Relationship": "Outer", "Join Type": "Inner", "Startup Cost": 4841.51, "Total Cost": 165712.99, "Plan Rows": 7042, "Plan Width": 42, "Actual Startup Time": 415.176, "Actual Total Time": 1703.051, "Actual Rows": 4371, "Actual Loops": 1, "Inner Unique": false, "Join Filter": "(t.id = mk.movie_id)", "Rows Removed by Join Filter": 0, "Plans": [{"Node Type": "Nested Loop", "Parent Relationship": "Outer", "Join Type": "Inner", "Startup Cost": 4841.51, "Total Cost": 165222.02, "Plan Rows": 873, "Plan Width": 54, "Actual Startup Time": 390.707, "Actual Total Time": 1696.099, "Actual Rows": 382, "Actual Loops": 1, "Inner Unique": true, "Join Filter": "(at.movie_id = t.id)", "Rows Removed by Join Filter": 0, "Plans": [{"Node Type": "Nested Loop", "Parent Relationship": "Outer", "Join Type": "Inner", "Startup Cost": 4841.51, "Total Cost": 164999.93, "Plan Rows": 630, "Plan Width": 33, "Actual Startup Time": 390.685, "Actual Total Time": 1692.621, "Actual Rows": 382, "Actual Loops": 1, "Inner Unique": true, "Join Filter": "(mc.company_type_id = ct.id)", "Rows Removed by Join Filter": 1542, "Plans": [{"Node Type": "Nested Loop", "Parent Relationship": "Outer", "Join Type": "Inner", "Startup Cost": 4841.51, "Total Cost": 164963.28, "Plan Rows": 630, "Plan Width": 37, "Actual Startup Time": 385.902, "Actual Total Time": 1691.474, "Actual Rows": 896, "Actual Loops": 1, "Inner Unique": true, "Plans": [{"Node Type": "Nested Loop", "Parent Relationship": "Outer", "Join Type": "Inner", "Startup Cost": 4841.51, "Total Cost": 164660.66, "Plan Rows": 1052, "Plan Width": 41, "Actual Startup Time": 385.876, "Actual Total Time": 1677.434, "Actual Rows": 2130, "Actual Loops": 1, "Inner Unique": false, "Plans": [{"Node Type": "Nested Loop", "Parent Relationship": "Outer", "Join Type": "Inner", "Startup Cost": 4841.51, "Total Cost": 164371.58, "Plan Rows": 490, "Plan Width": 29, "Actual Startup Time": 382.71, "Actual Total Time": 1670.108, "Actual Rows": 591, "Actual Loops": 1, "Inner Unique": false, "Plans": [{"Node Type": "Nested Loop", "Parent Relationship": "Outer", "Join Type": "Inner", "Startup Cost": 4841.51, "Total Cost": 163895.89, "Plan Rows": 192, "Plan Width": 4, "Actual Startup Time": 382.266, "Actual Total Time": 1632.202, "Actual Rows": 10679, "Actual Loops": 1, "Inner Unique": false, "Plans": [{"Node Type": "Index Scan", "Parent Relationship": "Outer", "Scan Direction": "Forward", "Index Name": "info_type_pkey", "Relation Name": "info_type", "Alias": "it1", "Startup Cost": 0.0, "Total Cost": 14.21, "Plan Rows": 1, "Plan Width": 4, "Actual Startup Time": 0.062, "Actual Total Time": 0.116, "Actual Rows": 1, "Actual Loops": 1, "Filter": "((info)::text = 'release dates'::text)", "Rows Removed by Filter": 111}, {"Node Type": "Bitmap Heap Scan", "Parent Relationship": "Inner", "Relation Name": "movie_info", "Alias": "mi", "Startup Cost": 4841.51, "Total Cost": 163879.76, "Plan Rows": 192, "Plan Width": 8, "Actual Startup Time": 382.194, "Actual Total Time": 1629.53, "Actual Rows": 10679, "Actual Loops": 1, "Recheck Cond": "(info_type_id = it1.id)", "Rows Removed by Index Recheck": 0, "Filter": "((note)::text ~~ '%internet%'::text)", "Rows Removed by Filter": 3026040, "Exact Heap Blocks": 21947, "Lossy Heap Blocks": 21947, "Plans": [{"Node Type": "Bitmap Index Scan", "Parent Relationship": "Outer", "Index Name": "info_type_id_movie_info", "Startup Cost": 0.0, "Total Cost": 4841.46, "Plan Rows": 212428, "Plan Width": 0, "Actual Startup Time": 377.23, "Actual Total Time": 377.23, "Actual Rows": 3036719, "Actual Loops": 1, "Index Cond": "(info_type_id = it1.id)"}]}]}, {"Node Type": "Index Scan", "Parent Relationship": "Inner", "Scan Direction": "Forward", "Index Name": "movie_id_aka_title", "Relation Name": "aka_title", "Alias": "at", "Startup Cost": 0.0, "Total Cost": 2.45, "Plan Rows": 3, "Plan Width": 25, "Actual Startup Time": 31.349, "Actual Total Time": 32.029, "Actual Rows": 591, "Actual Loops": 10679, "Index Cond": "(movie_id = mi.movie_id)", "Rows Removed by Index Recheck": 0}]}, {"Node Type": "Index Scan", "Parent Relationship": "Inner", "Scan Direction": "Forward", "Index Name": "movie_id_movie_companies", "Relation Name": "movie_companies", "Alias": "mc", "Startup Cost": 0.0, "Total Cost": 0.57, "Plan Rows": 2, "Plan Width": 12, "Actual Startup Time": 4.485, "Actual Total Time": 6.173, "Actual Rows": 2130, "Actual Loops": 591, "Index Cond": "(movie_id = at.movie_id)", "Rows Removed by Index Recheck": 0}]}, {"Node Type": "Index Scan", "Parent Relationship": "Inner", "Scan Direction": "Forward", "Index Name": "company_name_pkey", "Relation Name": "company_name", "Alias": "cn", "Startup Cost": 0.0, "Total Cost": 0.28, "Plan Rows": 1, "Plan Width": 4, "Actual Startup Time": 12.332, "Actual Total Time": 12.332, "Actual Rows": 896, "Actual Loops": 2130, "Index Cond": "(id = mc.company_id)", "Rows Removed by Index Recheck": 0, "Filter": "((country_code)::text = '[us]'::text)", "Rows Removed by Filter": 1234}]}, {"Node Type": "Materialize", "Parent Relationship": "Inner", "Startup Cost": 0.0, "Total Cost": 8.31, "Plan Rows": 3, "Plan Width": 4, "Actual Startup Time": 0.149, "Actual Total Time": 0.293, "Actual Rows": 1924, "Actual Loops": 896, "Plans": [{"Node Type": "Index Only Scan", "Parent Relationship": "Outer", "Scan Direction": "Forward", "Index Name": "company_type_pkey", "Relation Name": "company_type", "Alias": "ct", "Startup Cost": 0.0, "Total Cost": 8.29, "Plan Rows": 3, "Plan Width": 4, "Actual Startup Time": 0.008, "Actual Total Time": 0.008, "Actual Rows": 3, "Actual Loops": 1, "Heap Fetches": 0}]}]}, {"Node Type": "Index Scan", "Parent Relationship": "Inner", "Scan Direction": "Forward", "Index Name": "title_pkey", "Relation Name": "title", "Alias": "t", "Startup Cost": 0.0, "Total Cost": 0.34, "Plan Rows": 1, "Plan Width": 21, "Actual Startup Time": 2.706, "Actual Total Time": 2.706, "Actual Rows": 382, "Actual Loops": 382, "Index Cond": "(id = mc.movie_id)", "Rows Removed by Index Recheck": 0, "Filter": "(production_year > 1990)", "Rows Removed by Filter": 0}]}, {"Node Type": "Index Scan", "Parent Relationship": "Inner", "Scan Direction": "Forward", "Index Name": "movie_id_movie_keyword", "Relation Name": "movie_keyword", "Alias": "mk", "Startup Cost": 0.0, "Total Cost": 0.46, "Plan Rows": 8, "Plan Width": 8, "Actual Startup Time": 2.778, "Actual Total Time": 4.96, "Actual Rows": 4371, "Actual Loops": 382, "Index Cond": "(movie_id = mc.movie_id)", "Rows Removed by Index Recheck": 0}]}, {"Node Type": "Index Only Scan", "Parent Relationship": "Inner", "Scan Direction": "Forward", "Index Name": "keyword_pkey", "Relation Name": "keyword", "Alias": "k", "Startup Cost": 0.0, "Total Cost": 0.27, "Plan Rows": 1, "Plan Width": 4, "Actual Startup Time": 12.719, "Actual Total Time": 12.719, "Actual Rows": 4371, "Actual Loops": 4371, "Index Cond": "(id = mk.keyword_id)", "Rows Removed by Index Recheck": 0, "Heap Fetches": 0}]}]}, "Triggers": [], "Planner Runtime": 270, "Total Runtime": 1722.704, "Unique SQL Id": 2302223328}}, "(16, 34)": {"explain_plan": {"Plan": {"Node Type": "Aggregate", "Strategy": "Plain", "Startup Cost": 51168.9, "Total Cost": 51168.91, "Plan Rows": 1, "Plan Width": 102, "Plans": [{"Node Type": "Hash Join", "Parent Relationship": "Outer", "Join Type": "Inner", "Startup Cost": 3781.54, "Total Cost": 51134.38, "Plan Rows": 6905, "Plan Width": 38, "Inner Unique": true, "Hash Cond": "(mk.keyword_id = k.id)", "Plans": [{"Node Type": "Nested Loop", "Parent Relationship": "Outer", "Join Type": "Inner", "Startup Cost": 3.73, "Total Cost": 47261.14, "Plan Rows": 7042, "Plan Width": 42, "Inner Unique": false, "Join Filter": "(t.id = mk.movie_id)", "Plans": [{"Node Type": "Nested Loop", "Parent Relationship": "Outer", "Join Type": "Inner", "Startup Cost": 3.4, "Total Cost": 43299.44, "Plan Rows": 873, "Plan Width": 54, "Inner Unique": false, "Join Filter": "(t.id = at.movie_id)", "Plans": [{"Node Type": "Nested Loop", "Parent Relationship": "Outer", "Join Type": "Inner", "Startup Cost": 3.12, "Total Cost": 41220.32, "Plan Rows": 478, "Plan Width": 29, "Inner Unique": true, "Join Filter": "(mc.company_type_id = ct.id)", "Plans": [{"Node Type": "Nested Loop", "Parent Relationship": "Outer", "Join Type": "Inner", "Startup Cost": 3.12, "Total Cost": 41197.77, "Plan Rows": 478, "Plan Width": 33, "Inner Unique": true, "Plans": [{"Node Type": "Nested Loop", "Parent Relationship": "Outer", "Join Type": "Inner", "Startup Cost": 2.86, "Total Cost": 38764.82, "Plan Rows": 568, "Plan Width": 37, "Inner Unique": false, "Plans": [{"Node Type": "Nested Loop", "Parent Relationship": "Outer", "Join Type": "Inner", "Startup Cost": 2.58, "Total Cost": 37612.41, "Plan Rows": 266, "Plan Width": 25, "Inner Unique": true, "Plans": [{"Node Type": "Nested Loop", "Parent Relationship": "Outer", "Join Type": "Inner", "Startup Cost": 0.0, "Total Cost": 36344.91, "Plan Rows": 192, "Plan Width": 4, "Inner Unique": false, "Join Filter": "(it1.id = mi.info_type_id)", "Plans": [{"Node Type": "Seq Scan", "Parent Relationship": "Outer", "Relation Name": "info_type", "Alias": "it1", "Startup Cost": 0.0, "Total Cost": 2.4, "Plan Rows": 1, "Plan Width": 4, "Filter": "((info)::text = 'release dates'::text)"}, {"Node Type": "Materialize", "Parent Relationship": "Inner", "Startup Cost": 0.0, "Total Cost": 36208.32, "Plan Rows": 13419, "Plan Width": 8, "Plans": [{"Node Type": "Streaming(type: LOCAL GATHER dop: 1/16)", "Parent Relationship": "Outer", "Startup Cost": 0.0, "Total Cost": 36174.77, "Plan Rows": 13419, "Plan Width": 8, "Plans": [{"Node Type": "Seq Scan", "Parent Relationship": "Outer", "Relation Name": "movie_info", "Alias": "mi", "Startup Cost": 0.0, "Total Cost": 35885.16, "Plan Rows": 13419, "Plan Width": 8, "Filter": "((note)::text ~~ '%internet%'::text)"}]}]}]}, {"Node Type": "Bitmap Heap Scan", "Parent Relationship": "Inner", "Relation Name": "title", "Alias": "t", "Startup Cost": 2.58, "Total Cost": 6.59, "Plan Rows": 1, "Plan Width": 21, "Recheck Cond": "(id = mi.movie_id)", "Filter": "(production_year > 1990)", "Plans": [{"Node Type": "Bitmap Index Scan", "Parent Relationship": "Outer", "Index Name": "title_pkey", "Startup Cost": 0.0, "Total Cost": 2.58, "Plan Rows": 1, "Plan Width": 0, "Index Cond": "(id = mi.movie_id)"}]}]}, {"Node Type": "Bitmap Heap Scan", "Parent Relationship": "Inner", "Relation Name": "movie_companies", "Alias": "mc", "Startup Cost": 0.29, "Total Cost": 4.31, "Plan Rows": 2, "Plan Width": 12, "Recheck Cond": "(movie_id = t.id)", "Plans": [{"Node Type": "Bitmap Index Scan", "Parent Relationship": "Outer", "Index Name": "movie_id_movie_companies", "Startup Cost": 0.0, "Total Cost": 0.29, "Plan Rows": 2, "Plan Width": 0, "Index Cond": "(movie_id = t.id)"}]}]}, {"Node Type": "Bitmap Heap Scan", "Parent Relationship": "Inner", "Relation Name": "company_name", "Alias": "cn", "Startup Cost": 0.26, "Total Cost": 4.27, "Plan Rows": 1, "Plan Width": 4, "Recheck Cond": "(id = mc.company_id)", "Filter": "((country_code)::text = '[us]'::text)", "Plans": [{"Node Type": "Bitmap Index Scan", "Parent Relationship": "Outer", "Index Name": "company_name_pkey", "Startup Cost": 0.0, "Total Cost": 0.26, "Plan Rows": 1, "Plan Width": 0, "Index Cond": "(id = mc.company_id)"}]}]}, {"Node Type": "Materialize", "Parent Relationship": "Inner", "Startup Cost": 0.0, "Total Cost": 1.04, "Plan Rows": 3, "Plan Width": 4, "Plans": [{"Node Type": "Seq Scan", "Parent Relationship": "Outer", "Relation Name": "company_type", "Alias": "ct", "Startup Cost": 0.0, "Total Cost": 1.03, "Plan Rows": 3, "Plan Width": 4}]}]}, {"Node Type": "Bitmap Heap Scan", "Parent Relationship": "Inner", "Relation Name": "aka_title", "Alias": "at", "Startup Cost": 0.27, "Total Cost": 4.31, "Plan Rows": 3, "Plan Width": 25, "Recheck Cond": "(movie_id = mc.movie_id)", "Plans": [{"Node Type": "Bitmap Index Scan", "Parent Relationship": "Outer", "Index Name": "movie_id_aka_title", "Startup Cost": 0.0, "Total Cost": 0.27, "Plan Rows": 3, "Plan Width": 0, "Index Cond": "(movie_id = mc.movie_id)"}]}]}, {"Node Type": "Bitmap Heap Scan", "Parent Relationship": "Inner", "Relation Name": "movie_keyword", "Alias": "mk", "Startup Cost": 0.34, "Total Cost": 4.44, "Plan Rows": 8, "Plan Width": 8, "Recheck Cond": "(movie_id = mc.movie_id)", "Plans": [{"Node Type": "Bitmap Index Scan", "Parent Relationship": "Outer", "Index Name": "movie_id_movie_keyword", "Startup Cost": 0.0, "Total Cost": 0.34, "Plan Rows": 8, "Plan Width": 0, "Index Cond": "(movie_id = mc.movie_id)"}]}]}, {"Node Type": "Hash", "Parent Relationship": "Inner", "Startup Cost": 2100.69, "Total Cost": 2100.69, "Plan Rows": 134169, "Plan Width": 4, "Plans": [{"Node Type": "Seq Scan", "Parent Relationship": "Outer", "Relation Name": "keyword", "Alias": "k", "Startup Cost": 0.0, "Total Cost": 2100.69, "Plan Rows": 134169, "Plan Width": 4}]}]}]}, "Unique SQL Id": 2302223328, "Planner Runtime": 431}, "explain_analyze_plan": {"Plan": {"Node Type": "Aggregate", "Strategy": "Plain", "Startup Cost": 51168.9, "Total Cost": 51168.91, "Plan Rows": 1, "Plan Width": 102, "Actual Min Startup Time": 643.633, "Actual Max Startup Time": 643.633, "Actual Min Total Time": 643.633, "Actual Max Total Time": 643.633, "Plans": [{"Node Type": "Hash Join", "Parent Relationship": "Outer", "Join Type": "Inner", "Startup Cost": 3781.54, "Total Cost": 51134.38, "Plan Rows": 6905, "Plan Width": 38, "Actual Min Startup Time": 347.142, "Actual Max Startup Time": 347.142, "Actual Min Total Time": 641.115, "Actual Max Total Time": 641.115, "Inner Unique": true, "Hash Cond": "(mk.keyword_id = k.id)", "Plans": [{"Node Type": "Nested Loop", "Parent Relationship": "Outer", "Join Type": "Inner", "Startup Cost": 3.73, "Total Cost": 47261.14, "Plan Rows": 7042, "Plan Width": 42, "Actual Min Startup Time": 274.266, "Actual Max Startup Time": 274.266, "Actual Min Total Time": 566.048, "Actual Max Total Time": 566.048, "Inner Unique": false, "Join Filter": "(t.id = mk.movie_id)", "Rows Removed by Join Filter": 0, "Plans": [{"Node Type": "Nested Loop", "Parent Relationship": "Outer", "Join Type": "Inner", "Startup Cost": 3.4, "Total Cost": 43299.44, "Plan Rows": 873, "Plan Width": 54, "Actual Min Startup Time": 272.119, "Actual Max Startup Time": 272.119, "Actual Min Total Time": 560.403, "Actual Max Total Time": 560.403, "Inner Unique": false, "Join Filter": "(t.id = at.movie_id)", "Rows Removed by Join Filter": 0, "Plans": [{"Node Type": "Nested Loop", "Parent Relationship": "Outer", "Join Type": "Inner", "Startup Cost": 3.12, "Total Cost": 41220.32, "Plan Rows": 478, "Plan Width": 29, "Actual Min Startup Time": 271.341, "Actual Max Startup Time": 271.341, "Actual Min Total Time": 533.338, "Actual Max Total Time": 533.338, "Inner Unique": true, "Join Filter": "(mc.company_type_id = ct.id)", "Rows Removed by Join Filter": 11829, "Plans": [{"Node Type": "Nested Loop", "Parent Relationship": "Outer", "Join Type": "Inner", "Startup Cost": 3.12, "Total Cost": 41197.77, "Plan Rows": 478, "Plan Width": 33, "Actual Min Startup Time": 271.305, "Actual Max Startup Time": 271.305, "Actual Min Total Time": 524.282, "Actual Max Total Time": 524.282, "Inner Unique": true, "Plans": [{"Node Type": "Nested Loop", "Parent Relationship": "Outer", "Join Type": "Inner", "Startup Cost": 2.86, "Total Cost": 38764.82, "Plan Rows": 568, "Plan Width": 37, "Actual Min Startup Time": 271.235, "Actual Max Startup Time": 271.235, "Actual Min Total Time": 434.309, "Actual Max Total Time": 434.309, "Inner Unique": false, "Plans": [{"Node Type": "Nested Loop", "Parent Relationship": "Outer", "Join Type": "Inner", "Startup Cost": 2.58, "Total Cost": 37612.41, "Plan Rows": 266, "Plan Width": 25, "Actual Min Startup Time": 271.216, "Actual Max Startup Time": 271.216, "Actual Min Total Time": 351.952, "Actual Max Total Time": 351.952, "Inner Unique": true, "Plans": [{"Node Type": "Nested Loop", "Parent Relationship": "Outer", "Join Type": "Inner", "Startup Cost": 0.0, "Total Cost": 36344.91, "Plan Rows": 192, "Plan Width": 4, "Actual Min Startup Time": 271.149, "Actual Max Startup Time": 271.149, "Actual Min Total Time": 277.981, "Actual Max Total Time": 277.981, "Inner Unique": false, "Join Filter": "(it1.id = mi.info_type_id)", "Rows Removed by Join Filter": 131, "Plans": [{"Node Type": "Seq Scan", "Parent Relationship": "Outer", "Relation Name": "info_type", "Alias": "it1", "Startup Cost": 0.0, "Total Cost": 2.4, "Plan Rows": 1, "Plan Width": 4, "Actual Min Startup Time": 0.069, "Actual Max Startup Time": 0.069, "Actual Min Total Time": 0.101, "Actual Max Total Time": 0.101, "Filter": "((info)::text = 'release dates'::text)", "Rows Removed by Filter": 111, "Actual Rows": 1}, {"Node Type": "Materialize", "Parent Relationship": "Inner", "Startup Cost": 0.0, "Total Cost": 36208.32, "Plan Rows": 13419, "Plan Width": 8, "Actual Min Startup Time": 271.051, "Actual Max Startup Time": 271.051, "Actual Min Total Time": 272.853, "Actual Max Total Time": 272.853, "Plans": [{"Node Type": "Streaming(type: LOCAL GATHER dop: 1/16)", "Parent Relationship": "Outer", "Startup Cost": 0.0, "Total Cost": 36174.77, "Plan Rows": 13419, "Plan Width": 8, "Actual Min Startup Time": 92.282, "Actual Max Startup Time": 92.282, "Actual Min Total Time": 269.121, "Actual Max Total Time": 269.121, "Plans": [{"Node Type": "Seq Scan", "Parent Relationship": "Outer", "Relation Name": "movie_info", "Alias": "mi", "Startup Cost": 0.0, "Total Cost": 35885.16, "Plan Rows": 13419, "Plan Width": 8, "Actual Min Startup Time": 6.875, "Actual Max Startup Time": 73.08, "Actual Min Total Time": 246.654, "Actual Max Total Time": 253.793, "Filter": "((note)::text ~~ '%internet%'::text)", "Rows Removed by Filter": 14824909, "Actual Rows": 10810}], "Actual Rows": 10810}], "Actual Rows": 10811}], "Actual Rows": 10679}, {"Node Type": "Bitmap Heap Scan", "Parent Relationship": "Inner", "Relation Name": "title", "Alias": "t", "Startup Cost": 2.58, "Total Cost": 6.59, "Plan Rows": 1, "Plan Width": 21, "Actual Min Startup Time": 59.916, "Actual Max Startup Time": 59.916, "Actual Min Total Time": 59.916, "Actual Max Total Time": 59.916, "Recheck Cond": "(id = mi.movie_id)", "Rows Removed by Index Recheck": 0, "Filter": "(production_year > 1990)", "Rows Removed by Filter": 17, "Exact Heap Blocks": 10679, "Lossy Heap Blocks": 10679, "Plans": [{"Node Type": "Bitmap Index Scan", "Parent Relationship": "Outer", "Index Name": "title_pkey", "Startup Cost": 0.0, "Total Cost": 2.58, "Plan Rows": 1, "Plan Width": 0, "Actual Min Startup Time": 34.094, "Actual Max Startup Time": 34.094, "Actual Min Total Time": 34.094, "Actual Max Total Time": 34.094, "Index Cond": "(id = mi.movie_id)", "Actual Rows": 10679}], "Actual Rows": 10662}], "Actual Rows": 10662}, {"Node Type": "Bitmap Heap Scan", "Parent Relationship": "Inner", "Relation Name": "movie_companies", "Alias": "mc", "Startup Cost": 0.29, "Total Cost": 4.31, "Plan Rows": 2, "Plan Width": 12, "Actual Min Startup Time": 57.811, "Actual Max Startup Time": 57.811, "Actual Min Total Time": 65.875, "Actual Max Total Time": 65.875, "Recheck Cond": "(movie_id = t.id)", "Rows Removed by Index Recheck": 0, "Exact Heap Blocks": 11694, "Lossy Heap Blocks": 11694, "Plans": [{"Node Type": "Bitmap Index Scan", "Parent Relationship": "Outer", "Index Name": "movie_id_movie_companies", "Startup Cost": 0.0, "Total Cost": 0.29, "Plan Rows": 2, "Plan Width": 0, "Actual Min Startup Time": 37.824, "Actual Max Startup Time": 37.824, "Actual Min Total Time": 37.824, "Actual Max Total Time": 37.824, "Index Cond": "(movie_id = t.id)", "Actual Rows": 14377}], "Actual Rows": 14377}], "Actual Rows": 14377}, {"Node Type": "Bitmap Heap Scan", "Parent Relationship": "Inner", "Relation Name": "company_name", "Alias": "cn", "Startup Cost": 0.26, "Total Cost": 4.27, "Plan Rows": 1, "Plan Width": 4, "Actual Min Startup Time": 72.051, "Actual Max Startup Time": 72.051, "Actual Min Total Time": 72.051, "Actual Max Total Time": 72.051, "Recheck Cond": "(id = mc.company_id)", "Rows Removed by Index Recheck": 0, "Filter": "((country_code)::text = '[us]'::text)", "Rows Removed by Filter": 4520, "Exact Heap Blocks": 14377, "Lossy Heap Blocks": 14377, "Plans": [{"Node Type": "Bitmap Index Scan", "Parent Relationship": "Outer", "Index Name": "company_name_pkey", "Startup Cost": 0.0, "Total Cost": 0.26, "Plan Rows": 1, "Plan Width": 0, "Actual Min Startup Time": 40.969, "Actual Max Startup Time": 40.969, "Actual Min Total Time": 40.969, "Actual Max Total Time": 40.969, "Index Cond": "(id = mc.company_id)", "Actual Rows": 14377}], "Actual Rows": 9857}], "Actual Rows": 9857}, {"Node Type": "Materialize", "Parent Relationship": "Inner", "Startup Cost": 0.0, "Total Cost": 1.04, "Plan Rows": 3, "Plan Width": 4, "Actual Min Startup Time": 1.226, "Actual Max Startup Time": 1.226, "Actual Min Total Time": 2.285, "Actual Max Total Time": 2.285, "Plans": [{"Node Type": "Seq Scan", "Parent Relationship": "Outer", "Relation Name": "company_type", "Alias": "ct", "Startup Cost": 0.0, "Total Cost": 1.03, "Plan Rows": 3, "Plan Width": 4, "Actual Min Startup Time": 0.006, "Actual Max Startup Time": 0.006, "Actual Min Total Time": 0.008, "Actual Max Total Time": 0.008, "Actual Rows": 3}], "Actual Rows": 17743}], "Actual Rows": 5914}, {"Node Type": "Bitmap Heap Scan", "Parent Relationship": "Inner", "Relation Name": "aka_title", "Alias": "at", "Startup Cost": 0.27, "Total Cost": 4.31, "Plan Rows": 3, "Plan Width": 25, "Actual Min Startup Time": 19.414, "Actual Max Startup Time": 19.414, "Actual Min Total Time": 19.631, "Actual Max Total Time": 19.631, "Recheck Cond": "(movie_id = mc.movie_id)", "Rows Removed by Index Recheck": 0, "Exact Heap Blocks": 382, "Lossy Heap Blocks": 382, "Plans": [{"Node Type": "Bitmap Index Scan", "Parent Relationship": "Outer", "Index Name": "movie_id_aka_title", "Startup Cost": 0.0, "Total Cost": 0.27, "Plan Rows": 3, "Plan Width": 0, "Actual Min Startup Time": 15.855, "Actual Max Startup Time": 15.855, "Actual Min Total Time": 15.855, "Actual Max Total Time": 15.855, "Index Cond": "(movie_id = mc.movie_id)", "Actual Rows": 382}], "Actual Rows": 382}], "Actual Rows": 382}, {"Node Type": "Bitmap Heap Scan", "Parent Relationship": "Inner", "Relation Name": "movie_keyword", "Alias": "mk", "Startup Cost": 0.34, "Total Cost": 4.44, "Plan Rows": 8, "Plan Width": 8, "Actual Min Startup Time": 3.048, "Actual Max Startup Time": 3.048, "Actual Min Total Time": 3.624, "Actual Max Total Time": 3.624, "Recheck Cond": "(movie_id = mc.movie_id)", "Rows Removed by Index Recheck": 0, "Exact Heap Blocks": 276, "Lossy Heap Blocks": 276, "Plans": [{"Node Type": "Bitmap Index Scan", "Parent Relationship": "Outer", "Index Name": "movie_id_movie_keyword", "Startup Cost": 0.0, "Total Cost": 0.34, "Plan Rows": 8, "Plan Width": 0, "Actual Min Startup Time": 1.861, "Actual Max Startup Time": 1.861, "Actual Min Total Time": 1.861, "Actual Max Total Time": 1.861, "Index Cond": "(movie_id = mc.movie_id)", "Actual Rows": 4371}], "Actual Rows": 4371}], "Actual Rows": 4371}, {"Node Type": "Hash", "Parent Relationship": "Inner", "Startup Cost": 2100.69, "Total Cost": 2100.69, "Plan Rows": 134169, "Plan Width": 4, "Actual Min Startup Time": 72.635, "Actual Max Startup Time": 72.635, "Actual Min Total Time": 72.635, "Actual Max Total Time": 72.635, "Max Hash Buckets": 262144, "Min Hash Buckets": 262144, "Max Hash Batches": 1, "Min Hash Batches": 1, "Max Original Hash Batches": 1, "Min Original Hash Batches": 1, "Max Peak Memory Usage": 4717, "min Peak Memory Usage": 4717, "Plans": [{"Node Type": "Seq Scan", "Parent Relationship": "Outer", "Relation Name": "keyword", "Alias": "k", "Startup Cost": 0.0, "Total Cost": 2100.69, "Plan Rows": 134169, "Plan Width": 4, "Actual Min Startup Time": 0.039, "Actual Max Startup Time": 0.039, "Actual Min Total Time": 37.554, "Actual Max Total Time": 37.554, "Actual Rows": 134169}], "Actual Rows": 134169}], "Actual Rows": 4371}], "Actual Rows": 1}, "Triggers": [], "Planner Runtime": 434, "Total Runtime": 647.334, "Unique SQL Id": 2302223328}}, "(16, 35)": {"explain_plan": {"Plan": {"Node Type": "Aggregate", "Strategy": "Plain", "Startup Cost": 179483.79, "Total Cost": 179483.8, "Plan Rows": 1, "Plan Width": 102, "Plans": [{"Node Type": "Hash Join", "Parent Relationship": "Outer", "Join Type": "Inner", "Startup Cost": 9392.76, "Total Cost": 179449.26, "Plan Rows": 6905, "Plan Width": 38, "Inner Unique": true, "Hash Cond": "(mk.keyword_id = k.id)", "Plans": [{"Node Type": "Nested Loop", "Parent Relationship": "Outer", "Join Type": "Inner", "Startup Cost": 4862.32, "Total Cost": 174823.39, "Plan Rows": 7042, "Plan Width": 42, "Inner Unique": false, "Join Filter": "(t.id = mk.movie_id)", "Plans": [{"Node Type": "Nested Loop", "Parent Relationship": "Outer", "Join Type": "Inner", "Startup Cost": 4861.98, "Total Cost": 170861.69, "Plan Rows": 873, "Plan Width": 54, "Inner Unique": false, "Join Filter": "(t.id = at.movie_id)", "Plans": [{"Node Type": "Nested Loop", "Parent Relationship": "Outer", "Join Type": "Inner", "Startup Cost": 4861.71, "Total Cost": 168782.57, "Plan Rows": 478, "Plan Width": 29, "Inner Unique": true, "Join Filter": "(mc.company_type_id = ct.id)", "Plans": [{"Node Type": "Nested Loop", "Parent Relationship": "Outer", "Join Type": "Inner", "Startup Cost": 4853.44, "Total Cost": 168748.76, "Plan Rows": 478, "Plan Width": 33, "Inner Unique": true, "Plans": [{"Node Type": "Nested Loop", "Parent Relationship": "Outer", "Join Type": "Inner", "Startup Cost": 4853.18, "Total Cost": 166315.81, "Plan Rows": 568, "Plan Width": 37, "Inner Unique": false, "Plans": [{"Node Type": "Nested Loop", "Parent Relationship": "Outer", "Join Type": "Inner", "Startup Cost": 4852.89, "Total Cost": 165163.39, "Plan Rows": 266, "Plan Width": 25, "Inner Unique": true, "Plans": [{"Node Type": "Nested Loop", "Parent Relationship": "Outer", "Join Type": "Inner", "Startup Cost": 4850.32, "Total Cost": 163895.89, "Plan Rows": 192, "Plan Width": 4, "Inner Unique": false, "Plans": [{"Node Type": "Bitmap Heap Scan", "Parent Relationship": "Outer", "Relation Name": "info_type", "Alias": "it1", "Startup Cost": 8.81, "Total Cost": 14.21, "Plan Rows": 1, "Plan Width": 4, "Filter": "((info)::text = 'release dates'::text)", "Plans": [{"Node Type": "Bitmap Index Scan", "Parent Relationship": "Outer", "Index Name": "info_type_pkey", "Startup Cost": 0.0, "Total Cost": 8.81, "Plan Rows": 112, "Plan Width": 0}]}, {"Node Type": "Bitmap Heap Scan", "Parent Relationship": "Inner", "Relation Name": "movie_info", "Alias": "mi", "Startup Cost": 4841.51, "Total Cost": 163879.76, "Plan Rows": 192, "Plan Width": 8, "Recheck Cond": "(info_type_id = it1.id)", "Filter": "((note)::text ~~ '%internet%'::text)", "Plans": [{"Node Type": "Bitmap Index Scan", "Parent Relationship": "Outer", "Index Name": "info_type_id_movie_info", "Startup Cost": 0.0, "Total Cost": 4841.46, "Plan Rows": 212428, "Plan Width": 0, "Index Cond": "(info_type_id = it1.id)"}]}]}, {"Node Type": "Bitmap Heap Scan", "Parent Relationship": "Inner", "Relation Name": "title", "Alias": "t", "Startup Cost": 2.58, "Total Cost": 6.59, "Plan Rows": 1, "Plan Width": 21, "Recheck Cond": "(id = mi.movie_id)", "Filter": "(production_year > 1990)", "Plans": [{"Node Type": "Bitmap Index Scan", "Parent Relationship": "Outer", "Index Name": "title_pkey", "Startup Cost": 0.0, "Total Cost": 2.58, "Plan Rows": 1, "Plan Width": 0, "Index Cond": "(id = mi.movie_id)"}]}]}, {"Node Type": "Bitmap Heap Scan", "Parent Relationship": "Inner", "Relation Name": "movie_companies", "Alias": "mc", "Startup Cost": 0.29, "Total Cost": 4.31, "Plan Rows": 2, "Plan Width": 12, "Recheck Cond": "(movie_id = t.id)", "Plans": [{"Node Type": "Bitmap Index Scan", "Parent Relationship": "Outer", "Index Name": "movie_id_movie_companies", "Startup Cost": 0.0, "Total Cost": 0.29, "Plan Rows": 2, "Plan Width": 0, "Index Cond": "(movie_id = t.id)"}]}]}, {"Node Type": "Bitmap Heap Scan", "Parent Relationship": "Inner", "Relation Name": "company_name", "Alias": "cn", "Startup Cost": 0.26, "Total Cost": 4.27, "Plan Rows": 1, "Plan Width": 4, "Recheck Cond": "(id = mc.company_id)", "Filter": "((country_code)::text = '[us]'::text)", "Plans": [{"Node Type": "Bitmap Index Scan", "Parent Relationship": "Outer", "Index Name": "company_name_pkey", "Startup Cost": 0.0, "Total Cost": 0.26, "Plan Rows": 1, "Plan Width": 0, "Index Cond": "(id = mc.company_id)"}]}]}, {"Node Type": "Materialize", "Parent Relationship": "Inner", "Startup Cost": 8.27, "Total Cost": 12.31, "Plan Rows": 3, "Plan Width": 4, "Plans": [{"Node Type": "Bitmap Heap Scan", "Parent Relationship": "Outer", "Relation Name": "company_type", "Alias": "ct", "Startup Cost": 8.27, "Total Cost": 12.3, "Plan Rows": 3, "Plan Width": 4, "Plans": [{"Node Type": "Bitmap Index Scan", "Parent Relationship": "Outer", "Index Name": "company_type_pkey", "Startup Cost": 0.0, "Total Cost": 8.27, "Plan Rows": 3, "Plan Width": 0}]}]}]}, {"Node Type": "Bitmap Heap Scan", "Parent Relationship": "Inner", "Relation Name": "aka_title", "Alias": "at", "Startup Cost": 0.27, "Total Cost": 4.31, "Plan Rows": 3, "Plan Width": 25, "Recheck Cond": "(movie_id = mc.movie_id)", "Plans": [{"Node Type": "Bitmap Index Scan", "Parent Relationship": "Outer", "Index Name": "movie_id_aka_title", "Startup Cost": 0.0, "Total Cost": 0.27, "Plan Rows": 3, "Plan Width": 0, "Index Cond": "(movie_id = mc.movie_id)"}]}]}, {"Node Type": "Bitmap Heap Scan", "Parent Relationship": "Inner", "Relation Name": "movie_keyword", "Alias": "mk", "Startup Cost": 0.34, "Total Cost": 4.44, "Plan Rows": 8, "Plan Width": 8, "Recheck Cond": "(movie_id = mc.movie_id)", "Plans": [{"Node Type": "Bitmap Index Scan", "Parent Relationship": "Outer", "Index Name": "movie_id_movie_keyword", "Startup Cost": 0.0, "Total Cost": 0.34, "Plan Rows": 8, "Plan Width": 0, "Index Cond": "(movie_id = mc.movie_id)"}]}]}, {"Node Type": "Hash", "Parent Relationship": "Inner", "Startup Cost": 2853.33, "Total Cost": 2853.33, "Plan Rows": 134169, "Plan Width": 4, "Plans": [{"Node Type": "Bitmap Heap Scan", "Parent Relationship": "Outer", "Relation Name": "keyword", "Alias": "k", "Startup Cost": 752.64, "Total Cost": 2853.33, "Plan Rows": 134169, "Plan Width": 4, "Plans": [{"Node Type": "Bitmap Index Scan", "Parent Relationship": "Outer", "Index Name": "keyword_pkey", "Startup Cost": 0.0, "Total Cost": 719.1, "Plan Rows": 134169, "Plan Width": 0}]}]}]}]}, "Unique SQL Id": 2302223328, "Planner Runtime": 132}, "explain_analyze_plan": null}, "(16, 36)": {"explain_plan": {"Plan": {"Node Type": "Aggregate", "Strategy": "Plain", "Startup Cost": 40165.83, "Total Cost": 40165.84, "Plan Rows": 1, "Plan Width": 102, "Plans": [{"Node Type": "Nested Loop", "Parent Relationship": "Outer", "Join Type": "Inner", "Startup Cost": 0.0, "Total Cost": 40131.31, "Plan Rows": 6905, "Plan Width": 38, "Inner Unique": true, "Plans": [{"Node Type": "Nested Loop", "Parent Relationship": "Outer", "Join Type": "Inner", "Startup Cost": 0.0, "Total Cost": 38154.75, "Plan Rows": 7042, "Plan Width": 42, "Inner Unique": false, "Join Filter": "(t.id = mk.movie_id)", "Plans": [{"Node Type": "Nested Loop", "Parent Relationship": "Outer", "Join Type": "Inner", "Startup Cost": 0.0, "Total Cost": 37663.77, "Plan Rows": 873, "Plan Width": 54, "Inner Unique": true, "Join Filter": "(at.movie_id = t.id)", "Plans": [{"Node Type": "Nested Loop", "Parent Relationship": "Outer", "Join Type": "Inner", "Startup Cost": 0.0, "Total Cost": 37441.69, "Plan Rows": 630, "Plan Width": 33, "Inner Unique": true, "Join Filter": "(mc.company_type_id = ct.id)", "Plans": [{"Node Type": "Nested Loop", "Parent Relationship": "Outer", "Join Type": "Inner", "Startup Cost": 0.0, "Total Cost": 37412.3, "Plan Rows": 630, "Plan Width": 37, "Inner Unique": true, "Plans": [{"Node Type": "Nested Loop", "Parent Relationship": "Outer", "Join Type": "Inner", "Startup Cost": 0.0, "Total Cost": 37109.68, "Plan Rows": 1052, "Plan Width": 41, "Inner Unique": false, "Plans": [{"Node Type": "Nested Loop", "Parent Relationship": "Outer", "Join Type": "Inner", "Startup Cost": 0.0, "Total Cost": 36820.6, "Plan Rows": 490, "Plan Width": 29, "Inner Unique": false, "Plans": [{"Node Type": "Nested Loop", "Parent Relationship": "Outer", "Join Type": "Inner", "Startup Cost": 0.0, "Total Cost": 36344.91, "Plan Rows": 192, "Plan Width": 4, "Inner Unique": false, "Join Filter": "(it1.id = mi.info_type_id)", "Plans": [{"Node Type": "Seq Scan", "Parent Relationship": "Outer", "Relation Name": "info_type", "Alias": "it1", "Startup Cost": 0.0, "Total Cost": 2.4, "Plan Rows": 1, "Plan Width": 4, "Filter": "((info)::text = 'release dates'::text)"}, {"Node Type": "Materialize", "Parent Relationship": "Inner", "Startup Cost": 0.0, "Total Cost": 36208.32, "Plan Rows": 13419, "Plan Width": 8, "Plans": [{"Node Type": "Streaming(type: LOCAL GATHER dop: 1/16)", "Parent Relationship": "Outer", "Startup Cost": 0.0, "Total Cost": 36174.77, "Plan Rows": 13419, "Plan Width": 8, "Plans": [{"Node Type": "Seq Scan", "Parent Relationship": "Outer", "Relation Name": "movie_info", "Alias": "mi", "Startup Cost": 0.0, "Total Cost": 35885.16, "Plan Rows": 13419, "Plan Width": 8, "Filter": "((note)::text ~~ '%internet%'::text)"}]}]}]}, {"Node Type": "Index Scan", "Parent Relationship": "Inner", "Scan Direction": "Forward", "Index Name": "movie_id_aka_title", "Relation Name": "aka_title", "Alias": "at", "Startup Cost": 0.0, "Total Cost": 2.45, "Plan Rows": 3, "Plan Width": 25, "Index Cond": "(movie_id = mi.movie_id)"}]}, {"Node Type": "Index Scan", "Parent Relationship": "Inner", "Scan Direction": "Forward", "Index Name": "movie_id_movie_companies", "Relation Name": "movie_companies", "Alias": "mc", "Startup Cost": 0.0, "Total Cost": 0.57, "Plan Rows": 2, "Plan Width": 12, "Index Cond": "(movie_id = at.movie_id)"}]}, {"Node Type": "Index Scan", "Parent Relationship": "Inner", "Scan Direction": "Forward", "Index Name": "company_name_pkey", "Relation Name": "company_name", "Alias": "cn", "Startup Cost": 0.0, "Total Cost": 0.28, "Plan Rows": 1, "Plan Width": 4, "Index Cond": "(id = mc.company_id)", "Filter": "((country_code)::text = '[us]'::text)"}]}, {"Node Type": "Materialize", "Parent Relationship": "Inner", "Startup Cost": 0.0, "Total Cost": 1.04, "Plan Rows": 3, "Plan Width": 4, "Plans": [{"Node Type": "Seq Scan", "Parent Relationship": "Outer", "Relation Name": "company_type", "Alias": "ct", "Startup Cost": 0.0, "Total Cost": 1.03, "Plan Rows": 3, "Plan Width": 4}]}]}, {"Node Type": "Index Scan", "Parent Relationship": "Inner", "Scan Direction": "Forward", "Index Name": "title_pkey", "Relation Name": "title", "Alias": "t", "Startup Cost": 0.0, "Total Cost": 0.34, "Plan Rows": 1, "Plan Width": 21, "Index Cond": "(id = mc.movie_id)", "Filter": "(production_year > 1990)"}]}, {"Node Type": "Index Scan", "Parent Relationship": "Inner", "Scan Direction": "Forward", "Index Name": "movie_id_movie_keyword", "Relation Name": "movie_keyword", "Alias": "mk", "Startup Cost": 0.0, "Total Cost": 0.46, "Plan Rows": 8, "Plan Width": 8, "Index Cond": "(movie_id = mc.movie_id)"}]}, {"Node Type": "Index Scan", "Parent Relationship": "Inner", "Scan Direction": "Forward", "Index Name": "keyword_pkey", "Relation Name": "keyword", "Alias": "k", "Startup Cost": 0.0, "Total Cost": 0.27, "Plan Rows": 1, "Plan Width": 4, "Index Cond": "(id = mk.keyword_id)"}]}]}, "Unique SQL Id": 2302223328, "Planner Runtime": 316}, "explain_analyze_plan": {"Plan": {"Node Type": "Aggregate", "Strategy": "Plain", "Startup Cost": 40165.83, "Total Cost": 40165.84, "Plan Rows": 1, "Plan Width": 102, "Actual Min Startup Time": 401.893, "Actual Max Startup Time": 401.893, "Actual Min Total Time": 401.893, "Actual Max Total Time": 401.893, "Plans": [{"Node Type": "Nested Loop", "Parent Relationship": "Outer", "Join Type": "Inner", "Startup Cost": 0.0, "Total Cost": 40131.31, "Plan Rows": 6905, "Plan Width": 38, "Actual Min Startup Time": 312.975, "Actual Max Startup Time": 312.975, "Actual Min Total Time": 399.235, "Actual Max Total Time": 399.235, "Inner Unique": true, "Plans": [{"Node Type": "Nested Loop", "Parent Relationship": "Outer", "Join Type": "Inner", "Startup Cost": 0.0, "Total Cost": 38154.75, "Plan Rows": 7042, "Plan Width": 42, "Actual Min Startup Time": 312.962, "Actual Max Startup Time": 312.962, "Actual Min Total Time": 380.658, "Actual Max Total Time": 380.658, "Inner Unique": false, "Join Filter": "(t.id = mk.movie_id)", "Rows Removed by Join Filter": 0, "Plans": [{"Node Type": "Nested Loop", "Parent Relationship": "Outer", "Join Type": "Inner", "Startup Cost": 0.0, "Total Cost": 37663.77, "Plan Rows": 873, "Plan Width": 54, "Actual Min Startup Time": 312.627, "Actual Max Startup Time": 312.627, "Actual Min Total Time": 374.351, "Actual Max Total Time": 374.351, "Inner Unique": true, "Join Filter": "(at.movie_id = t.id)", "Rows Removed by Join Filter": 0, "Plans": [{"Node Type": "Nested Loop", "Parent Relationship": "Outer", "Join Type": "Inner", "Startup Cost": 0.0, "Total Cost": 37441.69, "Plan Rows": 630, "Plan Width": 33, "Actual Min Startup Time": 312.605, "Actual Max Startup Time": 312.605, "Actual Min Total Time": 371.527, "Actual Max Total Time": 371.527, "Inner Unique": true, "Join Filter": "(mc.company_type_id = ct.id)", "Rows Removed by Join Filter": 1542, "Plans": [{"Node Type": "Nested Loop", "Parent Relationship": "Outer", "Join Type": "Inner", "Startup Cost": 0.0, "Total Cost": 37412.3, "Plan Rows": 630, "Plan Width": 37, "Actual Min Startup Time": 312.588, "Actual Max Startup Time": 312.588, "Actual Min Total Time": 370.59, "Actual Max Total Time": 370.59, "Inner Unique": true, "Plans": [{"Node Type": "Nested Loop", "Parent Relationship": "Outer", "Join Type": "Inner", "Startup Cost": 0.0, "Total Cost": 37109.68, "Plan Rows": 1052, "Plan Width": 41, "Actual Min Startup Time": 312.569, "Actual Max Startup Time": 312.569, "Actual Min Total Time": 358.881, "Actual Max Total Time": 358.881, "Inner Unique": false, "Plans": [{"Node Type": "Nested Loop", "Parent Relationship": "Outer", "Join Type": "Inner", "Startup Cost": 0.0, "Total Cost": 36820.6, "Plan Rows": 490, "Plan Width": 29, "Actual Min Startup Time": 312.556, "Actual Max Startup Time": 312.556, "Actual Min Total Time": 352.512, "Actual Max Total Time": 352.512, "Inner Unique": false, "Plans": [{"Node Type": "Nested Loop", "Parent Relationship": "Outer", "Join Type": "Inner", "Startup Cost": 0.0, "Total Cost": 36344.91, "Plan Rows": 192, "Plan Width": 4, "Actual Min Startup Time": 312.194, "Actual Max Startup Time": 312.194, "Actual Min Total Time": 318.194, "Actual Max Total Time": 318.194, "Inner Unique": false, "Join Filter": "(it1.id = mi.info_type_id)", "Rows Removed by Join Filter": 131, "Plans": [{"Node Type": "Seq Scan", "Parent Relationship": "Outer", "Relation Name": "info_type", "Alias": "it1", "Startup Cost": 0.0, "Total Cost": 2.4, "Plan Rows": 1, "Plan Width": 4, "Actual Min Startup Time": 0.072, "Actual Max Startup Time": 0.072, "Actual Min Total Time": 0.118, "Actual Max Total Time": 0.118, "Filter": "((info)::text = 'release dates'::text)", "Rows Removed by Filter": 111, "Actual Rows": 1}, {"Node Type": "Materialize", "Parent Relationship": "Inner", "Startup Cost": 0.0, "Total Cost": 36208.32, "Plan Rows": 13419, "Plan Width": 8, "Actual Min Startup Time": 312.095, "Actual Max Startup Time": 312.095, "Actual Min Total Time": 313.882, "Actual Max Total Time": 313.882, "Plans": [{"Node Type": "Streaming(type: LOCAL GATHER dop: 1/16)", "Parent Relationship": "Outer", "Startup Cost": 0.0, "Total Cost": 36174.77, "Plan Rows": 13419, "Plan Width": 8, "Actual Min Startup Time": 107.965, "Actual Max Startup Time": 107.965, "Actual Min Total Time": 310.135, "Actual Max Total Time": 310.135, "Plans": [{"Node Type": "Seq Scan", "Parent Relationship": "Outer", "Relation Name": "movie_info", "Alias": "mi", "Startup Cost": 0.0, "Total Cost": 35885.16, "Plan Rows": 13419, "Plan Width": 8, "Actual Min Startup Time": 6.935, "Actual Max Startup Time": 77.015, "Actual Min Total Time": 251.804, "Actual Max Total Time": 278.5, "Filter": "((note)::text ~~ '%internet%'::text)", "Rows Removed by Filter": 14824909, "Actual Rows": 10810}], "Actual Rows": 10810}], "Actual Rows": 10811}], "Actual Rows": 10679}, {"Node Type": "Index Scan", "Parent Relationship": "Inner", "Scan Direction": "Forward", "Index Name": "movie_id_aka_title", "Relation Name": "aka_title", "Alias": "at", "Startup Cost": 0.0, "Total Cost": 2.45, "Plan Rows": 3, "Plan Width": 25, "Actual Min Startup Time": 28.676, "Actual Max Startup Time": 28.676, "Actual Min Total Time": 29.296, "Actual Max Total Time": 29.296, "Index Cond": "(movie_id = mi.movie_id)", "Rows Removed by Index Recheck": 0, "Actual Rows": 591}], "Actual Rows": 591}, {"Node Type": "Index Scan", "Parent Relationship": "Inner", "Scan Direction": "Forward", "Index Name": "movie_id_movie_companies", "Relation Name": "movie_companies", "Alias": "mc", "Startup Cost": 0.0, "Total Cost": 0.57, "Plan Rows": 2, "Plan Width": 12, "Actual Min Startup Time": 3.968, "Actual Max Startup Time": 3.968, "Actual Min Total Time": 5.514, "Actual Max Total Time": 5.514, "Index Cond": "(movie_id = at.movie_id)", "Rows Removed by Index Recheck": 0, "Actual Rows": 2130}], "Actual Rows": 2130}, {"Node Type": "Index Scan", "Parent Relationship": "Inner", "Scan Direction": "Forward", "Index Name": "company_name_pkey", "Relation Name": "company_name", "Alias": "cn", "Startup Cost": 0.0, "Total Cost": 0.28, "Plan Rows": 1, "Plan Width": 4, "Actual Min Startup Time": 10.29, "Actual Max Startup Time": 10.29, "Actual Min Total Time": 10.29, "Actual Max Total Time": 10.29, "Index Cond": "(id = mc.company_id)", "Rows Removed by Index Recheck": 0, "Filter": "((country_code)::text = '[us]'::text)", "Rows Removed by Filter": 1234, "Actual Rows": 896}], "Actual Rows": 896}, {"Node Type": "Materialize", "Parent Relationship": "Inner", "Startup Cost": 0.0, "Total Cost": 1.04, "Plan Rows": 3, "Plan Width": 4, "Actual Min Startup Time": 0.106, "Actual Max Startup Time": 0.106, "Actual Min Total Time": 0.238, "Actual Max Total Time": 0.238, "Plans": [{"Node Type": "Seq Scan", "Parent Relationship": "Outer", "Relation Name": "company_type", "Alias": "ct", "Startup Cost": 0.0, "Total Cost": 1.03, "Plan Rows": 3, "Plan Width": 4, "Actual Min Startup Time": 0.007, "Actual Max Startup Time": 0.007, "Actual Min Total Time": 0.01, "Actual Max Total Time": 0.01, "Actual Rows": 3}], "Actual Rows": 1924}], "Actual Rows": 382}, {"Node Type": "Index Scan", "Parent Relationship": "Inner", "Scan Direction": "Forward", "Index Name": "title_pkey", "Relation Name": "title", "Alias": "t", "Startup Cost": 0.0, "Total Cost": 0.34, "Plan Rows": 1, "Plan Width": 21, "Actual Min Startup Time": 2.308, "Actual Max Startup Time": 2.308, "Actual Min Total Time": 2.308, "Actual Max Total Time": 2.308, "Index Cond": "(id = mc.movie_id)", "Rows Removed by Index Recheck": 0, "Filter": "(production_year > 1990)", "Rows Removed by Filter": 0, "Actual Rows": 382}], "Actual Rows": 382}, {"Node Type": "Index Scan", "Parent Relationship": "Inner", "Scan Direction": "Forward", "Index Name": "movie_id_movie_keyword", "Relation Name": "movie_keyword", "Alias": "mk", "Startup Cost": 0.0, "Total Cost": 0.46, "Plan Rows": 8, "Plan Width": 8, "Actual Min Startup Time": 2.442, "Actual Max Startup Time": 2.442, "Actual Min Total Time": 4.368, "Actual Max Total Time": 4.368, "Index Cond": "(movie_id = mc.movie_id)", "Rows Removed by Index Recheck": 0, "Actual Rows": 4371}], "Actual Rows": 4371}, {"Node Type": "Index Scan", "Parent Relationship": "Inner", "Scan Direction": "Forward", "Index Name": "keyword_pkey", "Relation Name": "keyword", "Alias": "k", "Startup Cost": 0.0, "Total Cost": 0.27, "Plan Rows": 1, "Plan Width": 4, "Actual Min Startup Time": 15.266, "Actual Max Startup Time": 15.266, "Actual Min Total Time": 15.266, "Actual Max Total Time": 15.266, "Index Cond": "(id = mk.keyword_id)", "Rows Removed by Index Recheck": 0, "Actual Rows": 4371}], "Actual Rows": 4371}], "Actual Rows": 1}, "Triggers": [], "Planner Runtime": 316, "Total Runtime": 405.944, "Unique SQL Id": 2302223328}}, "(16, 37)": {"explain_plan": {"Plan": {"Node Type": "Aggregate", "Strategy": "Plain", "Startup Cost": 167728.08, "Total Cost": 167728.09, "Plan Rows": 1, "Plan Width": 102, "Plans": [{"Node Type": "Nested Loop", "Parent Relationship": "Outer", "Join Type": "Inner", "Startup Cost": 4841.51, "Total Cost": 167693.56, "Plan Rows": 6905, "Plan Width": 38, "Inner Unique": true, "Plans": [{"Node Type": "Nested Loop", "Parent Relationship": "Outer", "Join Type": "Inner", "Startup Cost": 4841.51, "Total Cost": 165716.99, "Plan Rows": 7042, "Plan Width": 42, "Inner Unique": false, "Join Filter": "(t.id = mk.movie_id)", "Plans": [{"Node Type": "Nested Loop", "Parent Relationship": "Outer", "Join Type": "Inner", "Startup Cost": 4841.51, "Total Cost": 165226.02, "Plan Rows": 873, "Plan Width": 54, "Inner Unique": true, "Join Filter": "(at.movie_id = t.id)", "Plans": [{"Node Type": "Nested Loop", "Parent Relationship": "Outer", "Join Type": "Inner", "Startup Cost": 4841.51, "Total Cost": 165003.93, "Plan Rows": 630, "Plan Width": 33, "Inner Unique": true, "Join Filter": "(mc.company_type_id = ct.id)", "Plans": [{"Node Type": "Nested Loop", "Parent Relationship": "Outer", "Join Type": "Inner", "Startup Cost": 4841.51, "Total Cost": 164963.28, "Plan Rows": 630, "Plan Width": 37, "Inner Unique": true, "Plans": [{"Node Type": "Nested Loop", "Parent Relationship": "Outer", "Join Type": "Inner", "Startup Cost": 4841.51, "Total Cost": 164660.66, "Plan Rows": 1052, "Plan Width": 41, "Inner Unique": false, "Plans": [{"Node Type": "Nested Loop", "Parent Relationship": "Outer", "Join Type": "Inner", "Startup Cost": 4841.51, "Total Cost": 164371.58, "Plan Rows": 490, "Plan Width": 29, "Inner Unique": false, "Plans": [{"Node Type": "Nested Loop", "Parent Relationship": "Outer", "Join Type": "Inner", "Startup Cost": 4841.51, "Total Cost": 163895.89, "Plan Rows": 192, "Plan Width": 4, "Inner Unique": false, "Plans": [{"Node Type": "Index Scan", "Parent Relationship": "Outer", "Scan Direction": "Forward", "Index Name": "info_type_pkey", "Relation Name": "info_type", "Alias": "it1", "Startup Cost": 0.0, "Total Cost": 14.21, "Plan Rows": 1, "Plan Width": 4, "Filter": "((info)::text = 'release dates'::text)"}, {"Node Type": "Bitmap Heap Scan", "Parent Relationship": "Inner", "Relation Name": "movie_info", "Alias": "mi", "Startup Cost": 4841.51, "Total Cost": 163879.76, "Plan Rows": 192, "Plan Width": 8, "Recheck Cond": "(info_type_id = it1.id)", "Filter": "((note)::text ~~ '%internet%'::text)", "Plans": [{"Node Type": "Bitmap Index Scan", "Parent Relationship": "Outer", "Index Name": "info_type_id_movie_info", "Startup Cost": 0.0, "Total Cost": 4841.46, "Plan Rows": 212428, "Plan Width": 0, "Index Cond": "(info_type_id = it1.id)"}]}]}, {"Node Type": "Index Scan", "Parent Relationship": "Inner", "Scan Direction": "Forward", "Index Name": "movie_id_aka_title", "Relation Name": "aka_title", "Alias": "at", "Startup Cost": 0.0, "Total Cost": 2.45, "Plan Rows": 3, "Plan Width": 25, "Index Cond": "(movie_id = mi.movie_id)"}]}, {"Node Type": "Index Scan", "Parent Relationship": "Inner", "Scan Direction": "Forward", "Index Name": "movie_id_movie_companies", "Relation Name": "movie_companies", "Alias": "mc", "Startup Cost": 0.0, "Total Cost": 0.57, "Plan Rows": 2, "Plan Width": 12, "Index Cond": "(movie_id = at.movie_id)"}]}, {"Node Type": "Index Scan", "Parent Relationship": "Inner", "Scan Direction": "Forward", "Index Name": "company_name_pkey", "Relation Name": "company_name", "Alias": "cn", "Startup Cost": 0.0, "Total Cost": 0.28, "Plan Rows": 1, "Plan Width": 4, "Index Cond": "(id = mc.company_id)", "Filter": "((country_code)::text = '[us]'::text)"}]}, {"Node Type": "Materialize", "Parent Relationship": "Inner", "Startup Cost": 0.0, "Total Cost": 12.31, "Plan Rows": 3, "Plan Width": 4, "Plans": [{"Node Type": "Index Scan", "Parent Relationship": "Outer", "Scan Direction": "Forward", "Index Name": "company_type_pkey", "Relation Name": "company_type", "Alias": "ct", "Startup Cost": 0.0, "Total Cost": 12.29, "Plan Rows": 3, "Plan Width": 4}]}]}, {"Node Type": "Index Scan", "Parent Relationship": "Inner", "Scan Direction": "Forward", "Index Name": "title_pkey", "Relation Name": "title", "Alias": "t", "Startup Cost": 0.0, "Total Cost": 0.34, "Plan Rows": 1, "Plan Width": 21, "Index Cond": "(id = mc.movie_id)", "Filter": "(production_year > 1990)"}]}, {"Node Type": "Index Scan", "Parent Relationship": "Inner", "Scan Direction": "Forward", "Index Name": "movie_id_movie_keyword", "Relation Name": "movie_keyword", "Alias": "mk", "Startup Cost": 0.0, "Total Cost": 0.46, "Plan Rows": 8, "Plan Width": 8, "Index Cond": "(movie_id = mc.movie_id)"}]}, {"Node Type": "Index Scan", "Parent Relationship": "Inner", "Scan Direction": "Forward", "Index Name": "keyword_pkey", "Relation Name": "keyword", "Alias": "k", "Startup Cost": 0.0, "Total Cost": 0.27, "Plan Rows": 1, "Plan Width": 4, "Index Cond": "(id = mk.keyword_id)"}]}]}, "Unique SQL Id": 2302223328, "Planner Runtime": 271}, "explain_analyze_plan": {"Plan": {"Node Type": "Aggregate", "Strategy": "Plain", "Startup Cost": 167728.08, "Total Cost": 167728.09, "Plan Rows": 1, "Plan Width": 102, "Actual Startup Time": 1543.348, "Actual Total Time": 1543.348, "Actual Rows": 1, "Actual Loops": 1, "Plans": [{"Node Type": "Nested Loop", "Parent Relationship": "Outer", "Join Type": "Inner", "Startup Cost": 4841.51, "Total Cost": 167693.56, "Plan Rows": 6905, "Plan Width": 38, "Actual Startup Time": 415.594, "Actual Total Time": 1540.39, "Actual Rows": 4371, "Actual Loops": 1, "Inner Unique": true, "Plans": [{"Node Type": "Nested Loop", "Parent Relationship": "Outer", "Join Type": "Inner", "Startup Cost": 4841.51, "Total Cost": 165716.99, "Plan Rows": 7042, "Plan Width": 42, "Actual Startup Time": 415.58, "Actual Total Time": 1522.087, "Actual Rows": 4371, "Actual Loops": 1, "Inner Unique": false, "Join Filter": "(t.id = mk.movie_id)", "Rows Removed by Join Filter": 0, "Plans": [{"Node Type": "Nested Loop", "Parent Relationship": "Outer", "Join Type": "Inner", "Startup Cost": 4841.51, "Total Cost": 165226.02, "Plan Rows": 873, "Plan Width": 54, "Actual Startup Time": 391.104, "Actual Total Time": 1516.026, "Actual Rows": 382, "Actual Loops": 1, "Inner Unique": true, "Join Filter": "(at.movie_id = t.id)", "Rows Removed by Join Filter": 0, "Plans": [{"Node Type": "Nested Loop", "Parent Relationship": "Outer", "Join Type": "Inner", "Startup Cost": 4841.51, "Total Cost": 165003.93, "Plan Rows": 630, "Plan Width": 33, "Actual Startup Time": 391.082, "Actual Total Time": 1513.171, "Actual Rows": 382, "Actual Loops": 1, "Inner Unique": true, "Join Filter": "(mc.company_type_id = ct.id)", "Rows Removed by Join Filter": 1542, "Plans": [{"Node Type": "Nested Loop", "Parent Relationship": "Outer", "Join Type": "Inner", "Startup Cost": 4841.51, "Total Cost": 164963.28, "Plan Rows": 630, "Plan Width": 37, "Actual Startup Time": 386.358, "Actual Total Time": 1511.892, "Actual Rows": 896, "Actual Loops": 1, "Inner Unique": true, "Plans": [{"Node Type": "Nested Loop", "Parent Relationship": "Outer", "Join Type": "Inner", "Startup Cost": 4841.51, "Total Cost": 164660.66, "Plan Rows": 1052, "Plan Width": 41, "Actual Startup Time": 386.335, "Actual Total Time": 1500.134, "Actual Rows": 2130, "Actual Loops": 1, "Inner Unique": false, "Plans": [{"Node Type": "Nested Loop", "Parent Relationship": "Outer", "Join Type": "Inner", "Startup Cost": 4841.51, "Total Cost": 164371.58, "Plan Rows": 490, "Plan Width": 29, "Actual Startup Time": 383.156, "Actual Total Time": 1494.182, "Actual Rows": 591, "Actual Loops": 1, "Inner Unique": false, "Plans": [{"Node Type": "Nested Loop", "Parent Relationship": "Outer", "Join Type": "Inner", "Startup Cost": 4841.51, "Total Cost": 163895.89, "Plan Rows": 192, "Plan Width": 4, "Actual Startup Time": 382.715, "Actual Total Time": 1460.316, "Actual Rows": 10679, "Actual Loops": 1, "Inner Unique": false, "Plans": [{"Node Type": "Index Scan", "Parent Relationship": "Outer", "Scan Direction": "Forward", "Index Name": "info_type_pkey", "Relation Name": "info_type", "Alias": "it1", "Startup Cost": 0.0, "Total Cost": 14.21, "Plan Rows": 1, "Plan Width": 4, "Actual Startup Time": 0.063, "Actual Total Time": 0.109, "Actual Rows": 1, "Actual Loops": 1, "Filter": "((info)::text = 'release dates'::text)", "Rows Removed by Filter": 111}, {"Node Type": "Bitmap Heap Scan", "Parent Relationship": "Inner", "Relation Name": "movie_info", "Alias": "mi", "Startup Cost": 4841.51, "Total Cost": 163879.76, "Plan Rows": 192, "Plan Width": 8, "Actual Startup Time": 382.641, "Actual Total Time": 1457.689, "Actual Rows": 10679, "Actual Loops": 1, "Recheck Cond": "(info_type_id = it1.id)", "Rows Removed by Index Recheck": 0, "Filter": "((note)::text ~~ '%internet%'::text)", "Rows Removed by Filter": 3026040, "Exact Heap Blocks": 21947, "Lossy Heap Blocks": 21947, "Plans": [{"Node Type": "Bitmap Index Scan", "Parent Relationship": "Outer", "Index Name": "info_type_id_movie_info", "Startup Cost": 0.0, "Total Cost": 4841.46, "Plan Rows": 212428, "Plan Width": 0, "Actual Startup Time": 377.682, "Actual Total Time": 377.682, "Actual Rows": 3036719, "Actual Loops": 1, "Index Cond": "(info_type_id = it1.id)"}]}]}, {"Node Type": "Index Scan", "Parent Relationship": "Inner", "Scan Direction": "Forward", "Index Name": "movie_id_aka_title", "Relation Name": "aka_title", "Alias": "at", "Startup Cost": 0.0, "Total Cost": 2.45, "Plan Rows": 3, "Plan Width": 25, "Actual Startup Time": 27.288, "Actual Total Time": 27.846, "Actual Rows": 591, "Actual Loops": 10679, "Index Cond": "(movie_id = mi.movie_id)", "Rows Removed by Index Recheck": 0}]}, {"Node Type": "Index Scan", "Parent Relationship": "Inner", "Scan Direction": "Forward", "Index Name": "movie_id_movie_companies", "Relation Name": "movie_companies", "Alias": "mc", "Startup Cost": 0.0, "Total Cost": 0.57, "Plan Rows": 2, "Plan Width": 12, "Actual Startup Time": 3.369, "Actual Total Time": 4.802, "Actual Rows": 2130, "Actual Loops": 591, "Index Cond": "(movie_id = at.movie_id)", "Rows Removed by Index Recheck": 0}]}, {"Node Type": "Index Scan", "Parent Relationship": "Inner", "Scan Direction": "Forward", "Index Name": "company_name_pkey", "Relation Name": "company_name", "Alias": "cn", "Startup Cost": 0.0, "Total Cost": 0.28, "Plan Rows": 1, "Plan Width": 4, "Actual Startup Time": 10.036, "Actual Total Time": 10.036, "Actual Rows": 896, "Actual Loops": 2130, "Index Cond": "(id = mc.company_id)", "Rows Removed by Index Recheck": 0, "Filter": "((country_code)::text = '[us]'::text)", "Rows Removed by Filter": 1234}]}, {"Node Type": "Materialize", "Parent Relationship": "Inner", "Startup Cost": 0.0, "Total Cost": 12.31, "Plan Rows": 3, "Plan Width": 4, "Actual Startup Time": 0.22, "Actual Total Time": 0.358, "Actual Rows": 1924, "Actual Loops": 896, "Plans": [{"Node Type": "Index Scan", "Parent Relationship": "Outer", "Scan Direction": "Forward", "Index Name": "company_type_pkey", "Relation Name": "company_type", "Alias": "ct", "Startup Cost": 0.0, "Total Cost": 12.29, "Plan Rows": 3, "Plan Width": 4, "Actual Startup Time": 0.009, "Actual Total Time": 0.01, "Actual Rows": 3, "Actual Loops": 1}]}]}, {"Node Type": "Index Scan", "Parent Relationship": "Inner", "Scan Direction": "Forward", "Index Name": "title_pkey", "Relation Name": "title", "Alias": "t", "Startup Cost": 0.0, "Total Cost": 0.34, "Plan Rows": 1, "Plan Width": 21, "Actual Startup Time": 2.147, "Actual Total Time": 2.147, "Actual Rows": 382, "Actual Loops": 382, "Index Cond": "(id = mc.movie_id)", "Rows Removed by Index Recheck": 0, "Filter": "(production_year > 1990)", "Rows Removed by Filter": 0}]}, {"Node Type": "Index Scan", "Parent Relationship": "Inner", "Scan Direction": "Forward", "Index Name": "movie_id_movie_keyword", "Relation Name": "movie_keyword", "Alias": "mk", "Startup Cost": 0.0, "Total Cost": 0.46, "Plan Rows": 8, "Plan Width": 8, "Actual Startup Time": 2.14, "Actual Total Time": 3.997, "Actual Rows": 4371, "Actual Loops": 382, "Index Cond": "(movie_id = mc.movie_id)", "Rows Removed by Index Recheck": 0}]}, {"Node Type": "Index Scan", "Parent Relationship": "Inner", "Scan Direction": "Forward", "Index Name": "keyword_pkey", "Relation Name": "keyword", "Alias": "k", "Startup Cost": 0.0, "Total Cost": 0.27, "Plan Rows": 1, "Plan Width": 4, "Actual Startup Time": 14.867, "Actual Total Time": 14.867, "Actual Rows": 4371, "Actual Loops": 4371, "Index Cond": "(id = mk.keyword_id)", "Rows Removed by Index Recheck": 0}]}]}, "Triggers": [], "Planner Runtime": 271, "Total Runtime": 1543.996, "Unique SQL Id": 2302223328}}, "(16, 38)": {"explain_plan": {"Plan": {"Node Type": "Aggregate", "Strategy": "Plain", "Startup Cost": 51168.9, "Total Cost": 51168.91, "Plan Rows": 1, "Plan Width": 102, "Plans": [{"Node Type": "Hash Join", "Parent Relationship": "Outer", "Join Type": "Inner", "Startup Cost": 3781.54, "Total Cost": 51134.38, "Plan Rows": 6905, "Plan Width": 38, "Inner Unique": true, "Hash Cond": "(mk.keyword_id = k.id)", "Plans": [{"Node Type": "Nested Loop", "Parent Relationship": "Outer", "Join Type": "Inner", "Startup Cost": 3.73, "Total Cost": 47261.14, "Plan Rows": 7042, "Plan Width": 42, "Inner Unique": false, "Join Filter": "(t.id = mk.movie_id)", "Plans": [{"Node Type": "Nested Loop", "Parent Relationship": "Outer", "Join Type": "Inner", "Startup Cost": 3.4, "Total Cost": 43299.44, "Plan Rows": 873, "Plan Width": 54, "Inner Unique": false, "Join Filter": "(t.id = at.movie_id)", "Plans": [{"Node Type": "Nested Loop", "Parent Relationship": "Outer", "Join Type": "Inner", "Startup Cost": 3.12, "Total Cost": 41220.32, "Plan Rows": 478, "Plan Width": 29, "Inner Unique": true, "Join Filter": "(mc.company_type_id = ct.id)", "Plans": [{"Node Type": "Nested Loop", "Parent Relationship": "Outer", "Join Type": "Inner", "Startup Cost": 3.12, "Total Cost": 41197.77, "Plan Rows": 478, "Plan Width": 33, "Inner Unique": true, "Plans": [{"Node Type": "Nested Loop", "Parent Relationship": "Outer", "Join Type": "Inner", "Startup Cost": 2.86, "Total Cost": 38764.82, "Plan Rows": 568, "Plan Width": 37, "Inner Unique": false, "Plans": [{"Node Type": "Nested Loop", "Parent Relationship": "Outer", "Join Type": "Inner", "Startup Cost": 2.58, "Total Cost": 37612.41, "Plan Rows": 266, "Plan Width": 25, "Inner Unique": true, "Plans": [{"Node Type": "Nested Loop", "Parent Relationship": "Outer", "Join Type": "Inner", "Startup Cost": 0.0, "Total Cost": 36344.91, "Plan Rows": 192, "Plan Width": 4, "Inner Unique": false, "Join Filter": "(it1.id = mi.info_type_id)", "Plans": [{"Node Type": "Seq Scan", "Parent Relationship": "Outer", "Relation Name": "info_type", "Alias": "it1", "Startup Cost": 0.0, "Total Cost": 2.4, "Plan Rows": 1, "Plan Width": 4, "Filter": "((info)::text = 'release dates'::text)"}, {"Node Type": "Materialize", "Parent Relationship": "Inner", "Startup Cost": 0.0, "Total Cost": 36208.32, "Plan Rows": 13419, "Plan Width": 8, "Plans": [{"Node Type": "Streaming(type: LOCAL GATHER dop: 1/16)", "Parent Relationship": "Outer", "Startup Cost": 0.0, "Total Cost": 36174.77, "Plan Rows": 13419, "Plan Width": 8, "Plans": [{"Node Type": "Seq Scan", "Parent Relationship": "Outer", "Relation Name": "movie_info", "Alias": "mi", "Startup Cost": 0.0, "Total Cost": 35885.16, "Plan Rows": 13419, "Plan Width": 8, "Filter": "((note)::text ~~ '%internet%'::text)"}]}]}]}, {"Node Type": "Bitmap Heap Scan", "Parent Relationship": "Inner", "Relation Name": "title", "Alias": "t", "Startup Cost": 2.58, "Total Cost": 6.59, "Plan Rows": 1, "Plan Width": 21, "Recheck Cond": "(id = mi.movie_id)", "Filter": "(production_year > 1990)", "Plans": [{"Node Type": "Bitmap Index Scan", "Parent Relationship": "Outer", "Index Name": "title_pkey", "Startup Cost": 0.0, "Total Cost": 2.58, "Plan Rows": 1, "Plan Width": 0, "Index Cond": "(id = mi.movie_id)"}]}]}, {"Node Type": "Bitmap Heap Scan", "Parent Relationship": "Inner", "Relation Name": "movie_companies", "Alias": "mc", "Startup Cost": 0.29, "Total Cost": 4.31, "Plan Rows": 2, "Plan Width": 12, "Recheck Cond": "(movie_id = t.id)", "Plans": [{"Node Type": "Bitmap Index Scan", "Parent Relationship": "Outer", "Index Name": "movie_id_movie_companies", "Startup Cost": 0.0, "Total Cost": 0.29, "Plan Rows": 2, "Plan Width": 0, "Index Cond": "(movie_id = t.id)"}]}]}, {"Node Type": "Bitmap Heap Scan", "Parent Relationship": "Inner", "Relation Name": "company_name", "Alias": "cn", "Startup Cost": 0.26, "Total Cost": 4.27, "Plan Rows": 1, "Plan Width": 4, "Recheck Cond": "(id = mc.company_id)", "Filter": "((country_code)::text = '[us]'::text)", "Plans": [{"Node Type": "Bitmap Index Scan", "Parent Relationship": "Outer", "Index Name": "company_name_pkey", "Startup Cost": 0.0, "Total Cost": 0.26, "Plan Rows": 1, "Plan Width": 0, "Index Cond": "(id = mc.company_id)"}]}]}, {"Node Type": "Materialize", "Parent Relationship": "Inner", "Startup Cost": 0.0, "Total Cost": 1.04, "Plan Rows": 3, "Plan Width": 4, "Plans": [{"Node Type": "Seq Scan", "Parent Relationship": "Outer", "Relation Name": "company_type", "Alias": "ct", "Startup Cost": 0.0, "Total Cost": 1.03, "Plan Rows": 3, "Plan Width": 4}]}]}, {"Node Type": "Bitmap Heap Scan", "Parent Relationship": "Inner", "Relation Name": "aka_title", "Alias": "at", "Startup Cost": 0.27, "Total Cost": 4.31, "Plan Rows": 3, "Plan Width": 25, "Recheck Cond": "(movie_id = mc.movie_id)", "Plans": [{"Node Type": "Bitmap Index Scan", "Parent Relationship": "Outer", "Index Name": "movie_id_aka_title", "Startup Cost": 0.0, "Total Cost": 0.27, "Plan Rows": 3, "Plan Width": 0, "Index Cond": "(movie_id = mc.movie_id)"}]}]}, {"Node Type": "Bitmap Heap Scan", "Parent Relationship": "Inner", "Relation Name": "movie_keyword", "Alias": "mk", "Startup Cost": 0.34, "Total Cost": 4.44, "Plan Rows": 8, "Plan Width": 8, "Recheck Cond": "(movie_id = mc.movie_id)", "Plans": [{"Node Type": "Bitmap Index Scan", "Parent Relationship": "Outer", "Index Name": "movie_id_movie_keyword", "Startup Cost": 0.0, "Total Cost": 0.34, "Plan Rows": 8, "Plan Width": 0, "Index Cond": "(movie_id = mc.movie_id)"}]}]}, {"Node Type": "Hash", "Parent Relationship": "Inner", "Startup Cost": 2100.69, "Total Cost": 2100.69, "Plan Rows": 134169, "Plan Width": 4, "Plans": [{"Node Type": "Seq Scan", "Parent Relationship": "Outer", "Relation Name": "keyword", "Alias": "k", "Startup Cost": 0.0, "Total Cost": 2100.69, "Plan Rows": 134169, "Plan Width": 4}]}]}]}, "Unique SQL Id": 2302223328, "Planner Runtime": 434}, "explain_analyze_plan": {"Plan": {"Node Type": "Aggregate", "Strategy": "Plain", "Startup Cost": 51168.9, "Total Cost": 51168.91, "Plan Rows": 1, "Plan Width": 102, "Actual Min Startup Time": 643.633, "Actual Max Startup Time": 643.633, "Actual Min Total Time": 643.633, "Actual Max Total Time": 643.633, "Plans": [{"Node Type": "Hash Join", "Parent Relationship": "Outer", "Join Type": "Inner", "Startup Cost": 3781.54, "Total Cost": 51134.38, "Plan Rows": 6905, "Plan Width": 38, "Actual Min Startup Time": 347.142, "Actual Max Startup Time": 347.142, "Actual Min Total Time": 641.115, "Actual Max Total Time": 641.115, "Inner Unique": true, "Hash Cond": "(mk.keyword_id = k.id)", "Plans": [{"Node Type": "Nested Loop", "Parent Relationship": "Outer", "Join Type": "Inner", "Startup Cost": 3.73, "Total Cost": 47261.14, "Plan Rows": 7042, "Plan Width": 42, "Actual Min Startup Time": 274.266, "Actual Max Startup Time": 274.266, "Actual Min Total Time": 566.048, "Actual Max Total Time": 566.048, "Inner Unique": false, "Join Filter": "(t.id = mk.movie_id)", "Rows Removed by Join Filter": 0, "Plans": [{"Node Type": "Nested Loop", "Parent Relationship": "Outer", "Join Type": "Inner", "Startup Cost": 3.4, "Total Cost": 43299.44, "Plan Rows": 873, "Plan Width": 54, "Actual Min Startup Time": 272.119, "Actual Max Startup Time": 272.119, "Actual Min Total Time": 560.403, "Actual Max Total Time": 560.403, "Inner Unique": false, "Join Filter": "(t.id = at.movie_id)", "Rows Removed by Join Filter": 0, "Plans": [{"Node Type": "Nested Loop", "Parent Relationship": "Outer", "Join Type": "Inner", "Startup Cost": 3.12, "Total Cost": 41220.32, "Plan Rows": 478, "Plan Width": 29, "Actual Min Startup Time": 271.341, "Actual Max Startup Time": 271.341, "Actual Min Total Time": 533.338, "Actual Max Total Time": 533.338, "Inner Unique": true, "Join Filter": "(mc.company_type_id = ct.id)", "Rows Removed by Join Filter": 11829, "Plans": [{"Node Type": "Nested Loop", "Parent Relationship": "Outer", "Join Type": "Inner", "Startup Cost": 3.12, "Total Cost": 41197.77, "Plan Rows": 478, "Plan Width": 33, "Actual Min Startup Time": 271.305, "Actual Max Startup Time": 271.305, "Actual Min Total Time": 524.282, "Actual Max Total Time": 524.282, "Inner Unique": true, "Plans": [{"Node Type": "Nested Loop", "Parent Relationship": "Outer", "Join Type": "Inner", "Startup Cost": 2.86, "Total Cost": 38764.82, "Plan Rows": 568, "Plan Width": 37, "Actual Min Startup Time": 271.235, "Actual Max Startup Time": 271.235, "Actual Min Total Time": 434.309, "Actual Max Total Time": 434.309, "Inner Unique": false, "Plans": [{"Node Type": "Nested Loop", "Parent Relationship": "Outer", "Join Type": "Inner", "Startup Cost": 2.58, "Total Cost": 37612.41, "Plan Rows": 266, "Plan Width": 25, "Actual Min Startup Time": 271.216, "Actual Max Startup Time": 271.216, "Actual Min Total Time": 351.952, "Actual Max Total Time": 351.952, "Inner Unique": true, "Plans": [{"Node Type": "Nested Loop", "Parent Relationship": "Outer", "Join Type": "Inner", "Startup Cost": 0.0, "Total Cost": 36344.91, "Plan Rows": 192, "Plan Width": 4, "Actual Min Startup Time": 271.149, "Actual Max Startup Time": 271.149, "Actual Min Total Time": 277.981, "Actual Max Total Time": 277.981, "Inner Unique": false, "Join Filter": "(it1.id = mi.info_type_id)", "Rows Removed by Join Filter": 131, "Plans": [{"Node Type": "Seq Scan", "Parent Relationship": "Outer", "Relation Name": "info_type", "Alias": "it1", "Startup Cost": 0.0, "Total Cost": 2.4, "Plan Rows": 1, "Plan Width": 4, "Actual Min Startup Time": 0.069, "Actual Max Startup Time": 0.069, "Actual Min Total Time": 0.101, "Actual Max Total Time": 0.101, "Filter": "((info)::text = 'release dates'::text)", "Rows Removed by Filter": 111, "Actual Rows": 1}, {"Node Type": "Materialize", "Parent Relationship": "Inner", "Startup Cost": 0.0, "Total Cost": 36208.32, "Plan Rows": 13419, "Plan Width": 8, "Actual Min Startup Time": 271.051, "Actual Max Startup Time": 271.051, "Actual Min Total Time": 272.853, "Actual Max Total Time": 272.853, "Plans": [{"Node Type": "Streaming(type: LOCAL GATHER dop: 1/16)", "Parent Relationship": "Outer", "Startup Cost": 0.0, "Total Cost": 36174.77, "Plan Rows": 13419, "Plan Width": 8, "Actual Min Startup Time": 92.282, "Actual Max Startup Time": 92.282, "Actual Min Total Time": 269.121, "Actual Max Total Time": 269.121, "Plans": [{"Node Type": "Seq Scan", "Parent Relationship": "Outer", "Relation Name": "movie_info", "Alias": "mi", "Startup Cost": 0.0, "Total Cost": 35885.16, "Plan Rows": 13419, "Plan Width": 8, "Actual Min Startup Time": 6.875, "Actual Max Startup Time": 73.08, "Actual Min Total Time": 246.654, "Actual Max Total Time": 253.793, "Filter": "((note)::text ~~ '%internet%'::text)", "Rows Removed by Filter": 14824909, "Actual Rows": 10810}], "Actual Rows": 10810}], "Actual Rows": 10811}], "Actual Rows": 10679}, {"Node Type": "Bitmap Heap Scan", "Parent Relationship": "Inner", "Relation Name": "title", "Alias": "t", "Startup Cost": 2.58, "Total Cost": 6.59, "Plan Rows": 1, "Plan Width": 21, "Actual Min Startup Time": 59.916, "Actual Max Startup Time": 59.916, "Actual Min Total Time": 59.916, "Actual Max Total Time": 59.916, "Recheck Cond": "(id = mi.movie_id)", "Rows Removed by Index Recheck": 0, "Filter": "(production_year > 1990)", "Rows Removed by Filter": 17, "Exact Heap Blocks": 10679, "Lossy Heap Blocks": 10679, "Plans": [{"Node Type": "Bitmap Index Scan", "Parent Relationship": "Outer", "Index Name": "title_pkey", "Startup Cost": 0.0, "Total Cost": 2.58, "Plan Rows": 1, "Plan Width": 0, "Actual Min Startup Time": 34.094, "Actual Max Startup Time": 34.094, "Actual Min Total Time": 34.094, "Actual Max Total Time": 34.094, "Index Cond": "(id = mi.movie_id)", "Actual Rows": 10679}], "Actual Rows": 10662}], "Actual Rows": 10662}, {"Node Type": "Bitmap Heap Scan", "Parent Relationship": "Inner", "Relation Name": "movie_companies", "Alias": "mc", "Startup Cost": 0.29, "Total Cost": 4.31, "Plan Rows": 2, "Plan Width": 12, "Actual Min Startup Time": 57.811, "Actual Max Startup Time": 57.811, "Actual Min Total Time": 65.875, "Actual Max Total Time": 65.875, "Recheck Cond": "(movie_id = t.id)", "Rows Removed by Index Recheck": 0, "Exact Heap Blocks": 11694, "Lossy Heap Blocks": 11694, "Plans": [{"Node Type": "Bitmap Index Scan", "Parent Relationship": "Outer", "Index Name": "movie_id_movie_companies", "Startup Cost": 0.0, "Total Cost": 0.29, "Plan Rows": 2, "Plan Width": 0, "Actual Min Startup Time": 37.824, "Actual Max Startup Time": 37.824, "Actual Min Total Time": 37.824, "Actual Max Total Time": 37.824, "Index Cond": "(movie_id = t.id)", "Actual Rows": 14377}], "Actual Rows": 14377}], "Actual Rows": 14377}, {"Node Type": "Bitmap Heap Scan", "Parent Relationship": "Inner", "Relation Name": "company_name", "Alias": "cn", "Startup Cost": 0.26, "Total Cost": 4.27, "Plan Rows": 1, "Plan Width": 4, "Actual Min Startup Time": 72.051, "Actual Max Startup Time": 72.051, "Actual Min Total Time": 72.051, "Actual Max Total Time": 72.051, "Recheck Cond": "(id = mc.company_id)", "Rows Removed by Index Recheck": 0, "Filter": "((country_code)::text = '[us]'::text)", "Rows Removed by Filter": 4520, "Exact Heap Blocks": 14377, "Lossy Heap Blocks": 14377, "Plans": [{"Node Type": "Bitmap Index Scan", "Parent Relationship": "Outer", "Index Name": "company_name_pkey", "Startup Cost": 0.0, "Total Cost": 0.26, "Plan Rows": 1, "Plan Width": 0, "Actual Min Startup Time": 40.969, "Actual Max Startup Time": 40.969, "Actual Min Total Time": 40.969, "Actual Max Total Time": 40.969, "Index Cond": "(id = mc.company_id)", "Actual Rows": 14377}], "Actual Rows": 9857}], "Actual Rows": 9857}, {"Node Type": "Materialize", "Parent Relationship": "Inner", "Startup Cost": 0.0, "Total Cost": 1.04, "Plan Rows": 3, "Plan Width": 4, "Actual Min Startup Time": 1.226, "Actual Max Startup Time": 1.226, "Actual Min Total Time": 2.285, "Actual Max Total Time": 2.285, "Plans": [{"Node Type": "Seq Scan", "Parent Relationship": "Outer", "Relation Name": "company_type", "Alias": "ct", "Startup Cost": 0.0, "Total Cost": 1.03, "Plan Rows": 3, "Plan Width": 4, "Actual Min Startup Time": 0.006, "Actual Max Startup Time": 0.006, "Actual Min Total Time": 0.008, "Actual Max Total Time": 0.008, "Actual Rows": 3}], "Actual Rows": 17743}], "Actual Rows": 5914}, {"Node Type": "Bitmap Heap Scan", "Parent Relationship": "Inner", "Relation Name": "aka_title", "Alias": "at", "Startup Cost": 0.27, "Total Cost": 4.31, "Plan Rows": 3, "Plan Width": 25, "Actual Min Startup Time": 19.414, "Actual Max Startup Time": 19.414, "Actual Min Total Time": 19.631, "Actual Max Total Time": 19.631, "Recheck Cond": "(movie_id = mc.movie_id)", "Rows Removed by Index Recheck": 0, "Exact Heap Blocks": 382, "Lossy Heap Blocks": 382, "Plans": [{"Node Type": "Bitmap Index Scan", "Parent Relationship": "Outer", "Index Name": "movie_id_aka_title", "Startup Cost": 0.0, "Total Cost": 0.27, "Plan Rows": 3, "Plan Width": 0, "Actual Min Startup Time": 15.855, "Actual Max Startup Time": 15.855, "Actual Min Total Time": 15.855, "Actual Max Total Time": 15.855, "Index Cond": "(movie_id = mc.movie_id)", "Actual Rows": 382}], "Actual Rows": 382}], "Actual Rows": 382}, {"Node Type": "Bitmap Heap Scan", "Parent Relationship": "Inner", "Relation Name": "movie_keyword", "Alias": "mk", "Startup Cost": 0.34, "Total Cost": 4.44, "Plan Rows": 8, "Plan Width": 8, "Actual Min Startup Time": 3.048, "Actual Max Startup Time": 3.048, "Actual Min Total Time": 3.624, "Actual Max Total Time": 3.624, "Recheck Cond": "(movie_id = mc.movie_id)", "Rows Removed by Index Recheck": 0, "Exact Heap Blocks": 276, "Lossy Heap Blocks": 276, "Plans": [{"Node Type": "Bitmap Index Scan", "Parent Relationship": "Outer", "Index Name": "movie_id_movie_keyword", "Startup Cost": 0.0, "Total Cost": 0.34, "Plan Rows": 8, "Plan Width": 0, "Actual Min Startup Time": 1.861, "Actual Max Startup Time": 1.861, "Actual Min Total Time": 1.861, "Actual Max Total Time": 1.861, "Index Cond": "(movie_id = mc.movie_id)", "Actual Rows": 4371}], "Actual Rows": 4371}], "Actual Rows": 4371}, {"Node Type": "Hash", "Parent Relationship": "Inner", "Startup Cost": 2100.69, "Total Cost": 2100.69, "Plan Rows": 134169, "Plan Width": 4, "Actual Min Startup Time": 72.635, "Actual Max Startup Time": 72.635, "Actual Min Total Time": 72.635, "Actual Max Total Time": 72.635, "Max Hash Buckets": 262144, "Min Hash Buckets": 262144, "Max Hash Batches": 1, "Min Hash Batches": 1, "Max Original Hash Batches": 1, "Min Original Hash Batches": 1, "Max Peak Memory Usage": 4717, "min Peak Memory Usage": 4717, "Plans": [{"Node Type": "Seq Scan", "Parent Relationship": "Outer", "Relation Name": "keyword", "Alias": "k", "Startup Cost": 0.0, "Total Cost": 2100.69, "Plan Rows": 134169, "Plan Width": 4, "Actual Min Startup Time": 0.039, "Actual Max Startup Time": 0.039, "Actual Min Total Time": 37.554, "Actual Max Total Time": 37.554, "Actual Rows": 134169}], "Actual Rows": 134169}], "Actual Rows": 4371}], "Actual Rows": 1}, "Triggers": [], "Planner Runtime": 434, "Total Runtime": 647.334, "Unique SQL Id": 2302223328}}, "(16, 39)": {"explain_plan": {"Plan": {"Node Type": "Aggregate", "Strategy": "Plain", "Startup Cost": 179483.79, "Total Cost": 179483.8, "Plan Rows": 1, "Plan Width": 102, "Plans": [{"Node Type": "Hash Join", "Parent Relationship": "Outer", "Join Type": "Inner", "Startup Cost": 9392.76, "Total Cost": 179449.26, "Plan Rows": 6905, "Plan Width": 38, "Inner Unique": true, "Hash Cond": "(mk.keyword_id = k.id)", "Plans": [{"Node Type": "Nested Loop", "Parent Relationship": "Outer", "Join Type": "Inner", "Startup Cost": 4862.32, "Total Cost": 174823.39, "Plan Rows": 7042, "Plan Width": 42, "Inner Unique": false, "Join Filter": "(t.id = mk.movie_id)", "Plans": [{"Node Type": "Nested Loop", "Parent Relationship": "Outer", "Join Type": "Inner", "Startup Cost": 4861.98, "Total Cost": 170861.69, "Plan Rows": 873, "Plan Width": 54, "Inner Unique": false, "Join Filter": "(t.id = at.movie_id)", "Plans": [{"Node Type": "Nested Loop", "Parent Relationship": "Outer", "Join Type": "Inner", "Startup Cost": 4861.71, "Total Cost": 168782.57, "Plan Rows": 478, "Plan Width": 29, "Inner Unique": true, "Join Filter": "(mc.company_type_id = ct.id)", "Plans": [{"Node Type": "Nested Loop", "Parent Relationship": "Outer", "Join Type": "Inner", "Startup Cost": 4853.44, "Total Cost": 168748.76, "Plan Rows": 478, "Plan Width": 33, "Inner Unique": true, "Plans": [{"Node Type": "Nested Loop", "Parent Relationship": "Outer", "Join Type": "Inner", "Startup Cost": 4853.18, "Total Cost": 166315.81, "Plan Rows": 568, "Plan Width": 37, "Inner Unique": false, "Plans": [{"Node Type": "Nested Loop", "Parent Relationship": "Outer", "Join Type": "Inner", "Startup Cost": 4852.89, "Total Cost": 165163.39, "Plan Rows": 266, "Plan Width": 25, "Inner Unique": true, "Plans": [{"Node Type": "Nested Loop", "Parent Relationship": "Outer", "Join Type": "Inner", "Startup Cost": 4850.32, "Total Cost": 163895.89, "Plan Rows": 192, "Plan Width": 4, "Inner Unique": false, "Plans": [{"Node Type": "Bitmap Heap Scan", "Parent Relationship": "Outer", "Relation Name": "info_type", "Alias": "it1", "Startup Cost": 8.81, "Total Cost": 14.21, "Plan Rows": 1, "Plan Width": 4, "Filter": "((info)::text = 'release dates'::text)", "Plans": [{"Node Type": "Bitmap Index Scan", "Parent Relationship": "Outer", "Index Name": "info_type_pkey", "Startup Cost": 0.0, "Total Cost": 8.81, "Plan Rows": 112, "Plan Width": 0}]}, {"Node Type": "Bitmap Heap Scan", "Parent Relationship": "Inner", "Relation Name": "movie_info", "Alias": "mi", "Startup Cost": 4841.51, "Total Cost": 163879.76, "Plan Rows": 192, "Plan Width": 8, "Recheck Cond": "(info_type_id = it1.id)", "Filter": "((note)::text ~~ '%internet%'::text)", "Plans": [{"Node Type": "Bitmap Index Scan", "Parent Relationship": "Outer", "Index Name": "info_type_id_movie_info", "Startup Cost": 0.0, "Total Cost": 4841.46, "Plan Rows": 212428, "Plan Width": 0, "Index Cond": "(info_type_id = it1.id)"}]}]}, {"Node Type": "Bitmap Heap Scan", "Parent Relationship": "Inner", "Relation Name": "title", "Alias": "t", "Startup Cost": 2.58, "Total Cost": 6.59, "Plan Rows": 1, "Plan Width": 21, "Recheck Cond": "(id = mi.movie_id)", "Filter": "(production_year > 1990)", "Plans": [{"Node Type": "Bitmap Index Scan", "Parent Relationship": "Outer", "Index Name": "title_pkey", "Startup Cost": 0.0, "Total Cost": 2.58, "Plan Rows": 1, "Plan Width": 0, "Index Cond": "(id = mi.movie_id)"}]}]}, {"Node Type": "Bitmap Heap Scan", "Parent Relationship": "Inner", "Relation Name": "movie_companies", "Alias": "mc", "Startup Cost": 0.29, "Total Cost": 4.31, "Plan Rows": 2, "Plan Width": 12, "Recheck Cond": "(movie_id = t.id)", "Plans": [{"Node Type": "Bitmap Index Scan", "Parent Relationship": "Outer", "Index Name": "movie_id_movie_companies", "Startup Cost": 0.0, "Total Cost": 0.29, "Plan Rows": 2, "Plan Width": 0, "Index Cond": "(movie_id = t.id)"}]}]}, {"Node Type": "Bitmap Heap Scan", "Parent Relationship": "Inner", "Relation Name": "company_name", "Alias": "cn", "Startup Cost": 0.26, "Total Cost": 4.27, "Plan Rows": 1, "Plan Width": 4, "Recheck Cond": "(id = mc.company_id)", "Filter": "((country_code)::text = '[us]'::text)", "Plans": [{"Node Type": "Bitmap Index Scan", "Parent Relationship": "Outer", "Index Name": "company_name_pkey", "Startup Cost": 0.0, "Total Cost": 0.26, "Plan Rows": 1, "Plan Width": 0, "Index Cond": "(id = mc.company_id)"}]}]}, {"Node Type": "Materialize", "Parent Relationship": "Inner", "Startup Cost": 8.27, "Total Cost": 12.31, "Plan Rows": 3, "Plan Width": 4, "Plans": [{"Node Type": "Bitmap Heap Scan", "Parent Relationship": "Outer", "Relation Name": "company_type", "Alias": "ct", "Startup Cost": 8.27, "Total Cost": 12.3, "Plan Rows": 3, "Plan Width": 4, "Plans": [{"Node Type": "Bitmap Index Scan", "Parent Relationship": "Outer", "Index Name": "company_type_pkey", "Startup Cost": 0.0, "Total Cost": 8.27, "Plan Rows": 3, "Plan Width": 0}]}]}]}, {"Node Type": "Bitmap Heap Scan", "Parent Relationship": "Inner", "Relation Name": "aka_title", "Alias": "at", "Startup Cost": 0.27, "Total Cost": 4.31, "Plan Rows": 3, "Plan Width": 25, "Recheck Cond": "(movie_id = mc.movie_id)", "Plans": [{"Node Type": "Bitmap Index Scan", "Parent Relationship": "Outer", "Index Name": "movie_id_aka_title", "Startup Cost": 0.0, "Total Cost": 0.27, "Plan Rows": 3, "Plan Width": 0, "Index Cond": "(movie_id = mc.movie_id)"}]}]}, {"Node Type": "Bitmap Heap Scan", "Parent Relationship": "Inner", "Relation Name": "movie_keyword", "Alias": "mk", "Startup Cost": 0.34, "Total Cost": 4.44, "Plan Rows": 8, "Plan Width": 8, "Recheck Cond": "(movie_id = mc.movie_id)", "Plans": [{"Node Type": "Bitmap Index Scan", "Parent Relationship": "Outer", "Index Name": "movie_id_movie_keyword", "Startup Cost": 0.0, "Total Cost": 0.34, "Plan Rows": 8, "Plan Width": 0, "Index Cond": "(movie_id = mc.movie_id)"}]}]}, {"Node Type": "Hash", "Parent Relationship": "Inner", "Startup Cost": 2853.33, "Total Cost": 2853.33, "Plan Rows": 134169, "Plan Width": 4, "Plans": [{"Node Type": "Bitmap Heap Scan", "Parent Relationship": "Outer", "Relation Name": "keyword", "Alias": "k", "Startup Cost": 752.64, "Total Cost": 2853.33, "Plan Rows": 134169, "Plan Width": 4, "Plans": [{"Node Type": "Bitmap Index Scan", "Parent Relationship": "Outer", "Index Name": "keyword_pkey", "Startup Cost": 0.0, "Total Cost": 719.1, "Plan Rows": 134169, "Plan Width": 0}]}]}]}]}, "Unique SQL Id": 2302223328, "Planner Runtime": 132}, "explain_analyze_plan": null}, "(16, 40)": {"explain_plan": {"Plan": {"Node Type": "Aggregate", "Strategy": "Plain", "Startup Cost": 40161.11, "Total Cost": 40161.12, "Plan Rows": 1, "Plan Width": 102, "Plans": [{"Node Type": "Nested Loop", "Parent Relationship": "Outer", "Join Type": "Inner", "Startup Cost": 0.0, "Total Cost": 40126.58, "Plan Rows": 6905, "Plan Width": 38, "Inner Unique": true, "Plans": [{"Node Type": "Nested Loop", "Parent Relationship": "Outer", "Join Type": "Inner", "Startup Cost": 0.0, "Total Cost": 38154.75, "Plan Rows": 7042, "Plan Width": 42, "Inner Unique": false, "Join Filter": "(t.id = mk.movie_id)", "Plans": [{"Node Type": "Nested Loop", "Parent Relationship": "Outer", "Join Type": "Inner", "Startup Cost": 0.0, "Total Cost": 37663.77, "Plan Rows": 873, "Plan Width": 54, "Inner Unique": true, "Join Filter": "(at.movie_id = t.id)", "Plans": [{"Node Type": "Nested Loop", "Parent Relationship": "Outer", "Join Type": "Inner", "Startup Cost": 0.0, "Total Cost": 37441.69, "Plan Rows": 630, "Plan Width": 33, "Inner Unique": true, "Join Filter": "(mc.company_type_id = ct.id)", "Plans": [{"Node Type": "Nested Loop", "Parent Relationship": "Outer", "Join Type": "Inner", "Startup Cost": 0.0, "Total Cost": 37412.3, "Plan Rows": 630, "Plan Width": 37, "Inner Unique": true, "Plans": [{"Node Type": "Nested Loop", "Parent Relationship": "Outer", "Join Type": "Inner", "Startup Cost": 0.0, "Total Cost": 37109.68, "Plan Rows": 1052, "Plan Width": 41, "Inner Unique": false, "Plans": [{"Node Type": "Nested Loop", "Parent Relationship": "Outer", "Join Type": "Inner", "Startup Cost": 0.0, "Total Cost": 36820.6, "Plan Rows": 490, "Plan Width": 29, "Inner Unique": false, "Plans": [{"Node Type": "Nested Loop", "Parent Relationship": "Outer", "Join Type": "Inner", "Startup Cost": 0.0, "Total Cost": 36344.91, "Plan Rows": 192, "Plan Width": 4, "Inner Unique": false, "Join Filter": "(it1.id = mi.info_type_id)", "Plans": [{"Node Type": "Seq Scan", "Parent Relationship": "Outer", "Relation Name": "info_type", "Alias": "it1", "Startup Cost": 0.0, "Total Cost": 2.4, "Plan Rows": 1, "Plan Width": 4, "Filter": "((info)::text = 'release dates'::text)"}, {"Node Type": "Materialize", "Parent Relationship": "Inner", "Startup Cost": 0.0, "Total Cost": 36208.32, "Plan Rows": 13419, "Plan Width": 8, "Plans": [{"Node Type": "Streaming(type: LOCAL GATHER dop: 1/16)", "Parent Relationship": "Outer", "Startup Cost": 0.0, "Total Cost": 36174.77, "Plan Rows": 13419, "Plan Width": 8, "Plans": [{"Node Type": "Seq Scan", "Parent Relationship": "Outer", "Relation Name": "movie_info", "Alias": "mi", "Startup Cost": 0.0, "Total Cost": 35885.16, "Plan Rows": 13419, "Plan Width": 8, "Filter": "((note)::text ~~ '%internet%'::text)"}]}]}]}, {"Node Type": "Index Scan", "Parent Relationship": "Inner", "Scan Direction": "Forward", "Index Name": "movie_id_aka_title", "Relation Name": "aka_title", "Alias": "at", "Startup Cost": 0.0, "Total Cost": 2.45, "Plan Rows": 3, "Plan Width": 25, "Index Cond": "(movie_id = mi.movie_id)"}]}, {"Node Type": "Index Scan", "Parent Relationship": "Inner", "Scan Direction": "Forward", "Index Name": "movie_id_movie_companies", "Relation Name": "movie_companies", "Alias": "mc", "Startup Cost": 0.0, "Total Cost": 0.57, "Plan Rows": 2, "Plan Width": 12, "Index Cond": "(movie_id = at.movie_id)"}]}, {"Node Type": "Index Scan", "Parent Relationship": "Inner", "Scan Direction": "Forward", "Index Name": "company_name_pkey", "Relation Name": "company_name", "Alias": "cn", "Startup Cost": 0.0, "Total Cost": 0.28, "Plan Rows": 1, "Plan Width": 4, "Index Cond": "(id = mc.company_id)", "Filter": "((country_code)::text = '[us]'::text)"}]}, {"Node Type": "Materialize", "Parent Relationship": "Inner", "Startup Cost": 0.0, "Total Cost": 1.04, "Plan Rows": 3, "Plan Width": 4, "Plans": [{"Node Type": "Seq Scan", "Parent Relationship": "Outer", "Relation Name": "company_type", "Alias": "ct", "Startup Cost": 0.0, "Total Cost": 1.03, "Plan Rows": 3, "Plan Width": 4}]}]}, {"Node Type": "Index Scan", "Parent Relationship": "Inner", "Scan Direction": "Forward", "Index Name": "title_pkey", "Relation Name": "title", "Alias": "t", "Startup Cost": 0.0, "Total Cost": 0.34, "Plan Rows": 1, "Plan Width": 21, "Index Cond": "(id = mc.movie_id)", "Filter": "(production_year > 1990)"}]}, {"Node Type": "Index Scan", "Parent Relationship": "Inner", "Scan Direction": "Forward", "Index Name": "movie_id_movie_keyword", "Relation Name": "movie_keyword", "Alias": "mk", "Startup Cost": 0.0, "Total Cost": 0.46, "Plan Rows": 8, "Plan Width": 8, "Index Cond": "(movie_id = mc.movie_id)"}]}, {"Node Type": "Index Only Scan", "Parent Relationship": "Inner", "Scan Direction": "Forward", "Index Name": "keyword_pkey", "Relation Name": "keyword", "Alias": "k", "Startup Cost": 0.0, "Total Cost": 0.27, "Plan Rows": 1, "Plan Width": 4, "Index Cond": "(id = mk.keyword_id)"}]}]}, "Unique SQL Id": 2302223328, "Planner Runtime": 319}, "explain_analyze_plan": {"Plan": {"Node Type": "Aggregate", "Strategy": "Plain", "Startup Cost": 40161.11, "Total Cost": 40161.12, "Plan Rows": 1, "Plan Width": 102, "Actual Min Startup Time": 410.824, "Actual Max Startup Time": 410.824, "Actual Min Total Time": 410.824, "Actual Max Total Time": 410.824, "Plans": [{"Node Type": "Nested Loop", "Parent Relationship": "Outer", "Join Type": "Inner", "Startup Cost": 0.0, "Total Cost": 40126.58, "Plan Rows": 6905, "Plan Width": 38, "Actual Min Startup Time": 322.938, "Actual Max Startup Time": 322.938, "Actual Min Total Time": 408.135, "Actual Max Total Time": 408.135, "Inner Unique": true, "Plans": [{"Node Type": "Nested Loop", "Parent Relationship": "Outer", "Join Type": "Inner", "Startup Cost": 0.0, "Total Cost": 38154.75, "Plan Rows": 7042, "Plan Width": 42, "Actual Min Startup Time": 322.914, "Actual Max Startup Time": 322.914, "Actual Min Total Time": 393.593, "Actual Max Total Time": 393.593, "Inner Unique": false, "Join Filter": "(t.id = mk.movie_id)", "Rows Removed by Join Filter": 0, "Plans": [{"Node Type": "Nested Loop", "Parent Relationship": "Outer", "Join Type": "Inner", "Startup Cost": 0.0, "Total Cost": 37663.77, "Plan Rows": 873, "Plan Width": 54, "Actual Min Startup Time": 322.471, "Actual Max Startup Time": 322.471, "Actual Min Total Time": 386.875, "Actual Max Total Time": 386.875, "Inner Unique": true, "Join Filter": "(at.movie_id = t.id)", "Rows Removed by Join Filter": 0, "Plans": [{"Node Type": "Nested Loop", "Parent Relationship": "Outer", "Join Type": "Inner", "Startup Cost": 0.0, "Total Cost": 37441.69, "Plan Rows": 630, "Plan Width": 33, "Actual Min Startup Time": 322.431, "Actual Max Startup Time": 322.431, "Actual Min Total Time": 383.761, "Actual Max Total Time": 383.761, "Inner Unique": true, "Join Filter": "(mc.company_type_id = ct.id)", "Rows Removed by Join Filter": 1542, "Plans": [{"Node Type": "Nested Loop", "Parent Relationship": "Outer", "Join Type": "Inner", "Startup Cost": 0.0, "Total Cost": 37412.3, "Plan Rows": 630, "Plan Width": 37, "Actual Min Startup Time": 322.407, "Actual Max Startup Time": 322.407, "Actual Min Total Time": 382.826, "Actual Max Total Time": 382.826, "Inner Unique": true, "Plans": [{"Node Type": "Nested Loop", "Parent Relationship": "Outer", "Join Type": "Inner", "Startup Cost": 0.0, "Total Cost": 37109.68, "Plan Rows": 1052, "Plan Width": 41, "Actual Min Startup Time": 322.372, "Actual Max Startup Time": 322.372, "Actual Min Total Time": 370.737, "Actual Max Total Time": 370.737, "Inner Unique": false, "Plans": [{"Node Type": "Nested Loop", "Parent Relationship": "Outer", "Join Type": "Inner", "Startup Cost": 0.0, "Total Cost": 36820.6, "Plan Rows": 490, "Plan Width": 29, "Actual Min Startup Time": 322.343, "Actual Max Startup Time": 322.343, "Actual Min Total Time": 363.754, "Actual Max Total Time": 363.754, "Inner Unique": false, "Plans": [{"Node Type": "Nested Loop", "Parent Relationship": "Outer", "Join Type": "Inner", "Startup Cost": 0.0, "Total Cost": 36344.91, "Plan Rows": 192, "Plan Width": 4, "Actual Min Startup Time": 322.273, "Actual Max Startup Time": 322.273, "Actual Min Total Time": 328.371, "Actual Max Total Time": 328.371, "Inner Unique": false, "Join Filter": "(it1.id = mi.info_type_id)", "Rows Removed by Join Filter": 131, "Plans": [{"Node Type": "Seq Scan", "Parent Relationship": "Outer", "Relation Name": "info_type", "Alias": "it1", "Startup Cost": 0.0, "Total Cost": 2.4, "Plan Rows": 1, "Plan Width": 4, "Actual Min Startup Time": 0.086, "Actual Max Startup Time": 0.086, "Actual Min Total Time": 0.114, "Actual Max Total Time": 0.114, "Filter": "((info)::text = 'release dates'::text)", "Rows Removed by Filter": 111, "Actual Rows": 1}, {"Node Type": "Materialize", "Parent Relationship": "Inner", "Startup Cost": 0.0, "Total Cost": 36208.32, "Plan Rows": 13419, "Plan Width": 8, "Actual Min Startup Time": 322.159, "Actual Max Startup Time": 322.159, "Actual Min Total Time": 323.943, "Actual Max Total Time": 323.943, "Plans": [{"Node Type": "Streaming(type: LOCAL GATHER dop: 1/16)", "Parent Relationship": "Outer", "Startup Cost": 0.0, "Total Cost": 36174.77, "Plan Rows": 13419, "Plan Width": 8, "Actual Min Startup Time": 114.578, "Actual Max Startup Time": 114.578, "Actual Min Total Time": 320.115, "Actual Max Total Time": 320.115, "Plans": [{"Node Type": "Seq Scan", "Parent Relationship": "Outer", "Relation Name": "movie_info", "Alias": "mi", "Startup Cost": 0.0, "Total Cost": 35885.16, "Plan Rows": 13419, "Plan Width": 8, "Actual Min Startup Time": 7.387, "Actual Max Startup Time": 78.31, "Actual Min Total Time": 250.341, "Actual Max Total Time": 286.162, "Filter": "((note)::text ~~ '%internet%'::text)", "Rows Removed by Filter": 14824909, "Actual Rows": 10810}], "Actual Rows": 10810}], "Actual Rows": 10811}], "Actual Rows": 10679}, {"Node Type": "Index Scan", "Parent Relationship": "Inner", "Scan Direction": "Forward", "Index Name": "movie_id_aka_title", "Relation Name": "aka_title", "Alias": "at", "Startup Cost": 0.0, "Total Cost": 2.45, "Plan Rows": 3, "Plan Width": 25, "Actual Min Startup Time": 29.718, "Actual Max Startup Time": 29.718, "Actual Min Total Time": 30.382, "Actual Max Total Time": 30.382, "Index Cond": "(movie_id = mi.movie_id)", "Rows Removed by Index Recheck": 0, "Actual Rows": 591}], "Actual Rows": 591}, {"Node Type": "Index Scan", "Parent Relationship": "Inner", "Scan Direction": "Forward", "Index Name": "movie_id_movie_companies", "Relation Name": "movie_companies", "Alias": "mc", "Startup Cost": 0.0, "Total Cost": 0.57, "Plan Rows": 2, "Plan Width": 12, "Actual Min Startup Time": 4.446, "Actual Max Startup Time": 4.446, "Actual Min Total Time": 6.088, "Actual Max Total Time": 6.088, "Index Cond": "(movie_id = at.movie_id)", "Rows Removed by Index Recheck": 0, "Actual Rows": 2130}], "Actual Rows": 2130}, {"Node Type": "Index Scan", "Parent Relationship": "Inner", "Scan Direction": "Forward", "Index Name": "company_name_pkey", "Relation Name": "company_name", "Alias": "cn", "Startup Cost": 0.0, "Total Cost": 0.28, "Plan Rows": 1, "Plan Width": 4, "Actual Min Startup Time": 10.639, "Actual Max Startup Time": 10.639, "Actual Min Total Time": 10.639, "Actual Max Total Time": 10.639, "Index Cond": "(id = mc.company_id)", "Rows Removed by Index Recheck": 0, "Filter": "((country_code)::text = '[us]'::text)", "Rows Removed by Filter": 1234, "Actual Rows": 896}], "Actual Rows": 896}, {"Node Type": "Materialize", "Parent Relationship": "Inner", "Startup Cost": 0.0, "Total Cost": 1.04, "Plan Rows": 3, "Plan Width": 4, "Actual Min Startup Time": 0.1, "Actual Max Startup Time": 0.1, "Actual Min Total Time": 0.233, "Actual Max Total Time": 0.233, "Plans": [{"Node Type": "Seq Scan", "Parent Relationship": "Outer", "Relation Name": "company_type", "Alias": "ct", "Startup Cost": 0.0, "Total Cost": 1.03, "Plan Rows": 3, "Plan Width": 4, "Actual Min Startup Time": 0.01, "Actual Max Startup Time": 0.01, "Actual Min Total Time": 0.012, "Actual Max Total Time": 0.012, "Actual Rows": 3}], "Actual Rows": 1924}], "Actual Rows": 382}, {"Node Type": "Index Scan", "Parent Relationship": "Inner", "Scan Direction": "Forward", "Index Name": "title_pkey", "Relation Name": "title", "Alias": "t", "Startup Cost": 0.0, "Total Cost": 0.34, "Plan Rows": 1, "Plan Width": 21, "Actual Min Startup Time": 2.586, "Actual Max Startup Time": 2.586, "Actual Min Total Time": 2.586, "Actual Max Total Time": 2.586, "Index Cond": "(id = mc.movie_id)", "Rows Removed by Index Recheck": 0, "Filter": "(production_year > 1990)", "Rows Removed by Filter": 0, "Actual Rows": 382}], "Actual Rows": 382}, {"Node Type": "Index Scan", "Parent Relationship": "Inner", "Scan Direction": "Forward", "Index Name": "movie_id_movie_keyword", "Relation Name": "movie_keyword", "Alias": "mk", "Startup Cost": 0.0, "Total Cost": 0.46, "Plan Rows": 8, "Plan Width": 8, "Actual Min Startup Time": 2.69, "Actual Max Startup Time": 2.69, "Actual Min Total Time": 4.782, "Actual Max Total Time": 4.782, "Index Cond": "(movie_id = mc.movie_id)", "Rows Removed by Index Recheck": 0, "Actual Rows": 4371}], "Actual Rows": 4371}, {"Node Type": "Index Only Scan", "Parent Relationship": "Inner", "Scan Direction": "Forward", "Index Name": "keyword_pkey", "Relation Name": "keyword", "Alias": "k", "Startup Cost": 0.0, "Total Cost": 0.27, "Plan Rows": 1, "Plan Width": 4, "Actual Min Startup Time": 11.557, "Actual Max Startup Time": 11.557, "Actual Min Total Time": 11.557, "Actual Max Total Time": 11.557, "Index Cond": "(id = mk.keyword_id)", "Rows Removed by Index Recheck": 0, "Heap Fetches": 0, "Actual Rows": 4371}], "Actual Rows": 4371}], "Actual Rows": 1}, "Triggers": [], "Planner Runtime": 319, "Total Runtime": 414.674, "Unique SQL Id": 2302223328}}, "(16, 41)": {"explain_plan": {"Plan": {"Node Type": "Aggregate", "Strategy": "Plain", "Startup Cost": 499523.11, "Total Cost": 499523.12, "Plan Rows": 1, "Plan Width": 102, "Plans": [{"Node Type": "Nested Loop", "Parent Relationship": "Outer", "Join Type": "Inner", "Startup Cost": 0.0, "Total Cost": 499488.58, "Plan Rows": 6905, "Plan Width": 38, "Inner Unique": true, "Plans": [{"Node Type": "Nested Loop", "Parent Relationship": "Outer", "Join Type": "Inner", "Startup Cost": 0.0, "Total Cost": 497516.75, "Plan Rows": 7042, "Plan Width": 42, "Inner Unique": false, "Join Filter": "(t.id = mk.movie_id)", "Plans": [{"Node Type": "Nested Loop", "Parent Relationship": "Outer", "Join Type": "Inner", "Startup Cost": 0.0, "Total Cost": 497025.77, "Plan Rows": 873, "Plan Width": 54, "Inner Unique": true, "Join Filter": "(at.movie_id = t.id)", "Plans": [{"Node Type": "Nested Loop", "Parent Relationship": "Outer", "Join Type": "Inner", "Startup Cost": 0.0, "Total Cost": 496803.69, "Plan Rows": 630, "Plan Width": 33, "Inner Unique": true, "Join Filter": "(mc.company_type_id = ct.id)", "Plans": [{"Node Type": "Nested Loop", "Parent Relationship": "Outer", "Join Type": "Inner", "Startup Cost": 0.0, "Total Cost": 496767.04, "Plan Rows": 630, "Plan Width": 37, "Inner Unique": true, "Plans": [{"Node Type": "Nested Loop", "Parent Relationship": "Outer", "Join Type": "Inner", "Startup Cost": 0.0, "Total Cost": 496464.42, "Plan Rows": 1052, "Plan Width": 41, "Inner Unique": false, "Plans": [{"Node Type": "Nested Loop", "Parent Relationship": "Outer", "Join Type": "Inner", "Startup Cost": 0.0, "Total Cost": 496175.34, "Plan Rows": 490, "Plan Width": 29, "Inner Unique": false, "Plans": [{"Node Type": "Nested Loop", "Parent Relationship": "Outer", "Join Type": "Inner", "Startup Cost": 0.0, "Total Cost": 495699.65, "Plan Rows": 192, "Plan Width": 4, "Inner Unique": false, "Plans": [{"Node Type": "Index Scan", "Parent Relationship": "Outer", "Scan Direction": "Forward", "Index Name": "info_type_pkey", "Relation Name": "info_type", "Alias": "it1", "Startup Cost": 0.0, "Total Cost": 14.21, "Plan Rows": 1, "Plan Width": 4, "Filter": "((info)::text = 'release dates'::text)"}, {"Node Type": "Index Scan", "Parent Relationship": "Inner", "Scan Direction": "Forward", "Index Name": "info_type_id_movie_info", "Relation Name": "movie_info", "Alias": "mi", "Startup Cost": 0.0, "Total Cost": 495683.52, "Plan Rows": 192, "Plan Width": 8, "Index Cond": "(info_type_id = it1.id)", "Filter": "((note)::text ~~ '%internet%'::text)"}]}, {"Node Type": "Index Scan", "Parent Relationship": "Inner", "Scan Direction": "Forward", "Index Name": "movie_id_aka_title", "Relation Name": "aka_title", "Alias": "at", "Startup Cost": 0.0, "Total Cost": 2.45, "Plan Rows": 3, "Plan Width": 25, "Index Cond": "(movie_id = mi.movie_id)"}]}, {"Node Type": "Index Scan", "Parent Relationship": "Inner", "Scan Direction": "Forward", "Index Name": "movie_id_movie_companies", "Relation Name": "movie_companies", "Alias": "mc", "Startup Cost": 0.0, "Total Cost": 0.57, "Plan Rows": 2, "Plan Width": 12, "Index Cond": "(movie_id = at.movie_id)"}]}, {"Node Type": "Index Scan", "Parent Relationship": "Inner", "Scan Direction": "Forward", "Index Name": "company_name_pkey", "Relation Name": "company_name", "Alias": "cn", "Startup Cost": 0.0, "Total Cost": 0.28, "Plan Rows": 1, "Plan Width": 4, "Index Cond": "(id = mc.company_id)", "Filter": "((country_code)::text = '[us]'::text)"}]}, {"Node Type": "Materialize", "Parent Relationship": "Inner", "Startup Cost": 0.0, "Total Cost": 8.31, "Plan Rows": 3, "Plan Width": 4, "Plans": [{"Node Type": "Index Only Scan", "Parent Relationship": "Outer", "Scan Direction": "Forward", "Index Name": "company_type_pkey", "Relation Name": "company_type", "Alias": "ct", "Startup Cost": 0.0, "Total Cost": 8.29, "Plan Rows": 3, "Plan Width": 4}]}]}, {"Node Type": "Index Scan", "Parent Relationship": "Inner", "Scan Direction": "Forward", "Index Name": "title_pkey", "Relation Name": "title", "Alias": "t", "Startup Cost": 0.0, "Total Cost": 0.34, "Plan Rows": 1, "Plan Width": 21, "Index Cond": "(id = mc.movie_id)", "Filter": "(production_year > 1990)"}]}, {"Node Type": "Index Scan", "Parent Relationship": "Inner", "Scan Direction": "Forward", "Index Name": "movie_id_movie_keyword", "Relation Name": "movie_keyword", "Alias": "mk", "Startup Cost": 0.0, "Total Cost": 0.46, "Plan Rows": 8, "Plan Width": 8, "Index Cond": "(movie_id = mc.movie_id)"}]}, {"Node Type": "Index Only Scan", "Parent Relationship": "Inner", "Scan Direction": "Forward", "Index Name": "keyword_pkey", "Relation Name": "keyword", "Alias": "k", "Startup Cost": 0.0, "Total Cost": 0.27, "Plan Rows": 1, "Plan Width": 4, "Index Cond": "(id = mk.keyword_id)"}]}]}, "Unique SQL Id": 2302223328, "Planner Runtime": 236}, "explain_analyze_plan": null}, "(16, 42)": {"explain_plan": {"Plan": {"Node Type": "Aggregate", "Strategy": "Plain", "Startup Cost": 149057.48, "Total Cost": 149057.49, "Plan Rows": 1, "Plan Width": 102, "Plans": [{"Node Type": "Nested Loop", "Parent Relationship": "Outer", "Join Type": "Inner", "Startup Cost": 111190.82, "Total Cost": 149022.27, "Plan Rows": 7042, "Plan Width": 38, "Inner Unique": true, "Join Filter": "(mc.company_type_id = ct.id)", "Plans": [{"Node Type": "Hash Join", "Parent Relationship": "Outer", "Join Type": "Inner", "Startup Cost": 111190.82, "Total Cost": 148704.34, "Plan Rows": 7042, "Plan Width": 42, "Inner Unique": true, "Hash Cond": "(mc.company_id = cn.id)", "Plans": [{"Node Type": "Streaming(type: LOCAL GATHER dop: 1/16)", "Parent Relationship": "Outer", "Startup Cost": 108650.33, "Total Cost": 146061.97, "Plan Rows": 11758, "Plan Width": 46, "Plans": [{"Node Type": "Hash Join", "Parent Relationship": "Outer", "Join Type": "Inner", "Startup Cost": 108650.33, "Total Cost": 145808.21, "Plan Rows": 11758, "Plan Width": 46, "Inner Unique": false, "Hash Cond": "(t.id = mc.movie_id)", "Plans": [{"Node Type": "Streaming(type: BROADCAST dop: 16/1)", "Parent Relationship": "Outer", "Startup Cost": 102208.56, "Total Cost": 139256.66, "Plan Rows": 87632, "Plan Width": 54, "Plans": [{"Node Type": "Hash Join", "Parent Relationship": "Outer", "Join Type": "Inner", "Startup Cost": 102208.56, "Total Cost": 122365.39, "Plan Rows": 5477, "Plan Width": 54, "Inner Unique": true, "Hash Cond": "(mk.keyword_id = k.id)", "Plans": [{"Node Type": "Streaming(type: LOCAL GATHER dop: 1/16)", "Parent Relationship": "Outer", "Startup Cost": 98430.75, "Total Cost": 118513.36, "Plan Rows": 5477, "Plan Width": 58, "Plans": [{"Node Type": "Hash Join", "Parent Relationship": "Outer", "Join Type": "Inner", "Startup Cost": 98430.75, "Total Cost": 118395.15, "Plan Rows": 5477, "Plan Width": 58, "Inner Unique": false, "Hash Cond": "(mk.movie_id = t.id)", "Plans": [{"Node Type": "Seq Scan", "Parent Relationship": "Outer", "Relation Name": "movie_keyword", "Alias": "mk", "Startup Cost": 0.0, "Total Cost": 18902.58, "Plan Rows": 4523929, "Plan Width": 8}, {"Node Type": "Hash", "Parent Relationship": "Inner", "Startup Cost": 98422.27, "Total Cost": 98422.27, "Plan Rows": 10864, "Plan Width": 50, "Plans": [{"Node Type": "Streaming(type: BROADCAST dop: 16/1)", "Parent Relationship": "Outer", "Startup Cost": 71936.81, "Total Cost": 98422.27, "Plan Rows": 10864, "Plan Width": 50, "Plans": [{"Node Type": "Hash Join", "Parent Relationship": "Outer", "Join Type": "Inner", "Startup Cost": 71936.81, "Total Cost": 83187.8, "Plan Rows": 679, "Plan Width": 50, "Inner Unique": false, "Hash Cond": "(at.movie_id = t.id)", "Plans": [{"Node Type": "Seq Scan", "Parent Relationship": "Outer", "Relation Name": "aka_title", "Alias": "at", "Startup Cost": 0.0, "Total Cost": 9894.71, "Plan Rows": 361471, "Plan Width": 25}, {"Node Type": "Hash", "Parent Relationship": "Inner", "Startup Cost": 71933.49, "Total Cost": 71933.49, "Plan Rows": 266, "Plan Width": 25, "Plans": [{"Node Type": "Streaming(type: LOCAL GATHER dop: 1/16)", "Parent Relationship": "Outer", "Startup Cost": 20515.65, "Total Cost": 71933.49, "Plan Rows": 266, "Plan Width": 25, "Plans": [{"Node Type": "Hash Join", "Parent Relationship": "Outer", "Join Type": "Inner", "Startup Cost": 20515.65, "Total Cost": 71927.75, "Plan Rows": 266, "Plan Width": 25, "Inner Unique": true, "Hash Cond": "(mi.movie_id = t.id)", "Plans": [{"Node Type": "Streaming(type: BROADCAST dop: 16/1)", "Parent Relationship": "Outer", "Startup Cost": 0.0, "Total Cost": 51411.21, "Plan Rows": 3072, "Plan Width": 4, "Plans": [{"Node Type": "Nested Loop", "Parent Relationship": "Outer", "Join Type": "Inner", "Startup Cost": 0.0, "Total Cost": 36344.91, "Plan Rows": 192, "Plan Width": 4, "Inner Unique": false, "Join Filter": "(it1.id = mi.info_type_id)", "Plans": [{"Node Type": "Seq Scan", "Parent Relationship": "Outer", "Relation Name": "info_type", "Alias": "it1", "Startup Cost": 0.0, "Total Cost": 2.4, "Plan Rows": 1, "Plan Width": 4, "Filter": "((info)::text = 'release dates'::text)"}, {"Node Type": "Materialize", "Parent Relationship": "Inner", "Startup Cost": 0.0, "Total Cost": 36208.32, "Plan Rows": 13419, "Plan Width": 8, "Plans": [{"Node Type": "Streaming(type: LOCAL GATHER dop: 1/16)", "Parent Relationship": "Outer", "Startup Cost": 0.0, "Total Cost": 36174.77, "Plan Rows": 13419, "Plan Width": 8, "Plans": [{"Node Type": "Seq Scan", "Parent Relationship": "Outer", "Relation Name": "movie_info", "Alias": "mi", "Startup Cost": 0.0, "Total Cost": 35885.16, "Plan Rows": 13419, "Plan Width": 8, "Filter": "((note)::text ~~ '%internet%'::text)"}]}]}]}]}, {"Node Type": "Hash", "Parent Relationship": "Inner", "Startup Cost": 19149.37, "Total Cost": 19149.37, "Plan Rows": 1748840, "Plan Width": 21, "Plans": [{"Node Type": "Seq Scan", "Parent Relationship": "Outer", "Relation Name": "title", "Alias": "t", "Startup Cost": 0.0, "Total Cost": 19149.37, "Plan Rows": 1748840, "Plan Width": 21, "Filter": "(production_year > 1990), (LLVM Optimized)"}]}]}]}]}]}]}]}]}]}, {"Node Type": "Hash", "Parent Relationship": "Inner", "Startup Cost": 2100.69, "Total Cost": 2100.69, "Plan Rows": 134169, "Plan Width": 4, "Plans": [{"Node Type": "Seq Scan", "Parent Relationship": "Outer", "Relation Name": "keyword", "Alias": "k", "Startup Cost": 0.0, "Total Cost": 2100.69, "Plan Rows": 134169, "Plan Width": 4}]}]}]}, {"Node Type": "Hash", "Parent Relationship": "Inner", "Startup Cost": 17613.58, "Total Cost": 17613.58, "Plan Rows": 2609128, "Plan Width": 12, "Plans": [{"Node Type": "Seq Scan", "Parent Relationship": "Outer", "Relation Name": "movie_companies", "Alias": "mc", "Startup Cost": 0.0, "Total Cost": 17613.58, "Plan Rows": 2609128, "Plan Width": 12}]}]}]}, {"Node Type": "Hash", "Parent Relationship": "Inner", "Startup Cost": 5903.45, "Total Cost": 5903.45, "Plan Rows": 85170, "Plan Width": 4, "Plans": [{"Node Type": "Seq Scan", "Parent Relationship": "Outer", "Relation Name": "company_name", "Alias": "cn", "Startup Cost": 0.0, "Total Cost": 5903.45, "Plan Rows": 85170, "Plan Width": 4, "Filter": "((country_code)::text = '[us]'::text)"}]}]}, {"Node Type": "Materialize", "Parent Relationship": "Inner", "Startup Cost": 0.0, "Total Cost": 1.04, "Plan Rows": 3, "Plan Width": 4, "Plans": [{"Node Type": "Seq Scan", "Parent Relationship": "Outer", "Relation Name": "company_type", "Alias": "ct", "Startup Cost": 0.0, "Total Cost": 1.03, "Plan Rows": 3, "Plan Width": 4}]}]}]}, "Unique SQL Id": 2302223328, "Planner Runtime": 620}, "explain_analyze_plan": {"Plan": {"Node Type": "Aggregate", "Strategy": "Plain", "Startup Cost": 149057.48, "Total Cost": 149057.49, "Plan Rows": 1, "Plan Width": 102, "Actual Min Startup Time": 766.948, "Actual Max Startup Time": 766.948, "Actual Min Total Time": 766.948, "Actual Max Total Time": 766.948, "Plans": [{"Node Type": "Nested Loop", "Parent Relationship": "Outer", "Join Type": "Inner", "Startup Cost": 111190.82, "Total Cost": 149022.27, "Plan Rows": 7042, "Plan Width": 38, "Actual Min Startup Time": 673.617, "Actual Max Startup Time": 673.617, "Actual Min Total Time": 764.667, "Actual Max Total Time": 764.667, "Inner Unique": true, "Join Filter": "(mc.company_type_id = ct.id)", "Rows Removed by Join Filter": 20928, "Plans": [{"Node Type": "Hash Join", "Parent Relationship": "Outer", "Join Type": "Inner", "Startup Cost": 111190.82, "Total Cost": 148704.34, "Plan Rows": 7042, "Plan Width": 42, "Actual Min Startup Time": 659.463, "Actual Max Startup Time": 659.463, "Actual Min Total Time": 754.532, "Actual Max Total Time": 754.532, "Inner Unique": true, "Hash Cond": "(mc.company_id = cn.id)", "Plans": [{"Node Type": "Streaming(type: LOCAL GATHER dop: 1/16)", "Parent Relationship": "Outer", "Startup Cost": 108650.33, "Total Cost": 146061.97, "Plan Rows": 11758, "Plan Width": 46, "Actual Min Startup Time": 542.692, "Actual Max Startup Time": 542.692, "Actual Min Total Time": 627.832, "Actual Max Total Time": 627.832, "Plans": [{"Node Type": "Hash Join", "Parent Relationship": "Outer", "Join Type": "Inner", "Startup Cost": 108650.33, "Total Cost": 145808.21, "Plan Rows": 11758, "Plan Width": 46, "Actual Min Startup Time": 559.535, "Actual Max Startup Time": 615.696, "Actual Min Total Time": 657.61, "Actual Max Total Time": 705.116, "Inner Unique": false, "Hash Cond": "(t.id = mc.movie_id)", "Plans": [{"Node Type": "Streaming(type: BROADCAST dop: 16/1)", "Parent Relationship": "Outer", "Startup Cost": 102208.56, "Total Cost": 139256.66, "Plan Rows": 87632, "Plan Width": 54, "Actual Min Startup Time": 449.923, "Actual Max Startup Time": 502.313, "Actual Min Total Time": 550.035, "Actual Max Total Time": 604.181, "Plans": [{"Node Type": "Hash Join", "Parent Relationship": "Outer", "Join Type": "Inner", "Startup Cost": 102208.56, "Total Cost": 122365.39, "Plan Rows": 5477, "Plan Width": 54, "Actual Min Startup Time": 557.805, "Actual Max Startup Time": 557.805, "Actual Min Total Time": 607.945, "Actual Max Total Time": 607.945, "Inner Unique": true, "Hash Cond": "(mk.keyword_id = k.id)", "Plans": [{"Node Type": "Streaming(type: LOCAL GATHER dop: 1/16)", "Parent Relationship": "Outer", "Startup Cost": 98430.75, "Total Cost": 118513.36, "Plan Rows": 5477, "Plan Width": 58, "Actual Min Startup Time": 479.074, "Actual Max Startup Time": 479.074, "Actual Min Total Time": 525.493, "Actual Max Total Time": 525.493, "Plans": [{"Node Type": "Hash Join", "Parent Relationship": "Outer", "Join Type": "Inner", "Startup Cost": 98430.75, "Total Cost": 118395.15, "Plan Rows": 5477, "Plan Width": 58, "Actual Min Startup Time": 541.013, "Actual Max Startup Time": 583.902, "Actual Min Total Time": 641.901, "Actual Max Total Time": 673.886, "Inner Unique": false, "Hash Cond": "(mk.movie_id = t.id)", "Plans": [{"Node Type": "Seq Scan", "Parent Relationship": "Outer", "Relation Name": "movie_keyword", "Alias": "mk", "Startup Cost": 0.0, "Total Cost": 18902.58, "Plan Rows": 4523929, "Plan Width": 8, "Actual Min Startup Time": 0.065, "Actual Max Startup Time": 0.084, "Actual Min Total Time": 57.419, "Actual Max Total Time": 63.62, "Actual Rows": 4523929}, {"Node Type": "Hash", "Parent Relationship": "Inner", "Startup Cost": 98422.27, "Total Cost": 98422.27, "Plan Rows": 10864, "Plan Width": 50, "Actual Min Startup Time": 539.981, "Actual Max Startup Time": 561.9, "Actual Min Total Time": 539.981, "Actual Max Total Time": 561.9, "Max Hash Buckets": 32768, "Min Hash Buckets": 32768, "Max Hash Batches": 1, "Min Hash Batches": 1, "Max Original Hash Batches": 1, "Min Original Hash Batches": 1, "Max Peak Memory Usage": 52, "min Peak Memory Usage": 52, "Plans": [{"Node Type": "Streaming(type: BROADCAST dop: 16/1)", "Parent Relationship": "Outer", "Startup Cost": 71936.81, "Total Cost": 98422.27, "Plan Rows": 10864, "Plan Width": 50, "Actual Min Startup Time": 389.981, "Actual Max Startup Time": 411.91, "Actual Min Total Time": 539.758, "Actual Max Total Time": 561.67, "Plans": [{"Node Type": "Hash Join", "Parent Relationship": "Outer", "Join Type": "Inner", "Startup Cost": 71936.81, "Total Cost": 83187.8, "Plan Rows": 679, "Plan Width": 50, "Actual Min Startup Time": 396.185, "Actual Max Startup Time": 396.185, "Actual Min Total Time": 555.319, "Actual Max Total Time": 555.319, "Inner Unique": false, "Hash Cond": "(at.movie_id = t.id)", "Plans": [{"Node Type": "Seq Scan", "Parent Relationship": "Outer", "Relation Name": "aka_title", "Alias": "at", "Startup Cost": 0.0, "Total Cost": 9894.71, "Plan Rows": 361471, "Plan Width": 25, "Actual Min Startup Time": 0.049, "Actual Max Startup Time": 0.049, "Actual Min Total Time": 92.499, "Actual Max Total Time": 92.499, "Actual Rows": 361471}, {"Node Type": "Hash", "Parent Relationship": "Inner", "Startup Cost": 71933.49, "Total Cost": 71933.49, "Plan Rows": 266, "Plan Width": 25, "Actual Min Startup Time": 396.059, "Actual Max Startup Time": 396.059, "Actual Min Total Time": 396.059, "Actual Max Total Time": 396.059, "Max Hash Buckets": 32768, "Min Hash Buckets": 32768, "Max Hash Batches": 1, "Min Hash Batches": 1, "Max Original Hash Batches": 1, "Min Original Hash Batches": 1, "Max Peak Memory Usage": 627, "min Peak Memory Usage": 627, "Plans": [{"Node Type": "Streaming(type: LOCAL GATHER dop: 1/16)", "Parent Relationship": "Outer", "Startup Cost": 20515.65, "Total Cost": 71933.49, "Plan Rows": 266, "Plan Width": 25, "Actual Min Startup Time": 282.218, "Actual Max Startup Time": 282.218, "Actual Min Total Time": 393.266, "Actual Max Total Time": 393.266, "Plans": [{"Node Type": "Hash Join", "Parent Relationship": "Outer", "Join Type": "Inner", "Startup Cost": 20515.65, "Total Cost": 71927.75, "Plan Rows": 266, "Plan Width": 25, "Actual Min Startup Time": 233.069, "Actual Max Startup Time": 278.242, "Actual Min Total Time": 358.564, "Actual Max Total Time": 403.121, "Inner Unique": true, "Hash Cond": "(mi.movie_id = t.id)", "Plans": [{"Node Type": "Streaming(type: BROADCAST dop: 16/1)", "Parent Relationship": "Outer", "Startup Cost": 0.0, "Total Cost": 51411.21, "Plan Rows": 3072, "Plan Width": 4, "Actual Min Startup Time": 130.885, "Actual Max Startup Time": 169.58, "Actual Min Total Time": 252.322, "Actual Max Total Time": 289.287, "Plans": [{"Node Type": "Nested Loop", "Parent Relationship": "Outer", "Join Type": "Inner", "Startup Cost": 0.0, "Total Cost": 36344.91, "Plan Rows": 192, "Plan Width": 4, "Actual Min Startup Time": 270.744, "Actual Max Startup Time": 270.744, "Actual Min Total Time": 275.508, "Actual Max Total Time": 275.508, "Inner Unique": false, "Join Filter": "(it1.id = mi.info_type_id)", "Rows Removed by Join Filter": 131, "Plans": [{"Node Type": "Seq Scan", "Parent Relationship": "Outer", "Relation Name": "info_type", "Alias": "it1", "Startup Cost": 0.0, "Total Cost": 2.4, "Plan Rows": 1, "Plan Width": 4, "Actual Min Startup Time": 0.07, "Actual Max Startup Time": 0.07, "Actual Min Total Time": 0.102, "Actual Max Total Time": 0.102, "Filter": "((info)::text = 'release dates'::text)", "Rows Removed by Filter": 111, "Actual Rows": 1}, {"Node Type": "Materialize", "Parent Relationship": "Inner", "Startup Cost": 0.0, "Total Cost": 36208.32, "Plan Rows": 13419, "Plan Width": 8, "Actual Min Startup Time": 270.641, "Actual Max Startup Time": 270.641, "Actual Min Total Time": 271.832, "Actual Max Total Time": 271.832, "Plans": [{"Node Type": "Streaming(type: LOCAL GATHER dop: 1/16)", "Parent Relationship": "Outer", "Startup Cost": 0.0, "Total Cost": 36174.77, "Plan Rows": 13419, "Plan Width": 8, "Actual Min Startup Time": 71.554, "Actual Max Startup Time": 71.554, "Actual Min Total Time": 268.89, "Actual Max Total Time": 268.89, "Plans": [{"Node Type": "Seq Scan", "Parent Relationship": "Outer", "Relation Name": "movie_info", "Alias": "mi", "Startup Cost": 0.0, "Total Cost": 35885.16, "Plan Rows": 13419, "Plan Width": 8, "Actual Min Startup Time": 6.892, "Actual Max Startup Time": 73.663, "Actual Min Total Time": 247.413, "Actual Max Total Time": 281.772, "Filter": "((note)::text ~~ '%internet%'::text)", "Rows Removed by Filter": 14824909, "Actual Rows": 10810}], "Actual Rows": 10810}], "Actual Rows": 10811}], "Actual Rows": 10679}], "Actual Rows": 170864}, {"Node Type": "Hash", "Parent Relationship": "Inner", "Startup Cost": 19149.37, "Total Cost": 19149.37, "Plan Rows": 1748840, "Plan Width": 21, "Actual Min Startup Time": 98.243, "Actual Max Startup Time": 108.416, "Actual Min Total Time": 98.243, "Actual Max Total Time": 108.416, "Max Hash Buckets": 131072, "Min Hash Buckets": 131072, "Max Hash Batches": 1, "Min Hash Batches": 1, "Max Original Hash Batches": 1, "Min Original Hash Batches": 1, "Max Peak Memory Usage": 5962, "min Peak Memory Usage": 5962, "Plans": [{"Node Type": "Seq Scan", "Parent Relationship": "Outer", "Relation Name": "title", "Alias": "t", "Startup Cost": 0.0, "Total Cost": 19149.37, "Plan Rows": 1748840, "Plan Width": 21, "Actual Min Startup Time": 0.024, "Actual Max Startup Time": 0.041, "Actual Min Total Time": 63.82, "Actual Max Total Time": 72.299, "Filter": "(production_year > 1990), (LLVM Optimized, Jit Execute)", "Rows Removed by Filter": 779279, "Actual Rows": 1749032}], "Actual Rows": 1749032}], "Actual Rows": 10662}], "Actual Rows": 10662}], "Actual Rows": 10662}], "Actual Rows": 584}], "Actual Rows": 9344}], "Actual Rows": 9344}], "Actual Rows": 6320}], "Actual Rows": 6320}, {"Node Type": "Hash", "Parent Relationship": "Inner", "Startup Cost": 2100.69, "Total Cost": 2100.69, "Plan Rows": 134169, "Plan Width": 4, "Actual Min Startup Time": 78.501, "Actual Max Startup Time": 78.501, "Actual Min Total Time": 78.501, "Actual Max Total Time": 78.501, "Max Hash Buckets": 262144, "Min Hash Buckets": 262144, "Max Hash Batches": 1, "Min Hash Batches": 1, "Max Original Hash Batches": 1, "Min Original Hash Batches": 1, "Max Peak Memory Usage": 4717, "min Peak Memory Usage": 4717, "Plans": [{"Node Type": "Seq Scan", "Parent Relationship": "Outer", "Relation Name": "keyword", "Alias": "k", "Startup Cost": 0.0, "Total Cost": 2100.69, "Plan Rows": 134169, "Plan Width": 4, "Actual Min Startup Time": 0.042, "Actual Max Startup Time": 0.042, "Actual Min Total Time": 38.545, "Actual Max Total Time": 38.545, "Actual Rows": 134169}], "Actual Rows": 134169}], "Actual Rows": 6320}], "Actual Rows": 101120}, {"Node Type": "Hash", "Parent Relationship": "Inner", "Startup Cost": 17613.58, "Total Cost": 17613.58, "Plan Rows": 2609128, "Plan Width": 12, "Actual Min Startup Time": 88.315, "Actual Max Startup Time": 108.766, "Actual Min Total Time": 88.315, "Actual Max Total Time": 108.766, "Max Hash Buckets": 262144, "Min Hash Buckets": 262144, "Max Hash Batches": 1, "Min Hash Batches": 1, "Max Original Hash Batches": 1, "Min Original Hash Batches": 1, "Max Peak Memory Usage": 7164, "min Peak Memory Usage": 7164, "Plans": [{"Node Type": "Seq Scan", "Parent Relationship": "Outer", "Relation Name": "movie_companies", "Alias": "mc", "Startup Cost": 0.0, "Total Cost": 17613.58, "Plan Rows": 2609128, "Plan Width": 12, "Actual Min Startup Time": 0.031, "Actual Max Startup Time": 0.076, "Actual Min Total Time": 43.61, "Actual Max Total Time": 52.453, "Actual Rows": 2609128}], "Actual Rows": 2609128}], "Actual Rows": 39767}], "Actual Rows": 39767}, {"Node Type": "Hash", "Parent Relationship": "Inner", "Startup Cost": 5903.45, "Total Cost": 5903.45, "Plan Rows": 85170, "Plan Width": 4, "Actual Min Startup Time": 116.559, "Actual Max Startup Time": 116.559, "Actual Min Total Time": 116.559, "Actual Max Total Time": 116.559, "Max Hash Buckets": 131072, "Min Hash Buckets": 131072, "Max Hash Batches": 1, "Min Hash Batches": 1, "Max Original Hash Batches": 1, "Min Original Hash Batches": 1, "Max Peak Memory Usage": 2983, "min Peak Memory Usage": 2983, "Plans": [{"Node Type": "Seq Scan", "Parent Relationship": "Outer", "Relation Name": "company_name", "Alias": "cn", "Startup Cost": 0.0, "Total Cost": 5903.45, "Plan Rows": 85170, "Plan Width": 4, "Actual Min Startup Time": 0.049, "Actual Max Startup Time": 0.049, "Actual Min Total Time": 90.39, "Actual Max Total Time": 90.39, "Filter": "((country_code)::text = '[us]'::text)", "Rows Removed by Filter": 150153, "Actual Rows": 84843}], "Actual Rows": 84843}], "Actual Rows": 11347}, {"Node Type": "Materialize", "Parent Relationship": "Inner", "Startup Cost": 0.0, "Total Cost": 1.04, "Plan Rows": 3, "Plan Width": 4, "Actual Min Startup Time": 1.1, "Actual Max Startup Time": 1.1, "Actual Min Total Time": 2.97, "Actual Max Total Time": 2.97, "Plans": [{"Node Type": "Seq Scan", "Parent Relationship": "Outer", "Relation Name": "company_type", "Alias": "ct", "Startup Cost": 0.0, "Total Cost": 1.03, "Plan Rows": 3, "Plan Width": 4, "Actual Min Startup Time": 0.031, "Actual Max Startup Time": 0.031, "Actual Min Total Time": 0.033, "Actual Max Total Time": 0.033, "Actual Rows": 3}], "Actual Rows": 25300}], "Actual Rows": 4371}], "Actual Rows": 1}, "Triggers": [], "Planner Runtime": 617, "Total Runtime": 791.429, "Unique SQL Id": 2302223328}}, "(16, 43)": {"explain_plan": {"Plan": {"Node Type": "Aggregate", "Strategy": "Plain", "Startup Cost": 9000224458655.5, "Total Cost": 9000224458655.51, "Plan Rows": 1, "Plan Width": 102, "Plans": [{"Node Type": "Nested Loop", "Parent Relationship": "Outer", "Join Type": "Inner", "Startup Cost": 90000000000.0, "Total Cost": 9000224458620.29, "Plan Rows": 7042, "Plan Width": 38, "Inner Unique": false, "Join Filter": "(t.id = at.movie_id)", "Plans": [{"Node Type": "Nested Loop", "Parent Relationship": "Outer", "Join Type": "Inner", "Startup Cost": 80000000000.0, "Total Cost": 8000201462635.67, "Plan Rows": 3874, "Plan Width": 33, "Inner Unique": true, "Join Filter": "(mk.keyword_id = k.id)", "Plans": [{"Node Type": "Nested Loop", "Parent Relationship": "Outer", "Join Type": "Inner", "Startup Cost": 70000000000.0, "Total Cost": 7000193459661.16, "Plan Rows": 3874, "Plan Width": 37, "Inner Unique": true, "Join Filter": "(mc.company_type_id = ct.id)", "Plans": [{"Node Type": "Nested Loop", "Parent Relationship": "Outer", "Join Type": "Inner", "Startup Cost": 60000000000.0, "Total Cost": 6000193458657.32, "Plan Rows": 3874, "Plan Width": 41, "Inner Unique": false, "Join Filter": "(t.id = mk.movie_id)", "Plans": [{"Node Type": "Index Scan", "Parent Relationship": "Outer", "Scan Direction": "Forward", "Index Name": "movie_id_movie_keyword", "Relation Name": "movie_keyword", "Alias": "mk", "Startup Cost": 10000000000.0, "Total Cost": 1000015300634.17, "Plan Rows": 4523929, "Plan Width": 8}, {"Node Type": "Materialize", "Parent Relationship": "Inner", "Startup Cost": 50000000000.0, "Total Cost": 5000145721453.42, "Plan Rows": 478, "Plan Width": 33, "Plans": [{"Node Type": "Nested Loop", "Parent Relationship": "Outer", "Join Type": "Inner", "Startup Cost": 50000000000.0, "Total Cost": 5000145721451.03, "Plan Rows": 478, "Plan Width": 33, "Inner Unique": true, "Join Filter": "(mc.company_id = cn.id)", "Plans": [{"Node Type": "Nested Loop", "Parent Relationship": "Outer", "Join Type": "Inner", "Startup Cost": 40000000000.0, "Total Cost": 4000143945450.73, "Plan Rows": 568, "Plan Width": 37, "Inner Unique": false, "Join Filter": "(t.id = mc.movie_id)", "Plans": [{"Node Type": "Index Scan", "Parent Relationship": "Outer", "Scan Direction": "Forward", "Index Name": "company_type_id_movie_companies", "Relation Name": "movie_companies", "Alias": "mc", "Startup Cost": 10000000000.0, "Total Cost": 1000009318217.0, "Plan Rows": 2609128, "Plan Width": 12}, {"Node Type": "Materialize", "Parent Relationship": "Inner", "Startup Cost": 30000000000.0, "Total Cost": 3000124216813.68, "Plan Rows": 266, "Plan Width": 25, "Plans": [{"Node Type": "Nested Loop", "Parent Relationship": "Outer", "Join Type": "Inner", "Startup Cost": 30000000000.0, "Total Cost": 3000124216812.35, "Plan Rows": 266, "Plan Width": 25, "Inner Unique": false, "Join Filter": "(mi.movie_id = t.id)", "Plans": [{"Node Type": "Index Scan", "Parent Relationship": "Outer", "Scan Direction": "Forward", "Index Name": "title_pkey", "Relation Name": "title", "Alias": "t", "Startup Cost": 10000000000.0, "Total Cost": 1000011644126.66, "Plan Rows": 1748840, "Plan Width": 21, "Filter": "(production_year > 1990), (LLVM Optimized)"}, {"Node Type": "Materialize", "Parent Relationship": "Inner", "Startup Cost": 20000000000.0, "Total Cost": 2000107536026.96, "Plan Rows": 192, "Plan Width": 4, "Plans": [{"Node Type": "Nested Loop", "Parent Relationship": "Outer", "Join Type": "Inner", "Startup Cost": 20000000000.0, "Total Cost": 2000107536026.0, "Plan Rows": 192, "Plan Width": 4, "Inner Unique": true, "Join Filter": "(it1.id = mi.info_type_id)", "Plans": [{"Node Type": "Index Scan", "Parent Relationship": "Outer", "Scan Direction": "Forward", "Index Name": "movie_id_movie_info", "Relation Name": "movie_info", "Alias": "mi", "Startup Cost": 10000000000.0, "Total Cost": 1000107534403.72, "Plan Rows": 13419, "Plan Width": 8, "Filter": "((note)::text ~~ '%internet%'::text)"}, {"Node Type": "Materialize", "Parent Relationship": "Inner", "Startup Cost": 10000000000.0, "Total Cost": 1000000001421.0, "Plan Rows": 1, "Plan Width": 4, "Plans": [{"Node Type": "Index Scan", "Parent Relationship": "Outer", "Scan Direction": "Forward", "Index Name": "info_type_pkey", "Relation Name": "info_type", "Alias": "it1", "Startup Cost": 10000000000.0, "Total Cost": 1000000001421.0, "Plan Rows": 1, "Plan Width": 4, "Filter": "((info)::text = 'release dates'::text)"}]}]}]}]}]}]}, {"Node Type": "Materialize", "Parent Relationship": "Inner", "Startup Cost": 10000000000.0, "Total Cost": 1000001050564.82, "Plan Rows": 85170, "Plan Width": 4, "Plans": [{"Node Type": "Index Scan", "Parent Relationship": "Outer", "Scan Direction": "Forward", "Index Name": "company_name_pkey", "Relation Name": "company_name", "Alias": "cn", "Startup Cost": 10000000000.0, "Total Cost": 1000001050138.97, "Plan Rows": 85170, "Plan Width": 4, "Filter": "((country_code)::text = '[us]'::text)"}]}]}]}]}, {"Node Type": "Materialize", "Parent Relationship": "Inner", "Startup Cost": 10000000000.0, "Total Cost": 1000000000829.52, "Plan Rows": 3, "Plan Width": 4, "Plans": [{"Node Type": "Index Only Scan", "Parent Relationship": "Outer", "Scan Direction": "Forward", "Index Name": "company_type_pkey", "Relation Name": "company_type", "Alias": "ct", "Startup Cost": 10000000000.0, "Total Cost": 1000000000829.5, "Plan Rows": 3, "Plan Width": 4}]}]}, {"Node Type": "Materialize", "Parent Relationship": "Inner", "Startup Cost": 10000000000.0, "Total Cost": 1000000206749.34, "Plan Rows": 134169, "Plan Width": 4, "Plans": [{"Node Type": "Index Only Scan", "Parent Relationship": "Outer", "Scan Direction": "Forward", "Index Name": "keyword_pkey", "Relation Name": "keyword", "Alias": "k", "Startup Cost": 10000000000.0, "Total Cost": 1000000206078.5, "Plan Rows": 134169, "Plan Width": 4}]}]}, {"Node Type": "Materialize", "Parent Relationship": "Inner", "Startup Cost": 10000000000.0, "Total Cost": 1000001991808.49, "Plan Rows": 361471, "Plan Width": 25, "Plans": [{"Node Type": "Index Scan", "Parent Relationship": "Outer", "Scan Direction": "Forward", "Index Name": "movie_id_aka_title", "Relation Name": "aka_title", "Alias": "at", "Startup Cost": 10000000000.0, "Total Cost": 1000001990001.13, "Plan Rows": 361471, "Plan Width": 25}]}]}]}, "Unique SQL Id": 2302223328, "Planner Runtime": 215}, "explain_analyze_plan": null}, "(16, 44)": {"explain_plan": {"Plan": {"Node Type": "Aggregate", "Strategy": "Plain", "Startup Cost": 40165.83, "Total Cost": 40165.84, "Plan Rows": 1, "Plan Width": 102, "Plans": [{"Node Type": "Nested Loop", "Parent Relationship": "Outer", "Join Type": "Inner", "Startup Cost": 0.0, "Total Cost": 40131.31, "Plan Rows": 6905, "Plan Width": 38, "Inner Unique": true, "Plans": [{"Node Type": "Nested Loop", "Parent Relationship": "Outer", "Join Type": "Inner", "Startup Cost": 0.0, "Total Cost": 38154.75, "Plan Rows": 7042, "Plan Width": 42, "Inner Unique": false, "Join Filter": "(t.id = mk.movie_id)", "Plans": [{"Node Type": "Nested Loop", "Parent Relationship": "Outer", "Join Type": "Inner", "Startup Cost": 0.0, "Total Cost": 37663.77, "Plan Rows": 873, "Plan Width": 54, "Inner Unique": true, "Join Filter": "(at.movie_id = t.id)", "Plans": [{"Node Type": "Nested Loop", "Parent Relationship": "Outer", "Join Type": "Inner", "Startup Cost": 0.0, "Total Cost": 37441.69, "Plan Rows": 630, "Plan Width": 33, "Inner Unique": true, "Join Filter": "(mc.company_type_id = ct.id)", "Plans": [{"Node Type": "Nested Loop", "Parent Relationship": "Outer", "Join Type": "Inner", "Startup Cost": 0.0, "Total Cost": 37412.3, "Plan Rows": 630, "Plan Width": 37, "Inner Unique": true, "Plans": [{"Node Type": "Nested Loop", "Parent Relationship": "Outer", "Join Type": "Inner", "Startup Cost": 0.0, "Total Cost": 37109.68, "Plan Rows": 1052, "Plan Width": 41, "Inner Unique": false, "Plans": [{"Node Type": "Nested Loop", "Parent Relationship": "Outer", "Join Type": "Inner", "Startup Cost": 0.0, "Total Cost": 36820.6, "Plan Rows": 490, "Plan Width": 29, "Inner Unique": false, "Plans": [{"Node Type": "Nested Loop", "Parent Relationship": "Outer", "Join Type": "Inner", "Startup Cost": 0.0, "Total Cost": 36344.91, "Plan Rows": 192, "Plan Width": 4, "Inner Unique": false, "Join Filter": "(it1.id = mi.info_type_id)", "Plans": [{"Node Type": "Seq Scan", "Parent Relationship": "Outer", "Relation Name": "info_type", "Alias": "it1", "Startup Cost": 0.0, "Total Cost": 2.4, "Plan Rows": 1, "Plan Width": 4, "Filter": "((info)::text = 'release dates'::text)"}, {"Node Type": "Materialize", "Parent Relationship": "Inner", "Startup Cost": 0.0, "Total Cost": 36208.32, "Plan Rows": 13419, "Plan Width": 8, "Plans": [{"Node Type": "Streaming(type: LOCAL GATHER dop: 1/16)", "Parent Relationship": "Outer", "Startup Cost": 0.0, "Total Cost": 36174.77, "Plan Rows": 13419, "Plan Width": 8, "Plans": [{"Node Type": "Seq Scan", "Parent Relationship": "Outer", "Relation Name": "movie_info", "Alias": "mi", "Startup Cost": 0.0, "Total Cost": 35885.16, "Plan Rows": 13419, "Plan Width": 8, "Filter": "((note)::text ~~ '%internet%'::text)"}]}]}]}, {"Node Type": "Index Scan", "Parent Relationship": "Inner", "Scan Direction": "Forward", "Index Name": "movie_id_aka_title", "Relation Name": "aka_title", "Alias": "at", "Startup Cost": 0.0, "Total Cost": 2.45, "Plan Rows": 3, "Plan Width": 25, "Index Cond": "(movie_id = mi.movie_id)"}]}, {"Node Type": "Index Scan", "Parent Relationship": "Inner", "Scan Direction": "Forward", "Index Name": "movie_id_movie_companies", "Relation Name": "movie_companies", "Alias": "mc", "Startup Cost": 0.0, "Total Cost": 0.57, "Plan Rows": 2, "Plan Width": 12, "Index Cond": "(movie_id = at.movie_id)"}]}, {"Node Type": "Index Scan", "Parent Relationship": "Inner", "Scan Direction": "Forward", "Index Name": "company_name_pkey", "Relation Name": "company_name", "Alias": "cn", "Startup Cost": 0.0, "Total Cost": 0.28, "Plan Rows": 1, "Plan Width": 4, "Index Cond": "(id = mc.company_id)", "Filter": "((country_code)::text = '[us]'::text)"}]}, {"Node Type": "Materialize", "Parent Relationship": "Inner", "Startup Cost": 0.0, "Total Cost": 1.04, "Plan Rows": 3, "Plan Width": 4, "Plans": [{"Node Type": "Seq Scan", "Parent Relationship": "Outer", "Relation Name": "company_type", "Alias": "ct", "Startup Cost": 0.0, "Total Cost": 1.03, "Plan Rows": 3, "Plan Width": 4}]}]}, {"Node Type": "Index Scan", "Parent Relationship": "Inner", "Scan Direction": "Forward", "Index Name": "title_pkey", "Relation Name": "title", "Alias": "t", "Startup Cost": 0.0, "Total Cost": 0.34, "Plan Rows": 1, "Plan Width": 21, "Index Cond": "(id = mc.movie_id)", "Filter": "(production_year > 1990)"}]}, {"Node Type": "Index Scan", "Parent Relationship": "Inner", "Scan Direction": "Forward", "Index Name": "movie_id_movie_keyword", "Relation Name": "movie_keyword", "Alias": "mk", "Startup Cost": 0.0, "Total Cost": 0.46, "Plan Rows": 8, "Plan Width": 8, "Index Cond": "(movie_id = mc.movie_id)"}]}, {"Node Type": "Index Scan", "Parent Relationship": "Inner", "Scan Direction": "Forward", "Index Name": "keyword_pkey", "Relation Name": "keyword", "Alias": "k", "Startup Cost": 0.0, "Total Cost": 0.27, "Plan Rows": 1, "Plan Width": 4, "Index Cond": "(id = mk.keyword_id)"}]}]}, "Unique SQL Id": 2302223328, "Planner Runtime": 316}, "explain_analyze_plan": {"Plan": {"Node Type": "Aggregate", "Strategy": "Plain", "Startup Cost": 40165.83, "Total Cost": 40165.84, "Plan Rows": 1, "Plan Width": 102, "Actual Min Startup Time": 401.893, "Actual Max Startup Time": 401.893, "Actual Min Total Time": 401.893, "Actual Max Total Time": 401.893, "Plans": [{"Node Type": "Nested Loop", "Parent Relationship": "Outer", "Join Type": "Inner", "Startup Cost": 0.0, "Total Cost": 40131.31, "Plan Rows": 6905, "Plan Width": 38, "Actual Min Startup Time": 312.975, "Actual Max Startup Time": 312.975, "Actual Min Total Time": 399.235, "Actual Max Total Time": 399.235, "Inner Unique": true, "Plans": [{"Node Type": "Nested Loop", "Parent Relationship": "Outer", "Join Type": "Inner", "Startup Cost": 0.0, "Total Cost": 38154.75, "Plan Rows": 7042, "Plan Width": 42, "Actual Min Startup Time": 312.962, "Actual Max Startup Time": 312.962, "Actual Min Total Time": 380.658, "Actual Max Total Time": 380.658, "Inner Unique": false, "Join Filter": "(t.id = mk.movie_id)", "Rows Removed by Join Filter": 0, "Plans": [{"Node Type": "Nested Loop", "Parent Relationship": "Outer", "Join Type": "Inner", "Startup Cost": 0.0, "Total Cost": 37663.77, "Plan Rows": 873, "Plan Width": 54, "Actual Min Startup Time": 312.627, "Actual Max Startup Time": 312.627, "Actual Min Total Time": 374.351, "Actual Max Total Time": 374.351, "Inner Unique": true, "Join Filter": "(at.movie_id = t.id)", "Rows Removed by Join Filter": 0, "Plans": [{"Node Type": "Nested Loop", "Parent Relationship": "Outer", "Join Type": "Inner", "Startup Cost": 0.0, "Total Cost": 37441.69, "Plan Rows": 630, "Plan Width": 33, "Actual Min Startup Time": 312.605, "Actual Max Startup Time": 312.605, "Actual Min Total Time": 371.527, "Actual Max Total Time": 371.527, "Inner Unique": true, "Join Filter": "(mc.company_type_id = ct.id)", "Rows Removed by Join Filter": 1542, "Plans": [{"Node Type": "Nested Loop", "Parent Relationship": "Outer", "Join Type": "Inner", "Startup Cost": 0.0, "Total Cost": 37412.3, "Plan Rows": 630, "Plan Width": 37, "Actual Min Startup Time": 312.588, "Actual Max Startup Time": 312.588, "Actual Min Total Time": 370.59, "Actual Max Total Time": 370.59, "Inner Unique": true, "Plans": [{"Node Type": "Nested Loop", "Parent Relationship": "Outer", "Join Type": "Inner", "Startup Cost": 0.0, "Total Cost": 37109.68, "Plan Rows": 1052, "Plan Width": 41, "Actual Min Startup Time": 312.569, "Actual Max Startup Time": 312.569, "Actual Min Total Time": 358.881, "Actual Max Total Time": 358.881, "Inner Unique": false, "Plans": [{"Node Type": "Nested Loop", "Parent Relationship": "Outer", "Join Type": "Inner", "Startup Cost": 0.0, "Total Cost": 36820.6, "Plan Rows": 490, "Plan Width": 29, "Actual Min Startup Time": 312.556, "Actual Max Startup Time": 312.556, "Actual Min Total Time": 352.512, "Actual Max Total Time": 352.512, "Inner Unique": false, "Plans": [{"Node Type": "Nested Loop", "Parent Relationship": "Outer", "Join Type": "Inner", "Startup Cost": 0.0, "Total Cost": 36344.91, "Plan Rows": 192, "Plan Width": 4, "Actual Min Startup Time": 312.194, "Actual Max Startup Time": 312.194, "Actual Min Total Time": 318.194, "Actual Max Total Time": 318.194, "Inner Unique": false, "Join Filter": "(it1.id = mi.info_type_id)", "Rows Removed by Join Filter": 131, "Plans": [{"Node Type": "Seq Scan", "Parent Relationship": "Outer", "Relation Name": "info_type", "Alias": "it1", "Startup Cost": 0.0, "Total Cost": 2.4, "Plan Rows": 1, "Plan Width": 4, "Actual Min Startup Time": 0.072, "Actual Max Startup Time": 0.072, "Actual Min Total Time": 0.118, "Actual Max Total Time": 0.118, "Filter": "((info)::text = 'release dates'::text)", "Rows Removed by Filter": 111, "Actual Rows": 1}, {"Node Type": "Materialize", "Parent Relationship": "Inner", "Startup Cost": 0.0, "Total Cost": 36208.32, "Plan Rows": 13419, "Plan Width": 8, "Actual Min Startup Time": 312.095, "Actual Max Startup Time": 312.095, "Actual Min Total Time": 313.882, "Actual Max Total Time": 313.882, "Plans": [{"Node Type": "Streaming(type: LOCAL GATHER dop: 1/16)", "Parent Relationship": "Outer", "Startup Cost": 0.0, "Total Cost": 36174.77, "Plan Rows": 13419, "Plan Width": 8, "Actual Min Startup Time": 107.965, "Actual Max Startup Time": 107.965, "Actual Min Total Time": 310.135, "Actual Max Total Time": 310.135, "Plans": [{"Node Type": "Seq Scan", "Parent Relationship": "Outer", "Relation Name": "movie_info", "Alias": "mi", "Startup Cost": 0.0, "Total Cost": 35885.16, "Plan Rows": 13419, "Plan Width": 8, "Actual Min Startup Time": 6.935, "Actual Max Startup Time": 77.015, "Actual Min Total Time": 251.804, "Actual Max Total Time": 278.5, "Filter": "((note)::text ~~ '%internet%'::text)", "Rows Removed by Filter": 14824909, "Actual Rows": 10810}], "Actual Rows": 10810}], "Actual Rows": 10811}], "Actual Rows": 10679}, {"Node Type": "Index Scan", "Parent Relationship": "Inner", "Scan Direction": "Forward", "Index Name": "movie_id_aka_title", "Relation Name": "aka_title", "Alias": "at", "Startup Cost": 0.0, "Total Cost": 2.45, "Plan Rows": 3, "Plan Width": 25, "Actual Min Startup Time": 28.676, "Actual Max Startup Time": 28.676, "Actual Min Total Time": 29.296, "Actual Max Total Time": 29.296, "Index Cond": "(movie_id = mi.movie_id)", "Rows Removed by Index Recheck": 0, "Actual Rows": 591}], "Actual Rows": 591}, {"Node Type": "Index Scan", "Parent Relationship": "Inner", "Scan Direction": "Forward", "Index Name": "movie_id_movie_companies", "Relation Name": "movie_companies", "Alias": "mc", "Startup Cost": 0.0, "Total Cost": 0.57, "Plan Rows": 2, "Plan Width": 12, "Actual Min Startup Time": 3.968, "Actual Max Startup Time": 3.968, "Actual Min Total Time": 5.514, "Actual Max Total Time": 5.514, "Index Cond": "(movie_id = at.movie_id)", "Rows Removed by Index Recheck": 0, "Actual Rows": 2130}], "Actual Rows": 2130}, {"Node Type": "Index Scan", "Parent Relationship": "Inner", "Scan Direction": "Forward", "Index Name": "company_name_pkey", "Relation Name": "company_name", "Alias": "cn", "Startup Cost": 0.0, "Total Cost": 0.28, "Plan Rows": 1, "Plan Width": 4, "Actual Min Startup Time": 10.29, "Actual Max Startup Time": 10.29, "Actual Min Total Time": 10.29, "Actual Max Total Time": 10.29, "Index Cond": "(id = mc.company_id)", "Rows Removed by Index Recheck": 0, "Filter": "((country_code)::text = '[us]'::text)", "Rows Removed by Filter": 1234, "Actual Rows": 896}], "Actual Rows": 896}, {"Node Type": "Materialize", "Parent Relationship": "Inner", "Startup Cost": 0.0, "Total Cost": 1.04, "Plan Rows": 3, "Plan Width": 4, "Actual Min Startup Time": 0.106, "Actual Max Startup Time": 0.106, "Actual Min Total Time": 0.238, "Actual Max Total Time": 0.238, "Plans": [{"Node Type": "Seq Scan", "Parent Relationship": "Outer", "Relation Name": "company_type", "Alias": "ct", "Startup Cost": 0.0, "Total Cost": 1.03, "Plan Rows": 3, "Plan Width": 4, "Actual Min Startup Time": 0.007, "Actual Max Startup Time": 0.007, "Actual Min Total Time": 0.01, "Actual Max Total Time": 0.01, "Actual Rows": 3}], "Actual Rows": 1924}], "Actual Rows": 382}, {"Node Type": "Index Scan", "Parent Relationship": "Inner", "Scan Direction": "Forward", "Index Name": "title_pkey", "Relation Name": "title", "Alias": "t", "Startup Cost": 0.0, "Total Cost": 0.34, "Plan Rows": 1, "Plan Width": 21, "Actual Min Startup Time": 2.308, "Actual Max Startup Time": 2.308, "Actual Min Total Time": 2.308, "Actual Max Total Time": 2.308, "Index Cond": "(id = mc.movie_id)", "Rows Removed by Index Recheck": 0, "Filter": "(production_year > 1990)", "Rows Removed by Filter": 0, "Actual Rows": 382}], "Actual Rows": 382}, {"Node Type": "Index Scan", "Parent Relationship": "Inner", "Scan Direction": "Forward", "Index Name": "movie_id_movie_keyword", "Relation Name": "movie_keyword", "Alias": "mk", "Startup Cost": 0.0, "Total Cost": 0.46, "Plan Rows": 8, "Plan Width": 8, "Actual Min Startup Time": 2.442, "Actual Max Startup Time": 2.442, "Actual Min Total Time": 4.368, "Actual Max Total Time": 4.368, "Index Cond": "(movie_id = mc.movie_id)", "Rows Removed by Index Recheck": 0, "Actual Rows": 4371}], "Actual Rows": 4371}, {"Node Type": "Index Scan", "Parent Relationship": "Inner", "Scan Direction": "Forward", "Index Name": "keyword_pkey", "Relation Name": "keyword", "Alias": "k", "Startup Cost": 0.0, "Total Cost": 0.27, "Plan Rows": 1, "Plan Width": 4, "Actual Min Startup Time": 15.266, "Actual Max Startup Time": 15.266, "Actual Min Total Time": 15.266, "Actual Max Total Time": 15.266, "Index Cond": "(id = mk.keyword_id)", "Rows Removed by Index Recheck": 0, "Actual Rows": 4371}], "Actual Rows": 4371}], "Actual Rows": 1}, "Triggers": [], "Planner Runtime": 316, "Total Runtime": 405.944, "Unique SQL Id": 2302223328}}, "(16, 45)": {"explain_plan": {"Plan": {"Node Type": "Aggregate", "Strategy": "Plain", "Startup Cost": 499531.84, "Total Cost": 499531.85, "Plan Rows": 1, "Plan Width": 102, "Plans": [{"Node Type": "Nested Loop", "Parent Relationship": "Outer", "Join Type": "Inner", "Startup Cost": 0.0, "Total Cost": 499497.31, "Plan Rows": 6905, "Plan Width": 38, "Inner Unique": true, "Plans": [{"Node Type": "Nested Loop", "Parent Relationship": "Outer", "Join Type": "Inner", "Startup Cost": 0.0, "Total Cost": 497520.75, "Plan Rows": 7042, "Plan Width": 42, "Inner Unique": false, "Join Filter": "(t.id = mk.movie_id)", "Plans": [{"Node Type": "Nested Loop", "Parent Relationship": "Outer", "Join Type": "Inner", "Startup Cost": 0.0, "Total Cost": 497029.77, "Plan Rows": 873, "Plan Width": 54, "Inner Unique": true, "Join Filter": "(at.movie_id = t.id)", "Plans": [{"Node Type": "Nested Loop", "Parent Relationship": "Outer", "Join Type": "Inner", "Startup Cost": 0.0, "Total Cost": 496807.69, "Plan Rows": 630, "Plan Width": 33, "Inner Unique": true, "Join Filter": "(mc.company_type_id = ct.id)", "Plans": [{"Node Type": "Nested Loop", "Parent Relationship": "Outer", "Join Type": "Inner", "Startup Cost": 0.0, "Total Cost": 496767.04, "Plan Rows": 630, "Plan Width": 37, "Inner Unique": true, "Plans": [{"Node Type": "Nested Loop", "Parent Relationship": "Outer", "Join Type": "Inner", "Startup Cost": 0.0, "Total Cost": 496464.42, "Plan Rows": 1052, "Plan Width": 41, "Inner Unique": false, "Plans": [{"Node Type": "Nested Loop", "Parent Relationship": "Outer", "Join Type": "Inner", "Startup Cost": 0.0, "Total Cost": 496175.34, "Plan Rows": 490, "Plan Width": 29, "Inner Unique": false, "Plans": [{"Node Type": "Nested Loop", "Parent Relationship": "Outer", "Join Type": "Inner", "Startup Cost": 0.0, "Total Cost": 495699.65, "Plan Rows": 192, "Plan Width": 4, "Inner Unique": false, "Plans": [{"Node Type": "Index Scan", "Parent Relationship": "Outer", "Scan Direction": "Forward", "Index Name": "info_type_pkey", "Relation Name": "info_type", "Alias": "it1", "Startup Cost": 0.0, "Total Cost": 14.21, "Plan Rows": 1, "Plan Width": 4, "Filter": "((info)::text = 'release dates'::text)"}, {"Node Type": "Index Scan", "Parent Relationship": "Inner", "Scan Direction": "Forward", "Index Name": "info_type_id_movie_info", "Relation Name": "movie_info", "Alias": "mi", "Startup Cost": 0.0, "Total Cost": 495683.52, "Plan Rows": 192, "Plan Width": 8, "Index Cond": "(info_type_id = it1.id)", "Filter": "((note)::text ~~ '%internet%'::text)"}]}, {"Node Type": "Index Scan", "Parent Relationship": "Inner", "Scan Direction": "Forward", "Index Name": "movie_id_aka_title", "Relation Name": "aka_title", "Alias": "at", "Startup Cost": 0.0, "Total Cost": 2.45, "Plan Rows": 3, "Plan Width": 25, "Index Cond": "(movie_id = mi.movie_id)"}]}, {"Node Type": "Index Scan", "Parent Relationship": "Inner", "Scan Direction": "Forward", "Index Name": "movie_id_movie_companies", "Relation Name": "movie_companies", "Alias": "mc", "Startup Cost": 0.0, "Total Cost": 0.57, "Plan Rows": 2, "Plan Width": 12, "Index Cond": "(movie_id = at.movie_id)"}]}, {"Node Type": "Index Scan", "Parent Relationship": "Inner", "Scan Direction": "Forward", "Index Name": "company_name_pkey", "Relation Name": "company_name", "Alias": "cn", "Startup Cost": 0.0, "Total Cost": 0.28, "Plan Rows": 1, "Plan Width": 4, "Index Cond": "(id = mc.company_id)", "Filter": "((country_code)::text = '[us]'::text)"}]}, {"Node Type": "Materialize", "Parent Relationship": "Inner", "Startup Cost": 0.0, "Total Cost": 12.31, "Plan Rows": 3, "Plan Width": 4, "Plans": [{"Node Type": "Index Scan", "Parent Relationship": "Outer", "Scan Direction": "Forward", "Index Name": "company_type_pkey", "Relation Name": "company_type", "Alias": "ct", "Startup Cost": 0.0, "Total Cost": 12.29, "Plan Rows": 3, "Plan Width": 4}]}]}, {"Node Type": "Index Scan", "Parent Relationship": "Inner", "Scan Direction": "Forward", "Index Name": "title_pkey", "Relation Name": "title", "Alias": "t", "Startup Cost": 0.0, "Total Cost": 0.34, "Plan Rows": 1, "Plan Width": 21, "Index Cond": "(id = mc.movie_id)", "Filter": "(production_year > 1990)"}]}, {"Node Type": "Index Scan", "Parent Relationship": "Inner", "Scan Direction": "Forward", "Index Name": "movie_id_movie_keyword", "Relation Name": "movie_keyword", "Alias": "mk", "Startup Cost": 0.0, "Total Cost": 0.46, "Plan Rows": 8, "Plan Width": 8, "Index Cond": "(movie_id = mc.movie_id)"}]}, {"Node Type": "Index Scan", "Parent Relationship": "Inner", "Scan Direction": "Forward", "Index Name": "keyword_pkey", "Relation Name": "keyword", "Alias": "k", "Startup Cost": 0.0, "Total Cost": 0.27, "Plan Rows": 1, "Plan Width": 4, "Index Cond": "(id = mk.keyword_id)"}]}]}, "Unique SQL Id": 2302223328, "Planner Runtime": 237}, "explain_analyze_plan": {"Plan": {"Node Type": "Aggregate", "Strategy": "Plain", "Startup Cost": 499531.84, "Total Cost": 499531.85, "Plan Rows": 1, "Plan Width": 102, "Actual Startup Time": 1707.167, "Actual Total Time": 1707.168, "Actual Rows": 1, "Actual Loops": 1, "Plans": [{"Node Type": "Nested Loop", "Parent Relationship": "Outer", "Join Type": "Inner", "Startup Cost": 0.0, "Total Cost": 499497.31, "Plan Rows": 6905, "Plan Width": 38, "Actual Startup Time": 49.238, "Actual Total Time": 1704.198, "Actual Rows": 4371, "Actual Loops": 1, "Inner Unique": true, "Plans": [{"Node Type": "Nested Loop", "Parent Relationship": "Outer", "Join Type": "Inner", "Startup Cost": 0.0, "Total Cost": 497520.75, "Plan Rows": 7042, "Plan Width": 42, "Actual Startup Time": 49.225, "Actual Total Time": 1685.509, "Actual Rows": 4371, "Actual Loops": 1, "Inner Unique": false, "Join Filter": "(t.id = mk.movie_id)", "Rows Removed by Join Filter": 0, "Plans": [{"Node Type": "Nested Loop", "Parent Relationship": "Outer", "Join Type": "Inner", "Startup Cost": 0.0, "Total Cost": 497029.77, "Plan Rows": 873, "Plan Width": 54, "Actual Startup Time": 12.463, "Actual Total Time": 1679.343, "Actual Rows": 382, "Actual Loops": 1, "Inner Unique": true, "Join Filter": "(at.movie_id = t.id)", "Rows Removed by Join Filter": 0, "Plans": [{"Node Type": "Nested Loop", "Parent Relationship": "Outer", "Join Type": "Inner", "Startup Cost": 0.0, "Total Cost": 496807.69, "Plan Rows": 630, "Plan Width": 33, "Actual Startup Time": 12.445, "Actual Total Time": 1676.359, "Actual Rows": 382, "Actual Loops": 1, "Inner Unique": true, "Join Filter": "(mc.company_type_id = ct.id)", "Rows Removed by Join Filter": 1542, "Plans": [{"Node Type": "Nested Loop", "Parent Relationship": "Outer", "Join Type": "Inner", "Startup Cost": 0.0, "Total Cost": 496767.04, "Plan Rows": 630, "Plan Width": 37, "Actual Startup Time": 5.443, "Actual Total Time": 1675.2, "Actual Rows": 896, "Actual Loops": 1, "Inner Unique": true, "Plans": [{"Node Type": "Nested Loop", "Parent Relationship": "Outer", "Join Type": "Inner", "Startup Cost": 0.0, "Total Cost": 496464.42, "Plan Rows": 1052, "Plan Width": 41, "Actual Startup Time": 5.425, "Actual Total Time": 1663.017, "Actual Rows": 2130, "Actual Loops": 1, "Inner Unique": false, "Plans": [{"Node Type": "Nested Loop", "Parent Relationship": "Outer", "Join Type": "Inner", "Startup Cost": 0.0, "Total Cost": 496175.34, "Plan Rows": 490, "Plan Width": 29, "Actual Startup Time": 0.71, "Actual Total Time": 1657.035, "Actual Rows": 591, "Actual Loops": 1, "Inner Unique": false, "Plans": [{"Node Type": "Nested Loop", "Parent Relationship": "Outer", "Join Type": "Inner", "Startup Cost": 0.0, "Total Cost": 495699.65, "Plan Rows": 192, "Plan Width": 4, "Actual Startup Time": 0.099, "Actual Total Time": 1623.218, "Actual Rows": 10679, "Actual Loops": 1, "Inner Unique": false, "Plans": [{"Node Type": "Index Scan", "Parent Relationship": "Outer", "Scan Direction": "Forward", "Index Name": "info_type_pkey", "Relation Name": "info_type", "Alias": "it1", "Startup Cost": 0.0, "Total Cost": 14.21, "Plan Rows": 1, "Plan Width": 4, "Actual Startup Time": 0.066, "Actual Total Time": 0.111, "Actual Rows": 1, "Actual Loops": 1, "Filter": "((info)::text = 'release dates'::text)", "Rows Removed by Filter": 111}, {"Node Type": "Index Scan", "Parent Relationship": "Inner", "Scan Direction": "Forward", "Index Name": "info_type_id_movie_info", "Relation Name": "movie_info", "Alias": "mi", "Startup Cost": 0.0, "Total Cost": 495683.52, "Plan Rows": 192, "Plan Width": 8, "Actual Startup Time": 0.027, "Actual Total Time": 1620.432, "Actual Rows": 10679, "Actual Loops": 1, "Index Cond": "(info_type_id = it1.id)", "Rows Removed by Index Recheck": 0, "Filter": "((note)::text ~~ '%internet%'::text)", "Rows Removed by Filter": 3026040}]}, {"Node Type": "Index Scan", "Parent Relationship": "Inner", "Scan Direction": "Forward", "Index Name": "movie_id_aka_title", "Relation Name": "aka_title", "Alias": "at", "Startup Cost": 0.0, "Total Cost": 2.45, "Plan Rows": 3, "Plan Width": 25, "Actual Startup Time": 27.217, "Actual Total Time": 27.78, "Actual Rows": 591, "Actual Loops": 10679, "Index Cond": "(movie_id = mi.movie_id)", "Rows Removed by Index Recheck": 0}]}, {"Node Type": "Index Scan", "Parent Relationship": "Inner", "Scan Direction": "Forward", "Index Name": "movie_id_movie_companies", "Relation Name": "movie_companies", "Alias": "mc", "Startup Cost": 0.0, "Total Cost": 0.57, "Plan Rows": 2, "Plan Width": 12, "Actual Startup Time": 3.452, "Actual Total Time": 4.859, "Actual Rows": 2130, "Actual Loops": 591, "Index Cond": "(movie_id = at.movie_id)", "Rows Removed by Index Recheck": 0}]}, {"Node Type": "Index Scan", "Parent Relationship": "Inner", "Scan Direction": "Forward", "Index Name": "company_name_pkey", "Relation Name": "company_name", "Alias": "cn", "Startup Cost": 0.0, "Total Cost": 0.28, "Plan Rows": 1, "Plan Width": 4, "Actual Startup Time": 10.477, "Actual Total Time": 10.477, "Actual Rows": 896, "Actual Loops": 2130, "Index Cond": "(id = mc.company_id)", "Rows Removed by Index Recheck": 0, "Filter": "((country_code)::text = '[us]'::text)", "Rows Removed by Filter": 1234}]}, {"Node Type": "Materialize", "Parent Relationship": "Inner", "Startup Cost": 0.0, "Total Cost": 12.31, "Plan Rows": 3, "Plan Width": 4, "Actual Startup Time": 0.176, "Actual Total Time": 0.32, "Actual Rows": 1924, "Actual Loops": 896, "Plans": [{"Node Type": "Index Scan", "Parent Relationship": "Outer", "Scan Direction": "Forward", "Index Name": "company_type_pkey", "Relation Name": "company_type", "Alias": "ct", "Startup Cost": 0.0, "Total Cost": 12.29, "Plan Rows": 3, "Plan Width": 4, "Actual Startup Time": 0.005, "Actual Total Time": 0.008, "Actual Rows": 3, "Actual Loops": 1}]}]}, {"Node Type": "Index Scan", "Parent Relationship": "Inner", "Scan Direction": "Forward", "Index Name": "title_pkey", "Relation Name": "title", "Alias": "t", "Startup Cost": 0.0, "Total Cost": 0.34, "Plan Rows": 1, "Plan Width": 21, "Actual Startup Time": 2.205, "Actual Total Time": 2.205, "Actual Rows": 382, "Actual Loops": 382, "Index Cond": "(id = mc.movie_id)", "Rows Removed by Index Recheck": 0, "Filter": "(production_year > 1990)", "Rows Removed by Filter": 0}]}, {"Node Type": "Index Scan", "Parent Relationship": "Inner", "Scan Direction": "Forward", "Index Name": "movie_id_movie_keyword", "Relation Name": "movie_keyword", "Alias": "mk", "Startup Cost": 0.0, "Total Cost": 0.46, "Plan Rows": 8, "Plan Width": 8, "Actual Startup Time": 2.203, "Actual Total Time": 4.053, "Actual Rows": 4371, "Actual Loops": 382, "Index Cond": "(movie_id = mc.movie_id)", "Rows Removed by Index Recheck": 0}]}, {"Node Type": "Index Scan", "Parent Relationship": "Inner", "Scan Direction": "Forward", "Index Name": "keyword_pkey", "Relation Name": "keyword", "Alias": "k", "Startup Cost": 0.0, "Total Cost": 0.27, "Plan Rows": 1, "Plan Width": 4, "Actual Startup Time": 15.357, "Actual Total Time": 15.357, "Actual Rows": 4371, "Actual Loops": 4371, "Index Cond": "(id = mk.keyword_id)", "Rows Removed by Index Recheck": 0}]}]}, "Triggers": [], "Planner Runtime": 237, "Total Runtime": 1707.763, "Unique SQL Id": 2302223328}}, "(16, 46)": {"explain_plan": {"Plan": {"Node Type": "Aggregate", "Strategy": "Plain", "Startup Cost": 149057.48, "Total Cost": 149057.49, "Plan Rows": 1, "Plan Width": 102, "Plans": [{"Node Type": "Nested Loop", "Parent Relationship": "Outer", "Join Type": "Inner", "Startup Cost": 111190.82, "Total Cost": 149022.27, "Plan Rows": 7042, "Plan Width": 38, "Inner Unique": true, "Join Filter": "(mc.company_type_id = ct.id)", "Plans": [{"Node Type": "Hash Join", "Parent Relationship": "Outer", "Join Type": "Inner", "Startup Cost": 111190.82, "Total Cost": 148704.34, "Plan Rows": 7042, "Plan Width": 42, "Inner Unique": true, "Hash Cond": "(mc.company_id = cn.id)", "Plans": [{"Node Type": "Streaming(type: LOCAL GATHER dop: 1/16)", "Parent Relationship": "Outer", "Startup Cost": 108650.33, "Total Cost": 146061.97, "Plan Rows": 11758, "Plan Width": 46, "Plans": [{"Node Type": "Hash Join", "Parent Relationship": "Outer", "Join Type": "Inner", "Startup Cost": 108650.33, "Total Cost": 145808.21, "Plan Rows": 11758, "Plan Width": 46, "Inner Unique": false, "Hash Cond": "(t.id = mc.movie_id)", "Plans": [{"Node Type": "Streaming(type: BROADCAST dop: 16/1)", "Parent Relationship": "Outer", "Startup Cost": 102208.56, "Total Cost": 139256.66, "Plan Rows": 87632, "Plan Width": 54, "Plans": [{"Node Type": "Hash Join", "Parent Relationship": "Outer", "Join Type": "Inner", "Startup Cost": 102208.56, "Total Cost": 122365.39, "Plan Rows": 5477, "Plan Width": 54, "Inner Unique": true, "Hash Cond": "(mk.keyword_id = k.id)", "Plans": [{"Node Type": "Streaming(type: LOCAL GATHER dop: 1/16)", "Parent Relationship": "Outer", "Startup Cost": 98430.75, "Total Cost": 118513.36, "Plan Rows": 5477, "Plan Width": 58, "Plans": [{"Node Type": "Hash Join", "Parent Relationship": "Outer", "Join Type": "Inner", "Startup Cost": 98430.75, "Total Cost": 118395.15, "Plan Rows": 5477, "Plan Width": 58, "Inner Unique": false, "Hash Cond": "(mk.movie_id = t.id)", "Plans": [{"Node Type": "Seq Scan", "Parent Relationship": "Outer", "Relation Name": "movie_keyword", "Alias": "mk", "Startup Cost": 0.0, "Total Cost": 18902.58, "Plan Rows": 4523929, "Plan Width": 8}, {"Node Type": "Hash", "Parent Relationship": "Inner", "Startup Cost": 98422.27, "Total Cost": 98422.27, "Plan Rows": 10864, "Plan Width": 50, "Plans": [{"Node Type": "Streaming(type: BROADCAST dop: 16/1)", "Parent Relationship": "Outer", "Startup Cost": 71936.81, "Total Cost": 98422.27, "Plan Rows": 10864, "Plan Width": 50, "Plans": [{"Node Type": "Hash Join", "Parent Relationship": "Outer", "Join Type": "Inner", "Startup Cost": 71936.81, "Total Cost": 83187.8, "Plan Rows": 679, "Plan Width": 50, "Inner Unique": false, "Hash Cond": "(at.movie_id = t.id)", "Plans": [{"Node Type": "Seq Scan", "Parent Relationship": "Outer", "Relation Name": "aka_title", "Alias": "at", "Startup Cost": 0.0, "Total Cost": 9894.71, "Plan Rows": 361471, "Plan Width": 25}, {"Node Type": "Hash", "Parent Relationship": "Inner", "Startup Cost": 71933.49, "Total Cost": 71933.49, "Plan Rows": 266, "Plan Width": 25, "Plans": [{"Node Type": "Streaming(type: LOCAL GATHER dop: 1/16)", "Parent Relationship": "Outer", "Startup Cost": 20515.65, "Total Cost": 71933.49, "Plan Rows": 266, "Plan Width": 25, "Plans": [{"Node Type": "Hash Join", "Parent Relationship": "Outer", "Join Type": "Inner", "Startup Cost": 20515.65, "Total Cost": 71927.75, "Plan Rows": 266, "Plan Width": 25, "Inner Unique": true, "Hash Cond": "(mi.movie_id = t.id)", "Plans": [{"Node Type": "Streaming(type: BROADCAST dop: 16/1)", "Parent Relationship": "Outer", "Startup Cost": 0.0, "Total Cost": 51411.21, "Plan Rows": 3072, "Plan Width": 4, "Plans": [{"Node Type": "Nested Loop", "Parent Relationship": "Outer", "Join Type": "Inner", "Startup Cost": 0.0, "Total Cost": 36344.91, "Plan Rows": 192, "Plan Width": 4, "Inner Unique": false, "Join Filter": "(it1.id = mi.info_type_id)", "Plans": [{"Node Type": "Seq Scan", "Parent Relationship": "Outer", "Relation Name": "info_type", "Alias": "it1", "Startup Cost": 0.0, "Total Cost": 2.4, "Plan Rows": 1, "Plan Width": 4, "Filter": "((info)::text = 'release dates'::text)"}, {"Node Type": "Materialize", "Parent Relationship": "Inner", "Startup Cost": 0.0, "Total Cost": 36208.32, "Plan Rows": 13419, "Plan Width": 8, "Plans": [{"Node Type": "Streaming(type: LOCAL GATHER dop: 1/16)", "Parent Relationship": "Outer", "Startup Cost": 0.0, "Total Cost": 36174.77, "Plan Rows": 13419, "Plan Width": 8, "Plans": [{"Node Type": "Seq Scan", "Parent Relationship": "Outer", "Relation Name": "movie_info", "Alias": "mi", "Startup Cost": 0.0, "Total Cost": 35885.16, "Plan Rows": 13419, "Plan Width": 8, "Filter": "((note)::text ~~ '%internet%'::text)"}]}]}]}]}, {"Node Type": "Hash", "Parent Relationship": "Inner", "Startup Cost": 19149.37, "Total Cost": 19149.37, "Plan Rows": 1748840, "Plan Width": 21, "Plans": [{"Node Type": "Seq Scan", "Parent Relationship": "Outer", "Relation Name": "title", "Alias": "t", "Startup Cost": 0.0, "Total Cost": 19149.37, "Plan Rows": 1748840, "Plan Width": 21, "Filter": "(production_year > 1990), (LLVM Optimized)"}]}]}]}]}]}]}]}]}]}, {"Node Type": "Hash", "Parent Relationship": "Inner", "Startup Cost": 2100.69, "Total Cost": 2100.69, "Plan Rows": 134169, "Plan Width": 4, "Plans": [{"Node Type": "Seq Scan", "Parent Relationship": "Outer", "Relation Name": "keyword", "Alias": "k", "Startup Cost": 0.0, "Total Cost": 2100.69, "Plan Rows": 134169, "Plan Width": 4}]}]}]}, {"Node Type": "Hash", "Parent Relationship": "Inner", "Startup Cost": 17613.58, "Total Cost": 17613.58, "Plan Rows": 2609128, "Plan Width": 12, "Plans": [{"Node Type": "Seq Scan", "Parent Relationship": "Outer", "Relation Name": "movie_companies", "Alias": "mc", "Startup Cost": 0.0, "Total Cost": 17613.58, "Plan Rows": 2609128, "Plan Width": 12}]}]}]}, {"Node Type": "Hash", "Parent Relationship": "Inner", "Startup Cost": 5903.45, "Total Cost": 5903.45, "Plan Rows": 85170, "Plan Width": 4, "Plans": [{"Node Type": "Seq Scan", "Parent Relationship": "Outer", "Relation Name": "company_name", "Alias": "cn", "Startup Cost": 0.0, "Total Cost": 5903.45, "Plan Rows": 85170, "Plan Width": 4, "Filter": "((country_code)::text = '[us]'::text)"}]}]}, {"Node Type": "Materialize", "Parent Relationship": "Inner", "Startup Cost": 0.0, "Total Cost": 1.04, "Plan Rows": 3, "Plan Width": 4, "Plans": [{"Node Type": "Seq Scan", "Parent Relationship": "Outer", "Relation Name": "company_type", "Alias": "ct", "Startup Cost": 0.0, "Total Cost": 1.03, "Plan Rows": 3, "Plan Width": 4}]}]}]}, "Unique SQL Id": 2302223328, "Planner Runtime": 617}, "explain_analyze_plan": {"Plan": {"Node Type": "Aggregate", "Strategy": "Plain", "Startup Cost": 149057.48, "Total Cost": 149057.49, "Plan Rows": 1, "Plan Width": 102, "Actual Min Startup Time": 766.948, "Actual Max Startup Time": 766.948, "Actual Min Total Time": 766.948, "Actual Max Total Time": 766.948, "Plans": [{"Node Type": "Nested Loop", "Parent Relationship": "Outer", "Join Type": "Inner", "Startup Cost": 111190.82, "Total Cost": 149022.27, "Plan Rows": 7042, "Plan Width": 38, "Actual Min Startup Time": 673.617, "Actual Max Startup Time": 673.617, "Actual Min Total Time": 764.667, "Actual Max Total Time": 764.667, "Inner Unique": true, "Join Filter": "(mc.company_type_id = ct.id)", "Rows Removed by Join Filter": 20928, "Plans": [{"Node Type": "Hash Join", "Parent Relationship": "Outer", "Join Type": "Inner", "Startup Cost": 111190.82, "Total Cost": 148704.34, "Plan Rows": 7042, "Plan Width": 42, "Actual Min Startup Time": 659.463, "Actual Max Startup Time": 659.463, "Actual Min Total Time": 754.532, "Actual Max Total Time": 754.532, "Inner Unique": true, "Hash Cond": "(mc.company_id = cn.id)", "Plans": [{"Node Type": "Streaming(type: LOCAL GATHER dop: 1/16)", "Parent Relationship": "Outer", "Startup Cost": 108650.33, "Total Cost": 146061.97, "Plan Rows": 11758, "Plan Width": 46, "Actual Min Startup Time": 542.692, "Actual Max Startup Time": 542.692, "Actual Min Total Time": 627.832, "Actual Max Total Time": 627.832, "Plans": [{"Node Type": "Hash Join", "Parent Relationship": "Outer", "Join Type": "Inner", "Startup Cost": 108650.33, "Total Cost": 145808.21, "Plan Rows": 11758, "Plan Width": 46, "Actual Min Startup Time": 559.535, "Actual Max Startup Time": 615.696, "Actual Min Total Time": 657.61, "Actual Max Total Time": 705.116, "Inner Unique": false, "Hash Cond": "(t.id = mc.movie_id)", "Plans": [{"Node Type": "Streaming(type: BROADCAST dop: 16/1)", "Parent Relationship": "Outer", "Startup Cost": 102208.56, "Total Cost": 139256.66, "Plan Rows": 87632, "Plan Width": 54, "Actual Min Startup Time": 449.923, "Actual Max Startup Time": 502.313, "Actual Min Total Time": 550.035, "Actual Max Total Time": 604.181, "Plans": [{"Node Type": "Hash Join", "Parent Relationship": "Outer", "Join Type": "Inner", "Startup Cost": 102208.56, "Total Cost": 122365.39, "Plan Rows": 5477, "Plan Width": 54, "Actual Min Startup Time": 557.805, "Actual Max Startup Time": 557.805, "Actual Min Total Time": 607.945, "Actual Max Total Time": 607.945, "Inner Unique": true, "Hash Cond": "(mk.keyword_id = k.id)", "Plans": [{"Node Type": "Streaming(type: LOCAL GATHER dop: 1/16)", "Parent Relationship": "Outer", "Startup Cost": 98430.75, "Total Cost": 118513.36, "Plan Rows": 5477, "Plan Width": 58, "Actual Min Startup Time": 479.074, "Actual Max Startup Time": 479.074, "Actual Min Total Time": 525.493, "Actual Max Total Time": 525.493, "Plans": [{"Node Type": "Hash Join", "Parent Relationship": "Outer", "Join Type": "Inner", "Startup Cost": 98430.75, "Total Cost": 118395.15, "Plan Rows": 5477, "Plan Width": 58, "Actual Min Startup Time": 541.013, "Actual Max Startup Time": 583.902, "Actual Min Total Time": 641.901, "Actual Max Total Time": 673.886, "Inner Unique": false, "Hash Cond": "(mk.movie_id = t.id)", "Plans": [{"Node Type": "Seq Scan", "Parent Relationship": "Outer", "Relation Name": "movie_keyword", "Alias": "mk", "Startup Cost": 0.0, "Total Cost": 18902.58, "Plan Rows": 4523929, "Plan Width": 8, "Actual Min Startup Time": 0.065, "Actual Max Startup Time": 0.084, "Actual Min Total Time": 57.419, "Actual Max Total Time": 63.62, "Actual Rows": 4523929}, {"Node Type": "Hash", "Parent Relationship": "Inner", "Startup Cost": 98422.27, "Total Cost": 98422.27, "Plan Rows": 10864, "Plan Width": 50, "Actual Min Startup Time": 539.981, "Actual Max Startup Time": 561.9, "Actual Min Total Time": 539.981, "Actual Max Total Time": 561.9, "Max Hash Buckets": 32768, "Min Hash Buckets": 32768, "Max Hash Batches": 1, "Min Hash Batches": 1, "Max Original Hash Batches": 1, "Min Original Hash Batches": 1, "Max Peak Memory Usage": 52, "min Peak Memory Usage": 52, "Plans": [{"Node Type": "Streaming(type: BROADCAST dop: 16/1)", "Parent Relationship": "Outer", "Startup Cost": 71936.81, "Total Cost": 98422.27, "Plan Rows": 10864, "Plan Width": 50, "Actual Min Startup Time": 389.981, "Actual Max Startup Time": 411.91, "Actual Min Total Time": 539.758, "Actual Max Total Time": 561.67, "Plans": [{"Node Type": "Hash Join", "Parent Relationship": "Outer", "Join Type": "Inner", "Startup Cost": 71936.81, "Total Cost": 83187.8, "Plan Rows": 679, "Plan Width": 50, "Actual Min Startup Time": 396.185, "Actual Max Startup Time": 396.185, "Actual Min Total Time": 555.319, "Actual Max Total Time": 555.319, "Inner Unique": false, "Hash Cond": "(at.movie_id = t.id)", "Plans": [{"Node Type": "Seq Scan", "Parent Relationship": "Outer", "Relation Name": "aka_title", "Alias": "at", "Startup Cost": 0.0, "Total Cost": 9894.71, "Plan Rows": 361471, "Plan Width": 25, "Actual Min Startup Time": 0.049, "Actual Max Startup Time": 0.049, "Actual Min Total Time": 92.499, "Actual Max Total Time": 92.499, "Actual Rows": 361471}, {"Node Type": "Hash", "Parent Relationship": "Inner", "Startup Cost": 71933.49, "Total Cost": 71933.49, "Plan Rows": 266, "Plan Width": 25, "Actual Min Startup Time": 396.059, "Actual Max Startup Time": 396.059, "Actual Min Total Time": 396.059, "Actual Max Total Time": 396.059, "Max Hash Buckets": 32768, "Min Hash Buckets": 32768, "Max Hash Batches": 1, "Min Hash Batches": 1, "Max Original Hash Batches": 1, "Min Original Hash Batches": 1, "Max Peak Memory Usage": 627, "min Peak Memory Usage": 627, "Plans": [{"Node Type": "Streaming(type: LOCAL GATHER dop: 1/16)", "Parent Relationship": "Outer", "Startup Cost": 20515.65, "Total Cost": 71933.49, "Plan Rows": 266, "Plan Width": 25, "Actual Min Startup Time": 282.218, "Actual Max Startup Time": 282.218, "Actual Min Total Time": 393.266, "Actual Max Total Time": 393.266, "Plans": [{"Node Type": "Hash Join", "Parent Relationship": "Outer", "Join Type": "Inner", "Startup Cost": 20515.65, "Total Cost": 71927.75, "Plan Rows": 266, "Plan Width": 25, "Actual Min Startup Time": 233.069, "Actual Max Startup Time": 278.242, "Actual Min Total Time": 358.564, "Actual Max Total Time": 403.121, "Inner Unique": true, "Hash Cond": "(mi.movie_id = t.id)", "Plans": [{"Node Type": "Streaming(type: BROADCAST dop: 16/1)", "Parent Relationship": "Outer", "Startup Cost": 0.0, "Total Cost": 51411.21, "Plan Rows": 3072, "Plan Width": 4, "Actual Min Startup Time": 130.885, "Actual Max Startup Time": 169.58, "Actual Min Total Time": 252.322, "Actual Max Total Time": 289.287, "Plans": [{"Node Type": "Nested Loop", "Parent Relationship": "Outer", "Join Type": "Inner", "Startup Cost": 0.0, "Total Cost": 36344.91, "Plan Rows": 192, "Plan Width": 4, "Actual Min Startup Time": 270.744, "Actual Max Startup Time": 270.744, "Actual Min Total Time": 275.508, "Actual Max Total Time": 275.508, "Inner Unique": false, "Join Filter": "(it1.id = mi.info_type_id)", "Rows Removed by Join Filter": 131, "Plans": [{"Node Type": "Seq Scan", "Parent Relationship": "Outer", "Relation Name": "info_type", "Alias": "it1", "Startup Cost": 0.0, "Total Cost": 2.4, "Plan Rows": 1, "Plan Width": 4, "Actual Min Startup Time": 0.07, "Actual Max Startup Time": 0.07, "Actual Min Total Time": 0.102, "Actual Max Total Time": 0.102, "Filter": "((info)::text = 'release dates'::text)", "Rows Removed by Filter": 111, "Actual Rows": 1}, {"Node Type": "Materialize", "Parent Relationship": "Inner", "Startup Cost": 0.0, "Total Cost": 36208.32, "Plan Rows": 13419, "Plan Width": 8, "Actual Min Startup Time": 270.641, "Actual Max Startup Time": 270.641, "Actual Min Total Time": 271.832, "Actual Max Total Time": 271.832, "Plans": [{"Node Type": "Streaming(type: LOCAL GATHER dop: 1/16)", "Parent Relationship": "Outer", "Startup Cost": 0.0, "Total Cost": 36174.77, "Plan Rows": 13419, "Plan Width": 8, "Actual Min Startup Time": 71.554, "Actual Max Startup Time": 71.554, "Actual Min Total Time": 268.89, "Actual Max Total Time": 268.89, "Plans": [{"Node Type": "Seq Scan", "Parent Relationship": "Outer", "Relation Name": "movie_info", "Alias": "mi", "Startup Cost": 0.0, "Total Cost": 35885.16, "Plan Rows": 13419, "Plan Width": 8, "Actual Min Startup Time": 6.892, "Actual Max Startup Time": 73.663, "Actual Min Total Time": 247.413, "Actual Max Total Time": 281.772, "Filter": "((note)::text ~~ '%internet%'::text)", "Rows Removed by Filter": 14824909, "Actual Rows": 10810}], "Actual Rows": 10810}], "Actual Rows": 10811}], "Actual Rows": 10679}], "Actual Rows": 170864}, {"Node Type": "Hash", "Parent Relationship": "Inner", "Startup Cost": 19149.37, "Total Cost": 19149.37, "Plan Rows": 1748840, "Plan Width": 21, "Actual Min Startup Time": 98.243, "Actual Max Startup Time": 108.416, "Actual Min Total Time": 98.243, "Actual Max Total Time": 108.416, "Max Hash Buckets": 131072, "Min Hash Buckets": 131072, "Max Hash Batches": 1, "Min Hash Batches": 1, "Max Original Hash Batches": 1, "Min Original Hash Batches": 1, "Max Peak Memory Usage": 5962, "min Peak Memory Usage": 5962, "Plans": [{"Node Type": "Seq Scan", "Parent Relationship": "Outer", "Relation Name": "title", "Alias": "t", "Startup Cost": 0.0, "Total Cost": 19149.37, "Plan Rows": 1748840, "Plan Width": 21, "Actual Min Startup Time": 0.024, "Actual Max Startup Time": 0.041, "Actual Min Total Time": 63.82, "Actual Max Total Time": 72.299, "Filter": "(production_year > 1990), (LLVM Optimized, Jit Execute)", "Rows Removed by Filter": 779279, "Actual Rows": 1749032}], "Actual Rows": 1749032}], "Actual Rows": 10662}], "Actual Rows": 10662}], "Actual Rows": 10662}], "Actual Rows": 584}], "Actual Rows": 9344}], "Actual Rows": 9344}], "Actual Rows": 6320}], "Actual Rows": 6320}, {"Node Type": "Hash", "Parent Relationship": "Inner", "Startup Cost": 2100.69, "Total Cost": 2100.69, "Plan Rows": 134169, "Plan Width": 4, "Actual Min Startup Time": 78.501, "Actual Max Startup Time": 78.501, "Actual Min Total Time": 78.501, "Actual Max Total Time": 78.501, "Max Hash Buckets": 262144, "Min Hash Buckets": 262144, "Max Hash Batches": 1, "Min Hash Batches": 1, "Max Original Hash Batches": 1, "Min Original Hash Batches": 1, "Max Peak Memory Usage": 4717, "min Peak Memory Usage": 4717, "Plans": [{"Node Type": "Seq Scan", "Parent Relationship": "Outer", "Relation Name": "keyword", "Alias": "k", "Startup Cost": 0.0, "Total Cost": 2100.69, "Plan Rows": 134169, "Plan Width": 4, "Actual Min Startup Time": 0.042, "Actual Max Startup Time": 0.042, "Actual Min Total Time": 38.545, "Actual Max Total Time": 38.545, "Actual Rows": 134169}], "Actual Rows": 134169}], "Actual Rows": 6320}], "Actual Rows": 101120}, {"Node Type": "Hash", "Parent Relationship": "Inner", "Startup Cost": 17613.58, "Total Cost": 17613.58, "Plan Rows": 2609128, "Plan Width": 12, "Actual Min Startup Time": 88.315, "Actual Max Startup Time": 108.766, "Actual Min Total Time": 88.315, "Actual Max Total Time": 108.766, "Max Hash Buckets": 262144, "Min Hash Buckets": 262144, "Max Hash Batches": 1, "Min Hash Batches": 1, "Max Original Hash Batches": 1, "Min Original Hash Batches": 1, "Max Peak Memory Usage": 7164, "min Peak Memory Usage": 7164, "Plans": [{"Node Type": "Seq Scan", "Parent Relationship": "Outer", "Relation Name": "movie_companies", "Alias": "mc", "Startup Cost": 0.0, "Total Cost": 17613.58, "Plan Rows": 2609128, "Plan Width": 12, "Actual Min Startup Time": 0.031, "Actual Max Startup Time": 0.076, "Actual Min Total Time": 43.61, "Actual Max Total Time": 52.453, "Actual Rows": 2609128}], "Actual Rows": 2609128}], "Actual Rows": 39767}], "Actual Rows": 39767}, {"Node Type": "Hash", "Parent Relationship": "Inner", "Startup Cost": 5903.45, "Total Cost": 5903.45, "Plan Rows": 85170, "Plan Width": 4, "Actual Min Startup Time": 116.559, "Actual Max Startup Time": 116.559, "Actual Min Total Time": 116.559, "Actual Max Total Time": 116.559, "Max Hash Buckets": 131072, "Min Hash Buckets": 131072, "Max Hash Batches": 1, "Min Hash Batches": 1, "Max Original Hash Batches": 1, "Min Original Hash Batches": 1, "Max Peak Memory Usage": 2983, "min Peak Memory Usage": 2983, "Plans": [{"Node Type": "Seq Scan", "Parent Relationship": "Outer", "Relation Name": "company_name", "Alias": "cn", "Startup Cost": 0.0, "Total Cost": 5903.45, "Plan Rows": 85170, "Plan Width": 4, "Actual Min Startup Time": 0.049, "Actual Max Startup Time": 0.049, "Actual Min Total Time": 90.39, "Actual Max Total Time": 90.39, "Filter": "((country_code)::text = '[us]'::text)", "Rows Removed by Filter": 150153, "Actual Rows": 84843}], "Actual Rows": 84843}], "Actual Rows": 11347}, {"Node Type": "Materialize", "Parent Relationship": "Inner", "Startup Cost": 0.0, "Total Cost": 1.04, "Plan Rows": 3, "Plan Width": 4, "Actual Min Startup Time": 1.1, "Actual Max Startup Time": 1.1, "Actual Min Total Time": 2.97, "Actual Max Total Time": 2.97, "Plans": [{"Node Type": "Seq Scan", "Parent Relationship": "Outer", "Relation Name": "company_type", "Alias": "ct", "Startup Cost": 0.0, "Total Cost": 1.03, "Plan Rows": 3, "Plan Width": 4, "Actual Min Startup Time": 0.031, "Actual Max Startup Time": 0.031, "Actual Min Total Time": 0.033, "Actual Max Total Time": 0.033, "Actual Rows": 3}], "Actual Rows": 25300}], "Actual Rows": 4371}], "Actual Rows": 1}, "Triggers": [], "Planner Runtime": 617, "Total Runtime": 791.429, "Unique SQL Id": 2302223328}}, "(16, 47)": {"explain_plan": {"Plan": {"Node Type": "Aggregate", "Strategy": "Plain", "Startup Cost": 9000224537706.44, "Total Cost": 9000224537706.45, "Plan Rows": 1, "Plan Width": 102, "Plans": [{"Node Type": "Nested Loop", "Parent Relationship": "Outer", "Join Type": "Inner", "Startup Cost": 90000000000.0, "Total Cost": 9000224537671.23, "Plan Rows": 7042, "Plan Width": 38, "Inner Unique": false, "Join Filter": "(t.id = at.movie_id)", "Plans": [{"Node Type": "Nested Loop", "Parent Relationship": "Outer", "Join Type": "Inner", "Startup Cost": 80000000000.0, "Total Cost": 8000201541686.61, "Plan Rows": 3874, "Plan Width": 33, "Inner Unique": true, "Join Filter": "(mk.keyword_id = k.id)", "Plans": [{"Node Type": "Nested Loop", "Parent Relationship": "Outer", "Join Type": "Inner", "Startup Cost": 70000000000.0, "Total Cost": 7000193460061.16, "Plan Rows": 3874, "Plan Width": 37, "Inner Unique": true, "Join Filter": "(mc.company_type_id = ct.id)", "Plans": [{"Node Type": "Nested Loop", "Parent Relationship": "Outer", "Join Type": "Inner", "Startup Cost": 60000000000.0, "Total Cost": 6000193458657.32, "Plan Rows": 3874, "Plan Width": 41, "Inner Unique": false, "Join Filter": "(t.id = mk.movie_id)", "Plans": [{"Node Type": "Index Scan", "Parent Relationship": "Outer", "Scan Direction": "Forward", "Index Name": "movie_id_movie_keyword", "Relation Name": "movie_keyword", "Alias": "mk", "Startup Cost": 10000000000.0, "Total Cost": 1000015300634.17, "Plan Rows": 4523929, "Plan Width": 8}, {"Node Type": "Materialize", "Parent Relationship": "Inner", "Startup Cost": 50000000000.0, "Total Cost": 5000145721453.42, "Plan Rows": 478, "Plan Width": 33, "Plans": [{"Node Type": "Nested Loop", "Parent Relationship": "Outer", "Join Type": "Inner", "Startup Cost": 50000000000.0, "Total Cost": 5000145721451.03, "Plan Rows": 478, "Plan Width": 33, "Inner Unique": true, "Join Filter": "(mc.company_id = cn.id)", "Plans": [{"Node Type": "Nested Loop", "Parent Relationship": "Outer", "Join Type": "Inner", "Startup Cost": 40000000000.0, "Total Cost": 4000143945450.73, "Plan Rows": 568, "Plan Width": 37, "Inner Unique": false, "Join Filter": "(t.id = mc.movie_id)", "Plans": [{"Node Type": "Index Scan", "Parent Relationship": "Outer", "Scan Direction": "Forward", "Index Name": "company_type_id_movie_companies", "Relation Name": "movie_companies", "Alias": "mc", "Startup Cost": 10000000000.0, "Total Cost": 1000009318217.0, "Plan Rows": 2609128, "Plan Width": 12}, {"Node Type": "Materialize", "Parent Relationship": "Inner", "Startup Cost": 30000000000.0, "Total Cost": 3000124216813.68, "Plan Rows": 266, "Plan Width": 25, "Plans": [{"Node Type": "Nested Loop", "Parent Relationship": "Outer", "Join Type": "Inner", "Startup Cost": 30000000000.0, "Total Cost": 3000124216812.35, "Plan Rows": 266, "Plan Width": 25, "Inner Unique": false, "Join Filter": "(mi.movie_id = t.id)", "Plans": [{"Node Type": "Index Scan", "Parent Relationship": "Outer", "Scan Direction": "Forward", "Index Name": "title_pkey", "Relation Name": "title", "Alias": "t", "Startup Cost": 10000000000.0, "Total Cost": 1000011644126.66, "Plan Rows": 1748840, "Plan Width": 21, "Filter": "(production_year > 1990), (LLVM Optimized)"}, {"Node Type": "Materialize", "Parent Relationship": "Inner", "Startup Cost": 20000000000.0, "Total Cost": 2000107536026.96, "Plan Rows": 192, "Plan Width": 4, "Plans": [{"Node Type": "Nested Loop", "Parent Relationship": "Outer", "Join Type": "Inner", "Startup Cost": 20000000000.0, "Total Cost": 2000107536026.0, "Plan Rows": 192, "Plan Width": 4, "Inner Unique": true, "Join Filter": "(it1.id = mi.info_type_id)", "Plans": [{"Node Type": "Index Scan", "Parent Relationship": "Outer", "Scan Direction": "Forward", "Index Name": "movie_id_movie_info", "Relation Name": "movie_info", "Alias": "mi", "Startup Cost": 10000000000.0, "Total Cost": 1000107534403.72, "Plan Rows": 13419, "Plan Width": 8, "Filter": "((note)::text ~~ '%internet%'::text)"}, {"Node Type": "Materialize", "Parent Relationship": "Inner", "Startup Cost": 10000000000.0, "Total Cost": 1000000001421.0, "Plan Rows": 1, "Plan Width": 4, "Plans": [{"Node Type": "Index Scan", "Parent Relationship": "Outer", "Scan Direction": "Forward", "Index Name": "info_type_pkey", "Relation Name": "info_type", "Alias": "it1", "Startup Cost": 10000000000.0, "Total Cost": 1000000001421.0, "Plan Rows": 1, "Plan Width": 4, "Filter": "((info)::text = 'release dates'::text)"}]}]}]}]}]}]}, {"Node Type": "Materialize", "Parent Relationship": "Inner", "Startup Cost": 10000000000.0, "Total Cost": 1000001050564.82, "Plan Rows": 85170, "Plan Width": 4, "Plans": [{"Node Type": "Index Scan", "Parent Relationship": "Outer", "Scan Direction": "Forward", "Index Name": "company_name_pkey", "Relation Name": "company_name", "Alias": "cn", "Startup Cost": 10000000000.0, "Total Cost": 1000001050138.97, "Plan Rows": 85170, "Plan Width": 4, "Filter": "((country_code)::text = '[us]'::text)"}]}]}]}]}, {"Node Type": "Materialize", "Parent Relationship": "Inner", "Startup Cost": 10000000000.0, "Total Cost": 1000000001229.52, "Plan Rows": 3, "Plan Width": 4, "Plans": [{"Node Type": "Index Scan", "Parent Relationship": "Outer", "Scan Direction": "Forward", "Index Name": "company_type_pkey", "Relation Name": "company_type", "Alias": "ct", "Startup Cost": 10000000000.0, "Total Cost": 1000000001229.5, "Plan Rows": 3, "Plan Width": 4}]}]}, {"Node Type": "Materialize", "Parent Relationship": "Inner", "Startup Cost": 10000000000.0, "Total Cost": 1000000285400.28, "Plan Rows": 134169, "Plan Width": 4, "Plans": [{"Node Type": "Index Scan", "Parent Relationship": "Outer", "Scan Direction": "Forward", "Index Name": "keyword_pkey", "Relation Name": "keyword", "Alias": "k", "Startup Cost": 10000000000.0, "Total Cost": 1000000284729.43, "Plan Rows": 134169, "Plan Width": 4}]}]}, {"Node Type": "Materialize", "Parent Relationship": "Inner", "Startup Cost": 10000000000.0, "Total Cost": 1000001991808.49, "Plan Rows": 361471, "Plan Width": 25, "Plans": [{"Node Type": "Index Scan", "Parent Relationship": "Outer", "Scan Direction": "Forward", "Index Name": "movie_id_aka_title", "Relation Name": "aka_title", "Alias": "at", "Startup Cost": 10000000000.0, "Total Cost": 1000001990001.13, "Plan Rows": 361471, "Plan Width": 25}]}]}]}, "Unique SQL Id": 2302223328, "Planner Runtime": 216}, "explain_analyze_plan": null}, "(16, 48)": {"explain_plan": {"Plan": {"Node Type": "Aggregate", "Strategy": "Plain", "Startup Cost": 39393.15, "Total Cost": 39393.16, "Plan Rows": 1, "Plan Width": 102, "Plans": [{"Node Type": "Nested Loop", "Parent Relationship": "Outer", "Join Type": "Inner", "Startup Cost": 0.0, "Total Cost": 39358.96, "Plan Rows": 6838, "Plan Width": 38, "Inner Unique": false, "Join Filter": "(t.id = at.movie_id)", "Plans": [{"Node Type": "Nested Loop", "Parent Relationship": "Outer", "Join Type": "Inner", "Startup Cost": 0.0, "Total Cost": 38560.34, "Plan Rows": 2257, "Plan Width": 33, "Inner Unique": true, "Plans": [{"Node Type": "Nested Loop", "Parent Relationship": "Outer", "Join Type": "Inner", "Startup Cost": 0.0, "Total Cost": 37928.36, "Plan Rows": 2257, "Plan Width": 37, "Inner Unique": false, "Join Filter": "(t.id = mk.movie_id)", "Plans": [{"Node Type": "Nested Loop", "Parent Relationship": "Outer", "Join Type": "Inner", "Startup Cost": 0.0, "Total Cost": 37772.01, "Plan Rows": 278, "Plan Width": 29, "Inner Unique": true, "Join Filter": "(mc.company_type_id = ct.id)", "Plans": [{"Node Type": "Nested Loop", "Parent Relationship": "Outer", "Join Type": "Inner", "Startup Cost": 0.0, "Total Cost": 37749.46, "Plan Rows": 478, "Plan Width": 33, "Inner Unique": true, "Plans": [{"Node Type": "Nested Loop", "Parent Relationship": "Outer", "Join Type": "Inner", "Startup Cost": 0.0, "Total Cost": 37586.07, "Plan Rows": 568, "Plan Width": 37, "Inner Unique": false, "Plans": [{"Node Type": "Nested Loop", "Parent Relationship": "Outer", "Join Type": "Inner", "Startup Cost": 0.0, "Total Cost": 37488.22, "Plan Rows": 266, "Plan Width": 25, "Inner Unique": true, "Plans": [{"Node Type": "Nested Loop", "Parent Relationship": "Outer", "Join Type": "Inner", "Startup Cost": 0.0, "Total Cost": 36344.91, "Plan Rows": 192, "Plan Width": 4, "Inner Unique": false, "Join Filter": "(it1.id = mi.info_type_id)", "Plans": [{"Node Type": "Seq Scan", "Parent Relationship": "Outer", "Relation Name": "info_type", "Alias": "it1", "Startup Cost": 0.0, "Total Cost": 2.4, "Plan Rows": 1, "Plan Width": 4, "Filter": "((info)::text = 'release dates'::text)"}, {"Node Type": "Materialize", "Parent Relationship": "Inner", "Startup Cost": 0.0, "Total Cost": 36208.32, "Plan Rows": 13419, "Plan Width": 8, "Plans": [{"Node Type": "Streaming(type: LOCAL GATHER dop: 1/16)", "Parent Relationship": "Outer", "Startup Cost": 0.0, "Total Cost": 36174.77, "Plan Rows": 13419, "Plan Width": 8, "Plans": [{"Node Type": "Seq Scan", "Parent Relationship": "Outer", "Relation Name": "movie_info", "Alias": "mi", "Startup Cost": 0.0, "Total Cost": 35885.16, "Plan Rows": 13419, "Plan Width": 8, "Filter": "((note)::text ~~ '%internet%'::text)"}]}]}]}, {"Node Type": "Index Scan", "Parent Relationship": "Inner", "Scan Direction": "Forward", "Index Name": "title_pkey", "Relation Name": "title", "Alias": "t", "Startup Cost": 0.0, "Total Cost": 5.94, "Plan Rows": 1, "Plan Width": 21, "Index Cond": "(id = mi.movie_id)", "Filter": "(production_year > 1990)"}]}, {"Node Type": "Index Scan", "Parent Relationship": "Inner", "Scan Direction": "Forward", "Index Name": "movie_id_movie_companies", "Relation Name": "movie_companies", "Alias": "mc", "Startup Cost": 0.0, "Total Cost": 0.35, "Plan Rows": 2, "Plan Width": 12, "Index Cond": "(movie_id = t.id)"}]}, {"Node Type": "Index Scan", "Parent Relationship": "Inner", "Scan Direction": "Forward", "Index Name": "company_name_pkey", "Relation Name": "company_name", "Alias": "cn", "Startup Cost": 0.0, "Total Cost": 0.28, "Plan Rows": 1, "Plan Width": 4, "Index Cond": "(id = mc.company_id)", "Filter": "((country_code)::text = '[us]'::text)"}]}, {"Node Type": "Materialize", "Parent Relationship": "Inner", "Startup Cost": 0.0, "Total Cost": 1.04, "Plan Rows": 3, "Plan Width": 4, "Plans": [{"Node Type": "Seq Scan", "Parent Relationship": "Outer", "Relation Name": "company_type", "Alias": "ct", "Startup Cost": 0.0, "Total Cost": 1.03, "Plan Rows": 3, "Plan Width": 4}]}]}, {"Node Type": "Index Scan", "Parent Relationship": "Inner", "Scan Direction": "Forward", "Index Name": "movie_id_movie_keyword", "Relation Name": "movie_keyword", "Alias": "mk", "Startup Cost": 0.0, "Total Cost": 0.46, "Plan Rows": 8, "Plan Width": 8, "Index Cond": "(movie_id = mc.movie_id)"}]}, {"Node Type": "Index Only Scan", "Parent Relationship": "Inner", "Scan Direction": "Forward", "Index Name": "keyword_pkey", "Relation Name": "keyword", "Alias": "k", "Startup Cost": 0.0, "Total Cost": 0.27, "Plan Rows": 1, "Plan Width": 4, "Index Cond": "(id = mk.keyword_id)"}]}, {"Node Type": "Index Scan", "Parent Relationship": "Inner", "Scan Direction": "Forward", "Index Name": "movie_id_aka_title", "Relation Name": "aka_title", "Alias": "at", "Startup Cost": 0.0, "Total Cost": 0.32, "Plan Rows": 3, "Plan Width": 25, "Index Cond": "(movie_id = mk.movie_id)"}]}]}, "Unique SQL Id": 2302223328, "Planner Runtime": 41}, "explain_analyze_plan": {"Plan": {"Node Type": "Aggregate", "Strategy": "Plain", "Startup Cost": 39393.15, "Total Cost": 39393.16, "Plan Rows": 1, "Plan Width": 102, "Actual Min Startup Time": 598.197, "Actual Max Startup Time": 598.197, "Actual Min Total Time": 598.197, "Actual Max Total Time": 598.197, "Plans": [{"Node Type": "Nested Loop", "Parent Relationship": "Outer", "Join Type": "Inner", "Startup Cost": 0.0, "Total Cost": 39358.96, "Plan Rows": 6838, "Plan Width": 38, "Actual Min Startup Time": 275.127, "Actual Max Startup Time": 275.127, "Actual Min Total Time": 595.397, "Actual Max Total Time": 595.397, "Inner Unique": false, "Join Filter": "(t.id = at.movie_id)", "Rows Removed by Join Filter": 0, "Plans": [{"Node Type": "Nested Loop", "Parent Relationship": "Outer", "Join Type": "Inner", "Startup Cost": 0.0, "Total Cost": 38560.34, "Plan Rows": 2257, "Plan Width": 33, "Actual Min Startup Time": 272.372, "Actual Max Startup Time": 272.372, "Actual Min Total Time": 553.667, "Actual Max Total Time": 553.667, "Inner Unique": true, "Plans": [{"Node Type": "Nested Loop", "Parent Relationship": "Outer", "Join Type": "Inner", "Startup Cost": 0.0, "Total Cost": 37928.36, "Plan Rows": 2257, "Plan Width": 37, "Actual Min Startup Time": 272.356, "Actual Max Startup Time": 272.356, "Actual Min Total Time": 507.016, "Actual Max Total Time": 507.016, "Inner Unique": false, "Join Filter": "(t.id = mk.movie_id)", "Rows Removed by Join Filter": 0, "Plans": [{"Node Type": "Nested Loop", "Parent Relationship": "Outer", "Join Type": "Inner", "Startup Cost": 0.0, "Total Cost": 37772.01, "Plan Rows": 278, "Plan Width": 29, "Actual Min Startup Time": 272.308, "Actual Max Startup Time": 272.308, "Actual Min Total Time": 469.422, "Actual Max Total Time": 469.422, "Inner Unique": true, "Join Filter": "(mc.company_type_id = ct.id)", "Rows Removed by Join Filter": 11829, "Plans": [{"Node Type": "Nested Loop", "Parent Relationship": "Outer", "Join Type": "Inner", "Startup Cost": 0.0, "Total Cost": 37749.46, "Plan Rows": 478, "Plan Width": 33, "Actual Min Startup Time": 272.292, "Actual Max Startup Time": 272.292, "Actual Min Total Time": 460.809, "Actual Max Total Time": 460.809, "Inner Unique": true, "Plans": [{"Node Type": "Nested Loop", "Parent Relationship": "Outer", "Join Type": "Inner", "Startup Cost": 0.0, "Total Cost": 37586.07, "Plan Rows": 568, "Plan Width": 37, "Actual Min Startup Time": 272.245, "Actual Max Startup Time": 272.245, "Actual Min Total Time": 393.653, "Actual Max Total Time": 393.653, "Inner Unique": false, "Plans": [{"Node Type": "Nested Loop", "Parent Relationship": "Outer", "Join Type": "Inner", "Startup Cost": 0.0, "Total Cost": 37488.22, "Plan Rows": 266, "Plan Width": 25, "Actual Min Startup Time": 272.231, "Actual Max Startup Time": 272.231, "Actual Min Total Time": 334.841, "Actual Max Total Time": 334.841, "Inner Unique": true, "Plans": [{"Node Type": "Nested Loop", "Parent Relationship": "Outer", "Join Type": "Inner", "Startup Cost": 0.0, "Total Cost": 36344.91, "Plan Rows": 192, "Plan Width": 4, "Actual Min Startup Time": 272.184, "Actual Max Startup Time": 272.184, "Actual Min Total Time": 278.423, "Actual Max Total Time": 278.423, "Inner Unique": false, "Join Filter": "(it1.id = mi.info_type_id)", "Rows Removed by Join Filter": 131, "Plans": [{"Node Type": "Seq Scan", "Parent Relationship": "Outer", "Relation Name": "info_type", "Alias": "it1", "Startup Cost": 0.0, "Total Cost": 2.4, "Plan Rows": 1, "Plan Width": 4, "Actual Min Startup Time": 0.064, "Actual Max Startup Time": 0.064, "Actual Min Total Time": 0.096, "Actual Max Total Time": 0.096, "Filter": "((info)::text = 'release dates'::text)", "Rows Removed by Filter": 111, "Actual Rows": 1}, {"Node Type": "Materialize", "Parent Relationship": "Inner", "Startup Cost": 0.0, "Total Cost": 36208.32, "Plan Rows": 13419, "Plan Width": 8, "Actual Min Startup Time": 272.089, "Actual Max Startup Time": 272.089, "Actual Min Total Time": 273.861, "Actual Max Total Time": 273.861, "Plans": [{"Node Type": "Streaming(type: LOCAL GATHER dop: 1/16)", "Parent Relationship": "Outer", "Startup Cost": 0.0, "Total Cost": 36174.77, "Plan Rows": 13419, "Plan Width": 8, "Actual Min Startup Time": 93.947, "Actual Max Startup Time": 93.947, "Actual Min Total Time": 270.211, "Actual Max Total Time": 270.211, "Plans": [{"Node Type": "Seq Scan", "Parent Relationship": "Outer", "Relation Name": "movie_info", "Alias": "mi", "Startup Cost": 0.0, "Total Cost": 35885.16, "Plan Rows": 13419, "Plan Width": 8, "Actual Min Startup Time": 6.879, "Actual Max Startup Time": 73.183, "Actual Min Total Time": 246.66, "Actual Max Total Time": 253.591, "Filter": "((note)::text ~~ '%internet%'::text)", "Rows Removed by Filter": 14824909, "Actual Rows": 10810}], "Actual Rows": 10810}], "Actual Rows": 10811}], "Actual Rows": 10679}, {"Node Type": "Index Scan", "Parent Relationship": "Inner", "Scan Direction": "Forward", "Index Name": "title_pkey", "Relation Name": "title", "Alias": "t", "Startup Cost": 0.0, "Total Cost": 5.94, "Plan Rows": 1, "Plan Width": 21, "Actual Min Startup Time": 47.832, "Actual Max Startup Time": 47.832, "Actual Min Total Time": 47.832, "Actual Max Total Time": 47.832, "Index Cond": "(id = mi.movie_id)", "Rows Removed by Index Recheck": 0, "Filter": "(production_year > 1990)", "Rows Removed by Filter": 17, "Actual Rows": 10662}], "Actual Rows": 10662}, {"Node Type": "Index Scan", "Parent Relationship": "Inner", "Scan Direction": "Forward", "Index Name": "movie_id_movie_companies", "Relation Name": "movie_companies", "Alias": "mc", "Startup Cost": 0.0, "Total Cost": 0.35, "Plan Rows": 2, "Plan Width": 12, "Actual Min Startup Time": 40.771, "Actual Max Startup Time": 40.771, "Actual Min Total Time": 50.007, "Actual Max Total Time": 50.007, "Index Cond": "(movie_id = t.id)", "Rows Removed by Index Recheck": 0, "Actual Rows": 14377}], "Actual Rows": 14377}, {"Node Type": "Index Scan", "Parent Relationship": "Inner", "Scan Direction": "Forward", "Index Name": "company_name_pkey", "Relation Name": "company_name", "Alias": "cn", "Startup Cost": 0.0, "Total Cost": 0.28, "Plan Rows": 1, "Plan Width": 4, "Actual Min Startup Time": 56.99, "Actual Max Startup Time": 56.99, "Actual Min Total Time": 56.99, "Actual Max Total Time": 56.99, "Index Cond": "(id = mc.company_id)", "Rows Removed by Index Recheck": 0, "Filter": "((country_code)::text = '[us]'::text)", "Rows Removed by Filter": 4520, "Actual Rows": 9857}], "Actual Rows": 9857}, {"Node Type": "Materialize", "Parent Relationship": "Inner", "Startup Cost": 0.0, "Total Cost": 1.04, "Plan Rows": 3, "Plan Width": 4, "Actual Min Startup Time": 1.141, "Actual Max Startup Time": 1.141, "Actual Min Total Time": 2.139, "Actual Max Total Time": 2.139, "Plans": [{"Node Type": "Seq Scan", "Parent Relationship": "Outer", "Relation Name": "company_type", "Alias": "ct", "Startup Cost": 0.0, "Total Cost": 1.03, "Plan Rows": 3, "Plan Width": 4, "Actual Min Startup Time": 0.005, "Actual Max Startup Time": 0.005, "Actual Min Total Time": 0.006, "Actual Max Total Time": 0.006, "Actual Rows": 3}], "Actual Rows": 17743}], "Actual Rows": 5914}, {"Node Type": "Index Scan", "Parent Relationship": "Inner", "Scan Direction": "Forward", "Index Name": "movie_id_movie_keyword", "Relation Name": "movie_keyword", "Alias": "mk", "Startup Cost": 0.0, "Total Cost": 0.46, "Plan Rows": 8, "Plan Width": 8, "Actual Min Startup Time": 22.22, "Actual Max Startup Time": 22.22, "Actual Min Total Time": 28.559, "Actual Max Total Time": 28.559, "Index Cond": "(movie_id = mc.movie_id)", "Rows Removed by Index Recheck": 0, "Actual Rows": 14161}], "Actual Rows": 14161}, {"Node Type": "Index Only Scan", "Parent Relationship": "Inner", "Scan Direction": "Forward", "Index Name": "keyword_pkey", "Relation Name": "keyword", "Alias": "k", "Startup Cost": 0.0, "Total Cost": 0.27, "Plan Rows": 1, "Plan Width": 4, "Actual Min Startup Time": 36.463, "Actual Max Startup Time": 36.463, "Actual Min Total Time": 36.463, "Actual Max Total Time": 36.463, "Index Cond": "(id = mk.keyword_id)", "Rows Removed by Index Recheck": 0, "Heap Fetches": 0, "Actual Rows": 14161}], "Actual Rows": 14161}, {"Node Type": "Index Scan", "Parent Relationship": "Inner", "Scan Direction": "Forward", "Index Name": "movie_id_aka_title", "Relation Name": "aka_title", "Alias": "at", "Startup Cost": 0.0, "Total Cost": 0.32, "Plan Rows": 3, "Plan Width": 25, "Actual Min Startup Time": 31.453, "Actual Max Startup Time": 31.453, "Actual Min Total Time": 33.564, "Actual Max Total Time": 33.564, "Index Cond": "(movie_id = mk.movie_id)", "Rows Removed by Index Recheck": 0, "Actual Rows": 4371}], "Actual Rows": 4371}], "Actual Rows": 1}, "Triggers": [], "Planner Runtime": 40, "Total Runtime": 601.598, "Unique SQL Id": 2302223328}}, "(16, 49)": {"explain_plan": {"Plan": {"Node Type": "Aggregate", "Strategy": "Plain", "Startup Cost": 166951.4, "Total Cost": 166951.41, "Plan Rows": 1, "Plan Width": 102, "Plans": [{"Node Type": "Nested Loop", "Parent Relationship": "Outer", "Join Type": "Inner", "Startup Cost": 4841.51, "Total Cost": 166917.21, "Plan Rows": 6838, "Plan Width": 38, "Inner Unique": false, "Join Filter": "(t.id = at.movie_id)", "Plans": [{"Node Type": "Nested Loop", "Parent Relationship": "Outer", "Join Type": "Inner", "Startup Cost": 4841.51, "Total Cost": 166118.59, "Plan Rows": 2257, "Plan Width": 33, "Inner Unique": true, "Plans": [{"Node Type": "Nested Loop", "Parent Relationship": "Outer", "Join Type": "Inner", "Startup Cost": 4841.51, "Total Cost": 165486.61, "Plan Rows": 2257, "Plan Width": 37, "Inner Unique": false, "Join Filter": "(t.id = mk.movie_id)", "Plans": [{"Node Type": "Nested Loop", "Parent Relationship": "Outer", "Join Type": "Inner", "Startup Cost": 4841.51, "Total Cost": 165330.26, "Plan Rows": 278, "Plan Width": 29, "Inner Unique": true, "Join Filter": "(mc.company_type_id = ct.id)", "Plans": [{"Node Type": "Nested Loop", "Parent Relationship": "Outer", "Join Type": "Inner", "Startup Cost": 4841.51, "Total Cost": 165300.45, "Plan Rows": 478, "Plan Width": 33, "Inner Unique": true, "Plans": [{"Node Type": "Nested Loop", "Parent Relationship": "Outer", "Join Type": "Inner", "Startup Cost": 4841.51, "Total Cost": 165137.06, "Plan Rows": 568, "Plan Width": 37, "Inner Unique": false, "Plans": [{"Node Type": "Nested Loop", "Parent Relationship": "Outer", "Join Type": "Inner", "Startup Cost": 4841.51, "Total Cost": 165039.2, "Plan Rows": 266, "Plan Width": 25, "Inner Unique": true, "Plans": [{"Node Type": "Nested Loop", "Parent Relationship": "Outer", "Join Type": "Inner", "Startup Cost": 4841.51, "Total Cost": 163895.89, "Plan Rows": 192, "Plan Width": 4, "Inner Unique": false, "Plans": [{"Node Type": "Index Scan", "Parent Relationship": "Outer", "Scan Direction": "Forward", "Index Name": "info_type_pkey", "Relation Name": "info_type", "Alias": "it1", "Startup Cost": 0.0, "Total Cost": 14.21, "Plan Rows": 1, "Plan Width": 4, "Filter": "((info)::text = 'release dates'::text)"}, {"Node Type": "Bitmap Heap Scan", "Parent Relationship": "Inner", "Relation Name": "movie_info", "Alias": "mi", "Startup Cost": 4841.51, "Total Cost": 163879.76, "Plan Rows": 192, "Plan Width": 8, "Recheck Cond": "(info_type_id = it1.id)", "Filter": "((note)::text ~~ '%internet%'::text)", "Plans": [{"Node Type": "Bitmap Index Scan", "Parent Relationship": "Outer", "Index Name": "info_type_id_movie_info", "Startup Cost": 0.0, "Total Cost": 4841.46, "Plan Rows": 212428, "Plan Width": 0, "Index Cond": "(info_type_id = it1.id)"}]}]}, {"Node Type": "Index Scan", "Parent Relationship": "Inner", "Scan Direction": "Forward", "Index Name": "title_pkey", "Relation Name": "title", "Alias": "t", "Startup Cost": 0.0, "Total Cost": 5.94, "Plan Rows": 1, "Plan Width": 21, "Index Cond": "(id = mi.movie_id)", "Filter": "(production_year > 1990)"}]}, {"Node Type": "Index Scan", "Parent Relationship": "Inner", "Scan Direction": "Forward", "Index Name": "movie_id_movie_companies", "Relation Name": "movie_companies", "Alias": "mc", "Startup Cost": 0.0, "Total Cost": 0.35, "Plan Rows": 2, "Plan Width": 12, "Index Cond": "(movie_id = t.id)"}]}, {"Node Type": "Index Scan", "Parent Relationship": "Inner", "Scan Direction": "Forward", "Index Name": "company_name_pkey", "Relation Name": "company_name", "Alias": "cn", "Startup Cost": 0.0, "Total Cost": 0.28, "Plan Rows": 1, "Plan Width": 4, "Index Cond": "(id = mc.company_id)", "Filter": "((country_code)::text = '[us]'::text)"}]}, {"Node Type": "Materialize", "Parent Relationship": "Inner", "Startup Cost": 0.0, "Total Cost": 8.31, "Plan Rows": 3, "Plan Width": 4, "Plans": [{"Node Type": "Index Only Scan", "Parent Relationship": "Outer", "Scan Direction": "Forward", "Index Name": "company_type_pkey", "Relation Name": "company_type", "Alias": "ct", "Startup Cost": 0.0, "Total Cost": 8.29, "Plan Rows": 3, "Plan Width": 4}]}]}, {"Node Type": "Index Scan", "Parent Relationship": "Inner", "Scan Direction": "Forward", "Index Name": "movie_id_movie_keyword", "Relation Name": "movie_keyword", "Alias": "mk", "Startup Cost": 0.0, "Total Cost": 0.46, "Plan Rows": 8, "Plan Width": 8, "Index Cond": "(movie_id = mc.movie_id)"}]}, {"Node Type": "Index Only Scan", "Parent Relationship": "Inner", "Scan Direction": "Forward", "Index Name": "keyword_pkey", "Relation Name": "keyword", "Alias": "k", "Startup Cost": 0.0, "Total Cost": 0.27, "Plan Rows": 1, "Plan Width": 4, "Index Cond": "(id = mk.keyword_id)"}]}, {"Node Type": "Index Scan", "Parent Relationship": "Inner", "Scan Direction": "Forward", "Index Name": "movie_id_aka_title", "Relation Name": "aka_title", "Alias": "at", "Startup Cost": 0.0, "Total Cost": 0.32, "Plan Rows": 3, "Plan Width": 25, "Index Cond": "(movie_id = mk.movie_id)"}]}]}, "Unique SQL Id": 2302223328, "Planner Runtime": 41}, "explain_analyze_plan": null}, "(16, 50)": {"explain_plan": {"Plan": {"Node Type": "Aggregate", "Strategy": "Plain", "Startup Cost": 61788.11, "Total Cost": 61788.12, "Plan Rows": 1, "Plan Width": 102, "Plans": [{"Node Type": "Nested Loop", "Parent Relationship": "Outer", "Join Type": "Inner", "Startup Cost": 4.02, "Total Cost": 61753.92, "Plan Rows": 6838, "Plan Width": 38, "Inner Unique": false, "Join Filter": "(t.id = at.movie_id)", "Plans": [{"Node Type": "Nested Loop", "Parent Relationship": "Outer", "Join Type": "Inner", "Startup Cost": 3.74, "Total Cost": 51938.14, "Plan Rows": 2257, "Plan Width": 33, "Inner Unique": true, "Plans": [{"Node Type": "Nested Loop", "Parent Relationship": "Outer", "Join Type": "Inner", "Startup Cost": 3.49, "Total Cost": 42277.6, "Plan Rows": 2257, "Plan Width": 37, "Inner Unique": false, "Join Filter": "(t.id = mk.movie_id)", "Plans": [{"Node Type": "Nested Loop", "Parent Relationship": "Outer", "Join Type": "Inner", "Startup Cost": 3.15, "Total Cost": 41016.02, "Plan Rows": 278, "Plan Width": 29, "Inner Unique": true, "Join Filter": "(mi.movie_id = t.id)", "Plans": [{"Node Type": "Nested Loop", "Parent Relationship": "Outer", "Join Type": "Inner", "Startup Cost": 2.88, "Total Cost": 40151.84, "Plan Rows": 201, "Plan Width": 8, "Inner Unique": true, "Join Filter": "(mc.company_type_id = ct.id)", "Plans": [{"Node Type": "Nested Loop", "Parent Relationship": "Outer", "Join Type": "Inner", "Startup Cost": 2.88, "Total Cost": 40135.27, "Plan Rows": 345, "Plan Width": 12, "Inner Unique": true, "Plans": [{"Node Type": "Nested Loop", "Parent Relationship": "Outer", "Join Type": "Inner", "Startup Cost": 2.62, "Total Cost": 38379.09, "Plan Rows": 410, "Plan Width": 16, "Inner Unique": false, "Plans": [{"Node Type": "Nested Loop", "Parent Relationship": "Outer", "Join Type": "Inner", "Startup Cost": 0.0, "Total Cost": 36344.91, "Plan Rows": 192, "Plan Width": 4, "Inner Unique": false, "Join Filter": "(it1.id = mi.info_type_id)", "Plans": [{"Node Type": "Seq Scan", "Parent Relationship": "Outer", "Relation Name": "info_type", "Alias": "it1", "Startup Cost": 0.0, "Total Cost": 2.4, "Plan Rows": 1, "Plan Width": 4, "Filter": "((info)::text = 'release dates'::text)"}, {"Node Type": "Materialize", "Parent Relationship": "Inner", "Startup Cost": 0.0, "Total Cost": 36208.32, "Plan Rows": 13419, "Plan Width": 8, "Plans": [{"Node Type": "Streaming(type: LOCAL GATHER dop: 1/16)", "Parent Relationship": "Outer", "Startup Cost": 0.0, "Total Cost": 36174.77, "Plan Rows": 13419, "Plan Width": 8, "Plans": [{"Node Type": "Seq Scan", "Parent Relationship": "Outer", "Relation Name": "movie_info", "Alias": "mi", "Startup Cost": 0.0, "Total Cost": 35885.16, "Plan Rows": 13419, "Plan Width": 8, "Filter": "((note)::text ~~ '%internet%'::text)"}]}]}]}, {"Node Type": "Bitmap Heap Scan", "Parent Relationship": "Inner", "Relation Name": "movie_companies", "Alias": "mc", "Startup Cost": 2.62, "Total Cost": 10.57, "Plan Rows": 2, "Plan Width": 12, "Recheck Cond": "(movie_id = mi.movie_id)", "Plans": [{"Node Type": "Bitmap Index Scan", "Parent Relationship": "Outer", "Index Name": "movie_id_movie_companies", "Startup Cost": 0.0, "Total Cost": 2.62, "Plan Rows": 2, "Plan Width": 0, "Index Cond": "(movie_id = mi.movie_id)"}]}]}, {"Node Type": "Bitmap Heap Scan", "Parent Relationship": "Inner", "Relation Name": "company_name", "Alias": "cn", "Startup Cost": 0.26, "Total Cost": 4.27, "Plan Rows": 1, "Plan Width": 4, "Recheck Cond": "(id = mc.company_id)", "Filter": "((country_code)::text = '[us]'::text)", "Plans": [{"Node Type": "Bitmap Index Scan", "Parent Relationship": "Outer", "Index Name": "company_name_pkey", "Startup Cost": 0.0, "Total Cost": 0.26, "Plan Rows": 1, "Plan Width": 0, "Index Cond": "(id = mc.company_id)"}]}]}, {"Node Type": "Materialize", "Parent Relationship": "Inner", "Startup Cost": 0.0, "Total Cost": 1.04, "Plan Rows": 3, "Plan Width": 4, "Plans": [{"Node Type": "Seq Scan", "Parent Relationship": "Outer", "Relation Name": "company_type", "Alias": "ct", "Startup Cost": 0.0, "Total Cost": 1.03, "Plan Rows": 3, "Plan Width": 4}]}]}, {"Node Type": "Bitmap Heap Scan", "Parent Relationship": "Inner", "Relation Name": "title", "Alias": "t", "Startup Cost": 0.27, "Total Cost": 4.29, "Plan Rows": 1, "Plan Width": 21, "Recheck Cond": "(id = mc.movie_id)", "Filter": "(production_year > 1990)", "Plans": [{"Node Type": "Bitmap Index Scan", "Parent Relationship": "Outer", "Index Name": "title_pkey", "Startup Cost": 0.0, "Total Cost": 0.27, "Plan Rows": 1, "Plan Width": 0, "Index Cond": "(id = mc.movie_id)"}]}]}, {"Node Type": "Bitmap Heap Scan", "Parent Relationship": "Inner", "Relation Name": "movie_keyword", "Alias": "mk", "Startup Cost": 0.34, "Total Cost": 4.44, "Plan Rows": 8, "Plan Width": 8, "Recheck Cond": "(movie_id = mc.movie_id)", "Plans": [{"Node Type": "Bitmap Index Scan", "Parent Relationship": "Outer", "Index Name": "movie_id_movie_keyword", "Startup Cost": 0.0, "Total Cost": 0.34, "Plan Rows": 8, "Plan Width": 0, "Index Cond": "(movie_id = mc.movie_id)"}]}]}, {"Node Type": "Bitmap Heap Scan", "Parent Relationship": "Inner", "Relation Name": "keyword", "Alias": "k", "Startup Cost": 0.26, "Total Cost": 4.27, "Plan Rows": 1, "Plan Width": 4, "Recheck Cond": "(id = mk.keyword_id)", "Plans": [{"Node Type": "Bitmap Index Scan", "Parent Relationship": "Outer", "Index Name": "keyword_pkey", "Startup Cost": 0.0, "Total Cost": 0.26, "Plan Rows": 1, "Plan Width": 0, "Index Cond": "(id = mk.keyword_id)"}]}]}, {"Node Type": "Bitmap Heap Scan", "Parent Relationship": "Inner", "Relation Name": "aka_title", "Alias": "at", "Startup Cost": 0.27, "Total Cost": 4.31, "Plan Rows": 3, "Plan Width": 25, "Recheck Cond": "(movie_id = mk.movie_id)", "Plans": [{"Node Type": "Bitmap Index Scan", "Parent Relationship": "Outer", "Index Name": "movie_id_aka_title", "Startup Cost": 0.0, "Total Cost": 0.27, "Plan Rows": 3, "Plan Width": 0, "Index Cond": "(movie_id = mk.movie_id)"}]}]}]}, "Unique SQL Id": 2302223328, "Planner Runtime": 107}, "explain_analyze_plan": {"Plan": {"Node Type": "Aggregate", "Strategy": "Plain", "Startup Cost": 61788.11, "Total Cost": 61788.12, "Plan Rows": 1, "Plan Width": 102, "Actual Min Startup Time": 740.475, "Actual Max Startup Time": 740.475, "Actual Min Total Time": 740.475, "Actual Max Total Time": 740.475, "Plans": [{"Node Type": "Nested Loop", "Parent Relationship": "Outer", "Join Type": "Inner", "Startup Cost": 4.02, "Total Cost": 61753.92, "Plan Rows": 6838, "Plan Width": 38, "Actual Min Startup Time": 296.929, "Actual Max Startup Time": 296.929, "Actual Min Total Time": 737.278, "Actual Max Total Time": 737.278, "Inner Unique": false, "Join Filter": "(t.id = at.movie_id)", "Rows Removed by Join Filter": 0, "Plans": [{"Node Type": "Nested Loop", "Parent Relationship": "Outer", "Join Type": "Inner", "Startup Cost": 3.74, "Total Cost": 51938.14, "Plan Rows": 2257, "Plan Width": 33, "Actual Min Startup Time": 293.265, "Actual Max Startup Time": 293.265, "Actual Min Total Time": 674.89, "Actual Max Total Time": 674.89, "Inner Unique": true, "Plans": [{"Node Type": "Nested Loop", "Parent Relationship": "Outer", "Join Type": "Inner", "Startup Cost": 3.49, "Total Cost": 42277.6, "Plan Rows": 2257, "Plan Width": 37, "Actual Min Startup Time": 293.251, "Actual Max Startup Time": 293.251, "Actual Min Total Time": 592.467, "Actual Max Total Time": 592.467, "Inner Unique": false, "Join Filter": "(t.id = mk.movie_id)", "Rows Removed by Join Filter": 0, "Plans": [{"Node Type": "Nested Loop", "Parent Relationship": "Outer", "Join Type": "Inner", "Startup Cost": 3.15, "Total Cost": 41016.02, "Plan Rows": 278, "Plan Width": 29, "Actual Min Startup Time": 293.18, "Actual Max Startup Time": 293.18, "Actual Min Total Time": 544.972, "Actual Max Total Time": 544.972, "Inner Unique": true, "Join Filter": "(mi.movie_id = t.id)", "Rows Removed by Join Filter": 0, "Plans": [{"Node Type": "Nested Loop", "Parent Relationship": "Outer", "Join Type": "Inner", "Startup Cost": 2.88, "Total Cost": 40151.84, "Plan Rows": 201, "Plan Width": 8, "Actual Min Startup Time": 293.157, "Actual Max Startup Time": 293.157, "Actual Min Total Time": 497.337, "Actual Max Total Time": 497.337, "Inner Unique": true, "Join Filter": "(mc.company_type_id = ct.id)", "Rows Removed by Join Filter": 11874, "Plans": [{"Node Type": "Nested Loop", "Parent Relationship": "Outer", "Join Type": "Inner", "Startup Cost": 2.88, "Total Cost": 40135.27, "Plan Rows": 345, "Plan Width": 12, "Actual Min Startup Time": 293.121, "Actual Max Startup Time": 293.121, "Actual Min Total Time": 488.022, "Actual Max Total Time": 488.022, "Inner Unique": true, "Plans": [{"Node Type": "Nested Loop", "Parent Relationship": "Outer", "Join Type": "Inner", "Startup Cost": 2.62, "Total Cost": 38379.09, "Plan Rows": 410, "Plan Width": 16, "Actual Min Startup Time": 293.071, "Actual Max Startup Time": 293.071, "Actual Min Total Time": 391.184, "Actual Max Total Time": 391.184, "Inner Unique": false, "Plans": [{"Node Type": "Nested Loop", "Parent Relationship": "Outer", "Join Type": "Inner", "Startup Cost": 0.0, "Total Cost": 36344.91, "Plan Rows": 192, "Plan Width": 4, "Actual Min Startup Time": 293.01, "Actual Max Startup Time": 293.01, "Actual Min Total Time": 300.041, "Actual Max Total Time": 300.041, "Inner Unique": false, "Join Filter": "(it1.id = mi.info_type_id)", "Rows Removed by Join Filter": 131, "Plans": [{"Node Type": "Seq Scan", "Parent Relationship": "Outer", "Relation Name": "info_type", "Alias": "it1", "Startup Cost": 0.0, "Total Cost": 2.4, "Plan Rows": 1, "Plan Width": 4, "Actual Min Startup Time": 0.07, "Actual Max Startup Time": 0.07, "Actual Min Total Time": 0.115, "Actual Max Total Time": 0.115, "Filter": "((info)::text = 'release dates'::text)", "Rows Removed by Filter": 111, "Actual Rows": 1}, {"Node Type": "Materialize", "Parent Relationship": "Inner", "Startup Cost": 0.0, "Total Cost": 36208.32, "Plan Rows": 13419, "Plan Width": 8, "Actual Min Startup Time": 292.914, "Actual Max Startup Time": 292.914, "Actual Min Total Time": 294.698, "Actual Max Total Time": 294.698, "Plans": [{"Node Type": "Streaming(type: LOCAL GATHER dop: 1/16)", "Parent Relationship": "Outer", "Startup Cost": 0.0, "Total Cost": 36174.77, "Plan Rows": 13419, "Plan Width": 8, "Actual Min Startup Time": 91.074, "Actual Max Startup Time": 91.074, "Actual Min Total Time": 290.997, "Actual Max Total Time": 290.997, "Plans": [{"Node Type": "Seq Scan", "Parent Relationship": "Outer", "Relation Name": "movie_info", "Alias": "mi", "Startup Cost": 0.0, "Total Cost": 35885.16, "Plan Rows": 13419, "Plan Width": 8, "Actual Min Startup Time": 6.872, "Actual Max Startup Time": 73.199, "Actual Min Total Time": 247.137, "Actual Max Total Time": 275.96, "Filter": "((note)::text ~~ '%internet%'::text)", "Rows Removed by Filter": 14824909, "Actual Rows": 10810}], "Actual Rows": 10810}], "Actual Rows": 10811}], "Actual Rows": 10679}, {"Node Type": "Bitmap Heap Scan", "Parent Relationship": "Inner", "Relation Name": "movie_companies", "Alias": "mc", "Startup Cost": 2.62, "Total Cost": 10.57, "Plan Rows": 2, "Plan Width": 12, "Actual Min Startup Time": 66.04, "Actual Max Startup Time": 66.04, "Actual Min Total Time": 74.929, "Actual Max Total Time": 74.929, "Recheck Cond": "(movie_id = mi.movie_id)", "Rows Removed by Index Recheck": 0, "Exact Heap Blocks": 11702, "Lossy Heap Blocks": 11702, "Plans": [{"Node Type": "Bitmap Index Scan", "Parent Relationship": "Outer", "Index Name": "movie_id_movie_companies", "Startup Cost": 0.0, "Total Cost": 2.62, "Plan Rows": 2, "Plan Width": 0, "Actual Min Startup Time": 42.934, "Actual Max Startup Time": 42.934, "Actual Min Total Time": 42.934, "Actual Max Total Time": 42.934, "Index Cond": "(movie_id = mi.movie_id)", "Actual Rows": 14401}], "Actual Rows": 14401}], "Actual Rows": 14401}, {"Node Type": "Bitmap Heap Scan", "Parent Relationship": "Inner", "Relation Name": "company_name", "Alias": "cn", "Startup Cost": 0.26, "Total Cost": 4.27, "Plan Rows": 1, "Plan Width": 4, "Actual Min Startup Time": 78.423, "Actual Max Startup Time": 78.423, "Actual Min Total Time": 78.423, "Actual Max Total Time": 78.423, "Recheck Cond": "(id = mc.company_id)", "Rows Removed by Index Recheck": 0, "Filter": "((country_code)::text = '[us]'::text)", "Rows Removed by Filter": 4527, "Exact Heap Blocks": 14401, "Lossy Heap Blocks": 14401, "Plans": [{"Node Type": "Bitmap Index Scan", "Parent Relationship": "Outer", "Index Name": "company_name_pkey", "Startup Cost": 0.0, "Total Cost": 0.26, "Plan Rows": 1, "Plan Width": 0, "Actual Min Startup Time": 43.793, "Actual Max Startup Time": 43.793, "Actual Min Total Time": 43.793, "Actual Max Total Time": 43.793, "Index Cond": "(id = mc.company_id)", "Actual Rows": 14401}], "Actual Rows": 9874}], "Actual Rows": 9874}, {"Node Type": "Materialize", "Parent Relationship": "Inner", "Startup Cost": 0.0, "Total Cost": 1.04, "Plan Rows": 3, "Plan Width": 4, "Actual Min Startup Time": 1.364, "Actual Max Startup Time": 1.364, "Actual Min Total Time": 2.437, "Actual Max Total Time": 2.437, "Plans": [{"Node Type": "Seq Scan", "Parent Relationship": "Outer", "Relation Name": "company_type", "Alias": "ct", "Startup Cost": 0.0, "Total Cost": 1.03, "Plan Rows": 3, "Plan Width": 4, "Actual Min Startup Time": 0.007, "Actual Max Startup Time": 0.007, "Actual Min Total Time": 0.01, "Actual Max Total Time": 0.01, "Actual Rows": 3}], "Actual Rows": 17790}], "Actual Rows": 5916}, {"Node Type": "Bitmap Heap Scan", "Parent Relationship": "Inner", "Relation Name": "title", "Alias": "t", "Startup Cost": 0.27, "Total Cost": 4.29, "Plan Rows": 1, "Plan Width": 21, "Actual Min Startup Time": 38.301, "Actual Max Startup Time": 38.301, "Actual Min Total Time": 38.301, "Actual Max Total Time": 38.301, "Recheck Cond": "(id = mc.movie_id)", "Rows Removed by Index Recheck": 0, "Filter": "(production_year > 1990)", "Rows Removed by Filter": 2, "Exact Heap Blocks": 5916, "Lossy Heap Blocks": 5916, "Plans": [{"Node Type": "Bitmap Index Scan", "Parent Relationship": "Outer", "Index Name": "title_pkey", "Startup Cost": 0.0, "Total Cost": 0.27, "Plan Rows": 1, "Plan Width": 0, "Actual Min Startup Time": 22.073, "Actual Max Startup Time": 22.073, "Actual Min Total Time": 22.073, "Actual Max Total Time": 22.073, "Index Cond": "(id = mc.movie_id)", "Actual Rows": 5916}], "Actual Rows": 5914}], "Actual Rows": 5914}, {"Node Type": "Bitmap Heap Scan", "Parent Relationship": "Inner", "Relation Name": "movie_keyword", "Alias": "mk", "Startup Cost": 0.34, "Total Cost": 4.44, "Plan Rows": 8, "Plan Width": 8, "Actual Min Startup Time": 32.223, "Actual Max Startup Time": 32.223, "Actual Min Total Time": 34.393, "Actual Max Total Time": 34.393, "Recheck Cond": "(movie_id = mc.movie_id)", "Rows Removed by Index Recheck": 0, "Exact Heap Blocks": 1896, "Lossy Heap Blocks": 1896, "Plans": [{"Node Type": "Bitmap Index Scan", "Parent Relationship": "Outer", "Index Name": "movie_id_movie_keyword", "Startup Cost": 0.0, "Total Cost": 0.34, "Plan Rows": 8, "Plan Width": 0, "Actual Min Startup Time": 23.915, "Actual Max Startup Time": 23.915, "Actual Min Total Time": 23.915, "Actual Max Total Time": 23.915, "Index Cond": "(movie_id = mc.movie_id)", "Actual Rows": 14161}], "Actual Rows": 14161}], "Actual Rows": 14161}, {"Node Type": "Bitmap Heap Scan", "Parent Relationship": "Inner", "Relation Name": "keyword", "Alias": "k", "Startup Cost": 0.26, "Total Cost": 4.27, "Plan Rows": 1, "Plan Width": 4, "Actual Min Startup Time": 63.8, "Actual Max Startup Time": 63.8, "Actual Min Total Time": 63.8, "Actual Max Total Time": 63.8, "Recheck Cond": "(id = mk.keyword_id)", "Rows Removed by Index Recheck": 0, "Exact Heap Blocks": 14161, "Lossy Heap Blocks": 14161, "Plans": [{"Node Type": "Bitmap Index Scan", "Parent Relationship": "Outer", "Index Name": "keyword_pkey", "Startup Cost": 0.0, "Total Cost": 0.26, "Plan Rows": 1, "Plan Width": 0, "Actual Min Startup Time": 40.148, "Actual Max Startup Time": 40.148, "Actual Min Total Time": 40.148, "Actual Max Total Time": 40.148, "Index Cond": "(id = mk.keyword_id)", "Actual Rows": 14161}], "Actual Rows": 14161}], "Actual Rows": 14161}, {"Node Type": "Bitmap Heap Scan", "Parent Relationship": "Inner", "Relation Name": "aka_title", "Alias": "at", "Startup Cost": 0.27, "Total Cost": 4.31, "Plan Rows": 3, "Plan Width": 25, "Actual Min Startup Time": 43.218, "Actual Max Startup Time": 43.218, "Actual Min Total Time": 45.019, "Actual Max Total Time": 45.019, "Recheck Cond": "(movie_id = mk.movie_id)", "Rows Removed by Index Recheck": 0, "Exact Heap Blocks": 4371, "Lossy Heap Blocks": 4371, "Plans": [{"Node Type": "Bitmap Index Scan", "Parent Relationship": "Outer", "Index Name": "movie_id_aka_title", "Startup Cost": 0.0, "Total Cost": 0.27, "Plan Rows": 3, "Plan Width": 0, "Actual Min Startup Time": 32.894, "Actual Max Startup Time": 32.894, "Actual Min Total Time": 32.894, "Actual Max Total Time": 32.894, "Index Cond": "(movie_id = mk.movie_id)", "Actual Rows": 4371}], "Actual Rows": 4371}], "Actual Rows": 4371}], "Actual Rows": 1}, "Triggers": [], "Planner Runtime": 107, "Total Runtime": 743.811, "Unique SQL Id": 2302223328}}, "(16, 51)": {"explain_plan": {"Plan": {"Node Type": "Aggregate", "Strategy": "Plain", "Startup Cost": 190799.22, "Total Cost": 190799.23, "Plan Rows": 1, "Plan Width": 102, "Plans": [{"Node Type": "Nested Loop", "Parent Relationship": "Outer", "Join Type": "Inner", "Startup Cost": 4854.59, "Total Cost": 190765.03, "Plan Rows": 6838, "Plan Width": 38, "Inner Unique": false, "Join Filter": "(t.id = at.movie_id)", "Plans": [{"Node Type": "Nested Loop", "Parent Relationship": "Outer", "Join Type": "Inner", "Startup Cost": 4854.32, "Total Cost": 180949.25, "Plan Rows": 2257, "Plan Width": 33, "Inner Unique": true, "Plans": [{"Node Type": "Nested Loop", "Parent Relationship": "Outer", "Join Type": "Inner", "Startup Cost": 4854.06, "Total Cost": 171288.7, "Plan Rows": 2257, "Plan Width": 37, "Inner Unique": false, "Join Filter": "(t.id = mk.movie_id)", "Plans": [{"Node Type": "Nested Loop", "Parent Relationship": "Outer", "Join Type": "Inner", "Startup Cost": 4853.72, "Total Cost": 170027.13, "Plan Rows": 278, "Plan Width": 29, "Inner Unique": true, "Join Filter": "(mi.movie_id = t.id)", "Plans": [{"Node Type": "Nested Loop", "Parent Relationship": "Outer", "Join Type": "Inner", "Startup Cost": 4853.45, "Total Cost": 169162.94, "Plan Rows": 201, "Plan Width": 8, "Inner Unique": true, "Plans": [{"Node Type": "Nested Loop", "Parent Relationship": "Outer", "Join Type": "Inner", "Startup Cost": 4853.19, "Total Cost": 167686.26, "Plan Rows": 345, "Plan Width": 12, "Inner Unique": true, "Plans": [{"Node Type": "Nested Loop", "Parent Relationship": "Outer", "Join Type": "Inner", "Startup Cost": 4852.94, "Total Cost": 165930.08, "Plan Rows": 410, "Plan Width": 16, "Inner Unique": false, "Plans": [{"Node Type": "Nested Loop", "Parent Relationship": "Outer", "Join Type": "Inner", "Startup Cost": 4850.32, "Total Cost": 163895.89, "Plan Rows": 192, "Plan Width": 4, "Inner Unique": false, "Plans": [{"Node Type": "Bitmap Heap Scan", "Parent Relationship": "Outer", "Relation Name": "info_type", "Alias": "it1", "Startup Cost": 8.81, "Total Cost": 14.21, "Plan Rows": 1, "Plan Width": 4, "Filter": "((info)::text = 'release dates'::text)", "Plans": [{"Node Type": "Bitmap Index Scan", "Parent Relationship": "Outer", "Index Name": "info_type_pkey", "Startup Cost": 0.0, "Total Cost": 8.81, "Plan Rows": 112, "Plan Width": 0}]}, {"Node Type": "Bitmap Heap Scan", "Parent Relationship": "Inner", "Relation Name": "movie_info", "Alias": "mi", "Startup Cost": 4841.51, "Total Cost": 163879.76, "Plan Rows": 192, "Plan Width": 8, "Recheck Cond": "(info_type_id = it1.id)", "Filter": "((note)::text ~~ '%internet%'::text)", "Plans": [{"Node Type": "Bitmap Index Scan", "Parent Relationship": "Outer", "Index Name": "info_type_id_movie_info", "Startup Cost": 0.0, "Total Cost": 4841.46, "Plan Rows": 212428, "Plan Width": 0, "Index Cond": "(info_type_id = it1.id)"}]}]}, {"Node Type": "Bitmap Heap Scan", "Parent Relationship": "Inner", "Relation Name": "movie_companies", "Alias": "mc", "Startup Cost": 2.62, "Total Cost": 10.57, "Plan Rows": 2, "Plan Width": 12, "Recheck Cond": "(movie_id = mi.movie_id)", "Plans": [{"Node Type": "Bitmap Index Scan", "Parent Relationship": "Outer", "Index Name": "movie_id_movie_companies", "Startup Cost": 0.0, "Total Cost": 2.62, "Plan Rows": 2, "Plan Width": 0, "Index Cond": "(movie_id = mi.movie_id)"}]}]}, {"Node Type": "Bitmap Heap Scan", "Parent Relationship": "Inner", "Relation Name": "company_name", "Alias": "cn", "Startup Cost": 0.26, "Total Cost": 4.27, "Plan Rows": 1, "Plan Width": 4, "Recheck Cond": "(id = mc.company_id)", "Filter": "((country_code)::text = '[us]'::text)", "Plans": [{"Node Type": "Bitmap Index Scan", "Parent Relationship": "Outer", "Index Name": "company_name_pkey", "Startup Cost": 0.0, "Total Cost": 0.26, "Plan Rows": 1, "Plan Width": 0, "Index Cond": "(id = mc.company_id)"}]}]}, {"Node Type": "Bitmap Heap Scan", "Parent Relationship": "Inner", "Relation Name": "company_type", "Alias": "ct", "Startup Cost": 0.26, "Total Cost": 4.27, "Plan Rows": 1, "Plan Width": 4, "Recheck Cond": "(id = mc.company_type_id)", "Plans": [{"Node Type": "Bitmap Index Scan", "Parent Relationship": "Outer", "Index Name": "company_type_pkey", "Startup Cost": 0.0, "Total Cost": 0.26, "Plan Rows": 1, "Plan Width": 0, "Index Cond": "(id = mc.company_type_id)"}]}]}, {"Node Type": "Bitmap Heap Scan", "Parent Relationship": "Inner", "Relation Name": "title", "Alias": "t", "Startup Cost": 0.27, "Total Cost": 4.29, "Plan Rows": 1, "Plan Width": 21, "Recheck Cond": "(id = mc.movie_id)", "Filter": "(production_year > 1990)", "Plans": [{"Node Type": "Bitmap Index Scan", "Parent Relationship": "Outer", "Index Name": "title_pkey", "Startup Cost": 0.0, "Total Cost": 0.27, "Plan Rows": 1, "Plan Width": 0, "Index Cond": "(id = mc.movie_id)"}]}]}, {"Node Type": "Bitmap Heap Scan", "Parent Relationship": "Inner", "Relation Name": "movie_keyword", "Alias": "mk", "Startup Cost": 0.34, "Total Cost": 4.44, "Plan Rows": 8, "Plan Width": 8, "Recheck Cond": "(movie_id = mc.movie_id)", "Plans": [{"Node Type": "Bitmap Index Scan", "Parent Relationship": "Outer", "Index Name": "movie_id_movie_keyword", "Startup Cost": 0.0, "Total Cost": 0.34, "Plan Rows": 8, "Plan Width": 0, "Index Cond": "(movie_id = mc.movie_id)"}]}]}, {"Node Type": "Bitmap Heap Scan", "Parent Relationship": "Inner", "Relation Name": "keyword", "Alias": "k", "Startup Cost": 0.26, "Total Cost": 4.27, "Plan Rows": 1, "Plan Width": 4, "Recheck Cond": "(id = mk.keyword_id)", "Plans": [{"Node Type": "Bitmap Index Scan", "Parent Relationship": "Outer", "Index Name": "keyword_pkey", "Startup Cost": 0.0, "Total Cost": 0.26, "Plan Rows": 1, "Plan Width": 0, "Index Cond": "(id = mk.keyword_id)"}]}]}, {"Node Type": "Bitmap Heap Scan", "Parent Relationship": "Inner", "Relation Name": "aka_title", "Alias": "at", "Startup Cost": 0.27, "Total Cost": 4.31, "Plan Rows": 3, "Plan Width": 25, "Recheck Cond": "(movie_id = mk.movie_id)", "Plans": [{"Node Type": "Bitmap Index Scan", "Parent Relationship": "Outer", "Index Name": "movie_id_aka_title", "Startup Cost": 0.0, "Total Cost": 0.27, "Plan Rows": 3, "Plan Width": 0, "Index Cond": "(movie_id = mk.movie_id)"}]}]}]}, "Unique SQL Id": 2302223328, "Planner Runtime": 48}, "explain_analyze_plan": null}, "(16, 52)": {"explain_plan": {"Plan": {"Node Type": "Aggregate", "Strategy": "Plain", "Startup Cost": 39394.67, "Total Cost": 39394.68, "Plan Rows": 1, "Plan Width": 102, "Plans": [{"Node Type": "Nested Loop", "Parent Relationship": "Outer", "Join Type": "Inner", "Startup Cost": 0.0, "Total Cost": 39360.48, "Plan Rows": 6838, "Plan Width": 38, "Inner Unique": false, "Join Filter": "(t.id = at.movie_id)", "Plans": [{"Node Type": "Nested Loop", "Parent Relationship": "Outer", "Join Type": "Inner", "Startup Cost": 0.0, "Total Cost": 38561.86, "Plan Rows": 2257, "Plan Width": 33, "Inner Unique": true, "Plans": [{"Node Type": "Nested Loop", "Parent Relationship": "Outer", "Join Type": "Inner", "Startup Cost": 0.0, "Total Cost": 37928.36, "Plan Rows": 2257, "Plan Width": 37, "Inner Unique": false, "Join Filter": "(t.id = mk.movie_id)", "Plans": [{"Node Type": "Nested Loop", "Parent Relationship": "Outer", "Join Type": "Inner", "Startup Cost": 0.0, "Total Cost": 37772.01, "Plan Rows": 278, "Plan Width": 29, "Inner Unique": true, "Join Filter": "(mc.company_type_id = ct.id)", "Plans": [{"Node Type": "Nested Loop", "Parent Relationship": "Outer", "Join Type": "Inner", "Startup Cost": 0.0, "Total Cost": 37749.46, "Plan Rows": 478, "Plan Width": 33, "Inner Unique": true, "Plans": [{"Node Type": "Nested Loop", "Parent Relationship": "Outer", "Join Type": "Inner", "Startup Cost": 0.0, "Total Cost": 37586.07, "Plan Rows": 568, "Plan Width": 37, "Inner Unique": false, "Plans": [{"Node Type": "Nested Loop", "Parent Relationship": "Outer", "Join Type": "Inner", "Startup Cost": 0.0, "Total Cost": 37488.22, "Plan Rows": 266, "Plan Width": 25, "Inner Unique": true, "Plans": [{"Node Type": "Nested Loop", "Parent Relationship": "Outer", "Join Type": "Inner", "Startup Cost": 0.0, "Total Cost": 36344.91, "Plan Rows": 192, "Plan Width": 4, "Inner Unique": false, "Join Filter": "(it1.id = mi.info_type_id)", "Plans": [{"Node Type": "Seq Scan", "Parent Relationship": "Outer", "Relation Name": "info_type", "Alias": "it1", "Startup Cost": 0.0, "Total Cost": 2.4, "Plan Rows": 1, "Plan Width": 4, "Filter": "((info)::text = 'release dates'::text)"}, {"Node Type": "Materialize", "Parent Relationship": "Inner", "Startup Cost": 0.0, "Total Cost": 36208.32, "Plan Rows": 13419, "Plan Width": 8, "Plans": [{"Node Type": "Streaming(type: LOCAL GATHER dop: 1/16)", "Parent Relationship": "Outer", "Startup Cost": 0.0, "Total Cost": 36174.77, "Plan Rows": 13419, "Plan Width": 8, "Plans": [{"Node Type": "Seq Scan", "Parent Relationship": "Outer", "Relation Name": "movie_info", "Alias": "mi", "Startup Cost": 0.0, "Total Cost": 35885.16, "Plan Rows": 13419, "Plan Width": 8, "Filter": "((note)::text ~~ '%internet%'::text)"}]}]}]}, {"Node Type": "Index Scan", "Parent Relationship": "Inner", "Scan Direction": "Forward", "Index Name": "title_pkey", "Relation Name": "title", "Alias": "t", "Startup Cost": 0.0, "Total Cost": 5.94, "Plan Rows": 1, "Plan Width": 21, "Index Cond": "(id = mi.movie_id)", "Filter": "(production_year > 1990)"}]}, {"Node Type": "Index Scan", "Parent Relationship": "Inner", "Scan Direction": "Forward", "Index Name": "movie_id_movie_companies", "Relation Name": "movie_companies", "Alias": "mc", "Startup Cost": 0.0, "Total Cost": 0.35, "Plan Rows": 2, "Plan Width": 12, "Index Cond": "(movie_id = t.id)"}]}, {"Node Type": "Index Scan", "Parent Relationship": "Inner", "Scan Direction": "Forward", "Index Name": "company_name_pkey", "Relation Name": "company_name", "Alias": "cn", "Startup Cost": 0.0, "Total Cost": 0.28, "Plan Rows": 1, "Plan Width": 4, "Index Cond": "(id = mc.company_id)", "Filter": "((country_code)::text = '[us]'::text)"}]}, {"Node Type": "Materialize", "Parent Relationship": "Inner", "Startup Cost": 0.0, "Total Cost": 1.04, "Plan Rows": 3, "Plan Width": 4, "Plans": [{"Node Type": "Seq Scan", "Parent Relationship": "Outer", "Relation Name": "company_type", "Alias": "ct", "Startup Cost": 0.0, "Total Cost": 1.03, "Plan Rows": 3, "Plan Width": 4}]}]}, {"Node Type": "Index Scan", "Parent Relationship": "Inner", "Scan Direction": "Forward", "Index Name": "movie_id_movie_keyword", "Relation Name": "movie_keyword", "Alias": "mk", "Startup Cost": 0.0, "Total Cost": 0.46, "Plan Rows": 8, "Plan Width": 8, "Index Cond": "(movie_id = mc.movie_id)"}]}, {"Node Type": "Index Scan", "Parent Relationship": "Inner", "Scan Direction": "Forward", "Index Name": "keyword_pkey", "Relation Name": "keyword", "Alias": "k", "Startup Cost": 0.0, "Total Cost": 0.27, "Plan Rows": 1, "Plan Width": 4, "Index Cond": "(id = mk.keyword_id)"}]}, {"Node Type": "Index Scan", "Parent Relationship": "Inner", "Scan Direction": "Forward", "Index Name": "movie_id_aka_title", "Relation Name": "aka_title", "Alias": "at", "Startup Cost": 0.0, "Total Cost": 0.32, "Plan Rows": 3, "Plan Width": 25, "Index Cond": "(movie_id = mk.movie_id)"}]}]}, "Unique SQL Id": 2302223328, "Planner Runtime": 40}, "explain_analyze_plan": {"Plan": {"Node Type": "Aggregate", "Strategy": "Plain", "Startup Cost": 39394.67, "Total Cost": 39394.68, "Plan Rows": 1, "Plan Width": 102, "Actual Min Startup Time": 623.808, "Actual Max Startup Time": 623.808, "Actual Min Total Time": 623.809, "Actual Max Total Time": 623.809, "Plans": [{"Node Type": "Nested Loop", "Parent Relationship": "Outer", "Join Type": "Inner", "Startup Cost": 0.0, "Total Cost": 39360.48, "Plan Rows": 6838, "Plan Width": 38, "Actual Min Startup Time": 277.172, "Actual Max Startup Time": 277.172, "Actual Min Total Time": 621.009, "Actual Max Total Time": 621.009, "Inner Unique": false, "Join Filter": "(t.id = at.movie_id)", "Rows Removed by Join Filter": 0, "Plans": [{"Node Type": "Nested Loop", "Parent Relationship": "Outer", "Join Type": "Inner", "Startup Cost": 0.0, "Total Cost": 38561.86, "Plan Rows": 2257, "Plan Width": 33, "Actual Min Startup Time": 268.787, "Actual Max Startup Time": 268.787, "Actual Min Total Time": 578.009, "Actual Max Total Time": 578.009, "Inner Unique": true, "Plans": [{"Node Type": "Nested Loop", "Parent Relationship": "Outer", "Join Type": "Inner", "Startup Cost": 0.0, "Total Cost": 37928.36, "Plan Rows": 2257, "Plan Width": 37, "Actual Min Startup Time": 268.77, "Actual Max Startup Time": 268.77, "Actual Min Total Time": 516.351, "Actual Max Total Time": 516.351, "Inner Unique": false, "Join Filter": "(t.id = mk.movie_id)", "Rows Removed by Join Filter": 0, "Plans": [{"Node Type": "Nested Loop", "Parent Relationship": "Outer", "Join Type": "Inner", "Startup Cost": 0.0, "Total Cost": 37772.01, "Plan Rows": 278, "Plan Width": 29, "Actual Min Startup Time": 268.754, "Actual Max Startup Time": 268.754, "Actual Min Total Time": 477.041, "Actual Max Total Time": 477.041, "Inner Unique": true, "Join Filter": "(mc.company_type_id = ct.id)", "Rows Removed by Join Filter": 11829, "Plans": [{"Node Type": "Nested Loop", "Parent Relationship": "Outer", "Join Type": "Inner", "Startup Cost": 0.0, "Total Cost": 37749.46, "Plan Rows": 478, "Plan Width": 33, "Actual Min Startup Time": 268.72, "Actual Max Startup Time": 268.72, "Actual Min Total Time": 468.562, "Actual Max Total Time": 468.562, "Inner Unique": true, "Plans": [{"Node Type": "Nested Loop", "Parent Relationship": "Outer", "Join Type": "Inner", "Startup Cost": 0.0, "Total Cost": 37586.07, "Plan Rows": 568, "Plan Width": 37, "Actual Min Startup Time": 268.703, "Actual Max Startup Time": 268.703, "Actual Min Total Time": 397.481, "Actual Max Total Time": 397.481, "Inner Unique": false, "Plans": [{"Node Type": "Nested Loop", "Parent Relationship": "Outer", "Join Type": "Inner", "Startup Cost": 0.0, "Total Cost": 37488.22, "Plan Rows": 266, "Plan Width": 25, "Actual Min Startup Time": 268.687, "Actual Max Startup Time": 268.687, "Actual Min Total Time": 334.934, "Actual Max Total Time": 334.934, "Inner Unique": true, "Plans": [{"Node Type": "Nested Loop", "Parent Relationship": "Outer", "Join Type": "Inner", "Startup Cost": 0.0, "Total Cost": 36344.91, "Plan Rows": 192, "Plan Width": 4, "Actual Min Startup Time": 268.642, "Actual Max Startup Time": 268.642, "Actual Min Total Time": 274.75, "Actual Max Total Time": 274.75, "Inner Unique": false, "Join Filter": "(it1.id = mi.info_type_id)", "Rows Removed by Join Filter": 131, "Plans": [{"Node Type": "Seq Scan", "Parent Relationship": "Outer", "Relation Name": "info_type", "Alias": "it1", "Startup Cost": 0.0, "Total Cost": 2.4, "Plan Rows": 1, "Plan Width": 4, "Actual Min Startup Time": 0.069, "Actual Max Startup Time": 0.069, "Actual Min Total Time": 0.102, "Actual Max Total Time": 0.102, "Filter": "((info)::text = 'release dates'::text)", "Rows Removed by Filter": 111, "Actual Rows": 1}, {"Node Type": "Materialize", "Parent Relationship": "Inner", "Startup Cost": 0.0, "Total Cost": 36208.32, "Plan Rows": 13419, "Plan Width": 8, "Actual Min Startup Time": 268.549, "Actual Max Startup Time": 268.549, "Actual Min Total Time": 270.213, "Actual Max Total Time": 270.213, "Plans": [{"Node Type": "Streaming(type: LOCAL GATHER dop: 1/16)", "Parent Relationship": "Outer", "Startup Cost": 0.0, "Total Cost": 36174.77, "Plan Rows": 13419, "Plan Width": 8, "Actual Min Startup Time": 91.705, "Actual Max Startup Time": 91.705, "Actual Min Total Time": 266.805, "Actual Max Total Time": 266.805, "Plans": [{"Node Type": "Seq Scan", "Parent Relationship": "Outer", "Relation Name": "movie_info", "Alias": "mi", "Startup Cost": 0.0, "Total Cost": 35885.16, "Plan Rows": 13419, "Plan Width": 8, "Actual Min Startup Time": 6.923, "Actual Max Startup Time": 73.32, "Actual Min Total Time": 247.425, "Actual Max Total Time": 254.705, "Filter": "((note)::text ~~ '%internet%'::text)", "Rows Removed by Filter": 14824909, "Actual Rows": 10810}], "Actual Rows": 10810}], "Actual Rows": 10811}], "Actual Rows": 10679}, {"Node Type": "Index Scan", "Parent Relationship": "Inner", "Scan Direction": "Forward", "Index Name": "title_pkey", "Relation Name": "title", "Alias": "t", "Startup Cost": 0.0, "Total Cost": 5.94, "Plan Rows": 1, "Plan Width": 21, "Actual Min Startup Time": 51.52, "Actual Max Startup Time": 51.52, "Actual Min Total Time": 51.52, "Actual Max Total Time": 51.52, "Index Cond": "(id = mi.movie_id)", "Rows Removed by Index Recheck": 0, "Filter": "(production_year > 1990)", "Rows Removed by Filter": 17, "Actual Rows": 10662}], "Actual Rows": 10662}, {"Node Type": "Index Scan", "Parent Relationship": "Inner", "Scan Direction": "Forward", "Index Name": "movie_id_movie_companies", "Relation Name": "movie_companies", "Alias": "mc", "Startup Cost": 0.0, "Total Cost": 0.35, "Plan Rows": 2, "Plan Width": 12, "Actual Min Startup Time": 43.413, "Actual Max Startup Time": 43.413, "Actual Min Total Time": 53.672, "Actual Max Total Time": 53.672, "Index Cond": "(movie_id = t.id)", "Rows Removed by Index Recheck": 0, "Actual Rows": 14377}], "Actual Rows": 14377}, {"Node Type": "Index Scan", "Parent Relationship": "Inner", "Scan Direction": "Forward", "Index Name": "company_name_pkey", "Relation Name": "company_name", "Alias": "cn", "Startup Cost": 0.0, "Total Cost": 0.28, "Plan Rows": 1, "Plan Width": 4, "Actual Min Startup Time": 60.499, "Actual Max Startup Time": 60.499, "Actual Min Total Time": 60.499, "Actual Max Total Time": 60.499, "Index Cond": "(id = mc.company_id)", "Rows Removed by Index Recheck": 0, "Filter": "((country_code)::text = '[us]'::text)", "Rows Removed by Filter": 4520, "Actual Rows": 9857}], "Actual Rows": 9857}, {"Node Type": "Materialize", "Parent Relationship": "Inner", "Startup Cost": 0.0, "Total Cost": 1.04, "Plan Rows": 3, "Plan Width": 4, "Actual Min Startup Time": 1.043, "Actual Max Startup Time": 1.043, "Actual Min Total Time": 2.118, "Actual Max Total Time": 2.118, "Plans": [{"Node Type": "Seq Scan", "Parent Relationship": "Outer", "Relation Name": "company_type", "Alias": "ct", "Startup Cost": 0.0, "Total Cost": 1.03, "Plan Rows": 3, "Plan Width": 4, "Actual Min Startup Time": 0.006, "Actual Max Startup Time": 0.006, "Actual Min Total Time": 0.008, "Actual Max Total Time": 0.008, "Actual Rows": 3}], "Actual Rows": 17743}], "Actual Rows": 5914}, {"Node Type": "Index Scan", "Parent Relationship": "Inner", "Scan Direction": "Forward", "Index Name": "movie_id_movie_keyword", "Relation Name": "movie_keyword", "Alias": "mk", "Startup Cost": 0.0, "Total Cost": 0.46, "Plan Rows": 8, "Plan Width": 8, "Actual Min Startup Time": 24.127, "Actual Max Startup Time": 24.127, "Actual Min Total Time": 30.441, "Actual Max Total Time": 30.441, "Index Cond": "(movie_id = mc.movie_id)", "Rows Removed by Index Recheck": 0, "Actual Rows": 14161}], "Actual Rows": 14161}, {"Node Type": "Index Scan", "Parent Relationship": "Inner", "Scan Direction": "Forward", "Index Name": "keyword_pkey", "Relation Name": "keyword", "Alias": "k", "Startup Cost": 0.0, "Total Cost": 0.27, "Plan Rows": 1, "Plan Width": 4, "Actual Min Startup Time": 50.103, "Actual Max Startup Time": 50.103, "Actual Min Total Time": 50.103, "Actual Max Total Time": 50.103, "Index Cond": "(id = mk.keyword_id)", "Rows Removed by Index Recheck": 0, "Actual Rows": 14161}], "Actual Rows": 14161}, {"Node Type": "Index Scan", "Parent Relationship": "Inner", "Scan Direction": "Forward", "Index Name": "movie_id_aka_title", "Relation Name": "aka_title", "Alias": "at", "Startup Cost": 0.0, "Total Cost": 0.32, "Plan Rows": 3, "Plan Width": 25, "Actual Min Startup Time": 31.922, "Actual Max Startup Time": 31.922, "Actual Min Total Time": 34.203, "Actual Max Total Time": 34.203, "Index Cond": "(movie_id = mk.movie_id)", "Rows Removed by Index Recheck": 0, "Actual Rows": 4371}], "Actual Rows": 4371}], "Actual Rows": 1}, "Triggers": [], "Planner Runtime": 40, "Total Runtime": 627.494, "Unique SQL Id": 2302223328}}, "(16, 53)": {"explain_plan": {"Plan": {"Node Type": "Aggregate", "Strategy": "Plain", "Startup Cost": 166956.91, "Total Cost": 166956.92, "Plan Rows": 1, "Plan Width": 102, "Plans": [{"Node Type": "Nested Loop", "Parent Relationship": "Outer", "Join Type": "Inner", "Startup Cost": 4841.51, "Total Cost": 166922.72, "Plan Rows": 6838, "Plan Width": 38, "Inner Unique": false, "Join Filter": "(t.id = at.movie_id)", "Plans": [{"Node Type": "Nested Loop", "Parent Relationship": "Outer", "Join Type": "Inner", "Startup Cost": 4841.51, "Total Cost": 166124.11, "Plan Rows": 2257, "Plan Width": 33, "Inner Unique": true, "Plans": [{"Node Type": "Nested Loop", "Parent Relationship": "Outer", "Join Type": "Inner", "Startup Cost": 4841.51, "Total Cost": 165490.61, "Plan Rows": 2257, "Plan Width": 37, "Inner Unique": false, "Join Filter": "(t.id = mk.movie_id)", "Plans": [{"Node Type": "Nested Loop", "Parent Relationship": "Outer", "Join Type": "Inner", "Startup Cost": 4841.51, "Total Cost": 165334.26, "Plan Rows": 278, "Plan Width": 29, "Inner Unique": true, "Join Filter": "(mc.company_type_id = ct.id)", "Plans": [{"Node Type": "Nested Loop", "Parent Relationship": "Outer", "Join Type": "Inner", "Startup Cost": 4841.51, "Total Cost": 165300.45, "Plan Rows": 478, "Plan Width": 33, "Inner Unique": true, "Plans": [{"Node Type": "Nested Loop", "Parent Relationship": "Outer", "Join Type": "Inner", "Startup Cost": 4841.51, "Total Cost": 165137.06, "Plan Rows": 568, "Plan Width": 37, "Inner Unique": false, "Plans": [{"Node Type": "Nested Loop", "Parent Relationship": "Outer", "Join Type": "Inner", "Startup Cost": 4841.51, "Total Cost": 165039.2, "Plan Rows": 266, "Plan Width": 25, "Inner Unique": true, "Plans": [{"Node Type": "Nested Loop", "Parent Relationship": "Outer", "Join Type": "Inner", "Startup Cost": 4841.51, "Total Cost": 163895.89, "Plan Rows": 192, "Plan Width": 4, "Inner Unique": false, "Plans": [{"Node Type": "Index Scan", "Parent Relationship": "Outer", "Scan Direction": "Forward", "Index Name": "info_type_pkey", "Relation Name": "info_type", "Alias": "it1", "Startup Cost": 0.0, "Total Cost": 14.21, "Plan Rows": 1, "Plan Width": 4, "Filter": "((info)::text = 'release dates'::text)"}, {"Node Type": "Bitmap Heap Scan", "Parent Relationship": "Inner", "Relation Name": "movie_info", "Alias": "mi", "Startup Cost": 4841.51, "Total Cost": 163879.76, "Plan Rows": 192, "Plan Width": 8, "Recheck Cond": "(info_type_id = it1.id)", "Filter": "((note)::text ~~ '%internet%'::text)", "Plans": [{"Node Type": "Bitmap Index Scan", "Parent Relationship": "Outer", "Index Name": "info_type_id_movie_info", "Startup Cost": 0.0, "Total Cost": 4841.46, "Plan Rows": 212428, "Plan Width": 0, "Index Cond": "(info_type_id = it1.id)"}]}]}, {"Node Type": "Index Scan", "Parent Relationship": "Inner", "Scan Direction": "Forward", "Index Name": "title_pkey", "Relation Name": "title", "Alias": "t", "Startup Cost": 0.0, "Total Cost": 5.94, "Plan Rows": 1, "Plan Width": 21, "Index Cond": "(id = mi.movie_id)", "Filter": "(production_year > 1990)"}]}, {"Node Type": "Index Scan", "Parent Relationship": "Inner", "Scan Direction": "Forward", "Index Name": "movie_id_movie_companies", "Relation Name": "movie_companies", "Alias": "mc", "Startup Cost": 0.0, "Total Cost": 0.35, "Plan Rows": 2, "Plan Width": 12, "Index Cond": "(movie_id = t.id)"}]}, {"Node Type": "Index Scan", "Parent Relationship": "Inner", "Scan Direction": "Forward", "Index Name": "company_name_pkey", "Relation Name": "company_name", "Alias": "cn", "Startup Cost": 0.0, "Total Cost": 0.28, "Plan Rows": 1, "Plan Width": 4, "Index Cond": "(id = mc.company_id)", "Filter": "((country_code)::text = '[us]'::text)"}]}, {"Node Type": "Materialize", "Parent Relationship": "Inner", "Startup Cost": 0.0, "Total Cost": 12.31, "Plan Rows": 3, "Plan Width": 4, "Plans": [{"Node Type": "Index Scan", "Parent Relationship": "Outer", "Scan Direction": "Forward", "Index Name": "company_type_pkey", "Relation Name": "company_type", "Alias": "ct", "Startup Cost": 0.0, "Total Cost": 12.29, "Plan Rows": 3, "Plan Width": 4}]}]}, {"Node Type": "Index Scan", "Parent Relationship": "Inner", "Scan Direction": "Forward", "Index Name": "movie_id_movie_keyword", "Relation Name": "movie_keyword", "Alias": "mk", "Startup Cost": 0.0, "Total Cost": 0.46, "Plan Rows": 8, "Plan Width": 8, "Index Cond": "(movie_id = mc.movie_id)"}]}, {"Node Type": "Index Scan", "Parent Relationship": "Inner", "Scan Direction": "Forward", "Index Name": "keyword_pkey", "Relation Name": "keyword", "Alias": "k", "Startup Cost": 0.0, "Total Cost": 0.27, "Plan Rows": 1, "Plan Width": 4, "Index Cond": "(id = mk.keyword_id)"}]}, {"Node Type": "Index Scan", "Parent Relationship": "Inner", "Scan Direction": "Forward", "Index Name": "movie_id_aka_title", "Relation Name": "aka_title", "Alias": "at", "Startup Cost": 0.0, "Total Cost": 0.32, "Plan Rows": 3, "Plan Width": 25, "Index Cond": "(movie_id = mk.movie_id)"}]}]}, "Unique SQL Id": 2302223328, "Planner Runtime": 41}, "explain_analyze_plan": null}, "(16, 54)": {"explain_plan": {"Plan": {"Node Type": "Aggregate", "Strategy": "Plain", "Startup Cost": 61788.11, "Total Cost": 61788.12, "Plan Rows": 1, "Plan Width": 102, "Plans": [{"Node Type": "Nested Loop", "Parent Relationship": "Outer", "Join Type": "Inner", "Startup Cost": 4.02, "Total Cost": 61753.92, "Plan Rows": 6838, "Plan Width": 38, "Inner Unique": false, "Join Filter": "(t.id = at.movie_id)", "Plans": [{"Node Type": "Nested Loop", "Parent Relationship": "Outer", "Join Type": "Inner", "Startup Cost": 3.74, "Total Cost": 51938.14, "Plan Rows": 2257, "Plan Width": 33, "Inner Unique": true, "Plans": [{"Node Type": "Nested Loop", "Parent Relationship": "Outer", "Join Type": "Inner", "Startup Cost": 3.49, "Total Cost": 42277.6, "Plan Rows": 2257, "Plan Width": 37, "Inner Unique": false, "Join Filter": "(t.id = mk.movie_id)", "Plans": [{"Node Type": "Nested Loop", "Parent Relationship": "Outer", "Join Type": "Inner", "Startup Cost": 3.15, "Total Cost": 41016.02, "Plan Rows": 278, "Plan Width": 29, "Inner Unique": true, "Join Filter": "(mi.movie_id = t.id)", "Plans": [{"Node Type": "Nested Loop", "Parent Relationship": "Outer", "Join Type": "Inner", "Startup Cost": 2.88, "Total Cost": 40151.84, "Plan Rows": 201, "Plan Width": 8, "Inner Unique": true, "Join Filter": "(mc.company_type_id = ct.id)", "Plans": [{"Node Type": "Nested Loop", "Parent Relationship": "Outer", "Join Type": "Inner", "Startup Cost": 2.88, "Total Cost": 40135.27, "Plan Rows": 345, "Plan Width": 12, "Inner Unique": true, "Plans": [{"Node Type": "Nested Loop", "Parent Relationship": "Outer", "Join Type": "Inner", "Startup Cost": 2.62, "Total Cost": 38379.09, "Plan Rows": 410, "Plan Width": 16, "Inner Unique": false, "Plans": [{"Node Type": "Nested Loop", "Parent Relationship": "Outer", "Join Type": "Inner", "Startup Cost": 0.0, "Total Cost": 36344.91, "Plan Rows": 192, "Plan Width": 4, "Inner Unique": false, "Join Filter": "(it1.id = mi.info_type_id)", "Plans": [{"Node Type": "Seq Scan", "Parent Relationship": "Outer", "Relation Name": "info_type", "Alias": "it1", "Startup Cost": 0.0, "Total Cost": 2.4, "Plan Rows": 1, "Plan Width": 4, "Filter": "((info)::text = 'release dates'::text)"}, {"Node Type": "Materialize", "Parent Relationship": "Inner", "Startup Cost": 0.0, "Total Cost": 36208.32, "Plan Rows": 13419, "Plan Width": 8, "Plans": [{"Node Type": "Streaming(type: LOCAL GATHER dop: 1/16)", "Parent Relationship": "Outer", "Startup Cost": 0.0, "Total Cost": 36174.77, "Plan Rows": 13419, "Plan Width": 8, "Plans": [{"Node Type": "Seq Scan", "Parent Relationship": "Outer", "Relation Name": "movie_info", "Alias": "mi", "Startup Cost": 0.0, "Total Cost": 35885.16, "Plan Rows": 13419, "Plan Width": 8, "Filter": "((note)::text ~~ '%internet%'::text)"}]}]}]}, {"Node Type": "Bitmap Heap Scan", "Parent Relationship": "Inner", "Relation Name": "movie_companies", "Alias": "mc", "Startup Cost": 2.62, "Total Cost": 10.57, "Plan Rows": 2, "Plan Width": 12, "Recheck Cond": "(movie_id = mi.movie_id)", "Plans": [{"Node Type": "Bitmap Index Scan", "Parent Relationship": "Outer", "Index Name": "movie_id_movie_companies", "Startup Cost": 0.0, "Total Cost": 2.62, "Plan Rows": 2, "Plan Width": 0, "Index Cond": "(movie_id = mi.movie_id)"}]}]}, {"Node Type": "Bitmap Heap Scan", "Parent Relationship": "Inner", "Relation Name": "company_name", "Alias": "cn", "Startup Cost": 0.26, "Total Cost": 4.27, "Plan Rows": 1, "Plan Width": 4, "Recheck Cond": "(id = mc.company_id)", "Filter": "((country_code)::text = '[us]'::text)", "Plans": [{"Node Type": "Bitmap Index Scan", "Parent Relationship": "Outer", "Index Name": "company_name_pkey", "Startup Cost": 0.0, "Total Cost": 0.26, "Plan Rows": 1, "Plan Width": 0, "Index Cond": "(id = mc.company_id)"}]}]}, {"Node Type": "Materialize", "Parent Relationship": "Inner", "Startup Cost": 0.0, "Total Cost": 1.04, "Plan Rows": 3, "Plan Width": 4, "Plans": [{"Node Type": "Seq Scan", "Parent Relationship": "Outer", "Relation Name": "company_type", "Alias": "ct", "Startup Cost": 0.0, "Total Cost": 1.03, "Plan Rows": 3, "Plan Width": 4}]}]}, {"Node Type": "Bitmap Heap Scan", "Parent Relationship": "Inner", "Relation Name": "title", "Alias": "t", "Startup Cost": 0.27, "Total Cost": 4.29, "Plan Rows": 1, "Plan Width": 21, "Recheck Cond": "(id = mc.movie_id)", "Filter": "(production_year > 1990)", "Plans": [{"Node Type": "Bitmap Index Scan", "Parent Relationship": "Outer", "Index Name": "title_pkey", "Startup Cost": 0.0, "Total Cost": 0.27, "Plan Rows": 1, "Plan Width": 0, "Index Cond": "(id = mc.movie_id)"}]}]}, {"Node Type": "Bitmap Heap Scan", "Parent Relationship": "Inner", "Relation Name": "movie_keyword", "Alias": "mk", "Startup Cost": 0.34, "Total Cost": 4.44, "Plan Rows": 8, "Plan Width": 8, "Recheck Cond": "(movie_id = mc.movie_id)", "Plans": [{"Node Type": "Bitmap Index Scan", "Parent Relationship": "Outer", "Index Name": "movie_id_movie_keyword", "Startup Cost": 0.0, "Total Cost": 0.34, "Plan Rows": 8, "Plan Width": 0, "Index Cond": "(movie_id = mc.movie_id)"}]}]}, {"Node Type": "Bitmap Heap Scan", "Parent Relationship": "Inner", "Relation Name": "keyword", "Alias": "k", "Startup Cost": 0.26, "Total Cost": 4.27, "Plan Rows": 1, "Plan Width": 4, "Recheck Cond": "(id = mk.keyword_id)", "Plans": [{"Node Type": "Bitmap Index Scan", "Parent Relationship": "Outer", "Index Name": "keyword_pkey", "Startup Cost": 0.0, "Total Cost": 0.26, "Plan Rows": 1, "Plan Width": 0, "Index Cond": "(id = mk.keyword_id)"}]}]}, {"Node Type": "Bitmap Heap Scan", "Parent Relationship": "Inner", "Relation Name": "aka_title", "Alias": "at", "Startup Cost": 0.27, "Total Cost": 4.31, "Plan Rows": 3, "Plan Width": 25, "Recheck Cond": "(movie_id = mk.movie_id)", "Plans": [{"Node Type": "Bitmap Index Scan", "Parent Relationship": "Outer", "Index Name": "movie_id_aka_title", "Startup Cost": 0.0, "Total Cost": 0.27, "Plan Rows": 3, "Plan Width": 0, "Index Cond": "(movie_id = mk.movie_id)"}]}]}]}, "Unique SQL Id": 2302223328, "Planner Runtime": 110}, "explain_analyze_plan": {"Plan": {"Node Type": "Aggregate", "Strategy": "Plain", "Startup Cost": 61788.11, "Total Cost": 61788.12, "Plan Rows": 1, "Plan Width": 102, "Actual Min Startup Time": 740.475, "Actual Max Startup Time": 740.475, "Actual Min Total Time": 740.475, "Actual Max Total Time": 740.475, "Plans": [{"Node Type": "Nested Loop", "Parent Relationship": "Outer", "Join Type": "Inner", "Startup Cost": 4.02, "Total Cost": 61753.92, "Plan Rows": 6838, "Plan Width": 38, "Actual Min Startup Time": 296.929, "Actual Max Startup Time": 296.929, "Actual Min Total Time": 737.278, "Actual Max Total Time": 737.278, "Inner Unique": false, "Join Filter": "(t.id = at.movie_id)", "Rows Removed by Join Filter": 0, "Plans": [{"Node Type": "Nested Loop", "Parent Relationship": "Outer", "Join Type": "Inner", "Startup Cost": 3.74, "Total Cost": 51938.14, "Plan Rows": 2257, "Plan Width": 33, "Actual Min Startup Time": 293.265, "Actual Max Startup Time": 293.265, "Actual Min Total Time": 674.89, "Actual Max Total Time": 674.89, "Inner Unique": true, "Plans": [{"Node Type": "Nested Loop", "Parent Relationship": "Outer", "Join Type": "Inner", "Startup Cost": 3.49, "Total Cost": 42277.6, "Plan Rows": 2257, "Plan Width": 37, "Actual Min Startup Time": 293.251, "Actual Max Startup Time": 293.251, "Actual Min Total Time": 592.467, "Actual Max Total Time": 592.467, "Inner Unique": false, "Join Filter": "(t.id = mk.movie_id)", "Rows Removed by Join Filter": 0, "Plans": [{"Node Type": "Nested Loop", "Parent Relationship": "Outer", "Join Type": "Inner", "Startup Cost": 3.15, "Total Cost": 41016.02, "Plan Rows": 278, "Plan Width": 29, "Actual Min Startup Time": 293.18, "Actual Max Startup Time": 293.18, "Actual Min Total Time": 544.972, "Actual Max Total Time": 544.972, "Inner Unique": true, "Join Filter": "(mi.movie_id = t.id)", "Rows Removed by Join Filter": 0, "Plans": [{"Node Type": "Nested Loop", "Parent Relationship": "Outer", "Join Type": "Inner", "Startup Cost": 2.88, "Total Cost": 40151.84, "Plan Rows": 201, "Plan Width": 8, "Actual Min Startup Time": 293.157, "Actual Max Startup Time": 293.157, "Actual Min Total Time": 497.337, "Actual Max Total Time": 497.337, "Inner Unique": true, "Join Filter": "(mc.company_type_id = ct.id)", "Rows Removed by Join Filter": 11874, "Plans": [{"Node Type": "Nested Loop", "Parent Relationship": "Outer", "Join Type": "Inner", "Startup Cost": 2.88, "Total Cost": 40135.27, "Plan Rows": 345, "Plan Width": 12, "Actual Min Startup Time": 293.121, "Actual Max Startup Time": 293.121, "Actual Min Total Time": 488.022, "Actual Max Total Time": 488.022, "Inner Unique": true, "Plans": [{"Node Type": "Nested Loop", "Parent Relationship": "Outer", "Join Type": "Inner", "Startup Cost": 2.62, "Total Cost": 38379.09, "Plan Rows": 410, "Plan Width": 16, "Actual Min Startup Time": 293.071, "Actual Max Startup Time": 293.071, "Actual Min Total Time": 391.184, "Actual Max Total Time": 391.184, "Inner Unique": false, "Plans": [{"Node Type": "Nested Loop", "Parent Relationship": "Outer", "Join Type": "Inner", "Startup Cost": 0.0, "Total Cost": 36344.91, "Plan Rows": 192, "Plan Width": 4, "Actual Min Startup Time": 293.01, "Actual Max Startup Time": 293.01, "Actual Min Total Time": 300.041, "Actual Max Total Time": 300.041, "Inner Unique": false, "Join Filter": "(it1.id = mi.info_type_id)", "Rows Removed by Join Filter": 131, "Plans": [{"Node Type": "Seq Scan", "Parent Relationship": "Outer", "Relation Name": "info_type", "Alias": "it1", "Startup Cost": 0.0, "Total Cost": 2.4, "Plan Rows": 1, "Plan Width": 4, "Actual Min Startup Time": 0.07, "Actual Max Startup Time": 0.07, "Actual Min Total Time": 0.115, "Actual Max Total Time": 0.115, "Filter": "((info)::text = 'release dates'::text)", "Rows Removed by Filter": 111, "Actual Rows": 1}, {"Node Type": "Materialize", "Parent Relationship": "Inner", "Startup Cost": 0.0, "Total Cost": 36208.32, "Plan Rows": 13419, "Plan Width": 8, "Actual Min Startup Time": 292.914, "Actual Max Startup Time": 292.914, "Actual Min Total Time": 294.698, "Actual Max Total Time": 294.698, "Plans": [{"Node Type": "Streaming(type: LOCAL GATHER dop: 1/16)", "Parent Relationship": "Outer", "Startup Cost": 0.0, "Total Cost": 36174.77, "Plan Rows": 13419, "Plan Width": 8, "Actual Min Startup Time": 91.074, "Actual Max Startup Time": 91.074, "Actual Min Total Time": 290.997, "Actual Max Total Time": 290.997, "Plans": [{"Node Type": "Seq Scan", "Parent Relationship": "Outer", "Relation Name": "movie_info", "Alias": "mi", "Startup Cost": 0.0, "Total Cost": 35885.16, "Plan Rows": 13419, "Plan Width": 8, "Actual Min Startup Time": 6.872, "Actual Max Startup Time": 73.199, "Actual Min Total Time": 247.137, "Actual Max Total Time": 275.96, "Filter": "((note)::text ~~ '%internet%'::text)", "Rows Removed by Filter": 14824909, "Actual Rows": 10810}], "Actual Rows": 10810}], "Actual Rows": 10811}], "Actual Rows": 10679}, {"Node Type": "Bitmap Heap Scan", "Parent Relationship": "Inner", "Relation Name": "movie_companies", "Alias": "mc", "Startup Cost": 2.62, "Total Cost": 10.57, "Plan Rows": 2, "Plan Width": 12, "Actual Min Startup Time": 66.04, "Actual Max Startup Time": 66.04, "Actual Min Total Time": 74.929, "Actual Max Total Time": 74.929, "Recheck Cond": "(movie_id = mi.movie_id)", "Rows Removed by Index Recheck": 0, "Exact Heap Blocks": 11702, "Lossy Heap Blocks": 11702, "Plans": [{"Node Type": "Bitmap Index Scan", "Parent Relationship": "Outer", "Index Name": "movie_id_movie_companies", "Startup Cost": 0.0, "Total Cost": 2.62, "Plan Rows": 2, "Plan Width": 0, "Actual Min Startup Time": 42.934, "Actual Max Startup Time": 42.934, "Actual Min Total Time": 42.934, "Actual Max Total Time": 42.934, "Index Cond": "(movie_id = mi.movie_id)", "Actual Rows": 14401}], "Actual Rows": 14401}], "Actual Rows": 14401}, {"Node Type": "Bitmap Heap Scan", "Parent Relationship": "Inner", "Relation Name": "company_name", "Alias": "cn", "Startup Cost": 0.26, "Total Cost": 4.27, "Plan Rows": 1, "Plan Width": 4, "Actual Min Startup Time": 78.423, "Actual Max Startup Time": 78.423, "Actual Min Total Time": 78.423, "Actual Max Total Time": 78.423, "Recheck Cond": "(id = mc.company_id)", "Rows Removed by Index Recheck": 0, "Filter": "((country_code)::text = '[us]'::text)", "Rows Removed by Filter": 4527, "Exact Heap Blocks": 14401, "Lossy Heap Blocks": 14401, "Plans": [{"Node Type": "Bitmap Index Scan", "Parent Relationship": "Outer", "Index Name": "company_name_pkey", "Startup Cost": 0.0, "Total Cost": 0.26, "Plan Rows": 1, "Plan Width": 0, "Actual Min Startup Time": 43.793, "Actual Max Startup Time": 43.793, "Actual Min Total Time": 43.793, "Actual Max Total Time": 43.793, "Index Cond": "(id = mc.company_id)", "Actual Rows": 14401}], "Actual Rows": 9874}], "Actual Rows": 9874}, {"Node Type": "Materialize", "Parent Relationship": "Inner", "Startup Cost": 0.0, "Total Cost": 1.04, "Plan Rows": 3, "Plan Width": 4, "Actual Min Startup Time": 1.364, "Actual Max Startup Time": 1.364, "Actual Min Total Time": 2.437, "Actual Max Total Time": 2.437, "Plans": [{"Node Type": "Seq Scan", "Parent Relationship": "Outer", "Relation Name": "company_type", "Alias": "ct", "Startup Cost": 0.0, "Total Cost": 1.03, "Plan Rows": 3, "Plan Width": 4, "Actual Min Startup Time": 0.007, "Actual Max Startup Time": 0.007, "Actual Min Total Time": 0.01, "Actual Max Total Time": 0.01, "Actual Rows": 3}], "Actual Rows": 17790}], "Actual Rows": 5916}, {"Node Type": "Bitmap Heap Scan", "Parent Relationship": "Inner", "Relation Name": "title", "Alias": "t", "Startup Cost": 0.27, "Total Cost": 4.29, "Plan Rows": 1, "Plan Width": 21, "Actual Min Startup Time": 38.301, "Actual Max Startup Time": 38.301, "Actual Min Total Time": 38.301, "Actual Max Total Time": 38.301, "Recheck Cond": "(id = mc.movie_id)", "Rows Removed by Index Recheck": 0, "Filter": "(production_year > 1990)", "Rows Removed by Filter": 2, "Exact Heap Blocks": 5916, "Lossy Heap Blocks": 5916, "Plans": [{"Node Type": "Bitmap Index Scan", "Parent Relationship": "Outer", "Index Name": "title_pkey", "Startup Cost": 0.0, "Total Cost": 0.27, "Plan Rows": 1, "Plan Width": 0, "Actual Min Startup Time": 22.073, "Actual Max Startup Time": 22.073, "Actual Min Total Time": 22.073, "Actual Max Total Time": 22.073, "Index Cond": "(id = mc.movie_id)", "Actual Rows": 5916}], "Actual Rows": 5914}], "Actual Rows": 5914}, {"Node Type": "Bitmap Heap Scan", "Parent Relationship": "Inner", "Relation Name": "movie_keyword", "Alias": "mk", "Startup Cost": 0.34, "Total Cost": 4.44, "Plan Rows": 8, "Plan Width": 8, "Actual Min Startup Time": 32.223, "Actual Max Startup Time": 32.223, "Actual Min Total Time": 34.393, "Actual Max Total Time": 34.393, "Recheck Cond": "(movie_id = mc.movie_id)", "Rows Removed by Index Recheck": 0, "Exact Heap Blocks": 1896, "Lossy Heap Blocks": 1896, "Plans": [{"Node Type": "Bitmap Index Scan", "Parent Relationship": "Outer", "Index Name": "movie_id_movie_keyword", "Startup Cost": 0.0, "Total Cost": 0.34, "Plan Rows": 8, "Plan Width": 0, "Actual Min Startup Time": 23.915, "Actual Max Startup Time": 23.915, "Actual Min Total Time": 23.915, "Actual Max Total Time": 23.915, "Index Cond": "(movie_id = mc.movie_id)", "Actual Rows": 14161}], "Actual Rows": 14161}], "Actual Rows": 14161}, {"Node Type": "Bitmap Heap Scan", "Parent Relationship": "Inner", "Relation Name": "keyword", "Alias": "k", "Startup Cost": 0.26, "Total Cost": 4.27, "Plan Rows": 1, "Plan Width": 4, "Actual Min Startup Time": 63.8, "Actual Max Startup Time": 63.8, "Actual Min Total Time": 63.8, "Actual Max Total Time": 63.8, "Recheck Cond": "(id = mk.keyword_id)", "Rows Removed by Index Recheck": 0, "Exact Heap Blocks": 14161, "Lossy Heap Blocks": 14161, "Plans": [{"Node Type": "Bitmap Index Scan", "Parent Relationship": "Outer", "Index Name": "keyword_pkey", "Startup Cost": 0.0, "Total Cost": 0.26, "Plan Rows": 1, "Plan Width": 0, "Actual Min Startup Time": 40.148, "Actual Max Startup Time": 40.148, "Actual Min Total Time": 40.148, "Actual Max Total Time": 40.148, "Index Cond": "(id = mk.keyword_id)", "Actual Rows": 14161}], "Actual Rows": 14161}], "Actual Rows": 14161}, {"Node Type": "Bitmap Heap Scan", "Parent Relationship": "Inner", "Relation Name": "aka_title", "Alias": "at", "Startup Cost": 0.27, "Total Cost": 4.31, "Plan Rows": 3, "Plan Width": 25, "Actual Min Startup Time": 43.218, "Actual Max Startup Time": 43.218, "Actual Min Total Time": 45.019, "Actual Max Total Time": 45.019, "Recheck Cond": "(movie_id = mk.movie_id)", "Rows Removed by Index Recheck": 0, "Exact Heap Blocks": 4371, "Lossy Heap Blocks": 4371, "Plans": [{"Node Type": "Bitmap Index Scan", "Parent Relationship": "Outer", "Index Name": "movie_id_aka_title", "Startup Cost": 0.0, "Total Cost": 0.27, "Plan Rows": 3, "Plan Width": 0, "Actual Min Startup Time": 32.894, "Actual Max Startup Time": 32.894, "Actual Min Total Time": 32.894, "Actual Max Total Time": 32.894, "Index Cond": "(movie_id = mk.movie_id)", "Actual Rows": 4371}], "Actual Rows": 4371}], "Actual Rows": 4371}], "Actual Rows": 1}, "Triggers": [], "Planner Runtime": 107, "Total Runtime": 743.811, "Unique SQL Id": 2302223328}}, "(16, 55)": {"explain_plan": {"Plan": {"Node Type": "Aggregate", "Strategy": "Plain", "Startup Cost": 190799.22, "Total Cost": 190799.23, "Plan Rows": 1, "Plan Width": 102, "Plans": [{"Node Type": "Nested Loop", "Parent Relationship": "Outer", "Join Type": "Inner", "Startup Cost": 4854.59, "Total Cost": 190765.03, "Plan Rows": 6838, "Plan Width": 38, "Inner Unique": false, "Join Filter": "(t.id = at.movie_id)", "Plans": [{"Node Type": "Nested Loop", "Parent Relationship": "Outer", "Join Type": "Inner", "Startup Cost": 4854.32, "Total Cost": 180949.25, "Plan Rows": 2257, "Plan Width": 33, "Inner Unique": true, "Plans": [{"Node Type": "Nested Loop", "Parent Relationship": "Outer", "Join Type": "Inner", "Startup Cost": 4854.06, "Total Cost": 171288.7, "Plan Rows": 2257, "Plan Width": 37, "Inner Unique": false, "Join Filter": "(t.id = mk.movie_id)", "Plans": [{"Node Type": "Nested Loop", "Parent Relationship": "Outer", "Join Type": "Inner", "Startup Cost": 4853.72, "Total Cost": 170027.13, "Plan Rows": 278, "Plan Width": 29, "Inner Unique": true, "Join Filter": "(mi.movie_id = t.id)", "Plans": [{"Node Type": "Nested Loop", "Parent Relationship": "Outer", "Join Type": "Inner", "Startup Cost": 4853.45, "Total Cost": 169162.94, "Plan Rows": 201, "Plan Width": 8, "Inner Unique": true, "Plans": [{"Node Type": "Nested Loop", "Parent Relationship": "Outer", "Join Type": "Inner", "Startup Cost": 4853.19, "Total Cost": 167686.26, "Plan Rows": 345, "Plan Width": 12, "Inner Unique": true, "Plans": [{"Node Type": "Nested Loop", "Parent Relationship": "Outer", "Join Type": "Inner", "Startup Cost": 4852.94, "Total Cost": 165930.08, "Plan Rows": 410, "Plan Width": 16, "Inner Unique": false, "Plans": [{"Node Type": "Nested Loop", "Parent Relationship": "Outer", "Join Type": "Inner", "Startup Cost": 4850.32, "Total Cost": 163895.89, "Plan Rows": 192, "Plan Width": 4, "Inner Unique": false, "Plans": [{"Node Type": "Bitmap Heap Scan", "Parent Relationship": "Outer", "Relation Name": "info_type", "Alias": "it1", "Startup Cost": 8.81, "Total Cost": 14.21, "Plan Rows": 1, "Plan Width": 4, "Filter": "((info)::text = 'release dates'::text)", "Plans": [{"Node Type": "Bitmap Index Scan", "Parent Relationship": "Outer", "Index Name": "info_type_pkey", "Startup Cost": 0.0, "Total Cost": 8.81, "Plan Rows": 112, "Plan Width": 0}]}, {"Node Type": "Bitmap Heap Scan", "Parent Relationship": "Inner", "Relation Name": "movie_info", "Alias": "mi", "Startup Cost": 4841.51, "Total Cost": 163879.76, "Plan Rows": 192, "Plan Width": 8, "Recheck Cond": "(info_type_id = it1.id)", "Filter": "((note)::text ~~ '%internet%'::text)", "Plans": [{"Node Type": "Bitmap Index Scan", "Parent Relationship": "Outer", "Index Name": "info_type_id_movie_info", "Startup Cost": 0.0, "Total Cost": 4841.46, "Plan Rows": 212428, "Plan Width": 0, "Index Cond": "(info_type_id = it1.id)"}]}]}, {"Node Type": "Bitmap Heap Scan", "Parent Relationship": "Inner", "Relation Name": "movie_companies", "Alias": "mc", "Startup Cost": 2.62, "Total Cost": 10.57, "Plan Rows": 2, "Plan Width": 12, "Recheck Cond": "(movie_id = mi.movie_id)", "Plans": [{"Node Type": "Bitmap Index Scan", "Parent Relationship": "Outer", "Index Name": "movie_id_movie_companies", "Startup Cost": 0.0, "Total Cost": 2.62, "Plan Rows": 2, "Plan Width": 0, "Index Cond": "(movie_id = mi.movie_id)"}]}]}, {"Node Type": "Bitmap Heap Scan", "Parent Relationship": "Inner", "Relation Name": "company_name", "Alias": "cn", "Startup Cost": 0.26, "Total Cost": 4.27, "Plan Rows": 1, "Plan Width": 4, "Recheck Cond": "(id = mc.company_id)", "Filter": "((country_code)::text = '[us]'::text)", "Plans": [{"Node Type": "Bitmap Index Scan", "Parent Relationship": "Outer", "Index Name": "company_name_pkey", "Startup Cost": 0.0, "Total Cost": 0.26, "Plan Rows": 1, "Plan Width": 0, "Index Cond": "(id = mc.company_id)"}]}]}, {"Node Type": "Bitmap Heap Scan", "Parent Relationship": "Inner", "Relation Name": "company_type", "Alias": "ct", "Startup Cost": 0.26, "Total Cost": 4.27, "Plan Rows": 1, "Plan Width": 4, "Recheck Cond": "(id = mc.company_type_id)", "Plans": [{"Node Type": "Bitmap Index Scan", "Parent Relationship": "Outer", "Index Name": "company_type_pkey", "Startup Cost": 0.0, "Total Cost": 0.26, "Plan Rows": 1, "Plan Width": 0, "Index Cond": "(id = mc.company_type_id)"}]}]}, {"Node Type": "Bitmap Heap Scan", "Parent Relationship": "Inner", "Relation Name": "title", "Alias": "t", "Startup Cost": 0.27, "Total Cost": 4.29, "Plan Rows": 1, "Plan Width": 21, "Recheck Cond": "(id = mc.movie_id)", "Filter": "(production_year > 1990)", "Plans": [{"Node Type": "Bitmap Index Scan", "Parent Relationship": "Outer", "Index Name": "title_pkey", "Startup Cost": 0.0, "Total Cost": 0.27, "Plan Rows": 1, "Plan Width": 0, "Index Cond": "(id = mc.movie_id)"}]}]}, {"Node Type": "Bitmap Heap Scan", "Parent Relationship": "Inner", "Relation Name": "movie_keyword", "Alias": "mk", "Startup Cost": 0.34, "Total Cost": 4.44, "Plan Rows": 8, "Plan Width": 8, "Recheck Cond": "(movie_id = mc.movie_id)", "Plans": [{"Node Type": "Bitmap Index Scan", "Parent Relationship": "Outer", "Index Name": "movie_id_movie_keyword", "Startup Cost": 0.0, "Total Cost": 0.34, "Plan Rows": 8, "Plan Width": 0, "Index Cond": "(movie_id = mc.movie_id)"}]}]}, {"Node Type": "Bitmap Heap Scan", "Parent Relationship": "Inner", "Relation Name": "keyword", "Alias": "k", "Startup Cost": 0.26, "Total Cost": 4.27, "Plan Rows": 1, "Plan Width": 4, "Recheck Cond": "(id = mk.keyword_id)", "Plans": [{"Node Type": "Bitmap Index Scan", "Parent Relationship": "Outer", "Index Name": "keyword_pkey", "Startup Cost": 0.0, "Total Cost": 0.26, "Plan Rows": 1, "Plan Width": 0, "Index Cond": "(id = mk.keyword_id)"}]}]}, {"Node Type": "Bitmap Heap Scan", "Parent Relationship": "Inner", "Relation Name": "aka_title", "Alias": "at", "Startup Cost": 0.27, "Total Cost": 4.31, "Plan Rows": 3, "Plan Width": 25, "Recheck Cond": "(movie_id = mk.movie_id)", "Plans": [{"Node Type": "Bitmap Index Scan", "Parent Relationship": "Outer", "Index Name": "movie_id_aka_title", "Startup Cost": 0.0, "Total Cost": 0.27, "Plan Rows": 3, "Plan Width": 0, "Index Cond": "(movie_id = mk.movie_id)"}]}]}]}, "Unique SQL Id": 2302223328, "Planner Runtime": 47}, "explain_analyze_plan": null}, "(16, 56)": {"explain_plan": {"Plan": {"Node Type": "Aggregate", "Strategy": "Plain", "Startup Cost": 39393.15, "Total Cost": 39393.16, "Plan Rows": 1, "Plan Width": 102, "Plans": [{"Node Type": "Nested Loop", "Parent Relationship": "Outer", "Join Type": "Inner", "Startup Cost": 0.0, "Total Cost": 39358.96, "Plan Rows": 6838, "Plan Width": 38, "Inner Unique": false, "Join Filter": "(t.id = at.movie_id)", "Plans": [{"Node Type": "Nested Loop", "Parent Relationship": "Outer", "Join Type": "Inner", "Startup Cost": 0.0, "Total Cost": 38560.34, "Plan Rows": 2257, "Plan Width": 33, "Inner Unique": true, "Plans": [{"Node Type": "Nested Loop", "Parent Relationship": "Outer", "Join Type": "Inner", "Startup Cost": 0.0, "Total Cost": 37928.36, "Plan Rows": 2257, "Plan Width": 37, "Inner Unique": false, "Join Filter": "(t.id = mk.movie_id)", "Plans": [{"Node Type": "Nested Loop", "Parent Relationship": "Outer", "Join Type": "Inner", "Startup Cost": 0.0, "Total Cost": 37772.01, "Plan Rows": 278, "Plan Width": 29, "Inner Unique": true, "Join Filter": "(mc.company_type_id = ct.id)", "Plans": [{"Node Type": "Nested Loop", "Parent Relationship": "Outer", "Join Type": "Inner", "Startup Cost": 0.0, "Total Cost": 37749.46, "Plan Rows": 478, "Plan Width": 33, "Inner Unique": true, "Plans": [{"Node Type": "Nested Loop", "Parent Relationship": "Outer", "Join Type": "Inner", "Startup Cost": 0.0, "Total Cost": 37586.07, "Plan Rows": 568, "Plan Width": 37, "Inner Unique": false, "Plans": [{"Node Type": "Nested Loop", "Parent Relationship": "Outer", "Join Type": "Inner", "Startup Cost": 0.0, "Total Cost": 37488.22, "Plan Rows": 266, "Plan Width": 25, "Inner Unique": true, "Plans": [{"Node Type": "Nested Loop", "Parent Relationship": "Outer", "Join Type": "Inner", "Startup Cost": 0.0, "Total Cost": 36344.91, "Plan Rows": 192, "Plan Width": 4, "Inner Unique": false, "Join Filter": "(it1.id = mi.info_type_id)", "Plans": [{"Node Type": "Seq Scan", "Parent Relationship": "Outer", "Relation Name": "info_type", "Alias": "it1", "Startup Cost": 0.0, "Total Cost": 2.4, "Plan Rows": 1, "Plan Width": 4, "Filter": "((info)::text = 'release dates'::text)"}, {"Node Type": "Materialize", "Parent Relationship": "Inner", "Startup Cost": 0.0, "Total Cost": 36208.32, "Plan Rows": 13419, "Plan Width": 8, "Plans": [{"Node Type": "Streaming(type: LOCAL GATHER dop: 1/16)", "Parent Relationship": "Outer", "Startup Cost": 0.0, "Total Cost": 36174.77, "Plan Rows": 13419, "Plan Width": 8, "Plans": [{"Node Type": "Seq Scan", "Parent Relationship": "Outer", "Relation Name": "movie_info", "Alias": "mi", "Startup Cost": 0.0, "Total Cost": 35885.16, "Plan Rows": 13419, "Plan Width": 8, "Filter": "((note)::text ~~ '%internet%'::text)"}]}]}]}, {"Node Type": "Index Scan", "Parent Relationship": "Inner", "Scan Direction": "Forward", "Index Name": "title_pkey", "Relation Name": "title", "Alias": "t", "Startup Cost": 0.0, "Total Cost": 5.94, "Plan Rows": 1, "Plan Width": 21, "Index Cond": "(id = mi.movie_id)", "Filter": "(production_year > 1990)"}]}, {"Node Type": "Index Scan", "Parent Relationship": "Inner", "Scan Direction": "Forward", "Index Name": "movie_id_movie_companies", "Relation Name": "movie_companies", "Alias": "mc", "Startup Cost": 0.0, "Total Cost": 0.35, "Plan Rows": 2, "Plan Width": 12, "Index Cond": "(movie_id = t.id)"}]}, {"Node Type": "Index Scan", "Parent Relationship": "Inner", "Scan Direction": "Forward", "Index Name": "company_name_pkey", "Relation Name": "company_name", "Alias": "cn", "Startup Cost": 0.0, "Total Cost": 0.28, "Plan Rows": 1, "Plan Width": 4, "Index Cond": "(id = mc.company_id)", "Filter": "((country_code)::text = '[us]'::text)"}]}, {"Node Type": "Materialize", "Parent Relationship": "Inner", "Startup Cost": 0.0, "Total Cost": 1.04, "Plan Rows": 3, "Plan Width": 4, "Plans": [{"Node Type": "Seq Scan", "Parent Relationship": "Outer", "Relation Name": "company_type", "Alias": "ct", "Startup Cost": 0.0, "Total Cost": 1.03, "Plan Rows": 3, "Plan Width": 4}]}]}, {"Node Type": "Index Scan", "Parent Relationship": "Inner", "Scan Direction": "Forward", "Index Name": "movie_id_movie_keyword", "Relation Name": "movie_keyword", "Alias": "mk", "Startup Cost": 0.0, "Total Cost": 0.46, "Plan Rows": 8, "Plan Width": 8, "Index Cond": "(movie_id = mc.movie_id)"}]}, {"Node Type": "Index Only Scan", "Parent Relationship": "Inner", "Scan Direction": "Forward", "Index Name": "keyword_pkey", "Relation Name": "keyword", "Alias": "k", "Startup Cost": 0.0, "Total Cost": 0.27, "Plan Rows": 1, "Plan Width": 4, "Index Cond": "(id = mk.keyword_id)"}]}, {"Node Type": "Index Scan", "Parent Relationship": "Inner", "Scan Direction": "Forward", "Index Name": "movie_id_aka_title", "Relation Name": "aka_title", "Alias": "at", "Startup Cost": 0.0, "Total Cost": 0.32, "Plan Rows": 3, "Plan Width": 25, "Index Cond": "(movie_id = mk.movie_id)"}]}]}, "Unique SQL Id": 2302223328, "Planner Runtime": 40}, "explain_analyze_plan": {"Plan": {"Node Type": "Aggregate", "Strategy": "Plain", "Startup Cost": 39393.15, "Total Cost": 39393.16, "Plan Rows": 1, "Plan Width": 102, "Actual Min Startup Time": 598.197, "Actual Max Startup Time": 598.197, "Actual Min Total Time": 598.197, "Actual Max Total Time": 598.197, "Plans": [{"Node Type": "Nested Loop", "Parent Relationship": "Outer", "Join Type": "Inner", "Startup Cost": 0.0, "Total Cost": 39358.96, "Plan Rows": 6838, "Plan Width": 38, "Actual Min Startup Time": 275.127, "Actual Max Startup Time": 275.127, "Actual Min Total Time": 595.397, "Actual Max Total Time": 595.397, "Inner Unique": false, "Join Filter": "(t.id = at.movie_id)", "Rows Removed by Join Filter": 0, "Plans": [{"Node Type": "Nested Loop", "Parent Relationship": "Outer", "Join Type": "Inner", "Startup Cost": 0.0, "Total Cost": 38560.34, "Plan Rows": 2257, "Plan Width": 33, "Actual Min Startup Time": 272.372, "Actual Max Startup Time": 272.372, "Actual Min Total Time": 553.667, "Actual Max Total Time": 553.667, "Inner Unique": true, "Plans": [{"Node Type": "Nested Loop", "Parent Relationship": "Outer", "Join Type": "Inner", "Startup Cost": 0.0, "Total Cost": 37928.36, "Plan Rows": 2257, "Plan Width": 37, "Actual Min Startup Time": 272.356, "Actual Max Startup Time": 272.356, "Actual Min Total Time": 507.016, "Actual Max Total Time": 507.016, "Inner Unique": false, "Join Filter": "(t.id = mk.movie_id)", "Rows Removed by Join Filter": 0, "Plans": [{"Node Type": "Nested Loop", "Parent Relationship": "Outer", "Join Type": "Inner", "Startup Cost": 0.0, "Total Cost": 37772.01, "Plan Rows": 278, "Plan Width": 29, "Actual Min Startup Time": 272.308, "Actual Max Startup Time": 272.308, "Actual Min Total Time": 469.422, "Actual Max Total Time": 469.422, "Inner Unique": true, "Join Filter": "(mc.company_type_id = ct.id)", "Rows Removed by Join Filter": 11829, "Plans": [{"Node Type": "Nested Loop", "Parent Relationship": "Outer", "Join Type": "Inner", "Startup Cost": 0.0, "Total Cost": 37749.46, "Plan Rows": 478, "Plan Width": 33, "Actual Min Startup Time": 272.292, "Actual Max Startup Time": 272.292, "Actual Min Total Time": 460.809, "Actual Max Total Time": 460.809, "Inner Unique": true, "Plans": [{"Node Type": "Nested Loop", "Parent Relationship": "Outer", "Join Type": "Inner", "Startup Cost": 0.0, "Total Cost": 37586.07, "Plan Rows": 568, "Plan Width": 37, "Actual Min Startup Time": 272.245, "Actual Max Startup Time": 272.245, "Actual Min Total Time": 393.653, "Actual Max Total Time": 393.653, "Inner Unique": false, "Plans": [{"Node Type": "Nested Loop", "Parent Relationship": "Outer", "Join Type": "Inner", "Startup Cost": 0.0, "Total Cost": 37488.22, "Plan Rows": 266, "Plan Width": 25, "Actual Min Startup Time": 272.231, "Actual Max Startup Time": 272.231, "Actual Min Total Time": 334.841, "Actual Max Total Time": 334.841, "Inner Unique": true, "Plans": [{"Node Type": "Nested Loop", "Parent Relationship": "Outer", "Join Type": "Inner", "Startup Cost": 0.0, "Total Cost": 36344.91, "Plan Rows": 192, "Plan Width": 4, "Actual Min Startup Time": 272.184, "Actual Max Startup Time": 272.184, "Actual Min Total Time": 278.423, "Actual Max Total Time": 278.423, "Inner Unique": false, "Join Filter": "(it1.id = mi.info_type_id)", "Rows Removed by Join Filter": 131, "Plans": [{"Node Type": "Seq Scan", "Parent Relationship": "Outer", "Relation Name": "info_type", "Alias": "it1", "Startup Cost": 0.0, "Total Cost": 2.4, "Plan Rows": 1, "Plan Width": 4, "Actual Min Startup Time": 0.064, "Actual Max Startup Time": 0.064, "Actual Min Total Time": 0.096, "Actual Max Total Time": 0.096, "Filter": "((info)::text = 'release dates'::text)", "Rows Removed by Filter": 111, "Actual Rows": 1}, {"Node Type": "Materialize", "Parent Relationship": "Inner", "Startup Cost": 0.0, "Total Cost": 36208.32, "Plan Rows": 13419, "Plan Width": 8, "Actual Min Startup Time": 272.089, "Actual Max Startup Time": 272.089, "Actual Min Total Time": 273.861, "Actual Max Total Time": 273.861, "Plans": [{"Node Type": "Streaming(type: LOCAL GATHER dop: 1/16)", "Parent Relationship": "Outer", "Startup Cost": 0.0, "Total Cost": 36174.77, "Plan Rows": 13419, "Plan Width": 8, "Actual Min Startup Time": 93.947, "Actual Max Startup Time": 93.947, "Actual Min Total Time": 270.211, "Actual Max Total Time": 270.211, "Plans": [{"Node Type": "Seq Scan", "Parent Relationship": "Outer", "Relation Name": "movie_info", "Alias": "mi", "Startup Cost": 0.0, "Total Cost": 35885.16, "Plan Rows": 13419, "Plan Width": 8, "Actual Min Startup Time": 6.879, "Actual Max Startup Time": 73.183, "Actual Min Total Time": 246.66, "Actual Max Total Time": 253.591, "Filter": "((note)::text ~~ '%internet%'::text)", "Rows Removed by Filter": 14824909, "Actual Rows": 10810}], "Actual Rows": 10810}], "Actual Rows": 10811}], "Actual Rows": 10679}, {"Node Type": "Index Scan", "Parent Relationship": "Inner", "Scan Direction": "Forward", "Index Name": "title_pkey", "Relation Name": "title", "Alias": "t", "Startup Cost": 0.0, "Total Cost": 5.94, "Plan Rows": 1, "Plan Width": 21, "Actual Min Startup Time": 47.832, "Actual Max Startup Time": 47.832, "Actual Min Total Time": 47.832, "Actual Max Total Time": 47.832, "Index Cond": "(id = mi.movie_id)", "Rows Removed by Index Recheck": 0, "Filter": "(production_year > 1990)", "Rows Removed by Filter": 17, "Actual Rows": 10662}], "Actual Rows": 10662}, {"Node Type": "Index Scan", "Parent Relationship": "Inner", "Scan Direction": "Forward", "Index Name": "movie_id_movie_companies", "Relation Name": "movie_companies", "Alias": "mc", "Startup Cost": 0.0, "Total Cost": 0.35, "Plan Rows": 2, "Plan Width": 12, "Actual Min Startup Time": 40.771, "Actual Max Startup Time": 40.771, "Actual Min Total Time": 50.007, "Actual Max Total Time": 50.007, "Index Cond": "(movie_id = t.id)", "Rows Removed by Index Recheck": 0, "Actual Rows": 14377}], "Actual Rows": 14377}, {"Node Type": "Index Scan", "Parent Relationship": "Inner", "Scan Direction": "Forward", "Index Name": "company_name_pkey", "Relation Name": "company_name", "Alias": "cn", "Startup Cost": 0.0, "Total Cost": 0.28, "Plan Rows": 1, "Plan Width": 4, "Actual Min Startup Time": 56.99, "Actual Max Startup Time": 56.99, "Actual Min Total Time": 56.99, "Actual Max Total Time": 56.99, "Index Cond": "(id = mc.company_id)", "Rows Removed by Index Recheck": 0, "Filter": "((country_code)::text = '[us]'::text)", "Rows Removed by Filter": 4520, "Actual Rows": 9857}], "Actual Rows": 9857}, {"Node Type": "Materialize", "Parent Relationship": "Inner", "Startup Cost": 0.0, "Total Cost": 1.04, "Plan Rows": 3, "Plan Width": 4, "Actual Min Startup Time": 1.141, "Actual Max Startup Time": 1.141, "Actual Min Total Time": 2.139, "Actual Max Total Time": 2.139, "Plans": [{"Node Type": "Seq Scan", "Parent Relationship": "Outer", "Relation Name": "company_type", "Alias": "ct", "Startup Cost": 0.0, "Total Cost": 1.03, "Plan Rows": 3, "Plan Width": 4, "Actual Min Startup Time": 0.005, "Actual Max Startup Time": 0.005, "Actual Min Total Time": 0.006, "Actual Max Total Time": 0.006, "Actual Rows": 3}], "Actual Rows": 17743}], "Actual Rows": 5914}, {"Node Type": "Index Scan", "Parent Relationship": "Inner", "Scan Direction": "Forward", "Index Name": "movie_id_movie_keyword", "Relation Name": "movie_keyword", "Alias": "mk", "Startup Cost": 0.0, "Total Cost": 0.46, "Plan Rows": 8, "Plan Width": 8, "Actual Min Startup Time": 22.22, "Actual Max Startup Time": 22.22, "Actual Min Total Time": 28.559, "Actual Max Total Time": 28.559, "Index Cond": "(movie_id = mc.movie_id)", "Rows Removed by Index Recheck": 0, "Actual Rows": 14161}], "Actual Rows": 14161}, {"Node Type": "Index Only Scan", "Parent Relationship": "Inner", "Scan Direction": "Forward", "Index Name": "keyword_pkey", "Relation Name": "keyword", "Alias": "k", "Startup Cost": 0.0, "Total Cost": 0.27, "Plan Rows": 1, "Plan Width": 4, "Actual Min Startup Time": 36.463, "Actual Max Startup Time": 36.463, "Actual Min Total Time": 36.463, "Actual Max Total Time": 36.463, "Index Cond": "(id = mk.keyword_id)", "Rows Removed by Index Recheck": 0, "Heap Fetches": 0, "Actual Rows": 14161}], "Actual Rows": 14161}, {"Node Type": "Index Scan", "Parent Relationship": "Inner", "Scan Direction": "Forward", "Index Name": "movie_id_aka_title", "Relation Name": "aka_title", "Alias": "at", "Startup Cost": 0.0, "Total Cost": 0.32, "Plan Rows": 3, "Plan Width": 25, "Actual Min Startup Time": 31.453, "Actual Max Startup Time": 31.453, "Actual Min Total Time": 33.564, "Actual Max Total Time": 33.564, "Index Cond": "(movie_id = mk.movie_id)", "Rows Removed by Index Recheck": 0, "Actual Rows": 4371}], "Actual Rows": 4371}], "Actual Rows": 1}, "Triggers": [], "Planner Runtime": 40, "Total Runtime": 601.598, "Unique SQL Id": 2302223328}}, "(16, 57)": {"explain_plan": {"Plan": {"Node Type": "Aggregate", "Strategy": "Plain", "Startup Cost": 498755.15, "Total Cost": 498755.16, "Plan Rows": 1, "Plan Width": 102, "Plans": [{"Node Type": "Nested Loop", "Parent Relationship": "Outer", "Join Type": "Inner", "Startup Cost": 0.0, "Total Cost": 498720.96, "Plan Rows": 6838, "Plan Width": 38, "Inner Unique": false, "Join Filter": "(t.id = at.movie_id)", "Plans": [{"Node Type": "Nested Loop", "Parent Relationship": "Outer", "Join Type": "Inner", "Startup Cost": 0.0, "Total Cost": 497922.35, "Plan Rows": 2257, "Plan Width": 33, "Inner Unique": true, "Plans": [{"Node Type": "Nested Loop", "Parent Relationship": "Outer", "Join Type": "Inner", "Startup Cost": 0.0, "Total Cost": 497290.36, "Plan Rows": 2257, "Plan Width": 37, "Inner Unique": false, "Join Filter": "(t.id = mk.movie_id)", "Plans": [{"Node Type": "Nested Loop", "Parent Relationship": "Outer", "Join Type": "Inner", "Startup Cost": 0.0, "Total Cost": 497134.02, "Plan Rows": 278, "Plan Width": 29, "Inner Unique": true, "Join Filter": "(mc.company_type_id = ct.id)", "Plans": [{"Node Type": "Nested Loop", "Parent Relationship": "Outer", "Join Type": "Inner", "Startup Cost": 0.0, "Total Cost": 497104.2, "Plan Rows": 478, "Plan Width": 33, "Inner Unique": true, "Plans": [{"Node Type": "Nested Loop", "Parent Relationship": "Outer", "Join Type": "Inner", "Startup Cost": 0.0, "Total Cost": 496940.81, "Plan Rows": 568, "Plan Width": 37, "Inner Unique": false, "Plans": [{"Node Type": "Nested Loop", "Parent Relationship": "Outer", "Join Type": "Inner", "Startup Cost": 0.0, "Total Cost": 496842.96, "Plan Rows": 266, "Plan Width": 25, "Inner Unique": true, "Plans": [{"Node Type": "Nested Loop", "Parent Relationship": "Outer", "Join Type": "Inner", "Startup Cost": 0.0, "Total Cost": 495699.65, "Plan Rows": 192, "Plan Width": 4, "Inner Unique": false, "Plans": [{"Node Type": "Index Scan", "Parent Relationship": "Outer", "Scan Direction": "Forward", "Index Name": "info_type_pkey", "Relation Name": "info_type", "Alias": "it1", "Startup Cost": 0.0, "Total Cost": 14.21, "Plan Rows": 1, "Plan Width": 4, "Filter": "((info)::text = 'release dates'::text)"}, {"Node Type": "Index Scan", "Parent Relationship": "Inner", "Scan Direction": "Forward", "Index Name": "info_type_id_movie_info", "Relation Name": "movie_info", "Alias": "mi", "Startup Cost": 0.0, "Total Cost": 495683.52, "Plan Rows": 192, "Plan Width": 8, "Index Cond": "(info_type_id = it1.id)", "Filter": "((note)::text ~~ '%internet%'::text)"}]}, {"Node Type": "Index Scan", "Parent Relationship": "Inner", "Scan Direction": "Forward", "Index Name": "title_pkey", "Relation Name": "title", "Alias": "t", "Startup Cost": 0.0, "Total Cost": 5.94, "Plan Rows": 1, "Plan Width": 21, "Index Cond": "(id = mi.movie_id)", "Filter": "(production_year > 1990)"}]}, {"Node Type": "Index Scan", "Parent Relationship": "Inner", "Scan Direction": "Forward", "Index Name": "movie_id_movie_companies", "Relation Name": "movie_companies", "Alias": "mc", "Startup Cost": 0.0, "Total Cost": 0.35, "Plan Rows": 2, "Plan Width": 12, "Index Cond": "(movie_id = t.id)"}]}, {"Node Type": "Index Scan", "Parent Relationship": "Inner", "Scan Direction": "Forward", "Index Name": "company_name_pkey", "Relation Name": "company_name", "Alias": "cn", "Startup Cost": 0.0, "Total Cost": 0.28, "Plan Rows": 1, "Plan Width": 4, "Index Cond": "(id = mc.company_id)", "Filter": "((country_code)::text = '[us]'::text)"}]}, {"Node Type": "Materialize", "Parent Relationship": "Inner", "Startup Cost": 0.0, "Total Cost": 8.31, "Plan Rows": 3, "Plan Width": 4, "Plans": [{"Node Type": "Index Only Scan", "Parent Relationship": "Outer", "Scan Direction": "Forward", "Index Name": "company_type_pkey", "Relation Name": "company_type", "Alias": "ct", "Startup Cost": 0.0, "Total Cost": 8.29, "Plan Rows": 3, "Plan Width": 4}]}]}, {"Node Type": "Index Scan", "Parent Relationship": "Inner", "Scan Direction": "Forward", "Index Name": "movie_id_movie_keyword", "Relation Name": "movie_keyword", "Alias": "mk", "Startup Cost": 0.0, "Total Cost": 0.46, "Plan Rows": 8, "Plan Width": 8, "Index Cond": "(movie_id = mc.movie_id)"}]}, {"Node Type": "Index Only Scan", "Parent Relationship": "Inner", "Scan Direction": "Forward", "Index Name": "keyword_pkey", "Relation Name": "keyword", "Alias": "k", "Startup Cost": 0.0, "Total Cost": 0.27, "Plan Rows": 1, "Plan Width": 4, "Index Cond": "(id = mk.keyword_id)"}]}, {"Node Type": "Index Scan", "Parent Relationship": "Inner", "Scan Direction": "Forward", "Index Name": "movie_id_aka_title", "Relation Name": "aka_title", "Alias": "at", "Startup Cost": 0.0, "Total Cost": 0.32, "Plan Rows": 3, "Plan Width": 25, "Index Cond": "(movie_id = mk.movie_id)"}]}]}, "Unique SQL Id": 2302223328, "Planner Runtime": 37}, "explain_analyze_plan": null}, "(16, 58)": {"explain_plan": {"Plan": {"Node Type": "Aggregate", "Strategy": "Plain", "Startup Cost": 539449.85, "Total Cost": 539449.88, "Plan Rows": 1, "Plan Width": 102, "Plans": [{"Node Type": "Streaming(type: LOCAL GATHER dop: 1/16)", "Parent Relationship": "Outer", "Startup Cost": 539449.85, "Total Cost": 539449.88, "Plan Rows": 1, "Plan Width": 102, "Plans": [{"Node Type": "Aggregate", "Strategy": "Plain", "Parent Relationship": "Outer", "Startup Cost": 539449.85, "Total Cost": 539449.86, "Plan Rows": 1, "Plan Width": 102, "Plans": [{"Node Type": "Nested Loop", "Parent Relationship": "Outer", "Join Type": "Inner", "Startup Cost": 0.0, "Total Cost": 539415.66, "Plan Rows": 6838, "Plan Width": 38, "Inner Unique": false, "Join Filter": "(t.id = at.movie_id)", "Plans": [{"Node Type": "Streaming(type: LOCAL REDISTRIBUTE dop: 16/1)", "Parent Relationship": "Outer", "Startup Cost": 0.0, "Total Cost": 39925.41, "Plan Rows": 361471, "Plan Width": 25, "Plans": [{"Node Type": "Seq Scan", "Parent Relationship": "Outer", "Relation Name": "aka_title", "Alias": "at", "Startup Cost": 0.0, "Total Cost": 9894.71, "Plan Rows": 361471, "Plan Width": 25}]}, {"Node Type": "Materialize", "Parent Relationship": "Inner", "Startup Cost": 0.0, "Total Cost": 451687.48, "Plan Rows": 2257, "Plan Width": 33, "Plans": [{"Node Type": "Streaming(type: LOCAL REDISTRIBUTE dop: 16/16)", "Parent Relationship": "Outer", "Startup Cost": 0.0, "Total Cost": 451686.77, "Plan Rows": 2257, "Plan Width": 33, "Plans": [{"Node Type": "Nested Loop", "Parent Relationship": "Outer", "Join Type": "Inner", "Startup Cost": 0.0, "Total Cost": 436678.22, "Plan Rows": 2257, "Plan Width": 33, "Inner Unique": false, "Join Filter": "(mk.keyword_id = k.id)", "Plans": [{"Node Type": "Streaming(type: LOCAL REDISTRIBUTE dop: 16/1)", "Parent Relationship": "Outer", "Startup Cost": 0.0, "Total Cost": 22679.71, "Plan Rows": 134169, "Plan Width": 4, "Plans": [{"Node Type": "Seq Scan", "Parent Relationship": "Outer", "Relation Name": "keyword", "Alias": "k", "Startup Cost": 0.0, "Total Cost": 2100.69, "Plan Rows": 134169, "Plan Width": 4}]}, {"Node Type": "Materialize", "Parent Relationship": "Inner", "Startup Cost": 0.0, "Total Cost": 396255.54, "Plan Rows": 2257, "Plan Width": 37, "Plans": [{"Node Type": "Streaming(type: LOCAL REDISTRIBUTE dop: 16/16)", "Parent Relationship": "Outer", "Startup Cost": 0.0, "Total Cost": 396254.83, "Plan Rows": 2257, "Plan Width": 37, "Plans": [{"Node Type": "Nested Loop", "Parent Relationship": "Outer", "Join Type": "Inner", "Startup Cost": 0.0, "Total Cost": 381246.28, "Plan Rows": 2257, "Plan Width": 37, "Inner Unique": false, "Join Filter": "(t.id = mk.movie_id)", "Plans": [{"Node Type": "Streaming(type: LOCAL REDISTRIBUTE dop: 16/16)", "Parent Relationship": "Outer", "Startup Cost": 0.0, "Total Cost": 51044.03, "Plan Rows": 4523929, "Plan Width": 8, "Plans": [{"Node Type": "Seq Scan", "Parent Relationship": "Outer", "Relation Name": "movie_keyword", "Alias": "mk", "Startup Cost": 0.0, "Total Cost": 18902.58, "Plan Rows": 4523929, "Plan Width": 8}]}, {"Node Type": "Materialize", "Parent Relationship": "Inner", "Startup Cost": 0.0, "Total Cost": 256511.73, "Plan Rows": 278, "Plan Width": 29, "Plans": [{"Node Type": "Streaming(type: LOCAL REDISTRIBUTE dop: 16/16)", "Parent Relationship": "Outer", "Startup Cost": 0.0, "Total Cost": 256511.65, "Plan Rows": 278, "Plan Width": 29, "Plans": [{"Node Type": "Nested Loop", "Parent Relationship": "Outer", "Join Type": "Inner", "Startup Cost": 0.0, "Total Cost": 241510.59, "Plan Rows": 278, "Plan Width": 29, "Inner Unique": false, "Join Filter": "(mi.movie_id = t.id)", "Plans": [{"Node Type": "Streaming(type: LOCAL REDISTRIBUTE dop: 16/16)", "Parent Relationship": "Outer", "Startup Cost": 0.0, "Total Cost": 40775.83, "Plan Rows": 1748840, "Plan Width": 21, "Plans": [{"Node Type": "Seq Scan", "Parent Relationship": "Outer", "Relation Name": "title", "Alias": "t", "Startup Cost": 0.0, "Total Cost": 19149.37, "Plan Rows": 1748840, "Plan Width": 21, "Filter": "(production_year > 1990), (LLVM Optimized)"}]}, {"Node Type": "Materialize", "Parent Relationship": "Inner", "Startup Cost": 0.0, "Total Cost": 180138.1, "Plan Rows": 201, "Plan Width": 8, "Plans": [{"Node Type": "Streaming(type: LOCAL REDISTRIBUTE dop: 16/1)", "Parent Relationship": "Outer", "Startup Cost": 0.0, "Total Cost": 180138.04, "Plan Rows": 201, "Plan Width": 8, "Plans": [{"Node Type": "Nested Loop", "Parent Relationship": "Outer", "Join Type": "Inner", "Startup Cost": 0.0, "Total Cost": 165129.68, "Plan Rows": 201, "Plan Width": 8, "Inner Unique": true, "Join Filter": "(mc.company_type_id = ct.id)", "Plans": [{"Node Type": "Streaming(type: LOCAL GATHER dop: 1/16)", "Parent Relationship": "Outer", "Startup Cost": 0.0, "Total Cost": 165113.12, "Plan Rows": 345, "Plan Width": 12, "Plans": [{"Node Type": "Nested Loop", "Parent Relationship": "Outer", "Join Type": "Inner", "Startup Cost": 0.0, "Total Cost": 165105.67, "Plan Rows": 345, "Plan Width": 12, "Inner Unique": false, "Join Filter": "(mc.company_id = cn.id)", "Plans": [{"Node Type": "Streaming(type: LOCAL REDISTRIBUTE dop: 16/1)", "Parent Relationship": "Outer", "Startup Cost": 0.0, "Total Cost": 24444.99, "Plan Rows": 85170, "Plan Width": 4, "Plans": [{"Node Type": "Seq Scan", "Parent Relationship": "Outer", "Relation Name": "company_name", "Alias": "cn", "Startup Cost": 0.0, "Total Cost": 5903.45, "Plan Rows": 85170, "Plan Width": 4, "Filter": "((country_code)::text = '[us]'::text)"}]}, {"Node Type": "Materialize", "Parent Relationship": "Inner", "Startup Cost": 0.0, "Total Cost": 138614.67, "Plan Rows": 410, "Plan Width": 16, "Plans": [{"Node Type": "Streaming(type: LOCAL REDISTRIBUTE dop: 16/16)", "Parent Relationship": "Outer", "Startup Cost": 0.0, "Total Cost": 138614.54, "Plan Rows": 410, "Plan Width": 16, "Plans": [{"Node Type": "Nested Loop", "Parent Relationship": "Outer", "Join Type": "Inner", "Startup Cost": 0.0, "Total Cost": 123612.99, "Plan Rows": 410, "Plan Width": 16, "Inner Unique": false, "Join Filter": "(mi.movie_id = mc.movie_id)", "Plans": [{"Node Type": "Streaming(type: LOCAL REDISTRIBUTE dop: 16/1)", "Parent Relationship": "Outer", "Startup Cost": 0.0, "Total Cost": 51352.89, "Plan Rows": 192, "Plan Width": 4, "Plans": [{"Node Type": "Nested Loop", "Parent Relationship": "Outer", "Join Type": "Inner", "Startup Cost": 0.0, "Total Cost": 36344.91, "Plan Rows": 192, "Plan Width": 4, "Inner Unique": false, "Join Filter": "(it1.id = mi.info_type_id)", "Plans": [{"Node Type": "Seq Scan", "Parent Relationship": "Outer", "Relation Name": "info_type", "Alias": "it1", "Startup Cost": 0.0, "Total Cost": 2.4, "Plan Rows": 1, "Plan Width": 4, "Filter": "((info)::text = 'release dates'::text)"}, {"Node Type": "Materialize", "Parent Relationship": "Inner", "Startup Cost": 0.0, "Total Cost": 36208.32, "Plan Rows": 13419, "Plan Width": 8, "Plans": [{"Node Type": "Streaming(type: LOCAL GATHER dop: 1/16)", "Parent Relationship": "Outer", "Startup Cost": 0.0, "Total Cost": 36174.77, "Plan Rows": 13419, "Plan Width": 8, "Plans": [{"Node Type": "Seq Scan", "Parent Relationship": "Outer", "Relation Name": "movie_info", "Alias": "mi", "Startup Cost": 0.0, "Total Cost": 35885.16, "Plan Rows": 13419, "Plan Width": 8, "Filter": "((note)::text ~~ '%internet%'::text)"}]}]}]}]}, {"Node Type": "Materialize", "Parent Relationship": "Inner", "Startup Cost": 0.0, "Total Cost": 43315.08, "Plan Rows": 2609128, "Plan Width": 12, "Plans": [{"Node Type": "Streaming(type: LOCAL REDISTRIBUTE dop: 16/16)", "Parent Relationship": "Outer", "Startup Cost": 0.0, "Total Cost": 42499.73, "Plan Rows": 2609128, "Plan Width": 12, "Plans": [{"Node Type": "Seq Scan", "Parent Relationship": "Outer", "Relation Name": "movie_companies", "Alias": "mc", "Startup Cost": 0.0, "Total Cost": 17613.58, "Plan Rows": 2609128, "Plan Width": 12}]}]}]}]}]}]}]}, {"Node Type": "Materialize", "Parent Relationship": "Inner", "Startup Cost": 0.0, "Total Cost": 1.04, "Plan Rows": 3, "Plan Width": 4, "Plans": [{"Node Type": "Seq Scan", "Parent Relationship": "Outer", "Relation Name": "company_type", "Alias": "ct", "Startup Cost": 0.0, "Total Cost": 1.03, "Plan Rows": 3, "Plan Width": 4}]}]}]}]}]}]}]}]}]}]}]}]}]}]}]}]}]}, "Unique SQL Id": 2302223328, "Planner Runtime": 77}, "explain_analyze_plan": null}, "(16, 59)": {"explain_plan": {"Plan": {"Node Type": "Aggregate", "Strategy": "Plain", "Startup Cost": 9000196009590.57, "Total Cost": 9000196009590.58, "Plan Rows": 1, "Plan Width": 102, "Plans": [{"Node Type": "Nested Loop", "Parent Relationship": "Outer", "Join Type": "Inner", "Startup Cost": 90000000000.0, "Total Cost": 9000196009556.38, "Plan Rows": 6838, "Plan Width": 38, "Inner Unique": false, "Join Filter": "(t.id = at.movie_id)", "Plans": [{"Node Type": "Nested Loop", "Parent Relationship": "Outer", "Join Type": "Inner", "Startup Cost": 80000000000.0, "Total Cost": 8000181781050.87, "Plan Rows": 2257, "Plan Width": 33, "Inner Unique": true, "Join Filter": "(mk.keyword_id = k.id)", "Plans": [{"Node Type": "Nested Loop", "Parent Relationship": "Outer", "Join Type": "Inner", "Startup Cost": 70000000000.0, "Total Cost": 7000177032345.45, "Plan Rows": 2257, "Plan Width": 37, "Inner Unique": false, "Join Filter": "(t.id = mk.movie_id)", "Plans": [{"Node Type": "Index Scan", "Parent Relationship": "Outer", "Scan Direction": "Forward", "Index Name": "movie_id_movie_keyword", "Relation Name": "movie_keyword", "Alias": "mk", "Startup Cost": 10000000000.0, "Total Cost": 1000015300634.17, "Plan Rows": 4523929, "Plan Width": 8}, {"Node Type": "Materialize", "Parent Relationship": "Inner", "Startup Cost": 60000000000.0, "Total Cost": 6000142866928.05, "Plan Rows": 278, "Plan Width": 29, "Plans": [{"Node Type": "Nested Loop", "Parent Relationship": "Outer", "Join Type": "Inner", "Startup Cost": 60000000000.0, "Total Cost": 6000142866926.66, "Plan Rows": 278, "Plan Width": 29, "Inner Unique": false, "Join Filter": "(mi.movie_id = t.id)", "Plans": [{"Node Type": "Index Scan", "Parent Relationship": "Outer", "Scan Direction": "Forward", "Index Name": "title_pkey", "Relation Name": "title", "Alias": "t", "Startup Cost": 10000000000.0, "Total Cost": 1000011644126.66, "Plan Rows": 1748840, "Plan Width": 21, "Filter": "(production_year > 1990), (LLVM Optimized)"}, {"Node Type": "Materialize", "Parent Relationship": "Inner", "Startup Cost": 50000000000.0, "Total Cost": 5000125950047.9, "Plan Rows": 201, "Plan Width": 8, "Plans": [{"Node Type": "Nested Loop", "Parent Relationship": "Outer", "Join Type": "Inner", "Startup Cost": 50000000000.0, "Total Cost": 5000125950046.89, "Plan Rows": 201, "Plan Width": 8, "Inner Unique": true, "Join Filter": "(mc.company_type_id = ct.id)", "Plans": [{"Node Type": "Nested Loop", "Parent Relationship": "Outer", "Join Type": "Inner", "Startup Cost": 40000000000.0, "Total Cost": 4000125949201.86, "Plan Rows": 345, "Plan Width": 12, "Inner Unique": true, "Join Filter": "(mc.company_id = cn.id)", "Plans": [{"Node Type": "Nested Loop", "Parent Relationship": "Outer", "Join Type": "Inner", "Startup Cost": 30000000000.0, "Total Cost": 3000124375054.46, "Plan Rows": 410, "Plan Width": 16, "Inner Unique": false, "Join Filter": "(mi.movie_id = mc.movie_id)", "Plans": [{"Node Type": "Nested Loop", "Parent Relationship": "Outer", "Join Type": "Inner", "Startup Cost": 20000000000.0, "Total Cost": 2000107536026.0, "Plan Rows": 192, "Plan Width": 4, "Inner Unique": true, "Join Filter": "(it1.id = mi.info_type_id)", "Plans": [{"Node Type": "Index Scan", "Parent Relationship": "Outer", "Scan Direction": "Forward", "Index Name": "movie_id_movie_info", "Relation Name": "movie_info", "Alias": "mi", "Startup Cost": 10000000000.0, "Total Cost": 1000107534403.72, "Plan Rows": 13419, "Plan Width": 8, "Filter": "((note)::text ~~ '%internet%'::text)"}, {"Node Type": "Materialize", "Parent Relationship": "Inner", "Startup Cost": 10000000000.0, "Total Cost": 1000000001421.0, "Plan Rows": 1, "Plan Width": 4, "Plans": [{"Node Type": "Index Scan", "Parent Relationship": "Outer", "Scan Direction": "Forward", "Index Name": "info_type_pkey", "Relation Name": "info_type", "Alias": "it1", "Startup Cost": 10000000000.0, "Total Cost": 1000000001421.0, "Plan Rows": 1, "Plan Width": 4, "Filter": "((info)::text = 'release dates'::text)"}]}]}, {"Node Type": "Materialize", "Parent Relationship": "Inner", "Startup Cost": 10000000000.0, "Total Cost": 1000009331262.64, "Plan Rows": 2609128, "Plan Width": 12, "Plans": [{"Node Type": "Index Scan", "Parent Relationship": "Outer", "Scan Direction": "Forward", "Index Name": "company_type_id_movie_companies", "Relation Name": "movie_companies", "Alias": "mc", "Startup Cost": 10000000000.0, "Total Cost": 1000009318217.0, "Plan Rows": 2609128, "Plan Width": 12}]}]}, {"Node Type": "Materialize", "Parent Relationship": "Inner", "Startup Cost": 10000000000.0, "Total Cost": 1000001050564.82, "Plan Rows": 85170, "Plan Width": 4, "Plans": [{"Node Type": "Index Scan", "Parent Relationship": "Outer", "Scan Direction": "Forward", "Index Name": "company_name_pkey", "Relation Name": "company_name", "Alias": "cn", "Startup Cost": 10000000000.0, "Total Cost": 1000001050138.97, "Plan Rows": 85170, "Plan Width": 4, "Filter": "((country_code)::text = '[us]'::text)"}]}]}, {"Node Type": "Materialize", "Parent Relationship": "Inner", "Startup Cost": 10000000000.0, "Total Cost": 1000000000829.52, "Plan Rows": 3, "Plan Width": 4, "Plans": [{"Node Type": "Index Only Scan", "Parent Relationship": "Outer", "Scan Direction": "Forward", "Index Name": "company_type_pkey", "Relation Name": "company_type", "Alias": "ct", "Startup Cost": 10000000000.0, "Total Cost": 1000000000829.5, "Plan Rows": 3, "Plan Width": 4}]}]}]}]}]}]}, {"Node Type": "Materialize", "Parent Relationship": "Inner", "Startup Cost": 10000000000.0, "Total Cost": 1000000206749.34, "Plan Rows": 134169, "Plan Width": 4, "Plans": [{"Node Type": "Index Only Scan", "Parent Relationship": "Outer", "Scan Direction": "Forward", "Index Name": "keyword_pkey", "Relation Name": "keyword", "Alias": "k", "Startup Cost": 10000000000.0, "Total Cost": 1000000206078.5, "Plan Rows": 134169, "Plan Width": 4}]}]}, {"Node Type": "Materialize", "Parent Relationship": "Inner", "Startup Cost": 10000000000.0, "Total Cost": 1000001991808.49, "Plan Rows": 361471, "Plan Width": 25, "Plans": [{"Node Type": "Index Scan", "Parent Relationship": "Outer", "Scan Direction": "Forward", "Index Name": "movie_id_aka_title", "Relation Name": "aka_title", "Alias": "at", "Startup Cost": 10000000000.0, "Total Cost": 1000001990001.13, "Plan Rows": 361471, "Plan Width": 25}]}]}]}, "Unique SQL Id": 2302223328, "Planner Runtime": 35}, "explain_analyze_plan": null}, "(16, 60)": {"explain_plan": {"Plan": {"Node Type": "Aggregate", "Strategy": "Plain", "Startup Cost": 39394.67, "Total Cost": 39394.68, "Plan Rows": 1, "Plan Width": 102, "Plans": [{"Node Type": "Nested Loop", "Parent Relationship": "Outer", "Join Type": "Inner", "Startup Cost": 0.0, "Total Cost": 39360.48, "Plan Rows": 6838, "Plan Width": 38, "Inner Unique": false, "Join Filter": "(t.id = at.movie_id)", "Plans": [{"Node Type": "Nested Loop", "Parent Relationship": "Outer", "Join Type": "Inner", "Startup Cost": 0.0, "Total Cost": 38561.86, "Plan Rows": 2257, "Plan Width": 33, "Inner Unique": true, "Plans": [{"Node Type": "Nested Loop", "Parent Relationship": "Outer", "Join Type": "Inner", "Startup Cost": 0.0, "Total Cost": 37928.36, "Plan Rows": 2257, "Plan Width": 37, "Inner Unique": false, "Join Filter": "(t.id = mk.movie_id)", "Plans": [{"Node Type": "Nested Loop", "Parent Relationship": "Outer", "Join Type": "Inner", "Startup Cost": 0.0, "Total Cost": 37772.01, "Plan Rows": 278, "Plan Width": 29, "Inner Unique": true, "Join Filter": "(mc.company_type_id = ct.id)", "Plans": [{"Node Type": "Nested Loop", "Parent Relationship": "Outer", "Join Type": "Inner", "Startup Cost": 0.0, "Total Cost": 37749.46, "Plan Rows": 478, "Plan Width": 33, "Inner Unique": true, "Plans": [{"Node Type": "Nested Loop", "Parent Relationship": "Outer", "Join Type": "Inner", "Startup Cost": 0.0, "Total Cost": 37586.07, "Plan Rows": 568, "Plan Width": 37, "Inner Unique": false, "Plans": [{"Node Type": "Nested Loop", "Parent Relationship": "Outer", "Join Type": "Inner", "Startup Cost": 0.0, "Total Cost": 37488.22, "Plan Rows": 266, "Plan Width": 25, "Inner Unique": true, "Plans": [{"Node Type": "Nested Loop", "Parent Relationship": "Outer", "Join Type": "Inner", "Startup Cost": 0.0, "Total Cost": 36344.91, "Plan Rows": 192, "Plan Width": 4, "Inner Unique": false, "Join Filter": "(it1.id = mi.info_type_id)", "Plans": [{"Node Type": "Seq Scan", "Parent Relationship": "Outer", "Relation Name": "info_type", "Alias": "it1", "Startup Cost": 0.0, "Total Cost": 2.4, "Plan Rows": 1, "Plan Width": 4, "Filter": "((info)::text = 'release dates'::text)"}, {"Node Type": "Materialize", "Parent Relationship": "Inner", "Startup Cost": 0.0, "Total Cost": 36208.32, "Plan Rows": 13419, "Plan Width": 8, "Plans": [{"Node Type": "Streaming(type: LOCAL GATHER dop: 1/16)", "Parent Relationship": "Outer", "Startup Cost": 0.0, "Total Cost": 36174.77, "Plan Rows": 13419, "Plan Width": 8, "Plans": [{"Node Type": "Seq Scan", "Parent Relationship": "Outer", "Relation Name": "movie_info", "Alias": "mi", "Startup Cost": 0.0, "Total Cost": 35885.16, "Plan Rows": 13419, "Plan Width": 8, "Filter": "((note)::text ~~ '%internet%'::text)"}]}]}]}, {"Node Type": "Index Scan", "Parent Relationship": "Inner", "Scan Direction": "Forward", "Index Name": "title_pkey", "Relation Name": "title", "Alias": "t", "Startup Cost": 0.0, "Total Cost": 5.94, "Plan Rows": 1, "Plan Width": 21, "Index Cond": "(id = mi.movie_id)", "Filter": "(production_year > 1990)"}]}, {"Node Type": "Index Scan", "Parent Relationship": "Inner", "Scan Direction": "Forward", "Index Name": "movie_id_movie_companies", "Relation Name": "movie_companies", "Alias": "mc", "Startup Cost": 0.0, "Total Cost": 0.35, "Plan Rows": 2, "Plan Width": 12, "Index Cond": "(movie_id = t.id)"}]}, {"Node Type": "Index Scan", "Parent Relationship": "Inner", "Scan Direction": "Forward", "Index Name": "company_name_pkey", "Relation Name": "company_name", "Alias": "cn", "Startup Cost": 0.0, "Total Cost": 0.28, "Plan Rows": 1, "Plan Width": 4, "Index Cond": "(id = mc.company_id)", "Filter": "((country_code)::text = '[us]'::text)"}]}, {"Node Type": "Materialize", "Parent Relationship": "Inner", "Startup Cost": 0.0, "Total Cost": 1.04, "Plan Rows": 3, "Plan Width": 4, "Plans": [{"Node Type": "Seq Scan", "Parent Relationship": "Outer", "Relation Name": "company_type", "Alias": "ct", "Startup Cost": 0.0, "Total Cost": 1.03, "Plan Rows": 3, "Plan Width": 4}]}]}, {"Node Type": "Index Scan", "Parent Relationship": "Inner", "Scan Direction": "Forward", "Index Name": "movie_id_movie_keyword", "Relation Name": "movie_keyword", "Alias": "mk", "Startup Cost": 0.0, "Total Cost": 0.46, "Plan Rows": 8, "Plan Width": 8, "Index Cond": "(movie_id = mc.movie_id)"}]}, {"Node Type": "Index Scan", "Parent Relationship": "Inner", "Scan Direction": "Forward", "Index Name": "keyword_pkey", "Relation Name": "keyword", "Alias": "k", "Startup Cost": 0.0, "Total Cost": 0.27, "Plan Rows": 1, "Plan Width": 4, "Index Cond": "(id = mk.keyword_id)"}]}, {"Node Type": "Index Scan", "Parent Relationship": "Inner", "Scan Direction": "Forward", "Index Name": "movie_id_aka_title", "Relation Name": "aka_title", "Alias": "at", "Startup Cost": 0.0, "Total Cost": 0.32, "Plan Rows": 3, "Plan Width": 25, "Index Cond": "(movie_id = mk.movie_id)"}]}]}, "Unique SQL Id": 2302223328, "Planner Runtime": 41}, "explain_analyze_plan": {"Plan": {"Node Type": "Aggregate", "Strategy": "Plain", "Startup Cost": 39394.67, "Total Cost": 39394.68, "Plan Rows": 1, "Plan Width": 102, "Actual Min Startup Time": 623.808, "Actual Max Startup Time": 623.808, "Actual Min Total Time": 623.809, "Actual Max Total Time": 623.809, "Plans": [{"Node Type": "Nested Loop", "Parent Relationship": "Outer", "Join Type": "Inner", "Startup Cost": 0.0, "Total Cost": 39360.48, "Plan Rows": 6838, "Plan Width": 38, "Actual Min Startup Time": 277.172, "Actual Max Startup Time": 277.172, "Actual Min Total Time": 621.009, "Actual Max Total Time": 621.009, "Inner Unique": false, "Join Filter": "(t.id = at.movie_id)", "Rows Removed by Join Filter": 0, "Plans": [{"Node Type": "Nested Loop", "Parent Relationship": "Outer", "Join Type": "Inner", "Startup Cost": 0.0, "Total Cost": 38561.86, "Plan Rows": 2257, "Plan Width": 33, "Actual Min Startup Time": 268.787, "Actual Max Startup Time": 268.787, "Actual Min Total Time": 578.009, "Actual Max Total Time": 578.009, "Inner Unique": true, "Plans": [{"Node Type": "Nested Loop", "Parent Relationship": "Outer", "Join Type": "Inner", "Startup Cost": 0.0, "Total Cost": 37928.36, "Plan Rows": 2257, "Plan Width": 37, "Actual Min Startup Time": 268.77, "Actual Max Startup Time": 268.77, "Actual Min Total Time": 516.351, "Actual Max Total Time": 516.351, "Inner Unique": false, "Join Filter": "(t.id = mk.movie_id)", "Rows Removed by Join Filter": 0, "Plans": [{"Node Type": "Nested Loop", "Parent Relationship": "Outer", "Join Type": "Inner", "Startup Cost": 0.0, "Total Cost": 37772.01, "Plan Rows": 278, "Plan Width": 29, "Actual Min Startup Time": 268.754, "Actual Max Startup Time": 268.754, "Actual Min Total Time": 477.041, "Actual Max Total Time": 477.041, "Inner Unique": true, "Join Filter": "(mc.company_type_id = ct.id)", "Rows Removed by Join Filter": 11829, "Plans": [{"Node Type": "Nested Loop", "Parent Relationship": "Outer", "Join Type": "Inner", "Startup Cost": 0.0, "Total Cost": 37749.46, "Plan Rows": 478, "Plan Width": 33, "Actual Min Startup Time": 268.72, "Actual Max Startup Time": 268.72, "Actual Min Total Time": 468.562, "Actual Max Total Time": 468.562, "Inner Unique": true, "Plans": [{"Node Type": "Nested Loop", "Parent Relationship": "Outer", "Join Type": "Inner", "Startup Cost": 0.0, "Total Cost": 37586.07, "Plan Rows": 568, "Plan Width": 37, "Actual Min Startup Time": 268.703, "Actual Max Startup Time": 268.703, "Actual Min Total Time": 397.481, "Actual Max Total Time": 397.481, "Inner Unique": false, "Plans": [{"Node Type": "Nested Loop", "Parent Relationship": "Outer", "Join Type": "Inner", "Startup Cost": 0.0, "Total Cost": 37488.22, "Plan Rows": 266, "Plan Width": 25, "Actual Min Startup Time": 268.687, "Actual Max Startup Time": 268.687, "Actual Min Total Time": 334.934, "Actual Max Total Time": 334.934, "Inner Unique": true, "Plans": [{"Node Type": "Nested Loop", "Parent Relationship": "Outer", "Join Type": "Inner", "Startup Cost": 0.0, "Total Cost": 36344.91, "Plan Rows": 192, "Plan Width": 4, "Actual Min Startup Time": 268.642, "Actual Max Startup Time": 268.642, "Actual Min Total Time": 274.75, "Actual Max Total Time": 274.75, "Inner Unique": false, "Join Filter": "(it1.id = mi.info_type_id)", "Rows Removed by Join Filter": 131, "Plans": [{"Node Type": "Seq Scan", "Parent Relationship": "Outer", "Relation Name": "info_type", "Alias": "it1", "Startup Cost": 0.0, "Total Cost": 2.4, "Plan Rows": 1, "Plan Width": 4, "Actual Min Startup Time": 0.069, "Actual Max Startup Time": 0.069, "Actual Min Total Time": 0.102, "Actual Max Total Time": 0.102, "Filter": "((info)::text = 'release dates'::text)", "Rows Removed by Filter": 111, "Actual Rows": 1}, {"Node Type": "Materialize", "Parent Relationship": "Inner", "Startup Cost": 0.0, "Total Cost": 36208.32, "Plan Rows": 13419, "Plan Width": 8, "Actual Min Startup Time": 268.549, "Actual Max Startup Time": 268.549, "Actual Min Total Time": 270.213, "Actual Max Total Time": 270.213, "Plans": [{"Node Type": "Streaming(type: LOCAL GATHER dop: 1/16)", "Parent Relationship": "Outer", "Startup Cost": 0.0, "Total Cost": 36174.77, "Plan Rows": 13419, "Plan Width": 8, "Actual Min Startup Time": 91.705, "Actual Max Startup Time": 91.705, "Actual Min Total Time": 266.805, "Actual Max Total Time": 266.805, "Plans": [{"Node Type": "Seq Scan", "Parent Relationship": "Outer", "Relation Name": "movie_info", "Alias": "mi", "Startup Cost": 0.0, "Total Cost": 35885.16, "Plan Rows": 13419, "Plan Width": 8, "Actual Min Startup Time": 6.923, "Actual Max Startup Time": 73.32, "Actual Min Total Time": 247.425, "Actual Max Total Time": 254.705, "Filter": "((note)::text ~~ '%internet%'::text)", "Rows Removed by Filter": 14824909, "Actual Rows": 10810}], "Actual Rows": 10810}], "Actual Rows": 10811}], "Actual Rows": 10679}, {"Node Type": "Index Scan", "Parent Relationship": "Inner", "Scan Direction": "Forward", "Index Name": "title_pkey", "Relation Name": "title", "Alias": "t", "Startup Cost": 0.0, "Total Cost": 5.94, "Plan Rows": 1, "Plan Width": 21, "Actual Min Startup Time": 51.52, "Actual Max Startup Time": 51.52, "Actual Min Total Time": 51.52, "Actual Max Total Time": 51.52, "Index Cond": "(id = mi.movie_id)", "Rows Removed by Index Recheck": 0, "Filter": "(production_year > 1990)", "Rows Removed by Filter": 17, "Actual Rows": 10662}], "Actual Rows": 10662}, {"Node Type": "Index Scan", "Parent Relationship": "Inner", "Scan Direction": "Forward", "Index Name": "movie_id_movie_companies", "Relation Name": "movie_companies", "Alias": "mc", "Startup Cost": 0.0, "Total Cost": 0.35, "Plan Rows": 2, "Plan Width": 12, "Actual Min Startup Time": 43.413, "Actual Max Startup Time": 43.413, "Actual Min Total Time": 53.672, "Actual Max Total Time": 53.672, "Index Cond": "(movie_id = t.id)", "Rows Removed by Index Recheck": 0, "Actual Rows": 14377}], "Actual Rows": 14377}, {"Node Type": "Index Scan", "Parent Relationship": "Inner", "Scan Direction": "Forward", "Index Name": "company_name_pkey", "Relation Name": "company_name", "Alias": "cn", "Startup Cost": 0.0, "Total Cost": 0.28, "Plan Rows": 1, "Plan Width": 4, "Actual Min Startup Time": 60.499, "Actual Max Startup Time": 60.499, "Actual Min Total Time": 60.499, "Actual Max Total Time": 60.499, "Index Cond": "(id = mc.company_id)", "Rows Removed by Index Recheck": 0, "Filter": "((country_code)::text = '[us]'::text)", "Rows Removed by Filter": 4520, "Actual Rows": 9857}], "Actual Rows": 9857}, {"Node Type": "Materialize", "Parent Relationship": "Inner", "Startup Cost": 0.0, "Total Cost": 1.04, "Plan Rows": 3, "Plan Width": 4, "Actual Min Startup Time": 1.043, "Actual Max Startup Time": 1.043, "Actual Min Total Time": 2.118, "Actual Max Total Time": 2.118, "Plans": [{"Node Type": "Seq Scan", "Parent Relationship": "Outer", "Relation Name": "company_type", "Alias": "ct", "Startup Cost": 0.0, "Total Cost": 1.03, "Plan Rows": 3, "Plan Width": 4, "Actual Min Startup Time": 0.006, "Actual Max Startup Time": 0.006, "Actual Min Total Time": 0.008, "Actual Max Total Time": 0.008, "Actual Rows": 3}], "Actual Rows": 17743}], "Actual Rows": 5914}, {"Node Type": "Index Scan", "Parent Relationship": "Inner", "Scan Direction": "Forward", "Index Name": "movie_id_movie_keyword", "Relation Name": "movie_keyword", "Alias": "mk", "Startup Cost": 0.0, "Total Cost": 0.46, "Plan Rows": 8, "Plan Width": 8, "Actual Min Startup Time": 24.127, "Actual Max Startup Time": 24.127, "Actual Min Total Time": 30.441, "Actual Max Total Time": 30.441, "Index Cond": "(movie_id = mc.movie_id)", "Rows Removed by Index Recheck": 0, "Actual Rows": 14161}], "Actual Rows": 14161}, {"Node Type": "Index Scan", "Parent Relationship": "Inner", "Scan Direction": "Forward", "Index Name": "keyword_pkey", "Relation Name": "keyword", "Alias": "k", "Startup Cost": 0.0, "Total Cost": 0.27, "Plan Rows": 1, "Plan Width": 4, "Actual Min Startup Time": 50.103, "Actual Max Startup Time": 50.103, "Actual Min Total Time": 50.103, "Actual Max Total Time": 50.103, "Index Cond": "(id = mk.keyword_id)", "Rows Removed by Index Recheck": 0, "Actual Rows": 14161}], "Actual Rows": 14161}, {"Node Type": "Index Scan", "Parent Relationship": "Inner", "Scan Direction": "Forward", "Index Name": "movie_id_aka_title", "Relation Name": "aka_title", "Alias": "at", "Startup Cost": 0.0, "Total Cost": 0.32, "Plan Rows": 3, "Plan Width": 25, "Actual Min Startup Time": 31.922, "Actual Max Startup Time": 31.922, "Actual Min Total Time": 34.203, "Actual Max Total Time": 34.203, "Index Cond": "(movie_id = mk.movie_id)", "Rows Removed by Index Recheck": 0, "Actual Rows": 4371}], "Actual Rows": 4371}], "Actual Rows": 1}, "Triggers": [], "Planner Runtime": 40, "Total Runtime": 627.494, "Unique SQL Id": 2302223328}}, "(16, 61)": {"explain_plan": {"Plan": {"Node Type": "Aggregate", "Strategy": "Plain", "Startup Cost": 498760.67, "Total Cost": 498760.68, "Plan Rows": 1, "Plan Width": 102, "Plans": [{"Node Type": "Nested Loop", "Parent Relationship": "Outer", "Join Type": "Inner", "Startup Cost": 0.0, "Total Cost": 498726.48, "Plan Rows": 6838, "Plan Width": 38, "Inner Unique": false, "Join Filter": "(t.id = at.movie_id)", "Plans": [{"Node Type": "Nested Loop", "Parent Relationship": "Outer", "Join Type": "Inner", "Startup Cost": 0.0, "Total Cost": 497927.86, "Plan Rows": 2257, "Plan Width": 33, "Inner Unique": true, "Plans": [{"Node Type": "Nested Loop", "Parent Relationship": "Outer", "Join Type": "Inner", "Startup Cost": 0.0, "Total Cost": 497294.36, "Plan Rows": 2257, "Plan Width": 37, "Inner Unique": false, "Join Filter": "(t.id = mk.movie_id)", "Plans": [{"Node Type": "Nested Loop", "Parent Relationship": "Outer", "Join Type": "Inner", "Startup Cost": 0.0, "Total Cost": 497138.02, "Plan Rows": 278, "Plan Width": 29, "Inner Unique": true, "Join Filter": "(mc.company_type_id = ct.id)", "Plans": [{"Node Type": "Nested Loop", "Parent Relationship": "Outer", "Join Type": "Inner", "Startup Cost": 0.0, "Total Cost": 497104.2, "Plan Rows": 478, "Plan Width": 33, "Inner Unique": true, "Plans": [{"Node Type": "Nested Loop", "Parent Relationship": "Outer", "Join Type": "Inner", "Startup Cost": 0.0, "Total Cost": 496940.81, "Plan Rows": 568, "Plan Width": 37, "Inner Unique": false, "Plans": [{"Node Type": "Nested Loop", "Parent Relationship": "Outer", "Join Type": "Inner", "Startup Cost": 0.0, "Total Cost": 496842.96, "Plan Rows": 266, "Plan Width": 25, "Inner Unique": true, "Plans": [{"Node Type": "Nested Loop", "Parent Relationship": "Outer", "Join Type": "Inner", "Startup Cost": 0.0, "Total Cost": 495699.65, "Plan Rows": 192, "Plan Width": 4, "Inner Unique": false, "Plans": [{"Node Type": "Index Scan", "Parent Relationship": "Outer", "Scan Direction": "Forward", "Index Name": "info_type_pkey", "Relation Name": "info_type", "Alias": "it1", "Startup Cost": 0.0, "Total Cost": 14.21, "Plan Rows": 1, "Plan Width": 4, "Filter": "((info)::text = 'release dates'::text)"}, {"Node Type": "Index Scan", "Parent Relationship": "Inner", "Scan Direction": "Forward", "Index Name": "info_type_id_movie_info", "Relation Name": "movie_info", "Alias": "mi", "Startup Cost": 0.0, "Total Cost": 495683.52, "Plan Rows": 192, "Plan Width": 8, "Index Cond": "(info_type_id = it1.id)", "Filter": "((note)::text ~~ '%internet%'::text)"}]}, {"Node Type": "Index Scan", "Parent Relationship": "Inner", "Scan Direction": "Forward", "Index Name": "title_pkey", "Relation Name": "title", "Alias": "t", "Startup Cost": 0.0, "Total Cost": 5.94, "Plan Rows": 1, "Plan Width": 21, "Index Cond": "(id = mi.movie_id)", "Filter": "(production_year > 1990)"}]}, {"Node Type": "Index Scan", "Parent Relationship": "Inner", "Scan Direction": "Forward", "Index Name": "movie_id_movie_companies", "Relation Name": "movie_companies", "Alias": "mc", "Startup Cost": 0.0, "Total Cost": 0.35, "Plan Rows": 2, "Plan Width": 12, "Index Cond": "(movie_id = t.id)"}]}, {"Node Type": "Index Scan", "Parent Relationship": "Inner", "Scan Direction": "Forward", "Index Name": "company_name_pkey", "Relation Name": "company_name", "Alias": "cn", "Startup Cost": 0.0, "Total Cost": 0.28, "Plan Rows": 1, "Plan Width": 4, "Index Cond": "(id = mc.company_id)", "Filter": "((country_code)::text = '[us]'::text)"}]}, {"Node Type": "Materialize", "Parent Relationship": "Inner", "Startup Cost": 0.0, "Total Cost": 12.31, "Plan Rows": 3, "Plan Width": 4, "Plans": [{"Node Type": "Index Scan", "Parent Relationship": "Outer", "Scan Direction": "Forward", "Index Name": "company_type_pkey", "Relation Name": "company_type", "Alias": "ct", "Startup Cost": 0.0, "Total Cost": 12.29, "Plan Rows": 3, "Plan Width": 4}]}]}, {"Node Type": "Index Scan", "Parent Relationship": "Inner", "Scan Direction": "Forward", "Index Name": "movie_id_movie_keyword", "Relation Name": "movie_keyword", "Alias": "mk", "Startup Cost": 0.0, "Total Cost": 0.46, "Plan Rows": 8, "Plan Width": 8, "Index Cond": "(movie_id = mc.movie_id)"}]}, {"Node Type": "Index Scan", "Parent Relationship": "Inner", "Scan Direction": "Forward", "Index Name": "keyword_pkey", "Relation Name": "keyword", "Alias": "k", "Startup Cost": 0.0, "Total Cost": 0.27, "Plan Rows": 1, "Plan Width": 4, "Index Cond": "(id = mk.keyword_id)"}]}, {"Node Type": "Index Scan", "Parent Relationship": "Inner", "Scan Direction": "Forward", "Index Name": "movie_id_aka_title", "Relation Name": "aka_title", "Alias": "at", "Startup Cost": 0.0, "Total Cost": 0.32, "Plan Rows": 3, "Plan Width": 25, "Index Cond": "(movie_id = mk.movie_id)"}]}]}, "Unique SQL Id": 2302223328, "Planner Runtime": 38}, "explain_analyze_plan": null}, "(16, 62)": {"explain_plan": {"Plan": {"Node Type": "Aggregate", "Strategy": "Plain", "Startup Cost": 539449.85, "Total Cost": 539449.88, "Plan Rows": 1, "Plan Width": 102, "Plans": [{"Node Type": "Streaming(type: LOCAL GATHER dop: 1/16)", "Parent Relationship": "Outer", "Startup Cost": 539449.85, "Total Cost": 539449.88, "Plan Rows": 1, "Plan Width": 102, "Plans": [{"Node Type": "Aggregate", "Strategy": "Plain", "Parent Relationship": "Outer", "Startup Cost": 539449.85, "Total Cost": 539449.86, "Plan Rows": 1, "Plan Width": 102, "Plans": [{"Node Type": "Nested Loop", "Parent Relationship": "Outer", "Join Type": "Inner", "Startup Cost": 0.0, "Total Cost": 539415.66, "Plan Rows": 6838, "Plan Width": 38, "Inner Unique": false, "Join Filter": "(t.id = at.movie_id)", "Plans": [{"Node Type": "Streaming(type: LOCAL REDISTRIBUTE dop: 16/1)", "Parent Relationship": "Outer", "Startup Cost": 0.0, "Total Cost": 39925.41, "Plan Rows": 361471, "Plan Width": 25, "Plans": [{"Node Type": "Seq Scan", "Parent Relationship": "Outer", "Relation Name": "aka_title", "Alias": "at", "Startup Cost": 0.0, "Total Cost": 9894.71, "Plan Rows": 361471, "Plan Width": 25}]}, {"Node Type": "Materialize", "Parent Relationship": "Inner", "Startup Cost": 0.0, "Total Cost": 451687.48, "Plan Rows": 2257, "Plan Width": 33, "Plans": [{"Node Type": "Streaming(type: LOCAL REDISTRIBUTE dop: 16/16)", "Parent Relationship": "Outer", "Startup Cost": 0.0, "Total Cost": 451686.77, "Plan Rows": 2257, "Plan Width": 33, "Plans": [{"Node Type": "Nested Loop", "Parent Relationship": "Outer", "Join Type": "Inner", "Startup Cost": 0.0, "Total Cost": 436678.22, "Plan Rows": 2257, "Plan Width": 33, "Inner Unique": false, "Join Filter": "(mk.keyword_id = k.id)", "Plans": [{"Node Type": "Streaming(type: LOCAL REDISTRIBUTE dop: 16/1)", "Parent Relationship": "Outer", "Startup Cost": 0.0, "Total Cost": 22679.71, "Plan Rows": 134169, "Plan Width": 4, "Plans": [{"Node Type": "Seq Scan", "Parent Relationship": "Outer", "Relation Name": "keyword", "Alias": "k", "Startup Cost": 0.0, "Total Cost": 2100.69, "Plan Rows": 134169, "Plan Width": 4}]}, {"Node Type": "Materialize", "Parent Relationship": "Inner", "Startup Cost": 0.0, "Total Cost": 396255.54, "Plan Rows": 2257, "Plan Width": 37, "Plans": [{"Node Type": "Streaming(type: LOCAL REDISTRIBUTE dop: 16/16)", "Parent Relationship": "Outer", "Startup Cost": 0.0, "Total Cost": 396254.83, "Plan Rows": 2257, "Plan Width": 37, "Plans": [{"Node Type": "Nested Loop", "Parent Relationship": "Outer", "Join Type": "Inner", "Startup Cost": 0.0, "Total Cost": 381246.28, "Plan Rows": 2257, "Plan Width": 37, "Inner Unique": false, "Join Filter": "(t.id = mk.movie_id)", "Plans": [{"Node Type": "Streaming(type: LOCAL REDISTRIBUTE dop: 16/16)", "Parent Relationship": "Outer", "Startup Cost": 0.0, "Total Cost": 51044.03, "Plan Rows": 4523929, "Plan Width": 8, "Plans": [{"Node Type": "Seq Scan", "Parent Relationship": "Outer", "Relation Name": "movie_keyword", "Alias": "mk", "Startup Cost": 0.0, "Total Cost": 18902.58, "Plan Rows": 4523929, "Plan Width": 8}]}, {"Node Type": "Materialize", "Parent Relationship": "Inner", "Startup Cost": 0.0, "Total Cost": 256511.73, "Plan Rows": 278, "Plan Width": 29, "Plans": [{"Node Type": "Streaming(type: LOCAL REDISTRIBUTE dop: 16/16)", "Parent Relationship": "Outer", "Startup Cost": 0.0, "Total Cost": 256511.65, "Plan Rows": 278, "Plan Width": 29, "Plans": [{"Node Type": "Nested Loop", "Parent Relationship": "Outer", "Join Type": "Inner", "Startup Cost": 0.0, "Total Cost": 241510.59, "Plan Rows": 278, "Plan Width": 29, "Inner Unique": false, "Join Filter": "(mi.movie_id = t.id)", "Plans": [{"Node Type": "Streaming(type: LOCAL REDISTRIBUTE dop: 16/16)", "Parent Relationship": "Outer", "Startup Cost": 0.0, "Total Cost": 40775.83, "Plan Rows": 1748840, "Plan Width": 21, "Plans": [{"Node Type": "Seq Scan", "Parent Relationship": "Outer", "Relation Name": "title", "Alias": "t", "Startup Cost": 0.0, "Total Cost": 19149.37, "Plan Rows": 1748840, "Plan Width": 21, "Filter": "(production_year > 1990), (LLVM Optimized)"}]}, {"Node Type": "Materialize", "Parent Relationship": "Inner", "Startup Cost": 0.0, "Total Cost": 180138.1, "Plan Rows": 201, "Plan Width": 8, "Plans": [{"Node Type": "Streaming(type: LOCAL REDISTRIBUTE dop: 16/1)", "Parent Relationship": "Outer", "Startup Cost": 0.0, "Total Cost": 180138.04, "Plan Rows": 201, "Plan Width": 8, "Plans": [{"Node Type": "Nested Loop", "Parent Relationship": "Outer", "Join Type": "Inner", "Startup Cost": 0.0, "Total Cost": 165129.68, "Plan Rows": 201, "Plan Width": 8, "Inner Unique": true, "Join Filter": "(mc.company_type_id = ct.id)", "Plans": [{"Node Type": "Streaming(type: LOCAL GATHER dop: 1/16)", "Parent Relationship": "Outer", "Startup Cost": 0.0, "Total Cost": 165113.12, "Plan Rows": 345, "Plan Width": 12, "Plans": [{"Node Type": "Nested Loop", "Parent Relationship": "Outer", "Join Type": "Inner", "Startup Cost": 0.0, "Total Cost": 165105.67, "Plan Rows": 345, "Plan Width": 12, "Inner Unique": false, "Join Filter": "(mc.company_id = cn.id)", "Plans": [{"Node Type": "Streaming(type: LOCAL REDISTRIBUTE dop: 16/1)", "Parent Relationship": "Outer", "Startup Cost": 0.0, "Total Cost": 24444.99, "Plan Rows": 85170, "Plan Width": 4, "Plans": [{"Node Type": "Seq Scan", "Parent Relationship": "Outer", "Relation Name": "company_name", "Alias": "cn", "Startup Cost": 0.0, "Total Cost": 5903.45, "Plan Rows": 85170, "Plan Width": 4, "Filter": "((country_code)::text = '[us]'::text)"}]}, {"Node Type": "Materialize", "Parent Relationship": "Inner", "Startup Cost": 0.0, "Total Cost": 138614.67, "Plan Rows": 410, "Plan Width": 16, "Plans": [{"Node Type": "Streaming(type: LOCAL REDISTRIBUTE dop: 16/16)", "Parent Relationship": "Outer", "Startup Cost": 0.0, "Total Cost": 138614.54, "Plan Rows": 410, "Plan Width": 16, "Plans": [{"Node Type": "Nested Loop", "Parent Relationship": "Outer", "Join Type": "Inner", "Startup Cost": 0.0, "Total Cost": 123612.99, "Plan Rows": 410, "Plan Width": 16, "Inner Unique": false, "Join Filter": "(mi.movie_id = mc.movie_id)", "Plans": [{"Node Type": "Streaming(type: LOCAL REDISTRIBUTE dop: 16/1)", "Parent Relationship": "Outer", "Startup Cost": 0.0, "Total Cost": 51352.89, "Plan Rows": 192, "Plan Width": 4, "Plans": [{"Node Type": "Nested Loop", "Parent Relationship": "Outer", "Join Type": "Inner", "Startup Cost": 0.0, "Total Cost": 36344.91, "Plan Rows": 192, "Plan Width": 4, "Inner Unique": false, "Join Filter": "(it1.id = mi.info_type_id)", "Plans": [{"Node Type": "Seq Scan", "Parent Relationship": "Outer", "Relation Name": "info_type", "Alias": "it1", "Startup Cost": 0.0, "Total Cost": 2.4, "Plan Rows": 1, "Plan Width": 4, "Filter": "((info)::text = 'release dates'::text)"}, {"Node Type": "Materialize", "Parent Relationship": "Inner", "Startup Cost": 0.0, "Total Cost": 36208.32, "Plan Rows": 13419, "Plan Width": 8, "Plans": [{"Node Type": "Streaming(type: LOCAL GATHER dop: 1/16)", "Parent Relationship": "Outer", "Startup Cost": 0.0, "Total Cost": 36174.77, "Plan Rows": 13419, "Plan Width": 8, "Plans": [{"Node Type": "Seq Scan", "Parent Relationship": "Outer", "Relation Name": "movie_info", "Alias": "mi", "Startup Cost": 0.0, "Total Cost": 35885.16, "Plan Rows": 13419, "Plan Width": 8, "Filter": "((note)::text ~~ '%internet%'::text)"}]}]}]}]}, {"Node Type": "Materialize", "Parent Relationship": "Inner", "Startup Cost": 0.0, "Total Cost": 43315.08, "Plan Rows": 2609128, "Plan Width": 12, "Plans": [{"Node Type": "Streaming(type: LOCAL REDISTRIBUTE dop: 16/16)", "Parent Relationship": "Outer", "Startup Cost": 0.0, "Total Cost": 42499.73, "Plan Rows": 2609128, "Plan Width": 12, "Plans": [{"Node Type": "Seq Scan", "Parent Relationship": "Outer", "Relation Name": "movie_companies", "Alias": "mc", "Startup Cost": 0.0, "Total Cost": 17613.58, "Plan Rows": 2609128, "Plan Width": 12}]}]}]}]}]}]}]}, {"Node Type": "Materialize", "Parent Relationship": "Inner", "Startup Cost": 0.0, "Total Cost": 1.04, "Plan Rows": 3, "Plan Width": 4, "Plans": [{"Node Type": "Seq Scan", "Parent Relationship": "Outer", "Relation Name": "company_type", "Alias": "ct", "Startup Cost": 0.0, "Total Cost": 1.03, "Plan Rows": 3, "Plan Width": 4}]}]}]}]}]}]}]}]}]}]}]}]}]}]}]}]}]}, "Unique SQL Id": 2302223328, "Planner Runtime": 77}, "explain_analyze_plan": null}, "(16, 63)": {"explain_plan": {"Plan": {"Node Type": "Aggregate", "Strategy": "Plain", "Startup Cost": 9000196088641.51, "Total Cost": 9000196088641.52, "Plan Rows": 1, "Plan Width": 102, "Plans": [{"Node Type": "Nested Loop", "Parent Relationship": "Outer", "Join Type": "Inner", "Startup Cost": 90000000000.0, "Total Cost": 9000196088607.32, "Plan Rows": 6838, "Plan Width": 38, "Inner Unique": false, "Join Filter": "(t.id = at.movie_id)", "Plans": [{"Node Type": "Nested Loop", "Parent Relationship": "Outer", "Join Type": "Inner", "Startup Cost": 80000000000.0, "Total Cost": 8000181860101.8, "Plan Rows": 2257, "Plan Width": 33, "Inner Unique": true, "Join Filter": "(mk.keyword_id = k.id)", "Plans": [{"Node Type": "Nested Loop", "Parent Relationship": "Outer", "Join Type": "Inner", "Startup Cost": 70000000000.0, "Total Cost": 7000177032745.45, "Plan Rows": 2257, "Plan Width": 37, "Inner Unique": false, "Join Filter": "(t.id = mk.movie_id)", "Plans": [{"Node Type": "Index Scan", "Parent Relationship": "Outer", "Scan Direction": "Forward", "Index Name": "movie_id_movie_keyword", "Relation Name": "movie_keyword", "Alias": "mk", "Startup Cost": 10000000000.0, "Total Cost": 1000015300634.17, "Plan Rows": 4523929, "Plan Width": 8}, {"Node Type": "Materialize", "Parent Relationship": "Inner", "Startup Cost": 60000000000.0, "Total Cost": 6000142867328.05, "Plan Rows": 278, "Plan Width": 29, "Plans": [{"Node Type": "Nested Loop", "Parent Relationship": "Outer", "Join Type": "Inner", "Startup Cost": 60000000000.0, "Total Cost": 6000142867326.66, "Plan Rows": 278, "Plan Width": 29, "Inner Unique": false, "Join Filter": "(mi.movie_id = t.id)", "Plans": [{"Node Type": "Index Scan", "Parent Relationship": "Outer", "Scan Direction": "Forward", "Index Name": "title_pkey", "Relation Name": "title", "Alias": "t", "Startup Cost": 10000000000.0, "Total Cost": 1000011644126.66, "Plan Rows": 1748840, "Plan Width": 21, "Filter": "(production_year > 1990), (LLVM Optimized)"}, {"Node Type": "Materialize", "Parent Relationship": "Inner", "Startup Cost": 50000000000.0, "Total Cost": 5000125950447.9, "Plan Rows": 201, "Plan Width": 8, "Plans": [{"Node Type": "Nested Loop", "Parent Relationship": "Outer", "Join Type": "Inner", "Startup Cost": 50000000000.0, "Total Cost": 5000125950446.89, "Plan Rows": 201, "Plan Width": 8, "Inner Unique": true, "Join Filter": "(mc.company_type_id = ct.id)", "Plans": [{"Node Type": "Nested Loop", "Parent Relationship": "Outer", "Join Type": "Inner", "Startup Cost": 40000000000.0, "Total Cost": 4000125949201.86, "Plan Rows": 345, "Plan Width": 12, "Inner Unique": true, "Join Filter": "(mc.company_id = cn.id)", "Plans": [{"Node Type": "Nested Loop", "Parent Relationship": "Outer", "Join Type": "Inner", "Startup Cost": 30000000000.0, "Total Cost": 3000124375054.46, "Plan Rows": 410, "Plan Width": 16, "Inner Unique": false, "Join Filter": "(mi.movie_id = mc.movie_id)", "Plans": [{"Node Type": "Nested Loop", "Parent Relationship": "Outer", "Join Type": "Inner", "Startup Cost": 20000000000.0, "Total Cost": 2000107536026.0, "Plan Rows": 192, "Plan Width": 4, "Inner Unique": true, "Join Filter": "(it1.id = mi.info_type_id)", "Plans": [{"Node Type": "Index Scan", "Parent Relationship": "Outer", "Scan Direction": "Forward", "Index Name": "movie_id_movie_info", "Relation Name": "movie_info", "Alias": "mi", "Startup Cost": 10000000000.0, "Total Cost": 1000107534403.72, "Plan Rows": 13419, "Plan Width": 8, "Filter": "((note)::text ~~ '%internet%'::text)"}, {"Node Type": "Materialize", "Parent Relationship": "Inner", "Startup Cost": 10000000000.0, "Total Cost": 1000000001421.0, "Plan Rows": 1, "Plan Width": 4, "Plans": [{"Node Type": "Index Scan", "Parent Relationship": "Outer", "Scan Direction": "Forward", "Index Name": "info_type_pkey", "Relation Name": "info_type", "Alias": "it1", "Startup Cost": 10000000000.0, "Total Cost": 1000000001421.0, "Plan Rows": 1, "Plan Width": 4, "Filter": "((info)::text = 'release dates'::text)"}]}]}, {"Node Type": "Materialize", "Parent Relationship": "Inner", "Startup Cost": 10000000000.0, "Total Cost": 1000009331262.64, "Plan Rows": 2609128, "Plan Width": 12, "Plans": [{"Node Type": "Index Scan", "Parent Relationship": "Outer", "Scan Direction": "Forward", "Index Name": "company_type_id_movie_companies", "Relation Name": "movie_companies", "Alias": "mc", "Startup Cost": 10000000000.0, "Total Cost": 1000009318217.0, "Plan Rows": 2609128, "Plan Width": 12}]}]}, {"Node Type": "Materialize", "Parent Relationship": "Inner", "Startup Cost": 10000000000.0, "Total Cost": 1000001050564.82, "Plan Rows": 85170, "Plan Width": 4, "Plans": [{"Node Type": "Index Scan", "Parent Relationship": "Outer", "Scan Direction": "Forward", "Index Name": "company_name_pkey", "Relation Name": "company_name", "Alias": "cn", "Startup Cost": 10000000000.0, "Total Cost": 1000001050138.97, "Plan Rows": 85170, "Plan Width": 4, "Filter": "((country_code)::text = '[us]'::text)"}]}]}, {"Node Type": "Materialize", "Parent Relationship": "Inner", "Startup Cost": 10000000000.0, "Total Cost": 1000000001229.52, "Plan Rows": 3, "Plan Width": 4, "Plans": [{"Node Type": "Index Scan", "Parent Relationship": "Outer", "Scan Direction": "Forward", "Index Name": "company_type_pkey", "Relation Name": "company_type", "Alias": "ct", "Startup Cost": 10000000000.0, "Total Cost": 1000000001229.5, "Plan Rows": 3, "Plan Width": 4}]}]}]}]}]}]}, {"Node Type": "Materialize", "Parent Relationship": "Inner", "Startup Cost": 10000000000.0, "Total Cost": 1000000285400.28, "Plan Rows": 134169, "Plan Width": 4, "Plans": [{"Node Type": "Index Scan", "Parent Relationship": "Outer", "Scan Direction": "Forward", "Index Name": "keyword_pkey", "Relation Name": "keyword", "Alias": "k", "Startup Cost": 10000000000.0, "Total Cost": 1000000284729.43, "Plan Rows": 134169, "Plan Width": 4}]}]}, {"Node Type": "Materialize", "Parent Relationship": "Inner", "Startup Cost": 10000000000.0, "Total Cost": 1000001991808.49, "Plan Rows": 361471, "Plan Width": 25, "Plans": [{"Node Type": "Index Scan", "Parent Relationship": "Outer", "Scan Direction": "Forward", "Index Name": "movie_id_aka_title", "Relation Name": "aka_title", "Alias": "at", "Startup Cost": 10000000000.0, "Total Cost": 1000001990001.13, "Plan Rows": 361471, "Plan Width": 25}]}]}]}, "Unique SQL Id": 2302223328, "Planner Runtime": 34}, "explain_analyze_plan": null}, "(16, 64)": {"explain_plan": {"Plan": {"Node Type": "Aggregate", "Strategy": "Plain", "Startup Cost": 40193.32, "Total Cost": 40193.33, "Plan Rows": 1, "Plan Width": 102, "Plans": [{"Node Type": "Nested Loop", "Parent Relationship": "Outer", "Join Type": "Inner", "Startup Cost": 2.41, "Total Cost": 40158.11, "Plan Rows": 7042, "Plan Width": 38, "Inner Unique": true, "Plans": [{"Node Type": "Nested Loop", "Parent Relationship": "Outer", "Join Type": "Inner", "Startup Cost": 2.41, "Total Cost": 38186.28, "Plan Rows": 7042, "Plan Width": 42, "Inner Unique": false, "Join Filter": "(t.id = mk.movie_id)", "Plans": [{"Node Type": "Nested Loop", "Parent Relationship": "Outer", "Join Type": "Inner", "Startup Cost": 2.41, "Total Cost": 37695.3, "Plan Rows": 873, "Plan Width": 54, "Inner Unique": true, "Join Filter": "(at.movie_id = t.id)", "Plans": [{"Node Type": "Nested Loop", "Parent Relationship": "Outer", "Join Type": "Inner", "Startup Cost": 2.41, "Total Cost": 37473.22, "Plan Rows": 630, "Plan Width": 33, "Inner Unique": true, "Plans": [{"Node Type": "Nested Loop", "Parent Relationship": "Outer", "Join Type": "Inner", "Startup Cost": 2.41, "Total Cost": 37296.82, "Plan Rows": 630, "Plan Width": 37, "Inner Unique": true, "Plans": [{"Node Type": "Nested Loop", "Parent Relationship": "Outer", "Join Type": "Inner", "Startup Cost": 2.41, "Total Cost": 36994.2, "Plan Rows": 1052, "Plan Width": 41, "Inner Unique": false, "Plans": [{"Node Type": "Nested Loop", "Parent Relationship": "Outer", "Join Type": "Inner", "Startup Cost": 2.41, "Total Cost": 36705.12, "Plan Rows": 490, "Plan Width": 29, "Inner Unique": false, "Plans": [{"Node Type": "Hash Join", "Parent Relationship": "Outer", "Join Type": "Inner", "Startup Cost": 2.41, "Total Cost": 36229.42, "Plan Rows": 192, "Plan Width": 4, "Inner Unique": true, "Hash Cond": "(mi.info_type_id = it1.id)", "Plans": [{"Node Type": "Streaming(type: LOCAL GATHER dop: 1/16)", "Parent Relationship": "Outer", "Startup Cost": 0.0, "Total Cost": 36174.77, "Plan Rows": 13419, "Plan Width": 8, "Plans": [{"Node Type": "Seq Scan", "Parent Relationship": "Outer", "Relation Name": "movie_info", "Alias": "mi", "Startup Cost": 0.0, "Total Cost": 35885.16, "Plan Rows": 13419, "Plan Width": 8, "Filter": "((note)::text ~~ '%internet%'::text)"}]}, {"Node Type": "Hash", "Parent Relationship": "Inner", "Startup Cost": 2.4, "Total Cost": 2.4, "Plan Rows": 1, "Plan Width": 4, "Plans": [{"Node Type": "Seq Scan", "Parent Relationship": "Outer", "Relation Name": "info_type", "Alias": "it1", "Startup Cost": 0.0, "Total Cost": 2.4, "Plan Rows": 1, "Plan Width": 4, "Filter": "((info)::text = 'release dates'::text)"}]}]}, {"Node Type": "Index Scan", "Parent Relationship": "Inner", "Scan Direction": "Forward", "Index Name": "movie_id_aka_title", "Relation Name": "aka_title", "Alias": "at", "Startup Cost": 0.0, "Total Cost": 2.45, "Plan Rows": 3, "Plan Width": 25, "Index Cond": "(movie_id = mi.movie_id)"}]}, {"Node Type": "Index Scan", "Parent Relationship": "Inner", "Scan Direction": "Forward", "Index Name": "movie_id_movie_companies", "Relation Name": "movie_companies", "Alias": "mc", "Startup Cost": 0.0, "Total Cost": 0.57, "Plan Rows": 2, "Plan Width": 12, "Index Cond": "(movie_id = at.movie_id)"}]}, {"Node Type": "Index Scan", "Parent Relationship": "Inner", "Scan Direction": "Forward", "Index Name": "company_name_pkey", "Relation Name": "company_name", "Alias": "cn", "Startup Cost": 0.0, "Total Cost": 0.28, "Plan Rows": 1, "Plan Width": 4, "Index Cond": "(id = mc.company_id)", "Filter": "((country_code)::text = '[us]'::text)"}]}, {"Node Type": "Index Only Scan", "Parent Relationship": "Inner", "Scan Direction": "Forward", "Index Name": "company_type_pkey", "Relation Name": "company_type", "Alias": "ct", "Startup Cost": 0.0, "Total Cost": 0.27, "Plan Rows": 1, "Plan Width": 4, "Index Cond": "(id = mc.company_type_id)"}]}, {"Node Type": "Index Scan", "Parent Relationship": "Inner", "Scan Direction": "Forward", "Index Name": "title_pkey", "Relation Name": "title", "Alias": "t", "Startup Cost": 0.0, "Total Cost": 0.34, "Plan Rows": 1, "Plan Width": 21, "Index Cond": "(id = mc.movie_id)", "Filter": "(production_year > 1990)"}]}, {"Node Type": "Index Scan", "Parent Relationship": "Inner", "Scan Direction": "Forward", "Index Name": "movie_id_movie_keyword", "Relation Name": "movie_keyword", "Alias": "mk", "Startup Cost": 0.0, "Total Cost": 0.46, "Plan Rows": 8, "Plan Width": 8, "Index Cond": "(movie_id = mc.movie_id)"}]}, {"Node Type": "Index Only Scan", "Parent Relationship": "Inner", "Scan Direction": "Forward", "Index Name": "keyword_pkey", "Relation Name": "keyword", "Alias": "k", "Startup Cost": 0.0, "Total Cost": 0.27, "Plan Rows": 1, "Plan Width": 4, "Index Cond": "(id = mk.keyword_id)"}]}]}, "Unique SQL Id": 2302223328, "Planner Runtime": 374}, "explain_analyze_plan": {"Plan": {"Node Type": "Aggregate", "Strategy": "Plain", "Startup Cost": 40193.32, "Total Cost": 40193.33, "Plan Rows": 1, "Plan Width": 102, "Actual Min Startup Time": 359.161, "Actual Max Startup Time": 359.161, "Actual Min Total Time": 359.161, "Actual Max Total Time": 359.161, "Plans": [{"Node Type": "Nested Loop", "Parent Relationship": "Outer", "Join Type": "Inner", "Startup Cost": 2.41, "Total Cost": 40158.11, "Plan Rows": 7042, "Plan Width": 38, "Actual Min Startup Time": 113.772, "Actual Max Startup Time": 113.772, "Actual Min Total Time": 356.304, "Actual Max Total Time": 356.304, "Inner Unique": true, "Plans": [{"Node Type": "Nested Loop", "Parent Relationship": "Outer", "Join Type": "Inner", "Startup Cost": 2.41, "Total Cost": 38186.28, "Plan Rows": 7042, "Plan Width": 42, "Actual Min Startup Time": 113.749, "Actual Max Startup Time": 113.749, "Actual Min Total Time": 340.311, "Actual Max Total Time": 340.311, "Inner Unique": false, "Join Filter": "(t.id = mk.movie_id)", "Rows Removed by Join Filter": 0, "Plans": [{"Node Type": "Nested Loop", "Parent Relationship": "Outer", "Join Type": "Inner", "Startup Cost": 2.41, "Total Cost": 37695.3, "Plan Rows": 873, "Plan Width": 54, "Actual Min Startup Time": 111.581, "Actual Max Startup Time": 111.581, "Actual Min Total Time": 333.316, "Actual Max Total Time": 333.316, "Inner Unique": true, "Join Filter": "(at.movie_id = t.id)", "Rows Removed by Join Filter": 0, "Plans": [{"Node Type": "Nested Loop", "Parent Relationship": "Outer", "Join Type": "Inner", "Startup Cost": 2.41, "Total Cost": 37473.22, "Plan Rows": 630, "Plan Width": 33, "Actual Min Startup Time": 111.539, "Actual Max Startup Time": 111.539, "Actual Min Total Time": 329.887, "Actual Max Total Time": 329.887, "Inner Unique": true, "Plans": [{"Node Type": "Nested Loop", "Parent Relationship": "Outer", "Join Type": "Inner", "Startup Cost": 2.41, "Total Cost": 37296.82, "Plan Rows": 630, "Plan Width": 37, "Actual Min Startup Time": 111.512, "Actual Max Startup Time": 111.512, "Actual Min Total Time": 328.361, "Actual Max Total Time": 328.361, "Inner Unique": true, "Plans": [{"Node Type": "Nested Loop", "Parent Relationship": "Outer", "Join Type": "Inner", "Startup Cost": 2.41, "Total Cost": 36994.2, "Plan Rows": 1052, "Plan Width": 41, "Actual Min Startup Time": 111.477, "Actual Max Startup Time": 111.477, "Actual Min Total Time": 314.573, "Actual Max Total Time": 314.573, "Inner Unique": false, "Plans": [{"Node Type": "Nested Loop", "Parent Relationship": "Outer", "Join Type": "Inner", "Startup Cost": 2.41, "Total Cost": 36705.12, "Plan Rows": 490, "Plan Width": 29, "Actual Min Startup Time": 111.436, "Actual Max Startup Time": 111.436, "Actual Min Total Time": 307.054, "Actual Max Total Time": 307.054, "Inner Unique": false, "Plans": [{"Node Type": "Hash Join", "Parent Relationship": "Outer", "Join Type": "Inner", "Startup Cost": 2.41, "Total Cost": 36229.42, "Plan Rows": 192, "Plan Width": 4, "Actual Min Startup Time": 111.318, "Actual Max Startup Time": 111.318, "Actual Min Total Time": 270.562, "Actual Max Total Time": 270.562, "Inner Unique": true, "Hash Cond": "(mi.info_type_id = it1.id)", "Plans": [{"Node Type": "Streaming(type: LOCAL GATHER dop: 1/16)", "Parent Relationship": "Outer", "Startup Cost": 0.0, "Total Cost": 36174.77, "Plan Rows": 13419, "Plan Width": 8, "Actual Min Startup Time": 111.119, "Actual Max Startup Time": 111.119, "Actual Min Total Time": 264.954, "Actual Max Total Time": 264.954, "Plans": [{"Node Type": "Seq Scan", "Parent Relationship": "Outer", "Relation Name": "movie_info", "Alias": "mi", "Startup Cost": 0.0, "Total Cost": 35885.16, "Plan Rows": 13419, "Plan Width": 8, "Actual Min Startup Time": 7.386, "Actual Max Startup Time": 78.279, "Actual Min Total Time": 271.753, "Actual Max Total Time": 282.538, "Filter": "((note)::text ~~ '%internet%'::text)", "Rows Removed by Filter": 14824909, "Actual Rows": 10810}], "Actual Rows": 10810}, {"Node Type": "Hash", "Parent Relationship": "Inner", "Startup Cost": 2.4, "Total Cost": 2.4, "Plan Rows": 1, "Plan Width": 4, "Actual Min Startup Time": 0.096, "Actual Max Startup Time": 0.096, "Actual Min Total Time": 0.096, "Actual Max Total Time": 0.096, "Max Hash Buckets": 32768, "Min Hash Buckets": 32768, "Max Hash Batches": 1, "Min Hash Batches": 1, "Max Original Hash Batches": 1, "Min Original Hash Batches": 1, "Max Peak Memory Usage": 1, "min Peak Memory Usage": 1, "Plans": [{"Node Type": "Seq Scan", "Parent Relationship": "Outer", "Relation Name": "info_type", "Alias": "it1", "Startup Cost": 0.0, "Total Cost": 2.4, "Plan Rows": 1, "Plan Width": 4, "Actual Min Startup Time": 0.055, "Actual Max Startup Time": 0.055, "Actual Min Total Time": 0.077, "Actual Max Total Time": 0.077, "Filter": "((info)::text = 'release dates'::text)", "Rows Removed by Filter": 111, "Actual Rows": 1}], "Actual Rows": 1}], "Actual Rows": 10679}, {"Node Type": "Index Scan", "Parent Relationship": "Inner", "Scan Direction": "Forward", "Index Name": "movie_id_aka_title", "Relation Name": "aka_title", "Alias": "at", "Startup Cost": 0.0, "Total Cost": 2.45, "Plan Rows": 3, "Plan Width": 25, "Actual Min Startup Time": 30.565, "Actual Max Startup Time": 30.565, "Actual Min Total Time": 31.274, "Actual Max Total Time": 31.274, "Index Cond": "(movie_id = mi.movie_id)", "Rows Removed by Index Recheck": 0, "Actual Rows": 591}], "Actual Rows": 591}, {"Node Type": "Index Scan", "Parent Relationship": "Inner", "Scan Direction": "Forward", "Index Name": "movie_id_movie_companies", "Relation Name": "movie_companies", "Alias": "mc", "Startup Cost": 0.0, "Total Cost": 0.57, "Plan Rows": 2, "Plan Width": 12, "Actual Min Startup Time": 4.785, "Actual Max Startup Time": 4.785, "Actual Min Total Time": 6.53, "Actual Max Total Time": 6.53, "Index Cond": "(movie_id = at.movie_id)", "Rows Removed by Index Recheck": 0, "Actual Rows": 2130}], "Actual Rows": 2130}, {"Node Type": "Index Scan", "Parent Relationship": "Inner", "Scan Direction": "Forward", "Index Name": "company_name_pkey", "Relation Name": "company_name", "Alias": "cn", "Startup Cost": 0.0, "Total Cost": 0.28, "Plan Rows": 1, "Plan Width": 4, "Actual Min Startup Time": 12.226, "Actual Max Startup Time": 12.226, "Actual Min Total Time": 12.226, "Actual Max Total Time": 12.226, "Index Cond": "(id = mc.company_id)", "Rows Removed by Index Recheck": 0, "Filter": "((country_code)::text = '[us]'::text)", "Rows Removed by Filter": 1234, "Actual Rows": 896}], "Actual Rows": 896}, {"Node Type": "Index Only Scan", "Parent Relationship": "Inner", "Scan Direction": "Forward", "Index Name": "company_type_pkey", "Relation Name": "company_type", "Alias": "ct", "Startup Cost": 0.0, "Total Cost": 0.27, "Plan Rows": 1, "Plan Width": 4, "Actual Min Startup Time": 0.791, "Actual Max Startup Time": 0.791, "Actual Min Total Time": 0.791, "Actual Max Total Time": 0.791, "Index Cond": "(id = mc.company_type_id)", "Rows Removed by Index Recheck": 0, "Heap Fetches": 0, "Actual Rows": 382}], "Actual Rows": 382}, {"Node Type": "Index Scan", "Parent Relationship": "Inner", "Scan Direction": "Forward", "Index Name": "title_pkey", "Relation Name": "title", "Alias": "t", "Startup Cost": 0.0, "Total Cost": 0.34, "Plan Rows": 1, "Plan Width": 21, "Actual Min Startup Time": 2.813, "Actual Max Startup Time": 2.813, "Actual Min Total Time": 2.813, "Actual Max Total Time": 2.813, "Index Cond": "(id = mc.movie_id)", "Rows Removed by Index Recheck": 0, "Filter": "(production_year > 1990)", "Rows Removed by Filter": 0, "Actual Rows": 382}], "Actual Rows": 382}, {"Node Type": "Index Scan", "Parent Relationship": "Inner", "Scan Direction": "Forward", "Index Name": "movie_id_movie_keyword", "Relation Name": "movie_keyword", "Alias": "mk", "Startup Cost": 0.0, "Total Cost": 0.46, "Plan Rows": 8, "Plan Width": 8, "Actual Min Startup Time": 2.888, "Actual Max Startup Time": 2.888, "Actual Min Total Time": 4.992, "Actual Max Total Time": 4.992, "Index Cond": "(movie_id = mc.movie_id)", "Rows Removed by Index Recheck": 0, "Actual Rows": 4371}], "Actual Rows": 4371}, {"Node Type": "Index Only Scan", "Parent Relationship": "Inner", "Scan Direction": "Forward", "Index Name": "keyword_pkey", "Relation Name": "keyword", "Alias": "k", "Startup Cost": 0.0, "Total Cost": 0.27, "Plan Rows": 1, "Plan Width": 4, "Actual Min Startup Time": 12.968, "Actual Max Startup Time": 12.968, "Actual Min Total Time": 12.968, "Actual Max Total Time": 12.968, "Index Cond": "(id = mk.keyword_id)", "Rows Removed by Index Recheck": 0, "Heap Fetches": 0, "Actual Rows": 4371}], "Actual Rows": 4371}], "Actual Rows": 1}, "Triggers": [], "Planner Runtime": 372, "Total Runtime": 363.284, "Unique SQL Id": 2302223328}}, "(16, 65)": {"explain_plan": {"Plan": {"Node Type": "Aggregate", "Strategy": "Plain", "Startup Cost": 167859.79, "Total Cost": 167859.8, "Plan Rows": 1, "Plan Width": 102, "Plans": [{"Node Type": "Nested Loop", "Parent Relationship": "Outer", "Join Type": "Inner", "Startup Cost": 4841.51, "Total Cost": 167824.58, "Plan Rows": 7042, "Plan Width": 38, "Inner Unique": true, "Plans": [{"Node Type": "Nested Loop", "Parent Relationship": "Outer", "Join Type": "Inner", "Startup Cost": 4841.51, "Total Cost": 165852.74, "Plan Rows": 7042, "Plan Width": 42, "Inner Unique": false, "Join Filter": "(t.id = mk.movie_id)", "Plans": [{"Node Type": "Nested Loop", "Parent Relationship": "Outer", "Join Type": "Inner", "Startup Cost": 4841.51, "Total Cost": 165361.77, "Plan Rows": 873, "Plan Width": 54, "Inner Unique": true, "Join Filter": "(at.movie_id = t.id)", "Plans": [{"Node Type": "Nested Loop", "Parent Relationship": "Outer", "Join Type": "Inner", "Startup Cost": 4841.51, "Total Cost": 165139.68, "Plan Rows": 630, "Plan Width": 33, "Inner Unique": true, "Plans": [{"Node Type": "Nested Loop", "Parent Relationship": "Outer", "Join Type": "Inner", "Startup Cost": 4841.51, "Total Cost": 164963.28, "Plan Rows": 630, "Plan Width": 37, "Inner Unique": true, "Plans": [{"Node Type": "Nested Loop", "Parent Relationship": "Outer", "Join Type": "Inner", "Startup Cost": 4841.51, "Total Cost": 164660.66, "Plan Rows": 1052, "Plan Width": 41, "Inner Unique": false, "Plans": [{"Node Type": "Nested Loop", "Parent Relationship": "Outer", "Join Type": "Inner", "Startup Cost": 4841.51, "Total Cost": 164371.58, "Plan Rows": 490, "Plan Width": 29, "Inner Unique": false, "Plans": [{"Node Type": "Nested Loop", "Parent Relationship": "Outer", "Join Type": "Inner", "Startup Cost": 4841.51, "Total Cost": 163895.89, "Plan Rows": 192, "Plan Width": 4, "Inner Unique": false, "Plans": [{"Node Type": "Index Scan", "Parent Relationship": "Outer", "Scan Direction": "Forward", "Index Name": "info_type_pkey", "Relation Name": "info_type", "Alias": "it1", "Startup Cost": 0.0, "Total Cost": 14.21, "Plan Rows": 1, "Plan Width": 4, "Filter": "((info)::text = 'release dates'::text)"}, {"Node Type": "Bitmap Heap Scan", "Parent Relationship": "Inner", "Relation Name": "movie_info", "Alias": "mi", "Startup Cost": 4841.51, "Total Cost": 163879.76, "Plan Rows": 192, "Plan Width": 8, "Recheck Cond": "(info_type_id = it1.id)", "Filter": "((note)::text ~~ '%internet%'::text)", "Plans": [{"Node Type": "Bitmap Index Scan", "Parent Relationship": "Outer", "Index Name": "info_type_id_movie_info", "Startup Cost": 0.0, "Total Cost": 4841.46, "Plan Rows": 212428, "Plan Width": 0, "Index Cond": "(info_type_id = it1.id)"}]}]}, {"Node Type": "Index Scan", "Parent Relationship": "Inner", "Scan Direction": "Forward", "Index Name": "movie_id_aka_title", "Relation Name": "aka_title", "Alias": "at", "Startup Cost": 0.0, "Total Cost": 2.45, "Plan Rows": 3, "Plan Width": 25, "Index Cond": "(movie_id = mi.movie_id)"}]}, {"Node Type": "Index Scan", "Parent Relationship": "Inner", "Scan Direction": "Forward", "Index Name": "movie_id_movie_companies", "Relation Name": "movie_companies", "Alias": "mc", "Startup Cost": 0.0, "Total Cost": 0.57, "Plan Rows": 2, "Plan Width": 12, "Index Cond": "(movie_id = at.movie_id)"}]}, {"Node Type": "Index Scan", "Parent Relationship": "Inner", "Scan Direction": "Forward", "Index Name": "company_name_pkey", "Relation Name": "company_name", "Alias": "cn", "Startup Cost": 0.0, "Total Cost": 0.28, "Plan Rows": 1, "Plan Width": 4, "Index Cond": "(id = mc.company_id)", "Filter": "((country_code)::text = '[us]'::text)"}]}, {"Node Type": "Index Only Scan", "Parent Relationship": "Inner", "Scan Direction": "Forward", "Index Name": "company_type_pkey", "Relation Name": "company_type", "Alias": "ct", "Startup Cost": 0.0, "Total Cost": 0.27, "Plan Rows": 1, "Plan Width": 4, "Index Cond": "(id = mc.company_type_id)"}]}, {"Node Type": "Index Scan", "Parent Relationship": "Inner", "Scan Direction": "Forward", "Index Name": "title_pkey", "Relation Name": "title", "Alias": "t", "Startup Cost": 0.0, "Total Cost": 0.34, "Plan Rows": 1, "Plan Width": 21, "Index Cond": "(id = mc.movie_id)", "Filter": "(production_year > 1990)"}]}, {"Node Type": "Index Scan", "Parent Relationship": "Inner", "Scan Direction": "Forward", "Index Name": "movie_id_movie_keyword", "Relation Name": "movie_keyword", "Alias": "mk", "Startup Cost": 0.0, "Total Cost": 0.46, "Plan Rows": 8, "Plan Width": 8, "Index Cond": "(movie_id = mc.movie_id)"}]}, {"Node Type": "Index Only Scan", "Parent Relationship": "Inner", "Scan Direction": "Forward", "Index Name": "keyword_pkey", "Relation Name": "keyword", "Alias": "k", "Startup Cost": 0.0, "Total Cost": 0.27, "Plan Rows": 1, "Plan Width": 4, "Index Cond": "(id = mk.keyword_id)"}]}]}, "Unique SQL Id": 2302223328, "Planner Runtime": 324}, "explain_analyze_plan": {"Plan": {"Node Type": "Aggregate", "Strategy": "Plain", "Startup Cost": 167859.79, "Total Cost": 167859.8, "Plan Rows": 1, "Plan Width": 102, "Actual Startup Time": 1765.97, "Actual Total Time": 1765.97, "Actual Rows": 1, "Actual Loops": 1, "Plans": [{"Node Type": "Nested Loop", "Parent Relationship": "Outer", "Join Type": "Inner", "Startup Cost": 4841.51, "Total Cost": 167824.58, "Plan Rows": 7042, "Plan Width": 38, "Actual Startup Time": 540.218, "Actual Total Time": 1763.049, "Actual Rows": 4371, "Actual Loops": 1, "Inner Unique": true, "Plans": [{"Node Type": "Nested Loop", "Parent Relationship": "Outer", "Join Type": "Inner", "Startup Cost": 4841.51, "Total Cost": 165852.74, "Plan Rows": 7042, "Plan Width": 42, "Actual Startup Time": 540.204, "Actual Total Time": 1747.674, "Actual Rows": 4371, "Actual Loops": 1, "Inner Unique": false, "Join Filter": "(t.id = mk.movie_id)", "Rows Removed by Join Filter": 0, "Plans": [{"Node Type": "Nested Loop", "Parent Relationship": "Outer", "Join Type": "Inner", "Startup Cost": 4841.51, "Total Cost": 165361.77, "Plan Rows": 873, "Plan Width": 54, "Actual Startup Time": 515.178, "Actual Total Time": 1740.993, "Actual Rows": 382, "Actual Loops": 1, "Inner Unique": true, "Join Filter": "(at.movie_id = t.id)", "Rows Removed by Join Filter": 0, "Plans": [{"Node Type": "Nested Loop", "Parent Relationship": "Outer", "Join Type": "Inner", "Startup Cost": 4841.51, "Total Cost": 165139.68, "Plan Rows": 630, "Plan Width": 33, "Actual Startup Time": 515.152, "Actual Total Time": 1737.867, "Actual Rows": 382, "Actual Loops": 1, "Inner Unique": true, "Plans": [{"Node Type": "Nested Loop", "Parent Relationship": "Outer", "Join Type": "Inner", "Startup Cost": 4841.51, "Total Cost": 164963.28, "Plan Rows": 630, "Plan Width": 37, "Actual Startup Time": 510.351, "Actual Total Time": 1736.191, "Actual Rows": 896, "Actual Loops": 1, "Inner Unique": true, "Plans": [{"Node Type": "Nested Loop", "Parent Relationship": "Outer", "Join Type": "Inner", "Startup Cost": 4841.51, "Total Cost": 164660.66, "Plan Rows": 1052, "Plan Width": 41, "Actual Startup Time": 510.323, "Actual Total Time": 1722.972, "Actual Rows": 2130, "Actual Loops": 1, "Inner Unique": false, "Plans": [{"Node Type": "Nested Loop", "Parent Relationship": "Outer", "Join Type": "Inner", "Startup Cost": 4841.51, "Total Cost": 164371.58, "Plan Rows": 490, "Plan Width": 29, "Actual Startup Time": 507.068, "Actual Total Time": 1716.073, "Actual Rows": 591, "Actual Loops": 1, "Inner Unique": false, "Plans": [{"Node Type": "Nested Loop", "Parent Relationship": "Outer", "Join Type": "Inner", "Startup Cost": 4841.51, "Total Cost": 163895.89, "Plan Rows": 192, "Plan Width": 4, "Actual Startup Time": 506.611, "Actual Total Time": 1679.257, "Actual Rows": 10679, "Actual Loops": 1, "Inner Unique": false, "Plans": [{"Node Type": "Index Scan", "Parent Relationship": "Outer", "Scan Direction": "Forward", "Index Name": "info_type_pkey", "Relation Name": "info_type", "Alias": "it1", "Startup Cost": 0.0, "Total Cost": 14.21, "Plan Rows": 1, "Plan Width": 4, "Actual Startup Time": 0.047, "Actual Total Time": 0.105, "Actual Rows": 1, "Actual Loops": 1, "Filter": "((info)::text = 'release dates'::text)", "Rows Removed by Filter": 111}, {"Node Type": "Bitmap Heap Scan", "Parent Relationship": "Inner", "Relation Name": "movie_info", "Alias": "mi", "Startup Cost": 4841.51, "Total Cost": 163879.76, "Plan Rows": 192, "Plan Width": 8, "Actual Startup Time": 506.555, "Actual Total Time": 1676.663, "Actual Rows": 10679, "Actual Loops": 1, "Recheck Cond": "(info_type_id = it1.id)", "Rows Removed by Index Recheck": 0, "Filter": "((note)::text ~~ '%internet%'::text)", "Rows Removed by Filter": 3026040, "Exact Heap Blocks": 21947, "Lossy Heap Blocks": 21947, "Plans": [{"Node Type": "Bitmap Index Scan", "Parent Relationship": "Outer", "Index Name": "info_type_id_movie_info", "Startup Cost": 0.0, "Total Cost": 4841.46, "Plan Rows": 212428, "Plan Width": 0, "Actual Startup Time": 500.657, "Actual Total Time": 500.657, "Actual Rows": 3036719, "Actual Loops": 1, "Index Cond": "(info_type_id = it1.id)"}]}]}, {"Node Type": "Index Scan", "Parent Relationship": "Inner", "Scan Direction": "Forward", "Index Name": "movie_id_aka_title", "Relation Name": "aka_title", "Alias": "at", "Startup Cost": 0.0, "Total Cost": 2.45, "Plan Rows": 3, "Plan Width": 25, "Actual Startup Time": 30.264, "Actual Total Time": 30.927, "Actual Rows": 591, "Actual Loops": 10679, "Index Cond": "(movie_id = mi.movie_id)", "Rows Removed by Index Recheck": 0}]}, {"Node Type": "Index Scan", "Parent Relationship": "Inner", "Scan Direction": "Forward", "Index Name": "movie_id_movie_companies", "Relation Name": "movie_companies", "Alias": "mc", "Startup Cost": 0.0, "Total Cost": 0.57, "Plan Rows": 2, "Plan Width": 12, "Actual Startup Time": 4.134, "Actual Total Time": 5.778, "Actual Rows": 2130, "Actual Loops": 591, "Index Cond": "(movie_id = at.movie_id)", "Rows Removed by Index Recheck": 0}]}, {"Node Type": "Index Scan", "Parent Relationship": "Inner", "Scan Direction": "Forward", "Index Name": "company_name_pkey", "Relation Name": "company_name", "Alias": "cn", "Startup Cost": 0.0, "Total Cost": 0.28, "Plan Rows": 1, "Plan Width": 4, "Actual Startup Time": 11.55, "Actual Total Time": 11.55, "Actual Rows": 896, "Actual Loops": 2130, "Index Cond": "(id = mc.company_id)", "Rows Removed by Index Recheck": 0, "Filter": "((country_code)::text = '[us]'::text)", "Rows Removed by Filter": 1234}]}, {"Node Type": "Index Only Scan", "Parent Relationship": "Inner", "Scan Direction": "Forward", "Index Name": "company_type_pkey", "Relation Name": "company_type", "Alias": "ct", "Startup Cost": 0.0, "Total Cost": 0.27, "Plan Rows": 1, "Plan Width": 4, "Actual Startup Time": 0.874, "Actual Total Time": 0.874, "Actual Rows": 382, "Actual Loops": 896, "Index Cond": "(id = mc.company_type_id)", "Rows Removed by Index Recheck": 0, "Heap Fetches": 0}]}, {"Node Type": "Index Scan", "Parent Relationship": "Inner", "Scan Direction": "Forward", "Index Name": "title_pkey", "Relation Name": "title", "Alias": "t", "Startup Cost": 0.0, "Total Cost": 0.34, "Plan Rows": 1, "Plan Width": 21, "Actual Startup Time": 2.434, "Actual Total Time": 2.434, "Actual Rows": 382, "Actual Loops": 382, "Index Cond": "(id = mc.movie_id)", "Rows Removed by Index Recheck": 0, "Filter": "(production_year > 1990)", "Rows Removed by Filter": 0}]}, {"Node Type": "Index Scan", "Parent Relationship": "Inner", "Scan Direction": "Forward", "Index Name": "movie_id_movie_keyword", "Relation Name": "movie_keyword", "Alias": "mk", "Startup Cost": 0.0, "Total Cost": 0.46, "Plan Rows": 8, "Plan Width": 8, "Actual Startup Time": 2.552, "Actual Total Time": 4.656, "Actual Rows": 4371, "Actual Loops": 382, "Index Cond": "(movie_id = mc.movie_id)", "Rows Removed by Index Recheck": 0}]}, {"Node Type": "Index Only Scan", "Parent Relationship": "Inner", "Scan Direction": "Forward", "Index Name": "keyword_pkey", "Relation Name": "keyword", "Alias": "k", "Startup Cost": 0.0, "Total Cost": 0.27, "Plan Rows": 1, "Plan Width": 4, "Actual Startup Time": 12.254, "Actual Total Time": 12.254, "Actual Rows": 4371, "Actual Loops": 4371, "Index Cond": "(id = mk.keyword_id)", "Rows Removed by Index Recheck": 0, "Heap Fetches": 0}]}]}, "Triggers": [], "Planner Runtime": 324, "Total Runtime": 1766.737, "Unique SQL Id": 2302223328}}, "(16, 66)": {"explain_plan": {"Plan": {"Node Type": "Aggregate", "Strategy": "Plain", "Startup Cost": 51038.61, "Total Cost": 51038.62, "Plan Rows": 1, "Plan Width": 102, "Plans": [{"Node Type": "Hash Join", "Parent Relationship": "Outer", "Join Type": "Inner", "Startup Cost": 3785.02, "Total Cost": 51003.4, "Plan Rows": 7042, "Plan Width": 38, "Inner Unique": true, "Hash Cond": "(mk.keyword_id = k.id)", "Plans": [{"Node Type": "Nested Loop", "Parent Relationship": "Outer", "Join Type": "Inner", "Startup Cost": 7.21, "Total Cost": 47130.16, "Plan Rows": 7042, "Plan Width": 42, "Inner Unique": false, "Join Filter": "(t.id = mk.movie_id)", "Plans": [{"Node Type": "Nested Loop", "Parent Relationship": "Outer", "Join Type": "Inner", "Startup Cost": 6.88, "Total Cost": 43168.46, "Plan Rows": 873, "Plan Width": 54, "Inner Unique": false, "Join Filter": "(t.id = at.movie_id)", "Plans": [{"Node Type": "Hash Join", "Parent Relationship": "Outer", "Join Type": "Inner", "Startup Cost": 6.6, "Total Cost": 41089.34, "Plan Rows": 478, "Plan Width": 29, "Inner Unique": true, "Hash Cond": "(mc.company_type_id = ct.id)", "Plans": [{"Node Type": "Nested Loop", "Parent Relationship": "Outer", "Join Type": "Inner", "Startup Cost": 5.53, "Total Cost": 41082.29, "Plan Rows": 478, "Plan Width": 33, "Inner Unique": true, "Plans": [{"Node Type": "Nested Loop", "Parent Relationship": "Outer", "Join Type": "Inner", "Startup Cost": 5.28, "Total Cost": 38649.34, "Plan Rows": 568, "Plan Width": 37, "Inner Unique": false, "Plans": [{"Node Type": "Nested Loop", "Parent Relationship": "Outer", "Join Type": "Inner", "Startup Cost": 4.99, "Total Cost": 37496.92, "Plan Rows": 266, "Plan Width": 25, "Inner Unique": true, "Plans": [{"Node Type": "Hash Join", "Parent Relationship": "Outer", "Join Type": "Inner", "Startup Cost": 2.41, "Total Cost": 36229.42, "Plan Rows": 192, "Plan Width": 4, "Inner Unique": true, "Hash Cond": "(mi.info_type_id = it1.id)", "Plans": [{"Node Type": "Streaming(type: LOCAL GATHER dop: 1/16)", "Parent Relationship": "Outer", "Startup Cost": 0.0, "Total Cost": 36174.77, "Plan Rows": 13419, "Plan Width": 8, "Plans": [{"Node Type": "Seq Scan", "Parent Relationship": "Outer", "Relation Name": "movie_info", "Alias": "mi", "Startup Cost": 0.0, "Total Cost": 35885.16, "Plan Rows": 13419, "Plan Width": 8, "Filter": "((note)::text ~~ '%internet%'::text)"}]}, {"Node Type": "Hash", "Parent Relationship": "Inner", "Startup Cost": 2.4, "Total Cost": 2.4, "Plan Rows": 1, "Plan Width": 4, "Plans": [{"Node Type": "Seq Scan", "Parent Relationship": "Outer", "Relation Name": "info_type", "Alias": "it1", "Startup Cost": 0.0, "Total Cost": 2.4, "Plan Rows": 1, "Plan Width": 4, "Filter": "((info)::text = 'release dates'::text)"}]}]}, {"Node Type": "Bitmap Heap Scan", "Parent Relationship": "Inner", "Relation Name": "title", "Alias": "t", "Startup Cost": 2.58, "Total Cost": 6.59, "Plan Rows": 1, "Plan Width": 21, "Recheck Cond": "(id = mi.movie_id)", "Filter": "(production_year > 1990)", "Plans": [{"Node Type": "Bitmap Index Scan", "Parent Relationship": "Outer", "Index Name": "title_pkey", "Startup Cost": 0.0, "Total Cost": 2.58, "Plan Rows": 1, "Plan Width": 0, "Index Cond": "(id = mi.movie_id)"}]}]}, {"Node Type": "Bitmap Heap Scan", "Parent Relationship": "Inner", "Relation Name": "movie_companies", "Alias": "mc", "Startup Cost": 0.29, "Total Cost": 4.31, "Plan Rows": 2, "Plan Width": 12, "Recheck Cond": "(movie_id = t.id)", "Plans": [{"Node Type": "Bitmap Index Scan", "Parent Relationship": "Outer", "Index Name": "movie_id_movie_companies", "Startup Cost": 0.0, "Total Cost": 0.29, "Plan Rows": 2, "Plan Width": 0, "Index Cond": "(movie_id = t.id)"}]}]}, {"Node Type": "Bitmap Heap Scan", "Parent Relationship": "Inner", "Relation Name": "company_name", "Alias": "cn", "Startup Cost": 0.26, "Total Cost": 4.27, "Plan Rows": 1, "Plan Width": 4, "Recheck Cond": "(id = mc.company_id)", "Filter": "((country_code)::text = '[us]'::text)", "Plans": [{"Node Type": "Bitmap Index Scan", "Parent Relationship": "Outer", "Index Name": "company_name_pkey", "Startup Cost": 0.0, "Total Cost": 0.26, "Plan Rows": 1, "Plan Width": 0, "Index Cond": "(id = mc.company_id)"}]}]}, {"Node Type": "Hash", "Parent Relationship": "Inner", "Startup Cost": 1.03, "Total Cost": 1.03, "Plan Rows": 3, "Plan Width": 4, "Plans": [{"Node Type": "Seq Scan", "Parent Relationship": "Outer", "Relation Name": "company_type", "Alias": "ct", "Startup Cost": 0.0, "Total Cost": 1.03, "Plan Rows": 3, "Plan Width": 4}]}]}, {"Node Type": "Bitmap Heap Scan", "Parent Relationship": "Inner", "Relation Name": "aka_title", "Alias": "at", "Startup Cost": 0.27, "Total Cost": 4.31, "Plan Rows": 3, "Plan Width": 25, "Recheck Cond": "(movie_id = mc.movie_id)", "Plans": [{"Node Type": "Bitmap Index Scan", "Parent Relationship": "Outer", "Index Name": "movie_id_aka_title", "Startup Cost": 0.0, "Total Cost": 0.27, "Plan Rows": 3, "Plan Width": 0, "Index Cond": "(movie_id = mc.movie_id)"}]}]}, {"Node Type": "Bitmap Heap Scan", "Parent Relationship": "Inner", "Relation Name": "movie_keyword", "Alias": "mk", "Startup Cost": 0.34, "Total Cost": 4.44, "Plan Rows": 8, "Plan Width": 8, "Recheck Cond": "(movie_id = mc.movie_id)", "Plans": [{"Node Type": "Bitmap Index Scan", "Parent Relationship": "Outer", "Index Name": "movie_id_movie_keyword", "Startup Cost": 0.0, "Total Cost": 0.34, "Plan Rows": 8, "Plan Width": 0, "Index Cond": "(movie_id = mc.movie_id)"}]}]}, {"Node Type": "Hash", "Parent Relationship": "Inner", "Startup Cost": 2100.69, "Total Cost": 2100.69, "Plan Rows": 134169, "Plan Width": 4, "Plans": [{"Node Type": "Seq Scan", "Parent Relationship": "Outer", "Relation Name": "keyword", "Alias": "k", "Startup Cost": 0.0, "Total Cost": 2100.69, "Plan Rows": 134169, "Plan Width": 4}]}]}]}, "Unique SQL Id": 2302223328, "Planner Runtime": 451}, "explain_analyze_plan": {"Plan": {"Node Type": "Aggregate", "Strategy": "Plain", "Startup Cost": 51038.61, "Total Cost": 51038.62, "Plan Rows": 1, "Plan Width": 102, "Actual Min Startup Time": 605.367, "Actual Max Startup Time": 605.367, "Actual Min Total Time": 605.367, "Actual Max Total Time": 605.367, "Plans": [{"Node Type": "Hash Join", "Parent Relationship": "Outer", "Join Type": "Inner", "Startup Cost": 3785.02, "Total Cost": 51003.4, "Plan Rows": 7042, "Plan Width": 38, "Actual Min Startup Time": 108.313, "Actual Max Startup Time": 108.313, "Actual Min Total Time": 602.903, "Actual Max Total Time": 602.903, "Inner Unique": true, "Hash Cond": "(mk.keyword_id = k.id)", "Plans": [{"Node Type": "Nested Loop", "Parent Relationship": "Outer", "Join Type": "Inner", "Startup Cost": 7.21, "Total Cost": 47130.16, "Plan Rows": 7042, "Plan Width": 42, "Actual Min Startup Time": 17.933, "Actual Max Startup Time": 17.933, "Actual Min Total Time": 509.826, "Actual Max Total Time": 509.826, "Inner Unique": false, "Join Filter": "(t.id = mk.movie_id)", "Rows Removed by Join Filter": 0, "Plans": [{"Node Type": "Nested Loop", "Parent Relationship": "Outer", "Join Type": "Inner", "Startup Cost": 6.88, "Total Cost": 43168.46, "Plan Rows": 873, "Plan Width": 54, "Actual Min Startup Time": 15.806, "Actual Max Startup Time": 15.806, "Actual Min Total Time": 503.045, "Actual Max Total Time": 503.045, "Inner Unique": false, "Join Filter": "(t.id = at.movie_id)", "Rows Removed by Join Filter": 0, "Plans": [{"Node Type": "Hash Join", "Parent Relationship": "Outer", "Join Type": "Inner", "Startup Cost": 6.6, "Total Cost": 41089.34, "Plan Rows": 478, "Plan Width": 29, "Actual Min Startup Time": 15.573, "Actual Max Startup Time": 15.573, "Actual Min Total Time": 470.543, "Actual Max Total Time": 470.543, "Inner Unique": true, "Hash Cond": "(mc.company_type_id = ct.id)", "Plans": [{"Node Type": "Nested Loop", "Parent Relationship": "Outer", "Join Type": "Inner", "Startup Cost": 5.53, "Total Cost": 41082.29, "Plan Rows": 478, "Plan Width": 33, "Actual Min Startup Time": 15.42, "Actual Max Startup Time": 15.42, "Actual Min Total Time": 465.733, "Actual Max Total Time": 465.733, "Inner Unique": true, "Plans": [{"Node Type": "Nested Loop", "Parent Relationship": "Outer", "Join Type": "Inner", "Startup Cost": 5.28, "Total Cost": 38649.34, "Plan Rows": 568, "Plan Width": 37, "Actual Min Startup Time": 15.38, "Actual Max Startup Time": 15.38, "Actual Min Total Time": 353.68, "Actual Max Total Time": 353.68, "Inner Unique": false, "Plans": [{"Node Type": "Nested Loop", "Parent Relationship": "Outer", "Join Type": "Inner", "Startup Cost": 4.99, "Total Cost": 37496.92, "Plan Rows": 266, "Plan Width": 25, "Actual Min Startup Time": 15.337, "Actual Max Startup Time": 15.337, "Actual Min Total Time": 244.904, "Actual Max Total Time": 244.904, "Inner Unique": true, "Plans": [{"Node Type": "Hash Join", "Parent Relationship": "Outer", "Join Type": "Inner", "Startup Cost": 2.41, "Total Cost": 36229.42, "Plan Rows": 192, "Plan Width": 4, "Actual Min Startup Time": 15.265, "Actual Max Startup Time": 15.265, "Actual Min Total Time": 141.915, "Actual Max Total Time": 141.915, "Inner Unique": true, "Hash Cond": "(mi.info_type_id = it1.id)", "Plans": [{"Node Type": "Streaming(type: LOCAL GATHER dop: 1/16)", "Parent Relationship": "Outer", "Startup Cost": 0.0, "Total Cost": 36174.77, "Plan Rows": 13419, "Plan Width": 8, "Actual Min Startup Time": 15.12, "Actual Max Startup Time": 15.12, "Actual Min Total Time": 134.668, "Actual Max Total Time": 134.668, "Plans": [{"Node Type": "Seq Scan", "Parent Relationship": "Outer", "Relation Name": "movie_info", "Alias": "mi", "Startup Cost": 0.0, "Total Cost": 35885.16, "Plan Rows": 13419, "Plan Width": 8, "Actual Min Startup Time": 7.41, "Actual Max Startup Time": 78.283, "Actual Min Total Time": 271.973, "Actual Max Total Time": 282.36, "Filter": "((note)::text ~~ '%internet%'::text)", "Rows Removed by Filter": 14824909, "Actual Rows": 10810}], "Actual Rows": 10810}, {"Node Type": "Hash", "Parent Relationship": "Inner", "Startup Cost": 2.4, "Total Cost": 2.4, "Plan Rows": 1, "Plan Width": 4, "Actual Min Startup Time": 0.071, "Actual Max Startup Time": 0.071, "Actual Min Total Time": 0.071, "Actual Max Total Time": 0.071, "Max Hash Buckets": 32768, "Min Hash Buckets": 32768, "Max Hash Batches": 1, "Min Hash Batches": 1, "Max Original Hash Batches": 1, "Min Original Hash Batches": 1, "Max Peak Memory Usage": 1, "min Peak Memory Usage": 1, "Plans": [{"Node Type": "Seq Scan", "Parent Relationship": "Outer", "Relation Name": "info_type", "Alias": "it1", "Startup Cost": 0.0, "Total Cost": 2.4, "Plan Rows": 1, "Plan Width": 4, "Actual Min Startup Time": 0.047, "Actual Max Startup Time": 0.047, "Actual Min Total Time": 0.066, "Actual Max Total Time": 0.066, "Filter": "((info)::text = 'release dates'::text)", "Rows Removed by Filter": 111, "Actual Rows": 1}], "Actual Rows": 1}], "Actual Rows": 10679}, {"Node Type": "Bitmap Heap Scan", "Parent Relationship": "Inner", "Relation Name": "title", "Alias": "t", "Startup Cost": 2.58, "Total Cost": 6.59, "Plan Rows": 1, "Plan Width": 21, "Actual Min Startup Time": 88.727, "Actual Max Startup Time": 88.727, "Actual Min Total Time": 88.727, "Actual Max Total Time": 88.727, "Recheck Cond": "(id = mi.movie_id)", "Rows Removed by Index Recheck": 0, "Filter": "(production_year > 1990)", "Rows Removed by Filter": 17, "Exact Heap Blocks": 10679, "Lossy Heap Blocks": 10679, "Plans": [{"Node Type": "Bitmap Index Scan", "Parent Relationship": "Outer", "Index Name": "title_pkey", "Startup Cost": 0.0, "Total Cost": 2.58, "Plan Rows": 1, "Plan Width": 0, "Actual Min Startup Time": 46.197, "Actual Max Startup Time": 46.197, "Actual Min Total Time": 46.197, "Actual Max Total Time": 46.197, "Index Cond": "(id = mi.movie_id)", "Actual Rows": 10679}], "Actual Rows": 10662}], "Actual Rows": 10662}, {"Node Type": "Bitmap Heap Scan", "Parent Relationship": "Inner", "Relation Name": "movie_companies", "Alias": "mc", "Startup Cost": 0.29, "Total Cost": 4.31, "Plan Rows": 2, "Plan Width": 12, "Actual Min Startup Time": 80.911, "Actual Max Startup Time": 80.911, "Actual Min Total Time": 92.155, "Actual Max Total Time": 92.155, "Recheck Cond": "(movie_id = t.id)", "Rows Removed by Index Recheck": 0, "Exact Heap Blocks": 11694, "Lossy Heap Blocks": 11694, "Plans": [{"Node Type": "Bitmap Index Scan", "Parent Relationship": "Outer", "Index Name": "movie_id_movie_companies", "Startup Cost": 0.0, "Total Cost": 0.29, "Plan Rows": 2, "Plan Width": 0, "Actual Min Startup Time": 52.102, "Actual Max Startup Time": 52.102, "Actual Min Total Time": 52.102, "Actual Max Total Time": 52.102, "Index Cond": "(movie_id = t.id)", "Actual Rows": 14377}], "Actual Rows": 14377}], "Actual Rows": 14377}, {"Node Type": "Bitmap Heap Scan", "Parent Relationship": "Inner", "Relation Name": "company_name", "Alias": "cn", "Startup Cost": 0.26, "Total Cost": 4.27, "Plan Rows": 1, "Plan Width": 4, "Actual Min Startup Time": 93.876, "Actual Max Startup Time": 93.876, "Actual Min Total Time": 93.876, "Actual Max Total Time": 93.876, "Recheck Cond": "(id = mc.company_id)", "Rows Removed by Index Recheck": 0, "Filter": "((country_code)::text = '[us]'::text)", "Rows Removed by Filter": 4520, "Exact Heap Blocks": 14377, "Lossy Heap Blocks": 14377, "Plans": [{"Node Type": "Bitmap Index Scan", "Parent Relationship": "Outer", "Index Name": "company_name_pkey", "Startup Cost": 0.0, "Total Cost": 0.26, "Plan Rows": 1, "Plan Width": 0, "Actual Min Startup Time": 49.66, "Actual Max Startup Time": 49.66, "Actual Min Total Time": 49.66, "Actual Max Total Time": 49.66, "Index Cond": "(id = mc.company_id)", "Actual Rows": 14377}], "Actual Rows": 9857}], "Actual Rows": 9857}, {"Node Type": "Hash", "Parent Relationship": "Inner", "Startup Cost": 1.03, "Total Cost": 1.03, "Plan Rows": 3, "Plan Width": 4, "Actual Min Startup Time": 0.031, "Actual Max Startup Time": 0.031, "Actual Min Total Time": 0.031, "Actual Max Total Time": 0.031, "Max Hash Buckets": 32768, "Min Hash Buckets": 32768, "Max Hash Batches": 1, "Min Hash Batches": 1, "Max Original Hash Batches": 1, "Min Original Hash Batches": 1, "Max Peak Memory Usage": 1, "min Peak Memory Usage": 1, "Plans": [{"Node Type": "Seq Scan", "Parent Relationship": "Outer", "Relation Name": "company_type", "Alias": "ct", "Startup Cost": 0.0, "Total Cost": 1.03, "Plan Rows": 3, "Plan Width": 4, "Actual Min Startup Time": 0.012, "Actual Max Startup Time": 0.012, "Actual Min Total Time": 0.013, "Actual Max Total Time": 0.013, "Actual Rows": 3}], "Actual Rows": 3}], "Actual Rows": 5914}, {"Node Type": "Bitmap Heap Scan", "Parent Relationship": "Inner", "Relation Name": "aka_title", "Alias": "at", "Startup Cost": 0.27, "Total Cost": 4.31, "Plan Rows": 3, "Plan Width": 25, "Actual Min Startup Time": 24.381, "Actual Max Startup Time": 24.381, "Actual Min Total Time": 24.674, "Actual Max Total Time": 24.674, "Recheck Cond": "(movie_id = mc.movie_id)", "Rows Removed by Index Recheck": 0, "Exact Heap Blocks": 382, "Lossy Heap Blocks": 382, "Plans": [{"Node Type": "Bitmap Index Scan", "Parent Relationship": "Outer", "Index Name": "movie_id_aka_title", "Startup Cost": 0.0, "Total Cost": 0.27, "Plan Rows": 3, "Plan Width": 0, "Actual Min Startup Time": 20.114, "Actual Max Startup Time": 20.114, "Actual Min Total Time": 20.114, "Actual Max Total Time": 20.114, "Index Cond": "(movie_id = mc.movie_id)", "Actual Rows": 382}], "Actual Rows": 382}], "Actual Rows": 382}, {"Node Type": "Bitmap Heap Scan", "Parent Relationship": "Inner", "Relation Name": "movie_keyword", "Alias": "mk", "Startup Cost": 0.34, "Total Cost": 4.44, "Plan Rows": 8, "Plan Width": 8, "Actual Min Startup Time": 4.068, "Actual Max Startup Time": 4.068, "Actual Min Total Time": 4.704, "Actual Max Total Time": 4.704, "Recheck Cond": "(movie_id = mc.movie_id)", "Rows Removed by Index Recheck": 0, "Exact Heap Blocks": 276, "Lossy Heap Blocks": 276, "Plans": [{"Node Type": "Bitmap Index Scan", "Parent Relationship": "Outer", "Index Name": "movie_id_movie_keyword", "Startup Cost": 0.0, "Total Cost": 0.34, "Plan Rows": 8, "Plan Width": 0, "Actual Min Startup Time": 2.587, "Actual Max Startup Time": 2.587, "Actual Min Total Time": 2.587, "Actual Max Total Time": 2.587, "Index Cond": "(movie_id = mc.movie_id)", "Actual Rows": 4371}], "Actual Rows": 4371}], "Actual Rows": 4371}, {"Node Type": "Hash", "Parent Relationship": "Inner", "Startup Cost": 2100.69, "Total Cost": 2100.69, "Plan Rows": 134169, "Plan Width": 4, "Actual Min Startup Time": 89.944, "Actual Max Startup Time": 89.944, "Actual Min Total Time": 89.944, "Actual Max Total Time": 89.944, "Max Hash Buckets": 262144, "Min Hash Buckets": 262144, "Max Hash Batches": 1, "Min Hash Batches": 1, "Max Original Hash Batches": 1, "Min Original Hash Batches": 1, "Max Peak Memory Usage": 4717, "min Peak Memory Usage": 4717, "Plans": [{"Node Type": "Seq Scan", "Parent Relationship": "Outer", "Relation Name": "keyword", "Alias": "k", "Startup Cost": 0.0, "Total Cost": 2100.69, "Plan Rows": 134169, "Plan Width": 4, "Actual Min Startup Time": 0.079, "Actual Max Startup Time": 0.079, "Actual Min Total Time": 39.513, "Actual Max Total Time": 39.513, "Actual Rows": 134169}], "Actual Rows": 134169}], "Actual Rows": 4371}], "Actual Rows": 1}, "Triggers": [], "Planner Runtime": 450, "Total Runtime": 609.736, "Unique SQL Id": 2302223328}}, "(16, 67)": {"explain_plan": {"Plan": {"Node Type": "Aggregate", "Strategy": "Plain", "Startup Cost": 179468.98, "Total Cost": 179468.99, "Plan Rows": 1, "Plan Width": 102, "Plans": [{"Node Type": "Hash Join", "Parent Relationship": "Outer", "Join Type": "Inner", "Startup Cost": 9396.83, "Total Cost": 179433.77, "Plan Rows": 7042, "Plan Width": 38, "Inner Unique": true, "Hash Cond": "(mk.keyword_id = k.id)", "Plans": [{"Node Type": "Nested Loop", "Parent Relationship": "Outer", "Join Type": "Inner", "Startup Cost": 4866.39, "Total Cost": 174807.89, "Plan Rows": 7042, "Plan Width": 42, "Inner Unique": false, "Join Filter": "(t.id = mk.movie_id)", "Plans": [{"Node Type": "Nested Loop", "Parent Relationship": "Outer", "Join Type": "Inner", "Startup Cost": 4866.05, "Total Cost": 170846.19, "Plan Rows": 873, "Plan Width": 54, "Inner Unique": false, "Join Filter": "(t.id = at.movie_id)", "Plans": [{"Node Type": "Hash Join", "Parent Relationship": "Outer", "Join Type": "Inner", "Startup Cost": 4865.77, "Total Cost": 168767.07, "Plan Rows": 478, "Plan Width": 29, "Inner Unique": true, "Hash Cond": "(mc.company_type_id = ct.id)", "Plans": [{"Node Type": "Nested Loop", "Parent Relationship": "Outer", "Join Type": "Inner", "Startup Cost": 4853.44, "Total Cost": 168748.76, "Plan Rows": 478, "Plan Width": 33, "Inner Unique": true, "Plans": [{"Node Type": "Nested Loop", "Parent Relationship": "Outer", "Join Type": "Inner", "Startup Cost": 4853.18, "Total Cost": 166315.81, "Plan Rows": 568, "Plan Width": 37, "Inner Unique": false, "Plans": [{"Node Type": "Nested Loop", "Parent Relationship": "Outer", "Join Type": "Inner", "Startup Cost": 4852.89, "Total Cost": 165163.39, "Plan Rows": 266, "Plan Width": 25, "Inner Unique": true, "Plans": [{"Node Type": "Nested Loop", "Parent Relationship": "Outer", "Join Type": "Inner", "Startup Cost": 4850.32, "Total Cost": 163895.89, "Plan Rows": 192, "Plan Width": 4, "Inner Unique": false, "Plans": [{"Node Type": "Bitmap Heap Scan", "Parent Relationship": "Outer", "Relation Name": "info_type", "Alias": "it1", "Startup Cost": 8.81, "Total Cost": 14.21, "Plan Rows": 1, "Plan Width": 4, "Filter": "((info)::text = 'release dates'::text)", "Plans": [{"Node Type": "Bitmap Index Scan", "Parent Relationship": "Outer", "Index Name": "info_type_pkey", "Startup Cost": 0.0, "Total Cost": 8.81, "Plan Rows": 112, "Plan Width": 0}]}, {"Node Type": "Bitmap Heap Scan", "Parent Relationship": "Inner", "Relation Name": "movie_info", "Alias": "mi", "Startup Cost": 4841.51, "Total Cost": 163879.76, "Plan Rows": 192, "Plan Width": 8, "Recheck Cond": "(info_type_id = it1.id)", "Filter": "((note)::text ~~ '%internet%'::text)", "Plans": [{"Node Type": "Bitmap Index Scan", "Parent Relationship": "Outer", "Index Name": "info_type_id_movie_info", "Startup Cost": 0.0, "Total Cost": 4841.46, "Plan Rows": 212428, "Plan Width": 0, "Index Cond": "(info_type_id = it1.id)"}]}]}, {"Node Type": "Bitmap Heap Scan", "Parent Relationship": "Inner", "Relation Name": "title", "Alias": "t", "Startup Cost": 2.58, "Total Cost": 6.59, "Plan Rows": 1, "Plan Width": 21, "Recheck Cond": "(id = mi.movie_id)", "Filter": "(production_year > 1990)", "Plans": [{"Node Type": "Bitmap Index Scan", "Parent Relationship": "Outer", "Index Name": "title_pkey", "Startup Cost": 0.0, "Total Cost": 2.58, "Plan Rows": 1, "Plan Width": 0, "Index Cond": "(id = mi.movie_id)"}]}]}, {"Node Type": "Bitmap Heap Scan", "Parent Relationship": "Inner", "Relation Name": "movie_companies", "Alias": "mc", "Startup Cost": 0.29, "Total Cost": 4.31, "Plan Rows": 2, "Plan Width": 12, "Recheck Cond": "(movie_id = t.id)", "Plans": [{"Node Type": "Bitmap Index Scan", "Parent Relationship": "Outer", "Index Name": "movie_id_movie_companies", "Startup Cost": 0.0, "Total Cost": 0.29, "Plan Rows": 2, "Plan Width": 0, "Index Cond": "(movie_id = t.id)"}]}]}, {"Node Type": "Bitmap Heap Scan", "Parent Relationship": "Inner", "Relation Name": "company_name", "Alias": "cn", "Startup Cost": 0.26, "Total Cost": 4.27, "Plan Rows": 1, "Plan Width": 4, "Recheck Cond": "(id = mc.company_id)", "Filter": "((country_code)::text = '[us]'::text)", "Plans": [{"Node Type": "Bitmap Index Scan", "Parent Relationship": "Outer", "Index Name": "company_name_pkey", "Startup Cost": 0.0, "Total Cost": 0.26, "Plan Rows": 1, "Plan Width": 0, "Index Cond": "(id = mc.company_id)"}]}]}, {"Node Type": "Hash", "Parent Relationship": "Inner", "Startup Cost": 12.3, "Total Cost": 12.3, "Plan Rows": 3, "Plan Width": 4, "Plans": [{"Node Type": "Bitmap Heap Scan", "Parent Relationship": "Outer", "Relation Name": "company_type", "Alias": "ct", "Startup Cost": 8.27, "Total Cost": 12.3, "Plan Rows": 3, "Plan Width": 4, "Plans": [{"Node Type": "Bitmap Index Scan", "Parent Relationship": "Outer", "Index Name": "company_type_pkey", "Startup Cost": 0.0, "Total Cost": 8.27, "Plan Rows": 3, "Plan Width": 0}]}]}]}, {"Node Type": "Bitmap Heap Scan", "Parent Relationship": "Inner", "Relation Name": "aka_title", "Alias": "at", "Startup Cost": 0.27, "Total Cost": 4.31, "Plan Rows": 3, "Plan Width": 25, "Recheck Cond": "(movie_id = mc.movie_id)", "Plans": [{"Node Type": "Bitmap Index Scan", "Parent Relationship": "Outer", "Index Name": "movie_id_aka_title", "Startup Cost": 0.0, "Total Cost": 0.27, "Plan Rows": 3, "Plan Width": 0, "Index Cond": "(movie_id = mc.movie_id)"}]}]}, {"Node Type": "Bitmap Heap Scan", "Parent Relationship": "Inner", "Relation Name": "movie_keyword", "Alias": "mk", "Startup Cost": 0.34, "Total Cost": 4.44, "Plan Rows": 8, "Plan Width": 8, "Recheck Cond": "(movie_id = mc.movie_id)", "Plans": [{"Node Type": "Bitmap Index Scan", "Parent Relationship": "Outer", "Index Name": "movie_id_movie_keyword", "Startup Cost": 0.0, "Total Cost": 0.34, "Plan Rows": 8, "Plan Width": 0, "Index Cond": "(movie_id = mc.movie_id)"}]}]}, {"Node Type": "Hash", "Parent Relationship": "Inner", "Startup Cost": 2853.33, "Total Cost": 2853.33, "Plan Rows": 134169, "Plan Width": 4, "Plans": [{"Node Type": "Bitmap Heap Scan", "Parent Relationship": "Outer", "Relation Name": "keyword", "Alias": "k", "Startup Cost": 752.64, "Total Cost": 2853.33, "Plan Rows": 134169, "Plan Width": 4, "Plans": [{"Node Type": "Bitmap Index Scan", "Parent Relationship": "Outer", "Index Name": "keyword_pkey", "Startup Cost": 0.0, "Total Cost": 719.1, "Plan Rows": 134169, "Plan Width": 0}]}]}]}]}, "Unique SQL Id": 2302223328, "Planner Runtime": 214}, "explain_analyze_plan": null}, "(16, 68)": {"explain_plan": {"Plan": {"Node Type": "Aggregate", "Strategy": "Plain", "Startup Cost": 40198.05, "Total Cost": 40198.06, "Plan Rows": 1, "Plan Width": 102, "Plans": [{"Node Type": "Nested Loop", "Parent Relationship": "Outer", "Join Type": "Inner", "Startup Cost": 2.41, "Total Cost": 40162.84, "Plan Rows": 7042, "Plan Width": 38, "Inner Unique": true, "Plans": [{"Node Type": "Nested Loop", "Parent Relationship": "Outer", "Join Type": "Inner", "Startup Cost": 2.41, "Total Cost": 38186.28, "Plan Rows": 7042, "Plan Width": 42, "Inner Unique": false, "Join Filter": "(t.id = mk.movie_id)", "Plans": [{"Node Type": "Nested Loop", "Parent Relationship": "Outer", "Join Type": "Inner", "Startup Cost": 2.41, "Total Cost": 37695.3, "Plan Rows": 873, "Plan Width": 54, "Inner Unique": true, "Join Filter": "(at.movie_id = t.id)", "Plans": [{"Node Type": "Nested Loop", "Parent Relationship": "Outer", "Join Type": "Inner", "Startup Cost": 2.41, "Total Cost": 37473.22, "Plan Rows": 630, "Plan Width": 33, "Inner Unique": true, "Plans": [{"Node Type": "Nested Loop", "Parent Relationship": "Outer", "Join Type": "Inner", "Startup Cost": 2.41, "Total Cost": 37296.82, "Plan Rows": 630, "Plan Width": 37, "Inner Unique": true, "Plans": [{"Node Type": "Nested Loop", "Parent Relationship": "Outer", "Join Type": "Inner", "Startup Cost": 2.41, "Total Cost": 36994.2, "Plan Rows": 1052, "Plan Width": 41, "Inner Unique": false, "Plans": [{"Node Type": "Nested Loop", "Parent Relationship": "Outer", "Join Type": "Inner", "Startup Cost": 2.41, "Total Cost": 36705.12, "Plan Rows": 490, "Plan Width": 29, "Inner Unique": false, "Plans": [{"Node Type": "Hash Join", "Parent Relationship": "Outer", "Join Type": "Inner", "Startup Cost": 2.41, "Total Cost": 36229.42, "Plan Rows": 192, "Plan Width": 4, "Inner Unique": true, "Hash Cond": "(mi.info_type_id = it1.id)", "Plans": [{"Node Type": "Streaming(type: LOCAL GATHER dop: 1/16)", "Parent Relationship": "Outer", "Startup Cost": 0.0, "Total Cost": 36174.77, "Plan Rows": 13419, "Plan Width": 8, "Plans": [{"Node Type": "Seq Scan", "Parent Relationship": "Outer", "Relation Name": "movie_info", "Alias": "mi", "Startup Cost": 0.0, "Total Cost": 35885.16, "Plan Rows": 13419, "Plan Width": 8, "Filter": "((note)::text ~~ '%internet%'::text)"}]}, {"Node Type": "Hash", "Parent Relationship": "Inner", "Startup Cost": 2.4, "Total Cost": 2.4, "Plan Rows": 1, "Plan Width": 4, "Plans": [{"Node Type": "Seq Scan", "Parent Relationship": "Outer", "Relation Name": "info_type", "Alias": "it1", "Startup Cost": 0.0, "Total Cost": 2.4, "Plan Rows": 1, "Plan Width": 4, "Filter": "((info)::text = 'release dates'::text)"}]}]}, {"Node Type": "Index Scan", "Parent Relationship": "Inner", "Scan Direction": "Forward", "Index Name": "movie_id_aka_title", "Relation Name": "aka_title", "Alias": "at", "Startup Cost": 0.0, "Total Cost": 2.45, "Plan Rows": 3, "Plan Width": 25, "Index Cond": "(movie_id = mi.movie_id)"}]}, {"Node Type": "Index Scan", "Parent Relationship": "Inner", "Scan Direction": "Forward", "Index Name": "movie_id_movie_companies", "Relation Name": "movie_companies", "Alias": "mc", "Startup Cost": 0.0, "Total Cost": 0.57, "Plan Rows": 2, "Plan Width": 12, "Index Cond": "(movie_id = at.movie_id)"}]}, {"Node Type": "Index Scan", "Parent Relationship": "Inner", "Scan Direction": "Forward", "Index Name": "company_name_pkey", "Relation Name": "company_name", "Alias": "cn", "Startup Cost": 0.0, "Total Cost": 0.28, "Plan Rows": 1, "Plan Width": 4, "Index Cond": "(id = mc.company_id)", "Filter": "((country_code)::text = '[us]'::text)"}]}, {"Node Type": "Index Scan", "Parent Relationship": "Inner", "Scan Direction": "Forward", "Index Name": "company_type_pkey", "Relation Name": "company_type", "Alias": "ct", "Startup Cost": 0.0, "Total Cost": 0.27, "Plan Rows": 1, "Plan Width": 4, "Index Cond": "(id = mc.company_type_id)"}]}, {"Node Type": "Index Scan", "Parent Relationship": "Inner", "Scan Direction": "Forward", "Index Name": "title_pkey", "Relation Name": "title", "Alias": "t", "Startup Cost": 0.0, "Total Cost": 0.34, "Plan Rows": 1, "Plan Width": 21, "Index Cond": "(id = mc.movie_id)", "Filter": "(production_year > 1990)"}]}, {"Node Type": "Index Scan", "Parent Relationship": "Inner", "Scan Direction": "Forward", "Index Name": "movie_id_movie_keyword", "Relation Name": "movie_keyword", "Alias": "mk", "Startup Cost": 0.0, "Total Cost": 0.46, "Plan Rows": 8, "Plan Width": 8, "Index Cond": "(movie_id = mc.movie_id)"}]}, {"Node Type": "Index Scan", "Parent Relationship": "Inner", "Scan Direction": "Forward", "Index Name": "keyword_pkey", "Relation Name": "keyword", "Alias": "k", "Startup Cost": 0.0, "Total Cost": 0.27, "Plan Rows": 1, "Plan Width": 4, "Index Cond": "(id = mk.keyword_id)"}]}]}, "Unique SQL Id": 2302223328, "Planner Runtime": 373}, "explain_analyze_plan": {"Plan": {"Node Type": "Aggregate", "Strategy": "Plain", "Startup Cost": 40198.05, "Total Cost": 40198.06, "Plan Rows": 1, "Plan Width": 102, "Actual Min Startup Time": 322.696, "Actual Max Startup Time": 322.696, "Actual Min Total Time": 322.696, "Actual Max Total Time": 322.696, "Plans": [{"Node Type": "Nested Loop", "Parent Relationship": "Outer", "Join Type": "Inner", "Startup Cost": 2.41, "Total Cost": 40162.84, "Plan Rows": 7042, "Plan Width": 38, "Actual Min Startup Time": 96.305, "Actual Max Startup Time": 96.305, "Actual Min Total Time": 319.878, "Actual Max Total Time": 319.878, "Inner Unique": true, "Plans": [{"Node Type": "Nested Loop", "Parent Relationship": "Outer", "Join Type": "Inner", "Startup Cost": 2.41, "Total Cost": 38186.28, "Plan Rows": 7042, "Plan Width": 42, "Actual Min Startup Time": 96.289, "Actual Max Startup Time": 96.289, "Actual Min Total Time": 302.075, "Actual Max Total Time": 302.075, "Inner Unique": false, "Join Filter": "(t.id = mk.movie_id)", "Rows Removed by Join Filter": 0, "Plans": [{"Node Type": "Nested Loop", "Parent Relationship": "Outer", "Join Type": "Inner", "Startup Cost": 2.41, "Total Cost": 37695.3, "Plan Rows": 873, "Plan Width": 54, "Actual Min Startup Time": 92.399, "Actual Max Startup Time": 92.399, "Actual Min Total Time": 296.35, "Actual Max Total Time": 296.35, "Inner Unique": true, "Join Filter": "(at.movie_id = t.id)", "Rows Removed by Join Filter": 0, "Plans": [{"Node Type": "Nested Loop", "Parent Relationship": "Outer", "Join Type": "Inner", "Startup Cost": 2.41, "Total Cost": 37473.22, "Plan Rows": 630, "Plan Width": 33, "Actual Min Startup Time": 92.373, "Actual Max Startup Time": 92.373, "Actual Min Total Time": 293.991, "Actual Max Total Time": 293.991, "Inner Unique": true, "Plans": [{"Node Type": "Nested Loop", "Parent Relationship": "Outer", "Join Type": "Inner", "Startup Cost": 2.41, "Total Cost": 37296.82, "Plan Rows": 630, "Plan Width": 37, "Actual Min Startup Time": 92.354, "Actual Max Startup Time": 92.354, "Actual Min Total Time": 292.254, "Actual Max Total Time": 292.254, "Inner Unique": true, "Plans": [{"Node Type": "Nested Loop", "Parent Relationship": "Outer", "Join Type": "Inner", "Startup Cost": 2.41, "Total Cost": 36994.2, "Plan Rows": 1052, "Plan Width": 41, "Actual Min Startup Time": 92.332, "Actual Max Startup Time": 92.332, "Actual Min Total Time": 281.707, "Actual Max Total Time": 281.707, "Inner Unique": false, "Plans": [{"Node Type": "Nested Loop", "Parent Relationship": "Outer", "Join Type": "Inner", "Startup Cost": 2.41, "Total Cost": 36705.12, "Plan Rows": 490, "Plan Width": 29, "Actual Min Startup Time": 92.305, "Actual Max Startup Time": 92.305, "Actual Min Total Time": 276.463, "Actual Max Total Time": 276.463, "Inner Unique": false, "Plans": [{"Node Type": "Hash Join", "Parent Relationship": "Outer", "Join Type": "Inner", "Startup Cost": 2.41, "Total Cost": 36229.42, "Plan Rows": 192, "Plan Width": 4, "Actual Min Startup Time": 92.175, "Actual Max Startup Time": 92.175, "Actual Min Total Time": 245.761, "Actual Max Total Time": 245.761, "Inner Unique": true, "Hash Cond": "(mi.info_type_id = it1.id)", "Plans": [{"Node Type": "Streaming(type: LOCAL GATHER dop: 1/16)", "Parent Relationship": "Outer", "Startup Cost": 0.0, "Total Cost": 36174.77, "Plan Rows": 13419, "Plan Width": 8, "Actual Min Startup Time": 91.945, "Actual Max Startup Time": 91.945, "Actual Min Total Time": 240.232, "Actual Max Total Time": 240.232, "Plans": [{"Node Type": "Seq Scan", "Parent Relationship": "Outer", "Relation Name": "movie_info", "Alias": "mi", "Startup Cost": 0.0, "Total Cost": 35885.16, "Plan Rows": 13419, "Plan Width": 8, "Actual Min Startup Time": 6.899, "Actual Max Startup Time": 73.169, "Actual Min Total Time": 246.88, "Actual Max Total Time": 276.118, "Filter": "((note)::text ~~ '%internet%'::text)", "Rows Removed by Filter": 14824909, "Actual Rows": 10810}], "Actual Rows": 10810}, {"Node Type": "Hash", "Parent Relationship": "Inner", "Startup Cost": 2.4, "Total Cost": 2.4, "Plan Rows": 1, "Plan Width": 4, "Actual Min Startup Time": 0.123, "Actual Max Startup Time": 0.123, "Actual Min Total Time": 0.123, "Actual Max Total Time": 0.123, "Max Hash Buckets": 32768, "Min Hash Buckets": 32768, "Max Hash Batches": 1, "Min Hash Batches": 1, "Max Original Hash Batches": 1, "Min Original Hash Batches": 1, "Max Peak Memory Usage": 1, "min Peak Memory Usage": 1, "Plans": [{"Node Type": "Seq Scan", "Parent Relationship": "Outer", "Relation Name": "info_type", "Alias": "it1", "Startup Cost": 0.0, "Total Cost": 2.4, "Plan Rows": 1, "Plan Width": 4, "Actual Min Startup Time": 0.083, "Actual Max Startup Time": 0.083, "Actual Min Total Time": 0.105, "Actual Max Total Time": 0.105, "Filter": "((info)::text = 'release dates'::text)", "Rows Removed by Filter": 111, "Actual Rows": 1}], "Actual Rows": 1}], "Actual Rows": 10679}, {"Node Type": "Index Scan", "Parent Relationship": "Inner", "Scan Direction": "Forward", "Index Name": "movie_id_aka_title", "Relation Name": "aka_title", "Alias": "at", "Startup Cost": 0.0, "Total Cost": 2.45, "Plan Rows": 3, "Plan Width": 25, "Actual Min Startup Time": 25.181, "Actual Max Startup Time": 25.181, "Actual Min Total Time": 25.679, "Actual Max Total Time": 25.679, "Index Cond": "(movie_id = mi.movie_id)", "Rows Removed by Index Recheck": 0, "Actual Rows": 591}], "Actual Rows": 591}, {"Node Type": "Index Scan", "Parent Relationship": "Inner", "Scan Direction": "Forward", "Index Name": "movie_id_movie_companies", "Relation Name": "movie_companies", "Alias": "mc", "Startup Cost": 0.0, "Total Cost": 0.57, "Plan Rows": 2, "Plan Width": 12, "Actual Min Startup Time": 3.015, "Actual Max Startup Time": 3.015, "Actual Min Total Time": 4.341, "Actual Max Total Time": 4.341, "Index Cond": "(movie_id = at.movie_id)", "Rows Removed by Index Recheck": 0, "Actual Rows": 2130}], "Actual Rows": 2130}, {"Node Type": "Index Scan", "Parent Relationship": "Inner", "Scan Direction": "Forward", "Index Name": "company_name_pkey", "Relation Name": "company_name", "Alias": "cn", "Startup Cost": 0.0, "Total Cost": 0.28, "Plan Rows": 1, "Plan Width": 4, "Actual Min Startup Time": 9.097, "Actual Max Startup Time": 9.097, "Actual Min Total Time": 9.097, "Actual Max Total Time": 9.097, "Index Cond": "(id = mc.company_id)", "Rows Removed by Index Recheck": 0, "Filter": "((country_code)::text = '[us]'::text)", "Rows Removed by Filter": 1234, "Actual Rows": 896}], "Actual Rows": 896}, {"Node Type": "Index Scan", "Parent Relationship": "Inner", "Scan Direction": "Forward", "Index Name": "company_type_pkey", "Relation Name": "company_type", "Alias": "ct", "Startup Cost": 0.0, "Total Cost": 0.27, "Plan Rows": 1, "Plan Width": 4, "Actual Min Startup Time": 1.049, "Actual Max Startup Time": 1.049, "Actual Min Total Time": 1.049, "Actual Max Total Time": 1.049, "Index Cond": "(id = mc.company_type_id)", "Rows Removed by Index Recheck": 0, "Actual Rows": 382}], "Actual Rows": 382}, {"Node Type": "Index Scan", "Parent Relationship": "Inner", "Scan Direction": "Forward", "Index Name": "title_pkey", "Relation Name": "title", "Alias": "t", "Startup Cost": 0.0, "Total Cost": 0.34, "Plan Rows": 1, "Plan Width": 21, "Actual Min Startup Time": 1.848, "Actual Max Startup Time": 1.848, "Actual Min Total Time": 1.848, "Actual Max Total Time": 1.848, "Index Cond": "(id = mc.movie_id)", "Rows Removed by Index Recheck": 0, "Filter": "(production_year > 1990)", "Rows Removed by Filter": 0, "Actual Rows": 382}], "Actual Rows": 382}, {"Node Type": "Index Scan", "Parent Relationship": "Inner", "Scan Direction": "Forward", "Index Name": "movie_id_movie_keyword", "Relation Name": "movie_keyword", "Alias": "mk", "Startup Cost": 0.0, "Total Cost": 0.46, "Plan Rows": 8, "Plan Width": 8, "Actual Min Startup Time": 1.999, "Actual Max Startup Time": 1.999, "Actual Min Total Time": 3.916, "Actual Max Total Time": 3.916, "Index Cond": "(movie_id = mc.movie_id)", "Rows Removed by Index Recheck": 0, "Actual Rows": 4371}], "Actual Rows": 4371}, {"Node Type": "Index Scan", "Parent Relationship": "Inner", "Scan Direction": "Forward", "Index Name": "keyword_pkey", "Relation Name": "keyword", "Alias": "k", "Startup Cost": 0.0, "Total Cost": 0.27, "Plan Rows": 1, "Plan Width": 4, "Actual Min Startup Time": 14.355, "Actual Max Startup Time": 14.355, "Actual Min Total Time": 14.355, "Actual Max Total Time": 14.355, "Index Cond": "(id = mk.keyword_id)", "Rows Removed by Index Recheck": 0, "Actual Rows": 4371}], "Actual Rows": 4371}], "Actual Rows": 1}, "Triggers": [], "Planner Runtime": 374, "Total Runtime": 326.262, "Unique SQL Id": 2302223328}}, "(16, 69)": {"explain_plan": {"Plan": {"Node Type": "Aggregate", "Strategy": "Plain", "Startup Cost": 167864.52, "Total Cost": 167864.53, "Plan Rows": 1, "Plan Width": 102, "Plans": [{"Node Type": "Nested Loop", "Parent Relationship": "Outer", "Join Type": "Inner", "Startup Cost": 4841.51, "Total Cost": 167829.31, "Plan Rows": 7042, "Plan Width": 38, "Inner Unique": true, "Plans": [{"Node Type": "Nested Loop", "Parent Relationship": "Outer", "Join Type": "Inner", "Startup Cost": 4841.51, "Total Cost": 165852.74, "Plan Rows": 7042, "Plan Width": 42, "Inner Unique": false, "Join Filter": "(t.id = mk.movie_id)", "Plans": [{"Node Type": "Nested Loop", "Parent Relationship": "Outer", "Join Type": "Inner", "Startup Cost": 4841.51, "Total Cost": 165361.77, "Plan Rows": 873, "Plan Width": 54, "Inner Unique": true, "Join Filter": "(at.movie_id = t.id)", "Plans": [{"Node Type": "Nested Loop", "Parent Relationship": "Outer", "Join Type": "Inner", "Startup Cost": 4841.51, "Total Cost": 165139.68, "Plan Rows": 630, "Plan Width": 33, "Inner Unique": true, "Plans": [{"Node Type": "Nested Loop", "Parent Relationship": "Outer", "Join Type": "Inner", "Startup Cost": 4841.51, "Total Cost": 164963.28, "Plan Rows": 630, "Plan Width": 37, "Inner Unique": true, "Plans": [{"Node Type": "Nested Loop", "Parent Relationship": "Outer", "Join Type": "Inner", "Startup Cost": 4841.51, "Total Cost": 164660.66, "Plan Rows": 1052, "Plan Width": 41, "Inner Unique": false, "Plans": [{"Node Type": "Nested Loop", "Parent Relationship": "Outer", "Join Type": "Inner", "Startup Cost": 4841.51, "Total Cost": 164371.58, "Plan Rows": 490, "Plan Width": 29, "Inner Unique": false, "Plans": [{"Node Type": "Nested Loop", "Parent Relationship": "Outer", "Join Type": "Inner", "Startup Cost": 4841.51, "Total Cost": 163895.89, "Plan Rows": 192, "Plan Width": 4, "Inner Unique": false, "Plans": [{"Node Type": "Index Scan", "Parent Relationship": "Outer", "Scan Direction": "Forward", "Index Name": "info_type_pkey", "Relation Name": "info_type", "Alias": "it1", "Startup Cost": 0.0, "Total Cost": 14.21, "Plan Rows": 1, "Plan Width": 4, "Filter": "((info)::text = 'release dates'::text)"}, {"Node Type": "Bitmap Heap Scan", "Parent Relationship": "Inner", "Relation Name": "movie_info", "Alias": "mi", "Startup Cost": 4841.51, "Total Cost": 163879.76, "Plan Rows": 192, "Plan Width": 8, "Recheck Cond": "(info_type_id = it1.id)", "Filter": "((note)::text ~~ '%internet%'::text)", "Plans": [{"Node Type": "Bitmap Index Scan", "Parent Relationship": "Outer", "Index Name": "info_type_id_movie_info", "Startup Cost": 0.0, "Total Cost": 4841.46, "Plan Rows": 212428, "Plan Width": 0, "Index Cond": "(info_type_id = it1.id)"}]}]}, {"Node Type": "Index Scan", "Parent Relationship": "Inner", "Scan Direction": "Forward", "Index Name": "movie_id_aka_title", "Relation Name": "aka_title", "Alias": "at", "Startup Cost": 0.0, "Total Cost": 2.45, "Plan Rows": 3, "Plan Width": 25, "Index Cond": "(movie_id = mi.movie_id)"}]}, {"Node Type": "Index Scan", "Parent Relationship": "Inner", "Scan Direction": "Forward", "Index Name": "movie_id_movie_companies", "Relation Name": "movie_companies", "Alias": "mc", "Startup Cost": 0.0, "Total Cost": 0.57, "Plan Rows": 2, "Plan Width": 12, "Index Cond": "(movie_id = at.movie_id)"}]}, {"Node Type": "Index Scan", "Parent Relationship": "Inner", "Scan Direction": "Forward", "Index Name": "company_name_pkey", "Relation Name": "company_name", "Alias": "cn", "Startup Cost": 0.0, "Total Cost": 0.28, "Plan Rows": 1, "Plan Width": 4, "Index Cond": "(id = mc.company_id)", "Filter": "((country_code)::text = '[us]'::text)"}]}, {"Node Type": "Index Scan", "Parent Relationship": "Inner", "Scan Direction": "Forward", "Index Name": "company_type_pkey", "Relation Name": "company_type", "Alias": "ct", "Startup Cost": 0.0, "Total Cost": 0.27, "Plan Rows": 1, "Plan Width": 4, "Index Cond": "(id = mc.company_type_id)"}]}, {"Node Type": "Index Scan", "Parent Relationship": "Inner", "Scan Direction": "Forward", "Index Name": "title_pkey", "Relation Name": "title", "Alias": "t", "Startup Cost": 0.0, "Total Cost": 0.34, "Plan Rows": 1, "Plan Width": 21, "Index Cond": "(id = mc.movie_id)", "Filter": "(production_year > 1990)"}]}, {"Node Type": "Index Scan", "Parent Relationship": "Inner", "Scan Direction": "Forward", "Index Name": "movie_id_movie_keyword", "Relation Name": "movie_keyword", "Alias": "mk", "Startup Cost": 0.0, "Total Cost": 0.46, "Plan Rows": 8, "Plan Width": 8, "Index Cond": "(movie_id = mc.movie_id)"}]}, {"Node Type": "Index Scan", "Parent Relationship": "Inner", "Scan Direction": "Forward", "Index Name": "keyword_pkey", "Relation Name": "keyword", "Alias": "k", "Startup Cost": 0.0, "Total Cost": 0.27, "Plan Rows": 1, "Plan Width": 4, "Index Cond": "(id = mk.keyword_id)"}]}]}, "Unique SQL Id": 2302223328, "Planner Runtime": 321}, "explain_analyze_plan": {"Plan": {"Node Type": "Aggregate", "Strategy": "Plain", "Startup Cost": 167864.52, "Total Cost": 167864.53, "Plan Rows": 1, "Plan Width": 102, "Actual Startup Time": 1760.51, "Actual Total Time": 1760.51, "Actual Rows": 1, "Actual Loops": 1, "Plans": [{"Node Type": "Nested Loop", "Parent Relationship": "Outer", "Join Type": "Inner", "Startup Cost": 4841.51, "Total Cost": 167829.31, "Plan Rows": 7042, "Plan Width": 38, "Actual Startup Time": 486.212, "Actual Total Time": 1757.647, "Actual Rows": 4371, "Actual Loops": 1, "Inner Unique": true, "Plans": [{"Node Type": "Nested Loop", "Parent Relationship": "Outer", "Join Type": "Inner", "Startup Cost": 4841.51, "Total Cost": 165852.74, "Plan Rows": 7042, "Plan Width": 42, "Actual Startup Time": 486.197, "Actual Total Time": 1738.148, "Actual Rows": 4371, "Actual Loops": 1, "Inner Unique": false, "Join Filter": "(t.id = mk.movie_id)", "Rows Removed by Join Filter": 0, "Plans": [{"Node Type": "Nested Loop", "Parent Relationship": "Outer", "Join Type": "Inner", "Startup Cost": 4841.51, "Total Cost": 165361.77, "Plan Rows": 873, "Plan Width": 54, "Actual Startup Time": 461.203, "Actual Total Time": 1731.731, "Actual Rows": 382, "Actual Loops": 1, "Inner Unique": true, "Join Filter": "(at.movie_id = t.id)", "Rows Removed by Join Filter": 0, "Plans": [{"Node Type": "Nested Loop", "Parent Relationship": "Outer", "Join Type": "Inner", "Startup Cost": 4841.51, "Total Cost": 165139.68, "Plan Rows": 630, "Plan Width": 33, "Actual Startup Time": 461.18, "Actual Total Time": 1728.618, "Actual Rows": 382, "Actual Loops": 1, "Inner Unique": true, "Plans": [{"Node Type": "Nested Loop", "Parent Relationship": "Outer", "Join Type": "Inner", "Startup Cost": 4841.51, "Total Cost": 164963.28, "Plan Rows": 630, "Plan Width": 37, "Actual Startup Time": 456.398, "Actual Total Time": 1726.638, "Actual Rows": 896, "Actual Loops": 1, "Inner Unique": true, "Plans": [{"Node Type": "Nested Loop", "Parent Relationship": "Outer", "Join Type": "Inner", "Startup Cost": 4841.51, "Total Cost": 164660.66, "Plan Rows": 1052, "Plan Width": 41, "Actual Startup Time": 456.374, "Actual Total Time": 1713.737, "Actual Rows": 2130, "Actual Loops": 1, "Inner Unique": false, "Plans": [{"Node Type": "Nested Loop", "Parent Relationship": "Outer", "Join Type": "Inner", "Startup Cost": 4841.51, "Total Cost": 164371.58, "Plan Rows": 490, "Plan Width": 29, "Actual Startup Time": 453.143, "Actual Total Time": 1706.971, "Actual Rows": 591, "Actual Loops": 1, "Inner Unique": false, "Plans": [{"Node Type": "Nested Loop", "Parent Relationship": "Outer", "Join Type": "Inner", "Startup Cost": 4841.51, "Total Cost": 163895.89, "Plan Rows": 192, "Plan Width": 4, "Actual Startup Time": 452.704, "Actual Total Time": 1670.77, "Actual Rows": 10679, "Actual Loops": 1, "Inner Unique": false, "Plans": [{"Node Type": "Index Scan", "Parent Relationship": "Outer", "Scan Direction": "Forward", "Index Name": "info_type_pkey", "Relation Name": "info_type", "Alias": "it1", "Startup Cost": 0.0, "Total Cost": 14.21, "Plan Rows": 1, "Plan Width": 4, "Actual Startup Time": 0.037, "Actual Total Time": 0.082, "Actual Rows": 1, "Actual Loops": 1, "Filter": "((info)::text = 'release dates'::text)", "Rows Removed by Filter": 111}, {"Node Type": "Bitmap Heap Scan", "Parent Relationship": "Inner", "Relation Name": "movie_info", "Alias": "mi", "Startup Cost": 4841.51, "Total Cost": 163879.76, "Plan Rows": 192, "Plan Width": 8, "Actual Startup Time": 452.66, "Actual Total Time": 1668.147, "Actual Rows": 10679, "Actual Loops": 1, "Recheck Cond": "(info_type_id = it1.id)", "Rows Removed by Index Recheck": 0, "Filter": "((note)::text ~~ '%internet%'::text)", "Rows Removed by Filter": 3026040, "Exact Heap Blocks": 21947, "Lossy Heap Blocks": 21947, "Plans": [{"Node Type": "Bitmap Index Scan", "Parent Relationship": "Outer", "Index Name": "info_type_id_movie_info", "Startup Cost": 0.0, "Total Cost": 4841.46, "Plan Rows": 212428, "Plan Width": 0, "Actual Startup Time": 447.615, "Actual Total Time": 447.615, "Actual Rows": 3036719, "Actual Loops": 1, "Index Cond": "(info_type_id = it1.id)"}]}]}, {"Node Type": "Index Scan", "Parent Relationship": "Inner", "Scan Direction": "Forward", "Index Name": "movie_id_aka_title", "Relation Name": "aka_title", "Alias": "at", "Startup Cost": 0.0, "Total Cost": 2.45, "Plan Rows": 3, "Plan Width": 25, "Actual Startup Time": 29.525, "Actual Total Time": 30.146, "Actual Rows": 591, "Actual Loops": 10679, "Index Cond": "(movie_id = mi.movie_id)", "Rows Removed by Index Recheck": 0}]}, {"Node Type": "Index Scan", "Parent Relationship": "Inner", "Scan Direction": "Forward", "Index Name": "movie_id_movie_companies", "Relation Name": "movie_companies", "Alias": "mc", "Startup Cost": 0.0, "Total Cost": 0.57, "Plan Rows": 2, "Plan Width": 12, "Actual Startup Time": 4.034, "Actual Total Time": 5.651, "Actual Rows": 2130, "Actual Loops": 591, "Index Cond": "(movie_id = at.movie_id)", "Rows Removed by Index Recheck": 0}]}, {"Node Type": "Index Scan", "Parent Relationship": "Inner", "Scan Direction": "Forward", "Index Name": "company_name_pkey", "Relation Name": "company_name", "Alias": "cn", "Startup Cost": 0.0, "Total Cost": 0.28, "Plan Rows": 1, "Plan Width": 4, "Actual Startup Time": 11.189, "Actual Total Time": 11.189, "Actual Rows": 896, "Actual Loops": 2130, "Index Cond": "(id = mc.company_id)", "Rows Removed by Index Recheck": 0, "Filter": "((country_code)::text = '[us]'::text)", "Rows Removed by Filter": 1234}]}, {"Node Type": "Index Scan", "Parent Relationship": "Inner", "Scan Direction": "Forward", "Index Name": "company_type_pkey", "Relation Name": "company_type", "Alias": "ct", "Startup Cost": 0.0, "Total Cost": 0.27, "Plan Rows": 1, "Plan Width": 4, "Actual Startup Time": 1.158, "Actual Total Time": 1.158, "Actual Rows": 382, "Actual Loops": 896, "Index Cond": "(id = mc.company_type_id)", "Rows Removed by Index Recheck": 0}]}, {"Node Type": "Index Scan", "Parent Relationship": "Inner", "Scan Direction": "Forward", "Index Name": "title_pkey", "Relation Name": "title", "Alias": "t", "Startup Cost": 0.0, "Total Cost": 0.34, "Plan Rows": 1, "Plan Width": 21, "Actual Startup Time": 2.409, "Actual Total Time": 2.409, "Actual Rows": 382, "Actual Loops": 382, "Index Cond": "(id = mc.movie_id)", "Rows Removed by Index Recheck": 0, "Filter": "(production_year > 1990)", "Rows Removed by Filter": 0}]}, {"Node Type": "Index Scan", "Parent Relationship": "Inner", "Scan Direction": "Forward", "Index Name": "movie_id_movie_keyword", "Relation Name": "movie_keyword", "Alias": "mk", "Startup Cost": 0.0, "Total Cost": 0.46, "Plan Rows": 8, "Plan Width": 8, "Actual Startup Time": 2.48, "Actual Total Time": 4.394, "Actual Rows": 4371, "Actual Loops": 382, "Index Cond": "(movie_id = mc.movie_id)", "Rows Removed by Index Recheck": 0}]}, {"Node Type": "Index Scan", "Parent Relationship": "Inner", "Scan Direction": "Forward", "Index Name": "keyword_pkey", "Relation Name": "keyword", "Alias": "k", "Startup Cost": 0.0, "Total Cost": 0.27, "Plan Rows": 1, "Plan Width": 4, "Actual Startup Time": 16.129, "Actual Total Time": 16.129, "Actual Rows": 4371, "Actual Loops": 4371, "Index Cond": "(id = mk.keyword_id)", "Rows Removed by Index Recheck": 0}]}]}, "Triggers": [], "Planner Runtime": 321, "Total Runtime": 1761.208, "Unique SQL Id": 2302223328}}, "(16, 70)": {"explain_plan": {"Plan": {"Node Type": "Aggregate", "Strategy": "Plain", "Startup Cost": 51038.61, "Total Cost": 51038.62, "Plan Rows": 1, "Plan Width": 102, "Plans": [{"Node Type": "Hash Join", "Parent Relationship": "Outer", "Join Type": "Inner", "Startup Cost": 3785.02, "Total Cost": 51003.4, "Plan Rows": 7042, "Plan Width": 38, "Inner Unique": true, "Hash Cond": "(mk.keyword_id = k.id)", "Plans": [{"Node Type": "Nested Loop", "Parent Relationship": "Outer", "Join Type": "Inner", "Startup Cost": 7.21, "Total Cost": 47130.16, "Plan Rows": 7042, "Plan Width": 42, "Inner Unique": false, "Join Filter": "(t.id = mk.movie_id)", "Plans": [{"Node Type": "Nested Loop", "Parent Relationship": "Outer", "Join Type": "Inner", "Startup Cost": 6.88, "Total Cost": 43168.46, "Plan Rows": 873, "Plan Width": 54, "Inner Unique": false, "Join Filter": "(t.id = at.movie_id)", "Plans": [{"Node Type": "Hash Join", "Parent Relationship": "Outer", "Join Type": "Inner", "Startup Cost": 6.6, "Total Cost": 41089.34, "Plan Rows": 478, "Plan Width": 29, "Inner Unique": true, "Hash Cond": "(mc.company_type_id = ct.id)", "Plans": [{"Node Type": "Nested Loop", "Parent Relationship": "Outer", "Join Type": "Inner", "Startup Cost": 5.53, "Total Cost": 41082.29, "Plan Rows": 478, "Plan Width": 33, "Inner Unique": true, "Plans": [{"Node Type": "Nested Loop", "Parent Relationship": "Outer", "Join Type": "Inner", "Startup Cost": 5.28, "Total Cost": 38649.34, "Plan Rows": 568, "Plan Width": 37, "Inner Unique": false, "Plans": [{"Node Type": "Nested Loop", "Parent Relationship": "Outer", "Join Type": "Inner", "Startup Cost": 4.99, "Total Cost": 37496.92, "Plan Rows": 266, "Plan Width": 25, "Inner Unique": true, "Plans": [{"Node Type": "Hash Join", "Parent Relationship": "Outer", "Join Type": "Inner", "Startup Cost": 2.41, "Total Cost": 36229.42, "Plan Rows": 192, "Plan Width": 4, "Inner Unique": true, "Hash Cond": "(mi.info_type_id = it1.id)", "Plans": [{"Node Type": "Streaming(type: LOCAL GATHER dop: 1/16)", "Parent Relationship": "Outer", "Startup Cost": 0.0, "Total Cost": 36174.77, "Plan Rows": 13419, "Plan Width": 8, "Plans": [{"Node Type": "Seq Scan", "Parent Relationship": "Outer", "Relation Name": "movie_info", "Alias": "mi", "Startup Cost": 0.0, "Total Cost": 35885.16, "Plan Rows": 13419, "Plan Width": 8, "Filter": "((note)::text ~~ '%internet%'::text)"}]}, {"Node Type": "Hash", "Parent Relationship": "Inner", "Startup Cost": 2.4, "Total Cost": 2.4, "Plan Rows": 1, "Plan Width": 4, "Plans": [{"Node Type": "Seq Scan", "Parent Relationship": "Outer", "Relation Name": "info_type", "Alias": "it1", "Startup Cost": 0.0, "Total Cost": 2.4, "Plan Rows": 1, "Plan Width": 4, "Filter": "((info)::text = 'release dates'::text)"}]}]}, {"Node Type": "Bitmap Heap Scan", "Parent Relationship": "Inner", "Relation Name": "title", "Alias": "t", "Startup Cost": 2.58, "Total Cost": 6.59, "Plan Rows": 1, "Plan Width": 21, "Recheck Cond": "(id = mi.movie_id)", "Filter": "(production_year > 1990)", "Plans": [{"Node Type": "Bitmap Index Scan", "Parent Relationship": "Outer", "Index Name": "title_pkey", "Startup Cost": 0.0, "Total Cost": 2.58, "Plan Rows": 1, "Plan Width": 0, "Index Cond": "(id = mi.movie_id)"}]}]}, {"Node Type": "Bitmap Heap Scan", "Parent Relationship": "Inner", "Relation Name": "movie_companies", "Alias": "mc", "Startup Cost": 0.29, "Total Cost": 4.31, "Plan Rows": 2, "Plan Width": 12, "Recheck Cond": "(movie_id = t.id)", "Plans": [{"Node Type": "Bitmap Index Scan", "Parent Relationship": "Outer", "Index Name": "movie_id_movie_companies", "Startup Cost": 0.0, "Total Cost": 0.29, "Plan Rows": 2, "Plan Width": 0, "Index Cond": "(movie_id = t.id)"}]}]}, {"Node Type": "Bitmap Heap Scan", "Parent Relationship": "Inner", "Relation Name": "company_name", "Alias": "cn", "Startup Cost": 0.26, "Total Cost": 4.27, "Plan Rows": 1, "Plan Width": 4, "Recheck Cond": "(id = mc.company_id)", "Filter": "((country_code)::text = '[us]'::text)", "Plans": [{"Node Type": "Bitmap Index Scan", "Parent Relationship": "Outer", "Index Name": "company_name_pkey", "Startup Cost": 0.0, "Total Cost": 0.26, "Plan Rows": 1, "Plan Width": 0, "Index Cond": "(id = mc.company_id)"}]}]}, {"Node Type": "Hash", "Parent Relationship": "Inner", "Startup Cost": 1.03, "Total Cost": 1.03, "Plan Rows": 3, "Plan Width": 4, "Plans": [{"Node Type": "Seq Scan", "Parent Relationship": "Outer", "Relation Name": "company_type", "Alias": "ct", "Startup Cost": 0.0, "Total Cost": 1.03, "Plan Rows": 3, "Plan Width": 4}]}]}, {"Node Type": "Bitmap Heap Scan", "Parent Relationship": "Inner", "Relation Name": "aka_title", "Alias": "at", "Startup Cost": 0.27, "Total Cost": 4.31, "Plan Rows": 3, "Plan Width": 25, "Recheck Cond": "(movie_id = mc.movie_id)", "Plans": [{"Node Type": "Bitmap Index Scan", "Parent Relationship": "Outer", "Index Name": "movie_id_aka_title", "Startup Cost": 0.0, "Total Cost": 0.27, "Plan Rows": 3, "Plan Width": 0, "Index Cond": "(movie_id = mc.movie_id)"}]}]}, {"Node Type": "Bitmap Heap Scan", "Parent Relationship": "Inner", "Relation Name": "movie_keyword", "Alias": "mk", "Startup Cost": 0.34, "Total Cost": 4.44, "Plan Rows": 8, "Plan Width": 8, "Recheck Cond": "(movie_id = mc.movie_id)", "Plans": [{"Node Type": "Bitmap Index Scan", "Parent Relationship": "Outer", "Index Name": "movie_id_movie_keyword", "Startup Cost": 0.0, "Total Cost": 0.34, "Plan Rows": 8, "Plan Width": 0, "Index Cond": "(movie_id = mc.movie_id)"}]}]}, {"Node Type": "Hash", "Parent Relationship": "Inner", "Startup Cost": 2100.69, "Total Cost": 2100.69, "Plan Rows": 134169, "Plan Width": 4, "Plans": [{"Node Type": "Seq Scan", "Parent Relationship": "Outer", "Relation Name": "keyword", "Alias": "k", "Startup Cost": 0.0, "Total Cost": 2100.69, "Plan Rows": 134169, "Plan Width": 4}]}]}]}, "Unique SQL Id": 2302223328, "Planner Runtime": 450}, "explain_analyze_plan": {"Plan": {"Node Type": "Aggregate", "Strategy": "Plain", "Startup Cost": 51038.61, "Total Cost": 51038.62, "Plan Rows": 1, "Plan Width": 102, "Actual Min Startup Time": 605.367, "Actual Max Startup Time": 605.367, "Actual Min Total Time": 605.367, "Actual Max Total Time": 605.367, "Plans": [{"Node Type": "Hash Join", "Parent Relationship": "Outer", "Join Type": "Inner", "Startup Cost": 3785.02, "Total Cost": 51003.4, "Plan Rows": 7042, "Plan Width": 38, "Actual Min Startup Time": 108.313, "Actual Max Startup Time": 108.313, "Actual Min Total Time": 602.903, "Actual Max Total Time": 602.903, "Inner Unique": true, "Hash Cond": "(mk.keyword_id = k.id)", "Plans": [{"Node Type": "Nested Loop", "Parent Relationship": "Outer", "Join Type": "Inner", "Startup Cost": 7.21, "Total Cost": 47130.16, "Plan Rows": 7042, "Plan Width": 42, "Actual Min Startup Time": 17.933, "Actual Max Startup Time": 17.933, "Actual Min Total Time": 509.826, "Actual Max Total Time": 509.826, "Inner Unique": false, "Join Filter": "(t.id = mk.movie_id)", "Rows Removed by Join Filter": 0, "Plans": [{"Node Type": "Nested Loop", "Parent Relationship": "Outer", "Join Type": "Inner", "Startup Cost": 6.88, "Total Cost": 43168.46, "Plan Rows": 873, "Plan Width": 54, "Actual Min Startup Time": 15.806, "Actual Max Startup Time": 15.806, "Actual Min Total Time": 503.045, "Actual Max Total Time": 503.045, "Inner Unique": false, "Join Filter": "(t.id = at.movie_id)", "Rows Removed by Join Filter": 0, "Plans": [{"Node Type": "Hash Join", "Parent Relationship": "Outer", "Join Type": "Inner", "Startup Cost": 6.6, "Total Cost": 41089.34, "Plan Rows": 478, "Plan Width": 29, "Actual Min Startup Time": 15.573, "Actual Max Startup Time": 15.573, "Actual Min Total Time": 470.543, "Actual Max Total Time": 470.543, "Inner Unique": true, "Hash Cond": "(mc.company_type_id = ct.id)", "Plans": [{"Node Type": "Nested Loop", "Parent Relationship": "Outer", "Join Type": "Inner", "Startup Cost": 5.53, "Total Cost": 41082.29, "Plan Rows": 478, "Plan Width": 33, "Actual Min Startup Time": 15.42, "Actual Max Startup Time": 15.42, "Actual Min Total Time": 465.733, "Actual Max Total Time": 465.733, "Inner Unique": true, "Plans": [{"Node Type": "Nested Loop", "Parent Relationship": "Outer", "Join Type": "Inner", "Startup Cost": 5.28, "Total Cost": 38649.34, "Plan Rows": 568, "Plan Width": 37, "Actual Min Startup Time": 15.38, "Actual Max Startup Time": 15.38, "Actual Min Total Time": 353.68, "Actual Max Total Time": 353.68, "Inner Unique": false, "Plans": [{"Node Type": "Nested Loop", "Parent Relationship": "Outer", "Join Type": "Inner", "Startup Cost": 4.99, "Total Cost": 37496.92, "Plan Rows": 266, "Plan Width": 25, "Actual Min Startup Time": 15.337, "Actual Max Startup Time": 15.337, "Actual Min Total Time": 244.904, "Actual Max Total Time": 244.904, "Inner Unique": true, "Plans": [{"Node Type": "Hash Join", "Parent Relationship": "Outer", "Join Type": "Inner", "Startup Cost": 2.41, "Total Cost": 36229.42, "Plan Rows": 192, "Plan Width": 4, "Actual Min Startup Time": 15.265, "Actual Max Startup Time": 15.265, "Actual Min Total Time": 141.915, "Actual Max Total Time": 141.915, "Inner Unique": true, "Hash Cond": "(mi.info_type_id = it1.id)", "Plans": [{"Node Type": "Streaming(type: LOCAL GATHER dop: 1/16)", "Parent Relationship": "Outer", "Startup Cost": 0.0, "Total Cost": 36174.77, "Plan Rows": 13419, "Plan Width": 8, "Actual Min Startup Time": 15.12, "Actual Max Startup Time": 15.12, "Actual Min Total Time": 134.668, "Actual Max Total Time": 134.668, "Plans": [{"Node Type": "Seq Scan", "Parent Relationship": "Outer", "Relation Name": "movie_info", "Alias": "mi", "Startup Cost": 0.0, "Total Cost": 35885.16, "Plan Rows": 13419, "Plan Width": 8, "Actual Min Startup Time": 7.41, "Actual Max Startup Time": 78.283, "Actual Min Total Time": 271.973, "Actual Max Total Time": 282.36, "Filter": "((note)::text ~~ '%internet%'::text)", "Rows Removed by Filter": 14824909, "Actual Rows": 10810}], "Actual Rows": 10810}, {"Node Type": "Hash", "Parent Relationship": "Inner", "Startup Cost": 2.4, "Total Cost": 2.4, "Plan Rows": 1, "Plan Width": 4, "Actual Min Startup Time": 0.071, "Actual Max Startup Time": 0.071, "Actual Min Total Time": 0.071, "Actual Max Total Time": 0.071, "Max Hash Buckets": 32768, "Min Hash Buckets": 32768, "Max Hash Batches": 1, "Min Hash Batches": 1, "Max Original Hash Batches": 1, "Min Original Hash Batches": 1, "Max Peak Memory Usage": 1, "min Peak Memory Usage": 1, "Plans": [{"Node Type": "Seq Scan", "Parent Relationship": "Outer", "Relation Name": "info_type", "Alias": "it1", "Startup Cost": 0.0, "Total Cost": 2.4, "Plan Rows": 1, "Plan Width": 4, "Actual Min Startup Time": 0.047, "Actual Max Startup Time": 0.047, "Actual Min Total Time": 0.066, "Actual Max Total Time": 0.066, "Filter": "((info)::text = 'release dates'::text)", "Rows Removed by Filter": 111, "Actual Rows": 1}], "Actual Rows": 1}], "Actual Rows": 10679}, {"Node Type": "Bitmap Heap Scan", "Parent Relationship": "Inner", "Relation Name": "title", "Alias": "t", "Startup Cost": 2.58, "Total Cost": 6.59, "Plan Rows": 1, "Plan Width": 21, "Actual Min Startup Time": 88.727, "Actual Max Startup Time": 88.727, "Actual Min Total Time": 88.727, "Actual Max Total Time": 88.727, "Recheck Cond": "(id = mi.movie_id)", "Rows Removed by Index Recheck": 0, "Filter": "(production_year > 1990)", "Rows Removed by Filter": 17, "Exact Heap Blocks": 10679, "Lossy Heap Blocks": 10679, "Plans": [{"Node Type": "Bitmap Index Scan", "Parent Relationship": "Outer", "Index Name": "title_pkey", "Startup Cost": 0.0, "Total Cost": 2.58, "Plan Rows": 1, "Plan Width": 0, "Actual Min Startup Time": 46.197, "Actual Max Startup Time": 46.197, "Actual Min Total Time": 46.197, "Actual Max Total Time": 46.197, "Index Cond": "(id = mi.movie_id)", "Actual Rows": 10679}], "Actual Rows": 10662}], "Actual Rows": 10662}, {"Node Type": "Bitmap Heap Scan", "Parent Relationship": "Inner", "Relation Name": "movie_companies", "Alias": "mc", "Startup Cost": 0.29, "Total Cost": 4.31, "Plan Rows": 2, "Plan Width": 12, "Actual Min Startup Time": 80.911, "Actual Max Startup Time": 80.911, "Actual Min Total Time": 92.155, "Actual Max Total Time": 92.155, "Recheck Cond": "(movie_id = t.id)", "Rows Removed by Index Recheck": 0, "Exact Heap Blocks": 11694, "Lossy Heap Blocks": 11694, "Plans": [{"Node Type": "Bitmap Index Scan", "Parent Relationship": "Outer", "Index Name": "movie_id_movie_companies", "Startup Cost": 0.0, "Total Cost": 0.29, "Plan Rows": 2, "Plan Width": 0, "Actual Min Startup Time": 52.102, "Actual Max Startup Time": 52.102, "Actual Min Total Time": 52.102, "Actual Max Total Time": 52.102, "Index Cond": "(movie_id = t.id)", "Actual Rows": 14377}], "Actual Rows": 14377}], "Actual Rows": 14377}, {"Node Type": "Bitmap Heap Scan", "Parent Relationship": "Inner", "Relation Name": "company_name", "Alias": "cn", "Startup Cost": 0.26, "Total Cost": 4.27, "Plan Rows": 1, "Plan Width": 4, "Actual Min Startup Time": 93.876, "Actual Max Startup Time": 93.876, "Actual Min Total Time": 93.876, "Actual Max Total Time": 93.876, "Recheck Cond": "(id = mc.company_id)", "Rows Removed by Index Recheck": 0, "Filter": "((country_code)::text = '[us]'::text)", "Rows Removed by Filter": 4520, "Exact Heap Blocks": 14377, "Lossy Heap Blocks": 14377, "Plans": [{"Node Type": "Bitmap Index Scan", "Parent Relationship": "Outer", "Index Name": "company_name_pkey", "Startup Cost": 0.0, "Total Cost": 0.26, "Plan Rows": 1, "Plan Width": 0, "Actual Min Startup Time": 49.66, "Actual Max Startup Time": 49.66, "Actual Min Total Time": 49.66, "Actual Max Total Time": 49.66, "Index Cond": "(id = mc.company_id)", "Actual Rows": 14377}], "Actual Rows": 9857}], "Actual Rows": 9857}, {"Node Type": "Hash", "Parent Relationship": "Inner", "Startup Cost": 1.03, "Total Cost": 1.03, "Plan Rows": 3, "Plan Width": 4, "Actual Min Startup Time": 0.031, "Actual Max Startup Time": 0.031, "Actual Min Total Time": 0.031, "Actual Max Total Time": 0.031, "Max Hash Buckets": 32768, "Min Hash Buckets": 32768, "Max Hash Batches": 1, "Min Hash Batches": 1, "Max Original Hash Batches": 1, "Min Original Hash Batches": 1, "Max Peak Memory Usage": 1, "min Peak Memory Usage": 1, "Plans": [{"Node Type": "Seq Scan", "Parent Relationship": "Outer", "Relation Name": "company_type", "Alias": "ct", "Startup Cost": 0.0, "Total Cost": 1.03, "Plan Rows": 3, "Plan Width": 4, "Actual Min Startup Time": 0.012, "Actual Max Startup Time": 0.012, "Actual Min Total Time": 0.013, "Actual Max Total Time": 0.013, "Actual Rows": 3}], "Actual Rows": 3}], "Actual Rows": 5914}, {"Node Type": "Bitmap Heap Scan", "Parent Relationship": "Inner", "Relation Name": "aka_title", "Alias": "at", "Startup Cost": 0.27, "Total Cost": 4.31, "Plan Rows": 3, "Plan Width": 25, "Actual Min Startup Time": 24.381, "Actual Max Startup Time": 24.381, "Actual Min Total Time": 24.674, "Actual Max Total Time": 24.674, "Recheck Cond": "(movie_id = mc.movie_id)", "Rows Removed by Index Recheck": 0, "Exact Heap Blocks": 382, "Lossy Heap Blocks": 382, "Plans": [{"Node Type": "Bitmap Index Scan", "Parent Relationship": "Outer", "Index Name": "movie_id_aka_title", "Startup Cost": 0.0, "Total Cost": 0.27, "Plan Rows": 3, "Plan Width": 0, "Actual Min Startup Time": 20.114, "Actual Max Startup Time": 20.114, "Actual Min Total Time": 20.114, "Actual Max Total Time": 20.114, "Index Cond": "(movie_id = mc.movie_id)", "Actual Rows": 382}], "Actual Rows": 382}], "Actual Rows": 382}, {"Node Type": "Bitmap Heap Scan", "Parent Relationship": "Inner", "Relation Name": "movie_keyword", "Alias": "mk", "Startup Cost": 0.34, "Total Cost": 4.44, "Plan Rows": 8, "Plan Width": 8, "Actual Min Startup Time": 4.068, "Actual Max Startup Time": 4.068, "Actual Min Total Time": 4.704, "Actual Max Total Time": 4.704, "Recheck Cond": "(movie_id = mc.movie_id)", "Rows Removed by Index Recheck": 0, "Exact Heap Blocks": 276, "Lossy Heap Blocks": 276, "Plans": [{"Node Type": "Bitmap Index Scan", "Parent Relationship": "Outer", "Index Name": "movie_id_movie_keyword", "Startup Cost": 0.0, "Total Cost": 0.34, "Plan Rows": 8, "Plan Width": 0, "Actual Min Startup Time": 2.587, "Actual Max Startup Time": 2.587, "Actual Min Total Time": 2.587, "Actual Max Total Time": 2.587, "Index Cond": "(movie_id = mc.movie_id)", "Actual Rows": 4371}], "Actual Rows": 4371}], "Actual Rows": 4371}, {"Node Type": "Hash", "Parent Relationship": "Inner", "Startup Cost": 2100.69, "Total Cost": 2100.69, "Plan Rows": 134169, "Plan Width": 4, "Actual Min Startup Time": 89.944, "Actual Max Startup Time": 89.944, "Actual Min Total Time": 89.944, "Actual Max Total Time": 89.944, "Max Hash Buckets": 262144, "Min Hash Buckets": 262144, "Max Hash Batches": 1, "Min Hash Batches": 1, "Max Original Hash Batches": 1, "Min Original Hash Batches": 1, "Max Peak Memory Usage": 4717, "min Peak Memory Usage": 4717, "Plans": [{"Node Type": "Seq Scan", "Parent Relationship": "Outer", "Relation Name": "keyword", "Alias": "k", "Startup Cost": 0.0, "Total Cost": 2100.69, "Plan Rows": 134169, "Plan Width": 4, "Actual Min Startup Time": 0.079, "Actual Max Startup Time": 0.079, "Actual Min Total Time": 39.513, "Actual Max Total Time": 39.513, "Actual Rows": 134169}], "Actual Rows": 134169}], "Actual Rows": 4371}], "Actual Rows": 1}, "Triggers": [], "Planner Runtime": 450, "Total Runtime": 609.736, "Unique SQL Id": 2302223328}}, "(16, 71)": {"explain_plan": {"Plan": {"Node Type": "Aggregate", "Strategy": "Plain", "Startup Cost": 179468.98, "Total Cost": 179468.99, "Plan Rows": 1, "Plan Width": 102, "Plans": [{"Node Type": "Hash Join", "Parent Relationship": "Outer", "Join Type": "Inner", "Startup Cost": 9396.83, "Total Cost": 179433.77, "Plan Rows": 7042, "Plan Width": 38, "Inner Unique": true, "Hash Cond": "(mk.keyword_id = k.id)", "Plans": [{"Node Type": "Nested Loop", "Parent Relationship": "Outer", "Join Type": "Inner", "Startup Cost": 4866.39, "Total Cost": 174807.89, "Plan Rows": 7042, "Plan Width": 42, "Inner Unique": false, "Join Filter": "(t.id = mk.movie_id)", "Plans": [{"Node Type": "Nested Loop", "Parent Relationship": "Outer", "Join Type": "Inner", "Startup Cost": 4866.05, "Total Cost": 170846.19, "Plan Rows": 873, "Plan Width": 54, "Inner Unique": false, "Join Filter": "(t.id = at.movie_id)", "Plans": [{"Node Type": "Hash Join", "Parent Relationship": "Outer", "Join Type": "Inner", "Startup Cost": 4865.77, "Total Cost": 168767.07, "Plan Rows": 478, "Plan Width": 29, "Inner Unique": true, "Hash Cond": "(mc.company_type_id = ct.id)", "Plans": [{"Node Type": "Nested Loop", "Parent Relationship": "Outer", "Join Type": "Inner", "Startup Cost": 4853.44, "Total Cost": 168748.76, "Plan Rows": 478, "Plan Width": 33, "Inner Unique": true, "Plans": [{"Node Type": "Nested Loop", "Parent Relationship": "Outer", "Join Type": "Inner", "Startup Cost": 4853.18, "Total Cost": 166315.81, "Plan Rows": 568, "Plan Width": 37, "Inner Unique": false, "Plans": [{"Node Type": "Nested Loop", "Parent Relationship": "Outer", "Join Type": "Inner", "Startup Cost": 4852.89, "Total Cost": 165163.39, "Plan Rows": 266, "Plan Width": 25, "Inner Unique": true, "Plans": [{"Node Type": "Nested Loop", "Parent Relationship": "Outer", "Join Type": "Inner", "Startup Cost": 4850.32, "Total Cost": 163895.89, "Plan Rows": 192, "Plan Width": 4, "Inner Unique": false, "Plans": [{"Node Type": "Bitmap Heap Scan", "Parent Relationship": "Outer", "Relation Name": "info_type", "Alias": "it1", "Startup Cost": 8.81, "Total Cost": 14.21, "Plan Rows": 1, "Plan Width": 4, "Filter": "((info)::text = 'release dates'::text)", "Plans": [{"Node Type": "Bitmap Index Scan", "Parent Relationship": "Outer", "Index Name": "info_type_pkey", "Startup Cost": 0.0, "Total Cost": 8.81, "Plan Rows": 112, "Plan Width": 0}]}, {"Node Type": "Bitmap Heap Scan", "Parent Relationship": "Inner", "Relation Name": "movie_info", "Alias": "mi", "Startup Cost": 4841.51, "Total Cost": 163879.76, "Plan Rows": 192, "Plan Width": 8, "Recheck Cond": "(info_type_id = it1.id)", "Filter": "((note)::text ~~ '%internet%'::text)", "Plans": [{"Node Type": "Bitmap Index Scan", "Parent Relationship": "Outer", "Index Name": "info_type_id_movie_info", "Startup Cost": 0.0, "Total Cost": 4841.46, "Plan Rows": 212428, "Plan Width": 0, "Index Cond": "(info_type_id = it1.id)"}]}]}, {"Node Type": "Bitmap Heap Scan", "Parent Relationship": "Inner", "Relation Name": "title", "Alias": "t", "Startup Cost": 2.58, "Total Cost": 6.59, "Plan Rows": 1, "Plan Width": 21, "Recheck Cond": "(id = mi.movie_id)", "Filter": "(production_year > 1990)", "Plans": [{"Node Type": "Bitmap Index Scan", "Parent Relationship": "Outer", "Index Name": "title_pkey", "Startup Cost": 0.0, "Total Cost": 2.58, "Plan Rows": 1, "Plan Width": 0, "Index Cond": "(id = mi.movie_id)"}]}]}, {"Node Type": "Bitmap Heap Scan", "Parent Relationship": "Inner", "Relation Name": "movie_companies", "Alias": "mc", "Startup Cost": 0.29, "Total Cost": 4.31, "Plan Rows": 2, "Plan Width": 12, "Recheck Cond": "(movie_id = t.id)", "Plans": [{"Node Type": "Bitmap Index Scan", "Parent Relationship": "Outer", "Index Name": "movie_id_movie_companies", "Startup Cost": 0.0, "Total Cost": 0.29, "Plan Rows": 2, "Plan Width": 0, "Index Cond": "(movie_id = t.id)"}]}]}, {"Node Type": "Bitmap Heap Scan", "Parent Relationship": "Inner", "Relation Name": "company_name", "Alias": "cn", "Startup Cost": 0.26, "Total Cost": 4.27, "Plan Rows": 1, "Plan Width": 4, "Recheck Cond": "(id = mc.company_id)", "Filter": "((country_code)::text = '[us]'::text)", "Plans": [{"Node Type": "Bitmap Index Scan", "Parent Relationship": "Outer", "Index Name": "company_name_pkey", "Startup Cost": 0.0, "Total Cost": 0.26, "Plan Rows": 1, "Plan Width": 0, "Index Cond": "(id = mc.company_id)"}]}]}, {"Node Type": "Hash", "Parent Relationship": "Inner", "Startup Cost": 12.3, "Total Cost": 12.3, "Plan Rows": 3, "Plan Width": 4, "Plans": [{"Node Type": "Bitmap Heap Scan", "Parent Relationship": "Outer", "Relation Name": "company_type", "Alias": "ct", "Startup Cost": 8.27, "Total Cost": 12.3, "Plan Rows": 3, "Plan Width": 4, "Plans": [{"Node Type": "Bitmap Index Scan", "Parent Relationship": "Outer", "Index Name": "company_type_pkey", "Startup Cost": 0.0, "Total Cost": 8.27, "Plan Rows": 3, "Plan Width": 0}]}]}]}, {"Node Type": "Bitmap Heap Scan", "Parent Relationship": "Inner", "Relation Name": "aka_title", "Alias": "at", "Startup Cost": 0.27, "Total Cost": 4.31, "Plan Rows": 3, "Plan Width": 25, "Recheck Cond": "(movie_id = mc.movie_id)", "Plans": [{"Node Type": "Bitmap Index Scan", "Parent Relationship": "Outer", "Index Name": "movie_id_aka_title", "Startup Cost": 0.0, "Total Cost": 0.27, "Plan Rows": 3, "Plan Width": 0, "Index Cond": "(movie_id = mc.movie_id)"}]}]}, {"Node Type": "Bitmap Heap Scan", "Parent Relationship": "Inner", "Relation Name": "movie_keyword", "Alias": "mk", "Startup Cost": 0.34, "Total Cost": 4.44, "Plan Rows": 8, "Plan Width": 8, "Recheck Cond": "(movie_id = mc.movie_id)", "Plans": [{"Node Type": "Bitmap Index Scan", "Parent Relationship": "Outer", "Index Name": "movie_id_movie_keyword", "Startup Cost": 0.0, "Total Cost": 0.34, "Plan Rows": 8, "Plan Width": 0, "Index Cond": "(movie_id = mc.movie_id)"}]}]}, {"Node Type": "Hash", "Parent Relationship": "Inner", "Startup Cost": 2853.33, "Total Cost": 2853.33, "Plan Rows": 134169, "Plan Width": 4, "Plans": [{"Node Type": "Bitmap Heap Scan", "Parent Relationship": "Outer", "Relation Name": "keyword", "Alias": "k", "Startup Cost": 752.64, "Total Cost": 2853.33, "Plan Rows": 134169, "Plan Width": 4, "Plans": [{"Node Type": "Bitmap Index Scan", "Parent Relationship": "Outer", "Index Name": "keyword_pkey", "Startup Cost": 0.0, "Total Cost": 719.1, "Plan Rows": 134169, "Plan Width": 0}]}]}]}]}, "Unique SQL Id": 2302223328, "Planner Runtime": 213}, "explain_analyze_plan": null}, "(16, 72)": {"explain_plan": {"Plan": {"Node Type": "Aggregate", "Strategy": "Plain", "Startup Cost": 40193.32, "Total Cost": 40193.33, "Plan Rows": 1, "Plan Width": 102, "Plans": [{"Node Type": "Nested Loop", "Parent Relationship": "Outer", "Join Type": "Inner", "Startup Cost": 2.41, "Total Cost": 40158.11, "Plan Rows": 7042, "Plan Width": 38, "Inner Unique": true, "Plans": [{"Node Type": "Nested Loop", "Parent Relationship": "Outer", "Join Type": "Inner", "Startup Cost": 2.41, "Total Cost": 38186.28, "Plan Rows": 7042, "Plan Width": 42, "Inner Unique": false, "Join Filter": "(t.id = mk.movie_id)", "Plans": [{"Node Type": "Nested Loop", "Parent Relationship": "Outer", "Join Type": "Inner", "Startup Cost": 2.41, "Total Cost": 37695.3, "Plan Rows": 873, "Plan Width": 54, "Inner Unique": true, "Join Filter": "(at.movie_id = t.id)", "Plans": [{"Node Type": "Nested Loop", "Parent Relationship": "Outer", "Join Type": "Inner", "Startup Cost": 2.41, "Total Cost": 37473.22, "Plan Rows": 630, "Plan Width": 33, "Inner Unique": true, "Plans": [{"Node Type": "Nested Loop", "Parent Relationship": "Outer", "Join Type": "Inner", "Startup Cost": 2.41, "Total Cost": 37296.82, "Plan Rows": 630, "Plan Width": 37, "Inner Unique": true, "Plans": [{"Node Type": "Nested Loop", "Parent Relationship": "Outer", "Join Type": "Inner", "Startup Cost": 2.41, "Total Cost": 36994.2, "Plan Rows": 1052, "Plan Width": 41, "Inner Unique": false, "Plans": [{"Node Type": "Nested Loop", "Parent Relationship": "Outer", "Join Type": "Inner", "Startup Cost": 2.41, "Total Cost": 36705.12, "Plan Rows": 490, "Plan Width": 29, "Inner Unique": false, "Plans": [{"Node Type": "Hash Join", "Parent Relationship": "Outer", "Join Type": "Inner", "Startup Cost": 2.41, "Total Cost": 36229.42, "Plan Rows": 192, "Plan Width": 4, "Inner Unique": true, "Hash Cond": "(mi.info_type_id = it1.id)", "Plans": [{"Node Type": "Streaming(type: LOCAL GATHER dop: 1/16)", "Parent Relationship": "Outer", "Startup Cost": 0.0, "Total Cost": 36174.77, "Plan Rows": 13419, "Plan Width": 8, "Plans": [{"Node Type": "Seq Scan", "Parent Relationship": "Outer", "Relation Name": "movie_info", "Alias": "mi", "Startup Cost": 0.0, "Total Cost": 35885.16, "Plan Rows": 13419, "Plan Width": 8, "Filter": "((note)::text ~~ '%internet%'::text)"}]}, {"Node Type": "Hash", "Parent Relationship": "Inner", "Startup Cost": 2.4, "Total Cost": 2.4, "Plan Rows": 1, "Plan Width": 4, "Plans": [{"Node Type": "Seq Scan", "Parent Relationship": "Outer", "Relation Name": "info_type", "Alias": "it1", "Startup Cost": 0.0, "Total Cost": 2.4, "Plan Rows": 1, "Plan Width": 4, "Filter": "((info)::text = 'release dates'::text)"}]}]}, {"Node Type": "Index Scan", "Parent Relationship": "Inner", "Scan Direction": "Forward", "Index Name": "movie_id_aka_title", "Relation Name": "aka_title", "Alias": "at", "Startup Cost": 0.0, "Total Cost": 2.45, "Plan Rows": 3, "Plan Width": 25, "Index Cond": "(movie_id = mi.movie_id)"}]}, {"Node Type": "Index Scan", "Parent Relationship": "Inner", "Scan Direction": "Forward", "Index Name": "movie_id_movie_companies", "Relation Name": "movie_companies", "Alias": "mc", "Startup Cost": 0.0, "Total Cost": 0.57, "Plan Rows": 2, "Plan Width": 12, "Index Cond": "(movie_id = at.movie_id)"}]}, {"Node Type": "Index Scan", "Parent Relationship": "Inner", "Scan Direction": "Forward", "Index Name": "company_name_pkey", "Relation Name": "company_name", "Alias": "cn", "Startup Cost": 0.0, "Total Cost": 0.28, "Plan Rows": 1, "Plan Width": 4, "Index Cond": "(id = mc.company_id)", "Filter": "((country_code)::text = '[us]'::text)"}]}, {"Node Type": "Index Only Scan", "Parent Relationship": "Inner", "Scan Direction": "Forward", "Index Name": "company_type_pkey", "Relation Name": "company_type", "Alias": "ct", "Startup Cost": 0.0, "Total Cost": 0.27, "Plan Rows": 1, "Plan Width": 4, "Index Cond": "(id = mc.company_type_id)"}]}, {"Node Type": "Index Scan", "Parent Relationship": "Inner", "Scan Direction": "Forward", "Index Name": "title_pkey", "Relation Name": "title", "Alias": "t", "Startup Cost": 0.0, "Total Cost": 0.34, "Plan Rows": 1, "Plan Width": 21, "Index Cond": "(id = mc.movie_id)", "Filter": "(production_year > 1990)"}]}, {"Node Type": "Index Scan", "Parent Relationship": "Inner", "Scan Direction": "Forward", "Index Name": "movie_id_movie_keyword", "Relation Name": "movie_keyword", "Alias": "mk", "Startup Cost": 0.0, "Total Cost": 0.46, "Plan Rows": 8, "Plan Width": 8, "Index Cond": "(movie_id = mc.movie_id)"}]}, {"Node Type": "Index Only Scan", "Parent Relationship": "Inner", "Scan Direction": "Forward", "Index Name": "keyword_pkey", "Relation Name": "keyword", "Alias": "k", "Startup Cost": 0.0, "Total Cost": 0.27, "Plan Rows": 1, "Plan Width": 4, "Index Cond": "(id = mk.keyword_id)"}]}]}, "Unique SQL Id": 2302223328, "Planner Runtime": 372}, "explain_analyze_plan": {"Plan": {"Node Type": "Aggregate", "Strategy": "Plain", "Startup Cost": 40193.32, "Total Cost": 40193.33, "Plan Rows": 1, "Plan Width": 102, "Actual Min Startup Time": 359.161, "Actual Max Startup Time": 359.161, "Actual Min Total Time": 359.161, "Actual Max Total Time": 359.161, "Plans": [{"Node Type": "Nested Loop", "Parent Relationship": "Outer", "Join Type": "Inner", "Startup Cost": 2.41, "Total Cost": 40158.11, "Plan Rows": 7042, "Plan Width": 38, "Actual Min Startup Time": 113.772, "Actual Max Startup Time": 113.772, "Actual Min Total Time": 356.304, "Actual Max Total Time": 356.304, "Inner Unique": true, "Plans": [{"Node Type": "Nested Loop", "Parent Relationship": "Outer", "Join Type": "Inner", "Startup Cost": 2.41, "Total Cost": 38186.28, "Plan Rows": 7042, "Plan Width": 42, "Actual Min Startup Time": 113.749, "Actual Max Startup Time": 113.749, "Actual Min Total Time": 340.311, "Actual Max Total Time": 340.311, "Inner Unique": false, "Join Filter": "(t.id = mk.movie_id)", "Rows Removed by Join Filter": 0, "Plans": [{"Node Type": "Nested Loop", "Parent Relationship": "Outer", "Join Type": "Inner", "Startup Cost": 2.41, "Total Cost": 37695.3, "Plan Rows": 873, "Plan Width": 54, "Actual Min Startup Time": 111.581, "Actual Max Startup Time": 111.581, "Actual Min Total Time": 333.316, "Actual Max Total Time": 333.316, "Inner Unique": true, "Join Filter": "(at.movie_id = t.id)", "Rows Removed by Join Filter": 0, "Plans": [{"Node Type": "Nested Loop", "Parent Relationship": "Outer", "Join Type": "Inner", "Startup Cost": 2.41, "Total Cost": 37473.22, "Plan Rows": 630, "Plan Width": 33, "Actual Min Startup Time": 111.539, "Actual Max Startup Time": 111.539, "Actual Min Total Time": 329.887, "Actual Max Total Time": 329.887, "Inner Unique": true, "Plans": [{"Node Type": "Nested Loop", "Parent Relationship": "Outer", "Join Type": "Inner", "Startup Cost": 2.41, "Total Cost": 37296.82, "Plan Rows": 630, "Plan Width": 37, "Actual Min Startup Time": 111.512, "Actual Max Startup Time": 111.512, "Actual Min Total Time": 328.361, "Actual Max Total Time": 328.361, "Inner Unique": true, "Plans": [{"Node Type": "Nested Loop", "Parent Relationship": "Outer", "Join Type": "Inner", "Startup Cost": 2.41, "Total Cost": 36994.2, "Plan Rows": 1052, "Plan Width": 41, "Actual Min Startup Time": 111.477, "Actual Max Startup Time": 111.477, "Actual Min Total Time": 314.573, "Actual Max Total Time": 314.573, "Inner Unique": false, "Plans": [{"Node Type": "Nested Loop", "Parent Relationship": "Outer", "Join Type": "Inner", "Startup Cost": 2.41, "Total Cost": 36705.12, "Plan Rows": 490, "Plan Width": 29, "Actual Min Startup Time": 111.436, "Actual Max Startup Time": 111.436, "Actual Min Total Time": 307.054, "Actual Max Total Time": 307.054, "Inner Unique": false, "Plans": [{"Node Type": "Hash Join", "Parent Relationship": "Outer", "Join Type": "Inner", "Startup Cost": 2.41, "Total Cost": 36229.42, "Plan Rows": 192, "Plan Width": 4, "Actual Min Startup Time": 111.318, "Actual Max Startup Time": 111.318, "Actual Min Total Time": 270.562, "Actual Max Total Time": 270.562, "Inner Unique": true, "Hash Cond": "(mi.info_type_id = it1.id)", "Plans": [{"Node Type": "Streaming(type: LOCAL GATHER dop: 1/16)", "Parent Relationship": "Outer", "Startup Cost": 0.0, "Total Cost": 36174.77, "Plan Rows": 13419, "Plan Width": 8, "Actual Min Startup Time": 111.119, "Actual Max Startup Time": 111.119, "Actual Min Total Time": 264.954, "Actual Max Total Time": 264.954, "Plans": [{"Node Type": "Seq Scan", "Parent Relationship": "Outer", "Relation Name": "movie_info", "Alias": "mi", "Startup Cost": 0.0, "Total Cost": 35885.16, "Plan Rows": 13419, "Plan Width": 8, "Actual Min Startup Time": 7.386, "Actual Max Startup Time": 78.279, "Actual Min Total Time": 271.753, "Actual Max Total Time": 282.538, "Filter": "((note)::text ~~ '%internet%'::text)", "Rows Removed by Filter": 14824909, "Actual Rows": 10810}], "Actual Rows": 10810}, {"Node Type": "Hash", "Parent Relationship": "Inner", "Startup Cost": 2.4, "Total Cost": 2.4, "Plan Rows": 1, "Plan Width": 4, "Actual Min Startup Time": 0.096, "Actual Max Startup Time": 0.096, "Actual Min Total Time": 0.096, "Actual Max Total Time": 0.096, "Max Hash Buckets": 32768, "Min Hash Buckets": 32768, "Max Hash Batches": 1, "Min Hash Batches": 1, "Max Original Hash Batches": 1, "Min Original Hash Batches": 1, "Max Peak Memory Usage": 1, "min Peak Memory Usage": 1, "Plans": [{"Node Type": "Seq Scan", "Parent Relationship": "Outer", "Relation Name": "info_type", "Alias": "it1", "Startup Cost": 0.0, "Total Cost": 2.4, "Plan Rows": 1, "Plan Width": 4, "Actual Min Startup Time": 0.055, "Actual Max Startup Time": 0.055, "Actual Min Total Time": 0.077, "Actual Max Total Time": 0.077, "Filter": "((info)::text = 'release dates'::text)", "Rows Removed by Filter": 111, "Actual Rows": 1}], "Actual Rows": 1}], "Actual Rows": 10679}, {"Node Type": "Index Scan", "Parent Relationship": "Inner", "Scan Direction": "Forward", "Index Name": "movie_id_aka_title", "Relation Name": "aka_title", "Alias": "at", "Startup Cost": 0.0, "Total Cost": 2.45, "Plan Rows": 3, "Plan Width": 25, "Actual Min Startup Time": 30.565, "Actual Max Startup Time": 30.565, "Actual Min Total Time": 31.274, "Actual Max Total Time": 31.274, "Index Cond": "(movie_id = mi.movie_id)", "Rows Removed by Index Recheck": 0, "Actual Rows": 591}], "Actual Rows": 591}, {"Node Type": "Index Scan", "Parent Relationship": "Inner", "Scan Direction": "Forward", "Index Name": "movie_id_movie_companies", "Relation Name": "movie_companies", "Alias": "mc", "Startup Cost": 0.0, "Total Cost": 0.57, "Plan Rows": 2, "Plan Width": 12, "Actual Min Startup Time": 4.785, "Actual Max Startup Time": 4.785, "Actual Min Total Time": 6.53, "Actual Max Total Time": 6.53, "Index Cond": "(movie_id = at.movie_id)", "Rows Removed by Index Recheck": 0, "Actual Rows": 2130}], "Actual Rows": 2130}, {"Node Type": "Index Scan", "Parent Relationship": "Inner", "Scan Direction": "Forward", "Index Name": "company_name_pkey", "Relation Name": "company_name", "Alias": "cn", "Startup Cost": 0.0, "Total Cost": 0.28, "Plan Rows": 1, "Plan Width": 4, "Actual Min Startup Time": 12.226, "Actual Max Startup Time": 12.226, "Actual Min Total Time": 12.226, "Actual Max Total Time": 12.226, "Index Cond": "(id = mc.company_id)", "Rows Removed by Index Recheck": 0, "Filter": "((country_code)::text = '[us]'::text)", "Rows Removed by Filter": 1234, "Actual Rows": 896}], "Actual Rows": 896}, {"Node Type": "Index Only Scan", "Parent Relationship": "Inner", "Scan Direction": "Forward", "Index Name": "company_type_pkey", "Relation Name": "company_type", "Alias": "ct", "Startup Cost": 0.0, "Total Cost": 0.27, "Plan Rows": 1, "Plan Width": 4, "Actual Min Startup Time": 0.791, "Actual Max Startup Time": 0.791, "Actual Min Total Time": 0.791, "Actual Max Total Time": 0.791, "Index Cond": "(id = mc.company_type_id)", "Rows Removed by Index Recheck": 0, "Heap Fetches": 0, "Actual Rows": 382}], "Actual Rows": 382}, {"Node Type": "Index Scan", "Parent Relationship": "Inner", "Scan Direction": "Forward", "Index Name": "title_pkey", "Relation Name": "title", "Alias": "t", "Startup Cost": 0.0, "Total Cost": 0.34, "Plan Rows": 1, "Plan Width": 21, "Actual Min Startup Time": 2.813, "Actual Max Startup Time": 2.813, "Actual Min Total Time": 2.813, "Actual Max Total Time": 2.813, "Index Cond": "(id = mc.movie_id)", "Rows Removed by Index Recheck": 0, "Filter": "(production_year > 1990)", "Rows Removed by Filter": 0, "Actual Rows": 382}], "Actual Rows": 382}, {"Node Type": "Index Scan", "Parent Relationship": "Inner", "Scan Direction": "Forward", "Index Name": "movie_id_movie_keyword", "Relation Name": "movie_keyword", "Alias": "mk", "Startup Cost": 0.0, "Total Cost": 0.46, "Plan Rows": 8, "Plan Width": 8, "Actual Min Startup Time": 2.888, "Actual Max Startup Time": 2.888, "Actual Min Total Time": 4.992, "Actual Max Total Time": 4.992, "Index Cond": "(movie_id = mc.movie_id)", "Rows Removed by Index Recheck": 0, "Actual Rows": 4371}], "Actual Rows": 4371}, {"Node Type": "Index Only Scan", "Parent Relationship": "Inner", "Scan Direction": "Forward", "Index Name": "keyword_pkey", "Relation Name": "keyword", "Alias": "k", "Startup Cost": 0.0, "Total Cost": 0.27, "Plan Rows": 1, "Plan Width": 4, "Actual Min Startup Time": 12.968, "Actual Max Startup Time": 12.968, "Actual Min Total Time": 12.968, "Actual Max Total Time": 12.968, "Index Cond": "(id = mk.keyword_id)", "Rows Removed by Index Recheck": 0, "Heap Fetches": 0, "Actual Rows": 4371}], "Actual Rows": 4371}], "Actual Rows": 1}, "Triggers": [], "Planner Runtime": 372, "Total Runtime": 363.284, "Unique SQL Id": 2302223328}}, "(16, 73)": {"explain_plan": {"Plan": {"Node Type": "Aggregate", "Strategy": "Plain", "Startup Cost": 499663.54, "Total Cost": 499663.55, "Plan Rows": 1, "Plan Width": 102, "Plans": [{"Node Type": "Nested Loop", "Parent Relationship": "Outer", "Join Type": "Inner", "Startup Cost": 0.0, "Total Cost": 499628.33, "Plan Rows": 7042, "Plan Width": 38, "Inner Unique": true, "Plans": [{"Node Type": "Nested Loop", "Parent Relationship": "Outer", "Join Type": "Inner", "Startup Cost": 0.0, "Total Cost": 497656.5, "Plan Rows": 7042, "Plan Width": 42, "Inner Unique": false, "Join Filter": "(t.id = mk.movie_id)", "Plans": [{"Node Type": "Nested Loop", "Parent Relationship": "Outer", "Join Type": "Inner", "Startup Cost": 0.0, "Total Cost": 497165.52, "Plan Rows": 873, "Plan Width": 54, "Inner Unique": true, "Join Filter": "(at.movie_id = t.id)", "Plans": [{"Node Type": "Nested Loop", "Parent Relationship": "Outer", "Join Type": "Inner", "Startup Cost": 0.0, "Total Cost": 496943.44, "Plan Rows": 630, "Plan Width": 33, "Inner Unique": true, "Plans": [{"Node Type": "Nested Loop", "Parent Relationship": "Outer", "Join Type": "Inner", "Startup Cost": 0.0, "Total Cost": 496767.04, "Plan Rows": 630, "Plan Width": 37, "Inner Unique": true, "Plans": [{"Node Type": "Nested Loop", "Parent Relationship": "Outer", "Join Type": "Inner", "Startup Cost": 0.0, "Total Cost": 496464.42, "Plan Rows": 1052, "Plan Width": 41, "Inner Unique": false, "Plans": [{"Node Type": "Nested Loop", "Parent Relationship": "Outer", "Join Type": "Inner", "Startup Cost": 0.0, "Total Cost": 496175.34, "Plan Rows": 490, "Plan Width": 29, "Inner Unique": false, "Plans": [{"Node Type": "Nested Loop", "Parent Relationship": "Outer", "Join Type": "Inner", "Startup Cost": 0.0, "Total Cost": 495699.65, "Plan Rows": 192, "Plan Width": 4, "Inner Unique": false, "Plans": [{"Node Type": "Index Scan", "Parent Relationship": "Outer", "Scan Direction": "Forward", "Index Name": "info_type_pkey", "Relation Name": "info_type", "Alias": "it1", "Startup Cost": 0.0, "Total Cost": 14.21, "Plan Rows": 1, "Plan Width": 4, "Filter": "((info)::text = 'release dates'::text)"}, {"Node Type": "Index Scan", "Parent Relationship": "Inner", "Scan Direction": "Forward", "Index Name": "info_type_id_movie_info", "Relation Name": "movie_info", "Alias": "mi", "Startup Cost": 0.0, "Total Cost": 495683.52, "Plan Rows": 192, "Plan Width": 8, "Index Cond": "(info_type_id = it1.id)", "Filter": "((note)::text ~~ '%internet%'::text)"}]}, {"Node Type": "Index Scan", "Parent Relationship": "Inner", "Scan Direction": "Forward", "Index Name": "movie_id_aka_title", "Relation Name": "aka_title", "Alias": "at", "Startup Cost": 0.0, "Total Cost": 2.45, "Plan Rows": 3, "Plan Width": 25, "Index Cond": "(movie_id = mi.movie_id)"}]}, {"Node Type": "Index Scan", "Parent Relationship": "Inner", "Scan Direction": "Forward", "Index Name": "movie_id_movie_companies", "Relation Name": "movie_companies", "Alias": "mc", "Startup Cost": 0.0, "Total Cost": 0.57, "Plan Rows": 2, "Plan Width": 12, "Index Cond": "(movie_id = at.movie_id)"}]}, {"Node Type": "Index Scan", "Parent Relationship": "Inner", "Scan Direction": "Forward", "Index Name": "company_name_pkey", "Relation Name": "company_name", "Alias": "cn", "Startup Cost": 0.0, "Total Cost": 0.28, "Plan Rows": 1, "Plan Width": 4, "Index Cond": "(id = mc.company_id)", "Filter": "((country_code)::text = '[us]'::text)"}]}, {"Node Type": "Index Only Scan", "Parent Relationship": "Inner", "Scan Direction": "Forward", "Index Name": "company_type_pkey", "Relation Name": "company_type", "Alias": "ct", "Startup Cost": 0.0, "Total Cost": 0.27, "Plan Rows": 1, "Plan Width": 4, "Index Cond": "(id = mc.company_type_id)"}]}, {"Node Type": "Index Scan", "Parent Relationship": "Inner", "Scan Direction": "Forward", "Index Name": "title_pkey", "Relation Name": "title", "Alias": "t", "Startup Cost": 0.0, "Total Cost": 0.34, "Plan Rows": 1, "Plan Width": 21, "Index Cond": "(id = mc.movie_id)", "Filter": "(production_year > 1990)"}]}, {"Node Type": "Index Scan", "Parent Relationship": "Inner", "Scan Direction": "Forward", "Index Name": "movie_id_movie_keyword", "Relation Name": "movie_keyword", "Alias": "mk", "Startup Cost": 0.0, "Total Cost": 0.46, "Plan Rows": 8, "Plan Width": 8, "Index Cond": "(movie_id = mc.movie_id)"}]}, {"Node Type": "Index Only Scan", "Parent Relationship": "Inner", "Scan Direction": "Forward", "Index Name": "keyword_pkey", "Relation Name": "keyword", "Alias": "k", "Startup Cost": 0.0, "Total Cost": 0.27, "Plan Rows": 1, "Plan Width": 4, "Index Cond": "(id = mk.keyword_id)"}]}]}, "Unique SQL Id": 2302223328, "Planner Runtime": 288}, "explain_analyze_plan": null}, "(16, 74)": {"explain_plan": {"Plan": {"Node Type": "Aggregate", "Strategy": "Plain", "Startup Cost": 148721.97, "Total Cost": 148721.98, "Plan Rows": 1, "Plan Width": 102, "Plans": [{"Node Type": "Hash Join", "Parent Relationship": "Outer", "Join Type": "Inner", "Startup Cost": 111076.4, "Total Cost": 148686.76, "Plan Rows": 7042, "Plan Width": 38, "Inner Unique": true, "Hash Cond": "(mc.company_type_id = ct.id)", "Plans": [{"Node Type": "Hash Join", "Parent Relationship": "Outer", "Join Type": "Inner", "Startup Cost": 111075.34, "Total Cost": 148588.86, "Plan Rows": 7042, "Plan Width": 42, "Inner Unique": true, "Hash Cond": "(mc.company_id = cn.id)", "Plans": [{"Node Type": "Streaming(type: LOCAL GATHER dop: 1/16)", "Parent Relationship": "Outer", "Startup Cost": 108534.85, "Total Cost": 145946.49, "Plan Rows": 11758, "Plan Width": 46, "Plans": [{"Node Type": "Hash Join", "Parent Relationship": "Outer", "Join Type": "Inner", "Startup Cost": 108534.85, "Total Cost": 145692.73, "Plan Rows": 11758, "Plan Width": 46, "Inner Unique": false, "Hash Cond": "(t.id = mc.movie_id)", "Plans": [{"Node Type": "Streaming(type: BROADCAST dop: 16/1)", "Parent Relationship": "Outer", "Startup Cost": 102093.07, "Total Cost": 139141.18, "Plan Rows": 87632, "Plan Width": 54, "Plans": [{"Node Type": "Hash Join", "Parent Relationship": "Outer", "Join Type": "Inner", "Startup Cost": 102093.07, "Total Cost": 122249.9, "Plan Rows": 5477, "Plan Width": 54, "Inner Unique": true, "Hash Cond": "(mk.keyword_id = k.id)", "Plans": [{"Node Type": "Streaming(type: LOCAL GATHER dop: 1/16)", "Parent Relationship": "Outer", "Startup Cost": 98315.27, "Total Cost": 118397.87, "Plan Rows": 5477, "Plan Width": 58, "Plans": [{"Node Type": "Hash Join", "Parent Relationship": "Outer", "Join Type": "Inner", "Startup Cost": 98315.27, "Total Cost": 118279.67, "Plan Rows": 5477, "Plan Width": 58, "Inner Unique": false, "Hash Cond": "(mk.movie_id = t.id)", "Plans": [{"Node Type": "Seq Scan", "Parent Relationship": "Outer", "Relation Name": "movie_keyword", "Alias": "mk", "Startup Cost": 0.0, "Total Cost": 18902.58, "Plan Rows": 4523929, "Plan Width": 8}, {"Node Type": "Hash", "Parent Relationship": "Inner", "Startup Cost": 98306.78, "Total Cost": 98306.78, "Plan Rows": 10864, "Plan Width": 50, "Plans": [{"Node Type": "Streaming(type: BROADCAST dop: 16/1)", "Parent Relationship": "Outer", "Startup Cost": 71821.33, "Total Cost": 98306.78, "Plan Rows": 10864, "Plan Width": 50, "Plans": [{"Node Type": "Hash Join", "Parent Relationship": "Outer", "Join Type": "Inner", "Startup Cost": 71821.33, "Total Cost": 83072.32, "Plan Rows": 679, "Plan Width": 50, "Inner Unique": false, "Hash Cond": "(at.movie_id = t.id)", "Plans": [{"Node Type": "Seq Scan", "Parent Relationship": "Outer", "Relation Name": "aka_title", "Alias": "at", "Startup Cost": 0.0, "Total Cost": 9894.71, "Plan Rows": 361471, "Plan Width": 25}, {"Node Type": "Hash", "Parent Relationship": "Inner", "Startup Cost": 71818.0, "Total Cost": 71818.0, "Plan Rows": 266, "Plan Width": 25, "Plans": [{"Node Type": "Streaming(type: LOCAL GATHER dop: 1/16)", "Parent Relationship": "Outer", "Startup Cost": 20518.06, "Total Cost": 71818.0, "Plan Rows": 266, "Plan Width": 25, "Plans": [{"Node Type": "Hash Join", "Parent Relationship": "Outer", "Join Type": "Inner", "Startup Cost": 20518.06, "Total Cost": 71812.26, "Plan Rows": 266, "Plan Width": 25, "Inner Unique": true, "Hash Cond": "(mi.movie_id = t.id)", "Plans": [{"Node Type": "Streaming(type: BROADCAST dop: 16/1)", "Parent Relationship": "Outer", "Startup Cost": 2.41, "Total Cost": 51295.72, "Plan Rows": 3072, "Plan Width": 4, "Plans": [{"Node Type": "Hash Join", "Parent Relationship": "Outer", "Join Type": "Inner", "Startup Cost": 2.41, "Total Cost": 36229.42, "Plan Rows": 192, "Plan Width": 4, "Inner Unique": true, "Hash Cond": "(mi.info_type_id = it1.id)", "Plans": [{"Node Type": "Streaming(type: LOCAL GATHER dop: 1/16)", "Parent Relationship": "Outer", "Startup Cost": 0.0, "Total Cost": 36174.77, "Plan Rows": 13419, "Plan Width": 8, "Plans": [{"Node Type": "Seq Scan", "Parent Relationship": "Outer", "Relation Name": "movie_info", "Alias": "mi", "Startup Cost": 0.0, "Total Cost": 35885.16, "Plan Rows": 13419, "Plan Width": 8, "Filter": "((note)::text ~~ '%internet%'::text)"}]}, {"Node Type": "Hash", "Parent Relationship": "Inner", "Startup Cost": 2.4, "Total Cost": 2.4, "Plan Rows": 1, "Plan Width": 4, "Plans": [{"Node Type": "Seq Scan", "Parent Relationship": "Outer", "Relation Name": "info_type", "Alias": "it1", "Startup Cost": 0.0, "Total Cost": 2.4, "Plan Rows": 1, "Plan Width": 4, "Filter": "((info)::text = 'release dates'::text)"}]}]}]}, {"Node Type": "Hash", "Parent Relationship": "Inner", "Startup Cost": 19149.37, "Total Cost": 19149.37, "Plan Rows": 1748840, "Plan Width": 21, "Plans": [{"Node Type": "Seq Scan", "Parent Relationship": "Outer", "Relation Name": "title", "Alias": "t", "Startup Cost": 0.0, "Total Cost": 19149.37, "Plan Rows": 1748840, "Plan Width": 21, "Filter": "(production_year > 1990), (LLVM Optimized)"}]}]}]}]}]}]}]}]}]}, {"Node Type": "Hash", "Parent Relationship": "Inner", "Startup Cost": 2100.69, "Total Cost": 2100.69, "Plan Rows": 134169, "Plan Width": 4, "Plans": [{"Node Type": "Seq Scan", "Parent Relationship": "Outer", "Relation Name": "keyword", "Alias": "k", "Startup Cost": 0.0, "Total Cost": 2100.69, "Plan Rows": 134169, "Plan Width": 4}]}]}]}, {"Node Type": "Hash", "Parent Relationship": "Inner", "Startup Cost": 17613.58, "Total Cost": 17613.58, "Plan Rows": 2609128, "Plan Width": 12, "Plans": [{"Node Type": "Seq Scan", "Parent Relationship": "Outer", "Relation Name": "movie_companies", "Alias": "mc", "Startup Cost": 0.0, "Total Cost": 17613.58, "Plan Rows": 2609128, "Plan Width": 12}]}]}]}, {"Node Type": "Hash", "Parent Relationship": "Inner", "Startup Cost": 5903.45, "Total Cost": 5903.45, "Plan Rows": 85170, "Plan Width": 4, "Plans": [{"Node Type": "Seq Scan", "Parent Relationship": "Outer", "Relation Name": "company_name", "Alias": "cn", "Startup Cost": 0.0, "Total Cost": 5903.45, "Plan Rows": 85170, "Plan Width": 4, "Filter": "((country_code)::text = '[us]'::text)"}]}]}, {"Node Type": "Hash", "Parent Relationship": "Inner", "Startup Cost": 1.03, "Total Cost": 1.03, "Plan Rows": 3, "Plan Width": 4, "Plans": [{"Node Type": "Seq Scan", "Parent Relationship": "Outer", "Relation Name": "company_type", "Alias": "ct", "Startup Cost": 0.0, "Total Cost": 1.03, "Plan Rows": 3, "Plan Width": 4}]}]}]}, "Unique SQL Id": 2302223328, "Planner Runtime": 587}, "explain_analyze_plan": {"Plan": {"Node Type": "Aggregate", "Strategy": "Plain", "Startup Cost": 148721.97, "Total Cost": 148721.98, "Plan Rows": 1, "Plan Width": 102, "Actual Min Startup Time": 893.356, "Actual Max Startup Time": 893.356, "Actual Min Total Time": 893.357, "Actual Max Total Time": 893.357, "Plans": [{"Node Type": "Hash Join", "Parent Relationship": "Outer", "Join Type": "Inner", "Startup Cost": 111076.4, "Total Cost": 148686.76, "Plan Rows": 7042, "Plan Width": 38, "Actual Min Startup Time": 776.899, "Actual Max Startup Time": 776.899, "Actual Min Total Time": 891.161, "Actual Max Total Time": 891.161, "Inner Unique": true, "Hash Cond": "(mc.company_type_id = ct.id)", "Plans": [{"Node Type": "Hash Join", "Parent Relationship": "Outer", "Join Type": "Inner", "Startup Cost": 111075.34, "Total Cost": 148588.86, "Plan Rows": 7042, "Plan Width": 42, "Actual Min Startup Time": 761.564, "Actual Max Startup Time": 761.564, "Actual Min Total Time": 888.164, "Actual Max Total Time": 888.164, "Inner Unique": true, "Hash Cond": "(mc.company_id = cn.id)", "Plans": [{"Node Type": "Streaming(type: LOCAL GATHER dop: 1/16)", "Parent Relationship": "Outer", "Startup Cost": 108534.85, "Total Cost": 145946.49, "Plan Rows": 11758, "Plan Width": 46, "Actual Min Startup Time": 640.347, "Actual Max Startup Time": 640.347, "Actual Min Total Time": 756.79, "Actual Max Total Time": 756.79, "Plans": [{"Node Type": "Hash Join", "Parent Relationship": "Outer", "Join Type": "Inner", "Startup Cost": 108534.85, "Total Cost": 145692.73, "Plan Rows": 11758, "Plan Width": 46, "Actual Min Startup Time": 581.545, "Actual Max Startup Time": 622.336, "Actual Min Total Time": 692.765, "Actual Max Total Time": 745.06, "Inner Unique": false, "Hash Cond": "(t.id = mc.movie_id)", "Plans": [{"Node Type": "Streaming(type: BROADCAST dop: 16/1)", "Parent Relationship": "Outer", "Startup Cost": 102093.07, "Total Cost": 139141.18, "Plan Rows": 87632, "Plan Width": 54, "Actual Min Startup Time": 442.502, "Actual Max Startup Time": 534.204, "Actual Min Total Time": 566.336, "Actual Max Total Time": 659.607, "Plans": [{"Node Type": "Hash Join", "Parent Relationship": "Outer", "Join Type": "Inner", "Startup Cost": 102093.07, "Total Cost": 122249.9, "Plan Rows": 5477, "Plan Width": 54, "Actual Min Startup Time": 596.068, "Actual Max Startup Time": 596.068, "Actual Min Total Time": 631.753, "Actual Max Total Time": 631.753, "Inner Unique": true, "Hash Cond": "(mk.keyword_id = k.id)", "Plans": [{"Node Type": "Streaming(type: LOCAL GATHER dop: 1/16)", "Parent Relationship": "Outer", "Startup Cost": 98315.27, "Total Cost": 118397.87, "Plan Rows": 5477, "Plan Width": 58, "Actual Min Startup Time": 504.713, "Actual Max Startup Time": 504.713, "Actual Min Total Time": 535.913, "Actual Max Total Time": 535.913, "Plans": [{"Node Type": "Hash Join", "Parent Relationship": "Outer", "Join Type": "Inner", "Startup Cost": 98315.27, "Total Cost": 118279.67, "Plan Rows": 5477, "Plan Width": 58, "Actual Min Startup Time": 550.134, "Actual Max Startup Time": 606.334, "Actual Min Total Time": 660.876, "Actual Max Total Time": 713.324, "Inner Unique": false, "Hash Cond": "(mk.movie_id = t.id)", "Plans": [{"Node Type": "Seq Scan", "Parent Relationship": "Outer", "Relation Name": "movie_keyword", "Alias": "mk", "Startup Cost": 0.0, "Total Cost": 18902.58, "Plan Rows": 4523929, "Plan Width": 8, "Actual Min Startup Time": 0.059, "Actual Max Startup Time": 0.099, "Actual Min Total Time": 57.616, "Actual Max Total Time": 66.322, "Actual Rows": 4523929}, {"Node Type": "Hash", "Parent Relationship": "Inner", "Startup Cost": 98306.78, "Total Cost": 98306.78, "Plan Rows": 10864, "Plan Width": 50, "Actual Min Startup Time": 545.076, "Actual Max Startup Time": 597.716, "Actual Min Total Time": 545.076, "Actual Max Total Time": 597.716, "Max Hash Buckets": 32768, "Min Hash Buckets": 32768, "Max Hash Batches": 1, "Min Hash Batches": 1, "Max Original Hash Batches": 1, "Min Original Hash Batches": 1, "Max Peak Memory Usage": 52, "min Peak Memory Usage": 52, "Plans": [{"Node Type": "Streaming(type: BROADCAST dop: 16/1)", "Parent Relationship": "Outer", "Startup Cost": 71821.33, "Total Cost": 98306.78, "Plan Rows": 10864, "Plan Width": 50, "Actual Min Startup Time": 392.988, "Actual Max Startup Time": 445.64, "Actual Min Total Time": 544.75, "Actual Max Total Time": 597.414, "Plans": [{"Node Type": "Hash Join", "Parent Relationship": "Outer", "Join Type": "Inner", "Startup Cost": 71821.33, "Total Cost": 83072.32, "Plan Rows": 679, "Plan Width": 50, "Actual Min Startup Time": 412.666, "Actual Max Startup Time": 412.666, "Actual Min Total Time": 573.25, "Actual Max Total Time": 573.25, "Inner Unique": false, "Hash Cond": "(at.movie_id = t.id)", "Plans": [{"Node Type": "Seq Scan", "Parent Relationship": "Outer", "Relation Name": "aka_title", "Alias": "at", "Startup Cost": 0.0, "Total Cost": 9894.71, "Plan Rows": 361471, "Plan Width": 25, "Actual Min Startup Time": 0.052, "Actual Max Startup Time": 0.052, "Actual Min Total Time": 93.865, "Actual Max Total Time": 93.865, "Actual Rows": 361471}, {"Node Type": "Hash", "Parent Relationship": "Inner", "Startup Cost": 71818.0, "Total Cost": 71818.0, "Plan Rows": 266, "Plan Width": 25, "Actual Min Startup Time": 412.526, "Actual Max Startup Time": 412.526, "Actual Min Total Time": 412.526, "Actual Max Total Time": 412.526, "Max Hash Buckets": 32768, "Min Hash Buckets": 32768, "Max Hash Batches": 1, "Min Hash Batches": 1, "Max Original Hash Batches": 1, "Min Original Hash Batches": 1, "Max Peak Memory Usage": 627, "min Peak Memory Usage": 627, "Plans": [{"Node Type": "Streaming(type: LOCAL GATHER dop: 1/16)", "Parent Relationship": "Outer", "Startup Cost": 20518.06, "Total Cost": 71818.0, "Plan Rows": 266, "Plan Width": 25, "Actual Min Startup Time": 178.69, "Actual Max Startup Time": 178.69, "Actual Min Total Time": 409.662, "Actual Max Total Time": 409.662, "Plans": [{"Node Type": "Hash Join", "Parent Relationship": "Outer", "Join Type": "Inner", "Startup Cost": 20518.06, "Total Cost": 71812.26, "Plan Rows": 266, "Plan Width": 25, "Actual Min Startup Time": 95.737, "Actual Max Startup Time": 125.33, "Actual Min Total Time": 365.791, "Actual Max Total Time": 452.299, "Inner Unique": true, "Hash Cond": "(mi.movie_id = t.id)", "Plans": [{"Node Type": "Streaming(type: BROADCAST dop: 16/1)", "Parent Relationship": "Outer", "Startup Cost": 2.41, "Total Cost": 51295.72, "Plan Rows": 3072, "Plan Width": 4, "Actual Min Startup Time": 0.032, "Actual Max Startup Time": 0.094, "Actual Min Total Time": 236.864, "Actual Max Total Time": 348.091, "Plans": [{"Node Type": "Hash Join", "Parent Relationship": "Outer", "Join Type": "Inner", "Startup Cost": 2.41, "Total Cost": 36229.42, "Plan Rows": 192, "Plan Width": 4, "Actual Min Startup Time": 0.265, "Actual Max Startup Time": 0.265, "Actual Min Total Time": 160.247, "Actual Max Total Time": 160.247, "Inner Unique": true, "Hash Cond": "(mi.info_type_id = it1.id)", "Plans": [{"Node Type": "Streaming(type: LOCAL GATHER dop: 1/16)", "Parent Relationship": "Outer", "Startup Cost": 0.0, "Total Cost": 36174.77, "Plan Rows": 13419, "Plan Width": 8, "Actual Min Startup Time": 0.074, "Actual Max Startup Time": 0.074, "Actual Min Total Time": 155.479, "Actual Max Total Time": 155.479, "Plans": [{"Node Type": "Seq Scan", "Parent Relationship": "Outer", "Relation Name": "movie_info", "Alias": "mi", "Startup Cost": 0.0, "Total Cost": 35885.16, "Plan Rows": 13419, "Plan Width": 8, "Actual Min Startup Time": 7.347, "Actual Max Startup Time": 80.747, "Actual Min Total Time": 258.121, "Actual Max Total Time": 285.589, "Filter": "((note)::text ~~ '%internet%'::text)", "Rows Removed by Filter": 14824909, "Actual Rows": 10810}], "Actual Rows": 10810}, {"Node Type": "Hash", "Parent Relationship": "Inner", "Startup Cost": 2.4, "Total Cost": 2.4, "Plan Rows": 1, "Plan Width": 4, "Actual Min Startup Time": 0.105, "Actual Max Startup Time": 0.105, "Actual Min Total Time": 0.105, "Actual Max Total Time": 0.105, "Max Hash Buckets": 32768, "Min Hash Buckets": 32768, "Max Hash Batches": 1, "Min Hash Batches": 1, "Max Original Hash Batches": 1, "Min Original Hash Batches": 1, "Max Peak Memory Usage": 1, "min Peak Memory Usage": 1, "Plans": [{"Node Type": "Seq Scan", "Parent Relationship": "Outer", "Relation Name": "info_type", "Alias": "it1", "Startup Cost": 0.0, "Total Cost": 2.4, "Plan Rows": 1, "Plan Width": 4, "Actual Min Startup Time": 0.07, "Actual Max Startup Time": 0.07, "Actual Min Total Time": 0.092, "Actual Max Total Time": 0.092, "Filter": "((info)::text = 'release dates'::text)", "Rows Removed by Filter": 111, "Actual Rows": 1}], "Actual Rows": 1}], "Actual Rows": 10679}], "Actual Rows": 170864}, {"Node Type": "Hash", "Parent Relationship": "Inner", "Startup Cost": 19149.37, "Total Cost": 19149.37, "Plan Rows": 1748840, "Plan Width": 21, "Actual Min Startup Time": 95.576, "Actual Max Startup Time": 125.029, "Actual Min Total Time": 95.576, "Actual Max Total Time": 125.029, "Max Hash Buckets": 131072, "Min Hash Buckets": 131072, "Max Hash Batches": 1, "Min Hash Batches": 1, "Max Original Hash Batches": 1, "Min Original Hash Batches": 1, "Max Peak Memory Usage": 5962, "min Peak Memory Usage": 5962, "Plans": [{"Node Type": "Seq Scan", "Parent Relationship": "Outer", "Relation Name": "title", "Alias": "t", "Startup Cost": 0.0, "Total Cost": 19149.37, "Plan Rows": 1748840, "Plan Width": 21, "Actual Min Startup Time": 0.03, "Actual Max Startup Time": 0.044, "Actual Min Total Time": 63.877, "Actual Max Total Time": 73.405, "Filter": "(production_year > 1990), (LLVM Optimized, Jit Execute)", "Rows Removed by Filter": 779279, "Actual Rows": 1749032}], "Actual Rows": 1749032}], "Actual Rows": 10662}], "Actual Rows": 10662}], "Actual Rows": 10662}], "Actual Rows": 584}], "Actual Rows": 9344}], "Actual Rows": 9344}], "Actual Rows": 6320}], "Actual Rows": 6320}, {"Node Type": "Hash", "Parent Relationship": "Inner", "Startup Cost": 2100.69, "Total Cost": 2100.69, "Plan Rows": 134169, "Plan Width": 4, "Actual Min Startup Time": 90.994, "Actual Max Startup Time": 90.994, "Actual Min Total Time": 90.994, "Actual Max Total Time": 90.994, "Max Hash Buckets": 262144, "Min Hash Buckets": 262144, "Max Hash Batches": 1, "Min Hash Batches": 1, "Max Original Hash Batches": 1, "Min Original Hash Batches": 1, "Max Peak Memory Usage": 4717, "min Peak Memory Usage": 4717, "Plans": [{"Node Type": "Seq Scan", "Parent Relationship": "Outer", "Relation Name": "keyword", "Alias": "k", "Startup Cost": 0.0, "Total Cost": 2100.69, "Plan Rows": 134169, "Plan Width": 4, "Actual Min Startup Time": 0.051, "Actual Max Startup Time": 0.051, "Actual Min Total Time": 40.749, "Actual Max Total Time": 40.749, "Actual Rows": 134169}], "Actual Rows": 134169}], "Actual Rows": 6320}], "Actual Rows": 101120}, {"Node Type": "Hash", "Parent Relationship": "Inner", "Startup Cost": 17613.58, "Total Cost": 17613.58, "Plan Rows": 2609128, "Plan Width": 12, "Actual Min Startup Time": 83.599, "Actual Max Startup Time": 129.432, "Actual Min Total Time": 83.599, "Actual Max Total Time": 129.432, "Max Hash Buckets": 262144, "Min Hash Buckets": 262144, "Max Hash Batches": 1, "Min Hash Batches": 1, "Max Original Hash Batches": 1, "Min Original Hash Batches": 1, "Max Peak Memory Usage": 7164, "min Peak Memory Usage": 7164, "Plans": [{"Node Type": "Seq Scan", "Parent Relationship": "Outer", "Relation Name": "movie_companies", "Alias": "mc", "Startup Cost": 0.0, "Total Cost": 17613.58, "Plan Rows": 2609128, "Plan Width": 12, "Actual Min Startup Time": 0.036, "Actual Max Startup Time": 0.071, "Actual Min Total Time": 43.713, "Actual Max Total Time": 54.973, "Actual Rows": 2609128}], "Actual Rows": 2609128}], "Actual Rows": 39767}], "Actual Rows": 39767}, {"Node Type": "Hash", "Parent Relationship": "Inner", "Startup Cost": 5903.45, "Total Cost": 5903.45, "Plan Rows": 85170, "Plan Width": 4, "Actual Min Startup Time": 120.979, "Actual Max Startup Time": 120.979, "Actual Min Total Time": 120.979, "Actual Max Total Time": 120.979, "Max Hash Buckets": 131072, "Min Hash Buckets": 131072, "Max Hash Batches": 1, "Min Hash Batches": 1, "Max Original Hash Batches": 1, "Min Original Hash Batches": 1, "Max Peak Memory Usage": 2983, "min Peak Memory Usage": 2983, "Plans": [{"Node Type": "Seq Scan", "Parent Relationship": "Outer", "Relation Name": "company_name", "Alias": "cn", "Startup Cost": 0.0, "Total Cost": 5903.45, "Plan Rows": 85170, "Plan Width": 4, "Actual Min Startup Time": 0.058, "Actual Max Startup Time": 0.058, "Actual Min Total Time": 96.655, "Actual Max Total Time": 96.655, "Filter": "((country_code)::text = '[us]'::text)", "Rows Removed by Filter": 150153, "Actual Rows": 84843}], "Actual Rows": 84843}], "Actual Rows": 11347}, {"Node Type": "Hash", "Parent Relationship": "Inner", "Startup Cost": 1.03, "Total Cost": 1.03, "Plan Rows": 3, "Plan Width": 4, "Actual Min Startup Time": 0.049, "Actual Max Startup Time": 0.049, "Actual Min Total Time": 0.049, "Actual Max Total Time": 0.049, "Max Hash Buckets": 32768, "Min Hash Buckets": 32768, "Max Hash Batches": 1, "Min Hash Batches": 1, "Max Original Hash Batches": 1, "Min Original Hash Batches": 1, "Max Peak Memory Usage": 1, "min Peak Memory Usage": 1, "Plans": [{"Node Type": "Seq Scan", "Parent Relationship": "Outer", "Relation Name": "company_type", "Alias": "ct", "Startup Cost": 0.0, "Total Cost": 1.03, "Plan Rows": 3, "Plan Width": 4, "Actual Min Startup Time": 0.023, "Actual Max Startup Time": 0.023, "Actual Min Total Time": 0.026, "Actual Max Total Time": 0.026, "Actual Rows": 3}], "Actual Rows": 3}], "Actual Rows": 4371}], "Actual Rows": 1}, "Triggers": [], "Planner Runtime": 529, "Total Runtime": 921.536, "Unique SQL Id": 2302223328}}, "(16, 75)": {"explain_plan": {"Plan": {"Node Type": "Aggregate", "Strategy": "Plain", "Startup Cost": 8990595290543.75, "Total Cost": 8990595290543.76, "Plan Rows": 1, "Plan Width": 102, "Plans": [{"Node Type": "Hash Join", "Parent Relationship": "Outer", "Join Type": "Inner", "Startup Cost": 4050658357863.26, "Total Cost": 8990595290508.54, "Plan Rows": 7042, "Plan Width": 38, "Inner Unique": true, "Hash Cond": "(mk.keyword_id = k.id)", "Plans": [{"Node Type": "Hash Join", "Parent Relationship": "Outer", "Join Type": "Inner", "Startup Cost": 3050658150107.65, "Total Cost": 7990595082657.49, "Plan Rows": 7042, "Plan Width": 42, "Inner Unique": true, "Hash Cond": "(mc.company_type_id = ct.id)", "Plans": [{"Node Type": "Hash Join", "Parent Relationship": "Outer", "Join Type": "Inner", "Startup Cost": 2050658149278.11, "Total Cost": 6990595081731.13, "Plan Rows": 7042, "Plan Width": 46, "Inner Unique": true, "Hash Cond": "(mc.company_id = cn.id)", "Plans": [{"Node Type": "Hash Join", "Parent Relationship": "Outer", "Join Type": "Inner", "Startup Cost": 1050657098074.52, "Total Cost": 5990594030425.65, "Plan Rows": 11758, "Plan Width": 50, "Inner Unique": true, "Hash Cond": "(mi.info_type_id = it1.id)", "Plans": [{"Node Type": "Merge Join", "Parent Relationship": "Outer", "Join Type": "Inner", "Startup Cost": 50657096653.5, "Total Cost": 4990594026824.22, "Plan Rows": 823077, "Plan Width": 54, "Inner Unique": false, "Merge Cond": "(t.id = mk.movie_id)", "Plans": [{"Node Type": "Merge Join", "Parent Relationship": "Outer", "Join Type": "Inner", "Startup Cost": 40191975912.29, "Total Cost": 3994454717145.8, "Plan Rows": 102019, "Plan Width": 66, "Inner Unique": false, "Merge Cond": "(t.id = at.movie_id)", "Plans": [{"Node Type": "Merge Join", "Parent Relationship": "Outer", "Join Type": "Inner", "Startup Cost": 30024908232.05, "Total Cost": 2997514380028.91, "Plan Rows": 39739, "Plan Width": 41, "Inner Unique": false, "Merge Cond": "(t.id = mc.movie_id)", "Plans": [{"Node Type": "Merge Join", "Parent Relationship": "Outer", "Join Type": "Inner", "Startup Cost": 20024908232.05, "Total Cost": 1999417789951.33, "Plan Rows": 18591, "Plan Width": 29, "Inner Unique": true, "Merge Cond": "(mi.movie_id = t.id)", "Plans": [{"Node Type": "Index Scan", "Parent Relationship": "Outer", "Scan Direction": "Forward", "Index Name": "movie_id_movie_info", "Relation Name": "movie_info", "Alias": "mi", "Startup Cost": 10000000000.0, "Total Cost": 1000107534403.72, "Plan Rows": 13419, "Plan Width": 8, "Filter": "((note)::text ~~ '%internet%'::text)"}, {"Node Type": "Index Scan", "Parent Relationship": "Inner", "Scan Direction": "Forward", "Index Name": "title_pkey", "Relation Name": "title", "Alias": "t", "Startup Cost": 10000000000.0, "Total Cost": 1000011644126.66, "Plan Rows": 1748840, "Plan Width": 21, "Filter": "(production_year > 1990), (LLVM Optimized)"}]}, {"Node Type": "Index Scan", "Parent Relationship": "Inner", "Scan Direction": "Forward", "Index Name": "movie_id_movie_companies", "Relation Name": "movie_companies", "Alias": "mc", "Startup Cost": 10000000000.0, "Total Cost": 1000013051946.13, "Plan Rows": 2609128, "Plan Width": 12}]}, {"Node Type": "Index Scan", "Parent Relationship": "Inner", "Scan Direction": "Forward", "Index Name": "movie_id_aka_title", "Relation Name": "aka_title", "Alias": "at", "Startup Cost": 10000000000.0, "Total Cost": 1000001990001.13, "Plan Rows": 361471, "Plan Width": 25}]}, {"Node Type": "Index Scan", "Parent Relationship": "Inner", "Scan Direction": "Forward", "Index Name": "movie_id_movie_keyword", "Relation Name": "movie_keyword", "Alias": "mk", "Startup Cost": 10000000000.0, "Total Cost": 1000015300634.17, "Plan Rows": 4523929, "Plan Width": 8}]}, {"Node Type": "Hash", "Parent Relationship": "Inner", "Startup Cost": 1000000001421.0, "Total Cost": 1000000001421.0, "Plan Rows": 1, "Plan Width": 4, "Plans": [{"Node Type": "Index Scan", "Parent Relationship": "Outer", "Scan Direction": "Forward", "Index Name": "info_type_pkey", "Relation Name": "info_type", "Alias": "it1", "Startup Cost": 10000000000.0, "Total Cost": 1000000001421.0, "Plan Rows": 1, "Plan Width": 4, "Filter": "((info)::text = 'release dates'::text)"}]}]}, {"Node Type": "Hash", "Parent Relationship": "Inner", "Startup Cost": 1000001050138.97, "Total Cost": 1000001050138.97, "Plan Rows": 85170, "Plan Width": 4, "Plans": [{"Node Type": "Index Scan", "Parent Relationship": "Outer", "Scan Direction": "Forward", "Index Name": "company_name_pkey", "Relation Name": "company_name", "Alias": "cn", "Startup Cost": 10000000000.0, "Total Cost": 1000001050138.97, "Plan Rows": 85170, "Plan Width": 4, "Filter": "((country_code)::text = '[us]'::text)"}]}]}, {"Node Type": "Hash", "Parent Relationship": "Inner", "Startup Cost": 1000000000829.5, "Total Cost": 1000000000829.5, "Plan Rows": 3, "Plan Width": 4, "Plans": [{"Node Type": "Index Only Scan", "Parent Relationship": "Outer", "Scan Direction": "Forward", "Index Name": "company_type_pkey", "Relation Name": "company_type", "Alias": "ct", "Startup Cost": 10000000000.0, "Total Cost": 1000000000829.5, "Plan Rows": 3, "Plan Width": 4}]}]}, {"Node Type": "Hash", "Parent Relationship": "Inner", "Startup Cost": 1000000206078.5, "Total Cost": 1000000206078.5, "Plan Rows": 134169, "Plan Width": 4, "Plans": [{"Node Type": "Index Only Scan", "Parent Relationship": "Outer", "Scan Direction": "Forward", "Index Name": "keyword_pkey", "Relation Name": "keyword", "Alias": "k", "Startup Cost": 10000000000.0, "Total Cost": 1000000206078.5, "Plan Rows": 134169, "Plan Width": 4}]}]}]}, "Unique SQL Id": 2302223328, "Planner Runtime": 939}, "explain_analyze_plan": null}, "(16, 76)": {"explain_plan": {"Plan": {"Node Type": "Aggregate", "Strategy": "Plain", "Startup Cost": 40198.05, "Total Cost": 40198.06, "Plan Rows": 1, "Plan Width": 102, "Plans": [{"Node Type": "Nested Loop", "Parent Relationship": "Outer", "Join Type": "Inner", "Startup Cost": 2.41, "Total Cost": 40162.84, "Plan Rows": 7042, "Plan Width": 38, "Inner Unique": true, "Plans": [{"Node Type": "Nested Loop", "Parent Relationship": "Outer", "Join Type": "Inner", "Startup Cost": 2.41, "Total Cost": 38186.28, "Plan Rows": 7042, "Plan Width": 42, "Inner Unique": false, "Join Filter": "(t.id = mk.movie_id)", "Plans": [{"Node Type": "Nested Loop", "Parent Relationship": "Outer", "Join Type": "Inner", "Startup Cost": 2.41, "Total Cost": 37695.3, "Plan Rows": 873, "Plan Width": 54, "Inner Unique": true, "Join Filter": "(at.movie_id = t.id)", "Plans": [{"Node Type": "Nested Loop", "Parent Relationship": "Outer", "Join Type": "Inner", "Startup Cost": 2.41, "Total Cost": 37473.22, "Plan Rows": 630, "Plan Width": 33, "Inner Unique": true, "Plans": [{"Node Type": "Nested Loop", "Parent Relationship": "Outer", "Join Type": "Inner", "Startup Cost": 2.41, "Total Cost": 37296.82, "Plan Rows": 630, "Plan Width": 37, "Inner Unique": true, "Plans": [{"Node Type": "Nested Loop", "Parent Relationship": "Outer", "Join Type": "Inner", "Startup Cost": 2.41, "Total Cost": 36994.2, "Plan Rows": 1052, "Plan Width": 41, "Inner Unique": false, "Plans": [{"Node Type": "Nested Loop", "Parent Relationship": "Outer", "Join Type": "Inner", "Startup Cost": 2.41, "Total Cost": 36705.12, "Plan Rows": 490, "Plan Width": 29, "Inner Unique": false, "Plans": [{"Node Type": "Hash Join", "Parent Relationship": "Outer", "Join Type": "Inner", "Startup Cost": 2.41, "Total Cost": 36229.42, "Plan Rows": 192, "Plan Width": 4, "Inner Unique": true, "Hash Cond": "(mi.info_type_id = it1.id)", "Plans": [{"Node Type": "Streaming(type: LOCAL GATHER dop: 1/16)", "Parent Relationship": "Outer", "Startup Cost": 0.0, "Total Cost": 36174.77, "Plan Rows": 13419, "Plan Width": 8, "Plans": [{"Node Type": "Seq Scan", "Parent Relationship": "Outer", "Relation Name": "movie_info", "Alias": "mi", "Startup Cost": 0.0, "Total Cost": 35885.16, "Plan Rows": 13419, "Plan Width": 8, "Filter": "((note)::text ~~ '%internet%'::text)"}]}, {"Node Type": "Hash", "Parent Relationship": "Inner", "Startup Cost": 2.4, "Total Cost": 2.4, "Plan Rows": 1, "Plan Width": 4, "Plans": [{"Node Type": "Seq Scan", "Parent Relationship": "Outer", "Relation Name": "info_type", "Alias": "it1", "Startup Cost": 0.0, "Total Cost": 2.4, "Plan Rows": 1, "Plan Width": 4, "Filter": "((info)::text = 'release dates'::text)"}]}]}, {"Node Type": "Index Scan", "Parent Relationship": "Inner", "Scan Direction": "Forward", "Index Name": "movie_id_aka_title", "Relation Name": "aka_title", "Alias": "at", "Startup Cost": 0.0, "Total Cost": 2.45, "Plan Rows": 3, "Plan Width": 25, "Index Cond": "(movie_id = mi.movie_id)"}]}, {"Node Type": "Index Scan", "Parent Relationship": "Inner", "Scan Direction": "Forward", "Index Name": "movie_id_movie_companies", "Relation Name": "movie_companies", "Alias": "mc", "Startup Cost": 0.0, "Total Cost": 0.57, "Plan Rows": 2, "Plan Width": 12, "Index Cond": "(movie_id = at.movie_id)"}]}, {"Node Type": "Index Scan", "Parent Relationship": "Inner", "Scan Direction": "Forward", "Index Name": "company_name_pkey", "Relation Name": "company_name", "Alias": "cn", "Startup Cost": 0.0, "Total Cost": 0.28, "Plan Rows": 1, "Plan Width": 4, "Index Cond": "(id = mc.company_id)", "Filter": "((country_code)::text = '[us]'::text)"}]}, {"Node Type": "Index Scan", "Parent Relationship": "Inner", "Scan Direction": "Forward", "Index Name": "company_type_pkey", "Relation Name": "company_type", "Alias": "ct", "Startup Cost": 0.0, "Total Cost": 0.27, "Plan Rows": 1, "Plan Width": 4, "Index Cond": "(id = mc.company_type_id)"}]}, {"Node Type": "Index Scan", "Parent Relationship": "Inner", "Scan Direction": "Forward", "Index Name": "title_pkey", "Relation Name": "title", "Alias": "t", "Startup Cost": 0.0, "Total Cost": 0.34, "Plan Rows": 1, "Plan Width": 21, "Index Cond": "(id = mc.movie_id)", "Filter": "(production_year > 1990)"}]}, {"Node Type": "Index Scan", "Parent Relationship": "Inner", "Scan Direction": "Forward", "Index Name": "movie_id_movie_keyword", "Relation Name": "movie_keyword", "Alias": "mk", "Startup Cost": 0.0, "Total Cost": 0.46, "Plan Rows": 8, "Plan Width": 8, "Index Cond": "(movie_id = mc.movie_id)"}]}, {"Node Type": "Index Scan", "Parent Relationship": "Inner", "Scan Direction": "Forward", "Index Name": "keyword_pkey", "Relation Name": "keyword", "Alias": "k", "Startup Cost": 0.0, "Total Cost": 0.27, "Plan Rows": 1, "Plan Width": 4, "Index Cond": "(id = mk.keyword_id)"}]}]}, "Unique SQL Id": 2302223328, "Planner Runtime": 374}, "explain_analyze_plan": {"Plan": {"Node Type": "Aggregate", "Strategy": "Plain", "Startup Cost": 40198.05, "Total Cost": 40198.06, "Plan Rows": 1, "Plan Width": 102, "Actual Min Startup Time": 322.696, "Actual Max Startup Time": 322.696, "Actual Min Total Time": 322.696, "Actual Max Total Time": 322.696, "Plans": [{"Node Type": "Nested Loop", "Parent Relationship": "Outer", "Join Type": "Inner", "Startup Cost": 2.41, "Total Cost": 40162.84, "Plan Rows": 7042, "Plan Width": 38, "Actual Min Startup Time": 96.305, "Actual Max Startup Time": 96.305, "Actual Min Total Time": 319.878, "Actual Max Total Time": 319.878, "Inner Unique": true, "Plans": [{"Node Type": "Nested Loop", "Parent Relationship": "Outer", "Join Type": "Inner", "Startup Cost": 2.41, "Total Cost": 38186.28, "Plan Rows": 7042, "Plan Width": 42, "Actual Min Startup Time": 96.289, "Actual Max Startup Time": 96.289, "Actual Min Total Time": 302.075, "Actual Max Total Time": 302.075, "Inner Unique": false, "Join Filter": "(t.id = mk.movie_id)", "Rows Removed by Join Filter": 0, "Plans": [{"Node Type": "Nested Loop", "Parent Relationship": "Outer", "Join Type": "Inner", "Startup Cost": 2.41, "Total Cost": 37695.3, "Plan Rows": 873, "Plan Width": 54, "Actual Min Startup Time": 92.399, "Actual Max Startup Time": 92.399, "Actual Min Total Time": 296.35, "Actual Max Total Time": 296.35, "Inner Unique": true, "Join Filter": "(at.movie_id = t.id)", "Rows Removed by Join Filter": 0, "Plans": [{"Node Type": "Nested Loop", "Parent Relationship": "Outer", "Join Type": "Inner", "Startup Cost": 2.41, "Total Cost": 37473.22, "Plan Rows": 630, "Plan Width": 33, "Actual Min Startup Time": 92.373, "Actual Max Startup Time": 92.373, "Actual Min Total Time": 293.991, "Actual Max Total Time": 293.991, "Inner Unique": true, "Plans": [{"Node Type": "Nested Loop", "Parent Relationship": "Outer", "Join Type": "Inner", "Startup Cost": 2.41, "Total Cost": 37296.82, "Plan Rows": 630, "Plan Width": 37, "Actual Min Startup Time": 92.354, "Actual Max Startup Time": 92.354, "Actual Min Total Time": 292.254, "Actual Max Total Time": 292.254, "Inner Unique": true, "Plans": [{"Node Type": "Nested Loop", "Parent Relationship": "Outer", "Join Type": "Inner", "Startup Cost": 2.41, "Total Cost": 36994.2, "Plan Rows": 1052, "Plan Width": 41, "Actual Min Startup Time": 92.332, "Actual Max Startup Time": 92.332, "Actual Min Total Time": 281.707, "Actual Max Total Time": 281.707, "Inner Unique": false, "Plans": [{"Node Type": "Nested Loop", "Parent Relationship": "Outer", "Join Type": "Inner", "Startup Cost": 2.41, "Total Cost": 36705.12, "Plan Rows": 490, "Plan Width": 29, "Actual Min Startup Time": 92.305, "Actual Max Startup Time": 92.305, "Actual Min Total Time": 276.463, "Actual Max Total Time": 276.463, "Inner Unique": false, "Plans": [{"Node Type": "Hash Join", "Parent Relationship": "Outer", "Join Type": "Inner", "Startup Cost": 2.41, "Total Cost": 36229.42, "Plan Rows": 192, "Plan Width": 4, "Actual Min Startup Time": 92.175, "Actual Max Startup Time": 92.175, "Actual Min Total Time": 245.761, "Actual Max Total Time": 245.761, "Inner Unique": true, "Hash Cond": "(mi.info_type_id = it1.id)", "Plans": [{"Node Type": "Streaming(type: LOCAL GATHER dop: 1/16)", "Parent Relationship": "Outer", "Startup Cost": 0.0, "Total Cost": 36174.77, "Plan Rows": 13419, "Plan Width": 8, "Actual Min Startup Time": 91.945, "Actual Max Startup Time": 91.945, "Actual Min Total Time": 240.232, "Actual Max Total Time": 240.232, "Plans": [{"Node Type": "Seq Scan", "Parent Relationship": "Outer", "Relation Name": "movie_info", "Alias": "mi", "Startup Cost": 0.0, "Total Cost": 35885.16, "Plan Rows": 13419, "Plan Width": 8, "Actual Min Startup Time": 6.899, "Actual Max Startup Time": 73.169, "Actual Min Total Time": 246.88, "Actual Max Total Time": 276.118, "Filter": "((note)::text ~~ '%internet%'::text)", "Rows Removed by Filter": 14824909, "Actual Rows": 10810}], "Actual Rows": 10810}, {"Node Type": "Hash", "Parent Relationship": "Inner", "Startup Cost": 2.4, "Total Cost": 2.4, "Plan Rows": 1, "Plan Width": 4, "Actual Min Startup Time": 0.123, "Actual Max Startup Time": 0.123, "Actual Min Total Time": 0.123, "Actual Max Total Time": 0.123, "Max Hash Buckets": 32768, "Min Hash Buckets": 32768, "Max Hash Batches": 1, "Min Hash Batches": 1, "Max Original Hash Batches": 1, "Min Original Hash Batches": 1, "Max Peak Memory Usage": 1, "min Peak Memory Usage": 1, "Plans": [{"Node Type": "Seq Scan", "Parent Relationship": "Outer", "Relation Name": "info_type", "Alias": "it1", "Startup Cost": 0.0, "Total Cost": 2.4, "Plan Rows": 1, "Plan Width": 4, "Actual Min Startup Time": 0.083, "Actual Max Startup Time": 0.083, "Actual Min Total Time": 0.105, "Actual Max Total Time": 0.105, "Filter": "((info)::text = 'release dates'::text)", "Rows Removed by Filter": 111, "Actual Rows": 1}], "Actual Rows": 1}], "Actual Rows": 10679}, {"Node Type": "Index Scan", "Parent Relationship": "Inner", "Scan Direction": "Forward", "Index Name": "movie_id_aka_title", "Relation Name": "aka_title", "Alias": "at", "Startup Cost": 0.0, "Total Cost": 2.45, "Plan Rows": 3, "Plan Width": 25, "Actual Min Startup Time": 25.181, "Actual Max Startup Time": 25.181, "Actual Min Total Time": 25.679, "Actual Max Total Time": 25.679, "Index Cond": "(movie_id = mi.movie_id)", "Rows Removed by Index Recheck": 0, "Actual Rows": 591}], "Actual Rows": 591}, {"Node Type": "Index Scan", "Parent Relationship": "Inner", "Scan Direction": "Forward", "Index Name": "movie_id_movie_companies", "Relation Name": "movie_companies", "Alias": "mc", "Startup Cost": 0.0, "Total Cost": 0.57, "Plan Rows": 2, "Plan Width": 12, "Actual Min Startup Time": 3.015, "Actual Max Startup Time": 3.015, "Actual Min Total Time": 4.341, "Actual Max Total Time": 4.341, "Index Cond": "(movie_id = at.movie_id)", "Rows Removed by Index Recheck": 0, "Actual Rows": 2130}], "Actual Rows": 2130}, {"Node Type": "Index Scan", "Parent Relationship": "Inner", "Scan Direction": "Forward", "Index Name": "company_name_pkey", "Relation Name": "company_name", "Alias": "cn", "Startup Cost": 0.0, "Total Cost": 0.28, "Plan Rows": 1, "Plan Width": 4, "Actual Min Startup Time": 9.097, "Actual Max Startup Time": 9.097, "Actual Min Total Time": 9.097, "Actual Max Total Time": 9.097, "Index Cond": "(id = mc.company_id)", "Rows Removed by Index Recheck": 0, "Filter": "((country_code)::text = '[us]'::text)", "Rows Removed by Filter": 1234, "Actual Rows": 896}], "Actual Rows": 896}, {"Node Type": "Index Scan", "Parent Relationship": "Inner", "Scan Direction": "Forward", "Index Name": "company_type_pkey", "Relation Name": "company_type", "Alias": "ct", "Startup Cost": 0.0, "Total Cost": 0.27, "Plan Rows": 1, "Plan Width": 4, "Actual Min Startup Time": 1.049, "Actual Max Startup Time": 1.049, "Actual Min Total Time": 1.049, "Actual Max Total Time": 1.049, "Index Cond": "(id = mc.company_type_id)", "Rows Removed by Index Recheck": 0, "Actual Rows": 382}], "Actual Rows": 382}, {"Node Type": "Index Scan", "Parent Relationship": "Inner", "Scan Direction": "Forward", "Index Name": "title_pkey", "Relation Name": "title", "Alias": "t", "Startup Cost": 0.0, "Total Cost": 0.34, "Plan Rows": 1, "Plan Width": 21, "Actual Min Startup Time": 1.848, "Actual Max Startup Time": 1.848, "Actual Min Total Time": 1.848, "Actual Max Total Time": 1.848, "Index Cond": "(id = mc.movie_id)", "Rows Removed by Index Recheck": 0, "Filter": "(production_year > 1990)", "Rows Removed by Filter": 0, "Actual Rows": 382}], "Actual Rows": 382}, {"Node Type": "Index Scan", "Parent Relationship": "Inner", "Scan Direction": "Forward", "Index Name": "movie_id_movie_keyword", "Relation Name": "movie_keyword", "Alias": "mk", "Startup Cost": 0.0, "Total Cost": 0.46, "Plan Rows": 8, "Plan Width": 8, "Actual Min Startup Time": 1.999, "Actual Max Startup Time": 1.999, "Actual Min Total Time": 3.916, "Actual Max Total Time": 3.916, "Index Cond": "(movie_id = mc.movie_id)", "Rows Removed by Index Recheck": 0, "Actual Rows": 4371}], "Actual Rows": 4371}, {"Node Type": "Index Scan", "Parent Relationship": "Inner", "Scan Direction": "Forward", "Index Name": "keyword_pkey", "Relation Name": "keyword", "Alias": "k", "Startup Cost": 0.0, "Total Cost": 0.27, "Plan Rows": 1, "Plan Width": 4, "Actual Min Startup Time": 14.355, "Actual Max Startup Time": 14.355, "Actual Min Total Time": 14.355, "Actual Max Total Time": 14.355, "Index Cond": "(id = mk.keyword_id)", "Rows Removed by Index Recheck": 0, "Actual Rows": 4371}], "Actual Rows": 4371}], "Actual Rows": 1}, "Triggers": [], "Planner Runtime": 374, "Total Runtime": 326.262, "Unique SQL Id": 2302223328}}, "(16, 77)": {"explain_plan": {"Plan": {"Node Type": "Aggregate", "Strategy": "Plain", "Startup Cost": 499668.27, "Total Cost": 499668.28, "Plan Rows": 1, "Plan Width": 102, "Plans": [{"Node Type": "Nested Loop", "Parent Relationship": "Outer", "Join Type": "Inner", "Startup Cost": 0.0, "Total Cost": 499633.06, "Plan Rows": 7042, "Plan Width": 38, "Inner Unique": true, "Plans": [{"Node Type": "Nested Loop", "Parent Relationship": "Outer", "Join Type": "Inner", "Startup Cost": 0.0, "Total Cost": 497656.5, "Plan Rows": 7042, "Plan Width": 42, "Inner Unique": false, "Join Filter": "(t.id = mk.movie_id)", "Plans": [{"Node Type": "Nested Loop", "Parent Relationship": "Outer", "Join Type": "Inner", "Startup Cost": 0.0, "Total Cost": 497165.52, "Plan Rows": 873, "Plan Width": 54, "Inner Unique": true, "Join Filter": "(at.movie_id = t.id)", "Plans": [{"Node Type": "Nested Loop", "Parent Relationship": "Outer", "Join Type": "Inner", "Startup Cost": 0.0, "Total Cost": 496943.44, "Plan Rows": 630, "Plan Width": 33, "Inner Unique": true, "Plans": [{"Node Type": "Nested Loop", "Parent Relationship": "Outer", "Join Type": "Inner", "Startup Cost": 0.0, "Total Cost": 496767.04, "Plan Rows": 630, "Plan Width": 37, "Inner Unique": true, "Plans": [{"Node Type": "Nested Loop", "Parent Relationship": "Outer", "Join Type": "Inner", "Startup Cost": 0.0, "Total Cost": 496464.42, "Plan Rows": 1052, "Plan Width": 41, "Inner Unique": false, "Plans": [{"Node Type": "Nested Loop", "Parent Relationship": "Outer", "Join Type": "Inner", "Startup Cost": 0.0, "Total Cost": 496175.34, "Plan Rows": 490, "Plan Width": 29, "Inner Unique": false, "Plans": [{"Node Type": "Nested Loop", "Parent Relationship": "Outer", "Join Type": "Inner", "Startup Cost": 0.0, "Total Cost": 495699.65, "Plan Rows": 192, "Plan Width": 4, "Inner Unique": false, "Plans": [{"Node Type": "Index Scan", "Parent Relationship": "Outer", "Scan Direction": "Forward", "Index Name": "info_type_pkey", "Relation Name": "info_type", "Alias": "it1", "Startup Cost": 0.0, "Total Cost": 14.21, "Plan Rows": 1, "Plan Width": 4, "Filter": "((info)::text = 'release dates'::text)"}, {"Node Type": "Index Scan", "Parent Relationship": "Inner", "Scan Direction": "Forward", "Index Name": "info_type_id_movie_info", "Relation Name": "movie_info", "Alias": "mi", "Startup Cost": 0.0, "Total Cost": 495683.52, "Plan Rows": 192, "Plan Width": 8, "Index Cond": "(info_type_id = it1.id)", "Filter": "((note)::text ~~ '%internet%'::text)"}]}, {"Node Type": "Index Scan", "Parent Relationship": "Inner", "Scan Direction": "Forward", "Index Name": "movie_id_aka_title", "Relation Name": "aka_title", "Alias": "at", "Startup Cost": 0.0, "Total Cost": 2.45, "Plan Rows": 3, "Plan Width": 25, "Index Cond": "(movie_id = mi.movie_id)"}]}, {"Node Type": "Index Scan", "Parent Relationship": "Inner", "Scan Direction": "Forward", "Index Name": "movie_id_movie_companies", "Relation Name": "movie_companies", "Alias": "mc", "Startup Cost": 0.0, "Total Cost": 0.57, "Plan Rows": 2, "Plan Width": 12, "Index Cond": "(movie_id = at.movie_id)"}]}, {"Node Type": "Index Scan", "Parent Relationship": "Inner", "Scan Direction": "Forward", "Index Name": "company_name_pkey", "Relation Name": "company_name", "Alias": "cn", "Startup Cost": 0.0, "Total Cost": 0.28, "Plan Rows": 1, "Plan Width": 4, "Index Cond": "(id = mc.company_id)", "Filter": "((country_code)::text = '[us]'::text)"}]}, {"Node Type": "Index Scan", "Parent Relationship": "Inner", "Scan Direction": "Forward", "Index Name": "company_type_pkey", "Relation Name": "company_type", "Alias": "ct", "Startup Cost": 0.0, "Total Cost": 0.27, "Plan Rows": 1, "Plan Width": 4, "Index Cond": "(id = mc.company_type_id)"}]}, {"Node Type": "Index Scan", "Parent Relationship": "Inner", "Scan Direction": "Forward", "Index Name": "title_pkey", "Relation Name": "title", "Alias": "t", "Startup Cost": 0.0, "Total Cost": 0.34, "Plan Rows": 1, "Plan Width": 21, "Index Cond": "(id = mc.movie_id)", "Filter": "(production_year > 1990)"}]}, {"Node Type": "Index Scan", "Parent Relationship": "Inner", "Scan Direction": "Forward", "Index Name": "movie_id_movie_keyword", "Relation Name": "movie_keyword", "Alias": "mk", "Startup Cost": 0.0, "Total Cost": 0.46, "Plan Rows": 8, "Plan Width": 8, "Index Cond": "(movie_id = mc.movie_id)"}]}, {"Node Type": "Index Scan", "Parent Relationship": "Inner", "Scan Direction": "Forward", "Index Name": "keyword_pkey", "Relation Name": "keyword", "Alias": "k", "Startup Cost": 0.0, "Total Cost": 0.27, "Plan Rows": 1, "Plan Width": 4, "Index Cond": "(id = mk.keyword_id)"}]}]}, "Unique SQL Id": 2302223328, "Planner Runtime": 288}, "explain_analyze_plan": null}, "(16, 78)": {"explain_plan": {"Plan": {"Node Type": "Aggregate", "Strategy": "Plain", "Startup Cost": 148721.97, "Total Cost": 148721.98, "Plan Rows": 1, "Plan Width": 102, "Plans": [{"Node Type": "Hash Join", "Parent Relationship": "Outer", "Join Type": "Inner", "Startup Cost": 111076.4, "Total Cost": 148686.76, "Plan Rows": 7042, "Plan Width": 38, "Inner Unique": true, "Hash Cond": "(mc.company_type_id = ct.id)", "Plans": [{"Node Type": "Hash Join", "Parent Relationship": "Outer", "Join Type": "Inner", "Startup Cost": 111075.34, "Total Cost": 148588.86, "Plan Rows": 7042, "Plan Width": 42, "Inner Unique": true, "Hash Cond": "(mc.company_id = cn.id)", "Plans": [{"Node Type": "Streaming(type: LOCAL GATHER dop: 1/16)", "Parent Relationship": "Outer", "Startup Cost": 108534.85, "Total Cost": 145946.49, "Plan Rows": 11758, "Plan Width": 46, "Plans": [{"Node Type": "Hash Join", "Parent Relationship": "Outer", "Join Type": "Inner", "Startup Cost": 108534.85, "Total Cost": 145692.73, "Plan Rows": 11758, "Plan Width": 46, "Inner Unique": false, "Hash Cond": "(t.id = mc.movie_id)", "Plans": [{"Node Type": "Streaming(type: BROADCAST dop: 16/1)", "Parent Relationship": "Outer", "Startup Cost": 102093.07, "Total Cost": 139141.18, "Plan Rows": 87632, "Plan Width": 54, "Plans": [{"Node Type": "Hash Join", "Parent Relationship": "Outer", "Join Type": "Inner", "Startup Cost": 102093.07, "Total Cost": 122249.9, "Plan Rows": 5477, "Plan Width": 54, "Inner Unique": true, "Hash Cond": "(mk.keyword_id = k.id)", "Plans": [{"Node Type": "Streaming(type: LOCAL GATHER dop: 1/16)", "Parent Relationship": "Outer", "Startup Cost": 98315.27, "Total Cost": 118397.87, "Plan Rows": 5477, "Plan Width": 58, "Plans": [{"Node Type": "Hash Join", "Parent Relationship": "Outer", "Join Type": "Inner", "Startup Cost": 98315.27, "Total Cost": 118279.67, "Plan Rows": 5477, "Plan Width": 58, "Inner Unique": false, "Hash Cond": "(mk.movie_id = t.id)", "Plans": [{"Node Type": "Seq Scan", "Parent Relationship": "Outer", "Relation Name": "movie_keyword", "Alias": "mk", "Startup Cost": 0.0, "Total Cost": 18902.58, "Plan Rows": 4523929, "Plan Width": 8}, {"Node Type": "Hash", "Parent Relationship": "Inner", "Startup Cost": 98306.78, "Total Cost": 98306.78, "Plan Rows": 10864, "Plan Width": 50, "Plans": [{"Node Type": "Streaming(type: BROADCAST dop: 16/1)", "Parent Relationship": "Outer", "Startup Cost": 71821.33, "Total Cost": 98306.78, "Plan Rows": 10864, "Plan Width": 50, "Plans": [{"Node Type": "Hash Join", "Parent Relationship": "Outer", "Join Type": "Inner", "Startup Cost": 71821.33, "Total Cost": 83072.32, "Plan Rows": 679, "Plan Width": 50, "Inner Unique": false, "Hash Cond": "(at.movie_id = t.id)", "Plans": [{"Node Type": "Seq Scan", "Parent Relationship": "Outer", "Relation Name": "aka_title", "Alias": "at", "Startup Cost": 0.0, "Total Cost": 9894.71, "Plan Rows": 361471, "Plan Width": 25}, {"Node Type": "Hash", "Parent Relationship": "Inner", "Startup Cost": 71818.0, "Total Cost": 71818.0, "Plan Rows": 266, "Plan Width": 25, "Plans": [{"Node Type": "Streaming(type: LOCAL GATHER dop: 1/16)", "Parent Relationship": "Outer", "Startup Cost": 20518.06, "Total Cost": 71818.0, "Plan Rows": 266, "Plan Width": 25, "Plans": [{"Node Type": "Hash Join", "Parent Relationship": "Outer", "Join Type": "Inner", "Startup Cost": 20518.06, "Total Cost": 71812.26, "Plan Rows": 266, "Plan Width": 25, "Inner Unique": true, "Hash Cond": "(mi.movie_id = t.id)", "Plans": [{"Node Type": "Streaming(type: BROADCAST dop: 16/1)", "Parent Relationship": "Outer", "Startup Cost": 2.41, "Total Cost": 51295.72, "Plan Rows": 3072, "Plan Width": 4, "Plans": [{"Node Type": "Hash Join", "Parent Relationship": "Outer", "Join Type": "Inner", "Startup Cost": 2.41, "Total Cost": 36229.42, "Plan Rows": 192, "Plan Width": 4, "Inner Unique": true, "Hash Cond": "(mi.info_type_id = it1.id)", "Plans": [{"Node Type": "Streaming(type: LOCAL GATHER dop: 1/16)", "Parent Relationship": "Outer", "Startup Cost": 0.0, "Total Cost": 36174.77, "Plan Rows": 13419, "Plan Width": 8, "Plans": [{"Node Type": "Seq Scan", "Parent Relationship": "Outer", "Relation Name": "movie_info", "Alias": "mi", "Startup Cost": 0.0, "Total Cost": 35885.16, "Plan Rows": 13419, "Plan Width": 8, "Filter": "((note)::text ~~ '%internet%'::text)"}]}, {"Node Type": "Hash", "Parent Relationship": "Inner", "Startup Cost": 2.4, "Total Cost": 2.4, "Plan Rows": 1, "Plan Width": 4, "Plans": [{"Node Type": "Seq Scan", "Parent Relationship": "Outer", "Relation Name": "info_type", "Alias": "it1", "Startup Cost": 0.0, "Total Cost": 2.4, "Plan Rows": 1, "Plan Width": 4, "Filter": "((info)::text = 'release dates'::text)"}]}]}]}, {"Node Type": "Hash", "Parent Relationship": "Inner", "Startup Cost": 19149.37, "Total Cost": 19149.37, "Plan Rows": 1748840, "Plan Width": 21, "Plans": [{"Node Type": "Seq Scan", "Parent Relationship": "Outer", "Relation Name": "title", "Alias": "t", "Startup Cost": 0.0, "Total Cost": 19149.37, "Plan Rows": 1748840, "Plan Width": 21, "Filter": "(production_year > 1990), (LLVM Optimized)"}]}]}]}]}]}]}]}]}]}, {"Node Type": "Hash", "Parent Relationship": "Inner", "Startup Cost": 2100.69, "Total Cost": 2100.69, "Plan Rows": 134169, "Plan Width": 4, "Plans": [{"Node Type": "Seq Scan", "Parent Relationship": "Outer", "Relation Name": "keyword", "Alias": "k", "Startup Cost": 0.0, "Total Cost": 2100.69, "Plan Rows": 134169, "Plan Width": 4}]}]}]}, {"Node Type": "Hash", "Parent Relationship": "Inner", "Startup Cost": 17613.58, "Total Cost": 17613.58, "Plan Rows": 2609128, "Plan Width": 12, "Plans": [{"Node Type": "Seq Scan", "Parent Relationship": "Outer", "Relation Name": "movie_companies", "Alias": "mc", "Startup Cost": 0.0, "Total Cost": 17613.58, "Plan Rows": 2609128, "Plan Width": 12}]}]}]}, {"Node Type": "Hash", "Parent Relationship": "Inner", "Startup Cost": 5903.45, "Total Cost": 5903.45, "Plan Rows": 85170, "Plan Width": 4, "Plans": [{"Node Type": "Seq Scan", "Parent Relationship": "Outer", "Relation Name": "company_name", "Alias": "cn", "Startup Cost": 0.0, "Total Cost": 5903.45, "Plan Rows": 85170, "Plan Width": 4, "Filter": "((country_code)::text = '[us]'::text)"}]}]}, {"Node Type": "Hash", "Parent Relationship": "Inner", "Startup Cost": 1.03, "Total Cost": 1.03, "Plan Rows": 3, "Plan Width": 4, "Plans": [{"Node Type": "Seq Scan", "Parent Relationship": "Outer", "Relation Name": "company_type", "Alias": "ct", "Startup Cost": 0.0, "Total Cost": 1.03, "Plan Rows": 3, "Plan Width": 4}]}]}]}, "Unique SQL Id": 2302223328, "Planner Runtime": 584}, "explain_analyze_plan": {"Plan": {"Node Type": "Aggregate", "Strategy": "Plain", "Startup Cost": 148721.97, "Total Cost": 148721.98, "Plan Rows": 1, "Plan Width": 102, "Actual Min Startup Time": 893.356, "Actual Max Startup Time": 893.356, "Actual Min Total Time": 893.357, "Actual Max Total Time": 893.357, "Plans": [{"Node Type": "Hash Join", "Parent Relationship": "Outer", "Join Type": "Inner", "Startup Cost": 111076.4, "Total Cost": 148686.76, "Plan Rows": 7042, "Plan Width": 38, "Actual Min Startup Time": 776.899, "Actual Max Startup Time": 776.899, "Actual Min Total Time": 891.161, "Actual Max Total Time": 891.161, "Inner Unique": true, "Hash Cond": "(mc.company_type_id = ct.id)", "Plans": [{"Node Type": "Hash Join", "Parent Relationship": "Outer", "Join Type": "Inner", "Startup Cost": 111075.34, "Total Cost": 148588.86, "Plan Rows": 7042, "Plan Width": 42, "Actual Min Startup Time": 761.564, "Actual Max Startup Time": 761.564, "Actual Min Total Time": 888.164, "Actual Max Total Time": 888.164, "Inner Unique": true, "Hash Cond": "(mc.company_id = cn.id)", "Plans": [{"Node Type": "Streaming(type: LOCAL GATHER dop: 1/16)", "Parent Relationship": "Outer", "Startup Cost": 108534.85, "Total Cost": 145946.49, "Plan Rows": 11758, "Plan Width": 46, "Actual Min Startup Time": 640.347, "Actual Max Startup Time": 640.347, "Actual Min Total Time": 756.79, "Actual Max Total Time": 756.79, "Plans": [{"Node Type": "Hash Join", "Parent Relationship": "Outer", "Join Type": "Inner", "Startup Cost": 108534.85, "Total Cost": 145692.73, "Plan Rows": 11758, "Plan Width": 46, "Actual Min Startup Time": 581.545, "Actual Max Startup Time": 622.336, "Actual Min Total Time": 692.765, "Actual Max Total Time": 745.06, "Inner Unique": false, "Hash Cond": "(t.id = mc.movie_id)", "Plans": [{"Node Type": "Streaming(type: BROADCAST dop: 16/1)", "Parent Relationship": "Outer", "Startup Cost": 102093.07, "Total Cost": 139141.18, "Plan Rows": 87632, "Plan Width": 54, "Actual Min Startup Time": 442.502, "Actual Max Startup Time": 534.204, "Actual Min Total Time": 566.336, "Actual Max Total Time": 659.607, "Plans": [{"Node Type": "Hash Join", "Parent Relationship": "Outer", "Join Type": "Inner", "Startup Cost": 102093.07, "Total Cost": 122249.9, "Plan Rows": 5477, "Plan Width": 54, "Actual Min Startup Time": 596.068, "Actual Max Startup Time": 596.068, "Actual Min Total Time": 631.753, "Actual Max Total Time": 631.753, "Inner Unique": true, "Hash Cond": "(mk.keyword_id = k.id)", "Plans": [{"Node Type": "Streaming(type: LOCAL GATHER dop: 1/16)", "Parent Relationship": "Outer", "Startup Cost": 98315.27, "Total Cost": 118397.87, "Plan Rows": 5477, "Plan Width": 58, "Actual Min Startup Time": 504.713, "Actual Max Startup Time": 504.713, "Actual Min Total Time": 535.913, "Actual Max Total Time": 535.913, "Plans": [{"Node Type": "Hash Join", "Parent Relationship": "Outer", "Join Type": "Inner", "Startup Cost": 98315.27, "Total Cost": 118279.67, "Plan Rows": 5477, "Plan Width": 58, "Actual Min Startup Time": 550.134, "Actual Max Startup Time": 606.334, "Actual Min Total Time": 660.876, "Actual Max Total Time": 713.324, "Inner Unique": false, "Hash Cond": "(mk.movie_id = t.id)", "Plans": [{"Node Type": "Seq Scan", "Parent Relationship": "Outer", "Relation Name": "movie_keyword", "Alias": "mk", "Startup Cost": 0.0, "Total Cost": 18902.58, "Plan Rows": 4523929, "Plan Width": 8, "Actual Min Startup Time": 0.059, "Actual Max Startup Time": 0.099, "Actual Min Total Time": 57.616, "Actual Max Total Time": 66.322, "Actual Rows": 4523929}, {"Node Type": "Hash", "Parent Relationship": "Inner", "Startup Cost": 98306.78, "Total Cost": 98306.78, "Plan Rows": 10864, "Plan Width": 50, "Actual Min Startup Time": 545.076, "Actual Max Startup Time": 597.716, "Actual Min Total Time": 545.076, "Actual Max Total Time": 597.716, "Max Hash Buckets": 32768, "Min Hash Buckets": 32768, "Max Hash Batches": 1, "Min Hash Batches": 1, "Max Original Hash Batches": 1, "Min Original Hash Batches": 1, "Max Peak Memory Usage": 52, "min Peak Memory Usage": 52, "Plans": [{"Node Type": "Streaming(type: BROADCAST dop: 16/1)", "Parent Relationship": "Outer", "Startup Cost": 71821.33, "Total Cost": 98306.78, "Plan Rows": 10864, "Plan Width": 50, "Actual Min Startup Time": 392.988, "Actual Max Startup Time": 445.64, "Actual Min Total Time": 544.75, "Actual Max Total Time": 597.414, "Plans": [{"Node Type": "Hash Join", "Parent Relationship": "Outer", "Join Type": "Inner", "Startup Cost": 71821.33, "Total Cost": 83072.32, "Plan Rows": 679, "Plan Width": 50, "Actual Min Startup Time": 412.666, "Actual Max Startup Time": 412.666, "Actual Min Total Time": 573.25, "Actual Max Total Time": 573.25, "Inner Unique": false, "Hash Cond": "(at.movie_id = t.id)", "Plans": [{"Node Type": "Seq Scan", "Parent Relationship": "Outer", "Relation Name": "aka_title", "Alias": "at", "Startup Cost": 0.0, "Total Cost": 9894.71, "Plan Rows": 361471, "Plan Width": 25, "Actual Min Startup Time": 0.052, "Actual Max Startup Time": 0.052, "Actual Min Total Time": 93.865, "Actual Max Total Time": 93.865, "Actual Rows": 361471}, {"Node Type": "Hash", "Parent Relationship": "Inner", "Startup Cost": 71818.0, "Total Cost": 71818.0, "Plan Rows": 266, "Plan Width": 25, "Actual Min Startup Time": 412.526, "Actual Max Startup Time": 412.526, "Actual Min Total Time": 412.526, "Actual Max Total Time": 412.526, "Max Hash Buckets": 32768, "Min Hash Buckets": 32768, "Max Hash Batches": 1, "Min Hash Batches": 1, "Max Original Hash Batches": 1, "Min Original Hash Batches": 1, "Max Peak Memory Usage": 627, "min Peak Memory Usage": 627, "Plans": [{"Node Type": "Streaming(type: LOCAL GATHER dop: 1/16)", "Parent Relationship": "Outer", "Startup Cost": 20518.06, "Total Cost": 71818.0, "Plan Rows": 266, "Plan Width": 25, "Actual Min Startup Time": 178.69, "Actual Max Startup Time": 178.69, "Actual Min Total Time": 409.662, "Actual Max Total Time": 409.662, "Plans": [{"Node Type": "Hash Join", "Parent Relationship": "Outer", "Join Type": "Inner", "Startup Cost": 20518.06, "Total Cost": 71812.26, "Plan Rows": 266, "Plan Width": 25, "Actual Min Startup Time": 95.737, "Actual Max Startup Time": 125.33, "Actual Min Total Time": 365.791, "Actual Max Total Time": 452.299, "Inner Unique": true, "Hash Cond": "(mi.movie_id = t.id)", "Plans": [{"Node Type": "Streaming(type: BROADCAST dop: 16/1)", "Parent Relationship": "Outer", "Startup Cost": 2.41, "Total Cost": 51295.72, "Plan Rows": 3072, "Plan Width": 4, "Actual Min Startup Time": 0.032, "Actual Max Startup Time": 0.094, "Actual Min Total Time": 236.864, "Actual Max Total Time": 348.091, "Plans": [{"Node Type": "Hash Join", "Parent Relationship": "Outer", "Join Type": "Inner", "Startup Cost": 2.41, "Total Cost": 36229.42, "Plan Rows": 192, "Plan Width": 4, "Actual Min Startup Time": 0.265, "Actual Max Startup Time": 0.265, "Actual Min Total Time": 160.247, "Actual Max Total Time": 160.247, "Inner Unique": true, "Hash Cond": "(mi.info_type_id = it1.id)", "Plans": [{"Node Type": "Streaming(type: LOCAL GATHER dop: 1/16)", "Parent Relationship": "Outer", "Startup Cost": 0.0, "Total Cost": 36174.77, "Plan Rows": 13419, "Plan Width": 8, "Actual Min Startup Time": 0.074, "Actual Max Startup Time": 0.074, "Actual Min Total Time": 155.479, "Actual Max Total Time": 155.479, "Plans": [{"Node Type": "Seq Scan", "Parent Relationship": "Outer", "Relation Name": "movie_info", "Alias": "mi", "Startup Cost": 0.0, "Total Cost": 35885.16, "Plan Rows": 13419, "Plan Width": 8, "Actual Min Startup Time": 7.347, "Actual Max Startup Time": 80.747, "Actual Min Total Time": 258.121, "Actual Max Total Time": 285.589, "Filter": "((note)::text ~~ '%internet%'::text)", "Rows Removed by Filter": 14824909, "Actual Rows": 10810}], "Actual Rows": 10810}, {"Node Type": "Hash", "Parent Relationship": "Inner", "Startup Cost": 2.4, "Total Cost": 2.4, "Plan Rows": 1, "Plan Width": 4, "Actual Min Startup Time": 0.105, "Actual Max Startup Time": 0.105, "Actual Min Total Time": 0.105, "Actual Max Total Time": 0.105, "Max Hash Buckets": 32768, "Min Hash Buckets": 32768, "Max Hash Batches": 1, "Min Hash Batches": 1, "Max Original Hash Batches": 1, "Min Original Hash Batches": 1, "Max Peak Memory Usage": 1, "min Peak Memory Usage": 1, "Plans": [{"Node Type": "Seq Scan", "Parent Relationship": "Outer", "Relation Name": "info_type", "Alias": "it1", "Startup Cost": 0.0, "Total Cost": 2.4, "Plan Rows": 1, "Plan Width": 4, "Actual Min Startup Time": 0.07, "Actual Max Startup Time": 0.07, "Actual Min Total Time": 0.092, "Actual Max Total Time": 0.092, "Filter": "((info)::text = 'release dates'::text)", "Rows Removed by Filter": 111, "Actual Rows": 1}], "Actual Rows": 1}], "Actual Rows": 10679}], "Actual Rows": 170864}, {"Node Type": "Hash", "Parent Relationship": "Inner", "Startup Cost": 19149.37, "Total Cost": 19149.37, "Plan Rows": 1748840, "Plan Width": 21, "Actual Min Startup Time": 95.576, "Actual Max Startup Time": 125.029, "Actual Min Total Time": 95.576, "Actual Max Total Time": 125.029, "Max Hash Buckets": 131072, "Min Hash Buckets": 131072, "Max Hash Batches": 1, "Min Hash Batches": 1, "Max Original Hash Batches": 1, "Min Original Hash Batches": 1, "Max Peak Memory Usage": 5962, "min Peak Memory Usage": 5962, "Plans": [{"Node Type": "Seq Scan", "Parent Relationship": "Outer", "Relation Name": "title", "Alias": "t", "Startup Cost": 0.0, "Total Cost": 19149.37, "Plan Rows": 1748840, "Plan Width": 21, "Actual Min Startup Time": 0.03, "Actual Max Startup Time": 0.044, "Actual Min Total Time": 63.877, "Actual Max Total Time": 73.405, "Filter": "(production_year > 1990), (LLVM Optimized, Jit Execute)", "Rows Removed by Filter": 779279, "Actual Rows": 1749032}], "Actual Rows": 1749032}], "Actual Rows": 10662}], "Actual Rows": 10662}], "Actual Rows": 10662}], "Actual Rows": 584}], "Actual Rows": 9344}], "Actual Rows": 9344}], "Actual Rows": 6320}], "Actual Rows": 6320}, {"Node Type": "Hash", "Parent Relationship": "Inner", "Startup Cost": 2100.69, "Total Cost": 2100.69, "Plan Rows": 134169, "Plan Width": 4, "Actual Min Startup Time": 90.994, "Actual Max Startup Time": 90.994, "Actual Min Total Time": 90.994, "Actual Max Total Time": 90.994, "Max Hash Buckets": 262144, "Min Hash Buckets": 262144, "Max Hash Batches": 1, "Min Hash Batches": 1, "Max Original Hash Batches": 1, "Min Original Hash Batches": 1, "Max Peak Memory Usage": 4717, "min Peak Memory Usage": 4717, "Plans": [{"Node Type": "Seq Scan", "Parent Relationship": "Outer", "Relation Name": "keyword", "Alias": "k", "Startup Cost": 0.0, "Total Cost": 2100.69, "Plan Rows": 134169, "Plan Width": 4, "Actual Min Startup Time": 0.051, "Actual Max Startup Time": 0.051, "Actual Min Total Time": 40.749, "Actual Max Total Time": 40.749, "Actual Rows": 134169}], "Actual Rows": 134169}], "Actual Rows": 6320}], "Actual Rows": 101120}, {"Node Type": "Hash", "Parent Relationship": "Inner", "Startup Cost": 17613.58, "Total Cost": 17613.58, "Plan Rows": 2609128, "Plan Width": 12, "Actual Min Startup Time": 83.599, "Actual Max Startup Time": 129.432, "Actual Min Total Time": 83.599, "Actual Max Total Time": 129.432, "Max Hash Buckets": 262144, "Min Hash Buckets": 262144, "Max Hash Batches": 1, "Min Hash Batches": 1, "Max Original Hash Batches": 1, "Min Original Hash Batches": 1, "Max Peak Memory Usage": 7164, "min Peak Memory Usage": 7164, "Plans": [{"Node Type": "Seq Scan", "Parent Relationship": "Outer", "Relation Name": "movie_companies", "Alias": "mc", "Startup Cost": 0.0, "Total Cost": 17613.58, "Plan Rows": 2609128, "Plan Width": 12, "Actual Min Startup Time": 0.036, "Actual Max Startup Time": 0.071, "Actual Min Total Time": 43.713, "Actual Max Total Time": 54.973, "Actual Rows": 2609128}], "Actual Rows": 2609128}], "Actual Rows": 39767}], "Actual Rows": 39767}, {"Node Type": "Hash", "Parent Relationship": "Inner", "Startup Cost": 5903.45, "Total Cost": 5903.45, "Plan Rows": 85170, "Plan Width": 4, "Actual Min Startup Time": 120.979, "Actual Max Startup Time": 120.979, "Actual Min Total Time": 120.979, "Actual Max Total Time": 120.979, "Max Hash Buckets": 131072, "Min Hash Buckets": 131072, "Max Hash Batches": 1, "Min Hash Batches": 1, "Max Original Hash Batches": 1, "Min Original Hash Batches": 1, "Max Peak Memory Usage": 2983, "min Peak Memory Usage": 2983, "Plans": [{"Node Type": "Seq Scan", "Parent Relationship": "Outer", "Relation Name": "company_name", "Alias": "cn", "Startup Cost": 0.0, "Total Cost": 5903.45, "Plan Rows": 85170, "Plan Width": 4, "Actual Min Startup Time": 0.058, "Actual Max Startup Time": 0.058, "Actual Min Total Time": 96.655, "Actual Max Total Time": 96.655, "Filter": "((country_code)::text = '[us]'::text)", "Rows Removed by Filter": 150153, "Actual Rows": 84843}], "Actual Rows": 84843}], "Actual Rows": 11347}, {"Node Type": "Hash", "Parent Relationship": "Inner", "Startup Cost": 1.03, "Total Cost": 1.03, "Plan Rows": 3, "Plan Width": 4, "Actual Min Startup Time": 0.049, "Actual Max Startup Time": 0.049, "Actual Min Total Time": 0.049, "Actual Max Total Time": 0.049, "Max Hash Buckets": 32768, "Min Hash Buckets": 32768, "Max Hash Batches": 1, "Min Hash Batches": 1, "Max Original Hash Batches": 1, "Min Original Hash Batches": 1, "Max Peak Memory Usage": 1, "min Peak Memory Usage": 1, "Plans": [{"Node Type": "Seq Scan", "Parent Relationship": "Outer", "Relation Name": "company_type", "Alias": "ct", "Startup Cost": 0.0, "Total Cost": 1.03, "Plan Rows": 3, "Plan Width": 4, "Actual Min Startup Time": 0.023, "Actual Max Startup Time": 0.023, "Actual Min Total Time": 0.026, "Actual Max Total Time": 0.026, "Actual Rows": 3}], "Actual Rows": 3}], "Actual Rows": 4371}], "Actual Rows": 1}, "Triggers": [], "Planner Runtime": 529, "Total Runtime": 921.536, "Unique SQL Id": 2302223328}}, "(16, 79)": {"explain_plan": {"Plan": {"Node Type": "Aggregate", "Strategy": "Plain", "Startup Cost": 8990595369594.69, "Total Cost": 8990595369594.7, "Plan Rows": 1, "Plan Width": 102, "Plans": [{"Node Type": "Hash Join", "Parent Relationship": "Outer", "Join Type": "Inner", "Startup Cost": 4050658436914.2, "Total Cost": 8990595369559.48, "Plan Rows": 7042, "Plan Width": 38, "Inner Unique": true, "Hash Cond": "(mk.keyword_id = k.id)", "Plans": [{"Node Type": "Hash Join", "Parent Relationship": "Outer", "Join Type": "Inner", "Startup Cost": 3050658150507.65, "Total Cost": 7990595083057.49, "Plan Rows": 7042, "Plan Width": 42, "Inner Unique": true, "Hash Cond": "(mc.company_type_id = ct.id)", "Plans": [{"Node Type": "Hash Join", "Parent Relationship": "Outer", "Join Type": "Inner", "Startup Cost": 2050658149278.11, "Total Cost": 6990595081731.13, "Plan Rows": 7042, "Plan Width": 46, "Inner Unique": true, "Hash Cond": "(mc.company_id = cn.id)", "Plans": [{"Node Type": "Hash Join", "Parent Relationship": "Outer", "Join Type": "Inner", "Startup Cost": 1050657098074.52, "Total Cost": 5990594030425.65, "Plan Rows": 11758, "Plan Width": 50, "Inner Unique": true, "Hash Cond": "(mi.info_type_id = it1.id)", "Plans": [{"Node Type": "Merge Join", "Parent Relationship": "Outer", "Join Type": "Inner", "Startup Cost": 50657096653.5, "Total Cost": 4990594026824.22, "Plan Rows": 823077, "Plan Width": 54, "Inner Unique": false, "Merge Cond": "(t.id = mk.movie_id)", "Plans": [{"Node Type": "Merge Join", "Parent Relationship": "Outer", "Join Type": "Inner", "Startup Cost": 40191975912.29, "Total Cost": 3994454717145.8, "Plan Rows": 102019, "Plan Width": 66, "Inner Unique": false, "Merge Cond": "(t.id = at.movie_id)", "Plans": [{"Node Type": "Merge Join", "Parent Relationship": "Outer", "Join Type": "Inner", "Startup Cost": 30024908232.05, "Total Cost": 2997514380028.91, "Plan Rows": 39739, "Plan Width": 41, "Inner Unique": false, "Merge Cond": "(t.id = mc.movie_id)", "Plans": [{"Node Type": "Merge Join", "Parent Relationship": "Outer", "Join Type": "Inner", "Startup Cost": 20024908232.05, "Total Cost": 1999417789951.33, "Plan Rows": 18591, "Plan Width": 29, "Inner Unique": true, "Merge Cond": "(mi.movie_id = t.id)", "Plans": [{"Node Type": "Index Scan", "Parent Relationship": "Outer", "Scan Direction": "Forward", "Index Name": "movie_id_movie_info", "Relation Name": "movie_info", "Alias": "mi", "Startup Cost": 10000000000.0, "Total Cost": 1000107534403.72, "Plan Rows": 13419, "Plan Width": 8, "Filter": "((note)::text ~~ '%internet%'::text)"}, {"Node Type": "Index Scan", "Parent Relationship": "Inner", "Scan Direction": "Forward", "Index Name": "title_pkey", "Relation Name": "title", "Alias": "t", "Startup Cost": 10000000000.0, "Total Cost": 1000011644126.66, "Plan Rows": 1748840, "Plan Width": 21, "Filter": "(production_year > 1990), (LLVM Optimized)"}]}, {"Node Type": "Index Scan", "Parent Relationship": "Inner", "Scan Direction": "Forward", "Index Name": "movie_id_movie_companies", "Relation Name": "movie_companies", "Alias": "mc", "Startup Cost": 10000000000.0, "Total Cost": 1000013051946.13, "Plan Rows": 2609128, "Plan Width": 12}]}, {"Node Type": "Index Scan", "Parent Relationship": "Inner", "Scan Direction": "Forward", "Index Name": "movie_id_aka_title", "Relation Name": "aka_title", "Alias": "at", "Startup Cost": 10000000000.0, "Total Cost": 1000001990001.13, "Plan Rows": 361471, "Plan Width": 25}]}, {"Node Type": "Index Scan", "Parent Relationship": "Inner", "Scan Direction": "Forward", "Index Name": "movie_id_movie_keyword", "Relation Name": "movie_keyword", "Alias": "mk", "Startup Cost": 10000000000.0, "Total Cost": 1000015300634.17, "Plan Rows": 4523929, "Plan Width": 8}]}, {"Node Type": "Hash", "Parent Relationship": "Inner", "Startup Cost": 1000000001421.0, "Total Cost": 1000000001421.0, "Plan Rows": 1, "Plan Width": 4, "Plans": [{"Node Type": "Index Scan", "Parent Relationship": "Outer", "Scan Direction": "Forward", "Index Name": "info_type_pkey", "Relation Name": "info_type", "Alias": "it1", "Startup Cost": 10000000000.0, "Total Cost": 1000000001421.0, "Plan Rows": 1, "Plan Width": 4, "Filter": "((info)::text = 'release dates'::text)"}]}]}, {"Node Type": "Hash", "Parent Relationship": "Inner", "Startup Cost": 1000001050138.97, "Total Cost": 1000001050138.97, "Plan Rows": 85170, "Plan Width": 4, "Plans": [{"Node Type": "Index Scan", "Parent Relationship": "Outer", "Scan Direction": "Forward", "Index Name": "company_name_pkey", "Relation Name": "company_name", "Alias": "cn", "Startup Cost": 10000000000.0, "Total Cost": 1000001050138.97, "Plan Rows": 85170, "Plan Width": 4, "Filter": "((country_code)::text = '[us]'::text)"}]}]}, {"Node Type": "Hash", "Parent Relationship": "Inner", "Startup Cost": 1000000001229.5, "Total Cost": 1000000001229.5, "Plan Rows": 3, "Plan Width": 4, "Plans": [{"Node Type": "Index Scan", "Parent Relationship": "Outer", "Scan Direction": "Forward", "Index Name": "company_type_pkey", "Relation Name": "company_type", "Alias": "ct", "Startup Cost": 10000000000.0, "Total Cost": 1000000001229.5, "Plan Rows": 3, "Plan Width": 4}]}]}, {"Node Type": "Hash", "Parent Relationship": "Inner", "Startup Cost": 1000000284729.43, "Total Cost": 1000000284729.43, "Plan Rows": 134169, "Plan Width": 4, "Plans": [{"Node Type": "Index Scan", "Parent Relationship": "Outer", "Scan Direction": "Forward", "Index Name": "keyword_pkey", "Relation Name": "keyword", "Alias": "k", "Startup Cost": 10000000000.0, "Total Cost": 1000000284729.43, "Plan Rows": 134169, "Plan Width": 4}]}]}]}, "Unique SQL Id": 2302223328, "Planner Runtime": 940}, "explain_analyze_plan": null}, "(16, 80)": {"explain_plan": {"Plan": {"Node Type": "Aggregate", "Strategy": "Plain", "Startup Cost": 43137.86, "Total Cost": 43137.87, "Plan Rows": 1, "Plan Width": 102, "Plans": [{"Node Type": "Nested Loop", "Parent Relationship": "Outer", "Join Type": "Inner", "Startup Cost": 0.0, "Total Cost": 43102.99, "Plan Rows": 6974, "Plan Width": 38, "Inner Unique": false, "Join Filter": "(t.id = at.movie_id)", "Plans": [{"Node Type": "Nested Loop", "Parent Relationship": "Outer", "Join Type": "Inner", "Startup Cost": 0.0, "Total Cost": 42304.37, "Plan Rows": 2257, "Plan Width": 33, "Inner Unique": true, "Plans": [{"Node Type": "Nested Loop", "Parent Relationship": "Outer", "Join Type": "Inner", "Startup Cost": 0.0, "Total Cost": 41672.38, "Plan Rows": 2257, "Plan Width": 37, "Inner Unique": false, "Join Filter": "(t.id = mk.movie_id)", "Plans": [{"Node Type": "Nested Loop", "Parent Relationship": "Outer", "Join Type": "Inner", "Startup Cost": 0.0, "Total Cost": 41516.04, "Plan Rows": 278, "Plan Width": 29, "Inner Unique": true, "Plans": [{"Node Type": "Nested Loop", "Parent Relationship": "Outer", "Join Type": "Inner", "Startup Cost": 0.0, "Total Cost": 41382.19, "Plan Rows": 478, "Plan Width": 33, "Inner Unique": true, "Plans": [{"Node Type": "Nested Loop", "Parent Relationship": "Outer", "Join Type": "Inner", "Startup Cost": 0.0, "Total Cost": 41218.8, "Plan Rows": 568, "Plan Width": 37, "Inner Unique": false, "Plans": [{"Node Type": "Nested Loop", "Parent Relationship": "Outer", "Join Type": "Inner", "Startup Cost": 0.0, "Total Cost": 41120.95, "Plan Rows": 266, "Plan Width": 25, "Inner Unique": true, "Plans": [{"Node Type": "Nested Loop", "Parent Relationship": "Outer", "Join Type": "Inner", "Startup Cost": 0.0, "Total Cost": 39977.64, "Plan Rows": 192, "Plan Width": 4, "Inner Unique": true, "Plans": [{"Node Type": "Streaming(type: LOCAL GATHER dop: 1/16)", "Parent Relationship": "Outer", "Startup Cost": 0.0, "Total Cost": 36174.77, "Plan Rows": 13419, "Plan Width": 8, "Plans": [{"Node Type": "Seq Scan", "Parent Relationship": "Outer", "Relation Name": "movie_info", "Alias": "mi", "Startup Cost": 0.0, "Total Cost": 35885.16, "Plan Rows": 13419, "Plan Width": 8, "Filter": "((note)::text ~~ '%internet%'::text)"}]}, {"Node Type": "Index Scan", "Parent Relationship": "Inner", "Scan Direction": "Forward", "Index Name": "info_type_pkey", "Relation Name": "info_type", "Alias": "it1", "Startup Cost": 0.0, "Total Cost": 0.27, "Plan Rows": 1, "Plan Width": 4, "Index Cond": "(id = mi.info_type_id)", "Filter": "((info)::text = 'release dates'::text)"}]}, {"Node Type": "Index Scan", "Parent Relationship": "Inner", "Scan Direction": "Forward", "Index Name": "title_pkey", "Relation Name": "title", "Alias": "t", "Startup Cost": 0.0, "Total Cost": 5.94, "Plan Rows": 1, "Plan Width": 21, "Index Cond": "(id = mi.movie_id)", "Filter": "(production_year > 1990)"}]}, {"Node Type": "Index Scan", "Parent Relationship": "Inner", "Scan Direction": "Forward", "Index Name": "movie_id_movie_companies", "Relation Name": "movie_companies", "Alias": "mc", "Startup Cost": 0.0, "Total Cost": 0.35, "Plan Rows": 2, "Plan Width": 12, "Index Cond": "(movie_id = t.id)"}]}, {"Node Type": "Index Scan", "Parent Relationship": "Inner", "Scan Direction": "Forward", "Index Name": "company_name_pkey", "Relation Name": "company_name", "Alias": "cn", "Startup Cost": 0.0, "Total Cost": 0.28, "Plan Rows": 1, "Plan Width": 4, "Index Cond": "(id = mc.company_id)", "Filter": "((country_code)::text = '[us]'::text)"}]}, {"Node Type": "Index Only Scan", "Parent Relationship": "Inner", "Scan Direction": "Forward", "Index Name": "company_type_pkey", "Relation Name": "company_type", "Alias": "ct", "Startup Cost": 0.0, "Total Cost": 0.27, "Plan Rows": 1, "Plan Width": 4, "Index Cond": "(id = mc.company_type_id)"}]}, {"Node Type": "Index Scan", "Parent Relationship": "Inner", "Scan Direction": "Forward", "Index Name": "movie_id_movie_keyword", "Relation Name": "movie_keyword", "Alias": "mk", "Startup Cost": 0.0, "Total Cost": 0.46, "Plan Rows": 8, "Plan Width": 8, "Index Cond": "(movie_id = mc.movie_id)"}]}, {"Node Type": "Index Only Scan", "Parent Relationship": "Inner", "Scan Direction": "Forward", "Index Name": "keyword_pkey", "Relation Name": "keyword", "Alias": "k", "Startup Cost": 0.0, "Total Cost": 0.27, "Plan Rows": 1, "Plan Width": 4, "Index Cond": "(id = mk.keyword_id)"}]}, {"Node Type": "Index Scan", "Parent Relationship": "Inner", "Scan Direction": "Forward", "Index Name": "movie_id_aka_title", "Relation Name": "aka_title", "Alias": "at", "Startup Cost": 0.0, "Total Cost": 0.32, "Plan Rows": 3, "Plan Width": 25, "Index Cond": "(movie_id = mk.movie_id)"}]}]}, "Unique SQL Id": 2302223328, "Planner Runtime": 138}, "explain_analyze_plan": {"Plan": {"Node Type": "Aggregate", "Strategy": "Plain", "Startup Cost": 43137.86, "Total Cost": 43137.87, "Plan Rows": 1, "Plan Width": 102, "Actual Min Startup Time": 583.121, "Actual Max Startup Time": 583.121, "Actual Min Total Time": 583.122, "Actual Max Total Time": 583.122, "Plans": [{"Node Type": "Nested Loop", "Parent Relationship": "Outer", "Join Type": "Inner", "Startup Cost": 0.0, "Total Cost": 43102.99, "Plan Rows": 6974, "Plan Width": 38, "Actual Min Startup Time": 96.442, "Actual Max Startup Time": 96.442, "Actual Min Total Time": 580.204, "Actual Max Total Time": 580.204, "Inner Unique": false, "Join Filter": "(t.id = at.movie_id)", "Rows Removed by Join Filter": 0, "Plans": [{"Node Type": "Nested Loop", "Parent Relationship": "Outer", "Join Type": "Inner", "Startup Cost": 0.0, "Total Cost": 42304.37, "Plan Rows": 2257, "Plan Width": 33, "Actual Min Startup Time": 93.224, "Actual Max Startup Time": 93.224, "Actual Min Total Time": 537.157, "Actual Max Total Time": 537.157, "Inner Unique": true, "Plans": [{"Node Type": "Nested Loop", "Parent Relationship": "Outer", "Join Type": "Inner", "Startup Cost": 0.0, "Total Cost": 41672.38, "Plan Rows": 2257, "Plan Width": 37, "Actual Min Startup Time": 93.214, "Actual Max Startup Time": 93.214, "Actual Min Total Time": 489.536, "Actual Max Total Time": 489.536, "Inner Unique": false, "Join Filter": "(t.id = mk.movie_id)", "Rows Removed by Join Filter": 0, "Plans": [{"Node Type": "Nested Loop", "Parent Relationship": "Outer", "Join Type": "Inner", "Startup Cost": 0.0, "Total Cost": 41516.04, "Plan Rows": 278, "Plan Width": 29, "Actual Min Startup Time": 93.161, "Actual Max Startup Time": 93.161, "Actual Min Total Time": 451.913, "Actual Max Total Time": 451.913, "Inner Unique": true, "Plans": [{"Node Type": "Nested Loop", "Parent Relationship": "Outer", "Join Type": "Inner", "Startup Cost": 0.0, "Total Cost": 41382.19, "Plan Rows": 478, "Plan Width": 33, "Actual Min Startup Time": 93.149, "Actual Max Startup Time": 93.149, "Actual Min Total Time": 436.45, "Actual Max Total Time": 436.45, "Inner Unique": true, "Plans": [{"Node Type": "Nested Loop", "Parent Relationship": "Outer", "Join Type": "Inner", "Startup Cost": 0.0, "Total Cost": 41218.8, "Plan Rows": 568, "Plan Width": 37, "Actual Min Startup Time": 93.097, "Actual Max Startup Time": 93.097, "Actual Min Total Time": 363.703, "Actual Max Total Time": 363.703, "Inner Unique": false, "Plans": [{"Node Type": "Nested Loop", "Parent Relationship": "Outer", "Join Type": "Inner", "Startup Cost": 0.0, "Total Cost": 41120.95, "Plan Rows": 266, "Plan Width": 25, "Actual Min Startup Time": 93.083, "Actual Max Startup Time": 93.083, "Actual Min Total Time": 300.624, "Actual Max Total Time": 300.624, "Inner Unique": true, "Plans": [{"Node Type": "Nested Loop", "Parent Relationship": "Outer", "Join Type": "Inner", "Startup Cost": 0.0, "Total Cost": 39977.64, "Plan Rows": 192, "Plan Width": 4, "Actual Min Startup Time": 93.064, "Actual Max Startup Time": 93.064, "Actual Min Total Time": 240.18, "Actual Max Total Time": 240.18, "Inner Unique": true, "Plans": [{"Node Type": "Streaming(type: LOCAL GATHER dop: 1/16)", "Parent Relationship": "Outer", "Startup Cost": 0.0, "Total Cost": 36174.77, "Plan Rows": 13419, "Plan Width": 8, "Actual Min Startup Time": 92.979, "Actual Max Startup Time": 92.979, "Actual Min Total Time": 210.242, "Actual Max Total Time": 210.242, "Plans": [{"Node Type": "Seq Scan", "Parent Relationship": "Outer", "Relation Name": "movie_info", "Alias": "mi", "Startup Cost": 0.0, "Total Cost": 35885.16, "Plan Rows": 13419, "Plan Width": 8, "Actual Min Startup Time": 6.896, "Actual Max Startup Time": 73.185, "Actual Min Total Time": 247.374, "Actual Max Total Time": 275.977, "Filter": "((note)::text ~~ '%internet%'::text)", "Rows Removed by Filter": 14824909, "Actual Rows": 10810}], "Actual Rows": 10810}, {"Node Type": "Index Scan", "Parent Relationship": "Inner", "Scan Direction": "Forward", "Index Name": "info_type_pkey", "Relation Name": "info_type", "Alias": "it1", "Startup Cost": 0.0, "Total Cost": 0.27, "Plan Rows": 1, "Plan Width": 4, "Actual Min Startup Time": 20.211, "Actual Max Startup Time": 20.211, "Actual Min Total Time": 20.211, "Actual Max Total Time": 20.211, "Index Cond": "(id = mi.info_type_id)", "Rows Removed by Index Recheck": 0, "Filter": "((info)::text = 'release dates'::text)", "Rows Removed by Filter": 131, "Actual Rows": 10679}], "Actual Rows": 10679}, {"Node Type": "Index Scan", "Parent Relationship": "Inner", "Scan Direction": "Forward", "Index Name": "title_pkey", "Relation Name": "title", "Alias": "t", "Startup Cost": 0.0, "Total Cost": 5.94, "Plan Rows": 1, "Plan Width": 21, "Actual Min Startup Time": 50.294, "Actual Max Startup Time": 50.294, "Actual Min Total Time": 50.294, "Actual Max Total Time": 50.294, "Index Cond": "(id = mi.movie_id)", "Rows Removed by Index Recheck": 0, "Filter": "(production_year > 1990)", "Rows Removed by Filter": 17, "Actual Rows": 10662}], "Actual Rows": 10662}, {"Node Type": "Index Scan", "Parent Relationship": "Inner", "Scan Direction": "Forward", "Index Name": "movie_id_movie_companies", "Relation Name": "movie_companies", "Alias": "mc", "Startup Cost": 0.0, "Total Cost": 0.35, "Plan Rows": 2, "Plan Width": 12, "Actual Min Startup Time": 43.303, "Actual Max Startup Time": 43.303, "Actual Min Total Time": 53.81, "Actual Max Total Time": 53.81, "Index Cond": "(movie_id = t.id)", "Rows Removed by Index Recheck": 0, "Actual Rows": 14377}], "Actual Rows": 14377}, {"Node Type": "Index Scan", "Parent Relationship": "Inner", "Scan Direction": "Forward", "Index Name": "company_name_pkey", "Relation Name": "company_name", "Alias": "cn", "Startup Cost": 0.0, "Total Cost": 0.28, "Plan Rows": 1, "Plan Width": 4, "Actual Min Startup Time": 61.754, "Actual Max Startup Time": 61.754, "Actual Min Total Time": 61.754, "Actual Max Total Time": 61.754, "Index Cond": "(id = mc.company_id)", "Rows Removed by Index Recheck": 0, "Filter": "((country_code)::text = '[us]'::text)", "Rows Removed by Filter": 4520, "Actual Rows": 9857}], "Actual Rows": 9857}, {"Node Type": "Index Only Scan", "Parent Relationship": "Inner", "Scan Direction": "Forward", "Index Name": "company_type_pkey", "Relation Name": "company_type", "Alias": "ct", "Startup Cost": 0.0, "Total Cost": 0.27, "Plan Rows": 1, "Plan Width": 4, "Actual Min Startup Time": 8.42, "Actual Max Startup Time": 8.42, "Actual Min Total Time": 8.42, "Actual Max Total Time": 8.42, "Index Cond": "(id = mc.company_type_id)", "Rows Removed by Index Recheck": 0, "Heap Fetches": 0, "Actual Rows": 5914}], "Actual Rows": 5914}, {"Node Type": "Index Scan", "Parent Relationship": "Inner", "Scan Direction": "Forward", "Index Name": "movie_id_movie_keyword", "Relation Name": "movie_keyword", "Alias": "mk", "Startup Cost": 0.0, "Total Cost": 0.46, "Plan Rows": 8, "Plan Width": 8, "Actual Min Startup Time": 22.73, "Actual Max Startup Time": 22.73, "Actual Min Total Time": 28.91, "Actual Max Total Time": 28.91, "Index Cond": "(movie_id = mc.movie_id)", "Rows Removed by Index Recheck": 0, "Actual Rows": 14161}], "Actual Rows": 14161}, {"Node Type": "Index Only Scan", "Parent Relationship": "Inner", "Scan Direction": "Forward", "Index Name": "keyword_pkey", "Relation Name": "keyword", "Alias": "k", "Startup Cost": 0.0, "Total Cost": 0.27, "Plan Rows": 1, "Plan Width": 4, "Actual Min Startup Time": 37.492, "Actual Max Startup Time": 37.492, "Actual Min Total Time": 37.492, "Actual Max Total Time": 37.492, "Index Cond": "(id = mk.keyword_id)", "Rows Removed by Index Recheck": 0, "Heap Fetches": 0, "Actual Rows": 14161}], "Actual Rows": 14161}, {"Node Type": "Index Scan", "Parent Relationship": "Inner", "Scan Direction": "Forward", "Index Name": "movie_id_aka_title", "Relation Name": "aka_title", "Alias": "at", "Startup Cost": 0.0, "Total Cost": 0.32, "Plan Rows": 3, "Plan Width": 25, "Actual Min Startup Time": 31.71, "Actual Max Startup Time": 31.71, "Actual Min Total Time": 33.902, "Actual Max Total Time": 33.902, "Index Cond": "(movie_id = mk.movie_id)", "Rows Removed by Index Recheck": 0, "Actual Rows": 4371}], "Actual Rows": 4371}], "Actual Rows": 1}, "Triggers": [], "Planner Runtime": 138, "Total Runtime": 586.187, "Unique SQL Id": 2302223328}}, "(16, 81)": {"explain_plan": {"Plan": {"Node Type": "Aggregate", "Strategy": "Plain", "Startup Cost": 167056.11, "Total Cost": 167056.12, "Plan Rows": 1, "Plan Width": 102, "Plans": [{"Node Type": "Nested Loop", "Parent Relationship": "Outer", "Join Type": "Inner", "Startup Cost": 4841.51, "Total Cost": 167021.24, "Plan Rows": 6974, "Plan Width": 38, "Inner Unique": false, "Join Filter": "(t.id = at.movie_id)", "Plans": [{"Node Type": "Nested Loop", "Parent Relationship": "Outer", "Join Type": "Inner", "Startup Cost": 4841.51, "Total Cost": 166222.62, "Plan Rows": 2257, "Plan Width": 33, "Inner Unique": true, "Plans": [{"Node Type": "Nested Loop", "Parent Relationship": "Outer", "Join Type": "Inner", "Startup Cost": 4841.51, "Total Cost": 165590.64, "Plan Rows": 2257, "Plan Width": 37, "Inner Unique": false, "Join Filter": "(t.id = mk.movie_id)", "Plans": [{"Node Type": "Nested Loop", "Parent Relationship": "Outer", "Join Type": "Inner", "Startup Cost": 4841.51, "Total Cost": 165434.29, "Plan Rows": 278, "Plan Width": 29, "Inner Unique": true, "Plans": [{"Node Type": "Nested Loop", "Parent Relationship": "Outer", "Join Type": "Inner", "Startup Cost": 4841.51, "Total Cost": 165300.45, "Plan Rows": 478, "Plan Width": 33, "Inner Unique": true, "Plans": [{"Node Type": "Nested Loop", "Parent Relationship": "Outer", "Join Type": "Inner", "Startup Cost": 4841.51, "Total Cost": 165137.06, "Plan Rows": 568, "Plan Width": 37, "Inner Unique": false, "Plans": [{"Node Type": "Nested Loop", "Parent Relationship": "Outer", "Join Type": "Inner", "Startup Cost": 4841.51, "Total Cost": 165039.2, "Plan Rows": 266, "Plan Width": 25, "Inner Unique": true, "Plans": [{"Node Type": "Nested Loop", "Parent Relationship": "Outer", "Join Type": "Inner", "Startup Cost": 4841.51, "Total Cost": 163895.89, "Plan Rows": 192, "Plan Width": 4, "Inner Unique": false, "Plans": [{"Node Type": "Index Scan", "Parent Relationship": "Outer", "Scan Direction": "Forward", "Index Name": "info_type_pkey", "Relation Name": "info_type", "Alias": "it1", "Startup Cost": 0.0, "Total Cost": 14.21, "Plan Rows": 1, "Plan Width": 4, "Filter": "((info)::text = 'release dates'::text)"}, {"Node Type": "Bitmap Heap Scan", "Parent Relationship": "Inner", "Relation Name": "movie_info", "Alias": "mi", "Startup Cost": 4841.51, "Total Cost": 163879.76, "Plan Rows": 192, "Plan Width": 8, "Recheck Cond": "(info_type_id = it1.id)", "Filter": "((note)::text ~~ '%internet%'::text)", "Plans": [{"Node Type": "Bitmap Index Scan", "Parent Relationship": "Outer", "Index Name": "info_type_id_movie_info", "Startup Cost": 0.0, "Total Cost": 4841.46, "Plan Rows": 212428, "Plan Width": 0, "Index Cond": "(info_type_id = it1.id)"}]}]}, {"Node Type": "Index Scan", "Parent Relationship": "Inner", "Scan Direction": "Forward", "Index Name": "title_pkey", "Relation Name": "title", "Alias": "t", "Startup Cost": 0.0, "Total Cost": 5.94, "Plan Rows": 1, "Plan Width": 21, "Index Cond": "(id = mi.movie_id)", "Filter": "(production_year > 1990)"}]}, {"Node Type": "Index Scan", "Parent Relationship": "Inner", "Scan Direction": "Forward", "Index Name": "movie_id_movie_companies", "Relation Name": "movie_companies", "Alias": "mc", "Startup Cost": 0.0, "Total Cost": 0.35, "Plan Rows": 2, "Plan Width": 12, "Index Cond": "(movie_id = t.id)"}]}, {"Node Type": "Index Scan", "Parent Relationship": "Inner", "Scan Direction": "Forward", "Index Name": "company_name_pkey", "Relation Name": "company_name", "Alias": "cn", "Startup Cost": 0.0, "Total Cost": 0.28, "Plan Rows": 1, "Plan Width": 4, "Index Cond": "(id = mc.company_id)", "Filter": "((country_code)::text = '[us]'::text)"}]}, {"Node Type": "Index Only Scan", "Parent Relationship": "Inner", "Scan Direction": "Forward", "Index Name": "company_type_pkey", "Relation Name": "company_type", "Alias": "ct", "Startup Cost": 0.0, "Total Cost": 0.27, "Plan Rows": 1, "Plan Width": 4, "Index Cond": "(id = mc.company_type_id)"}]}, {"Node Type": "Index Scan", "Parent Relationship": "Inner", "Scan Direction": "Forward", "Index Name": "movie_id_movie_keyword", "Relation Name": "movie_keyword", "Alias": "mk", "Startup Cost": 0.0, "Total Cost": 0.46, "Plan Rows": 8, "Plan Width": 8, "Index Cond": "(movie_id = mc.movie_id)"}]}, {"Node Type": "Index Only Scan", "Parent Relationship": "Inner", "Scan Direction": "Forward", "Index Name": "keyword_pkey", "Relation Name": "keyword", "Alias": "k", "Startup Cost": 0.0, "Total Cost": 0.27, "Plan Rows": 1, "Plan Width": 4, "Index Cond": "(id = mk.keyword_id)"}]}, {"Node Type": "Index Scan", "Parent Relationship": "Inner", "Scan Direction": "Forward", "Index Name": "movie_id_aka_title", "Relation Name": "aka_title", "Alias": "at", "Startup Cost": 0.0, "Total Cost": 0.32, "Plan Rows": 3, "Plan Width": 25, "Index Cond": "(movie_id = mk.movie_id)"}]}]}, "Unique SQL Id": 2302223328, "Planner Runtime": 135}, "explain_analyze_plan": null}, "(16, 82)": {"explain_plan": {"Plan": {"Node Type": "Aggregate", "Strategy": "Plain", "Startup Cost": 128949.3, "Total Cost": 128949.31, "Plan Rows": 1, "Plan Width": 102, "Plans": [{"Node Type": "Merge Join", "Parent Relationship": "Outer", "Join Type": "Inner", "Startup Cost": 128139.35, "Total Cost": 128914.09, "Plan Rows": 7042, "Plan Width": 38, "Inner Unique": true, "Merge Cond": "(mk.keyword_id = k.id)", "Plans": [{"Node Type": "Sort", "Parent Relationship": "Outer", "Startup Cost": 114611.69, "Total Cost": 114629.29, "Plan Rows": 7042, "Plan Width": 42, "Sort Key": ["mk.keyword_id"], "Plans": [{"Node Type": "Nested Loop", "Parent Relationship": "Outer", "Join Type": "Inner", "Startup Cost": 102972.85, "Total Cost": 114161.64, "Plan Rows": 7042, "Plan Width": 42, "Inner Unique": false, "Join Filter": "(t.id = mk.movie_id)", "Plans": [{"Node Type": "Nested Loop", "Parent Relationship": "Outer", "Join Type": "Inner", "Startup Cost": 102972.51, "Total Cost": 110199.94, "Plan Rows": 873, "Plan Width": 54, "Inner Unique": true, "Join Filter": "(at.movie_id = t.id)", "Plans": [{"Node Type": "Nested Loop", "Parent Relationship": "Outer", "Join Type": "Inner", "Startup Cost": 102972.24, "Total Cost": 107491.3, "Plan Rows": 630, "Plan Width": 33, "Inner Unique": true, "Plans": [{"Node Type": "Merge Join", "Parent Relationship": "Outer", "Join Type": "Inner", "Startup Cost": 102971.98, "Total Cost": 102985.2, "Plan Rows": 1052, "Plan Width": 37, "Inner Unique": false, "Merge Cond": "(ct.id = mc.company_type_id)", "Plans": [{"Node Type": "Sort", "Parent Relationship": "Outer", "Startup Cost": 1.05, "Total Cost": 1.06, "Plan Rows": 3, "Plan Width": 4, "Sort Key": ["ct.id"], "Plans": [{"Node Type": "Seq Scan", "Parent Relationship": "Outer", "Relation Name": "company_type", "Alias": "ct", "Startup Cost": 0.0, "Total Cost": 1.03, "Plan Rows": 3, "Plan Width": 4}]}, {"Node Type": "Sort", "Parent Relationship": "Inner", "Startup Cost": 102968.35, "Total Cost": 102970.98, "Plan Rows": 1052, "Plan Width": 41, "Sort Key": ["mc.company_type_id"], "Plans": [{"Node Type": "Nested Loop", "Parent Relationship": "Outer", "Join Type": "Inner", "Startup Cost": 100584.71, "Total Cost": 102915.55, "Plan Rows": 1052, "Plan Width": 41, "Inner Unique": false, "Plans": [{"Node Type": "Merge Join", "Parent Relationship": "Outer", "Join Type": "Inner", "Startup Cost": 100584.34, "Total Cost": 100751.49, "Plan Rows": 490, "Plan Width": 29, "Inner Unique": false, "Merge Cond": "(it1.id = mi.info_type_id)", "Plans": [{"Node Type": "Sort", "Parent Relationship": "Outer", "Startup Cost": 2.41, "Total Cost": 2.42, "Plan Rows": 1, "Plan Width": 4, "Sort Key": ["it1.id"], "Plans": [{"Node Type": "Seq Scan", "Parent Relationship": "Outer", "Relation Name": "info_type", "Alias": "it1", "Startup Cost": 0.0, "Total Cost": 2.4, "Plan Rows": 1, "Plan Width": 4, "Filter": "((info)::text = 'release dates'::text)"}]}, {"Node Type": "Sort", "Parent Relationship": "Inner", "Startup Cost": 100572.59, "Total Cost": 100658.38, "Plan Rows": 34318, "Plan Width": 33, "Sort Key": ["mi.info_type_id"], "Plans": [{"Node Type": "Nested Loop", "Parent Relationship": "Outer", "Join Type": "Inner", "Startup Cost": 0.54, "Total Cost": 97987.29, "Plan Rows": 34318, "Plan Width": 33, "Inner Unique": false, "Plans": [{"Node Type": "Streaming(type: LOCAL GATHER dop: 1/16)", "Parent Relationship": "Outer", "Startup Cost": 0.0, "Total Cost": 36174.77, "Plan Rows": 13419, "Plan Width": 8, "Plans": [{"Node Type": "Seq Scan", "Parent Relationship": "Outer", "Relation Name": "movie_info", "Alias": "mi", "Startup Cost": 0.0, "Total Cost": 35885.16, "Plan Rows": 13419, "Plan Width": 8, "Filter": "((note)::text ~~ '%internet%'::text)"}]}, {"Node Type": "Bitmap Heap Scan", "Parent Relationship": "Inner", "Relation Name": "aka_title", "Alias": "at", "Startup Cost": 0.54, "Total Cost": 4.58, "Plan Rows": 3, "Plan Width": 25, "Recheck Cond": "(movie_id = mi.movie_id)", "Plans": [{"Node Type": "Bitmap Index Scan", "Parent Relationship": "Outer", "Index Name": "movie_id_aka_title", "Startup Cost": 0.0, "Total Cost": 0.54, "Plan Rows": 3, "Plan Width": 0, "Index Cond": "(movie_id = mi.movie_id)"}]}]}]}]}, {"Node Type": "Bitmap Heap Scan", "Parent Relationship": "Inner", "Relation Name": "movie_companies", "Alias": "mc", "Startup Cost": 0.37, "Total Cost": 4.4, "Plan Rows": 2, "Plan Width": 12, "Recheck Cond": "(movie_id = at.movie_id)", "Plans": [{"Node Type": "Bitmap Index Scan", "Parent Relationship": "Outer", "Index Name": "movie_id_movie_companies", "Startup Cost": 0.0, "Total Cost": 0.37, "Plan Rows": 2, "Plan Width": 0, "Index Cond": "(movie_id = at.movie_id)"}]}]}]}]}, {"Node Type": "Bitmap Heap Scan", "Parent Relationship": "Inner", "Relation Name": "company_name", "Alias": "cn", "Startup Cost": 0.26, "Total Cost": 4.27, "Plan Rows": 1, "Plan Width": 4, "Recheck Cond": "(id = mc.company_id)", "Filter": "((country_code)::text = '[us]'::text)", "Plans": [{"Node Type": "Bitmap Index Scan", "Parent Relationship": "Outer", "Index Name": "company_name_pkey", "Startup Cost": 0.0, "Total Cost": 0.26, "Plan Rows": 1, "Plan Width": 0, "Index Cond": "(id = mc.company_id)"}]}]}, {"Node Type": "Bitmap Heap Scan", "Parent Relationship": "Inner", "Relation Name": "title", "Alias": "t", "Startup Cost": 0.27, "Total Cost": 4.29, "Plan Rows": 1, "Plan Width": 21, "Recheck Cond": "(id = mc.movie_id)", "Filter": "(production_year > 1990)", "Plans": [{"Node Type": "Bitmap Index Scan", "Parent Relationship": "Outer", "Index Name": "title_pkey", "Startup Cost": 0.0, "Total Cost": 0.27, "Plan Rows": 1, "Plan Width": 0, "Index Cond": "(id = mc.movie_id)"}]}]}, {"Node Type": "Bitmap Heap Scan", "Parent Relationship": "Inner", "Relation Name": "movie_keyword", "Alias": "mk", "Startup Cost": 0.34, "Total Cost": 4.44, "Plan Rows": 8, "Plan Width": 8, "Recheck Cond": "(movie_id = mc.movie_id)", "Plans": [{"Node Type": "Bitmap Index Scan", "Parent Relationship": "Outer", "Index Name": "movie_id_movie_keyword", "Startup Cost": 0.0, "Total Cost": 0.34, "Plan Rows": 8, "Plan Width": 0, "Index Cond": "(movie_id = mc.movie_id)"}]}]}]}, {"Node Type": "Sort", "Parent Relationship": "Inner", "Startup Cost": 13527.66, "Total Cost": 13863.08, "Plan Rows": 134169, "Plan Width": 4, "Sort Key": ["k.id"], "Plans": [{"Node Type": "Seq Scan", "Parent Relationship": "Outer", "Relation Name": "keyword", "Alias": "k", "Startup Cost": 0.0, "Total Cost": 2100.69, "Plan Rows": 134169, "Plan Width": 4}]}]}]}, "Unique SQL Id": 2302223328, "Planner Runtime": 157}, "explain_analyze_plan": {"Plan": {"Node Type": "Aggregate", "Strategy": "Plain", "Startup Cost": 128949.3, "Total Cost": 128949.31, "Plan Rows": 1, "Plan Width": 102, "Actual Min Startup Time": 421.449, "Actual Max Startup Time": 421.449, "Actual Min Total Time": 421.45, "Actual Max Total Time": 421.45, "Plans": [{"Node Type": "Merge Join", "Parent Relationship": "Outer", "Join Type": "Inner", "Startup Cost": 128139.35, "Total Cost": 128914.09, "Plan Rows": 7042, "Plan Width": 38, "Actual Min Startup Time": 382.828, "Actual Max Startup Time": 382.828, "Actual Min Total Time": 419.298, "Actual Max Total Time": 419.298, "Inner Unique": true, "Merge Cond": "(mk.keyword_id = k.id)", "Plans": [{"Node Type": "Sort", "Parent Relationship": "Outer", "Startup Cost": 114611.69, "Total Cost": 114629.29, "Plan Rows": 7042, "Plan Width": 42, "Actual Min Startup Time": 300.497, "Actual Max Startup Time": 300.497, "Actual Min Total Time": 301.193, "Actual Max Total Time": 301.193, "Sort Key": ["mk.keyword_id"], "Sort Method": "quicksort", "Sort Space Min Used": 752, "Sort Space Max Used": 752, "Sort Space Type": "Memory", "Plans": [{"Node Type": "Nested Loop", "Parent Relationship": "Outer", "Join Type": "Inner", "Startup Cost": 102972.85, "Total Cost": 114161.64, "Plan Rows": 7042, "Plan Width": 42, "Actual Min Startup Time": 284.668, "Actual Max Startup Time": 284.668, "Actual Min Total Time": 298.7, "Actual Max Total Time": 298.7, "Inner Unique": false, "Join Filter": "(t.id = mk.movie_id)", "Rows Removed by Join Filter": 0, "Plans": [{"Node Type": "Nested Loop", "Parent Relationship": "Outer", "Join Type": "Inner", "Startup Cost": 102972.51, "Total Cost": 110199.94, "Plan Rows": 873, "Plan Width": 54, "Actual Min Startup Time": 284.647, "Actual Max Startup Time": 284.647, "Actual Min Total Time": 293.611, "Actual Max Total Time": 293.611, "Inner Unique": true, "Join Filter": "(at.movie_id = t.id)", "Rows Removed by Join Filter": 0, "Plans": [{"Node Type": "Nested Loop", "Parent Relationship": "Outer", "Join Type": "Inner", "Startup Cost": 102972.24, "Total Cost": 107491.3, "Plan Rows": 630, "Plan Width": 33, "Actual Min Startup Time": 284.623, "Actual Max Startup Time": 284.623, "Actual Min Total Time": 291.013, "Actual Max Total Time": 291.013, "Inner Unique": true, "Plans": [{"Node Type": "Merge Join", "Parent Relationship": "Outer", "Join Type": "Inner", "Startup Cost": 102971.98, "Total Cost": 102985.2, "Plan Rows": 1052, "Plan Width": 37, "Actual Min Startup Time": 284.581, "Actual Max Startup Time": 284.581, "Actual Min Total Time": 285.072, "Actual Max Total Time": 285.072, "Inner Unique": false, "Merge Cond": "(ct.id = mc.company_type_id)", "Plans": [{"Node Type": "Sort", "Parent Relationship": "Outer", "Startup Cost": 1.05, "Total Cost": 1.06, "Plan Rows": 3, "Plan Width": 4, "Actual Min Startup Time": 0.05, "Actual Max Startup Time": 0.05, "Actual Min Total Time": 0.05, "Actual Max Total Time": 0.05, "Sort Key": ["ct.id"], "Sort Method": "quicksort", "Sort Space Min Used": 25, "Sort Space Max Used": 25, "Sort Space Type": "Memory", "Plans": [{"Node Type": "Seq Scan", "Parent Relationship": "Outer", "Relation Name": "company_type", "Alias": "ct", "Startup Cost": 0.0, "Total Cost": 1.03, "Plan Rows": 3, "Plan Width": 4, "Actual Min Startup Time": 0.028, "Actual Max Startup Time": 0.028, "Actual Min Total Time": 0.03, "Actual Max Total Time": 0.03, "Actual Rows": 3}], "Actual Rows": 2}, {"Node Type": "Sort", "Parent Relationship": "Inner", "Startup Cost": 102968.35, "Total Cost": 102970.98, "Plan Rows": 1052, "Plan Width": 41, "Actual Min Startup Time": 284.206, "Actual Max Startup Time": 284.206, "Actual Min Total Time": 284.44, "Actual Max Total Time": 284.44, "Sort Key": ["mc.company_type_id"], "Sort Method": "quicksort", "Sort Space Min Used": 360, "Sort Space Max Used": 360, "Sort Space Type": "Memory", "Plans": [{"Node Type": "Nested Loop", "Parent Relationship": "Outer", "Join Type": "Inner", "Startup Cost": 100584.71, "Total Cost": 102915.55, "Plan Rows": 1052, "Plan Width": 41, "Actual Min Startup Time": 276.796, "Actual Max Startup Time": 276.796, "Actual Min Total Time": 283.287, "Actual Max Total Time": 283.287, "Inner Unique": false, "Plans": [{"Node Type": "Merge Join", "Parent Relationship": "Outer", "Join Type": "Inner", "Startup Cost": 100584.34, "Total Cost": 100751.49, "Plan Rows": 490, "Plan Width": 29, "Actual Min Startup Time": 276.775, "Actual Max Startup Time": 276.775, "Actual Min Total Time": 277.043, "Actual Max Total Time": 277.043, "Inner Unique": false, "Merge Cond": "(it1.id = mi.info_type_id)", "Plans": [{"Node Type": "Sort", "Parent Relationship": "Outer", "Startup Cost": 2.41, "Total Cost": 2.42, "Plan Rows": 1, "Plan Width": 4, "Actual Min Startup Time": 0.084, "Actual Max Startup Time": 0.084, "Actual Min Total Time": 0.085, "Actual Max Total Time": 0.085, "Sort Key": ["it1.id"], "Sort Method": "quicksort", "Sort Space Min Used": 25, "Sort Space Max Used": 25, "Sort Space Type": "Memory", "Plans": [{"Node Type": "Seq Scan", "Parent Relationship": "Outer", "Relation Name": "info_type", "Alias": "it1", "Startup Cost": 0.0, "Total Cost": 2.4, "Plan Rows": 1, "Plan Width": 4, "Actual Min Startup Time": 0.051, "Actual Max Startup Time": 0.051, "Actual Min Total Time": 0.071, "Actual Max Total Time": 0.071, "Filter": "((info)::text = 'release dates'::text)", "Rows Removed by Filter": 111, "Actual Rows": 1}], "Actual Rows": 1}, {"Node Type": "Sort", "Parent Relationship": "Inner", "Startup Cost": 100572.59, "Total Cost": 100658.38, "Plan Rows": 34318, "Plan Width": 33, "Actual Min Startup Time": 276.68, "Actual Max Startup Time": 276.68, "Actual Min Total Time": 276.755, "Actual Max Total Time": 276.755, "Sort Key": ["mi.info_type_id"], "Sort Method": "quicksort", "Sort Space Min Used": 113, "Sort Space Max Used": 113, "Sort Space Type": "Memory", "Plans": [{"Node Type": "Nested Loop", "Parent Relationship": "Outer", "Join Type": "Inner", "Startup Cost": 0.54, "Total Cost": 97987.29, "Plan Rows": 34318, "Plan Width": 33, "Actual Min Startup Time": 93.365, "Actual Max Startup Time": 93.365, "Actual Min Total Time": 276.17, "Actual Max Total Time": 276.17, "Inner Unique": false, "Plans": [{"Node Type": "Streaming(type: LOCAL GATHER dop: 1/16)", "Parent Relationship": "Outer", "Startup Cost": 0.0, "Total Cost": 36174.77, "Plan Rows": 13419, "Plan Width": 8, "Actual Min Startup Time": 93.178, "Actual Max Startup Time": 93.178, "Actual Min Total Time": 233.424, "Actual Max Total Time": 233.424, "Plans": [{"Node Type": "Seq Scan", "Parent Relationship": "Outer", "Relation Name": "movie_info", "Alias": "mi", "Startup Cost": 0.0, "Total Cost": 35885.16, "Plan Rows": 13419, "Plan Width": 8, "Actual Min Startup Time": 6.867, "Actual Max Startup Time": 73.088, "Actual Min Total Time": 247.275, "Actual Max Total Time": 254.0, "Filter": "((note)::text ~~ '%internet%'::text)", "Rows Removed by Filter": 14824909, "Actual Rows": 10810}], "Actual Rows": 10810}, {"Node Type": "Bitmap Heap Scan", "Parent Relationship": "Inner", "Relation Name": "aka_title", "Alias": "at", "Startup Cost": 0.54, "Total Cost": 4.58, "Plan Rows": 3, "Plan Width": 25, "Actual Min Startup Time": 30.833, "Actual Max Startup Time": 30.833, "Actual Min Total Time": 31.479, "Actual Max Total Time": 31.479, "Recheck Cond": "(movie_id = mi.movie_id)", "Rows Removed by Index Recheck": 0, "Exact Heap Blocks": 820, "Lossy Heap Blocks": 820, "Plans": [{"Node Type": "Bitmap Index Scan", "Parent Relationship": "Outer", "Index Name": "movie_id_aka_title", "Startup Cost": 0.0, "Total Cost": 0.54, "Plan Rows": 3, "Plan Width": 0, "Actual Min Startup Time": 24.945, "Actual Max Startup Time": 24.945, "Actual Min Total Time": 24.945, "Actual Max Total Time": 24.945, "Index Cond": "(movie_id = mi.movie_id)", "Actual Rows": 820}], "Actual Rows": 820}], "Actual Rows": 820}], "Actual Rows": 599}], "Actual Rows": 591}, {"Node Type": "Bitmap Heap Scan", "Parent Relationship": "Inner", "Relation Name": "movie_companies", "Alias": "mc", "Startup Cost": 0.37, "Total Cost": 4.4, "Plan Rows": 2, "Plan Width": 12, "Actual Min Startup Time": 4.196, "Actual Max Startup Time": 4.196, "Actual Min Total Time": 5.11, "Actual Max Total Time": 5.11, "Recheck Cond": "(movie_id = at.movie_id)", "Rows Removed by Index Recheck": 0, "Exact Heap Blocks": 945, "Lossy Heap Blocks": 945, "Plans": [{"Node Type": "Bitmap Index Scan", "Parent Relationship": "Outer", "Index Name": "movie_id_movie_companies", "Startup Cost": 0.0, "Total Cost": 0.37, "Plan Rows": 2, "Plan Width": 0, "Actual Min Startup Time": 2.686, "Actual Max Startup Time": 2.686, "Actual Min Total Time": 2.686, "Actual Max Total Time": 2.686, "Index Cond": "(movie_id = at.movie_id)", "Actual Rows": 2130}], "Actual Rows": 2130}], "Actual Rows": 2130}], "Actual Rows": 2130}], "Actual Rows": 891}, {"Node Type": "Bitmap Heap Scan", "Parent Relationship": "Inner", "Relation Name": "company_name", "Alias": "cn", "Startup Cost": 0.26, "Total Cost": 4.27, "Plan Rows": 1, "Plan Width": 4, "Actual Min Startup Time": 4.836, "Actual Max Startup Time": 4.836, "Actual Min Total Time": 4.836, "Actual Max Total Time": 4.836, "Recheck Cond": "(id = mc.company_id)", "Rows Removed by Index Recheck": 0, "Filter": "((country_code)::text = '[us]'::text)", "Rows Removed by Filter": 509, "Exact Heap Blocks": 891, "Lossy Heap Blocks": 891, "Plans": [{"Node Type": "Bitmap Index Scan", "Parent Relationship": "Outer", "Index Name": "company_name_pkey", "Startup Cost": 0.0, "Total Cost": 0.26, "Plan Rows": 1, "Plan Width": 0, "Actual Min Startup Time": 2.746, "Actual Max Startup Time": 2.746, "Actual Min Total Time": 2.746, "Actual Max Total Time": 2.746, "Index Cond": "(id = mc.company_id)", "Actual Rows": 891}], "Actual Rows": 382}], "Actual Rows": 382}, {"Node Type": "Bitmap Heap Scan", "Parent Relationship": "Inner", "Relation Name": "title", "Alias": "t", "Startup Cost": 0.27, "Total Cost": 4.29, "Plan Rows": 1, "Plan Width": 21, "Actual Min Startup Time": 2.043, "Actual Max Startup Time": 2.043, "Actual Min Total Time": 2.043, "Actual Max Total Time": 2.043, "Recheck Cond": "(id = mc.movie_id)", "Rows Removed by Index Recheck": 0, "Filter": "(production_year > 1990)", "Rows Removed by Filter": 0, "Exact Heap Blocks": 382, "Lossy Heap Blocks": 382, "Plans": [{"Node Type": "Bitmap Index Scan", "Parent Relationship": "Outer", "Index Name": "title_pkey", "Startup Cost": 0.0, "Total Cost": 0.27, "Plan Rows": 1, "Plan Width": 0, "Actual Min Startup Time": 1.273, "Actual Max Startup Time": 1.273, "Actual Min Total Time": 1.273, "Actual Max Total Time": 1.273, "Index Cond": "(id = mc.movie_id)", "Actual Rows": 382}], "Actual Rows": 382}], "Actual Rows": 382}, {"Node Type": "Bitmap Heap Scan", "Parent Relationship": "Inner", "Relation Name": "movie_keyword", "Alias": "mk", "Startup Cost": 0.34, "Total Cost": 4.44, "Plan Rows": 8, "Plan Width": 8, "Actual Min Startup Time": 2.799, "Actual Max Startup Time": 2.799, "Actual Min Total Time": 3.364, "Actual Max Total Time": 3.364, "Recheck Cond": "(movie_id = mc.movie_id)", "Rows Removed by Index Recheck": 0, "Exact Heap Blocks": 276, "Lossy Heap Blocks": 276, "Plans": [{"Node Type": "Bitmap Index Scan", "Parent Relationship": "Outer", "Index Name": "movie_id_movie_keyword", "Startup Cost": 0.0, "Total Cost": 0.34, "Plan Rows": 8, "Plan Width": 0, "Actual Min Startup Time": 1.708, "Actual Max Startup Time": 1.708, "Actual Min Total Time": 1.708, "Actual Max Total Time": 1.708, "Index Cond": "(movie_id = mc.movie_id)", "Actual Rows": 4371}], "Actual Rows": 4371}], "Actual Rows": 4371}], "Actual Rows": 4371}, {"Node Type": "Sort", "Parent Relationship": "Inner", "Startup Cost": 13527.66, "Total Cost": 13863.08, "Plan Rows": 134169, "Plan Width": 4, "Actual Min Startup Time": 82.319, "Actual Max Startup Time": 82.319, "Actual Min Total Time": 98.923, "Actual Max Total Time": 98.923, "Sort Key": ["k.id"], "Sort Method": "quicksort", "Sort Space Min Used": 14530, "Sort Space Max Used": 14530, "Sort Space Type": "Memory", "Plans": [{"Node Type": "Seq Scan", "Parent Relationship": "Outer", "Relation Name": "keyword", "Alias": "k", "Startup Cost": 0.0, "Total Cost": 2100.69, "Plan Rows": 134169, "Plan Width": 4, "Actual Min Startup Time": 0.032, "Actual Max Startup Time": 0.032, "Actual Min Total Time": 34.673, "Actual Max Total Time": 34.673, "Actual Rows": 134169}], "Actual Rows": 133879}], "Actual Rows": 4371}], "Actual Rows": 1}, "Triggers": [], "Planner Runtime": 153, "Total Runtime": 424.735, "Unique SQL Id": 2302223328}}, "(16, 83)": {"explain_plan": {"Plan": {"Node Type": "Aggregate", "Strategy": "Plain", "Startup Cost": 190376.7, "Total Cost": 190376.71, "Plan Rows": 1, "Plan Width": 102, "Plans": [{"Node Type": "Merge Join", "Parent Relationship": "Outer", "Join Type": "Inner", "Startup Cost": 189566.75, "Total Cost": 190341.49, "Plan Rows": 7042, "Plan Width": 38, "Inner Unique": true, "Merge Cond": "(mk.keyword_id = k.id)", "Plans": [{"Node Type": "Sort", "Parent Relationship": "Outer", "Startup Cost": 175286.46, "Total Cost": 175304.06, "Plan Rows": 7042, "Plan Width": 42, "Sort Key": ["mk.keyword_id"], "Plans": [{"Node Type": "Nested Loop", "Parent Relationship": "Outer", "Join Type": "Inner", "Startup Cost": 166356.37, "Total Cost": 174836.41, "Plan Rows": 7042, "Plan Width": 42, "Inner Unique": false, "Join Filter": "(t.id = mk.movie_id)", "Plans": [{"Node Type": "Nested Loop", "Parent Relationship": "Outer", "Join Type": "Inner", "Startup Cost": 166356.03, "Total Cost": 170874.71, "Plan Rows": 873, "Plan Width": 54, "Inner Unique": false, "Join Filter": "(t.id = at.movie_id)", "Plans": [{"Node Type": "Nested Loop", "Parent Relationship": "Outer", "Join Type": "Inner", "Startup Cost": 166355.76, "Total Cost": 168795.6, "Plan Rows": 478, "Plan Width": 29, "Inner Unique": true, "Plans": [{"Node Type": "Merge Join", "Parent Relationship": "Outer", "Join Type": "Inner", "Startup Cost": 166355.5, "Total Cost": 166362.65, "Plan Rows": 568, "Plan Width": 33, "Inner Unique": false, "Merge Cond": "(ct.id = mc.company_type_id)", "Plans": [{"Node Type": "Sort", "Parent Relationship": "Outer", "Startup Cost": 12.32, "Total Cost": 12.33, "Plan Rows": 3, "Plan Width": 4, "Sort Key": ["ct.id"], "Plans": [{"Node Type": "Bitmap Heap Scan", "Parent Relationship": "Outer", "Relation Name": "company_type", "Alias": "ct", "Startup Cost": 8.27, "Total Cost": 12.3, "Plan Rows": 3, "Plan Width": 4, "Plans": [{"Node Type": "Bitmap Index Scan", "Parent Relationship": "Outer", "Index Name": "company_type_pkey", "Startup Cost": 0.0, "Total Cost": 8.27, "Plan Rows": 3, "Plan Width": 0}]}]}, {"Node Type": "Sort", "Parent Relationship": "Inner", "Startup Cost": 166341.79, "Total Cost": 166343.21, "Plan Rows": 568, "Plan Width": 37, "Sort Key": ["mc.company_type_id"], "Plans": [{"Node Type": "Nested Loop", "Parent Relationship": "Outer", "Join Type": "Inner", "Startup Cost": 4853.18, "Total Cost": 166315.81, "Plan Rows": 568, "Plan Width": 37, "Inner Unique": false, "Plans": [{"Node Type": "Nested Loop", "Parent Relationship": "Outer", "Join Type": "Inner", "Startup Cost": 4852.89, "Total Cost": 165163.39, "Plan Rows": 266, "Plan Width": 25, "Inner Unique": true, "Plans": [{"Node Type": "Nested Loop", "Parent Relationship": "Outer", "Join Type": "Inner", "Startup Cost": 4850.32, "Total Cost": 163895.89, "Plan Rows": 192, "Plan Width": 4, "Inner Unique": false, "Plans": [{"Node Type": "Bitmap Heap Scan", "Parent Relationship": "Outer", "Relation Name": "info_type", "Alias": "it1", "Startup Cost": 8.81, "Total Cost": 14.21, "Plan Rows": 1, "Plan Width": 4, "Filter": "((info)::text = 'release dates'::text)", "Plans": [{"Node Type": "Bitmap Index Scan", "Parent Relationship": "Outer", "Index Name": "info_type_pkey", "Startup Cost": 0.0, "Total Cost": 8.81, "Plan Rows": 112, "Plan Width": 0}]}, {"Node Type": "Bitmap Heap Scan", "Parent Relationship": "Inner", "Relation Name": "movie_info", "Alias": "mi", "Startup Cost": 4841.51, "Total Cost": 163879.76, "Plan Rows": 192, "Plan Width": 8, "Recheck Cond": "(info_type_id = it1.id)", "Filter": "((note)::text ~~ '%internet%'::text)", "Plans": [{"Node Type": "Bitmap Index Scan", "Parent Relationship": "Outer", "Index Name": "info_type_id_movie_info", "Startup Cost": 0.0, "Total Cost": 4841.46, "Plan Rows": 212428, "Plan Width": 0, "Index Cond": "(info_type_id = it1.id)"}]}]}, {"Node Type": "Bitmap Heap Scan", "Parent Relationship": "Inner", "Relation Name": "title", "Alias": "t", "Startup Cost": 2.58, "Total Cost": 6.59, "Plan Rows": 1, "Plan Width": 21, "Recheck Cond": "(id = mi.movie_id)", "Filter": "(production_year > 1990)", "Plans": [{"Node Type": "Bitmap Index Scan", "Parent Relationship": "Outer", "Index Name": "title_pkey", "Startup Cost": 0.0, "Total Cost": 2.58, "Plan Rows": 1, "Plan Width": 0, "Index Cond": "(id = mi.movie_id)"}]}]}, {"Node Type": "Bitmap Heap Scan", "Parent Relationship": "Inner", "Relation Name": "movie_companies", "Alias": "mc", "Startup Cost": 0.29, "Total Cost": 4.31, "Plan Rows": 2, "Plan Width": 12, "Recheck Cond": "(movie_id = t.id)", "Plans": [{"Node Type": "Bitmap Index Scan", "Parent Relationship": "Outer", "Index Name": "movie_id_movie_companies", "Startup Cost": 0.0, "Total Cost": 0.29, "Plan Rows": 2, "Plan Width": 0, "Index Cond": "(movie_id = t.id)"}]}]}]}]}, {"Node Type": "Bitmap Heap Scan", "Parent Relationship": "Inner", "Relation Name": "company_name", "Alias": "cn", "Startup Cost": 0.26, "Total Cost": 4.27, "Plan Rows": 1, "Plan Width": 4, "Recheck Cond": "(id = mc.company_id)", "Filter": "((country_code)::text = '[us]'::text)", "Plans": [{"Node Type": "Bitmap Index Scan", "Parent Relationship": "Outer", "Index Name": "company_name_pkey", "Startup Cost": 0.0, "Total Cost": 0.26, "Plan Rows": 1, "Plan Width": 0, "Index Cond": "(id = mc.company_id)"}]}]}, {"Node Type": "Bitmap Heap Scan", "Parent Relationship": "Inner", "Relation Name": "aka_title", "Alias": "at", "Startup Cost": 0.27, "Total Cost": 4.31, "Plan Rows": 3, "Plan Width": 25, "Recheck Cond": "(movie_id = mc.movie_id)", "Plans": [{"Node Type": "Bitmap Index Scan", "Parent Relationship": "Outer", "Index Name": "movie_id_aka_title", "Startup Cost": 0.0, "Total Cost": 0.27, "Plan Rows": 3, "Plan Width": 0, "Index Cond": "(movie_id = mc.movie_id)"}]}]}, {"Node Type": "Bitmap Heap Scan", "Parent Relationship": "Inner", "Relation Name": "movie_keyword", "Alias": "mk", "Startup Cost": 0.34, "Total Cost": 4.44, "Plan Rows": 8, "Plan Width": 8, "Recheck Cond": "(movie_id = mc.movie_id)", "Plans": [{"Node Type": "Bitmap Index Scan", "Parent Relationship": "Outer", "Index Name": "movie_id_movie_keyword", "Startup Cost": 0.0, "Total Cost": 0.34, "Plan Rows": 8, "Plan Width": 0, "Index Cond": "(movie_id = mc.movie_id)"}]}]}]}, {"Node Type": "Sort", "Parent Relationship": "Inner", "Startup Cost": 14280.29, "Total Cost": 14615.72, "Plan Rows": 134169, "Plan Width": 4, "Sort Key": ["k.id"], "Plans": [{"Node Type": "Bitmap Heap Scan", "Parent Relationship": "Outer", "Relation Name": "keyword", "Alias": "k", "Startup Cost": 752.64, "Total Cost": 2853.33, "Plan Rows": 134169, "Plan Width": 4, "Plans": [{"Node Type": "Bitmap Index Scan", "Parent Relationship": "Outer", "Index Name": "keyword_pkey", "Startup Cost": 0.0, "Total Cost": 719.1, "Plan Rows": 134169, "Plan Width": 0}]}]}]}]}, "Unique SQL Id": 2302223328, "Planner Runtime": 140}, "explain_analyze_plan": null}, "(16, 84)": {"explain_plan": {"Plan": {"Node Type": "Aggregate", "Strategy": "Plain", "Startup Cost": 43139.37, "Total Cost": 43139.38, "Plan Rows": 1, "Plan Width": 102, "Plans": [{"Node Type": "Nested Loop", "Parent Relationship": "Outer", "Join Type": "Inner", "Startup Cost": 0.0, "Total Cost": 43104.5, "Plan Rows": 6974, "Plan Width": 38, "Inner Unique": false, "Join Filter": "(t.id = at.movie_id)", "Plans": [{"Node Type": "Nested Loop", "Parent Relationship": "Outer", "Join Type": "Inner", "Startup Cost": 0.0, "Total Cost": 42305.88, "Plan Rows": 2257, "Plan Width": 33, "Inner Unique": true, "Plans": [{"Node Type": "Nested Loop", "Parent Relationship": "Outer", "Join Type": "Inner", "Startup Cost": 0.0, "Total Cost": 41672.38, "Plan Rows": 2257, "Plan Width": 37, "Inner Unique": false, "Join Filter": "(t.id = mk.movie_id)", "Plans": [{"Node Type": "Nested Loop", "Parent Relationship": "Outer", "Join Type": "Inner", "Startup Cost": 0.0, "Total Cost": 41516.04, "Plan Rows": 278, "Plan Width": 29, "Inner Unique": true, "Plans": [{"Node Type": "Nested Loop", "Parent Relationship": "Outer", "Join Type": "Inner", "Startup Cost": 0.0, "Total Cost": 41382.19, "Plan Rows": 478, "Plan Width": 33, "Inner Unique": true, "Plans": [{"Node Type": "Nested Loop", "Parent Relationship": "Outer", "Join Type": "Inner", "Startup Cost": 0.0, "Total Cost": 41218.8, "Plan Rows": 568, "Plan Width": 37, "Inner Unique": false, "Plans": [{"Node Type": "Nested Loop", "Parent Relationship": "Outer", "Join Type": "Inner", "Startup Cost": 0.0, "Total Cost": 41120.95, "Plan Rows": 266, "Plan Width": 25, "Inner Unique": true, "Plans": [{"Node Type": "Nested Loop", "Parent Relationship": "Outer", "Join Type": "Inner", "Startup Cost": 0.0, "Total Cost": 39977.64, "Plan Rows": 192, "Plan Width": 4, "Inner Unique": true, "Plans": [{"Node Type": "Streaming(type: LOCAL GATHER dop: 1/16)", "Parent Relationship": "Outer", "Startup Cost": 0.0, "Total Cost": 36174.77, "Plan Rows": 13419, "Plan Width": 8, "Plans": [{"Node Type": "Seq Scan", "Parent Relationship": "Outer", "Relation Name": "movie_info", "Alias": "mi", "Startup Cost": 0.0, "Total Cost": 35885.16, "Plan Rows": 13419, "Plan Width": 8, "Filter": "((note)::text ~~ '%internet%'::text)"}]}, {"Node Type": "Index Scan", "Parent Relationship": "Inner", "Scan Direction": "Forward", "Index Name": "info_type_pkey", "Relation Name": "info_type", "Alias": "it1", "Startup Cost": 0.0, "Total Cost": 0.27, "Plan Rows": 1, "Plan Width": 4, "Index Cond": "(id = mi.info_type_id)", "Filter": "((info)::text = 'release dates'::text)"}]}, {"Node Type": "Index Scan", "Parent Relationship": "Inner", "Scan Direction": "Forward", "Index Name": "title_pkey", "Relation Name": "title", "Alias": "t", "Startup Cost": 0.0, "Total Cost": 5.94, "Plan Rows": 1, "Plan Width": 21, "Index Cond": "(id = mi.movie_id)", "Filter": "(production_year > 1990)"}]}, {"Node Type": "Index Scan", "Parent Relationship": "Inner", "Scan Direction": "Forward", "Index Name": "movie_id_movie_companies", "Relation Name": "movie_companies", "Alias": "mc", "Startup Cost": 0.0, "Total Cost": 0.35, "Plan Rows": 2, "Plan Width": 12, "Index Cond": "(movie_id = t.id)"}]}, {"Node Type": "Index Scan", "Parent Relationship": "Inner", "Scan Direction": "Forward", "Index Name": "company_name_pkey", "Relation Name": "company_name", "Alias": "cn", "Startup Cost": 0.0, "Total Cost": 0.28, "Plan Rows": 1, "Plan Width": 4, "Index Cond": "(id = mc.company_id)", "Filter": "((country_code)::text = '[us]'::text)"}]}, {"Node Type": "Index Scan", "Parent Relationship": "Inner", "Scan Direction": "Forward", "Index Name": "company_type_pkey", "Relation Name": "company_type", "Alias": "ct", "Startup Cost": 0.0, "Total Cost": 0.27, "Plan Rows": 1, "Plan Width": 4, "Index Cond": "(id = mc.company_type_id)"}]}, {"Node Type": "Index Scan", "Parent Relationship": "Inner", "Scan Direction": "Forward", "Index Name": "movie_id_movie_keyword", "Relation Name": "movie_keyword", "Alias": "mk", "Startup Cost": 0.0, "Total Cost": 0.46, "Plan Rows": 8, "Plan Width": 8, "Index Cond": "(movie_id = mc.movie_id)"}]}, {"Node Type": "Index Scan", "Parent Relationship": "Inner", "Scan Direction": "Forward", "Index Name": "keyword_pkey", "Relation Name": "keyword", "Alias": "k", "Startup Cost": 0.0, "Total Cost": 0.27, "Plan Rows": 1, "Plan Width": 4, "Index Cond": "(id = mk.keyword_id)"}]}, {"Node Type": "Index Scan", "Parent Relationship": "Inner", "Scan Direction": "Forward", "Index Name": "movie_id_aka_title", "Relation Name": "aka_title", "Alias": "at", "Startup Cost": 0.0, "Total Cost": 0.32, "Plan Rows": 3, "Plan Width": 25, "Index Cond": "(movie_id = mk.movie_id)"}]}]}, "Unique SQL Id": 2302223328, "Planner Runtime": 140}, "explain_analyze_plan": {"Plan": {"Node Type": "Aggregate", "Strategy": "Plain", "Startup Cost": 43139.37, "Total Cost": 43139.38, "Plan Rows": 1, "Plan Width": 102, "Actual Min Startup Time": 698.698, "Actual Max Startup Time": 698.698, "Actual Min Total Time": 698.698, "Actual Max Total Time": 698.698, "Plans": [{"Node Type": "Nested Loop", "Parent Relationship": "Outer", "Join Type": "Inner", "Startup Cost": 0.0, "Total Cost": 43104.5, "Plan Rows": 6974, "Plan Width": 38, "Actual Min Startup Time": 90.553, "Actual Max Startup Time": 90.553, "Actual Min Total Time": 695.888, "Actual Max Total Time": 695.888, "Inner Unique": false, "Join Filter": "(t.id = at.movie_id)", "Rows Removed by Join Filter": 0, "Plans": [{"Node Type": "Nested Loop", "Parent Relationship": "Outer", "Join Type": "Inner", "Startup Cost": 0.0, "Total Cost": 42305.88, "Plan Rows": 2257, "Plan Width": 33, "Actual Min Startup Time": 87.807, "Actual Max Startup Time": 87.807, "Actual Min Total Time": 649.296, "Actual Max Total Time": 649.296, "Inner Unique": true, "Plans": [{"Node Type": "Nested Loop", "Parent Relationship": "Outer", "Join Type": "Inner", "Startup Cost": 0.0, "Total Cost": 41672.38, "Plan Rows": 2257, "Plan Width": 37, "Actual Min Startup Time": 87.784, "Actual Max Startup Time": 87.784, "Actual Min Total Time": 575.89, "Actual Max Total Time": 575.89, "Inner Unique": false, "Join Filter": "(t.id = mk.movie_id)", "Rows Removed by Join Filter": 0, "Plans": [{"Node Type": "Nested Loop", "Parent Relationship": "Outer", "Join Type": "Inner", "Startup Cost": 0.0, "Total Cost": 41516.04, "Plan Rows": 278, "Plan Width": 29, "Actual Min Startup Time": 87.75, "Actual Max Startup Time": 87.75, "Actual Min Total Time": 526.855, "Actual Max Total Time": 526.855, "Inner Unique": true, "Plans": [{"Node Type": "Nested Loop", "Parent Relationship": "Outer", "Join Type": "Inner", "Startup Cost": 0.0, "Total Cost": 41382.19, "Plan Rows": 478, "Plan Width": 33, "Actual Min Startup Time": 87.718, "Actual Max Startup Time": 87.718, "Actual Min Total Time": 505.915, "Actual Max Total Time": 505.915, "Inner Unique": true, "Plans": [{"Node Type": "Nested Loop", "Parent Relationship": "Outer", "Join Type": "Inner", "Startup Cost": 0.0, "Total Cost": 41218.8, "Plan Rows": 568, "Plan Width": 37, "Actual Min Startup Time": 87.686, "Actual Max Startup Time": 87.686, "Actual Min Total Time": 412.9, "Actual Max Total Time": 412.9, "Inner Unique": false, "Plans": [{"Node Type": "Nested Loop", "Parent Relationship": "Outer", "Join Type": "Inner", "Startup Cost": 0.0, "Total Cost": 41120.95, "Plan Rows": 266, "Plan Width": 25, "Actual Min Startup Time": 87.658, "Actual Max Startup Time": 87.658, "Actual Min Total Time": 325.209, "Actual Max Total Time": 325.209, "Inner Unique": true, "Plans": [{"Node Type": "Nested Loop", "Parent Relationship": "Outer", "Join Type": "Inner", "Startup Cost": 0.0, "Total Cost": 39977.64, "Plan Rows": 192, "Plan Width": 4, "Actual Min Startup Time": 87.62, "Actual Max Startup Time": 87.62, "Actual Min Total Time": 238.003, "Actual Max Total Time": 238.003, "Inner Unique": true, "Plans": [{"Node Type": "Streaming(type: LOCAL GATHER dop: 1/16)", "Parent Relationship": "Outer", "Startup Cost": 0.0, "Total Cost": 36174.77, "Plan Rows": 13419, "Plan Width": 8, "Actual Min Startup Time": 87.56, "Actual Max Startup Time": 87.56, "Actual Min Total Time": 207.098, "Actual Max Total Time": 207.098, "Plans": [{"Node Type": "Seq Scan", "Parent Relationship": "Outer", "Relation Name": "movie_info", "Alias": "mi", "Startup Cost": 0.0, "Total Cost": 35885.16, "Plan Rows": 13419, "Plan Width": 8, "Actual Min Startup Time": 6.893, "Actual Max Startup Time": 78.34, "Actual Min Total Time": 253.047, "Actual Max Total Time": 282.014, "Filter": "((note)::text ~~ '%internet%'::text)", "Rows Removed by Filter": 14824909, "Actual Rows": 10810}], "Actual Rows": 10810}, {"Node Type": "Index Scan", "Parent Relationship": "Inner", "Scan Direction": "Forward", "Index Name": "info_type_pkey", "Relation Name": "info_type", "Alias": "it1", "Startup Cost": 0.0, "Total Cost": 0.27, "Plan Rows": 1, "Plan Width": 4, "Actual Min Startup Time": 20.2, "Actual Max Startup Time": 20.2, "Actual Min Total Time": 20.2, "Actual Max Total Time": 20.2, "Index Cond": "(id = mi.info_type_id)", "Rows Removed by Index Recheck": 0, "Filter": "((info)::text = 'release dates'::text)", "Rows Removed by Filter": 131, "Actual Rows": 10679}], "Actual Rows": 10679}, {"Node Type": "Index Scan", "Parent Relationship": "Inner", "Scan Direction": "Forward", "Index Name": "title_pkey", "Relation Name": "title", "Alias": "t", "Startup Cost": 0.0, "Total Cost": 5.94, "Plan Rows": 1, "Plan Width": 21, "Actual Min Startup Time": 76.64, "Actual Max Startup Time": 76.64, "Actual Min Total Time": 76.64, "Actual Max Total Time": 76.64, "Index Cond": "(id = mi.movie_id)", "Rows Removed by Index Recheck": 0, "Filter": "(production_year > 1990)", "Rows Removed by Filter": 17, "Actual Rows": 10662}], "Actual Rows": 10662}, {"Node Type": "Index Scan", "Parent Relationship": "Inner", "Scan Direction": "Forward", "Index Name": "movie_id_movie_companies", "Relation Name": "movie_companies", "Alias": "mc", "Startup Cost": 0.0, "Total Cost": 0.35, "Plan Rows": 2, "Plan Width": 12, "Actual Min Startup Time": 64.042, "Actual Max Startup Time": 64.042, "Actual Min Total Time": 77.776, "Actual Max Total Time": 77.776, "Index Cond": "(movie_id = t.id)", "Rows Removed by Index Recheck": 0, "Actual Rows": 14377}], "Actual Rows": 14377}, {"Node Type": "Index Scan", "Parent Relationship": "Inner", "Scan Direction": "Forward", "Index Name": "company_name_pkey", "Relation Name": "company_name", "Alias": "cn", "Startup Cost": 0.0, "Total Cost": 0.28, "Plan Rows": 1, "Plan Width": 4, "Actual Min Startup Time": 81.539, "Actual Max Startup Time": 81.539, "Actual Min Total Time": 81.539, "Actual Max Total Time": 81.539, "Index Cond": "(id = mc.company_id)", "Rows Removed by Index Recheck": 0, "Filter": "((country_code)::text = '[us]'::text)", "Rows Removed by Filter": 4520, "Actual Rows": 9857}], "Actual Rows": 9857}, {"Node Type": "Index Scan", "Parent Relationship": "Inner", "Scan Direction": "Forward", "Index Name": "company_type_pkey", "Relation Name": "company_type", "Alias": "ct", "Startup Cost": 0.0, "Total Cost": 0.27, "Plan Rows": 1, "Plan Width": 4, "Actual Min Startup Time": 12.481, "Actual Max Startup Time": 12.481, "Actual Min Total Time": 12.481, "Actual Max Total Time": 12.481, "Index Cond": "(id = mc.company_type_id)", "Rows Removed by Index Recheck": 0, "Actual Rows": 5914}], "Actual Rows": 5914}, {"Node Type": "Index Scan", "Parent Relationship": "Inner", "Scan Direction": "Forward", "Index Name": "movie_id_movie_keyword", "Relation Name": "movie_keyword", "Alias": "mk", "Startup Cost": 0.0, "Total Cost": 0.46, "Plan Rows": 8, "Plan Width": 8, "Actual Min Startup Time": 33.214, "Actual Max Startup Time": 33.214, "Actual Min Total Time": 39.654, "Actual Max Total Time": 39.654, "Index Cond": "(movie_id = mc.movie_id)", "Rows Removed by Index Recheck": 0, "Actual Rows": 14161}], "Actual Rows": 14161}, {"Node Type": "Index Scan", "Parent Relationship": "Inner", "Scan Direction": "Forward", "Index Name": "keyword_pkey", "Relation Name": "keyword", "Alias": "k", "Startup Cost": 0.0, "Total Cost": 0.27, "Plan Rows": 1, "Plan Width": 4, "Actual Min Startup Time": 61.931, "Actual Max Startup Time": 61.931, "Actual Min Total Time": 61.931, "Actual Max Total Time": 61.931, "Index Cond": "(id = mk.keyword_id)", "Rows Removed by Index Recheck": 0, "Actual Rows": 14161}], "Actual Rows": 14161}, {"Node Type": "Index Scan", "Parent Relationship": "Inner", "Scan Direction": "Forward", "Index Name": "movie_id_aka_title", "Relation Name": "aka_title", "Alias": "at", "Startup Cost": 0.0, "Total Cost": 0.32, "Plan Rows": 3, "Plan Width": 25, "Actual Min Startup Time": 34.329, "Actual Max Startup Time": 34.329, "Actual Min Total Time": 36.628, "Actual Max Total Time": 36.628, "Index Cond": "(movie_id = mk.movie_id)", "Rows Removed by Index Recheck": 0, "Actual Rows": 4371}], "Actual Rows": 4371}], "Actual Rows": 1}, "Triggers": [], "Planner Runtime": 139, "Total Runtime": 702.395, "Unique SQL Id": 2302223328}}, "(16, 85)": {"explain_plan": {"Plan": {"Node Type": "Aggregate", "Strategy": "Plain", "Startup Cost": 167057.62, "Total Cost": 167057.63, "Plan Rows": 1, "Plan Width": 102, "Plans": [{"Node Type": "Nested Loop", "Parent Relationship": "Outer", "Join Type": "Inner", "Startup Cost": 4841.51, "Total Cost": 167022.75, "Plan Rows": 6974, "Plan Width": 38, "Inner Unique": false, "Join Filter": "(t.id = at.movie_id)", "Plans": [{"Node Type": "Nested Loop", "Parent Relationship": "Outer", "Join Type": "Inner", "Startup Cost": 4841.51, "Total Cost": 166224.14, "Plan Rows": 2257, "Plan Width": 33, "Inner Unique": true, "Plans": [{"Node Type": "Nested Loop", "Parent Relationship": "Outer", "Join Type": "Inner", "Startup Cost": 4841.51, "Total Cost": 165590.64, "Plan Rows": 2257, "Plan Width": 37, "Inner Unique": false, "Join Filter": "(t.id = mk.movie_id)", "Plans": [{"Node Type": "Nested Loop", "Parent Relationship": "Outer", "Join Type": "Inner", "Startup Cost": 4841.51, "Total Cost": 165434.29, "Plan Rows": 278, "Plan Width": 29, "Inner Unique": true, "Plans": [{"Node Type": "Nested Loop", "Parent Relationship": "Outer", "Join Type": "Inner", "Startup Cost": 4841.51, "Total Cost": 165300.45, "Plan Rows": 478, "Plan Width": 33, "Inner Unique": true, "Plans": [{"Node Type": "Nested Loop", "Parent Relationship": "Outer", "Join Type": "Inner", "Startup Cost": 4841.51, "Total Cost": 165137.06, "Plan Rows": 568, "Plan Width": 37, "Inner Unique": false, "Plans": [{"Node Type": "Nested Loop", "Parent Relationship": "Outer", "Join Type": "Inner", "Startup Cost": 4841.51, "Total Cost": 165039.2, "Plan Rows": 266, "Plan Width": 25, "Inner Unique": true, "Plans": [{"Node Type": "Nested Loop", "Parent Relationship": "Outer", "Join Type": "Inner", "Startup Cost": 4841.51, "Total Cost": 163895.89, "Plan Rows": 192, "Plan Width": 4, "Inner Unique": false, "Plans": [{"Node Type": "Index Scan", "Parent Relationship": "Outer", "Scan Direction": "Forward", "Index Name": "info_type_pkey", "Relation Name": "info_type", "Alias": "it1", "Startup Cost": 0.0, "Total Cost": 14.21, "Plan Rows": 1, "Plan Width": 4, "Filter": "((info)::text = 'release dates'::text)"}, {"Node Type": "Bitmap Heap Scan", "Parent Relationship": "Inner", "Relation Name": "movie_info", "Alias": "mi", "Startup Cost": 4841.51, "Total Cost": 163879.76, "Plan Rows": 192, "Plan Width": 8, "Recheck Cond": "(info_type_id = it1.id)", "Filter": "((note)::text ~~ '%internet%'::text)", "Plans": [{"Node Type": "Bitmap Index Scan", "Parent Relationship": "Outer", "Index Name": "info_type_id_movie_info", "Startup Cost": 0.0, "Total Cost": 4841.46, "Plan Rows": 212428, "Plan Width": 0, "Index Cond": "(info_type_id = it1.id)"}]}]}, {"Node Type": "Index Scan", "Parent Relationship": "Inner", "Scan Direction": "Forward", "Index Name": "title_pkey", "Relation Name": "title", "Alias": "t", "Startup Cost": 0.0, "Total Cost": 5.94, "Plan Rows": 1, "Plan Width": 21, "Index Cond": "(id = mi.movie_id)", "Filter": "(production_year > 1990)"}]}, {"Node Type": "Index Scan", "Parent Relationship": "Inner", "Scan Direction": "Forward", "Index Name": "movie_id_movie_companies", "Relation Name": "movie_companies", "Alias": "mc", "Startup Cost": 0.0, "Total Cost": 0.35, "Plan Rows": 2, "Plan Width": 12, "Index Cond": "(movie_id = t.id)"}]}, {"Node Type": "Index Scan", "Parent Relationship": "Inner", "Scan Direction": "Forward", "Index Name": "company_name_pkey", "Relation Name": "company_name", "Alias": "cn", "Startup Cost": 0.0, "Total Cost": 0.28, "Plan Rows": 1, "Plan Width": 4, "Index Cond": "(id = mc.company_id)", "Filter": "((country_code)::text = '[us]'::text)"}]}, {"Node Type": "Index Scan", "Parent Relationship": "Inner", "Scan Direction": "Forward", "Index Name": "company_type_pkey", "Relation Name": "company_type", "Alias": "ct", "Startup Cost": 0.0, "Total Cost": 0.27, "Plan Rows": 1, "Plan Width": 4, "Index Cond": "(id = mc.company_type_id)"}]}, {"Node Type": "Index Scan", "Parent Relationship": "Inner", "Scan Direction": "Forward", "Index Name": "movie_id_movie_keyword", "Relation Name": "movie_keyword", "Alias": "mk", "Startup Cost": 0.0, "Total Cost": 0.46, "Plan Rows": 8, "Plan Width": 8, "Index Cond": "(movie_id = mc.movie_id)"}]}, {"Node Type": "Index Scan", "Parent Relationship": "Inner", "Scan Direction": "Forward", "Index Name": "keyword_pkey", "Relation Name": "keyword", "Alias": "k", "Startup Cost": 0.0, "Total Cost": 0.27, "Plan Rows": 1, "Plan Width": 4, "Index Cond": "(id = mk.keyword_id)"}]}, {"Node Type": "Index Scan", "Parent Relationship": "Inner", "Scan Direction": "Forward", "Index Name": "movie_id_aka_title", "Relation Name": "aka_title", "Alias": "at", "Startup Cost": 0.0, "Total Cost": 0.32, "Plan Rows": 3, "Plan Width": 25, "Index Cond": "(movie_id = mk.movie_id)"}]}]}, "Unique SQL Id": 2302223328, "Planner Runtime": 136}, "explain_analyze_plan": null}, "(16, 86)": {"explain_plan": {"Plan": {"Node Type": "Aggregate", "Strategy": "Plain", "Startup Cost": 128949.3, "Total Cost": 128949.31, "Plan Rows": 1, "Plan Width": 102, "Plans": [{"Node Type": "Merge Join", "Parent Relationship": "Outer", "Join Type": "Inner", "Startup Cost": 128139.35, "Total Cost": 128914.09, "Plan Rows": 7042, "Plan Width": 38, "Inner Unique": true, "Merge Cond": "(mk.keyword_id = k.id)", "Plans": [{"Node Type": "Sort", "Parent Relationship": "Outer", "Startup Cost": 114611.69, "Total Cost": 114629.29, "Plan Rows": 7042, "Plan Width": 42, "Sort Key": ["mk.keyword_id"], "Plans": [{"Node Type": "Nested Loop", "Parent Relationship": "Outer", "Join Type": "Inner", "Startup Cost": 102972.85, "Total Cost": 114161.64, "Plan Rows": 7042, "Plan Width": 42, "Inner Unique": false, "Join Filter": "(t.id = mk.movie_id)", "Plans": [{"Node Type": "Nested Loop", "Parent Relationship": "Outer", "Join Type": "Inner", "Startup Cost": 102972.51, "Total Cost": 110199.94, "Plan Rows": 873, "Plan Width": 54, "Inner Unique": true, "Join Filter": "(at.movie_id = t.id)", "Plans": [{"Node Type": "Nested Loop", "Parent Relationship": "Outer", "Join Type": "Inner", "Startup Cost": 102972.24, "Total Cost": 107491.3, "Plan Rows": 630, "Plan Width": 33, "Inner Unique": true, "Plans": [{"Node Type": "Merge Join", "Parent Relationship": "Outer", "Join Type": "Inner", "Startup Cost": 102971.98, "Total Cost": 102985.2, "Plan Rows": 1052, "Plan Width": 37, "Inner Unique": false, "Merge Cond": "(ct.id = mc.company_type_id)", "Plans": [{"Node Type": "Sort", "Parent Relationship": "Outer", "Startup Cost": 1.05, "Total Cost": 1.06, "Plan Rows": 3, "Plan Width": 4, "Sort Key": ["ct.id"], "Plans": [{"Node Type": "Seq Scan", "Parent Relationship": "Outer", "Relation Name": "company_type", "Alias": "ct", "Startup Cost": 0.0, "Total Cost": 1.03, "Plan Rows": 3, "Plan Width": 4}]}, {"Node Type": "Sort", "Parent Relationship": "Inner", "Startup Cost": 102968.35, "Total Cost": 102970.98, "Plan Rows": 1052, "Plan Width": 41, "Sort Key": ["mc.company_type_id"], "Plans": [{"Node Type": "Nested Loop", "Parent Relationship": "Outer", "Join Type": "Inner", "Startup Cost": 100584.71, "Total Cost": 102915.55, "Plan Rows": 1052, "Plan Width": 41, "Inner Unique": false, "Plans": [{"Node Type": "Merge Join", "Parent Relationship": "Outer", "Join Type": "Inner", "Startup Cost": 100584.34, "Total Cost": 100751.49, "Plan Rows": 490, "Plan Width": 29, "Inner Unique": false, "Merge Cond": "(it1.id = mi.info_type_id)", "Plans": [{"Node Type": "Sort", "Parent Relationship": "Outer", "Startup Cost": 2.41, "Total Cost": 2.42, "Plan Rows": 1, "Plan Width": 4, "Sort Key": ["it1.id"], "Plans": [{"Node Type": "Seq Scan", "Parent Relationship": "Outer", "Relation Name": "info_type", "Alias": "it1", "Startup Cost": 0.0, "Total Cost": 2.4, "Plan Rows": 1, "Plan Width": 4, "Filter": "((info)::text = 'release dates'::text)"}]}, {"Node Type": "Sort", "Parent Relationship": "Inner", "Startup Cost": 100572.59, "Total Cost": 100658.38, "Plan Rows": 34318, "Plan Width": 33, "Sort Key": ["mi.info_type_id"], "Plans": [{"Node Type": "Nested Loop", "Parent Relationship": "Outer", "Join Type": "Inner", "Startup Cost": 0.54, "Total Cost": 97987.29, "Plan Rows": 34318, "Plan Width": 33, "Inner Unique": false, "Plans": [{"Node Type": "Streaming(type: LOCAL GATHER dop: 1/16)", "Parent Relationship": "Outer", "Startup Cost": 0.0, "Total Cost": 36174.77, "Plan Rows": 13419, "Plan Width": 8, "Plans": [{"Node Type": "Seq Scan", "Parent Relationship": "Outer", "Relation Name": "movie_info", "Alias": "mi", "Startup Cost": 0.0, "Total Cost": 35885.16, "Plan Rows": 13419, "Plan Width": 8, "Filter": "((note)::text ~~ '%internet%'::text)"}]}, {"Node Type": "Bitmap Heap Scan", "Parent Relationship": "Inner", "Relation Name": "aka_title", "Alias": "at", "Startup Cost": 0.54, "Total Cost": 4.58, "Plan Rows": 3, "Plan Width": 25, "Recheck Cond": "(movie_id = mi.movie_id)", "Plans": [{"Node Type": "Bitmap Index Scan", "Parent Relationship": "Outer", "Index Name": "movie_id_aka_title", "Startup Cost": 0.0, "Total Cost": 0.54, "Plan Rows": 3, "Plan Width": 0, "Index Cond": "(movie_id = mi.movie_id)"}]}]}]}]}, {"Node Type": "Bitmap Heap Scan", "Parent Relationship": "Inner", "Relation Name": "movie_companies", "Alias": "mc", "Startup Cost": 0.37, "Total Cost": 4.4, "Plan Rows": 2, "Plan Width": 12, "Recheck Cond": "(movie_id = at.movie_id)", "Plans": [{"Node Type": "Bitmap Index Scan", "Parent Relationship": "Outer", "Index Name": "movie_id_movie_companies", "Startup Cost": 0.0, "Total Cost": 0.37, "Plan Rows": 2, "Plan Width": 0, "Index Cond": "(movie_id = at.movie_id)"}]}]}]}]}, {"Node Type": "Bitmap Heap Scan", "Parent Relationship": "Inner", "Relation Name": "company_name", "Alias": "cn", "Startup Cost": 0.26, "Total Cost": 4.27, "Plan Rows": 1, "Plan Width": 4, "Recheck Cond": "(id = mc.company_id)", "Filter": "((country_code)::text = '[us]'::text)", "Plans": [{"Node Type": "Bitmap Index Scan", "Parent Relationship": "Outer", "Index Name": "company_name_pkey", "Startup Cost": 0.0, "Total Cost": 0.26, "Plan Rows": 1, "Plan Width": 0, "Index Cond": "(id = mc.company_id)"}]}]}, {"Node Type": "Bitmap Heap Scan", "Parent Relationship": "Inner", "Relation Name": "title", "Alias": "t", "Startup Cost": 0.27, "Total Cost": 4.29, "Plan Rows": 1, "Plan Width": 21, "Recheck Cond": "(id = mc.movie_id)", "Filter": "(production_year > 1990)", "Plans": [{"Node Type": "Bitmap Index Scan", "Parent Relationship": "Outer", "Index Name": "title_pkey", "Startup Cost": 0.0, "Total Cost": 0.27, "Plan Rows": 1, "Plan Width": 0, "Index Cond": "(id = mc.movie_id)"}]}]}, {"Node Type": "Bitmap Heap Scan", "Parent Relationship": "Inner", "Relation Name": "movie_keyword", "Alias": "mk", "Startup Cost": 0.34, "Total Cost": 4.44, "Plan Rows": 8, "Plan Width": 8, "Recheck Cond": "(movie_id = mc.movie_id)", "Plans": [{"Node Type": "Bitmap Index Scan", "Parent Relationship": "Outer", "Index Name": "movie_id_movie_keyword", "Startup Cost": 0.0, "Total Cost": 0.34, "Plan Rows": 8, "Plan Width": 0, "Index Cond": "(movie_id = mc.movie_id)"}]}]}]}, {"Node Type": "Sort", "Parent Relationship": "Inner", "Startup Cost": 13527.66, "Total Cost": 13863.08, "Plan Rows": 134169, "Plan Width": 4, "Sort Key": ["k.id"], "Plans": [{"Node Type": "Seq Scan", "Parent Relationship": "Outer", "Relation Name": "keyword", "Alias": "k", "Startup Cost": 0.0, "Total Cost": 2100.69, "Plan Rows": 134169, "Plan Width": 4}]}]}]}, "Unique SQL Id": 2302223328, "Planner Runtime": 153}, "explain_analyze_plan": {"Plan": {"Node Type": "Aggregate", "Strategy": "Plain", "Startup Cost": 128949.3, "Total Cost": 128949.31, "Plan Rows": 1, "Plan Width": 102, "Actual Min Startup Time": 421.449, "Actual Max Startup Time": 421.449, "Actual Min Total Time": 421.45, "Actual Max Total Time": 421.45, "Plans": [{"Node Type": "Merge Join", "Parent Relationship": "Outer", "Join Type": "Inner", "Startup Cost": 128139.35, "Total Cost": 128914.09, "Plan Rows": 7042, "Plan Width": 38, "Actual Min Startup Time": 382.828, "Actual Max Startup Time": 382.828, "Actual Min Total Time": 419.298, "Actual Max Total Time": 419.298, "Inner Unique": true, "Merge Cond": "(mk.keyword_id = k.id)", "Plans": [{"Node Type": "Sort", "Parent Relationship": "Outer", "Startup Cost": 114611.69, "Total Cost": 114629.29, "Plan Rows": 7042, "Plan Width": 42, "Actual Min Startup Time": 300.497, "Actual Max Startup Time": 300.497, "Actual Min Total Time": 301.193, "Actual Max Total Time": 301.193, "Sort Key": ["mk.keyword_id"], "Sort Method": "quicksort", "Sort Space Min Used": 752, "Sort Space Max Used": 752, "Sort Space Type": "Memory", "Plans": [{"Node Type": "Nested Loop", "Parent Relationship": "Outer", "Join Type": "Inner", "Startup Cost": 102972.85, "Total Cost": 114161.64, "Plan Rows": 7042, "Plan Width": 42, "Actual Min Startup Time": 284.668, "Actual Max Startup Time": 284.668, "Actual Min Total Time": 298.7, "Actual Max Total Time": 298.7, "Inner Unique": false, "Join Filter": "(t.id = mk.movie_id)", "Rows Removed by Join Filter": 0, "Plans": [{"Node Type": "Nested Loop", "Parent Relationship": "Outer", "Join Type": "Inner", "Startup Cost": 102972.51, "Total Cost": 110199.94, "Plan Rows": 873, "Plan Width": 54, "Actual Min Startup Time": 284.647, "Actual Max Startup Time": 284.647, "Actual Min Total Time": 293.611, "Actual Max Total Time": 293.611, "Inner Unique": true, "Join Filter": "(at.movie_id = t.id)", "Rows Removed by Join Filter": 0, "Plans": [{"Node Type": "Nested Loop", "Parent Relationship": "Outer", "Join Type": "Inner", "Startup Cost": 102972.24, "Total Cost": 107491.3, "Plan Rows": 630, "Plan Width": 33, "Actual Min Startup Time": 284.623, "Actual Max Startup Time": 284.623, "Actual Min Total Time": 291.013, "Actual Max Total Time": 291.013, "Inner Unique": true, "Plans": [{"Node Type": "Merge Join", "Parent Relationship": "Outer", "Join Type": "Inner", "Startup Cost": 102971.98, "Total Cost": 102985.2, "Plan Rows": 1052, "Plan Width": 37, "Actual Min Startup Time": 284.581, "Actual Max Startup Time": 284.581, "Actual Min Total Time": 285.072, "Actual Max Total Time": 285.072, "Inner Unique": false, "Merge Cond": "(ct.id = mc.company_type_id)", "Plans": [{"Node Type": "Sort", "Parent Relationship": "Outer", "Startup Cost": 1.05, "Total Cost": 1.06, "Plan Rows": 3, "Plan Width": 4, "Actual Min Startup Time": 0.05, "Actual Max Startup Time": 0.05, "Actual Min Total Time": 0.05, "Actual Max Total Time": 0.05, "Sort Key": ["ct.id"], "Sort Method": "quicksort", "Sort Space Min Used": 25, "Sort Space Max Used": 25, "Sort Space Type": "Memory", "Plans": [{"Node Type": "Seq Scan", "Parent Relationship": "Outer", "Relation Name": "company_type", "Alias": "ct", "Startup Cost": 0.0, "Total Cost": 1.03, "Plan Rows": 3, "Plan Width": 4, "Actual Min Startup Time": 0.028, "Actual Max Startup Time": 0.028, "Actual Min Total Time": 0.03, "Actual Max Total Time": 0.03, "Actual Rows": 3}], "Actual Rows": 2}, {"Node Type": "Sort", "Parent Relationship": "Inner", "Startup Cost": 102968.35, "Total Cost": 102970.98, "Plan Rows": 1052, "Plan Width": 41, "Actual Min Startup Time": 284.206, "Actual Max Startup Time": 284.206, "Actual Min Total Time": 284.44, "Actual Max Total Time": 284.44, "Sort Key": ["mc.company_type_id"], "Sort Method": "quicksort", "Sort Space Min Used": 360, "Sort Space Max Used": 360, "Sort Space Type": "Memory", "Plans": [{"Node Type": "Nested Loop", "Parent Relationship": "Outer", "Join Type": "Inner", "Startup Cost": 100584.71, "Total Cost": 102915.55, "Plan Rows": 1052, "Plan Width": 41, "Actual Min Startup Time": 276.796, "Actual Max Startup Time": 276.796, "Actual Min Total Time": 283.287, "Actual Max Total Time": 283.287, "Inner Unique": false, "Plans": [{"Node Type": "Merge Join", "Parent Relationship": "Outer", "Join Type": "Inner", "Startup Cost": 100584.34, "Total Cost": 100751.49, "Plan Rows": 490, "Plan Width": 29, "Actual Min Startup Time": 276.775, "Actual Max Startup Time": 276.775, "Actual Min Total Time": 277.043, "Actual Max Total Time": 277.043, "Inner Unique": false, "Merge Cond": "(it1.id = mi.info_type_id)", "Plans": [{"Node Type": "Sort", "Parent Relationship": "Outer", "Startup Cost": 2.41, "Total Cost": 2.42, "Plan Rows": 1, "Plan Width": 4, "Actual Min Startup Time": 0.084, "Actual Max Startup Time": 0.084, "Actual Min Total Time": 0.085, "Actual Max Total Time": 0.085, "Sort Key": ["it1.id"], "Sort Method": "quicksort", "Sort Space Min Used": 25, "Sort Space Max Used": 25, "Sort Space Type": "Memory", "Plans": [{"Node Type": "Seq Scan", "Parent Relationship": "Outer", "Relation Name": "info_type", "Alias": "it1", "Startup Cost": 0.0, "Total Cost": 2.4, "Plan Rows": 1, "Plan Width": 4, "Actual Min Startup Time": 0.051, "Actual Max Startup Time": 0.051, "Actual Min Total Time": 0.071, "Actual Max Total Time": 0.071, "Filter": "((info)::text = 'release dates'::text)", "Rows Removed by Filter": 111, "Actual Rows": 1}], "Actual Rows": 1}, {"Node Type": "Sort", "Parent Relationship": "Inner", "Startup Cost": 100572.59, "Total Cost": 100658.38, "Plan Rows": 34318, "Plan Width": 33, "Actual Min Startup Time": 276.68, "Actual Max Startup Time": 276.68, "Actual Min Total Time": 276.755, "Actual Max Total Time": 276.755, "Sort Key": ["mi.info_type_id"], "Sort Method": "quicksort", "Sort Space Min Used": 113, "Sort Space Max Used": 113, "Sort Space Type": "Memory", "Plans": [{"Node Type": "Nested Loop", "Parent Relationship": "Outer", "Join Type": "Inner", "Startup Cost": 0.54, "Total Cost": 97987.29, "Plan Rows": 34318, "Plan Width": 33, "Actual Min Startup Time": 93.365, "Actual Max Startup Time": 93.365, "Actual Min Total Time": 276.17, "Actual Max Total Time": 276.17, "Inner Unique": false, "Plans": [{"Node Type": "Streaming(type: LOCAL GATHER dop: 1/16)", "Parent Relationship": "Outer", "Startup Cost": 0.0, "Total Cost": 36174.77, "Plan Rows": 13419, "Plan Width": 8, "Actual Min Startup Time": 93.178, "Actual Max Startup Time": 93.178, "Actual Min Total Time": 233.424, "Actual Max Total Time": 233.424, "Plans": [{"Node Type": "Seq Scan", "Parent Relationship": "Outer", "Relation Name": "movie_info", "Alias": "mi", "Startup Cost": 0.0, "Total Cost": 35885.16, "Plan Rows": 13419, "Plan Width": 8, "Actual Min Startup Time": 6.867, "Actual Max Startup Time": 73.088, "Actual Min Total Time": 247.275, "Actual Max Total Time": 254.0, "Filter": "((note)::text ~~ '%internet%'::text)", "Rows Removed by Filter": 14824909, "Actual Rows": 10810}], "Actual Rows": 10810}, {"Node Type": "Bitmap Heap Scan", "Parent Relationship": "Inner", "Relation Name": "aka_title", "Alias": "at", "Startup Cost": 0.54, "Total Cost": 4.58, "Plan Rows": 3, "Plan Width": 25, "Actual Min Startup Time": 30.833, "Actual Max Startup Time": 30.833, "Actual Min Total Time": 31.479, "Actual Max Total Time": 31.479, "Recheck Cond": "(movie_id = mi.movie_id)", "Rows Removed by Index Recheck": 0, "Exact Heap Blocks": 820, "Lossy Heap Blocks": 820, "Plans": [{"Node Type": "Bitmap Index Scan", "Parent Relationship": "Outer", "Index Name": "movie_id_aka_title", "Startup Cost": 0.0, "Total Cost": 0.54, "Plan Rows": 3, "Plan Width": 0, "Actual Min Startup Time": 24.945, "Actual Max Startup Time": 24.945, "Actual Min Total Time": 24.945, "Actual Max Total Time": 24.945, "Index Cond": "(movie_id = mi.movie_id)", "Actual Rows": 820}], "Actual Rows": 820}], "Actual Rows": 820}], "Actual Rows": 599}], "Actual Rows": 591}, {"Node Type": "Bitmap Heap Scan", "Parent Relationship": "Inner", "Relation Name": "movie_companies", "Alias": "mc", "Startup Cost": 0.37, "Total Cost": 4.4, "Plan Rows": 2, "Plan Width": 12, "Actual Min Startup Time": 4.196, "Actual Max Startup Time": 4.196, "Actual Min Total Time": 5.11, "Actual Max Total Time": 5.11, "Recheck Cond": "(movie_id = at.movie_id)", "Rows Removed by Index Recheck": 0, "Exact Heap Blocks": 945, "Lossy Heap Blocks": 945, "Plans": [{"Node Type": "Bitmap Index Scan", "Parent Relationship": "Outer", "Index Name": "movie_id_movie_companies", "Startup Cost": 0.0, "Total Cost": 0.37, "Plan Rows": 2, "Plan Width": 0, "Actual Min Startup Time": 2.686, "Actual Max Startup Time": 2.686, "Actual Min Total Time": 2.686, "Actual Max Total Time": 2.686, "Index Cond": "(movie_id = at.movie_id)", "Actual Rows": 2130}], "Actual Rows": 2130}], "Actual Rows": 2130}], "Actual Rows": 2130}], "Actual Rows": 891}, {"Node Type": "Bitmap Heap Scan", "Parent Relationship": "Inner", "Relation Name": "company_name", "Alias": "cn", "Startup Cost": 0.26, "Total Cost": 4.27, "Plan Rows": 1, "Plan Width": 4, "Actual Min Startup Time": 4.836, "Actual Max Startup Time": 4.836, "Actual Min Total Time": 4.836, "Actual Max Total Time": 4.836, "Recheck Cond": "(id = mc.company_id)", "Rows Removed by Index Recheck": 0, "Filter": "((country_code)::text = '[us]'::text)", "Rows Removed by Filter": 509, "Exact Heap Blocks": 891, "Lossy Heap Blocks": 891, "Plans": [{"Node Type": "Bitmap Index Scan", "Parent Relationship": "Outer", "Index Name": "company_name_pkey", "Startup Cost": 0.0, "Total Cost": 0.26, "Plan Rows": 1, "Plan Width": 0, "Actual Min Startup Time": 2.746, "Actual Max Startup Time": 2.746, "Actual Min Total Time": 2.746, "Actual Max Total Time": 2.746, "Index Cond": "(id = mc.company_id)", "Actual Rows": 891}], "Actual Rows": 382}], "Actual Rows": 382}, {"Node Type": "Bitmap Heap Scan", "Parent Relationship": "Inner", "Relation Name": "title", "Alias": "t", "Startup Cost": 0.27, "Total Cost": 4.29, "Plan Rows": 1, "Plan Width": 21, "Actual Min Startup Time": 2.043, "Actual Max Startup Time": 2.043, "Actual Min Total Time": 2.043, "Actual Max Total Time": 2.043, "Recheck Cond": "(id = mc.movie_id)", "Rows Removed by Index Recheck": 0, "Filter": "(production_year > 1990)", "Rows Removed by Filter": 0, "Exact Heap Blocks": 382, "Lossy Heap Blocks": 382, "Plans": [{"Node Type": "Bitmap Index Scan", "Parent Relationship": "Outer", "Index Name": "title_pkey", "Startup Cost": 0.0, "Total Cost": 0.27, "Plan Rows": 1, "Plan Width": 0, "Actual Min Startup Time": 1.273, "Actual Max Startup Time": 1.273, "Actual Min Total Time": 1.273, "Actual Max Total Time": 1.273, "Index Cond": "(id = mc.movie_id)", "Actual Rows": 382}], "Actual Rows": 382}], "Actual Rows": 382}, {"Node Type": "Bitmap Heap Scan", "Parent Relationship": "Inner", "Relation Name": "movie_keyword", "Alias": "mk", "Startup Cost": 0.34, "Total Cost": 4.44, "Plan Rows": 8, "Plan Width": 8, "Actual Min Startup Time": 2.799, "Actual Max Startup Time": 2.799, "Actual Min Total Time": 3.364, "Actual Max Total Time": 3.364, "Recheck Cond": "(movie_id = mc.movie_id)", "Rows Removed by Index Recheck": 0, "Exact Heap Blocks": 276, "Lossy Heap Blocks": 276, "Plans": [{"Node Type": "Bitmap Index Scan", "Parent Relationship": "Outer", "Index Name": "movie_id_movie_keyword", "Startup Cost": 0.0, "Total Cost": 0.34, "Plan Rows": 8, "Plan Width": 0, "Actual Min Startup Time": 1.708, "Actual Max Startup Time": 1.708, "Actual Min Total Time": 1.708, "Actual Max Total Time": 1.708, "Index Cond": "(movie_id = mc.movie_id)", "Actual Rows": 4371}], "Actual Rows": 4371}], "Actual Rows": 4371}], "Actual Rows": 4371}, {"Node Type": "Sort", "Parent Relationship": "Inner", "Startup Cost": 13527.66, "Total Cost": 13863.08, "Plan Rows": 134169, "Plan Width": 4, "Actual Min Startup Time": 82.319, "Actual Max Startup Time": 82.319, "Actual Min Total Time": 98.923, "Actual Max Total Time": 98.923, "Sort Key": ["k.id"], "Sort Method": "quicksort", "Sort Space Min Used": 14530, "Sort Space Max Used": 14530, "Sort Space Type": "Memory", "Plans": [{"Node Type": "Seq Scan", "Parent Relationship": "Outer", "Relation Name": "keyword", "Alias": "k", "Startup Cost": 0.0, "Total Cost": 2100.69, "Plan Rows": 134169, "Plan Width": 4, "Actual Min Startup Time": 0.032, "Actual Max Startup Time": 0.032, "Actual Min Total Time": 34.673, "Actual Max Total Time": 34.673, "Actual Rows": 134169}], "Actual Rows": 133879}], "Actual Rows": 4371}], "Actual Rows": 1}, "Triggers": [], "Planner Runtime": 153, "Total Runtime": 424.735, "Unique SQL Id": 2302223328}}, "(16, 87)": {"explain_plan": {"Plan": {"Node Type": "Aggregate", "Strategy": "Plain", "Startup Cost": 190376.7, "Total Cost": 190376.71, "Plan Rows": 1, "Plan Width": 102, "Plans": [{"Node Type": "Merge Join", "Parent Relationship": "Outer", "Join Type": "Inner", "Startup Cost": 189566.75, "Total Cost": 190341.49, "Plan Rows": 7042, "Plan Width": 38, "Inner Unique": true, "Merge Cond": "(mk.keyword_id = k.id)", "Plans": [{"Node Type": "Sort", "Parent Relationship": "Outer", "Startup Cost": 175286.46, "Total Cost": 175304.06, "Plan Rows": 7042, "Plan Width": 42, "Sort Key": ["mk.keyword_id"], "Plans": [{"Node Type": "Nested Loop", "Parent Relationship": "Outer", "Join Type": "Inner", "Startup Cost": 166356.37, "Total Cost": 174836.41, "Plan Rows": 7042, "Plan Width": 42, "Inner Unique": false, "Join Filter": "(t.id = mk.movie_id)", "Plans": [{"Node Type": "Nested Loop", "Parent Relationship": "Outer", "Join Type": "Inner", "Startup Cost": 166356.03, "Total Cost": 170874.71, "Plan Rows": 873, "Plan Width": 54, "Inner Unique": false, "Join Filter": "(t.id = at.movie_id)", "Plans": [{"Node Type": "Nested Loop", "Parent Relationship": "Outer", "Join Type": "Inner", "Startup Cost": 166355.76, "Total Cost": 168795.6, "Plan Rows": 478, "Plan Width": 29, "Inner Unique": true, "Plans": [{"Node Type": "Merge Join", "Parent Relationship": "Outer", "Join Type": "Inner", "Startup Cost": 166355.5, "Total Cost": 166362.65, "Plan Rows": 568, "Plan Width": 33, "Inner Unique": false, "Merge Cond": "(ct.id = mc.company_type_id)", "Plans": [{"Node Type": "Sort", "Parent Relationship": "Outer", "Startup Cost": 12.32, "Total Cost": 12.33, "Plan Rows": 3, "Plan Width": 4, "Sort Key": ["ct.id"], "Plans": [{"Node Type": "Bitmap Heap Scan", "Parent Relationship": "Outer", "Relation Name": "company_type", "Alias": "ct", "Startup Cost": 8.27, "Total Cost": 12.3, "Plan Rows": 3, "Plan Width": 4, "Plans": [{"Node Type": "Bitmap Index Scan", "Parent Relationship": "Outer", "Index Name": "company_type_pkey", "Startup Cost": 0.0, "Total Cost": 8.27, "Plan Rows": 3, "Plan Width": 0}]}]}, {"Node Type": "Sort", "Parent Relationship": "Inner", "Startup Cost": 166341.79, "Total Cost": 166343.21, "Plan Rows": 568, "Plan Width": 37, "Sort Key": ["mc.company_type_id"], "Plans": [{"Node Type": "Nested Loop", "Parent Relationship": "Outer", "Join Type": "Inner", "Startup Cost": 4853.18, "Total Cost": 166315.81, "Plan Rows": 568, "Plan Width": 37, "Inner Unique": false, "Plans": [{"Node Type": "Nested Loop", "Parent Relationship": "Outer", "Join Type": "Inner", "Startup Cost": 4852.89, "Total Cost": 165163.39, "Plan Rows": 266, "Plan Width": 25, "Inner Unique": true, "Plans": [{"Node Type": "Nested Loop", "Parent Relationship": "Outer", "Join Type": "Inner", "Startup Cost": 4850.32, "Total Cost": 163895.89, "Plan Rows": 192, "Plan Width": 4, "Inner Unique": false, "Plans": [{"Node Type": "Bitmap Heap Scan", "Parent Relationship": "Outer", "Relation Name": "info_type", "Alias": "it1", "Startup Cost": 8.81, "Total Cost": 14.21, "Plan Rows": 1, "Plan Width": 4, "Filter": "((info)::text = 'release dates'::text)", "Plans": [{"Node Type": "Bitmap Index Scan", "Parent Relationship": "Outer", "Index Name": "info_type_pkey", "Startup Cost": 0.0, "Total Cost": 8.81, "Plan Rows": 112, "Plan Width": 0}]}, {"Node Type": "Bitmap Heap Scan", "Parent Relationship": "Inner", "Relation Name": "movie_info", "Alias": "mi", "Startup Cost": 4841.51, "Total Cost": 163879.76, "Plan Rows": 192, "Plan Width": 8, "Recheck Cond": "(info_type_id = it1.id)", "Filter": "((note)::text ~~ '%internet%'::text)", "Plans": [{"Node Type": "Bitmap Index Scan", "Parent Relationship": "Outer", "Index Name": "info_type_id_movie_info", "Startup Cost": 0.0, "Total Cost": 4841.46, "Plan Rows": 212428, "Plan Width": 0, "Index Cond": "(info_type_id = it1.id)"}]}]}, {"Node Type": "Bitmap Heap Scan", "Parent Relationship": "Inner", "Relation Name": "title", "Alias": "t", "Startup Cost": 2.58, "Total Cost": 6.59, "Plan Rows": 1, "Plan Width": 21, "Recheck Cond": "(id = mi.movie_id)", "Filter": "(production_year > 1990)", "Plans": [{"Node Type": "Bitmap Index Scan", "Parent Relationship": "Outer", "Index Name": "title_pkey", "Startup Cost": 0.0, "Total Cost": 2.58, "Plan Rows": 1, "Plan Width": 0, "Index Cond": "(id = mi.movie_id)"}]}]}, {"Node Type": "Bitmap Heap Scan", "Parent Relationship": "Inner", "Relation Name": "movie_companies", "Alias": "mc", "Startup Cost": 0.29, "Total Cost": 4.31, "Plan Rows": 2, "Plan Width": 12, "Recheck Cond": "(movie_id = t.id)", "Plans": [{"Node Type": "Bitmap Index Scan", "Parent Relationship": "Outer", "Index Name": "movie_id_movie_companies", "Startup Cost": 0.0, "Total Cost": 0.29, "Plan Rows": 2, "Plan Width": 0, "Index Cond": "(movie_id = t.id)"}]}]}]}]}, {"Node Type": "Bitmap Heap Scan", "Parent Relationship": "Inner", "Relation Name": "company_name", "Alias": "cn", "Startup Cost": 0.26, "Total Cost": 4.27, "Plan Rows": 1, "Plan Width": 4, "Recheck Cond": "(id = mc.company_id)", "Filter": "((country_code)::text = '[us]'::text)", "Plans": [{"Node Type": "Bitmap Index Scan", "Parent Relationship": "Outer", "Index Name": "company_name_pkey", "Startup Cost": 0.0, "Total Cost": 0.26, "Plan Rows": 1, "Plan Width": 0, "Index Cond": "(id = mc.company_id)"}]}]}, {"Node Type": "Bitmap Heap Scan", "Parent Relationship": "Inner", "Relation Name": "aka_title", "Alias": "at", "Startup Cost": 0.27, "Total Cost": 4.31, "Plan Rows": 3, "Plan Width": 25, "Recheck Cond": "(movie_id = mc.movie_id)", "Plans": [{"Node Type": "Bitmap Index Scan", "Parent Relationship": "Outer", "Index Name": "movie_id_aka_title", "Startup Cost": 0.0, "Total Cost": 0.27, "Plan Rows": 3, "Plan Width": 0, "Index Cond": "(movie_id = mc.movie_id)"}]}]}, {"Node Type": "Bitmap Heap Scan", "Parent Relationship": "Inner", "Relation Name": "movie_keyword", "Alias": "mk", "Startup Cost": 0.34, "Total Cost": 4.44, "Plan Rows": 8, "Plan Width": 8, "Recheck Cond": "(movie_id = mc.movie_id)", "Plans": [{"Node Type": "Bitmap Index Scan", "Parent Relationship": "Outer", "Index Name": "movie_id_movie_keyword", "Startup Cost": 0.0, "Total Cost": 0.34, "Plan Rows": 8, "Plan Width": 0, "Index Cond": "(movie_id = mc.movie_id)"}]}]}]}, {"Node Type": "Sort", "Parent Relationship": "Inner", "Startup Cost": 14280.29, "Total Cost": 14615.72, "Plan Rows": 134169, "Plan Width": 4, "Sort Key": ["k.id"], "Plans": [{"Node Type": "Bitmap Heap Scan", "Parent Relationship": "Outer", "Relation Name": "keyword", "Alias": "k", "Startup Cost": 752.64, "Total Cost": 2853.33, "Plan Rows": 134169, "Plan Width": 4, "Plans": [{"Node Type": "Bitmap Index Scan", "Parent Relationship": "Outer", "Index Name": "keyword_pkey", "Startup Cost": 0.0, "Total Cost": 719.1, "Plan Rows": 134169, "Plan Width": 0}]}]}]}]}, "Unique SQL Id": 2302223328, "Planner Runtime": 138}, "explain_analyze_plan": null}, "(16, 88)": {"explain_plan": {"Plan": {"Node Type": "Aggregate", "Strategy": "Plain", "Startup Cost": 43137.86, "Total Cost": 43137.87, "Plan Rows": 1, "Plan Width": 102, "Plans": [{"Node Type": "Nested Loop", "Parent Relationship": "Outer", "Join Type": "Inner", "Startup Cost": 0.0, "Total Cost": 43102.99, "Plan Rows": 6974, "Plan Width": 38, "Inner Unique": false, "Join Filter": "(t.id = at.movie_id)", "Plans": [{"Node Type": "Nested Loop", "Parent Relationship": "Outer", "Join Type": "Inner", "Startup Cost": 0.0, "Total Cost": 42304.37, "Plan Rows": 2257, "Plan Width": 33, "Inner Unique": true, "Plans": [{"Node Type": "Nested Loop", "Parent Relationship": "Outer", "Join Type": "Inner", "Startup Cost": 0.0, "Total Cost": 41672.38, "Plan Rows": 2257, "Plan Width": 37, "Inner Unique": false, "Join Filter": "(t.id = mk.movie_id)", "Plans": [{"Node Type": "Nested Loop", "Parent Relationship": "Outer", "Join Type": "Inner", "Startup Cost": 0.0, "Total Cost": 41516.04, "Plan Rows": 278, "Plan Width": 29, "Inner Unique": true, "Plans": [{"Node Type": "Nested Loop", "Parent Relationship": "Outer", "Join Type": "Inner", "Startup Cost": 0.0, "Total Cost": 41382.19, "Plan Rows": 478, "Plan Width": 33, "Inner Unique": true, "Plans": [{"Node Type": "Nested Loop", "Parent Relationship": "Outer", "Join Type": "Inner", "Startup Cost": 0.0, "Total Cost": 41218.8, "Plan Rows": 568, "Plan Width": 37, "Inner Unique": false, "Plans": [{"Node Type": "Nested Loop", "Parent Relationship": "Outer", "Join Type": "Inner", "Startup Cost": 0.0, "Total Cost": 41120.95, "Plan Rows": 266, "Plan Width": 25, "Inner Unique": true, "Plans": [{"Node Type": "Nested Loop", "Parent Relationship": "Outer", "Join Type": "Inner", "Startup Cost": 0.0, "Total Cost": 39977.64, "Plan Rows": 192, "Plan Width": 4, "Inner Unique": true, "Plans": [{"Node Type": "Streaming(type: LOCAL GATHER dop: 1/16)", "Parent Relationship": "Outer", "Startup Cost": 0.0, "Total Cost": 36174.77, "Plan Rows": 13419, "Plan Width": 8, "Plans": [{"Node Type": "Seq Scan", "Parent Relationship": "Outer", "Relation Name": "movie_info", "Alias": "mi", "Startup Cost": 0.0, "Total Cost": 35885.16, "Plan Rows": 13419, "Plan Width": 8, "Filter": "((note)::text ~~ '%internet%'::text)"}]}, {"Node Type": "Index Scan", "Parent Relationship": "Inner", "Scan Direction": "Forward", "Index Name": "info_type_pkey", "Relation Name": "info_type", "Alias": "it1", "Startup Cost": 0.0, "Total Cost": 0.27, "Plan Rows": 1, "Plan Width": 4, "Index Cond": "(id = mi.info_type_id)", "Filter": "((info)::text = 'release dates'::text)"}]}, {"Node Type": "Index Scan", "Parent Relationship": "Inner", "Scan Direction": "Forward", "Index Name": "title_pkey", "Relation Name": "title", "Alias": "t", "Startup Cost": 0.0, "Total Cost": 5.94, "Plan Rows": 1, "Plan Width": 21, "Index Cond": "(id = mi.movie_id)", "Filter": "(production_year > 1990)"}]}, {"Node Type": "Index Scan", "Parent Relationship": "Inner", "Scan Direction": "Forward", "Index Name": "movie_id_movie_companies", "Relation Name": "movie_companies", "Alias": "mc", "Startup Cost": 0.0, "Total Cost": 0.35, "Plan Rows": 2, "Plan Width": 12, "Index Cond": "(movie_id = t.id)"}]}, {"Node Type": "Index Scan", "Parent Relationship": "Inner", "Scan Direction": "Forward", "Index Name": "company_name_pkey", "Relation Name": "company_name", "Alias": "cn", "Startup Cost": 0.0, "Total Cost": 0.28, "Plan Rows": 1, "Plan Width": 4, "Index Cond": "(id = mc.company_id)", "Filter": "((country_code)::text = '[us]'::text)"}]}, {"Node Type": "Index Only Scan", "Parent Relationship": "Inner", "Scan Direction": "Forward", "Index Name": "company_type_pkey", "Relation Name": "company_type", "Alias": "ct", "Startup Cost": 0.0, "Total Cost": 0.27, "Plan Rows": 1, "Plan Width": 4, "Index Cond": "(id = mc.company_type_id)"}]}, {"Node Type": "Index Scan", "Parent Relationship": "Inner", "Scan Direction": "Forward", "Index Name": "movie_id_movie_keyword", "Relation Name": "movie_keyword", "Alias": "mk", "Startup Cost": 0.0, "Total Cost": 0.46, "Plan Rows": 8, "Plan Width": 8, "Index Cond": "(movie_id = mc.movie_id)"}]}, {"Node Type": "Index Only Scan", "Parent Relationship": "Inner", "Scan Direction": "Forward", "Index Name": "keyword_pkey", "Relation Name": "keyword", "Alias": "k", "Startup Cost": 0.0, "Total Cost": 0.27, "Plan Rows": 1, "Plan Width": 4, "Index Cond": "(id = mk.keyword_id)"}]}, {"Node Type": "Index Scan", "Parent Relationship": "Inner", "Scan Direction": "Forward", "Index Name": "movie_id_aka_title", "Relation Name": "aka_title", "Alias": "at", "Startup Cost": 0.0, "Total Cost": 0.32, "Plan Rows": 3, "Plan Width": 25, "Index Cond": "(movie_id = mk.movie_id)"}]}]}, "Unique SQL Id": 2302223328, "Planner Runtime": 138}, "explain_analyze_plan": {"Plan": {"Node Type": "Aggregate", "Strategy": "Plain", "Startup Cost": 43137.86, "Total Cost": 43137.87, "Plan Rows": 1, "Plan Width": 102, "Actual Min Startup Time": 583.121, "Actual Max Startup Time": 583.121, "Actual Min Total Time": 583.122, "Actual Max Total Time": 583.122, "Plans": [{"Node Type": "Nested Loop", "Parent Relationship": "Outer", "Join Type": "Inner", "Startup Cost": 0.0, "Total Cost": 43102.99, "Plan Rows": 6974, "Plan Width": 38, "Actual Min Startup Time": 96.442, "Actual Max Startup Time": 96.442, "Actual Min Total Time": 580.204, "Actual Max Total Time": 580.204, "Inner Unique": false, "Join Filter": "(t.id = at.movie_id)", "Rows Removed by Join Filter": 0, "Plans": [{"Node Type": "Nested Loop", "Parent Relationship": "Outer", "Join Type": "Inner", "Startup Cost": 0.0, "Total Cost": 42304.37, "Plan Rows": 2257, "Plan Width": 33, "Actual Min Startup Time": 93.224, "Actual Max Startup Time": 93.224, "Actual Min Total Time": 537.157, "Actual Max Total Time": 537.157, "Inner Unique": true, "Plans": [{"Node Type": "Nested Loop", "Parent Relationship": "Outer", "Join Type": "Inner", "Startup Cost": 0.0, "Total Cost": 41672.38, "Plan Rows": 2257, "Plan Width": 37, "Actual Min Startup Time": 93.214, "Actual Max Startup Time": 93.214, "Actual Min Total Time": 489.536, "Actual Max Total Time": 489.536, "Inner Unique": false, "Join Filter": "(t.id = mk.movie_id)", "Rows Removed by Join Filter": 0, "Plans": [{"Node Type": "Nested Loop", "Parent Relationship": "Outer", "Join Type": "Inner", "Startup Cost": 0.0, "Total Cost": 41516.04, "Plan Rows": 278, "Plan Width": 29, "Actual Min Startup Time": 93.161, "Actual Max Startup Time": 93.161, "Actual Min Total Time": 451.913, "Actual Max Total Time": 451.913, "Inner Unique": true, "Plans": [{"Node Type": "Nested Loop", "Parent Relationship": "Outer", "Join Type": "Inner", "Startup Cost": 0.0, "Total Cost": 41382.19, "Plan Rows": 478, "Plan Width": 33, "Actual Min Startup Time": 93.149, "Actual Max Startup Time": 93.149, "Actual Min Total Time": 436.45, "Actual Max Total Time": 436.45, "Inner Unique": true, "Plans": [{"Node Type": "Nested Loop", "Parent Relationship": "Outer", "Join Type": "Inner", "Startup Cost": 0.0, "Total Cost": 41218.8, "Plan Rows": 568, "Plan Width": 37, "Actual Min Startup Time": 93.097, "Actual Max Startup Time": 93.097, "Actual Min Total Time": 363.703, "Actual Max Total Time": 363.703, "Inner Unique": false, "Plans": [{"Node Type": "Nested Loop", "Parent Relationship": "Outer", "Join Type": "Inner", "Startup Cost": 0.0, "Total Cost": 41120.95, "Plan Rows": 266, "Plan Width": 25, "Actual Min Startup Time": 93.083, "Actual Max Startup Time": 93.083, "Actual Min Total Time": 300.624, "Actual Max Total Time": 300.624, "Inner Unique": true, "Plans": [{"Node Type": "Nested Loop", "Parent Relationship": "Outer", "Join Type": "Inner", "Startup Cost": 0.0, "Total Cost": 39977.64, "Plan Rows": 192, "Plan Width": 4, "Actual Min Startup Time": 93.064, "Actual Max Startup Time": 93.064, "Actual Min Total Time": 240.18, "Actual Max Total Time": 240.18, "Inner Unique": true, "Plans": [{"Node Type": "Streaming(type: LOCAL GATHER dop: 1/16)", "Parent Relationship": "Outer", "Startup Cost": 0.0, "Total Cost": 36174.77, "Plan Rows": 13419, "Plan Width": 8, "Actual Min Startup Time": 92.979, "Actual Max Startup Time": 92.979, "Actual Min Total Time": 210.242, "Actual Max Total Time": 210.242, "Plans": [{"Node Type": "Seq Scan", "Parent Relationship": "Outer", "Relation Name": "movie_info", "Alias": "mi", "Startup Cost": 0.0, "Total Cost": 35885.16, "Plan Rows": 13419, "Plan Width": 8, "Actual Min Startup Time": 6.896, "Actual Max Startup Time": 73.185, "Actual Min Total Time": 247.374, "Actual Max Total Time": 275.977, "Filter": "((note)::text ~~ '%internet%'::text)", "Rows Removed by Filter": 14824909, "Actual Rows": 10810}], "Actual Rows": 10810}, {"Node Type": "Index Scan", "Parent Relationship": "Inner", "Scan Direction": "Forward", "Index Name": "info_type_pkey", "Relation Name": "info_type", "Alias": "it1", "Startup Cost": 0.0, "Total Cost": 0.27, "Plan Rows": 1, "Plan Width": 4, "Actual Min Startup Time": 20.211, "Actual Max Startup Time": 20.211, "Actual Min Total Time": 20.211, "Actual Max Total Time": 20.211, "Index Cond": "(id = mi.info_type_id)", "Rows Removed by Index Recheck": 0, "Filter": "((info)::text = 'release dates'::text)", "Rows Removed by Filter": 131, "Actual Rows": 10679}], "Actual Rows": 10679}, {"Node Type": "Index Scan", "Parent Relationship": "Inner", "Scan Direction": "Forward", "Index Name": "title_pkey", "Relation Name": "title", "Alias": "t", "Startup Cost": 0.0, "Total Cost": 5.94, "Plan Rows": 1, "Plan Width": 21, "Actual Min Startup Time": 50.294, "Actual Max Startup Time": 50.294, "Actual Min Total Time": 50.294, "Actual Max Total Time": 50.294, "Index Cond": "(id = mi.movie_id)", "Rows Removed by Index Recheck": 0, "Filter": "(production_year > 1990)", "Rows Removed by Filter": 17, "Actual Rows": 10662}], "Actual Rows": 10662}, {"Node Type": "Index Scan", "Parent Relationship": "Inner", "Scan Direction": "Forward", "Index Name": "movie_id_movie_companies", "Relation Name": "movie_companies", "Alias": "mc", "Startup Cost": 0.0, "Total Cost": 0.35, "Plan Rows": 2, "Plan Width": 12, "Actual Min Startup Time": 43.303, "Actual Max Startup Time": 43.303, "Actual Min Total Time": 53.81, "Actual Max Total Time": 53.81, "Index Cond": "(movie_id = t.id)", "Rows Removed by Index Recheck": 0, "Actual Rows": 14377}], "Actual Rows": 14377}, {"Node Type": "Index Scan", "Parent Relationship": "Inner", "Scan Direction": "Forward", "Index Name": "company_name_pkey", "Relation Name": "company_name", "Alias": "cn", "Startup Cost": 0.0, "Total Cost": 0.28, "Plan Rows": 1, "Plan Width": 4, "Actual Min Startup Time": 61.754, "Actual Max Startup Time": 61.754, "Actual Min Total Time": 61.754, "Actual Max Total Time": 61.754, "Index Cond": "(id = mc.company_id)", "Rows Removed by Index Recheck": 0, "Filter": "((country_code)::text = '[us]'::text)", "Rows Removed by Filter": 4520, "Actual Rows": 9857}], "Actual Rows": 9857}, {"Node Type": "Index Only Scan", "Parent Relationship": "Inner", "Scan Direction": "Forward", "Index Name": "company_type_pkey", "Relation Name": "company_type", "Alias": "ct", "Startup Cost": 0.0, "Total Cost": 0.27, "Plan Rows": 1, "Plan Width": 4, "Actual Min Startup Time": 8.42, "Actual Max Startup Time": 8.42, "Actual Min Total Time": 8.42, "Actual Max Total Time": 8.42, "Index Cond": "(id = mc.company_type_id)", "Rows Removed by Index Recheck": 0, "Heap Fetches": 0, "Actual Rows": 5914}], "Actual Rows": 5914}, {"Node Type": "Index Scan", "Parent Relationship": "Inner", "Scan Direction": "Forward", "Index Name": "movie_id_movie_keyword", "Relation Name": "movie_keyword", "Alias": "mk", "Startup Cost": 0.0, "Total Cost": 0.46, "Plan Rows": 8, "Plan Width": 8, "Actual Min Startup Time": 22.73, "Actual Max Startup Time": 22.73, "Actual Min Total Time": 28.91, "Actual Max Total Time": 28.91, "Index Cond": "(movie_id = mc.movie_id)", "Rows Removed by Index Recheck": 0, "Actual Rows": 14161}], "Actual Rows": 14161}, {"Node Type": "Index Only Scan", "Parent Relationship": "Inner", "Scan Direction": "Forward", "Index Name": "keyword_pkey", "Relation Name": "keyword", "Alias": "k", "Startup Cost": 0.0, "Total Cost": 0.27, "Plan Rows": 1, "Plan Width": 4, "Actual Min Startup Time": 37.492, "Actual Max Startup Time": 37.492, "Actual Min Total Time": 37.492, "Actual Max Total Time": 37.492, "Index Cond": "(id = mk.keyword_id)", "Rows Removed by Index Recheck": 0, "Heap Fetches": 0, "Actual Rows": 14161}], "Actual Rows": 14161}, {"Node Type": "Index Scan", "Parent Relationship": "Inner", "Scan Direction": "Forward", "Index Name": "movie_id_aka_title", "Relation Name": "aka_title", "Alias": "at", "Startup Cost": 0.0, "Total Cost": 0.32, "Plan Rows": 3, "Plan Width": 25, "Actual Min Startup Time": 31.71, "Actual Max Startup Time": 31.71, "Actual Min Total Time": 33.902, "Actual Max Total Time": 33.902, "Index Cond": "(movie_id = mk.movie_id)", "Rows Removed by Index Recheck": 0, "Actual Rows": 4371}], "Actual Rows": 4371}], "Actual Rows": 1}, "Triggers": [], "Planner Runtime": 138, "Total Runtime": 586.187, "Unique SQL Id": 2302223328}}, "(16, 89)": {"explain_plan": {"Plan": {"Node Type": "Aggregate", "Strategy": "Plain", "Startup Cost": 498859.86, "Total Cost": 498859.87, "Plan Rows": 1, "Plan Width": 102, "Plans": [{"Node Type": "Nested Loop", "Parent Relationship": "Outer", "Join Type": "Inner", "Startup Cost": 0.0, "Total Cost": 498824.99, "Plan Rows": 6974, "Plan Width": 38, "Inner Unique": false, "Join Filter": "(t.id = at.movie_id)", "Plans": [{"Node Type": "Nested Loop", "Parent Relationship": "Outer", "Join Type": "Inner", "Startup Cost": 0.0, "Total Cost": 498026.38, "Plan Rows": 2257, "Plan Width": 33, "Inner Unique": true, "Plans": [{"Node Type": "Nested Loop", "Parent Relationship": "Outer", "Join Type": "Inner", "Startup Cost": 0.0, "Total Cost": 497394.39, "Plan Rows": 2257, "Plan Width": 37, "Inner Unique": false, "Join Filter": "(t.id = mk.movie_id)", "Plans": [{"Node Type": "Nested Loop", "Parent Relationship": "Outer", "Join Type": "Inner", "Startup Cost": 0.0, "Total Cost": 497238.04, "Plan Rows": 278, "Plan Width": 29, "Inner Unique": true, "Plans": [{"Node Type": "Nested Loop", "Parent Relationship": "Outer", "Join Type": "Inner", "Startup Cost": 0.0, "Total Cost": 497104.2, "Plan Rows": 478, "Plan Width": 33, "Inner Unique": true, "Plans": [{"Node Type": "Nested Loop", "Parent Relationship": "Outer", "Join Type": "Inner", "Startup Cost": 0.0, "Total Cost": 496940.81, "Plan Rows": 568, "Plan Width": 37, "Inner Unique": false, "Plans": [{"Node Type": "Nested Loop", "Parent Relationship": "Outer", "Join Type": "Inner", "Startup Cost": 0.0, "Total Cost": 496842.96, "Plan Rows": 266, "Plan Width": 25, "Inner Unique": true, "Plans": [{"Node Type": "Nested Loop", "Parent Relationship": "Outer", "Join Type": "Inner", "Startup Cost": 0.0, "Total Cost": 495699.65, "Plan Rows": 192, "Plan Width": 4, "Inner Unique": false, "Plans": [{"Node Type": "Index Scan", "Parent Relationship": "Outer", "Scan Direction": "Forward", "Index Name": "info_type_pkey", "Relation Name": "info_type", "Alias": "it1", "Startup Cost": 0.0, "Total Cost": 14.21, "Plan Rows": 1, "Plan Width": 4, "Filter": "((info)::text = 'release dates'::text)"}, {"Node Type": "Index Scan", "Parent Relationship": "Inner", "Scan Direction": "Forward", "Index Name": "info_type_id_movie_info", "Relation Name": "movie_info", "Alias": "mi", "Startup Cost": 0.0, "Total Cost": 495683.52, "Plan Rows": 192, "Plan Width": 8, "Index Cond": "(info_type_id = it1.id)", "Filter": "((note)::text ~~ '%internet%'::text)"}]}, {"Node Type": "Index Scan", "Parent Relationship": "Inner", "Scan Direction": "Forward", "Index Name": "title_pkey", "Relation Name": "title", "Alias": "t", "Startup Cost": 0.0, "Total Cost": 5.94, "Plan Rows": 1, "Plan Width": 21, "Index Cond": "(id = mi.movie_id)", "Filter": "(production_year > 1990)"}]}, {"Node Type": "Index Scan", "Parent Relationship": "Inner", "Scan Direction": "Forward", "Index Name": "movie_id_movie_companies", "Relation Name": "movie_companies", "Alias": "mc", "Startup Cost": 0.0, "Total Cost": 0.35, "Plan Rows": 2, "Plan Width": 12, "Index Cond": "(movie_id = t.id)"}]}, {"Node Type": "Index Scan", "Parent Relationship": "Inner", "Scan Direction": "Forward", "Index Name": "company_name_pkey", "Relation Name": "company_name", "Alias": "cn", "Startup Cost": 0.0, "Total Cost": 0.28, "Plan Rows": 1, "Plan Width": 4, "Index Cond": "(id = mc.company_id)", "Filter": "((country_code)::text = '[us]'::text)"}]}, {"Node Type": "Index Only Scan", "Parent Relationship": "Inner", "Scan Direction": "Forward", "Index Name": "company_type_pkey", "Relation Name": "company_type", "Alias": "ct", "Startup Cost": 0.0, "Total Cost": 0.27, "Plan Rows": 1, "Plan Width": 4, "Index Cond": "(id = mc.company_type_id)"}]}, {"Node Type": "Index Scan", "Parent Relationship": "Inner", "Scan Direction": "Forward", "Index Name": "movie_id_movie_keyword", "Relation Name": "movie_keyword", "Alias": "mk", "Startup Cost": 0.0, "Total Cost": 0.46, "Plan Rows": 8, "Plan Width": 8, "Index Cond": "(movie_id = mc.movie_id)"}]}, {"Node Type": "Index Only Scan", "Parent Relationship": "Inner", "Scan Direction": "Forward", "Index Name": "keyword_pkey", "Relation Name": "keyword", "Alias": "k", "Startup Cost": 0.0, "Total Cost": 0.27, "Plan Rows": 1, "Plan Width": 4, "Index Cond": "(id = mk.keyword_id)"}]}, {"Node Type": "Index Scan", "Parent Relationship": "Inner", "Scan Direction": "Forward", "Index Name": "movie_id_aka_title", "Relation Name": "aka_title", "Alias": "at", "Startup Cost": 0.0, "Total Cost": 0.32, "Plan Rows": 3, "Plan Width": 25, "Index Cond": "(movie_id = mk.movie_id)"}]}]}, "Unique SQL Id": 2302223328, "Planner Runtime": 132}, "explain_analyze_plan": null}, "(16, 90)": {"explain_plan": {"Plan": {"Node Type": "Aggregate", "Strategy": "Plain", "Startup Cost": 3098390320990.86, "Total Cost": 3098390320990.87, "Plan Rows": 1, "Plan Width": 102, "Plans": [{"Node Type": "Merge Join", "Parent Relationship": "Outer", "Join Type": "Inner", "Startup Cost": 2109392548780.85, "Total Cost": 3098390320955.65, "Plan Rows": 7042, "Plan Width": 38, "Inner Unique": true, "Merge Cond": "(at.movie_id = t.id)", "Plans": [{"Node Type": "Merge Join", "Parent Relationship": "Outer", "Join Type": "Inner", "Startup Cost": 2099392548780.48, "Total Cost": 2099392550637.33, "Plan Rows": 5083, "Plan Width": 37, "Inner Unique": false, "Merge Cond": "(mi.movie_id = at.movie_id)", "Plans": [{"Node Type": "Sort", "Parent Relationship": "Outer", "Startup Cost": 2099392505515.33, "Total Cost": 2099392505519.4, "Plan Rows": 1629, "Plan Width": 12, "Sort Key": ["mc.movie_id"], "Plans": [{"Node Type": "Merge Join", "Parent Relationship": "Outer", "Join Type": "Inner", "Startup Cost": 2099392504733.49, "Total Cost": 2099392505428.42, "Plan Rows": 1629, "Plan Width": 12, "Inner Unique": true, "Merge Cond": "(mk.keyword_id = k.id)", "Plans": [{"Node Type": "Sort", "Parent Relationship": "Outer", "Startup Cost": 2099392491205.83, "Total Cost": 2099392491209.9, "Plan Rows": 1629, "Plan Width": 16, "Sort Key": ["mk.keyword_id"], "Plans": [{"Node Type": "Merge Join", "Parent Relationship": "Outer", "Join Type": "Inner", "Startup Cost": 2099392490637.28, "Total Cost": 2099392491118.92, "Plan Rows": 1629, "Plan Width": 16, "Inner Unique": true, "Merge Cond": "(mc.company_id = cn.id)", "Plans": [{"Node Type": "Sort", "Parent Relationship": "Outer", "Startup Cost": 2099392477758.8, "Total Cost": 2099392477767.11, "Plan Rows": 3323, "Plan Width": 20, "Sort Key": ["mc.company_id"], "Plans": [{"Node Type": "Merge Join", "Parent Relationship": "Outer", "Join Type": "Inner", "Startup Cost": 2099392477506.11, "Total Cost": 2099392477564.44, "Plan Rows": 3323, "Plan Width": 20, "Inner Unique": true, "Merge Cond": "(mc.company_type_id = ct.id)", "Plans": [{"Node Type": "Sort", "Parent Relationship": "Outer", "Startup Cost": 2099392477496.92, "Total Cost": 2099392477505.23, "Plan Rows": 3323, "Plan Width": 24, "Sort Key": ["mc.company_type_id"], "Plans": [{"Node Type": "Merge Join", "Parent Relationship": "Outer", "Join Type": "Inner", "Startup Cost": 120015920583.26, "Total Cost": 2099392477302.56, "Plan Rows": 3323, "Plan Width": 24, "Inner Unique": false, "Merge Cond": "(mi.movie_id = mc.movie_id)", "Plans": [{"Node Type": "Merge Join", "Parent Relationship": "Outer", "Join Type": "Inner", "Startup Cost": 110000363456.36, "Total Cost": 1100015675423.69, "Plan Rows": 1556, "Plan Width": 12, "Inner Unique": false, "Merge Cond": "(mk.movie_id = mi.movie_id)", "Plans": [{"Node Type": "Index Scan", "Parent Relationship": "Outer", "Scan Direction": "Forward", "Index Name": "movie_id_movie_keyword", "Relation Name": "movie_keyword", "Alias": "mk", "Startup Cost": 10000000000.0, "Total Cost": 1000015300634.17, "Plan Rows": 4523929, "Plan Width": 8}, {"Node Type": "Sort", "Parent Relationship": "Inner", "Startup Cost": 100000363456.36, "Total Cost": 100000363456.84, "Plan Rows": 192, "Plan Width": 4, "Sort Key": ["mi.movie_id"], "Plans": [{"Node Type": "Nested Loop", "Parent Relationship": "Outer", "Join Type": "Inner", "Startup Cost": 10000000000.0, "Total Cost": 100000363449.08, "Plan Rows": 192, "Plan Width": 4, "Inner Unique": false, "Join Filter": "(it1.id = mi.info_type_id)", "Plans": [{"Node Type": "Seq Scan", "Parent Relationship": "Outer", "Relation Name": "info_type", "Alias": "it1", "Startup Cost": 0.0, "Total Cost": 2.4, "Plan Rows": 1, "Plan Width": 4, "Filter": "((info)::text = 'release dates'::text)"}, {"Node Type": "Materialize", "Parent Relationship": "Inner", "Startup Cost": 0.0, "Total Cost": 36208.32, "Plan Rows": 13419, "Plan Width": 8, "Plans": [{"Node Type": "Streaming(type: LOCAL GATHER dop: 1/16)", "Parent Relationship": "Outer", "Startup Cost": 0.0, "Total Cost": 36174.77, "Plan Rows": 13419, "Plan Width": 8, "Plans": [{"Node Type": "Seq Scan", "Parent Relationship": "Outer", "Relation Name": "movie_info", "Alias": "mi", "Startup Cost": 0.0, "Total Cost": 35885.16, "Plan Rows": 13419, "Plan Width": 8, "Filter": "((note)::text ~~ '%internet%'::text)"}]}]}]}]}]}, {"Node Type": "Index Scan", "Parent Relationship": "Inner", "Scan Direction": "Forward", "Index Name": "movie_id_movie_companies", "Relation Name": "movie_companies", "Alias": "mc", "Startup Cost": 10000000000.0, "Total Cost": 1000013051946.13, "Plan Rows": 2609128, "Plan Width": 12}]}]}, {"Node Type": "Sort", "Parent Relationship": "Inner", "Startup Cost": 1.05, "Total Cost": 1.06, "Plan Rows": 3, "Plan Width": 4, "Sort Key": ["ct.id"], "Plans": [{"Node Type": "Seq Scan", "Parent Relationship": "Outer", "Relation Name": "company_type", "Alias": "ct", "Startup Cost": 0.0, "Total Cost": 1.03, "Plan Rows": 3, "Plan Width": 4}]}]}]}, {"Node Type": "Sort", "Parent Relationship": "Inner", "Startup Cost": 12878.05, "Total Cost": 13090.97, "Plan Rows": 85170, "Plan Width": 4, "Sort Key": ["cn.id"], "Plans": [{"Node Type": "Seq Scan", "Parent Relationship": "Outer", "Relation Name": "company_name", "Alias": "cn", "Startup Cost": 0.0, "Total Cost": 5903.45, "Plan Rows": 85170, "Plan Width": 4, "Filter": "((country_code)::text = '[us]'::text)"}]}]}]}, {"Node Type": "Sort", "Parent Relationship": "Inner", "Startup Cost": 13527.66, "Total Cost": 13863.08, "Plan Rows": 134169, "Plan Width": 4, "Sort Key": ["k.id"], "Plans": [{"Node Type": "Seq Scan", "Parent Relationship": "Outer", "Relation Name": "keyword", "Alias": "k", "Startup Cost": 0.0, "Total Cost": 2100.69, "Plan Rows": 134169, "Plan Width": 4}]}]}]}, {"Node Type": "Sort", "Parent Relationship": "Inner", "Startup Cost": 43264.85, "Total Cost": 44168.52, "Plan Rows": 361471, "Plan Width": 25, "Sort Key": ["at.movie_id"], "Plans": [{"Node Type": "Seq Scan", "Parent Relationship": "Outer", "Relation Name": "aka_title", "Alias": "at", "Startup Cost": 0.0, "Total Cost": 9894.71, "Plan Rows": 361471, "Plan Width": 25}]}]}, {"Node Type": "Index Scan", "Parent Relationship": "Inner", "Scan Direction": "Forward", "Index Name": "title_pkey", "Relation Name": "title", "Alias": "t", "Startup Cost": 10000000000.0, "Total Cost": 1000011644126.66, "Plan Rows": 1748840, "Plan Width": 21, "Filter": "(production_year > 1990), (LLVM Optimized)"}]}]}, "Unique SQL Id": 2302223328, "Planner Runtime": 450}, "explain_analyze_plan": null}, "(16, 91)": {"explain_plan": {"Plan": {"Node Type": "Aggregate", "Strategy": "Plain", "Startup Cost": 8997317402205.57, "Total Cost": 8997317402205.58, "Plan Rows": 1, "Plan Width": 102, "Plans": [{"Node Type": "Merge Join", "Parent Relationship": "Outer", "Join Type": "Inner", "Startup Cost": 7019218593156.84, "Total Cost": 8997317402170.36, "Plan Rows": 7042, "Plan Width": 38, "Inner Unique": false, "Merge Cond": "(t.id = at.movie_id)", "Plans": [{"Node Type": "Merge Join", "Parent Relationship": "Outer", "Join Type": "Inner", "Startup Cost": 7009051525476.6, "Total Cost": 7998336872625.42, "Plan Rows": 3874, "Plan Width": 33, "Inner Unique": true, "Merge Cond": "(mi.movie_id = t.id)", "Plans": [{"Node Type": "Sort", "Parent Relationship": "Outer", "Startup Cost": 6999026617244.55, "Total Cost": 6999026617251.54, "Plan Rows": 2796, "Plan Width": 12, "Sort Key": ["mc.movie_id"], "Plans": [{"Node Type": "Merge Join", "Parent Relationship": "Outer", "Join Type": "Inner", "Startup Cost": 6009026614697.1, "Total Cost": 6999026617084.49, "Plan Rows": 2796, "Plan Width": 12, "Inner Unique": true, "Merge Cond": "(mi.info_type_id = it1.id)", "Plans": [{"Node Type": "Sort", "Parent Relationship": "Outer", "Startup Cost": 5999026614643.88, "Total Cost": 5999026615132.74, "Plan Rows": 195542, "Plan Width": 16, "Sort Key": ["mi.info_type_id"], "Plans": [{"Node Type": "Merge Join", "Parent Relationship": "Outer", "Join Type": "Inner", "Startup Cost": 5009435509547.01, "Total Cost": 5999026597458.56, "Plan Rows": 195542, "Plan Width": 16, "Inner Unique": false, "Merge Cond": "(mi.movie_id = mk.movie_id)", "Plans": [{"Node Type": "Index Scan", "Parent Relationship": "Outer", "Scan Direction": "Forward", "Index Name": "movie_id_movie_info", "Relation Name": "movie_info", "Alias": "mi", "Startup Cost": 10000000000.0, "Total Cost": 1000107534403.72, "Plan Rows": 13419, "Plan Width": 8, "Filter": "((note)::text ~~ '%internet%'::text)"}, {"Node Type": "Sort", "Parent Relationship": "Inner", "Startup Cost": 4999361725544.15, "Total Cost": 4999361745339.09, "Plan Rows": 7917978, "Plan Width": 8, "Sort Key": ["mc.movie_id"], "Plans": [{"Node Type": "Merge Join", "Parent Relationship": "Outer", "Join Type": "Inner", "Startup Cost": 4009869626400.92, "Total Cost": 4999360818274.49, "Plan Rows": 7917978, "Plan Width": 8, "Inner Unique": false, "Merge Cond": "(k.id = mk.keyword_id)", "Plans": [{"Node Type": "Index Only Scan", "Parent Relationship": "Outer", "Scan Direction": "Forward", "Index Name": "keyword_pkey", "Relation Name": "keyword", "Alias": "k", "Startup Cost": 10000000000.0, "Total Cost": 1000000206078.5, "Plan Rows": 134169, "Plan Width": 4}, {"Node Type": "Sort", "Parent Relationship": "Inner", "Startup Cost": 3999869626400.92, "Total Cost": 3999869646595.25, "Plan Rows": 8077732, "Plan Width": 12, "Sort Key": ["mk.keyword_id"], "Plans": [{"Node Type": "Merge Join", "Parent Relationship": "Outer", "Join Type": "Inner", "Startup Cost": 3010010836043.82, "Total Cost": 3999868699662.16, "Plan Rows": 8077732, "Plan Width": 12, "Inner Unique": false, "Merge Cond": "(mc.movie_id = mk.movie_id)", "Plans": [{"Node Type": "Sort", "Parent Relationship": "Outer", "Startup Cost": 3000010836043.32, "Total Cost": 3000010839249.09, "Plan Rows": 1282311, "Plan Width": 4, "Sort Key": ["mc.movie_id"], "Plans": [{"Node Type": "Merge Join", "Parent Relationship": "Outer", "Join Type": "Inner", "Startup Cost": 2010009630069.18, "Total Cost": 3000010705950.85, "Plan Rows": 1282311, "Plan Width": 4, "Inner Unique": false, "Merge Cond": "(cn.id = mc.company_id)", "Plans": [{"Node Type": "Index Scan", "Parent Relationship": "Outer", "Scan Direction": "Forward", "Index Name": "company_name_pkey", "Relation Name": "company_name", "Alias": "cn", "Startup Cost": 10000000000.0, "Total Cost": 1000001050138.97, "Plan Rows": 85170, "Plan Width": 4, "Filter": "((country_code)::text = '[us]'::text)"}, {"Node Type": "Sort", "Parent Relationship": "Inner", "Startup Cost": 2000009629730.2, "Total Cost": 2000009636253.02, "Plan Rows": 2609128, "Plan Width": 8, "Sort Key": ["mc.company_id"], "Plans": [{"Node Type": "Merge Join", "Parent Relationship": "Outer", "Join Type": "Inner", "Startup Cost": 504554486367.56, "Total Cost": 2000009351660.61, "Plan Rows": 2609128, "Plan Width": 8, "Inner Unique": false, "Merge Cond": "(ct.id = mc.company_type_id)", "Plans": [{"Node Type": "Index Only Scan", "Parent Relationship": "Outer", "Scan Direction": "Forward", "Index Name": "company_type_pkey", "Relation Name": "company_type", "Alias": "ct", "Startup Cost": 10000000000.0, "Total Cost": 1000000000829.5, "Plan Rows": 3, "Plan Width": 4}, {"Node Type": "Index Scan", "Parent Relationship": "Inner", "Scan Direction": "Forward", "Index Name": "company_type_id_movie_companies", "Relation Name": "movie_companies", "Alias": "mc", "Startup Cost": 10000000000.0, "Total Cost": 1000009318217.0, "Plan Rows": 2609128, "Plan Width": 12}]}]}]}]}, {"Node Type": "Materialize", "Parent Relationship": "Inner", "Startup Cost": 10000000000.0, "Total Cost": 1000015311943.99, "Plan Rows": 4523929, "Plan Width": 8, "Plans": [{"Node Type": "Index Scan", "Parent Relationship": "Outer", "Scan Direction": "Forward", "Index Name": "movie_id_movie_keyword", "Relation Name": "movie_keyword", "Alias": "mk", "Startup Cost": 10000000000.0, "Total Cost": 1000015300634.17, "Plan Rows": 4523929, "Plan Width": 8}]}]}]}]}]}]}]}, {"Node Type": "Materialize", "Parent Relationship": "Inner", "Startup Cost": 10000000000.0, "Total Cost": 1000000001421.0, "Plan Rows": 1, "Plan Width": 4, "Plans": [{"Node Type": "Index Scan", "Parent Relationship": "Outer", "Scan Direction": "Forward", "Index Name": "info_type_pkey", "Relation Name": "info_type", "Alias": "it1", "Startup Cost": 10000000000.0, "Total Cost": 1000000001421.0, "Plan Rows": 1, "Plan Width": 4, "Filter": "((info)::text = 'release dates'::text)"}]}]}]}, {"Node Type": "Index Scan", "Parent Relationship": "Inner", "Scan Direction": "Forward", "Index Name": "title_pkey", "Relation Name": "title", "Alias": "t", "Startup Cost": 10000000000.0, "Total Cost": 1000011644126.66, "Plan Rows": 1748840, "Plan Width": 21, "Filter": "(production_year > 1990), (LLVM Optimized)"}]}, {"Node Type": "Index Scan", "Parent Relationship": "Inner", "Scan Direction": "Forward", "Index Name": "movie_id_aka_title", "Relation Name": "aka_title", "Alias": "at", "Startup Cost": 10000000000.0, "Total Cost": 1000001990001.13, "Plan Rows": 361471, "Plan Width": 25}]}]}, "Unique SQL Id": 2302223328, "Planner Runtime": 726}, "explain_analyze_plan": null}, "(16, 92)": {"explain_plan": {"Plan": {"Node Type": "Aggregate", "Strategy": "Plain", "Startup Cost": 43139.37, "Total Cost": 43139.38, "Plan Rows": 1, "Plan Width": 102, "Plans": [{"Node Type": "Nested Loop", "Parent Relationship": "Outer", "Join Type": "Inner", "Startup Cost": 0.0, "Total Cost": 43104.5, "Plan Rows": 6974, "Plan Width": 38, "Inner Unique": false, "Join Filter": "(t.id = at.movie_id)", "Plans": [{"Node Type": "Nested Loop", "Parent Relationship": "Outer", "Join Type": "Inner", "Startup Cost": 0.0, "Total Cost": 42305.88, "Plan Rows": 2257, "Plan Width": 33, "Inner Unique": true, "Plans": [{"Node Type": "Nested Loop", "Parent Relationship": "Outer", "Join Type": "Inner", "Startup Cost": 0.0, "Total Cost": 41672.38, "Plan Rows": 2257, "Plan Width": 37, "Inner Unique": false, "Join Filter": "(t.id = mk.movie_id)", "Plans": [{"Node Type": "Nested Loop", "Parent Relationship": "Outer", "Join Type": "Inner", "Startup Cost": 0.0, "Total Cost": 41516.04, "Plan Rows": 278, "Plan Width": 29, "Inner Unique": true, "Plans": [{"Node Type": "Nested Loop", "Parent Relationship": "Outer", "Join Type": "Inner", "Startup Cost": 0.0, "Total Cost": 41382.19, "Plan Rows": 478, "Plan Width": 33, "Inner Unique": true, "Plans": [{"Node Type": "Nested Loop", "Parent Relationship": "Outer", "Join Type": "Inner", "Startup Cost": 0.0, "Total Cost": 41218.8, "Plan Rows": 568, "Plan Width": 37, "Inner Unique": false, "Plans": [{"Node Type": "Nested Loop", "Parent Relationship": "Outer", "Join Type": "Inner", "Startup Cost": 0.0, "Total Cost": 41120.95, "Plan Rows": 266, "Plan Width": 25, "Inner Unique": true, "Plans": [{"Node Type": "Nested Loop", "Parent Relationship": "Outer", "Join Type": "Inner", "Startup Cost": 0.0, "Total Cost": 39977.64, "Plan Rows": 192, "Plan Width": 4, "Inner Unique": true, "Plans": [{"Node Type": "Streaming(type: LOCAL GATHER dop: 1/16)", "Parent Relationship": "Outer", "Startup Cost": 0.0, "Total Cost": 36174.77, "Plan Rows": 13419, "Plan Width": 8, "Plans": [{"Node Type": "Seq Scan", "Parent Relationship": "Outer", "Relation Name": "movie_info", "Alias": "mi", "Startup Cost": 0.0, "Total Cost": 35885.16, "Plan Rows": 13419, "Plan Width": 8, "Filter": "((note)::text ~~ '%internet%'::text)"}]}, {"Node Type": "Index Scan", "Parent Relationship": "Inner", "Scan Direction": "Forward", "Index Name": "info_type_pkey", "Relation Name": "info_type", "Alias": "it1", "Startup Cost": 0.0, "Total Cost": 0.27, "Plan Rows": 1, "Plan Width": 4, "Index Cond": "(id = mi.info_type_id)", "Filter": "((info)::text = 'release dates'::text)"}]}, {"Node Type": "Index Scan", "Parent Relationship": "Inner", "Scan Direction": "Forward", "Index Name": "title_pkey", "Relation Name": "title", "Alias": "t", "Startup Cost": 0.0, "Total Cost": 5.94, "Plan Rows": 1, "Plan Width": 21, "Index Cond": "(id = mi.movie_id)", "Filter": "(production_year > 1990)"}]}, {"Node Type": "Index Scan", "Parent Relationship": "Inner", "Scan Direction": "Forward", "Index Name": "movie_id_movie_companies", "Relation Name": "movie_companies", "Alias": "mc", "Startup Cost": 0.0, "Total Cost": 0.35, "Plan Rows": 2, "Plan Width": 12, "Index Cond": "(movie_id = t.id)"}]}, {"Node Type": "Index Scan", "Parent Relationship": "Inner", "Scan Direction": "Forward", "Index Name": "company_name_pkey", "Relation Name": "company_name", "Alias": "cn", "Startup Cost": 0.0, "Total Cost": 0.28, "Plan Rows": 1, "Plan Width": 4, "Index Cond": "(id = mc.company_id)", "Filter": "((country_code)::text = '[us]'::text)"}]}, {"Node Type": "Index Scan", "Parent Relationship": "Inner", "Scan Direction": "Forward", "Index Name": "company_type_pkey", "Relation Name": "company_type", "Alias": "ct", "Startup Cost": 0.0, "Total Cost": 0.27, "Plan Rows": 1, "Plan Width": 4, "Index Cond": "(id = mc.company_type_id)"}]}, {"Node Type": "Index Scan", "Parent Relationship": "Inner", "Scan Direction": "Forward", "Index Name": "movie_id_movie_keyword", "Relation Name": "movie_keyword", "Alias": "mk", "Startup Cost": 0.0, "Total Cost": 0.46, "Plan Rows": 8, "Plan Width": 8, "Index Cond": "(movie_id = mc.movie_id)"}]}, {"Node Type": "Index Scan", "Parent Relationship": "Inner", "Scan Direction": "Forward", "Index Name": "keyword_pkey", "Relation Name": "keyword", "Alias": "k", "Startup Cost": 0.0, "Total Cost": 0.27, "Plan Rows": 1, "Plan Width": 4, "Index Cond": "(id = mk.keyword_id)"}]}, {"Node Type": "Index Scan", "Parent Relationship": "Inner", "Scan Direction": "Forward", "Index Name": "movie_id_aka_title", "Relation Name": "aka_title", "Alias": "at", "Startup Cost": 0.0, "Total Cost": 0.32, "Plan Rows": 3, "Plan Width": 25, "Index Cond": "(movie_id = mk.movie_id)"}]}]}, "Unique SQL Id": 2302223328, "Planner Runtime": 139}, "explain_analyze_plan": {"Plan": {"Node Type": "Aggregate", "Strategy": "Plain", "Startup Cost": 43139.37, "Total Cost": 43139.38, "Plan Rows": 1, "Plan Width": 102, "Actual Min Startup Time": 698.698, "Actual Max Startup Time": 698.698, "Actual Min Total Time": 698.698, "Actual Max Total Time": 698.698, "Plans": [{"Node Type": "Nested Loop", "Parent Relationship": "Outer", "Join Type": "Inner", "Startup Cost": 0.0, "Total Cost": 43104.5, "Plan Rows": 6974, "Plan Width": 38, "Actual Min Startup Time": 90.553, "Actual Max Startup Time": 90.553, "Actual Min Total Time": 695.888, "Actual Max Total Time": 695.888, "Inner Unique": false, "Join Filter": "(t.id = at.movie_id)", "Rows Removed by Join Filter": 0, "Plans": [{"Node Type": "Nested Loop", "Parent Relationship": "Outer", "Join Type": "Inner", "Startup Cost": 0.0, "Total Cost": 42305.88, "Plan Rows": 2257, "Plan Width": 33, "Actual Min Startup Time": 87.807, "Actual Max Startup Time": 87.807, "Actual Min Total Time": 649.296, "Actual Max Total Time": 649.296, "Inner Unique": true, "Plans": [{"Node Type": "Nested Loop", "Parent Relationship": "Outer", "Join Type": "Inner", "Startup Cost": 0.0, "Total Cost": 41672.38, "Plan Rows": 2257, "Plan Width": 37, "Actual Min Startup Time": 87.784, "Actual Max Startup Time": 87.784, "Actual Min Total Time": 575.89, "Actual Max Total Time": 575.89, "Inner Unique": false, "Join Filter": "(t.id = mk.movie_id)", "Rows Removed by Join Filter": 0, "Plans": [{"Node Type": "Nested Loop", "Parent Relationship": "Outer", "Join Type": "Inner", "Startup Cost": 0.0, "Total Cost": 41516.04, "Plan Rows": 278, "Plan Width": 29, "Actual Min Startup Time": 87.75, "Actual Max Startup Time": 87.75, "Actual Min Total Time": 526.855, "Actual Max Total Time": 526.855, "Inner Unique": true, "Plans": [{"Node Type": "Nested Loop", "Parent Relationship": "Outer", "Join Type": "Inner", "Startup Cost": 0.0, "Total Cost": 41382.19, "Plan Rows": 478, "Plan Width": 33, "Actual Min Startup Time": 87.718, "Actual Max Startup Time": 87.718, "Actual Min Total Time": 505.915, "Actual Max Total Time": 505.915, "Inner Unique": true, "Plans": [{"Node Type": "Nested Loop", "Parent Relationship": "Outer", "Join Type": "Inner", "Startup Cost": 0.0, "Total Cost": 41218.8, "Plan Rows": 568, "Plan Width": 37, "Actual Min Startup Time": 87.686, "Actual Max Startup Time": 87.686, "Actual Min Total Time": 412.9, "Actual Max Total Time": 412.9, "Inner Unique": false, "Plans": [{"Node Type": "Nested Loop", "Parent Relationship": "Outer", "Join Type": "Inner", "Startup Cost": 0.0, "Total Cost": 41120.95, "Plan Rows": 266, "Plan Width": 25, "Actual Min Startup Time": 87.658, "Actual Max Startup Time": 87.658, "Actual Min Total Time": 325.209, "Actual Max Total Time": 325.209, "Inner Unique": true, "Plans": [{"Node Type": "Nested Loop", "Parent Relationship": "Outer", "Join Type": "Inner", "Startup Cost": 0.0, "Total Cost": 39977.64, "Plan Rows": 192, "Plan Width": 4, "Actual Min Startup Time": 87.62, "Actual Max Startup Time": 87.62, "Actual Min Total Time": 238.003, "Actual Max Total Time": 238.003, "Inner Unique": true, "Plans": [{"Node Type": "Streaming(type: LOCAL GATHER dop: 1/16)", "Parent Relationship": "Outer", "Startup Cost": 0.0, "Total Cost": 36174.77, "Plan Rows": 13419, "Plan Width": 8, "Actual Min Startup Time": 87.56, "Actual Max Startup Time": 87.56, "Actual Min Total Time": 207.098, "Actual Max Total Time": 207.098, "Plans": [{"Node Type": "Seq Scan", "Parent Relationship": "Outer", "Relation Name": "movie_info", "Alias": "mi", "Startup Cost": 0.0, "Total Cost": 35885.16, "Plan Rows": 13419, "Plan Width": 8, "Actual Min Startup Time": 6.893, "Actual Max Startup Time": 78.34, "Actual Min Total Time": 253.047, "Actual Max Total Time": 282.014, "Filter": "((note)::text ~~ '%internet%'::text)", "Rows Removed by Filter": 14824909, "Actual Rows": 10810}], "Actual Rows": 10810}, {"Node Type": "Index Scan", "Parent Relationship": "Inner", "Scan Direction": "Forward", "Index Name": "info_type_pkey", "Relation Name": "info_type", "Alias": "it1", "Startup Cost": 0.0, "Total Cost": 0.27, "Plan Rows": 1, "Plan Width": 4, "Actual Min Startup Time": 20.2, "Actual Max Startup Time": 20.2, "Actual Min Total Time": 20.2, "Actual Max Total Time": 20.2, "Index Cond": "(id = mi.info_type_id)", "Rows Removed by Index Recheck": 0, "Filter": "((info)::text = 'release dates'::text)", "Rows Removed by Filter": 131, "Actual Rows": 10679}], "Actual Rows": 10679}, {"Node Type": "Index Scan", "Parent Relationship": "Inner", "Scan Direction": "Forward", "Index Name": "title_pkey", "Relation Name": "title", "Alias": "t", "Startup Cost": 0.0, "Total Cost": 5.94, "Plan Rows": 1, "Plan Width": 21, "Actual Min Startup Time": 76.64, "Actual Max Startup Time": 76.64, "Actual Min Total Time": 76.64, "Actual Max Total Time": 76.64, "Index Cond": "(id = mi.movie_id)", "Rows Removed by Index Recheck": 0, "Filter": "(production_year > 1990)", "Rows Removed by Filter": 17, "Actual Rows": 10662}], "Actual Rows": 10662}, {"Node Type": "Index Scan", "Parent Relationship": "Inner", "Scan Direction": "Forward", "Index Name": "movie_id_movie_companies", "Relation Name": "movie_companies", "Alias": "mc", "Startup Cost": 0.0, "Total Cost": 0.35, "Plan Rows": 2, "Plan Width": 12, "Actual Min Startup Time": 64.042, "Actual Max Startup Time": 64.042, "Actual Min Total Time": 77.776, "Actual Max Total Time": 77.776, "Index Cond": "(movie_id = t.id)", "Rows Removed by Index Recheck": 0, "Actual Rows": 14377}], "Actual Rows": 14377}, {"Node Type": "Index Scan", "Parent Relationship": "Inner", "Scan Direction": "Forward", "Index Name": "company_name_pkey", "Relation Name": "company_name", "Alias": "cn", "Startup Cost": 0.0, "Total Cost": 0.28, "Plan Rows": 1, "Plan Width": 4, "Actual Min Startup Time": 81.539, "Actual Max Startup Time": 81.539, "Actual Min Total Time": 81.539, "Actual Max Total Time": 81.539, "Index Cond": "(id = mc.company_id)", "Rows Removed by Index Recheck": 0, "Filter": "((country_code)::text = '[us]'::text)", "Rows Removed by Filter": 4520, "Actual Rows": 9857}], "Actual Rows": 9857}, {"Node Type": "Index Scan", "Parent Relationship": "Inner", "Scan Direction": "Forward", "Index Name": "company_type_pkey", "Relation Name": "company_type", "Alias": "ct", "Startup Cost": 0.0, "Total Cost": 0.27, "Plan Rows": 1, "Plan Width": 4, "Actual Min Startup Time": 12.481, "Actual Max Startup Time": 12.481, "Actual Min Total Time": 12.481, "Actual Max Total Time": 12.481, "Index Cond": "(id = mc.company_type_id)", "Rows Removed by Index Recheck": 0, "Actual Rows": 5914}], "Actual Rows": 5914}, {"Node Type": "Index Scan", "Parent Relationship": "Inner", "Scan Direction": "Forward", "Index Name": "movie_id_movie_keyword", "Relation Name": "movie_keyword", "Alias": "mk", "Startup Cost": 0.0, "Total Cost": 0.46, "Plan Rows": 8, "Plan Width": 8, "Actual Min Startup Time": 33.214, "Actual Max Startup Time": 33.214, "Actual Min Total Time": 39.654, "Actual Max Total Time": 39.654, "Index Cond": "(movie_id = mc.movie_id)", "Rows Removed by Index Recheck": 0, "Actual Rows": 14161}], "Actual Rows": 14161}, {"Node Type": "Index Scan", "Parent Relationship": "Inner", "Scan Direction": "Forward", "Index Name": "keyword_pkey", "Relation Name": "keyword", "Alias": "k", "Startup Cost": 0.0, "Total Cost": 0.27, "Plan Rows": 1, "Plan Width": 4, "Actual Min Startup Time": 61.931, "Actual Max Startup Time": 61.931, "Actual Min Total Time": 61.931, "Actual Max Total Time": 61.931, "Index Cond": "(id = mk.keyword_id)", "Rows Removed by Index Recheck": 0, "Actual Rows": 14161}], "Actual Rows": 14161}, {"Node Type": "Index Scan", "Parent Relationship": "Inner", "Scan Direction": "Forward", "Index Name": "movie_id_aka_title", "Relation Name": "aka_title", "Alias": "at", "Startup Cost": 0.0, "Total Cost": 0.32, "Plan Rows": 3, "Plan Width": 25, "Actual Min Startup Time": 34.329, "Actual Max Startup Time": 34.329, "Actual Min Total Time": 36.628, "Actual Max Total Time": 36.628, "Index Cond": "(movie_id = mk.movie_id)", "Rows Removed by Index Recheck": 0, "Actual Rows": 4371}], "Actual Rows": 4371}], "Actual Rows": 1}, "Triggers": [], "Planner Runtime": 139, "Total Runtime": 702.395, "Unique SQL Id": 2302223328}}, "(16, 93)": {"explain_plan": {"Plan": {"Node Type": "Aggregate", "Strategy": "Plain", "Startup Cost": 498861.38, "Total Cost": 498861.39, "Plan Rows": 1, "Plan Width": 102, "Plans": [{"Node Type": "Nested Loop", "Parent Relationship": "Outer", "Join Type": "Inner", "Startup Cost": 0.0, "Total Cost": 498826.51, "Plan Rows": 6974, "Plan Width": 38, "Inner Unique": false, "Join Filter": "(t.id = at.movie_id)", "Plans": [{"Node Type": "Nested Loop", "Parent Relationship": "Outer", "Join Type": "Inner", "Startup Cost": 0.0, "Total Cost": 498027.89, "Plan Rows": 2257, "Plan Width": 33, "Inner Unique": true, "Plans": [{"Node Type": "Nested Loop", "Parent Relationship": "Outer", "Join Type": "Inner", "Startup Cost": 0.0, "Total Cost": 497394.39, "Plan Rows": 2257, "Plan Width": 37, "Inner Unique": false, "Join Filter": "(t.id = mk.movie_id)", "Plans": [{"Node Type": "Nested Loop", "Parent Relationship": "Outer", "Join Type": "Inner", "Startup Cost": 0.0, "Total Cost": 497238.04, "Plan Rows": 278, "Plan Width": 29, "Inner Unique": true, "Plans": [{"Node Type": "Nested Loop", "Parent Relationship": "Outer", "Join Type": "Inner", "Startup Cost": 0.0, "Total Cost": 497104.2, "Plan Rows": 478, "Plan Width": 33, "Inner Unique": true, "Plans": [{"Node Type": "Nested Loop", "Parent Relationship": "Outer", "Join Type": "Inner", "Startup Cost": 0.0, "Total Cost": 496940.81, "Plan Rows": 568, "Plan Width": 37, "Inner Unique": false, "Plans": [{"Node Type": "Nested Loop", "Parent Relationship": "Outer", "Join Type": "Inner", "Startup Cost": 0.0, "Total Cost": 496842.96, "Plan Rows": 266, "Plan Width": 25, "Inner Unique": true, "Plans": [{"Node Type": "Nested Loop", "Parent Relationship": "Outer", "Join Type": "Inner", "Startup Cost": 0.0, "Total Cost": 495699.65, "Plan Rows": 192, "Plan Width": 4, "Inner Unique": false, "Plans": [{"Node Type": "Index Scan", "Parent Relationship": "Outer", "Scan Direction": "Forward", "Index Name": "info_type_pkey", "Relation Name": "info_type", "Alias": "it1", "Startup Cost": 0.0, "Total Cost": 14.21, "Plan Rows": 1, "Plan Width": 4, "Filter": "((info)::text = 'release dates'::text)"}, {"Node Type": "Index Scan", "Parent Relationship": "Inner", "Scan Direction": "Forward", "Index Name": "info_type_id_movie_info", "Relation Name": "movie_info", "Alias": "mi", "Startup Cost": 0.0, "Total Cost": 495683.52, "Plan Rows": 192, "Plan Width": 8, "Index Cond": "(info_type_id = it1.id)", "Filter": "((note)::text ~~ '%internet%'::text)"}]}, {"Node Type": "Index Scan", "Parent Relationship": "Inner", "Scan Direction": "Forward", "Index Name": "title_pkey", "Relation Name": "title", "Alias": "t", "Startup Cost": 0.0, "Total Cost": 5.94, "Plan Rows": 1, "Plan Width": 21, "Index Cond": "(id = mi.movie_id)", "Filter": "(production_year > 1990)"}]}, {"Node Type": "Index Scan", "Parent Relationship": "Inner", "Scan Direction": "Forward", "Index Name": "movie_id_movie_companies", "Relation Name": "movie_companies", "Alias": "mc", "Startup Cost": 0.0, "Total Cost": 0.35, "Plan Rows": 2, "Plan Width": 12, "Index Cond": "(movie_id = t.id)"}]}, {"Node Type": "Index Scan", "Parent Relationship": "Inner", "Scan Direction": "Forward", "Index Name": "company_name_pkey", "Relation Name": "company_name", "Alias": "cn", "Startup Cost": 0.0, "Total Cost": 0.28, "Plan Rows": 1, "Plan Width": 4, "Index Cond": "(id = mc.company_id)", "Filter": "((country_code)::text = '[us]'::text)"}]}, {"Node Type": "Index Scan", "Parent Relationship": "Inner", "Scan Direction": "Forward", "Index Name": "company_type_pkey", "Relation Name": "company_type", "Alias": "ct", "Startup Cost": 0.0, "Total Cost": 0.27, "Plan Rows": 1, "Plan Width": 4, "Index Cond": "(id = mc.company_type_id)"}]}, {"Node Type": "Index Scan", "Parent Relationship": "Inner", "Scan Direction": "Forward", "Index Name": "movie_id_movie_keyword", "Relation Name": "movie_keyword", "Alias": "mk", "Startup Cost": 0.0, "Total Cost": 0.46, "Plan Rows": 8, "Plan Width": 8, "Index Cond": "(movie_id = mc.movie_id)"}]}, {"Node Type": "Index Scan", "Parent Relationship": "Inner", "Scan Direction": "Forward", "Index Name": "keyword_pkey", "Relation Name": "keyword", "Alias": "k", "Startup Cost": 0.0, "Total Cost": 0.27, "Plan Rows": 1, "Plan Width": 4, "Index Cond": "(id = mk.keyword_id)"}]}, {"Node Type": "Index Scan", "Parent Relationship": "Inner", "Scan Direction": "Forward", "Index Name": "movie_id_aka_title", "Relation Name": "aka_title", "Alias": "at", "Startup Cost": 0.0, "Total Cost": 0.32, "Plan Rows": 3, "Plan Width": 25, "Index Cond": "(movie_id = mk.movie_id)"}]}]}, "Unique SQL Id": 2302223328, "Planner Runtime": 131}, "explain_analyze_plan": null}, "(16, 94)": {"explain_plan": {"Plan": {"Node Type": "Aggregate", "Strategy": "Plain", "Startup Cost": 3098390320990.86, "Total Cost": 3098390320990.87, "Plan Rows": 1, "Plan Width": 102, "Plans": [{"Node Type": "Merge Join", "Parent Relationship": "Outer", "Join Type": "Inner", "Startup Cost": 2109392548780.85, "Total Cost": 3098390320955.65, "Plan Rows": 7042, "Plan Width": 38, "Inner Unique": true, "Merge Cond": "(at.movie_id = t.id)", "Plans": [{"Node Type": "Merge Join", "Parent Relationship": "Outer", "Join Type": "Inner", "Startup Cost": 2099392548780.48, "Total Cost": 2099392550637.33, "Plan Rows": 5083, "Plan Width": 37, "Inner Unique": false, "Merge Cond": "(mi.movie_id = at.movie_id)", "Plans": [{"Node Type": "Sort", "Parent Relationship": "Outer", "Startup Cost": 2099392505515.33, "Total Cost": 2099392505519.4, "Plan Rows": 1629, "Plan Width": 12, "Sort Key": ["mc.movie_id"], "Plans": [{"Node Type": "Merge Join", "Parent Relationship": "Outer", "Join Type": "Inner", "Startup Cost": 2099392504733.49, "Total Cost": 2099392505428.42, "Plan Rows": 1629, "Plan Width": 12, "Inner Unique": true, "Merge Cond": "(mk.keyword_id = k.id)", "Plans": [{"Node Type": "Sort", "Parent Relationship": "Outer", "Startup Cost": 2099392491205.83, "Total Cost": 2099392491209.9, "Plan Rows": 1629, "Plan Width": 16, "Sort Key": ["mk.keyword_id"], "Plans": [{"Node Type": "Merge Join", "Parent Relationship": "Outer", "Join Type": "Inner", "Startup Cost": 2099392490637.28, "Total Cost": 2099392491118.92, "Plan Rows": 1629, "Plan Width": 16, "Inner Unique": true, "Merge Cond": "(mc.company_id = cn.id)", "Plans": [{"Node Type": "Sort", "Parent Relationship": "Outer", "Startup Cost": 2099392477758.8, "Total Cost": 2099392477767.11, "Plan Rows": 3323, "Plan Width": 20, "Sort Key": ["mc.company_id"], "Plans": [{"Node Type": "Merge Join", "Parent Relationship": "Outer", "Join Type": "Inner", "Startup Cost": 2099392477506.11, "Total Cost": 2099392477564.44, "Plan Rows": 3323, "Plan Width": 20, "Inner Unique": true, "Merge Cond": "(mc.company_type_id = ct.id)", "Plans": [{"Node Type": "Sort", "Parent Relationship": "Outer", "Startup Cost": 2099392477496.92, "Total Cost": 2099392477505.23, "Plan Rows": 3323, "Plan Width": 24, "Sort Key": ["mc.company_type_id"], "Plans": [{"Node Type": "Merge Join", "Parent Relationship": "Outer", "Join Type": "Inner", "Startup Cost": 120015920583.26, "Total Cost": 2099392477302.56, "Plan Rows": 3323, "Plan Width": 24, "Inner Unique": false, "Merge Cond": "(mi.movie_id = mc.movie_id)", "Plans": [{"Node Type": "Merge Join", "Parent Relationship": "Outer", "Join Type": "Inner", "Startup Cost": 110000363456.36, "Total Cost": 1100015675423.69, "Plan Rows": 1556, "Plan Width": 12, "Inner Unique": false, "Merge Cond": "(mk.movie_id = mi.movie_id)", "Plans": [{"Node Type": "Index Scan", "Parent Relationship": "Outer", "Scan Direction": "Forward", "Index Name": "movie_id_movie_keyword", "Relation Name": "movie_keyword", "Alias": "mk", "Startup Cost": 10000000000.0, "Total Cost": 1000015300634.17, "Plan Rows": 4523929, "Plan Width": 8}, {"Node Type": "Sort", "Parent Relationship": "Inner", "Startup Cost": 100000363456.36, "Total Cost": 100000363456.84, "Plan Rows": 192, "Plan Width": 4, "Sort Key": ["mi.movie_id"], "Plans": [{"Node Type": "Nested Loop", "Parent Relationship": "Outer", "Join Type": "Inner", "Startup Cost": 10000000000.0, "Total Cost": 100000363449.08, "Plan Rows": 192, "Plan Width": 4, "Inner Unique": false, "Join Filter": "(it1.id = mi.info_type_id)", "Plans": [{"Node Type": "Seq Scan", "Parent Relationship": "Outer", "Relation Name": "info_type", "Alias": "it1", "Startup Cost": 0.0, "Total Cost": 2.4, "Plan Rows": 1, "Plan Width": 4, "Filter": "((info)::text = 'release dates'::text)"}, {"Node Type": "Materialize", "Parent Relationship": "Inner", "Startup Cost": 0.0, "Total Cost": 36208.32, "Plan Rows": 13419, "Plan Width": 8, "Plans": [{"Node Type": "Streaming(type: LOCAL GATHER dop: 1/16)", "Parent Relationship": "Outer", "Startup Cost": 0.0, "Total Cost": 36174.77, "Plan Rows": 13419, "Plan Width": 8, "Plans": [{"Node Type": "Seq Scan", "Parent Relationship": "Outer", "Relation Name": "movie_info", "Alias": "mi", "Startup Cost": 0.0, "Total Cost": 35885.16, "Plan Rows": 13419, "Plan Width": 8, "Filter": "((note)::text ~~ '%internet%'::text)"}]}]}]}]}]}, {"Node Type": "Index Scan", "Parent Relationship": "Inner", "Scan Direction": "Forward", "Index Name": "movie_id_movie_companies", "Relation Name": "movie_companies", "Alias": "mc", "Startup Cost": 10000000000.0, "Total Cost": 1000013051946.13, "Plan Rows": 2609128, "Plan Width": 12}]}]}, {"Node Type": "Sort", "Parent Relationship": "Inner", "Startup Cost": 1.05, "Total Cost": 1.06, "Plan Rows": 3, "Plan Width": 4, "Sort Key": ["ct.id"], "Plans": [{"Node Type": "Seq Scan", "Parent Relationship": "Outer", "Relation Name": "company_type", "Alias": "ct", "Startup Cost": 0.0, "Total Cost": 1.03, "Plan Rows": 3, "Plan Width": 4}]}]}]}, {"Node Type": "Sort", "Parent Relationship": "Inner", "Startup Cost": 12878.05, "Total Cost": 13090.97, "Plan Rows": 85170, "Plan Width": 4, "Sort Key": ["cn.id"], "Plans": [{"Node Type": "Seq Scan", "Parent Relationship": "Outer", "Relation Name": "company_name", "Alias": "cn", "Startup Cost": 0.0, "Total Cost": 5903.45, "Plan Rows": 85170, "Plan Width": 4, "Filter": "((country_code)::text = '[us]'::text)"}]}]}]}, {"Node Type": "Sort", "Parent Relationship": "Inner", "Startup Cost": 13527.66, "Total Cost": 13863.08, "Plan Rows": 134169, "Plan Width": 4, "Sort Key": ["k.id"], "Plans": [{"Node Type": "Seq Scan", "Parent Relationship": "Outer", "Relation Name": "keyword", "Alias": "k", "Startup Cost": 0.0, "Total Cost": 2100.69, "Plan Rows": 134169, "Plan Width": 4}]}]}]}, {"Node Type": "Sort", "Parent Relationship": "Inner", "Startup Cost": 43264.85, "Total Cost": 44168.52, "Plan Rows": 361471, "Plan Width": 25, "Sort Key": ["at.movie_id"], "Plans": [{"Node Type": "Seq Scan", "Parent Relationship": "Outer", "Relation Name": "aka_title", "Alias": "at", "Startup Cost": 0.0, "Total Cost": 9894.71, "Plan Rows": 361471, "Plan Width": 25}]}]}, {"Node Type": "Index Scan", "Parent Relationship": "Inner", "Scan Direction": "Forward", "Index Name": "title_pkey", "Relation Name": "title", "Alias": "t", "Startup Cost": 10000000000.0, "Total Cost": 1000011644126.66, "Plan Rows": 1748840, "Plan Width": 21, "Filter": "(production_year > 1990), (LLVM Optimized)"}]}]}, "Unique SQL Id": 2302223328, "Planner Runtime": 446}, "explain_analyze_plan": null}, "(16, 95)": {"explain_plan": {"Plan": {"Node Type": "Aggregate", "Strategy": "Plain", "Startup Cost": 8997317481216.06, "Total Cost": 8997317481216.07, "Plan Rows": 1, "Plan Width": 102, "Plans": [{"Node Type": "Merge Join", "Parent Relationship": "Outer", "Join Type": "Inner", "Startup Cost": 7019218672167.33, "Total Cost": 8997317481180.85, "Plan Rows": 7042, "Plan Width": 38, "Inner Unique": false, "Merge Cond": "(t.id = at.movie_id)", "Plans": [{"Node Type": "Merge Join", "Parent Relationship": "Outer", "Join Type": "Inner", "Startup Cost": 7009051604487.08, "Total Cost": 7998336951635.91, "Plan Rows": 3874, "Plan Width": 33, "Inner Unique": true, "Merge Cond": "(mi.movie_id = t.id)", "Plans": [{"Node Type": "Sort", "Parent Relationship": "Outer", "Startup Cost": 6999026696255.04, "Total Cost": 6999026696262.03, "Plan Rows": 2796, "Plan Width": 12, "Sort Key": ["mc.movie_id"], "Plans": [{"Node Type": "Merge Join", "Parent Relationship": "Outer", "Join Type": "Inner", "Startup Cost": 6009026693707.59, "Total Cost": 6999026696094.98, "Plan Rows": 2796, "Plan Width": 12, "Inner Unique": true, "Merge Cond": "(mi.info_type_id = it1.id)", "Plans": [{"Node Type": "Sort", "Parent Relationship": "Outer", "Startup Cost": 5999026693654.37, "Total Cost": 5999026694143.22, "Plan Rows": 195542, "Plan Width": 16, "Sort Key": ["mi.info_type_id"], "Plans": [{"Node Type": "Merge Join", "Parent Relationship": "Outer", "Join Type": "Inner", "Startup Cost": 5009435588557.5, "Total Cost": 5999026676469.04, "Plan Rows": 195542, "Plan Width": 16, "Inner Unique": false, "Merge Cond": "(mi.movie_id = mk.movie_id)", "Plans": [{"Node Type": "Index Scan", "Parent Relationship": "Outer", "Scan Direction": "Forward", "Index Name": "movie_id_movie_info", "Relation Name": "movie_info", "Alias": "mi", "Startup Cost": 10000000000.0, "Total Cost": 1000107534403.72, "Plan Rows": 13419, "Plan Width": 8, "Filter": "((note)::text ~~ '%internet%'::text)"}, {"Node Type": "Sort", "Parent Relationship": "Inner", "Startup Cost": 4999361804554.64, "Total Cost": 4999361824349.58, "Plan Rows": 7917978, "Plan Width": 8, "Sort Key": ["mc.movie_id"], "Plans": [{"Node Type": "Merge Join", "Parent Relationship": "Outer", "Join Type": "Inner", "Startup Cost": 4009869626800.92, "Total Cost": 4999360897284.98, "Plan Rows": 7917978, "Plan Width": 8, "Inner Unique": false, "Merge Cond": "(k.id = mk.keyword_id)", "Plans": [{"Node Type": "Index Scan", "Parent Relationship": "Outer", "Scan Direction": "Forward", "Index Name": "keyword_pkey", "Relation Name": "keyword", "Alias": "k", "Startup Cost": 10000000000.0, "Total Cost": 1000000284729.43, "Plan Rows": 134169, "Plan Width": 4}, {"Node Type": "Sort", "Parent Relationship": "Inner", "Startup Cost": 3999869626800.92, "Total Cost": 3999869646995.25, "Plan Rows": 8077732, "Plan Width": 12, "Sort Key": ["mk.keyword_id"], "Plans": [{"Node Type": "Merge Join", "Parent Relationship": "Outer", "Join Type": "Inner", "Startup Cost": 3010010836443.82, "Total Cost": 3999868700062.16, "Plan Rows": 8077732, "Plan Width": 12, "Inner Unique": false, "Merge Cond": "(mc.movie_id = mk.movie_id)", "Plans": [{"Node Type": "Sort", "Parent Relationship": "Outer", "Startup Cost": 3000010836443.32, "Total Cost": 3000010839649.09, "Plan Rows": 1282311, "Plan Width": 4, "Sort Key": ["mc.movie_id"], "Plans": [{"Node Type": "Merge Join", "Parent Relationship": "Outer", "Join Type": "Inner", "Startup Cost": 2010009630469.18, "Total Cost": 3000010706350.85, "Plan Rows": 1282311, "Plan Width": 4, "Inner Unique": false, "Merge Cond": "(cn.id = mc.company_id)", "Plans": [{"Node Type": "Index Scan", "Parent Relationship": "Outer", "Scan Direction": "Forward", "Index Name": "company_name_pkey", "Relation Name": "company_name", "Alias": "cn", "Startup Cost": 10000000000.0, "Total Cost": 1000001050138.97, "Plan Rows": 85170, "Plan Width": 4, "Filter": "((country_code)::text = '[us]'::text)"}, {"Node Type": "Sort", "Parent Relationship": "Inner", "Startup Cost": 2000009630130.2, "Total Cost": 2000009636653.02, "Plan Rows": 2609128, "Plan Width": 8, "Sort Key": ["mc.company_id"], "Plans": [{"Node Type": "Merge Join", "Parent Relationship": "Outer", "Join Type": "Inner", "Startup Cost": 504554486367.56, "Total Cost": 2000009352060.61, "Plan Rows": 2609128, "Plan Width": 8, "Inner Unique": false, "Merge Cond": "(ct.id = mc.company_type_id)", "Plans": [{"Node Type": "Index Scan", "Parent Relationship": "Outer", "Scan Direction": "Forward", "Index Name": "company_type_pkey", "Relation Name": "company_type", "Alias": "ct", "Startup Cost": 10000000000.0, "Total Cost": 1000000001229.5, "Plan Rows": 3, "Plan Width": 4}, {"Node Type": "Index Scan", "Parent Relationship": "Inner", "Scan Direction": "Forward", "Index Name": "company_type_id_movie_companies", "Relation Name": "movie_companies", "Alias": "mc", "Startup Cost": 10000000000.0, "Total Cost": 1000009318217.0, "Plan Rows": 2609128, "Plan Width": 12}]}]}]}]}, {"Node Type": "Materialize", "Parent Relationship": "Inner", "Startup Cost": 10000000000.0, "Total Cost": 1000015311943.99, "Plan Rows": 4523929, "Plan Width": 8, "Plans": [{"Node Type": "Index Scan", "Parent Relationship": "Outer", "Scan Direction": "Forward", "Index Name": "movie_id_movie_keyword", "Relation Name": "movie_keyword", "Alias": "mk", "Startup Cost": 10000000000.0, "Total Cost": 1000015300634.17, "Plan Rows": 4523929, "Plan Width": 8}]}]}]}]}]}]}]}, {"Node Type": "Materialize", "Parent Relationship": "Inner", "Startup Cost": 10000000000.0, "Total Cost": 1000000001421.0, "Plan Rows": 1, "Plan Width": 4, "Plans": [{"Node Type": "Index Scan", "Parent Relationship": "Outer", "Scan Direction": "Forward", "Index Name": "info_type_pkey", "Relation Name": "info_type", "Alias": "it1", "Startup Cost": 10000000000.0, "Total Cost": 1000000001421.0, "Plan Rows": 1, "Plan Width": 4, "Filter": "((info)::text = 'release dates'::text)"}]}]}]}, {"Node Type": "Index Scan", "Parent Relationship": "Inner", "Scan Direction": "Forward", "Index Name": "title_pkey", "Relation Name": "title", "Alias": "t", "Startup Cost": 10000000000.0, "Total Cost": 1000011644126.66, "Plan Rows": 1748840, "Plan Width": 21, "Filter": "(production_year > 1990), (LLVM Optimized)"}]}, {"Node Type": "Index Scan", "Parent Relationship": "Inner", "Scan Direction": "Forward", "Index Name": "movie_id_aka_title", "Relation Name": "aka_title", "Alias": "at", "Startup Cost": 10000000000.0, "Total Cost": 1000001990001.13, "Plan Rows": 361471, "Plan Width": 25}]}]}, "Unique SQL Id": 2302223328, "Planner Runtime": 722}, "explain_analyze_plan": null}, "(16, 96)": {"explain_plan": {"Plan": {"Node Type": "Aggregate", "Strategy": "Plain", "Startup Cost": 40192.64, "Total Cost": 40192.65, "Plan Rows": 1, "Plan Width": 102, "Plans": [{"Node Type": "Nested Loop", "Parent Relationship": "Outer", "Join Type": "Inner", "Startup Cost": 2.41, "Total Cost": 40158.11, "Plan Rows": 6905, "Plan Width": 38, "Inner Unique": true, "Plans": [{"Node Type": "Nested Loop", "Parent Relationship": "Outer", "Join Type": "Inner", "Startup Cost": 2.41, "Total Cost": 38186.28, "Plan Rows": 7042, "Plan Width": 42, "Inner Unique": false, "Join Filter": "(t.id = mk.movie_id)", "Plans": [{"Node Type": "Nested Loop", "Parent Relationship": "Outer", "Join Type": "Inner", "Startup Cost": 2.41, "Total Cost": 37695.3, "Plan Rows": 873, "Plan Width": 54, "Inner Unique": true, "Join Filter": "(at.movie_id = t.id)", "Plans": [{"Node Type": "Nested Loop", "Parent Relationship": "Outer", "Join Type": "Inner", "Startup Cost": 2.41, "Total Cost": 37473.22, "Plan Rows": 630, "Plan Width": 33, "Inner Unique": true, "Plans": [{"Node Type": "Nested Loop", "Parent Relationship": "Outer", "Join Type": "Inner", "Startup Cost": 2.41, "Total Cost": 37296.82, "Plan Rows": 630, "Plan Width": 37, "Inner Unique": true, "Plans": [{"Node Type": "Nested Loop", "Parent Relationship": "Outer", "Join Type": "Inner", "Startup Cost": 2.41, "Total Cost": 36994.2, "Plan Rows": 1052, "Plan Width": 41, "Inner Unique": false, "Plans": [{"Node Type": "Nested Loop", "Parent Relationship": "Outer", "Join Type": "Inner", "Startup Cost": 2.41, "Total Cost": 36705.12, "Plan Rows": 490, "Plan Width": 29, "Inner Unique": false, "Plans": [{"Node Type": "Hash Join", "Parent Relationship": "Outer", "Join Type": "Inner", "Startup Cost": 2.41, "Total Cost": 36229.42, "Plan Rows": 192, "Plan Width": 4, "Inner Unique": true, "Hash Cond": "(mi.info_type_id = it1.id)", "Plans": [{"Node Type": "Streaming(type: LOCAL GATHER dop: 1/16)", "Parent Relationship": "Outer", "Startup Cost": 0.0, "Total Cost": 36174.77, "Plan Rows": 13419, "Plan Width": 8, "Plans": [{"Node Type": "Seq Scan", "Parent Relationship": "Outer", "Relation Name": "movie_info", "Alias": "mi", "Startup Cost": 0.0, "Total Cost": 35885.16, "Plan Rows": 13419, "Plan Width": 8, "Filter": "((note)::text ~~ '%internet%'::text)"}]}, {"Node Type": "Hash", "Parent Relationship": "Inner", "Startup Cost": 2.4, "Total Cost": 2.4, "Plan Rows": 1, "Plan Width": 4, "Plans": [{"Node Type": "Seq Scan", "Parent Relationship": "Outer", "Relation Name": "info_type", "Alias": "it1", "Startup Cost": 0.0, "Total Cost": 2.4, "Plan Rows": 1, "Plan Width": 4, "Filter": "((info)::text = 'release dates'::text)"}]}]}, {"Node Type": "Index Scan", "Parent Relationship": "Inner", "Scan Direction": "Forward", "Index Name": "movie_id_aka_title", "Relation Name": "aka_title", "Alias": "at", "Startup Cost": 0.0, "Total Cost": 2.45, "Plan Rows": 3, "Plan Width": 25, "Index Cond": "(movie_id = mi.movie_id)"}]}, {"Node Type": "Index Scan", "Parent Relationship": "Inner", "Scan Direction": "Forward", "Index Name": "movie_id_movie_companies", "Relation Name": "movie_companies", "Alias": "mc", "Startup Cost": 0.0, "Total Cost": 0.57, "Plan Rows": 2, "Plan Width": 12, "Index Cond": "(movie_id = at.movie_id)"}]}, {"Node Type": "Index Scan", "Parent Relationship": "Inner", "Scan Direction": "Forward", "Index Name": "company_name_pkey", "Relation Name": "company_name", "Alias": "cn", "Startup Cost": 0.0, "Total Cost": 0.28, "Plan Rows": 1, "Plan Width": 4, "Index Cond": "(id = mc.company_id)", "Filter": "((country_code)::text = '[us]'::text)"}]}, {"Node Type": "Index Only Scan", "Parent Relationship": "Inner", "Scan Direction": "Forward", "Index Name": "company_type_pkey", "Relation Name": "company_type", "Alias": "ct", "Startup Cost": 0.0, "Total Cost": 0.27, "Plan Rows": 1, "Plan Width": 4, "Index Cond": "(id = mc.company_type_id)"}]}, {"Node Type": "Index Scan", "Parent Relationship": "Inner", "Scan Direction": "Forward", "Index Name": "title_pkey", "Relation Name": "title", "Alias": "t", "Startup Cost": 0.0, "Total Cost": 0.34, "Plan Rows": 1, "Plan Width": 21, "Index Cond": "(id = mc.movie_id)", "Filter": "(production_year > 1990)"}]}, {"Node Type": "Index Scan", "Parent Relationship": "Inner", "Scan Direction": "Forward", "Index Name": "movie_id_movie_keyword", "Relation Name": "movie_keyword", "Alias": "mk", "Startup Cost": 0.0, "Total Cost": 0.46, "Plan Rows": 8, "Plan Width": 8, "Index Cond": "(movie_id = mc.movie_id)"}]}, {"Node Type": "Index Only Scan", "Parent Relationship": "Inner", "Scan Direction": "Forward", "Index Name": "keyword_pkey", "Relation Name": "keyword", "Alias": "k", "Startup Cost": 0.0, "Total Cost": 0.27, "Plan Rows": 1, "Plan Width": 4, "Index Cond": "(id = mk.keyword_id)"}]}]}, "Unique SQL Id": 2302223328, "Planner Runtime": 307}, "explain_analyze_plan": {"Plan": {"Node Type": "Aggregate", "Strategy": "Plain", "Startup Cost": 40192.64, "Total Cost": 40192.65, "Plan Rows": 1, "Plan Width": 102, "Actual Min Startup Time": 319.588, "Actual Max Startup Time": 319.588, "Actual Min Total Time": 319.588, "Actual Max Total Time": 319.588, "Plans": [{"Node Type": "Nested Loop", "Parent Relationship": "Outer", "Join Type": "Inner", "Startup Cost": 2.41, "Total Cost": 40158.11, "Plan Rows": 6905, "Plan Width": 38, "Actual Min Startup Time": 94.097, "Actual Max Startup Time": 94.097, "Actual Min Total Time": 316.778, "Actual Max Total Time": 316.778, "Inner Unique": true, "Plans": [{"Node Type": "Nested Loop", "Parent Relationship": "Outer", "Join Type": "Inner", "Startup Cost": 2.41, "Total Cost": 38186.28, "Plan Rows": 7042, "Plan Width": 42, "Actual Min Startup Time": 94.081, "Actual Max Startup Time": 94.081, "Actual Min Total Time": 302.613, "Actual Max Total Time": 302.613, "Inner Unique": false, "Join Filter": "(t.id = mk.movie_id)", "Rows Removed by Join Filter": 0, "Plans": [{"Node Type": "Nested Loop", "Parent Relationship": "Outer", "Join Type": "Inner", "Startup Cost": 2.41, "Total Cost": 37695.3, "Plan Rows": 873, "Plan Width": 54, "Actual Min Startup Time": 93.036, "Actual Max Startup Time": 93.036, "Actual Min Total Time": 296.705, "Actual Max Total Time": 296.705, "Inner Unique": true, "Join Filter": "(at.movie_id = t.id)", "Rows Removed by Join Filter": 0, "Plans": [{"Node Type": "Nested Loop", "Parent Relationship": "Outer", "Join Type": "Inner", "Startup Cost": 2.41, "Total Cost": 37473.22, "Plan Rows": 630, "Plan Width": 33, "Actual Min Startup Time": 93.008, "Actual Max Startup Time": 93.008, "Actual Min Total Time": 294.348, "Actual Max Total Time": 294.348, "Inner Unique": true, "Plans": [{"Node Type": "Nested Loop", "Parent Relationship": "Outer", "Join Type": "Inner", "Startup Cost": 2.41, "Total Cost": 37296.82, "Plan Rows": 630, "Plan Width": 37, "Actual Min Startup Time": 92.984, "Actual Max Startup Time": 92.984, "Actual Min Total Time": 292.908, "Actual Max Total Time": 292.908, "Inner Unique": true, "Plans": [{"Node Type": "Nested Loop", "Parent Relationship": "Outer", "Join Type": "Inner", "Startup Cost": 2.41, "Total Cost": 36994.2, "Plan Rows": 1052, "Plan Width": 41, "Actual Min Startup Time": 92.962, "Actual Max Startup Time": 92.962, "Actual Min Total Time": 282.4, "Actual Max Total Time": 282.4, "Inner Unique": false, "Plans": [{"Node Type": "Nested Loop", "Parent Relationship": "Outer", "Join Type": "Inner", "Startup Cost": 2.41, "Total Cost": 36705.12, "Plan Rows": 490, "Plan Width": 29, "Actual Min Startup Time": 92.932, "Actual Max Startup Time": 92.932, "Actual Min Total Time": 277.154, "Actual Max Total Time": 277.154, "Inner Unique": false, "Plans": [{"Node Type": "Hash Join", "Parent Relationship": "Outer", "Join Type": "Inner", "Startup Cost": 2.41, "Total Cost": 36229.42, "Plan Rows": 192, "Plan Width": 4, "Actual Min Startup Time": 92.796, "Actual Max Startup Time": 92.796, "Actual Min Total Time": 246.498, "Actual Max Total Time": 246.498, "Inner Unique": true, "Hash Cond": "(mi.info_type_id = it1.id)", "Plans": [{"Node Type": "Streaming(type: LOCAL GATHER dop: 1/16)", "Parent Relationship": "Outer", "Startup Cost": 0.0, "Total Cost": 36174.77, "Plan Rows": 13419, "Plan Width": 8, "Actual Min Startup Time": 92.577, "Actual Max Startup Time": 92.577, "Actual Min Total Time": 241.036, "Actual Max Total Time": 241.036, "Plans": [{"Node Type": "Seq Scan", "Parent Relationship": "Outer", "Relation Name": "movie_info", "Alias": "mi", "Startup Cost": 0.0, "Total Cost": 35885.16, "Plan Rows": 13419, "Plan Width": 8, "Actual Min Startup Time": 6.889, "Actual Max Startup Time": 73.231, "Actual Min Total Time": 247.765, "Actual Max Total Time": 276.073, "Filter": "((note)::text ~~ '%internet%'::text)", "Rows Removed by Filter": 14824909, "Actual Rows": 10810}], "Actual Rows": 10810}, {"Node Type": "Hash", "Parent Relationship": "Inner", "Startup Cost": 2.4, "Total Cost": 2.4, "Plan Rows": 1, "Plan Width": 4, "Actual Min Startup Time": 0.115, "Actual Max Startup Time": 0.115, "Actual Min Total Time": 0.115, "Actual Max Total Time": 0.115, "Max Hash Buckets": 32768, "Min Hash Buckets": 32768, "Max Hash Batches": 1, "Min Hash Batches": 1, "Max Original Hash Batches": 1, "Min Original Hash Batches": 1, "Max Peak Memory Usage": 1, "min Peak Memory Usage": 1, "Plans": [{"Node Type": "Seq Scan", "Parent Relationship": "Outer", "Relation Name": "info_type", "Alias": "it1", "Startup Cost": 0.0, "Total Cost": 2.4, "Plan Rows": 1, "Plan Width": 4, "Actual Min Startup Time": 0.076, "Actual Max Startup Time": 0.076, "Actual Min Total Time": 0.098, "Actual Max Total Time": 0.098, "Filter": "((info)::text = 'release dates'::text)", "Rows Removed by Filter": 111, "Actual Rows": 1}], "Actual Rows": 1}], "Actual Rows": 10679}, {"Node Type": "Index Scan", "Parent Relationship": "Inner", "Scan Direction": "Forward", "Index Name": "movie_id_aka_title", "Relation Name": "aka_title", "Alias": "at", "Startup Cost": 0.0, "Total Cost": 2.45, "Plan Rows": 3, "Plan Width": 25, "Actual Min Startup Time": 25.003, "Actual Max Startup Time": 25.003, "Actual Min Total Time": 25.498, "Actual Max Total Time": 25.498, "Index Cond": "(movie_id = mi.movie_id)", "Rows Removed by Index Recheck": 0, "Actual Rows": 591}], "Actual Rows": 591}, {"Node Type": "Index Scan", "Parent Relationship": "Inner", "Scan Direction": "Forward", "Index Name": "movie_id_movie_companies", "Relation Name": "movie_companies", "Alias": "mc", "Startup Cost": 0.0, "Total Cost": 0.57, "Plan Rows": 2, "Plan Width": 12, "Actual Min Startup Time": 3.024, "Actual Max Startup Time": 3.024, "Actual Min Total Time": 4.344, "Actual Max Total Time": 4.344, "Index Cond": "(movie_id = at.movie_id)", "Rows Removed by Index Recheck": 0, "Actual Rows": 2130}], "Actual Rows": 2130}, {"Node Type": "Index Scan", "Parent Relationship": "Inner", "Scan Direction": "Forward", "Index Name": "company_name_pkey", "Relation Name": "company_name", "Alias": "cn", "Startup Cost": 0.0, "Total Cost": 0.28, "Plan Rows": 1, "Plan Width": 4, "Actual Min Startup Time": 9.045, "Actual Max Startup Time": 9.045, "Actual Min Total Time": 9.045, "Actual Max Total Time": 9.045, "Index Cond": "(id = mc.company_id)", "Rows Removed by Index Recheck": 0, "Filter": "((country_code)::text = '[us]'::text)", "Rows Removed by Filter": 1234, "Actual Rows": 896}], "Actual Rows": 896}, {"Node Type": "Index Only Scan", "Parent Relationship": "Inner", "Scan Direction": "Forward", "Index Name": "company_type_pkey", "Relation Name": "company_type", "Alias": "ct", "Startup Cost": 0.0, "Total Cost": 0.27, "Plan Rows": 1, "Plan Width": 4, "Actual Min Startup Time": 0.805, "Actual Max Startup Time": 0.805, "Actual Min Total Time": 0.805, "Actual Max Total Time": 0.805, "Index Cond": "(id = mc.company_type_id)", "Rows Removed by Index Recheck": 0, "Heap Fetches": 0, "Actual Rows": 382}], "Actual Rows": 382}, {"Node Type": "Index Scan", "Parent Relationship": "Inner", "Scan Direction": "Forward", "Index Name": "title_pkey", "Relation Name": "title", "Alias": "t", "Startup Cost": 0.0, "Total Cost": 0.34, "Plan Rows": 1, "Plan Width": 21, "Actual Min Startup Time": 1.84, "Actual Max Startup Time": 1.84, "Actual Min Total Time": 1.84, "Actual Max Total Time": 1.84, "Index Cond": "(id = mc.movie_id)", "Rows Removed by Index Recheck": 0, "Filter": "(production_year > 1990)", "Rows Removed by Filter": 0, "Actual Rows": 382}], "Actual Rows": 382}, {"Node Type": "Index Scan", "Parent Relationship": "Inner", "Scan Direction": "Forward", "Index Name": "movie_id_movie_keyword", "Relation Name": "movie_keyword", "Alias": "mk", "Startup Cost": 0.0, "Total Cost": 0.46, "Plan Rows": 8, "Plan Width": 8, "Actual Min Startup Time": 1.969, "Actual Max Startup Time": 1.969, "Actual Min Total Time": 4.076, "Actual Max Total Time": 4.076, "Index Cond": "(movie_id = mc.movie_id)", "Rows Removed by Index Recheck": 0, "Actual Rows": 4371}], "Actual Rows": 4371}, {"Node Type": "Index Only Scan", "Parent Relationship": "Inner", "Scan Direction": "Forward", "Index Name": "keyword_pkey", "Relation Name": "keyword", "Alias": "k", "Startup Cost": 0.0, "Total Cost": 0.27, "Plan Rows": 1, "Plan Width": 4, "Actual Min Startup Time": 11.059, "Actual Max Startup Time": 11.059, "Actual Min Total Time": 11.059, "Actual Max Total Time": 11.059, "Index Cond": "(id = mk.keyword_id)", "Rows Removed by Index Recheck": 0, "Heap Fetches": 0, "Actual Rows": 4371}], "Actual Rows": 4371}], "Actual Rows": 1}, "Triggers": [], "Planner Runtime": 307, "Total Runtime": 323.111, "Unique SQL Id": 2302223328}}, "(16, 97)": {"explain_plan": {"Plan": {"Node Type": "Aggregate", "Strategy": "Plain", "Startup Cost": 167859.1, "Total Cost": 167859.11, "Plan Rows": 1, "Plan Width": 102, "Plans": [{"Node Type": "Nested Loop", "Parent Relationship": "Outer", "Join Type": "Inner", "Startup Cost": 4841.51, "Total Cost": 167824.58, "Plan Rows": 6905, "Plan Width": 38, "Inner Unique": true, "Plans": [{"Node Type": "Nested Loop", "Parent Relationship": "Outer", "Join Type": "Inner", "Startup Cost": 4841.51, "Total Cost": 165852.74, "Plan Rows": 7042, "Plan Width": 42, "Inner Unique": false, "Join Filter": "(t.id = mk.movie_id)", "Plans": [{"Node Type": "Nested Loop", "Parent Relationship": "Outer", "Join Type": "Inner", "Startup Cost": 4841.51, "Total Cost": 165361.77, "Plan Rows": 873, "Plan Width": 54, "Inner Unique": true, "Join Filter": "(at.movie_id = t.id)", "Plans": [{"Node Type": "Nested Loop", "Parent Relationship": "Outer", "Join Type": "Inner", "Startup Cost": 4841.51, "Total Cost": 165139.68, "Plan Rows": 630, "Plan Width": 33, "Inner Unique": true, "Plans": [{"Node Type": "Nested Loop", "Parent Relationship": "Outer", "Join Type": "Inner", "Startup Cost": 4841.51, "Total Cost": 164963.28, "Plan Rows": 630, "Plan Width": 37, "Inner Unique": true, "Plans": [{"Node Type": "Nested Loop", "Parent Relationship": "Outer", "Join Type": "Inner", "Startup Cost": 4841.51, "Total Cost": 164660.66, "Plan Rows": 1052, "Plan Width": 41, "Inner Unique": false, "Plans": [{"Node Type": "Nested Loop", "Parent Relationship": "Outer", "Join Type": "Inner", "Startup Cost": 4841.51, "Total Cost": 164371.58, "Plan Rows": 490, "Plan Width": 29, "Inner Unique": false, "Plans": [{"Node Type": "Nested Loop", "Parent Relationship": "Outer", "Join Type": "Inner", "Startup Cost": 4841.51, "Total Cost": 163895.89, "Plan Rows": 192, "Plan Width": 4, "Inner Unique": false, "Plans": [{"Node Type": "Index Scan", "Parent Relationship": "Outer", "Scan Direction": "Forward", "Index Name": "info_type_pkey", "Relation Name": "info_type", "Alias": "it1", "Startup Cost": 0.0, "Total Cost": 14.21, "Plan Rows": 1, "Plan Width": 4, "Filter": "((info)::text = 'release dates'::text)"}, {"Node Type": "Bitmap Heap Scan", "Parent Relationship": "Inner", "Relation Name": "movie_info", "Alias": "mi", "Startup Cost": 4841.51, "Total Cost": 163879.76, "Plan Rows": 192, "Plan Width": 8, "Recheck Cond": "(info_type_id = it1.id)", "Filter": "((note)::text ~~ '%internet%'::text)", "Plans": [{"Node Type": "Bitmap Index Scan", "Parent Relationship": "Outer", "Index Name": "info_type_id_movie_info", "Startup Cost": 0.0, "Total Cost": 4841.46, "Plan Rows": 212428, "Plan Width": 0, "Index Cond": "(info_type_id = it1.id)"}]}]}, {"Node Type": "Index Scan", "Parent Relationship": "Inner", "Scan Direction": "Forward", "Index Name": "movie_id_aka_title", "Relation Name": "aka_title", "Alias": "at", "Startup Cost": 0.0, "Total Cost": 2.45, "Plan Rows": 3, "Plan Width": 25, "Index Cond": "(movie_id = mi.movie_id)"}]}, {"Node Type": "Index Scan", "Parent Relationship": "Inner", "Scan Direction": "Forward", "Index Name": "movie_id_movie_companies", "Relation Name": "movie_companies", "Alias": "mc", "Startup Cost": 0.0, "Total Cost": 0.57, "Plan Rows": 2, "Plan Width": 12, "Index Cond": "(movie_id = at.movie_id)"}]}, {"Node Type": "Index Scan", "Parent Relationship": "Inner", "Scan Direction": "Forward", "Index Name": "company_name_pkey", "Relation Name": "company_name", "Alias": "cn", "Startup Cost": 0.0, "Total Cost": 0.28, "Plan Rows": 1, "Plan Width": 4, "Index Cond": "(id = mc.company_id)", "Filter": "((country_code)::text = '[us]'::text)"}]}, {"Node Type": "Index Only Scan", "Parent Relationship": "Inner", "Scan Direction": "Forward", "Index Name": "company_type_pkey", "Relation Name": "company_type", "Alias": "ct", "Startup Cost": 0.0, "Total Cost": 0.27, "Plan Rows": 1, "Plan Width": 4, "Index Cond": "(id = mc.company_type_id)"}]}, {"Node Type": "Index Scan", "Parent Relationship": "Inner", "Scan Direction": "Forward", "Index Name": "title_pkey", "Relation Name": "title", "Alias": "t", "Startup Cost": 0.0, "Total Cost": 0.34, "Plan Rows": 1, "Plan Width": 21, "Index Cond": "(id = mc.movie_id)", "Filter": "(production_year > 1990)"}]}, {"Node Type": "Index Scan", "Parent Relationship": "Inner", "Scan Direction": "Forward", "Index Name": "movie_id_movie_keyword", "Relation Name": "movie_keyword", "Alias": "mk", "Startup Cost": 0.0, "Total Cost": 0.46, "Plan Rows": 8, "Plan Width": 8, "Index Cond": "(movie_id = mc.movie_id)"}]}, {"Node Type": "Index Only Scan", "Parent Relationship": "Inner", "Scan Direction": "Forward", "Index Name": "keyword_pkey", "Relation Name": "keyword", "Alias": "k", "Startup Cost": 0.0, "Total Cost": 0.27, "Plan Rows": 1, "Plan Width": 4, "Index Cond": "(id = mk.keyword_id)"}]}]}, "Unique SQL Id": 2302223328, "Planner Runtime": 260}, "explain_analyze_plan": {"Plan": {"Node Type": "Aggregate", "Strategy": "Plain", "Startup Cost": 167859.1, "Total Cost": 167859.11, "Plan Rows": 1, "Plan Width": 102, "Actual Startup Time": 1646.575, "Actual Total Time": 1646.576, "Actual Rows": 1, "Actual Loops": 1, "Plans": [{"Node Type": "Nested Loop", "Parent Relationship": "Outer", "Join Type": "Inner", "Startup Cost": 4841.51, "Total Cost": 167824.58, "Plan Rows": 6905, "Plan Width": 38, "Actual Startup Time": 414.355, "Actual Total Time": 1643.604, "Actual Rows": 4371, "Actual Loops": 1, "Inner Unique": true, "Plans": [{"Node Type": "Nested Loop", "Parent Relationship": "Outer", "Join Type": "Inner", "Startup Cost": 4841.51, "Total Cost": 165852.74, "Plan Rows": 7042, "Plan Width": 42, "Actual Startup Time": 414.339, "Actual Total Time": 1628.393, "Actual Rows": 4371, "Actual Loops": 1, "Inner Unique": false, "Join Filter": "(t.id = mk.movie_id)", "Rows Removed by Join Filter": 0, "Plans": [{"Node Type": "Nested Loop", "Parent Relationship": "Outer", "Join Type": "Inner", "Startup Cost": 4841.51, "Total Cost": 165361.77, "Plan Rows": 873, "Plan Width": 54, "Actual Startup Time": 389.966, "Actual Total Time": 1621.706, "Actual Rows": 382, "Actual Loops": 1, "Inner Unique": true, "Join Filter": "(at.movie_id = t.id)", "Rows Removed by Join Filter": 0, "Plans": [{"Node Type": "Nested Loop", "Parent Relationship": "Outer", "Join Type": "Inner", "Startup Cost": 4841.51, "Total Cost": 165139.68, "Plan Rows": 630, "Plan Width": 33, "Actual Startup Time": 389.939, "Actual Total Time": 1618.566, "Actual Rows": 382, "Actual Loops": 1, "Inner Unique": true, "Plans": [{"Node Type": "Nested Loop", "Parent Relationship": "Outer", "Join Type": "Inner", "Startup Cost": 4841.51, "Total Cost": 164963.28, "Plan Rows": 630, "Plan Width": 37, "Actual Startup Time": 385.231, "Actual Total Time": 1616.86, "Actual Rows": 896, "Actual Loops": 1, "Inner Unique": true, "Plans": [{"Node Type": "Nested Loop", "Parent Relationship": "Outer", "Join Type": "Inner", "Startup Cost": 4841.51, "Total Cost": 164660.66, "Plan Rows": 1052, "Plan Width": 41, "Actual Startup Time": 385.203, "Actual Total Time": 1603.891, "Actual Rows": 2130, "Actual Loops": 1, "Inner Unique": false, "Plans": [{"Node Type": "Nested Loop", "Parent Relationship": "Outer", "Join Type": "Inner", "Startup Cost": 4841.51, "Total Cost": 164371.58, "Plan Rows": 490, "Plan Width": 29, "Actual Startup Time": 382.021, "Actual Total Time": 1597.132, "Actual Rows": 591, "Actual Loops": 1, "Inner Unique": false, "Plans": [{"Node Type": "Nested Loop", "Parent Relationship": "Outer", "Join Type": "Inner", "Startup Cost": 4841.51, "Total Cost": 163895.89, "Plan Rows": 192, "Plan Width": 4, "Actual Startup Time": 381.581, "Actual Total Time": 1560.595, "Actual Rows": 10679, "Actual Loops": 1, "Inner Unique": false, "Plans": [{"Node Type": "Index Scan", "Parent Relationship": "Outer", "Scan Direction": "Forward", "Index Name": "info_type_pkey", "Relation Name": "info_type", "Alias": "it1", "Startup Cost": 0.0, "Total Cost": 14.21, "Plan Rows": 1, "Plan Width": 4, "Actual Startup Time": 0.043, "Actual Total Time": 0.095, "Actual Rows": 1, "Actual Loops": 1, "Filter": "((info)::text = 'release dates'::text)", "Rows Removed by Filter": 111}, {"Node Type": "Bitmap Heap Scan", "Parent Relationship": "Inner", "Relation Name": "movie_info", "Alias": "mi", "Startup Cost": 4841.51, "Total Cost": 163879.76, "Plan Rows": 192, "Plan Width": 8, "Actual Startup Time": 381.529, "Actual Total Time": 1557.922, "Actual Rows": 10679, "Actual Loops": 1, "Recheck Cond": "(info_type_id = it1.id)", "Rows Removed by Index Recheck": 0, "Filter": "((note)::text ~~ '%internet%'::text)", "Rows Removed by Filter": 3026040, "Exact Heap Blocks": 21947, "Lossy Heap Blocks": 21947, "Plans": [{"Node Type": "Bitmap Index Scan", "Parent Relationship": "Outer", "Index Name": "info_type_id_movie_info", "Startup Cost": 0.0, "Total Cost": 4841.46, "Plan Rows": 212428, "Plan Width": 0, "Actual Startup Time": 376.581, "Actual Total Time": 376.581, "Actual Rows": 3036719, "Actual Loops": 1, "Index Cond": "(info_type_id = it1.id)"}]}]}, {"Node Type": "Index Scan", "Parent Relationship": "Inner", "Scan Direction": "Forward", "Index Name": "movie_id_aka_title", "Relation Name": "aka_title", "Alias": "at", "Startup Cost": 0.0, "Total Cost": 2.45, "Plan Rows": 3, "Plan Width": 25, "Actual Startup Time": 29.948, "Actual Total Time": 30.577, "Actual Rows": 591, "Actual Loops": 10679, "Index Cond": "(movie_id = mi.movie_id)", "Rows Removed by Index Recheck": 0}]}, {"Node Type": "Index Scan", "Parent Relationship": "Inner", "Scan Direction": "Forward", "Index Name": "movie_id_movie_companies", "Relation Name": "movie_companies", "Alias": "mc", "Startup Cost": 0.0, "Total Cost": 0.57, "Plan Rows": 2, "Plan Width": 12, "Actual Startup Time": 4.067, "Actual Total Time": 5.658, "Actual Rows": 2130, "Actual Loops": 591, "Index Cond": "(movie_id = at.movie_id)", "Rows Removed by Index Recheck": 0}]}, {"Node Type": "Index Scan", "Parent Relationship": "Inner", "Scan Direction": "Forward", "Index Name": "company_name_pkey", "Relation Name": "company_name", "Alias": "cn", "Startup Cost": 0.0, "Total Cost": 0.28, "Plan Rows": 1, "Plan Width": 4, "Actual Startup Time": 11.251, "Actual Total Time": 11.251, "Actual Rows": 896, "Actual Loops": 2130, "Index Cond": "(id = mc.company_id)", "Rows Removed by Index Recheck": 0, "Filter": "((country_code)::text = '[us]'::text)", "Rows Removed by Filter": 1234}]}, {"Node Type": "Index Only Scan", "Parent Relationship": "Inner", "Scan Direction": "Forward", "Index Name": "company_type_pkey", "Relation Name": "company_type", "Alias": "ct", "Startup Cost": 0.0, "Total Cost": 0.27, "Plan Rows": 1, "Plan Width": 4, "Actual Startup Time": 0.888, "Actual Total Time": 0.888, "Actual Rows": 382, "Actual Loops": 896, "Index Cond": "(id = mc.company_type_id)", "Rows Removed by Index Recheck": 0, "Heap Fetches": 0}]}, {"Node Type": "Index Scan", "Parent Relationship": "Inner", "Scan Direction": "Forward", "Index Name": "title_pkey", "Relation Name": "title", "Alias": "t", "Startup Cost": 0.0, "Total Cost": 0.34, "Plan Rows": 1, "Plan Width": 21, "Actual Startup Time": 2.434, "Actual Total Time": 2.434, "Actual Rows": 382, "Actual Loops": 382, "Index Cond": "(id = mc.movie_id)", "Rows Removed by Index Recheck": 0, "Filter": "(production_year > 1990)", "Rows Removed by Filter": 0}]}, {"Node Type": "Index Scan", "Parent Relationship": "Inner", "Scan Direction": "Forward", "Index Name": "movie_id_movie_keyword", "Relation Name": "movie_keyword", "Alias": "mk", "Startup Cost": 0.0, "Total Cost": 0.46, "Plan Rows": 8, "Plan Width": 8, "Actual Startup Time": 2.494, "Actual Total Time": 4.589, "Actual Rows": 4371, "Actual Loops": 382, "Index Cond": "(movie_id = mc.movie_id)", "Rows Removed by Index Recheck": 0}]}, {"Node Type": "Index Only Scan", "Parent Relationship": "Inner", "Scan Direction": "Forward", "Index Name": "keyword_pkey", "Relation Name": "keyword", "Alias": "k", "Startup Cost": 0.0, "Total Cost": 0.27, "Plan Rows": 1, "Plan Width": 4, "Actual Startup Time": 12.196, "Actual Total Time": 12.196, "Actual Rows": 4371, "Actual Loops": 4371, "Index Cond": "(id = mk.keyword_id)", "Rows Removed by Index Recheck": 0, "Heap Fetches": 0}]}]}, "Triggers": [], "Planner Runtime": 260, "Total Runtime": 1647.308, "Unique SQL Id": 2302223328}}, "(16, 98)": {"explain_plan": {"Plan": {"Node Type": "Aggregate", "Strategy": "Plain", "Startup Cost": 51037.92, "Total Cost": 51037.93, "Plan Rows": 1, "Plan Width": 102, "Plans": [{"Node Type": "Hash Join", "Parent Relationship": "Outer", "Join Type": "Inner", "Startup Cost": 3785.02, "Total Cost": 51003.4, "Plan Rows": 6905, "Plan Width": 38, "Inner Unique": true, "Hash Cond": "(mk.keyword_id = k.id)", "Plans": [{"Node Type": "Nested Loop", "Parent Relationship": "Outer", "Join Type": "Inner", "Startup Cost": 7.21, "Total Cost": 47130.16, "Plan Rows": 7042, "Plan Width": 42, "Inner Unique": false, "Join Filter": "(t.id = mk.movie_id)", "Plans": [{"Node Type": "Nested Loop", "Parent Relationship": "Outer", "Join Type": "Inner", "Startup Cost": 6.88, "Total Cost": 43168.46, "Plan Rows": 873, "Plan Width": 54, "Inner Unique": false, "Join Filter": "(t.id = at.movie_id)", "Plans": [{"Node Type": "Hash Join", "Parent Relationship": "Outer", "Join Type": "Inner", "Startup Cost": 6.6, "Total Cost": 41089.34, "Plan Rows": 478, "Plan Width": 29, "Inner Unique": true, "Hash Cond": "(mc.company_type_id = ct.id)", "Plans": [{"Node Type": "Nested Loop", "Parent Relationship": "Outer", "Join Type": "Inner", "Startup Cost": 5.53, "Total Cost": 41082.29, "Plan Rows": 478, "Plan Width": 33, "Inner Unique": true, "Plans": [{"Node Type": "Nested Loop", "Parent Relationship": "Outer", "Join Type": "Inner", "Startup Cost": 5.28, "Total Cost": 38649.34, "Plan Rows": 568, "Plan Width": 37, "Inner Unique": false, "Plans": [{"Node Type": "Nested Loop", "Parent Relationship": "Outer", "Join Type": "Inner", "Startup Cost": 4.99, "Total Cost": 37496.92, "Plan Rows": 266, "Plan Width": 25, "Inner Unique": true, "Plans": [{"Node Type": "Hash Join", "Parent Relationship": "Outer", "Join Type": "Inner", "Startup Cost": 2.41, "Total Cost": 36229.42, "Plan Rows": 192, "Plan Width": 4, "Inner Unique": true, "Hash Cond": "(mi.info_type_id = it1.id)", "Plans": [{"Node Type": "Streaming(type: LOCAL GATHER dop: 1/16)", "Parent Relationship": "Outer", "Startup Cost": 0.0, "Total Cost": 36174.77, "Plan Rows": 13419, "Plan Width": 8, "Plans": [{"Node Type": "Seq Scan", "Parent Relationship": "Outer", "Relation Name": "movie_info", "Alias": "mi", "Startup Cost": 0.0, "Total Cost": 35885.16, "Plan Rows": 13419, "Plan Width": 8, "Filter": "((note)::text ~~ '%internet%'::text)"}]}, {"Node Type": "Hash", "Parent Relationship": "Inner", "Startup Cost": 2.4, "Total Cost": 2.4, "Plan Rows": 1, "Plan Width": 4, "Plans": [{"Node Type": "Seq Scan", "Parent Relationship": "Outer", "Relation Name": "info_type", "Alias": "it1", "Startup Cost": 0.0, "Total Cost": 2.4, "Plan Rows": 1, "Plan Width": 4, "Filter": "((info)::text = 'release dates'::text)"}]}]}, {"Node Type": "Bitmap Heap Scan", "Parent Relationship": "Inner", "Relation Name": "title", "Alias": "t", "Startup Cost": 2.58, "Total Cost": 6.59, "Plan Rows": 1, "Plan Width": 21, "Recheck Cond": "(id = mi.movie_id)", "Filter": "(production_year > 1990)", "Plans": [{"Node Type": "Bitmap Index Scan", "Parent Relationship": "Outer", "Index Name": "title_pkey", "Startup Cost": 0.0, "Total Cost": 2.58, "Plan Rows": 1, "Plan Width": 0, "Index Cond": "(id = mi.movie_id)"}]}]}, {"Node Type": "Bitmap Heap Scan", "Parent Relationship": "Inner", "Relation Name": "movie_companies", "Alias": "mc", "Startup Cost": 0.29, "Total Cost": 4.31, "Plan Rows": 2, "Plan Width": 12, "Recheck Cond": "(movie_id = t.id)", "Plans": [{"Node Type": "Bitmap Index Scan", "Parent Relationship": "Outer", "Index Name": "movie_id_movie_companies", "Startup Cost": 0.0, "Total Cost": 0.29, "Plan Rows": 2, "Plan Width": 0, "Index Cond": "(movie_id = t.id)"}]}]}, {"Node Type": "Bitmap Heap Scan", "Parent Relationship": "Inner", "Relation Name": "company_name", "Alias": "cn", "Startup Cost": 0.26, "Total Cost": 4.27, "Plan Rows": 1, "Plan Width": 4, "Recheck Cond": "(id = mc.company_id)", "Filter": "((country_code)::text = '[us]'::text)", "Plans": [{"Node Type": "Bitmap Index Scan", "Parent Relationship": "Outer", "Index Name": "company_name_pkey", "Startup Cost": 0.0, "Total Cost": 0.26, "Plan Rows": 1, "Plan Width": 0, "Index Cond": "(id = mc.company_id)"}]}]}, {"Node Type": "Hash", "Parent Relationship": "Inner", "Startup Cost": 1.03, "Total Cost": 1.03, "Plan Rows": 3, "Plan Width": 4, "Plans": [{"Node Type": "Seq Scan", "Parent Relationship": "Outer", "Relation Name": "company_type", "Alias": "ct", "Startup Cost": 0.0, "Total Cost": 1.03, "Plan Rows": 3, "Plan Width": 4}]}]}, {"Node Type": "Bitmap Heap Scan", "Parent Relationship": "Inner", "Relation Name": "aka_title", "Alias": "at", "Startup Cost": 0.27, "Total Cost": 4.31, "Plan Rows": 3, "Plan Width": 25, "Recheck Cond": "(movie_id = mc.movie_id)", "Plans": [{"Node Type": "Bitmap Index Scan", "Parent Relationship": "Outer", "Index Name": "movie_id_aka_title", "Startup Cost": 0.0, "Total Cost": 0.27, "Plan Rows": 3, "Plan Width": 0, "Index Cond": "(movie_id = mc.movie_id)"}]}]}, {"Node Type": "Bitmap Heap Scan", "Parent Relationship": "Inner", "Relation Name": "movie_keyword", "Alias": "mk", "Startup Cost": 0.34, "Total Cost": 4.44, "Plan Rows": 8, "Plan Width": 8, "Recheck Cond": "(movie_id = mc.movie_id)", "Plans": [{"Node Type": "Bitmap Index Scan", "Parent Relationship": "Outer", "Index Name": "movie_id_movie_keyword", "Startup Cost": 0.0, "Total Cost": 0.34, "Plan Rows": 8, "Plan Width": 0, "Index Cond": "(movie_id = mc.movie_id)"}]}]}, {"Node Type": "Hash", "Parent Relationship": "Inner", "Startup Cost": 2100.69, "Total Cost": 2100.69, "Plan Rows": 134169, "Plan Width": 4, "Plans": [{"Node Type": "Seq Scan", "Parent Relationship": "Outer", "Relation Name": "keyword", "Alias": "k", "Startup Cost": 0.0, "Total Cost": 2100.69, "Plan Rows": 134169, "Plan Width": 4}]}]}]}, "Unique SQL Id": 2302223328, "Planner Runtime": 405}, "explain_analyze_plan": {"Plan": {"Node Type": "Aggregate", "Strategy": "Plain", "Startup Cost": 51037.92, "Total Cost": 51037.93, "Plan Rows": 1, "Plan Width": 102, "Actual Min Startup Time": 615.458, "Actual Max Startup Time": 615.458, "Actual Min Total Time": 615.458, "Actual Max Total Time": 615.458, "Plans": [{"Node Type": "Hash Join", "Parent Relationship": "Outer", "Join Type": "Inner", "Startup Cost": 3785.02, "Total Cost": 51003.4, "Plan Rows": 6905, "Plan Width": 38, "Actual Min Startup Time": 111.384, "Actual Max Startup Time": 111.384, "Actual Min Total Time": 612.985, "Actual Max Total Time": 612.985, "Inner Unique": true, "Hash Cond": "(mk.keyword_id = k.id)", "Plans": [{"Node Type": "Nested Loop", "Parent Relationship": "Outer", "Join Type": "Inner", "Startup Cost": 7.21, "Total Cost": 47130.16, "Plan Rows": 7042, "Plan Width": 42, "Actual Min Startup Time": 23.144, "Actual Max Startup Time": 23.144, "Actual Min Total Time": 521.995, "Actual Max Total Time": 521.995, "Inner Unique": false, "Join Filter": "(t.id = mk.movie_id)", "Rows Removed by Join Filter": 0, "Plans": [{"Node Type": "Nested Loop", "Parent Relationship": "Outer", "Join Type": "Inner", "Startup Cost": 6.88, "Total Cost": 43168.46, "Plan Rows": 873, "Plan Width": 54, "Actual Min Startup Time": 21.018, "Actual Max Startup Time": 21.018, "Actual Min Total Time": 515.169, "Actual Max Total Time": 515.169, "Inner Unique": false, "Join Filter": "(t.id = at.movie_id)", "Rows Removed by Join Filter": 0, "Plans": [{"Node Type": "Hash Join", "Parent Relationship": "Outer", "Join Type": "Inner", "Startup Cost": 6.6, "Total Cost": 41089.34, "Plan Rows": 478, "Plan Width": 29, "Actual Min Startup Time": 20.783, "Actual Max Startup Time": 20.783, "Actual Min Total Time": 482.766, "Actual Max Total Time": 482.766, "Inner Unique": true, "Hash Cond": "(mc.company_type_id = ct.id)", "Plans": [{"Node Type": "Nested Loop", "Parent Relationship": "Outer", "Join Type": "Inner", "Startup Cost": 5.53, "Total Cost": 41082.29, "Plan Rows": 478, "Plan Width": 33, "Actual Min Startup Time": 20.635, "Actual Max Startup Time": 20.635, "Actual Min Total Time": 477.85, "Actual Max Total Time": 477.85, "Inner Unique": true, "Plans": [{"Node Type": "Nested Loop", "Parent Relationship": "Outer", "Join Type": "Inner", "Startup Cost": 5.28, "Total Cost": 38649.34, "Plan Rows": 568, "Plan Width": 37, "Actual Min Startup Time": 20.593, "Actual Max Startup Time": 20.593, "Actual Min Total Time": 364.469, "Actual Max Total Time": 364.469, "Inner Unique": false, "Plans": [{"Node Type": "Nested Loop", "Parent Relationship": "Outer", "Join Type": "Inner", "Startup Cost": 4.99, "Total Cost": 37496.92, "Plan Rows": 266, "Plan Width": 25, "Actual Min Startup Time": 20.548, "Actual Max Startup Time": 20.548, "Actual Min Total Time": 255.208, "Actual Max Total Time": 255.208, "Inner Unique": true, "Plans": [{"Node Type": "Hash Join", "Parent Relationship": "Outer", "Join Type": "Inner", "Startup Cost": 2.41, "Total Cost": 36229.42, "Plan Rows": 192, "Plan Width": 4, "Actual Min Startup Time": 20.474, "Actual Max Startup Time": 20.474, "Actual Min Total Time": 151.117, "Actual Max Total Time": 151.117, "Inner Unique": true, "Hash Cond": "(mi.info_type_id = it1.id)", "Plans": [{"Node Type": "Streaming(type: LOCAL GATHER dop: 1/16)", "Parent Relationship": "Outer", "Startup Cost": 0.0, "Total Cost": 36174.77, "Plan Rows": 13419, "Plan Width": 8, "Actual Min Startup Time": 20.308, "Actual Max Startup Time": 20.308, "Actual Min Total Time": 143.938, "Actual Max Total Time": 143.938, "Plans": [{"Node Type": "Seq Scan", "Parent Relationship": "Outer", "Relation Name": "movie_info", "Alias": "mi", "Startup Cost": 0.0, "Total Cost": 35885.16, "Plan Rows": 13419, "Plan Width": 8, "Actual Min Startup Time": 7.318, "Actual Max Startup Time": 78.554, "Actual Min Total Time": 272.527, "Actual Max Total Time": 281.814, "Filter": "((note)::text ~~ '%internet%'::text)", "Rows Removed by Filter": 14824909, "Actual Rows": 10810}], "Actual Rows": 10810}, {"Node Type": "Hash", "Parent Relationship": "Inner", "Startup Cost": 2.4, "Total Cost": 2.4, "Plan Rows": 1, "Plan Width": 4, "Actual Min Startup Time": 0.094, "Actual Max Startup Time": 0.094, "Actual Min Total Time": 0.094, "Actual Max Total Time": 0.094, "Max Hash Buckets": 32768, "Min Hash Buckets": 32768, "Max Hash Batches": 1, "Min Hash Batches": 1, "Max Original Hash Batches": 1, "Min Original Hash Batches": 1, "Max Peak Memory Usage": 1, "min Peak Memory Usage": 1, "Plans": [{"Node Type": "Seq Scan", "Parent Relationship": "Outer", "Relation Name": "info_type", "Alias": "it1", "Startup Cost": 0.0, "Total Cost": 2.4, "Plan Rows": 1, "Plan Width": 4, "Actual Min Startup Time": 0.071, "Actual Max Startup Time": 0.071, "Actual Min Total Time": 0.091, "Actual Max Total Time": 0.091, "Filter": "((info)::text = 'release dates'::text)", "Rows Removed by Filter": 111, "Actual Rows": 1}], "Actual Rows": 1}], "Actual Rows": 10679}, {"Node Type": "Bitmap Heap Scan", "Parent Relationship": "Inner", "Relation Name": "title", "Alias": "t", "Startup Cost": 2.58, "Total Cost": 6.59, "Plan Rows": 1, "Plan Width": 21, "Actual Min Startup Time": 89.387, "Actual Max Startup Time": 89.387, "Actual Min Total Time": 89.387, "Actual Max Total Time": 89.387, "Recheck Cond": "(id = mi.movie_id)", "Rows Removed by Index Recheck": 0, "Filter": "(production_year > 1990)", "Rows Removed by Filter": 17, "Exact Heap Blocks": 10679, "Lossy Heap Blocks": 10679, "Plans": [{"Node Type": "Bitmap Index Scan", "Parent Relationship": "Outer", "Index Name": "title_pkey", "Startup Cost": 0.0, "Total Cost": 2.58, "Plan Rows": 1, "Plan Width": 0, "Actual Min Startup Time": 46.369, "Actual Max Startup Time": 46.369, "Actual Min Total Time": 46.369, "Actual Max Total Time": 46.369, "Index Cond": "(id = mi.movie_id)", "Actual Rows": 10679}], "Actual Rows": 10662}], "Actual Rows": 10662}, {"Node Type": "Bitmap Heap Scan", "Parent Relationship": "Inner", "Relation Name": "movie_companies", "Alias": "mc", "Startup Cost": 0.29, "Total Cost": 4.31, "Plan Rows": 2, "Plan Width": 12, "Actual Min Startup Time": 81.375, "Actual Max Startup Time": 81.375, "Actual Min Total Time": 92.634, "Actual Max Total Time": 92.634, "Recheck Cond": "(movie_id = t.id)", "Rows Removed by Index Recheck": 0, "Exact Heap Blocks": 11694, "Lossy Heap Blocks": 11694, "Plans": [{"Node Type": "Bitmap Index Scan", "Parent Relationship": "Outer", "Index Name": "movie_id_movie_companies", "Startup Cost": 0.0, "Total Cost": 0.29, "Plan Rows": 2, "Plan Width": 0, "Actual Min Startup Time": 52.33, "Actual Max Startup Time": 52.33, "Actual Min Total Time": 52.33, "Actual Max Total Time": 52.33, "Index Cond": "(movie_id = t.id)", "Actual Rows": 14377}], "Actual Rows": 14377}], "Actual Rows": 14377}, {"Node Type": "Bitmap Heap Scan", "Parent Relationship": "Inner", "Relation Name": "company_name", "Alias": "cn", "Startup Cost": 0.26, "Total Cost": 4.27, "Plan Rows": 1, "Plan Width": 4, "Actual Min Startup Time": 95.036, "Actual Max Startup Time": 95.036, "Actual Min Total Time": 95.036, "Actual Max Total Time": 95.036, "Recheck Cond": "(id = mc.company_id)", "Rows Removed by Index Recheck": 0, "Filter": "((country_code)::text = '[us]'::text)", "Rows Removed by Filter": 4520, "Exact Heap Blocks": 14377, "Lossy Heap Blocks": 14377, "Plans": [{"Node Type": "Bitmap Index Scan", "Parent Relationship": "Outer", "Index Name": "company_name_pkey", "Startup Cost": 0.0, "Total Cost": 0.26, "Plan Rows": 1, "Plan Width": 0, "Actual Min Startup Time": 50.574, "Actual Max Startup Time": 50.574, "Actual Min Total Time": 50.574, "Actual Max Total Time": 50.574, "Index Cond": "(id = mc.company_id)", "Actual Rows": 14377}], "Actual Rows": 9857}], "Actual Rows": 9857}, {"Node Type": "Hash", "Parent Relationship": "Inner", "Startup Cost": 1.03, "Total Cost": 1.03, "Plan Rows": 3, "Plan Width": 4, "Actual Min Startup Time": 0.032, "Actual Max Startup Time": 0.032, "Actual Min Total Time": 0.032, "Actual Max Total Time": 0.032, "Max Hash Buckets": 32768, "Min Hash Buckets": 32768, "Max Hash Batches": 1, "Min Hash Batches": 1, "Max Original Hash Batches": 1, "Min Original Hash Batches": 1, "Max Peak Memory Usage": 1, "min Peak Memory Usage": 1, "Plans": [{"Node Type": "Seq Scan", "Parent Relationship": "Outer", "Relation Name": "company_type", "Alias": "ct", "Startup Cost": 0.0, "Total Cost": 1.03, "Plan Rows": 3, "Plan Width": 4, "Actual Min Startup Time": 0.013, "Actual Max Startup Time": 0.013, "Actual Min Total Time": 0.015, "Actual Max Total Time": 0.015, "Actual Rows": 3}], "Actual Rows": 3}], "Actual Rows": 5914}, {"Node Type": "Bitmap Heap Scan", "Parent Relationship": "Inner", "Relation Name": "aka_title", "Alias": "at", "Startup Cost": 0.27, "Total Cost": 4.31, "Plan Rows": 3, "Plan Width": 25, "Actual Min Startup Time": 24.366, "Actual Max Startup Time": 24.366, "Actual Min Total Time": 24.664, "Actual Max Total Time": 24.664, "Recheck Cond": "(movie_id = mc.movie_id)", "Rows Removed by Index Recheck": 0, "Exact Heap Blocks": 382, "Lossy Heap Blocks": 382, "Plans": [{"Node Type": "Bitmap Index Scan", "Parent Relationship": "Outer", "Index Name": "movie_id_aka_title", "Startup Cost": 0.0, "Total Cost": 0.27, "Plan Rows": 3, "Plan Width": 0, "Actual Min Startup Time": 19.996, "Actual Max Startup Time": 19.996, "Actual Min Total Time": 19.996, "Actual Max Total Time": 19.996, "Index Cond": "(movie_id = mc.movie_id)", "Actual Rows": 382}], "Actual Rows": 382}], "Actual Rows": 382}, {"Node Type": "Bitmap Heap Scan", "Parent Relationship": "Inner", "Relation Name": "movie_keyword", "Alias": "mk", "Startup Cost": 0.34, "Total Cost": 4.44, "Plan Rows": 8, "Plan Width": 8, "Actual Min Startup Time": 4.128, "Actual Max Startup Time": 4.128, "Actual Min Total Time": 4.711, "Actual Max Total Time": 4.711, "Recheck Cond": "(movie_id = mc.movie_id)", "Rows Removed by Index Recheck": 0, "Exact Heap Blocks": 276, "Lossy Heap Blocks": 276, "Plans": [{"Node Type": "Bitmap Index Scan", "Parent Relationship": "Outer", "Index Name": "movie_id_movie_keyword", "Startup Cost": 0.0, "Total Cost": 0.34, "Plan Rows": 8, "Plan Width": 0, "Actual Min Startup Time": 2.604, "Actual Max Startup Time": 2.604, "Actual Min Total Time": 2.604, "Actual Max Total Time": 2.604, "Index Cond": "(movie_id = mc.movie_id)", "Actual Rows": 4371}], "Actual Rows": 4371}], "Actual Rows": 4371}, {"Node Type": "Hash", "Parent Relationship": "Inner", "Startup Cost": 2100.69, "Total Cost": 2100.69, "Plan Rows": 134169, "Plan Width": 4, "Actual Min Startup Time": 87.81, "Actual Max Startup Time": 87.81, "Actual Min Total Time": 87.81, "Actual Max Total Time": 87.81, "Max Hash Buckets": 262144, "Min Hash Buckets": 262144, "Max Hash Batches": 1, "Min Hash Batches": 1, "Max Original Hash Batches": 1, "Min Original Hash Batches": 1, "Max Peak Memory Usage": 4717, "min Peak Memory Usage": 4717, "Plans": [{"Node Type": "Seq Scan", "Parent Relationship": "Outer", "Relation Name": "keyword", "Alias": "k", "Startup Cost": 0.0, "Total Cost": 2100.69, "Plan Rows": 134169, "Plan Width": 4, "Actual Min Startup Time": 0.082, "Actual Max Startup Time": 0.082, "Actual Min Total Time": 39.486, "Actual Max Total Time": 39.486, "Actual Rows": 134169}], "Actual Rows": 134169}], "Actual Rows": 4371}], "Actual Rows": 1}, "Triggers": [], "Planner Runtime": 402, "Total Runtime": 620.28, "Unique SQL Id": 2302223328}}, "(16, 99)": {"explain_plan": {"Plan": {"Node Type": "Aggregate", "Strategy": "Plain", "Startup Cost": 179468.29, "Total Cost": 179468.3, "Plan Rows": 1, "Plan Width": 102, "Plans": [{"Node Type": "Hash Join", "Parent Relationship": "Outer", "Join Type": "Inner", "Startup Cost": 9396.83, "Total Cost": 179433.77, "Plan Rows": 6905, "Plan Width": 38, "Inner Unique": true, "Hash Cond": "(mk.keyword_id = k.id)", "Plans": [{"Node Type": "Nested Loop", "Parent Relationship": "Outer", "Join Type": "Inner", "Startup Cost": 4866.39, "Total Cost": 174807.89, "Plan Rows": 7042, "Plan Width": 42, "Inner Unique": false, "Join Filter": "(t.id = mk.movie_id)", "Plans": [{"Node Type": "Nested Loop", "Parent Relationship": "Outer", "Join Type": "Inner", "Startup Cost": 4866.05, "Total Cost": 170846.19, "Plan Rows": 873, "Plan Width": 54, "Inner Unique": false, "Join Filter": "(t.id = at.movie_id)", "Plans": [{"Node Type": "Hash Join", "Parent Relationship": "Outer", "Join Type": "Inner", "Startup Cost": 4865.77, "Total Cost": 168767.07, "Plan Rows": 478, "Plan Width": 29, "Inner Unique": true, "Hash Cond": "(mc.company_type_id = ct.id)", "Plans": [{"Node Type": "Nested Loop", "Parent Relationship": "Outer", "Join Type": "Inner", "Startup Cost": 4853.44, "Total Cost": 168748.76, "Plan Rows": 478, "Plan Width": 33, "Inner Unique": true, "Plans": [{"Node Type": "Nested Loop", "Parent Relationship": "Outer", "Join Type": "Inner", "Startup Cost": 4853.18, "Total Cost": 166315.81, "Plan Rows": 568, "Plan Width": 37, "Inner Unique": false, "Plans": [{"Node Type": "Nested Loop", "Parent Relationship": "Outer", "Join Type": "Inner", "Startup Cost": 4852.89, "Total Cost": 165163.39, "Plan Rows": 266, "Plan Width": 25, "Inner Unique": true, "Plans": [{"Node Type": "Nested Loop", "Parent Relationship": "Outer", "Join Type": "Inner", "Startup Cost": 4850.32, "Total Cost": 163895.89, "Plan Rows": 192, "Plan Width": 4, "Inner Unique": false, "Plans": [{"Node Type": "Bitmap Heap Scan", "Parent Relationship": "Outer", "Relation Name": "info_type", "Alias": "it1", "Startup Cost": 8.81, "Total Cost": 14.21, "Plan Rows": 1, "Plan Width": 4, "Filter": "((info)::text = 'release dates'::text)", "Plans": [{"Node Type": "Bitmap Index Scan", "Parent Relationship": "Outer", "Index Name": "info_type_pkey", "Startup Cost": 0.0, "Total Cost": 8.81, "Plan Rows": 112, "Plan Width": 0}]}, {"Node Type": "Bitmap Heap Scan", "Parent Relationship": "Inner", "Relation Name": "movie_info", "Alias": "mi", "Startup Cost": 4841.51, "Total Cost": 163879.76, "Plan Rows": 192, "Plan Width": 8, "Recheck Cond": "(info_type_id = it1.id)", "Filter": "((note)::text ~~ '%internet%'::text)", "Plans": [{"Node Type": "Bitmap Index Scan", "Parent Relationship": "Outer", "Index Name": "info_type_id_movie_info", "Startup Cost": 0.0, "Total Cost": 4841.46, "Plan Rows": 212428, "Plan Width": 0, "Index Cond": "(info_type_id = it1.id)"}]}]}, {"Node Type": "Bitmap Heap Scan", "Parent Relationship": "Inner", "Relation Name": "title", "Alias": "t", "Startup Cost": 2.58, "Total Cost": 6.59, "Plan Rows": 1, "Plan Width": 21, "Recheck Cond": "(id = mi.movie_id)", "Filter": "(production_year > 1990)", "Plans": [{"Node Type": "Bitmap Index Scan", "Parent Relationship": "Outer", "Index Name": "title_pkey", "Startup Cost": 0.0, "Total Cost": 2.58, "Plan Rows": 1, "Plan Width": 0, "Index Cond": "(id = mi.movie_id)"}]}]}, {"Node Type": "Bitmap Heap Scan", "Parent Relationship": "Inner", "Relation Name": "movie_companies", "Alias": "mc", "Startup Cost": 0.29, "Total Cost": 4.31, "Plan Rows": 2, "Plan Width": 12, "Recheck Cond": "(movie_id = t.id)", "Plans": [{"Node Type": "Bitmap Index Scan", "Parent Relationship": "Outer", "Index Name": "movie_id_movie_companies", "Startup Cost": 0.0, "Total Cost": 0.29, "Plan Rows": 2, "Plan Width": 0, "Index Cond": "(movie_id = t.id)"}]}]}, {"Node Type": "Bitmap Heap Scan", "Parent Relationship": "Inner", "Relation Name": "company_name", "Alias": "cn", "Startup Cost": 0.26, "Total Cost": 4.27, "Plan Rows": 1, "Plan Width": 4, "Recheck Cond": "(id = mc.company_id)", "Filter": "((country_code)::text = '[us]'::text)", "Plans": [{"Node Type": "Bitmap Index Scan", "Parent Relationship": "Outer", "Index Name": "company_name_pkey", "Startup Cost": 0.0, "Total Cost": 0.26, "Plan Rows": 1, "Plan Width": 0, "Index Cond": "(id = mc.company_id)"}]}]}, {"Node Type": "Hash", "Parent Relationship": "Inner", "Startup Cost": 12.3, "Total Cost": 12.3, "Plan Rows": 3, "Plan Width": 4, "Plans": [{"Node Type": "Bitmap Heap Scan", "Parent Relationship": "Outer", "Relation Name": "company_type", "Alias": "ct", "Startup Cost": 8.27, "Total Cost": 12.3, "Plan Rows": 3, "Plan Width": 4, "Plans": [{"Node Type": "Bitmap Index Scan", "Parent Relationship": "Outer", "Index Name": "company_type_pkey", "Startup Cost": 0.0, "Total Cost": 8.27, "Plan Rows": 3, "Plan Width": 0}]}]}]}, {"Node Type": "Bitmap Heap Scan", "Parent Relationship": "Inner", "Relation Name": "aka_title", "Alias": "at", "Startup Cost": 0.27, "Total Cost": 4.31, "Plan Rows": 3, "Plan Width": 25, "Recheck Cond": "(movie_id = mc.movie_id)", "Plans": [{"Node Type": "Bitmap Index Scan", "Parent Relationship": "Outer", "Index Name": "movie_id_aka_title", "Startup Cost": 0.0, "Total Cost": 0.27, "Plan Rows": 3, "Plan Width": 0, "Index Cond": "(movie_id = mc.movie_id)"}]}]}, {"Node Type": "Bitmap Heap Scan", "Parent Relationship": "Inner", "Relation Name": "movie_keyword", "Alias": "mk", "Startup Cost": 0.34, "Total Cost": 4.44, "Plan Rows": 8, "Plan Width": 8, "Recheck Cond": "(movie_id = mc.movie_id)", "Plans": [{"Node Type": "Bitmap Index Scan", "Parent Relationship": "Outer", "Index Name": "movie_id_movie_keyword", "Startup Cost": 0.0, "Total Cost": 0.34, "Plan Rows": 8, "Plan Width": 0, "Index Cond": "(movie_id = mc.movie_id)"}]}]}, {"Node Type": "Hash", "Parent Relationship": "Inner", "Startup Cost": 2853.33, "Total Cost": 2853.33, "Plan Rows": 134169, "Plan Width": 4, "Plans": [{"Node Type": "Bitmap Heap Scan", "Parent Relationship": "Outer", "Relation Name": "keyword", "Alias": "k", "Startup Cost": 752.64, "Total Cost": 2853.33, "Plan Rows": 134169, "Plan Width": 4, "Plans": [{"Node Type": "Bitmap Index Scan", "Parent Relationship": "Outer", "Index Name": "keyword_pkey", "Startup Cost": 0.0, "Total Cost": 719.1, "Plan Rows": 134169, "Plan Width": 0}]}]}]}]}, "Unique SQL Id": 2302223328, "Planner Runtime": 132}, "explain_analyze_plan": null}, "(16, 100)": {"explain_plan": {"Plan": {"Node Type": "Aggregate", "Strategy": "Plain", "Startup Cost": 40197.36, "Total Cost": 40197.37, "Plan Rows": 1, "Plan Width": 102, "Plans": [{"Node Type": "Nested Loop", "Parent Relationship": "Outer", "Join Type": "Inner", "Startup Cost": 2.41, "Total Cost": 40162.84, "Plan Rows": 6905, "Plan Width": 38, "Inner Unique": true, "Plans": [{"Node Type": "Nested Loop", "Parent Relationship": "Outer", "Join Type": "Inner", "Startup Cost": 2.41, "Total Cost": 38186.28, "Plan Rows": 7042, "Plan Width": 42, "Inner Unique": false, "Join Filter": "(t.id = mk.movie_id)", "Plans": [{"Node Type": "Nested Loop", "Parent Relationship": "Outer", "Join Type": "Inner", "Startup Cost": 2.41, "Total Cost": 37695.3, "Plan Rows": 873, "Plan Width": 54, "Inner Unique": true, "Join Filter": "(at.movie_id = t.id)", "Plans": [{"Node Type": "Nested Loop", "Parent Relationship": "Outer", "Join Type": "Inner", "Startup Cost": 2.41, "Total Cost": 37473.22, "Plan Rows": 630, "Plan Width": 33, "Inner Unique": true, "Plans": [{"Node Type": "Nested Loop", "Parent Relationship": "Outer", "Join Type": "Inner", "Startup Cost": 2.41, "Total Cost": 37296.82, "Plan Rows": 630, "Plan Width": 37, "Inner Unique": true, "Plans": [{"Node Type": "Nested Loop", "Parent Relationship": "Outer", "Join Type": "Inner", "Startup Cost": 2.41, "Total Cost": 36994.2, "Plan Rows": 1052, "Plan Width": 41, "Inner Unique": false, "Plans": [{"Node Type": "Nested Loop", "Parent Relationship": "Outer", "Join Type": "Inner", "Startup Cost": 2.41, "Total Cost": 36705.12, "Plan Rows": 490, "Plan Width": 29, "Inner Unique": false, "Plans": [{"Node Type": "Hash Join", "Parent Relationship": "Outer", "Join Type": "Inner", "Startup Cost": 2.41, "Total Cost": 36229.42, "Plan Rows": 192, "Plan Width": 4, "Inner Unique": true, "Hash Cond": "(mi.info_type_id = it1.id)", "Plans": [{"Node Type": "Streaming(type: LOCAL GATHER dop: 1/16)", "Parent Relationship": "Outer", "Startup Cost": 0.0, "Total Cost": 36174.77, "Plan Rows": 13419, "Plan Width": 8, "Plans": [{"Node Type": "Seq Scan", "Parent Relationship": "Outer", "Relation Name": "movie_info", "Alias": "mi", "Startup Cost": 0.0, "Total Cost": 35885.16, "Plan Rows": 13419, "Plan Width": 8, "Filter": "((note)::text ~~ '%internet%'::text)"}]}, {"Node Type": "Hash", "Parent Relationship": "Inner", "Startup Cost": 2.4, "Total Cost": 2.4, "Plan Rows": 1, "Plan Width": 4, "Plans": [{"Node Type": "Seq Scan", "Parent Relationship": "Outer", "Relation Name": "info_type", "Alias": "it1", "Startup Cost": 0.0, "Total Cost": 2.4, "Plan Rows": 1, "Plan Width": 4, "Filter": "((info)::text = 'release dates'::text)"}]}]}, {"Node Type": "Index Scan", "Parent Relationship": "Inner", "Scan Direction": "Forward", "Index Name": "movie_id_aka_title", "Relation Name": "aka_title", "Alias": "at", "Startup Cost": 0.0, "Total Cost": 2.45, "Plan Rows": 3, "Plan Width": 25, "Index Cond": "(movie_id = mi.movie_id)"}]}, {"Node Type": "Index Scan", "Parent Relationship": "Inner", "Scan Direction": "Forward", "Index Name": "movie_id_movie_companies", "Relation Name": "movie_companies", "Alias": "mc", "Startup Cost": 0.0, "Total Cost": 0.57, "Plan Rows": 2, "Plan Width": 12, "Index Cond": "(movie_id = at.movie_id)"}]}, {"Node Type": "Index Scan", "Parent Relationship": "Inner", "Scan Direction": "Forward", "Index Name": "company_name_pkey", "Relation Name": "company_name", "Alias": "cn", "Startup Cost": 0.0, "Total Cost": 0.28, "Plan Rows": 1, "Plan Width": 4, "Index Cond": "(id = mc.company_id)", "Filter": "((country_code)::text = '[us]'::text)"}]}, {"Node Type": "Index Scan", "Parent Relationship": "Inner", "Scan Direction": "Forward", "Index Name": "company_type_pkey", "Relation Name": "company_type", "Alias": "ct", "Startup Cost": 0.0, "Total Cost": 0.27, "Plan Rows": 1, "Plan Width": 4, "Index Cond": "(id = mc.company_type_id)"}]}, {"Node Type": "Index Scan", "Parent Relationship": "Inner", "Scan Direction": "Forward", "Index Name": "title_pkey", "Relation Name": "title", "Alias": "t", "Startup Cost": 0.0, "Total Cost": 0.34, "Plan Rows": 1, "Plan Width": 21, "Index Cond": "(id = mc.movie_id)", "Filter": "(production_year > 1990)"}]}, {"Node Type": "Index Scan", "Parent Relationship": "Inner", "Scan Direction": "Forward", "Index Name": "movie_id_movie_keyword", "Relation Name": "movie_keyword", "Alias": "mk", "Startup Cost": 0.0, "Total Cost": 0.46, "Plan Rows": 8, "Plan Width": 8, "Index Cond": "(movie_id = mc.movie_id)"}]}, {"Node Type": "Index Scan", "Parent Relationship": "Inner", "Scan Direction": "Forward", "Index Name": "keyword_pkey", "Relation Name": "keyword", "Alias": "k", "Startup Cost": 0.0, "Total Cost": 0.27, "Plan Rows": 1, "Plan Width": 4, "Index Cond": "(id = mk.keyword_id)"}]}]}, "Unique SQL Id": 2302223328, "Planner Runtime": 307}, "explain_analyze_plan": {"Plan": {"Node Type": "Aggregate", "Strategy": "Plain", "Startup Cost": 40197.36, "Total Cost": 40197.37, "Plan Rows": 1, "Plan Width": 102, "Actual Min Startup Time": 368.664, "Actual Max Startup Time": 368.664, "Actual Min Total Time": 368.665, "Actual Max Total Time": 368.665, "Plans": [{"Node Type": "Nested Loop", "Parent Relationship": "Outer", "Join Type": "Inner", "Startup Cost": 2.41, "Total Cost": 40162.84, "Plan Rows": 6905, "Plan Width": 38, "Actual Min Startup Time": 117.996, "Actual Max Startup Time": 117.996, "Actual Min Total Time": 365.91, "Actual Max Total Time": 365.91, "Inner Unique": true, "Plans": [{"Node Type": "Nested Loop", "Parent Relationship": "Outer", "Join Type": "Inner", "Startup Cost": 2.41, "Total Cost": 38186.28, "Plan Rows": 7042, "Plan Width": 42, "Actual Min Startup Time": 117.971, "Actual Max Startup Time": 117.971, "Actual Min Total Time": 344.436, "Actual Max Total Time": 344.436, "Inner Unique": false, "Join Filter": "(t.id = mk.movie_id)", "Rows Removed by Join Filter": 0, "Plans": [{"Node Type": "Nested Loop", "Parent Relationship": "Outer", "Join Type": "Inner", "Startup Cost": 2.41, "Total Cost": 37695.3, "Plan Rows": 873, "Plan Width": 54, "Actual Min Startup Time": 112.955, "Actual Max Startup Time": 112.955, "Actual Min Total Time": 337.669, "Actual Max Total Time": 337.669, "Inner Unique": true, "Join Filter": "(at.movie_id = t.id)", "Rows Removed by Join Filter": 0, "Plans": [{"Node Type": "Nested Loop", "Parent Relationship": "Outer", "Join Type": "Inner", "Startup Cost": 2.41, "Total Cost": 37473.22, "Plan Rows": 630, "Plan Width": 33, "Actual Min Startup Time": 112.912, "Actual Max Startup Time": 112.912, "Actual Min Total Time": 334.151, "Actual Max Total Time": 334.151, "Inner Unique": true, "Plans": [{"Node Type": "Nested Loop", "Parent Relationship": "Outer", "Join Type": "Inner", "Startup Cost": 2.41, "Total Cost": 37296.82, "Plan Rows": 630, "Plan Width": 37, "Actual Min Startup Time": 112.886, "Actual Max Startup Time": 112.886, "Actual Min Total Time": 332.273, "Actual Max Total Time": 332.273, "Inner Unique": true, "Plans": [{"Node Type": "Nested Loop", "Parent Relationship": "Outer", "Join Type": "Inner", "Startup Cost": 2.41, "Total Cost": 36994.2, "Plan Rows": 1052, "Plan Width": 41, "Actual Min Startup Time": 112.85, "Actual Max Startup Time": 112.85, "Actual Min Total Time": 318.424, "Actual Max Total Time": 318.424, "Inner Unique": false, "Plans": [{"Node Type": "Nested Loop", "Parent Relationship": "Outer", "Join Type": "Inner", "Startup Cost": 2.41, "Total Cost": 36705.12, "Plan Rows": 490, "Plan Width": 29, "Actual Min Startup Time": 112.809, "Actual Max Startup Time": 112.809, "Actual Min Total Time": 310.819, "Actual Max Total Time": 310.819, "Inner Unique": false, "Plans": [{"Node Type": "Hash Join", "Parent Relationship": "Outer", "Join Type": "Inner", "Startup Cost": 2.41, "Total Cost": 36229.42, "Plan Rows": 192, "Plan Width": 4, "Actual Min Startup Time": 112.687, "Actual Max Startup Time": 112.687, "Actual Min Total Time": 273.006, "Actual Max Total Time": 273.006, "Inner Unique": true, "Hash Cond": "(mi.info_type_id = it1.id)", "Plans": [{"Node Type": "Streaming(type: LOCAL GATHER dop: 1/16)", "Parent Relationship": "Outer", "Startup Cost": 0.0, "Total Cost": 36174.77, "Plan Rows": 13419, "Plan Width": 8, "Actual Min Startup Time": 112.482, "Actual Max Startup Time": 112.482, "Actual Min Total Time": 267.227, "Actual Max Total Time": 267.227, "Plans": [{"Node Type": "Seq Scan", "Parent Relationship": "Outer", "Relation Name": "movie_info", "Alias": "mi", "Startup Cost": 0.0, "Total Cost": 35885.16, "Plan Rows": 13419, "Plan Width": 8, "Actual Min Startup Time": 7.361, "Actual Max Startup Time": 78.352, "Actual Min Total Time": 250.346, "Actual Max Total Time": 283.181, "Filter": "((note)::text ~~ '%internet%'::text)", "Rows Removed by Filter": 14824909, "Actual Rows": 10810}], "Actual Rows": 10810}, {"Node Type": "Hash", "Parent Relationship": "Inner", "Startup Cost": 2.4, "Total Cost": 2.4, "Plan Rows": 1, "Plan Width": 4, "Actual Min Startup Time": 0.096, "Actual Max Startup Time": 0.096, "Actual Min Total Time": 0.096, "Actual Max Total Time": 0.096, "Max Hash Buckets": 32768, "Min Hash Buckets": 32768, "Max Hash Batches": 1, "Min Hash Batches": 1, "Max Original Hash Batches": 1, "Min Original Hash Batches": 1, "Max Peak Memory Usage": 1, "min Peak Memory Usage": 1, "Plans": [{"Node Type": "Seq Scan", "Parent Relationship": "Outer", "Relation Name": "info_type", "Alias": "it1", "Startup Cost": 0.0, "Total Cost": 2.4, "Plan Rows": 1, "Plan Width": 4, "Actual Min Startup Time": 0.056, "Actual Max Startup Time": 0.056, "Actual Min Total Time": 0.079, "Actual Max Total Time": 0.079, "Filter": "((info)::text = 'release dates'::text)", "Rows Removed by Filter": 111, "Actual Rows": 1}], "Actual Rows": 1}], "Actual Rows": 10679}, {"Node Type": "Index Scan", "Parent Relationship": "Inner", "Scan Direction": "Forward", "Index Name": "movie_id_aka_title", "Relation Name": "aka_title", "Alias": "at", "Startup Cost": 0.0, "Total Cost": 2.45, "Plan Rows": 3, "Plan Width": 25, "Actual Min Startup Time": 31.878, "Actual Max Startup Time": 31.878, "Actual Min Total Time": 32.6, "Actual Max Total Time": 32.6, "Index Cond": "(movie_id = mi.movie_id)", "Rows Removed by Index Recheck": 0, "Actual Rows": 591}], "Actual Rows": 591}, {"Node Type": "Index Scan", "Parent Relationship": "Inner", "Scan Direction": "Forward", "Index Name": "movie_id_movie_companies", "Relation Name": "movie_companies", "Alias": "mc", "Startup Cost": 0.0, "Total Cost": 0.57, "Plan Rows": 2, "Plan Width": 12, "Actual Min Startup Time": 4.798, "Actual Max Startup Time": 4.798, "Actual Min Total Time": 6.587, "Actual Max Total Time": 6.587, "Index Cond": "(movie_id = at.movie_id)", "Rows Removed by Index Recheck": 0, "Actual Rows": 2130}], "Actual Rows": 2130}, {"Node Type": "Index Scan", "Parent Relationship": "Inner", "Scan Direction": "Forward", "Index Name": "company_name_pkey", "Relation Name": "company_name", "Alias": "cn", "Startup Cost": 0.0, "Total Cost": 0.28, "Plan Rows": 1, "Plan Width": 4, "Actual Min Startup Time": 12.301, "Actual Max Startup Time": 12.301, "Actual Min Total Time": 12.301, "Actual Max Total Time": 12.301, "Index Cond": "(id = mc.company_id)", "Rows Removed by Index Recheck": 0, "Filter": "((country_code)::text = '[us]'::text)", "Rows Removed by Filter": 1234, "Actual Rows": 896}], "Actual Rows": 896}, {"Node Type": "Index Scan", "Parent Relationship": "Inner", "Scan Direction": "Forward", "Index Name": "company_type_pkey", "Relation Name": "company_type", "Alias": "ct", "Startup Cost": 0.0, "Total Cost": 0.27, "Plan Rows": 1, "Plan Width": 4, "Actual Min Startup Time": 1.082, "Actual Max Startup Time": 1.082, "Actual Min Total Time": 1.082, "Actual Max Total Time": 1.082, "Index Cond": "(id = mc.company_type_id)", "Rows Removed by Index Recheck": 0, "Actual Rows": 382}], "Actual Rows": 382}, {"Node Type": "Index Scan", "Parent Relationship": "Inner", "Scan Direction": "Forward", "Index Name": "title_pkey", "Relation Name": "title", "Alias": "t", "Startup Cost": 0.0, "Total Cost": 0.34, "Plan Rows": 1, "Plan Width": 21, "Actual Min Startup Time": 2.842, "Actual Max Startup Time": 2.842, "Actual Min Total Time": 2.842, "Actual Max Total Time": 2.842, "Index Cond": "(id = mc.movie_id)", "Rows Removed by Index Recheck": 0, "Filter": "(production_year > 1990)", "Rows Removed by Filter": 0, "Actual Rows": 382}], "Actual Rows": 382}, {"Node Type": "Index Scan", "Parent Relationship": "Inner", "Scan Direction": "Forward", "Index Name": "movie_id_movie_keyword", "Relation Name": "movie_keyword", "Alias": "mk", "Startup Cost": 0.0, "Total Cost": 0.46, "Plan Rows": 8, "Plan Width": 8, "Actual Min Startup Time": 2.887, "Actual Max Startup Time": 2.887, "Actual Min Total Time": 4.841, "Actual Max Total Time": 4.841, "Index Cond": "(movie_id = mc.movie_id)", "Rows Removed by Index Recheck": 0, "Actual Rows": 4371}], "Actual Rows": 4371}, {"Node Type": "Index Scan", "Parent Relationship": "Inner", "Scan Direction": "Forward", "Index Name": "keyword_pkey", "Relation Name": "keyword", "Alias": "k", "Startup Cost": 0.0, "Total Cost": 0.27, "Plan Rows": 1, "Plan Width": 4, "Actual Min Startup Time": 17.919, "Actual Max Startup Time": 17.919, "Actual Min Total Time": 17.919, "Actual Max Total Time": 17.919, "Index Cond": "(id = mk.keyword_id)", "Rows Removed by Index Recheck": 0, "Actual Rows": 4371}], "Actual Rows": 4371}], "Actual Rows": 1}, "Triggers": [], "Planner Runtime": 306, "Total Runtime": 372.92, "Unique SQL Id": 2302223328}}, "(16, 101)": {"explain_plan": {"Plan": {"Node Type": "Aggregate", "Strategy": "Plain", "Startup Cost": 167863.83, "Total Cost": 167863.84, "Plan Rows": 1, "Plan Width": 102, "Plans": [{"Node Type": "Nested Loop", "Parent Relationship": "Outer", "Join Type": "Inner", "Startup Cost": 4841.51, "Total Cost": 167829.31, "Plan Rows": 6905, "Plan Width": 38, "Inner Unique": true, "Plans": [{"Node Type": "Nested Loop", "Parent Relationship": "Outer", "Join Type": "Inner", "Startup Cost": 4841.51, "Total Cost": 165852.74, "Plan Rows": 7042, "Plan Width": 42, "Inner Unique": false, "Join Filter": "(t.id = mk.movie_id)", "Plans": [{"Node Type": "Nested Loop", "Parent Relationship": "Outer", "Join Type": "Inner", "Startup Cost": 4841.51, "Total Cost": 165361.77, "Plan Rows": 873, "Plan Width": 54, "Inner Unique": true, "Join Filter": "(at.movie_id = t.id)", "Plans": [{"Node Type": "Nested Loop", "Parent Relationship": "Outer", "Join Type": "Inner", "Startup Cost": 4841.51, "Total Cost": 165139.68, "Plan Rows": 630, "Plan Width": 33, "Inner Unique": true, "Plans": [{"Node Type": "Nested Loop", "Parent Relationship": "Outer", "Join Type": "Inner", "Startup Cost": 4841.51, "Total Cost": 164963.28, "Plan Rows": 630, "Plan Width": 37, "Inner Unique": true, "Plans": [{"Node Type": "Nested Loop", "Parent Relationship": "Outer", "Join Type": "Inner", "Startup Cost": 4841.51, "Total Cost": 164660.66, "Plan Rows": 1052, "Plan Width": 41, "Inner Unique": false, "Plans": [{"Node Type": "Nested Loop", "Parent Relationship": "Outer", "Join Type": "Inner", "Startup Cost": 4841.51, "Total Cost": 164371.58, "Plan Rows": 490, "Plan Width": 29, "Inner Unique": false, "Plans": [{"Node Type": "Nested Loop", "Parent Relationship": "Outer", "Join Type": "Inner", "Startup Cost": 4841.51, "Total Cost": 163895.89, "Plan Rows": 192, "Plan Width": 4, "Inner Unique": false, "Plans": [{"Node Type": "Index Scan", "Parent Relationship": "Outer", "Scan Direction": "Forward", "Index Name": "info_type_pkey", "Relation Name": "info_type", "Alias": "it1", "Startup Cost": 0.0, "Total Cost": 14.21, "Plan Rows": 1, "Plan Width": 4, "Filter": "((info)::text = 'release dates'::text)"}, {"Node Type": "Bitmap Heap Scan", "Parent Relationship": "Inner", "Relation Name": "movie_info", "Alias": "mi", "Startup Cost": 4841.51, "Total Cost": 163879.76, "Plan Rows": 192, "Plan Width": 8, "Recheck Cond": "(info_type_id = it1.id)", "Filter": "((note)::text ~~ '%internet%'::text)", "Plans": [{"Node Type": "Bitmap Index Scan", "Parent Relationship": "Outer", "Index Name": "info_type_id_movie_info", "Startup Cost": 0.0, "Total Cost": 4841.46, "Plan Rows": 212428, "Plan Width": 0, "Index Cond": "(info_type_id = it1.id)"}]}]}, {"Node Type": "Index Scan", "Parent Relationship": "Inner", "Scan Direction": "Forward", "Index Name": "movie_id_aka_title", "Relation Name": "aka_title", "Alias": "at", "Startup Cost": 0.0, "Total Cost": 2.45, "Plan Rows": 3, "Plan Width": 25, "Index Cond": "(movie_id = mi.movie_id)"}]}, {"Node Type": "Index Scan", "Parent Relationship": "Inner", "Scan Direction": "Forward", "Index Name": "movie_id_movie_companies", "Relation Name": "movie_companies", "Alias": "mc", "Startup Cost": 0.0, "Total Cost": 0.57, "Plan Rows": 2, "Plan Width": 12, "Index Cond": "(movie_id = at.movie_id)"}]}, {"Node Type": "Index Scan", "Parent Relationship": "Inner", "Scan Direction": "Forward", "Index Name": "company_name_pkey", "Relation Name": "company_name", "Alias": "cn", "Startup Cost": 0.0, "Total Cost": 0.28, "Plan Rows": 1, "Plan Width": 4, "Index Cond": "(id = mc.company_id)", "Filter": "((country_code)::text = '[us]'::text)"}]}, {"Node Type": "Index Scan", "Parent Relationship": "Inner", "Scan Direction": "Forward", "Index Name": "company_type_pkey", "Relation Name": "company_type", "Alias": "ct", "Startup Cost": 0.0, "Total Cost": 0.27, "Plan Rows": 1, "Plan Width": 4, "Index Cond": "(id = mc.company_type_id)"}]}, {"Node Type": "Index Scan", "Parent Relationship": "Inner", "Scan Direction": "Forward", "Index Name": "title_pkey", "Relation Name": "title", "Alias": "t", "Startup Cost": 0.0, "Total Cost": 0.34, "Plan Rows": 1, "Plan Width": 21, "Index Cond": "(id = mc.movie_id)", "Filter": "(production_year > 1990)"}]}, {"Node Type": "Index Scan", "Parent Relationship": "Inner", "Scan Direction": "Forward", "Index Name": "movie_id_movie_keyword", "Relation Name": "movie_keyword", "Alias": "mk", "Startup Cost": 0.0, "Total Cost": 0.46, "Plan Rows": 8, "Plan Width": 8, "Index Cond": "(movie_id = mc.movie_id)"}]}, {"Node Type": "Index Scan", "Parent Relationship": "Inner", "Scan Direction": "Forward", "Index Name": "keyword_pkey", "Relation Name": "keyword", "Alias": "k", "Startup Cost": 0.0, "Total Cost": 0.27, "Plan Rows": 1, "Plan Width": 4, "Index Cond": "(id = mk.keyword_id)"}]}]}, "Unique SQL Id": 2302223328, "Planner Runtime": 259}, "explain_analyze_plan": {"Plan": {"Node Type": "Aggregate", "Strategy": "Plain", "Startup Cost": 167863.83, "Total Cost": 167863.84, "Plan Rows": 1, "Plan Width": 102, "Actual Startup Time": 1546.829, "Actual Total Time": 1546.829, "Actual Rows": 1, "Actual Loops": 1, "Plans": [{"Node Type": "Nested Loop", "Parent Relationship": "Outer", "Join Type": "Inner", "Startup Cost": 4841.51, "Total Cost": 167829.31, "Plan Rows": 6905, "Plan Width": 38, "Actual Startup Time": 415.641, "Actual Total Time": 1543.889, "Actual Rows": 4371, "Actual Loops": 1, "Inner Unique": true, "Plans": [{"Node Type": "Nested Loop", "Parent Relationship": "Outer", "Join Type": "Inner", "Startup Cost": 4841.51, "Total Cost": 165852.74, "Plan Rows": 7042, "Plan Width": 42, "Actual Startup Time": 415.626, "Actual Total Time": 1525.798, "Actual Rows": 4371, "Actual Loops": 1, "Inner Unique": false, "Join Filter": "(t.id = mk.movie_id)", "Rows Removed by Join Filter": 0, "Plans": [{"Node Type": "Nested Loop", "Parent Relationship": "Outer", "Join Type": "Inner", "Startup Cost": 4841.51, "Total Cost": 165361.77, "Plan Rows": 873, "Plan Width": 54, "Actual Startup Time": 391.179, "Actual Total Time": 1519.742, "Actual Rows": 382, "Actual Loops": 1, "Inner Unique": true, "Join Filter": "(at.movie_id = t.id)", "Rows Removed by Join Filter": 0, "Plans": [{"Node Type": "Nested Loop", "Parent Relationship": "Outer", "Join Type": "Inner", "Startup Cost": 4841.51, "Total Cost": 165139.68, "Plan Rows": 630, "Plan Width": 33, "Actual Startup Time": 391.158, "Actual Total Time": 1517.054, "Actual Rows": 382, "Actual Loops": 1, "Inner Unique": true, "Plans": [{"Node Type": "Nested Loop", "Parent Relationship": "Outer", "Join Type": "Inner", "Startup Cost": 4841.51, "Total Cost": 164963.28, "Plan Rows": 630, "Plan Width": 37, "Actual Startup Time": 386.44, "Actual Total Time": 1515.03, "Actual Rows": 896, "Actual Loops": 1, "Inner Unique": true, "Plans": [{"Node Type": "Nested Loop", "Parent Relationship": "Outer", "Join Type": "Inner", "Startup Cost": 4841.51, "Total Cost": 164660.66, "Plan Rows": 1052, "Plan Width": 41, "Actual Startup Time": 386.417, "Actual Total Time": 1503.524, "Actual Rows": 2130, "Actual Loops": 1, "Inner Unique": false, "Plans": [{"Node Type": "Nested Loop", "Parent Relationship": "Outer", "Join Type": "Inner", "Startup Cost": 4841.51, "Total Cost": 164371.58, "Plan Rows": 490, "Plan Width": 29, "Actual Startup Time": 383.224, "Actual Total Time": 1497.806, "Actual Rows": 591, "Actual Loops": 1, "Inner Unique": false, "Plans": [{"Node Type": "Nested Loop", "Parent Relationship": "Outer", "Join Type": "Inner", "Startup Cost": 4841.51, "Total Cost": 163895.89, "Plan Rows": 192, "Plan Width": 4, "Actual Startup Time": 382.78, "Actual Total Time": 1464.126, "Actual Rows": 10679, "Actual Loops": 1, "Inner Unique": false, "Plans": [{"Node Type": "Index Scan", "Parent Relationship": "Outer", "Scan Direction": "Forward", "Index Name": "info_type_pkey", "Relation Name": "info_type", "Alias": "it1", "Startup Cost": 0.0, "Total Cost": 14.21, "Plan Rows": 1, "Plan Width": 4, "Actual Startup Time": 0.056, "Actual Total Time": 0.103, "Actual Rows": 1, "Actual Loops": 1, "Filter": "((info)::text = 'release dates'::text)", "Rows Removed by Filter": 111}, {"Node Type": "Bitmap Heap Scan", "Parent Relationship": "Inner", "Relation Name": "movie_info", "Alias": "mi", "Startup Cost": 4841.51, "Total Cost": 163879.76, "Plan Rows": 192, "Plan Width": 8, "Actual Startup Time": 382.714, "Actual Total Time": 1461.333, "Actual Rows": 10679, "Actual Loops": 1, "Recheck Cond": "(info_type_id = it1.id)", "Rows Removed by Index Recheck": 0, "Filter": "((note)::text ~~ '%internet%'::text)", "Rows Removed by Filter": 3026040, "Exact Heap Blocks": 21947, "Lossy Heap Blocks": 21947, "Plans": [{"Node Type": "Bitmap Index Scan", "Parent Relationship": "Outer", "Index Name": "info_type_id_movie_info", "Startup Cost": 0.0, "Total Cost": 4841.46, "Plan Rows": 212428, "Plan Width": 0, "Actual Startup Time": 377.765, "Actual Total Time": 377.765, "Actual Rows": 3036719, "Actual Loops": 1, "Index Cond": "(info_type_id = it1.id)"}]}]}, {"Node Type": "Index Scan", "Parent Relationship": "Inner", "Scan Direction": "Forward", "Index Name": "movie_id_aka_title", "Relation Name": "aka_title", "Alias": "at", "Startup Cost": 0.0, "Total Cost": 2.45, "Plan Rows": 3, "Plan Width": 25, "Actual Startup Time": 27.062, "Actual Total Time": 27.599, "Actual Rows": 591, "Actual Loops": 10679, "Index Cond": "(movie_id = mi.movie_id)", "Rows Removed by Index Recheck": 0}]}, {"Node Type": "Index Scan", "Parent Relationship": "Inner", "Scan Direction": "Forward", "Index Name": "movie_id_movie_companies", "Relation Name": "movie_companies", "Alias": "mc", "Startup Cost": 0.0, "Total Cost": 0.57, "Plan Rows": 2, "Plan Width": 12, "Actual Startup Time": 3.173, "Actual Total Time": 4.534, "Actual Rows": 2130, "Actual Loops": 591, "Index Cond": "(movie_id = at.movie_id)", "Rows Removed by Index Recheck": 0}]}, {"Node Type": "Index Scan", "Parent Relationship": "Inner", "Scan Direction": "Forward", "Index Name": "company_name_pkey", "Relation Name": "company_name", "Alias": "cn", "Startup Cost": 0.0, "Total Cost": 0.28, "Plan Rows": 1, "Plan Width": 4, "Actual Startup Time": 9.747, "Actual Total Time": 9.747, "Actual Rows": 896, "Actual Loops": 2130, "Index Cond": "(id = mc.company_id)", "Rows Removed by Index Recheck": 0, "Filter": "((country_code)::text = '[us]'::text)", "Rows Removed by Filter": 1234}]}, {"Node Type": "Index Scan", "Parent Relationship": "Inner", "Scan Direction": "Forward", "Index Name": "company_type_pkey", "Relation Name": "company_type", "Alias": "ct", "Startup Cost": 0.0, "Total Cost": 0.27, "Plan Rows": 1, "Plan Width": 4, "Actual Startup Time": 1.17, "Actual Total Time": 1.17, "Actual Rows": 382, "Actual Loops": 896, "Index Cond": "(id = mc.company_type_id)", "Rows Removed by Index Recheck": 0}]}, {"Node Type": "Index Scan", "Parent Relationship": "Inner", "Scan Direction": "Forward", "Index Name": "title_pkey", "Relation Name": "title", "Alias": "t", "Startup Cost": 0.0, "Total Cost": 0.34, "Plan Rows": 1, "Plan Width": 21, "Actual Startup Time": 1.993, "Actual Total Time": 1.993, "Actual Rows": 382, "Actual Loops": 382, "Index Cond": "(id = mc.movie_id)", "Rows Removed by Index Recheck": 0, "Filter": "(production_year > 1990)", "Rows Removed by Filter": 0}]}, {"Node Type": "Index Scan", "Parent Relationship": "Inner", "Scan Direction": "Forward", "Index Name": "movie_id_movie_keyword", "Relation Name": "movie_keyword", "Alias": "mk", "Startup Cost": 0.0, "Total Cost": 0.46, "Plan Rows": 8, "Plan Width": 8, "Actual Startup Time": 2.027, "Actual Total Time": 3.986, "Actual Rows": 4371, "Actual Loops": 382, "Index Cond": "(movie_id = mc.movie_id)", "Rows Removed by Index Recheck": 0}]}, {"Node Type": "Index Scan", "Parent Relationship": "Inner", "Scan Direction": "Forward", "Index Name": "keyword_pkey", "Relation Name": "keyword", "Alias": "k", "Startup Cost": 0.0, "Total Cost": 0.27, "Plan Rows": 1, "Plan Width": 4, "Actual Startup Time": 14.647, "Actual Total Time": 14.647, "Actual Rows": 4371, "Actual Loops": 4371, "Index Cond": "(id = mk.keyword_id)", "Rows Removed by Index Recheck": 0}]}]}, "Triggers": [], "Planner Runtime": 259, "Total Runtime": 1547.441, "Unique SQL Id": 2302223328}}, "(16, 102)": {"explain_plan": {"Plan": {"Node Type": "Aggregate", "Strategy": "Plain", "Startup Cost": 51037.92, "Total Cost": 51037.93, "Plan Rows": 1, "Plan Width": 102, "Plans": [{"Node Type": "Hash Join", "Parent Relationship": "Outer", "Join Type": "Inner", "Startup Cost": 3785.02, "Total Cost": 51003.4, "Plan Rows": 6905, "Plan Width": 38, "Inner Unique": true, "Hash Cond": "(mk.keyword_id = k.id)", "Plans": [{"Node Type": "Nested Loop", "Parent Relationship": "Outer", "Join Type": "Inner", "Startup Cost": 7.21, "Total Cost": 47130.16, "Plan Rows": 7042, "Plan Width": 42, "Inner Unique": false, "Join Filter": "(t.id = mk.movie_id)", "Plans": [{"Node Type": "Nested Loop", "Parent Relationship": "Outer", "Join Type": "Inner", "Startup Cost": 6.88, "Total Cost": 43168.46, "Plan Rows": 873, "Plan Width": 54, "Inner Unique": false, "Join Filter": "(t.id = at.movie_id)", "Plans": [{"Node Type": "Hash Join", "Parent Relationship": "Outer", "Join Type": "Inner", "Startup Cost": 6.6, "Total Cost": 41089.34, "Plan Rows": 478, "Plan Width": 29, "Inner Unique": true, "Hash Cond": "(mc.company_type_id = ct.id)", "Plans": [{"Node Type": "Nested Loop", "Parent Relationship": "Outer", "Join Type": "Inner", "Startup Cost": 5.53, "Total Cost": 41082.29, "Plan Rows": 478, "Plan Width": 33, "Inner Unique": true, "Plans": [{"Node Type": "Nested Loop", "Parent Relationship": "Outer", "Join Type": "Inner", "Startup Cost": 5.28, "Total Cost": 38649.34, "Plan Rows": 568, "Plan Width": 37, "Inner Unique": false, "Plans": [{"Node Type": "Nested Loop", "Parent Relationship": "Outer", "Join Type": "Inner", "Startup Cost": 4.99, "Total Cost": 37496.92, "Plan Rows": 266, "Plan Width": 25, "Inner Unique": true, "Plans": [{"Node Type": "Hash Join", "Parent Relationship": "Outer", "Join Type": "Inner", "Startup Cost": 2.41, "Total Cost": 36229.42, "Plan Rows": 192, "Plan Width": 4, "Inner Unique": true, "Hash Cond": "(mi.info_type_id = it1.id)", "Plans": [{"Node Type": "Streaming(type: LOCAL GATHER dop: 1/16)", "Parent Relationship": "Outer", "Startup Cost": 0.0, "Total Cost": 36174.77, "Plan Rows": 13419, "Plan Width": 8, "Plans": [{"Node Type": "Seq Scan", "Parent Relationship": "Outer", "Relation Name": "movie_info", "Alias": "mi", "Startup Cost": 0.0, "Total Cost": 35885.16, "Plan Rows": 13419, "Plan Width": 8, "Filter": "((note)::text ~~ '%internet%'::text)"}]}, {"Node Type": "Hash", "Parent Relationship": "Inner", "Startup Cost": 2.4, "Total Cost": 2.4, "Plan Rows": 1, "Plan Width": 4, "Plans": [{"Node Type": "Seq Scan", "Parent Relationship": "Outer", "Relation Name": "info_type", "Alias": "it1", "Startup Cost": 0.0, "Total Cost": 2.4, "Plan Rows": 1, "Plan Width": 4, "Filter": "((info)::text = 'release dates'::text)"}]}]}, {"Node Type": "Bitmap Heap Scan", "Parent Relationship": "Inner", "Relation Name": "title", "Alias": "t", "Startup Cost": 2.58, "Total Cost": 6.59, "Plan Rows": 1, "Plan Width": 21, "Recheck Cond": "(id = mi.movie_id)", "Filter": "(production_year > 1990)", "Plans": [{"Node Type": "Bitmap Index Scan", "Parent Relationship": "Outer", "Index Name": "title_pkey", "Startup Cost": 0.0, "Total Cost": 2.58, "Plan Rows": 1, "Plan Width": 0, "Index Cond": "(id = mi.movie_id)"}]}]}, {"Node Type": "Bitmap Heap Scan", "Parent Relationship": "Inner", "Relation Name": "movie_companies", "Alias": "mc", "Startup Cost": 0.29, "Total Cost": 4.31, "Plan Rows": 2, "Plan Width": 12, "Recheck Cond": "(movie_id = t.id)", "Plans": [{"Node Type": "Bitmap Index Scan", "Parent Relationship": "Outer", "Index Name": "movie_id_movie_companies", "Startup Cost": 0.0, "Total Cost": 0.29, "Plan Rows": 2, "Plan Width": 0, "Index Cond": "(movie_id = t.id)"}]}]}, {"Node Type": "Bitmap Heap Scan", "Parent Relationship": "Inner", "Relation Name": "company_name", "Alias": "cn", "Startup Cost": 0.26, "Total Cost": 4.27, "Plan Rows": 1, "Plan Width": 4, "Recheck Cond": "(id = mc.company_id)", "Filter": "((country_code)::text = '[us]'::text)", "Plans": [{"Node Type": "Bitmap Index Scan", "Parent Relationship": "Outer", "Index Name": "company_name_pkey", "Startup Cost": 0.0, "Total Cost": 0.26, "Plan Rows": 1, "Plan Width": 0, "Index Cond": "(id = mc.company_id)"}]}]}, {"Node Type": "Hash", "Parent Relationship": "Inner", "Startup Cost": 1.03, "Total Cost": 1.03, "Plan Rows": 3, "Plan Width": 4, "Plans": [{"Node Type": "Seq Scan", "Parent Relationship": "Outer", "Relation Name": "company_type", "Alias": "ct", "Startup Cost": 0.0, "Total Cost": 1.03, "Plan Rows": 3, "Plan Width": 4}]}]}, {"Node Type": "Bitmap Heap Scan", "Parent Relationship": "Inner", "Relation Name": "aka_title", "Alias": "at", "Startup Cost": 0.27, "Total Cost": 4.31, "Plan Rows": 3, "Plan Width": 25, "Recheck Cond": "(movie_id = mc.movie_id)", "Plans": [{"Node Type": "Bitmap Index Scan", "Parent Relationship": "Outer", "Index Name": "movie_id_aka_title", "Startup Cost": 0.0, "Total Cost": 0.27, "Plan Rows": 3, "Plan Width": 0, "Index Cond": "(movie_id = mc.movie_id)"}]}]}, {"Node Type": "Bitmap Heap Scan", "Parent Relationship": "Inner", "Relation Name": "movie_keyword", "Alias": "mk", "Startup Cost": 0.34, "Total Cost": 4.44, "Plan Rows": 8, "Plan Width": 8, "Recheck Cond": "(movie_id = mc.movie_id)", "Plans": [{"Node Type": "Bitmap Index Scan", "Parent Relationship": "Outer", "Index Name": "movie_id_movie_keyword", "Startup Cost": 0.0, "Total Cost": 0.34, "Plan Rows": 8, "Plan Width": 0, "Index Cond": "(movie_id = mc.movie_id)"}]}]}, {"Node Type": "Hash", "Parent Relationship": "Inner", "Startup Cost": 2100.69, "Total Cost": 2100.69, "Plan Rows": 134169, "Plan Width": 4, "Plans": [{"Node Type": "Seq Scan", "Parent Relationship": "Outer", "Relation Name": "keyword", "Alias": "k", "Startup Cost": 0.0, "Total Cost": 2100.69, "Plan Rows": 134169, "Plan Width": 4}]}]}]}, "Unique SQL Id": 2302223328, "Planner Runtime": 402}, "explain_analyze_plan": {"Plan": {"Node Type": "Aggregate", "Strategy": "Plain", "Startup Cost": 51037.92, "Total Cost": 51037.93, "Plan Rows": 1, "Plan Width": 102, "Actual Min Startup Time": 615.458, "Actual Max Startup Time": 615.458, "Actual Min Total Time": 615.458, "Actual Max Total Time": 615.458, "Plans": [{"Node Type": "Hash Join", "Parent Relationship": "Outer", "Join Type": "Inner", "Startup Cost": 3785.02, "Total Cost": 51003.4, "Plan Rows": 6905, "Plan Width": 38, "Actual Min Startup Time": 111.384, "Actual Max Startup Time": 111.384, "Actual Min Total Time": 612.985, "Actual Max Total Time": 612.985, "Inner Unique": true, "Hash Cond": "(mk.keyword_id = k.id)", "Plans": [{"Node Type": "Nested Loop", "Parent Relationship": "Outer", "Join Type": "Inner", "Startup Cost": 7.21, "Total Cost": 47130.16, "Plan Rows": 7042, "Plan Width": 42, "Actual Min Startup Time": 23.144, "Actual Max Startup Time": 23.144, "Actual Min Total Time": 521.995, "Actual Max Total Time": 521.995, "Inner Unique": false, "Join Filter": "(t.id = mk.movie_id)", "Rows Removed by Join Filter": 0, "Plans": [{"Node Type": "Nested Loop", "Parent Relationship": "Outer", "Join Type": "Inner", "Startup Cost": 6.88, "Total Cost": 43168.46, "Plan Rows": 873, "Plan Width": 54, "Actual Min Startup Time": 21.018, "Actual Max Startup Time": 21.018, "Actual Min Total Time": 515.169, "Actual Max Total Time": 515.169, "Inner Unique": false, "Join Filter": "(t.id = at.movie_id)", "Rows Removed by Join Filter": 0, "Plans": [{"Node Type": "Hash Join", "Parent Relationship": "Outer", "Join Type": "Inner", "Startup Cost": 6.6, "Total Cost": 41089.34, "Plan Rows": 478, "Plan Width": 29, "Actual Min Startup Time": 20.783, "Actual Max Startup Time": 20.783, "Actual Min Total Time": 482.766, "Actual Max Total Time": 482.766, "Inner Unique": true, "Hash Cond": "(mc.company_type_id = ct.id)", "Plans": [{"Node Type": "Nested Loop", "Parent Relationship": "Outer", "Join Type": "Inner", "Startup Cost": 5.53, "Total Cost": 41082.29, "Plan Rows": 478, "Plan Width": 33, "Actual Min Startup Time": 20.635, "Actual Max Startup Time": 20.635, "Actual Min Total Time": 477.85, "Actual Max Total Time": 477.85, "Inner Unique": true, "Plans": [{"Node Type": "Nested Loop", "Parent Relationship": "Outer", "Join Type": "Inner", "Startup Cost": 5.28, "Total Cost": 38649.34, "Plan Rows": 568, "Plan Width": 37, "Actual Min Startup Time": 20.593, "Actual Max Startup Time": 20.593, "Actual Min Total Time": 364.469, "Actual Max Total Time": 364.469, "Inner Unique": false, "Plans": [{"Node Type": "Nested Loop", "Parent Relationship": "Outer", "Join Type": "Inner", "Startup Cost": 4.99, "Total Cost": 37496.92, "Plan Rows": 266, "Plan Width": 25, "Actual Min Startup Time": 20.548, "Actual Max Startup Time": 20.548, "Actual Min Total Time": 255.208, "Actual Max Total Time": 255.208, "Inner Unique": true, "Plans": [{"Node Type": "Hash Join", "Parent Relationship": "Outer", "Join Type": "Inner", "Startup Cost": 2.41, "Total Cost": 36229.42, "Plan Rows": 192, "Plan Width": 4, "Actual Min Startup Time": 20.474, "Actual Max Startup Time": 20.474, "Actual Min Total Time": 151.117, "Actual Max Total Time": 151.117, "Inner Unique": true, "Hash Cond": "(mi.info_type_id = it1.id)", "Plans": [{"Node Type": "Streaming(type: LOCAL GATHER dop: 1/16)", "Parent Relationship": "Outer", "Startup Cost": 0.0, "Total Cost": 36174.77, "Plan Rows": 13419, "Plan Width": 8, "Actual Min Startup Time": 20.308, "Actual Max Startup Time": 20.308, "Actual Min Total Time": 143.938, "Actual Max Total Time": 143.938, "Plans": [{"Node Type": "Seq Scan", "Parent Relationship": "Outer", "Relation Name": "movie_info", "Alias": "mi", "Startup Cost": 0.0, "Total Cost": 35885.16, "Plan Rows": 13419, "Plan Width": 8, "Actual Min Startup Time": 7.318, "Actual Max Startup Time": 78.554, "Actual Min Total Time": 272.527, "Actual Max Total Time": 281.814, "Filter": "((note)::text ~~ '%internet%'::text)", "Rows Removed by Filter": 14824909, "Actual Rows": 10810}], "Actual Rows": 10810}, {"Node Type": "Hash", "Parent Relationship": "Inner", "Startup Cost": 2.4, "Total Cost": 2.4, "Plan Rows": 1, "Plan Width": 4, "Actual Min Startup Time": 0.094, "Actual Max Startup Time": 0.094, "Actual Min Total Time": 0.094, "Actual Max Total Time": 0.094, "Max Hash Buckets": 32768, "Min Hash Buckets": 32768, "Max Hash Batches": 1, "Min Hash Batches": 1, "Max Original Hash Batches": 1, "Min Original Hash Batches": 1, "Max Peak Memory Usage": 1, "min Peak Memory Usage": 1, "Plans": [{"Node Type": "Seq Scan", "Parent Relationship": "Outer", "Relation Name": "info_type", "Alias": "it1", "Startup Cost": 0.0, "Total Cost": 2.4, "Plan Rows": 1, "Plan Width": 4, "Actual Min Startup Time": 0.071, "Actual Max Startup Time": 0.071, "Actual Min Total Time": 0.091, "Actual Max Total Time": 0.091, "Filter": "((info)::text = 'release dates'::text)", "Rows Removed by Filter": 111, "Actual Rows": 1}], "Actual Rows": 1}], "Actual Rows": 10679}, {"Node Type": "Bitmap Heap Scan", "Parent Relationship": "Inner", "Relation Name": "title", "Alias": "t", "Startup Cost": 2.58, "Total Cost": 6.59, "Plan Rows": 1, "Plan Width": 21, "Actual Min Startup Time": 89.387, "Actual Max Startup Time": 89.387, "Actual Min Total Time": 89.387, "Actual Max Total Time": 89.387, "Recheck Cond": "(id = mi.movie_id)", "Rows Removed by Index Recheck": 0, "Filter": "(production_year > 1990)", "Rows Removed by Filter": 17, "Exact Heap Blocks": 10679, "Lossy Heap Blocks": 10679, "Plans": [{"Node Type": "Bitmap Index Scan", "Parent Relationship": "Outer", "Index Name": "title_pkey", "Startup Cost": 0.0, "Total Cost": 2.58, "Plan Rows": 1, "Plan Width": 0, "Actual Min Startup Time": 46.369, "Actual Max Startup Time": 46.369, "Actual Min Total Time": 46.369, "Actual Max Total Time": 46.369, "Index Cond": "(id = mi.movie_id)", "Actual Rows": 10679}], "Actual Rows": 10662}], "Actual Rows": 10662}, {"Node Type": "Bitmap Heap Scan", "Parent Relationship": "Inner", "Relation Name": "movie_companies", "Alias": "mc", "Startup Cost": 0.29, "Total Cost": 4.31, "Plan Rows": 2, "Plan Width": 12, "Actual Min Startup Time": 81.375, "Actual Max Startup Time": 81.375, "Actual Min Total Time": 92.634, "Actual Max Total Time": 92.634, "Recheck Cond": "(movie_id = t.id)", "Rows Removed by Index Recheck": 0, "Exact Heap Blocks": 11694, "Lossy Heap Blocks": 11694, "Plans": [{"Node Type": "Bitmap Index Scan", "Parent Relationship": "Outer", "Index Name": "movie_id_movie_companies", "Startup Cost": 0.0, "Total Cost": 0.29, "Plan Rows": 2, "Plan Width": 0, "Actual Min Startup Time": 52.33, "Actual Max Startup Time": 52.33, "Actual Min Total Time": 52.33, "Actual Max Total Time": 52.33, "Index Cond": "(movie_id = t.id)", "Actual Rows": 14377}], "Actual Rows": 14377}], "Actual Rows": 14377}, {"Node Type": "Bitmap Heap Scan", "Parent Relationship": "Inner", "Relation Name": "company_name", "Alias": "cn", "Startup Cost": 0.26, "Total Cost": 4.27, "Plan Rows": 1, "Plan Width": 4, "Actual Min Startup Time": 95.036, "Actual Max Startup Time": 95.036, "Actual Min Total Time": 95.036, "Actual Max Total Time": 95.036, "Recheck Cond": "(id = mc.company_id)", "Rows Removed by Index Recheck": 0, "Filter": "((country_code)::text = '[us]'::text)", "Rows Removed by Filter": 4520, "Exact Heap Blocks": 14377, "Lossy Heap Blocks": 14377, "Plans": [{"Node Type": "Bitmap Index Scan", "Parent Relationship": "Outer", "Index Name": "company_name_pkey", "Startup Cost": 0.0, "Total Cost": 0.26, "Plan Rows": 1, "Plan Width": 0, "Actual Min Startup Time": 50.574, "Actual Max Startup Time": 50.574, "Actual Min Total Time": 50.574, "Actual Max Total Time": 50.574, "Index Cond": "(id = mc.company_id)", "Actual Rows": 14377}], "Actual Rows": 9857}], "Actual Rows": 9857}, {"Node Type": "Hash", "Parent Relationship": "Inner", "Startup Cost": 1.03, "Total Cost": 1.03, "Plan Rows": 3, "Plan Width": 4, "Actual Min Startup Time": 0.032, "Actual Max Startup Time": 0.032, "Actual Min Total Time": 0.032, "Actual Max Total Time": 0.032, "Max Hash Buckets": 32768, "Min Hash Buckets": 32768, "Max Hash Batches": 1, "Min Hash Batches": 1, "Max Original Hash Batches": 1, "Min Original Hash Batches": 1, "Max Peak Memory Usage": 1, "min Peak Memory Usage": 1, "Plans": [{"Node Type": "Seq Scan", "Parent Relationship": "Outer", "Relation Name": "company_type", "Alias": "ct", "Startup Cost": 0.0, "Total Cost": 1.03, "Plan Rows": 3, "Plan Width": 4, "Actual Min Startup Time": 0.013, "Actual Max Startup Time": 0.013, "Actual Min Total Time": 0.015, "Actual Max Total Time": 0.015, "Actual Rows": 3}], "Actual Rows": 3}], "Actual Rows": 5914}, {"Node Type": "Bitmap Heap Scan", "Parent Relationship": "Inner", "Relation Name": "aka_title", "Alias": "at", "Startup Cost": 0.27, "Total Cost": 4.31, "Plan Rows": 3, "Plan Width": 25, "Actual Min Startup Time": 24.366, "Actual Max Startup Time": 24.366, "Actual Min Total Time": 24.664, "Actual Max Total Time": 24.664, "Recheck Cond": "(movie_id = mc.movie_id)", "Rows Removed by Index Recheck": 0, "Exact Heap Blocks": 382, "Lossy Heap Blocks": 382, "Plans": [{"Node Type": "Bitmap Index Scan", "Parent Relationship": "Outer", "Index Name": "movie_id_aka_title", "Startup Cost": 0.0, "Total Cost": 0.27, "Plan Rows": 3, "Plan Width": 0, "Actual Min Startup Time": 19.996, "Actual Max Startup Time": 19.996, "Actual Min Total Time": 19.996, "Actual Max Total Time": 19.996, "Index Cond": "(movie_id = mc.movie_id)", "Actual Rows": 382}], "Actual Rows": 382}], "Actual Rows": 382}, {"Node Type": "Bitmap Heap Scan", "Parent Relationship": "Inner", "Relation Name": "movie_keyword", "Alias": "mk", "Startup Cost": 0.34, "Total Cost": 4.44, "Plan Rows": 8, "Plan Width": 8, "Actual Min Startup Time": 4.128, "Actual Max Startup Time": 4.128, "Actual Min Total Time": 4.711, "Actual Max Total Time": 4.711, "Recheck Cond": "(movie_id = mc.movie_id)", "Rows Removed by Index Recheck": 0, "Exact Heap Blocks": 276, "Lossy Heap Blocks": 276, "Plans": [{"Node Type": "Bitmap Index Scan", "Parent Relationship": "Outer", "Index Name": "movie_id_movie_keyword", "Startup Cost": 0.0, "Total Cost": 0.34, "Plan Rows": 8, "Plan Width": 0, "Actual Min Startup Time": 2.604, "Actual Max Startup Time": 2.604, "Actual Min Total Time": 2.604, "Actual Max Total Time": 2.604, "Index Cond": "(movie_id = mc.movie_id)", "Actual Rows": 4371}], "Actual Rows": 4371}], "Actual Rows": 4371}, {"Node Type": "Hash", "Parent Relationship": "Inner", "Startup Cost": 2100.69, "Total Cost": 2100.69, "Plan Rows": 134169, "Plan Width": 4, "Actual Min Startup Time": 87.81, "Actual Max Startup Time": 87.81, "Actual Min Total Time": 87.81, "Actual Max Total Time": 87.81, "Max Hash Buckets": 262144, "Min Hash Buckets": 262144, "Max Hash Batches": 1, "Min Hash Batches": 1, "Max Original Hash Batches": 1, "Min Original Hash Batches": 1, "Max Peak Memory Usage": 4717, "min Peak Memory Usage": 4717, "Plans": [{"Node Type": "Seq Scan", "Parent Relationship": "Outer", "Relation Name": "keyword", "Alias": "k", "Startup Cost": 0.0, "Total Cost": 2100.69, "Plan Rows": 134169, "Plan Width": 4, "Actual Min Startup Time": 0.082, "Actual Max Startup Time": 0.082, "Actual Min Total Time": 39.486, "Actual Max Total Time": 39.486, "Actual Rows": 134169}], "Actual Rows": 134169}], "Actual Rows": 4371}], "Actual Rows": 1}, "Triggers": [], "Planner Runtime": 402, "Total Runtime": 620.28, "Unique SQL Id": 2302223328}}, "(16, 103)": {"explain_plan": {"Plan": {"Node Type": "Aggregate", "Strategy": "Plain", "Startup Cost": 179468.29, "Total Cost": 179468.3, "Plan Rows": 1, "Plan Width": 102, "Plans": [{"Node Type": "Hash Join", "Parent Relationship": "Outer", "Join Type": "Inner", "Startup Cost": 9396.83, "Total Cost": 179433.77, "Plan Rows": 6905, "Plan Width": 38, "Inner Unique": true, "Hash Cond": "(mk.keyword_id = k.id)", "Plans": [{"Node Type": "Nested Loop", "Parent Relationship": "Outer", "Join Type": "Inner", "Startup Cost": 4866.39, "Total Cost": 174807.89, "Plan Rows": 7042, "Plan Width": 42, "Inner Unique": false, "Join Filter": "(t.id = mk.movie_id)", "Plans": [{"Node Type": "Nested Loop", "Parent Relationship": "Outer", "Join Type": "Inner", "Startup Cost": 4866.05, "Total Cost": 170846.19, "Plan Rows": 873, "Plan Width": 54, "Inner Unique": false, "Join Filter": "(t.id = at.movie_id)", "Plans": [{"Node Type": "Hash Join", "Parent Relationship": "Outer", "Join Type": "Inner", "Startup Cost": 4865.77, "Total Cost": 168767.07, "Plan Rows": 478, "Plan Width": 29, "Inner Unique": true, "Hash Cond": "(mc.company_type_id = ct.id)", "Plans": [{"Node Type": "Nested Loop", "Parent Relationship": "Outer", "Join Type": "Inner", "Startup Cost": 4853.44, "Total Cost": 168748.76, "Plan Rows": 478, "Plan Width": 33, "Inner Unique": true, "Plans": [{"Node Type": "Nested Loop", "Parent Relationship": "Outer", "Join Type": "Inner", "Startup Cost": 4853.18, "Total Cost": 166315.81, "Plan Rows": 568, "Plan Width": 37, "Inner Unique": false, "Plans": [{"Node Type": "Nested Loop", "Parent Relationship": "Outer", "Join Type": "Inner", "Startup Cost": 4852.89, "Total Cost": 165163.39, "Plan Rows": 266, "Plan Width": 25, "Inner Unique": true, "Plans": [{"Node Type": "Nested Loop", "Parent Relationship": "Outer", "Join Type": "Inner", "Startup Cost": 4850.32, "Total Cost": 163895.89, "Plan Rows": 192, "Plan Width": 4, "Inner Unique": false, "Plans": [{"Node Type": "Bitmap Heap Scan", "Parent Relationship": "Outer", "Relation Name": "info_type", "Alias": "it1", "Startup Cost": 8.81, "Total Cost": 14.21, "Plan Rows": 1, "Plan Width": 4, "Filter": "((info)::text = 'release dates'::text)", "Plans": [{"Node Type": "Bitmap Index Scan", "Parent Relationship": "Outer", "Index Name": "info_type_pkey", "Startup Cost": 0.0, "Total Cost": 8.81, "Plan Rows": 112, "Plan Width": 0}]}, {"Node Type": "Bitmap Heap Scan", "Parent Relationship": "Inner", "Relation Name": "movie_info", "Alias": "mi", "Startup Cost": 4841.51, "Total Cost": 163879.76, "Plan Rows": 192, "Plan Width": 8, "Recheck Cond": "(info_type_id = it1.id)", "Filter": "((note)::text ~~ '%internet%'::text)", "Plans": [{"Node Type": "Bitmap Index Scan", "Parent Relationship": "Outer", "Index Name": "info_type_id_movie_info", "Startup Cost": 0.0, "Total Cost": 4841.46, "Plan Rows": 212428, "Plan Width": 0, "Index Cond": "(info_type_id = it1.id)"}]}]}, {"Node Type": "Bitmap Heap Scan", "Parent Relationship": "Inner", "Relation Name": "title", "Alias": "t", "Startup Cost": 2.58, "Total Cost": 6.59, "Plan Rows": 1, "Plan Width": 21, "Recheck Cond": "(id = mi.movie_id)", "Filter": "(production_year > 1990)", "Plans": [{"Node Type": "Bitmap Index Scan", "Parent Relationship": "Outer", "Index Name": "title_pkey", "Startup Cost": 0.0, "Total Cost": 2.58, "Plan Rows": 1, "Plan Width": 0, "Index Cond": "(id = mi.movie_id)"}]}]}, {"Node Type": "Bitmap Heap Scan", "Parent Relationship": "Inner", "Relation Name": "movie_companies", "Alias": "mc", "Startup Cost": 0.29, "Total Cost": 4.31, "Plan Rows": 2, "Plan Width": 12, "Recheck Cond": "(movie_id = t.id)", "Plans": [{"Node Type": "Bitmap Index Scan", "Parent Relationship": "Outer", "Index Name": "movie_id_movie_companies", "Startup Cost": 0.0, "Total Cost": 0.29, "Plan Rows": 2, "Plan Width": 0, "Index Cond": "(movie_id = t.id)"}]}]}, {"Node Type": "Bitmap Heap Scan", "Parent Relationship": "Inner", "Relation Name": "company_name", "Alias": "cn", "Startup Cost": 0.26, "Total Cost": 4.27, "Plan Rows": 1, "Plan Width": 4, "Recheck Cond": "(id = mc.company_id)", "Filter": "((country_code)::text = '[us]'::text)", "Plans": [{"Node Type": "Bitmap Index Scan", "Parent Relationship": "Outer", "Index Name": "company_name_pkey", "Startup Cost": 0.0, "Total Cost": 0.26, "Plan Rows": 1, "Plan Width": 0, "Index Cond": "(id = mc.company_id)"}]}]}, {"Node Type": "Hash", "Parent Relationship": "Inner", "Startup Cost": 12.3, "Total Cost": 12.3, "Plan Rows": 3, "Plan Width": 4, "Plans": [{"Node Type": "Bitmap Heap Scan", "Parent Relationship": "Outer", "Relation Name": "company_type", "Alias": "ct", "Startup Cost": 8.27, "Total Cost": 12.3, "Plan Rows": 3, "Plan Width": 4, "Plans": [{"Node Type": "Bitmap Index Scan", "Parent Relationship": "Outer", "Index Name": "company_type_pkey", "Startup Cost": 0.0, "Total Cost": 8.27, "Plan Rows": 3, "Plan Width": 0}]}]}]}, {"Node Type": "Bitmap Heap Scan", "Parent Relationship": "Inner", "Relation Name": "aka_title", "Alias": "at", "Startup Cost": 0.27, "Total Cost": 4.31, "Plan Rows": 3, "Plan Width": 25, "Recheck Cond": "(movie_id = mc.movie_id)", "Plans": [{"Node Type": "Bitmap Index Scan", "Parent Relationship": "Outer", "Index Name": "movie_id_aka_title", "Startup Cost": 0.0, "Total Cost": 0.27, "Plan Rows": 3, "Plan Width": 0, "Index Cond": "(movie_id = mc.movie_id)"}]}]}, {"Node Type": "Bitmap Heap Scan", "Parent Relationship": "Inner", "Relation Name": "movie_keyword", "Alias": "mk", "Startup Cost": 0.34, "Total Cost": 4.44, "Plan Rows": 8, "Plan Width": 8, "Recheck Cond": "(movie_id = mc.movie_id)", "Plans": [{"Node Type": "Bitmap Index Scan", "Parent Relationship": "Outer", "Index Name": "movie_id_movie_keyword", "Startup Cost": 0.0, "Total Cost": 0.34, "Plan Rows": 8, "Plan Width": 0, "Index Cond": "(movie_id = mc.movie_id)"}]}]}, {"Node Type": "Hash", "Parent Relationship": "Inner", "Startup Cost": 2853.33, "Total Cost": 2853.33, "Plan Rows": 134169, "Plan Width": 4, "Plans": [{"Node Type": "Bitmap Heap Scan", "Parent Relationship": "Outer", "Relation Name": "keyword", "Alias": "k", "Startup Cost": 752.64, "Total Cost": 2853.33, "Plan Rows": 134169, "Plan Width": 4, "Plans": [{"Node Type": "Bitmap Index Scan", "Parent Relationship": "Outer", "Index Name": "keyword_pkey", "Startup Cost": 0.0, "Total Cost": 719.1, "Plan Rows": 134169, "Plan Width": 0}]}]}]}]}, "Unique SQL Id": 2302223328, "Planner Runtime": 132}, "explain_analyze_plan": null}, "(16, 104)": {"explain_plan": {"Plan": {"Node Type": "Aggregate", "Strategy": "Plain", "Startup Cost": 40192.64, "Total Cost": 40192.65, "Plan Rows": 1, "Plan Width": 102, "Plans": [{"Node Type": "Nested Loop", "Parent Relationship": "Outer", "Join Type": "Inner", "Startup Cost": 2.41, "Total Cost": 40158.11, "Plan Rows": 6905, "Plan Width": 38, "Inner Unique": true, "Plans": [{"Node Type": "Nested Loop", "Parent Relationship": "Outer", "Join Type": "Inner", "Startup Cost": 2.41, "Total Cost": 38186.28, "Plan Rows": 7042, "Plan Width": 42, "Inner Unique": false, "Join Filter": "(t.id = mk.movie_id)", "Plans": [{"Node Type": "Nested Loop", "Parent Relationship": "Outer", "Join Type": "Inner", "Startup Cost": 2.41, "Total Cost": 37695.3, "Plan Rows": 873, "Plan Width": 54, "Inner Unique": true, "Join Filter": "(at.movie_id = t.id)", "Plans": [{"Node Type": "Nested Loop", "Parent Relationship": "Outer", "Join Type": "Inner", "Startup Cost": 2.41, "Total Cost": 37473.22, "Plan Rows": 630, "Plan Width": 33, "Inner Unique": true, "Plans": [{"Node Type": "Nested Loop", "Parent Relationship": "Outer", "Join Type": "Inner", "Startup Cost": 2.41, "Total Cost": 37296.82, "Plan Rows": 630, "Plan Width": 37, "Inner Unique": true, "Plans": [{"Node Type": "Nested Loop", "Parent Relationship": "Outer", "Join Type": "Inner", "Startup Cost": 2.41, "Total Cost": 36994.2, "Plan Rows": 1052, "Plan Width": 41, "Inner Unique": false, "Plans": [{"Node Type": "Nested Loop", "Parent Relationship": "Outer", "Join Type": "Inner", "Startup Cost": 2.41, "Total Cost": 36705.12, "Plan Rows": 490, "Plan Width": 29, "Inner Unique": false, "Plans": [{"Node Type": "Hash Join", "Parent Relationship": "Outer", "Join Type": "Inner", "Startup Cost": 2.41, "Total Cost": 36229.42, "Plan Rows": 192, "Plan Width": 4, "Inner Unique": true, "Hash Cond": "(mi.info_type_id = it1.id)", "Plans": [{"Node Type": "Streaming(type: LOCAL GATHER dop: 1/16)", "Parent Relationship": "Outer", "Startup Cost": 0.0, "Total Cost": 36174.77, "Plan Rows": 13419, "Plan Width": 8, "Plans": [{"Node Type": "Seq Scan", "Parent Relationship": "Outer", "Relation Name": "movie_info", "Alias": "mi", "Startup Cost": 0.0, "Total Cost": 35885.16, "Plan Rows": 13419, "Plan Width": 8, "Filter": "((note)::text ~~ '%internet%'::text)"}]}, {"Node Type": "Hash", "Parent Relationship": "Inner", "Startup Cost": 2.4, "Total Cost": 2.4, "Plan Rows": 1, "Plan Width": 4, "Plans": [{"Node Type": "Seq Scan", "Parent Relationship": "Outer", "Relation Name": "info_type", "Alias": "it1", "Startup Cost": 0.0, "Total Cost": 2.4, "Plan Rows": 1, "Plan Width": 4, "Filter": "((info)::text = 'release dates'::text)"}]}]}, {"Node Type": "Index Scan", "Parent Relationship": "Inner", "Scan Direction": "Forward", "Index Name": "movie_id_aka_title", "Relation Name": "aka_title", "Alias": "at", "Startup Cost": 0.0, "Total Cost": 2.45, "Plan Rows": 3, "Plan Width": 25, "Index Cond": "(movie_id = mi.movie_id)"}]}, {"Node Type": "Index Scan", "Parent Relationship": "Inner", "Scan Direction": "Forward", "Index Name": "movie_id_movie_companies", "Relation Name": "movie_companies", "Alias": "mc", "Startup Cost": 0.0, "Total Cost": 0.57, "Plan Rows": 2, "Plan Width": 12, "Index Cond": "(movie_id = at.movie_id)"}]}, {"Node Type": "Index Scan", "Parent Relationship": "Inner", "Scan Direction": "Forward", "Index Name": "company_name_pkey", "Relation Name": "company_name", "Alias": "cn", "Startup Cost": 0.0, "Total Cost": 0.28, "Plan Rows": 1, "Plan Width": 4, "Index Cond": "(id = mc.company_id)", "Filter": "((country_code)::text = '[us]'::text)"}]}, {"Node Type": "Index Only Scan", "Parent Relationship": "Inner", "Scan Direction": "Forward", "Index Name": "company_type_pkey", "Relation Name": "company_type", "Alias": "ct", "Startup Cost": 0.0, "Total Cost": 0.27, "Plan Rows": 1, "Plan Width": 4, "Index Cond": "(id = mc.company_type_id)"}]}, {"Node Type": "Index Scan", "Parent Relationship": "Inner", "Scan Direction": "Forward", "Index Name": "title_pkey", "Relation Name": "title", "Alias": "t", "Startup Cost": 0.0, "Total Cost": 0.34, "Plan Rows": 1, "Plan Width": 21, "Index Cond": "(id = mc.movie_id)", "Filter": "(production_year > 1990)"}]}, {"Node Type": "Index Scan", "Parent Relationship": "Inner", "Scan Direction": "Forward", "Index Name": "movie_id_movie_keyword", "Relation Name": "movie_keyword", "Alias": "mk", "Startup Cost": 0.0, "Total Cost": 0.46, "Plan Rows": 8, "Plan Width": 8, "Index Cond": "(movie_id = mc.movie_id)"}]}, {"Node Type": "Index Only Scan", "Parent Relationship": "Inner", "Scan Direction": "Forward", "Index Name": "keyword_pkey", "Relation Name": "keyword", "Alias": "k", "Startup Cost": 0.0, "Total Cost": 0.27, "Plan Rows": 1, "Plan Width": 4, "Index Cond": "(id = mk.keyword_id)"}]}]}, "Unique SQL Id": 2302223328, "Planner Runtime": 307}, "explain_analyze_plan": {"Plan": {"Node Type": "Aggregate", "Strategy": "Plain", "Startup Cost": 40192.64, "Total Cost": 40192.65, "Plan Rows": 1, "Plan Width": 102, "Actual Min Startup Time": 319.588, "Actual Max Startup Time": 319.588, "Actual Min Total Time": 319.588, "Actual Max Total Time": 319.588, "Plans": [{"Node Type": "Nested Loop", "Parent Relationship": "Outer", "Join Type": "Inner", "Startup Cost": 2.41, "Total Cost": 40158.11, "Plan Rows": 6905, "Plan Width": 38, "Actual Min Startup Time": 94.097, "Actual Max Startup Time": 94.097, "Actual Min Total Time": 316.778, "Actual Max Total Time": 316.778, "Inner Unique": true, "Plans": [{"Node Type": "Nested Loop", "Parent Relationship": "Outer", "Join Type": "Inner", "Startup Cost": 2.41, "Total Cost": 38186.28, "Plan Rows": 7042, "Plan Width": 42, "Actual Min Startup Time": 94.081, "Actual Max Startup Time": 94.081, "Actual Min Total Time": 302.613, "Actual Max Total Time": 302.613, "Inner Unique": false, "Join Filter": "(t.id = mk.movie_id)", "Rows Removed by Join Filter": 0, "Plans": [{"Node Type": "Nested Loop", "Parent Relationship": "Outer", "Join Type": "Inner", "Startup Cost": 2.41, "Total Cost": 37695.3, "Plan Rows": 873, "Plan Width": 54, "Actual Min Startup Time": 93.036, "Actual Max Startup Time": 93.036, "Actual Min Total Time": 296.705, "Actual Max Total Time": 296.705, "Inner Unique": true, "Join Filter": "(at.movie_id = t.id)", "Rows Removed by Join Filter": 0, "Plans": [{"Node Type": "Nested Loop", "Parent Relationship": "Outer", "Join Type": "Inner", "Startup Cost": 2.41, "Total Cost": 37473.22, "Plan Rows": 630, "Plan Width": 33, "Actual Min Startup Time": 93.008, "Actual Max Startup Time": 93.008, "Actual Min Total Time": 294.348, "Actual Max Total Time": 294.348, "Inner Unique": true, "Plans": [{"Node Type": "Nested Loop", "Parent Relationship": "Outer", "Join Type": "Inner", "Startup Cost": 2.41, "Total Cost": 37296.82, "Plan Rows": 630, "Plan Width": 37, "Actual Min Startup Time": 92.984, "Actual Max Startup Time": 92.984, "Actual Min Total Time": 292.908, "Actual Max Total Time": 292.908, "Inner Unique": true, "Plans": [{"Node Type": "Nested Loop", "Parent Relationship": "Outer", "Join Type": "Inner", "Startup Cost": 2.41, "Total Cost": 36994.2, "Plan Rows": 1052, "Plan Width": 41, "Actual Min Startup Time": 92.962, "Actual Max Startup Time": 92.962, "Actual Min Total Time": 282.4, "Actual Max Total Time": 282.4, "Inner Unique": false, "Plans": [{"Node Type": "Nested Loop", "Parent Relationship": "Outer", "Join Type": "Inner", "Startup Cost": 2.41, "Total Cost": 36705.12, "Plan Rows": 490, "Plan Width": 29, "Actual Min Startup Time": 92.932, "Actual Max Startup Time": 92.932, "Actual Min Total Time": 277.154, "Actual Max Total Time": 277.154, "Inner Unique": false, "Plans": [{"Node Type": "Hash Join", "Parent Relationship": "Outer", "Join Type": "Inner", "Startup Cost": 2.41, "Total Cost": 36229.42, "Plan Rows": 192, "Plan Width": 4, "Actual Min Startup Time": 92.796, "Actual Max Startup Time": 92.796, "Actual Min Total Time": 246.498, "Actual Max Total Time": 246.498, "Inner Unique": true, "Hash Cond": "(mi.info_type_id = it1.id)", "Plans": [{"Node Type": "Streaming(type: LOCAL GATHER dop: 1/16)", "Parent Relationship": "Outer", "Startup Cost": 0.0, "Total Cost": 36174.77, "Plan Rows": 13419, "Plan Width": 8, "Actual Min Startup Time": 92.577, "Actual Max Startup Time": 92.577, "Actual Min Total Time": 241.036, "Actual Max Total Time": 241.036, "Plans": [{"Node Type": "Seq Scan", "Parent Relationship": "Outer", "Relation Name": "movie_info", "Alias": "mi", "Startup Cost": 0.0, "Total Cost": 35885.16, "Plan Rows": 13419, "Plan Width": 8, "Actual Min Startup Time": 6.889, "Actual Max Startup Time": 73.231, "Actual Min Total Time": 247.765, "Actual Max Total Time": 276.073, "Filter": "((note)::text ~~ '%internet%'::text)", "Rows Removed by Filter": 14824909, "Actual Rows": 10810}], "Actual Rows": 10810}, {"Node Type": "Hash", "Parent Relationship": "Inner", "Startup Cost": 2.4, "Total Cost": 2.4, "Plan Rows": 1, "Plan Width": 4, "Actual Min Startup Time": 0.115, "Actual Max Startup Time": 0.115, "Actual Min Total Time": 0.115, "Actual Max Total Time": 0.115, "Max Hash Buckets": 32768, "Min Hash Buckets": 32768, "Max Hash Batches": 1, "Min Hash Batches": 1, "Max Original Hash Batches": 1, "Min Original Hash Batches": 1, "Max Peak Memory Usage": 1, "min Peak Memory Usage": 1, "Plans": [{"Node Type": "Seq Scan", "Parent Relationship": "Outer", "Relation Name": "info_type", "Alias": "it1", "Startup Cost": 0.0, "Total Cost": 2.4, "Plan Rows": 1, "Plan Width": 4, "Actual Min Startup Time": 0.076, "Actual Max Startup Time": 0.076, "Actual Min Total Time": 0.098, "Actual Max Total Time": 0.098, "Filter": "((info)::text = 'release dates'::text)", "Rows Removed by Filter": 111, "Actual Rows": 1}], "Actual Rows": 1}], "Actual Rows": 10679}, {"Node Type": "Index Scan", "Parent Relationship": "Inner", "Scan Direction": "Forward", "Index Name": "movie_id_aka_title", "Relation Name": "aka_title", "Alias": "at", "Startup Cost": 0.0, "Total Cost": 2.45, "Plan Rows": 3, "Plan Width": 25, "Actual Min Startup Time": 25.003, "Actual Max Startup Time": 25.003, "Actual Min Total Time": 25.498, "Actual Max Total Time": 25.498, "Index Cond": "(movie_id = mi.movie_id)", "Rows Removed by Index Recheck": 0, "Actual Rows": 591}], "Actual Rows": 591}, {"Node Type": "Index Scan", "Parent Relationship": "Inner", "Scan Direction": "Forward", "Index Name": "movie_id_movie_companies", "Relation Name": "movie_companies", "Alias": "mc", "Startup Cost": 0.0, "Total Cost": 0.57, "Plan Rows": 2, "Plan Width": 12, "Actual Min Startup Time": 3.024, "Actual Max Startup Time": 3.024, "Actual Min Total Time": 4.344, "Actual Max Total Time": 4.344, "Index Cond": "(movie_id = at.movie_id)", "Rows Removed by Index Recheck": 0, "Actual Rows": 2130}], "Actual Rows": 2130}, {"Node Type": "Index Scan", "Parent Relationship": "Inner", "Scan Direction": "Forward", "Index Name": "company_name_pkey", "Relation Name": "company_name", "Alias": "cn", "Startup Cost": 0.0, "Total Cost": 0.28, "Plan Rows": 1, "Plan Width": 4, "Actual Min Startup Time": 9.045, "Actual Max Startup Time": 9.045, "Actual Min Total Time": 9.045, "Actual Max Total Time": 9.045, "Index Cond": "(id = mc.company_id)", "Rows Removed by Index Recheck": 0, "Filter": "((country_code)::text = '[us]'::text)", "Rows Removed by Filter": 1234, "Actual Rows": 896}], "Actual Rows": 896}, {"Node Type": "Index Only Scan", "Parent Relationship": "Inner", "Scan Direction": "Forward", "Index Name": "company_type_pkey", "Relation Name": "company_type", "Alias": "ct", "Startup Cost": 0.0, "Total Cost": 0.27, "Plan Rows": 1, "Plan Width": 4, "Actual Min Startup Time": 0.805, "Actual Max Startup Time": 0.805, "Actual Min Total Time": 0.805, "Actual Max Total Time": 0.805, "Index Cond": "(id = mc.company_type_id)", "Rows Removed by Index Recheck": 0, "Heap Fetches": 0, "Actual Rows": 382}], "Actual Rows": 382}, {"Node Type": "Index Scan", "Parent Relationship": "Inner", "Scan Direction": "Forward", "Index Name": "title_pkey", "Relation Name": "title", "Alias": "t", "Startup Cost": 0.0, "Total Cost": 0.34, "Plan Rows": 1, "Plan Width": 21, "Actual Min Startup Time": 1.84, "Actual Max Startup Time": 1.84, "Actual Min Total Time": 1.84, "Actual Max Total Time": 1.84, "Index Cond": "(id = mc.movie_id)", "Rows Removed by Index Recheck": 0, "Filter": "(production_year > 1990)", "Rows Removed by Filter": 0, "Actual Rows": 382}], "Actual Rows": 382}, {"Node Type": "Index Scan", "Parent Relationship": "Inner", "Scan Direction": "Forward", "Index Name": "movie_id_movie_keyword", "Relation Name": "movie_keyword", "Alias": "mk", "Startup Cost": 0.0, "Total Cost": 0.46, "Plan Rows": 8, "Plan Width": 8, "Actual Min Startup Time": 1.969, "Actual Max Startup Time": 1.969, "Actual Min Total Time": 4.076, "Actual Max Total Time": 4.076, "Index Cond": "(movie_id = mc.movie_id)", "Rows Removed by Index Recheck": 0, "Actual Rows": 4371}], "Actual Rows": 4371}, {"Node Type": "Index Only Scan", "Parent Relationship": "Inner", "Scan Direction": "Forward", "Index Name": "keyword_pkey", "Relation Name": "keyword", "Alias": "k", "Startup Cost": 0.0, "Total Cost": 0.27, "Plan Rows": 1, "Plan Width": 4, "Actual Min Startup Time": 11.059, "Actual Max Startup Time": 11.059, "Actual Min Total Time": 11.059, "Actual Max Total Time": 11.059, "Index Cond": "(id = mk.keyword_id)", "Rows Removed by Index Recheck": 0, "Heap Fetches": 0, "Actual Rows": 4371}], "Actual Rows": 4371}], "Actual Rows": 1}, "Triggers": [], "Planner Runtime": 307, "Total Runtime": 323.111, "Unique SQL Id": 2302223328}}, "(16, 105)": {"explain_plan": {"Plan": {"Node Type": "Aggregate", "Strategy": "Plain", "Startup Cost": 499662.86, "Total Cost": 499662.87, "Plan Rows": 1, "Plan Width": 102, "Plans": [{"Node Type": "Nested Loop", "Parent Relationship": "Outer", "Join Type": "Inner", "Startup Cost": 0.0, "Total Cost": 499628.33, "Plan Rows": 6905, "Plan Width": 38, "Inner Unique": true, "Plans": [{"Node Type": "Nested Loop", "Parent Relationship": "Outer", "Join Type": "Inner", "Startup Cost": 0.0, "Total Cost": 497656.5, "Plan Rows": 7042, "Plan Width": 42, "Inner Unique": false, "Join Filter": "(t.id = mk.movie_id)", "Plans": [{"Node Type": "Nested Loop", "Parent Relationship": "Outer", "Join Type": "Inner", "Startup Cost": 0.0, "Total Cost": 497165.52, "Plan Rows": 873, "Plan Width": 54, "Inner Unique": true, "Join Filter": "(at.movie_id = t.id)", "Plans": [{"Node Type": "Nested Loop", "Parent Relationship": "Outer", "Join Type": "Inner", "Startup Cost": 0.0, "Total Cost": 496943.44, "Plan Rows": 630, "Plan Width": 33, "Inner Unique": true, "Plans": [{"Node Type": "Nested Loop", "Parent Relationship": "Outer", "Join Type": "Inner", "Startup Cost": 0.0, "Total Cost": 496767.04, "Plan Rows": 630, "Plan Width": 37, "Inner Unique": true, "Plans": [{"Node Type": "Nested Loop", "Parent Relationship": "Outer", "Join Type": "Inner", "Startup Cost": 0.0, "Total Cost": 496464.42, "Plan Rows": 1052, "Plan Width": 41, "Inner Unique": false, "Plans": [{"Node Type": "Nested Loop", "Parent Relationship": "Outer", "Join Type": "Inner", "Startup Cost": 0.0, "Total Cost": 496175.34, "Plan Rows": 490, "Plan Width": 29, "Inner Unique": false, "Plans": [{"Node Type": "Nested Loop", "Parent Relationship": "Outer", "Join Type": "Inner", "Startup Cost": 0.0, "Total Cost": 495699.65, "Plan Rows": 192, "Plan Width": 4, "Inner Unique": false, "Plans": [{"Node Type": "Index Scan", "Parent Relationship": "Outer", "Scan Direction": "Forward", "Index Name": "info_type_pkey", "Relation Name": "info_type", "Alias": "it1", "Startup Cost": 0.0, "Total Cost": 14.21, "Plan Rows": 1, "Plan Width": 4, "Filter": "((info)::text = 'release dates'::text)"}, {"Node Type": "Index Scan", "Parent Relationship": "Inner", "Scan Direction": "Forward", "Index Name": "info_type_id_movie_info", "Relation Name": "movie_info", "Alias": "mi", "Startup Cost": 0.0, "Total Cost": 495683.52, "Plan Rows": 192, "Plan Width": 8, "Index Cond": "(info_type_id = it1.id)", "Filter": "((note)::text ~~ '%internet%'::text)"}]}, {"Node Type": "Index Scan", "Parent Relationship": "Inner", "Scan Direction": "Forward", "Index Name": "movie_id_aka_title", "Relation Name": "aka_title", "Alias": "at", "Startup Cost": 0.0, "Total Cost": 2.45, "Plan Rows": 3, "Plan Width": 25, "Index Cond": "(movie_id = mi.movie_id)"}]}, {"Node Type": "Index Scan", "Parent Relationship": "Inner", "Scan Direction": "Forward", "Index Name": "movie_id_movie_companies", "Relation Name": "movie_companies", "Alias": "mc", "Startup Cost": 0.0, "Total Cost": 0.57, "Plan Rows": 2, "Plan Width": 12, "Index Cond": "(movie_id = at.movie_id)"}]}, {"Node Type": "Index Scan", "Parent Relationship": "Inner", "Scan Direction": "Forward", "Index Name": "company_name_pkey", "Relation Name": "company_name", "Alias": "cn", "Startup Cost": 0.0, "Total Cost": 0.28, "Plan Rows": 1, "Plan Width": 4, "Index Cond": "(id = mc.company_id)", "Filter": "((country_code)::text = '[us]'::text)"}]}, {"Node Type": "Index Only Scan", "Parent Relationship": "Inner", "Scan Direction": "Forward", "Index Name": "company_type_pkey", "Relation Name": "company_type", "Alias": "ct", "Startup Cost": 0.0, "Total Cost": 0.27, "Plan Rows": 1, "Plan Width": 4, "Index Cond": "(id = mc.company_type_id)"}]}, {"Node Type": "Index Scan", "Parent Relationship": "Inner", "Scan Direction": "Forward", "Index Name": "title_pkey", "Relation Name": "title", "Alias": "t", "Startup Cost": 0.0, "Total Cost": 0.34, "Plan Rows": 1, "Plan Width": 21, "Index Cond": "(id = mc.movie_id)", "Filter": "(production_year > 1990)"}]}, {"Node Type": "Index Scan", "Parent Relationship": "Inner", "Scan Direction": "Forward", "Index Name": "movie_id_movie_keyword", "Relation Name": "movie_keyword", "Alias": "mk", "Startup Cost": 0.0, "Total Cost": 0.46, "Plan Rows": 8, "Plan Width": 8, "Index Cond": "(movie_id = mc.movie_id)"}]}, {"Node Type": "Index Only Scan", "Parent Relationship": "Inner", "Scan Direction": "Forward", "Index Name": "keyword_pkey", "Relation Name": "keyword", "Alias": "k", "Startup Cost": 0.0, "Total Cost": 0.27, "Plan Rows": 1, "Plan Width": 4, "Index Cond": "(id = mk.keyword_id)"}]}]}, "Unique SQL Id": 2302223328, "Planner Runtime": 227}, "explain_analyze_plan": null}, "(16, 106)": {"explain_plan": {"Plan": {"Node Type": "Aggregate", "Strategy": "Plain", "Startup Cost": 148721.97, "Total Cost": 148721.98, "Plan Rows": 1, "Plan Width": 102, "Plans": [{"Node Type": "Hash Join", "Parent Relationship": "Outer", "Join Type": "Inner", "Startup Cost": 111076.4, "Total Cost": 148686.76, "Plan Rows": 7042, "Plan Width": 38, "Inner Unique": true, "Hash Cond": "(mc.company_type_id = ct.id)", "Plans": [{"Node Type": "Hash Join", "Parent Relationship": "Outer", "Join Type": "Inner", "Startup Cost": 111075.34, "Total Cost": 148588.86, "Plan Rows": 7042, "Plan Width": 42, "Inner Unique": true, "Hash Cond": "(mc.company_id = cn.id)", "Plans": [{"Node Type": "Streaming(type: LOCAL GATHER dop: 1/16)", "Parent Relationship": "Outer", "Startup Cost": 108534.85, "Total Cost": 145946.49, "Plan Rows": 11758, "Plan Width": 46, "Plans": [{"Node Type": "Hash Join", "Parent Relationship": "Outer", "Join Type": "Inner", "Startup Cost": 108534.85, "Total Cost": 145692.73, "Plan Rows": 11758, "Plan Width": 46, "Inner Unique": false, "Hash Cond": "(t.id = mc.movie_id)", "Plans": [{"Node Type": "Streaming(type: BROADCAST dop: 16/1)", "Parent Relationship": "Outer", "Startup Cost": 102093.07, "Total Cost": 139141.18, "Plan Rows": 87632, "Plan Width": 54, "Plans": [{"Node Type": "Hash Join", "Parent Relationship": "Outer", "Join Type": "Inner", "Startup Cost": 102093.07, "Total Cost": 122249.9, "Plan Rows": 5477, "Plan Width": 54, "Inner Unique": true, "Hash Cond": "(mk.keyword_id = k.id)", "Plans": [{"Node Type": "Streaming(type: LOCAL GATHER dop: 1/16)", "Parent Relationship": "Outer", "Startup Cost": 98315.27, "Total Cost": 118397.87, "Plan Rows": 5477, "Plan Width": 58, "Plans": [{"Node Type": "Hash Join", "Parent Relationship": "Outer", "Join Type": "Inner", "Startup Cost": 98315.27, "Total Cost": 118279.67, "Plan Rows": 5477, "Plan Width": 58, "Inner Unique": false, "Hash Cond": "(mk.movie_id = t.id)", "Plans": [{"Node Type": "Seq Scan", "Parent Relationship": "Outer", "Relation Name": "movie_keyword", "Alias": "mk", "Startup Cost": 0.0, "Total Cost": 18902.58, "Plan Rows": 4523929, "Plan Width": 8}, {"Node Type": "Hash", "Parent Relationship": "Inner", "Startup Cost": 98306.78, "Total Cost": 98306.78, "Plan Rows": 10864, "Plan Width": 50, "Plans": [{"Node Type": "Streaming(type: BROADCAST dop: 16/1)", "Parent Relationship": "Outer", "Startup Cost": 71821.33, "Total Cost": 98306.78, "Plan Rows": 10864, "Plan Width": 50, "Plans": [{"Node Type": "Hash Join", "Parent Relationship": "Outer", "Join Type": "Inner", "Startup Cost": 71821.33, "Total Cost": 83072.32, "Plan Rows": 679, "Plan Width": 50, "Inner Unique": false, "Hash Cond": "(at.movie_id = t.id)", "Plans": [{"Node Type": "Seq Scan", "Parent Relationship": "Outer", "Relation Name": "aka_title", "Alias": "at", "Startup Cost": 0.0, "Total Cost": 9894.71, "Plan Rows": 361471, "Plan Width": 25}, {"Node Type": "Hash", "Parent Relationship": "Inner", "Startup Cost": 71818.0, "Total Cost": 71818.0, "Plan Rows": 266, "Plan Width": 25, "Plans": [{"Node Type": "Streaming(type: LOCAL GATHER dop: 1/16)", "Parent Relationship": "Outer", "Startup Cost": 20518.06, "Total Cost": 71818.0, "Plan Rows": 266, "Plan Width": 25, "Plans": [{"Node Type": "Hash Join", "Parent Relationship": "Outer", "Join Type": "Inner", "Startup Cost": 20518.06, "Total Cost": 71812.26, "Plan Rows": 266, "Plan Width": 25, "Inner Unique": true, "Hash Cond": "(mi.movie_id = t.id)", "Plans": [{"Node Type": "Streaming(type: BROADCAST dop: 16/1)", "Parent Relationship": "Outer", "Startup Cost": 2.41, "Total Cost": 51295.72, "Plan Rows": 3072, "Plan Width": 4, "Plans": [{"Node Type": "Hash Join", "Parent Relationship": "Outer", "Join Type": "Inner", "Startup Cost": 2.41, "Total Cost": 36229.42, "Plan Rows": 192, "Plan Width": 4, "Inner Unique": true, "Hash Cond": "(mi.info_type_id = it1.id)", "Plans": [{"Node Type": "Streaming(type: LOCAL GATHER dop: 1/16)", "Parent Relationship": "Outer", "Startup Cost": 0.0, "Total Cost": 36174.77, "Plan Rows": 13419, "Plan Width": 8, "Plans": [{"Node Type": "Seq Scan", "Parent Relationship": "Outer", "Relation Name": "movie_info", "Alias": "mi", "Startup Cost": 0.0, "Total Cost": 35885.16, "Plan Rows": 13419, "Plan Width": 8, "Filter": "((note)::text ~~ '%internet%'::text)"}]}, {"Node Type": "Hash", "Parent Relationship": "Inner", "Startup Cost": 2.4, "Total Cost": 2.4, "Plan Rows": 1, "Plan Width": 4, "Plans": [{"Node Type": "Seq Scan", "Parent Relationship": "Outer", "Relation Name": "info_type", "Alias": "it1", "Startup Cost": 0.0, "Total Cost": 2.4, "Plan Rows": 1, "Plan Width": 4, "Filter": "((info)::text = 'release dates'::text)"}]}]}]}, {"Node Type": "Hash", "Parent Relationship": "Inner", "Startup Cost": 19149.37, "Total Cost": 19149.37, "Plan Rows": 1748840, "Plan Width": 21, "Plans": [{"Node Type": "Seq Scan", "Parent Relationship": "Outer", "Relation Name": "title", "Alias": "t", "Startup Cost": 0.0, "Total Cost": 19149.37, "Plan Rows": 1748840, "Plan Width": 21, "Filter": "(production_year > 1990), (LLVM Optimized)"}]}]}]}]}]}]}]}]}]}, {"Node Type": "Hash", "Parent Relationship": "Inner", "Startup Cost": 2100.69, "Total Cost": 2100.69, "Plan Rows": 134169, "Plan Width": 4, "Plans": [{"Node Type": "Seq Scan", "Parent Relationship": "Outer", "Relation Name": "keyword", "Alias": "k", "Startup Cost": 0.0, "Total Cost": 2100.69, "Plan Rows": 134169, "Plan Width": 4}]}]}]}, {"Node Type": "Hash", "Parent Relationship": "Inner", "Startup Cost": 17613.58, "Total Cost": 17613.58, "Plan Rows": 2609128, "Plan Width": 12, "Plans": [{"Node Type": "Seq Scan", "Parent Relationship": "Outer", "Relation Name": "movie_companies", "Alias": "mc", "Startup Cost": 0.0, "Total Cost": 17613.58, "Plan Rows": 2609128, "Plan Width": 12}]}]}]}, {"Node Type": "Hash", "Parent Relationship": "Inner", "Startup Cost": 5903.45, "Total Cost": 5903.45, "Plan Rows": 85170, "Plan Width": 4, "Plans": [{"Node Type": "Seq Scan", "Parent Relationship": "Outer", "Relation Name": "company_name", "Alias": "cn", "Startup Cost": 0.0, "Total Cost": 5903.45, "Plan Rows": 85170, "Plan Width": 4, "Filter": "((country_code)::text = '[us]'::text)"}]}]}, {"Node Type": "Hash", "Parent Relationship": "Inner", "Startup Cost": 1.03, "Total Cost": 1.03, "Plan Rows": 3, "Plan Width": 4, "Plans": [{"Node Type": "Seq Scan", "Parent Relationship": "Outer", "Relation Name": "company_type", "Alias": "ct", "Startup Cost": 0.0, "Total Cost": 1.03, "Plan Rows": 3, "Plan Width": 4}]}]}]}, "Unique SQL Id": 2302223328, "Planner Runtime": 531}, "explain_analyze_plan": {"Plan": {"Node Type": "Aggregate", "Strategy": "Plain", "Startup Cost": 148721.97, "Total Cost": 148721.98, "Plan Rows": 1, "Plan Width": 102, "Actual Min Startup Time": 893.356, "Actual Max Startup Time": 893.356, "Actual Min Total Time": 893.357, "Actual Max Total Time": 893.357, "Plans": [{"Node Type": "Hash Join", "Parent Relationship": "Outer", "Join Type": "Inner", "Startup Cost": 111076.4, "Total Cost": 148686.76, "Plan Rows": 7042, "Plan Width": 38, "Actual Min Startup Time": 776.899, "Actual Max Startup Time": 776.899, "Actual Min Total Time": 891.161, "Actual Max Total Time": 891.161, "Inner Unique": true, "Hash Cond": "(mc.company_type_id = ct.id)", "Plans": [{"Node Type": "Hash Join", "Parent Relationship": "Outer", "Join Type": "Inner", "Startup Cost": 111075.34, "Total Cost": 148588.86, "Plan Rows": 7042, "Plan Width": 42, "Actual Min Startup Time": 761.564, "Actual Max Startup Time": 761.564, "Actual Min Total Time": 888.164, "Actual Max Total Time": 888.164, "Inner Unique": true, "Hash Cond": "(mc.company_id = cn.id)", "Plans": [{"Node Type": "Streaming(type: LOCAL GATHER dop: 1/16)", "Parent Relationship": "Outer", "Startup Cost": 108534.85, "Total Cost": 145946.49, "Plan Rows": 11758, "Plan Width": 46, "Actual Min Startup Time": 640.347, "Actual Max Startup Time": 640.347, "Actual Min Total Time": 756.79, "Actual Max Total Time": 756.79, "Plans": [{"Node Type": "Hash Join", "Parent Relationship": "Outer", "Join Type": "Inner", "Startup Cost": 108534.85, "Total Cost": 145692.73, "Plan Rows": 11758, "Plan Width": 46, "Actual Min Startup Time": 581.545, "Actual Max Startup Time": 622.336, "Actual Min Total Time": 692.765, "Actual Max Total Time": 745.06, "Inner Unique": false, "Hash Cond": "(t.id = mc.movie_id)", "Plans": [{"Node Type": "Streaming(type: BROADCAST dop: 16/1)", "Parent Relationship": "Outer", "Startup Cost": 102093.07, "Total Cost": 139141.18, "Plan Rows": 87632, "Plan Width": 54, "Actual Min Startup Time": 442.502, "Actual Max Startup Time": 534.204, "Actual Min Total Time": 566.336, "Actual Max Total Time": 659.607, "Plans": [{"Node Type": "Hash Join", "Parent Relationship": "Outer", "Join Type": "Inner", "Startup Cost": 102093.07, "Total Cost": 122249.9, "Plan Rows": 5477, "Plan Width": 54, "Actual Min Startup Time": 596.068, "Actual Max Startup Time": 596.068, "Actual Min Total Time": 631.753, "Actual Max Total Time": 631.753, "Inner Unique": true, "Hash Cond": "(mk.keyword_id = k.id)", "Plans": [{"Node Type": "Streaming(type: LOCAL GATHER dop: 1/16)", "Parent Relationship": "Outer", "Startup Cost": 98315.27, "Total Cost": 118397.87, "Plan Rows": 5477, "Plan Width": 58, "Actual Min Startup Time": 504.713, "Actual Max Startup Time": 504.713, "Actual Min Total Time": 535.913, "Actual Max Total Time": 535.913, "Plans": [{"Node Type": "Hash Join", "Parent Relationship": "Outer", "Join Type": "Inner", "Startup Cost": 98315.27, "Total Cost": 118279.67, "Plan Rows": 5477, "Plan Width": 58, "Actual Min Startup Time": 550.134, "Actual Max Startup Time": 606.334, "Actual Min Total Time": 660.876, "Actual Max Total Time": 713.324, "Inner Unique": false, "Hash Cond": "(mk.movie_id = t.id)", "Plans": [{"Node Type": "Seq Scan", "Parent Relationship": "Outer", "Relation Name": "movie_keyword", "Alias": "mk", "Startup Cost": 0.0, "Total Cost": 18902.58, "Plan Rows": 4523929, "Plan Width": 8, "Actual Min Startup Time": 0.059, "Actual Max Startup Time": 0.099, "Actual Min Total Time": 57.616, "Actual Max Total Time": 66.322, "Actual Rows": 4523929}, {"Node Type": "Hash", "Parent Relationship": "Inner", "Startup Cost": 98306.78, "Total Cost": 98306.78, "Plan Rows": 10864, "Plan Width": 50, "Actual Min Startup Time": 545.076, "Actual Max Startup Time": 597.716, "Actual Min Total Time": 545.076, "Actual Max Total Time": 597.716, "Max Hash Buckets": 32768, "Min Hash Buckets": 32768, "Max Hash Batches": 1, "Min Hash Batches": 1, "Max Original Hash Batches": 1, "Min Original Hash Batches": 1, "Max Peak Memory Usage": 52, "min Peak Memory Usage": 52, "Plans": [{"Node Type": "Streaming(type: BROADCAST dop: 16/1)", "Parent Relationship": "Outer", "Startup Cost": 71821.33, "Total Cost": 98306.78, "Plan Rows": 10864, "Plan Width": 50, "Actual Min Startup Time": 392.988, "Actual Max Startup Time": 445.64, "Actual Min Total Time": 544.75, "Actual Max Total Time": 597.414, "Plans": [{"Node Type": "Hash Join", "Parent Relationship": "Outer", "Join Type": "Inner", "Startup Cost": 71821.33, "Total Cost": 83072.32, "Plan Rows": 679, "Plan Width": 50, "Actual Min Startup Time": 412.666, "Actual Max Startup Time": 412.666, "Actual Min Total Time": 573.25, "Actual Max Total Time": 573.25, "Inner Unique": false, "Hash Cond": "(at.movie_id = t.id)", "Plans": [{"Node Type": "Seq Scan", "Parent Relationship": "Outer", "Relation Name": "aka_title", "Alias": "at", "Startup Cost": 0.0, "Total Cost": 9894.71, "Plan Rows": 361471, "Plan Width": 25, "Actual Min Startup Time": 0.052, "Actual Max Startup Time": 0.052, "Actual Min Total Time": 93.865, "Actual Max Total Time": 93.865, "Actual Rows": 361471}, {"Node Type": "Hash", "Parent Relationship": "Inner", "Startup Cost": 71818.0, "Total Cost": 71818.0, "Plan Rows": 266, "Plan Width": 25, "Actual Min Startup Time": 412.526, "Actual Max Startup Time": 412.526, "Actual Min Total Time": 412.526, "Actual Max Total Time": 412.526, "Max Hash Buckets": 32768, "Min Hash Buckets": 32768, "Max Hash Batches": 1, "Min Hash Batches": 1, "Max Original Hash Batches": 1, "Min Original Hash Batches": 1, "Max Peak Memory Usage": 627, "min Peak Memory Usage": 627, "Plans": [{"Node Type": "Streaming(type: LOCAL GATHER dop: 1/16)", "Parent Relationship": "Outer", "Startup Cost": 20518.06, "Total Cost": 71818.0, "Plan Rows": 266, "Plan Width": 25, "Actual Min Startup Time": 178.69, "Actual Max Startup Time": 178.69, "Actual Min Total Time": 409.662, "Actual Max Total Time": 409.662, "Plans": [{"Node Type": "Hash Join", "Parent Relationship": "Outer", "Join Type": "Inner", "Startup Cost": 20518.06, "Total Cost": 71812.26, "Plan Rows": 266, "Plan Width": 25, "Actual Min Startup Time": 95.737, "Actual Max Startup Time": 125.33, "Actual Min Total Time": 365.791, "Actual Max Total Time": 452.299, "Inner Unique": true, "Hash Cond": "(mi.movie_id = t.id)", "Plans": [{"Node Type": "Streaming(type: BROADCAST dop: 16/1)", "Parent Relationship": "Outer", "Startup Cost": 2.41, "Total Cost": 51295.72, "Plan Rows": 3072, "Plan Width": 4, "Actual Min Startup Time": 0.032, "Actual Max Startup Time": 0.094, "Actual Min Total Time": 236.864, "Actual Max Total Time": 348.091, "Plans": [{"Node Type": "Hash Join", "Parent Relationship": "Outer", "Join Type": "Inner", "Startup Cost": 2.41, "Total Cost": 36229.42, "Plan Rows": 192, "Plan Width": 4, "Actual Min Startup Time": 0.265, "Actual Max Startup Time": 0.265, "Actual Min Total Time": 160.247, "Actual Max Total Time": 160.247, "Inner Unique": true, "Hash Cond": "(mi.info_type_id = it1.id)", "Plans": [{"Node Type": "Streaming(type: LOCAL GATHER dop: 1/16)", "Parent Relationship": "Outer", "Startup Cost": 0.0, "Total Cost": 36174.77, "Plan Rows": 13419, "Plan Width": 8, "Actual Min Startup Time": 0.074, "Actual Max Startup Time": 0.074, "Actual Min Total Time": 155.479, "Actual Max Total Time": 155.479, "Plans": [{"Node Type": "Seq Scan", "Parent Relationship": "Outer", "Relation Name": "movie_info", "Alias": "mi", "Startup Cost": 0.0, "Total Cost": 35885.16, "Plan Rows": 13419, "Plan Width": 8, "Actual Min Startup Time": 7.347, "Actual Max Startup Time": 80.747, "Actual Min Total Time": 258.121, "Actual Max Total Time": 285.589, "Filter": "((note)::text ~~ '%internet%'::text)", "Rows Removed by Filter": 14824909, "Actual Rows": 10810}], "Actual Rows": 10810}, {"Node Type": "Hash", "Parent Relationship": "Inner", "Startup Cost": 2.4, "Total Cost": 2.4, "Plan Rows": 1, "Plan Width": 4, "Actual Min Startup Time": 0.105, "Actual Max Startup Time": 0.105, "Actual Min Total Time": 0.105, "Actual Max Total Time": 0.105, "Max Hash Buckets": 32768, "Min Hash Buckets": 32768, "Max Hash Batches": 1, "Min Hash Batches": 1, "Max Original Hash Batches": 1, "Min Original Hash Batches": 1, "Max Peak Memory Usage": 1, "min Peak Memory Usage": 1, "Plans": [{"Node Type": "Seq Scan", "Parent Relationship": "Outer", "Relation Name": "info_type", "Alias": "it1", "Startup Cost": 0.0, "Total Cost": 2.4, "Plan Rows": 1, "Plan Width": 4, "Actual Min Startup Time": 0.07, "Actual Max Startup Time": 0.07, "Actual Min Total Time": 0.092, "Actual Max Total Time": 0.092, "Filter": "((info)::text = 'release dates'::text)", "Rows Removed by Filter": 111, "Actual Rows": 1}], "Actual Rows": 1}], "Actual Rows": 10679}], "Actual Rows": 170864}, {"Node Type": "Hash", "Parent Relationship": "Inner", "Startup Cost": 19149.37, "Total Cost": 19149.37, "Plan Rows": 1748840, "Plan Width": 21, "Actual Min Startup Time": 95.576, "Actual Max Startup Time": 125.029, "Actual Min Total Time": 95.576, "Actual Max Total Time": 125.029, "Max Hash Buckets": 131072, "Min Hash Buckets": 131072, "Max Hash Batches": 1, "Min Hash Batches": 1, "Max Original Hash Batches": 1, "Min Original Hash Batches": 1, "Max Peak Memory Usage": 5962, "min Peak Memory Usage": 5962, "Plans": [{"Node Type": "Seq Scan", "Parent Relationship": "Outer", "Relation Name": "title", "Alias": "t", "Startup Cost": 0.0, "Total Cost": 19149.37, "Plan Rows": 1748840, "Plan Width": 21, "Actual Min Startup Time": 0.03, "Actual Max Startup Time": 0.044, "Actual Min Total Time": 63.877, "Actual Max Total Time": 73.405, "Filter": "(production_year > 1990), (LLVM Optimized, Jit Execute)", "Rows Removed by Filter": 779279, "Actual Rows": 1749032}], "Actual Rows": 1749032}], "Actual Rows": 10662}], "Actual Rows": 10662}], "Actual Rows": 10662}], "Actual Rows": 584}], "Actual Rows": 9344}], "Actual Rows": 9344}], "Actual Rows": 6320}], "Actual Rows": 6320}, {"Node Type": "Hash", "Parent Relationship": "Inner", "Startup Cost": 2100.69, "Total Cost": 2100.69, "Plan Rows": 134169, "Plan Width": 4, "Actual Min Startup Time": 90.994, "Actual Max Startup Time": 90.994, "Actual Min Total Time": 90.994, "Actual Max Total Time": 90.994, "Max Hash Buckets": 262144, "Min Hash Buckets": 262144, "Max Hash Batches": 1, "Min Hash Batches": 1, "Max Original Hash Batches": 1, "Min Original Hash Batches": 1, "Max Peak Memory Usage": 4717, "min Peak Memory Usage": 4717, "Plans": [{"Node Type": "Seq Scan", "Parent Relationship": "Outer", "Relation Name": "keyword", "Alias": "k", "Startup Cost": 0.0, "Total Cost": 2100.69, "Plan Rows": 134169, "Plan Width": 4, "Actual Min Startup Time": 0.051, "Actual Max Startup Time": 0.051, "Actual Min Total Time": 40.749, "Actual Max Total Time": 40.749, "Actual Rows": 134169}], "Actual Rows": 134169}], "Actual Rows": 6320}], "Actual Rows": 101120}, {"Node Type": "Hash", "Parent Relationship": "Inner", "Startup Cost": 17613.58, "Total Cost": 17613.58, "Plan Rows": 2609128, "Plan Width": 12, "Actual Min Startup Time": 83.599, "Actual Max Startup Time": 129.432, "Actual Min Total Time": 83.599, "Actual Max Total Time": 129.432, "Max Hash Buckets": 262144, "Min Hash Buckets": 262144, "Max Hash Batches": 1, "Min Hash Batches": 1, "Max Original Hash Batches": 1, "Min Original Hash Batches": 1, "Max Peak Memory Usage": 7164, "min Peak Memory Usage": 7164, "Plans": [{"Node Type": "Seq Scan", "Parent Relationship": "Outer", "Relation Name": "movie_companies", "Alias": "mc", "Startup Cost": 0.0, "Total Cost": 17613.58, "Plan Rows": 2609128, "Plan Width": 12, "Actual Min Startup Time": 0.036, "Actual Max Startup Time": 0.071, "Actual Min Total Time": 43.713, "Actual Max Total Time": 54.973, "Actual Rows": 2609128}], "Actual Rows": 2609128}], "Actual Rows": 39767}], "Actual Rows": 39767}, {"Node Type": "Hash", "Parent Relationship": "Inner", "Startup Cost": 5903.45, "Total Cost": 5903.45, "Plan Rows": 85170, "Plan Width": 4, "Actual Min Startup Time": 120.979, "Actual Max Startup Time": 120.979, "Actual Min Total Time": 120.979, "Actual Max Total Time": 120.979, "Max Hash Buckets": 131072, "Min Hash Buckets": 131072, "Max Hash Batches": 1, "Min Hash Batches": 1, "Max Original Hash Batches": 1, "Min Original Hash Batches": 1, "Max Peak Memory Usage": 2983, "min Peak Memory Usage": 2983, "Plans": [{"Node Type": "Seq Scan", "Parent Relationship": "Outer", "Relation Name": "company_name", "Alias": "cn", "Startup Cost": 0.0, "Total Cost": 5903.45, "Plan Rows": 85170, "Plan Width": 4, "Actual Min Startup Time": 0.058, "Actual Max Startup Time": 0.058, "Actual Min Total Time": 96.655, "Actual Max Total Time": 96.655, "Filter": "((country_code)::text = '[us]'::text)", "Rows Removed by Filter": 150153, "Actual Rows": 84843}], "Actual Rows": 84843}], "Actual Rows": 11347}, {"Node Type": "Hash", "Parent Relationship": "Inner", "Startup Cost": 1.03, "Total Cost": 1.03, "Plan Rows": 3, "Plan Width": 4, "Actual Min Startup Time": 0.049, "Actual Max Startup Time": 0.049, "Actual Min Total Time": 0.049, "Actual Max Total Time": 0.049, "Max Hash Buckets": 32768, "Min Hash Buckets": 32768, "Max Hash Batches": 1, "Min Hash Batches": 1, "Max Original Hash Batches": 1, "Min Original Hash Batches": 1, "Max Peak Memory Usage": 1, "min Peak Memory Usage": 1, "Plans": [{"Node Type": "Seq Scan", "Parent Relationship": "Outer", "Relation Name": "company_type", "Alias": "ct", "Startup Cost": 0.0, "Total Cost": 1.03, "Plan Rows": 3, "Plan Width": 4, "Actual Min Startup Time": 0.023, "Actual Max Startup Time": 0.023, "Actual Min Total Time": 0.026, "Actual Max Total Time": 0.026, "Actual Rows": 3}], "Actual Rows": 3}], "Actual Rows": 4371}], "Actual Rows": 1}, "Triggers": [], "Planner Runtime": 529, "Total Runtime": 921.536, "Unique SQL Id": 2302223328}}, "(16, 107)": {"explain_plan": {"Plan": {"Node Type": "Aggregate", "Strategy": "Plain", "Startup Cost": 9000056018769.79, "Total Cost": 9000056018769.8, "Plan Rows": 1, "Plan Width": 102, "Plans": [{"Node Type": "Hash Join", "Parent Relationship": "Outer", "Join Type": "Inner", "Startup Cost": 7020039633151.32, "Total Cost": 9000056018734.58, "Plan Rows": 7042, "Plan Width": 38, "Inner Unique": true, "Hash Cond": "(at.movie_id = t.id)", "Plans": [{"Node Type": "Hash Join", "Parent Relationship": "Outer", "Join Type": "Inner", "Startup Cost": 6020027967164.15, "Total Cost": 8000044352657.93, "Plan Rows": 5083, "Plan Width": 37, "Inner Unique": true, "Hash Cond": "(mk.keyword_id = k.id)", "Plans": [{"Node Type": "Hash Join", "Parent Relationship": "Outer", "Join Type": "Inner", "Startup Cost": 5020027759408.54, "Total Cost": 7000044144832.43, "Plan Rows": 5083, "Plan Width": 41, "Inner Unique": false, "Hash Cond": "(at.movie_id = mk.movie_id)", "Plans": [{"Node Type": "Hash Join", "Parent Relationship": "Outer", "Join Type": "Inner", "Startup Cost": 4020012402225.26, "Total Cost": 6000028786963.59, "Plan Rows": 630, "Plan Width": 33, "Inner Unique": true, "Hash Cond": "(mc.company_type_id = ct.id)", "Plans": [{"Node Type": "Hash Join", "Parent Relationship": "Outer", "Join Type": "Inner", "Startup Cost": 3020012401395.72, "Total Cost": 5000028786125.39, "Plan Rows": 630, "Plan Width": 37, "Inner Unique": true, "Hash Cond": "(mc.company_id = cn.id)", "Plans": [{"Node Type": "Hash Join", "Parent Relationship": "Outer", "Join Type": "Inner", "Startup Cost": 2020011350192.13, "Total Cost": 4000027734905.32, "Plan Rows": 1052, "Plan Width": 41, "Inner Unique": false, "Hash Cond": "(at.movie_id = mc.movie_id)", "Plans": [{"Node Type": "Hash Join", "Parent Relationship": "Outer", "Join Type": "Inner", "Startup Cost": 1020001999361.03, "Total Cost": 3000018383938.24, "Plan Rows": 490, "Plan Width": 29, "Inner Unique": false, "Hash Cond": "(mi.movie_id = at.movie_id)", "Plans": [{"Node Type": "Nested Loop", "Parent Relationship": "Outer", "Join Type": "Inner", "Startup Cost": 20000004841.51, "Total Cost": 2000016389398.93, "Plan Rows": 192, "Plan Width": 4, "Inner Unique": false, "Plans": [{"Node Type": "Index Scan", "Parent Relationship": "Outer", "Scan Direction": "Forward", "Index Name": "info_type_pkey", "Relation Name": "info_type", "Alias": "it1", "Startup Cost": 10000000000.0, "Total Cost": 1000000001421.0, "Plan Rows": 1, "Plan Width": 4, "Filter": "((info)::text = 'release dates'::text)"}, {"Node Type": "Bitmap Heap Scan", "Parent Relationship": "Inner", "Relation Name": "movie_info", "Alias": "mi", "Startup Cost": 10000004841.51, "Total Cost": 1000016387976.01, "Plan Rows": 192, "Plan Width": 8, "Recheck Cond": "(info_type_id = it1.id)", "Filter": "((note)::text ~~ '%internet%'::text)", "Plans": [{"Node Type": "Bitmap Index Scan", "Parent Relationship": "Outer", "Index Name": "info_type_id_movie_info", "Startup Cost": 0.0, "Total Cost": 4841.46, "Plan Rows": 212428, "Plan Width": 0, "Index Cond": "(info_type_id = it1.id)"}]}]}, {"Node Type": "Hash", "Parent Relationship": "Inner", "Startup Cost": 1000001990001.13, "Total Cost": 1000001990001.13, "Plan Rows": 361471, "Plan Width": 25, "Plans": [{"Node Type": "Index Scan", "Parent Relationship": "Outer", "Scan Direction": "Forward", "Index Name": "movie_id_aka_title", "Relation Name": "aka_title", "Alias": "at", "Startup Cost": 10000000000.0, "Total Cost": 1000001990001.13, "Plan Rows": 361471, "Plan Width": 25}]}]}, {"Node Type": "Hash", "Parent Relationship": "Inner", "Startup Cost": 1000009318217.0, "Total Cost": 1000009318217.0, "Plan Rows": 2609128, "Plan Width": 12, "Plans": [{"Node Type": "Index Scan", "Parent Relationship": "Outer", "Scan Direction": "Forward", "Index Name": "company_type_id_movie_companies", "Relation Name": "movie_companies", "Alias": "mc", "Startup Cost": 10000000000.0, "Total Cost": 1000009318217.0, "Plan Rows": 2609128, "Plan Width": 12}]}]}, {"Node Type": "Hash", "Parent Relationship": "Inner", "Startup Cost": 1000001050138.97, "Total Cost": 1000001050138.97, "Plan Rows": 85170, "Plan Width": 4, "Plans": [{"Node Type": "Index Scan", "Parent Relationship": "Outer", "Scan Direction": "Forward", "Index Name": "company_name_pkey", "Relation Name": "company_name", "Alias": "cn", "Startup Cost": 10000000000.0, "Total Cost": 1000001050138.97, "Plan Rows": 85170, "Plan Width": 4, "Filter": "((country_code)::text = '[us]'::text)"}]}]}, {"Node Type": "Hash", "Parent Relationship": "Inner", "Startup Cost": 1000000000829.5, "Total Cost": 1000000000829.5, "Plan Rows": 3, "Plan Width": 4, "Plans": [{"Node Type": "Index Only Scan", "Parent Relationship": "Outer", "Scan Direction": "Forward", "Index Name": "company_type_pkey", "Relation Name": "company_type", "Alias": "ct", "Startup Cost": 10000000000.0, "Total Cost": 1000000000829.5, "Plan Rows": 3, "Plan Width": 4}]}]}, {"Node Type": "Hash", "Parent Relationship": "Inner", "Startup Cost": 1000015300634.17, "Total Cost": 1000015300634.17, "Plan Rows": 4523929, "Plan Width": 8, "Plans": [{"Node Type": "Index Scan", "Parent Relationship": "Outer", "Scan Direction": "Forward", "Index Name": "movie_id_movie_keyword", "Relation Name": "movie_keyword", "Alias": "mk", "Startup Cost": 10000000000.0, "Total Cost": 1000015300634.17, "Plan Rows": 4523929, "Plan Width": 8}]}]}, {"Node Type": "Hash", "Parent Relationship": "Inner", "Startup Cost": 1000000206078.5, "Total Cost": 1000000206078.5, "Plan Rows": 134169, "Plan Width": 4, "Plans": [{"Node Type": "Index Only Scan", "Parent Relationship": "Outer", "Scan Direction": "Forward", "Index Name": "keyword_pkey", "Relation Name": "keyword", "Alias": "k", "Startup Cost": 10000000000.0, "Total Cost": 1000000206078.5, "Plan Rows": 134169, "Plan Width": 4}]}]}, {"Node Type": "Hash", "Parent Relationship": "Inner", "Startup Cost": 1000011644126.66, "Total Cost": 1000011644126.66, "Plan Rows": 1748840, "Plan Width": 21, "Plans": [{"Node Type": "Index Scan", "Parent Relationship": "Outer", "Scan Direction": "Forward", "Index Name": "title_pkey", "Relation Name": "title", "Alias": "t", "Startup Cost": 10000000000.0, "Total Cost": 1000011644126.66, "Plan Rows": 1748840, "Plan Width": 21, "Filter": "(production_year > 1990), (LLVM Optimized)"}]}]}]}, "Unique SQL Id": 2302223328, "Planner Runtime": 312}, "explain_analyze_plan": null}, "(16, 108)": {"explain_plan": {"Plan": {"Node Type": "Aggregate", "Strategy": "Plain", "Startup Cost": 40197.36, "Total Cost": 40197.37, "Plan Rows": 1, "Plan Width": 102, "Plans": [{"Node Type": "Nested Loop", "Parent Relationship": "Outer", "Join Type": "Inner", "Startup Cost": 2.41, "Total Cost": 40162.84, "Plan Rows": 6905, "Plan Width": 38, "Inner Unique": true, "Plans": [{"Node Type": "Nested Loop", "Parent Relationship": "Outer", "Join Type": "Inner", "Startup Cost": 2.41, "Total Cost": 38186.28, "Plan Rows": 7042, "Plan Width": 42, "Inner Unique": false, "Join Filter": "(t.id = mk.movie_id)", "Plans": [{"Node Type": "Nested Loop", "Parent Relationship": "Outer", "Join Type": "Inner", "Startup Cost": 2.41, "Total Cost": 37695.3, "Plan Rows": 873, "Plan Width": 54, "Inner Unique": true, "Join Filter": "(at.movie_id = t.id)", "Plans": [{"Node Type": "Nested Loop", "Parent Relationship": "Outer", "Join Type": "Inner", "Startup Cost": 2.41, "Total Cost": 37473.22, "Plan Rows": 630, "Plan Width": 33, "Inner Unique": true, "Plans": [{"Node Type": "Nested Loop", "Parent Relationship": "Outer", "Join Type": "Inner", "Startup Cost": 2.41, "Total Cost": 37296.82, "Plan Rows": 630, "Plan Width": 37, "Inner Unique": true, "Plans": [{"Node Type": "Nested Loop", "Parent Relationship": "Outer", "Join Type": "Inner", "Startup Cost": 2.41, "Total Cost": 36994.2, "Plan Rows": 1052, "Plan Width": 41, "Inner Unique": false, "Plans": [{"Node Type": "Nested Loop", "Parent Relationship": "Outer", "Join Type": "Inner", "Startup Cost": 2.41, "Total Cost": 36705.12, "Plan Rows": 490, "Plan Width": 29, "Inner Unique": false, "Plans": [{"Node Type": "Hash Join", "Parent Relationship": "Outer", "Join Type": "Inner", "Startup Cost": 2.41, "Total Cost": 36229.42, "Plan Rows": 192, "Plan Width": 4, "Inner Unique": true, "Hash Cond": "(mi.info_type_id = it1.id)", "Plans": [{"Node Type": "Streaming(type: LOCAL GATHER dop: 1/16)", "Parent Relationship": "Outer", "Startup Cost": 0.0, "Total Cost": 36174.77, "Plan Rows": 13419, "Plan Width": 8, "Plans": [{"Node Type": "Seq Scan", "Parent Relationship": "Outer", "Relation Name": "movie_info", "Alias": "mi", "Startup Cost": 0.0, "Total Cost": 35885.16, "Plan Rows": 13419, "Plan Width": 8, "Filter": "((note)::text ~~ '%internet%'::text)"}]}, {"Node Type": "Hash", "Parent Relationship": "Inner", "Startup Cost": 2.4, "Total Cost": 2.4, "Plan Rows": 1, "Plan Width": 4, "Plans": [{"Node Type": "Seq Scan", "Parent Relationship": "Outer", "Relation Name": "info_type", "Alias": "it1", "Startup Cost": 0.0, "Total Cost": 2.4, "Plan Rows": 1, "Plan Width": 4, "Filter": "((info)::text = 'release dates'::text)"}]}]}, {"Node Type": "Index Scan", "Parent Relationship": "Inner", "Scan Direction": "Forward", "Index Name": "movie_id_aka_title", "Relation Name": "aka_title", "Alias": "at", "Startup Cost": 0.0, "Total Cost": 2.45, "Plan Rows": 3, "Plan Width": 25, "Index Cond": "(movie_id = mi.movie_id)"}]}, {"Node Type": "Index Scan", "Parent Relationship": "Inner", "Scan Direction": "Forward", "Index Name": "movie_id_movie_companies", "Relation Name": "movie_companies", "Alias": "mc", "Startup Cost": 0.0, "Total Cost": 0.57, "Plan Rows": 2, "Plan Width": 12, "Index Cond": "(movie_id = at.movie_id)"}]}, {"Node Type": "Index Scan", "Parent Relationship": "Inner", "Scan Direction": "Forward", "Index Name": "company_name_pkey", "Relation Name": "company_name", "Alias": "cn", "Startup Cost": 0.0, "Total Cost": 0.28, "Plan Rows": 1, "Plan Width": 4, "Index Cond": "(id = mc.company_id)", "Filter": "((country_code)::text = '[us]'::text)"}]}, {"Node Type": "Index Scan", "Parent Relationship": "Inner", "Scan Direction": "Forward", "Index Name": "company_type_pkey", "Relation Name": "company_type", "Alias": "ct", "Startup Cost": 0.0, "Total Cost": 0.27, "Plan Rows": 1, "Plan Width": 4, "Index Cond": "(id = mc.company_type_id)"}]}, {"Node Type": "Index Scan", "Parent Relationship": "Inner", "Scan Direction": "Forward", "Index Name": "title_pkey", "Relation Name": "title", "Alias": "t", "Startup Cost": 0.0, "Total Cost": 0.34, "Plan Rows": 1, "Plan Width": 21, "Index Cond": "(id = mc.movie_id)", "Filter": "(production_year > 1990)"}]}, {"Node Type": "Index Scan", "Parent Relationship": "Inner", "Scan Direction": "Forward", "Index Name": "movie_id_movie_keyword", "Relation Name": "movie_keyword", "Alias": "mk", "Startup Cost": 0.0, "Total Cost": 0.46, "Plan Rows": 8, "Plan Width": 8, "Index Cond": "(movie_id = mc.movie_id)"}]}, {"Node Type": "Index Scan", "Parent Relationship": "Inner", "Scan Direction": "Forward", "Index Name": "keyword_pkey", "Relation Name": "keyword", "Alias": "k", "Startup Cost": 0.0, "Total Cost": 0.27, "Plan Rows": 1, "Plan Width": 4, "Index Cond": "(id = mk.keyword_id)"}]}]}, "Unique SQL Id": 2302223328, "Planner Runtime": 306}, "explain_analyze_plan": {"Plan": {"Node Type": "Aggregate", "Strategy": "Plain", "Startup Cost": 40197.36, "Total Cost": 40197.37, "Plan Rows": 1, "Plan Width": 102, "Actual Min Startup Time": 368.664, "Actual Max Startup Time": 368.664, "Actual Min Total Time": 368.665, "Actual Max Total Time": 368.665, "Plans": [{"Node Type": "Nested Loop", "Parent Relationship": "Outer", "Join Type": "Inner", "Startup Cost": 2.41, "Total Cost": 40162.84, "Plan Rows": 6905, "Plan Width": 38, "Actual Min Startup Time": 117.996, "Actual Max Startup Time": 117.996, "Actual Min Total Time": 365.91, "Actual Max Total Time": 365.91, "Inner Unique": true, "Plans": [{"Node Type": "Nested Loop", "Parent Relationship": "Outer", "Join Type": "Inner", "Startup Cost": 2.41, "Total Cost": 38186.28, "Plan Rows": 7042, "Plan Width": 42, "Actual Min Startup Time": 117.971, "Actual Max Startup Time": 117.971, "Actual Min Total Time": 344.436, "Actual Max Total Time": 344.436, "Inner Unique": false, "Join Filter": "(t.id = mk.movie_id)", "Rows Removed by Join Filter": 0, "Plans": [{"Node Type": "Nested Loop", "Parent Relationship": "Outer", "Join Type": "Inner", "Startup Cost": 2.41, "Total Cost": 37695.3, "Plan Rows": 873, "Plan Width": 54, "Actual Min Startup Time": 112.955, "Actual Max Startup Time": 112.955, "Actual Min Total Time": 337.669, "Actual Max Total Time": 337.669, "Inner Unique": true, "Join Filter": "(at.movie_id = t.id)", "Rows Removed by Join Filter": 0, "Plans": [{"Node Type": "Nested Loop", "Parent Relationship": "Outer", "Join Type": "Inner", "Startup Cost": 2.41, "Total Cost": 37473.22, "Plan Rows": 630, "Plan Width": 33, "Actual Min Startup Time": 112.912, "Actual Max Startup Time": 112.912, "Actual Min Total Time": 334.151, "Actual Max Total Time": 334.151, "Inner Unique": true, "Plans": [{"Node Type": "Nested Loop", "Parent Relationship": "Outer", "Join Type": "Inner", "Startup Cost": 2.41, "Total Cost": 37296.82, "Plan Rows": 630, "Plan Width": 37, "Actual Min Startup Time": 112.886, "Actual Max Startup Time": 112.886, "Actual Min Total Time": 332.273, "Actual Max Total Time": 332.273, "Inner Unique": true, "Plans": [{"Node Type": "Nested Loop", "Parent Relationship": "Outer", "Join Type": "Inner", "Startup Cost": 2.41, "Total Cost": 36994.2, "Plan Rows": 1052, "Plan Width": 41, "Actual Min Startup Time": 112.85, "Actual Max Startup Time": 112.85, "Actual Min Total Time": 318.424, "Actual Max Total Time": 318.424, "Inner Unique": false, "Plans": [{"Node Type": "Nested Loop", "Parent Relationship": "Outer", "Join Type": "Inner", "Startup Cost": 2.41, "Total Cost": 36705.12, "Plan Rows": 490, "Plan Width": 29, "Actual Min Startup Time": 112.809, "Actual Max Startup Time": 112.809, "Actual Min Total Time": 310.819, "Actual Max Total Time": 310.819, "Inner Unique": false, "Plans": [{"Node Type": "Hash Join", "Parent Relationship": "Outer", "Join Type": "Inner", "Startup Cost": 2.41, "Total Cost": 36229.42, "Plan Rows": 192, "Plan Width": 4, "Actual Min Startup Time": 112.687, "Actual Max Startup Time": 112.687, "Actual Min Total Time": 273.006, "Actual Max Total Time": 273.006, "Inner Unique": true, "Hash Cond": "(mi.info_type_id = it1.id)", "Plans": [{"Node Type": "Streaming(type: LOCAL GATHER dop: 1/16)", "Parent Relationship": "Outer", "Startup Cost": 0.0, "Total Cost": 36174.77, "Plan Rows": 13419, "Plan Width": 8, "Actual Min Startup Time": 112.482, "Actual Max Startup Time": 112.482, "Actual Min Total Time": 267.227, "Actual Max Total Time": 267.227, "Plans": [{"Node Type": "Seq Scan", "Parent Relationship": "Outer", "Relation Name": "movie_info", "Alias": "mi", "Startup Cost": 0.0, "Total Cost": 35885.16, "Plan Rows": 13419, "Plan Width": 8, "Actual Min Startup Time": 7.361, "Actual Max Startup Time": 78.352, "Actual Min Total Time": 250.346, "Actual Max Total Time": 283.181, "Filter": "((note)::text ~~ '%internet%'::text)", "Rows Removed by Filter": 14824909, "Actual Rows": 10810}], "Actual Rows": 10810}, {"Node Type": "Hash", "Parent Relationship": "Inner", "Startup Cost": 2.4, "Total Cost": 2.4, "Plan Rows": 1, "Plan Width": 4, "Actual Min Startup Time": 0.096, "Actual Max Startup Time": 0.096, "Actual Min Total Time": 0.096, "Actual Max Total Time": 0.096, "Max Hash Buckets": 32768, "Min Hash Buckets": 32768, "Max Hash Batches": 1, "Min Hash Batches": 1, "Max Original Hash Batches": 1, "Min Original Hash Batches": 1, "Max Peak Memory Usage": 1, "min Peak Memory Usage": 1, "Plans": [{"Node Type": "Seq Scan", "Parent Relationship": "Outer", "Relation Name": "info_type", "Alias": "it1", "Startup Cost": 0.0, "Total Cost": 2.4, "Plan Rows": 1, "Plan Width": 4, "Actual Min Startup Time": 0.056, "Actual Max Startup Time": 0.056, "Actual Min Total Time": 0.079, "Actual Max Total Time": 0.079, "Filter": "((info)::text = 'release dates'::text)", "Rows Removed by Filter": 111, "Actual Rows": 1}], "Actual Rows": 1}], "Actual Rows": 10679}, {"Node Type": "Index Scan", "Parent Relationship": "Inner", "Scan Direction": "Forward", "Index Name": "movie_id_aka_title", "Relation Name": "aka_title", "Alias": "at", "Startup Cost": 0.0, "Total Cost": 2.45, "Plan Rows": 3, "Plan Width": 25, "Actual Min Startup Time": 31.878, "Actual Max Startup Time": 31.878, "Actual Min Total Time": 32.6, "Actual Max Total Time": 32.6, "Index Cond": "(movie_id = mi.movie_id)", "Rows Removed by Index Recheck": 0, "Actual Rows": 591}], "Actual Rows": 591}, {"Node Type": "Index Scan", "Parent Relationship": "Inner", "Scan Direction": "Forward", "Index Name": "movie_id_movie_companies", "Relation Name": "movie_companies", "Alias": "mc", "Startup Cost": 0.0, "Total Cost": 0.57, "Plan Rows": 2, "Plan Width": 12, "Actual Min Startup Time": 4.798, "Actual Max Startup Time": 4.798, "Actual Min Total Time": 6.587, "Actual Max Total Time": 6.587, "Index Cond": "(movie_id = at.movie_id)", "Rows Removed by Index Recheck": 0, "Actual Rows": 2130}], "Actual Rows": 2130}, {"Node Type": "Index Scan", "Parent Relationship": "Inner", "Scan Direction": "Forward", "Index Name": "company_name_pkey", "Relation Name": "company_name", "Alias": "cn", "Startup Cost": 0.0, "Total Cost": 0.28, "Plan Rows": 1, "Plan Width": 4, "Actual Min Startup Time": 12.301, "Actual Max Startup Time": 12.301, "Actual Min Total Time": 12.301, "Actual Max Total Time": 12.301, "Index Cond": "(id = mc.company_id)", "Rows Removed by Index Recheck": 0, "Filter": "((country_code)::text = '[us]'::text)", "Rows Removed by Filter": 1234, "Actual Rows": 896}], "Actual Rows": 896}, {"Node Type": "Index Scan", "Parent Relationship": "Inner", "Scan Direction": "Forward", "Index Name": "company_type_pkey", "Relation Name": "company_type", "Alias": "ct", "Startup Cost": 0.0, "Total Cost": 0.27, "Plan Rows": 1, "Plan Width": 4, "Actual Min Startup Time": 1.082, "Actual Max Startup Time": 1.082, "Actual Min Total Time": 1.082, "Actual Max Total Time": 1.082, "Index Cond": "(id = mc.company_type_id)", "Rows Removed by Index Recheck": 0, "Actual Rows": 382}], "Actual Rows": 382}, {"Node Type": "Index Scan", "Parent Relationship": "Inner", "Scan Direction": "Forward", "Index Name": "title_pkey", "Relation Name": "title", "Alias": "t", "Startup Cost": 0.0, "Total Cost": 0.34, "Plan Rows": 1, "Plan Width": 21, "Actual Min Startup Time": 2.842, "Actual Max Startup Time": 2.842, "Actual Min Total Time": 2.842, "Actual Max Total Time": 2.842, "Index Cond": "(id = mc.movie_id)", "Rows Removed by Index Recheck": 0, "Filter": "(production_year > 1990)", "Rows Removed by Filter": 0, "Actual Rows": 382}], "Actual Rows": 382}, {"Node Type": "Index Scan", "Parent Relationship": "Inner", "Scan Direction": "Forward", "Index Name": "movie_id_movie_keyword", "Relation Name": "movie_keyword", "Alias": "mk", "Startup Cost": 0.0, "Total Cost": 0.46, "Plan Rows": 8, "Plan Width": 8, "Actual Min Startup Time": 2.887, "Actual Max Startup Time": 2.887, "Actual Min Total Time": 4.841, "Actual Max Total Time": 4.841, "Index Cond": "(movie_id = mc.movie_id)", "Rows Removed by Index Recheck": 0, "Actual Rows": 4371}], "Actual Rows": 4371}, {"Node Type": "Index Scan", "Parent Relationship": "Inner", "Scan Direction": "Forward", "Index Name": "keyword_pkey", "Relation Name": "keyword", "Alias": "k", "Startup Cost": 0.0, "Total Cost": 0.27, "Plan Rows": 1, "Plan Width": 4, "Actual Min Startup Time": 17.919, "Actual Max Startup Time": 17.919, "Actual Min Total Time": 17.919, "Actual Max Total Time": 17.919, "Index Cond": "(id = mk.keyword_id)", "Rows Removed by Index Recheck": 0, "Actual Rows": 4371}], "Actual Rows": 4371}], "Actual Rows": 1}, "Triggers": [], "Planner Runtime": 306, "Total Runtime": 372.92, "Unique SQL Id": 2302223328}}, "(16, 109)": {"explain_plan": {"Plan": {"Node Type": "Aggregate", "Strategy": "Plain", "Startup Cost": 499667.59, "Total Cost": 499667.6, "Plan Rows": 1, "Plan Width": 102, "Plans": [{"Node Type": "Nested Loop", "Parent Relationship": "Outer", "Join Type": "Inner", "Startup Cost": 0.0, "Total Cost": 499633.06, "Plan Rows": 6905, "Plan Width": 38, "Inner Unique": true, "Plans": [{"Node Type": "Nested Loop", "Parent Relationship": "Outer", "Join Type": "Inner", "Startup Cost": 0.0, "Total Cost": 497656.5, "Plan Rows": 7042, "Plan Width": 42, "Inner Unique": false, "Join Filter": "(t.id = mk.movie_id)", "Plans": [{"Node Type": "Nested Loop", "Parent Relationship": "Outer", "Join Type": "Inner", "Startup Cost": 0.0, "Total Cost": 497165.52, "Plan Rows": 873, "Plan Width": 54, "Inner Unique": true, "Join Filter": "(at.movie_id = t.id)", "Plans": [{"Node Type": "Nested Loop", "Parent Relationship": "Outer", "Join Type": "Inner", "Startup Cost": 0.0, "Total Cost": 496943.44, "Plan Rows": 630, "Plan Width": 33, "Inner Unique": true, "Plans": [{"Node Type": "Nested Loop", "Parent Relationship": "Outer", "Join Type": "Inner", "Startup Cost": 0.0, "Total Cost": 496767.04, "Plan Rows": 630, "Plan Width": 37, "Inner Unique": true, "Plans": [{"Node Type": "Nested Loop", "Parent Relationship": "Outer", "Join Type": "Inner", "Startup Cost": 0.0, "Total Cost": 496464.42, "Plan Rows": 1052, "Plan Width": 41, "Inner Unique": false, "Plans": [{"Node Type": "Nested Loop", "Parent Relationship": "Outer", "Join Type": "Inner", "Startup Cost": 0.0, "Total Cost": 496175.34, "Plan Rows": 490, "Plan Width": 29, "Inner Unique": false, "Plans": [{"Node Type": "Nested Loop", "Parent Relationship": "Outer", "Join Type": "Inner", "Startup Cost": 0.0, "Total Cost": 495699.65, "Plan Rows": 192, "Plan Width": 4, "Inner Unique": false, "Plans": [{"Node Type": "Index Scan", "Parent Relationship": "Outer", "Scan Direction": "Forward", "Index Name": "info_type_pkey", "Relation Name": "info_type", "Alias": "it1", "Startup Cost": 0.0, "Total Cost": 14.21, "Plan Rows": 1, "Plan Width": 4, "Filter": "((info)::text = 'release dates'::text)"}, {"Node Type": "Index Scan", "Parent Relationship": "Inner", "Scan Direction": "Forward", "Index Name": "info_type_id_movie_info", "Relation Name": "movie_info", "Alias": "mi", "Startup Cost": 0.0, "Total Cost": 495683.52, "Plan Rows": 192, "Plan Width": 8, "Index Cond": "(info_type_id = it1.id)", "Filter": "((note)::text ~~ '%internet%'::text)"}]}, {"Node Type": "Index Scan", "Parent Relationship": "Inner", "Scan Direction": "Forward", "Index Name": "movie_id_aka_title", "Relation Name": "aka_title", "Alias": "at", "Startup Cost": 0.0, "Total Cost": 2.45, "Plan Rows": 3, "Plan Width": 25, "Index Cond": "(movie_id = mi.movie_id)"}]}, {"Node Type": "Index Scan", "Parent Relationship": "Inner", "Scan Direction": "Forward", "Index Name": "movie_id_movie_companies", "Relation Name": "movie_companies", "Alias": "mc", "Startup Cost": 0.0, "Total Cost": 0.57, "Plan Rows": 2, "Plan Width": 12, "Index Cond": "(movie_id = at.movie_id)"}]}, {"Node Type": "Index Scan", "Parent Relationship": "Inner", "Scan Direction": "Forward", "Index Name": "company_name_pkey", "Relation Name": "company_name", "Alias": "cn", "Startup Cost": 0.0, "Total Cost": 0.28, "Plan Rows": 1, "Plan Width": 4, "Index Cond": "(id = mc.company_id)", "Filter": "((country_code)::text = '[us]'::text)"}]}, {"Node Type": "Index Scan", "Parent Relationship": "Inner", "Scan Direction": "Forward", "Index Name": "company_type_pkey", "Relation Name": "company_type", "Alias": "ct", "Startup Cost": 0.0, "Total Cost": 0.27, "Plan Rows": 1, "Plan Width": 4, "Index Cond": "(id = mc.company_type_id)"}]}, {"Node Type": "Index Scan", "Parent Relationship": "Inner", "Scan Direction": "Forward", "Index Name": "title_pkey", "Relation Name": "title", "Alias": "t", "Startup Cost": 0.0, "Total Cost": 0.34, "Plan Rows": 1, "Plan Width": 21, "Index Cond": "(id = mc.movie_id)", "Filter": "(production_year > 1990)"}]}, {"Node Type": "Index Scan", "Parent Relationship": "Inner", "Scan Direction": "Forward", "Index Name": "movie_id_movie_keyword", "Relation Name": "movie_keyword", "Alias": "mk", "Startup Cost": 0.0, "Total Cost": 0.46, "Plan Rows": 8, "Plan Width": 8, "Index Cond": "(movie_id = mc.movie_id)"}]}, {"Node Type": "Index Scan", "Parent Relationship": "Inner", "Scan Direction": "Forward", "Index Name": "keyword_pkey", "Relation Name": "keyword", "Alias": "k", "Startup Cost": 0.0, "Total Cost": 0.27, "Plan Rows": 1, "Plan Width": 4, "Index Cond": "(id = mk.keyword_id)"}]}]}, "Unique SQL Id": 2302223328, "Planner Runtime": 227}, "explain_analyze_plan": null}, "(16, 110)": {"explain_plan": {"Plan": {"Node Type": "Aggregate", "Strategy": "Plain", "Startup Cost": 148721.97, "Total Cost": 148721.98, "Plan Rows": 1, "Plan Width": 102, "Plans": [{"Node Type": "Hash Join", "Parent Relationship": "Outer", "Join Type": "Inner", "Startup Cost": 111076.4, "Total Cost": 148686.76, "Plan Rows": 7042, "Plan Width": 38, "Inner Unique": true, "Hash Cond": "(mc.company_type_id = ct.id)", "Plans": [{"Node Type": "Hash Join", "Parent Relationship": "Outer", "Join Type": "Inner", "Startup Cost": 111075.34, "Total Cost": 148588.86, "Plan Rows": 7042, "Plan Width": 42, "Inner Unique": true, "Hash Cond": "(mc.company_id = cn.id)", "Plans": [{"Node Type": "Streaming(type: LOCAL GATHER dop: 1/16)", "Parent Relationship": "Outer", "Startup Cost": 108534.85, "Total Cost": 145946.49, "Plan Rows": 11758, "Plan Width": 46, "Plans": [{"Node Type": "Hash Join", "Parent Relationship": "Outer", "Join Type": "Inner", "Startup Cost": 108534.85, "Total Cost": 145692.73, "Plan Rows": 11758, "Plan Width": 46, "Inner Unique": false, "Hash Cond": "(t.id = mc.movie_id)", "Plans": [{"Node Type": "Streaming(type: BROADCAST dop: 16/1)", "Parent Relationship": "Outer", "Startup Cost": 102093.07, "Total Cost": 139141.18, "Plan Rows": 87632, "Plan Width": 54, "Plans": [{"Node Type": "Hash Join", "Parent Relationship": "Outer", "Join Type": "Inner", "Startup Cost": 102093.07, "Total Cost": 122249.9, "Plan Rows": 5477, "Plan Width": 54, "Inner Unique": true, "Hash Cond": "(mk.keyword_id = k.id)", "Plans": [{"Node Type": "Streaming(type: LOCAL GATHER dop: 1/16)", "Parent Relationship": "Outer", "Startup Cost": 98315.27, "Total Cost": 118397.87, "Plan Rows": 5477, "Plan Width": 58, "Plans": [{"Node Type": "Hash Join", "Parent Relationship": "Outer", "Join Type": "Inner", "Startup Cost": 98315.27, "Total Cost": 118279.67, "Plan Rows": 5477, "Plan Width": 58, "Inner Unique": false, "Hash Cond": "(mk.movie_id = t.id)", "Plans": [{"Node Type": "Seq Scan", "Parent Relationship": "Outer", "Relation Name": "movie_keyword", "Alias": "mk", "Startup Cost": 0.0, "Total Cost": 18902.58, "Plan Rows": 4523929, "Plan Width": 8}, {"Node Type": "Hash", "Parent Relationship": "Inner", "Startup Cost": 98306.78, "Total Cost": 98306.78, "Plan Rows": 10864, "Plan Width": 50, "Plans": [{"Node Type": "Streaming(type: BROADCAST dop: 16/1)", "Parent Relationship": "Outer", "Startup Cost": 71821.33, "Total Cost": 98306.78, "Plan Rows": 10864, "Plan Width": 50, "Plans": [{"Node Type": "Hash Join", "Parent Relationship": "Outer", "Join Type": "Inner", "Startup Cost": 71821.33, "Total Cost": 83072.32, "Plan Rows": 679, "Plan Width": 50, "Inner Unique": false, "Hash Cond": "(at.movie_id = t.id)", "Plans": [{"Node Type": "Seq Scan", "Parent Relationship": "Outer", "Relation Name": "aka_title", "Alias": "at", "Startup Cost": 0.0, "Total Cost": 9894.71, "Plan Rows": 361471, "Plan Width": 25}, {"Node Type": "Hash", "Parent Relationship": "Inner", "Startup Cost": 71818.0, "Total Cost": 71818.0, "Plan Rows": 266, "Plan Width": 25, "Plans": [{"Node Type": "Streaming(type: LOCAL GATHER dop: 1/16)", "Parent Relationship": "Outer", "Startup Cost": 20518.06, "Total Cost": 71818.0, "Plan Rows": 266, "Plan Width": 25, "Plans": [{"Node Type": "Hash Join", "Parent Relationship": "Outer", "Join Type": "Inner", "Startup Cost": 20518.06, "Total Cost": 71812.26, "Plan Rows": 266, "Plan Width": 25, "Inner Unique": true, "Hash Cond": "(mi.movie_id = t.id)", "Plans": [{"Node Type": "Streaming(type: BROADCAST dop: 16/1)", "Parent Relationship": "Outer", "Startup Cost": 2.41, "Total Cost": 51295.72, "Plan Rows": 3072, "Plan Width": 4, "Plans": [{"Node Type": "Hash Join", "Parent Relationship": "Outer", "Join Type": "Inner", "Startup Cost": 2.41, "Total Cost": 36229.42, "Plan Rows": 192, "Plan Width": 4, "Inner Unique": true, "Hash Cond": "(mi.info_type_id = it1.id)", "Plans": [{"Node Type": "Streaming(type: LOCAL GATHER dop: 1/16)", "Parent Relationship": "Outer", "Startup Cost": 0.0, "Total Cost": 36174.77, "Plan Rows": 13419, "Plan Width": 8, "Plans": [{"Node Type": "Seq Scan", "Parent Relationship": "Outer", "Relation Name": "movie_info", "Alias": "mi", "Startup Cost": 0.0, "Total Cost": 35885.16, "Plan Rows": 13419, "Plan Width": 8, "Filter": "((note)::text ~~ '%internet%'::text)"}]}, {"Node Type": "Hash", "Parent Relationship": "Inner", "Startup Cost": 2.4, "Total Cost": 2.4, "Plan Rows": 1, "Plan Width": 4, "Plans": [{"Node Type": "Seq Scan", "Parent Relationship": "Outer", "Relation Name": "info_type", "Alias": "it1", "Startup Cost": 0.0, "Total Cost": 2.4, "Plan Rows": 1, "Plan Width": 4, "Filter": "((info)::text = 'release dates'::text)"}]}]}]}, {"Node Type": "Hash", "Parent Relationship": "Inner", "Startup Cost": 19149.37, "Total Cost": 19149.37, "Plan Rows": 1748840, "Plan Width": 21, "Plans": [{"Node Type": "Seq Scan", "Parent Relationship": "Outer", "Relation Name": "title", "Alias": "t", "Startup Cost": 0.0, "Total Cost": 19149.37, "Plan Rows": 1748840, "Plan Width": 21, "Filter": "(production_year > 1990), (LLVM Optimized)"}]}]}]}]}]}]}]}]}]}, {"Node Type": "Hash", "Parent Relationship": "Inner", "Startup Cost": 2100.69, "Total Cost": 2100.69, "Plan Rows": 134169, "Plan Width": 4, "Plans": [{"Node Type": "Seq Scan", "Parent Relationship": "Outer", "Relation Name": "keyword", "Alias": "k", "Startup Cost": 0.0, "Total Cost": 2100.69, "Plan Rows": 134169, "Plan Width": 4}]}]}]}, {"Node Type": "Hash", "Parent Relationship": "Inner", "Startup Cost": 17613.58, "Total Cost": 17613.58, "Plan Rows": 2609128, "Plan Width": 12, "Plans": [{"Node Type": "Seq Scan", "Parent Relationship": "Outer", "Relation Name": "movie_companies", "Alias": "mc", "Startup Cost": 0.0, "Total Cost": 17613.58, "Plan Rows": 2609128, "Plan Width": 12}]}]}]}, {"Node Type": "Hash", "Parent Relationship": "Inner", "Startup Cost": 5903.45, "Total Cost": 5903.45, "Plan Rows": 85170, "Plan Width": 4, "Plans": [{"Node Type": "Seq Scan", "Parent Relationship": "Outer", "Relation Name": "company_name", "Alias": "cn", "Startup Cost": 0.0, "Total Cost": 5903.45, "Plan Rows": 85170, "Plan Width": 4, "Filter": "((country_code)::text = '[us]'::text)"}]}]}, {"Node Type": "Hash", "Parent Relationship": "Inner", "Startup Cost": 1.03, "Total Cost": 1.03, "Plan Rows": 3, "Plan Width": 4, "Plans": [{"Node Type": "Seq Scan", "Parent Relationship": "Outer", "Relation Name": "company_type", "Alias": "ct", "Startup Cost": 0.0, "Total Cost": 1.03, "Plan Rows": 3, "Plan Width": 4}]}]}]}, "Unique SQL Id": 2302223328, "Planner Runtime": 529}, "explain_analyze_plan": {"Plan": {"Node Type": "Aggregate", "Strategy": "Plain", "Startup Cost": 148721.97, "Total Cost": 148721.98, "Plan Rows": 1, "Plan Width": 102, "Actual Min Startup Time": 893.356, "Actual Max Startup Time": 893.356, "Actual Min Total Time": 893.357, "Actual Max Total Time": 893.357, "Plans": [{"Node Type": "Hash Join", "Parent Relationship": "Outer", "Join Type": "Inner", "Startup Cost": 111076.4, "Total Cost": 148686.76, "Plan Rows": 7042, "Plan Width": 38, "Actual Min Startup Time": 776.899, "Actual Max Startup Time": 776.899, "Actual Min Total Time": 891.161, "Actual Max Total Time": 891.161, "Inner Unique": true, "Hash Cond": "(mc.company_type_id = ct.id)", "Plans": [{"Node Type": "Hash Join", "Parent Relationship": "Outer", "Join Type": "Inner", "Startup Cost": 111075.34, "Total Cost": 148588.86, "Plan Rows": 7042, "Plan Width": 42, "Actual Min Startup Time": 761.564, "Actual Max Startup Time": 761.564, "Actual Min Total Time": 888.164, "Actual Max Total Time": 888.164, "Inner Unique": true, "Hash Cond": "(mc.company_id = cn.id)", "Plans": [{"Node Type": "Streaming(type: LOCAL GATHER dop: 1/16)", "Parent Relationship": "Outer", "Startup Cost": 108534.85, "Total Cost": 145946.49, "Plan Rows": 11758, "Plan Width": 46, "Actual Min Startup Time": 640.347, "Actual Max Startup Time": 640.347, "Actual Min Total Time": 756.79, "Actual Max Total Time": 756.79, "Plans": [{"Node Type": "Hash Join", "Parent Relationship": "Outer", "Join Type": "Inner", "Startup Cost": 108534.85, "Total Cost": 145692.73, "Plan Rows": 11758, "Plan Width": 46, "Actual Min Startup Time": 581.545, "Actual Max Startup Time": 622.336, "Actual Min Total Time": 692.765, "Actual Max Total Time": 745.06, "Inner Unique": false, "Hash Cond": "(t.id = mc.movie_id)", "Plans": [{"Node Type": "Streaming(type: BROADCAST dop: 16/1)", "Parent Relationship": "Outer", "Startup Cost": 102093.07, "Total Cost": 139141.18, "Plan Rows": 87632, "Plan Width": 54, "Actual Min Startup Time": 442.502, "Actual Max Startup Time": 534.204, "Actual Min Total Time": 566.336, "Actual Max Total Time": 659.607, "Plans": [{"Node Type": "Hash Join", "Parent Relationship": "Outer", "Join Type": "Inner", "Startup Cost": 102093.07, "Total Cost": 122249.9, "Plan Rows": 5477, "Plan Width": 54, "Actual Min Startup Time": 596.068, "Actual Max Startup Time": 596.068, "Actual Min Total Time": 631.753, "Actual Max Total Time": 631.753, "Inner Unique": true, "Hash Cond": "(mk.keyword_id = k.id)", "Plans": [{"Node Type": "Streaming(type: LOCAL GATHER dop: 1/16)", "Parent Relationship": "Outer", "Startup Cost": 98315.27, "Total Cost": 118397.87, "Plan Rows": 5477, "Plan Width": 58, "Actual Min Startup Time": 504.713, "Actual Max Startup Time": 504.713, "Actual Min Total Time": 535.913, "Actual Max Total Time": 535.913, "Plans": [{"Node Type": "Hash Join", "Parent Relationship": "Outer", "Join Type": "Inner", "Startup Cost": 98315.27, "Total Cost": 118279.67, "Plan Rows": 5477, "Plan Width": 58, "Actual Min Startup Time": 550.134, "Actual Max Startup Time": 606.334, "Actual Min Total Time": 660.876, "Actual Max Total Time": 713.324, "Inner Unique": false, "Hash Cond": "(mk.movie_id = t.id)", "Plans": [{"Node Type": "Seq Scan", "Parent Relationship": "Outer", "Relation Name": "movie_keyword", "Alias": "mk", "Startup Cost": 0.0, "Total Cost": 18902.58, "Plan Rows": 4523929, "Plan Width": 8, "Actual Min Startup Time": 0.059, "Actual Max Startup Time": 0.099, "Actual Min Total Time": 57.616, "Actual Max Total Time": 66.322, "Actual Rows": 4523929}, {"Node Type": "Hash", "Parent Relationship": "Inner", "Startup Cost": 98306.78, "Total Cost": 98306.78, "Plan Rows": 10864, "Plan Width": 50, "Actual Min Startup Time": 545.076, "Actual Max Startup Time": 597.716, "Actual Min Total Time": 545.076, "Actual Max Total Time": 597.716, "Max Hash Buckets": 32768, "Min Hash Buckets": 32768, "Max Hash Batches": 1, "Min Hash Batches": 1, "Max Original Hash Batches": 1, "Min Original Hash Batches": 1, "Max Peak Memory Usage": 52, "min Peak Memory Usage": 52, "Plans": [{"Node Type": "Streaming(type: BROADCAST dop: 16/1)", "Parent Relationship": "Outer", "Startup Cost": 71821.33, "Total Cost": 98306.78, "Plan Rows": 10864, "Plan Width": 50, "Actual Min Startup Time": 392.988, "Actual Max Startup Time": 445.64, "Actual Min Total Time": 544.75, "Actual Max Total Time": 597.414, "Plans": [{"Node Type": "Hash Join", "Parent Relationship": "Outer", "Join Type": "Inner", "Startup Cost": 71821.33, "Total Cost": 83072.32, "Plan Rows": 679, "Plan Width": 50, "Actual Min Startup Time": 412.666, "Actual Max Startup Time": 412.666, "Actual Min Total Time": 573.25, "Actual Max Total Time": 573.25, "Inner Unique": false, "Hash Cond": "(at.movie_id = t.id)", "Plans": [{"Node Type": "Seq Scan", "Parent Relationship": "Outer", "Relation Name": "aka_title", "Alias": "at", "Startup Cost": 0.0, "Total Cost": 9894.71, "Plan Rows": 361471, "Plan Width": 25, "Actual Min Startup Time": 0.052, "Actual Max Startup Time": 0.052, "Actual Min Total Time": 93.865, "Actual Max Total Time": 93.865, "Actual Rows": 361471}, {"Node Type": "Hash", "Parent Relationship": "Inner", "Startup Cost": 71818.0, "Total Cost": 71818.0, "Plan Rows": 266, "Plan Width": 25, "Actual Min Startup Time": 412.526, "Actual Max Startup Time": 412.526, "Actual Min Total Time": 412.526, "Actual Max Total Time": 412.526, "Max Hash Buckets": 32768, "Min Hash Buckets": 32768, "Max Hash Batches": 1, "Min Hash Batches": 1, "Max Original Hash Batches": 1, "Min Original Hash Batches": 1, "Max Peak Memory Usage": 627, "min Peak Memory Usage": 627, "Plans": [{"Node Type": "Streaming(type: LOCAL GATHER dop: 1/16)", "Parent Relationship": "Outer", "Startup Cost": 20518.06, "Total Cost": 71818.0, "Plan Rows": 266, "Plan Width": 25, "Actual Min Startup Time": 178.69, "Actual Max Startup Time": 178.69, "Actual Min Total Time": 409.662, "Actual Max Total Time": 409.662, "Plans": [{"Node Type": "Hash Join", "Parent Relationship": "Outer", "Join Type": "Inner", "Startup Cost": 20518.06, "Total Cost": 71812.26, "Plan Rows": 266, "Plan Width": 25, "Actual Min Startup Time": 95.737, "Actual Max Startup Time": 125.33, "Actual Min Total Time": 365.791, "Actual Max Total Time": 452.299, "Inner Unique": true, "Hash Cond": "(mi.movie_id = t.id)", "Plans": [{"Node Type": "Streaming(type: BROADCAST dop: 16/1)", "Parent Relationship": "Outer", "Startup Cost": 2.41, "Total Cost": 51295.72, "Plan Rows": 3072, "Plan Width": 4, "Actual Min Startup Time": 0.032, "Actual Max Startup Time": 0.094, "Actual Min Total Time": 236.864, "Actual Max Total Time": 348.091, "Plans": [{"Node Type": "Hash Join", "Parent Relationship": "Outer", "Join Type": "Inner", "Startup Cost": 2.41, "Total Cost": 36229.42, "Plan Rows": 192, "Plan Width": 4, "Actual Min Startup Time": 0.265, "Actual Max Startup Time": 0.265, "Actual Min Total Time": 160.247, "Actual Max Total Time": 160.247, "Inner Unique": true, "Hash Cond": "(mi.info_type_id = it1.id)", "Plans": [{"Node Type": "Streaming(type: LOCAL GATHER dop: 1/16)", "Parent Relationship": "Outer", "Startup Cost": 0.0, "Total Cost": 36174.77, "Plan Rows": 13419, "Plan Width": 8, "Actual Min Startup Time": 0.074, "Actual Max Startup Time": 0.074, "Actual Min Total Time": 155.479, "Actual Max Total Time": 155.479, "Plans": [{"Node Type": "Seq Scan", "Parent Relationship": "Outer", "Relation Name": "movie_info", "Alias": "mi", "Startup Cost": 0.0, "Total Cost": 35885.16, "Plan Rows": 13419, "Plan Width": 8, "Actual Min Startup Time": 7.347, "Actual Max Startup Time": 80.747, "Actual Min Total Time": 258.121, "Actual Max Total Time": 285.589, "Filter": "((note)::text ~~ '%internet%'::text)", "Rows Removed by Filter": 14824909, "Actual Rows": 10810}], "Actual Rows": 10810}, {"Node Type": "Hash", "Parent Relationship": "Inner", "Startup Cost": 2.4, "Total Cost": 2.4, "Plan Rows": 1, "Plan Width": 4, "Actual Min Startup Time": 0.105, "Actual Max Startup Time": 0.105, "Actual Min Total Time": 0.105, "Actual Max Total Time": 0.105, "Max Hash Buckets": 32768, "Min Hash Buckets": 32768, "Max Hash Batches": 1, "Min Hash Batches": 1, "Max Original Hash Batches": 1, "Min Original Hash Batches": 1, "Max Peak Memory Usage": 1, "min Peak Memory Usage": 1, "Plans": [{"Node Type": "Seq Scan", "Parent Relationship": "Outer", "Relation Name": "info_type", "Alias": "it1", "Startup Cost": 0.0, "Total Cost": 2.4, "Plan Rows": 1, "Plan Width": 4, "Actual Min Startup Time": 0.07, "Actual Max Startup Time": 0.07, "Actual Min Total Time": 0.092, "Actual Max Total Time": 0.092, "Filter": "((info)::text = 'release dates'::text)", "Rows Removed by Filter": 111, "Actual Rows": 1}], "Actual Rows": 1}], "Actual Rows": 10679}], "Actual Rows": 170864}, {"Node Type": "Hash", "Parent Relationship": "Inner", "Startup Cost": 19149.37, "Total Cost": 19149.37, "Plan Rows": 1748840, "Plan Width": 21, "Actual Min Startup Time": 95.576, "Actual Max Startup Time": 125.029, "Actual Min Total Time": 95.576, "Actual Max Total Time": 125.029, "Max Hash Buckets": 131072, "Min Hash Buckets": 131072, "Max Hash Batches": 1, "Min Hash Batches": 1, "Max Original Hash Batches": 1, "Min Original Hash Batches": 1, "Max Peak Memory Usage": 5962, "min Peak Memory Usage": 5962, "Plans": [{"Node Type": "Seq Scan", "Parent Relationship": "Outer", "Relation Name": "title", "Alias": "t", "Startup Cost": 0.0, "Total Cost": 19149.37, "Plan Rows": 1748840, "Plan Width": 21, "Actual Min Startup Time": 0.03, "Actual Max Startup Time": 0.044, "Actual Min Total Time": 63.877, "Actual Max Total Time": 73.405, "Filter": "(production_year > 1990), (LLVM Optimized, Jit Execute)", "Rows Removed by Filter": 779279, "Actual Rows": 1749032}], "Actual Rows": 1749032}], "Actual Rows": 10662}], "Actual Rows": 10662}], "Actual Rows": 10662}], "Actual Rows": 584}], "Actual Rows": 9344}], "Actual Rows": 9344}], "Actual Rows": 6320}], "Actual Rows": 6320}, {"Node Type": "Hash", "Parent Relationship": "Inner", "Startup Cost": 2100.69, "Total Cost": 2100.69, "Plan Rows": 134169, "Plan Width": 4, "Actual Min Startup Time": 90.994, "Actual Max Startup Time": 90.994, "Actual Min Total Time": 90.994, "Actual Max Total Time": 90.994, "Max Hash Buckets": 262144, "Min Hash Buckets": 262144, "Max Hash Batches": 1, "Min Hash Batches": 1, "Max Original Hash Batches": 1, "Min Original Hash Batches": 1, "Max Peak Memory Usage": 4717, "min Peak Memory Usage": 4717, "Plans": [{"Node Type": "Seq Scan", "Parent Relationship": "Outer", "Relation Name": "keyword", "Alias": "k", "Startup Cost": 0.0, "Total Cost": 2100.69, "Plan Rows": 134169, "Plan Width": 4, "Actual Min Startup Time": 0.051, "Actual Max Startup Time": 0.051, "Actual Min Total Time": 40.749, "Actual Max Total Time": 40.749, "Actual Rows": 134169}], "Actual Rows": 134169}], "Actual Rows": 6320}], "Actual Rows": 101120}, {"Node Type": "Hash", "Parent Relationship": "Inner", "Startup Cost": 17613.58, "Total Cost": 17613.58, "Plan Rows": 2609128, "Plan Width": 12, "Actual Min Startup Time": 83.599, "Actual Max Startup Time": 129.432, "Actual Min Total Time": 83.599, "Actual Max Total Time": 129.432, "Max Hash Buckets": 262144, "Min Hash Buckets": 262144, "Max Hash Batches": 1, "Min Hash Batches": 1, "Max Original Hash Batches": 1, "Min Original Hash Batches": 1, "Max Peak Memory Usage": 7164, "min Peak Memory Usage": 7164, "Plans": [{"Node Type": "Seq Scan", "Parent Relationship": "Outer", "Relation Name": "movie_companies", "Alias": "mc", "Startup Cost": 0.0, "Total Cost": 17613.58, "Plan Rows": 2609128, "Plan Width": 12, "Actual Min Startup Time": 0.036, "Actual Max Startup Time": 0.071, "Actual Min Total Time": 43.713, "Actual Max Total Time": 54.973, "Actual Rows": 2609128}], "Actual Rows": 2609128}], "Actual Rows": 39767}], "Actual Rows": 39767}, {"Node Type": "Hash", "Parent Relationship": "Inner", "Startup Cost": 5903.45, "Total Cost": 5903.45, "Plan Rows": 85170, "Plan Width": 4, "Actual Min Startup Time": 120.979, "Actual Max Startup Time": 120.979, "Actual Min Total Time": 120.979, "Actual Max Total Time": 120.979, "Max Hash Buckets": 131072, "Min Hash Buckets": 131072, "Max Hash Batches": 1, "Min Hash Batches": 1, "Max Original Hash Batches": 1, "Min Original Hash Batches": 1, "Max Peak Memory Usage": 2983, "min Peak Memory Usage": 2983, "Plans": [{"Node Type": "Seq Scan", "Parent Relationship": "Outer", "Relation Name": "company_name", "Alias": "cn", "Startup Cost": 0.0, "Total Cost": 5903.45, "Plan Rows": 85170, "Plan Width": 4, "Actual Min Startup Time": 0.058, "Actual Max Startup Time": 0.058, "Actual Min Total Time": 96.655, "Actual Max Total Time": 96.655, "Filter": "((country_code)::text = '[us]'::text)", "Rows Removed by Filter": 150153, "Actual Rows": 84843}], "Actual Rows": 84843}], "Actual Rows": 11347}, {"Node Type": "Hash", "Parent Relationship": "Inner", "Startup Cost": 1.03, "Total Cost": 1.03, "Plan Rows": 3, "Plan Width": 4, "Actual Min Startup Time": 0.049, "Actual Max Startup Time": 0.049, "Actual Min Total Time": 0.049, "Actual Max Total Time": 0.049, "Max Hash Buckets": 32768, "Min Hash Buckets": 32768, "Max Hash Batches": 1, "Min Hash Batches": 1, "Max Original Hash Batches": 1, "Min Original Hash Batches": 1, "Max Peak Memory Usage": 1, "min Peak Memory Usage": 1, "Plans": [{"Node Type": "Seq Scan", "Parent Relationship": "Outer", "Relation Name": "company_type", "Alias": "ct", "Startup Cost": 0.0, "Total Cost": 1.03, "Plan Rows": 3, "Plan Width": 4, "Actual Min Startup Time": 0.023, "Actual Max Startup Time": 0.023, "Actual Min Total Time": 0.026, "Actual Max Total Time": 0.026, "Actual Rows": 3}], "Actual Rows": 3}], "Actual Rows": 4371}], "Actual Rows": 1}, "Triggers": [], "Planner Runtime": 529, "Total Runtime": 921.536, "Unique SQL Id": 2302223328}}, "(16, 111)": {"explain_plan": {"Plan": {"Node Type": "Aggregate", "Strategy": "Plain", "Startup Cost": 9000056097820.72, "Total Cost": 9000056097820.73, "Plan Rows": 1, "Plan Width": 102, "Plans": [{"Node Type": "Hash Join", "Parent Relationship": "Outer", "Join Type": "Inner", "Startup Cost": 7020039712202.25, "Total Cost": 9000056097785.51, "Plan Rows": 7042, "Plan Width": 38, "Inner Unique": true, "Hash Cond": "(at.movie_id = t.id)", "Plans": [{"Node Type": "Hash Join", "Parent Relationship": "Outer", "Join Type": "Inner", "Startup Cost": 6020028046215.09, "Total Cost": 8000044431708.87, "Plan Rows": 5083, "Plan Width": 37, "Inner Unique": true, "Hash Cond": "(mk.keyword_id = k.id)", "Plans": [{"Node Type": "Hash Join", "Parent Relationship": "Outer", "Join Type": "Inner", "Startup Cost": 5020027759808.54, "Total Cost": 7000044145232.43, "Plan Rows": 5083, "Plan Width": 41, "Inner Unique": false, "Hash Cond": "(at.movie_id = mk.movie_id)", "Plans": [{"Node Type": "Hash Join", "Parent Relationship": "Outer", "Join Type": "Inner", "Startup Cost": 4020012402625.26, "Total Cost": 6000028787363.59, "Plan Rows": 630, "Plan Width": 33, "Inner Unique": true, "Hash Cond": "(mc.company_type_id = ct.id)", "Plans": [{"Node Type": "Hash Join", "Parent Relationship": "Outer", "Join Type": "Inner", "Startup Cost": 3020012401395.72, "Total Cost": 5000028786125.39, "Plan Rows": 630, "Plan Width": 37, "Inner Unique": true, "Hash Cond": "(mc.company_id = cn.id)", "Plans": [{"Node Type": "Hash Join", "Parent Relationship": "Outer", "Join Type": "Inner", "Startup Cost": 2020011350192.13, "Total Cost": 4000027734905.32, "Plan Rows": 1052, "Plan Width": 41, "Inner Unique": false, "Hash Cond": "(at.movie_id = mc.movie_id)", "Plans": [{"Node Type": "Hash Join", "Parent Relationship": "Outer", "Join Type": "Inner", "Startup Cost": 1020001999361.03, "Total Cost": 3000018383938.24, "Plan Rows": 490, "Plan Width": 29, "Inner Unique": false, "Hash Cond": "(mi.movie_id = at.movie_id)", "Plans": [{"Node Type": "Nested Loop", "Parent Relationship": "Outer", "Join Type": "Inner", "Startup Cost": 20000004841.51, "Total Cost": 2000016389398.93, "Plan Rows": 192, "Plan Width": 4, "Inner Unique": false, "Plans": [{"Node Type": "Index Scan", "Parent Relationship": "Outer", "Scan Direction": "Forward", "Index Name": "info_type_pkey", "Relation Name": "info_type", "Alias": "it1", "Startup Cost": 10000000000.0, "Total Cost": 1000000001421.0, "Plan Rows": 1, "Plan Width": 4, "Filter": "((info)::text = 'release dates'::text)"}, {"Node Type": "Bitmap Heap Scan", "Parent Relationship": "Inner", "Relation Name": "movie_info", "Alias": "mi", "Startup Cost": 10000004841.51, "Total Cost": 1000016387976.01, "Plan Rows": 192, "Plan Width": 8, "Recheck Cond": "(info_type_id = it1.id)", "Filter": "((note)::text ~~ '%internet%'::text)", "Plans": [{"Node Type": "Bitmap Index Scan", "Parent Relationship": "Outer", "Index Name": "info_type_id_movie_info", "Startup Cost": 0.0, "Total Cost": 4841.46, "Plan Rows": 212428, "Plan Width": 0, "Index Cond": "(info_type_id = it1.id)"}]}]}, {"Node Type": "Hash", "Parent Relationship": "Inner", "Startup Cost": 1000001990001.13, "Total Cost": 1000001990001.13, "Plan Rows": 361471, "Plan Width": 25, "Plans": [{"Node Type": "Index Scan", "Parent Relationship": "Outer", "Scan Direction": "Forward", "Index Name": "movie_id_aka_title", "Relation Name": "aka_title", "Alias": "at", "Startup Cost": 10000000000.0, "Total Cost": 1000001990001.13, "Plan Rows": 361471, "Plan Width": 25}]}]}, {"Node Type": "Hash", "Parent Relationship": "Inner", "Startup Cost": 1000009318217.0, "Total Cost": 1000009318217.0, "Plan Rows": 2609128, "Plan Width": 12, "Plans": [{"Node Type": "Index Scan", "Parent Relationship": "Outer", "Scan Direction": "Forward", "Index Name": "company_type_id_movie_companies", "Relation Name": "movie_companies", "Alias": "mc", "Startup Cost": 10000000000.0, "Total Cost": 1000009318217.0, "Plan Rows": 2609128, "Plan Width": 12}]}]}, {"Node Type": "Hash", "Parent Relationship": "Inner", "Startup Cost": 1000001050138.97, "Total Cost": 1000001050138.97, "Plan Rows": 85170, "Plan Width": 4, "Plans": [{"Node Type": "Index Scan", "Parent Relationship": "Outer", "Scan Direction": "Forward", "Index Name": "company_name_pkey", "Relation Name": "company_name", "Alias": "cn", "Startup Cost": 10000000000.0, "Total Cost": 1000001050138.97, "Plan Rows": 85170, "Plan Width": 4, "Filter": "((country_code)::text = '[us]'::text)"}]}]}, {"Node Type": "Hash", "Parent Relationship": "Inner", "Startup Cost": 1000000001229.5, "Total Cost": 1000000001229.5, "Plan Rows": 3, "Plan Width": 4, "Plans": [{"Node Type": "Index Scan", "Parent Relationship": "Outer", "Scan Direction": "Forward", "Index Name": "company_type_pkey", "Relation Name": "company_type", "Alias": "ct", "Startup Cost": 10000000000.0, "Total Cost": 1000000001229.5, "Plan Rows": 3, "Plan Width": 4}]}]}, {"Node Type": "Hash", "Parent Relationship": "Inner", "Startup Cost": 1000015300634.17, "Total Cost": 1000015300634.17, "Plan Rows": 4523929, "Plan Width": 8, "Plans": [{"Node Type": "Index Scan", "Parent Relationship": "Outer", "Scan Direction": "Forward", "Index Name": "movie_id_movie_keyword", "Relation Name": "movie_keyword", "Alias": "mk", "Startup Cost": 10000000000.0, "Total Cost": 1000015300634.17, "Plan Rows": 4523929, "Plan Width": 8}]}]}, {"Node Type": "Hash", "Parent Relationship": "Inner", "Startup Cost": 1000000284729.43, "Total Cost": 1000000284729.43, "Plan Rows": 134169, "Plan Width": 4, "Plans": [{"Node Type": "Index Scan", "Parent Relationship": "Outer", "Scan Direction": "Forward", "Index Name": "keyword_pkey", "Relation Name": "keyword", "Alias": "k", "Startup Cost": 10000000000.0, "Total Cost": 1000000284729.43, "Plan Rows": 134169, "Plan Width": 4}]}]}, {"Node Type": "Hash", "Parent Relationship": "Inner", "Startup Cost": 1000011644126.66, "Total Cost": 1000011644126.66, "Plan Rows": 1748840, "Plan Width": 21, "Plans": [{"Node Type": "Index Scan", "Parent Relationship": "Outer", "Scan Direction": "Forward", "Index Name": "title_pkey", "Relation Name": "title", "Alias": "t", "Startup Cost": 10000000000.0, "Total Cost": 1000011644126.66, "Plan Rows": 1748840, "Plan Width": 21, "Filter": "(production_year > 1990), (LLVM Optimized)"}]}]}]}, "Unique SQL Id": 2302223328, "Planner Runtime": 312}, "explain_analyze_plan": null}, "(16, 112)": {"explain_plan": {"Plan": {"Node Type": "Aggregate", "Strategy": "Plain", "Startup Cost": 39393.15, "Total Cost": 39393.16, "Plan Rows": 1, "Plan Width": 102, "Plans": [{"Node Type": "Nested Loop", "Parent Relationship": "Outer", "Join Type": "Inner", "Startup Cost": 0.0, "Total Cost": 39358.96, "Plan Rows": 6838, "Plan Width": 38, "Inner Unique": false, "Join Filter": "(t.id = at.movie_id)", "Plans": [{"Node Type": "Nested Loop", "Parent Relationship": "Outer", "Join Type": "Inner", "Startup Cost": 0.0, "Total Cost": 38560.34, "Plan Rows": 2257, "Plan Width": 33, "Inner Unique": true, "Plans": [{"Node Type": "Nested Loop", "Parent Relationship": "Outer", "Join Type": "Inner", "Startup Cost": 0.0, "Total Cost": 37928.36, "Plan Rows": 2257, "Plan Width": 37, "Inner Unique": false, "Join Filter": "(t.id = mk.movie_id)", "Plans": [{"Node Type": "Nested Loop", "Parent Relationship": "Outer", "Join Type": "Inner", "Startup Cost": 0.0, "Total Cost": 37772.01, "Plan Rows": 278, "Plan Width": 29, "Inner Unique": true, "Join Filter": "(mc.company_type_id = ct.id)", "Plans": [{"Node Type": "Nested Loop", "Parent Relationship": "Outer", "Join Type": "Inner", "Startup Cost": 0.0, "Total Cost": 37749.46, "Plan Rows": 478, "Plan Width": 33, "Inner Unique": true, "Plans": [{"Node Type": "Nested Loop", "Parent Relationship": "Outer", "Join Type": "Inner", "Startup Cost": 0.0, "Total Cost": 37586.07, "Plan Rows": 568, "Plan Width": 37, "Inner Unique": false, "Plans": [{"Node Type": "Nested Loop", "Parent Relationship": "Outer", "Join Type": "Inner", "Startup Cost": 0.0, "Total Cost": 37488.22, "Plan Rows": 266, "Plan Width": 25, "Inner Unique": true, "Plans": [{"Node Type": "Nested Loop", "Parent Relationship": "Outer", "Join Type": "Inner", "Startup Cost": 0.0, "Total Cost": 36344.91, "Plan Rows": 192, "Plan Width": 4, "Inner Unique": false, "Join Filter": "(it1.id = mi.info_type_id)", "Plans": [{"Node Type": "Seq Scan", "Parent Relationship": "Outer", "Relation Name": "info_type", "Alias": "it1", "Startup Cost": 0.0, "Total Cost": 2.4, "Plan Rows": 1, "Plan Width": 4, "Filter": "((info)::text = 'release dates'::text)"}, {"Node Type": "Materialize", "Parent Relationship": "Inner", "Startup Cost": 0.0, "Total Cost": 36208.32, "Plan Rows": 13419, "Plan Width": 8, "Plans": [{"Node Type": "Streaming(type: LOCAL GATHER dop: 1/16)", "Parent Relationship": "Outer", "Startup Cost": 0.0, "Total Cost": 36174.77, "Plan Rows": 13419, "Plan Width": 8, "Plans": [{"Node Type": "Seq Scan", "Parent Relationship": "Outer", "Relation Name": "movie_info", "Alias": "mi", "Startup Cost": 0.0, "Total Cost": 35885.16, "Plan Rows": 13419, "Plan Width": 8, "Filter": "((note)::text ~~ '%internet%'::text)"}]}]}]}, {"Node Type": "Index Scan", "Parent Relationship": "Inner", "Scan Direction": "Forward", "Index Name": "title_pkey", "Relation Name": "title", "Alias": "t", "Startup Cost": 0.0, "Total Cost": 5.94, "Plan Rows": 1, "Plan Width": 21, "Index Cond": "(id = mi.movie_id)", "Filter": "(production_year > 1990)"}]}, {"Node Type": "Index Scan", "Parent Relationship": "Inner", "Scan Direction": "Forward", "Index Name": "movie_id_movie_companies", "Relation Name": "movie_companies", "Alias": "mc", "Startup Cost": 0.0, "Total Cost": 0.35, "Plan Rows": 2, "Plan Width": 12, "Index Cond": "(movie_id = t.id)"}]}, {"Node Type": "Index Scan", "Parent Relationship": "Inner", "Scan Direction": "Forward", "Index Name": "company_name_pkey", "Relation Name": "company_name", "Alias": "cn", "Startup Cost": 0.0, "Total Cost": 0.28, "Plan Rows": 1, "Plan Width": 4, "Index Cond": "(id = mc.company_id)", "Filter": "((country_code)::text = '[us]'::text)"}]}, {"Node Type": "Materialize", "Parent Relationship": "Inner", "Startup Cost": 0.0, "Total Cost": 1.04, "Plan Rows": 3, "Plan Width": 4, "Plans": [{"Node Type": "Seq Scan", "Parent Relationship": "Outer", "Relation Name": "company_type", "Alias": "ct", "Startup Cost": 0.0, "Total Cost": 1.03, "Plan Rows": 3, "Plan Width": 4}]}]}, {"Node Type": "Index Scan", "Parent Relationship": "Inner", "Scan Direction": "Forward", "Index Name": "movie_id_movie_keyword", "Relation Name": "movie_keyword", "Alias": "mk", "Startup Cost": 0.0, "Total Cost": 0.46, "Plan Rows": 8, "Plan Width": 8, "Index Cond": "(movie_id = mc.movie_id)"}]}, {"Node Type": "Index Only Scan", "Parent Relationship": "Inner", "Scan Direction": "Forward", "Index Name": "keyword_pkey", "Relation Name": "keyword", "Alias": "k", "Startup Cost": 0.0, "Total Cost": 0.27, "Plan Rows": 1, "Plan Width": 4, "Index Cond": "(id = mk.keyword_id)"}]}, {"Node Type": "Index Scan", "Parent Relationship": "Inner", "Scan Direction": "Forward", "Index Name": "movie_id_aka_title", "Relation Name": "aka_title", "Alias": "at", "Startup Cost": 0.0, "Total Cost": 0.32, "Plan Rows": 3, "Plan Width": 25, "Index Cond": "(movie_id = mk.movie_id)"}]}]}, "Unique SQL Id": 2302223328, "Planner Runtime": 40}, "explain_analyze_plan": {"Plan": {"Node Type": "Aggregate", "Strategy": "Plain", "Startup Cost": 39393.15, "Total Cost": 39393.16, "Plan Rows": 1, "Plan Width": 102, "Actual Min Startup Time": 598.197, "Actual Max Startup Time": 598.197, "Actual Min Total Time": 598.197, "Actual Max Total Time": 598.197, "Plans": [{"Node Type": "Nested Loop", "Parent Relationship": "Outer", "Join Type": "Inner", "Startup Cost": 0.0, "Total Cost": 39358.96, "Plan Rows": 6838, "Plan Width": 38, "Actual Min Startup Time": 275.127, "Actual Max Startup Time": 275.127, "Actual Min Total Time": 595.397, "Actual Max Total Time": 595.397, "Inner Unique": false, "Join Filter": "(t.id = at.movie_id)", "Rows Removed by Join Filter": 0, "Plans": [{"Node Type": "Nested Loop", "Parent Relationship": "Outer", "Join Type": "Inner", "Startup Cost": 0.0, "Total Cost": 38560.34, "Plan Rows": 2257, "Plan Width": 33, "Actual Min Startup Time": 272.372, "Actual Max Startup Time": 272.372, "Actual Min Total Time": 553.667, "Actual Max Total Time": 553.667, "Inner Unique": true, "Plans": [{"Node Type": "Nested Loop", "Parent Relationship": "Outer", "Join Type": "Inner", "Startup Cost": 0.0, "Total Cost": 37928.36, "Plan Rows": 2257, "Plan Width": 37, "Actual Min Startup Time": 272.356, "Actual Max Startup Time": 272.356, "Actual Min Total Time": 507.016, "Actual Max Total Time": 507.016, "Inner Unique": false, "Join Filter": "(t.id = mk.movie_id)", "Rows Removed by Join Filter": 0, "Plans": [{"Node Type": "Nested Loop", "Parent Relationship": "Outer", "Join Type": "Inner", "Startup Cost": 0.0, "Total Cost": 37772.01, "Plan Rows": 278, "Plan Width": 29, "Actual Min Startup Time": 272.308, "Actual Max Startup Time": 272.308, "Actual Min Total Time": 469.422, "Actual Max Total Time": 469.422, "Inner Unique": true, "Join Filter": "(mc.company_type_id = ct.id)", "Rows Removed by Join Filter": 11829, "Plans": [{"Node Type": "Nested Loop", "Parent Relationship": "Outer", "Join Type": "Inner", "Startup Cost": 0.0, "Total Cost": 37749.46, "Plan Rows": 478, "Plan Width": 33, "Actual Min Startup Time": 272.292, "Actual Max Startup Time": 272.292, "Actual Min Total Time": 460.809, "Actual Max Total Time": 460.809, "Inner Unique": true, "Plans": [{"Node Type": "Nested Loop", "Parent Relationship": "Outer", "Join Type": "Inner", "Startup Cost": 0.0, "Total Cost": 37586.07, "Plan Rows": 568, "Plan Width": 37, "Actual Min Startup Time": 272.245, "Actual Max Startup Time": 272.245, "Actual Min Total Time": 393.653, "Actual Max Total Time": 393.653, "Inner Unique": false, "Plans": [{"Node Type": "Nested Loop", "Parent Relationship": "Outer", "Join Type": "Inner", "Startup Cost": 0.0, "Total Cost": 37488.22, "Plan Rows": 266, "Plan Width": 25, "Actual Min Startup Time": 272.231, "Actual Max Startup Time": 272.231, "Actual Min Total Time": 334.841, "Actual Max Total Time": 334.841, "Inner Unique": true, "Plans": [{"Node Type": "Nested Loop", "Parent Relationship": "Outer", "Join Type": "Inner", "Startup Cost": 0.0, "Total Cost": 36344.91, "Plan Rows": 192, "Plan Width": 4, "Actual Min Startup Time": 272.184, "Actual Max Startup Time": 272.184, "Actual Min Total Time": 278.423, "Actual Max Total Time": 278.423, "Inner Unique": false, "Join Filter": "(it1.id = mi.info_type_id)", "Rows Removed by Join Filter": 131, "Plans": [{"Node Type": "Seq Scan", "Parent Relationship": "Outer", "Relation Name": "info_type", "Alias": "it1", "Startup Cost": 0.0, "Total Cost": 2.4, "Plan Rows": 1, "Plan Width": 4, "Actual Min Startup Time": 0.064, "Actual Max Startup Time": 0.064, "Actual Min Total Time": 0.096, "Actual Max Total Time": 0.096, "Filter": "((info)::text = 'release dates'::text)", "Rows Removed by Filter": 111, "Actual Rows": 1}, {"Node Type": "Materialize", "Parent Relationship": "Inner", "Startup Cost": 0.0, "Total Cost": 36208.32, "Plan Rows": 13419, "Plan Width": 8, "Actual Min Startup Time": 272.089, "Actual Max Startup Time": 272.089, "Actual Min Total Time": 273.861, "Actual Max Total Time": 273.861, "Plans": [{"Node Type": "Streaming(type: LOCAL GATHER dop: 1/16)", "Parent Relationship": "Outer", "Startup Cost": 0.0, "Total Cost": 36174.77, "Plan Rows": 13419, "Plan Width": 8, "Actual Min Startup Time": 93.947, "Actual Max Startup Time": 93.947, "Actual Min Total Time": 270.211, "Actual Max Total Time": 270.211, "Plans": [{"Node Type": "Seq Scan", "Parent Relationship": "Outer", "Relation Name": "movie_info", "Alias": "mi", "Startup Cost": 0.0, "Total Cost": 35885.16, "Plan Rows": 13419, "Plan Width": 8, "Actual Min Startup Time": 6.879, "Actual Max Startup Time": 73.183, "Actual Min Total Time": 246.66, "Actual Max Total Time": 253.591, "Filter": "((note)::text ~~ '%internet%'::text)", "Rows Removed by Filter": 14824909, "Actual Rows": 10810}], "Actual Rows": 10810}], "Actual Rows": 10811}], "Actual Rows": 10679}, {"Node Type": "Index Scan", "Parent Relationship": "Inner", "Scan Direction": "Forward", "Index Name": "title_pkey", "Relation Name": "title", "Alias": "t", "Startup Cost": 0.0, "Total Cost": 5.94, "Plan Rows": 1, "Plan Width": 21, "Actual Min Startup Time": 47.832, "Actual Max Startup Time": 47.832, "Actual Min Total Time": 47.832, "Actual Max Total Time": 47.832, "Index Cond": "(id = mi.movie_id)", "Rows Removed by Index Recheck": 0, "Filter": "(production_year > 1990)", "Rows Removed by Filter": 17, "Actual Rows": 10662}], "Actual Rows": 10662}, {"Node Type": "Index Scan", "Parent Relationship": "Inner", "Scan Direction": "Forward", "Index Name": "movie_id_movie_companies", "Relation Name": "movie_companies", "Alias": "mc", "Startup Cost": 0.0, "Total Cost": 0.35, "Plan Rows": 2, "Plan Width": 12, "Actual Min Startup Time": 40.771, "Actual Max Startup Time": 40.771, "Actual Min Total Time": 50.007, "Actual Max Total Time": 50.007, "Index Cond": "(movie_id = t.id)", "Rows Removed by Index Recheck": 0, "Actual Rows": 14377}], "Actual Rows": 14377}, {"Node Type": "Index Scan", "Parent Relationship": "Inner", "Scan Direction": "Forward", "Index Name": "company_name_pkey", "Relation Name": "company_name", "Alias": "cn", "Startup Cost": 0.0, "Total Cost": 0.28, "Plan Rows": 1, "Plan Width": 4, "Actual Min Startup Time": 56.99, "Actual Max Startup Time": 56.99, "Actual Min Total Time": 56.99, "Actual Max Total Time": 56.99, "Index Cond": "(id = mc.company_id)", "Rows Removed by Index Recheck": 0, "Filter": "((country_code)::text = '[us]'::text)", "Rows Removed by Filter": 4520, "Actual Rows": 9857}], "Actual Rows": 9857}, {"Node Type": "Materialize", "Parent Relationship": "Inner", "Startup Cost": 0.0, "Total Cost": 1.04, "Plan Rows": 3, "Plan Width": 4, "Actual Min Startup Time": 1.141, "Actual Max Startup Time": 1.141, "Actual Min Total Time": 2.139, "Actual Max Total Time": 2.139, "Plans": [{"Node Type": "Seq Scan", "Parent Relationship": "Outer", "Relation Name": "company_type", "Alias": "ct", "Startup Cost": 0.0, "Total Cost": 1.03, "Plan Rows": 3, "Plan Width": 4, "Actual Min Startup Time": 0.005, "Actual Max Startup Time": 0.005, "Actual Min Total Time": 0.006, "Actual Max Total Time": 0.006, "Actual Rows": 3}], "Actual Rows": 17743}], "Actual Rows": 5914}, {"Node Type": "Index Scan", "Parent Relationship": "Inner", "Scan Direction": "Forward", "Index Name": "movie_id_movie_keyword", "Relation Name": "movie_keyword", "Alias": "mk", "Startup Cost": 0.0, "Total Cost": 0.46, "Plan Rows": 8, "Plan Width": 8, "Actual Min Startup Time": 22.22, "Actual Max Startup Time": 22.22, "Actual Min Total Time": 28.559, "Actual Max Total Time": 28.559, "Index Cond": "(movie_id = mc.movie_id)", "Rows Removed by Index Recheck": 0, "Actual Rows": 14161}], "Actual Rows": 14161}, {"Node Type": "Index Only Scan", "Parent Relationship": "Inner", "Scan Direction": "Forward", "Index Name": "keyword_pkey", "Relation Name": "keyword", "Alias": "k", "Startup Cost": 0.0, "Total Cost": 0.27, "Plan Rows": 1, "Plan Width": 4, "Actual Min Startup Time": 36.463, "Actual Max Startup Time": 36.463, "Actual Min Total Time": 36.463, "Actual Max Total Time": 36.463, "Index Cond": "(id = mk.keyword_id)", "Rows Removed by Index Recheck": 0, "Heap Fetches": 0, "Actual Rows": 14161}], "Actual Rows": 14161}, {"Node Type": "Index Scan", "Parent Relationship": "Inner", "Scan Direction": "Forward", "Index Name": "movie_id_aka_title", "Relation Name": "aka_title", "Alias": "at", "Startup Cost": 0.0, "Total Cost": 0.32, "Plan Rows": 3, "Plan Width": 25, "Actual Min Startup Time": 31.453, "Actual Max Startup Time": 31.453, "Actual Min Total Time": 33.564, "Actual Max Total Time": 33.564, "Index Cond": "(movie_id = mk.movie_id)", "Rows Removed by Index Recheck": 0, "Actual Rows": 4371}], "Actual Rows": 4371}], "Actual Rows": 1}, "Triggers": [], "Planner Runtime": 40, "Total Runtime": 601.598, "Unique SQL Id": 2302223328}}, "(16, 113)": {"explain_plan": {"Plan": {"Node Type": "Aggregate", "Strategy": "Plain", "Startup Cost": 166951.4, "Total Cost": 166951.41, "Plan Rows": 1, "Plan Width": 102, "Plans": [{"Node Type": "Nested Loop", "Parent Relationship": "Outer", "Join Type": "Inner", "Startup Cost": 4841.51, "Total Cost": 166917.21, "Plan Rows": 6838, "Plan Width": 38, "Inner Unique": false, "Join Filter": "(t.id = at.movie_id)", "Plans": [{"Node Type": "Nested Loop", "Parent Relationship": "Outer", "Join Type": "Inner", "Startup Cost": 4841.51, "Total Cost": 166118.59, "Plan Rows": 2257, "Plan Width": 33, "Inner Unique": true, "Plans": [{"Node Type": "Nested Loop", "Parent Relationship": "Outer", "Join Type": "Inner", "Startup Cost": 4841.51, "Total Cost": 165486.61, "Plan Rows": 2257, "Plan Width": 37, "Inner Unique": false, "Join Filter": "(t.id = mk.movie_id)", "Plans": [{"Node Type": "Nested Loop", "Parent Relationship": "Outer", "Join Type": "Inner", "Startup Cost": 4841.51, "Total Cost": 165330.26, "Plan Rows": 278, "Plan Width": 29, "Inner Unique": true, "Join Filter": "(mc.company_type_id = ct.id)", "Plans": [{"Node Type": "Nested Loop", "Parent Relationship": "Outer", "Join Type": "Inner", "Startup Cost": 4841.51, "Total Cost": 165300.45, "Plan Rows": 478, "Plan Width": 33, "Inner Unique": true, "Plans": [{"Node Type": "Nested Loop", "Parent Relationship": "Outer", "Join Type": "Inner", "Startup Cost": 4841.51, "Total Cost": 165137.06, "Plan Rows": 568, "Plan Width": 37, "Inner Unique": false, "Plans": [{"Node Type": "Nested Loop", "Parent Relationship": "Outer", "Join Type": "Inner", "Startup Cost": 4841.51, "Total Cost": 165039.2, "Plan Rows": 266, "Plan Width": 25, "Inner Unique": true, "Plans": [{"Node Type": "Nested Loop", "Parent Relationship": "Outer", "Join Type": "Inner", "Startup Cost": 4841.51, "Total Cost": 163895.89, "Plan Rows": 192, "Plan Width": 4, "Inner Unique": false, "Plans": [{"Node Type": "Index Scan", "Parent Relationship": "Outer", "Scan Direction": "Forward", "Index Name": "info_type_pkey", "Relation Name": "info_type", "Alias": "it1", "Startup Cost": 0.0, "Total Cost": 14.21, "Plan Rows": 1, "Plan Width": 4, "Filter": "((info)::text = 'release dates'::text)"}, {"Node Type": "Bitmap Heap Scan", "Parent Relationship": "Inner", "Relation Name": "movie_info", "Alias": "mi", "Startup Cost": 4841.51, "Total Cost": 163879.76, "Plan Rows": 192, "Plan Width": 8, "Recheck Cond": "(info_type_id = it1.id)", "Filter": "((note)::text ~~ '%internet%'::text)", "Plans": [{"Node Type": "Bitmap Index Scan", "Parent Relationship": "Outer", "Index Name": "info_type_id_movie_info", "Startup Cost": 0.0, "Total Cost": 4841.46, "Plan Rows": 212428, "Plan Width": 0, "Index Cond": "(info_type_id = it1.id)"}]}]}, {"Node Type": "Index Scan", "Parent Relationship": "Inner", "Scan Direction": "Forward", "Index Name": "title_pkey", "Relation Name": "title", "Alias": "t", "Startup Cost": 0.0, "Total Cost": 5.94, "Plan Rows": 1, "Plan Width": 21, "Index Cond": "(id = mi.movie_id)", "Filter": "(production_year > 1990)"}]}, {"Node Type": "Index Scan", "Parent Relationship": "Inner", "Scan Direction": "Forward", "Index Name": "movie_id_movie_companies", "Relation Name": "movie_companies", "Alias": "mc", "Startup Cost": 0.0, "Total Cost": 0.35, "Plan Rows": 2, "Plan Width": 12, "Index Cond": "(movie_id = t.id)"}]}, {"Node Type": "Index Scan", "Parent Relationship": "Inner", "Scan Direction": "Forward", "Index Name": "company_name_pkey", "Relation Name": "company_name", "Alias": "cn", "Startup Cost": 0.0, "Total Cost": 0.28, "Plan Rows": 1, "Plan Width": 4, "Index Cond": "(id = mc.company_id)", "Filter": "((country_code)::text = '[us]'::text)"}]}, {"Node Type": "Materialize", "Parent Relationship": "Inner", "Startup Cost": 0.0, "Total Cost": 8.31, "Plan Rows": 3, "Plan Width": 4, "Plans": [{"Node Type": "Index Only Scan", "Parent Relationship": "Outer", "Scan Direction": "Forward", "Index Name": "company_type_pkey", "Relation Name": "company_type", "Alias": "ct", "Startup Cost": 0.0, "Total Cost": 8.29, "Plan Rows": 3, "Plan Width": 4}]}]}, {"Node Type": "Index Scan", "Parent Relationship": "Inner", "Scan Direction": "Forward", "Index Name": "movie_id_movie_keyword", "Relation Name": "movie_keyword", "Alias": "mk", "Startup Cost": 0.0, "Total Cost": 0.46, "Plan Rows": 8, "Plan Width": 8, "Index Cond": "(movie_id = mc.movie_id)"}]}, {"Node Type": "Index Only Scan", "Parent Relationship": "Inner", "Scan Direction": "Forward", "Index Name": "keyword_pkey", "Relation Name": "keyword", "Alias": "k", "Startup Cost": 0.0, "Total Cost": 0.27, "Plan Rows": 1, "Plan Width": 4, "Index Cond": "(id = mk.keyword_id)"}]}, {"Node Type": "Index Scan", "Parent Relationship": "Inner", "Scan Direction": "Forward", "Index Name": "movie_id_aka_title", "Relation Name": "aka_title", "Alias": "at", "Startup Cost": 0.0, "Total Cost": 0.32, "Plan Rows": 3, "Plan Width": 25, "Index Cond": "(movie_id = mk.movie_id)"}]}]}, "Unique SQL Id": 2302223328, "Planner Runtime": 40}, "explain_analyze_plan": null}, "(16, 114)": {"explain_plan": {"Plan": {"Node Type": "Aggregate", "Strategy": "Plain", "Startup Cost": 61788.11, "Total Cost": 61788.12, "Plan Rows": 1, "Plan Width": 102, "Plans": [{"Node Type": "Nested Loop", "Parent Relationship": "Outer", "Join Type": "Inner", "Startup Cost": 4.02, "Total Cost": 61753.92, "Plan Rows": 6838, "Plan Width": 38, "Inner Unique": false, "Join Filter": "(t.id = at.movie_id)", "Plans": [{"Node Type": "Nested Loop", "Parent Relationship": "Outer", "Join Type": "Inner", "Startup Cost": 3.74, "Total Cost": 51938.14, "Plan Rows": 2257, "Plan Width": 33, "Inner Unique": true, "Plans": [{"Node Type": "Nested Loop", "Parent Relationship": "Outer", "Join Type": "Inner", "Startup Cost": 3.49, "Total Cost": 42277.6, "Plan Rows": 2257, "Plan Width": 37, "Inner Unique": false, "Join Filter": "(t.id = mk.movie_id)", "Plans": [{"Node Type": "Nested Loop", "Parent Relationship": "Outer", "Join Type": "Inner", "Startup Cost": 3.15, "Total Cost": 41016.02, "Plan Rows": 278, "Plan Width": 29, "Inner Unique": true, "Join Filter": "(mi.movie_id = t.id)", "Plans": [{"Node Type": "Nested Loop", "Parent Relationship": "Outer", "Join Type": "Inner", "Startup Cost": 2.88, "Total Cost": 40151.84, "Plan Rows": 201, "Plan Width": 8, "Inner Unique": true, "Join Filter": "(mc.company_type_id = ct.id)", "Plans": [{"Node Type": "Nested Loop", "Parent Relationship": "Outer", "Join Type": "Inner", "Startup Cost": 2.88, "Total Cost": 40135.27, "Plan Rows": 345, "Plan Width": 12, "Inner Unique": true, "Plans": [{"Node Type": "Nested Loop", "Parent Relationship": "Outer", "Join Type": "Inner", "Startup Cost": 2.62, "Total Cost": 38379.09, "Plan Rows": 410, "Plan Width": 16, "Inner Unique": false, "Plans": [{"Node Type": "Nested Loop", "Parent Relationship": "Outer", "Join Type": "Inner", "Startup Cost": 0.0, "Total Cost": 36344.91, "Plan Rows": 192, "Plan Width": 4, "Inner Unique": false, "Join Filter": "(it1.id = mi.info_type_id)", "Plans": [{"Node Type": "Seq Scan", "Parent Relationship": "Outer", "Relation Name": "info_type", "Alias": "it1", "Startup Cost": 0.0, "Total Cost": 2.4, "Plan Rows": 1, "Plan Width": 4, "Filter": "((info)::text = 'release dates'::text)"}, {"Node Type": "Materialize", "Parent Relationship": "Inner", "Startup Cost": 0.0, "Total Cost": 36208.32, "Plan Rows": 13419, "Plan Width": 8, "Plans": [{"Node Type": "Streaming(type: LOCAL GATHER dop: 1/16)", "Parent Relationship": "Outer", "Startup Cost": 0.0, "Total Cost": 36174.77, "Plan Rows": 13419, "Plan Width": 8, "Plans": [{"Node Type": "Seq Scan", "Parent Relationship": "Outer", "Relation Name": "movie_info", "Alias": "mi", "Startup Cost": 0.0, "Total Cost": 35885.16, "Plan Rows": 13419, "Plan Width": 8, "Filter": "((note)::text ~~ '%internet%'::text)"}]}]}]}, {"Node Type": "Bitmap Heap Scan", "Parent Relationship": "Inner", "Relation Name": "movie_companies", "Alias": "mc", "Startup Cost": 2.62, "Total Cost": 10.57, "Plan Rows": 2, "Plan Width": 12, "Recheck Cond": "(movie_id = mi.movie_id)", "Plans": [{"Node Type": "Bitmap Index Scan", "Parent Relationship": "Outer", "Index Name": "movie_id_movie_companies", "Startup Cost": 0.0, "Total Cost": 2.62, "Plan Rows": 2, "Plan Width": 0, "Index Cond": "(movie_id = mi.movie_id)"}]}]}, {"Node Type": "Bitmap Heap Scan", "Parent Relationship": "Inner", "Relation Name": "company_name", "Alias": "cn", "Startup Cost": 0.26, "Total Cost": 4.27, "Plan Rows": 1, "Plan Width": 4, "Recheck Cond": "(id = mc.company_id)", "Filter": "((country_code)::text = '[us]'::text)", "Plans": [{"Node Type": "Bitmap Index Scan", "Parent Relationship": "Outer", "Index Name": "company_name_pkey", "Startup Cost": 0.0, "Total Cost": 0.26, "Plan Rows": 1, "Plan Width": 0, "Index Cond": "(id = mc.company_id)"}]}]}, {"Node Type": "Materialize", "Parent Relationship": "Inner", "Startup Cost": 0.0, "Total Cost": 1.04, "Plan Rows": 3, "Plan Width": 4, "Plans": [{"Node Type": "Seq Scan", "Parent Relationship": "Outer", "Relation Name": "company_type", "Alias": "ct", "Startup Cost": 0.0, "Total Cost": 1.03, "Plan Rows": 3, "Plan Width": 4}]}]}, {"Node Type": "Bitmap Heap Scan", "Parent Relationship": "Inner", "Relation Name": "title", "Alias": "t", "Startup Cost": 0.27, "Total Cost": 4.29, "Plan Rows": 1, "Plan Width": 21, "Recheck Cond": "(id = mc.movie_id)", "Filter": "(production_year > 1990)", "Plans": [{"Node Type": "Bitmap Index Scan", "Parent Relationship": "Outer", "Index Name": "title_pkey", "Startup Cost": 0.0, "Total Cost": 0.27, "Plan Rows": 1, "Plan Width": 0, "Index Cond": "(id = mc.movie_id)"}]}]}, {"Node Type": "Bitmap Heap Scan", "Parent Relationship": "Inner", "Relation Name": "movie_keyword", "Alias": "mk", "Startup Cost": 0.34, "Total Cost": 4.44, "Plan Rows": 8, "Plan Width": 8, "Recheck Cond": "(movie_id = mc.movie_id)", "Plans": [{"Node Type": "Bitmap Index Scan", "Parent Relationship": "Outer", "Index Name": "movie_id_movie_keyword", "Startup Cost": 0.0, "Total Cost": 0.34, "Plan Rows": 8, "Plan Width": 0, "Index Cond": "(movie_id = mc.movie_id)"}]}]}, {"Node Type": "Bitmap Heap Scan", "Parent Relationship": "Inner", "Relation Name": "keyword", "Alias": "k", "Startup Cost": 0.26, "Total Cost": 4.27, "Plan Rows": 1, "Plan Width": 4, "Recheck Cond": "(id = mk.keyword_id)", "Plans": [{"Node Type": "Bitmap Index Scan", "Parent Relationship": "Outer", "Index Name": "keyword_pkey", "Startup Cost": 0.0, "Total Cost": 0.26, "Plan Rows": 1, "Plan Width": 0, "Index Cond": "(id = mk.keyword_id)"}]}]}, {"Node Type": "Bitmap Heap Scan", "Parent Relationship": "Inner", "Relation Name": "aka_title", "Alias": "at", "Startup Cost": 0.27, "Total Cost": 4.31, "Plan Rows": 3, "Plan Width": 25, "Recheck Cond": "(movie_id = mk.movie_id)", "Plans": [{"Node Type": "Bitmap Index Scan", "Parent Relationship": "Outer", "Index Name": "movie_id_aka_title", "Startup Cost": 0.0, "Total Cost": 0.27, "Plan Rows": 3, "Plan Width": 0, "Index Cond": "(movie_id = mk.movie_id)"}]}]}]}, "Unique SQL Id": 2302223328, "Planner Runtime": 107}, "explain_analyze_plan": {"Plan": {"Node Type": "Aggregate", "Strategy": "Plain", "Startup Cost": 61788.11, "Total Cost": 61788.12, "Plan Rows": 1, "Plan Width": 102, "Actual Min Startup Time": 740.475, "Actual Max Startup Time": 740.475, "Actual Min Total Time": 740.475, "Actual Max Total Time": 740.475, "Plans": [{"Node Type": "Nested Loop", "Parent Relationship": "Outer", "Join Type": "Inner", "Startup Cost": 4.02, "Total Cost": 61753.92, "Plan Rows": 6838, "Plan Width": 38, "Actual Min Startup Time": 296.929, "Actual Max Startup Time": 296.929, "Actual Min Total Time": 737.278, "Actual Max Total Time": 737.278, "Inner Unique": false, "Join Filter": "(t.id = at.movie_id)", "Rows Removed by Join Filter": 0, "Plans": [{"Node Type": "Nested Loop", "Parent Relationship": "Outer", "Join Type": "Inner", "Startup Cost": 3.74, "Total Cost": 51938.14, "Plan Rows": 2257, "Plan Width": 33, "Actual Min Startup Time": 293.265, "Actual Max Startup Time": 293.265, "Actual Min Total Time": 674.89, "Actual Max Total Time": 674.89, "Inner Unique": true, "Plans": [{"Node Type": "Nested Loop", "Parent Relationship": "Outer", "Join Type": "Inner", "Startup Cost": 3.49, "Total Cost": 42277.6, "Plan Rows": 2257, "Plan Width": 37, "Actual Min Startup Time": 293.251, "Actual Max Startup Time": 293.251, "Actual Min Total Time": 592.467, "Actual Max Total Time": 592.467, "Inner Unique": false, "Join Filter": "(t.id = mk.movie_id)", "Rows Removed by Join Filter": 0, "Plans": [{"Node Type": "Nested Loop", "Parent Relationship": "Outer", "Join Type": "Inner", "Startup Cost": 3.15, "Total Cost": 41016.02, "Plan Rows": 278, "Plan Width": 29, "Actual Min Startup Time": 293.18, "Actual Max Startup Time": 293.18, "Actual Min Total Time": 544.972, "Actual Max Total Time": 544.972, "Inner Unique": true, "Join Filter": "(mi.movie_id = t.id)", "Rows Removed by Join Filter": 0, "Plans": [{"Node Type": "Nested Loop", "Parent Relationship": "Outer", "Join Type": "Inner", "Startup Cost": 2.88, "Total Cost": 40151.84, "Plan Rows": 201, "Plan Width": 8, "Actual Min Startup Time": 293.157, "Actual Max Startup Time": 293.157, "Actual Min Total Time": 497.337, "Actual Max Total Time": 497.337, "Inner Unique": true, "Join Filter": "(mc.company_type_id = ct.id)", "Rows Removed by Join Filter": 11874, "Plans": [{"Node Type": "Nested Loop", "Parent Relationship": "Outer", "Join Type": "Inner", "Startup Cost": 2.88, "Total Cost": 40135.27, "Plan Rows": 345, "Plan Width": 12, "Actual Min Startup Time": 293.121, "Actual Max Startup Time": 293.121, "Actual Min Total Time": 488.022, "Actual Max Total Time": 488.022, "Inner Unique": true, "Plans": [{"Node Type": "Nested Loop", "Parent Relationship": "Outer", "Join Type": "Inner", "Startup Cost": 2.62, "Total Cost": 38379.09, "Plan Rows": 410, "Plan Width": 16, "Actual Min Startup Time": 293.071, "Actual Max Startup Time": 293.071, "Actual Min Total Time": 391.184, "Actual Max Total Time": 391.184, "Inner Unique": false, "Plans": [{"Node Type": "Nested Loop", "Parent Relationship": "Outer", "Join Type": "Inner", "Startup Cost": 0.0, "Total Cost": 36344.91, "Plan Rows": 192, "Plan Width": 4, "Actual Min Startup Time": 293.01, "Actual Max Startup Time": 293.01, "Actual Min Total Time": 300.041, "Actual Max Total Time": 300.041, "Inner Unique": false, "Join Filter": "(it1.id = mi.info_type_id)", "Rows Removed by Join Filter": 131, "Plans": [{"Node Type": "Seq Scan", "Parent Relationship": "Outer", "Relation Name": "info_type", "Alias": "it1", "Startup Cost": 0.0, "Total Cost": 2.4, "Plan Rows": 1, "Plan Width": 4, "Actual Min Startup Time": 0.07, "Actual Max Startup Time": 0.07, "Actual Min Total Time": 0.115, "Actual Max Total Time": 0.115, "Filter": "((info)::text = 'release dates'::text)", "Rows Removed by Filter": 111, "Actual Rows": 1}, {"Node Type": "Materialize", "Parent Relationship": "Inner", "Startup Cost": 0.0, "Total Cost": 36208.32, "Plan Rows": 13419, "Plan Width": 8, "Actual Min Startup Time": 292.914, "Actual Max Startup Time": 292.914, "Actual Min Total Time": 294.698, "Actual Max Total Time": 294.698, "Plans": [{"Node Type": "Streaming(type: LOCAL GATHER dop: 1/16)", "Parent Relationship": "Outer", "Startup Cost": 0.0, "Total Cost": 36174.77, "Plan Rows": 13419, "Plan Width": 8, "Actual Min Startup Time": 91.074, "Actual Max Startup Time": 91.074, "Actual Min Total Time": 290.997, "Actual Max Total Time": 290.997, "Plans": [{"Node Type": "Seq Scan", "Parent Relationship": "Outer", "Relation Name": "movie_info", "Alias": "mi", "Startup Cost": 0.0, "Total Cost": 35885.16, "Plan Rows": 13419, "Plan Width": 8, "Actual Min Startup Time": 6.872, "Actual Max Startup Time": 73.199, "Actual Min Total Time": 247.137, "Actual Max Total Time": 275.96, "Filter": "((note)::text ~~ '%internet%'::text)", "Rows Removed by Filter": 14824909, "Actual Rows": 10810}], "Actual Rows": 10810}], "Actual Rows": 10811}], "Actual Rows": 10679}, {"Node Type": "Bitmap Heap Scan", "Parent Relationship": "Inner", "Relation Name": "movie_companies", "Alias": "mc", "Startup Cost": 2.62, "Total Cost": 10.57, "Plan Rows": 2, "Plan Width": 12, "Actual Min Startup Time": 66.04, "Actual Max Startup Time": 66.04, "Actual Min Total Time": 74.929, "Actual Max Total Time": 74.929, "Recheck Cond": "(movie_id = mi.movie_id)", "Rows Removed by Index Recheck": 0, "Exact Heap Blocks": 11702, "Lossy Heap Blocks": 11702, "Plans": [{"Node Type": "Bitmap Index Scan", "Parent Relationship": "Outer", "Index Name": "movie_id_movie_companies", "Startup Cost": 0.0, "Total Cost": 2.62, "Plan Rows": 2, "Plan Width": 0, "Actual Min Startup Time": 42.934, "Actual Max Startup Time": 42.934, "Actual Min Total Time": 42.934, "Actual Max Total Time": 42.934, "Index Cond": "(movie_id = mi.movie_id)", "Actual Rows": 14401}], "Actual Rows": 14401}], "Actual Rows": 14401}, {"Node Type": "Bitmap Heap Scan", "Parent Relationship": "Inner", "Relation Name": "company_name", "Alias": "cn", "Startup Cost": 0.26, "Total Cost": 4.27, "Plan Rows": 1, "Plan Width": 4, "Actual Min Startup Time": 78.423, "Actual Max Startup Time": 78.423, "Actual Min Total Time": 78.423, "Actual Max Total Time": 78.423, "Recheck Cond": "(id = mc.company_id)", "Rows Removed by Index Recheck": 0, "Filter": "((country_code)::text = '[us]'::text)", "Rows Removed by Filter": 4527, "Exact Heap Blocks": 14401, "Lossy Heap Blocks": 14401, "Plans": [{"Node Type": "Bitmap Index Scan", "Parent Relationship": "Outer", "Index Name": "company_name_pkey", "Startup Cost": 0.0, "Total Cost": 0.26, "Plan Rows": 1, "Plan Width": 0, "Actual Min Startup Time": 43.793, "Actual Max Startup Time": 43.793, "Actual Min Total Time": 43.793, "Actual Max Total Time": 43.793, "Index Cond": "(id = mc.company_id)", "Actual Rows": 14401}], "Actual Rows": 9874}], "Actual Rows": 9874}, {"Node Type": "Materialize", "Parent Relationship": "Inner", "Startup Cost": 0.0, "Total Cost": 1.04, "Plan Rows": 3, "Plan Width": 4, "Actual Min Startup Time": 1.364, "Actual Max Startup Time": 1.364, "Actual Min Total Time": 2.437, "Actual Max Total Time": 2.437, "Plans": [{"Node Type": "Seq Scan", "Parent Relationship": "Outer", "Relation Name": "company_type", "Alias": "ct", "Startup Cost": 0.0, "Total Cost": 1.03, "Plan Rows": 3, "Plan Width": 4, "Actual Min Startup Time": 0.007, "Actual Max Startup Time": 0.007, "Actual Min Total Time": 0.01, "Actual Max Total Time": 0.01, "Actual Rows": 3}], "Actual Rows": 17790}], "Actual Rows": 5916}, {"Node Type": "Bitmap Heap Scan", "Parent Relationship": "Inner", "Relation Name": "title", "Alias": "t", "Startup Cost": 0.27, "Total Cost": 4.29, "Plan Rows": 1, "Plan Width": 21, "Actual Min Startup Time": 38.301, "Actual Max Startup Time": 38.301, "Actual Min Total Time": 38.301, "Actual Max Total Time": 38.301, "Recheck Cond": "(id = mc.movie_id)", "Rows Removed by Index Recheck": 0, "Filter": "(production_year > 1990)", "Rows Removed by Filter": 2, "Exact Heap Blocks": 5916, "Lossy Heap Blocks": 5916, "Plans": [{"Node Type": "Bitmap Index Scan", "Parent Relationship": "Outer", "Index Name": "title_pkey", "Startup Cost": 0.0, "Total Cost": 0.27, "Plan Rows": 1, "Plan Width": 0, "Actual Min Startup Time": 22.073, "Actual Max Startup Time": 22.073, "Actual Min Total Time": 22.073, "Actual Max Total Time": 22.073, "Index Cond": "(id = mc.movie_id)", "Actual Rows": 5916}], "Actual Rows": 5914}], "Actual Rows": 5914}, {"Node Type": "Bitmap Heap Scan", "Parent Relationship": "Inner", "Relation Name": "movie_keyword", "Alias": "mk", "Startup Cost": 0.34, "Total Cost": 4.44, "Plan Rows": 8, "Plan Width": 8, "Actual Min Startup Time": 32.223, "Actual Max Startup Time": 32.223, "Actual Min Total Time": 34.393, "Actual Max Total Time": 34.393, "Recheck Cond": "(movie_id = mc.movie_id)", "Rows Removed by Index Recheck": 0, "Exact Heap Blocks": 1896, "Lossy Heap Blocks": 1896, "Plans": [{"Node Type": "Bitmap Index Scan", "Parent Relationship": "Outer", "Index Name": "movie_id_movie_keyword", "Startup Cost": 0.0, "Total Cost": 0.34, "Plan Rows": 8, "Plan Width": 0, "Actual Min Startup Time": 23.915, "Actual Max Startup Time": 23.915, "Actual Min Total Time": 23.915, "Actual Max Total Time": 23.915, "Index Cond": "(movie_id = mc.movie_id)", "Actual Rows": 14161}], "Actual Rows": 14161}], "Actual Rows": 14161}, {"Node Type": "Bitmap Heap Scan", "Parent Relationship": "Inner", "Relation Name": "keyword", "Alias": "k", "Startup Cost": 0.26, "Total Cost": 4.27, "Plan Rows": 1, "Plan Width": 4, "Actual Min Startup Time": 63.8, "Actual Max Startup Time": 63.8, "Actual Min Total Time": 63.8, "Actual Max Total Time": 63.8, "Recheck Cond": "(id = mk.keyword_id)", "Rows Removed by Index Recheck": 0, "Exact Heap Blocks": 14161, "Lossy Heap Blocks": 14161, "Plans": [{"Node Type": "Bitmap Index Scan", "Parent Relationship": "Outer", "Index Name": "keyword_pkey", "Startup Cost": 0.0, "Total Cost": 0.26, "Plan Rows": 1, "Plan Width": 0, "Actual Min Startup Time": 40.148, "Actual Max Startup Time": 40.148, "Actual Min Total Time": 40.148, "Actual Max Total Time": 40.148, "Index Cond": "(id = mk.keyword_id)", "Actual Rows": 14161}], "Actual Rows": 14161}], "Actual Rows": 14161}, {"Node Type": "Bitmap Heap Scan", "Parent Relationship": "Inner", "Relation Name": "aka_title", "Alias": "at", "Startup Cost": 0.27, "Total Cost": 4.31, "Plan Rows": 3, "Plan Width": 25, "Actual Min Startup Time": 43.218, "Actual Max Startup Time": 43.218, "Actual Min Total Time": 45.019, "Actual Max Total Time": 45.019, "Recheck Cond": "(movie_id = mk.movie_id)", "Rows Removed by Index Recheck": 0, "Exact Heap Blocks": 4371, "Lossy Heap Blocks": 4371, "Plans": [{"Node Type": "Bitmap Index Scan", "Parent Relationship": "Outer", "Index Name": "movie_id_aka_title", "Startup Cost": 0.0, "Total Cost": 0.27, "Plan Rows": 3, "Plan Width": 0, "Actual Min Startup Time": 32.894, "Actual Max Startup Time": 32.894, "Actual Min Total Time": 32.894, "Actual Max Total Time": 32.894, "Index Cond": "(movie_id = mk.movie_id)", "Actual Rows": 4371}], "Actual Rows": 4371}], "Actual Rows": 4371}], "Actual Rows": 1}, "Triggers": [], "Planner Runtime": 107, "Total Runtime": 743.811, "Unique SQL Id": 2302223328}}, "(16, 115)": {"explain_plan": {"Plan": {"Node Type": "Aggregate", "Strategy": "Plain", "Startup Cost": 190799.22, "Total Cost": 190799.23, "Plan Rows": 1, "Plan Width": 102, "Plans": [{"Node Type": "Nested Loop", "Parent Relationship": "Outer", "Join Type": "Inner", "Startup Cost": 4854.59, "Total Cost": 190765.03, "Plan Rows": 6838, "Plan Width": 38, "Inner Unique": false, "Join Filter": "(t.id = at.movie_id)", "Plans": [{"Node Type": "Nested Loop", "Parent Relationship": "Outer", "Join Type": "Inner", "Startup Cost": 4854.32, "Total Cost": 180949.25, "Plan Rows": 2257, "Plan Width": 33, "Inner Unique": true, "Plans": [{"Node Type": "Nested Loop", "Parent Relationship": "Outer", "Join Type": "Inner", "Startup Cost": 4854.06, "Total Cost": 171288.7, "Plan Rows": 2257, "Plan Width": 37, "Inner Unique": false, "Join Filter": "(t.id = mk.movie_id)", "Plans": [{"Node Type": "Nested Loop", "Parent Relationship": "Outer", "Join Type": "Inner", "Startup Cost": 4853.72, "Total Cost": 170027.13, "Plan Rows": 278, "Plan Width": 29, "Inner Unique": true, "Join Filter": "(mi.movie_id = t.id)", "Plans": [{"Node Type": "Nested Loop", "Parent Relationship": "Outer", "Join Type": "Inner", "Startup Cost": 4853.45, "Total Cost": 169162.94, "Plan Rows": 201, "Plan Width": 8, "Inner Unique": true, "Plans": [{"Node Type": "Nested Loop", "Parent Relationship": "Outer", "Join Type": "Inner", "Startup Cost": 4853.19, "Total Cost": 167686.26, "Plan Rows": 345, "Plan Width": 12, "Inner Unique": true, "Plans": [{"Node Type": "Nested Loop", "Parent Relationship": "Outer", "Join Type": "Inner", "Startup Cost": 4852.94, "Total Cost": 165930.08, "Plan Rows": 410, "Plan Width": 16, "Inner Unique": false, "Plans": [{"Node Type": "Nested Loop", "Parent Relationship": "Outer", "Join Type": "Inner", "Startup Cost": 4850.32, "Total Cost": 163895.89, "Plan Rows": 192, "Plan Width": 4, "Inner Unique": false, "Plans": [{"Node Type": "Bitmap Heap Scan", "Parent Relationship": "Outer", "Relation Name": "info_type", "Alias": "it1", "Startup Cost": 8.81, "Total Cost": 14.21, "Plan Rows": 1, "Plan Width": 4, "Filter": "((info)::text = 'release dates'::text)", "Plans": [{"Node Type": "Bitmap Index Scan", "Parent Relationship": "Outer", "Index Name": "info_type_pkey", "Startup Cost": 0.0, "Total Cost": 8.81, "Plan Rows": 112, "Plan Width": 0}]}, {"Node Type": "Bitmap Heap Scan", "Parent Relationship": "Inner", "Relation Name": "movie_info", "Alias": "mi", "Startup Cost": 4841.51, "Total Cost": 163879.76, "Plan Rows": 192, "Plan Width": 8, "Recheck Cond": "(info_type_id = it1.id)", "Filter": "((note)::text ~~ '%internet%'::text)", "Plans": [{"Node Type": "Bitmap Index Scan", "Parent Relationship": "Outer", "Index Name": "info_type_id_movie_info", "Startup Cost": 0.0, "Total Cost": 4841.46, "Plan Rows": 212428, "Plan Width": 0, "Index Cond": "(info_type_id = it1.id)"}]}]}, {"Node Type": "Bitmap Heap Scan", "Parent Relationship": "Inner", "Relation Name": "movie_companies", "Alias": "mc", "Startup Cost": 2.62, "Total Cost": 10.57, "Plan Rows": 2, "Plan Width": 12, "Recheck Cond": "(movie_id = mi.movie_id)", "Plans": [{"Node Type": "Bitmap Index Scan", "Parent Relationship": "Outer", "Index Name": "movie_id_movie_companies", "Startup Cost": 0.0, "Total Cost": 2.62, "Plan Rows": 2, "Plan Width": 0, "Index Cond": "(movie_id = mi.movie_id)"}]}]}, {"Node Type": "Bitmap Heap Scan", "Parent Relationship": "Inner", "Relation Name": "company_name", "Alias": "cn", "Startup Cost": 0.26, "Total Cost": 4.27, "Plan Rows": 1, "Plan Width": 4, "Recheck Cond": "(id = mc.company_id)", "Filter": "((country_code)::text = '[us]'::text)", "Plans": [{"Node Type": "Bitmap Index Scan", "Parent Relationship": "Outer", "Index Name": "company_name_pkey", "Startup Cost": 0.0, "Total Cost": 0.26, "Plan Rows": 1, "Plan Width": 0, "Index Cond": "(id = mc.company_id)"}]}]}, {"Node Type": "Bitmap Heap Scan", "Parent Relationship": "Inner", "Relation Name": "company_type", "Alias": "ct", "Startup Cost": 0.26, "Total Cost": 4.27, "Plan Rows": 1, "Plan Width": 4, "Recheck Cond": "(id = mc.company_type_id)", "Plans": [{"Node Type": "Bitmap Index Scan", "Parent Relationship": "Outer", "Index Name": "company_type_pkey", "Startup Cost": 0.0, "Total Cost": 0.26, "Plan Rows": 1, "Plan Width": 0, "Index Cond": "(id = mc.company_type_id)"}]}]}, {"Node Type": "Bitmap Heap Scan", "Parent Relationship": "Inner", "Relation Name": "title", "Alias": "t", "Startup Cost": 0.27, "Total Cost": 4.29, "Plan Rows": 1, "Plan Width": 21, "Recheck Cond": "(id = mc.movie_id)", "Filter": "(production_year > 1990)", "Plans": [{"Node Type": "Bitmap Index Scan", "Parent Relationship": "Outer", "Index Name": "title_pkey", "Startup Cost": 0.0, "Total Cost": 0.27, "Plan Rows": 1, "Plan Width": 0, "Index Cond": "(id = mc.movie_id)"}]}]}, {"Node Type": "Bitmap Heap Scan", "Parent Relationship": "Inner", "Relation Name": "movie_keyword", "Alias": "mk", "Startup Cost": 0.34, "Total Cost": 4.44, "Plan Rows": 8, "Plan Width": 8, "Recheck Cond": "(movie_id = mc.movie_id)", "Plans": [{"Node Type": "Bitmap Index Scan", "Parent Relationship": "Outer", "Index Name": "movie_id_movie_keyword", "Startup Cost": 0.0, "Total Cost": 0.34, "Plan Rows": 8, "Plan Width": 0, "Index Cond": "(movie_id = mc.movie_id)"}]}]}, {"Node Type": "Bitmap Heap Scan", "Parent Relationship": "Inner", "Relation Name": "keyword", "Alias": "k", "Startup Cost": 0.26, "Total Cost": 4.27, "Plan Rows": 1, "Plan Width": 4, "Recheck Cond": "(id = mk.keyword_id)", "Plans": [{"Node Type": "Bitmap Index Scan", "Parent Relationship": "Outer", "Index Name": "keyword_pkey", "Startup Cost": 0.0, "Total Cost": 0.26, "Plan Rows": 1, "Plan Width": 0, "Index Cond": "(id = mk.keyword_id)"}]}]}, {"Node Type": "Bitmap Heap Scan", "Parent Relationship": "Inner", "Relation Name": "aka_title", "Alias": "at", "Startup Cost": 0.27, "Total Cost": 4.31, "Plan Rows": 3, "Plan Width": 25, "Recheck Cond": "(movie_id = mk.movie_id)", "Plans": [{"Node Type": "Bitmap Index Scan", "Parent Relationship": "Outer", "Index Name": "movie_id_aka_title", "Startup Cost": 0.0, "Total Cost": 0.27, "Plan Rows": 3, "Plan Width": 0, "Index Cond": "(movie_id = mk.movie_id)"}]}]}]}, "Unique SQL Id": 2302223328, "Planner Runtime": 48}, "explain_analyze_plan": null}, "(16, 116)": {"explain_plan": {"Plan": {"Node Type": "Aggregate", "Strategy": "Plain", "Startup Cost": 39394.67, "Total Cost": 39394.68, "Plan Rows": 1, "Plan Width": 102, "Plans": [{"Node Type": "Nested Loop", "Parent Relationship": "Outer", "Join Type": "Inner", "Startup Cost": 0.0, "Total Cost": 39360.48, "Plan Rows": 6838, "Plan Width": 38, "Inner Unique": false, "Join Filter": "(t.id = at.movie_id)", "Plans": [{"Node Type": "Nested Loop", "Parent Relationship": "Outer", "Join Type": "Inner", "Startup Cost": 0.0, "Total Cost": 38561.86, "Plan Rows": 2257, "Plan Width": 33, "Inner Unique": true, "Plans": [{"Node Type": "Nested Loop", "Parent Relationship": "Outer", "Join Type": "Inner", "Startup Cost": 0.0, "Total Cost": 37928.36, "Plan Rows": 2257, "Plan Width": 37, "Inner Unique": false, "Join Filter": "(t.id = mk.movie_id)", "Plans": [{"Node Type": "Nested Loop", "Parent Relationship": "Outer", "Join Type": "Inner", "Startup Cost": 0.0, "Total Cost": 37772.01, "Plan Rows": 278, "Plan Width": 29, "Inner Unique": true, "Join Filter": "(mc.company_type_id = ct.id)", "Plans": [{"Node Type": "Nested Loop", "Parent Relationship": "Outer", "Join Type": "Inner", "Startup Cost": 0.0, "Total Cost": 37749.46, "Plan Rows": 478, "Plan Width": 33, "Inner Unique": true, "Plans": [{"Node Type": "Nested Loop", "Parent Relationship": "Outer", "Join Type": "Inner", "Startup Cost": 0.0, "Total Cost": 37586.07, "Plan Rows": 568, "Plan Width": 37, "Inner Unique": false, "Plans": [{"Node Type": "Nested Loop", "Parent Relationship": "Outer", "Join Type": "Inner", "Startup Cost": 0.0, "Total Cost": 37488.22, "Plan Rows": 266, "Plan Width": 25, "Inner Unique": true, "Plans": [{"Node Type": "Nested Loop", "Parent Relationship": "Outer", "Join Type": "Inner", "Startup Cost": 0.0, "Total Cost": 36344.91, "Plan Rows": 192, "Plan Width": 4, "Inner Unique": false, "Join Filter": "(it1.id = mi.info_type_id)", "Plans": [{"Node Type": "Seq Scan", "Parent Relationship": "Outer", "Relation Name": "info_type", "Alias": "it1", "Startup Cost": 0.0, "Total Cost": 2.4, "Plan Rows": 1, "Plan Width": 4, "Filter": "((info)::text = 'release dates'::text)"}, {"Node Type": "Materialize", "Parent Relationship": "Inner", "Startup Cost": 0.0, "Total Cost": 36208.32, "Plan Rows": 13419, "Plan Width": 8, "Plans": [{"Node Type": "Streaming(type: LOCAL GATHER dop: 1/16)", "Parent Relationship": "Outer", "Startup Cost": 0.0, "Total Cost": 36174.77, "Plan Rows": 13419, "Plan Width": 8, "Plans": [{"Node Type": "Seq Scan", "Parent Relationship": "Outer", "Relation Name": "movie_info", "Alias": "mi", "Startup Cost": 0.0, "Total Cost": 35885.16, "Plan Rows": 13419, "Plan Width": 8, "Filter": "((note)::text ~~ '%internet%'::text)"}]}]}]}, {"Node Type": "Index Scan", "Parent Relationship": "Inner", "Scan Direction": "Forward", "Index Name": "title_pkey", "Relation Name": "title", "Alias": "t", "Startup Cost": 0.0, "Total Cost": 5.94, "Plan Rows": 1, "Plan Width": 21, "Index Cond": "(id = mi.movie_id)", "Filter": "(production_year > 1990)"}]}, {"Node Type": "Index Scan", "Parent Relationship": "Inner", "Scan Direction": "Forward", "Index Name": "movie_id_movie_companies", "Relation Name": "movie_companies", "Alias": "mc", "Startup Cost": 0.0, "Total Cost": 0.35, "Plan Rows": 2, "Plan Width": 12, "Index Cond": "(movie_id = t.id)"}]}, {"Node Type": "Index Scan", "Parent Relationship": "Inner", "Scan Direction": "Forward", "Index Name": "company_name_pkey", "Relation Name": "company_name", "Alias": "cn", "Startup Cost": 0.0, "Total Cost": 0.28, "Plan Rows": 1, "Plan Width": 4, "Index Cond": "(id = mc.company_id)", "Filter": "((country_code)::text = '[us]'::text)"}]}, {"Node Type": "Materialize", "Parent Relationship": "Inner", "Startup Cost": 0.0, "Total Cost": 1.04, "Plan Rows": 3, "Plan Width": 4, "Plans": [{"Node Type": "Seq Scan", "Parent Relationship": "Outer", "Relation Name": "company_type", "Alias": "ct", "Startup Cost": 0.0, "Total Cost": 1.03, "Plan Rows": 3, "Plan Width": 4}]}]}, {"Node Type": "Index Scan", "Parent Relationship": "Inner", "Scan Direction": "Forward", "Index Name": "movie_id_movie_keyword", "Relation Name": "movie_keyword", "Alias": "mk", "Startup Cost": 0.0, "Total Cost": 0.46, "Plan Rows": 8, "Plan Width": 8, "Index Cond": "(movie_id = mc.movie_id)"}]}, {"Node Type": "Index Scan", "Parent Relationship": "Inner", "Scan Direction": "Forward", "Index Name": "keyword_pkey", "Relation Name": "keyword", "Alias": "k", "Startup Cost": 0.0, "Total Cost": 0.27, "Plan Rows": 1, "Plan Width": 4, "Index Cond": "(id = mk.keyword_id)"}]}, {"Node Type": "Index Scan", "Parent Relationship": "Inner", "Scan Direction": "Forward", "Index Name": "movie_id_aka_title", "Relation Name": "aka_title", "Alias": "at", "Startup Cost": 0.0, "Total Cost": 0.32, "Plan Rows": 3, "Plan Width": 25, "Index Cond": "(movie_id = mk.movie_id)"}]}]}, "Unique SQL Id": 2302223328, "Planner Runtime": 40}, "explain_analyze_plan": {"Plan": {"Node Type": "Aggregate", "Strategy": "Plain", "Startup Cost": 39394.67, "Total Cost": 39394.68, "Plan Rows": 1, "Plan Width": 102, "Actual Min Startup Time": 623.808, "Actual Max Startup Time": 623.808, "Actual Min Total Time": 623.809, "Actual Max Total Time": 623.809, "Plans": [{"Node Type": "Nested Loop", "Parent Relationship": "Outer", "Join Type": "Inner", "Startup Cost": 0.0, "Total Cost": 39360.48, "Plan Rows": 6838, "Plan Width": 38, "Actual Min Startup Time": 277.172, "Actual Max Startup Time": 277.172, "Actual Min Total Time": 621.009, "Actual Max Total Time": 621.009, "Inner Unique": false, "Join Filter": "(t.id = at.movie_id)", "Rows Removed by Join Filter": 0, "Plans": [{"Node Type": "Nested Loop", "Parent Relationship": "Outer", "Join Type": "Inner", "Startup Cost": 0.0, "Total Cost": 38561.86, "Plan Rows": 2257, "Plan Width": 33, "Actual Min Startup Time": 268.787, "Actual Max Startup Time": 268.787, "Actual Min Total Time": 578.009, "Actual Max Total Time": 578.009, "Inner Unique": true, "Plans": [{"Node Type": "Nested Loop", "Parent Relationship": "Outer", "Join Type": "Inner", "Startup Cost": 0.0, "Total Cost": 37928.36, "Plan Rows": 2257, "Plan Width": 37, "Actual Min Startup Time": 268.77, "Actual Max Startup Time": 268.77, "Actual Min Total Time": 516.351, "Actual Max Total Time": 516.351, "Inner Unique": false, "Join Filter": "(t.id = mk.movie_id)", "Rows Removed by Join Filter": 0, "Plans": [{"Node Type": "Nested Loop", "Parent Relationship": "Outer", "Join Type": "Inner", "Startup Cost": 0.0, "Total Cost": 37772.01, "Plan Rows": 278, "Plan Width": 29, "Actual Min Startup Time": 268.754, "Actual Max Startup Time": 268.754, "Actual Min Total Time": 477.041, "Actual Max Total Time": 477.041, "Inner Unique": true, "Join Filter": "(mc.company_type_id = ct.id)", "Rows Removed by Join Filter": 11829, "Plans": [{"Node Type": "Nested Loop", "Parent Relationship": "Outer", "Join Type": "Inner", "Startup Cost": 0.0, "Total Cost": 37749.46, "Plan Rows": 478, "Plan Width": 33, "Actual Min Startup Time": 268.72, "Actual Max Startup Time": 268.72, "Actual Min Total Time": 468.562, "Actual Max Total Time": 468.562, "Inner Unique": true, "Plans": [{"Node Type": "Nested Loop", "Parent Relationship": "Outer", "Join Type": "Inner", "Startup Cost": 0.0, "Total Cost": 37586.07, "Plan Rows": 568, "Plan Width": 37, "Actual Min Startup Time": 268.703, "Actual Max Startup Time": 268.703, "Actual Min Total Time": 397.481, "Actual Max Total Time": 397.481, "Inner Unique": false, "Plans": [{"Node Type": "Nested Loop", "Parent Relationship": "Outer", "Join Type": "Inner", "Startup Cost": 0.0, "Total Cost": 37488.22, "Plan Rows": 266, "Plan Width": 25, "Actual Min Startup Time": 268.687, "Actual Max Startup Time": 268.687, "Actual Min Total Time": 334.934, "Actual Max Total Time": 334.934, "Inner Unique": true, "Plans": [{"Node Type": "Nested Loop", "Parent Relationship": "Outer", "Join Type": "Inner", "Startup Cost": 0.0, "Total Cost": 36344.91, "Plan Rows": 192, "Plan Width": 4, "Actual Min Startup Time": 268.642, "Actual Max Startup Time": 268.642, "Actual Min Total Time": 274.75, "Actual Max Total Time": 274.75, "Inner Unique": false, "Join Filter": "(it1.id = mi.info_type_id)", "Rows Removed by Join Filter": 131, "Plans": [{"Node Type": "Seq Scan", "Parent Relationship": "Outer", "Relation Name": "info_type", "Alias": "it1", "Startup Cost": 0.0, "Total Cost": 2.4, "Plan Rows": 1, "Plan Width": 4, "Actual Min Startup Time": 0.069, "Actual Max Startup Time": 0.069, "Actual Min Total Time": 0.102, "Actual Max Total Time": 0.102, "Filter": "((info)::text = 'release dates'::text)", "Rows Removed by Filter": 111, "Actual Rows": 1}, {"Node Type": "Materialize", "Parent Relationship": "Inner", "Startup Cost": 0.0, "Total Cost": 36208.32, "Plan Rows": 13419, "Plan Width": 8, "Actual Min Startup Time": 268.549, "Actual Max Startup Time": 268.549, "Actual Min Total Time": 270.213, "Actual Max Total Time": 270.213, "Plans": [{"Node Type": "Streaming(type: LOCAL GATHER dop: 1/16)", "Parent Relationship": "Outer", "Startup Cost": 0.0, "Total Cost": 36174.77, "Plan Rows": 13419, "Plan Width": 8, "Actual Min Startup Time": 91.705, "Actual Max Startup Time": 91.705, "Actual Min Total Time": 266.805, "Actual Max Total Time": 266.805, "Plans": [{"Node Type": "Seq Scan", "Parent Relationship": "Outer", "Relation Name": "movie_info", "Alias": "mi", "Startup Cost": 0.0, "Total Cost": 35885.16, "Plan Rows": 13419, "Plan Width": 8, "Actual Min Startup Time": 6.923, "Actual Max Startup Time": 73.32, "Actual Min Total Time": 247.425, "Actual Max Total Time": 254.705, "Filter": "((note)::text ~~ '%internet%'::text)", "Rows Removed by Filter": 14824909, "Actual Rows": 10810}], "Actual Rows": 10810}], "Actual Rows": 10811}], "Actual Rows": 10679}, {"Node Type": "Index Scan", "Parent Relationship": "Inner", "Scan Direction": "Forward", "Index Name": "title_pkey", "Relation Name": "title", "Alias": "t", "Startup Cost": 0.0, "Total Cost": 5.94, "Plan Rows": 1, "Plan Width": 21, "Actual Min Startup Time": 51.52, "Actual Max Startup Time": 51.52, "Actual Min Total Time": 51.52, "Actual Max Total Time": 51.52, "Index Cond": "(id = mi.movie_id)", "Rows Removed by Index Recheck": 0, "Filter": "(production_year > 1990)", "Rows Removed by Filter": 17, "Actual Rows": 10662}], "Actual Rows": 10662}, {"Node Type": "Index Scan", "Parent Relationship": "Inner", "Scan Direction": "Forward", "Index Name": "movie_id_movie_companies", "Relation Name": "movie_companies", "Alias": "mc", "Startup Cost": 0.0, "Total Cost": 0.35, "Plan Rows": 2, "Plan Width": 12, "Actual Min Startup Time": 43.413, "Actual Max Startup Time": 43.413, "Actual Min Total Time": 53.672, "Actual Max Total Time": 53.672, "Index Cond": "(movie_id = t.id)", "Rows Removed by Index Recheck": 0, "Actual Rows": 14377}], "Actual Rows": 14377}, {"Node Type": "Index Scan", "Parent Relationship": "Inner", "Scan Direction": "Forward", "Index Name": "company_name_pkey", "Relation Name": "company_name", "Alias": "cn", "Startup Cost": 0.0, "Total Cost": 0.28, "Plan Rows": 1, "Plan Width": 4, "Actual Min Startup Time": 60.499, "Actual Max Startup Time": 60.499, "Actual Min Total Time": 60.499, "Actual Max Total Time": 60.499, "Index Cond": "(id = mc.company_id)", "Rows Removed by Index Recheck": 0, "Filter": "((country_code)::text = '[us]'::text)", "Rows Removed by Filter": 4520, "Actual Rows": 9857}], "Actual Rows": 9857}, {"Node Type": "Materialize", "Parent Relationship": "Inner", "Startup Cost": 0.0, "Total Cost": 1.04, "Plan Rows": 3, "Plan Width": 4, "Actual Min Startup Time": 1.043, "Actual Max Startup Time": 1.043, "Actual Min Total Time": 2.118, "Actual Max Total Time": 2.118, "Plans": [{"Node Type": "Seq Scan", "Parent Relationship": "Outer", "Relation Name": "company_type", "Alias": "ct", "Startup Cost": 0.0, "Total Cost": 1.03, "Plan Rows": 3, "Plan Width": 4, "Actual Min Startup Time": 0.006, "Actual Max Startup Time": 0.006, "Actual Min Total Time": 0.008, "Actual Max Total Time": 0.008, "Actual Rows": 3}], "Actual Rows": 17743}], "Actual Rows": 5914}, {"Node Type": "Index Scan", "Parent Relationship": "Inner", "Scan Direction": "Forward", "Index Name": "movie_id_movie_keyword", "Relation Name": "movie_keyword", "Alias": "mk", "Startup Cost": 0.0, "Total Cost": 0.46, "Plan Rows": 8, "Plan Width": 8, "Actual Min Startup Time": 24.127, "Actual Max Startup Time": 24.127, "Actual Min Total Time": 30.441, "Actual Max Total Time": 30.441, "Index Cond": "(movie_id = mc.movie_id)", "Rows Removed by Index Recheck": 0, "Actual Rows": 14161}], "Actual Rows": 14161}, {"Node Type": "Index Scan", "Parent Relationship": "Inner", "Scan Direction": "Forward", "Index Name": "keyword_pkey", "Relation Name": "keyword", "Alias": "k", "Startup Cost": 0.0, "Total Cost": 0.27, "Plan Rows": 1, "Plan Width": 4, "Actual Min Startup Time": 50.103, "Actual Max Startup Time": 50.103, "Actual Min Total Time": 50.103, "Actual Max Total Time": 50.103, "Index Cond": "(id = mk.keyword_id)", "Rows Removed by Index Recheck": 0, "Actual Rows": 14161}], "Actual Rows": 14161}, {"Node Type": "Index Scan", "Parent Relationship": "Inner", "Scan Direction": "Forward", "Index Name": "movie_id_aka_title", "Relation Name": "aka_title", "Alias": "at", "Startup Cost": 0.0, "Total Cost": 0.32, "Plan Rows": 3, "Plan Width": 25, "Actual Min Startup Time": 31.922, "Actual Max Startup Time": 31.922, "Actual Min Total Time": 34.203, "Actual Max Total Time": 34.203, "Index Cond": "(movie_id = mk.movie_id)", "Rows Removed by Index Recheck": 0, "Actual Rows": 4371}], "Actual Rows": 4371}], "Actual Rows": 1}, "Triggers": [], "Planner Runtime": 40, "Total Runtime": 627.494, "Unique SQL Id": 2302223328}}, "(16, 117)": {"explain_plan": {"Plan": {"Node Type": "Aggregate", "Strategy": "Plain", "Startup Cost": 166956.91, "Total Cost": 166956.92, "Plan Rows": 1, "Plan Width": 102, "Plans": [{"Node Type": "Nested Loop", "Parent Relationship": "Outer", "Join Type": "Inner", "Startup Cost": 4841.51, "Total Cost": 166922.72, "Plan Rows": 6838, "Plan Width": 38, "Inner Unique": false, "Join Filter": "(t.id = at.movie_id)", "Plans": [{"Node Type": "Nested Loop", "Parent Relationship": "Outer", "Join Type": "Inner", "Startup Cost": 4841.51, "Total Cost": 166124.11, "Plan Rows": 2257, "Plan Width": 33, "Inner Unique": true, "Plans": [{"Node Type": "Nested Loop", "Parent Relationship": "Outer", "Join Type": "Inner", "Startup Cost": 4841.51, "Total Cost": 165490.61, "Plan Rows": 2257, "Plan Width": 37, "Inner Unique": false, "Join Filter": "(t.id = mk.movie_id)", "Plans": [{"Node Type": "Nested Loop", "Parent Relationship": "Outer", "Join Type": "Inner", "Startup Cost": 4841.51, "Total Cost": 165334.26, "Plan Rows": 278, "Plan Width": 29, "Inner Unique": true, "Join Filter": "(mc.company_type_id = ct.id)", "Plans": [{"Node Type": "Nested Loop", "Parent Relationship": "Outer", "Join Type": "Inner", "Startup Cost": 4841.51, "Total Cost": 165300.45, "Plan Rows": 478, "Plan Width": 33, "Inner Unique": true, "Plans": [{"Node Type": "Nested Loop", "Parent Relationship": "Outer", "Join Type": "Inner", "Startup Cost": 4841.51, "Total Cost": 165137.06, "Plan Rows": 568, "Plan Width": 37, "Inner Unique": false, "Plans": [{"Node Type": "Nested Loop", "Parent Relationship": "Outer", "Join Type": "Inner", "Startup Cost": 4841.51, "Total Cost": 165039.2, "Plan Rows": 266, "Plan Width": 25, "Inner Unique": true, "Plans": [{"Node Type": "Nested Loop", "Parent Relationship": "Outer", "Join Type": "Inner", "Startup Cost": 4841.51, "Total Cost": 163895.89, "Plan Rows": 192, "Plan Width": 4, "Inner Unique": false, "Plans": [{"Node Type": "Index Scan", "Parent Relationship": "Outer", "Scan Direction": "Forward", "Index Name": "info_type_pkey", "Relation Name": "info_type", "Alias": "it1", "Startup Cost": 0.0, "Total Cost": 14.21, "Plan Rows": 1, "Plan Width": 4, "Filter": "((info)::text = 'release dates'::text)"}, {"Node Type": "Bitmap Heap Scan", "Parent Relationship": "Inner", "Relation Name": "movie_info", "Alias": "mi", "Startup Cost": 4841.51, "Total Cost": 163879.76, "Plan Rows": 192, "Plan Width": 8, "Recheck Cond": "(info_type_id = it1.id)", "Filter": "((note)::text ~~ '%internet%'::text)", "Plans": [{"Node Type": "Bitmap Index Scan", "Parent Relationship": "Outer", "Index Name": "info_type_id_movie_info", "Startup Cost": 0.0, "Total Cost": 4841.46, "Plan Rows": 212428, "Plan Width": 0, "Index Cond": "(info_type_id = it1.id)"}]}]}, {"Node Type": "Index Scan", "Parent Relationship": "Inner", "Scan Direction": "Forward", "Index Name": "title_pkey", "Relation Name": "title", "Alias": "t", "Startup Cost": 0.0, "Total Cost": 5.94, "Plan Rows": 1, "Plan Width": 21, "Index Cond": "(id = mi.movie_id)", "Filter": "(production_year > 1990)"}]}, {"Node Type": "Index Scan", "Parent Relationship": "Inner", "Scan Direction": "Forward", "Index Name": "movie_id_movie_companies", "Relation Name": "movie_companies", "Alias": "mc", "Startup Cost": 0.0, "Total Cost": 0.35, "Plan Rows": 2, "Plan Width": 12, "Index Cond": "(movie_id = t.id)"}]}, {"Node Type": "Index Scan", "Parent Relationship": "Inner", "Scan Direction": "Forward", "Index Name": "company_name_pkey", "Relation Name": "company_name", "Alias": "cn", "Startup Cost": 0.0, "Total Cost": 0.28, "Plan Rows": 1, "Plan Width": 4, "Index Cond": "(id = mc.company_id)", "Filter": "((country_code)::text = '[us]'::text)"}]}, {"Node Type": "Materialize", "Parent Relationship": "Inner", "Startup Cost": 0.0, "Total Cost": 12.31, "Plan Rows": 3, "Plan Width": 4, "Plans": [{"Node Type": "Index Scan", "Parent Relationship": "Outer", "Scan Direction": "Forward", "Index Name": "company_type_pkey", "Relation Name": "company_type", "Alias": "ct", "Startup Cost": 0.0, "Total Cost": 12.29, "Plan Rows": 3, "Plan Width": 4}]}]}, {"Node Type": "Index Scan", "Parent Relationship": "Inner", "Scan Direction": "Forward", "Index Name": "movie_id_movie_keyword", "Relation Name": "movie_keyword", "Alias": "mk", "Startup Cost": 0.0, "Total Cost": 0.46, "Plan Rows": 8, "Plan Width": 8, "Index Cond": "(movie_id = mc.movie_id)"}]}, {"Node Type": "Index Scan", "Parent Relationship": "Inner", "Scan Direction": "Forward", "Index Name": "keyword_pkey", "Relation Name": "keyword", "Alias": "k", "Startup Cost": 0.0, "Total Cost": 0.27, "Plan Rows": 1, "Plan Width": 4, "Index Cond": "(id = mk.keyword_id)"}]}, {"Node Type": "Index Scan", "Parent Relationship": "Inner", "Scan Direction": "Forward", "Index Name": "movie_id_aka_title", "Relation Name": "aka_title", "Alias": "at", "Startup Cost": 0.0, "Total Cost": 0.32, "Plan Rows": 3, "Plan Width": 25, "Index Cond": "(movie_id = mk.movie_id)"}]}]}, "Unique SQL Id": 2302223328, "Planner Runtime": 40}, "explain_analyze_plan": null}, "(16, 118)": {"explain_plan": {"Plan": {"Node Type": "Aggregate", "Strategy": "Plain", "Startup Cost": 61788.11, "Total Cost": 61788.12, "Plan Rows": 1, "Plan Width": 102, "Plans": [{"Node Type": "Nested Loop", "Parent Relationship": "Outer", "Join Type": "Inner", "Startup Cost": 4.02, "Total Cost": 61753.92, "Plan Rows": 6838, "Plan Width": 38, "Inner Unique": false, "Join Filter": "(t.id = at.movie_id)", "Plans": [{"Node Type": "Nested Loop", "Parent Relationship": "Outer", "Join Type": "Inner", "Startup Cost": 3.74, "Total Cost": 51938.14, "Plan Rows": 2257, "Plan Width": 33, "Inner Unique": true, "Plans": [{"Node Type": "Nested Loop", "Parent Relationship": "Outer", "Join Type": "Inner", "Startup Cost": 3.49, "Total Cost": 42277.6, "Plan Rows": 2257, "Plan Width": 37, "Inner Unique": false, "Join Filter": "(t.id = mk.movie_id)", "Plans": [{"Node Type": "Nested Loop", "Parent Relationship": "Outer", "Join Type": "Inner", "Startup Cost": 3.15, "Total Cost": 41016.02, "Plan Rows": 278, "Plan Width": 29, "Inner Unique": true, "Join Filter": "(mi.movie_id = t.id)", "Plans": [{"Node Type": "Nested Loop", "Parent Relationship": "Outer", "Join Type": "Inner", "Startup Cost": 2.88, "Total Cost": 40151.84, "Plan Rows": 201, "Plan Width": 8, "Inner Unique": true, "Join Filter": "(mc.company_type_id = ct.id)", "Plans": [{"Node Type": "Nested Loop", "Parent Relationship": "Outer", "Join Type": "Inner", "Startup Cost": 2.88, "Total Cost": 40135.27, "Plan Rows": 345, "Plan Width": 12, "Inner Unique": true, "Plans": [{"Node Type": "Nested Loop", "Parent Relationship": "Outer", "Join Type": "Inner", "Startup Cost": 2.62, "Total Cost": 38379.09, "Plan Rows": 410, "Plan Width": 16, "Inner Unique": false, "Plans": [{"Node Type": "Nested Loop", "Parent Relationship": "Outer", "Join Type": "Inner", "Startup Cost": 0.0, "Total Cost": 36344.91, "Plan Rows": 192, "Plan Width": 4, "Inner Unique": false, "Join Filter": "(it1.id = mi.info_type_id)", "Plans": [{"Node Type": "Seq Scan", "Parent Relationship": "Outer", "Relation Name": "info_type", "Alias": "it1", "Startup Cost": 0.0, "Total Cost": 2.4, "Plan Rows": 1, "Plan Width": 4, "Filter": "((info)::text = 'release dates'::text)"}, {"Node Type": "Materialize", "Parent Relationship": "Inner", "Startup Cost": 0.0, "Total Cost": 36208.32, "Plan Rows": 13419, "Plan Width": 8, "Plans": [{"Node Type": "Streaming(type: LOCAL GATHER dop: 1/16)", "Parent Relationship": "Outer", "Startup Cost": 0.0, "Total Cost": 36174.77, "Plan Rows": 13419, "Plan Width": 8, "Plans": [{"Node Type": "Seq Scan", "Parent Relationship": "Outer", "Relation Name": "movie_info", "Alias": "mi", "Startup Cost": 0.0, "Total Cost": 35885.16, "Plan Rows": 13419, "Plan Width": 8, "Filter": "((note)::text ~~ '%internet%'::text)"}]}]}]}, {"Node Type": "Bitmap Heap Scan", "Parent Relationship": "Inner", "Relation Name": "movie_companies", "Alias": "mc", "Startup Cost": 2.62, "Total Cost": 10.57, "Plan Rows": 2, "Plan Width": 12, "Recheck Cond": "(movie_id = mi.movie_id)", "Plans": [{"Node Type": "Bitmap Index Scan", "Parent Relationship": "Outer", "Index Name": "movie_id_movie_companies", "Startup Cost": 0.0, "Total Cost": 2.62, "Plan Rows": 2, "Plan Width": 0, "Index Cond": "(movie_id = mi.movie_id)"}]}]}, {"Node Type": "Bitmap Heap Scan", "Parent Relationship": "Inner", "Relation Name": "company_name", "Alias": "cn", "Startup Cost": 0.26, "Total Cost": 4.27, "Plan Rows": 1, "Plan Width": 4, "Recheck Cond": "(id = mc.company_id)", "Filter": "((country_code)::text = '[us]'::text)", "Plans": [{"Node Type": "Bitmap Index Scan", "Parent Relationship": "Outer", "Index Name": "company_name_pkey", "Startup Cost": 0.0, "Total Cost": 0.26, "Plan Rows": 1, "Plan Width": 0, "Index Cond": "(id = mc.company_id)"}]}]}, {"Node Type": "Materialize", "Parent Relationship": "Inner", "Startup Cost": 0.0, "Total Cost": 1.04, "Plan Rows": 3, "Plan Width": 4, "Plans": [{"Node Type": "Seq Scan", "Parent Relationship": "Outer", "Relation Name": "company_type", "Alias": "ct", "Startup Cost": 0.0, "Total Cost": 1.03, "Plan Rows": 3, "Plan Width": 4}]}]}, {"Node Type": "Bitmap Heap Scan", "Parent Relationship": "Inner", "Relation Name": "title", "Alias": "t", "Startup Cost": 0.27, "Total Cost": 4.29, "Plan Rows": 1, "Plan Width": 21, "Recheck Cond": "(id = mc.movie_id)", "Filter": "(production_year > 1990)", "Plans": [{"Node Type": "Bitmap Index Scan", "Parent Relationship": "Outer", "Index Name": "title_pkey", "Startup Cost": 0.0, "Total Cost": 0.27, "Plan Rows": 1, "Plan Width": 0, "Index Cond": "(id = mc.movie_id)"}]}]}, {"Node Type": "Bitmap Heap Scan", "Parent Relationship": "Inner", "Relation Name": "movie_keyword", "Alias": "mk", "Startup Cost": 0.34, "Total Cost": 4.44, "Plan Rows": 8, "Plan Width": 8, "Recheck Cond": "(movie_id = mc.movie_id)", "Plans": [{"Node Type": "Bitmap Index Scan", "Parent Relationship": "Outer", "Index Name": "movie_id_movie_keyword", "Startup Cost": 0.0, "Total Cost": 0.34, "Plan Rows": 8, "Plan Width": 0, "Index Cond": "(movie_id = mc.movie_id)"}]}]}, {"Node Type": "Bitmap Heap Scan", "Parent Relationship": "Inner", "Relation Name": "keyword", "Alias": "k", "Startup Cost": 0.26, "Total Cost": 4.27, "Plan Rows": 1, "Plan Width": 4, "Recheck Cond": "(id = mk.keyword_id)", "Plans": [{"Node Type": "Bitmap Index Scan", "Parent Relationship": "Outer", "Index Name": "keyword_pkey", "Startup Cost": 0.0, "Total Cost": 0.26, "Plan Rows": 1, "Plan Width": 0, "Index Cond": "(id = mk.keyword_id)"}]}]}, {"Node Type": "Bitmap Heap Scan", "Parent Relationship": "Inner", "Relation Name": "aka_title", "Alias": "at", "Startup Cost": 0.27, "Total Cost": 4.31, "Plan Rows": 3, "Plan Width": 25, "Recheck Cond": "(movie_id = mk.movie_id)", "Plans": [{"Node Type": "Bitmap Index Scan", "Parent Relationship": "Outer", "Index Name": "movie_id_aka_title", "Startup Cost": 0.0, "Total Cost": 0.27, "Plan Rows": 3, "Plan Width": 0, "Index Cond": "(movie_id = mk.movie_id)"}]}]}]}, "Unique SQL Id": 2302223328, "Planner Runtime": 107}, "explain_analyze_plan": {"Plan": {"Node Type": "Aggregate", "Strategy": "Plain", "Startup Cost": 61788.11, "Total Cost": 61788.12, "Plan Rows": 1, "Plan Width": 102, "Actual Min Startup Time": 740.475, "Actual Max Startup Time": 740.475, "Actual Min Total Time": 740.475, "Actual Max Total Time": 740.475, "Plans": [{"Node Type": "Nested Loop", "Parent Relationship": "Outer", "Join Type": "Inner", "Startup Cost": 4.02, "Total Cost": 61753.92, "Plan Rows": 6838, "Plan Width": 38, "Actual Min Startup Time": 296.929, "Actual Max Startup Time": 296.929, "Actual Min Total Time": 737.278, "Actual Max Total Time": 737.278, "Inner Unique": false, "Join Filter": "(t.id = at.movie_id)", "Rows Removed by Join Filter": 0, "Plans": [{"Node Type": "Nested Loop", "Parent Relationship": "Outer", "Join Type": "Inner", "Startup Cost": 3.74, "Total Cost": 51938.14, "Plan Rows": 2257, "Plan Width": 33, "Actual Min Startup Time": 293.265, "Actual Max Startup Time": 293.265, "Actual Min Total Time": 674.89, "Actual Max Total Time": 674.89, "Inner Unique": true, "Plans": [{"Node Type": "Nested Loop", "Parent Relationship": "Outer", "Join Type": "Inner", "Startup Cost": 3.49, "Total Cost": 42277.6, "Plan Rows": 2257, "Plan Width": 37, "Actual Min Startup Time": 293.251, "Actual Max Startup Time": 293.251, "Actual Min Total Time": 592.467, "Actual Max Total Time": 592.467, "Inner Unique": false, "Join Filter": "(t.id = mk.movie_id)", "Rows Removed by Join Filter": 0, "Plans": [{"Node Type": "Nested Loop", "Parent Relationship": "Outer", "Join Type": "Inner", "Startup Cost": 3.15, "Total Cost": 41016.02, "Plan Rows": 278, "Plan Width": 29, "Actual Min Startup Time": 293.18, "Actual Max Startup Time": 293.18, "Actual Min Total Time": 544.972, "Actual Max Total Time": 544.972, "Inner Unique": true, "Join Filter": "(mi.movie_id = t.id)", "Rows Removed by Join Filter": 0, "Plans": [{"Node Type": "Nested Loop", "Parent Relationship": "Outer", "Join Type": "Inner", "Startup Cost": 2.88, "Total Cost": 40151.84, "Plan Rows": 201, "Plan Width": 8, "Actual Min Startup Time": 293.157, "Actual Max Startup Time": 293.157, "Actual Min Total Time": 497.337, "Actual Max Total Time": 497.337, "Inner Unique": true, "Join Filter": "(mc.company_type_id = ct.id)", "Rows Removed by Join Filter": 11874, "Plans": [{"Node Type": "Nested Loop", "Parent Relationship": "Outer", "Join Type": "Inner", "Startup Cost": 2.88, "Total Cost": 40135.27, "Plan Rows": 345, "Plan Width": 12, "Actual Min Startup Time": 293.121, "Actual Max Startup Time": 293.121, "Actual Min Total Time": 488.022, "Actual Max Total Time": 488.022, "Inner Unique": true, "Plans": [{"Node Type": "Nested Loop", "Parent Relationship": "Outer", "Join Type": "Inner", "Startup Cost": 2.62, "Total Cost": 38379.09, "Plan Rows": 410, "Plan Width": 16, "Actual Min Startup Time": 293.071, "Actual Max Startup Time": 293.071, "Actual Min Total Time": 391.184, "Actual Max Total Time": 391.184, "Inner Unique": false, "Plans": [{"Node Type": "Nested Loop", "Parent Relationship": "Outer", "Join Type": "Inner", "Startup Cost": 0.0, "Total Cost": 36344.91, "Plan Rows": 192, "Plan Width": 4, "Actual Min Startup Time": 293.01, "Actual Max Startup Time": 293.01, "Actual Min Total Time": 300.041, "Actual Max Total Time": 300.041, "Inner Unique": false, "Join Filter": "(it1.id = mi.info_type_id)", "Rows Removed by Join Filter": 131, "Plans": [{"Node Type": "Seq Scan", "Parent Relationship": "Outer", "Relation Name": "info_type", "Alias": "it1", "Startup Cost": 0.0, "Total Cost": 2.4, "Plan Rows": 1, "Plan Width": 4, "Actual Min Startup Time": 0.07, "Actual Max Startup Time": 0.07, "Actual Min Total Time": 0.115, "Actual Max Total Time": 0.115, "Filter": "((info)::text = 'release dates'::text)", "Rows Removed by Filter": 111, "Actual Rows": 1}, {"Node Type": "Materialize", "Parent Relationship": "Inner", "Startup Cost": 0.0, "Total Cost": 36208.32, "Plan Rows": 13419, "Plan Width": 8, "Actual Min Startup Time": 292.914, "Actual Max Startup Time": 292.914, "Actual Min Total Time": 294.698, "Actual Max Total Time": 294.698, "Plans": [{"Node Type": "Streaming(type: LOCAL GATHER dop: 1/16)", "Parent Relationship": "Outer", "Startup Cost": 0.0, "Total Cost": 36174.77, "Plan Rows": 13419, "Plan Width": 8, "Actual Min Startup Time": 91.074, "Actual Max Startup Time": 91.074, "Actual Min Total Time": 290.997, "Actual Max Total Time": 290.997, "Plans": [{"Node Type": "Seq Scan", "Parent Relationship": "Outer", "Relation Name": "movie_info", "Alias": "mi", "Startup Cost": 0.0, "Total Cost": 35885.16, "Plan Rows": 13419, "Plan Width": 8, "Actual Min Startup Time": 6.872, "Actual Max Startup Time": 73.199, "Actual Min Total Time": 247.137, "Actual Max Total Time": 275.96, "Filter": "((note)::text ~~ '%internet%'::text)", "Rows Removed by Filter": 14824909, "Actual Rows": 10810}], "Actual Rows": 10810}], "Actual Rows": 10811}], "Actual Rows": 10679}, {"Node Type": "Bitmap Heap Scan", "Parent Relationship": "Inner", "Relation Name": "movie_companies", "Alias": "mc", "Startup Cost": 2.62, "Total Cost": 10.57, "Plan Rows": 2, "Plan Width": 12, "Actual Min Startup Time": 66.04, "Actual Max Startup Time": 66.04, "Actual Min Total Time": 74.929, "Actual Max Total Time": 74.929, "Recheck Cond": "(movie_id = mi.movie_id)", "Rows Removed by Index Recheck": 0, "Exact Heap Blocks": 11702, "Lossy Heap Blocks": 11702, "Plans": [{"Node Type": "Bitmap Index Scan", "Parent Relationship": "Outer", "Index Name": "movie_id_movie_companies", "Startup Cost": 0.0, "Total Cost": 2.62, "Plan Rows": 2, "Plan Width": 0, "Actual Min Startup Time": 42.934, "Actual Max Startup Time": 42.934, "Actual Min Total Time": 42.934, "Actual Max Total Time": 42.934, "Index Cond": "(movie_id = mi.movie_id)", "Actual Rows": 14401}], "Actual Rows": 14401}], "Actual Rows": 14401}, {"Node Type": "Bitmap Heap Scan", "Parent Relationship": "Inner", "Relation Name": "company_name", "Alias": "cn", "Startup Cost": 0.26, "Total Cost": 4.27, "Plan Rows": 1, "Plan Width": 4, "Actual Min Startup Time": 78.423, "Actual Max Startup Time": 78.423, "Actual Min Total Time": 78.423, "Actual Max Total Time": 78.423, "Recheck Cond": "(id = mc.company_id)", "Rows Removed by Index Recheck": 0, "Filter": "((country_code)::text = '[us]'::text)", "Rows Removed by Filter": 4527, "Exact Heap Blocks": 14401, "Lossy Heap Blocks": 14401, "Plans": [{"Node Type": "Bitmap Index Scan", "Parent Relationship": "Outer", "Index Name": "company_name_pkey", "Startup Cost": 0.0, "Total Cost": 0.26, "Plan Rows": 1, "Plan Width": 0, "Actual Min Startup Time": 43.793, "Actual Max Startup Time": 43.793, "Actual Min Total Time": 43.793, "Actual Max Total Time": 43.793, "Index Cond": "(id = mc.company_id)", "Actual Rows": 14401}], "Actual Rows": 9874}], "Actual Rows": 9874}, {"Node Type": "Materialize", "Parent Relationship": "Inner", "Startup Cost": 0.0, "Total Cost": 1.04, "Plan Rows": 3, "Plan Width": 4, "Actual Min Startup Time": 1.364, "Actual Max Startup Time": 1.364, "Actual Min Total Time": 2.437, "Actual Max Total Time": 2.437, "Plans": [{"Node Type": "Seq Scan", "Parent Relationship": "Outer", "Relation Name": "company_type", "Alias": "ct", "Startup Cost": 0.0, "Total Cost": 1.03, "Plan Rows": 3, "Plan Width": 4, "Actual Min Startup Time": 0.007, "Actual Max Startup Time": 0.007, "Actual Min Total Time": 0.01, "Actual Max Total Time": 0.01, "Actual Rows": 3}], "Actual Rows": 17790}], "Actual Rows": 5916}, {"Node Type": "Bitmap Heap Scan", "Parent Relationship": "Inner", "Relation Name": "title", "Alias": "t", "Startup Cost": 0.27, "Total Cost": 4.29, "Plan Rows": 1, "Plan Width": 21, "Actual Min Startup Time": 38.301, "Actual Max Startup Time": 38.301, "Actual Min Total Time": 38.301, "Actual Max Total Time": 38.301, "Recheck Cond": "(id = mc.movie_id)", "Rows Removed by Index Recheck": 0, "Filter": "(production_year > 1990)", "Rows Removed by Filter": 2, "Exact Heap Blocks": 5916, "Lossy Heap Blocks": 5916, "Plans": [{"Node Type": "Bitmap Index Scan", "Parent Relationship": "Outer", "Index Name": "title_pkey", "Startup Cost": 0.0, "Total Cost": 0.27, "Plan Rows": 1, "Plan Width": 0, "Actual Min Startup Time": 22.073, "Actual Max Startup Time": 22.073, "Actual Min Total Time": 22.073, "Actual Max Total Time": 22.073, "Index Cond": "(id = mc.movie_id)", "Actual Rows": 5916}], "Actual Rows": 5914}], "Actual Rows": 5914}, {"Node Type": "Bitmap Heap Scan", "Parent Relationship": "Inner", "Relation Name": "movie_keyword", "Alias": "mk", "Startup Cost": 0.34, "Total Cost": 4.44, "Plan Rows": 8, "Plan Width": 8, "Actual Min Startup Time": 32.223, "Actual Max Startup Time": 32.223, "Actual Min Total Time": 34.393, "Actual Max Total Time": 34.393, "Recheck Cond": "(movie_id = mc.movie_id)", "Rows Removed by Index Recheck": 0, "Exact Heap Blocks": 1896, "Lossy Heap Blocks": 1896, "Plans": [{"Node Type": "Bitmap Index Scan", "Parent Relationship": "Outer", "Index Name": "movie_id_movie_keyword", "Startup Cost": 0.0, "Total Cost": 0.34, "Plan Rows": 8, "Plan Width": 0, "Actual Min Startup Time": 23.915, "Actual Max Startup Time": 23.915, "Actual Min Total Time": 23.915, "Actual Max Total Time": 23.915, "Index Cond": "(movie_id = mc.movie_id)", "Actual Rows": 14161}], "Actual Rows": 14161}], "Actual Rows": 14161}, {"Node Type": "Bitmap Heap Scan", "Parent Relationship": "Inner", "Relation Name": "keyword", "Alias": "k", "Startup Cost": 0.26, "Total Cost": 4.27, "Plan Rows": 1, "Plan Width": 4, "Actual Min Startup Time": 63.8, "Actual Max Startup Time": 63.8, "Actual Min Total Time": 63.8, "Actual Max Total Time": 63.8, "Recheck Cond": "(id = mk.keyword_id)", "Rows Removed by Index Recheck": 0, "Exact Heap Blocks": 14161, "Lossy Heap Blocks": 14161, "Plans": [{"Node Type": "Bitmap Index Scan", "Parent Relationship": "Outer", "Index Name": "keyword_pkey", "Startup Cost": 0.0, "Total Cost": 0.26, "Plan Rows": 1, "Plan Width": 0, "Actual Min Startup Time": 40.148, "Actual Max Startup Time": 40.148, "Actual Min Total Time": 40.148, "Actual Max Total Time": 40.148, "Index Cond": "(id = mk.keyword_id)", "Actual Rows": 14161}], "Actual Rows": 14161}], "Actual Rows": 14161}, {"Node Type": "Bitmap Heap Scan", "Parent Relationship": "Inner", "Relation Name": "aka_title", "Alias": "at", "Startup Cost": 0.27, "Total Cost": 4.31, "Plan Rows": 3, "Plan Width": 25, "Actual Min Startup Time": 43.218, "Actual Max Startup Time": 43.218, "Actual Min Total Time": 45.019, "Actual Max Total Time": 45.019, "Recheck Cond": "(movie_id = mk.movie_id)", "Rows Removed by Index Recheck": 0, "Exact Heap Blocks": 4371, "Lossy Heap Blocks": 4371, "Plans": [{"Node Type": "Bitmap Index Scan", "Parent Relationship": "Outer", "Index Name": "movie_id_aka_title", "Startup Cost": 0.0, "Total Cost": 0.27, "Plan Rows": 3, "Plan Width": 0, "Actual Min Startup Time": 32.894, "Actual Max Startup Time": 32.894, "Actual Min Total Time": 32.894, "Actual Max Total Time": 32.894, "Index Cond": "(movie_id = mk.movie_id)", "Actual Rows": 4371}], "Actual Rows": 4371}], "Actual Rows": 4371}], "Actual Rows": 1}, "Triggers": [], "Planner Runtime": 107, "Total Runtime": 743.811, "Unique SQL Id": 2302223328}}, "(16, 119)": {"explain_plan": {"Plan": {"Node Type": "Aggregate", "Strategy": "Plain", "Startup Cost": 190799.22, "Total Cost": 190799.23, "Plan Rows": 1, "Plan Width": 102, "Plans": [{"Node Type": "Nested Loop", "Parent Relationship": "Outer", "Join Type": "Inner", "Startup Cost": 4854.59, "Total Cost": 190765.03, "Plan Rows": 6838, "Plan Width": 38, "Inner Unique": false, "Join Filter": "(t.id = at.movie_id)", "Plans": [{"Node Type": "Nested Loop", "Parent Relationship": "Outer", "Join Type": "Inner", "Startup Cost": 4854.32, "Total Cost": 180949.25, "Plan Rows": 2257, "Plan Width": 33, "Inner Unique": true, "Plans": [{"Node Type": "Nested Loop", "Parent Relationship": "Outer", "Join Type": "Inner", "Startup Cost": 4854.06, "Total Cost": 171288.7, "Plan Rows": 2257, "Plan Width": 37, "Inner Unique": false, "Join Filter": "(t.id = mk.movie_id)", "Plans": [{"Node Type": "Nested Loop", "Parent Relationship": "Outer", "Join Type": "Inner", "Startup Cost": 4853.72, "Total Cost": 170027.13, "Plan Rows": 278, "Plan Width": 29, "Inner Unique": true, "Join Filter": "(mi.movie_id = t.id)", "Plans": [{"Node Type": "Nested Loop", "Parent Relationship": "Outer", "Join Type": "Inner", "Startup Cost": 4853.45, "Total Cost": 169162.94, "Plan Rows": 201, "Plan Width": 8, "Inner Unique": true, "Plans": [{"Node Type": "Nested Loop", "Parent Relationship": "Outer", "Join Type": "Inner", "Startup Cost": 4853.19, "Total Cost": 167686.26, "Plan Rows": 345, "Plan Width": 12, "Inner Unique": true, "Plans": [{"Node Type": "Nested Loop", "Parent Relationship": "Outer", "Join Type": "Inner", "Startup Cost": 4852.94, "Total Cost": 165930.08, "Plan Rows": 410, "Plan Width": 16, "Inner Unique": false, "Plans": [{"Node Type": "Nested Loop", "Parent Relationship": "Outer", "Join Type": "Inner", "Startup Cost": 4850.32, "Total Cost": 163895.89, "Plan Rows": 192, "Plan Width": 4, "Inner Unique": false, "Plans": [{"Node Type": "Bitmap Heap Scan", "Parent Relationship": "Outer", "Relation Name": "info_type", "Alias": "it1", "Startup Cost": 8.81, "Total Cost": 14.21, "Plan Rows": 1, "Plan Width": 4, "Filter": "((info)::text = 'release dates'::text)", "Plans": [{"Node Type": "Bitmap Index Scan", "Parent Relationship": "Outer", "Index Name": "info_type_pkey", "Startup Cost": 0.0, "Total Cost": 8.81, "Plan Rows": 112, "Plan Width": 0}]}, {"Node Type": "Bitmap Heap Scan", "Parent Relationship": "Inner", "Relation Name": "movie_info", "Alias": "mi", "Startup Cost": 4841.51, "Total Cost": 163879.76, "Plan Rows": 192, "Plan Width": 8, "Recheck Cond": "(info_type_id = it1.id)", "Filter": "((note)::text ~~ '%internet%'::text)", "Plans": [{"Node Type": "Bitmap Index Scan", "Parent Relationship": "Outer", "Index Name": "info_type_id_movie_info", "Startup Cost": 0.0, "Total Cost": 4841.46, "Plan Rows": 212428, "Plan Width": 0, "Index Cond": "(info_type_id = it1.id)"}]}]}, {"Node Type": "Bitmap Heap Scan", "Parent Relationship": "Inner", "Relation Name": "movie_companies", "Alias": "mc", "Startup Cost": 2.62, "Total Cost": 10.57, "Plan Rows": 2, "Plan Width": 12, "Recheck Cond": "(movie_id = mi.movie_id)", "Plans": [{"Node Type": "Bitmap Index Scan", "Parent Relationship": "Outer", "Index Name": "movie_id_movie_companies", "Startup Cost": 0.0, "Total Cost": 2.62, "Plan Rows": 2, "Plan Width": 0, "Index Cond": "(movie_id = mi.movie_id)"}]}]}, {"Node Type": "Bitmap Heap Scan", "Parent Relationship": "Inner", "Relation Name": "company_name", "Alias": "cn", "Startup Cost": 0.26, "Total Cost": 4.27, "Plan Rows": 1, "Plan Width": 4, "Recheck Cond": "(id = mc.company_id)", "Filter": "((country_code)::text = '[us]'::text)", "Plans": [{"Node Type": "Bitmap Index Scan", "Parent Relationship": "Outer", "Index Name": "company_name_pkey", "Startup Cost": 0.0, "Total Cost": 0.26, "Plan Rows": 1, "Plan Width": 0, "Index Cond": "(id = mc.company_id)"}]}]}, {"Node Type": "Bitmap Heap Scan", "Parent Relationship": "Inner", "Relation Name": "company_type", "Alias": "ct", "Startup Cost": 0.26, "Total Cost": 4.27, "Plan Rows": 1, "Plan Width": 4, "Recheck Cond": "(id = mc.company_type_id)", "Plans": [{"Node Type": "Bitmap Index Scan", "Parent Relationship": "Outer", "Index Name": "company_type_pkey", "Startup Cost": 0.0, "Total Cost": 0.26, "Plan Rows": 1, "Plan Width": 0, "Index Cond": "(id = mc.company_type_id)"}]}]}, {"Node Type": "Bitmap Heap Scan", "Parent Relationship": "Inner", "Relation Name": "title", "Alias": "t", "Startup Cost": 0.27, "Total Cost": 4.29, "Plan Rows": 1, "Plan Width": 21, "Recheck Cond": "(id = mc.movie_id)", "Filter": "(production_year > 1990)", "Plans": [{"Node Type": "Bitmap Index Scan", "Parent Relationship": "Outer", "Index Name": "title_pkey", "Startup Cost": 0.0, "Total Cost": 0.27, "Plan Rows": 1, "Plan Width": 0, "Index Cond": "(id = mc.movie_id)"}]}]}, {"Node Type": "Bitmap Heap Scan", "Parent Relationship": "Inner", "Relation Name": "movie_keyword", "Alias": "mk", "Startup Cost": 0.34, "Total Cost": 4.44, "Plan Rows": 8, "Plan Width": 8, "Recheck Cond": "(movie_id = mc.movie_id)", "Plans": [{"Node Type": "Bitmap Index Scan", "Parent Relationship": "Outer", "Index Name": "movie_id_movie_keyword", "Startup Cost": 0.0, "Total Cost": 0.34, "Plan Rows": 8, "Plan Width": 0, "Index Cond": "(movie_id = mc.movie_id)"}]}]}, {"Node Type": "Bitmap Heap Scan", "Parent Relationship": "Inner", "Relation Name": "keyword", "Alias": "k", "Startup Cost": 0.26, "Total Cost": 4.27, "Plan Rows": 1, "Plan Width": 4, "Recheck Cond": "(id = mk.keyword_id)", "Plans": [{"Node Type": "Bitmap Index Scan", "Parent Relationship": "Outer", "Index Name": "keyword_pkey", "Startup Cost": 0.0, "Total Cost": 0.26, "Plan Rows": 1, "Plan Width": 0, "Index Cond": "(id = mk.keyword_id)"}]}]}, {"Node Type": "Bitmap Heap Scan", "Parent Relationship": "Inner", "Relation Name": "aka_title", "Alias": "at", "Startup Cost": 0.27, "Total Cost": 4.31, "Plan Rows": 3, "Plan Width": 25, "Recheck Cond": "(movie_id = mk.movie_id)", "Plans": [{"Node Type": "Bitmap Index Scan", "Parent Relationship": "Outer", "Index Name": "movie_id_aka_title", "Startup Cost": 0.0, "Total Cost": 0.27, "Plan Rows": 3, "Plan Width": 0, "Index Cond": "(movie_id = mk.movie_id)"}]}]}]}, "Unique SQL Id": 2302223328, "Planner Runtime": 47}, "explain_analyze_plan": null}, "(16, 120)": {"explain_plan": {"Plan": {"Node Type": "Aggregate", "Strategy": "Plain", "Startup Cost": 39393.15, "Total Cost": 39393.16, "Plan Rows": 1, "Plan Width": 102, "Plans": [{"Node Type": "Nested Loop", "Parent Relationship": "Outer", "Join Type": "Inner", "Startup Cost": 0.0, "Total Cost": 39358.96, "Plan Rows": 6838, "Plan Width": 38, "Inner Unique": false, "Join Filter": "(t.id = at.movie_id)", "Plans": [{"Node Type": "Nested Loop", "Parent Relationship": "Outer", "Join Type": "Inner", "Startup Cost": 0.0, "Total Cost": 38560.34, "Plan Rows": 2257, "Plan Width": 33, "Inner Unique": true, "Plans": [{"Node Type": "Nested Loop", "Parent Relationship": "Outer", "Join Type": "Inner", "Startup Cost": 0.0, "Total Cost": 37928.36, "Plan Rows": 2257, "Plan Width": 37, "Inner Unique": false, "Join Filter": "(t.id = mk.movie_id)", "Plans": [{"Node Type": "Nested Loop", "Parent Relationship": "Outer", "Join Type": "Inner", "Startup Cost": 0.0, "Total Cost": 37772.01, "Plan Rows": 278, "Plan Width": 29, "Inner Unique": true, "Join Filter": "(mc.company_type_id = ct.id)", "Plans": [{"Node Type": "Nested Loop", "Parent Relationship": "Outer", "Join Type": "Inner", "Startup Cost": 0.0, "Total Cost": 37749.46, "Plan Rows": 478, "Plan Width": 33, "Inner Unique": true, "Plans": [{"Node Type": "Nested Loop", "Parent Relationship": "Outer", "Join Type": "Inner", "Startup Cost": 0.0, "Total Cost": 37586.07, "Plan Rows": 568, "Plan Width": 37, "Inner Unique": false, "Plans": [{"Node Type": "Nested Loop", "Parent Relationship": "Outer", "Join Type": "Inner", "Startup Cost": 0.0, "Total Cost": 37488.22, "Plan Rows": 266, "Plan Width": 25, "Inner Unique": true, "Plans": [{"Node Type": "Nested Loop", "Parent Relationship": "Outer", "Join Type": "Inner", "Startup Cost": 0.0, "Total Cost": 36344.91, "Plan Rows": 192, "Plan Width": 4, "Inner Unique": false, "Join Filter": "(it1.id = mi.info_type_id)", "Plans": [{"Node Type": "Seq Scan", "Parent Relationship": "Outer", "Relation Name": "info_type", "Alias": "it1", "Startup Cost": 0.0, "Total Cost": 2.4, "Plan Rows": 1, "Plan Width": 4, "Filter": "((info)::text = 'release dates'::text)"}, {"Node Type": "Materialize", "Parent Relationship": "Inner", "Startup Cost": 0.0, "Total Cost": 36208.32, "Plan Rows": 13419, "Plan Width": 8, "Plans": [{"Node Type": "Streaming(type: LOCAL GATHER dop: 1/16)", "Parent Relationship": "Outer", "Startup Cost": 0.0, "Total Cost": 36174.77, "Plan Rows": 13419, "Plan Width": 8, "Plans": [{"Node Type": "Seq Scan", "Parent Relationship": "Outer", "Relation Name": "movie_info", "Alias": "mi", "Startup Cost": 0.0, "Total Cost": 35885.16, "Plan Rows": 13419, "Plan Width": 8, "Filter": "((note)::text ~~ '%internet%'::text)"}]}]}]}, {"Node Type": "Index Scan", "Parent Relationship": "Inner", "Scan Direction": "Forward", "Index Name": "title_pkey", "Relation Name": "title", "Alias": "t", "Startup Cost": 0.0, "Total Cost": 5.94, "Plan Rows": 1, "Plan Width": 21, "Index Cond": "(id = mi.movie_id)", "Filter": "(production_year > 1990)"}]}, {"Node Type": "Index Scan", "Parent Relationship": "Inner", "Scan Direction": "Forward", "Index Name": "movie_id_movie_companies", "Relation Name": "movie_companies", "Alias": "mc", "Startup Cost": 0.0, "Total Cost": 0.35, "Plan Rows": 2, "Plan Width": 12, "Index Cond": "(movie_id = t.id)"}]}, {"Node Type": "Index Scan", "Parent Relationship": "Inner", "Scan Direction": "Forward", "Index Name": "company_name_pkey", "Relation Name": "company_name", "Alias": "cn", "Startup Cost": 0.0, "Total Cost": 0.28, "Plan Rows": 1, "Plan Width": 4, "Index Cond": "(id = mc.company_id)", "Filter": "((country_code)::text = '[us]'::text)"}]}, {"Node Type": "Materialize", "Parent Relationship": "Inner", "Startup Cost": 0.0, "Total Cost": 1.04, "Plan Rows": 3, "Plan Width": 4, "Plans": [{"Node Type": "Seq Scan", "Parent Relationship": "Outer", "Relation Name": "company_type", "Alias": "ct", "Startup Cost": 0.0, "Total Cost": 1.03, "Plan Rows": 3, "Plan Width": 4}]}]}, {"Node Type": "Index Scan", "Parent Relationship": "Inner", "Scan Direction": "Forward", "Index Name": "movie_id_movie_keyword", "Relation Name": "movie_keyword", "Alias": "mk", "Startup Cost": 0.0, "Total Cost": 0.46, "Plan Rows": 8, "Plan Width": 8, "Index Cond": "(movie_id = mc.movie_id)"}]}, {"Node Type": "Index Only Scan", "Parent Relationship": "Inner", "Scan Direction": "Forward", "Index Name": "keyword_pkey", "Relation Name": "keyword", "Alias": "k", "Startup Cost": 0.0, "Total Cost": 0.27, "Plan Rows": 1, "Plan Width": 4, "Index Cond": "(id = mk.keyword_id)"}]}, {"Node Type": "Index Scan", "Parent Relationship": "Inner", "Scan Direction": "Forward", "Index Name": "movie_id_aka_title", "Relation Name": "aka_title", "Alias": "at", "Startup Cost": 0.0, "Total Cost": 0.32, "Plan Rows": 3, "Plan Width": 25, "Index Cond": "(movie_id = mk.movie_id)"}]}]}, "Unique SQL Id": 2302223328, "Planner Runtime": 40}, "explain_analyze_plan": {"Plan": {"Node Type": "Aggregate", "Strategy": "Plain", "Startup Cost": 39393.15, "Total Cost": 39393.16, "Plan Rows": 1, "Plan Width": 102, "Actual Min Startup Time": 598.197, "Actual Max Startup Time": 598.197, "Actual Min Total Time": 598.197, "Actual Max Total Time": 598.197, "Plans": [{"Node Type": "Nested Loop", "Parent Relationship": "Outer", "Join Type": "Inner", "Startup Cost": 0.0, "Total Cost": 39358.96, "Plan Rows": 6838, "Plan Width": 38, "Actual Min Startup Time": 275.127, "Actual Max Startup Time": 275.127, "Actual Min Total Time": 595.397, "Actual Max Total Time": 595.397, "Inner Unique": false, "Join Filter": "(t.id = at.movie_id)", "Rows Removed by Join Filter": 0, "Plans": [{"Node Type": "Nested Loop", "Parent Relationship": "Outer", "Join Type": "Inner", "Startup Cost": 0.0, "Total Cost": 38560.34, "Plan Rows": 2257, "Plan Width": 33, "Actual Min Startup Time": 272.372, "Actual Max Startup Time": 272.372, "Actual Min Total Time": 553.667, "Actual Max Total Time": 553.667, "Inner Unique": true, "Plans": [{"Node Type": "Nested Loop", "Parent Relationship": "Outer", "Join Type": "Inner", "Startup Cost": 0.0, "Total Cost": 37928.36, "Plan Rows": 2257, "Plan Width": 37, "Actual Min Startup Time": 272.356, "Actual Max Startup Time": 272.356, "Actual Min Total Time": 507.016, "Actual Max Total Time": 507.016, "Inner Unique": false, "Join Filter": "(t.id = mk.movie_id)", "Rows Removed by Join Filter": 0, "Plans": [{"Node Type": "Nested Loop", "Parent Relationship": "Outer", "Join Type": "Inner", "Startup Cost": 0.0, "Total Cost": 37772.01, "Plan Rows": 278, "Plan Width": 29, "Actual Min Startup Time": 272.308, "Actual Max Startup Time": 272.308, "Actual Min Total Time": 469.422, "Actual Max Total Time": 469.422, "Inner Unique": true, "Join Filter": "(mc.company_type_id = ct.id)", "Rows Removed by Join Filter": 11829, "Plans": [{"Node Type": "Nested Loop", "Parent Relationship": "Outer", "Join Type": "Inner", "Startup Cost": 0.0, "Total Cost": 37749.46, "Plan Rows": 478, "Plan Width": 33, "Actual Min Startup Time": 272.292, "Actual Max Startup Time": 272.292, "Actual Min Total Time": 460.809, "Actual Max Total Time": 460.809, "Inner Unique": true, "Plans": [{"Node Type": "Nested Loop", "Parent Relationship": "Outer", "Join Type": "Inner", "Startup Cost": 0.0, "Total Cost": 37586.07, "Plan Rows": 568, "Plan Width": 37, "Actual Min Startup Time": 272.245, "Actual Max Startup Time": 272.245, "Actual Min Total Time": 393.653, "Actual Max Total Time": 393.653, "Inner Unique": false, "Plans": [{"Node Type": "Nested Loop", "Parent Relationship": "Outer", "Join Type": "Inner", "Startup Cost": 0.0, "Total Cost": 37488.22, "Plan Rows": 266, "Plan Width": 25, "Actual Min Startup Time": 272.231, "Actual Max Startup Time": 272.231, "Actual Min Total Time": 334.841, "Actual Max Total Time": 334.841, "Inner Unique": true, "Plans": [{"Node Type": "Nested Loop", "Parent Relationship": "Outer", "Join Type": "Inner", "Startup Cost": 0.0, "Total Cost": 36344.91, "Plan Rows": 192, "Plan Width": 4, "Actual Min Startup Time": 272.184, "Actual Max Startup Time": 272.184, "Actual Min Total Time": 278.423, "Actual Max Total Time": 278.423, "Inner Unique": false, "Join Filter": "(it1.id = mi.info_type_id)", "Rows Removed by Join Filter": 131, "Plans": [{"Node Type": "Seq Scan", "Parent Relationship": "Outer", "Relation Name": "info_type", "Alias": "it1", "Startup Cost": 0.0, "Total Cost": 2.4, "Plan Rows": 1, "Plan Width": 4, "Actual Min Startup Time": 0.064, "Actual Max Startup Time": 0.064, "Actual Min Total Time": 0.096, "Actual Max Total Time": 0.096, "Filter": "((info)::text = 'release dates'::text)", "Rows Removed by Filter": 111, "Actual Rows": 1}, {"Node Type": "Materialize", "Parent Relationship": "Inner", "Startup Cost": 0.0, "Total Cost": 36208.32, "Plan Rows": 13419, "Plan Width": 8, "Actual Min Startup Time": 272.089, "Actual Max Startup Time": 272.089, "Actual Min Total Time": 273.861, "Actual Max Total Time": 273.861, "Plans": [{"Node Type": "Streaming(type: LOCAL GATHER dop: 1/16)", "Parent Relationship": "Outer", "Startup Cost": 0.0, "Total Cost": 36174.77, "Plan Rows": 13419, "Plan Width": 8, "Actual Min Startup Time": 93.947, "Actual Max Startup Time": 93.947, "Actual Min Total Time": 270.211, "Actual Max Total Time": 270.211, "Plans": [{"Node Type": "Seq Scan", "Parent Relationship": "Outer", "Relation Name": "movie_info", "Alias": "mi", "Startup Cost": 0.0, "Total Cost": 35885.16, "Plan Rows": 13419, "Plan Width": 8, "Actual Min Startup Time": 6.879, "Actual Max Startup Time": 73.183, "Actual Min Total Time": 246.66, "Actual Max Total Time": 253.591, "Filter": "((note)::text ~~ '%internet%'::text)", "Rows Removed by Filter": 14824909, "Actual Rows": 10810}], "Actual Rows": 10810}], "Actual Rows": 10811}], "Actual Rows": 10679}, {"Node Type": "Index Scan", "Parent Relationship": "Inner", "Scan Direction": "Forward", "Index Name": "title_pkey", "Relation Name": "title", "Alias": "t", "Startup Cost": 0.0, "Total Cost": 5.94, "Plan Rows": 1, "Plan Width": 21, "Actual Min Startup Time": 47.832, "Actual Max Startup Time": 47.832, "Actual Min Total Time": 47.832, "Actual Max Total Time": 47.832, "Index Cond": "(id = mi.movie_id)", "Rows Removed by Index Recheck": 0, "Filter": "(production_year > 1990)", "Rows Removed by Filter": 17, "Actual Rows": 10662}], "Actual Rows": 10662}, {"Node Type": "Index Scan", "Parent Relationship": "Inner", "Scan Direction": "Forward", "Index Name": "movie_id_movie_companies", "Relation Name": "movie_companies", "Alias": "mc", "Startup Cost": 0.0, "Total Cost": 0.35, "Plan Rows": 2, "Plan Width": 12, "Actual Min Startup Time": 40.771, "Actual Max Startup Time": 40.771, "Actual Min Total Time": 50.007, "Actual Max Total Time": 50.007, "Index Cond": "(movie_id = t.id)", "Rows Removed by Index Recheck": 0, "Actual Rows": 14377}], "Actual Rows": 14377}, {"Node Type": "Index Scan", "Parent Relationship": "Inner", "Scan Direction": "Forward", "Index Name": "company_name_pkey", "Relation Name": "company_name", "Alias": "cn", "Startup Cost": 0.0, "Total Cost": 0.28, "Plan Rows": 1, "Plan Width": 4, "Actual Min Startup Time": 56.99, "Actual Max Startup Time": 56.99, "Actual Min Total Time": 56.99, "Actual Max Total Time": 56.99, "Index Cond": "(id = mc.company_id)", "Rows Removed by Index Recheck": 0, "Filter": "((country_code)::text = '[us]'::text)", "Rows Removed by Filter": 4520, "Actual Rows": 9857}], "Actual Rows": 9857}, {"Node Type": "Materialize", "Parent Relationship": "Inner", "Startup Cost": 0.0, "Total Cost": 1.04, "Plan Rows": 3, "Plan Width": 4, "Actual Min Startup Time": 1.141, "Actual Max Startup Time": 1.141, "Actual Min Total Time": 2.139, "Actual Max Total Time": 2.139, "Plans": [{"Node Type": "Seq Scan", "Parent Relationship": "Outer", "Relation Name": "company_type", "Alias": "ct", "Startup Cost": 0.0, "Total Cost": 1.03, "Plan Rows": 3, "Plan Width": 4, "Actual Min Startup Time": 0.005, "Actual Max Startup Time": 0.005, "Actual Min Total Time": 0.006, "Actual Max Total Time": 0.006, "Actual Rows": 3}], "Actual Rows": 17743}], "Actual Rows": 5914}, {"Node Type": "Index Scan", "Parent Relationship": "Inner", "Scan Direction": "Forward", "Index Name": "movie_id_movie_keyword", "Relation Name": "movie_keyword", "Alias": "mk", "Startup Cost": 0.0, "Total Cost": 0.46, "Plan Rows": 8, "Plan Width": 8, "Actual Min Startup Time": 22.22, "Actual Max Startup Time": 22.22, "Actual Min Total Time": 28.559, "Actual Max Total Time": 28.559, "Index Cond": "(movie_id = mc.movie_id)", "Rows Removed by Index Recheck": 0, "Actual Rows": 14161}], "Actual Rows": 14161}, {"Node Type": "Index Only Scan", "Parent Relationship": "Inner", "Scan Direction": "Forward", "Index Name": "keyword_pkey", "Relation Name": "keyword", "Alias": "k", "Startup Cost": 0.0, "Total Cost": 0.27, "Plan Rows": 1, "Plan Width": 4, "Actual Min Startup Time": 36.463, "Actual Max Startup Time": 36.463, "Actual Min Total Time": 36.463, "Actual Max Total Time": 36.463, "Index Cond": "(id = mk.keyword_id)", "Rows Removed by Index Recheck": 0, "Heap Fetches": 0, "Actual Rows": 14161}], "Actual Rows": 14161}, {"Node Type": "Index Scan", "Parent Relationship": "Inner", "Scan Direction": "Forward", "Index Name": "movie_id_aka_title", "Relation Name": "aka_title", "Alias": "at", "Startup Cost": 0.0, "Total Cost": 0.32, "Plan Rows": 3, "Plan Width": 25, "Actual Min Startup Time": 31.453, "Actual Max Startup Time": 31.453, "Actual Min Total Time": 33.564, "Actual Max Total Time": 33.564, "Index Cond": "(movie_id = mk.movie_id)", "Rows Removed by Index Recheck": 0, "Actual Rows": 4371}], "Actual Rows": 4371}], "Actual Rows": 1}, "Triggers": [], "Planner Runtime": 40, "Total Runtime": 601.598, "Unique SQL Id": 2302223328}}, "(16, 121)": {"explain_plan": {"Plan": {"Node Type": "Aggregate", "Strategy": "Plain", "Startup Cost": 498755.15, "Total Cost": 498755.16, "Plan Rows": 1, "Plan Width": 102, "Plans": [{"Node Type": "Nested Loop", "Parent Relationship": "Outer", "Join Type": "Inner", "Startup Cost": 0.0, "Total Cost": 498720.96, "Plan Rows": 6838, "Plan Width": 38, "Inner Unique": false, "Join Filter": "(t.id = at.movie_id)", "Plans": [{"Node Type": "Nested Loop", "Parent Relationship": "Outer", "Join Type": "Inner", "Startup Cost": 0.0, "Total Cost": 497922.35, "Plan Rows": 2257, "Plan Width": 33, "Inner Unique": true, "Plans": [{"Node Type": "Nested Loop", "Parent Relationship": "Outer", "Join Type": "Inner", "Startup Cost": 0.0, "Total Cost": 497290.36, "Plan Rows": 2257, "Plan Width": 37, "Inner Unique": false, "Join Filter": "(t.id = mk.movie_id)", "Plans": [{"Node Type": "Nested Loop", "Parent Relationship": "Outer", "Join Type": "Inner", "Startup Cost": 0.0, "Total Cost": 497134.02, "Plan Rows": 278, "Plan Width": 29, "Inner Unique": true, "Join Filter": "(mc.company_type_id = ct.id)", "Plans": [{"Node Type": "Nested Loop", "Parent Relationship": "Outer", "Join Type": "Inner", "Startup Cost": 0.0, "Total Cost": 497104.2, "Plan Rows": 478, "Plan Width": 33, "Inner Unique": true, "Plans": [{"Node Type": "Nested Loop", "Parent Relationship": "Outer", "Join Type": "Inner", "Startup Cost": 0.0, "Total Cost": 496940.81, "Plan Rows": 568, "Plan Width": 37, "Inner Unique": false, "Plans": [{"Node Type": "Nested Loop", "Parent Relationship": "Outer", "Join Type": "Inner", "Startup Cost": 0.0, "Total Cost": 496842.96, "Plan Rows": 266, "Plan Width": 25, "Inner Unique": true, "Plans": [{"Node Type": "Nested Loop", "Parent Relationship": "Outer", "Join Type": "Inner", "Startup Cost": 0.0, "Total Cost": 495699.65, "Plan Rows": 192, "Plan Width": 4, "Inner Unique": false, "Plans": [{"Node Type": "Index Scan", "Parent Relationship": "Outer", "Scan Direction": "Forward", "Index Name": "info_type_pkey", "Relation Name": "info_type", "Alias": "it1", "Startup Cost": 0.0, "Total Cost": 14.21, "Plan Rows": 1, "Plan Width": 4, "Filter": "((info)::text = 'release dates'::text)"}, {"Node Type": "Index Scan", "Parent Relationship": "Inner", "Scan Direction": "Forward", "Index Name": "info_type_id_movie_info", "Relation Name": "movie_info", "Alias": "mi", "Startup Cost": 0.0, "Total Cost": 495683.52, "Plan Rows": 192, "Plan Width": 8, "Index Cond": "(info_type_id = it1.id)", "Filter": "((note)::text ~~ '%internet%'::text)"}]}, {"Node Type": "Index Scan", "Parent Relationship": "Inner", "Scan Direction": "Forward", "Index Name": "title_pkey", "Relation Name": "title", "Alias": "t", "Startup Cost": 0.0, "Total Cost": 5.94, "Plan Rows": 1, "Plan Width": 21, "Index Cond": "(id = mi.movie_id)", "Filter": "(production_year > 1990)"}]}, {"Node Type": "Index Scan", "Parent Relationship": "Inner", "Scan Direction": "Forward", "Index Name": "movie_id_movie_companies", "Relation Name": "movie_companies", "Alias": "mc", "Startup Cost": 0.0, "Total Cost": 0.35, "Plan Rows": 2, "Plan Width": 12, "Index Cond": "(movie_id = t.id)"}]}, {"Node Type": "Index Scan", "Parent Relationship": "Inner", "Scan Direction": "Forward", "Index Name": "company_name_pkey", "Relation Name": "company_name", "Alias": "cn", "Startup Cost": 0.0, "Total Cost": 0.28, "Plan Rows": 1, "Plan Width": 4, "Index Cond": "(id = mc.company_id)", "Filter": "((country_code)::text = '[us]'::text)"}]}, {"Node Type": "Materialize", "Parent Relationship": "Inner", "Startup Cost": 0.0, "Total Cost": 8.31, "Plan Rows": 3, "Plan Width": 4, "Plans": [{"Node Type": "Index Only Scan", "Parent Relationship": "Outer", "Scan Direction": "Forward", "Index Name": "company_type_pkey", "Relation Name": "company_type", "Alias": "ct", "Startup Cost": 0.0, "Total Cost": 8.29, "Plan Rows": 3, "Plan Width": 4}]}]}, {"Node Type": "Index Scan", "Parent Relationship": "Inner", "Scan Direction": "Forward", "Index Name": "movie_id_movie_keyword", "Relation Name": "movie_keyword", "Alias": "mk", "Startup Cost": 0.0, "Total Cost": 0.46, "Plan Rows": 8, "Plan Width": 8, "Index Cond": "(movie_id = mc.movie_id)"}]}, {"Node Type": "Index Only Scan", "Parent Relationship": "Inner", "Scan Direction": "Forward", "Index Name": "keyword_pkey", "Relation Name": "keyword", "Alias": "k", "Startup Cost": 0.0, "Total Cost": 0.27, "Plan Rows": 1, "Plan Width": 4, "Index Cond": "(id = mk.keyword_id)"}]}, {"Node Type": "Index Scan", "Parent Relationship": "Inner", "Scan Direction": "Forward", "Index Name": "movie_id_aka_title", "Relation Name": "aka_title", "Alias": "at", "Startup Cost": 0.0, "Total Cost": 0.32, "Plan Rows": 3, "Plan Width": 25, "Index Cond": "(movie_id = mk.movie_id)"}]}]}, "Unique SQL Id": 2302223328, "Planner Runtime": 38}, "explain_analyze_plan": null}, "(16, 122)": {"explain_plan": {"Plan": {"Node Type": "Aggregate", "Strategy": "Plain", "Startup Cost": 539449.85, "Total Cost": 539449.88, "Plan Rows": 1, "Plan Width": 102, "Plans": [{"Node Type": "Streaming(type: LOCAL GATHER dop: 1/16)", "Parent Relationship": "Outer", "Startup Cost": 539449.85, "Total Cost": 539449.88, "Plan Rows": 1, "Plan Width": 102, "Plans": [{"Node Type": "Aggregate", "Strategy": "Plain", "Parent Relationship": "Outer", "Startup Cost": 539449.85, "Total Cost": 539449.86, "Plan Rows": 1, "Plan Width": 102, "Plans": [{"Node Type": "Nested Loop", "Parent Relationship": "Outer", "Join Type": "Inner", "Startup Cost": 0.0, "Total Cost": 539415.66, "Plan Rows": 6838, "Plan Width": 38, "Inner Unique": false, "Join Filter": "(t.id = at.movie_id)", "Plans": [{"Node Type": "Streaming(type: LOCAL REDISTRIBUTE dop: 16/1)", "Parent Relationship": "Outer", "Startup Cost": 0.0, "Total Cost": 39925.41, "Plan Rows": 361471, "Plan Width": 25, "Plans": [{"Node Type": "Seq Scan", "Parent Relationship": "Outer", "Relation Name": "aka_title", "Alias": "at", "Startup Cost": 0.0, "Total Cost": 9894.71, "Plan Rows": 361471, "Plan Width": 25}]}, {"Node Type": "Materialize", "Parent Relationship": "Inner", "Startup Cost": 0.0, "Total Cost": 451687.48, "Plan Rows": 2257, "Plan Width": 33, "Plans": [{"Node Type": "Streaming(type: LOCAL REDISTRIBUTE dop: 16/16)", "Parent Relationship": "Outer", "Startup Cost": 0.0, "Total Cost": 451686.77, "Plan Rows": 2257, "Plan Width": 33, "Plans": [{"Node Type": "Nested Loop", "Parent Relationship": "Outer", "Join Type": "Inner", "Startup Cost": 0.0, "Total Cost": 436678.22, "Plan Rows": 2257, "Plan Width": 33, "Inner Unique": false, "Join Filter": "(mk.keyword_id = k.id)", "Plans": [{"Node Type": "Streaming(type: LOCAL REDISTRIBUTE dop: 16/1)", "Parent Relationship": "Outer", "Startup Cost": 0.0, "Total Cost": 22679.71, "Plan Rows": 134169, "Plan Width": 4, "Plans": [{"Node Type": "Seq Scan", "Parent Relationship": "Outer", "Relation Name": "keyword", "Alias": "k", "Startup Cost": 0.0, "Total Cost": 2100.69, "Plan Rows": 134169, "Plan Width": 4}]}, {"Node Type": "Materialize", "Parent Relationship": "Inner", "Startup Cost": 0.0, "Total Cost": 396255.54, "Plan Rows": 2257, "Plan Width": 37, "Plans": [{"Node Type": "Streaming(type: LOCAL REDISTRIBUTE dop: 16/16)", "Parent Relationship": "Outer", "Startup Cost": 0.0, "Total Cost": 396254.83, "Plan Rows": 2257, "Plan Width": 37, "Plans": [{"Node Type": "Nested Loop", "Parent Relationship": "Outer", "Join Type": "Inner", "Startup Cost": 0.0, "Total Cost": 381246.28, "Plan Rows": 2257, "Plan Width": 37, "Inner Unique": false, "Join Filter": "(t.id = mk.movie_id)", "Plans": [{"Node Type": "Streaming(type: LOCAL REDISTRIBUTE dop: 16/16)", "Parent Relationship": "Outer", "Startup Cost": 0.0, "Total Cost": 51044.03, "Plan Rows": 4523929, "Plan Width": 8, "Plans": [{"Node Type": "Seq Scan", "Parent Relationship": "Outer", "Relation Name": "movie_keyword", "Alias": "mk", "Startup Cost": 0.0, "Total Cost": 18902.58, "Plan Rows": 4523929, "Plan Width": 8}]}, {"Node Type": "Materialize", "Parent Relationship": "Inner", "Startup Cost": 0.0, "Total Cost": 256511.73, "Plan Rows": 278, "Plan Width": 29, "Plans": [{"Node Type": "Streaming(type: LOCAL REDISTRIBUTE dop: 16/16)", "Parent Relationship": "Outer", "Startup Cost": 0.0, "Total Cost": 256511.65, "Plan Rows": 278, "Plan Width": 29, "Plans": [{"Node Type": "Nested Loop", "Parent Relationship": "Outer", "Join Type": "Inner", "Startup Cost": 0.0, "Total Cost": 241510.59, "Plan Rows": 278, "Plan Width": 29, "Inner Unique": false, "Join Filter": "(mi.movie_id = t.id)", "Plans": [{"Node Type": "Streaming(type: LOCAL REDISTRIBUTE dop: 16/16)", "Parent Relationship": "Outer", "Startup Cost": 0.0, "Total Cost": 40775.83, "Plan Rows": 1748840, "Plan Width": 21, "Plans": [{"Node Type": "Seq Scan", "Parent Relationship": "Outer", "Relation Name": "title", "Alias": "t", "Startup Cost": 0.0, "Total Cost": 19149.37, "Plan Rows": 1748840, "Plan Width": 21, "Filter": "(production_year > 1990), (LLVM Optimized)"}]}, {"Node Type": "Materialize", "Parent Relationship": "Inner", "Startup Cost": 0.0, "Total Cost": 180138.1, "Plan Rows": 201, "Plan Width": 8, "Plans": [{"Node Type": "Streaming(type: LOCAL REDISTRIBUTE dop: 16/1)", "Parent Relationship": "Outer", "Startup Cost": 0.0, "Total Cost": 180138.04, "Plan Rows": 201, "Plan Width": 8, "Plans": [{"Node Type": "Nested Loop", "Parent Relationship": "Outer", "Join Type": "Inner", "Startup Cost": 0.0, "Total Cost": 165129.68, "Plan Rows": 201, "Plan Width": 8, "Inner Unique": true, "Join Filter": "(mc.company_type_id = ct.id)", "Plans": [{"Node Type": "Streaming(type: LOCAL GATHER dop: 1/16)", "Parent Relationship": "Outer", "Startup Cost": 0.0, "Total Cost": 165113.12, "Plan Rows": 345, "Plan Width": 12, "Plans": [{"Node Type": "Nested Loop", "Parent Relationship": "Outer", "Join Type": "Inner", "Startup Cost": 0.0, "Total Cost": 165105.67, "Plan Rows": 345, "Plan Width": 12, "Inner Unique": false, "Join Filter": "(mc.company_id = cn.id)", "Plans": [{"Node Type": "Streaming(type: LOCAL REDISTRIBUTE dop: 16/1)", "Parent Relationship": "Outer", "Startup Cost": 0.0, "Total Cost": 24444.99, "Plan Rows": 85170, "Plan Width": 4, "Plans": [{"Node Type": "Seq Scan", "Parent Relationship": "Outer", "Relation Name": "company_name", "Alias": "cn", "Startup Cost": 0.0, "Total Cost": 5903.45, "Plan Rows": 85170, "Plan Width": 4, "Filter": "((country_code)::text = '[us]'::text)"}]}, {"Node Type": "Materialize", "Parent Relationship": "Inner", "Startup Cost": 0.0, "Total Cost": 138614.67, "Plan Rows": 410, "Plan Width": 16, "Plans": [{"Node Type": "Streaming(type: LOCAL REDISTRIBUTE dop: 16/16)", "Parent Relationship": "Outer", "Startup Cost": 0.0, "Total Cost": 138614.54, "Plan Rows": 410, "Plan Width": 16, "Plans": [{"Node Type": "Nested Loop", "Parent Relationship": "Outer", "Join Type": "Inner", "Startup Cost": 0.0, "Total Cost": 123612.99, "Plan Rows": 410, "Plan Width": 16, "Inner Unique": false, "Join Filter": "(mi.movie_id = mc.movie_id)", "Plans": [{"Node Type": "Streaming(type: LOCAL REDISTRIBUTE dop: 16/1)", "Parent Relationship": "Outer", "Startup Cost": 0.0, "Total Cost": 51352.89, "Plan Rows": 192, "Plan Width": 4, "Plans": [{"Node Type": "Nested Loop", "Parent Relationship": "Outer", "Join Type": "Inner", "Startup Cost": 0.0, "Total Cost": 36344.91, "Plan Rows": 192, "Plan Width": 4, "Inner Unique": false, "Join Filter": "(it1.id = mi.info_type_id)", "Plans": [{"Node Type": "Seq Scan", "Parent Relationship": "Outer", "Relation Name": "info_type", "Alias": "it1", "Startup Cost": 0.0, "Total Cost": 2.4, "Plan Rows": 1, "Plan Width": 4, "Filter": "((info)::text = 'release dates'::text)"}, {"Node Type": "Materialize", "Parent Relationship": "Inner", "Startup Cost": 0.0, "Total Cost": 36208.32, "Plan Rows": 13419, "Plan Width": 8, "Plans": [{"Node Type": "Streaming(type: LOCAL GATHER dop: 1/16)", "Parent Relationship": "Outer", "Startup Cost": 0.0, "Total Cost": 36174.77, "Plan Rows": 13419, "Plan Width": 8, "Plans": [{"Node Type": "Seq Scan", "Parent Relationship": "Outer", "Relation Name": "movie_info", "Alias": "mi", "Startup Cost": 0.0, "Total Cost": 35885.16, "Plan Rows": 13419, "Plan Width": 8, "Filter": "((note)::text ~~ '%internet%'::text)"}]}]}]}]}, {"Node Type": "Materialize", "Parent Relationship": "Inner", "Startup Cost": 0.0, "Total Cost": 43315.08, "Plan Rows": 2609128, "Plan Width": 12, "Plans": [{"Node Type": "Streaming(type: LOCAL REDISTRIBUTE dop: 16/16)", "Parent Relationship": "Outer", "Startup Cost": 0.0, "Total Cost": 42499.73, "Plan Rows": 2609128, "Plan Width": 12, "Plans": [{"Node Type": "Seq Scan", "Parent Relationship": "Outer", "Relation Name": "movie_companies", "Alias": "mc", "Startup Cost": 0.0, "Total Cost": 17613.58, "Plan Rows": 2609128, "Plan Width": 12}]}]}]}]}]}]}]}, {"Node Type": "Materialize", "Parent Relationship": "Inner", "Startup Cost": 0.0, "Total Cost": 1.04, "Plan Rows": 3, "Plan Width": 4, "Plans": [{"Node Type": "Seq Scan", "Parent Relationship": "Outer", "Relation Name": "company_type", "Alias": "ct", "Startup Cost": 0.0, "Total Cost": 1.03, "Plan Rows": 3, "Plan Width": 4}]}]}]}]}]}]}]}]}]}]}]}]}]}]}]}]}]}, "Unique SQL Id": 2302223328, "Planner Runtime": 75}, "explain_analyze_plan": null}, "(16, 123)": {"explain_plan": {"Plan": {"Node Type": "Aggregate", "Strategy": "Plain", "Startup Cost": 9000196009590.57, "Total Cost": 9000196009590.58, "Plan Rows": 1, "Plan Width": 102, "Plans": [{"Node Type": "Nested Loop", "Parent Relationship": "Outer", "Join Type": "Inner", "Startup Cost": 90000000000.0, "Total Cost": 9000196009556.38, "Plan Rows": 6838, "Plan Width": 38, "Inner Unique": false, "Join Filter": "(t.id = at.movie_id)", "Plans": [{"Node Type": "Nested Loop", "Parent Relationship": "Outer", "Join Type": "Inner", "Startup Cost": 80000000000.0, "Total Cost": 8000181781050.87, "Plan Rows": 2257, "Plan Width": 33, "Inner Unique": true, "Join Filter": "(mk.keyword_id = k.id)", "Plans": [{"Node Type": "Nested Loop", "Parent Relationship": "Outer", "Join Type": "Inner", "Startup Cost": 70000000000.0, "Total Cost": 7000177032345.45, "Plan Rows": 2257, "Plan Width": 37, "Inner Unique": false, "Join Filter": "(t.id = mk.movie_id)", "Plans": [{"Node Type": "Index Scan", "Parent Relationship": "Outer", "Scan Direction": "Forward", "Index Name": "movie_id_movie_keyword", "Relation Name": "movie_keyword", "Alias": "mk", "Startup Cost": 10000000000.0, "Total Cost": 1000015300634.17, "Plan Rows": 4523929, "Plan Width": 8}, {"Node Type": "Materialize", "Parent Relationship": "Inner", "Startup Cost": 60000000000.0, "Total Cost": 6000142866928.05, "Plan Rows": 278, "Plan Width": 29, "Plans": [{"Node Type": "Nested Loop", "Parent Relationship": "Outer", "Join Type": "Inner", "Startup Cost": 60000000000.0, "Total Cost": 6000142866926.66, "Plan Rows": 278, "Plan Width": 29, "Inner Unique": false, "Join Filter": "(mi.movie_id = t.id)", "Plans": [{"Node Type": "Index Scan", "Parent Relationship": "Outer", "Scan Direction": "Forward", "Index Name": "title_pkey", "Relation Name": "title", "Alias": "t", "Startup Cost": 10000000000.0, "Total Cost": 1000011644126.66, "Plan Rows": 1748840, "Plan Width": 21, "Filter": "(production_year > 1990), (LLVM Optimized)"}, {"Node Type": "Materialize", "Parent Relationship": "Inner", "Startup Cost": 50000000000.0, "Total Cost": 5000125950047.9, "Plan Rows": 201, "Plan Width": 8, "Plans": [{"Node Type": "Nested Loop", "Parent Relationship": "Outer", "Join Type": "Inner", "Startup Cost": 50000000000.0, "Total Cost": 5000125950046.89, "Plan Rows": 201, "Plan Width": 8, "Inner Unique": true, "Join Filter": "(mc.company_type_id = ct.id)", "Plans": [{"Node Type": "Nested Loop", "Parent Relationship": "Outer", "Join Type": "Inner", "Startup Cost": 40000000000.0, "Total Cost": 4000125949201.86, "Plan Rows": 345, "Plan Width": 12, "Inner Unique": true, "Join Filter": "(mc.company_id = cn.id)", "Plans": [{"Node Type": "Nested Loop", "Parent Relationship": "Outer", "Join Type": "Inner", "Startup Cost": 30000000000.0, "Total Cost": 3000124375054.46, "Plan Rows": 410, "Plan Width": 16, "Inner Unique": false, "Join Filter": "(mi.movie_id = mc.movie_id)", "Plans": [{"Node Type": "Nested Loop", "Parent Relationship": "Outer", "Join Type": "Inner", "Startup Cost": 20000000000.0, "Total Cost": 2000107536026.0, "Plan Rows": 192, "Plan Width": 4, "Inner Unique": true, "Join Filter": "(it1.id = mi.info_type_id)", "Plans": [{"Node Type": "Index Scan", "Parent Relationship": "Outer", "Scan Direction": "Forward", "Index Name": "movie_id_movie_info", "Relation Name": "movie_info", "Alias": "mi", "Startup Cost": 10000000000.0, "Total Cost": 1000107534403.72, "Plan Rows": 13419, "Plan Width": 8, "Filter": "((note)::text ~~ '%internet%'::text)"}, {"Node Type": "Materialize", "Parent Relationship": "Inner", "Startup Cost": 10000000000.0, "Total Cost": 1000000001421.0, "Plan Rows": 1, "Plan Width": 4, "Plans": [{"Node Type": "Index Scan", "Parent Relationship": "Outer", "Scan Direction": "Forward", "Index Name": "info_type_pkey", "Relation Name": "info_type", "Alias": "it1", "Startup Cost": 10000000000.0, "Total Cost": 1000000001421.0, "Plan Rows": 1, "Plan Width": 4, "Filter": "((info)::text = 'release dates'::text)"}]}]}, {"Node Type": "Materialize", "Parent Relationship": "Inner", "Startup Cost": 10000000000.0, "Total Cost": 1000009331262.64, "Plan Rows": 2609128, "Plan Width": 12, "Plans": [{"Node Type": "Index Scan", "Parent Relationship": "Outer", "Scan Direction": "Forward", "Index Name": "company_type_id_movie_companies", "Relation Name": "movie_companies", "Alias": "mc", "Startup Cost": 10000000000.0, "Total Cost": 1000009318217.0, "Plan Rows": 2609128, "Plan Width": 12}]}]}, {"Node Type": "Materialize", "Parent Relationship": "Inner", "Startup Cost": 10000000000.0, "Total Cost": 1000001050564.82, "Plan Rows": 85170, "Plan Width": 4, "Plans": [{"Node Type": "Index Scan", "Parent Relationship": "Outer", "Scan Direction": "Forward", "Index Name": "company_name_pkey", "Relation Name": "company_name", "Alias": "cn", "Startup Cost": 10000000000.0, "Total Cost": 1000001050138.97, "Plan Rows": 85170, "Plan Width": 4, "Filter": "((country_code)::text = '[us]'::text)"}]}]}, {"Node Type": "Materialize", "Parent Relationship": "Inner", "Startup Cost": 10000000000.0, "Total Cost": 1000000000829.52, "Plan Rows": 3, "Plan Width": 4, "Plans": [{"Node Type": "Index Only Scan", "Parent Relationship": "Outer", "Scan Direction": "Forward", "Index Name": "company_type_pkey", "Relation Name": "company_type", "Alias": "ct", "Startup Cost": 10000000000.0, "Total Cost": 1000000000829.5, "Plan Rows": 3, "Plan Width": 4}]}]}]}]}]}]}, {"Node Type": "Materialize", "Parent Relationship": "Inner", "Startup Cost": 10000000000.0, "Total Cost": 1000000206749.34, "Plan Rows": 134169, "Plan Width": 4, "Plans": [{"Node Type": "Index Only Scan", "Parent Relationship": "Outer", "Scan Direction": "Forward", "Index Name": "keyword_pkey", "Relation Name": "keyword", "Alias": "k", "Startup Cost": 10000000000.0, "Total Cost": 1000000206078.5, "Plan Rows": 134169, "Plan Width": 4}]}]}, {"Node Type": "Materialize", "Parent Relationship": "Inner", "Startup Cost": 10000000000.0, "Total Cost": 1000001991808.49, "Plan Rows": 361471, "Plan Width": 25, "Plans": [{"Node Type": "Index Scan", "Parent Relationship": "Outer", "Scan Direction": "Forward", "Index Name": "movie_id_aka_title", "Relation Name": "aka_title", "Alias": "at", "Startup Cost": 10000000000.0, "Total Cost": 1000001990001.13, "Plan Rows": 361471, "Plan Width": 25}]}]}]}, "Unique SQL Id": 2302223328, "Planner Runtime": 35}, "explain_analyze_plan": null}, "(16, 124)": {"explain_plan": {"Plan": {"Node Type": "Aggregate", "Strategy": "Plain", "Startup Cost": 39394.67, "Total Cost": 39394.68, "Plan Rows": 1, "Plan Width": 102, "Plans": [{"Node Type": "Nested Loop", "Parent Relationship": "Outer", "Join Type": "Inner", "Startup Cost": 0.0, "Total Cost": 39360.48, "Plan Rows": 6838, "Plan Width": 38, "Inner Unique": false, "Join Filter": "(t.id = at.movie_id)", "Plans": [{"Node Type": "Nested Loop", "Parent Relationship": "Outer", "Join Type": "Inner", "Startup Cost": 0.0, "Total Cost": 38561.86, "Plan Rows": 2257, "Plan Width": 33, "Inner Unique": true, "Plans": [{"Node Type": "Nested Loop", "Parent Relationship": "Outer", "Join Type": "Inner", "Startup Cost": 0.0, "Total Cost": 37928.36, "Plan Rows": 2257, "Plan Width": 37, "Inner Unique": false, "Join Filter": "(t.id = mk.movie_id)", "Plans": [{"Node Type": "Nested Loop", "Parent Relationship": "Outer", "Join Type": "Inner", "Startup Cost": 0.0, "Total Cost": 37772.01, "Plan Rows": 278, "Plan Width": 29, "Inner Unique": true, "Join Filter": "(mc.company_type_id = ct.id)", "Plans": [{"Node Type": "Nested Loop", "Parent Relationship": "Outer", "Join Type": "Inner", "Startup Cost": 0.0, "Total Cost": 37749.46, "Plan Rows": 478, "Plan Width": 33, "Inner Unique": true, "Plans": [{"Node Type": "Nested Loop", "Parent Relationship": "Outer", "Join Type": "Inner", "Startup Cost": 0.0, "Total Cost": 37586.07, "Plan Rows": 568, "Plan Width": 37, "Inner Unique": false, "Plans": [{"Node Type": "Nested Loop", "Parent Relationship": "Outer", "Join Type": "Inner", "Startup Cost": 0.0, "Total Cost": 37488.22, "Plan Rows": 266, "Plan Width": 25, "Inner Unique": true, "Plans": [{"Node Type": "Nested Loop", "Parent Relationship": "Outer", "Join Type": "Inner", "Startup Cost": 0.0, "Total Cost": 36344.91, "Plan Rows": 192, "Plan Width": 4, "Inner Unique": false, "Join Filter": "(it1.id = mi.info_type_id)", "Plans": [{"Node Type": "Seq Scan", "Parent Relationship": "Outer", "Relation Name": "info_type", "Alias": "it1", "Startup Cost": 0.0, "Total Cost": 2.4, "Plan Rows": 1, "Plan Width": 4, "Filter": "((info)::text = 'release dates'::text)"}, {"Node Type": "Materialize", "Parent Relationship": "Inner", "Startup Cost": 0.0, "Total Cost": 36208.32, "Plan Rows": 13419, "Plan Width": 8, "Plans": [{"Node Type": "Streaming(type: LOCAL GATHER dop: 1/16)", "Parent Relationship": "Outer", "Startup Cost": 0.0, "Total Cost": 36174.77, "Plan Rows": 13419, "Plan Width": 8, "Plans": [{"Node Type": "Seq Scan", "Parent Relationship": "Outer", "Relation Name": "movie_info", "Alias": "mi", "Startup Cost": 0.0, "Total Cost": 35885.16, "Plan Rows": 13419, "Plan Width": 8, "Filter": "((note)::text ~~ '%internet%'::text)"}]}]}]}, {"Node Type": "Index Scan", "Parent Relationship": "Inner", "Scan Direction": "Forward", "Index Name": "title_pkey", "Relation Name": "title", "Alias": "t", "Startup Cost": 0.0, "Total Cost": 5.94, "Plan Rows": 1, "Plan Width": 21, "Index Cond": "(id = mi.movie_id)", "Filter": "(production_year > 1990)"}]}, {"Node Type": "Index Scan", "Parent Relationship": "Inner", "Scan Direction": "Forward", "Index Name": "movie_id_movie_companies", "Relation Name": "movie_companies", "Alias": "mc", "Startup Cost": 0.0, "Total Cost": 0.35, "Plan Rows": 2, "Plan Width": 12, "Index Cond": "(movie_id = t.id)"}]}, {"Node Type": "Index Scan", "Parent Relationship": "Inner", "Scan Direction": "Forward", "Index Name": "company_name_pkey", "Relation Name": "company_name", "Alias": "cn", "Startup Cost": 0.0, "Total Cost": 0.28, "Plan Rows": 1, "Plan Width": 4, "Index Cond": "(id = mc.company_id)", "Filter": "((country_code)::text = '[us]'::text)"}]}, {"Node Type": "Materialize", "Parent Relationship": "Inner", "Startup Cost": 0.0, "Total Cost": 1.04, "Plan Rows": 3, "Plan Width": 4, "Plans": [{"Node Type": "Seq Scan", "Parent Relationship": "Outer", "Relation Name": "company_type", "Alias": "ct", "Startup Cost": 0.0, "Total Cost": 1.03, "Plan Rows": 3, "Plan Width": 4}]}]}, {"Node Type": "Index Scan", "Parent Relationship": "Inner", "Scan Direction": "Forward", "Index Name": "movie_id_movie_keyword", "Relation Name": "movie_keyword", "Alias": "mk", "Startup Cost": 0.0, "Total Cost": 0.46, "Plan Rows": 8, "Plan Width": 8, "Index Cond": "(movie_id = mc.movie_id)"}]}, {"Node Type": "Index Scan", "Parent Relationship": "Inner", "Scan Direction": "Forward", "Index Name": "keyword_pkey", "Relation Name": "keyword", "Alias": "k", "Startup Cost": 0.0, "Total Cost": 0.27, "Plan Rows": 1, "Plan Width": 4, "Index Cond": "(id = mk.keyword_id)"}]}, {"Node Type": "Index Scan", "Parent Relationship": "Inner", "Scan Direction": "Forward", "Index Name": "movie_id_aka_title", "Relation Name": "aka_title", "Alias": "at", "Startup Cost": 0.0, "Total Cost": 0.32, "Plan Rows": 3, "Plan Width": 25, "Index Cond": "(movie_id = mk.movie_id)"}]}]}, "Unique SQL Id": 2302223328, "Planner Runtime": 40}, "explain_analyze_plan": {"Plan": {"Node Type": "Aggregate", "Strategy": "Plain", "Startup Cost": 39394.67, "Total Cost": 39394.68, "Plan Rows": 1, "Plan Width": 102, "Actual Min Startup Time": 623.808, "Actual Max Startup Time": 623.808, "Actual Min Total Time": 623.809, "Actual Max Total Time": 623.809, "Plans": [{"Node Type": "Nested Loop", "Parent Relationship": "Outer", "Join Type": "Inner", "Startup Cost": 0.0, "Total Cost": 39360.48, "Plan Rows": 6838, "Plan Width": 38, "Actual Min Startup Time": 277.172, "Actual Max Startup Time": 277.172, "Actual Min Total Time": 621.009, "Actual Max Total Time": 621.009, "Inner Unique": false, "Join Filter": "(t.id = at.movie_id)", "Rows Removed by Join Filter": 0, "Plans": [{"Node Type": "Nested Loop", "Parent Relationship": "Outer", "Join Type": "Inner", "Startup Cost": 0.0, "Total Cost": 38561.86, "Plan Rows": 2257, "Plan Width": 33, "Actual Min Startup Time": 268.787, "Actual Max Startup Time": 268.787, "Actual Min Total Time": 578.009, "Actual Max Total Time": 578.009, "Inner Unique": true, "Plans": [{"Node Type": "Nested Loop", "Parent Relationship": "Outer", "Join Type": "Inner", "Startup Cost": 0.0, "Total Cost": 37928.36, "Plan Rows": 2257, "Plan Width": 37, "Actual Min Startup Time": 268.77, "Actual Max Startup Time": 268.77, "Actual Min Total Time": 516.351, "Actual Max Total Time": 516.351, "Inner Unique": false, "Join Filter": "(t.id = mk.movie_id)", "Rows Removed by Join Filter": 0, "Plans": [{"Node Type": "Nested Loop", "Parent Relationship": "Outer", "Join Type": "Inner", "Startup Cost": 0.0, "Total Cost": 37772.01, "Plan Rows": 278, "Plan Width": 29, "Actual Min Startup Time": 268.754, "Actual Max Startup Time": 268.754, "Actual Min Total Time": 477.041, "Actual Max Total Time": 477.041, "Inner Unique": true, "Join Filter": "(mc.company_type_id = ct.id)", "Rows Removed by Join Filter": 11829, "Plans": [{"Node Type": "Nested Loop", "Parent Relationship": "Outer", "Join Type": "Inner", "Startup Cost": 0.0, "Total Cost": 37749.46, "Plan Rows": 478, "Plan Width": 33, "Actual Min Startup Time": 268.72, "Actual Max Startup Time": 268.72, "Actual Min Total Time": 468.562, "Actual Max Total Time": 468.562, "Inner Unique": true, "Plans": [{"Node Type": "Nested Loop", "Parent Relationship": "Outer", "Join Type": "Inner", "Startup Cost": 0.0, "Total Cost": 37586.07, "Plan Rows": 568, "Plan Width": 37, "Actual Min Startup Time": 268.703, "Actual Max Startup Time": 268.703, "Actual Min Total Time": 397.481, "Actual Max Total Time": 397.481, "Inner Unique": false, "Plans": [{"Node Type": "Nested Loop", "Parent Relationship": "Outer", "Join Type": "Inner", "Startup Cost": 0.0, "Total Cost": 37488.22, "Plan Rows": 266, "Plan Width": 25, "Actual Min Startup Time": 268.687, "Actual Max Startup Time": 268.687, "Actual Min Total Time": 334.934, "Actual Max Total Time": 334.934, "Inner Unique": true, "Plans": [{"Node Type": "Nested Loop", "Parent Relationship": "Outer", "Join Type": "Inner", "Startup Cost": 0.0, "Total Cost": 36344.91, "Plan Rows": 192, "Plan Width": 4, "Actual Min Startup Time": 268.642, "Actual Max Startup Time": 268.642, "Actual Min Total Time": 274.75, "Actual Max Total Time": 274.75, "Inner Unique": false, "Join Filter": "(it1.id = mi.info_type_id)", "Rows Removed by Join Filter": 131, "Plans": [{"Node Type": "Seq Scan", "Parent Relationship": "Outer", "Relation Name": "info_type", "Alias": "it1", "Startup Cost": 0.0, "Total Cost": 2.4, "Plan Rows": 1, "Plan Width": 4, "Actual Min Startup Time": 0.069, "Actual Max Startup Time": 0.069, "Actual Min Total Time": 0.102, "Actual Max Total Time": 0.102, "Filter": "((info)::text = 'release dates'::text)", "Rows Removed by Filter": 111, "Actual Rows": 1}, {"Node Type": "Materialize", "Parent Relationship": "Inner", "Startup Cost": 0.0, "Total Cost": 36208.32, "Plan Rows": 13419, "Plan Width": 8, "Actual Min Startup Time": 268.549, "Actual Max Startup Time": 268.549, "Actual Min Total Time": 270.213, "Actual Max Total Time": 270.213, "Plans": [{"Node Type": "Streaming(type: LOCAL GATHER dop: 1/16)", "Parent Relationship": "Outer", "Startup Cost": 0.0, "Total Cost": 36174.77, "Plan Rows": 13419, "Plan Width": 8, "Actual Min Startup Time": 91.705, "Actual Max Startup Time": 91.705, "Actual Min Total Time": 266.805, "Actual Max Total Time": 266.805, "Plans": [{"Node Type": "Seq Scan", "Parent Relationship": "Outer", "Relation Name": "movie_info", "Alias": "mi", "Startup Cost": 0.0, "Total Cost": 35885.16, "Plan Rows": 13419, "Plan Width": 8, "Actual Min Startup Time": 6.923, "Actual Max Startup Time": 73.32, "Actual Min Total Time": 247.425, "Actual Max Total Time": 254.705, "Filter": "((note)::text ~~ '%internet%'::text)", "Rows Removed by Filter": 14824909, "Actual Rows": 10810}], "Actual Rows": 10810}], "Actual Rows": 10811}], "Actual Rows": 10679}, {"Node Type": "Index Scan", "Parent Relationship": "Inner", "Scan Direction": "Forward", "Index Name": "title_pkey", "Relation Name": "title", "Alias": "t", "Startup Cost": 0.0, "Total Cost": 5.94, "Plan Rows": 1, "Plan Width": 21, "Actual Min Startup Time": 51.52, "Actual Max Startup Time": 51.52, "Actual Min Total Time": 51.52, "Actual Max Total Time": 51.52, "Index Cond": "(id = mi.movie_id)", "Rows Removed by Index Recheck": 0, "Filter": "(production_year > 1990)", "Rows Removed by Filter": 17, "Actual Rows": 10662}], "Actual Rows": 10662}, {"Node Type": "Index Scan", "Parent Relationship": "Inner", "Scan Direction": "Forward", "Index Name": "movie_id_movie_companies", "Relation Name": "movie_companies", "Alias": "mc", "Startup Cost": 0.0, "Total Cost": 0.35, "Plan Rows": 2, "Plan Width": 12, "Actual Min Startup Time": 43.413, "Actual Max Startup Time": 43.413, "Actual Min Total Time": 53.672, "Actual Max Total Time": 53.672, "Index Cond": "(movie_id = t.id)", "Rows Removed by Index Recheck": 0, "Actual Rows": 14377}], "Actual Rows": 14377}, {"Node Type": "Index Scan", "Parent Relationship": "Inner", "Scan Direction": "Forward", "Index Name": "company_name_pkey", "Relation Name": "company_name", "Alias": "cn", "Startup Cost": 0.0, "Total Cost": 0.28, "Plan Rows": 1, "Plan Width": 4, "Actual Min Startup Time": 60.499, "Actual Max Startup Time": 60.499, "Actual Min Total Time": 60.499, "Actual Max Total Time": 60.499, "Index Cond": "(id = mc.company_id)", "Rows Removed by Index Recheck": 0, "Filter": "((country_code)::text = '[us]'::text)", "Rows Removed by Filter": 4520, "Actual Rows": 9857}], "Actual Rows": 9857}, {"Node Type": "Materialize", "Parent Relationship": "Inner", "Startup Cost": 0.0, "Total Cost": 1.04, "Plan Rows": 3, "Plan Width": 4, "Actual Min Startup Time": 1.043, "Actual Max Startup Time": 1.043, "Actual Min Total Time": 2.118, "Actual Max Total Time": 2.118, "Plans": [{"Node Type": "Seq Scan", "Parent Relationship": "Outer", "Relation Name": "company_type", "Alias": "ct", "Startup Cost": 0.0, "Total Cost": 1.03, "Plan Rows": 3, "Plan Width": 4, "Actual Min Startup Time": 0.006, "Actual Max Startup Time": 0.006, "Actual Min Total Time": 0.008, "Actual Max Total Time": 0.008, "Actual Rows": 3}], "Actual Rows": 17743}], "Actual Rows": 5914}, {"Node Type": "Index Scan", "Parent Relationship": "Inner", "Scan Direction": "Forward", "Index Name": "movie_id_movie_keyword", "Relation Name": "movie_keyword", "Alias": "mk", "Startup Cost": 0.0, "Total Cost": 0.46, "Plan Rows": 8, "Plan Width": 8, "Actual Min Startup Time": 24.127, "Actual Max Startup Time": 24.127, "Actual Min Total Time": 30.441, "Actual Max Total Time": 30.441, "Index Cond": "(movie_id = mc.movie_id)", "Rows Removed by Index Recheck": 0, "Actual Rows": 14161}], "Actual Rows": 14161}, {"Node Type": "Index Scan", "Parent Relationship": "Inner", "Scan Direction": "Forward", "Index Name": "keyword_pkey", "Relation Name": "keyword", "Alias": "k", "Startup Cost": 0.0, "Total Cost": 0.27, "Plan Rows": 1, "Plan Width": 4, "Actual Min Startup Time": 50.103, "Actual Max Startup Time": 50.103, "Actual Min Total Time": 50.103, "Actual Max Total Time": 50.103, "Index Cond": "(id = mk.keyword_id)", "Rows Removed by Index Recheck": 0, "Actual Rows": 14161}], "Actual Rows": 14161}, {"Node Type": "Index Scan", "Parent Relationship": "Inner", "Scan Direction": "Forward", "Index Name": "movie_id_aka_title", "Relation Name": "aka_title", "Alias": "at", "Startup Cost": 0.0, "Total Cost": 0.32, "Plan Rows": 3, "Plan Width": 25, "Actual Min Startup Time": 31.922, "Actual Max Startup Time": 31.922, "Actual Min Total Time": 34.203, "Actual Max Total Time": 34.203, "Index Cond": "(movie_id = mk.movie_id)", "Rows Removed by Index Recheck": 0, "Actual Rows": 4371}], "Actual Rows": 4371}], "Actual Rows": 1}, "Triggers": [], "Planner Runtime": 40, "Total Runtime": 627.494, "Unique SQL Id": 2302223328}}, "(16, 125)": {"explain_plan": {"Plan": {"Node Type": "Aggregate", "Strategy": "Plain", "Startup Cost": 498760.67, "Total Cost": 498760.68, "Plan Rows": 1, "Plan Width": 102, "Plans": [{"Node Type": "Nested Loop", "Parent Relationship": "Outer", "Join Type": "Inner", "Startup Cost": 0.0, "Total Cost": 498726.48, "Plan Rows": 6838, "Plan Width": 38, "Inner Unique": false, "Join Filter": "(t.id = at.movie_id)", "Plans": [{"Node Type": "Nested Loop", "Parent Relationship": "Outer", "Join Type": "Inner", "Startup Cost": 0.0, "Total Cost": 497927.86, "Plan Rows": 2257, "Plan Width": 33, "Inner Unique": true, "Plans": [{"Node Type": "Nested Loop", "Parent Relationship": "Outer", "Join Type": "Inner", "Startup Cost": 0.0, "Total Cost": 497294.36, "Plan Rows": 2257, "Plan Width": 37, "Inner Unique": false, "Join Filter": "(t.id = mk.movie_id)", "Plans": [{"Node Type": "Nested Loop", "Parent Relationship": "Outer", "Join Type": "Inner", "Startup Cost": 0.0, "Total Cost": 497138.02, "Plan Rows": 278, "Plan Width": 29, "Inner Unique": true, "Join Filter": "(mc.company_type_id = ct.id)", "Plans": [{"Node Type": "Nested Loop", "Parent Relationship": "Outer", "Join Type": "Inner", "Startup Cost": 0.0, "Total Cost": 497104.2, "Plan Rows": 478, "Plan Width": 33, "Inner Unique": true, "Plans": [{"Node Type": "Nested Loop", "Parent Relationship": "Outer", "Join Type": "Inner", "Startup Cost": 0.0, "Total Cost": 496940.81, "Plan Rows": 568, "Plan Width": 37, "Inner Unique": false, "Plans": [{"Node Type": "Nested Loop", "Parent Relationship": "Outer", "Join Type": "Inner", "Startup Cost": 0.0, "Total Cost": 496842.96, "Plan Rows": 266, "Plan Width": 25, "Inner Unique": true, "Plans": [{"Node Type": "Nested Loop", "Parent Relationship": "Outer", "Join Type": "Inner", "Startup Cost": 0.0, "Total Cost": 495699.65, "Plan Rows": 192, "Plan Width": 4, "Inner Unique": false, "Plans": [{"Node Type": "Index Scan", "Parent Relationship": "Outer", "Scan Direction": "Forward", "Index Name": "info_type_pkey", "Relation Name": "info_type", "Alias": "it1", "Startup Cost": 0.0, "Total Cost": 14.21, "Plan Rows": 1, "Plan Width": 4, "Filter": "((info)::text = 'release dates'::text)"}, {"Node Type": "Index Scan", "Parent Relationship": "Inner", "Scan Direction": "Forward", "Index Name": "info_type_id_movie_info", "Relation Name": "movie_info", "Alias": "mi", "Startup Cost": 0.0, "Total Cost": 495683.52, "Plan Rows": 192, "Plan Width": 8, "Index Cond": "(info_type_id = it1.id)", "Filter": "((note)::text ~~ '%internet%'::text)"}]}, {"Node Type": "Index Scan", "Parent Relationship": "Inner", "Scan Direction": "Forward", "Index Name": "title_pkey", "Relation Name": "title", "Alias": "t", "Startup Cost": 0.0, "Total Cost": 5.94, "Plan Rows": 1, "Plan Width": 21, "Index Cond": "(id = mi.movie_id)", "Filter": "(production_year > 1990)"}]}, {"Node Type": "Index Scan", "Parent Relationship": "Inner", "Scan Direction": "Forward", "Index Name": "movie_id_movie_companies", "Relation Name": "movie_companies", "Alias": "mc", "Startup Cost": 0.0, "Total Cost": 0.35, "Plan Rows": 2, "Plan Width": 12, "Index Cond": "(movie_id = t.id)"}]}, {"Node Type": "Index Scan", "Parent Relationship": "Inner", "Scan Direction": "Forward", "Index Name": "company_name_pkey", "Relation Name": "company_name", "Alias": "cn", "Startup Cost": 0.0, "Total Cost": 0.28, "Plan Rows": 1, "Plan Width": 4, "Index Cond": "(id = mc.company_id)", "Filter": "((country_code)::text = '[us]'::text)"}]}, {"Node Type": "Materialize", "Parent Relationship": "Inner", "Startup Cost": 0.0, "Total Cost": 12.31, "Plan Rows": 3, "Plan Width": 4, "Plans": [{"Node Type": "Index Scan", "Parent Relationship": "Outer", "Scan Direction": "Forward", "Index Name": "company_type_pkey", "Relation Name": "company_type", "Alias": "ct", "Startup Cost": 0.0, "Total Cost": 12.29, "Plan Rows": 3, "Plan Width": 4}]}]}, {"Node Type": "Index Scan", "Parent Relationship": "Inner", "Scan Direction": "Forward", "Index Name": "movie_id_movie_keyword", "Relation Name": "movie_keyword", "Alias": "mk", "Startup Cost": 0.0, "Total Cost": 0.46, "Plan Rows": 8, "Plan Width": 8, "Index Cond": "(movie_id = mc.movie_id)"}]}, {"Node Type": "Index Scan", "Parent Relationship": "Inner", "Scan Direction": "Forward", "Index Name": "keyword_pkey", "Relation Name": "keyword", "Alias": "k", "Startup Cost": 0.0, "Total Cost": 0.27, "Plan Rows": 1, "Plan Width": 4, "Index Cond": "(id = mk.keyword_id)"}]}, {"Node Type": "Index Scan", "Parent Relationship": "Inner", "Scan Direction": "Forward", "Index Name": "movie_id_aka_title", "Relation Name": "aka_title", "Alias": "at", "Startup Cost": 0.0, "Total Cost": 0.32, "Plan Rows": 3, "Plan Width": 25, "Index Cond": "(movie_id = mk.movie_id)"}]}]}, "Unique SQL Id": 2302223328, "Planner Runtime": 39}, "explain_analyze_plan": null}, "(16, 126)": {"explain_plan": {"Plan": {"Node Type": "Aggregate", "Strategy": "Plain", "Startup Cost": 539449.85, "Total Cost": 539449.88, "Plan Rows": 1, "Plan Width": 102, "Plans": [{"Node Type": "Streaming(type: LOCAL GATHER dop: 1/16)", "Parent Relationship": "Outer", "Startup Cost": 539449.85, "Total Cost": 539449.88, "Plan Rows": 1, "Plan Width": 102, "Plans": [{"Node Type": "Aggregate", "Strategy": "Plain", "Parent Relationship": "Outer", "Startup Cost": 539449.85, "Total Cost": 539449.86, "Plan Rows": 1, "Plan Width": 102, "Plans": [{"Node Type": "Nested Loop", "Parent Relationship": "Outer", "Join Type": "Inner", "Startup Cost": 0.0, "Total Cost": 539415.66, "Plan Rows": 6838, "Plan Width": 38, "Inner Unique": false, "Join Filter": "(t.id = at.movie_id)", "Plans": [{"Node Type": "Streaming(type: LOCAL REDISTRIBUTE dop: 16/1)", "Parent Relationship": "Outer", "Startup Cost": 0.0, "Total Cost": 39925.41, "Plan Rows": 361471, "Plan Width": 25, "Plans": [{"Node Type": "Seq Scan", "Parent Relationship": "Outer", "Relation Name": "aka_title", "Alias": "at", "Startup Cost": 0.0, "Total Cost": 9894.71, "Plan Rows": 361471, "Plan Width": 25}]}, {"Node Type": "Materialize", "Parent Relationship": "Inner", "Startup Cost": 0.0, "Total Cost": 451687.48, "Plan Rows": 2257, "Plan Width": 33, "Plans": [{"Node Type": "Streaming(type: LOCAL REDISTRIBUTE dop: 16/16)", "Parent Relationship": "Outer", "Startup Cost": 0.0, "Total Cost": 451686.77, "Plan Rows": 2257, "Plan Width": 33, "Plans": [{"Node Type": "Nested Loop", "Parent Relationship": "Outer", "Join Type": "Inner", "Startup Cost": 0.0, "Total Cost": 436678.22, "Plan Rows": 2257, "Plan Width": 33, "Inner Unique": false, "Join Filter": "(mk.keyword_id = k.id)", "Plans": [{"Node Type": "Streaming(type: LOCAL REDISTRIBUTE dop: 16/1)", "Parent Relationship": "Outer", "Startup Cost": 0.0, "Total Cost": 22679.71, "Plan Rows": 134169, "Plan Width": 4, "Plans": [{"Node Type": "Seq Scan", "Parent Relationship": "Outer", "Relation Name": "keyword", "Alias": "k", "Startup Cost": 0.0, "Total Cost": 2100.69, "Plan Rows": 134169, "Plan Width": 4}]}, {"Node Type": "Materialize", "Parent Relationship": "Inner", "Startup Cost": 0.0, "Total Cost": 396255.54, "Plan Rows": 2257, "Plan Width": 37, "Plans": [{"Node Type": "Streaming(type: LOCAL REDISTRIBUTE dop: 16/16)", "Parent Relationship": "Outer", "Startup Cost": 0.0, "Total Cost": 396254.83, "Plan Rows": 2257, "Plan Width": 37, "Plans": [{"Node Type": "Nested Loop", "Parent Relationship": "Outer", "Join Type": "Inner", "Startup Cost": 0.0, "Total Cost": 381246.28, "Plan Rows": 2257, "Plan Width": 37, "Inner Unique": false, "Join Filter": "(t.id = mk.movie_id)", "Plans": [{"Node Type": "Streaming(type: LOCAL REDISTRIBUTE dop: 16/16)", "Parent Relationship": "Outer", "Startup Cost": 0.0, "Total Cost": 51044.03, "Plan Rows": 4523929, "Plan Width": 8, "Plans": [{"Node Type": "Seq Scan", "Parent Relationship": "Outer", "Relation Name": "movie_keyword", "Alias": "mk", "Startup Cost": 0.0, "Total Cost": 18902.58, "Plan Rows": 4523929, "Plan Width": 8}]}, {"Node Type": "Materialize", "Parent Relationship": "Inner", "Startup Cost": 0.0, "Total Cost": 256511.73, "Plan Rows": 278, "Plan Width": 29, "Plans": [{"Node Type": "Streaming(type: LOCAL REDISTRIBUTE dop: 16/16)", "Parent Relationship": "Outer", "Startup Cost": 0.0, "Total Cost": 256511.65, "Plan Rows": 278, "Plan Width": 29, "Plans": [{"Node Type": "Nested Loop", "Parent Relationship": "Outer", "Join Type": "Inner", "Startup Cost": 0.0, "Total Cost": 241510.59, "Plan Rows": 278, "Plan Width": 29, "Inner Unique": false, "Join Filter": "(mi.movie_id = t.id)", "Plans": [{"Node Type": "Streaming(type: LOCAL REDISTRIBUTE dop: 16/16)", "Parent Relationship": "Outer", "Startup Cost": 0.0, "Total Cost": 40775.83, "Plan Rows": 1748840, "Plan Width": 21, "Plans": [{"Node Type": "Seq Scan", "Parent Relationship": "Outer", "Relation Name": "title", "Alias": "t", "Startup Cost": 0.0, "Total Cost": 19149.37, "Plan Rows": 1748840, "Plan Width": 21, "Filter": "(production_year > 1990), (LLVM Optimized)"}]}, {"Node Type": "Materialize", "Parent Relationship": "Inner", "Startup Cost": 0.0, "Total Cost": 180138.1, "Plan Rows": 201, "Plan Width": 8, "Plans": [{"Node Type": "Streaming(type: LOCAL REDISTRIBUTE dop: 16/1)", "Parent Relationship": "Outer", "Startup Cost": 0.0, "Total Cost": 180138.04, "Plan Rows": 201, "Plan Width": 8, "Plans": [{"Node Type": "Nested Loop", "Parent Relationship": "Outer", "Join Type": "Inner", "Startup Cost": 0.0, "Total Cost": 165129.68, "Plan Rows": 201, "Plan Width": 8, "Inner Unique": true, "Join Filter": "(mc.company_type_id = ct.id)", "Plans": [{"Node Type": "Streaming(type: LOCAL GATHER dop: 1/16)", "Parent Relationship": "Outer", "Startup Cost": 0.0, "Total Cost": 165113.12, "Plan Rows": 345, "Plan Width": 12, "Plans": [{"Node Type": "Nested Loop", "Parent Relationship": "Outer", "Join Type": "Inner", "Startup Cost": 0.0, "Total Cost": 165105.67, "Plan Rows": 345, "Plan Width": 12, "Inner Unique": false, "Join Filter": "(mc.company_id = cn.id)", "Plans": [{"Node Type": "Streaming(type: LOCAL REDISTRIBUTE dop: 16/1)", "Parent Relationship": "Outer", "Startup Cost": 0.0, "Total Cost": 24444.99, "Plan Rows": 85170, "Plan Width": 4, "Plans": [{"Node Type": "Seq Scan", "Parent Relationship": "Outer", "Relation Name": "company_name", "Alias": "cn", "Startup Cost": 0.0, "Total Cost": 5903.45, "Plan Rows": 85170, "Plan Width": 4, "Filter": "((country_code)::text = '[us]'::text)"}]}, {"Node Type": "Materialize", "Parent Relationship": "Inner", "Startup Cost": 0.0, "Total Cost": 138614.67, "Plan Rows": 410, "Plan Width": 16, "Plans": [{"Node Type": "Streaming(type: LOCAL REDISTRIBUTE dop: 16/16)", "Parent Relationship": "Outer", "Startup Cost": 0.0, "Total Cost": 138614.54, "Plan Rows": 410, "Plan Width": 16, "Plans": [{"Node Type": "Nested Loop", "Parent Relationship": "Outer", "Join Type": "Inner", "Startup Cost": 0.0, "Total Cost": 123612.99, "Plan Rows": 410, "Plan Width": 16, "Inner Unique": false, "Join Filter": "(mi.movie_id = mc.movie_id)", "Plans": [{"Node Type": "Streaming(type: LOCAL REDISTRIBUTE dop: 16/1)", "Parent Relationship": "Outer", "Startup Cost": 0.0, "Total Cost": 51352.89, "Plan Rows": 192, "Plan Width": 4, "Plans": [{"Node Type": "Nested Loop", "Parent Relationship": "Outer", "Join Type": "Inner", "Startup Cost": 0.0, "Total Cost": 36344.91, "Plan Rows": 192, "Plan Width": 4, "Inner Unique": false, "Join Filter": "(it1.id = mi.info_type_id)", "Plans": [{"Node Type": "Seq Scan", "Parent Relationship": "Outer", "Relation Name": "info_type", "Alias": "it1", "Startup Cost": 0.0, "Total Cost": 2.4, "Plan Rows": 1, "Plan Width": 4, "Filter": "((info)::text = 'release dates'::text)"}, {"Node Type": "Materialize", "Parent Relationship": "Inner", "Startup Cost": 0.0, "Total Cost": 36208.32, "Plan Rows": 13419, "Plan Width": 8, "Plans": [{"Node Type": "Streaming(type: LOCAL GATHER dop: 1/16)", "Parent Relationship": "Outer", "Startup Cost": 0.0, "Total Cost": 36174.77, "Plan Rows": 13419, "Plan Width": 8, "Plans": [{"Node Type": "Seq Scan", "Parent Relationship": "Outer", "Relation Name": "movie_info", "Alias": "mi", "Startup Cost": 0.0, "Total Cost": 35885.16, "Plan Rows": 13419, "Plan Width": 8, "Filter": "((note)::text ~~ '%internet%'::text)"}]}]}]}]}, {"Node Type": "Materialize", "Parent Relationship": "Inner", "Startup Cost": 0.0, "Total Cost": 43315.08, "Plan Rows": 2609128, "Plan Width": 12, "Plans": [{"Node Type": "Streaming(type: LOCAL REDISTRIBUTE dop: 16/16)", "Parent Relationship": "Outer", "Startup Cost": 0.0, "Total Cost": 42499.73, "Plan Rows": 2609128, "Plan Width": 12, "Plans": [{"Node Type": "Seq Scan", "Parent Relationship": "Outer", "Relation Name": "movie_companies", "Alias": "mc", "Startup Cost": 0.0, "Total Cost": 17613.58, "Plan Rows": 2609128, "Plan Width": 12}]}]}]}]}]}]}]}, {"Node Type": "Materialize", "Parent Relationship": "Inner", "Startup Cost": 0.0, "Total Cost": 1.04, "Plan Rows": 3, "Plan Width": 4, "Plans": [{"Node Type": "Seq Scan", "Parent Relationship": "Outer", "Relation Name": "company_type", "Alias": "ct", "Startup Cost": 0.0, "Total Cost": 1.03, "Plan Rows": 3, "Plan Width": 4}]}]}]}]}]}]}]}]}]}]}]}]}]}]}]}]}]}, "Unique SQL Id": 2302223328, "Planner Runtime": 76}, "explain_analyze_plan": null}, "(16, 127)": {"explain_plan": {"Plan": {"Node Type": "Aggregate", "Strategy": "Plain", "Startup Cost": 9000196088641.51, "Total Cost": 9000196088641.52, "Plan Rows": 1, "Plan Width": 102, "Plans": [{"Node Type": "Nested Loop", "Parent Relationship": "Outer", "Join Type": "Inner", "Startup Cost": 90000000000.0, "Total Cost": 9000196088607.32, "Plan Rows": 6838, "Plan Width": 38, "Inner Unique": false, "Join Filter": "(t.id = at.movie_id)", "Plans": [{"Node Type": "Nested Loop", "Parent Relationship": "Outer", "Join Type": "Inner", "Startup Cost": 80000000000.0, "Total Cost": 8000181860101.8, "Plan Rows": 2257, "Plan Width": 33, "Inner Unique": true, "Join Filter": "(mk.keyword_id = k.id)", "Plans": [{"Node Type": "Nested Loop", "Parent Relationship": "Outer", "Join Type": "Inner", "Startup Cost": 70000000000.0, "Total Cost": 7000177032745.45, "Plan Rows": 2257, "Plan Width": 37, "Inner Unique": false, "Join Filter": "(t.id = mk.movie_id)", "Plans": [{"Node Type": "Index Scan", "Parent Relationship": "Outer", "Scan Direction": "Forward", "Index Name": "movie_id_movie_keyword", "Relation Name": "movie_keyword", "Alias": "mk", "Startup Cost": 10000000000.0, "Total Cost": 1000015300634.17, "Plan Rows": 4523929, "Plan Width": 8}, {"Node Type": "Materialize", "Parent Relationship": "Inner", "Startup Cost": 60000000000.0, "Total Cost": 6000142867328.05, "Plan Rows": 278, "Plan Width": 29, "Plans": [{"Node Type": "Nested Loop", "Parent Relationship": "Outer", "Join Type": "Inner", "Startup Cost": 60000000000.0, "Total Cost": 6000142867326.66, "Plan Rows": 278, "Plan Width": 29, "Inner Unique": false, "Join Filter": "(mi.movie_id = t.id)", "Plans": [{"Node Type": "Index Scan", "Parent Relationship": "Outer", "Scan Direction": "Forward", "Index Name": "title_pkey", "Relation Name": "title", "Alias": "t", "Startup Cost": 10000000000.0, "Total Cost": 1000011644126.66, "Plan Rows": 1748840, "Plan Width": 21, "Filter": "(production_year > 1990), (LLVM Optimized)"}, {"Node Type": "Materialize", "Parent Relationship": "Inner", "Startup Cost": 50000000000.0, "Total Cost": 5000125950447.9, "Plan Rows": 201, "Plan Width": 8, "Plans": [{"Node Type": "Nested Loop", "Parent Relationship": "Outer", "Join Type": "Inner", "Startup Cost": 50000000000.0, "Total Cost": 5000125950446.89, "Plan Rows": 201, "Plan Width": 8, "Inner Unique": true, "Join Filter": "(mc.company_type_id = ct.id)", "Plans": [{"Node Type": "Nested Loop", "Parent Relationship": "Outer", "Join Type": "Inner", "Startup Cost": 40000000000.0, "Total Cost": 4000125949201.86, "Plan Rows": 345, "Plan Width": 12, "Inner Unique": true, "Join Filter": "(mc.company_id = cn.id)", "Plans": [{"Node Type": "Nested Loop", "Parent Relationship": "Outer", "Join Type": "Inner", "Startup Cost": 30000000000.0, "Total Cost": 3000124375054.46, "Plan Rows": 410, "Plan Width": 16, "Inner Unique": false, "Join Filter": "(mi.movie_id = mc.movie_id)", "Plans": [{"Node Type": "Nested Loop", "Parent Relationship": "Outer", "Join Type": "Inner", "Startup Cost": 20000000000.0, "Total Cost": 2000107536026.0, "Plan Rows": 192, "Plan Width": 4, "Inner Unique": true, "Join Filter": "(it1.id = mi.info_type_id)", "Plans": [{"Node Type": "Index Scan", "Parent Relationship": "Outer", "Scan Direction": "Forward", "Index Name": "movie_id_movie_info", "Relation Name": "movie_info", "Alias": "mi", "Startup Cost": 10000000000.0, "Total Cost": 1000107534403.72, "Plan Rows": 13419, "Plan Width": 8, "Filter": "((note)::text ~~ '%internet%'::text)"}, {"Node Type": "Materialize", "Parent Relationship": "Inner", "Startup Cost": 10000000000.0, "Total Cost": 1000000001421.0, "Plan Rows": 1, "Plan Width": 4, "Plans": [{"Node Type": "Index Scan", "Parent Relationship": "Outer", "Scan Direction": "Forward", "Index Name": "info_type_pkey", "Relation Name": "info_type", "Alias": "it1", "Startup Cost": 10000000000.0, "Total Cost": 1000000001421.0, "Plan Rows": 1, "Plan Width": 4, "Filter": "((info)::text = 'release dates'::text)"}]}]}, {"Node Type": "Materialize", "Parent Relationship": "Inner", "Startup Cost": 10000000000.0, "Total Cost": 1000009331262.64, "Plan Rows": 2609128, "Plan Width": 12, "Plans": [{"Node Type": "Index Scan", "Parent Relationship": "Outer", "Scan Direction": "Forward", "Index Name": "company_type_id_movie_companies", "Relation Name": "movie_companies", "Alias": "mc", "Startup Cost": 10000000000.0, "Total Cost": 1000009318217.0, "Plan Rows": 2609128, "Plan Width": 12}]}]}, {"Node Type": "Materialize", "Parent Relationship": "Inner", "Startup Cost": 10000000000.0, "Total Cost": 1000001050564.82, "Plan Rows": 85170, "Plan Width": 4, "Plans": [{"Node Type": "Index Scan", "Parent Relationship": "Outer", "Scan Direction": "Forward", "Index Name": "company_name_pkey", "Relation Name": "company_name", "Alias": "cn", "Startup Cost": 10000000000.0, "Total Cost": 1000001050138.97, "Plan Rows": 85170, "Plan Width": 4, "Filter": "((country_code)::text = '[us]'::text)"}]}]}, {"Node Type": "Materialize", "Parent Relationship": "Inner", "Startup Cost": 10000000000.0, "Total Cost": 1000000001229.52, "Plan Rows": 3, "Plan Width": 4, "Plans": [{"Node Type": "Index Scan", "Parent Relationship": "Outer", "Scan Direction": "Forward", "Index Name": "company_type_pkey", "Relation Name": "company_type", "Alias": "ct", "Startup Cost": 10000000000.0, "Total Cost": 1000000001229.5, "Plan Rows": 3, "Plan Width": 4}]}]}]}]}]}]}, {"Node Type": "Materialize", "Parent Relationship": "Inner", "Startup Cost": 10000000000.0, "Total Cost": 1000000285400.28, "Plan Rows": 134169, "Plan Width": 4, "Plans": [{"Node Type": "Index Scan", "Parent Relationship": "Outer", "Scan Direction": "Forward", "Index Name": "keyword_pkey", "Relation Name": "keyword", "Alias": "k", "Startup Cost": 10000000000.0, "Total Cost": 1000000284729.43, "Plan Rows": 134169, "Plan Width": 4}]}]}, {"Node Type": "Materialize", "Parent Relationship": "Inner", "Startup Cost": 10000000000.0, "Total Cost": 1000001991808.49, "Plan Rows": 361471, "Plan Width": 25, "Plans": [{"Node Type": "Index Scan", "Parent Relationship": "Outer", "Scan Direction": "Forward", "Index Name": "movie_id_aka_title", "Relation Name": "aka_title", "Alias": "at", "Startup Cost": 10000000000.0, "Total Cost": 1000001990001.13, "Plan Rows": 361471, "Plan Width": 25}]}]}]}, "Unique SQL Id": 2302223328, "Planner Runtime": 34}, "explain_analyze_plan": null}, "(64, 0)": {"explain_plan": {"Plan": {"Node Type": "Aggregate", "Strategy": "Plain", "Startup Cost": 72485.14, "Total Cost": 72485.15, "Plan Rows": 1, "Plan Width": 102, "Plans": [{"Node Type": "Nested Loop", "Parent Relationship": "Outer", "Join Type": "Inner", "Startup Cost": 0.0, "Total Cost": 72449.93, "Plan Rows": 7042, "Plan Width": 38, "Inner Unique": true, "Plans": [{"Node Type": "Nested Loop", "Parent Relationship": "Outer", "Join Type": "Inner", "Startup Cost": 0.0, "Total Cost": 70478.1, "Plan Rows": 7042, "Plan Width": 42, "Inner Unique": false, "Join Filter": "(t.id = mk.movie_id)", "Plans": [{"Node Type": "Nested Loop", "Parent Relationship": "Outer", "Join Type": "Inner", "Startup Cost": 0.0, "Total Cost": 69987.12, "Plan Rows": 873, "Plan Width": 54, "Inner Unique": true, "Join Filter": "(at.movie_id = t.id)", "Plans": [{"Node Type": "Nested Loop", "Parent Relationship": "Outer", "Join Type": "Inner", "Startup Cost": 0.0, "Total Cost": 69765.04, "Plan Rows": 630, "Plan Width": 33, "Inner Unique": true, "Join Filter": "(mc.company_type_id = ct.id)", "Plans": [{"Node Type": "Nested Loop", "Parent Relationship": "Outer", "Join Type": "Inner", "Startup Cost": 0.0, "Total Cost": 69735.65, "Plan Rows": 630, "Plan Width": 37, "Inner Unique": true, "Plans": [{"Node Type": "Nested Loop", "Parent Relationship": "Outer", "Join Type": "Inner", "Startup Cost": 0.0, "Total Cost": 69433.03, "Plan Rows": 1052, "Plan Width": 41, "Inner Unique": false, "Plans": [{"Node Type": "Nested Loop", "Parent Relationship": "Outer", "Join Type": "Inner", "Startup Cost": 0.0, "Total Cost": 69143.95, "Plan Rows": 490, "Plan Width": 29, "Inner Unique": false, "Plans": [{"Node Type": "Nested Loop", "Parent Relationship": "Outer", "Join Type": "Inner", "Startup Cost": 0.0, "Total Cost": 68668.26, "Plan Rows": 192, "Plan Width": 4, "Inner Unique": false, "Join Filter": "(it1.id = mi.info_type_id)", "Plans": [{"Node Type": "Seq Scan", "Parent Relationship": "Outer", "Relation Name": "info_type", "Alias": "it1", "Startup Cost": 0.0, "Total Cost": 2.4, "Plan Rows": 1, "Plan Width": 4, "Filter": "((info)::text = 'release dates'::text)"}, {"Node Type": "Materialize", "Parent Relationship": "Inner", "Startup Cost": 0.0, "Total Cost": 68531.67, "Plan Rows": 13419, "Plan Width": 8, "Plans": [{"Node Type": "Streaming(type: LOCAL GATHER dop: 1/64)", "Parent Relationship": "Outer", "Startup Cost": 0.0, "Total Cost": 68498.12, "Plan Rows": 13419, "Plan Width": 8, "Plans": [{"Node Type": "Seq Scan", "Parent Relationship": "Outer", "Relation Name": "movie_info", "Alias": "mi", "Startup Cost": 0.0, "Total Cost": 68221.29, "Plan Rows": 13419, "Plan Width": 8, "Filter": "((note)::text ~~ '%internet%'::text)"}]}]}]}, {"Node Type": "Index Scan", "Parent Relationship": "Inner", "Scan Direction": "Forward", "Index Name": "movie_id_aka_title", "Relation Name": "aka_title", "Alias": "at", "Startup Cost": 0.0, "Total Cost": 2.45, "Plan Rows": 3, "Plan Width": 25, "Index Cond": "(movie_id = mi.movie_id)"}]}, {"Node Type": "Index Scan", "Parent Relationship": "Inner", "Scan Direction": "Forward", "Index Name": "movie_id_movie_companies", "Relation Name": "movie_companies", "Alias": "mc", "Startup Cost": 0.0, "Total Cost": 0.57, "Plan Rows": 2, "Plan Width": 12, "Index Cond": "(movie_id = at.movie_id)"}]}, {"Node Type": "Index Scan", "Parent Relationship": "Inner", "Scan Direction": "Forward", "Index Name": "company_name_pkey", "Relation Name": "company_name", "Alias": "cn", "Startup Cost": 0.0, "Total Cost": 0.28, "Plan Rows": 1, "Plan Width": 4, "Index Cond": "(id = mc.company_id)", "Filter": "((country_code)::text = '[us]'::text)"}]}, {"Node Type": "Materialize", "Parent Relationship": "Inner", "Startup Cost": 0.0, "Total Cost": 1.04, "Plan Rows": 3, "Plan Width": 4, "Plans": [{"Node Type": "Seq Scan", "Parent Relationship": "Outer", "Relation Name": "company_type", "Alias": "ct", "Startup Cost": 0.0, "Total Cost": 1.03, "Plan Rows": 3, "Plan Width": 4}]}]}, {"Node Type": "Index Scan", "Parent Relationship": "Inner", "Scan Direction": "Forward", "Index Name": "title_pkey", "Relation Name": "title", "Alias": "t", "Startup Cost": 0.0, "Total Cost": 0.34, "Plan Rows": 1, "Plan Width": 21, "Index Cond": "(id = mc.movie_id)", "Filter": "(production_year > 1990)"}]}, {"Node Type": "Index Scan", "Parent Relationship": "Inner", "Scan Direction": "Forward", "Index Name": "movie_id_movie_keyword", "Relation Name": "movie_keyword", "Alias": "mk", "Startup Cost": 0.0, "Total Cost": 0.46, "Plan Rows": 8, "Plan Width": 8, "Index Cond": "(movie_id = mc.movie_id)"}]}, {"Node Type": "Index Only Scan", "Parent Relationship": "Inner", "Scan Direction": "Forward", "Index Name": "keyword_pkey", "Relation Name": "keyword", "Alias": "k", "Startup Cost": 0.0, "Total Cost": 0.27, "Plan Rows": 1, "Plan Width": 4, "Index Cond": "(id = mk.keyword_id)"}]}]}, "Unique SQL Id": 2302223328, "Planner Runtime": 234}, "explain_analyze_plan": {"Plan": {"Node Type": "Aggregate", "Strategy": "Plain", "Startup Cost": 72485.14, "Total Cost": 72485.15, "Plan Rows": 1, "Plan Width": 102, "Actual Min Startup Time": 255.152, "Actual Max Startup Time": 255.152, "Actual Min Total Time": 255.152, "Actual Max Total Time": 255.152, "Plans": [{"Node Type": "Nested Loop", "Parent Relationship": "Outer", "Join Type": "Inner", "Startup Cost": 0.0, "Total Cost": 72449.93, "Plan Rows": 7042, "Plan Width": 38, "Actual Min Startup Time": 175.424, "Actual Max Startup Time": 175.424, "Actual Min Total Time": 252.499, "Actual Max Total Time": 252.499, "Inner Unique": true, "Plans": [{"Node Type": "Nested Loop", "Parent Relationship": "Outer", "Join Type": "Inner", "Startup Cost": 0.0, "Total Cost": 70478.1, "Plan Rows": 7042, "Plan Width": 42, "Actual Min Startup Time": 175.411, "Actual Max Startup Time": 175.411, "Actual Min Total Time": 238.169, "Actual Max Total Time": 238.169, "Inner Unique": false, "Join Filter": "(t.id = mk.movie_id)", "Rows Removed by Join Filter": 0, "Plans": [{"Node Type": "Nested Loop", "Parent Relationship": "Outer", "Join Type": "Inner", "Startup Cost": 0.0, "Total Cost": 69987.12, "Plan Rows": 873, "Plan Width": 54, "Actual Min Startup Time": 175.237, "Actual Max Startup Time": 175.237, "Actual Min Total Time": 232.136, "Actual Max Total Time": 232.136, "Inner Unique": true, "Join Filter": "(at.movie_id = t.id)", "Rows Removed by Join Filter": 0, "Plans": [{"Node Type": "Nested Loop", "Parent Relationship": "Outer", "Join Type": "Inner", "Startup Cost": 0.0, "Total Cost": 69765.04, "Plan Rows": 630, "Plan Width": 33, "Actual Min Startup Time": 175.216, "Actual Max Startup Time": 175.216, "Actual Min Total Time": 229.541, "Actual Max Total Time": 229.541, "Inner Unique": true, "Join Filter": "(mc.company_type_id = ct.id)", "Rows Removed by Join Filter": 1542, "Plans": [{"Node Type": "Nested Loop", "Parent Relationship": "Outer", "Join Type": "Inner", "Startup Cost": 0.0, "Total Cost": 69735.65, "Plan Rows": 630, "Plan Width": 37, "Actual Min Startup Time": 175.199, "Actual Max Startup Time": 175.199, "Actual Min Total Time": 228.633, "Actual Max Total Time": 228.633, "Inner Unique": true, "Plans": [{"Node Type": "Nested Loop", "Parent Relationship": "Outer", "Join Type": "Inner", "Startup Cost": 0.0, "Total Cost": 69433.03, "Plan Rows": 1052, "Plan Width": 41, "Actual Min Startup Time": 175.177, "Actual Max Startup Time": 175.177, "Actual Min Total Time": 218.567, "Actual Max Total Time": 218.567, "Inner Unique": false, "Plans": [{"Node Type": "Nested Loop", "Parent Relationship": "Outer", "Join Type": "Inner", "Startup Cost": 0.0, "Total Cost": 69143.95, "Plan Rows": 490, "Plan Width": 29, "Actual Min Startup Time": 175.163, "Actual Max Startup Time": 175.163, "Actual Min Total Time": 213.28, "Actual Max Total Time": 213.28, "Inner Unique": false, "Plans": [{"Node Type": "Nested Loop", "Parent Relationship": "Outer", "Join Type": "Inner", "Startup Cost": 0.0, "Total Cost": 68668.26, "Plan Rows": 192, "Plan Width": 4, "Actual Min Startup Time": 175.076, "Actual Max Startup Time": 175.076, "Actual Min Total Time": 180.827, "Actual Max Total Time": 180.827, "Inner Unique": false, "Join Filter": "(it1.id = mi.info_type_id)", "Rows Removed by Join Filter": 131, "Plans": [{"Node Type": "Seq Scan", "Parent Relationship": "Outer", "Relation Name": "info_type", "Alias": "it1", "Startup Cost": 0.0, "Total Cost": 2.4, "Plan Rows": 1, "Plan Width": 4, "Actual Min Startup Time": 0.063, "Actual Max Startup Time": 0.063, "Actual Min Total Time": 0.09, "Actual Max Total Time": 0.09, "Filter": "((info)::text = 'release dates'::text)", "Rows Removed by Filter": 111, "Actual Rows": 1}, {"Node Type": "Materialize", "Parent Relationship": "Inner", "Startup Cost": 0.0, "Total Cost": 68531.67, "Plan Rows": 13419, "Plan Width": 8, "Actual Min Startup Time": 174.986, "Actual Max Startup Time": 174.986, "Actual Min Total Time": 176.592, "Actual Max Total Time": 176.592, "Plans": [{"Node Type": "Streaming(type: LOCAL GATHER dop: 1/64)", "Parent Relationship": "Outer", "Startup Cost": 0.0, "Total Cost": 68498.12, "Plan Rows": 13419, "Plan Width": 8, "Actual Min Startup Time": 64.89, "Actual Max Startup Time": 64.89, "Actual Min Total Time": 173.069, "Actual Max Total Time": 173.069, "Plans": [{"Node Type": "Seq Scan", "Parent Relationship": "Outer", "Relation Name": "movie_info", "Alias": "mi", "Startup Cost": 0.0, "Total Cost": 68221.29, "Plan Rows": 13419, "Plan Width": 8, "Actual Min Startup Time": 0.106, "Actual Max Startup Time": 40.781, "Actual Min Total Time": 60.185, "Actual Max Total Time": 84.855, "Filter": "((note)::text ~~ '%internet%'::text)", "Rows Removed by Filter": 14824909, "Actual Rows": 10810}], "Actual Rows": 10810}], "Actual Rows": 10811}], "Actual Rows": 10679}, {"Node Type": "Index Scan", "Parent Relationship": "Inner", "Scan Direction": "Forward", "Index Name": "movie_id_aka_title", "Relation Name": "aka_title", "Alias": "at", "Startup Cost": 0.0, "Total Cost": 2.45, "Plan Rows": 3, "Plan Width": 25, "Actual Min Startup Time": 27.012, "Actual Max Startup Time": 27.012, "Actual Min Total Time": 27.515, "Actual Max Total Time": 27.515, "Index Cond": "(movie_id = mi.movie_id)", "Rows Removed by Index Recheck": 0, "Actual Rows": 591}], "Actual Rows": 591}, {"Node Type": "Index Scan", "Parent Relationship": "Inner", "Scan Direction": "Forward", "Index Name": "movie_id_movie_companies", "Relation Name": "movie_companies", "Alias": "mc", "Startup Cost": 0.0, "Total Cost": 0.57, "Plan Rows": 2, "Plan Width": 12, "Actual Min Startup Time": 3.097, "Actual Max Startup Time": 3.097, "Actual Min Total Time": 4.477, "Actual Max Total Time": 4.477, "Index Cond": "(movie_id = at.movie_id)", "Rows Removed by Index Recheck": 0, "Actual Rows": 2130}], "Actual Rows": 2130}, {"Node Type": "Index Scan", "Parent Relationship": "Inner", "Scan Direction": "Forward", "Index Name": "company_name_pkey", "Relation Name": "company_name", "Alias": "cn", "Startup Cost": 0.0, "Total Cost": 0.28, "Plan Rows": 1, "Plan Width": 4, "Actual Min Startup Time": 8.666, "Actual Max Startup Time": 8.666, "Actual Min Total Time": 8.666, "Actual Max Total Time": 8.666, "Index Cond": "(id = mc.company_id)", "Rows Removed by Index Recheck": 0, "Filter": "((country_code)::text = '[us]'::text)", "Rows Removed by Filter": 1234, "Actual Rows": 896}], "Actual Rows": 896}, {"Node Type": "Materialize", "Parent Relationship": "Inner", "Startup Cost": 0.0, "Total Cost": 1.04, "Plan Rows": 3, "Plan Width": 4, "Actual Min Startup Time": 0.108, "Actual Max Startup Time": 0.108, "Actual Min Total Time": 0.257, "Actual Max Total Time": 0.257, "Plans": [{"Node Type": "Seq Scan", "Parent Relationship": "Outer", "Relation Name": "company_type", "Alias": "ct", "Startup Cost": 0.0, "Total Cost": 1.03, "Plan Rows": 3, "Plan Width": 4, "Actual Min Startup Time": 0.008, "Actual Max Startup Time": 0.008, "Actual Min Total Time": 0.01, "Actual Max Total Time": 0.01, "Actual Rows": 3}], "Actual Rows": 1924}], "Actual Rows": 382}, {"Node Type": "Index Scan", "Parent Relationship": "Inner", "Scan Direction": "Forward", "Index Name": "title_pkey", "Relation Name": "title", "Alias": "t", "Startup Cost": 0.0, "Total Cost": 0.34, "Plan Rows": 1, "Plan Width": 21, "Actual Min Startup Time": 2.107, "Actual Max Startup Time": 2.107, "Actual Min Total Time": 2.107, "Actual Max Total Time": 2.107, "Index Cond": "(id = mc.movie_id)", "Rows Removed by Index Recheck": 0, "Filter": "(production_year > 1990)", "Rows Removed by Filter": 0, "Actual Rows": 382}], "Actual Rows": 382}, {"Node Type": "Index Scan", "Parent Relationship": "Inner", "Scan Direction": "Forward", "Index Name": "movie_id_movie_keyword", "Relation Name": "movie_keyword", "Alias": "mk", "Startup Cost": 0.0, "Total Cost": 0.46, "Plan Rows": 8, "Plan Width": 8, "Actual Min Startup Time": 2.014, "Actual Max Startup Time": 2.014, "Actual Min Total Time": 4.09, "Actual Max Total Time": 4.09, "Index Cond": "(movie_id = mc.movie_id)", "Rows Removed by Index Recheck": 0, "Actual Rows": 4371}], "Actual Rows": 4371}, {"Node Type": "Index Only Scan", "Parent Relationship": "Inner", "Scan Direction": "Forward", "Index Name": "keyword_pkey", "Relation Name": "keyword", "Alias": "k", "Startup Cost": 0.0, "Total Cost": 0.27, "Plan Rows": 1, "Plan Width": 4, "Actual Min Startup Time": 11.377, "Actual Max Startup Time": 11.377, "Actual Min Total Time": 11.377, "Actual Max Total Time": 11.377, "Index Cond": "(id = mk.keyword_id)", "Rows Removed by Index Recheck": 0, "Heap Fetches": 0, "Actual Rows": 4371}], "Actual Rows": 4371}], "Actual Rows": 1}, "Triggers": [], "Planner Runtime": 235, "Total Runtime": 266.769, "Unique SQL Id": 2302223328}}, "(64, 1)": {"explain_plan": {"Plan": {"Node Type": "Aggregate", "Strategy": "Plain", "Startup Cost": 167720.04, "Total Cost": 167720.05, "Plan Rows": 1, "Plan Width": 102, "Plans": [{"Node Type": "Nested Loop", "Parent Relationship": "Outer", "Join Type": "Inner", "Startup Cost": 4841.51, "Total Cost": 167684.83, "Plan Rows": 7042, "Plan Width": 38, "Inner Unique": true, "Plans": [{"Node Type": "Nested Loop", "Parent Relationship": "Outer", "Join Type": "Inner", "Startup Cost": 4841.51, "Total Cost": 165712.99, "Plan Rows": 7042, "Plan Width": 42, "Inner Unique": false, "Join Filter": "(t.id = mk.movie_id)", "Plans": [{"Node Type": "Nested Loop", "Parent Relationship": "Outer", "Join Type": "Inner", "Startup Cost": 4841.51, "Total Cost": 165222.02, "Plan Rows": 873, "Plan Width": 54, "Inner Unique": true, "Join Filter": "(at.movie_id = t.id)", "Plans": [{"Node Type": "Nested Loop", "Parent Relationship": "Outer", "Join Type": "Inner", "Startup Cost": 4841.51, "Total Cost": 164999.93, "Plan Rows": 630, "Plan Width": 33, "Inner Unique": true, "Join Filter": "(mc.company_type_id = ct.id)", "Plans": [{"Node Type": "Nested Loop", "Parent Relationship": "Outer", "Join Type": "Inner", "Startup Cost": 4841.51, "Total Cost": 164963.28, "Plan Rows": 630, "Plan Width": 37, "Inner Unique": true, "Plans": [{"Node Type": "Nested Loop", "Parent Relationship": "Outer", "Join Type": "Inner", "Startup Cost": 4841.51, "Total Cost": 164660.66, "Plan Rows": 1052, "Plan Width": 41, "Inner Unique": false, "Plans": [{"Node Type": "Nested Loop", "Parent Relationship": "Outer", "Join Type": "Inner", "Startup Cost": 4841.51, "Total Cost": 164371.58, "Plan Rows": 490, "Plan Width": 29, "Inner Unique": false, "Plans": [{"Node Type": "Nested Loop", "Parent Relationship": "Outer", "Join Type": "Inner", "Startup Cost": 4841.51, "Total Cost": 163895.89, "Plan Rows": 192, "Plan Width": 4, "Inner Unique": false, "Plans": [{"Node Type": "Index Scan", "Parent Relationship": "Outer", "Scan Direction": "Forward", "Index Name": "info_type_pkey", "Relation Name": "info_type", "Alias": "it1", "Startup Cost": 0.0, "Total Cost": 14.21, "Plan Rows": 1, "Plan Width": 4, "Filter": "((info)::text = 'release dates'::text)"}, {"Node Type": "Bitmap Heap Scan", "Parent Relationship": "Inner", "Relation Name": "movie_info", "Alias": "mi", "Startup Cost": 4841.51, "Total Cost": 163879.76, "Plan Rows": 192, "Plan Width": 8, "Recheck Cond": "(info_type_id = it1.id)", "Filter": "((note)::text ~~ '%internet%'::text)", "Plans": [{"Node Type": "Bitmap Index Scan", "Parent Relationship": "Outer", "Index Name": "info_type_id_movie_info", "Startup Cost": 0.0, "Total Cost": 4841.46, "Plan Rows": 212428, "Plan Width": 0, "Index Cond": "(info_type_id = it1.id)"}]}]}, {"Node Type": "Index Scan", "Parent Relationship": "Inner", "Scan Direction": "Forward", "Index Name": "movie_id_aka_title", "Relation Name": "aka_title", "Alias": "at", "Startup Cost": 0.0, "Total Cost": 2.45, "Plan Rows": 3, "Plan Width": 25, "Index Cond": "(movie_id = mi.movie_id)"}]}, {"Node Type": "Index Scan", "Parent Relationship": "Inner", "Scan Direction": "Forward", "Index Name": "movie_id_movie_companies", "Relation Name": "movie_companies", "Alias": "mc", "Startup Cost": 0.0, "Total Cost": 0.57, "Plan Rows": 2, "Plan Width": 12, "Index Cond": "(movie_id = at.movie_id)"}]}, {"Node Type": "Index Scan", "Parent Relationship": "Inner", "Scan Direction": "Forward", "Index Name": "company_name_pkey", "Relation Name": "company_name", "Alias": "cn", "Startup Cost": 0.0, "Total Cost": 0.28, "Plan Rows": 1, "Plan Width": 4, "Index Cond": "(id = mc.company_id)", "Filter": "((country_code)::text = '[us]'::text)"}]}, {"Node Type": "Materialize", "Parent Relationship": "Inner", "Startup Cost": 0.0, "Total Cost": 8.31, "Plan Rows": 3, "Plan Width": 4, "Plans": [{"Node Type": "Index Only Scan", "Parent Relationship": "Outer", "Scan Direction": "Forward", "Index Name": "company_type_pkey", "Relation Name": "company_type", "Alias": "ct", "Startup Cost": 0.0, "Total Cost": 8.29, "Plan Rows": 3, "Plan Width": 4}]}]}, {"Node Type": "Index Scan", "Parent Relationship": "Inner", "Scan Direction": "Forward", "Index Name": "title_pkey", "Relation Name": "title", "Alias": "t", "Startup Cost": 0.0, "Total Cost": 0.34, "Plan Rows": 1, "Plan Width": 21, "Index Cond": "(id = mc.movie_id)", "Filter": "(production_year > 1990)"}]}, {"Node Type": "Index Scan", "Parent Relationship": "Inner", "Scan Direction": "Forward", "Index Name": "movie_id_movie_keyword", "Relation Name": "movie_keyword", "Alias": "mk", "Startup Cost": 0.0, "Total Cost": 0.46, "Plan Rows": 8, "Plan Width": 8, "Index Cond": "(movie_id = mc.movie_id)"}]}, {"Node Type": "Index Only Scan", "Parent Relationship": "Inner", "Scan Direction": "Forward", "Index Name": "keyword_pkey", "Relation Name": "keyword", "Alias": "k", "Startup Cost": 0.0, "Total Cost": 0.27, "Plan Rows": 1, "Plan Width": 4, "Index Cond": "(id = mk.keyword_id)"}]}]}, "Unique SQL Id": 2302223328, "Planner Runtime": 184}, "explain_analyze_plan": null}, "(64, 2)": {"explain_plan": {"Plan": {"Node Type": "Aggregate", "Strategy": "Plain", "Startup Cost": 83492.94, "Total Cost": 83492.95, "Plan Rows": 1, "Plan Width": 102, "Plans": [{"Node Type": "Hash Join", "Parent Relationship": "Outer", "Join Type": "Inner", "Startup Cost": 3781.54, "Total Cost": 83457.73, "Plan Rows": 7042, "Plan Width": 38, "Inner Unique": true, "Hash Cond": "(mk.keyword_id = k.id)", "Plans": [{"Node Type": "Nested Loop", "Parent Relationship": "Outer", "Join Type": "Inner", "Startup Cost": 3.73, "Total Cost": 79584.49, "Plan Rows": 7042, "Plan Width": 42, "Inner Unique": false, "Join Filter": "(t.id = mk.movie_id)", "Plans": [{"Node Type": "Nested Loop", "Parent Relationship": "Outer", "Join Type": "Inner", "Startup Cost": 3.4, "Total Cost": 75622.79, "Plan Rows": 873, "Plan Width": 54, "Inner Unique": false, "Join Filter": "(t.id = at.movie_id)", "Plans": [{"Node Type": "Nested Loop", "Parent Relationship": "Outer", "Join Type": "Inner", "Startup Cost": 3.12, "Total Cost": 73543.67, "Plan Rows": 478, "Plan Width": 29, "Inner Unique": true, "Join Filter": "(mc.company_type_id = ct.id)", "Plans": [{"Node Type": "Nested Loop", "Parent Relationship": "Outer", "Join Type": "Inner", "Startup Cost": 3.12, "Total Cost": 73521.13, "Plan Rows": 478, "Plan Width": 33, "Inner Unique": true, "Plans": [{"Node Type": "Nested Loop", "Parent Relationship": "Outer", "Join Type": "Inner", "Startup Cost": 2.86, "Total Cost": 71088.18, "Plan Rows": 568, "Plan Width": 37, "Inner Unique": false, "Plans": [{"Node Type": "Nested Loop", "Parent Relationship": "Outer", "Join Type": "Inner", "Startup Cost": 2.58, "Total Cost": 69935.76, "Plan Rows": 266, "Plan Width": 25, "Inner Unique": true, "Plans": [{"Node Type": "Nested Loop", "Parent Relationship": "Outer", "Join Type": "Inner", "Startup Cost": 0.0, "Total Cost": 68668.26, "Plan Rows": 192, "Plan Width": 4, "Inner Unique": false, "Join Filter": "(it1.id = mi.info_type_id)", "Plans": [{"Node Type": "Seq Scan", "Parent Relationship": "Outer", "Relation Name": "info_type", "Alias": "it1", "Startup Cost": 0.0, "Total Cost": 2.4, "Plan Rows": 1, "Plan Width": 4, "Filter": "((info)::text = 'release dates'::text)"}, {"Node Type": "Materialize", "Parent Relationship": "Inner", "Startup Cost": 0.0, "Total Cost": 68531.67, "Plan Rows": 13419, "Plan Width": 8, "Plans": [{"Node Type": "Streaming(type: LOCAL GATHER dop: 1/64)", "Parent Relationship": "Outer", "Startup Cost": 0.0, "Total Cost": 68498.12, "Plan Rows": 13419, "Plan Width": 8, "Plans": [{"Node Type": "Seq Scan", "Parent Relationship": "Outer", "Relation Name": "movie_info", "Alias": "mi", "Startup Cost": 0.0, "Total Cost": 68221.29, "Plan Rows": 13419, "Plan Width": 8, "Filter": "((note)::text ~~ '%internet%'::text)"}]}]}]}, {"Node Type": "Bitmap Heap Scan", "Parent Relationship": "Inner", "Relation Name": "title", "Alias": "t", "Startup Cost": 2.58, "Total Cost": 6.59, "Plan Rows": 1, "Plan Width": 21, "Recheck Cond": "(id = mi.movie_id)", "Filter": "(production_year > 1990)", "Plans": [{"Node Type": "Bitmap Index Scan", "Parent Relationship": "Outer", "Index Name": "title_pkey", "Startup Cost": 0.0, "Total Cost": 2.58, "Plan Rows": 1, "Plan Width": 0, "Index Cond": "(id = mi.movie_id)"}]}]}, {"Node Type": "Bitmap Heap Scan", "Parent Relationship": "Inner", "Relation Name": "movie_companies", "Alias": "mc", "Startup Cost": 0.29, "Total Cost": 4.31, "Plan Rows": 2, "Plan Width": 12, "Recheck Cond": "(movie_id = t.id)", "Plans": [{"Node Type": "Bitmap Index Scan", "Parent Relationship": "Outer", "Index Name": "movie_id_movie_companies", "Startup Cost": 0.0, "Total Cost": 0.29, "Plan Rows": 2, "Plan Width": 0, "Index Cond": "(movie_id = t.id)"}]}]}, {"Node Type": "Bitmap Heap Scan", "Parent Relationship": "Inner", "Relation Name": "company_name", "Alias": "cn", "Startup Cost": 0.26, "Total Cost": 4.27, "Plan Rows": 1, "Plan Width": 4, "Recheck Cond": "(id = mc.company_id)", "Filter": "((country_code)::text = '[us]'::text)", "Plans": [{"Node Type": "Bitmap Index Scan", "Parent Relationship": "Outer", "Index Name": "company_name_pkey", "Startup Cost": 0.0, "Total Cost": 0.26, "Plan Rows": 1, "Plan Width": 0, "Index Cond": "(id = mc.company_id)"}]}]}, {"Node Type": "Materialize", "Parent Relationship": "Inner", "Startup Cost": 0.0, "Total Cost": 1.04, "Plan Rows": 3, "Plan Width": 4, "Plans": [{"Node Type": "Seq Scan", "Parent Relationship": "Outer", "Relation Name": "company_type", "Alias": "ct", "Startup Cost": 0.0, "Total Cost": 1.03, "Plan Rows": 3, "Plan Width": 4}]}]}, {"Node Type": "Bitmap Heap Scan", "Parent Relationship": "Inner", "Relation Name": "aka_title", "Alias": "at", "Startup Cost": 0.27, "Total Cost": 4.31, "Plan Rows": 3, "Plan Width": 25, "Recheck Cond": "(movie_id = mc.movie_id)", "Plans": [{"Node Type": "Bitmap Index Scan", "Parent Relationship": "Outer", "Index Name": "movie_id_aka_title", "Startup Cost": 0.0, "Total Cost": 0.27, "Plan Rows": 3, "Plan Width": 0, "Index Cond": "(movie_id = mc.movie_id)"}]}]}, {"Node Type": "Bitmap Heap Scan", "Parent Relationship": "Inner", "Relation Name": "movie_keyword", "Alias": "mk", "Startup Cost": 0.34, "Total Cost": 4.44, "Plan Rows": 8, "Plan Width": 8, "Recheck Cond": "(movie_id = mc.movie_id)", "Plans": [{"Node Type": "Bitmap Index Scan", "Parent Relationship": "Outer", "Index Name": "movie_id_movie_keyword", "Startup Cost": 0.0, "Total Cost": 0.34, "Plan Rows": 8, "Plan Width": 0, "Index Cond": "(movie_id = mc.movie_id)"}]}]}, {"Node Type": "Hash", "Parent Relationship": "Inner", "Startup Cost": 2100.69, "Total Cost": 2100.69, "Plan Rows": 134169, "Plan Width": 4, "Plans": [{"Node Type": "Seq Scan", "Parent Relationship": "Outer", "Relation Name": "keyword", "Alias": "k", "Startup Cost": 0.0, "Total Cost": 2100.69, "Plan Rows": 134169, "Plan Width": 4}]}]}]}, "Unique SQL Id": 2302223328, "Planner Runtime": 302}, "explain_analyze_plan": {"Plan": {"Node Type": "Aggregate", "Strategy": "Plain", "Startup Cost": 83492.94, "Total Cost": 83492.95, "Plan Rows": 1, "Plan Width": 102, "Actual Min Startup Time": 735.731, "Actual Max Startup Time": 735.731, "Actual Min Total Time": 735.731, "Actual Max Total Time": 735.731, "Plans": [{"Node Type": "Hash Join", "Parent Relationship": "Outer", "Join Type": "Inner", "Startup Cost": 3781.54, "Total Cost": 83457.73, "Plan Rows": 7042, "Plan Width": 38, "Actual Min Startup Time": 327.553, "Actual Max Startup Time": 327.553, "Actual Min Total Time": 733.139, "Actual Max Total Time": 733.139, "Inner Unique": true, "Hash Cond": "(mk.keyword_id = k.id)", "Plans": [{"Node Type": "Nested Loop", "Parent Relationship": "Outer", "Join Type": "Inner", "Startup Cost": 3.73, "Total Cost": 79584.49, "Plan Rows": 7042, "Plan Width": 42, "Actual Min Startup Time": 253.358, "Actual Max Startup Time": 253.358, "Actual Min Total Time": 656.702, "Actual Max Total Time": 656.702, "Inner Unique": false, "Join Filter": "(t.id = mk.movie_id)", "Rows Removed by Join Filter": 0, "Plans": [{"Node Type": "Nested Loop", "Parent Relationship": "Outer", "Join Type": "Inner", "Startup Cost": 3.4, "Total Cost": 75622.79, "Plan Rows": 873, "Plan Width": 54, "Actual Min Startup Time": 252.542, "Actual Max Startup Time": 252.542, "Actual Min Total Time": 650.279, "Actual Max Total Time": 650.279, "Inner Unique": false, "Join Filter": "(t.id = at.movie_id)", "Rows Removed by Join Filter": 0, "Plans": [{"Node Type": "Nested Loop", "Parent Relationship": "Outer", "Join Type": "Inner", "Startup Cost": 3.12, "Total Cost": 73543.67, "Plan Rows": 478, "Plan Width": 29, "Actual Min Startup Time": 251.905, "Actual Max Startup Time": 251.905, "Actual Min Total Time": 620.105, "Actual Max Total Time": 620.105, "Inner Unique": true, "Join Filter": "(mc.company_type_id = ct.id)", "Rows Removed by Join Filter": 11829, "Plans": [{"Node Type": "Nested Loop", "Parent Relationship": "Outer", "Join Type": "Inner", "Startup Cost": 3.12, "Total Cost": 73521.13, "Plan Rows": 478, "Plan Width": 33, "Actual Min Startup Time": 251.844, "Actual Max Startup Time": 251.844, "Actual Min Total Time": 610.365, "Actual Max Total Time": 610.365, "Inner Unique": true, "Plans": [{"Node Type": "Nested Loop", "Parent Relationship": "Outer", "Join Type": "Inner", "Startup Cost": 2.86, "Total Cost": 71088.18, "Plan Rows": 568, "Plan Width": 37, "Actual Min Startup Time": 251.808, "Actual Max Startup Time": 251.808, "Actual Min Total Time": 503.83, "Actual Max Total Time": 503.83, "Inner Unique": false, "Plans": [{"Node Type": "Nested Loop", "Parent Relationship": "Outer", "Join Type": "Inner", "Startup Cost": 2.58, "Total Cost": 69935.76, "Plan Rows": 266, "Plan Width": 25, "Actual Min Startup Time": 251.726, "Actual Max Startup Time": 251.726, "Actual Min Total Time": 361.303, "Actual Max Total Time": 361.303, "Inner Unique": true, "Plans": [{"Node Type": "Nested Loop", "Parent Relationship": "Outer", "Join Type": "Inner", "Startup Cost": 0.0, "Total Cost": 68668.26, "Plan Rows": 192, "Plan Width": 4, "Actual Min Startup Time": 251.64, "Actual Max Startup Time": 251.64, "Actual Min Total Time": 258.825, "Actual Max Total Time": 258.825, "Inner Unique": false, "Join Filter": "(it1.id = mi.info_type_id)", "Rows Removed by Join Filter": 131, "Plans": [{"Node Type": "Seq Scan", "Parent Relationship": "Outer", "Relation Name": "info_type", "Alias": "it1", "Startup Cost": 0.0, "Total Cost": 2.4, "Plan Rows": 1, "Plan Width": 4, "Actual Min Startup Time": 0.099, "Actual Max Startup Time": 0.099, "Actual Min Total Time": 0.14, "Actual Max Total Time": 0.14, "Filter": "((info)::text = 'release dates'::text)", "Rows Removed by Filter": 111, "Actual Rows": 1}, {"Node Type": "Materialize", "Parent Relationship": "Inner", "Startup Cost": 0.0, "Total Cost": 68531.67, "Plan Rows": 13419, "Plan Width": 8, "Actual Min Startup Time": 251.499, "Actual Max Startup Time": 251.499, "Actual Min Total Time": 253.4, "Actual Max Total Time": 253.4, "Plans": [{"Node Type": "Streaming(type: LOCAL GATHER dop: 1/64)", "Parent Relationship": "Outer", "Startup Cost": 0.0, "Total Cost": 68498.12, "Plan Rows": 13419, "Plan Width": 8, "Actual Min Startup Time": 98.276, "Actual Max Startup Time": 98.276, "Actual Min Total Time": 249.438, "Actual Max Total Time": 249.438, "Plans": [{"Node Type": "Seq Scan", "Parent Relationship": "Outer", "Relation Name": "movie_info", "Alias": "mi", "Startup Cost": 0.0, "Total Cost": 68221.29, "Plan Rows": 13419, "Plan Width": 8, "Actual Min Startup Time": 0.106, "Actual Max Startup Time": 22.839, "Actual Min Total Time": 60.933, "Actual Max Total Time": 73.377, "Filter": "((note)::text ~~ '%internet%'::text)", "Rows Removed by Filter": 14824909, "Actual Rows": 10810}], "Actual Rows": 10810}], "Actual Rows": 10811}], "Actual Rows": 10679}, {"Node Type": "Bitmap Heap Scan", "Parent Relationship": "Inner", "Relation Name": "title", "Alias": "t", "Startup Cost": 2.58, "Total Cost": 6.59, "Plan Rows": 1, "Plan Width": 21, "Actual Min Startup Time": 87.891, "Actual Max Startup Time": 87.891, "Actual Min Total Time": 87.891, "Actual Max Total Time": 87.891, "Recheck Cond": "(id = mi.movie_id)", "Rows Removed by Index Recheck": 0, "Filter": "(production_year > 1990)", "Rows Removed by Filter": 17, "Exact Heap Blocks": 10679, "Lossy Heap Blocks": 10679, "Plans": [{"Node Type": "Bitmap Index Scan", "Parent Relationship": "Outer", "Index Name": "title_pkey", "Startup Cost": 0.0, "Total Cost": 2.58, "Plan Rows": 1, "Plan Width": 0, "Actual Min Startup Time": 48.375, "Actual Max Startup Time": 48.375, "Actual Min Total Time": 48.375, "Actual Max Total Time": 48.375, "Index Cond": "(id = mi.movie_id)", "Actual Rows": 10679}], "Actual Rows": 10662}], "Actual Rows": 10662}, {"Node Type": "Bitmap Heap Scan", "Parent Relationship": "Inner", "Relation Name": "movie_companies", "Alias": "mc", "Startup Cost": 0.29, "Total Cost": 4.31, "Plan Rows": 2, "Plan Width": 12, "Actual Min Startup Time": 114.935, "Actual Max Startup Time": 114.935, "Actual Min Total Time": 125.125, "Actual Max Total Time": 125.125, "Recheck Cond": "(movie_id = t.id)", "Rows Removed by Index Recheck": 0, "Exact Heap Blocks": 11694, "Lossy Heap Blocks": 11694, "Plans": [{"Node Type": "Bitmap Index Scan", "Parent Relationship": "Outer", "Index Name": "movie_id_movie_companies", "Startup Cost": 0.0, "Total Cost": 0.29, "Plan Rows": 2, "Plan Width": 0, "Actual Min Startup Time": 87.3, "Actual Max Startup Time": 87.3, "Actual Min Total Time": 87.3, "Actual Max Total Time": 87.3, "Index Cond": "(movie_id = t.id)", "Actual Rows": 14377}], "Actual Rows": 14377}], "Actual Rows": 14377}, {"Node Type": "Bitmap Heap Scan", "Parent Relationship": "Inner", "Relation Name": "company_name", "Alias": "cn", "Startup Cost": 0.26, "Total Cost": 4.27, "Plan Rows": 1, "Plan Width": 4, "Actual Min Startup Time": 87.742, "Actual Max Startup Time": 87.742, "Actual Min Total Time": 87.742, "Actual Max Total Time": 87.742, "Recheck Cond": "(id = mc.company_id)", "Rows Removed by Index Recheck": 0, "Filter": "((country_code)::text = '[us]'::text)", "Rows Removed by Filter": 4520, "Exact Heap Blocks": 14377, "Lossy Heap Blocks": 14377, "Plans": [{"Node Type": "Bitmap Index Scan", "Parent Relationship": "Outer", "Index Name": "company_name_pkey", "Startup Cost": 0.0, "Total Cost": 0.26, "Plan Rows": 1, "Plan Width": 0, "Actual Min Startup Time": 48.006, "Actual Max Startup Time": 48.006, "Actual Min Total Time": 48.006, "Actual Max Total Time": 48.006, "Index Cond": "(id = mc.company_id)", "Actual Rows": 14377}], "Actual Rows": 9857}], "Actual Rows": 9857}, {"Node Type": "Materialize", "Parent Relationship": "Inner", "Startup Cost": 0.0, "Total Cost": 1.04, "Plan Rows": 3, "Plan Width": 4, "Actual Min Startup Time": 1.34, "Actual Max Startup Time": 1.34, "Actual Min Total Time": 2.387, "Actual Max Total Time": 2.387, "Plans": [{"Node Type": "Seq Scan", "Parent Relationship": "Outer", "Relation Name": "company_type", "Alias": "ct", "Startup Cost": 0.0, "Total Cost": 1.03, "Plan Rows": 3, "Plan Width": 4, "Actual Min Startup Time": 0.009, "Actual Max Startup Time": 0.009, "Actual Min Total Time": 0.013, "Actual Max Total Time": 0.013, "Actual Rows": 3}], "Actual Rows": 17743}], "Actual Rows": 5914}, {"Node Type": "Bitmap Heap Scan", "Parent Relationship": "Inner", "Relation Name": "aka_title", "Alias": "at", "Startup Cost": 0.27, "Total Cost": 4.31, "Plan Rows": 3, "Plan Width": 25, "Actual Min Startup Time": 22.006, "Actual Max Startup Time": 22.006, "Actual Min Total Time": 22.29, "Actual Max Total Time": 22.29, "Recheck Cond": "(movie_id = mc.movie_id)", "Rows Removed by Index Recheck": 0, "Exact Heap Blocks": 382, "Lossy Heap Blocks": 382, "Plans": [{"Node Type": "Bitmap Index Scan", "Parent Relationship": "Outer", "Index Name": "movie_id_aka_title", "Startup Cost": 0.0, "Total Cost": 0.27, "Plan Rows": 3, "Plan Width": 0, "Actual Min Startup Time": 18.032, "Actual Max Startup Time": 18.032, "Actual Min Total Time": 18.032, "Actual Max Total Time": 18.032, "Index Cond": "(movie_id = mc.movie_id)", "Actual Rows": 382}], "Actual Rows": 382}], "Actual Rows": 382}, {"Node Type": "Bitmap Heap Scan", "Parent Relationship": "Inner", "Relation Name": "movie_keyword", "Alias": "mk", "Startup Cost": 0.34, "Total Cost": 4.44, "Plan Rows": 8, "Plan Width": 8, "Actual Min Startup Time": 3.765, "Actual Max Startup Time": 3.765, "Actual Min Total Time": 4.386, "Actual Max Total Time": 4.386, "Recheck Cond": "(movie_id = mc.movie_id)", "Rows Removed by Index Recheck": 0, "Exact Heap Blocks": 276, "Lossy Heap Blocks": 276, "Plans": [{"Node Type": "Bitmap Index Scan", "Parent Relationship": "Outer", "Index Name": "movie_id_movie_keyword", "Startup Cost": 0.0, "Total Cost": 0.34, "Plan Rows": 8, "Plan Width": 0, "Actual Min Startup Time": 2.432, "Actual Max Startup Time": 2.432, "Actual Min Total Time": 2.432, "Actual Max Total Time": 2.432, "Index Cond": "(movie_id = mc.movie_id)", "Actual Rows": 4371}], "Actual Rows": 4371}], "Actual Rows": 4371}, {"Node Type": "Hash", "Parent Relationship": "Inner", "Startup Cost": 2100.69, "Total Cost": 2100.69, "Plan Rows": 134169, "Plan Width": 4, "Actual Min Startup Time": 73.959, "Actual Max Startup Time": 73.959, "Actual Min Total Time": 73.959, "Actual Max Total Time": 73.959, "Max Hash Buckets": 262144, "Min Hash Buckets": 262144, "Max Hash Batches": 1, "Min Hash Batches": 1, "Max Original Hash Batches": 1, "Min Original Hash Batches": 1, "Max Peak Memory Usage": 4717, "min Peak Memory Usage": 4717, "Plans": [{"Node Type": "Seq Scan", "Parent Relationship": "Outer", "Relation Name": "keyword", "Alias": "k", "Startup Cost": 0.0, "Total Cost": 2100.69, "Plan Rows": 134169, "Plan Width": 4, "Actual Min Startup Time": 0.038, "Actual Max Startup Time": 0.038, "Actual Min Total Time": 38.963, "Actual Max Total Time": 38.963, "Actual Rows": 134169}], "Actual Rows": 134169}], "Actual Rows": 4371}], "Actual Rows": 1}, "Triggers": [], "Planner Runtime": 299, "Total Runtime": 749.877, "Unique SQL Id": 2302223328}}, "(64, 3)": {"explain_plan": {"Plan": {"Node Type": "Aggregate", "Strategy": "Plain", "Startup Cost": 179484.47, "Total Cost": 179484.48, "Plan Rows": 1, "Plan Width": 102, "Plans": [{"Node Type": "Hash Join", "Parent Relationship": "Outer", "Join Type": "Inner", "Startup Cost": 9392.76, "Total Cost": 179449.26, "Plan Rows": 7042, "Plan Width": 38, "Inner Unique": true, "Hash Cond": "(mk.keyword_id = k.id)", "Plans": [{"Node Type": "Nested Loop", "Parent Relationship": "Outer", "Join Type": "Inner", "Startup Cost": 4862.32, "Total Cost": 174823.39, "Plan Rows": 7042, "Plan Width": 42, "Inner Unique": false, "Join Filter": "(t.id = mk.movie_id)", "Plans": [{"Node Type": "Nested Loop", "Parent Relationship": "Outer", "Join Type": "Inner", "Startup Cost": 4861.98, "Total Cost": 170861.69, "Plan Rows": 873, "Plan Width": 54, "Inner Unique": false, "Join Filter": "(t.id = at.movie_id)", "Plans": [{"Node Type": "Nested Loop", "Parent Relationship": "Outer", "Join Type": "Inner", "Startup Cost": 4861.71, "Total Cost": 168782.57, "Plan Rows": 478, "Plan Width": 29, "Inner Unique": true, "Join Filter": "(mc.company_type_id = ct.id)", "Plans": [{"Node Type": "Nested Loop", "Parent Relationship": "Outer", "Join Type": "Inner", "Startup Cost": 4853.44, "Total Cost": 168748.76, "Plan Rows": 478, "Plan Width": 33, "Inner Unique": true, "Plans": [{"Node Type": "Nested Loop", "Parent Relationship": "Outer", "Join Type": "Inner", "Startup Cost": 4853.18, "Total Cost": 166315.81, "Plan Rows": 568, "Plan Width": 37, "Inner Unique": false, "Plans": [{"Node Type": "Nested Loop", "Parent Relationship": "Outer", "Join Type": "Inner", "Startup Cost": 4852.89, "Total Cost": 165163.39, "Plan Rows": 266, "Plan Width": 25, "Inner Unique": true, "Plans": [{"Node Type": "Nested Loop", "Parent Relationship": "Outer", "Join Type": "Inner", "Startup Cost": 4850.32, "Total Cost": 163895.89, "Plan Rows": 192, "Plan Width": 4, "Inner Unique": false, "Plans": [{"Node Type": "Bitmap Heap Scan", "Parent Relationship": "Outer", "Relation Name": "info_type", "Alias": "it1", "Startup Cost": 8.81, "Total Cost": 14.21, "Plan Rows": 1, "Plan Width": 4, "Filter": "((info)::text = 'release dates'::text)", "Plans": [{"Node Type": "Bitmap Index Scan", "Parent Relationship": "Outer", "Index Name": "info_type_pkey", "Startup Cost": 0.0, "Total Cost": 8.81, "Plan Rows": 112, "Plan Width": 0}]}, {"Node Type": "Bitmap Heap Scan", "Parent Relationship": "Inner", "Relation Name": "movie_info", "Alias": "mi", "Startup Cost": 4841.51, "Total Cost": 163879.76, "Plan Rows": 192, "Plan Width": 8, "Recheck Cond": "(info_type_id = it1.id)", "Filter": "((note)::text ~~ '%internet%'::text)", "Plans": [{"Node Type": "Bitmap Index Scan", "Parent Relationship": "Outer", "Index Name": "info_type_id_movie_info", "Startup Cost": 0.0, "Total Cost": 4841.46, "Plan Rows": 212428, "Plan Width": 0, "Index Cond": "(info_type_id = it1.id)"}]}]}, {"Node Type": "Bitmap Heap Scan", "Parent Relationship": "Inner", "Relation Name": "title", "Alias": "t", "Startup Cost": 2.58, "Total Cost": 6.59, "Plan Rows": 1, "Plan Width": 21, "Recheck Cond": "(id = mi.movie_id)", "Filter": "(production_year > 1990)", "Plans": [{"Node Type": "Bitmap Index Scan", "Parent Relationship": "Outer", "Index Name": "title_pkey", "Startup Cost": 0.0, "Total Cost": 2.58, "Plan Rows": 1, "Plan Width": 0, "Index Cond": "(id = mi.movie_id)"}]}]}, {"Node Type": "Bitmap Heap Scan", "Parent Relationship": "Inner", "Relation Name": "movie_companies", "Alias": "mc", "Startup Cost": 0.29, "Total Cost": 4.31, "Plan Rows": 2, "Plan Width": 12, "Recheck Cond": "(movie_id = t.id)", "Plans": [{"Node Type": "Bitmap Index Scan", "Parent Relationship": "Outer", "Index Name": "movie_id_movie_companies", "Startup Cost": 0.0, "Total Cost": 0.29, "Plan Rows": 2, "Plan Width": 0, "Index Cond": "(movie_id = t.id)"}]}]}, {"Node Type": "Bitmap Heap Scan", "Parent Relationship": "Inner", "Relation Name": "company_name", "Alias": "cn", "Startup Cost": 0.26, "Total Cost": 4.27, "Plan Rows": 1, "Plan Width": 4, "Recheck Cond": "(id = mc.company_id)", "Filter": "((country_code)::text = '[us]'::text)", "Plans": [{"Node Type": "Bitmap Index Scan", "Parent Relationship": "Outer", "Index Name": "company_name_pkey", "Startup Cost": 0.0, "Total Cost": 0.26, "Plan Rows": 1, "Plan Width": 0, "Index Cond": "(id = mc.company_id)"}]}]}, {"Node Type": "Materialize", "Parent Relationship": "Inner", "Startup Cost": 8.27, "Total Cost": 12.31, "Plan Rows": 3, "Plan Width": 4, "Plans": [{"Node Type": "Bitmap Heap Scan", "Parent Relationship": "Outer", "Relation Name": "company_type", "Alias": "ct", "Startup Cost": 8.27, "Total Cost": 12.3, "Plan Rows": 3, "Plan Width": 4, "Plans": [{"Node Type": "Bitmap Index Scan", "Parent Relationship": "Outer", "Index Name": "company_type_pkey", "Startup Cost": 0.0, "Total Cost": 8.27, "Plan Rows": 3, "Plan Width": 0}]}]}]}, {"Node Type": "Bitmap Heap Scan", "Parent Relationship": "Inner", "Relation Name": "aka_title", "Alias": "at", "Startup Cost": 0.27, "Total Cost": 4.31, "Plan Rows": 3, "Plan Width": 25, "Recheck Cond": "(movie_id = mc.movie_id)", "Plans": [{"Node Type": "Bitmap Index Scan", "Parent Relationship": "Outer", "Index Name": "movie_id_aka_title", "Startup Cost": 0.0, "Total Cost": 0.27, "Plan Rows": 3, "Plan Width": 0, "Index Cond": "(movie_id = mc.movie_id)"}]}]}, {"Node Type": "Bitmap Heap Scan", "Parent Relationship": "Inner", "Relation Name": "movie_keyword", "Alias": "mk", "Startup Cost": 0.34, "Total Cost": 4.44, "Plan Rows": 8, "Plan Width": 8, "Recheck Cond": "(movie_id = mc.movie_id)", "Plans": [{"Node Type": "Bitmap Index Scan", "Parent Relationship": "Outer", "Index Name": "movie_id_movie_keyword", "Startup Cost": 0.0, "Total Cost": 0.34, "Plan Rows": 8, "Plan Width": 0, "Index Cond": "(movie_id = mc.movie_id)"}]}]}, {"Node Type": "Hash", "Parent Relationship": "Inner", "Startup Cost": 2853.33, "Total Cost": 2853.33, "Plan Rows": 134169, "Plan Width": 4, "Plans": [{"Node Type": "Bitmap Heap Scan", "Parent Relationship": "Outer", "Relation Name": "keyword", "Alias": "k", "Startup Cost": 752.64, "Total Cost": 2853.33, "Plan Rows": 134169, "Plan Width": 4, "Plans": [{"Node Type": "Bitmap Index Scan", "Parent Relationship": "Outer", "Index Name": "keyword_pkey", "Startup Cost": 0.0, "Total Cost": 719.1, "Plan Rows": 134169, "Plan Width": 0}]}]}]}]}, "Unique SQL Id": 2302223328, "Planner Runtime": 212}, "explain_analyze_plan": null}, "(64, 4)": {"explain_plan": {"Plan": {"Node Type": "Aggregate", "Strategy": "Plain", "Startup Cost": 72489.87, "Total Cost": 72489.88, "Plan Rows": 1, "Plan Width": 102, "Plans": [{"Node Type": "Nested Loop", "Parent Relationship": "Outer", "Join Type": "Inner", "Startup Cost": 0.0, "Total Cost": 72454.66, "Plan Rows": 7042, "Plan Width": 38, "Inner Unique": true, "Plans": [{"Node Type": "Nested Loop", "Parent Relationship": "Outer", "Join Type": "Inner", "Startup Cost": 0.0, "Total Cost": 70478.1, "Plan Rows": 7042, "Plan Width": 42, "Inner Unique": false, "Join Filter": "(t.id = mk.movie_id)", "Plans": [{"Node Type": "Nested Loop", "Parent Relationship": "Outer", "Join Type": "Inner", "Startup Cost": 0.0, "Total Cost": 69987.12, "Plan Rows": 873, "Plan Width": 54, "Inner Unique": true, "Join Filter": "(at.movie_id = t.id)", "Plans": [{"Node Type": "Nested Loop", "Parent Relationship": "Outer", "Join Type": "Inner", "Startup Cost": 0.0, "Total Cost": 69765.04, "Plan Rows": 630, "Plan Width": 33, "Inner Unique": true, "Join Filter": "(mc.company_type_id = ct.id)", "Plans": [{"Node Type": "Nested Loop", "Parent Relationship": "Outer", "Join Type": "Inner", "Startup Cost": 0.0, "Total Cost": 69735.65, "Plan Rows": 630, "Plan Width": 37, "Inner Unique": true, "Plans": [{"Node Type": "Nested Loop", "Parent Relationship": "Outer", "Join Type": "Inner", "Startup Cost": 0.0, "Total Cost": 69433.03, "Plan Rows": 1052, "Plan Width": 41, "Inner Unique": false, "Plans": [{"Node Type": "Nested Loop", "Parent Relationship": "Outer", "Join Type": "Inner", "Startup Cost": 0.0, "Total Cost": 69143.95, "Plan Rows": 490, "Plan Width": 29, "Inner Unique": false, "Plans": [{"Node Type": "Nested Loop", "Parent Relationship": "Outer", "Join Type": "Inner", "Startup Cost": 0.0, "Total Cost": 68668.26, "Plan Rows": 192, "Plan Width": 4, "Inner Unique": false, "Join Filter": "(it1.id = mi.info_type_id)", "Plans": [{"Node Type": "Seq Scan", "Parent Relationship": "Outer", "Relation Name": "info_type", "Alias": "it1", "Startup Cost": 0.0, "Total Cost": 2.4, "Plan Rows": 1, "Plan Width": 4, "Filter": "((info)::text = 'release dates'::text)"}, {"Node Type": "Materialize", "Parent Relationship": "Inner", "Startup Cost": 0.0, "Total Cost": 68531.67, "Plan Rows": 13419, "Plan Width": 8, "Plans": [{"Node Type": "Streaming(type: LOCAL GATHER dop: 1/64)", "Parent Relationship": "Outer", "Startup Cost": 0.0, "Total Cost": 68498.12, "Plan Rows": 13419, "Plan Width": 8, "Plans": [{"Node Type": "Seq Scan", "Parent Relationship": "Outer", "Relation Name": "movie_info", "Alias": "mi", "Startup Cost": 0.0, "Total Cost": 68221.29, "Plan Rows": 13419, "Plan Width": 8, "Filter": "((note)::text ~~ '%internet%'::text)"}]}]}]}, {"Node Type": "Index Scan", "Parent Relationship": "Inner", "Scan Direction": "Forward", "Index Name": "movie_id_aka_title", "Relation Name": "aka_title", "Alias": "at", "Startup Cost": 0.0, "Total Cost": 2.45, "Plan Rows": 3, "Plan Width": 25, "Index Cond": "(movie_id = mi.movie_id)"}]}, {"Node Type": "Index Scan", "Parent Relationship": "Inner", "Scan Direction": "Forward", "Index Name": "movie_id_movie_companies", "Relation Name": "movie_companies", "Alias": "mc", "Startup Cost": 0.0, "Total Cost": 0.57, "Plan Rows": 2, "Plan Width": 12, "Index Cond": "(movie_id = at.movie_id)"}]}, {"Node Type": "Index Scan", "Parent Relationship": "Inner", "Scan Direction": "Forward", "Index Name": "company_name_pkey", "Relation Name": "company_name", "Alias": "cn", "Startup Cost": 0.0, "Total Cost": 0.28, "Plan Rows": 1, "Plan Width": 4, "Index Cond": "(id = mc.company_id)", "Filter": "((country_code)::text = '[us]'::text)"}]}, {"Node Type": "Materialize", "Parent Relationship": "Inner", "Startup Cost": 0.0, "Total Cost": 1.04, "Plan Rows": 3, "Plan Width": 4, "Plans": [{"Node Type": "Seq Scan", "Parent Relationship": "Outer", "Relation Name": "company_type", "Alias": "ct", "Startup Cost": 0.0, "Total Cost": 1.03, "Plan Rows": 3, "Plan Width": 4}]}]}, {"Node Type": "Index Scan", "Parent Relationship": "Inner", "Scan Direction": "Forward", "Index Name": "title_pkey", "Relation Name": "title", "Alias": "t", "Startup Cost": 0.0, "Total Cost": 0.34, "Plan Rows": 1, "Plan Width": 21, "Index Cond": "(id = mc.movie_id)", "Filter": "(production_year > 1990)"}]}, {"Node Type": "Index Scan", "Parent Relationship": "Inner", "Scan Direction": "Forward", "Index Name": "movie_id_movie_keyword", "Relation Name": "movie_keyword", "Alias": "mk", "Startup Cost": 0.0, "Total Cost": 0.46, "Plan Rows": 8, "Plan Width": 8, "Index Cond": "(movie_id = mc.movie_id)"}]}, {"Node Type": "Index Scan", "Parent Relationship": "Inner", "Scan Direction": "Forward", "Index Name": "keyword_pkey", "Relation Name": "keyword", "Alias": "k", "Startup Cost": 0.0, "Total Cost": 0.27, "Plan Rows": 1, "Plan Width": 4, "Index Cond": "(id = mk.keyword_id)"}]}]}, "Unique SQL Id": 2302223328, "Planner Runtime": 237}, "explain_analyze_plan": {"Plan": {"Node Type": "Aggregate", "Strategy": "Plain", "Startup Cost": 72489.87, "Total Cost": 72489.88, "Plan Rows": 1, "Plan Width": 102, "Actual Min Startup Time": 244.439, "Actual Max Startup Time": 244.439, "Actual Min Total Time": 244.439, "Actual Max Total Time": 244.439, "Plans": [{"Node Type": "Nested Loop", "Parent Relationship": "Outer", "Join Type": "Inner", "Startup Cost": 0.0, "Total Cost": 72454.66, "Plan Rows": 7042, "Plan Width": 38, "Actual Min Startup Time": 161.4, "Actual Max Startup Time": 161.4, "Actual Min Total Time": 241.819, "Actual Max Total Time": 241.819, "Inner Unique": true, "Plans": [{"Node Type": "Nested Loop", "Parent Relationship": "Outer", "Join Type": "Inner", "Startup Cost": 0.0, "Total Cost": 70478.1, "Plan Rows": 7042, "Plan Width": 42, "Actual Min Startup Time": 161.385, "Actual Max Startup Time": 161.385, "Actual Min Total Time": 224.359, "Actual Max Total Time": 224.359, "Inner Unique": false, "Join Filter": "(t.id = mk.movie_id)", "Rows Removed by Join Filter": 0, "Plans": [{"Node Type": "Nested Loop", "Parent Relationship": "Outer", "Join Type": "Inner", "Startup Cost": 0.0, "Total Cost": 69987.12, "Plan Rows": 873, "Plan Width": 54, "Actual Min Startup Time": 161.363, "Actual Max Startup Time": 161.363, "Actual Min Total Time": 218.557, "Actual Max Total Time": 218.557, "Inner Unique": true, "Join Filter": "(at.movie_id = t.id)", "Rows Removed by Join Filter": 0, "Plans": [{"Node Type": "Nested Loop", "Parent Relationship": "Outer", "Join Type": "Inner", "Startup Cost": 0.0, "Total Cost": 69765.04, "Plan Rows": 630, "Plan Width": 33, "Actual Min Startup Time": 161.341, "Actual Max Startup Time": 161.341, "Actual Min Total Time": 216.005, "Actual Max Total Time": 216.005, "Inner Unique": true, "Join Filter": "(mc.company_type_id = ct.id)", "Rows Removed by Join Filter": 1542, "Plans": [{"Node Type": "Nested Loop", "Parent Relationship": "Outer", "Join Type": "Inner", "Startup Cost": 0.0, "Total Cost": 69735.65, "Plan Rows": 630, "Plan Width": 37, "Actual Min Startup Time": 161.297, "Actual Max Startup Time": 161.297, "Actual Min Total Time": 215.113, "Actual Max Total Time": 215.113, "Inner Unique": true, "Plans": [{"Node Type": "Nested Loop", "Parent Relationship": "Outer", "Join Type": "Inner", "Startup Cost": 0.0, "Total Cost": 69433.03, "Plan Rows": 1052, "Plan Width": 41, "Actual Min Startup Time": 161.273, "Actual Max Startup Time": 161.273, "Actual Min Total Time": 204.903, "Actual Max Total Time": 204.903, "Inner Unique": false, "Plans": [{"Node Type": "Nested Loop", "Parent Relationship": "Outer", "Join Type": "Inner", "Startup Cost": 0.0, "Total Cost": 69143.95, "Plan Rows": 490, "Plan Width": 29, "Actual Min Startup Time": 161.255, "Actual Max Startup Time": 161.255, "Actual Min Total Time": 199.484, "Actual Max Total Time": 199.484, "Inner Unique": false, "Plans": [{"Node Type": "Nested Loop", "Parent Relationship": "Outer", "Join Type": "Inner", "Startup Cost": 0.0, "Total Cost": 68668.26, "Plan Rows": 192, "Plan Width": 4, "Actual Min Startup Time": 161.216, "Actual Max Startup Time": 161.216, "Actual Min Total Time": 167.061, "Actual Max Total Time": 167.061, "Inner Unique": false, "Join Filter": "(it1.id = mi.info_type_id)", "Rows Removed by Join Filter": 131, "Plans": [{"Node Type": "Seq Scan", "Parent Relationship": "Outer", "Relation Name": "info_type", "Alias": "it1", "Startup Cost": 0.0, "Total Cost": 2.4, "Plan Rows": 1, "Plan Width": 4, "Actual Min Startup Time": 0.069, "Actual Max Startup Time": 0.069, "Actual Min Total Time": 0.099, "Actual Max Total Time": 0.099, "Filter": "((info)::text = 'release dates'::text)", "Rows Removed by Filter": 111, "Actual Rows": 1}, {"Node Type": "Materialize", "Parent Relationship": "Inner", "Startup Cost": 0.0, "Total Cost": 68531.67, "Plan Rows": 13419, "Plan Width": 8, "Actual Min Startup Time": 161.118, "Actual Max Startup Time": 161.118, "Actual Min Total Time": 162.745, "Actual Max Total Time": 162.745, "Plans": [{"Node Type": "Streaming(type: LOCAL GATHER dop: 1/64)", "Parent Relationship": "Outer", "Startup Cost": 0.0, "Total Cost": 68498.12, "Plan Rows": 13419, "Plan Width": 8, "Actual Min Startup Time": 79.655, "Actual Max Startup Time": 79.655, "Actual Min Total Time": 159.111, "Actual Max Total Time": 159.111, "Plans": [{"Node Type": "Seq Scan", "Parent Relationship": "Outer", "Relation Name": "movie_info", "Alias": "mi", "Startup Cost": 0.0, "Total Cost": 68221.29, "Plan Rows": 13419, "Plan Width": 8, "Actual Min Startup Time": 0.105, "Actual Max Startup Time": 22.7, "Actual Min Total Time": 60.436, "Actual Max Total Time": 72.957, "Filter": "((note)::text ~~ '%internet%'::text)", "Rows Removed by Filter": 14824909, "Actual Rows": 10810}], "Actual Rows": 10810}], "Actual Rows": 10811}], "Actual Rows": 10679}, {"Node Type": "Index Scan", "Parent Relationship": "Inner", "Scan Direction": "Forward", "Index Name": "movie_id_aka_title", "Relation Name": "aka_title", "Alias": "at", "Startup Cost": 0.0, "Total Cost": 2.45, "Plan Rows": 3, "Plan Width": 25, "Actual Min Startup Time": 26.995, "Actual Max Startup Time": 26.995, "Actual Min Total Time": 27.479, "Actual Max Total Time": 27.479, "Index Cond": "(movie_id = mi.movie_id)", "Rows Removed by Index Recheck": 0, "Actual Rows": 591}], "Actual Rows": 591}, {"Node Type": "Index Scan", "Parent Relationship": "Inner", "Scan Direction": "Forward", "Index Name": "movie_id_movie_companies", "Relation Name": "movie_companies", "Alias": "mc", "Startup Cost": 0.0, "Total Cost": 0.57, "Plan Rows": 2, "Plan Width": 12, "Actual Min Startup Time": 3.176, "Actual Max Startup Time": 3.176, "Actual Min Total Time": 4.534, "Actual Max Total Time": 4.534, "Index Cond": "(movie_id = at.movie_id)", "Rows Removed by Index Recheck": 0, "Actual Rows": 2130}], "Actual Rows": 2130}, {"Node Type": "Index Scan", "Parent Relationship": "Inner", "Scan Direction": "Forward", "Index Name": "company_name_pkey", "Relation Name": "company_name", "Alias": "cn", "Startup Cost": 0.0, "Total Cost": 0.28, "Plan Rows": 1, "Plan Width": 4, "Actual Min Startup Time": 8.82, "Actual Max Startup Time": 8.82, "Actual Min Total Time": 8.82, "Actual Max Total Time": 8.82, "Index Cond": "(id = mc.company_id)", "Rows Removed by Index Recheck": 0, "Filter": "((country_code)::text = '[us]'::text)", "Rows Removed by Filter": 1234, "Actual Rows": 896}], "Actual Rows": 896}, {"Node Type": "Materialize", "Parent Relationship": "Inner", "Startup Cost": 0.0, "Total Cost": 1.04, "Plan Rows": 3, "Plan Width": 4, "Actual Min Startup Time": 0.092, "Actual Max Startup Time": 0.092, "Actual Min Total Time": 0.218, "Actual Max Total Time": 0.218, "Plans": [{"Node Type": "Seq Scan", "Parent Relationship": "Outer", "Relation Name": "company_type", "Alias": "ct", "Startup Cost": 0.0, "Total Cost": 1.03, "Plan Rows": 3, "Plan Width": 4, "Actual Min Startup Time": 0.006, "Actual Max Startup Time": 0.006, "Actual Min Total Time": 0.007, "Actual Max Total Time": 0.007, "Actual Rows": 3}], "Actual Rows": 1924}], "Actual Rows": 382}, {"Node Type": "Index Scan", "Parent Relationship": "Inner", "Scan Direction": "Forward", "Index Name": "title_pkey", "Relation Name": "title", "Alias": "t", "Startup Cost": 0.0, "Total Cost": 0.34, "Plan Rows": 1, "Plan Width": 21, "Actual Min Startup Time": 2.057, "Actual Max Startup Time": 2.057, "Actual Min Total Time": 2.057, "Actual Max Total Time": 2.057, "Index Cond": "(id = mc.movie_id)", "Rows Removed by Index Recheck": 0, "Filter": "(production_year > 1990)", "Rows Removed by Filter": 0, "Actual Rows": 382}], "Actual Rows": 382}, {"Node Type": "Index Scan", "Parent Relationship": "Inner", "Scan Direction": "Forward", "Index Name": "movie_id_movie_keyword", "Relation Name": "movie_keyword", "Alias": "mk", "Startup Cost": 0.0, "Total Cost": 0.46, "Plan Rows": 8, "Plan Width": 8, "Actual Min Startup Time": 2.014, "Actual Max Startup Time": 2.014, "Actual Min Total Time": 3.861, "Actual Max Total Time": 3.861, "Index Cond": "(movie_id = mc.movie_id)", "Rows Removed by Index Recheck": 0, "Actual Rows": 4371}], "Actual Rows": 4371}, {"Node Type": "Index Scan", "Parent Relationship": "Inner", "Scan Direction": "Forward", "Index Name": "keyword_pkey", "Relation Name": "keyword", "Alias": "k", "Startup Cost": 0.0, "Total Cost": 0.27, "Plan Rows": 1, "Plan Width": 4, "Actual Min Startup Time": 14.048, "Actual Max Startup Time": 14.048, "Actual Min Total Time": 14.048, "Actual Max Total Time": 14.048, "Index Cond": "(id = mk.keyword_id)", "Rows Removed by Index Recheck": 0, "Actual Rows": 4371}], "Actual Rows": 4371}], "Actual Rows": 1}, "Triggers": [], "Planner Runtime": 236, "Total Runtime": 256.141, "Unique SQL Id": 2302223328}}, "(64, 5)": {"explain_plan": {"Plan": {"Node Type": "Aggregate", "Strategy": "Plain", "Startup Cost": 167728.77, "Total Cost": 167728.78, "Plan Rows": 1, "Plan Width": 102, "Plans": [{"Node Type": "Nested Loop", "Parent Relationship": "Outer", "Join Type": "Inner", "Startup Cost": 4841.51, "Total Cost": 167693.56, "Plan Rows": 7042, "Plan Width": 38, "Inner Unique": true, "Plans": [{"Node Type": "Nested Loop", "Parent Relationship": "Outer", "Join Type": "Inner", "Startup Cost": 4841.51, "Total Cost": 165716.99, "Plan Rows": 7042, "Plan Width": 42, "Inner Unique": false, "Join Filter": "(t.id = mk.movie_id)", "Plans": [{"Node Type": "Nested Loop", "Parent Relationship": "Outer", "Join Type": "Inner", "Startup Cost": 4841.51, "Total Cost": 165226.02, "Plan Rows": 873, "Plan Width": 54, "Inner Unique": true, "Join Filter": "(at.movie_id = t.id)", "Plans": [{"Node Type": "Nested Loop", "Parent Relationship": "Outer", "Join Type": "Inner", "Startup Cost": 4841.51, "Total Cost": 165003.93, "Plan Rows": 630, "Plan Width": 33, "Inner Unique": true, "Join Filter": "(mc.company_type_id = ct.id)", "Plans": [{"Node Type": "Nested Loop", "Parent Relationship": "Outer", "Join Type": "Inner", "Startup Cost": 4841.51, "Total Cost": 164963.28, "Plan Rows": 630, "Plan Width": 37, "Inner Unique": true, "Plans": [{"Node Type": "Nested Loop", "Parent Relationship": "Outer", "Join Type": "Inner", "Startup Cost": 4841.51, "Total Cost": 164660.66, "Plan Rows": 1052, "Plan Width": 41, "Inner Unique": false, "Plans": [{"Node Type": "Nested Loop", "Parent Relationship": "Outer", "Join Type": "Inner", "Startup Cost": 4841.51, "Total Cost": 164371.58, "Plan Rows": 490, "Plan Width": 29, "Inner Unique": false, "Plans": [{"Node Type": "Nested Loop", "Parent Relationship": "Outer", "Join Type": "Inner", "Startup Cost": 4841.51, "Total Cost": 163895.89, "Plan Rows": 192, "Plan Width": 4, "Inner Unique": false, "Plans": [{"Node Type": "Index Scan", "Parent Relationship": "Outer", "Scan Direction": "Forward", "Index Name": "info_type_pkey", "Relation Name": "info_type", "Alias": "it1", "Startup Cost": 0.0, "Total Cost": 14.21, "Plan Rows": 1, "Plan Width": 4, "Filter": "((info)::text = 'release dates'::text)"}, {"Node Type": "Bitmap Heap Scan", "Parent Relationship": "Inner", "Relation Name": "movie_info", "Alias": "mi", "Startup Cost": 4841.51, "Total Cost": 163879.76, "Plan Rows": 192, "Plan Width": 8, "Recheck Cond": "(info_type_id = it1.id)", "Filter": "((note)::text ~~ '%internet%'::text)", "Plans": [{"Node Type": "Bitmap Index Scan", "Parent Relationship": "Outer", "Index Name": "info_type_id_movie_info", "Startup Cost": 0.0, "Total Cost": 4841.46, "Plan Rows": 212428, "Plan Width": 0, "Index Cond": "(info_type_id = it1.id)"}]}]}, {"Node Type": "Index Scan", "Parent Relationship": "Inner", "Scan Direction": "Forward", "Index Name": "movie_id_aka_title", "Relation Name": "aka_title", "Alias": "at", "Startup Cost": 0.0, "Total Cost": 2.45, "Plan Rows": 3, "Plan Width": 25, "Index Cond": "(movie_id = mi.movie_id)"}]}, {"Node Type": "Index Scan", "Parent Relationship": "Inner", "Scan Direction": "Forward", "Index Name": "movie_id_movie_companies", "Relation Name": "movie_companies", "Alias": "mc", "Startup Cost": 0.0, "Total Cost": 0.57, "Plan Rows": 2, "Plan Width": 12, "Index Cond": "(movie_id = at.movie_id)"}]}, {"Node Type": "Index Scan", "Parent Relationship": "Inner", "Scan Direction": "Forward", "Index Name": "company_name_pkey", "Relation Name": "company_name", "Alias": "cn", "Startup Cost": 0.0, "Total Cost": 0.28, "Plan Rows": 1, "Plan Width": 4, "Index Cond": "(id = mc.company_id)", "Filter": "((country_code)::text = '[us]'::text)"}]}, {"Node Type": "Materialize", "Parent Relationship": "Inner", "Startup Cost": 0.0, "Total Cost": 12.31, "Plan Rows": 3, "Plan Width": 4, "Plans": [{"Node Type": "Index Scan", "Parent Relationship": "Outer", "Scan Direction": "Forward", "Index Name": "company_type_pkey", "Relation Name": "company_type", "Alias": "ct", "Startup Cost": 0.0, "Total Cost": 12.29, "Plan Rows": 3, "Plan Width": 4}]}]}, {"Node Type": "Index Scan", "Parent Relationship": "Inner", "Scan Direction": "Forward", "Index Name": "title_pkey", "Relation Name": "title", "Alias": "t", "Startup Cost": 0.0, "Total Cost": 0.34, "Plan Rows": 1, "Plan Width": 21, "Index Cond": "(id = mc.movie_id)", "Filter": "(production_year > 1990)"}]}, {"Node Type": "Index Scan", "Parent Relationship": "Inner", "Scan Direction": "Forward", "Index Name": "movie_id_movie_keyword", "Relation Name": "movie_keyword", "Alias": "mk", "Startup Cost": 0.0, "Total Cost": 0.46, "Plan Rows": 8, "Plan Width": 8, "Index Cond": "(movie_id = mc.movie_id)"}]}, {"Node Type": "Index Scan", "Parent Relationship": "Inner", "Scan Direction": "Forward", "Index Name": "keyword_pkey", "Relation Name": "keyword", "Alias": "k", "Startup Cost": 0.0, "Total Cost": 0.27, "Plan Rows": 1, "Plan Width": 4, "Index Cond": "(id = mk.keyword_id)"}]}]}, "Unique SQL Id": 2302223328, "Planner Runtime": 184}, "explain_analyze_plan": null}, "(64, 6)": {"explain_plan": {"Plan": {"Node Type": "Aggregate", "Strategy": "Plain", "Startup Cost": 83492.94, "Total Cost": 83492.95, "Plan Rows": 1, "Plan Width": 102, "Plans": [{"Node Type": "Hash Join", "Parent Relationship": "Outer", "Join Type": "Inner", "Startup Cost": 3781.54, "Total Cost": 83457.73, "Plan Rows": 7042, "Plan Width": 38, "Inner Unique": true, "Hash Cond": "(mk.keyword_id = k.id)", "Plans": [{"Node Type": "Nested Loop", "Parent Relationship": "Outer", "Join Type": "Inner", "Startup Cost": 3.73, "Total Cost": 79584.49, "Plan Rows": 7042, "Plan Width": 42, "Inner Unique": false, "Join Filter": "(t.id = mk.movie_id)", "Plans": [{"Node Type": "Nested Loop", "Parent Relationship": "Outer", "Join Type": "Inner", "Startup Cost": 3.4, "Total Cost": 75622.79, "Plan Rows": 873, "Plan Width": 54, "Inner Unique": false, "Join Filter": "(t.id = at.movie_id)", "Plans": [{"Node Type": "Nested Loop", "Parent Relationship": "Outer", "Join Type": "Inner", "Startup Cost": 3.12, "Total Cost": 73543.67, "Plan Rows": 478, "Plan Width": 29, "Inner Unique": true, "Join Filter": "(mc.company_type_id = ct.id)", "Plans": [{"Node Type": "Nested Loop", "Parent Relationship": "Outer", "Join Type": "Inner", "Startup Cost": 3.12, "Total Cost": 73521.13, "Plan Rows": 478, "Plan Width": 33, "Inner Unique": true, "Plans": [{"Node Type": "Nested Loop", "Parent Relationship": "Outer", "Join Type": "Inner", "Startup Cost": 2.86, "Total Cost": 71088.18, "Plan Rows": 568, "Plan Width": 37, "Inner Unique": false, "Plans": [{"Node Type": "Nested Loop", "Parent Relationship": "Outer", "Join Type": "Inner", "Startup Cost": 2.58, "Total Cost": 69935.76, "Plan Rows": 266, "Plan Width": 25, "Inner Unique": true, "Plans": [{"Node Type": "Nested Loop", "Parent Relationship": "Outer", "Join Type": "Inner", "Startup Cost": 0.0, "Total Cost": 68668.26, "Plan Rows": 192, "Plan Width": 4, "Inner Unique": false, "Join Filter": "(it1.id = mi.info_type_id)", "Plans": [{"Node Type": "Seq Scan", "Parent Relationship": "Outer", "Relation Name": "info_type", "Alias": "it1", "Startup Cost": 0.0, "Total Cost": 2.4, "Plan Rows": 1, "Plan Width": 4, "Filter": "((info)::text = 'release dates'::text)"}, {"Node Type": "Materialize", "Parent Relationship": "Inner", "Startup Cost": 0.0, "Total Cost": 68531.67, "Plan Rows": 13419, "Plan Width": 8, "Plans": [{"Node Type": "Streaming(type: LOCAL GATHER dop: 1/64)", "Parent Relationship": "Outer", "Startup Cost": 0.0, "Total Cost": 68498.12, "Plan Rows": 13419, "Plan Width": 8, "Plans": [{"Node Type": "Seq Scan", "Parent Relationship": "Outer", "Relation Name": "movie_info", "Alias": "mi", "Startup Cost": 0.0, "Total Cost": 68221.29, "Plan Rows": 13419, "Plan Width": 8, "Filter": "((note)::text ~~ '%internet%'::text)"}]}]}]}, {"Node Type": "Bitmap Heap Scan", "Parent Relationship": "Inner", "Relation Name": "title", "Alias": "t", "Startup Cost": 2.58, "Total Cost": 6.59, "Plan Rows": 1, "Plan Width": 21, "Recheck Cond": "(id = mi.movie_id)", "Filter": "(production_year > 1990)", "Plans": [{"Node Type": "Bitmap Index Scan", "Parent Relationship": "Outer", "Index Name": "title_pkey", "Startup Cost": 0.0, "Total Cost": 2.58, "Plan Rows": 1, "Plan Width": 0, "Index Cond": "(id = mi.movie_id)"}]}]}, {"Node Type": "Bitmap Heap Scan", "Parent Relationship": "Inner", "Relation Name": "movie_companies", "Alias": "mc", "Startup Cost": 0.29, "Total Cost": 4.31, "Plan Rows": 2, "Plan Width": 12, "Recheck Cond": "(movie_id = t.id)", "Plans": [{"Node Type": "Bitmap Index Scan", "Parent Relationship": "Outer", "Index Name": "movie_id_movie_companies", "Startup Cost": 0.0, "Total Cost": 0.29, "Plan Rows": 2, "Plan Width": 0, "Index Cond": "(movie_id = t.id)"}]}]}, {"Node Type": "Bitmap Heap Scan", "Parent Relationship": "Inner", "Relation Name": "company_name", "Alias": "cn", "Startup Cost": 0.26, "Total Cost": 4.27, "Plan Rows": 1, "Plan Width": 4, "Recheck Cond": "(id = mc.company_id)", "Filter": "((country_code)::text = '[us]'::text)", "Plans": [{"Node Type": "Bitmap Index Scan", "Parent Relationship": "Outer", "Index Name": "company_name_pkey", "Startup Cost": 0.0, "Total Cost": 0.26, "Plan Rows": 1, "Plan Width": 0, "Index Cond": "(id = mc.company_id)"}]}]}, {"Node Type": "Materialize", "Parent Relationship": "Inner", "Startup Cost": 0.0, "Total Cost": 1.04, "Plan Rows": 3, "Plan Width": 4, "Plans": [{"Node Type": "Seq Scan", "Parent Relationship": "Outer", "Relation Name": "company_type", "Alias": "ct", "Startup Cost": 0.0, "Total Cost": 1.03, "Plan Rows": 3, "Plan Width": 4}]}]}, {"Node Type": "Bitmap Heap Scan", "Parent Relationship": "Inner", "Relation Name": "aka_title", "Alias": "at", "Startup Cost": 0.27, "Total Cost": 4.31, "Plan Rows": 3, "Plan Width": 25, "Recheck Cond": "(movie_id = mc.movie_id)", "Plans": [{"Node Type": "Bitmap Index Scan", "Parent Relationship": "Outer", "Index Name": "movie_id_aka_title", "Startup Cost": 0.0, "Total Cost": 0.27, "Plan Rows": 3, "Plan Width": 0, "Index Cond": "(movie_id = mc.movie_id)"}]}]}, {"Node Type": "Bitmap Heap Scan", "Parent Relationship": "Inner", "Relation Name": "movie_keyword", "Alias": "mk", "Startup Cost": 0.34, "Total Cost": 4.44, "Plan Rows": 8, "Plan Width": 8, "Recheck Cond": "(movie_id = mc.movie_id)", "Plans": [{"Node Type": "Bitmap Index Scan", "Parent Relationship": "Outer", "Index Name": "movie_id_movie_keyword", "Startup Cost": 0.0, "Total Cost": 0.34, "Plan Rows": 8, "Plan Width": 0, "Index Cond": "(movie_id = mc.movie_id)"}]}]}, {"Node Type": "Hash", "Parent Relationship": "Inner", "Startup Cost": 2100.69, "Total Cost": 2100.69, "Plan Rows": 134169, "Plan Width": 4, "Plans": [{"Node Type": "Seq Scan", "Parent Relationship": "Outer", "Relation Name": "keyword", "Alias": "k", "Startup Cost": 0.0, "Total Cost": 2100.69, "Plan Rows": 134169, "Plan Width": 4}]}]}]}, "Unique SQL Id": 2302223328, "Planner Runtime": 299}, "explain_analyze_plan": {"Plan": {"Node Type": "Aggregate", "Strategy": "Plain", "Startup Cost": 83492.94, "Total Cost": 83492.95, "Plan Rows": 1, "Plan Width": 102, "Actual Min Startup Time": 735.731, "Actual Max Startup Time": 735.731, "Actual Min Total Time": 735.731, "Actual Max Total Time": 735.731, "Plans": [{"Node Type": "Hash Join", "Parent Relationship": "Outer", "Join Type": "Inner", "Startup Cost": 3781.54, "Total Cost": 83457.73, "Plan Rows": 7042, "Plan Width": 38, "Actual Min Startup Time": 327.553, "Actual Max Startup Time": 327.553, "Actual Min Total Time": 733.139, "Actual Max Total Time": 733.139, "Inner Unique": true, "Hash Cond": "(mk.keyword_id = k.id)", "Plans": [{"Node Type": "Nested Loop", "Parent Relationship": "Outer", "Join Type": "Inner", "Startup Cost": 3.73, "Total Cost": 79584.49, "Plan Rows": 7042, "Plan Width": 42, "Actual Min Startup Time": 253.358, "Actual Max Startup Time": 253.358, "Actual Min Total Time": 656.702, "Actual Max Total Time": 656.702, "Inner Unique": false, "Join Filter": "(t.id = mk.movie_id)", "Rows Removed by Join Filter": 0, "Plans": [{"Node Type": "Nested Loop", "Parent Relationship": "Outer", "Join Type": "Inner", "Startup Cost": 3.4, "Total Cost": 75622.79, "Plan Rows": 873, "Plan Width": 54, "Actual Min Startup Time": 252.542, "Actual Max Startup Time": 252.542, "Actual Min Total Time": 650.279, "Actual Max Total Time": 650.279, "Inner Unique": false, "Join Filter": "(t.id = at.movie_id)", "Rows Removed by Join Filter": 0, "Plans": [{"Node Type": "Nested Loop", "Parent Relationship": "Outer", "Join Type": "Inner", "Startup Cost": 3.12, "Total Cost": 73543.67, "Plan Rows": 478, "Plan Width": 29, "Actual Min Startup Time": 251.905, "Actual Max Startup Time": 251.905, "Actual Min Total Time": 620.105, "Actual Max Total Time": 620.105, "Inner Unique": true, "Join Filter": "(mc.company_type_id = ct.id)", "Rows Removed by Join Filter": 11829, "Plans": [{"Node Type": "Nested Loop", "Parent Relationship": "Outer", "Join Type": "Inner", "Startup Cost": 3.12, "Total Cost": 73521.13, "Plan Rows": 478, "Plan Width": 33, "Actual Min Startup Time": 251.844, "Actual Max Startup Time": 251.844, "Actual Min Total Time": 610.365, "Actual Max Total Time": 610.365, "Inner Unique": true, "Plans": [{"Node Type": "Nested Loop", "Parent Relationship": "Outer", "Join Type": "Inner", "Startup Cost": 2.86, "Total Cost": 71088.18, "Plan Rows": 568, "Plan Width": 37, "Actual Min Startup Time": 251.808, "Actual Max Startup Time": 251.808, "Actual Min Total Time": 503.83, "Actual Max Total Time": 503.83, "Inner Unique": false, "Plans": [{"Node Type": "Nested Loop", "Parent Relationship": "Outer", "Join Type": "Inner", "Startup Cost": 2.58, "Total Cost": 69935.76, "Plan Rows": 266, "Plan Width": 25, "Actual Min Startup Time": 251.726, "Actual Max Startup Time": 251.726, "Actual Min Total Time": 361.303, "Actual Max Total Time": 361.303, "Inner Unique": true, "Plans": [{"Node Type": "Nested Loop", "Parent Relationship": "Outer", "Join Type": "Inner", "Startup Cost": 0.0, "Total Cost": 68668.26, "Plan Rows": 192, "Plan Width": 4, "Actual Min Startup Time": 251.64, "Actual Max Startup Time": 251.64, "Actual Min Total Time": 258.825, "Actual Max Total Time": 258.825, "Inner Unique": false, "Join Filter": "(it1.id = mi.info_type_id)", "Rows Removed by Join Filter": 131, "Plans": [{"Node Type": "Seq Scan", "Parent Relationship": "Outer", "Relation Name": "info_type", "Alias": "it1", "Startup Cost": 0.0, "Total Cost": 2.4, "Plan Rows": 1, "Plan Width": 4, "Actual Min Startup Time": 0.099, "Actual Max Startup Time": 0.099, "Actual Min Total Time": 0.14, "Actual Max Total Time": 0.14, "Filter": "((info)::text = 'release dates'::text)", "Rows Removed by Filter": 111, "Actual Rows": 1}, {"Node Type": "Materialize", "Parent Relationship": "Inner", "Startup Cost": 0.0, "Total Cost": 68531.67, "Plan Rows": 13419, "Plan Width": 8, "Actual Min Startup Time": 251.499, "Actual Max Startup Time": 251.499, "Actual Min Total Time": 253.4, "Actual Max Total Time": 253.4, "Plans": [{"Node Type": "Streaming(type: LOCAL GATHER dop: 1/64)", "Parent Relationship": "Outer", "Startup Cost": 0.0, "Total Cost": 68498.12, "Plan Rows": 13419, "Plan Width": 8, "Actual Min Startup Time": 98.276, "Actual Max Startup Time": 98.276, "Actual Min Total Time": 249.438, "Actual Max Total Time": 249.438, "Plans": [{"Node Type": "Seq Scan", "Parent Relationship": "Outer", "Relation Name": "movie_info", "Alias": "mi", "Startup Cost": 0.0, "Total Cost": 68221.29, "Plan Rows": 13419, "Plan Width": 8, "Actual Min Startup Time": 0.106, "Actual Max Startup Time": 22.839, "Actual Min Total Time": 60.933, "Actual Max Total Time": 73.377, "Filter": "((note)::text ~~ '%internet%'::text)", "Rows Removed by Filter": 14824909, "Actual Rows": 10810}], "Actual Rows": 10810}], "Actual Rows": 10811}], "Actual Rows": 10679}, {"Node Type": "Bitmap Heap Scan", "Parent Relationship": "Inner", "Relation Name": "title", "Alias": "t", "Startup Cost": 2.58, "Total Cost": 6.59, "Plan Rows": 1, "Plan Width": 21, "Actual Min Startup Time": 87.891, "Actual Max Startup Time": 87.891, "Actual Min Total Time": 87.891, "Actual Max Total Time": 87.891, "Recheck Cond": "(id = mi.movie_id)", "Rows Removed by Index Recheck": 0, "Filter": "(production_year > 1990)", "Rows Removed by Filter": 17, "Exact Heap Blocks": 10679, "Lossy Heap Blocks": 10679, "Plans": [{"Node Type": "Bitmap Index Scan", "Parent Relationship": "Outer", "Index Name": "title_pkey", "Startup Cost": 0.0, "Total Cost": 2.58, "Plan Rows": 1, "Plan Width": 0, "Actual Min Startup Time": 48.375, "Actual Max Startup Time": 48.375, "Actual Min Total Time": 48.375, "Actual Max Total Time": 48.375, "Index Cond": "(id = mi.movie_id)", "Actual Rows": 10679}], "Actual Rows": 10662}], "Actual Rows": 10662}, {"Node Type": "Bitmap Heap Scan", "Parent Relationship": "Inner", "Relation Name": "movie_companies", "Alias": "mc", "Startup Cost": 0.29, "Total Cost": 4.31, "Plan Rows": 2, "Plan Width": 12, "Actual Min Startup Time": 114.935, "Actual Max Startup Time": 114.935, "Actual Min Total Time": 125.125, "Actual Max Total Time": 125.125, "Recheck Cond": "(movie_id = t.id)", "Rows Removed by Index Recheck": 0, "Exact Heap Blocks": 11694, "Lossy Heap Blocks": 11694, "Plans": [{"Node Type": "Bitmap Index Scan", "Parent Relationship": "Outer", "Index Name": "movie_id_movie_companies", "Startup Cost": 0.0, "Total Cost": 0.29, "Plan Rows": 2, "Plan Width": 0, "Actual Min Startup Time": 87.3, "Actual Max Startup Time": 87.3, "Actual Min Total Time": 87.3, "Actual Max Total Time": 87.3, "Index Cond": "(movie_id = t.id)", "Actual Rows": 14377}], "Actual Rows": 14377}], "Actual Rows": 14377}, {"Node Type": "Bitmap Heap Scan", "Parent Relationship": "Inner", "Relation Name": "company_name", "Alias": "cn", "Startup Cost": 0.26, "Total Cost": 4.27, "Plan Rows": 1, "Plan Width": 4, "Actual Min Startup Time": 87.742, "Actual Max Startup Time": 87.742, "Actual Min Total Time": 87.742, "Actual Max Total Time": 87.742, "Recheck Cond": "(id = mc.company_id)", "Rows Removed by Index Recheck": 0, "Filter": "((country_code)::text = '[us]'::text)", "Rows Removed by Filter": 4520, "Exact Heap Blocks": 14377, "Lossy Heap Blocks": 14377, "Plans": [{"Node Type": "Bitmap Index Scan", "Parent Relationship": "Outer", "Index Name": "company_name_pkey", "Startup Cost": 0.0, "Total Cost": 0.26, "Plan Rows": 1, "Plan Width": 0, "Actual Min Startup Time": 48.006, "Actual Max Startup Time": 48.006, "Actual Min Total Time": 48.006, "Actual Max Total Time": 48.006, "Index Cond": "(id = mc.company_id)", "Actual Rows": 14377}], "Actual Rows": 9857}], "Actual Rows": 9857}, {"Node Type": "Materialize", "Parent Relationship": "Inner", "Startup Cost": 0.0, "Total Cost": 1.04, "Plan Rows": 3, "Plan Width": 4, "Actual Min Startup Time": 1.34, "Actual Max Startup Time": 1.34, "Actual Min Total Time": 2.387, "Actual Max Total Time": 2.387, "Plans": [{"Node Type": "Seq Scan", "Parent Relationship": "Outer", "Relation Name": "company_type", "Alias": "ct", "Startup Cost": 0.0, "Total Cost": 1.03, "Plan Rows": 3, "Plan Width": 4, "Actual Min Startup Time": 0.009, "Actual Max Startup Time": 0.009, "Actual Min Total Time": 0.013, "Actual Max Total Time": 0.013, "Actual Rows": 3}], "Actual Rows": 17743}], "Actual Rows": 5914}, {"Node Type": "Bitmap Heap Scan", "Parent Relationship": "Inner", "Relation Name": "aka_title", "Alias": "at", "Startup Cost": 0.27, "Total Cost": 4.31, "Plan Rows": 3, "Plan Width": 25, "Actual Min Startup Time": 22.006, "Actual Max Startup Time": 22.006, "Actual Min Total Time": 22.29, "Actual Max Total Time": 22.29, "Recheck Cond": "(movie_id = mc.movie_id)", "Rows Removed by Index Recheck": 0, "Exact Heap Blocks": 382, "Lossy Heap Blocks": 382, "Plans": [{"Node Type": "Bitmap Index Scan", "Parent Relationship": "Outer", "Index Name": "movie_id_aka_title", "Startup Cost": 0.0, "Total Cost": 0.27, "Plan Rows": 3, "Plan Width": 0, "Actual Min Startup Time": 18.032, "Actual Max Startup Time": 18.032, "Actual Min Total Time": 18.032, "Actual Max Total Time": 18.032, "Index Cond": "(movie_id = mc.movie_id)", "Actual Rows": 382}], "Actual Rows": 382}], "Actual Rows": 382}, {"Node Type": "Bitmap Heap Scan", "Parent Relationship": "Inner", "Relation Name": "movie_keyword", "Alias": "mk", "Startup Cost": 0.34, "Total Cost": 4.44, "Plan Rows": 8, "Plan Width": 8, "Actual Min Startup Time": 3.765, "Actual Max Startup Time": 3.765, "Actual Min Total Time": 4.386, "Actual Max Total Time": 4.386, "Recheck Cond": "(movie_id = mc.movie_id)", "Rows Removed by Index Recheck": 0, "Exact Heap Blocks": 276, "Lossy Heap Blocks": 276, "Plans": [{"Node Type": "Bitmap Index Scan", "Parent Relationship": "Outer", "Index Name": "movie_id_movie_keyword", "Startup Cost": 0.0, "Total Cost": 0.34, "Plan Rows": 8, "Plan Width": 0, "Actual Min Startup Time": 2.432, "Actual Max Startup Time": 2.432, "Actual Min Total Time": 2.432, "Actual Max Total Time": 2.432, "Index Cond": "(movie_id = mc.movie_id)", "Actual Rows": 4371}], "Actual Rows": 4371}], "Actual Rows": 4371}, {"Node Type": "Hash", "Parent Relationship": "Inner", "Startup Cost": 2100.69, "Total Cost": 2100.69, "Plan Rows": 134169, "Plan Width": 4, "Actual Min Startup Time": 73.959, "Actual Max Startup Time": 73.959, "Actual Min Total Time": 73.959, "Actual Max Total Time": 73.959, "Max Hash Buckets": 262144, "Min Hash Buckets": 262144, "Max Hash Batches": 1, "Min Hash Batches": 1, "Max Original Hash Batches": 1, "Min Original Hash Batches": 1, "Max Peak Memory Usage": 4717, "min Peak Memory Usage": 4717, "Plans": [{"Node Type": "Seq Scan", "Parent Relationship": "Outer", "Relation Name": "keyword", "Alias": "k", "Startup Cost": 0.0, "Total Cost": 2100.69, "Plan Rows": 134169, "Plan Width": 4, "Actual Min Startup Time": 0.038, "Actual Max Startup Time": 0.038, "Actual Min Total Time": 38.963, "Actual Max Total Time": 38.963, "Actual Rows": 134169}], "Actual Rows": 134169}], "Actual Rows": 4371}], "Actual Rows": 1}, "Triggers": [], "Planner Runtime": 299, "Total Runtime": 749.877, "Unique SQL Id": 2302223328}}, "(64, 7)": {"explain_plan": {"Plan": {"Node Type": "Aggregate", "Strategy": "Plain", "Startup Cost": 179484.47, "Total Cost": 179484.48, "Plan Rows": 1, "Plan Width": 102, "Plans": [{"Node Type": "Hash Join", "Parent Relationship": "Outer", "Join Type": "Inner", "Startup Cost": 9392.76, "Total Cost": 179449.26, "Plan Rows": 7042, "Plan Width": 38, "Inner Unique": true, "Hash Cond": "(mk.keyword_id = k.id)", "Plans": [{"Node Type": "Nested Loop", "Parent Relationship": "Outer", "Join Type": "Inner", "Startup Cost": 4862.32, "Total Cost": 174823.39, "Plan Rows": 7042, "Plan Width": 42, "Inner Unique": false, "Join Filter": "(t.id = mk.movie_id)", "Plans": [{"Node Type": "Nested Loop", "Parent Relationship": "Outer", "Join Type": "Inner", "Startup Cost": 4861.98, "Total Cost": 170861.69, "Plan Rows": 873, "Plan Width": 54, "Inner Unique": false, "Join Filter": "(t.id = at.movie_id)", "Plans": [{"Node Type": "Nested Loop", "Parent Relationship": "Outer", "Join Type": "Inner", "Startup Cost": 4861.71, "Total Cost": 168782.57, "Plan Rows": 478, "Plan Width": 29, "Inner Unique": true, "Join Filter": "(mc.company_type_id = ct.id)", "Plans": [{"Node Type": "Nested Loop", "Parent Relationship": "Outer", "Join Type": "Inner", "Startup Cost": 4853.44, "Total Cost": 168748.76, "Plan Rows": 478, "Plan Width": 33, "Inner Unique": true, "Plans": [{"Node Type": "Nested Loop", "Parent Relationship": "Outer", "Join Type": "Inner", "Startup Cost": 4853.18, "Total Cost": 166315.81, "Plan Rows": 568, "Plan Width": 37, "Inner Unique": false, "Plans": [{"Node Type": "Nested Loop", "Parent Relationship": "Outer", "Join Type": "Inner", "Startup Cost": 4852.89, "Total Cost": 165163.39, "Plan Rows": 266, "Plan Width": 25, "Inner Unique": true, "Plans": [{"Node Type": "Nested Loop", "Parent Relationship": "Outer", "Join Type": "Inner", "Startup Cost": 4850.32, "Total Cost": 163895.89, "Plan Rows": 192, "Plan Width": 4, "Inner Unique": false, "Plans": [{"Node Type": "Bitmap Heap Scan", "Parent Relationship": "Outer", "Relation Name": "info_type", "Alias": "it1", "Startup Cost": 8.81, "Total Cost": 14.21, "Plan Rows": 1, "Plan Width": 4, "Filter": "((info)::text = 'release dates'::text)", "Plans": [{"Node Type": "Bitmap Index Scan", "Parent Relationship": "Outer", "Index Name": "info_type_pkey", "Startup Cost": 0.0, "Total Cost": 8.81, "Plan Rows": 112, "Plan Width": 0}]}, {"Node Type": "Bitmap Heap Scan", "Parent Relationship": "Inner", "Relation Name": "movie_info", "Alias": "mi", "Startup Cost": 4841.51, "Total Cost": 163879.76, "Plan Rows": 192, "Plan Width": 8, "Recheck Cond": "(info_type_id = it1.id)", "Filter": "((note)::text ~~ '%internet%'::text)", "Plans": [{"Node Type": "Bitmap Index Scan", "Parent Relationship": "Outer", "Index Name": "info_type_id_movie_info", "Startup Cost": 0.0, "Total Cost": 4841.46, "Plan Rows": 212428, "Plan Width": 0, "Index Cond": "(info_type_id = it1.id)"}]}]}, {"Node Type": "Bitmap Heap Scan", "Parent Relationship": "Inner", "Relation Name": "title", "Alias": "t", "Startup Cost": 2.58, "Total Cost": 6.59, "Plan Rows": 1, "Plan Width": 21, "Recheck Cond": "(id = mi.movie_id)", "Filter": "(production_year > 1990)", "Plans": [{"Node Type": "Bitmap Index Scan", "Parent Relationship": "Outer", "Index Name": "title_pkey", "Startup Cost": 0.0, "Total Cost": 2.58, "Plan Rows": 1, "Plan Width": 0, "Index Cond": "(id = mi.movie_id)"}]}]}, {"Node Type": "Bitmap Heap Scan", "Parent Relationship": "Inner", "Relation Name": "movie_companies", "Alias": "mc", "Startup Cost": 0.29, "Total Cost": 4.31, "Plan Rows": 2, "Plan Width": 12, "Recheck Cond": "(movie_id = t.id)", "Plans": [{"Node Type": "Bitmap Index Scan", "Parent Relationship": "Outer", "Index Name": "movie_id_movie_companies", "Startup Cost": 0.0, "Total Cost": 0.29, "Plan Rows": 2, "Plan Width": 0, "Index Cond": "(movie_id = t.id)"}]}]}, {"Node Type": "Bitmap Heap Scan", "Parent Relationship": "Inner", "Relation Name": "company_name", "Alias": "cn", "Startup Cost": 0.26, "Total Cost": 4.27, "Plan Rows": 1, "Plan Width": 4, "Recheck Cond": "(id = mc.company_id)", "Filter": "((country_code)::text = '[us]'::text)", "Plans": [{"Node Type": "Bitmap Index Scan", "Parent Relationship": "Outer", "Index Name": "company_name_pkey", "Startup Cost": 0.0, "Total Cost": 0.26, "Plan Rows": 1, "Plan Width": 0, "Index Cond": "(id = mc.company_id)"}]}]}, {"Node Type": "Materialize", "Parent Relationship": "Inner", "Startup Cost": 8.27, "Total Cost": 12.31, "Plan Rows": 3, "Plan Width": 4, "Plans": [{"Node Type": "Bitmap Heap Scan", "Parent Relationship": "Outer", "Relation Name": "company_type", "Alias": "ct", "Startup Cost": 8.27, "Total Cost": 12.3, "Plan Rows": 3, "Plan Width": 4, "Plans": [{"Node Type": "Bitmap Index Scan", "Parent Relationship": "Outer", "Index Name": "company_type_pkey", "Startup Cost": 0.0, "Total Cost": 8.27, "Plan Rows": 3, "Plan Width": 0}]}]}]}, {"Node Type": "Bitmap Heap Scan", "Parent Relationship": "Inner", "Relation Name": "aka_title", "Alias": "at", "Startup Cost": 0.27, "Total Cost": 4.31, "Plan Rows": 3, "Plan Width": 25, "Recheck Cond": "(movie_id = mc.movie_id)", "Plans": [{"Node Type": "Bitmap Index Scan", "Parent Relationship": "Outer", "Index Name": "movie_id_aka_title", "Startup Cost": 0.0, "Total Cost": 0.27, "Plan Rows": 3, "Plan Width": 0, "Index Cond": "(movie_id = mc.movie_id)"}]}]}, {"Node Type": "Bitmap Heap Scan", "Parent Relationship": "Inner", "Relation Name": "movie_keyword", "Alias": "mk", "Startup Cost": 0.34, "Total Cost": 4.44, "Plan Rows": 8, "Plan Width": 8, "Recheck Cond": "(movie_id = mc.movie_id)", "Plans": [{"Node Type": "Bitmap Index Scan", "Parent Relationship": "Outer", "Index Name": "movie_id_movie_keyword", "Startup Cost": 0.0, "Total Cost": 0.34, "Plan Rows": 8, "Plan Width": 0, "Index Cond": "(movie_id = mc.movie_id)"}]}]}, {"Node Type": "Hash", "Parent Relationship": "Inner", "Startup Cost": 2853.33, "Total Cost": 2853.33, "Plan Rows": 134169, "Plan Width": 4, "Plans": [{"Node Type": "Bitmap Heap Scan", "Parent Relationship": "Outer", "Relation Name": "keyword", "Alias": "k", "Startup Cost": 752.64, "Total Cost": 2853.33, "Plan Rows": 134169, "Plan Width": 4, "Plans": [{"Node Type": "Bitmap Index Scan", "Parent Relationship": "Outer", "Index Name": "keyword_pkey", "Startup Cost": 0.0, "Total Cost": 719.1, "Plan Rows": 134169, "Plan Width": 0}]}]}]}]}, "Unique SQL Id": 2302223328, "Planner Runtime": 208}, "explain_analyze_plan": null}, "(64, 8)": {"explain_plan": {"Plan": {"Node Type": "Aggregate", "Strategy": "Plain", "Startup Cost": 72485.14, "Total Cost": 72485.15, "Plan Rows": 1, "Plan Width": 102, "Plans": [{"Node Type": "Nested Loop", "Parent Relationship": "Outer", "Join Type": "Inner", "Startup Cost": 0.0, "Total Cost": 72449.93, "Plan Rows": 7042, "Plan Width": 38, "Inner Unique": true, "Plans": [{"Node Type": "Nested Loop", "Parent Relationship": "Outer", "Join Type": "Inner", "Startup Cost": 0.0, "Total Cost": 70478.1, "Plan Rows": 7042, "Plan Width": 42, "Inner Unique": false, "Join Filter": "(t.id = mk.movie_id)", "Plans": [{"Node Type": "Nested Loop", "Parent Relationship": "Outer", "Join Type": "Inner", "Startup Cost": 0.0, "Total Cost": 69987.12, "Plan Rows": 873, "Plan Width": 54, "Inner Unique": true, "Join Filter": "(at.movie_id = t.id)", "Plans": [{"Node Type": "Nested Loop", "Parent Relationship": "Outer", "Join Type": "Inner", "Startup Cost": 0.0, "Total Cost": 69765.04, "Plan Rows": 630, "Plan Width": 33, "Inner Unique": true, "Join Filter": "(mc.company_type_id = ct.id)", "Plans": [{"Node Type": "Nested Loop", "Parent Relationship": "Outer", "Join Type": "Inner", "Startup Cost": 0.0, "Total Cost": 69735.65, "Plan Rows": 630, "Plan Width": 37, "Inner Unique": true, "Plans": [{"Node Type": "Nested Loop", "Parent Relationship": "Outer", "Join Type": "Inner", "Startup Cost": 0.0, "Total Cost": 69433.03, "Plan Rows": 1052, "Plan Width": 41, "Inner Unique": false, "Plans": [{"Node Type": "Nested Loop", "Parent Relationship": "Outer", "Join Type": "Inner", "Startup Cost": 0.0, "Total Cost": 69143.95, "Plan Rows": 490, "Plan Width": 29, "Inner Unique": false, "Plans": [{"Node Type": "Nested Loop", "Parent Relationship": "Outer", "Join Type": "Inner", "Startup Cost": 0.0, "Total Cost": 68668.26, "Plan Rows": 192, "Plan Width": 4, "Inner Unique": false, "Join Filter": "(it1.id = mi.info_type_id)", "Plans": [{"Node Type": "Seq Scan", "Parent Relationship": "Outer", "Relation Name": "info_type", "Alias": "it1", "Startup Cost": 0.0, "Total Cost": 2.4, "Plan Rows": 1, "Plan Width": 4, "Filter": "((info)::text = 'release dates'::text)"}, {"Node Type": "Materialize", "Parent Relationship": "Inner", "Startup Cost": 0.0, "Total Cost": 68531.67, "Plan Rows": 13419, "Plan Width": 8, "Plans": [{"Node Type": "Streaming(type: LOCAL GATHER dop: 1/64)", "Parent Relationship": "Outer", "Startup Cost": 0.0, "Total Cost": 68498.12, "Plan Rows": 13419, "Plan Width": 8, "Plans": [{"Node Type": "Seq Scan", "Parent Relationship": "Outer", "Relation Name": "movie_info", "Alias": "mi", "Startup Cost": 0.0, "Total Cost": 68221.29, "Plan Rows": 13419, "Plan Width": 8, "Filter": "((note)::text ~~ '%internet%'::text)"}]}]}]}, {"Node Type": "Index Scan", "Parent Relationship": "Inner", "Scan Direction": "Forward", "Index Name": "movie_id_aka_title", "Relation Name": "aka_title", "Alias": "at", "Startup Cost": 0.0, "Total Cost": 2.45, "Plan Rows": 3, "Plan Width": 25, "Index Cond": "(movie_id = mi.movie_id)"}]}, {"Node Type": "Index Scan", "Parent Relationship": "Inner", "Scan Direction": "Forward", "Index Name": "movie_id_movie_companies", "Relation Name": "movie_companies", "Alias": "mc", "Startup Cost": 0.0, "Total Cost": 0.57, "Plan Rows": 2, "Plan Width": 12, "Index Cond": "(movie_id = at.movie_id)"}]}, {"Node Type": "Index Scan", "Parent Relationship": "Inner", "Scan Direction": "Forward", "Index Name": "company_name_pkey", "Relation Name": "company_name", "Alias": "cn", "Startup Cost": 0.0, "Total Cost": 0.28, "Plan Rows": 1, "Plan Width": 4, "Index Cond": "(id = mc.company_id)", "Filter": "((country_code)::text = '[us]'::text)"}]}, {"Node Type": "Materialize", "Parent Relationship": "Inner", "Startup Cost": 0.0, "Total Cost": 1.04, "Plan Rows": 3, "Plan Width": 4, "Plans": [{"Node Type": "Seq Scan", "Parent Relationship": "Outer", "Relation Name": "company_type", "Alias": "ct", "Startup Cost": 0.0, "Total Cost": 1.03, "Plan Rows": 3, "Plan Width": 4}]}]}, {"Node Type": "Index Scan", "Parent Relationship": "Inner", "Scan Direction": "Forward", "Index Name": "title_pkey", "Relation Name": "title", "Alias": "t", "Startup Cost": 0.0, "Total Cost": 0.34, "Plan Rows": 1, "Plan Width": 21, "Index Cond": "(id = mc.movie_id)", "Filter": "(production_year > 1990)"}]}, {"Node Type": "Index Scan", "Parent Relationship": "Inner", "Scan Direction": "Forward", "Index Name": "movie_id_movie_keyword", "Relation Name": "movie_keyword", "Alias": "mk", "Startup Cost": 0.0, "Total Cost": 0.46, "Plan Rows": 8, "Plan Width": 8, "Index Cond": "(movie_id = mc.movie_id)"}]}, {"Node Type": "Index Only Scan", "Parent Relationship": "Inner", "Scan Direction": "Forward", "Index Name": "keyword_pkey", "Relation Name": "keyword", "Alias": "k", "Startup Cost": 0.0, "Total Cost": 0.27, "Plan Rows": 1, "Plan Width": 4, "Index Cond": "(id = mk.keyword_id)"}]}]}, "Unique SQL Id": 2302223328, "Planner Runtime": 235}, "explain_analyze_plan": {"Plan": {"Node Type": "Aggregate", "Strategy": "Plain", "Startup Cost": 72485.14, "Total Cost": 72485.15, "Plan Rows": 1, "Plan Width": 102, "Actual Min Startup Time": 255.152, "Actual Max Startup Time": 255.152, "Actual Min Total Time": 255.152, "Actual Max Total Time": 255.152, "Plans": [{"Node Type": "Nested Loop", "Parent Relationship": "Outer", "Join Type": "Inner", "Startup Cost": 0.0, "Total Cost": 72449.93, "Plan Rows": 7042, "Plan Width": 38, "Actual Min Startup Time": 175.424, "Actual Max Startup Time": 175.424, "Actual Min Total Time": 252.499, "Actual Max Total Time": 252.499, "Inner Unique": true, "Plans": [{"Node Type": "Nested Loop", "Parent Relationship": "Outer", "Join Type": "Inner", "Startup Cost": 0.0, "Total Cost": 70478.1, "Plan Rows": 7042, "Plan Width": 42, "Actual Min Startup Time": 175.411, "Actual Max Startup Time": 175.411, "Actual Min Total Time": 238.169, "Actual Max Total Time": 238.169, "Inner Unique": false, "Join Filter": "(t.id = mk.movie_id)", "Rows Removed by Join Filter": 0, "Plans": [{"Node Type": "Nested Loop", "Parent Relationship": "Outer", "Join Type": "Inner", "Startup Cost": 0.0, "Total Cost": 69987.12, "Plan Rows": 873, "Plan Width": 54, "Actual Min Startup Time": 175.237, "Actual Max Startup Time": 175.237, "Actual Min Total Time": 232.136, "Actual Max Total Time": 232.136, "Inner Unique": true, "Join Filter": "(at.movie_id = t.id)", "Rows Removed by Join Filter": 0, "Plans": [{"Node Type": "Nested Loop", "Parent Relationship": "Outer", "Join Type": "Inner", "Startup Cost": 0.0, "Total Cost": 69765.04, "Plan Rows": 630, "Plan Width": 33, "Actual Min Startup Time": 175.216, "Actual Max Startup Time": 175.216, "Actual Min Total Time": 229.541, "Actual Max Total Time": 229.541, "Inner Unique": true, "Join Filter": "(mc.company_type_id = ct.id)", "Rows Removed by Join Filter": 1542, "Plans": [{"Node Type": "Nested Loop", "Parent Relationship": "Outer", "Join Type": "Inner", "Startup Cost": 0.0, "Total Cost": 69735.65, "Plan Rows": 630, "Plan Width": 37, "Actual Min Startup Time": 175.199, "Actual Max Startup Time": 175.199, "Actual Min Total Time": 228.633, "Actual Max Total Time": 228.633, "Inner Unique": true, "Plans": [{"Node Type": "Nested Loop", "Parent Relationship": "Outer", "Join Type": "Inner", "Startup Cost": 0.0, "Total Cost": 69433.03, "Plan Rows": 1052, "Plan Width": 41, "Actual Min Startup Time": 175.177, "Actual Max Startup Time": 175.177, "Actual Min Total Time": 218.567, "Actual Max Total Time": 218.567, "Inner Unique": false, "Plans": [{"Node Type": "Nested Loop", "Parent Relationship": "Outer", "Join Type": "Inner", "Startup Cost": 0.0, "Total Cost": 69143.95, "Plan Rows": 490, "Plan Width": 29, "Actual Min Startup Time": 175.163, "Actual Max Startup Time": 175.163, "Actual Min Total Time": 213.28, "Actual Max Total Time": 213.28, "Inner Unique": false, "Plans": [{"Node Type": "Nested Loop", "Parent Relationship": "Outer", "Join Type": "Inner", "Startup Cost": 0.0, "Total Cost": 68668.26, "Plan Rows": 192, "Plan Width": 4, "Actual Min Startup Time": 175.076, "Actual Max Startup Time": 175.076, "Actual Min Total Time": 180.827, "Actual Max Total Time": 180.827, "Inner Unique": false, "Join Filter": "(it1.id = mi.info_type_id)", "Rows Removed by Join Filter": 131, "Plans": [{"Node Type": "Seq Scan", "Parent Relationship": "Outer", "Relation Name": "info_type", "Alias": "it1", "Startup Cost": 0.0, "Total Cost": 2.4, "Plan Rows": 1, "Plan Width": 4, "Actual Min Startup Time": 0.063, "Actual Max Startup Time": 0.063, "Actual Min Total Time": 0.09, "Actual Max Total Time": 0.09, "Filter": "((info)::text = 'release dates'::text)", "Rows Removed by Filter": 111, "Actual Rows": 1}, {"Node Type": "Materialize", "Parent Relationship": "Inner", "Startup Cost": 0.0, "Total Cost": 68531.67, "Plan Rows": 13419, "Plan Width": 8, "Actual Min Startup Time": 174.986, "Actual Max Startup Time": 174.986, "Actual Min Total Time": 176.592, "Actual Max Total Time": 176.592, "Plans": [{"Node Type": "Streaming(type: LOCAL GATHER dop: 1/64)", "Parent Relationship": "Outer", "Startup Cost": 0.0, "Total Cost": 68498.12, "Plan Rows": 13419, "Plan Width": 8, "Actual Min Startup Time": 64.89, "Actual Max Startup Time": 64.89, "Actual Min Total Time": 173.069, "Actual Max Total Time": 173.069, "Plans": [{"Node Type": "Seq Scan", "Parent Relationship": "Outer", "Relation Name": "movie_info", "Alias": "mi", "Startup Cost": 0.0, "Total Cost": 68221.29, "Plan Rows": 13419, "Plan Width": 8, "Actual Min Startup Time": 0.106, "Actual Max Startup Time": 40.781, "Actual Min Total Time": 60.185, "Actual Max Total Time": 84.855, "Filter": "((note)::text ~~ '%internet%'::text)", "Rows Removed by Filter": 14824909, "Actual Rows": 10810}], "Actual Rows": 10810}], "Actual Rows": 10811}], "Actual Rows": 10679}, {"Node Type": "Index Scan", "Parent Relationship": "Inner", "Scan Direction": "Forward", "Index Name": "movie_id_aka_title", "Relation Name": "aka_title", "Alias": "at", "Startup Cost": 0.0, "Total Cost": 2.45, "Plan Rows": 3, "Plan Width": 25, "Actual Min Startup Time": 27.012, "Actual Max Startup Time": 27.012, "Actual Min Total Time": 27.515, "Actual Max Total Time": 27.515, "Index Cond": "(movie_id = mi.movie_id)", "Rows Removed by Index Recheck": 0, "Actual Rows": 591}], "Actual Rows": 591}, {"Node Type": "Index Scan", "Parent Relationship": "Inner", "Scan Direction": "Forward", "Index Name": "movie_id_movie_companies", "Relation Name": "movie_companies", "Alias": "mc", "Startup Cost": 0.0, "Total Cost": 0.57, "Plan Rows": 2, "Plan Width": 12, "Actual Min Startup Time": 3.097, "Actual Max Startup Time": 3.097, "Actual Min Total Time": 4.477, "Actual Max Total Time": 4.477, "Index Cond": "(movie_id = at.movie_id)", "Rows Removed by Index Recheck": 0, "Actual Rows": 2130}], "Actual Rows": 2130}, {"Node Type": "Index Scan", "Parent Relationship": "Inner", "Scan Direction": "Forward", "Index Name": "company_name_pkey", "Relation Name": "company_name", "Alias": "cn", "Startup Cost": 0.0, "Total Cost": 0.28, "Plan Rows": 1, "Plan Width": 4, "Actual Min Startup Time": 8.666, "Actual Max Startup Time": 8.666, "Actual Min Total Time": 8.666, "Actual Max Total Time": 8.666, "Index Cond": "(id = mc.company_id)", "Rows Removed by Index Recheck": 0, "Filter": "((country_code)::text = '[us]'::text)", "Rows Removed by Filter": 1234, "Actual Rows": 896}], "Actual Rows": 896}, {"Node Type": "Materialize", "Parent Relationship": "Inner", "Startup Cost": 0.0, "Total Cost": 1.04, "Plan Rows": 3, "Plan Width": 4, "Actual Min Startup Time": 0.108, "Actual Max Startup Time": 0.108, "Actual Min Total Time": 0.257, "Actual Max Total Time": 0.257, "Plans": [{"Node Type": "Seq Scan", "Parent Relationship": "Outer", "Relation Name": "company_type", "Alias": "ct", "Startup Cost": 0.0, "Total Cost": 1.03, "Plan Rows": 3, "Plan Width": 4, "Actual Min Startup Time": 0.008, "Actual Max Startup Time": 0.008, "Actual Min Total Time": 0.01, "Actual Max Total Time": 0.01, "Actual Rows": 3}], "Actual Rows": 1924}], "Actual Rows": 382}, {"Node Type": "Index Scan", "Parent Relationship": "Inner", "Scan Direction": "Forward", "Index Name": "title_pkey", "Relation Name": "title", "Alias": "t", "Startup Cost": 0.0, "Total Cost": 0.34, "Plan Rows": 1, "Plan Width": 21, "Actual Min Startup Time": 2.107, "Actual Max Startup Time": 2.107, "Actual Min Total Time": 2.107, "Actual Max Total Time": 2.107, "Index Cond": "(id = mc.movie_id)", "Rows Removed by Index Recheck": 0, "Filter": "(production_year > 1990)", "Rows Removed by Filter": 0, "Actual Rows": 382}], "Actual Rows": 382}, {"Node Type": "Index Scan", "Parent Relationship": "Inner", "Scan Direction": "Forward", "Index Name": "movie_id_movie_keyword", "Relation Name": "movie_keyword", "Alias": "mk", "Startup Cost": 0.0, "Total Cost": 0.46, "Plan Rows": 8, "Plan Width": 8, "Actual Min Startup Time": 2.014, "Actual Max Startup Time": 2.014, "Actual Min Total Time": 4.09, "Actual Max Total Time": 4.09, "Index Cond": "(movie_id = mc.movie_id)", "Rows Removed by Index Recheck": 0, "Actual Rows": 4371}], "Actual Rows": 4371}, {"Node Type": "Index Only Scan", "Parent Relationship": "Inner", "Scan Direction": "Forward", "Index Name": "keyword_pkey", "Relation Name": "keyword", "Alias": "k", "Startup Cost": 0.0, "Total Cost": 0.27, "Plan Rows": 1, "Plan Width": 4, "Actual Min Startup Time": 11.377, "Actual Max Startup Time": 11.377, "Actual Min Total Time": 11.377, "Actual Max Total Time": 11.377, "Index Cond": "(id = mk.keyword_id)", "Rows Removed by Index Recheck": 0, "Heap Fetches": 0, "Actual Rows": 4371}], "Actual Rows": 4371}], "Actual Rows": 1}, "Triggers": [], "Planner Runtime": 235, "Total Runtime": 266.769, "Unique SQL Id": 2302223328}}, "(64, 9)": {"explain_plan": {"Plan": {"Node Type": "Aggregate", "Strategy": "Plain", "Startup Cost": 499523.79, "Total Cost": 499523.8, "Plan Rows": 1, "Plan Width": 102, "Plans": [{"Node Type": "Nested Loop", "Parent Relationship": "Outer", "Join Type": "Inner", "Startup Cost": 0.0, "Total Cost": 499488.58, "Plan Rows": 7042, "Plan Width": 38, "Inner Unique": true, "Plans": [{"Node Type": "Nested Loop", "Parent Relationship": "Outer", "Join Type": "Inner", "Startup Cost": 0.0, "Total Cost": 497516.75, "Plan Rows": 7042, "Plan Width": 42, "Inner Unique": false, "Join Filter": "(t.id = mk.movie_id)", "Plans": [{"Node Type": "Nested Loop", "Parent Relationship": "Outer", "Join Type": "Inner", "Startup Cost": 0.0, "Total Cost": 497025.77, "Plan Rows": 873, "Plan Width": 54, "Inner Unique": true, "Join Filter": "(at.movie_id = t.id)", "Plans": [{"Node Type": "Nested Loop", "Parent Relationship": "Outer", "Join Type": "Inner", "Startup Cost": 0.0, "Total Cost": 496803.69, "Plan Rows": 630, "Plan Width": 33, "Inner Unique": true, "Join Filter": "(mc.company_type_id = ct.id)", "Plans": [{"Node Type": "Nested Loop", "Parent Relationship": "Outer", "Join Type": "Inner", "Startup Cost": 0.0, "Total Cost": 496767.04, "Plan Rows": 630, "Plan Width": 37, "Inner Unique": true, "Plans": [{"Node Type": "Nested Loop", "Parent Relationship": "Outer", "Join Type": "Inner", "Startup Cost": 0.0, "Total Cost": 496464.42, "Plan Rows": 1052, "Plan Width": 41, "Inner Unique": false, "Plans": [{"Node Type": "Nested Loop", "Parent Relationship": "Outer", "Join Type": "Inner", "Startup Cost": 0.0, "Total Cost": 496175.34, "Plan Rows": 490, "Plan Width": 29, "Inner Unique": false, "Plans": [{"Node Type": "Nested Loop", "Parent Relationship": "Outer", "Join Type": "Inner", "Startup Cost": 0.0, "Total Cost": 495699.65, "Plan Rows": 192, "Plan Width": 4, "Inner Unique": false, "Plans": [{"Node Type": "Index Scan", "Parent Relationship": "Outer", "Scan Direction": "Forward", "Index Name": "info_type_pkey", "Relation Name": "info_type", "Alias": "it1", "Startup Cost": 0.0, "Total Cost": 14.21, "Plan Rows": 1, "Plan Width": 4, "Filter": "((info)::text = 'release dates'::text)"}, {"Node Type": "Index Scan", "Parent Relationship": "Inner", "Scan Direction": "Forward", "Index Name": "info_type_id_movie_info", "Relation Name": "movie_info", "Alias": "mi", "Startup Cost": 0.0, "Total Cost": 495683.52, "Plan Rows": 192, "Plan Width": 8, "Index Cond": "(info_type_id = it1.id)", "Filter": "((note)::text ~~ '%internet%'::text)"}]}, {"Node Type": "Index Scan", "Parent Relationship": "Inner", "Scan Direction": "Forward", "Index Name": "movie_id_aka_title", "Relation Name": "aka_title", "Alias": "at", "Startup Cost": 0.0, "Total Cost": 2.45, "Plan Rows": 3, "Plan Width": 25, "Index Cond": "(movie_id = mi.movie_id)"}]}, {"Node Type": "Index Scan", "Parent Relationship": "Inner", "Scan Direction": "Forward", "Index Name": "movie_id_movie_companies", "Relation Name": "movie_companies", "Alias": "mc", "Startup Cost": 0.0, "Total Cost": 0.57, "Plan Rows": 2, "Plan Width": 12, "Index Cond": "(movie_id = at.movie_id)"}]}, {"Node Type": "Index Scan", "Parent Relationship": "Inner", "Scan Direction": "Forward", "Index Name": "company_name_pkey", "Relation Name": "company_name", "Alias": "cn", "Startup Cost": 0.0, "Total Cost": 0.28, "Plan Rows": 1, "Plan Width": 4, "Index Cond": "(id = mc.company_id)", "Filter": "((country_code)::text = '[us]'::text)"}]}, {"Node Type": "Materialize", "Parent Relationship": "Inner", "Startup Cost": 0.0, "Total Cost": 8.31, "Plan Rows": 3, "Plan Width": 4, "Plans": [{"Node Type": "Index Only Scan", "Parent Relationship": "Outer", "Scan Direction": "Forward", "Index Name": "company_type_pkey", "Relation Name": "company_type", "Alias": "ct", "Startup Cost": 0.0, "Total Cost": 8.29, "Plan Rows": 3, "Plan Width": 4}]}]}, {"Node Type": "Index Scan", "Parent Relationship": "Inner", "Scan Direction": "Forward", "Index Name": "title_pkey", "Relation Name": "title", "Alias": "t", "Startup Cost": 0.0, "Total Cost": 0.34, "Plan Rows": 1, "Plan Width": 21, "Index Cond": "(id = mc.movie_id)", "Filter": "(production_year > 1990)"}]}, {"Node Type": "Index Scan", "Parent Relationship": "Inner", "Scan Direction": "Forward", "Index Name": "movie_id_movie_keyword", "Relation Name": "movie_keyword", "Alias": "mk", "Startup Cost": 0.0, "Total Cost": 0.46, "Plan Rows": 8, "Plan Width": 8, "Index Cond": "(movie_id = mc.movie_id)"}]}, {"Node Type": "Index Only Scan", "Parent Relationship": "Inner", "Scan Direction": "Forward", "Index Name": "keyword_pkey", "Relation Name": "keyword", "Alias": "k", "Startup Cost": 0.0, "Total Cost": 0.27, "Plan Rows": 1, "Plan Width": 4, "Index Cond": "(id = mk.keyword_id)"}]}]}, "Unique SQL Id": 2302223328, "Planner Runtime": 178}, "explain_analyze_plan": null}, "(64, 10)": {"explain_plan": {"Plan": {"Node Type": "Aggregate", "Strategy": "Plain", "Startup Cost": 311924.61, "Total Cost": 311924.62, "Plan Rows": 1, "Plan Width": 102, "Plans": [{"Node Type": "Hash Join", "Parent Relationship": "Outer", "Join Type": "Inner", "Startup Cost": 157401.54, "Total Cost": 311889.4, "Plan Rows": 7042, "Plan Width": 38, "Inner Unique": true, "Hash Cond": "(mk.keyword_id = k.id)", "Plans": [{"Node Type": "Nested Loop", "Parent Relationship": "Outer", "Join Type": "Inner", "Startup Cost": 153623.74, "Total Cost": 308016.16, "Plan Rows": 7042, "Plan Width": 42, "Inner Unique": true, "Join Filter": "(mc.company_type_id = ct.id)", "Plans": [{"Node Type": "Hash Join", "Parent Relationship": "Outer", "Join Type": "Inner", "Startup Cost": 153623.74, "Total Cost": 307698.24, "Plan Rows": 7042, "Plan Width": 46, "Inner Unique": true, "Hash Cond": "(mc.company_id = cn.id)", "Plans": [{"Node Type": "Streaming(type: LOCAL GATHER dop: 1/64)", "Parent Relationship": "Outer", "Startup Cost": 151083.25, "Total Cost": 305055.87, "Plan Rows": 11758, "Plan Width": 50, "Plans": [{"Node Type": "Hash Join", "Parent Relationship": "Outer", "Join Type": "Inner", "Startup Cost": 151083.25, "Total Cost": 304813.3, "Plan Rows": 11758, "Plan Width": 50, "Inner Unique": true, "Hash Cond": "(at.movie_id = t.id)", "Plans": [{"Node Type": "Streaming(type: BROADCAST dop: 64/1)", "Parent Relationship": "Outer", "Startup Cost": 134732.34, "Total Cost": 288428.73, "Plan Rows": 543168, "Plan Width": 49, "Plans": [{"Node Type": "Hash Join", "Parent Relationship": "Outer", "Join Type": "Inner", "Startup Cost": 134732.34, "Total Cost": 214223.24, "Plan Rows": 8487, "Plan Width": 49, "Inner Unique": false, "Hash Cond": "(mk.movie_id = at.movie_id)", "Plans": [{"Node Type": "Seq Scan", "Parent Relationship": "Outer", "Relation Name": "movie_keyword", "Alias": "mk", "Startup Cost": 0.0, "Total Cost": 62441.29, "Plan Rows": 4523929, "Plan Width": 8}, {"Node Type": "Hash", "Parent Relationship": "Inner", "Startup Cost": 134719.19, "Total Cost": 134719.19, "Plan Rows": 1052, "Plan Width": 41, "Plans": [{"Node Type": "Hash Join", "Parent Relationship": "Outer", "Join Type": "Inner", "Startup Cost": 83107.27, "Total Cost": 134719.19, "Plan Rows": 1052, "Plan Width": 41, "Inner Unique": false, "Hash Cond": "(mc.movie_id = at.movie_id)", "Plans": [{"Node Type": "Seq Scan", "Parent Relationship": "Outer", "Relation Name": "movie_companies", "Alias": "mc", "Startup Cost": 0.0, "Total Cost": 41817.28, "Plan Rows": 2609128, "Plan Width": 12}, {"Node Type": "Hash", "Parent Relationship": "Inner", "Startup Cost": 83101.15, "Total Cost": 83101.15, "Plan Rows": 490, "Plan Width": 29, "Plans": [{"Node Type": "Hash Join", "Parent Relationship": "Outer", "Join Type": "Inner", "Startup Cost": 14413.1, "Total Cost": 83101.15, "Plan Rows": 490, "Plan Width": 29, "Inner Unique": false, "Hash Cond": "(mi.movie_id = at.movie_id)", "Plans": [{"Node Type": "Nested Loop", "Parent Relationship": "Outer", "Join Type": "Inner", "Startup Cost": 0.0, "Total Cost": 68668.26, "Plan Rows": 192, "Plan Width": 4, "Inner Unique": false, "Join Filter": "(it1.id = mi.info_type_id)", "Plans": [{"Node Type": "Seq Scan", "Parent Relationship": "Outer", "Relation Name": "info_type", "Alias": "it1", "Startup Cost": 0.0, "Total Cost": 2.4, "Plan Rows": 1, "Plan Width": 4, "Filter": "((info)::text = 'release dates'::text)"}, {"Node Type": "Materialize", "Parent Relationship": "Inner", "Startup Cost": 0.0, "Total Cost": 68531.67, "Plan Rows": 13419, "Plan Width": 8, "Plans": [{"Node Type": "Streaming(type: LOCAL GATHER dop: 1/64)", "Parent Relationship": "Outer", "Startup Cost": 0.0, "Total Cost": 68498.12, "Plan Rows": 13419, "Plan Width": 8, "Plans": [{"Node Type": "Seq Scan", "Parent Relationship": "Outer", "Relation Name": "movie_info", "Alias": "mi", "Startup Cost": 0.0, "Total Cost": 68221.29, "Plan Rows": 13419, "Plan Width": 8, "Filter": "((note)::text ~~ '%internet%'::text)"}]}]}]}, {"Node Type": "Hash", "Parent Relationship": "Inner", "Startup Cost": 9894.71, "Total Cost": 9894.71, "Plan Rows": 361471, "Plan Width": 25, "Plans": [{"Node Type": "Seq Scan", "Parent Relationship": "Outer", "Relation Name": "aka_title", "Alias": "at", "Startup Cost": 0.0, "Total Cost": 9894.71, "Plan Rows": 361471, "Plan Width": 25}]}]}]}]}]}]}]}, {"Node Type": "Hash", "Parent Relationship": "Inner", "Startup Cost": 64037.34, "Total Cost": 64037.34, "Plan Rows": 1748840, "Plan Width": 21, "Plans": [{"Node Type": "Seq Scan", "Parent Relationship": "Outer", "Relation Name": "title", "Alias": "t", "Startup Cost": 0.0, "Total Cost": 64037.34, "Plan Rows": 1748840, "Plan Width": 21, "Filter": "(production_year > 1990), (LLVM Optimized)"}]}]}]}, {"Node Type": "Hash", "Parent Relationship": "Inner", "Startup Cost": 5903.45, "Total Cost": 5903.45, "Plan Rows": 85170, "Plan Width": 4, "Plans": [{"Node Type": "Seq Scan", "Parent Relationship": "Outer", "Relation Name": "company_name", "Alias": "cn", "Startup Cost": 0.0, "Total Cost": 5903.45, "Plan Rows": 85170, "Plan Width": 4, "Filter": "((country_code)::text = '[us]'::text)"}]}]}, {"Node Type": "Materialize", "Parent Relationship": "Inner", "Startup Cost": 0.0, "Total Cost": 1.04, "Plan Rows": 3, "Plan Width": 4, "Plans": [{"Node Type": "Seq Scan", "Parent Relationship": "Outer", "Relation Name": "company_type", "Alias": "ct", "Startup Cost": 0.0, "Total Cost": 1.03, "Plan Rows": 3, "Plan Width": 4}]}]}, {"Node Type": "Hash", "Parent Relationship": "Inner", "Startup Cost": 2100.69, "Total Cost": 2100.69, "Plan Rows": 134169, "Plan Width": 4, "Plans": [{"Node Type": "Seq Scan", "Parent Relationship": "Outer", "Relation Name": "keyword", "Alias": "k", "Startup Cost": 0.0, "Total Cost": 2100.69, "Plan Rows": 134169, "Plan Width": 4}]}]}]}, "Unique SQL Id": 2302223328, "Planner Runtime": 409}, "explain_analyze_plan": null}, "(64, 11)": {"explain_plan": {"Plan": {"Node Type": "Aggregate", "Strategy": "Plain", "Startup Cost": 8989907587904.09, "Total Cost": 8989907587904.1, "Plan Rows": 1, "Plan Width": 102, "Plans": [{"Node Type": "Nested Loop", "Parent Relationship": "Outer", "Join Type": "Inner", "Startup Cost": 90000000000.0, "Total Cost": 8989907587868.88, "Plan Rows": 7042, "Plan Width": 38, "Inner Unique": false, "Join Filter": "(t.id = at.movie_id)", "Plans": [{"Node Type": "Nested Loop", "Parent Relationship": "Outer", "Join Type": "Inner", "Startup Cost": 80000000000.0, "Total Cost": 7989884591884.26, "Plan Rows": 3874, "Plan Width": 33, "Inner Unique": true, "Join Filter": "(mk.keyword_id = k.id)", "Plans": [{"Node Type": "Nested Loop", "Parent Relationship": "Outer", "Join Type": "Inner", "Startup Cost": 70000000000.0, "Total Cost": 6989876588909.75, "Plan Rows": 3874, "Plan Width": 37, "Inner Unique": true, "Join Filter": "(mc.company_id = cn.id)", "Plans": [{"Node Type": "Merge Join", "Parent Relationship": "Outer", "Join Type": "Inner", "Startup Cost": 60000000000.0, "Total Cost": 5989869656717.65, "Plan Rows": 4604, "Plan Width": 41, "Inner Unique": false, "Merge Cond": "(t.id = mk.movie_id)", "Plans": [{"Node Type": "Nested Loop", "Parent Relationship": "Outer", "Join Type": "Inner", "Startup Cost": 50000000000.0, "Total Cost": 4998566609910.17, "Plan Rows": 568, "Plan Width": 33, "Inner Unique": true, "Join Filter": "(mc.company_type_id = ct.id)", "Plans": [{"Node Type": "Nested Loop", "Parent Relationship": "Outer", "Join Type": "Inner", "Startup Cost": 40000000000.0, "Total Cost": 3998566609055.11, "Plan Rows": 568, "Plan Width": 37, "Inner Unique": true, "Join Filter": "(mi.info_type_id = it1.id)", "Plans": [{"Node Type": "Merge Join", "Parent Relationship": "Outer", "Join Type": "Inner", "Startup Cost": 30000000000.0, "Total Cost": 2998566607038.02, "Plan Rows": 39739, "Plan Width": 41, "Inner Unique": false, "Merge Cond": "(t.id = mc.movie_id)", "Plans": [{"Node Type": "Nested Loop", "Parent Relationship": "Outer", "Join Type": "Inner", "Startup Cost": 20000000000.0, "Total Cost": 2000471060864.73, "Plan Rows": 18591, "Plan Width": 29, "Inner Unique": false, "Join Filter": "(mi.movie_id = t.id)", "Plans": [{"Node Type": "Index Scan", "Parent Relationship": "Outer", "Scan Direction": "Forward", "Index Name": "title_pkey", "Relation Name": "title", "Alias": "t", "Startup Cost": 10000000000.0, "Total Cost": 1000011644126.66, "Plan Rows": 1748840, "Plan Width": 21, "Filter": "(production_year > 1990), (LLVM Optimized)"}, {"Node Type": "Materialize", "Parent Relationship": "Inner", "Startup Cost": 10000000000.0, "Total Cost": 1000107401512.21, "Plan Rows": 13419, "Plan Width": 8, "Plans": [{"Node Type": "Index Scan", "Parent Relationship": "Outer", "Scan Direction": "Forward", "Index Name": "info_type_id_movie_info", "Relation Name": "movie_info", "Alias": "mi", "Startup Cost": 10000000000.0, "Total Cost": 1000107401445.12, "Plan Rows": 13419, "Plan Width": 8, "Filter": "((note)::text ~~ '%internet%'::text)"}]}]}, {"Node Type": "Index Scan", "Parent Relationship": "Inner", "Scan Direction": "Forward", "Index Name": "movie_id_movie_companies", "Relation Name": "movie_companies", "Alias": "mc", "Startup Cost": 10000000000.0, "Total Cost": 1000013051946.13, "Plan Rows": 2609128, "Plan Width": 12}]}, {"Node Type": "Materialize", "Parent Relationship": "Inner", "Startup Cost": 10000000000.0, "Total Cost": 1000000001421.0, "Plan Rows": 1, "Plan Width": 4, "Plans": [{"Node Type": "Index Scan", "Parent Relationship": "Outer", "Scan Direction": "Forward", "Index Name": "info_type_pkey", "Relation Name": "info_type", "Alias": "it1", "Startup Cost": 10000000000.0, "Total Cost": 1000000001421.0, "Plan Rows": 1, "Plan Width": 4, "Filter": "((info)::text = 'release dates'::text)"}]}]}, {"Node Type": "Materialize", "Parent Relationship": "Inner", "Startup Cost": 10000000000.0, "Total Cost": 1000000000829.52, "Plan Rows": 3, "Plan Width": 4, "Plans": [{"Node Type": "Index Only Scan", "Parent Relationship": "Outer", "Scan Direction": "Forward", "Index Name": "company_type_pkey", "Relation Name": "company_type", "Alias": "ct", "Startup Cost": 10000000000.0, "Total Cost": 1000000000829.5, "Plan Rows": 3, "Plan Width": 4}]}]}, {"Node Type": "Index Scan", "Parent Relationship": "Inner", "Scan Direction": "Forward", "Index Name": "movie_id_movie_keyword", "Relation Name": "movie_keyword", "Alias": "mk", "Startup Cost": 10000000000.0, "Total Cost": 1000015300634.17, "Plan Rows": 4523929, "Plan Width": 8}]}, {"Node Type": "Materialize", "Parent Relationship": "Inner", "Startup Cost": 10000000000.0, "Total Cost": 1000001050564.82, "Plan Rows": 85170, "Plan Width": 4, "Plans": [{"Node Type": "Index Scan", "Parent Relationship": "Outer", "Scan Direction": "Forward", "Index Name": "company_name_pkey", "Relation Name": "company_name", "Alias": "cn", "Startup Cost": 10000000000.0, "Total Cost": 1000001050138.97, "Plan Rows": 85170, "Plan Width": 4, "Filter": "((country_code)::text = '[us]'::text)"}]}]}, {"Node Type": "Materialize", "Parent Relationship": "Inner", "Startup Cost": 10000000000.0, "Total Cost": 1000000206749.34, "Plan Rows": 134169, "Plan Width": 4, "Plans": [{"Node Type": "Index Only Scan", "Parent Relationship": "Outer", "Scan Direction": "Forward", "Index Name": "keyword_pkey", "Relation Name": "keyword", "Alias": "k", "Startup Cost": 10000000000.0, "Total Cost": 1000000206078.5, "Plan Rows": 134169, "Plan Width": 4}]}]}, {"Node Type": "Materialize", "Parent Relationship": "Inner", "Startup Cost": 10000000000.0, "Total Cost": 1000001991808.49, "Plan Rows": 361471, "Plan Width": 25, "Plans": [{"Node Type": "Index Scan", "Parent Relationship": "Outer", "Scan Direction": "Forward", "Index Name": "movie_id_aka_title", "Relation Name": "aka_title", "Alias": "at", "Startup Cost": 10000000000.0, "Total Cost": 1000001990001.13, "Plan Rows": 361471, "Plan Width": 25}]}]}]}, "Unique SQL Id": 2302223328, "Planner Runtime": 600}, "explain_analyze_plan": null}, "(64, 12)": {"explain_plan": {"Plan": {"Node Type": "Aggregate", "Strategy": "Plain", "Startup Cost": 72489.87, "Total Cost": 72489.88, "Plan Rows": 1, "Plan Width": 102, "Plans": [{"Node Type": "Nested Loop", "Parent Relationship": "Outer", "Join Type": "Inner", "Startup Cost": 0.0, "Total Cost": 72454.66, "Plan Rows": 7042, "Plan Width": 38, "Inner Unique": true, "Plans": [{"Node Type": "Nested Loop", "Parent Relationship": "Outer", "Join Type": "Inner", "Startup Cost": 0.0, "Total Cost": 70478.1, "Plan Rows": 7042, "Plan Width": 42, "Inner Unique": false, "Join Filter": "(t.id = mk.movie_id)", "Plans": [{"Node Type": "Nested Loop", "Parent Relationship": "Outer", "Join Type": "Inner", "Startup Cost": 0.0, "Total Cost": 69987.12, "Plan Rows": 873, "Plan Width": 54, "Inner Unique": true, "Join Filter": "(at.movie_id = t.id)", "Plans": [{"Node Type": "Nested Loop", "Parent Relationship": "Outer", "Join Type": "Inner", "Startup Cost": 0.0, "Total Cost": 69765.04, "Plan Rows": 630, "Plan Width": 33, "Inner Unique": true, "Join Filter": "(mc.company_type_id = ct.id)", "Plans": [{"Node Type": "Nested Loop", "Parent Relationship": "Outer", "Join Type": "Inner", "Startup Cost": 0.0, "Total Cost": 69735.65, "Plan Rows": 630, "Plan Width": 37, "Inner Unique": true, "Plans": [{"Node Type": "Nested Loop", "Parent Relationship": "Outer", "Join Type": "Inner", "Startup Cost": 0.0, "Total Cost": 69433.03, "Plan Rows": 1052, "Plan Width": 41, "Inner Unique": false, "Plans": [{"Node Type": "Nested Loop", "Parent Relationship": "Outer", "Join Type": "Inner", "Startup Cost": 0.0, "Total Cost": 69143.95, "Plan Rows": 490, "Plan Width": 29, "Inner Unique": false, "Plans": [{"Node Type": "Nested Loop", "Parent Relationship": "Outer", "Join Type": "Inner", "Startup Cost": 0.0, "Total Cost": 68668.26, "Plan Rows": 192, "Plan Width": 4, "Inner Unique": false, "Join Filter": "(it1.id = mi.info_type_id)", "Plans": [{"Node Type": "Seq Scan", "Parent Relationship": "Outer", "Relation Name": "info_type", "Alias": "it1", "Startup Cost": 0.0, "Total Cost": 2.4, "Plan Rows": 1, "Plan Width": 4, "Filter": "((info)::text = 'release dates'::text)"}, {"Node Type": "Materialize", "Parent Relationship": "Inner", "Startup Cost": 0.0, "Total Cost": 68531.67, "Plan Rows": 13419, "Plan Width": 8, "Plans": [{"Node Type": "Streaming(type: LOCAL GATHER dop: 1/64)", "Parent Relationship": "Outer", "Startup Cost": 0.0, "Total Cost": 68498.12, "Plan Rows": 13419, "Plan Width": 8, "Plans": [{"Node Type": "Seq Scan", "Parent Relationship": "Outer", "Relation Name": "movie_info", "Alias": "mi", "Startup Cost": 0.0, "Total Cost": 68221.29, "Plan Rows": 13419, "Plan Width": 8, "Filter": "((note)::text ~~ '%internet%'::text)"}]}]}]}, {"Node Type": "Index Scan", "Parent Relationship": "Inner", "Scan Direction": "Forward", "Index Name": "movie_id_aka_title", "Relation Name": "aka_title", "Alias": "at", "Startup Cost": 0.0, "Total Cost": 2.45, "Plan Rows": 3, "Plan Width": 25, "Index Cond": "(movie_id = mi.movie_id)"}]}, {"Node Type": "Index Scan", "Parent Relationship": "Inner", "Scan Direction": "Forward", "Index Name": "movie_id_movie_companies", "Relation Name": "movie_companies", "Alias": "mc", "Startup Cost": 0.0, "Total Cost": 0.57, "Plan Rows": 2, "Plan Width": 12, "Index Cond": "(movie_id = at.movie_id)"}]}, {"Node Type": "Index Scan", "Parent Relationship": "Inner", "Scan Direction": "Forward", "Index Name": "company_name_pkey", "Relation Name": "company_name", "Alias": "cn", "Startup Cost": 0.0, "Total Cost": 0.28, "Plan Rows": 1, "Plan Width": 4, "Index Cond": "(id = mc.company_id)", "Filter": "((country_code)::text = '[us]'::text)"}]}, {"Node Type": "Materialize", "Parent Relationship": "Inner", "Startup Cost": 0.0, "Total Cost": 1.04, "Plan Rows": 3, "Plan Width": 4, "Plans": [{"Node Type": "Seq Scan", "Parent Relationship": "Outer", "Relation Name": "company_type", "Alias": "ct", "Startup Cost": 0.0, "Total Cost": 1.03, "Plan Rows": 3, "Plan Width": 4}]}]}, {"Node Type": "Index Scan", "Parent Relationship": "Inner", "Scan Direction": "Forward", "Index Name": "title_pkey", "Relation Name": "title", "Alias": "t", "Startup Cost": 0.0, "Total Cost": 0.34, "Plan Rows": 1, "Plan Width": 21, "Index Cond": "(id = mc.movie_id)", "Filter": "(production_year > 1990)"}]}, {"Node Type": "Index Scan", "Parent Relationship": "Inner", "Scan Direction": "Forward", "Index Name": "movie_id_movie_keyword", "Relation Name": "movie_keyword", "Alias": "mk", "Startup Cost": 0.0, "Total Cost": 0.46, "Plan Rows": 8, "Plan Width": 8, "Index Cond": "(movie_id = mc.movie_id)"}]}, {"Node Type": "Index Scan", "Parent Relationship": "Inner", "Scan Direction": "Forward", "Index Name": "keyword_pkey", "Relation Name": "keyword", "Alias": "k", "Startup Cost": 0.0, "Total Cost": 0.27, "Plan Rows": 1, "Plan Width": 4, "Index Cond": "(id = mk.keyword_id)"}]}]}, "Unique SQL Id": 2302223328, "Planner Runtime": 236}, "explain_analyze_plan": {"Plan": {"Node Type": "Aggregate", "Strategy": "Plain", "Startup Cost": 72489.87, "Total Cost": 72489.88, "Plan Rows": 1, "Plan Width": 102, "Actual Min Startup Time": 244.439, "Actual Max Startup Time": 244.439, "Actual Min Total Time": 244.439, "Actual Max Total Time": 244.439, "Plans": [{"Node Type": "Nested Loop", "Parent Relationship": "Outer", "Join Type": "Inner", "Startup Cost": 0.0, "Total Cost": 72454.66, "Plan Rows": 7042, "Plan Width": 38, "Actual Min Startup Time": 161.4, "Actual Max Startup Time": 161.4, "Actual Min Total Time": 241.819, "Actual Max Total Time": 241.819, "Inner Unique": true, "Plans": [{"Node Type": "Nested Loop", "Parent Relationship": "Outer", "Join Type": "Inner", "Startup Cost": 0.0, "Total Cost": 70478.1, "Plan Rows": 7042, "Plan Width": 42, "Actual Min Startup Time": 161.385, "Actual Max Startup Time": 161.385, "Actual Min Total Time": 224.359, "Actual Max Total Time": 224.359, "Inner Unique": false, "Join Filter": "(t.id = mk.movie_id)", "Rows Removed by Join Filter": 0, "Plans": [{"Node Type": "Nested Loop", "Parent Relationship": "Outer", "Join Type": "Inner", "Startup Cost": 0.0, "Total Cost": 69987.12, "Plan Rows": 873, "Plan Width": 54, "Actual Min Startup Time": 161.363, "Actual Max Startup Time": 161.363, "Actual Min Total Time": 218.557, "Actual Max Total Time": 218.557, "Inner Unique": true, "Join Filter": "(at.movie_id = t.id)", "Rows Removed by Join Filter": 0, "Plans": [{"Node Type": "Nested Loop", "Parent Relationship": "Outer", "Join Type": "Inner", "Startup Cost": 0.0, "Total Cost": 69765.04, "Plan Rows": 630, "Plan Width": 33, "Actual Min Startup Time": 161.341, "Actual Max Startup Time": 161.341, "Actual Min Total Time": 216.005, "Actual Max Total Time": 216.005, "Inner Unique": true, "Join Filter": "(mc.company_type_id = ct.id)", "Rows Removed by Join Filter": 1542, "Plans": [{"Node Type": "Nested Loop", "Parent Relationship": "Outer", "Join Type": "Inner", "Startup Cost": 0.0, "Total Cost": 69735.65, "Plan Rows": 630, "Plan Width": 37, "Actual Min Startup Time": 161.297, "Actual Max Startup Time": 161.297, "Actual Min Total Time": 215.113, "Actual Max Total Time": 215.113, "Inner Unique": true, "Plans": [{"Node Type": "Nested Loop", "Parent Relationship": "Outer", "Join Type": "Inner", "Startup Cost": 0.0, "Total Cost": 69433.03, "Plan Rows": 1052, "Plan Width": 41, "Actual Min Startup Time": 161.273, "Actual Max Startup Time": 161.273, "Actual Min Total Time": 204.903, "Actual Max Total Time": 204.903, "Inner Unique": false, "Plans": [{"Node Type": "Nested Loop", "Parent Relationship": "Outer", "Join Type": "Inner", "Startup Cost": 0.0, "Total Cost": 69143.95, "Plan Rows": 490, "Plan Width": 29, "Actual Min Startup Time": 161.255, "Actual Max Startup Time": 161.255, "Actual Min Total Time": 199.484, "Actual Max Total Time": 199.484, "Inner Unique": false, "Plans": [{"Node Type": "Nested Loop", "Parent Relationship": "Outer", "Join Type": "Inner", "Startup Cost": 0.0, "Total Cost": 68668.26, "Plan Rows": 192, "Plan Width": 4, "Actual Min Startup Time": 161.216, "Actual Max Startup Time": 161.216, "Actual Min Total Time": 167.061, "Actual Max Total Time": 167.061, "Inner Unique": false, "Join Filter": "(it1.id = mi.info_type_id)", "Rows Removed by Join Filter": 131, "Plans": [{"Node Type": "Seq Scan", "Parent Relationship": "Outer", "Relation Name": "info_type", "Alias": "it1", "Startup Cost": 0.0, "Total Cost": 2.4, "Plan Rows": 1, "Plan Width": 4, "Actual Min Startup Time": 0.069, "Actual Max Startup Time": 0.069, "Actual Min Total Time": 0.099, "Actual Max Total Time": 0.099, "Filter": "((info)::text = 'release dates'::text)", "Rows Removed by Filter": 111, "Actual Rows": 1}, {"Node Type": "Materialize", "Parent Relationship": "Inner", "Startup Cost": 0.0, "Total Cost": 68531.67, "Plan Rows": 13419, "Plan Width": 8, "Actual Min Startup Time": 161.118, "Actual Max Startup Time": 161.118, "Actual Min Total Time": 162.745, "Actual Max Total Time": 162.745, "Plans": [{"Node Type": "Streaming(type: LOCAL GATHER dop: 1/64)", "Parent Relationship": "Outer", "Startup Cost": 0.0, "Total Cost": 68498.12, "Plan Rows": 13419, "Plan Width": 8, "Actual Min Startup Time": 79.655, "Actual Max Startup Time": 79.655, "Actual Min Total Time": 159.111, "Actual Max Total Time": 159.111, "Plans": [{"Node Type": "Seq Scan", "Parent Relationship": "Outer", "Relation Name": "movie_info", "Alias": "mi", "Startup Cost": 0.0, "Total Cost": 68221.29, "Plan Rows": 13419, "Plan Width": 8, "Actual Min Startup Time": 0.105, "Actual Max Startup Time": 22.7, "Actual Min Total Time": 60.436, "Actual Max Total Time": 72.957, "Filter": "((note)::text ~~ '%internet%'::text)", "Rows Removed by Filter": 14824909, "Actual Rows": 10810}], "Actual Rows": 10810}], "Actual Rows": 10811}], "Actual Rows": 10679}, {"Node Type": "Index Scan", "Parent Relationship": "Inner", "Scan Direction": "Forward", "Index Name": "movie_id_aka_title", "Relation Name": "aka_title", "Alias": "at", "Startup Cost": 0.0, "Total Cost": 2.45, "Plan Rows": 3, "Plan Width": 25, "Actual Min Startup Time": 26.995, "Actual Max Startup Time": 26.995, "Actual Min Total Time": 27.479, "Actual Max Total Time": 27.479, "Index Cond": "(movie_id = mi.movie_id)", "Rows Removed by Index Recheck": 0, "Actual Rows": 591}], "Actual Rows": 591}, {"Node Type": "Index Scan", "Parent Relationship": "Inner", "Scan Direction": "Forward", "Index Name": "movie_id_movie_companies", "Relation Name": "movie_companies", "Alias": "mc", "Startup Cost": 0.0, "Total Cost": 0.57, "Plan Rows": 2, "Plan Width": 12, "Actual Min Startup Time": 3.176, "Actual Max Startup Time": 3.176, "Actual Min Total Time": 4.534, "Actual Max Total Time": 4.534, "Index Cond": "(movie_id = at.movie_id)", "Rows Removed by Index Recheck": 0, "Actual Rows": 2130}], "Actual Rows": 2130}, {"Node Type": "Index Scan", "Parent Relationship": "Inner", "Scan Direction": "Forward", "Index Name": "company_name_pkey", "Relation Name": "company_name", "Alias": "cn", "Startup Cost": 0.0, "Total Cost": 0.28, "Plan Rows": 1, "Plan Width": 4, "Actual Min Startup Time": 8.82, "Actual Max Startup Time": 8.82, "Actual Min Total Time": 8.82, "Actual Max Total Time": 8.82, "Index Cond": "(id = mc.company_id)", "Rows Removed by Index Recheck": 0, "Filter": "((country_code)::text = '[us]'::text)", "Rows Removed by Filter": 1234, "Actual Rows": 896}], "Actual Rows": 896}, {"Node Type": "Materialize", "Parent Relationship": "Inner", "Startup Cost": 0.0, "Total Cost": 1.04, "Plan Rows": 3, "Plan Width": 4, "Actual Min Startup Time": 0.092, "Actual Max Startup Time": 0.092, "Actual Min Total Time": 0.218, "Actual Max Total Time": 0.218, "Plans": [{"Node Type": "Seq Scan", "Parent Relationship": "Outer", "Relation Name": "company_type", "Alias": "ct", "Startup Cost": 0.0, "Total Cost": 1.03, "Plan Rows": 3, "Plan Width": 4, "Actual Min Startup Time": 0.006, "Actual Max Startup Time": 0.006, "Actual Min Total Time": 0.007, "Actual Max Total Time": 0.007, "Actual Rows": 3}], "Actual Rows": 1924}], "Actual Rows": 382}, {"Node Type": "Index Scan", "Parent Relationship": "Inner", "Scan Direction": "Forward", "Index Name": "title_pkey", "Relation Name": "title", "Alias": "t", "Startup Cost": 0.0, "Total Cost": 0.34, "Plan Rows": 1, "Plan Width": 21, "Actual Min Startup Time": 2.057, "Actual Max Startup Time": 2.057, "Actual Min Total Time": 2.057, "Actual Max Total Time": 2.057, "Index Cond": "(id = mc.movie_id)", "Rows Removed by Index Recheck": 0, "Filter": "(production_year > 1990)", "Rows Removed by Filter": 0, "Actual Rows": 382}], "Actual Rows": 382}, {"Node Type": "Index Scan", "Parent Relationship": "Inner", "Scan Direction": "Forward", "Index Name": "movie_id_movie_keyword", "Relation Name": "movie_keyword", "Alias": "mk", "Startup Cost": 0.0, "Total Cost": 0.46, "Plan Rows": 8, "Plan Width": 8, "Actual Min Startup Time": 2.014, "Actual Max Startup Time": 2.014, "Actual Min Total Time": 3.861, "Actual Max Total Time": 3.861, "Index Cond": "(movie_id = mc.movie_id)", "Rows Removed by Index Recheck": 0, "Actual Rows": 4371}], "Actual Rows": 4371}, {"Node Type": "Index Scan", "Parent Relationship": "Inner", "Scan Direction": "Forward", "Index Name": "keyword_pkey", "Relation Name": "keyword", "Alias": "k", "Startup Cost": 0.0, "Total Cost": 0.27, "Plan Rows": 1, "Plan Width": 4, "Actual Min Startup Time": 14.048, "Actual Max Startup Time": 14.048, "Actual Min Total Time": 14.048, "Actual Max Total Time": 14.048, "Index Cond": "(id = mk.keyword_id)", "Rows Removed by Index Recheck": 0, "Actual Rows": 4371}], "Actual Rows": 4371}], "Actual Rows": 1}, "Triggers": [], "Planner Runtime": 236, "Total Runtime": 256.141, "Unique SQL Id": 2302223328}}, "(64, 13)": {"explain_plan": {"Plan": {"Node Type": "Aggregate", "Strategy": "Plain", "Startup Cost": 499532.52, "Total Cost": 499532.53, "Plan Rows": 1, "Plan Width": 102, "Plans": [{"Node Type": "Nested Loop", "Parent Relationship": "Outer", "Join Type": "Inner", "Startup Cost": 0.0, "Total Cost": 499497.31, "Plan Rows": 7042, "Plan Width": 38, "Inner Unique": true, "Plans": [{"Node Type": "Nested Loop", "Parent Relationship": "Outer", "Join Type": "Inner", "Startup Cost": 0.0, "Total Cost": 497520.75, "Plan Rows": 7042, "Plan Width": 42, "Inner Unique": false, "Join Filter": "(t.id = mk.movie_id)", "Plans": [{"Node Type": "Nested Loop", "Parent Relationship": "Outer", "Join Type": "Inner", "Startup Cost": 0.0, "Total Cost": 497029.77, "Plan Rows": 873, "Plan Width": 54, "Inner Unique": true, "Join Filter": "(at.movie_id = t.id)", "Plans": [{"Node Type": "Nested Loop", "Parent Relationship": "Outer", "Join Type": "Inner", "Startup Cost": 0.0, "Total Cost": 496807.69, "Plan Rows": 630, "Plan Width": 33, "Inner Unique": true, "Join Filter": "(mc.company_type_id = ct.id)", "Plans": [{"Node Type": "Nested Loop", "Parent Relationship": "Outer", "Join Type": "Inner", "Startup Cost": 0.0, "Total Cost": 496767.04, "Plan Rows": 630, "Plan Width": 37, "Inner Unique": true, "Plans": [{"Node Type": "Nested Loop", "Parent Relationship": "Outer", "Join Type": "Inner", "Startup Cost": 0.0, "Total Cost": 496464.42, "Plan Rows": 1052, "Plan Width": 41, "Inner Unique": false, "Plans": [{"Node Type": "Nested Loop", "Parent Relationship": "Outer", "Join Type": "Inner", "Startup Cost": 0.0, "Total Cost": 496175.34, "Plan Rows": 490, "Plan Width": 29, "Inner Unique": false, "Plans": [{"Node Type": "Nested Loop", "Parent Relationship": "Outer", "Join Type": "Inner", "Startup Cost": 0.0, "Total Cost": 495699.65, "Plan Rows": 192, "Plan Width": 4, "Inner Unique": false, "Plans": [{"Node Type": "Index Scan", "Parent Relationship": "Outer", "Scan Direction": "Forward", "Index Name": "info_type_pkey", "Relation Name": "info_type", "Alias": "it1", "Startup Cost": 0.0, "Total Cost": 14.21, "Plan Rows": 1, "Plan Width": 4, "Filter": "((info)::text = 'release dates'::text)"}, {"Node Type": "Index Scan", "Parent Relationship": "Inner", "Scan Direction": "Forward", "Index Name": "info_type_id_movie_info", "Relation Name": "movie_info", "Alias": "mi", "Startup Cost": 0.0, "Total Cost": 495683.52, "Plan Rows": 192, "Plan Width": 8, "Index Cond": "(info_type_id = it1.id)", "Filter": "((note)::text ~~ '%internet%'::text)"}]}, {"Node Type": "Index Scan", "Parent Relationship": "Inner", "Scan Direction": "Forward", "Index Name": "movie_id_aka_title", "Relation Name": "aka_title", "Alias": "at", "Startup Cost": 0.0, "Total Cost": 2.45, "Plan Rows": 3, "Plan Width": 25, "Index Cond": "(movie_id = mi.movie_id)"}]}, {"Node Type": "Index Scan", "Parent Relationship": "Inner", "Scan Direction": "Forward", "Index Name": "movie_id_movie_companies", "Relation Name": "movie_companies", "Alias": "mc", "Startup Cost": 0.0, "Total Cost": 0.57, "Plan Rows": 2, "Plan Width": 12, "Index Cond": "(movie_id = at.movie_id)"}]}, {"Node Type": "Index Scan", "Parent Relationship": "Inner", "Scan Direction": "Forward", "Index Name": "company_name_pkey", "Relation Name": "company_name", "Alias": "cn", "Startup Cost": 0.0, "Total Cost": 0.28, "Plan Rows": 1, "Plan Width": 4, "Index Cond": "(id = mc.company_id)", "Filter": "((country_code)::text = '[us]'::text)"}]}, {"Node Type": "Materialize", "Parent Relationship": "Inner", "Startup Cost": 0.0, "Total Cost": 12.31, "Plan Rows": 3, "Plan Width": 4, "Plans": [{"Node Type": "Index Scan", "Parent Relationship": "Outer", "Scan Direction": "Forward", "Index Name": "company_type_pkey", "Relation Name": "company_type", "Alias": "ct", "Startup Cost": 0.0, "Total Cost": 12.29, "Plan Rows": 3, "Plan Width": 4}]}]}, {"Node Type": "Index Scan", "Parent Relationship": "Inner", "Scan Direction": "Forward", "Index Name": "title_pkey", "Relation Name": "title", "Alias": "t", "Startup Cost": 0.0, "Total Cost": 0.34, "Plan Rows": 1, "Plan Width": 21, "Index Cond": "(id = mc.movie_id)", "Filter": "(production_year > 1990)"}]}, {"Node Type": "Index Scan", "Parent Relationship": "Inner", "Scan Direction": "Forward", "Index Name": "movie_id_movie_keyword", "Relation Name": "movie_keyword", "Alias": "mk", "Startup Cost": 0.0, "Total Cost": 0.46, "Plan Rows": 8, "Plan Width": 8, "Index Cond": "(movie_id = mc.movie_id)"}]}, {"Node Type": "Index Scan", "Parent Relationship": "Inner", "Scan Direction": "Forward", "Index Name": "keyword_pkey", "Relation Name": "keyword", "Alias": "k", "Startup Cost": 0.0, "Total Cost": 0.27, "Plan Rows": 1, "Plan Width": 4, "Index Cond": "(id = mk.keyword_id)"}]}]}, "Unique SQL Id": 2302223328, "Planner Runtime": 179}, "explain_analyze_plan": null}, "(64, 14)": {"explain_plan": {"Plan": {"Node Type": "Aggregate", "Strategy": "Plain", "Startup Cost": 311924.61, "Total Cost": 311924.62, "Plan Rows": 1, "Plan Width": 102, "Plans": [{"Node Type": "Hash Join", "Parent Relationship": "Outer", "Join Type": "Inner", "Startup Cost": 157401.54, "Total Cost": 311889.4, "Plan Rows": 7042, "Plan Width": 38, "Inner Unique": true, "Hash Cond": "(mk.keyword_id = k.id)", "Plans": [{"Node Type": "Nested Loop", "Parent Relationship": "Outer", "Join Type": "Inner", "Startup Cost": 153623.74, "Total Cost": 308016.16, "Plan Rows": 7042, "Plan Width": 42, "Inner Unique": true, "Join Filter": "(mc.company_type_id = ct.id)", "Plans": [{"Node Type": "Hash Join", "Parent Relationship": "Outer", "Join Type": "Inner", "Startup Cost": 153623.74, "Total Cost": 307698.24, "Plan Rows": 7042, "Plan Width": 46, "Inner Unique": true, "Hash Cond": "(mc.company_id = cn.id)", "Plans": [{"Node Type": "Streaming(type: LOCAL GATHER dop: 1/64)", "Parent Relationship": "Outer", "Startup Cost": 151083.25, "Total Cost": 305055.87, "Plan Rows": 11758, "Plan Width": 50, "Plans": [{"Node Type": "Hash Join", "Parent Relationship": "Outer", "Join Type": "Inner", "Startup Cost": 151083.25, "Total Cost": 304813.3, "Plan Rows": 11758, "Plan Width": 50, "Inner Unique": true, "Hash Cond": "(at.movie_id = t.id)", "Plans": [{"Node Type": "Streaming(type: BROADCAST dop: 64/1)", "Parent Relationship": "Outer", "Startup Cost": 134732.34, "Total Cost": 288428.73, "Plan Rows": 543168, "Plan Width": 49, "Plans": [{"Node Type": "Hash Join", "Parent Relationship": "Outer", "Join Type": "Inner", "Startup Cost": 134732.34, "Total Cost": 214223.24, "Plan Rows": 8487, "Plan Width": 49, "Inner Unique": false, "Hash Cond": "(mk.movie_id = at.movie_id)", "Plans": [{"Node Type": "Seq Scan", "Parent Relationship": "Outer", "Relation Name": "movie_keyword", "Alias": "mk", "Startup Cost": 0.0, "Total Cost": 62441.29, "Plan Rows": 4523929, "Plan Width": 8}, {"Node Type": "Hash", "Parent Relationship": "Inner", "Startup Cost": 134719.19, "Total Cost": 134719.19, "Plan Rows": 1052, "Plan Width": 41, "Plans": [{"Node Type": "Hash Join", "Parent Relationship": "Outer", "Join Type": "Inner", "Startup Cost": 83107.27, "Total Cost": 134719.19, "Plan Rows": 1052, "Plan Width": 41, "Inner Unique": false, "Hash Cond": "(mc.movie_id = at.movie_id)", "Plans": [{"Node Type": "Seq Scan", "Parent Relationship": "Outer", "Relation Name": "movie_companies", "Alias": "mc", "Startup Cost": 0.0, "Total Cost": 41817.28, "Plan Rows": 2609128, "Plan Width": 12}, {"Node Type": "Hash", "Parent Relationship": "Inner", "Startup Cost": 83101.15, "Total Cost": 83101.15, "Plan Rows": 490, "Plan Width": 29, "Plans": [{"Node Type": "Hash Join", "Parent Relationship": "Outer", "Join Type": "Inner", "Startup Cost": 14413.1, "Total Cost": 83101.15, "Plan Rows": 490, "Plan Width": 29, "Inner Unique": false, "Hash Cond": "(mi.movie_id = at.movie_id)", "Plans": [{"Node Type": "Nested Loop", "Parent Relationship": "Outer", "Join Type": "Inner", "Startup Cost": 0.0, "Total Cost": 68668.26, "Plan Rows": 192, "Plan Width": 4, "Inner Unique": false, "Join Filter": "(it1.id = mi.info_type_id)", "Plans": [{"Node Type": "Seq Scan", "Parent Relationship": "Outer", "Relation Name": "info_type", "Alias": "it1", "Startup Cost": 0.0, "Total Cost": 2.4, "Plan Rows": 1, "Plan Width": 4, "Filter": "((info)::text = 'release dates'::text)"}, {"Node Type": "Materialize", "Parent Relationship": "Inner", "Startup Cost": 0.0, "Total Cost": 68531.67, "Plan Rows": 13419, "Plan Width": 8, "Plans": [{"Node Type": "Streaming(type: LOCAL GATHER dop: 1/64)", "Parent Relationship": "Outer", "Startup Cost": 0.0, "Total Cost": 68498.12, "Plan Rows": 13419, "Plan Width": 8, "Plans": [{"Node Type": "Seq Scan", "Parent Relationship": "Outer", "Relation Name": "movie_info", "Alias": "mi", "Startup Cost": 0.0, "Total Cost": 68221.29, "Plan Rows": 13419, "Plan Width": 8, "Filter": "((note)::text ~~ '%internet%'::text)"}]}]}]}, {"Node Type": "Hash", "Parent Relationship": "Inner", "Startup Cost": 9894.71, "Total Cost": 9894.71, "Plan Rows": 361471, "Plan Width": 25, "Plans": [{"Node Type": "Seq Scan", "Parent Relationship": "Outer", "Relation Name": "aka_title", "Alias": "at", "Startup Cost": 0.0, "Total Cost": 9894.71, "Plan Rows": 361471, "Plan Width": 25}]}]}]}]}]}]}]}, {"Node Type": "Hash", "Parent Relationship": "Inner", "Startup Cost": 64037.34, "Total Cost": 64037.34, "Plan Rows": 1748840, "Plan Width": 21, "Plans": [{"Node Type": "Seq Scan", "Parent Relationship": "Outer", "Relation Name": "title", "Alias": "t", "Startup Cost": 0.0, "Total Cost": 64037.34, "Plan Rows": 1748840, "Plan Width": 21, "Filter": "(production_year > 1990), (LLVM Optimized)"}]}]}]}, {"Node Type": "Hash", "Parent Relationship": "Inner", "Startup Cost": 5903.45, "Total Cost": 5903.45, "Plan Rows": 85170, "Plan Width": 4, "Plans": [{"Node Type": "Seq Scan", "Parent Relationship": "Outer", "Relation Name": "company_name", "Alias": "cn", "Startup Cost": 0.0, "Total Cost": 5903.45, "Plan Rows": 85170, "Plan Width": 4, "Filter": "((country_code)::text = '[us]'::text)"}]}]}, {"Node Type": "Materialize", "Parent Relationship": "Inner", "Startup Cost": 0.0, "Total Cost": 1.04, "Plan Rows": 3, "Plan Width": 4, "Plans": [{"Node Type": "Seq Scan", "Parent Relationship": "Outer", "Relation Name": "company_type", "Alias": "ct", "Startup Cost": 0.0, "Total Cost": 1.03, "Plan Rows": 3, "Plan Width": 4}]}]}, {"Node Type": "Hash", "Parent Relationship": "Inner", "Startup Cost": 2100.69, "Total Cost": 2100.69, "Plan Rows": 134169, "Plan Width": 4, "Plans": [{"Node Type": "Seq Scan", "Parent Relationship": "Outer", "Relation Name": "keyword", "Alias": "k", "Startup Cost": 0.0, "Total Cost": 2100.69, "Plan Rows": 134169, "Plan Width": 4}]}]}]}, "Unique SQL Id": 2302223328, "Planner Runtime": 413}, "explain_analyze_plan": null}, "(64, 15)": {"explain_plan": {"Plan": {"Node Type": "Aggregate", "Strategy": "Plain", "Startup Cost": 8989907666954.32, "Total Cost": 8989907666954.33, "Plan Rows": 1, "Plan Width": 102, "Plans": [{"Node Type": "Nested Loop", "Parent Relationship": "Outer", "Join Type": "Inner", "Startup Cost": 90000000000.0, "Total Cost": 8989907666919.11, "Plan Rows": 7042, "Plan Width": 38, "Inner Unique": false, "Join Filter": "(t.id = at.movie_id)", "Plans": [{"Node Type": "Nested Loop", "Parent Relationship": "Outer", "Join Type": "Inner", "Startup Cost": 80000000000.0, "Total Cost": 7989884670934.49, "Plan Rows": 3874, "Plan Width": 33, "Inner Unique": true, "Join Filter": "(mk.keyword_id = k.id)", "Plans": [{"Node Type": "Nested Loop", "Parent Relationship": "Outer", "Join Type": "Inner", "Startup Cost": 70000000000.0, "Total Cost": 6989876589309.04, "Plan Rows": 3874, "Plan Width": 37, "Inner Unique": true, "Join Filter": "(mc.company_id = cn.id)", "Plans": [{"Node Type": "Merge Join", "Parent Relationship": "Outer", "Join Type": "Inner", "Startup Cost": 60000000000.0, "Total Cost": 5989869657116.95, "Plan Rows": 4604, "Plan Width": 41, "Inner Unique": false, "Merge Cond": "(t.id = mk.movie_id)", "Plans": [{"Node Type": "Nested Loop", "Parent Relationship": "Outer", "Join Type": "Inner", "Startup Cost": 50000000000.0, "Total Cost": 4998566610310.17, "Plan Rows": 568, "Plan Width": 33, "Inner Unique": true, "Join Filter": "(mc.company_type_id = ct.id)", "Plans": [{"Node Type": "Nested Loop", "Parent Relationship": "Outer", "Join Type": "Inner", "Startup Cost": 40000000000.0, "Total Cost": 3998566609055.11, "Plan Rows": 568, "Plan Width": 37, "Inner Unique": true, "Join Filter": "(mi.info_type_id = it1.id)", "Plans": [{"Node Type": "Merge Join", "Parent Relationship": "Outer", "Join Type": "Inner", "Startup Cost": 30000000000.0, "Total Cost": 2998566607038.02, "Plan Rows": 39739, "Plan Width": 41, "Inner Unique": false, "Merge Cond": "(t.id = mc.movie_id)", "Plans": [{"Node Type": "Nested Loop", "Parent Relationship": "Outer", "Join Type": "Inner", "Startup Cost": 20000000000.0, "Total Cost": 2000471060864.73, "Plan Rows": 18591, "Plan Width": 29, "Inner Unique": false, "Join Filter": "(mi.movie_id = t.id)", "Plans": [{"Node Type": "Index Scan", "Parent Relationship": "Outer", "Scan Direction": "Forward", "Index Name": "title_pkey", "Relation Name": "title", "Alias": "t", "Startup Cost": 10000000000.0, "Total Cost": 1000011644126.66, "Plan Rows": 1748840, "Plan Width": 21, "Filter": "(production_year > 1990), (LLVM Optimized)"}, {"Node Type": "Materialize", "Parent Relationship": "Inner", "Startup Cost": 10000000000.0, "Total Cost": 1000107401512.21, "Plan Rows": 13419, "Plan Width": 8, "Plans": [{"Node Type": "Index Scan", "Parent Relationship": "Outer", "Scan Direction": "Forward", "Index Name": "info_type_id_movie_info", "Relation Name": "movie_info", "Alias": "mi", "Startup Cost": 10000000000.0, "Total Cost": 1000107401445.12, "Plan Rows": 13419, "Plan Width": 8, "Filter": "((note)::text ~~ '%internet%'::text)"}]}]}, {"Node Type": "Index Scan", "Parent Relationship": "Inner", "Scan Direction": "Forward", "Index Name": "movie_id_movie_companies", "Relation Name": "movie_companies", "Alias": "mc", "Startup Cost": 10000000000.0, "Total Cost": 1000013051946.13, "Plan Rows": 2609128, "Plan Width": 12}]}, {"Node Type": "Materialize", "Parent Relationship": "Inner", "Startup Cost": 10000000000.0, "Total Cost": 1000000001421.0, "Plan Rows": 1, "Plan Width": 4, "Plans": [{"Node Type": "Index Scan", "Parent Relationship": "Outer", "Scan Direction": "Forward", "Index Name": "info_type_pkey", "Relation Name": "info_type", "Alias": "it1", "Startup Cost": 10000000000.0, "Total Cost": 1000000001421.0, "Plan Rows": 1, "Plan Width": 4, "Filter": "((info)::text = 'release dates'::text)"}]}]}, {"Node Type": "Materialize", "Parent Relationship": "Inner", "Startup Cost": 10000000000.0, "Total Cost": 1000000001229.52, "Plan Rows": 3, "Plan Width": 4, "Plans": [{"Node Type": "Index Scan", "Parent Relationship": "Outer", "Scan Direction": "Forward", "Index Name": "company_type_pkey", "Relation Name": "company_type", "Alias": "ct", "Startup Cost": 10000000000.0, "Total Cost": 1000000001229.5, "Plan Rows": 3, "Plan Width": 4}]}]}, {"Node Type": "Index Scan", "Parent Relationship": "Inner", "Scan Direction": "Forward", "Index Name": "movie_id_movie_keyword", "Relation Name": "movie_keyword", "Alias": "mk", "Startup Cost": 10000000000.0, "Total Cost": 1000015300634.17, "Plan Rows": 4523929, "Plan Width": 8}]}, {"Node Type": "Materialize", "Parent Relationship": "Inner", "Startup Cost": 10000000000.0, "Total Cost": 1000001050564.82, "Plan Rows": 85170, "Plan Width": 4, "Plans": [{"Node Type": "Index Scan", "Parent Relationship": "Outer", "Scan Direction": "Forward", "Index Name": "company_name_pkey", "Relation Name": "company_name", "Alias": "cn", "Startup Cost": 10000000000.0, "Total Cost": 1000001050138.97, "Plan Rows": 85170, "Plan Width": 4, "Filter": "((country_code)::text = '[us]'::text)"}]}]}, {"Node Type": "Materialize", "Parent Relationship": "Inner", "Startup Cost": 10000000000.0, "Total Cost": 1000000285400.28, "Plan Rows": 134169, "Plan Width": 4, "Plans": [{"Node Type": "Index Scan", "Parent Relationship": "Outer", "Scan Direction": "Forward", "Index Name": "keyword_pkey", "Relation Name": "keyword", "Alias": "k", "Startup Cost": 10000000000.0, "Total Cost": 1000000284729.43, "Plan Rows": 134169, "Plan Width": 4}]}]}, {"Node Type": "Materialize", "Parent Relationship": "Inner", "Startup Cost": 10000000000.0, "Total Cost": 1000001991808.49, "Plan Rows": 361471, "Plan Width": 25, "Plans": [{"Node Type": "Index Scan", "Parent Relationship": "Outer", "Scan Direction": "Forward", "Index Name": "movie_id_aka_title", "Relation Name": "aka_title", "Alias": "at", "Startup Cost": 10000000000.0, "Total Cost": 1000001990001.13, "Plan Rows": 361471, "Plan Width": 25}]}]}]}, "Unique SQL Id": 2302223328, "Planner Runtime": 598}, "explain_analyze_plan": null}, "(64, 16)": {"explain_plan": {"Plan": {"Node Type": "Aggregate", "Strategy": "Plain", "Startup Cost": 71717.18, "Total Cost": 71717.19, "Plan Rows": 1, "Plan Width": 102, "Plans": [{"Node Type": "Nested Loop", "Parent Relationship": "Outer", "Join Type": "Inner", "Startup Cost": 0.0, "Total Cost": 71682.31, "Plan Rows": 6974, "Plan Width": 38, "Inner Unique": false, "Join Filter": "(t.id = at.movie_id)", "Plans": [{"Node Type": "Nested Loop", "Parent Relationship": "Outer", "Join Type": "Inner", "Startup Cost": 0.0, "Total Cost": 70883.7, "Plan Rows": 2257, "Plan Width": 33, "Inner Unique": true, "Plans": [{"Node Type": "Nested Loop", "Parent Relationship": "Outer", "Join Type": "Inner", "Startup Cost": 0.0, "Total Cost": 70251.71, "Plan Rows": 2257, "Plan Width": 37, "Inner Unique": false, "Join Filter": "(t.id = mk.movie_id)", "Plans": [{"Node Type": "Nested Loop", "Parent Relationship": "Outer", "Join Type": "Inner", "Startup Cost": 0.0, "Total Cost": 70095.36, "Plan Rows": 278, "Plan Width": 29, "Inner Unique": true, "Join Filter": "(mc.company_type_id = ct.id)", "Plans": [{"Node Type": "Nested Loop", "Parent Relationship": "Outer", "Join Type": "Inner", "Startup Cost": 0.0, "Total Cost": 70072.82, "Plan Rows": 478, "Plan Width": 33, "Inner Unique": true, "Plans": [{"Node Type": "Nested Loop", "Parent Relationship": "Outer", "Join Type": "Inner", "Startup Cost": 0.0, "Total Cost": 69909.43, "Plan Rows": 568, "Plan Width": 37, "Inner Unique": false, "Plans": [{"Node Type": "Nested Loop", "Parent Relationship": "Outer", "Join Type": "Inner", "Startup Cost": 0.0, "Total Cost": 69811.57, "Plan Rows": 266, "Plan Width": 25, "Inner Unique": true, "Plans": [{"Node Type": "Nested Loop", "Parent Relationship": "Outer", "Join Type": "Inner", "Startup Cost": 0.0, "Total Cost": 68668.26, "Plan Rows": 192, "Plan Width": 4, "Inner Unique": false, "Join Filter": "(it1.id = mi.info_type_id)", "Plans": [{"Node Type": "Seq Scan", "Parent Relationship": "Outer", "Relation Name": "info_type", "Alias": "it1", "Startup Cost": 0.0, "Total Cost": 2.4, "Plan Rows": 1, "Plan Width": 4, "Filter": "((info)::text = 'release dates'::text)"}, {"Node Type": "Materialize", "Parent Relationship": "Inner", "Startup Cost": 0.0, "Total Cost": 68531.67, "Plan Rows": 13419, "Plan Width": 8, "Plans": [{"Node Type": "Streaming(type: LOCAL GATHER dop: 1/64)", "Parent Relationship": "Outer", "Startup Cost": 0.0, "Total Cost": 68498.12, "Plan Rows": 13419, "Plan Width": 8, "Plans": [{"Node Type": "Seq Scan", "Parent Relationship": "Outer", "Relation Name": "movie_info", "Alias": "mi", "Startup Cost": 0.0, "Total Cost": 68221.29, "Plan Rows": 13419, "Plan Width": 8, "Filter": "((note)::text ~~ '%internet%'::text)"}]}]}]}, {"Node Type": "Index Scan", "Parent Relationship": "Inner", "Scan Direction": "Forward", "Index Name": "title_pkey", "Relation Name": "title", "Alias": "t", "Startup Cost": 0.0, "Total Cost": 5.94, "Plan Rows": 1, "Plan Width": 21, "Index Cond": "(id = mi.movie_id)", "Filter": "(production_year > 1990)"}]}, {"Node Type": "Index Scan", "Parent Relationship": "Inner", "Scan Direction": "Forward", "Index Name": "movie_id_movie_companies", "Relation Name": "movie_companies", "Alias": "mc", "Startup Cost": 0.0, "Total Cost": 0.35, "Plan Rows": 2, "Plan Width": 12, "Index Cond": "(movie_id = t.id)"}]}, {"Node Type": "Index Scan", "Parent Relationship": "Inner", "Scan Direction": "Forward", "Index Name": "company_name_pkey", "Relation Name": "company_name", "Alias": "cn", "Startup Cost": 0.0, "Total Cost": 0.28, "Plan Rows": 1, "Plan Width": 4, "Index Cond": "(id = mc.company_id)", "Filter": "((country_code)::text = '[us]'::text)"}]}, {"Node Type": "Materialize", "Parent Relationship": "Inner", "Startup Cost": 0.0, "Total Cost": 1.04, "Plan Rows": 3, "Plan Width": 4, "Plans": [{"Node Type": "Seq Scan", "Parent Relationship": "Outer", "Relation Name": "company_type", "Alias": "ct", "Startup Cost": 0.0, "Total Cost": 1.03, "Plan Rows": 3, "Plan Width": 4}]}]}, {"Node Type": "Index Scan", "Parent Relationship": "Inner", "Scan Direction": "Forward", "Index Name": "movie_id_movie_keyword", "Relation Name": "movie_keyword", "Alias": "mk", "Startup Cost": 0.0, "Total Cost": 0.46, "Plan Rows": 8, "Plan Width": 8, "Index Cond": "(movie_id = mc.movie_id)"}]}, {"Node Type": "Index Only Scan", "Parent Relationship": "Inner", "Scan Direction": "Forward", "Index Name": "keyword_pkey", "Relation Name": "keyword", "Alias": "k", "Startup Cost": 0.0, "Total Cost": 0.27, "Plan Rows": 1, "Plan Width": 4, "Index Cond": "(id = mk.keyword_id)"}]}, {"Node Type": "Index Scan", "Parent Relationship": "Inner", "Scan Direction": "Forward", "Index Name": "movie_id_aka_title", "Relation Name": "aka_title", "Alias": "at", "Startup Cost": 0.0, "Total Cost": 0.32, "Plan Rows": 3, "Plan Width": 25, "Index Cond": "(movie_id = mk.movie_id)"}]}]}, "Unique SQL Id": 2302223328, "Planner Runtime": 150}, "explain_analyze_plan": {"Plan": {"Node Type": "Aggregate", "Strategy": "Plain", "Startup Cost": 71717.18, "Total Cost": 71717.19, "Plan Rows": 1, "Plan Width": 102, "Actual Min Startup Time": 554.717, "Actual Max Startup Time": 554.717, "Actual Min Total Time": 554.717, "Actual Max Total Time": 554.717, "Plans": [{"Node Type": "Nested Loop", "Parent Relationship": "Outer", "Join Type": "Inner", "Startup Cost": 0.0, "Total Cost": 71682.31, "Plan Rows": 6974, "Plan Width": 38, "Actual Min Startup Time": 186.713, "Actual Max Startup Time": 186.713, "Actual Min Total Time": 551.922, "Actual Max Total Time": 551.922, "Inner Unique": false, "Join Filter": "(t.id = at.movie_id)", "Rows Removed by Join Filter": 0, "Plans": [{"Node Type": "Nested Loop", "Parent Relationship": "Outer", "Join Type": "Inner", "Startup Cost": 0.0, "Total Cost": 70883.7, "Plan Rows": 2257, "Plan Width": 33, "Actual Min Startup Time": 179.561, "Actual Max Startup Time": 179.561, "Actual Min Total Time": 508.954, "Actual Max Total Time": 508.954, "Inner Unique": true, "Plans": [{"Node Type": "Nested Loop", "Parent Relationship": "Outer", "Join Type": "Inner", "Startup Cost": 0.0, "Total Cost": 70251.71, "Plan Rows": 2257, "Plan Width": 37, "Actual Min Startup Time": 179.548, "Actual Max Startup Time": 179.548, "Actual Min Total Time": 461.3, "Actual Max Total Time": 461.3, "Inner Unique": false, "Join Filter": "(t.id = mk.movie_id)", "Rows Removed by Join Filter": 0, "Plans": [{"Node Type": "Nested Loop", "Parent Relationship": "Outer", "Join Type": "Inner", "Startup Cost": 0.0, "Total Cost": 70095.36, "Plan Rows": 278, "Plan Width": 29, "Actual Min Startup Time": 179.404, "Actual Max Startup Time": 179.404, "Actual Min Total Time": 399.966, "Actual Max Total Time": 399.966, "Inner Unique": true, "Join Filter": "(mc.company_type_id = ct.id)", "Rows Removed by Join Filter": 11829, "Plans": [{"Node Type": "Nested Loop", "Parent Relationship": "Outer", "Join Type": "Inner", "Startup Cost": 0.0, "Total Cost": 70072.82, "Plan Rows": 478, "Plan Width": 33, "Actual Min Startup Time": 179.369, "Actual Max Startup Time": 179.369, "Actual Min Total Time": 391.196, "Actual Max Total Time": 391.196, "Inner Unique": true, "Plans": [{"Node Type": "Nested Loop", "Parent Relationship": "Outer", "Join Type": "Inner", "Startup Cost": 0.0, "Total Cost": 69909.43, "Plan Rows": 568, "Plan Width": 37, "Actual Min Startup Time": 179.263, "Actual Max Startup Time": 179.263, "Actual Min Total Time": 321.578, "Actual Max Total Time": 321.578, "Inner Unique": false, "Plans": [{"Node Type": "Nested Loop", "Parent Relationship": "Outer", "Join Type": "Inner", "Startup Cost": 0.0, "Total Cost": 69811.57, "Plan Rows": 266, "Plan Width": 25, "Actual Min Startup Time": 179.247, "Actual Max Startup Time": 179.247, "Actual Min Total Time": 254.955, "Actual Max Total Time": 254.955, "Inner Unique": true, "Plans": [{"Node Type": "Nested Loop", "Parent Relationship": "Outer", "Join Type": "Inner", "Startup Cost": 0.0, "Total Cost": 68668.26, "Plan Rows": 192, "Plan Width": 4, "Actual Min Startup Time": 179.211, "Actual Max Startup Time": 179.211, "Actual Min Total Time": 186.032, "Actual Max Total Time": 186.032, "Inner Unique": false, "Join Filter": "(it1.id = mi.info_type_id)", "Rows Removed by Join Filter": 131, "Plans": [{"Node Type": "Seq Scan", "Parent Relationship": "Outer", "Relation Name": "info_type", "Alias": "it1", "Startup Cost": 0.0, "Total Cost": 2.4, "Plan Rows": 1, "Plan Width": 4, "Actual Min Startup Time": 0.065, "Actual Max Startup Time": 0.065, "Actual Min Total Time": 0.093, "Actual Max Total Time": 0.093, "Filter": "((info)::text = 'release dates'::text)", "Rows Removed by Filter": 111, "Actual Rows": 1}, {"Node Type": "Materialize", "Parent Relationship": "Inner", "Startup Cost": 0.0, "Total Cost": 68531.67, "Plan Rows": 13419, "Plan Width": 8, "Actual Min Startup Time": 179.119, "Actual Max Startup Time": 179.119, "Actual Min Total Time": 180.91, "Actual Max Total Time": 180.91, "Plans": [{"Node Type": "Streaming(type: LOCAL GATHER dop: 1/64)", "Parent Relationship": "Outer", "Startup Cost": 0.0, "Total Cost": 68498.12, "Plan Rows": 13419, "Plan Width": 8, "Actual Min Startup Time": 84.935, "Actual Max Startup Time": 84.935, "Actual Min Total Time": 177.065, "Actual Max Total Time": 177.065, "Plans": [{"Node Type": "Seq Scan", "Parent Relationship": "Outer", "Relation Name": "movie_info", "Alias": "mi", "Startup Cost": 0.0, "Total Cost": 68221.29, "Plan Rows": 13419, "Plan Width": 8, "Actual Min Startup Time": 0.109, "Actual Max Startup Time": 30.172, "Actual Min Total Time": 60.215, "Actual Max Total Time": 75.902, "Filter": "((note)::text ~~ '%internet%'::text)", "Rows Removed by Filter": 14824909, "Actual Rows": 10810}], "Actual Rows": 10810}], "Actual Rows": 10811}], "Actual Rows": 10679}, {"Node Type": "Index Scan", "Parent Relationship": "Inner", "Scan Direction": "Forward", "Index Name": "title_pkey", "Relation Name": "title", "Alias": "t", "Startup Cost": 0.0, "Total Cost": 5.94, "Plan Rows": 1, "Plan Width": 21, "Actual Min Startup Time": 59.998, "Actual Max Startup Time": 59.998, "Actual Min Total Time": 59.998, "Actual Max Total Time": 59.998, "Index Cond": "(id = mi.movie_id)", "Rows Removed by Index Recheck": 0, "Filter": "(production_year > 1990)", "Rows Removed by Filter": 17, "Actual Rows": 10662}], "Actual Rows": 10662}, {"Node Type": "Index Scan", "Parent Relationship": "Inner", "Scan Direction": "Forward", "Index Name": "movie_id_movie_companies", "Relation Name": "movie_companies", "Alias": "mc", "Startup Cost": 0.0, "Total Cost": 0.35, "Plan Rows": 2, "Plan Width": 12, "Actual Min Startup Time": 47.198, "Actual Max Startup Time": 47.198, "Actual Min Total Time": 57.68, "Actual Max Total Time": 57.68, "Index Cond": "(movie_id = t.id)", "Rows Removed by Index Recheck": 0, "Actual Rows": 14377}], "Actual Rows": 14377}, {"Node Type": "Index Scan", "Parent Relationship": "Inner", "Scan Direction": "Forward", "Index Name": "company_name_pkey", "Relation Name": "company_name", "Alias": "cn", "Startup Cost": 0.0, "Total Cost": 0.28, "Plan Rows": 1, "Plan Width": 4, "Actual Min Startup Time": 58.962, "Actual Max Startup Time": 58.962, "Actual Min Total Time": 58.962, "Actual Max Total Time": 58.962, "Index Cond": "(id = mc.company_id)", "Rows Removed by Index Recheck": 0, "Filter": "((country_code)::text = '[us]'::text)", "Rows Removed by Filter": 4520, "Actual Rows": 9857}], "Actual Rows": 9857}, {"Node Type": "Materialize", "Parent Relationship": "Inner", "Startup Cost": 0.0, "Total Cost": 1.04, "Plan Rows": 3, "Plan Width": 4, "Actual Min Startup Time": 1.09, "Actual Max Startup Time": 1.09, "Actual Min Total Time": 2.131, "Actual Max Total Time": 2.131, "Plans": [{"Node Type": "Seq Scan", "Parent Relationship": "Outer", "Relation Name": "company_type", "Alias": "ct", "Startup Cost": 0.0, "Total Cost": 1.03, "Plan Rows": 3, "Plan Width": 4, "Actual Min Startup Time": 0.006, "Actual Max Startup Time": 0.006, "Actual Min Total Time": 0.007, "Actual Max Total Time": 0.007, "Actual Rows": 3}], "Actual Rows": 17743}], "Actual Rows": 5914}, {"Node Type": "Index Scan", "Parent Relationship": "Inner", "Scan Direction": "Forward", "Index Name": "movie_id_movie_keyword", "Relation Name": "movie_keyword", "Alias": "mk", "Startup Cost": 0.0, "Total Cost": 0.46, "Plan Rows": 8, "Plan Width": 8, "Actual Min Startup Time": 45.268, "Actual Max Startup Time": 45.268, "Actual Min Total Time": 51.819, "Actual Max Total Time": 51.819, "Index Cond": "(movie_id = mc.movie_id)", "Rows Removed by Index Recheck": 0, "Actual Rows": 14161}], "Actual Rows": 14161}, {"Node Type": "Index Only Scan", "Parent Relationship": "Inner", "Scan Direction": "Forward", "Index Name": "keyword_pkey", "Relation Name": "keyword", "Alias": "k", "Startup Cost": 0.0, "Total Cost": 0.27, "Plan Rows": 1, "Plan Width": 4, "Actual Min Startup Time": 37.157, "Actual Max Startup Time": 37.157, "Actual Min Total Time": 37.157, "Actual Max Total Time": 37.157, "Index Cond": "(id = mk.keyword_id)", "Rows Removed by Index Recheck": 0, "Heap Fetches": 0, "Actual Rows": 14161}], "Actual Rows": 14161}, {"Node Type": "Index Scan", "Parent Relationship": "Inner", "Scan Direction": "Forward", "Index Name": "movie_id_aka_title", "Relation Name": "aka_title", "Alias": "at", "Startup Cost": 0.0, "Total Cost": 0.32, "Plan Rows": 3, "Plan Width": 25, "Actual Min Startup Time": 32.46, "Actual Max Startup Time": 32.46, "Actual Min Total Time": 34.597, "Actual Max Total Time": 34.597, "Index Cond": "(movie_id = mk.movie_id)", "Rows Removed by Index Recheck": 0, "Actual Rows": 4371}], "Actual Rows": 4371}], "Actual Rows": 1}, "Triggers": [], "Planner Runtime": 151, "Total Runtime": 566.675, "Unique SQL Id": 2302223328}}, "(64, 17)": {"explain_plan": {"Plan": {"Node Type": "Aggregate", "Strategy": "Plain", "Startup Cost": 166952.08, "Total Cost": 166952.09, "Plan Rows": 1, "Plan Width": 102, "Plans": [{"Node Type": "Nested Loop", "Parent Relationship": "Outer", "Join Type": "Inner", "Startup Cost": 4841.51, "Total Cost": 166917.21, "Plan Rows": 6974, "Plan Width": 38, "Inner Unique": false, "Join Filter": "(t.id = at.movie_id)", "Plans": [{"Node Type": "Nested Loop", "Parent Relationship": "Outer", "Join Type": "Inner", "Startup Cost": 4841.51, "Total Cost": 166118.59, "Plan Rows": 2257, "Plan Width": 33, "Inner Unique": true, "Plans": [{"Node Type": "Nested Loop", "Parent Relationship": "Outer", "Join Type": "Inner", "Startup Cost": 4841.51, "Total Cost": 165486.61, "Plan Rows": 2257, "Plan Width": 37, "Inner Unique": false, "Join Filter": "(t.id = mk.movie_id)", "Plans": [{"Node Type": "Nested Loop", "Parent Relationship": "Outer", "Join Type": "Inner", "Startup Cost": 4841.51, "Total Cost": 165330.26, "Plan Rows": 278, "Plan Width": 29, "Inner Unique": true, "Join Filter": "(mc.company_type_id = ct.id)", "Plans": [{"Node Type": "Nested Loop", "Parent Relationship": "Outer", "Join Type": "Inner", "Startup Cost": 4841.51, "Total Cost": 165300.45, "Plan Rows": 478, "Plan Width": 33, "Inner Unique": true, "Plans": [{"Node Type": "Nested Loop", "Parent Relationship": "Outer", "Join Type": "Inner", "Startup Cost": 4841.51, "Total Cost": 165137.06, "Plan Rows": 568, "Plan Width": 37, "Inner Unique": false, "Plans": [{"Node Type": "Nested Loop", "Parent Relationship": "Outer", "Join Type": "Inner", "Startup Cost": 4841.51, "Total Cost": 165039.2, "Plan Rows": 266, "Plan Width": 25, "Inner Unique": true, "Plans": [{"Node Type": "Nested Loop", "Parent Relationship": "Outer", "Join Type": "Inner", "Startup Cost": 4841.51, "Total Cost": 163895.89, "Plan Rows": 192, "Plan Width": 4, "Inner Unique": false, "Plans": [{"Node Type": "Index Scan", "Parent Relationship": "Outer", "Scan Direction": "Forward", "Index Name": "info_type_pkey", "Relation Name": "info_type", "Alias": "it1", "Startup Cost": 0.0, "Total Cost": 14.21, "Plan Rows": 1, "Plan Width": 4, "Filter": "((info)::text = 'release dates'::text)"}, {"Node Type": "Bitmap Heap Scan", "Parent Relationship": "Inner", "Relation Name": "movie_info", "Alias": "mi", "Startup Cost": 4841.51, "Total Cost": 163879.76, "Plan Rows": 192, "Plan Width": 8, "Recheck Cond": "(info_type_id = it1.id)", "Filter": "((note)::text ~~ '%internet%'::text)", "Plans": [{"Node Type": "Bitmap Index Scan", "Parent Relationship": "Outer", "Index Name": "info_type_id_movie_info", "Startup Cost": 0.0, "Total Cost": 4841.46, "Plan Rows": 212428, "Plan Width": 0, "Index Cond": "(info_type_id = it1.id)"}]}]}, {"Node Type": "Index Scan", "Parent Relationship": "Inner", "Scan Direction": "Forward", "Index Name": "title_pkey", "Relation Name": "title", "Alias": "t", "Startup Cost": 0.0, "Total Cost": 5.94, "Plan Rows": 1, "Plan Width": 21, "Index Cond": "(id = mi.movie_id)", "Filter": "(production_year > 1990)"}]}, {"Node Type": "Index Scan", "Parent Relationship": "Inner", "Scan Direction": "Forward", "Index Name": "movie_id_movie_companies", "Relation Name": "movie_companies", "Alias": "mc", "Startup Cost": 0.0, "Total Cost": 0.35, "Plan Rows": 2, "Plan Width": 12, "Index Cond": "(movie_id = t.id)"}]}, {"Node Type": "Index Scan", "Parent Relationship": "Inner", "Scan Direction": "Forward", "Index Name": "company_name_pkey", "Relation Name": "company_name", "Alias": "cn", "Startup Cost": 0.0, "Total Cost": 0.28, "Plan Rows": 1, "Plan Width": 4, "Index Cond": "(id = mc.company_id)", "Filter": "((country_code)::text = '[us]'::text)"}]}, {"Node Type": "Materialize", "Parent Relationship": "Inner", "Startup Cost": 0.0, "Total Cost": 8.31, "Plan Rows": 3, "Plan Width": 4, "Plans": [{"Node Type": "Index Only Scan", "Parent Relationship": "Outer", "Scan Direction": "Forward", "Index Name": "company_type_pkey", "Relation Name": "company_type", "Alias": "ct", "Startup Cost": 0.0, "Total Cost": 8.29, "Plan Rows": 3, "Plan Width": 4}]}]}, {"Node Type": "Index Scan", "Parent Relationship": "Inner", "Scan Direction": "Forward", "Index Name": "movie_id_movie_keyword", "Relation Name": "movie_keyword", "Alias": "mk", "Startup Cost": 0.0, "Total Cost": 0.46, "Plan Rows": 8, "Plan Width": 8, "Index Cond": "(movie_id = mc.movie_id)"}]}, {"Node Type": "Index Only Scan", "Parent Relationship": "Inner", "Scan Direction": "Forward", "Index Name": "keyword_pkey", "Relation Name": "keyword", "Alias": "k", "Startup Cost": 0.0, "Total Cost": 0.27, "Plan Rows": 1, "Plan Width": 4, "Index Cond": "(id = mk.keyword_id)"}]}, {"Node Type": "Index Scan", "Parent Relationship": "Inner", "Scan Direction": "Forward", "Index Name": "movie_id_aka_title", "Relation Name": "aka_title", "Alias": "at", "Startup Cost": 0.0, "Total Cost": 0.32, "Plan Rows": 3, "Plan Width": 25, "Index Cond": "(movie_id = mk.movie_id)"}]}]}, "Unique SQL Id": 2302223328, "Planner Runtime": 143}, "explain_analyze_plan": null}, "(64, 18)": {"explain_plan": {"Plan": {"Node Type": "Aggregate", "Strategy": "Plain", "Startup Cost": 94112.14, "Total Cost": 94112.15, "Plan Rows": 1, "Plan Width": 102, "Plans": [{"Node Type": "Nested Loop", "Parent Relationship": "Outer", "Join Type": "Inner", "Startup Cost": 4.02, "Total Cost": 94077.27, "Plan Rows": 6974, "Plan Width": 38, "Inner Unique": false, "Join Filter": "(t.id = at.movie_id)", "Plans": [{"Node Type": "Nested Loop", "Parent Relationship": "Outer", "Join Type": "Inner", "Startup Cost": 3.74, "Total Cost": 84261.5, "Plan Rows": 2257, "Plan Width": 33, "Inner Unique": true, "Plans": [{"Node Type": "Nested Loop", "Parent Relationship": "Outer", "Join Type": "Inner", "Startup Cost": 3.49, "Total Cost": 74600.95, "Plan Rows": 2257, "Plan Width": 37, "Inner Unique": false, "Join Filter": "(t.id = mk.movie_id)", "Plans": [{"Node Type": "Nested Loop", "Parent Relationship": "Outer", "Join Type": "Inner", "Startup Cost": 3.15, "Total Cost": 73339.38, "Plan Rows": 278, "Plan Width": 29, "Inner Unique": true, "Join Filter": "(mi.movie_id = t.id)", "Plans": [{"Node Type": "Nested Loop", "Parent Relationship": "Outer", "Join Type": "Inner", "Startup Cost": 2.88, "Total Cost": 72475.19, "Plan Rows": 201, "Plan Width": 8, "Inner Unique": true, "Join Filter": "(mc.company_type_id = ct.id)", "Plans": [{"Node Type": "Nested Loop", "Parent Relationship": "Outer", "Join Type": "Inner", "Startup Cost": 2.88, "Total Cost": 72458.63, "Plan Rows": 345, "Plan Width": 12, "Inner Unique": true, "Plans": [{"Node Type": "Nested Loop", "Parent Relationship": "Outer", "Join Type": "Inner", "Startup Cost": 2.62, "Total Cost": 70702.45, "Plan Rows": 410, "Plan Width": 16, "Inner Unique": false, "Plans": [{"Node Type": "Nested Loop", "Parent Relationship": "Outer", "Join Type": "Inner", "Startup Cost": 0.0, "Total Cost": 68668.26, "Plan Rows": 192, "Plan Width": 4, "Inner Unique": false, "Join Filter": "(it1.id = mi.info_type_id)", "Plans": [{"Node Type": "Seq Scan", "Parent Relationship": "Outer", "Relation Name": "info_type", "Alias": "it1", "Startup Cost": 0.0, "Total Cost": 2.4, "Plan Rows": 1, "Plan Width": 4, "Filter": "((info)::text = 'release dates'::text)"}, {"Node Type": "Materialize", "Parent Relationship": "Inner", "Startup Cost": 0.0, "Total Cost": 68531.67, "Plan Rows": 13419, "Plan Width": 8, "Plans": [{"Node Type": "Streaming(type: LOCAL GATHER dop: 1/64)", "Parent Relationship": "Outer", "Startup Cost": 0.0, "Total Cost": 68498.12, "Plan Rows": 13419, "Plan Width": 8, "Plans": [{"Node Type": "Seq Scan", "Parent Relationship": "Outer", "Relation Name": "movie_info", "Alias": "mi", "Startup Cost": 0.0, "Total Cost": 68221.29, "Plan Rows": 13419, "Plan Width": 8, "Filter": "((note)::text ~~ '%internet%'::text)"}]}]}]}, {"Node Type": "Bitmap Heap Scan", "Parent Relationship": "Inner", "Relation Name": "movie_companies", "Alias": "mc", "Startup Cost": 2.62, "Total Cost": 10.57, "Plan Rows": 2, "Plan Width": 12, "Recheck Cond": "(movie_id = mi.movie_id)", "Plans": [{"Node Type": "Bitmap Index Scan", "Parent Relationship": "Outer", "Index Name": "movie_id_movie_companies", "Startup Cost": 0.0, "Total Cost": 2.62, "Plan Rows": 2, "Plan Width": 0, "Index Cond": "(movie_id = mi.movie_id)"}]}]}, {"Node Type": "Bitmap Heap Scan", "Parent Relationship": "Inner", "Relation Name": "company_name", "Alias": "cn", "Startup Cost": 0.26, "Total Cost": 4.27, "Plan Rows": 1, "Plan Width": 4, "Recheck Cond": "(id = mc.company_id)", "Filter": "((country_code)::text = '[us]'::text)", "Plans": [{"Node Type": "Bitmap Index Scan", "Parent Relationship": "Outer", "Index Name": "company_name_pkey", "Startup Cost": 0.0, "Total Cost": 0.26, "Plan Rows": 1, "Plan Width": 0, "Index Cond": "(id = mc.company_id)"}]}]}, {"Node Type": "Materialize", "Parent Relationship": "Inner", "Startup Cost": 0.0, "Total Cost": 1.04, "Plan Rows": 3, "Plan Width": 4, "Plans": [{"Node Type": "Seq Scan", "Parent Relationship": "Outer", "Relation Name": "company_type", "Alias": "ct", "Startup Cost": 0.0, "Total Cost": 1.03, "Plan Rows": 3, "Plan Width": 4}]}]}, {"Node Type": "Bitmap Heap Scan", "Parent Relationship": "Inner", "Relation Name": "title", "Alias": "t", "Startup Cost": 0.27, "Total Cost": 4.29, "Plan Rows": 1, "Plan Width": 21, "Recheck Cond": "(id = mc.movie_id)", "Filter": "(production_year > 1990)", "Plans": [{"Node Type": "Bitmap Index Scan", "Parent Relationship": "Outer", "Index Name": "title_pkey", "Startup Cost": 0.0, "Total Cost": 0.27, "Plan Rows": 1, "Plan Width": 0, "Index Cond": "(id = mc.movie_id)"}]}]}, {"Node Type": "Bitmap Heap Scan", "Parent Relationship": "Inner", "Relation Name": "movie_keyword", "Alias": "mk", "Startup Cost": 0.34, "Total Cost": 4.44, "Plan Rows": 8, "Plan Width": 8, "Recheck Cond": "(movie_id = mc.movie_id)", "Plans": [{"Node Type": "Bitmap Index Scan", "Parent Relationship": "Outer", "Index Name": "movie_id_movie_keyword", "Startup Cost": 0.0, "Total Cost": 0.34, "Plan Rows": 8, "Plan Width": 0, "Index Cond": "(movie_id = mc.movie_id)"}]}]}, {"Node Type": "Bitmap Heap Scan", "Parent Relationship": "Inner", "Relation Name": "keyword", "Alias": "k", "Startup Cost": 0.26, "Total Cost": 4.27, "Plan Rows": 1, "Plan Width": 4, "Recheck Cond": "(id = mk.keyword_id)", "Plans": [{"Node Type": "Bitmap Index Scan", "Parent Relationship": "Outer", "Index Name": "keyword_pkey", "Startup Cost": 0.0, "Total Cost": 0.26, "Plan Rows": 1, "Plan Width": 0, "Index Cond": "(id = mk.keyword_id)"}]}]}, {"Node Type": "Bitmap Heap Scan", "Parent Relationship": "Inner", "Relation Name": "aka_title", "Alias": "at", "Startup Cost": 0.27, "Total Cost": 4.31, "Plan Rows": 3, "Plan Width": 25, "Recheck Cond": "(movie_id = mk.movie_id)", "Plans": [{"Node Type": "Bitmap Index Scan", "Parent Relationship": "Outer", "Index Name": "movie_id_aka_title", "Startup Cost": 0.0, "Total Cost": 0.27, "Plan Rows": 3, "Plan Width": 0, "Index Cond": "(movie_id = mk.movie_id)"}]}]}]}, "Unique SQL Id": 2302223328, "Planner Runtime": 180}, "explain_analyze_plan": {"Plan": {"Node Type": "Aggregate", "Strategy": "Plain", "Startup Cost": 94112.14, "Total Cost": 94112.15, "Plan Rows": 1, "Plan Width": 102, "Actual Min Startup Time": 608.379, "Actual Max Startup Time": 608.379, "Actual Min Total Time": 608.379, "Actual Max Total Time": 608.379, "Plans": [{"Node Type": "Nested Loop", "Parent Relationship": "Outer", "Join Type": "Inner", "Startup Cost": 4.02, "Total Cost": 94077.27, "Plan Rows": 6974, "Plan Width": 38, "Actual Min Startup Time": 174.154, "Actual Max Startup Time": 174.154, "Actual Min Total Time": 605.273, "Actual Max Total Time": 605.273, "Inner Unique": false, "Join Filter": "(t.id = at.movie_id)", "Rows Removed by Join Filter": 0, "Plans": [{"Node Type": "Nested Loop", "Parent Relationship": "Outer", "Join Type": "Inner", "Startup Cost": 3.74, "Total Cost": 84261.5, "Plan Rows": 2257, "Plan Width": 33, "Actual Min Startup Time": 172.263, "Actual Max Startup Time": 172.263, "Actual Min Total Time": 542.744, "Actual Max Total Time": 542.744, "Inner Unique": true, "Plans": [{"Node Type": "Nested Loop", "Parent Relationship": "Outer", "Join Type": "Inner", "Startup Cost": 3.49, "Total Cost": 74600.95, "Plan Rows": 2257, "Plan Width": 37, "Actual Min Startup Time": 172.245, "Actual Max Startup Time": 172.245, "Actual Min Total Time": 463.075, "Actual Max Total Time": 463.075, "Inner Unique": false, "Join Filter": "(t.id = mk.movie_id)", "Rows Removed by Join Filter": 0, "Plans": [{"Node Type": "Nested Loop", "Parent Relationship": "Outer", "Join Type": "Inner", "Startup Cost": 3.15, "Total Cost": 73339.38, "Plan Rows": 278, "Plan Width": 29, "Actual Min Startup Time": 172.141, "Actual Max Startup Time": 172.141, "Actual Min Total Time": 417.398, "Actual Max Total Time": 417.398, "Inner Unique": true, "Join Filter": "(mi.movie_id = t.id)", "Rows Removed by Join Filter": 0, "Plans": [{"Node Type": "Nested Loop", "Parent Relationship": "Outer", "Join Type": "Inner", "Startup Cost": 2.88, "Total Cost": 72475.19, "Plan Rows": 201, "Plan Width": 8, "Actual Min Startup Time": 172.101, "Actual Max Startup Time": 172.101, "Actual Min Total Time": 368.664, "Actual Max Total Time": 368.664, "Inner Unique": true, "Join Filter": "(mc.company_type_id = ct.id)", "Rows Removed by Join Filter": 11874, "Plans": [{"Node Type": "Nested Loop", "Parent Relationship": "Outer", "Join Type": "Inner", "Startup Cost": 2.88, "Total Cost": 72458.63, "Plan Rows": 345, "Plan Width": 12, "Actual Min Startup Time": 172.073, "Actual Max Startup Time": 172.073, "Actual Min Total Time": 359.554, "Actual Max Total Time": 359.554, "Inner Unique": true, "Plans": [{"Node Type": "Nested Loop", "Parent Relationship": "Outer", "Join Type": "Inner", "Startup Cost": 2.62, "Total Cost": 70702.45, "Plan Rows": 410, "Plan Width": 16, "Actual Min Startup Time": 172.013, "Actual Max Startup Time": 172.013, "Actual Min Total Time": 268.549, "Actual Max Total Time": 268.549, "Inner Unique": false, "Plans": [{"Node Type": "Nested Loop", "Parent Relationship": "Outer", "Join Type": "Inner", "Startup Cost": 0.0, "Total Cost": 68668.26, "Plan Rows": 192, "Plan Width": 4, "Actual Min Startup Time": 171.962, "Actual Max Startup Time": 171.962, "Actual Min Total Time": 178.706, "Actual Max Total Time": 178.706, "Inner Unique": false, "Join Filter": "(it1.id = mi.info_type_id)", "Rows Removed by Join Filter": 131, "Plans": [{"Node Type": "Seq Scan", "Parent Relationship": "Outer", "Relation Name": "info_type", "Alias": "it1", "Startup Cost": 0.0, "Total Cost": 2.4, "Plan Rows": 1, "Plan Width": 4, "Actual Min Startup Time": 0.065, "Actual Max Startup Time": 0.065, "Actual Min Total Time": 0.093, "Actual Max Total Time": 0.093, "Filter": "((info)::text = 'release dates'::text)", "Rows Removed by Filter": 111, "Actual Rows": 1}, {"Node Type": "Materialize", "Parent Relationship": "Inner", "Startup Cost": 0.0, "Total Cost": 68531.67, "Plan Rows": 13419, "Plan Width": 8, "Actual Min Startup Time": 171.868, "Actual Max Startup Time": 171.868, "Actual Min Total Time": 173.575, "Actual Max Total Time": 173.575, "Plans": [{"Node Type": "Streaming(type: LOCAL GATHER dop: 1/64)", "Parent Relationship": "Outer", "Startup Cost": 0.0, "Total Cost": 68498.12, "Plan Rows": 13419, "Plan Width": 8, "Actual Min Startup Time": 101.373, "Actual Max Startup Time": 101.373, "Actual Min Total Time": 169.834, "Actual Max Total Time": 169.834, "Plans": [{"Node Type": "Seq Scan", "Parent Relationship": "Outer", "Relation Name": "movie_info", "Alias": "mi", "Startup Cost": 0.0, "Total Cost": 68221.29, "Plan Rows": 13419, "Plan Width": 8, "Actual Min Startup Time": 0.108, "Actual Max Startup Time": 21.653, "Actual Min Total Time": 60.649, "Actual Max Total Time": 70.006, "Filter": "((note)::text ~~ '%internet%'::text)", "Rows Removed by Filter": 14824909, "Actual Rows": 10810}], "Actual Rows": 10810}], "Actual Rows": 10811}], "Actual Rows": 10679}, {"Node Type": "Bitmap Heap Scan", "Parent Relationship": "Inner", "Relation Name": "movie_companies", "Alias": "mc", "Startup Cost": 2.62, "Total Cost": 10.57, "Plan Rows": 2, "Plan Width": 12, "Actual Min Startup Time": 65.085, "Actual Max Startup Time": 65.085, "Actual Min Total Time": 73.905, "Actual Max Total Time": 73.905, "Recheck Cond": "(movie_id = mi.movie_id)", "Rows Removed by Index Recheck": 0, "Exact Heap Blocks": 11702, "Lossy Heap Blocks": 11702, "Plans": [{"Node Type": "Bitmap Index Scan", "Parent Relationship": "Outer", "Index Name": "movie_id_movie_companies", "Startup Cost": 0.0, "Total Cost": 2.62, "Plan Rows": 2, "Plan Width": 0, "Actual Min Startup Time": 43.751, "Actual Max Startup Time": 43.751, "Actual Min Total Time": 43.751, "Actual Max Total Time": 43.751, "Index Cond": "(movie_id = mi.movie_id)", "Actual Rows": 14401}], "Actual Rows": 14401}], "Actual Rows": 14401}, {"Node Type": "Bitmap Heap Scan", "Parent Relationship": "Inner", "Relation Name": "company_name", "Alias": "cn", "Startup Cost": 0.26, "Total Cost": 4.27, "Plan Rows": 1, "Plan Width": 4, "Actual Min Startup Time": 72.974, "Actual Max Startup Time": 72.974, "Actual Min Total Time": 72.974, "Actual Max Total Time": 72.974, "Recheck Cond": "(id = mc.company_id)", "Rows Removed by Index Recheck": 0, "Filter": "((country_code)::text = '[us]'::text)", "Rows Removed by Filter": 4527, "Exact Heap Blocks": 14401, "Lossy Heap Blocks": 14401, "Plans": [{"Node Type": "Bitmap Index Scan", "Parent Relationship": "Outer", "Index Name": "company_name_pkey", "Startup Cost": 0.0, "Total Cost": 0.26, "Plan Rows": 1, "Plan Width": 0, "Actual Min Startup Time": 41.471, "Actual Max Startup Time": 41.471, "Actual Min Total Time": 41.471, "Actual Max Total Time": 41.471, "Index Cond": "(id = mc.company_id)", "Actual Rows": 14401}], "Actual Rows": 9874}], "Actual Rows": 9874}, {"Node Type": "Materialize", "Parent Relationship": "Inner", "Startup Cost": 0.0, "Total Cost": 1.04, "Plan Rows": 3, "Plan Width": 4, "Actual Min Startup Time": 1.232, "Actual Max Startup Time": 1.232, "Actual Min Total Time": 2.289, "Actual Max Total Time": 2.289, "Plans": [{"Node Type": "Seq Scan", "Parent Relationship": "Outer", "Relation Name": "company_type", "Alias": "ct", "Startup Cost": 0.0, "Total Cost": 1.03, "Plan Rows": 3, "Plan Width": 4, "Actual Min Startup Time": 0.006, "Actual Max Startup Time": 0.006, "Actual Min Total Time": 0.007, "Actual Max Total Time": 0.007, "Actual Rows": 3}], "Actual Rows": 17790}], "Actual Rows": 5916}, {"Node Type": "Bitmap Heap Scan", "Parent Relationship": "Inner", "Relation Name": "title", "Alias": "t", "Startup Cost": 0.27, "Total Cost": 4.29, "Plan Rows": 1, "Plan Width": 21, "Actual Min Startup Time": 39.544, "Actual Max Startup Time": 39.544, "Actual Min Total Time": 39.544, "Actual Max Total Time": 39.544, "Recheck Cond": "(id = mc.movie_id)", "Rows Removed by Index Recheck": 0, "Filter": "(production_year > 1990)", "Rows Removed by Filter": 2, "Exact Heap Blocks": 5916, "Lossy Heap Blocks": 5916, "Plans": [{"Node Type": "Bitmap Index Scan", "Parent Relationship": "Outer", "Index Name": "title_pkey", "Startup Cost": 0.0, "Total Cost": 0.27, "Plan Rows": 1, "Plan Width": 0, "Actual Min Startup Time": 23.716, "Actual Max Startup Time": 23.716, "Actual Min Total Time": 23.716, "Actual Max Total Time": 23.716, "Index Cond": "(id = mc.movie_id)", "Actual Rows": 5916}], "Actual Rows": 5914}], "Actual Rows": 5914}, {"Node Type": "Bitmap Heap Scan", "Parent Relationship": "Inner", "Relation Name": "movie_keyword", "Alias": "mk", "Startup Cost": 0.34, "Total Cost": 4.44, "Plan Rows": 8, "Plan Width": 8, "Actual Min Startup Time": 30.667, "Actual Max Startup Time": 30.667, "Actual Min Total Time": 32.827, "Actual Max Total Time": 32.827, "Recheck Cond": "(movie_id = mc.movie_id)", "Rows Removed by Index Recheck": 0, "Exact Heap Blocks": 1896, "Lossy Heap Blocks": 1896, "Plans": [{"Node Type": "Bitmap Index Scan", "Parent Relationship": "Outer", "Index Name": "movie_id_movie_keyword", "Startup Cost": 0.0, "Total Cost": 0.34, "Plan Rows": 8, "Plan Width": 0, "Actual Min Startup Time": 22.609, "Actual Max Startup Time": 22.609, "Actual Min Total Time": 22.609, "Actual Max Total Time": 22.609, "Index Cond": "(movie_id = mc.movie_id)", "Actual Rows": 14161}], "Actual Rows": 14161}], "Actual Rows": 14161}, {"Node Type": "Bitmap Heap Scan", "Parent Relationship": "Inner", "Relation Name": "keyword", "Alias": "k", "Startup Cost": 0.26, "Total Cost": 4.27, "Plan Rows": 1, "Plan Width": 4, "Actual Min Startup Time": 61.625, "Actual Max Startup Time": 61.625, "Actual Min Total Time": 61.625, "Actual Max Total Time": 61.625, "Recheck Cond": "(id = mk.keyword_id)", "Rows Removed by Index Recheck": 0, "Exact Heap Blocks": 14161, "Lossy Heap Blocks": 14161, "Plans": [{"Node Type": "Bitmap Index Scan", "Parent Relationship": "Outer", "Index Name": "keyword_pkey", "Startup Cost": 0.0, "Total Cost": 0.26, "Plan Rows": 1, "Plan Width": 0, "Actual Min Startup Time": 38.426, "Actual Max Startup Time": 38.426, "Actual Min Total Time": 38.426, "Actual Max Total Time": 38.426, "Index Cond": "(id = mk.keyword_id)", "Actual Rows": 14161}], "Actual Rows": 14161}], "Actual Rows": 14161}, {"Node Type": "Bitmap Heap Scan", "Parent Relationship": "Inner", "Relation Name": "aka_title", "Alias": "at", "Startup Cost": 0.27, "Total Cost": 4.31, "Plan Rows": 3, "Plan Width": 25, "Actual Min Startup Time": 43.352, "Actual Max Startup Time": 43.352, "Actual Min Total Time": 45.131, "Actual Max Total Time": 45.131, "Recheck Cond": "(movie_id = mk.movie_id)", "Rows Removed by Index Recheck": 0, "Exact Heap Blocks": 4371, "Lossy Heap Blocks": 4371, "Plans": [{"Node Type": "Bitmap Index Scan", "Parent Relationship": "Outer", "Index Name": "movie_id_aka_title", "Startup Cost": 0.0, "Total Cost": 0.27, "Plan Rows": 3, "Plan Width": 0, "Actual Min Startup Time": 33.023, "Actual Max Startup Time": 33.023, "Actual Min Total Time": 33.023, "Actual Max Total Time": 33.023, "Index Cond": "(movie_id = mk.movie_id)", "Actual Rows": 4371}], "Actual Rows": 4371}], "Actual Rows": 4371}], "Actual Rows": 1}, "Triggers": [], "Planner Runtime": 179, "Total Runtime": 620.152, "Unique SQL Id": 2302223328}}, "(64, 19)": {"explain_plan": {"Plan": {"Node Type": "Aggregate", "Strategy": "Plain", "Startup Cost": 190799.9, "Total Cost": 190799.91, "Plan Rows": 1, "Plan Width": 102, "Plans": [{"Node Type": "Nested Loop", "Parent Relationship": "Outer", "Join Type": "Inner", "Startup Cost": 4854.59, "Total Cost": 190765.03, "Plan Rows": 6974, "Plan Width": 38, "Inner Unique": false, "Join Filter": "(t.id = at.movie_id)", "Plans": [{"Node Type": "Nested Loop", "Parent Relationship": "Outer", "Join Type": "Inner", "Startup Cost": 4854.32, "Total Cost": 180949.25, "Plan Rows": 2257, "Plan Width": 33, "Inner Unique": true, "Plans": [{"Node Type": "Nested Loop", "Parent Relationship": "Outer", "Join Type": "Inner", "Startup Cost": 4854.06, "Total Cost": 171288.7, "Plan Rows": 2257, "Plan Width": 37, "Inner Unique": false, "Join Filter": "(t.id = mk.movie_id)", "Plans": [{"Node Type": "Nested Loop", "Parent Relationship": "Outer", "Join Type": "Inner", "Startup Cost": 4853.72, "Total Cost": 170027.13, "Plan Rows": 278, "Plan Width": 29, "Inner Unique": true, "Join Filter": "(mi.movie_id = t.id)", "Plans": [{"Node Type": "Nested Loop", "Parent Relationship": "Outer", "Join Type": "Inner", "Startup Cost": 4853.45, "Total Cost": 169162.94, "Plan Rows": 201, "Plan Width": 8, "Inner Unique": true, "Plans": [{"Node Type": "Nested Loop", "Parent Relationship": "Outer", "Join Type": "Inner", "Startup Cost": 4853.19, "Total Cost": 167686.26, "Plan Rows": 345, "Plan Width": 12, "Inner Unique": true, "Plans": [{"Node Type": "Nested Loop", "Parent Relationship": "Outer", "Join Type": "Inner", "Startup Cost": 4852.94, "Total Cost": 165930.08, "Plan Rows": 410, "Plan Width": 16, "Inner Unique": false, "Plans": [{"Node Type": "Nested Loop", "Parent Relationship": "Outer", "Join Type": "Inner", "Startup Cost": 4850.32, "Total Cost": 163895.89, "Plan Rows": 192, "Plan Width": 4, "Inner Unique": false, "Plans": [{"Node Type": "Bitmap Heap Scan", "Parent Relationship": "Outer", "Relation Name": "info_type", "Alias": "it1", "Startup Cost": 8.81, "Total Cost": 14.21, "Plan Rows": 1, "Plan Width": 4, "Filter": "((info)::text = 'release dates'::text)", "Plans": [{"Node Type": "Bitmap Index Scan", "Parent Relationship": "Outer", "Index Name": "info_type_pkey", "Startup Cost": 0.0, "Total Cost": 8.81, "Plan Rows": 112, "Plan Width": 0}]}, {"Node Type": "Bitmap Heap Scan", "Parent Relationship": "Inner", "Relation Name": "movie_info", "Alias": "mi", "Startup Cost": 4841.51, "Total Cost": 163879.76, "Plan Rows": 192, "Plan Width": 8, "Recheck Cond": "(info_type_id = it1.id)", "Filter": "((note)::text ~~ '%internet%'::text)", "Plans": [{"Node Type": "Bitmap Index Scan", "Parent Relationship": "Outer", "Index Name": "info_type_id_movie_info", "Startup Cost": 0.0, "Total Cost": 4841.46, "Plan Rows": 212428, "Plan Width": 0, "Index Cond": "(info_type_id = it1.id)"}]}]}, {"Node Type": "Bitmap Heap Scan", "Parent Relationship": "Inner", "Relation Name": "movie_companies", "Alias": "mc", "Startup Cost": 2.62, "Total Cost": 10.57, "Plan Rows": 2, "Plan Width": 12, "Recheck Cond": "(movie_id = mi.movie_id)", "Plans": [{"Node Type": "Bitmap Index Scan", "Parent Relationship": "Outer", "Index Name": "movie_id_movie_companies", "Startup Cost": 0.0, "Total Cost": 2.62, "Plan Rows": 2, "Plan Width": 0, "Index Cond": "(movie_id = mi.movie_id)"}]}]}, {"Node Type": "Bitmap Heap Scan", "Parent Relationship": "Inner", "Relation Name": "company_name", "Alias": "cn", "Startup Cost": 0.26, "Total Cost": 4.27, "Plan Rows": 1, "Plan Width": 4, "Recheck Cond": "(id = mc.company_id)", "Filter": "((country_code)::text = '[us]'::text)", "Plans": [{"Node Type": "Bitmap Index Scan", "Parent Relationship": "Outer", "Index Name": "company_name_pkey", "Startup Cost": 0.0, "Total Cost": 0.26, "Plan Rows": 1, "Plan Width": 0, "Index Cond": "(id = mc.company_id)"}]}]}, {"Node Type": "Bitmap Heap Scan", "Parent Relationship": "Inner", "Relation Name": "company_type", "Alias": "ct", "Startup Cost": 0.26, "Total Cost": 4.27, "Plan Rows": 1, "Plan Width": 4, "Recheck Cond": "(id = mc.company_type_id)", "Plans": [{"Node Type": "Bitmap Index Scan", "Parent Relationship": "Outer", "Index Name": "company_type_pkey", "Startup Cost": 0.0, "Total Cost": 0.26, "Plan Rows": 1, "Plan Width": 0, "Index Cond": "(id = mc.company_type_id)"}]}]}, {"Node Type": "Bitmap Heap Scan", "Parent Relationship": "Inner", "Relation Name": "title", "Alias": "t", "Startup Cost": 0.27, "Total Cost": 4.29, "Plan Rows": 1, "Plan Width": 21, "Recheck Cond": "(id = mc.movie_id)", "Filter": "(production_year > 1990)", "Plans": [{"Node Type": "Bitmap Index Scan", "Parent Relationship": "Outer", "Index Name": "title_pkey", "Startup Cost": 0.0, "Total Cost": 0.27, "Plan Rows": 1, "Plan Width": 0, "Index Cond": "(id = mc.movie_id)"}]}]}, {"Node Type": "Bitmap Heap Scan", "Parent Relationship": "Inner", "Relation Name": "movie_keyword", "Alias": "mk", "Startup Cost": 0.34, "Total Cost": 4.44, "Plan Rows": 8, "Plan Width": 8, "Recheck Cond": "(movie_id = mc.movie_id)", "Plans": [{"Node Type": "Bitmap Index Scan", "Parent Relationship": "Outer", "Index Name": "movie_id_movie_keyword", "Startup Cost": 0.0, "Total Cost": 0.34, "Plan Rows": 8, "Plan Width": 0, "Index Cond": "(movie_id = mc.movie_id)"}]}]}, {"Node Type": "Bitmap Heap Scan", "Parent Relationship": "Inner", "Relation Name": "keyword", "Alias": "k", "Startup Cost": 0.26, "Total Cost": 4.27, "Plan Rows": 1, "Plan Width": 4, "Recheck Cond": "(id = mk.keyword_id)", "Plans": [{"Node Type": "Bitmap Index Scan", "Parent Relationship": "Outer", "Index Name": "keyword_pkey", "Startup Cost": 0.0, "Total Cost": 0.26, "Plan Rows": 1, "Plan Width": 0, "Index Cond": "(id = mk.keyword_id)"}]}]}, {"Node Type": "Bitmap Heap Scan", "Parent Relationship": "Inner", "Relation Name": "aka_title", "Alias": "at", "Startup Cost": 0.27, "Total Cost": 4.31, "Plan Rows": 3, "Plan Width": 25, "Recheck Cond": "(movie_id = mk.movie_id)", "Plans": [{"Node Type": "Bitmap Index Scan", "Parent Relationship": "Outer", "Index Name": "movie_id_aka_title", "Startup Cost": 0.0, "Total Cost": 0.27, "Plan Rows": 3, "Plan Width": 0, "Index Cond": "(movie_id = mk.movie_id)"}]}]}]}, "Unique SQL Id": 2302223328, "Planner Runtime": 133}, "explain_analyze_plan": null}, "(64, 20)": {"explain_plan": {"Plan": {"Node Type": "Aggregate", "Strategy": "Plain", "Startup Cost": 71718.7, "Total Cost": 71718.71, "Plan Rows": 1, "Plan Width": 102, "Plans": [{"Node Type": "Nested Loop", "Parent Relationship": "Outer", "Join Type": "Inner", "Startup Cost": 0.0, "Total Cost": 71683.83, "Plan Rows": 6974, "Plan Width": 38, "Inner Unique": false, "Join Filter": "(t.id = at.movie_id)", "Plans": [{"Node Type": "Nested Loop", "Parent Relationship": "Outer", "Join Type": "Inner", "Startup Cost": 0.0, "Total Cost": 70885.21, "Plan Rows": 2257, "Plan Width": 33, "Inner Unique": true, "Plans": [{"Node Type": "Nested Loop", "Parent Relationship": "Outer", "Join Type": "Inner", "Startup Cost": 0.0, "Total Cost": 70251.71, "Plan Rows": 2257, "Plan Width": 37, "Inner Unique": false, "Join Filter": "(t.id = mk.movie_id)", "Plans": [{"Node Type": "Nested Loop", "Parent Relationship": "Outer", "Join Type": "Inner", "Startup Cost": 0.0, "Total Cost": 70095.36, "Plan Rows": 278, "Plan Width": 29, "Inner Unique": true, "Join Filter": "(mc.company_type_id = ct.id)", "Plans": [{"Node Type": "Nested Loop", "Parent Relationship": "Outer", "Join Type": "Inner", "Startup Cost": 0.0, "Total Cost": 70072.82, "Plan Rows": 478, "Plan Width": 33, "Inner Unique": true, "Plans": [{"Node Type": "Nested Loop", "Parent Relationship": "Outer", "Join Type": "Inner", "Startup Cost": 0.0, "Total Cost": 69909.43, "Plan Rows": 568, "Plan Width": 37, "Inner Unique": false, "Plans": [{"Node Type": "Nested Loop", "Parent Relationship": "Outer", "Join Type": "Inner", "Startup Cost": 0.0, "Total Cost": 69811.57, "Plan Rows": 266, "Plan Width": 25, "Inner Unique": true, "Plans": [{"Node Type": "Nested Loop", "Parent Relationship": "Outer", "Join Type": "Inner", "Startup Cost": 0.0, "Total Cost": 68668.26, "Plan Rows": 192, "Plan Width": 4, "Inner Unique": false, "Join Filter": "(it1.id = mi.info_type_id)", "Plans": [{"Node Type": "Seq Scan", "Parent Relationship": "Outer", "Relation Name": "info_type", "Alias": "it1", "Startup Cost": 0.0, "Total Cost": 2.4, "Plan Rows": 1, "Plan Width": 4, "Filter": "((info)::text = 'release dates'::text)"}, {"Node Type": "Materialize", "Parent Relationship": "Inner", "Startup Cost": 0.0, "Total Cost": 68531.67, "Plan Rows": 13419, "Plan Width": 8, "Plans": [{"Node Type": "Streaming(type: LOCAL GATHER dop: 1/64)", "Parent Relationship": "Outer", "Startup Cost": 0.0, "Total Cost": 68498.12, "Plan Rows": 13419, "Plan Width": 8, "Plans": [{"Node Type": "Seq Scan", "Parent Relationship": "Outer", "Relation Name": "movie_info", "Alias": "mi", "Startup Cost": 0.0, "Total Cost": 68221.29, "Plan Rows": 13419, "Plan Width": 8, "Filter": "((note)::text ~~ '%internet%'::text)"}]}]}]}, {"Node Type": "Index Scan", "Parent Relationship": "Inner", "Scan Direction": "Forward", "Index Name": "title_pkey", "Relation Name": "title", "Alias": "t", "Startup Cost": 0.0, "Total Cost": 5.94, "Plan Rows": 1, "Plan Width": 21, "Index Cond": "(id = mi.movie_id)", "Filter": "(production_year > 1990)"}]}, {"Node Type": "Index Scan", "Parent Relationship": "Inner", "Scan Direction": "Forward", "Index Name": "movie_id_movie_companies", "Relation Name": "movie_companies", "Alias": "mc", "Startup Cost": 0.0, "Total Cost": 0.35, "Plan Rows": 2, "Plan Width": 12, "Index Cond": "(movie_id = t.id)"}]}, {"Node Type": "Index Scan", "Parent Relationship": "Inner", "Scan Direction": "Forward", "Index Name": "company_name_pkey", "Relation Name": "company_name", "Alias": "cn", "Startup Cost": 0.0, "Total Cost": 0.28, "Plan Rows": 1, "Plan Width": 4, "Index Cond": "(id = mc.company_id)", "Filter": "((country_code)::text = '[us]'::text)"}]}, {"Node Type": "Materialize", "Parent Relationship": "Inner", "Startup Cost": 0.0, "Total Cost": 1.04, "Plan Rows": 3, "Plan Width": 4, "Plans": [{"Node Type": "Seq Scan", "Parent Relationship": "Outer", "Relation Name": "company_type", "Alias": "ct", "Startup Cost": 0.0, "Total Cost": 1.03, "Plan Rows": 3, "Plan Width": 4}]}]}, {"Node Type": "Index Scan", "Parent Relationship": "Inner", "Scan Direction": "Forward", "Index Name": "movie_id_movie_keyword", "Relation Name": "movie_keyword", "Alias": "mk", "Startup Cost": 0.0, "Total Cost": 0.46, "Plan Rows": 8, "Plan Width": 8, "Index Cond": "(movie_id = mc.movie_id)"}]}, {"Node Type": "Index Scan", "Parent Relationship": "Inner", "Scan Direction": "Forward", "Index Name": "keyword_pkey", "Relation Name": "keyword", "Alias": "k", "Startup Cost": 0.0, "Total Cost": 0.27, "Plan Rows": 1, "Plan Width": 4, "Index Cond": "(id = mk.keyword_id)"}]}, {"Node Type": "Index Scan", "Parent Relationship": "Inner", "Scan Direction": "Forward", "Index Name": "movie_id_aka_title", "Relation Name": "aka_title", "Alias": "at", "Startup Cost": 0.0, "Total Cost": 0.32, "Plan Rows": 3, "Plan Width": 25, "Index Cond": "(movie_id = mk.movie_id)"}]}]}, "Unique SQL Id": 2302223328, "Planner Runtime": 150}, "explain_analyze_plan": {"Plan": {"Node Type": "Aggregate", "Strategy": "Plain", "Startup Cost": 71718.7, "Total Cost": 71718.71, "Plan Rows": 1, "Plan Width": 102, "Actual Min Startup Time": 536.908, "Actual Max Startup Time": 536.908, "Actual Min Total Time": 536.908, "Actual Max Total Time": 536.908, "Plans": [{"Node Type": "Nested Loop", "Parent Relationship": "Outer", "Join Type": "Inner", "Startup Cost": 0.0, "Total Cost": 71683.83, "Plan Rows": 6974, "Plan Width": 38, "Actual Min Startup Time": 175.135, "Actual Max Startup Time": 175.135, "Actual Min Total Time": 534.144, "Actual Max Total Time": 534.144, "Inner Unique": false, "Join Filter": "(t.id = at.movie_id)", "Rows Removed by Join Filter": 0, "Plans": [{"Node Type": "Nested Loop", "Parent Relationship": "Outer", "Join Type": "Inner", "Startup Cost": 0.0, "Total Cost": 70885.21, "Plan Rows": 2257, "Plan Width": 33, "Actual Min Startup Time": 175.114, "Actual Max Startup Time": 175.114, "Actual Min Total Time": 490.575, "Actual Max Total Time": 490.575, "Inner Unique": true, "Plans": [{"Node Type": "Nested Loop", "Parent Relationship": "Outer", "Join Type": "Inner", "Startup Cost": 0.0, "Total Cost": 70251.71, "Plan Rows": 2257, "Plan Width": 37, "Actual Min Startup Time": 175.097, "Actual Max Startup Time": 175.097, "Actual Min Total Time": 430.039, "Actual Max Total Time": 430.039, "Inner Unique": false, "Join Filter": "(t.id = mk.movie_id)", "Rows Removed by Join Filter": 0, "Plans": [{"Node Type": "Nested Loop", "Parent Relationship": "Outer", "Join Type": "Inner", "Startup Cost": 0.0, "Total Cost": 70095.36, "Plan Rows": 278, "Plan Width": 29, "Actual Min Startup Time": 175.024, "Actual Max Startup Time": 175.024, "Actual Min Total Time": 390.107, "Actual Max Total Time": 390.107, "Inner Unique": true, "Join Filter": "(mc.company_type_id = ct.id)", "Rows Removed by Join Filter": 11829, "Plans": [{"Node Type": "Nested Loop", "Parent Relationship": "Outer", "Join Type": "Inner", "Startup Cost": 0.0, "Total Cost": 70072.82, "Plan Rows": 478, "Plan Width": 33, "Actual Min Startup Time": 174.988, "Actual Max Startup Time": 174.988, "Actual Min Total Time": 381.675, "Actual Max Total Time": 381.675, "Inner Unique": true, "Plans": [{"Node Type": "Nested Loop", "Parent Relationship": "Outer", "Join Type": "Inner", "Startup Cost": 0.0, "Total Cost": 69909.43, "Plan Rows": 568, "Plan Width": 37, "Actual Min Startup Time": 174.969, "Actual Max Startup Time": 174.969, "Actual Min Total Time": 312.639, "Actual Max Total Time": 312.639, "Inner Unique": false, "Plans": [{"Node Type": "Nested Loop", "Parent Relationship": "Outer", "Join Type": "Inner", "Startup Cost": 0.0, "Total Cost": 69811.57, "Plan Rows": 266, "Plan Width": 25, "Actual Min Startup Time": 174.948, "Actual Max Startup Time": 174.948, "Actual Min Total Time": 246.622, "Actual Max Total Time": 246.622, "Inner Unique": true, "Plans": [{"Node Type": "Nested Loop", "Parent Relationship": "Outer", "Join Type": "Inner", "Startup Cost": 0.0, "Total Cost": 68668.26, "Plan Rows": 192, "Plan Width": 4, "Actual Min Startup Time": 174.912, "Actual Max Startup Time": 174.912, "Actual Min Total Time": 181.3, "Actual Max Total Time": 181.3, "Inner Unique": false, "Join Filter": "(it1.id = mi.info_type_id)", "Rows Removed by Join Filter": 131, "Plans": [{"Node Type": "Seq Scan", "Parent Relationship": "Outer", "Relation Name": "info_type", "Alias": "it1", "Startup Cost": 0.0, "Total Cost": 2.4, "Plan Rows": 1, "Plan Width": 4, "Actual Min Startup Time": 0.072, "Actual Max Startup Time": 0.072, "Actual Min Total Time": 0.101, "Actual Max Total Time": 0.101, "Filter": "((info)::text = 'release dates'::text)", "Rows Removed by Filter": 111, "Actual Rows": 1}, {"Node Type": "Materialize", "Parent Relationship": "Inner", "Startup Cost": 0.0, "Total Cost": 68531.67, "Plan Rows": 13419, "Plan Width": 8, "Actual Min Startup Time": 174.808, "Actual Max Startup Time": 174.808, "Actual Min Total Time": 176.393, "Actual Max Total Time": 176.393, "Plans": [{"Node Type": "Streaming(type: LOCAL GATHER dop: 1/64)", "Parent Relationship": "Outer", "Startup Cost": 0.0, "Total Cost": 68498.12, "Plan Rows": 13419, "Plan Width": 8, "Actual Min Startup Time": 92.391, "Actual Max Startup Time": 92.391, "Actual Min Total Time": 172.745, "Actual Max Total Time": 172.745, "Plans": [{"Node Type": "Seq Scan", "Parent Relationship": "Outer", "Relation Name": "movie_info", "Alias": "mi", "Startup Cost": 0.0, "Total Cost": 68221.29, "Plan Rows": 13419, "Plan Width": 8, "Actual Min Startup Time": 0.111, "Actual Max Startup Time": 21.558, "Actual Min Total Time": 60.745, "Actual Max Total Time": 71.529, "Filter": "((note)::text ~~ '%internet%'::text)", "Rows Removed by Filter": 14824909, "Actual Rows": 10810}], "Actual Rows": 10810}], "Actual Rows": 10811}], "Actual Rows": 10679}, {"Node Type": "Index Scan", "Parent Relationship": "Inner", "Scan Direction": "Forward", "Index Name": "title_pkey", "Relation Name": "title", "Alias": "t", "Startup Cost": 0.0, "Total Cost": 5.94, "Plan Rows": 1, "Plan Width": 21, "Actual Min Startup Time": 56.708, "Actual Max Startup Time": 56.708, "Actual Min Total Time": 56.708, "Actual Max Total Time": 56.708, "Index Cond": "(id = mi.movie_id)", "Rows Removed by Index Recheck": 0, "Filter": "(production_year > 1990)", "Rows Removed by Filter": 17, "Actual Rows": 10662}], "Actual Rows": 10662}, {"Node Type": "Index Scan", "Parent Relationship": "Inner", "Scan Direction": "Forward", "Index Name": "movie_id_movie_companies", "Relation Name": "movie_companies", "Alias": "mc", "Startup Cost": 0.0, "Total Cost": 0.35, "Plan Rows": 2, "Plan Width": 12, "Actual Min Startup Time": 46.694, "Actual Max Startup Time": 46.694, "Actual Min Total Time": 57.042, "Actual Max Total Time": 57.042, "Index Cond": "(movie_id = t.id)", "Rows Removed by Index Recheck": 0, "Actual Rows": 14377}], "Actual Rows": 14377}, {"Node Type": "Index Scan", "Parent Relationship": "Inner", "Scan Direction": "Forward", "Index Name": "company_name_pkey", "Relation Name": "company_name", "Alias": "cn", "Startup Cost": 0.0, "Total Cost": 0.28, "Plan Rows": 1, "Plan Width": 4, "Actual Min Startup Time": 58.57, "Actual Max Startup Time": 58.57, "Actual Min Total Time": 58.57, "Actual Max Total Time": 58.57, "Index Cond": "(id = mc.company_id)", "Rows Removed by Index Recheck": 0, "Filter": "((country_code)::text = '[us]'::text)", "Rows Removed by Filter": 4520, "Actual Rows": 9857}], "Actual Rows": 9857}, {"Node Type": "Materialize", "Parent Relationship": "Inner", "Startup Cost": 0.0, "Total Cost": 1.04, "Plan Rows": 3, "Plan Width": 4, "Actual Min Startup Time": 1.039, "Actual Max Startup Time": 1.039, "Actual Min Total Time": 2.028, "Actual Max Total Time": 2.028, "Plans": [{"Node Type": "Seq Scan", "Parent Relationship": "Outer", "Relation Name": "company_type", "Alias": "ct", "Startup Cost": 0.0, "Total Cost": 1.03, "Plan Rows": 3, "Plan Width": 4, "Actual Min Startup Time": 0.007, "Actual Max Startup Time": 0.007, "Actual Min Total Time": 0.009, "Actual Max Total Time": 0.009, "Actual Rows": 3}], "Actual Rows": 17743}], "Actual Rows": 5914}, {"Node Type": "Index Scan", "Parent Relationship": "Inner", "Scan Direction": "Forward", "Index Name": "movie_id_movie_keyword", "Relation Name": "movie_keyword", "Alias": "mk", "Startup Cost": 0.0, "Total Cost": 0.46, "Plan Rows": 8, "Plan Width": 8, "Actual Min Startup Time": 24.524, "Actual Max Startup Time": 24.524, "Actual Min Total Time": 30.94, "Actual Max Total Time": 30.94, "Index Cond": "(movie_id = mc.movie_id)", "Rows Removed by Index Recheck": 0, "Actual Rows": 14161}], "Actual Rows": 14161}, {"Node Type": "Index Scan", "Parent Relationship": "Inner", "Scan Direction": "Forward", "Index Name": "keyword_pkey", "Relation Name": "keyword", "Alias": "k", "Startup Cost": 0.0, "Total Cost": 0.27, "Plan Rows": 1, "Plan Width": 4, "Actual Min Startup Time": 48.922, "Actual Max Startup Time": 48.922, "Actual Min Total Time": 48.922, "Actual Max Total Time": 48.922, "Index Cond": "(id = mk.keyword_id)", "Rows Removed by Index Recheck": 0, "Actual Rows": 14161}], "Actual Rows": 14161}, {"Node Type": "Index Scan", "Parent Relationship": "Inner", "Scan Direction": "Forward", "Index Name": "movie_id_aka_title", "Relation Name": "aka_title", "Alias": "at", "Startup Cost": 0.0, "Total Cost": 0.32, "Plan Rows": 3, "Plan Width": 25, "Actual Min Startup Time": 32.615, "Actual Max Startup Time": 32.615, "Actual Min Total Time": 34.838, "Actual Max Total Time": 34.838, "Index Cond": "(movie_id = mk.movie_id)", "Rows Removed by Index Recheck": 0, "Actual Rows": 4371}], "Actual Rows": 4371}], "Actual Rows": 1}, "Triggers": [], "Planner Runtime": 149, "Total Runtime": 549.697, "Unique SQL Id": 2302223328}}, "(64, 21)": {"explain_plan": {"Plan": {"Node Type": "Aggregate", "Strategy": "Plain", "Startup Cost": 166957.59, "Total Cost": 166957.6, "Plan Rows": 1, "Plan Width": 102, "Plans": [{"Node Type": "Nested Loop", "Parent Relationship": "Outer", "Join Type": "Inner", "Startup Cost": 4841.51, "Total Cost": 166922.72, "Plan Rows": 6974, "Plan Width": 38, "Inner Unique": false, "Join Filter": "(t.id = at.movie_id)", "Plans": [{"Node Type": "Nested Loop", "Parent Relationship": "Outer", "Join Type": "Inner", "Startup Cost": 4841.51, "Total Cost": 166124.11, "Plan Rows": 2257, "Plan Width": 33, "Inner Unique": true, "Plans": [{"Node Type": "Nested Loop", "Parent Relationship": "Outer", "Join Type": "Inner", "Startup Cost": 4841.51, "Total Cost": 165490.61, "Plan Rows": 2257, "Plan Width": 37, "Inner Unique": false, "Join Filter": "(t.id = mk.movie_id)", "Plans": [{"Node Type": "Nested Loop", "Parent Relationship": "Outer", "Join Type": "Inner", "Startup Cost": 4841.51, "Total Cost": 165334.26, "Plan Rows": 278, "Plan Width": 29, "Inner Unique": true, "Join Filter": "(mc.company_type_id = ct.id)", "Plans": [{"Node Type": "Nested Loop", "Parent Relationship": "Outer", "Join Type": "Inner", "Startup Cost": 4841.51, "Total Cost": 165300.45, "Plan Rows": 478, "Plan Width": 33, "Inner Unique": true, "Plans": [{"Node Type": "Nested Loop", "Parent Relationship": "Outer", "Join Type": "Inner", "Startup Cost": 4841.51, "Total Cost": 165137.06, "Plan Rows": 568, "Plan Width": 37, "Inner Unique": false, "Plans": [{"Node Type": "Nested Loop", "Parent Relationship": "Outer", "Join Type": "Inner", "Startup Cost": 4841.51, "Total Cost": 165039.2, "Plan Rows": 266, "Plan Width": 25, "Inner Unique": true, "Plans": [{"Node Type": "Nested Loop", "Parent Relationship": "Outer", "Join Type": "Inner", "Startup Cost": 4841.51, "Total Cost": 163895.89, "Plan Rows": 192, "Plan Width": 4, "Inner Unique": false, "Plans": [{"Node Type": "Index Scan", "Parent Relationship": "Outer", "Scan Direction": "Forward", "Index Name": "info_type_pkey", "Relation Name": "info_type", "Alias": "it1", "Startup Cost": 0.0, "Total Cost": 14.21, "Plan Rows": 1, "Plan Width": 4, "Filter": "((info)::text = 'release dates'::text)"}, {"Node Type": "Bitmap Heap Scan", "Parent Relationship": "Inner", "Relation Name": "movie_info", "Alias": "mi", "Startup Cost": 4841.51, "Total Cost": 163879.76, "Plan Rows": 192, "Plan Width": 8, "Recheck Cond": "(info_type_id = it1.id)", "Filter": "((note)::text ~~ '%internet%'::text)", "Plans": [{"Node Type": "Bitmap Index Scan", "Parent Relationship": "Outer", "Index Name": "info_type_id_movie_info", "Startup Cost": 0.0, "Total Cost": 4841.46, "Plan Rows": 212428, "Plan Width": 0, "Index Cond": "(info_type_id = it1.id)"}]}]}, {"Node Type": "Index Scan", "Parent Relationship": "Inner", "Scan Direction": "Forward", "Index Name": "title_pkey", "Relation Name": "title", "Alias": "t", "Startup Cost": 0.0, "Total Cost": 5.94, "Plan Rows": 1, "Plan Width": 21, "Index Cond": "(id = mi.movie_id)", "Filter": "(production_year > 1990)"}]}, {"Node Type": "Index Scan", "Parent Relationship": "Inner", "Scan Direction": "Forward", "Index Name": "movie_id_movie_companies", "Relation Name": "movie_companies", "Alias": "mc", "Startup Cost": 0.0, "Total Cost": 0.35, "Plan Rows": 2, "Plan Width": 12, "Index Cond": "(movie_id = t.id)"}]}, {"Node Type": "Index Scan", "Parent Relationship": "Inner", "Scan Direction": "Forward", "Index Name": "company_name_pkey", "Relation Name": "company_name", "Alias": "cn", "Startup Cost": 0.0, "Total Cost": 0.28, "Plan Rows": 1, "Plan Width": 4, "Index Cond": "(id = mc.company_id)", "Filter": "((country_code)::text = '[us]'::text)"}]}, {"Node Type": "Materialize", "Parent Relationship": "Inner", "Startup Cost": 0.0, "Total Cost": 12.31, "Plan Rows": 3, "Plan Width": 4, "Plans": [{"Node Type": "Index Scan", "Parent Relationship": "Outer", "Scan Direction": "Forward", "Index Name": "company_type_pkey", "Relation Name": "company_type", "Alias": "ct", "Startup Cost": 0.0, "Total Cost": 12.29, "Plan Rows": 3, "Plan Width": 4}]}]}, {"Node Type": "Index Scan", "Parent Relationship": "Inner", "Scan Direction": "Forward", "Index Name": "movie_id_movie_keyword", "Relation Name": "movie_keyword", "Alias": "mk", "Startup Cost": 0.0, "Total Cost": 0.46, "Plan Rows": 8, "Plan Width": 8, "Index Cond": "(movie_id = mc.movie_id)"}]}, {"Node Type": "Index Scan", "Parent Relationship": "Inner", "Scan Direction": "Forward", "Index Name": "keyword_pkey", "Relation Name": "keyword", "Alias": "k", "Startup Cost": 0.0, "Total Cost": 0.27, "Plan Rows": 1, "Plan Width": 4, "Index Cond": "(id = mk.keyword_id)"}]}, {"Node Type": "Index Scan", "Parent Relationship": "Inner", "Scan Direction": "Forward", "Index Name": "movie_id_aka_title", "Relation Name": "aka_title", "Alias": "at", "Startup Cost": 0.0, "Total Cost": 0.32, "Plan Rows": 3, "Plan Width": 25, "Index Cond": "(movie_id = mk.movie_id)"}]}]}, "Unique SQL Id": 2302223328, "Planner Runtime": 141}, "explain_analyze_plan": null}, "(64, 22)": {"explain_plan": {"Plan": {"Node Type": "Aggregate", "Strategy": "Plain", "Startup Cost": 94112.14, "Total Cost": 94112.15, "Plan Rows": 1, "Plan Width": 102, "Plans": [{"Node Type": "Nested Loop", "Parent Relationship": "Outer", "Join Type": "Inner", "Startup Cost": 4.02, "Total Cost": 94077.27, "Plan Rows": 6974, "Plan Width": 38, "Inner Unique": false, "Join Filter": "(t.id = at.movie_id)", "Plans": [{"Node Type": "Nested Loop", "Parent Relationship": "Outer", "Join Type": "Inner", "Startup Cost": 3.74, "Total Cost": 84261.5, "Plan Rows": 2257, "Plan Width": 33, "Inner Unique": true, "Plans": [{"Node Type": "Nested Loop", "Parent Relationship": "Outer", "Join Type": "Inner", "Startup Cost": 3.49, "Total Cost": 74600.95, "Plan Rows": 2257, "Plan Width": 37, "Inner Unique": false, "Join Filter": "(t.id = mk.movie_id)", "Plans": [{"Node Type": "Nested Loop", "Parent Relationship": "Outer", "Join Type": "Inner", "Startup Cost": 3.15, "Total Cost": 73339.38, "Plan Rows": 278, "Plan Width": 29, "Inner Unique": true, "Join Filter": "(mi.movie_id = t.id)", "Plans": [{"Node Type": "Nested Loop", "Parent Relationship": "Outer", "Join Type": "Inner", "Startup Cost": 2.88, "Total Cost": 72475.19, "Plan Rows": 201, "Plan Width": 8, "Inner Unique": true, "Join Filter": "(mc.company_type_id = ct.id)", "Plans": [{"Node Type": "Nested Loop", "Parent Relationship": "Outer", "Join Type": "Inner", "Startup Cost": 2.88, "Total Cost": 72458.63, "Plan Rows": 345, "Plan Width": 12, "Inner Unique": true, "Plans": [{"Node Type": "Nested Loop", "Parent Relationship": "Outer", "Join Type": "Inner", "Startup Cost": 2.62, "Total Cost": 70702.45, "Plan Rows": 410, "Plan Width": 16, "Inner Unique": false, "Plans": [{"Node Type": "Nested Loop", "Parent Relationship": "Outer", "Join Type": "Inner", "Startup Cost": 0.0, "Total Cost": 68668.26, "Plan Rows": 192, "Plan Width": 4, "Inner Unique": false, "Join Filter": "(it1.id = mi.info_type_id)", "Plans": [{"Node Type": "Seq Scan", "Parent Relationship": "Outer", "Relation Name": "info_type", "Alias": "it1", "Startup Cost": 0.0, "Total Cost": 2.4, "Plan Rows": 1, "Plan Width": 4, "Filter": "((info)::text = 'release dates'::text)"}, {"Node Type": "Materialize", "Parent Relationship": "Inner", "Startup Cost": 0.0, "Total Cost": 68531.67, "Plan Rows": 13419, "Plan Width": 8, "Plans": [{"Node Type": "Streaming(type: LOCAL GATHER dop: 1/64)", "Parent Relationship": "Outer", "Startup Cost": 0.0, "Total Cost": 68498.12, "Plan Rows": 13419, "Plan Width": 8, "Plans": [{"Node Type": "Seq Scan", "Parent Relationship": "Outer", "Relation Name": "movie_info", "Alias": "mi", "Startup Cost": 0.0, "Total Cost": 68221.29, "Plan Rows": 13419, "Plan Width": 8, "Filter": "((note)::text ~~ '%internet%'::text)"}]}]}]}, {"Node Type": "Bitmap Heap Scan", "Parent Relationship": "Inner", "Relation Name": "movie_companies", "Alias": "mc", "Startup Cost": 2.62, "Total Cost": 10.57, "Plan Rows": 2, "Plan Width": 12, "Recheck Cond": "(movie_id = mi.movie_id)", "Plans": [{"Node Type": "Bitmap Index Scan", "Parent Relationship": "Outer", "Index Name": "movie_id_movie_companies", "Startup Cost": 0.0, "Total Cost": 2.62, "Plan Rows": 2, "Plan Width": 0, "Index Cond": "(movie_id = mi.movie_id)"}]}]}, {"Node Type": "Bitmap Heap Scan", "Parent Relationship": "Inner", "Relation Name": "company_name", "Alias": "cn", "Startup Cost": 0.26, "Total Cost": 4.27, "Plan Rows": 1, "Plan Width": 4, "Recheck Cond": "(id = mc.company_id)", "Filter": "((country_code)::text = '[us]'::text)", "Plans": [{"Node Type": "Bitmap Index Scan", "Parent Relationship": "Outer", "Index Name": "company_name_pkey", "Startup Cost": 0.0, "Total Cost": 0.26, "Plan Rows": 1, "Plan Width": 0, "Index Cond": "(id = mc.company_id)"}]}]}, {"Node Type": "Materialize", "Parent Relationship": "Inner", "Startup Cost": 0.0, "Total Cost": 1.04, "Plan Rows": 3, "Plan Width": 4, "Plans": [{"Node Type": "Seq Scan", "Parent Relationship": "Outer", "Relation Name": "company_type", "Alias": "ct", "Startup Cost": 0.0, "Total Cost": 1.03, "Plan Rows": 3, "Plan Width": 4}]}]}, {"Node Type": "Bitmap Heap Scan", "Parent Relationship": "Inner", "Relation Name": "title", "Alias": "t", "Startup Cost": 0.27, "Total Cost": 4.29, "Plan Rows": 1, "Plan Width": 21, "Recheck Cond": "(id = mc.movie_id)", "Filter": "(production_year > 1990)", "Plans": [{"Node Type": "Bitmap Index Scan", "Parent Relationship": "Outer", "Index Name": "title_pkey", "Startup Cost": 0.0, "Total Cost": 0.27, "Plan Rows": 1, "Plan Width": 0, "Index Cond": "(id = mc.movie_id)"}]}]}, {"Node Type": "Bitmap Heap Scan", "Parent Relationship": "Inner", "Relation Name": "movie_keyword", "Alias": "mk", "Startup Cost": 0.34, "Total Cost": 4.44, "Plan Rows": 8, "Plan Width": 8, "Recheck Cond": "(movie_id = mc.movie_id)", "Plans": [{"Node Type": "Bitmap Index Scan", "Parent Relationship": "Outer", "Index Name": "movie_id_movie_keyword", "Startup Cost": 0.0, "Total Cost": 0.34, "Plan Rows": 8, "Plan Width": 0, "Index Cond": "(movie_id = mc.movie_id)"}]}]}, {"Node Type": "Bitmap Heap Scan", "Parent Relationship": "Inner", "Relation Name": "keyword", "Alias": "k", "Startup Cost": 0.26, "Total Cost": 4.27, "Plan Rows": 1, "Plan Width": 4, "Recheck Cond": "(id = mk.keyword_id)", "Plans": [{"Node Type": "Bitmap Index Scan", "Parent Relationship": "Outer", "Index Name": "keyword_pkey", "Startup Cost": 0.0, "Total Cost": 0.26, "Plan Rows": 1, "Plan Width": 0, "Index Cond": "(id = mk.keyword_id)"}]}]}, {"Node Type": "Bitmap Heap Scan", "Parent Relationship": "Inner", "Relation Name": "aka_title", "Alias": "at", "Startup Cost": 0.27, "Total Cost": 4.31, "Plan Rows": 3, "Plan Width": 25, "Recheck Cond": "(movie_id = mk.movie_id)", "Plans": [{"Node Type": "Bitmap Index Scan", "Parent Relationship": "Outer", "Index Name": "movie_id_aka_title", "Startup Cost": 0.0, "Total Cost": 0.27, "Plan Rows": 3, "Plan Width": 0, "Index Cond": "(movie_id = mk.movie_id)"}]}]}]}, "Unique SQL Id": 2302223328, "Planner Runtime": 179}, "explain_analyze_plan": {"Plan": {"Node Type": "Aggregate", "Strategy": "Plain", "Startup Cost": 94112.14, "Total Cost": 94112.15, "Plan Rows": 1, "Plan Width": 102, "Actual Min Startup Time": 608.379, "Actual Max Startup Time": 608.379, "Actual Min Total Time": 608.379, "Actual Max Total Time": 608.379, "Plans": [{"Node Type": "Nested Loop", "Parent Relationship": "Outer", "Join Type": "Inner", "Startup Cost": 4.02, "Total Cost": 94077.27, "Plan Rows": 6974, "Plan Width": 38, "Actual Min Startup Time": 174.154, "Actual Max Startup Time": 174.154, "Actual Min Total Time": 605.273, "Actual Max Total Time": 605.273, "Inner Unique": false, "Join Filter": "(t.id = at.movie_id)", "Rows Removed by Join Filter": 0, "Plans": [{"Node Type": "Nested Loop", "Parent Relationship": "Outer", "Join Type": "Inner", "Startup Cost": 3.74, "Total Cost": 84261.5, "Plan Rows": 2257, "Plan Width": 33, "Actual Min Startup Time": 172.263, "Actual Max Startup Time": 172.263, "Actual Min Total Time": 542.744, "Actual Max Total Time": 542.744, "Inner Unique": true, "Plans": [{"Node Type": "Nested Loop", "Parent Relationship": "Outer", "Join Type": "Inner", "Startup Cost": 3.49, "Total Cost": 74600.95, "Plan Rows": 2257, "Plan Width": 37, "Actual Min Startup Time": 172.245, "Actual Max Startup Time": 172.245, "Actual Min Total Time": 463.075, "Actual Max Total Time": 463.075, "Inner Unique": false, "Join Filter": "(t.id = mk.movie_id)", "Rows Removed by Join Filter": 0, "Plans": [{"Node Type": "Nested Loop", "Parent Relationship": "Outer", "Join Type": "Inner", "Startup Cost": 3.15, "Total Cost": 73339.38, "Plan Rows": 278, "Plan Width": 29, "Actual Min Startup Time": 172.141, "Actual Max Startup Time": 172.141, "Actual Min Total Time": 417.398, "Actual Max Total Time": 417.398, "Inner Unique": true, "Join Filter": "(mi.movie_id = t.id)", "Rows Removed by Join Filter": 0, "Plans": [{"Node Type": "Nested Loop", "Parent Relationship": "Outer", "Join Type": "Inner", "Startup Cost": 2.88, "Total Cost": 72475.19, "Plan Rows": 201, "Plan Width": 8, "Actual Min Startup Time": 172.101, "Actual Max Startup Time": 172.101, "Actual Min Total Time": 368.664, "Actual Max Total Time": 368.664, "Inner Unique": true, "Join Filter": "(mc.company_type_id = ct.id)", "Rows Removed by Join Filter": 11874, "Plans": [{"Node Type": "Nested Loop", "Parent Relationship": "Outer", "Join Type": "Inner", "Startup Cost": 2.88, "Total Cost": 72458.63, "Plan Rows": 345, "Plan Width": 12, "Actual Min Startup Time": 172.073, "Actual Max Startup Time": 172.073, "Actual Min Total Time": 359.554, "Actual Max Total Time": 359.554, "Inner Unique": true, "Plans": [{"Node Type": "Nested Loop", "Parent Relationship": "Outer", "Join Type": "Inner", "Startup Cost": 2.62, "Total Cost": 70702.45, "Plan Rows": 410, "Plan Width": 16, "Actual Min Startup Time": 172.013, "Actual Max Startup Time": 172.013, "Actual Min Total Time": 268.549, "Actual Max Total Time": 268.549, "Inner Unique": false, "Plans": [{"Node Type": "Nested Loop", "Parent Relationship": "Outer", "Join Type": "Inner", "Startup Cost": 0.0, "Total Cost": 68668.26, "Plan Rows": 192, "Plan Width": 4, "Actual Min Startup Time": 171.962, "Actual Max Startup Time": 171.962, "Actual Min Total Time": 178.706, "Actual Max Total Time": 178.706, "Inner Unique": false, "Join Filter": "(it1.id = mi.info_type_id)", "Rows Removed by Join Filter": 131, "Plans": [{"Node Type": "Seq Scan", "Parent Relationship": "Outer", "Relation Name": "info_type", "Alias": "it1", "Startup Cost": 0.0, "Total Cost": 2.4, "Plan Rows": 1, "Plan Width": 4, "Actual Min Startup Time": 0.065, "Actual Max Startup Time": 0.065, "Actual Min Total Time": 0.093, "Actual Max Total Time": 0.093, "Filter": "((info)::text = 'release dates'::text)", "Rows Removed by Filter": 111, "Actual Rows": 1}, {"Node Type": "Materialize", "Parent Relationship": "Inner", "Startup Cost": 0.0, "Total Cost": 68531.67, "Plan Rows": 13419, "Plan Width": 8, "Actual Min Startup Time": 171.868, "Actual Max Startup Time": 171.868, "Actual Min Total Time": 173.575, "Actual Max Total Time": 173.575, "Plans": [{"Node Type": "Streaming(type: LOCAL GATHER dop: 1/64)", "Parent Relationship": "Outer", "Startup Cost": 0.0, "Total Cost": 68498.12, "Plan Rows": 13419, "Plan Width": 8, "Actual Min Startup Time": 101.373, "Actual Max Startup Time": 101.373, "Actual Min Total Time": 169.834, "Actual Max Total Time": 169.834, "Plans": [{"Node Type": "Seq Scan", "Parent Relationship": "Outer", "Relation Name": "movie_info", "Alias": "mi", "Startup Cost": 0.0, "Total Cost": 68221.29, "Plan Rows": 13419, "Plan Width": 8, "Actual Min Startup Time": 0.108, "Actual Max Startup Time": 21.653, "Actual Min Total Time": 60.649, "Actual Max Total Time": 70.006, "Filter": "((note)::text ~~ '%internet%'::text)", "Rows Removed by Filter": 14824909, "Actual Rows": 10810}], "Actual Rows": 10810}], "Actual Rows": 10811}], "Actual Rows": 10679}, {"Node Type": "Bitmap Heap Scan", "Parent Relationship": "Inner", "Relation Name": "movie_companies", "Alias": "mc", "Startup Cost": 2.62, "Total Cost": 10.57, "Plan Rows": 2, "Plan Width": 12, "Actual Min Startup Time": 65.085, "Actual Max Startup Time": 65.085, "Actual Min Total Time": 73.905, "Actual Max Total Time": 73.905, "Recheck Cond": "(movie_id = mi.movie_id)", "Rows Removed by Index Recheck": 0, "Exact Heap Blocks": 11702, "Lossy Heap Blocks": 11702, "Plans": [{"Node Type": "Bitmap Index Scan", "Parent Relationship": "Outer", "Index Name": "movie_id_movie_companies", "Startup Cost": 0.0, "Total Cost": 2.62, "Plan Rows": 2, "Plan Width": 0, "Actual Min Startup Time": 43.751, "Actual Max Startup Time": 43.751, "Actual Min Total Time": 43.751, "Actual Max Total Time": 43.751, "Index Cond": "(movie_id = mi.movie_id)", "Actual Rows": 14401}], "Actual Rows": 14401}], "Actual Rows": 14401}, {"Node Type": "Bitmap Heap Scan", "Parent Relationship": "Inner", "Relation Name": "company_name", "Alias": "cn", "Startup Cost": 0.26, "Total Cost": 4.27, "Plan Rows": 1, "Plan Width": 4, "Actual Min Startup Time": 72.974, "Actual Max Startup Time": 72.974, "Actual Min Total Time": 72.974, "Actual Max Total Time": 72.974, "Recheck Cond": "(id = mc.company_id)", "Rows Removed by Index Recheck": 0, "Filter": "((country_code)::text = '[us]'::text)", "Rows Removed by Filter": 4527, "Exact Heap Blocks": 14401, "Lossy Heap Blocks": 14401, "Plans": [{"Node Type": "Bitmap Index Scan", "Parent Relationship": "Outer", "Index Name": "company_name_pkey", "Startup Cost": 0.0, "Total Cost": 0.26, "Plan Rows": 1, "Plan Width": 0, "Actual Min Startup Time": 41.471, "Actual Max Startup Time": 41.471, "Actual Min Total Time": 41.471, "Actual Max Total Time": 41.471, "Index Cond": "(id = mc.company_id)", "Actual Rows": 14401}], "Actual Rows": 9874}], "Actual Rows": 9874}, {"Node Type": "Materialize", "Parent Relationship": "Inner", "Startup Cost": 0.0, "Total Cost": 1.04, "Plan Rows": 3, "Plan Width": 4, "Actual Min Startup Time": 1.232, "Actual Max Startup Time": 1.232, "Actual Min Total Time": 2.289, "Actual Max Total Time": 2.289, "Plans": [{"Node Type": "Seq Scan", "Parent Relationship": "Outer", "Relation Name": "company_type", "Alias": "ct", "Startup Cost": 0.0, "Total Cost": 1.03, "Plan Rows": 3, "Plan Width": 4, "Actual Min Startup Time": 0.006, "Actual Max Startup Time": 0.006, "Actual Min Total Time": 0.007, "Actual Max Total Time": 0.007, "Actual Rows": 3}], "Actual Rows": 17790}], "Actual Rows": 5916}, {"Node Type": "Bitmap Heap Scan", "Parent Relationship": "Inner", "Relation Name": "title", "Alias": "t", "Startup Cost": 0.27, "Total Cost": 4.29, "Plan Rows": 1, "Plan Width": 21, "Actual Min Startup Time": 39.544, "Actual Max Startup Time": 39.544, "Actual Min Total Time": 39.544, "Actual Max Total Time": 39.544, "Recheck Cond": "(id = mc.movie_id)", "Rows Removed by Index Recheck": 0, "Filter": "(production_year > 1990)", "Rows Removed by Filter": 2, "Exact Heap Blocks": 5916, "Lossy Heap Blocks": 5916, "Plans": [{"Node Type": "Bitmap Index Scan", "Parent Relationship": "Outer", "Index Name": "title_pkey", "Startup Cost": 0.0, "Total Cost": 0.27, "Plan Rows": 1, "Plan Width": 0, "Actual Min Startup Time": 23.716, "Actual Max Startup Time": 23.716, "Actual Min Total Time": 23.716, "Actual Max Total Time": 23.716, "Index Cond": "(id = mc.movie_id)", "Actual Rows": 5916}], "Actual Rows": 5914}], "Actual Rows": 5914}, {"Node Type": "Bitmap Heap Scan", "Parent Relationship": "Inner", "Relation Name": "movie_keyword", "Alias": "mk", "Startup Cost": 0.34, "Total Cost": 4.44, "Plan Rows": 8, "Plan Width": 8, "Actual Min Startup Time": 30.667, "Actual Max Startup Time": 30.667, "Actual Min Total Time": 32.827, "Actual Max Total Time": 32.827, "Recheck Cond": "(movie_id = mc.movie_id)", "Rows Removed by Index Recheck": 0, "Exact Heap Blocks": 1896, "Lossy Heap Blocks": 1896, "Plans": [{"Node Type": "Bitmap Index Scan", "Parent Relationship": "Outer", "Index Name": "movie_id_movie_keyword", "Startup Cost": 0.0, "Total Cost": 0.34, "Plan Rows": 8, "Plan Width": 0, "Actual Min Startup Time": 22.609, "Actual Max Startup Time": 22.609, "Actual Min Total Time": 22.609, "Actual Max Total Time": 22.609, "Index Cond": "(movie_id = mc.movie_id)", "Actual Rows": 14161}], "Actual Rows": 14161}], "Actual Rows": 14161}, {"Node Type": "Bitmap Heap Scan", "Parent Relationship": "Inner", "Relation Name": "keyword", "Alias": "k", "Startup Cost": 0.26, "Total Cost": 4.27, "Plan Rows": 1, "Plan Width": 4, "Actual Min Startup Time": 61.625, "Actual Max Startup Time": 61.625, "Actual Min Total Time": 61.625, "Actual Max Total Time": 61.625, "Recheck Cond": "(id = mk.keyword_id)", "Rows Removed by Index Recheck": 0, "Exact Heap Blocks": 14161, "Lossy Heap Blocks": 14161, "Plans": [{"Node Type": "Bitmap Index Scan", "Parent Relationship": "Outer", "Index Name": "keyword_pkey", "Startup Cost": 0.0, "Total Cost": 0.26, "Plan Rows": 1, "Plan Width": 0, "Actual Min Startup Time": 38.426, "Actual Max Startup Time": 38.426, "Actual Min Total Time": 38.426, "Actual Max Total Time": 38.426, "Index Cond": "(id = mk.keyword_id)", "Actual Rows": 14161}], "Actual Rows": 14161}], "Actual Rows": 14161}, {"Node Type": "Bitmap Heap Scan", "Parent Relationship": "Inner", "Relation Name": "aka_title", "Alias": "at", "Startup Cost": 0.27, "Total Cost": 4.31, "Plan Rows": 3, "Plan Width": 25, "Actual Min Startup Time": 43.352, "Actual Max Startup Time": 43.352, "Actual Min Total Time": 45.131, "Actual Max Total Time": 45.131, "Recheck Cond": "(movie_id = mk.movie_id)", "Rows Removed by Index Recheck": 0, "Exact Heap Blocks": 4371, "Lossy Heap Blocks": 4371, "Plans": [{"Node Type": "Bitmap Index Scan", "Parent Relationship": "Outer", "Index Name": "movie_id_aka_title", "Startup Cost": 0.0, "Total Cost": 0.27, "Plan Rows": 3, "Plan Width": 0, "Actual Min Startup Time": 33.023, "Actual Max Startup Time": 33.023, "Actual Min Total Time": 33.023, "Actual Max Total Time": 33.023, "Index Cond": "(movie_id = mk.movie_id)", "Actual Rows": 4371}], "Actual Rows": 4371}], "Actual Rows": 4371}], "Actual Rows": 1}, "Triggers": [], "Planner Runtime": 179, "Total Runtime": 620.152, "Unique SQL Id": 2302223328}}, "(64, 23)": {"explain_plan": {"Plan": {"Node Type": "Aggregate", "Strategy": "Plain", "Startup Cost": 190799.9, "Total Cost": 190799.91, "Plan Rows": 1, "Plan Width": 102, "Plans": [{"Node Type": "Nested Loop", "Parent Relationship": "Outer", "Join Type": "Inner", "Startup Cost": 4854.59, "Total Cost": 190765.03, "Plan Rows": 6974, "Plan Width": 38, "Inner Unique": false, "Join Filter": "(t.id = at.movie_id)", "Plans": [{"Node Type": "Nested Loop", "Parent Relationship": "Outer", "Join Type": "Inner", "Startup Cost": 4854.32, "Total Cost": 180949.25, "Plan Rows": 2257, "Plan Width": 33, "Inner Unique": true, "Plans": [{"Node Type": "Nested Loop", "Parent Relationship": "Outer", "Join Type": "Inner", "Startup Cost": 4854.06, "Total Cost": 171288.7, "Plan Rows": 2257, "Plan Width": 37, "Inner Unique": false, "Join Filter": "(t.id = mk.movie_id)", "Plans": [{"Node Type": "Nested Loop", "Parent Relationship": "Outer", "Join Type": "Inner", "Startup Cost": 4853.72, "Total Cost": 170027.13, "Plan Rows": 278, "Plan Width": 29, "Inner Unique": true, "Join Filter": "(mi.movie_id = t.id)", "Plans": [{"Node Type": "Nested Loop", "Parent Relationship": "Outer", "Join Type": "Inner", "Startup Cost": 4853.45, "Total Cost": 169162.94, "Plan Rows": 201, "Plan Width": 8, "Inner Unique": true, "Plans": [{"Node Type": "Nested Loop", "Parent Relationship": "Outer", "Join Type": "Inner", "Startup Cost": 4853.19, "Total Cost": 167686.26, "Plan Rows": 345, "Plan Width": 12, "Inner Unique": true, "Plans": [{"Node Type": "Nested Loop", "Parent Relationship": "Outer", "Join Type": "Inner", "Startup Cost": 4852.94, "Total Cost": 165930.08, "Plan Rows": 410, "Plan Width": 16, "Inner Unique": false, "Plans": [{"Node Type": "Nested Loop", "Parent Relationship": "Outer", "Join Type": "Inner", "Startup Cost": 4850.32, "Total Cost": 163895.89, "Plan Rows": 192, "Plan Width": 4, "Inner Unique": false, "Plans": [{"Node Type": "Bitmap Heap Scan", "Parent Relationship": "Outer", "Relation Name": "info_type", "Alias": "it1", "Startup Cost": 8.81, "Total Cost": 14.21, "Plan Rows": 1, "Plan Width": 4, "Filter": "((info)::text = 'release dates'::text)", "Plans": [{"Node Type": "Bitmap Index Scan", "Parent Relationship": "Outer", "Index Name": "info_type_pkey", "Startup Cost": 0.0, "Total Cost": 8.81, "Plan Rows": 112, "Plan Width": 0}]}, {"Node Type": "Bitmap Heap Scan", "Parent Relationship": "Inner", "Relation Name": "movie_info", "Alias": "mi", "Startup Cost": 4841.51, "Total Cost": 163879.76, "Plan Rows": 192, "Plan Width": 8, "Recheck Cond": "(info_type_id = it1.id)", "Filter": "((note)::text ~~ '%internet%'::text)", "Plans": [{"Node Type": "Bitmap Index Scan", "Parent Relationship": "Outer", "Index Name": "info_type_id_movie_info", "Startup Cost": 0.0, "Total Cost": 4841.46, "Plan Rows": 212428, "Plan Width": 0, "Index Cond": "(info_type_id = it1.id)"}]}]}, {"Node Type": "Bitmap Heap Scan", "Parent Relationship": "Inner", "Relation Name": "movie_companies", "Alias": "mc", "Startup Cost": 2.62, "Total Cost": 10.57, "Plan Rows": 2, "Plan Width": 12, "Recheck Cond": "(movie_id = mi.movie_id)", "Plans": [{"Node Type": "Bitmap Index Scan", "Parent Relationship": "Outer", "Index Name": "movie_id_movie_companies", "Startup Cost": 0.0, "Total Cost": 2.62, "Plan Rows": 2, "Plan Width": 0, "Index Cond": "(movie_id = mi.movie_id)"}]}]}, {"Node Type": "Bitmap Heap Scan", "Parent Relationship": "Inner", "Relation Name": "company_name", "Alias": "cn", "Startup Cost": 0.26, "Total Cost": 4.27, "Plan Rows": 1, "Plan Width": 4, "Recheck Cond": "(id = mc.company_id)", "Filter": "((country_code)::text = '[us]'::text)", "Plans": [{"Node Type": "Bitmap Index Scan", "Parent Relationship": "Outer", "Index Name": "company_name_pkey", "Startup Cost": 0.0, "Total Cost": 0.26, "Plan Rows": 1, "Plan Width": 0, "Index Cond": "(id = mc.company_id)"}]}]}, {"Node Type": "Bitmap Heap Scan", "Parent Relationship": "Inner", "Relation Name": "company_type", "Alias": "ct", "Startup Cost": 0.26, "Total Cost": 4.27, "Plan Rows": 1, "Plan Width": 4, "Recheck Cond": "(id = mc.company_type_id)", "Plans": [{"Node Type": "Bitmap Index Scan", "Parent Relationship": "Outer", "Index Name": "company_type_pkey", "Startup Cost": 0.0, "Total Cost": 0.26, "Plan Rows": 1, "Plan Width": 0, "Index Cond": "(id = mc.company_type_id)"}]}]}, {"Node Type": "Bitmap Heap Scan", "Parent Relationship": "Inner", "Relation Name": "title", "Alias": "t", "Startup Cost": 0.27, "Total Cost": 4.29, "Plan Rows": 1, "Plan Width": 21, "Recheck Cond": "(id = mc.movie_id)", "Filter": "(production_year > 1990)", "Plans": [{"Node Type": "Bitmap Index Scan", "Parent Relationship": "Outer", "Index Name": "title_pkey", "Startup Cost": 0.0, "Total Cost": 0.27, "Plan Rows": 1, "Plan Width": 0, "Index Cond": "(id = mc.movie_id)"}]}]}, {"Node Type": "Bitmap Heap Scan", "Parent Relationship": "Inner", "Relation Name": "movie_keyword", "Alias": "mk", "Startup Cost": 0.34, "Total Cost": 4.44, "Plan Rows": 8, "Plan Width": 8, "Recheck Cond": "(movie_id = mc.movie_id)", "Plans": [{"Node Type": "Bitmap Index Scan", "Parent Relationship": "Outer", "Index Name": "movie_id_movie_keyword", "Startup Cost": 0.0, "Total Cost": 0.34, "Plan Rows": 8, "Plan Width": 0, "Index Cond": "(movie_id = mc.movie_id)"}]}]}, {"Node Type": "Bitmap Heap Scan", "Parent Relationship": "Inner", "Relation Name": "keyword", "Alias": "k", "Startup Cost": 0.26, "Total Cost": 4.27, "Plan Rows": 1, "Plan Width": 4, "Recheck Cond": "(id = mk.keyword_id)", "Plans": [{"Node Type": "Bitmap Index Scan", "Parent Relationship": "Outer", "Index Name": "keyword_pkey", "Startup Cost": 0.0, "Total Cost": 0.26, "Plan Rows": 1, "Plan Width": 0, "Index Cond": "(id = mk.keyword_id)"}]}]}, {"Node Type": "Bitmap Heap Scan", "Parent Relationship": "Inner", "Relation Name": "aka_title", "Alias": "at", "Startup Cost": 0.27, "Total Cost": 4.31, "Plan Rows": 3, "Plan Width": 25, "Recheck Cond": "(movie_id = mk.movie_id)", "Plans": [{"Node Type": "Bitmap Index Scan", "Parent Relationship": "Outer", "Index Name": "movie_id_aka_title", "Startup Cost": 0.0, "Total Cost": 0.27, "Plan Rows": 3, "Plan Width": 0, "Index Cond": "(movie_id = mk.movie_id)"}]}]}]}, "Unique SQL Id": 2302223328, "Planner Runtime": 135}, "explain_analyze_plan": null}, "(64, 24)": {"explain_plan": {"Plan": {"Node Type": "Aggregate", "Strategy": "Plain", "Startup Cost": 71717.18, "Total Cost": 71717.19, "Plan Rows": 1, "Plan Width": 102, "Plans": [{"Node Type": "Nested Loop", "Parent Relationship": "Outer", "Join Type": "Inner", "Startup Cost": 0.0, "Total Cost": 71682.31, "Plan Rows": 6974, "Plan Width": 38, "Inner Unique": false, "Join Filter": "(t.id = at.movie_id)", "Plans": [{"Node Type": "Nested Loop", "Parent Relationship": "Outer", "Join Type": "Inner", "Startup Cost": 0.0, "Total Cost": 70883.7, "Plan Rows": 2257, "Plan Width": 33, "Inner Unique": true, "Plans": [{"Node Type": "Nested Loop", "Parent Relationship": "Outer", "Join Type": "Inner", "Startup Cost": 0.0, "Total Cost": 70251.71, "Plan Rows": 2257, "Plan Width": 37, "Inner Unique": false, "Join Filter": "(t.id = mk.movie_id)", "Plans": [{"Node Type": "Nested Loop", "Parent Relationship": "Outer", "Join Type": "Inner", "Startup Cost": 0.0, "Total Cost": 70095.36, "Plan Rows": 278, "Plan Width": 29, "Inner Unique": true, "Join Filter": "(mc.company_type_id = ct.id)", "Plans": [{"Node Type": "Nested Loop", "Parent Relationship": "Outer", "Join Type": "Inner", "Startup Cost": 0.0, "Total Cost": 70072.82, "Plan Rows": 478, "Plan Width": 33, "Inner Unique": true, "Plans": [{"Node Type": "Nested Loop", "Parent Relationship": "Outer", "Join Type": "Inner", "Startup Cost": 0.0, "Total Cost": 69909.43, "Plan Rows": 568, "Plan Width": 37, "Inner Unique": false, "Plans": [{"Node Type": "Nested Loop", "Parent Relationship": "Outer", "Join Type": "Inner", "Startup Cost": 0.0, "Total Cost": 69811.57, "Plan Rows": 266, "Plan Width": 25, "Inner Unique": true, "Plans": [{"Node Type": "Nested Loop", "Parent Relationship": "Outer", "Join Type": "Inner", "Startup Cost": 0.0, "Total Cost": 68668.26, "Plan Rows": 192, "Plan Width": 4, "Inner Unique": false, "Join Filter": "(it1.id = mi.info_type_id)", "Plans": [{"Node Type": "Seq Scan", "Parent Relationship": "Outer", "Relation Name": "info_type", "Alias": "it1", "Startup Cost": 0.0, "Total Cost": 2.4, "Plan Rows": 1, "Plan Width": 4, "Filter": "((info)::text = 'release dates'::text)"}, {"Node Type": "Materialize", "Parent Relationship": "Inner", "Startup Cost": 0.0, "Total Cost": 68531.67, "Plan Rows": 13419, "Plan Width": 8, "Plans": [{"Node Type": "Streaming(type: LOCAL GATHER dop: 1/64)", "Parent Relationship": "Outer", "Startup Cost": 0.0, "Total Cost": 68498.12, "Plan Rows": 13419, "Plan Width": 8, "Plans": [{"Node Type": "Seq Scan", "Parent Relationship": "Outer", "Relation Name": "movie_info", "Alias": "mi", "Startup Cost": 0.0, "Total Cost": 68221.29, "Plan Rows": 13419, "Plan Width": 8, "Filter": "((note)::text ~~ '%internet%'::text)"}]}]}]}, {"Node Type": "Index Scan", "Parent Relationship": "Inner", "Scan Direction": "Forward", "Index Name": "title_pkey", "Relation Name": "title", "Alias": "t", "Startup Cost": 0.0, "Total Cost": 5.94, "Plan Rows": 1, "Plan Width": 21, "Index Cond": "(id = mi.movie_id)", "Filter": "(production_year > 1990)"}]}, {"Node Type": "Index Scan", "Parent Relationship": "Inner", "Scan Direction": "Forward", "Index Name": "movie_id_movie_companies", "Relation Name": "movie_companies", "Alias": "mc", "Startup Cost": 0.0, "Total Cost": 0.35, "Plan Rows": 2, "Plan Width": 12, "Index Cond": "(movie_id = t.id)"}]}, {"Node Type": "Index Scan", "Parent Relationship": "Inner", "Scan Direction": "Forward", "Index Name": "company_name_pkey", "Relation Name": "company_name", "Alias": "cn", "Startup Cost": 0.0, "Total Cost": 0.28, "Plan Rows": 1, "Plan Width": 4, "Index Cond": "(id = mc.company_id)", "Filter": "((country_code)::text = '[us]'::text)"}]}, {"Node Type": "Materialize", "Parent Relationship": "Inner", "Startup Cost": 0.0, "Total Cost": 1.04, "Plan Rows": 3, "Plan Width": 4, "Plans": [{"Node Type": "Seq Scan", "Parent Relationship": "Outer", "Relation Name": "company_type", "Alias": "ct", "Startup Cost": 0.0, "Total Cost": 1.03, "Plan Rows": 3, "Plan Width": 4}]}]}, {"Node Type": "Index Scan", "Parent Relationship": "Inner", "Scan Direction": "Forward", "Index Name": "movie_id_movie_keyword", "Relation Name": "movie_keyword", "Alias": "mk", "Startup Cost": 0.0, "Total Cost": 0.46, "Plan Rows": 8, "Plan Width": 8, "Index Cond": "(movie_id = mc.movie_id)"}]}, {"Node Type": "Index Only Scan", "Parent Relationship": "Inner", "Scan Direction": "Forward", "Index Name": "keyword_pkey", "Relation Name": "keyword", "Alias": "k", "Startup Cost": 0.0, "Total Cost": 0.27, "Plan Rows": 1, "Plan Width": 4, "Index Cond": "(id = mk.keyword_id)"}]}, {"Node Type": "Index Scan", "Parent Relationship": "Inner", "Scan Direction": "Forward", "Index Name": "movie_id_aka_title", "Relation Name": "aka_title", "Alias": "at", "Startup Cost": 0.0, "Total Cost": 0.32, "Plan Rows": 3, "Plan Width": 25, "Index Cond": "(movie_id = mk.movie_id)"}]}]}, "Unique SQL Id": 2302223328, "Planner Runtime": 151}, "explain_analyze_plan": {"Plan": {"Node Type": "Aggregate", "Strategy": "Plain", "Startup Cost": 71717.18, "Total Cost": 71717.19, "Plan Rows": 1, "Plan Width": 102, "Actual Min Startup Time": 554.717, "Actual Max Startup Time": 554.717, "Actual Min Total Time": 554.717, "Actual Max Total Time": 554.717, "Plans": [{"Node Type": "Nested Loop", "Parent Relationship": "Outer", "Join Type": "Inner", "Startup Cost": 0.0, "Total Cost": 71682.31, "Plan Rows": 6974, "Plan Width": 38, "Actual Min Startup Time": 186.713, "Actual Max Startup Time": 186.713, "Actual Min Total Time": 551.922, "Actual Max Total Time": 551.922, "Inner Unique": false, "Join Filter": "(t.id = at.movie_id)", "Rows Removed by Join Filter": 0, "Plans": [{"Node Type": "Nested Loop", "Parent Relationship": "Outer", "Join Type": "Inner", "Startup Cost": 0.0, "Total Cost": 70883.7, "Plan Rows": 2257, "Plan Width": 33, "Actual Min Startup Time": 179.561, "Actual Max Startup Time": 179.561, "Actual Min Total Time": 508.954, "Actual Max Total Time": 508.954, "Inner Unique": true, "Plans": [{"Node Type": "Nested Loop", "Parent Relationship": "Outer", "Join Type": "Inner", "Startup Cost": 0.0, "Total Cost": 70251.71, "Plan Rows": 2257, "Plan Width": 37, "Actual Min Startup Time": 179.548, "Actual Max Startup Time": 179.548, "Actual Min Total Time": 461.3, "Actual Max Total Time": 461.3, "Inner Unique": false, "Join Filter": "(t.id = mk.movie_id)", "Rows Removed by Join Filter": 0, "Plans": [{"Node Type": "Nested Loop", "Parent Relationship": "Outer", "Join Type": "Inner", "Startup Cost": 0.0, "Total Cost": 70095.36, "Plan Rows": 278, "Plan Width": 29, "Actual Min Startup Time": 179.404, "Actual Max Startup Time": 179.404, "Actual Min Total Time": 399.966, "Actual Max Total Time": 399.966, "Inner Unique": true, "Join Filter": "(mc.company_type_id = ct.id)", "Rows Removed by Join Filter": 11829, "Plans": [{"Node Type": "Nested Loop", "Parent Relationship": "Outer", "Join Type": "Inner", "Startup Cost": 0.0, "Total Cost": 70072.82, "Plan Rows": 478, "Plan Width": 33, "Actual Min Startup Time": 179.369, "Actual Max Startup Time": 179.369, "Actual Min Total Time": 391.196, "Actual Max Total Time": 391.196, "Inner Unique": true, "Plans": [{"Node Type": "Nested Loop", "Parent Relationship": "Outer", "Join Type": "Inner", "Startup Cost": 0.0, "Total Cost": 69909.43, "Plan Rows": 568, "Plan Width": 37, "Actual Min Startup Time": 179.263, "Actual Max Startup Time": 179.263, "Actual Min Total Time": 321.578, "Actual Max Total Time": 321.578, "Inner Unique": false, "Plans": [{"Node Type": "Nested Loop", "Parent Relationship": "Outer", "Join Type": "Inner", "Startup Cost": 0.0, "Total Cost": 69811.57, "Plan Rows": 266, "Plan Width": 25, "Actual Min Startup Time": 179.247, "Actual Max Startup Time": 179.247, "Actual Min Total Time": 254.955, "Actual Max Total Time": 254.955, "Inner Unique": true, "Plans": [{"Node Type": "Nested Loop", "Parent Relationship": "Outer", "Join Type": "Inner", "Startup Cost": 0.0, "Total Cost": 68668.26, "Plan Rows": 192, "Plan Width": 4, "Actual Min Startup Time": 179.211, "Actual Max Startup Time": 179.211, "Actual Min Total Time": 186.032, "Actual Max Total Time": 186.032, "Inner Unique": false, "Join Filter": "(it1.id = mi.info_type_id)", "Rows Removed by Join Filter": 131, "Plans": [{"Node Type": "Seq Scan", "Parent Relationship": "Outer", "Relation Name": "info_type", "Alias": "it1", "Startup Cost": 0.0, "Total Cost": 2.4, "Plan Rows": 1, "Plan Width": 4, "Actual Min Startup Time": 0.065, "Actual Max Startup Time": 0.065, "Actual Min Total Time": 0.093, "Actual Max Total Time": 0.093, "Filter": "((info)::text = 'release dates'::text)", "Rows Removed by Filter": 111, "Actual Rows": 1}, {"Node Type": "Materialize", "Parent Relationship": "Inner", "Startup Cost": 0.0, "Total Cost": 68531.67, "Plan Rows": 13419, "Plan Width": 8, "Actual Min Startup Time": 179.119, "Actual Max Startup Time": 179.119, "Actual Min Total Time": 180.91, "Actual Max Total Time": 180.91, "Plans": [{"Node Type": "Streaming(type: LOCAL GATHER dop: 1/64)", "Parent Relationship": "Outer", "Startup Cost": 0.0, "Total Cost": 68498.12, "Plan Rows": 13419, "Plan Width": 8, "Actual Min Startup Time": 84.935, "Actual Max Startup Time": 84.935, "Actual Min Total Time": 177.065, "Actual Max Total Time": 177.065, "Plans": [{"Node Type": "Seq Scan", "Parent Relationship": "Outer", "Relation Name": "movie_info", "Alias": "mi", "Startup Cost": 0.0, "Total Cost": 68221.29, "Plan Rows": 13419, "Plan Width": 8, "Actual Min Startup Time": 0.109, "Actual Max Startup Time": 30.172, "Actual Min Total Time": 60.215, "Actual Max Total Time": 75.902, "Filter": "((note)::text ~~ '%internet%'::text)", "Rows Removed by Filter": 14824909, "Actual Rows": 10810}], "Actual Rows": 10810}], "Actual Rows": 10811}], "Actual Rows": 10679}, {"Node Type": "Index Scan", "Parent Relationship": "Inner", "Scan Direction": "Forward", "Index Name": "title_pkey", "Relation Name": "title", "Alias": "t", "Startup Cost": 0.0, "Total Cost": 5.94, "Plan Rows": 1, "Plan Width": 21, "Actual Min Startup Time": 59.998, "Actual Max Startup Time": 59.998, "Actual Min Total Time": 59.998, "Actual Max Total Time": 59.998, "Index Cond": "(id = mi.movie_id)", "Rows Removed by Index Recheck": 0, "Filter": "(production_year > 1990)", "Rows Removed by Filter": 17, "Actual Rows": 10662}], "Actual Rows": 10662}, {"Node Type": "Index Scan", "Parent Relationship": "Inner", "Scan Direction": "Forward", "Index Name": "movie_id_movie_companies", "Relation Name": "movie_companies", "Alias": "mc", "Startup Cost": 0.0, "Total Cost": 0.35, "Plan Rows": 2, "Plan Width": 12, "Actual Min Startup Time": 47.198, "Actual Max Startup Time": 47.198, "Actual Min Total Time": 57.68, "Actual Max Total Time": 57.68, "Index Cond": "(movie_id = t.id)", "Rows Removed by Index Recheck": 0, "Actual Rows": 14377}], "Actual Rows": 14377}, {"Node Type": "Index Scan", "Parent Relationship": "Inner", "Scan Direction": "Forward", "Index Name": "company_name_pkey", "Relation Name": "company_name", "Alias": "cn", "Startup Cost": 0.0, "Total Cost": 0.28, "Plan Rows": 1, "Plan Width": 4, "Actual Min Startup Time": 58.962, "Actual Max Startup Time": 58.962, "Actual Min Total Time": 58.962, "Actual Max Total Time": 58.962, "Index Cond": "(id = mc.company_id)", "Rows Removed by Index Recheck": 0, "Filter": "((country_code)::text = '[us]'::text)", "Rows Removed by Filter": 4520, "Actual Rows": 9857}], "Actual Rows": 9857}, {"Node Type": "Materialize", "Parent Relationship": "Inner", "Startup Cost": 0.0, "Total Cost": 1.04, "Plan Rows": 3, "Plan Width": 4, "Actual Min Startup Time": 1.09, "Actual Max Startup Time": 1.09, "Actual Min Total Time": 2.131, "Actual Max Total Time": 2.131, "Plans": [{"Node Type": "Seq Scan", "Parent Relationship": "Outer", "Relation Name": "company_type", "Alias": "ct", "Startup Cost": 0.0, "Total Cost": 1.03, "Plan Rows": 3, "Plan Width": 4, "Actual Min Startup Time": 0.006, "Actual Max Startup Time": 0.006, "Actual Min Total Time": 0.007, "Actual Max Total Time": 0.007, "Actual Rows": 3}], "Actual Rows": 17743}], "Actual Rows": 5914}, {"Node Type": "Index Scan", "Parent Relationship": "Inner", "Scan Direction": "Forward", "Index Name": "movie_id_movie_keyword", "Relation Name": "movie_keyword", "Alias": "mk", "Startup Cost": 0.0, "Total Cost": 0.46, "Plan Rows": 8, "Plan Width": 8, "Actual Min Startup Time": 45.268, "Actual Max Startup Time": 45.268, "Actual Min Total Time": 51.819, "Actual Max Total Time": 51.819, "Index Cond": "(movie_id = mc.movie_id)", "Rows Removed by Index Recheck": 0, "Actual Rows": 14161}], "Actual Rows": 14161}, {"Node Type": "Index Only Scan", "Parent Relationship": "Inner", "Scan Direction": "Forward", "Index Name": "keyword_pkey", "Relation Name": "keyword", "Alias": "k", "Startup Cost": 0.0, "Total Cost": 0.27, "Plan Rows": 1, "Plan Width": 4, "Actual Min Startup Time": 37.157, "Actual Max Startup Time": 37.157, "Actual Min Total Time": 37.157, "Actual Max Total Time": 37.157, "Index Cond": "(id = mk.keyword_id)", "Rows Removed by Index Recheck": 0, "Heap Fetches": 0, "Actual Rows": 14161}], "Actual Rows": 14161}, {"Node Type": "Index Scan", "Parent Relationship": "Inner", "Scan Direction": "Forward", "Index Name": "movie_id_aka_title", "Relation Name": "aka_title", "Alias": "at", "Startup Cost": 0.0, "Total Cost": 0.32, "Plan Rows": 3, "Plan Width": 25, "Actual Min Startup Time": 32.46, "Actual Max Startup Time": 32.46, "Actual Min Total Time": 34.597, "Actual Max Total Time": 34.597, "Index Cond": "(movie_id = mk.movie_id)", "Rows Removed by Index Recheck": 0, "Actual Rows": 4371}], "Actual Rows": 4371}], "Actual Rows": 1}, "Triggers": [], "Planner Runtime": 151, "Total Runtime": 566.675, "Unique SQL Id": 2302223328}}, "(64, 25)": {"explain_plan": {"Plan": {"Node Type": "Aggregate", "Strategy": "Plain", "Startup Cost": 498755.83, "Total Cost": 498755.84, "Plan Rows": 1, "Plan Width": 102, "Plans": [{"Node Type": "Nested Loop", "Parent Relationship": "Outer", "Join Type": "Inner", "Startup Cost": 0.0, "Total Cost": 498720.96, "Plan Rows": 6974, "Plan Width": 38, "Inner Unique": false, "Join Filter": "(t.id = at.movie_id)", "Plans": [{"Node Type": "Nested Loop", "Parent Relationship": "Outer", "Join Type": "Inner", "Startup Cost": 0.0, "Total Cost": 497922.35, "Plan Rows": 2257, "Plan Width": 33, "Inner Unique": true, "Plans": [{"Node Type": "Nested Loop", "Parent Relationship": "Outer", "Join Type": "Inner", "Startup Cost": 0.0, "Total Cost": 497290.36, "Plan Rows": 2257, "Plan Width": 37, "Inner Unique": false, "Join Filter": "(t.id = mk.movie_id)", "Plans": [{"Node Type": "Nested Loop", "Parent Relationship": "Outer", "Join Type": "Inner", "Startup Cost": 0.0, "Total Cost": 497134.02, "Plan Rows": 278, "Plan Width": 29, "Inner Unique": true, "Join Filter": "(mc.company_type_id = ct.id)", "Plans": [{"Node Type": "Nested Loop", "Parent Relationship": "Outer", "Join Type": "Inner", "Startup Cost": 0.0, "Total Cost": 497104.2, "Plan Rows": 478, "Plan Width": 33, "Inner Unique": true, "Plans": [{"Node Type": "Nested Loop", "Parent Relationship": "Outer", "Join Type": "Inner", "Startup Cost": 0.0, "Total Cost": 496940.81, "Plan Rows": 568, "Plan Width": 37, "Inner Unique": false, "Plans": [{"Node Type": "Nested Loop", "Parent Relationship": "Outer", "Join Type": "Inner", "Startup Cost": 0.0, "Total Cost": 496842.96, "Plan Rows": 266, "Plan Width": 25, "Inner Unique": true, "Plans": [{"Node Type": "Nested Loop", "Parent Relationship": "Outer", "Join Type": "Inner", "Startup Cost": 0.0, "Total Cost": 495699.65, "Plan Rows": 192, "Plan Width": 4, "Inner Unique": false, "Plans": [{"Node Type": "Index Scan", "Parent Relationship": "Outer", "Scan Direction": "Forward", "Index Name": "info_type_pkey", "Relation Name": "info_type", "Alias": "it1", "Startup Cost": 0.0, "Total Cost": 14.21, "Plan Rows": 1, "Plan Width": 4, "Filter": "((info)::text = 'release dates'::text)"}, {"Node Type": "Index Scan", "Parent Relationship": "Inner", "Scan Direction": "Forward", "Index Name": "info_type_id_movie_info", "Relation Name": "movie_info", "Alias": "mi", "Startup Cost": 0.0, "Total Cost": 495683.52, "Plan Rows": 192, "Plan Width": 8, "Index Cond": "(info_type_id = it1.id)", "Filter": "((note)::text ~~ '%internet%'::text)"}]}, {"Node Type": "Index Scan", "Parent Relationship": "Inner", "Scan Direction": "Forward", "Index Name": "title_pkey", "Relation Name": "title", "Alias": "t", "Startup Cost": 0.0, "Total Cost": 5.94, "Plan Rows": 1, "Plan Width": 21, "Index Cond": "(id = mi.movie_id)", "Filter": "(production_year > 1990)"}]}, {"Node Type": "Index Scan", "Parent Relationship": "Inner", "Scan Direction": "Forward", "Index Name": "movie_id_movie_companies", "Relation Name": "movie_companies", "Alias": "mc", "Startup Cost": 0.0, "Total Cost": 0.35, "Plan Rows": 2, "Plan Width": 12, "Index Cond": "(movie_id = t.id)"}]}, {"Node Type": "Index Scan", "Parent Relationship": "Inner", "Scan Direction": "Forward", "Index Name": "company_name_pkey", "Relation Name": "company_name", "Alias": "cn", "Startup Cost": 0.0, "Total Cost": 0.28, "Plan Rows": 1, "Plan Width": 4, "Index Cond": "(id = mc.company_id)", "Filter": "((country_code)::text = '[us]'::text)"}]}, {"Node Type": "Materialize", "Parent Relationship": "Inner", "Startup Cost": 0.0, "Total Cost": 8.31, "Plan Rows": 3, "Plan Width": 4, "Plans": [{"Node Type": "Index Only Scan", "Parent Relationship": "Outer", "Scan Direction": "Forward", "Index Name": "company_type_pkey", "Relation Name": "company_type", "Alias": "ct", "Startup Cost": 0.0, "Total Cost": 8.29, "Plan Rows": 3, "Plan Width": 4}]}]}, {"Node Type": "Index Scan", "Parent Relationship": "Inner", "Scan Direction": "Forward", "Index Name": "movie_id_movie_keyword", "Relation Name": "movie_keyword", "Alias": "mk", "Startup Cost": 0.0, "Total Cost": 0.46, "Plan Rows": 8, "Plan Width": 8, "Index Cond": "(movie_id = mc.movie_id)"}]}, {"Node Type": "Index Only Scan", "Parent Relationship": "Inner", "Scan Direction": "Forward", "Index Name": "keyword_pkey", "Relation Name": "keyword", "Alias": "k", "Startup Cost": 0.0, "Total Cost": 0.27, "Plan Rows": 1, "Plan Width": 4, "Index Cond": "(id = mk.keyword_id)"}]}, {"Node Type": "Index Scan", "Parent Relationship": "Inner", "Scan Direction": "Forward", "Index Name": "movie_id_aka_title", "Relation Name": "aka_title", "Alias": "at", "Startup Cost": 0.0, "Total Cost": 0.32, "Plan Rows": 3, "Plan Width": 25, "Index Cond": "(movie_id = mk.movie_id)"}]}]}, "Unique SQL Id": 2302223328, "Planner Runtime": 139}, "explain_analyze_plan": null}, "(64, 26)": {"explain_plan": {"Plan": {"Node Type": "Aggregate", "Strategy": "Plain", "Startup Cost": 993166.74, "Total Cost": 993166.75, "Plan Rows": 1, "Plan Width": 102, "Plans": [{"Node Type": "Merge Join", "Parent Relationship": "Outer", "Join Type": "Inner", "Startup Cost": 991307.09, "Total Cost": 993131.87, "Plan Rows": 6974, "Plan Width": 38, "Inner Unique": false, "Merge Cond": "(t.id = at.movie_id)", "Plans": [{"Node Type": "Sort", "Parent Relationship": "Outer", "Startup Cost": 948041.94, "Total Cost": 948047.58, "Plan Rows": 2257, "Plan Width": 33, "Sort Key": ["mc.movie_id"], "Plans": [{"Node Type": "Merge Join", "Parent Relationship": "Outer", "Join Type": "Inner", "Startup Cost": 947212.31, "Total Cost": 947916.22, "Plan Rows": 2257, "Plan Width": 33, "Inner Unique": true, "Merge Cond": "(mk.keyword_id = k.id)", "Plans": [{"Node Type": "Sort", "Parent Relationship": "Outer", "Startup Cost": 933684.66, "Total Cost": 933690.3, "Plan Rows": 2257, "Plan Width": 37, "Sort Key": ["mk.keyword_id"], "Plans": [{"Node Type": "Merge Join", "Parent Relationship": "Outer", "Join Type": "Inner", "Startup Cost": 933088.04, "Total Cost": 933558.94, "Plan Rows": 2257, "Plan Width": 37, "Inner Unique": true, "Merge Cond": "(mc.company_id = cn.id)", "Plans": [{"Node Type": "Sort", "Parent Relationship": "Outer", "Startup Cost": 920209.39, "Total Cost": 920220.9, "Plan Rows": 4604, "Plan Width": 41, "Sort Key": ["mc.company_id"], "Plans": [{"Node Type": "Nested Loop", "Parent Relationship": "Outer", "Join Type": "Inner", "Startup Cost": 0.0, "Total Cost": 919929.27, "Plan Rows": 4604, "Plan Width": 41, "Inner Unique": true, "Join Filter": "(mc.company_type_id = ct.id)", "Plans": [{"Node Type": "Streaming(type: LOCAL GATHER dop: 1/64)", "Parent Relationship": "Outer", "Startup Cost": 0.0, "Total Cost": 919721.05, "Plan Rows": 4604, "Plan Width": 45, "Plans": [{"Node Type": "Nested Loop", "Parent Relationship": "Outer", "Join Type": "Inner", "Startup Cost": 0.0, "Total Cost": 919626.07, "Plan Rows": 4604, "Plan Width": 45, "Inner Unique": false, "Join Filter": "(t.id = mk.movie_id)", "Plans": [{"Node Type": "Streaming(type: LOCAL REDISTRIBUTE dop: 64/1)", "Parent Relationship": "Outer", "Startup Cost": 0.0, "Total Cost": 309248.0, "Plan Rows": 4523929, "Plan Width": 8, "Plans": [{"Node Type": "Seq Scan", "Parent Relationship": "Outer", "Relation Name": "movie_keyword", "Alias": "mk", "Startup Cost": 0.0, "Total Cost": 62441.29, "Plan Rows": 4523929, "Plan Width": 8}]}, {"Node Type": "Materialize", "Parent Relationship": "Inner", "Startup Cost": 0.0, "Total Cost": 600967.98, "Plan Rows": 568, "Plan Width": 37, "Plans": [{"Node Type": "Streaming(type: LOCAL REDISTRIBUTE dop: 64/64)", "Parent Relationship": "Outer", "Startup Cost": 0.0, "Total Cost": 600967.93, "Plan Rows": 568, "Plan Width": 37, "Plans": [{"Node Type": "Nested Loop", "Parent Relationship": "Outer", "Join Type": "Inner", "Startup Cost": 0.0, "Total Cost": 537967.39, "Plan Rows": 568, "Plan Width": 37, "Inner Unique": false, "Join Filter": "(t.id = mc.movie_id)", "Plans": [{"Node Type": "Streaming(type: LOCAL REDISTRIBUTE dop: 64/1)", "Parent Relationship": "Outer", "Startup Cost": 0.0, "Total Cost": 210825.84, "Plan Rows": 2609128, "Plan Width": 12, "Plans": [{"Node Type": "Seq Scan", "Parent Relationship": "Outer", "Relation Name": "movie_companies", "Alias": "mc", "Startup Cost": 0.0, "Total Cost": 41817.28, "Plan Rows": 2609128, "Plan Width": 12}]}, {"Node Type": "Materialize", "Parent Relationship": "Inner", "Startup Cost": 0.0, "Total Cost": 324599.95, "Plan Rows": 266, "Plan Width": 25, "Plans": [{"Node Type": "Streaming(type: LOCAL REDISTRIBUTE dop: 64/64)", "Parent Relationship": "Outer", "Startup Cost": 0.0, "Total Cost": 324599.93, "Plan Rows": 266, "Plan Width": 25, "Plans": [{"Node Type": "Nested Loop", "Parent Relationship": "Outer", "Join Type": "Inner", "Startup Cost": 0.0, "Total Cost": 261599.68, "Plan Rows": 266, "Plan Width": 25, "Inner Unique": false, "Join Filter": "(mi.movie_id = t.id)", "Plans": [{"Node Type": "Streaming(type: LOCAL REDISTRIBUTE dop: 64/64)", "Parent Relationship": "Outer", "Startup Cost": 0.0, "Total Cost": 128693.96, "Plan Rows": 1748840, "Plan Width": 21, "Plans": [{"Node Type": "Seq Scan", "Parent Relationship": "Outer", "Relation Name": "title", "Alias": "t", "Startup Cost": 0.0, "Total Cost": 64037.34, "Plan Rows": 1748840, "Plan Width": 21, "Filter": "(production_year > 1990), (LLVM Optimized)"}]}, {"Node Type": "Materialize", "Parent Relationship": "Inner", "Startup Cost": 0.0, "Total Cost": 131676.08, "Plan Rows": 192, "Plan Width": 4, "Plans": [{"Node Type": "Streaming(type: LOCAL REDISTRIBUTE dop: 64/1)", "Parent Relationship": "Outer", "Startup Cost": 0.0, "Total Cost": 131676.06, "Plan Rows": 192, "Plan Width": 4, "Plans": [{"Node Type": "Nested Loop", "Parent Relationship": "Outer", "Join Type": "Inner", "Startup Cost": 0.0, "Total Cost": 68668.26, "Plan Rows": 192, "Plan Width": 4, "Inner Unique": false, "Join Filter": "(it1.id = mi.info_type_id)", "Plans": [{"Node Type": "Seq Scan", "Parent Relationship": "Outer", "Relation Name": "info_type", "Alias": "it1", "Startup Cost": 0.0, "Total Cost": 2.4, "Plan Rows": 1, "Plan Width": 4, "Filter": "((info)::text = 'release dates'::text)"}, {"Node Type": "Materialize", "Parent Relationship": "Inner", "Startup Cost": 0.0, "Total Cost": 68531.67, "Plan Rows": 13419, "Plan Width": 8, "Plans": [{"Node Type": "Streaming(type: LOCAL GATHER dop: 1/64)", "Parent Relationship": "Outer", "Startup Cost": 0.0, "Total Cost": 68498.12, "Plan Rows": 13419, "Plan Width": 8, "Plans": [{"Node Type": "Seq Scan", "Parent Relationship": "Outer", "Relation Name": "movie_info", "Alias": "mi", "Startup Cost": 0.0, "Total Cost": 68221.29, "Plan Rows": 13419, "Plan Width": 8, "Filter": "((note)::text ~~ '%internet%'::text)"}]}]}]}]}]}]}]}]}]}]}]}]}]}, {"Node Type": "Materialize", "Parent Relationship": "Inner", "Startup Cost": 0.0, "Total Cost": 1.04, "Plan Rows": 3, "Plan Width": 4, "Plans": [{"Node Type": "Seq Scan", "Parent Relationship": "Outer", "Relation Name": "company_type", "Alias": "ct", "Startup Cost": 0.0, "Total Cost": 1.03, "Plan Rows": 3, "Plan Width": 4}]}]}]}, {"Node Type": "Sort", "Parent Relationship": "Inner", "Startup Cost": 12878.05, "Total Cost": 13090.97, "Plan Rows": 85170, "Plan Width": 4, "Sort Key": ["cn.id"], "Plans": [{"Node Type": "Seq Scan", "Parent Relationship": "Outer", "Relation Name": "company_name", "Alias": "cn", "Startup Cost": 0.0, "Total Cost": 5903.45, "Plan Rows": 85170, "Plan Width": 4, "Filter": "((country_code)::text = '[us]'::text)"}]}]}]}, {"Node Type": "Sort", "Parent Relationship": "Inner", "Startup Cost": 13527.66, "Total Cost": 13863.08, "Plan Rows": 134169, "Plan Width": 4, "Sort Key": ["k.id"], "Plans": [{"Node Type": "Seq Scan", "Parent Relationship": "Outer", "Relation Name": "keyword", "Alias": "k", "Startup Cost": 0.0, "Total Cost": 2100.69, "Plan Rows": 134169, "Plan Width": 4}]}]}]}, {"Node Type": "Sort", "Parent Relationship": "Inner", "Startup Cost": 43264.85, "Total Cost": 44168.52, "Plan Rows": 361471, "Plan Width": 25, "Sort Key": ["at.movie_id"], "Plans": [{"Node Type": "Seq Scan", "Parent Relationship": "Outer", "Relation Name": "aka_title", "Alias": "at", "Startup Cost": 0.0, "Total Cost": 9894.71, "Plan Rows": 361471, "Plan Width": 25}]}]}]}, "Unique SQL Id": 2302223328, "Planner Runtime": 175}, "explain_analyze_plan": null}, "(64, 27)": {"explain_plan": {"Plan": {"Node Type": "Aggregate", "Strategy": "Plain", "Startup Cost": 8989907587904.09, "Total Cost": 8989907587904.1, "Plan Rows": 1, "Plan Width": 102, "Plans": [{"Node Type": "Nested Loop", "Parent Relationship": "Outer", "Join Type": "Inner", "Startup Cost": 90000000000.0, "Total Cost": 8989907587868.88, "Plan Rows": 7042, "Plan Width": 38, "Inner Unique": false, "Join Filter": "(t.id = at.movie_id)", "Plans": [{"Node Type": "Nested Loop", "Parent Relationship": "Outer", "Join Type": "Inner", "Startup Cost": 80000000000.0, "Total Cost": 7989884591884.26, "Plan Rows": 3874, "Plan Width": 33, "Inner Unique": true, "Join Filter": "(mk.keyword_id = k.id)", "Plans": [{"Node Type": "Nested Loop", "Parent Relationship": "Outer", "Join Type": "Inner", "Startup Cost": 70000000000.0, "Total Cost": 6989876588909.75, "Plan Rows": 3874, "Plan Width": 37, "Inner Unique": true, "Join Filter": "(mc.company_id = cn.id)", "Plans": [{"Node Type": "Merge Join", "Parent Relationship": "Outer", "Join Type": "Inner", "Startup Cost": 60000000000.0, "Total Cost": 5989869656717.65, "Plan Rows": 4604, "Plan Width": 41, "Inner Unique": false, "Merge Cond": "(t.id = mk.movie_id)", "Plans": [{"Node Type": "Nested Loop", "Parent Relationship": "Outer", "Join Type": "Inner", "Startup Cost": 50000000000.0, "Total Cost": 4998566609910.17, "Plan Rows": 568, "Plan Width": 33, "Inner Unique": true, "Join Filter": "(mc.company_type_id = ct.id)", "Plans": [{"Node Type": "Nested Loop", "Parent Relationship": "Outer", "Join Type": "Inner", "Startup Cost": 40000000000.0, "Total Cost": 3998566609055.11, "Plan Rows": 568, "Plan Width": 37, "Inner Unique": true, "Join Filter": "(mi.info_type_id = it1.id)", "Plans": [{"Node Type": "Merge Join", "Parent Relationship": "Outer", "Join Type": "Inner", "Startup Cost": 30000000000.0, "Total Cost": 2998566607038.02, "Plan Rows": 39739, "Plan Width": 41, "Inner Unique": false, "Merge Cond": "(t.id = mc.movie_id)", "Plans": [{"Node Type": "Nested Loop", "Parent Relationship": "Outer", "Join Type": "Inner", "Startup Cost": 20000000000.0, "Total Cost": 2000471060864.73, "Plan Rows": 18591, "Plan Width": 29, "Inner Unique": false, "Join Filter": "(mi.movie_id = t.id)", "Plans": [{"Node Type": "Index Scan", "Parent Relationship": "Outer", "Scan Direction": "Forward", "Index Name": "title_pkey", "Relation Name": "title", "Alias": "t", "Startup Cost": 10000000000.0, "Total Cost": 1000011644126.66, "Plan Rows": 1748840, "Plan Width": 21, "Filter": "(production_year > 1990), (LLVM Optimized)"}, {"Node Type": "Materialize", "Parent Relationship": "Inner", "Startup Cost": 10000000000.0, "Total Cost": 1000107401512.21, "Plan Rows": 13419, "Plan Width": 8, "Plans": [{"Node Type": "Index Scan", "Parent Relationship": "Outer", "Scan Direction": "Forward", "Index Name": "info_type_id_movie_info", "Relation Name": "movie_info", "Alias": "mi", "Startup Cost": 10000000000.0, "Total Cost": 1000107401445.12, "Plan Rows": 13419, "Plan Width": 8, "Filter": "((note)::text ~~ '%internet%'::text)"}]}]}, {"Node Type": "Index Scan", "Parent Relationship": "Inner", "Scan Direction": "Forward", "Index Name": "movie_id_movie_companies", "Relation Name": "movie_companies", "Alias": "mc", "Startup Cost": 10000000000.0, "Total Cost": 1000013051946.13, "Plan Rows": 2609128, "Plan Width": 12}]}, {"Node Type": "Materialize", "Parent Relationship": "Inner", "Startup Cost": 10000000000.0, "Total Cost": 1000000001421.0, "Plan Rows": 1, "Plan Width": 4, "Plans": [{"Node Type": "Index Scan", "Parent Relationship": "Outer", "Scan Direction": "Forward", "Index Name": "info_type_pkey", "Relation Name": "info_type", "Alias": "it1", "Startup Cost": 10000000000.0, "Total Cost": 1000000001421.0, "Plan Rows": 1, "Plan Width": 4, "Filter": "((info)::text = 'release dates'::text)"}]}]}, {"Node Type": "Materialize", "Parent Relationship": "Inner", "Startup Cost": 10000000000.0, "Total Cost": 1000000000829.52, "Plan Rows": 3, "Plan Width": 4, "Plans": [{"Node Type": "Index Only Scan", "Parent Relationship": "Outer", "Scan Direction": "Forward", "Index Name": "company_type_pkey", "Relation Name": "company_type", "Alias": "ct", "Startup Cost": 10000000000.0, "Total Cost": 1000000000829.5, "Plan Rows": 3, "Plan Width": 4}]}]}, {"Node Type": "Index Scan", "Parent Relationship": "Inner", "Scan Direction": "Forward", "Index Name": "movie_id_movie_keyword", "Relation Name": "movie_keyword", "Alias": "mk", "Startup Cost": 10000000000.0, "Total Cost": 1000015300634.17, "Plan Rows": 4523929, "Plan Width": 8}]}, {"Node Type": "Materialize", "Parent Relationship": "Inner", "Startup Cost": 10000000000.0, "Total Cost": 1000001050564.82, "Plan Rows": 85170, "Plan Width": 4, "Plans": [{"Node Type": "Index Scan", "Parent Relationship": "Outer", "Scan Direction": "Forward", "Index Name": "company_name_pkey", "Relation Name": "company_name", "Alias": "cn", "Startup Cost": 10000000000.0, "Total Cost": 1000001050138.97, "Plan Rows": 85170, "Plan Width": 4, "Filter": "((country_code)::text = '[us]'::text)"}]}]}, {"Node Type": "Materialize", "Parent Relationship": "Inner", "Startup Cost": 10000000000.0, "Total Cost": 1000000206749.34, "Plan Rows": 134169, "Plan Width": 4, "Plans": [{"Node Type": "Index Only Scan", "Parent Relationship": "Outer", "Scan Direction": "Forward", "Index Name": "keyword_pkey", "Relation Name": "keyword", "Alias": "k", "Startup Cost": 10000000000.0, "Total Cost": 1000000206078.5, "Plan Rows": 134169, "Plan Width": 4}]}]}, {"Node Type": "Materialize", "Parent Relationship": "Inner", "Startup Cost": 10000000000.0, "Total Cost": 1000001991808.49, "Plan Rows": 361471, "Plan Width": 25, "Plans": [{"Node Type": "Index Scan", "Parent Relationship": "Outer", "Scan Direction": "Forward", "Index Name": "movie_id_aka_title", "Relation Name": "aka_title", "Alias": "at", "Startup Cost": 10000000000.0, "Total Cost": 1000001990001.13, "Plan Rows": 361471, "Plan Width": 25}]}]}]}, "Unique SQL Id": 2302223328, "Planner Runtime": 492}, "explain_analyze_plan": null}, "(64, 28)": {"explain_plan": {"Plan": {"Node Type": "Aggregate", "Strategy": "Plain", "Startup Cost": 71718.7, "Total Cost": 71718.71, "Plan Rows": 1, "Plan Width": 102, "Plans": [{"Node Type": "Nested Loop", "Parent Relationship": "Outer", "Join Type": "Inner", "Startup Cost": 0.0, "Total Cost": 71683.83, "Plan Rows": 6974, "Plan Width": 38, "Inner Unique": false, "Join Filter": "(t.id = at.movie_id)", "Plans": [{"Node Type": "Nested Loop", "Parent Relationship": "Outer", "Join Type": "Inner", "Startup Cost": 0.0, "Total Cost": 70885.21, "Plan Rows": 2257, "Plan Width": 33, "Inner Unique": true, "Plans": [{"Node Type": "Nested Loop", "Parent Relationship": "Outer", "Join Type": "Inner", "Startup Cost": 0.0, "Total Cost": 70251.71, "Plan Rows": 2257, "Plan Width": 37, "Inner Unique": false, "Join Filter": "(t.id = mk.movie_id)", "Plans": [{"Node Type": "Nested Loop", "Parent Relationship": "Outer", "Join Type": "Inner", "Startup Cost": 0.0, "Total Cost": 70095.36, "Plan Rows": 278, "Plan Width": 29, "Inner Unique": true, "Join Filter": "(mc.company_type_id = ct.id)", "Plans": [{"Node Type": "Nested Loop", "Parent Relationship": "Outer", "Join Type": "Inner", "Startup Cost": 0.0, "Total Cost": 70072.82, "Plan Rows": 478, "Plan Width": 33, "Inner Unique": true, "Plans": [{"Node Type": "Nested Loop", "Parent Relationship": "Outer", "Join Type": "Inner", "Startup Cost": 0.0, "Total Cost": 69909.43, "Plan Rows": 568, "Plan Width": 37, "Inner Unique": false, "Plans": [{"Node Type": "Nested Loop", "Parent Relationship": "Outer", "Join Type": "Inner", "Startup Cost": 0.0, "Total Cost": 69811.57, "Plan Rows": 266, "Plan Width": 25, "Inner Unique": true, "Plans": [{"Node Type": "Nested Loop", "Parent Relationship": "Outer", "Join Type": "Inner", "Startup Cost": 0.0, "Total Cost": 68668.26, "Plan Rows": 192, "Plan Width": 4, "Inner Unique": false, "Join Filter": "(it1.id = mi.info_type_id)", "Plans": [{"Node Type": "Seq Scan", "Parent Relationship": "Outer", "Relation Name": "info_type", "Alias": "it1", "Startup Cost": 0.0, "Total Cost": 2.4, "Plan Rows": 1, "Plan Width": 4, "Filter": "((info)::text = 'release dates'::text)"}, {"Node Type": "Materialize", "Parent Relationship": "Inner", "Startup Cost": 0.0, "Total Cost": 68531.67, "Plan Rows": 13419, "Plan Width": 8, "Plans": [{"Node Type": "Streaming(type: LOCAL GATHER dop: 1/64)", "Parent Relationship": "Outer", "Startup Cost": 0.0, "Total Cost": 68498.12, "Plan Rows": 13419, "Plan Width": 8, "Plans": [{"Node Type": "Seq Scan", "Parent Relationship": "Outer", "Relation Name": "movie_info", "Alias": "mi", "Startup Cost": 0.0, "Total Cost": 68221.29, "Plan Rows": 13419, "Plan Width": 8, "Filter": "((note)::text ~~ '%internet%'::text)"}]}]}]}, {"Node Type": "Index Scan", "Parent Relationship": "Inner", "Scan Direction": "Forward", "Index Name": "title_pkey", "Relation Name": "title", "Alias": "t", "Startup Cost": 0.0, "Total Cost": 5.94, "Plan Rows": 1, "Plan Width": 21, "Index Cond": "(id = mi.movie_id)", "Filter": "(production_year > 1990)"}]}, {"Node Type": "Index Scan", "Parent Relationship": "Inner", "Scan Direction": "Forward", "Index Name": "movie_id_movie_companies", "Relation Name": "movie_companies", "Alias": "mc", "Startup Cost": 0.0, "Total Cost": 0.35, "Plan Rows": 2, "Plan Width": 12, "Index Cond": "(movie_id = t.id)"}]}, {"Node Type": "Index Scan", "Parent Relationship": "Inner", "Scan Direction": "Forward", "Index Name": "company_name_pkey", "Relation Name": "company_name", "Alias": "cn", "Startup Cost": 0.0, "Total Cost": 0.28, "Plan Rows": 1, "Plan Width": 4, "Index Cond": "(id = mc.company_id)", "Filter": "((country_code)::text = '[us]'::text)"}]}, {"Node Type": "Materialize", "Parent Relationship": "Inner", "Startup Cost": 0.0, "Total Cost": 1.04, "Plan Rows": 3, "Plan Width": 4, "Plans": [{"Node Type": "Seq Scan", "Parent Relationship": "Outer", "Relation Name": "company_type", "Alias": "ct", "Startup Cost": 0.0, "Total Cost": 1.03, "Plan Rows": 3, "Plan Width": 4}]}]}, {"Node Type": "Index Scan", "Parent Relationship": "Inner", "Scan Direction": "Forward", "Index Name": "movie_id_movie_keyword", "Relation Name": "movie_keyword", "Alias": "mk", "Startup Cost": 0.0, "Total Cost": 0.46, "Plan Rows": 8, "Plan Width": 8, "Index Cond": "(movie_id = mc.movie_id)"}]}, {"Node Type": "Index Scan", "Parent Relationship": "Inner", "Scan Direction": "Forward", "Index Name": "keyword_pkey", "Relation Name": "keyword", "Alias": "k", "Startup Cost": 0.0, "Total Cost": 0.27, "Plan Rows": 1, "Plan Width": 4, "Index Cond": "(id = mk.keyword_id)"}]}, {"Node Type": "Index Scan", "Parent Relationship": "Inner", "Scan Direction": "Forward", "Index Name": "movie_id_aka_title", "Relation Name": "aka_title", "Alias": "at", "Startup Cost": 0.0, "Total Cost": 0.32, "Plan Rows": 3, "Plan Width": 25, "Index Cond": "(movie_id = mk.movie_id)"}]}]}, "Unique SQL Id": 2302223328, "Planner Runtime": 149}, "explain_analyze_plan": {"Plan": {"Node Type": "Aggregate", "Strategy": "Plain", "Startup Cost": 71718.7, "Total Cost": 71718.71, "Plan Rows": 1, "Plan Width": 102, "Actual Min Startup Time": 536.908, "Actual Max Startup Time": 536.908, "Actual Min Total Time": 536.908, "Actual Max Total Time": 536.908, "Plans": [{"Node Type": "Nested Loop", "Parent Relationship": "Outer", "Join Type": "Inner", "Startup Cost": 0.0, "Total Cost": 71683.83, "Plan Rows": 6974, "Plan Width": 38, "Actual Min Startup Time": 175.135, "Actual Max Startup Time": 175.135, "Actual Min Total Time": 534.144, "Actual Max Total Time": 534.144, "Inner Unique": false, "Join Filter": "(t.id = at.movie_id)", "Rows Removed by Join Filter": 0, "Plans": [{"Node Type": "Nested Loop", "Parent Relationship": "Outer", "Join Type": "Inner", "Startup Cost": 0.0, "Total Cost": 70885.21, "Plan Rows": 2257, "Plan Width": 33, "Actual Min Startup Time": 175.114, "Actual Max Startup Time": 175.114, "Actual Min Total Time": 490.575, "Actual Max Total Time": 490.575, "Inner Unique": true, "Plans": [{"Node Type": "Nested Loop", "Parent Relationship": "Outer", "Join Type": "Inner", "Startup Cost": 0.0, "Total Cost": 70251.71, "Plan Rows": 2257, "Plan Width": 37, "Actual Min Startup Time": 175.097, "Actual Max Startup Time": 175.097, "Actual Min Total Time": 430.039, "Actual Max Total Time": 430.039, "Inner Unique": false, "Join Filter": "(t.id = mk.movie_id)", "Rows Removed by Join Filter": 0, "Plans": [{"Node Type": "Nested Loop", "Parent Relationship": "Outer", "Join Type": "Inner", "Startup Cost": 0.0, "Total Cost": 70095.36, "Plan Rows": 278, "Plan Width": 29, "Actual Min Startup Time": 175.024, "Actual Max Startup Time": 175.024, "Actual Min Total Time": 390.107, "Actual Max Total Time": 390.107, "Inner Unique": true, "Join Filter": "(mc.company_type_id = ct.id)", "Rows Removed by Join Filter": 11829, "Plans": [{"Node Type": "Nested Loop", "Parent Relationship": "Outer", "Join Type": "Inner", "Startup Cost": 0.0, "Total Cost": 70072.82, "Plan Rows": 478, "Plan Width": 33, "Actual Min Startup Time": 174.988, "Actual Max Startup Time": 174.988, "Actual Min Total Time": 381.675, "Actual Max Total Time": 381.675, "Inner Unique": true, "Plans": [{"Node Type": "Nested Loop", "Parent Relationship": "Outer", "Join Type": "Inner", "Startup Cost": 0.0, "Total Cost": 69909.43, "Plan Rows": 568, "Plan Width": 37, "Actual Min Startup Time": 174.969, "Actual Max Startup Time": 174.969, "Actual Min Total Time": 312.639, "Actual Max Total Time": 312.639, "Inner Unique": false, "Plans": [{"Node Type": "Nested Loop", "Parent Relationship": "Outer", "Join Type": "Inner", "Startup Cost": 0.0, "Total Cost": 69811.57, "Plan Rows": 266, "Plan Width": 25, "Actual Min Startup Time": 174.948, "Actual Max Startup Time": 174.948, "Actual Min Total Time": 246.622, "Actual Max Total Time": 246.622, "Inner Unique": true, "Plans": [{"Node Type": "Nested Loop", "Parent Relationship": "Outer", "Join Type": "Inner", "Startup Cost": 0.0, "Total Cost": 68668.26, "Plan Rows": 192, "Plan Width": 4, "Actual Min Startup Time": 174.912, "Actual Max Startup Time": 174.912, "Actual Min Total Time": 181.3, "Actual Max Total Time": 181.3, "Inner Unique": false, "Join Filter": "(it1.id = mi.info_type_id)", "Rows Removed by Join Filter": 131, "Plans": [{"Node Type": "Seq Scan", "Parent Relationship": "Outer", "Relation Name": "info_type", "Alias": "it1", "Startup Cost": 0.0, "Total Cost": 2.4, "Plan Rows": 1, "Plan Width": 4, "Actual Min Startup Time": 0.072, "Actual Max Startup Time": 0.072, "Actual Min Total Time": 0.101, "Actual Max Total Time": 0.101, "Filter": "((info)::text = 'release dates'::text)", "Rows Removed by Filter": 111, "Actual Rows": 1}, {"Node Type": "Materialize", "Parent Relationship": "Inner", "Startup Cost": 0.0, "Total Cost": 68531.67, "Plan Rows": 13419, "Plan Width": 8, "Actual Min Startup Time": 174.808, "Actual Max Startup Time": 174.808, "Actual Min Total Time": 176.393, "Actual Max Total Time": 176.393, "Plans": [{"Node Type": "Streaming(type: LOCAL GATHER dop: 1/64)", "Parent Relationship": "Outer", "Startup Cost": 0.0, "Total Cost": 68498.12, "Plan Rows": 13419, "Plan Width": 8, "Actual Min Startup Time": 92.391, "Actual Max Startup Time": 92.391, "Actual Min Total Time": 172.745, "Actual Max Total Time": 172.745, "Plans": [{"Node Type": "Seq Scan", "Parent Relationship": "Outer", "Relation Name": "movie_info", "Alias": "mi", "Startup Cost": 0.0, "Total Cost": 68221.29, "Plan Rows": 13419, "Plan Width": 8, "Actual Min Startup Time": 0.111, "Actual Max Startup Time": 21.558, "Actual Min Total Time": 60.745, "Actual Max Total Time": 71.529, "Filter": "((note)::text ~~ '%internet%'::text)", "Rows Removed by Filter": 14824909, "Actual Rows": 10810}], "Actual Rows": 10810}], "Actual Rows": 10811}], "Actual Rows": 10679}, {"Node Type": "Index Scan", "Parent Relationship": "Inner", "Scan Direction": "Forward", "Index Name": "title_pkey", "Relation Name": "title", "Alias": "t", "Startup Cost": 0.0, "Total Cost": 5.94, "Plan Rows": 1, "Plan Width": 21, "Actual Min Startup Time": 56.708, "Actual Max Startup Time": 56.708, "Actual Min Total Time": 56.708, "Actual Max Total Time": 56.708, "Index Cond": "(id = mi.movie_id)", "Rows Removed by Index Recheck": 0, "Filter": "(production_year > 1990)", "Rows Removed by Filter": 17, "Actual Rows": 10662}], "Actual Rows": 10662}, {"Node Type": "Index Scan", "Parent Relationship": "Inner", "Scan Direction": "Forward", "Index Name": "movie_id_movie_companies", "Relation Name": "movie_companies", "Alias": "mc", "Startup Cost": 0.0, "Total Cost": 0.35, "Plan Rows": 2, "Plan Width": 12, "Actual Min Startup Time": 46.694, "Actual Max Startup Time": 46.694, "Actual Min Total Time": 57.042, "Actual Max Total Time": 57.042, "Index Cond": "(movie_id = t.id)", "Rows Removed by Index Recheck": 0, "Actual Rows": 14377}], "Actual Rows": 14377}, {"Node Type": "Index Scan", "Parent Relationship": "Inner", "Scan Direction": "Forward", "Index Name": "company_name_pkey", "Relation Name": "company_name", "Alias": "cn", "Startup Cost": 0.0, "Total Cost": 0.28, "Plan Rows": 1, "Plan Width": 4, "Actual Min Startup Time": 58.57, "Actual Max Startup Time": 58.57, "Actual Min Total Time": 58.57, "Actual Max Total Time": 58.57, "Index Cond": "(id = mc.company_id)", "Rows Removed by Index Recheck": 0, "Filter": "((country_code)::text = '[us]'::text)", "Rows Removed by Filter": 4520, "Actual Rows": 9857}], "Actual Rows": 9857}, {"Node Type": "Materialize", "Parent Relationship": "Inner", "Startup Cost": 0.0, "Total Cost": 1.04, "Plan Rows": 3, "Plan Width": 4, "Actual Min Startup Time": 1.039, "Actual Max Startup Time": 1.039, "Actual Min Total Time": 2.028, "Actual Max Total Time": 2.028, "Plans": [{"Node Type": "Seq Scan", "Parent Relationship": "Outer", "Relation Name": "company_type", "Alias": "ct", "Startup Cost": 0.0, "Total Cost": 1.03, "Plan Rows": 3, "Plan Width": 4, "Actual Min Startup Time": 0.007, "Actual Max Startup Time": 0.007, "Actual Min Total Time": 0.009, "Actual Max Total Time": 0.009, "Actual Rows": 3}], "Actual Rows": 17743}], "Actual Rows": 5914}, {"Node Type": "Index Scan", "Parent Relationship": "Inner", "Scan Direction": "Forward", "Index Name": "movie_id_movie_keyword", "Relation Name": "movie_keyword", "Alias": "mk", "Startup Cost": 0.0, "Total Cost": 0.46, "Plan Rows": 8, "Plan Width": 8, "Actual Min Startup Time": 24.524, "Actual Max Startup Time": 24.524, "Actual Min Total Time": 30.94, "Actual Max Total Time": 30.94, "Index Cond": "(movie_id = mc.movie_id)", "Rows Removed by Index Recheck": 0, "Actual Rows": 14161}], "Actual Rows": 14161}, {"Node Type": "Index Scan", "Parent Relationship": "Inner", "Scan Direction": "Forward", "Index Name": "keyword_pkey", "Relation Name": "keyword", "Alias": "k", "Startup Cost": 0.0, "Total Cost": 0.27, "Plan Rows": 1, "Plan Width": 4, "Actual Min Startup Time": 48.922, "Actual Max Startup Time": 48.922, "Actual Min Total Time": 48.922, "Actual Max Total Time": 48.922, "Index Cond": "(id = mk.keyword_id)", "Rows Removed by Index Recheck": 0, "Actual Rows": 14161}], "Actual Rows": 14161}, {"Node Type": "Index Scan", "Parent Relationship": "Inner", "Scan Direction": "Forward", "Index Name": "movie_id_aka_title", "Relation Name": "aka_title", "Alias": "at", "Startup Cost": 0.0, "Total Cost": 0.32, "Plan Rows": 3, "Plan Width": 25, "Actual Min Startup Time": 32.615, "Actual Max Startup Time": 32.615, "Actual Min Total Time": 34.838, "Actual Max Total Time": 34.838, "Index Cond": "(movie_id = mk.movie_id)", "Rows Removed by Index Recheck": 0, "Actual Rows": 4371}], "Actual Rows": 4371}], "Actual Rows": 1}, "Triggers": [], "Planner Runtime": 149, "Total Runtime": 549.697, "Unique SQL Id": 2302223328}}, "(64, 29)": {"explain_plan": {"Plan": {"Node Type": "Aggregate", "Strategy": "Plain", "Startup Cost": 498761.35, "Total Cost": 498761.36, "Plan Rows": 1, "Plan Width": 102, "Plans": [{"Node Type": "Nested Loop", "Parent Relationship": "Outer", "Join Type": "Inner", "Startup Cost": 0.0, "Total Cost": 498726.48, "Plan Rows": 6974, "Plan Width": 38, "Inner Unique": false, "Join Filter": "(t.id = at.movie_id)", "Plans": [{"Node Type": "Nested Loop", "Parent Relationship": "Outer", "Join Type": "Inner", "Startup Cost": 0.0, "Total Cost": 497927.86, "Plan Rows": 2257, "Plan Width": 33, "Inner Unique": true, "Plans": [{"Node Type": "Nested Loop", "Parent Relationship": "Outer", "Join Type": "Inner", "Startup Cost": 0.0, "Total Cost": 497294.36, "Plan Rows": 2257, "Plan Width": 37, "Inner Unique": false, "Join Filter": "(t.id = mk.movie_id)", "Plans": [{"Node Type": "Nested Loop", "Parent Relationship": "Outer", "Join Type": "Inner", "Startup Cost": 0.0, "Total Cost": 497138.02, "Plan Rows": 278, "Plan Width": 29, "Inner Unique": true, "Join Filter": "(mc.company_type_id = ct.id)", "Plans": [{"Node Type": "Nested Loop", "Parent Relationship": "Outer", "Join Type": "Inner", "Startup Cost": 0.0, "Total Cost": 497104.2, "Plan Rows": 478, "Plan Width": 33, "Inner Unique": true, "Plans": [{"Node Type": "Nested Loop", "Parent Relationship": "Outer", "Join Type": "Inner", "Startup Cost": 0.0, "Total Cost": 496940.81, "Plan Rows": 568, "Plan Width": 37, "Inner Unique": false, "Plans": [{"Node Type": "Nested Loop", "Parent Relationship": "Outer", "Join Type": "Inner", "Startup Cost": 0.0, "Total Cost": 496842.96, "Plan Rows": 266, "Plan Width": 25, "Inner Unique": true, "Plans": [{"Node Type": "Nested Loop", "Parent Relationship": "Outer", "Join Type": "Inner", "Startup Cost": 0.0, "Total Cost": 495699.65, "Plan Rows": 192, "Plan Width": 4, "Inner Unique": false, "Plans": [{"Node Type": "Index Scan", "Parent Relationship": "Outer", "Scan Direction": "Forward", "Index Name": "info_type_pkey", "Relation Name": "info_type", "Alias": "it1", "Startup Cost": 0.0, "Total Cost": 14.21, "Plan Rows": 1, "Plan Width": 4, "Filter": "((info)::text = 'release dates'::text)"}, {"Node Type": "Index Scan", "Parent Relationship": "Inner", "Scan Direction": "Forward", "Index Name": "info_type_id_movie_info", "Relation Name": "movie_info", "Alias": "mi", "Startup Cost": 0.0, "Total Cost": 495683.52, "Plan Rows": 192, "Plan Width": 8, "Index Cond": "(info_type_id = it1.id)", "Filter": "((note)::text ~~ '%internet%'::text)"}]}, {"Node Type": "Index Scan", "Parent Relationship": "Inner", "Scan Direction": "Forward", "Index Name": "title_pkey", "Relation Name": "title", "Alias": "t", "Startup Cost": 0.0, "Total Cost": 5.94, "Plan Rows": 1, "Plan Width": 21, "Index Cond": "(id = mi.movie_id)", "Filter": "(production_year > 1990)"}]}, {"Node Type": "Index Scan", "Parent Relationship": "Inner", "Scan Direction": "Forward", "Index Name": "movie_id_movie_companies", "Relation Name": "movie_companies", "Alias": "mc", "Startup Cost": 0.0, "Total Cost": 0.35, "Plan Rows": 2, "Plan Width": 12, "Index Cond": "(movie_id = t.id)"}]}, {"Node Type": "Index Scan", "Parent Relationship": "Inner", "Scan Direction": "Forward", "Index Name": "company_name_pkey", "Relation Name": "company_name", "Alias": "cn", "Startup Cost": 0.0, "Total Cost": 0.28, "Plan Rows": 1, "Plan Width": 4, "Index Cond": "(id = mc.company_id)", "Filter": "((country_code)::text = '[us]'::text)"}]}, {"Node Type": "Materialize", "Parent Relationship": "Inner", "Startup Cost": 0.0, "Total Cost": 12.31, "Plan Rows": 3, "Plan Width": 4, "Plans": [{"Node Type": "Index Scan", "Parent Relationship": "Outer", "Scan Direction": "Forward", "Index Name": "company_type_pkey", "Relation Name": "company_type", "Alias": "ct", "Startup Cost": 0.0, "Total Cost": 12.29, "Plan Rows": 3, "Plan Width": 4}]}]}, {"Node Type": "Index Scan", "Parent Relationship": "Inner", "Scan Direction": "Forward", "Index Name": "movie_id_movie_keyword", "Relation Name": "movie_keyword", "Alias": "mk", "Startup Cost": 0.0, "Total Cost": 0.46, "Plan Rows": 8, "Plan Width": 8, "Index Cond": "(movie_id = mc.movie_id)"}]}, {"Node Type": "Index Scan", "Parent Relationship": "Inner", "Scan Direction": "Forward", "Index Name": "keyword_pkey", "Relation Name": "keyword", "Alias": "k", "Startup Cost": 0.0, "Total Cost": 0.27, "Plan Rows": 1, "Plan Width": 4, "Index Cond": "(id = mk.keyword_id)"}]}, {"Node Type": "Index Scan", "Parent Relationship": "Inner", "Scan Direction": "Forward", "Index Name": "movie_id_aka_title", "Relation Name": "aka_title", "Alias": "at", "Startup Cost": 0.0, "Total Cost": 0.32, "Plan Rows": 3, "Plan Width": 25, "Index Cond": "(movie_id = mk.movie_id)"}]}]}, "Unique SQL Id": 2302223328, "Planner Runtime": 140}, "explain_analyze_plan": null}, "(64, 30)": {"explain_plan": {"Plan": {"Node Type": "Aggregate", "Strategy": "Plain", "Startup Cost": 993166.74, "Total Cost": 993166.75, "Plan Rows": 1, "Plan Width": 102, "Plans": [{"Node Type": "Merge Join", "Parent Relationship": "Outer", "Join Type": "Inner", "Startup Cost": 991307.09, "Total Cost": 993131.87, "Plan Rows": 6974, "Plan Width": 38, "Inner Unique": false, "Merge Cond": "(t.id = at.movie_id)", "Plans": [{"Node Type": "Sort", "Parent Relationship": "Outer", "Startup Cost": 948041.94, "Total Cost": 948047.58, "Plan Rows": 2257, "Plan Width": 33, "Sort Key": ["mc.movie_id"], "Plans": [{"Node Type": "Merge Join", "Parent Relationship": "Outer", "Join Type": "Inner", "Startup Cost": 947212.31, "Total Cost": 947916.22, "Plan Rows": 2257, "Plan Width": 33, "Inner Unique": true, "Merge Cond": "(mk.keyword_id = k.id)", "Plans": [{"Node Type": "Sort", "Parent Relationship": "Outer", "Startup Cost": 933684.66, "Total Cost": 933690.3, "Plan Rows": 2257, "Plan Width": 37, "Sort Key": ["mk.keyword_id"], "Plans": [{"Node Type": "Merge Join", "Parent Relationship": "Outer", "Join Type": "Inner", "Startup Cost": 933088.04, "Total Cost": 933558.94, "Plan Rows": 2257, "Plan Width": 37, "Inner Unique": true, "Merge Cond": "(mc.company_id = cn.id)", "Plans": [{"Node Type": "Sort", "Parent Relationship": "Outer", "Startup Cost": 920209.39, "Total Cost": 920220.9, "Plan Rows": 4604, "Plan Width": 41, "Sort Key": ["mc.company_id"], "Plans": [{"Node Type": "Nested Loop", "Parent Relationship": "Outer", "Join Type": "Inner", "Startup Cost": 0.0, "Total Cost": 919929.27, "Plan Rows": 4604, "Plan Width": 41, "Inner Unique": true, "Join Filter": "(mc.company_type_id = ct.id)", "Plans": [{"Node Type": "Streaming(type: LOCAL GATHER dop: 1/64)", "Parent Relationship": "Outer", "Startup Cost": 0.0, "Total Cost": 919721.05, "Plan Rows": 4604, "Plan Width": 45, "Plans": [{"Node Type": "Nested Loop", "Parent Relationship": "Outer", "Join Type": "Inner", "Startup Cost": 0.0, "Total Cost": 919626.07, "Plan Rows": 4604, "Plan Width": 45, "Inner Unique": false, "Join Filter": "(t.id = mk.movie_id)", "Plans": [{"Node Type": "Streaming(type: LOCAL REDISTRIBUTE dop: 64/1)", "Parent Relationship": "Outer", "Startup Cost": 0.0, "Total Cost": 309248.0, "Plan Rows": 4523929, "Plan Width": 8, "Plans": [{"Node Type": "Seq Scan", "Parent Relationship": "Outer", "Relation Name": "movie_keyword", "Alias": "mk", "Startup Cost": 0.0, "Total Cost": 62441.29, "Plan Rows": 4523929, "Plan Width": 8}]}, {"Node Type": "Materialize", "Parent Relationship": "Inner", "Startup Cost": 0.0, "Total Cost": 600967.98, "Plan Rows": 568, "Plan Width": 37, "Plans": [{"Node Type": "Streaming(type: LOCAL REDISTRIBUTE dop: 64/64)", "Parent Relationship": "Outer", "Startup Cost": 0.0, "Total Cost": 600967.93, "Plan Rows": 568, "Plan Width": 37, "Plans": [{"Node Type": "Nested Loop", "Parent Relationship": "Outer", "Join Type": "Inner", "Startup Cost": 0.0, "Total Cost": 537967.39, "Plan Rows": 568, "Plan Width": 37, "Inner Unique": false, "Join Filter": "(t.id = mc.movie_id)", "Plans": [{"Node Type": "Streaming(type: LOCAL REDISTRIBUTE dop: 64/1)", "Parent Relationship": "Outer", "Startup Cost": 0.0, "Total Cost": 210825.84, "Plan Rows": 2609128, "Plan Width": 12, "Plans": [{"Node Type": "Seq Scan", "Parent Relationship": "Outer", "Relation Name": "movie_companies", "Alias": "mc", "Startup Cost": 0.0, "Total Cost": 41817.28, "Plan Rows": 2609128, "Plan Width": 12}]}, {"Node Type": "Materialize", "Parent Relationship": "Inner", "Startup Cost": 0.0, "Total Cost": 324599.95, "Plan Rows": 266, "Plan Width": 25, "Plans": [{"Node Type": "Streaming(type: LOCAL REDISTRIBUTE dop: 64/64)", "Parent Relationship": "Outer", "Startup Cost": 0.0, "Total Cost": 324599.93, "Plan Rows": 266, "Plan Width": 25, "Plans": [{"Node Type": "Nested Loop", "Parent Relationship": "Outer", "Join Type": "Inner", "Startup Cost": 0.0, "Total Cost": 261599.68, "Plan Rows": 266, "Plan Width": 25, "Inner Unique": false, "Join Filter": "(mi.movie_id = t.id)", "Plans": [{"Node Type": "Streaming(type: LOCAL REDISTRIBUTE dop: 64/64)", "Parent Relationship": "Outer", "Startup Cost": 0.0, "Total Cost": 128693.96, "Plan Rows": 1748840, "Plan Width": 21, "Plans": [{"Node Type": "Seq Scan", "Parent Relationship": "Outer", "Relation Name": "title", "Alias": "t", "Startup Cost": 0.0, "Total Cost": 64037.34, "Plan Rows": 1748840, "Plan Width": 21, "Filter": "(production_year > 1990), (LLVM Optimized)"}]}, {"Node Type": "Materialize", "Parent Relationship": "Inner", "Startup Cost": 0.0, "Total Cost": 131676.08, "Plan Rows": 192, "Plan Width": 4, "Plans": [{"Node Type": "Streaming(type: LOCAL REDISTRIBUTE dop: 64/1)", "Parent Relationship": "Outer", "Startup Cost": 0.0, "Total Cost": 131676.06, "Plan Rows": 192, "Plan Width": 4, "Plans": [{"Node Type": "Nested Loop", "Parent Relationship": "Outer", "Join Type": "Inner", "Startup Cost": 0.0, "Total Cost": 68668.26, "Plan Rows": 192, "Plan Width": 4, "Inner Unique": false, "Join Filter": "(it1.id = mi.info_type_id)", "Plans": [{"Node Type": "Seq Scan", "Parent Relationship": "Outer", "Relation Name": "info_type", "Alias": "it1", "Startup Cost": 0.0, "Total Cost": 2.4, "Plan Rows": 1, "Plan Width": 4, "Filter": "((info)::text = 'release dates'::text)"}, {"Node Type": "Materialize", "Parent Relationship": "Inner", "Startup Cost": 0.0, "Total Cost": 68531.67, "Plan Rows": 13419, "Plan Width": 8, "Plans": [{"Node Type": "Streaming(type: LOCAL GATHER dop: 1/64)", "Parent Relationship": "Outer", "Startup Cost": 0.0, "Total Cost": 68498.12, "Plan Rows": 13419, "Plan Width": 8, "Plans": [{"Node Type": "Seq Scan", "Parent Relationship": "Outer", "Relation Name": "movie_info", "Alias": "mi", "Startup Cost": 0.0, "Total Cost": 68221.29, "Plan Rows": 13419, "Plan Width": 8, "Filter": "((note)::text ~~ '%internet%'::text)"}]}]}]}]}]}]}]}]}]}]}]}]}]}, {"Node Type": "Materialize", "Parent Relationship": "Inner", "Startup Cost": 0.0, "Total Cost": 1.04, "Plan Rows": 3, "Plan Width": 4, "Plans": [{"Node Type": "Seq Scan", "Parent Relationship": "Outer", "Relation Name": "company_type", "Alias": "ct", "Startup Cost": 0.0, "Total Cost": 1.03, "Plan Rows": 3, "Plan Width": 4}]}]}]}, {"Node Type": "Sort", "Parent Relationship": "Inner", "Startup Cost": 12878.05, "Total Cost": 13090.97, "Plan Rows": 85170, "Plan Width": 4, "Sort Key": ["cn.id"], "Plans": [{"Node Type": "Seq Scan", "Parent Relationship": "Outer", "Relation Name": "company_name", "Alias": "cn", "Startup Cost": 0.0, "Total Cost": 5903.45, "Plan Rows": 85170, "Plan Width": 4, "Filter": "((country_code)::text = '[us]'::text)"}]}]}]}, {"Node Type": "Sort", "Parent Relationship": "Inner", "Startup Cost": 13527.66, "Total Cost": 13863.08, "Plan Rows": 134169, "Plan Width": 4, "Sort Key": ["k.id"], "Plans": [{"Node Type": "Seq Scan", "Parent Relationship": "Outer", "Relation Name": "keyword", "Alias": "k", "Startup Cost": 0.0, "Total Cost": 2100.69, "Plan Rows": 134169, "Plan Width": 4}]}]}]}, {"Node Type": "Sort", "Parent Relationship": "Inner", "Startup Cost": 43264.85, "Total Cost": 44168.52, "Plan Rows": 361471, "Plan Width": 25, "Sort Key": ["at.movie_id"], "Plans": [{"Node Type": "Seq Scan", "Parent Relationship": "Outer", "Relation Name": "aka_title", "Alias": "at", "Startup Cost": 0.0, "Total Cost": 9894.71, "Plan Rows": 361471, "Plan Width": 25}]}]}]}, "Unique SQL Id": 2302223328, "Planner Runtime": 172}, "explain_analyze_plan": null}, "(64, 31)": {"explain_plan": {"Plan": {"Node Type": "Aggregate", "Strategy": "Plain", "Startup Cost": 8989907666954.32, "Total Cost": 8989907666954.33, "Plan Rows": 1, "Plan Width": 102, "Plans": [{"Node Type": "Nested Loop", "Parent Relationship": "Outer", "Join Type": "Inner", "Startup Cost": 90000000000.0, "Total Cost": 8989907666919.11, "Plan Rows": 7042, "Plan Width": 38, "Inner Unique": false, "Join Filter": "(t.id = at.movie_id)", "Plans": [{"Node Type": "Nested Loop", "Parent Relationship": "Outer", "Join Type": "Inner", "Startup Cost": 80000000000.0, "Total Cost": 7989884670934.49, "Plan Rows": 3874, "Plan Width": 33, "Inner Unique": true, "Join Filter": "(mk.keyword_id = k.id)", "Plans": [{"Node Type": "Nested Loop", "Parent Relationship": "Outer", "Join Type": "Inner", "Startup Cost": 70000000000.0, "Total Cost": 6989876589309.04, "Plan Rows": 3874, "Plan Width": 37, "Inner Unique": true, "Join Filter": "(mc.company_id = cn.id)", "Plans": [{"Node Type": "Merge Join", "Parent Relationship": "Outer", "Join Type": "Inner", "Startup Cost": 60000000000.0, "Total Cost": 5989869657116.95, "Plan Rows": 4604, "Plan Width": 41, "Inner Unique": false, "Merge Cond": "(t.id = mk.movie_id)", "Plans": [{"Node Type": "Nested Loop", "Parent Relationship": "Outer", "Join Type": "Inner", "Startup Cost": 50000000000.0, "Total Cost": 4998566610310.17, "Plan Rows": 568, "Plan Width": 33, "Inner Unique": true, "Join Filter": "(mc.company_type_id = ct.id)", "Plans": [{"Node Type": "Nested Loop", "Parent Relationship": "Outer", "Join Type": "Inner", "Startup Cost": 40000000000.0, "Total Cost": 3998566609055.11, "Plan Rows": 568, "Plan Width": 37, "Inner Unique": true, "Join Filter": "(mi.info_type_id = it1.id)", "Plans": [{"Node Type": "Merge Join", "Parent Relationship": "Outer", "Join Type": "Inner", "Startup Cost": 30000000000.0, "Total Cost": 2998566607038.02, "Plan Rows": 39739, "Plan Width": 41, "Inner Unique": false, "Merge Cond": "(t.id = mc.movie_id)", "Plans": [{"Node Type": "Nested Loop", "Parent Relationship": "Outer", "Join Type": "Inner", "Startup Cost": 20000000000.0, "Total Cost": 2000471060864.73, "Plan Rows": 18591, "Plan Width": 29, "Inner Unique": false, "Join Filter": "(mi.movie_id = t.id)", "Plans": [{"Node Type": "Index Scan", "Parent Relationship": "Outer", "Scan Direction": "Forward", "Index Name": "title_pkey", "Relation Name": "title", "Alias": "t", "Startup Cost": 10000000000.0, "Total Cost": 1000011644126.66, "Plan Rows": 1748840, "Plan Width": 21, "Filter": "(production_year > 1990), (LLVM Optimized)"}, {"Node Type": "Materialize", "Parent Relationship": "Inner", "Startup Cost": 10000000000.0, "Total Cost": 1000107401512.21, "Plan Rows": 13419, "Plan Width": 8, "Plans": [{"Node Type": "Index Scan", "Parent Relationship": "Outer", "Scan Direction": "Forward", "Index Name": "info_type_id_movie_info", "Relation Name": "movie_info", "Alias": "mi", "Startup Cost": 10000000000.0, "Total Cost": 1000107401445.12, "Plan Rows": 13419, "Plan Width": 8, "Filter": "((note)::text ~~ '%internet%'::text)"}]}]}, {"Node Type": "Index Scan", "Parent Relationship": "Inner", "Scan Direction": "Forward", "Index Name": "movie_id_movie_companies", "Relation Name": "movie_companies", "Alias": "mc", "Startup Cost": 10000000000.0, "Total Cost": 1000013051946.13, "Plan Rows": 2609128, "Plan Width": 12}]}, {"Node Type": "Materialize", "Parent Relationship": "Inner", "Startup Cost": 10000000000.0, "Total Cost": 1000000001421.0, "Plan Rows": 1, "Plan Width": 4, "Plans": [{"Node Type": "Index Scan", "Parent Relationship": "Outer", "Scan Direction": "Forward", "Index Name": "info_type_pkey", "Relation Name": "info_type", "Alias": "it1", "Startup Cost": 10000000000.0, "Total Cost": 1000000001421.0, "Plan Rows": 1, "Plan Width": 4, "Filter": "((info)::text = 'release dates'::text)"}]}]}, {"Node Type": "Materialize", "Parent Relationship": "Inner", "Startup Cost": 10000000000.0, "Total Cost": 1000000001229.52, "Plan Rows": 3, "Plan Width": 4, "Plans": [{"Node Type": "Index Scan", "Parent Relationship": "Outer", "Scan Direction": "Forward", "Index Name": "company_type_pkey", "Relation Name": "company_type", "Alias": "ct", "Startup Cost": 10000000000.0, "Total Cost": 1000000001229.5, "Plan Rows": 3, "Plan Width": 4}]}]}, {"Node Type": "Index Scan", "Parent Relationship": "Inner", "Scan Direction": "Forward", "Index Name": "movie_id_movie_keyword", "Relation Name": "movie_keyword", "Alias": "mk", "Startup Cost": 10000000000.0, "Total Cost": 1000015300634.17, "Plan Rows": 4523929, "Plan Width": 8}]}, {"Node Type": "Materialize", "Parent Relationship": "Inner", "Startup Cost": 10000000000.0, "Total Cost": 1000001050564.82, "Plan Rows": 85170, "Plan Width": 4, "Plans": [{"Node Type": "Index Scan", "Parent Relationship": "Outer", "Scan Direction": "Forward", "Index Name": "company_name_pkey", "Relation Name": "company_name", "Alias": "cn", "Startup Cost": 10000000000.0, "Total Cost": 1000001050138.97, "Plan Rows": 85170, "Plan Width": 4, "Filter": "((country_code)::text = '[us]'::text)"}]}]}, {"Node Type": "Materialize", "Parent Relationship": "Inner", "Startup Cost": 10000000000.0, "Total Cost": 1000000285400.28, "Plan Rows": 134169, "Plan Width": 4, "Plans": [{"Node Type": "Index Scan", "Parent Relationship": "Outer", "Scan Direction": "Forward", "Index Name": "keyword_pkey", "Relation Name": "keyword", "Alias": "k", "Startup Cost": 10000000000.0, "Total Cost": 1000000284729.43, "Plan Rows": 134169, "Plan Width": 4}]}]}, {"Node Type": "Materialize", "Parent Relationship": "Inner", "Startup Cost": 10000000000.0, "Total Cost": 1000001991808.49, "Plan Rows": 361471, "Plan Width": 25, "Plans": [{"Node Type": "Index Scan", "Parent Relationship": "Outer", "Scan Direction": "Forward", "Index Name": "movie_id_aka_title", "Relation Name": "aka_title", "Alias": "at", "Startup Cost": 10000000000.0, "Total Cost": 1000001990001.13, "Plan Rows": 361471, "Plan Width": 25}]}]}]}, "Unique SQL Id": 2302223328, "Planner Runtime": 422}, "explain_analyze_plan": null}, "(64, 32)": {"explain_plan": {"Plan": {"Node Type": "Aggregate", "Strategy": "Plain", "Startup Cost": 72484.46, "Total Cost": 72484.47, "Plan Rows": 1, "Plan Width": 102, "Plans": [{"Node Type": "Nested Loop", "Parent Relationship": "Outer", "Join Type": "Inner", "Startup Cost": 0.0, "Total Cost": 72449.93, "Plan Rows": 6905, "Plan Width": 38, "Inner Unique": true, "Plans": [{"Node Type": "Nested Loop", "Parent Relationship": "Outer", "Join Type": "Inner", "Startup Cost": 0.0, "Total Cost": 70478.1, "Plan Rows": 7042, "Plan Width": 42, "Inner Unique": false, "Join Filter": "(t.id = mk.movie_id)", "Plans": [{"Node Type": "Nested Loop", "Parent Relationship": "Outer", "Join Type": "Inner", "Startup Cost": 0.0, "Total Cost": 69987.12, "Plan Rows": 873, "Plan Width": 54, "Inner Unique": true, "Join Filter": "(at.movie_id = t.id)", "Plans": [{"Node Type": "Nested Loop", "Parent Relationship": "Outer", "Join Type": "Inner", "Startup Cost": 0.0, "Total Cost": 69765.04, "Plan Rows": 630, "Plan Width": 33, "Inner Unique": true, "Join Filter": "(mc.company_type_id = ct.id)", "Plans": [{"Node Type": "Nested Loop", "Parent Relationship": "Outer", "Join Type": "Inner", "Startup Cost": 0.0, "Total Cost": 69735.65, "Plan Rows": 630, "Plan Width": 37, "Inner Unique": true, "Plans": [{"Node Type": "Nested Loop", "Parent Relationship": "Outer", "Join Type": "Inner", "Startup Cost": 0.0, "Total Cost": 69433.03, "Plan Rows": 1052, "Plan Width": 41, "Inner Unique": false, "Plans": [{"Node Type": "Nested Loop", "Parent Relationship": "Outer", "Join Type": "Inner", "Startup Cost": 0.0, "Total Cost": 69143.95, "Plan Rows": 490, "Plan Width": 29, "Inner Unique": false, "Plans": [{"Node Type": "Nested Loop", "Parent Relationship": "Outer", "Join Type": "Inner", "Startup Cost": 0.0, "Total Cost": 68668.26, "Plan Rows": 192, "Plan Width": 4, "Inner Unique": false, "Join Filter": "(it1.id = mi.info_type_id)", "Plans": [{"Node Type": "Seq Scan", "Parent Relationship": "Outer", "Relation Name": "info_type", "Alias": "it1", "Startup Cost": 0.0, "Total Cost": 2.4, "Plan Rows": 1, "Plan Width": 4, "Filter": "((info)::text = 'release dates'::text)"}, {"Node Type": "Materialize", "Parent Relationship": "Inner", "Startup Cost": 0.0, "Total Cost": 68531.67, "Plan Rows": 13419, "Plan Width": 8, "Plans": [{"Node Type": "Streaming(type: LOCAL GATHER dop: 1/64)", "Parent Relationship": "Outer", "Startup Cost": 0.0, "Total Cost": 68498.12, "Plan Rows": 13419, "Plan Width": 8, "Plans": [{"Node Type": "Seq Scan", "Parent Relationship": "Outer", "Relation Name": "movie_info", "Alias": "mi", "Startup Cost": 0.0, "Total Cost": 68221.29, "Plan Rows": 13419, "Plan Width": 8, "Filter": "((note)::text ~~ '%internet%'::text)"}]}]}]}, {"Node Type": "Index Scan", "Parent Relationship": "Inner", "Scan Direction": "Forward", "Index Name": "movie_id_aka_title", "Relation Name": "aka_title", "Alias": "at", "Startup Cost": 0.0, "Total Cost": 2.45, "Plan Rows": 3, "Plan Width": 25, "Index Cond": "(movie_id = mi.movie_id)"}]}, {"Node Type": "Index Scan", "Parent Relationship": "Inner", "Scan Direction": "Forward", "Index Name": "movie_id_movie_companies", "Relation Name": "movie_companies", "Alias": "mc", "Startup Cost": 0.0, "Total Cost": 0.57, "Plan Rows": 2, "Plan Width": 12, "Index Cond": "(movie_id = at.movie_id)"}]}, {"Node Type": "Index Scan", "Parent Relationship": "Inner", "Scan Direction": "Forward", "Index Name": "company_name_pkey", "Relation Name": "company_name", "Alias": "cn", "Startup Cost": 0.0, "Total Cost": 0.28, "Plan Rows": 1, "Plan Width": 4, "Index Cond": "(id = mc.company_id)", "Filter": "((country_code)::text = '[us]'::text)"}]}, {"Node Type": "Materialize", "Parent Relationship": "Inner", "Startup Cost": 0.0, "Total Cost": 1.04, "Plan Rows": 3, "Plan Width": 4, "Plans": [{"Node Type": "Seq Scan", "Parent Relationship": "Outer", "Relation Name": "company_type", "Alias": "ct", "Startup Cost": 0.0, "Total Cost": 1.03, "Plan Rows": 3, "Plan Width": 4}]}]}, {"Node Type": "Index Scan", "Parent Relationship": "Inner", "Scan Direction": "Forward", "Index Name": "title_pkey", "Relation Name": "title", "Alias": "t", "Startup Cost": 0.0, "Total Cost": 0.34, "Plan Rows": 1, "Plan Width": 21, "Index Cond": "(id = mc.movie_id)", "Filter": "(production_year > 1990)"}]}, {"Node Type": "Index Scan", "Parent Relationship": "Inner", "Scan Direction": "Forward", "Index Name": "movie_id_movie_keyword", "Relation Name": "movie_keyword", "Alias": "mk", "Startup Cost": 0.0, "Total Cost": 0.46, "Plan Rows": 8, "Plan Width": 8, "Index Cond": "(movie_id = mc.movie_id)"}]}, {"Node Type": "Index Only Scan", "Parent Relationship": "Inner", "Scan Direction": "Forward", "Index Name": "keyword_pkey", "Relation Name": "keyword", "Alias": "k", "Startup Cost": 0.0, "Total Cost": 0.27, "Plan Rows": 1, "Plan Width": 4, "Index Cond": "(id = mk.keyword_id)"}]}]}, "Unique SQL Id": 2302223328, "Planner Runtime": 127}, "explain_analyze_plan": {"Plan": {"Node Type": "Aggregate", "Strategy": "Plain", "Startup Cost": 72484.46, "Total Cost": 72484.47, "Plan Rows": 1, "Plan Width": 102, "Actual Min Startup Time": 246.13, "Actual Max Startup Time": 246.13, "Actual Min Total Time": 246.13, "Actual Max Total Time": 246.13, "Plans": [{"Node Type": "Nested Loop", "Parent Relationship": "Outer", "Join Type": "Inner", "Startup Cost": 0.0, "Total Cost": 72449.93, "Plan Rows": 6905, "Plan Width": 38, "Actual Min Startup Time": 166.05, "Actual Max Startup Time": 166.05, "Actual Min Total Time": 243.463, "Actual Max Total Time": 243.463, "Inner Unique": true, "Plans": [{"Node Type": "Nested Loop", "Parent Relationship": "Outer", "Join Type": "Inner", "Startup Cost": 0.0, "Total Cost": 70478.1, "Plan Rows": 7042, "Plan Width": 42, "Actual Min Startup Time": 166.035, "Actual Max Startup Time": 166.035, "Actual Min Total Time": 229.687, "Actual Max Total Time": 229.687, "Inner Unique": false, "Join Filter": "(t.id = mk.movie_id)", "Rows Removed by Join Filter": 0, "Plans": [{"Node Type": "Nested Loop", "Parent Relationship": "Outer", "Join Type": "Inner", "Startup Cost": 0.0, "Total Cost": 69987.12, "Plan Rows": 873, "Plan Width": 54, "Actual Min Startup Time": 166.015, "Actual Max Startup Time": 166.015, "Actual Min Total Time": 223.626, "Actual Max Total Time": 223.626, "Inner Unique": true, "Join Filter": "(at.movie_id = t.id)", "Rows Removed by Join Filter": 0, "Plans": [{"Node Type": "Nested Loop", "Parent Relationship": "Outer", "Join Type": "Inner", "Startup Cost": 0.0, "Total Cost": 69765.04, "Plan Rows": 630, "Plan Width": 33, "Actual Min Startup Time": 165.994, "Actual Max Startup Time": 165.994, "Actual Min Total Time": 221.011, "Actual Max Total Time": 221.011, "Inner Unique": true, "Join Filter": "(mc.company_type_id = ct.id)", "Rows Removed by Join Filter": 1542, "Plans": [{"Node Type": "Nested Loop", "Parent Relationship": "Outer", "Join Type": "Inner", "Startup Cost": 0.0, "Total Cost": 69735.65, "Plan Rows": 630, "Plan Width": 37, "Actual Min Startup Time": 165.952, "Actual Max Startup Time": 165.952, "Actual Min Total Time": 220.12, "Actual Max Total Time": 220.12, "Inner Unique": true, "Plans": [{"Node Type": "Nested Loop", "Parent Relationship": "Outer", "Join Type": "Inner", "Startup Cost": 0.0, "Total Cost": 69433.03, "Plan Rows": 1052, "Plan Width": 41, "Actual Min Startup Time": 165.926, "Actual Max Startup Time": 165.926, "Actual Min Total Time": 209.895, "Actual Max Total Time": 209.895, "Inner Unique": false, "Plans": [{"Node Type": "Nested Loop", "Parent Relationship": "Outer", "Join Type": "Inner", "Startup Cost": 0.0, "Total Cost": 69143.95, "Plan Rows": 490, "Plan Width": 29, "Actual Min Startup Time": 165.909, "Actual Max Startup Time": 165.909, "Actual Min Total Time": 204.446, "Actual Max Total Time": 204.446, "Inner Unique": false, "Plans": [{"Node Type": "Nested Loop", "Parent Relationship": "Outer", "Join Type": "Inner", "Startup Cost": 0.0, "Total Cost": 68668.26, "Plan Rows": 192, "Plan Width": 4, "Actual Min Startup Time": 165.869, "Actual Max Startup Time": 165.869, "Actual Min Total Time": 171.64, "Actual Max Total Time": 171.64, "Inner Unique": false, "Join Filter": "(it1.id = mi.info_type_id)", "Rows Removed by Join Filter": 131, "Plans": [{"Node Type": "Seq Scan", "Parent Relationship": "Outer", "Relation Name": "info_type", "Alias": "it1", "Startup Cost": 0.0, "Total Cost": 2.4, "Plan Rows": 1, "Plan Width": 4, "Actual Min Startup Time": 0.066, "Actual Max Startup Time": 0.066, "Actual Min Total Time": 0.095, "Actual Max Total Time": 0.095, "Filter": "((info)::text = 'release dates'::text)", "Rows Removed by Filter": 111, "Actual Rows": 1}, {"Node Type": "Materialize", "Parent Relationship": "Inner", "Startup Cost": 0.0, "Total Cost": 68531.67, "Plan Rows": 13419, "Plan Width": 8, "Actual Min Startup Time": 165.775, "Actual Max Startup Time": 165.775, "Actual Min Total Time": 167.335, "Actual Max Total Time": 167.335, "Plans": [{"Node Type": "Streaming(type: LOCAL GATHER dop: 1/64)", "Parent Relationship": "Outer", "Startup Cost": 0.0, "Total Cost": 68498.12, "Plan Rows": 13419, "Plan Width": 8, "Actual Min Startup Time": 62.583, "Actual Max Startup Time": 62.583, "Actual Min Total Time": 163.802, "Actual Max Total Time": 163.802, "Plans": [{"Node Type": "Seq Scan", "Parent Relationship": "Outer", "Relation Name": "movie_info", "Alias": "mi", "Startup Cost": 0.0, "Total Cost": 68221.29, "Plan Rows": 13419, "Plan Width": 8, "Actual Min Startup Time": 0.102, "Actual Max Startup Time": 21.628, "Actual Min Total Time": 60.361, "Actual Max Total Time": 71.748, "Filter": "((note)::text ~~ '%internet%'::text)", "Rows Removed by Filter": 14824909, "Actual Rows": 10810}], "Actual Rows": 10810}], "Actual Rows": 10811}], "Actual Rows": 10679}, {"Node Type": "Index Scan", "Parent Relationship": "Inner", "Scan Direction": "Forward", "Index Name": "movie_id_aka_title", "Relation Name": "aka_title", "Alias": "at", "Startup Cost": 0.0, "Total Cost": 2.45, "Plan Rows": 3, "Plan Width": 25, "Actual Min Startup Time": 27.285, "Actual Max Startup Time": 27.285, "Actual Min Total Time": 27.787, "Actual Max Total Time": 27.787, "Index Cond": "(movie_id = mi.movie_id)", "Rows Removed by Index Recheck": 0, "Actual Rows": 591}], "Actual Rows": 591}, {"Node Type": "Index Scan", "Parent Relationship": "Inner", "Scan Direction": "Forward", "Index Name": "movie_id_movie_companies", "Relation Name": "movie_companies", "Alias": "mc", "Startup Cost": 0.0, "Total Cost": 0.57, "Plan Rows": 2, "Plan Width": 12, "Actual Min Startup Time": 3.224, "Actual Max Startup Time": 3.224, "Actual Min Total Time": 4.608, "Actual Max Total Time": 4.608, "Index Cond": "(movie_id = at.movie_id)", "Rows Removed by Index Recheck": 0, "Actual Rows": 2130}], "Actual Rows": 2130}, {"Node Type": "Index Scan", "Parent Relationship": "Inner", "Scan Direction": "Forward", "Index Name": "company_name_pkey", "Relation Name": "company_name", "Alias": "cn", "Startup Cost": 0.0, "Total Cost": 0.28, "Plan Rows": 1, "Plan Width": 4, "Actual Min Startup Time": 8.845, "Actual Max Startup Time": 8.845, "Actual Min Total Time": 8.845, "Actual Max Total Time": 8.845, "Index Cond": "(id = mc.company_id)", "Rows Removed by Index Recheck": 0, "Filter": "((country_code)::text = '[us]'::text)", "Rows Removed by Filter": 1234, "Actual Rows": 896}], "Actual Rows": 896}, {"Node Type": "Materialize", "Parent Relationship": "Inner", "Startup Cost": 0.0, "Total Cost": 1.04, "Plan Rows": 3, "Plan Width": 4, "Actual Min Startup Time": 0.111, "Actual Max Startup Time": 0.111, "Actual Min Total Time": 0.246, "Actual Max Total Time": 0.246, "Plans": [{"Node Type": "Seq Scan", "Parent Relationship": "Outer", "Relation Name": "company_type", "Alias": "ct", "Startup Cost": 0.0, "Total Cost": 1.03, "Plan Rows": 3, "Plan Width": 4, "Actual Min Startup Time": 0.006, "Actual Max Startup Time": 0.006, "Actual Min Total Time": 0.009, "Actual Max Total Time": 0.009, "Actual Rows": 3}], "Actual Rows": 1924}], "Actual Rows": 382}, {"Node Type": "Index Scan", "Parent Relationship": "Inner", "Scan Direction": "Forward", "Index Name": "title_pkey", "Relation Name": "title", "Alias": "t", "Startup Cost": 0.0, "Total Cost": 0.34, "Plan Rows": 1, "Plan Width": 21, "Actual Min Startup Time": 2.117, "Actual Max Startup Time": 2.117, "Actual Min Total Time": 2.117, "Actual Max Total Time": 2.117, "Index Cond": "(id = mc.movie_id)", "Rows Removed by Index Recheck": 0, "Filter": "(production_year > 1990)", "Rows Removed by Filter": 0, "Actual Rows": 382}], "Actual Rows": 382}, {"Node Type": "Index Scan", "Parent Relationship": "Inner", "Scan Direction": "Forward", "Index Name": "movie_id_movie_keyword", "Relation Name": "movie_keyword", "Alias": "mk", "Startup Cost": 0.0, "Total Cost": 0.46, "Plan Rows": 8, "Plan Width": 8, "Actual Min Startup Time": 2.013, "Actual Max Startup Time": 2.013, "Actual Min Total Time": 4.128, "Actual Max Total Time": 4.128, "Index Cond": "(movie_id = mc.movie_id)", "Rows Removed by Index Recheck": 0, "Actual Rows": 4371}], "Actual Rows": 4371}, {"Node Type": "Index Only Scan", "Parent Relationship": "Inner", "Scan Direction": "Forward", "Index Name": "keyword_pkey", "Relation Name": "keyword", "Alias": "k", "Startup Cost": 0.0, "Total Cost": 0.27, "Plan Rows": 1, "Plan Width": 4, "Actual Min Startup Time": 10.785, "Actual Max Startup Time": 10.785, "Actual Min Total Time": 10.785, "Actual Max Total Time": 10.785, "Index Cond": "(id = mk.keyword_id)", "Rows Removed by Index Recheck": 0, "Heap Fetches": 0, "Actual Rows": 4371}], "Actual Rows": 4371}], "Actual Rows": 1}, "Triggers": [], "Planner Runtime": 125, "Total Runtime": 259.589, "Unique SQL Id": 2302223328}}, "(64, 33)": {"explain_plan": {"Plan": {"Node Type": "Aggregate", "Strategy": "Plain", "Startup Cost": 167719.35, "Total Cost": 167719.36, "Plan Rows": 1, "Plan Width": 102, "Plans": [{"Node Type": "Nested Loop", "Parent Relationship": "Outer", "Join Type": "Inner", "Startup Cost": 4841.51, "Total Cost": 167684.83, "Plan Rows": 6905, "Plan Width": 38, "Inner Unique": true, "Plans": [{"Node Type": "Nested Loop", "Parent Relationship": "Outer", "Join Type": "Inner", "Startup Cost": 4841.51, "Total Cost": 165712.99, "Plan Rows": 7042, "Plan Width": 42, "Inner Unique": false, "Join Filter": "(t.id = mk.movie_id)", "Plans": [{"Node Type": "Nested Loop", "Parent Relationship": "Outer", "Join Type": "Inner", "Startup Cost": 4841.51, "Total Cost": 165222.02, "Plan Rows": 873, "Plan Width": 54, "Inner Unique": true, "Join Filter": "(at.movie_id = t.id)", "Plans": [{"Node Type": "Nested Loop", "Parent Relationship": "Outer", "Join Type": "Inner", "Startup Cost": 4841.51, "Total Cost": 164999.93, "Plan Rows": 630, "Plan Width": 33, "Inner Unique": true, "Join Filter": "(mc.company_type_id = ct.id)", "Plans": [{"Node Type": "Nested Loop", "Parent Relationship": "Outer", "Join Type": "Inner", "Startup Cost": 4841.51, "Total Cost": 164963.28, "Plan Rows": 630, "Plan Width": 37, "Inner Unique": true, "Plans": [{"Node Type": "Nested Loop", "Parent Relationship": "Outer", "Join Type": "Inner", "Startup Cost": 4841.51, "Total Cost": 164660.66, "Plan Rows": 1052, "Plan Width": 41, "Inner Unique": false, "Plans": [{"Node Type": "Nested Loop", "Parent Relationship": "Outer", "Join Type": "Inner", "Startup Cost": 4841.51, "Total Cost": 164371.58, "Plan Rows": 490, "Plan Width": 29, "Inner Unique": false, "Plans": [{"Node Type": "Nested Loop", "Parent Relationship": "Outer", "Join Type": "Inner", "Startup Cost": 4841.51, "Total Cost": 163895.89, "Plan Rows": 192, "Plan Width": 4, "Inner Unique": false, "Plans": [{"Node Type": "Index Scan", "Parent Relationship": "Outer", "Scan Direction": "Forward", "Index Name": "info_type_pkey", "Relation Name": "info_type", "Alias": "it1", "Startup Cost": 0.0, "Total Cost": 14.21, "Plan Rows": 1, "Plan Width": 4, "Filter": "((info)::text = 'release dates'::text)"}, {"Node Type": "Bitmap Heap Scan", "Parent Relationship": "Inner", "Relation Name": "movie_info", "Alias": "mi", "Startup Cost": 4841.51, "Total Cost": 163879.76, "Plan Rows": 192, "Plan Width": 8, "Recheck Cond": "(info_type_id = it1.id)", "Filter": "((note)::text ~~ '%internet%'::text)", "Plans": [{"Node Type": "Bitmap Index Scan", "Parent Relationship": "Outer", "Index Name": "info_type_id_movie_info", "Startup Cost": 0.0, "Total Cost": 4841.46, "Plan Rows": 212428, "Plan Width": 0, "Index Cond": "(info_type_id = it1.id)"}]}]}, {"Node Type": "Index Scan", "Parent Relationship": "Inner", "Scan Direction": "Forward", "Index Name": "movie_id_aka_title", "Relation Name": "aka_title", "Alias": "at", "Startup Cost": 0.0, "Total Cost": 2.45, "Plan Rows": 3, "Plan Width": 25, "Index Cond": "(movie_id = mi.movie_id)"}]}, {"Node Type": "Index Scan", "Parent Relationship": "Inner", "Scan Direction": "Forward", "Index Name": "movie_id_movie_companies", "Relation Name": "movie_companies", "Alias": "mc", "Startup Cost": 0.0, "Total Cost": 0.57, "Plan Rows": 2, "Plan Width": 12, "Index Cond": "(movie_id = at.movie_id)"}]}, {"Node Type": "Index Scan", "Parent Relationship": "Inner", "Scan Direction": "Forward", "Index Name": "company_name_pkey", "Relation Name": "company_name", "Alias": "cn", "Startup Cost": 0.0, "Total Cost": 0.28, "Plan Rows": 1, "Plan Width": 4, "Index Cond": "(id = mc.company_id)", "Filter": "((country_code)::text = '[us]'::text)"}]}, {"Node Type": "Materialize", "Parent Relationship": "Inner", "Startup Cost": 0.0, "Total Cost": 8.31, "Plan Rows": 3, "Plan Width": 4, "Plans": [{"Node Type": "Index Only Scan", "Parent Relationship": "Outer", "Scan Direction": "Forward", "Index Name": "company_type_pkey", "Relation Name": "company_type", "Alias": "ct", "Startup Cost": 0.0, "Total Cost": 8.29, "Plan Rows": 3, "Plan Width": 4}]}]}, {"Node Type": "Index Scan", "Parent Relationship": "Inner", "Scan Direction": "Forward", "Index Name": "title_pkey", "Relation Name": "title", "Alias": "t", "Startup Cost": 0.0, "Total Cost": 0.34, "Plan Rows": 1, "Plan Width": 21, "Index Cond": "(id = mc.movie_id)", "Filter": "(production_year > 1990)"}]}, {"Node Type": "Index Scan", "Parent Relationship": "Inner", "Scan Direction": "Forward", "Index Name": "movie_id_movie_keyword", "Relation Name": "movie_keyword", "Alias": "mk", "Startup Cost": 0.0, "Total Cost": 0.46, "Plan Rows": 8, "Plan Width": 8, "Index Cond": "(movie_id = mc.movie_id)"}]}, {"Node Type": "Index Only Scan", "Parent Relationship": "Inner", "Scan Direction": "Forward", "Index Name": "keyword_pkey", "Relation Name": "keyword", "Alias": "k", "Startup Cost": 0.0, "Total Cost": 0.27, "Plan Rows": 1, "Plan Width": 4, "Index Cond": "(id = mk.keyword_id)"}]}]}, "Unique SQL Id": 2302223328, "Planner Runtime": 90}, "explain_analyze_plan": null}, "(64, 34)": {"explain_plan": {"Plan": {"Node Type": "Aggregate", "Strategy": "Plain", "Startup Cost": 83492.25, "Total Cost": 83492.26, "Plan Rows": 1, "Plan Width": 102, "Plans": [{"Node Type": "Hash Join", "Parent Relationship": "Outer", "Join Type": "Inner", "Startup Cost": 3781.54, "Total Cost": 83457.73, "Plan Rows": 6905, "Plan Width": 38, "Inner Unique": true, "Hash Cond": "(mk.keyword_id = k.id)", "Plans": [{"Node Type": "Nested Loop", "Parent Relationship": "Outer", "Join Type": "Inner", "Startup Cost": 3.73, "Total Cost": 79584.49, "Plan Rows": 7042, "Plan Width": 42, "Inner Unique": false, "Join Filter": "(t.id = mk.movie_id)", "Plans": [{"Node Type": "Nested Loop", "Parent Relationship": "Outer", "Join Type": "Inner", "Startup Cost": 3.4, "Total Cost": 75622.79, "Plan Rows": 873, "Plan Width": 54, "Inner Unique": false, "Join Filter": "(t.id = at.movie_id)", "Plans": [{"Node Type": "Nested Loop", "Parent Relationship": "Outer", "Join Type": "Inner", "Startup Cost": 3.12, "Total Cost": 73543.67, "Plan Rows": 478, "Plan Width": 29, "Inner Unique": true, "Join Filter": "(mc.company_type_id = ct.id)", "Plans": [{"Node Type": "Nested Loop", "Parent Relationship": "Outer", "Join Type": "Inner", "Startup Cost": 3.12, "Total Cost": 73521.13, "Plan Rows": 478, "Plan Width": 33, "Inner Unique": true, "Plans": [{"Node Type": "Nested Loop", "Parent Relationship": "Outer", "Join Type": "Inner", "Startup Cost": 2.86, "Total Cost": 71088.18, "Plan Rows": 568, "Plan Width": 37, "Inner Unique": false, "Plans": [{"Node Type": "Nested Loop", "Parent Relationship": "Outer", "Join Type": "Inner", "Startup Cost": 2.58, "Total Cost": 69935.76, "Plan Rows": 266, "Plan Width": 25, "Inner Unique": true, "Plans": [{"Node Type": "Nested Loop", "Parent Relationship": "Outer", "Join Type": "Inner", "Startup Cost": 0.0, "Total Cost": 68668.26, "Plan Rows": 192, "Plan Width": 4, "Inner Unique": false, "Join Filter": "(it1.id = mi.info_type_id)", "Plans": [{"Node Type": "Seq Scan", "Parent Relationship": "Outer", "Relation Name": "info_type", "Alias": "it1", "Startup Cost": 0.0, "Total Cost": 2.4, "Plan Rows": 1, "Plan Width": 4, "Filter": "((info)::text = 'release dates'::text)"}, {"Node Type": "Materialize", "Parent Relationship": "Inner", "Startup Cost": 0.0, "Total Cost": 68531.67, "Plan Rows": 13419, "Plan Width": 8, "Plans": [{"Node Type": "Streaming(type: LOCAL GATHER dop: 1/64)", "Parent Relationship": "Outer", "Startup Cost": 0.0, "Total Cost": 68498.12, "Plan Rows": 13419, "Plan Width": 8, "Plans": [{"Node Type": "Seq Scan", "Parent Relationship": "Outer", "Relation Name": "movie_info", "Alias": "mi", "Startup Cost": 0.0, "Total Cost": 68221.29, "Plan Rows": 13419, "Plan Width": 8, "Filter": "((note)::text ~~ '%internet%'::text)"}]}]}]}, {"Node Type": "Bitmap Heap Scan", "Parent Relationship": "Inner", "Relation Name": "title", "Alias": "t", "Startup Cost": 2.58, "Total Cost": 6.59, "Plan Rows": 1, "Plan Width": 21, "Recheck Cond": "(id = mi.movie_id)", "Filter": "(production_year > 1990)", "Plans": [{"Node Type": "Bitmap Index Scan", "Parent Relationship": "Outer", "Index Name": "title_pkey", "Startup Cost": 0.0, "Total Cost": 2.58, "Plan Rows": 1, "Plan Width": 0, "Index Cond": "(id = mi.movie_id)"}]}]}, {"Node Type": "Bitmap Heap Scan", "Parent Relationship": "Inner", "Relation Name": "movie_companies", "Alias": "mc", "Startup Cost": 0.29, "Total Cost": 4.31, "Plan Rows": 2, "Plan Width": 12, "Recheck Cond": "(movie_id = t.id)", "Plans": [{"Node Type": "Bitmap Index Scan", "Parent Relationship": "Outer", "Index Name": "movie_id_movie_companies", "Startup Cost": 0.0, "Total Cost": 0.29, "Plan Rows": 2, "Plan Width": 0, "Index Cond": "(movie_id = t.id)"}]}]}, {"Node Type": "Bitmap Heap Scan", "Parent Relationship": "Inner", "Relation Name": "company_name", "Alias": "cn", "Startup Cost": 0.26, "Total Cost": 4.27, "Plan Rows": 1, "Plan Width": 4, "Recheck Cond": "(id = mc.company_id)", "Filter": "((country_code)::text = '[us]'::text)", "Plans": [{"Node Type": "Bitmap Index Scan", "Parent Relationship": "Outer", "Index Name": "company_name_pkey", "Startup Cost": 0.0, "Total Cost": 0.26, "Plan Rows": 1, "Plan Width": 0, "Index Cond": "(id = mc.company_id)"}]}]}, {"Node Type": "Materialize", "Parent Relationship": "Inner", "Startup Cost": 0.0, "Total Cost": 1.04, "Plan Rows": 3, "Plan Width": 4, "Plans": [{"Node Type": "Seq Scan", "Parent Relationship": "Outer", "Relation Name": "company_type", "Alias": "ct", "Startup Cost": 0.0, "Total Cost": 1.03, "Plan Rows": 3, "Plan Width": 4}]}]}, {"Node Type": "Bitmap Heap Scan", "Parent Relationship": "Inner", "Relation Name": "aka_title", "Alias": "at", "Startup Cost": 0.27, "Total Cost": 4.31, "Plan Rows": 3, "Plan Width": 25, "Recheck Cond": "(movie_id = mc.movie_id)", "Plans": [{"Node Type": "Bitmap Index Scan", "Parent Relationship": "Outer", "Index Name": "movie_id_aka_title", "Startup Cost": 0.0, "Total Cost": 0.27, "Plan Rows": 3, "Plan Width": 0, "Index Cond": "(movie_id = mc.movie_id)"}]}]}, {"Node Type": "Bitmap Heap Scan", "Parent Relationship": "Inner", "Relation Name": "movie_keyword", "Alias": "mk", "Startup Cost": 0.34, "Total Cost": 4.44, "Plan Rows": 8, "Plan Width": 8, "Recheck Cond": "(movie_id = mc.movie_id)", "Plans": [{"Node Type": "Bitmap Index Scan", "Parent Relationship": "Outer", "Index Name": "movie_id_movie_keyword", "Startup Cost": 0.0, "Total Cost": 0.34, "Plan Rows": 8, "Plan Width": 0, "Index Cond": "(movie_id = mc.movie_id)"}]}]}, {"Node Type": "Hash", "Parent Relationship": "Inner", "Startup Cost": 2100.69, "Total Cost": 2100.69, "Plan Rows": 134169, "Plan Width": 4, "Plans": [{"Node Type": "Seq Scan", "Parent Relationship": "Outer", "Relation Name": "keyword", "Alias": "k", "Startup Cost": 0.0, "Total Cost": 2100.69, "Plan Rows": 134169, "Plan Width": 4}]}]}]}, "Unique SQL Id": 2302223328, "Planner Runtime": 235}, "explain_analyze_plan": {"Plan": {"Node Type": "Aggregate", "Strategy": "Plain", "Startup Cost": 83492.25, "Total Cost": 83492.26, "Plan Rows": 1, "Plan Width": 102, "Actual Min Startup Time": 555.843, "Actual Max Startup Time": 555.843, "Actual Min Total Time": 555.844, "Actual Max Total Time": 555.844, "Plans": [{"Node Type": "Hash Join", "Parent Relationship": "Outer", "Join Type": "Inner", "Startup Cost": 3781.54, "Total Cost": 83457.73, "Plan Rows": 6905, "Plan Width": 38, "Actual Min Startup Time": 238.987, "Actual Max Startup Time": 238.987, "Actual Min Total Time": 553.414, "Actual Max Total Time": 553.414, "Inner Unique": true, "Hash Cond": "(mk.keyword_id = k.id)", "Plans": [{"Node Type": "Nested Loop", "Parent Relationship": "Outer", "Join Type": "Inner", "Startup Cost": 3.73, "Total Cost": 79584.49, "Plan Rows": 7042, "Plan Width": 42, "Actual Min Startup Time": 165.46, "Actual Max Startup Time": 165.46, "Actual Min Total Time": 477.685, "Actual Max Total Time": 477.685, "Inner Unique": false, "Join Filter": "(t.id = mk.movie_id)", "Rows Removed by Join Filter": 0, "Plans": [{"Node Type": "Nested Loop", "Parent Relationship": "Outer", "Join Type": "Inner", "Startup Cost": 3.4, "Total Cost": 75622.79, "Plan Rows": 873, "Plan Width": 54, "Actual Min Startup Time": 165.434, "Actual Max Startup Time": 165.434, "Actual Min Total Time": 472.117, "Actual Max Total Time": 472.117, "Inner Unique": false, "Join Filter": "(t.id = at.movie_id)", "Rows Removed by Join Filter": 0, "Plans": [{"Node Type": "Nested Loop", "Parent Relationship": "Outer", "Join Type": "Inner", "Startup Cost": 3.12, "Total Cost": 73543.67, "Plan Rows": 478, "Plan Width": 29, "Actual Min Startup Time": 165.347, "Actual Max Startup Time": 165.347, "Actual Min Total Time": 443.219, "Actual Max Total Time": 443.219, "Inner Unique": true, "Join Filter": "(mc.company_type_id = ct.id)", "Rows Removed by Join Filter": 11829, "Plans": [{"Node Type": "Nested Loop", "Parent Relationship": "Outer", "Join Type": "Inner", "Startup Cost": 3.12, "Total Cost": 73521.13, "Plan Rows": 478, "Plan Width": 33, "Actual Min Startup Time": 165.297, "Actual Max Startup Time": 165.297, "Actual Min Total Time": 433.43, "Actual Max Total Time": 433.43, "Inner Unique": true, "Plans": [{"Node Type": "Nested Loop", "Parent Relationship": "Outer", "Join Type": "Inner", "Startup Cost": 2.86, "Total Cost": 71088.18, "Plan Rows": 568, "Plan Width": 37, "Actual Min Startup Time": 165.271, "Actual Max Startup Time": 165.271, "Actual Min Total Time": 343.715, "Actual Max Total Time": 343.715, "Inner Unique": false, "Plans": [{"Node Type": "Nested Loop", "Parent Relationship": "Outer", "Join Type": "Inner", "Startup Cost": 2.58, "Total Cost": 69935.76, "Plan Rows": 266, "Plan Width": 25, "Actual Min Startup Time": 165.241, "Actual Max Startup Time": 165.241, "Actual Min Total Time": 255.194, "Actual Max Total Time": 255.194, "Inner Unique": true, "Plans": [{"Node Type": "Nested Loop", "Parent Relationship": "Outer", "Join Type": "Inner", "Startup Cost": 0.0, "Total Cost": 68668.26, "Plan Rows": 192, "Plan Width": 4, "Actual Min Startup Time": 165.196, "Actual Max Startup Time": 165.196, "Actual Min Total Time": 171.667, "Actual Max Total Time": 171.667, "Inner Unique": false, "Join Filter": "(it1.id = mi.info_type_id)", "Rows Removed by Join Filter": 131, "Plans": [{"Node Type": "Seq Scan", "Parent Relationship": "Outer", "Relation Name": "info_type", "Alias": "it1", "Startup Cost": 0.0, "Total Cost": 2.4, "Plan Rows": 1, "Plan Width": 4, "Actual Min Startup Time": 0.062, "Actual Max Startup Time": 0.062, "Actual Min Total Time": 0.087, "Actual Max Total Time": 0.087, "Filter": "((info)::text = 'release dates'::text)", "Rows Removed by Filter": 111, "Actual Rows": 1}, {"Node Type": "Materialize", "Parent Relationship": "Inner", "Startup Cost": 0.0, "Total Cost": 68531.67, "Plan Rows": 13419, "Plan Width": 8, "Actual Min Startup Time": 165.104, "Actual Max Startup Time": 165.104, "Actual Min Total Time": 166.801, "Actual Max Total Time": 166.801, "Plans": [{"Node Type": "Streaming(type: LOCAL GATHER dop: 1/64)", "Parent Relationship": "Outer", "Startup Cost": 0.0, "Total Cost": 68498.12, "Plan Rows": 13419, "Plan Width": 8, "Actual Min Startup Time": 48.545, "Actual Max Startup Time": 48.545, "Actual Min Total Time": 163.074, "Actual Max Total Time": 163.074, "Plans": [{"Node Type": "Seq Scan", "Parent Relationship": "Outer", "Relation Name": "movie_info", "Alias": "mi", "Startup Cost": 0.0, "Total Cost": 68221.29, "Plan Rows": 13419, "Plan Width": 8, "Actual Min Startup Time": 0.104, "Actual Max Startup Time": 21.633, "Actual Min Total Time": 60.274, "Actual Max Total Time": 76.432, "Filter": "((note)::text ~~ '%internet%'::text)", "Rows Removed by Filter": 14824909, "Actual Rows": 10810}], "Actual Rows": 10810}], "Actual Rows": 10811}], "Actual Rows": 10679}, {"Node Type": "Bitmap Heap Scan", "Parent Relationship": "Inner", "Relation Name": "title", "Alias": "t", "Startup Cost": 2.58, "Total Cost": 6.59, "Plan Rows": 1, "Plan Width": 21, "Actual Min Startup Time": 69.842, "Actual Max Startup Time": 69.842, "Actual Min Total Time": 69.842, "Actual Max Total Time": 69.842, "Recheck Cond": "(id = mi.movie_id)", "Rows Removed by Index Recheck": 0, "Filter": "(production_year > 1990)", "Rows Removed by Filter": 17, "Exact Heap Blocks": 10679, "Lossy Heap Blocks": 10679, "Plans": [{"Node Type": "Bitmap Index Scan", "Parent Relationship": "Outer", "Index Name": "title_pkey", "Startup Cost": 0.0, "Total Cost": 2.58, "Plan Rows": 1, "Plan Width": 0, "Actual Min Startup Time": 40.839, "Actual Max Startup Time": 40.839, "Actual Min Total Time": 40.839, "Actual Max Total Time": 40.839, "Index Cond": "(id = mi.movie_id)", "Actual Rows": 10679}], "Actual Rows": 10662}], "Actual Rows": 10662}, {"Node Type": "Bitmap Heap Scan", "Parent Relationship": "Inner", "Relation Name": "movie_companies", "Alias": "mc", "Startup Cost": 0.29, "Total Cost": 4.31, "Plan Rows": 2, "Plan Width": 12, "Actual Min Startup Time": 63.605, "Actual Max Startup Time": 63.605, "Actual Min Total Time": 72.496, "Actual Max Total Time": 72.496, "Recheck Cond": "(movie_id = t.id)", "Rows Removed by Index Recheck": 0, "Exact Heap Blocks": 11694, "Lossy Heap Blocks": 11694, "Plans": [{"Node Type": "Bitmap Index Scan", "Parent Relationship": "Outer", "Index Name": "movie_id_movie_companies", "Startup Cost": 0.0, "Total Cost": 0.29, "Plan Rows": 2, "Plan Width": 0, "Actual Min Startup Time": 42.876, "Actual Max Startup Time": 42.876, "Actual Min Total Time": 42.876, "Actual Max Total Time": 42.876, "Index Cond": "(movie_id = t.id)", "Actual Rows": 14377}], "Actual Rows": 14377}], "Actual Rows": 14377}, {"Node Type": "Bitmap Heap Scan", "Parent Relationship": "Inner", "Relation Name": "company_name", "Alias": "cn", "Startup Cost": 0.26, "Total Cost": 4.27, "Plan Rows": 1, "Plan Width": 4, "Actual Min Startup Time": 71.919, "Actual Max Startup Time": 71.919, "Actual Min Total Time": 71.919, "Actual Max Total Time": 71.919, "Recheck Cond": "(id = mc.company_id)", "Rows Removed by Index Recheck": 0, "Filter": "((country_code)::text = '[us]'::text)", "Rows Removed by Filter": 4520, "Exact Heap Blocks": 14377, "Lossy Heap Blocks": 14377, "Plans": [{"Node Type": "Bitmap Index Scan", "Parent Relationship": "Outer", "Index Name": "company_name_pkey", "Startup Cost": 0.0, "Total Cost": 0.26, "Plan Rows": 1, "Plan Width": 0, "Actual Min Startup Time": 40.798, "Actual Max Startup Time": 40.798, "Actual Min Total Time": 40.798, "Actual Max Total Time": 40.798, "Index Cond": "(id = mc.company_id)", "Actual Rows": 14377}], "Actual Rows": 9857}], "Actual Rows": 9857}, {"Node Type": "Materialize", "Parent Relationship": "Inner", "Startup Cost": 0.0, "Total Cost": 1.04, "Plan Rows": 3, "Plan Width": 4, "Actual Min Startup Time": 1.124, "Actual Max Startup Time": 1.124, "Actual Min Total Time": 2.227, "Actual Max Total Time": 2.227, "Plans": [{"Node Type": "Seq Scan", "Parent Relationship": "Outer", "Relation Name": "company_type", "Alias": "ct", "Startup Cost": 0.0, "Total Cost": 1.03, "Plan Rows": 3, "Plan Width": 4, "Actual Min Startup Time": 0.006, "Actual Max Startup Time": 0.006, "Actual Min Total Time": 0.007, "Actual Max Total Time": 0.007, "Actual Rows": 3}], "Actual Rows": 17743}], "Actual Rows": 5914}, {"Node Type": "Bitmap Heap Scan", "Parent Relationship": "Inner", "Relation Name": "aka_title", "Alias": "at", "Startup Cost": 0.27, "Total Cost": 4.31, "Plan Rows": 3, "Plan Width": 25, "Actual Min Startup Time": 21.461, "Actual Max Startup Time": 21.461, "Actual Min Total Time": 21.687, "Actual Max Total Time": 21.687, "Recheck Cond": "(movie_id = mc.movie_id)", "Rows Removed by Index Recheck": 0, "Exact Heap Blocks": 382, "Lossy Heap Blocks": 382, "Plans": [{"Node Type": "Bitmap Index Scan", "Parent Relationship": "Outer", "Index Name": "movie_id_aka_title", "Startup Cost": 0.0, "Total Cost": 0.27, "Plan Rows": 3, "Plan Width": 0, "Actual Min Startup Time": 17.849, "Actual Max Startup Time": 17.849, "Actual Min Total Time": 17.849, "Actual Max Total Time": 17.849, "Index Cond": "(movie_id = mc.movie_id)", "Actual Rows": 382}], "Actual Rows": 382}], "Actual Rows": 382}, {"Node Type": "Bitmap Heap Scan", "Parent Relationship": "Inner", "Relation Name": "movie_keyword", "Alias": "mk", "Startup Cost": 0.34, "Total Cost": 4.44, "Plan Rows": 8, "Plan Width": 8, "Actual Min Startup Time": 3.066, "Actual Max Startup Time": 3.066, "Actual Min Total Time": 3.669, "Actual Max Total Time": 3.669, "Recheck Cond": "(movie_id = mc.movie_id)", "Rows Removed by Index Recheck": 0, "Exact Heap Blocks": 276, "Lossy Heap Blocks": 276, "Plans": [{"Node Type": "Bitmap Index Scan", "Parent Relationship": "Outer", "Index Name": "movie_id_movie_keyword", "Startup Cost": 0.0, "Total Cost": 0.34, "Plan Rows": 8, "Plan Width": 0, "Actual Min Startup Time": 1.881, "Actual Max Startup Time": 1.881, "Actual Min Total Time": 1.881, "Actual Max Total Time": 1.881, "Index Cond": "(movie_id = mc.movie_id)", "Actual Rows": 4371}], "Actual Rows": 4371}], "Actual Rows": 4371}, {"Node Type": "Hash", "Parent Relationship": "Inner", "Startup Cost": 2100.69, "Total Cost": 2100.69, "Plan Rows": 134169, "Plan Width": 4, "Actual Min Startup Time": 73.254, "Actual Max Startup Time": 73.254, "Actual Min Total Time": 73.254, "Actual Max Total Time": 73.254, "Max Hash Buckets": 262144, "Min Hash Buckets": 262144, "Max Hash Batches": 1, "Min Hash Batches": 1, "Max Original Hash Batches": 1, "Min Original Hash Batches": 1, "Max Peak Memory Usage": 4717, "min Peak Memory Usage": 4717, "Plans": [{"Node Type": "Seq Scan", "Parent Relationship": "Outer", "Relation Name": "keyword", "Alias": "k", "Startup Cost": 0.0, "Total Cost": 2100.69, "Plan Rows": 134169, "Plan Width": 4, "Actual Min Startup Time": 0.053, "Actual Max Startup Time": 0.053, "Actual Min Total Time": 38.535, "Actual Max Total Time": 38.535, "Actual Rows": 134169}], "Actual Rows": 134169}], "Actual Rows": 4371}], "Actual Rows": 1}, "Triggers": [], "Planner Runtime": 234, "Total Runtime": 575.257, "Unique SQL Id": 2302223328}}, "(64, 35)": {"explain_plan": {"Plan": {"Node Type": "Aggregate", "Strategy": "Plain", "Startup Cost": 179483.79, "Total Cost": 179483.8, "Plan Rows": 1, "Plan Width": 102, "Plans": [{"Node Type": "Hash Join", "Parent Relationship": "Outer", "Join Type": "Inner", "Startup Cost": 9392.76, "Total Cost": 179449.26, "Plan Rows": 6905, "Plan Width": 38, "Inner Unique": true, "Hash Cond": "(mk.keyword_id = k.id)", "Plans": [{"Node Type": "Nested Loop", "Parent Relationship": "Outer", "Join Type": "Inner", "Startup Cost": 4862.32, "Total Cost": 174823.39, "Plan Rows": 7042, "Plan Width": 42, "Inner Unique": false, "Join Filter": "(t.id = mk.movie_id)", "Plans": [{"Node Type": "Nested Loop", "Parent Relationship": "Outer", "Join Type": "Inner", "Startup Cost": 4861.98, "Total Cost": 170861.69, "Plan Rows": 873, "Plan Width": 54, "Inner Unique": false, "Join Filter": "(t.id = at.movie_id)", "Plans": [{"Node Type": "Nested Loop", "Parent Relationship": "Outer", "Join Type": "Inner", "Startup Cost": 4861.71, "Total Cost": 168782.57, "Plan Rows": 478, "Plan Width": 29, "Inner Unique": true, "Join Filter": "(mc.company_type_id = ct.id)", "Plans": [{"Node Type": "Nested Loop", "Parent Relationship": "Outer", "Join Type": "Inner", "Startup Cost": 4853.44, "Total Cost": 168748.76, "Plan Rows": 478, "Plan Width": 33, "Inner Unique": true, "Plans": [{"Node Type": "Nested Loop", "Parent Relationship": "Outer", "Join Type": "Inner", "Startup Cost": 4853.18, "Total Cost": 166315.81, "Plan Rows": 568, "Plan Width": 37, "Inner Unique": false, "Plans": [{"Node Type": "Nested Loop", "Parent Relationship": "Outer", "Join Type": "Inner", "Startup Cost": 4852.89, "Total Cost": 165163.39, "Plan Rows": 266, "Plan Width": 25, "Inner Unique": true, "Plans": [{"Node Type": "Nested Loop", "Parent Relationship": "Outer", "Join Type": "Inner", "Startup Cost": 4850.32, "Total Cost": 163895.89, "Plan Rows": 192, "Plan Width": 4, "Inner Unique": false, "Plans": [{"Node Type": "Bitmap Heap Scan", "Parent Relationship": "Outer", "Relation Name": "info_type", "Alias": "it1", "Startup Cost": 8.81, "Total Cost": 14.21, "Plan Rows": 1, "Plan Width": 4, "Filter": "((info)::text = 'release dates'::text)", "Plans": [{"Node Type": "Bitmap Index Scan", "Parent Relationship": "Outer", "Index Name": "info_type_pkey", "Startup Cost": 0.0, "Total Cost": 8.81, "Plan Rows": 112, "Plan Width": 0}]}, {"Node Type": "Bitmap Heap Scan", "Parent Relationship": "Inner", "Relation Name": "movie_info", "Alias": "mi", "Startup Cost": 4841.51, "Total Cost": 163879.76, "Plan Rows": 192, "Plan Width": 8, "Recheck Cond": "(info_type_id = it1.id)", "Filter": "((note)::text ~~ '%internet%'::text)", "Plans": [{"Node Type": "Bitmap Index Scan", "Parent Relationship": "Outer", "Index Name": "info_type_id_movie_info", "Startup Cost": 0.0, "Total Cost": 4841.46, "Plan Rows": 212428, "Plan Width": 0, "Index Cond": "(info_type_id = it1.id)"}]}]}, {"Node Type": "Bitmap Heap Scan", "Parent Relationship": "Inner", "Relation Name": "title", "Alias": "t", "Startup Cost": 2.58, "Total Cost": 6.59, "Plan Rows": 1, "Plan Width": 21, "Recheck Cond": "(id = mi.movie_id)", "Filter": "(production_year > 1990)", "Plans": [{"Node Type": "Bitmap Index Scan", "Parent Relationship": "Outer", "Index Name": "title_pkey", "Startup Cost": 0.0, "Total Cost": 2.58, "Plan Rows": 1, "Plan Width": 0, "Index Cond": "(id = mi.movie_id)"}]}]}, {"Node Type": "Bitmap Heap Scan", "Parent Relationship": "Inner", "Relation Name": "movie_companies", "Alias": "mc", "Startup Cost": 0.29, "Total Cost": 4.31, "Plan Rows": 2, "Plan Width": 12, "Recheck Cond": "(movie_id = t.id)", "Plans": [{"Node Type": "Bitmap Index Scan", "Parent Relationship": "Outer", "Index Name": "movie_id_movie_companies", "Startup Cost": 0.0, "Total Cost": 0.29, "Plan Rows": 2, "Plan Width": 0, "Index Cond": "(movie_id = t.id)"}]}]}, {"Node Type": "Bitmap Heap Scan", "Parent Relationship": "Inner", "Relation Name": "company_name", "Alias": "cn", "Startup Cost": 0.26, "Total Cost": 4.27, "Plan Rows": 1, "Plan Width": 4, "Recheck Cond": "(id = mc.company_id)", "Filter": "((country_code)::text = '[us]'::text)", "Plans": [{"Node Type": "Bitmap Index Scan", "Parent Relationship": "Outer", "Index Name": "company_name_pkey", "Startup Cost": 0.0, "Total Cost": 0.26, "Plan Rows": 1, "Plan Width": 0, "Index Cond": "(id = mc.company_id)"}]}]}, {"Node Type": "Materialize", "Parent Relationship": "Inner", "Startup Cost": 8.27, "Total Cost": 12.31, "Plan Rows": 3, "Plan Width": 4, "Plans": [{"Node Type": "Bitmap Heap Scan", "Parent Relationship": "Outer", "Relation Name": "company_type", "Alias": "ct", "Startup Cost": 8.27, "Total Cost": 12.3, "Plan Rows": 3, "Plan Width": 4, "Plans": [{"Node Type": "Bitmap Index Scan", "Parent Relationship": "Outer", "Index Name": "company_type_pkey", "Startup Cost": 0.0, "Total Cost": 8.27, "Plan Rows": 3, "Plan Width": 0}]}]}]}, {"Node Type": "Bitmap Heap Scan", "Parent Relationship": "Inner", "Relation Name": "aka_title", "Alias": "at", "Startup Cost": 0.27, "Total Cost": 4.31, "Plan Rows": 3, "Plan Width": 25, "Recheck Cond": "(movie_id = mc.movie_id)", "Plans": [{"Node Type": "Bitmap Index Scan", "Parent Relationship": "Outer", "Index Name": "movie_id_aka_title", "Startup Cost": 0.0, "Total Cost": 0.27, "Plan Rows": 3, "Plan Width": 0, "Index Cond": "(movie_id = mc.movie_id)"}]}]}, {"Node Type": "Bitmap Heap Scan", "Parent Relationship": "Inner", "Relation Name": "movie_keyword", "Alias": "mk", "Startup Cost": 0.34, "Total Cost": 4.44, "Plan Rows": 8, "Plan Width": 8, "Recheck Cond": "(movie_id = mc.movie_id)", "Plans": [{"Node Type": "Bitmap Index Scan", "Parent Relationship": "Outer", "Index Name": "movie_id_movie_keyword", "Startup Cost": 0.0, "Total Cost": 0.34, "Plan Rows": 8, "Plan Width": 0, "Index Cond": "(movie_id = mc.movie_id)"}]}]}, {"Node Type": "Hash", "Parent Relationship": "Inner", "Startup Cost": 2853.33, "Total Cost": 2853.33, "Plan Rows": 134169, "Plan Width": 4, "Plans": [{"Node Type": "Bitmap Heap Scan", "Parent Relationship": "Outer", "Relation Name": "keyword", "Alias": "k", "Startup Cost": 752.64, "Total Cost": 2853.33, "Plan Rows": 134169, "Plan Width": 4, "Plans": [{"Node Type": "Bitmap Index Scan", "Parent Relationship": "Outer", "Index Name": "keyword_pkey", "Startup Cost": 0.0, "Total Cost": 719.1, "Plan Rows": 134169, "Plan Width": 0}]}]}]}]}, "Unique SQL Id": 2302223328, "Planner Runtime": 135}, "explain_analyze_plan": null}, "(64, 36)": {"explain_plan": {"Plan": {"Node Type": "Aggregate", "Strategy": "Plain", "Startup Cost": 72489.19, "Total Cost": 72489.2, "Plan Rows": 1, "Plan Width": 102, "Plans": [{"Node Type": "Nested Loop", "Parent Relationship": "Outer", "Join Type": "Inner", "Startup Cost": 0.0, "Total Cost": 72454.66, "Plan Rows": 6905, "Plan Width": 38, "Inner Unique": true, "Plans": [{"Node Type": "Nested Loop", "Parent Relationship": "Outer", "Join Type": "Inner", "Startup Cost": 0.0, "Total Cost": 70478.1, "Plan Rows": 7042, "Plan Width": 42, "Inner Unique": false, "Join Filter": "(t.id = mk.movie_id)", "Plans": [{"Node Type": "Nested Loop", "Parent Relationship": "Outer", "Join Type": "Inner", "Startup Cost": 0.0, "Total Cost": 69987.12, "Plan Rows": 873, "Plan Width": 54, "Inner Unique": true, "Join Filter": "(at.movie_id = t.id)", "Plans": [{"Node Type": "Nested Loop", "Parent Relationship": "Outer", "Join Type": "Inner", "Startup Cost": 0.0, "Total Cost": 69765.04, "Plan Rows": 630, "Plan Width": 33, "Inner Unique": true, "Join Filter": "(mc.company_type_id = ct.id)", "Plans": [{"Node Type": "Nested Loop", "Parent Relationship": "Outer", "Join Type": "Inner", "Startup Cost": 0.0, "Total Cost": 69735.65, "Plan Rows": 630, "Plan Width": 37, "Inner Unique": true, "Plans": [{"Node Type": "Nested Loop", "Parent Relationship": "Outer", "Join Type": "Inner", "Startup Cost": 0.0, "Total Cost": 69433.03, "Plan Rows": 1052, "Plan Width": 41, "Inner Unique": false, "Plans": [{"Node Type": "Nested Loop", "Parent Relationship": "Outer", "Join Type": "Inner", "Startup Cost": 0.0, "Total Cost": 69143.95, "Plan Rows": 490, "Plan Width": 29, "Inner Unique": false, "Plans": [{"Node Type": "Nested Loop", "Parent Relationship": "Outer", "Join Type": "Inner", "Startup Cost": 0.0, "Total Cost": 68668.26, "Plan Rows": 192, "Plan Width": 4, "Inner Unique": false, "Join Filter": "(it1.id = mi.info_type_id)", "Plans": [{"Node Type": "Seq Scan", "Parent Relationship": "Outer", "Relation Name": "info_type", "Alias": "it1", "Startup Cost": 0.0, "Total Cost": 2.4, "Plan Rows": 1, "Plan Width": 4, "Filter": "((info)::text = 'release dates'::text)"}, {"Node Type": "Materialize", "Parent Relationship": "Inner", "Startup Cost": 0.0, "Total Cost": 68531.67, "Plan Rows": 13419, "Plan Width": 8, "Plans": [{"Node Type": "Streaming(type: LOCAL GATHER dop: 1/64)", "Parent Relationship": "Outer", "Startup Cost": 0.0, "Total Cost": 68498.12, "Plan Rows": 13419, "Plan Width": 8, "Plans": [{"Node Type": "Seq Scan", "Parent Relationship": "Outer", "Relation Name": "movie_info", "Alias": "mi", "Startup Cost": 0.0, "Total Cost": 68221.29, "Plan Rows": 13419, "Plan Width": 8, "Filter": "((note)::text ~~ '%internet%'::text)"}]}]}]}, {"Node Type": "Index Scan", "Parent Relationship": "Inner", "Scan Direction": "Forward", "Index Name": "movie_id_aka_title", "Relation Name": "aka_title", "Alias": "at", "Startup Cost": 0.0, "Total Cost": 2.45, "Plan Rows": 3, "Plan Width": 25, "Index Cond": "(movie_id = mi.movie_id)"}]}, {"Node Type": "Index Scan", "Parent Relationship": "Inner", "Scan Direction": "Forward", "Index Name": "movie_id_movie_companies", "Relation Name": "movie_companies", "Alias": "mc", "Startup Cost": 0.0, "Total Cost": 0.57, "Plan Rows": 2, "Plan Width": 12, "Index Cond": "(movie_id = at.movie_id)"}]}, {"Node Type": "Index Scan", "Parent Relationship": "Inner", "Scan Direction": "Forward", "Index Name": "company_name_pkey", "Relation Name": "company_name", "Alias": "cn", "Startup Cost": 0.0, "Total Cost": 0.28, "Plan Rows": 1, "Plan Width": 4, "Index Cond": "(id = mc.company_id)", "Filter": "((country_code)::text = '[us]'::text)"}]}, {"Node Type": "Materialize", "Parent Relationship": "Inner", "Startup Cost": 0.0, "Total Cost": 1.04, "Plan Rows": 3, "Plan Width": 4, "Plans": [{"Node Type": "Seq Scan", "Parent Relationship": "Outer", "Relation Name": "company_type", "Alias": "ct", "Startup Cost": 0.0, "Total Cost": 1.03, "Plan Rows": 3, "Plan Width": 4}]}]}, {"Node Type": "Index Scan", "Parent Relationship": "Inner", "Scan Direction": "Forward", "Index Name": "title_pkey", "Relation Name": "title", "Alias": "t", "Startup Cost": 0.0, "Total Cost": 0.34, "Plan Rows": 1, "Plan Width": 21, "Index Cond": "(id = mc.movie_id)", "Filter": "(production_year > 1990)"}]}, {"Node Type": "Index Scan", "Parent Relationship": "Inner", "Scan Direction": "Forward", "Index Name": "movie_id_movie_keyword", "Relation Name": "movie_keyword", "Alias": "mk", "Startup Cost": 0.0, "Total Cost": 0.46, "Plan Rows": 8, "Plan Width": 8, "Index Cond": "(movie_id = mc.movie_id)"}]}, {"Node Type": "Index Scan", "Parent Relationship": "Inner", "Scan Direction": "Forward", "Index Name": "keyword_pkey", "Relation Name": "keyword", "Alias": "k", "Startup Cost": 0.0, "Total Cost": 0.27, "Plan Rows": 1, "Plan Width": 4, "Index Cond": "(id = mk.keyword_id)"}]}]}, "Unique SQL Id": 2302223328, "Planner Runtime": 126}, "explain_analyze_plan": {"Plan": {"Node Type": "Aggregate", "Strategy": "Plain", "Startup Cost": 72489.19, "Total Cost": 72489.2, "Plan Rows": 1, "Plan Width": 102, "Actual Min Startup Time": 276.264, "Actual Max Startup Time": 276.264, "Actual Min Total Time": 276.264, "Actual Max Total Time": 276.264, "Plans": [{"Node Type": "Nested Loop", "Parent Relationship": "Outer", "Join Type": "Inner", "Startup Cost": 0.0, "Total Cost": 72454.66, "Plan Rows": 6905, "Plan Width": 38, "Actual Min Startup Time": 193.993, "Actual Max Startup Time": 193.993, "Actual Min Total Time": 273.615, "Actual Max Total Time": 273.615, "Inner Unique": true, "Plans": [{"Node Type": "Nested Loop", "Parent Relationship": "Outer", "Join Type": "Inner", "Startup Cost": 0.0, "Total Cost": 70478.1, "Plan Rows": 7042, "Plan Width": 42, "Actual Min Startup Time": 193.977, "Actual Max Startup Time": 193.977, "Actual Min Total Time": 256.35, "Actual Max Total Time": 256.35, "Inner Unique": false, "Join Filter": "(t.id = mk.movie_id)", "Rows Removed by Join Filter": 0, "Plans": [{"Node Type": "Nested Loop", "Parent Relationship": "Outer", "Join Type": "Inner", "Startup Cost": 0.0, "Total Cost": 69987.12, "Plan Rows": 873, "Plan Width": 54, "Actual Min Startup Time": 193.397, "Actual Max Startup Time": 193.397, "Actual Min Total Time": 250.478, "Actual Max Total Time": 250.478, "Inner Unique": true, "Join Filter": "(at.movie_id = t.id)", "Rows Removed by Join Filter": 0, "Plans": [{"Node Type": "Nested Loop", "Parent Relationship": "Outer", "Join Type": "Inner", "Startup Cost": 0.0, "Total Cost": 69765.04, "Plan Rows": 630, "Plan Width": 33, "Actual Min Startup Time": 193.377, "Actual Max Startup Time": 193.377, "Actual Min Total Time": 247.84, "Actual Max Total Time": 247.84, "Inner Unique": true, "Join Filter": "(mc.company_type_id = ct.id)", "Rows Removed by Join Filter": 1542, "Plans": [{"Node Type": "Nested Loop", "Parent Relationship": "Outer", "Join Type": "Inner", "Startup Cost": 0.0, "Total Cost": 69735.65, "Plan Rows": 630, "Plan Width": 37, "Actual Min Startup Time": 193.348, "Actual Max Startup Time": 193.348, "Actual Min Total Time": 246.959, "Actual Max Total Time": 246.959, "Inner Unique": true, "Plans": [{"Node Type": "Nested Loop", "Parent Relationship": "Outer", "Join Type": "Inner", "Startup Cost": 0.0, "Total Cost": 69433.03, "Plan Rows": 1052, "Plan Width": 41, "Actual Min Startup Time": 193.326, "Actual Max Startup Time": 193.326, "Actual Min Total Time": 236.868, "Actual Max Total Time": 236.868, "Inner Unique": false, "Plans": [{"Node Type": "Nested Loop", "Parent Relationship": "Outer", "Join Type": "Inner", "Startup Cost": 0.0, "Total Cost": 69143.95, "Plan Rows": 490, "Plan Width": 29, "Actual Min Startup Time": 193.309, "Actual Max Startup Time": 193.309, "Actual Min Total Time": 231.614, "Actual Max Total Time": 231.614, "Inner Unique": false, "Plans": [{"Node Type": "Nested Loop", "Parent Relationship": "Outer", "Join Type": "Inner", "Startup Cost": 0.0, "Total Cost": 68668.26, "Plan Rows": 192, "Plan Width": 4, "Actual Min Startup Time": 193.258, "Actual Max Startup Time": 193.258, "Actual Min Total Time": 198.999, "Actual Max Total Time": 198.999, "Inner Unique": false, "Join Filter": "(it1.id = mi.info_type_id)", "Rows Removed by Join Filter": 131, "Plans": [{"Node Type": "Seq Scan", "Parent Relationship": "Outer", "Relation Name": "info_type", "Alias": "it1", "Startup Cost": 0.0, "Total Cost": 2.4, "Plan Rows": 1, "Plan Width": 4, "Actual Min Startup Time": 0.065, "Actual Max Startup Time": 0.065, "Actual Min Total Time": 0.091, "Actual Max Total Time": 0.091, "Filter": "((info)::text = 'release dates'::text)", "Rows Removed by Filter": 111, "Actual Rows": 1}, {"Node Type": "Materialize", "Parent Relationship": "Inner", "Startup Cost": 0.0, "Total Cost": 68531.67, "Plan Rows": 13419, "Plan Width": 8, "Actual Min Startup Time": 193.164, "Actual Max Startup Time": 193.164, "Actual Min Total Time": 194.684, "Actual Max Total Time": 194.684, "Plans": [{"Node Type": "Streaming(type: LOCAL GATHER dop: 1/64)", "Parent Relationship": "Outer", "Startup Cost": 0.0, "Total Cost": 68498.12, "Plan Rows": 13419, "Plan Width": 8, "Actual Min Startup Time": 82.352, "Actual Max Startup Time": 82.352, "Actual Min Total Time": 191.157, "Actual Max Total Time": 191.157, "Plans": [{"Node Type": "Seq Scan", "Parent Relationship": "Outer", "Relation Name": "movie_info", "Alias": "mi", "Startup Cost": 0.0, "Total Cost": 68221.29, "Plan Rows": 13419, "Plan Width": 8, "Actual Min Startup Time": 0.113, "Actual Max Startup Time": 34.148, "Actual Min Total Time": 60.122, "Actual Max Total Time": 89.428, "Filter": "((note)::text ~~ '%internet%'::text)", "Rows Removed by Filter": 14824909, "Actual Rows": 10810}], "Actual Rows": 10810}], "Actual Rows": 10811}], "Actual Rows": 10679}, {"Node Type": "Index Scan", "Parent Relationship": "Inner", "Scan Direction": "Forward", "Index Name": "movie_id_aka_title", "Relation Name": "aka_title", "Alias": "at", "Startup Cost": 0.0, "Total Cost": 2.45, "Plan Rows": 3, "Plan Width": 25, "Actual Min Startup Time": 27.123, "Actual Max Startup Time": 27.123, "Actual Min Total Time": 27.624, "Actual Max Total Time": 27.624, "Index Cond": "(movie_id = mi.movie_id)", "Rows Removed by Index Recheck": 0, "Actual Rows": 591}], "Actual Rows": 591}, {"Node Type": "Index Scan", "Parent Relationship": "Inner", "Scan Direction": "Forward", "Index Name": "movie_id_movie_companies", "Relation Name": "movie_companies", "Alias": "mc", "Startup Cost": 0.0, "Total Cost": 0.57, "Plan Rows": 2, "Plan Width": 12, "Actual Min Startup Time": 3.075, "Actual Max Startup Time": 3.075, "Actual Min Total Time": 4.453, "Actual Max Total Time": 4.453, "Index Cond": "(movie_id = at.movie_id)", "Rows Removed by Index Recheck": 0, "Actual Rows": 2130}], "Actual Rows": 2130}, {"Node Type": "Index Scan", "Parent Relationship": "Inner", "Scan Direction": "Forward", "Index Name": "company_name_pkey", "Relation Name": "company_name", "Alias": "cn", "Startup Cost": 0.0, "Total Cost": 0.28, "Plan Rows": 1, "Plan Width": 4, "Actual Min Startup Time": 8.662, "Actual Max Startup Time": 8.662, "Actual Min Total Time": 8.662, "Actual Max Total Time": 8.662, "Index Cond": "(id = mc.company_id)", "Rows Removed by Index Recheck": 0, "Filter": "((country_code)::text = '[us]'::text)", "Rows Removed by Filter": 1234, "Actual Rows": 896}], "Actual Rows": 896}, {"Node Type": "Materialize", "Parent Relationship": "Inner", "Startup Cost": 0.0, "Total Cost": 1.04, "Plan Rows": 3, "Plan Width": 4, "Actual Min Startup Time": 0.106, "Actual Max Startup Time": 0.106, "Actual Min Total Time": 0.231, "Actual Max Total Time": 0.231, "Plans": [{"Node Type": "Seq Scan", "Parent Relationship": "Outer", "Relation Name": "company_type", "Alias": "ct", "Startup Cost": 0.0, "Total Cost": 1.03, "Plan Rows": 3, "Plan Width": 4, "Actual Min Startup Time": 0.006, "Actual Max Startup Time": 0.006, "Actual Min Total Time": 0.008, "Actual Max Total Time": 0.008, "Actual Rows": 3}], "Actual Rows": 1924}], "Actual Rows": 382}, {"Node Type": "Index Scan", "Parent Relationship": "Inner", "Scan Direction": "Forward", "Index Name": "title_pkey", "Relation Name": "title", "Alias": "t", "Startup Cost": 0.0, "Total Cost": 0.34, "Plan Rows": 1, "Plan Width": 21, "Actual Min Startup Time": 2.126, "Actual Max Startup Time": 2.126, "Actual Min Total Time": 2.126, "Actual Max Total Time": 2.126, "Index Cond": "(id = mc.movie_id)", "Rows Removed by Index Recheck": 0, "Filter": "(production_year > 1990)", "Rows Removed by Filter": 0, "Actual Rows": 382}], "Actual Rows": 382}, {"Node Type": "Index Scan", "Parent Relationship": "Inner", "Scan Direction": "Forward", "Index Name": "movie_id_movie_keyword", "Relation Name": "movie_keyword", "Alias": "mk", "Startup Cost": 0.0, "Total Cost": 0.46, "Plan Rows": 8, "Plan Width": 8, "Actual Min Startup Time": 2.005, "Actual Max Startup Time": 2.005, "Actual Min Total Time": 3.902, "Actual Max Total Time": 3.902, "Index Cond": "(movie_id = mc.movie_id)", "Rows Removed by Index Recheck": 0, "Actual Rows": 4371}], "Actual Rows": 4371}, {"Node Type": "Index Scan", "Parent Relationship": "Inner", "Scan Direction": "Forward", "Index Name": "keyword_pkey", "Relation Name": "keyword", "Alias": "k", "Startup Cost": 0.0, "Total Cost": 0.27, "Plan Rows": 1, "Plan Width": 4, "Actual Min Startup Time": 14.044, "Actual Max Startup Time": 14.044, "Actual Min Total Time": 14.044, "Actual Max Total Time": 14.044, "Index Cond": "(id = mk.keyword_id)", "Rows Removed by Index Recheck": 0, "Actual Rows": 4371}], "Actual Rows": 4371}], "Actual Rows": 1}, "Triggers": [], "Planner Runtime": 126, "Total Runtime": 288.212, "Unique SQL Id": 2302223328}}, "(64, 37)": {"explain_plan": {"Plan": {"Node Type": "Aggregate", "Strategy": "Plain", "Startup Cost": 167728.08, "Total Cost": 167728.09, "Plan Rows": 1, "Plan Width": 102, "Plans": [{"Node Type": "Nested Loop", "Parent Relationship": "Outer", "Join Type": "Inner", "Startup Cost": 4841.51, "Total Cost": 167693.56, "Plan Rows": 6905, "Plan Width": 38, "Inner Unique": true, "Plans": [{"Node Type": "Nested Loop", "Parent Relationship": "Outer", "Join Type": "Inner", "Startup Cost": 4841.51, "Total Cost": 165716.99, "Plan Rows": 7042, "Plan Width": 42, "Inner Unique": false, "Join Filter": "(t.id = mk.movie_id)", "Plans": [{"Node Type": "Nested Loop", "Parent Relationship": "Outer", "Join Type": "Inner", "Startup Cost": 4841.51, "Total Cost": 165226.02, "Plan Rows": 873, "Plan Width": 54, "Inner Unique": true, "Join Filter": "(at.movie_id = t.id)", "Plans": [{"Node Type": "Nested Loop", "Parent Relationship": "Outer", "Join Type": "Inner", "Startup Cost": 4841.51, "Total Cost": 165003.93, "Plan Rows": 630, "Plan Width": 33, "Inner Unique": true, "Join Filter": "(mc.company_type_id = ct.id)", "Plans": [{"Node Type": "Nested Loop", "Parent Relationship": "Outer", "Join Type": "Inner", "Startup Cost": 4841.51, "Total Cost": 164963.28, "Plan Rows": 630, "Plan Width": 37, "Inner Unique": true, "Plans": [{"Node Type": "Nested Loop", "Parent Relationship": "Outer", "Join Type": "Inner", "Startup Cost": 4841.51, "Total Cost": 164660.66, "Plan Rows": 1052, "Plan Width": 41, "Inner Unique": false, "Plans": [{"Node Type": "Nested Loop", "Parent Relationship": "Outer", "Join Type": "Inner", "Startup Cost": 4841.51, "Total Cost": 164371.58, "Plan Rows": 490, "Plan Width": 29, "Inner Unique": false, "Plans": [{"Node Type": "Nested Loop", "Parent Relationship": "Outer", "Join Type": "Inner", "Startup Cost": 4841.51, "Total Cost": 163895.89, "Plan Rows": 192, "Plan Width": 4, "Inner Unique": false, "Plans": [{"Node Type": "Index Scan", "Parent Relationship": "Outer", "Scan Direction": "Forward", "Index Name": "info_type_pkey", "Relation Name": "info_type", "Alias": "it1", "Startup Cost": 0.0, "Total Cost": 14.21, "Plan Rows": 1, "Plan Width": 4, "Filter": "((info)::text = 'release dates'::text)"}, {"Node Type": "Bitmap Heap Scan", "Parent Relationship": "Inner", "Relation Name": "movie_info", "Alias": "mi", "Startup Cost": 4841.51, "Total Cost": 163879.76, "Plan Rows": 192, "Plan Width": 8, "Recheck Cond": "(info_type_id = it1.id)", "Filter": "((note)::text ~~ '%internet%'::text)", "Plans": [{"Node Type": "Bitmap Index Scan", "Parent Relationship": "Outer", "Index Name": "info_type_id_movie_info", "Startup Cost": 0.0, "Total Cost": 4841.46, "Plan Rows": 212428, "Plan Width": 0, "Index Cond": "(info_type_id = it1.id)"}]}]}, {"Node Type": "Index Scan", "Parent Relationship": "Inner", "Scan Direction": "Forward", "Index Name": "movie_id_aka_title", "Relation Name": "aka_title", "Alias": "at", "Startup Cost": 0.0, "Total Cost": 2.45, "Plan Rows": 3, "Plan Width": 25, "Index Cond": "(movie_id = mi.movie_id)"}]}, {"Node Type": "Index Scan", "Parent Relationship": "Inner", "Scan Direction": "Forward", "Index Name": "movie_id_movie_companies", "Relation Name": "movie_companies", "Alias": "mc", "Startup Cost": 0.0, "Total Cost": 0.57, "Plan Rows": 2, "Plan Width": 12, "Index Cond": "(movie_id = at.movie_id)"}]}, {"Node Type": "Index Scan", "Parent Relationship": "Inner", "Scan Direction": "Forward", "Index Name": "company_name_pkey", "Relation Name": "company_name", "Alias": "cn", "Startup Cost": 0.0, "Total Cost": 0.28, "Plan Rows": 1, "Plan Width": 4, "Index Cond": "(id = mc.company_id)", "Filter": "((country_code)::text = '[us]'::text)"}]}, {"Node Type": "Materialize", "Parent Relationship": "Inner", "Startup Cost": 0.0, "Total Cost": 12.31, "Plan Rows": 3, "Plan Width": 4, "Plans": [{"Node Type": "Index Scan", "Parent Relationship": "Outer", "Scan Direction": "Forward", "Index Name": "company_type_pkey", "Relation Name": "company_type", "Alias": "ct", "Startup Cost": 0.0, "Total Cost": 12.29, "Plan Rows": 3, "Plan Width": 4}]}]}, {"Node Type": "Index Scan", "Parent Relationship": "Inner", "Scan Direction": "Forward", "Index Name": "title_pkey", "Relation Name": "title", "Alias": "t", "Startup Cost": 0.0, "Total Cost": 0.34, "Plan Rows": 1, "Plan Width": 21, "Index Cond": "(id = mc.movie_id)", "Filter": "(production_year > 1990)"}]}, {"Node Type": "Index Scan", "Parent Relationship": "Inner", "Scan Direction": "Forward", "Index Name": "movie_id_movie_keyword", "Relation Name": "movie_keyword", "Alias": "mk", "Startup Cost": 0.0, "Total Cost": 0.46, "Plan Rows": 8, "Plan Width": 8, "Index Cond": "(movie_id = mc.movie_id)"}]}, {"Node Type": "Index Scan", "Parent Relationship": "Inner", "Scan Direction": "Forward", "Index Name": "keyword_pkey", "Relation Name": "keyword", "Alias": "k", "Startup Cost": 0.0, "Total Cost": 0.27, "Plan Rows": 1, "Plan Width": 4, "Index Cond": "(id = mk.keyword_id)"}]}]}, "Unique SQL Id": 2302223328, "Planner Runtime": 90}, "explain_analyze_plan": null}, "(64, 38)": {"explain_plan": {"Plan": {"Node Type": "Aggregate", "Strategy": "Plain", "Startup Cost": 83492.25, "Total Cost": 83492.26, "Plan Rows": 1, "Plan Width": 102, "Plans": [{"Node Type": "Hash Join", "Parent Relationship": "Outer", "Join Type": "Inner", "Startup Cost": 3781.54, "Total Cost": 83457.73, "Plan Rows": 6905, "Plan Width": 38, "Inner Unique": true, "Hash Cond": "(mk.keyword_id = k.id)", "Plans": [{"Node Type": "Nested Loop", "Parent Relationship": "Outer", "Join Type": "Inner", "Startup Cost": 3.73, "Total Cost": 79584.49, "Plan Rows": 7042, "Plan Width": 42, "Inner Unique": false, "Join Filter": "(t.id = mk.movie_id)", "Plans": [{"Node Type": "Nested Loop", "Parent Relationship": "Outer", "Join Type": "Inner", "Startup Cost": 3.4, "Total Cost": 75622.79, "Plan Rows": 873, "Plan Width": 54, "Inner Unique": false, "Join Filter": "(t.id = at.movie_id)", "Plans": [{"Node Type": "Nested Loop", "Parent Relationship": "Outer", "Join Type": "Inner", "Startup Cost": 3.12, "Total Cost": 73543.67, "Plan Rows": 478, "Plan Width": 29, "Inner Unique": true, "Join Filter": "(mc.company_type_id = ct.id)", "Plans": [{"Node Type": "Nested Loop", "Parent Relationship": "Outer", "Join Type": "Inner", "Startup Cost": 3.12, "Total Cost": 73521.13, "Plan Rows": 478, "Plan Width": 33, "Inner Unique": true, "Plans": [{"Node Type": "Nested Loop", "Parent Relationship": "Outer", "Join Type": "Inner", "Startup Cost": 2.86, "Total Cost": 71088.18, "Plan Rows": 568, "Plan Width": 37, "Inner Unique": false, "Plans": [{"Node Type": "Nested Loop", "Parent Relationship": "Outer", "Join Type": "Inner", "Startup Cost": 2.58, "Total Cost": 69935.76, "Plan Rows": 266, "Plan Width": 25, "Inner Unique": true, "Plans": [{"Node Type": "Nested Loop", "Parent Relationship": "Outer", "Join Type": "Inner", "Startup Cost": 0.0, "Total Cost": 68668.26, "Plan Rows": 192, "Plan Width": 4, "Inner Unique": false, "Join Filter": "(it1.id = mi.info_type_id)", "Plans": [{"Node Type": "Seq Scan", "Parent Relationship": "Outer", "Relation Name": "info_type", "Alias": "it1", "Startup Cost": 0.0, "Total Cost": 2.4, "Plan Rows": 1, "Plan Width": 4, "Filter": "((info)::text = 'release dates'::text)"}, {"Node Type": "Materialize", "Parent Relationship": "Inner", "Startup Cost": 0.0, "Total Cost": 68531.67, "Plan Rows": 13419, "Plan Width": 8, "Plans": [{"Node Type": "Streaming(type: LOCAL GATHER dop: 1/64)", "Parent Relationship": "Outer", "Startup Cost": 0.0, "Total Cost": 68498.12, "Plan Rows": 13419, "Plan Width": 8, "Plans": [{"Node Type": "Seq Scan", "Parent Relationship": "Outer", "Relation Name": "movie_info", "Alias": "mi", "Startup Cost": 0.0, "Total Cost": 68221.29, "Plan Rows": 13419, "Plan Width": 8, "Filter": "((note)::text ~~ '%internet%'::text)"}]}]}]}, {"Node Type": "Bitmap Heap Scan", "Parent Relationship": "Inner", "Relation Name": "title", "Alias": "t", "Startup Cost": 2.58, "Total Cost": 6.59, "Plan Rows": 1, "Plan Width": 21, "Recheck Cond": "(id = mi.movie_id)", "Filter": "(production_year > 1990)", "Plans": [{"Node Type": "Bitmap Index Scan", "Parent Relationship": "Outer", "Index Name": "title_pkey", "Startup Cost": 0.0, "Total Cost": 2.58, "Plan Rows": 1, "Plan Width": 0, "Index Cond": "(id = mi.movie_id)"}]}]}, {"Node Type": "Bitmap Heap Scan", "Parent Relationship": "Inner", "Relation Name": "movie_companies", "Alias": "mc", "Startup Cost": 0.29, "Total Cost": 4.31, "Plan Rows": 2, "Plan Width": 12, "Recheck Cond": "(movie_id = t.id)", "Plans": [{"Node Type": "Bitmap Index Scan", "Parent Relationship": "Outer", "Index Name": "movie_id_movie_companies", "Startup Cost": 0.0, "Total Cost": 0.29, "Plan Rows": 2, "Plan Width": 0, "Index Cond": "(movie_id = t.id)"}]}]}, {"Node Type": "Bitmap Heap Scan", "Parent Relationship": "Inner", "Relation Name": "company_name", "Alias": "cn", "Startup Cost": 0.26, "Total Cost": 4.27, "Plan Rows": 1, "Plan Width": 4, "Recheck Cond": "(id = mc.company_id)", "Filter": "((country_code)::text = '[us]'::text)", "Plans": [{"Node Type": "Bitmap Index Scan", "Parent Relationship": "Outer", "Index Name": "company_name_pkey", "Startup Cost": 0.0, "Total Cost": 0.26, "Plan Rows": 1, "Plan Width": 0, "Index Cond": "(id = mc.company_id)"}]}]}, {"Node Type": "Materialize", "Parent Relationship": "Inner", "Startup Cost": 0.0, "Total Cost": 1.04, "Plan Rows": 3, "Plan Width": 4, "Plans": [{"Node Type": "Seq Scan", "Parent Relationship": "Outer", "Relation Name": "company_type", "Alias": "ct", "Startup Cost": 0.0, "Total Cost": 1.03, "Plan Rows": 3, "Plan Width": 4}]}]}, {"Node Type": "Bitmap Heap Scan", "Parent Relationship": "Inner", "Relation Name": "aka_title", "Alias": "at", "Startup Cost": 0.27, "Total Cost": 4.31, "Plan Rows": 3, "Plan Width": 25, "Recheck Cond": "(movie_id = mc.movie_id)", "Plans": [{"Node Type": "Bitmap Index Scan", "Parent Relationship": "Outer", "Index Name": "movie_id_aka_title", "Startup Cost": 0.0, "Total Cost": 0.27, "Plan Rows": 3, "Plan Width": 0, "Index Cond": "(movie_id = mc.movie_id)"}]}]}, {"Node Type": "Bitmap Heap Scan", "Parent Relationship": "Inner", "Relation Name": "movie_keyword", "Alias": "mk", "Startup Cost": 0.34, "Total Cost": 4.44, "Plan Rows": 8, "Plan Width": 8, "Recheck Cond": "(movie_id = mc.movie_id)", "Plans": [{"Node Type": "Bitmap Index Scan", "Parent Relationship": "Outer", "Index Name": "movie_id_movie_keyword", "Startup Cost": 0.0, "Total Cost": 0.34, "Plan Rows": 8, "Plan Width": 0, "Index Cond": "(movie_id = mc.movie_id)"}]}]}, {"Node Type": "Hash", "Parent Relationship": "Inner", "Startup Cost": 2100.69, "Total Cost": 2100.69, "Plan Rows": 134169, "Plan Width": 4, "Plans": [{"Node Type": "Seq Scan", "Parent Relationship": "Outer", "Relation Name": "keyword", "Alias": "k", "Startup Cost": 0.0, "Total Cost": 2100.69, "Plan Rows": 134169, "Plan Width": 4}]}]}]}, "Unique SQL Id": 2302223328, "Planner Runtime": 234}, "explain_analyze_plan": {"Plan": {"Node Type": "Aggregate", "Strategy": "Plain", "Startup Cost": 83492.25, "Total Cost": 83492.26, "Plan Rows": 1, "Plan Width": 102, "Actual Min Startup Time": 555.843, "Actual Max Startup Time": 555.843, "Actual Min Total Time": 555.844, "Actual Max Total Time": 555.844, "Plans": [{"Node Type": "Hash Join", "Parent Relationship": "Outer", "Join Type": "Inner", "Startup Cost": 3781.54, "Total Cost": 83457.73, "Plan Rows": 6905, "Plan Width": 38, "Actual Min Startup Time": 238.987, "Actual Max Startup Time": 238.987, "Actual Min Total Time": 553.414, "Actual Max Total Time": 553.414, "Inner Unique": true, "Hash Cond": "(mk.keyword_id = k.id)", "Plans": [{"Node Type": "Nested Loop", "Parent Relationship": "Outer", "Join Type": "Inner", "Startup Cost": 3.73, "Total Cost": 79584.49, "Plan Rows": 7042, "Plan Width": 42, "Actual Min Startup Time": 165.46, "Actual Max Startup Time": 165.46, "Actual Min Total Time": 477.685, "Actual Max Total Time": 477.685, "Inner Unique": false, "Join Filter": "(t.id = mk.movie_id)", "Rows Removed by Join Filter": 0, "Plans": [{"Node Type": "Nested Loop", "Parent Relationship": "Outer", "Join Type": "Inner", "Startup Cost": 3.4, "Total Cost": 75622.79, "Plan Rows": 873, "Plan Width": 54, "Actual Min Startup Time": 165.434, "Actual Max Startup Time": 165.434, "Actual Min Total Time": 472.117, "Actual Max Total Time": 472.117, "Inner Unique": false, "Join Filter": "(t.id = at.movie_id)", "Rows Removed by Join Filter": 0, "Plans": [{"Node Type": "Nested Loop", "Parent Relationship": "Outer", "Join Type": "Inner", "Startup Cost": 3.12, "Total Cost": 73543.67, "Plan Rows": 478, "Plan Width": 29, "Actual Min Startup Time": 165.347, "Actual Max Startup Time": 165.347, "Actual Min Total Time": 443.219, "Actual Max Total Time": 443.219, "Inner Unique": true, "Join Filter": "(mc.company_type_id = ct.id)", "Rows Removed by Join Filter": 11829, "Plans": [{"Node Type": "Nested Loop", "Parent Relationship": "Outer", "Join Type": "Inner", "Startup Cost": 3.12, "Total Cost": 73521.13, "Plan Rows": 478, "Plan Width": 33, "Actual Min Startup Time": 165.297, "Actual Max Startup Time": 165.297, "Actual Min Total Time": 433.43, "Actual Max Total Time": 433.43, "Inner Unique": true, "Plans": [{"Node Type": "Nested Loop", "Parent Relationship": "Outer", "Join Type": "Inner", "Startup Cost": 2.86, "Total Cost": 71088.18, "Plan Rows": 568, "Plan Width": 37, "Actual Min Startup Time": 165.271, "Actual Max Startup Time": 165.271, "Actual Min Total Time": 343.715, "Actual Max Total Time": 343.715, "Inner Unique": false, "Plans": [{"Node Type": "Nested Loop", "Parent Relationship": "Outer", "Join Type": "Inner", "Startup Cost": 2.58, "Total Cost": 69935.76, "Plan Rows": 266, "Plan Width": 25, "Actual Min Startup Time": 165.241, "Actual Max Startup Time": 165.241, "Actual Min Total Time": 255.194, "Actual Max Total Time": 255.194, "Inner Unique": true, "Plans": [{"Node Type": "Nested Loop", "Parent Relationship": "Outer", "Join Type": "Inner", "Startup Cost": 0.0, "Total Cost": 68668.26, "Plan Rows": 192, "Plan Width": 4, "Actual Min Startup Time": 165.196, "Actual Max Startup Time": 165.196, "Actual Min Total Time": 171.667, "Actual Max Total Time": 171.667, "Inner Unique": false, "Join Filter": "(it1.id = mi.info_type_id)", "Rows Removed by Join Filter": 131, "Plans": [{"Node Type": "Seq Scan", "Parent Relationship": "Outer", "Relation Name": "info_type", "Alias": "it1", "Startup Cost": 0.0, "Total Cost": 2.4, "Plan Rows": 1, "Plan Width": 4, "Actual Min Startup Time": 0.062, "Actual Max Startup Time": 0.062, "Actual Min Total Time": 0.087, "Actual Max Total Time": 0.087, "Filter": "((info)::text = 'release dates'::text)", "Rows Removed by Filter": 111, "Actual Rows": 1}, {"Node Type": "Materialize", "Parent Relationship": "Inner", "Startup Cost": 0.0, "Total Cost": 68531.67, "Plan Rows": 13419, "Plan Width": 8, "Actual Min Startup Time": 165.104, "Actual Max Startup Time": 165.104, "Actual Min Total Time": 166.801, "Actual Max Total Time": 166.801, "Plans": [{"Node Type": "Streaming(type: LOCAL GATHER dop: 1/64)", "Parent Relationship": "Outer", "Startup Cost": 0.0, "Total Cost": 68498.12, "Plan Rows": 13419, "Plan Width": 8, "Actual Min Startup Time": 48.545, "Actual Max Startup Time": 48.545, "Actual Min Total Time": 163.074, "Actual Max Total Time": 163.074, "Plans": [{"Node Type": "Seq Scan", "Parent Relationship": "Outer", "Relation Name": "movie_info", "Alias": "mi", "Startup Cost": 0.0, "Total Cost": 68221.29, "Plan Rows": 13419, "Plan Width": 8, "Actual Min Startup Time": 0.104, "Actual Max Startup Time": 21.633, "Actual Min Total Time": 60.274, "Actual Max Total Time": 76.432, "Filter": "((note)::text ~~ '%internet%'::text)", "Rows Removed by Filter": 14824909, "Actual Rows": 10810}], "Actual Rows": 10810}], "Actual Rows": 10811}], "Actual Rows": 10679}, {"Node Type": "Bitmap Heap Scan", "Parent Relationship": "Inner", "Relation Name": "title", "Alias": "t", "Startup Cost": 2.58, "Total Cost": 6.59, "Plan Rows": 1, "Plan Width": 21, "Actual Min Startup Time": 69.842, "Actual Max Startup Time": 69.842, "Actual Min Total Time": 69.842, "Actual Max Total Time": 69.842, "Recheck Cond": "(id = mi.movie_id)", "Rows Removed by Index Recheck": 0, "Filter": "(production_year > 1990)", "Rows Removed by Filter": 17, "Exact Heap Blocks": 10679, "Lossy Heap Blocks": 10679, "Plans": [{"Node Type": "Bitmap Index Scan", "Parent Relationship": "Outer", "Index Name": "title_pkey", "Startup Cost": 0.0, "Total Cost": 2.58, "Plan Rows": 1, "Plan Width": 0, "Actual Min Startup Time": 40.839, "Actual Max Startup Time": 40.839, "Actual Min Total Time": 40.839, "Actual Max Total Time": 40.839, "Index Cond": "(id = mi.movie_id)", "Actual Rows": 10679}], "Actual Rows": 10662}], "Actual Rows": 10662}, {"Node Type": "Bitmap Heap Scan", "Parent Relationship": "Inner", "Relation Name": "movie_companies", "Alias": "mc", "Startup Cost": 0.29, "Total Cost": 4.31, "Plan Rows": 2, "Plan Width": 12, "Actual Min Startup Time": 63.605, "Actual Max Startup Time": 63.605, "Actual Min Total Time": 72.496, "Actual Max Total Time": 72.496, "Recheck Cond": "(movie_id = t.id)", "Rows Removed by Index Recheck": 0, "Exact Heap Blocks": 11694, "Lossy Heap Blocks": 11694, "Plans": [{"Node Type": "Bitmap Index Scan", "Parent Relationship": "Outer", "Index Name": "movie_id_movie_companies", "Startup Cost": 0.0, "Total Cost": 0.29, "Plan Rows": 2, "Plan Width": 0, "Actual Min Startup Time": 42.876, "Actual Max Startup Time": 42.876, "Actual Min Total Time": 42.876, "Actual Max Total Time": 42.876, "Index Cond": "(movie_id = t.id)", "Actual Rows": 14377}], "Actual Rows": 14377}], "Actual Rows": 14377}, {"Node Type": "Bitmap Heap Scan", "Parent Relationship": "Inner", "Relation Name": "company_name", "Alias": "cn", "Startup Cost": 0.26, "Total Cost": 4.27, "Plan Rows": 1, "Plan Width": 4, "Actual Min Startup Time": 71.919, "Actual Max Startup Time": 71.919, "Actual Min Total Time": 71.919, "Actual Max Total Time": 71.919, "Recheck Cond": "(id = mc.company_id)", "Rows Removed by Index Recheck": 0, "Filter": "((country_code)::text = '[us]'::text)", "Rows Removed by Filter": 4520, "Exact Heap Blocks": 14377, "Lossy Heap Blocks": 14377, "Plans": [{"Node Type": "Bitmap Index Scan", "Parent Relationship": "Outer", "Index Name": "company_name_pkey", "Startup Cost": 0.0, "Total Cost": 0.26, "Plan Rows": 1, "Plan Width": 0, "Actual Min Startup Time": 40.798, "Actual Max Startup Time": 40.798, "Actual Min Total Time": 40.798, "Actual Max Total Time": 40.798, "Index Cond": "(id = mc.company_id)", "Actual Rows": 14377}], "Actual Rows": 9857}], "Actual Rows": 9857}, {"Node Type": "Materialize", "Parent Relationship": "Inner", "Startup Cost": 0.0, "Total Cost": 1.04, "Plan Rows": 3, "Plan Width": 4, "Actual Min Startup Time": 1.124, "Actual Max Startup Time": 1.124, "Actual Min Total Time": 2.227, "Actual Max Total Time": 2.227, "Plans": [{"Node Type": "Seq Scan", "Parent Relationship": "Outer", "Relation Name": "company_type", "Alias": "ct", "Startup Cost": 0.0, "Total Cost": 1.03, "Plan Rows": 3, "Plan Width": 4, "Actual Min Startup Time": 0.006, "Actual Max Startup Time": 0.006, "Actual Min Total Time": 0.007, "Actual Max Total Time": 0.007, "Actual Rows": 3}], "Actual Rows": 17743}], "Actual Rows": 5914}, {"Node Type": "Bitmap Heap Scan", "Parent Relationship": "Inner", "Relation Name": "aka_title", "Alias": "at", "Startup Cost": 0.27, "Total Cost": 4.31, "Plan Rows": 3, "Plan Width": 25, "Actual Min Startup Time": 21.461, "Actual Max Startup Time": 21.461, "Actual Min Total Time": 21.687, "Actual Max Total Time": 21.687, "Recheck Cond": "(movie_id = mc.movie_id)", "Rows Removed by Index Recheck": 0, "Exact Heap Blocks": 382, "Lossy Heap Blocks": 382, "Plans": [{"Node Type": "Bitmap Index Scan", "Parent Relationship": "Outer", "Index Name": "movie_id_aka_title", "Startup Cost": 0.0, "Total Cost": 0.27, "Plan Rows": 3, "Plan Width": 0, "Actual Min Startup Time": 17.849, "Actual Max Startup Time": 17.849, "Actual Min Total Time": 17.849, "Actual Max Total Time": 17.849, "Index Cond": "(movie_id = mc.movie_id)", "Actual Rows": 382}], "Actual Rows": 382}], "Actual Rows": 382}, {"Node Type": "Bitmap Heap Scan", "Parent Relationship": "Inner", "Relation Name": "movie_keyword", "Alias": "mk", "Startup Cost": 0.34, "Total Cost": 4.44, "Plan Rows": 8, "Plan Width": 8, "Actual Min Startup Time": 3.066, "Actual Max Startup Time": 3.066, "Actual Min Total Time": 3.669, "Actual Max Total Time": 3.669, "Recheck Cond": "(movie_id = mc.movie_id)", "Rows Removed by Index Recheck": 0, "Exact Heap Blocks": 276, "Lossy Heap Blocks": 276, "Plans": [{"Node Type": "Bitmap Index Scan", "Parent Relationship": "Outer", "Index Name": "movie_id_movie_keyword", "Startup Cost": 0.0, "Total Cost": 0.34, "Plan Rows": 8, "Plan Width": 0, "Actual Min Startup Time": 1.881, "Actual Max Startup Time": 1.881, "Actual Min Total Time": 1.881, "Actual Max Total Time": 1.881, "Index Cond": "(movie_id = mc.movie_id)", "Actual Rows": 4371}], "Actual Rows": 4371}], "Actual Rows": 4371}, {"Node Type": "Hash", "Parent Relationship": "Inner", "Startup Cost": 2100.69, "Total Cost": 2100.69, "Plan Rows": 134169, "Plan Width": 4, "Actual Min Startup Time": 73.254, "Actual Max Startup Time": 73.254, "Actual Min Total Time": 73.254, "Actual Max Total Time": 73.254, "Max Hash Buckets": 262144, "Min Hash Buckets": 262144, "Max Hash Batches": 1, "Min Hash Batches": 1, "Max Original Hash Batches": 1, "Min Original Hash Batches": 1, "Max Peak Memory Usage": 4717, "min Peak Memory Usage": 4717, "Plans": [{"Node Type": "Seq Scan", "Parent Relationship": "Outer", "Relation Name": "keyword", "Alias": "k", "Startup Cost": 0.0, "Total Cost": 2100.69, "Plan Rows": 134169, "Plan Width": 4, "Actual Min Startup Time": 0.053, "Actual Max Startup Time": 0.053, "Actual Min Total Time": 38.535, "Actual Max Total Time": 38.535, "Actual Rows": 134169}], "Actual Rows": 134169}], "Actual Rows": 4371}], "Actual Rows": 1}, "Triggers": [], "Planner Runtime": 234, "Total Runtime": 575.257, "Unique SQL Id": 2302223328}}, "(64, 39)": {"explain_plan": {"Plan": {"Node Type": "Aggregate", "Strategy": "Plain", "Startup Cost": 179483.79, "Total Cost": 179483.8, "Plan Rows": 1, "Plan Width": 102, "Plans": [{"Node Type": "Hash Join", "Parent Relationship": "Outer", "Join Type": "Inner", "Startup Cost": 9392.76, "Total Cost": 179449.26, "Plan Rows": 6905, "Plan Width": 38, "Inner Unique": true, "Hash Cond": "(mk.keyword_id = k.id)", "Plans": [{"Node Type": "Nested Loop", "Parent Relationship": "Outer", "Join Type": "Inner", "Startup Cost": 4862.32, "Total Cost": 174823.39, "Plan Rows": 7042, "Plan Width": 42, "Inner Unique": false, "Join Filter": "(t.id = mk.movie_id)", "Plans": [{"Node Type": "Nested Loop", "Parent Relationship": "Outer", "Join Type": "Inner", "Startup Cost": 4861.98, "Total Cost": 170861.69, "Plan Rows": 873, "Plan Width": 54, "Inner Unique": false, "Join Filter": "(t.id = at.movie_id)", "Plans": [{"Node Type": "Nested Loop", "Parent Relationship": "Outer", "Join Type": "Inner", "Startup Cost": 4861.71, "Total Cost": 168782.57, "Plan Rows": 478, "Plan Width": 29, "Inner Unique": true, "Join Filter": "(mc.company_type_id = ct.id)", "Plans": [{"Node Type": "Nested Loop", "Parent Relationship": "Outer", "Join Type": "Inner", "Startup Cost": 4853.44, "Total Cost": 168748.76, "Plan Rows": 478, "Plan Width": 33, "Inner Unique": true, "Plans": [{"Node Type": "Nested Loop", "Parent Relationship": "Outer", "Join Type": "Inner", "Startup Cost": 4853.18, "Total Cost": 166315.81, "Plan Rows": 568, "Plan Width": 37, "Inner Unique": false, "Plans": [{"Node Type": "Nested Loop", "Parent Relationship": "Outer", "Join Type": "Inner", "Startup Cost": 4852.89, "Total Cost": 165163.39, "Plan Rows": 266, "Plan Width": 25, "Inner Unique": true, "Plans": [{"Node Type": "Nested Loop", "Parent Relationship": "Outer", "Join Type": "Inner", "Startup Cost": 4850.32, "Total Cost": 163895.89, "Plan Rows": 192, "Plan Width": 4, "Inner Unique": false, "Plans": [{"Node Type": "Bitmap Heap Scan", "Parent Relationship": "Outer", "Relation Name": "info_type", "Alias": "it1", "Startup Cost": 8.81, "Total Cost": 14.21, "Plan Rows": 1, "Plan Width": 4, "Filter": "((info)::text = 'release dates'::text)", "Plans": [{"Node Type": "Bitmap Index Scan", "Parent Relationship": "Outer", "Index Name": "info_type_pkey", "Startup Cost": 0.0, "Total Cost": 8.81, "Plan Rows": 112, "Plan Width": 0}]}, {"Node Type": "Bitmap Heap Scan", "Parent Relationship": "Inner", "Relation Name": "movie_info", "Alias": "mi", "Startup Cost": 4841.51, "Total Cost": 163879.76, "Plan Rows": 192, "Plan Width": 8, "Recheck Cond": "(info_type_id = it1.id)", "Filter": "((note)::text ~~ '%internet%'::text)", "Plans": [{"Node Type": "Bitmap Index Scan", "Parent Relationship": "Outer", "Index Name": "info_type_id_movie_info", "Startup Cost": 0.0, "Total Cost": 4841.46, "Plan Rows": 212428, "Plan Width": 0, "Index Cond": "(info_type_id = it1.id)"}]}]}, {"Node Type": "Bitmap Heap Scan", "Parent Relationship": "Inner", "Relation Name": "title", "Alias": "t", "Startup Cost": 2.58, "Total Cost": 6.59, "Plan Rows": 1, "Plan Width": 21, "Recheck Cond": "(id = mi.movie_id)", "Filter": "(production_year > 1990)", "Plans": [{"Node Type": "Bitmap Index Scan", "Parent Relationship": "Outer", "Index Name": "title_pkey", "Startup Cost": 0.0, "Total Cost": 2.58, "Plan Rows": 1, "Plan Width": 0, "Index Cond": "(id = mi.movie_id)"}]}]}, {"Node Type": "Bitmap Heap Scan", "Parent Relationship": "Inner", "Relation Name": "movie_companies", "Alias": "mc", "Startup Cost": 0.29, "Total Cost": 4.31, "Plan Rows": 2, "Plan Width": 12, "Recheck Cond": "(movie_id = t.id)", "Plans": [{"Node Type": "Bitmap Index Scan", "Parent Relationship": "Outer", "Index Name": "movie_id_movie_companies", "Startup Cost": 0.0, "Total Cost": 0.29, "Plan Rows": 2, "Plan Width": 0, "Index Cond": "(movie_id = t.id)"}]}]}, {"Node Type": "Bitmap Heap Scan", "Parent Relationship": "Inner", "Relation Name": "company_name", "Alias": "cn", "Startup Cost": 0.26, "Total Cost": 4.27, "Plan Rows": 1, "Plan Width": 4, "Recheck Cond": "(id = mc.company_id)", "Filter": "((country_code)::text = '[us]'::text)", "Plans": [{"Node Type": "Bitmap Index Scan", "Parent Relationship": "Outer", "Index Name": "company_name_pkey", "Startup Cost": 0.0, "Total Cost": 0.26, "Plan Rows": 1, "Plan Width": 0, "Index Cond": "(id = mc.company_id)"}]}]}, {"Node Type": "Materialize", "Parent Relationship": "Inner", "Startup Cost": 8.27, "Total Cost": 12.31, "Plan Rows": 3, "Plan Width": 4, "Plans": [{"Node Type": "Bitmap Heap Scan", "Parent Relationship": "Outer", "Relation Name": "company_type", "Alias": "ct", "Startup Cost": 8.27, "Total Cost": 12.3, "Plan Rows": 3, "Plan Width": 4, "Plans": [{"Node Type": "Bitmap Index Scan", "Parent Relationship": "Outer", "Index Name": "company_type_pkey", "Startup Cost": 0.0, "Total Cost": 8.27, "Plan Rows": 3, "Plan Width": 0}]}]}]}, {"Node Type": "Bitmap Heap Scan", "Parent Relationship": "Inner", "Relation Name": "aka_title", "Alias": "at", "Startup Cost": 0.27, "Total Cost": 4.31, "Plan Rows": 3, "Plan Width": 25, "Recheck Cond": "(movie_id = mc.movie_id)", "Plans": [{"Node Type": "Bitmap Index Scan", "Parent Relationship": "Outer", "Index Name": "movie_id_aka_title", "Startup Cost": 0.0, "Total Cost": 0.27, "Plan Rows": 3, "Plan Width": 0, "Index Cond": "(movie_id = mc.movie_id)"}]}]}, {"Node Type": "Bitmap Heap Scan", "Parent Relationship": "Inner", "Relation Name": "movie_keyword", "Alias": "mk", "Startup Cost": 0.34, "Total Cost": 4.44, "Plan Rows": 8, "Plan Width": 8, "Recheck Cond": "(movie_id = mc.movie_id)", "Plans": [{"Node Type": "Bitmap Index Scan", "Parent Relationship": "Outer", "Index Name": "movie_id_movie_keyword", "Startup Cost": 0.0, "Total Cost": 0.34, "Plan Rows": 8, "Plan Width": 0, "Index Cond": "(movie_id = mc.movie_id)"}]}]}, {"Node Type": "Hash", "Parent Relationship": "Inner", "Startup Cost": 2853.33, "Total Cost": 2853.33, "Plan Rows": 134169, "Plan Width": 4, "Plans": [{"Node Type": "Bitmap Heap Scan", "Parent Relationship": "Outer", "Relation Name": "keyword", "Alias": "k", "Startup Cost": 752.64, "Total Cost": 2853.33, "Plan Rows": 134169, "Plan Width": 4, "Plans": [{"Node Type": "Bitmap Index Scan", "Parent Relationship": "Outer", "Index Name": "keyword_pkey", "Startup Cost": 0.0, "Total Cost": 719.1, "Plan Rows": 134169, "Plan Width": 0}]}]}]}]}, "Unique SQL Id": 2302223328, "Planner Runtime": 132}, "explain_analyze_plan": null}, "(64, 40)": {"explain_plan": {"Plan": {"Node Type": "Aggregate", "Strategy": "Plain", "Startup Cost": 72484.46, "Total Cost": 72484.47, "Plan Rows": 1, "Plan Width": 102, "Plans": [{"Node Type": "Nested Loop", "Parent Relationship": "Outer", "Join Type": "Inner", "Startup Cost": 0.0, "Total Cost": 72449.93, "Plan Rows": 6905, "Plan Width": 38, "Inner Unique": true, "Plans": [{"Node Type": "Nested Loop", "Parent Relationship": "Outer", "Join Type": "Inner", "Startup Cost": 0.0, "Total Cost": 70478.1, "Plan Rows": 7042, "Plan Width": 42, "Inner Unique": false, "Join Filter": "(t.id = mk.movie_id)", "Plans": [{"Node Type": "Nested Loop", "Parent Relationship": "Outer", "Join Type": "Inner", "Startup Cost": 0.0, "Total Cost": 69987.12, "Plan Rows": 873, "Plan Width": 54, "Inner Unique": true, "Join Filter": "(at.movie_id = t.id)", "Plans": [{"Node Type": "Nested Loop", "Parent Relationship": "Outer", "Join Type": "Inner", "Startup Cost": 0.0, "Total Cost": 69765.04, "Plan Rows": 630, "Plan Width": 33, "Inner Unique": true, "Join Filter": "(mc.company_type_id = ct.id)", "Plans": [{"Node Type": "Nested Loop", "Parent Relationship": "Outer", "Join Type": "Inner", "Startup Cost": 0.0, "Total Cost": 69735.65, "Plan Rows": 630, "Plan Width": 37, "Inner Unique": true, "Plans": [{"Node Type": "Nested Loop", "Parent Relationship": "Outer", "Join Type": "Inner", "Startup Cost": 0.0, "Total Cost": 69433.03, "Plan Rows": 1052, "Plan Width": 41, "Inner Unique": false, "Plans": [{"Node Type": "Nested Loop", "Parent Relationship": "Outer", "Join Type": "Inner", "Startup Cost": 0.0, "Total Cost": 69143.95, "Plan Rows": 490, "Plan Width": 29, "Inner Unique": false, "Plans": [{"Node Type": "Nested Loop", "Parent Relationship": "Outer", "Join Type": "Inner", "Startup Cost": 0.0, "Total Cost": 68668.26, "Plan Rows": 192, "Plan Width": 4, "Inner Unique": false, "Join Filter": "(it1.id = mi.info_type_id)", "Plans": [{"Node Type": "Seq Scan", "Parent Relationship": "Outer", "Relation Name": "info_type", "Alias": "it1", "Startup Cost": 0.0, "Total Cost": 2.4, "Plan Rows": 1, "Plan Width": 4, "Filter": "((info)::text = 'release dates'::text)"}, {"Node Type": "Materialize", "Parent Relationship": "Inner", "Startup Cost": 0.0, "Total Cost": 68531.67, "Plan Rows": 13419, "Plan Width": 8, "Plans": [{"Node Type": "Streaming(type: LOCAL GATHER dop: 1/64)", "Parent Relationship": "Outer", "Startup Cost": 0.0, "Total Cost": 68498.12, "Plan Rows": 13419, "Plan Width": 8, "Plans": [{"Node Type": "Seq Scan", "Parent Relationship": "Outer", "Relation Name": "movie_info", "Alias": "mi", "Startup Cost": 0.0, "Total Cost": 68221.29, "Plan Rows": 13419, "Plan Width": 8, "Filter": "((note)::text ~~ '%internet%'::text)"}]}]}]}, {"Node Type": "Index Scan", "Parent Relationship": "Inner", "Scan Direction": "Forward", "Index Name": "movie_id_aka_title", "Relation Name": "aka_title", "Alias": "at", "Startup Cost": 0.0, "Total Cost": 2.45, "Plan Rows": 3, "Plan Width": 25, "Index Cond": "(movie_id = mi.movie_id)"}]}, {"Node Type": "Index Scan", "Parent Relationship": "Inner", "Scan Direction": "Forward", "Index Name": "movie_id_movie_companies", "Relation Name": "movie_companies", "Alias": "mc", "Startup Cost": 0.0, "Total Cost": 0.57, "Plan Rows": 2, "Plan Width": 12, "Index Cond": "(movie_id = at.movie_id)"}]}, {"Node Type": "Index Scan", "Parent Relationship": "Inner", "Scan Direction": "Forward", "Index Name": "company_name_pkey", "Relation Name": "company_name", "Alias": "cn", "Startup Cost": 0.0, "Total Cost": 0.28, "Plan Rows": 1, "Plan Width": 4, "Index Cond": "(id = mc.company_id)", "Filter": "((country_code)::text = '[us]'::text)"}]}, {"Node Type": "Materialize", "Parent Relationship": "Inner", "Startup Cost": 0.0, "Total Cost": 1.04, "Plan Rows": 3, "Plan Width": 4, "Plans": [{"Node Type": "Seq Scan", "Parent Relationship": "Outer", "Relation Name": "company_type", "Alias": "ct", "Startup Cost": 0.0, "Total Cost": 1.03, "Plan Rows": 3, "Plan Width": 4}]}]}, {"Node Type": "Index Scan", "Parent Relationship": "Inner", "Scan Direction": "Forward", "Index Name": "title_pkey", "Relation Name": "title", "Alias": "t", "Startup Cost": 0.0, "Total Cost": 0.34, "Plan Rows": 1, "Plan Width": 21, "Index Cond": "(id = mc.movie_id)", "Filter": "(production_year > 1990)"}]}, {"Node Type": "Index Scan", "Parent Relationship": "Inner", "Scan Direction": "Forward", "Index Name": "movie_id_movie_keyword", "Relation Name": "movie_keyword", "Alias": "mk", "Startup Cost": 0.0, "Total Cost": 0.46, "Plan Rows": 8, "Plan Width": 8, "Index Cond": "(movie_id = mc.movie_id)"}]}, {"Node Type": "Index Only Scan", "Parent Relationship": "Inner", "Scan Direction": "Forward", "Index Name": "keyword_pkey", "Relation Name": "keyword", "Alias": "k", "Startup Cost": 0.0, "Total Cost": 0.27, "Plan Rows": 1, "Plan Width": 4, "Index Cond": "(id = mk.keyword_id)"}]}]}, "Unique SQL Id": 2302223328, "Planner Runtime": 125}, "explain_analyze_plan": {"Plan": {"Node Type": "Aggregate", "Strategy": "Plain", "Startup Cost": 72484.46, "Total Cost": 72484.47, "Plan Rows": 1, "Plan Width": 102, "Actual Min Startup Time": 246.13, "Actual Max Startup Time": 246.13, "Actual Min Total Time": 246.13, "Actual Max Total Time": 246.13, "Plans": [{"Node Type": "Nested Loop", "Parent Relationship": "Outer", "Join Type": "Inner", "Startup Cost": 0.0, "Total Cost": 72449.93, "Plan Rows": 6905, "Plan Width": 38, "Actual Min Startup Time": 166.05, "Actual Max Startup Time": 166.05, "Actual Min Total Time": 243.463, "Actual Max Total Time": 243.463, "Inner Unique": true, "Plans": [{"Node Type": "Nested Loop", "Parent Relationship": "Outer", "Join Type": "Inner", "Startup Cost": 0.0, "Total Cost": 70478.1, "Plan Rows": 7042, "Plan Width": 42, "Actual Min Startup Time": 166.035, "Actual Max Startup Time": 166.035, "Actual Min Total Time": 229.687, "Actual Max Total Time": 229.687, "Inner Unique": false, "Join Filter": "(t.id = mk.movie_id)", "Rows Removed by Join Filter": 0, "Plans": [{"Node Type": "Nested Loop", "Parent Relationship": "Outer", "Join Type": "Inner", "Startup Cost": 0.0, "Total Cost": 69987.12, "Plan Rows": 873, "Plan Width": 54, "Actual Min Startup Time": 166.015, "Actual Max Startup Time": 166.015, "Actual Min Total Time": 223.626, "Actual Max Total Time": 223.626, "Inner Unique": true, "Join Filter": "(at.movie_id = t.id)", "Rows Removed by Join Filter": 0, "Plans": [{"Node Type": "Nested Loop", "Parent Relationship": "Outer", "Join Type": "Inner", "Startup Cost": 0.0, "Total Cost": 69765.04, "Plan Rows": 630, "Plan Width": 33, "Actual Min Startup Time": 165.994, "Actual Max Startup Time": 165.994, "Actual Min Total Time": 221.011, "Actual Max Total Time": 221.011, "Inner Unique": true, "Join Filter": "(mc.company_type_id = ct.id)", "Rows Removed by Join Filter": 1542, "Plans": [{"Node Type": "Nested Loop", "Parent Relationship": "Outer", "Join Type": "Inner", "Startup Cost": 0.0, "Total Cost": 69735.65, "Plan Rows": 630, "Plan Width": 37, "Actual Min Startup Time": 165.952, "Actual Max Startup Time": 165.952, "Actual Min Total Time": 220.12, "Actual Max Total Time": 220.12, "Inner Unique": true, "Plans": [{"Node Type": "Nested Loop", "Parent Relationship": "Outer", "Join Type": "Inner", "Startup Cost": 0.0, "Total Cost": 69433.03, "Plan Rows": 1052, "Plan Width": 41, "Actual Min Startup Time": 165.926, "Actual Max Startup Time": 165.926, "Actual Min Total Time": 209.895, "Actual Max Total Time": 209.895, "Inner Unique": false, "Plans": [{"Node Type": "Nested Loop", "Parent Relationship": "Outer", "Join Type": "Inner", "Startup Cost": 0.0, "Total Cost": 69143.95, "Plan Rows": 490, "Plan Width": 29, "Actual Min Startup Time": 165.909, "Actual Max Startup Time": 165.909, "Actual Min Total Time": 204.446, "Actual Max Total Time": 204.446, "Inner Unique": false, "Plans": [{"Node Type": "Nested Loop", "Parent Relationship": "Outer", "Join Type": "Inner", "Startup Cost": 0.0, "Total Cost": 68668.26, "Plan Rows": 192, "Plan Width": 4, "Actual Min Startup Time": 165.869, "Actual Max Startup Time": 165.869, "Actual Min Total Time": 171.64, "Actual Max Total Time": 171.64, "Inner Unique": false, "Join Filter": "(it1.id = mi.info_type_id)", "Rows Removed by Join Filter": 131, "Plans": [{"Node Type": "Seq Scan", "Parent Relationship": "Outer", "Relation Name": "info_type", "Alias": "it1", "Startup Cost": 0.0, "Total Cost": 2.4, "Plan Rows": 1, "Plan Width": 4, "Actual Min Startup Time": 0.066, "Actual Max Startup Time": 0.066, "Actual Min Total Time": 0.095, "Actual Max Total Time": 0.095, "Filter": "((info)::text = 'release dates'::text)", "Rows Removed by Filter": 111, "Actual Rows": 1}, {"Node Type": "Materialize", "Parent Relationship": "Inner", "Startup Cost": 0.0, "Total Cost": 68531.67, "Plan Rows": 13419, "Plan Width": 8, "Actual Min Startup Time": 165.775, "Actual Max Startup Time": 165.775, "Actual Min Total Time": 167.335, "Actual Max Total Time": 167.335, "Plans": [{"Node Type": "Streaming(type: LOCAL GATHER dop: 1/64)", "Parent Relationship": "Outer", "Startup Cost": 0.0, "Total Cost": 68498.12, "Plan Rows": 13419, "Plan Width": 8, "Actual Min Startup Time": 62.583, "Actual Max Startup Time": 62.583, "Actual Min Total Time": 163.802, "Actual Max Total Time": 163.802, "Plans": [{"Node Type": "Seq Scan", "Parent Relationship": "Outer", "Relation Name": "movie_info", "Alias": "mi", "Startup Cost": 0.0, "Total Cost": 68221.29, "Plan Rows": 13419, "Plan Width": 8, "Actual Min Startup Time": 0.102, "Actual Max Startup Time": 21.628, "Actual Min Total Time": 60.361, "Actual Max Total Time": 71.748, "Filter": "((note)::text ~~ '%internet%'::text)", "Rows Removed by Filter": 14824909, "Actual Rows": 10810}], "Actual Rows": 10810}], "Actual Rows": 10811}], "Actual Rows": 10679}, {"Node Type": "Index Scan", "Parent Relationship": "Inner", "Scan Direction": "Forward", "Index Name": "movie_id_aka_title", "Relation Name": "aka_title", "Alias": "at", "Startup Cost": 0.0, "Total Cost": 2.45, "Plan Rows": 3, "Plan Width": 25, "Actual Min Startup Time": 27.285, "Actual Max Startup Time": 27.285, "Actual Min Total Time": 27.787, "Actual Max Total Time": 27.787, "Index Cond": "(movie_id = mi.movie_id)", "Rows Removed by Index Recheck": 0, "Actual Rows": 591}], "Actual Rows": 591}, {"Node Type": "Index Scan", "Parent Relationship": "Inner", "Scan Direction": "Forward", "Index Name": "movie_id_movie_companies", "Relation Name": "movie_companies", "Alias": "mc", "Startup Cost": 0.0, "Total Cost": 0.57, "Plan Rows": 2, "Plan Width": 12, "Actual Min Startup Time": 3.224, "Actual Max Startup Time": 3.224, "Actual Min Total Time": 4.608, "Actual Max Total Time": 4.608, "Index Cond": "(movie_id = at.movie_id)", "Rows Removed by Index Recheck": 0, "Actual Rows": 2130}], "Actual Rows": 2130}, {"Node Type": "Index Scan", "Parent Relationship": "Inner", "Scan Direction": "Forward", "Index Name": "company_name_pkey", "Relation Name": "company_name", "Alias": "cn", "Startup Cost": 0.0, "Total Cost": 0.28, "Plan Rows": 1, "Plan Width": 4, "Actual Min Startup Time": 8.845, "Actual Max Startup Time": 8.845, "Actual Min Total Time": 8.845, "Actual Max Total Time": 8.845, "Index Cond": "(id = mc.company_id)", "Rows Removed by Index Recheck": 0, "Filter": "((country_code)::text = '[us]'::text)", "Rows Removed by Filter": 1234, "Actual Rows": 896}], "Actual Rows": 896}, {"Node Type": "Materialize", "Parent Relationship": "Inner", "Startup Cost": 0.0, "Total Cost": 1.04, "Plan Rows": 3, "Plan Width": 4, "Actual Min Startup Time": 0.111, "Actual Max Startup Time": 0.111, "Actual Min Total Time": 0.246, "Actual Max Total Time": 0.246, "Plans": [{"Node Type": "Seq Scan", "Parent Relationship": "Outer", "Relation Name": "company_type", "Alias": "ct", "Startup Cost": 0.0, "Total Cost": 1.03, "Plan Rows": 3, "Plan Width": 4, "Actual Min Startup Time": 0.006, "Actual Max Startup Time": 0.006, "Actual Min Total Time": 0.009, "Actual Max Total Time": 0.009, "Actual Rows": 3}], "Actual Rows": 1924}], "Actual Rows": 382}, {"Node Type": "Index Scan", "Parent Relationship": "Inner", "Scan Direction": "Forward", "Index Name": "title_pkey", "Relation Name": "title", "Alias": "t", "Startup Cost": 0.0, "Total Cost": 0.34, "Plan Rows": 1, "Plan Width": 21, "Actual Min Startup Time": 2.117, "Actual Max Startup Time": 2.117, "Actual Min Total Time": 2.117, "Actual Max Total Time": 2.117, "Index Cond": "(id = mc.movie_id)", "Rows Removed by Index Recheck": 0, "Filter": "(production_year > 1990)", "Rows Removed by Filter": 0, "Actual Rows": 382}], "Actual Rows": 382}, {"Node Type": "Index Scan", "Parent Relationship": "Inner", "Scan Direction": "Forward", "Index Name": "movie_id_movie_keyword", "Relation Name": "movie_keyword", "Alias": "mk", "Startup Cost": 0.0, "Total Cost": 0.46, "Plan Rows": 8, "Plan Width": 8, "Actual Min Startup Time": 2.013, "Actual Max Startup Time": 2.013, "Actual Min Total Time": 4.128, "Actual Max Total Time": 4.128, "Index Cond": "(movie_id = mc.movie_id)", "Rows Removed by Index Recheck": 0, "Actual Rows": 4371}], "Actual Rows": 4371}, {"Node Type": "Index Only Scan", "Parent Relationship": "Inner", "Scan Direction": "Forward", "Index Name": "keyword_pkey", "Relation Name": "keyword", "Alias": "k", "Startup Cost": 0.0, "Total Cost": 0.27, "Plan Rows": 1, "Plan Width": 4, "Actual Min Startup Time": 10.785, "Actual Max Startup Time": 10.785, "Actual Min Total Time": 10.785, "Actual Max Total Time": 10.785, "Index Cond": "(id = mk.keyword_id)", "Rows Removed by Index Recheck": 0, "Heap Fetches": 0, "Actual Rows": 4371}], "Actual Rows": 4371}], "Actual Rows": 1}, "Triggers": [], "Planner Runtime": 125, "Total Runtime": 259.589, "Unique SQL Id": 2302223328}}, "(64, 41)": {"explain_plan": {"Plan": {"Node Type": "Aggregate", "Strategy": "Plain", "Startup Cost": 499523.11, "Total Cost": 499523.12, "Plan Rows": 1, "Plan Width": 102, "Plans": [{"Node Type": "Nested Loop", "Parent Relationship": "Outer", "Join Type": "Inner", "Startup Cost": 0.0, "Total Cost": 499488.58, "Plan Rows": 6905, "Plan Width": 38, "Inner Unique": true, "Plans": [{"Node Type": "Nested Loop", "Parent Relationship": "Outer", "Join Type": "Inner", "Startup Cost": 0.0, "Total Cost": 497516.75, "Plan Rows": 7042, "Plan Width": 42, "Inner Unique": false, "Join Filter": "(t.id = mk.movie_id)", "Plans": [{"Node Type": "Nested Loop", "Parent Relationship": "Outer", "Join Type": "Inner", "Startup Cost": 0.0, "Total Cost": 497025.77, "Plan Rows": 873, "Plan Width": 54, "Inner Unique": true, "Join Filter": "(at.movie_id = t.id)", "Plans": [{"Node Type": "Nested Loop", "Parent Relationship": "Outer", "Join Type": "Inner", "Startup Cost": 0.0, "Total Cost": 496803.69, "Plan Rows": 630, "Plan Width": 33, "Inner Unique": true, "Join Filter": "(mc.company_type_id = ct.id)", "Plans": [{"Node Type": "Nested Loop", "Parent Relationship": "Outer", "Join Type": "Inner", "Startup Cost": 0.0, "Total Cost": 496767.04, "Plan Rows": 630, "Plan Width": 37, "Inner Unique": true, "Plans": [{"Node Type": "Nested Loop", "Parent Relationship": "Outer", "Join Type": "Inner", "Startup Cost": 0.0, "Total Cost": 496464.42, "Plan Rows": 1052, "Plan Width": 41, "Inner Unique": false, "Plans": [{"Node Type": "Nested Loop", "Parent Relationship": "Outer", "Join Type": "Inner", "Startup Cost": 0.0, "Total Cost": 496175.34, "Plan Rows": 490, "Plan Width": 29, "Inner Unique": false, "Plans": [{"Node Type": "Nested Loop", "Parent Relationship": "Outer", "Join Type": "Inner", "Startup Cost": 0.0, "Total Cost": 495699.65, "Plan Rows": 192, "Plan Width": 4, "Inner Unique": false, "Plans": [{"Node Type": "Index Scan", "Parent Relationship": "Outer", "Scan Direction": "Forward", "Index Name": "info_type_pkey", "Relation Name": "info_type", "Alias": "it1", "Startup Cost": 0.0, "Total Cost": 14.21, "Plan Rows": 1, "Plan Width": 4, "Filter": "((info)::text = 'release dates'::text)"}, {"Node Type": "Index Scan", "Parent Relationship": "Inner", "Scan Direction": "Forward", "Index Name": "info_type_id_movie_info", "Relation Name": "movie_info", "Alias": "mi", "Startup Cost": 0.0, "Total Cost": 495683.52, "Plan Rows": 192, "Plan Width": 8, "Index Cond": "(info_type_id = it1.id)", "Filter": "((note)::text ~~ '%internet%'::text)"}]}, {"Node Type": "Index Scan", "Parent Relationship": "Inner", "Scan Direction": "Forward", "Index Name": "movie_id_aka_title", "Relation Name": "aka_title", "Alias": "at", "Startup Cost": 0.0, "Total Cost": 2.45, "Plan Rows": 3, "Plan Width": 25, "Index Cond": "(movie_id = mi.movie_id)"}]}, {"Node Type": "Index Scan", "Parent Relationship": "Inner", "Scan Direction": "Forward", "Index Name": "movie_id_movie_companies", "Relation Name": "movie_companies", "Alias": "mc", "Startup Cost": 0.0, "Total Cost": 0.57, "Plan Rows": 2, "Plan Width": 12, "Index Cond": "(movie_id = at.movie_id)"}]}, {"Node Type": "Index Scan", "Parent Relationship": "Inner", "Scan Direction": "Forward", "Index Name": "company_name_pkey", "Relation Name": "company_name", "Alias": "cn", "Startup Cost": 0.0, "Total Cost": 0.28, "Plan Rows": 1, "Plan Width": 4, "Index Cond": "(id = mc.company_id)", "Filter": "((country_code)::text = '[us]'::text)"}]}, {"Node Type": "Materialize", "Parent Relationship": "Inner", "Startup Cost": 0.0, "Total Cost": 8.31, "Plan Rows": 3, "Plan Width": 4, "Plans": [{"Node Type": "Index Only Scan", "Parent Relationship": "Outer", "Scan Direction": "Forward", "Index Name": "company_type_pkey", "Relation Name": "company_type", "Alias": "ct", "Startup Cost": 0.0, "Total Cost": 8.29, "Plan Rows": 3, "Plan Width": 4}]}]}, {"Node Type": "Index Scan", "Parent Relationship": "Inner", "Scan Direction": "Forward", "Index Name": "title_pkey", "Relation Name": "title", "Alias": "t", "Startup Cost": 0.0, "Total Cost": 0.34, "Plan Rows": 1, "Plan Width": 21, "Index Cond": "(id = mc.movie_id)", "Filter": "(production_year > 1990)"}]}, {"Node Type": "Index Scan", "Parent Relationship": "Inner", "Scan Direction": "Forward", "Index Name": "movie_id_movie_keyword", "Relation Name": "movie_keyword", "Alias": "mk", "Startup Cost": 0.0, "Total Cost": 0.46, "Plan Rows": 8, "Plan Width": 8, "Index Cond": "(movie_id = mc.movie_id)"}]}, {"Node Type": "Index Only Scan", "Parent Relationship": "Inner", "Scan Direction": "Forward", "Index Name": "keyword_pkey", "Relation Name": "keyword", "Alias": "k", "Startup Cost": 0.0, "Total Cost": 0.27, "Plan Rows": 1, "Plan Width": 4, "Index Cond": "(id = mk.keyword_id)"}]}]}, "Unique SQL Id": 2302223328, "Planner Runtime": 87}, "explain_analyze_plan": null}, "(64, 42)": {"explain_plan": {"Plan": {"Node Type": "Aggregate", "Strategy": "Plain", "Startup Cost": 311917.76, "Total Cost": 311917.77, "Plan Rows": 1, "Plan Width": 102, "Plans": [{"Node Type": "Nested Loop", "Parent Relationship": "Outer", "Join Type": "Inner", "Startup Cost": 157401.54, "Total Cost": 311883.24, "Plan Rows": 6905, "Plan Width": 38, "Inner Unique": true, "Join Filter": "(mc.company_type_id = ct.id)", "Plans": [{"Node Type": "Hash Join", "Parent Relationship": "Outer", "Join Type": "Inner", "Startup Cost": 157401.54, "Total Cost": 311571.48, "Plan Rows": 6905, "Plan Width": 42, "Inner Unique": true, "Hash Cond": "(mk.keyword_id = k.id)", "Plans": [{"Node Type": "Hash Join", "Parent Relationship": "Outer", "Join Type": "Inner", "Startup Cost": 153623.74, "Total Cost": 307698.24, "Plan Rows": 7042, "Plan Width": 46, "Inner Unique": true, "Hash Cond": "(mc.company_id = cn.id)", "Plans": [{"Node Type": "Streaming(type: LOCAL GATHER dop: 1/64)", "Parent Relationship": "Outer", "Startup Cost": 151083.25, "Total Cost": 305055.87, "Plan Rows": 11758, "Plan Width": 50, "Plans": [{"Node Type": "Hash Join", "Parent Relationship": "Outer", "Join Type": "Inner", "Startup Cost": 151083.25, "Total Cost": 304813.3, "Plan Rows": 11758, "Plan Width": 50, "Inner Unique": true, "Hash Cond": "(at.movie_id = t.id)", "Plans": [{"Node Type": "Streaming(type: BROADCAST dop: 64/1)", "Parent Relationship": "Outer", "Startup Cost": 134732.34, "Total Cost": 288428.73, "Plan Rows": 543168, "Plan Width": 49, "Plans": [{"Node Type": "Hash Join", "Parent Relationship": "Outer", "Join Type": "Inner", "Startup Cost": 134732.34, "Total Cost": 214223.24, "Plan Rows": 8487, "Plan Width": 49, "Inner Unique": false, "Hash Cond": "(mk.movie_id = at.movie_id)", "Plans": [{"Node Type": "Seq Scan", "Parent Relationship": "Outer", "Relation Name": "movie_keyword", "Alias": "mk", "Startup Cost": 0.0, "Total Cost": 62441.29, "Plan Rows": 4523929, "Plan Width": 8}, {"Node Type": "Hash", "Parent Relationship": "Inner", "Startup Cost": 134719.19, "Total Cost": 134719.19, "Plan Rows": 1052, "Plan Width": 41, "Plans": [{"Node Type": "Hash Join", "Parent Relationship": "Outer", "Join Type": "Inner", "Startup Cost": 83107.27, "Total Cost": 134719.19, "Plan Rows": 1052, "Plan Width": 41, "Inner Unique": false, "Hash Cond": "(mc.movie_id = at.movie_id)", "Plans": [{"Node Type": "Seq Scan", "Parent Relationship": "Outer", "Relation Name": "movie_companies", "Alias": "mc", "Startup Cost": 0.0, "Total Cost": 41817.28, "Plan Rows": 2609128, "Plan Width": 12}, {"Node Type": "Hash", "Parent Relationship": "Inner", "Startup Cost": 83101.15, "Total Cost": 83101.15, "Plan Rows": 490, "Plan Width": 29, "Plans": [{"Node Type": "Hash Join", "Parent Relationship": "Outer", "Join Type": "Inner", "Startup Cost": 14413.1, "Total Cost": 83101.15, "Plan Rows": 490, "Plan Width": 29, "Inner Unique": false, "Hash Cond": "(mi.movie_id = at.movie_id)", "Plans": [{"Node Type": "Nested Loop", "Parent Relationship": "Outer", "Join Type": "Inner", "Startup Cost": 0.0, "Total Cost": 68668.26, "Plan Rows": 192, "Plan Width": 4, "Inner Unique": false, "Join Filter": "(it1.id = mi.info_type_id)", "Plans": [{"Node Type": "Seq Scan", "Parent Relationship": "Outer", "Relation Name": "info_type", "Alias": "it1", "Startup Cost": 0.0, "Total Cost": 2.4, "Plan Rows": 1, "Plan Width": 4, "Filter": "((info)::text = 'release dates'::text)"}, {"Node Type": "Materialize", "Parent Relationship": "Inner", "Startup Cost": 0.0, "Total Cost": 68531.67, "Plan Rows": 13419, "Plan Width": 8, "Plans": [{"Node Type": "Streaming(type: LOCAL GATHER dop: 1/64)", "Parent Relationship": "Outer", "Startup Cost": 0.0, "Total Cost": 68498.12, "Plan Rows": 13419, "Plan Width": 8, "Plans": [{"Node Type": "Seq Scan", "Parent Relationship": "Outer", "Relation Name": "movie_info", "Alias": "mi", "Startup Cost": 0.0, "Total Cost": 68221.29, "Plan Rows": 13419, "Plan Width": 8, "Filter": "((note)::text ~~ '%internet%'::text)"}]}]}]}, {"Node Type": "Hash", "Parent Relationship": "Inner", "Startup Cost": 9894.71, "Total Cost": 9894.71, "Plan Rows": 361471, "Plan Width": 25, "Plans": [{"Node Type": "Seq Scan", "Parent Relationship": "Outer", "Relation Name": "aka_title", "Alias": "at", "Startup Cost": 0.0, "Total Cost": 9894.71, "Plan Rows": 361471, "Plan Width": 25}]}]}]}]}]}]}]}, {"Node Type": "Hash", "Parent Relationship": "Inner", "Startup Cost": 64037.34, "Total Cost": 64037.34, "Plan Rows": 1748840, "Plan Width": 21, "Plans": [{"Node Type": "Seq Scan", "Parent Relationship": "Outer", "Relation Name": "title", "Alias": "t", "Startup Cost": 0.0, "Total Cost": 64037.34, "Plan Rows": 1748840, "Plan Width": 21, "Filter": "(production_year > 1990), (LLVM Optimized)"}]}]}]}, {"Node Type": "Hash", "Parent Relationship": "Inner", "Startup Cost": 5903.45, "Total Cost": 5903.45, "Plan Rows": 85170, "Plan Width": 4, "Plans": [{"Node Type": "Seq Scan", "Parent Relationship": "Outer", "Relation Name": "company_name", "Alias": "cn", "Startup Cost": 0.0, "Total Cost": 5903.45, "Plan Rows": 85170, "Plan Width": 4, "Filter": "((country_code)::text = '[us]'::text)"}]}]}, {"Node Type": "Hash", "Parent Relationship": "Inner", "Startup Cost": 2100.69, "Total Cost": 2100.69, "Plan Rows": 134169, "Plan Width": 4, "Plans": [{"Node Type": "Seq Scan", "Parent Relationship": "Outer", "Relation Name": "keyword", "Alias": "k", "Startup Cost": 0.0, "Total Cost": 2100.69, "Plan Rows": 134169, "Plan Width": 4}]}]}, {"Node Type": "Materialize", "Parent Relationship": "Inner", "Startup Cost": 0.0, "Total Cost": 1.04, "Plan Rows": 3, "Plan Width": 4, "Plans": [{"Node Type": "Seq Scan", "Parent Relationship": "Outer", "Relation Name": "company_type", "Alias": "ct", "Startup Cost": 0.0, "Total Cost": 1.03, "Plan Rows": 3, "Plan Width": 4}]}]}]}, "Unique SQL Id": 2302223328, "Planner Runtime": 329}, "explain_analyze_plan": null}, "(64, 43)": {"explain_plan": {"Plan": {"Node Type": "Aggregate", "Strategy": "Plain", "Startup Cost": 9000224458655.5, "Total Cost": 9000224458655.51, "Plan Rows": 1, "Plan Width": 102, "Plans": [{"Node Type": "Nested Loop", "Parent Relationship": "Outer", "Join Type": "Inner", "Startup Cost": 90000000000.0, "Total Cost": 9000224458620.29, "Plan Rows": 7042, "Plan Width": 38, "Inner Unique": false, "Join Filter": "(t.id = at.movie_id)", "Plans": [{"Node Type": "Nested Loop", "Parent Relationship": "Outer", "Join Type": "Inner", "Startup Cost": 80000000000.0, "Total Cost": 8000201462635.67, "Plan Rows": 3874, "Plan Width": 33, "Inner Unique": true, "Join Filter": "(mk.keyword_id = k.id)", "Plans": [{"Node Type": "Nested Loop", "Parent Relationship": "Outer", "Join Type": "Inner", "Startup Cost": 70000000000.0, "Total Cost": 7000193459661.16, "Plan Rows": 3874, "Plan Width": 37, "Inner Unique": true, "Join Filter": "(mc.company_type_id = ct.id)", "Plans": [{"Node Type": "Nested Loop", "Parent Relationship": "Outer", "Join Type": "Inner", "Startup Cost": 60000000000.0, "Total Cost": 6000193458657.32, "Plan Rows": 3874, "Plan Width": 41, "Inner Unique": false, "Join Filter": "(t.id = mk.movie_id)", "Plans": [{"Node Type": "Index Scan", "Parent Relationship": "Outer", "Scan Direction": "Forward", "Index Name": "movie_id_movie_keyword", "Relation Name": "movie_keyword", "Alias": "mk", "Startup Cost": 10000000000.0, "Total Cost": 1000015300634.17, "Plan Rows": 4523929, "Plan Width": 8}, {"Node Type": "Materialize", "Parent Relationship": "Inner", "Startup Cost": 50000000000.0, "Total Cost": 5000145721453.42, "Plan Rows": 478, "Plan Width": 33, "Plans": [{"Node Type": "Nested Loop", "Parent Relationship": "Outer", "Join Type": "Inner", "Startup Cost": 50000000000.0, "Total Cost": 5000145721451.03, "Plan Rows": 478, "Plan Width": 33, "Inner Unique": true, "Join Filter": "(mc.company_id = cn.id)", "Plans": [{"Node Type": "Nested Loop", "Parent Relationship": "Outer", "Join Type": "Inner", "Startup Cost": 40000000000.0, "Total Cost": 4000143945450.73, "Plan Rows": 568, "Plan Width": 37, "Inner Unique": false, "Join Filter": "(t.id = mc.movie_id)", "Plans": [{"Node Type": "Index Scan", "Parent Relationship": "Outer", "Scan Direction": "Forward", "Index Name": "company_type_id_movie_companies", "Relation Name": "movie_companies", "Alias": "mc", "Startup Cost": 10000000000.0, "Total Cost": 1000009318217.0, "Plan Rows": 2609128, "Plan Width": 12}, {"Node Type": "Materialize", "Parent Relationship": "Inner", "Startup Cost": 30000000000.0, "Total Cost": 3000124216813.68, "Plan Rows": 266, "Plan Width": 25, "Plans": [{"Node Type": "Nested Loop", "Parent Relationship": "Outer", "Join Type": "Inner", "Startup Cost": 30000000000.0, "Total Cost": 3000124216812.35, "Plan Rows": 266, "Plan Width": 25, "Inner Unique": false, "Join Filter": "(mi.movie_id = t.id)", "Plans": [{"Node Type": "Index Scan", "Parent Relationship": "Outer", "Scan Direction": "Forward", "Index Name": "title_pkey", "Relation Name": "title", "Alias": "t", "Startup Cost": 10000000000.0, "Total Cost": 1000011644126.66, "Plan Rows": 1748840, "Plan Width": 21, "Filter": "(production_year > 1990), (LLVM Optimized)"}, {"Node Type": "Materialize", "Parent Relationship": "Inner", "Startup Cost": 20000000000.0, "Total Cost": 2000107536026.96, "Plan Rows": 192, "Plan Width": 4, "Plans": [{"Node Type": "Nested Loop", "Parent Relationship": "Outer", "Join Type": "Inner", "Startup Cost": 20000000000.0, "Total Cost": 2000107536026.0, "Plan Rows": 192, "Plan Width": 4, "Inner Unique": true, "Join Filter": "(it1.id = mi.info_type_id)", "Plans": [{"Node Type": "Index Scan", "Parent Relationship": "Outer", "Scan Direction": "Forward", "Index Name": "movie_id_movie_info", "Relation Name": "movie_info", "Alias": "mi", "Startup Cost": 10000000000.0, "Total Cost": 1000107534403.72, "Plan Rows": 13419, "Plan Width": 8, "Filter": "((note)::text ~~ '%internet%'::text)"}, {"Node Type": "Materialize", "Parent Relationship": "Inner", "Startup Cost": 10000000000.0, "Total Cost": 1000000001421.0, "Plan Rows": 1, "Plan Width": 4, "Plans": [{"Node Type": "Index Scan", "Parent Relationship": "Outer", "Scan Direction": "Forward", "Index Name": "info_type_pkey", "Relation Name": "info_type", "Alias": "it1", "Startup Cost": 10000000000.0, "Total Cost": 1000000001421.0, "Plan Rows": 1, "Plan Width": 4, "Filter": "((info)::text = 'release dates'::text)"}]}]}]}]}]}]}, {"Node Type": "Materialize", "Parent Relationship": "Inner", "Startup Cost": 10000000000.0, "Total Cost": 1000001050564.82, "Plan Rows": 85170, "Plan Width": 4, "Plans": [{"Node Type": "Index Scan", "Parent Relationship": "Outer", "Scan Direction": "Forward", "Index Name": "company_name_pkey", "Relation Name": "company_name", "Alias": "cn", "Startup Cost": 10000000000.0, "Total Cost": 1000001050138.97, "Plan Rows": 85170, "Plan Width": 4, "Filter": "((country_code)::text = '[us]'::text)"}]}]}]}]}, {"Node Type": "Materialize", "Parent Relationship": "Inner", "Startup Cost": 10000000000.0, "Total Cost": 1000000000829.52, "Plan Rows": 3, "Plan Width": 4, "Plans": [{"Node Type": "Index Only Scan", "Parent Relationship": "Outer", "Scan Direction": "Forward", "Index Name": "company_type_pkey", "Relation Name": "company_type", "Alias": "ct", "Startup Cost": 10000000000.0, "Total Cost": 1000000000829.5, "Plan Rows": 3, "Plan Width": 4}]}]}, {"Node Type": "Materialize", "Parent Relationship": "Inner", "Startup Cost": 10000000000.0, "Total Cost": 1000000206749.34, "Plan Rows": 134169, "Plan Width": 4, "Plans": [{"Node Type": "Index Only Scan", "Parent Relationship": "Outer", "Scan Direction": "Forward", "Index Name": "keyword_pkey", "Relation Name": "keyword", "Alias": "k", "Startup Cost": 10000000000.0, "Total Cost": 1000000206078.5, "Plan Rows": 134169, "Plan Width": 4}]}]}, {"Node Type": "Materialize", "Parent Relationship": "Inner", "Startup Cost": 10000000000.0, "Total Cost": 1000001991808.49, "Plan Rows": 361471, "Plan Width": 25, "Plans": [{"Node Type": "Index Scan", "Parent Relationship": "Outer", "Scan Direction": "Forward", "Index Name": "movie_id_aka_title", "Relation Name": "aka_title", "Alias": "at", "Startup Cost": 10000000000.0, "Total Cost": 1000001990001.13, "Plan Rows": 361471, "Plan Width": 25}]}]}]}, "Unique SQL Id": 2302223328, "Planner Runtime": 216}, "explain_analyze_plan": null}, "(64, 44)": {"explain_plan": {"Plan": {"Node Type": "Aggregate", "Strategy": "Plain", "Startup Cost": 72489.19, "Total Cost": 72489.2, "Plan Rows": 1, "Plan Width": 102, "Plans": [{"Node Type": "Nested Loop", "Parent Relationship": "Outer", "Join Type": "Inner", "Startup Cost": 0.0, "Total Cost": 72454.66, "Plan Rows": 6905, "Plan Width": 38, "Inner Unique": true, "Plans": [{"Node Type": "Nested Loop", "Parent Relationship": "Outer", "Join Type": "Inner", "Startup Cost": 0.0, "Total Cost": 70478.1, "Plan Rows": 7042, "Plan Width": 42, "Inner Unique": false, "Join Filter": "(t.id = mk.movie_id)", "Plans": [{"Node Type": "Nested Loop", "Parent Relationship": "Outer", "Join Type": "Inner", "Startup Cost": 0.0, "Total Cost": 69987.12, "Plan Rows": 873, "Plan Width": 54, "Inner Unique": true, "Join Filter": "(at.movie_id = t.id)", "Plans": [{"Node Type": "Nested Loop", "Parent Relationship": "Outer", "Join Type": "Inner", "Startup Cost": 0.0, "Total Cost": 69765.04, "Plan Rows": 630, "Plan Width": 33, "Inner Unique": true, "Join Filter": "(mc.company_type_id = ct.id)", "Plans": [{"Node Type": "Nested Loop", "Parent Relationship": "Outer", "Join Type": "Inner", "Startup Cost": 0.0, "Total Cost": 69735.65, "Plan Rows": 630, "Plan Width": 37, "Inner Unique": true, "Plans": [{"Node Type": "Nested Loop", "Parent Relationship": "Outer", "Join Type": "Inner", "Startup Cost": 0.0, "Total Cost": 69433.03, "Plan Rows": 1052, "Plan Width": 41, "Inner Unique": false, "Plans": [{"Node Type": "Nested Loop", "Parent Relationship": "Outer", "Join Type": "Inner", "Startup Cost": 0.0, "Total Cost": 69143.95, "Plan Rows": 490, "Plan Width": 29, "Inner Unique": false, "Plans": [{"Node Type": "Nested Loop", "Parent Relationship": "Outer", "Join Type": "Inner", "Startup Cost": 0.0, "Total Cost": 68668.26, "Plan Rows": 192, "Plan Width": 4, "Inner Unique": false, "Join Filter": "(it1.id = mi.info_type_id)", "Plans": [{"Node Type": "Seq Scan", "Parent Relationship": "Outer", "Relation Name": "info_type", "Alias": "it1", "Startup Cost": 0.0, "Total Cost": 2.4, "Plan Rows": 1, "Plan Width": 4, "Filter": "((info)::text = 'release dates'::text)"}, {"Node Type": "Materialize", "Parent Relationship": "Inner", "Startup Cost": 0.0, "Total Cost": 68531.67, "Plan Rows": 13419, "Plan Width": 8, "Plans": [{"Node Type": "Streaming(type: LOCAL GATHER dop: 1/64)", "Parent Relationship": "Outer", "Startup Cost": 0.0, "Total Cost": 68498.12, "Plan Rows": 13419, "Plan Width": 8, "Plans": [{"Node Type": "Seq Scan", "Parent Relationship": "Outer", "Relation Name": "movie_info", "Alias": "mi", "Startup Cost": 0.0, "Total Cost": 68221.29, "Plan Rows": 13419, "Plan Width": 8, "Filter": "((note)::text ~~ '%internet%'::text)"}]}]}]}, {"Node Type": "Index Scan", "Parent Relationship": "Inner", "Scan Direction": "Forward", "Index Name": "movie_id_aka_title", "Relation Name": "aka_title", "Alias": "at", "Startup Cost": 0.0, "Total Cost": 2.45, "Plan Rows": 3, "Plan Width": 25, "Index Cond": "(movie_id = mi.movie_id)"}]}, {"Node Type": "Index Scan", "Parent Relationship": "Inner", "Scan Direction": "Forward", "Index Name": "movie_id_movie_companies", "Relation Name": "movie_companies", "Alias": "mc", "Startup Cost": 0.0, "Total Cost": 0.57, "Plan Rows": 2, "Plan Width": 12, "Index Cond": "(movie_id = at.movie_id)"}]}, {"Node Type": "Index Scan", "Parent Relationship": "Inner", "Scan Direction": "Forward", "Index Name": "company_name_pkey", "Relation Name": "company_name", "Alias": "cn", "Startup Cost": 0.0, "Total Cost": 0.28, "Plan Rows": 1, "Plan Width": 4, "Index Cond": "(id = mc.company_id)", "Filter": "((country_code)::text = '[us]'::text)"}]}, {"Node Type": "Materialize", "Parent Relationship": "Inner", "Startup Cost": 0.0, "Total Cost": 1.04, "Plan Rows": 3, "Plan Width": 4, "Plans": [{"Node Type": "Seq Scan", "Parent Relationship": "Outer", "Relation Name": "company_type", "Alias": "ct", "Startup Cost": 0.0, "Total Cost": 1.03, "Plan Rows": 3, "Plan Width": 4}]}]}, {"Node Type": "Index Scan", "Parent Relationship": "Inner", "Scan Direction": "Forward", "Index Name": "title_pkey", "Relation Name": "title", "Alias": "t", "Startup Cost": 0.0, "Total Cost": 0.34, "Plan Rows": 1, "Plan Width": 21, "Index Cond": "(id = mc.movie_id)", "Filter": "(production_year > 1990)"}]}, {"Node Type": "Index Scan", "Parent Relationship": "Inner", "Scan Direction": "Forward", "Index Name": "movie_id_movie_keyword", "Relation Name": "movie_keyword", "Alias": "mk", "Startup Cost": 0.0, "Total Cost": 0.46, "Plan Rows": 8, "Plan Width": 8, "Index Cond": "(movie_id = mc.movie_id)"}]}, {"Node Type": "Index Scan", "Parent Relationship": "Inner", "Scan Direction": "Forward", "Index Name": "keyword_pkey", "Relation Name": "keyword", "Alias": "k", "Startup Cost": 0.0, "Total Cost": 0.27, "Plan Rows": 1, "Plan Width": 4, "Index Cond": "(id = mk.keyword_id)"}]}]}, "Unique SQL Id": 2302223328, "Planner Runtime": 126}, "explain_analyze_plan": {"Plan": {"Node Type": "Aggregate", "Strategy": "Plain", "Startup Cost": 72489.19, "Total Cost": 72489.2, "Plan Rows": 1, "Plan Width": 102, "Actual Min Startup Time": 276.264, "Actual Max Startup Time": 276.264, "Actual Min Total Time": 276.264, "Actual Max Total Time": 276.264, "Plans": [{"Node Type": "Nested Loop", "Parent Relationship": "Outer", "Join Type": "Inner", "Startup Cost": 0.0, "Total Cost": 72454.66, "Plan Rows": 6905, "Plan Width": 38, "Actual Min Startup Time": 193.993, "Actual Max Startup Time": 193.993, "Actual Min Total Time": 273.615, "Actual Max Total Time": 273.615, "Inner Unique": true, "Plans": [{"Node Type": "Nested Loop", "Parent Relationship": "Outer", "Join Type": "Inner", "Startup Cost": 0.0, "Total Cost": 70478.1, "Plan Rows": 7042, "Plan Width": 42, "Actual Min Startup Time": 193.977, "Actual Max Startup Time": 193.977, "Actual Min Total Time": 256.35, "Actual Max Total Time": 256.35, "Inner Unique": false, "Join Filter": "(t.id = mk.movie_id)", "Rows Removed by Join Filter": 0, "Plans": [{"Node Type": "Nested Loop", "Parent Relationship": "Outer", "Join Type": "Inner", "Startup Cost": 0.0, "Total Cost": 69987.12, "Plan Rows": 873, "Plan Width": 54, "Actual Min Startup Time": 193.397, "Actual Max Startup Time": 193.397, "Actual Min Total Time": 250.478, "Actual Max Total Time": 250.478, "Inner Unique": true, "Join Filter": "(at.movie_id = t.id)", "Rows Removed by Join Filter": 0, "Plans": [{"Node Type": "Nested Loop", "Parent Relationship": "Outer", "Join Type": "Inner", "Startup Cost": 0.0, "Total Cost": 69765.04, "Plan Rows": 630, "Plan Width": 33, "Actual Min Startup Time": 193.377, "Actual Max Startup Time": 193.377, "Actual Min Total Time": 247.84, "Actual Max Total Time": 247.84, "Inner Unique": true, "Join Filter": "(mc.company_type_id = ct.id)", "Rows Removed by Join Filter": 1542, "Plans": [{"Node Type": "Nested Loop", "Parent Relationship": "Outer", "Join Type": "Inner", "Startup Cost": 0.0, "Total Cost": 69735.65, "Plan Rows": 630, "Plan Width": 37, "Actual Min Startup Time": 193.348, "Actual Max Startup Time": 193.348, "Actual Min Total Time": 246.959, "Actual Max Total Time": 246.959, "Inner Unique": true, "Plans": [{"Node Type": "Nested Loop", "Parent Relationship": "Outer", "Join Type": "Inner", "Startup Cost": 0.0, "Total Cost": 69433.03, "Plan Rows": 1052, "Plan Width": 41, "Actual Min Startup Time": 193.326, "Actual Max Startup Time": 193.326, "Actual Min Total Time": 236.868, "Actual Max Total Time": 236.868, "Inner Unique": false, "Plans": [{"Node Type": "Nested Loop", "Parent Relationship": "Outer", "Join Type": "Inner", "Startup Cost": 0.0, "Total Cost": 69143.95, "Plan Rows": 490, "Plan Width": 29, "Actual Min Startup Time": 193.309, "Actual Max Startup Time": 193.309, "Actual Min Total Time": 231.614, "Actual Max Total Time": 231.614, "Inner Unique": false, "Plans": [{"Node Type": "Nested Loop", "Parent Relationship": "Outer", "Join Type": "Inner", "Startup Cost": 0.0, "Total Cost": 68668.26, "Plan Rows": 192, "Plan Width": 4, "Actual Min Startup Time": 193.258, "Actual Max Startup Time": 193.258, "Actual Min Total Time": 198.999, "Actual Max Total Time": 198.999, "Inner Unique": false, "Join Filter": "(it1.id = mi.info_type_id)", "Rows Removed by Join Filter": 131, "Plans": [{"Node Type": "Seq Scan", "Parent Relationship": "Outer", "Relation Name": "info_type", "Alias": "it1", "Startup Cost": 0.0, "Total Cost": 2.4, "Plan Rows": 1, "Plan Width": 4, "Actual Min Startup Time": 0.065, "Actual Max Startup Time": 0.065, "Actual Min Total Time": 0.091, "Actual Max Total Time": 0.091, "Filter": "((info)::text = 'release dates'::text)", "Rows Removed by Filter": 111, "Actual Rows": 1}, {"Node Type": "Materialize", "Parent Relationship": "Inner", "Startup Cost": 0.0, "Total Cost": 68531.67, "Plan Rows": 13419, "Plan Width": 8, "Actual Min Startup Time": 193.164, "Actual Max Startup Time": 193.164, "Actual Min Total Time": 194.684, "Actual Max Total Time": 194.684, "Plans": [{"Node Type": "Streaming(type: LOCAL GATHER dop: 1/64)", "Parent Relationship": "Outer", "Startup Cost": 0.0, "Total Cost": 68498.12, "Plan Rows": 13419, "Plan Width": 8, "Actual Min Startup Time": 82.352, "Actual Max Startup Time": 82.352, "Actual Min Total Time": 191.157, "Actual Max Total Time": 191.157, "Plans": [{"Node Type": "Seq Scan", "Parent Relationship": "Outer", "Relation Name": "movie_info", "Alias": "mi", "Startup Cost": 0.0, "Total Cost": 68221.29, "Plan Rows": 13419, "Plan Width": 8, "Actual Min Startup Time": 0.113, "Actual Max Startup Time": 34.148, "Actual Min Total Time": 60.122, "Actual Max Total Time": 89.428, "Filter": "((note)::text ~~ '%internet%'::text)", "Rows Removed by Filter": 14824909, "Actual Rows": 10810}], "Actual Rows": 10810}], "Actual Rows": 10811}], "Actual Rows": 10679}, {"Node Type": "Index Scan", "Parent Relationship": "Inner", "Scan Direction": "Forward", "Index Name": "movie_id_aka_title", "Relation Name": "aka_title", "Alias": "at", "Startup Cost": 0.0, "Total Cost": 2.45, "Plan Rows": 3, "Plan Width": 25, "Actual Min Startup Time": 27.123, "Actual Max Startup Time": 27.123, "Actual Min Total Time": 27.624, "Actual Max Total Time": 27.624, "Index Cond": "(movie_id = mi.movie_id)", "Rows Removed by Index Recheck": 0, "Actual Rows": 591}], "Actual Rows": 591}, {"Node Type": "Index Scan", "Parent Relationship": "Inner", "Scan Direction": "Forward", "Index Name": "movie_id_movie_companies", "Relation Name": "movie_companies", "Alias": "mc", "Startup Cost": 0.0, "Total Cost": 0.57, "Plan Rows": 2, "Plan Width": 12, "Actual Min Startup Time": 3.075, "Actual Max Startup Time": 3.075, "Actual Min Total Time": 4.453, "Actual Max Total Time": 4.453, "Index Cond": "(movie_id = at.movie_id)", "Rows Removed by Index Recheck": 0, "Actual Rows": 2130}], "Actual Rows": 2130}, {"Node Type": "Index Scan", "Parent Relationship": "Inner", "Scan Direction": "Forward", "Index Name": "company_name_pkey", "Relation Name": "company_name", "Alias": "cn", "Startup Cost": 0.0, "Total Cost": 0.28, "Plan Rows": 1, "Plan Width": 4, "Actual Min Startup Time": 8.662, "Actual Max Startup Time": 8.662, "Actual Min Total Time": 8.662, "Actual Max Total Time": 8.662, "Index Cond": "(id = mc.company_id)", "Rows Removed by Index Recheck": 0, "Filter": "((country_code)::text = '[us]'::text)", "Rows Removed by Filter": 1234, "Actual Rows": 896}], "Actual Rows": 896}, {"Node Type": "Materialize", "Parent Relationship": "Inner", "Startup Cost": 0.0, "Total Cost": 1.04, "Plan Rows": 3, "Plan Width": 4, "Actual Min Startup Time": 0.106, "Actual Max Startup Time": 0.106, "Actual Min Total Time": 0.231, "Actual Max Total Time": 0.231, "Plans": [{"Node Type": "Seq Scan", "Parent Relationship": "Outer", "Relation Name": "company_type", "Alias": "ct", "Startup Cost": 0.0, "Total Cost": 1.03, "Plan Rows": 3, "Plan Width": 4, "Actual Min Startup Time": 0.006, "Actual Max Startup Time": 0.006, "Actual Min Total Time": 0.008, "Actual Max Total Time": 0.008, "Actual Rows": 3}], "Actual Rows": 1924}], "Actual Rows": 382}, {"Node Type": "Index Scan", "Parent Relationship": "Inner", "Scan Direction": "Forward", "Index Name": "title_pkey", "Relation Name": "title", "Alias": "t", "Startup Cost": 0.0, "Total Cost": 0.34, "Plan Rows": 1, "Plan Width": 21, "Actual Min Startup Time": 2.126, "Actual Max Startup Time": 2.126, "Actual Min Total Time": 2.126, "Actual Max Total Time": 2.126, "Index Cond": "(id = mc.movie_id)", "Rows Removed by Index Recheck": 0, "Filter": "(production_year > 1990)", "Rows Removed by Filter": 0, "Actual Rows": 382}], "Actual Rows": 382}, {"Node Type": "Index Scan", "Parent Relationship": "Inner", "Scan Direction": "Forward", "Index Name": "movie_id_movie_keyword", "Relation Name": "movie_keyword", "Alias": "mk", "Startup Cost": 0.0, "Total Cost": 0.46, "Plan Rows": 8, "Plan Width": 8, "Actual Min Startup Time": 2.005, "Actual Max Startup Time": 2.005, "Actual Min Total Time": 3.902, "Actual Max Total Time": 3.902, "Index Cond": "(movie_id = mc.movie_id)", "Rows Removed by Index Recheck": 0, "Actual Rows": 4371}], "Actual Rows": 4371}, {"Node Type": "Index Scan", "Parent Relationship": "Inner", "Scan Direction": "Forward", "Index Name": "keyword_pkey", "Relation Name": "keyword", "Alias": "k", "Startup Cost": 0.0, "Total Cost": 0.27, "Plan Rows": 1, "Plan Width": 4, "Actual Min Startup Time": 14.044, "Actual Max Startup Time": 14.044, "Actual Min Total Time": 14.044, "Actual Max Total Time": 14.044, "Index Cond": "(id = mk.keyword_id)", "Rows Removed by Index Recheck": 0, "Actual Rows": 4371}], "Actual Rows": 4371}], "Actual Rows": 1}, "Triggers": [], "Planner Runtime": 126, "Total Runtime": 288.212, "Unique SQL Id": 2302223328}}, "(64, 45)": {"explain_plan": {"Plan": {"Node Type": "Aggregate", "Strategy": "Plain", "Startup Cost": 499531.84, "Total Cost": 499531.85, "Plan Rows": 1, "Plan Width": 102, "Plans": [{"Node Type": "Nested Loop", "Parent Relationship": "Outer", "Join Type": "Inner", "Startup Cost": 0.0, "Total Cost": 499497.31, "Plan Rows": 6905, "Plan Width": 38, "Inner Unique": true, "Plans": [{"Node Type": "Nested Loop", "Parent Relationship": "Outer", "Join Type": "Inner", "Startup Cost": 0.0, "Total Cost": 497520.75, "Plan Rows": 7042, "Plan Width": 42, "Inner Unique": false, "Join Filter": "(t.id = mk.movie_id)", "Plans": [{"Node Type": "Nested Loop", "Parent Relationship": "Outer", "Join Type": "Inner", "Startup Cost": 0.0, "Total Cost": 497029.77, "Plan Rows": 873, "Plan Width": 54, "Inner Unique": true, "Join Filter": "(at.movie_id = t.id)", "Plans": [{"Node Type": "Nested Loop", "Parent Relationship": "Outer", "Join Type": "Inner", "Startup Cost": 0.0, "Total Cost": 496807.69, "Plan Rows": 630, "Plan Width": 33, "Inner Unique": true, "Join Filter": "(mc.company_type_id = ct.id)", "Plans": [{"Node Type": "Nested Loop", "Parent Relationship": "Outer", "Join Type": "Inner", "Startup Cost": 0.0, "Total Cost": 496767.04, "Plan Rows": 630, "Plan Width": 37, "Inner Unique": true, "Plans": [{"Node Type": "Nested Loop", "Parent Relationship": "Outer", "Join Type": "Inner", "Startup Cost": 0.0, "Total Cost": 496464.42, "Plan Rows": 1052, "Plan Width": 41, "Inner Unique": false, "Plans": [{"Node Type": "Nested Loop", "Parent Relationship": "Outer", "Join Type": "Inner", "Startup Cost": 0.0, "Total Cost": 496175.34, "Plan Rows": 490, "Plan Width": 29, "Inner Unique": false, "Plans": [{"Node Type": "Nested Loop", "Parent Relationship": "Outer", "Join Type": "Inner", "Startup Cost": 0.0, "Total Cost": 495699.65, "Plan Rows": 192, "Plan Width": 4, "Inner Unique": false, "Plans": [{"Node Type": "Index Scan", "Parent Relationship": "Outer", "Scan Direction": "Forward", "Index Name": "info_type_pkey", "Relation Name": "info_type", "Alias": "it1", "Startup Cost": 0.0, "Total Cost": 14.21, "Plan Rows": 1, "Plan Width": 4, "Filter": "((info)::text = 'release dates'::text)"}, {"Node Type": "Index Scan", "Parent Relationship": "Inner", "Scan Direction": "Forward", "Index Name": "info_type_id_movie_info", "Relation Name": "movie_info", "Alias": "mi", "Startup Cost": 0.0, "Total Cost": 495683.52, "Plan Rows": 192, "Plan Width": 8, "Index Cond": "(info_type_id = it1.id)", "Filter": "((note)::text ~~ '%internet%'::text)"}]}, {"Node Type": "Index Scan", "Parent Relationship": "Inner", "Scan Direction": "Forward", "Index Name": "movie_id_aka_title", "Relation Name": "aka_title", "Alias": "at", "Startup Cost": 0.0, "Total Cost": 2.45, "Plan Rows": 3, "Plan Width": 25, "Index Cond": "(movie_id = mi.movie_id)"}]}, {"Node Type": "Index Scan", "Parent Relationship": "Inner", "Scan Direction": "Forward", "Index Name": "movie_id_movie_companies", "Relation Name": "movie_companies", "Alias": "mc", "Startup Cost": 0.0, "Total Cost": 0.57, "Plan Rows": 2, "Plan Width": 12, "Index Cond": "(movie_id = at.movie_id)"}]}, {"Node Type": "Index Scan", "Parent Relationship": "Inner", "Scan Direction": "Forward", "Index Name": "company_name_pkey", "Relation Name": "company_name", "Alias": "cn", "Startup Cost": 0.0, "Total Cost": 0.28, "Plan Rows": 1, "Plan Width": 4, "Index Cond": "(id = mc.company_id)", "Filter": "((country_code)::text = '[us]'::text)"}]}, {"Node Type": "Materialize", "Parent Relationship": "Inner", "Startup Cost": 0.0, "Total Cost": 12.31, "Plan Rows": 3, "Plan Width": 4, "Plans": [{"Node Type": "Index Scan", "Parent Relationship": "Outer", "Scan Direction": "Forward", "Index Name": "company_type_pkey", "Relation Name": "company_type", "Alias": "ct", "Startup Cost": 0.0, "Total Cost": 12.29, "Plan Rows": 3, "Plan Width": 4}]}]}, {"Node Type": "Index Scan", "Parent Relationship": "Inner", "Scan Direction": "Forward", "Index Name": "title_pkey", "Relation Name": "title", "Alias": "t", "Startup Cost": 0.0, "Total Cost": 0.34, "Plan Rows": 1, "Plan Width": 21, "Index Cond": "(id = mc.movie_id)", "Filter": "(production_year > 1990)"}]}, {"Node Type": "Index Scan", "Parent Relationship": "Inner", "Scan Direction": "Forward", "Index Name": "movie_id_movie_keyword", "Relation Name": "movie_keyword", "Alias": "mk", "Startup Cost": 0.0, "Total Cost": 0.46, "Plan Rows": 8, "Plan Width": 8, "Index Cond": "(movie_id = mc.movie_id)"}]}, {"Node Type": "Index Scan", "Parent Relationship": "Inner", "Scan Direction": "Forward", "Index Name": "keyword_pkey", "Relation Name": "keyword", "Alias": "k", "Startup Cost": 0.0, "Total Cost": 0.27, "Plan Rows": 1, "Plan Width": 4, "Index Cond": "(id = mk.keyword_id)"}]}]}, "Unique SQL Id": 2302223328, "Planner Runtime": 87}, "explain_analyze_plan": null}, "(64, 46)": {"explain_plan": {"Plan": {"Node Type": "Aggregate", "Strategy": "Plain", "Startup Cost": 311917.76, "Total Cost": 311917.77, "Plan Rows": 1, "Plan Width": 102, "Plans": [{"Node Type": "Nested Loop", "Parent Relationship": "Outer", "Join Type": "Inner", "Startup Cost": 157401.54, "Total Cost": 311883.24, "Plan Rows": 6905, "Plan Width": 38, "Inner Unique": true, "Join Filter": "(mc.company_type_id = ct.id)", "Plans": [{"Node Type": "Hash Join", "Parent Relationship": "Outer", "Join Type": "Inner", "Startup Cost": 157401.54, "Total Cost": 311571.48, "Plan Rows": 6905, "Plan Width": 42, "Inner Unique": true, "Hash Cond": "(mk.keyword_id = k.id)", "Plans": [{"Node Type": "Hash Join", "Parent Relationship": "Outer", "Join Type": "Inner", "Startup Cost": 153623.74, "Total Cost": 307698.24, "Plan Rows": 7042, "Plan Width": 46, "Inner Unique": true, "Hash Cond": "(mc.company_id = cn.id)", "Plans": [{"Node Type": "Streaming(type: LOCAL GATHER dop: 1/64)", "Parent Relationship": "Outer", "Startup Cost": 151083.25, "Total Cost": 305055.87, "Plan Rows": 11758, "Plan Width": 50, "Plans": [{"Node Type": "Hash Join", "Parent Relationship": "Outer", "Join Type": "Inner", "Startup Cost": 151083.25, "Total Cost": 304813.3, "Plan Rows": 11758, "Plan Width": 50, "Inner Unique": true, "Hash Cond": "(at.movie_id = t.id)", "Plans": [{"Node Type": "Streaming(type: BROADCAST dop: 64/1)", "Parent Relationship": "Outer", "Startup Cost": 134732.34, "Total Cost": 288428.73, "Plan Rows": 543168, "Plan Width": 49, "Plans": [{"Node Type": "Hash Join", "Parent Relationship": "Outer", "Join Type": "Inner", "Startup Cost": 134732.34, "Total Cost": 214223.24, "Plan Rows": 8487, "Plan Width": 49, "Inner Unique": false, "Hash Cond": "(mk.movie_id = at.movie_id)", "Plans": [{"Node Type": "Seq Scan", "Parent Relationship": "Outer", "Relation Name": "movie_keyword", "Alias": "mk", "Startup Cost": 0.0, "Total Cost": 62441.29, "Plan Rows": 4523929, "Plan Width": 8}, {"Node Type": "Hash", "Parent Relationship": "Inner", "Startup Cost": 134719.19, "Total Cost": 134719.19, "Plan Rows": 1052, "Plan Width": 41, "Plans": [{"Node Type": "Hash Join", "Parent Relationship": "Outer", "Join Type": "Inner", "Startup Cost": 83107.27, "Total Cost": 134719.19, "Plan Rows": 1052, "Plan Width": 41, "Inner Unique": false, "Hash Cond": "(mc.movie_id = at.movie_id)", "Plans": [{"Node Type": "Seq Scan", "Parent Relationship": "Outer", "Relation Name": "movie_companies", "Alias": "mc", "Startup Cost": 0.0, "Total Cost": 41817.28, "Plan Rows": 2609128, "Plan Width": 12}, {"Node Type": "Hash", "Parent Relationship": "Inner", "Startup Cost": 83101.15, "Total Cost": 83101.15, "Plan Rows": 490, "Plan Width": 29, "Plans": [{"Node Type": "Hash Join", "Parent Relationship": "Outer", "Join Type": "Inner", "Startup Cost": 14413.1, "Total Cost": 83101.15, "Plan Rows": 490, "Plan Width": 29, "Inner Unique": false, "Hash Cond": "(mi.movie_id = at.movie_id)", "Plans": [{"Node Type": "Nested Loop", "Parent Relationship": "Outer", "Join Type": "Inner", "Startup Cost": 0.0, "Total Cost": 68668.26, "Plan Rows": 192, "Plan Width": 4, "Inner Unique": false, "Join Filter": "(it1.id = mi.info_type_id)", "Plans": [{"Node Type": "Seq Scan", "Parent Relationship": "Outer", "Relation Name": "info_type", "Alias": "it1", "Startup Cost": 0.0, "Total Cost": 2.4, "Plan Rows": 1, "Plan Width": 4, "Filter": "((info)::text = 'release dates'::text)"}, {"Node Type": "Materialize", "Parent Relationship": "Inner", "Startup Cost": 0.0, "Total Cost": 68531.67, "Plan Rows": 13419, "Plan Width": 8, "Plans": [{"Node Type": "Streaming(type: LOCAL GATHER dop: 1/64)", "Parent Relationship": "Outer", "Startup Cost": 0.0, "Total Cost": 68498.12, "Plan Rows": 13419, "Plan Width": 8, "Plans": [{"Node Type": "Seq Scan", "Parent Relationship": "Outer", "Relation Name": "movie_info", "Alias": "mi", "Startup Cost": 0.0, "Total Cost": 68221.29, "Plan Rows": 13419, "Plan Width": 8, "Filter": "((note)::text ~~ '%internet%'::text)"}]}]}]}, {"Node Type": "Hash", "Parent Relationship": "Inner", "Startup Cost": 9894.71, "Total Cost": 9894.71, "Plan Rows": 361471, "Plan Width": 25, "Plans": [{"Node Type": "Seq Scan", "Parent Relationship": "Outer", "Relation Name": "aka_title", "Alias": "at", "Startup Cost": 0.0, "Total Cost": 9894.71, "Plan Rows": 361471, "Plan Width": 25}]}]}]}]}]}]}]}, {"Node Type": "Hash", "Parent Relationship": "Inner", "Startup Cost": 64037.34, "Total Cost": 64037.34, "Plan Rows": 1748840, "Plan Width": 21, "Plans": [{"Node Type": "Seq Scan", "Parent Relationship": "Outer", "Relation Name": "title", "Alias": "t", "Startup Cost": 0.0, "Total Cost": 64037.34, "Plan Rows": 1748840, "Plan Width": 21, "Filter": "(production_year > 1990), (LLVM Optimized)"}]}]}]}, {"Node Type": "Hash", "Parent Relationship": "Inner", "Startup Cost": 5903.45, "Total Cost": 5903.45, "Plan Rows": 85170, "Plan Width": 4, "Plans": [{"Node Type": "Seq Scan", "Parent Relationship": "Outer", "Relation Name": "company_name", "Alias": "cn", "Startup Cost": 0.0, "Total Cost": 5903.45, "Plan Rows": 85170, "Plan Width": 4, "Filter": "((country_code)::text = '[us]'::text)"}]}]}, {"Node Type": "Hash", "Parent Relationship": "Inner", "Startup Cost": 2100.69, "Total Cost": 2100.69, "Plan Rows": 134169, "Plan Width": 4, "Plans": [{"Node Type": "Seq Scan", "Parent Relationship": "Outer", "Relation Name": "keyword", "Alias": "k", "Startup Cost": 0.0, "Total Cost": 2100.69, "Plan Rows": 134169, "Plan Width": 4}]}]}, {"Node Type": "Materialize", "Parent Relationship": "Inner", "Startup Cost": 0.0, "Total Cost": 1.04, "Plan Rows": 3, "Plan Width": 4, "Plans": [{"Node Type": "Seq Scan", "Parent Relationship": "Outer", "Relation Name": "company_type", "Alias": "ct", "Startup Cost": 0.0, "Total Cost": 1.03, "Plan Rows": 3, "Plan Width": 4}]}]}]}, "Unique SQL Id": 2302223328, "Planner Runtime": 331}, "explain_analyze_plan": null}, "(64, 47)": {"explain_plan": {"Plan": {"Node Type": "Aggregate", "Strategy": "Plain", "Startup Cost": 9000224537706.44, "Total Cost": 9000224537706.45, "Plan Rows": 1, "Plan Width": 102, "Plans": [{"Node Type": "Nested Loop", "Parent Relationship": "Outer", "Join Type": "Inner", "Startup Cost": 90000000000.0, "Total Cost": 9000224537671.23, "Plan Rows": 7042, "Plan Width": 38, "Inner Unique": false, "Join Filter": "(t.id = at.movie_id)", "Plans": [{"Node Type": "Nested Loop", "Parent Relationship": "Outer", "Join Type": "Inner", "Startup Cost": 80000000000.0, "Total Cost": 8000201541686.61, "Plan Rows": 3874, "Plan Width": 33, "Inner Unique": true, "Join Filter": "(mk.keyword_id = k.id)", "Plans": [{"Node Type": "Nested Loop", "Parent Relationship": "Outer", "Join Type": "Inner", "Startup Cost": 70000000000.0, "Total Cost": 7000193460061.16, "Plan Rows": 3874, "Plan Width": 37, "Inner Unique": true, "Join Filter": "(mc.company_type_id = ct.id)", "Plans": [{"Node Type": "Nested Loop", "Parent Relationship": "Outer", "Join Type": "Inner", "Startup Cost": 60000000000.0, "Total Cost": 6000193458657.32, "Plan Rows": 3874, "Plan Width": 41, "Inner Unique": false, "Join Filter": "(t.id = mk.movie_id)", "Plans": [{"Node Type": "Index Scan", "Parent Relationship": "Outer", "Scan Direction": "Forward", "Index Name": "movie_id_movie_keyword", "Relation Name": "movie_keyword", "Alias": "mk", "Startup Cost": 10000000000.0, "Total Cost": 1000015300634.17, "Plan Rows": 4523929, "Plan Width": 8}, {"Node Type": "Materialize", "Parent Relationship": "Inner", "Startup Cost": 50000000000.0, "Total Cost": 5000145721453.42, "Plan Rows": 478, "Plan Width": 33, "Plans": [{"Node Type": "Nested Loop", "Parent Relationship": "Outer", "Join Type": "Inner", "Startup Cost": 50000000000.0, "Total Cost": 5000145721451.03, "Plan Rows": 478, "Plan Width": 33, "Inner Unique": true, "Join Filter": "(mc.company_id = cn.id)", "Plans": [{"Node Type": "Nested Loop", "Parent Relationship": "Outer", "Join Type": "Inner", "Startup Cost": 40000000000.0, "Total Cost": 4000143945450.73, "Plan Rows": 568, "Plan Width": 37, "Inner Unique": false, "Join Filter": "(t.id = mc.movie_id)", "Plans": [{"Node Type": "Index Scan", "Parent Relationship": "Outer", "Scan Direction": "Forward", "Index Name": "company_type_id_movie_companies", "Relation Name": "movie_companies", "Alias": "mc", "Startup Cost": 10000000000.0, "Total Cost": 1000009318217.0, "Plan Rows": 2609128, "Plan Width": 12}, {"Node Type": "Materialize", "Parent Relationship": "Inner", "Startup Cost": 30000000000.0, "Total Cost": 3000124216813.68, "Plan Rows": 266, "Plan Width": 25, "Plans": [{"Node Type": "Nested Loop", "Parent Relationship": "Outer", "Join Type": "Inner", "Startup Cost": 30000000000.0, "Total Cost": 3000124216812.35, "Plan Rows": 266, "Plan Width": 25, "Inner Unique": false, "Join Filter": "(mi.movie_id = t.id)", "Plans": [{"Node Type": "Index Scan", "Parent Relationship": "Outer", "Scan Direction": "Forward", "Index Name": "title_pkey", "Relation Name": "title", "Alias": "t", "Startup Cost": 10000000000.0, "Total Cost": 1000011644126.66, "Plan Rows": 1748840, "Plan Width": 21, "Filter": "(production_year > 1990), (LLVM Optimized)"}, {"Node Type": "Materialize", "Parent Relationship": "Inner", "Startup Cost": 20000000000.0, "Total Cost": 2000107536026.96, "Plan Rows": 192, "Plan Width": 4, "Plans": [{"Node Type": "Nested Loop", "Parent Relationship": "Outer", "Join Type": "Inner", "Startup Cost": 20000000000.0, "Total Cost": 2000107536026.0, "Plan Rows": 192, "Plan Width": 4, "Inner Unique": true, "Join Filter": "(it1.id = mi.info_type_id)", "Plans": [{"Node Type": "Index Scan", "Parent Relationship": "Outer", "Scan Direction": "Forward", "Index Name": "movie_id_movie_info", "Relation Name": "movie_info", "Alias": "mi", "Startup Cost": 10000000000.0, "Total Cost": 1000107534403.72, "Plan Rows": 13419, "Plan Width": 8, "Filter": "((note)::text ~~ '%internet%'::text)"}, {"Node Type": "Materialize", "Parent Relationship": "Inner", "Startup Cost": 10000000000.0, "Total Cost": 1000000001421.0, "Plan Rows": 1, "Plan Width": 4, "Plans": [{"Node Type": "Index Scan", "Parent Relationship": "Outer", "Scan Direction": "Forward", "Index Name": "info_type_pkey", "Relation Name": "info_type", "Alias": "it1", "Startup Cost": 10000000000.0, "Total Cost": 1000000001421.0, "Plan Rows": 1, "Plan Width": 4, "Filter": "((info)::text = 'release dates'::text)"}]}]}]}]}]}]}, {"Node Type": "Materialize", "Parent Relationship": "Inner", "Startup Cost": 10000000000.0, "Total Cost": 1000001050564.82, "Plan Rows": 85170, "Plan Width": 4, "Plans": [{"Node Type": "Index Scan", "Parent Relationship": "Outer", "Scan Direction": "Forward", "Index Name": "company_name_pkey", "Relation Name": "company_name", "Alias": "cn", "Startup Cost": 10000000000.0, "Total Cost": 1000001050138.97, "Plan Rows": 85170, "Plan Width": 4, "Filter": "((country_code)::text = '[us]'::text)"}]}]}]}]}, {"Node Type": "Materialize", "Parent Relationship": "Inner", "Startup Cost": 10000000000.0, "Total Cost": 1000000001229.52, "Plan Rows": 3, "Plan Width": 4, "Plans": [{"Node Type": "Index Scan", "Parent Relationship": "Outer", "Scan Direction": "Forward", "Index Name": "company_type_pkey", "Relation Name": "company_type", "Alias": "ct", "Startup Cost": 10000000000.0, "Total Cost": 1000000001229.5, "Plan Rows": 3, "Plan Width": 4}]}]}, {"Node Type": "Materialize", "Parent Relationship": "Inner", "Startup Cost": 10000000000.0, "Total Cost": 1000000285400.28, "Plan Rows": 134169, "Plan Width": 4, "Plans": [{"Node Type": "Index Scan", "Parent Relationship": "Outer", "Scan Direction": "Forward", "Index Name": "keyword_pkey", "Relation Name": "keyword", "Alias": "k", "Startup Cost": 10000000000.0, "Total Cost": 1000000284729.43, "Plan Rows": 134169, "Plan Width": 4}]}]}, {"Node Type": "Materialize", "Parent Relationship": "Inner", "Startup Cost": 10000000000.0, "Total Cost": 1000001991808.49, "Plan Rows": 361471, "Plan Width": 25, "Plans": [{"Node Type": "Index Scan", "Parent Relationship": "Outer", "Scan Direction": "Forward", "Index Name": "movie_id_aka_title", "Relation Name": "aka_title", "Alias": "at", "Startup Cost": 10000000000.0, "Total Cost": 1000001990001.13, "Plan Rows": 361471, "Plan Width": 25}]}]}]}, "Unique SQL Id": 2302223328, "Planner Runtime": 214}, "explain_analyze_plan": null}, "(64, 48)": {"explain_plan": {"Plan": {"Node Type": "Aggregate", "Strategy": "Plain", "Startup Cost": 71716.5, "Total Cost": 71716.51, "Plan Rows": 1, "Plan Width": 102, "Plans": [{"Node Type": "Nested Loop", "Parent Relationship": "Outer", "Join Type": "Inner", "Startup Cost": 0.0, "Total Cost": 71682.31, "Plan Rows": 6838, "Plan Width": 38, "Inner Unique": false, "Join Filter": "(t.id = at.movie_id)", "Plans": [{"Node Type": "Nested Loop", "Parent Relationship": "Outer", "Join Type": "Inner", "Startup Cost": 0.0, "Total Cost": 70883.7, "Plan Rows": 2257, "Plan Width": 33, "Inner Unique": true, "Plans": [{"Node Type": "Nested Loop", "Parent Relationship": "Outer", "Join Type": "Inner", "Startup Cost": 0.0, "Total Cost": 70251.71, "Plan Rows": 2257, "Plan Width": 37, "Inner Unique": false, "Join Filter": "(t.id = mk.movie_id)", "Plans": [{"Node Type": "Nested Loop", "Parent Relationship": "Outer", "Join Type": "Inner", "Startup Cost": 0.0, "Total Cost": 70095.36, "Plan Rows": 278, "Plan Width": 29, "Inner Unique": true, "Join Filter": "(mc.company_type_id = ct.id)", "Plans": [{"Node Type": "Nested Loop", "Parent Relationship": "Outer", "Join Type": "Inner", "Startup Cost": 0.0, "Total Cost": 70072.82, "Plan Rows": 478, "Plan Width": 33, "Inner Unique": true, "Plans": [{"Node Type": "Nested Loop", "Parent Relationship": "Outer", "Join Type": "Inner", "Startup Cost": 0.0, "Total Cost": 69909.43, "Plan Rows": 568, "Plan Width": 37, "Inner Unique": false, "Plans": [{"Node Type": "Nested Loop", "Parent Relationship": "Outer", "Join Type": "Inner", "Startup Cost": 0.0, "Total Cost": 69811.57, "Plan Rows": 266, "Plan Width": 25, "Inner Unique": true, "Plans": [{"Node Type": "Nested Loop", "Parent Relationship": "Outer", "Join Type": "Inner", "Startup Cost": 0.0, "Total Cost": 68668.26, "Plan Rows": 192, "Plan Width": 4, "Inner Unique": false, "Join Filter": "(it1.id = mi.info_type_id)", "Plans": [{"Node Type": "Seq Scan", "Parent Relationship": "Outer", "Relation Name": "info_type", "Alias": "it1", "Startup Cost": 0.0, "Total Cost": 2.4, "Plan Rows": 1, "Plan Width": 4, "Filter": "((info)::text = 'release dates'::text)"}, {"Node Type": "Materialize", "Parent Relationship": "Inner", "Startup Cost": 0.0, "Total Cost": 68531.67, "Plan Rows": 13419, "Plan Width": 8, "Plans": [{"Node Type": "Streaming(type: LOCAL GATHER dop: 1/64)", "Parent Relationship": "Outer", "Startup Cost": 0.0, "Total Cost": 68498.12, "Plan Rows": 13419, "Plan Width": 8, "Plans": [{"Node Type": "Seq Scan", "Parent Relationship": "Outer", "Relation Name": "movie_info", "Alias": "mi", "Startup Cost": 0.0, "Total Cost": 68221.29, "Plan Rows": 13419, "Plan Width": 8, "Filter": "((note)::text ~~ '%internet%'::text)"}]}]}]}, {"Node Type": "Index Scan", "Parent Relationship": "Inner", "Scan Direction": "Forward", "Index Name": "title_pkey", "Relation Name": "title", "Alias": "t", "Startup Cost": 0.0, "Total Cost": 5.94, "Plan Rows": 1, "Plan Width": 21, "Index Cond": "(id = mi.movie_id)", "Filter": "(production_year > 1990)"}]}, {"Node Type": "Index Scan", "Parent Relationship": "Inner", "Scan Direction": "Forward", "Index Name": "movie_id_movie_companies", "Relation Name": "movie_companies", "Alias": "mc", "Startup Cost": 0.0, "Total Cost": 0.35, "Plan Rows": 2, "Plan Width": 12, "Index Cond": "(movie_id = t.id)"}]}, {"Node Type": "Index Scan", "Parent Relationship": "Inner", "Scan Direction": "Forward", "Index Name": "company_name_pkey", "Relation Name": "company_name", "Alias": "cn", "Startup Cost": 0.0, "Total Cost": 0.28, "Plan Rows": 1, "Plan Width": 4, "Index Cond": "(id = mc.company_id)", "Filter": "((country_code)::text = '[us]'::text)"}]}, {"Node Type": "Materialize", "Parent Relationship": "Inner", "Startup Cost": 0.0, "Total Cost": 1.04, "Plan Rows": 3, "Plan Width": 4, "Plans": [{"Node Type": "Seq Scan", "Parent Relationship": "Outer", "Relation Name": "company_type", "Alias": "ct", "Startup Cost": 0.0, "Total Cost": 1.03, "Plan Rows": 3, "Plan Width": 4}]}]}, {"Node Type": "Index Scan", "Parent Relationship": "Inner", "Scan Direction": "Forward", "Index Name": "movie_id_movie_keyword", "Relation Name": "movie_keyword", "Alias": "mk", "Startup Cost": 0.0, "Total Cost": 0.46, "Plan Rows": 8, "Plan Width": 8, "Index Cond": "(movie_id = mc.movie_id)"}]}, {"Node Type": "Index Only Scan", "Parent Relationship": "Inner", "Scan Direction": "Forward", "Index Name": "keyword_pkey", "Relation Name": "keyword", "Alias": "k", "Startup Cost": 0.0, "Total Cost": 0.27, "Plan Rows": 1, "Plan Width": 4, "Index Cond": "(id = mk.keyword_id)"}]}, {"Node Type": "Index Scan", "Parent Relationship": "Inner", "Scan Direction": "Forward", "Index Name": "movie_id_aka_title", "Relation Name": "aka_title", "Alias": "at", "Startup Cost": 0.0, "Total Cost": 0.32, "Plan Rows": 3, "Plan Width": 25, "Index Cond": "(movie_id = mk.movie_id)"}]}]}, "Unique SQL Id": 2302223328, "Planner Runtime": 39}, "explain_analyze_plan": {"Plan": {"Node Type": "Aggregate", "Strategy": "Plain", "Startup Cost": 71716.5, "Total Cost": 71716.51, "Plan Rows": 1, "Plan Width": 102, "Actual Min Startup Time": 522.11, "Actual Max Startup Time": 522.11, "Actual Min Total Time": 522.111, "Actual Max Total Time": 522.111, "Plans": [{"Node Type": "Nested Loop", "Parent Relationship": "Outer", "Join Type": "Inner", "Startup Cost": 0.0, "Total Cost": 71682.31, "Plan Rows": 6838, "Plan Width": 38, "Actual Min Startup Time": 174.853, "Actual Max Startup Time": 174.853, "Actual Min Total Time": 519.391, "Actual Max Total Time": 519.391, "Inner Unique": false, "Join Filter": "(t.id = at.movie_id)", "Rows Removed by Join Filter": 0, "Plans": [{"Node Type": "Nested Loop", "Parent Relationship": "Outer", "Join Type": "Inner", "Startup Cost": 0.0, "Total Cost": 70883.7, "Plan Rows": 2257, "Plan Width": 33, "Actual Min Startup Time": 174.833, "Actual Max Startup Time": 174.833, "Actual Min Total Time": 475.797, "Actual Max Total Time": 475.797, "Inner Unique": true, "Plans": [{"Node Type": "Nested Loop", "Parent Relationship": "Outer", "Join Type": "Inner", "Startup Cost": 0.0, "Total Cost": 70251.71, "Plan Rows": 2257, "Plan Width": 37, "Actual Min Startup Time": 174.819, "Actual Max Startup Time": 174.819, "Actual Min Total Time": 429.149, "Actual Max Total Time": 429.149, "Inner Unique": false, "Join Filter": "(t.id = mk.movie_id)", "Rows Removed by Join Filter": 0, "Plans": [{"Node Type": "Nested Loop", "Parent Relationship": "Outer", "Join Type": "Inner", "Startup Cost": 0.0, "Total Cost": 70095.36, "Plan Rows": 278, "Plan Width": 29, "Actual Min Startup Time": 174.755, "Actual Max Startup Time": 174.755, "Actual Min Total Time": 389.355, "Actual Max Total Time": 389.355, "Inner Unique": true, "Join Filter": "(mc.company_type_id = ct.id)", "Rows Removed by Join Filter": 11829, "Plans": [{"Node Type": "Nested Loop", "Parent Relationship": "Outer", "Join Type": "Inner", "Startup Cost": 0.0, "Total Cost": 70072.82, "Plan Rows": 478, "Plan Width": 33, "Actual Min Startup Time": 174.722, "Actual Max Startup Time": 174.722, "Actual Min Total Time": 380.83, "Actual Max Total Time": 380.83, "Inner Unique": true, "Plans": [{"Node Type": "Nested Loop", "Parent Relationship": "Outer", "Join Type": "Inner", "Startup Cost": 0.0, "Total Cost": 69909.43, "Plan Rows": 568, "Plan Width": 37, "Actual Min Startup Time": 174.7, "Actual Max Startup Time": 174.7, "Actual Min Total Time": 312.494, "Actual Max Total Time": 312.494, "Inner Unique": false, "Plans": [{"Node Type": "Nested Loop", "Parent Relationship": "Outer", "Join Type": "Inner", "Startup Cost": 0.0, "Total Cost": 69811.57, "Plan Rows": 266, "Plan Width": 25, "Actual Min Startup Time": 174.681, "Actual Max Startup Time": 174.681, "Actual Min Total Time": 246.736, "Actual Max Total Time": 246.736, "Inner Unique": true, "Plans": [{"Node Type": "Nested Loop", "Parent Relationship": "Outer", "Join Type": "Inner", "Startup Cost": 0.0, "Total Cost": 68668.26, "Plan Rows": 192, "Plan Width": 4, "Actual Min Startup Time": 174.648, "Actual Max Startup Time": 174.648, "Actual Min Total Time": 181.009, "Actual Max Total Time": 181.009, "Inner Unique": false, "Join Filter": "(it1.id = mi.info_type_id)", "Rows Removed by Join Filter": 131, "Plans": [{"Node Type": "Seq Scan", "Parent Relationship": "Outer", "Relation Name": "info_type", "Alias": "it1", "Startup Cost": 0.0, "Total Cost": 2.4, "Plan Rows": 1, "Plan Width": 4, "Actual Min Startup Time": 0.068, "Actual Max Startup Time": 0.068, "Actual Min Total Time": 0.098, "Actual Max Total Time": 0.098, "Filter": "((info)::text = 'release dates'::text)", "Rows Removed by Filter": 111, "Actual Rows": 1}, {"Node Type": "Materialize", "Parent Relationship": "Inner", "Startup Cost": 0.0, "Total Cost": 68531.67, "Plan Rows": 13419, "Plan Width": 8, "Actual Min Startup Time": 174.551, "Actual Max Startup Time": 174.551, "Actual Min Total Time": 176.148, "Actual Max Total Time": 176.148, "Plans": [{"Node Type": "Streaming(type: LOCAL GATHER dop: 1/64)", "Parent Relationship": "Outer", "Startup Cost": 0.0, "Total Cost": 68498.12, "Plan Rows": 13419, "Plan Width": 8, "Actual Min Startup Time": 92.65, "Actual Max Startup Time": 92.65, "Actual Min Total Time": 172.565, "Actual Max Total Time": 172.565, "Plans": [{"Node Type": "Seq Scan", "Parent Relationship": "Outer", "Relation Name": "movie_info", "Alias": "mi", "Startup Cost": 0.0, "Total Cost": 68221.29, "Plan Rows": 13419, "Plan Width": 8, "Actual Min Startup Time": 0.124, "Actual Max Startup Time": 22.037, "Actual Min Total Time": 60.732, "Actual Max Total Time": 70.75, "Filter": "((note)::text ~~ '%internet%'::text)", "Rows Removed by Filter": 14824909, "Actual Rows": 10810}], "Actual Rows": 10810}], "Actual Rows": 10811}], "Actual Rows": 10679}, {"Node Type": "Index Scan", "Parent Relationship": "Inner", "Scan Direction": "Forward", "Index Name": "title_pkey", "Relation Name": "title", "Alias": "t", "Startup Cost": 0.0, "Total Cost": 5.94, "Plan Rows": 1, "Plan Width": 21, "Actual Min Startup Time": 57.29, "Actual Max Startup Time": 57.29, "Actual Min Total Time": 57.29, "Actual Max Total Time": 57.29, "Index Cond": "(id = mi.movie_id)", "Rows Removed by Index Recheck": 0, "Filter": "(production_year > 1990)", "Rows Removed by Filter": 17, "Actual Rows": 10662}], "Actual Rows": 10662}, {"Node Type": "Index Scan", "Parent Relationship": "Inner", "Scan Direction": "Forward", "Index Name": "movie_id_movie_companies", "Relation Name": "movie_companies", "Alias": "mc", "Startup Cost": 0.0, "Total Cost": 0.35, "Plan Rows": 2, "Plan Width": 12, "Actual Min Startup Time": 46.71, "Actual Max Startup Time": 46.71, "Actual Min Total Time": 56.921, "Actual Max Total Time": 56.921, "Index Cond": "(movie_id = t.id)", "Rows Removed by Index Recheck": 0, "Actual Rows": 14377}], "Actual Rows": 14377}, {"Node Type": "Index Scan", "Parent Relationship": "Inner", "Scan Direction": "Forward", "Index Name": "company_name_pkey", "Relation Name": "company_name", "Alias": "cn", "Startup Cost": 0.0, "Total Cost": 0.28, "Plan Rows": 1, "Plan Width": 4, "Actual Min Startup Time": 57.992, "Actual Max Startup Time": 57.992, "Actual Min Total Time": 57.992, "Actual Max Total Time": 57.992, "Index Cond": "(id = mc.company_id)", "Rows Removed by Index Recheck": 0, "Filter": "((country_code)::text = '[us]'::text)", "Rows Removed by Filter": 4520, "Actual Rows": 9857}], "Actual Rows": 9857}, {"Node Type": "Materialize", "Parent Relationship": "Inner", "Startup Cost": 0.0, "Total Cost": 1.04, "Plan Rows": 3, "Plan Width": 4, "Actual Min Startup Time": 1.036, "Actual Max Startup Time": 1.036, "Actual Min Total Time": 2.027, "Actual Max Total Time": 2.027, "Plans": [{"Node Type": "Seq Scan", "Parent Relationship": "Outer", "Relation Name": "company_type", "Alias": "ct", "Startup Cost": 0.0, "Total Cost": 1.03, "Plan Rows": 3, "Plan Width": 4, "Actual Min Startup Time": 0.006, "Actual Max Startup Time": 0.006, "Actual Min Total Time": 0.009, "Actual Max Total Time": 0.009, "Actual Rows": 3}], "Actual Rows": 17743}], "Actual Rows": 5914}, {"Node Type": "Index Scan", "Parent Relationship": "Inner", "Scan Direction": "Forward", "Index Name": "movie_id_movie_keyword", "Relation Name": "movie_keyword", "Alias": "mk", "Startup Cost": 0.0, "Total Cost": 0.46, "Plan Rows": 8, "Plan Width": 8, "Actual Min Startup Time": 24.272, "Actual Max Startup Time": 24.272, "Actual Min Total Time": 30.707, "Actual Max Total Time": 30.707, "Index Cond": "(movie_id = mc.movie_id)", "Rows Removed by Index Recheck": 0, "Actual Rows": 14161}], "Actual Rows": 14161}, {"Node Type": "Index Only Scan", "Parent Relationship": "Inner", "Scan Direction": "Forward", "Index Name": "keyword_pkey", "Relation Name": "keyword", "Alias": "k", "Startup Cost": 0.0, "Total Cost": 0.27, "Plan Rows": 1, "Plan Width": 4, "Actual Min Startup Time": 36.485, "Actual Max Startup Time": 36.485, "Actual Min Total Time": 36.485, "Actual Max Total Time": 36.485, "Index Cond": "(id = mk.keyword_id)", "Rows Removed by Index Recheck": 0, "Heap Fetches": 0, "Actual Rows": 14161}], "Actual Rows": 14161}, {"Node Type": "Index Scan", "Parent Relationship": "Inner", "Scan Direction": "Forward", "Index Name": "movie_id_aka_title", "Relation Name": "aka_title", "Alias": "at", "Startup Cost": 0.0, "Total Cost": 0.32, "Plan Rows": 3, "Plan Width": 25, "Actual Min Startup Time": 33.225, "Actual Max Startup Time": 33.225, "Actual Min Total Time": 35.347, "Actual Max Total Time": 35.347, "Index Cond": "(movie_id = mk.movie_id)", "Rows Removed by Index Recheck": 0, "Actual Rows": 4371}], "Actual Rows": 4371}], "Actual Rows": 1}, "Triggers": [], "Planner Runtime": 39, "Total Runtime": 534.324, "Unique SQL Id": 2302223328}}, "(64, 49)": {"explain_plan": {"Plan": {"Node Type": "Aggregate", "Strategy": "Plain", "Startup Cost": 166951.4, "Total Cost": 166951.41, "Plan Rows": 1, "Plan Width": 102, "Plans": [{"Node Type": "Nested Loop", "Parent Relationship": "Outer", "Join Type": "Inner", "Startup Cost": 4841.51, "Total Cost": 166917.21, "Plan Rows": 6838, "Plan Width": 38, "Inner Unique": false, "Join Filter": "(t.id = at.movie_id)", "Plans": [{"Node Type": "Nested Loop", "Parent Relationship": "Outer", "Join Type": "Inner", "Startup Cost": 4841.51, "Total Cost": 166118.59, "Plan Rows": 2257, "Plan Width": 33, "Inner Unique": true, "Plans": [{"Node Type": "Nested Loop", "Parent Relationship": "Outer", "Join Type": "Inner", "Startup Cost": 4841.51, "Total Cost": 165486.61, "Plan Rows": 2257, "Plan Width": 37, "Inner Unique": false, "Join Filter": "(t.id = mk.movie_id)", "Plans": [{"Node Type": "Nested Loop", "Parent Relationship": "Outer", "Join Type": "Inner", "Startup Cost": 4841.51, "Total Cost": 165330.26, "Plan Rows": 278, "Plan Width": 29, "Inner Unique": true, "Join Filter": "(mc.company_type_id = ct.id)", "Plans": [{"Node Type": "Nested Loop", "Parent Relationship": "Outer", "Join Type": "Inner", "Startup Cost": 4841.51, "Total Cost": 165300.45, "Plan Rows": 478, "Plan Width": 33, "Inner Unique": true, "Plans": [{"Node Type": "Nested Loop", "Parent Relationship": "Outer", "Join Type": "Inner", "Startup Cost": 4841.51, "Total Cost": 165137.06, "Plan Rows": 568, "Plan Width": 37, "Inner Unique": false, "Plans": [{"Node Type": "Nested Loop", "Parent Relationship": "Outer", "Join Type": "Inner", "Startup Cost": 4841.51, "Total Cost": 165039.2, "Plan Rows": 266, "Plan Width": 25, "Inner Unique": true, "Plans": [{"Node Type": "Nested Loop", "Parent Relationship": "Outer", "Join Type": "Inner", "Startup Cost": 4841.51, "Total Cost": 163895.89, "Plan Rows": 192, "Plan Width": 4, "Inner Unique": false, "Plans": [{"Node Type": "Index Scan", "Parent Relationship": "Outer", "Scan Direction": "Forward", "Index Name": "info_type_pkey", "Relation Name": "info_type", "Alias": "it1", "Startup Cost": 0.0, "Total Cost": 14.21, "Plan Rows": 1, "Plan Width": 4, "Filter": "((info)::text = 'release dates'::text)"}, {"Node Type": "Bitmap Heap Scan", "Parent Relationship": "Inner", "Relation Name": "movie_info", "Alias": "mi", "Startup Cost": 4841.51, "Total Cost": 163879.76, "Plan Rows": 192, "Plan Width": 8, "Recheck Cond": "(info_type_id = it1.id)", "Filter": "((note)::text ~~ '%internet%'::text)", "Plans": [{"Node Type": "Bitmap Index Scan", "Parent Relationship": "Outer", "Index Name": "info_type_id_movie_info", "Startup Cost": 0.0, "Total Cost": 4841.46, "Plan Rows": 212428, "Plan Width": 0, "Index Cond": "(info_type_id = it1.id)"}]}]}, {"Node Type": "Index Scan", "Parent Relationship": "Inner", "Scan Direction": "Forward", "Index Name": "title_pkey", "Relation Name": "title", "Alias": "t", "Startup Cost": 0.0, "Total Cost": 5.94, "Plan Rows": 1, "Plan Width": 21, "Index Cond": "(id = mi.movie_id)", "Filter": "(production_year > 1990)"}]}, {"Node Type": "Index Scan", "Parent Relationship": "Inner", "Scan Direction": "Forward", "Index Name": "movie_id_movie_companies", "Relation Name": "movie_companies", "Alias": "mc", "Startup Cost": 0.0, "Total Cost": 0.35, "Plan Rows": 2, "Plan Width": 12, "Index Cond": "(movie_id = t.id)"}]}, {"Node Type": "Index Scan", "Parent Relationship": "Inner", "Scan Direction": "Forward", "Index Name": "company_name_pkey", "Relation Name": "company_name", "Alias": "cn", "Startup Cost": 0.0, "Total Cost": 0.28, "Plan Rows": 1, "Plan Width": 4, "Index Cond": "(id = mc.company_id)", "Filter": "((country_code)::text = '[us]'::text)"}]}, {"Node Type": "Materialize", "Parent Relationship": "Inner", "Startup Cost": 0.0, "Total Cost": 8.31, "Plan Rows": 3, "Plan Width": 4, "Plans": [{"Node Type": "Index Only Scan", "Parent Relationship": "Outer", "Scan Direction": "Forward", "Index Name": "company_type_pkey", "Relation Name": "company_type", "Alias": "ct", "Startup Cost": 0.0, "Total Cost": 8.29, "Plan Rows": 3, "Plan Width": 4}]}]}, {"Node Type": "Index Scan", "Parent Relationship": "Inner", "Scan Direction": "Forward", "Index Name": "movie_id_movie_keyword", "Relation Name": "movie_keyword", "Alias": "mk", "Startup Cost": 0.0, "Total Cost": 0.46, "Plan Rows": 8, "Plan Width": 8, "Index Cond": "(movie_id = mc.movie_id)"}]}, {"Node Type": "Index Only Scan", "Parent Relationship": "Inner", "Scan Direction": "Forward", "Index Name": "keyword_pkey", "Relation Name": "keyword", "Alias": "k", "Startup Cost": 0.0, "Total Cost": 0.27, "Plan Rows": 1, "Plan Width": 4, "Index Cond": "(id = mk.keyword_id)"}]}, {"Node Type": "Index Scan", "Parent Relationship": "Inner", "Scan Direction": "Forward", "Index Name": "movie_id_aka_title", "Relation Name": "aka_title", "Alias": "at", "Startup Cost": 0.0, "Total Cost": 0.32, "Plan Rows": 3, "Plan Width": 25, "Index Cond": "(movie_id = mk.movie_id)"}]}]}, "Unique SQL Id": 2302223328, "Planner Runtime": 35}, "explain_analyze_plan": null}, "(64, 50)": {"explain_plan": {"Plan": {"Node Type": "Aggregate", "Strategy": "Plain", "Startup Cost": 94111.46, "Total Cost": 94111.47, "Plan Rows": 1, "Plan Width": 102, "Plans": [{"Node Type": "Nested Loop", "Parent Relationship": "Outer", "Join Type": "Inner", "Startup Cost": 4.02, "Total Cost": 94077.27, "Plan Rows": 6838, "Plan Width": 38, "Inner Unique": false, "Join Filter": "(t.id = at.movie_id)", "Plans": [{"Node Type": "Nested Loop", "Parent Relationship": "Outer", "Join Type": "Inner", "Startup Cost": 3.74, "Total Cost": 84261.5, "Plan Rows": 2257, "Plan Width": 33, "Inner Unique": true, "Plans": [{"Node Type": "Nested Loop", "Parent Relationship": "Outer", "Join Type": "Inner", "Startup Cost": 3.49, "Total Cost": 74600.95, "Plan Rows": 2257, "Plan Width": 37, "Inner Unique": false, "Join Filter": "(t.id = mk.movie_id)", "Plans": [{"Node Type": "Nested Loop", "Parent Relationship": "Outer", "Join Type": "Inner", "Startup Cost": 3.15, "Total Cost": 73339.38, "Plan Rows": 278, "Plan Width": 29, "Inner Unique": true, "Join Filter": "(mi.movie_id = t.id)", "Plans": [{"Node Type": "Nested Loop", "Parent Relationship": "Outer", "Join Type": "Inner", "Startup Cost": 2.88, "Total Cost": 72475.19, "Plan Rows": 201, "Plan Width": 8, "Inner Unique": true, "Join Filter": "(mc.company_type_id = ct.id)", "Plans": [{"Node Type": "Nested Loop", "Parent Relationship": "Outer", "Join Type": "Inner", "Startup Cost": 2.88, "Total Cost": 72458.63, "Plan Rows": 345, "Plan Width": 12, "Inner Unique": true, "Plans": [{"Node Type": "Nested Loop", "Parent Relationship": "Outer", "Join Type": "Inner", "Startup Cost": 2.62, "Total Cost": 70702.45, "Plan Rows": 410, "Plan Width": 16, "Inner Unique": false, "Plans": [{"Node Type": "Nested Loop", "Parent Relationship": "Outer", "Join Type": "Inner", "Startup Cost": 0.0, "Total Cost": 68668.26, "Plan Rows": 192, "Plan Width": 4, "Inner Unique": false, "Join Filter": "(it1.id = mi.info_type_id)", "Plans": [{"Node Type": "Seq Scan", "Parent Relationship": "Outer", "Relation Name": "info_type", "Alias": "it1", "Startup Cost": 0.0, "Total Cost": 2.4, "Plan Rows": 1, "Plan Width": 4, "Filter": "((info)::text = 'release dates'::text)"}, {"Node Type": "Materialize", "Parent Relationship": "Inner", "Startup Cost": 0.0, "Total Cost": 68531.67, "Plan Rows": 13419, "Plan Width": 8, "Plans": [{"Node Type": "Streaming(type: LOCAL GATHER dop: 1/64)", "Parent Relationship": "Outer", "Startup Cost": 0.0, "Total Cost": 68498.12, "Plan Rows": 13419, "Plan Width": 8, "Plans": [{"Node Type": "Seq Scan", "Parent Relationship": "Outer", "Relation Name": "movie_info", "Alias": "mi", "Startup Cost": 0.0, "Total Cost": 68221.29, "Plan Rows": 13419, "Plan Width": 8, "Filter": "((note)::text ~~ '%internet%'::text)"}]}]}]}, {"Node Type": "Bitmap Heap Scan", "Parent Relationship": "Inner", "Relation Name": "movie_companies", "Alias": "mc", "Startup Cost": 2.62, "Total Cost": 10.57, "Plan Rows": 2, "Plan Width": 12, "Recheck Cond": "(movie_id = mi.movie_id)", "Plans": [{"Node Type": "Bitmap Index Scan", "Parent Relationship": "Outer", "Index Name": "movie_id_movie_companies", "Startup Cost": 0.0, "Total Cost": 2.62, "Plan Rows": 2, "Plan Width": 0, "Index Cond": "(movie_id = mi.movie_id)"}]}]}, {"Node Type": "Bitmap Heap Scan", "Parent Relationship": "Inner", "Relation Name": "company_name", "Alias": "cn", "Startup Cost": 0.26, "Total Cost": 4.27, "Plan Rows": 1, "Plan Width": 4, "Recheck Cond": "(id = mc.company_id)", "Filter": "((country_code)::text = '[us]'::text)", "Plans": [{"Node Type": "Bitmap Index Scan", "Parent Relationship": "Outer", "Index Name": "company_name_pkey", "Startup Cost": 0.0, "Total Cost": 0.26, "Plan Rows": 1, "Plan Width": 0, "Index Cond": "(id = mc.company_id)"}]}]}, {"Node Type": "Materialize", "Parent Relationship": "Inner", "Startup Cost": 0.0, "Total Cost": 1.04, "Plan Rows": 3, "Plan Width": 4, "Plans": [{"Node Type": "Seq Scan", "Parent Relationship": "Outer", "Relation Name": "company_type", "Alias": "ct", "Startup Cost": 0.0, "Total Cost": 1.03, "Plan Rows": 3, "Plan Width": 4}]}]}, {"Node Type": "Bitmap Heap Scan", "Parent Relationship": "Inner", "Relation Name": "title", "Alias": "t", "Startup Cost": 0.27, "Total Cost": 4.29, "Plan Rows": 1, "Plan Width": 21, "Recheck Cond": "(id = mc.movie_id)", "Filter": "(production_year > 1990)", "Plans": [{"Node Type": "Bitmap Index Scan", "Parent Relationship": "Outer", "Index Name": "title_pkey", "Startup Cost": 0.0, "Total Cost": 0.27, "Plan Rows": 1, "Plan Width": 0, "Index Cond": "(id = mc.movie_id)"}]}]}, {"Node Type": "Bitmap Heap Scan", "Parent Relationship": "Inner", "Relation Name": "movie_keyword", "Alias": "mk", "Startup Cost": 0.34, "Total Cost": 4.44, "Plan Rows": 8, "Plan Width": 8, "Recheck Cond": "(movie_id = mc.movie_id)", "Plans": [{"Node Type": "Bitmap Index Scan", "Parent Relationship": "Outer", "Index Name": "movie_id_movie_keyword", "Startup Cost": 0.0, "Total Cost": 0.34, "Plan Rows": 8, "Plan Width": 0, "Index Cond": "(movie_id = mc.movie_id)"}]}]}, {"Node Type": "Bitmap Heap Scan", "Parent Relationship": "Inner", "Relation Name": "keyword", "Alias": "k", "Startup Cost": 0.26, "Total Cost": 4.27, "Plan Rows": 1, "Plan Width": 4, "Recheck Cond": "(id = mk.keyword_id)", "Plans": [{"Node Type": "Bitmap Index Scan", "Parent Relationship": "Outer", "Index Name": "keyword_pkey", "Startup Cost": 0.0, "Total Cost": 0.26, "Plan Rows": 1, "Plan Width": 0, "Index Cond": "(id = mk.keyword_id)"}]}]}, {"Node Type": "Bitmap Heap Scan", "Parent Relationship": "Inner", "Relation Name": "aka_title", "Alias": "at", "Startup Cost": 0.27, "Total Cost": 4.31, "Plan Rows": 3, "Plan Width": 25, "Recheck Cond": "(movie_id = mk.movie_id)", "Plans": [{"Node Type": "Bitmap Index Scan", "Parent Relationship": "Outer", "Index Name": "movie_id_aka_title", "Startup Cost": 0.0, "Total Cost": 0.27, "Plan Rows": 3, "Plan Width": 0, "Index Cond": "(movie_id = mk.movie_id)"}]}]}]}, "Unique SQL Id": 2302223328, "Planner Runtime": 101}, "explain_analyze_plan": {"Plan": {"Node Type": "Aggregate", "Strategy": "Plain", "Startup Cost": 94111.46, "Total Cost": 94111.47, "Plan Rows": 1, "Plan Width": 102, "Actual Min Startup Time": 636.928, "Actual Max Startup Time": 636.928, "Actual Min Total Time": 636.928, "Actual Max Total Time": 636.928, "Plans": [{"Node Type": "Nested Loop", "Parent Relationship": "Outer", "Join Type": "Inner", "Startup Cost": 4.02, "Total Cost": 94077.27, "Plan Rows": 6838, "Plan Width": 38, "Actual Min Startup Time": 202.06, "Actual Max Startup Time": 202.06, "Actual Min Total Time": 633.841, "Actual Max Total Time": 633.841, "Inner Unique": false, "Join Filter": "(t.id = at.movie_id)", "Rows Removed by Join Filter": 0, "Plans": [{"Node Type": "Nested Loop", "Parent Relationship": "Outer", "Join Type": "Inner", "Startup Cost": 3.74, "Total Cost": 84261.5, "Plan Rows": 2257, "Plan Width": 33, "Actual Min Startup Time": 201.121, "Actual Max Startup Time": 201.121, "Actual Min Total Time": 571.556, "Actual Max Total Time": 571.556, "Inner Unique": true, "Plans": [{"Node Type": "Nested Loop", "Parent Relationship": "Outer", "Join Type": "Inner", "Startup Cost": 3.49, "Total Cost": 74600.95, "Plan Rows": 2257, "Plan Width": 37, "Actual Min Startup Time": 201.104, "Actual Max Startup Time": 201.104, "Actual Min Total Time": 491.548, "Actual Max Total Time": 491.548, "Inner Unique": false, "Join Filter": "(t.id = mk.movie_id)", "Rows Removed by Join Filter": 0, "Plans": [{"Node Type": "Nested Loop", "Parent Relationship": "Outer", "Join Type": "Inner", "Startup Cost": 3.15, "Total Cost": 73339.38, "Plan Rows": 278, "Plan Width": 29, "Actual Min Startup Time": 200.856, "Actual Max Startup Time": 200.856, "Actual Min Total Time": 445.734, "Actual Max Total Time": 445.734, "Inner Unique": true, "Join Filter": "(mi.movie_id = t.id)", "Rows Removed by Join Filter": 0, "Plans": [{"Node Type": "Nested Loop", "Parent Relationship": "Outer", "Join Type": "Inner", "Startup Cost": 2.88, "Total Cost": 72475.19, "Plan Rows": 201, "Plan Width": 8, "Actual Min Startup Time": 200.821, "Actual Max Startup Time": 200.821, "Actual Min Total Time": 396.955, "Actual Max Total Time": 396.955, "Inner Unique": true, "Join Filter": "(mc.company_type_id = ct.id)", "Rows Removed by Join Filter": 11874, "Plans": [{"Node Type": "Nested Loop", "Parent Relationship": "Outer", "Join Type": "Inner", "Startup Cost": 2.88, "Total Cost": 72458.63, "Plan Rows": 345, "Plan Width": 12, "Actual Min Startup Time": 200.789, "Actual Max Startup Time": 200.789, "Actual Min Total Time": 387.96, "Actual Max Total Time": 387.96, "Inner Unique": true, "Plans": [{"Node Type": "Nested Loop", "Parent Relationship": "Outer", "Join Type": "Inner", "Startup Cost": 2.62, "Total Cost": 70702.45, "Plan Rows": 410, "Plan Width": 16, "Actual Min Startup Time": 200.762, "Actual Max Startup Time": 200.762, "Actual Min Total Time": 296.921, "Actual Max Total Time": 296.921, "Inner Unique": false, "Plans": [{"Node Type": "Nested Loop", "Parent Relationship": "Outer", "Join Type": "Inner", "Startup Cost": 0.0, "Total Cost": 68668.26, "Plan Rows": 192, "Plan Width": 4, "Actual Min Startup Time": 200.714, "Actual Max Startup Time": 200.714, "Actual Min Total Time": 207.481, "Actual Max Total Time": 207.481, "Inner Unique": false, "Join Filter": "(it1.id = mi.info_type_id)", "Rows Removed by Join Filter": 131, "Plans": [{"Node Type": "Seq Scan", "Parent Relationship": "Outer", "Relation Name": "info_type", "Alias": "it1", "Startup Cost": 0.0, "Total Cost": 2.4, "Plan Rows": 1, "Plan Width": 4, "Actual Min Startup Time": 0.071, "Actual Max Startup Time": 0.071, "Actual Min Total Time": 0.1, "Actual Max Total Time": 0.1, "Filter": "((info)::text = 'release dates'::text)", "Rows Removed by Filter": 111, "Actual Rows": 1}, {"Node Type": "Materialize", "Parent Relationship": "Inner", "Startup Cost": 0.0, "Total Cost": 68531.67, "Plan Rows": 13419, "Plan Width": 8, "Actual Min Startup Time": 200.613, "Actual Max Startup Time": 200.613, "Actual Min Total Time": 202.301, "Actual Max Total Time": 202.301, "Plans": [{"Node Type": "Streaming(type: LOCAL GATHER dop: 1/64)", "Parent Relationship": "Outer", "Startup Cost": 0.0, "Total Cost": 68498.12, "Plan Rows": 13419, "Plan Width": 8, "Actual Min Startup Time": 53.109, "Actual Max Startup Time": 53.109, "Actual Min Total Time": 198.634, "Actual Max Total Time": 198.634, "Plans": [{"Node Type": "Seq Scan", "Parent Relationship": "Outer", "Relation Name": "movie_info", "Alias": "mi", "Startup Cost": 0.0, "Total Cost": 68221.29, "Plan Rows": 13419, "Plan Width": 8, "Actual Min Startup Time": 0.106, "Actual Max Startup Time": 33.662, "Actual Min Total Time": 60.191, "Actual Max Total Time": 96.731, "Filter": "((note)::text ~~ '%internet%'::text)", "Rows Removed by Filter": 14824909, "Actual Rows": 10810}], "Actual Rows": 10810}], "Actual Rows": 10811}], "Actual Rows": 10679}, {"Node Type": "Bitmap Heap Scan", "Parent Relationship": "Inner", "Relation Name": "movie_companies", "Alias": "mc", "Startup Cost": 2.62, "Total Cost": 10.57, "Plan Rows": 2, "Plan Width": 12, "Actual Min Startup Time": 64.738, "Actual Max Startup Time": 64.738, "Actual Min Total Time": 73.582, "Actual Max Total Time": 73.582, "Recheck Cond": "(movie_id = mi.movie_id)", "Rows Removed by Index Recheck": 0, "Exact Heap Blocks": 11702, "Lossy Heap Blocks": 11702, "Plans": [{"Node Type": "Bitmap Index Scan", "Parent Relationship": "Outer", "Index Name": "movie_id_movie_companies", "Startup Cost": 0.0, "Total Cost": 2.62, "Plan Rows": 2, "Plan Width": 0, "Actual Min Startup Time": 43.569, "Actual Max Startup Time": 43.569, "Actual Min Total Time": 43.569, "Actual Max Total Time": 43.569, "Index Cond": "(movie_id = mi.movie_id)", "Actual Rows": 14401}], "Actual Rows": 14401}], "Actual Rows": 14401}, {"Node Type": "Bitmap Heap Scan", "Parent Relationship": "Inner", "Relation Name": "company_name", "Alias": "cn", "Startup Cost": 0.26, "Total Cost": 4.27, "Plan Rows": 1, "Plan Width": 4, "Actual Min Startup Time": 72.717, "Actual Max Startup Time": 72.717, "Actual Min Total Time": 72.717, "Actual Max Total Time": 72.717, "Recheck Cond": "(id = mc.company_id)", "Rows Removed by Index Recheck": 0, "Filter": "((country_code)::text = '[us]'::text)", "Rows Removed by Filter": 4527, "Exact Heap Blocks": 14401, "Lossy Heap Blocks": 14401, "Plans": [{"Node Type": "Bitmap Index Scan", "Parent Relationship": "Outer", "Index Name": "company_name_pkey", "Startup Cost": 0.0, "Total Cost": 0.26, "Plan Rows": 1, "Plan Width": 0, "Actual Min Startup Time": 41.366, "Actual Max Startup Time": 41.366, "Actual Min Total Time": 41.366, "Actual Max Total Time": 41.366, "Index Cond": "(id = mc.company_id)", "Actual Rows": 14401}], "Actual Rows": 9874}], "Actual Rows": 9874}, {"Node Type": "Materialize", "Parent Relationship": "Inner", "Startup Cost": 0.0, "Total Cost": 1.04, "Plan Rows": 3, "Plan Width": 4, "Actual Min Startup Time": 1.15, "Actual Max Startup Time": 1.15, "Actual Min Total Time": 2.203, "Actual Max Total Time": 2.203, "Plans": [{"Node Type": "Seq Scan", "Parent Relationship": "Outer", "Relation Name": "company_type", "Alias": "ct", "Startup Cost": 0.0, "Total Cost": 1.03, "Plan Rows": 3, "Plan Width": 4, "Actual Min Startup Time": 0.007, "Actual Max Startup Time": 0.007, "Actual Min Total Time": 0.008, "Actual Max Total Time": 0.008, "Actual Rows": 3}], "Actual Rows": 17790}], "Actual Rows": 5916}, {"Node Type": "Bitmap Heap Scan", "Parent Relationship": "Inner", "Relation Name": "title", "Alias": "t", "Startup Cost": 0.27, "Total Cost": 4.29, "Plan Rows": 1, "Plan Width": 21, "Actual Min Startup Time": 39.533, "Actual Max Startup Time": 39.533, "Actual Min Total Time": 39.533, "Actual Max Total Time": 39.533, "Recheck Cond": "(id = mc.movie_id)", "Rows Removed by Index Recheck": 0, "Filter": "(production_year > 1990)", "Rows Removed by Filter": 2, "Exact Heap Blocks": 5916, "Lossy Heap Blocks": 5916, "Plans": [{"Node Type": "Bitmap Index Scan", "Parent Relationship": "Outer", "Index Name": "title_pkey", "Startup Cost": 0.0, "Total Cost": 0.27, "Plan Rows": 1, "Plan Width": 0, "Actual Min Startup Time": 23.703, "Actual Max Startup Time": 23.703, "Actual Min Total Time": 23.703, "Actual Max Total Time": 23.703, "Index Cond": "(id = mc.movie_id)", "Actual Rows": 5916}], "Actual Rows": 5914}], "Actual Rows": 5914}, {"Node Type": "Bitmap Heap Scan", "Parent Relationship": "Inner", "Relation Name": "movie_keyword", "Alias": "mk", "Startup Cost": 0.34, "Total Cost": 4.44, "Plan Rows": 8, "Plan Width": 8, "Actual Min Startup Time": 30.672, "Actual Max Startup Time": 30.672, "Actual Min Total Time": 32.769, "Actual Max Total Time": 32.769, "Recheck Cond": "(movie_id = mc.movie_id)", "Rows Removed by Index Recheck": 0, "Exact Heap Blocks": 1896, "Lossy Heap Blocks": 1896, "Plans": [{"Node Type": "Bitmap Index Scan", "Parent Relationship": "Outer", "Index Name": "movie_id_movie_keyword", "Startup Cost": 0.0, "Total Cost": 0.34, "Plan Rows": 8, "Plan Width": 0, "Actual Min Startup Time": 22.681, "Actual Max Startup Time": 22.681, "Actual Min Total Time": 22.681, "Actual Max Total Time": 22.681, "Index Cond": "(movie_id = mc.movie_id)", "Actual Rows": 14161}], "Actual Rows": 14161}], "Actual Rows": 14161}, {"Node Type": "Bitmap Heap Scan", "Parent Relationship": "Inner", "Relation Name": "keyword", "Alias": "k", "Startup Cost": 0.26, "Total Cost": 4.27, "Plan Rows": 1, "Plan Width": 4, "Actual Min Startup Time": 61.914, "Actual Max Startup Time": 61.914, "Actual Min Total Time": 61.914, "Actual Max Total Time": 61.914, "Recheck Cond": "(id = mk.keyword_id)", "Rows Removed by Index Recheck": 0, "Exact Heap Blocks": 14161, "Lossy Heap Blocks": 14161, "Plans": [{"Node Type": "Bitmap Index Scan", "Parent Relationship": "Outer", "Index Name": "keyword_pkey", "Startup Cost": 0.0, "Total Cost": 0.26, "Plan Rows": 1, "Plan Width": 0, "Actual Min Startup Time": 38.592, "Actual Max Startup Time": 38.592, "Actual Min Total Time": 38.592, "Actual Max Total Time": 38.592, "Index Cond": "(id = mk.keyword_id)", "Actual Rows": 14161}], "Actual Rows": 14161}], "Actual Rows": 14161}, {"Node Type": "Bitmap Heap Scan", "Parent Relationship": "Inner", "Relation Name": "aka_title", "Alias": "at", "Startup Cost": 0.27, "Total Cost": 4.31, "Plan Rows": 3, "Plan Width": 25, "Actual Min Startup Time": 43.36, "Actual Max Startup Time": 43.36, "Actual Min Total Time": 45.138, "Actual Max Total Time": 45.138, "Recheck Cond": "(movie_id = mk.movie_id)", "Rows Removed by Index Recheck": 0, "Exact Heap Blocks": 4371, "Lossy Heap Blocks": 4371, "Plans": [{"Node Type": "Bitmap Index Scan", "Parent Relationship": "Outer", "Index Name": "movie_id_aka_title", "Startup Cost": 0.0, "Total Cost": 0.27, "Plan Rows": 3, "Plan Width": 0, "Actual Min Startup Time": 33.139, "Actual Max Startup Time": 33.139, "Actual Min Total Time": 33.139, "Actual Max Total Time": 33.139, "Index Cond": "(movie_id = mk.movie_id)", "Actual Rows": 4371}], "Actual Rows": 4371}], "Actual Rows": 4371}], "Actual Rows": 1}, "Triggers": [], "Planner Runtime": 99, "Total Runtime": 648.644, "Unique SQL Id": 2302223328}}, "(64, 51)": {"explain_plan": {"Plan": {"Node Type": "Aggregate", "Strategy": "Plain", "Startup Cost": 190799.22, "Total Cost": 190799.23, "Plan Rows": 1, "Plan Width": 102, "Plans": [{"Node Type": "Nested Loop", "Parent Relationship": "Outer", "Join Type": "Inner", "Startup Cost": 4854.59, "Total Cost": 190765.03, "Plan Rows": 6838, "Plan Width": 38, "Inner Unique": false, "Join Filter": "(t.id = at.movie_id)", "Plans": [{"Node Type": "Nested Loop", "Parent Relationship": "Outer", "Join Type": "Inner", "Startup Cost": 4854.32, "Total Cost": 180949.25, "Plan Rows": 2257, "Plan Width": 33, "Inner Unique": true, "Plans": [{"Node Type": "Nested Loop", "Parent Relationship": "Outer", "Join Type": "Inner", "Startup Cost": 4854.06, "Total Cost": 171288.7, "Plan Rows": 2257, "Plan Width": 37, "Inner Unique": false, "Join Filter": "(t.id = mk.movie_id)", "Plans": [{"Node Type": "Nested Loop", "Parent Relationship": "Outer", "Join Type": "Inner", "Startup Cost": 4853.72, "Total Cost": 170027.13, "Plan Rows": 278, "Plan Width": 29, "Inner Unique": true, "Join Filter": "(mi.movie_id = t.id)", "Plans": [{"Node Type": "Nested Loop", "Parent Relationship": "Outer", "Join Type": "Inner", "Startup Cost": 4853.45, "Total Cost": 169162.94, "Plan Rows": 201, "Plan Width": 8, "Inner Unique": true, "Plans": [{"Node Type": "Nested Loop", "Parent Relationship": "Outer", "Join Type": "Inner", "Startup Cost": 4853.19, "Total Cost": 167686.26, "Plan Rows": 345, "Plan Width": 12, "Inner Unique": true, "Plans": [{"Node Type": "Nested Loop", "Parent Relationship": "Outer", "Join Type": "Inner", "Startup Cost": 4852.94, "Total Cost": 165930.08, "Plan Rows": 410, "Plan Width": 16, "Inner Unique": false, "Plans": [{"Node Type": "Nested Loop", "Parent Relationship": "Outer", "Join Type": "Inner", "Startup Cost": 4850.32, "Total Cost": 163895.89, "Plan Rows": 192, "Plan Width": 4, "Inner Unique": false, "Plans": [{"Node Type": "Bitmap Heap Scan", "Parent Relationship": "Outer", "Relation Name": "info_type", "Alias": "it1", "Startup Cost": 8.81, "Total Cost": 14.21, "Plan Rows": 1, "Plan Width": 4, "Filter": "((info)::text = 'release dates'::text)", "Plans": [{"Node Type": "Bitmap Index Scan", "Parent Relationship": "Outer", "Index Name": "info_type_pkey", "Startup Cost": 0.0, "Total Cost": 8.81, "Plan Rows": 112, "Plan Width": 0}]}, {"Node Type": "Bitmap Heap Scan", "Parent Relationship": "Inner", "Relation Name": "movie_info", "Alias": "mi", "Startup Cost": 4841.51, "Total Cost": 163879.76, "Plan Rows": 192, "Plan Width": 8, "Recheck Cond": "(info_type_id = it1.id)", "Filter": "((note)::text ~~ '%internet%'::text)", "Plans": [{"Node Type": "Bitmap Index Scan", "Parent Relationship": "Outer", "Index Name": "info_type_id_movie_info", "Startup Cost": 0.0, "Total Cost": 4841.46, "Plan Rows": 212428, "Plan Width": 0, "Index Cond": "(info_type_id = it1.id)"}]}]}, {"Node Type": "Bitmap Heap Scan", "Parent Relationship": "Inner", "Relation Name": "movie_companies", "Alias": "mc", "Startup Cost": 2.62, "Total Cost": 10.57, "Plan Rows": 2, "Plan Width": 12, "Recheck Cond": "(movie_id = mi.movie_id)", "Plans": [{"Node Type": "Bitmap Index Scan", "Parent Relationship": "Outer", "Index Name": "movie_id_movie_companies", "Startup Cost": 0.0, "Total Cost": 2.62, "Plan Rows": 2, "Plan Width": 0, "Index Cond": "(movie_id = mi.movie_id)"}]}]}, {"Node Type": "Bitmap Heap Scan", "Parent Relationship": "Inner", "Relation Name": "company_name", "Alias": "cn", "Startup Cost": 0.26, "Total Cost": 4.27, "Plan Rows": 1, "Plan Width": 4, "Recheck Cond": "(id = mc.company_id)", "Filter": "((country_code)::text = '[us]'::text)", "Plans": [{"Node Type": "Bitmap Index Scan", "Parent Relationship": "Outer", "Index Name": "company_name_pkey", "Startup Cost": 0.0, "Total Cost": 0.26, "Plan Rows": 1, "Plan Width": 0, "Index Cond": "(id = mc.company_id)"}]}]}, {"Node Type": "Bitmap Heap Scan", "Parent Relationship": "Inner", "Relation Name": "company_type", "Alias": "ct", "Startup Cost": 0.26, "Total Cost": 4.27, "Plan Rows": 1, "Plan Width": 4, "Recheck Cond": "(id = mc.company_type_id)", "Plans": [{"Node Type": "Bitmap Index Scan", "Parent Relationship": "Outer", "Index Name": "company_type_pkey", "Startup Cost": 0.0, "Total Cost": 0.26, "Plan Rows": 1, "Plan Width": 0, "Index Cond": "(id = mc.company_type_id)"}]}]}, {"Node Type": "Bitmap Heap Scan", "Parent Relationship": "Inner", "Relation Name": "title", "Alias": "t", "Startup Cost": 0.27, "Total Cost": 4.29, "Plan Rows": 1, "Plan Width": 21, "Recheck Cond": "(id = mc.movie_id)", "Filter": "(production_year > 1990)", "Plans": [{"Node Type": "Bitmap Index Scan", "Parent Relationship": "Outer", "Index Name": "title_pkey", "Startup Cost": 0.0, "Total Cost": 0.27, "Plan Rows": 1, "Plan Width": 0, "Index Cond": "(id = mc.movie_id)"}]}]}, {"Node Type": "Bitmap Heap Scan", "Parent Relationship": "Inner", "Relation Name": "movie_keyword", "Alias": "mk", "Startup Cost": 0.34, "Total Cost": 4.44, "Plan Rows": 8, "Plan Width": 8, "Recheck Cond": "(movie_id = mc.movie_id)", "Plans": [{"Node Type": "Bitmap Index Scan", "Parent Relationship": "Outer", "Index Name": "movie_id_movie_keyword", "Startup Cost": 0.0, "Total Cost": 0.34, "Plan Rows": 8, "Plan Width": 0, "Index Cond": "(movie_id = mc.movie_id)"}]}]}, {"Node Type": "Bitmap Heap Scan", "Parent Relationship": "Inner", "Relation Name": "keyword", "Alias": "k", "Startup Cost": 0.26, "Total Cost": 4.27, "Plan Rows": 1, "Plan Width": 4, "Recheck Cond": "(id = mk.keyword_id)", "Plans": [{"Node Type": "Bitmap Index Scan", "Parent Relationship": "Outer", "Index Name": "keyword_pkey", "Startup Cost": 0.0, "Total Cost": 0.26, "Plan Rows": 1, "Plan Width": 0, "Index Cond": "(id = mk.keyword_id)"}]}]}, {"Node Type": "Bitmap Heap Scan", "Parent Relationship": "Inner", "Relation Name": "aka_title", "Alias": "at", "Startup Cost": 0.27, "Total Cost": 4.31, "Plan Rows": 3, "Plan Width": 25, "Recheck Cond": "(movie_id = mk.movie_id)", "Plans": [{"Node Type": "Bitmap Index Scan", "Parent Relationship": "Outer", "Index Name": "movie_id_aka_title", "Startup Cost": 0.0, "Total Cost": 0.27, "Plan Rows": 3, "Plan Width": 0, "Index Cond": "(movie_id = mk.movie_id)"}]}]}]}, "Unique SQL Id": 2302223328, "Planner Runtime": 49}, "explain_analyze_plan": null}, "(64, 52)": {"explain_plan": {"Plan": {"Node Type": "Aggregate", "Strategy": "Plain", "Startup Cost": 71718.02, "Total Cost": 71718.03, "Plan Rows": 1, "Plan Width": 102, "Plans": [{"Node Type": "Nested Loop", "Parent Relationship": "Outer", "Join Type": "Inner", "Startup Cost": 0.0, "Total Cost": 71683.83, "Plan Rows": 6838, "Plan Width": 38, "Inner Unique": false, "Join Filter": "(t.id = at.movie_id)", "Plans": [{"Node Type": "Nested Loop", "Parent Relationship": "Outer", "Join Type": "Inner", "Startup Cost": 0.0, "Total Cost": 70885.21, "Plan Rows": 2257, "Plan Width": 33, "Inner Unique": true, "Plans": [{"Node Type": "Nested Loop", "Parent Relationship": "Outer", "Join Type": "Inner", "Startup Cost": 0.0, "Total Cost": 70251.71, "Plan Rows": 2257, "Plan Width": 37, "Inner Unique": false, "Join Filter": "(t.id = mk.movie_id)", "Plans": [{"Node Type": "Nested Loop", "Parent Relationship": "Outer", "Join Type": "Inner", "Startup Cost": 0.0, "Total Cost": 70095.36, "Plan Rows": 278, "Plan Width": 29, "Inner Unique": true, "Join Filter": "(mc.company_type_id = ct.id)", "Plans": [{"Node Type": "Nested Loop", "Parent Relationship": "Outer", "Join Type": "Inner", "Startup Cost": 0.0, "Total Cost": 70072.82, "Plan Rows": 478, "Plan Width": 33, "Inner Unique": true, "Plans": [{"Node Type": "Nested Loop", "Parent Relationship": "Outer", "Join Type": "Inner", "Startup Cost": 0.0, "Total Cost": 69909.43, "Plan Rows": 568, "Plan Width": 37, "Inner Unique": false, "Plans": [{"Node Type": "Nested Loop", "Parent Relationship": "Outer", "Join Type": "Inner", "Startup Cost": 0.0, "Total Cost": 69811.57, "Plan Rows": 266, "Plan Width": 25, "Inner Unique": true, "Plans": [{"Node Type": "Nested Loop", "Parent Relationship": "Outer", "Join Type": "Inner", "Startup Cost": 0.0, "Total Cost": 68668.26, "Plan Rows": 192, "Plan Width": 4, "Inner Unique": false, "Join Filter": "(it1.id = mi.info_type_id)", "Plans": [{"Node Type": "Seq Scan", "Parent Relationship": "Outer", "Relation Name": "info_type", "Alias": "it1", "Startup Cost": 0.0, "Total Cost": 2.4, "Plan Rows": 1, "Plan Width": 4, "Filter": "((info)::text = 'release dates'::text)"}, {"Node Type": "Materialize", "Parent Relationship": "Inner", "Startup Cost": 0.0, "Total Cost": 68531.67, "Plan Rows": 13419, "Plan Width": 8, "Plans": [{"Node Type": "Streaming(type: LOCAL GATHER dop: 1/64)", "Parent Relationship": "Outer", "Startup Cost": 0.0, "Total Cost": 68498.12, "Plan Rows": 13419, "Plan Width": 8, "Plans": [{"Node Type": "Seq Scan", "Parent Relationship": "Outer", "Relation Name": "movie_info", "Alias": "mi", "Startup Cost": 0.0, "Total Cost": 68221.29, "Plan Rows": 13419, "Plan Width": 8, "Filter": "((note)::text ~~ '%internet%'::text)"}]}]}]}, {"Node Type": "Index Scan", "Parent Relationship": "Inner", "Scan Direction": "Forward", "Index Name": "title_pkey", "Relation Name": "title", "Alias": "t", "Startup Cost": 0.0, "Total Cost": 5.94, "Plan Rows": 1, "Plan Width": 21, "Index Cond": "(id = mi.movie_id)", "Filter": "(production_year > 1990)"}]}, {"Node Type": "Index Scan", "Parent Relationship": "Inner", "Scan Direction": "Forward", "Index Name": "movie_id_movie_companies", "Relation Name": "movie_companies", "Alias": "mc", "Startup Cost": 0.0, "Total Cost": 0.35, "Plan Rows": 2, "Plan Width": 12, "Index Cond": "(movie_id = t.id)"}]}, {"Node Type": "Index Scan", "Parent Relationship": "Inner", "Scan Direction": "Forward", "Index Name": "company_name_pkey", "Relation Name": "company_name", "Alias": "cn", "Startup Cost": 0.0, "Total Cost": 0.28, "Plan Rows": 1, "Plan Width": 4, "Index Cond": "(id = mc.company_id)", "Filter": "((country_code)::text = '[us]'::text)"}]}, {"Node Type": "Materialize", "Parent Relationship": "Inner", "Startup Cost": 0.0, "Total Cost": 1.04, "Plan Rows": 3, "Plan Width": 4, "Plans": [{"Node Type": "Seq Scan", "Parent Relationship": "Outer", "Relation Name": "company_type", "Alias": "ct", "Startup Cost": 0.0, "Total Cost": 1.03, "Plan Rows": 3, "Plan Width": 4}]}]}, {"Node Type": "Index Scan", "Parent Relationship": "Inner", "Scan Direction": "Forward", "Index Name": "movie_id_movie_keyword", "Relation Name": "movie_keyword", "Alias": "mk", "Startup Cost": 0.0, "Total Cost": 0.46, "Plan Rows": 8, "Plan Width": 8, "Index Cond": "(movie_id = mc.movie_id)"}]}, {"Node Type": "Index Scan", "Parent Relationship": "Inner", "Scan Direction": "Forward", "Index Name": "keyword_pkey", "Relation Name": "keyword", "Alias": "k", "Startup Cost": 0.0, "Total Cost": 0.27, "Plan Rows": 1, "Plan Width": 4, "Index Cond": "(id = mk.keyword_id)"}]}, {"Node Type": "Index Scan", "Parent Relationship": "Inner", "Scan Direction": "Forward", "Index Name": "movie_id_aka_title", "Relation Name": "aka_title", "Alias": "at", "Startup Cost": 0.0, "Total Cost": 0.32, "Plan Rows": 3, "Plan Width": 25, "Index Cond": "(movie_id = mk.movie_id)"}]}]}, "Unique SQL Id": 2302223328, "Planner Runtime": 40}, "explain_analyze_plan": {"Plan": {"Node Type": "Aggregate", "Strategy": "Plain", "Startup Cost": 71718.02, "Total Cost": 71718.03, "Plan Rows": 1, "Plan Width": 102, "Actual Min Startup Time": 547.347, "Actual Max Startup Time": 547.347, "Actual Min Total Time": 547.348, "Actual Max Total Time": 547.348, "Plans": [{"Node Type": "Nested Loop", "Parent Relationship": "Outer", "Join Type": "Inner", "Startup Cost": 0.0, "Total Cost": 71683.83, "Plan Rows": 6838, "Plan Width": 38, "Actual Min Startup Time": 180.382, "Actual Max Startup Time": 180.382, "Actual Min Total Time": 544.555, "Actual Max Total Time": 544.555, "Inner Unique": false, "Join Filter": "(t.id = at.movie_id)", "Rows Removed by Join Filter": 0, "Plans": [{"Node Type": "Nested Loop", "Parent Relationship": "Outer", "Join Type": "Inner", "Startup Cost": 0.0, "Total Cost": 70885.21, "Plan Rows": 2257, "Plan Width": 33, "Actual Min Startup Time": 179.524, "Actual Max Startup Time": 179.524, "Actual Min Total Time": 500.461, "Actual Max Total Time": 500.461, "Inner Unique": true, "Plans": [{"Node Type": "Nested Loop", "Parent Relationship": "Outer", "Join Type": "Inner", "Startup Cost": 0.0, "Total Cost": 70251.71, "Plan Rows": 2257, "Plan Width": 37, "Actual Min Startup Time": 179.509, "Actual Max Startup Time": 179.509, "Actual Min Total Time": 438.86, "Actual Max Total Time": 438.86, "Inner Unique": false, "Join Filter": "(t.id = mk.movie_id)", "Rows Removed by Join Filter": 0, "Plans": [{"Node Type": "Nested Loop", "Parent Relationship": "Outer", "Join Type": "Inner", "Startup Cost": 0.0, "Total Cost": 70095.36, "Plan Rows": 278, "Plan Width": 29, "Actual Min Startup Time": 179.263, "Actual Max Startup Time": 179.263, "Actual Min Total Time": 398.238, "Actual Max Total Time": 398.238, "Inner Unique": true, "Join Filter": "(mc.company_type_id = ct.id)", "Rows Removed by Join Filter": 11829, "Plans": [{"Node Type": "Nested Loop", "Parent Relationship": "Outer", "Join Type": "Inner", "Startup Cost": 0.0, "Total Cost": 70072.82, "Plan Rows": 478, "Plan Width": 33, "Actual Min Startup Time": 179.232, "Actual Max Startup Time": 179.232, "Actual Min Total Time": 389.678, "Actual Max Total Time": 389.678, "Inner Unique": true, "Plans": [{"Node Type": "Nested Loop", "Parent Relationship": "Outer", "Join Type": "Inner", "Startup Cost": 0.0, "Total Cost": 69909.43, "Plan Rows": 568, "Plan Width": 37, "Actual Min Startup Time": 179.21, "Actual Max Startup Time": 179.21, "Actual Min Total Time": 319.875, "Actual Max Total Time": 319.875, "Inner Unique": false, "Plans": [{"Node Type": "Nested Loop", "Parent Relationship": "Outer", "Join Type": "Inner", "Startup Cost": 0.0, "Total Cost": 69811.57, "Plan Rows": 266, "Plan Width": 25, "Actual Min Startup Time": 179.191, "Actual Max Startup Time": 179.191, "Actual Min Total Time": 252.898, "Actual Max Total Time": 252.898, "Inner Unique": true, "Plans": [{"Node Type": "Nested Loop", "Parent Relationship": "Outer", "Join Type": "Inner", "Startup Cost": 0.0, "Total Cost": 68668.26, "Plan Rows": 192, "Plan Width": 4, "Actual Min Startup Time": 179.149, "Actual Max Startup Time": 179.149, "Actual Min Total Time": 185.777, "Actual Max Total Time": 185.777, "Inner Unique": false, "Join Filter": "(it1.id = mi.info_type_id)", "Rows Removed by Join Filter": 131, "Plans": [{"Node Type": "Seq Scan", "Parent Relationship": "Outer", "Relation Name": "info_type", "Alias": "it1", "Startup Cost": 0.0, "Total Cost": 2.4, "Plan Rows": 1, "Plan Width": 4, "Actual Min Startup Time": 0.065, "Actual Max Startup Time": 0.065, "Actual Min Total Time": 0.098, "Actual Max Total Time": 0.098, "Filter": "((info)::text = 'release dates'::text)", "Rows Removed by Filter": 111, "Actual Rows": 1}, {"Node Type": "Materialize", "Parent Relationship": "Inner", "Startup Cost": 0.0, "Total Cost": 68531.67, "Plan Rows": 13419, "Plan Width": 8, "Actual Min Startup Time": 179.058, "Actual Max Startup Time": 179.058, "Actual Min Total Time": 180.828, "Actual Max Total Time": 180.828, "Plans": [{"Node Type": "Streaming(type: LOCAL GATHER dop: 1/64)", "Parent Relationship": "Outer", "Startup Cost": 0.0, "Total Cost": 68498.12, "Plan Rows": 13419, "Plan Width": 8, "Actual Min Startup Time": 66.772, "Actual Max Startup Time": 66.772, "Actual Min Total Time": 176.998, "Actual Max Total Time": 176.998, "Plans": [{"Node Type": "Seq Scan", "Parent Relationship": "Outer", "Relation Name": "movie_info", "Alias": "mi", "Startup Cost": 0.0, "Total Cost": 68221.29, "Plan Rows": 13419, "Plan Width": 8, "Actual Min Startup Time": 0.112, "Actual Max Startup Time": 22.063, "Actual Min Total Time": 60.45, "Actual Max Total Time": 72.522, "Filter": "((note)::text ~~ '%internet%'::text)", "Rows Removed by Filter": 14824909, "Actual Rows": 10810}], "Actual Rows": 10810}], "Actual Rows": 10811}], "Actual Rows": 10679}, {"Node Type": "Index Scan", "Parent Relationship": "Inner", "Scan Direction": "Forward", "Index Name": "title_pkey", "Relation Name": "title", "Alias": "t", "Startup Cost": 0.0, "Total Cost": 5.94, "Plan Rows": 1, "Plan Width": 21, "Actual Min Startup Time": 58.139, "Actual Max Startup Time": 58.139, "Actual Min Total Time": 58.139, "Actual Max Total Time": 58.139, "Index Cond": "(id = mi.movie_id)", "Rows Removed by Index Recheck": 0, "Filter": "(production_year > 1990)", "Rows Removed by Filter": 17, "Actual Rows": 10662}], "Actual Rows": 10662}, {"Node Type": "Index Scan", "Parent Relationship": "Inner", "Scan Direction": "Forward", "Index Name": "movie_id_movie_companies", "Relation Name": "movie_companies", "Alias": "mc", "Startup Cost": 0.0, "Total Cost": 0.35, "Plan Rows": 2, "Plan Width": 12, "Actual Min Startup Time": 47.393, "Actual Max Startup Time": 47.393, "Actual Min Total Time": 57.925, "Actual Max Total Time": 57.925, "Index Cond": "(movie_id = t.id)", "Rows Removed by Index Recheck": 0, "Actual Rows": 14377}], "Actual Rows": 14377}, {"Node Type": "Index Scan", "Parent Relationship": "Inner", "Scan Direction": "Forward", "Index Name": "company_name_pkey", "Relation Name": "company_name", "Alias": "cn", "Startup Cost": 0.0, "Total Cost": 0.28, "Plan Rows": 1, "Plan Width": 4, "Actual Min Startup Time": 59.003, "Actual Max Startup Time": 59.003, "Actual Min Total Time": 59.003, "Actual Max Total Time": 59.003, "Index Cond": "(id = mc.company_id)", "Rows Removed by Index Recheck": 0, "Filter": "((country_code)::text = '[us]'::text)", "Rows Removed by Filter": 4520, "Actual Rows": 9857}], "Actual Rows": 9857}, {"Node Type": "Materialize", "Parent Relationship": "Inner", "Startup Cost": 0.0, "Total Cost": 1.04, "Plan Rows": 3, "Plan Width": 4, "Actual Min Startup Time": 1.06, "Actual Max Startup Time": 1.06, "Actual Min Total Time": 2.111, "Actual Max Total Time": 2.111, "Plans": [{"Node Type": "Seq Scan", "Parent Relationship": "Outer", "Relation Name": "company_type", "Alias": "ct", "Startup Cost": 0.0, "Total Cost": 1.03, "Plan Rows": 3, "Plan Width": 4, "Actual Min Startup Time": 0.007, "Actual Max Startup Time": 0.007, "Actual Min Total Time": 0.008, "Actual Max Total Time": 0.008, "Actual Rows": 3}], "Actual Rows": 17743}], "Actual Rows": 5914}, {"Node Type": "Index Scan", "Parent Relationship": "Inner", "Scan Direction": "Forward", "Index Name": "movie_id_movie_keyword", "Relation Name": "movie_keyword", "Alias": "mk", "Startup Cost": 0.0, "Total Cost": 0.46, "Plan Rows": 8, "Plan Width": 8, "Actual Min Startup Time": 24.877, "Actual Max Startup Time": 24.877, "Actual Min Total Time": 31.123, "Actual Max Total Time": 31.123, "Index Cond": "(movie_id = mc.movie_id)", "Rows Removed by Index Recheck": 0, "Actual Rows": 14161}], "Actual Rows": 14161}, {"Node Type": "Index Scan", "Parent Relationship": "Inner", "Scan Direction": "Forward", "Index Name": "keyword_pkey", "Relation Name": "keyword", "Alias": "k", "Startup Cost": 0.0, "Total Cost": 0.27, "Plan Rows": 1, "Plan Width": 4, "Actual Min Startup Time": 49.961, "Actual Max Startup Time": 49.961, "Actual Min Total Time": 49.961, "Actual Max Total Time": 49.961, "Index Cond": "(id = mk.keyword_id)", "Rows Removed by Index Recheck": 0, "Actual Rows": 14161}], "Actual Rows": 14161}, {"Node Type": "Index Scan", "Parent Relationship": "Inner", "Scan Direction": "Forward", "Index Name": "movie_id_aka_title", "Relation Name": "aka_title", "Alias": "at", "Startup Cost": 0.0, "Total Cost": 0.32, "Plan Rows": 3, "Plan Width": 25, "Actual Min Startup Time": 32.731, "Actual Max Startup Time": 32.731, "Actual Min Total Time": 35.006, "Actual Max Total Time": 35.006, "Index Cond": "(movie_id = mk.movie_id)", "Rows Removed by Index Recheck": 0, "Actual Rows": 4371}], "Actual Rows": 4371}], "Actual Rows": 1}, "Triggers": [], "Planner Runtime": 39, "Total Runtime": 560.106, "Unique SQL Id": 2302223328}}, "(64, 53)": {"explain_plan": {"Plan": {"Node Type": "Aggregate", "Strategy": "Plain", "Startup Cost": 166956.91, "Total Cost": 166956.92, "Plan Rows": 1, "Plan Width": 102, "Plans": [{"Node Type": "Nested Loop", "Parent Relationship": "Outer", "Join Type": "Inner", "Startup Cost": 4841.51, "Total Cost": 166922.72, "Plan Rows": 6838, "Plan Width": 38, "Inner Unique": false, "Join Filter": "(t.id = at.movie_id)", "Plans": [{"Node Type": "Nested Loop", "Parent Relationship": "Outer", "Join Type": "Inner", "Startup Cost": 4841.51, "Total Cost": 166124.11, "Plan Rows": 2257, "Plan Width": 33, "Inner Unique": true, "Plans": [{"Node Type": "Nested Loop", "Parent Relationship": "Outer", "Join Type": "Inner", "Startup Cost": 4841.51, "Total Cost": 165490.61, "Plan Rows": 2257, "Plan Width": 37, "Inner Unique": false, "Join Filter": "(t.id = mk.movie_id)", "Plans": [{"Node Type": "Nested Loop", "Parent Relationship": "Outer", "Join Type": "Inner", "Startup Cost": 4841.51, "Total Cost": 165334.26, "Plan Rows": 278, "Plan Width": 29, "Inner Unique": true, "Join Filter": "(mc.company_type_id = ct.id)", "Plans": [{"Node Type": "Nested Loop", "Parent Relationship": "Outer", "Join Type": "Inner", "Startup Cost": 4841.51, "Total Cost": 165300.45, "Plan Rows": 478, "Plan Width": 33, "Inner Unique": true, "Plans": [{"Node Type": "Nested Loop", "Parent Relationship": "Outer", "Join Type": "Inner", "Startup Cost": 4841.51, "Total Cost": 165137.06, "Plan Rows": 568, "Plan Width": 37, "Inner Unique": false, "Plans": [{"Node Type": "Nested Loop", "Parent Relationship": "Outer", "Join Type": "Inner", "Startup Cost": 4841.51, "Total Cost": 165039.2, "Plan Rows": 266, "Plan Width": 25, "Inner Unique": true, "Plans": [{"Node Type": "Nested Loop", "Parent Relationship": "Outer", "Join Type": "Inner", "Startup Cost": 4841.51, "Total Cost": 163895.89, "Plan Rows": 192, "Plan Width": 4, "Inner Unique": false, "Plans": [{"Node Type": "Index Scan", "Parent Relationship": "Outer", "Scan Direction": "Forward", "Index Name": "info_type_pkey", "Relation Name": "info_type", "Alias": "it1", "Startup Cost": 0.0, "Total Cost": 14.21, "Plan Rows": 1, "Plan Width": 4, "Filter": "((info)::text = 'release dates'::text)"}, {"Node Type": "Bitmap Heap Scan", "Parent Relationship": "Inner", "Relation Name": "movie_info", "Alias": "mi", "Startup Cost": 4841.51, "Total Cost": 163879.76, "Plan Rows": 192, "Plan Width": 8, "Recheck Cond": "(info_type_id = it1.id)", "Filter": "((note)::text ~~ '%internet%'::text)", "Plans": [{"Node Type": "Bitmap Index Scan", "Parent Relationship": "Outer", "Index Name": "info_type_id_movie_info", "Startup Cost": 0.0, "Total Cost": 4841.46, "Plan Rows": 212428, "Plan Width": 0, "Index Cond": "(info_type_id = it1.id)"}]}]}, {"Node Type": "Index Scan", "Parent Relationship": "Inner", "Scan Direction": "Forward", "Index Name": "title_pkey", "Relation Name": "title", "Alias": "t", "Startup Cost": 0.0, "Total Cost": 5.94, "Plan Rows": 1, "Plan Width": 21, "Index Cond": "(id = mi.movie_id)", "Filter": "(production_year > 1990)"}]}, {"Node Type": "Index Scan", "Parent Relationship": "Inner", "Scan Direction": "Forward", "Index Name": "movie_id_movie_companies", "Relation Name": "movie_companies", "Alias": "mc", "Startup Cost": 0.0, "Total Cost": 0.35, "Plan Rows": 2, "Plan Width": 12, "Index Cond": "(movie_id = t.id)"}]}, {"Node Type": "Index Scan", "Parent Relationship": "Inner", "Scan Direction": "Forward", "Index Name": "company_name_pkey", "Relation Name": "company_name", "Alias": "cn", "Startup Cost": 0.0, "Total Cost": 0.28, "Plan Rows": 1, "Plan Width": 4, "Index Cond": "(id = mc.company_id)", "Filter": "((country_code)::text = '[us]'::text)"}]}, {"Node Type": "Materialize", "Parent Relationship": "Inner", "Startup Cost": 0.0, "Total Cost": 12.31, "Plan Rows": 3, "Plan Width": 4, "Plans": [{"Node Type": "Index Scan", "Parent Relationship": "Outer", "Scan Direction": "Forward", "Index Name": "company_type_pkey", "Relation Name": "company_type", "Alias": "ct", "Startup Cost": 0.0, "Total Cost": 12.29, "Plan Rows": 3, "Plan Width": 4}]}]}, {"Node Type": "Index Scan", "Parent Relationship": "Inner", "Scan Direction": "Forward", "Index Name": "movie_id_movie_keyword", "Relation Name": "movie_keyword", "Alias": "mk", "Startup Cost": 0.0, "Total Cost": 0.46, "Plan Rows": 8, "Plan Width": 8, "Index Cond": "(movie_id = mc.movie_id)"}]}, {"Node Type": "Index Scan", "Parent Relationship": "Inner", "Scan Direction": "Forward", "Index Name": "keyword_pkey", "Relation Name": "keyword", "Alias": "k", "Startup Cost": 0.0, "Total Cost": 0.27, "Plan Rows": 1, "Plan Width": 4, "Index Cond": "(id = mk.keyword_id)"}]}, {"Node Type": "Index Scan", "Parent Relationship": "Inner", "Scan Direction": "Forward", "Index Name": "movie_id_aka_title", "Relation Name": "aka_title", "Alias": "at", "Startup Cost": 0.0, "Total Cost": 0.32, "Plan Rows": 3, "Plan Width": 25, "Index Cond": "(movie_id = mk.movie_id)"}]}]}, "Unique SQL Id": 2302223328, "Planner Runtime": 36}, "explain_analyze_plan": null}, "(64, 54)": {"explain_plan": {"Plan": {"Node Type": "Aggregate", "Strategy": "Plain", "Startup Cost": 94111.46, "Total Cost": 94111.47, "Plan Rows": 1, "Plan Width": 102, "Plans": [{"Node Type": "Nested Loop", "Parent Relationship": "Outer", "Join Type": "Inner", "Startup Cost": 4.02, "Total Cost": 94077.27, "Plan Rows": 6838, "Plan Width": 38, "Inner Unique": false, "Join Filter": "(t.id = at.movie_id)", "Plans": [{"Node Type": "Nested Loop", "Parent Relationship": "Outer", "Join Type": "Inner", "Startup Cost": 3.74, "Total Cost": 84261.5, "Plan Rows": 2257, "Plan Width": 33, "Inner Unique": true, "Plans": [{"Node Type": "Nested Loop", "Parent Relationship": "Outer", "Join Type": "Inner", "Startup Cost": 3.49, "Total Cost": 74600.95, "Plan Rows": 2257, "Plan Width": 37, "Inner Unique": false, "Join Filter": "(t.id = mk.movie_id)", "Plans": [{"Node Type": "Nested Loop", "Parent Relationship": "Outer", "Join Type": "Inner", "Startup Cost": 3.15, "Total Cost": 73339.38, "Plan Rows": 278, "Plan Width": 29, "Inner Unique": true, "Join Filter": "(mi.movie_id = t.id)", "Plans": [{"Node Type": "Nested Loop", "Parent Relationship": "Outer", "Join Type": "Inner", "Startup Cost": 2.88, "Total Cost": 72475.19, "Plan Rows": 201, "Plan Width": 8, "Inner Unique": true, "Join Filter": "(mc.company_type_id = ct.id)", "Plans": [{"Node Type": "Nested Loop", "Parent Relationship": "Outer", "Join Type": "Inner", "Startup Cost": 2.88, "Total Cost": 72458.63, "Plan Rows": 345, "Plan Width": 12, "Inner Unique": true, "Plans": [{"Node Type": "Nested Loop", "Parent Relationship": "Outer", "Join Type": "Inner", "Startup Cost": 2.62, "Total Cost": 70702.45, "Plan Rows": 410, "Plan Width": 16, "Inner Unique": false, "Plans": [{"Node Type": "Nested Loop", "Parent Relationship": "Outer", "Join Type": "Inner", "Startup Cost": 0.0, "Total Cost": 68668.26, "Plan Rows": 192, "Plan Width": 4, "Inner Unique": false, "Join Filter": "(it1.id = mi.info_type_id)", "Plans": [{"Node Type": "Seq Scan", "Parent Relationship": "Outer", "Relation Name": "info_type", "Alias": "it1", "Startup Cost": 0.0, "Total Cost": 2.4, "Plan Rows": 1, "Plan Width": 4, "Filter": "((info)::text = 'release dates'::text)"}, {"Node Type": "Materialize", "Parent Relationship": "Inner", "Startup Cost": 0.0, "Total Cost": 68531.67, "Plan Rows": 13419, "Plan Width": 8, "Plans": [{"Node Type": "Streaming(type: LOCAL GATHER dop: 1/64)", "Parent Relationship": "Outer", "Startup Cost": 0.0, "Total Cost": 68498.12, "Plan Rows": 13419, "Plan Width": 8, "Plans": [{"Node Type": "Seq Scan", "Parent Relationship": "Outer", "Relation Name": "movie_info", "Alias": "mi", "Startup Cost": 0.0, "Total Cost": 68221.29, "Plan Rows": 13419, "Plan Width": 8, "Filter": "((note)::text ~~ '%internet%'::text)"}]}]}]}, {"Node Type": "Bitmap Heap Scan", "Parent Relationship": "Inner", "Relation Name": "movie_companies", "Alias": "mc", "Startup Cost": 2.62, "Total Cost": 10.57, "Plan Rows": 2, "Plan Width": 12, "Recheck Cond": "(movie_id = mi.movie_id)", "Plans": [{"Node Type": "Bitmap Index Scan", "Parent Relationship": "Outer", "Index Name": "movie_id_movie_companies", "Startup Cost": 0.0, "Total Cost": 2.62, "Plan Rows": 2, "Plan Width": 0, "Index Cond": "(movie_id = mi.movie_id)"}]}]}, {"Node Type": "Bitmap Heap Scan", "Parent Relationship": "Inner", "Relation Name": "company_name", "Alias": "cn", "Startup Cost": 0.26, "Total Cost": 4.27, "Plan Rows": 1, "Plan Width": 4, "Recheck Cond": "(id = mc.company_id)", "Filter": "((country_code)::text = '[us]'::text)", "Plans": [{"Node Type": "Bitmap Index Scan", "Parent Relationship": "Outer", "Index Name": "company_name_pkey", "Startup Cost": 0.0, "Total Cost": 0.26, "Plan Rows": 1, "Plan Width": 0, "Index Cond": "(id = mc.company_id)"}]}]}, {"Node Type": "Materialize", "Parent Relationship": "Inner", "Startup Cost": 0.0, "Total Cost": 1.04, "Plan Rows": 3, "Plan Width": 4, "Plans": [{"Node Type": "Seq Scan", "Parent Relationship": "Outer", "Relation Name": "company_type", "Alias": "ct", "Startup Cost": 0.0, "Total Cost": 1.03, "Plan Rows": 3, "Plan Width": 4}]}]}, {"Node Type": "Bitmap Heap Scan", "Parent Relationship": "Inner", "Relation Name": "title", "Alias": "t", "Startup Cost": 0.27, "Total Cost": 4.29, "Plan Rows": 1, "Plan Width": 21, "Recheck Cond": "(id = mc.movie_id)", "Filter": "(production_year > 1990)", "Plans": [{"Node Type": "Bitmap Index Scan", "Parent Relationship": "Outer", "Index Name": "title_pkey", "Startup Cost": 0.0, "Total Cost": 0.27, "Plan Rows": 1, "Plan Width": 0, "Index Cond": "(id = mc.movie_id)"}]}]}, {"Node Type": "Bitmap Heap Scan", "Parent Relationship": "Inner", "Relation Name": "movie_keyword", "Alias": "mk", "Startup Cost": 0.34, "Total Cost": 4.44, "Plan Rows": 8, "Plan Width": 8, "Recheck Cond": "(movie_id = mc.movie_id)", "Plans": [{"Node Type": "Bitmap Index Scan", "Parent Relationship": "Outer", "Index Name": "movie_id_movie_keyword", "Startup Cost": 0.0, "Total Cost": 0.34, "Plan Rows": 8, "Plan Width": 0, "Index Cond": "(movie_id = mc.movie_id)"}]}]}, {"Node Type": "Bitmap Heap Scan", "Parent Relationship": "Inner", "Relation Name": "keyword", "Alias": "k", "Startup Cost": 0.26, "Total Cost": 4.27, "Plan Rows": 1, "Plan Width": 4, "Recheck Cond": "(id = mk.keyword_id)", "Plans": [{"Node Type": "Bitmap Index Scan", "Parent Relationship": "Outer", "Index Name": "keyword_pkey", "Startup Cost": 0.0, "Total Cost": 0.26, "Plan Rows": 1, "Plan Width": 0, "Index Cond": "(id = mk.keyword_id)"}]}]}, {"Node Type": "Bitmap Heap Scan", "Parent Relationship": "Inner", "Relation Name": "aka_title", "Alias": "at", "Startup Cost": 0.27, "Total Cost": 4.31, "Plan Rows": 3, "Plan Width": 25, "Recheck Cond": "(movie_id = mk.movie_id)", "Plans": [{"Node Type": "Bitmap Index Scan", "Parent Relationship": "Outer", "Index Name": "movie_id_aka_title", "Startup Cost": 0.0, "Total Cost": 0.27, "Plan Rows": 3, "Plan Width": 0, "Index Cond": "(movie_id = mk.movie_id)"}]}]}]}, "Unique SQL Id": 2302223328, "Planner Runtime": 101}, "explain_analyze_plan": {"Plan": {"Node Type": "Aggregate", "Strategy": "Plain", "Startup Cost": 94111.46, "Total Cost": 94111.47, "Plan Rows": 1, "Plan Width": 102, "Actual Min Startup Time": 636.928, "Actual Max Startup Time": 636.928, "Actual Min Total Time": 636.928, "Actual Max Total Time": 636.928, "Plans": [{"Node Type": "Nested Loop", "Parent Relationship": "Outer", "Join Type": "Inner", "Startup Cost": 4.02, "Total Cost": 94077.27, "Plan Rows": 6838, "Plan Width": 38, "Actual Min Startup Time": 202.06, "Actual Max Startup Time": 202.06, "Actual Min Total Time": 633.841, "Actual Max Total Time": 633.841, "Inner Unique": false, "Join Filter": "(t.id = at.movie_id)", "Rows Removed by Join Filter": 0, "Plans": [{"Node Type": "Nested Loop", "Parent Relationship": "Outer", "Join Type": "Inner", "Startup Cost": 3.74, "Total Cost": 84261.5, "Plan Rows": 2257, "Plan Width": 33, "Actual Min Startup Time": 201.121, "Actual Max Startup Time": 201.121, "Actual Min Total Time": 571.556, "Actual Max Total Time": 571.556, "Inner Unique": true, "Plans": [{"Node Type": "Nested Loop", "Parent Relationship": "Outer", "Join Type": "Inner", "Startup Cost": 3.49, "Total Cost": 74600.95, "Plan Rows": 2257, "Plan Width": 37, "Actual Min Startup Time": 201.104, "Actual Max Startup Time": 201.104, "Actual Min Total Time": 491.548, "Actual Max Total Time": 491.548, "Inner Unique": false, "Join Filter": "(t.id = mk.movie_id)", "Rows Removed by Join Filter": 0, "Plans": [{"Node Type": "Nested Loop", "Parent Relationship": "Outer", "Join Type": "Inner", "Startup Cost": 3.15, "Total Cost": 73339.38, "Plan Rows": 278, "Plan Width": 29, "Actual Min Startup Time": 200.856, "Actual Max Startup Time": 200.856, "Actual Min Total Time": 445.734, "Actual Max Total Time": 445.734, "Inner Unique": true, "Join Filter": "(mi.movie_id = t.id)", "Rows Removed by Join Filter": 0, "Plans": [{"Node Type": "Nested Loop", "Parent Relationship": "Outer", "Join Type": "Inner", "Startup Cost": 2.88, "Total Cost": 72475.19, "Plan Rows": 201, "Plan Width": 8, "Actual Min Startup Time": 200.821, "Actual Max Startup Time": 200.821, "Actual Min Total Time": 396.955, "Actual Max Total Time": 396.955, "Inner Unique": true, "Join Filter": "(mc.company_type_id = ct.id)", "Rows Removed by Join Filter": 11874, "Plans": [{"Node Type": "Nested Loop", "Parent Relationship": "Outer", "Join Type": "Inner", "Startup Cost": 2.88, "Total Cost": 72458.63, "Plan Rows": 345, "Plan Width": 12, "Actual Min Startup Time": 200.789, "Actual Max Startup Time": 200.789, "Actual Min Total Time": 387.96, "Actual Max Total Time": 387.96, "Inner Unique": true, "Plans": [{"Node Type": "Nested Loop", "Parent Relationship": "Outer", "Join Type": "Inner", "Startup Cost": 2.62, "Total Cost": 70702.45, "Plan Rows": 410, "Plan Width": 16, "Actual Min Startup Time": 200.762, "Actual Max Startup Time": 200.762, "Actual Min Total Time": 296.921, "Actual Max Total Time": 296.921, "Inner Unique": false, "Plans": [{"Node Type": "Nested Loop", "Parent Relationship": "Outer", "Join Type": "Inner", "Startup Cost": 0.0, "Total Cost": 68668.26, "Plan Rows": 192, "Plan Width": 4, "Actual Min Startup Time": 200.714, "Actual Max Startup Time": 200.714, "Actual Min Total Time": 207.481, "Actual Max Total Time": 207.481, "Inner Unique": false, "Join Filter": "(it1.id = mi.info_type_id)", "Rows Removed by Join Filter": 131, "Plans": [{"Node Type": "Seq Scan", "Parent Relationship": "Outer", "Relation Name": "info_type", "Alias": "it1", "Startup Cost": 0.0, "Total Cost": 2.4, "Plan Rows": 1, "Plan Width": 4, "Actual Min Startup Time": 0.071, "Actual Max Startup Time": 0.071, "Actual Min Total Time": 0.1, "Actual Max Total Time": 0.1, "Filter": "((info)::text = 'release dates'::text)", "Rows Removed by Filter": 111, "Actual Rows": 1}, {"Node Type": "Materialize", "Parent Relationship": "Inner", "Startup Cost": 0.0, "Total Cost": 68531.67, "Plan Rows": 13419, "Plan Width": 8, "Actual Min Startup Time": 200.613, "Actual Max Startup Time": 200.613, "Actual Min Total Time": 202.301, "Actual Max Total Time": 202.301, "Plans": [{"Node Type": "Streaming(type: LOCAL GATHER dop: 1/64)", "Parent Relationship": "Outer", "Startup Cost": 0.0, "Total Cost": 68498.12, "Plan Rows": 13419, "Plan Width": 8, "Actual Min Startup Time": 53.109, "Actual Max Startup Time": 53.109, "Actual Min Total Time": 198.634, "Actual Max Total Time": 198.634, "Plans": [{"Node Type": "Seq Scan", "Parent Relationship": "Outer", "Relation Name": "movie_info", "Alias": "mi", "Startup Cost": 0.0, "Total Cost": 68221.29, "Plan Rows": 13419, "Plan Width": 8, "Actual Min Startup Time": 0.106, "Actual Max Startup Time": 33.662, "Actual Min Total Time": 60.191, "Actual Max Total Time": 96.731, "Filter": "((note)::text ~~ '%internet%'::text)", "Rows Removed by Filter": 14824909, "Actual Rows": 10810}], "Actual Rows": 10810}], "Actual Rows": 10811}], "Actual Rows": 10679}, {"Node Type": "Bitmap Heap Scan", "Parent Relationship": "Inner", "Relation Name": "movie_companies", "Alias": "mc", "Startup Cost": 2.62, "Total Cost": 10.57, "Plan Rows": 2, "Plan Width": 12, "Actual Min Startup Time": 64.738, "Actual Max Startup Time": 64.738, "Actual Min Total Time": 73.582, "Actual Max Total Time": 73.582, "Recheck Cond": "(movie_id = mi.movie_id)", "Rows Removed by Index Recheck": 0, "Exact Heap Blocks": 11702, "Lossy Heap Blocks": 11702, "Plans": [{"Node Type": "Bitmap Index Scan", "Parent Relationship": "Outer", "Index Name": "movie_id_movie_companies", "Startup Cost": 0.0, "Total Cost": 2.62, "Plan Rows": 2, "Plan Width": 0, "Actual Min Startup Time": 43.569, "Actual Max Startup Time": 43.569, "Actual Min Total Time": 43.569, "Actual Max Total Time": 43.569, "Index Cond": "(movie_id = mi.movie_id)", "Actual Rows": 14401}], "Actual Rows": 14401}], "Actual Rows": 14401}, {"Node Type": "Bitmap Heap Scan", "Parent Relationship": "Inner", "Relation Name": "company_name", "Alias": "cn", "Startup Cost": 0.26, "Total Cost": 4.27, "Plan Rows": 1, "Plan Width": 4, "Actual Min Startup Time": 72.717, "Actual Max Startup Time": 72.717, "Actual Min Total Time": 72.717, "Actual Max Total Time": 72.717, "Recheck Cond": "(id = mc.company_id)", "Rows Removed by Index Recheck": 0, "Filter": "((country_code)::text = '[us]'::text)", "Rows Removed by Filter": 4527, "Exact Heap Blocks": 14401, "Lossy Heap Blocks": 14401, "Plans": [{"Node Type": "Bitmap Index Scan", "Parent Relationship": "Outer", "Index Name": "company_name_pkey", "Startup Cost": 0.0, "Total Cost": 0.26, "Plan Rows": 1, "Plan Width": 0, "Actual Min Startup Time": 41.366, "Actual Max Startup Time": 41.366, "Actual Min Total Time": 41.366, "Actual Max Total Time": 41.366, "Index Cond": "(id = mc.company_id)", "Actual Rows": 14401}], "Actual Rows": 9874}], "Actual Rows": 9874}, {"Node Type": "Materialize", "Parent Relationship": "Inner", "Startup Cost": 0.0, "Total Cost": 1.04, "Plan Rows": 3, "Plan Width": 4, "Actual Min Startup Time": 1.15, "Actual Max Startup Time": 1.15, "Actual Min Total Time": 2.203, "Actual Max Total Time": 2.203, "Plans": [{"Node Type": "Seq Scan", "Parent Relationship": "Outer", "Relation Name": "company_type", "Alias": "ct", "Startup Cost": 0.0, "Total Cost": 1.03, "Plan Rows": 3, "Plan Width": 4, "Actual Min Startup Time": 0.007, "Actual Max Startup Time": 0.007, "Actual Min Total Time": 0.008, "Actual Max Total Time": 0.008, "Actual Rows": 3}], "Actual Rows": 17790}], "Actual Rows": 5916}, {"Node Type": "Bitmap Heap Scan", "Parent Relationship": "Inner", "Relation Name": "title", "Alias": "t", "Startup Cost": 0.27, "Total Cost": 4.29, "Plan Rows": 1, "Plan Width": 21, "Actual Min Startup Time": 39.533, "Actual Max Startup Time": 39.533, "Actual Min Total Time": 39.533, "Actual Max Total Time": 39.533, "Recheck Cond": "(id = mc.movie_id)", "Rows Removed by Index Recheck": 0, "Filter": "(production_year > 1990)", "Rows Removed by Filter": 2, "Exact Heap Blocks": 5916, "Lossy Heap Blocks": 5916, "Plans": [{"Node Type": "Bitmap Index Scan", "Parent Relationship": "Outer", "Index Name": "title_pkey", "Startup Cost": 0.0, "Total Cost": 0.27, "Plan Rows": 1, "Plan Width": 0, "Actual Min Startup Time": 23.703, "Actual Max Startup Time": 23.703, "Actual Min Total Time": 23.703, "Actual Max Total Time": 23.703, "Index Cond": "(id = mc.movie_id)", "Actual Rows": 5916}], "Actual Rows": 5914}], "Actual Rows": 5914}, {"Node Type": "Bitmap Heap Scan", "Parent Relationship": "Inner", "Relation Name": "movie_keyword", "Alias": "mk", "Startup Cost": 0.34, "Total Cost": 4.44, "Plan Rows": 8, "Plan Width": 8, "Actual Min Startup Time": 30.672, "Actual Max Startup Time": 30.672, "Actual Min Total Time": 32.769, "Actual Max Total Time": 32.769, "Recheck Cond": "(movie_id = mc.movie_id)", "Rows Removed by Index Recheck": 0, "Exact Heap Blocks": 1896, "Lossy Heap Blocks": 1896, "Plans": [{"Node Type": "Bitmap Index Scan", "Parent Relationship": "Outer", "Index Name": "movie_id_movie_keyword", "Startup Cost": 0.0, "Total Cost": 0.34, "Plan Rows": 8, "Plan Width": 0, "Actual Min Startup Time": 22.681, "Actual Max Startup Time": 22.681, "Actual Min Total Time": 22.681, "Actual Max Total Time": 22.681, "Index Cond": "(movie_id = mc.movie_id)", "Actual Rows": 14161}], "Actual Rows": 14161}], "Actual Rows": 14161}, {"Node Type": "Bitmap Heap Scan", "Parent Relationship": "Inner", "Relation Name": "keyword", "Alias": "k", "Startup Cost": 0.26, "Total Cost": 4.27, "Plan Rows": 1, "Plan Width": 4, "Actual Min Startup Time": 61.914, "Actual Max Startup Time": 61.914, "Actual Min Total Time": 61.914, "Actual Max Total Time": 61.914, "Recheck Cond": "(id = mk.keyword_id)", "Rows Removed by Index Recheck": 0, "Exact Heap Blocks": 14161, "Lossy Heap Blocks": 14161, "Plans": [{"Node Type": "Bitmap Index Scan", "Parent Relationship": "Outer", "Index Name": "keyword_pkey", "Startup Cost": 0.0, "Total Cost": 0.26, "Plan Rows": 1, "Plan Width": 0, "Actual Min Startup Time": 38.592, "Actual Max Startup Time": 38.592, "Actual Min Total Time": 38.592, "Actual Max Total Time": 38.592, "Index Cond": "(id = mk.keyword_id)", "Actual Rows": 14161}], "Actual Rows": 14161}], "Actual Rows": 14161}, {"Node Type": "Bitmap Heap Scan", "Parent Relationship": "Inner", "Relation Name": "aka_title", "Alias": "at", "Startup Cost": 0.27, "Total Cost": 4.31, "Plan Rows": 3, "Plan Width": 25, "Actual Min Startup Time": 43.36, "Actual Max Startup Time": 43.36, "Actual Min Total Time": 45.138, "Actual Max Total Time": 45.138, "Recheck Cond": "(movie_id = mk.movie_id)", "Rows Removed by Index Recheck": 0, "Exact Heap Blocks": 4371, "Lossy Heap Blocks": 4371, "Plans": [{"Node Type": "Bitmap Index Scan", "Parent Relationship": "Outer", "Index Name": "movie_id_aka_title", "Startup Cost": 0.0, "Total Cost": 0.27, "Plan Rows": 3, "Plan Width": 0, "Actual Min Startup Time": 33.139, "Actual Max Startup Time": 33.139, "Actual Min Total Time": 33.139, "Actual Max Total Time": 33.139, "Index Cond": "(movie_id = mk.movie_id)", "Actual Rows": 4371}], "Actual Rows": 4371}], "Actual Rows": 4371}], "Actual Rows": 1}, "Triggers": [], "Planner Runtime": 99, "Total Runtime": 648.644, "Unique SQL Id": 2302223328}}, "(64, 55)": {"explain_plan": {"Plan": {"Node Type": "Aggregate", "Strategy": "Plain", "Startup Cost": 190799.22, "Total Cost": 190799.23, "Plan Rows": 1, "Plan Width": 102, "Plans": [{"Node Type": "Nested Loop", "Parent Relationship": "Outer", "Join Type": "Inner", "Startup Cost": 4854.59, "Total Cost": 190765.03, "Plan Rows": 6838, "Plan Width": 38, "Inner Unique": false, "Join Filter": "(t.id = at.movie_id)", "Plans": [{"Node Type": "Nested Loop", "Parent Relationship": "Outer", "Join Type": "Inner", "Startup Cost": 4854.32, "Total Cost": 180949.25, "Plan Rows": 2257, "Plan Width": 33, "Inner Unique": true, "Plans": [{"Node Type": "Nested Loop", "Parent Relationship": "Outer", "Join Type": "Inner", "Startup Cost": 4854.06, "Total Cost": 171288.7, "Plan Rows": 2257, "Plan Width": 37, "Inner Unique": false, "Join Filter": "(t.id = mk.movie_id)", "Plans": [{"Node Type": "Nested Loop", "Parent Relationship": "Outer", "Join Type": "Inner", "Startup Cost": 4853.72, "Total Cost": 170027.13, "Plan Rows": 278, "Plan Width": 29, "Inner Unique": true, "Join Filter": "(mi.movie_id = t.id)", "Plans": [{"Node Type": "Nested Loop", "Parent Relationship": "Outer", "Join Type": "Inner", "Startup Cost": 4853.45, "Total Cost": 169162.94, "Plan Rows": 201, "Plan Width": 8, "Inner Unique": true, "Plans": [{"Node Type": "Nested Loop", "Parent Relationship": "Outer", "Join Type": "Inner", "Startup Cost": 4853.19, "Total Cost": 167686.26, "Plan Rows": 345, "Plan Width": 12, "Inner Unique": true, "Plans": [{"Node Type": "Nested Loop", "Parent Relationship": "Outer", "Join Type": "Inner", "Startup Cost": 4852.94, "Total Cost": 165930.08, "Plan Rows": 410, "Plan Width": 16, "Inner Unique": false, "Plans": [{"Node Type": "Nested Loop", "Parent Relationship": "Outer", "Join Type": "Inner", "Startup Cost": 4850.32, "Total Cost": 163895.89, "Plan Rows": 192, "Plan Width": 4, "Inner Unique": false, "Plans": [{"Node Type": "Bitmap Heap Scan", "Parent Relationship": "Outer", "Relation Name": "info_type", "Alias": "it1", "Startup Cost": 8.81, "Total Cost": 14.21, "Plan Rows": 1, "Plan Width": 4, "Filter": "((info)::text = 'release dates'::text)", "Plans": [{"Node Type": "Bitmap Index Scan", "Parent Relationship": "Outer", "Index Name": "info_type_pkey", "Startup Cost": 0.0, "Total Cost": 8.81, "Plan Rows": 112, "Plan Width": 0}]}, {"Node Type": "Bitmap Heap Scan", "Parent Relationship": "Inner", "Relation Name": "movie_info", "Alias": "mi", "Startup Cost": 4841.51, "Total Cost": 163879.76, "Plan Rows": 192, "Plan Width": 8, "Recheck Cond": "(info_type_id = it1.id)", "Filter": "((note)::text ~~ '%internet%'::text)", "Plans": [{"Node Type": "Bitmap Index Scan", "Parent Relationship": "Outer", "Index Name": "info_type_id_movie_info", "Startup Cost": 0.0, "Total Cost": 4841.46, "Plan Rows": 212428, "Plan Width": 0, "Index Cond": "(info_type_id = it1.id)"}]}]}, {"Node Type": "Bitmap Heap Scan", "Parent Relationship": "Inner", "Relation Name": "movie_companies", "Alias": "mc", "Startup Cost": 2.62, "Total Cost": 10.57, "Plan Rows": 2, "Plan Width": 12, "Recheck Cond": "(movie_id = mi.movie_id)", "Plans": [{"Node Type": "Bitmap Index Scan", "Parent Relationship": "Outer", "Index Name": "movie_id_movie_companies", "Startup Cost": 0.0, "Total Cost": 2.62, "Plan Rows": 2, "Plan Width": 0, "Index Cond": "(movie_id = mi.movie_id)"}]}]}, {"Node Type": "Bitmap Heap Scan", "Parent Relationship": "Inner", "Relation Name": "company_name", "Alias": "cn", "Startup Cost": 0.26, "Total Cost": 4.27, "Plan Rows": 1, "Plan Width": 4, "Recheck Cond": "(id = mc.company_id)", "Filter": "((country_code)::text = '[us]'::text)", "Plans": [{"Node Type": "Bitmap Index Scan", "Parent Relationship": "Outer", "Index Name": "company_name_pkey", "Startup Cost": 0.0, "Total Cost": 0.26, "Plan Rows": 1, "Plan Width": 0, "Index Cond": "(id = mc.company_id)"}]}]}, {"Node Type": "Bitmap Heap Scan", "Parent Relationship": "Inner", "Relation Name": "company_type", "Alias": "ct", "Startup Cost": 0.26, "Total Cost": 4.27, "Plan Rows": 1, "Plan Width": 4, "Recheck Cond": "(id = mc.company_type_id)", "Plans": [{"Node Type": "Bitmap Index Scan", "Parent Relationship": "Outer", "Index Name": "company_type_pkey", "Startup Cost": 0.0, "Total Cost": 0.26, "Plan Rows": 1, "Plan Width": 0, "Index Cond": "(id = mc.company_type_id)"}]}]}, {"Node Type": "Bitmap Heap Scan", "Parent Relationship": "Inner", "Relation Name": "title", "Alias": "t", "Startup Cost": 0.27, "Total Cost": 4.29, "Plan Rows": 1, "Plan Width": 21, "Recheck Cond": "(id = mc.movie_id)", "Filter": "(production_year > 1990)", "Plans": [{"Node Type": "Bitmap Index Scan", "Parent Relationship": "Outer", "Index Name": "title_pkey", "Startup Cost": 0.0, "Total Cost": 0.27, "Plan Rows": 1, "Plan Width": 0, "Index Cond": "(id = mc.movie_id)"}]}]}, {"Node Type": "Bitmap Heap Scan", "Parent Relationship": "Inner", "Relation Name": "movie_keyword", "Alias": "mk", "Startup Cost": 0.34, "Total Cost": 4.44, "Plan Rows": 8, "Plan Width": 8, "Recheck Cond": "(movie_id = mc.movie_id)", "Plans": [{"Node Type": "Bitmap Index Scan", "Parent Relationship": "Outer", "Index Name": "movie_id_movie_keyword", "Startup Cost": 0.0, "Total Cost": 0.34, "Plan Rows": 8, "Plan Width": 0, "Index Cond": "(movie_id = mc.movie_id)"}]}]}, {"Node Type": "Bitmap Heap Scan", "Parent Relationship": "Inner", "Relation Name": "keyword", "Alias": "k", "Startup Cost": 0.26, "Total Cost": 4.27, "Plan Rows": 1, "Plan Width": 4, "Recheck Cond": "(id = mk.keyword_id)", "Plans": [{"Node Type": "Bitmap Index Scan", "Parent Relationship": "Outer", "Index Name": "keyword_pkey", "Startup Cost": 0.0, "Total Cost": 0.26, "Plan Rows": 1, "Plan Width": 0, "Index Cond": "(id = mk.keyword_id)"}]}]}, {"Node Type": "Bitmap Heap Scan", "Parent Relationship": "Inner", "Relation Name": "aka_title", "Alias": "at", "Startup Cost": 0.27, "Total Cost": 4.31, "Plan Rows": 3, "Plan Width": 25, "Recheck Cond": "(movie_id = mk.movie_id)", "Plans": [{"Node Type": "Bitmap Index Scan", "Parent Relationship": "Outer", "Index Name": "movie_id_aka_title", "Startup Cost": 0.0, "Total Cost": 0.27, "Plan Rows": 3, "Plan Width": 0, "Index Cond": "(movie_id = mk.movie_id)"}]}]}]}, "Unique SQL Id": 2302223328, "Planner Runtime": 49}, "explain_analyze_plan": null}, "(64, 56)": {"explain_plan": {"Plan": {"Node Type": "Aggregate", "Strategy": "Plain", "Startup Cost": 71716.5, "Total Cost": 71716.51, "Plan Rows": 1, "Plan Width": 102, "Plans": [{"Node Type": "Nested Loop", "Parent Relationship": "Outer", "Join Type": "Inner", "Startup Cost": 0.0, "Total Cost": 71682.31, "Plan Rows": 6838, "Plan Width": 38, "Inner Unique": false, "Join Filter": "(t.id = at.movie_id)", "Plans": [{"Node Type": "Nested Loop", "Parent Relationship": "Outer", "Join Type": "Inner", "Startup Cost": 0.0, "Total Cost": 70883.7, "Plan Rows": 2257, "Plan Width": 33, "Inner Unique": true, "Plans": [{"Node Type": "Nested Loop", "Parent Relationship": "Outer", "Join Type": "Inner", "Startup Cost": 0.0, "Total Cost": 70251.71, "Plan Rows": 2257, "Plan Width": 37, "Inner Unique": false, "Join Filter": "(t.id = mk.movie_id)", "Plans": [{"Node Type": "Nested Loop", "Parent Relationship": "Outer", "Join Type": "Inner", "Startup Cost": 0.0, "Total Cost": 70095.36, "Plan Rows": 278, "Plan Width": 29, "Inner Unique": true, "Join Filter": "(mc.company_type_id = ct.id)", "Plans": [{"Node Type": "Nested Loop", "Parent Relationship": "Outer", "Join Type": "Inner", "Startup Cost": 0.0, "Total Cost": 70072.82, "Plan Rows": 478, "Plan Width": 33, "Inner Unique": true, "Plans": [{"Node Type": "Nested Loop", "Parent Relationship": "Outer", "Join Type": "Inner", "Startup Cost": 0.0, "Total Cost": 69909.43, "Plan Rows": 568, "Plan Width": 37, "Inner Unique": false, "Plans": [{"Node Type": "Nested Loop", "Parent Relationship": "Outer", "Join Type": "Inner", "Startup Cost": 0.0, "Total Cost": 69811.57, "Plan Rows": 266, "Plan Width": 25, "Inner Unique": true, "Plans": [{"Node Type": "Nested Loop", "Parent Relationship": "Outer", "Join Type": "Inner", "Startup Cost": 0.0, "Total Cost": 68668.26, "Plan Rows": 192, "Plan Width": 4, "Inner Unique": false, "Join Filter": "(it1.id = mi.info_type_id)", "Plans": [{"Node Type": "Seq Scan", "Parent Relationship": "Outer", "Relation Name": "info_type", "Alias": "it1", "Startup Cost": 0.0, "Total Cost": 2.4, "Plan Rows": 1, "Plan Width": 4, "Filter": "((info)::text = 'release dates'::text)"}, {"Node Type": "Materialize", "Parent Relationship": "Inner", "Startup Cost": 0.0, "Total Cost": 68531.67, "Plan Rows": 13419, "Plan Width": 8, "Plans": [{"Node Type": "Streaming(type: LOCAL GATHER dop: 1/64)", "Parent Relationship": "Outer", "Startup Cost": 0.0, "Total Cost": 68498.12, "Plan Rows": 13419, "Plan Width": 8, "Plans": [{"Node Type": "Seq Scan", "Parent Relationship": "Outer", "Relation Name": "movie_info", "Alias": "mi", "Startup Cost": 0.0, "Total Cost": 68221.29, "Plan Rows": 13419, "Plan Width": 8, "Filter": "((note)::text ~~ '%internet%'::text)"}]}]}]}, {"Node Type": "Index Scan", "Parent Relationship": "Inner", "Scan Direction": "Forward", "Index Name": "title_pkey", "Relation Name": "title", "Alias": "t", "Startup Cost": 0.0, "Total Cost": 5.94, "Plan Rows": 1, "Plan Width": 21, "Index Cond": "(id = mi.movie_id)", "Filter": "(production_year > 1990)"}]}, {"Node Type": "Index Scan", "Parent Relationship": "Inner", "Scan Direction": "Forward", "Index Name": "movie_id_movie_companies", "Relation Name": "movie_companies", "Alias": "mc", "Startup Cost": 0.0, "Total Cost": 0.35, "Plan Rows": 2, "Plan Width": 12, "Index Cond": "(movie_id = t.id)"}]}, {"Node Type": "Index Scan", "Parent Relationship": "Inner", "Scan Direction": "Forward", "Index Name": "company_name_pkey", "Relation Name": "company_name", "Alias": "cn", "Startup Cost": 0.0, "Total Cost": 0.28, "Plan Rows": 1, "Plan Width": 4, "Index Cond": "(id = mc.company_id)", "Filter": "((country_code)::text = '[us]'::text)"}]}, {"Node Type": "Materialize", "Parent Relationship": "Inner", "Startup Cost": 0.0, "Total Cost": 1.04, "Plan Rows": 3, "Plan Width": 4, "Plans": [{"Node Type": "Seq Scan", "Parent Relationship": "Outer", "Relation Name": "company_type", "Alias": "ct", "Startup Cost": 0.0, "Total Cost": 1.03, "Plan Rows": 3, "Plan Width": 4}]}]}, {"Node Type": "Index Scan", "Parent Relationship": "Inner", "Scan Direction": "Forward", "Index Name": "movie_id_movie_keyword", "Relation Name": "movie_keyword", "Alias": "mk", "Startup Cost": 0.0, "Total Cost": 0.46, "Plan Rows": 8, "Plan Width": 8, "Index Cond": "(movie_id = mc.movie_id)"}]}, {"Node Type": "Index Only Scan", "Parent Relationship": "Inner", "Scan Direction": "Forward", "Index Name": "keyword_pkey", "Relation Name": "keyword", "Alias": "k", "Startup Cost": 0.0, "Total Cost": 0.27, "Plan Rows": 1, "Plan Width": 4, "Index Cond": "(id = mk.keyword_id)"}]}, {"Node Type": "Index Scan", "Parent Relationship": "Inner", "Scan Direction": "Forward", "Index Name": "movie_id_aka_title", "Relation Name": "aka_title", "Alias": "at", "Startup Cost": 0.0, "Total Cost": 0.32, "Plan Rows": 3, "Plan Width": 25, "Index Cond": "(movie_id = mk.movie_id)"}]}]}, "Unique SQL Id": 2302223328, "Planner Runtime": 39}, "explain_analyze_plan": {"Plan": {"Node Type": "Aggregate", "Strategy": "Plain", "Startup Cost": 71716.5, "Total Cost": 71716.51, "Plan Rows": 1, "Plan Width": 102, "Actual Min Startup Time": 522.11, "Actual Max Startup Time": 522.11, "Actual Min Total Time": 522.111, "Actual Max Total Time": 522.111, "Plans": [{"Node Type": "Nested Loop", "Parent Relationship": "Outer", "Join Type": "Inner", "Startup Cost": 0.0, "Total Cost": 71682.31, "Plan Rows": 6838, "Plan Width": 38, "Actual Min Startup Time": 174.853, "Actual Max Startup Time": 174.853, "Actual Min Total Time": 519.391, "Actual Max Total Time": 519.391, "Inner Unique": false, "Join Filter": "(t.id = at.movie_id)", "Rows Removed by Join Filter": 0, "Plans": [{"Node Type": "Nested Loop", "Parent Relationship": "Outer", "Join Type": "Inner", "Startup Cost": 0.0, "Total Cost": 70883.7, "Plan Rows": 2257, "Plan Width": 33, "Actual Min Startup Time": 174.833, "Actual Max Startup Time": 174.833, "Actual Min Total Time": 475.797, "Actual Max Total Time": 475.797, "Inner Unique": true, "Plans": [{"Node Type": "Nested Loop", "Parent Relationship": "Outer", "Join Type": "Inner", "Startup Cost": 0.0, "Total Cost": 70251.71, "Plan Rows": 2257, "Plan Width": 37, "Actual Min Startup Time": 174.819, "Actual Max Startup Time": 174.819, "Actual Min Total Time": 429.149, "Actual Max Total Time": 429.149, "Inner Unique": false, "Join Filter": "(t.id = mk.movie_id)", "Rows Removed by Join Filter": 0, "Plans": [{"Node Type": "Nested Loop", "Parent Relationship": "Outer", "Join Type": "Inner", "Startup Cost": 0.0, "Total Cost": 70095.36, "Plan Rows": 278, "Plan Width": 29, "Actual Min Startup Time": 174.755, "Actual Max Startup Time": 174.755, "Actual Min Total Time": 389.355, "Actual Max Total Time": 389.355, "Inner Unique": true, "Join Filter": "(mc.company_type_id = ct.id)", "Rows Removed by Join Filter": 11829, "Plans": [{"Node Type": "Nested Loop", "Parent Relationship": "Outer", "Join Type": "Inner", "Startup Cost": 0.0, "Total Cost": 70072.82, "Plan Rows": 478, "Plan Width": 33, "Actual Min Startup Time": 174.722, "Actual Max Startup Time": 174.722, "Actual Min Total Time": 380.83, "Actual Max Total Time": 380.83, "Inner Unique": true, "Plans": [{"Node Type": "Nested Loop", "Parent Relationship": "Outer", "Join Type": "Inner", "Startup Cost": 0.0, "Total Cost": 69909.43, "Plan Rows": 568, "Plan Width": 37, "Actual Min Startup Time": 174.7, "Actual Max Startup Time": 174.7, "Actual Min Total Time": 312.494, "Actual Max Total Time": 312.494, "Inner Unique": false, "Plans": [{"Node Type": "Nested Loop", "Parent Relationship": "Outer", "Join Type": "Inner", "Startup Cost": 0.0, "Total Cost": 69811.57, "Plan Rows": 266, "Plan Width": 25, "Actual Min Startup Time": 174.681, "Actual Max Startup Time": 174.681, "Actual Min Total Time": 246.736, "Actual Max Total Time": 246.736, "Inner Unique": true, "Plans": [{"Node Type": "Nested Loop", "Parent Relationship": "Outer", "Join Type": "Inner", "Startup Cost": 0.0, "Total Cost": 68668.26, "Plan Rows": 192, "Plan Width": 4, "Actual Min Startup Time": 174.648, "Actual Max Startup Time": 174.648, "Actual Min Total Time": 181.009, "Actual Max Total Time": 181.009, "Inner Unique": false, "Join Filter": "(it1.id = mi.info_type_id)", "Rows Removed by Join Filter": 131, "Plans": [{"Node Type": "Seq Scan", "Parent Relationship": "Outer", "Relation Name": "info_type", "Alias": "it1", "Startup Cost": 0.0, "Total Cost": 2.4, "Plan Rows": 1, "Plan Width": 4, "Actual Min Startup Time": 0.068, "Actual Max Startup Time": 0.068, "Actual Min Total Time": 0.098, "Actual Max Total Time": 0.098, "Filter": "((info)::text = 'release dates'::text)", "Rows Removed by Filter": 111, "Actual Rows": 1}, {"Node Type": "Materialize", "Parent Relationship": "Inner", "Startup Cost": 0.0, "Total Cost": 68531.67, "Plan Rows": 13419, "Plan Width": 8, "Actual Min Startup Time": 174.551, "Actual Max Startup Time": 174.551, "Actual Min Total Time": 176.148, "Actual Max Total Time": 176.148, "Plans": [{"Node Type": "Streaming(type: LOCAL GATHER dop: 1/64)", "Parent Relationship": "Outer", "Startup Cost": 0.0, "Total Cost": 68498.12, "Plan Rows": 13419, "Plan Width": 8, "Actual Min Startup Time": 92.65, "Actual Max Startup Time": 92.65, "Actual Min Total Time": 172.565, "Actual Max Total Time": 172.565, "Plans": [{"Node Type": "Seq Scan", "Parent Relationship": "Outer", "Relation Name": "movie_info", "Alias": "mi", "Startup Cost": 0.0, "Total Cost": 68221.29, "Plan Rows": 13419, "Plan Width": 8, "Actual Min Startup Time": 0.124, "Actual Max Startup Time": 22.037, "Actual Min Total Time": 60.732, "Actual Max Total Time": 70.75, "Filter": "((note)::text ~~ '%internet%'::text)", "Rows Removed by Filter": 14824909, "Actual Rows": 10810}], "Actual Rows": 10810}], "Actual Rows": 10811}], "Actual Rows": 10679}, {"Node Type": "Index Scan", "Parent Relationship": "Inner", "Scan Direction": "Forward", "Index Name": "title_pkey", "Relation Name": "title", "Alias": "t", "Startup Cost": 0.0, "Total Cost": 5.94, "Plan Rows": 1, "Plan Width": 21, "Actual Min Startup Time": 57.29, "Actual Max Startup Time": 57.29, "Actual Min Total Time": 57.29, "Actual Max Total Time": 57.29, "Index Cond": "(id = mi.movie_id)", "Rows Removed by Index Recheck": 0, "Filter": "(production_year > 1990)", "Rows Removed by Filter": 17, "Actual Rows": 10662}], "Actual Rows": 10662}, {"Node Type": "Index Scan", "Parent Relationship": "Inner", "Scan Direction": "Forward", "Index Name": "movie_id_movie_companies", "Relation Name": "movie_companies", "Alias": "mc", "Startup Cost": 0.0, "Total Cost": 0.35, "Plan Rows": 2, "Plan Width": 12, "Actual Min Startup Time": 46.71, "Actual Max Startup Time": 46.71, "Actual Min Total Time": 56.921, "Actual Max Total Time": 56.921, "Index Cond": "(movie_id = t.id)", "Rows Removed by Index Recheck": 0, "Actual Rows": 14377}], "Actual Rows": 14377}, {"Node Type": "Index Scan", "Parent Relationship": "Inner", "Scan Direction": "Forward", "Index Name": "company_name_pkey", "Relation Name": "company_name", "Alias": "cn", "Startup Cost": 0.0, "Total Cost": 0.28, "Plan Rows": 1, "Plan Width": 4, "Actual Min Startup Time": 57.992, "Actual Max Startup Time": 57.992, "Actual Min Total Time": 57.992, "Actual Max Total Time": 57.992, "Index Cond": "(id = mc.company_id)", "Rows Removed by Index Recheck": 0, "Filter": "((country_code)::text = '[us]'::text)", "Rows Removed by Filter": 4520, "Actual Rows": 9857}], "Actual Rows": 9857}, {"Node Type": "Materialize", "Parent Relationship": "Inner", "Startup Cost": 0.0, "Total Cost": 1.04, "Plan Rows": 3, "Plan Width": 4, "Actual Min Startup Time": 1.036, "Actual Max Startup Time": 1.036, "Actual Min Total Time": 2.027, "Actual Max Total Time": 2.027, "Plans": [{"Node Type": "Seq Scan", "Parent Relationship": "Outer", "Relation Name": "company_type", "Alias": "ct", "Startup Cost": 0.0, "Total Cost": 1.03, "Plan Rows": 3, "Plan Width": 4, "Actual Min Startup Time": 0.006, "Actual Max Startup Time": 0.006, "Actual Min Total Time": 0.009, "Actual Max Total Time": 0.009, "Actual Rows": 3}], "Actual Rows": 17743}], "Actual Rows": 5914}, {"Node Type": "Index Scan", "Parent Relationship": "Inner", "Scan Direction": "Forward", "Index Name": "movie_id_movie_keyword", "Relation Name": "movie_keyword", "Alias": "mk", "Startup Cost": 0.0, "Total Cost": 0.46, "Plan Rows": 8, "Plan Width": 8, "Actual Min Startup Time": 24.272, "Actual Max Startup Time": 24.272, "Actual Min Total Time": 30.707, "Actual Max Total Time": 30.707, "Index Cond": "(movie_id = mc.movie_id)", "Rows Removed by Index Recheck": 0, "Actual Rows": 14161}], "Actual Rows": 14161}, {"Node Type": "Index Only Scan", "Parent Relationship": "Inner", "Scan Direction": "Forward", "Index Name": "keyword_pkey", "Relation Name": "keyword", "Alias": "k", "Startup Cost": 0.0, "Total Cost": 0.27, "Plan Rows": 1, "Plan Width": 4, "Actual Min Startup Time": 36.485, "Actual Max Startup Time": 36.485, "Actual Min Total Time": 36.485, "Actual Max Total Time": 36.485, "Index Cond": "(id = mk.keyword_id)", "Rows Removed by Index Recheck": 0, "Heap Fetches": 0, "Actual Rows": 14161}], "Actual Rows": 14161}, {"Node Type": "Index Scan", "Parent Relationship": "Inner", "Scan Direction": "Forward", "Index Name": "movie_id_aka_title", "Relation Name": "aka_title", "Alias": "at", "Startup Cost": 0.0, "Total Cost": 0.32, "Plan Rows": 3, "Plan Width": 25, "Actual Min Startup Time": 33.225, "Actual Max Startup Time": 33.225, "Actual Min Total Time": 35.347, "Actual Max Total Time": 35.347, "Index Cond": "(movie_id = mk.movie_id)", "Rows Removed by Index Recheck": 0, "Actual Rows": 4371}], "Actual Rows": 4371}], "Actual Rows": 1}, "Triggers": [], "Planner Runtime": 39, "Total Runtime": 534.324, "Unique SQL Id": 2302223328}}, "(64, 57)": {"explain_plan": {"Plan": {"Node Type": "Aggregate", "Strategy": "Plain", "Startup Cost": 498755.15, "Total Cost": 498755.16, "Plan Rows": 1, "Plan Width": 102, "Plans": [{"Node Type": "Nested Loop", "Parent Relationship": "Outer", "Join Type": "Inner", "Startup Cost": 0.0, "Total Cost": 498720.96, "Plan Rows": 6838, "Plan Width": 38, "Inner Unique": false, "Join Filter": "(t.id = at.movie_id)", "Plans": [{"Node Type": "Nested Loop", "Parent Relationship": "Outer", "Join Type": "Inner", "Startup Cost": 0.0, "Total Cost": 497922.35, "Plan Rows": 2257, "Plan Width": 33, "Inner Unique": true, "Plans": [{"Node Type": "Nested Loop", "Parent Relationship": "Outer", "Join Type": "Inner", "Startup Cost": 0.0, "Total Cost": 497290.36, "Plan Rows": 2257, "Plan Width": 37, "Inner Unique": false, "Join Filter": "(t.id = mk.movie_id)", "Plans": [{"Node Type": "Nested Loop", "Parent Relationship": "Outer", "Join Type": "Inner", "Startup Cost": 0.0, "Total Cost": 497134.02, "Plan Rows": 278, "Plan Width": 29, "Inner Unique": true, "Join Filter": "(mc.company_type_id = ct.id)", "Plans": [{"Node Type": "Nested Loop", "Parent Relationship": "Outer", "Join Type": "Inner", "Startup Cost": 0.0, "Total Cost": 497104.2, "Plan Rows": 478, "Plan Width": 33, "Inner Unique": true, "Plans": [{"Node Type": "Nested Loop", "Parent Relationship": "Outer", "Join Type": "Inner", "Startup Cost": 0.0, "Total Cost": 496940.81, "Plan Rows": 568, "Plan Width": 37, "Inner Unique": false, "Plans": [{"Node Type": "Nested Loop", "Parent Relationship": "Outer", "Join Type": "Inner", "Startup Cost": 0.0, "Total Cost": 496842.96, "Plan Rows": 266, "Plan Width": 25, "Inner Unique": true, "Plans": [{"Node Type": "Nested Loop", "Parent Relationship": "Outer", "Join Type": "Inner", "Startup Cost": 0.0, "Total Cost": 495699.65, "Plan Rows": 192, "Plan Width": 4, "Inner Unique": false, "Plans": [{"Node Type": "Index Scan", "Parent Relationship": "Outer", "Scan Direction": "Forward", "Index Name": "info_type_pkey", "Relation Name": "info_type", "Alias": "it1", "Startup Cost": 0.0, "Total Cost": 14.21, "Plan Rows": 1, "Plan Width": 4, "Filter": "((info)::text = 'release dates'::text)"}, {"Node Type": "Index Scan", "Parent Relationship": "Inner", "Scan Direction": "Forward", "Index Name": "info_type_id_movie_info", "Relation Name": "movie_info", "Alias": "mi", "Startup Cost": 0.0, "Total Cost": 495683.52, "Plan Rows": 192, "Plan Width": 8, "Index Cond": "(info_type_id = it1.id)", "Filter": "((note)::text ~~ '%internet%'::text)"}]}, {"Node Type": "Index Scan", "Parent Relationship": "Inner", "Scan Direction": "Forward", "Index Name": "title_pkey", "Relation Name": "title", "Alias": "t", "Startup Cost": 0.0, "Total Cost": 5.94, "Plan Rows": 1, "Plan Width": 21, "Index Cond": "(id = mi.movie_id)", "Filter": "(production_year > 1990)"}]}, {"Node Type": "Index Scan", "Parent Relationship": "Inner", "Scan Direction": "Forward", "Index Name": "movie_id_movie_companies", "Relation Name": "movie_companies", "Alias": "mc", "Startup Cost": 0.0, "Total Cost": 0.35, "Plan Rows": 2, "Plan Width": 12, "Index Cond": "(movie_id = t.id)"}]}, {"Node Type": "Index Scan", "Parent Relationship": "Inner", "Scan Direction": "Forward", "Index Name": "company_name_pkey", "Relation Name": "company_name", "Alias": "cn", "Startup Cost": 0.0, "Total Cost": 0.28, "Plan Rows": 1, "Plan Width": 4, "Index Cond": "(id = mc.company_id)", "Filter": "((country_code)::text = '[us]'::text)"}]}, {"Node Type": "Materialize", "Parent Relationship": "Inner", "Startup Cost": 0.0, "Total Cost": 8.31, "Plan Rows": 3, "Plan Width": 4, "Plans": [{"Node Type": "Index Only Scan", "Parent Relationship": "Outer", "Scan Direction": "Forward", "Index Name": "company_type_pkey", "Relation Name": "company_type", "Alias": "ct", "Startup Cost": 0.0, "Total Cost": 8.29, "Plan Rows": 3, "Plan Width": 4}]}]}, {"Node Type": "Index Scan", "Parent Relationship": "Inner", "Scan Direction": "Forward", "Index Name": "movie_id_movie_keyword", "Relation Name": "movie_keyword", "Alias": "mk", "Startup Cost": 0.0, "Total Cost": 0.46, "Plan Rows": 8, "Plan Width": 8, "Index Cond": "(movie_id = mc.movie_id)"}]}, {"Node Type": "Index Only Scan", "Parent Relationship": "Inner", "Scan Direction": "Forward", "Index Name": "keyword_pkey", "Relation Name": "keyword", "Alias": "k", "Startup Cost": 0.0, "Total Cost": 0.27, "Plan Rows": 1, "Plan Width": 4, "Index Cond": "(id = mk.keyword_id)"}]}, {"Node Type": "Index Scan", "Parent Relationship": "Inner", "Scan Direction": "Forward", "Index Name": "movie_id_aka_title", "Relation Name": "aka_title", "Alias": "at", "Startup Cost": 0.0, "Total Cost": 0.32, "Plan Rows": 3, "Plan Width": 25, "Index Cond": "(movie_id = mk.movie_id)"}]}]}, "Unique SQL Id": 2302223328, "Planner Runtime": 33}, "explain_analyze_plan": null}, "(64, 58)": {"explain_plan": {"Plan": {"Node Type": "Aggregate", "Strategy": "Plain", "Startup Cost": 1345333.05, "Total Cost": 1345333.06, "Plan Rows": 1, "Plan Width": 102, "Plans": [{"Node Type": "Nested Loop", "Parent Relationship": "Outer", "Join Type": "Inner", "Startup Cost": 0.0, "Total Cost": 1345298.86, "Plan Rows": 6838, "Plan Width": 38, "Inner Unique": true, "Join Filter": "(mc.company_type_id = ct.id)", "Plans": [{"Node Type": "Streaming(type: LOCAL GATHER dop: 1/64)", "Parent Relationship": "Outer", "Startup Cost": 0.0, "Total Cost": 1344990.12, "Plan Rows": 6838, "Plan Width": 42, "Plans": [{"Node Type": "Nested Loop", "Parent Relationship": "Outer", "Join Type": "Inner", "Startup Cost": 0.0, "Total Cost": 1344849.05, "Plan Rows": 6838, "Plan Width": 42, "Inner Unique": false, "Join Filter": "(t.id = at.movie_id)", "Plans": [{"Node Type": "Streaming(type: LOCAL REDISTRIBUTE dop: 64/1)", "Parent Relationship": "Outer", "Startup Cost": 0.0, "Total Cost": 87581.23, "Plan Rows": 361471, "Plan Width": 25, "Plans": [{"Node Type": "Seq Scan", "Parent Relationship": "Outer", "Relation Name": "aka_title", "Alias": "at", "Startup Cost": 0.0, "Total Cost": 9894.71, "Plan Rows": 361471, "Plan Width": 25}]}, {"Node Type": "Materialize", "Parent Relationship": "Inner", "Startup Cost": 0.0, "Total Cost": 1252139.77, "Plan Rows": 3874, "Plan Width": 37, "Plans": [{"Node Type": "Streaming(type: LOCAL REDISTRIBUTE dop: 64/64)", "Parent Relationship": "Outer", "Startup Cost": 0.0, "Total Cost": 1252139.47, "Plan Rows": 3874, "Plan Width": 37, "Plans": [{"Node Type": "Nested Loop", "Parent Relationship": "Outer", "Join Type": "Inner", "Startup Cost": 0.0, "Total Cost": 1189135.8, "Plan Rows": 3874, "Plan Width": 37, "Inner Unique": false, "Join Filter": "(mk.keyword_id = k.id)", "Plans": [{"Node Type": "Streaming(type: LOCAL REDISTRIBUTE dop: 64/1)", "Parent Relationship": "Outer", "Startup Cost": 0.0, "Total Cost": 70551.96, "Plan Rows": 134169, "Plan Width": 4, "Plans": [{"Node Type": "Seq Scan", "Parent Relationship": "Outer", "Relation Name": "keyword", "Alias": "k", "Startup Cost": 0.0, "Total Cost": 2100.69, "Plan Rows": 134169, "Plan Width": 4}]}, {"Node Type": "Materialize", "Parent Relationship": "Inner", "Startup Cost": 0.0, "Total Cost": 1116680.53, "Plan Rows": 3874, "Plan Width": 41, "Plans": [{"Node Type": "Streaming(type: LOCAL REDISTRIBUTE dop: 64/64)", "Parent Relationship": "Outer", "Startup Cost": 0.0, "Total Cost": 1116680.23, "Plan Rows": 3874, "Plan Width": 41, "Plans": [{"Node Type": "Nested Loop", "Parent Relationship": "Outer", "Join Type": "Inner", "Startup Cost": 0.0, "Total Cost": 1053676.56, "Plan Rows": 3874, "Plan Width": 41, "Inner Unique": false, "Join Filter": "(t.id = mk.movie_id)", "Plans": [{"Node Type": "Streaming(type: LOCAL REDISTRIBUTE dop: 64/1)", "Parent Relationship": "Outer", "Startup Cost": 0.0, "Total Cost": 309248.0, "Plan Rows": 4523929, "Plan Width": 8, "Plans": [{"Node Type": "Seq Scan", "Parent Relationship": "Outer", "Relation Name": "movie_keyword", "Alias": "mk", "Startup Cost": 0.0, "Total Cost": 62441.29, "Plan Rows": 4523929, "Plan Width": 8}]}, {"Node Type": "Materialize", "Parent Relationship": "Inner", "Startup Cost": 0.0, "Total Cost": 736509.5, "Plan Rows": 478, "Plan Width": 33, "Plans": [{"Node Type": "Streaming(type: LOCAL REDISTRIBUTE dop: 64/64)", "Parent Relationship": "Outer", "Startup Cost": 0.0, "Total Cost": 736509.46, "Plan Rows": 478, "Plan Width": 33, "Plans": [{"Node Type": "Nested Loop", "Parent Relationship": "Outer", "Join Type": "Inner", "Startup Cost": 0.0, "Total Cost": 673509.01, "Plan Rows": 478, "Plan Width": 33, "Inner Unique": false, "Join Filter": "(mc.company_id = cn.id)", "Plans": [{"Node Type": "Streaming(type: LOCAL REDISTRIBUTE dop: 64/1)", "Parent Relationship": "Outer", "Startup Cost": 0.0, "Total Cost": 72363.9, "Plan Rows": 85170, "Plan Width": 4, "Plans": [{"Node Type": "Seq Scan", "Parent Relationship": "Outer", "Relation Name": "company_name", "Alias": "cn", "Startup Cost": 0.0, "Total Cost": 5903.45, "Plan Rows": 85170, "Plan Width": 4, "Filter": "((country_code)::text = '[us]'::text)"}]}, {"Node Type": "Materialize", "Parent Relationship": "Inner", "Startup Cost": 0.0, "Total Cost": 600967.98, "Plan Rows": 568, "Plan Width": 37, "Plans": [{"Node Type": "Streaming(type: LOCAL REDISTRIBUTE dop: 64/64)", "Parent Relationship": "Outer", "Startup Cost": 0.0, "Total Cost": 600967.93, "Plan Rows": 568, "Plan Width": 37, "Plans": [{"Node Type": "Nested Loop", "Parent Relationship": "Outer", "Join Type": "Inner", "Startup Cost": 0.0, "Total Cost": 537967.39, "Plan Rows": 568, "Plan Width": 37, "Inner Unique": false, "Join Filter": "(t.id = mc.movie_id)", "Plans": [{"Node Type": "Streaming(type: LOCAL REDISTRIBUTE dop: 64/1)", "Parent Relationship": "Outer", "Startup Cost": 0.0, "Total Cost": 210825.84, "Plan Rows": 2609128, "Plan Width": 12, "Plans": [{"Node Type": "Seq Scan", "Parent Relationship": "Outer", "Relation Name": "movie_companies", "Alias": "mc", "Startup Cost": 0.0, "Total Cost": 41817.28, "Plan Rows": 2609128, "Plan Width": 12}]}, {"Node Type": "Materialize", "Parent Relationship": "Inner", "Startup Cost": 0.0, "Total Cost": 324599.95, "Plan Rows": 266, "Plan Width": 25, "Plans": [{"Node Type": "Streaming(type: LOCAL REDISTRIBUTE dop: 64/64)", "Parent Relationship": "Outer", "Startup Cost": 0.0, "Total Cost": 324599.93, "Plan Rows": 266, "Plan Width": 25, "Plans": [{"Node Type": "Nested Loop", "Parent Relationship": "Outer", "Join Type": "Inner", "Startup Cost": 0.0, "Total Cost": 261599.68, "Plan Rows": 266, "Plan Width": 25, "Inner Unique": false, "Join Filter": "(mi.movie_id = t.id)", "Plans": [{"Node Type": "Streaming(type: LOCAL REDISTRIBUTE dop: 64/64)", "Parent Relationship": "Outer", "Startup Cost": 0.0, "Total Cost": 128693.96, "Plan Rows": 1748840, "Plan Width": 21, "Plans": [{"Node Type": "Seq Scan", "Parent Relationship": "Outer", "Relation Name": "title", "Alias": "t", "Startup Cost": 0.0, "Total Cost": 64037.34, "Plan Rows": 1748840, "Plan Width": 21, "Filter": "(production_year > 1990), (LLVM Optimized)"}]}, {"Node Type": "Materialize", "Parent Relationship": "Inner", "Startup Cost": 0.0, "Total Cost": 131676.08, "Plan Rows": 192, "Plan Width": 4, "Plans": [{"Node Type": "Streaming(type: LOCAL REDISTRIBUTE dop: 64/1)", "Parent Relationship": "Outer", "Startup Cost": 0.0, "Total Cost": 131676.06, "Plan Rows": 192, "Plan Width": 4, "Plans": [{"Node Type": "Nested Loop", "Parent Relationship": "Outer", "Join Type": "Inner", "Startup Cost": 0.0, "Total Cost": 68668.26, "Plan Rows": 192, "Plan Width": 4, "Inner Unique": false, "Join Filter": "(it1.id = mi.info_type_id)", "Plans": [{"Node Type": "Seq Scan", "Parent Relationship": "Outer", "Relation Name": "info_type", "Alias": "it1", "Startup Cost": 0.0, "Total Cost": 2.4, "Plan Rows": 1, "Plan Width": 4, "Filter": "((info)::text = 'release dates'::text)"}, {"Node Type": "Materialize", "Parent Relationship": "Inner", "Startup Cost": 0.0, "Total Cost": 68531.67, "Plan Rows": 13419, "Plan Width": 8, "Plans": [{"Node Type": "Streaming(type: LOCAL GATHER dop: 1/64)", "Parent Relationship": "Outer", "Startup Cost": 0.0, "Total Cost": 68498.12, "Plan Rows": 13419, "Plan Width": 8, "Plans": [{"Node Type": "Seq Scan", "Parent Relationship": "Outer", "Relation Name": "movie_info", "Alias": "mi", "Startup Cost": 0.0, "Total Cost": 68221.29, "Plan Rows": 13419, "Plan Width": 8, "Filter": "((note)::text ~~ '%internet%'::text)"}]}]}]}]}]}]}]}]}]}]}]}]}]}]}]}]}]}]}]}]}]}]}, {"Node Type": "Materialize", "Parent Relationship": "Inner", "Startup Cost": 0.0, "Total Cost": 1.04, "Plan Rows": 3, "Plan Width": 4, "Plans": [{"Node Type": "Seq Scan", "Parent Relationship": "Outer", "Relation Name": "company_type", "Alias": "ct", "Startup Cost": 0.0, "Total Cost": 1.03, "Plan Rows": 3, "Plan Width": 4}]}]}]}, "Unique SQL Id": 2302223328, "Planner Runtime": 65}, "explain_analyze_plan": null}, "(64, 59)": {"explain_plan": {"Plan": {"Node Type": "Aggregate", "Strategy": "Plain", "Startup Cost": 9000196009590.57, "Total Cost": 9000196009590.58, "Plan Rows": 1, "Plan Width": 102, "Plans": [{"Node Type": "Nested Loop", "Parent Relationship": "Outer", "Join Type": "Inner", "Startup Cost": 90000000000.0, "Total Cost": 9000196009556.38, "Plan Rows": 6838, "Plan Width": 38, "Inner Unique": false, "Join Filter": "(t.id = at.movie_id)", "Plans": [{"Node Type": "Nested Loop", "Parent Relationship": "Outer", "Join Type": "Inner", "Startup Cost": 80000000000.0, "Total Cost": 8000181781050.87, "Plan Rows": 2257, "Plan Width": 33, "Inner Unique": true, "Join Filter": "(mk.keyword_id = k.id)", "Plans": [{"Node Type": "Nested Loop", "Parent Relationship": "Outer", "Join Type": "Inner", "Startup Cost": 70000000000.0, "Total Cost": 7000177032345.45, "Plan Rows": 2257, "Plan Width": 37, "Inner Unique": false, "Join Filter": "(t.id = mk.movie_id)", "Plans": [{"Node Type": "Index Scan", "Parent Relationship": "Outer", "Scan Direction": "Forward", "Index Name": "movie_id_movie_keyword", "Relation Name": "movie_keyword", "Alias": "mk", "Startup Cost": 10000000000.0, "Total Cost": 1000015300634.17, "Plan Rows": 4523929, "Plan Width": 8}, {"Node Type": "Materialize", "Parent Relationship": "Inner", "Startup Cost": 60000000000.0, "Total Cost": 6000142866928.05, "Plan Rows": 278, "Plan Width": 29, "Plans": [{"Node Type": "Nested Loop", "Parent Relationship": "Outer", "Join Type": "Inner", "Startup Cost": 60000000000.0, "Total Cost": 6000142866926.66, "Plan Rows": 278, "Plan Width": 29, "Inner Unique": false, "Join Filter": "(mi.movie_id = t.id)", "Plans": [{"Node Type": "Index Scan", "Parent Relationship": "Outer", "Scan Direction": "Forward", "Index Name": "title_pkey", "Relation Name": "title", "Alias": "t", "Startup Cost": 10000000000.0, "Total Cost": 1000011644126.66, "Plan Rows": 1748840, "Plan Width": 21, "Filter": "(production_year > 1990), (LLVM Optimized)"}, {"Node Type": "Materialize", "Parent Relationship": "Inner", "Startup Cost": 50000000000.0, "Total Cost": 5000125950047.9, "Plan Rows": 201, "Plan Width": 8, "Plans": [{"Node Type": "Nested Loop", "Parent Relationship": "Outer", "Join Type": "Inner", "Startup Cost": 50000000000.0, "Total Cost": 5000125950046.89, "Plan Rows": 201, "Plan Width": 8, "Inner Unique": true, "Join Filter": "(mc.company_type_id = ct.id)", "Plans": [{"Node Type": "Nested Loop", "Parent Relationship": "Outer", "Join Type": "Inner", "Startup Cost": 40000000000.0, "Total Cost": 4000125949201.86, "Plan Rows": 345, "Plan Width": 12, "Inner Unique": true, "Join Filter": "(mc.company_id = cn.id)", "Plans": [{"Node Type": "Nested Loop", "Parent Relationship": "Outer", "Join Type": "Inner", "Startup Cost": 30000000000.0, "Total Cost": 3000124375054.46, "Plan Rows": 410, "Plan Width": 16, "Inner Unique": false, "Join Filter": "(mi.movie_id = mc.movie_id)", "Plans": [{"Node Type": "Nested Loop", "Parent Relationship": "Outer", "Join Type": "Inner", "Startup Cost": 20000000000.0, "Total Cost": 2000107536026.0, "Plan Rows": 192, "Plan Width": 4, "Inner Unique": true, "Join Filter": "(it1.id = mi.info_type_id)", "Plans": [{"Node Type": "Index Scan", "Parent Relationship": "Outer", "Scan Direction": "Forward", "Index Name": "movie_id_movie_info", "Relation Name": "movie_info", "Alias": "mi", "Startup Cost": 10000000000.0, "Total Cost": 1000107534403.72, "Plan Rows": 13419, "Plan Width": 8, "Filter": "((note)::text ~~ '%internet%'::text)"}, {"Node Type": "Materialize", "Parent Relationship": "Inner", "Startup Cost": 10000000000.0, "Total Cost": 1000000001421.0, "Plan Rows": 1, "Plan Width": 4, "Plans": [{"Node Type": "Index Scan", "Parent Relationship": "Outer", "Scan Direction": "Forward", "Index Name": "info_type_pkey", "Relation Name": "info_type", "Alias": "it1", "Startup Cost": 10000000000.0, "Total Cost": 1000000001421.0, "Plan Rows": 1, "Plan Width": 4, "Filter": "((info)::text = 'release dates'::text)"}]}]}, {"Node Type": "Materialize", "Parent Relationship": "Inner", "Startup Cost": 10000000000.0, "Total Cost": 1000009331262.64, "Plan Rows": 2609128, "Plan Width": 12, "Plans": [{"Node Type": "Index Scan", "Parent Relationship": "Outer", "Scan Direction": "Forward", "Index Name": "company_type_id_movie_companies", "Relation Name": "movie_companies", "Alias": "mc", "Startup Cost": 10000000000.0, "Total Cost": 1000009318217.0, "Plan Rows": 2609128, "Plan Width": 12}]}]}, {"Node Type": "Materialize", "Parent Relationship": "Inner", "Startup Cost": 10000000000.0, "Total Cost": 1000001050564.82, "Plan Rows": 85170, "Plan Width": 4, "Plans": [{"Node Type": "Index Scan", "Parent Relationship": "Outer", "Scan Direction": "Forward", "Index Name": "company_name_pkey", "Relation Name": "company_name", "Alias": "cn", "Startup Cost": 10000000000.0, "Total Cost": 1000001050138.97, "Plan Rows": 85170, "Plan Width": 4, "Filter": "((country_code)::text = '[us]'::text)"}]}]}, {"Node Type": "Materialize", "Parent Relationship": "Inner", "Startup Cost": 10000000000.0, "Total Cost": 1000000000829.52, "Plan Rows": 3, "Plan Width": 4, "Plans": [{"Node Type": "Index Only Scan", "Parent Relationship": "Outer", "Scan Direction": "Forward", "Index Name": "company_type_pkey", "Relation Name": "company_type", "Alias": "ct", "Startup Cost": 10000000000.0, "Total Cost": 1000000000829.5, "Plan Rows": 3, "Plan Width": 4}]}]}]}]}]}]}, {"Node Type": "Materialize", "Parent Relationship": "Inner", "Startup Cost": 10000000000.0, "Total Cost": 1000000206749.34, "Plan Rows": 134169, "Plan Width": 4, "Plans": [{"Node Type": "Index Only Scan", "Parent Relationship": "Outer", "Scan Direction": "Forward", "Index Name": "keyword_pkey", "Relation Name": "keyword", "Alias": "k", "Startup Cost": 10000000000.0, "Total Cost": 1000000206078.5, "Plan Rows": 134169, "Plan Width": 4}]}]}, {"Node Type": "Materialize", "Parent Relationship": "Inner", "Startup Cost": 10000000000.0, "Total Cost": 1000001991808.49, "Plan Rows": 361471, "Plan Width": 25, "Plans": [{"Node Type": "Index Scan", "Parent Relationship": "Outer", "Scan Direction": "Forward", "Index Name": "movie_id_aka_title", "Relation Name": "aka_title", "Alias": "at", "Startup Cost": 10000000000.0, "Total Cost": 1000001990001.13, "Plan Rows": 361471, "Plan Width": 25}]}]}]}, "Unique SQL Id": 2302223328, "Planner Runtime": 115}, "explain_analyze_plan": null}, "(64, 60)": {"explain_plan": {"Plan": {"Node Type": "Aggregate", "Strategy": "Plain", "Startup Cost": 71718.02, "Total Cost": 71718.03, "Plan Rows": 1, "Plan Width": 102, "Plans": [{"Node Type": "Nested Loop", "Parent Relationship": "Outer", "Join Type": "Inner", "Startup Cost": 0.0, "Total Cost": 71683.83, "Plan Rows": 6838, "Plan Width": 38, "Inner Unique": false, "Join Filter": "(t.id = at.movie_id)", "Plans": [{"Node Type": "Nested Loop", "Parent Relationship": "Outer", "Join Type": "Inner", "Startup Cost": 0.0, "Total Cost": 70885.21, "Plan Rows": 2257, "Plan Width": 33, "Inner Unique": true, "Plans": [{"Node Type": "Nested Loop", "Parent Relationship": "Outer", "Join Type": "Inner", "Startup Cost": 0.0, "Total Cost": 70251.71, "Plan Rows": 2257, "Plan Width": 37, "Inner Unique": false, "Join Filter": "(t.id = mk.movie_id)", "Plans": [{"Node Type": "Nested Loop", "Parent Relationship": "Outer", "Join Type": "Inner", "Startup Cost": 0.0, "Total Cost": 70095.36, "Plan Rows": 278, "Plan Width": 29, "Inner Unique": true, "Join Filter": "(mc.company_type_id = ct.id)", "Plans": [{"Node Type": "Nested Loop", "Parent Relationship": "Outer", "Join Type": "Inner", "Startup Cost": 0.0, "Total Cost": 70072.82, "Plan Rows": 478, "Plan Width": 33, "Inner Unique": true, "Plans": [{"Node Type": "Nested Loop", "Parent Relationship": "Outer", "Join Type": "Inner", "Startup Cost": 0.0, "Total Cost": 69909.43, "Plan Rows": 568, "Plan Width": 37, "Inner Unique": false, "Plans": [{"Node Type": "Nested Loop", "Parent Relationship": "Outer", "Join Type": "Inner", "Startup Cost": 0.0, "Total Cost": 69811.57, "Plan Rows": 266, "Plan Width": 25, "Inner Unique": true, "Plans": [{"Node Type": "Nested Loop", "Parent Relationship": "Outer", "Join Type": "Inner", "Startup Cost": 0.0, "Total Cost": 68668.26, "Plan Rows": 192, "Plan Width": 4, "Inner Unique": false, "Join Filter": "(it1.id = mi.info_type_id)", "Plans": [{"Node Type": "Seq Scan", "Parent Relationship": "Outer", "Relation Name": "info_type", "Alias": "it1", "Startup Cost": 0.0, "Total Cost": 2.4, "Plan Rows": 1, "Plan Width": 4, "Filter": "((info)::text = 'release dates'::text)"}, {"Node Type": "Materialize", "Parent Relationship": "Inner", "Startup Cost": 0.0, "Total Cost": 68531.67, "Plan Rows": 13419, "Plan Width": 8, "Plans": [{"Node Type": "Streaming(type: LOCAL GATHER dop: 1/64)", "Parent Relationship": "Outer", "Startup Cost": 0.0, "Total Cost": 68498.12, "Plan Rows": 13419, "Plan Width": 8, "Plans": [{"Node Type": "Seq Scan", "Parent Relationship": "Outer", "Relation Name": "movie_info", "Alias": "mi", "Startup Cost": 0.0, "Total Cost": 68221.29, "Plan Rows": 13419, "Plan Width": 8, "Filter": "((note)::text ~~ '%internet%'::text)"}]}]}]}, {"Node Type": "Index Scan", "Parent Relationship": "Inner", "Scan Direction": "Forward", "Index Name": "title_pkey", "Relation Name": "title", "Alias": "t", "Startup Cost": 0.0, "Total Cost": 5.94, "Plan Rows": 1, "Plan Width": 21, "Index Cond": "(id = mi.movie_id)", "Filter": "(production_year > 1990)"}]}, {"Node Type": "Index Scan", "Parent Relationship": "Inner", "Scan Direction": "Forward", "Index Name": "movie_id_movie_companies", "Relation Name": "movie_companies", "Alias": "mc", "Startup Cost": 0.0, "Total Cost": 0.35, "Plan Rows": 2, "Plan Width": 12, "Index Cond": "(movie_id = t.id)"}]}, {"Node Type": "Index Scan", "Parent Relationship": "Inner", "Scan Direction": "Forward", "Index Name": "company_name_pkey", "Relation Name": "company_name", "Alias": "cn", "Startup Cost": 0.0, "Total Cost": 0.28, "Plan Rows": 1, "Plan Width": 4, "Index Cond": "(id = mc.company_id)", "Filter": "((country_code)::text = '[us]'::text)"}]}, {"Node Type": "Materialize", "Parent Relationship": "Inner", "Startup Cost": 0.0, "Total Cost": 1.04, "Plan Rows": 3, "Plan Width": 4, "Plans": [{"Node Type": "Seq Scan", "Parent Relationship": "Outer", "Relation Name": "company_type", "Alias": "ct", "Startup Cost": 0.0, "Total Cost": 1.03, "Plan Rows": 3, "Plan Width": 4}]}]}, {"Node Type": "Index Scan", "Parent Relationship": "Inner", "Scan Direction": "Forward", "Index Name": "movie_id_movie_keyword", "Relation Name": "movie_keyword", "Alias": "mk", "Startup Cost": 0.0, "Total Cost": 0.46, "Plan Rows": 8, "Plan Width": 8, "Index Cond": "(movie_id = mc.movie_id)"}]}, {"Node Type": "Index Scan", "Parent Relationship": "Inner", "Scan Direction": "Forward", "Index Name": "keyword_pkey", "Relation Name": "keyword", "Alias": "k", "Startup Cost": 0.0, "Total Cost": 0.27, "Plan Rows": 1, "Plan Width": 4, "Index Cond": "(id = mk.keyword_id)"}]}, {"Node Type": "Index Scan", "Parent Relationship": "Inner", "Scan Direction": "Forward", "Index Name": "movie_id_aka_title", "Relation Name": "aka_title", "Alias": "at", "Startup Cost": 0.0, "Total Cost": 0.32, "Plan Rows": 3, "Plan Width": 25, "Index Cond": "(movie_id = mk.movie_id)"}]}]}, "Unique SQL Id": 2302223328, "Planner Runtime": 40}, "explain_analyze_plan": {"Plan": {"Node Type": "Aggregate", "Strategy": "Plain", "Startup Cost": 71718.02, "Total Cost": 71718.03, "Plan Rows": 1, "Plan Width": 102, "Actual Min Startup Time": 547.347, "Actual Max Startup Time": 547.347, "Actual Min Total Time": 547.348, "Actual Max Total Time": 547.348, "Plans": [{"Node Type": "Nested Loop", "Parent Relationship": "Outer", "Join Type": "Inner", "Startup Cost": 0.0, "Total Cost": 71683.83, "Plan Rows": 6838, "Plan Width": 38, "Actual Min Startup Time": 180.382, "Actual Max Startup Time": 180.382, "Actual Min Total Time": 544.555, "Actual Max Total Time": 544.555, "Inner Unique": false, "Join Filter": "(t.id = at.movie_id)", "Rows Removed by Join Filter": 0, "Plans": [{"Node Type": "Nested Loop", "Parent Relationship": "Outer", "Join Type": "Inner", "Startup Cost": 0.0, "Total Cost": 70885.21, "Plan Rows": 2257, "Plan Width": 33, "Actual Min Startup Time": 179.524, "Actual Max Startup Time": 179.524, "Actual Min Total Time": 500.461, "Actual Max Total Time": 500.461, "Inner Unique": true, "Plans": [{"Node Type": "Nested Loop", "Parent Relationship": "Outer", "Join Type": "Inner", "Startup Cost": 0.0, "Total Cost": 70251.71, "Plan Rows": 2257, "Plan Width": 37, "Actual Min Startup Time": 179.509, "Actual Max Startup Time": 179.509, "Actual Min Total Time": 438.86, "Actual Max Total Time": 438.86, "Inner Unique": false, "Join Filter": "(t.id = mk.movie_id)", "Rows Removed by Join Filter": 0, "Plans": [{"Node Type": "Nested Loop", "Parent Relationship": "Outer", "Join Type": "Inner", "Startup Cost": 0.0, "Total Cost": 70095.36, "Plan Rows": 278, "Plan Width": 29, "Actual Min Startup Time": 179.263, "Actual Max Startup Time": 179.263, "Actual Min Total Time": 398.238, "Actual Max Total Time": 398.238, "Inner Unique": true, "Join Filter": "(mc.company_type_id = ct.id)", "Rows Removed by Join Filter": 11829, "Plans": [{"Node Type": "Nested Loop", "Parent Relationship": "Outer", "Join Type": "Inner", "Startup Cost": 0.0, "Total Cost": 70072.82, "Plan Rows": 478, "Plan Width": 33, "Actual Min Startup Time": 179.232, "Actual Max Startup Time": 179.232, "Actual Min Total Time": 389.678, "Actual Max Total Time": 389.678, "Inner Unique": true, "Plans": [{"Node Type": "Nested Loop", "Parent Relationship": "Outer", "Join Type": "Inner", "Startup Cost": 0.0, "Total Cost": 69909.43, "Plan Rows": 568, "Plan Width": 37, "Actual Min Startup Time": 179.21, "Actual Max Startup Time": 179.21, "Actual Min Total Time": 319.875, "Actual Max Total Time": 319.875, "Inner Unique": false, "Plans": [{"Node Type": "Nested Loop", "Parent Relationship": "Outer", "Join Type": "Inner", "Startup Cost": 0.0, "Total Cost": 69811.57, "Plan Rows": 266, "Plan Width": 25, "Actual Min Startup Time": 179.191, "Actual Max Startup Time": 179.191, "Actual Min Total Time": 252.898, "Actual Max Total Time": 252.898, "Inner Unique": true, "Plans": [{"Node Type": "Nested Loop", "Parent Relationship": "Outer", "Join Type": "Inner", "Startup Cost": 0.0, "Total Cost": 68668.26, "Plan Rows": 192, "Plan Width": 4, "Actual Min Startup Time": 179.149, "Actual Max Startup Time": 179.149, "Actual Min Total Time": 185.777, "Actual Max Total Time": 185.777, "Inner Unique": false, "Join Filter": "(it1.id = mi.info_type_id)", "Rows Removed by Join Filter": 131, "Plans": [{"Node Type": "Seq Scan", "Parent Relationship": "Outer", "Relation Name": "info_type", "Alias": "it1", "Startup Cost": 0.0, "Total Cost": 2.4, "Plan Rows": 1, "Plan Width": 4, "Actual Min Startup Time": 0.065, "Actual Max Startup Time": 0.065, "Actual Min Total Time": 0.098, "Actual Max Total Time": 0.098, "Filter": "((info)::text = 'release dates'::text)", "Rows Removed by Filter": 111, "Actual Rows": 1}, {"Node Type": "Materialize", "Parent Relationship": "Inner", "Startup Cost": 0.0, "Total Cost": 68531.67, "Plan Rows": 13419, "Plan Width": 8, "Actual Min Startup Time": 179.058, "Actual Max Startup Time": 179.058, "Actual Min Total Time": 180.828, "Actual Max Total Time": 180.828, "Plans": [{"Node Type": "Streaming(type: LOCAL GATHER dop: 1/64)", "Parent Relationship": "Outer", "Startup Cost": 0.0, "Total Cost": 68498.12, "Plan Rows": 13419, "Plan Width": 8, "Actual Min Startup Time": 66.772, "Actual Max Startup Time": 66.772, "Actual Min Total Time": 176.998, "Actual Max Total Time": 176.998, "Plans": [{"Node Type": "Seq Scan", "Parent Relationship": "Outer", "Relation Name": "movie_info", "Alias": "mi", "Startup Cost": 0.0, "Total Cost": 68221.29, "Plan Rows": 13419, "Plan Width": 8, "Actual Min Startup Time": 0.112, "Actual Max Startup Time": 22.063, "Actual Min Total Time": 60.45, "Actual Max Total Time": 72.522, "Filter": "((note)::text ~~ '%internet%'::text)", "Rows Removed by Filter": 14824909, "Actual Rows": 10810}], "Actual Rows": 10810}], "Actual Rows": 10811}], "Actual Rows": 10679}, {"Node Type": "Index Scan", "Parent Relationship": "Inner", "Scan Direction": "Forward", "Index Name": "title_pkey", "Relation Name": "title", "Alias": "t", "Startup Cost": 0.0, "Total Cost": 5.94, "Plan Rows": 1, "Plan Width": 21, "Actual Min Startup Time": 58.139, "Actual Max Startup Time": 58.139, "Actual Min Total Time": 58.139, "Actual Max Total Time": 58.139, "Index Cond": "(id = mi.movie_id)", "Rows Removed by Index Recheck": 0, "Filter": "(production_year > 1990)", "Rows Removed by Filter": 17, "Actual Rows": 10662}], "Actual Rows": 10662}, {"Node Type": "Index Scan", "Parent Relationship": "Inner", "Scan Direction": "Forward", "Index Name": "movie_id_movie_companies", "Relation Name": "movie_companies", "Alias": "mc", "Startup Cost": 0.0, "Total Cost": 0.35, "Plan Rows": 2, "Plan Width": 12, "Actual Min Startup Time": 47.393, "Actual Max Startup Time": 47.393, "Actual Min Total Time": 57.925, "Actual Max Total Time": 57.925, "Index Cond": "(movie_id = t.id)", "Rows Removed by Index Recheck": 0, "Actual Rows": 14377}], "Actual Rows": 14377}, {"Node Type": "Index Scan", "Parent Relationship": "Inner", "Scan Direction": "Forward", "Index Name": "company_name_pkey", "Relation Name": "company_name", "Alias": "cn", "Startup Cost": 0.0, "Total Cost": 0.28, "Plan Rows": 1, "Plan Width": 4, "Actual Min Startup Time": 59.003, "Actual Max Startup Time": 59.003, "Actual Min Total Time": 59.003, "Actual Max Total Time": 59.003, "Index Cond": "(id = mc.company_id)", "Rows Removed by Index Recheck": 0, "Filter": "((country_code)::text = '[us]'::text)", "Rows Removed by Filter": 4520, "Actual Rows": 9857}], "Actual Rows": 9857}, {"Node Type": "Materialize", "Parent Relationship": "Inner", "Startup Cost": 0.0, "Total Cost": 1.04, "Plan Rows": 3, "Plan Width": 4, "Actual Min Startup Time": 1.06, "Actual Max Startup Time": 1.06, "Actual Min Total Time": 2.111, "Actual Max Total Time": 2.111, "Plans": [{"Node Type": "Seq Scan", "Parent Relationship": "Outer", "Relation Name": "company_type", "Alias": "ct", "Startup Cost": 0.0, "Total Cost": 1.03, "Plan Rows": 3, "Plan Width": 4, "Actual Min Startup Time": 0.007, "Actual Max Startup Time": 0.007, "Actual Min Total Time": 0.008, "Actual Max Total Time": 0.008, "Actual Rows": 3}], "Actual Rows": 17743}], "Actual Rows": 5914}, {"Node Type": "Index Scan", "Parent Relationship": "Inner", "Scan Direction": "Forward", "Index Name": "movie_id_movie_keyword", "Relation Name": "movie_keyword", "Alias": "mk", "Startup Cost": 0.0, "Total Cost": 0.46, "Plan Rows": 8, "Plan Width": 8, "Actual Min Startup Time": 24.877, "Actual Max Startup Time": 24.877, "Actual Min Total Time": 31.123, "Actual Max Total Time": 31.123, "Index Cond": "(movie_id = mc.movie_id)", "Rows Removed by Index Recheck": 0, "Actual Rows": 14161}], "Actual Rows": 14161}, {"Node Type": "Index Scan", "Parent Relationship": "Inner", "Scan Direction": "Forward", "Index Name": "keyword_pkey", "Relation Name": "keyword", "Alias": "k", "Startup Cost": 0.0, "Total Cost": 0.27, "Plan Rows": 1, "Plan Width": 4, "Actual Min Startup Time": 49.961, "Actual Max Startup Time": 49.961, "Actual Min Total Time": 49.961, "Actual Max Total Time": 49.961, "Index Cond": "(id = mk.keyword_id)", "Rows Removed by Index Recheck": 0, "Actual Rows": 14161}], "Actual Rows": 14161}, {"Node Type": "Index Scan", "Parent Relationship": "Inner", "Scan Direction": "Forward", "Index Name": "movie_id_aka_title", "Relation Name": "aka_title", "Alias": "at", "Startup Cost": 0.0, "Total Cost": 0.32, "Plan Rows": 3, "Plan Width": 25, "Actual Min Startup Time": 32.731, "Actual Max Startup Time": 32.731, "Actual Min Total Time": 35.006, "Actual Max Total Time": 35.006, "Index Cond": "(movie_id = mk.movie_id)", "Rows Removed by Index Recheck": 0, "Actual Rows": 4371}], "Actual Rows": 4371}], "Actual Rows": 1}, "Triggers": [], "Planner Runtime": 39, "Total Runtime": 560.106, "Unique SQL Id": 2302223328}}, "(64, 61)": {"explain_plan": {"Plan": {"Node Type": "Aggregate", "Strategy": "Plain", "Startup Cost": 498760.67, "Total Cost": 498760.68, "Plan Rows": 1, "Plan Width": 102, "Plans": [{"Node Type": "Nested Loop", "Parent Relationship": "Outer", "Join Type": "Inner", "Startup Cost": 0.0, "Total Cost": 498726.48, "Plan Rows": 6838, "Plan Width": 38, "Inner Unique": false, "Join Filter": "(t.id = at.movie_id)", "Plans": [{"Node Type": "Nested Loop", "Parent Relationship": "Outer", "Join Type": "Inner", "Startup Cost": 0.0, "Total Cost": 497927.86, "Plan Rows": 2257, "Plan Width": 33, "Inner Unique": true, "Plans": [{"Node Type": "Nested Loop", "Parent Relationship": "Outer", "Join Type": "Inner", "Startup Cost": 0.0, "Total Cost": 497294.36, "Plan Rows": 2257, "Plan Width": 37, "Inner Unique": false, "Join Filter": "(t.id = mk.movie_id)", "Plans": [{"Node Type": "Nested Loop", "Parent Relationship": "Outer", "Join Type": "Inner", "Startup Cost": 0.0, "Total Cost": 497138.02, "Plan Rows": 278, "Plan Width": 29, "Inner Unique": true, "Join Filter": "(mc.company_type_id = ct.id)", "Plans": [{"Node Type": "Nested Loop", "Parent Relationship": "Outer", "Join Type": "Inner", "Startup Cost": 0.0, "Total Cost": 497104.2, "Plan Rows": 478, "Plan Width": 33, "Inner Unique": true, "Plans": [{"Node Type": "Nested Loop", "Parent Relationship": "Outer", "Join Type": "Inner", "Startup Cost": 0.0, "Total Cost": 496940.81, "Plan Rows": 568, "Plan Width": 37, "Inner Unique": false, "Plans": [{"Node Type": "Nested Loop", "Parent Relationship": "Outer", "Join Type": "Inner", "Startup Cost": 0.0, "Total Cost": 496842.96, "Plan Rows": 266, "Plan Width": 25, "Inner Unique": true, "Plans": [{"Node Type": "Nested Loop", "Parent Relationship": "Outer", "Join Type": "Inner", "Startup Cost": 0.0, "Total Cost": 495699.65, "Plan Rows": 192, "Plan Width": 4, "Inner Unique": false, "Plans": [{"Node Type": "Index Scan", "Parent Relationship": "Outer", "Scan Direction": "Forward", "Index Name": "info_type_pkey", "Relation Name": "info_type", "Alias": "it1", "Startup Cost": 0.0, "Total Cost": 14.21, "Plan Rows": 1, "Plan Width": 4, "Filter": "((info)::text = 'release dates'::text)"}, {"Node Type": "Index Scan", "Parent Relationship": "Inner", "Scan Direction": "Forward", "Index Name": "info_type_id_movie_info", "Relation Name": "movie_info", "Alias": "mi", "Startup Cost": 0.0, "Total Cost": 495683.52, "Plan Rows": 192, "Plan Width": 8, "Index Cond": "(info_type_id = it1.id)", "Filter": "((note)::text ~~ '%internet%'::text)"}]}, {"Node Type": "Index Scan", "Parent Relationship": "Inner", "Scan Direction": "Forward", "Index Name": "title_pkey", "Relation Name": "title", "Alias": "t", "Startup Cost": 0.0, "Total Cost": 5.94, "Plan Rows": 1, "Plan Width": 21, "Index Cond": "(id = mi.movie_id)", "Filter": "(production_year > 1990)"}]}, {"Node Type": "Index Scan", "Parent Relationship": "Inner", "Scan Direction": "Forward", "Index Name": "movie_id_movie_companies", "Relation Name": "movie_companies", "Alias": "mc", "Startup Cost": 0.0, "Total Cost": 0.35, "Plan Rows": 2, "Plan Width": 12, "Index Cond": "(movie_id = t.id)"}]}, {"Node Type": "Index Scan", "Parent Relationship": "Inner", "Scan Direction": "Forward", "Index Name": "company_name_pkey", "Relation Name": "company_name", "Alias": "cn", "Startup Cost": 0.0, "Total Cost": 0.28, "Plan Rows": 1, "Plan Width": 4, "Index Cond": "(id = mc.company_id)", "Filter": "((country_code)::text = '[us]'::text)"}]}, {"Node Type": "Materialize", "Parent Relationship": "Inner", "Startup Cost": 0.0, "Total Cost": 12.31, "Plan Rows": 3, "Plan Width": 4, "Plans": [{"Node Type": "Index Scan", "Parent Relationship": "Outer", "Scan Direction": "Forward", "Index Name": "company_type_pkey", "Relation Name": "company_type", "Alias": "ct", "Startup Cost": 0.0, "Total Cost": 12.29, "Plan Rows": 3, "Plan Width": 4}]}]}, {"Node Type": "Index Scan", "Parent Relationship": "Inner", "Scan Direction": "Forward", "Index Name": "movie_id_movie_keyword", "Relation Name": "movie_keyword", "Alias": "mk", "Startup Cost": 0.0, "Total Cost": 0.46, "Plan Rows": 8, "Plan Width": 8, "Index Cond": "(movie_id = mc.movie_id)"}]}, {"Node Type": "Index Scan", "Parent Relationship": "Inner", "Scan Direction": "Forward", "Index Name": "keyword_pkey", "Relation Name": "keyword", "Alias": "k", "Startup Cost": 0.0, "Total Cost": 0.27, "Plan Rows": 1, "Plan Width": 4, "Index Cond": "(id = mk.keyword_id)"}]}, {"Node Type": "Index Scan", "Parent Relationship": "Inner", "Scan Direction": "Forward", "Index Name": "movie_id_aka_title", "Relation Name": "aka_title", "Alias": "at", "Startup Cost": 0.0, "Total Cost": 0.32, "Plan Rows": 3, "Plan Width": 25, "Index Cond": "(movie_id = mk.movie_id)"}]}]}, "Unique SQL Id": 2302223328, "Planner Runtime": 34}, "explain_analyze_plan": null}, "(64, 62)": {"explain_plan": {"Plan": {"Node Type": "Aggregate", "Strategy": "Plain", "Startup Cost": 1345333.05, "Total Cost": 1345333.06, "Plan Rows": 1, "Plan Width": 102, "Plans": [{"Node Type": "Nested Loop", "Parent Relationship": "Outer", "Join Type": "Inner", "Startup Cost": 0.0, "Total Cost": 1345298.86, "Plan Rows": 6838, "Plan Width": 38, "Inner Unique": true, "Join Filter": "(mc.company_type_id = ct.id)", "Plans": [{"Node Type": "Streaming(type: LOCAL GATHER dop: 1/64)", "Parent Relationship": "Outer", "Startup Cost": 0.0, "Total Cost": 1344990.12, "Plan Rows": 6838, "Plan Width": 42, "Plans": [{"Node Type": "Nested Loop", "Parent Relationship": "Outer", "Join Type": "Inner", "Startup Cost": 0.0, "Total Cost": 1344849.05, "Plan Rows": 6838, "Plan Width": 42, "Inner Unique": false, "Join Filter": "(t.id = at.movie_id)", "Plans": [{"Node Type": "Streaming(type: LOCAL REDISTRIBUTE dop: 64/1)", "Parent Relationship": "Outer", "Startup Cost": 0.0, "Total Cost": 87581.23, "Plan Rows": 361471, "Plan Width": 25, "Plans": [{"Node Type": "Seq Scan", "Parent Relationship": "Outer", "Relation Name": "aka_title", "Alias": "at", "Startup Cost": 0.0, "Total Cost": 9894.71, "Plan Rows": 361471, "Plan Width": 25}]}, {"Node Type": "Materialize", "Parent Relationship": "Inner", "Startup Cost": 0.0, "Total Cost": 1252139.77, "Plan Rows": 3874, "Plan Width": 37, "Plans": [{"Node Type": "Streaming(type: LOCAL REDISTRIBUTE dop: 64/64)", "Parent Relationship": "Outer", "Startup Cost": 0.0, "Total Cost": 1252139.47, "Plan Rows": 3874, "Plan Width": 37, "Plans": [{"Node Type": "Nested Loop", "Parent Relationship": "Outer", "Join Type": "Inner", "Startup Cost": 0.0, "Total Cost": 1189135.8, "Plan Rows": 3874, "Plan Width": 37, "Inner Unique": false, "Join Filter": "(mk.keyword_id = k.id)", "Plans": [{"Node Type": "Streaming(type: LOCAL REDISTRIBUTE dop: 64/1)", "Parent Relationship": "Outer", "Startup Cost": 0.0, "Total Cost": 70551.96, "Plan Rows": 134169, "Plan Width": 4, "Plans": [{"Node Type": "Seq Scan", "Parent Relationship": "Outer", "Relation Name": "keyword", "Alias": "k", "Startup Cost": 0.0, "Total Cost": 2100.69, "Plan Rows": 134169, "Plan Width": 4}]}, {"Node Type": "Materialize", "Parent Relationship": "Inner", "Startup Cost": 0.0, "Total Cost": 1116680.53, "Plan Rows": 3874, "Plan Width": 41, "Plans": [{"Node Type": "Streaming(type: LOCAL REDISTRIBUTE dop: 64/64)", "Parent Relationship": "Outer", "Startup Cost": 0.0, "Total Cost": 1116680.23, "Plan Rows": 3874, "Plan Width": 41, "Plans": [{"Node Type": "Nested Loop", "Parent Relationship": "Outer", "Join Type": "Inner", "Startup Cost": 0.0, "Total Cost": 1053676.56, "Plan Rows": 3874, "Plan Width": 41, "Inner Unique": false, "Join Filter": "(t.id = mk.movie_id)", "Plans": [{"Node Type": "Streaming(type: LOCAL REDISTRIBUTE dop: 64/1)", "Parent Relationship": "Outer", "Startup Cost": 0.0, "Total Cost": 309248.0, "Plan Rows": 4523929, "Plan Width": 8, "Plans": [{"Node Type": "Seq Scan", "Parent Relationship": "Outer", "Relation Name": "movie_keyword", "Alias": "mk", "Startup Cost": 0.0, "Total Cost": 62441.29, "Plan Rows": 4523929, "Plan Width": 8}]}, {"Node Type": "Materialize", "Parent Relationship": "Inner", "Startup Cost": 0.0, "Total Cost": 736509.5, "Plan Rows": 478, "Plan Width": 33, "Plans": [{"Node Type": "Streaming(type: LOCAL REDISTRIBUTE dop: 64/64)", "Parent Relationship": "Outer", "Startup Cost": 0.0, "Total Cost": 736509.46, "Plan Rows": 478, "Plan Width": 33, "Plans": [{"Node Type": "Nested Loop", "Parent Relationship": "Outer", "Join Type": "Inner", "Startup Cost": 0.0, "Total Cost": 673509.01, "Plan Rows": 478, "Plan Width": 33, "Inner Unique": false, "Join Filter": "(mc.company_id = cn.id)", "Plans": [{"Node Type": "Streaming(type: LOCAL REDISTRIBUTE dop: 64/1)", "Parent Relationship": "Outer", "Startup Cost": 0.0, "Total Cost": 72363.9, "Plan Rows": 85170, "Plan Width": 4, "Plans": [{"Node Type": "Seq Scan", "Parent Relationship": "Outer", "Relation Name": "company_name", "Alias": "cn", "Startup Cost": 0.0, "Total Cost": 5903.45, "Plan Rows": 85170, "Plan Width": 4, "Filter": "((country_code)::text = '[us]'::text)"}]}, {"Node Type": "Materialize", "Parent Relationship": "Inner", "Startup Cost": 0.0, "Total Cost": 600967.98, "Plan Rows": 568, "Plan Width": 37, "Plans": [{"Node Type": "Streaming(type: LOCAL REDISTRIBUTE dop: 64/64)", "Parent Relationship": "Outer", "Startup Cost": 0.0, "Total Cost": 600967.93, "Plan Rows": 568, "Plan Width": 37, "Plans": [{"Node Type": "Nested Loop", "Parent Relationship": "Outer", "Join Type": "Inner", "Startup Cost": 0.0, "Total Cost": 537967.39, "Plan Rows": 568, "Plan Width": 37, "Inner Unique": false, "Join Filter": "(t.id = mc.movie_id)", "Plans": [{"Node Type": "Streaming(type: LOCAL REDISTRIBUTE dop: 64/1)", "Parent Relationship": "Outer", "Startup Cost": 0.0, "Total Cost": 210825.84, "Plan Rows": 2609128, "Plan Width": 12, "Plans": [{"Node Type": "Seq Scan", "Parent Relationship": "Outer", "Relation Name": "movie_companies", "Alias": "mc", "Startup Cost": 0.0, "Total Cost": 41817.28, "Plan Rows": 2609128, "Plan Width": 12}]}, {"Node Type": "Materialize", "Parent Relationship": "Inner", "Startup Cost": 0.0, "Total Cost": 324599.95, "Plan Rows": 266, "Plan Width": 25, "Plans": [{"Node Type": "Streaming(type: LOCAL REDISTRIBUTE dop: 64/64)", "Parent Relationship": "Outer", "Startup Cost": 0.0, "Total Cost": 324599.93, "Plan Rows": 266, "Plan Width": 25, "Plans": [{"Node Type": "Nested Loop", "Parent Relationship": "Outer", "Join Type": "Inner", "Startup Cost": 0.0, "Total Cost": 261599.68, "Plan Rows": 266, "Plan Width": 25, "Inner Unique": false, "Join Filter": "(mi.movie_id = t.id)", "Plans": [{"Node Type": "Streaming(type: LOCAL REDISTRIBUTE dop: 64/64)", "Parent Relationship": "Outer", "Startup Cost": 0.0, "Total Cost": 128693.96, "Plan Rows": 1748840, "Plan Width": 21, "Plans": [{"Node Type": "Seq Scan", "Parent Relationship": "Outer", "Relation Name": "title", "Alias": "t", "Startup Cost": 0.0, "Total Cost": 64037.34, "Plan Rows": 1748840, "Plan Width": 21, "Filter": "(production_year > 1990), (LLVM Optimized)"}]}, {"Node Type": "Materialize", "Parent Relationship": "Inner", "Startup Cost": 0.0, "Total Cost": 131676.08, "Plan Rows": 192, "Plan Width": 4, "Plans": [{"Node Type": "Streaming(type: LOCAL REDISTRIBUTE dop: 64/1)", "Parent Relationship": "Outer", "Startup Cost": 0.0, "Total Cost": 131676.06, "Plan Rows": 192, "Plan Width": 4, "Plans": [{"Node Type": "Nested Loop", "Parent Relationship": "Outer", "Join Type": "Inner", "Startup Cost": 0.0, "Total Cost": 68668.26, "Plan Rows": 192, "Plan Width": 4, "Inner Unique": false, "Join Filter": "(it1.id = mi.info_type_id)", "Plans": [{"Node Type": "Seq Scan", "Parent Relationship": "Outer", "Relation Name": "info_type", "Alias": "it1", "Startup Cost": 0.0, "Total Cost": 2.4, "Plan Rows": 1, "Plan Width": 4, "Filter": "((info)::text = 'release dates'::text)"}, {"Node Type": "Materialize", "Parent Relationship": "Inner", "Startup Cost": 0.0, "Total Cost": 68531.67, "Plan Rows": 13419, "Plan Width": 8, "Plans": [{"Node Type": "Streaming(type: LOCAL GATHER dop: 1/64)", "Parent Relationship": "Outer", "Startup Cost": 0.0, "Total Cost": 68498.12, "Plan Rows": 13419, "Plan Width": 8, "Plans": [{"Node Type": "Seq Scan", "Parent Relationship": "Outer", "Relation Name": "movie_info", "Alias": "mi", "Startup Cost": 0.0, "Total Cost": 68221.29, "Plan Rows": 13419, "Plan Width": 8, "Filter": "((note)::text ~~ '%internet%'::text)"}]}]}]}]}]}]}]}]}]}]}]}]}]}]}]}]}]}]}]}]}]}]}, {"Node Type": "Materialize", "Parent Relationship": "Inner", "Startup Cost": 0.0, "Total Cost": 1.04, "Plan Rows": 3, "Plan Width": 4, "Plans": [{"Node Type": "Seq Scan", "Parent Relationship": "Outer", "Relation Name": "company_type", "Alias": "ct", "Startup Cost": 0.0, "Total Cost": 1.03, "Plan Rows": 3, "Plan Width": 4}]}]}]}, "Unique SQL Id": 2302223328, "Planner Runtime": 64}, "explain_analyze_plan": null}, "(64, 63)": {"explain_plan": {"Plan": {"Node Type": "Aggregate", "Strategy": "Plain", "Startup Cost": 9000196088641.51, "Total Cost": 9000196088641.52, "Plan Rows": 1, "Plan Width": 102, "Plans": [{"Node Type": "Nested Loop", "Parent Relationship": "Outer", "Join Type": "Inner", "Startup Cost": 90000000000.0, "Total Cost": 9000196088607.32, "Plan Rows": 6838, "Plan Width": 38, "Inner Unique": false, "Join Filter": "(t.id = at.movie_id)", "Plans": [{"Node Type": "Nested Loop", "Parent Relationship": "Outer", "Join Type": "Inner", "Startup Cost": 80000000000.0, "Total Cost": 8000181860101.8, "Plan Rows": 2257, "Plan Width": 33, "Inner Unique": true, "Join Filter": "(mk.keyword_id = k.id)", "Plans": [{"Node Type": "Nested Loop", "Parent Relationship": "Outer", "Join Type": "Inner", "Startup Cost": 70000000000.0, "Total Cost": 7000177032745.45, "Plan Rows": 2257, "Plan Width": 37, "Inner Unique": false, "Join Filter": "(t.id = mk.movie_id)", "Plans": [{"Node Type": "Index Scan", "Parent Relationship": "Outer", "Scan Direction": "Forward", "Index Name": "movie_id_movie_keyword", "Relation Name": "movie_keyword", "Alias": "mk", "Startup Cost": 10000000000.0, "Total Cost": 1000015300634.17, "Plan Rows": 4523929, "Plan Width": 8}, {"Node Type": "Materialize", "Parent Relationship": "Inner", "Startup Cost": 60000000000.0, "Total Cost": 6000142867328.05, "Plan Rows": 278, "Plan Width": 29, "Plans": [{"Node Type": "Nested Loop", "Parent Relationship": "Outer", "Join Type": "Inner", "Startup Cost": 60000000000.0, "Total Cost": 6000142867326.66, "Plan Rows": 278, "Plan Width": 29, "Inner Unique": false, "Join Filter": "(mi.movie_id = t.id)", "Plans": [{"Node Type": "Index Scan", "Parent Relationship": "Outer", "Scan Direction": "Forward", "Index Name": "title_pkey", "Relation Name": "title", "Alias": "t", "Startup Cost": 10000000000.0, "Total Cost": 1000011644126.66, "Plan Rows": 1748840, "Plan Width": 21, "Filter": "(production_year > 1990), (LLVM Optimized)"}, {"Node Type": "Materialize", "Parent Relationship": "Inner", "Startup Cost": 50000000000.0, "Total Cost": 5000125950447.9, "Plan Rows": 201, "Plan Width": 8, "Plans": [{"Node Type": "Nested Loop", "Parent Relationship": "Outer", "Join Type": "Inner", "Startup Cost": 50000000000.0, "Total Cost": 5000125950446.89, "Plan Rows": 201, "Plan Width": 8, "Inner Unique": true, "Join Filter": "(mc.company_type_id = ct.id)", "Plans": [{"Node Type": "Nested Loop", "Parent Relationship": "Outer", "Join Type": "Inner", "Startup Cost": 40000000000.0, "Total Cost": 4000125949201.86, "Plan Rows": 345, "Plan Width": 12, "Inner Unique": true, "Join Filter": "(mc.company_id = cn.id)", "Plans": [{"Node Type": "Nested Loop", "Parent Relationship": "Outer", "Join Type": "Inner", "Startup Cost": 30000000000.0, "Total Cost": 3000124375054.46, "Plan Rows": 410, "Plan Width": 16, "Inner Unique": false, "Join Filter": "(mi.movie_id = mc.movie_id)", "Plans": [{"Node Type": "Nested Loop", "Parent Relationship": "Outer", "Join Type": "Inner", "Startup Cost": 20000000000.0, "Total Cost": 2000107536026.0, "Plan Rows": 192, "Plan Width": 4, "Inner Unique": true, "Join Filter": "(it1.id = mi.info_type_id)", "Plans": [{"Node Type": "Index Scan", "Parent Relationship": "Outer", "Scan Direction": "Forward", "Index Name": "movie_id_movie_info", "Relation Name": "movie_info", "Alias": "mi", "Startup Cost": 10000000000.0, "Total Cost": 1000107534403.72, "Plan Rows": 13419, "Plan Width": 8, "Filter": "((note)::text ~~ '%internet%'::text)"}, {"Node Type": "Materialize", "Parent Relationship": "Inner", "Startup Cost": 10000000000.0, "Total Cost": 1000000001421.0, "Plan Rows": 1, "Plan Width": 4, "Plans": [{"Node Type": "Index Scan", "Parent Relationship": "Outer", "Scan Direction": "Forward", "Index Name": "info_type_pkey", "Relation Name": "info_type", "Alias": "it1", "Startup Cost": 10000000000.0, "Total Cost": 1000000001421.0, "Plan Rows": 1, "Plan Width": 4, "Filter": "((info)::text = 'release dates'::text)"}]}]}, {"Node Type": "Materialize", "Parent Relationship": "Inner", "Startup Cost": 10000000000.0, "Total Cost": 1000009331262.64, "Plan Rows": 2609128, "Plan Width": 12, "Plans": [{"Node Type": "Index Scan", "Parent Relationship": "Outer", "Scan Direction": "Forward", "Index Name": "company_type_id_movie_companies", "Relation Name": "movie_companies", "Alias": "mc", "Startup Cost": 10000000000.0, "Total Cost": 1000009318217.0, "Plan Rows": 2609128, "Plan Width": 12}]}]}, {"Node Type": "Materialize", "Parent Relationship": "Inner", "Startup Cost": 10000000000.0, "Total Cost": 1000001050564.82, "Plan Rows": 85170, "Plan Width": 4, "Plans": [{"Node Type": "Index Scan", "Parent Relationship": "Outer", "Scan Direction": "Forward", "Index Name": "company_name_pkey", "Relation Name": "company_name", "Alias": "cn", "Startup Cost": 10000000000.0, "Total Cost": 1000001050138.97, "Plan Rows": 85170, "Plan Width": 4, "Filter": "((country_code)::text = '[us]'::text)"}]}]}, {"Node Type": "Materialize", "Parent Relationship": "Inner", "Startup Cost": 10000000000.0, "Total Cost": 1000000001229.52, "Plan Rows": 3, "Plan Width": 4, "Plans": [{"Node Type": "Index Scan", "Parent Relationship": "Outer", "Scan Direction": "Forward", "Index Name": "company_type_pkey", "Relation Name": "company_type", "Alias": "ct", "Startup Cost": 10000000000.0, "Total Cost": 1000000001229.5, "Plan Rows": 3, "Plan Width": 4}]}]}]}]}]}]}, {"Node Type": "Materialize", "Parent Relationship": "Inner", "Startup Cost": 10000000000.0, "Total Cost": 1000000285400.28, "Plan Rows": 134169, "Plan Width": 4, "Plans": [{"Node Type": "Index Scan", "Parent Relationship": "Outer", "Scan Direction": "Forward", "Index Name": "keyword_pkey", "Relation Name": "keyword", "Alias": "k", "Startup Cost": 10000000000.0, "Total Cost": 1000000284729.43, "Plan Rows": 134169, "Plan Width": 4}]}]}, {"Node Type": "Materialize", "Parent Relationship": "Inner", "Startup Cost": 10000000000.0, "Total Cost": 1000001991808.49, "Plan Rows": 361471, "Plan Width": 25, "Plans": [{"Node Type": "Index Scan", "Parent Relationship": "Outer", "Scan Direction": "Forward", "Index Name": "movie_id_aka_title", "Relation Name": "aka_title", "Alias": "at", "Startup Cost": 10000000000.0, "Total Cost": 1000001990001.13, "Plan Rows": 361471, "Plan Width": 25}]}]}]}, "Unique SQL Id": 2302223328, "Planner Runtime": 34}, "explain_analyze_plan": null}, "(64, 64)": {"explain_plan": {"Plan": {"Node Type": "Aggregate", "Strategy": "Plain", "Startup Cost": 72516.67, "Total Cost": 72516.68, "Plan Rows": 1, "Plan Width": 102, "Plans": [{"Node Type": "Nested Loop", "Parent Relationship": "Outer", "Join Type": "Inner", "Startup Cost": 2.41, "Total Cost": 72481.46, "Plan Rows": 7042, "Plan Width": 38, "Inner Unique": true, "Plans": [{"Node Type": "Nested Loop", "Parent Relationship": "Outer", "Join Type": "Inner", "Startup Cost": 2.41, "Total Cost": 70509.63, "Plan Rows": 7042, "Plan Width": 42, "Inner Unique": false, "Join Filter": "(t.id = mk.movie_id)", "Plans": [{"Node Type": "Nested Loop", "Parent Relationship": "Outer", "Join Type": "Inner", "Startup Cost": 2.41, "Total Cost": 70018.65, "Plan Rows": 873, "Plan Width": 54, "Inner Unique": true, "Join Filter": "(at.movie_id = t.id)", "Plans": [{"Node Type": "Nested Loop", "Parent Relationship": "Outer", "Join Type": "Inner", "Startup Cost": 2.41, "Total Cost": 69796.57, "Plan Rows": 630, "Plan Width": 33, "Inner Unique": true, "Plans": [{"Node Type": "Nested Loop", "Parent Relationship": "Outer", "Join Type": "Inner", "Startup Cost": 2.41, "Total Cost": 69620.17, "Plan Rows": 630, "Plan Width": 37, "Inner Unique": true, "Plans": [{"Node Type": "Nested Loop", "Parent Relationship": "Outer", "Join Type": "Inner", "Startup Cost": 2.41, "Total Cost": 69317.55, "Plan Rows": 1052, "Plan Width": 41, "Inner Unique": false, "Plans": [{"Node Type": "Nested Loop", "Parent Relationship": "Outer", "Join Type": "Inner", "Startup Cost": 2.41, "Total Cost": 69028.47, "Plan Rows": 490, "Plan Width": 29, "Inner Unique": false, "Plans": [{"Node Type": "Hash Join", "Parent Relationship": "Outer", "Join Type": "Inner", "Startup Cost": 2.41, "Total Cost": 68552.78, "Plan Rows": 192, "Plan Width": 4, "Inner Unique": true, "Hash Cond": "(mi.info_type_id = it1.id)", "Plans": [{"Node Type": "Streaming(type: LOCAL GATHER dop: 1/64)", "Parent Relationship": "Outer", "Startup Cost": 0.0, "Total Cost": 68498.12, "Plan Rows": 13419, "Plan Width": 8, "Plans": [{"Node Type": "Seq Scan", "Parent Relationship": "Outer", "Relation Name": "movie_info", "Alias": "mi", "Startup Cost": 0.0, "Total Cost": 68221.29, "Plan Rows": 13419, "Plan Width": 8, "Filter": "((note)::text ~~ '%internet%'::text)"}]}, {"Node Type": "Hash", "Parent Relationship": "Inner", "Startup Cost": 2.4, "Total Cost": 2.4, "Plan Rows": 1, "Plan Width": 4, "Plans": [{"Node Type": "Seq Scan", "Parent Relationship": "Outer", "Relation Name": "info_type", "Alias": "it1", "Startup Cost": 0.0, "Total Cost": 2.4, "Plan Rows": 1, "Plan Width": 4, "Filter": "((info)::text = 'release dates'::text)"}]}]}, {"Node Type": "Index Scan", "Parent Relationship": "Inner", "Scan Direction": "Forward", "Index Name": "movie_id_aka_title", "Relation Name": "aka_title", "Alias": "at", "Startup Cost": 0.0, "Total Cost": 2.45, "Plan Rows": 3, "Plan Width": 25, "Index Cond": "(movie_id = mi.movie_id)"}]}, {"Node Type": "Index Scan", "Parent Relationship": "Inner", "Scan Direction": "Forward", "Index Name": "movie_id_movie_companies", "Relation Name": "movie_companies", "Alias": "mc", "Startup Cost": 0.0, "Total Cost": 0.57, "Plan Rows": 2, "Plan Width": 12, "Index Cond": "(movie_id = at.movie_id)"}]}, {"Node Type": "Index Scan", "Parent Relationship": "Inner", "Scan Direction": "Forward", "Index Name": "company_name_pkey", "Relation Name": "company_name", "Alias": "cn", "Startup Cost": 0.0, "Total Cost": 0.28, "Plan Rows": 1, "Plan Width": 4, "Index Cond": "(id = mc.company_id)", "Filter": "((country_code)::text = '[us]'::text)"}]}, {"Node Type": "Index Only Scan", "Parent Relationship": "Inner", "Scan Direction": "Forward", "Index Name": "company_type_pkey", "Relation Name": "company_type", "Alias": "ct", "Startup Cost": 0.0, "Total Cost": 0.27, "Plan Rows": 1, "Plan Width": 4, "Index Cond": "(id = mc.company_type_id)"}]}, {"Node Type": "Index Scan", "Parent Relationship": "Inner", "Scan Direction": "Forward", "Index Name": "title_pkey", "Relation Name": "title", "Alias": "t", "Startup Cost": 0.0, "Total Cost": 0.34, "Plan Rows": 1, "Plan Width": 21, "Index Cond": "(id = mc.movie_id)", "Filter": "(production_year > 1990)"}]}, {"Node Type": "Index Scan", "Parent Relationship": "Inner", "Scan Direction": "Forward", "Index Name": "movie_id_movie_keyword", "Relation Name": "movie_keyword", "Alias": "mk", "Startup Cost": 0.0, "Total Cost": 0.46, "Plan Rows": 8, "Plan Width": 8, "Index Cond": "(movie_id = mc.movie_id)"}]}, {"Node Type": "Index Only Scan", "Parent Relationship": "Inner", "Scan Direction": "Forward", "Index Name": "keyword_pkey", "Relation Name": "keyword", "Alias": "k", "Startup Cost": 0.0, "Total Cost": 0.27, "Plan Rows": 1, "Plan Width": 4, "Index Cond": "(id = mk.keyword_id)"}]}]}, "Unique SQL Id": 2302223328, "Planner Runtime": 238}, "explain_analyze_plan": {"Plan": {"Node Type": "Aggregate", "Strategy": "Plain", "Startup Cost": 72516.67, "Total Cost": 72516.68, "Plan Rows": 1, "Plan Width": 102, "Actual Min Startup Time": 345.741, "Actual Max Startup Time": 345.741, "Actual Min Total Time": 345.742, "Actual Max Total Time": 345.742, "Plans": [{"Node Type": "Nested Loop", "Parent Relationship": "Outer", "Join Type": "Inner", "Startup Cost": 2.41, "Total Cost": 72481.46, "Plan Rows": 7042, "Plan Width": 38, "Actual Min Startup Time": 171.512, "Actual Max Startup Time": 171.512, "Actual Min Total Time": 342.708, "Actual Max Total Time": 342.708, "Inner Unique": true, "Plans": [{"Node Type": "Nested Loop", "Parent Relationship": "Outer", "Join Type": "Inner", "Startup Cost": 2.41, "Total Cost": 70509.63, "Plan Rows": 7042, "Plan Width": 42, "Actual Min Startup Time": 171.49, "Actual Max Startup Time": 171.49, "Actual Min Total Time": 325.219, "Actual Max Total Time": 325.219, "Inner Unique": false, "Join Filter": "(t.id = mk.movie_id)", "Rows Removed by Join Filter": 0, "Plans": [{"Node Type": "Nested Loop", "Parent Relationship": "Outer", "Join Type": "Inner", "Startup Cost": 2.41, "Total Cost": 70018.65, "Plan Rows": 873, "Plan Width": 54, "Actual Min Startup Time": 171.458, "Actual Max Startup Time": 171.458, "Actual Min Total Time": 317.944, "Actual Max Total Time": 317.944, "Inner Unique": true, "Join Filter": "(at.movie_id = t.id)", "Rows Removed by Join Filter": 0, "Plans": [{"Node Type": "Nested Loop", "Parent Relationship": "Outer", "Join Type": "Inner", "Startup Cost": 2.41, "Total Cost": 69796.57, "Plan Rows": 630, "Plan Width": 33, "Actual Min Startup Time": 171.418, "Actual Max Startup Time": 171.418, "Actual Min Total Time": 314.37, "Actual Max Total Time": 314.37, "Inner Unique": true, "Plans": [{"Node Type": "Nested Loop", "Parent Relationship": "Outer", "Join Type": "Inner", "Startup Cost": 2.41, "Total Cost": 69620.17, "Plan Rows": 630, "Plan Width": 37, "Actual Min Startup Time": 171.372, "Actual Max Startup Time": 171.372, "Actual Min Total Time": 312.657, "Actual Max Total Time": 312.657, "Inner Unique": true, "Plans": [{"Node Type": "Nested Loop", "Parent Relationship": "Outer", "Join Type": "Inner", "Startup Cost": 2.41, "Total Cost": 69317.55, "Plan Rows": 1052, "Plan Width": 41, "Actual Min Startup Time": 171.337, "Actual Max Startup Time": 171.337, "Actual Min Total Time": 298.139, "Actual Max Total Time": 298.139, "Inner Unique": false, "Plans": [{"Node Type": "Nested Loop", "Parent Relationship": "Outer", "Join Type": "Inner", "Startup Cost": 2.41, "Total Cost": 69028.47, "Plan Rows": 490, "Plan Width": 29, "Actual Min Startup Time": 171.311, "Actual Max Startup Time": 171.311, "Actual Min Total Time": 290.586, "Actual Max Total Time": 290.586, "Inner Unique": false, "Plans": [{"Node Type": "Hash Join", "Parent Relationship": "Outer", "Join Type": "Inner", "Startup Cost": 2.41, "Total Cost": 68552.78, "Plan Rows": 192, "Plan Width": 4, "Actual Min Startup Time": 171.245, "Actual Max Startup Time": 171.245, "Actual Min Total Time": 255.354, "Actual Max Total Time": 255.354, "Inner Unique": true, "Hash Cond": "(mi.info_type_id = it1.id)", "Plans": [{"Node Type": "Streaming(type: LOCAL GATHER dop: 1/64)", "Parent Relationship": "Outer", "Startup Cost": 0.0, "Total Cost": 68498.12, "Plan Rows": 13419, "Plan Width": 8, "Actual Min Startup Time": 170.999, "Actual Max Startup Time": 170.999, "Actual Min Total Time": 249.144, "Actual Max Total Time": 249.144, "Plans": [{"Node Type": "Seq Scan", "Parent Relationship": "Outer", "Relation Name": "movie_info", "Alias": "mi", "Startup Cost": 0.0, "Total Cost": 68221.29, "Plan Rows": 13419, "Plan Width": 8, "Actual Min Startup Time": 0.125, "Actual Max Startup Time": 28.723, "Actual Min Total Time": 62.105, "Actual Max Total Time": 78.733, "Filter": "((note)::text ~~ '%internet%'::text)", "Rows Removed by Filter": 14824909, "Actual Rows": 10810}], "Actual Rows": 10810}, {"Node Type": "Hash", "Parent Relationship": "Inner", "Startup Cost": 2.4, "Total Cost": 2.4, "Plan Rows": 1, "Plan Width": 4, "Actual Min Startup Time": 0.135, "Actual Max Startup Time": 0.135, "Actual Min Total Time": 0.135, "Actual Max Total Time": 0.135, "Max Hash Buckets": 32768, "Min Hash Buckets": 32768, "Max Hash Batches": 1, "Min Hash Batches": 1, "Max Original Hash Batches": 1, "Min Original Hash Batches": 1, "Max Peak Memory Usage": 1, "min Peak Memory Usage": 1, "Plans": [{"Node Type": "Seq Scan", "Parent Relationship": "Outer", "Relation Name": "info_type", "Alias": "it1", "Startup Cost": 0.0, "Total Cost": 2.4, "Plan Rows": 1, "Plan Width": 4, "Actual Min Startup Time": 0.094, "Actual Max Startup Time": 0.094, "Actual Min Total Time": 0.117, "Actual Max Total Time": 0.117, "Filter": "((info)::text = 'release dates'::text)", "Rows Removed by Filter": 111, "Actual Rows": 1}], "Actual Rows": 1}], "Actual Rows": 10679}, {"Node Type": "Index Scan", "Parent Relationship": "Inner", "Scan Direction": "Forward", "Index Name": "movie_id_aka_title", "Relation Name": "aka_title", "Alias": "at", "Startup Cost": 0.0, "Total Cost": 2.45, "Plan Rows": 3, "Plan Width": 25, "Actual Min Startup Time": 29.11, "Actual Max Startup Time": 29.11, "Actual Min Total Time": 29.809, "Actual Max Total Time": 29.809, "Index Cond": "(movie_id = mi.movie_id)", "Rows Removed by Index Recheck": 0, "Actual Rows": 591}], "Actual Rows": 591}, {"Node Type": "Index Scan", "Parent Relationship": "Inner", "Scan Direction": "Forward", "Index Name": "movie_id_movie_companies", "Relation Name": "movie_companies", "Alias": "mc", "Startup Cost": 0.0, "Total Cost": 0.57, "Plan Rows": 2, "Plan Width": 12, "Actual Min Startup Time": 4.654, "Actual Max Startup Time": 4.654, "Actual Min Total Time": 6.42, "Actual Max Total Time": 6.42, "Index Cond": "(movie_id = at.movie_id)", "Rows Removed by Index Recheck": 0, "Actual Rows": 2130}], "Actual Rows": 2130}, {"Node Type": "Index Scan", "Parent Relationship": "Inner", "Scan Direction": "Forward", "Index Name": "company_name_pkey", "Relation Name": "company_name", "Alias": "cn", "Startup Cost": 0.0, "Total Cost": 0.28, "Plan Rows": 1, "Plan Width": 4, "Actual Min Startup Time": 12.926, "Actual Max Startup Time": 12.926, "Actual Min Total Time": 12.926, "Actual Max Total Time": 12.926, "Index Cond": "(id = mc.company_id)", "Rows Removed by Index Recheck": 0, "Filter": "((country_code)::text = '[us]'::text)", "Rows Removed by Filter": 1234, "Actual Rows": 896}], "Actual Rows": 896}, {"Node Type": "Index Only Scan", "Parent Relationship": "Inner", "Scan Direction": "Forward", "Index Name": "company_type_pkey", "Relation Name": "company_type", "Alias": "ct", "Startup Cost": 0.0, "Total Cost": 0.27, "Plan Rows": 1, "Plan Width": 4, "Actual Min Startup Time": 0.932, "Actual Max Startup Time": 0.932, "Actual Min Total Time": 0.932, "Actual Max Total Time": 0.932, "Index Cond": "(id = mc.company_type_id)", "Rows Removed by Index Recheck": 0, "Heap Fetches": 0, "Actual Rows": 382}], "Actual Rows": 382}, {"Node Type": "Index Scan", "Parent Relationship": "Inner", "Scan Direction": "Forward", "Index Name": "title_pkey", "Relation Name": "title", "Alias": "t", "Startup Cost": 0.0, "Total Cost": 0.34, "Plan Rows": 1, "Plan Width": 21, "Actual Min Startup Time": 2.842, "Actual Max Startup Time": 2.842, "Actual Min Total Time": 2.842, "Actual Max Total Time": 2.842, "Index Cond": "(id = mc.movie_id)", "Rows Removed by Index Recheck": 0, "Filter": "(production_year > 1990)", "Rows Removed by Filter": 0, "Actual Rows": 382}], "Actual Rows": 382}, {"Node Type": "Index Scan", "Parent Relationship": "Inner", "Scan Direction": "Forward", "Index Name": "movie_id_movie_keyword", "Relation Name": "movie_keyword", "Alias": "mk", "Startup Cost": 0.0, "Total Cost": 0.46, "Plan Rows": 8, "Plan Width": 8, "Actual Min Startup Time": 3.01, "Actual Max Startup Time": 3.01, "Actual Min Total Time": 5.192, "Actual Max Total Time": 5.192, "Index Cond": "(movie_id = mc.movie_id)", "Rows Removed by Index Recheck": 0, "Actual Rows": 4371}], "Actual Rows": 4371}, {"Node Type": "Index Only Scan", "Parent Relationship": "Inner", "Scan Direction": "Forward", "Index Name": "keyword_pkey", "Relation Name": "keyword", "Alias": "k", "Startup Cost": 0.0, "Total Cost": 0.27, "Plan Rows": 1, "Plan Width": 4, "Actual Min Startup Time": 14.167, "Actual Max Startup Time": 14.167, "Actual Min Total Time": 14.167, "Actual Max Total Time": 14.167, "Index Cond": "(id = mk.keyword_id)", "Rows Removed by Index Recheck": 0, "Heap Fetches": 0, "Actual Rows": 4371}], "Actual Rows": 4371}], "Actual Rows": 1}, "Triggers": [], "Planner Runtime": 238, "Total Runtime": 359.342, "Unique SQL Id": 2302223328}}, "(64, 65)": {"explain_plan": {"Plan": {"Node Type": "Aggregate", "Strategy": "Plain", "Startup Cost": 167859.79, "Total Cost": 167859.8, "Plan Rows": 1, "Plan Width": 102, "Plans": [{"Node Type": "Nested Loop", "Parent Relationship": "Outer", "Join Type": "Inner", "Startup Cost": 4841.51, "Total Cost": 167824.58, "Plan Rows": 7042, "Plan Width": 38, "Inner Unique": true, "Plans": [{"Node Type": "Nested Loop", "Parent Relationship": "Outer", "Join Type": "Inner", "Startup Cost": 4841.51, "Total Cost": 165852.74, "Plan Rows": 7042, "Plan Width": 42, "Inner Unique": false, "Join Filter": "(t.id = mk.movie_id)", "Plans": [{"Node Type": "Nested Loop", "Parent Relationship": "Outer", "Join Type": "Inner", "Startup Cost": 4841.51, "Total Cost": 165361.77, "Plan Rows": 873, "Plan Width": 54, "Inner Unique": true, "Join Filter": "(at.movie_id = t.id)", "Plans": [{"Node Type": "Nested Loop", "Parent Relationship": "Outer", "Join Type": "Inner", "Startup Cost": 4841.51, "Total Cost": 165139.68, "Plan Rows": 630, "Plan Width": 33, "Inner Unique": true, "Plans": [{"Node Type": "Nested Loop", "Parent Relationship": "Outer", "Join Type": "Inner", "Startup Cost": 4841.51, "Total Cost": 164963.28, "Plan Rows": 630, "Plan Width": 37, "Inner Unique": true, "Plans": [{"Node Type": "Nested Loop", "Parent Relationship": "Outer", "Join Type": "Inner", "Startup Cost": 4841.51, "Total Cost": 164660.66, "Plan Rows": 1052, "Plan Width": 41, "Inner Unique": false, "Plans": [{"Node Type": "Nested Loop", "Parent Relationship": "Outer", "Join Type": "Inner", "Startup Cost": 4841.51, "Total Cost": 164371.58, "Plan Rows": 490, "Plan Width": 29, "Inner Unique": false, "Plans": [{"Node Type": "Nested Loop", "Parent Relationship": "Outer", "Join Type": "Inner", "Startup Cost": 4841.51, "Total Cost": 163895.89, "Plan Rows": 192, "Plan Width": 4, "Inner Unique": false, "Plans": [{"Node Type": "Index Scan", "Parent Relationship": "Outer", "Scan Direction": "Forward", "Index Name": "info_type_pkey", "Relation Name": "info_type", "Alias": "it1", "Startup Cost": 0.0, "Total Cost": 14.21, "Plan Rows": 1, "Plan Width": 4, "Filter": "((info)::text = 'release dates'::text)"}, {"Node Type": "Bitmap Heap Scan", "Parent Relationship": "Inner", "Relation Name": "movie_info", "Alias": "mi", "Startup Cost": 4841.51, "Total Cost": 163879.76, "Plan Rows": 192, "Plan Width": 8, "Recheck Cond": "(info_type_id = it1.id)", "Filter": "((note)::text ~~ '%internet%'::text)", "Plans": [{"Node Type": "Bitmap Index Scan", "Parent Relationship": "Outer", "Index Name": "info_type_id_movie_info", "Startup Cost": 0.0, "Total Cost": 4841.46, "Plan Rows": 212428, "Plan Width": 0, "Index Cond": "(info_type_id = it1.id)"}]}]}, {"Node Type": "Index Scan", "Parent Relationship": "Inner", "Scan Direction": "Forward", "Index Name": "movie_id_aka_title", "Relation Name": "aka_title", "Alias": "at", "Startup Cost": 0.0, "Total Cost": 2.45, "Plan Rows": 3, "Plan Width": 25, "Index Cond": "(movie_id = mi.movie_id)"}]}, {"Node Type": "Index Scan", "Parent Relationship": "Inner", "Scan Direction": "Forward", "Index Name": "movie_id_movie_companies", "Relation Name": "movie_companies", "Alias": "mc", "Startup Cost": 0.0, "Total Cost": 0.57, "Plan Rows": 2, "Plan Width": 12, "Index Cond": "(movie_id = at.movie_id)"}]}, {"Node Type": "Index Scan", "Parent Relationship": "Inner", "Scan Direction": "Forward", "Index Name": "company_name_pkey", "Relation Name": "company_name", "Alias": "cn", "Startup Cost": 0.0, "Total Cost": 0.28, "Plan Rows": 1, "Plan Width": 4, "Index Cond": "(id = mc.company_id)", "Filter": "((country_code)::text = '[us]'::text)"}]}, {"Node Type": "Index Only Scan", "Parent Relationship": "Inner", "Scan Direction": "Forward", "Index Name": "company_type_pkey", "Relation Name": "company_type", "Alias": "ct", "Startup Cost": 0.0, "Total Cost": 0.27, "Plan Rows": 1, "Plan Width": 4, "Index Cond": "(id = mc.company_type_id)"}]}, {"Node Type": "Index Scan", "Parent Relationship": "Inner", "Scan Direction": "Forward", "Index Name": "title_pkey", "Relation Name": "title", "Alias": "t", "Startup Cost": 0.0, "Total Cost": 0.34, "Plan Rows": 1, "Plan Width": 21, "Index Cond": "(id = mc.movie_id)", "Filter": "(production_year > 1990)"}]}, {"Node Type": "Index Scan", "Parent Relationship": "Inner", "Scan Direction": "Forward", "Index Name": "movie_id_movie_keyword", "Relation Name": "movie_keyword", "Alias": "mk", "Startup Cost": 0.0, "Total Cost": 0.46, "Plan Rows": 8, "Plan Width": 8, "Index Cond": "(movie_id = mc.movie_id)"}]}, {"Node Type": "Index Only Scan", "Parent Relationship": "Inner", "Scan Direction": "Forward", "Index Name": "keyword_pkey", "Relation Name": "keyword", "Alias": "k", "Startup Cost": 0.0, "Total Cost": 0.27, "Plan Rows": 1, "Plan Width": 4, "Index Cond": "(id = mk.keyword_id)"}]}]}, "Unique SQL Id": 2302223328, "Planner Runtime": 190}, "explain_analyze_plan": null}, "(64, 66)": {"explain_plan": {"Plan": {"Node Type": "Aggregate", "Strategy": "Plain", "Startup Cost": 83361.96, "Total Cost": 83361.97, "Plan Rows": 1, "Plan Width": 102, "Plans": [{"Node Type": "Hash Join", "Parent Relationship": "Outer", "Join Type": "Inner", "Startup Cost": 3785.02, "Total Cost": 83326.75, "Plan Rows": 7042, "Plan Width": 38, "Inner Unique": true, "Hash Cond": "(mk.keyword_id = k.id)", "Plans": [{"Node Type": "Nested Loop", "Parent Relationship": "Outer", "Join Type": "Inner", "Startup Cost": 7.21, "Total Cost": 79453.51, "Plan Rows": 7042, "Plan Width": 42, "Inner Unique": false, "Join Filter": "(t.id = mk.movie_id)", "Plans": [{"Node Type": "Nested Loop", "Parent Relationship": "Outer", "Join Type": "Inner", "Startup Cost": 6.88, "Total Cost": 75491.81, "Plan Rows": 873, "Plan Width": 54, "Inner Unique": false, "Join Filter": "(t.id = at.movie_id)", "Plans": [{"Node Type": "Hash Join", "Parent Relationship": "Outer", "Join Type": "Inner", "Startup Cost": 6.6, "Total Cost": 73412.69, "Plan Rows": 478, "Plan Width": 29, "Inner Unique": true, "Hash Cond": "(mc.company_type_id = ct.id)", "Plans": [{"Node Type": "Nested Loop", "Parent Relationship": "Outer", "Join Type": "Inner", "Startup Cost": 5.53, "Total Cost": 73405.64, "Plan Rows": 478, "Plan Width": 33, "Inner Unique": true, "Plans": [{"Node Type": "Nested Loop", "Parent Relationship": "Outer", "Join Type": "Inner", "Startup Cost": 5.28, "Total Cost": 70972.69, "Plan Rows": 568, "Plan Width": 37, "Inner Unique": false, "Plans": [{"Node Type": "Nested Loop", "Parent Relationship": "Outer", "Join Type": "Inner", "Startup Cost": 4.99, "Total Cost": 69820.27, "Plan Rows": 266, "Plan Width": 25, "Inner Unique": true, "Plans": [{"Node Type": "Hash Join", "Parent Relationship": "Outer", "Join Type": "Inner", "Startup Cost": 2.41, "Total Cost": 68552.78, "Plan Rows": 192, "Plan Width": 4, "Inner Unique": true, "Hash Cond": "(mi.info_type_id = it1.id)", "Plans": [{"Node Type": "Streaming(type: LOCAL GATHER dop: 1/64)", "Parent Relationship": "Outer", "Startup Cost": 0.0, "Total Cost": 68498.12, "Plan Rows": 13419, "Plan Width": 8, "Plans": [{"Node Type": "Seq Scan", "Parent Relationship": "Outer", "Relation Name": "movie_info", "Alias": "mi", "Startup Cost": 0.0, "Total Cost": 68221.29, "Plan Rows": 13419, "Plan Width": 8, "Filter": "((note)::text ~~ '%internet%'::text)"}]}, {"Node Type": "Hash", "Parent Relationship": "Inner", "Startup Cost": 2.4, "Total Cost": 2.4, "Plan Rows": 1, "Plan Width": 4, "Plans": [{"Node Type": "Seq Scan", "Parent Relationship": "Outer", "Relation Name": "info_type", "Alias": "it1", "Startup Cost": 0.0, "Total Cost": 2.4, "Plan Rows": 1, "Plan Width": 4, "Filter": "((info)::text = 'release dates'::text)"}]}]}, {"Node Type": "Bitmap Heap Scan", "Parent Relationship": "Inner", "Relation Name": "title", "Alias": "t", "Startup Cost": 2.58, "Total Cost": 6.59, "Plan Rows": 1, "Plan Width": 21, "Recheck Cond": "(id = mi.movie_id)", "Filter": "(production_year > 1990)", "Plans": [{"Node Type": "Bitmap Index Scan", "Parent Relationship": "Outer", "Index Name": "title_pkey", "Startup Cost": 0.0, "Total Cost": 2.58, "Plan Rows": 1, "Plan Width": 0, "Index Cond": "(id = mi.movie_id)"}]}]}, {"Node Type": "Bitmap Heap Scan", "Parent Relationship": "Inner", "Relation Name": "movie_companies", "Alias": "mc", "Startup Cost": 0.29, "Total Cost": 4.31, "Plan Rows": 2, "Plan Width": 12, "Recheck Cond": "(movie_id = t.id)", "Plans": [{"Node Type": "Bitmap Index Scan", "Parent Relationship": "Outer", "Index Name": "movie_id_movie_companies", "Startup Cost": 0.0, "Total Cost": 0.29, "Plan Rows": 2, "Plan Width": 0, "Index Cond": "(movie_id = t.id)"}]}]}, {"Node Type": "Bitmap Heap Scan", "Parent Relationship": "Inner", "Relation Name": "company_name", "Alias": "cn", "Startup Cost": 0.26, "Total Cost": 4.27, "Plan Rows": 1, "Plan Width": 4, "Recheck Cond": "(id = mc.company_id)", "Filter": "((country_code)::text = '[us]'::text)", "Plans": [{"Node Type": "Bitmap Index Scan", "Parent Relationship": "Outer", "Index Name": "company_name_pkey", "Startup Cost": 0.0, "Total Cost": 0.26, "Plan Rows": 1, "Plan Width": 0, "Index Cond": "(id = mc.company_id)"}]}]}, {"Node Type": "Hash", "Parent Relationship": "Inner", "Startup Cost": 1.03, "Total Cost": 1.03, "Plan Rows": 3, "Plan Width": 4, "Plans": [{"Node Type": "Seq Scan", "Parent Relationship": "Outer", "Relation Name": "company_type", "Alias": "ct", "Startup Cost": 0.0, "Total Cost": 1.03, "Plan Rows": 3, "Plan Width": 4}]}]}, {"Node Type": "Bitmap Heap Scan", "Parent Relationship": "Inner", "Relation Name": "aka_title", "Alias": "at", "Startup Cost": 0.27, "Total Cost": 4.31, "Plan Rows": 3, "Plan Width": 25, "Recheck Cond": "(movie_id = mc.movie_id)", "Plans": [{"Node Type": "Bitmap Index Scan", "Parent Relationship": "Outer", "Index Name": "movie_id_aka_title", "Startup Cost": 0.0, "Total Cost": 0.27, "Plan Rows": 3, "Plan Width": 0, "Index Cond": "(movie_id = mc.movie_id)"}]}]}, {"Node Type": "Bitmap Heap Scan", "Parent Relationship": "Inner", "Relation Name": "movie_keyword", "Alias": "mk", "Startup Cost": 0.34, "Total Cost": 4.44, "Plan Rows": 8, "Plan Width": 8, "Recheck Cond": "(movie_id = mc.movie_id)", "Plans": [{"Node Type": "Bitmap Index Scan", "Parent Relationship": "Outer", "Index Name": "movie_id_movie_keyword", "Startup Cost": 0.0, "Total Cost": 0.34, "Plan Rows": 8, "Plan Width": 0, "Index Cond": "(movie_id = mc.movie_id)"}]}]}, {"Node Type": "Hash", "Parent Relationship": "Inner", "Startup Cost": 2100.69, "Total Cost": 2100.69, "Plan Rows": 134169, "Plan Width": 4, "Plans": [{"Node Type": "Seq Scan", "Parent Relationship": "Outer", "Relation Name": "keyword", "Alias": "k", "Startup Cost": 0.0, "Total Cost": 2100.69, "Plan Rows": 134169, "Plan Width": 4}]}]}]}, "Unique SQL Id": 2302223328, "Planner Runtime": 264}, "explain_analyze_plan": {"Plan": {"Node Type": "Aggregate", "Strategy": "Plain", "Startup Cost": 83361.96, "Total Cost": 83361.97, "Plan Rows": 1, "Plan Width": 102, "Actual Min Startup Time": 529.481, "Actual Max Startup Time": 529.481, "Actual Min Total Time": 529.481, "Actual Max Total Time": 529.481, "Plans": [{"Node Type": "Hash Join", "Parent Relationship": "Outer", "Join Type": "Inner", "Startup Cost": 3785.02, "Total Cost": 83326.75, "Plan Rows": 7042, "Plan Width": 38, "Actual Min Startup Time": 74.777, "Actual Max Startup Time": 74.777, "Actual Min Total Time": 526.921, "Actual Max Total Time": 526.921, "Inner Unique": true, "Hash Cond": "(mk.keyword_id = k.id)", "Plans": [{"Node Type": "Nested Loop", "Parent Relationship": "Outer", "Join Type": "Inner", "Startup Cost": 7.21, "Total Cost": 79453.51, "Plan Rows": 7042, "Plan Width": 42, "Actual Min Startup Time": 0.638, "Actual Max Startup Time": 0.638, "Actual Min Total Time": 450.507, "Actual Max Total Time": 450.507, "Inner Unique": false, "Join Filter": "(t.id = mk.movie_id)", "Rows Removed by Join Filter": 0, "Plans": [{"Node Type": "Nested Loop", "Parent Relationship": "Outer", "Join Type": "Inner", "Startup Cost": 6.88, "Total Cost": 75491.81, "Plan Rows": 873, "Plan Width": 54, "Actual Min Startup Time": 0.606, "Actual Max Startup Time": 0.606, "Actual Min Total Time": 444.032, "Actual Max Total Time": 444.032, "Inner Unique": false, "Join Filter": "(t.id = at.movie_id)", "Rows Removed by Join Filter": 0, "Plans": [{"Node Type": "Hash Join", "Parent Relationship": "Outer", "Join Type": "Inner", "Startup Cost": 6.6, "Total Cost": 73412.69, "Plan Rows": 478, "Plan Width": 29, "Actual Min Startup Time": 0.505, "Actual Max Startup Time": 0.505, "Actual Min Total Time": 413.846, "Actual Max Total Time": 413.846, "Inner Unique": true, "Hash Cond": "(mc.company_type_id = ct.id)", "Plans": [{"Node Type": "Nested Loop", "Parent Relationship": "Outer", "Join Type": "Inner", "Startup Cost": 5.53, "Total Cost": 73405.64, "Plan Rows": 478, "Plan Width": 33, "Actual Min Startup Time": 0.4, "Actual Max Startup Time": 0.4, "Actual Min Total Time": 409.302, "Actual Max Total Time": 409.302, "Inner Unique": true, "Plans": [{"Node Type": "Nested Loop", "Parent Relationship": "Outer", "Join Type": "Inner", "Startup Cost": 5.28, "Total Cost": 70972.69, "Plan Rows": 568, "Plan Width": 37, "Actual Min Startup Time": 0.367, "Actual Max Startup Time": 0.367, "Actual Min Total Time": 296.388, "Actual Max Total Time": 296.388, "Inner Unique": false, "Plans": [{"Node Type": "Nested Loop", "Parent Relationship": "Outer", "Join Type": "Inner", "Startup Cost": 4.99, "Total Cost": 69820.27, "Plan Rows": 266, "Plan Width": 25, "Actual Min Startup Time": 0.33, "Actual Max Startup Time": 0.33, "Actual Min Total Time": 194.628, "Actual Max Total Time": 194.628, "Inner Unique": true, "Plans": [{"Node Type": "Hash Join", "Parent Relationship": "Outer", "Join Type": "Inner", "Startup Cost": 2.41, "Total Cost": 68552.78, "Plan Rows": 192, "Plan Width": 4, "Actual Min Startup Time": 0.258, "Actual Max Startup Time": 0.258, "Actual Min Total Time": 97.5, "Actual Max Total Time": 97.5, "Inner Unique": true, "Hash Cond": "(mi.info_type_id = it1.id)", "Plans": [{"Node Type": "Streaming(type: LOCAL GATHER dop: 1/64)", "Parent Relationship": "Outer", "Startup Cost": 0.0, "Total Cost": 68498.12, "Plan Rows": 13419, "Plan Width": 8, "Actual Min Startup Time": 0.131, "Actual Max Startup Time": 0.131, "Actual Min Total Time": 90.715, "Actual Max Total Time": 90.715, "Plans": [{"Node Type": "Seq Scan", "Parent Relationship": "Outer", "Relation Name": "movie_info", "Alias": "mi", "Startup Cost": 0.0, "Total Cost": 68221.29, "Plan Rows": 13419, "Plan Width": 8, "Actual Min Startup Time": 0.115, "Actual Max Startup Time": 23.158, "Actual Min Total Time": 60.934, "Actual Max Total Time": 74.447, "Filter": "((note)::text ~~ '%internet%'::text)", "Rows Removed by Filter": 14824909, "Actual Rows": 10810}], "Actual Rows": 10810}, {"Node Type": "Hash", "Parent Relationship": "Inner", "Startup Cost": 2.4, "Total Cost": 2.4, "Plan Rows": 1, "Plan Width": 4, "Actual Min Startup Time": 0.079, "Actual Max Startup Time": 0.079, "Actual Min Total Time": 0.079, "Actual Max Total Time": 0.079, "Max Hash Buckets": 32768, "Min Hash Buckets": 32768, "Max Hash Batches": 1, "Min Hash Batches": 1, "Max Original Hash Batches": 1, "Min Original Hash Batches": 1, "Max Peak Memory Usage": 1, "min Peak Memory Usage": 1, "Plans": [{"Node Type": "Seq Scan", "Parent Relationship": "Outer", "Relation Name": "info_type", "Alias": "it1", "Startup Cost": 0.0, "Total Cost": 2.4, "Plan Rows": 1, "Plan Width": 4, "Actual Min Startup Time": 0.056, "Actual Max Startup Time": 0.056, "Actual Min Total Time": 0.076, "Actual Max Total Time": 0.076, "Filter": "((info)::text = 'release dates'::text)", "Rows Removed by Filter": 111, "Actual Rows": 1}], "Actual Rows": 1}], "Actual Rows": 10679}, {"Node Type": "Bitmap Heap Scan", "Parent Relationship": "Inner", "Relation Name": "title", "Alias": "t", "Startup Cost": 2.58, "Total Cost": 6.59, "Plan Rows": 1, "Plan Width": 21, "Actual Min Startup Time": 82.276, "Actual Max Startup Time": 82.276, "Actual Min Total Time": 82.276, "Actual Max Total Time": 82.276, "Recheck Cond": "(id = mi.movie_id)", "Rows Removed by Index Recheck": 0, "Filter": "(production_year > 1990)", "Rows Removed by Filter": 17, "Exact Heap Blocks": 10679, "Lossy Heap Blocks": 10679, "Plans": [{"Node Type": "Bitmap Index Scan", "Parent Relationship": "Outer", "Index Name": "title_pkey", "Startup Cost": 0.0, "Total Cost": 2.58, "Plan Rows": 1, "Plan Width": 0, "Actual Min Startup Time": 41.376, "Actual Max Startup Time": 41.376, "Actual Min Total Time": 41.376, "Actual Max Total Time": 41.376, "Index Cond": "(id = mi.movie_id)", "Actual Rows": 10679}], "Actual Rows": 10662}], "Actual Rows": 10662}, {"Node Type": "Bitmap Heap Scan", "Parent Relationship": "Inner", "Relation Name": "movie_companies", "Alias": "mc", "Startup Cost": 0.29, "Total Cost": 4.31, "Plan Rows": 2, "Plan Width": 12, "Actual Min Startup Time": 74.404, "Actual Max Startup Time": 74.404, "Actual Min Total Time": 84.517, "Actual Max Total Time": 84.517, "Recheck Cond": "(movie_id = t.id)", "Rows Removed by Index Recheck": 0, "Exact Heap Blocks": 11694, "Lossy Heap Blocks": 11694, "Plans": [{"Node Type": "Bitmap Index Scan", "Parent Relationship": "Outer", "Index Name": "movie_id_movie_companies", "Startup Cost": 0.0, "Total Cost": 0.29, "Plan Rows": 2, "Plan Width": 0, "Actual Min Startup Time": 47.292, "Actual Max Startup Time": 47.292, "Actual Min Total Time": 47.292, "Actual Max Total Time": 47.292, "Index Cond": "(movie_id = t.id)", "Actual Rows": 14377}], "Actual Rows": 14377}], "Actual Rows": 14377}, {"Node Type": "Bitmap Heap Scan", "Parent Relationship": "Inner", "Relation Name": "company_name", "Alias": "cn", "Startup Cost": 0.26, "Total Cost": 4.27, "Plan Rows": 1, "Plan Width": 4, "Actual Min Startup Time": 94.536, "Actual Max Startup Time": 94.536, "Actual Min Total Time": 94.536, "Actual Max Total Time": 94.536, "Recheck Cond": "(id = mc.company_id)", "Rows Removed by Index Recheck": 0, "Filter": "((country_code)::text = '[us]'::text)", "Rows Removed by Filter": 4520, "Exact Heap Blocks": 14377, "Lossy Heap Blocks": 14377, "Plans": [{"Node Type": "Bitmap Index Scan", "Parent Relationship": "Outer", "Index Name": "company_name_pkey", "Startup Cost": 0.0, "Total Cost": 0.26, "Plan Rows": 1, "Plan Width": 0, "Actual Min Startup Time": 50.828, "Actual Max Startup Time": 50.828, "Actual Min Total Time": 50.828, "Actual Max Total Time": 50.828, "Index Cond": "(id = mc.company_id)", "Actual Rows": 14377}], "Actual Rows": 9857}], "Actual Rows": 9857}, {"Node Type": "Hash", "Parent Relationship": "Inner", "Startup Cost": 1.03, "Total Cost": 1.03, "Plan Rows": 3, "Plan Width": 4, "Actual Min Startup Time": 0.023, "Actual Max Startup Time": 0.023, "Actual Min Total Time": 0.023, "Actual Max Total Time": 0.023, "Max Hash Buckets": 32768, "Min Hash Buckets": 32768, "Max Hash Batches": 1, "Min Hash Batches": 1, "Max Original Hash Batches": 1, "Min Original Hash Batches": 1, "Max Peak Memory Usage": 1, "min Peak Memory Usage": 1, "Plans": [{"Node Type": "Seq Scan", "Parent Relationship": "Outer", "Relation Name": "company_type", "Alias": "ct", "Startup Cost": 0.0, "Total Cost": 1.03, "Plan Rows": 3, "Plan Width": 4, "Actual Min Startup Time": 0.01, "Actual Max Startup Time": 0.01, "Actual Min Total Time": 0.011, "Actual Max Total Time": 0.011, "Actual Rows": 3}], "Actual Rows": 3}], "Actual Rows": 5914}, {"Node Type": "Bitmap Heap Scan", "Parent Relationship": "Inner", "Relation Name": "aka_title", "Alias": "at", "Startup Cost": 0.27, "Total Cost": 4.31, "Plan Rows": 3, "Plan Width": 25, "Actual Min Startup Time": 22.155, "Actual Max Startup Time": 22.155, "Actual Min Total Time": 22.408, "Actual Max Total Time": 22.408, "Recheck Cond": "(movie_id = mc.movie_id)", "Rows Removed by Index Recheck": 0, "Exact Heap Blocks": 382, "Lossy Heap Blocks": 382, "Plans": [{"Node Type": "Bitmap Index Scan", "Parent Relationship": "Outer", "Index Name": "movie_id_aka_title", "Startup Cost": 0.0, "Total Cost": 0.27, "Plan Rows": 3, "Plan Width": 0, "Actual Min Startup Time": 18.142, "Actual Max Startup Time": 18.142, "Actual Min Total Time": 18.142, "Actual Max Total Time": 18.142, "Index Cond": "(movie_id = mc.movie_id)", "Actual Rows": 382}], "Actual Rows": 382}], "Actual Rows": 382}, {"Node Type": "Bitmap Heap Scan", "Parent Relationship": "Inner", "Relation Name": "movie_keyword", "Alias": "mk", "Startup Cost": 0.34, "Total Cost": 4.44, "Plan Rows": 8, "Plan Width": 8, "Actual Min Startup Time": 3.839, "Actual Max Startup Time": 3.839, "Actual Min Total Time": 4.438, "Actual Max Total Time": 4.438, "Recheck Cond": "(movie_id = mc.movie_id)", "Rows Removed by Index Recheck": 0, "Exact Heap Blocks": 276, "Lossy Heap Blocks": 276, "Plans": [{"Node Type": "Bitmap Index Scan", "Parent Relationship": "Outer", "Index Name": "movie_id_movie_keyword", "Startup Cost": 0.0, "Total Cost": 0.34, "Plan Rows": 8, "Plan Width": 0, "Actual Min Startup Time": 2.439, "Actual Max Startup Time": 2.439, "Actual Min Total Time": 2.439, "Actual Max Total Time": 2.439, "Index Cond": "(movie_id = mc.movie_id)", "Actual Rows": 4371}], "Actual Rows": 4371}], "Actual Rows": 4371}, {"Node Type": "Hash", "Parent Relationship": "Inner", "Startup Cost": 2100.69, "Total Cost": 2100.69, "Plan Rows": 134169, "Plan Width": 4, "Actual Min Startup Time": 73.887, "Actual Max Startup Time": 73.887, "Actual Min Total Time": 73.887, "Actual Max Total Time": 73.887, "Max Hash Buckets": 262144, "Min Hash Buckets": 262144, "Max Hash Batches": 1, "Min Hash Batches": 1, "Max Original Hash Batches": 1, "Min Original Hash Batches": 1, "Max Peak Memory Usage": 4717, "min Peak Memory Usage": 4717, "Plans": [{"Node Type": "Seq Scan", "Parent Relationship": "Outer", "Relation Name": "keyword", "Alias": "k", "Startup Cost": 0.0, "Total Cost": 2100.69, "Plan Rows": 134169, "Plan Width": 4, "Actual Min Startup Time": 0.082, "Actual Max Startup Time": 0.082, "Actual Min Total Time": 38.634, "Actual Max Total Time": 38.634, "Actual Rows": 134169}], "Actual Rows": 134169}], "Actual Rows": 4371}], "Actual Rows": 1}, "Triggers": [], "Planner Runtime": 264, "Total Runtime": 544.23, "Unique SQL Id": 2302223328}}, "(64, 67)": {"explain_plan": {"Plan": {"Node Type": "Aggregate", "Strategy": "Plain", "Startup Cost": 179468.98, "Total Cost": 179468.99, "Plan Rows": 1, "Plan Width": 102, "Plans": [{"Node Type": "Hash Join", "Parent Relationship": "Outer", "Join Type": "Inner", "Startup Cost": 9396.83, "Total Cost": 179433.77, "Plan Rows": 7042, "Plan Width": 38, "Inner Unique": true, "Hash Cond": "(mk.keyword_id = k.id)", "Plans": [{"Node Type": "Nested Loop", "Parent Relationship": "Outer", "Join Type": "Inner", "Startup Cost": 4866.39, "Total Cost": 174807.89, "Plan Rows": 7042, "Plan Width": 42, "Inner Unique": false, "Join Filter": "(t.id = mk.movie_id)", "Plans": [{"Node Type": "Nested Loop", "Parent Relationship": "Outer", "Join Type": "Inner", "Startup Cost": 4866.05, "Total Cost": 170846.19, "Plan Rows": 873, "Plan Width": 54, "Inner Unique": false, "Join Filter": "(t.id = at.movie_id)", "Plans": [{"Node Type": "Hash Join", "Parent Relationship": "Outer", "Join Type": "Inner", "Startup Cost": 4865.77, "Total Cost": 168767.07, "Plan Rows": 478, "Plan Width": 29, "Inner Unique": true, "Hash Cond": "(mc.company_type_id = ct.id)", "Plans": [{"Node Type": "Nested Loop", "Parent Relationship": "Outer", "Join Type": "Inner", "Startup Cost": 4853.44, "Total Cost": 168748.76, "Plan Rows": 478, "Plan Width": 33, "Inner Unique": true, "Plans": [{"Node Type": "Nested Loop", "Parent Relationship": "Outer", "Join Type": "Inner", "Startup Cost": 4853.18, "Total Cost": 166315.81, "Plan Rows": 568, "Plan Width": 37, "Inner Unique": false, "Plans": [{"Node Type": "Nested Loop", "Parent Relationship": "Outer", "Join Type": "Inner", "Startup Cost": 4852.89, "Total Cost": 165163.39, "Plan Rows": 266, "Plan Width": 25, "Inner Unique": true, "Plans": [{"Node Type": "Nested Loop", "Parent Relationship": "Outer", "Join Type": "Inner", "Startup Cost": 4850.32, "Total Cost": 163895.89, "Plan Rows": 192, "Plan Width": 4, "Inner Unique": false, "Plans": [{"Node Type": "Bitmap Heap Scan", "Parent Relationship": "Outer", "Relation Name": "info_type", "Alias": "it1", "Startup Cost": 8.81, "Total Cost": 14.21, "Plan Rows": 1, "Plan Width": 4, "Filter": "((info)::text = 'release dates'::text)", "Plans": [{"Node Type": "Bitmap Index Scan", "Parent Relationship": "Outer", "Index Name": "info_type_pkey", "Startup Cost": 0.0, "Total Cost": 8.81, "Plan Rows": 112, "Plan Width": 0}]}, {"Node Type": "Bitmap Heap Scan", "Parent Relationship": "Inner", "Relation Name": "movie_info", "Alias": "mi", "Startup Cost": 4841.51, "Total Cost": 163879.76, "Plan Rows": 192, "Plan Width": 8, "Recheck Cond": "(info_type_id = it1.id)", "Filter": "((note)::text ~~ '%internet%'::text)", "Plans": [{"Node Type": "Bitmap Index Scan", "Parent Relationship": "Outer", "Index Name": "info_type_id_movie_info", "Startup Cost": 0.0, "Total Cost": 4841.46, "Plan Rows": 212428, "Plan Width": 0, "Index Cond": "(info_type_id = it1.id)"}]}]}, {"Node Type": "Bitmap Heap Scan", "Parent Relationship": "Inner", "Relation Name": "title", "Alias": "t", "Startup Cost": 2.58, "Total Cost": 6.59, "Plan Rows": 1, "Plan Width": 21, "Recheck Cond": "(id = mi.movie_id)", "Filter": "(production_year > 1990)", "Plans": [{"Node Type": "Bitmap Index Scan", "Parent Relationship": "Outer", "Index Name": "title_pkey", "Startup Cost": 0.0, "Total Cost": 2.58, "Plan Rows": 1, "Plan Width": 0, "Index Cond": "(id = mi.movie_id)"}]}]}, {"Node Type": "Bitmap Heap Scan", "Parent Relationship": "Inner", "Relation Name": "movie_companies", "Alias": "mc", "Startup Cost": 0.29, "Total Cost": 4.31, "Plan Rows": 2, "Plan Width": 12, "Recheck Cond": "(movie_id = t.id)", "Plans": [{"Node Type": "Bitmap Index Scan", "Parent Relationship": "Outer", "Index Name": "movie_id_movie_companies", "Startup Cost": 0.0, "Total Cost": 0.29, "Plan Rows": 2, "Plan Width": 0, "Index Cond": "(movie_id = t.id)"}]}]}, {"Node Type": "Bitmap Heap Scan", "Parent Relationship": "Inner", "Relation Name": "company_name", "Alias": "cn", "Startup Cost": 0.26, "Total Cost": 4.27, "Plan Rows": 1, "Plan Width": 4, "Recheck Cond": "(id = mc.company_id)", "Filter": "((country_code)::text = '[us]'::text)", "Plans": [{"Node Type": "Bitmap Index Scan", "Parent Relationship": "Outer", "Index Name": "company_name_pkey", "Startup Cost": 0.0, "Total Cost": 0.26, "Plan Rows": 1, "Plan Width": 0, "Index Cond": "(id = mc.company_id)"}]}]}, {"Node Type": "Hash", "Parent Relationship": "Inner", "Startup Cost": 12.3, "Total Cost": 12.3, "Plan Rows": 3, "Plan Width": 4, "Plans": [{"Node Type": "Bitmap Heap Scan", "Parent Relationship": "Outer", "Relation Name": "company_type", "Alias": "ct", "Startup Cost": 8.27, "Total Cost": 12.3, "Plan Rows": 3, "Plan Width": 4, "Plans": [{"Node Type": "Bitmap Index Scan", "Parent Relationship": "Outer", "Index Name": "company_type_pkey", "Startup Cost": 0.0, "Total Cost": 8.27, "Plan Rows": 3, "Plan Width": 0}]}]}]}, {"Node Type": "Bitmap Heap Scan", "Parent Relationship": "Inner", "Relation Name": "aka_title", "Alias": "at", "Startup Cost": 0.27, "Total Cost": 4.31, "Plan Rows": 3, "Plan Width": 25, "Recheck Cond": "(movie_id = mc.movie_id)", "Plans": [{"Node Type": "Bitmap Index Scan", "Parent Relationship": "Outer", "Index Name": "movie_id_aka_title", "Startup Cost": 0.0, "Total Cost": 0.27, "Plan Rows": 3, "Plan Width": 0, "Index Cond": "(movie_id = mc.movie_id)"}]}]}, {"Node Type": "Bitmap Heap Scan", "Parent Relationship": "Inner", "Relation Name": "movie_keyword", "Alias": "mk", "Startup Cost": 0.34, "Total Cost": 4.44, "Plan Rows": 8, "Plan Width": 8, "Recheck Cond": "(movie_id = mc.movie_id)", "Plans": [{"Node Type": "Bitmap Index Scan", "Parent Relationship": "Outer", "Index Name": "movie_id_movie_keyword", "Startup Cost": 0.0, "Total Cost": 0.34, "Plan Rows": 8, "Plan Width": 0, "Index Cond": "(movie_id = mc.movie_id)"}]}]}, {"Node Type": "Hash", "Parent Relationship": "Inner", "Startup Cost": 2853.33, "Total Cost": 2853.33, "Plan Rows": 134169, "Plan Width": 4, "Plans": [{"Node Type": "Bitmap Heap Scan", "Parent Relationship": "Outer", "Relation Name": "keyword", "Alias": "k", "Startup Cost": 752.64, "Total Cost": 2853.33, "Plan Rows": 134169, "Plan Width": 4, "Plans": [{"Node Type": "Bitmap Index Scan", "Parent Relationship": "Outer", "Index Name": "keyword_pkey", "Startup Cost": 0.0, "Total Cost": 719.1, "Plan Rows": 134169, "Plan Width": 0}]}]}]}]}, "Unique SQL Id": 2302223328, "Planner Runtime": 213}, "explain_analyze_plan": null}, "(64, 68)": {"explain_plan": {"Plan": {"Node Type": "Aggregate", "Strategy": "Plain", "Startup Cost": 72521.4, "Total Cost": 72521.41, "Plan Rows": 1, "Plan Width": 102, "Plans": [{"Node Type": "Nested Loop", "Parent Relationship": "Outer", "Join Type": "Inner", "Startup Cost": 2.41, "Total Cost": 72486.19, "Plan Rows": 7042, "Plan Width": 38, "Inner Unique": true, "Plans": [{"Node Type": "Nested Loop", "Parent Relationship": "Outer", "Join Type": "Inner", "Startup Cost": 2.41, "Total Cost": 70509.63, "Plan Rows": 7042, "Plan Width": 42, "Inner Unique": false, "Join Filter": "(t.id = mk.movie_id)", "Plans": [{"Node Type": "Nested Loop", "Parent Relationship": "Outer", "Join Type": "Inner", "Startup Cost": 2.41, "Total Cost": 70018.66, "Plan Rows": 873, "Plan Width": 54, "Inner Unique": true, "Join Filter": "(at.movie_id = t.id)", "Plans": [{"Node Type": "Nested Loop", "Parent Relationship": "Outer", "Join Type": "Inner", "Startup Cost": 2.41, "Total Cost": 69796.57, "Plan Rows": 630, "Plan Width": 33, "Inner Unique": true, "Plans": [{"Node Type": "Nested Loop", "Parent Relationship": "Outer", "Join Type": "Inner", "Startup Cost": 2.41, "Total Cost": 69620.17, "Plan Rows": 630, "Plan Width": 37, "Inner Unique": true, "Plans": [{"Node Type": "Nested Loop", "Parent Relationship": "Outer", "Join Type": "Inner", "Startup Cost": 2.41, "Total Cost": 69317.55, "Plan Rows": 1052, "Plan Width": 41, "Inner Unique": false, "Plans": [{"Node Type": "Nested Loop", "Parent Relationship": "Outer", "Join Type": "Inner", "Startup Cost": 2.41, "Total Cost": 69028.47, "Plan Rows": 490, "Plan Width": 29, "Inner Unique": false, "Plans": [{"Node Type": "Hash Join", "Parent Relationship": "Outer", "Join Type": "Inner", "Startup Cost": 2.41, "Total Cost": 68552.78, "Plan Rows": 192, "Plan Width": 4, "Inner Unique": true, "Hash Cond": "(mi.info_type_id = it1.id)", "Plans": [{"Node Type": "Streaming(type: LOCAL GATHER dop: 1/64)", "Parent Relationship": "Outer", "Startup Cost": 0.0, "Total Cost": 68498.12, "Plan Rows": 13419, "Plan Width": 8, "Plans": [{"Node Type": "Seq Scan", "Parent Relationship": "Outer", "Relation Name": "movie_info", "Alias": "mi", "Startup Cost": 0.0, "Total Cost": 68221.29, "Plan Rows": 13419, "Plan Width": 8, "Filter": "((note)::text ~~ '%internet%'::text)"}]}, {"Node Type": "Hash", "Parent Relationship": "Inner", "Startup Cost": 2.4, "Total Cost": 2.4, "Plan Rows": 1, "Plan Width": 4, "Plans": [{"Node Type": "Seq Scan", "Parent Relationship": "Outer", "Relation Name": "info_type", "Alias": "it1", "Startup Cost": 0.0, "Total Cost": 2.4, "Plan Rows": 1, "Plan Width": 4, "Filter": "((info)::text = 'release dates'::text)"}]}]}, {"Node Type": "Index Scan", "Parent Relationship": "Inner", "Scan Direction": "Forward", "Index Name": "movie_id_aka_title", "Relation Name": "aka_title", "Alias": "at", "Startup Cost": 0.0, "Total Cost": 2.45, "Plan Rows": 3, "Plan Width": 25, "Index Cond": "(movie_id = mi.movie_id)"}]}, {"Node Type": "Index Scan", "Parent Relationship": "Inner", "Scan Direction": "Forward", "Index Name": "movie_id_movie_companies", "Relation Name": "movie_companies", "Alias": "mc", "Startup Cost": 0.0, "Total Cost": 0.57, "Plan Rows": 2, "Plan Width": 12, "Index Cond": "(movie_id = at.movie_id)"}]}, {"Node Type": "Index Scan", "Parent Relationship": "Inner", "Scan Direction": "Forward", "Index Name": "company_name_pkey", "Relation Name": "company_name", "Alias": "cn", "Startup Cost": 0.0, "Total Cost": 0.28, "Plan Rows": 1, "Plan Width": 4, "Index Cond": "(id = mc.company_id)", "Filter": "((country_code)::text = '[us]'::text)"}]}, {"Node Type": "Index Scan", "Parent Relationship": "Inner", "Scan Direction": "Forward", "Index Name": "company_type_pkey", "Relation Name": "company_type", "Alias": "ct", "Startup Cost": 0.0, "Total Cost": 0.27, "Plan Rows": 1, "Plan Width": 4, "Index Cond": "(id = mc.company_type_id)"}]}, {"Node Type": "Index Scan", "Parent Relationship": "Inner", "Scan Direction": "Forward", "Index Name": "title_pkey", "Relation Name": "title", "Alias": "t", "Startup Cost": 0.0, "Total Cost": 0.34, "Plan Rows": 1, "Plan Width": 21, "Index Cond": "(id = mc.movie_id)", "Filter": "(production_year > 1990)"}]}, {"Node Type": "Index Scan", "Parent Relationship": "Inner", "Scan Direction": "Forward", "Index Name": "movie_id_movie_keyword", "Relation Name": "movie_keyword", "Alias": "mk", "Startup Cost": 0.0, "Total Cost": 0.46, "Plan Rows": 8, "Plan Width": 8, "Index Cond": "(movie_id = mc.movie_id)"}]}, {"Node Type": "Index Scan", "Parent Relationship": "Inner", "Scan Direction": "Forward", "Index Name": "keyword_pkey", "Relation Name": "keyword", "Alias": "k", "Startup Cost": 0.0, "Total Cost": 0.27, "Plan Rows": 1, "Plan Width": 4, "Index Cond": "(id = mk.keyword_id)"}]}]}, "Unique SQL Id": 2302223328, "Planner Runtime": 239}, "explain_analyze_plan": {"Plan": {"Node Type": "Aggregate", "Strategy": "Plain", "Startup Cost": 72521.4, "Total Cost": 72521.41, "Plan Rows": 1, "Plan Width": 102, "Actual Min Startup Time": 329.16, "Actual Max Startup Time": 329.16, "Actual Min Total Time": 329.161, "Actual Max Total Time": 329.161, "Plans": [{"Node Type": "Nested Loop", "Parent Relationship": "Outer", "Join Type": "Inner", "Startup Cost": 2.41, "Total Cost": 72486.19, "Plan Rows": 7042, "Plan Width": 38, "Actual Min Startup Time": 189.314, "Actual Max Startup Time": 189.314, "Actual Min Total Time": 326.034, "Actual Max Total Time": 326.034, "Inner Unique": true, "Plans": [{"Node Type": "Nested Loop", "Parent Relationship": "Outer", "Join Type": "Inner", "Startup Cost": 2.41, "Total Cost": 70509.63, "Plan Rows": 7042, "Plan Width": 42, "Actual Min Startup Time": 189.287, "Actual Max Startup Time": 189.287, "Actual Min Total Time": 301.97, "Actual Max Total Time": 301.97, "Inner Unique": false, "Join Filter": "(t.id = mk.movie_id)", "Rows Removed by Join Filter": 0, "Plans": [{"Node Type": "Nested Loop", "Parent Relationship": "Outer", "Join Type": "Inner", "Startup Cost": 2.41, "Total Cost": 70018.66, "Plan Rows": 873, "Plan Width": 54, "Actual Min Startup Time": 189.255, "Actual Max Startup Time": 189.255, "Actual Min Total Time": 294.673, "Actual Max Total Time": 294.673, "Inner Unique": true, "Join Filter": "(at.movie_id = t.id)", "Rows Removed by Join Filter": 0, "Plans": [{"Node Type": "Nested Loop", "Parent Relationship": "Outer", "Join Type": "Inner", "Startup Cost": 2.41, "Total Cost": 69796.57, "Plan Rows": 630, "Plan Width": 33, "Actual Min Startup Time": 189.216, "Actual Max Startup Time": 189.216, "Actual Min Total Time": 291.038, "Actual Max Total Time": 291.038, "Inner Unique": true, "Plans": [{"Node Type": "Nested Loop", "Parent Relationship": "Outer", "Join Type": "Inner", "Startup Cost": 2.41, "Total Cost": 69620.17, "Plan Rows": 630, "Plan Width": 37, "Actual Min Startup Time": 189.168, "Actual Max Startup Time": 189.168, "Actual Min Total Time": 288.938, "Actual Max Total Time": 288.938, "Inner Unique": true, "Plans": [{"Node Type": "Nested Loop", "Parent Relationship": "Outer", "Join Type": "Inner", "Startup Cost": 2.41, "Total Cost": 69317.55, "Plan Rows": 1052, "Plan Width": 41, "Actual Min Startup Time": 189.132, "Actual Max Startup Time": 189.132, "Actual Min Total Time": 273.973, "Actual Max Total Time": 273.973, "Inner Unique": false, "Plans": [{"Node Type": "Nested Loop", "Parent Relationship": "Outer", "Join Type": "Inner", "Startup Cost": 2.41, "Total Cost": 69028.47, "Plan Rows": 490, "Plan Width": 29, "Actual Min Startup Time": 189.108, "Actual Max Startup Time": 189.108, "Actual Min Total Time": 266.308, "Actual Max Total Time": 266.308, "Inner Unique": false, "Plans": [{"Node Type": "Hash Join", "Parent Relationship": "Outer", "Join Type": "Inner", "Startup Cost": 2.41, "Total Cost": 68552.78, "Plan Rows": 192, "Plan Width": 4, "Actual Min Startup Time": 188.85, "Actual Max Startup Time": 188.85, "Actual Min Total Time": 230.579, "Actual Max Total Time": 230.579, "Inner Unique": true, "Hash Cond": "(mi.info_type_id = it1.id)", "Plans": [{"Node Type": "Streaming(type: LOCAL GATHER dop: 1/64)", "Parent Relationship": "Outer", "Startup Cost": 0.0, "Total Cost": 68498.12, "Plan Rows": 13419, "Plan Width": 8, "Actual Min Startup Time": 188.619, "Actual Max Startup Time": 188.619, "Actual Min Total Time": 224.163, "Actual Max Total Time": 224.163, "Plans": [{"Node Type": "Seq Scan", "Parent Relationship": "Outer", "Relation Name": "movie_info", "Alias": "mi", "Startup Cost": 0.0, "Total Cost": 68221.29, "Plan Rows": 13419, "Plan Width": 8, "Actual Min Startup Time": 0.106, "Actual Max Startup Time": 26.486, "Actual Min Total Time": 61.261, "Actual Max Total Time": 81.185, "Filter": "((note)::text ~~ '%internet%'::text)", "Rows Removed by Filter": 14824909, "Actual Rows": 10810}], "Actual Rows": 10810}, {"Node Type": "Hash", "Parent Relationship": "Inner", "Startup Cost": 2.4, "Total Cost": 2.4, "Plan Rows": 1, "Plan Width": 4, "Actual Min Startup Time": 0.135, "Actual Max Startup Time": 0.135, "Actual Min Total Time": 0.135, "Actual Max Total Time": 0.135, "Max Hash Buckets": 32768, "Min Hash Buckets": 32768, "Max Hash Batches": 1, "Min Hash Batches": 1, "Max Original Hash Batches": 1, "Min Original Hash Batches": 1, "Max Peak Memory Usage": 1, "min Peak Memory Usage": 1, "Plans": [{"Node Type": "Seq Scan", "Parent Relationship": "Outer", "Relation Name": "info_type", "Alias": "it1", "Startup Cost": 0.0, "Total Cost": 2.4, "Plan Rows": 1, "Plan Width": 4, "Actual Min Startup Time": 0.093, "Actual Max Startup Time": 0.093, "Actual Min Total Time": 0.116, "Actual Max Total Time": 0.116, "Filter": "((info)::text = 'release dates'::text)", "Rows Removed by Filter": 111, "Actual Rows": 1}], "Actual Rows": 1}], "Actual Rows": 10679}, {"Node Type": "Index Scan", "Parent Relationship": "Inner", "Scan Direction": "Forward", "Index Name": "movie_id_aka_title", "Relation Name": "aka_title", "Alias": "at", "Startup Cost": 0.0, "Total Cost": 2.45, "Plan Rows": 3, "Plan Width": 25, "Actual Min Startup Time": 29.471, "Actual Max Startup Time": 29.471, "Actual Min Total Time": 30.181, "Actual Max Total Time": 30.181, "Index Cond": "(movie_id = mi.movie_id)", "Rows Removed by Index Recheck": 0, "Actual Rows": 591}], "Actual Rows": 591}, {"Node Type": "Index Scan", "Parent Relationship": "Inner", "Scan Direction": "Forward", "Index Name": "movie_id_movie_companies", "Relation Name": "movie_companies", "Alias": "mc", "Startup Cost": 0.0, "Total Cost": 0.57, "Plan Rows": 2, "Plan Width": 12, "Actual Min Startup Time": 4.762, "Actual Max Startup Time": 4.762, "Actual Min Total Time": 6.521, "Actual Max Total Time": 6.521, "Index Cond": "(movie_id = at.movie_id)", "Rows Removed by Index Recheck": 0, "Actual Rows": 2130}], "Actual Rows": 2130}, {"Node Type": "Index Scan", "Parent Relationship": "Inner", "Scan Direction": "Forward", "Index Name": "company_name_pkey", "Relation Name": "company_name", "Alias": "cn", "Startup Cost": 0.0, "Total Cost": 0.28, "Plan Rows": 1, "Plan Width": 4, "Actual Min Startup Time": 13.279, "Actual Max Startup Time": 13.279, "Actual Min Total Time": 13.279, "Actual Max Total Time": 13.279, "Index Cond": "(id = mc.company_id)", "Rows Removed by Index Recheck": 0, "Filter": "((country_code)::text = '[us]'::text)", "Rows Removed by Filter": 1234, "Actual Rows": 896}], "Actual Rows": 896}, {"Node Type": "Index Scan", "Parent Relationship": "Inner", "Scan Direction": "Forward", "Index Name": "company_type_pkey", "Relation Name": "company_type", "Alias": "ct", "Startup Cost": 0.0, "Total Cost": 0.27, "Plan Rows": 1, "Plan Width": 4, "Actual Min Startup Time": 1.211, "Actual Max Startup Time": 1.211, "Actual Min Total Time": 1.211, "Actual Max Total Time": 1.211, "Index Cond": "(id = mc.company_type_id)", "Rows Removed by Index Recheck": 0, "Actual Rows": 382}], "Actual Rows": 382}, {"Node Type": "Index Scan", "Parent Relationship": "Inner", "Scan Direction": "Forward", "Index Name": "title_pkey", "Relation Name": "title", "Alias": "t", "Startup Cost": 0.0, "Total Cost": 0.34, "Plan Rows": 1, "Plan Width": 21, "Actual Min Startup Time": 2.875, "Actual Max Startup Time": 2.875, "Actual Min Total Time": 2.875, "Actual Max Total Time": 2.875, "Index Cond": "(id = mc.movie_id)", "Rows Removed by Index Recheck": 0, "Filter": "(production_year > 1990)", "Rows Removed by Filter": 0, "Actual Rows": 382}], "Actual Rows": 382}, {"Node Type": "Index Scan", "Parent Relationship": "Inner", "Scan Direction": "Forward", "Index Name": "movie_id_movie_keyword", "Relation Name": "movie_keyword", "Alias": "mk", "Startup Cost": 0.0, "Total Cost": 0.46, "Plan Rows": 8, "Plan Width": 8, "Actual Min Startup Time": 3.051, "Actual Max Startup Time": 3.051, "Actual Min Total Time": 5.029, "Actual Max Total Time": 5.029, "Index Cond": "(movie_id = mc.movie_id)", "Rows Removed by Index Recheck": 0, "Actual Rows": 4371}], "Actual Rows": 4371}, {"Node Type": "Index Scan", "Parent Relationship": "Inner", "Scan Direction": "Forward", "Index Name": "keyword_pkey", "Relation Name": "keyword", "Alias": "k", "Startup Cost": 0.0, "Total Cost": 0.27, "Plan Rows": 1, "Plan Width": 4, "Actual Min Startup Time": 20.348, "Actual Max Startup Time": 20.348, "Actual Min Total Time": 20.348, "Actual Max Total Time": 20.348, "Index Cond": "(id = mk.keyword_id)", "Rows Removed by Index Recheck": 0, "Actual Rows": 4371}], "Actual Rows": 4371}], "Actual Rows": 1}, "Triggers": [], "Planner Runtime": 239, "Total Runtime": 342.126, "Unique SQL Id": 2302223328}}, "(64, 69)": {"explain_plan": {"Plan": {"Node Type": "Aggregate", "Strategy": "Plain", "Startup Cost": 167864.52, "Total Cost": 167864.53, "Plan Rows": 1, "Plan Width": 102, "Plans": [{"Node Type": "Nested Loop", "Parent Relationship": "Outer", "Join Type": "Inner", "Startup Cost": 4841.51, "Total Cost": 167829.31, "Plan Rows": 7042, "Plan Width": 38, "Inner Unique": true, "Plans": [{"Node Type": "Nested Loop", "Parent Relationship": "Outer", "Join Type": "Inner", "Startup Cost": 4841.51, "Total Cost": 165852.74, "Plan Rows": 7042, "Plan Width": 42, "Inner Unique": false, "Join Filter": "(t.id = mk.movie_id)", "Plans": [{"Node Type": "Nested Loop", "Parent Relationship": "Outer", "Join Type": "Inner", "Startup Cost": 4841.51, "Total Cost": 165361.77, "Plan Rows": 873, "Plan Width": 54, "Inner Unique": true, "Join Filter": "(at.movie_id = t.id)", "Plans": [{"Node Type": "Nested Loop", "Parent Relationship": "Outer", "Join Type": "Inner", "Startup Cost": 4841.51, "Total Cost": 165139.68, "Plan Rows": 630, "Plan Width": 33, "Inner Unique": true, "Plans": [{"Node Type": "Nested Loop", "Parent Relationship": "Outer", "Join Type": "Inner", "Startup Cost": 4841.51, "Total Cost": 164963.28, "Plan Rows": 630, "Plan Width": 37, "Inner Unique": true, "Plans": [{"Node Type": "Nested Loop", "Parent Relationship": "Outer", "Join Type": "Inner", "Startup Cost": 4841.51, "Total Cost": 164660.66, "Plan Rows": 1052, "Plan Width": 41, "Inner Unique": false, "Plans": [{"Node Type": "Nested Loop", "Parent Relationship": "Outer", "Join Type": "Inner", "Startup Cost": 4841.51, "Total Cost": 164371.58, "Plan Rows": 490, "Plan Width": 29, "Inner Unique": false, "Plans": [{"Node Type": "Nested Loop", "Parent Relationship": "Outer", "Join Type": "Inner", "Startup Cost": 4841.51, "Total Cost": 163895.89, "Plan Rows": 192, "Plan Width": 4, "Inner Unique": false, "Plans": [{"Node Type": "Index Scan", "Parent Relationship": "Outer", "Scan Direction": "Forward", "Index Name": "info_type_pkey", "Relation Name": "info_type", "Alias": "it1", "Startup Cost": 0.0, "Total Cost": 14.21, "Plan Rows": 1, "Plan Width": 4, "Filter": "((info)::text = 'release dates'::text)"}, {"Node Type": "Bitmap Heap Scan", "Parent Relationship": "Inner", "Relation Name": "movie_info", "Alias": "mi", "Startup Cost": 4841.51, "Total Cost": 163879.76, "Plan Rows": 192, "Plan Width": 8, "Recheck Cond": "(info_type_id = it1.id)", "Filter": "((note)::text ~~ '%internet%'::text)", "Plans": [{"Node Type": "Bitmap Index Scan", "Parent Relationship": "Outer", "Index Name": "info_type_id_movie_info", "Startup Cost": 0.0, "Total Cost": 4841.46, "Plan Rows": 212428, "Plan Width": 0, "Index Cond": "(info_type_id = it1.id)"}]}]}, {"Node Type": "Index Scan", "Parent Relationship": "Inner", "Scan Direction": "Forward", "Index Name": "movie_id_aka_title", "Relation Name": "aka_title", "Alias": "at", "Startup Cost": 0.0, "Total Cost": 2.45, "Plan Rows": 3, "Plan Width": 25, "Index Cond": "(movie_id = mi.movie_id)"}]}, {"Node Type": "Index Scan", "Parent Relationship": "Inner", "Scan Direction": "Forward", "Index Name": "movie_id_movie_companies", "Relation Name": "movie_companies", "Alias": "mc", "Startup Cost": 0.0, "Total Cost": 0.57, "Plan Rows": 2, "Plan Width": 12, "Index Cond": "(movie_id = at.movie_id)"}]}, {"Node Type": "Index Scan", "Parent Relationship": "Inner", "Scan Direction": "Forward", "Index Name": "company_name_pkey", "Relation Name": "company_name", "Alias": "cn", "Startup Cost": 0.0, "Total Cost": 0.28, "Plan Rows": 1, "Plan Width": 4, "Index Cond": "(id = mc.company_id)", "Filter": "((country_code)::text = '[us]'::text)"}]}, {"Node Type": "Index Scan", "Parent Relationship": "Inner", "Scan Direction": "Forward", "Index Name": "company_type_pkey", "Relation Name": "company_type", "Alias": "ct", "Startup Cost": 0.0, "Total Cost": 0.27, "Plan Rows": 1, "Plan Width": 4, "Index Cond": "(id = mc.company_type_id)"}]}, {"Node Type": "Index Scan", "Parent Relationship": "Inner", "Scan Direction": "Forward", "Index Name": "title_pkey", "Relation Name": "title", "Alias": "t", "Startup Cost": 0.0, "Total Cost": 0.34, "Plan Rows": 1, "Plan Width": 21, "Index Cond": "(id = mc.movie_id)", "Filter": "(production_year > 1990)"}]}, {"Node Type": "Index Scan", "Parent Relationship": "Inner", "Scan Direction": "Forward", "Index Name": "movie_id_movie_keyword", "Relation Name": "movie_keyword", "Alias": "mk", "Startup Cost": 0.0, "Total Cost": 0.46, "Plan Rows": 8, "Plan Width": 8, "Index Cond": "(movie_id = mc.movie_id)"}]}, {"Node Type": "Index Scan", "Parent Relationship": "Inner", "Scan Direction": "Forward", "Index Name": "keyword_pkey", "Relation Name": "keyword", "Alias": "k", "Startup Cost": 0.0, "Total Cost": 0.27, "Plan Rows": 1, "Plan Width": 4, "Index Cond": "(id = mk.keyword_id)"}]}]}, "Unique SQL Id": 2302223328, "Planner Runtime": 188}, "explain_analyze_plan": null}, "(64, 70)": {"explain_plan": {"Plan": {"Node Type": "Aggregate", "Strategy": "Plain", "Startup Cost": 83361.96, "Total Cost": 83361.97, "Plan Rows": 1, "Plan Width": 102, "Plans": [{"Node Type": "Hash Join", "Parent Relationship": "Outer", "Join Type": "Inner", "Startup Cost": 3785.02, "Total Cost": 83326.75, "Plan Rows": 7042, "Plan Width": 38, "Inner Unique": true, "Hash Cond": "(mk.keyword_id = k.id)", "Plans": [{"Node Type": "Nested Loop", "Parent Relationship": "Outer", "Join Type": "Inner", "Startup Cost": 7.21, "Total Cost": 79453.51, "Plan Rows": 7042, "Plan Width": 42, "Inner Unique": false, "Join Filter": "(t.id = mk.movie_id)", "Plans": [{"Node Type": "Nested Loop", "Parent Relationship": "Outer", "Join Type": "Inner", "Startup Cost": 6.88, "Total Cost": 75491.81, "Plan Rows": 873, "Plan Width": 54, "Inner Unique": false, "Join Filter": "(t.id = at.movie_id)", "Plans": [{"Node Type": "Hash Join", "Parent Relationship": "Outer", "Join Type": "Inner", "Startup Cost": 6.6, "Total Cost": 73412.69, "Plan Rows": 478, "Plan Width": 29, "Inner Unique": true, "Hash Cond": "(mc.company_type_id = ct.id)", "Plans": [{"Node Type": "Nested Loop", "Parent Relationship": "Outer", "Join Type": "Inner", "Startup Cost": 5.53, "Total Cost": 73405.64, "Plan Rows": 478, "Plan Width": 33, "Inner Unique": true, "Plans": [{"Node Type": "Nested Loop", "Parent Relationship": "Outer", "Join Type": "Inner", "Startup Cost": 5.28, "Total Cost": 70972.69, "Plan Rows": 568, "Plan Width": 37, "Inner Unique": false, "Plans": [{"Node Type": "Nested Loop", "Parent Relationship": "Outer", "Join Type": "Inner", "Startup Cost": 4.99, "Total Cost": 69820.27, "Plan Rows": 266, "Plan Width": 25, "Inner Unique": true, "Plans": [{"Node Type": "Hash Join", "Parent Relationship": "Outer", "Join Type": "Inner", "Startup Cost": 2.41, "Total Cost": 68552.78, "Plan Rows": 192, "Plan Width": 4, "Inner Unique": true, "Hash Cond": "(mi.info_type_id = it1.id)", "Plans": [{"Node Type": "Streaming(type: LOCAL GATHER dop: 1/64)", "Parent Relationship": "Outer", "Startup Cost": 0.0, "Total Cost": 68498.12, "Plan Rows": 13419, "Plan Width": 8, "Plans": [{"Node Type": "Seq Scan", "Parent Relationship": "Outer", "Relation Name": "movie_info", "Alias": "mi", "Startup Cost": 0.0, "Total Cost": 68221.29, "Plan Rows": 13419, "Plan Width": 8, "Filter": "((note)::text ~~ '%internet%'::text)"}]}, {"Node Type": "Hash", "Parent Relationship": "Inner", "Startup Cost": 2.4, "Total Cost": 2.4, "Plan Rows": 1, "Plan Width": 4, "Plans": [{"Node Type": "Seq Scan", "Parent Relationship": "Outer", "Relation Name": "info_type", "Alias": "it1", "Startup Cost": 0.0, "Total Cost": 2.4, "Plan Rows": 1, "Plan Width": 4, "Filter": "((info)::text = 'release dates'::text)"}]}]}, {"Node Type": "Bitmap Heap Scan", "Parent Relationship": "Inner", "Relation Name": "title", "Alias": "t", "Startup Cost": 2.58, "Total Cost": 6.59, "Plan Rows": 1, "Plan Width": 21, "Recheck Cond": "(id = mi.movie_id)", "Filter": "(production_year > 1990)", "Plans": [{"Node Type": "Bitmap Index Scan", "Parent Relationship": "Outer", "Index Name": "title_pkey", "Startup Cost": 0.0, "Total Cost": 2.58, "Plan Rows": 1, "Plan Width": 0, "Index Cond": "(id = mi.movie_id)"}]}]}, {"Node Type": "Bitmap Heap Scan", "Parent Relationship": "Inner", "Relation Name": "movie_companies", "Alias": "mc", "Startup Cost": 0.29, "Total Cost": 4.31, "Plan Rows": 2, "Plan Width": 12, "Recheck Cond": "(movie_id = t.id)", "Plans": [{"Node Type": "Bitmap Index Scan", "Parent Relationship": "Outer", "Index Name": "movie_id_movie_companies", "Startup Cost": 0.0, "Total Cost": 0.29, "Plan Rows": 2, "Plan Width": 0, "Index Cond": "(movie_id = t.id)"}]}]}, {"Node Type": "Bitmap Heap Scan", "Parent Relationship": "Inner", "Relation Name": "company_name", "Alias": "cn", "Startup Cost": 0.26, "Total Cost": 4.27, "Plan Rows": 1, "Plan Width": 4, "Recheck Cond": "(id = mc.company_id)", "Filter": "((country_code)::text = '[us]'::text)", "Plans": [{"Node Type": "Bitmap Index Scan", "Parent Relationship": "Outer", "Index Name": "company_name_pkey", "Startup Cost": 0.0, "Total Cost": 0.26, "Plan Rows": 1, "Plan Width": 0, "Index Cond": "(id = mc.company_id)"}]}]}, {"Node Type": "Hash", "Parent Relationship": "Inner", "Startup Cost": 1.03, "Total Cost": 1.03, "Plan Rows": 3, "Plan Width": 4, "Plans": [{"Node Type": "Seq Scan", "Parent Relationship": "Outer", "Relation Name": "company_type", "Alias": "ct", "Startup Cost": 0.0, "Total Cost": 1.03, "Plan Rows": 3, "Plan Width": 4}]}]}, {"Node Type": "Bitmap Heap Scan", "Parent Relationship": "Inner", "Relation Name": "aka_title", "Alias": "at", "Startup Cost": 0.27, "Total Cost": 4.31, "Plan Rows": 3, "Plan Width": 25, "Recheck Cond": "(movie_id = mc.movie_id)", "Plans": [{"Node Type": "Bitmap Index Scan", "Parent Relationship": "Outer", "Index Name": "movie_id_aka_title", "Startup Cost": 0.0, "Total Cost": 0.27, "Plan Rows": 3, "Plan Width": 0, "Index Cond": "(movie_id = mc.movie_id)"}]}]}, {"Node Type": "Bitmap Heap Scan", "Parent Relationship": "Inner", "Relation Name": "movie_keyword", "Alias": "mk", "Startup Cost": 0.34, "Total Cost": 4.44, "Plan Rows": 8, "Plan Width": 8, "Recheck Cond": "(movie_id = mc.movie_id)", "Plans": [{"Node Type": "Bitmap Index Scan", "Parent Relationship": "Outer", "Index Name": "movie_id_movie_keyword", "Startup Cost": 0.0, "Total Cost": 0.34, "Plan Rows": 8, "Plan Width": 0, "Index Cond": "(movie_id = mc.movie_id)"}]}]}, {"Node Type": "Hash", "Parent Relationship": "Inner", "Startup Cost": 2100.69, "Total Cost": 2100.69, "Plan Rows": 134169, "Plan Width": 4, "Plans": [{"Node Type": "Seq Scan", "Parent Relationship": "Outer", "Relation Name": "keyword", "Alias": "k", "Startup Cost": 0.0, "Total Cost": 2100.69, "Plan Rows": 134169, "Plan Width": 4}]}]}]}, "Unique SQL Id": 2302223328, "Planner Runtime": 264}, "explain_analyze_plan": {"Plan": {"Node Type": "Aggregate", "Strategy": "Plain", "Startup Cost": 83361.96, "Total Cost": 83361.97, "Plan Rows": 1, "Plan Width": 102, "Actual Min Startup Time": 529.481, "Actual Max Startup Time": 529.481, "Actual Min Total Time": 529.481, "Actual Max Total Time": 529.481, "Plans": [{"Node Type": "Hash Join", "Parent Relationship": "Outer", "Join Type": "Inner", "Startup Cost": 3785.02, "Total Cost": 83326.75, "Plan Rows": 7042, "Plan Width": 38, "Actual Min Startup Time": 74.777, "Actual Max Startup Time": 74.777, "Actual Min Total Time": 526.921, "Actual Max Total Time": 526.921, "Inner Unique": true, "Hash Cond": "(mk.keyword_id = k.id)", "Plans": [{"Node Type": "Nested Loop", "Parent Relationship": "Outer", "Join Type": "Inner", "Startup Cost": 7.21, "Total Cost": 79453.51, "Plan Rows": 7042, "Plan Width": 42, "Actual Min Startup Time": 0.638, "Actual Max Startup Time": 0.638, "Actual Min Total Time": 450.507, "Actual Max Total Time": 450.507, "Inner Unique": false, "Join Filter": "(t.id = mk.movie_id)", "Rows Removed by Join Filter": 0, "Plans": [{"Node Type": "Nested Loop", "Parent Relationship": "Outer", "Join Type": "Inner", "Startup Cost": 6.88, "Total Cost": 75491.81, "Plan Rows": 873, "Plan Width": 54, "Actual Min Startup Time": 0.606, "Actual Max Startup Time": 0.606, "Actual Min Total Time": 444.032, "Actual Max Total Time": 444.032, "Inner Unique": false, "Join Filter": "(t.id = at.movie_id)", "Rows Removed by Join Filter": 0, "Plans": [{"Node Type": "Hash Join", "Parent Relationship": "Outer", "Join Type": "Inner", "Startup Cost": 6.6, "Total Cost": 73412.69, "Plan Rows": 478, "Plan Width": 29, "Actual Min Startup Time": 0.505, "Actual Max Startup Time": 0.505, "Actual Min Total Time": 413.846, "Actual Max Total Time": 413.846, "Inner Unique": true, "Hash Cond": "(mc.company_type_id = ct.id)", "Plans": [{"Node Type": "Nested Loop", "Parent Relationship": "Outer", "Join Type": "Inner", "Startup Cost": 5.53, "Total Cost": 73405.64, "Plan Rows": 478, "Plan Width": 33, "Actual Min Startup Time": 0.4, "Actual Max Startup Time": 0.4, "Actual Min Total Time": 409.302, "Actual Max Total Time": 409.302, "Inner Unique": true, "Plans": [{"Node Type": "Nested Loop", "Parent Relationship": "Outer", "Join Type": "Inner", "Startup Cost": 5.28, "Total Cost": 70972.69, "Plan Rows": 568, "Plan Width": 37, "Actual Min Startup Time": 0.367, "Actual Max Startup Time": 0.367, "Actual Min Total Time": 296.388, "Actual Max Total Time": 296.388, "Inner Unique": false, "Plans": [{"Node Type": "Nested Loop", "Parent Relationship": "Outer", "Join Type": "Inner", "Startup Cost": 4.99, "Total Cost": 69820.27, "Plan Rows": 266, "Plan Width": 25, "Actual Min Startup Time": 0.33, "Actual Max Startup Time": 0.33, "Actual Min Total Time": 194.628, "Actual Max Total Time": 194.628, "Inner Unique": true, "Plans": [{"Node Type": "Hash Join", "Parent Relationship": "Outer", "Join Type": "Inner", "Startup Cost": 2.41, "Total Cost": 68552.78, "Plan Rows": 192, "Plan Width": 4, "Actual Min Startup Time": 0.258, "Actual Max Startup Time": 0.258, "Actual Min Total Time": 97.5, "Actual Max Total Time": 97.5, "Inner Unique": true, "Hash Cond": "(mi.info_type_id = it1.id)", "Plans": [{"Node Type": "Streaming(type: LOCAL GATHER dop: 1/64)", "Parent Relationship": "Outer", "Startup Cost": 0.0, "Total Cost": 68498.12, "Plan Rows": 13419, "Plan Width": 8, "Actual Min Startup Time": 0.131, "Actual Max Startup Time": 0.131, "Actual Min Total Time": 90.715, "Actual Max Total Time": 90.715, "Plans": [{"Node Type": "Seq Scan", "Parent Relationship": "Outer", "Relation Name": "movie_info", "Alias": "mi", "Startup Cost": 0.0, "Total Cost": 68221.29, "Plan Rows": 13419, "Plan Width": 8, "Actual Min Startup Time": 0.115, "Actual Max Startup Time": 23.158, "Actual Min Total Time": 60.934, "Actual Max Total Time": 74.447, "Filter": "((note)::text ~~ '%internet%'::text)", "Rows Removed by Filter": 14824909, "Actual Rows": 10810}], "Actual Rows": 10810}, {"Node Type": "Hash", "Parent Relationship": "Inner", "Startup Cost": 2.4, "Total Cost": 2.4, "Plan Rows": 1, "Plan Width": 4, "Actual Min Startup Time": 0.079, "Actual Max Startup Time": 0.079, "Actual Min Total Time": 0.079, "Actual Max Total Time": 0.079, "Max Hash Buckets": 32768, "Min Hash Buckets": 32768, "Max Hash Batches": 1, "Min Hash Batches": 1, "Max Original Hash Batches": 1, "Min Original Hash Batches": 1, "Max Peak Memory Usage": 1, "min Peak Memory Usage": 1, "Plans": [{"Node Type": "Seq Scan", "Parent Relationship": "Outer", "Relation Name": "info_type", "Alias": "it1", "Startup Cost": 0.0, "Total Cost": 2.4, "Plan Rows": 1, "Plan Width": 4, "Actual Min Startup Time": 0.056, "Actual Max Startup Time": 0.056, "Actual Min Total Time": 0.076, "Actual Max Total Time": 0.076, "Filter": "((info)::text = 'release dates'::text)", "Rows Removed by Filter": 111, "Actual Rows": 1}], "Actual Rows": 1}], "Actual Rows": 10679}, {"Node Type": "Bitmap Heap Scan", "Parent Relationship": "Inner", "Relation Name": "title", "Alias": "t", "Startup Cost": 2.58, "Total Cost": 6.59, "Plan Rows": 1, "Plan Width": 21, "Actual Min Startup Time": 82.276, "Actual Max Startup Time": 82.276, "Actual Min Total Time": 82.276, "Actual Max Total Time": 82.276, "Recheck Cond": "(id = mi.movie_id)", "Rows Removed by Index Recheck": 0, "Filter": "(production_year > 1990)", "Rows Removed by Filter": 17, "Exact Heap Blocks": 10679, "Lossy Heap Blocks": 10679, "Plans": [{"Node Type": "Bitmap Index Scan", "Parent Relationship": "Outer", "Index Name": "title_pkey", "Startup Cost": 0.0, "Total Cost": 2.58, "Plan Rows": 1, "Plan Width": 0, "Actual Min Startup Time": 41.376, "Actual Max Startup Time": 41.376, "Actual Min Total Time": 41.376, "Actual Max Total Time": 41.376, "Index Cond": "(id = mi.movie_id)", "Actual Rows": 10679}], "Actual Rows": 10662}], "Actual Rows": 10662}, {"Node Type": "Bitmap Heap Scan", "Parent Relationship": "Inner", "Relation Name": "movie_companies", "Alias": "mc", "Startup Cost": 0.29, "Total Cost": 4.31, "Plan Rows": 2, "Plan Width": 12, "Actual Min Startup Time": 74.404, "Actual Max Startup Time": 74.404, "Actual Min Total Time": 84.517, "Actual Max Total Time": 84.517, "Recheck Cond": "(movie_id = t.id)", "Rows Removed by Index Recheck": 0, "Exact Heap Blocks": 11694, "Lossy Heap Blocks": 11694, "Plans": [{"Node Type": "Bitmap Index Scan", "Parent Relationship": "Outer", "Index Name": "movie_id_movie_companies", "Startup Cost": 0.0, "Total Cost": 0.29, "Plan Rows": 2, "Plan Width": 0, "Actual Min Startup Time": 47.292, "Actual Max Startup Time": 47.292, "Actual Min Total Time": 47.292, "Actual Max Total Time": 47.292, "Index Cond": "(movie_id = t.id)", "Actual Rows": 14377}], "Actual Rows": 14377}], "Actual Rows": 14377}, {"Node Type": "Bitmap Heap Scan", "Parent Relationship": "Inner", "Relation Name": "company_name", "Alias": "cn", "Startup Cost": 0.26, "Total Cost": 4.27, "Plan Rows": 1, "Plan Width": 4, "Actual Min Startup Time": 94.536, "Actual Max Startup Time": 94.536, "Actual Min Total Time": 94.536, "Actual Max Total Time": 94.536, "Recheck Cond": "(id = mc.company_id)", "Rows Removed by Index Recheck": 0, "Filter": "((country_code)::text = '[us]'::text)", "Rows Removed by Filter": 4520, "Exact Heap Blocks": 14377, "Lossy Heap Blocks": 14377, "Plans": [{"Node Type": "Bitmap Index Scan", "Parent Relationship": "Outer", "Index Name": "company_name_pkey", "Startup Cost": 0.0, "Total Cost": 0.26, "Plan Rows": 1, "Plan Width": 0, "Actual Min Startup Time": 50.828, "Actual Max Startup Time": 50.828, "Actual Min Total Time": 50.828, "Actual Max Total Time": 50.828, "Index Cond": "(id = mc.company_id)", "Actual Rows": 14377}], "Actual Rows": 9857}], "Actual Rows": 9857}, {"Node Type": "Hash", "Parent Relationship": "Inner", "Startup Cost": 1.03, "Total Cost": 1.03, "Plan Rows": 3, "Plan Width": 4, "Actual Min Startup Time": 0.023, "Actual Max Startup Time": 0.023, "Actual Min Total Time": 0.023, "Actual Max Total Time": 0.023, "Max Hash Buckets": 32768, "Min Hash Buckets": 32768, "Max Hash Batches": 1, "Min Hash Batches": 1, "Max Original Hash Batches": 1, "Min Original Hash Batches": 1, "Max Peak Memory Usage": 1, "min Peak Memory Usage": 1, "Plans": [{"Node Type": "Seq Scan", "Parent Relationship": "Outer", "Relation Name": "company_type", "Alias": "ct", "Startup Cost": 0.0, "Total Cost": 1.03, "Plan Rows": 3, "Plan Width": 4, "Actual Min Startup Time": 0.01, "Actual Max Startup Time": 0.01, "Actual Min Total Time": 0.011, "Actual Max Total Time": 0.011, "Actual Rows": 3}], "Actual Rows": 3}], "Actual Rows": 5914}, {"Node Type": "Bitmap Heap Scan", "Parent Relationship": "Inner", "Relation Name": "aka_title", "Alias": "at", "Startup Cost": 0.27, "Total Cost": 4.31, "Plan Rows": 3, "Plan Width": 25, "Actual Min Startup Time": 22.155, "Actual Max Startup Time": 22.155, "Actual Min Total Time": 22.408, "Actual Max Total Time": 22.408, "Recheck Cond": "(movie_id = mc.movie_id)", "Rows Removed by Index Recheck": 0, "Exact Heap Blocks": 382, "Lossy Heap Blocks": 382, "Plans": [{"Node Type": "Bitmap Index Scan", "Parent Relationship": "Outer", "Index Name": "movie_id_aka_title", "Startup Cost": 0.0, "Total Cost": 0.27, "Plan Rows": 3, "Plan Width": 0, "Actual Min Startup Time": 18.142, "Actual Max Startup Time": 18.142, "Actual Min Total Time": 18.142, "Actual Max Total Time": 18.142, "Index Cond": "(movie_id = mc.movie_id)", "Actual Rows": 382}], "Actual Rows": 382}], "Actual Rows": 382}, {"Node Type": "Bitmap Heap Scan", "Parent Relationship": "Inner", "Relation Name": "movie_keyword", "Alias": "mk", "Startup Cost": 0.34, "Total Cost": 4.44, "Plan Rows": 8, "Plan Width": 8, "Actual Min Startup Time": 3.839, "Actual Max Startup Time": 3.839, "Actual Min Total Time": 4.438, "Actual Max Total Time": 4.438, "Recheck Cond": "(movie_id = mc.movie_id)", "Rows Removed by Index Recheck": 0, "Exact Heap Blocks": 276, "Lossy Heap Blocks": 276, "Plans": [{"Node Type": "Bitmap Index Scan", "Parent Relationship": "Outer", "Index Name": "movie_id_movie_keyword", "Startup Cost": 0.0, "Total Cost": 0.34, "Plan Rows": 8, "Plan Width": 0, "Actual Min Startup Time": 2.439, "Actual Max Startup Time": 2.439, "Actual Min Total Time": 2.439, "Actual Max Total Time": 2.439, "Index Cond": "(movie_id = mc.movie_id)", "Actual Rows": 4371}], "Actual Rows": 4371}], "Actual Rows": 4371}, {"Node Type": "Hash", "Parent Relationship": "Inner", "Startup Cost": 2100.69, "Total Cost": 2100.69, "Plan Rows": 134169, "Plan Width": 4, "Actual Min Startup Time": 73.887, "Actual Max Startup Time": 73.887, "Actual Min Total Time": 73.887, "Actual Max Total Time": 73.887, "Max Hash Buckets": 262144, "Min Hash Buckets": 262144, "Max Hash Batches": 1, "Min Hash Batches": 1, "Max Original Hash Batches": 1, "Min Original Hash Batches": 1, "Max Peak Memory Usage": 4717, "min Peak Memory Usage": 4717, "Plans": [{"Node Type": "Seq Scan", "Parent Relationship": "Outer", "Relation Name": "keyword", "Alias": "k", "Startup Cost": 0.0, "Total Cost": 2100.69, "Plan Rows": 134169, "Plan Width": 4, "Actual Min Startup Time": 0.082, "Actual Max Startup Time": 0.082, "Actual Min Total Time": 38.634, "Actual Max Total Time": 38.634, "Actual Rows": 134169}], "Actual Rows": 134169}], "Actual Rows": 4371}], "Actual Rows": 1}, "Triggers": [], "Planner Runtime": 264, "Total Runtime": 544.23, "Unique SQL Id": 2302223328}}, "(64, 71)": {"explain_plan": {"Plan": {"Node Type": "Aggregate", "Strategy": "Plain", "Startup Cost": 179468.98, "Total Cost": 179468.99, "Plan Rows": 1, "Plan Width": 102, "Plans": [{"Node Type": "Hash Join", "Parent Relationship": "Outer", "Join Type": "Inner", "Startup Cost": 9396.83, "Total Cost": 179433.77, "Plan Rows": 7042, "Plan Width": 38, "Inner Unique": true, "Hash Cond": "(mk.keyword_id = k.id)", "Plans": [{"Node Type": "Nested Loop", "Parent Relationship": "Outer", "Join Type": "Inner", "Startup Cost": 4866.39, "Total Cost": 174807.89, "Plan Rows": 7042, "Plan Width": 42, "Inner Unique": false, "Join Filter": "(t.id = mk.movie_id)", "Plans": [{"Node Type": "Nested Loop", "Parent Relationship": "Outer", "Join Type": "Inner", "Startup Cost": 4866.05, "Total Cost": 170846.19, "Plan Rows": 873, "Plan Width": 54, "Inner Unique": false, "Join Filter": "(t.id = at.movie_id)", "Plans": [{"Node Type": "Hash Join", "Parent Relationship": "Outer", "Join Type": "Inner", "Startup Cost": 4865.77, "Total Cost": 168767.07, "Plan Rows": 478, "Plan Width": 29, "Inner Unique": true, "Hash Cond": "(mc.company_type_id = ct.id)", "Plans": [{"Node Type": "Nested Loop", "Parent Relationship": "Outer", "Join Type": "Inner", "Startup Cost": 4853.44, "Total Cost": 168748.76, "Plan Rows": 478, "Plan Width": 33, "Inner Unique": true, "Plans": [{"Node Type": "Nested Loop", "Parent Relationship": "Outer", "Join Type": "Inner", "Startup Cost": 4853.18, "Total Cost": 166315.81, "Plan Rows": 568, "Plan Width": 37, "Inner Unique": false, "Plans": [{"Node Type": "Nested Loop", "Parent Relationship": "Outer", "Join Type": "Inner", "Startup Cost": 4852.89, "Total Cost": 165163.39, "Plan Rows": 266, "Plan Width": 25, "Inner Unique": true, "Plans": [{"Node Type": "Nested Loop", "Parent Relationship": "Outer", "Join Type": "Inner", "Startup Cost": 4850.32, "Total Cost": 163895.89, "Plan Rows": 192, "Plan Width": 4, "Inner Unique": false, "Plans": [{"Node Type": "Bitmap Heap Scan", "Parent Relationship": "Outer", "Relation Name": "info_type", "Alias": "it1", "Startup Cost": 8.81, "Total Cost": 14.21, "Plan Rows": 1, "Plan Width": 4, "Filter": "((info)::text = 'release dates'::text)", "Plans": [{"Node Type": "Bitmap Index Scan", "Parent Relationship": "Outer", "Index Name": "info_type_pkey", "Startup Cost": 0.0, "Total Cost": 8.81, "Plan Rows": 112, "Plan Width": 0}]}, {"Node Type": "Bitmap Heap Scan", "Parent Relationship": "Inner", "Relation Name": "movie_info", "Alias": "mi", "Startup Cost": 4841.51, "Total Cost": 163879.76, "Plan Rows": 192, "Plan Width": 8, "Recheck Cond": "(info_type_id = it1.id)", "Filter": "((note)::text ~~ '%internet%'::text)", "Plans": [{"Node Type": "Bitmap Index Scan", "Parent Relationship": "Outer", "Index Name": "info_type_id_movie_info", "Startup Cost": 0.0, "Total Cost": 4841.46, "Plan Rows": 212428, "Plan Width": 0, "Index Cond": "(info_type_id = it1.id)"}]}]}, {"Node Type": "Bitmap Heap Scan", "Parent Relationship": "Inner", "Relation Name": "title", "Alias": "t", "Startup Cost": 2.58, "Total Cost": 6.59, "Plan Rows": 1, "Plan Width": 21, "Recheck Cond": "(id = mi.movie_id)", "Filter": "(production_year > 1990)", "Plans": [{"Node Type": "Bitmap Index Scan", "Parent Relationship": "Outer", "Index Name": "title_pkey", "Startup Cost": 0.0, "Total Cost": 2.58, "Plan Rows": 1, "Plan Width": 0, "Index Cond": "(id = mi.movie_id)"}]}]}, {"Node Type": "Bitmap Heap Scan", "Parent Relationship": "Inner", "Relation Name": "movie_companies", "Alias": "mc", "Startup Cost": 0.29, "Total Cost": 4.31, "Plan Rows": 2, "Plan Width": 12, "Recheck Cond": "(movie_id = t.id)", "Plans": [{"Node Type": "Bitmap Index Scan", "Parent Relationship": "Outer", "Index Name": "movie_id_movie_companies", "Startup Cost": 0.0, "Total Cost": 0.29, "Plan Rows": 2, "Plan Width": 0, "Index Cond": "(movie_id = t.id)"}]}]}, {"Node Type": "Bitmap Heap Scan", "Parent Relationship": "Inner", "Relation Name": "company_name", "Alias": "cn", "Startup Cost": 0.26, "Total Cost": 4.27, "Plan Rows": 1, "Plan Width": 4, "Recheck Cond": "(id = mc.company_id)", "Filter": "((country_code)::text = '[us]'::text)", "Plans": [{"Node Type": "Bitmap Index Scan", "Parent Relationship": "Outer", "Index Name": "company_name_pkey", "Startup Cost": 0.0, "Total Cost": 0.26, "Plan Rows": 1, "Plan Width": 0, "Index Cond": "(id = mc.company_id)"}]}]}, {"Node Type": "Hash", "Parent Relationship": "Inner", "Startup Cost": 12.3, "Total Cost": 12.3, "Plan Rows": 3, "Plan Width": 4, "Plans": [{"Node Type": "Bitmap Heap Scan", "Parent Relationship": "Outer", "Relation Name": "company_type", "Alias": "ct", "Startup Cost": 8.27, "Total Cost": 12.3, "Plan Rows": 3, "Plan Width": 4, "Plans": [{"Node Type": "Bitmap Index Scan", "Parent Relationship": "Outer", "Index Name": "company_type_pkey", "Startup Cost": 0.0, "Total Cost": 8.27, "Plan Rows": 3, "Plan Width": 0}]}]}]}, {"Node Type": "Bitmap Heap Scan", "Parent Relationship": "Inner", "Relation Name": "aka_title", "Alias": "at", "Startup Cost": 0.27, "Total Cost": 4.31, "Plan Rows": 3, "Plan Width": 25, "Recheck Cond": "(movie_id = mc.movie_id)", "Plans": [{"Node Type": "Bitmap Index Scan", "Parent Relationship": "Outer", "Index Name": "movie_id_aka_title", "Startup Cost": 0.0, "Total Cost": 0.27, "Plan Rows": 3, "Plan Width": 0, "Index Cond": "(movie_id = mc.movie_id)"}]}]}, {"Node Type": "Bitmap Heap Scan", "Parent Relationship": "Inner", "Relation Name": "movie_keyword", "Alias": "mk", "Startup Cost": 0.34, "Total Cost": 4.44, "Plan Rows": 8, "Plan Width": 8, "Recheck Cond": "(movie_id = mc.movie_id)", "Plans": [{"Node Type": "Bitmap Index Scan", "Parent Relationship": "Outer", "Index Name": "movie_id_movie_keyword", "Startup Cost": 0.0, "Total Cost": 0.34, "Plan Rows": 8, "Plan Width": 0, "Index Cond": "(movie_id = mc.movie_id)"}]}]}, {"Node Type": "Hash", "Parent Relationship": "Inner", "Startup Cost": 2853.33, "Total Cost": 2853.33, "Plan Rows": 134169, "Plan Width": 4, "Plans": [{"Node Type": "Bitmap Heap Scan", "Parent Relationship": "Outer", "Relation Name": "keyword", "Alias": "k", "Startup Cost": 752.64, "Total Cost": 2853.33, "Plan Rows": 134169, "Plan Width": 4, "Plans": [{"Node Type": "Bitmap Index Scan", "Parent Relationship": "Outer", "Index Name": "keyword_pkey", "Startup Cost": 0.0, "Total Cost": 719.1, "Plan Rows": 134169, "Plan Width": 0}]}]}]}]}, "Unique SQL Id": 2302223328, "Planner Runtime": 213}, "explain_analyze_plan": null}, "(64, 72)": {"explain_plan": {"Plan": {"Node Type": "Aggregate", "Strategy": "Plain", "Startup Cost": 72516.67, "Total Cost": 72516.68, "Plan Rows": 1, "Plan Width": 102, "Plans": [{"Node Type": "Nested Loop", "Parent Relationship": "Outer", "Join Type": "Inner", "Startup Cost": 2.41, "Total Cost": 72481.46, "Plan Rows": 7042, "Plan Width": 38, "Inner Unique": true, "Plans": [{"Node Type": "Nested Loop", "Parent Relationship": "Outer", "Join Type": "Inner", "Startup Cost": 2.41, "Total Cost": 70509.63, "Plan Rows": 7042, "Plan Width": 42, "Inner Unique": false, "Join Filter": "(t.id = mk.movie_id)", "Plans": [{"Node Type": "Nested Loop", "Parent Relationship": "Outer", "Join Type": "Inner", "Startup Cost": 2.41, "Total Cost": 70018.65, "Plan Rows": 873, "Plan Width": 54, "Inner Unique": true, "Join Filter": "(at.movie_id = t.id)", "Plans": [{"Node Type": "Nested Loop", "Parent Relationship": "Outer", "Join Type": "Inner", "Startup Cost": 2.41, "Total Cost": 69796.57, "Plan Rows": 630, "Plan Width": 33, "Inner Unique": true, "Plans": [{"Node Type": "Nested Loop", "Parent Relationship": "Outer", "Join Type": "Inner", "Startup Cost": 2.41, "Total Cost": 69620.17, "Plan Rows": 630, "Plan Width": 37, "Inner Unique": true, "Plans": [{"Node Type": "Nested Loop", "Parent Relationship": "Outer", "Join Type": "Inner", "Startup Cost": 2.41, "Total Cost": 69317.55, "Plan Rows": 1052, "Plan Width": 41, "Inner Unique": false, "Plans": [{"Node Type": "Nested Loop", "Parent Relationship": "Outer", "Join Type": "Inner", "Startup Cost": 2.41, "Total Cost": 69028.47, "Plan Rows": 490, "Plan Width": 29, "Inner Unique": false, "Plans": [{"Node Type": "Hash Join", "Parent Relationship": "Outer", "Join Type": "Inner", "Startup Cost": 2.41, "Total Cost": 68552.78, "Plan Rows": 192, "Plan Width": 4, "Inner Unique": true, "Hash Cond": "(mi.info_type_id = it1.id)", "Plans": [{"Node Type": "Streaming(type: LOCAL GATHER dop: 1/64)", "Parent Relationship": "Outer", "Startup Cost": 0.0, "Total Cost": 68498.12, "Plan Rows": 13419, "Plan Width": 8, "Plans": [{"Node Type": "Seq Scan", "Parent Relationship": "Outer", "Relation Name": "movie_info", "Alias": "mi", "Startup Cost": 0.0, "Total Cost": 68221.29, "Plan Rows": 13419, "Plan Width": 8, "Filter": "((note)::text ~~ '%internet%'::text)"}]}, {"Node Type": "Hash", "Parent Relationship": "Inner", "Startup Cost": 2.4, "Total Cost": 2.4, "Plan Rows": 1, "Plan Width": 4, "Plans": [{"Node Type": "Seq Scan", "Parent Relationship": "Outer", "Relation Name": "info_type", "Alias": "it1", "Startup Cost": 0.0, "Total Cost": 2.4, "Plan Rows": 1, "Plan Width": 4, "Filter": "((info)::text = 'release dates'::text)"}]}]}, {"Node Type": "Index Scan", "Parent Relationship": "Inner", "Scan Direction": "Forward", "Index Name": "movie_id_aka_title", "Relation Name": "aka_title", "Alias": "at", "Startup Cost": 0.0, "Total Cost": 2.45, "Plan Rows": 3, "Plan Width": 25, "Index Cond": "(movie_id = mi.movie_id)"}]}, {"Node Type": "Index Scan", "Parent Relationship": "Inner", "Scan Direction": "Forward", "Index Name": "movie_id_movie_companies", "Relation Name": "movie_companies", "Alias": "mc", "Startup Cost": 0.0, "Total Cost": 0.57, "Plan Rows": 2, "Plan Width": 12, "Index Cond": "(movie_id = at.movie_id)"}]}, {"Node Type": "Index Scan", "Parent Relationship": "Inner", "Scan Direction": "Forward", "Index Name": "company_name_pkey", "Relation Name": "company_name", "Alias": "cn", "Startup Cost": 0.0, "Total Cost": 0.28, "Plan Rows": 1, "Plan Width": 4, "Index Cond": "(id = mc.company_id)", "Filter": "((country_code)::text = '[us]'::text)"}]}, {"Node Type": "Index Only Scan", "Parent Relationship": "Inner", "Scan Direction": "Forward", "Index Name": "company_type_pkey", "Relation Name": "company_type", "Alias": "ct", "Startup Cost": 0.0, "Total Cost": 0.27, "Plan Rows": 1, "Plan Width": 4, "Index Cond": "(id = mc.company_type_id)"}]}, {"Node Type": "Index Scan", "Parent Relationship": "Inner", "Scan Direction": "Forward", "Index Name": "title_pkey", "Relation Name": "title", "Alias": "t", "Startup Cost": 0.0, "Total Cost": 0.34, "Plan Rows": 1, "Plan Width": 21, "Index Cond": "(id = mc.movie_id)", "Filter": "(production_year > 1990)"}]}, {"Node Type": "Index Scan", "Parent Relationship": "Inner", "Scan Direction": "Forward", "Index Name": "movie_id_movie_keyword", "Relation Name": "movie_keyword", "Alias": "mk", "Startup Cost": 0.0, "Total Cost": 0.46, "Plan Rows": 8, "Plan Width": 8, "Index Cond": "(movie_id = mc.movie_id)"}]}, {"Node Type": "Index Only Scan", "Parent Relationship": "Inner", "Scan Direction": "Forward", "Index Name": "keyword_pkey", "Relation Name": "keyword", "Alias": "k", "Startup Cost": 0.0, "Total Cost": 0.27, "Plan Rows": 1, "Plan Width": 4, "Index Cond": "(id = mk.keyword_id)"}]}]}, "Unique SQL Id": 2302223328, "Planner Runtime": 238}, "explain_analyze_plan": {"Plan": {"Node Type": "Aggregate", "Strategy": "Plain", "Startup Cost": 72516.67, "Total Cost": 72516.68, "Plan Rows": 1, "Plan Width": 102, "Actual Min Startup Time": 345.741, "Actual Max Startup Time": 345.741, "Actual Min Total Time": 345.742, "Actual Max Total Time": 345.742, "Plans": [{"Node Type": "Nested Loop", "Parent Relationship": "Outer", "Join Type": "Inner", "Startup Cost": 2.41, "Total Cost": 72481.46, "Plan Rows": 7042, "Plan Width": 38, "Actual Min Startup Time": 171.512, "Actual Max Startup Time": 171.512, "Actual Min Total Time": 342.708, "Actual Max Total Time": 342.708, "Inner Unique": true, "Plans": [{"Node Type": "Nested Loop", "Parent Relationship": "Outer", "Join Type": "Inner", "Startup Cost": 2.41, "Total Cost": 70509.63, "Plan Rows": 7042, "Plan Width": 42, "Actual Min Startup Time": 171.49, "Actual Max Startup Time": 171.49, "Actual Min Total Time": 325.219, "Actual Max Total Time": 325.219, "Inner Unique": false, "Join Filter": "(t.id = mk.movie_id)", "Rows Removed by Join Filter": 0, "Plans": [{"Node Type": "Nested Loop", "Parent Relationship": "Outer", "Join Type": "Inner", "Startup Cost": 2.41, "Total Cost": 70018.65, "Plan Rows": 873, "Plan Width": 54, "Actual Min Startup Time": 171.458, "Actual Max Startup Time": 171.458, "Actual Min Total Time": 317.944, "Actual Max Total Time": 317.944, "Inner Unique": true, "Join Filter": "(at.movie_id = t.id)", "Rows Removed by Join Filter": 0, "Plans": [{"Node Type": "Nested Loop", "Parent Relationship": "Outer", "Join Type": "Inner", "Startup Cost": 2.41, "Total Cost": 69796.57, "Plan Rows": 630, "Plan Width": 33, "Actual Min Startup Time": 171.418, "Actual Max Startup Time": 171.418, "Actual Min Total Time": 314.37, "Actual Max Total Time": 314.37, "Inner Unique": true, "Plans": [{"Node Type": "Nested Loop", "Parent Relationship": "Outer", "Join Type": "Inner", "Startup Cost": 2.41, "Total Cost": 69620.17, "Plan Rows": 630, "Plan Width": 37, "Actual Min Startup Time": 171.372, "Actual Max Startup Time": 171.372, "Actual Min Total Time": 312.657, "Actual Max Total Time": 312.657, "Inner Unique": true, "Plans": [{"Node Type": "Nested Loop", "Parent Relationship": "Outer", "Join Type": "Inner", "Startup Cost": 2.41, "Total Cost": 69317.55, "Plan Rows": 1052, "Plan Width": 41, "Actual Min Startup Time": 171.337, "Actual Max Startup Time": 171.337, "Actual Min Total Time": 298.139, "Actual Max Total Time": 298.139, "Inner Unique": false, "Plans": [{"Node Type": "Nested Loop", "Parent Relationship": "Outer", "Join Type": "Inner", "Startup Cost": 2.41, "Total Cost": 69028.47, "Plan Rows": 490, "Plan Width": 29, "Actual Min Startup Time": 171.311, "Actual Max Startup Time": 171.311, "Actual Min Total Time": 290.586, "Actual Max Total Time": 290.586, "Inner Unique": false, "Plans": [{"Node Type": "Hash Join", "Parent Relationship": "Outer", "Join Type": "Inner", "Startup Cost": 2.41, "Total Cost": 68552.78, "Plan Rows": 192, "Plan Width": 4, "Actual Min Startup Time": 171.245, "Actual Max Startup Time": 171.245, "Actual Min Total Time": 255.354, "Actual Max Total Time": 255.354, "Inner Unique": true, "Hash Cond": "(mi.info_type_id = it1.id)", "Plans": [{"Node Type": "Streaming(type: LOCAL GATHER dop: 1/64)", "Parent Relationship": "Outer", "Startup Cost": 0.0, "Total Cost": 68498.12, "Plan Rows": 13419, "Plan Width": 8, "Actual Min Startup Time": 170.999, "Actual Max Startup Time": 170.999, "Actual Min Total Time": 249.144, "Actual Max Total Time": 249.144, "Plans": [{"Node Type": "Seq Scan", "Parent Relationship": "Outer", "Relation Name": "movie_info", "Alias": "mi", "Startup Cost": 0.0, "Total Cost": 68221.29, "Plan Rows": 13419, "Plan Width": 8, "Actual Min Startup Time": 0.125, "Actual Max Startup Time": 28.723, "Actual Min Total Time": 62.105, "Actual Max Total Time": 78.733, "Filter": "((note)::text ~~ '%internet%'::text)", "Rows Removed by Filter": 14824909, "Actual Rows": 10810}], "Actual Rows": 10810}, {"Node Type": "Hash", "Parent Relationship": "Inner", "Startup Cost": 2.4, "Total Cost": 2.4, "Plan Rows": 1, "Plan Width": 4, "Actual Min Startup Time": 0.135, "Actual Max Startup Time": 0.135, "Actual Min Total Time": 0.135, "Actual Max Total Time": 0.135, "Max Hash Buckets": 32768, "Min Hash Buckets": 32768, "Max Hash Batches": 1, "Min Hash Batches": 1, "Max Original Hash Batches": 1, "Min Original Hash Batches": 1, "Max Peak Memory Usage": 1, "min Peak Memory Usage": 1, "Plans": [{"Node Type": "Seq Scan", "Parent Relationship": "Outer", "Relation Name": "info_type", "Alias": "it1", "Startup Cost": 0.0, "Total Cost": 2.4, "Plan Rows": 1, "Plan Width": 4, "Actual Min Startup Time": 0.094, "Actual Max Startup Time": 0.094, "Actual Min Total Time": 0.117, "Actual Max Total Time": 0.117, "Filter": "((info)::text = 'release dates'::text)", "Rows Removed by Filter": 111, "Actual Rows": 1}], "Actual Rows": 1}], "Actual Rows": 10679}, {"Node Type": "Index Scan", "Parent Relationship": "Inner", "Scan Direction": "Forward", "Index Name": "movie_id_aka_title", "Relation Name": "aka_title", "Alias": "at", "Startup Cost": 0.0, "Total Cost": 2.45, "Plan Rows": 3, "Plan Width": 25, "Actual Min Startup Time": 29.11, "Actual Max Startup Time": 29.11, "Actual Min Total Time": 29.809, "Actual Max Total Time": 29.809, "Index Cond": "(movie_id = mi.movie_id)", "Rows Removed by Index Recheck": 0, "Actual Rows": 591}], "Actual Rows": 591}, {"Node Type": "Index Scan", "Parent Relationship": "Inner", "Scan Direction": "Forward", "Index Name": "movie_id_movie_companies", "Relation Name": "movie_companies", "Alias": "mc", "Startup Cost": 0.0, "Total Cost": 0.57, "Plan Rows": 2, "Plan Width": 12, "Actual Min Startup Time": 4.654, "Actual Max Startup Time": 4.654, "Actual Min Total Time": 6.42, "Actual Max Total Time": 6.42, "Index Cond": "(movie_id = at.movie_id)", "Rows Removed by Index Recheck": 0, "Actual Rows": 2130}], "Actual Rows": 2130}, {"Node Type": "Index Scan", "Parent Relationship": "Inner", "Scan Direction": "Forward", "Index Name": "company_name_pkey", "Relation Name": "company_name", "Alias": "cn", "Startup Cost": 0.0, "Total Cost": 0.28, "Plan Rows": 1, "Plan Width": 4, "Actual Min Startup Time": 12.926, "Actual Max Startup Time": 12.926, "Actual Min Total Time": 12.926, "Actual Max Total Time": 12.926, "Index Cond": "(id = mc.company_id)", "Rows Removed by Index Recheck": 0, "Filter": "((country_code)::text = '[us]'::text)", "Rows Removed by Filter": 1234, "Actual Rows": 896}], "Actual Rows": 896}, {"Node Type": "Index Only Scan", "Parent Relationship": "Inner", "Scan Direction": "Forward", "Index Name": "company_type_pkey", "Relation Name": "company_type", "Alias": "ct", "Startup Cost": 0.0, "Total Cost": 0.27, "Plan Rows": 1, "Plan Width": 4, "Actual Min Startup Time": 0.932, "Actual Max Startup Time": 0.932, "Actual Min Total Time": 0.932, "Actual Max Total Time": 0.932, "Index Cond": "(id = mc.company_type_id)", "Rows Removed by Index Recheck": 0, "Heap Fetches": 0, "Actual Rows": 382}], "Actual Rows": 382}, {"Node Type": "Index Scan", "Parent Relationship": "Inner", "Scan Direction": "Forward", "Index Name": "title_pkey", "Relation Name": "title", "Alias": "t", "Startup Cost": 0.0, "Total Cost": 0.34, "Plan Rows": 1, "Plan Width": 21, "Actual Min Startup Time": 2.842, "Actual Max Startup Time": 2.842, "Actual Min Total Time": 2.842, "Actual Max Total Time": 2.842, "Index Cond": "(id = mc.movie_id)", "Rows Removed by Index Recheck": 0, "Filter": "(production_year > 1990)", "Rows Removed by Filter": 0, "Actual Rows": 382}], "Actual Rows": 382}, {"Node Type": "Index Scan", "Parent Relationship": "Inner", "Scan Direction": "Forward", "Index Name": "movie_id_movie_keyword", "Relation Name": "movie_keyword", "Alias": "mk", "Startup Cost": 0.0, "Total Cost": 0.46, "Plan Rows": 8, "Plan Width": 8, "Actual Min Startup Time": 3.01, "Actual Max Startup Time": 3.01, "Actual Min Total Time": 5.192, "Actual Max Total Time": 5.192, "Index Cond": "(movie_id = mc.movie_id)", "Rows Removed by Index Recheck": 0, "Actual Rows": 4371}], "Actual Rows": 4371}, {"Node Type": "Index Only Scan", "Parent Relationship": "Inner", "Scan Direction": "Forward", "Index Name": "keyword_pkey", "Relation Name": "keyword", "Alias": "k", "Startup Cost": 0.0, "Total Cost": 0.27, "Plan Rows": 1, "Plan Width": 4, "Actual Min Startup Time": 14.167, "Actual Max Startup Time": 14.167, "Actual Min Total Time": 14.167, "Actual Max Total Time": 14.167, "Index Cond": "(id = mk.keyword_id)", "Rows Removed by Index Recheck": 0, "Heap Fetches": 0, "Actual Rows": 4371}], "Actual Rows": 4371}], "Actual Rows": 1}, "Triggers": [], "Planner Runtime": 238, "Total Runtime": 359.342, "Unique SQL Id": 2302223328}}, "(64, 73)": {"explain_plan": {"Plan": {"Node Type": "Aggregate", "Strategy": "Plain", "Startup Cost": 499663.54, "Total Cost": 499663.55, "Plan Rows": 1, "Plan Width": 102, "Plans": [{"Node Type": "Nested Loop", "Parent Relationship": "Outer", "Join Type": "Inner", "Startup Cost": 0.0, "Total Cost": 499628.33, "Plan Rows": 7042, "Plan Width": 38, "Inner Unique": true, "Plans": [{"Node Type": "Nested Loop", "Parent Relationship": "Outer", "Join Type": "Inner", "Startup Cost": 0.0, "Total Cost": 497656.5, "Plan Rows": 7042, "Plan Width": 42, "Inner Unique": false, "Join Filter": "(t.id = mk.movie_id)", "Plans": [{"Node Type": "Nested Loop", "Parent Relationship": "Outer", "Join Type": "Inner", "Startup Cost": 0.0, "Total Cost": 497165.52, "Plan Rows": 873, "Plan Width": 54, "Inner Unique": true, "Join Filter": "(at.movie_id = t.id)", "Plans": [{"Node Type": "Nested Loop", "Parent Relationship": "Outer", "Join Type": "Inner", "Startup Cost": 0.0, "Total Cost": 496943.44, "Plan Rows": 630, "Plan Width": 33, "Inner Unique": true, "Plans": [{"Node Type": "Nested Loop", "Parent Relationship": "Outer", "Join Type": "Inner", "Startup Cost": 0.0, "Total Cost": 496767.04, "Plan Rows": 630, "Plan Width": 37, "Inner Unique": true, "Plans": [{"Node Type": "Nested Loop", "Parent Relationship": "Outer", "Join Type": "Inner", "Startup Cost": 0.0, "Total Cost": 496464.42, "Plan Rows": 1052, "Plan Width": 41, "Inner Unique": false, "Plans": [{"Node Type": "Nested Loop", "Parent Relationship": "Outer", "Join Type": "Inner", "Startup Cost": 0.0, "Total Cost": 496175.34, "Plan Rows": 490, "Plan Width": 29, "Inner Unique": false, "Plans": [{"Node Type": "Nested Loop", "Parent Relationship": "Outer", "Join Type": "Inner", "Startup Cost": 0.0, "Total Cost": 495699.65, "Plan Rows": 192, "Plan Width": 4, "Inner Unique": false, "Plans": [{"Node Type": "Index Scan", "Parent Relationship": "Outer", "Scan Direction": "Forward", "Index Name": "info_type_pkey", "Relation Name": "info_type", "Alias": "it1", "Startup Cost": 0.0, "Total Cost": 14.21, "Plan Rows": 1, "Plan Width": 4, "Filter": "((info)::text = 'release dates'::text)"}, {"Node Type": "Index Scan", "Parent Relationship": "Inner", "Scan Direction": "Forward", "Index Name": "info_type_id_movie_info", "Relation Name": "movie_info", "Alias": "mi", "Startup Cost": 0.0, "Total Cost": 495683.52, "Plan Rows": 192, "Plan Width": 8, "Index Cond": "(info_type_id = it1.id)", "Filter": "((note)::text ~~ '%internet%'::text)"}]}, {"Node Type": "Index Scan", "Parent Relationship": "Inner", "Scan Direction": "Forward", "Index Name": "movie_id_aka_title", "Relation Name": "aka_title", "Alias": "at", "Startup Cost": 0.0, "Total Cost": 2.45, "Plan Rows": 3, "Plan Width": 25, "Index Cond": "(movie_id = mi.movie_id)"}]}, {"Node Type": "Index Scan", "Parent Relationship": "Inner", "Scan Direction": "Forward", "Index Name": "movie_id_movie_companies", "Relation Name": "movie_companies", "Alias": "mc", "Startup Cost": 0.0, "Total Cost": 0.57, "Plan Rows": 2, "Plan Width": 12, "Index Cond": "(movie_id = at.movie_id)"}]}, {"Node Type": "Index Scan", "Parent Relationship": "Inner", "Scan Direction": "Forward", "Index Name": "company_name_pkey", "Relation Name": "company_name", "Alias": "cn", "Startup Cost": 0.0, "Total Cost": 0.28, "Plan Rows": 1, "Plan Width": 4, "Index Cond": "(id = mc.company_id)", "Filter": "((country_code)::text = '[us]'::text)"}]}, {"Node Type": "Index Only Scan", "Parent Relationship": "Inner", "Scan Direction": "Forward", "Index Name": "company_type_pkey", "Relation Name": "company_type", "Alias": "ct", "Startup Cost": 0.0, "Total Cost": 0.27, "Plan Rows": 1, "Plan Width": 4, "Index Cond": "(id = mc.company_type_id)"}]}, {"Node Type": "Index Scan", "Parent Relationship": "Inner", "Scan Direction": "Forward", "Index Name": "title_pkey", "Relation Name": "title", "Alias": "t", "Startup Cost": 0.0, "Total Cost": 0.34, "Plan Rows": 1, "Plan Width": 21, "Index Cond": "(id = mc.movie_id)", "Filter": "(production_year > 1990)"}]}, {"Node Type": "Index Scan", "Parent Relationship": "Inner", "Scan Direction": "Forward", "Index Name": "movie_id_movie_keyword", "Relation Name": "movie_keyword", "Alias": "mk", "Startup Cost": 0.0, "Total Cost": 0.46, "Plan Rows": 8, "Plan Width": 8, "Index Cond": "(movie_id = mc.movie_id)"}]}, {"Node Type": "Index Only Scan", "Parent Relationship": "Inner", "Scan Direction": "Forward", "Index Name": "keyword_pkey", "Relation Name": "keyword", "Alias": "k", "Startup Cost": 0.0, "Total Cost": 0.27, "Plan Rows": 1, "Plan Width": 4, "Index Cond": "(id = mk.keyword_id)"}]}]}, "Unique SQL Id": 2302223328, "Planner Runtime": 183}, "explain_analyze_plan": null}, "(64, 74)": {"explain_plan": {"Plan": {"Node Type": "Aggregate", "Strategy": "Plain", "Startup Cost": 311589.1, "Total Cost": 311589.11, "Plan Rows": 1, "Plan Width": 102, "Plans": [{"Node Type": "Hash Join", "Parent Relationship": "Outer", "Join Type": "Inner", "Startup Cost": 157287.12, "Total Cost": 311553.89, "Plan Rows": 7042, "Plan Width": 38, "Inner Unique": true, "Hash Cond": "(mk.keyword_id = k.id)", "Plans": [{"Node Type": "Hash Join", "Parent Relationship": "Outer", "Join Type": "Inner", "Startup Cost": 153509.32, "Total Cost": 307680.65, "Plan Rows": 7042, "Plan Width": 42, "Inner Unique": true, "Hash Cond": "(mc.company_type_id = ct.id)", "Plans": [{"Node Type": "Hash Join", "Parent Relationship": "Outer", "Join Type": "Inner", "Startup Cost": 153508.25, "Total Cost": 307582.75, "Plan Rows": 7042, "Plan Width": 46, "Inner Unique": true, "Hash Cond": "(mc.company_id = cn.id)", "Plans": [{"Node Type": "Streaming(type: LOCAL GATHER dop: 1/64)", "Parent Relationship": "Outer", "Startup Cost": 150967.76, "Total Cost": 304940.38, "Plan Rows": 11758, "Plan Width": 50, "Plans": [{"Node Type": "Hash Join", "Parent Relationship": "Outer", "Join Type": "Inner", "Startup Cost": 150967.76, "Total Cost": 304697.82, "Plan Rows": 11758, "Plan Width": 50, "Inner Unique": true, "Hash Cond": "(at.movie_id = t.id)", "Plans": [{"Node Type": "Streaming(type: BROADCAST dop: 64/1)", "Parent Relationship": "Outer", "Startup Cost": 134616.86, "Total Cost": 288313.24, "Plan Rows": 543168, "Plan Width": 49, "Plans": [{"Node Type": "Hash Join", "Parent Relationship": "Outer", "Join Type": "Inner", "Startup Cost": 134616.86, "Total Cost": 214107.75, "Plan Rows": 8487, "Plan Width": 49, "Inner Unique": false, "Hash Cond": "(mk.movie_id = at.movie_id)", "Plans": [{"Node Type": "Seq Scan", "Parent Relationship": "Outer", "Relation Name": "movie_keyword", "Alias": "mk", "Startup Cost": 0.0, "Total Cost": 62441.29, "Plan Rows": 4523929, "Plan Width": 8}, {"Node Type": "Hash", "Parent Relationship": "Inner", "Startup Cost": 134603.71, "Total Cost": 134603.71, "Plan Rows": 1052, "Plan Width": 41, "Plans": [{"Node Type": "Hash Join", "Parent Relationship": "Outer", "Join Type": "Inner", "Startup Cost": 82991.79, "Total Cost": 134603.71, "Plan Rows": 1052, "Plan Width": 41, "Inner Unique": false, "Hash Cond": "(mc.movie_id = at.movie_id)", "Plans": [{"Node Type": "Seq Scan", "Parent Relationship": "Outer", "Relation Name": "movie_companies", "Alias": "mc", "Startup Cost": 0.0, "Total Cost": 41817.28, "Plan Rows": 2609128, "Plan Width": 12}, {"Node Type": "Hash", "Parent Relationship": "Inner", "Startup Cost": 82985.66, "Total Cost": 82985.66, "Plan Rows": 490, "Plan Width": 29, "Plans": [{"Node Type": "Hash Join", "Parent Relationship": "Outer", "Join Type": "Inner", "Startup Cost": 14415.51, "Total Cost": 82985.66, "Plan Rows": 490, "Plan Width": 29, "Inner Unique": false, "Hash Cond": "(mi.movie_id = at.movie_id)", "Plans": [{"Node Type": "Hash Join", "Parent Relationship": "Outer", "Join Type": "Inner", "Startup Cost": 2.41, "Total Cost": 68552.78, "Plan Rows": 192, "Plan Width": 4, "Inner Unique": true, "Hash Cond": "(mi.info_type_id = it1.id)", "Plans": [{"Node Type": "Streaming(type: LOCAL GATHER dop: 1/64)", "Parent Relationship": "Outer", "Startup Cost": 0.0, "Total Cost": 68498.12, "Plan Rows": 13419, "Plan Width": 8, "Plans": [{"Node Type": "Seq Scan", "Parent Relationship": "Outer", "Relation Name": "movie_info", "Alias": "mi", "Startup Cost": 0.0, "Total Cost": 68221.29, "Plan Rows": 13419, "Plan Width": 8, "Filter": "((note)::text ~~ '%internet%'::text)"}]}, {"Node Type": "Hash", "Parent Relationship": "Inner", "Startup Cost": 2.4, "Total Cost": 2.4, "Plan Rows": 1, "Plan Width": 4, "Plans": [{"Node Type": "Seq Scan", "Parent Relationship": "Outer", "Relation Name": "info_type", "Alias": "it1", "Startup Cost": 0.0, "Total Cost": 2.4, "Plan Rows": 1, "Plan Width": 4, "Filter": "((info)::text = 'release dates'::text)"}]}]}, {"Node Type": "Hash", "Parent Relationship": "Inner", "Startup Cost": 9894.71, "Total Cost": 9894.71, "Plan Rows": 361471, "Plan Width": 25, "Plans": [{"Node Type": "Seq Scan", "Parent Relationship": "Outer", "Relation Name": "aka_title", "Alias": "at", "Startup Cost": 0.0, "Total Cost": 9894.71, "Plan Rows": 361471, "Plan Width": 25}]}]}]}]}]}]}]}, {"Node Type": "Hash", "Parent Relationship": "Inner", "Startup Cost": 64037.34, "Total Cost": 64037.34, "Plan Rows": 1748840, "Plan Width": 21, "Plans": [{"Node Type": "Seq Scan", "Parent Relationship": "Outer", "Relation Name": "title", "Alias": "t", "Startup Cost": 0.0, "Total Cost": 64037.34, "Plan Rows": 1748840, "Plan Width": 21, "Filter": "(production_year > 1990), (LLVM Optimized)"}]}]}]}, {"Node Type": "Hash", "Parent Relationship": "Inner", "Startup Cost": 5903.45, "Total Cost": 5903.45, "Plan Rows": 85170, "Plan Width": 4, "Plans": [{"Node Type": "Seq Scan", "Parent Relationship": "Outer", "Relation Name": "company_name", "Alias": "cn", "Startup Cost": 0.0, "Total Cost": 5903.45, "Plan Rows": 85170, "Plan Width": 4, "Filter": "((country_code)::text = '[us]'::text)"}]}]}, {"Node Type": "Hash", "Parent Relationship": "Inner", "Startup Cost": 1.03, "Total Cost": 1.03, "Plan Rows": 3, "Plan Width": 4, "Plans": [{"Node Type": "Seq Scan", "Parent Relationship": "Outer", "Relation Name": "company_type", "Alias": "ct", "Startup Cost": 0.0, "Total Cost": 1.03, "Plan Rows": 3, "Plan Width": 4}]}]}, {"Node Type": "Hash", "Parent Relationship": "Inner", "Startup Cost": 2100.69, "Total Cost": 2100.69, "Plan Rows": 134169, "Plan Width": 4, "Plans": [{"Node Type": "Seq Scan", "Parent Relationship": "Outer", "Relation Name": "keyword", "Alias": "k", "Startup Cost": 0.0, "Total Cost": 2100.69, "Plan Rows": 134169, "Plan Width": 4}]}]}]}, "Unique SQL Id": 2302223328, "Planner Runtime": 363}, "explain_analyze_plan": null}, "(64, 75)": {"explain_plan": {"Plan": {"Node Type": "Aggregate", "Strategy": "Plain", "Startup Cost": 8990595290543.75, "Total Cost": 8990595290543.76, "Plan Rows": 1, "Plan Width": 102, "Plans": [{"Node Type": "Hash Join", "Parent Relationship": "Outer", "Join Type": "Inner", "Startup Cost": 4050658357863.26, "Total Cost": 8990595290508.54, "Plan Rows": 7042, "Plan Width": 38, "Inner Unique": true, "Hash Cond": "(mk.keyword_id = k.id)", "Plans": [{"Node Type": "Hash Join", "Parent Relationship": "Outer", "Join Type": "Inner", "Startup Cost": 3050658150107.65, "Total Cost": 7990595082657.49, "Plan Rows": 7042, "Plan Width": 42, "Inner Unique": true, "Hash Cond": "(mc.company_type_id = ct.id)", "Plans": [{"Node Type": "Hash Join", "Parent Relationship": "Outer", "Join Type": "Inner", "Startup Cost": 2050658149278.11, "Total Cost": 6990595081731.13, "Plan Rows": 7042, "Plan Width": 46, "Inner Unique": true, "Hash Cond": "(mc.company_id = cn.id)", "Plans": [{"Node Type": "Hash Join", "Parent Relationship": "Outer", "Join Type": "Inner", "Startup Cost": 1050657098074.52, "Total Cost": 5990594030425.65, "Plan Rows": 11758, "Plan Width": 50, "Inner Unique": true, "Hash Cond": "(mi.info_type_id = it1.id)", "Plans": [{"Node Type": "Merge Join", "Parent Relationship": "Outer", "Join Type": "Inner", "Startup Cost": 50657096653.5, "Total Cost": 4990594026824.22, "Plan Rows": 823077, "Plan Width": 54, "Inner Unique": false, "Merge Cond": "(t.id = mk.movie_id)", "Plans": [{"Node Type": "Merge Join", "Parent Relationship": "Outer", "Join Type": "Inner", "Startup Cost": 40191975912.29, "Total Cost": 3994454717145.8, "Plan Rows": 102019, "Plan Width": 66, "Inner Unique": false, "Merge Cond": "(t.id = at.movie_id)", "Plans": [{"Node Type": "Merge Join", "Parent Relationship": "Outer", "Join Type": "Inner", "Startup Cost": 30024908232.05, "Total Cost": 2997514380028.91, "Plan Rows": 39739, "Plan Width": 41, "Inner Unique": false, "Merge Cond": "(t.id = mc.movie_id)", "Plans": [{"Node Type": "Merge Join", "Parent Relationship": "Outer", "Join Type": "Inner", "Startup Cost": 20024908232.05, "Total Cost": 1999417789951.33, "Plan Rows": 18591, "Plan Width": 29, "Inner Unique": true, "Merge Cond": "(mi.movie_id = t.id)", "Plans": [{"Node Type": "Index Scan", "Parent Relationship": "Outer", "Scan Direction": "Forward", "Index Name": "movie_id_movie_info", "Relation Name": "movie_info", "Alias": "mi", "Startup Cost": 10000000000.0, "Total Cost": 1000107534403.72, "Plan Rows": 13419, "Plan Width": 8, "Filter": "((note)::text ~~ '%internet%'::text)"}, {"Node Type": "Index Scan", "Parent Relationship": "Inner", "Scan Direction": "Forward", "Index Name": "title_pkey", "Relation Name": "title", "Alias": "t", "Startup Cost": 10000000000.0, "Total Cost": 1000011644126.66, "Plan Rows": 1748840, "Plan Width": 21, "Filter": "(production_year > 1990), (LLVM Optimized)"}]}, {"Node Type": "Index Scan", "Parent Relationship": "Inner", "Scan Direction": "Forward", "Index Name": "movie_id_movie_companies", "Relation Name": "movie_companies", "Alias": "mc", "Startup Cost": 10000000000.0, "Total Cost": 1000013051946.13, "Plan Rows": 2609128, "Plan Width": 12}]}, {"Node Type": "Index Scan", "Parent Relationship": "Inner", "Scan Direction": "Forward", "Index Name": "movie_id_aka_title", "Relation Name": "aka_title", "Alias": "at", "Startup Cost": 10000000000.0, "Total Cost": 1000001990001.13, "Plan Rows": 361471, "Plan Width": 25}]}, {"Node Type": "Index Scan", "Parent Relationship": "Inner", "Scan Direction": "Forward", "Index Name": "movie_id_movie_keyword", "Relation Name": "movie_keyword", "Alias": "mk", "Startup Cost": 10000000000.0, "Total Cost": 1000015300634.17, "Plan Rows": 4523929, "Plan Width": 8}]}, {"Node Type": "Hash", "Parent Relationship": "Inner", "Startup Cost": 1000000001421.0, "Total Cost": 1000000001421.0, "Plan Rows": 1, "Plan Width": 4, "Plans": [{"Node Type": "Index Scan", "Parent Relationship": "Outer", "Scan Direction": "Forward", "Index Name": "info_type_pkey", "Relation Name": "info_type", "Alias": "it1", "Startup Cost": 10000000000.0, "Total Cost": 1000000001421.0, "Plan Rows": 1, "Plan Width": 4, "Filter": "((info)::text = 'release dates'::text)"}]}]}, {"Node Type": "Hash", "Parent Relationship": "Inner", "Startup Cost": 1000001050138.97, "Total Cost": 1000001050138.97, "Plan Rows": 85170, "Plan Width": 4, "Plans": [{"Node Type": "Index Scan", "Parent Relationship": "Outer", "Scan Direction": "Forward", "Index Name": "company_name_pkey", "Relation Name": "company_name", "Alias": "cn", "Startup Cost": 10000000000.0, "Total Cost": 1000001050138.97, "Plan Rows": 85170, "Plan Width": 4, "Filter": "((country_code)::text = '[us]'::text)"}]}]}, {"Node Type": "Hash", "Parent Relationship": "Inner", "Startup Cost": 1000000000829.5, "Total Cost": 1000000000829.5, "Plan Rows": 3, "Plan Width": 4, "Plans": [{"Node Type": "Index Only Scan", "Parent Relationship": "Outer", "Scan Direction": "Forward", "Index Name": "company_type_pkey", "Relation Name": "company_type", "Alias": "ct", "Startup Cost": 10000000000.0, "Total Cost": 1000000000829.5, "Plan Rows": 3, "Plan Width": 4}]}]}, {"Node Type": "Hash", "Parent Relationship": "Inner", "Startup Cost": 1000000206078.5, "Total Cost": 1000000206078.5, "Plan Rows": 134169, "Plan Width": 4, "Plans": [{"Node Type": "Index Only Scan", "Parent Relationship": "Outer", "Scan Direction": "Forward", "Index Name": "keyword_pkey", "Relation Name": "keyword", "Alias": "k", "Startup Cost": 10000000000.0, "Total Cost": 1000000206078.5, "Plan Rows": 134169, "Plan Width": 4}]}]}]}, "Unique SQL Id": 2302223328, "Planner Runtime": 937}, "explain_analyze_plan": null}, "(64, 76)": {"explain_plan": {"Plan": {"Node Type": "Aggregate", "Strategy": "Plain", "Startup Cost": 72521.4, "Total Cost": 72521.41, "Plan Rows": 1, "Plan Width": 102, "Plans": [{"Node Type": "Nested Loop", "Parent Relationship": "Outer", "Join Type": "Inner", "Startup Cost": 2.41, "Total Cost": 72486.19, "Plan Rows": 7042, "Plan Width": 38, "Inner Unique": true, "Plans": [{"Node Type": "Nested Loop", "Parent Relationship": "Outer", "Join Type": "Inner", "Startup Cost": 2.41, "Total Cost": 70509.63, "Plan Rows": 7042, "Plan Width": 42, "Inner Unique": false, "Join Filter": "(t.id = mk.movie_id)", "Plans": [{"Node Type": "Nested Loop", "Parent Relationship": "Outer", "Join Type": "Inner", "Startup Cost": 2.41, "Total Cost": 70018.66, "Plan Rows": 873, "Plan Width": 54, "Inner Unique": true, "Join Filter": "(at.movie_id = t.id)", "Plans": [{"Node Type": "Nested Loop", "Parent Relationship": "Outer", "Join Type": "Inner", "Startup Cost": 2.41, "Total Cost": 69796.57, "Plan Rows": 630, "Plan Width": 33, "Inner Unique": true, "Plans": [{"Node Type": "Nested Loop", "Parent Relationship": "Outer", "Join Type": "Inner", "Startup Cost": 2.41, "Total Cost": 69620.17, "Plan Rows": 630, "Plan Width": 37, "Inner Unique": true, "Plans": [{"Node Type": "Nested Loop", "Parent Relationship": "Outer", "Join Type": "Inner", "Startup Cost": 2.41, "Total Cost": 69317.55, "Plan Rows": 1052, "Plan Width": 41, "Inner Unique": false, "Plans": [{"Node Type": "Nested Loop", "Parent Relationship": "Outer", "Join Type": "Inner", "Startup Cost": 2.41, "Total Cost": 69028.47, "Plan Rows": 490, "Plan Width": 29, "Inner Unique": false, "Plans": [{"Node Type": "Hash Join", "Parent Relationship": "Outer", "Join Type": "Inner", "Startup Cost": 2.41, "Total Cost": 68552.78, "Plan Rows": 192, "Plan Width": 4, "Inner Unique": true, "Hash Cond": "(mi.info_type_id = it1.id)", "Plans": [{"Node Type": "Streaming(type: LOCAL GATHER dop: 1/64)", "Parent Relationship": "Outer", "Startup Cost": 0.0, "Total Cost": 68498.12, "Plan Rows": 13419, "Plan Width": 8, "Plans": [{"Node Type": "Seq Scan", "Parent Relationship": "Outer", "Relation Name": "movie_info", "Alias": "mi", "Startup Cost": 0.0, "Total Cost": 68221.29, "Plan Rows": 13419, "Plan Width": 8, "Filter": "((note)::text ~~ '%internet%'::text)"}]}, {"Node Type": "Hash", "Parent Relationship": "Inner", "Startup Cost": 2.4, "Total Cost": 2.4, "Plan Rows": 1, "Plan Width": 4, "Plans": [{"Node Type": "Seq Scan", "Parent Relationship": "Outer", "Relation Name": "info_type", "Alias": "it1", "Startup Cost": 0.0, "Total Cost": 2.4, "Plan Rows": 1, "Plan Width": 4, "Filter": "((info)::text = 'release dates'::text)"}]}]}, {"Node Type": "Index Scan", "Parent Relationship": "Inner", "Scan Direction": "Forward", "Index Name": "movie_id_aka_title", "Relation Name": "aka_title", "Alias": "at", "Startup Cost": 0.0, "Total Cost": 2.45, "Plan Rows": 3, "Plan Width": 25, "Index Cond": "(movie_id = mi.movie_id)"}]}, {"Node Type": "Index Scan", "Parent Relationship": "Inner", "Scan Direction": "Forward", "Index Name": "movie_id_movie_companies", "Relation Name": "movie_companies", "Alias": "mc", "Startup Cost": 0.0, "Total Cost": 0.57, "Plan Rows": 2, "Plan Width": 12, "Index Cond": "(movie_id = at.movie_id)"}]}, {"Node Type": "Index Scan", "Parent Relationship": "Inner", "Scan Direction": "Forward", "Index Name": "company_name_pkey", "Relation Name": "company_name", "Alias": "cn", "Startup Cost": 0.0, "Total Cost": 0.28, "Plan Rows": 1, "Plan Width": 4, "Index Cond": "(id = mc.company_id)", "Filter": "((country_code)::text = '[us]'::text)"}]}, {"Node Type": "Index Scan", "Parent Relationship": "Inner", "Scan Direction": "Forward", "Index Name": "company_type_pkey", "Relation Name": "company_type", "Alias": "ct", "Startup Cost": 0.0, "Total Cost": 0.27, "Plan Rows": 1, "Plan Width": 4, "Index Cond": "(id = mc.company_type_id)"}]}, {"Node Type": "Index Scan", "Parent Relationship": "Inner", "Scan Direction": "Forward", "Index Name": "title_pkey", "Relation Name": "title", "Alias": "t", "Startup Cost": 0.0, "Total Cost": 0.34, "Plan Rows": 1, "Plan Width": 21, "Index Cond": "(id = mc.movie_id)", "Filter": "(production_year > 1990)"}]}, {"Node Type": "Index Scan", "Parent Relationship": "Inner", "Scan Direction": "Forward", "Index Name": "movie_id_movie_keyword", "Relation Name": "movie_keyword", "Alias": "mk", "Startup Cost": 0.0, "Total Cost": 0.46, "Plan Rows": 8, "Plan Width": 8, "Index Cond": "(movie_id = mc.movie_id)"}]}, {"Node Type": "Index Scan", "Parent Relationship": "Inner", "Scan Direction": "Forward", "Index Name": "keyword_pkey", "Relation Name": "keyword", "Alias": "k", "Startup Cost": 0.0, "Total Cost": 0.27, "Plan Rows": 1, "Plan Width": 4, "Index Cond": "(id = mk.keyword_id)"}]}]}, "Unique SQL Id": 2302223328, "Planner Runtime": 239}, "explain_analyze_plan": {"Plan": {"Node Type": "Aggregate", "Strategy": "Plain", "Startup Cost": 72521.4, "Total Cost": 72521.41, "Plan Rows": 1, "Plan Width": 102, "Actual Min Startup Time": 329.16, "Actual Max Startup Time": 329.16, "Actual Min Total Time": 329.161, "Actual Max Total Time": 329.161, "Plans": [{"Node Type": "Nested Loop", "Parent Relationship": "Outer", "Join Type": "Inner", "Startup Cost": 2.41, "Total Cost": 72486.19, "Plan Rows": 7042, "Plan Width": 38, "Actual Min Startup Time": 189.314, "Actual Max Startup Time": 189.314, "Actual Min Total Time": 326.034, "Actual Max Total Time": 326.034, "Inner Unique": true, "Plans": [{"Node Type": "Nested Loop", "Parent Relationship": "Outer", "Join Type": "Inner", "Startup Cost": 2.41, "Total Cost": 70509.63, "Plan Rows": 7042, "Plan Width": 42, "Actual Min Startup Time": 189.287, "Actual Max Startup Time": 189.287, "Actual Min Total Time": 301.97, "Actual Max Total Time": 301.97, "Inner Unique": false, "Join Filter": "(t.id = mk.movie_id)", "Rows Removed by Join Filter": 0, "Plans": [{"Node Type": "Nested Loop", "Parent Relationship": "Outer", "Join Type": "Inner", "Startup Cost": 2.41, "Total Cost": 70018.66, "Plan Rows": 873, "Plan Width": 54, "Actual Min Startup Time": 189.255, "Actual Max Startup Time": 189.255, "Actual Min Total Time": 294.673, "Actual Max Total Time": 294.673, "Inner Unique": true, "Join Filter": "(at.movie_id = t.id)", "Rows Removed by Join Filter": 0, "Plans": [{"Node Type": "Nested Loop", "Parent Relationship": "Outer", "Join Type": "Inner", "Startup Cost": 2.41, "Total Cost": 69796.57, "Plan Rows": 630, "Plan Width": 33, "Actual Min Startup Time": 189.216, "Actual Max Startup Time": 189.216, "Actual Min Total Time": 291.038, "Actual Max Total Time": 291.038, "Inner Unique": true, "Plans": [{"Node Type": "Nested Loop", "Parent Relationship": "Outer", "Join Type": "Inner", "Startup Cost": 2.41, "Total Cost": 69620.17, "Plan Rows": 630, "Plan Width": 37, "Actual Min Startup Time": 189.168, "Actual Max Startup Time": 189.168, "Actual Min Total Time": 288.938, "Actual Max Total Time": 288.938, "Inner Unique": true, "Plans": [{"Node Type": "Nested Loop", "Parent Relationship": "Outer", "Join Type": "Inner", "Startup Cost": 2.41, "Total Cost": 69317.55, "Plan Rows": 1052, "Plan Width": 41, "Actual Min Startup Time": 189.132, "Actual Max Startup Time": 189.132, "Actual Min Total Time": 273.973, "Actual Max Total Time": 273.973, "Inner Unique": false, "Plans": [{"Node Type": "Nested Loop", "Parent Relationship": "Outer", "Join Type": "Inner", "Startup Cost": 2.41, "Total Cost": 69028.47, "Plan Rows": 490, "Plan Width": 29, "Actual Min Startup Time": 189.108, "Actual Max Startup Time": 189.108, "Actual Min Total Time": 266.308, "Actual Max Total Time": 266.308, "Inner Unique": false, "Plans": [{"Node Type": "Hash Join", "Parent Relationship": "Outer", "Join Type": "Inner", "Startup Cost": 2.41, "Total Cost": 68552.78, "Plan Rows": 192, "Plan Width": 4, "Actual Min Startup Time": 188.85, "Actual Max Startup Time": 188.85, "Actual Min Total Time": 230.579, "Actual Max Total Time": 230.579, "Inner Unique": true, "Hash Cond": "(mi.info_type_id = it1.id)", "Plans": [{"Node Type": "Streaming(type: LOCAL GATHER dop: 1/64)", "Parent Relationship": "Outer", "Startup Cost": 0.0, "Total Cost": 68498.12, "Plan Rows": 13419, "Plan Width": 8, "Actual Min Startup Time": 188.619, "Actual Max Startup Time": 188.619, "Actual Min Total Time": 224.163, "Actual Max Total Time": 224.163, "Plans": [{"Node Type": "Seq Scan", "Parent Relationship": "Outer", "Relation Name": "movie_info", "Alias": "mi", "Startup Cost": 0.0, "Total Cost": 68221.29, "Plan Rows": 13419, "Plan Width": 8, "Actual Min Startup Time": 0.106, "Actual Max Startup Time": 26.486, "Actual Min Total Time": 61.261, "Actual Max Total Time": 81.185, "Filter": "((note)::text ~~ '%internet%'::text)", "Rows Removed by Filter": 14824909, "Actual Rows": 10810}], "Actual Rows": 10810}, {"Node Type": "Hash", "Parent Relationship": "Inner", "Startup Cost": 2.4, "Total Cost": 2.4, "Plan Rows": 1, "Plan Width": 4, "Actual Min Startup Time": 0.135, "Actual Max Startup Time": 0.135, "Actual Min Total Time": 0.135, "Actual Max Total Time": 0.135, "Max Hash Buckets": 32768, "Min Hash Buckets": 32768, "Max Hash Batches": 1, "Min Hash Batches": 1, "Max Original Hash Batches": 1, "Min Original Hash Batches": 1, "Max Peak Memory Usage": 1, "min Peak Memory Usage": 1, "Plans": [{"Node Type": "Seq Scan", "Parent Relationship": "Outer", "Relation Name": "info_type", "Alias": "it1", "Startup Cost": 0.0, "Total Cost": 2.4, "Plan Rows": 1, "Plan Width": 4, "Actual Min Startup Time": 0.093, "Actual Max Startup Time": 0.093, "Actual Min Total Time": 0.116, "Actual Max Total Time": 0.116, "Filter": "((info)::text = 'release dates'::text)", "Rows Removed by Filter": 111, "Actual Rows": 1}], "Actual Rows": 1}], "Actual Rows": 10679}, {"Node Type": "Index Scan", "Parent Relationship": "Inner", "Scan Direction": "Forward", "Index Name": "movie_id_aka_title", "Relation Name": "aka_title", "Alias": "at", "Startup Cost": 0.0, "Total Cost": 2.45, "Plan Rows": 3, "Plan Width": 25, "Actual Min Startup Time": 29.471, "Actual Max Startup Time": 29.471, "Actual Min Total Time": 30.181, "Actual Max Total Time": 30.181, "Index Cond": "(movie_id = mi.movie_id)", "Rows Removed by Index Recheck": 0, "Actual Rows": 591}], "Actual Rows": 591}, {"Node Type": "Index Scan", "Parent Relationship": "Inner", "Scan Direction": "Forward", "Index Name": "movie_id_movie_companies", "Relation Name": "movie_companies", "Alias": "mc", "Startup Cost": 0.0, "Total Cost": 0.57, "Plan Rows": 2, "Plan Width": 12, "Actual Min Startup Time": 4.762, "Actual Max Startup Time": 4.762, "Actual Min Total Time": 6.521, "Actual Max Total Time": 6.521, "Index Cond": "(movie_id = at.movie_id)", "Rows Removed by Index Recheck": 0, "Actual Rows": 2130}], "Actual Rows": 2130}, {"Node Type": "Index Scan", "Parent Relationship": "Inner", "Scan Direction": "Forward", "Index Name": "company_name_pkey", "Relation Name": "company_name", "Alias": "cn", "Startup Cost": 0.0, "Total Cost": 0.28, "Plan Rows": 1, "Plan Width": 4, "Actual Min Startup Time": 13.279, "Actual Max Startup Time": 13.279, "Actual Min Total Time": 13.279, "Actual Max Total Time": 13.279, "Index Cond": "(id = mc.company_id)", "Rows Removed by Index Recheck": 0, "Filter": "((country_code)::text = '[us]'::text)", "Rows Removed by Filter": 1234, "Actual Rows": 896}], "Actual Rows": 896}, {"Node Type": "Index Scan", "Parent Relationship": "Inner", "Scan Direction": "Forward", "Index Name": "company_type_pkey", "Relation Name": "company_type", "Alias": "ct", "Startup Cost": 0.0, "Total Cost": 0.27, "Plan Rows": 1, "Plan Width": 4, "Actual Min Startup Time": 1.211, "Actual Max Startup Time": 1.211, "Actual Min Total Time": 1.211, "Actual Max Total Time": 1.211, "Index Cond": "(id = mc.company_type_id)", "Rows Removed by Index Recheck": 0, "Actual Rows": 382}], "Actual Rows": 382}, {"Node Type": "Index Scan", "Parent Relationship": "Inner", "Scan Direction": "Forward", "Index Name": "title_pkey", "Relation Name": "title", "Alias": "t", "Startup Cost": 0.0, "Total Cost": 0.34, "Plan Rows": 1, "Plan Width": 21, "Actual Min Startup Time": 2.875, "Actual Max Startup Time": 2.875, "Actual Min Total Time": 2.875, "Actual Max Total Time": 2.875, "Index Cond": "(id = mc.movie_id)", "Rows Removed by Index Recheck": 0, "Filter": "(production_year > 1990)", "Rows Removed by Filter": 0, "Actual Rows": 382}], "Actual Rows": 382}, {"Node Type": "Index Scan", "Parent Relationship": "Inner", "Scan Direction": "Forward", "Index Name": "movie_id_movie_keyword", "Relation Name": "movie_keyword", "Alias": "mk", "Startup Cost": 0.0, "Total Cost": 0.46, "Plan Rows": 8, "Plan Width": 8, "Actual Min Startup Time": 3.051, "Actual Max Startup Time": 3.051, "Actual Min Total Time": 5.029, "Actual Max Total Time": 5.029, "Index Cond": "(movie_id = mc.movie_id)", "Rows Removed by Index Recheck": 0, "Actual Rows": 4371}], "Actual Rows": 4371}, {"Node Type": "Index Scan", "Parent Relationship": "Inner", "Scan Direction": "Forward", "Index Name": "keyword_pkey", "Relation Name": "keyword", "Alias": "k", "Startup Cost": 0.0, "Total Cost": 0.27, "Plan Rows": 1, "Plan Width": 4, "Actual Min Startup Time": 20.348, "Actual Max Startup Time": 20.348, "Actual Min Total Time": 20.348, "Actual Max Total Time": 20.348, "Index Cond": "(id = mk.keyword_id)", "Rows Removed by Index Recheck": 0, "Actual Rows": 4371}], "Actual Rows": 4371}], "Actual Rows": 1}, "Triggers": [], "Planner Runtime": 239, "Total Runtime": 342.126, "Unique SQL Id": 2302223328}}, "(64, 77)": {"explain_plan": {"Plan": {"Node Type": "Aggregate", "Strategy": "Plain", "Startup Cost": 499668.27, "Total Cost": 499668.28, "Plan Rows": 1, "Plan Width": 102, "Plans": [{"Node Type": "Nested Loop", "Parent Relationship": "Outer", "Join Type": "Inner", "Startup Cost": 0.0, "Total Cost": 499633.06, "Plan Rows": 7042, "Plan Width": 38, "Inner Unique": true, "Plans": [{"Node Type": "Nested Loop", "Parent Relationship": "Outer", "Join Type": "Inner", "Startup Cost": 0.0, "Total Cost": 497656.5, "Plan Rows": 7042, "Plan Width": 42, "Inner Unique": false, "Join Filter": "(t.id = mk.movie_id)", "Plans": [{"Node Type": "Nested Loop", "Parent Relationship": "Outer", "Join Type": "Inner", "Startup Cost": 0.0, "Total Cost": 497165.52, "Plan Rows": 873, "Plan Width": 54, "Inner Unique": true, "Join Filter": "(at.movie_id = t.id)", "Plans": [{"Node Type": "Nested Loop", "Parent Relationship": "Outer", "Join Type": "Inner", "Startup Cost": 0.0, "Total Cost": 496943.44, "Plan Rows": 630, "Plan Width": 33, "Inner Unique": true, "Plans": [{"Node Type": "Nested Loop", "Parent Relationship": "Outer", "Join Type": "Inner", "Startup Cost": 0.0, "Total Cost": 496767.04, "Plan Rows": 630, "Plan Width": 37, "Inner Unique": true, "Plans": [{"Node Type": "Nested Loop", "Parent Relationship": "Outer", "Join Type": "Inner", "Startup Cost": 0.0, "Total Cost": 496464.42, "Plan Rows": 1052, "Plan Width": 41, "Inner Unique": false, "Plans": [{"Node Type": "Nested Loop", "Parent Relationship": "Outer", "Join Type": "Inner", "Startup Cost": 0.0, "Total Cost": 496175.34, "Plan Rows": 490, "Plan Width": 29, "Inner Unique": false, "Plans": [{"Node Type": "Nested Loop", "Parent Relationship": "Outer", "Join Type": "Inner", "Startup Cost": 0.0, "Total Cost": 495699.65, "Plan Rows": 192, "Plan Width": 4, "Inner Unique": false, "Plans": [{"Node Type": "Index Scan", "Parent Relationship": "Outer", "Scan Direction": "Forward", "Index Name": "info_type_pkey", "Relation Name": "info_type", "Alias": "it1", "Startup Cost": 0.0, "Total Cost": 14.21, "Plan Rows": 1, "Plan Width": 4, "Filter": "((info)::text = 'release dates'::text)"}, {"Node Type": "Index Scan", "Parent Relationship": "Inner", "Scan Direction": "Forward", "Index Name": "info_type_id_movie_info", "Relation Name": "movie_info", "Alias": "mi", "Startup Cost": 0.0, "Total Cost": 495683.52, "Plan Rows": 192, "Plan Width": 8, "Index Cond": "(info_type_id = it1.id)", "Filter": "((note)::text ~~ '%internet%'::text)"}]}, {"Node Type": "Index Scan", "Parent Relationship": "Inner", "Scan Direction": "Forward", "Index Name": "movie_id_aka_title", "Relation Name": "aka_title", "Alias": "at", "Startup Cost": 0.0, "Total Cost": 2.45, "Plan Rows": 3, "Plan Width": 25, "Index Cond": "(movie_id = mi.movie_id)"}]}, {"Node Type": "Index Scan", "Parent Relationship": "Inner", "Scan Direction": "Forward", "Index Name": "movie_id_movie_companies", "Relation Name": "movie_companies", "Alias": "mc", "Startup Cost": 0.0, "Total Cost": 0.57, "Plan Rows": 2, "Plan Width": 12, "Index Cond": "(movie_id = at.movie_id)"}]}, {"Node Type": "Index Scan", "Parent Relationship": "Inner", "Scan Direction": "Forward", "Index Name": "company_name_pkey", "Relation Name": "company_name", "Alias": "cn", "Startup Cost": 0.0, "Total Cost": 0.28, "Plan Rows": 1, "Plan Width": 4, "Index Cond": "(id = mc.company_id)", "Filter": "((country_code)::text = '[us]'::text)"}]}, {"Node Type": "Index Scan", "Parent Relationship": "Inner", "Scan Direction": "Forward", "Index Name": "company_type_pkey", "Relation Name": "company_type", "Alias": "ct", "Startup Cost": 0.0, "Total Cost": 0.27, "Plan Rows": 1, "Plan Width": 4, "Index Cond": "(id = mc.company_type_id)"}]}, {"Node Type": "Index Scan", "Parent Relationship": "Inner", "Scan Direction": "Forward", "Index Name": "title_pkey", "Relation Name": "title", "Alias": "t", "Startup Cost": 0.0, "Total Cost": 0.34, "Plan Rows": 1, "Plan Width": 21, "Index Cond": "(id = mc.movie_id)", "Filter": "(production_year > 1990)"}]}, {"Node Type": "Index Scan", "Parent Relationship": "Inner", "Scan Direction": "Forward", "Index Name": "movie_id_movie_keyword", "Relation Name": "movie_keyword", "Alias": "mk", "Startup Cost": 0.0, "Total Cost": 0.46, "Plan Rows": 8, "Plan Width": 8, "Index Cond": "(movie_id = mc.movie_id)"}]}, {"Node Type": "Index Scan", "Parent Relationship": "Inner", "Scan Direction": "Forward", "Index Name": "keyword_pkey", "Relation Name": "keyword", "Alias": "k", "Startup Cost": 0.0, "Total Cost": 0.27, "Plan Rows": 1, "Plan Width": 4, "Index Cond": "(id = mk.keyword_id)"}]}]}, "Unique SQL Id": 2302223328, "Planner Runtime": 182}, "explain_analyze_plan": null}, "(64, 78)": {"explain_plan": {"Plan": {"Node Type": "Aggregate", "Strategy": "Plain", "Startup Cost": 311589.1, "Total Cost": 311589.11, "Plan Rows": 1, "Plan Width": 102, "Plans": [{"Node Type": "Hash Join", "Parent Relationship": "Outer", "Join Type": "Inner", "Startup Cost": 157287.12, "Total Cost": 311553.89, "Plan Rows": 7042, "Plan Width": 38, "Inner Unique": true, "Hash Cond": "(mk.keyword_id = k.id)", "Plans": [{"Node Type": "Hash Join", "Parent Relationship": "Outer", "Join Type": "Inner", "Startup Cost": 153509.32, "Total Cost": 307680.65, "Plan Rows": 7042, "Plan Width": 42, "Inner Unique": true, "Hash Cond": "(mc.company_type_id = ct.id)", "Plans": [{"Node Type": "Hash Join", "Parent Relationship": "Outer", "Join Type": "Inner", "Startup Cost": 153508.25, "Total Cost": 307582.75, "Plan Rows": 7042, "Plan Width": 46, "Inner Unique": true, "Hash Cond": "(mc.company_id = cn.id)", "Plans": [{"Node Type": "Streaming(type: LOCAL GATHER dop: 1/64)", "Parent Relationship": "Outer", "Startup Cost": 150967.76, "Total Cost": 304940.38, "Plan Rows": 11758, "Plan Width": 50, "Plans": [{"Node Type": "Hash Join", "Parent Relationship": "Outer", "Join Type": "Inner", "Startup Cost": 150967.76, "Total Cost": 304697.82, "Plan Rows": 11758, "Plan Width": 50, "Inner Unique": true, "Hash Cond": "(at.movie_id = t.id)", "Plans": [{"Node Type": "Streaming(type: BROADCAST dop: 64/1)", "Parent Relationship": "Outer", "Startup Cost": 134616.86, "Total Cost": 288313.24, "Plan Rows": 543168, "Plan Width": 49, "Plans": [{"Node Type": "Hash Join", "Parent Relationship": "Outer", "Join Type": "Inner", "Startup Cost": 134616.86, "Total Cost": 214107.75, "Plan Rows": 8487, "Plan Width": 49, "Inner Unique": false, "Hash Cond": "(mk.movie_id = at.movie_id)", "Plans": [{"Node Type": "Seq Scan", "Parent Relationship": "Outer", "Relation Name": "movie_keyword", "Alias": "mk", "Startup Cost": 0.0, "Total Cost": 62441.29, "Plan Rows": 4523929, "Plan Width": 8}, {"Node Type": "Hash", "Parent Relationship": "Inner", "Startup Cost": 134603.71, "Total Cost": 134603.71, "Plan Rows": 1052, "Plan Width": 41, "Plans": [{"Node Type": "Hash Join", "Parent Relationship": "Outer", "Join Type": "Inner", "Startup Cost": 82991.79, "Total Cost": 134603.71, "Plan Rows": 1052, "Plan Width": 41, "Inner Unique": false, "Hash Cond": "(mc.movie_id = at.movie_id)", "Plans": [{"Node Type": "Seq Scan", "Parent Relationship": "Outer", "Relation Name": "movie_companies", "Alias": "mc", "Startup Cost": 0.0, "Total Cost": 41817.28, "Plan Rows": 2609128, "Plan Width": 12}, {"Node Type": "Hash", "Parent Relationship": "Inner", "Startup Cost": 82985.66, "Total Cost": 82985.66, "Plan Rows": 490, "Plan Width": 29, "Plans": [{"Node Type": "Hash Join", "Parent Relationship": "Outer", "Join Type": "Inner", "Startup Cost": 14415.51, "Total Cost": 82985.66, "Plan Rows": 490, "Plan Width": 29, "Inner Unique": false, "Hash Cond": "(mi.movie_id = at.movie_id)", "Plans": [{"Node Type": "Hash Join", "Parent Relationship": "Outer", "Join Type": "Inner", "Startup Cost": 2.41, "Total Cost": 68552.78, "Plan Rows": 192, "Plan Width": 4, "Inner Unique": true, "Hash Cond": "(mi.info_type_id = it1.id)", "Plans": [{"Node Type": "Streaming(type: LOCAL GATHER dop: 1/64)", "Parent Relationship": "Outer", "Startup Cost": 0.0, "Total Cost": 68498.12, "Plan Rows": 13419, "Plan Width": 8, "Plans": [{"Node Type": "Seq Scan", "Parent Relationship": "Outer", "Relation Name": "movie_info", "Alias": "mi", "Startup Cost": 0.0, "Total Cost": 68221.29, "Plan Rows": 13419, "Plan Width": 8, "Filter": "((note)::text ~~ '%internet%'::text)"}]}, {"Node Type": "Hash", "Parent Relationship": "Inner", "Startup Cost": 2.4, "Total Cost": 2.4, "Plan Rows": 1, "Plan Width": 4, "Plans": [{"Node Type": "Seq Scan", "Parent Relationship": "Outer", "Relation Name": "info_type", "Alias": "it1", "Startup Cost": 0.0, "Total Cost": 2.4, "Plan Rows": 1, "Plan Width": 4, "Filter": "((info)::text = 'release dates'::text)"}]}]}, {"Node Type": "Hash", "Parent Relationship": "Inner", "Startup Cost": 9894.71, "Total Cost": 9894.71, "Plan Rows": 361471, "Plan Width": 25, "Plans": [{"Node Type": "Seq Scan", "Parent Relationship": "Outer", "Relation Name": "aka_title", "Alias": "at", "Startup Cost": 0.0, "Total Cost": 9894.71, "Plan Rows": 361471, "Plan Width": 25}]}]}]}]}]}]}]}, {"Node Type": "Hash", "Parent Relationship": "Inner", "Startup Cost": 64037.34, "Total Cost": 64037.34, "Plan Rows": 1748840, "Plan Width": 21, "Plans": [{"Node Type": "Seq Scan", "Parent Relationship": "Outer", "Relation Name": "title", "Alias": "t", "Startup Cost": 0.0, "Total Cost": 64037.34, "Plan Rows": 1748840, "Plan Width": 21, "Filter": "(production_year > 1990), (LLVM Optimized)"}]}]}]}, {"Node Type": "Hash", "Parent Relationship": "Inner", "Startup Cost": 5903.45, "Total Cost": 5903.45, "Plan Rows": 85170, "Plan Width": 4, "Plans": [{"Node Type": "Seq Scan", "Parent Relationship": "Outer", "Relation Name": "company_name", "Alias": "cn", "Startup Cost": 0.0, "Total Cost": 5903.45, "Plan Rows": 85170, "Plan Width": 4, "Filter": "((country_code)::text = '[us]'::text)"}]}]}, {"Node Type": "Hash", "Parent Relationship": "Inner", "Startup Cost": 1.03, "Total Cost": 1.03, "Plan Rows": 3, "Plan Width": 4, "Plans": [{"Node Type": "Seq Scan", "Parent Relationship": "Outer", "Relation Name": "company_type", "Alias": "ct", "Startup Cost": 0.0, "Total Cost": 1.03, "Plan Rows": 3, "Plan Width": 4}]}]}, {"Node Type": "Hash", "Parent Relationship": "Inner", "Startup Cost": 2100.69, "Total Cost": 2100.69, "Plan Rows": 134169, "Plan Width": 4, "Plans": [{"Node Type": "Seq Scan", "Parent Relationship": "Outer", "Relation Name": "keyword", "Alias": "k", "Startup Cost": 0.0, "Total Cost": 2100.69, "Plan Rows": 134169, "Plan Width": 4}]}]}]}, "Unique SQL Id": 2302223328, "Planner Runtime": 359}, "explain_analyze_plan": null}, "(64, 79)": {"explain_plan": {"Plan": {"Node Type": "Aggregate", "Strategy": "Plain", "Startup Cost": 8990595369594.69, "Total Cost": 8990595369594.7, "Plan Rows": 1, "Plan Width": 102, "Plans": [{"Node Type": "Hash Join", "Parent Relationship": "Outer", "Join Type": "Inner", "Startup Cost": 4050658436914.2, "Total Cost": 8990595369559.48, "Plan Rows": 7042, "Plan Width": 38, "Inner Unique": true, "Hash Cond": "(mk.keyword_id = k.id)", "Plans": [{"Node Type": "Hash Join", "Parent Relationship": "Outer", "Join Type": "Inner", "Startup Cost": 3050658150507.65, "Total Cost": 7990595083057.49, "Plan Rows": 7042, "Plan Width": 42, "Inner Unique": true, "Hash Cond": "(mc.company_type_id = ct.id)", "Plans": [{"Node Type": "Hash Join", "Parent Relationship": "Outer", "Join Type": "Inner", "Startup Cost": 2050658149278.11, "Total Cost": 6990595081731.13, "Plan Rows": 7042, "Plan Width": 46, "Inner Unique": true, "Hash Cond": "(mc.company_id = cn.id)", "Plans": [{"Node Type": "Hash Join", "Parent Relationship": "Outer", "Join Type": "Inner", "Startup Cost": 1050657098074.52, "Total Cost": 5990594030425.65, "Plan Rows": 11758, "Plan Width": 50, "Inner Unique": true, "Hash Cond": "(mi.info_type_id = it1.id)", "Plans": [{"Node Type": "Merge Join", "Parent Relationship": "Outer", "Join Type": "Inner", "Startup Cost": 50657096653.5, "Total Cost": 4990594026824.22, "Plan Rows": 823077, "Plan Width": 54, "Inner Unique": false, "Merge Cond": "(t.id = mk.movie_id)", "Plans": [{"Node Type": "Merge Join", "Parent Relationship": "Outer", "Join Type": "Inner", "Startup Cost": 40191975912.29, "Total Cost": 3994454717145.8, "Plan Rows": 102019, "Plan Width": 66, "Inner Unique": false, "Merge Cond": "(t.id = at.movie_id)", "Plans": [{"Node Type": "Merge Join", "Parent Relationship": "Outer", "Join Type": "Inner", "Startup Cost": 30024908232.05, "Total Cost": 2997514380028.91, "Plan Rows": 39739, "Plan Width": 41, "Inner Unique": false, "Merge Cond": "(t.id = mc.movie_id)", "Plans": [{"Node Type": "Merge Join", "Parent Relationship": "Outer", "Join Type": "Inner", "Startup Cost": 20024908232.05, "Total Cost": 1999417789951.33, "Plan Rows": 18591, "Plan Width": 29, "Inner Unique": true, "Merge Cond": "(mi.movie_id = t.id)", "Plans": [{"Node Type": "Index Scan", "Parent Relationship": "Outer", "Scan Direction": "Forward", "Index Name": "movie_id_movie_info", "Relation Name": "movie_info", "Alias": "mi", "Startup Cost": 10000000000.0, "Total Cost": 1000107534403.72, "Plan Rows": 13419, "Plan Width": 8, "Filter": "((note)::text ~~ '%internet%'::text)"}, {"Node Type": "Index Scan", "Parent Relationship": "Inner", "Scan Direction": "Forward", "Index Name": "title_pkey", "Relation Name": "title", "Alias": "t", "Startup Cost": 10000000000.0, "Total Cost": 1000011644126.66, "Plan Rows": 1748840, "Plan Width": 21, "Filter": "(production_year > 1990), (LLVM Optimized)"}]}, {"Node Type": "Index Scan", "Parent Relationship": "Inner", "Scan Direction": "Forward", "Index Name": "movie_id_movie_companies", "Relation Name": "movie_companies", "Alias": "mc", "Startup Cost": 10000000000.0, "Total Cost": 1000013051946.13, "Plan Rows": 2609128, "Plan Width": 12}]}, {"Node Type": "Index Scan", "Parent Relationship": "Inner", "Scan Direction": "Forward", "Index Name": "movie_id_aka_title", "Relation Name": "aka_title", "Alias": "at", "Startup Cost": 10000000000.0, "Total Cost": 1000001990001.13, "Plan Rows": 361471, "Plan Width": 25}]}, {"Node Type": "Index Scan", "Parent Relationship": "Inner", "Scan Direction": "Forward", "Index Name": "movie_id_movie_keyword", "Relation Name": "movie_keyword", "Alias": "mk", "Startup Cost": 10000000000.0, "Total Cost": 1000015300634.17, "Plan Rows": 4523929, "Plan Width": 8}]}, {"Node Type": "Hash", "Parent Relationship": "Inner", "Startup Cost": 1000000001421.0, "Total Cost": 1000000001421.0, "Plan Rows": 1, "Plan Width": 4, "Plans": [{"Node Type": "Index Scan", "Parent Relationship": "Outer", "Scan Direction": "Forward", "Index Name": "info_type_pkey", "Relation Name": "info_type", "Alias": "it1", "Startup Cost": 10000000000.0, "Total Cost": 1000000001421.0, "Plan Rows": 1, "Plan Width": 4, "Filter": "((info)::text = 'release dates'::text)"}]}]}, {"Node Type": "Hash", "Parent Relationship": "Inner", "Startup Cost": 1000001050138.97, "Total Cost": 1000001050138.97, "Plan Rows": 85170, "Plan Width": 4, "Plans": [{"Node Type": "Index Scan", "Parent Relationship": "Outer", "Scan Direction": "Forward", "Index Name": "company_name_pkey", "Relation Name": "company_name", "Alias": "cn", "Startup Cost": 10000000000.0, "Total Cost": 1000001050138.97, "Plan Rows": 85170, "Plan Width": 4, "Filter": "((country_code)::text = '[us]'::text)"}]}]}, {"Node Type": "Hash", "Parent Relationship": "Inner", "Startup Cost": 1000000001229.5, "Total Cost": 1000000001229.5, "Plan Rows": 3, "Plan Width": 4, "Plans": [{"Node Type": "Index Scan", "Parent Relationship": "Outer", "Scan Direction": "Forward", "Index Name": "company_type_pkey", "Relation Name": "company_type", "Alias": "ct", "Startup Cost": 10000000000.0, "Total Cost": 1000000001229.5, "Plan Rows": 3, "Plan Width": 4}]}]}, {"Node Type": "Hash", "Parent Relationship": "Inner", "Startup Cost": 1000000284729.43, "Total Cost": 1000000284729.43, "Plan Rows": 134169, "Plan Width": 4, "Plans": [{"Node Type": "Index Scan", "Parent Relationship": "Outer", "Scan Direction": "Forward", "Index Name": "keyword_pkey", "Relation Name": "keyword", "Alias": "k", "Startup Cost": 10000000000.0, "Total Cost": 1000000284729.43, "Plan Rows": 134169, "Plan Width": 4}]}]}]}, "Unique SQL Id": 2302223328, "Planner Runtime": 940}, "explain_analyze_plan": null}, "(64, 80)": {"explain_plan": {"Plan": {"Node Type": "Aggregate", "Strategy": "Plain", "Startup Cost": 75461.21, "Total Cost": 75461.22, "Plan Rows": 1, "Plan Width": 102, "Plans": [{"Node Type": "Nested Loop", "Parent Relationship": "Outer", "Join Type": "Inner", "Startup Cost": 0.0, "Total Cost": 75426.34, "Plan Rows": 6974, "Plan Width": 38, "Inner Unique": false, "Join Filter": "(t.id = at.movie_id)", "Plans": [{"Node Type": "Nested Loop", "Parent Relationship": "Outer", "Join Type": "Inner", "Startup Cost": 0.0, "Total Cost": 74627.72, "Plan Rows": 2257, "Plan Width": 33, "Inner Unique": true, "Plans": [{"Node Type": "Nested Loop", "Parent Relationship": "Outer", "Join Type": "Inner", "Startup Cost": 0.0, "Total Cost": 73995.74, "Plan Rows": 2257, "Plan Width": 37, "Inner Unique": false, "Join Filter": "(t.id = mk.movie_id)", "Plans": [{"Node Type": "Nested Loop", "Parent Relationship": "Outer", "Join Type": "Inner", "Startup Cost": 0.0, "Total Cost": 73839.39, "Plan Rows": 278, "Plan Width": 29, "Inner Unique": true, "Plans": [{"Node Type": "Nested Loop", "Parent Relationship": "Outer", "Join Type": "Inner", "Startup Cost": 0.0, "Total Cost": 73705.55, "Plan Rows": 478, "Plan Width": 33, "Inner Unique": true, "Plans": [{"Node Type": "Nested Loop", "Parent Relationship": "Outer", "Join Type": "Inner", "Startup Cost": 0.0, "Total Cost": 73542.16, "Plan Rows": 568, "Plan Width": 37, "Inner Unique": false, "Plans": [{"Node Type": "Nested Loop", "Parent Relationship": "Outer", "Join Type": "Inner", "Startup Cost": 0.0, "Total Cost": 73444.3, "Plan Rows": 266, "Plan Width": 25, "Inner Unique": true, "Plans": [{"Node Type": "Nested Loop", "Parent Relationship": "Outer", "Join Type": "Inner", "Startup Cost": 0.0, "Total Cost": 72300.99, "Plan Rows": 192, "Plan Width": 4, "Inner Unique": true, "Plans": [{"Node Type": "Streaming(type: LOCAL GATHER dop: 1/64)", "Parent Relationship": "Outer", "Startup Cost": 0.0, "Total Cost": 68498.12, "Plan Rows": 13419, "Plan Width": 8, "Plans": [{"Node Type": "Seq Scan", "Parent Relationship": "Outer", "Relation Name": "movie_info", "Alias": "mi", "Startup Cost": 0.0, "Total Cost": 68221.29, "Plan Rows": 13419, "Plan Width": 8, "Filter": "((note)::text ~~ '%internet%'::text)"}]}, {"Node Type": "Index Scan", "Parent Relationship": "Inner", "Scan Direction": "Forward", "Index Name": "info_type_pkey", "Relation Name": "info_type", "Alias": "it1", "Startup Cost": 0.0, "Total Cost": 0.27, "Plan Rows": 1, "Plan Width": 4, "Index Cond": "(id = mi.info_type_id)", "Filter": "((info)::text = 'release dates'::text)"}]}, {"Node Type": "Index Scan", "Parent Relationship": "Inner", "Scan Direction": "Forward", "Index Name": "title_pkey", "Relation Name": "title", "Alias": "t", "Startup Cost": 0.0, "Total Cost": 5.94, "Plan Rows": 1, "Plan Width": 21, "Index Cond": "(id = mi.movie_id)", "Filter": "(production_year > 1990)"}]}, {"Node Type": "Index Scan", "Parent Relationship": "Inner", "Scan Direction": "Forward", "Index Name": "movie_id_movie_companies", "Relation Name": "movie_companies", "Alias": "mc", "Startup Cost": 0.0, "Total Cost": 0.35, "Plan Rows": 2, "Plan Width": 12, "Index Cond": "(movie_id = t.id)"}]}, {"Node Type": "Index Scan", "Parent Relationship": "Inner", "Scan Direction": "Forward", "Index Name": "company_name_pkey", "Relation Name": "company_name", "Alias": "cn", "Startup Cost": 0.0, "Total Cost": 0.28, "Plan Rows": 1, "Plan Width": 4, "Index Cond": "(id = mc.company_id)", "Filter": "((country_code)::text = '[us]'::text)"}]}, {"Node Type": "Index Only Scan", "Parent Relationship": "Inner", "Scan Direction": "Forward", "Index Name": "company_type_pkey", "Relation Name": "company_type", "Alias": "ct", "Startup Cost": 0.0, "Total Cost": 0.27, "Plan Rows": 1, "Plan Width": 4, "Index Cond": "(id = mc.company_type_id)"}]}, {"Node Type": "Index Scan", "Parent Relationship": "Inner", "Scan Direction": "Forward", "Index Name": "movie_id_movie_keyword", "Relation Name": "movie_keyword", "Alias": "mk", "Startup Cost": 0.0, "Total Cost": 0.46, "Plan Rows": 8, "Plan Width": 8, "Index Cond": "(movie_id = mc.movie_id)"}]}, {"Node Type": "Index Only Scan", "Parent Relationship": "Inner", "Scan Direction": "Forward", "Index Name": "keyword_pkey", "Relation Name": "keyword", "Alias": "k", "Startup Cost": 0.0, "Total Cost": 0.27, "Plan Rows": 1, "Plan Width": 4, "Index Cond": "(id = mk.keyword_id)"}]}, {"Node Type": "Index Scan", "Parent Relationship": "Inner", "Scan Direction": "Forward", "Index Name": "movie_id_aka_title", "Relation Name": "aka_title", "Alias": "at", "Startup Cost": 0.0, "Total Cost": 0.32, "Plan Rows": 3, "Plan Width": 25, "Index Cond": "(movie_id = mk.movie_id)"}]}]}, "Unique SQL Id": 2302223328, "Planner Runtime": 153}, "explain_analyze_plan": {"Plan": {"Node Type": "Aggregate", "Strategy": "Plain", "Startup Cost": 75461.21, "Total Cost": 75461.22, "Plan Rows": 1, "Plan Width": 102, "Actual Min Startup Time": 500.66, "Actual Max Startup Time": 500.66, "Actual Min Total Time": 500.66, "Actual Max Total Time": 500.66, "Plans": [{"Node Type": "Nested Loop", "Parent Relationship": "Outer", "Join Type": "Inner", "Startup Cost": 0.0, "Total Cost": 75426.34, "Plan Rows": 6974, "Plan Width": 38, "Actual Min Startup Time": 80.402, "Actual Max Startup Time": 80.402, "Actual Min Total Time": 497.848, "Actual Max Total Time": 497.848, "Inner Unique": false, "Join Filter": "(t.id = at.movie_id)", "Rows Removed by Join Filter": 0, "Plans": [{"Node Type": "Nested Loop", "Parent Relationship": "Outer", "Join Type": "Inner", "Startup Cost": 0.0, "Total Cost": 74627.72, "Plan Rows": 2257, "Plan Width": 33, "Actual Min Startup Time": 79.505, "Actual Max Startup Time": 79.505, "Actual Min Total Time": 453.853, "Actual Max Total Time": 453.853, "Inner Unique": true, "Plans": [{"Node Type": "Nested Loop", "Parent Relationship": "Outer", "Join Type": "Inner", "Startup Cost": 0.0, "Total Cost": 73995.74, "Plan Rows": 2257, "Plan Width": 37, "Actual Min Startup Time": 79.493, "Actual Max Startup Time": 79.493, "Actual Min Total Time": 405.776, "Actual Max Total Time": 405.776, "Inner Unique": false, "Join Filter": "(t.id = mk.movie_id)", "Rows Removed by Join Filter": 0, "Plans": [{"Node Type": "Nested Loop", "Parent Relationship": "Outer", "Join Type": "Inner", "Startup Cost": 0.0, "Total Cost": 73839.39, "Plan Rows": 278, "Plan Width": 29, "Actual Min Startup Time": 79.203, "Actual Max Startup Time": 79.203, "Actual Min Total Time": 365.925, "Actual Max Total Time": 365.925, "Inner Unique": true, "Plans": [{"Node Type": "Nested Loop", "Parent Relationship": "Outer", "Join Type": "Inner", "Startup Cost": 0.0, "Total Cost": 73705.55, "Plan Rows": 478, "Plan Width": 33, "Actual Min Startup Time": 79.177, "Actual Max Startup Time": 79.177, "Actual Min Total Time": 350.952, "Actual Max Total Time": 350.952, "Inner Unique": true, "Plans": [{"Node Type": "Nested Loop", "Parent Relationship": "Outer", "Join Type": "Inner", "Startup Cost": 0.0, "Total Cost": 73542.16, "Plan Rows": 568, "Plan Width": 37, "Actual Min Startup Time": 79.158, "Actual Max Startup Time": 79.158, "Actual Min Total Time": 276.592, "Actual Max Total Time": 276.592, "Inner Unique": false, "Plans": [{"Node Type": "Nested Loop", "Parent Relationship": "Outer", "Join Type": "Inner", "Startup Cost": 0.0, "Total Cost": 73444.3, "Plan Rows": 266, "Plan Width": 25, "Actual Min Startup Time": 79.139, "Actual Max Startup Time": 79.139, "Actual Min Total Time": 206.179, "Actual Max Total Time": 206.179, "Inner Unique": true, "Plans": [{"Node Type": "Nested Loop", "Parent Relationship": "Outer", "Join Type": "Inner", "Startup Cost": 0.0, "Total Cost": 72300.99, "Plan Rows": 192, "Plan Width": 4, "Actual Min Startup Time": 79.117, "Actual Max Startup Time": 79.117, "Actual Min Total Time": 135.79, "Actual Max Total Time": 135.79, "Inner Unique": true, "Plans": [{"Node Type": "Streaming(type: LOCAL GATHER dop: 1/64)", "Parent Relationship": "Outer", "Startup Cost": 0.0, "Total Cost": 68498.12, "Plan Rows": 13419, "Plan Width": 8, "Actual Min Startup Time": 79.063, "Actual Max Startup Time": 79.063, "Actual Min Total Time": 105.345, "Actual Max Total Time": 105.345, "Plans": [{"Node Type": "Seq Scan", "Parent Relationship": "Outer", "Relation Name": "movie_info", "Alias": "mi", "Startup Cost": 0.0, "Total Cost": 68221.29, "Plan Rows": 13419, "Plan Width": 8, "Actual Min Startup Time": 0.112, "Actual Max Startup Time": 25.448, "Actual Min Total Time": 59.791, "Actual Max Total Time": 71.282, "Filter": "((note)::text ~~ '%internet%'::text)", "Rows Removed by Filter": 14824909, "Actual Rows": 10810}], "Actual Rows": 10810}, {"Node Type": "Index Scan", "Parent Relationship": "Inner", "Scan Direction": "Forward", "Index Name": "info_type_pkey", "Relation Name": "info_type", "Alias": "it1", "Startup Cost": 0.0, "Total Cost": 0.27, "Plan Rows": 1, "Plan Width": 4, "Actual Min Startup Time": 19.784, "Actual Max Startup Time": 19.784, "Actual Min Total Time": 19.784, "Actual Max Total Time": 19.784, "Index Cond": "(id = mi.info_type_id)", "Rows Removed by Index Recheck": 0, "Filter": "((info)::text = 'release dates'::text)", "Rows Removed by Filter": 131, "Actual Rows": 10679}], "Actual Rows": 10679}, {"Node Type": "Index Scan", "Parent Relationship": "Inner", "Scan Direction": "Forward", "Index Name": "title_pkey", "Relation Name": "title", "Alias": "t", "Startup Cost": 0.0, "Total Cost": 5.94, "Plan Rows": 1, "Plan Width": 21, "Actual Min Startup Time": 60.107, "Actual Max Startup Time": 60.107, "Actual Min Total Time": 60.107, "Actual Max Total Time": 60.107, "Index Cond": "(id = mi.movie_id)", "Rows Removed by Index Recheck": 0, "Filter": "(production_year > 1990)", "Rows Removed by Filter": 17, "Actual Rows": 10662}], "Actual Rows": 10662}, {"Node Type": "Index Scan", "Parent Relationship": "Inner", "Scan Direction": "Forward", "Index Name": "movie_id_movie_companies", "Relation Name": "movie_companies", "Alias": "mc", "Startup Cost": 0.0, "Total Cost": 0.35, "Plan Rows": 2, "Plan Width": 12, "Actual Min Startup Time": 49.5, "Actual Max Startup Time": 49.5, "Actual Min Total Time": 60.966, "Actual Max Total Time": 60.966, "Index Cond": "(movie_id = t.id)", "Rows Removed by Index Recheck": 0, "Actual Rows": 14377}], "Actual Rows": 14377}, {"Node Type": "Index Scan", "Parent Relationship": "Inner", "Scan Direction": "Forward", "Index Name": "company_name_pkey", "Relation Name": "company_name", "Alias": "cn", "Startup Cost": 0.0, "Total Cost": 0.28, "Plan Rows": 1, "Plan Width": 4, "Actual Min Startup Time": 63.235, "Actual Max Startup Time": 63.235, "Actual Min Total Time": 63.235, "Actual Max Total Time": 63.235, "Index Cond": "(id = mc.company_id)", "Rows Removed by Index Recheck": 0, "Filter": "((country_code)::text = '[us]'::text)", "Rows Removed by Filter": 4520, "Actual Rows": 9857}], "Actual Rows": 9857}, {"Node Type": "Index Only Scan", "Parent Relationship": "Inner", "Scan Direction": "Forward", "Index Name": "company_type_pkey", "Relation Name": "company_type", "Alias": "ct", "Startup Cost": 0.0, "Total Cost": 0.27, "Plan Rows": 1, "Plan Width": 4, "Actual Min Startup Time": 8.125, "Actual Max Startup Time": 8.125, "Actual Min Total Time": 8.125, "Actual Max Total Time": 8.125, "Index Cond": "(id = mc.company_type_id)", "Rows Removed by Index Recheck": 0, "Heap Fetches": 0, "Actual Rows": 5914}], "Actual Rows": 5914}, {"Node Type": "Index Scan", "Parent Relationship": "Inner", "Scan Direction": "Forward", "Index Name": "movie_id_movie_keyword", "Relation Name": "movie_keyword", "Alias": "mk", "Startup Cost": 0.0, "Total Cost": 0.46, "Plan Rows": 8, "Plan Width": 8, "Actual Min Startup Time": 24.804, "Actual Max Startup Time": 24.804, "Actual Min Total Time": 31.154, "Actual Max Total Time": 31.154, "Index Cond": "(movie_id = mc.movie_id)", "Rows Removed by Index Recheck": 0, "Actual Rows": 14161}], "Actual Rows": 14161}, {"Node Type": "Index Only Scan", "Parent Relationship": "Inner", "Scan Direction": "Forward", "Index Name": "keyword_pkey", "Relation Name": "keyword", "Alias": "k", "Startup Cost": 0.0, "Total Cost": 0.27, "Plan Rows": 1, "Plan Width": 4, "Actual Min Startup Time": 37.763, "Actual Max Startup Time": 37.763, "Actual Min Total Time": 37.763, "Actual Max Total Time": 37.763, "Index Cond": "(id = mk.keyword_id)", "Rows Removed by Index Recheck": 0, "Heap Fetches": 0, "Actual Rows": 14161}], "Actual Rows": 14161}, {"Node Type": "Index Scan", "Parent Relationship": "Inner", "Scan Direction": "Forward", "Index Name": "movie_id_aka_title", "Relation Name": "aka_title", "Alias": "at", "Startup Cost": 0.0, "Total Cost": 0.32, "Plan Rows": 3, "Plan Width": 25, "Actual Min Startup Time": 32.668, "Actual Max Startup Time": 32.668, "Actual Min Total Time": 34.866, "Actual Max Total Time": 34.866, "Index Cond": "(movie_id = mk.movie_id)", "Rows Removed by Index Recheck": 0, "Actual Rows": 4371}], "Actual Rows": 4371}], "Actual Rows": 1}, "Triggers": [], "Planner Runtime": 154, "Total Runtime": 512.483, "Unique SQL Id": 2302223328}}, "(64, 81)": {"explain_plan": {"Plan": {"Node Type": "Aggregate", "Strategy": "Plain", "Startup Cost": 167056.11, "Total Cost": 167056.12, "Plan Rows": 1, "Plan Width": 102, "Plans": [{"Node Type": "Nested Loop", "Parent Relationship": "Outer", "Join Type": "Inner", "Startup Cost": 4841.51, "Total Cost": 167021.24, "Plan Rows": 6974, "Plan Width": 38, "Inner Unique": false, "Join Filter": "(t.id = at.movie_id)", "Plans": [{"Node Type": "Nested Loop", "Parent Relationship": "Outer", "Join Type": "Inner", "Startup Cost": 4841.51, "Total Cost": 166222.62, "Plan Rows": 2257, "Plan Width": 33, "Inner Unique": true, "Plans": [{"Node Type": "Nested Loop", "Parent Relationship": "Outer", "Join Type": "Inner", "Startup Cost": 4841.51, "Total Cost": 165590.64, "Plan Rows": 2257, "Plan Width": 37, "Inner Unique": false, "Join Filter": "(t.id = mk.movie_id)", "Plans": [{"Node Type": "Nested Loop", "Parent Relationship": "Outer", "Join Type": "Inner", "Startup Cost": 4841.51, "Total Cost": 165434.29, "Plan Rows": 278, "Plan Width": 29, "Inner Unique": true, "Plans": [{"Node Type": "Nested Loop", "Parent Relationship": "Outer", "Join Type": "Inner", "Startup Cost": 4841.51, "Total Cost": 165300.45, "Plan Rows": 478, "Plan Width": 33, "Inner Unique": true, "Plans": [{"Node Type": "Nested Loop", "Parent Relationship": "Outer", "Join Type": "Inner", "Startup Cost": 4841.51, "Total Cost": 165137.06, "Plan Rows": 568, "Plan Width": 37, "Inner Unique": false, "Plans": [{"Node Type": "Nested Loop", "Parent Relationship": "Outer", "Join Type": "Inner", "Startup Cost": 4841.51, "Total Cost": 165039.2, "Plan Rows": 266, "Plan Width": 25, "Inner Unique": true, "Plans": [{"Node Type": "Nested Loop", "Parent Relationship": "Outer", "Join Type": "Inner", "Startup Cost": 4841.51, "Total Cost": 163895.89, "Plan Rows": 192, "Plan Width": 4, "Inner Unique": false, "Plans": [{"Node Type": "Index Scan", "Parent Relationship": "Outer", "Scan Direction": "Forward", "Index Name": "info_type_pkey", "Relation Name": "info_type", "Alias": "it1", "Startup Cost": 0.0, "Total Cost": 14.21, "Plan Rows": 1, "Plan Width": 4, "Filter": "((info)::text = 'release dates'::text)"}, {"Node Type": "Bitmap Heap Scan", "Parent Relationship": "Inner", "Relation Name": "movie_info", "Alias": "mi", "Startup Cost": 4841.51, "Total Cost": 163879.76, "Plan Rows": 192, "Plan Width": 8, "Recheck Cond": "(info_type_id = it1.id)", "Filter": "((note)::text ~~ '%internet%'::text)", "Plans": [{"Node Type": "Bitmap Index Scan", "Parent Relationship": "Outer", "Index Name": "info_type_id_movie_info", "Startup Cost": 0.0, "Total Cost": 4841.46, "Plan Rows": 212428, "Plan Width": 0, "Index Cond": "(info_type_id = it1.id)"}]}]}, {"Node Type": "Index Scan", "Parent Relationship": "Inner", "Scan Direction": "Forward", "Index Name": "title_pkey", "Relation Name": "title", "Alias": "t", "Startup Cost": 0.0, "Total Cost": 5.94, "Plan Rows": 1, "Plan Width": 21, "Index Cond": "(id = mi.movie_id)", "Filter": "(production_year > 1990)"}]}, {"Node Type": "Index Scan", "Parent Relationship": "Inner", "Scan Direction": "Forward", "Index Name": "movie_id_movie_companies", "Relation Name": "movie_companies", "Alias": "mc", "Startup Cost": 0.0, "Total Cost": 0.35, "Plan Rows": 2, "Plan Width": 12, "Index Cond": "(movie_id = t.id)"}]}, {"Node Type": "Index Scan", "Parent Relationship": "Inner", "Scan Direction": "Forward", "Index Name": "company_name_pkey", "Relation Name": "company_name", "Alias": "cn", "Startup Cost": 0.0, "Total Cost": 0.28, "Plan Rows": 1, "Plan Width": 4, "Index Cond": "(id = mc.company_id)", "Filter": "((country_code)::text = '[us]'::text)"}]}, {"Node Type": "Index Only Scan", "Parent Relationship": "Inner", "Scan Direction": "Forward", "Index Name": "company_type_pkey", "Relation Name": "company_type", "Alias": "ct", "Startup Cost": 0.0, "Total Cost": 0.27, "Plan Rows": 1, "Plan Width": 4, "Index Cond": "(id = mc.company_type_id)"}]}, {"Node Type": "Index Scan", "Parent Relationship": "Inner", "Scan Direction": "Forward", "Index Name": "movie_id_movie_keyword", "Relation Name": "movie_keyword", "Alias": "mk", "Startup Cost": 0.0, "Total Cost": 0.46, "Plan Rows": 8, "Plan Width": 8, "Index Cond": "(movie_id = mc.movie_id)"}]}, {"Node Type": "Index Only Scan", "Parent Relationship": "Inner", "Scan Direction": "Forward", "Index Name": "keyword_pkey", "Relation Name": "keyword", "Alias": "k", "Startup Cost": 0.0, "Total Cost": 0.27, "Plan Rows": 1, "Plan Width": 4, "Index Cond": "(id = mk.keyword_id)"}]}, {"Node Type": "Index Scan", "Parent Relationship": "Inner", "Scan Direction": "Forward", "Index Name": "movie_id_aka_title", "Relation Name": "aka_title", "Alias": "at", "Startup Cost": 0.0, "Total Cost": 0.32, "Plan Rows": 3, "Plan Width": 25, "Index Cond": "(movie_id = mk.movie_id)"}]}]}, "Unique SQL Id": 2302223328, "Planner Runtime": 144}, "explain_analyze_plan": null}, "(64, 82)": {"explain_plan": {"Plan": {"Node Type": "Aggregate", "Strategy": "Plain", "Startup Cost": 161272.65, "Total Cost": 161272.66, "Plan Rows": 1, "Plan Width": 102, "Plans": [{"Node Type": "Merge Join", "Parent Relationship": "Outer", "Join Type": "Inner", "Startup Cost": 160462.7, "Total Cost": 161237.44, "Plan Rows": 7042, "Plan Width": 38, "Inner Unique": true, "Merge Cond": "(mk.keyword_id = k.id)", "Plans": [{"Node Type": "Sort", "Parent Relationship": "Outer", "Startup Cost": 146935.04, "Total Cost": 146952.65, "Plan Rows": 7042, "Plan Width": 42, "Sort Key": ["mk.keyword_id"], "Plans": [{"Node Type": "Nested Loop", "Parent Relationship": "Outer", "Join Type": "Inner", "Startup Cost": 135296.2, "Total Cost": 146484.99, "Plan Rows": 7042, "Plan Width": 42, "Inner Unique": false, "Join Filter": "(t.id = mk.movie_id)", "Plans": [{"Node Type": "Nested Loop", "Parent Relationship": "Outer", "Join Type": "Inner", "Startup Cost": 135295.86, "Total Cost": 142523.3, "Plan Rows": 873, "Plan Width": 54, "Inner Unique": true, "Join Filter": "(at.movie_id = t.id)", "Plans": [{"Node Type": "Nested Loop", "Parent Relationship": "Outer", "Join Type": "Inner", "Startup Cost": 135295.59, "Total Cost": 139814.65, "Plan Rows": 630, "Plan Width": 33, "Inner Unique": true, "Plans": [{"Node Type": "Merge Join", "Parent Relationship": "Outer", "Join Type": "Inner", "Startup Cost": 135295.33, "Total Cost": 135308.55, "Plan Rows": 1052, "Plan Width": 37, "Inner Unique": false, "Merge Cond": "(ct.id = mc.company_type_id)", "Plans": [{"Node Type": "Sort", "Parent Relationship": "Outer", "Startup Cost": 1.05, "Total Cost": 1.06, "Plan Rows": 3, "Plan Width": 4, "Sort Key": ["ct.id"], "Plans": [{"Node Type": "Seq Scan", "Parent Relationship": "Outer", "Relation Name": "company_type", "Alias": "ct", "Startup Cost": 0.0, "Total Cost": 1.03, "Plan Rows": 3, "Plan Width": 4}]}, {"Node Type": "Sort", "Parent Relationship": "Inner", "Startup Cost": 135291.7, "Total Cost": 135294.33, "Plan Rows": 1052, "Plan Width": 41, "Sort Key": ["mc.company_type_id"], "Plans": [{"Node Type": "Nested Loop", "Parent Relationship": "Outer", "Join Type": "Inner", "Startup Cost": 132908.06, "Total Cost": 135238.9, "Plan Rows": 1052, "Plan Width": 41, "Inner Unique": false, "Plans": [{"Node Type": "Merge Join", "Parent Relationship": "Outer", "Join Type": "Inner", "Startup Cost": 132907.69, "Total Cost": 133074.85, "Plan Rows": 490, "Plan Width": 29, "Inner Unique": false, "Merge Cond": "(it1.id = mi.info_type_id)", "Plans": [{"Node Type": "Sort", "Parent Relationship": "Outer", "Startup Cost": 2.41, "Total Cost": 2.42, "Plan Rows": 1, "Plan Width": 4, "Sort Key": ["it1.id"], "Plans": [{"Node Type": "Seq Scan", "Parent Relationship": "Outer", "Relation Name": "info_type", "Alias": "it1", "Startup Cost": 0.0, "Total Cost": 2.4, "Plan Rows": 1, "Plan Width": 4, "Filter": "((info)::text = 'release dates'::text)"}]}, {"Node Type": "Sort", "Parent Relationship": "Inner", "Startup Cost": 132895.94, "Total Cost": 132981.73, "Plan Rows": 34318, "Plan Width": 33, "Sort Key": ["mi.info_type_id"], "Plans": [{"Node Type": "Nested Loop", "Parent Relationship": "Outer", "Join Type": "Inner", "Startup Cost": 0.54, "Total Cost": 130310.65, "Plan Rows": 34318, "Plan Width": 33, "Inner Unique": false, "Plans": [{"Node Type": "Streaming(type: LOCAL GATHER dop: 1/64)", "Parent Relationship": "Outer", "Startup Cost": 0.0, "Total Cost": 68498.12, "Plan Rows": 13419, "Plan Width": 8, "Plans": [{"Node Type": "Seq Scan", "Parent Relationship": "Outer", "Relation Name": "movie_info", "Alias": "mi", "Startup Cost": 0.0, "Total Cost": 68221.29, "Plan Rows": 13419, "Plan Width": 8, "Filter": "((note)::text ~~ '%internet%'::text)"}]}, {"Node Type": "Bitmap Heap Scan", "Parent Relationship": "Inner", "Relation Name": "aka_title", "Alias": "at", "Startup Cost": 0.54, "Total Cost": 4.58, "Plan Rows": 3, "Plan Width": 25, "Recheck Cond": "(movie_id = mi.movie_id)", "Plans": [{"Node Type": "Bitmap Index Scan", "Parent Relationship": "Outer", "Index Name": "movie_id_aka_title", "Startup Cost": 0.0, "Total Cost": 0.54, "Plan Rows": 3, "Plan Width": 0, "Index Cond": "(movie_id = mi.movie_id)"}]}]}]}]}, {"Node Type": "Bitmap Heap Scan", "Parent Relationship": "Inner", "Relation Name": "movie_companies", "Alias": "mc", "Startup Cost": 0.37, "Total Cost": 4.4, "Plan Rows": 2, "Plan Width": 12, "Recheck Cond": "(movie_id = at.movie_id)", "Plans": [{"Node Type": "Bitmap Index Scan", "Parent Relationship": "Outer", "Index Name": "movie_id_movie_companies", "Startup Cost": 0.0, "Total Cost": 0.37, "Plan Rows": 2, "Plan Width": 0, "Index Cond": "(movie_id = at.movie_id)"}]}]}]}]}, {"Node Type": "Bitmap Heap Scan", "Parent Relationship": "Inner", "Relation Name": "company_name", "Alias": "cn", "Startup Cost": 0.26, "Total Cost": 4.27, "Plan Rows": 1, "Plan Width": 4, "Recheck Cond": "(id = mc.company_id)", "Filter": "((country_code)::text = '[us]'::text)", "Plans": [{"Node Type": "Bitmap Index Scan", "Parent Relationship": "Outer", "Index Name": "company_name_pkey", "Startup Cost": 0.0, "Total Cost": 0.26, "Plan Rows": 1, "Plan Width": 0, "Index Cond": "(id = mc.company_id)"}]}]}, {"Node Type": "Bitmap Heap Scan", "Parent Relationship": "Inner", "Relation Name": "title", "Alias": "t", "Startup Cost": 0.27, "Total Cost": 4.29, "Plan Rows": 1, "Plan Width": 21, "Recheck Cond": "(id = mc.movie_id)", "Filter": "(production_year > 1990)", "Plans": [{"Node Type": "Bitmap Index Scan", "Parent Relationship": "Outer", "Index Name": "title_pkey", "Startup Cost": 0.0, "Total Cost": 0.27, "Plan Rows": 1, "Plan Width": 0, "Index Cond": "(id = mc.movie_id)"}]}]}, {"Node Type": "Bitmap Heap Scan", "Parent Relationship": "Inner", "Relation Name": "movie_keyword", "Alias": "mk", "Startup Cost": 0.34, "Total Cost": 4.44, "Plan Rows": 8, "Plan Width": 8, "Recheck Cond": "(movie_id = mc.movie_id)", "Plans": [{"Node Type": "Bitmap Index Scan", "Parent Relationship": "Outer", "Index Name": "movie_id_movie_keyword", "Startup Cost": 0.0, "Total Cost": 0.34, "Plan Rows": 8, "Plan Width": 0, "Index Cond": "(movie_id = mc.movie_id)"}]}]}]}, {"Node Type": "Sort", "Parent Relationship": "Inner", "Startup Cost": 13527.66, "Total Cost": 13863.08, "Plan Rows": 134169, "Plan Width": 4, "Sort Key": ["k.id"], "Plans": [{"Node Type": "Seq Scan", "Parent Relationship": "Outer", "Relation Name": "keyword", "Alias": "k", "Startup Cost": 0.0, "Total Cost": 2100.69, "Plan Rows": 134169, "Plan Width": 4}]}]}]}, "Unique SQL Id": 2302223328, "Planner Runtime": 157}, "explain_analyze_plan": {"Plan": {"Node Type": "Aggregate", "Strategy": "Plain", "Startup Cost": 161272.65, "Total Cost": 161272.66, "Plan Rows": 1, "Plan Width": 102, "Actual Min Startup Time": 318.566, "Actual Max Startup Time": 318.566, "Actual Min Total Time": 318.566, "Actual Max Total Time": 318.566, "Plans": [{"Node Type": "Merge Join", "Parent Relationship": "Outer", "Join Type": "Inner", "Startup Cost": 160462.7, "Total Cost": 161237.44, "Plan Rows": 7042, "Plan Width": 38, "Actual Min Startup Time": 280.832, "Actual Max Startup Time": 280.832, "Actual Min Total Time": 316.355, "Actual Max Total Time": 316.355, "Inner Unique": true, "Merge Cond": "(mk.keyword_id = k.id)", "Plans": [{"Node Type": "Sort", "Parent Relationship": "Outer", "Startup Cost": 146935.04, "Total Cost": 146952.65, "Plan Rows": 7042, "Plan Width": 42, "Actual Min Startup Time": 199.655, "Actual Max Startup Time": 199.655, "Actual Min Total Time": 200.283, "Actual Max Total Time": 200.283, "Sort Key": ["mk.keyword_id"], "Sort Method": "quicksort", "Sort Space Min Used": 752, "Sort Space Max Used": 752, "Sort Space Type": "Memory", "Plans": [{"Node Type": "Nested Loop", "Parent Relationship": "Outer", "Join Type": "Inner", "Startup Cost": 135296.2, "Total Cost": 146484.99, "Plan Rows": 7042, "Plan Width": 42, "Actual Min Startup Time": 183.168, "Actual Max Startup Time": 183.168, "Actual Min Total Time": 197.816, "Actual Max Total Time": 197.816, "Inner Unique": false, "Join Filter": "(t.id = mk.movie_id)", "Rows Removed by Join Filter": 0, "Plans": [{"Node Type": "Nested Loop", "Parent Relationship": "Outer", "Join Type": "Inner", "Startup Cost": 135295.86, "Total Cost": 142523.3, "Plan Rows": 873, "Plan Width": 54, "Actual Min Startup Time": 183.103, "Actual Max Startup Time": 183.103, "Actual Min Total Time": 192.554, "Actual Max Total Time": 192.554, "Inner Unique": true, "Join Filter": "(at.movie_id = t.id)", "Rows Removed by Join Filter": 0, "Plans": [{"Node Type": "Nested Loop", "Parent Relationship": "Outer", "Join Type": "Inner", "Startup Cost": 135295.59, "Total Cost": 139814.65, "Plan Rows": 630, "Plan Width": 33, "Actual Min Startup Time": 183.074, "Actual Max Startup Time": 183.074, "Actual Min Total Time": 189.522, "Actual Max Total Time": 189.522, "Inner Unique": true, "Plans": [{"Node Type": "Merge Join", "Parent Relationship": "Outer", "Join Type": "Inner", "Startup Cost": 135295.33, "Total Cost": 135308.55, "Plan Rows": 1052, "Plan Width": 37, "Actual Min Startup Time": 183.021, "Actual Max Startup Time": 183.021, "Actual Min Total Time": 183.498, "Actual Max Total Time": 183.498, "Inner Unique": false, "Merge Cond": "(ct.id = mc.company_type_id)", "Plans": [{"Node Type": "Sort", "Parent Relationship": "Outer", "Startup Cost": 1.05, "Total Cost": 1.06, "Plan Rows": 3, "Plan Width": 4, "Actual Min Startup Time": 0.044, "Actual Max Startup Time": 0.044, "Actual Min Total Time": 0.045, "Actual Max Total Time": 0.045, "Sort Key": ["ct.id"], "Sort Method": "quicksort", "Sort Space Min Used": 25, "Sort Space Max Used": 25, "Sort Space Type": "Memory", "Plans": [{"Node Type": "Seq Scan", "Parent Relationship": "Outer", "Relation Name": "company_type", "Alias": "ct", "Startup Cost": 0.0, "Total Cost": 1.03, "Plan Rows": 3, "Plan Width": 4, "Actual Min Startup Time": 0.019, "Actual Max Startup Time": 0.019, "Actual Min Total Time": 0.02, "Actual Max Total Time": 0.02, "Actual Rows": 3}], "Actual Rows": 2}, {"Node Type": "Sort", "Parent Relationship": "Inner", "Startup Cost": 135291.7, "Total Cost": 135294.33, "Plan Rows": 1052, "Plan Width": 41, "Actual Min Startup Time": 182.608, "Actual Max Startup Time": 182.608, "Actual Min Total Time": 182.873, "Actual Max Total Time": 182.873, "Sort Key": ["mc.company_type_id"], "Sort Method": "quicksort", "Sort Space Min Used": 360, "Sort Space Max Used": 360, "Sort Space Type": "Memory", "Plans": [{"Node Type": "Nested Loop", "Parent Relationship": "Outer", "Join Type": "Inner", "Startup Cost": 132908.06, "Total Cost": 135238.9, "Plan Rows": 1052, "Plan Width": 41, "Actual Min Startup Time": 174.791, "Actual Max Startup Time": 174.791, "Actual Min Total Time": 181.651, "Actual Max Total Time": 181.651, "Inner Unique": false, "Plans": [{"Node Type": "Merge Join", "Parent Relationship": "Outer", "Join Type": "Inner", "Startup Cost": 132907.69, "Total Cost": 133074.85, "Plan Rows": 490, "Plan Width": 29, "Actual Min Startup Time": 174.767, "Actual Max Startup Time": 174.767, "Actual Min Total Time": 175.051, "Actual Max Total Time": 175.051, "Inner Unique": false, "Merge Cond": "(it1.id = mi.info_type_id)", "Plans": [{"Node Type": "Sort", "Parent Relationship": "Outer", "Startup Cost": 2.41, "Total Cost": 2.42, "Plan Rows": 1, "Plan Width": 4, "Actual Min Startup Time": 0.068, "Actual Max Startup Time": 0.068, "Actual Min Total Time": 0.068, "Actual Max Total Time": 0.068, "Sort Key": ["it1.id"], "Sort Method": "quicksort", "Sort Space Min Used": 25, "Sort Space Max Used": 25, "Sort Space Type": "Memory", "Plans": [{"Node Type": "Seq Scan", "Parent Relationship": "Outer", "Relation Name": "info_type", "Alias": "it1", "Startup Cost": 0.0, "Total Cost": 2.4, "Plan Rows": 1, "Plan Width": 4, "Actual Min Startup Time": 0.044, "Actual Max Startup Time": 0.044, "Actual Min Total Time": 0.063, "Actual Max Total Time": 0.063, "Filter": "((info)::text = 'release dates'::text)", "Rows Removed by Filter": 111, "Actual Rows": 1}], "Actual Rows": 1}, {"Node Type": "Sort", "Parent Relationship": "Inner", "Startup Cost": 132895.94, "Total Cost": 132981.73, "Plan Rows": 34318, "Plan Width": 33, "Actual Min Startup Time": 174.691, "Actual Max Startup Time": 174.691, "Actual Min Total Time": 174.762, "Actual Max Total Time": 174.762, "Sort Key": ["mi.info_type_id"], "Sort Method": "quicksort", "Sort Space Min Used": 113, "Sort Space Max Used": 113, "Sort Space Type": "Memory", "Plans": [{"Node Type": "Nested Loop", "Parent Relationship": "Outer", "Join Type": "Inner", "Startup Cost": 0.54, "Total Cost": 130310.65, "Plan Rows": 34318, "Plan Width": 33, "Actual Min Startup Time": 77.32, "Actual Max Startup Time": 77.32, "Actual Min Total Time": 174.268, "Actual Max Total Time": 174.268, "Inner Unique": false, "Plans": [{"Node Type": "Streaming(type: LOCAL GATHER dop: 1/64)", "Parent Relationship": "Outer", "Startup Cost": 0.0, "Total Cost": 68498.12, "Plan Rows": 13419, "Plan Width": 8, "Actual Min Startup Time": 77.24, "Actual Max Startup Time": 77.24, "Actual Min Total Time": 128.338, "Actual Max Total Time": 128.338, "Plans": [{"Node Type": "Seq Scan", "Parent Relationship": "Outer", "Relation Name": "movie_info", "Alias": "mi", "Startup Cost": 0.0, "Total Cost": 68221.29, "Plan Rows": 13419, "Plan Width": 8, "Actual Min Startup Time": 0.124, "Actual Max Startup Time": 22.53, "Actual Min Total Time": 60.559, "Actual Max Total Time": 68.248, "Filter": "((note)::text ~~ '%internet%'::text)", "Rows Removed by Filter": 14824909, "Actual Rows": 10810}], "Actual Rows": 10810}, {"Node Type": "Bitmap Heap Scan", "Parent Relationship": "Inner", "Relation Name": "aka_title", "Alias": "at", "Startup Cost": 0.54, "Total Cost": 4.58, "Plan Rows": 3, "Plan Width": 25, "Actual Min Startup Time": 34.167, "Actual Max Startup Time": 34.167, "Actual Min Total Time": 34.962, "Actual Max Total Time": 34.962, "Recheck Cond": "(movie_id = mi.movie_id)", "Rows Removed by Index Recheck": 0, "Exact Heap Blocks": 820, "Lossy Heap Blocks": 820, "Plans": [{"Node Type": "Bitmap Index Scan", "Parent Relationship": "Outer", "Index Name": "movie_id_aka_title", "Startup Cost": 0.0, "Total Cost": 0.54, "Plan Rows": 3, "Plan Width": 0, "Actual Min Startup Time": 28.14, "Actual Max Startup Time": 28.14, "Actual Min Total Time": 28.14, "Actual Max Total Time": 28.14, "Index Cond": "(movie_id = mi.movie_id)", "Actual Rows": 820}], "Actual Rows": 820}], "Actual Rows": 820}], "Actual Rows": 599}], "Actual Rows": 591}, {"Node Type": "Bitmap Heap Scan", "Parent Relationship": "Inner", "Relation Name": "movie_companies", "Alias": "mc", "Startup Cost": 0.37, "Total Cost": 4.4, "Plan Rows": 2, "Plan Width": 12, "Actual Min Startup Time": 4.441, "Actual Max Startup Time": 4.441, "Actual Min Total Time": 5.467, "Actual Max Total Time": 5.467, "Recheck Cond": "(movie_id = at.movie_id)", "Rows Removed by Index Recheck": 0, "Exact Heap Blocks": 945, "Lossy Heap Blocks": 945, "Plans": [{"Node Type": "Bitmap Index Scan", "Parent Relationship": "Outer", "Index Name": "movie_id_movie_companies", "Startup Cost": 0.0, "Total Cost": 0.37, "Plan Rows": 2, "Plan Width": 0, "Actual Min Startup Time": 2.89, "Actual Max Startup Time": 2.89, "Actual Min Total Time": 2.89, "Actual Max Total Time": 2.89, "Index Cond": "(movie_id = at.movie_id)", "Actual Rows": 2130}], "Actual Rows": 2130}], "Actual Rows": 2130}], "Actual Rows": 2130}], "Actual Rows": 891}, {"Node Type": "Bitmap Heap Scan", "Parent Relationship": "Inner", "Relation Name": "company_name", "Alias": "cn", "Startup Cost": 0.26, "Total Cost": 4.27, "Plan Rows": 1, "Plan Width": 4, "Actual Min Startup Time": 4.915, "Actual Max Startup Time": 4.915, "Actual Min Total Time": 4.915, "Actual Max Total Time": 4.915, "Recheck Cond": "(id = mc.company_id)", "Rows Removed by Index Recheck": 0, "Filter": "((country_code)::text = '[us]'::text)", "Rows Removed by Filter": 509, "Exact Heap Blocks": 891, "Lossy Heap Blocks": 891, "Plans": [{"Node Type": "Bitmap Index Scan", "Parent Relationship": "Outer", "Index Name": "company_name_pkey", "Startup Cost": 0.0, "Total Cost": 0.26, "Plan Rows": 1, "Plan Width": 0, "Actual Min Startup Time": 2.822, "Actual Max Startup Time": 2.822, "Actual Min Total Time": 2.822, "Actual Max Total Time": 2.822, "Index Cond": "(id = mc.company_id)", "Actual Rows": 891}], "Actual Rows": 382}], "Actual Rows": 382}, {"Node Type": "Bitmap Heap Scan", "Parent Relationship": "Inner", "Relation Name": "title", "Alias": "t", "Startup Cost": 0.27, "Total Cost": 4.29, "Plan Rows": 1, "Plan Width": 21, "Actual Min Startup Time": 2.421, "Actual Max Startup Time": 2.421, "Actual Min Total Time": 2.421, "Actual Max Total Time": 2.421, "Recheck Cond": "(id = mc.movie_id)", "Rows Removed by Index Recheck": 0, "Filter": "(production_year > 1990)", "Rows Removed by Filter": 0, "Exact Heap Blocks": 382, "Lossy Heap Blocks": 382, "Plans": [{"Node Type": "Bitmap Index Scan", "Parent Relationship": "Outer", "Index Name": "title_pkey", "Startup Cost": 0.0, "Total Cost": 0.27, "Plan Rows": 1, "Plan Width": 0, "Actual Min Startup Time": 1.55, "Actual Max Startup Time": 1.55, "Actual Min Total Time": 1.55, "Actual Max Total Time": 1.55, "Index Cond": "(id = mc.movie_id)", "Actual Rows": 382}], "Actual Rows": 382}], "Actual Rows": 382}, {"Node Type": "Bitmap Heap Scan", "Parent Relationship": "Inner", "Relation Name": "movie_keyword", "Alias": "mk", "Startup Cost": 0.34, "Total Cost": 4.44, "Plan Rows": 8, "Plan Width": 8, "Actual Min Startup Time": 2.962, "Actual Max Startup Time": 2.962, "Actual Min Total Time": 3.518, "Actual Max Total Time": 3.518, "Recheck Cond": "(movie_id = mc.movie_id)", "Rows Removed by Index Recheck": 0, "Exact Heap Blocks": 276, "Lossy Heap Blocks": 276, "Plans": [{"Node Type": "Bitmap Index Scan", "Parent Relationship": "Outer", "Index Name": "movie_id_movie_keyword", "Startup Cost": 0.0, "Total Cost": 0.34, "Plan Rows": 8, "Plan Width": 0, "Actual Min Startup Time": 1.809, "Actual Max Startup Time": 1.809, "Actual Min Total Time": 1.809, "Actual Max Total Time": 1.809, "Index Cond": "(movie_id = mc.movie_id)", "Actual Rows": 4371}], "Actual Rows": 4371}], "Actual Rows": 4371}], "Actual Rows": 4371}, {"Node Type": "Sort", "Parent Relationship": "Inner", "Startup Cost": 13527.66, "Total Cost": 13863.08, "Plan Rows": 134169, "Plan Width": 4, "Actual Min Startup Time": 81.165, "Actual Max Startup Time": 81.165, "Actual Min Total Time": 96.838, "Actual Max Total Time": 96.838, "Sort Key": ["k.id"], "Sort Method": "quicksort", "Sort Space Min Used": 14530, "Sort Space Max Used": 14530, "Sort Space Type": "Memory", "Plans": [{"Node Type": "Seq Scan", "Parent Relationship": "Outer", "Relation Name": "keyword", "Alias": "k", "Startup Cost": 0.0, "Total Cost": 2100.69, "Plan Rows": 134169, "Plan Width": 4, "Actual Min Startup Time": 0.033, "Actual Max Startup Time": 0.033, "Actual Min Total Time": 34.875, "Actual Max Total Time": 34.875, "Actual Rows": 134169}], "Actual Rows": 133879}], "Actual Rows": 4371}], "Actual Rows": 1}, "Triggers": [], "Planner Runtime": 159, "Total Runtime": 330.674, "Unique SQL Id": 2302223328}}, "(64, 83)": {"explain_plan": {"Plan": {"Node Type": "Aggregate", "Strategy": "Plain", "Startup Cost": 190376.7, "Total Cost": 190376.71, "Plan Rows": 1, "Plan Width": 102, "Plans": [{"Node Type": "Merge Join", "Parent Relationship": "Outer", "Join Type": "Inner", "Startup Cost": 189566.75, "Total Cost": 190341.49, "Plan Rows": 7042, "Plan Width": 38, "Inner Unique": true, "Merge Cond": "(mk.keyword_id = k.id)", "Plans": [{"Node Type": "Sort", "Parent Relationship": "Outer", "Startup Cost": 175286.46, "Total Cost": 175304.06, "Plan Rows": 7042, "Plan Width": 42, "Sort Key": ["mk.keyword_id"], "Plans": [{"Node Type": "Nested Loop", "Parent Relationship": "Outer", "Join Type": "Inner", "Startup Cost": 166356.37, "Total Cost": 174836.41, "Plan Rows": 7042, "Plan Width": 42, "Inner Unique": false, "Join Filter": "(t.id = mk.movie_id)", "Plans": [{"Node Type": "Nested Loop", "Parent Relationship": "Outer", "Join Type": "Inner", "Startup Cost": 166356.03, "Total Cost": 170874.71, "Plan Rows": 873, "Plan Width": 54, "Inner Unique": false, "Join Filter": "(t.id = at.movie_id)", "Plans": [{"Node Type": "Nested Loop", "Parent Relationship": "Outer", "Join Type": "Inner", "Startup Cost": 166355.76, "Total Cost": 168795.6, "Plan Rows": 478, "Plan Width": 29, "Inner Unique": true, "Plans": [{"Node Type": "Merge Join", "Parent Relationship": "Outer", "Join Type": "Inner", "Startup Cost": 166355.5, "Total Cost": 166362.65, "Plan Rows": 568, "Plan Width": 33, "Inner Unique": false, "Merge Cond": "(ct.id = mc.company_type_id)", "Plans": [{"Node Type": "Sort", "Parent Relationship": "Outer", "Startup Cost": 12.32, "Total Cost": 12.33, "Plan Rows": 3, "Plan Width": 4, "Sort Key": ["ct.id"], "Plans": [{"Node Type": "Bitmap Heap Scan", "Parent Relationship": "Outer", "Relation Name": "company_type", "Alias": "ct", "Startup Cost": 8.27, "Total Cost": 12.3, "Plan Rows": 3, "Plan Width": 4, "Plans": [{"Node Type": "Bitmap Index Scan", "Parent Relationship": "Outer", "Index Name": "company_type_pkey", "Startup Cost": 0.0, "Total Cost": 8.27, "Plan Rows": 3, "Plan Width": 0}]}]}, {"Node Type": "Sort", "Parent Relationship": "Inner", "Startup Cost": 166341.79, "Total Cost": 166343.21, "Plan Rows": 568, "Plan Width": 37, "Sort Key": ["mc.company_type_id"], "Plans": [{"Node Type": "Nested Loop", "Parent Relationship": "Outer", "Join Type": "Inner", "Startup Cost": 4853.18, "Total Cost": 166315.81, "Plan Rows": 568, "Plan Width": 37, "Inner Unique": false, "Plans": [{"Node Type": "Nested Loop", "Parent Relationship": "Outer", "Join Type": "Inner", "Startup Cost": 4852.89, "Total Cost": 165163.39, "Plan Rows": 266, "Plan Width": 25, "Inner Unique": true, "Plans": [{"Node Type": "Nested Loop", "Parent Relationship": "Outer", "Join Type": "Inner", "Startup Cost": 4850.32, "Total Cost": 163895.89, "Plan Rows": 192, "Plan Width": 4, "Inner Unique": false, "Plans": [{"Node Type": "Bitmap Heap Scan", "Parent Relationship": "Outer", "Relation Name": "info_type", "Alias": "it1", "Startup Cost": 8.81, "Total Cost": 14.21, "Plan Rows": 1, "Plan Width": 4, "Filter": "((info)::text = 'release dates'::text)", "Plans": [{"Node Type": "Bitmap Index Scan", "Parent Relationship": "Outer", "Index Name": "info_type_pkey", "Startup Cost": 0.0, "Total Cost": 8.81, "Plan Rows": 112, "Plan Width": 0}]}, {"Node Type": "Bitmap Heap Scan", "Parent Relationship": "Inner", "Relation Name": "movie_info", "Alias": "mi", "Startup Cost": 4841.51, "Total Cost": 163879.76, "Plan Rows": 192, "Plan Width": 8, "Recheck Cond": "(info_type_id = it1.id)", "Filter": "((note)::text ~~ '%internet%'::text)", "Plans": [{"Node Type": "Bitmap Index Scan", "Parent Relationship": "Outer", "Index Name": "info_type_id_movie_info", "Startup Cost": 0.0, "Total Cost": 4841.46, "Plan Rows": 212428, "Plan Width": 0, "Index Cond": "(info_type_id = it1.id)"}]}]}, {"Node Type": "Bitmap Heap Scan", "Parent Relationship": "Inner", "Relation Name": "title", "Alias": "t", "Startup Cost": 2.58, "Total Cost": 6.59, "Plan Rows": 1, "Plan Width": 21, "Recheck Cond": "(id = mi.movie_id)", "Filter": "(production_year > 1990)", "Plans": [{"Node Type": "Bitmap Index Scan", "Parent Relationship": "Outer", "Index Name": "title_pkey", "Startup Cost": 0.0, "Total Cost": 2.58, "Plan Rows": 1, "Plan Width": 0, "Index Cond": "(id = mi.movie_id)"}]}]}, {"Node Type": "Bitmap Heap Scan", "Parent Relationship": "Inner", "Relation Name": "movie_companies", "Alias": "mc", "Startup Cost": 0.29, "Total Cost": 4.31, "Plan Rows": 2, "Plan Width": 12, "Recheck Cond": "(movie_id = t.id)", "Plans": [{"Node Type": "Bitmap Index Scan", "Parent Relationship": "Outer", "Index Name": "movie_id_movie_companies", "Startup Cost": 0.0, "Total Cost": 0.29, "Plan Rows": 2, "Plan Width": 0, "Index Cond": "(movie_id = t.id)"}]}]}]}]}, {"Node Type": "Bitmap Heap Scan", "Parent Relationship": "Inner", "Relation Name": "company_name", "Alias": "cn", "Startup Cost": 0.26, "Total Cost": 4.27, "Plan Rows": 1, "Plan Width": 4, "Recheck Cond": "(id = mc.company_id)", "Filter": "((country_code)::text = '[us]'::text)", "Plans": [{"Node Type": "Bitmap Index Scan", "Parent Relationship": "Outer", "Index Name": "company_name_pkey", "Startup Cost": 0.0, "Total Cost": 0.26, "Plan Rows": 1, "Plan Width": 0, "Index Cond": "(id = mc.company_id)"}]}]}, {"Node Type": "Bitmap Heap Scan", "Parent Relationship": "Inner", "Relation Name": "aka_title", "Alias": "at", "Startup Cost": 0.27, "Total Cost": 4.31, "Plan Rows": 3, "Plan Width": 25, "Recheck Cond": "(movie_id = mc.movie_id)", "Plans": [{"Node Type": "Bitmap Index Scan", "Parent Relationship": "Outer", "Index Name": "movie_id_aka_title", "Startup Cost": 0.0, "Total Cost": 0.27, "Plan Rows": 3, "Plan Width": 0, "Index Cond": "(movie_id = mc.movie_id)"}]}]}, {"Node Type": "Bitmap Heap Scan", "Parent Relationship": "Inner", "Relation Name": "movie_keyword", "Alias": "mk", "Startup Cost": 0.34, "Total Cost": 4.44, "Plan Rows": 8, "Plan Width": 8, "Recheck Cond": "(movie_id = mc.movie_id)", "Plans": [{"Node Type": "Bitmap Index Scan", "Parent Relationship": "Outer", "Index Name": "movie_id_movie_keyword", "Startup Cost": 0.0, "Total Cost": 0.34, "Plan Rows": 8, "Plan Width": 0, "Index Cond": "(movie_id = mc.movie_id)"}]}]}]}, {"Node Type": "Sort", "Parent Relationship": "Inner", "Startup Cost": 14280.29, "Total Cost": 14615.72, "Plan Rows": 134169, "Plan Width": 4, "Sort Key": ["k.id"], "Plans": [{"Node Type": "Bitmap Heap Scan", "Parent Relationship": "Outer", "Relation Name": "keyword", "Alias": "k", "Startup Cost": 752.64, "Total Cost": 2853.33, "Plan Rows": 134169, "Plan Width": 4, "Plans": [{"Node Type": "Bitmap Index Scan", "Parent Relationship": "Outer", "Index Name": "keyword_pkey", "Startup Cost": 0.0, "Total Cost": 719.1, "Plan Rows": 134169, "Plan Width": 0}]}]}]}]}, "Unique SQL Id": 2302223328, "Planner Runtime": 139}, "explain_analyze_plan": null}, "(64, 84)": {"explain_plan": {"Plan": {"Node Type": "Aggregate", "Strategy": "Plain", "Startup Cost": 75462.72, "Total Cost": 75462.73, "Plan Rows": 1, "Plan Width": 102, "Plans": [{"Node Type": "Nested Loop", "Parent Relationship": "Outer", "Join Type": "Inner", "Startup Cost": 0.0, "Total Cost": 75427.85, "Plan Rows": 6974, "Plan Width": 38, "Inner Unique": false, "Join Filter": "(t.id = at.movie_id)", "Plans": [{"Node Type": "Nested Loop", "Parent Relationship": "Outer", "Join Type": "Inner", "Startup Cost": 0.0, "Total Cost": 74629.24, "Plan Rows": 2257, "Plan Width": 33, "Inner Unique": true, "Plans": [{"Node Type": "Nested Loop", "Parent Relationship": "Outer", "Join Type": "Inner", "Startup Cost": 0.0, "Total Cost": 73995.74, "Plan Rows": 2257, "Plan Width": 37, "Inner Unique": false, "Join Filter": "(t.id = mk.movie_id)", "Plans": [{"Node Type": "Nested Loop", "Parent Relationship": "Outer", "Join Type": "Inner", "Startup Cost": 0.0, "Total Cost": 73839.39, "Plan Rows": 278, "Plan Width": 29, "Inner Unique": true, "Plans": [{"Node Type": "Nested Loop", "Parent Relationship": "Outer", "Join Type": "Inner", "Startup Cost": 0.0, "Total Cost": 73705.55, "Plan Rows": 478, "Plan Width": 33, "Inner Unique": true, "Plans": [{"Node Type": "Nested Loop", "Parent Relationship": "Outer", "Join Type": "Inner", "Startup Cost": 0.0, "Total Cost": 73542.16, "Plan Rows": 568, "Plan Width": 37, "Inner Unique": false, "Plans": [{"Node Type": "Nested Loop", "Parent Relationship": "Outer", "Join Type": "Inner", "Startup Cost": 0.0, "Total Cost": 73444.3, "Plan Rows": 266, "Plan Width": 25, "Inner Unique": true, "Plans": [{"Node Type": "Nested Loop", "Parent Relationship": "Outer", "Join Type": "Inner", "Startup Cost": 0.0, "Total Cost": 72300.99, "Plan Rows": 192, "Plan Width": 4, "Inner Unique": true, "Plans": [{"Node Type": "Streaming(type: LOCAL GATHER dop: 1/64)", "Parent Relationship": "Outer", "Startup Cost": 0.0, "Total Cost": 68498.12, "Plan Rows": 13419, "Plan Width": 8, "Plans": [{"Node Type": "Seq Scan", "Parent Relationship": "Outer", "Relation Name": "movie_info", "Alias": "mi", "Startup Cost": 0.0, "Total Cost": 68221.29, "Plan Rows": 13419, "Plan Width": 8, "Filter": "((note)::text ~~ '%internet%'::text)"}]}, {"Node Type": "Index Scan", "Parent Relationship": "Inner", "Scan Direction": "Forward", "Index Name": "info_type_pkey", "Relation Name": "info_type", "Alias": "it1", "Startup Cost": 0.0, "Total Cost": 0.27, "Plan Rows": 1, "Plan Width": 4, "Index Cond": "(id = mi.info_type_id)", "Filter": "((info)::text = 'release dates'::text)"}]}, {"Node Type": "Index Scan", "Parent Relationship": "Inner", "Scan Direction": "Forward", "Index Name": "title_pkey", "Relation Name": "title", "Alias": "t", "Startup Cost": 0.0, "Total Cost": 5.94, "Plan Rows": 1, "Plan Width": 21, "Index Cond": "(id = mi.movie_id)", "Filter": "(production_year > 1990)"}]}, {"Node Type": "Index Scan", "Parent Relationship": "Inner", "Scan Direction": "Forward", "Index Name": "movie_id_movie_companies", "Relation Name": "movie_companies", "Alias": "mc", "Startup Cost": 0.0, "Total Cost": 0.35, "Plan Rows": 2, "Plan Width": 12, "Index Cond": "(movie_id = t.id)"}]}, {"Node Type": "Index Scan", "Parent Relationship": "Inner", "Scan Direction": "Forward", "Index Name": "company_name_pkey", "Relation Name": "company_name", "Alias": "cn", "Startup Cost": 0.0, "Total Cost": 0.28, "Plan Rows": 1, "Plan Width": 4, "Index Cond": "(id = mc.company_id)", "Filter": "((country_code)::text = '[us]'::text)"}]}, {"Node Type": "Index Scan", "Parent Relationship": "Inner", "Scan Direction": "Forward", "Index Name": "company_type_pkey", "Relation Name": "company_type", "Alias": "ct", "Startup Cost": 0.0, "Total Cost": 0.27, "Plan Rows": 1, "Plan Width": 4, "Index Cond": "(id = mc.company_type_id)"}]}, {"Node Type": "Index Scan", "Parent Relationship": "Inner", "Scan Direction": "Forward", "Index Name": "movie_id_movie_keyword", "Relation Name": "movie_keyword", "Alias": "mk", "Startup Cost": 0.0, "Total Cost": 0.46, "Plan Rows": 8, "Plan Width": 8, "Index Cond": "(movie_id = mc.movie_id)"}]}, {"Node Type": "Index Scan", "Parent Relationship": "Inner", "Scan Direction": "Forward", "Index Name": "keyword_pkey", "Relation Name": "keyword", "Alias": "k", "Startup Cost": 0.0, "Total Cost": 0.27, "Plan Rows": 1, "Plan Width": 4, "Index Cond": "(id = mk.keyword_id)"}]}, {"Node Type": "Index Scan", "Parent Relationship": "Inner", "Scan Direction": "Forward", "Index Name": "movie_id_aka_title", "Relation Name": "aka_title", "Alias": "at", "Startup Cost": 0.0, "Total Cost": 0.32, "Plan Rows": 3, "Plan Width": 25, "Index Cond": "(movie_id = mk.movie_id)"}]}]}, "Unique SQL Id": 2302223328, "Planner Runtime": 152}, "explain_analyze_plan": {"Plan": {"Node Type": "Aggregate", "Strategy": "Plain", "Startup Cost": 75462.72, "Total Cost": 75462.73, "Plan Rows": 1, "Plan Width": 102, "Actual Min Startup Time": 525.553, "Actual Max Startup Time": 525.553, "Actual Min Total Time": 525.553, "Actual Max Total Time": 525.553, "Plans": [{"Node Type": "Nested Loop", "Parent Relationship": "Outer", "Join Type": "Inner", "Startup Cost": 0.0, "Total Cost": 75427.85, "Plan Rows": 6974, "Plan Width": 38, "Actual Min Startup Time": 86.368, "Actual Max Startup Time": 86.368, "Actual Min Total Time": 522.776, "Actual Max Total Time": 522.776, "Inner Unique": false, "Join Filter": "(t.id = at.movie_id)", "Rows Removed by Join Filter": 0, "Plans": [{"Node Type": "Nested Loop", "Parent Relationship": "Outer", "Join Type": "Inner", "Startup Cost": 0.0, "Total Cost": 74629.24, "Plan Rows": 2257, "Plan Width": 33, "Actual Min Startup Time": 84.72, "Actual Max Startup Time": 84.72, "Actual Min Total Time": 477.419, "Actual Max Total Time": 477.419, "Inner Unique": true, "Plans": [{"Node Type": "Nested Loop", "Parent Relationship": "Outer", "Join Type": "Inner", "Startup Cost": 0.0, "Total Cost": 73995.74, "Plan Rows": 2257, "Plan Width": 37, "Actual Min Startup Time": 84.706, "Actual Max Startup Time": 84.706, "Actual Min Total Time": 414.414, "Actual Max Total Time": 414.414, "Inner Unique": false, "Join Filter": "(t.id = mk.movie_id)", "Rows Removed by Join Filter": 0, "Plans": [{"Node Type": "Nested Loop", "Parent Relationship": "Outer", "Join Type": "Inner", "Startup Cost": 0.0, "Total Cost": 73839.39, "Plan Rows": 278, "Plan Width": 29, "Actual Min Startup Time": 84.405, "Actual Max Startup Time": 84.405, "Actual Min Total Time": 374.229, "Actual Max Total Time": 374.229, "Inner Unique": true, "Plans": [{"Node Type": "Nested Loop", "Parent Relationship": "Outer", "Join Type": "Inner", "Startup Cost": 0.0, "Total Cost": 73705.55, "Plan Rows": 478, "Plan Width": 33, "Actual Min Startup Time": 84.375, "Actual Max Startup Time": 84.375, "Actual Min Total Time": 354.093, "Actual Max Total Time": 354.093, "Inner Unique": true, "Plans": [{"Node Type": "Nested Loop", "Parent Relationship": "Outer", "Join Type": "Inner", "Startup Cost": 0.0, "Total Cost": 73542.16, "Plan Rows": 568, "Plan Width": 37, "Actual Min Startup Time": 84.353, "Actual Max Startup Time": 84.353, "Actual Min Total Time": 279.41, "Actual Max Total Time": 279.41, "Inner Unique": false, "Plans": [{"Node Type": "Nested Loop", "Parent Relationship": "Outer", "Join Type": "Inner", "Startup Cost": 0.0, "Total Cost": 73444.3, "Plan Rows": 266, "Plan Width": 25, "Actual Min Startup Time": 84.323, "Actual Max Startup Time": 84.323, "Actual Min Total Time": 209.017, "Actual Max Total Time": 209.017, "Inner Unique": true, "Plans": [{"Node Type": "Nested Loop", "Parent Relationship": "Outer", "Join Type": "Inner", "Startup Cost": 0.0, "Total Cost": 72300.99, "Plan Rows": 192, "Plan Width": 4, "Actual Min Startup Time": 84.299, "Actual Max Startup Time": 84.299, "Actual Min Total Time": 138.001, "Actual Max Total Time": 138.001, "Inner Unique": true, "Plans": [{"Node Type": "Streaming(type: LOCAL GATHER dop: 1/64)", "Parent Relationship": "Outer", "Startup Cost": 0.0, "Total Cost": 68498.12, "Plan Rows": 13419, "Plan Width": 8, "Actual Min Startup Time": 84.244, "Actual Max Startup Time": 84.244, "Actual Min Total Time": 106.877, "Actual Max Total Time": 106.877, "Plans": [{"Node Type": "Seq Scan", "Parent Relationship": "Outer", "Relation Name": "movie_info", "Alias": "mi", "Startup Cost": 0.0, "Total Cost": 68221.29, "Plan Rows": 13419, "Plan Width": 8, "Actual Min Startup Time": 0.105, "Actual Max Startup Time": 21.681, "Actual Min Total Time": 59.759, "Actual Max Total Time": 69.398, "Filter": "((note)::text ~~ '%internet%'::text)", "Rows Removed by Filter": 14824909, "Actual Rows": 10810}], "Actual Rows": 10810}, {"Node Type": "Index Scan", "Parent Relationship": "Inner", "Scan Direction": "Forward", "Index Name": "info_type_pkey", "Relation Name": "info_type", "Alias": "it1", "Startup Cost": 0.0, "Total Cost": 0.27, "Plan Rows": 1, "Plan Width": 4, "Actual Min Startup Time": 19.646, "Actual Max Startup Time": 19.646, "Actual Min Total Time": 19.646, "Actual Max Total Time": 19.646, "Index Cond": "(id = mi.info_type_id)", "Rows Removed by Index Recheck": 0, "Filter": "((info)::text = 'release dates'::text)", "Rows Removed by Filter": 131, "Actual Rows": 10679}], "Actual Rows": 10679}, {"Node Type": "Index Scan", "Parent Relationship": "Inner", "Scan Direction": "Forward", "Index Name": "title_pkey", "Relation Name": "title", "Alias": "t", "Startup Cost": 0.0, "Total Cost": 5.94, "Plan Rows": 1, "Plan Width": 21, "Actual Min Startup Time": 60.392, "Actual Max Startup Time": 60.392, "Actual Min Total Time": 60.392, "Actual Max Total Time": 60.392, "Index Cond": "(id = mi.movie_id)", "Rows Removed by Index Recheck": 0, "Filter": "(production_year > 1990)", "Rows Removed by Filter": 17, "Actual Rows": 10662}], "Actual Rows": 10662}, {"Node Type": "Index Scan", "Parent Relationship": "Inner", "Scan Direction": "Forward", "Index Name": "movie_id_movie_companies", "Relation Name": "movie_companies", "Alias": "mc", "Startup Cost": 0.0, "Total Cost": 0.35, "Plan Rows": 2, "Plan Width": 12, "Actual Min Startup Time": 49.589, "Actual Max Startup Time": 49.589, "Actual Min Total Time": 60.801, "Actual Max Total Time": 60.801, "Index Cond": "(movie_id = t.id)", "Rows Removed by Index Recheck": 0, "Actual Rows": 14377}], "Actual Rows": 14377}, {"Node Type": "Index Scan", "Parent Relationship": "Inner", "Scan Direction": "Forward", "Index Name": "company_name_pkey", "Relation Name": "company_name", "Alias": "cn", "Startup Cost": 0.0, "Total Cost": 0.28, "Plan Rows": 1, "Plan Width": 4, "Actual Min Startup Time": 63.342, "Actual Max Startup Time": 63.342, "Actual Min Total Time": 63.342, "Actual Max Total Time": 63.342, "Index Cond": "(id = mc.company_id)", "Rows Removed by Index Recheck": 0, "Filter": "((country_code)::text = '[us]'::text)", "Rows Removed by Filter": 4520, "Actual Rows": 9857}], "Actual Rows": 9857}, {"Node Type": "Index Scan", "Parent Relationship": "Inner", "Scan Direction": "Forward", "Index Name": "company_type_pkey", "Relation Name": "company_type", "Alias": "ct", "Startup Cost": 0.0, "Total Cost": 0.27, "Plan Rows": 1, "Plan Width": 4, "Actual Min Startup Time": 12.066, "Actual Max Startup Time": 12.066, "Actual Min Total Time": 12.066, "Actual Max Total Time": 12.066, "Index Cond": "(id = mc.company_type_id)", "Rows Removed by Index Recheck": 0, "Actual Rows": 5914}], "Actual Rows": 5914}, {"Node Type": "Index Scan", "Parent Relationship": "Inner", "Scan Direction": "Forward", "Index Name": "movie_id_movie_keyword", "Relation Name": "movie_keyword", "Alias": "mk", "Startup Cost": 0.0, "Total Cost": 0.46, "Plan Rows": 8, "Plan Width": 8, "Actual Min Startup Time": 24.563, "Actual Max Startup Time": 24.563, "Actual Min Total Time": 30.89, "Actual Max Total Time": 30.89, "Index Cond": "(movie_id = mc.movie_id)", "Rows Removed by Index Recheck": 0, "Actual Rows": 14161}], "Actual Rows": 14161}, {"Node Type": "Index Scan", "Parent Relationship": "Inner", "Scan Direction": "Forward", "Index Name": "keyword_pkey", "Relation Name": "keyword", "Alias": "k", "Startup Cost": 0.0, "Total Cost": 0.27, "Plan Rows": 1, "Plan Width": 4, "Actual Min Startup Time": 51.642, "Actual Max Startup Time": 51.642, "Actual Min Total Time": 51.642, "Actual Max Total Time": 51.642, "Index Cond": "(id = mk.keyword_id)", "Rows Removed by Index Recheck": 0, "Actual Rows": 14161}], "Actual Rows": 14161}, {"Node Type": "Index Scan", "Parent Relationship": "Inner", "Scan Direction": "Forward", "Index Name": "movie_id_aka_title", "Relation Name": "aka_title", "Alias": "at", "Startup Cost": 0.0, "Total Cost": 0.32, "Plan Rows": 3, "Plan Width": 25, "Actual Min Startup Time": 33.071, "Actual Max Startup Time": 33.071, "Actual Min Total Time": 35.342, "Actual Max Total Time": 35.342, "Index Cond": "(movie_id = mk.movie_id)", "Rows Removed by Index Recheck": 0, "Actual Rows": 4371}], "Actual Rows": 4371}], "Actual Rows": 1}, "Triggers": [], "Planner Runtime": 153, "Total Runtime": 537.117, "Unique SQL Id": 2302223328}}, "(64, 85)": {"explain_plan": {"Plan": {"Node Type": "Aggregate", "Strategy": "Plain", "Startup Cost": 167057.62, "Total Cost": 167057.63, "Plan Rows": 1, "Plan Width": 102, "Plans": [{"Node Type": "Nested Loop", "Parent Relationship": "Outer", "Join Type": "Inner", "Startup Cost": 4841.51, "Total Cost": 167022.75, "Plan Rows": 6974, "Plan Width": 38, "Inner Unique": false, "Join Filter": "(t.id = at.movie_id)", "Plans": [{"Node Type": "Nested Loop", "Parent Relationship": "Outer", "Join Type": "Inner", "Startup Cost": 4841.51, "Total Cost": 166224.14, "Plan Rows": 2257, "Plan Width": 33, "Inner Unique": true, "Plans": [{"Node Type": "Nested Loop", "Parent Relationship": "Outer", "Join Type": "Inner", "Startup Cost": 4841.51, "Total Cost": 165590.64, "Plan Rows": 2257, "Plan Width": 37, "Inner Unique": false, "Join Filter": "(t.id = mk.movie_id)", "Plans": [{"Node Type": "Nested Loop", "Parent Relationship": "Outer", "Join Type": "Inner", "Startup Cost": 4841.51, "Total Cost": 165434.29, "Plan Rows": 278, "Plan Width": 29, "Inner Unique": true, "Plans": [{"Node Type": "Nested Loop", "Parent Relationship": "Outer", "Join Type": "Inner", "Startup Cost": 4841.51, "Total Cost": 165300.45, "Plan Rows": 478, "Plan Width": 33, "Inner Unique": true, "Plans": [{"Node Type": "Nested Loop", "Parent Relationship": "Outer", "Join Type": "Inner", "Startup Cost": 4841.51, "Total Cost": 165137.06, "Plan Rows": 568, "Plan Width": 37, "Inner Unique": false, "Plans": [{"Node Type": "Nested Loop", "Parent Relationship": "Outer", "Join Type": "Inner", "Startup Cost": 4841.51, "Total Cost": 165039.2, "Plan Rows": 266, "Plan Width": 25, "Inner Unique": true, "Plans": [{"Node Type": "Nested Loop", "Parent Relationship": "Outer", "Join Type": "Inner", "Startup Cost": 4841.51, "Total Cost": 163895.89, "Plan Rows": 192, "Plan Width": 4, "Inner Unique": false, "Plans": [{"Node Type": "Index Scan", "Parent Relationship": "Outer", "Scan Direction": "Forward", "Index Name": "info_type_pkey", "Relation Name": "info_type", "Alias": "it1", "Startup Cost": 0.0, "Total Cost": 14.21, "Plan Rows": 1, "Plan Width": 4, "Filter": "((info)::text = 'release dates'::text)"}, {"Node Type": "Bitmap Heap Scan", "Parent Relationship": "Inner", "Relation Name": "movie_info", "Alias": "mi", "Startup Cost": 4841.51, "Total Cost": 163879.76, "Plan Rows": 192, "Plan Width": 8, "Recheck Cond": "(info_type_id = it1.id)", "Filter": "((note)::text ~~ '%internet%'::text)", "Plans": [{"Node Type": "Bitmap Index Scan", "Parent Relationship": "Outer", "Index Name": "info_type_id_movie_info", "Startup Cost": 0.0, "Total Cost": 4841.46, "Plan Rows": 212428, "Plan Width": 0, "Index Cond": "(info_type_id = it1.id)"}]}]}, {"Node Type": "Index Scan", "Parent Relationship": "Inner", "Scan Direction": "Forward", "Index Name": "title_pkey", "Relation Name": "title", "Alias": "t", "Startup Cost": 0.0, "Total Cost": 5.94, "Plan Rows": 1, "Plan Width": 21, "Index Cond": "(id = mi.movie_id)", "Filter": "(production_year > 1990)"}]}, {"Node Type": "Index Scan", "Parent Relationship": "Inner", "Scan Direction": "Forward", "Index Name": "movie_id_movie_companies", "Relation Name": "movie_companies", "Alias": "mc", "Startup Cost": 0.0, "Total Cost": 0.35, "Plan Rows": 2, "Plan Width": 12, "Index Cond": "(movie_id = t.id)"}]}, {"Node Type": "Index Scan", "Parent Relationship": "Inner", "Scan Direction": "Forward", "Index Name": "company_name_pkey", "Relation Name": "company_name", "Alias": "cn", "Startup Cost": 0.0, "Total Cost": 0.28, "Plan Rows": 1, "Plan Width": 4, "Index Cond": "(id = mc.company_id)", "Filter": "((country_code)::text = '[us]'::text)"}]}, {"Node Type": "Index Scan", "Parent Relationship": "Inner", "Scan Direction": "Forward", "Index Name": "company_type_pkey", "Relation Name": "company_type", "Alias": "ct", "Startup Cost": 0.0, "Total Cost": 0.27, "Plan Rows": 1, "Plan Width": 4, "Index Cond": "(id = mc.company_type_id)"}]}, {"Node Type": "Index Scan", "Parent Relationship": "Inner", "Scan Direction": "Forward", "Index Name": "movie_id_movie_keyword", "Relation Name": "movie_keyword", "Alias": "mk", "Startup Cost": 0.0, "Total Cost": 0.46, "Plan Rows": 8, "Plan Width": 8, "Index Cond": "(movie_id = mc.movie_id)"}]}, {"Node Type": "Index Scan", "Parent Relationship": "Inner", "Scan Direction": "Forward", "Index Name": "keyword_pkey", "Relation Name": "keyword", "Alias": "k", "Startup Cost": 0.0, "Total Cost": 0.27, "Plan Rows": 1, "Plan Width": 4, "Index Cond": "(id = mk.keyword_id)"}]}, {"Node Type": "Index Scan", "Parent Relationship": "Inner", "Scan Direction": "Forward", "Index Name": "movie_id_aka_title", "Relation Name": "aka_title", "Alias": "at", "Startup Cost": 0.0, "Total Cost": 0.32, "Plan Rows": 3, "Plan Width": 25, "Index Cond": "(movie_id = mk.movie_id)"}]}]}, "Unique SQL Id": 2302223328, "Planner Runtime": 144}, "explain_analyze_plan": null}, "(64, 86)": {"explain_plan": {"Plan": {"Node Type": "Aggregate", "Strategy": "Plain", "Startup Cost": 161272.65, "Total Cost": 161272.66, "Plan Rows": 1, "Plan Width": 102, "Plans": [{"Node Type": "Merge Join", "Parent Relationship": "Outer", "Join Type": "Inner", "Startup Cost": 160462.7, "Total Cost": 161237.44, "Plan Rows": 7042, "Plan Width": 38, "Inner Unique": true, "Merge Cond": "(mk.keyword_id = k.id)", "Plans": [{"Node Type": "Sort", "Parent Relationship": "Outer", "Startup Cost": 146935.04, "Total Cost": 146952.65, "Plan Rows": 7042, "Plan Width": 42, "Sort Key": ["mk.keyword_id"], "Plans": [{"Node Type": "Nested Loop", "Parent Relationship": "Outer", "Join Type": "Inner", "Startup Cost": 135296.2, "Total Cost": 146484.99, "Plan Rows": 7042, "Plan Width": 42, "Inner Unique": false, "Join Filter": "(t.id = mk.movie_id)", "Plans": [{"Node Type": "Nested Loop", "Parent Relationship": "Outer", "Join Type": "Inner", "Startup Cost": 135295.86, "Total Cost": 142523.3, "Plan Rows": 873, "Plan Width": 54, "Inner Unique": true, "Join Filter": "(at.movie_id = t.id)", "Plans": [{"Node Type": "Nested Loop", "Parent Relationship": "Outer", "Join Type": "Inner", "Startup Cost": 135295.59, "Total Cost": 139814.65, "Plan Rows": 630, "Plan Width": 33, "Inner Unique": true, "Plans": [{"Node Type": "Merge Join", "Parent Relationship": "Outer", "Join Type": "Inner", "Startup Cost": 135295.33, "Total Cost": 135308.55, "Plan Rows": 1052, "Plan Width": 37, "Inner Unique": false, "Merge Cond": "(ct.id = mc.company_type_id)", "Plans": [{"Node Type": "Sort", "Parent Relationship": "Outer", "Startup Cost": 1.05, "Total Cost": 1.06, "Plan Rows": 3, "Plan Width": 4, "Sort Key": ["ct.id"], "Plans": [{"Node Type": "Seq Scan", "Parent Relationship": "Outer", "Relation Name": "company_type", "Alias": "ct", "Startup Cost": 0.0, "Total Cost": 1.03, "Plan Rows": 3, "Plan Width": 4}]}, {"Node Type": "Sort", "Parent Relationship": "Inner", "Startup Cost": 135291.7, "Total Cost": 135294.33, "Plan Rows": 1052, "Plan Width": 41, "Sort Key": ["mc.company_type_id"], "Plans": [{"Node Type": "Nested Loop", "Parent Relationship": "Outer", "Join Type": "Inner", "Startup Cost": 132908.06, "Total Cost": 135238.9, "Plan Rows": 1052, "Plan Width": 41, "Inner Unique": false, "Plans": [{"Node Type": "Merge Join", "Parent Relationship": "Outer", "Join Type": "Inner", "Startup Cost": 132907.69, "Total Cost": 133074.85, "Plan Rows": 490, "Plan Width": 29, "Inner Unique": false, "Merge Cond": "(it1.id = mi.info_type_id)", "Plans": [{"Node Type": "Sort", "Parent Relationship": "Outer", "Startup Cost": 2.41, "Total Cost": 2.42, "Plan Rows": 1, "Plan Width": 4, "Sort Key": ["it1.id"], "Plans": [{"Node Type": "Seq Scan", "Parent Relationship": "Outer", "Relation Name": "info_type", "Alias": "it1", "Startup Cost": 0.0, "Total Cost": 2.4, "Plan Rows": 1, "Plan Width": 4, "Filter": "((info)::text = 'release dates'::text)"}]}, {"Node Type": "Sort", "Parent Relationship": "Inner", "Startup Cost": 132895.94, "Total Cost": 132981.73, "Plan Rows": 34318, "Plan Width": 33, "Sort Key": ["mi.info_type_id"], "Plans": [{"Node Type": "Nested Loop", "Parent Relationship": "Outer", "Join Type": "Inner", "Startup Cost": 0.54, "Total Cost": 130310.65, "Plan Rows": 34318, "Plan Width": 33, "Inner Unique": false, "Plans": [{"Node Type": "Streaming(type: LOCAL GATHER dop: 1/64)", "Parent Relationship": "Outer", "Startup Cost": 0.0, "Total Cost": 68498.12, "Plan Rows": 13419, "Plan Width": 8, "Plans": [{"Node Type": "Seq Scan", "Parent Relationship": "Outer", "Relation Name": "movie_info", "Alias": "mi", "Startup Cost": 0.0, "Total Cost": 68221.29, "Plan Rows": 13419, "Plan Width": 8, "Filter": "((note)::text ~~ '%internet%'::text)"}]}, {"Node Type": "Bitmap Heap Scan", "Parent Relationship": "Inner", "Relation Name": "aka_title", "Alias": "at", "Startup Cost": 0.54, "Total Cost": 4.58, "Plan Rows": 3, "Plan Width": 25, "Recheck Cond": "(movie_id = mi.movie_id)", "Plans": [{"Node Type": "Bitmap Index Scan", "Parent Relationship": "Outer", "Index Name": "movie_id_aka_title", "Startup Cost": 0.0, "Total Cost": 0.54, "Plan Rows": 3, "Plan Width": 0, "Index Cond": "(movie_id = mi.movie_id)"}]}]}]}]}, {"Node Type": "Bitmap Heap Scan", "Parent Relationship": "Inner", "Relation Name": "movie_companies", "Alias": "mc", "Startup Cost": 0.37, "Total Cost": 4.4, "Plan Rows": 2, "Plan Width": 12, "Recheck Cond": "(movie_id = at.movie_id)", "Plans": [{"Node Type": "Bitmap Index Scan", "Parent Relationship": "Outer", "Index Name": "movie_id_movie_companies", "Startup Cost": 0.0, "Total Cost": 0.37, "Plan Rows": 2, "Plan Width": 0, "Index Cond": "(movie_id = at.movie_id)"}]}]}]}]}, {"Node Type": "Bitmap Heap Scan", "Parent Relationship": "Inner", "Relation Name": "company_name", "Alias": "cn", "Startup Cost": 0.26, "Total Cost": 4.27, "Plan Rows": 1, "Plan Width": 4, "Recheck Cond": "(id = mc.company_id)", "Filter": "((country_code)::text = '[us]'::text)", "Plans": [{"Node Type": "Bitmap Index Scan", "Parent Relationship": "Outer", "Index Name": "company_name_pkey", "Startup Cost": 0.0, "Total Cost": 0.26, "Plan Rows": 1, "Plan Width": 0, "Index Cond": "(id = mc.company_id)"}]}]}, {"Node Type": "Bitmap Heap Scan", "Parent Relationship": "Inner", "Relation Name": "title", "Alias": "t", "Startup Cost": 0.27, "Total Cost": 4.29, "Plan Rows": 1, "Plan Width": 21, "Recheck Cond": "(id = mc.movie_id)", "Filter": "(production_year > 1990)", "Plans": [{"Node Type": "Bitmap Index Scan", "Parent Relationship": "Outer", "Index Name": "title_pkey", "Startup Cost": 0.0, "Total Cost": 0.27, "Plan Rows": 1, "Plan Width": 0, "Index Cond": "(id = mc.movie_id)"}]}]}, {"Node Type": "Bitmap Heap Scan", "Parent Relationship": "Inner", "Relation Name": "movie_keyword", "Alias": "mk", "Startup Cost": 0.34, "Total Cost": 4.44, "Plan Rows": 8, "Plan Width": 8, "Recheck Cond": "(movie_id = mc.movie_id)", "Plans": [{"Node Type": "Bitmap Index Scan", "Parent Relationship": "Outer", "Index Name": "movie_id_movie_keyword", "Startup Cost": 0.0, "Total Cost": 0.34, "Plan Rows": 8, "Plan Width": 0, "Index Cond": "(movie_id = mc.movie_id)"}]}]}]}, {"Node Type": "Sort", "Parent Relationship": "Inner", "Startup Cost": 13527.66, "Total Cost": 13863.08, "Plan Rows": 134169, "Plan Width": 4, "Sort Key": ["k.id"], "Plans": [{"Node Type": "Seq Scan", "Parent Relationship": "Outer", "Relation Name": "keyword", "Alias": "k", "Startup Cost": 0.0, "Total Cost": 2100.69, "Plan Rows": 134169, "Plan Width": 4}]}]}]}, "Unique SQL Id": 2302223328, "Planner Runtime": 159}, "explain_analyze_plan": {"Plan": {"Node Type": "Aggregate", "Strategy": "Plain", "Startup Cost": 161272.65, "Total Cost": 161272.66, "Plan Rows": 1, "Plan Width": 102, "Actual Min Startup Time": 318.566, "Actual Max Startup Time": 318.566, "Actual Min Total Time": 318.566, "Actual Max Total Time": 318.566, "Plans": [{"Node Type": "Merge Join", "Parent Relationship": "Outer", "Join Type": "Inner", "Startup Cost": 160462.7, "Total Cost": 161237.44, "Plan Rows": 7042, "Plan Width": 38, "Actual Min Startup Time": 280.832, "Actual Max Startup Time": 280.832, "Actual Min Total Time": 316.355, "Actual Max Total Time": 316.355, "Inner Unique": true, "Merge Cond": "(mk.keyword_id = k.id)", "Plans": [{"Node Type": "Sort", "Parent Relationship": "Outer", "Startup Cost": 146935.04, "Total Cost": 146952.65, "Plan Rows": 7042, "Plan Width": 42, "Actual Min Startup Time": 199.655, "Actual Max Startup Time": 199.655, "Actual Min Total Time": 200.283, "Actual Max Total Time": 200.283, "Sort Key": ["mk.keyword_id"], "Sort Method": "quicksort", "Sort Space Min Used": 752, "Sort Space Max Used": 752, "Sort Space Type": "Memory", "Plans": [{"Node Type": "Nested Loop", "Parent Relationship": "Outer", "Join Type": "Inner", "Startup Cost": 135296.2, "Total Cost": 146484.99, "Plan Rows": 7042, "Plan Width": 42, "Actual Min Startup Time": 183.168, "Actual Max Startup Time": 183.168, "Actual Min Total Time": 197.816, "Actual Max Total Time": 197.816, "Inner Unique": false, "Join Filter": "(t.id = mk.movie_id)", "Rows Removed by Join Filter": 0, "Plans": [{"Node Type": "Nested Loop", "Parent Relationship": "Outer", "Join Type": "Inner", "Startup Cost": 135295.86, "Total Cost": 142523.3, "Plan Rows": 873, "Plan Width": 54, "Actual Min Startup Time": 183.103, "Actual Max Startup Time": 183.103, "Actual Min Total Time": 192.554, "Actual Max Total Time": 192.554, "Inner Unique": true, "Join Filter": "(at.movie_id = t.id)", "Rows Removed by Join Filter": 0, "Plans": [{"Node Type": "Nested Loop", "Parent Relationship": "Outer", "Join Type": "Inner", "Startup Cost": 135295.59, "Total Cost": 139814.65, "Plan Rows": 630, "Plan Width": 33, "Actual Min Startup Time": 183.074, "Actual Max Startup Time": 183.074, "Actual Min Total Time": 189.522, "Actual Max Total Time": 189.522, "Inner Unique": true, "Plans": [{"Node Type": "Merge Join", "Parent Relationship": "Outer", "Join Type": "Inner", "Startup Cost": 135295.33, "Total Cost": 135308.55, "Plan Rows": 1052, "Plan Width": 37, "Actual Min Startup Time": 183.021, "Actual Max Startup Time": 183.021, "Actual Min Total Time": 183.498, "Actual Max Total Time": 183.498, "Inner Unique": false, "Merge Cond": "(ct.id = mc.company_type_id)", "Plans": [{"Node Type": "Sort", "Parent Relationship": "Outer", "Startup Cost": 1.05, "Total Cost": 1.06, "Plan Rows": 3, "Plan Width": 4, "Actual Min Startup Time": 0.044, "Actual Max Startup Time": 0.044, "Actual Min Total Time": 0.045, "Actual Max Total Time": 0.045, "Sort Key": ["ct.id"], "Sort Method": "quicksort", "Sort Space Min Used": 25, "Sort Space Max Used": 25, "Sort Space Type": "Memory", "Plans": [{"Node Type": "Seq Scan", "Parent Relationship": "Outer", "Relation Name": "company_type", "Alias": "ct", "Startup Cost": 0.0, "Total Cost": 1.03, "Plan Rows": 3, "Plan Width": 4, "Actual Min Startup Time": 0.019, "Actual Max Startup Time": 0.019, "Actual Min Total Time": 0.02, "Actual Max Total Time": 0.02, "Actual Rows": 3}], "Actual Rows": 2}, {"Node Type": "Sort", "Parent Relationship": "Inner", "Startup Cost": 135291.7, "Total Cost": 135294.33, "Plan Rows": 1052, "Plan Width": 41, "Actual Min Startup Time": 182.608, "Actual Max Startup Time": 182.608, "Actual Min Total Time": 182.873, "Actual Max Total Time": 182.873, "Sort Key": ["mc.company_type_id"], "Sort Method": "quicksort", "Sort Space Min Used": 360, "Sort Space Max Used": 360, "Sort Space Type": "Memory", "Plans": [{"Node Type": "Nested Loop", "Parent Relationship": "Outer", "Join Type": "Inner", "Startup Cost": 132908.06, "Total Cost": 135238.9, "Plan Rows": 1052, "Plan Width": 41, "Actual Min Startup Time": 174.791, "Actual Max Startup Time": 174.791, "Actual Min Total Time": 181.651, "Actual Max Total Time": 181.651, "Inner Unique": false, "Plans": [{"Node Type": "Merge Join", "Parent Relationship": "Outer", "Join Type": "Inner", "Startup Cost": 132907.69, "Total Cost": 133074.85, "Plan Rows": 490, "Plan Width": 29, "Actual Min Startup Time": 174.767, "Actual Max Startup Time": 174.767, "Actual Min Total Time": 175.051, "Actual Max Total Time": 175.051, "Inner Unique": false, "Merge Cond": "(it1.id = mi.info_type_id)", "Plans": [{"Node Type": "Sort", "Parent Relationship": "Outer", "Startup Cost": 2.41, "Total Cost": 2.42, "Plan Rows": 1, "Plan Width": 4, "Actual Min Startup Time": 0.068, "Actual Max Startup Time": 0.068, "Actual Min Total Time": 0.068, "Actual Max Total Time": 0.068, "Sort Key": ["it1.id"], "Sort Method": "quicksort", "Sort Space Min Used": 25, "Sort Space Max Used": 25, "Sort Space Type": "Memory", "Plans": [{"Node Type": "Seq Scan", "Parent Relationship": "Outer", "Relation Name": "info_type", "Alias": "it1", "Startup Cost": 0.0, "Total Cost": 2.4, "Plan Rows": 1, "Plan Width": 4, "Actual Min Startup Time": 0.044, "Actual Max Startup Time": 0.044, "Actual Min Total Time": 0.063, "Actual Max Total Time": 0.063, "Filter": "((info)::text = 'release dates'::text)", "Rows Removed by Filter": 111, "Actual Rows": 1}], "Actual Rows": 1}, {"Node Type": "Sort", "Parent Relationship": "Inner", "Startup Cost": 132895.94, "Total Cost": 132981.73, "Plan Rows": 34318, "Plan Width": 33, "Actual Min Startup Time": 174.691, "Actual Max Startup Time": 174.691, "Actual Min Total Time": 174.762, "Actual Max Total Time": 174.762, "Sort Key": ["mi.info_type_id"], "Sort Method": "quicksort", "Sort Space Min Used": 113, "Sort Space Max Used": 113, "Sort Space Type": "Memory", "Plans": [{"Node Type": "Nested Loop", "Parent Relationship": "Outer", "Join Type": "Inner", "Startup Cost": 0.54, "Total Cost": 130310.65, "Plan Rows": 34318, "Plan Width": 33, "Actual Min Startup Time": 77.32, "Actual Max Startup Time": 77.32, "Actual Min Total Time": 174.268, "Actual Max Total Time": 174.268, "Inner Unique": false, "Plans": [{"Node Type": "Streaming(type: LOCAL GATHER dop: 1/64)", "Parent Relationship": "Outer", "Startup Cost": 0.0, "Total Cost": 68498.12, "Plan Rows": 13419, "Plan Width": 8, "Actual Min Startup Time": 77.24, "Actual Max Startup Time": 77.24, "Actual Min Total Time": 128.338, "Actual Max Total Time": 128.338, "Plans": [{"Node Type": "Seq Scan", "Parent Relationship": "Outer", "Relation Name": "movie_info", "Alias": "mi", "Startup Cost": 0.0, "Total Cost": 68221.29, "Plan Rows": 13419, "Plan Width": 8, "Actual Min Startup Time": 0.124, "Actual Max Startup Time": 22.53, "Actual Min Total Time": 60.559, "Actual Max Total Time": 68.248, "Filter": "((note)::text ~~ '%internet%'::text)", "Rows Removed by Filter": 14824909, "Actual Rows": 10810}], "Actual Rows": 10810}, {"Node Type": "Bitmap Heap Scan", "Parent Relationship": "Inner", "Relation Name": "aka_title", "Alias": "at", "Startup Cost": 0.54, "Total Cost": 4.58, "Plan Rows": 3, "Plan Width": 25, "Actual Min Startup Time": 34.167, "Actual Max Startup Time": 34.167, "Actual Min Total Time": 34.962, "Actual Max Total Time": 34.962, "Recheck Cond": "(movie_id = mi.movie_id)", "Rows Removed by Index Recheck": 0, "Exact Heap Blocks": 820, "Lossy Heap Blocks": 820, "Plans": [{"Node Type": "Bitmap Index Scan", "Parent Relationship": "Outer", "Index Name": "movie_id_aka_title", "Startup Cost": 0.0, "Total Cost": 0.54, "Plan Rows": 3, "Plan Width": 0, "Actual Min Startup Time": 28.14, "Actual Max Startup Time": 28.14, "Actual Min Total Time": 28.14, "Actual Max Total Time": 28.14, "Index Cond": "(movie_id = mi.movie_id)", "Actual Rows": 820}], "Actual Rows": 820}], "Actual Rows": 820}], "Actual Rows": 599}], "Actual Rows": 591}, {"Node Type": "Bitmap Heap Scan", "Parent Relationship": "Inner", "Relation Name": "movie_companies", "Alias": "mc", "Startup Cost": 0.37, "Total Cost": 4.4, "Plan Rows": 2, "Plan Width": 12, "Actual Min Startup Time": 4.441, "Actual Max Startup Time": 4.441, "Actual Min Total Time": 5.467, "Actual Max Total Time": 5.467, "Recheck Cond": "(movie_id = at.movie_id)", "Rows Removed by Index Recheck": 0, "Exact Heap Blocks": 945, "Lossy Heap Blocks": 945, "Plans": [{"Node Type": "Bitmap Index Scan", "Parent Relationship": "Outer", "Index Name": "movie_id_movie_companies", "Startup Cost": 0.0, "Total Cost": 0.37, "Plan Rows": 2, "Plan Width": 0, "Actual Min Startup Time": 2.89, "Actual Max Startup Time": 2.89, "Actual Min Total Time": 2.89, "Actual Max Total Time": 2.89, "Index Cond": "(movie_id = at.movie_id)", "Actual Rows": 2130}], "Actual Rows": 2130}], "Actual Rows": 2130}], "Actual Rows": 2130}], "Actual Rows": 891}, {"Node Type": "Bitmap Heap Scan", "Parent Relationship": "Inner", "Relation Name": "company_name", "Alias": "cn", "Startup Cost": 0.26, "Total Cost": 4.27, "Plan Rows": 1, "Plan Width": 4, "Actual Min Startup Time": 4.915, "Actual Max Startup Time": 4.915, "Actual Min Total Time": 4.915, "Actual Max Total Time": 4.915, "Recheck Cond": "(id = mc.company_id)", "Rows Removed by Index Recheck": 0, "Filter": "((country_code)::text = '[us]'::text)", "Rows Removed by Filter": 509, "Exact Heap Blocks": 891, "Lossy Heap Blocks": 891, "Plans": [{"Node Type": "Bitmap Index Scan", "Parent Relationship": "Outer", "Index Name": "company_name_pkey", "Startup Cost": 0.0, "Total Cost": 0.26, "Plan Rows": 1, "Plan Width": 0, "Actual Min Startup Time": 2.822, "Actual Max Startup Time": 2.822, "Actual Min Total Time": 2.822, "Actual Max Total Time": 2.822, "Index Cond": "(id = mc.company_id)", "Actual Rows": 891}], "Actual Rows": 382}], "Actual Rows": 382}, {"Node Type": "Bitmap Heap Scan", "Parent Relationship": "Inner", "Relation Name": "title", "Alias": "t", "Startup Cost": 0.27, "Total Cost": 4.29, "Plan Rows": 1, "Plan Width": 21, "Actual Min Startup Time": 2.421, "Actual Max Startup Time": 2.421, "Actual Min Total Time": 2.421, "Actual Max Total Time": 2.421, "Recheck Cond": "(id = mc.movie_id)", "Rows Removed by Index Recheck": 0, "Filter": "(production_year > 1990)", "Rows Removed by Filter": 0, "Exact Heap Blocks": 382, "Lossy Heap Blocks": 382, "Plans": [{"Node Type": "Bitmap Index Scan", "Parent Relationship": "Outer", "Index Name": "title_pkey", "Startup Cost": 0.0, "Total Cost": 0.27, "Plan Rows": 1, "Plan Width": 0, "Actual Min Startup Time": 1.55, "Actual Max Startup Time": 1.55, "Actual Min Total Time": 1.55, "Actual Max Total Time": 1.55, "Index Cond": "(id = mc.movie_id)", "Actual Rows": 382}], "Actual Rows": 382}], "Actual Rows": 382}, {"Node Type": "Bitmap Heap Scan", "Parent Relationship": "Inner", "Relation Name": "movie_keyword", "Alias": "mk", "Startup Cost": 0.34, "Total Cost": 4.44, "Plan Rows": 8, "Plan Width": 8, "Actual Min Startup Time": 2.962, "Actual Max Startup Time": 2.962, "Actual Min Total Time": 3.518, "Actual Max Total Time": 3.518, "Recheck Cond": "(movie_id = mc.movie_id)", "Rows Removed by Index Recheck": 0, "Exact Heap Blocks": 276, "Lossy Heap Blocks": 276, "Plans": [{"Node Type": "Bitmap Index Scan", "Parent Relationship": "Outer", "Index Name": "movie_id_movie_keyword", "Startup Cost": 0.0, "Total Cost": 0.34, "Plan Rows": 8, "Plan Width": 0, "Actual Min Startup Time": 1.809, "Actual Max Startup Time": 1.809, "Actual Min Total Time": 1.809, "Actual Max Total Time": 1.809, "Index Cond": "(movie_id = mc.movie_id)", "Actual Rows": 4371}], "Actual Rows": 4371}], "Actual Rows": 4371}], "Actual Rows": 4371}, {"Node Type": "Sort", "Parent Relationship": "Inner", "Startup Cost": 13527.66, "Total Cost": 13863.08, "Plan Rows": 134169, "Plan Width": 4, "Actual Min Startup Time": 81.165, "Actual Max Startup Time": 81.165, "Actual Min Total Time": 96.838, "Actual Max Total Time": 96.838, "Sort Key": ["k.id"], "Sort Method": "quicksort", "Sort Space Min Used": 14530, "Sort Space Max Used": 14530, "Sort Space Type": "Memory", "Plans": [{"Node Type": "Seq Scan", "Parent Relationship": "Outer", "Relation Name": "keyword", "Alias": "k", "Startup Cost": 0.0, "Total Cost": 2100.69, "Plan Rows": 134169, "Plan Width": 4, "Actual Min Startup Time": 0.033, "Actual Max Startup Time": 0.033, "Actual Min Total Time": 34.875, "Actual Max Total Time": 34.875, "Actual Rows": 134169}], "Actual Rows": 133879}], "Actual Rows": 4371}], "Actual Rows": 1}, "Triggers": [], "Planner Runtime": 159, "Total Runtime": 330.674, "Unique SQL Id": 2302223328}}, "(64, 87)": {"explain_plan": {"Plan": {"Node Type": "Aggregate", "Strategy": "Plain", "Startup Cost": 190376.7, "Total Cost": 190376.71, "Plan Rows": 1, "Plan Width": 102, "Plans": [{"Node Type": "Merge Join", "Parent Relationship": "Outer", "Join Type": "Inner", "Startup Cost": 189566.75, "Total Cost": 190341.49, "Plan Rows": 7042, "Plan Width": 38, "Inner Unique": true, "Merge Cond": "(mk.keyword_id = k.id)", "Plans": [{"Node Type": "Sort", "Parent Relationship": "Outer", "Startup Cost": 175286.46, "Total Cost": 175304.06, "Plan Rows": 7042, "Plan Width": 42, "Sort Key": ["mk.keyword_id"], "Plans": [{"Node Type": "Nested Loop", "Parent Relationship": "Outer", "Join Type": "Inner", "Startup Cost": 166356.37, "Total Cost": 174836.41, "Plan Rows": 7042, "Plan Width": 42, "Inner Unique": false, "Join Filter": "(t.id = mk.movie_id)", "Plans": [{"Node Type": "Nested Loop", "Parent Relationship": "Outer", "Join Type": "Inner", "Startup Cost": 166356.03, "Total Cost": 170874.71, "Plan Rows": 873, "Plan Width": 54, "Inner Unique": false, "Join Filter": "(t.id = at.movie_id)", "Plans": [{"Node Type": "Nested Loop", "Parent Relationship": "Outer", "Join Type": "Inner", "Startup Cost": 166355.76, "Total Cost": 168795.6, "Plan Rows": 478, "Plan Width": 29, "Inner Unique": true, "Plans": [{"Node Type": "Merge Join", "Parent Relationship": "Outer", "Join Type": "Inner", "Startup Cost": 166355.5, "Total Cost": 166362.65, "Plan Rows": 568, "Plan Width": 33, "Inner Unique": false, "Merge Cond": "(ct.id = mc.company_type_id)", "Plans": [{"Node Type": "Sort", "Parent Relationship": "Outer", "Startup Cost": 12.32, "Total Cost": 12.33, "Plan Rows": 3, "Plan Width": 4, "Sort Key": ["ct.id"], "Plans": [{"Node Type": "Bitmap Heap Scan", "Parent Relationship": "Outer", "Relation Name": "company_type", "Alias": "ct", "Startup Cost": 8.27, "Total Cost": 12.3, "Plan Rows": 3, "Plan Width": 4, "Plans": [{"Node Type": "Bitmap Index Scan", "Parent Relationship": "Outer", "Index Name": "company_type_pkey", "Startup Cost": 0.0, "Total Cost": 8.27, "Plan Rows": 3, "Plan Width": 0}]}]}, {"Node Type": "Sort", "Parent Relationship": "Inner", "Startup Cost": 166341.79, "Total Cost": 166343.21, "Plan Rows": 568, "Plan Width": 37, "Sort Key": ["mc.company_type_id"], "Plans": [{"Node Type": "Nested Loop", "Parent Relationship": "Outer", "Join Type": "Inner", "Startup Cost": 4853.18, "Total Cost": 166315.81, "Plan Rows": 568, "Plan Width": 37, "Inner Unique": false, "Plans": [{"Node Type": "Nested Loop", "Parent Relationship": "Outer", "Join Type": "Inner", "Startup Cost": 4852.89, "Total Cost": 165163.39, "Plan Rows": 266, "Plan Width": 25, "Inner Unique": true, "Plans": [{"Node Type": "Nested Loop", "Parent Relationship": "Outer", "Join Type": "Inner", "Startup Cost": 4850.32, "Total Cost": 163895.89, "Plan Rows": 192, "Plan Width": 4, "Inner Unique": false, "Plans": [{"Node Type": "Bitmap Heap Scan", "Parent Relationship": "Outer", "Relation Name": "info_type", "Alias": "it1", "Startup Cost": 8.81, "Total Cost": 14.21, "Plan Rows": 1, "Plan Width": 4, "Filter": "((info)::text = 'release dates'::text)", "Plans": [{"Node Type": "Bitmap Index Scan", "Parent Relationship": "Outer", "Index Name": "info_type_pkey", "Startup Cost": 0.0, "Total Cost": 8.81, "Plan Rows": 112, "Plan Width": 0}]}, {"Node Type": "Bitmap Heap Scan", "Parent Relationship": "Inner", "Relation Name": "movie_info", "Alias": "mi", "Startup Cost": 4841.51, "Total Cost": 163879.76, "Plan Rows": 192, "Plan Width": 8, "Recheck Cond": "(info_type_id = it1.id)", "Filter": "((note)::text ~~ '%internet%'::text)", "Plans": [{"Node Type": "Bitmap Index Scan", "Parent Relationship": "Outer", "Index Name": "info_type_id_movie_info", "Startup Cost": 0.0, "Total Cost": 4841.46, "Plan Rows": 212428, "Plan Width": 0, "Index Cond": "(info_type_id = it1.id)"}]}]}, {"Node Type": "Bitmap Heap Scan", "Parent Relationship": "Inner", "Relation Name": "title", "Alias": "t", "Startup Cost": 2.58, "Total Cost": 6.59, "Plan Rows": 1, "Plan Width": 21, "Recheck Cond": "(id = mi.movie_id)", "Filter": "(production_year > 1990)", "Plans": [{"Node Type": "Bitmap Index Scan", "Parent Relationship": "Outer", "Index Name": "title_pkey", "Startup Cost": 0.0, "Total Cost": 2.58, "Plan Rows": 1, "Plan Width": 0, "Index Cond": "(id = mi.movie_id)"}]}]}, {"Node Type": "Bitmap Heap Scan", "Parent Relationship": "Inner", "Relation Name": "movie_companies", "Alias": "mc", "Startup Cost": 0.29, "Total Cost": 4.31, "Plan Rows": 2, "Plan Width": 12, "Recheck Cond": "(movie_id = t.id)", "Plans": [{"Node Type": "Bitmap Index Scan", "Parent Relationship": "Outer", "Index Name": "movie_id_movie_companies", "Startup Cost": 0.0, "Total Cost": 0.29, "Plan Rows": 2, "Plan Width": 0, "Index Cond": "(movie_id = t.id)"}]}]}]}]}, {"Node Type": "Bitmap Heap Scan", "Parent Relationship": "Inner", "Relation Name": "company_name", "Alias": "cn", "Startup Cost": 0.26, "Total Cost": 4.27, "Plan Rows": 1, "Plan Width": 4, "Recheck Cond": "(id = mc.company_id)", "Filter": "((country_code)::text = '[us]'::text)", "Plans": [{"Node Type": "Bitmap Index Scan", "Parent Relationship": "Outer", "Index Name": "company_name_pkey", "Startup Cost": 0.0, "Total Cost": 0.26, "Plan Rows": 1, "Plan Width": 0, "Index Cond": "(id = mc.company_id)"}]}]}, {"Node Type": "Bitmap Heap Scan", "Parent Relationship": "Inner", "Relation Name": "aka_title", "Alias": "at", "Startup Cost": 0.27, "Total Cost": 4.31, "Plan Rows": 3, "Plan Width": 25, "Recheck Cond": "(movie_id = mc.movie_id)", "Plans": [{"Node Type": "Bitmap Index Scan", "Parent Relationship": "Outer", "Index Name": "movie_id_aka_title", "Startup Cost": 0.0, "Total Cost": 0.27, "Plan Rows": 3, "Plan Width": 0, "Index Cond": "(movie_id = mc.movie_id)"}]}]}, {"Node Type": "Bitmap Heap Scan", "Parent Relationship": "Inner", "Relation Name": "movie_keyword", "Alias": "mk", "Startup Cost": 0.34, "Total Cost": 4.44, "Plan Rows": 8, "Plan Width": 8, "Recheck Cond": "(movie_id = mc.movie_id)", "Plans": [{"Node Type": "Bitmap Index Scan", "Parent Relationship": "Outer", "Index Name": "movie_id_movie_keyword", "Startup Cost": 0.0, "Total Cost": 0.34, "Plan Rows": 8, "Plan Width": 0, "Index Cond": "(movie_id = mc.movie_id)"}]}]}]}, {"Node Type": "Sort", "Parent Relationship": "Inner", "Startup Cost": 14280.29, "Total Cost": 14615.72, "Plan Rows": 134169, "Plan Width": 4, "Sort Key": ["k.id"], "Plans": [{"Node Type": "Bitmap Heap Scan", "Parent Relationship": "Outer", "Relation Name": "keyword", "Alias": "k", "Startup Cost": 752.64, "Total Cost": 2853.33, "Plan Rows": 134169, "Plan Width": 4, "Plans": [{"Node Type": "Bitmap Index Scan", "Parent Relationship": "Outer", "Index Name": "keyword_pkey", "Startup Cost": 0.0, "Total Cost": 719.1, "Plan Rows": 134169, "Plan Width": 0}]}]}]}]}, "Unique SQL Id": 2302223328, "Planner Runtime": 139}, "explain_analyze_plan": null}, "(64, 88)": {"explain_plan": {"Plan": {"Node Type": "Aggregate", "Strategy": "Plain", "Startup Cost": 75461.21, "Total Cost": 75461.22, "Plan Rows": 1, "Plan Width": 102, "Plans": [{"Node Type": "Nested Loop", "Parent Relationship": "Outer", "Join Type": "Inner", "Startup Cost": 0.0, "Total Cost": 75426.34, "Plan Rows": 6974, "Plan Width": 38, "Inner Unique": false, "Join Filter": "(t.id = at.movie_id)", "Plans": [{"Node Type": "Nested Loop", "Parent Relationship": "Outer", "Join Type": "Inner", "Startup Cost": 0.0, "Total Cost": 74627.72, "Plan Rows": 2257, "Plan Width": 33, "Inner Unique": true, "Plans": [{"Node Type": "Nested Loop", "Parent Relationship": "Outer", "Join Type": "Inner", "Startup Cost": 0.0, "Total Cost": 73995.74, "Plan Rows": 2257, "Plan Width": 37, "Inner Unique": false, "Join Filter": "(t.id = mk.movie_id)", "Plans": [{"Node Type": "Nested Loop", "Parent Relationship": "Outer", "Join Type": "Inner", "Startup Cost": 0.0, "Total Cost": 73839.39, "Plan Rows": 278, "Plan Width": 29, "Inner Unique": true, "Plans": [{"Node Type": "Nested Loop", "Parent Relationship": "Outer", "Join Type": "Inner", "Startup Cost": 0.0, "Total Cost": 73705.55, "Plan Rows": 478, "Plan Width": 33, "Inner Unique": true, "Plans": [{"Node Type": "Nested Loop", "Parent Relationship": "Outer", "Join Type": "Inner", "Startup Cost": 0.0, "Total Cost": 73542.16, "Plan Rows": 568, "Plan Width": 37, "Inner Unique": false, "Plans": [{"Node Type": "Nested Loop", "Parent Relationship": "Outer", "Join Type": "Inner", "Startup Cost": 0.0, "Total Cost": 73444.3, "Plan Rows": 266, "Plan Width": 25, "Inner Unique": true, "Plans": [{"Node Type": "Nested Loop", "Parent Relationship": "Outer", "Join Type": "Inner", "Startup Cost": 0.0, "Total Cost": 72300.99, "Plan Rows": 192, "Plan Width": 4, "Inner Unique": true, "Plans": [{"Node Type": "Streaming(type: LOCAL GATHER dop: 1/64)", "Parent Relationship": "Outer", "Startup Cost": 0.0, "Total Cost": 68498.12, "Plan Rows": 13419, "Plan Width": 8, "Plans": [{"Node Type": "Seq Scan", "Parent Relationship": "Outer", "Relation Name": "movie_info", "Alias": "mi", "Startup Cost": 0.0, "Total Cost": 68221.29, "Plan Rows": 13419, "Plan Width": 8, "Filter": "((note)::text ~~ '%internet%'::text)"}]}, {"Node Type": "Index Scan", "Parent Relationship": "Inner", "Scan Direction": "Forward", "Index Name": "info_type_pkey", "Relation Name": "info_type", "Alias": "it1", "Startup Cost": 0.0, "Total Cost": 0.27, "Plan Rows": 1, "Plan Width": 4, "Index Cond": "(id = mi.info_type_id)", "Filter": "((info)::text = 'release dates'::text)"}]}, {"Node Type": "Index Scan", "Parent Relationship": "Inner", "Scan Direction": "Forward", "Index Name": "title_pkey", "Relation Name": "title", "Alias": "t", "Startup Cost": 0.0, "Total Cost": 5.94, "Plan Rows": 1, "Plan Width": 21, "Index Cond": "(id = mi.movie_id)", "Filter": "(production_year > 1990)"}]}, {"Node Type": "Index Scan", "Parent Relationship": "Inner", "Scan Direction": "Forward", "Index Name": "movie_id_movie_companies", "Relation Name": "movie_companies", "Alias": "mc", "Startup Cost": 0.0, "Total Cost": 0.35, "Plan Rows": 2, "Plan Width": 12, "Index Cond": "(movie_id = t.id)"}]}, {"Node Type": "Index Scan", "Parent Relationship": "Inner", "Scan Direction": "Forward", "Index Name": "company_name_pkey", "Relation Name": "company_name", "Alias": "cn", "Startup Cost": 0.0, "Total Cost": 0.28, "Plan Rows": 1, "Plan Width": 4, "Index Cond": "(id = mc.company_id)", "Filter": "((country_code)::text = '[us]'::text)"}]}, {"Node Type": "Index Only Scan", "Parent Relationship": "Inner", "Scan Direction": "Forward", "Index Name": "company_type_pkey", "Relation Name": "company_type", "Alias": "ct", "Startup Cost": 0.0, "Total Cost": 0.27, "Plan Rows": 1, "Plan Width": 4, "Index Cond": "(id = mc.company_type_id)"}]}, {"Node Type": "Index Scan", "Parent Relationship": "Inner", "Scan Direction": "Forward", "Index Name": "movie_id_movie_keyword", "Relation Name": "movie_keyword", "Alias": "mk", "Startup Cost": 0.0, "Total Cost": 0.46, "Plan Rows": 8, "Plan Width": 8, "Index Cond": "(movie_id = mc.movie_id)"}]}, {"Node Type": "Index Only Scan", "Parent Relationship": "Inner", "Scan Direction": "Forward", "Index Name": "keyword_pkey", "Relation Name": "keyword", "Alias": "k", "Startup Cost": 0.0, "Total Cost": 0.27, "Plan Rows": 1, "Plan Width": 4, "Index Cond": "(id = mk.keyword_id)"}]}, {"Node Type": "Index Scan", "Parent Relationship": "Inner", "Scan Direction": "Forward", "Index Name": "movie_id_aka_title", "Relation Name": "aka_title", "Alias": "at", "Startup Cost": 0.0, "Total Cost": 0.32, "Plan Rows": 3, "Plan Width": 25, "Index Cond": "(movie_id = mk.movie_id)"}]}]}, "Unique SQL Id": 2302223328, "Planner Runtime": 154}, "explain_analyze_plan": {"Plan": {"Node Type": "Aggregate", "Strategy": "Plain", "Startup Cost": 75461.21, "Total Cost": 75461.22, "Plan Rows": 1, "Plan Width": 102, "Actual Min Startup Time": 500.66, "Actual Max Startup Time": 500.66, "Actual Min Total Time": 500.66, "Actual Max Total Time": 500.66, "Plans": [{"Node Type": "Nested Loop", "Parent Relationship": "Outer", "Join Type": "Inner", "Startup Cost": 0.0, "Total Cost": 75426.34, "Plan Rows": 6974, "Plan Width": 38, "Actual Min Startup Time": 80.402, "Actual Max Startup Time": 80.402, "Actual Min Total Time": 497.848, "Actual Max Total Time": 497.848, "Inner Unique": false, "Join Filter": "(t.id = at.movie_id)", "Rows Removed by Join Filter": 0, "Plans": [{"Node Type": "Nested Loop", "Parent Relationship": "Outer", "Join Type": "Inner", "Startup Cost": 0.0, "Total Cost": 74627.72, "Plan Rows": 2257, "Plan Width": 33, "Actual Min Startup Time": 79.505, "Actual Max Startup Time": 79.505, "Actual Min Total Time": 453.853, "Actual Max Total Time": 453.853, "Inner Unique": true, "Plans": [{"Node Type": "Nested Loop", "Parent Relationship": "Outer", "Join Type": "Inner", "Startup Cost": 0.0, "Total Cost": 73995.74, "Plan Rows": 2257, "Plan Width": 37, "Actual Min Startup Time": 79.493, "Actual Max Startup Time": 79.493, "Actual Min Total Time": 405.776, "Actual Max Total Time": 405.776, "Inner Unique": false, "Join Filter": "(t.id = mk.movie_id)", "Rows Removed by Join Filter": 0, "Plans": [{"Node Type": "Nested Loop", "Parent Relationship": "Outer", "Join Type": "Inner", "Startup Cost": 0.0, "Total Cost": 73839.39, "Plan Rows": 278, "Plan Width": 29, "Actual Min Startup Time": 79.203, "Actual Max Startup Time": 79.203, "Actual Min Total Time": 365.925, "Actual Max Total Time": 365.925, "Inner Unique": true, "Plans": [{"Node Type": "Nested Loop", "Parent Relationship": "Outer", "Join Type": "Inner", "Startup Cost": 0.0, "Total Cost": 73705.55, "Plan Rows": 478, "Plan Width": 33, "Actual Min Startup Time": 79.177, "Actual Max Startup Time": 79.177, "Actual Min Total Time": 350.952, "Actual Max Total Time": 350.952, "Inner Unique": true, "Plans": [{"Node Type": "Nested Loop", "Parent Relationship": "Outer", "Join Type": "Inner", "Startup Cost": 0.0, "Total Cost": 73542.16, "Plan Rows": 568, "Plan Width": 37, "Actual Min Startup Time": 79.158, "Actual Max Startup Time": 79.158, "Actual Min Total Time": 276.592, "Actual Max Total Time": 276.592, "Inner Unique": false, "Plans": [{"Node Type": "Nested Loop", "Parent Relationship": "Outer", "Join Type": "Inner", "Startup Cost": 0.0, "Total Cost": 73444.3, "Plan Rows": 266, "Plan Width": 25, "Actual Min Startup Time": 79.139, "Actual Max Startup Time": 79.139, "Actual Min Total Time": 206.179, "Actual Max Total Time": 206.179, "Inner Unique": true, "Plans": [{"Node Type": "Nested Loop", "Parent Relationship": "Outer", "Join Type": "Inner", "Startup Cost": 0.0, "Total Cost": 72300.99, "Plan Rows": 192, "Plan Width": 4, "Actual Min Startup Time": 79.117, "Actual Max Startup Time": 79.117, "Actual Min Total Time": 135.79, "Actual Max Total Time": 135.79, "Inner Unique": true, "Plans": [{"Node Type": "Streaming(type: LOCAL GATHER dop: 1/64)", "Parent Relationship": "Outer", "Startup Cost": 0.0, "Total Cost": 68498.12, "Plan Rows": 13419, "Plan Width": 8, "Actual Min Startup Time": 79.063, "Actual Max Startup Time": 79.063, "Actual Min Total Time": 105.345, "Actual Max Total Time": 105.345, "Plans": [{"Node Type": "Seq Scan", "Parent Relationship": "Outer", "Relation Name": "movie_info", "Alias": "mi", "Startup Cost": 0.0, "Total Cost": 68221.29, "Plan Rows": 13419, "Plan Width": 8, "Actual Min Startup Time": 0.112, "Actual Max Startup Time": 25.448, "Actual Min Total Time": 59.791, "Actual Max Total Time": 71.282, "Filter": "((note)::text ~~ '%internet%'::text)", "Rows Removed by Filter": 14824909, "Actual Rows": 10810}], "Actual Rows": 10810}, {"Node Type": "Index Scan", "Parent Relationship": "Inner", "Scan Direction": "Forward", "Index Name": "info_type_pkey", "Relation Name": "info_type", "Alias": "it1", "Startup Cost": 0.0, "Total Cost": 0.27, "Plan Rows": 1, "Plan Width": 4, "Actual Min Startup Time": 19.784, "Actual Max Startup Time": 19.784, "Actual Min Total Time": 19.784, "Actual Max Total Time": 19.784, "Index Cond": "(id = mi.info_type_id)", "Rows Removed by Index Recheck": 0, "Filter": "((info)::text = 'release dates'::text)", "Rows Removed by Filter": 131, "Actual Rows": 10679}], "Actual Rows": 10679}, {"Node Type": "Index Scan", "Parent Relationship": "Inner", "Scan Direction": "Forward", "Index Name": "title_pkey", "Relation Name": "title", "Alias": "t", "Startup Cost": 0.0, "Total Cost": 5.94, "Plan Rows": 1, "Plan Width": 21, "Actual Min Startup Time": 60.107, "Actual Max Startup Time": 60.107, "Actual Min Total Time": 60.107, "Actual Max Total Time": 60.107, "Index Cond": "(id = mi.movie_id)", "Rows Removed by Index Recheck": 0, "Filter": "(production_year > 1990)", "Rows Removed by Filter": 17, "Actual Rows": 10662}], "Actual Rows": 10662}, {"Node Type": "Index Scan", "Parent Relationship": "Inner", "Scan Direction": "Forward", "Index Name": "movie_id_movie_companies", "Relation Name": "movie_companies", "Alias": "mc", "Startup Cost": 0.0, "Total Cost": 0.35, "Plan Rows": 2, "Plan Width": 12, "Actual Min Startup Time": 49.5, "Actual Max Startup Time": 49.5, "Actual Min Total Time": 60.966, "Actual Max Total Time": 60.966, "Index Cond": "(movie_id = t.id)", "Rows Removed by Index Recheck": 0, "Actual Rows": 14377}], "Actual Rows": 14377}, {"Node Type": "Index Scan", "Parent Relationship": "Inner", "Scan Direction": "Forward", "Index Name": "company_name_pkey", "Relation Name": "company_name", "Alias": "cn", "Startup Cost": 0.0, "Total Cost": 0.28, "Plan Rows": 1, "Plan Width": 4, "Actual Min Startup Time": 63.235, "Actual Max Startup Time": 63.235, "Actual Min Total Time": 63.235, "Actual Max Total Time": 63.235, "Index Cond": "(id = mc.company_id)", "Rows Removed by Index Recheck": 0, "Filter": "((country_code)::text = '[us]'::text)", "Rows Removed by Filter": 4520, "Actual Rows": 9857}], "Actual Rows": 9857}, {"Node Type": "Index Only Scan", "Parent Relationship": "Inner", "Scan Direction": "Forward", "Index Name": "company_type_pkey", "Relation Name": "company_type", "Alias": "ct", "Startup Cost": 0.0, "Total Cost": 0.27, "Plan Rows": 1, "Plan Width": 4, "Actual Min Startup Time": 8.125, "Actual Max Startup Time": 8.125, "Actual Min Total Time": 8.125, "Actual Max Total Time": 8.125, "Index Cond": "(id = mc.company_type_id)", "Rows Removed by Index Recheck": 0, "Heap Fetches": 0, "Actual Rows": 5914}], "Actual Rows": 5914}, {"Node Type": "Index Scan", "Parent Relationship": "Inner", "Scan Direction": "Forward", "Index Name": "movie_id_movie_keyword", "Relation Name": "movie_keyword", "Alias": "mk", "Startup Cost": 0.0, "Total Cost": 0.46, "Plan Rows": 8, "Plan Width": 8, "Actual Min Startup Time": 24.804, "Actual Max Startup Time": 24.804, "Actual Min Total Time": 31.154, "Actual Max Total Time": 31.154, "Index Cond": "(movie_id = mc.movie_id)", "Rows Removed by Index Recheck": 0, "Actual Rows": 14161}], "Actual Rows": 14161}, {"Node Type": "Index Only Scan", "Parent Relationship": "Inner", "Scan Direction": "Forward", "Index Name": "keyword_pkey", "Relation Name": "keyword", "Alias": "k", "Startup Cost": 0.0, "Total Cost": 0.27, "Plan Rows": 1, "Plan Width": 4, "Actual Min Startup Time": 37.763, "Actual Max Startup Time": 37.763, "Actual Min Total Time": 37.763, "Actual Max Total Time": 37.763, "Index Cond": "(id = mk.keyword_id)", "Rows Removed by Index Recheck": 0, "Heap Fetches": 0, "Actual Rows": 14161}], "Actual Rows": 14161}, {"Node Type": "Index Scan", "Parent Relationship": "Inner", "Scan Direction": "Forward", "Index Name": "movie_id_aka_title", "Relation Name": "aka_title", "Alias": "at", "Startup Cost": 0.0, "Total Cost": 0.32, "Plan Rows": 3, "Plan Width": 25, "Actual Min Startup Time": 32.668, "Actual Max Startup Time": 32.668, "Actual Min Total Time": 34.866, "Actual Max Total Time": 34.866, "Index Cond": "(movie_id = mk.movie_id)", "Rows Removed by Index Recheck": 0, "Actual Rows": 4371}], "Actual Rows": 4371}], "Actual Rows": 1}, "Triggers": [], "Planner Runtime": 154, "Total Runtime": 512.483, "Unique SQL Id": 2302223328}}, "(64, 89)": {"explain_plan": {"Plan": {"Node Type": "Aggregate", "Strategy": "Plain", "Startup Cost": 498859.86, "Total Cost": 498859.87, "Plan Rows": 1, "Plan Width": 102, "Plans": [{"Node Type": "Nested Loop", "Parent Relationship": "Outer", "Join Type": "Inner", "Startup Cost": 0.0, "Total Cost": 498824.99, "Plan Rows": 6974, "Plan Width": 38, "Inner Unique": false, "Join Filter": "(t.id = at.movie_id)", "Plans": [{"Node Type": "Nested Loop", "Parent Relationship": "Outer", "Join Type": "Inner", "Startup Cost": 0.0, "Total Cost": 498026.38, "Plan Rows": 2257, "Plan Width": 33, "Inner Unique": true, "Plans": [{"Node Type": "Nested Loop", "Parent Relationship": "Outer", "Join Type": "Inner", "Startup Cost": 0.0, "Total Cost": 497394.39, "Plan Rows": 2257, "Plan Width": 37, "Inner Unique": false, "Join Filter": "(t.id = mk.movie_id)", "Plans": [{"Node Type": "Nested Loop", "Parent Relationship": "Outer", "Join Type": "Inner", "Startup Cost": 0.0, "Total Cost": 497238.04, "Plan Rows": 278, "Plan Width": 29, "Inner Unique": true, "Plans": [{"Node Type": "Nested Loop", "Parent Relationship": "Outer", "Join Type": "Inner", "Startup Cost": 0.0, "Total Cost": 497104.2, "Plan Rows": 478, "Plan Width": 33, "Inner Unique": true, "Plans": [{"Node Type": "Nested Loop", "Parent Relationship": "Outer", "Join Type": "Inner", "Startup Cost": 0.0, "Total Cost": 496940.81, "Plan Rows": 568, "Plan Width": 37, "Inner Unique": false, "Plans": [{"Node Type": "Nested Loop", "Parent Relationship": "Outer", "Join Type": "Inner", "Startup Cost": 0.0, "Total Cost": 496842.96, "Plan Rows": 266, "Plan Width": 25, "Inner Unique": true, "Plans": [{"Node Type": "Nested Loop", "Parent Relationship": "Outer", "Join Type": "Inner", "Startup Cost": 0.0, "Total Cost": 495699.65, "Plan Rows": 192, "Plan Width": 4, "Inner Unique": false, "Plans": [{"Node Type": "Index Scan", "Parent Relationship": "Outer", "Scan Direction": "Forward", "Index Name": "info_type_pkey", "Relation Name": "info_type", "Alias": "it1", "Startup Cost": 0.0, "Total Cost": 14.21, "Plan Rows": 1, "Plan Width": 4, "Filter": "((info)::text = 'release dates'::text)"}, {"Node Type": "Index Scan", "Parent Relationship": "Inner", "Scan Direction": "Forward", "Index Name": "info_type_id_movie_info", "Relation Name": "movie_info", "Alias": "mi", "Startup Cost": 0.0, "Total Cost": 495683.52, "Plan Rows": 192, "Plan Width": 8, "Index Cond": "(info_type_id = it1.id)", "Filter": "((note)::text ~~ '%internet%'::text)"}]}, {"Node Type": "Index Scan", "Parent Relationship": "Inner", "Scan Direction": "Forward", "Index Name": "title_pkey", "Relation Name": "title", "Alias": "t", "Startup Cost": 0.0, "Total Cost": 5.94, "Plan Rows": 1, "Plan Width": 21, "Index Cond": "(id = mi.movie_id)", "Filter": "(production_year > 1990)"}]}, {"Node Type": "Index Scan", "Parent Relationship": "Inner", "Scan Direction": "Forward", "Index Name": "movie_id_movie_companies", "Relation Name": "movie_companies", "Alias": "mc", "Startup Cost": 0.0, "Total Cost": 0.35, "Plan Rows": 2, "Plan Width": 12, "Index Cond": "(movie_id = t.id)"}]}, {"Node Type": "Index Scan", "Parent Relationship": "Inner", "Scan Direction": "Forward", "Index Name": "company_name_pkey", "Relation Name": "company_name", "Alias": "cn", "Startup Cost": 0.0, "Total Cost": 0.28, "Plan Rows": 1, "Plan Width": 4, "Index Cond": "(id = mc.company_id)", "Filter": "((country_code)::text = '[us]'::text)"}]}, {"Node Type": "Index Only Scan", "Parent Relationship": "Inner", "Scan Direction": "Forward", "Index Name": "company_type_pkey", "Relation Name": "company_type", "Alias": "ct", "Startup Cost": 0.0, "Total Cost": 0.27, "Plan Rows": 1, "Plan Width": 4, "Index Cond": "(id = mc.company_type_id)"}]}, {"Node Type": "Index Scan", "Parent Relationship": "Inner", "Scan Direction": "Forward", "Index Name": "movie_id_movie_keyword", "Relation Name": "movie_keyword", "Alias": "mk", "Startup Cost": 0.0, "Total Cost": 0.46, "Plan Rows": 8, "Plan Width": 8, "Index Cond": "(movie_id = mc.movie_id)"}]}, {"Node Type": "Index Only Scan", "Parent Relationship": "Inner", "Scan Direction": "Forward", "Index Name": "keyword_pkey", "Relation Name": "keyword", "Alias": "k", "Startup Cost": 0.0, "Total Cost": 0.27, "Plan Rows": 1, "Plan Width": 4, "Index Cond": "(id = mk.keyword_id)"}]}, {"Node Type": "Index Scan", "Parent Relationship": "Inner", "Scan Direction": "Forward", "Index Name": "movie_id_aka_title", "Relation Name": "aka_title", "Alias": "at", "Startup Cost": 0.0, "Total Cost": 0.32, "Plan Rows": 3, "Plan Width": 25, "Index Cond": "(movie_id = mk.movie_id)"}]}]}, "Unique SQL Id": 2302223328, "Planner Runtime": 141}, "explain_analyze_plan": null}, "(64, 90)": {"explain_plan": {"Plan": {"Node Type": "Aggregate", "Strategy": "Plain", "Startup Cost": 320303632634.42, "Total Cost": 320303632634.43, "Plan Rows": 1, "Plan Width": 102, "Plans": [{"Node Type": "Merge Join", "Parent Relationship": "Outer", "Join Type": "Inner", "Startup Cost": 110007790788.07, "Total Cost": 320303632599.21, "Plan Rows": 7042, "Plan Width": 38, "Inner Unique": false, "Merge Cond": "(mk.movie_id = t.id)", "Plans": [{"Node Type": "Sort", "Parent Relationship": "Outer", "Startup Cost": 1133276.21, "Total Cost": 1144362.35, "Plan Rows": 4434459, "Plan Width": 4, "Sort Key": ["mk.movie_id"], "Plans": [{"Node Type": "Merge Join", "Parent Relationship": "Outer", "Join Type": "Inner", "Startup Cost": 576069.95, "Total Cost": 643704.69, "Plan Rows": 4434459, "Plan Width": 4, "Inner Unique": false, "Merge Cond": "(k.id = mk.keyword_id)", "Plans": [{"Node Type": "Sort", "Parent Relationship": "Outer", "Startup Cost": 13527.66, "Total Cost": 13863.08, "Plan Rows": 134169, "Plan Width": 4, "Sort Key": ["k.id"], "Plans": [{"Node Type": "Seq Scan", "Parent Relationship": "Outer", "Relation Name": "keyword", "Alias": "k", "Startup Cost": 0.0, "Total Cost": 2100.69, "Plan Rows": 134169, "Plan Width": 4}]}, {"Node Type": "Sort", "Parent Relationship": "Inner", "Startup Cost": 562542.3, "Total Cost": 573852.12, "Plan Rows": 4523929, "Plan Width": 8, "Sort Key": ["mk.keyword_id"], "Plans": [{"Node Type": "Seq Scan", "Parent Relationship": "Outer", "Relation Name": "movie_keyword", "Alias": "mk", "Startup Cost": 0.0, "Total Cost": 62441.29, "Plan Rows": 4523929, "Plan Width": 8}]}]}]}, {"Node Type": "Materialize", "Parent Relationship": "Inner", "Startup Cost": 110006657511.86, "Total Cost": 320543642037.62, "Plan Rows": 873, "Plan Width": 54, "Plans": [{"Node Type": "Merge Join", "Parent Relationship": "Outer", "Join Type": "Inner", "Startup Cost": 110006657511.86, "Total Cost": 320543642035.44, "Plan Rows": 873, "Plan Width": 54, "Inner Unique": false, "Merge Cond": "(t.id = mi.movie_id)", "Plans": [{"Node Type": "Nested Loop", "Parent Relationship": "Outer", "Join Type": "Inner", "Startup Cost": 10000681745.34, "Total Cost": 220692370165.15, "Plan Rows": 637364, "Plan Width": 50, "Inner Unique": true, "Join Filter": "(at.movie_id = t.id), (LLVM Optimized)", "Plans": [{"Node Type": "Merge Join", "Parent Relationship": "Outer", "Join Type": "Inner", "Startup Cost": 681745.34, "Total Cost": 693735.71, "Plan Rows": 460055, "Plan Width": 29, "Inner Unique": false, "Merge Cond": "(at.movie_id = mc.movie_id)", "Plans": [{"Node Type": "Sort", "Parent Relationship": "Outer", "Startup Cost": 43264.85, "Total Cost": 44168.52, "Plan Rows": 361471, "Plan Width": 25, "Sort Key": ["at.movie_id"], "Plans": [{"Node Type": "Seq Scan", "Parent Relationship": "Outer", "Relation Name": "aka_title", "Alias": "at", "Startup Cost": 0.0, "Total Cost": 9894.71, "Plan Rows": 361471, "Plan Width": 25}]}, {"Node Type": "Sort", "Parent Relationship": "Inner", "Startup Cost": 638480.19, "Total Cost": 641685.97, "Plan Rows": 1282311, "Plan Width": 4, "Sort Key": ["mc.movie_id"], "Plans": [{"Node Type": "Merge Join", "Parent Relationship": "Outer", "Join Type": "Inner", "Startup Cost": 492291.14, "Total Cost": 508387.72, "Plan Rows": 1282311, "Plan Width": 4, "Inner Unique": false, "Merge Cond": "(ct.id = mc.company_type_id)", "Plans": [{"Node Type": "Sort", "Parent Relationship": "Outer", "Startup Cost": 1.05, "Total Cost": 1.06, "Plan Rows": 3, "Plan Width": 4, "Sort Key": ["ct.id"], "Plans": [{"Node Type": "Seq Scan", "Parent Relationship": "Outer", "Relation Name": "company_type", "Alias": "ct", "Startup Cost": 0.0, "Total Cost": 1.03, "Plan Rows": 3, "Plan Width": 4}]}, {"Node Type": "Sort", "Parent Relationship": "Inner", "Startup Cost": 489151.99, "Total Cost": 492357.77, "Plan Rows": 1282311, "Plan Width": 8, "Sort Key": ["mc.company_type_id"], "Plans": [{"Node Type": "Merge Join", "Parent Relationship": "Outer", "Join Type": "Inner", "Startup Cost": 333103.9, "Total Cost": 359059.52, "Plan Rows": 1282311, "Plan Width": 8, "Inner Unique": false, "Merge Cond": "(cn.id = mc.company_id)", "Plans": [{"Node Type": "Sort", "Parent Relationship": "Outer", "Startup Cost": 12878.05, "Total Cost": 13090.97, "Plan Rows": 85170, "Plan Width": 4, "Sort Key": ["cn.id"], "Plans": [{"Node Type": "Seq Scan", "Parent Relationship": "Outer", "Relation Name": "company_name", "Alias": "cn", "Startup Cost": 0.0, "Total Cost": 5903.45, "Plan Rows": 85170, "Plan Width": 4, "Filter": "((country_code)::text = '[us]'::text)"}]}, {"Node Type": "Sort", "Parent Relationship": "Inner", "Startup Cost": 319886.87, "Total Cost": 326409.69, "Plan Rows": 2609128, "Plan Width": 12, "Sort Key": ["mc.company_id"], "Plans": [{"Node Type": "Seq Scan", "Parent Relationship": "Outer", "Relation Name": "movie_companies", "Alias": "mc", "Startup Cost": 0.0, "Total Cost": 41817.28, "Plan Rows": 2609128, "Plan Width": 12}]}]}]}]}]}]}, {"Node Type": "Materialize", "Parent Relationship": "Inner", "Startup Cost": 0.0, "Total Cost": 108859.91, "Plan Rows": 1748840, "Plan Width": 21, "Plans": [{"Node Type": "Streaming(type: LOCAL GATHER dop: 1/64)", "Parent Relationship": "Outer", "Startup Cost": 0.0, "Total Cost": 100115.71, "Plan Rows": 1748840, "Plan Width": 21, "Plans": [{"Node Type": "Seq Scan", "Parent Relationship": "Outer", "Relation Name": "title", "Alias": "t", "Startup Cost": 0.0, "Total Cost": 64037.34, "Plan Rows": 1748840, "Plan Width": 21, "Filter": "(production_year > 1990), (LLVM Optimized)"}]}]}]}, {"Node Type": "Sort", "Parent Relationship": "Inner", "Startup Cost": 100000686689.88, "Total Cost": 100000686690.36, "Plan Rows": 192, "Plan Width": 4, "Sort Key": ["mi.movie_id"], "Plans": [{"Node Type": "Nested Loop", "Parent Relationship": "Outer", "Join Type": "Inner", "Startup Cost": 10000000000.0, "Total Cost": 100000686682.6, "Plan Rows": 192, "Plan Width": 4, "Inner Unique": false, "Join Filter": "(it1.id = mi.info_type_id)", "Plans": [{"Node Type": "Seq Scan", "Parent Relationship": "Outer", "Relation Name": "info_type", "Alias": "it1", "Startup Cost": 0.0, "Total Cost": 2.4, "Plan Rows": 1, "Plan Width": 4, "Filter": "((info)::text = 'release dates'::text)"}, {"Node Type": "Materialize", "Parent Relationship": "Inner", "Startup Cost": 0.0, "Total Cost": 68531.67, "Plan Rows": 13419, "Plan Width": 8, "Plans": [{"Node Type": "Streaming(type: LOCAL GATHER dop: 1/64)", "Parent Relationship": "Outer", "Startup Cost": 0.0, "Total Cost": 68498.12, "Plan Rows": 13419, "Plan Width": 8, "Plans": [{"Node Type": "Seq Scan", "Parent Relationship": "Outer", "Relation Name": "movie_info", "Alias": "mi", "Startup Cost": 0.0, "Total Cost": 68221.29, "Plan Rows": 13419, "Plan Width": 8, "Filter": "((note)::text ~~ '%internet%'::text)"}]}]}]}]}]}]}]}]}, "Unique SQL Id": 2302223328, "Planner Runtime": 325}, "explain_analyze_plan": null}, "(64, 91)": {"explain_plan": {"Plan": {"Node Type": "Aggregate", "Strategy": "Plain", "Startup Cost": 8997317402205.57, "Total Cost": 8997317402205.58, "Plan Rows": 1, "Plan Width": 102, "Plans": [{"Node Type": "Merge Join", "Parent Relationship": "Outer", "Join Type": "Inner", "Startup Cost": 7019218593156.84, "Total Cost": 8997317402170.36, "Plan Rows": 7042, "Plan Width": 38, "Inner Unique": false, "Merge Cond": "(t.id = at.movie_id)", "Plans": [{"Node Type": "Merge Join", "Parent Relationship": "Outer", "Join Type": "Inner", "Startup Cost": 7009051525476.6, "Total Cost": 7998336872625.42, "Plan Rows": 3874, "Plan Width": 33, "Inner Unique": true, "Merge Cond": "(mi.movie_id = t.id)", "Plans": [{"Node Type": "Sort", "Parent Relationship": "Outer", "Startup Cost": 6999026617244.55, "Total Cost": 6999026617251.54, "Plan Rows": 2796, "Plan Width": 12, "Sort Key": ["mc.movie_id"], "Plans": [{"Node Type": "Merge Join", "Parent Relationship": "Outer", "Join Type": "Inner", "Startup Cost": 6009026614697.1, "Total Cost": 6999026617084.49, "Plan Rows": 2796, "Plan Width": 12, "Inner Unique": true, "Merge Cond": "(mi.info_type_id = it1.id)", "Plans": [{"Node Type": "Sort", "Parent Relationship": "Outer", "Startup Cost": 5999026614643.88, "Total Cost": 5999026615132.74, "Plan Rows": 195542, "Plan Width": 16, "Sort Key": ["mi.info_type_id"], "Plans": [{"Node Type": "Merge Join", "Parent Relationship": "Outer", "Join Type": "Inner", "Startup Cost": 5009435509547.01, "Total Cost": 5999026597458.56, "Plan Rows": 195542, "Plan Width": 16, "Inner Unique": false, "Merge Cond": "(mi.movie_id = mk.movie_id)", "Plans": [{"Node Type": "Index Scan", "Parent Relationship": "Outer", "Scan Direction": "Forward", "Index Name": "movie_id_movie_info", "Relation Name": "movie_info", "Alias": "mi", "Startup Cost": 10000000000.0, "Total Cost": 1000107534403.72, "Plan Rows": 13419, "Plan Width": 8, "Filter": "((note)::text ~~ '%internet%'::text)"}, {"Node Type": "Sort", "Parent Relationship": "Inner", "Startup Cost": 4999361725544.15, "Total Cost": 4999361745339.09, "Plan Rows": 7917978, "Plan Width": 8, "Sort Key": ["mc.movie_id"], "Plans": [{"Node Type": "Merge Join", "Parent Relationship": "Outer", "Join Type": "Inner", "Startup Cost": 4009869626400.92, "Total Cost": 4999360818274.49, "Plan Rows": 7917978, "Plan Width": 8, "Inner Unique": false, "Merge Cond": "(k.id = mk.keyword_id)", "Plans": [{"Node Type": "Index Only Scan", "Parent Relationship": "Outer", "Scan Direction": "Forward", "Index Name": "keyword_pkey", "Relation Name": "keyword", "Alias": "k", "Startup Cost": 10000000000.0, "Total Cost": 1000000206078.5, "Plan Rows": 134169, "Plan Width": 4}, {"Node Type": "Sort", "Parent Relationship": "Inner", "Startup Cost": 3999869626400.92, "Total Cost": 3999869646595.25, "Plan Rows": 8077732, "Plan Width": 12, "Sort Key": ["mk.keyword_id"], "Plans": [{"Node Type": "Merge Join", "Parent Relationship": "Outer", "Join Type": "Inner", "Startup Cost": 3010010836043.82, "Total Cost": 3999868699662.16, "Plan Rows": 8077732, "Plan Width": 12, "Inner Unique": false, "Merge Cond": "(mc.movie_id = mk.movie_id)", "Plans": [{"Node Type": "Sort", "Parent Relationship": "Outer", "Startup Cost": 3000010836043.32, "Total Cost": 3000010839249.09, "Plan Rows": 1282311, "Plan Width": 4, "Sort Key": ["mc.movie_id"], "Plans": [{"Node Type": "Merge Join", "Parent Relationship": "Outer", "Join Type": "Inner", "Startup Cost": 2010009630069.18, "Total Cost": 3000010705950.85, "Plan Rows": 1282311, "Plan Width": 4, "Inner Unique": false, "Merge Cond": "(cn.id = mc.company_id)", "Plans": [{"Node Type": "Index Scan", "Parent Relationship": "Outer", "Scan Direction": "Forward", "Index Name": "company_name_pkey", "Relation Name": "company_name", "Alias": "cn", "Startup Cost": 10000000000.0, "Total Cost": 1000001050138.97, "Plan Rows": 85170, "Plan Width": 4, "Filter": "((country_code)::text = '[us]'::text)"}, {"Node Type": "Sort", "Parent Relationship": "Inner", "Startup Cost": 2000009629730.2, "Total Cost": 2000009636253.02, "Plan Rows": 2609128, "Plan Width": 8, "Sort Key": ["mc.company_id"], "Plans": [{"Node Type": "Merge Join", "Parent Relationship": "Outer", "Join Type": "Inner", "Startup Cost": 504554486367.56, "Total Cost": 2000009351660.61, "Plan Rows": 2609128, "Plan Width": 8, "Inner Unique": false, "Merge Cond": "(ct.id = mc.company_type_id)", "Plans": [{"Node Type": "Index Only Scan", "Parent Relationship": "Outer", "Scan Direction": "Forward", "Index Name": "company_type_pkey", "Relation Name": "company_type", "Alias": "ct", "Startup Cost": 10000000000.0, "Total Cost": 1000000000829.5, "Plan Rows": 3, "Plan Width": 4}, {"Node Type": "Index Scan", "Parent Relationship": "Inner", "Scan Direction": "Forward", "Index Name": "company_type_id_movie_companies", "Relation Name": "movie_companies", "Alias": "mc", "Startup Cost": 10000000000.0, "Total Cost": 1000009318217.0, "Plan Rows": 2609128, "Plan Width": 12}]}]}]}]}, {"Node Type": "Materialize", "Parent Relationship": "Inner", "Startup Cost": 10000000000.0, "Total Cost": 1000015311943.99, "Plan Rows": 4523929, "Plan Width": 8, "Plans": [{"Node Type": "Index Scan", "Parent Relationship": "Outer", "Scan Direction": "Forward", "Index Name": "movie_id_movie_keyword", "Relation Name": "movie_keyword", "Alias": "mk", "Startup Cost": 10000000000.0, "Total Cost": 1000015300634.17, "Plan Rows": 4523929, "Plan Width": 8}]}]}]}]}]}]}]}, {"Node Type": "Materialize", "Parent Relationship": "Inner", "Startup Cost": 10000000000.0, "Total Cost": 1000000001421.0, "Plan Rows": 1, "Plan Width": 4, "Plans": [{"Node Type": "Index Scan", "Parent Relationship": "Outer", "Scan Direction": "Forward", "Index Name": "info_type_pkey", "Relation Name": "info_type", "Alias": "it1", "Startup Cost": 10000000000.0, "Total Cost": 1000000001421.0, "Plan Rows": 1, "Plan Width": 4, "Filter": "((info)::text = 'release dates'::text)"}]}]}]}, {"Node Type": "Index Scan", "Parent Relationship": "Inner", "Scan Direction": "Forward", "Index Name": "title_pkey", "Relation Name": "title", "Alias": "t", "Startup Cost": 10000000000.0, "Total Cost": 1000011644126.66, "Plan Rows": 1748840, "Plan Width": 21, "Filter": "(production_year > 1990), (LLVM Optimized)"}]}, {"Node Type": "Index Scan", "Parent Relationship": "Inner", "Scan Direction": "Forward", "Index Name": "movie_id_aka_title", "Relation Name": "aka_title", "Alias": "at", "Startup Cost": 10000000000.0, "Total Cost": 1000001990001.13, "Plan Rows": 361471, "Plan Width": 25}]}]}, "Unique SQL Id": 2302223328, "Planner Runtime": 726}, "explain_analyze_plan": null}, "(64, 92)": {"explain_plan": {"Plan": {"Node Type": "Aggregate", "Strategy": "Plain", "Startup Cost": 75462.72, "Total Cost": 75462.73, "Plan Rows": 1, "Plan Width": 102, "Plans": [{"Node Type": "Nested Loop", "Parent Relationship": "Outer", "Join Type": "Inner", "Startup Cost": 0.0, "Total Cost": 75427.85, "Plan Rows": 6974, "Plan Width": 38, "Inner Unique": false, "Join Filter": "(t.id = at.movie_id)", "Plans": [{"Node Type": "Nested Loop", "Parent Relationship": "Outer", "Join Type": "Inner", "Startup Cost": 0.0, "Total Cost": 74629.24, "Plan Rows": 2257, "Plan Width": 33, "Inner Unique": true, "Plans": [{"Node Type": "Nested Loop", "Parent Relationship": "Outer", "Join Type": "Inner", "Startup Cost": 0.0, "Total Cost": 73995.74, "Plan Rows": 2257, "Plan Width": 37, "Inner Unique": false, "Join Filter": "(t.id = mk.movie_id)", "Plans": [{"Node Type": "Nested Loop", "Parent Relationship": "Outer", "Join Type": "Inner", "Startup Cost": 0.0, "Total Cost": 73839.39, "Plan Rows": 278, "Plan Width": 29, "Inner Unique": true, "Plans": [{"Node Type": "Nested Loop", "Parent Relationship": "Outer", "Join Type": "Inner", "Startup Cost": 0.0, "Total Cost": 73705.55, "Plan Rows": 478, "Plan Width": 33, "Inner Unique": true, "Plans": [{"Node Type": "Nested Loop", "Parent Relationship": "Outer", "Join Type": "Inner", "Startup Cost": 0.0, "Total Cost": 73542.16, "Plan Rows": 568, "Plan Width": 37, "Inner Unique": false, "Plans": [{"Node Type": "Nested Loop", "Parent Relationship": "Outer", "Join Type": "Inner", "Startup Cost": 0.0, "Total Cost": 73444.3, "Plan Rows": 266, "Plan Width": 25, "Inner Unique": true, "Plans": [{"Node Type": "Nested Loop", "Parent Relationship": "Outer", "Join Type": "Inner", "Startup Cost": 0.0, "Total Cost": 72300.99, "Plan Rows": 192, "Plan Width": 4, "Inner Unique": true, "Plans": [{"Node Type": "Streaming(type: LOCAL GATHER dop: 1/64)", "Parent Relationship": "Outer", "Startup Cost": 0.0, "Total Cost": 68498.12, "Plan Rows": 13419, "Plan Width": 8, "Plans": [{"Node Type": "Seq Scan", "Parent Relationship": "Outer", "Relation Name": "movie_info", "Alias": "mi", "Startup Cost": 0.0, "Total Cost": 68221.29, "Plan Rows": 13419, "Plan Width": 8, "Filter": "((note)::text ~~ '%internet%'::text)"}]}, {"Node Type": "Index Scan", "Parent Relationship": "Inner", "Scan Direction": "Forward", "Index Name": "info_type_pkey", "Relation Name": "info_type", "Alias": "it1", "Startup Cost": 0.0, "Total Cost": 0.27, "Plan Rows": 1, "Plan Width": 4, "Index Cond": "(id = mi.info_type_id)", "Filter": "((info)::text = 'release dates'::text)"}]}, {"Node Type": "Index Scan", "Parent Relationship": "Inner", "Scan Direction": "Forward", "Index Name": "title_pkey", "Relation Name": "title", "Alias": "t", "Startup Cost": 0.0, "Total Cost": 5.94, "Plan Rows": 1, "Plan Width": 21, "Index Cond": "(id = mi.movie_id)", "Filter": "(production_year > 1990)"}]}, {"Node Type": "Index Scan", "Parent Relationship": "Inner", "Scan Direction": "Forward", "Index Name": "movie_id_movie_companies", "Relation Name": "movie_companies", "Alias": "mc", "Startup Cost": 0.0, "Total Cost": 0.35, "Plan Rows": 2, "Plan Width": 12, "Index Cond": "(movie_id = t.id)"}]}, {"Node Type": "Index Scan", "Parent Relationship": "Inner", "Scan Direction": "Forward", "Index Name": "company_name_pkey", "Relation Name": "company_name", "Alias": "cn", "Startup Cost": 0.0, "Total Cost": 0.28, "Plan Rows": 1, "Plan Width": 4, "Index Cond": "(id = mc.company_id)", "Filter": "((country_code)::text = '[us]'::text)"}]}, {"Node Type": "Index Scan", "Parent Relationship": "Inner", "Scan Direction": "Forward", "Index Name": "company_type_pkey", "Relation Name": "company_type", "Alias": "ct", "Startup Cost": 0.0, "Total Cost": 0.27, "Plan Rows": 1, "Plan Width": 4, "Index Cond": "(id = mc.company_type_id)"}]}, {"Node Type": "Index Scan", "Parent Relationship": "Inner", "Scan Direction": "Forward", "Index Name": "movie_id_movie_keyword", "Relation Name": "movie_keyword", "Alias": "mk", "Startup Cost": 0.0, "Total Cost": 0.46, "Plan Rows": 8, "Plan Width": 8, "Index Cond": "(movie_id = mc.movie_id)"}]}, {"Node Type": "Index Scan", "Parent Relationship": "Inner", "Scan Direction": "Forward", "Index Name": "keyword_pkey", "Relation Name": "keyword", "Alias": "k", "Startup Cost": 0.0, "Total Cost": 0.27, "Plan Rows": 1, "Plan Width": 4, "Index Cond": "(id = mk.keyword_id)"}]}, {"Node Type": "Index Scan", "Parent Relationship": "Inner", "Scan Direction": "Forward", "Index Name": "movie_id_aka_title", "Relation Name": "aka_title", "Alias": "at", "Startup Cost": 0.0, "Total Cost": 0.32, "Plan Rows": 3, "Plan Width": 25, "Index Cond": "(movie_id = mk.movie_id)"}]}]}, "Unique SQL Id": 2302223328, "Planner Runtime": 153}, "explain_analyze_plan": {"Plan": {"Node Type": "Aggregate", "Strategy": "Plain", "Startup Cost": 75462.72, "Total Cost": 75462.73, "Plan Rows": 1, "Plan Width": 102, "Actual Min Startup Time": 525.553, "Actual Max Startup Time": 525.553, "Actual Min Total Time": 525.553, "Actual Max Total Time": 525.553, "Plans": [{"Node Type": "Nested Loop", "Parent Relationship": "Outer", "Join Type": "Inner", "Startup Cost": 0.0, "Total Cost": 75427.85, "Plan Rows": 6974, "Plan Width": 38, "Actual Min Startup Time": 86.368, "Actual Max Startup Time": 86.368, "Actual Min Total Time": 522.776, "Actual Max Total Time": 522.776, "Inner Unique": false, "Join Filter": "(t.id = at.movie_id)", "Rows Removed by Join Filter": 0, "Plans": [{"Node Type": "Nested Loop", "Parent Relationship": "Outer", "Join Type": "Inner", "Startup Cost": 0.0, "Total Cost": 74629.24, "Plan Rows": 2257, "Plan Width": 33, "Actual Min Startup Time": 84.72, "Actual Max Startup Time": 84.72, "Actual Min Total Time": 477.419, "Actual Max Total Time": 477.419, "Inner Unique": true, "Plans": [{"Node Type": "Nested Loop", "Parent Relationship": "Outer", "Join Type": "Inner", "Startup Cost": 0.0, "Total Cost": 73995.74, "Plan Rows": 2257, "Plan Width": 37, "Actual Min Startup Time": 84.706, "Actual Max Startup Time": 84.706, "Actual Min Total Time": 414.414, "Actual Max Total Time": 414.414, "Inner Unique": false, "Join Filter": "(t.id = mk.movie_id)", "Rows Removed by Join Filter": 0, "Plans": [{"Node Type": "Nested Loop", "Parent Relationship": "Outer", "Join Type": "Inner", "Startup Cost": 0.0, "Total Cost": 73839.39, "Plan Rows": 278, "Plan Width": 29, "Actual Min Startup Time": 84.405, "Actual Max Startup Time": 84.405, "Actual Min Total Time": 374.229, "Actual Max Total Time": 374.229, "Inner Unique": true, "Plans": [{"Node Type": "Nested Loop", "Parent Relationship": "Outer", "Join Type": "Inner", "Startup Cost": 0.0, "Total Cost": 73705.55, "Plan Rows": 478, "Plan Width": 33, "Actual Min Startup Time": 84.375, "Actual Max Startup Time": 84.375, "Actual Min Total Time": 354.093, "Actual Max Total Time": 354.093, "Inner Unique": true, "Plans": [{"Node Type": "Nested Loop", "Parent Relationship": "Outer", "Join Type": "Inner", "Startup Cost": 0.0, "Total Cost": 73542.16, "Plan Rows": 568, "Plan Width": 37, "Actual Min Startup Time": 84.353, "Actual Max Startup Time": 84.353, "Actual Min Total Time": 279.41, "Actual Max Total Time": 279.41, "Inner Unique": false, "Plans": [{"Node Type": "Nested Loop", "Parent Relationship": "Outer", "Join Type": "Inner", "Startup Cost": 0.0, "Total Cost": 73444.3, "Plan Rows": 266, "Plan Width": 25, "Actual Min Startup Time": 84.323, "Actual Max Startup Time": 84.323, "Actual Min Total Time": 209.017, "Actual Max Total Time": 209.017, "Inner Unique": true, "Plans": [{"Node Type": "Nested Loop", "Parent Relationship": "Outer", "Join Type": "Inner", "Startup Cost": 0.0, "Total Cost": 72300.99, "Plan Rows": 192, "Plan Width": 4, "Actual Min Startup Time": 84.299, "Actual Max Startup Time": 84.299, "Actual Min Total Time": 138.001, "Actual Max Total Time": 138.001, "Inner Unique": true, "Plans": [{"Node Type": "Streaming(type: LOCAL GATHER dop: 1/64)", "Parent Relationship": "Outer", "Startup Cost": 0.0, "Total Cost": 68498.12, "Plan Rows": 13419, "Plan Width": 8, "Actual Min Startup Time": 84.244, "Actual Max Startup Time": 84.244, "Actual Min Total Time": 106.877, "Actual Max Total Time": 106.877, "Plans": [{"Node Type": "Seq Scan", "Parent Relationship": "Outer", "Relation Name": "movie_info", "Alias": "mi", "Startup Cost": 0.0, "Total Cost": 68221.29, "Plan Rows": 13419, "Plan Width": 8, "Actual Min Startup Time": 0.105, "Actual Max Startup Time": 21.681, "Actual Min Total Time": 59.759, "Actual Max Total Time": 69.398, "Filter": "((note)::text ~~ '%internet%'::text)", "Rows Removed by Filter": 14824909, "Actual Rows": 10810}], "Actual Rows": 10810}, {"Node Type": "Index Scan", "Parent Relationship": "Inner", "Scan Direction": "Forward", "Index Name": "info_type_pkey", "Relation Name": "info_type", "Alias": "it1", "Startup Cost": 0.0, "Total Cost": 0.27, "Plan Rows": 1, "Plan Width": 4, "Actual Min Startup Time": 19.646, "Actual Max Startup Time": 19.646, "Actual Min Total Time": 19.646, "Actual Max Total Time": 19.646, "Index Cond": "(id = mi.info_type_id)", "Rows Removed by Index Recheck": 0, "Filter": "((info)::text = 'release dates'::text)", "Rows Removed by Filter": 131, "Actual Rows": 10679}], "Actual Rows": 10679}, {"Node Type": "Index Scan", "Parent Relationship": "Inner", "Scan Direction": "Forward", "Index Name": "title_pkey", "Relation Name": "title", "Alias": "t", "Startup Cost": 0.0, "Total Cost": 5.94, "Plan Rows": 1, "Plan Width": 21, "Actual Min Startup Time": 60.392, "Actual Max Startup Time": 60.392, "Actual Min Total Time": 60.392, "Actual Max Total Time": 60.392, "Index Cond": "(id = mi.movie_id)", "Rows Removed by Index Recheck": 0, "Filter": "(production_year > 1990)", "Rows Removed by Filter": 17, "Actual Rows": 10662}], "Actual Rows": 10662}, {"Node Type": "Index Scan", "Parent Relationship": "Inner", "Scan Direction": "Forward", "Index Name": "movie_id_movie_companies", "Relation Name": "movie_companies", "Alias": "mc", "Startup Cost": 0.0, "Total Cost": 0.35, "Plan Rows": 2, "Plan Width": 12, "Actual Min Startup Time": 49.589, "Actual Max Startup Time": 49.589, "Actual Min Total Time": 60.801, "Actual Max Total Time": 60.801, "Index Cond": "(movie_id = t.id)", "Rows Removed by Index Recheck": 0, "Actual Rows": 14377}], "Actual Rows": 14377}, {"Node Type": "Index Scan", "Parent Relationship": "Inner", "Scan Direction": "Forward", "Index Name": "company_name_pkey", "Relation Name": "company_name", "Alias": "cn", "Startup Cost": 0.0, "Total Cost": 0.28, "Plan Rows": 1, "Plan Width": 4, "Actual Min Startup Time": 63.342, "Actual Max Startup Time": 63.342, "Actual Min Total Time": 63.342, "Actual Max Total Time": 63.342, "Index Cond": "(id = mc.company_id)", "Rows Removed by Index Recheck": 0, "Filter": "((country_code)::text = '[us]'::text)", "Rows Removed by Filter": 4520, "Actual Rows": 9857}], "Actual Rows": 9857}, {"Node Type": "Index Scan", "Parent Relationship": "Inner", "Scan Direction": "Forward", "Index Name": "company_type_pkey", "Relation Name": "company_type", "Alias": "ct", "Startup Cost": 0.0, "Total Cost": 0.27, "Plan Rows": 1, "Plan Width": 4, "Actual Min Startup Time": 12.066, "Actual Max Startup Time": 12.066, "Actual Min Total Time": 12.066, "Actual Max Total Time": 12.066, "Index Cond": "(id = mc.company_type_id)", "Rows Removed by Index Recheck": 0, "Actual Rows": 5914}], "Actual Rows": 5914}, {"Node Type": "Index Scan", "Parent Relationship": "Inner", "Scan Direction": "Forward", "Index Name": "movie_id_movie_keyword", "Relation Name": "movie_keyword", "Alias": "mk", "Startup Cost": 0.0, "Total Cost": 0.46, "Plan Rows": 8, "Plan Width": 8, "Actual Min Startup Time": 24.563, "Actual Max Startup Time": 24.563, "Actual Min Total Time": 30.89, "Actual Max Total Time": 30.89, "Index Cond": "(movie_id = mc.movie_id)", "Rows Removed by Index Recheck": 0, "Actual Rows": 14161}], "Actual Rows": 14161}, {"Node Type": "Index Scan", "Parent Relationship": "Inner", "Scan Direction": "Forward", "Index Name": "keyword_pkey", "Relation Name": "keyword", "Alias": "k", "Startup Cost": 0.0, "Total Cost": 0.27, "Plan Rows": 1, "Plan Width": 4, "Actual Min Startup Time": 51.642, "Actual Max Startup Time": 51.642, "Actual Min Total Time": 51.642, "Actual Max Total Time": 51.642, "Index Cond": "(id = mk.keyword_id)", "Rows Removed by Index Recheck": 0, "Actual Rows": 14161}], "Actual Rows": 14161}, {"Node Type": "Index Scan", "Parent Relationship": "Inner", "Scan Direction": "Forward", "Index Name": "movie_id_aka_title", "Relation Name": "aka_title", "Alias": "at", "Startup Cost": 0.0, "Total Cost": 0.32, "Plan Rows": 3, "Plan Width": 25, "Actual Min Startup Time": 33.071, "Actual Max Startup Time": 33.071, "Actual Min Total Time": 35.342, "Actual Max Total Time": 35.342, "Index Cond": "(movie_id = mk.movie_id)", "Rows Removed by Index Recheck": 0, "Actual Rows": 4371}], "Actual Rows": 4371}], "Actual Rows": 1}, "Triggers": [], "Planner Runtime": 153, "Total Runtime": 537.117, "Unique SQL Id": 2302223328}}, "(64, 93)": {"explain_plan": {"Plan": {"Node Type": "Aggregate", "Strategy": "Plain", "Startup Cost": 498861.38, "Total Cost": 498861.39, "Plan Rows": 1, "Plan Width": 102, "Plans": [{"Node Type": "Nested Loop", "Parent Relationship": "Outer", "Join Type": "Inner", "Startup Cost": 0.0, "Total Cost": 498826.51, "Plan Rows": 6974, "Plan Width": 38, "Inner Unique": false, "Join Filter": "(t.id = at.movie_id)", "Plans": [{"Node Type": "Nested Loop", "Parent Relationship": "Outer", "Join Type": "Inner", "Startup Cost": 0.0, "Total Cost": 498027.89, "Plan Rows": 2257, "Plan Width": 33, "Inner Unique": true, "Plans": [{"Node Type": "Nested Loop", "Parent Relationship": "Outer", "Join Type": "Inner", "Startup Cost": 0.0, "Total Cost": 497394.39, "Plan Rows": 2257, "Plan Width": 37, "Inner Unique": false, "Join Filter": "(t.id = mk.movie_id)", "Plans": [{"Node Type": "Nested Loop", "Parent Relationship": "Outer", "Join Type": "Inner", "Startup Cost": 0.0, "Total Cost": 497238.04, "Plan Rows": 278, "Plan Width": 29, "Inner Unique": true, "Plans": [{"Node Type": "Nested Loop", "Parent Relationship": "Outer", "Join Type": "Inner", "Startup Cost": 0.0, "Total Cost": 497104.2, "Plan Rows": 478, "Plan Width": 33, "Inner Unique": true, "Plans": [{"Node Type": "Nested Loop", "Parent Relationship": "Outer", "Join Type": "Inner", "Startup Cost": 0.0, "Total Cost": 496940.81, "Plan Rows": 568, "Plan Width": 37, "Inner Unique": false, "Plans": [{"Node Type": "Nested Loop", "Parent Relationship": "Outer", "Join Type": "Inner", "Startup Cost": 0.0, "Total Cost": 496842.96, "Plan Rows": 266, "Plan Width": 25, "Inner Unique": true, "Plans": [{"Node Type": "Nested Loop", "Parent Relationship": "Outer", "Join Type": "Inner", "Startup Cost": 0.0, "Total Cost": 495699.65, "Plan Rows": 192, "Plan Width": 4, "Inner Unique": false, "Plans": [{"Node Type": "Index Scan", "Parent Relationship": "Outer", "Scan Direction": "Forward", "Index Name": "info_type_pkey", "Relation Name": "info_type", "Alias": "it1", "Startup Cost": 0.0, "Total Cost": 14.21, "Plan Rows": 1, "Plan Width": 4, "Filter": "((info)::text = 'release dates'::text)"}, {"Node Type": "Index Scan", "Parent Relationship": "Inner", "Scan Direction": "Forward", "Index Name": "info_type_id_movie_info", "Relation Name": "movie_info", "Alias": "mi", "Startup Cost": 0.0, "Total Cost": 495683.52, "Plan Rows": 192, "Plan Width": 8, "Index Cond": "(info_type_id = it1.id)", "Filter": "((note)::text ~~ '%internet%'::text)"}]}, {"Node Type": "Index Scan", "Parent Relationship": "Inner", "Scan Direction": "Forward", "Index Name": "title_pkey", "Relation Name": "title", "Alias": "t", "Startup Cost": 0.0, "Total Cost": 5.94, "Plan Rows": 1, "Plan Width": 21, "Index Cond": "(id = mi.movie_id)", "Filter": "(production_year > 1990)"}]}, {"Node Type": "Index Scan", "Parent Relationship": "Inner", "Scan Direction": "Forward", "Index Name": "movie_id_movie_companies", "Relation Name": "movie_companies", "Alias": "mc", "Startup Cost": 0.0, "Total Cost": 0.35, "Plan Rows": 2, "Plan Width": 12, "Index Cond": "(movie_id = t.id)"}]}, {"Node Type": "Index Scan", "Parent Relationship": "Inner", "Scan Direction": "Forward", "Index Name": "company_name_pkey", "Relation Name": "company_name", "Alias": "cn", "Startup Cost": 0.0, "Total Cost": 0.28, "Plan Rows": 1, "Plan Width": 4, "Index Cond": "(id = mc.company_id)", "Filter": "((country_code)::text = '[us]'::text)"}]}, {"Node Type": "Index Scan", "Parent Relationship": "Inner", "Scan Direction": "Forward", "Index Name": "company_type_pkey", "Relation Name": "company_type", "Alias": "ct", "Startup Cost": 0.0, "Total Cost": 0.27, "Plan Rows": 1, "Plan Width": 4, "Index Cond": "(id = mc.company_type_id)"}]}, {"Node Type": "Index Scan", "Parent Relationship": "Inner", "Scan Direction": "Forward", "Index Name": "movie_id_movie_keyword", "Relation Name": "movie_keyword", "Alias": "mk", "Startup Cost": 0.0, "Total Cost": 0.46, "Plan Rows": 8, "Plan Width": 8, "Index Cond": "(movie_id = mc.movie_id)"}]}, {"Node Type": "Index Scan", "Parent Relationship": "Inner", "Scan Direction": "Forward", "Index Name": "keyword_pkey", "Relation Name": "keyword", "Alias": "k", "Startup Cost": 0.0, "Total Cost": 0.27, "Plan Rows": 1, "Plan Width": 4, "Index Cond": "(id = mk.keyword_id)"}]}, {"Node Type": "Index Scan", "Parent Relationship": "Inner", "Scan Direction": "Forward", "Index Name": "movie_id_aka_title", "Relation Name": "aka_title", "Alias": "at", "Startup Cost": 0.0, "Total Cost": 0.32, "Plan Rows": 3, "Plan Width": 25, "Index Cond": "(movie_id = mk.movie_id)"}]}]}, "Unique SQL Id": 2302223328, "Planner Runtime": 140}, "explain_analyze_plan": null}, "(64, 94)": {"explain_plan": {"Plan": {"Node Type": "Aggregate", "Strategy": "Plain", "Startup Cost": 320303632634.42, "Total Cost": 320303632634.43, "Plan Rows": 1, "Plan Width": 102, "Plans": [{"Node Type": "Merge Join", "Parent Relationship": "Outer", "Join Type": "Inner", "Startup Cost": 110007790788.07, "Total Cost": 320303632599.21, "Plan Rows": 7042, "Plan Width": 38, "Inner Unique": false, "Merge Cond": "(mk.movie_id = t.id)", "Plans": [{"Node Type": "Sort", "Parent Relationship": "Outer", "Startup Cost": 1133276.21, "Total Cost": 1144362.35, "Plan Rows": 4434459, "Plan Width": 4, "Sort Key": ["mk.movie_id"], "Plans": [{"Node Type": "Merge Join", "Parent Relationship": "Outer", "Join Type": "Inner", "Startup Cost": 576069.95, "Total Cost": 643704.69, "Plan Rows": 4434459, "Plan Width": 4, "Inner Unique": false, "Merge Cond": "(k.id = mk.keyword_id)", "Plans": [{"Node Type": "Sort", "Parent Relationship": "Outer", "Startup Cost": 13527.66, "Total Cost": 13863.08, "Plan Rows": 134169, "Plan Width": 4, "Sort Key": ["k.id"], "Plans": [{"Node Type": "Seq Scan", "Parent Relationship": "Outer", "Relation Name": "keyword", "Alias": "k", "Startup Cost": 0.0, "Total Cost": 2100.69, "Plan Rows": 134169, "Plan Width": 4}]}, {"Node Type": "Sort", "Parent Relationship": "Inner", "Startup Cost": 562542.3, "Total Cost": 573852.12, "Plan Rows": 4523929, "Plan Width": 8, "Sort Key": ["mk.keyword_id"], "Plans": [{"Node Type": "Seq Scan", "Parent Relationship": "Outer", "Relation Name": "movie_keyword", "Alias": "mk", "Startup Cost": 0.0, "Total Cost": 62441.29, "Plan Rows": 4523929, "Plan Width": 8}]}]}]}, {"Node Type": "Materialize", "Parent Relationship": "Inner", "Startup Cost": 110006657511.86, "Total Cost": 320543642037.62, "Plan Rows": 873, "Plan Width": 54, "Plans": [{"Node Type": "Merge Join", "Parent Relationship": "Outer", "Join Type": "Inner", "Startup Cost": 110006657511.86, "Total Cost": 320543642035.44, "Plan Rows": 873, "Plan Width": 54, "Inner Unique": false, "Merge Cond": "(t.id = mi.movie_id)", "Plans": [{"Node Type": "Nested Loop", "Parent Relationship": "Outer", "Join Type": "Inner", "Startup Cost": 10000681745.34, "Total Cost": 220692370165.15, "Plan Rows": 637364, "Plan Width": 50, "Inner Unique": true, "Join Filter": "(at.movie_id = t.id), (LLVM Optimized)", "Plans": [{"Node Type": "Merge Join", "Parent Relationship": "Outer", "Join Type": "Inner", "Startup Cost": 681745.34, "Total Cost": 693735.71, "Plan Rows": 460055, "Plan Width": 29, "Inner Unique": false, "Merge Cond": "(at.movie_id = mc.movie_id)", "Plans": [{"Node Type": "Sort", "Parent Relationship": "Outer", "Startup Cost": 43264.85, "Total Cost": 44168.52, "Plan Rows": 361471, "Plan Width": 25, "Sort Key": ["at.movie_id"], "Plans": [{"Node Type": "Seq Scan", "Parent Relationship": "Outer", "Relation Name": "aka_title", "Alias": "at", "Startup Cost": 0.0, "Total Cost": 9894.71, "Plan Rows": 361471, "Plan Width": 25}]}, {"Node Type": "Sort", "Parent Relationship": "Inner", "Startup Cost": 638480.19, "Total Cost": 641685.97, "Plan Rows": 1282311, "Plan Width": 4, "Sort Key": ["mc.movie_id"], "Plans": [{"Node Type": "Merge Join", "Parent Relationship": "Outer", "Join Type": "Inner", "Startup Cost": 492291.14, "Total Cost": 508387.72, "Plan Rows": 1282311, "Plan Width": 4, "Inner Unique": false, "Merge Cond": "(ct.id = mc.company_type_id)", "Plans": [{"Node Type": "Sort", "Parent Relationship": "Outer", "Startup Cost": 1.05, "Total Cost": 1.06, "Plan Rows": 3, "Plan Width": 4, "Sort Key": ["ct.id"], "Plans": [{"Node Type": "Seq Scan", "Parent Relationship": "Outer", "Relation Name": "company_type", "Alias": "ct", "Startup Cost": 0.0, "Total Cost": 1.03, "Plan Rows": 3, "Plan Width": 4}]}, {"Node Type": "Sort", "Parent Relationship": "Inner", "Startup Cost": 489151.99, "Total Cost": 492357.77, "Plan Rows": 1282311, "Plan Width": 8, "Sort Key": ["mc.company_type_id"], "Plans": [{"Node Type": "Merge Join", "Parent Relationship": "Outer", "Join Type": "Inner", "Startup Cost": 333103.9, "Total Cost": 359059.52, "Plan Rows": 1282311, "Plan Width": 8, "Inner Unique": false, "Merge Cond": "(cn.id = mc.company_id)", "Plans": [{"Node Type": "Sort", "Parent Relationship": "Outer", "Startup Cost": 12878.05, "Total Cost": 13090.97, "Plan Rows": 85170, "Plan Width": 4, "Sort Key": ["cn.id"], "Plans": [{"Node Type": "Seq Scan", "Parent Relationship": "Outer", "Relation Name": "company_name", "Alias": "cn", "Startup Cost": 0.0, "Total Cost": 5903.45, "Plan Rows": 85170, "Plan Width": 4, "Filter": "((country_code)::text = '[us]'::text)"}]}, {"Node Type": "Sort", "Parent Relationship": "Inner", "Startup Cost": 319886.87, "Total Cost": 326409.69, "Plan Rows": 2609128, "Plan Width": 12, "Sort Key": ["mc.company_id"], "Plans": [{"Node Type": "Seq Scan", "Parent Relationship": "Outer", "Relation Name": "movie_companies", "Alias": "mc", "Startup Cost": 0.0, "Total Cost": 41817.28, "Plan Rows": 2609128, "Plan Width": 12}]}]}]}]}]}]}, {"Node Type": "Materialize", "Parent Relationship": "Inner", "Startup Cost": 0.0, "Total Cost": 108859.91, "Plan Rows": 1748840, "Plan Width": 21, "Plans": [{"Node Type": "Streaming(type: LOCAL GATHER dop: 1/64)", "Parent Relationship": "Outer", "Startup Cost": 0.0, "Total Cost": 100115.71, "Plan Rows": 1748840, "Plan Width": 21, "Plans": [{"Node Type": "Seq Scan", "Parent Relationship": "Outer", "Relation Name": "title", "Alias": "t", "Startup Cost": 0.0, "Total Cost": 64037.34, "Plan Rows": 1748840, "Plan Width": 21, "Filter": "(production_year > 1990), (LLVM Optimized)"}]}]}]}, {"Node Type": "Sort", "Parent Relationship": "Inner", "Startup Cost": 100000686689.88, "Total Cost": 100000686690.36, "Plan Rows": 192, "Plan Width": 4, "Sort Key": ["mi.movie_id"], "Plans": [{"Node Type": "Nested Loop", "Parent Relationship": "Outer", "Join Type": "Inner", "Startup Cost": 10000000000.0, "Total Cost": 100000686682.6, "Plan Rows": 192, "Plan Width": 4, "Inner Unique": false, "Join Filter": "(it1.id = mi.info_type_id)", "Plans": [{"Node Type": "Seq Scan", "Parent Relationship": "Outer", "Relation Name": "info_type", "Alias": "it1", "Startup Cost": 0.0, "Total Cost": 2.4, "Plan Rows": 1, "Plan Width": 4, "Filter": "((info)::text = 'release dates'::text)"}, {"Node Type": "Materialize", "Parent Relationship": "Inner", "Startup Cost": 0.0, "Total Cost": 68531.67, "Plan Rows": 13419, "Plan Width": 8, "Plans": [{"Node Type": "Streaming(type: LOCAL GATHER dop: 1/64)", "Parent Relationship": "Outer", "Startup Cost": 0.0, "Total Cost": 68498.12, "Plan Rows": 13419, "Plan Width": 8, "Plans": [{"Node Type": "Seq Scan", "Parent Relationship": "Outer", "Relation Name": "movie_info", "Alias": "mi", "Startup Cost": 0.0, "Total Cost": 68221.29, "Plan Rows": 13419, "Plan Width": 8, "Filter": "((note)::text ~~ '%internet%'::text)"}]}]}]}]}]}]}]}]}, "Unique SQL Id": 2302223328, "Planner Runtime": 324}, "explain_analyze_plan": null}, "(64, 95)": {"explain_plan": {"Plan": {"Node Type": "Aggregate", "Strategy": "Plain", "Startup Cost": 8997317481216.06, "Total Cost": 8997317481216.07, "Plan Rows": 1, "Plan Width": 102, "Plans": [{"Node Type": "Merge Join", "Parent Relationship": "Outer", "Join Type": "Inner", "Startup Cost": 7019218672167.33, "Total Cost": 8997317481180.85, "Plan Rows": 7042, "Plan Width": 38, "Inner Unique": false, "Merge Cond": "(t.id = at.movie_id)", "Plans": [{"Node Type": "Merge Join", "Parent Relationship": "Outer", "Join Type": "Inner", "Startup Cost": 7009051604487.08, "Total Cost": 7998336951635.91, "Plan Rows": 3874, "Plan Width": 33, "Inner Unique": true, "Merge Cond": "(mi.movie_id = t.id)", "Plans": [{"Node Type": "Sort", "Parent Relationship": "Outer", "Startup Cost": 6999026696255.04, "Total Cost": 6999026696262.03, "Plan Rows": 2796, "Plan Width": 12, "Sort Key": ["mc.movie_id"], "Plans": [{"Node Type": "Merge Join", "Parent Relationship": "Outer", "Join Type": "Inner", "Startup Cost": 6009026693707.59, "Total Cost": 6999026696094.98, "Plan Rows": 2796, "Plan Width": 12, "Inner Unique": true, "Merge Cond": "(mi.info_type_id = it1.id)", "Plans": [{"Node Type": "Sort", "Parent Relationship": "Outer", "Startup Cost": 5999026693654.37, "Total Cost": 5999026694143.22, "Plan Rows": 195542, "Plan Width": 16, "Sort Key": ["mi.info_type_id"], "Plans": [{"Node Type": "Merge Join", "Parent Relationship": "Outer", "Join Type": "Inner", "Startup Cost": 5009435588557.5, "Total Cost": 5999026676469.04, "Plan Rows": 195542, "Plan Width": 16, "Inner Unique": false, "Merge Cond": "(mi.movie_id = mk.movie_id)", "Plans": [{"Node Type": "Index Scan", "Parent Relationship": "Outer", "Scan Direction": "Forward", "Index Name": "movie_id_movie_info", "Relation Name": "movie_info", "Alias": "mi", "Startup Cost": 10000000000.0, "Total Cost": 1000107534403.72, "Plan Rows": 13419, "Plan Width": 8, "Filter": "((note)::text ~~ '%internet%'::text)"}, {"Node Type": "Sort", "Parent Relationship": "Inner", "Startup Cost": 4999361804554.64, "Total Cost": 4999361824349.58, "Plan Rows": 7917978, "Plan Width": 8, "Sort Key": ["mc.movie_id"], "Plans": [{"Node Type": "Merge Join", "Parent Relationship": "Outer", "Join Type": "Inner", "Startup Cost": 4009869626800.92, "Total Cost": 4999360897284.98, "Plan Rows": 7917978, "Plan Width": 8, "Inner Unique": false, "Merge Cond": "(k.id = mk.keyword_id)", "Plans": [{"Node Type": "Index Scan", "Parent Relationship": "Outer", "Scan Direction": "Forward", "Index Name": "keyword_pkey", "Relation Name": "keyword", "Alias": "k", "Startup Cost": 10000000000.0, "Total Cost": 1000000284729.43, "Plan Rows": 134169, "Plan Width": 4}, {"Node Type": "Sort", "Parent Relationship": "Inner", "Startup Cost": 3999869626800.92, "Total Cost": 3999869646995.25, "Plan Rows": 8077732, "Plan Width": 12, "Sort Key": ["mk.keyword_id"], "Plans": [{"Node Type": "Merge Join", "Parent Relationship": "Outer", "Join Type": "Inner", "Startup Cost": 3010010836443.82, "Total Cost": 3999868700062.16, "Plan Rows": 8077732, "Plan Width": 12, "Inner Unique": false, "Merge Cond": "(mc.movie_id = mk.movie_id)", "Plans": [{"Node Type": "Sort", "Parent Relationship": "Outer", "Startup Cost": 3000010836443.32, "Total Cost": 3000010839649.09, "Plan Rows": 1282311, "Plan Width": 4, "Sort Key": ["mc.movie_id"], "Plans": [{"Node Type": "Merge Join", "Parent Relationship": "Outer", "Join Type": "Inner", "Startup Cost": 2010009630469.18, "Total Cost": 3000010706350.85, "Plan Rows": 1282311, "Plan Width": 4, "Inner Unique": false, "Merge Cond": "(cn.id = mc.company_id)", "Plans": [{"Node Type": "Index Scan", "Parent Relationship": "Outer", "Scan Direction": "Forward", "Index Name": "company_name_pkey", "Relation Name": "company_name", "Alias": "cn", "Startup Cost": 10000000000.0, "Total Cost": 1000001050138.97, "Plan Rows": 85170, "Plan Width": 4, "Filter": "((country_code)::text = '[us]'::text)"}, {"Node Type": "Sort", "Parent Relationship": "Inner", "Startup Cost": 2000009630130.2, "Total Cost": 2000009636653.02, "Plan Rows": 2609128, "Plan Width": 8, "Sort Key": ["mc.company_id"], "Plans": [{"Node Type": "Merge Join", "Parent Relationship": "Outer", "Join Type": "Inner", "Startup Cost": 504554486367.56, "Total Cost": 2000009352060.61, "Plan Rows": 2609128, "Plan Width": 8, "Inner Unique": false, "Merge Cond": "(ct.id = mc.company_type_id)", "Plans": [{"Node Type": "Index Scan", "Parent Relationship": "Outer", "Scan Direction": "Forward", "Index Name": "company_type_pkey", "Relation Name": "company_type", "Alias": "ct", "Startup Cost": 10000000000.0, "Total Cost": 1000000001229.5, "Plan Rows": 3, "Plan Width": 4}, {"Node Type": "Index Scan", "Parent Relationship": "Inner", "Scan Direction": "Forward", "Index Name": "company_type_id_movie_companies", "Relation Name": "movie_companies", "Alias": "mc", "Startup Cost": 10000000000.0, "Total Cost": 1000009318217.0, "Plan Rows": 2609128, "Plan Width": 12}]}]}]}]}, {"Node Type": "Materialize", "Parent Relationship": "Inner", "Startup Cost": 10000000000.0, "Total Cost": 1000015311943.99, "Plan Rows": 4523929, "Plan Width": 8, "Plans": [{"Node Type": "Index Scan", "Parent Relationship": "Outer", "Scan Direction": "Forward", "Index Name": "movie_id_movie_keyword", "Relation Name": "movie_keyword", "Alias": "mk", "Startup Cost": 10000000000.0, "Total Cost": 1000015300634.17, "Plan Rows": 4523929, "Plan Width": 8}]}]}]}]}]}]}]}, {"Node Type": "Materialize", "Parent Relationship": "Inner", "Startup Cost": 10000000000.0, "Total Cost": 1000000001421.0, "Plan Rows": 1, "Plan Width": 4, "Plans": [{"Node Type": "Index Scan", "Parent Relationship": "Outer", "Scan Direction": "Forward", "Index Name": "info_type_pkey", "Relation Name": "info_type", "Alias": "it1", "Startup Cost": 10000000000.0, "Total Cost": 1000000001421.0, "Plan Rows": 1, "Plan Width": 4, "Filter": "((info)::text = 'release dates'::text)"}]}]}]}, {"Node Type": "Index Scan", "Parent Relationship": "Inner", "Scan Direction": "Forward", "Index Name": "title_pkey", "Relation Name": "title", "Alias": "t", "Startup Cost": 10000000000.0, "Total Cost": 1000011644126.66, "Plan Rows": 1748840, "Plan Width": 21, "Filter": "(production_year > 1990), (LLVM Optimized)"}]}, {"Node Type": "Index Scan", "Parent Relationship": "Inner", "Scan Direction": "Forward", "Index Name": "movie_id_aka_title", "Relation Name": "aka_title", "Alias": "at", "Startup Cost": 10000000000.0, "Total Cost": 1000001990001.13, "Plan Rows": 361471, "Plan Width": 25}]}]}, "Unique SQL Id": 2302223328, "Planner Runtime": 726}, "explain_analyze_plan": null}, "(64, 96)": {"explain_plan": {"Plan": {"Node Type": "Aggregate", "Strategy": "Plain", "Startup Cost": 72515.99, "Total Cost": 72516.0, "Plan Rows": 1, "Plan Width": 102, "Plans": [{"Node Type": "Nested Loop", "Parent Relationship": "Outer", "Join Type": "Inner", "Startup Cost": 2.41, "Total Cost": 72481.46, "Plan Rows": 6905, "Plan Width": 38, "Inner Unique": true, "Plans": [{"Node Type": "Nested Loop", "Parent Relationship": "Outer", "Join Type": "Inner", "Startup Cost": 2.41, "Total Cost": 70509.63, "Plan Rows": 7042, "Plan Width": 42, "Inner Unique": false, "Join Filter": "(t.id = mk.movie_id)", "Plans": [{"Node Type": "Nested Loop", "Parent Relationship": "Outer", "Join Type": "Inner", "Startup Cost": 2.41, "Total Cost": 70018.65, "Plan Rows": 873, "Plan Width": 54, "Inner Unique": true, "Join Filter": "(at.movie_id = t.id)", "Plans": [{"Node Type": "Nested Loop", "Parent Relationship": "Outer", "Join Type": "Inner", "Startup Cost": 2.41, "Total Cost": 69796.57, "Plan Rows": 630, "Plan Width": 33, "Inner Unique": true, "Plans": [{"Node Type": "Nested Loop", "Parent Relationship": "Outer", "Join Type": "Inner", "Startup Cost": 2.41, "Total Cost": 69620.17, "Plan Rows": 630, "Plan Width": 37, "Inner Unique": true, "Plans": [{"Node Type": "Nested Loop", "Parent Relationship": "Outer", "Join Type": "Inner", "Startup Cost": 2.41, "Total Cost": 69317.55, "Plan Rows": 1052, "Plan Width": 41, "Inner Unique": false, "Plans": [{"Node Type": "Nested Loop", "Parent Relationship": "Outer", "Join Type": "Inner", "Startup Cost": 2.41, "Total Cost": 69028.47, "Plan Rows": 490, "Plan Width": 29, "Inner Unique": false, "Plans": [{"Node Type": "Hash Join", "Parent Relationship": "Outer", "Join Type": "Inner", "Startup Cost": 2.41, "Total Cost": 68552.78, "Plan Rows": 192, "Plan Width": 4, "Inner Unique": true, "Hash Cond": "(mi.info_type_id = it1.id)", "Plans": [{"Node Type": "Streaming(type: LOCAL GATHER dop: 1/64)", "Parent Relationship": "Outer", "Startup Cost": 0.0, "Total Cost": 68498.12, "Plan Rows": 13419, "Plan Width": 8, "Plans": [{"Node Type": "Seq Scan", "Parent Relationship": "Outer", "Relation Name": "movie_info", "Alias": "mi", "Startup Cost": 0.0, "Total Cost": 68221.29, "Plan Rows": 13419, "Plan Width": 8, "Filter": "((note)::text ~~ '%internet%'::text)"}]}, {"Node Type": "Hash", "Parent Relationship": "Inner", "Startup Cost": 2.4, "Total Cost": 2.4, "Plan Rows": 1, "Plan Width": 4, "Plans": [{"Node Type": "Seq Scan", "Parent Relationship": "Outer", "Relation Name": "info_type", "Alias": "it1", "Startup Cost": 0.0, "Total Cost": 2.4, "Plan Rows": 1, "Plan Width": 4, "Filter": "((info)::text = 'release dates'::text)"}]}]}, {"Node Type": "Index Scan", "Parent Relationship": "Inner", "Scan Direction": "Forward", "Index Name": "movie_id_aka_title", "Relation Name": "aka_title", "Alias": "at", "Startup Cost": 0.0, "Total Cost": 2.45, "Plan Rows": 3, "Plan Width": 25, "Index Cond": "(movie_id = mi.movie_id)"}]}, {"Node Type": "Index Scan", "Parent Relationship": "Inner", "Scan Direction": "Forward", "Index Name": "movie_id_movie_companies", "Relation Name": "movie_companies", "Alias": "mc", "Startup Cost": 0.0, "Total Cost": 0.57, "Plan Rows": 2, "Plan Width": 12, "Index Cond": "(movie_id = at.movie_id)"}]}, {"Node Type": "Index Scan", "Parent Relationship": "Inner", "Scan Direction": "Forward", "Index Name": "company_name_pkey", "Relation Name": "company_name", "Alias": "cn", "Startup Cost": 0.0, "Total Cost": 0.28, "Plan Rows": 1, "Plan Width": 4, "Index Cond": "(id = mc.company_id)", "Filter": "((country_code)::text = '[us]'::text)"}]}, {"Node Type": "Index Only Scan", "Parent Relationship": "Inner", "Scan Direction": "Forward", "Index Name": "company_type_pkey", "Relation Name": "company_type", "Alias": "ct", "Startup Cost": 0.0, "Total Cost": 0.27, "Plan Rows": 1, "Plan Width": 4, "Index Cond": "(id = mc.company_type_id)"}]}, {"Node Type": "Index Scan", "Parent Relationship": "Inner", "Scan Direction": "Forward", "Index Name": "title_pkey", "Relation Name": "title", "Alias": "t", "Startup Cost": 0.0, "Total Cost": 0.34, "Plan Rows": 1, "Plan Width": 21, "Index Cond": "(id = mc.movie_id)", "Filter": "(production_year > 1990)"}]}, {"Node Type": "Index Scan", "Parent Relationship": "Inner", "Scan Direction": "Forward", "Index Name": "movie_id_movie_keyword", "Relation Name": "movie_keyword", "Alias": "mk", "Startup Cost": 0.0, "Total Cost": 0.46, "Plan Rows": 8, "Plan Width": 8, "Index Cond": "(movie_id = mc.movie_id)"}]}, {"Node Type": "Index Only Scan", "Parent Relationship": "Inner", "Scan Direction": "Forward", "Index Name": "keyword_pkey", "Relation Name": "keyword", "Alias": "k", "Startup Cost": 0.0, "Total Cost": 0.27, "Plan Rows": 1, "Plan Width": 4, "Index Cond": "(id = mk.keyword_id)"}]}]}, "Unique SQL Id": 2302223328, "Planner Runtime": 127}, "explain_analyze_plan": {"Plan": {"Node Type": "Aggregate", "Strategy": "Plain", "Startup Cost": 72515.99, "Total Cost": 72516.0, "Plan Rows": 1, "Plan Width": 102, "Actual Min Startup Time": 204.416, "Actual Max Startup Time": 204.416, "Actual Min Total Time": 204.416, "Actual Max Total Time": 204.416, "Plans": [{"Node Type": "Nested Loop", "Parent Relationship": "Outer", "Join Type": "Inner", "Startup Cost": 2.41, "Total Cost": 72481.46, "Plan Rows": 6905, "Plan Width": 38, "Actual Min Startup Time": 87.101, "Actual Max Startup Time": 87.101, "Actual Min Total Time": 201.668, "Actual Max Total Time": 201.668, "Inner Unique": true, "Plans": [{"Node Type": "Nested Loop", "Parent Relationship": "Outer", "Join Type": "Inner", "Startup Cost": 2.41, "Total Cost": 70509.63, "Plan Rows": 7042, "Plan Width": 42, "Actual Min Startup Time": 87.085, "Actual Max Startup Time": 87.085, "Actual Min Total Time": 187.344, "Actual Max Total Time": 187.344, "Inner Unique": false, "Join Filter": "(t.id = mk.movie_id)", "Rows Removed by Join Filter": 0, "Plans": [{"Node Type": "Nested Loop", "Parent Relationship": "Outer", "Join Type": "Inner", "Startup Cost": 2.41, "Total Cost": 70018.65, "Plan Rows": 873, "Plan Width": 54, "Actual Min Startup Time": 87.063, "Actual Max Startup Time": 87.063, "Actual Min Total Time": 181.284, "Actual Max Total Time": 181.284, "Inner Unique": true, "Join Filter": "(at.movie_id = t.id)", "Rows Removed by Join Filter": 0, "Plans": [{"Node Type": "Nested Loop", "Parent Relationship": "Outer", "Join Type": "Inner", "Startup Cost": 2.41, "Total Cost": 69796.57, "Plan Rows": 630, "Plan Width": 33, "Actual Min Startup Time": 87.029, "Actual Max Startup Time": 87.029, "Actual Min Total Time": 178.406, "Actual Max Total Time": 178.406, "Inner Unique": true, "Plans": [{"Node Type": "Nested Loop", "Parent Relationship": "Outer", "Join Type": "Inner", "Startup Cost": 2.41, "Total Cost": 69620.17, "Plan Rows": 630, "Plan Width": 37, "Actual Min Startup Time": 86.993, "Actual Max Startup Time": 86.993, "Actual Min Total Time": 176.982, "Actual Max Total Time": 176.982, "Inner Unique": true, "Plans": [{"Node Type": "Nested Loop", "Parent Relationship": "Outer", "Join Type": "Inner", "Startup Cost": 2.41, "Total Cost": 69317.55, "Plan Rows": 1052, "Plan Width": 41, "Actual Min Startup Time": 86.964, "Actual Max Startup Time": 86.964, "Actual Min Total Time": 165.858, "Actual Max Total Time": 165.858, "Inner Unique": false, "Plans": [{"Node Type": "Nested Loop", "Parent Relationship": "Outer", "Join Type": "Inner", "Startup Cost": 2.41, "Total Cost": 69028.47, "Plan Rows": 490, "Plan Width": 29, "Actual Min Startup Time": 86.943, "Actual Max Startup Time": 86.943, "Actual Min Total Time": 160.062, "Actual Max Total Time": 160.062, "Inner Unique": false, "Plans": [{"Node Type": "Hash Join", "Parent Relationship": "Outer", "Join Type": "Inner", "Startup Cost": 2.41, "Total Cost": 68552.78, "Plan Rows": 192, "Plan Width": 4, "Actual Min Startup Time": 86.893, "Actual Max Startup Time": 86.893, "Actual Min Total Time": 126.701, "Actual Max Total Time": 126.701, "Inner Unique": true, "Hash Cond": "(mi.info_type_id = it1.id)", "Plans": [{"Node Type": "Streaming(type: LOCAL GATHER dop: 1/64)", "Parent Relationship": "Outer", "Startup Cost": 0.0, "Total Cost": 68498.12, "Plan Rows": 13419, "Plan Width": 8, "Actual Min Startup Time": 86.714, "Actual Max Startup Time": 86.714, "Actual Min Total Time": 121.26, "Actual Max Total Time": 121.26, "Plans": [{"Node Type": "Seq Scan", "Parent Relationship": "Outer", "Relation Name": "movie_info", "Alias": "mi", "Startup Cost": 0.0, "Total Cost": 68221.29, "Plan Rows": 13419, "Plan Width": 8, "Actual Min Startup Time": 0.113, "Actual Max Startup Time": 21.732, "Actual Min Total Time": 59.931, "Actual Max Total Time": 71.231, "Filter": "((note)::text ~~ '%internet%'::text)", "Rows Removed by Filter": 14824909, "Actual Rows": 10810}], "Actual Rows": 10810}, {"Node Type": "Hash", "Parent Relationship": "Inner", "Startup Cost": 2.4, "Total Cost": 2.4, "Plan Rows": 1, "Plan Width": 4, "Actual Min Startup Time": 0.097, "Actual Max Startup Time": 0.097, "Actual Min Total Time": 0.097, "Actual Max Total Time": 0.097, "Max Hash Buckets": 32768, "Min Hash Buckets": 32768, "Max Hash Batches": 1, "Min Hash Batches": 1, "Max Original Hash Batches": 1, "Min Original Hash Batches": 1, "Max Peak Memory Usage": 1, "min Peak Memory Usage": 1, "Plans": [{"Node Type": "Seq Scan", "Parent Relationship": "Outer", "Relation Name": "info_type", "Alias": "it1", "Startup Cost": 0.0, "Total Cost": 2.4, "Plan Rows": 1, "Plan Width": 4, "Actual Min Startup Time": 0.064, "Actual Max Startup Time": 0.064, "Actual Min Total Time": 0.085, "Actual Max Total Time": 0.085, "Filter": "((info)::text = 'release dates'::text)", "Rows Removed by Filter": 111, "Actual Rows": 1}], "Actual Rows": 1}], "Actual Rows": 10679}, {"Node Type": "Index Scan", "Parent Relationship": "Inner", "Scan Direction": "Forward", "Index Name": "movie_id_aka_title", "Relation Name": "aka_title", "Alias": "at", "Startup Cost": 0.0, "Total Cost": 2.45, "Plan Rows": 3, "Plan Width": 25, "Actual Min Startup Time": 27.7, "Actual Max Startup Time": 27.7, "Actual Min Total Time": 28.256, "Actual Max Total Time": 28.256, "Index Cond": "(movie_id = mi.movie_id)", "Rows Removed by Index Recheck": 0, "Actual Rows": 591}], "Actual Rows": 591}, {"Node Type": "Index Scan", "Parent Relationship": "Inner", "Scan Direction": "Forward", "Index Name": "movie_id_movie_companies", "Relation Name": "movie_companies", "Alias": "mc", "Startup Cost": 0.0, "Total Cost": 0.57, "Plan Rows": 2, "Plan Width": 12, "Actual Min Startup Time": 3.412, "Actual Max Startup Time": 3.412, "Actual Min Total Time": 4.893, "Actual Max Total Time": 4.893, "Index Cond": "(movie_id = at.movie_id)", "Rows Removed by Index Recheck": 0, "Actual Rows": 2130}], "Actual Rows": 2130}, {"Node Type": "Index Scan", "Parent Relationship": "Inner", "Scan Direction": "Forward", "Index Name": "company_name_pkey", "Relation Name": "company_name", "Alias": "cn", "Startup Cost": 0.0, "Total Cost": 0.28, "Plan Rows": 1, "Plan Width": 4, "Actual Min Startup Time": 9.6, "Actual Max Startup Time": 9.6, "Actual Min Total Time": 9.6, "Actual Max Total Time": 9.6, "Index Cond": "(id = mc.company_id)", "Rows Removed by Index Recheck": 0, "Filter": "((country_code)::text = '[us]'::text)", "Rows Removed by Filter": 1234, "Actual Rows": 896}], "Actual Rows": 896}, {"Node Type": "Index Only Scan", "Parent Relationship": "Inner", "Scan Direction": "Forward", "Index Name": "company_type_pkey", "Relation Name": "company_type", "Alias": "ct", "Startup Cost": 0.0, "Total Cost": 0.27, "Plan Rows": 1, "Plan Width": 4, "Actual Min Startup Time": 0.764, "Actual Max Startup Time": 0.764, "Actual Min Total Time": 0.764, "Actual Max Total Time": 0.764, "Index Cond": "(id = mc.company_type_id)", "Rows Removed by Index Recheck": 0, "Heap Fetches": 0, "Actual Rows": 382}], "Actual Rows": 382}, {"Node Type": "Index Scan", "Parent Relationship": "Inner", "Scan Direction": "Forward", "Index Name": "title_pkey", "Relation Name": "title", "Alias": "t", "Startup Cost": 0.0, "Total Cost": 0.34, "Plan Rows": 1, "Plan Width": 21, "Actual Min Startup Time": 2.301, "Actual Max Startup Time": 2.301, "Actual Min Total Time": 2.301, "Actual Max Total Time": 2.301, "Index Cond": "(id = mc.movie_id)", "Rows Removed by Index Recheck": 0, "Filter": "(production_year > 1990)", "Rows Removed by Filter": 0, "Actual Rows": 382}], "Actual Rows": 382}, {"Node Type": "Index Scan", "Parent Relationship": "Inner", "Scan Direction": "Forward", "Index Name": "movie_id_movie_keyword", "Relation Name": "movie_keyword", "Alias": "mk", "Startup Cost": 0.0, "Total Cost": 0.46, "Plan Rows": 8, "Plan Width": 8, "Actual Min Startup Time": 2.131, "Actual Max Startup Time": 2.131, "Actual Min Total Time": 4.201, "Actual Max Total Time": 4.201, "Index Cond": "(movie_id = mc.movie_id)", "Rows Removed by Index Recheck": 0, "Actual Rows": 4371}], "Actual Rows": 4371}, {"Node Type": "Index Only Scan", "Parent Relationship": "Inner", "Scan Direction": "Forward", "Index Name": "keyword_pkey", "Relation Name": "keyword", "Alias": "k", "Startup Cost": 0.0, "Total Cost": 0.27, "Plan Rows": 1, "Plan Width": 4, "Actual Min Startup Time": 11.236, "Actual Max Startup Time": 11.236, "Actual Min Total Time": 11.236, "Actual Max Total Time": 11.236, "Index Cond": "(id = mk.keyword_id)", "Rows Removed by Index Recheck": 0, "Heap Fetches": 0, "Actual Rows": 4371}], "Actual Rows": 4371}], "Actual Rows": 1}, "Triggers": [], "Planner Runtime": 127, "Total Runtime": 216.324, "Unique SQL Id": 2302223328}}, "(64, 97)": {"explain_plan": {"Plan": {"Node Type": "Aggregate", "Strategy": "Plain", "Startup Cost": 167859.1, "Total Cost": 167859.11, "Plan Rows": 1, "Plan Width": 102, "Plans": [{"Node Type": "Nested Loop", "Parent Relationship": "Outer", "Join Type": "Inner", "Startup Cost": 4841.51, "Total Cost": 167824.58, "Plan Rows": 6905, "Plan Width": 38, "Inner Unique": true, "Plans": [{"Node Type": "Nested Loop", "Parent Relationship": "Outer", "Join Type": "Inner", "Startup Cost": 4841.51, "Total Cost": 165852.74, "Plan Rows": 7042, "Plan Width": 42, "Inner Unique": false, "Join Filter": "(t.id = mk.movie_id)", "Plans": [{"Node Type": "Nested Loop", "Parent Relationship": "Outer", "Join Type": "Inner", "Startup Cost": 4841.51, "Total Cost": 165361.77, "Plan Rows": 873, "Plan Width": 54, "Inner Unique": true, "Join Filter": "(at.movie_id = t.id)", "Plans": [{"Node Type": "Nested Loop", "Parent Relationship": "Outer", "Join Type": "Inner", "Startup Cost": 4841.51, "Total Cost": 165139.68, "Plan Rows": 630, "Plan Width": 33, "Inner Unique": true, "Plans": [{"Node Type": "Nested Loop", "Parent Relationship": "Outer", "Join Type": "Inner", "Startup Cost": 4841.51, "Total Cost": 164963.28, "Plan Rows": 630, "Plan Width": 37, "Inner Unique": true, "Plans": [{"Node Type": "Nested Loop", "Parent Relationship": "Outer", "Join Type": "Inner", "Startup Cost": 4841.51, "Total Cost": 164660.66, "Plan Rows": 1052, "Plan Width": 41, "Inner Unique": false, "Plans": [{"Node Type": "Nested Loop", "Parent Relationship": "Outer", "Join Type": "Inner", "Startup Cost": 4841.51, "Total Cost": 164371.58, "Plan Rows": 490, "Plan Width": 29, "Inner Unique": false, "Plans": [{"Node Type": "Nested Loop", "Parent Relationship": "Outer", "Join Type": "Inner", "Startup Cost": 4841.51, "Total Cost": 163895.89, "Plan Rows": 192, "Plan Width": 4, "Inner Unique": false, "Plans": [{"Node Type": "Index Scan", "Parent Relationship": "Outer", "Scan Direction": "Forward", "Index Name": "info_type_pkey", "Relation Name": "info_type", "Alias": "it1", "Startup Cost": 0.0, "Total Cost": 14.21, "Plan Rows": 1, "Plan Width": 4, "Filter": "((info)::text = 'release dates'::text)"}, {"Node Type": "Bitmap Heap Scan", "Parent Relationship": "Inner", "Relation Name": "movie_info", "Alias": "mi", "Startup Cost": 4841.51, "Total Cost": 163879.76, "Plan Rows": 192, "Plan Width": 8, "Recheck Cond": "(info_type_id = it1.id)", "Filter": "((note)::text ~~ '%internet%'::text)", "Plans": [{"Node Type": "Bitmap Index Scan", "Parent Relationship": "Outer", "Index Name": "info_type_id_movie_info", "Startup Cost": 0.0, "Total Cost": 4841.46, "Plan Rows": 212428, "Plan Width": 0, "Index Cond": "(info_type_id = it1.id)"}]}]}, {"Node Type": "Index Scan", "Parent Relationship": "Inner", "Scan Direction": "Forward", "Index Name": "movie_id_aka_title", "Relation Name": "aka_title", "Alias": "at", "Startup Cost": 0.0, "Total Cost": 2.45, "Plan Rows": 3, "Plan Width": 25, "Index Cond": "(movie_id = mi.movie_id)"}]}, {"Node Type": "Index Scan", "Parent Relationship": "Inner", "Scan Direction": "Forward", "Index Name": "movie_id_movie_companies", "Relation Name": "movie_companies", "Alias": "mc", "Startup Cost": 0.0, "Total Cost": 0.57, "Plan Rows": 2, "Plan Width": 12, "Index Cond": "(movie_id = at.movie_id)"}]}, {"Node Type": "Index Scan", "Parent Relationship": "Inner", "Scan Direction": "Forward", "Index Name": "company_name_pkey", "Relation Name": "company_name", "Alias": "cn", "Startup Cost": 0.0, "Total Cost": 0.28, "Plan Rows": 1, "Plan Width": 4, "Index Cond": "(id = mc.company_id)", "Filter": "((country_code)::text = '[us]'::text)"}]}, {"Node Type": "Index Only Scan", "Parent Relationship": "Inner", "Scan Direction": "Forward", "Index Name": "company_type_pkey", "Relation Name": "company_type", "Alias": "ct", "Startup Cost": 0.0, "Total Cost": 0.27, "Plan Rows": 1, "Plan Width": 4, "Index Cond": "(id = mc.company_type_id)"}]}, {"Node Type": "Index Scan", "Parent Relationship": "Inner", "Scan Direction": "Forward", "Index Name": "title_pkey", "Relation Name": "title", "Alias": "t", "Startup Cost": 0.0, "Total Cost": 0.34, "Plan Rows": 1, "Plan Width": 21, "Index Cond": "(id = mc.movie_id)", "Filter": "(production_year > 1990)"}]}, {"Node Type": "Index Scan", "Parent Relationship": "Inner", "Scan Direction": "Forward", "Index Name": "movie_id_movie_keyword", "Relation Name": "movie_keyword", "Alias": "mk", "Startup Cost": 0.0, "Total Cost": 0.46, "Plan Rows": 8, "Plan Width": 8, "Index Cond": "(movie_id = mc.movie_id)"}]}, {"Node Type": "Index Only Scan", "Parent Relationship": "Inner", "Scan Direction": "Forward", "Index Name": "keyword_pkey", "Relation Name": "keyword", "Alias": "k", "Startup Cost": 0.0, "Total Cost": 0.27, "Plan Rows": 1, "Plan Width": 4, "Index Cond": "(id = mk.keyword_id)"}]}]}, "Unique SQL Id": 2302223328, "Planner Runtime": 90}, "explain_analyze_plan": null}, "(64, 98)": {"explain_plan": {"Plan": {"Node Type": "Aggregate", "Strategy": "Plain", "Startup Cost": 83361.27, "Total Cost": 83361.28, "Plan Rows": 1, "Plan Width": 102, "Plans": [{"Node Type": "Hash Join", "Parent Relationship": "Outer", "Join Type": "Inner", "Startup Cost": 3785.02, "Total Cost": 83326.75, "Plan Rows": 6905, "Plan Width": 38, "Inner Unique": true, "Hash Cond": "(mk.keyword_id = k.id)", "Plans": [{"Node Type": "Nested Loop", "Parent Relationship": "Outer", "Join Type": "Inner", "Startup Cost": 7.21, "Total Cost": 79453.51, "Plan Rows": 7042, "Plan Width": 42, "Inner Unique": false, "Join Filter": "(t.id = mk.movie_id)", "Plans": [{"Node Type": "Nested Loop", "Parent Relationship": "Outer", "Join Type": "Inner", "Startup Cost": 6.88, "Total Cost": 75491.81, "Plan Rows": 873, "Plan Width": 54, "Inner Unique": false, "Join Filter": "(t.id = at.movie_id)", "Plans": [{"Node Type": "Hash Join", "Parent Relationship": "Outer", "Join Type": "Inner", "Startup Cost": 6.6, "Total Cost": 73412.69, "Plan Rows": 478, "Plan Width": 29, "Inner Unique": true, "Hash Cond": "(mc.company_type_id = ct.id)", "Plans": [{"Node Type": "Nested Loop", "Parent Relationship": "Outer", "Join Type": "Inner", "Startup Cost": 5.53, "Total Cost": 73405.64, "Plan Rows": 478, "Plan Width": 33, "Inner Unique": true, "Plans": [{"Node Type": "Nested Loop", "Parent Relationship": "Outer", "Join Type": "Inner", "Startup Cost": 5.28, "Total Cost": 70972.69, "Plan Rows": 568, "Plan Width": 37, "Inner Unique": false, "Plans": [{"Node Type": "Nested Loop", "Parent Relationship": "Outer", "Join Type": "Inner", "Startup Cost": 4.99, "Total Cost": 69820.27, "Plan Rows": 266, "Plan Width": 25, "Inner Unique": true, "Plans": [{"Node Type": "Hash Join", "Parent Relationship": "Outer", "Join Type": "Inner", "Startup Cost": 2.41, "Total Cost": 68552.78, "Plan Rows": 192, "Plan Width": 4, "Inner Unique": true, "Hash Cond": "(mi.info_type_id = it1.id)", "Plans": [{"Node Type": "Streaming(type: LOCAL GATHER dop: 1/64)", "Parent Relationship": "Outer", "Startup Cost": 0.0, "Total Cost": 68498.12, "Plan Rows": 13419, "Plan Width": 8, "Plans": [{"Node Type": "Seq Scan", "Parent Relationship": "Outer", "Relation Name": "movie_info", "Alias": "mi", "Startup Cost": 0.0, "Total Cost": 68221.29, "Plan Rows": 13419, "Plan Width": 8, "Filter": "((note)::text ~~ '%internet%'::text)"}]}, {"Node Type": "Hash", "Parent Relationship": "Inner", "Startup Cost": 2.4, "Total Cost": 2.4, "Plan Rows": 1, "Plan Width": 4, "Plans": [{"Node Type": "Seq Scan", "Parent Relationship": "Outer", "Relation Name": "info_type", "Alias": "it1", "Startup Cost": 0.0, "Total Cost": 2.4, "Plan Rows": 1, "Plan Width": 4, "Filter": "((info)::text = 'release dates'::text)"}]}]}, {"Node Type": "Bitmap Heap Scan", "Parent Relationship": "Inner", "Relation Name": "title", "Alias": "t", "Startup Cost": 2.58, "Total Cost": 6.59, "Plan Rows": 1, "Plan Width": 21, "Recheck Cond": "(id = mi.movie_id)", "Filter": "(production_year > 1990)", "Plans": [{"Node Type": "Bitmap Index Scan", "Parent Relationship": "Outer", "Index Name": "title_pkey", "Startup Cost": 0.0, "Total Cost": 2.58, "Plan Rows": 1, "Plan Width": 0, "Index Cond": "(id = mi.movie_id)"}]}]}, {"Node Type": "Bitmap Heap Scan", "Parent Relationship": "Inner", "Relation Name": "movie_companies", "Alias": "mc", "Startup Cost": 0.29, "Total Cost": 4.31, "Plan Rows": 2, "Plan Width": 12, "Recheck Cond": "(movie_id = t.id)", "Plans": [{"Node Type": "Bitmap Index Scan", "Parent Relationship": "Outer", "Index Name": "movie_id_movie_companies", "Startup Cost": 0.0, "Total Cost": 0.29, "Plan Rows": 2, "Plan Width": 0, "Index Cond": "(movie_id = t.id)"}]}]}, {"Node Type": "Bitmap Heap Scan", "Parent Relationship": "Inner", "Relation Name": "company_name", "Alias": "cn", "Startup Cost": 0.26, "Total Cost": 4.27, "Plan Rows": 1, "Plan Width": 4, "Recheck Cond": "(id = mc.company_id)", "Filter": "((country_code)::text = '[us]'::text)", "Plans": [{"Node Type": "Bitmap Index Scan", "Parent Relationship": "Outer", "Index Name": "company_name_pkey", "Startup Cost": 0.0, "Total Cost": 0.26, "Plan Rows": 1, "Plan Width": 0, "Index Cond": "(id = mc.company_id)"}]}]}, {"Node Type": "Hash", "Parent Relationship": "Inner", "Startup Cost": 1.03, "Total Cost": 1.03, "Plan Rows": 3, "Plan Width": 4, "Plans": [{"Node Type": "Seq Scan", "Parent Relationship": "Outer", "Relation Name": "company_type", "Alias": "ct", "Startup Cost": 0.0, "Total Cost": 1.03, "Plan Rows": 3, "Plan Width": 4}]}]}, {"Node Type": "Bitmap Heap Scan", "Parent Relationship": "Inner", "Relation Name": "aka_title", "Alias": "at", "Startup Cost": 0.27, "Total Cost": 4.31, "Plan Rows": 3, "Plan Width": 25, "Recheck Cond": "(movie_id = mc.movie_id)", "Plans": [{"Node Type": "Bitmap Index Scan", "Parent Relationship": "Outer", "Index Name": "movie_id_aka_title", "Startup Cost": 0.0, "Total Cost": 0.27, "Plan Rows": 3, "Plan Width": 0, "Index Cond": "(movie_id = mc.movie_id)"}]}]}, {"Node Type": "Bitmap Heap Scan", "Parent Relationship": "Inner", "Relation Name": "movie_keyword", "Alias": "mk", "Startup Cost": 0.34, "Total Cost": 4.44, "Plan Rows": 8, "Plan Width": 8, "Recheck Cond": "(movie_id = mc.movie_id)", "Plans": [{"Node Type": "Bitmap Index Scan", "Parent Relationship": "Outer", "Index Name": "movie_id_movie_keyword", "Startup Cost": 0.0, "Total Cost": 0.34, "Plan Rows": 8, "Plan Width": 0, "Index Cond": "(movie_id = mc.movie_id)"}]}]}, {"Node Type": "Hash", "Parent Relationship": "Inner", "Startup Cost": 2100.69, "Total Cost": 2100.69, "Plan Rows": 134169, "Plan Width": 4, "Plans": [{"Node Type": "Seq Scan", "Parent Relationship": "Outer", "Relation Name": "keyword", "Alias": "k", "Startup Cost": 0.0, "Total Cost": 2100.69, "Plan Rows": 134169, "Plan Width": 4}]}]}]}, "Unique SQL Id": 2302223328, "Planner Runtime": 194}, "explain_analyze_plan": {"Plan": {"Node Type": "Aggregate", "Strategy": "Plain", "Startup Cost": 83361.27, "Total Cost": 83361.28, "Plan Rows": 1, "Plan Width": 102, "Actual Min Startup Time": 533.061, "Actual Max Startup Time": 533.061, "Actual Min Total Time": 533.061, "Actual Max Total Time": 533.061, "Plans": [{"Node Type": "Hash Join", "Parent Relationship": "Outer", "Join Type": "Inner", "Startup Cost": 3785.02, "Total Cost": 83326.75, "Plan Rows": 6905, "Plan Width": 38, "Actual Min Startup Time": 75.426, "Actual Max Startup Time": 75.426, "Actual Min Total Time": 530.442, "Actual Max Total Time": 530.442, "Inner Unique": true, "Hash Cond": "(mk.keyword_id = k.id)", "Plans": [{"Node Type": "Nested Loop", "Parent Relationship": "Outer", "Join Type": "Inner", "Startup Cost": 7.21, "Total Cost": 79453.51, "Plan Rows": 7042, "Plan Width": 42, "Actual Min Startup Time": 0.692, "Actual Max Startup Time": 0.692, "Actual Min Total Time": 453.389, "Actual Max Total Time": 453.389, "Inner Unique": false, "Join Filter": "(t.id = mk.movie_id)", "Rows Removed by Join Filter": 0, "Plans": [{"Node Type": "Nested Loop", "Parent Relationship": "Outer", "Join Type": "Inner", "Startup Cost": 6.88, "Total Cost": 75491.81, "Plan Rows": 873, "Plan Width": 54, "Actual Min Startup Time": 0.655, "Actual Max Startup Time": 0.655, "Actual Min Total Time": 446.852, "Actual Max Total Time": 446.852, "Inner Unique": false, "Join Filter": "(t.id = at.movie_id)", "Rows Removed by Join Filter": 0, "Plans": [{"Node Type": "Hash Join", "Parent Relationship": "Outer", "Join Type": "Inner", "Startup Cost": 6.6, "Total Cost": 73412.69, "Plan Rows": 478, "Plan Width": 29, "Actual Min Startup Time": 0.548, "Actual Max Startup Time": 0.548, "Actual Min Total Time": 416.234, "Actual Max Total Time": 416.234, "Inner Unique": true, "Hash Cond": "(mc.company_type_id = ct.id)", "Plans": [{"Node Type": "Nested Loop", "Parent Relationship": "Outer", "Join Type": "Inner", "Startup Cost": 5.53, "Total Cost": 73405.64, "Plan Rows": 478, "Plan Width": 33, "Actual Min Startup Time": 0.436, "Actual Max Startup Time": 0.436, "Actual Min Total Time": 411.662, "Actual Max Total Time": 411.662, "Inner Unique": true, "Plans": [{"Node Type": "Nested Loop", "Parent Relationship": "Outer", "Join Type": "Inner", "Startup Cost": 5.28, "Total Cost": 70972.69, "Plan Rows": 568, "Plan Width": 37, "Actual Min Startup Time": 0.406, "Actual Max Startup Time": 0.406, "Actual Min Total Time": 298.752, "Actual Max Total Time": 298.752, "Inner Unique": false, "Plans": [{"Node Type": "Nested Loop", "Parent Relationship": "Outer", "Join Type": "Inner", "Startup Cost": 4.99, "Total Cost": 69820.27, "Plan Rows": 266, "Plan Width": 25, "Actual Min Startup Time": 0.371, "Actual Max Startup Time": 0.371, "Actual Min Total Time": 197.226, "Actual Max Total Time": 197.226, "Inner Unique": true, "Plans": [{"Node Type": "Hash Join", "Parent Relationship": "Outer", "Join Type": "Inner", "Startup Cost": 2.41, "Total Cost": 68552.78, "Plan Rows": 192, "Plan Width": 4, "Actual Min Startup Time": 0.295, "Actual Max Startup Time": 0.295, "Actual Min Total Time": 99.941, "Actual Max Total Time": 99.941, "Inner Unique": true, "Hash Cond": "(mi.info_type_id = it1.id)", "Plans": [{"Node Type": "Streaming(type: LOCAL GATHER dop: 1/64)", "Parent Relationship": "Outer", "Startup Cost": 0.0, "Total Cost": 68498.12, "Plan Rows": 13419, "Plan Width": 8, "Actual Min Startup Time": 0.161, "Actual Max Startup Time": 0.161, "Actual Min Total Time": 92.81, "Actual Max Total Time": 92.81, "Plans": [{"Node Type": "Seq Scan", "Parent Relationship": "Outer", "Relation Name": "movie_info", "Alias": "mi", "Startup Cost": 0.0, "Total Cost": 68221.29, "Plan Rows": 13419, "Plan Width": 8, "Actual Min Startup Time": 0.104, "Actual Max Startup Time": 22.386, "Actual Min Total Time": 61.105, "Actual Max Total Time": 71.815, "Filter": "((note)::text ~~ '%internet%'::text)", "Rows Removed by Filter": 14824909, "Actual Rows": 10810}], "Actual Rows": 10810}, {"Node Type": "Hash", "Parent Relationship": "Inner", "Startup Cost": 2.4, "Total Cost": 2.4, "Plan Rows": 1, "Plan Width": 4, "Actual Min Startup Time": 0.09, "Actual Max Startup Time": 0.09, "Actual Min Total Time": 0.09, "Actual Max Total Time": 0.09, "Max Hash Buckets": 32768, "Min Hash Buckets": 32768, "Max Hash Batches": 1, "Min Hash Batches": 1, "Max Original Hash Batches": 1, "Min Original Hash Batches": 1, "Max Peak Memory Usage": 1, "min Peak Memory Usage": 1, "Plans": [{"Node Type": "Seq Scan", "Parent Relationship": "Outer", "Relation Name": "info_type", "Alias": "it1", "Startup Cost": 0.0, "Total Cost": 2.4, "Plan Rows": 1, "Plan Width": 4, "Actual Min Startup Time": 0.064, "Actual Max Startup Time": 0.064, "Actual Min Total Time": 0.085, "Actual Max Total Time": 0.085, "Filter": "((info)::text = 'release dates'::text)", "Rows Removed by Filter": 111, "Actual Rows": 1}], "Actual Rows": 1}], "Actual Rows": 10679}, {"Node Type": "Bitmap Heap Scan", "Parent Relationship": "Inner", "Relation Name": "title", "Alias": "t", "Startup Cost": 2.58, "Total Cost": 6.59, "Plan Rows": 1, "Plan Width": 21, "Actual Min Startup Time": 82.36, "Actual Max Startup Time": 82.36, "Actual Min Total Time": 82.36, "Actual Max Total Time": 82.36, "Recheck Cond": "(id = mi.movie_id)", "Rows Removed by Index Recheck": 0, "Filter": "(production_year > 1990)", "Rows Removed by Filter": 17, "Exact Heap Blocks": 10679, "Lossy Heap Blocks": 10679, "Plans": [{"Node Type": "Bitmap Index Scan", "Parent Relationship": "Outer", "Index Name": "title_pkey", "Startup Cost": 0.0, "Total Cost": 2.58, "Plan Rows": 1, "Plan Width": 0, "Actual Min Startup Time": 41.859, "Actual Max Startup Time": 41.859, "Actual Min Total Time": 41.859, "Actual Max Total Time": 41.859, "Index Cond": "(id = mi.movie_id)", "Actual Rows": 10679}], "Actual Rows": 10662}], "Actual Rows": 10662}, {"Node Type": "Bitmap Heap Scan", "Parent Relationship": "Inner", "Relation Name": "movie_companies", "Alias": "mc", "Startup Cost": 0.29, "Total Cost": 4.31, "Plan Rows": 2, "Plan Width": 12, "Actual Min Startup Time": 74.433, "Actual Max Startup Time": 74.433, "Actual Min Total Time": 84.558, "Actual Max Total Time": 84.558, "Recheck Cond": "(movie_id = t.id)", "Rows Removed by Index Recheck": 0, "Exact Heap Blocks": 11694, "Lossy Heap Blocks": 11694, "Plans": [{"Node Type": "Bitmap Index Scan", "Parent Relationship": "Outer", "Index Name": "movie_id_movie_companies", "Startup Cost": 0.0, "Total Cost": 0.29, "Plan Rows": 2, "Plan Width": 0, "Actual Min Startup Time": 47.371, "Actual Max Startup Time": 47.371, "Actual Min Total Time": 47.371, "Actual Max Total Time": 47.371, "Index Cond": "(movie_id = t.id)", "Actual Rows": 14377}], "Actual Rows": 14377}], "Actual Rows": 14377}, {"Node Type": "Bitmap Heap Scan", "Parent Relationship": "Inner", "Relation Name": "company_name", "Alias": "cn", "Startup Cost": 0.26, "Total Cost": 4.27, "Plan Rows": 1, "Plan Width": 4, "Actual Min Startup Time": 94.616, "Actual Max Startup Time": 94.616, "Actual Min Total Time": 94.616, "Actual Max Total Time": 94.616, "Recheck Cond": "(id = mc.company_id)", "Rows Removed by Index Recheck": 0, "Filter": "((country_code)::text = '[us]'::text)", "Rows Removed by Filter": 4520, "Exact Heap Blocks": 14377, "Lossy Heap Blocks": 14377, "Plans": [{"Node Type": "Bitmap Index Scan", "Parent Relationship": "Outer", "Index Name": "company_name_pkey", "Startup Cost": 0.0, "Total Cost": 0.26, "Plan Rows": 1, "Plan Width": 0, "Actual Min Startup Time": 50.883, "Actual Max Startup Time": 50.883, "Actual Min Total Time": 50.883, "Actual Max Total Time": 50.883, "Index Cond": "(id = mc.company_id)", "Actual Rows": 14377}], "Actual Rows": 9857}], "Actual Rows": 9857}, {"Node Type": "Hash", "Parent Relationship": "Inner", "Startup Cost": 1.03, "Total Cost": 1.03, "Plan Rows": 3, "Plan Width": 4, "Actual Min Startup Time": 0.024, "Actual Max Startup Time": 0.024, "Actual Min Total Time": 0.024, "Actual Max Total Time": 0.024, "Max Hash Buckets": 32768, "Min Hash Buckets": 32768, "Max Hash Batches": 1, "Min Hash Batches": 1, "Max Original Hash Batches": 1, "Min Original Hash Batches": 1, "Max Peak Memory Usage": 1, "min Peak Memory Usage": 1, "Plans": [{"Node Type": "Seq Scan", "Parent Relationship": "Outer", "Relation Name": "company_type", "Alias": "ct", "Startup Cost": 0.0, "Total Cost": 1.03, "Plan Rows": 3, "Plan Width": 4, "Actual Min Startup Time": 0.011, "Actual Max Startup Time": 0.011, "Actual Min Total Time": 0.012, "Actual Max Total Time": 0.012, "Actual Rows": 3}], "Actual Rows": 3}], "Actual Rows": 5914}, {"Node Type": "Bitmap Heap Scan", "Parent Relationship": "Inner", "Relation Name": "aka_title", "Alias": "at", "Startup Cost": 0.27, "Total Cost": 4.31, "Plan Rows": 3, "Plan Width": 25, "Actual Min Startup Time": 22.363, "Actual Max Startup Time": 22.363, "Actual Min Total Time": 22.627, "Actual Max Total Time": 22.627, "Recheck Cond": "(movie_id = mc.movie_id)", "Rows Removed by Index Recheck": 0, "Exact Heap Blocks": 382, "Lossy Heap Blocks": 382, "Plans": [{"Node Type": "Bitmap Index Scan", "Parent Relationship": "Outer", "Index Name": "movie_id_aka_title", "Startup Cost": 0.0, "Total Cost": 0.27, "Plan Rows": 3, "Plan Width": 0, "Actual Min Startup Time": 18.453, "Actual Max Startup Time": 18.453, "Actual Min Total Time": 18.453, "Actual Max Total Time": 18.453, "Index Cond": "(movie_id = mc.movie_id)", "Actual Rows": 382}], "Actual Rows": 382}], "Actual Rows": 382}, {"Node Type": "Bitmap Heap Scan", "Parent Relationship": "Inner", "Relation Name": "movie_keyword", "Alias": "mk", "Startup Cost": 0.34, "Total Cost": 4.44, "Plan Rows": 8, "Plan Width": 8, "Actual Min Startup Time": 3.848, "Actual Max Startup Time": 3.848, "Actual Min Total Time": 4.417, "Actual Max Total Time": 4.417, "Recheck Cond": "(movie_id = mc.movie_id)", "Rows Removed by Index Recheck": 0, "Exact Heap Blocks": 276, "Lossy Heap Blocks": 276, "Plans": [{"Node Type": "Bitmap Index Scan", "Parent Relationship": "Outer", "Index Name": "movie_id_movie_keyword", "Startup Cost": 0.0, "Total Cost": 0.34, "Plan Rows": 8, "Plan Width": 0, "Actual Min Startup Time": 2.449, "Actual Max Startup Time": 2.449, "Actual Min Total Time": 2.449, "Actual Max Total Time": 2.449, "Index Cond": "(movie_id = mc.movie_id)", "Actual Rows": 4371}], "Actual Rows": 4371}], "Actual Rows": 4371}, {"Node Type": "Hash", "Parent Relationship": "Inner", "Startup Cost": 2100.69, "Total Cost": 2100.69, "Plan Rows": 134169, "Plan Width": 4, "Actual Min Startup Time": 74.482, "Actual Max Startup Time": 74.482, "Actual Min Total Time": 74.482, "Actual Max Total Time": 74.482, "Max Hash Buckets": 262144, "Min Hash Buckets": 262144, "Max Hash Batches": 1, "Min Hash Batches": 1, "Max Original Hash Batches": 1, "Min Original Hash Batches": 1, "Max Peak Memory Usage": 4717, "min Peak Memory Usage": 4717, "Plans": [{"Node Type": "Seq Scan", "Parent Relationship": "Outer", "Relation Name": "keyword", "Alias": "k", "Startup Cost": 0.0, "Total Cost": 2100.69, "Plan Rows": 134169, "Plan Width": 4, "Actual Min Startup Time": 0.078, "Actual Max Startup Time": 0.078, "Actual Min Total Time": 38.847, "Actual Max Total Time": 38.847, "Actual Rows": 134169}], "Actual Rows": 134169}], "Actual Rows": 4371}], "Actual Rows": 1}, "Triggers": [], "Planner Runtime": 193, "Total Runtime": 547.029, "Unique SQL Id": 2302223328}}, "(64, 99)": {"explain_plan": {"Plan": {"Node Type": "Aggregate", "Strategy": "Plain", "Startup Cost": 179468.29, "Total Cost": 179468.3, "Plan Rows": 1, "Plan Width": 102, "Plans": [{"Node Type": "Hash Join", "Parent Relationship": "Outer", "Join Type": "Inner", "Startup Cost": 9396.83, "Total Cost": 179433.77, "Plan Rows": 6905, "Plan Width": 38, "Inner Unique": true, "Hash Cond": "(mk.keyword_id = k.id)", "Plans": [{"Node Type": "Nested Loop", "Parent Relationship": "Outer", "Join Type": "Inner", "Startup Cost": 4866.39, "Total Cost": 174807.89, "Plan Rows": 7042, "Plan Width": 42, "Inner Unique": false, "Join Filter": "(t.id = mk.movie_id)", "Plans": [{"Node Type": "Nested Loop", "Parent Relationship": "Outer", "Join Type": "Inner", "Startup Cost": 4866.05, "Total Cost": 170846.19, "Plan Rows": 873, "Plan Width": 54, "Inner Unique": false, "Join Filter": "(t.id = at.movie_id)", "Plans": [{"Node Type": "Hash Join", "Parent Relationship": "Outer", "Join Type": "Inner", "Startup Cost": 4865.77, "Total Cost": 168767.07, "Plan Rows": 478, "Plan Width": 29, "Inner Unique": true, "Hash Cond": "(mc.company_type_id = ct.id)", "Plans": [{"Node Type": "Nested Loop", "Parent Relationship": "Outer", "Join Type": "Inner", "Startup Cost": 4853.44, "Total Cost": 168748.76, "Plan Rows": 478, "Plan Width": 33, "Inner Unique": true, "Plans": [{"Node Type": "Nested Loop", "Parent Relationship": "Outer", "Join Type": "Inner", "Startup Cost": 4853.18, "Total Cost": 166315.81, "Plan Rows": 568, "Plan Width": 37, "Inner Unique": false, "Plans": [{"Node Type": "Nested Loop", "Parent Relationship": "Outer", "Join Type": "Inner", "Startup Cost": 4852.89, "Total Cost": 165163.39, "Plan Rows": 266, "Plan Width": 25, "Inner Unique": true, "Plans": [{"Node Type": "Nested Loop", "Parent Relationship": "Outer", "Join Type": "Inner", "Startup Cost": 4850.32, "Total Cost": 163895.89, "Plan Rows": 192, "Plan Width": 4, "Inner Unique": false, "Plans": [{"Node Type": "Bitmap Heap Scan", "Parent Relationship": "Outer", "Relation Name": "info_type", "Alias": "it1", "Startup Cost": 8.81, "Total Cost": 14.21, "Plan Rows": 1, "Plan Width": 4, "Filter": "((info)::text = 'release dates'::text)", "Plans": [{"Node Type": "Bitmap Index Scan", "Parent Relationship": "Outer", "Index Name": "info_type_pkey", "Startup Cost": 0.0, "Total Cost": 8.81, "Plan Rows": 112, "Plan Width": 0}]}, {"Node Type": "Bitmap Heap Scan", "Parent Relationship": "Inner", "Relation Name": "movie_info", "Alias": "mi", "Startup Cost": 4841.51, "Total Cost": 163879.76, "Plan Rows": 192, "Plan Width": 8, "Recheck Cond": "(info_type_id = it1.id)", "Filter": "((note)::text ~~ '%internet%'::text)", "Plans": [{"Node Type": "Bitmap Index Scan", "Parent Relationship": "Outer", "Index Name": "info_type_id_movie_info", "Startup Cost": 0.0, "Total Cost": 4841.46, "Plan Rows": 212428, "Plan Width": 0, "Index Cond": "(info_type_id = it1.id)"}]}]}, {"Node Type": "Bitmap Heap Scan", "Parent Relationship": "Inner", "Relation Name": "title", "Alias": "t", "Startup Cost": 2.58, "Total Cost": 6.59, "Plan Rows": 1, "Plan Width": 21, "Recheck Cond": "(id = mi.movie_id)", "Filter": "(production_year > 1990)", "Plans": [{"Node Type": "Bitmap Index Scan", "Parent Relationship": "Outer", "Index Name": "title_pkey", "Startup Cost": 0.0, "Total Cost": 2.58, "Plan Rows": 1, "Plan Width": 0, "Index Cond": "(id = mi.movie_id)"}]}]}, {"Node Type": "Bitmap Heap Scan", "Parent Relationship": "Inner", "Relation Name": "movie_companies", "Alias": "mc", "Startup Cost": 0.29, "Total Cost": 4.31, "Plan Rows": 2, "Plan Width": 12, "Recheck Cond": "(movie_id = t.id)", "Plans": [{"Node Type": "Bitmap Index Scan", "Parent Relationship": "Outer", "Index Name": "movie_id_movie_companies", "Startup Cost": 0.0, "Total Cost": 0.29, "Plan Rows": 2, "Plan Width": 0, "Index Cond": "(movie_id = t.id)"}]}]}, {"Node Type": "Bitmap Heap Scan", "Parent Relationship": "Inner", "Relation Name": "company_name", "Alias": "cn", "Startup Cost": 0.26, "Total Cost": 4.27, "Plan Rows": 1, "Plan Width": 4, "Recheck Cond": "(id = mc.company_id)", "Filter": "((country_code)::text = '[us]'::text)", "Plans": [{"Node Type": "Bitmap Index Scan", "Parent Relationship": "Outer", "Index Name": "company_name_pkey", "Startup Cost": 0.0, "Total Cost": 0.26, "Plan Rows": 1, "Plan Width": 0, "Index Cond": "(id = mc.company_id)"}]}]}, {"Node Type": "Hash", "Parent Relationship": "Inner", "Startup Cost": 12.3, "Total Cost": 12.3, "Plan Rows": 3, "Plan Width": 4, "Plans": [{"Node Type": "Bitmap Heap Scan", "Parent Relationship": "Outer", "Relation Name": "company_type", "Alias": "ct", "Startup Cost": 8.27, "Total Cost": 12.3, "Plan Rows": 3, "Plan Width": 4, "Plans": [{"Node Type": "Bitmap Index Scan", "Parent Relationship": "Outer", "Index Name": "company_type_pkey", "Startup Cost": 0.0, "Total Cost": 8.27, "Plan Rows": 3, "Plan Width": 0}]}]}]}, {"Node Type": "Bitmap Heap Scan", "Parent Relationship": "Inner", "Relation Name": "aka_title", "Alias": "at", "Startup Cost": 0.27, "Total Cost": 4.31, "Plan Rows": 3, "Plan Width": 25, "Recheck Cond": "(movie_id = mc.movie_id)", "Plans": [{"Node Type": "Bitmap Index Scan", "Parent Relationship": "Outer", "Index Name": "movie_id_aka_title", "Startup Cost": 0.0, "Total Cost": 0.27, "Plan Rows": 3, "Plan Width": 0, "Index Cond": "(movie_id = mc.movie_id)"}]}]}, {"Node Type": "Bitmap Heap Scan", "Parent Relationship": "Inner", "Relation Name": "movie_keyword", "Alias": "mk", "Startup Cost": 0.34, "Total Cost": 4.44, "Plan Rows": 8, "Plan Width": 8, "Recheck Cond": "(movie_id = mc.movie_id)", "Plans": [{"Node Type": "Bitmap Index Scan", "Parent Relationship": "Outer", "Index Name": "movie_id_movie_keyword", "Startup Cost": 0.0, "Total Cost": 0.34, "Plan Rows": 8, "Plan Width": 0, "Index Cond": "(movie_id = mc.movie_id)"}]}]}, {"Node Type": "Hash", "Parent Relationship": "Inner", "Startup Cost": 2853.33, "Total Cost": 2853.33, "Plan Rows": 134169, "Plan Width": 4, "Plans": [{"Node Type": "Bitmap Heap Scan", "Parent Relationship": "Outer", "Relation Name": "keyword", "Alias": "k", "Startup Cost": 752.64, "Total Cost": 2853.33, "Plan Rows": 134169, "Plan Width": 4, "Plans": [{"Node Type": "Bitmap Index Scan", "Parent Relationship": "Outer", "Index Name": "keyword_pkey", "Startup Cost": 0.0, "Total Cost": 719.1, "Plan Rows": 134169, "Plan Width": 0}]}]}]}]}, "Unique SQL Id": 2302223328, "Planner Runtime": 132}, "explain_analyze_plan": null}, "(64, 100)": {"explain_plan": {"Plan": {"Node Type": "Aggregate", "Strategy": "Plain", "Startup Cost": 72520.72, "Total Cost": 72520.73, "Plan Rows": 1, "Plan Width": 102, "Plans": [{"Node Type": "Nested Loop", "Parent Relationship": "Outer", "Join Type": "Inner", "Startup Cost": 2.41, "Total Cost": 72486.19, "Plan Rows": 6905, "Plan Width": 38, "Inner Unique": true, "Plans": [{"Node Type": "Nested Loop", "Parent Relationship": "Outer", "Join Type": "Inner", "Startup Cost": 2.41, "Total Cost": 70509.63, "Plan Rows": 7042, "Plan Width": 42, "Inner Unique": false, "Join Filter": "(t.id = mk.movie_id)", "Plans": [{"Node Type": "Nested Loop", "Parent Relationship": "Outer", "Join Type": "Inner", "Startup Cost": 2.41, "Total Cost": 70018.66, "Plan Rows": 873, "Plan Width": 54, "Inner Unique": true, "Join Filter": "(at.movie_id = t.id)", "Plans": [{"Node Type": "Nested Loop", "Parent Relationship": "Outer", "Join Type": "Inner", "Startup Cost": 2.41, "Total Cost": 69796.57, "Plan Rows": 630, "Plan Width": 33, "Inner Unique": true, "Plans": [{"Node Type": "Nested Loop", "Parent Relationship": "Outer", "Join Type": "Inner", "Startup Cost": 2.41, "Total Cost": 69620.17, "Plan Rows": 630, "Plan Width": 37, "Inner Unique": true, "Plans": [{"Node Type": "Nested Loop", "Parent Relationship": "Outer", "Join Type": "Inner", "Startup Cost": 2.41, "Total Cost": 69317.55, "Plan Rows": 1052, "Plan Width": 41, "Inner Unique": false, "Plans": [{"Node Type": "Nested Loop", "Parent Relationship": "Outer", "Join Type": "Inner", "Startup Cost": 2.41, "Total Cost": 69028.47, "Plan Rows": 490, "Plan Width": 29, "Inner Unique": false, "Plans": [{"Node Type": "Hash Join", "Parent Relationship": "Outer", "Join Type": "Inner", "Startup Cost": 2.41, "Total Cost": 68552.78, "Plan Rows": 192, "Plan Width": 4, "Inner Unique": true, "Hash Cond": "(mi.info_type_id = it1.id)", "Plans": [{"Node Type": "Streaming(type: LOCAL GATHER dop: 1/64)", "Parent Relationship": "Outer", "Startup Cost": 0.0, "Total Cost": 68498.12, "Plan Rows": 13419, "Plan Width": 8, "Plans": [{"Node Type": "Seq Scan", "Parent Relationship": "Outer", "Relation Name": "movie_info", "Alias": "mi", "Startup Cost": 0.0, "Total Cost": 68221.29, "Plan Rows": 13419, "Plan Width": 8, "Filter": "((note)::text ~~ '%internet%'::text)"}]}, {"Node Type": "Hash", "Parent Relationship": "Inner", "Startup Cost": 2.4, "Total Cost": 2.4, "Plan Rows": 1, "Plan Width": 4, "Plans": [{"Node Type": "Seq Scan", "Parent Relationship": "Outer", "Relation Name": "info_type", "Alias": "it1", "Startup Cost": 0.0, "Total Cost": 2.4, "Plan Rows": 1, "Plan Width": 4, "Filter": "((info)::text = 'release dates'::text)"}]}]}, {"Node Type": "Index Scan", "Parent Relationship": "Inner", "Scan Direction": "Forward", "Index Name": "movie_id_aka_title", "Relation Name": "aka_title", "Alias": "at", "Startup Cost": 0.0, "Total Cost": 2.45, "Plan Rows": 3, "Plan Width": 25, "Index Cond": "(movie_id = mi.movie_id)"}]}, {"Node Type": "Index Scan", "Parent Relationship": "Inner", "Scan Direction": "Forward", "Index Name": "movie_id_movie_companies", "Relation Name": "movie_companies", "Alias": "mc", "Startup Cost": 0.0, "Total Cost": 0.57, "Plan Rows": 2, "Plan Width": 12, "Index Cond": "(movie_id = at.movie_id)"}]}, {"Node Type": "Index Scan", "Parent Relationship": "Inner", "Scan Direction": "Forward", "Index Name": "company_name_pkey", "Relation Name": "company_name", "Alias": "cn", "Startup Cost": 0.0, "Total Cost": 0.28, "Plan Rows": 1, "Plan Width": 4, "Index Cond": "(id = mc.company_id)", "Filter": "((country_code)::text = '[us]'::text)"}]}, {"Node Type": "Index Scan", "Parent Relationship": "Inner", "Scan Direction": "Forward", "Index Name": "company_type_pkey", "Relation Name": "company_type", "Alias": "ct", "Startup Cost": 0.0, "Total Cost": 0.27, "Plan Rows": 1, "Plan Width": 4, "Index Cond": "(id = mc.company_type_id)"}]}, {"Node Type": "Index Scan", "Parent Relationship": "Inner", "Scan Direction": "Forward", "Index Name": "title_pkey", "Relation Name": "title", "Alias": "t", "Startup Cost": 0.0, "Total Cost": 0.34, "Plan Rows": 1, "Plan Width": 21, "Index Cond": "(id = mc.movie_id)", "Filter": "(production_year > 1990)"}]}, {"Node Type": "Index Scan", "Parent Relationship": "Inner", "Scan Direction": "Forward", "Index Name": "movie_id_movie_keyword", "Relation Name": "movie_keyword", "Alias": "mk", "Startup Cost": 0.0, "Total Cost": 0.46, "Plan Rows": 8, "Plan Width": 8, "Index Cond": "(movie_id = mc.movie_id)"}]}, {"Node Type": "Index Scan", "Parent Relationship": "Inner", "Scan Direction": "Forward", "Index Name": "keyword_pkey", "Relation Name": "keyword", "Alias": "k", "Startup Cost": 0.0, "Total Cost": 0.27, "Plan Rows": 1, "Plan Width": 4, "Index Cond": "(id = mk.keyword_id)"}]}]}, "Unique SQL Id": 2302223328, "Planner Runtime": 129}, "explain_analyze_plan": {"Plan": {"Node Type": "Aggregate", "Strategy": "Plain", "Startup Cost": 72520.72, "Total Cost": 72520.73, "Plan Rows": 1, "Plan Width": 102, "Actual Min Startup Time": 224.334, "Actual Max Startup Time": 224.334, "Actual Min Total Time": 224.334, "Actual Max Total Time": 224.334, "Plans": [{"Node Type": "Nested Loop", "Parent Relationship": "Outer", "Join Type": "Inner", "Startup Cost": 2.41, "Total Cost": 72486.19, "Plan Rows": 6905, "Plan Width": 38, "Actual Min Startup Time": 44.809, "Actual Max Startup Time": 44.809, "Actual Min Total Time": 221.619, "Actual Max Total Time": 221.619, "Inner Unique": true, "Plans": [{"Node Type": "Nested Loop", "Parent Relationship": "Outer", "Join Type": "Inner", "Startup Cost": 2.41, "Total Cost": 70509.63, "Plan Rows": 7042, "Plan Width": 42, "Actual Min Startup Time": 44.795, "Actual Max Startup Time": 44.795, "Actual Min Total Time": 203.032, "Actual Max Total Time": 203.032, "Inner Unique": false, "Join Filter": "(t.id = mk.movie_id)", "Rows Removed by Join Filter": 0, "Plans": [{"Node Type": "Nested Loop", "Parent Relationship": "Outer", "Join Type": "Inner", "Startup Cost": 2.41, "Total Cost": 70018.66, "Plan Rows": 873, "Plan Width": 54, "Actual Min Startup Time": 44.774, "Actual Max Startup Time": 44.774, "Actual Min Total Time": 197.096, "Actual Max Total Time": 197.096, "Inner Unique": true, "Join Filter": "(at.movie_id = t.id)", "Rows Removed by Join Filter": 0, "Plans": [{"Node Type": "Nested Loop", "Parent Relationship": "Outer", "Join Type": "Inner", "Startup Cost": 2.41, "Total Cost": 69796.57, "Plan Rows": 630, "Plan Width": 33, "Actual Min Startup Time": 44.748, "Actual Max Startup Time": 44.748, "Actual Min Total Time": 194.272, "Actual Max Total Time": 194.272, "Inner Unique": true, "Plans": [{"Node Type": "Nested Loop", "Parent Relationship": "Outer", "Join Type": "Inner", "Startup Cost": 2.41, "Total Cost": 69620.17, "Plan Rows": 630, "Plan Width": 37, "Actual Min Startup Time": 44.714, "Actual Max Startup Time": 44.714, "Actual Min Total Time": 192.505, "Actual Max Total Time": 192.505, "Inner Unique": true, "Plans": [{"Node Type": "Nested Loop", "Parent Relationship": "Outer", "Join Type": "Inner", "Startup Cost": 2.41, "Total Cost": 69317.55, "Plan Rows": 1052, "Plan Width": 41, "Actual Min Startup Time": 44.69, "Actual Max Startup Time": 44.69, "Actual Min Total Time": 181.213, "Actual Max Total Time": 181.213, "Inner Unique": false, "Plans": [{"Node Type": "Nested Loop", "Parent Relationship": "Outer", "Join Type": "Inner", "Startup Cost": 2.41, "Total Cost": 69028.47, "Plan Rows": 490, "Plan Width": 29, "Actual Min Startup Time": 44.672, "Actual Max Startup Time": 44.672, "Actual Min Total Time": 175.369, "Actual Max Total Time": 175.369, "Inner Unique": false, "Plans": [{"Node Type": "Hash Join", "Parent Relationship": "Outer", "Join Type": "Inner", "Startup Cost": 2.41, "Total Cost": 68552.78, "Plan Rows": 192, "Plan Width": 4, "Actual Min Startup Time": 44.628, "Actual Max Startup Time": 44.628, "Actual Min Total Time": 141.552, "Actual Max Total Time": 141.552, "Inner Unique": true, "Hash Cond": "(mi.info_type_id = it1.id)", "Plans": [{"Node Type": "Streaming(type: LOCAL GATHER dop: 1/64)", "Parent Relationship": "Outer", "Startup Cost": 0.0, "Total Cost": 68498.12, "Plan Rows": 13419, "Plan Width": 8, "Actual Min Startup Time": 44.471, "Actual Max Startup Time": 44.471, "Actual Min Total Time": 136.158, "Actual Max Total Time": 136.158, "Plans": [{"Node Type": "Seq Scan", "Parent Relationship": "Outer", "Relation Name": "movie_info", "Alias": "mi", "Startup Cost": 0.0, "Total Cost": 68221.29, "Plan Rows": 13419, "Plan Width": 8, "Actual Min Startup Time": 0.109, "Actual Max Startup Time": 21.536, "Actual Min Total Time": 60.128, "Actual Max Total Time": 70.724, "Filter": "((note)::text ~~ '%internet%'::text)", "Rows Removed by Filter": 14824909, "Actual Rows": 10810}], "Actual Rows": 10810}, {"Node Type": "Hash", "Parent Relationship": "Inner", "Startup Cost": 2.4, "Total Cost": 2.4, "Plan Rows": 1, "Plan Width": 4, "Actual Min Startup Time": 0.091, "Actual Max Startup Time": 0.091, "Actual Min Total Time": 0.091, "Actual Max Total Time": 0.091, "Max Hash Buckets": 32768, "Min Hash Buckets": 32768, "Max Hash Batches": 1, "Min Hash Batches": 1, "Max Original Hash Batches": 1, "Min Original Hash Batches": 1, "Max Peak Memory Usage": 1, "min Peak Memory Usage": 1, "Plans": [{"Node Type": "Seq Scan", "Parent Relationship": "Outer", "Relation Name": "info_type", "Alias": "it1", "Startup Cost": 0.0, "Total Cost": 2.4, "Plan Rows": 1, "Plan Width": 4, "Actual Min Startup Time": 0.057, "Actual Max Startup Time": 0.057, "Actual Min Total Time": 0.077, "Actual Max Total Time": 0.077, "Filter": "((info)::text = 'release dates'::text)", "Rows Removed by Filter": 111, "Actual Rows": 1}], "Actual Rows": 1}], "Actual Rows": 10679}, {"Node Type": "Index Scan", "Parent Relationship": "Inner", "Scan Direction": "Forward", "Index Name": "movie_id_aka_title", "Relation Name": "aka_title", "Alias": "at", "Startup Cost": 0.0, "Total Cost": 2.45, "Plan Rows": 3, "Plan Width": 25, "Actual Min Startup Time": 28.294, "Actual Max Startup Time": 28.294, "Actual Min Total Time": 28.833, "Actual Max Total Time": 28.833, "Index Cond": "(movie_id = mi.movie_id)", "Rows Removed by Index Recheck": 0, "Actual Rows": 591}], "Actual Rows": 591}, {"Node Type": "Index Scan", "Parent Relationship": "Inner", "Scan Direction": "Forward", "Index Name": "movie_id_movie_companies", "Relation Name": "movie_companies", "Alias": "mc", "Startup Cost": 0.0, "Total Cost": 0.57, "Plan Rows": 2, "Plan Width": 12, "Actual Min Startup Time": 3.524, "Actual Max Startup Time": 3.524, "Actual Min Total Time": 4.962, "Actual Max Total Time": 4.962, "Index Cond": "(movie_id = at.movie_id)", "Rows Removed by Index Recheck": 0, "Actual Rows": 2130}], "Actual Rows": 2130}, {"Node Type": "Index Scan", "Parent Relationship": "Inner", "Scan Direction": "Forward", "Index Name": "company_name_pkey", "Relation Name": "company_name", "Alias": "cn", "Startup Cost": 0.0, "Total Cost": 0.28, "Plan Rows": 1, "Plan Width": 4, "Actual Min Startup Time": 9.795, "Actual Max Startup Time": 9.795, "Actual Min Total Time": 9.795, "Actual Max Total Time": 9.795, "Index Cond": "(id = mc.company_id)", "Rows Removed by Index Recheck": 0, "Filter": "((country_code)::text = '[us]'::text)", "Rows Removed by Filter": 1234, "Actual Rows": 896}], "Actual Rows": 896}, {"Node Type": "Index Scan", "Parent Relationship": "Inner", "Scan Direction": "Forward", "Index Name": "company_type_pkey", "Relation Name": "company_type", "Alias": "ct", "Startup Cost": 0.0, "Total Cost": 0.27, "Plan Rows": 1, "Plan Width": 4, "Actual Min Startup Time": 1.065, "Actual Max Startup Time": 1.065, "Actual Min Total Time": 1.065, "Actual Max Total Time": 1.065, "Index Cond": "(id = mc.company_type_id)", "Rows Removed by Index Recheck": 0, "Actual Rows": 382}], "Actual Rows": 382}, {"Node Type": "Index Scan", "Parent Relationship": "Inner", "Scan Direction": "Forward", "Index Name": "title_pkey", "Relation Name": "title", "Alias": "t", "Startup Cost": 0.0, "Total Cost": 0.34, "Plan Rows": 1, "Plan Width": 21, "Actual Min Startup Time": 2.274, "Actual Max Startup Time": 2.274, "Actual Min Total Time": 2.274, "Actual Max Total Time": 2.274, "Index Cond": "(id = mc.movie_id)", "Rows Removed by Index Recheck": 0, "Filter": "(production_year > 1990)", "Rows Removed by Filter": 0, "Actual Rows": 382}], "Actual Rows": 382}, {"Node Type": "Index Scan", "Parent Relationship": "Inner", "Scan Direction": "Forward", "Index Name": "movie_id_movie_keyword", "Relation Name": "movie_keyword", "Alias": "mk", "Startup Cost": 0.0, "Total Cost": 0.46, "Plan Rows": 8, "Plan Width": 8, "Actual Min Startup Time": 2.169, "Actual Max Startup Time": 2.169, "Actual Min Total Time": 3.985, "Actual Max Total Time": 3.985, "Index Cond": "(movie_id = mc.movie_id)", "Rows Removed by Index Recheck": 0, "Actual Rows": 4371}], "Actual Rows": 4371}, {"Node Type": "Index Scan", "Parent Relationship": "Inner", "Scan Direction": "Forward", "Index Name": "keyword_pkey", "Relation Name": "keyword", "Alias": "k", "Startup Cost": 0.0, "Total Cost": 0.27, "Plan Rows": 1, "Plan Width": 4, "Actual Min Startup Time": 15.217, "Actual Max Startup Time": 15.217, "Actual Min Total Time": 15.217, "Actual Max Total Time": 15.217, "Index Cond": "(id = mk.keyword_id)", "Rows Removed by Index Recheck": 0, "Actual Rows": 4371}], "Actual Rows": 4371}], "Actual Rows": 1}, "Triggers": [], "Planner Runtime": 128, "Total Runtime": 238.223, "Unique SQL Id": 2302223328}}, "(64, 101)": {"explain_plan": {"Plan": {"Node Type": "Aggregate", "Strategy": "Plain", "Startup Cost": 167863.83, "Total Cost": 167863.84, "Plan Rows": 1, "Plan Width": 102, "Plans": [{"Node Type": "Nested Loop", "Parent Relationship": "Outer", "Join Type": "Inner", "Startup Cost": 4841.51, "Total Cost": 167829.31, "Plan Rows": 6905, "Plan Width": 38, "Inner Unique": true, "Plans": [{"Node Type": "Nested Loop", "Parent Relationship": "Outer", "Join Type": "Inner", "Startup Cost": 4841.51, "Total Cost": 165852.74, "Plan Rows": 7042, "Plan Width": 42, "Inner Unique": false, "Join Filter": "(t.id = mk.movie_id)", "Plans": [{"Node Type": "Nested Loop", "Parent Relationship": "Outer", "Join Type": "Inner", "Startup Cost": 4841.51, "Total Cost": 165361.77, "Plan Rows": 873, "Plan Width": 54, "Inner Unique": true, "Join Filter": "(at.movie_id = t.id)", "Plans": [{"Node Type": "Nested Loop", "Parent Relationship": "Outer", "Join Type": "Inner", "Startup Cost": 4841.51, "Total Cost": 165139.68, "Plan Rows": 630, "Plan Width": 33, "Inner Unique": true, "Plans": [{"Node Type": "Nested Loop", "Parent Relationship": "Outer", "Join Type": "Inner", "Startup Cost": 4841.51, "Total Cost": 164963.28, "Plan Rows": 630, "Plan Width": 37, "Inner Unique": true, "Plans": [{"Node Type": "Nested Loop", "Parent Relationship": "Outer", "Join Type": "Inner", "Startup Cost": 4841.51, "Total Cost": 164660.66, "Plan Rows": 1052, "Plan Width": 41, "Inner Unique": false, "Plans": [{"Node Type": "Nested Loop", "Parent Relationship": "Outer", "Join Type": "Inner", "Startup Cost": 4841.51, "Total Cost": 164371.58, "Plan Rows": 490, "Plan Width": 29, "Inner Unique": false, "Plans": [{"Node Type": "Nested Loop", "Parent Relationship": "Outer", "Join Type": "Inner", "Startup Cost": 4841.51, "Total Cost": 163895.89, "Plan Rows": 192, "Plan Width": 4, "Inner Unique": false, "Plans": [{"Node Type": "Index Scan", "Parent Relationship": "Outer", "Scan Direction": "Forward", "Index Name": "info_type_pkey", "Relation Name": "info_type", "Alias": "it1", "Startup Cost": 0.0, "Total Cost": 14.21, "Plan Rows": 1, "Plan Width": 4, "Filter": "((info)::text = 'release dates'::text)"}, {"Node Type": "Bitmap Heap Scan", "Parent Relationship": "Inner", "Relation Name": "movie_info", "Alias": "mi", "Startup Cost": 4841.51, "Total Cost": 163879.76, "Plan Rows": 192, "Plan Width": 8, "Recheck Cond": "(info_type_id = it1.id)", "Filter": "((note)::text ~~ '%internet%'::text)", "Plans": [{"Node Type": "Bitmap Index Scan", "Parent Relationship": "Outer", "Index Name": "info_type_id_movie_info", "Startup Cost": 0.0, "Total Cost": 4841.46, "Plan Rows": 212428, "Plan Width": 0, "Index Cond": "(info_type_id = it1.id)"}]}]}, {"Node Type": "Index Scan", "Parent Relationship": "Inner", "Scan Direction": "Forward", "Index Name": "movie_id_aka_title", "Relation Name": "aka_title", "Alias": "at", "Startup Cost": 0.0, "Total Cost": 2.45, "Plan Rows": 3, "Plan Width": 25, "Index Cond": "(movie_id = mi.movie_id)"}]}, {"Node Type": "Index Scan", "Parent Relationship": "Inner", "Scan Direction": "Forward", "Index Name": "movie_id_movie_companies", "Relation Name": "movie_companies", "Alias": "mc", "Startup Cost": 0.0, "Total Cost": 0.57, "Plan Rows": 2, "Plan Width": 12, "Index Cond": "(movie_id = at.movie_id)"}]}, {"Node Type": "Index Scan", "Parent Relationship": "Inner", "Scan Direction": "Forward", "Index Name": "company_name_pkey", "Relation Name": "company_name", "Alias": "cn", "Startup Cost": 0.0, "Total Cost": 0.28, "Plan Rows": 1, "Plan Width": 4, "Index Cond": "(id = mc.company_id)", "Filter": "((country_code)::text = '[us]'::text)"}]}, {"Node Type": "Index Scan", "Parent Relationship": "Inner", "Scan Direction": "Forward", "Index Name": "company_type_pkey", "Relation Name": "company_type", "Alias": "ct", "Startup Cost": 0.0, "Total Cost": 0.27, "Plan Rows": 1, "Plan Width": 4, "Index Cond": "(id = mc.company_type_id)"}]}, {"Node Type": "Index Scan", "Parent Relationship": "Inner", "Scan Direction": "Forward", "Index Name": "title_pkey", "Relation Name": "title", "Alias": "t", "Startup Cost": 0.0, "Total Cost": 0.34, "Plan Rows": 1, "Plan Width": 21, "Index Cond": "(id = mc.movie_id)", "Filter": "(production_year > 1990)"}]}, {"Node Type": "Index Scan", "Parent Relationship": "Inner", "Scan Direction": "Forward", "Index Name": "movie_id_movie_keyword", "Relation Name": "movie_keyword", "Alias": "mk", "Startup Cost": 0.0, "Total Cost": 0.46, "Plan Rows": 8, "Plan Width": 8, "Index Cond": "(movie_id = mc.movie_id)"}]}, {"Node Type": "Index Scan", "Parent Relationship": "Inner", "Scan Direction": "Forward", "Index Name": "keyword_pkey", "Relation Name": "keyword", "Alias": "k", "Startup Cost": 0.0, "Total Cost": 0.27, "Plan Rows": 1, "Plan Width": 4, "Index Cond": "(id = mk.keyword_id)"}]}]}, "Unique SQL Id": 2302223328, "Planner Runtime": 90}, "explain_analyze_plan": null}, "(64, 102)": {"explain_plan": {"Plan": {"Node Type": "Aggregate", "Strategy": "Plain", "Startup Cost": 83361.27, "Total Cost": 83361.28, "Plan Rows": 1, "Plan Width": 102, "Plans": [{"Node Type": "Hash Join", "Parent Relationship": "Outer", "Join Type": "Inner", "Startup Cost": 3785.02, "Total Cost": 83326.75, "Plan Rows": 6905, "Plan Width": 38, "Inner Unique": true, "Hash Cond": "(mk.keyword_id = k.id)", "Plans": [{"Node Type": "Nested Loop", "Parent Relationship": "Outer", "Join Type": "Inner", "Startup Cost": 7.21, "Total Cost": 79453.51, "Plan Rows": 7042, "Plan Width": 42, "Inner Unique": false, "Join Filter": "(t.id = mk.movie_id)", "Plans": [{"Node Type": "Nested Loop", "Parent Relationship": "Outer", "Join Type": "Inner", "Startup Cost": 6.88, "Total Cost": 75491.81, "Plan Rows": 873, "Plan Width": 54, "Inner Unique": false, "Join Filter": "(t.id = at.movie_id)", "Plans": [{"Node Type": "Hash Join", "Parent Relationship": "Outer", "Join Type": "Inner", "Startup Cost": 6.6, "Total Cost": 73412.69, "Plan Rows": 478, "Plan Width": 29, "Inner Unique": true, "Hash Cond": "(mc.company_type_id = ct.id)", "Plans": [{"Node Type": "Nested Loop", "Parent Relationship": "Outer", "Join Type": "Inner", "Startup Cost": 5.53, "Total Cost": 73405.64, "Plan Rows": 478, "Plan Width": 33, "Inner Unique": true, "Plans": [{"Node Type": "Nested Loop", "Parent Relationship": "Outer", "Join Type": "Inner", "Startup Cost": 5.28, "Total Cost": 70972.69, "Plan Rows": 568, "Plan Width": 37, "Inner Unique": false, "Plans": [{"Node Type": "Nested Loop", "Parent Relationship": "Outer", "Join Type": "Inner", "Startup Cost": 4.99, "Total Cost": 69820.27, "Plan Rows": 266, "Plan Width": 25, "Inner Unique": true, "Plans": [{"Node Type": "Hash Join", "Parent Relationship": "Outer", "Join Type": "Inner", "Startup Cost": 2.41, "Total Cost": 68552.78, "Plan Rows": 192, "Plan Width": 4, "Inner Unique": true, "Hash Cond": "(mi.info_type_id = it1.id)", "Plans": [{"Node Type": "Streaming(type: LOCAL GATHER dop: 1/64)", "Parent Relationship": "Outer", "Startup Cost": 0.0, "Total Cost": 68498.12, "Plan Rows": 13419, "Plan Width": 8, "Plans": [{"Node Type": "Seq Scan", "Parent Relationship": "Outer", "Relation Name": "movie_info", "Alias": "mi", "Startup Cost": 0.0, "Total Cost": 68221.29, "Plan Rows": 13419, "Plan Width": 8, "Filter": "((note)::text ~~ '%internet%'::text)"}]}, {"Node Type": "Hash", "Parent Relationship": "Inner", "Startup Cost": 2.4, "Total Cost": 2.4, "Plan Rows": 1, "Plan Width": 4, "Plans": [{"Node Type": "Seq Scan", "Parent Relationship": "Outer", "Relation Name": "info_type", "Alias": "it1", "Startup Cost": 0.0, "Total Cost": 2.4, "Plan Rows": 1, "Plan Width": 4, "Filter": "((info)::text = 'release dates'::text)"}]}]}, {"Node Type": "Bitmap Heap Scan", "Parent Relationship": "Inner", "Relation Name": "title", "Alias": "t", "Startup Cost": 2.58, "Total Cost": 6.59, "Plan Rows": 1, "Plan Width": 21, "Recheck Cond": "(id = mi.movie_id)", "Filter": "(production_year > 1990)", "Plans": [{"Node Type": "Bitmap Index Scan", "Parent Relationship": "Outer", "Index Name": "title_pkey", "Startup Cost": 0.0, "Total Cost": 2.58, "Plan Rows": 1, "Plan Width": 0, "Index Cond": "(id = mi.movie_id)"}]}]}, {"Node Type": "Bitmap Heap Scan", "Parent Relationship": "Inner", "Relation Name": "movie_companies", "Alias": "mc", "Startup Cost": 0.29, "Total Cost": 4.31, "Plan Rows": 2, "Plan Width": 12, "Recheck Cond": "(movie_id = t.id)", "Plans": [{"Node Type": "Bitmap Index Scan", "Parent Relationship": "Outer", "Index Name": "movie_id_movie_companies", "Startup Cost": 0.0, "Total Cost": 0.29, "Plan Rows": 2, "Plan Width": 0, "Index Cond": "(movie_id = t.id)"}]}]}, {"Node Type": "Bitmap Heap Scan", "Parent Relationship": "Inner", "Relation Name": "company_name", "Alias": "cn", "Startup Cost": 0.26, "Total Cost": 4.27, "Plan Rows": 1, "Plan Width": 4, "Recheck Cond": "(id = mc.company_id)", "Filter": "((country_code)::text = '[us]'::text)", "Plans": [{"Node Type": "Bitmap Index Scan", "Parent Relationship": "Outer", "Index Name": "company_name_pkey", "Startup Cost": 0.0, "Total Cost": 0.26, "Plan Rows": 1, "Plan Width": 0, "Index Cond": "(id = mc.company_id)"}]}]}, {"Node Type": "Hash", "Parent Relationship": "Inner", "Startup Cost": 1.03, "Total Cost": 1.03, "Plan Rows": 3, "Plan Width": 4, "Plans": [{"Node Type": "Seq Scan", "Parent Relationship": "Outer", "Relation Name": "company_type", "Alias": "ct", "Startup Cost": 0.0, "Total Cost": 1.03, "Plan Rows": 3, "Plan Width": 4}]}]}, {"Node Type": "Bitmap Heap Scan", "Parent Relationship": "Inner", "Relation Name": "aka_title", "Alias": "at", "Startup Cost": 0.27, "Total Cost": 4.31, "Plan Rows": 3, "Plan Width": 25, "Recheck Cond": "(movie_id = mc.movie_id)", "Plans": [{"Node Type": "Bitmap Index Scan", "Parent Relationship": "Outer", "Index Name": "movie_id_aka_title", "Startup Cost": 0.0, "Total Cost": 0.27, "Plan Rows": 3, "Plan Width": 0, "Index Cond": "(movie_id = mc.movie_id)"}]}]}, {"Node Type": "Bitmap Heap Scan", "Parent Relationship": "Inner", "Relation Name": "movie_keyword", "Alias": "mk", "Startup Cost": 0.34, "Total Cost": 4.44, "Plan Rows": 8, "Plan Width": 8, "Recheck Cond": "(movie_id = mc.movie_id)", "Plans": [{"Node Type": "Bitmap Index Scan", "Parent Relationship": "Outer", "Index Name": "movie_id_movie_keyword", "Startup Cost": 0.0, "Total Cost": 0.34, "Plan Rows": 8, "Plan Width": 0, "Index Cond": "(movie_id = mc.movie_id)"}]}]}, {"Node Type": "Hash", "Parent Relationship": "Inner", "Startup Cost": 2100.69, "Total Cost": 2100.69, "Plan Rows": 134169, "Plan Width": 4, "Plans": [{"Node Type": "Seq Scan", "Parent Relationship": "Outer", "Relation Name": "keyword", "Alias": "k", "Startup Cost": 0.0, "Total Cost": 2100.69, "Plan Rows": 134169, "Plan Width": 4}]}]}]}, "Unique SQL Id": 2302223328, "Planner Runtime": 193}, "explain_analyze_plan": {"Plan": {"Node Type": "Aggregate", "Strategy": "Plain", "Startup Cost": 83361.27, "Total Cost": 83361.28, "Plan Rows": 1, "Plan Width": 102, "Actual Min Startup Time": 533.061, "Actual Max Startup Time": 533.061, "Actual Min Total Time": 533.061, "Actual Max Total Time": 533.061, "Plans": [{"Node Type": "Hash Join", "Parent Relationship": "Outer", "Join Type": "Inner", "Startup Cost": 3785.02, "Total Cost": 83326.75, "Plan Rows": 6905, "Plan Width": 38, "Actual Min Startup Time": 75.426, "Actual Max Startup Time": 75.426, "Actual Min Total Time": 530.442, "Actual Max Total Time": 530.442, "Inner Unique": true, "Hash Cond": "(mk.keyword_id = k.id)", "Plans": [{"Node Type": "Nested Loop", "Parent Relationship": "Outer", "Join Type": "Inner", "Startup Cost": 7.21, "Total Cost": 79453.51, "Plan Rows": 7042, "Plan Width": 42, "Actual Min Startup Time": 0.692, "Actual Max Startup Time": 0.692, "Actual Min Total Time": 453.389, "Actual Max Total Time": 453.389, "Inner Unique": false, "Join Filter": "(t.id = mk.movie_id)", "Rows Removed by Join Filter": 0, "Plans": [{"Node Type": "Nested Loop", "Parent Relationship": "Outer", "Join Type": "Inner", "Startup Cost": 6.88, "Total Cost": 75491.81, "Plan Rows": 873, "Plan Width": 54, "Actual Min Startup Time": 0.655, "Actual Max Startup Time": 0.655, "Actual Min Total Time": 446.852, "Actual Max Total Time": 446.852, "Inner Unique": false, "Join Filter": "(t.id = at.movie_id)", "Rows Removed by Join Filter": 0, "Plans": [{"Node Type": "Hash Join", "Parent Relationship": "Outer", "Join Type": "Inner", "Startup Cost": 6.6, "Total Cost": 73412.69, "Plan Rows": 478, "Plan Width": 29, "Actual Min Startup Time": 0.548, "Actual Max Startup Time": 0.548, "Actual Min Total Time": 416.234, "Actual Max Total Time": 416.234, "Inner Unique": true, "Hash Cond": "(mc.company_type_id = ct.id)", "Plans": [{"Node Type": "Nested Loop", "Parent Relationship": "Outer", "Join Type": "Inner", "Startup Cost": 5.53, "Total Cost": 73405.64, "Plan Rows": 478, "Plan Width": 33, "Actual Min Startup Time": 0.436, "Actual Max Startup Time": 0.436, "Actual Min Total Time": 411.662, "Actual Max Total Time": 411.662, "Inner Unique": true, "Plans": [{"Node Type": "Nested Loop", "Parent Relationship": "Outer", "Join Type": "Inner", "Startup Cost": 5.28, "Total Cost": 70972.69, "Plan Rows": 568, "Plan Width": 37, "Actual Min Startup Time": 0.406, "Actual Max Startup Time": 0.406, "Actual Min Total Time": 298.752, "Actual Max Total Time": 298.752, "Inner Unique": false, "Plans": [{"Node Type": "Nested Loop", "Parent Relationship": "Outer", "Join Type": "Inner", "Startup Cost": 4.99, "Total Cost": 69820.27, "Plan Rows": 266, "Plan Width": 25, "Actual Min Startup Time": 0.371, "Actual Max Startup Time": 0.371, "Actual Min Total Time": 197.226, "Actual Max Total Time": 197.226, "Inner Unique": true, "Plans": [{"Node Type": "Hash Join", "Parent Relationship": "Outer", "Join Type": "Inner", "Startup Cost": 2.41, "Total Cost": 68552.78, "Plan Rows": 192, "Plan Width": 4, "Actual Min Startup Time": 0.295, "Actual Max Startup Time": 0.295, "Actual Min Total Time": 99.941, "Actual Max Total Time": 99.941, "Inner Unique": true, "Hash Cond": "(mi.info_type_id = it1.id)", "Plans": [{"Node Type": "Streaming(type: LOCAL GATHER dop: 1/64)", "Parent Relationship": "Outer", "Startup Cost": 0.0, "Total Cost": 68498.12, "Plan Rows": 13419, "Plan Width": 8, "Actual Min Startup Time": 0.161, "Actual Max Startup Time": 0.161, "Actual Min Total Time": 92.81, "Actual Max Total Time": 92.81, "Plans": [{"Node Type": "Seq Scan", "Parent Relationship": "Outer", "Relation Name": "movie_info", "Alias": "mi", "Startup Cost": 0.0, "Total Cost": 68221.29, "Plan Rows": 13419, "Plan Width": 8, "Actual Min Startup Time": 0.104, "Actual Max Startup Time": 22.386, "Actual Min Total Time": 61.105, "Actual Max Total Time": 71.815, "Filter": "((note)::text ~~ '%internet%'::text)", "Rows Removed by Filter": 14824909, "Actual Rows": 10810}], "Actual Rows": 10810}, {"Node Type": "Hash", "Parent Relationship": "Inner", "Startup Cost": 2.4, "Total Cost": 2.4, "Plan Rows": 1, "Plan Width": 4, "Actual Min Startup Time": 0.09, "Actual Max Startup Time": 0.09, "Actual Min Total Time": 0.09, "Actual Max Total Time": 0.09, "Max Hash Buckets": 32768, "Min Hash Buckets": 32768, "Max Hash Batches": 1, "Min Hash Batches": 1, "Max Original Hash Batches": 1, "Min Original Hash Batches": 1, "Max Peak Memory Usage": 1, "min Peak Memory Usage": 1, "Plans": [{"Node Type": "Seq Scan", "Parent Relationship": "Outer", "Relation Name": "info_type", "Alias": "it1", "Startup Cost": 0.0, "Total Cost": 2.4, "Plan Rows": 1, "Plan Width": 4, "Actual Min Startup Time": 0.064, "Actual Max Startup Time": 0.064, "Actual Min Total Time": 0.085, "Actual Max Total Time": 0.085, "Filter": "((info)::text = 'release dates'::text)", "Rows Removed by Filter": 111, "Actual Rows": 1}], "Actual Rows": 1}], "Actual Rows": 10679}, {"Node Type": "Bitmap Heap Scan", "Parent Relationship": "Inner", "Relation Name": "title", "Alias": "t", "Startup Cost": 2.58, "Total Cost": 6.59, "Plan Rows": 1, "Plan Width": 21, "Actual Min Startup Time": 82.36, "Actual Max Startup Time": 82.36, "Actual Min Total Time": 82.36, "Actual Max Total Time": 82.36, "Recheck Cond": "(id = mi.movie_id)", "Rows Removed by Index Recheck": 0, "Filter": "(production_year > 1990)", "Rows Removed by Filter": 17, "Exact Heap Blocks": 10679, "Lossy Heap Blocks": 10679, "Plans": [{"Node Type": "Bitmap Index Scan", "Parent Relationship": "Outer", "Index Name": "title_pkey", "Startup Cost": 0.0, "Total Cost": 2.58, "Plan Rows": 1, "Plan Width": 0, "Actual Min Startup Time": 41.859, "Actual Max Startup Time": 41.859, "Actual Min Total Time": 41.859, "Actual Max Total Time": 41.859, "Index Cond": "(id = mi.movie_id)", "Actual Rows": 10679}], "Actual Rows": 10662}], "Actual Rows": 10662}, {"Node Type": "Bitmap Heap Scan", "Parent Relationship": "Inner", "Relation Name": "movie_companies", "Alias": "mc", "Startup Cost": 0.29, "Total Cost": 4.31, "Plan Rows": 2, "Plan Width": 12, "Actual Min Startup Time": 74.433, "Actual Max Startup Time": 74.433, "Actual Min Total Time": 84.558, "Actual Max Total Time": 84.558, "Recheck Cond": "(movie_id = t.id)", "Rows Removed by Index Recheck": 0, "Exact Heap Blocks": 11694, "Lossy Heap Blocks": 11694, "Plans": [{"Node Type": "Bitmap Index Scan", "Parent Relationship": "Outer", "Index Name": "movie_id_movie_companies", "Startup Cost": 0.0, "Total Cost": 0.29, "Plan Rows": 2, "Plan Width": 0, "Actual Min Startup Time": 47.371, "Actual Max Startup Time": 47.371, "Actual Min Total Time": 47.371, "Actual Max Total Time": 47.371, "Index Cond": "(movie_id = t.id)", "Actual Rows": 14377}], "Actual Rows": 14377}], "Actual Rows": 14377}, {"Node Type": "Bitmap Heap Scan", "Parent Relationship": "Inner", "Relation Name": "company_name", "Alias": "cn", "Startup Cost": 0.26, "Total Cost": 4.27, "Plan Rows": 1, "Plan Width": 4, "Actual Min Startup Time": 94.616, "Actual Max Startup Time": 94.616, "Actual Min Total Time": 94.616, "Actual Max Total Time": 94.616, "Recheck Cond": "(id = mc.company_id)", "Rows Removed by Index Recheck": 0, "Filter": "((country_code)::text = '[us]'::text)", "Rows Removed by Filter": 4520, "Exact Heap Blocks": 14377, "Lossy Heap Blocks": 14377, "Plans": [{"Node Type": "Bitmap Index Scan", "Parent Relationship": "Outer", "Index Name": "company_name_pkey", "Startup Cost": 0.0, "Total Cost": 0.26, "Plan Rows": 1, "Plan Width": 0, "Actual Min Startup Time": 50.883, "Actual Max Startup Time": 50.883, "Actual Min Total Time": 50.883, "Actual Max Total Time": 50.883, "Index Cond": "(id = mc.company_id)", "Actual Rows": 14377}], "Actual Rows": 9857}], "Actual Rows": 9857}, {"Node Type": "Hash", "Parent Relationship": "Inner", "Startup Cost": 1.03, "Total Cost": 1.03, "Plan Rows": 3, "Plan Width": 4, "Actual Min Startup Time": 0.024, "Actual Max Startup Time": 0.024, "Actual Min Total Time": 0.024, "Actual Max Total Time": 0.024, "Max Hash Buckets": 32768, "Min Hash Buckets": 32768, "Max Hash Batches": 1, "Min Hash Batches": 1, "Max Original Hash Batches": 1, "Min Original Hash Batches": 1, "Max Peak Memory Usage": 1, "min Peak Memory Usage": 1, "Plans": [{"Node Type": "Seq Scan", "Parent Relationship": "Outer", "Relation Name": "company_type", "Alias": "ct", "Startup Cost": 0.0, "Total Cost": 1.03, "Plan Rows": 3, "Plan Width": 4, "Actual Min Startup Time": 0.011, "Actual Max Startup Time": 0.011, "Actual Min Total Time": 0.012, "Actual Max Total Time": 0.012, "Actual Rows": 3}], "Actual Rows": 3}], "Actual Rows": 5914}, {"Node Type": "Bitmap Heap Scan", "Parent Relationship": "Inner", "Relation Name": "aka_title", "Alias": "at", "Startup Cost": 0.27, "Total Cost": 4.31, "Plan Rows": 3, "Plan Width": 25, "Actual Min Startup Time": 22.363, "Actual Max Startup Time": 22.363, "Actual Min Total Time": 22.627, "Actual Max Total Time": 22.627, "Recheck Cond": "(movie_id = mc.movie_id)", "Rows Removed by Index Recheck": 0, "Exact Heap Blocks": 382, "Lossy Heap Blocks": 382, "Plans": [{"Node Type": "Bitmap Index Scan", "Parent Relationship": "Outer", "Index Name": "movie_id_aka_title", "Startup Cost": 0.0, "Total Cost": 0.27, "Plan Rows": 3, "Plan Width": 0, "Actual Min Startup Time": 18.453, "Actual Max Startup Time": 18.453, "Actual Min Total Time": 18.453, "Actual Max Total Time": 18.453, "Index Cond": "(movie_id = mc.movie_id)", "Actual Rows": 382}], "Actual Rows": 382}], "Actual Rows": 382}, {"Node Type": "Bitmap Heap Scan", "Parent Relationship": "Inner", "Relation Name": "movie_keyword", "Alias": "mk", "Startup Cost": 0.34, "Total Cost": 4.44, "Plan Rows": 8, "Plan Width": 8, "Actual Min Startup Time": 3.848, "Actual Max Startup Time": 3.848, "Actual Min Total Time": 4.417, "Actual Max Total Time": 4.417, "Recheck Cond": "(movie_id = mc.movie_id)", "Rows Removed by Index Recheck": 0, "Exact Heap Blocks": 276, "Lossy Heap Blocks": 276, "Plans": [{"Node Type": "Bitmap Index Scan", "Parent Relationship": "Outer", "Index Name": "movie_id_movie_keyword", "Startup Cost": 0.0, "Total Cost": 0.34, "Plan Rows": 8, "Plan Width": 0, "Actual Min Startup Time": 2.449, "Actual Max Startup Time": 2.449, "Actual Min Total Time": 2.449, "Actual Max Total Time": 2.449, "Index Cond": "(movie_id = mc.movie_id)", "Actual Rows": 4371}], "Actual Rows": 4371}], "Actual Rows": 4371}, {"Node Type": "Hash", "Parent Relationship": "Inner", "Startup Cost": 2100.69, "Total Cost": 2100.69, "Plan Rows": 134169, "Plan Width": 4, "Actual Min Startup Time": 74.482, "Actual Max Startup Time": 74.482, "Actual Min Total Time": 74.482, "Actual Max Total Time": 74.482, "Max Hash Buckets": 262144, "Min Hash Buckets": 262144, "Max Hash Batches": 1, "Min Hash Batches": 1, "Max Original Hash Batches": 1, "Min Original Hash Batches": 1, "Max Peak Memory Usage": 4717, "min Peak Memory Usage": 4717, "Plans": [{"Node Type": "Seq Scan", "Parent Relationship": "Outer", "Relation Name": "keyword", "Alias": "k", "Startup Cost": 0.0, "Total Cost": 2100.69, "Plan Rows": 134169, "Plan Width": 4, "Actual Min Startup Time": 0.078, "Actual Max Startup Time": 0.078, "Actual Min Total Time": 38.847, "Actual Max Total Time": 38.847, "Actual Rows": 134169}], "Actual Rows": 134169}], "Actual Rows": 4371}], "Actual Rows": 1}, "Triggers": [], "Planner Runtime": 193, "Total Runtime": 547.029, "Unique SQL Id": 2302223328}}, "(64, 103)": {"explain_plan": {"Plan": {"Node Type": "Aggregate", "Strategy": "Plain", "Startup Cost": 179468.29, "Total Cost": 179468.3, "Plan Rows": 1, "Plan Width": 102, "Plans": [{"Node Type": "Hash Join", "Parent Relationship": "Outer", "Join Type": "Inner", "Startup Cost": 9396.83, "Total Cost": 179433.77, "Plan Rows": 6905, "Plan Width": 38, "Inner Unique": true, "Hash Cond": "(mk.keyword_id = k.id)", "Plans": [{"Node Type": "Nested Loop", "Parent Relationship": "Outer", "Join Type": "Inner", "Startup Cost": 4866.39, "Total Cost": 174807.89, "Plan Rows": 7042, "Plan Width": 42, "Inner Unique": false, "Join Filter": "(t.id = mk.movie_id)", "Plans": [{"Node Type": "Nested Loop", "Parent Relationship": "Outer", "Join Type": "Inner", "Startup Cost": 4866.05, "Total Cost": 170846.19, "Plan Rows": 873, "Plan Width": 54, "Inner Unique": false, "Join Filter": "(t.id = at.movie_id)", "Plans": [{"Node Type": "Hash Join", "Parent Relationship": "Outer", "Join Type": "Inner", "Startup Cost": 4865.77, "Total Cost": 168767.07, "Plan Rows": 478, "Plan Width": 29, "Inner Unique": true, "Hash Cond": "(mc.company_type_id = ct.id)", "Plans": [{"Node Type": "Nested Loop", "Parent Relationship": "Outer", "Join Type": "Inner", "Startup Cost": 4853.44, "Total Cost": 168748.76, "Plan Rows": 478, "Plan Width": 33, "Inner Unique": true, "Plans": [{"Node Type": "Nested Loop", "Parent Relationship": "Outer", "Join Type": "Inner", "Startup Cost": 4853.18, "Total Cost": 166315.81, "Plan Rows": 568, "Plan Width": 37, "Inner Unique": false, "Plans": [{"Node Type": "Nested Loop", "Parent Relationship": "Outer", "Join Type": "Inner", "Startup Cost": 4852.89, "Total Cost": 165163.39, "Plan Rows": 266, "Plan Width": 25, "Inner Unique": true, "Plans": [{"Node Type": "Nested Loop", "Parent Relationship": "Outer", "Join Type": "Inner", "Startup Cost": 4850.32, "Total Cost": 163895.89, "Plan Rows": 192, "Plan Width": 4, "Inner Unique": false, "Plans": [{"Node Type": "Bitmap Heap Scan", "Parent Relationship": "Outer", "Relation Name": "info_type", "Alias": "it1", "Startup Cost": 8.81, "Total Cost": 14.21, "Plan Rows": 1, "Plan Width": 4, "Filter": "((info)::text = 'release dates'::text)", "Plans": [{"Node Type": "Bitmap Index Scan", "Parent Relationship": "Outer", "Index Name": "info_type_pkey", "Startup Cost": 0.0, "Total Cost": 8.81, "Plan Rows": 112, "Plan Width": 0}]}, {"Node Type": "Bitmap Heap Scan", "Parent Relationship": "Inner", "Relation Name": "movie_info", "Alias": "mi", "Startup Cost": 4841.51, "Total Cost": 163879.76, "Plan Rows": 192, "Plan Width": 8, "Recheck Cond": "(info_type_id = it1.id)", "Filter": "((note)::text ~~ '%internet%'::text)", "Plans": [{"Node Type": "Bitmap Index Scan", "Parent Relationship": "Outer", "Index Name": "info_type_id_movie_info", "Startup Cost": 0.0, "Total Cost": 4841.46, "Plan Rows": 212428, "Plan Width": 0, "Index Cond": "(info_type_id = it1.id)"}]}]}, {"Node Type": "Bitmap Heap Scan", "Parent Relationship": "Inner", "Relation Name": "title", "Alias": "t", "Startup Cost": 2.58, "Total Cost": 6.59, "Plan Rows": 1, "Plan Width": 21, "Recheck Cond": "(id = mi.movie_id)", "Filter": "(production_year > 1990)", "Plans": [{"Node Type": "Bitmap Index Scan", "Parent Relationship": "Outer", "Index Name": "title_pkey", "Startup Cost": 0.0, "Total Cost": 2.58, "Plan Rows": 1, "Plan Width": 0, "Index Cond": "(id = mi.movie_id)"}]}]}, {"Node Type": "Bitmap Heap Scan", "Parent Relationship": "Inner", "Relation Name": "movie_companies", "Alias": "mc", "Startup Cost": 0.29, "Total Cost": 4.31, "Plan Rows": 2, "Plan Width": 12, "Recheck Cond": "(movie_id = t.id)", "Plans": [{"Node Type": "Bitmap Index Scan", "Parent Relationship": "Outer", "Index Name": "movie_id_movie_companies", "Startup Cost": 0.0, "Total Cost": 0.29, "Plan Rows": 2, "Plan Width": 0, "Index Cond": "(movie_id = t.id)"}]}]}, {"Node Type": "Bitmap Heap Scan", "Parent Relationship": "Inner", "Relation Name": "company_name", "Alias": "cn", "Startup Cost": 0.26, "Total Cost": 4.27, "Plan Rows": 1, "Plan Width": 4, "Recheck Cond": "(id = mc.company_id)", "Filter": "((country_code)::text = '[us]'::text)", "Plans": [{"Node Type": "Bitmap Index Scan", "Parent Relationship": "Outer", "Index Name": "company_name_pkey", "Startup Cost": 0.0, "Total Cost": 0.26, "Plan Rows": 1, "Plan Width": 0, "Index Cond": "(id = mc.company_id)"}]}]}, {"Node Type": "Hash", "Parent Relationship": "Inner", "Startup Cost": 12.3, "Total Cost": 12.3, "Plan Rows": 3, "Plan Width": 4, "Plans": [{"Node Type": "Bitmap Heap Scan", "Parent Relationship": "Outer", "Relation Name": "company_type", "Alias": "ct", "Startup Cost": 8.27, "Total Cost": 12.3, "Plan Rows": 3, "Plan Width": 4, "Plans": [{"Node Type": "Bitmap Index Scan", "Parent Relationship": "Outer", "Index Name": "company_type_pkey", "Startup Cost": 0.0, "Total Cost": 8.27, "Plan Rows": 3, "Plan Width": 0}]}]}]}, {"Node Type": "Bitmap Heap Scan", "Parent Relationship": "Inner", "Relation Name": "aka_title", "Alias": "at", "Startup Cost": 0.27, "Total Cost": 4.31, "Plan Rows": 3, "Plan Width": 25, "Recheck Cond": "(movie_id = mc.movie_id)", "Plans": [{"Node Type": "Bitmap Index Scan", "Parent Relationship": "Outer", "Index Name": "movie_id_aka_title", "Startup Cost": 0.0, "Total Cost": 0.27, "Plan Rows": 3, "Plan Width": 0, "Index Cond": "(movie_id = mc.movie_id)"}]}]}, {"Node Type": "Bitmap Heap Scan", "Parent Relationship": "Inner", "Relation Name": "movie_keyword", "Alias": "mk", "Startup Cost": 0.34, "Total Cost": 4.44, "Plan Rows": 8, "Plan Width": 8, "Recheck Cond": "(movie_id = mc.movie_id)", "Plans": [{"Node Type": "Bitmap Index Scan", "Parent Relationship": "Outer", "Index Name": "movie_id_movie_keyword", "Startup Cost": 0.0, "Total Cost": 0.34, "Plan Rows": 8, "Plan Width": 0, "Index Cond": "(movie_id = mc.movie_id)"}]}]}, {"Node Type": "Hash", "Parent Relationship": "Inner", "Startup Cost": 2853.33, "Total Cost": 2853.33, "Plan Rows": 134169, "Plan Width": 4, "Plans": [{"Node Type": "Bitmap Heap Scan", "Parent Relationship": "Outer", "Relation Name": "keyword", "Alias": "k", "Startup Cost": 752.64, "Total Cost": 2853.33, "Plan Rows": 134169, "Plan Width": 4, "Plans": [{"Node Type": "Bitmap Index Scan", "Parent Relationship": "Outer", "Index Name": "keyword_pkey", "Startup Cost": 0.0, "Total Cost": 719.1, "Plan Rows": 134169, "Plan Width": 0}]}]}]}]}, "Unique SQL Id": 2302223328, "Planner Runtime": 132}, "explain_analyze_plan": null}, "(64, 104)": {"explain_plan": {"Plan": {"Node Type": "Aggregate", "Strategy": "Plain", "Startup Cost": 72515.99, "Total Cost": 72516.0, "Plan Rows": 1, "Plan Width": 102, "Plans": [{"Node Type": "Nested Loop", "Parent Relationship": "Outer", "Join Type": "Inner", "Startup Cost": 2.41, "Total Cost": 72481.46, "Plan Rows": 6905, "Plan Width": 38, "Inner Unique": true, "Plans": [{"Node Type": "Nested Loop", "Parent Relationship": "Outer", "Join Type": "Inner", "Startup Cost": 2.41, "Total Cost": 70509.63, "Plan Rows": 7042, "Plan Width": 42, "Inner Unique": false, "Join Filter": "(t.id = mk.movie_id)", "Plans": [{"Node Type": "Nested Loop", "Parent Relationship": "Outer", "Join Type": "Inner", "Startup Cost": 2.41, "Total Cost": 70018.65, "Plan Rows": 873, "Plan Width": 54, "Inner Unique": true, "Join Filter": "(at.movie_id = t.id)", "Plans": [{"Node Type": "Nested Loop", "Parent Relationship": "Outer", "Join Type": "Inner", "Startup Cost": 2.41, "Total Cost": 69796.57, "Plan Rows": 630, "Plan Width": 33, "Inner Unique": true, "Plans": [{"Node Type": "Nested Loop", "Parent Relationship": "Outer", "Join Type": "Inner", "Startup Cost": 2.41, "Total Cost": 69620.17, "Plan Rows": 630, "Plan Width": 37, "Inner Unique": true, "Plans": [{"Node Type": "Nested Loop", "Parent Relationship": "Outer", "Join Type": "Inner", "Startup Cost": 2.41, "Total Cost": 69317.55, "Plan Rows": 1052, "Plan Width": 41, "Inner Unique": false, "Plans": [{"Node Type": "Nested Loop", "Parent Relationship": "Outer", "Join Type": "Inner", "Startup Cost": 2.41, "Total Cost": 69028.47, "Plan Rows": 490, "Plan Width": 29, "Inner Unique": false, "Plans": [{"Node Type": "Hash Join", "Parent Relationship": "Outer", "Join Type": "Inner", "Startup Cost": 2.41, "Total Cost": 68552.78, "Plan Rows": 192, "Plan Width": 4, "Inner Unique": true, "Hash Cond": "(mi.info_type_id = it1.id)", "Plans": [{"Node Type": "Streaming(type: LOCAL GATHER dop: 1/64)", "Parent Relationship": "Outer", "Startup Cost": 0.0, "Total Cost": 68498.12, "Plan Rows": 13419, "Plan Width": 8, "Plans": [{"Node Type": "Seq Scan", "Parent Relationship": "Outer", "Relation Name": "movie_info", "Alias": "mi", "Startup Cost": 0.0, "Total Cost": 68221.29, "Plan Rows": 13419, "Plan Width": 8, "Filter": "((note)::text ~~ '%internet%'::text)"}]}, {"Node Type": "Hash", "Parent Relationship": "Inner", "Startup Cost": 2.4, "Total Cost": 2.4, "Plan Rows": 1, "Plan Width": 4, "Plans": [{"Node Type": "Seq Scan", "Parent Relationship": "Outer", "Relation Name": "info_type", "Alias": "it1", "Startup Cost": 0.0, "Total Cost": 2.4, "Plan Rows": 1, "Plan Width": 4, "Filter": "((info)::text = 'release dates'::text)"}]}]}, {"Node Type": "Index Scan", "Parent Relationship": "Inner", "Scan Direction": "Forward", "Index Name": "movie_id_aka_title", "Relation Name": "aka_title", "Alias": "at", "Startup Cost": 0.0, "Total Cost": 2.45, "Plan Rows": 3, "Plan Width": 25, "Index Cond": "(movie_id = mi.movie_id)"}]}, {"Node Type": "Index Scan", "Parent Relationship": "Inner", "Scan Direction": "Forward", "Index Name": "movie_id_movie_companies", "Relation Name": "movie_companies", "Alias": "mc", "Startup Cost": 0.0, "Total Cost": 0.57, "Plan Rows": 2, "Plan Width": 12, "Index Cond": "(movie_id = at.movie_id)"}]}, {"Node Type": "Index Scan", "Parent Relationship": "Inner", "Scan Direction": "Forward", "Index Name": "company_name_pkey", "Relation Name": "company_name", "Alias": "cn", "Startup Cost": 0.0, "Total Cost": 0.28, "Plan Rows": 1, "Plan Width": 4, "Index Cond": "(id = mc.company_id)", "Filter": "((country_code)::text = '[us]'::text)"}]}, {"Node Type": "Index Only Scan", "Parent Relationship": "Inner", "Scan Direction": "Forward", "Index Name": "company_type_pkey", "Relation Name": "company_type", "Alias": "ct", "Startup Cost": 0.0, "Total Cost": 0.27, "Plan Rows": 1, "Plan Width": 4, "Index Cond": "(id = mc.company_type_id)"}]}, {"Node Type": "Index Scan", "Parent Relationship": "Inner", "Scan Direction": "Forward", "Index Name": "title_pkey", "Relation Name": "title", "Alias": "t", "Startup Cost": 0.0, "Total Cost": 0.34, "Plan Rows": 1, "Plan Width": 21, "Index Cond": "(id = mc.movie_id)", "Filter": "(production_year > 1990)"}]}, {"Node Type": "Index Scan", "Parent Relationship": "Inner", "Scan Direction": "Forward", "Index Name": "movie_id_movie_keyword", "Relation Name": "movie_keyword", "Alias": "mk", "Startup Cost": 0.0, "Total Cost": 0.46, "Plan Rows": 8, "Plan Width": 8, "Index Cond": "(movie_id = mc.movie_id)"}]}, {"Node Type": "Index Only Scan", "Parent Relationship": "Inner", "Scan Direction": "Forward", "Index Name": "keyword_pkey", "Relation Name": "keyword", "Alias": "k", "Startup Cost": 0.0, "Total Cost": 0.27, "Plan Rows": 1, "Plan Width": 4, "Index Cond": "(id = mk.keyword_id)"}]}]}, "Unique SQL Id": 2302223328, "Planner Runtime": 127}, "explain_analyze_plan": {"Plan": {"Node Type": "Aggregate", "Strategy": "Plain", "Startup Cost": 72515.99, "Total Cost": 72516.0, "Plan Rows": 1, "Plan Width": 102, "Actual Min Startup Time": 204.416, "Actual Max Startup Time": 204.416, "Actual Min Total Time": 204.416, "Actual Max Total Time": 204.416, "Plans": [{"Node Type": "Nested Loop", "Parent Relationship": "Outer", "Join Type": "Inner", "Startup Cost": 2.41, "Total Cost": 72481.46, "Plan Rows": 6905, "Plan Width": 38, "Actual Min Startup Time": 87.101, "Actual Max Startup Time": 87.101, "Actual Min Total Time": 201.668, "Actual Max Total Time": 201.668, "Inner Unique": true, "Plans": [{"Node Type": "Nested Loop", "Parent Relationship": "Outer", "Join Type": "Inner", "Startup Cost": 2.41, "Total Cost": 70509.63, "Plan Rows": 7042, "Plan Width": 42, "Actual Min Startup Time": 87.085, "Actual Max Startup Time": 87.085, "Actual Min Total Time": 187.344, "Actual Max Total Time": 187.344, "Inner Unique": false, "Join Filter": "(t.id = mk.movie_id)", "Rows Removed by Join Filter": 0, "Plans": [{"Node Type": "Nested Loop", "Parent Relationship": "Outer", "Join Type": "Inner", "Startup Cost": 2.41, "Total Cost": 70018.65, "Plan Rows": 873, "Plan Width": 54, "Actual Min Startup Time": 87.063, "Actual Max Startup Time": 87.063, "Actual Min Total Time": 181.284, "Actual Max Total Time": 181.284, "Inner Unique": true, "Join Filter": "(at.movie_id = t.id)", "Rows Removed by Join Filter": 0, "Plans": [{"Node Type": "Nested Loop", "Parent Relationship": "Outer", "Join Type": "Inner", "Startup Cost": 2.41, "Total Cost": 69796.57, "Plan Rows": 630, "Plan Width": 33, "Actual Min Startup Time": 87.029, "Actual Max Startup Time": 87.029, "Actual Min Total Time": 178.406, "Actual Max Total Time": 178.406, "Inner Unique": true, "Plans": [{"Node Type": "Nested Loop", "Parent Relationship": "Outer", "Join Type": "Inner", "Startup Cost": 2.41, "Total Cost": 69620.17, "Plan Rows": 630, "Plan Width": 37, "Actual Min Startup Time": 86.993, "Actual Max Startup Time": 86.993, "Actual Min Total Time": 176.982, "Actual Max Total Time": 176.982, "Inner Unique": true, "Plans": [{"Node Type": "Nested Loop", "Parent Relationship": "Outer", "Join Type": "Inner", "Startup Cost": 2.41, "Total Cost": 69317.55, "Plan Rows": 1052, "Plan Width": 41, "Actual Min Startup Time": 86.964, "Actual Max Startup Time": 86.964, "Actual Min Total Time": 165.858, "Actual Max Total Time": 165.858, "Inner Unique": false, "Plans": [{"Node Type": "Nested Loop", "Parent Relationship": "Outer", "Join Type": "Inner", "Startup Cost": 2.41, "Total Cost": 69028.47, "Plan Rows": 490, "Plan Width": 29, "Actual Min Startup Time": 86.943, "Actual Max Startup Time": 86.943, "Actual Min Total Time": 160.062, "Actual Max Total Time": 160.062, "Inner Unique": false, "Plans": [{"Node Type": "Hash Join", "Parent Relationship": "Outer", "Join Type": "Inner", "Startup Cost": 2.41, "Total Cost": 68552.78, "Plan Rows": 192, "Plan Width": 4, "Actual Min Startup Time": 86.893, "Actual Max Startup Time": 86.893, "Actual Min Total Time": 126.701, "Actual Max Total Time": 126.701, "Inner Unique": true, "Hash Cond": "(mi.info_type_id = it1.id)", "Plans": [{"Node Type": "Streaming(type: LOCAL GATHER dop: 1/64)", "Parent Relationship": "Outer", "Startup Cost": 0.0, "Total Cost": 68498.12, "Plan Rows": 13419, "Plan Width": 8, "Actual Min Startup Time": 86.714, "Actual Max Startup Time": 86.714, "Actual Min Total Time": 121.26, "Actual Max Total Time": 121.26, "Plans": [{"Node Type": "Seq Scan", "Parent Relationship": "Outer", "Relation Name": "movie_info", "Alias": "mi", "Startup Cost": 0.0, "Total Cost": 68221.29, "Plan Rows": 13419, "Plan Width": 8, "Actual Min Startup Time": 0.113, "Actual Max Startup Time": 21.732, "Actual Min Total Time": 59.931, "Actual Max Total Time": 71.231, "Filter": "((note)::text ~~ '%internet%'::text)", "Rows Removed by Filter": 14824909, "Actual Rows": 10810}], "Actual Rows": 10810}, {"Node Type": "Hash", "Parent Relationship": "Inner", "Startup Cost": 2.4, "Total Cost": 2.4, "Plan Rows": 1, "Plan Width": 4, "Actual Min Startup Time": 0.097, "Actual Max Startup Time": 0.097, "Actual Min Total Time": 0.097, "Actual Max Total Time": 0.097, "Max Hash Buckets": 32768, "Min Hash Buckets": 32768, "Max Hash Batches": 1, "Min Hash Batches": 1, "Max Original Hash Batches": 1, "Min Original Hash Batches": 1, "Max Peak Memory Usage": 1, "min Peak Memory Usage": 1, "Plans": [{"Node Type": "Seq Scan", "Parent Relationship": "Outer", "Relation Name": "info_type", "Alias": "it1", "Startup Cost": 0.0, "Total Cost": 2.4, "Plan Rows": 1, "Plan Width": 4, "Actual Min Startup Time": 0.064, "Actual Max Startup Time": 0.064, "Actual Min Total Time": 0.085, "Actual Max Total Time": 0.085, "Filter": "((info)::text = 'release dates'::text)", "Rows Removed by Filter": 111, "Actual Rows": 1}], "Actual Rows": 1}], "Actual Rows": 10679}, {"Node Type": "Index Scan", "Parent Relationship": "Inner", "Scan Direction": "Forward", "Index Name": "movie_id_aka_title", "Relation Name": "aka_title", "Alias": "at", "Startup Cost": 0.0, "Total Cost": 2.45, "Plan Rows": 3, "Plan Width": 25, "Actual Min Startup Time": 27.7, "Actual Max Startup Time": 27.7, "Actual Min Total Time": 28.256, "Actual Max Total Time": 28.256, "Index Cond": "(movie_id = mi.movie_id)", "Rows Removed by Index Recheck": 0, "Actual Rows": 591}], "Actual Rows": 591}, {"Node Type": "Index Scan", "Parent Relationship": "Inner", "Scan Direction": "Forward", "Index Name": "movie_id_movie_companies", "Relation Name": "movie_companies", "Alias": "mc", "Startup Cost": 0.0, "Total Cost": 0.57, "Plan Rows": 2, "Plan Width": 12, "Actual Min Startup Time": 3.412, "Actual Max Startup Time": 3.412, "Actual Min Total Time": 4.893, "Actual Max Total Time": 4.893, "Index Cond": "(movie_id = at.movie_id)", "Rows Removed by Index Recheck": 0, "Actual Rows": 2130}], "Actual Rows": 2130}, {"Node Type": "Index Scan", "Parent Relationship": "Inner", "Scan Direction": "Forward", "Index Name": "company_name_pkey", "Relation Name": "company_name", "Alias": "cn", "Startup Cost": 0.0, "Total Cost": 0.28, "Plan Rows": 1, "Plan Width": 4, "Actual Min Startup Time": 9.6, "Actual Max Startup Time": 9.6, "Actual Min Total Time": 9.6, "Actual Max Total Time": 9.6, "Index Cond": "(id = mc.company_id)", "Rows Removed by Index Recheck": 0, "Filter": "((country_code)::text = '[us]'::text)", "Rows Removed by Filter": 1234, "Actual Rows": 896}], "Actual Rows": 896}, {"Node Type": "Index Only Scan", "Parent Relationship": "Inner", "Scan Direction": "Forward", "Index Name": "company_type_pkey", "Relation Name": "company_type", "Alias": "ct", "Startup Cost": 0.0, "Total Cost": 0.27, "Plan Rows": 1, "Plan Width": 4, "Actual Min Startup Time": 0.764, "Actual Max Startup Time": 0.764, "Actual Min Total Time": 0.764, "Actual Max Total Time": 0.764, "Index Cond": "(id = mc.company_type_id)", "Rows Removed by Index Recheck": 0, "Heap Fetches": 0, "Actual Rows": 382}], "Actual Rows": 382}, {"Node Type": "Index Scan", "Parent Relationship": "Inner", "Scan Direction": "Forward", "Index Name": "title_pkey", "Relation Name": "title", "Alias": "t", "Startup Cost": 0.0, "Total Cost": 0.34, "Plan Rows": 1, "Plan Width": 21, "Actual Min Startup Time": 2.301, "Actual Max Startup Time": 2.301, "Actual Min Total Time": 2.301, "Actual Max Total Time": 2.301, "Index Cond": "(id = mc.movie_id)", "Rows Removed by Index Recheck": 0, "Filter": "(production_year > 1990)", "Rows Removed by Filter": 0, "Actual Rows": 382}], "Actual Rows": 382}, {"Node Type": "Index Scan", "Parent Relationship": "Inner", "Scan Direction": "Forward", "Index Name": "movie_id_movie_keyword", "Relation Name": "movie_keyword", "Alias": "mk", "Startup Cost": 0.0, "Total Cost": 0.46, "Plan Rows": 8, "Plan Width": 8, "Actual Min Startup Time": 2.131, "Actual Max Startup Time": 2.131, "Actual Min Total Time": 4.201, "Actual Max Total Time": 4.201, "Index Cond": "(movie_id = mc.movie_id)", "Rows Removed by Index Recheck": 0, "Actual Rows": 4371}], "Actual Rows": 4371}, {"Node Type": "Index Only Scan", "Parent Relationship": "Inner", "Scan Direction": "Forward", "Index Name": "keyword_pkey", "Relation Name": "keyword", "Alias": "k", "Startup Cost": 0.0, "Total Cost": 0.27, "Plan Rows": 1, "Plan Width": 4, "Actual Min Startup Time": 11.236, "Actual Max Startup Time": 11.236, "Actual Min Total Time": 11.236, "Actual Max Total Time": 11.236, "Index Cond": "(id = mk.keyword_id)", "Rows Removed by Index Recheck": 0, "Heap Fetches": 0, "Actual Rows": 4371}], "Actual Rows": 4371}], "Actual Rows": 1}, "Triggers": [], "Planner Runtime": 127, "Total Runtime": 216.324, "Unique SQL Id": 2302223328}}, "(64, 105)": {"explain_plan": {"Plan": {"Node Type": "Aggregate", "Strategy": "Plain", "Startup Cost": 499662.86, "Total Cost": 499662.87, "Plan Rows": 1, "Plan Width": 102, "Plans": [{"Node Type": "Nested Loop", "Parent Relationship": "Outer", "Join Type": "Inner", "Startup Cost": 0.0, "Total Cost": 499628.33, "Plan Rows": 6905, "Plan Width": 38, "Inner Unique": true, "Plans": [{"Node Type": "Nested Loop", "Parent Relationship": "Outer", "Join Type": "Inner", "Startup Cost": 0.0, "Total Cost": 497656.5, "Plan Rows": 7042, "Plan Width": 42, "Inner Unique": false, "Join Filter": "(t.id = mk.movie_id)", "Plans": [{"Node Type": "Nested Loop", "Parent Relationship": "Outer", "Join Type": "Inner", "Startup Cost": 0.0, "Total Cost": 497165.52, "Plan Rows": 873, "Plan Width": 54, "Inner Unique": true, "Join Filter": "(at.movie_id = t.id)", "Plans": [{"Node Type": "Nested Loop", "Parent Relationship": "Outer", "Join Type": "Inner", "Startup Cost": 0.0, "Total Cost": 496943.44, "Plan Rows": 630, "Plan Width": 33, "Inner Unique": true, "Plans": [{"Node Type": "Nested Loop", "Parent Relationship": "Outer", "Join Type": "Inner", "Startup Cost": 0.0, "Total Cost": 496767.04, "Plan Rows": 630, "Plan Width": 37, "Inner Unique": true, "Plans": [{"Node Type": "Nested Loop", "Parent Relationship": "Outer", "Join Type": "Inner", "Startup Cost": 0.0, "Total Cost": 496464.42, "Plan Rows": 1052, "Plan Width": 41, "Inner Unique": false, "Plans": [{"Node Type": "Nested Loop", "Parent Relationship": "Outer", "Join Type": "Inner", "Startup Cost": 0.0, "Total Cost": 496175.34, "Plan Rows": 490, "Plan Width": 29, "Inner Unique": false, "Plans": [{"Node Type": "Nested Loop", "Parent Relationship": "Outer", "Join Type": "Inner", "Startup Cost": 0.0, "Total Cost": 495699.65, "Plan Rows": 192, "Plan Width": 4, "Inner Unique": false, "Plans": [{"Node Type": "Index Scan", "Parent Relationship": "Outer", "Scan Direction": "Forward", "Index Name": "info_type_pkey", "Relation Name": "info_type", "Alias": "it1", "Startup Cost": 0.0, "Total Cost": 14.21, "Plan Rows": 1, "Plan Width": 4, "Filter": "((info)::text = 'release dates'::text)"}, {"Node Type": "Index Scan", "Parent Relationship": "Inner", "Scan Direction": "Forward", "Index Name": "info_type_id_movie_info", "Relation Name": "movie_info", "Alias": "mi", "Startup Cost": 0.0, "Total Cost": 495683.52, "Plan Rows": 192, "Plan Width": 8, "Index Cond": "(info_type_id = it1.id)", "Filter": "((note)::text ~~ '%internet%'::text)"}]}, {"Node Type": "Index Scan", "Parent Relationship": "Inner", "Scan Direction": "Forward", "Index Name": "movie_id_aka_title", "Relation Name": "aka_title", "Alias": "at", "Startup Cost": 0.0, "Total Cost": 2.45, "Plan Rows": 3, "Plan Width": 25, "Index Cond": "(movie_id = mi.movie_id)"}]}, {"Node Type": "Index Scan", "Parent Relationship": "Inner", "Scan Direction": "Forward", "Index Name": "movie_id_movie_companies", "Relation Name": "movie_companies", "Alias": "mc", "Startup Cost": 0.0, "Total Cost": 0.57, "Plan Rows": 2, "Plan Width": 12, "Index Cond": "(movie_id = at.movie_id)"}]}, {"Node Type": "Index Scan", "Parent Relationship": "Inner", "Scan Direction": "Forward", "Index Name": "company_name_pkey", "Relation Name": "company_name", "Alias": "cn", "Startup Cost": 0.0, "Total Cost": 0.28, "Plan Rows": 1, "Plan Width": 4, "Index Cond": "(id = mc.company_id)", "Filter": "((country_code)::text = '[us]'::text)"}]}, {"Node Type": "Index Only Scan", "Parent Relationship": "Inner", "Scan Direction": "Forward", "Index Name": "company_type_pkey", "Relation Name": "company_type", "Alias": "ct", "Startup Cost": 0.0, "Total Cost": 0.27, "Plan Rows": 1, "Plan Width": 4, "Index Cond": "(id = mc.company_type_id)"}]}, {"Node Type": "Index Scan", "Parent Relationship": "Inner", "Scan Direction": "Forward", "Index Name": "title_pkey", "Relation Name": "title", "Alias": "t", "Startup Cost": 0.0, "Total Cost": 0.34, "Plan Rows": 1, "Plan Width": 21, "Index Cond": "(id = mc.movie_id)", "Filter": "(production_year > 1990)"}]}, {"Node Type": "Index Scan", "Parent Relationship": "Inner", "Scan Direction": "Forward", "Index Name": "movie_id_movie_keyword", "Relation Name": "movie_keyword", "Alias": "mk", "Startup Cost": 0.0, "Total Cost": 0.46, "Plan Rows": 8, "Plan Width": 8, "Index Cond": "(movie_id = mc.movie_id)"}]}, {"Node Type": "Index Only Scan", "Parent Relationship": "Inner", "Scan Direction": "Forward", "Index Name": "keyword_pkey", "Relation Name": "keyword", "Alias": "k", "Startup Cost": 0.0, "Total Cost": 0.27, "Plan Rows": 1, "Plan Width": 4, "Index Cond": "(id = mk.keyword_id)"}]}]}, "Unique SQL Id": 2302223328, "Planner Runtime": 85}, "explain_analyze_plan": null}, "(64, 106)": {"explain_plan": {"Plan": {"Node Type": "Aggregate", "Strategy": "Plain", "Startup Cost": 311589.1, "Total Cost": 311589.11, "Plan Rows": 1, "Plan Width": 102, "Plans": [{"Node Type": "Hash Join", "Parent Relationship": "Outer", "Join Type": "Inner", "Startup Cost": 157287.12, "Total Cost": 311553.89, "Plan Rows": 7042, "Plan Width": 38, "Inner Unique": true, "Hash Cond": "(mk.keyword_id = k.id)", "Plans": [{"Node Type": "Hash Join", "Parent Relationship": "Outer", "Join Type": "Inner", "Startup Cost": 153509.32, "Total Cost": 307680.65, "Plan Rows": 7042, "Plan Width": 42, "Inner Unique": true, "Hash Cond": "(mc.company_type_id = ct.id)", "Plans": [{"Node Type": "Hash Join", "Parent Relationship": "Outer", "Join Type": "Inner", "Startup Cost": 153508.25, "Total Cost": 307582.75, "Plan Rows": 7042, "Plan Width": 46, "Inner Unique": true, "Hash Cond": "(mc.company_id = cn.id)", "Plans": [{"Node Type": "Streaming(type: LOCAL GATHER dop: 1/64)", "Parent Relationship": "Outer", "Startup Cost": 150967.76, "Total Cost": 304940.38, "Plan Rows": 11758, "Plan Width": 50, "Plans": [{"Node Type": "Hash Join", "Parent Relationship": "Outer", "Join Type": "Inner", "Startup Cost": 150967.76, "Total Cost": 304697.82, "Plan Rows": 11758, "Plan Width": 50, "Inner Unique": true, "Hash Cond": "(at.movie_id = t.id)", "Plans": [{"Node Type": "Streaming(type: BROADCAST dop: 64/1)", "Parent Relationship": "Outer", "Startup Cost": 134616.86, "Total Cost": 288313.24, "Plan Rows": 543168, "Plan Width": 49, "Plans": [{"Node Type": "Hash Join", "Parent Relationship": "Outer", "Join Type": "Inner", "Startup Cost": 134616.86, "Total Cost": 214107.75, "Plan Rows": 8487, "Plan Width": 49, "Inner Unique": false, "Hash Cond": "(mk.movie_id = at.movie_id)", "Plans": [{"Node Type": "Seq Scan", "Parent Relationship": "Outer", "Relation Name": "movie_keyword", "Alias": "mk", "Startup Cost": 0.0, "Total Cost": 62441.29, "Plan Rows": 4523929, "Plan Width": 8}, {"Node Type": "Hash", "Parent Relationship": "Inner", "Startup Cost": 134603.71, "Total Cost": 134603.71, "Plan Rows": 1052, "Plan Width": 41, "Plans": [{"Node Type": "Hash Join", "Parent Relationship": "Outer", "Join Type": "Inner", "Startup Cost": 82991.79, "Total Cost": 134603.71, "Plan Rows": 1052, "Plan Width": 41, "Inner Unique": false, "Hash Cond": "(mc.movie_id = at.movie_id)", "Plans": [{"Node Type": "Seq Scan", "Parent Relationship": "Outer", "Relation Name": "movie_companies", "Alias": "mc", "Startup Cost": 0.0, "Total Cost": 41817.28, "Plan Rows": 2609128, "Plan Width": 12}, {"Node Type": "Hash", "Parent Relationship": "Inner", "Startup Cost": 82985.66, "Total Cost": 82985.66, "Plan Rows": 490, "Plan Width": 29, "Plans": [{"Node Type": "Hash Join", "Parent Relationship": "Outer", "Join Type": "Inner", "Startup Cost": 14415.51, "Total Cost": 82985.66, "Plan Rows": 490, "Plan Width": 29, "Inner Unique": false, "Hash Cond": "(mi.movie_id = at.movie_id)", "Plans": [{"Node Type": "Hash Join", "Parent Relationship": "Outer", "Join Type": "Inner", "Startup Cost": 2.41, "Total Cost": 68552.78, "Plan Rows": 192, "Plan Width": 4, "Inner Unique": true, "Hash Cond": "(mi.info_type_id = it1.id)", "Plans": [{"Node Type": "Streaming(type: LOCAL GATHER dop: 1/64)", "Parent Relationship": "Outer", "Startup Cost": 0.0, "Total Cost": 68498.12, "Plan Rows": 13419, "Plan Width": 8, "Plans": [{"Node Type": "Seq Scan", "Parent Relationship": "Outer", "Relation Name": "movie_info", "Alias": "mi", "Startup Cost": 0.0, "Total Cost": 68221.29, "Plan Rows": 13419, "Plan Width": 8, "Filter": "((note)::text ~~ '%internet%'::text)"}]}, {"Node Type": "Hash", "Parent Relationship": "Inner", "Startup Cost": 2.4, "Total Cost": 2.4, "Plan Rows": 1, "Plan Width": 4, "Plans": [{"Node Type": "Seq Scan", "Parent Relationship": "Outer", "Relation Name": "info_type", "Alias": "it1", "Startup Cost": 0.0, "Total Cost": 2.4, "Plan Rows": 1, "Plan Width": 4, "Filter": "((info)::text = 'release dates'::text)"}]}]}, {"Node Type": "Hash", "Parent Relationship": "Inner", "Startup Cost": 9894.71, "Total Cost": 9894.71, "Plan Rows": 361471, "Plan Width": 25, "Plans": [{"Node Type": "Seq Scan", "Parent Relationship": "Outer", "Relation Name": "aka_title", "Alias": "at", "Startup Cost": 0.0, "Total Cost": 9894.71, "Plan Rows": 361471, "Plan Width": 25}]}]}]}]}]}]}]}, {"Node Type": "Hash", "Parent Relationship": "Inner", "Startup Cost": 64037.34, "Total Cost": 64037.34, "Plan Rows": 1748840, "Plan Width": 21, "Plans": [{"Node Type": "Seq Scan", "Parent Relationship": "Outer", "Relation Name": "title", "Alias": "t", "Startup Cost": 0.0, "Total Cost": 64037.34, "Plan Rows": 1748840, "Plan Width": 21, "Filter": "(production_year > 1990), (LLVM Optimized)"}]}]}]}, {"Node Type": "Hash", "Parent Relationship": "Inner", "Startup Cost": 5903.45, "Total Cost": 5903.45, "Plan Rows": 85170, "Plan Width": 4, "Plans": [{"Node Type": "Seq Scan", "Parent Relationship": "Outer", "Relation Name": "company_name", "Alias": "cn", "Startup Cost": 0.0, "Total Cost": 5903.45, "Plan Rows": 85170, "Plan Width": 4, "Filter": "((country_code)::text = '[us]'::text)"}]}]}, {"Node Type": "Hash", "Parent Relationship": "Inner", "Startup Cost": 1.03, "Total Cost": 1.03, "Plan Rows": 3, "Plan Width": 4, "Plans": [{"Node Type": "Seq Scan", "Parent Relationship": "Outer", "Relation Name": "company_type", "Alias": "ct", "Startup Cost": 0.0, "Total Cost": 1.03, "Plan Rows": 3, "Plan Width": 4}]}]}, {"Node Type": "Hash", "Parent Relationship": "Inner", "Startup Cost": 2100.69, "Total Cost": 2100.69, "Plan Rows": 134169, "Plan Width": 4, "Plans": [{"Node Type": "Seq Scan", "Parent Relationship": "Outer", "Relation Name": "keyword", "Alias": "k", "Startup Cost": 0.0, "Total Cost": 2100.69, "Plan Rows": 134169, "Plan Width": 4}]}]}]}, "Unique SQL Id": 2302223328, "Planner Runtime": 282}, "explain_analyze_plan": null}, "(64, 107)": {"explain_plan": {"Plan": {"Node Type": "Aggregate", "Strategy": "Plain", "Startup Cost": 9000056018769.79, "Total Cost": 9000056018769.8, "Plan Rows": 1, "Plan Width": 102, "Plans": [{"Node Type": "Hash Join", "Parent Relationship": "Outer", "Join Type": "Inner", "Startup Cost": 7020039633151.32, "Total Cost": 9000056018734.58, "Plan Rows": 7042, "Plan Width": 38, "Inner Unique": true, "Hash Cond": "(at.movie_id = t.id)", "Plans": [{"Node Type": "Hash Join", "Parent Relationship": "Outer", "Join Type": "Inner", "Startup Cost": 6020027967164.15, "Total Cost": 8000044352657.93, "Plan Rows": 5083, "Plan Width": 37, "Inner Unique": true, "Hash Cond": "(mk.keyword_id = k.id)", "Plans": [{"Node Type": "Hash Join", "Parent Relationship": "Outer", "Join Type": "Inner", "Startup Cost": 5020027759408.54, "Total Cost": 7000044144832.43, "Plan Rows": 5083, "Plan Width": 41, "Inner Unique": false, "Hash Cond": "(at.movie_id = mk.movie_id)", "Plans": [{"Node Type": "Hash Join", "Parent Relationship": "Outer", "Join Type": "Inner", "Startup Cost": 4020012402225.26, "Total Cost": 6000028786963.59, "Plan Rows": 630, "Plan Width": 33, "Inner Unique": true, "Hash Cond": "(mc.company_type_id = ct.id)", "Plans": [{"Node Type": "Hash Join", "Parent Relationship": "Outer", "Join Type": "Inner", "Startup Cost": 3020012401395.72, "Total Cost": 5000028786125.39, "Plan Rows": 630, "Plan Width": 37, "Inner Unique": true, "Hash Cond": "(mc.company_id = cn.id)", "Plans": [{"Node Type": "Hash Join", "Parent Relationship": "Outer", "Join Type": "Inner", "Startup Cost": 2020011350192.13, "Total Cost": 4000027734905.32, "Plan Rows": 1052, "Plan Width": 41, "Inner Unique": false, "Hash Cond": "(at.movie_id = mc.movie_id)", "Plans": [{"Node Type": "Hash Join", "Parent Relationship": "Outer", "Join Type": "Inner", "Startup Cost": 1020001999361.03, "Total Cost": 3000018383938.24, "Plan Rows": 490, "Plan Width": 29, "Inner Unique": false, "Hash Cond": "(mi.movie_id = at.movie_id)", "Plans": [{"Node Type": "Nested Loop", "Parent Relationship": "Outer", "Join Type": "Inner", "Startup Cost": 20000004841.51, "Total Cost": 2000016389398.93, "Plan Rows": 192, "Plan Width": 4, "Inner Unique": false, "Plans": [{"Node Type": "Index Scan", "Parent Relationship": "Outer", "Scan Direction": "Forward", "Index Name": "info_type_pkey", "Relation Name": "info_type", "Alias": "it1", "Startup Cost": 10000000000.0, "Total Cost": 1000000001421.0, "Plan Rows": 1, "Plan Width": 4, "Filter": "((info)::text = 'release dates'::text)"}, {"Node Type": "Bitmap Heap Scan", "Parent Relationship": "Inner", "Relation Name": "movie_info", "Alias": "mi", "Startup Cost": 10000004841.51, "Total Cost": 1000016387976.01, "Plan Rows": 192, "Plan Width": 8, "Recheck Cond": "(info_type_id = it1.id)", "Filter": "((note)::text ~~ '%internet%'::text)", "Plans": [{"Node Type": "Bitmap Index Scan", "Parent Relationship": "Outer", "Index Name": "info_type_id_movie_info", "Startup Cost": 0.0, "Total Cost": 4841.46, "Plan Rows": 212428, "Plan Width": 0, "Index Cond": "(info_type_id = it1.id)"}]}]}, {"Node Type": "Hash", "Parent Relationship": "Inner", "Startup Cost": 1000001990001.13, "Total Cost": 1000001990001.13, "Plan Rows": 361471, "Plan Width": 25, "Plans": [{"Node Type": "Index Scan", "Parent Relationship": "Outer", "Scan Direction": "Forward", "Index Name": "movie_id_aka_title", "Relation Name": "aka_title", "Alias": "at", "Startup Cost": 10000000000.0, "Total Cost": 1000001990001.13, "Plan Rows": 361471, "Plan Width": 25}]}]}, {"Node Type": "Hash", "Parent Relationship": "Inner", "Startup Cost": 1000009318217.0, "Total Cost": 1000009318217.0, "Plan Rows": 2609128, "Plan Width": 12, "Plans": [{"Node Type": "Index Scan", "Parent Relationship": "Outer", "Scan Direction": "Forward", "Index Name": "company_type_id_movie_companies", "Relation Name": "movie_companies", "Alias": "mc", "Startup Cost": 10000000000.0, "Total Cost": 1000009318217.0, "Plan Rows": 2609128, "Plan Width": 12}]}]}, {"Node Type": "Hash", "Parent Relationship": "Inner", "Startup Cost": 1000001050138.97, "Total Cost": 1000001050138.97, "Plan Rows": 85170, "Plan Width": 4, "Plans": [{"Node Type": "Index Scan", "Parent Relationship": "Outer", "Scan Direction": "Forward", "Index Name": "company_name_pkey", "Relation Name": "company_name", "Alias": "cn", "Startup Cost": 10000000000.0, "Total Cost": 1000001050138.97, "Plan Rows": 85170, "Plan Width": 4, "Filter": "((country_code)::text = '[us]'::text)"}]}]}, {"Node Type": "Hash", "Parent Relationship": "Inner", "Startup Cost": 1000000000829.5, "Total Cost": 1000000000829.5, "Plan Rows": 3, "Plan Width": 4, "Plans": [{"Node Type": "Index Only Scan", "Parent Relationship": "Outer", "Scan Direction": "Forward", "Index Name": "company_type_pkey", "Relation Name": "company_type", "Alias": "ct", "Startup Cost": 10000000000.0, "Total Cost": 1000000000829.5, "Plan Rows": 3, "Plan Width": 4}]}]}, {"Node Type": "Hash", "Parent Relationship": "Inner", "Startup Cost": 1000015300634.17, "Total Cost": 1000015300634.17, "Plan Rows": 4523929, "Plan Width": 8, "Plans": [{"Node Type": "Index Scan", "Parent Relationship": "Outer", "Scan Direction": "Forward", "Index Name": "movie_id_movie_keyword", "Relation Name": "movie_keyword", "Alias": "mk", "Startup Cost": 10000000000.0, "Total Cost": 1000015300634.17, "Plan Rows": 4523929, "Plan Width": 8}]}]}, {"Node Type": "Hash", "Parent Relationship": "Inner", "Startup Cost": 1000000206078.5, "Total Cost": 1000000206078.5, "Plan Rows": 134169, "Plan Width": 4, "Plans": [{"Node Type": "Index Only Scan", "Parent Relationship": "Outer", "Scan Direction": "Forward", "Index Name": "keyword_pkey", "Relation Name": "keyword", "Alias": "k", "Startup Cost": 10000000000.0, "Total Cost": 1000000206078.5, "Plan Rows": 134169, "Plan Width": 4}]}]}, {"Node Type": "Hash", "Parent Relationship": "Inner", "Startup Cost": 1000011644126.66, "Total Cost": 1000011644126.66, "Plan Rows": 1748840, "Plan Width": 21, "Plans": [{"Node Type": "Index Scan", "Parent Relationship": "Outer", "Scan Direction": "Forward", "Index Name": "title_pkey", "Relation Name": "title", "Alias": "t", "Startup Cost": 10000000000.0, "Total Cost": 1000011644126.66, "Plan Rows": 1748840, "Plan Width": 21, "Filter": "(production_year > 1990), (LLVM Optimized)"}]}]}]}, "Unique SQL Id": 2302223328, "Planner Runtime": 314}, "explain_analyze_plan": null}, "(64, 108)": {"explain_plan": {"Plan": {"Node Type": "Aggregate", "Strategy": "Plain", "Startup Cost": 72520.72, "Total Cost": 72520.73, "Plan Rows": 1, "Plan Width": 102, "Plans": [{"Node Type": "Nested Loop", "Parent Relationship": "Outer", "Join Type": "Inner", "Startup Cost": 2.41, "Total Cost": 72486.19, "Plan Rows": 6905, "Plan Width": 38, "Inner Unique": true, "Plans": [{"Node Type": "Nested Loop", "Parent Relationship": "Outer", "Join Type": "Inner", "Startup Cost": 2.41, "Total Cost": 70509.63, "Plan Rows": 7042, "Plan Width": 42, "Inner Unique": false, "Join Filter": "(t.id = mk.movie_id)", "Plans": [{"Node Type": "Nested Loop", "Parent Relationship": "Outer", "Join Type": "Inner", "Startup Cost": 2.41, "Total Cost": 70018.66, "Plan Rows": 873, "Plan Width": 54, "Inner Unique": true, "Join Filter": "(at.movie_id = t.id)", "Plans": [{"Node Type": "Nested Loop", "Parent Relationship": "Outer", "Join Type": "Inner", "Startup Cost": 2.41, "Total Cost": 69796.57, "Plan Rows": 630, "Plan Width": 33, "Inner Unique": true, "Plans": [{"Node Type": "Nested Loop", "Parent Relationship": "Outer", "Join Type": "Inner", "Startup Cost": 2.41, "Total Cost": 69620.17, "Plan Rows": 630, "Plan Width": 37, "Inner Unique": true, "Plans": [{"Node Type": "Nested Loop", "Parent Relationship": "Outer", "Join Type": "Inner", "Startup Cost": 2.41, "Total Cost": 69317.55, "Plan Rows": 1052, "Plan Width": 41, "Inner Unique": false, "Plans": [{"Node Type": "Nested Loop", "Parent Relationship": "Outer", "Join Type": "Inner", "Startup Cost": 2.41, "Total Cost": 69028.47, "Plan Rows": 490, "Plan Width": 29, "Inner Unique": false, "Plans": [{"Node Type": "Hash Join", "Parent Relationship": "Outer", "Join Type": "Inner", "Startup Cost": 2.41, "Total Cost": 68552.78, "Plan Rows": 192, "Plan Width": 4, "Inner Unique": true, "Hash Cond": "(mi.info_type_id = it1.id)", "Plans": [{"Node Type": "Streaming(type: LOCAL GATHER dop: 1/64)", "Parent Relationship": "Outer", "Startup Cost": 0.0, "Total Cost": 68498.12, "Plan Rows": 13419, "Plan Width": 8, "Plans": [{"Node Type": "Seq Scan", "Parent Relationship": "Outer", "Relation Name": "movie_info", "Alias": "mi", "Startup Cost": 0.0, "Total Cost": 68221.29, "Plan Rows": 13419, "Plan Width": 8, "Filter": "((note)::text ~~ '%internet%'::text)"}]}, {"Node Type": "Hash", "Parent Relationship": "Inner", "Startup Cost": 2.4, "Total Cost": 2.4, "Plan Rows": 1, "Plan Width": 4, "Plans": [{"Node Type": "Seq Scan", "Parent Relationship": "Outer", "Relation Name": "info_type", "Alias": "it1", "Startup Cost": 0.0, "Total Cost": 2.4, "Plan Rows": 1, "Plan Width": 4, "Filter": "((info)::text = 'release dates'::text)"}]}]}, {"Node Type": "Index Scan", "Parent Relationship": "Inner", "Scan Direction": "Forward", "Index Name": "movie_id_aka_title", "Relation Name": "aka_title", "Alias": "at", "Startup Cost": 0.0, "Total Cost": 2.45, "Plan Rows": 3, "Plan Width": 25, "Index Cond": "(movie_id = mi.movie_id)"}]}, {"Node Type": "Index Scan", "Parent Relationship": "Inner", "Scan Direction": "Forward", "Index Name": "movie_id_movie_companies", "Relation Name": "movie_companies", "Alias": "mc", "Startup Cost": 0.0, "Total Cost": 0.57, "Plan Rows": 2, "Plan Width": 12, "Index Cond": "(movie_id = at.movie_id)"}]}, {"Node Type": "Index Scan", "Parent Relationship": "Inner", "Scan Direction": "Forward", "Index Name": "company_name_pkey", "Relation Name": "company_name", "Alias": "cn", "Startup Cost": 0.0, "Total Cost": 0.28, "Plan Rows": 1, "Plan Width": 4, "Index Cond": "(id = mc.company_id)", "Filter": "((country_code)::text = '[us]'::text)"}]}, {"Node Type": "Index Scan", "Parent Relationship": "Inner", "Scan Direction": "Forward", "Index Name": "company_type_pkey", "Relation Name": "company_type", "Alias": "ct", "Startup Cost": 0.0, "Total Cost": 0.27, "Plan Rows": 1, "Plan Width": 4, "Index Cond": "(id = mc.company_type_id)"}]}, {"Node Type": "Index Scan", "Parent Relationship": "Inner", "Scan Direction": "Forward", "Index Name": "title_pkey", "Relation Name": "title", "Alias": "t", "Startup Cost": 0.0, "Total Cost": 0.34, "Plan Rows": 1, "Plan Width": 21, "Index Cond": "(id = mc.movie_id)", "Filter": "(production_year > 1990)"}]}, {"Node Type": "Index Scan", "Parent Relationship": "Inner", "Scan Direction": "Forward", "Index Name": "movie_id_movie_keyword", "Relation Name": "movie_keyword", "Alias": "mk", "Startup Cost": 0.0, "Total Cost": 0.46, "Plan Rows": 8, "Plan Width": 8, "Index Cond": "(movie_id = mc.movie_id)"}]}, {"Node Type": "Index Scan", "Parent Relationship": "Inner", "Scan Direction": "Forward", "Index Name": "keyword_pkey", "Relation Name": "keyword", "Alias": "k", "Startup Cost": 0.0, "Total Cost": 0.27, "Plan Rows": 1, "Plan Width": 4, "Index Cond": "(id = mk.keyword_id)"}]}]}, "Unique SQL Id": 2302223328, "Planner Runtime": 128}, "explain_analyze_plan": {"Plan": {"Node Type": "Aggregate", "Strategy": "Plain", "Startup Cost": 72520.72, "Total Cost": 72520.73, "Plan Rows": 1, "Plan Width": 102, "Actual Min Startup Time": 224.334, "Actual Max Startup Time": 224.334, "Actual Min Total Time": 224.334, "Actual Max Total Time": 224.334, "Plans": [{"Node Type": "Nested Loop", "Parent Relationship": "Outer", "Join Type": "Inner", "Startup Cost": 2.41, "Total Cost": 72486.19, "Plan Rows": 6905, "Plan Width": 38, "Actual Min Startup Time": 44.809, "Actual Max Startup Time": 44.809, "Actual Min Total Time": 221.619, "Actual Max Total Time": 221.619, "Inner Unique": true, "Plans": [{"Node Type": "Nested Loop", "Parent Relationship": "Outer", "Join Type": "Inner", "Startup Cost": 2.41, "Total Cost": 70509.63, "Plan Rows": 7042, "Plan Width": 42, "Actual Min Startup Time": 44.795, "Actual Max Startup Time": 44.795, "Actual Min Total Time": 203.032, "Actual Max Total Time": 203.032, "Inner Unique": false, "Join Filter": "(t.id = mk.movie_id)", "Rows Removed by Join Filter": 0, "Plans": [{"Node Type": "Nested Loop", "Parent Relationship": "Outer", "Join Type": "Inner", "Startup Cost": 2.41, "Total Cost": 70018.66, "Plan Rows": 873, "Plan Width": 54, "Actual Min Startup Time": 44.774, "Actual Max Startup Time": 44.774, "Actual Min Total Time": 197.096, "Actual Max Total Time": 197.096, "Inner Unique": true, "Join Filter": "(at.movie_id = t.id)", "Rows Removed by Join Filter": 0, "Plans": [{"Node Type": "Nested Loop", "Parent Relationship": "Outer", "Join Type": "Inner", "Startup Cost": 2.41, "Total Cost": 69796.57, "Plan Rows": 630, "Plan Width": 33, "Actual Min Startup Time": 44.748, "Actual Max Startup Time": 44.748, "Actual Min Total Time": 194.272, "Actual Max Total Time": 194.272, "Inner Unique": true, "Plans": [{"Node Type": "Nested Loop", "Parent Relationship": "Outer", "Join Type": "Inner", "Startup Cost": 2.41, "Total Cost": 69620.17, "Plan Rows": 630, "Plan Width": 37, "Actual Min Startup Time": 44.714, "Actual Max Startup Time": 44.714, "Actual Min Total Time": 192.505, "Actual Max Total Time": 192.505, "Inner Unique": true, "Plans": [{"Node Type": "Nested Loop", "Parent Relationship": "Outer", "Join Type": "Inner", "Startup Cost": 2.41, "Total Cost": 69317.55, "Plan Rows": 1052, "Plan Width": 41, "Actual Min Startup Time": 44.69, "Actual Max Startup Time": 44.69, "Actual Min Total Time": 181.213, "Actual Max Total Time": 181.213, "Inner Unique": false, "Plans": [{"Node Type": "Nested Loop", "Parent Relationship": "Outer", "Join Type": "Inner", "Startup Cost": 2.41, "Total Cost": 69028.47, "Plan Rows": 490, "Plan Width": 29, "Actual Min Startup Time": 44.672, "Actual Max Startup Time": 44.672, "Actual Min Total Time": 175.369, "Actual Max Total Time": 175.369, "Inner Unique": false, "Plans": [{"Node Type": "Hash Join", "Parent Relationship": "Outer", "Join Type": "Inner", "Startup Cost": 2.41, "Total Cost": 68552.78, "Plan Rows": 192, "Plan Width": 4, "Actual Min Startup Time": 44.628, "Actual Max Startup Time": 44.628, "Actual Min Total Time": 141.552, "Actual Max Total Time": 141.552, "Inner Unique": true, "Hash Cond": "(mi.info_type_id = it1.id)", "Plans": [{"Node Type": "Streaming(type: LOCAL GATHER dop: 1/64)", "Parent Relationship": "Outer", "Startup Cost": 0.0, "Total Cost": 68498.12, "Plan Rows": 13419, "Plan Width": 8, "Actual Min Startup Time": 44.471, "Actual Max Startup Time": 44.471, "Actual Min Total Time": 136.158, "Actual Max Total Time": 136.158, "Plans": [{"Node Type": "Seq Scan", "Parent Relationship": "Outer", "Relation Name": "movie_info", "Alias": "mi", "Startup Cost": 0.0, "Total Cost": 68221.29, "Plan Rows": 13419, "Plan Width": 8, "Actual Min Startup Time": 0.109, "Actual Max Startup Time": 21.536, "Actual Min Total Time": 60.128, "Actual Max Total Time": 70.724, "Filter": "((note)::text ~~ '%internet%'::text)", "Rows Removed by Filter": 14824909, "Actual Rows": 10810}], "Actual Rows": 10810}, {"Node Type": "Hash", "Parent Relationship": "Inner", "Startup Cost": 2.4, "Total Cost": 2.4, "Plan Rows": 1, "Plan Width": 4, "Actual Min Startup Time": 0.091, "Actual Max Startup Time": 0.091, "Actual Min Total Time": 0.091, "Actual Max Total Time": 0.091, "Max Hash Buckets": 32768, "Min Hash Buckets": 32768, "Max Hash Batches": 1, "Min Hash Batches": 1, "Max Original Hash Batches": 1, "Min Original Hash Batches": 1, "Max Peak Memory Usage": 1, "min Peak Memory Usage": 1, "Plans": [{"Node Type": "Seq Scan", "Parent Relationship": "Outer", "Relation Name": "info_type", "Alias": "it1", "Startup Cost": 0.0, "Total Cost": 2.4, "Plan Rows": 1, "Plan Width": 4, "Actual Min Startup Time": 0.057, "Actual Max Startup Time": 0.057, "Actual Min Total Time": 0.077, "Actual Max Total Time": 0.077, "Filter": "((info)::text = 'release dates'::text)", "Rows Removed by Filter": 111, "Actual Rows": 1}], "Actual Rows": 1}], "Actual Rows": 10679}, {"Node Type": "Index Scan", "Parent Relationship": "Inner", "Scan Direction": "Forward", "Index Name": "movie_id_aka_title", "Relation Name": "aka_title", "Alias": "at", "Startup Cost": 0.0, "Total Cost": 2.45, "Plan Rows": 3, "Plan Width": 25, "Actual Min Startup Time": 28.294, "Actual Max Startup Time": 28.294, "Actual Min Total Time": 28.833, "Actual Max Total Time": 28.833, "Index Cond": "(movie_id = mi.movie_id)", "Rows Removed by Index Recheck": 0, "Actual Rows": 591}], "Actual Rows": 591}, {"Node Type": "Index Scan", "Parent Relationship": "Inner", "Scan Direction": "Forward", "Index Name": "movie_id_movie_companies", "Relation Name": "movie_companies", "Alias": "mc", "Startup Cost": 0.0, "Total Cost": 0.57, "Plan Rows": 2, "Plan Width": 12, "Actual Min Startup Time": 3.524, "Actual Max Startup Time": 3.524, "Actual Min Total Time": 4.962, "Actual Max Total Time": 4.962, "Index Cond": "(movie_id = at.movie_id)", "Rows Removed by Index Recheck": 0, "Actual Rows": 2130}], "Actual Rows": 2130}, {"Node Type": "Index Scan", "Parent Relationship": "Inner", "Scan Direction": "Forward", "Index Name": "company_name_pkey", "Relation Name": "company_name", "Alias": "cn", "Startup Cost": 0.0, "Total Cost": 0.28, "Plan Rows": 1, "Plan Width": 4, "Actual Min Startup Time": 9.795, "Actual Max Startup Time": 9.795, "Actual Min Total Time": 9.795, "Actual Max Total Time": 9.795, "Index Cond": "(id = mc.company_id)", "Rows Removed by Index Recheck": 0, "Filter": "((country_code)::text = '[us]'::text)", "Rows Removed by Filter": 1234, "Actual Rows": 896}], "Actual Rows": 896}, {"Node Type": "Index Scan", "Parent Relationship": "Inner", "Scan Direction": "Forward", "Index Name": "company_type_pkey", "Relation Name": "company_type", "Alias": "ct", "Startup Cost": 0.0, "Total Cost": 0.27, "Plan Rows": 1, "Plan Width": 4, "Actual Min Startup Time": 1.065, "Actual Max Startup Time": 1.065, "Actual Min Total Time": 1.065, "Actual Max Total Time": 1.065, "Index Cond": "(id = mc.company_type_id)", "Rows Removed by Index Recheck": 0, "Actual Rows": 382}], "Actual Rows": 382}, {"Node Type": "Index Scan", "Parent Relationship": "Inner", "Scan Direction": "Forward", "Index Name": "title_pkey", "Relation Name": "title", "Alias": "t", "Startup Cost": 0.0, "Total Cost": 0.34, "Plan Rows": 1, "Plan Width": 21, "Actual Min Startup Time": 2.274, "Actual Max Startup Time": 2.274, "Actual Min Total Time": 2.274, "Actual Max Total Time": 2.274, "Index Cond": "(id = mc.movie_id)", "Rows Removed by Index Recheck": 0, "Filter": "(production_year > 1990)", "Rows Removed by Filter": 0, "Actual Rows": 382}], "Actual Rows": 382}, {"Node Type": "Index Scan", "Parent Relationship": "Inner", "Scan Direction": "Forward", "Index Name": "movie_id_movie_keyword", "Relation Name": "movie_keyword", "Alias": "mk", "Startup Cost": 0.0, "Total Cost": 0.46, "Plan Rows": 8, "Plan Width": 8, "Actual Min Startup Time": 2.169, "Actual Max Startup Time": 2.169, "Actual Min Total Time": 3.985, "Actual Max Total Time": 3.985, "Index Cond": "(movie_id = mc.movie_id)", "Rows Removed by Index Recheck": 0, "Actual Rows": 4371}], "Actual Rows": 4371}, {"Node Type": "Index Scan", "Parent Relationship": "Inner", "Scan Direction": "Forward", "Index Name": "keyword_pkey", "Relation Name": "keyword", "Alias": "k", "Startup Cost": 0.0, "Total Cost": 0.27, "Plan Rows": 1, "Plan Width": 4, "Actual Min Startup Time": 15.217, "Actual Max Startup Time": 15.217, "Actual Min Total Time": 15.217, "Actual Max Total Time": 15.217, "Index Cond": "(id = mk.keyword_id)", "Rows Removed by Index Recheck": 0, "Actual Rows": 4371}], "Actual Rows": 4371}], "Actual Rows": 1}, "Triggers": [], "Planner Runtime": 128, "Total Runtime": 238.223, "Unique SQL Id": 2302223328}}, "(64, 109)": {"explain_plan": {"Plan": {"Node Type": "Aggregate", "Strategy": "Plain", "Startup Cost": 499667.59, "Total Cost": 499667.6, "Plan Rows": 1, "Plan Width": 102, "Plans": [{"Node Type": "Nested Loop", "Parent Relationship": "Outer", "Join Type": "Inner", "Startup Cost": 0.0, "Total Cost": 499633.06, "Plan Rows": 6905, "Plan Width": 38, "Inner Unique": true, "Plans": [{"Node Type": "Nested Loop", "Parent Relationship": "Outer", "Join Type": "Inner", "Startup Cost": 0.0, "Total Cost": 497656.5, "Plan Rows": 7042, "Plan Width": 42, "Inner Unique": false, "Join Filter": "(t.id = mk.movie_id)", "Plans": [{"Node Type": "Nested Loop", "Parent Relationship": "Outer", "Join Type": "Inner", "Startup Cost": 0.0, "Total Cost": 497165.52, "Plan Rows": 873, "Plan Width": 54, "Inner Unique": true, "Join Filter": "(at.movie_id = t.id)", "Plans": [{"Node Type": "Nested Loop", "Parent Relationship": "Outer", "Join Type": "Inner", "Startup Cost": 0.0, "Total Cost": 496943.44, "Plan Rows": 630, "Plan Width": 33, "Inner Unique": true, "Plans": [{"Node Type": "Nested Loop", "Parent Relationship": "Outer", "Join Type": "Inner", "Startup Cost": 0.0, "Total Cost": 496767.04, "Plan Rows": 630, "Plan Width": 37, "Inner Unique": true, "Plans": [{"Node Type": "Nested Loop", "Parent Relationship": "Outer", "Join Type": "Inner", "Startup Cost": 0.0, "Total Cost": 496464.42, "Plan Rows": 1052, "Plan Width": 41, "Inner Unique": false, "Plans": [{"Node Type": "Nested Loop", "Parent Relationship": "Outer", "Join Type": "Inner", "Startup Cost": 0.0, "Total Cost": 496175.34, "Plan Rows": 490, "Plan Width": 29, "Inner Unique": false, "Plans": [{"Node Type": "Nested Loop", "Parent Relationship": "Outer", "Join Type": "Inner", "Startup Cost": 0.0, "Total Cost": 495699.65, "Plan Rows": 192, "Plan Width": 4, "Inner Unique": false, "Plans": [{"Node Type": "Index Scan", "Parent Relationship": "Outer", "Scan Direction": "Forward", "Index Name": "info_type_pkey", "Relation Name": "info_type", "Alias": "it1", "Startup Cost": 0.0, "Total Cost": 14.21, "Plan Rows": 1, "Plan Width": 4, "Filter": "((info)::text = 'release dates'::text)"}, {"Node Type": "Index Scan", "Parent Relationship": "Inner", "Scan Direction": "Forward", "Index Name": "info_type_id_movie_info", "Relation Name": "movie_info", "Alias": "mi", "Startup Cost": 0.0, "Total Cost": 495683.52, "Plan Rows": 192, "Plan Width": 8, "Index Cond": "(info_type_id = it1.id)", "Filter": "((note)::text ~~ '%internet%'::text)"}]}, {"Node Type": "Index Scan", "Parent Relationship": "Inner", "Scan Direction": "Forward", "Index Name": "movie_id_aka_title", "Relation Name": "aka_title", "Alias": "at", "Startup Cost": 0.0, "Total Cost": 2.45, "Plan Rows": 3, "Plan Width": 25, "Index Cond": "(movie_id = mi.movie_id)"}]}, {"Node Type": "Index Scan", "Parent Relationship": "Inner", "Scan Direction": "Forward", "Index Name": "movie_id_movie_companies", "Relation Name": "movie_companies", "Alias": "mc", "Startup Cost": 0.0, "Total Cost": 0.57, "Plan Rows": 2, "Plan Width": 12, "Index Cond": "(movie_id = at.movie_id)"}]}, {"Node Type": "Index Scan", "Parent Relationship": "Inner", "Scan Direction": "Forward", "Index Name": "company_name_pkey", "Relation Name": "company_name", "Alias": "cn", "Startup Cost": 0.0, "Total Cost": 0.28, "Plan Rows": 1, "Plan Width": 4, "Index Cond": "(id = mc.company_id)", "Filter": "((country_code)::text = '[us]'::text)"}]}, {"Node Type": "Index Scan", "Parent Relationship": "Inner", "Scan Direction": "Forward", "Index Name": "company_type_pkey", "Relation Name": "company_type", "Alias": "ct", "Startup Cost": 0.0, "Total Cost": 0.27, "Plan Rows": 1, "Plan Width": 4, "Index Cond": "(id = mc.company_type_id)"}]}, {"Node Type": "Index Scan", "Parent Relationship": "Inner", "Scan Direction": "Forward", "Index Name": "title_pkey", "Relation Name": "title", "Alias": "t", "Startup Cost": 0.0, "Total Cost": 0.34, "Plan Rows": 1, "Plan Width": 21, "Index Cond": "(id = mc.movie_id)", "Filter": "(production_year > 1990)"}]}, {"Node Type": "Index Scan", "Parent Relationship": "Inner", "Scan Direction": "Forward", "Index Name": "movie_id_movie_keyword", "Relation Name": "movie_keyword", "Alias": "mk", "Startup Cost": 0.0, "Total Cost": 0.46, "Plan Rows": 8, "Plan Width": 8, "Index Cond": "(movie_id = mc.movie_id)"}]}, {"Node Type": "Index Scan", "Parent Relationship": "Inner", "Scan Direction": "Forward", "Index Name": "keyword_pkey", "Relation Name": "keyword", "Alias": "k", "Startup Cost": 0.0, "Total Cost": 0.27, "Plan Rows": 1, "Plan Width": 4, "Index Cond": "(id = mk.keyword_id)"}]}]}, "Unique SQL Id": 2302223328, "Planner Runtime": 87}, "explain_analyze_plan": null}, "(64, 110)": {"explain_plan": {"Plan": {"Node Type": "Aggregate", "Strategy": "Plain", "Startup Cost": 311589.1, "Total Cost": 311589.11, "Plan Rows": 1, "Plan Width": 102, "Plans": [{"Node Type": "Hash Join", "Parent Relationship": "Outer", "Join Type": "Inner", "Startup Cost": 157287.12, "Total Cost": 311553.89, "Plan Rows": 7042, "Plan Width": 38, "Inner Unique": true, "Hash Cond": "(mk.keyword_id = k.id)", "Plans": [{"Node Type": "Hash Join", "Parent Relationship": "Outer", "Join Type": "Inner", "Startup Cost": 153509.32, "Total Cost": 307680.65, "Plan Rows": 7042, "Plan Width": 42, "Inner Unique": true, "Hash Cond": "(mc.company_type_id = ct.id)", "Plans": [{"Node Type": "Hash Join", "Parent Relationship": "Outer", "Join Type": "Inner", "Startup Cost": 153508.25, "Total Cost": 307582.75, "Plan Rows": 7042, "Plan Width": 46, "Inner Unique": true, "Hash Cond": "(mc.company_id = cn.id)", "Plans": [{"Node Type": "Streaming(type: LOCAL GATHER dop: 1/64)", "Parent Relationship": "Outer", "Startup Cost": 150967.76, "Total Cost": 304940.38, "Plan Rows": 11758, "Plan Width": 50, "Plans": [{"Node Type": "Hash Join", "Parent Relationship": "Outer", "Join Type": "Inner", "Startup Cost": 150967.76, "Total Cost": 304697.82, "Plan Rows": 11758, "Plan Width": 50, "Inner Unique": true, "Hash Cond": "(at.movie_id = t.id)", "Plans": [{"Node Type": "Streaming(type: BROADCAST dop: 64/1)", "Parent Relationship": "Outer", "Startup Cost": 134616.86, "Total Cost": 288313.24, "Plan Rows": 543168, "Plan Width": 49, "Plans": [{"Node Type": "Hash Join", "Parent Relationship": "Outer", "Join Type": "Inner", "Startup Cost": 134616.86, "Total Cost": 214107.75, "Plan Rows": 8487, "Plan Width": 49, "Inner Unique": false, "Hash Cond": "(mk.movie_id = at.movie_id)", "Plans": [{"Node Type": "Seq Scan", "Parent Relationship": "Outer", "Relation Name": "movie_keyword", "Alias": "mk", "Startup Cost": 0.0, "Total Cost": 62441.29, "Plan Rows": 4523929, "Plan Width": 8}, {"Node Type": "Hash", "Parent Relationship": "Inner", "Startup Cost": 134603.71, "Total Cost": 134603.71, "Plan Rows": 1052, "Plan Width": 41, "Plans": [{"Node Type": "Hash Join", "Parent Relationship": "Outer", "Join Type": "Inner", "Startup Cost": 82991.79, "Total Cost": 134603.71, "Plan Rows": 1052, "Plan Width": 41, "Inner Unique": false, "Hash Cond": "(mc.movie_id = at.movie_id)", "Plans": [{"Node Type": "Seq Scan", "Parent Relationship": "Outer", "Relation Name": "movie_companies", "Alias": "mc", "Startup Cost": 0.0, "Total Cost": 41817.28, "Plan Rows": 2609128, "Plan Width": 12}, {"Node Type": "Hash", "Parent Relationship": "Inner", "Startup Cost": 82985.66, "Total Cost": 82985.66, "Plan Rows": 490, "Plan Width": 29, "Plans": [{"Node Type": "Hash Join", "Parent Relationship": "Outer", "Join Type": "Inner", "Startup Cost": 14415.51, "Total Cost": 82985.66, "Plan Rows": 490, "Plan Width": 29, "Inner Unique": false, "Hash Cond": "(mi.movie_id = at.movie_id)", "Plans": [{"Node Type": "Hash Join", "Parent Relationship": "Outer", "Join Type": "Inner", "Startup Cost": 2.41, "Total Cost": 68552.78, "Plan Rows": 192, "Plan Width": 4, "Inner Unique": true, "Hash Cond": "(mi.info_type_id = it1.id)", "Plans": [{"Node Type": "Streaming(type: LOCAL GATHER dop: 1/64)", "Parent Relationship": "Outer", "Startup Cost": 0.0, "Total Cost": 68498.12, "Plan Rows": 13419, "Plan Width": 8, "Plans": [{"Node Type": "Seq Scan", "Parent Relationship": "Outer", "Relation Name": "movie_info", "Alias": "mi", "Startup Cost": 0.0, "Total Cost": 68221.29, "Plan Rows": 13419, "Plan Width": 8, "Filter": "((note)::text ~~ '%internet%'::text)"}]}, {"Node Type": "Hash", "Parent Relationship": "Inner", "Startup Cost": 2.4, "Total Cost": 2.4, "Plan Rows": 1, "Plan Width": 4, "Plans": [{"Node Type": "Seq Scan", "Parent Relationship": "Outer", "Relation Name": "info_type", "Alias": "it1", "Startup Cost": 0.0, "Total Cost": 2.4, "Plan Rows": 1, "Plan Width": 4, "Filter": "((info)::text = 'release dates'::text)"}]}]}, {"Node Type": "Hash", "Parent Relationship": "Inner", "Startup Cost": 9894.71, "Total Cost": 9894.71, "Plan Rows": 361471, "Plan Width": 25, "Plans": [{"Node Type": "Seq Scan", "Parent Relationship": "Outer", "Relation Name": "aka_title", "Alias": "at", "Startup Cost": 0.0, "Total Cost": 9894.71, "Plan Rows": 361471, "Plan Width": 25}]}]}]}]}]}]}]}, {"Node Type": "Hash", "Parent Relationship": "Inner", "Startup Cost": 64037.34, "Total Cost": 64037.34, "Plan Rows": 1748840, "Plan Width": 21, "Plans": [{"Node Type": "Seq Scan", "Parent Relationship": "Outer", "Relation Name": "title", "Alias": "t", "Startup Cost": 0.0, "Total Cost": 64037.34, "Plan Rows": 1748840, "Plan Width": 21, "Filter": "(production_year > 1990), (LLVM Optimized)"}]}]}]}, {"Node Type": "Hash", "Parent Relationship": "Inner", "Startup Cost": 5903.45, "Total Cost": 5903.45, "Plan Rows": 85170, "Plan Width": 4, "Plans": [{"Node Type": "Seq Scan", "Parent Relationship": "Outer", "Relation Name": "company_name", "Alias": "cn", "Startup Cost": 0.0, "Total Cost": 5903.45, "Plan Rows": 85170, "Plan Width": 4, "Filter": "((country_code)::text = '[us]'::text)"}]}]}, {"Node Type": "Hash", "Parent Relationship": "Inner", "Startup Cost": 1.03, "Total Cost": 1.03, "Plan Rows": 3, "Plan Width": 4, "Plans": [{"Node Type": "Seq Scan", "Parent Relationship": "Outer", "Relation Name": "company_type", "Alias": "ct", "Startup Cost": 0.0, "Total Cost": 1.03, "Plan Rows": 3, "Plan Width": 4}]}]}, {"Node Type": "Hash", "Parent Relationship": "Inner", "Startup Cost": 2100.69, "Total Cost": 2100.69, "Plan Rows": 134169, "Plan Width": 4, "Plans": [{"Node Type": "Seq Scan", "Parent Relationship": "Outer", "Relation Name": "keyword", "Alias": "k", "Startup Cost": 0.0, "Total Cost": 2100.69, "Plan Rows": 134169, "Plan Width": 4}]}]}]}, "Unique SQL Id": 2302223328, "Planner Runtime": 284}, "explain_analyze_plan": null}, "(64, 111)": {"explain_plan": {"Plan": {"Node Type": "Aggregate", "Strategy": "Plain", "Startup Cost": 9000056097820.72, "Total Cost": 9000056097820.73, "Plan Rows": 1, "Plan Width": 102, "Plans": [{"Node Type": "Hash Join", "Parent Relationship": "Outer", "Join Type": "Inner", "Startup Cost": 7020039712202.25, "Total Cost": 9000056097785.51, "Plan Rows": 7042, "Plan Width": 38, "Inner Unique": true, "Hash Cond": "(at.movie_id = t.id)", "Plans": [{"Node Type": "Hash Join", "Parent Relationship": "Outer", "Join Type": "Inner", "Startup Cost": 6020028046215.09, "Total Cost": 8000044431708.87, "Plan Rows": 5083, "Plan Width": 37, "Inner Unique": true, "Hash Cond": "(mk.keyword_id = k.id)", "Plans": [{"Node Type": "Hash Join", "Parent Relationship": "Outer", "Join Type": "Inner", "Startup Cost": 5020027759808.54, "Total Cost": 7000044145232.43, "Plan Rows": 5083, "Plan Width": 41, "Inner Unique": false, "Hash Cond": "(at.movie_id = mk.movie_id)", "Plans": [{"Node Type": "Hash Join", "Parent Relationship": "Outer", "Join Type": "Inner", "Startup Cost": 4020012402625.26, "Total Cost": 6000028787363.59, "Plan Rows": 630, "Plan Width": 33, "Inner Unique": true, "Hash Cond": "(mc.company_type_id = ct.id)", "Plans": [{"Node Type": "Hash Join", "Parent Relationship": "Outer", "Join Type": "Inner", "Startup Cost": 3020012401395.72, "Total Cost": 5000028786125.39, "Plan Rows": 630, "Plan Width": 37, "Inner Unique": true, "Hash Cond": "(mc.company_id = cn.id)", "Plans": [{"Node Type": "Hash Join", "Parent Relationship": "Outer", "Join Type": "Inner", "Startup Cost": 2020011350192.13, "Total Cost": 4000027734905.32, "Plan Rows": 1052, "Plan Width": 41, "Inner Unique": false, "Hash Cond": "(at.movie_id = mc.movie_id)", "Plans": [{"Node Type": "Hash Join", "Parent Relationship": "Outer", "Join Type": "Inner", "Startup Cost": 1020001999361.03, "Total Cost": 3000018383938.24, "Plan Rows": 490, "Plan Width": 29, "Inner Unique": false, "Hash Cond": "(mi.movie_id = at.movie_id)", "Plans": [{"Node Type": "Nested Loop", "Parent Relationship": "Outer", "Join Type": "Inner", "Startup Cost": 20000004841.51, "Total Cost": 2000016389398.93, "Plan Rows": 192, "Plan Width": 4, "Inner Unique": false, "Plans": [{"Node Type": "Index Scan", "Parent Relationship": "Outer", "Scan Direction": "Forward", "Index Name": "info_type_pkey", "Relation Name": "info_type", "Alias": "it1", "Startup Cost": 10000000000.0, "Total Cost": 1000000001421.0, "Plan Rows": 1, "Plan Width": 4, "Filter": "((info)::text = 'release dates'::text)"}, {"Node Type": "Bitmap Heap Scan", "Parent Relationship": "Inner", "Relation Name": "movie_info", "Alias": "mi", "Startup Cost": 10000004841.51, "Total Cost": 1000016387976.01, "Plan Rows": 192, "Plan Width": 8, "Recheck Cond": "(info_type_id = it1.id)", "Filter": "((note)::text ~~ '%internet%'::text)", "Plans": [{"Node Type": "Bitmap Index Scan", "Parent Relationship": "Outer", "Index Name": "info_type_id_movie_info", "Startup Cost": 0.0, "Total Cost": 4841.46, "Plan Rows": 212428, "Plan Width": 0, "Index Cond": "(info_type_id = it1.id)"}]}]}, {"Node Type": "Hash", "Parent Relationship": "Inner", "Startup Cost": 1000001990001.13, "Total Cost": 1000001990001.13, "Plan Rows": 361471, "Plan Width": 25, "Plans": [{"Node Type": "Index Scan", "Parent Relationship": "Outer", "Scan Direction": "Forward", "Index Name": "movie_id_aka_title", "Relation Name": "aka_title", "Alias": "at", "Startup Cost": 10000000000.0, "Total Cost": 1000001990001.13, "Plan Rows": 361471, "Plan Width": 25}]}]}, {"Node Type": "Hash", "Parent Relationship": "Inner", "Startup Cost": 1000009318217.0, "Total Cost": 1000009318217.0, "Plan Rows": 2609128, "Plan Width": 12, "Plans": [{"Node Type": "Index Scan", "Parent Relationship": "Outer", "Scan Direction": "Forward", "Index Name": "company_type_id_movie_companies", "Relation Name": "movie_companies", "Alias": "mc", "Startup Cost": 10000000000.0, "Total Cost": 1000009318217.0, "Plan Rows": 2609128, "Plan Width": 12}]}]}, {"Node Type": "Hash", "Parent Relationship": "Inner", "Startup Cost": 1000001050138.97, "Total Cost": 1000001050138.97, "Plan Rows": 85170, "Plan Width": 4, "Plans": [{"Node Type": "Index Scan", "Parent Relationship": "Outer", "Scan Direction": "Forward", "Index Name": "company_name_pkey", "Relation Name": "company_name", "Alias": "cn", "Startup Cost": 10000000000.0, "Total Cost": 1000001050138.97, "Plan Rows": 85170, "Plan Width": 4, "Filter": "((country_code)::text = '[us]'::text)"}]}]}, {"Node Type": "Hash", "Parent Relationship": "Inner", "Startup Cost": 1000000001229.5, "Total Cost": 1000000001229.5, "Plan Rows": 3, "Plan Width": 4, "Plans": [{"Node Type": "Index Scan", "Parent Relationship": "Outer", "Scan Direction": "Forward", "Index Name": "company_type_pkey", "Relation Name": "company_type", "Alias": "ct", "Startup Cost": 10000000000.0, "Total Cost": 1000000001229.5, "Plan Rows": 3, "Plan Width": 4}]}]}, {"Node Type": "Hash", "Parent Relationship": "Inner", "Startup Cost": 1000015300634.17, "Total Cost": 1000015300634.17, "Plan Rows": 4523929, "Plan Width": 8, "Plans": [{"Node Type": "Index Scan", "Parent Relationship": "Outer", "Scan Direction": "Forward", "Index Name": "movie_id_movie_keyword", "Relation Name": "movie_keyword", "Alias": "mk", "Startup Cost": 10000000000.0, "Total Cost": 1000015300634.17, "Plan Rows": 4523929, "Plan Width": 8}]}]}, {"Node Type": "Hash", "Parent Relationship": "Inner", "Startup Cost": 1000000284729.43, "Total Cost": 1000000284729.43, "Plan Rows": 134169, "Plan Width": 4, "Plans": [{"Node Type": "Index Scan", "Parent Relationship": "Outer", "Scan Direction": "Forward", "Index Name": "keyword_pkey", "Relation Name": "keyword", "Alias": "k", "Startup Cost": 10000000000.0, "Total Cost": 1000000284729.43, "Plan Rows": 134169, "Plan Width": 4}]}]}, {"Node Type": "Hash", "Parent Relationship": "Inner", "Startup Cost": 1000011644126.66, "Total Cost": 1000011644126.66, "Plan Rows": 1748840, "Plan Width": 21, "Plans": [{"Node Type": "Index Scan", "Parent Relationship": "Outer", "Scan Direction": "Forward", "Index Name": "title_pkey", "Relation Name": "title", "Alias": "t", "Startup Cost": 10000000000.0, "Total Cost": 1000011644126.66, "Plan Rows": 1748840, "Plan Width": 21, "Filter": "(production_year > 1990), (LLVM Optimized)"}]}]}]}, "Unique SQL Id": 2302223328, "Planner Runtime": 315}, "explain_analyze_plan": null}, "(64, 112)": {"explain_plan": {"Plan": {"Node Type": "Aggregate", "Strategy": "Plain", "Startup Cost": 71716.5, "Total Cost": 71716.51, "Plan Rows": 1, "Plan Width": 102, "Plans": [{"Node Type": "Nested Loop", "Parent Relationship": "Outer", "Join Type": "Inner", "Startup Cost": 0.0, "Total Cost": 71682.31, "Plan Rows": 6838, "Plan Width": 38, "Inner Unique": false, "Join Filter": "(t.id = at.movie_id)", "Plans": [{"Node Type": "Nested Loop", "Parent Relationship": "Outer", "Join Type": "Inner", "Startup Cost": 0.0, "Total Cost": 70883.7, "Plan Rows": 2257, "Plan Width": 33, "Inner Unique": true, "Plans": [{"Node Type": "Nested Loop", "Parent Relationship": "Outer", "Join Type": "Inner", "Startup Cost": 0.0, "Total Cost": 70251.71, "Plan Rows": 2257, "Plan Width": 37, "Inner Unique": false, "Join Filter": "(t.id = mk.movie_id)", "Plans": [{"Node Type": "Nested Loop", "Parent Relationship": "Outer", "Join Type": "Inner", "Startup Cost": 0.0, "Total Cost": 70095.36, "Plan Rows": 278, "Plan Width": 29, "Inner Unique": true, "Join Filter": "(mc.company_type_id = ct.id)", "Plans": [{"Node Type": "Nested Loop", "Parent Relationship": "Outer", "Join Type": "Inner", "Startup Cost": 0.0, "Total Cost": 70072.82, "Plan Rows": 478, "Plan Width": 33, "Inner Unique": true, "Plans": [{"Node Type": "Nested Loop", "Parent Relationship": "Outer", "Join Type": "Inner", "Startup Cost": 0.0, "Total Cost": 69909.43, "Plan Rows": 568, "Plan Width": 37, "Inner Unique": false, "Plans": [{"Node Type": "Nested Loop", "Parent Relationship": "Outer", "Join Type": "Inner", "Startup Cost": 0.0, "Total Cost": 69811.57, "Plan Rows": 266, "Plan Width": 25, "Inner Unique": true, "Plans": [{"Node Type": "Nested Loop", "Parent Relationship": "Outer", "Join Type": "Inner", "Startup Cost": 0.0, "Total Cost": 68668.26, "Plan Rows": 192, "Plan Width": 4, "Inner Unique": false, "Join Filter": "(it1.id = mi.info_type_id)", "Plans": [{"Node Type": "Seq Scan", "Parent Relationship": "Outer", "Relation Name": "info_type", "Alias": "it1", "Startup Cost": 0.0, "Total Cost": 2.4, "Plan Rows": 1, "Plan Width": 4, "Filter": "((info)::text = 'release dates'::text)"}, {"Node Type": "Materialize", "Parent Relationship": "Inner", "Startup Cost": 0.0, "Total Cost": 68531.67, "Plan Rows": 13419, "Plan Width": 8, "Plans": [{"Node Type": "Streaming(type: LOCAL GATHER dop: 1/64)", "Parent Relationship": "Outer", "Startup Cost": 0.0, "Total Cost": 68498.12, "Plan Rows": 13419, "Plan Width": 8, "Plans": [{"Node Type": "Seq Scan", "Parent Relationship": "Outer", "Relation Name": "movie_info", "Alias": "mi", "Startup Cost": 0.0, "Total Cost": 68221.29, "Plan Rows": 13419, "Plan Width": 8, "Filter": "((note)::text ~~ '%internet%'::text)"}]}]}]}, {"Node Type": "Index Scan", "Parent Relationship": "Inner", "Scan Direction": "Forward", "Index Name": "title_pkey", "Relation Name": "title", "Alias": "t", "Startup Cost": 0.0, "Total Cost": 5.94, "Plan Rows": 1, "Plan Width": 21, "Index Cond": "(id = mi.movie_id)", "Filter": "(production_year > 1990)"}]}, {"Node Type": "Index Scan", "Parent Relationship": "Inner", "Scan Direction": "Forward", "Index Name": "movie_id_movie_companies", "Relation Name": "movie_companies", "Alias": "mc", "Startup Cost": 0.0, "Total Cost": 0.35, "Plan Rows": 2, "Plan Width": 12, "Index Cond": "(movie_id = t.id)"}]}, {"Node Type": "Index Scan", "Parent Relationship": "Inner", "Scan Direction": "Forward", "Index Name": "company_name_pkey", "Relation Name": "company_name", "Alias": "cn", "Startup Cost": 0.0, "Total Cost": 0.28, "Plan Rows": 1, "Plan Width": 4, "Index Cond": "(id = mc.company_id)", "Filter": "((country_code)::text = '[us]'::text)"}]}, {"Node Type": "Materialize", "Parent Relationship": "Inner", "Startup Cost": 0.0, "Total Cost": 1.04, "Plan Rows": 3, "Plan Width": 4, "Plans": [{"Node Type": "Seq Scan", "Parent Relationship": "Outer", "Relation Name": "company_type", "Alias": "ct", "Startup Cost": 0.0, "Total Cost": 1.03, "Plan Rows": 3, "Plan Width": 4}]}]}, {"Node Type": "Index Scan", "Parent Relationship": "Inner", "Scan Direction": "Forward", "Index Name": "movie_id_movie_keyword", "Relation Name": "movie_keyword", "Alias": "mk", "Startup Cost": 0.0, "Total Cost": 0.46, "Plan Rows": 8, "Plan Width": 8, "Index Cond": "(movie_id = mc.movie_id)"}]}, {"Node Type": "Index Only Scan", "Parent Relationship": "Inner", "Scan Direction": "Forward", "Index Name": "keyword_pkey", "Relation Name": "keyword", "Alias": "k", "Startup Cost": 0.0, "Total Cost": 0.27, "Plan Rows": 1, "Plan Width": 4, "Index Cond": "(id = mk.keyword_id)"}]}, {"Node Type": "Index Scan", "Parent Relationship": "Inner", "Scan Direction": "Forward", "Index Name": "movie_id_aka_title", "Relation Name": "aka_title", "Alias": "at", "Startup Cost": 0.0, "Total Cost": 0.32, "Plan Rows": 3, "Plan Width": 25, "Index Cond": "(movie_id = mk.movie_id)"}]}]}, "Unique SQL Id": 2302223328, "Planner Runtime": 39}, "explain_analyze_plan": {"Plan": {"Node Type": "Aggregate", "Strategy": "Plain", "Startup Cost": 71716.5, "Total Cost": 71716.51, "Plan Rows": 1, "Plan Width": 102, "Actual Min Startup Time": 522.11, "Actual Max Startup Time": 522.11, "Actual Min Total Time": 522.111, "Actual Max Total Time": 522.111, "Plans": [{"Node Type": "Nested Loop", "Parent Relationship": "Outer", "Join Type": "Inner", "Startup Cost": 0.0, "Total Cost": 71682.31, "Plan Rows": 6838, "Plan Width": 38, "Actual Min Startup Time": 174.853, "Actual Max Startup Time": 174.853, "Actual Min Total Time": 519.391, "Actual Max Total Time": 519.391, "Inner Unique": false, "Join Filter": "(t.id = at.movie_id)", "Rows Removed by Join Filter": 0, "Plans": [{"Node Type": "Nested Loop", "Parent Relationship": "Outer", "Join Type": "Inner", "Startup Cost": 0.0, "Total Cost": 70883.7, "Plan Rows": 2257, "Plan Width": 33, "Actual Min Startup Time": 174.833, "Actual Max Startup Time": 174.833, "Actual Min Total Time": 475.797, "Actual Max Total Time": 475.797, "Inner Unique": true, "Plans": [{"Node Type": "Nested Loop", "Parent Relationship": "Outer", "Join Type": "Inner", "Startup Cost": 0.0, "Total Cost": 70251.71, "Plan Rows": 2257, "Plan Width": 37, "Actual Min Startup Time": 174.819, "Actual Max Startup Time": 174.819, "Actual Min Total Time": 429.149, "Actual Max Total Time": 429.149, "Inner Unique": false, "Join Filter": "(t.id = mk.movie_id)", "Rows Removed by Join Filter": 0, "Plans": [{"Node Type": "Nested Loop", "Parent Relationship": "Outer", "Join Type": "Inner", "Startup Cost": 0.0, "Total Cost": 70095.36, "Plan Rows": 278, "Plan Width": 29, "Actual Min Startup Time": 174.755, "Actual Max Startup Time": 174.755, "Actual Min Total Time": 389.355, "Actual Max Total Time": 389.355, "Inner Unique": true, "Join Filter": "(mc.company_type_id = ct.id)", "Rows Removed by Join Filter": 11829, "Plans": [{"Node Type": "Nested Loop", "Parent Relationship": "Outer", "Join Type": "Inner", "Startup Cost": 0.0, "Total Cost": 70072.82, "Plan Rows": 478, "Plan Width": 33, "Actual Min Startup Time": 174.722, "Actual Max Startup Time": 174.722, "Actual Min Total Time": 380.83, "Actual Max Total Time": 380.83, "Inner Unique": true, "Plans": [{"Node Type": "Nested Loop", "Parent Relationship": "Outer", "Join Type": "Inner", "Startup Cost": 0.0, "Total Cost": 69909.43, "Plan Rows": 568, "Plan Width": 37, "Actual Min Startup Time": 174.7, "Actual Max Startup Time": 174.7, "Actual Min Total Time": 312.494, "Actual Max Total Time": 312.494, "Inner Unique": false, "Plans": [{"Node Type": "Nested Loop", "Parent Relationship": "Outer", "Join Type": "Inner", "Startup Cost": 0.0, "Total Cost": 69811.57, "Plan Rows": 266, "Plan Width": 25, "Actual Min Startup Time": 174.681, "Actual Max Startup Time": 174.681, "Actual Min Total Time": 246.736, "Actual Max Total Time": 246.736, "Inner Unique": true, "Plans": [{"Node Type": "Nested Loop", "Parent Relationship": "Outer", "Join Type": "Inner", "Startup Cost": 0.0, "Total Cost": 68668.26, "Plan Rows": 192, "Plan Width": 4, "Actual Min Startup Time": 174.648, "Actual Max Startup Time": 174.648, "Actual Min Total Time": 181.009, "Actual Max Total Time": 181.009, "Inner Unique": false, "Join Filter": "(it1.id = mi.info_type_id)", "Rows Removed by Join Filter": 131, "Plans": [{"Node Type": "Seq Scan", "Parent Relationship": "Outer", "Relation Name": "info_type", "Alias": "it1", "Startup Cost": 0.0, "Total Cost": 2.4, "Plan Rows": 1, "Plan Width": 4, "Actual Min Startup Time": 0.068, "Actual Max Startup Time": 0.068, "Actual Min Total Time": 0.098, "Actual Max Total Time": 0.098, "Filter": "((info)::text = 'release dates'::text)", "Rows Removed by Filter": 111, "Actual Rows": 1}, {"Node Type": "Materialize", "Parent Relationship": "Inner", "Startup Cost": 0.0, "Total Cost": 68531.67, "Plan Rows": 13419, "Plan Width": 8, "Actual Min Startup Time": 174.551, "Actual Max Startup Time": 174.551, "Actual Min Total Time": 176.148, "Actual Max Total Time": 176.148, "Plans": [{"Node Type": "Streaming(type: LOCAL GATHER dop: 1/64)", "Parent Relationship": "Outer", "Startup Cost": 0.0, "Total Cost": 68498.12, "Plan Rows": 13419, "Plan Width": 8, "Actual Min Startup Time": 92.65, "Actual Max Startup Time": 92.65, "Actual Min Total Time": 172.565, "Actual Max Total Time": 172.565, "Plans": [{"Node Type": "Seq Scan", "Parent Relationship": "Outer", "Relation Name": "movie_info", "Alias": "mi", "Startup Cost": 0.0, "Total Cost": 68221.29, "Plan Rows": 13419, "Plan Width": 8, "Actual Min Startup Time": 0.124, "Actual Max Startup Time": 22.037, "Actual Min Total Time": 60.732, "Actual Max Total Time": 70.75, "Filter": "((note)::text ~~ '%internet%'::text)", "Rows Removed by Filter": 14824909, "Actual Rows": 10810}], "Actual Rows": 10810}], "Actual Rows": 10811}], "Actual Rows": 10679}, {"Node Type": "Index Scan", "Parent Relationship": "Inner", "Scan Direction": "Forward", "Index Name": "title_pkey", "Relation Name": "title", "Alias": "t", "Startup Cost": 0.0, "Total Cost": 5.94, "Plan Rows": 1, "Plan Width": 21, "Actual Min Startup Time": 57.29, "Actual Max Startup Time": 57.29, "Actual Min Total Time": 57.29, "Actual Max Total Time": 57.29, "Index Cond": "(id = mi.movie_id)", "Rows Removed by Index Recheck": 0, "Filter": "(production_year > 1990)", "Rows Removed by Filter": 17, "Actual Rows": 10662}], "Actual Rows": 10662}, {"Node Type": "Index Scan", "Parent Relationship": "Inner", "Scan Direction": "Forward", "Index Name": "movie_id_movie_companies", "Relation Name": "movie_companies", "Alias": "mc", "Startup Cost": 0.0, "Total Cost": 0.35, "Plan Rows": 2, "Plan Width": 12, "Actual Min Startup Time": 46.71, "Actual Max Startup Time": 46.71, "Actual Min Total Time": 56.921, "Actual Max Total Time": 56.921, "Index Cond": "(movie_id = t.id)", "Rows Removed by Index Recheck": 0, "Actual Rows": 14377}], "Actual Rows": 14377}, {"Node Type": "Index Scan", "Parent Relationship": "Inner", "Scan Direction": "Forward", "Index Name": "company_name_pkey", "Relation Name": "company_name", "Alias": "cn", "Startup Cost": 0.0, "Total Cost": 0.28, "Plan Rows": 1, "Plan Width": 4, "Actual Min Startup Time": 57.992, "Actual Max Startup Time": 57.992, "Actual Min Total Time": 57.992, "Actual Max Total Time": 57.992, "Index Cond": "(id = mc.company_id)", "Rows Removed by Index Recheck": 0, "Filter": "((country_code)::text = '[us]'::text)", "Rows Removed by Filter": 4520, "Actual Rows": 9857}], "Actual Rows": 9857}, {"Node Type": "Materialize", "Parent Relationship": "Inner", "Startup Cost": 0.0, "Total Cost": 1.04, "Plan Rows": 3, "Plan Width": 4, "Actual Min Startup Time": 1.036, "Actual Max Startup Time": 1.036, "Actual Min Total Time": 2.027, "Actual Max Total Time": 2.027, "Plans": [{"Node Type": "Seq Scan", "Parent Relationship": "Outer", "Relation Name": "company_type", "Alias": "ct", "Startup Cost": 0.0, "Total Cost": 1.03, "Plan Rows": 3, "Plan Width": 4, "Actual Min Startup Time": 0.006, "Actual Max Startup Time": 0.006, "Actual Min Total Time": 0.009, "Actual Max Total Time": 0.009, "Actual Rows": 3}], "Actual Rows": 17743}], "Actual Rows": 5914}, {"Node Type": "Index Scan", "Parent Relationship": "Inner", "Scan Direction": "Forward", "Index Name": "movie_id_movie_keyword", "Relation Name": "movie_keyword", "Alias": "mk", "Startup Cost": 0.0, "Total Cost": 0.46, "Plan Rows": 8, "Plan Width": 8, "Actual Min Startup Time": 24.272, "Actual Max Startup Time": 24.272, "Actual Min Total Time": 30.707, "Actual Max Total Time": 30.707, "Index Cond": "(movie_id = mc.movie_id)", "Rows Removed by Index Recheck": 0, "Actual Rows": 14161}], "Actual Rows": 14161}, {"Node Type": "Index Only Scan", "Parent Relationship": "Inner", "Scan Direction": "Forward", "Index Name": "keyword_pkey", "Relation Name": "keyword", "Alias": "k", "Startup Cost": 0.0, "Total Cost": 0.27, "Plan Rows": 1, "Plan Width": 4, "Actual Min Startup Time": 36.485, "Actual Max Startup Time": 36.485, "Actual Min Total Time": 36.485, "Actual Max Total Time": 36.485, "Index Cond": "(id = mk.keyword_id)", "Rows Removed by Index Recheck": 0, "Heap Fetches": 0, "Actual Rows": 14161}], "Actual Rows": 14161}, {"Node Type": "Index Scan", "Parent Relationship": "Inner", "Scan Direction": "Forward", "Index Name": "movie_id_aka_title", "Relation Name": "aka_title", "Alias": "at", "Startup Cost": 0.0, "Total Cost": 0.32, "Plan Rows": 3, "Plan Width": 25, "Actual Min Startup Time": 33.225, "Actual Max Startup Time": 33.225, "Actual Min Total Time": 35.347, "Actual Max Total Time": 35.347, "Index Cond": "(movie_id = mk.movie_id)", "Rows Removed by Index Recheck": 0, "Actual Rows": 4371}], "Actual Rows": 4371}], "Actual Rows": 1}, "Triggers": [], "Planner Runtime": 39, "Total Runtime": 534.324, "Unique SQL Id": 2302223328}}, "(64, 113)": {"explain_plan": {"Plan": {"Node Type": "Aggregate", "Strategy": "Plain", "Startup Cost": 166951.4, "Total Cost": 166951.41, "Plan Rows": 1, "Plan Width": 102, "Plans": [{"Node Type": "Nested Loop", "Parent Relationship": "Outer", "Join Type": "Inner", "Startup Cost": 4841.51, "Total Cost": 166917.21, "Plan Rows": 6838, "Plan Width": 38, "Inner Unique": false, "Join Filter": "(t.id = at.movie_id)", "Plans": [{"Node Type": "Nested Loop", "Parent Relationship": "Outer", "Join Type": "Inner", "Startup Cost": 4841.51, "Total Cost": 166118.59, "Plan Rows": 2257, "Plan Width": 33, "Inner Unique": true, "Plans": [{"Node Type": "Nested Loop", "Parent Relationship": "Outer", "Join Type": "Inner", "Startup Cost": 4841.51, "Total Cost": 165486.61, "Plan Rows": 2257, "Plan Width": 37, "Inner Unique": false, "Join Filter": "(t.id = mk.movie_id)", "Plans": [{"Node Type": "Nested Loop", "Parent Relationship": "Outer", "Join Type": "Inner", "Startup Cost": 4841.51, "Total Cost": 165330.26, "Plan Rows": 278, "Plan Width": 29, "Inner Unique": true, "Join Filter": "(mc.company_type_id = ct.id)", "Plans": [{"Node Type": "Nested Loop", "Parent Relationship": "Outer", "Join Type": "Inner", "Startup Cost": 4841.51, "Total Cost": 165300.45, "Plan Rows": 478, "Plan Width": 33, "Inner Unique": true, "Plans": [{"Node Type": "Nested Loop", "Parent Relationship": "Outer", "Join Type": "Inner", "Startup Cost": 4841.51, "Total Cost": 165137.06, "Plan Rows": 568, "Plan Width": 37, "Inner Unique": false, "Plans": [{"Node Type": "Nested Loop", "Parent Relationship": "Outer", "Join Type": "Inner", "Startup Cost": 4841.51, "Total Cost": 165039.2, "Plan Rows": 266, "Plan Width": 25, "Inner Unique": true, "Plans": [{"Node Type": "Nested Loop", "Parent Relationship": "Outer", "Join Type": "Inner", "Startup Cost": 4841.51, "Total Cost": 163895.89, "Plan Rows": 192, "Plan Width": 4, "Inner Unique": false, "Plans": [{"Node Type": "Index Scan", "Parent Relationship": "Outer", "Scan Direction": "Forward", "Index Name": "info_type_pkey", "Relation Name": "info_type", "Alias": "it1", "Startup Cost": 0.0, "Total Cost": 14.21, "Plan Rows": 1, "Plan Width": 4, "Filter": "((info)::text = 'release dates'::text)"}, {"Node Type": "Bitmap Heap Scan", "Parent Relationship": "Inner", "Relation Name": "movie_info", "Alias": "mi", "Startup Cost": 4841.51, "Total Cost": 163879.76, "Plan Rows": 192, "Plan Width": 8, "Recheck Cond": "(info_type_id = it1.id)", "Filter": "((note)::text ~~ '%internet%'::text)", "Plans": [{"Node Type": "Bitmap Index Scan", "Parent Relationship": "Outer", "Index Name": "info_type_id_movie_info", "Startup Cost": 0.0, "Total Cost": 4841.46, "Plan Rows": 212428, "Plan Width": 0, "Index Cond": "(info_type_id = it1.id)"}]}]}, {"Node Type": "Index Scan", "Parent Relationship": "Inner", "Scan Direction": "Forward", "Index Name": "title_pkey", "Relation Name": "title", "Alias": "t", "Startup Cost": 0.0, "Total Cost": 5.94, "Plan Rows": 1, "Plan Width": 21, "Index Cond": "(id = mi.movie_id)", "Filter": "(production_year > 1990)"}]}, {"Node Type": "Index Scan", "Parent Relationship": "Inner", "Scan Direction": "Forward", "Index Name": "movie_id_movie_companies", "Relation Name": "movie_companies", "Alias": "mc", "Startup Cost": 0.0, "Total Cost": 0.35, "Plan Rows": 2, "Plan Width": 12, "Index Cond": "(movie_id = t.id)"}]}, {"Node Type": "Index Scan", "Parent Relationship": "Inner", "Scan Direction": "Forward", "Index Name": "company_name_pkey", "Relation Name": "company_name", "Alias": "cn", "Startup Cost": 0.0, "Total Cost": 0.28, "Plan Rows": 1, "Plan Width": 4, "Index Cond": "(id = mc.company_id)", "Filter": "((country_code)::text = '[us]'::text)"}]}, {"Node Type": "Materialize", "Parent Relationship": "Inner", "Startup Cost": 0.0, "Total Cost": 8.31, "Plan Rows": 3, "Plan Width": 4, "Plans": [{"Node Type": "Index Only Scan", "Parent Relationship": "Outer", "Scan Direction": "Forward", "Index Name": "company_type_pkey", "Relation Name": "company_type", "Alias": "ct", "Startup Cost": 0.0, "Total Cost": 8.29, "Plan Rows": 3, "Plan Width": 4}]}]}, {"Node Type": "Index Scan", "Parent Relationship": "Inner", "Scan Direction": "Forward", "Index Name": "movie_id_movie_keyword", "Relation Name": "movie_keyword", "Alias": "mk", "Startup Cost": 0.0, "Total Cost": 0.46, "Plan Rows": 8, "Plan Width": 8, "Index Cond": "(movie_id = mc.movie_id)"}]}, {"Node Type": "Index Only Scan", "Parent Relationship": "Inner", "Scan Direction": "Forward", "Index Name": "keyword_pkey", "Relation Name": "keyword", "Alias": "k", "Startup Cost": 0.0, "Total Cost": 0.27, "Plan Rows": 1, "Plan Width": 4, "Index Cond": "(id = mk.keyword_id)"}]}, {"Node Type": "Index Scan", "Parent Relationship": "Inner", "Scan Direction": "Forward", "Index Name": "movie_id_aka_title", "Relation Name": "aka_title", "Alias": "at", "Startup Cost": 0.0, "Total Cost": 0.32, "Plan Rows": 3, "Plan Width": 25, "Index Cond": "(movie_id = mk.movie_id)"}]}]}, "Unique SQL Id": 2302223328, "Planner Runtime": 35}, "explain_analyze_plan": null}, "(64, 114)": {"explain_plan": {"Plan": {"Node Type": "Aggregate", "Strategy": "Plain", "Startup Cost": 94111.46, "Total Cost": 94111.47, "Plan Rows": 1, "Plan Width": 102, "Plans": [{"Node Type": "Nested Loop", "Parent Relationship": "Outer", "Join Type": "Inner", "Startup Cost": 4.02, "Total Cost": 94077.27, "Plan Rows": 6838, "Plan Width": 38, "Inner Unique": false, "Join Filter": "(t.id = at.movie_id)", "Plans": [{"Node Type": "Nested Loop", "Parent Relationship": "Outer", "Join Type": "Inner", "Startup Cost": 3.74, "Total Cost": 84261.5, "Plan Rows": 2257, "Plan Width": 33, "Inner Unique": true, "Plans": [{"Node Type": "Nested Loop", "Parent Relationship": "Outer", "Join Type": "Inner", "Startup Cost": 3.49, "Total Cost": 74600.95, "Plan Rows": 2257, "Plan Width": 37, "Inner Unique": false, "Join Filter": "(t.id = mk.movie_id)", "Plans": [{"Node Type": "Nested Loop", "Parent Relationship": "Outer", "Join Type": "Inner", "Startup Cost": 3.15, "Total Cost": 73339.38, "Plan Rows": 278, "Plan Width": 29, "Inner Unique": true, "Join Filter": "(mi.movie_id = t.id)", "Plans": [{"Node Type": "Nested Loop", "Parent Relationship": "Outer", "Join Type": "Inner", "Startup Cost": 2.88, "Total Cost": 72475.19, "Plan Rows": 201, "Plan Width": 8, "Inner Unique": true, "Join Filter": "(mc.company_type_id = ct.id)", "Plans": [{"Node Type": "Nested Loop", "Parent Relationship": "Outer", "Join Type": "Inner", "Startup Cost": 2.88, "Total Cost": 72458.63, "Plan Rows": 345, "Plan Width": 12, "Inner Unique": true, "Plans": [{"Node Type": "Nested Loop", "Parent Relationship": "Outer", "Join Type": "Inner", "Startup Cost": 2.62, "Total Cost": 70702.45, "Plan Rows": 410, "Plan Width": 16, "Inner Unique": false, "Plans": [{"Node Type": "Nested Loop", "Parent Relationship": "Outer", "Join Type": "Inner", "Startup Cost": 0.0, "Total Cost": 68668.26, "Plan Rows": 192, "Plan Width": 4, "Inner Unique": false, "Join Filter": "(it1.id = mi.info_type_id)", "Plans": [{"Node Type": "Seq Scan", "Parent Relationship": "Outer", "Relation Name": "info_type", "Alias": "it1", "Startup Cost": 0.0, "Total Cost": 2.4, "Plan Rows": 1, "Plan Width": 4, "Filter": "((info)::text = 'release dates'::text)"}, {"Node Type": "Materialize", "Parent Relationship": "Inner", "Startup Cost": 0.0, "Total Cost": 68531.67, "Plan Rows": 13419, "Plan Width": 8, "Plans": [{"Node Type": "Streaming(type: LOCAL GATHER dop: 1/64)", "Parent Relationship": "Outer", "Startup Cost": 0.0, "Total Cost": 68498.12, "Plan Rows": 13419, "Plan Width": 8, "Plans": [{"Node Type": "Seq Scan", "Parent Relationship": "Outer", "Relation Name": "movie_info", "Alias": "mi", "Startup Cost": 0.0, "Total Cost": 68221.29, "Plan Rows": 13419, "Plan Width": 8, "Filter": "((note)::text ~~ '%internet%'::text)"}]}]}]}, {"Node Type": "Bitmap Heap Scan", "Parent Relationship": "Inner", "Relation Name": "movie_companies", "Alias": "mc", "Startup Cost": 2.62, "Total Cost": 10.57, "Plan Rows": 2, "Plan Width": 12, "Recheck Cond": "(movie_id = mi.movie_id)", "Plans": [{"Node Type": "Bitmap Index Scan", "Parent Relationship": "Outer", "Index Name": "movie_id_movie_companies", "Startup Cost": 0.0, "Total Cost": 2.62, "Plan Rows": 2, "Plan Width": 0, "Index Cond": "(movie_id = mi.movie_id)"}]}]}, {"Node Type": "Bitmap Heap Scan", "Parent Relationship": "Inner", "Relation Name": "company_name", "Alias": "cn", "Startup Cost": 0.26, "Total Cost": 4.27, "Plan Rows": 1, "Plan Width": 4, "Recheck Cond": "(id = mc.company_id)", "Filter": "((country_code)::text = '[us]'::text)", "Plans": [{"Node Type": "Bitmap Index Scan", "Parent Relationship": "Outer", "Index Name": "company_name_pkey", "Startup Cost": 0.0, "Total Cost": 0.26, "Plan Rows": 1, "Plan Width": 0, "Index Cond": "(id = mc.company_id)"}]}]}, {"Node Type": "Materialize", "Parent Relationship": "Inner", "Startup Cost": 0.0, "Total Cost": 1.04, "Plan Rows": 3, "Plan Width": 4, "Plans": [{"Node Type": "Seq Scan", "Parent Relationship": "Outer", "Relation Name": "company_type", "Alias": "ct", "Startup Cost": 0.0, "Total Cost": 1.03, "Plan Rows": 3, "Plan Width": 4}]}]}, {"Node Type": "Bitmap Heap Scan", "Parent Relationship": "Inner", "Relation Name": "title", "Alias": "t", "Startup Cost": 0.27, "Total Cost": 4.29, "Plan Rows": 1, "Plan Width": 21, "Recheck Cond": "(id = mc.movie_id)", "Filter": "(production_year > 1990)", "Plans": [{"Node Type": "Bitmap Index Scan", "Parent Relationship": "Outer", "Index Name": "title_pkey", "Startup Cost": 0.0, "Total Cost": 0.27, "Plan Rows": 1, "Plan Width": 0, "Index Cond": "(id = mc.movie_id)"}]}]}, {"Node Type": "Bitmap Heap Scan", "Parent Relationship": "Inner", "Relation Name": "movie_keyword", "Alias": "mk", "Startup Cost": 0.34, "Total Cost": 4.44, "Plan Rows": 8, "Plan Width": 8, "Recheck Cond": "(movie_id = mc.movie_id)", "Plans": [{"Node Type": "Bitmap Index Scan", "Parent Relationship": "Outer", "Index Name": "movie_id_movie_keyword", "Startup Cost": 0.0, "Total Cost": 0.34, "Plan Rows": 8, "Plan Width": 0, "Index Cond": "(movie_id = mc.movie_id)"}]}]}, {"Node Type": "Bitmap Heap Scan", "Parent Relationship": "Inner", "Relation Name": "keyword", "Alias": "k", "Startup Cost": 0.26, "Total Cost": 4.27, "Plan Rows": 1, "Plan Width": 4, "Recheck Cond": "(id = mk.keyword_id)", "Plans": [{"Node Type": "Bitmap Index Scan", "Parent Relationship": "Outer", "Index Name": "keyword_pkey", "Startup Cost": 0.0, "Total Cost": 0.26, "Plan Rows": 1, "Plan Width": 0, "Index Cond": "(id = mk.keyword_id)"}]}]}, {"Node Type": "Bitmap Heap Scan", "Parent Relationship": "Inner", "Relation Name": "aka_title", "Alias": "at", "Startup Cost": 0.27, "Total Cost": 4.31, "Plan Rows": 3, "Plan Width": 25, "Recheck Cond": "(movie_id = mk.movie_id)", "Plans": [{"Node Type": "Bitmap Index Scan", "Parent Relationship": "Outer", "Index Name": "movie_id_aka_title", "Startup Cost": 0.0, "Total Cost": 0.27, "Plan Rows": 3, "Plan Width": 0, "Index Cond": "(movie_id = mk.movie_id)"}]}]}]}, "Unique SQL Id": 2302223328, "Planner Runtime": 99}, "explain_analyze_plan": {"Plan": {"Node Type": "Aggregate", "Strategy": "Plain", "Startup Cost": 94111.46, "Total Cost": 94111.47, "Plan Rows": 1, "Plan Width": 102, "Actual Min Startup Time": 636.928, "Actual Max Startup Time": 636.928, "Actual Min Total Time": 636.928, "Actual Max Total Time": 636.928, "Plans": [{"Node Type": "Nested Loop", "Parent Relationship": "Outer", "Join Type": "Inner", "Startup Cost": 4.02, "Total Cost": 94077.27, "Plan Rows": 6838, "Plan Width": 38, "Actual Min Startup Time": 202.06, "Actual Max Startup Time": 202.06, "Actual Min Total Time": 633.841, "Actual Max Total Time": 633.841, "Inner Unique": false, "Join Filter": "(t.id = at.movie_id)", "Rows Removed by Join Filter": 0, "Plans": [{"Node Type": "Nested Loop", "Parent Relationship": "Outer", "Join Type": "Inner", "Startup Cost": 3.74, "Total Cost": 84261.5, "Plan Rows": 2257, "Plan Width": 33, "Actual Min Startup Time": 201.121, "Actual Max Startup Time": 201.121, "Actual Min Total Time": 571.556, "Actual Max Total Time": 571.556, "Inner Unique": true, "Plans": [{"Node Type": "Nested Loop", "Parent Relationship": "Outer", "Join Type": "Inner", "Startup Cost": 3.49, "Total Cost": 74600.95, "Plan Rows": 2257, "Plan Width": 37, "Actual Min Startup Time": 201.104, "Actual Max Startup Time": 201.104, "Actual Min Total Time": 491.548, "Actual Max Total Time": 491.548, "Inner Unique": false, "Join Filter": "(t.id = mk.movie_id)", "Rows Removed by Join Filter": 0, "Plans": [{"Node Type": "Nested Loop", "Parent Relationship": "Outer", "Join Type": "Inner", "Startup Cost": 3.15, "Total Cost": 73339.38, "Plan Rows": 278, "Plan Width": 29, "Actual Min Startup Time": 200.856, "Actual Max Startup Time": 200.856, "Actual Min Total Time": 445.734, "Actual Max Total Time": 445.734, "Inner Unique": true, "Join Filter": "(mi.movie_id = t.id)", "Rows Removed by Join Filter": 0, "Plans": [{"Node Type": "Nested Loop", "Parent Relationship": "Outer", "Join Type": "Inner", "Startup Cost": 2.88, "Total Cost": 72475.19, "Plan Rows": 201, "Plan Width": 8, "Actual Min Startup Time": 200.821, "Actual Max Startup Time": 200.821, "Actual Min Total Time": 396.955, "Actual Max Total Time": 396.955, "Inner Unique": true, "Join Filter": "(mc.company_type_id = ct.id)", "Rows Removed by Join Filter": 11874, "Plans": [{"Node Type": "Nested Loop", "Parent Relationship": "Outer", "Join Type": "Inner", "Startup Cost": 2.88, "Total Cost": 72458.63, "Plan Rows": 345, "Plan Width": 12, "Actual Min Startup Time": 200.789, "Actual Max Startup Time": 200.789, "Actual Min Total Time": 387.96, "Actual Max Total Time": 387.96, "Inner Unique": true, "Plans": [{"Node Type": "Nested Loop", "Parent Relationship": "Outer", "Join Type": "Inner", "Startup Cost": 2.62, "Total Cost": 70702.45, "Plan Rows": 410, "Plan Width": 16, "Actual Min Startup Time": 200.762, "Actual Max Startup Time": 200.762, "Actual Min Total Time": 296.921, "Actual Max Total Time": 296.921, "Inner Unique": false, "Plans": [{"Node Type": "Nested Loop", "Parent Relationship": "Outer", "Join Type": "Inner", "Startup Cost": 0.0, "Total Cost": 68668.26, "Plan Rows": 192, "Plan Width": 4, "Actual Min Startup Time": 200.714, "Actual Max Startup Time": 200.714, "Actual Min Total Time": 207.481, "Actual Max Total Time": 207.481, "Inner Unique": false, "Join Filter": "(it1.id = mi.info_type_id)", "Rows Removed by Join Filter": 131, "Plans": [{"Node Type": "Seq Scan", "Parent Relationship": "Outer", "Relation Name": "info_type", "Alias": "it1", "Startup Cost": 0.0, "Total Cost": 2.4, "Plan Rows": 1, "Plan Width": 4, "Actual Min Startup Time": 0.071, "Actual Max Startup Time": 0.071, "Actual Min Total Time": 0.1, "Actual Max Total Time": 0.1, "Filter": "((info)::text = 'release dates'::text)", "Rows Removed by Filter": 111, "Actual Rows": 1}, {"Node Type": "Materialize", "Parent Relationship": "Inner", "Startup Cost": 0.0, "Total Cost": 68531.67, "Plan Rows": 13419, "Plan Width": 8, "Actual Min Startup Time": 200.613, "Actual Max Startup Time": 200.613, "Actual Min Total Time": 202.301, "Actual Max Total Time": 202.301, "Plans": [{"Node Type": "Streaming(type: LOCAL GATHER dop: 1/64)", "Parent Relationship": "Outer", "Startup Cost": 0.0, "Total Cost": 68498.12, "Plan Rows": 13419, "Plan Width": 8, "Actual Min Startup Time": 53.109, "Actual Max Startup Time": 53.109, "Actual Min Total Time": 198.634, "Actual Max Total Time": 198.634, "Plans": [{"Node Type": "Seq Scan", "Parent Relationship": "Outer", "Relation Name": "movie_info", "Alias": "mi", "Startup Cost": 0.0, "Total Cost": 68221.29, "Plan Rows": 13419, "Plan Width": 8, "Actual Min Startup Time": 0.106, "Actual Max Startup Time": 33.662, "Actual Min Total Time": 60.191, "Actual Max Total Time": 96.731, "Filter": "((note)::text ~~ '%internet%'::text)", "Rows Removed by Filter": 14824909, "Actual Rows": 10810}], "Actual Rows": 10810}], "Actual Rows": 10811}], "Actual Rows": 10679}, {"Node Type": "Bitmap Heap Scan", "Parent Relationship": "Inner", "Relation Name": "movie_companies", "Alias": "mc", "Startup Cost": 2.62, "Total Cost": 10.57, "Plan Rows": 2, "Plan Width": 12, "Actual Min Startup Time": 64.738, "Actual Max Startup Time": 64.738, "Actual Min Total Time": 73.582, "Actual Max Total Time": 73.582, "Recheck Cond": "(movie_id = mi.movie_id)", "Rows Removed by Index Recheck": 0, "Exact Heap Blocks": 11702, "Lossy Heap Blocks": 11702, "Plans": [{"Node Type": "Bitmap Index Scan", "Parent Relationship": "Outer", "Index Name": "movie_id_movie_companies", "Startup Cost": 0.0, "Total Cost": 2.62, "Plan Rows": 2, "Plan Width": 0, "Actual Min Startup Time": 43.569, "Actual Max Startup Time": 43.569, "Actual Min Total Time": 43.569, "Actual Max Total Time": 43.569, "Index Cond": "(movie_id = mi.movie_id)", "Actual Rows": 14401}], "Actual Rows": 14401}], "Actual Rows": 14401}, {"Node Type": "Bitmap Heap Scan", "Parent Relationship": "Inner", "Relation Name": "company_name", "Alias": "cn", "Startup Cost": 0.26, "Total Cost": 4.27, "Plan Rows": 1, "Plan Width": 4, "Actual Min Startup Time": 72.717, "Actual Max Startup Time": 72.717, "Actual Min Total Time": 72.717, "Actual Max Total Time": 72.717, "Recheck Cond": "(id = mc.company_id)", "Rows Removed by Index Recheck": 0, "Filter": "((country_code)::text = '[us]'::text)", "Rows Removed by Filter": 4527, "Exact Heap Blocks": 14401, "Lossy Heap Blocks": 14401, "Plans": [{"Node Type": "Bitmap Index Scan", "Parent Relationship": "Outer", "Index Name": "company_name_pkey", "Startup Cost": 0.0, "Total Cost": 0.26, "Plan Rows": 1, "Plan Width": 0, "Actual Min Startup Time": 41.366, "Actual Max Startup Time": 41.366, "Actual Min Total Time": 41.366, "Actual Max Total Time": 41.366, "Index Cond": "(id = mc.company_id)", "Actual Rows": 14401}], "Actual Rows": 9874}], "Actual Rows": 9874}, {"Node Type": "Materialize", "Parent Relationship": "Inner", "Startup Cost": 0.0, "Total Cost": 1.04, "Plan Rows": 3, "Plan Width": 4, "Actual Min Startup Time": 1.15, "Actual Max Startup Time": 1.15, "Actual Min Total Time": 2.203, "Actual Max Total Time": 2.203, "Plans": [{"Node Type": "Seq Scan", "Parent Relationship": "Outer", "Relation Name": "company_type", "Alias": "ct", "Startup Cost": 0.0, "Total Cost": 1.03, "Plan Rows": 3, "Plan Width": 4, "Actual Min Startup Time": 0.007, "Actual Max Startup Time": 0.007, "Actual Min Total Time": 0.008, "Actual Max Total Time": 0.008, "Actual Rows": 3}], "Actual Rows": 17790}], "Actual Rows": 5916}, {"Node Type": "Bitmap Heap Scan", "Parent Relationship": "Inner", "Relation Name": "title", "Alias": "t", "Startup Cost": 0.27, "Total Cost": 4.29, "Plan Rows": 1, "Plan Width": 21, "Actual Min Startup Time": 39.533, "Actual Max Startup Time": 39.533, "Actual Min Total Time": 39.533, "Actual Max Total Time": 39.533, "Recheck Cond": "(id = mc.movie_id)", "Rows Removed by Index Recheck": 0, "Filter": "(production_year > 1990)", "Rows Removed by Filter": 2, "Exact Heap Blocks": 5916, "Lossy Heap Blocks": 5916, "Plans": [{"Node Type": "Bitmap Index Scan", "Parent Relationship": "Outer", "Index Name": "title_pkey", "Startup Cost": 0.0, "Total Cost": 0.27, "Plan Rows": 1, "Plan Width": 0, "Actual Min Startup Time": 23.703, "Actual Max Startup Time": 23.703, "Actual Min Total Time": 23.703, "Actual Max Total Time": 23.703, "Index Cond": "(id = mc.movie_id)", "Actual Rows": 5916}], "Actual Rows": 5914}], "Actual Rows": 5914}, {"Node Type": "Bitmap Heap Scan", "Parent Relationship": "Inner", "Relation Name": "movie_keyword", "Alias": "mk", "Startup Cost": 0.34, "Total Cost": 4.44, "Plan Rows": 8, "Plan Width": 8, "Actual Min Startup Time": 30.672, "Actual Max Startup Time": 30.672, "Actual Min Total Time": 32.769, "Actual Max Total Time": 32.769, "Recheck Cond": "(movie_id = mc.movie_id)", "Rows Removed by Index Recheck": 0, "Exact Heap Blocks": 1896, "Lossy Heap Blocks": 1896, "Plans": [{"Node Type": "Bitmap Index Scan", "Parent Relationship": "Outer", "Index Name": "movie_id_movie_keyword", "Startup Cost": 0.0, "Total Cost": 0.34, "Plan Rows": 8, "Plan Width": 0, "Actual Min Startup Time": 22.681, "Actual Max Startup Time": 22.681, "Actual Min Total Time": 22.681, "Actual Max Total Time": 22.681, "Index Cond": "(movie_id = mc.movie_id)", "Actual Rows": 14161}], "Actual Rows": 14161}], "Actual Rows": 14161}, {"Node Type": "Bitmap Heap Scan", "Parent Relationship": "Inner", "Relation Name": "keyword", "Alias": "k", "Startup Cost": 0.26, "Total Cost": 4.27, "Plan Rows": 1, "Plan Width": 4, "Actual Min Startup Time": 61.914, "Actual Max Startup Time": 61.914, "Actual Min Total Time": 61.914, "Actual Max Total Time": 61.914, "Recheck Cond": "(id = mk.keyword_id)", "Rows Removed by Index Recheck": 0, "Exact Heap Blocks": 14161, "Lossy Heap Blocks": 14161, "Plans": [{"Node Type": "Bitmap Index Scan", "Parent Relationship": "Outer", "Index Name": "keyword_pkey", "Startup Cost": 0.0, "Total Cost": 0.26, "Plan Rows": 1, "Plan Width": 0, "Actual Min Startup Time": 38.592, "Actual Max Startup Time": 38.592, "Actual Min Total Time": 38.592, "Actual Max Total Time": 38.592, "Index Cond": "(id = mk.keyword_id)", "Actual Rows": 14161}], "Actual Rows": 14161}], "Actual Rows": 14161}, {"Node Type": "Bitmap Heap Scan", "Parent Relationship": "Inner", "Relation Name": "aka_title", "Alias": "at", "Startup Cost": 0.27, "Total Cost": 4.31, "Plan Rows": 3, "Plan Width": 25, "Actual Min Startup Time": 43.36, "Actual Max Startup Time": 43.36, "Actual Min Total Time": 45.138, "Actual Max Total Time": 45.138, "Recheck Cond": "(movie_id = mk.movie_id)", "Rows Removed by Index Recheck": 0, "Exact Heap Blocks": 4371, "Lossy Heap Blocks": 4371, "Plans": [{"Node Type": "Bitmap Index Scan", "Parent Relationship": "Outer", "Index Name": "movie_id_aka_title", "Startup Cost": 0.0, "Total Cost": 0.27, "Plan Rows": 3, "Plan Width": 0, "Actual Min Startup Time": 33.139, "Actual Max Startup Time": 33.139, "Actual Min Total Time": 33.139, "Actual Max Total Time": 33.139, "Index Cond": "(movie_id = mk.movie_id)", "Actual Rows": 4371}], "Actual Rows": 4371}], "Actual Rows": 4371}], "Actual Rows": 1}, "Triggers": [], "Planner Runtime": 99, "Total Runtime": 648.644, "Unique SQL Id": 2302223328}}, "(64, 115)": {"explain_plan": {"Plan": {"Node Type": "Aggregate", "Strategy": "Plain", "Startup Cost": 190799.22, "Total Cost": 190799.23, "Plan Rows": 1, "Plan Width": 102, "Plans": [{"Node Type": "Nested Loop", "Parent Relationship": "Outer", "Join Type": "Inner", "Startup Cost": 4854.59, "Total Cost": 190765.03, "Plan Rows": 6838, "Plan Width": 38, "Inner Unique": false, "Join Filter": "(t.id = at.movie_id)", "Plans": [{"Node Type": "Nested Loop", "Parent Relationship": "Outer", "Join Type": "Inner", "Startup Cost": 4854.32, "Total Cost": 180949.25, "Plan Rows": 2257, "Plan Width": 33, "Inner Unique": true, "Plans": [{"Node Type": "Nested Loop", "Parent Relationship": "Outer", "Join Type": "Inner", "Startup Cost": 4854.06, "Total Cost": 171288.7, "Plan Rows": 2257, "Plan Width": 37, "Inner Unique": false, "Join Filter": "(t.id = mk.movie_id)", "Plans": [{"Node Type": "Nested Loop", "Parent Relationship": "Outer", "Join Type": "Inner", "Startup Cost": 4853.72, "Total Cost": 170027.13, "Plan Rows": 278, "Plan Width": 29, "Inner Unique": true, "Join Filter": "(mi.movie_id = t.id)", "Plans": [{"Node Type": "Nested Loop", "Parent Relationship": "Outer", "Join Type": "Inner", "Startup Cost": 4853.45, "Total Cost": 169162.94, "Plan Rows": 201, "Plan Width": 8, "Inner Unique": true, "Plans": [{"Node Type": "Nested Loop", "Parent Relationship": "Outer", "Join Type": "Inner", "Startup Cost": 4853.19, "Total Cost": 167686.26, "Plan Rows": 345, "Plan Width": 12, "Inner Unique": true, "Plans": [{"Node Type": "Nested Loop", "Parent Relationship": "Outer", "Join Type": "Inner", "Startup Cost": 4852.94, "Total Cost": 165930.08, "Plan Rows": 410, "Plan Width": 16, "Inner Unique": false, "Plans": [{"Node Type": "Nested Loop", "Parent Relationship": "Outer", "Join Type": "Inner", "Startup Cost": 4850.32, "Total Cost": 163895.89, "Plan Rows": 192, "Plan Width": 4, "Inner Unique": false, "Plans": [{"Node Type": "Bitmap Heap Scan", "Parent Relationship": "Outer", "Relation Name": "info_type", "Alias": "it1", "Startup Cost": 8.81, "Total Cost": 14.21, "Plan Rows": 1, "Plan Width": 4, "Filter": "((info)::text = 'release dates'::text)", "Plans": [{"Node Type": "Bitmap Index Scan", "Parent Relationship": "Outer", "Index Name": "info_type_pkey", "Startup Cost": 0.0, "Total Cost": 8.81, "Plan Rows": 112, "Plan Width": 0}]}, {"Node Type": "Bitmap Heap Scan", "Parent Relationship": "Inner", "Relation Name": "movie_info", "Alias": "mi", "Startup Cost": 4841.51, "Total Cost": 163879.76, "Plan Rows": 192, "Plan Width": 8, "Recheck Cond": "(info_type_id = it1.id)", "Filter": "((note)::text ~~ '%internet%'::text)", "Plans": [{"Node Type": "Bitmap Index Scan", "Parent Relationship": "Outer", "Index Name": "info_type_id_movie_info", "Startup Cost": 0.0, "Total Cost": 4841.46, "Plan Rows": 212428, "Plan Width": 0, "Index Cond": "(info_type_id = it1.id)"}]}]}, {"Node Type": "Bitmap Heap Scan", "Parent Relationship": "Inner", "Relation Name": "movie_companies", "Alias": "mc", "Startup Cost": 2.62, "Total Cost": 10.57, "Plan Rows": 2, "Plan Width": 12, "Recheck Cond": "(movie_id = mi.movie_id)", "Plans": [{"Node Type": "Bitmap Index Scan", "Parent Relationship": "Outer", "Index Name": "movie_id_movie_companies", "Startup Cost": 0.0, "Total Cost": 2.62, "Plan Rows": 2, "Plan Width": 0, "Index Cond": "(movie_id = mi.movie_id)"}]}]}, {"Node Type": "Bitmap Heap Scan", "Parent Relationship": "Inner", "Relation Name": "company_name", "Alias": "cn", "Startup Cost": 0.26, "Total Cost": 4.27, "Plan Rows": 1, "Plan Width": 4, "Recheck Cond": "(id = mc.company_id)", "Filter": "((country_code)::text = '[us]'::text)", "Plans": [{"Node Type": "Bitmap Index Scan", "Parent Relationship": "Outer", "Index Name": "company_name_pkey", "Startup Cost": 0.0, "Total Cost": 0.26, "Plan Rows": 1, "Plan Width": 0, "Index Cond": "(id = mc.company_id)"}]}]}, {"Node Type": "Bitmap Heap Scan", "Parent Relationship": "Inner", "Relation Name": "company_type", "Alias": "ct", "Startup Cost": 0.26, "Total Cost": 4.27, "Plan Rows": 1, "Plan Width": 4, "Recheck Cond": "(id = mc.company_type_id)", "Plans": [{"Node Type": "Bitmap Index Scan", "Parent Relationship": "Outer", "Index Name": "company_type_pkey", "Startup Cost": 0.0, "Total Cost": 0.26, "Plan Rows": 1, "Plan Width": 0, "Index Cond": "(id = mc.company_type_id)"}]}]}, {"Node Type": "Bitmap Heap Scan", "Parent Relationship": "Inner", "Relation Name": "title", "Alias": "t", "Startup Cost": 0.27, "Total Cost": 4.29, "Plan Rows": 1, "Plan Width": 21, "Recheck Cond": "(id = mc.movie_id)", "Filter": "(production_year > 1990)", "Plans": [{"Node Type": "Bitmap Index Scan", "Parent Relationship": "Outer", "Index Name": "title_pkey", "Startup Cost": 0.0, "Total Cost": 0.27, "Plan Rows": 1, "Plan Width": 0, "Index Cond": "(id = mc.movie_id)"}]}]}, {"Node Type": "Bitmap Heap Scan", "Parent Relationship": "Inner", "Relation Name": "movie_keyword", "Alias": "mk", "Startup Cost": 0.34, "Total Cost": 4.44, "Plan Rows": 8, "Plan Width": 8, "Recheck Cond": "(movie_id = mc.movie_id)", "Plans": [{"Node Type": "Bitmap Index Scan", "Parent Relationship": "Outer", "Index Name": "movie_id_movie_keyword", "Startup Cost": 0.0, "Total Cost": 0.34, "Plan Rows": 8, "Plan Width": 0, "Index Cond": "(movie_id = mc.movie_id)"}]}]}, {"Node Type": "Bitmap Heap Scan", "Parent Relationship": "Inner", "Relation Name": "keyword", "Alias": "k", "Startup Cost": 0.26, "Total Cost": 4.27, "Plan Rows": 1, "Plan Width": 4, "Recheck Cond": "(id = mk.keyword_id)", "Plans": [{"Node Type": "Bitmap Index Scan", "Parent Relationship": "Outer", "Index Name": "keyword_pkey", "Startup Cost": 0.0, "Total Cost": 0.26, "Plan Rows": 1, "Plan Width": 0, "Index Cond": "(id = mk.keyword_id)"}]}]}, {"Node Type": "Bitmap Heap Scan", "Parent Relationship": "Inner", "Relation Name": "aka_title", "Alias": "at", "Startup Cost": 0.27, "Total Cost": 4.31, "Plan Rows": 3, "Plan Width": 25, "Recheck Cond": "(movie_id = mk.movie_id)", "Plans": [{"Node Type": "Bitmap Index Scan", "Parent Relationship": "Outer", "Index Name": "movie_id_aka_title", "Startup Cost": 0.0, "Total Cost": 0.27, "Plan Rows": 3, "Plan Width": 0, "Index Cond": "(movie_id = mk.movie_id)"}]}]}]}, "Unique SQL Id": 2302223328, "Planner Runtime": 48}, "explain_analyze_plan": null}, "(64, 116)": {"explain_plan": {"Plan": {"Node Type": "Aggregate", "Strategy": "Plain", "Startup Cost": 71718.02, "Total Cost": 71718.03, "Plan Rows": 1, "Plan Width": 102, "Plans": [{"Node Type": "Nested Loop", "Parent Relationship": "Outer", "Join Type": "Inner", "Startup Cost": 0.0, "Total Cost": 71683.83, "Plan Rows": 6838, "Plan Width": 38, "Inner Unique": false, "Join Filter": "(t.id = at.movie_id)", "Plans": [{"Node Type": "Nested Loop", "Parent Relationship": "Outer", "Join Type": "Inner", "Startup Cost": 0.0, "Total Cost": 70885.21, "Plan Rows": 2257, "Plan Width": 33, "Inner Unique": true, "Plans": [{"Node Type": "Nested Loop", "Parent Relationship": "Outer", "Join Type": "Inner", "Startup Cost": 0.0, "Total Cost": 70251.71, "Plan Rows": 2257, "Plan Width": 37, "Inner Unique": false, "Join Filter": "(t.id = mk.movie_id)", "Plans": [{"Node Type": "Nested Loop", "Parent Relationship": "Outer", "Join Type": "Inner", "Startup Cost": 0.0, "Total Cost": 70095.36, "Plan Rows": 278, "Plan Width": 29, "Inner Unique": true, "Join Filter": "(mc.company_type_id = ct.id)", "Plans": [{"Node Type": "Nested Loop", "Parent Relationship": "Outer", "Join Type": "Inner", "Startup Cost": 0.0, "Total Cost": 70072.82, "Plan Rows": 478, "Plan Width": 33, "Inner Unique": true, "Plans": [{"Node Type": "Nested Loop", "Parent Relationship": "Outer", "Join Type": "Inner", "Startup Cost": 0.0, "Total Cost": 69909.43, "Plan Rows": 568, "Plan Width": 37, "Inner Unique": false, "Plans": [{"Node Type": "Nested Loop", "Parent Relationship": "Outer", "Join Type": "Inner", "Startup Cost": 0.0, "Total Cost": 69811.57, "Plan Rows": 266, "Plan Width": 25, "Inner Unique": true, "Plans": [{"Node Type": "Nested Loop", "Parent Relationship": "Outer", "Join Type": "Inner", "Startup Cost": 0.0, "Total Cost": 68668.26, "Plan Rows": 192, "Plan Width": 4, "Inner Unique": false, "Join Filter": "(it1.id = mi.info_type_id)", "Plans": [{"Node Type": "Seq Scan", "Parent Relationship": "Outer", "Relation Name": "info_type", "Alias": "it1", "Startup Cost": 0.0, "Total Cost": 2.4, "Plan Rows": 1, "Plan Width": 4, "Filter": "((info)::text = 'release dates'::text)"}, {"Node Type": "Materialize", "Parent Relationship": "Inner", "Startup Cost": 0.0, "Total Cost": 68531.67, "Plan Rows": 13419, "Plan Width": 8, "Plans": [{"Node Type": "Streaming(type: LOCAL GATHER dop: 1/64)", "Parent Relationship": "Outer", "Startup Cost": 0.0, "Total Cost": 68498.12, "Plan Rows": 13419, "Plan Width": 8, "Plans": [{"Node Type": "Seq Scan", "Parent Relationship": "Outer", "Relation Name": "movie_info", "Alias": "mi", "Startup Cost": 0.0, "Total Cost": 68221.29, "Plan Rows": 13419, "Plan Width": 8, "Filter": "((note)::text ~~ '%internet%'::text)"}]}]}]}, {"Node Type": "Index Scan", "Parent Relationship": "Inner", "Scan Direction": "Forward", "Index Name": "title_pkey", "Relation Name": "title", "Alias": "t", "Startup Cost": 0.0, "Total Cost": 5.94, "Plan Rows": 1, "Plan Width": 21, "Index Cond": "(id = mi.movie_id)", "Filter": "(production_year > 1990)"}]}, {"Node Type": "Index Scan", "Parent Relationship": "Inner", "Scan Direction": "Forward", "Index Name": "movie_id_movie_companies", "Relation Name": "movie_companies", "Alias": "mc", "Startup Cost": 0.0, "Total Cost": 0.35, "Plan Rows": 2, "Plan Width": 12, "Index Cond": "(movie_id = t.id)"}]}, {"Node Type": "Index Scan", "Parent Relationship": "Inner", "Scan Direction": "Forward", "Index Name": "company_name_pkey", "Relation Name": "company_name", "Alias": "cn", "Startup Cost": 0.0, "Total Cost": 0.28, "Plan Rows": 1, "Plan Width": 4, "Index Cond": "(id = mc.company_id)", "Filter": "((country_code)::text = '[us]'::text)"}]}, {"Node Type": "Materialize", "Parent Relationship": "Inner", "Startup Cost": 0.0, "Total Cost": 1.04, "Plan Rows": 3, "Plan Width": 4, "Plans": [{"Node Type": "Seq Scan", "Parent Relationship": "Outer", "Relation Name": "company_type", "Alias": "ct", "Startup Cost": 0.0, "Total Cost": 1.03, "Plan Rows": 3, "Plan Width": 4}]}]}, {"Node Type": "Index Scan", "Parent Relationship": "Inner", "Scan Direction": "Forward", "Index Name": "movie_id_movie_keyword", "Relation Name": "movie_keyword", "Alias": "mk", "Startup Cost": 0.0, "Total Cost": 0.46, "Plan Rows": 8, "Plan Width": 8, "Index Cond": "(movie_id = mc.movie_id)"}]}, {"Node Type": "Index Scan", "Parent Relationship": "Inner", "Scan Direction": "Forward", "Index Name": "keyword_pkey", "Relation Name": "keyword", "Alias": "k", "Startup Cost": 0.0, "Total Cost": 0.27, "Plan Rows": 1, "Plan Width": 4, "Index Cond": "(id = mk.keyword_id)"}]}, {"Node Type": "Index Scan", "Parent Relationship": "Inner", "Scan Direction": "Forward", "Index Name": "movie_id_aka_title", "Relation Name": "aka_title", "Alias": "at", "Startup Cost": 0.0, "Total Cost": 0.32, "Plan Rows": 3, "Plan Width": 25, "Index Cond": "(movie_id = mk.movie_id)"}]}]}, "Unique SQL Id": 2302223328, "Planner Runtime": 39}, "explain_analyze_plan": {"Plan": {"Node Type": "Aggregate", "Strategy": "Plain", "Startup Cost": 71718.02, "Total Cost": 71718.03, "Plan Rows": 1, "Plan Width": 102, "Actual Min Startup Time": 547.347, "Actual Max Startup Time": 547.347, "Actual Min Total Time": 547.348, "Actual Max Total Time": 547.348, "Plans": [{"Node Type": "Nested Loop", "Parent Relationship": "Outer", "Join Type": "Inner", "Startup Cost": 0.0, "Total Cost": 71683.83, "Plan Rows": 6838, "Plan Width": 38, "Actual Min Startup Time": 180.382, "Actual Max Startup Time": 180.382, "Actual Min Total Time": 544.555, "Actual Max Total Time": 544.555, "Inner Unique": false, "Join Filter": "(t.id = at.movie_id)", "Rows Removed by Join Filter": 0, "Plans": [{"Node Type": "Nested Loop", "Parent Relationship": "Outer", "Join Type": "Inner", "Startup Cost": 0.0, "Total Cost": 70885.21, "Plan Rows": 2257, "Plan Width": 33, "Actual Min Startup Time": 179.524, "Actual Max Startup Time": 179.524, "Actual Min Total Time": 500.461, "Actual Max Total Time": 500.461, "Inner Unique": true, "Plans": [{"Node Type": "Nested Loop", "Parent Relationship": "Outer", "Join Type": "Inner", "Startup Cost": 0.0, "Total Cost": 70251.71, "Plan Rows": 2257, "Plan Width": 37, "Actual Min Startup Time": 179.509, "Actual Max Startup Time": 179.509, "Actual Min Total Time": 438.86, "Actual Max Total Time": 438.86, "Inner Unique": false, "Join Filter": "(t.id = mk.movie_id)", "Rows Removed by Join Filter": 0, "Plans": [{"Node Type": "Nested Loop", "Parent Relationship": "Outer", "Join Type": "Inner", "Startup Cost": 0.0, "Total Cost": 70095.36, "Plan Rows": 278, "Plan Width": 29, "Actual Min Startup Time": 179.263, "Actual Max Startup Time": 179.263, "Actual Min Total Time": 398.238, "Actual Max Total Time": 398.238, "Inner Unique": true, "Join Filter": "(mc.company_type_id = ct.id)", "Rows Removed by Join Filter": 11829, "Plans": [{"Node Type": "Nested Loop", "Parent Relationship": "Outer", "Join Type": "Inner", "Startup Cost": 0.0, "Total Cost": 70072.82, "Plan Rows": 478, "Plan Width": 33, "Actual Min Startup Time": 179.232, "Actual Max Startup Time": 179.232, "Actual Min Total Time": 389.678, "Actual Max Total Time": 389.678, "Inner Unique": true, "Plans": [{"Node Type": "Nested Loop", "Parent Relationship": "Outer", "Join Type": "Inner", "Startup Cost": 0.0, "Total Cost": 69909.43, "Plan Rows": 568, "Plan Width": 37, "Actual Min Startup Time": 179.21, "Actual Max Startup Time": 179.21, "Actual Min Total Time": 319.875, "Actual Max Total Time": 319.875, "Inner Unique": false, "Plans": [{"Node Type": "Nested Loop", "Parent Relationship": "Outer", "Join Type": "Inner", "Startup Cost": 0.0, "Total Cost": 69811.57, "Plan Rows": 266, "Plan Width": 25, "Actual Min Startup Time": 179.191, "Actual Max Startup Time": 179.191, "Actual Min Total Time": 252.898, "Actual Max Total Time": 252.898, "Inner Unique": true, "Plans": [{"Node Type": "Nested Loop", "Parent Relationship": "Outer", "Join Type": "Inner", "Startup Cost": 0.0, "Total Cost": 68668.26, "Plan Rows": 192, "Plan Width": 4, "Actual Min Startup Time": 179.149, "Actual Max Startup Time": 179.149, "Actual Min Total Time": 185.777, "Actual Max Total Time": 185.777, "Inner Unique": false, "Join Filter": "(it1.id = mi.info_type_id)", "Rows Removed by Join Filter": 131, "Plans": [{"Node Type": "Seq Scan", "Parent Relationship": "Outer", "Relation Name": "info_type", "Alias": "it1", "Startup Cost": 0.0, "Total Cost": 2.4, "Plan Rows": 1, "Plan Width": 4, "Actual Min Startup Time": 0.065, "Actual Max Startup Time": 0.065, "Actual Min Total Time": 0.098, "Actual Max Total Time": 0.098, "Filter": "((info)::text = 'release dates'::text)", "Rows Removed by Filter": 111, "Actual Rows": 1}, {"Node Type": "Materialize", "Parent Relationship": "Inner", "Startup Cost": 0.0, "Total Cost": 68531.67, "Plan Rows": 13419, "Plan Width": 8, "Actual Min Startup Time": 179.058, "Actual Max Startup Time": 179.058, "Actual Min Total Time": 180.828, "Actual Max Total Time": 180.828, "Plans": [{"Node Type": "Streaming(type: LOCAL GATHER dop: 1/64)", "Parent Relationship": "Outer", "Startup Cost": 0.0, "Total Cost": 68498.12, "Plan Rows": 13419, "Plan Width": 8, "Actual Min Startup Time": 66.772, "Actual Max Startup Time": 66.772, "Actual Min Total Time": 176.998, "Actual Max Total Time": 176.998, "Plans": [{"Node Type": "Seq Scan", "Parent Relationship": "Outer", "Relation Name": "movie_info", "Alias": "mi", "Startup Cost": 0.0, "Total Cost": 68221.29, "Plan Rows": 13419, "Plan Width": 8, "Actual Min Startup Time": 0.112, "Actual Max Startup Time": 22.063, "Actual Min Total Time": 60.45, "Actual Max Total Time": 72.522, "Filter": "((note)::text ~~ '%internet%'::text)", "Rows Removed by Filter": 14824909, "Actual Rows": 10810}], "Actual Rows": 10810}], "Actual Rows": 10811}], "Actual Rows": 10679}, {"Node Type": "Index Scan", "Parent Relationship": "Inner", "Scan Direction": "Forward", "Index Name": "title_pkey", "Relation Name": "title", "Alias": "t", "Startup Cost": 0.0, "Total Cost": 5.94, "Plan Rows": 1, "Plan Width": 21, "Actual Min Startup Time": 58.139, "Actual Max Startup Time": 58.139, "Actual Min Total Time": 58.139, "Actual Max Total Time": 58.139, "Index Cond": "(id = mi.movie_id)", "Rows Removed by Index Recheck": 0, "Filter": "(production_year > 1990)", "Rows Removed by Filter": 17, "Actual Rows": 10662}], "Actual Rows": 10662}, {"Node Type": "Index Scan", "Parent Relationship": "Inner", "Scan Direction": "Forward", "Index Name": "movie_id_movie_companies", "Relation Name": "movie_companies", "Alias": "mc", "Startup Cost": 0.0, "Total Cost": 0.35, "Plan Rows": 2, "Plan Width": 12, "Actual Min Startup Time": 47.393, "Actual Max Startup Time": 47.393, "Actual Min Total Time": 57.925, "Actual Max Total Time": 57.925, "Index Cond": "(movie_id = t.id)", "Rows Removed by Index Recheck": 0, "Actual Rows": 14377}], "Actual Rows": 14377}, {"Node Type": "Index Scan", "Parent Relationship": "Inner", "Scan Direction": "Forward", "Index Name": "company_name_pkey", "Relation Name": "company_name", "Alias": "cn", "Startup Cost": 0.0, "Total Cost": 0.28, "Plan Rows": 1, "Plan Width": 4, "Actual Min Startup Time": 59.003, "Actual Max Startup Time": 59.003, "Actual Min Total Time": 59.003, "Actual Max Total Time": 59.003, "Index Cond": "(id = mc.company_id)", "Rows Removed by Index Recheck": 0, "Filter": "((country_code)::text = '[us]'::text)", "Rows Removed by Filter": 4520, "Actual Rows": 9857}], "Actual Rows": 9857}, {"Node Type": "Materialize", "Parent Relationship": "Inner", "Startup Cost": 0.0, "Total Cost": 1.04, "Plan Rows": 3, "Plan Width": 4, "Actual Min Startup Time": 1.06, "Actual Max Startup Time": 1.06, "Actual Min Total Time": 2.111, "Actual Max Total Time": 2.111, "Plans": [{"Node Type": "Seq Scan", "Parent Relationship": "Outer", "Relation Name": "company_type", "Alias": "ct", "Startup Cost": 0.0, "Total Cost": 1.03, "Plan Rows": 3, "Plan Width": 4, "Actual Min Startup Time": 0.007, "Actual Max Startup Time": 0.007, "Actual Min Total Time": 0.008, "Actual Max Total Time": 0.008, "Actual Rows": 3}], "Actual Rows": 17743}], "Actual Rows": 5914}, {"Node Type": "Index Scan", "Parent Relationship": "Inner", "Scan Direction": "Forward", "Index Name": "movie_id_movie_keyword", "Relation Name": "movie_keyword", "Alias": "mk", "Startup Cost": 0.0, "Total Cost": 0.46, "Plan Rows": 8, "Plan Width": 8, "Actual Min Startup Time": 24.877, "Actual Max Startup Time": 24.877, "Actual Min Total Time": 31.123, "Actual Max Total Time": 31.123, "Index Cond": "(movie_id = mc.movie_id)", "Rows Removed by Index Recheck": 0, "Actual Rows": 14161}], "Actual Rows": 14161}, {"Node Type": "Index Scan", "Parent Relationship": "Inner", "Scan Direction": "Forward", "Index Name": "keyword_pkey", "Relation Name": "keyword", "Alias": "k", "Startup Cost": 0.0, "Total Cost": 0.27, "Plan Rows": 1, "Plan Width": 4, "Actual Min Startup Time": 49.961, "Actual Max Startup Time": 49.961, "Actual Min Total Time": 49.961, "Actual Max Total Time": 49.961, "Index Cond": "(id = mk.keyword_id)", "Rows Removed by Index Recheck": 0, "Actual Rows": 14161}], "Actual Rows": 14161}, {"Node Type": "Index Scan", "Parent Relationship": "Inner", "Scan Direction": "Forward", "Index Name": "movie_id_aka_title", "Relation Name": "aka_title", "Alias": "at", "Startup Cost": 0.0, "Total Cost": 0.32, "Plan Rows": 3, "Plan Width": 25, "Actual Min Startup Time": 32.731, "Actual Max Startup Time": 32.731, "Actual Min Total Time": 35.006, "Actual Max Total Time": 35.006, "Index Cond": "(movie_id = mk.movie_id)", "Rows Removed by Index Recheck": 0, "Actual Rows": 4371}], "Actual Rows": 4371}], "Actual Rows": 1}, "Triggers": [], "Planner Runtime": 39, "Total Runtime": 560.106, "Unique SQL Id": 2302223328}}, "(64, 117)": {"explain_plan": {"Plan": {"Node Type": "Aggregate", "Strategy": "Plain", "Startup Cost": 166956.91, "Total Cost": 166956.92, "Plan Rows": 1, "Plan Width": 102, "Plans": [{"Node Type": "Nested Loop", "Parent Relationship": "Outer", "Join Type": "Inner", "Startup Cost": 4841.51, "Total Cost": 166922.72, "Plan Rows": 6838, "Plan Width": 38, "Inner Unique": false, "Join Filter": "(t.id = at.movie_id)", "Plans": [{"Node Type": "Nested Loop", "Parent Relationship": "Outer", "Join Type": "Inner", "Startup Cost": 4841.51, "Total Cost": 166124.11, "Plan Rows": 2257, "Plan Width": 33, "Inner Unique": true, "Plans": [{"Node Type": "Nested Loop", "Parent Relationship": "Outer", "Join Type": "Inner", "Startup Cost": 4841.51, "Total Cost": 165490.61, "Plan Rows": 2257, "Plan Width": 37, "Inner Unique": false, "Join Filter": "(t.id = mk.movie_id)", "Plans": [{"Node Type": "Nested Loop", "Parent Relationship": "Outer", "Join Type": "Inner", "Startup Cost": 4841.51, "Total Cost": 165334.26, "Plan Rows": 278, "Plan Width": 29, "Inner Unique": true, "Join Filter": "(mc.company_type_id = ct.id)", "Plans": [{"Node Type": "Nested Loop", "Parent Relationship": "Outer", "Join Type": "Inner", "Startup Cost": 4841.51, "Total Cost": 165300.45, "Plan Rows": 478, "Plan Width": 33, "Inner Unique": true, "Plans": [{"Node Type": "Nested Loop", "Parent Relationship": "Outer", "Join Type": "Inner", "Startup Cost": 4841.51, "Total Cost": 165137.06, "Plan Rows": 568, "Plan Width": 37, "Inner Unique": false, "Plans": [{"Node Type": "Nested Loop", "Parent Relationship": "Outer", "Join Type": "Inner", "Startup Cost": 4841.51, "Total Cost": 165039.2, "Plan Rows": 266, "Plan Width": 25, "Inner Unique": true, "Plans": [{"Node Type": "Nested Loop", "Parent Relationship": "Outer", "Join Type": "Inner", "Startup Cost": 4841.51, "Total Cost": 163895.89, "Plan Rows": 192, "Plan Width": 4, "Inner Unique": false, "Plans": [{"Node Type": "Index Scan", "Parent Relationship": "Outer", "Scan Direction": "Forward", "Index Name": "info_type_pkey", "Relation Name": "info_type", "Alias": "it1", "Startup Cost": 0.0, "Total Cost": 14.21, "Plan Rows": 1, "Plan Width": 4, "Filter": "((info)::text = 'release dates'::text)"}, {"Node Type": "Bitmap Heap Scan", "Parent Relationship": "Inner", "Relation Name": "movie_info", "Alias": "mi", "Startup Cost": 4841.51, "Total Cost": 163879.76, "Plan Rows": 192, "Plan Width": 8, "Recheck Cond": "(info_type_id = it1.id)", "Filter": "((note)::text ~~ '%internet%'::text)", "Plans": [{"Node Type": "Bitmap Index Scan", "Parent Relationship": "Outer", "Index Name": "info_type_id_movie_info", "Startup Cost": 0.0, "Total Cost": 4841.46, "Plan Rows": 212428, "Plan Width": 0, "Index Cond": "(info_type_id = it1.id)"}]}]}, {"Node Type": "Index Scan", "Parent Relationship": "Inner", "Scan Direction": "Forward", "Index Name": "title_pkey", "Relation Name": "title", "Alias": "t", "Startup Cost": 0.0, "Total Cost": 5.94, "Plan Rows": 1, "Plan Width": 21, "Index Cond": "(id = mi.movie_id)", "Filter": "(production_year > 1990)"}]}, {"Node Type": "Index Scan", "Parent Relationship": "Inner", "Scan Direction": "Forward", "Index Name": "movie_id_movie_companies", "Relation Name": "movie_companies", "Alias": "mc", "Startup Cost": 0.0, "Total Cost": 0.35, "Plan Rows": 2, "Plan Width": 12, "Index Cond": "(movie_id = t.id)"}]}, {"Node Type": "Index Scan", "Parent Relationship": "Inner", "Scan Direction": "Forward", "Index Name": "company_name_pkey", "Relation Name": "company_name", "Alias": "cn", "Startup Cost": 0.0, "Total Cost": 0.28, "Plan Rows": 1, "Plan Width": 4, "Index Cond": "(id = mc.company_id)", "Filter": "((country_code)::text = '[us]'::text)"}]}, {"Node Type": "Materialize", "Parent Relationship": "Inner", "Startup Cost": 0.0, "Total Cost": 12.31, "Plan Rows": 3, "Plan Width": 4, "Plans": [{"Node Type": "Index Scan", "Parent Relationship": "Outer", "Scan Direction": "Forward", "Index Name": "company_type_pkey", "Relation Name": "company_type", "Alias": "ct", "Startup Cost": 0.0, "Total Cost": 12.29, "Plan Rows": 3, "Plan Width": 4}]}]}, {"Node Type": "Index Scan", "Parent Relationship": "Inner", "Scan Direction": "Forward", "Index Name": "movie_id_movie_keyword", "Relation Name": "movie_keyword", "Alias": "mk", "Startup Cost": 0.0, "Total Cost": 0.46, "Plan Rows": 8, "Plan Width": 8, "Index Cond": "(movie_id = mc.movie_id)"}]}, {"Node Type": "Index Scan", "Parent Relationship": "Inner", "Scan Direction": "Forward", "Index Name": "keyword_pkey", "Relation Name": "keyword", "Alias": "k", "Startup Cost": 0.0, "Total Cost": 0.27, "Plan Rows": 1, "Plan Width": 4, "Index Cond": "(id = mk.keyword_id)"}]}, {"Node Type": "Index Scan", "Parent Relationship": "Inner", "Scan Direction": "Forward", "Index Name": "movie_id_aka_title", "Relation Name": "aka_title", "Alias": "at", "Startup Cost": 0.0, "Total Cost": 0.32, "Plan Rows": 3, "Plan Width": 25, "Index Cond": "(movie_id = mk.movie_id)"}]}]}, "Unique SQL Id": 2302223328, "Planner Runtime": 35}, "explain_analyze_plan": null}, "(64, 118)": {"explain_plan": {"Plan": {"Node Type": "Aggregate", "Strategy": "Plain", "Startup Cost": 94111.46, "Total Cost": 94111.47, "Plan Rows": 1, "Plan Width": 102, "Plans": [{"Node Type": "Nested Loop", "Parent Relationship": "Outer", "Join Type": "Inner", "Startup Cost": 4.02, "Total Cost": 94077.27, "Plan Rows": 6838, "Plan Width": 38, "Inner Unique": false, "Join Filter": "(t.id = at.movie_id)", "Plans": [{"Node Type": "Nested Loop", "Parent Relationship": "Outer", "Join Type": "Inner", "Startup Cost": 3.74, "Total Cost": 84261.5, "Plan Rows": 2257, "Plan Width": 33, "Inner Unique": true, "Plans": [{"Node Type": "Nested Loop", "Parent Relationship": "Outer", "Join Type": "Inner", "Startup Cost": 3.49, "Total Cost": 74600.95, "Plan Rows": 2257, "Plan Width": 37, "Inner Unique": false, "Join Filter": "(t.id = mk.movie_id)", "Plans": [{"Node Type": "Nested Loop", "Parent Relationship": "Outer", "Join Type": "Inner", "Startup Cost": 3.15, "Total Cost": 73339.38, "Plan Rows": 278, "Plan Width": 29, "Inner Unique": true, "Join Filter": "(mi.movie_id = t.id)", "Plans": [{"Node Type": "Nested Loop", "Parent Relationship": "Outer", "Join Type": "Inner", "Startup Cost": 2.88, "Total Cost": 72475.19, "Plan Rows": 201, "Plan Width": 8, "Inner Unique": true, "Join Filter": "(mc.company_type_id = ct.id)", "Plans": [{"Node Type": "Nested Loop", "Parent Relationship": "Outer", "Join Type": "Inner", "Startup Cost": 2.88, "Total Cost": 72458.63, "Plan Rows": 345, "Plan Width": 12, "Inner Unique": true, "Plans": [{"Node Type": "Nested Loop", "Parent Relationship": "Outer", "Join Type": "Inner", "Startup Cost": 2.62, "Total Cost": 70702.45, "Plan Rows": 410, "Plan Width": 16, "Inner Unique": false, "Plans": [{"Node Type": "Nested Loop", "Parent Relationship": "Outer", "Join Type": "Inner", "Startup Cost": 0.0, "Total Cost": 68668.26, "Plan Rows": 192, "Plan Width": 4, "Inner Unique": false, "Join Filter": "(it1.id = mi.info_type_id)", "Plans": [{"Node Type": "Seq Scan", "Parent Relationship": "Outer", "Relation Name": "info_type", "Alias": "it1", "Startup Cost": 0.0, "Total Cost": 2.4, "Plan Rows": 1, "Plan Width": 4, "Filter": "((info)::text = 'release dates'::text)"}, {"Node Type": "Materialize", "Parent Relationship": "Inner", "Startup Cost": 0.0, "Total Cost": 68531.67, "Plan Rows": 13419, "Plan Width": 8, "Plans": [{"Node Type": "Streaming(type: LOCAL GATHER dop: 1/64)", "Parent Relationship": "Outer", "Startup Cost": 0.0, "Total Cost": 68498.12, "Plan Rows": 13419, "Plan Width": 8, "Plans": [{"Node Type": "Seq Scan", "Parent Relationship": "Outer", "Relation Name": "movie_info", "Alias": "mi", "Startup Cost": 0.0, "Total Cost": 68221.29, "Plan Rows": 13419, "Plan Width": 8, "Filter": "((note)::text ~~ '%internet%'::text)"}]}]}]}, {"Node Type": "Bitmap Heap Scan", "Parent Relationship": "Inner", "Relation Name": "movie_companies", "Alias": "mc", "Startup Cost": 2.62, "Total Cost": 10.57, "Plan Rows": 2, "Plan Width": 12, "Recheck Cond": "(movie_id = mi.movie_id)", "Plans": [{"Node Type": "Bitmap Index Scan", "Parent Relationship": "Outer", "Index Name": "movie_id_movie_companies", "Startup Cost": 0.0, "Total Cost": 2.62, "Plan Rows": 2, "Plan Width": 0, "Index Cond": "(movie_id = mi.movie_id)"}]}]}, {"Node Type": "Bitmap Heap Scan", "Parent Relationship": "Inner", "Relation Name": "company_name", "Alias": "cn", "Startup Cost": 0.26, "Total Cost": 4.27, "Plan Rows": 1, "Plan Width": 4, "Recheck Cond": "(id = mc.company_id)", "Filter": "((country_code)::text = '[us]'::text)", "Plans": [{"Node Type": "Bitmap Index Scan", "Parent Relationship": "Outer", "Index Name": "company_name_pkey", "Startup Cost": 0.0, "Total Cost": 0.26, "Plan Rows": 1, "Plan Width": 0, "Index Cond": "(id = mc.company_id)"}]}]}, {"Node Type": "Materialize", "Parent Relationship": "Inner", "Startup Cost": 0.0, "Total Cost": 1.04, "Plan Rows": 3, "Plan Width": 4, "Plans": [{"Node Type": "Seq Scan", "Parent Relationship": "Outer", "Relation Name": "company_type", "Alias": "ct", "Startup Cost": 0.0, "Total Cost": 1.03, "Plan Rows": 3, "Plan Width": 4}]}]}, {"Node Type": "Bitmap Heap Scan", "Parent Relationship": "Inner", "Relation Name": "title", "Alias": "t", "Startup Cost": 0.27, "Total Cost": 4.29, "Plan Rows": 1, "Plan Width": 21, "Recheck Cond": "(id = mc.movie_id)", "Filter": "(production_year > 1990)", "Plans": [{"Node Type": "Bitmap Index Scan", "Parent Relationship": "Outer", "Index Name": "title_pkey", "Startup Cost": 0.0, "Total Cost": 0.27, "Plan Rows": 1, "Plan Width": 0, "Index Cond": "(id = mc.movie_id)"}]}]}, {"Node Type": "Bitmap Heap Scan", "Parent Relationship": "Inner", "Relation Name": "movie_keyword", "Alias": "mk", "Startup Cost": 0.34, "Total Cost": 4.44, "Plan Rows": 8, "Plan Width": 8, "Recheck Cond": "(movie_id = mc.movie_id)", "Plans": [{"Node Type": "Bitmap Index Scan", "Parent Relationship": "Outer", "Index Name": "movie_id_movie_keyword", "Startup Cost": 0.0, "Total Cost": 0.34, "Plan Rows": 8, "Plan Width": 0, "Index Cond": "(movie_id = mc.movie_id)"}]}]}, {"Node Type": "Bitmap Heap Scan", "Parent Relationship": "Inner", "Relation Name": "keyword", "Alias": "k", "Startup Cost": 0.26, "Total Cost": 4.27, "Plan Rows": 1, "Plan Width": 4, "Recheck Cond": "(id = mk.keyword_id)", "Plans": [{"Node Type": "Bitmap Index Scan", "Parent Relationship": "Outer", "Index Name": "keyword_pkey", "Startup Cost": 0.0, "Total Cost": 0.26, "Plan Rows": 1, "Plan Width": 0, "Index Cond": "(id = mk.keyword_id)"}]}]}, {"Node Type": "Bitmap Heap Scan", "Parent Relationship": "Inner", "Relation Name": "aka_title", "Alias": "at", "Startup Cost": 0.27, "Total Cost": 4.31, "Plan Rows": 3, "Plan Width": 25, "Recheck Cond": "(movie_id = mk.movie_id)", "Plans": [{"Node Type": "Bitmap Index Scan", "Parent Relationship": "Outer", "Index Name": "movie_id_aka_title", "Startup Cost": 0.0, "Total Cost": 0.27, "Plan Rows": 3, "Plan Width": 0, "Index Cond": "(movie_id = mk.movie_id)"}]}]}]}, "Unique SQL Id": 2302223328, "Planner Runtime": 99}, "explain_analyze_plan": {"Plan": {"Node Type": "Aggregate", "Strategy": "Plain", "Startup Cost": 94111.46, "Total Cost": 94111.47, "Plan Rows": 1, "Plan Width": 102, "Actual Min Startup Time": 636.928, "Actual Max Startup Time": 636.928, "Actual Min Total Time": 636.928, "Actual Max Total Time": 636.928, "Plans": [{"Node Type": "Nested Loop", "Parent Relationship": "Outer", "Join Type": "Inner", "Startup Cost": 4.02, "Total Cost": 94077.27, "Plan Rows": 6838, "Plan Width": 38, "Actual Min Startup Time": 202.06, "Actual Max Startup Time": 202.06, "Actual Min Total Time": 633.841, "Actual Max Total Time": 633.841, "Inner Unique": false, "Join Filter": "(t.id = at.movie_id)", "Rows Removed by Join Filter": 0, "Plans": [{"Node Type": "Nested Loop", "Parent Relationship": "Outer", "Join Type": "Inner", "Startup Cost": 3.74, "Total Cost": 84261.5, "Plan Rows": 2257, "Plan Width": 33, "Actual Min Startup Time": 201.121, "Actual Max Startup Time": 201.121, "Actual Min Total Time": 571.556, "Actual Max Total Time": 571.556, "Inner Unique": true, "Plans": [{"Node Type": "Nested Loop", "Parent Relationship": "Outer", "Join Type": "Inner", "Startup Cost": 3.49, "Total Cost": 74600.95, "Plan Rows": 2257, "Plan Width": 37, "Actual Min Startup Time": 201.104, "Actual Max Startup Time": 201.104, "Actual Min Total Time": 491.548, "Actual Max Total Time": 491.548, "Inner Unique": false, "Join Filter": "(t.id = mk.movie_id)", "Rows Removed by Join Filter": 0, "Plans": [{"Node Type": "Nested Loop", "Parent Relationship": "Outer", "Join Type": "Inner", "Startup Cost": 3.15, "Total Cost": 73339.38, "Plan Rows": 278, "Plan Width": 29, "Actual Min Startup Time": 200.856, "Actual Max Startup Time": 200.856, "Actual Min Total Time": 445.734, "Actual Max Total Time": 445.734, "Inner Unique": true, "Join Filter": "(mi.movie_id = t.id)", "Rows Removed by Join Filter": 0, "Plans": [{"Node Type": "Nested Loop", "Parent Relationship": "Outer", "Join Type": "Inner", "Startup Cost": 2.88, "Total Cost": 72475.19, "Plan Rows": 201, "Plan Width": 8, "Actual Min Startup Time": 200.821, "Actual Max Startup Time": 200.821, "Actual Min Total Time": 396.955, "Actual Max Total Time": 396.955, "Inner Unique": true, "Join Filter": "(mc.company_type_id = ct.id)", "Rows Removed by Join Filter": 11874, "Plans": [{"Node Type": "Nested Loop", "Parent Relationship": "Outer", "Join Type": "Inner", "Startup Cost": 2.88, "Total Cost": 72458.63, "Plan Rows": 345, "Plan Width": 12, "Actual Min Startup Time": 200.789, "Actual Max Startup Time": 200.789, "Actual Min Total Time": 387.96, "Actual Max Total Time": 387.96, "Inner Unique": true, "Plans": [{"Node Type": "Nested Loop", "Parent Relationship": "Outer", "Join Type": "Inner", "Startup Cost": 2.62, "Total Cost": 70702.45, "Plan Rows": 410, "Plan Width": 16, "Actual Min Startup Time": 200.762, "Actual Max Startup Time": 200.762, "Actual Min Total Time": 296.921, "Actual Max Total Time": 296.921, "Inner Unique": false, "Plans": [{"Node Type": "Nested Loop", "Parent Relationship": "Outer", "Join Type": "Inner", "Startup Cost": 0.0, "Total Cost": 68668.26, "Plan Rows": 192, "Plan Width": 4, "Actual Min Startup Time": 200.714, "Actual Max Startup Time": 200.714, "Actual Min Total Time": 207.481, "Actual Max Total Time": 207.481, "Inner Unique": false, "Join Filter": "(it1.id = mi.info_type_id)", "Rows Removed by Join Filter": 131, "Plans": [{"Node Type": "Seq Scan", "Parent Relationship": "Outer", "Relation Name": "info_type", "Alias": "it1", "Startup Cost": 0.0, "Total Cost": 2.4, "Plan Rows": 1, "Plan Width": 4, "Actual Min Startup Time": 0.071, "Actual Max Startup Time": 0.071, "Actual Min Total Time": 0.1, "Actual Max Total Time": 0.1, "Filter": "((info)::text = 'release dates'::text)", "Rows Removed by Filter": 111, "Actual Rows": 1}, {"Node Type": "Materialize", "Parent Relationship": "Inner", "Startup Cost": 0.0, "Total Cost": 68531.67, "Plan Rows": 13419, "Plan Width": 8, "Actual Min Startup Time": 200.613, "Actual Max Startup Time": 200.613, "Actual Min Total Time": 202.301, "Actual Max Total Time": 202.301, "Plans": [{"Node Type": "Streaming(type: LOCAL GATHER dop: 1/64)", "Parent Relationship": "Outer", "Startup Cost": 0.0, "Total Cost": 68498.12, "Plan Rows": 13419, "Plan Width": 8, "Actual Min Startup Time": 53.109, "Actual Max Startup Time": 53.109, "Actual Min Total Time": 198.634, "Actual Max Total Time": 198.634, "Plans": [{"Node Type": "Seq Scan", "Parent Relationship": "Outer", "Relation Name": "movie_info", "Alias": "mi", "Startup Cost": 0.0, "Total Cost": 68221.29, "Plan Rows": 13419, "Plan Width": 8, "Actual Min Startup Time": 0.106, "Actual Max Startup Time": 33.662, "Actual Min Total Time": 60.191, "Actual Max Total Time": 96.731, "Filter": "((note)::text ~~ '%internet%'::text)", "Rows Removed by Filter": 14824909, "Actual Rows": 10810}], "Actual Rows": 10810}], "Actual Rows": 10811}], "Actual Rows": 10679}, {"Node Type": "Bitmap Heap Scan", "Parent Relationship": "Inner", "Relation Name": "movie_companies", "Alias": "mc", "Startup Cost": 2.62, "Total Cost": 10.57, "Plan Rows": 2, "Plan Width": 12, "Actual Min Startup Time": 64.738, "Actual Max Startup Time": 64.738, "Actual Min Total Time": 73.582, "Actual Max Total Time": 73.582, "Recheck Cond": "(movie_id = mi.movie_id)", "Rows Removed by Index Recheck": 0, "Exact Heap Blocks": 11702, "Lossy Heap Blocks": 11702, "Plans": [{"Node Type": "Bitmap Index Scan", "Parent Relationship": "Outer", "Index Name": "movie_id_movie_companies", "Startup Cost": 0.0, "Total Cost": 2.62, "Plan Rows": 2, "Plan Width": 0, "Actual Min Startup Time": 43.569, "Actual Max Startup Time": 43.569, "Actual Min Total Time": 43.569, "Actual Max Total Time": 43.569, "Index Cond": "(movie_id = mi.movie_id)", "Actual Rows": 14401}], "Actual Rows": 14401}], "Actual Rows": 14401}, {"Node Type": "Bitmap Heap Scan", "Parent Relationship": "Inner", "Relation Name": "company_name", "Alias": "cn", "Startup Cost": 0.26, "Total Cost": 4.27, "Plan Rows": 1, "Plan Width": 4, "Actual Min Startup Time": 72.717, "Actual Max Startup Time": 72.717, "Actual Min Total Time": 72.717, "Actual Max Total Time": 72.717, "Recheck Cond": "(id = mc.company_id)", "Rows Removed by Index Recheck": 0, "Filter": "((country_code)::text = '[us]'::text)", "Rows Removed by Filter": 4527, "Exact Heap Blocks": 14401, "Lossy Heap Blocks": 14401, "Plans": [{"Node Type": "Bitmap Index Scan", "Parent Relationship": "Outer", "Index Name": "company_name_pkey", "Startup Cost": 0.0, "Total Cost": 0.26, "Plan Rows": 1, "Plan Width": 0, "Actual Min Startup Time": 41.366, "Actual Max Startup Time": 41.366, "Actual Min Total Time": 41.366, "Actual Max Total Time": 41.366, "Index Cond": "(id = mc.company_id)", "Actual Rows": 14401}], "Actual Rows": 9874}], "Actual Rows": 9874}, {"Node Type": "Materialize", "Parent Relationship": "Inner", "Startup Cost": 0.0, "Total Cost": 1.04, "Plan Rows": 3, "Plan Width": 4, "Actual Min Startup Time": 1.15, "Actual Max Startup Time": 1.15, "Actual Min Total Time": 2.203, "Actual Max Total Time": 2.203, "Plans": [{"Node Type": "Seq Scan", "Parent Relationship": "Outer", "Relation Name": "company_type", "Alias": "ct", "Startup Cost": 0.0, "Total Cost": 1.03, "Plan Rows": 3, "Plan Width": 4, "Actual Min Startup Time": 0.007, "Actual Max Startup Time": 0.007, "Actual Min Total Time": 0.008, "Actual Max Total Time": 0.008, "Actual Rows": 3}], "Actual Rows": 17790}], "Actual Rows": 5916}, {"Node Type": "Bitmap Heap Scan", "Parent Relationship": "Inner", "Relation Name": "title", "Alias": "t", "Startup Cost": 0.27, "Total Cost": 4.29, "Plan Rows": 1, "Plan Width": 21, "Actual Min Startup Time": 39.533, "Actual Max Startup Time": 39.533, "Actual Min Total Time": 39.533, "Actual Max Total Time": 39.533, "Recheck Cond": "(id = mc.movie_id)", "Rows Removed by Index Recheck": 0, "Filter": "(production_year > 1990)", "Rows Removed by Filter": 2, "Exact Heap Blocks": 5916, "Lossy Heap Blocks": 5916, "Plans": [{"Node Type": "Bitmap Index Scan", "Parent Relationship": "Outer", "Index Name": "title_pkey", "Startup Cost": 0.0, "Total Cost": 0.27, "Plan Rows": 1, "Plan Width": 0, "Actual Min Startup Time": 23.703, "Actual Max Startup Time": 23.703, "Actual Min Total Time": 23.703, "Actual Max Total Time": 23.703, "Index Cond": "(id = mc.movie_id)", "Actual Rows": 5916}], "Actual Rows": 5914}], "Actual Rows": 5914}, {"Node Type": "Bitmap Heap Scan", "Parent Relationship": "Inner", "Relation Name": "movie_keyword", "Alias": "mk", "Startup Cost": 0.34, "Total Cost": 4.44, "Plan Rows": 8, "Plan Width": 8, "Actual Min Startup Time": 30.672, "Actual Max Startup Time": 30.672, "Actual Min Total Time": 32.769, "Actual Max Total Time": 32.769, "Recheck Cond": "(movie_id = mc.movie_id)", "Rows Removed by Index Recheck": 0, "Exact Heap Blocks": 1896, "Lossy Heap Blocks": 1896, "Plans": [{"Node Type": "Bitmap Index Scan", "Parent Relationship": "Outer", "Index Name": "movie_id_movie_keyword", "Startup Cost": 0.0, "Total Cost": 0.34, "Plan Rows": 8, "Plan Width": 0, "Actual Min Startup Time": 22.681, "Actual Max Startup Time": 22.681, "Actual Min Total Time": 22.681, "Actual Max Total Time": 22.681, "Index Cond": "(movie_id = mc.movie_id)", "Actual Rows": 14161}], "Actual Rows": 14161}], "Actual Rows": 14161}, {"Node Type": "Bitmap Heap Scan", "Parent Relationship": "Inner", "Relation Name": "keyword", "Alias": "k", "Startup Cost": 0.26, "Total Cost": 4.27, "Plan Rows": 1, "Plan Width": 4, "Actual Min Startup Time": 61.914, "Actual Max Startup Time": 61.914, "Actual Min Total Time": 61.914, "Actual Max Total Time": 61.914, "Recheck Cond": "(id = mk.keyword_id)", "Rows Removed by Index Recheck": 0, "Exact Heap Blocks": 14161, "Lossy Heap Blocks": 14161, "Plans": [{"Node Type": "Bitmap Index Scan", "Parent Relationship": "Outer", "Index Name": "keyword_pkey", "Startup Cost": 0.0, "Total Cost": 0.26, "Plan Rows": 1, "Plan Width": 0, "Actual Min Startup Time": 38.592, "Actual Max Startup Time": 38.592, "Actual Min Total Time": 38.592, "Actual Max Total Time": 38.592, "Index Cond": "(id = mk.keyword_id)", "Actual Rows": 14161}], "Actual Rows": 14161}], "Actual Rows": 14161}, {"Node Type": "Bitmap Heap Scan", "Parent Relationship": "Inner", "Relation Name": "aka_title", "Alias": "at", "Startup Cost": 0.27, "Total Cost": 4.31, "Plan Rows": 3, "Plan Width": 25, "Actual Min Startup Time": 43.36, "Actual Max Startup Time": 43.36, "Actual Min Total Time": 45.138, "Actual Max Total Time": 45.138, "Recheck Cond": "(movie_id = mk.movie_id)", "Rows Removed by Index Recheck": 0, "Exact Heap Blocks": 4371, "Lossy Heap Blocks": 4371, "Plans": [{"Node Type": "Bitmap Index Scan", "Parent Relationship": "Outer", "Index Name": "movie_id_aka_title", "Startup Cost": 0.0, "Total Cost": 0.27, "Plan Rows": 3, "Plan Width": 0, "Actual Min Startup Time": 33.139, "Actual Max Startup Time": 33.139, "Actual Min Total Time": 33.139, "Actual Max Total Time": 33.139, "Index Cond": "(movie_id = mk.movie_id)", "Actual Rows": 4371}], "Actual Rows": 4371}], "Actual Rows": 4371}], "Actual Rows": 1}, "Triggers": [], "Planner Runtime": 99, "Total Runtime": 648.644, "Unique SQL Id": 2302223328}}, "(64, 119)": {"explain_plan": {"Plan": {"Node Type": "Aggregate", "Strategy": "Plain", "Startup Cost": 190799.22, "Total Cost": 190799.23, "Plan Rows": 1, "Plan Width": 102, "Plans": [{"Node Type": "Nested Loop", "Parent Relationship": "Outer", "Join Type": "Inner", "Startup Cost": 4854.59, "Total Cost": 190765.03, "Plan Rows": 6838, "Plan Width": 38, "Inner Unique": false, "Join Filter": "(t.id = at.movie_id)", "Plans": [{"Node Type": "Nested Loop", "Parent Relationship": "Outer", "Join Type": "Inner", "Startup Cost": 4854.32, "Total Cost": 180949.25, "Plan Rows": 2257, "Plan Width": 33, "Inner Unique": true, "Plans": [{"Node Type": "Nested Loop", "Parent Relationship": "Outer", "Join Type": "Inner", "Startup Cost": 4854.06, "Total Cost": 171288.7, "Plan Rows": 2257, "Plan Width": 37, "Inner Unique": false, "Join Filter": "(t.id = mk.movie_id)", "Plans": [{"Node Type": "Nested Loop", "Parent Relationship": "Outer", "Join Type": "Inner", "Startup Cost": 4853.72, "Total Cost": 170027.13, "Plan Rows": 278, "Plan Width": 29, "Inner Unique": true, "Join Filter": "(mi.movie_id = t.id)", "Plans": [{"Node Type": "Nested Loop", "Parent Relationship": "Outer", "Join Type": "Inner", "Startup Cost": 4853.45, "Total Cost": 169162.94, "Plan Rows": 201, "Plan Width": 8, "Inner Unique": true, "Plans": [{"Node Type": "Nested Loop", "Parent Relationship": "Outer", "Join Type": "Inner", "Startup Cost": 4853.19, "Total Cost": 167686.26, "Plan Rows": 345, "Plan Width": 12, "Inner Unique": true, "Plans": [{"Node Type": "Nested Loop", "Parent Relationship": "Outer", "Join Type": "Inner", "Startup Cost": 4852.94, "Total Cost": 165930.08, "Plan Rows": 410, "Plan Width": 16, "Inner Unique": false, "Plans": [{"Node Type": "Nested Loop", "Parent Relationship": "Outer", "Join Type": "Inner", "Startup Cost": 4850.32, "Total Cost": 163895.89, "Plan Rows": 192, "Plan Width": 4, "Inner Unique": false, "Plans": [{"Node Type": "Bitmap Heap Scan", "Parent Relationship": "Outer", "Relation Name": "info_type", "Alias": "it1", "Startup Cost": 8.81, "Total Cost": 14.21, "Plan Rows": 1, "Plan Width": 4, "Filter": "((info)::text = 'release dates'::text)", "Plans": [{"Node Type": "Bitmap Index Scan", "Parent Relationship": "Outer", "Index Name": "info_type_pkey", "Startup Cost": 0.0, "Total Cost": 8.81, "Plan Rows": 112, "Plan Width": 0}]}, {"Node Type": "Bitmap Heap Scan", "Parent Relationship": "Inner", "Relation Name": "movie_info", "Alias": "mi", "Startup Cost": 4841.51, "Total Cost": 163879.76, "Plan Rows": 192, "Plan Width": 8, "Recheck Cond": "(info_type_id = it1.id)", "Filter": "((note)::text ~~ '%internet%'::text)", "Plans": [{"Node Type": "Bitmap Index Scan", "Parent Relationship": "Outer", "Index Name": "info_type_id_movie_info", "Startup Cost": 0.0, "Total Cost": 4841.46, "Plan Rows": 212428, "Plan Width": 0, "Index Cond": "(info_type_id = it1.id)"}]}]}, {"Node Type": "Bitmap Heap Scan", "Parent Relationship": "Inner", "Relation Name": "movie_companies", "Alias": "mc", "Startup Cost": 2.62, "Total Cost": 10.57, "Plan Rows": 2, "Plan Width": 12, "Recheck Cond": "(movie_id = mi.movie_id)", "Plans": [{"Node Type": "Bitmap Index Scan", "Parent Relationship": "Outer", "Index Name": "movie_id_movie_companies", "Startup Cost": 0.0, "Total Cost": 2.62, "Plan Rows": 2, "Plan Width": 0, "Index Cond": "(movie_id = mi.movie_id)"}]}]}, {"Node Type": "Bitmap Heap Scan", "Parent Relationship": "Inner", "Relation Name": "company_name", "Alias": "cn", "Startup Cost": 0.26, "Total Cost": 4.27, "Plan Rows": 1, "Plan Width": 4, "Recheck Cond": "(id = mc.company_id)", "Filter": "((country_code)::text = '[us]'::text)", "Plans": [{"Node Type": "Bitmap Index Scan", "Parent Relationship": "Outer", "Index Name": "company_name_pkey", "Startup Cost": 0.0, "Total Cost": 0.26, "Plan Rows": 1, "Plan Width": 0, "Index Cond": "(id = mc.company_id)"}]}]}, {"Node Type": "Bitmap Heap Scan", "Parent Relationship": "Inner", "Relation Name": "company_type", "Alias": "ct", "Startup Cost": 0.26, "Total Cost": 4.27, "Plan Rows": 1, "Plan Width": 4, "Recheck Cond": "(id = mc.company_type_id)", "Plans": [{"Node Type": "Bitmap Index Scan", "Parent Relationship": "Outer", "Index Name": "company_type_pkey", "Startup Cost": 0.0, "Total Cost": 0.26, "Plan Rows": 1, "Plan Width": 0, "Index Cond": "(id = mc.company_type_id)"}]}]}, {"Node Type": "Bitmap Heap Scan", "Parent Relationship": "Inner", "Relation Name": "title", "Alias": "t", "Startup Cost": 0.27, "Total Cost": 4.29, "Plan Rows": 1, "Plan Width": 21, "Recheck Cond": "(id = mc.movie_id)", "Filter": "(production_year > 1990)", "Plans": [{"Node Type": "Bitmap Index Scan", "Parent Relationship": "Outer", "Index Name": "title_pkey", "Startup Cost": 0.0, "Total Cost": 0.27, "Plan Rows": 1, "Plan Width": 0, "Index Cond": "(id = mc.movie_id)"}]}]}, {"Node Type": "Bitmap Heap Scan", "Parent Relationship": "Inner", "Relation Name": "movie_keyword", "Alias": "mk", "Startup Cost": 0.34, "Total Cost": 4.44, "Plan Rows": 8, "Plan Width": 8, "Recheck Cond": "(movie_id = mc.movie_id)", "Plans": [{"Node Type": "Bitmap Index Scan", "Parent Relationship": "Outer", "Index Name": "movie_id_movie_keyword", "Startup Cost": 0.0, "Total Cost": 0.34, "Plan Rows": 8, "Plan Width": 0, "Index Cond": "(movie_id = mc.movie_id)"}]}]}, {"Node Type": "Bitmap Heap Scan", "Parent Relationship": "Inner", "Relation Name": "keyword", "Alias": "k", "Startup Cost": 0.26, "Total Cost": 4.27, "Plan Rows": 1, "Plan Width": 4, "Recheck Cond": "(id = mk.keyword_id)", "Plans": [{"Node Type": "Bitmap Index Scan", "Parent Relationship": "Outer", "Index Name": "keyword_pkey", "Startup Cost": 0.0, "Total Cost": 0.26, "Plan Rows": 1, "Plan Width": 0, "Index Cond": "(id = mk.keyword_id)"}]}]}, {"Node Type": "Bitmap Heap Scan", "Parent Relationship": "Inner", "Relation Name": "aka_title", "Alias": "at", "Startup Cost": 0.27, "Total Cost": 4.31, "Plan Rows": 3, "Plan Width": 25, "Recheck Cond": "(movie_id = mk.movie_id)", "Plans": [{"Node Type": "Bitmap Index Scan", "Parent Relationship": "Outer", "Index Name": "movie_id_aka_title", "Startup Cost": 0.0, "Total Cost": 0.27, "Plan Rows": 3, "Plan Width": 0, "Index Cond": "(movie_id = mk.movie_id)"}]}]}]}, "Unique SQL Id": 2302223328, "Planner Runtime": 49}, "explain_analyze_plan": null}, "(64, 120)": {"explain_plan": {"Plan": {"Node Type": "Aggregate", "Strategy": "Plain", "Startup Cost": 71716.5, "Total Cost": 71716.51, "Plan Rows": 1, "Plan Width": 102, "Plans": [{"Node Type": "Nested Loop", "Parent Relationship": "Outer", "Join Type": "Inner", "Startup Cost": 0.0, "Total Cost": 71682.31, "Plan Rows": 6838, "Plan Width": 38, "Inner Unique": false, "Join Filter": "(t.id = at.movie_id)", "Plans": [{"Node Type": "Nested Loop", "Parent Relationship": "Outer", "Join Type": "Inner", "Startup Cost": 0.0, "Total Cost": 70883.7, "Plan Rows": 2257, "Plan Width": 33, "Inner Unique": true, "Plans": [{"Node Type": "Nested Loop", "Parent Relationship": "Outer", "Join Type": "Inner", "Startup Cost": 0.0, "Total Cost": 70251.71, "Plan Rows": 2257, "Plan Width": 37, "Inner Unique": false, "Join Filter": "(t.id = mk.movie_id)", "Plans": [{"Node Type": "Nested Loop", "Parent Relationship": "Outer", "Join Type": "Inner", "Startup Cost": 0.0, "Total Cost": 70095.36, "Plan Rows": 278, "Plan Width": 29, "Inner Unique": true, "Join Filter": "(mc.company_type_id = ct.id)", "Plans": [{"Node Type": "Nested Loop", "Parent Relationship": "Outer", "Join Type": "Inner", "Startup Cost": 0.0, "Total Cost": 70072.82, "Plan Rows": 478, "Plan Width": 33, "Inner Unique": true, "Plans": [{"Node Type": "Nested Loop", "Parent Relationship": "Outer", "Join Type": "Inner", "Startup Cost": 0.0, "Total Cost": 69909.43, "Plan Rows": 568, "Plan Width": 37, "Inner Unique": false, "Plans": [{"Node Type": "Nested Loop", "Parent Relationship": "Outer", "Join Type": "Inner", "Startup Cost": 0.0, "Total Cost": 69811.57, "Plan Rows": 266, "Plan Width": 25, "Inner Unique": true, "Plans": [{"Node Type": "Nested Loop", "Parent Relationship": "Outer", "Join Type": "Inner", "Startup Cost": 0.0, "Total Cost": 68668.26, "Plan Rows": 192, "Plan Width": 4, "Inner Unique": false, "Join Filter": "(it1.id = mi.info_type_id)", "Plans": [{"Node Type": "Seq Scan", "Parent Relationship": "Outer", "Relation Name": "info_type", "Alias": "it1", "Startup Cost": 0.0, "Total Cost": 2.4, "Plan Rows": 1, "Plan Width": 4, "Filter": "((info)::text = 'release dates'::text)"}, {"Node Type": "Materialize", "Parent Relationship": "Inner", "Startup Cost": 0.0, "Total Cost": 68531.67, "Plan Rows": 13419, "Plan Width": 8, "Plans": [{"Node Type": "Streaming(type: LOCAL GATHER dop: 1/64)", "Parent Relationship": "Outer", "Startup Cost": 0.0, "Total Cost": 68498.12, "Plan Rows": 13419, "Plan Width": 8, "Plans": [{"Node Type": "Seq Scan", "Parent Relationship": "Outer", "Relation Name": "movie_info", "Alias": "mi", "Startup Cost": 0.0, "Total Cost": 68221.29, "Plan Rows": 13419, "Plan Width": 8, "Filter": "((note)::text ~~ '%internet%'::text)"}]}]}]}, {"Node Type": "Index Scan", "Parent Relationship": "Inner", "Scan Direction": "Forward", "Index Name": "title_pkey", "Relation Name": "title", "Alias": "t", "Startup Cost": 0.0, "Total Cost": 5.94, "Plan Rows": 1, "Plan Width": 21, "Index Cond": "(id = mi.movie_id)", "Filter": "(production_year > 1990)"}]}, {"Node Type": "Index Scan", "Parent Relationship": "Inner", "Scan Direction": "Forward", "Index Name": "movie_id_movie_companies", "Relation Name": "movie_companies", "Alias": "mc", "Startup Cost": 0.0, "Total Cost": 0.35, "Plan Rows": 2, "Plan Width": 12, "Index Cond": "(movie_id = t.id)"}]}, {"Node Type": "Index Scan", "Parent Relationship": "Inner", "Scan Direction": "Forward", "Index Name": "company_name_pkey", "Relation Name": "company_name", "Alias": "cn", "Startup Cost": 0.0, "Total Cost": 0.28, "Plan Rows": 1, "Plan Width": 4, "Index Cond": "(id = mc.company_id)", "Filter": "((country_code)::text = '[us]'::text)"}]}, {"Node Type": "Materialize", "Parent Relationship": "Inner", "Startup Cost": 0.0, "Total Cost": 1.04, "Plan Rows": 3, "Plan Width": 4, "Plans": [{"Node Type": "Seq Scan", "Parent Relationship": "Outer", "Relation Name": "company_type", "Alias": "ct", "Startup Cost": 0.0, "Total Cost": 1.03, "Plan Rows": 3, "Plan Width": 4}]}]}, {"Node Type": "Index Scan", "Parent Relationship": "Inner", "Scan Direction": "Forward", "Index Name": "movie_id_movie_keyword", "Relation Name": "movie_keyword", "Alias": "mk", "Startup Cost": 0.0, "Total Cost": 0.46, "Plan Rows": 8, "Plan Width": 8, "Index Cond": "(movie_id = mc.movie_id)"}]}, {"Node Type": "Index Only Scan", "Parent Relationship": "Inner", "Scan Direction": "Forward", "Index Name": "keyword_pkey", "Relation Name": "keyword", "Alias": "k", "Startup Cost": 0.0, "Total Cost": 0.27, "Plan Rows": 1, "Plan Width": 4, "Index Cond": "(id = mk.keyword_id)"}]}, {"Node Type": "Index Scan", "Parent Relationship": "Inner", "Scan Direction": "Forward", "Index Name": "movie_id_aka_title", "Relation Name": "aka_title", "Alias": "at", "Startup Cost": 0.0, "Total Cost": 0.32, "Plan Rows": 3, "Plan Width": 25, "Index Cond": "(movie_id = mk.movie_id)"}]}]}, "Unique SQL Id": 2302223328, "Planner Runtime": 39}, "explain_analyze_plan": {"Plan": {"Node Type": "Aggregate", "Strategy": "Plain", "Startup Cost": 71716.5, "Total Cost": 71716.51, "Plan Rows": 1, "Plan Width": 102, "Actual Min Startup Time": 522.11, "Actual Max Startup Time": 522.11, "Actual Min Total Time": 522.111, "Actual Max Total Time": 522.111, "Plans": [{"Node Type": "Nested Loop", "Parent Relationship": "Outer", "Join Type": "Inner", "Startup Cost": 0.0, "Total Cost": 71682.31, "Plan Rows": 6838, "Plan Width": 38, "Actual Min Startup Time": 174.853, "Actual Max Startup Time": 174.853, "Actual Min Total Time": 519.391, "Actual Max Total Time": 519.391, "Inner Unique": false, "Join Filter": "(t.id = at.movie_id)", "Rows Removed by Join Filter": 0, "Plans": [{"Node Type": "Nested Loop", "Parent Relationship": "Outer", "Join Type": "Inner", "Startup Cost": 0.0, "Total Cost": 70883.7, "Plan Rows": 2257, "Plan Width": 33, "Actual Min Startup Time": 174.833, "Actual Max Startup Time": 174.833, "Actual Min Total Time": 475.797, "Actual Max Total Time": 475.797, "Inner Unique": true, "Plans": [{"Node Type": "Nested Loop", "Parent Relationship": "Outer", "Join Type": "Inner", "Startup Cost": 0.0, "Total Cost": 70251.71, "Plan Rows": 2257, "Plan Width": 37, "Actual Min Startup Time": 174.819, "Actual Max Startup Time": 174.819, "Actual Min Total Time": 429.149, "Actual Max Total Time": 429.149, "Inner Unique": false, "Join Filter": "(t.id = mk.movie_id)", "Rows Removed by Join Filter": 0, "Plans": [{"Node Type": "Nested Loop", "Parent Relationship": "Outer", "Join Type": "Inner", "Startup Cost": 0.0, "Total Cost": 70095.36, "Plan Rows": 278, "Plan Width": 29, "Actual Min Startup Time": 174.755, "Actual Max Startup Time": 174.755, "Actual Min Total Time": 389.355, "Actual Max Total Time": 389.355, "Inner Unique": true, "Join Filter": "(mc.company_type_id = ct.id)", "Rows Removed by Join Filter": 11829, "Plans": [{"Node Type": "Nested Loop", "Parent Relationship": "Outer", "Join Type": "Inner", "Startup Cost": 0.0, "Total Cost": 70072.82, "Plan Rows": 478, "Plan Width": 33, "Actual Min Startup Time": 174.722, "Actual Max Startup Time": 174.722, "Actual Min Total Time": 380.83, "Actual Max Total Time": 380.83, "Inner Unique": true, "Plans": [{"Node Type": "Nested Loop", "Parent Relationship": "Outer", "Join Type": "Inner", "Startup Cost": 0.0, "Total Cost": 69909.43, "Plan Rows": 568, "Plan Width": 37, "Actual Min Startup Time": 174.7, "Actual Max Startup Time": 174.7, "Actual Min Total Time": 312.494, "Actual Max Total Time": 312.494, "Inner Unique": false, "Plans": [{"Node Type": "Nested Loop", "Parent Relationship": "Outer", "Join Type": "Inner", "Startup Cost": 0.0, "Total Cost": 69811.57, "Plan Rows": 266, "Plan Width": 25, "Actual Min Startup Time": 174.681, "Actual Max Startup Time": 174.681, "Actual Min Total Time": 246.736, "Actual Max Total Time": 246.736, "Inner Unique": true, "Plans": [{"Node Type": "Nested Loop", "Parent Relationship": "Outer", "Join Type": "Inner", "Startup Cost": 0.0, "Total Cost": 68668.26, "Plan Rows": 192, "Plan Width": 4, "Actual Min Startup Time": 174.648, "Actual Max Startup Time": 174.648, "Actual Min Total Time": 181.009, "Actual Max Total Time": 181.009, "Inner Unique": false, "Join Filter": "(it1.id = mi.info_type_id)", "Rows Removed by Join Filter": 131, "Plans": [{"Node Type": "Seq Scan", "Parent Relationship": "Outer", "Relation Name": "info_type", "Alias": "it1", "Startup Cost": 0.0, "Total Cost": 2.4, "Plan Rows": 1, "Plan Width": 4, "Actual Min Startup Time": 0.068, "Actual Max Startup Time": 0.068, "Actual Min Total Time": 0.098, "Actual Max Total Time": 0.098, "Filter": "((info)::text = 'release dates'::text)", "Rows Removed by Filter": 111, "Actual Rows": 1}, {"Node Type": "Materialize", "Parent Relationship": "Inner", "Startup Cost": 0.0, "Total Cost": 68531.67, "Plan Rows": 13419, "Plan Width": 8, "Actual Min Startup Time": 174.551, "Actual Max Startup Time": 174.551, "Actual Min Total Time": 176.148, "Actual Max Total Time": 176.148, "Plans": [{"Node Type": "Streaming(type: LOCAL GATHER dop: 1/64)", "Parent Relationship": "Outer", "Startup Cost": 0.0, "Total Cost": 68498.12, "Plan Rows": 13419, "Plan Width": 8, "Actual Min Startup Time": 92.65, "Actual Max Startup Time": 92.65, "Actual Min Total Time": 172.565, "Actual Max Total Time": 172.565, "Plans": [{"Node Type": "Seq Scan", "Parent Relationship": "Outer", "Relation Name": "movie_info", "Alias": "mi", "Startup Cost": 0.0, "Total Cost": 68221.29, "Plan Rows": 13419, "Plan Width": 8, "Actual Min Startup Time": 0.124, "Actual Max Startup Time": 22.037, "Actual Min Total Time": 60.732, "Actual Max Total Time": 70.75, "Filter": "((note)::text ~~ '%internet%'::text)", "Rows Removed by Filter": 14824909, "Actual Rows": 10810}], "Actual Rows": 10810}], "Actual Rows": 10811}], "Actual Rows": 10679}, {"Node Type": "Index Scan", "Parent Relationship": "Inner", "Scan Direction": "Forward", "Index Name": "title_pkey", "Relation Name": "title", "Alias": "t", "Startup Cost": 0.0, "Total Cost": 5.94, "Plan Rows": 1, "Plan Width": 21, "Actual Min Startup Time": 57.29, "Actual Max Startup Time": 57.29, "Actual Min Total Time": 57.29, "Actual Max Total Time": 57.29, "Index Cond": "(id = mi.movie_id)", "Rows Removed by Index Recheck": 0, "Filter": "(production_year > 1990)", "Rows Removed by Filter": 17, "Actual Rows": 10662}], "Actual Rows": 10662}, {"Node Type": "Index Scan", "Parent Relationship": "Inner", "Scan Direction": "Forward", "Index Name": "movie_id_movie_companies", "Relation Name": "movie_companies", "Alias": "mc", "Startup Cost": 0.0, "Total Cost": 0.35, "Plan Rows": 2, "Plan Width": 12, "Actual Min Startup Time": 46.71, "Actual Max Startup Time": 46.71, "Actual Min Total Time": 56.921, "Actual Max Total Time": 56.921, "Index Cond": "(movie_id = t.id)", "Rows Removed by Index Recheck": 0, "Actual Rows": 14377}], "Actual Rows": 14377}, {"Node Type": "Index Scan", "Parent Relationship": "Inner", "Scan Direction": "Forward", "Index Name": "company_name_pkey", "Relation Name": "company_name", "Alias": "cn", "Startup Cost": 0.0, "Total Cost": 0.28, "Plan Rows": 1, "Plan Width": 4, "Actual Min Startup Time": 57.992, "Actual Max Startup Time": 57.992, "Actual Min Total Time": 57.992, "Actual Max Total Time": 57.992, "Index Cond": "(id = mc.company_id)", "Rows Removed by Index Recheck": 0, "Filter": "((country_code)::text = '[us]'::text)", "Rows Removed by Filter": 4520, "Actual Rows": 9857}], "Actual Rows": 9857}, {"Node Type": "Materialize", "Parent Relationship": "Inner", "Startup Cost": 0.0, "Total Cost": 1.04, "Plan Rows": 3, "Plan Width": 4, "Actual Min Startup Time": 1.036, "Actual Max Startup Time": 1.036, "Actual Min Total Time": 2.027, "Actual Max Total Time": 2.027, "Plans": [{"Node Type": "Seq Scan", "Parent Relationship": "Outer", "Relation Name": "company_type", "Alias": "ct", "Startup Cost": 0.0, "Total Cost": 1.03, "Plan Rows": 3, "Plan Width": 4, "Actual Min Startup Time": 0.006, "Actual Max Startup Time": 0.006, "Actual Min Total Time": 0.009, "Actual Max Total Time": 0.009, "Actual Rows": 3}], "Actual Rows": 17743}], "Actual Rows": 5914}, {"Node Type": "Index Scan", "Parent Relationship": "Inner", "Scan Direction": "Forward", "Index Name": "movie_id_movie_keyword", "Relation Name": "movie_keyword", "Alias": "mk", "Startup Cost": 0.0, "Total Cost": 0.46, "Plan Rows": 8, "Plan Width": 8, "Actual Min Startup Time": 24.272, "Actual Max Startup Time": 24.272, "Actual Min Total Time": 30.707, "Actual Max Total Time": 30.707, "Index Cond": "(movie_id = mc.movie_id)", "Rows Removed by Index Recheck": 0, "Actual Rows": 14161}], "Actual Rows": 14161}, {"Node Type": "Index Only Scan", "Parent Relationship": "Inner", "Scan Direction": "Forward", "Index Name": "keyword_pkey", "Relation Name": "keyword", "Alias": "k", "Startup Cost": 0.0, "Total Cost": 0.27, "Plan Rows": 1, "Plan Width": 4, "Actual Min Startup Time": 36.485, "Actual Max Startup Time": 36.485, "Actual Min Total Time": 36.485, "Actual Max Total Time": 36.485, "Index Cond": "(id = mk.keyword_id)", "Rows Removed by Index Recheck": 0, "Heap Fetches": 0, "Actual Rows": 14161}], "Actual Rows": 14161}, {"Node Type": "Index Scan", "Parent Relationship": "Inner", "Scan Direction": "Forward", "Index Name": "movie_id_aka_title", "Relation Name": "aka_title", "Alias": "at", "Startup Cost": 0.0, "Total Cost": 0.32, "Plan Rows": 3, "Plan Width": 25, "Actual Min Startup Time": 33.225, "Actual Max Startup Time": 33.225, "Actual Min Total Time": 35.347, "Actual Max Total Time": 35.347, "Index Cond": "(movie_id = mk.movie_id)", "Rows Removed by Index Recheck": 0, "Actual Rows": 4371}], "Actual Rows": 4371}], "Actual Rows": 1}, "Triggers": [], "Planner Runtime": 39, "Total Runtime": 534.324, "Unique SQL Id": 2302223328}}, "(64, 121)": {"explain_plan": {"Plan": {"Node Type": "Aggregate", "Strategy": "Plain", "Startup Cost": 498755.15, "Total Cost": 498755.16, "Plan Rows": 1, "Plan Width": 102, "Plans": [{"Node Type": "Nested Loop", "Parent Relationship": "Outer", "Join Type": "Inner", "Startup Cost": 0.0, "Total Cost": 498720.96, "Plan Rows": 6838, "Plan Width": 38, "Inner Unique": false, "Join Filter": "(t.id = at.movie_id)", "Plans": [{"Node Type": "Nested Loop", "Parent Relationship": "Outer", "Join Type": "Inner", "Startup Cost": 0.0, "Total Cost": 497922.35, "Plan Rows": 2257, "Plan Width": 33, "Inner Unique": true, "Plans": [{"Node Type": "Nested Loop", "Parent Relationship": "Outer", "Join Type": "Inner", "Startup Cost": 0.0, "Total Cost": 497290.36, "Plan Rows": 2257, "Plan Width": 37, "Inner Unique": false, "Join Filter": "(t.id = mk.movie_id)", "Plans": [{"Node Type": "Nested Loop", "Parent Relationship": "Outer", "Join Type": "Inner", "Startup Cost": 0.0, "Total Cost": 497134.02, "Plan Rows": 278, "Plan Width": 29, "Inner Unique": true, "Join Filter": "(mc.company_type_id = ct.id)", "Plans": [{"Node Type": "Nested Loop", "Parent Relationship": "Outer", "Join Type": "Inner", "Startup Cost": 0.0, "Total Cost": 497104.2, "Plan Rows": 478, "Plan Width": 33, "Inner Unique": true, "Plans": [{"Node Type": "Nested Loop", "Parent Relationship": "Outer", "Join Type": "Inner", "Startup Cost": 0.0, "Total Cost": 496940.81, "Plan Rows": 568, "Plan Width": 37, "Inner Unique": false, "Plans": [{"Node Type": "Nested Loop", "Parent Relationship": "Outer", "Join Type": "Inner", "Startup Cost": 0.0, "Total Cost": 496842.96, "Plan Rows": 266, "Plan Width": 25, "Inner Unique": true, "Plans": [{"Node Type": "Nested Loop", "Parent Relationship": "Outer", "Join Type": "Inner", "Startup Cost": 0.0, "Total Cost": 495699.65, "Plan Rows": 192, "Plan Width": 4, "Inner Unique": false, "Plans": [{"Node Type": "Index Scan", "Parent Relationship": "Outer", "Scan Direction": "Forward", "Index Name": "info_type_pkey", "Relation Name": "info_type", "Alias": "it1", "Startup Cost": 0.0, "Total Cost": 14.21, "Plan Rows": 1, "Plan Width": 4, "Filter": "((info)::text = 'release dates'::text)"}, {"Node Type": "Index Scan", "Parent Relationship": "Inner", "Scan Direction": "Forward", "Index Name": "info_type_id_movie_info", "Relation Name": "movie_info", "Alias": "mi", "Startup Cost": 0.0, "Total Cost": 495683.52, "Plan Rows": 192, "Plan Width": 8, "Index Cond": "(info_type_id = it1.id)", "Filter": "((note)::text ~~ '%internet%'::text)"}]}, {"Node Type": "Index Scan", "Parent Relationship": "Inner", "Scan Direction": "Forward", "Index Name": "title_pkey", "Relation Name": "title", "Alias": "t", "Startup Cost": 0.0, "Total Cost": 5.94, "Plan Rows": 1, "Plan Width": 21, "Index Cond": "(id = mi.movie_id)", "Filter": "(production_year > 1990)"}]}, {"Node Type": "Index Scan", "Parent Relationship": "Inner", "Scan Direction": "Forward", "Index Name": "movie_id_movie_companies", "Relation Name": "movie_companies", "Alias": "mc", "Startup Cost": 0.0, "Total Cost": 0.35, "Plan Rows": 2, "Plan Width": 12, "Index Cond": "(movie_id = t.id)"}]}, {"Node Type": "Index Scan", "Parent Relationship": "Inner", "Scan Direction": "Forward", "Index Name": "company_name_pkey", "Relation Name": "company_name", "Alias": "cn", "Startup Cost": 0.0, "Total Cost": 0.28, "Plan Rows": 1, "Plan Width": 4, "Index Cond": "(id = mc.company_id)", "Filter": "((country_code)::text = '[us]'::text)"}]}, {"Node Type": "Materialize", "Parent Relationship": "Inner", "Startup Cost": 0.0, "Total Cost": 8.31, "Plan Rows": 3, "Plan Width": 4, "Plans": [{"Node Type": "Index Only Scan", "Parent Relationship": "Outer", "Scan Direction": "Forward", "Index Name": "company_type_pkey", "Relation Name": "company_type", "Alias": "ct", "Startup Cost": 0.0, "Total Cost": 8.29, "Plan Rows": 3, "Plan Width": 4}]}]}, {"Node Type": "Index Scan", "Parent Relationship": "Inner", "Scan Direction": "Forward", "Index Name": "movie_id_movie_keyword", "Relation Name": "movie_keyword", "Alias": "mk", "Startup Cost": 0.0, "Total Cost": 0.46, "Plan Rows": 8, "Plan Width": 8, "Index Cond": "(movie_id = mc.movie_id)"}]}, {"Node Type": "Index Only Scan", "Parent Relationship": "Inner", "Scan Direction": "Forward", "Index Name": "keyword_pkey", "Relation Name": "keyword", "Alias": "k", "Startup Cost": 0.0, "Total Cost": 0.27, "Plan Rows": 1, "Plan Width": 4, "Index Cond": "(id = mk.keyword_id)"}]}, {"Node Type": "Index Scan", "Parent Relationship": "Inner", "Scan Direction": "Forward", "Index Name": "movie_id_aka_title", "Relation Name": "aka_title", "Alias": "at", "Startup Cost": 0.0, "Total Cost": 0.32, "Plan Rows": 3, "Plan Width": 25, "Index Cond": "(movie_id = mk.movie_id)"}]}]}, "Unique SQL Id": 2302223328, "Planner Runtime": 33}, "explain_analyze_plan": null}, "(64, 122)": {"explain_plan": {"Plan": {"Node Type": "Aggregate", "Strategy": "Plain", "Startup Cost": 1345333.05, "Total Cost": 1345333.06, "Plan Rows": 1, "Plan Width": 102, "Plans": [{"Node Type": "Nested Loop", "Parent Relationship": "Outer", "Join Type": "Inner", "Startup Cost": 0.0, "Total Cost": 1345298.86, "Plan Rows": 6838, "Plan Width": 38, "Inner Unique": true, "Join Filter": "(mc.company_type_id = ct.id)", "Plans": [{"Node Type": "Streaming(type: LOCAL GATHER dop: 1/64)", "Parent Relationship": "Outer", "Startup Cost": 0.0, "Total Cost": 1344990.12, "Plan Rows": 6838, "Plan Width": 42, "Plans": [{"Node Type": "Nested Loop", "Parent Relationship": "Outer", "Join Type": "Inner", "Startup Cost": 0.0, "Total Cost": 1344849.05, "Plan Rows": 6838, "Plan Width": 42, "Inner Unique": false, "Join Filter": "(t.id = at.movie_id)", "Plans": [{"Node Type": "Streaming(type: LOCAL REDISTRIBUTE dop: 64/1)", "Parent Relationship": "Outer", "Startup Cost": 0.0, "Total Cost": 87581.23, "Plan Rows": 361471, "Plan Width": 25, "Plans": [{"Node Type": "Seq Scan", "Parent Relationship": "Outer", "Relation Name": "aka_title", "Alias": "at", "Startup Cost": 0.0, "Total Cost": 9894.71, "Plan Rows": 361471, "Plan Width": 25}]}, {"Node Type": "Materialize", "Parent Relationship": "Inner", "Startup Cost": 0.0, "Total Cost": 1252139.77, "Plan Rows": 3874, "Plan Width": 37, "Plans": [{"Node Type": "Streaming(type: LOCAL REDISTRIBUTE dop: 64/64)", "Parent Relationship": "Outer", "Startup Cost": 0.0, "Total Cost": 1252139.47, "Plan Rows": 3874, "Plan Width": 37, "Plans": [{"Node Type": "Nested Loop", "Parent Relationship": "Outer", "Join Type": "Inner", "Startup Cost": 0.0, "Total Cost": 1189135.8, "Plan Rows": 3874, "Plan Width": 37, "Inner Unique": false, "Join Filter": "(mk.keyword_id = k.id)", "Plans": [{"Node Type": "Streaming(type: LOCAL REDISTRIBUTE dop: 64/1)", "Parent Relationship": "Outer", "Startup Cost": 0.0, "Total Cost": 70551.96, "Plan Rows": 134169, "Plan Width": 4, "Plans": [{"Node Type": "Seq Scan", "Parent Relationship": "Outer", "Relation Name": "keyword", "Alias": "k", "Startup Cost": 0.0, "Total Cost": 2100.69, "Plan Rows": 134169, "Plan Width": 4}]}, {"Node Type": "Materialize", "Parent Relationship": "Inner", "Startup Cost": 0.0, "Total Cost": 1116680.53, "Plan Rows": 3874, "Plan Width": 41, "Plans": [{"Node Type": "Streaming(type: LOCAL REDISTRIBUTE dop: 64/64)", "Parent Relationship": "Outer", "Startup Cost": 0.0, "Total Cost": 1116680.23, "Plan Rows": 3874, "Plan Width": 41, "Plans": [{"Node Type": "Nested Loop", "Parent Relationship": "Outer", "Join Type": "Inner", "Startup Cost": 0.0, "Total Cost": 1053676.56, "Plan Rows": 3874, "Plan Width": 41, "Inner Unique": false, "Join Filter": "(t.id = mk.movie_id)", "Plans": [{"Node Type": "Streaming(type: LOCAL REDISTRIBUTE dop: 64/1)", "Parent Relationship": "Outer", "Startup Cost": 0.0, "Total Cost": 309248.0, "Plan Rows": 4523929, "Plan Width": 8, "Plans": [{"Node Type": "Seq Scan", "Parent Relationship": "Outer", "Relation Name": "movie_keyword", "Alias": "mk", "Startup Cost": 0.0, "Total Cost": 62441.29, "Plan Rows": 4523929, "Plan Width": 8}]}, {"Node Type": "Materialize", "Parent Relationship": "Inner", "Startup Cost": 0.0, "Total Cost": 736509.5, "Plan Rows": 478, "Plan Width": 33, "Plans": [{"Node Type": "Streaming(type: LOCAL REDISTRIBUTE dop: 64/64)", "Parent Relationship": "Outer", "Startup Cost": 0.0, "Total Cost": 736509.46, "Plan Rows": 478, "Plan Width": 33, "Plans": [{"Node Type": "Nested Loop", "Parent Relationship": "Outer", "Join Type": "Inner", "Startup Cost": 0.0, "Total Cost": 673509.01, "Plan Rows": 478, "Plan Width": 33, "Inner Unique": false, "Join Filter": "(mc.company_id = cn.id)", "Plans": [{"Node Type": "Streaming(type: LOCAL REDISTRIBUTE dop: 64/1)", "Parent Relationship": "Outer", "Startup Cost": 0.0, "Total Cost": 72363.9, "Plan Rows": 85170, "Plan Width": 4, "Plans": [{"Node Type": "Seq Scan", "Parent Relationship": "Outer", "Relation Name": "company_name", "Alias": "cn", "Startup Cost": 0.0, "Total Cost": 5903.45, "Plan Rows": 85170, "Plan Width": 4, "Filter": "((country_code)::text = '[us]'::text)"}]}, {"Node Type": "Materialize", "Parent Relationship": "Inner", "Startup Cost": 0.0, "Total Cost": 600967.98, "Plan Rows": 568, "Plan Width": 37, "Plans": [{"Node Type": "Streaming(type: LOCAL REDISTRIBUTE dop: 64/64)", "Parent Relationship": "Outer", "Startup Cost": 0.0, "Total Cost": 600967.93, "Plan Rows": 568, "Plan Width": 37, "Plans": [{"Node Type": "Nested Loop", "Parent Relationship": "Outer", "Join Type": "Inner", "Startup Cost": 0.0, "Total Cost": 537967.39, "Plan Rows": 568, "Plan Width": 37, "Inner Unique": false, "Join Filter": "(t.id = mc.movie_id)", "Plans": [{"Node Type": "Streaming(type: LOCAL REDISTRIBUTE dop: 64/1)", "Parent Relationship": "Outer", "Startup Cost": 0.0, "Total Cost": 210825.84, "Plan Rows": 2609128, "Plan Width": 12, "Plans": [{"Node Type": "Seq Scan", "Parent Relationship": "Outer", "Relation Name": "movie_companies", "Alias": "mc", "Startup Cost": 0.0, "Total Cost": 41817.28, "Plan Rows": 2609128, "Plan Width": 12}]}, {"Node Type": "Materialize", "Parent Relationship": "Inner", "Startup Cost": 0.0, "Total Cost": 324599.95, "Plan Rows": 266, "Plan Width": 25, "Plans": [{"Node Type": "Streaming(type: LOCAL REDISTRIBUTE dop: 64/64)", "Parent Relationship": "Outer", "Startup Cost": 0.0, "Total Cost": 324599.93, "Plan Rows": 266, "Plan Width": 25, "Plans": [{"Node Type": "Nested Loop", "Parent Relationship": "Outer", "Join Type": "Inner", "Startup Cost": 0.0, "Total Cost": 261599.68, "Plan Rows": 266, "Plan Width": 25, "Inner Unique": false, "Join Filter": "(mi.movie_id = t.id)", "Plans": [{"Node Type": "Streaming(type: LOCAL REDISTRIBUTE dop: 64/64)", "Parent Relationship": "Outer", "Startup Cost": 0.0, "Total Cost": 128693.96, "Plan Rows": 1748840, "Plan Width": 21, "Plans": [{"Node Type": "Seq Scan", "Parent Relationship": "Outer", "Relation Name": "title", "Alias": "t", "Startup Cost": 0.0, "Total Cost": 64037.34, "Plan Rows": 1748840, "Plan Width": 21, "Filter": "(production_year > 1990), (LLVM Optimized)"}]}, {"Node Type": "Materialize", "Parent Relationship": "Inner", "Startup Cost": 0.0, "Total Cost": 131676.08, "Plan Rows": 192, "Plan Width": 4, "Plans": [{"Node Type": "Streaming(type: LOCAL REDISTRIBUTE dop: 64/1)", "Parent Relationship": "Outer", "Startup Cost": 0.0, "Total Cost": 131676.06, "Plan Rows": 192, "Plan Width": 4, "Plans": [{"Node Type": "Nested Loop", "Parent Relationship": "Outer", "Join Type": "Inner", "Startup Cost": 0.0, "Total Cost": 68668.26, "Plan Rows": 192, "Plan Width": 4, "Inner Unique": false, "Join Filter": "(it1.id = mi.info_type_id)", "Plans": [{"Node Type": "Seq Scan", "Parent Relationship": "Outer", "Relation Name": "info_type", "Alias": "it1", "Startup Cost": 0.0, "Total Cost": 2.4, "Plan Rows": 1, "Plan Width": 4, "Filter": "((info)::text = 'release dates'::text)"}, {"Node Type": "Materialize", "Parent Relationship": "Inner", "Startup Cost": 0.0, "Total Cost": 68531.67, "Plan Rows": 13419, "Plan Width": 8, "Plans": [{"Node Type": "Streaming(type: LOCAL GATHER dop: 1/64)", "Parent Relationship": "Outer", "Startup Cost": 0.0, "Total Cost": 68498.12, "Plan Rows": 13419, "Plan Width": 8, "Plans": [{"Node Type": "Seq Scan", "Parent Relationship": "Outer", "Relation Name": "movie_info", "Alias": "mi", "Startup Cost": 0.0, "Total Cost": 68221.29, "Plan Rows": 13419, "Plan Width": 8, "Filter": "((note)::text ~~ '%internet%'::text)"}]}]}]}]}]}]}]}]}]}]}]}]}]}]}]}]}]}]}]}]}]}]}, {"Node Type": "Materialize", "Parent Relationship": "Inner", "Startup Cost": 0.0, "Total Cost": 1.04, "Plan Rows": 3, "Plan Width": 4, "Plans": [{"Node Type": "Seq Scan", "Parent Relationship": "Outer", "Relation Name": "company_type", "Alias": "ct", "Startup Cost": 0.0, "Total Cost": 1.03, "Plan Rows": 3, "Plan Width": 4}]}]}]}, "Unique SQL Id": 2302223328, "Planner Runtime": 63}, "explain_analyze_plan": null}, "(64, 123)": {"explain_plan": {"Plan": {"Node Type": "Aggregate", "Strategy": "Plain", "Startup Cost": 9000196009590.57, "Total Cost": 9000196009590.58, "Plan Rows": 1, "Plan Width": 102, "Plans": [{"Node Type": "Nested Loop", "Parent Relationship": "Outer", "Join Type": "Inner", "Startup Cost": 90000000000.0, "Total Cost": 9000196009556.38, "Plan Rows": 6838, "Plan Width": 38, "Inner Unique": false, "Join Filter": "(t.id = at.movie_id)", "Plans": [{"Node Type": "Nested Loop", "Parent Relationship": "Outer", "Join Type": "Inner", "Startup Cost": 80000000000.0, "Total Cost": 8000181781050.87, "Plan Rows": 2257, "Plan Width": 33, "Inner Unique": true, "Join Filter": "(mk.keyword_id = k.id)", "Plans": [{"Node Type": "Nested Loop", "Parent Relationship": "Outer", "Join Type": "Inner", "Startup Cost": 70000000000.0, "Total Cost": 7000177032345.45, "Plan Rows": 2257, "Plan Width": 37, "Inner Unique": false, "Join Filter": "(t.id = mk.movie_id)", "Plans": [{"Node Type": "Index Scan", "Parent Relationship": "Outer", "Scan Direction": "Forward", "Index Name": "movie_id_movie_keyword", "Relation Name": "movie_keyword", "Alias": "mk", "Startup Cost": 10000000000.0, "Total Cost": 1000015300634.17, "Plan Rows": 4523929, "Plan Width": 8}, {"Node Type": "Materialize", "Parent Relationship": "Inner", "Startup Cost": 60000000000.0, "Total Cost": 6000142866928.05, "Plan Rows": 278, "Plan Width": 29, "Plans": [{"Node Type": "Nested Loop", "Parent Relationship": "Outer", "Join Type": "Inner", "Startup Cost": 60000000000.0, "Total Cost": 6000142866926.66, "Plan Rows": 278, "Plan Width": 29, "Inner Unique": false, "Join Filter": "(mi.movie_id = t.id)", "Plans": [{"Node Type": "Index Scan", "Parent Relationship": "Outer", "Scan Direction": "Forward", "Index Name": "title_pkey", "Relation Name": "title", "Alias": "t", "Startup Cost": 10000000000.0, "Total Cost": 1000011644126.66, "Plan Rows": 1748840, "Plan Width": 21, "Filter": "(production_year > 1990), (LLVM Optimized)"}, {"Node Type": "Materialize", "Parent Relationship": "Inner", "Startup Cost": 50000000000.0, "Total Cost": 5000125950047.9, "Plan Rows": 201, "Plan Width": 8, "Plans": [{"Node Type": "Nested Loop", "Parent Relationship": "Outer", "Join Type": "Inner", "Startup Cost": 50000000000.0, "Total Cost": 5000125950046.89, "Plan Rows": 201, "Plan Width": 8, "Inner Unique": true, "Join Filter": "(mc.company_type_id = ct.id)", "Plans": [{"Node Type": "Nested Loop", "Parent Relationship": "Outer", "Join Type": "Inner", "Startup Cost": 40000000000.0, "Total Cost": 4000125949201.86, "Plan Rows": 345, "Plan Width": 12, "Inner Unique": true, "Join Filter": "(mc.company_id = cn.id)", "Plans": [{"Node Type": "Nested Loop", "Parent Relationship": "Outer", "Join Type": "Inner", "Startup Cost": 30000000000.0, "Total Cost": 3000124375054.46, "Plan Rows": 410, "Plan Width": 16, "Inner Unique": false, "Join Filter": "(mi.movie_id = mc.movie_id)", "Plans": [{"Node Type": "Nested Loop", "Parent Relationship": "Outer", "Join Type": "Inner", "Startup Cost": 20000000000.0, "Total Cost": 2000107536026.0, "Plan Rows": 192, "Plan Width": 4, "Inner Unique": true, "Join Filter": "(it1.id = mi.info_type_id)", "Plans": [{"Node Type": "Index Scan", "Parent Relationship": "Outer", "Scan Direction": "Forward", "Index Name": "movie_id_movie_info", "Relation Name": "movie_info", "Alias": "mi", "Startup Cost": 10000000000.0, "Total Cost": 1000107534403.72, "Plan Rows": 13419, "Plan Width": 8, "Filter": "((note)::text ~~ '%internet%'::text)"}, {"Node Type": "Materialize", "Parent Relationship": "Inner", "Startup Cost": 10000000000.0, "Total Cost": 1000000001421.0, "Plan Rows": 1, "Plan Width": 4, "Plans": [{"Node Type": "Index Scan", "Parent Relationship": "Outer", "Scan Direction": "Forward", "Index Name": "info_type_pkey", "Relation Name": "info_type", "Alias": "it1", "Startup Cost": 10000000000.0, "Total Cost": 1000000001421.0, "Plan Rows": 1, "Plan Width": 4, "Filter": "((info)::text = 'release dates'::text)"}]}]}, {"Node Type": "Materialize", "Parent Relationship": "Inner", "Startup Cost": 10000000000.0, "Total Cost": 1000009331262.64, "Plan Rows": 2609128, "Plan Width": 12, "Plans": [{"Node Type": "Index Scan", "Parent Relationship": "Outer", "Scan Direction": "Forward", "Index Name": "company_type_id_movie_companies", "Relation Name": "movie_companies", "Alias": "mc", "Startup Cost": 10000000000.0, "Total Cost": 1000009318217.0, "Plan Rows": 2609128, "Plan Width": 12}]}]}, {"Node Type": "Materialize", "Parent Relationship": "Inner", "Startup Cost": 10000000000.0, "Total Cost": 1000001050564.82, "Plan Rows": 85170, "Plan Width": 4, "Plans": [{"Node Type": "Index Scan", "Parent Relationship": "Outer", "Scan Direction": "Forward", "Index Name": "company_name_pkey", "Relation Name": "company_name", "Alias": "cn", "Startup Cost": 10000000000.0, "Total Cost": 1000001050138.97, "Plan Rows": 85170, "Plan Width": 4, "Filter": "((country_code)::text = '[us]'::text)"}]}]}, {"Node Type": "Materialize", "Parent Relationship": "Inner", "Startup Cost": 10000000000.0, "Total Cost": 1000000000829.52, "Plan Rows": 3, "Plan Width": 4, "Plans": [{"Node Type": "Index Only Scan", "Parent Relationship": "Outer", "Scan Direction": "Forward", "Index Name": "company_type_pkey", "Relation Name": "company_type", "Alias": "ct", "Startup Cost": 10000000000.0, "Total Cost": 1000000000829.5, "Plan Rows": 3, "Plan Width": 4}]}]}]}]}]}]}, {"Node Type": "Materialize", "Parent Relationship": "Inner", "Startup Cost": 10000000000.0, "Total Cost": 1000000206749.34, "Plan Rows": 134169, "Plan Width": 4, "Plans": [{"Node Type": "Index Only Scan", "Parent Relationship": "Outer", "Scan Direction": "Forward", "Index Name": "keyword_pkey", "Relation Name": "keyword", "Alias": "k", "Startup Cost": 10000000000.0, "Total Cost": 1000000206078.5, "Plan Rows": 134169, "Plan Width": 4}]}]}, {"Node Type": "Materialize", "Parent Relationship": "Inner", "Startup Cost": 10000000000.0, "Total Cost": 1000001991808.49, "Plan Rows": 361471, "Plan Width": 25, "Plans": [{"Node Type": "Index Scan", "Parent Relationship": "Outer", "Scan Direction": "Forward", "Index Name": "movie_id_aka_title", "Relation Name": "aka_title", "Alias": "at", "Startup Cost": 10000000000.0, "Total Cost": 1000001990001.13, "Plan Rows": 361471, "Plan Width": 25}]}]}]}, "Unique SQL Id": 2302223328, "Planner Runtime": 34}, "explain_analyze_plan": null}, "(64, 124)": {"explain_plan": {"Plan": {"Node Type": "Aggregate", "Strategy": "Plain", "Startup Cost": 71718.02, "Total Cost": 71718.03, "Plan Rows": 1, "Plan Width": 102, "Plans": [{"Node Type": "Nested Loop", "Parent Relationship": "Outer", "Join Type": "Inner", "Startup Cost": 0.0, "Total Cost": 71683.83, "Plan Rows": 6838, "Plan Width": 38, "Inner Unique": false, "Join Filter": "(t.id = at.movie_id)", "Plans": [{"Node Type": "Nested Loop", "Parent Relationship": "Outer", "Join Type": "Inner", "Startup Cost": 0.0, "Total Cost": 70885.21, "Plan Rows": 2257, "Plan Width": 33, "Inner Unique": true, "Plans": [{"Node Type": "Nested Loop", "Parent Relationship": "Outer", "Join Type": "Inner", "Startup Cost": 0.0, "Total Cost": 70251.71, "Plan Rows": 2257, "Plan Width": 37, "Inner Unique": false, "Join Filter": "(t.id = mk.movie_id)", "Plans": [{"Node Type": "Nested Loop", "Parent Relationship": "Outer", "Join Type": "Inner", "Startup Cost": 0.0, "Total Cost": 70095.36, "Plan Rows": 278, "Plan Width": 29, "Inner Unique": true, "Join Filter": "(mc.company_type_id = ct.id)", "Plans": [{"Node Type": "Nested Loop", "Parent Relationship": "Outer", "Join Type": "Inner", "Startup Cost": 0.0, "Total Cost": 70072.82, "Plan Rows": 478, "Plan Width": 33, "Inner Unique": true, "Plans": [{"Node Type": "Nested Loop", "Parent Relationship": "Outer", "Join Type": "Inner", "Startup Cost": 0.0, "Total Cost": 69909.43, "Plan Rows": 568, "Plan Width": 37, "Inner Unique": false, "Plans": [{"Node Type": "Nested Loop", "Parent Relationship": "Outer", "Join Type": "Inner", "Startup Cost": 0.0, "Total Cost": 69811.57, "Plan Rows": 266, "Plan Width": 25, "Inner Unique": true, "Plans": [{"Node Type": "Nested Loop", "Parent Relationship": "Outer", "Join Type": "Inner", "Startup Cost": 0.0, "Total Cost": 68668.26, "Plan Rows": 192, "Plan Width": 4, "Inner Unique": false, "Join Filter": "(it1.id = mi.info_type_id)", "Plans": [{"Node Type": "Seq Scan", "Parent Relationship": "Outer", "Relation Name": "info_type", "Alias": "it1", "Startup Cost": 0.0, "Total Cost": 2.4, "Plan Rows": 1, "Plan Width": 4, "Filter": "((info)::text = 'release dates'::text)"}, {"Node Type": "Materialize", "Parent Relationship": "Inner", "Startup Cost": 0.0, "Total Cost": 68531.67, "Plan Rows": 13419, "Plan Width": 8, "Plans": [{"Node Type": "Streaming(type: LOCAL GATHER dop: 1/64)", "Parent Relationship": "Outer", "Startup Cost": 0.0, "Total Cost": 68498.12, "Plan Rows": 13419, "Plan Width": 8, "Plans": [{"Node Type": "Seq Scan", "Parent Relationship": "Outer", "Relation Name": "movie_info", "Alias": "mi", "Startup Cost": 0.0, "Total Cost": 68221.29, "Plan Rows": 13419, "Plan Width": 8, "Filter": "((note)::text ~~ '%internet%'::text)"}]}]}]}, {"Node Type": "Index Scan", "Parent Relationship": "Inner", "Scan Direction": "Forward", "Index Name": "title_pkey", "Relation Name": "title", "Alias": "t", "Startup Cost": 0.0, "Total Cost": 5.94, "Plan Rows": 1, "Plan Width": 21, "Index Cond": "(id = mi.movie_id)", "Filter": "(production_year > 1990)"}]}, {"Node Type": "Index Scan", "Parent Relationship": "Inner", "Scan Direction": "Forward", "Index Name": "movie_id_movie_companies", "Relation Name": "movie_companies", "Alias": "mc", "Startup Cost": 0.0, "Total Cost": 0.35, "Plan Rows": 2, "Plan Width": 12, "Index Cond": "(movie_id = t.id)"}]}, {"Node Type": "Index Scan", "Parent Relationship": "Inner", "Scan Direction": "Forward", "Index Name": "company_name_pkey", "Relation Name": "company_name", "Alias": "cn", "Startup Cost": 0.0, "Total Cost": 0.28, "Plan Rows": 1, "Plan Width": 4, "Index Cond": "(id = mc.company_id)", "Filter": "((country_code)::text = '[us]'::text)"}]}, {"Node Type": "Materialize", "Parent Relationship": "Inner", "Startup Cost": 0.0, "Total Cost": 1.04, "Plan Rows": 3, "Plan Width": 4, "Plans": [{"Node Type": "Seq Scan", "Parent Relationship": "Outer", "Relation Name": "company_type", "Alias": "ct", "Startup Cost": 0.0, "Total Cost": 1.03, "Plan Rows": 3, "Plan Width": 4}]}]}, {"Node Type": "Index Scan", "Parent Relationship": "Inner", "Scan Direction": "Forward", "Index Name": "movie_id_movie_keyword", "Relation Name": "movie_keyword", "Alias": "mk", "Startup Cost": 0.0, "Total Cost": 0.46, "Plan Rows": 8, "Plan Width": 8, "Index Cond": "(movie_id = mc.movie_id)"}]}, {"Node Type": "Index Scan", "Parent Relationship": "Inner", "Scan Direction": "Forward", "Index Name": "keyword_pkey", "Relation Name": "keyword", "Alias": "k", "Startup Cost": 0.0, "Total Cost": 0.27, "Plan Rows": 1, "Plan Width": 4, "Index Cond": "(id = mk.keyword_id)"}]}, {"Node Type": "Index Scan", "Parent Relationship": "Inner", "Scan Direction": "Forward", "Index Name": "movie_id_aka_title", "Relation Name": "aka_title", "Alias": "at", "Startup Cost": 0.0, "Total Cost": 0.32, "Plan Rows": 3, "Plan Width": 25, "Index Cond": "(movie_id = mk.movie_id)"}]}]}, "Unique SQL Id": 2302223328, "Planner Runtime": 39}, "explain_analyze_plan": {"Plan": {"Node Type": "Aggregate", "Strategy": "Plain", "Startup Cost": 71718.02, "Total Cost": 71718.03, "Plan Rows": 1, "Plan Width": 102, "Actual Min Startup Time": 547.347, "Actual Max Startup Time": 547.347, "Actual Min Total Time": 547.348, "Actual Max Total Time": 547.348, "Plans": [{"Node Type": "Nested Loop", "Parent Relationship": "Outer", "Join Type": "Inner", "Startup Cost": 0.0, "Total Cost": 71683.83, "Plan Rows": 6838, "Plan Width": 38, "Actual Min Startup Time": 180.382, "Actual Max Startup Time": 180.382, "Actual Min Total Time": 544.555, "Actual Max Total Time": 544.555, "Inner Unique": false, "Join Filter": "(t.id = at.movie_id)", "Rows Removed by Join Filter": 0, "Plans": [{"Node Type": "Nested Loop", "Parent Relationship": "Outer", "Join Type": "Inner", "Startup Cost": 0.0, "Total Cost": 70885.21, "Plan Rows": 2257, "Plan Width": 33, "Actual Min Startup Time": 179.524, "Actual Max Startup Time": 179.524, "Actual Min Total Time": 500.461, "Actual Max Total Time": 500.461, "Inner Unique": true, "Plans": [{"Node Type": "Nested Loop", "Parent Relationship": "Outer", "Join Type": "Inner", "Startup Cost": 0.0, "Total Cost": 70251.71, "Plan Rows": 2257, "Plan Width": 37, "Actual Min Startup Time": 179.509, "Actual Max Startup Time": 179.509, "Actual Min Total Time": 438.86, "Actual Max Total Time": 438.86, "Inner Unique": false, "Join Filter": "(t.id = mk.movie_id)", "Rows Removed by Join Filter": 0, "Plans": [{"Node Type": "Nested Loop", "Parent Relationship": "Outer", "Join Type": "Inner", "Startup Cost": 0.0, "Total Cost": 70095.36, "Plan Rows": 278, "Plan Width": 29, "Actual Min Startup Time": 179.263, "Actual Max Startup Time": 179.263, "Actual Min Total Time": 398.238, "Actual Max Total Time": 398.238, "Inner Unique": true, "Join Filter": "(mc.company_type_id = ct.id)", "Rows Removed by Join Filter": 11829, "Plans": [{"Node Type": "Nested Loop", "Parent Relationship": "Outer", "Join Type": "Inner", "Startup Cost": 0.0, "Total Cost": 70072.82, "Plan Rows": 478, "Plan Width": 33, "Actual Min Startup Time": 179.232, "Actual Max Startup Time": 179.232, "Actual Min Total Time": 389.678, "Actual Max Total Time": 389.678, "Inner Unique": true, "Plans": [{"Node Type": "Nested Loop", "Parent Relationship": "Outer", "Join Type": "Inner", "Startup Cost": 0.0, "Total Cost": 69909.43, "Plan Rows": 568, "Plan Width": 37, "Actual Min Startup Time": 179.21, "Actual Max Startup Time": 179.21, "Actual Min Total Time": 319.875, "Actual Max Total Time": 319.875, "Inner Unique": false, "Plans": [{"Node Type": "Nested Loop", "Parent Relationship": "Outer", "Join Type": "Inner", "Startup Cost": 0.0, "Total Cost": 69811.57, "Plan Rows": 266, "Plan Width": 25, "Actual Min Startup Time": 179.191, "Actual Max Startup Time": 179.191, "Actual Min Total Time": 252.898, "Actual Max Total Time": 252.898, "Inner Unique": true, "Plans": [{"Node Type": "Nested Loop", "Parent Relationship": "Outer", "Join Type": "Inner", "Startup Cost": 0.0, "Total Cost": 68668.26, "Plan Rows": 192, "Plan Width": 4, "Actual Min Startup Time": 179.149, "Actual Max Startup Time": 179.149, "Actual Min Total Time": 185.777, "Actual Max Total Time": 185.777, "Inner Unique": false, "Join Filter": "(it1.id = mi.info_type_id)", "Rows Removed by Join Filter": 131, "Plans": [{"Node Type": "Seq Scan", "Parent Relationship": "Outer", "Relation Name": "info_type", "Alias": "it1", "Startup Cost": 0.0, "Total Cost": 2.4, "Plan Rows": 1, "Plan Width": 4, "Actual Min Startup Time": 0.065, "Actual Max Startup Time": 0.065, "Actual Min Total Time": 0.098, "Actual Max Total Time": 0.098, "Filter": "((info)::text = 'release dates'::text)", "Rows Removed by Filter": 111, "Actual Rows": 1}, {"Node Type": "Materialize", "Parent Relationship": "Inner", "Startup Cost": 0.0, "Total Cost": 68531.67, "Plan Rows": 13419, "Plan Width": 8, "Actual Min Startup Time": 179.058, "Actual Max Startup Time": 179.058, "Actual Min Total Time": 180.828, "Actual Max Total Time": 180.828, "Plans": [{"Node Type": "Streaming(type: LOCAL GATHER dop: 1/64)", "Parent Relationship": "Outer", "Startup Cost": 0.0, "Total Cost": 68498.12, "Plan Rows": 13419, "Plan Width": 8, "Actual Min Startup Time": 66.772, "Actual Max Startup Time": 66.772, "Actual Min Total Time": 176.998, "Actual Max Total Time": 176.998, "Plans": [{"Node Type": "Seq Scan", "Parent Relationship": "Outer", "Relation Name": "movie_info", "Alias": "mi", "Startup Cost": 0.0, "Total Cost": 68221.29, "Plan Rows": 13419, "Plan Width": 8, "Actual Min Startup Time": 0.112, "Actual Max Startup Time": 22.063, "Actual Min Total Time": 60.45, "Actual Max Total Time": 72.522, "Filter": "((note)::text ~~ '%internet%'::text)", "Rows Removed by Filter": 14824909, "Actual Rows": 10810}], "Actual Rows": 10810}], "Actual Rows": 10811}], "Actual Rows": 10679}, {"Node Type": "Index Scan", "Parent Relationship": "Inner", "Scan Direction": "Forward", "Index Name": "title_pkey", "Relation Name": "title", "Alias": "t", "Startup Cost": 0.0, "Total Cost": 5.94, "Plan Rows": 1, "Plan Width": 21, "Actual Min Startup Time": 58.139, "Actual Max Startup Time": 58.139, "Actual Min Total Time": 58.139, "Actual Max Total Time": 58.139, "Index Cond": "(id = mi.movie_id)", "Rows Removed by Index Recheck": 0, "Filter": "(production_year > 1990)", "Rows Removed by Filter": 17, "Actual Rows": 10662}], "Actual Rows": 10662}, {"Node Type": "Index Scan", "Parent Relationship": "Inner", "Scan Direction": "Forward", "Index Name": "movie_id_movie_companies", "Relation Name": "movie_companies", "Alias": "mc", "Startup Cost": 0.0, "Total Cost": 0.35, "Plan Rows": 2, "Plan Width": 12, "Actual Min Startup Time": 47.393, "Actual Max Startup Time": 47.393, "Actual Min Total Time": 57.925, "Actual Max Total Time": 57.925, "Index Cond": "(movie_id = t.id)", "Rows Removed by Index Recheck": 0, "Actual Rows": 14377}], "Actual Rows": 14377}, {"Node Type": "Index Scan", "Parent Relationship": "Inner", "Scan Direction": "Forward", "Index Name": "company_name_pkey", "Relation Name": "company_name", "Alias": "cn", "Startup Cost": 0.0, "Total Cost": 0.28, "Plan Rows": 1, "Plan Width": 4, "Actual Min Startup Time": 59.003, "Actual Max Startup Time": 59.003, "Actual Min Total Time": 59.003, "Actual Max Total Time": 59.003, "Index Cond": "(id = mc.company_id)", "Rows Removed by Index Recheck": 0, "Filter": "((country_code)::text = '[us]'::text)", "Rows Removed by Filter": 4520, "Actual Rows": 9857}], "Actual Rows": 9857}, {"Node Type": "Materialize", "Parent Relationship": "Inner", "Startup Cost": 0.0, "Total Cost": 1.04, "Plan Rows": 3, "Plan Width": 4, "Actual Min Startup Time": 1.06, "Actual Max Startup Time": 1.06, "Actual Min Total Time": 2.111, "Actual Max Total Time": 2.111, "Plans": [{"Node Type": "Seq Scan", "Parent Relationship": "Outer", "Relation Name": "company_type", "Alias": "ct", "Startup Cost": 0.0, "Total Cost": 1.03, "Plan Rows": 3, "Plan Width": 4, "Actual Min Startup Time": 0.007, "Actual Max Startup Time": 0.007, "Actual Min Total Time": 0.008, "Actual Max Total Time": 0.008, "Actual Rows": 3}], "Actual Rows": 17743}], "Actual Rows": 5914}, {"Node Type": "Index Scan", "Parent Relationship": "Inner", "Scan Direction": "Forward", "Index Name": "movie_id_movie_keyword", "Relation Name": "movie_keyword", "Alias": "mk", "Startup Cost": 0.0, "Total Cost": 0.46, "Plan Rows": 8, "Plan Width": 8, "Actual Min Startup Time": 24.877, "Actual Max Startup Time": 24.877, "Actual Min Total Time": 31.123, "Actual Max Total Time": 31.123, "Index Cond": "(movie_id = mc.movie_id)", "Rows Removed by Index Recheck": 0, "Actual Rows": 14161}], "Actual Rows": 14161}, {"Node Type": "Index Scan", "Parent Relationship": "Inner", "Scan Direction": "Forward", "Index Name": "keyword_pkey", "Relation Name": "keyword", "Alias": "k", "Startup Cost": 0.0, "Total Cost": 0.27, "Plan Rows": 1, "Plan Width": 4, "Actual Min Startup Time": 49.961, "Actual Max Startup Time": 49.961, "Actual Min Total Time": 49.961, "Actual Max Total Time": 49.961, "Index Cond": "(id = mk.keyword_id)", "Rows Removed by Index Recheck": 0, "Actual Rows": 14161}], "Actual Rows": 14161}, {"Node Type": "Index Scan", "Parent Relationship": "Inner", "Scan Direction": "Forward", "Index Name": "movie_id_aka_title", "Relation Name": "aka_title", "Alias": "at", "Startup Cost": 0.0, "Total Cost": 0.32, "Plan Rows": 3, "Plan Width": 25, "Actual Min Startup Time": 32.731, "Actual Max Startup Time": 32.731, "Actual Min Total Time": 35.006, "Actual Max Total Time": 35.006, "Index Cond": "(movie_id = mk.movie_id)", "Rows Removed by Index Recheck": 0, "Actual Rows": 4371}], "Actual Rows": 4371}], "Actual Rows": 1}, "Triggers": [], "Planner Runtime": 39, "Total Runtime": 560.106, "Unique SQL Id": 2302223328}}, "(64, 125)": {"explain_plan": {"Plan": {"Node Type": "Aggregate", "Strategy": "Plain", "Startup Cost": 498760.67, "Total Cost": 498760.68, "Plan Rows": 1, "Plan Width": 102, "Plans": [{"Node Type": "Nested Loop", "Parent Relationship": "Outer", "Join Type": "Inner", "Startup Cost": 0.0, "Total Cost": 498726.48, "Plan Rows": 6838, "Plan Width": 38, "Inner Unique": false, "Join Filter": "(t.id = at.movie_id)", "Plans": [{"Node Type": "Nested Loop", "Parent Relationship": "Outer", "Join Type": "Inner", "Startup Cost": 0.0, "Total Cost": 497927.86, "Plan Rows": 2257, "Plan Width": 33, "Inner Unique": true, "Plans": [{"Node Type": "Nested Loop", "Parent Relationship": "Outer", "Join Type": "Inner", "Startup Cost": 0.0, "Total Cost": 497294.36, "Plan Rows": 2257, "Plan Width": 37, "Inner Unique": false, "Join Filter": "(t.id = mk.movie_id)", "Plans": [{"Node Type": "Nested Loop", "Parent Relationship": "Outer", "Join Type": "Inner", "Startup Cost": 0.0, "Total Cost": 497138.02, "Plan Rows": 278, "Plan Width": 29, "Inner Unique": true, "Join Filter": "(mc.company_type_id = ct.id)", "Plans": [{"Node Type": "Nested Loop", "Parent Relationship": "Outer", "Join Type": "Inner", "Startup Cost": 0.0, "Total Cost": 497104.2, "Plan Rows": 478, "Plan Width": 33, "Inner Unique": true, "Plans": [{"Node Type": "Nested Loop", "Parent Relationship": "Outer", "Join Type": "Inner", "Startup Cost": 0.0, "Total Cost": 496940.81, "Plan Rows": 568, "Plan Width": 37, "Inner Unique": false, "Plans": [{"Node Type": "Nested Loop", "Parent Relationship": "Outer", "Join Type": "Inner", "Startup Cost": 0.0, "Total Cost": 496842.96, "Plan Rows": 266, "Plan Width": 25, "Inner Unique": true, "Plans": [{"Node Type": "Nested Loop", "Parent Relationship": "Outer", "Join Type": "Inner", "Startup Cost": 0.0, "Total Cost": 495699.65, "Plan Rows": 192, "Plan Width": 4, "Inner Unique": false, "Plans": [{"Node Type": "Index Scan", "Parent Relationship": "Outer", "Scan Direction": "Forward", "Index Name": "info_type_pkey", "Relation Name": "info_type", "Alias": "it1", "Startup Cost": 0.0, "Total Cost": 14.21, "Plan Rows": 1, "Plan Width": 4, "Filter": "((info)::text = 'release dates'::text)"}, {"Node Type": "Index Scan", "Parent Relationship": "Inner", "Scan Direction": "Forward", "Index Name": "info_type_id_movie_info", "Relation Name": "movie_info", "Alias": "mi", "Startup Cost": 0.0, "Total Cost": 495683.52, "Plan Rows": 192, "Plan Width": 8, "Index Cond": "(info_type_id = it1.id)", "Filter": "((note)::text ~~ '%internet%'::text)"}]}, {"Node Type": "Index Scan", "Parent Relationship": "Inner", "Scan Direction": "Forward", "Index Name": "title_pkey", "Relation Name": "title", "Alias": "t", "Startup Cost": 0.0, "Total Cost": 5.94, "Plan Rows": 1, "Plan Width": 21, "Index Cond": "(id = mi.movie_id)", "Filter": "(production_year > 1990)"}]}, {"Node Type": "Index Scan", "Parent Relationship": "Inner", "Scan Direction": "Forward", "Index Name": "movie_id_movie_companies", "Relation Name": "movie_companies", "Alias": "mc", "Startup Cost": 0.0, "Total Cost": 0.35, "Plan Rows": 2, "Plan Width": 12, "Index Cond": "(movie_id = t.id)"}]}, {"Node Type": "Index Scan", "Parent Relationship": "Inner", "Scan Direction": "Forward", "Index Name": "company_name_pkey", "Relation Name": "company_name", "Alias": "cn", "Startup Cost": 0.0, "Total Cost": 0.28, "Plan Rows": 1, "Plan Width": 4, "Index Cond": "(id = mc.company_id)", "Filter": "((country_code)::text = '[us]'::text)"}]}, {"Node Type": "Materialize", "Parent Relationship": "Inner", "Startup Cost": 0.0, "Total Cost": 12.31, "Plan Rows": 3, "Plan Width": 4, "Plans": [{"Node Type": "Index Scan", "Parent Relationship": "Outer", "Scan Direction": "Forward", "Index Name": "company_type_pkey", "Relation Name": "company_type", "Alias": "ct", "Startup Cost": 0.0, "Total Cost": 12.29, "Plan Rows": 3, "Plan Width": 4}]}]}, {"Node Type": "Index Scan", "Parent Relationship": "Inner", "Scan Direction": "Forward", "Index Name": "movie_id_movie_keyword", "Relation Name": "movie_keyword", "Alias": "mk", "Startup Cost": 0.0, "Total Cost": 0.46, "Plan Rows": 8, "Plan Width": 8, "Index Cond": "(movie_id = mc.movie_id)"}]}, {"Node Type": "Index Scan", "Parent Relationship": "Inner", "Scan Direction": "Forward", "Index Name": "keyword_pkey", "Relation Name": "keyword", "Alias": "k", "Startup Cost": 0.0, "Total Cost": 0.27, "Plan Rows": 1, "Plan Width": 4, "Index Cond": "(id = mk.keyword_id)"}]}, {"Node Type": "Index Scan", "Parent Relationship": "Inner", "Scan Direction": "Forward", "Index Name": "movie_id_aka_title", "Relation Name": "aka_title", "Alias": "at", "Startup Cost": 0.0, "Total Cost": 0.32, "Plan Rows": 3, "Plan Width": 25, "Index Cond": "(movie_id = mk.movie_id)"}]}]}, "Unique SQL Id": 2302223328, "Planner Runtime": 33}, "explain_analyze_plan": null}, "(64, 126)": {"explain_plan": {"Plan": {"Node Type": "Aggregate", "Strategy": "Plain", "Startup Cost": 1345333.05, "Total Cost": 1345333.06, "Plan Rows": 1, "Plan Width": 102, "Plans": [{"Node Type": "Nested Loop", "Parent Relationship": "Outer", "Join Type": "Inner", "Startup Cost": 0.0, "Total Cost": 1345298.86, "Plan Rows": 6838, "Plan Width": 38, "Inner Unique": true, "Join Filter": "(mc.company_type_id = ct.id)", "Plans": [{"Node Type": "Streaming(type: LOCAL GATHER dop: 1/64)", "Parent Relationship": "Outer", "Startup Cost": 0.0, "Total Cost": 1344990.12, "Plan Rows": 6838, "Plan Width": 42, "Plans": [{"Node Type": "Nested Loop", "Parent Relationship": "Outer", "Join Type": "Inner", "Startup Cost": 0.0, "Total Cost": 1344849.05, "Plan Rows": 6838, "Plan Width": 42, "Inner Unique": false, "Join Filter": "(t.id = at.movie_id)", "Plans": [{"Node Type": "Streaming(type: LOCAL REDISTRIBUTE dop: 64/1)", "Parent Relationship": "Outer", "Startup Cost": 0.0, "Total Cost": 87581.23, "Plan Rows": 361471, "Plan Width": 25, "Plans": [{"Node Type": "Seq Scan", "Parent Relationship": "Outer", "Relation Name": "aka_title", "Alias": "at", "Startup Cost": 0.0, "Total Cost": 9894.71, "Plan Rows": 361471, "Plan Width": 25}]}, {"Node Type": "Materialize", "Parent Relationship": "Inner", "Startup Cost": 0.0, "Total Cost": 1252139.77, "Plan Rows": 3874, "Plan Width": 37, "Plans": [{"Node Type": "Streaming(type: LOCAL REDISTRIBUTE dop: 64/64)", "Parent Relationship": "Outer", "Startup Cost": 0.0, "Total Cost": 1252139.47, "Plan Rows": 3874, "Plan Width": 37, "Plans": [{"Node Type": "Nested Loop", "Parent Relationship": "Outer", "Join Type": "Inner", "Startup Cost": 0.0, "Total Cost": 1189135.8, "Plan Rows": 3874, "Plan Width": 37, "Inner Unique": false, "Join Filter": "(mk.keyword_id = k.id)", "Plans": [{"Node Type": "Streaming(type: LOCAL REDISTRIBUTE dop: 64/1)", "Parent Relationship": "Outer", "Startup Cost": 0.0, "Total Cost": 70551.96, "Plan Rows": 134169, "Plan Width": 4, "Plans": [{"Node Type": "Seq Scan", "Parent Relationship": "Outer", "Relation Name": "keyword", "Alias": "k", "Startup Cost": 0.0, "Total Cost": 2100.69, "Plan Rows": 134169, "Plan Width": 4}]}, {"Node Type": "Materialize", "Parent Relationship": "Inner", "Startup Cost": 0.0, "Total Cost": 1116680.53, "Plan Rows": 3874, "Plan Width": 41, "Plans": [{"Node Type": "Streaming(type: LOCAL REDISTRIBUTE dop: 64/64)", "Parent Relationship": "Outer", "Startup Cost": 0.0, "Total Cost": 1116680.23, "Plan Rows": 3874, "Plan Width": 41, "Plans": [{"Node Type": "Nested Loop", "Parent Relationship": "Outer", "Join Type": "Inner", "Startup Cost": 0.0, "Total Cost": 1053676.56, "Plan Rows": 3874, "Plan Width": 41, "Inner Unique": false, "Join Filter": "(t.id = mk.movie_id)", "Plans": [{"Node Type": "Streaming(type: LOCAL REDISTRIBUTE dop: 64/1)", "Parent Relationship": "Outer", "Startup Cost": 0.0, "Total Cost": 309248.0, "Plan Rows": 4523929, "Plan Width": 8, "Plans": [{"Node Type": "Seq Scan", "Parent Relationship": "Outer", "Relation Name": "movie_keyword", "Alias": "mk", "Startup Cost": 0.0, "Total Cost": 62441.29, "Plan Rows": 4523929, "Plan Width": 8}]}, {"Node Type": "Materialize", "Parent Relationship": "Inner", "Startup Cost": 0.0, "Total Cost": 736509.5, "Plan Rows": 478, "Plan Width": 33, "Plans": [{"Node Type": "Streaming(type: LOCAL REDISTRIBUTE dop: 64/64)", "Parent Relationship": "Outer", "Startup Cost": 0.0, "Total Cost": 736509.46, "Plan Rows": 478, "Plan Width": 33, "Plans": [{"Node Type": "Nested Loop", "Parent Relationship": "Outer", "Join Type": "Inner", "Startup Cost": 0.0, "Total Cost": 673509.01, "Plan Rows": 478, "Plan Width": 33, "Inner Unique": false, "Join Filter": "(mc.company_id = cn.id)", "Plans": [{"Node Type": "Streaming(type: LOCAL REDISTRIBUTE dop: 64/1)", "Parent Relationship": "Outer", "Startup Cost": 0.0, "Total Cost": 72363.9, "Plan Rows": 85170, "Plan Width": 4, "Plans": [{"Node Type": "Seq Scan", "Parent Relationship": "Outer", "Relation Name": "company_name", "Alias": "cn", "Startup Cost": 0.0, "Total Cost": 5903.45, "Plan Rows": 85170, "Plan Width": 4, "Filter": "((country_code)::text = '[us]'::text)"}]}, {"Node Type": "Materialize", "Parent Relationship": "Inner", "Startup Cost": 0.0, "Total Cost": 600967.98, "Plan Rows": 568, "Plan Width": 37, "Plans": [{"Node Type": "Streaming(type: LOCAL REDISTRIBUTE dop: 64/64)", "Parent Relationship": "Outer", "Startup Cost": 0.0, "Total Cost": 600967.93, "Plan Rows": 568, "Plan Width": 37, "Plans": [{"Node Type": "Nested Loop", "Parent Relationship": "Outer", "Join Type": "Inner", "Startup Cost": 0.0, "Total Cost": 537967.39, "Plan Rows": 568, "Plan Width": 37, "Inner Unique": false, "Join Filter": "(t.id = mc.movie_id)", "Plans": [{"Node Type": "Streaming(type: LOCAL REDISTRIBUTE dop: 64/1)", "Parent Relationship": "Outer", "Startup Cost": 0.0, "Total Cost": 210825.84, "Plan Rows": 2609128, "Plan Width": 12, "Plans": [{"Node Type": "Seq Scan", "Parent Relationship": "Outer", "Relation Name": "movie_companies", "Alias": "mc", "Startup Cost": 0.0, "Total Cost": 41817.28, "Plan Rows": 2609128, "Plan Width": 12}]}, {"Node Type": "Materialize", "Parent Relationship": "Inner", "Startup Cost": 0.0, "Total Cost": 324599.95, "Plan Rows": 266, "Plan Width": 25, "Plans": [{"Node Type": "Streaming(type: LOCAL REDISTRIBUTE dop: 64/64)", "Parent Relationship": "Outer", "Startup Cost": 0.0, "Total Cost": 324599.93, "Plan Rows": 266, "Plan Width": 25, "Plans": [{"Node Type": "Nested Loop", "Parent Relationship": "Outer", "Join Type": "Inner", "Startup Cost": 0.0, "Total Cost": 261599.68, "Plan Rows": 266, "Plan Width": 25, "Inner Unique": false, "Join Filter": "(mi.movie_id = t.id)", "Plans": [{"Node Type": "Streaming(type: LOCAL REDISTRIBUTE dop: 64/64)", "Parent Relationship": "Outer", "Startup Cost": 0.0, "Total Cost": 128693.96, "Plan Rows": 1748840, "Plan Width": 21, "Plans": [{"Node Type": "Seq Scan", "Parent Relationship": "Outer", "Relation Name": "title", "Alias": "t", "Startup Cost": 0.0, "Total Cost": 64037.34, "Plan Rows": 1748840, "Plan Width": 21, "Filter": "(production_year > 1990), (LLVM Optimized)"}]}, {"Node Type": "Materialize", "Parent Relationship": "Inner", "Startup Cost": 0.0, "Total Cost": 131676.08, "Plan Rows": 192, "Plan Width": 4, "Plans": [{"Node Type": "Streaming(type: LOCAL REDISTRIBUTE dop: 64/1)", "Parent Relationship": "Outer", "Startup Cost": 0.0, "Total Cost": 131676.06, "Plan Rows": 192, "Plan Width": 4, "Plans": [{"Node Type": "Nested Loop", "Parent Relationship": "Outer", "Join Type": "Inner", "Startup Cost": 0.0, "Total Cost": 68668.26, "Plan Rows": 192, "Plan Width": 4, "Inner Unique": false, "Join Filter": "(it1.id = mi.info_type_id)", "Plans": [{"Node Type": "Seq Scan", "Parent Relationship": "Outer", "Relation Name": "info_type", "Alias": "it1", "Startup Cost": 0.0, "Total Cost": 2.4, "Plan Rows": 1, "Plan Width": 4, "Filter": "((info)::text = 'release dates'::text)"}, {"Node Type": "Materialize", "Parent Relationship": "Inner", "Startup Cost": 0.0, "Total Cost": 68531.67, "Plan Rows": 13419, "Plan Width": 8, "Plans": [{"Node Type": "Streaming(type: LOCAL GATHER dop: 1/64)", "Parent Relationship": "Outer", "Startup Cost": 0.0, "Total Cost": 68498.12, "Plan Rows": 13419, "Plan Width": 8, "Plans": [{"Node Type": "Seq Scan", "Parent Relationship": "Outer", "Relation Name": "movie_info", "Alias": "mi", "Startup Cost": 0.0, "Total Cost": 68221.29, "Plan Rows": 13419, "Plan Width": 8, "Filter": "((note)::text ~~ '%internet%'::text)"}]}]}]}]}]}]}]}]}]}]}]}]}]}]}]}]}]}]}]}]}]}]}, {"Node Type": "Materialize", "Parent Relationship": "Inner", "Startup Cost": 0.0, "Total Cost": 1.04, "Plan Rows": 3, "Plan Width": 4, "Plans": [{"Node Type": "Seq Scan", "Parent Relationship": "Outer", "Relation Name": "company_type", "Alias": "ct", "Startup Cost": 0.0, "Total Cost": 1.03, "Plan Rows": 3, "Plan Width": 4}]}]}]}, "Unique SQL Id": 2302223328, "Planner Runtime": 64}, "explain_analyze_plan": null}, "(64, 127)": {"explain_plan": {"Plan": {"Node Type": "Aggregate", "Strategy": "Plain", "Startup Cost": 9000196088641.51, "Total Cost": 9000196088641.52, "Plan Rows": 1, "Plan Width": 102, "Plans": [{"Node Type": "Nested Loop", "Parent Relationship": "Outer", "Join Type": "Inner", "Startup Cost": 90000000000.0, "Total Cost": 9000196088607.32, "Plan Rows": 6838, "Plan Width": 38, "Inner Unique": false, "Join Filter": "(t.id = at.movie_id)", "Plans": [{"Node Type": "Nested Loop", "Parent Relationship": "Outer", "Join Type": "Inner", "Startup Cost": 80000000000.0, "Total Cost": 8000181860101.8, "Plan Rows": 2257, "Plan Width": 33, "Inner Unique": true, "Join Filter": "(mk.keyword_id = k.id)", "Plans": [{"Node Type": "Nested Loop", "Parent Relationship": "Outer", "Join Type": "Inner", "Startup Cost": 70000000000.0, "Total Cost": 7000177032745.45, "Plan Rows": 2257, "Plan Width": 37, "Inner Unique": false, "Join Filter": "(t.id = mk.movie_id)", "Plans": [{"Node Type": "Index Scan", "Parent Relationship": "Outer", "Scan Direction": "Forward", "Index Name": "movie_id_movie_keyword", "Relation Name": "movie_keyword", "Alias": "mk", "Startup Cost": 10000000000.0, "Total Cost": 1000015300634.17, "Plan Rows": 4523929, "Plan Width": 8}, {"Node Type": "Materialize", "Parent Relationship": "Inner", "Startup Cost": 60000000000.0, "Total Cost": 6000142867328.05, "Plan Rows": 278, "Plan Width": 29, "Plans": [{"Node Type": "Nested Loop", "Parent Relationship": "Outer", "Join Type": "Inner", "Startup Cost": 60000000000.0, "Total Cost": 6000142867326.66, "Plan Rows": 278, "Plan Width": 29, "Inner Unique": false, "Join Filter": "(mi.movie_id = t.id)", "Plans": [{"Node Type": "Index Scan", "Parent Relationship": "Outer", "Scan Direction": "Forward", "Index Name": "title_pkey", "Relation Name": "title", "Alias": "t", "Startup Cost": 10000000000.0, "Total Cost": 1000011644126.66, "Plan Rows": 1748840, "Plan Width": 21, "Filter": "(production_year > 1990), (LLVM Optimized)"}, {"Node Type": "Materialize", "Parent Relationship": "Inner", "Startup Cost": 50000000000.0, "Total Cost": 5000125950447.9, "Plan Rows": 201, "Plan Width": 8, "Plans": [{"Node Type": "Nested Loop", "Parent Relationship": "Outer", "Join Type": "Inner", "Startup Cost": 50000000000.0, "Total Cost": 5000125950446.89, "Plan Rows": 201, "Plan Width": 8, "Inner Unique": true, "Join Filter": "(mc.company_type_id = ct.id)", "Plans": [{"Node Type": "Nested Loop", "Parent Relationship": "Outer", "Join Type": "Inner", "Startup Cost": 40000000000.0, "Total Cost": 4000125949201.86, "Plan Rows": 345, "Plan Width": 12, "Inner Unique": true, "Join Filter": "(mc.company_id = cn.id)", "Plans": [{"Node Type": "Nested Loop", "Parent Relationship": "Outer", "Join Type": "Inner", "Startup Cost": 30000000000.0, "Total Cost": 3000124375054.46, "Plan Rows": 410, "Plan Width": 16, "Inner Unique": false, "Join Filter": "(mi.movie_id = mc.movie_id)", "Plans": [{"Node Type": "Nested Loop", "Parent Relationship": "Outer", "Join Type": "Inner", "Startup Cost": 20000000000.0, "Total Cost": 2000107536026.0, "Plan Rows": 192, "Plan Width": 4, "Inner Unique": true, "Join Filter": "(it1.id = mi.info_type_id)", "Plans": [{"Node Type": "Index Scan", "Parent Relationship": "Outer", "Scan Direction": "Forward", "Index Name": "movie_id_movie_info", "Relation Name": "movie_info", "Alias": "mi", "Startup Cost": 10000000000.0, "Total Cost": 1000107534403.72, "Plan Rows": 13419, "Plan Width": 8, "Filter": "((note)::text ~~ '%internet%'::text)"}, {"Node Type": "Materialize", "Parent Relationship": "Inner", "Startup Cost": 10000000000.0, "Total Cost": 1000000001421.0, "Plan Rows": 1, "Plan Width": 4, "Plans": [{"Node Type": "Index Scan", "Parent Relationship": "Outer", "Scan Direction": "Forward", "Index Name": "info_type_pkey", "Relation Name": "info_type", "Alias": "it1", "Startup Cost": 10000000000.0, "Total Cost": 1000000001421.0, "Plan Rows": 1, "Plan Width": 4, "Filter": "((info)::text = 'release dates'::text)"}]}]}, {"Node Type": "Materialize", "Parent Relationship": "Inner", "Startup Cost": 10000000000.0, "Total Cost": 1000009331262.64, "Plan Rows": 2609128, "Plan Width": 12, "Plans": [{"Node Type": "Index Scan", "Parent Relationship": "Outer", "Scan Direction": "Forward", "Index Name": "company_type_id_movie_companies", "Relation Name": "movie_companies", "Alias": "mc", "Startup Cost": 10000000000.0, "Total Cost": 1000009318217.0, "Plan Rows": 2609128, "Plan Width": 12}]}]}, {"Node Type": "Materialize", "Parent Relationship": "Inner", "Startup Cost": 10000000000.0, "Total Cost": 1000001050564.82, "Plan Rows": 85170, "Plan Width": 4, "Plans": [{"Node Type": "Index Scan", "Parent Relationship": "Outer", "Scan Direction": "Forward", "Index Name": "company_name_pkey", "Relation Name": "company_name", "Alias": "cn", "Startup Cost": 10000000000.0, "Total Cost": 1000001050138.97, "Plan Rows": 85170, "Plan Width": 4, "Filter": "((country_code)::text = '[us]'::text)"}]}]}, {"Node Type": "Materialize", "Parent Relationship": "Inner", "Startup Cost": 10000000000.0, "Total Cost": 1000000001229.52, "Plan Rows": 3, "Plan Width": 4, "Plans": [{"Node Type": "Index Scan", "Parent Relationship": "Outer", "Scan Direction": "Forward", "Index Name": "company_type_pkey", "Relation Name": "company_type", "Alias": "ct", "Startup Cost": 10000000000.0, "Total Cost": 1000000001229.5, "Plan Rows": 3, "Plan Width": 4}]}]}]}]}]}]}, {"Node Type": "Materialize", "Parent Relationship": "Inner", "Startup Cost": 10000000000.0, "Total Cost": 1000000285400.28, "Plan Rows": 134169, "Plan Width": 4, "Plans": [{"Node Type": "Index Scan", "Parent Relationship": "Outer", "Scan Direction": "Forward", "Index Name": "keyword_pkey", "Relation Name": "keyword", "Alias": "k", "Startup Cost": 10000000000.0, "Total Cost": 1000000284729.43, "Plan Rows": 134169, "Plan Width": 4}]}]}, {"Node Type": "Materialize", "Parent Relationship": "Inner", "Startup Cost": 10000000000.0, "Total Cost": 1000001991808.49, "Plan Rows": 361471, "Plan Width": 25, "Plans": [{"Node Type": "Index Scan", "Parent Relationship": "Outer", "Scan Direction": "Forward", "Index Name": "movie_id_aka_title", "Relation Name": "aka_title", "Alias": "at", "Startup Cost": 10000000000.0, "Total Cost": 1000001990001.13, "Plan Rows": 361471, "Plan Width": 25}]}]}]}, "Unique SQL Id": 2302223328, "Planner Runtime": 34}, "explain_analyze_plan": null}}