{"(1, '0')": {"explain_plan": {"Plan": {"Node Type": "Aggregate", "Strategy": "Plain", "Startup Cost": 84207.28, "Total Cost": 84207.29, "Plan Rows": 1, "Plan Width": 160, "Plans": [{"Node Type": "Nested Loop", "Parent Relationship": "Outer", "Join Type": "Inner", "Startup Cost": 7419.04, "Total Cost": 84205.64, "Plan Rows": 219, "Plan Width": 64, "Inner Unique": true, "Plans": [{"Node Type": "Nested Loop", "Parent Relationship": "Outer", "Join Type": "Inner", "Startup Cost": 7419.04, "Total Cost": 84044.65, "Plan Rows": 321, "Plan Width": 68, "Inner Unique": false, "Plans": [{"Node Type": "Nested Loop", "Parent Relationship": "Outer", "Join Type": "Inner", "Startup Cost": 7419.04, "Total Cost": 83359.62, "Plan Rows": 291, "Plan Width": 76, "Inner Unique": false, "Join Filter": "(mi.info_type_id = it1.id)", "Plans": [{"Node Type": "Seq Scan", "Parent Relationship": "Outer", "Relation Name": "info_type", "Alias": "it1", "Startup Cost": 0.0, "Total Cost": 2.4, "Plan Rows": 1, "Plan Width": 4, "Filter": "((info)::text = 'genres'::text)"}, {"Node Type": "Nested Loop", "Parent Relationship": "Inner", "Join Type": "Inner", "Startup Cost": 7419.04, "Total Cost": 83185.31, "Plan Rows": 13753, "Plan Width": 80, "Inner Unique": false, "Plans": [{"Node Type": "Nested Loop", "Parent Relationship": "Outer", "Join Type": "Inner", "Startup Cost": 7419.04, "Total Cost": 61813.18, "Plan Rows": 15041, "Plan Width": 30, "Inner Unique": true, "Plans": [{"Node Type": "Nested Loop", "Parent Relationship": "Outer", "Join Type": "Inner", "Startup Cost": 7419.04, "Total Cost": 19199.92, "Plan Rows": 12936, "Plan Width": 9, "Inner Unique": false, "Plans": [{"Node Type": "Seq Scan", "Parent Relationship": "Outer", "Relation Name": "info_type", "Alias": "it2", "Startup Cost": 0.0, "Total Cost": 2.4, "Plan Rows": 1, "Plan Width": 4, "Filter": "((info)::text = 'rating'::text)"}, {"Node Type": "Bitmap Heap Scan", "Parent Relationship": "Inner", "Relation Name": "movie_info_idx", "Alias": "mi_idx", "Startup Cost": 7419.04, "Total Cost": 19068.16, "Plan Rows": 12936, "Plan Width": 13, "Recheck Cond": "(info_type_id = it2.id)", "Filter": "((info)::text > '8.0'::text)", "Plans": [{"Node Type": "Bitmap Index Scan", "Parent Relationship": "Outer", "Index Name": "info_type_id_movie_info_idx", "Startup Cost": 0.0, "Total Cost": 7415.81, "Plan Rows": 345008, "Plan Width": 0, "Index Cond": "(info_type_id = it2.id)"}]}]}, {"Node Type": "Index Scan", "Parent Relationship": "Inner", "Scan Direction": "Forward", "Index Name": "title_pkey", "Relation Name": "title", "Alias": "t", "Startup Cost": 0.0, "Total Cost": 3.28, "Plan Rows": 1, "Plan Width": 21, "Index Cond": "(id = mi_idx.movie_id)", "Filter": "((production_year >= 2008) AND (production_year <= 2014))"}]}, {"Node Type": "Index Scan", "Parent Relationship": "Inner", "Scan Direction": "Forward", "Index Name": "movie_id_movie_info", "Relation Name": "movie_info", "Alias": "mi", "Startup Cost": 0.0, "Total Cost": 1.41, "Plan Rows": 1, "Plan Width": 50, "Index Cond": "(movie_id = t.id)", "Filter": "((note IS NULL) AND ((info)::text = ANY ('{Horror,Thriller}'::text[])))"}]}]}, {"Node Type": "Index Scan", "Parent Relationship": "Inner", "Scan Direction": "Forward", "Index Name": "movie_id_cast_info", "Relation Name": "cast_info", "Alias": "ci", "Startup Cost": 0.0, "Total Cost": 2.34, "Plan Rows": 1, "Plan Width": 8, "Index Cond": "(movie_id = t.id)", "Filter": "((note)::text = ANY ('{(writer),\"(head writer)\",\"(written by)\",(story),\"(story editor)\"}'::text[]))"}]}, {"Node Type": "Index Scan", "Parent Relationship": "Inner", "Scan Direction": "Forward", "Index Name": "name_pkey", "Relation Name": "name", "Alias": "n", "Startup Cost": 0.0, "Total Cost": 0.49, "Plan Rows": 1, "Plan Width": 4, "Index Cond": "(id = ci.person_id)", "Filter": "((gender IS NOT NULL) AND ((gender)::text = 'f'::text))"}]}]}, "Unique SQL Id": 661781350, "Planner Runtime": 23}, "explain_analyze_plan": {"Plan": {"Node Type": "Aggregate", "Strategy": "Plain", "Startup Cost": 84207.28, "Total Cost": 84207.29, "Plan Rows": 1, "Plan Width": 160, "Actual Startup Time": 571.433, "Actual Total Time": 571.434, "Actual Rows": 1, "Actual Loops": 1, "Plans": [{"Node Type": "Nested Loop", "Parent Relationship": "Outer", "Join Type": "Inner", "Startup Cost": 7419.04, "Total Cost": 84205.64, "Plan Rows": 219, "Plan Width": 64, "Actual Startup Time": 340.927, "Actual Total Time": 571.372, "Actual Rows": 11, "Actual Loops": 1, "Inner Unique": true, "Plans": [{"Node Type": "Nested Loop", "Parent Relationship": "Outer", "Join Type": "Inner", "Startup Cost": 7419.04, "Total Cost": 84044.65, "Plan Rows": 321, "Plan Width": 68, "Actual Startup Time": 156.562, "Actual Total Time": 569.19, "Actual Rows": 268, "Actual Loops": 1, "Inner Unique": false, "Plans": [{"Node Type": "Nested Loop", "Parent Relationship": "Outer", "Join Type": "Inner", "Startup Cost": 7419.04, "Total Cost": 83359.62, "Plan Rows": 291, "Plan Width": 76, "Actual Startup Time": 88.153, "Actual Total Time": 544.541, "Actual Rows": 358, "Actual Loops": 1, "Inner Unique": false, "Join Filter": "(mi.info_type_id = it1.id)", "Rows Removed by Join Filter": 0, "Plans": [{"Node Type": "Seq Scan", "Parent Relationship": "Outer", "Relation Name": "info_type", "Alias": "it1", "Startup Cost": 0.0, "Total Cost": 2.4, "Plan Rows": 1, "Plan Width": 4, "Actual Startup Time": 0.03, "Actual Total Time": 0.066, "Actual Rows": 1, "Actual Loops": 1, "Filter": "((info)::text = 'genres'::text)", "Rows Removed by Filter": 111}, {"Node Type": "Nested Loop", "Parent Relationship": "Inner", "Join Type": "Inner", "Startup Cost": 7419.04, "Total Cost": 83185.31, "Plan Rows": 13753, "Plan Width": 80, "Actual Startup Time": 88.113, "Actual Total Time": 544.249, "Actual Rows": 358, "Actual Loops": 1, "Inner Unique": false, "Plans": [{"Node Type": "Nested Loop", "Parent Relationship": "Outer", "Join Type": "Inner", "Startup Cost": 7419.04, "Total Cost": 61813.18, "Plan Rows": 15041, "Plan Width": 30, "Actual Startup Time": 79.89, "Actual Total Time": 404.387, "Actual Rows": 6152, "Actual Loops": 1, "Inner Unique": true, "Plans": [{"Node Type": "Nested Loop", "Parent Relationship": "Outer", "Join Type": "Inner", "Startup Cost": 7419.04, "Total Cost": 19199.92, "Plan Rows": 12936, "Plan Width": 9, "Actual Startup Time": 78.103, "Actual Total Time": 325.531, "Actual Rows": 15849, "Actual Loops": 1, "Inner Unique": false, "Plans": [{"Node Type": "Seq Scan", "Parent Relationship": "Outer", "Relation Name": "info_type", "Alias": "it2", "Startup Cost": 0.0, "Total Cost": 2.4, "Plan Rows": 1, "Plan Width": 4, "Actual Startup Time": 0.041, "Actual Total Time": 0.061, "Actual Rows": 1, "Actual Loops": 1, "Filter": "((info)::text = 'rating'::text)", "Rows Removed by Filter": 111}, {"Node Type": "Bitmap Heap Scan", "Parent Relationship": "Inner", "Relation Name": "movie_info_idx", "Alias": "mi_idx", "Startup Cost": 7419.04, "Total Cost": 19068.16, "Plan Rows": 12936, "Plan Width": 13, "Actual Startup Time": 78.058, "Actual Total Time": 321.813, "Actual Rows": 15849, "Actual Loops": 1, "Recheck Cond": "(info_type_id = it2.id)", "Rows Removed by Index Recheck": 0, "Filter": "((info)::text > '8.0'::text)", "Rows Removed by Filter": 444076, "Exact Heap Blocks": 6472, "Lossy Heap Blocks": 6472, "Plans": [{"Node Type": "Bitmap Index Scan", "Parent Relationship": "Outer", "Index Name": "info_type_id_movie_info_idx", "Startup Cost": 0.0, "Total Cost": 7415.81, "Plan Rows": 345008, "Plan Width": 0, "Actual Startup Time": 76.814, "Actual Total Time": 76.814, "Actual Rows": 459925, "Actual Loops": 1, "Index Cond": "(info_type_id = it2.id)"}]}]}, {"Node Type": "Index Scan", "Parent Relationship": "Inner", "Scan Direction": "Forward", "Index Name": "title_pkey", "Relation Name": "title", "Alias": "t", "Startup Cost": 0.0, "Total Cost": 3.28, "Plan Rows": 1, "Plan Width": 21, "Actual Startup Time": 68.995, "Actual Total Time": 68.995, "Actual Rows": 6152, "Actual Loops": 15849, "Index Cond": "(id = mi_idx.movie_id)", "Rows Removed by Index Recheck": 0, "Filter": "((production_year >= 2008) AND (production_year <= 2014))", "Rows Removed by Filter": 9697}]}, {"Node Type": "Index Scan", "Parent Relationship": "Inner", "Scan Direction": "Forward", "Index Name": "movie_id_movie_info", "Relation Name": "movie_info", "Alias": "mi", "Startup Cost": 0.0, "Total Cost": 1.41, "Plan Rows": 1, "Plan Width": 50, "Actual Startup Time": 136.216, "Actual Total Time": 136.521, "Actual Rows": 358, "Actual Loops": 6152, "Index Cond": "(movie_id = t.id)", "Rows Removed by Index Recheck": 0, "Filter": "((note IS NULL) AND ((info)::text = ANY ('{Horror,Thriller}'::text[])))", "Rows Removed by Filter": 109599}]}]}, {"Node Type": "Index Scan", "Parent Relationship": "Inner", "Scan Direction": "Forward", "Index Name": "movie_id_cast_info", "Relation Name": "cast_info", "Alias": "ci", "Startup Cost": 0.0, "Total Cost": 2.34, "Plan Rows": 1, "Plan Width": 8, "Actual Startup Time": 19.028, "Actual Total Time": 24.254, "Actual Rows": 268, "Actual Loops": 358, "Index Cond": "(movie_id = t.id)", "Rows Removed by Index Recheck": 0, "Filter": "((note)::text = ANY ('{(writer),\"(head writer)\",\"(written by)\",(story),\"(story editor)\"}'::text[]))", "Rows Removed by Filter": 12296}]}, {"Node Type": "Index Scan", "Parent Relationship": "Inner", "Scan Direction": "Forward", "Index Name": "name_pkey", "Relation Name": "name", "Alias": "n", "Startup Cost": 0.0, "Total Cost": 0.49, "Plan Rows": 1, "Plan Width": 4, "Actual Startup Time": 1.935, "Actual Total Time": 1.935, "Actual Rows": 11, "Actual Loops": 268, "Index Cond": "(id = ci.person_id)", "Rows Removed by Index Recheck": 0, "Filter": "((gender IS NOT NULL) AND ((gender)::text = 'f'::text))", "Rows Removed by Filter": 257}]}]}, "Triggers": [], "Planner Runtime": 22.994, "Total Runtime": 571.807, "Unique SQL Id": 661781350}}, "(1, '1')": {"explain_plan": {"Plan": {"Node Type": "Aggregate", "Strategy": "Plain", "Startup Cost": 84230.9, "Total Cost": 84230.91, "Plan Rows": 1, "Plan Width": 160, "Plans": [{"Node Type": "Nested Loop", "Parent Relationship": "Outer", "Join Type": "Inner", "Startup Cost": 7419.04, "Total Cost": 84229.26, "Plan Rows": 219, "Plan Width": 64, "Inner Unique": true, "Plans": [{"Node Type": "Nested Loop", "Parent Relationship": "Outer", "Join Type": "Inner", "Startup Cost": 7419.04, "Total Cost": 84068.27, "Plan Rows": 321, "Plan Width": 68, "Inner Unique": false, "Plans": [{"Node Type": "Nested Loop", "Parent Relationship": "Outer", "Join Type": "Inner", "Startup Cost": 7419.04, "Total Cost": 83383.24, "Plan Rows": 291, "Plan Width": 76, "Inner Unique": false, "Join Filter": "(mi.info_type_id = it1.id)", "Plans": [{"Node Type": "Index Scan", "Parent Relationship": "Outer", "Scan Direction": "Forward", "Index Name": "info_type_pkey", "Relation Name": "info_type", "Alias": "it1", "Startup Cost": 0.0, "Total Cost": 14.21, "Plan Rows": 1, "Plan Width": 4, "Filter": "((info)::text = 'genres'::text)"}, {"Node Type": "Nested Loop", "Parent Relationship": "Inner", "Join Type": "Inner", "Startup Cost": 7419.04, "Total Cost": 83197.12, "Plan Rows": 13753, "Plan Width": 80, "Inner Unique": false, "Plans": [{"Node Type": "Nested Loop", "Parent Relationship": "Outer", "Join Type": "Inner", "Startup Cost": 7419.04, "Total Cost": 61824.99, "Plan Rows": 15041, "Plan Width": 30, "Inner Unique": true, "Plans": [{"Node Type": "Nested Loop", "Parent Relationship": "Outer", "Join Type": "Inner", "Startup Cost": 7419.04, "Total Cost": 19211.73, "Plan Rows": 12936, "Plan Width": 9, "Inner Unique": false, "Plans": [{"Node Type": "Index Scan", "Parent Relationship": "Outer", "Scan Direction": "Forward", "Index Name": "info_type_pkey", "Relation Name": "info_type", "Alias": "it2", "Startup Cost": 0.0, "Total Cost": 14.21, "Plan Rows": 1, "Plan Width": 4, "Filter": "((info)::text = 'rating'::text)"}, {"Node Type": "Bitmap Heap Scan", "Parent Relationship": "Inner", "Relation Name": "movie_info_idx", "Alias": "mi_idx", "Startup Cost": 7419.04, "Total Cost": 19068.16, "Plan Rows": 12936, "Plan Width": 13, "Recheck Cond": "(info_type_id = it2.id)", "Filter": "((info)::text > '8.0'::text)", "Plans": [{"Node Type": "Bitmap Index Scan", "Parent Relationship": "Outer", "Index Name": "info_type_id_movie_info_idx", "Startup Cost": 0.0, "Total Cost": 7415.81, "Plan Rows": 345008, "Plan Width": 0, "Index Cond": "(info_type_id = it2.id)"}]}]}, {"Node Type": "Index Scan", "Parent Relationship": "Inner", "Scan Direction": "Forward", "Index Name": "title_pkey", "Relation Name": "title", "Alias": "t", "Startup Cost": 0.0, "Total Cost": 3.28, "Plan Rows": 1, "Plan Width": 21, "Index Cond": "(id = mi_idx.movie_id)", "Filter": "((production_year >= 2008) AND (production_year <= 2014))"}]}, {"Node Type": "Index Scan", "Parent Relationship": "Inner", "Scan Direction": "Forward", "Index Name": "movie_id_movie_info", "Relation Name": "movie_info", "Alias": "mi", "Startup Cost": 0.0, "Total Cost": 1.41, "Plan Rows": 1, "Plan Width": 50, "Index Cond": "(movie_id = t.id)", "Filter": "((note IS NULL) AND ((info)::text = ANY ('{Horror,Thriller}'::text[])))"}]}]}, {"Node Type": "Index Scan", "Parent Relationship": "Inner", "Scan Direction": "Forward", "Index Name": "movie_id_cast_info", "Relation Name": "cast_info", "Alias": "ci", "Startup Cost": 0.0, "Total Cost": 2.34, "Plan Rows": 1, "Plan Width": 8, "Index Cond": "(movie_id = t.id)", "Filter": "((note)::text = ANY ('{(writer),\"(head writer)\",\"(written by)\",(story),\"(story editor)\"}'::text[]))"}]}, {"Node Type": "Index Scan", "Parent Relationship": "Inner", "Scan Direction": "Forward", "Index Name": "name_pkey", "Relation Name": "name", "Alias": "n", "Startup Cost": 0.0, "Total Cost": 0.49, "Plan Rows": 1, "Plan Width": 4, "Index Cond": "(id = ci.person_id)", "Filter": "((gender IS NOT NULL) AND ((gender)::text = 'f'::text))"}]}]}, "Unique SQL Id": 661781350, "Planner Runtime": 17}, "explain_analyze_plan": {"Plan": {"Node Type": "Aggregate", "Strategy": "Plain", "Startup Cost": 84230.9, "Total Cost": 84230.91, "Plan Rows": 1, "Plan Width": 160, "Actual Startup Time": 642.245, "Actual Total Time": 642.245, "Actual Rows": 1, "Actual Loops": 1, "Plans": [{"Node Type": "Nested Loop", "Parent Relationship": "Outer", "Join Type": "Inner", "Startup Cost": 7419.04, "Total Cost": 84229.26, "Plan Rows": 219, "Plan Width": 64, "Actual Startup Time": 341.884, "Actual Total Time": 642.185, "Actual Rows": 11, "Actual Loops": 1, "Inner Unique": true, "Plans": [{"Node Type": "Nested Loop", "Parent Relationship": "Outer", "Join Type": "Inner", "Startup Cost": 7419.04, "Total Cost": 84068.27, "Plan Rows": 321, "Plan Width": 68, "Actual Startup Time": 137.798, "Actual Total Time": 639.27, "Actual Rows": 268, "Actual Loops": 1, "Inner Unique": false, "Plans": [{"Node Type": "Nested Loop", "Parent Relationship": "Outer", "Join Type": "Inner", "Startup Cost": 7419.04, "Total Cost": 83383.24, "Plan Rows": 291, "Plan Width": 76, "Actual Startup Time": 74.227, "Actual Total Time": 603.246, "Actual Rows": 358, "Actual Loops": 1, "Inner Unique": false, "Join Filter": "(mi.info_type_id = it1.id)", "Rows Removed by Join Filter": 0, "Plans": [{"Node Type": "Index Scan", "Parent Relationship": "Outer", "Scan Direction": "Forward", "Index Name": "info_type_pkey", "Relation Name": "info_type", "Alias": "it1", "Startup Cost": 0.0, "Total Cost": 14.21, "Plan Rows": 1, "Plan Width": 4, "Actual Startup Time": 0.026, "Actual Total Time": 0.084, "Actual Rows": 1, "Actual Loops": 1, "Filter": "((info)::text = 'genres'::text)", "Rows Removed by Filter": 111}, {"Node Type": "Nested Loop", "Parent Relationship": "Inner", "Join Type": "Inner", "Startup Cost": 7419.04, "Total Cost": 83197.12, "Plan Rows": 13753, "Plan Width": 80, "Actual Startup Time": 74.192, "Actual Total Time": 602.921, "Actual Rows": 358, "Actual Loops": 1, "Inner Unique": false, "Plans": [{"Node Type": "Nested Loop", "Parent Relationship": "Outer", "Join Type": "Inner", "Startup Cost": 7419.04, "Total Cost": 61824.99, "Plan Rows": 15041, "Plan Width": 30, "Actual Startup Time": 66.761, "Actual Total Time": 441.413, "Actual Rows": 6152, "Actual Loops": 1, "Inner Unique": true, "Plans": [{"Node Type": "Nested Loop", "Parent Relationship": "Outer", "Join Type": "Inner", "Startup Cost": 7419.04, "Total Cost": 19211.73, "Plan Rows": 12936, "Plan Width": 9, "Actual Startup Time": 65.136, "Actual Total Time": 351.488, "Actual Rows": 15849, "Actual Loops": 1, "Inner Unique": false, "Plans": [{"Node Type": "Index Scan", "Parent Relationship": "Outer", "Scan Direction": "Forward", "Index Name": "info_type_pkey", "Relation Name": "info_type", "Alias": "it2", "Startup Cost": 0.0, "Total Cost": 14.21, "Plan Rows": 1, "Plan Width": 4, "Actual Startup Time": 0.048, "Actual Total Time": 0.061, "Actual Rows": 1, "Actual Loops": 1, "Filter": "((info)::text = 'rating'::text)", "Rows Removed by Filter": 111}, {"Node Type": "Bitmap Heap Scan", "Parent Relationship": "Inner", "Relation Name": "movie_info_idx", "Alias": "mi_idx", "Startup Cost": 7419.04, "Total Cost": 19068.16, "Plan Rows": 12936, "Plan Width": 13, "Actual Startup Time": 65.081, "Actual Total Time": 347.903, "Actual Rows": 15849, "Actual Loops": 1, "Recheck Cond": "(info_type_id = it2.id)", "Rows Removed by Index Recheck": 0, "Filter": "((info)::text > '8.0'::text)", "Rows Removed by Filter": 444076, "Exact Heap Blocks": 6472, "Lossy Heap Blocks": 6472, "Plans": [{"Node Type": "Bitmap Index Scan", "Parent Relationship": "Outer", "Index Name": "info_type_id_movie_info_idx", "Startup Cost": 0.0, "Total Cost": 7415.81, "Plan Rows": 345008, "Plan Width": 0, "Actual Startup Time": 63.828, "Actual Total Time": 63.828, "Actual Rows": 459925, "Actual Loops": 1, "Index Cond": "(info_type_id = it2.id)"}]}]}, {"Node Type": "Index Scan", "Parent Relationship": "Inner", "Scan Direction": "Forward", "Index Name": "title_pkey", "Relation Name": "title", "Alias": "t", "Startup Cost": 0.0, "Total Cost": 3.28, "Plan Rows": 1, "Plan Width": 21, "Actual Startup Time": 79.873, "Actual Total Time": 79.873, "Actual Rows": 6152, "Actual Loops": 15849, "Index Cond": "(id = mi_idx.movie_id)", "Rows Removed by Index Recheck": 0, "Filter": "((production_year >= 2008) AND (production_year <= 2014))", "Rows Removed by Filter": 9697}]}, {"Node Type": "Index Scan", "Parent Relationship": "Inner", "Scan Direction": "Forward", "Index Name": "movie_id_movie_info", "Relation Name": "movie_info", "Alias": "mi", "Startup Cost": 0.0, "Total Cost": 1.41, "Plan Rows": 1, "Plan Width": 50, "Actual Startup Time": 157.796, "Actual Total Time": 158.095, "Actual Rows": 358, "Actual Loops": 6152, "Index Cond": "(movie_id = t.id)", "Rows Removed by Index Recheck": 0, "Filter": "((note IS NULL) AND ((info)::text = ANY ('{Horror,Thriller}'::text[])))", "Rows Removed by Filter": 109599}]}]}, {"Node Type": "Index Scan", "Parent Relationship": "Inner", "Scan Direction": "Forward", "Index Name": "movie_id_cast_info", "Relation Name": "cast_info", "Alias": "ci", "Startup Cost": 0.0, "Total Cost": 2.34, "Plan Rows": 1, "Plan Width": 8, "Actual Startup Time": 27.975, "Actual Total Time": 35.613, "Actual Rows": 268, "Actual Loops": 358, "Index Cond": "(movie_id = t.id)", "Rows Removed by Index Recheck": 0, "Filter": "((note)::text = ANY ('{(writer),\"(head writer)\",\"(written by)\",(story),\"(story editor)\"}'::text[]))", "Rows Removed by Filter": 12296}]}, {"Node Type": "Index Scan", "Parent Relationship": "Inner", "Scan Direction": "Forward", "Index Name": "name_pkey", "Relation Name": "name", "Alias": "n", "Startup Cost": 0.0, "Total Cost": 0.49, "Plan Rows": 1, "Plan Width": 4, "Actual Startup Time": 2.646, "Actual Total Time": 2.646, "Actual Rows": 11, "Actual Loops": 268, "Index Cond": "(id = ci.person_id)", "Rows Removed by Index Recheck": 0, "Filter": "((gender IS NOT NULL) AND ((gender)::text = 'f'::text))", "Rows Removed by Filter": 257}]}]}, "Triggers": [], "Planner Runtime": 16.979, "Total Runtime": 642.612, "Unique SQL Id": 661781350}}, "(1, '2')": {"explain_plan": {"Plan": {"Node Type": "Aggregate", "Strategy": "Plain", "Startup Cost": 157086.07, "Total Cost": 157086.08, "Plan Rows": 1, "Plan Width": 160, "Plans": [{"Node Type": "Nested Loop", "Parent Relationship": "Outer", "Join Type": "Inner", "Startup Cost": 7421.91, "Total Cost": 157084.43, "Plan Rows": 219, "Plan Width": 64, "Inner Unique": true, "Plans": [{"Node Type": "Nested Loop", "Parent Relationship": "Outer", "Join Type": "Inner", "Startup Cost": 7421.6, "Total Cost": 155693.31, "Plan Rows": 321, "Plan Width": 68, "Inner Unique": false, "Plans": [{"Node Type": "Nested Loop", "Parent Relationship": "Outer", "Join Type": "Inner", "Startup Cost": 7420.6, "Total Cost": 154200.13, "Plan Rows": 291, "Plan Width": 76, "Inner Unique": false, "Join Filter": "(mi.info_type_id = it1.id)", "Plans": [{"Node Type": "Seq Scan", "Parent Relationship": "Outer", "Relation Name": "info_type", "Alias": "it1", "Startup Cost": 0.0, "Total Cost": 2.4, "Plan Rows": 1, "Plan Width": 4, "Filter": "((info)::text = 'genres'::text)"}, {"Node Type": "Nested Loop", "Parent Relationship": "Inner", "Join Type": "Inner", "Startup Cost": 7420.6, "Total Cost": 154025.82, "Plan Rows": 13753, "Plan Width": 80, "Inner Unique": false, "Plans": [{"Node Type": "Nested Loop", "Parent Relationship": "Outer", "Join Type": "Inner", "Startup Cost": 7420.02, "Total Cost": 83886.56, "Plan Rows": 15041, "Plan Width": 30, "Inner Unique": true, "Plans": [{"Node Type": "Nested Loop", "Parent Relationship": "Outer", "Join Type": "Inner", "Startup Cost": 7419.04, "Total Cost": 19199.92, "Plan Rows": 12936, "Plan Width": 9, "Inner Unique": false, "Plans": [{"Node Type": "Seq Scan", "Parent Relationship": "Outer", "Relation Name": "info_type", "Alias": "it2", "Startup Cost": 0.0, "Total Cost": 2.4, "Plan Rows": 1, "Plan Width": 4, "Filter": "((info)::text = 'rating'::text)"}, {"Node Type": "Bitmap Heap Scan", "Parent Relationship": "Inner", "Relation Name": "movie_info_idx", "Alias": "mi_idx", "Startup Cost": 7419.04, "Total Cost": 19068.16, "Plan Rows": 12936, "Plan Width": 13, "Recheck Cond": "(info_type_id = it2.id)", "Filter": "((info)::text > '8.0'::text)", "Plans": [{"Node Type": "Bitmap Index Scan", "Parent Relationship": "Outer", "Index Name": "info_type_id_movie_info_idx", "Startup Cost": 0.0, "Total Cost": 7415.81, "Plan Rows": 345008, "Plan Width": 0, "Index Cond": "(info_type_id = it2.id)"}]}]}, {"Node Type": "Bitmap Heap Scan", "Parent Relationship": "Inner", "Relation Name": "title", "Alias": "t", "Startup Cost": 0.97, "Total Cost": 4.99, "Plan Rows": 1, "Plan Width": 21, "Recheck Cond": "(id = mi_idx.movie_id)", "Filter": "((production_year >= 2008) AND (production_year <= 2014))", "Plans": [{"Node Type": "Bitmap Index Scan", "Parent Relationship": "Outer", "Index Name": "title_pkey", "Startup Cost": 0.0, "Total Cost": 0.97, "Plan Rows": 1, "Plan Width": 0, "Index Cond": "(id = mi_idx.movie_id)"}]}]}, {"Node Type": "Bitmap Heap Scan", "Parent Relationship": "Inner", "Relation Name": "movie_info", "Alias": "mi", "Startup Cost": 0.58, "Total Cost": 4.65, "Plan Rows": 1, "Plan Width": 50, "Recheck Cond": "(movie_id = t.id)", "Filter": "((note IS NULL) AND ((info)::text = ANY ('{Horror,Thriller}'::text[])))", "Plans": [{"Node Type": "Bitmap Index Scan", "Parent Relationship": "Outer", "Index Name": "movie_id_movie_info", "Startup Cost": 0.0, "Total Cost": 0.58, "Plan Rows": 5, "Plan Width": 0, "Index Cond": "(movie_id = t.id)"}]}]}]}, {"Node Type": "Bitmap Heap Scan", "Parent Relationship": "Inner", "Relation Name": "cast_info", "Alias": "ci", "Startup Cost": 1.01, "Total Cost": 5.12, "Plan Rows": 1, "Plan Width": 8, "Recheck Cond": "(movie_id = t.id)", "Filter": "((note)::text = ANY ('{(writer),\"(head writer)\",\"(written by)\",(story),\"(story editor)\"}'::text[]))", "Plans": [{"Node Type": "Bitmap Index Scan", "Parent Relationship": "Outer", "Index Name": "movie_id_cast_info", "Startup Cost": 0.0, "Total Cost": 1.01, "Plan Rows": 6, "Plan Width": 0, "Index Cond": "(movie_id = t.id)"}]}]}, {"Node Type": "Bitmap Heap Scan", "Parent Relationship": "Inner", "Relation Name": "name", "Alias": "n", "Startup Cost": 0.31, "Total Cost": 4.32, "Plan Rows": 1, "Plan Width": 4, "Recheck Cond": "(id = ci.person_id)", "Filter": "((gender IS NOT NULL) AND ((gender)::text = 'f'::text))", "Plans": [{"Node Type": "Bitmap Index Scan", "Parent Relationship": "Outer", "Index Name": "name_pkey", "Startup Cost": 0.0, "Total Cost": 0.31, "Plan Rows": 1, "Plan Width": 0, "Index Cond": "(id = ci.person_id)"}]}]}]}, "Unique SQL Id": 661781350, "Planner Runtime": 25}, "explain_analyze_plan": {"Plan": {"Node Type": "Aggregate", "Strategy": "Plain", "Startup Cost": 157086.07, "Total Cost": 157086.08, "Plan Rows": 1, "Plan Width": 160, "Actual Startup Time": 772.672, "Actual Total Time": 772.673, "Actual Rows": 1, "Actual Loops": 1, "Plans": [{"Node Type": "Nested Loop", "Parent Relationship": "Outer", "Join Type": "Inner", "Startup Cost": 7421.91, "Total Cost": 157084.43, "Plan Rows": 219, "Plan Width": 64, "Actual Startup Time": 434.6, "Actual Total Time": 772.602, "Actual Rows": 11, "Actual Loops": 1, "Inner Unique": true, "Plans": [{"Node Type": "Nested Loop", "Parent Relationship": "Outer", "Join Type": "Inner", "Startup Cost": 7421.6, "Total Cost": 155693.31, "Plan Rows": 321, "Plan Width": 68, "Actual Startup Time": 169.023, "Actual Total Time": 768.854, "Actual Rows": 268, "Actual Loops": 1, "Inner Unique": false, "Plans": [{"Node Type": "Nested Loop", "Parent Relationship": "Outer", "Join Type": "Inner", "Startup Cost": 7420.6, "Total Cost": 154200.13, "Plan Rows": 291, "Plan Width": 76, "Actual Startup Time": 83.828, "Actual Total Time": 721.9, "Actual Rows": 358, "Actual Loops": 1, "Inner Unique": false, "Join Filter": "(mi.info_type_id = it1.id)", "Rows Removed by Join Filter": 0, "Plans": [{"Node Type": "Seq Scan", "Parent Relationship": "Outer", "Relation Name": "info_type", "Alias": "it1", "Startup Cost": 0.0, "Total Cost": 2.4, "Plan Rows": 1, "Plan Width": 4, "Actual Startup Time": 0.045, "Actual Total Time": 0.082, "Actual Rows": 1, "Actual Loops": 1, "Filter": "((info)::text = 'genres'::text)", "Rows Removed by Filter": 111}, {"Node Type": "Nested Loop", "Parent Relationship": "Inner", "Join Type": "Inner", "Startup Cost": 7420.6, "Total Cost": 154025.82, "Plan Rows": 13753, "Plan Width": 80, "Actual Startup Time": 83.774, "Actual Total Time": 721.552, "Actual Rows": 358, "Actual Loops": 1, "Inner Unique": false, "Plans": [{"Node Type": "Nested Loop", "Parent Relationship": "Outer", "Join Type": "Inner", "Startup Cost": 7420.02, "Total Cost": 83886.56, "Plan Rows": 15041, "Plan Width": 30, "Actual Startup Time": 74.777, "Actual Total Time": 509.207, "Actual Rows": 6152, "Actual Loops": 1, "Inner Unique": true, "Plans": [{"Node Type": "Nested Loop", "Parent Relationship": "Outer", "Join Type": "Inner", "Startup Cost": 7419.04, "Total Cost": 19199.92, "Plan Rows": 12936, "Plan Width": 9, "Actual Startup Time": 72.767, "Actual Total Time": 380.691, "Actual Rows": 15849, "Actual Loops": 1, "Inner Unique": false, "Plans": [{"Node Type": "Seq Scan", "Parent Relationship": "Outer", "Relation Name": "info_type", "Alias": "it2", "Startup Cost": 0.0, "Total Cost": 2.4, "Plan Rows": 1, "Plan Width": 4, "Actual Startup Time": 0.044, "Actual Total Time": 0.065, "Actual Rows": 1, "Actual Loops": 1, "Filter": "((info)::text = 'rating'::text)", "Rows Removed by Filter": 111}, {"Node Type": "Bitmap Heap Scan", "Parent Relationship": "Inner", "Relation Name": "movie_info_idx", "Alias": "mi_idx", "Startup Cost": 7419.04, "Total Cost": 19068.16, "Plan Rows": 12936, "Plan Width": 13, "Actual Startup Time": 72.719, "Actual Total Time": 376.809, "Actual Rows": 15849, "Actual Loops": 1, "Recheck Cond": "(info_type_id = it2.id)", "Rows Removed by Index Recheck": 0, "Filter": "((info)::text > '8.0'::text)", "Rows Removed by Filter": 444076, "Exact Heap Blocks": 6472, "Lossy Heap Blocks": 6472, "Plans": [{"Node Type": "Bitmap Index Scan", "Parent Relationship": "Outer", "Index Name": "info_type_id_movie_info_idx", "Startup Cost": 0.0, "Total Cost": 7415.81, "Plan Rows": 345008, "Plan Width": 0, "Actual Startup Time": 71.415, "Actual Total Time": 71.415, "Actual Rows": 459925, "Actual Loops": 1, "Index Cond": "(info_type_id = it2.id)"}]}]}, {"Node Type": "Bitmap Heap Scan", "Parent Relationship": "Inner", "Relation Name": "title", "Alias": "t", "Startup Cost": 0.97, "Total Cost": 4.99, "Plan Rows": 1, "Plan Width": 21, "Actual Startup Time": 107.843, "Actual Total Time": 107.843, "Actual Rows": 6152, "Actual Loops": 15849, "Recheck Cond": "(id = mi_idx.movie_id)", "Rows Removed by Index Recheck": 0, "Filter": "((production_year >= 2008) AND (production_year <= 2014))", "Rows Removed by Filter": 9697, "Exact Heap Blocks": 15849, "Lossy Heap Blocks": 15849, "Plans": [{"Node Type": "Bitmap Index Scan", "Parent Relationship": "Outer", "Index Name": "title_pkey", "Startup Cost": 0.0, "Total Cost": 0.97, "Plan Rows": 1, "Plan Width": 0, "Actual Startup Time": 51.257, "Actual Total Time": 51.257, "Actual Rows": 15849, "Actual Loops": 15849, "Index Cond": "(id = mi_idx.movie_id)"}]}]}, {"Node Type": "Bitmap Heap Scan", "Parent Relationship": "Inner", "Relation Name": "movie_info", "Alias": "mi", "Startup Cost": 0.58, "Total Cost": 4.65, "Plan Rows": 1, "Plan Width": 50, "Actual Startup Time": 203.885, "Actual Total Time": 204.063, "Actual Rows": 358, "Actual Loops": 6152, "Recheck Cond": "(movie_id = t.id)", "Rows Removed by Index Recheck": 0, "Filter": "((note IS NULL) AND ((info)::text = ANY ('{Horror,Thriller}'::text[])))", "Rows Removed by Filter": 109599, "Exact Heap Blocks": 52726, "Lossy Heap Blocks": 52726, "Plans": [{"Node Type": "Bitmap Index Scan", "Parent Relationship": "Outer", "Index Name": "movie_id_movie_info", "Startup Cost": 0.0, "Total Cost": 0.58, "Plan Rows": 5, "Plan Width": 0, "Actual Startup Time": 46.751, "Actual Total Time": 46.751, "Actual Rows": 109957, "Actual Loops": 6152, "Index Cond": "(movie_id = t.id)"}]}]}]}, {"Node Type": "Bitmap Heap Scan", "Parent Relationship": "Inner", "Relation Name": "cast_info", "Alias": "ci", "Startup Cost": 1.01, "Total Cost": 5.12, "Plan Rows": 1, "Plan Width": 8, "Actual Startup Time": 37.12, "Actual Total Time": 46.053, "Actual Rows": 268, "Actual Loops": 358, "Recheck Cond": "(movie_id = t.id)", "Rows Removed by Index Recheck": 0, "Filter": "((note)::text = ANY ('{(writer),\"(head writer)\",\"(written by)\",(story),\"(story editor)\"}'::text[]))", "Rows Removed by Filter": 12296, "Exact Heap Blocks": 11454, "Lossy Heap Blocks": 11454, "Plans": [{"Node Type": "Bitmap Index Scan", "Parent Relationship": "Outer", "Index Name": "movie_id_cast_info", "Startup Cost": 0.0, "Total Cost": 1.01, "Plan Rows": 6, "Plan Width": 0, "Actual Startup Time": 6.148, "Actual Total Time": 6.148, "Actual Rows": 12564, "Actual Loops": 358, "Index Cond": "(movie_id = t.id)"}]}]}, {"Node Type": "Bitmap Heap Scan", "Parent Relationship": "Inner", "Relation Name": "name", "Alias": "n", "Startup Cost": 0.31, "Total Cost": 4.32, "Plan Rows": 1, "Plan Width": 4, "Actual Startup Time": 3.215, "Actual Total Time": 3.215, "Actual Rows": 11, "Actual Loops": 268, "Recheck Cond": "(id = ci.person_id)", "Rows Removed by Index Recheck": 0, "Filter": "((gender IS NOT NULL) AND ((gender)::text = 'f'::text))", "Rows Removed by Filter": 257, "Exact Heap Blocks": 268, "Lossy Heap Blocks": 268, "Plans": [{"Node Type": "Bitmap Index Scan", "Parent Relationship": "Outer", "Index Name": "name_pkey", "Startup Cost": 0.0, "Total Cost": 0.31, "Plan Rows": 1, "Plan Width": 0, "Actual Startup Time": 2.013, "Actual Total Time": 2.013, "Actual Rows": 268, "Actual Loops": 268, "Index Cond": "(id = ci.person_id)"}]}]}]}, "Triggers": [], "Planner Runtime": 24.695, "Total Runtime": 773.026, "Unique SQL Id": 661781350}}, "(1, '3')": {"explain_plan": {"Plan": {"Node Type": "Aggregate", "Strategy": "Plain", "Startup Cost": 1000198965418.13, "Total Cost": 1000198965418.14, "Plan Rows": 1, "Plan Width": 160, "Plans": [{"Node Type": "Nested Loop", "Parent Relationship": "Outer", "Join Type": "Inner", "Startup Cost": 10000000001.87, "Total Cost": 1000198965416.49, "Plan Rows": 219, "Plan Width": 64, "Inner Unique": true, "Plans": [{"Node Type": "Nested Loop", "Parent Relationship": "Outer", "Join Type": "Inner", "Startup Cost": 10000000001.56, "Total Cost": 1000198964025.37, "Plan Rows": 321, "Plan Width": 68, "Inner Unique": true, "Join Filter": "(mi.movie_id = t.id)", "Plans": [{"Node Type": "Nested Loop", "Parent Relationship": "Outer", "Join Type": "Inner", "Startup Cost": 10000000001.27, "Total Cost": 1000198962833.6, "Plan Rows": 276, "Plan Width": 63, "Inner Unique": true, "Plans": [{"Node Type": "Nested Loop", "Parent Relationship": "Outer", "Join Type": "Inner", "Startup Cost": 10000000001.01, "Total Cost": 1000198906787.99, "Plan Rows": 13086, "Plan Width": 67, "Inner Unique": false, "Join Filter": "(mi_idx.movie_id = mi.movie_id)", "Plans": [{"Node Type": "Nested Loop", "Parent Relationship": "Outer", "Join Type": "Inner", "Startup Cost": 10000000000.54, "Total Cost": 1000198841505.29, "Plan Rows": 14313, "Plan Width": 17, "Inner Unique": true, "Plans": [{"Node Type": "Nested Loop", "Parent Relationship": "Outer", "Join Type": "Inner", "Startup Cost": 10000000000.28, "Total Cost": 1000198596304.72, "Plan Rows": 57251, "Plan Width": 21, "Inner Unique": false, "Plans": [{"Node Type": "Index Scan", "Parent Relationship": "Outer", "Scan Direction": "Forward", "Index Name": "person_id_cast_info", "Relation Name": "cast_info", "Alias": "ci", "Startup Cost": 10000000000.0, "Total Cost": 1000193311016.96, "Plan Rows": 1223154, "Plan Width": 8, "Filter": "((note)::text = ANY ('{(writer),\"(head writer)\",\"(written by)\",(story),\"(story editor)\"}'::text[]))"}, {"Node Type": "Bitmap Heap Scan", "Parent Relationship": "Inner", "Relation Name": "movie_info_idx", "Alias": "mi_idx", "Startup Cost": 0.28, "Total Cost": 4.31, "Plan Rows": 1, "Plan Width": 13, "Recheck Cond": "(movie_id = ci.movie_id)", "Filter": "((info)::text > '8.0'::text)", "Plans": [{"Node Type": "Bitmap Index Scan", "Parent Relationship": "Outer", "Index Name": "movie_id_movie_info_idx", "Startup Cost": 0.0, "Total Cost": 0.28, "Plan Rows": 2, "Plan Width": 0, "Index Cond": "(movie_id = ci.movie_id)"}]}]}, {"Node Type": "Bitmap Heap Scan", "Parent Relationship": "Inner", "Relation Name": "info_type", "Alias": "it2", "Startup Cost": 0.26, "Total Cost": 4.27, "Plan Rows": 1, "Plan Width": 4, "Recheck Cond": "(id = mi_idx.info_type_id)", "Filter": "((info)::text = 'rating'::text)", "Plans": [{"Node Type": "Bitmap Index Scan", "Parent Relationship": "Outer", "Index Name": "info_type_pkey", "Startup Cost": 0.0, "Total Cost": 0.26, "Plan Rows": 1, "Plan Width": 0, "Index Cond": "(id = mi_idx.info_type_id)"}]}]}, {"Node Type": "Bitmap Heap Scan", "Parent Relationship": "Inner", "Relation Name": "movie_info", "Alias": "mi", "Startup Cost": 0.47, "Total Cost": 4.55, "Plan Rows": 1, "Plan Width": 50, "Recheck Cond": "(movie_id = ci.movie_id)", "Filter": "((note IS NULL) AND ((info)::text = ANY ('{Horror,Thriller}'::text[])))", "Plans": [{"Node Type": "Bitmap Index Scan", "Parent Relationship": "Outer", "Index Name": "movie_id_movie_info", "Startup Cost": 0.0, "Total Cost": 0.47, "Plan Rows": 5, "Plan Width": 0, "Index Cond": "(movie_id = ci.movie_id)"}]}]}, {"Node Type": "Bitmap Heap Scan", "Parent Relationship": "Inner", "Relation Name": "info_type", "Alias": "it1", "Startup Cost": 0.26, "Total Cost": 4.27, "Plan Rows": 1, "Plan Width": 4, "Recheck Cond": "(id = mi.info_type_id)", "Filter": "((info)::text = 'genres'::text)", "Plans": [{"Node Type": "Bitmap Index Scan", "Parent Relationship": "Outer", "Index Name": "info_type_pkey", "Startup Cost": 0.0, "Total Cost": 0.26, "Plan Rows": 1, "Plan Width": 0, "Index Cond": "(id = mi.info_type_id)"}]}]}, {"Node Type": "Bitmap Heap Scan", "Parent Relationship": "Inner", "Relation Name": "title", "Alias": "t", "Startup Cost": 0.29, "Total Cost": 4.31, "Plan Rows": 1, "Plan Width": 21, "Recheck Cond": "(id = ci.movie_id)", "Filter": "((production_year >= 2008) AND (production_year <= 2014))", "Plans": [{"Node Type": "Bitmap Index Scan", "Parent Relationship": "Outer", "Index Name": "title_pkey", "Startup Cost": 0.0, "Total Cost": 0.29, "Plan Rows": 1, "Plan Width": 0, "Index Cond": "(id = ci.movie_id)"}]}]}, {"Node Type": "Bitmap Heap Scan", "Parent Relationship": "Inner", "Relation Name": "name", "Alias": "n", "Startup Cost": 0.31, "Total Cost": 4.32, "Plan Rows": 1, "Plan Width": 4, "Recheck Cond": "(id = ci.person_id)", "Filter": "((gender IS NOT NULL) AND ((gender)::text = 'f'::text))", "Plans": [{"Node Type": "Bitmap Index Scan", "Parent Relationship": "Outer", "Index Name": "name_pkey", "Startup Cost": 0.0, "Total Cost": 0.31, "Plan Rows": 1, "Plan Width": 0, "Index Cond": "(id = ci.person_id)"}]}]}]}, "Unique SQL Id": 661781350, "Planner Runtime": 10}, "explain_analyze_plan": null}, "(1, '4')": {"explain_plan": {"Plan": {"Node Type": "Aggregate", "Strategy": "Plain", "Startup Cost": 84207.28, "Total Cost": 84207.29, "Plan Rows": 1, "Plan Width": 160, "Plans": [{"Node Type": "Nested Loop", "Parent Relationship": "Outer", "Join Type": "Inner", "Startup Cost": 7419.04, "Total Cost": 84205.64, "Plan Rows": 219, "Plan Width": 64, "Inner Unique": true, "Plans": [{"Node Type": "Nested Loop", "Parent Relationship": "Outer", "Join Type": "Inner", "Startup Cost": 7419.04, "Total Cost": 84044.65, "Plan Rows": 321, "Plan Width": 68, "Inner Unique": false, "Plans": [{"Node Type": "Nested Loop", "Parent Relationship": "Outer", "Join Type": "Inner", "Startup Cost": 7419.04, "Total Cost": 83359.62, "Plan Rows": 291, "Plan Width": 76, "Inner Unique": false, "Join Filter": "(mi.info_type_id = it1.id)", "Plans": [{"Node Type": "Seq Scan", "Parent Relationship": "Outer", "Relation Name": "info_type", "Alias": "it1", "Startup Cost": 0.0, "Total Cost": 2.4, "Plan Rows": 1, "Plan Width": 4, "Filter": "((info)::text = 'genres'::text)"}, {"Node Type": "Nested Loop", "Parent Relationship": "Inner", "Join Type": "Inner", "Startup Cost": 7419.04, "Total Cost": 83185.31, "Plan Rows": 13753, "Plan Width": 80, "Inner Unique": false, "Plans": [{"Node Type": "Nested Loop", "Parent Relationship": "Outer", "Join Type": "Inner", "Startup Cost": 7419.04, "Total Cost": 61813.18, "Plan Rows": 15041, "Plan Width": 30, "Inner Unique": true, "Plans": [{"Node Type": "Nested Loop", "Parent Relationship": "Outer", "Join Type": "Inner", "Startup Cost": 7419.04, "Total Cost": 19199.92, "Plan Rows": 12936, "Plan Width": 9, "Inner Unique": false, "Plans": [{"Node Type": "Seq Scan", "Parent Relationship": "Outer", "Relation Name": "info_type", "Alias": "it2", "Startup Cost": 0.0, "Total Cost": 2.4, "Plan Rows": 1, "Plan Width": 4, "Filter": "((info)::text = 'rating'::text)"}, {"Node Type": "Bitmap Heap Scan", "Parent Relationship": "Inner", "Relation Name": "movie_info_idx", "Alias": "mi_idx", "Startup Cost": 7419.04, "Total Cost": 19068.16, "Plan Rows": 12936, "Plan Width": 13, "Recheck Cond": "(info_type_id = it2.id)", "Filter": "((info)::text > '8.0'::text)", "Plans": [{"Node Type": "Bitmap Index Scan", "Parent Relationship": "Outer", "Index Name": "info_type_id_movie_info_idx", "Startup Cost": 0.0, "Total Cost": 7415.81, "Plan Rows": 345008, "Plan Width": 0, "Index Cond": "(info_type_id = it2.id)"}]}]}, {"Node Type": "Index Scan", "Parent Relationship": "Inner", "Scan Direction": "Forward", "Index Name": "title_pkey", "Relation Name": "title", "Alias": "t", "Startup Cost": 0.0, "Total Cost": 3.28, "Plan Rows": 1, "Plan Width": 21, "Index Cond": "(id = mi_idx.movie_id)", "Filter": "((production_year >= 2008) AND (production_year <= 2014))"}]}, {"Node Type": "Index Scan", "Parent Relationship": "Inner", "Scan Direction": "Forward", "Index Name": "movie_id_movie_info", "Relation Name": "movie_info", "Alias": "mi", "Startup Cost": 0.0, "Total Cost": 1.41, "Plan Rows": 1, "Plan Width": 50, "Index Cond": "(movie_id = t.id)", "Filter": "((note IS NULL) AND ((info)::text = ANY ('{Horror,Thriller}'::text[])))"}]}]}, {"Node Type": "Index Scan", "Parent Relationship": "Inner", "Scan Direction": "Forward", "Index Name": "movie_id_cast_info", "Relation Name": "cast_info", "Alias": "ci", "Startup Cost": 0.0, "Total Cost": 2.34, "Plan Rows": 1, "Plan Width": 8, "Index Cond": "(movie_id = t.id)", "Filter": "((note)::text = ANY ('{(writer),\"(head writer)\",\"(written by)\",(story),\"(story editor)\"}'::text[]))"}]}, {"Node Type": "Index Scan", "Parent Relationship": "Inner", "Scan Direction": "Forward", "Index Name": "name_pkey", "Relation Name": "name", "Alias": "n", "Startup Cost": 0.0, "Total Cost": 0.49, "Plan Rows": 1, "Plan Width": 4, "Index Cond": "(id = ci.person_id)", "Filter": "((gender IS NOT NULL) AND ((gender)::text = 'f'::text))"}]}]}, "Unique SQL Id": 661781350, "Planner Runtime": 23}, "explain_analyze_plan": {"Plan": {"Node Type": "Aggregate", "Strategy": "Plain", "Startup Cost": 84207.28, "Total Cost": 84207.29, "Plan Rows": 1, "Plan Width": 160, "Actual Startup Time": 571.433, "Actual Total Time": 571.434, "Actual Rows": 1, "Actual Loops": 1, "Plans": [{"Node Type": "Nested Loop", "Parent Relationship": "Outer", "Join Type": "Inner", "Startup Cost": 7419.04, "Total Cost": 84205.64, "Plan Rows": 219, "Plan Width": 64, "Actual Startup Time": 340.927, "Actual Total Time": 571.372, "Actual Rows": 11, "Actual Loops": 1, "Inner Unique": true, "Plans": [{"Node Type": "Nested Loop", "Parent Relationship": "Outer", "Join Type": "Inner", "Startup Cost": 7419.04, "Total Cost": 84044.65, "Plan Rows": 321, "Plan Width": 68, "Actual Startup Time": 156.562, "Actual Total Time": 569.19, "Actual Rows": 268, "Actual Loops": 1, "Inner Unique": false, "Plans": [{"Node Type": "Nested Loop", "Parent Relationship": "Outer", "Join Type": "Inner", "Startup Cost": 7419.04, "Total Cost": 83359.62, "Plan Rows": 291, "Plan Width": 76, "Actual Startup Time": 88.153, "Actual Total Time": 544.541, "Actual Rows": 358, "Actual Loops": 1, "Inner Unique": false, "Join Filter": "(mi.info_type_id = it1.id)", "Rows Removed by Join Filter": 0, "Plans": [{"Node Type": "Seq Scan", "Parent Relationship": "Outer", "Relation Name": "info_type", "Alias": "it1", "Startup Cost": 0.0, "Total Cost": 2.4, "Plan Rows": 1, "Plan Width": 4, "Actual Startup Time": 0.03, "Actual Total Time": 0.066, "Actual Rows": 1, "Actual Loops": 1, "Filter": "((info)::text = 'genres'::text)", "Rows Removed by Filter": 111}, {"Node Type": "Nested Loop", "Parent Relationship": "Inner", "Join Type": "Inner", "Startup Cost": 7419.04, "Total Cost": 83185.31, "Plan Rows": 13753, "Plan Width": 80, "Actual Startup Time": 88.113, "Actual Total Time": 544.249, "Actual Rows": 358, "Actual Loops": 1, "Inner Unique": false, "Plans": [{"Node Type": "Nested Loop", "Parent Relationship": "Outer", "Join Type": "Inner", "Startup Cost": 7419.04, "Total Cost": 61813.18, "Plan Rows": 15041, "Plan Width": 30, "Actual Startup Time": 79.89, "Actual Total Time": 404.387, "Actual Rows": 6152, "Actual Loops": 1, "Inner Unique": true, "Plans": [{"Node Type": "Nested Loop", "Parent Relationship": "Outer", "Join Type": "Inner", "Startup Cost": 7419.04, "Total Cost": 19199.92, "Plan Rows": 12936, "Plan Width": 9, "Actual Startup Time": 78.103, "Actual Total Time": 325.531, "Actual Rows": 15849, "Actual Loops": 1, "Inner Unique": false, "Plans": [{"Node Type": "Seq Scan", "Parent Relationship": "Outer", "Relation Name": "info_type", "Alias": "it2", "Startup Cost": 0.0, "Total Cost": 2.4, "Plan Rows": 1, "Plan Width": 4, "Actual Startup Time": 0.041, "Actual Total Time": 0.061, "Actual Rows": 1, "Actual Loops": 1, "Filter": "((info)::text = 'rating'::text)", "Rows Removed by Filter": 111}, {"Node Type": "Bitmap Heap Scan", "Parent Relationship": "Inner", "Relation Name": "movie_info_idx", "Alias": "mi_idx", "Startup Cost": 7419.04, "Total Cost": 19068.16, "Plan Rows": 12936, "Plan Width": 13, "Actual Startup Time": 78.058, "Actual Total Time": 321.813, "Actual Rows": 15849, "Actual Loops": 1, "Recheck Cond": "(info_type_id = it2.id)", "Rows Removed by Index Recheck": 0, "Filter": "((info)::text > '8.0'::text)", "Rows Removed by Filter": 444076, "Exact Heap Blocks": 6472, "Lossy Heap Blocks": 6472, "Plans": [{"Node Type": "Bitmap Index Scan", "Parent Relationship": "Outer", "Index Name": "info_type_id_movie_info_idx", "Startup Cost": 0.0, "Total Cost": 7415.81, "Plan Rows": 345008, "Plan Width": 0, "Actual Startup Time": 76.814, "Actual Total Time": 76.814, "Actual Rows": 459925, "Actual Loops": 1, "Index Cond": "(info_type_id = it2.id)"}]}]}, {"Node Type": "Index Scan", "Parent Relationship": "Inner", "Scan Direction": "Forward", "Index Name": "title_pkey", "Relation Name": "title", "Alias": "t", "Startup Cost": 0.0, "Total Cost": 3.28, "Plan Rows": 1, "Plan Width": 21, "Actual Startup Time": 68.995, "Actual Total Time": 68.995, "Actual Rows": 6152, "Actual Loops": 15849, "Index Cond": "(id = mi_idx.movie_id)", "Rows Removed by Index Recheck": 0, "Filter": "((production_year >= 2008) AND (production_year <= 2014))", "Rows Removed by Filter": 9697}]}, {"Node Type": "Index Scan", "Parent Relationship": "Inner", "Scan Direction": "Forward", "Index Name": "movie_id_movie_info", "Relation Name": "movie_info", "Alias": "mi", "Startup Cost": 0.0, "Total Cost": 1.41, "Plan Rows": 1, "Plan Width": 50, "Actual Startup Time": 136.216, "Actual Total Time": 136.521, "Actual Rows": 358, "Actual Loops": 6152, "Index Cond": "(movie_id = t.id)", "Rows Removed by Index Recheck": 0, "Filter": "((note IS NULL) AND ((info)::text = ANY ('{Horror,Thriller}'::text[])))", "Rows Removed by Filter": 109599}]}]}, {"Node Type": "Index Scan", "Parent Relationship": "Inner", "Scan Direction": "Forward", "Index Name": "movie_id_cast_info", "Relation Name": "cast_info", "Alias": "ci", "Startup Cost": 0.0, "Total Cost": 2.34, "Plan Rows": 1, "Plan Width": 8, "Actual Startup Time": 19.028, "Actual Total Time": 24.254, "Actual Rows": 268, "Actual Loops": 358, "Index Cond": "(movie_id = t.id)", "Rows Removed by Index Recheck": 0, "Filter": "((note)::text = ANY ('{(writer),\"(head writer)\",\"(written by)\",(story),\"(story editor)\"}'::text[]))", "Rows Removed by Filter": 12296}]}, {"Node Type": "Index Scan", "Parent Relationship": "Inner", "Scan Direction": "Forward", "Index Name": "name_pkey", "Relation Name": "name", "Alias": "n", "Startup Cost": 0.0, "Total Cost": 0.49, "Plan Rows": 1, "Plan Width": 4, "Actual Startup Time": 1.935, "Actual Total Time": 1.935, "Actual Rows": 11, "Actual Loops": 268, "Index Cond": "(id = ci.person_id)", "Rows Removed by Index Recheck": 0, "Filter": "((gender IS NOT NULL) AND ((gender)::text = 'f'::text))", "Rows Removed by Filter": 257}]}]}, "Triggers": [], "Planner Runtime": 22.994, "Total Runtime": 571.807, "Unique SQL Id": 661781350}}, "(1, '5')": {"explain_plan": {"Plan": {"Node Type": "Aggregate", "Strategy": "Plain", "Startup Cost": 84230.9, "Total Cost": 84230.91, "Plan Rows": 1, "Plan Width": 160, "Plans": [{"Node Type": "Nested Loop", "Parent Relationship": "Outer", "Join Type": "Inner", "Startup Cost": 7419.04, "Total Cost": 84229.26, "Plan Rows": 219, "Plan Width": 64, "Inner Unique": true, "Plans": [{"Node Type": "Nested Loop", "Parent Relationship": "Outer", "Join Type": "Inner", "Startup Cost": 7419.04, "Total Cost": 84068.27, "Plan Rows": 321, "Plan Width": 68, "Inner Unique": false, "Plans": [{"Node Type": "Nested Loop", "Parent Relationship": "Outer", "Join Type": "Inner", "Startup Cost": 7419.04, "Total Cost": 83383.24, "Plan Rows": 291, "Plan Width": 76, "Inner Unique": false, "Join Filter": "(mi.info_type_id = it1.id)", "Plans": [{"Node Type": "Index Scan", "Parent Relationship": "Outer", "Scan Direction": "Forward", "Index Name": "info_type_pkey", "Relation Name": "info_type", "Alias": "it1", "Startup Cost": 0.0, "Total Cost": 14.21, "Plan Rows": 1, "Plan Width": 4, "Filter": "((info)::text = 'genres'::text)"}, {"Node Type": "Nested Loop", "Parent Relationship": "Inner", "Join Type": "Inner", "Startup Cost": 7419.04, "Total Cost": 83197.12, "Plan Rows": 13753, "Plan Width": 80, "Inner Unique": false, "Plans": [{"Node Type": "Nested Loop", "Parent Relationship": "Outer", "Join Type": "Inner", "Startup Cost": 7419.04, "Total Cost": 61824.99, "Plan Rows": 15041, "Plan Width": 30, "Inner Unique": true, "Plans": [{"Node Type": "Nested Loop", "Parent Relationship": "Outer", "Join Type": "Inner", "Startup Cost": 7419.04, "Total Cost": 19211.73, "Plan Rows": 12936, "Plan Width": 9, "Inner Unique": false, "Plans": [{"Node Type": "Index Scan", "Parent Relationship": "Outer", "Scan Direction": "Forward", "Index Name": "info_type_pkey", "Relation Name": "info_type", "Alias": "it2", "Startup Cost": 0.0, "Total Cost": 14.21, "Plan Rows": 1, "Plan Width": 4, "Filter": "((info)::text = 'rating'::text)"}, {"Node Type": "Bitmap Heap Scan", "Parent Relationship": "Inner", "Relation Name": "movie_info_idx", "Alias": "mi_idx", "Startup Cost": 7419.04, "Total Cost": 19068.16, "Plan Rows": 12936, "Plan Width": 13, "Recheck Cond": "(info_type_id = it2.id)", "Filter": "((info)::text > '8.0'::text)", "Plans": [{"Node Type": "Bitmap Index Scan", "Parent Relationship": "Outer", "Index Name": "info_type_id_movie_info_idx", "Startup Cost": 0.0, "Total Cost": 7415.81, "Plan Rows": 345008, "Plan Width": 0, "Index Cond": "(info_type_id = it2.id)"}]}]}, {"Node Type": "Index Scan", "Parent Relationship": "Inner", "Scan Direction": "Forward", "Index Name": "title_pkey", "Relation Name": "title", "Alias": "t", "Startup Cost": 0.0, "Total Cost": 3.28, "Plan Rows": 1, "Plan Width": 21, "Index Cond": "(id = mi_idx.movie_id)", "Filter": "((production_year >= 2008) AND (production_year <= 2014))"}]}, {"Node Type": "Index Scan", "Parent Relationship": "Inner", "Scan Direction": "Forward", "Index Name": "movie_id_movie_info", "Relation Name": "movie_info", "Alias": "mi", "Startup Cost": 0.0, "Total Cost": 1.41, "Plan Rows": 1, "Plan Width": 50, "Index Cond": "(movie_id = t.id)", "Filter": "((note IS NULL) AND ((info)::text = ANY ('{Horror,Thriller}'::text[])))"}]}]}, {"Node Type": "Index Scan", "Parent Relationship": "Inner", "Scan Direction": "Forward", "Index Name": "movie_id_cast_info", "Relation Name": "cast_info", "Alias": "ci", "Startup Cost": 0.0, "Total Cost": 2.34, "Plan Rows": 1, "Plan Width": 8, "Index Cond": "(movie_id = t.id)", "Filter": "((note)::text = ANY ('{(writer),\"(head writer)\",\"(written by)\",(story),\"(story editor)\"}'::text[]))"}]}, {"Node Type": "Index Scan", "Parent Relationship": "Inner", "Scan Direction": "Forward", "Index Name": "name_pkey", "Relation Name": "name", "Alias": "n", "Startup Cost": 0.0, "Total Cost": 0.49, "Plan Rows": 1, "Plan Width": 4, "Index Cond": "(id = ci.person_id)", "Filter": "((gender IS NOT NULL) AND ((gender)::text = 'f'::text))"}]}]}, "Unique SQL Id": 661781350, "Planner Runtime": 17}, "explain_analyze_plan": {"Plan": {"Node Type": "Aggregate", "Strategy": "Plain", "Startup Cost": 84230.9, "Total Cost": 84230.91, "Plan Rows": 1, "Plan Width": 160, "Actual Startup Time": 642.245, "Actual Total Time": 642.245, "Actual Rows": 1, "Actual Loops": 1, "Plans": [{"Node Type": "Nested Loop", "Parent Relationship": "Outer", "Join Type": "Inner", "Startup Cost": 7419.04, "Total Cost": 84229.26, "Plan Rows": 219, "Plan Width": 64, "Actual Startup Time": 341.884, "Actual Total Time": 642.185, "Actual Rows": 11, "Actual Loops": 1, "Inner Unique": true, "Plans": [{"Node Type": "Nested Loop", "Parent Relationship": "Outer", "Join Type": "Inner", "Startup Cost": 7419.04, "Total Cost": 84068.27, "Plan Rows": 321, "Plan Width": 68, "Actual Startup Time": 137.798, "Actual Total Time": 639.27, "Actual Rows": 268, "Actual Loops": 1, "Inner Unique": false, "Plans": [{"Node Type": "Nested Loop", "Parent Relationship": "Outer", "Join Type": "Inner", "Startup Cost": 7419.04, "Total Cost": 83383.24, "Plan Rows": 291, "Plan Width": 76, "Actual Startup Time": 74.227, "Actual Total Time": 603.246, "Actual Rows": 358, "Actual Loops": 1, "Inner Unique": false, "Join Filter": "(mi.info_type_id = it1.id)", "Rows Removed by Join Filter": 0, "Plans": [{"Node Type": "Index Scan", "Parent Relationship": "Outer", "Scan Direction": "Forward", "Index Name": "info_type_pkey", "Relation Name": "info_type", "Alias": "it1", "Startup Cost": 0.0, "Total Cost": 14.21, "Plan Rows": 1, "Plan Width": 4, "Actual Startup Time": 0.026, "Actual Total Time": 0.084, "Actual Rows": 1, "Actual Loops": 1, "Filter": "((info)::text = 'genres'::text)", "Rows Removed by Filter": 111}, {"Node Type": "Nested Loop", "Parent Relationship": "Inner", "Join Type": "Inner", "Startup Cost": 7419.04, "Total Cost": 83197.12, "Plan Rows": 13753, "Plan Width": 80, "Actual Startup Time": 74.192, "Actual Total Time": 602.921, "Actual Rows": 358, "Actual Loops": 1, "Inner Unique": false, "Plans": [{"Node Type": "Nested Loop", "Parent Relationship": "Outer", "Join Type": "Inner", "Startup Cost": 7419.04, "Total Cost": 61824.99, "Plan Rows": 15041, "Plan Width": 30, "Actual Startup Time": 66.761, "Actual Total Time": 441.413, "Actual Rows": 6152, "Actual Loops": 1, "Inner Unique": true, "Plans": [{"Node Type": "Nested Loop", "Parent Relationship": "Outer", "Join Type": "Inner", "Startup Cost": 7419.04, "Total Cost": 19211.73, "Plan Rows": 12936, "Plan Width": 9, "Actual Startup Time": 65.136, "Actual Total Time": 351.488, "Actual Rows": 15849, "Actual Loops": 1, "Inner Unique": false, "Plans": [{"Node Type": "Index Scan", "Parent Relationship": "Outer", "Scan Direction": "Forward", "Index Name": "info_type_pkey", "Relation Name": "info_type", "Alias": "it2", "Startup Cost": 0.0, "Total Cost": 14.21, "Plan Rows": 1, "Plan Width": 4, "Actual Startup Time": 0.048, "Actual Total Time": 0.061, "Actual Rows": 1, "Actual Loops": 1, "Filter": "((info)::text = 'rating'::text)", "Rows Removed by Filter": 111}, {"Node Type": "Bitmap Heap Scan", "Parent Relationship": "Inner", "Relation Name": "movie_info_idx", "Alias": "mi_idx", "Startup Cost": 7419.04, "Total Cost": 19068.16, "Plan Rows": 12936, "Plan Width": 13, "Actual Startup Time": 65.081, "Actual Total Time": 347.903, "Actual Rows": 15849, "Actual Loops": 1, "Recheck Cond": "(info_type_id = it2.id)", "Rows Removed by Index Recheck": 0, "Filter": "((info)::text > '8.0'::text)", "Rows Removed by Filter": 444076, "Exact Heap Blocks": 6472, "Lossy Heap Blocks": 6472, "Plans": [{"Node Type": "Bitmap Index Scan", "Parent Relationship": "Outer", "Index Name": "info_type_id_movie_info_idx", "Startup Cost": 0.0, "Total Cost": 7415.81, "Plan Rows": 345008, "Plan Width": 0, "Actual Startup Time": 63.828, "Actual Total Time": 63.828, "Actual Rows": 459925, "Actual Loops": 1, "Index Cond": "(info_type_id = it2.id)"}]}]}, {"Node Type": "Index Scan", "Parent Relationship": "Inner", "Scan Direction": "Forward", "Index Name": "title_pkey", "Relation Name": "title", "Alias": "t", "Startup Cost": 0.0, "Total Cost": 3.28, "Plan Rows": 1, "Plan Width": 21, "Actual Startup Time": 79.873, "Actual Total Time": 79.873, "Actual Rows": 6152, "Actual Loops": 15849, "Index Cond": "(id = mi_idx.movie_id)", "Rows Removed by Index Recheck": 0, "Filter": "((production_year >= 2008) AND (production_year <= 2014))", "Rows Removed by Filter": 9697}]}, {"Node Type": "Index Scan", "Parent Relationship": "Inner", "Scan Direction": "Forward", "Index Name": "movie_id_movie_info", "Relation Name": "movie_info", "Alias": "mi", "Startup Cost": 0.0, "Total Cost": 1.41, "Plan Rows": 1, "Plan Width": 50, "Actual Startup Time": 157.796, "Actual Total Time": 158.095, "Actual Rows": 358, "Actual Loops": 6152, "Index Cond": "(movie_id = t.id)", "Rows Removed by Index Recheck": 0, "Filter": "((note IS NULL) AND ((info)::text = ANY ('{Horror,Thriller}'::text[])))", "Rows Removed by Filter": 109599}]}]}, {"Node Type": "Index Scan", "Parent Relationship": "Inner", "Scan Direction": "Forward", "Index Name": "movie_id_cast_info", "Relation Name": "cast_info", "Alias": "ci", "Startup Cost": 0.0, "Total Cost": 2.34, "Plan Rows": 1, "Plan Width": 8, "Actual Startup Time": 27.975, "Actual Total Time": 35.613, "Actual Rows": 268, "Actual Loops": 358, "Index Cond": "(movie_id = t.id)", "Rows Removed by Index Recheck": 0, "Filter": "((note)::text = ANY ('{(writer),\"(head writer)\",\"(written by)\",(story),\"(story editor)\"}'::text[]))", "Rows Removed by Filter": 12296}]}, {"Node Type": "Index Scan", "Parent Relationship": "Inner", "Scan Direction": "Forward", "Index Name": "name_pkey", "Relation Name": "name", "Alias": "n", "Startup Cost": 0.0, "Total Cost": 0.49, "Plan Rows": 1, "Plan Width": 4, "Actual Startup Time": 2.646, "Actual Total Time": 2.646, "Actual Rows": 11, "Actual Loops": 268, "Index Cond": "(id = ci.person_id)", "Rows Removed by Index Recheck": 0, "Filter": "((gender IS NOT NULL) AND ((gender)::text = 'f'::text))", "Rows Removed by Filter": 257}]}]}, "Triggers": [], "Planner Runtime": 16.979, "Total Runtime": 642.612, "Unique SQL Id": 661781350}}, "(1, '6')": {"explain_plan": {"Plan": {"Node Type": "Aggregate", "Strategy": "Plain", "Startup Cost": 157086.07, "Total Cost": 157086.08, "Plan Rows": 1, "Plan Width": 160, "Plans": [{"Node Type": "Nested Loop", "Parent Relationship": "Outer", "Join Type": "Inner", "Startup Cost": 7421.91, "Total Cost": 157084.43, "Plan Rows": 219, "Plan Width": 64, "Inner Unique": true, "Plans": [{"Node Type": "Nested Loop", "Parent Relationship": "Outer", "Join Type": "Inner", "Startup Cost": 7421.6, "Total Cost": 155693.31, "Plan Rows": 321, "Plan Width": 68, "Inner Unique": false, "Plans": [{"Node Type": "Nested Loop", "Parent Relationship": "Outer", "Join Type": "Inner", "Startup Cost": 7420.6, "Total Cost": 154200.13, "Plan Rows": 291, "Plan Width": 76, "Inner Unique": false, "Join Filter": "(mi.info_type_id = it1.id)", "Plans": [{"Node Type": "Seq Scan", "Parent Relationship": "Outer", "Relation Name": "info_type", "Alias": "it1", "Startup Cost": 0.0, "Total Cost": 2.4, "Plan Rows": 1, "Plan Width": 4, "Filter": "((info)::text = 'genres'::text)"}, {"Node Type": "Nested Loop", "Parent Relationship": "Inner", "Join Type": "Inner", "Startup Cost": 7420.6, "Total Cost": 154025.82, "Plan Rows": 13753, "Plan Width": 80, "Inner Unique": false, "Plans": [{"Node Type": "Nested Loop", "Parent Relationship": "Outer", "Join Type": "Inner", "Startup Cost": 7420.02, "Total Cost": 83886.56, "Plan Rows": 15041, "Plan Width": 30, "Inner Unique": true, "Plans": [{"Node Type": "Nested Loop", "Parent Relationship": "Outer", "Join Type": "Inner", "Startup Cost": 7419.04, "Total Cost": 19199.92, "Plan Rows": 12936, "Plan Width": 9, "Inner Unique": false, "Plans": [{"Node Type": "Seq Scan", "Parent Relationship": "Outer", "Relation Name": "info_type", "Alias": "it2", "Startup Cost": 0.0, "Total Cost": 2.4, "Plan Rows": 1, "Plan Width": 4, "Filter": "((info)::text = 'rating'::text)"}, {"Node Type": "Bitmap Heap Scan", "Parent Relationship": "Inner", "Relation Name": "movie_info_idx", "Alias": "mi_idx", "Startup Cost": 7419.04, "Total Cost": 19068.16, "Plan Rows": 12936, "Plan Width": 13, "Recheck Cond": "(info_type_id = it2.id)", "Filter": "((info)::text > '8.0'::text)", "Plans": [{"Node Type": "Bitmap Index Scan", "Parent Relationship": "Outer", "Index Name": "info_type_id_movie_info_idx", "Startup Cost": 0.0, "Total Cost": 7415.81, "Plan Rows": 345008, "Plan Width": 0, "Index Cond": "(info_type_id = it2.id)"}]}]}, {"Node Type": "Bitmap Heap Scan", "Parent Relationship": "Inner", "Relation Name": "title", "Alias": "t", "Startup Cost": 0.97, "Total Cost": 4.99, "Plan Rows": 1, "Plan Width": 21, "Recheck Cond": "(id = mi_idx.movie_id)", "Filter": "((production_year >= 2008) AND (production_year <= 2014))", "Plans": [{"Node Type": "Bitmap Index Scan", "Parent Relationship": "Outer", "Index Name": "title_pkey", "Startup Cost": 0.0, "Total Cost": 0.97, "Plan Rows": 1, "Plan Width": 0, "Index Cond": "(id = mi_idx.movie_id)"}]}]}, {"Node Type": "Bitmap Heap Scan", "Parent Relationship": "Inner", "Relation Name": "movie_info", "Alias": "mi", "Startup Cost": 0.58, "Total Cost": 4.65, "Plan Rows": 1, "Plan Width": 50, "Recheck Cond": "(movie_id = t.id)", "Filter": "((note IS NULL) AND ((info)::text = ANY ('{Horror,Thriller}'::text[])))", "Plans": [{"Node Type": "Bitmap Index Scan", "Parent Relationship": "Outer", "Index Name": "movie_id_movie_info", "Startup Cost": 0.0, "Total Cost": 0.58, "Plan Rows": 5, "Plan Width": 0, "Index Cond": "(movie_id = t.id)"}]}]}]}, {"Node Type": "Bitmap Heap Scan", "Parent Relationship": "Inner", "Relation Name": "cast_info", "Alias": "ci", "Startup Cost": 1.01, "Total Cost": 5.12, "Plan Rows": 1, "Plan Width": 8, "Recheck Cond": "(movie_id = t.id)", "Filter": "((note)::text = ANY ('{(writer),\"(head writer)\",\"(written by)\",(story),\"(story editor)\"}'::text[]))", "Plans": [{"Node Type": "Bitmap Index Scan", "Parent Relationship": "Outer", "Index Name": "movie_id_cast_info", "Startup Cost": 0.0, "Total Cost": 1.01, "Plan Rows": 6, "Plan Width": 0, "Index Cond": "(movie_id = t.id)"}]}]}, {"Node Type": "Bitmap Heap Scan", "Parent Relationship": "Inner", "Relation Name": "name", "Alias": "n", "Startup Cost": 0.31, "Total Cost": 4.32, "Plan Rows": 1, "Plan Width": 4, "Recheck Cond": "(id = ci.person_id)", "Filter": "((gender IS NOT NULL) AND ((gender)::text = 'f'::text))", "Plans": [{"Node Type": "Bitmap Index Scan", "Parent Relationship": "Outer", "Index Name": "name_pkey", "Startup Cost": 0.0, "Total Cost": 0.31, "Plan Rows": 1, "Plan Width": 0, "Index Cond": "(id = ci.person_id)"}]}]}]}, "Unique SQL Id": 661781350, "Planner Runtime": 24}, "explain_analyze_plan": {"Plan": {"Node Type": "Aggregate", "Strategy": "Plain", "Startup Cost": 157086.07, "Total Cost": 157086.08, "Plan Rows": 1, "Plan Width": 160, "Actual Startup Time": 772.672, "Actual Total Time": 772.673, "Actual Rows": 1, "Actual Loops": 1, "Plans": [{"Node Type": "Nested Loop", "Parent Relationship": "Outer", "Join Type": "Inner", "Startup Cost": 7421.91, "Total Cost": 157084.43, "Plan Rows": 219, "Plan Width": 64, "Actual Startup Time": 434.6, "Actual Total Time": 772.602, "Actual Rows": 11, "Actual Loops": 1, "Inner Unique": true, "Plans": [{"Node Type": "Nested Loop", "Parent Relationship": "Outer", "Join Type": "Inner", "Startup Cost": 7421.6, "Total Cost": 155693.31, "Plan Rows": 321, "Plan Width": 68, "Actual Startup Time": 169.023, "Actual Total Time": 768.854, "Actual Rows": 268, "Actual Loops": 1, "Inner Unique": false, "Plans": [{"Node Type": "Nested Loop", "Parent Relationship": "Outer", "Join Type": "Inner", "Startup Cost": 7420.6, "Total Cost": 154200.13, "Plan Rows": 291, "Plan Width": 76, "Actual Startup Time": 83.828, "Actual Total Time": 721.9, "Actual Rows": 358, "Actual Loops": 1, "Inner Unique": false, "Join Filter": "(mi.info_type_id = it1.id)", "Rows Removed by Join Filter": 0, "Plans": [{"Node Type": "Seq Scan", "Parent Relationship": "Outer", "Relation Name": "info_type", "Alias": "it1", "Startup Cost": 0.0, "Total Cost": 2.4, "Plan Rows": 1, "Plan Width": 4, "Actual Startup Time": 0.045, "Actual Total Time": 0.082, "Actual Rows": 1, "Actual Loops": 1, "Filter": "((info)::text = 'genres'::text)", "Rows Removed by Filter": 111}, {"Node Type": "Nested Loop", "Parent Relationship": "Inner", "Join Type": "Inner", "Startup Cost": 7420.6, "Total Cost": 154025.82, "Plan Rows": 13753, "Plan Width": 80, "Actual Startup Time": 83.774, "Actual Total Time": 721.552, "Actual Rows": 358, "Actual Loops": 1, "Inner Unique": false, "Plans": [{"Node Type": "Nested Loop", "Parent Relationship": "Outer", "Join Type": "Inner", "Startup Cost": 7420.02, "Total Cost": 83886.56, "Plan Rows": 15041, "Plan Width": 30, "Actual Startup Time": 74.777, "Actual Total Time": 509.207, "Actual Rows": 6152, "Actual Loops": 1, "Inner Unique": true, "Plans": [{"Node Type": "Nested Loop", "Parent Relationship": "Outer", "Join Type": "Inner", "Startup Cost": 7419.04, "Total Cost": 19199.92, "Plan Rows": 12936, "Plan Width": 9, "Actual Startup Time": 72.767, "Actual Total Time": 380.691, "Actual Rows": 15849, "Actual Loops": 1, "Inner Unique": false, "Plans": [{"Node Type": "Seq Scan", "Parent Relationship": "Outer", "Relation Name": "info_type", "Alias": "it2", "Startup Cost": 0.0, "Total Cost": 2.4, "Plan Rows": 1, "Plan Width": 4, "Actual Startup Time": 0.044, "Actual Total Time": 0.065, "Actual Rows": 1, "Actual Loops": 1, "Filter": "((info)::text = 'rating'::text)", "Rows Removed by Filter": 111}, {"Node Type": "Bitmap Heap Scan", "Parent Relationship": "Inner", "Relation Name": "movie_info_idx", "Alias": "mi_idx", "Startup Cost": 7419.04, "Total Cost": 19068.16, "Plan Rows": 12936, "Plan Width": 13, "Actual Startup Time": 72.719, "Actual Total Time": 376.809, "Actual Rows": 15849, "Actual Loops": 1, "Recheck Cond": "(info_type_id = it2.id)", "Rows Removed by Index Recheck": 0, "Filter": "((info)::text > '8.0'::text)", "Rows Removed by Filter": 444076, "Exact Heap Blocks": 6472, "Lossy Heap Blocks": 6472, "Plans": [{"Node Type": "Bitmap Index Scan", "Parent Relationship": "Outer", "Index Name": "info_type_id_movie_info_idx", "Startup Cost": 0.0, "Total Cost": 7415.81, "Plan Rows": 345008, "Plan Width": 0, "Actual Startup Time": 71.415, "Actual Total Time": 71.415, "Actual Rows": 459925, "Actual Loops": 1, "Index Cond": "(info_type_id = it2.id)"}]}]}, {"Node Type": "Bitmap Heap Scan", "Parent Relationship": "Inner", "Relation Name": "title", "Alias": "t", "Startup Cost": 0.97, "Total Cost": 4.99, "Plan Rows": 1, "Plan Width": 21, "Actual Startup Time": 107.843, "Actual Total Time": 107.843, "Actual Rows": 6152, "Actual Loops": 15849, "Recheck Cond": "(id = mi_idx.movie_id)", "Rows Removed by Index Recheck": 0, "Filter": "((production_year >= 2008) AND (production_year <= 2014))", "Rows Removed by Filter": 9697, "Exact Heap Blocks": 15849, "Lossy Heap Blocks": 15849, "Plans": [{"Node Type": "Bitmap Index Scan", "Parent Relationship": "Outer", "Index Name": "title_pkey", "Startup Cost": 0.0, "Total Cost": 0.97, "Plan Rows": 1, "Plan Width": 0, "Actual Startup Time": 51.257, "Actual Total Time": 51.257, "Actual Rows": 15849, "Actual Loops": 15849, "Index Cond": "(id = mi_idx.movie_id)"}]}]}, {"Node Type": "Bitmap Heap Scan", "Parent Relationship": "Inner", "Relation Name": "movie_info", "Alias": "mi", "Startup Cost": 0.58, "Total Cost": 4.65, "Plan Rows": 1, "Plan Width": 50, "Actual Startup Time": 203.885, "Actual Total Time": 204.063, "Actual Rows": 358, "Actual Loops": 6152, "Recheck Cond": "(movie_id = t.id)", "Rows Removed by Index Recheck": 0, "Filter": "((note IS NULL) AND ((info)::text = ANY ('{Horror,Thriller}'::text[])))", "Rows Removed by Filter": 109599, "Exact Heap Blocks": 52726, "Lossy Heap Blocks": 52726, "Plans": [{"Node Type": "Bitmap Index Scan", "Parent Relationship": "Outer", "Index Name": "movie_id_movie_info", "Startup Cost": 0.0, "Total Cost": 0.58, "Plan Rows": 5, "Plan Width": 0, "Actual Startup Time": 46.751, "Actual Total Time": 46.751, "Actual Rows": 109957, "Actual Loops": 6152, "Index Cond": "(movie_id = t.id)"}]}]}]}, {"Node Type": "Bitmap Heap Scan", "Parent Relationship": "Inner", "Relation Name": "cast_info", "Alias": "ci", "Startup Cost": 1.01, "Total Cost": 5.12, "Plan Rows": 1, "Plan Width": 8, "Actual Startup Time": 37.12, "Actual Total Time": 46.053, "Actual Rows": 268, "Actual Loops": 358, "Recheck Cond": "(movie_id = t.id)", "Rows Removed by Index Recheck": 0, "Filter": "((note)::text = ANY ('{(writer),\"(head writer)\",\"(written by)\",(story),\"(story editor)\"}'::text[]))", "Rows Removed by Filter": 12296, "Exact Heap Blocks": 11454, "Lossy Heap Blocks": 11454, "Plans": [{"Node Type": "Bitmap Index Scan", "Parent Relationship": "Outer", "Index Name": "movie_id_cast_info", "Startup Cost": 0.0, "Total Cost": 1.01, "Plan Rows": 6, "Plan Width": 0, "Actual Startup Time": 6.148, "Actual Total Time": 6.148, "Actual Rows": 12564, "Actual Loops": 358, "Index Cond": "(movie_id = t.id)"}]}]}, {"Node Type": "Bitmap Heap Scan", "Parent Relationship": "Inner", "Relation Name": "name", "Alias": "n", "Startup Cost": 0.31, "Total Cost": 4.32, "Plan Rows": 1, "Plan Width": 4, "Actual Startup Time": 3.215, "Actual Total Time": 3.215, "Actual Rows": 11, "Actual Loops": 268, "Recheck Cond": "(id = ci.person_id)", "Rows Removed by Index Recheck": 0, "Filter": "((gender IS NOT NULL) AND ((gender)::text = 'f'::text))", "Rows Removed by Filter": 257, "Exact Heap Blocks": 268, "Lossy Heap Blocks": 268, "Plans": [{"Node Type": "Bitmap Index Scan", "Parent Relationship": "Outer", "Index Name": "name_pkey", "Startup Cost": 0.0, "Total Cost": 0.31, "Plan Rows": 1, "Plan Width": 0, "Actual Startup Time": 2.013, "Actual Total Time": 2.013, "Actual Rows": 268, "Actual Loops": 268, "Index Cond": "(id = ci.person_id)"}]}]}]}, "Triggers": [], "Planner Runtime": 24.695, "Total Runtime": 773.026, "Unique SQL Id": 661781350}}, "(1, '7')": {"explain_plan": {"Plan": {"Node Type": "Aggregate", "Strategy": "Plain", "Startup Cost": 1000198965418.13, "Total Cost": 1000198965418.14, "Plan Rows": 1, "Plan Width": 160, "Plans": [{"Node Type": "Nested Loop", "Parent Relationship": "Outer", "Join Type": "Inner", "Startup Cost": 10000000001.87, "Total Cost": 1000198965416.49, "Plan Rows": 219, "Plan Width": 64, "Inner Unique": true, "Plans": [{"Node Type": "Nested Loop", "Parent Relationship": "Outer", "Join Type": "Inner", "Startup Cost": 10000000001.56, "Total Cost": 1000198964025.37, "Plan Rows": 321, "Plan Width": 68, "Inner Unique": true, "Join Filter": "(mi.movie_id = t.id)", "Plans": [{"Node Type": "Nested Loop", "Parent Relationship": "Outer", "Join Type": "Inner", "Startup Cost": 10000000001.27, "Total Cost": 1000198962833.6, "Plan Rows": 276, "Plan Width": 63, "Inner Unique": true, "Plans": [{"Node Type": "Nested Loop", "Parent Relationship": "Outer", "Join Type": "Inner", "Startup Cost": 10000000001.01, "Total Cost": 1000198906787.99, "Plan Rows": 13086, "Plan Width": 67, "Inner Unique": false, "Join Filter": "(mi_idx.movie_id = mi.movie_id)", "Plans": [{"Node Type": "Nested Loop", "Parent Relationship": "Outer", "Join Type": "Inner", "Startup Cost": 10000000000.54, "Total Cost": 1000198841505.29, "Plan Rows": 14313, "Plan Width": 17, "Inner Unique": true, "Plans": [{"Node Type": "Nested Loop", "Parent Relationship": "Outer", "Join Type": "Inner", "Startup Cost": 10000000000.28, "Total Cost": 1000198596304.72, "Plan Rows": 57251, "Plan Width": 21, "Inner Unique": false, "Plans": [{"Node Type": "Index Scan", "Parent Relationship": "Outer", "Scan Direction": "Forward", "Index Name": "person_id_cast_info", "Relation Name": "cast_info", "Alias": "ci", "Startup Cost": 10000000000.0, "Total Cost": 1000193311016.96, "Plan Rows": 1223154, "Plan Width": 8, "Filter": "((note)::text = ANY ('{(writer),\"(head writer)\",\"(written by)\",(story),\"(story editor)\"}'::text[]))"}, {"Node Type": "Bitmap Heap Scan", "Parent Relationship": "Inner", "Relation Name": "movie_info_idx", "Alias": "mi_idx", "Startup Cost": 0.28, "Total Cost": 4.31, "Plan Rows": 1, "Plan Width": 13, "Recheck Cond": "(movie_id = ci.movie_id)", "Filter": "((info)::text > '8.0'::text)", "Plans": [{"Node Type": "Bitmap Index Scan", "Parent Relationship": "Outer", "Index Name": "movie_id_movie_info_idx", "Startup Cost": 0.0, "Total Cost": 0.28, "Plan Rows": 2, "Plan Width": 0, "Index Cond": "(movie_id = ci.movie_id)"}]}]}, {"Node Type": "Bitmap Heap Scan", "Parent Relationship": "Inner", "Relation Name": "info_type", "Alias": "it2", "Startup Cost": 0.26, "Total Cost": 4.27, "Plan Rows": 1, "Plan Width": 4, "Recheck Cond": "(id = mi_idx.info_type_id)", "Filter": "((info)::text = 'rating'::text)", "Plans": [{"Node Type": "Bitmap Index Scan", "Parent Relationship": "Outer", "Index Name": "info_type_pkey", "Startup Cost": 0.0, "Total Cost": 0.26, "Plan Rows": 1, "Plan Width": 0, "Index Cond": "(id = mi_idx.info_type_id)"}]}]}, {"Node Type": "Bitmap Heap Scan", "Parent Relationship": "Inner", "Relation Name": "movie_info", "Alias": "mi", "Startup Cost": 0.47, "Total Cost": 4.55, "Plan Rows": 1, "Plan Width": 50, "Recheck Cond": "(movie_id = ci.movie_id)", "Filter": "((note IS NULL) AND ((info)::text = ANY ('{Horror,Thriller}'::text[])))", "Plans": [{"Node Type": "Bitmap Index Scan", "Parent Relationship": "Outer", "Index Name": "movie_id_movie_info", "Startup Cost": 0.0, "Total Cost": 0.47, "Plan Rows": 5, "Plan Width": 0, "Index Cond": "(movie_id = ci.movie_id)"}]}]}, {"Node Type": "Bitmap Heap Scan", "Parent Relationship": "Inner", "Relation Name": "info_type", "Alias": "it1", "Startup Cost": 0.26, "Total Cost": 4.27, "Plan Rows": 1, "Plan Width": 4, "Recheck Cond": "(id = mi.info_type_id)", "Filter": "((info)::text = 'genres'::text)", "Plans": [{"Node Type": "Bitmap Index Scan", "Parent Relationship": "Outer", "Index Name": "info_type_pkey", "Startup Cost": 0.0, "Total Cost": 0.26, "Plan Rows": 1, "Plan Width": 0, "Index Cond": "(id = mi.info_type_id)"}]}]}, {"Node Type": "Bitmap Heap Scan", "Parent Relationship": "Inner", "Relation Name": "title", "Alias": "t", "Startup Cost": 0.29, "Total Cost": 4.31, "Plan Rows": 1, "Plan Width": 21, "Recheck Cond": "(id = ci.movie_id)", "Filter": "((production_year >= 2008) AND (production_year <= 2014))", "Plans": [{"Node Type": "Bitmap Index Scan", "Parent Relationship": "Outer", "Index Name": "title_pkey", "Startup Cost": 0.0, "Total Cost": 0.29, "Plan Rows": 1, "Plan Width": 0, "Index Cond": "(id = ci.movie_id)"}]}]}, {"Node Type": "Bitmap Heap Scan", "Parent Relationship": "Inner", "Relation Name": "name", "Alias": "n", "Startup Cost": 0.31, "Total Cost": 4.32, "Plan Rows": 1, "Plan Width": 4, "Recheck Cond": "(id = ci.person_id)", "Filter": "((gender IS NOT NULL) AND ((gender)::text = 'f'::text))", "Plans": [{"Node Type": "Bitmap Index Scan", "Parent Relationship": "Outer", "Index Name": "name_pkey", "Startup Cost": 0.0, "Total Cost": 0.31, "Plan Rows": 1, "Plan Width": 0, "Index Cond": "(id = ci.person_id)"}]}]}]}, "Unique SQL Id": 661781350, "Planner Runtime": 10}, "explain_analyze_plan": null}, "(1, '8')": {"explain_plan": {"Plan": {"Node Type": "Aggregate", "Strategy": "Plain", "Startup Cost": 89381.01, "Total Cost": 89381.02, "Plan Rows": 1, "Plan Width": 160, "Plans": [{"Node Type": "Nested Loop", "Parent Relationship": "Outer", "Join Type": "Inner", "Startup Cost": 0.0, "Total Cost": 89379.36, "Plan Rows": 219, "Plan Width": 64, "Inner Unique": true, "Plans": [{"Node Type": "Nested Loop", "Parent Relationship": "Outer", "Join Type": "Inner", "Startup Cost": 0.0, "Total Cost": 89218.37, "Plan Rows": 321, "Plan Width": 68, "Inner Unique": false, "Plans": [{"Node Type": "Nested Loop", "Parent Relationship": "Outer", "Join Type": "Inner", "Startup Cost": 0.0, "Total Cost": 88533.35, "Plan Rows": 291, "Plan Width": 76, "Inner Unique": false, "Join Filter": "(mi.info_type_id = it1.id)", "Plans": [{"Node Type": "Seq Scan", "Parent Relationship": "Outer", "Relation Name": "info_type", "Alias": "it1", "Startup Cost": 0.0, "Total Cost": 2.4, "Plan Rows": 1, "Plan Width": 4, "Filter": "((info)::text = 'genres'::text)"}, {"Node Type": "Nested Loop", "Parent Relationship": "Inner", "Join Type": "Inner", "Startup Cost": 0.0, "Total Cost": 88359.04, "Plan Rows": 13753, "Plan Width": 80, "Inner Unique": false, "Plans": [{"Node Type": "Nested Loop", "Parent Relationship": "Outer", "Join Type": "Inner", "Startup Cost": 0.0, "Total Cost": 66986.91, "Plan Rows": 15041, "Plan Width": 30, "Inner Unique": true, "Plans": [{"Node Type": "Nested Loop", "Parent Relationship": "Outer", "Join Type": "Inner", "Startup Cost": 0.0, "Total Cost": 24373.65, "Plan Rows": 12936, "Plan Width": 9, "Inner Unique": false, "Join Filter": "(it2.id = mi_idx.info_type_id)", "Plans": [{"Node Type": "Seq Scan", "Parent Relationship": "Outer", "Relation Name": "info_type", "Alias": "it2", "Startup Cost": 0.0, "Total Cost": 2.4, "Plan Rows": 1, "Plan Width": 4, "Filter": "((info)::text = 'rating'::text)"}, {"Node Type": "Seq Scan", "Parent Relationship": "Inner", "Relation Name": "movie_info_idx", "Alias": "mi_idx", "Startup Cost": 0.0, "Total Cost": 23724.42, "Plan Rows": 51746, "Plan Width": 13, "Filter": "((info)::text > '8.0'::text)"}]}, {"Node Type": "Index Scan", "Parent Relationship": "Inner", "Scan Direction": "Forward", "Index Name": "title_pkey", "Relation Name": "title", "Alias": "t", "Startup Cost": 0.0, "Total Cost": 3.28, "Plan Rows": 1, "Plan Width": 21, "Index Cond": "(id = mi_idx.movie_id)", "Filter": "((production_year >= 2008) AND (production_year <= 2014))"}]}, {"Node Type": "Index Scan", "Parent Relationship": "Inner", "Scan Direction": "Forward", "Index Name": "movie_id_movie_info", "Relation Name": "movie_info", "Alias": "mi", "Startup Cost": 0.0, "Total Cost": 1.41, "Plan Rows": 1, "Plan Width": 50, "Index Cond": "(movie_id = t.id)", "Filter": "((note IS NULL) AND ((info)::text = ANY ('{Horror,Thriller}'::text[])))"}]}]}, {"Node Type": "Index Scan", "Parent Relationship": "Inner", "Scan Direction": "Forward", "Index Name": "movie_id_cast_info", "Relation Name": "cast_info", "Alias": "ci", "Startup Cost": 0.0, "Total Cost": 2.34, "Plan Rows": 1, "Plan Width": 8, "Index Cond": "(movie_id = t.id)", "Filter": "((note)::text = ANY ('{(writer),\"(head writer)\",\"(written by)\",(story),\"(story editor)\"}'::text[]))"}]}, {"Node Type": "Index Scan", "Parent Relationship": "Inner", "Scan Direction": "Forward", "Index Name": "name_pkey", "Relation Name": "name", "Alias": "n", "Startup Cost": 0.0, "Total Cost": 0.49, "Plan Rows": 1, "Plan Width": 4, "Index Cond": "(id = ci.person_id)", "Filter": "((gender IS NOT NULL) AND ((gender)::text = 'f'::text))"}]}]}, "Unique SQL Id": 661781350, "Planner Runtime": 21}, "explain_analyze_plan": {"Plan": {"Node Type": "Aggregate", "Strategy": "Plain", "Startup Cost": 89381.01, "Total Cost": 89381.02, "Plan Rows": 1, "Plan Width": 160, "Actual Startup Time": 819.532, "Actual Total Time": 819.533, "Actual Rows": 1, "Actual Loops": 1, "Plans": [{"Node Type": "Nested Loop", "Parent Relationship": "Outer", "Join Type": "Inner", "Startup Cost": 0.0, "Total Cost": 89379.36, "Plan Rows": 219, "Plan Width": 64, "Actual Startup Time": 400.767, "Actual Total Time": 819.459, "Actual Rows": 11, "Actual Loops": 1, "Inner Unique": true, "Plans": [{"Node Type": "Nested Loop", "Parent Relationship": "Outer", "Join Type": "Inner", "Startup Cost": 0.0, "Total Cost": 89218.37, "Plan Rows": 321, "Plan Width": 68, "Actual Startup Time": 115.249, "Actual Total Time": 817.308, "Actual Rows": 268, "Actual Loops": 1, "Inner Unique": false, "Plans": [{"Node Type": "Nested Loop", "Parent Relationship": "Outer", "Join Type": "Inner", "Startup Cost": 0.0, "Total Cost": 88533.35, "Plan Rows": 291, "Plan Width": 76, "Actual Startup Time": 14.979, "Actual Total Time": 792.122, "Actual Rows": 358, "Actual Loops": 1, "Inner Unique": false, "Join Filter": "(mi.info_type_id = it1.id)", "Rows Removed by Join Filter": 0, "Plans": [{"Node Type": "Seq Scan", "Parent Relationship": "Outer", "Relation Name": "info_type", "Alias": "it1", "Startup Cost": 0.0, "Total Cost": 2.4, "Plan Rows": 1, "Plan Width": 4, "Actual Startup Time": 0.036, "Actual Total Time": 0.078, "Actual Rows": 1, "Actual Loops": 1, "Filter": "((info)::text = 'genres'::text)", "Rows Removed by Filter": 111}, {"Node Type": "Nested Loop", "Parent Relationship": "Inner", "Join Type": "Inner", "Startup Cost": 0.0, "Total Cost": 88359.04, "Plan Rows": 13753, "Plan Width": 80, "Actual Startup Time": 14.935, "Actual Total Time": 791.811, "Actual Rows": 358, "Actual Loops": 1, "Inner Unique": false, "Plans": [{"Node Type": "Nested Loop", "Parent Relationship": "Outer", "Join Type": "Inner", "Startup Cost": 0.0, "Total Cost": 66986.91, "Plan Rows": 15041, "Plan Width": 30, "Actual Startup Time": 2.748, "Actual Total Time": 648.015, "Actual Rows": 6152, "Actual Loops": 1, "Inner Unique": true, "Plans": [{"Node Type": "Nested Loop", "Parent Relationship": "Outer", "Join Type": "Inner", "Startup Cost": 0.0, "Total Cost": 24373.65, "Plan Rows": 12936, "Plan Width": 9, "Actual Startup Time": 0.138, "Actual Total Time": 565.084, "Actual Rows": 15849, "Actual Loops": 1, "Inner Unique": false, "Join Filter": "(it2.id = mi_idx.info_type_id)", "Rows Removed by Join Filter": 37800, "Plans": [{"Node Type": "Seq Scan", "Parent Relationship": "Outer", "Relation Name": "info_type", "Alias": "it2", "Startup Cost": 0.0, "Total Cost": 2.4, "Plan Rows": 1, "Plan Width": 4, "Actual Startup Time": 0.043, "Actual Total Time": 0.058, "Actual Rows": 1, "Actual Loops": 1, "Filter": "((info)::text = 'rating'::text)", "Rows Removed by Filter": 111}, {"Node Type": "Seq Scan", "Parent Relationship": "Inner", "Relation Name": "movie_info_idx", "Alias": "mi_idx", "Startup Cost": 0.0, "Total Cost": 23724.42, "Plan Rows": 51746, "Plan Width": 13, "Actual Startup Time": 0.091, "Actual Total Time": 550.192, "Actual Rows": 53649, "Actual Loops": 1, "Filter": "((info)::text > '8.0'::text)", "Rows Removed by Filter": 1326385}]}, {"Node Type": "Index Scan", "Parent Relationship": "Inner", "Scan Direction": "Forward", "Index Name": "title_pkey", "Relation Name": "title", "Alias": "t", "Startup Cost": 0.0, "Total Cost": 3.28, "Plan Rows": 1, "Plan Width": 21, "Actual Startup Time": 72.547, "Actual Total Time": 72.547, "Actual Rows": 6152, "Actual Loops": 15849, "Index Cond": "(id = mi_idx.movie_id)", "Rows Removed by Index Recheck": 0, "Filter": "((production_year >= 2008) AND (production_year <= 2014))", "Rows Removed by Filter": 9697}]}, {"Node Type": "Index Scan", "Parent Relationship": "Inner", "Scan Direction": "Forward", "Index Name": "movie_id_movie_info", "Relation Name": "movie_info", "Alias": "mi", "Startup Cost": 0.0, "Total Cost": 1.41, "Plan Rows": 1, "Plan Width": 50, "Actual Startup Time": 140.157, "Actual Total Time": 140.436, "Actual Rows": 358, "Actual Loops": 6152, "Index Cond": "(movie_id = t.id)", "Rows Removed by Index Recheck": 0, "Filter": "((note IS NULL) AND ((info)::text = ANY ('{Horror,Thriller}'::text[])))", "Rows Removed by Filter": 109599}]}]}, {"Node Type": "Index Scan", "Parent Relationship": "Inner", "Scan Direction": "Forward", "Index Name": "movie_id_cast_info", "Relation Name": "cast_info", "Alias": "ci", "Startup Cost": 0.0, "Total Cost": 2.34, "Plan Rows": 1, "Plan Width": 8, "Actual Startup Time": 19.56, "Actual Total Time": 24.789, "Actual Rows": 268, "Actual Loops": 358, "Index Cond": "(movie_id = t.id)", "Rows Removed by Index Recheck": 0, "Filter": "((note)::text = ANY ('{(writer),\"(head writer)\",\"(written by)\",(story),\"(story editor)\"}'::text[]))", "Rows Removed by Filter": 12296}]}, {"Node Type": "Index Scan", "Parent Relationship": "Inner", "Scan Direction": "Forward", "Index Name": "name_pkey", "Relation Name": "name", "Alias": "n", "Startup Cost": 0.0, "Total Cost": 0.49, "Plan Rows": 1, "Plan Width": 4, "Actual Startup Time": 1.936, "Actual Total Time": 1.936, "Actual Rows": 11, "Actual Loops": 268, "Index Cond": "(id = ci.person_id)", "Rows Removed by Index Recheck": 0, "Filter": "((gender IS NOT NULL) AND ((gender)::text = 'f'::text))", "Rows Removed by Filter": 257}]}]}, "Triggers": [], "Planner Runtime": 21.815, "Total Runtime": 819.864, "Unique SQL Id": 661781350}}, "(1, '9')": {"explain_plan": {"Plan": {"Node Type": "Aggregate", "Strategy": "Plain", "Startup Cost": 100899.17, "Total Cost": 100899.18, "Plan Rows": 1, "Plan Width": 160, "Plans": [{"Node Type": "Nested Loop", "Parent Relationship": "Outer", "Join Type": "Inner", "Startup Cost": 0.0, "Total Cost": 100897.52, "Plan Rows": 219, "Plan Width": 64, "Inner Unique": true, "Plans": [{"Node Type": "Nested Loop", "Parent Relationship": "Outer", "Join Type": "Inner", "Startup Cost": 0.0, "Total Cost": 100736.53, "Plan Rows": 321, "Plan Width": 68, "Inner Unique": false, "Plans": [{"Node Type": "Nested Loop", "Parent Relationship": "Outer", "Join Type": "Inner", "Startup Cost": 0.0, "Total Cost": 100051.51, "Plan Rows": 291, "Plan Width": 76, "Inner Unique": false, "Join Filter": "(mi.info_type_id = it1.id)", "Plans": [{"Node Type": "Index Scan", "Parent Relationship": "Outer", "Scan Direction": "Forward", "Index Name": "info_type_pkey", "Relation Name": "info_type", "Alias": "it1", "Startup Cost": 0.0, "Total Cost": 14.21, "Plan Rows": 1, "Plan Width": 4, "Filter": "((info)::text = 'genres'::text)"}, {"Node Type": "Nested Loop", "Parent Relationship": "Inner", "Join Type": "Inner", "Startup Cost": 0.0, "Total Cost": 99865.39, "Plan Rows": 13753, "Plan Width": 80, "Inner Unique": false, "Plans": [{"Node Type": "Nested Loop", "Parent Relationship": "Outer", "Join Type": "Inner", "Startup Cost": 0.0, "Total Cost": 78493.26, "Plan Rows": 15041, "Plan Width": 30, "Inner Unique": true, "Plans": [{"Node Type": "Nested Loop", "Parent Relationship": "Outer", "Join Type": "Inner", "Startup Cost": 0.0, "Total Cost": 35880.0, "Plan Rows": 12936, "Plan Width": 9, "Inner Unique": false, "Plans": [{"Node Type": "Index Scan", "Parent Relationship": "Outer", "Scan Direction": "Forward", "Index Name": "info_type_pkey", "Relation Name": "info_type", "Alias": "it2", "Startup Cost": 0.0, "Total Cost": 14.21, "Plan Rows": 1, "Plan Width": 4, "Filter": "((info)::text = 'rating'::text)"}, {"Node Type": "Index Scan", "Parent Relationship": "Inner", "Scan Direction": "Forward", "Index Name": "info_type_id_movie_info_idx", "Relation Name": "movie_info_idx", "Alias": "mi_idx", "Startup Cost": 0.0, "Total Cost": 35736.43, "Plan Rows": 12936, "Plan Width": 13, "Index Cond": "(info_type_id = it2.id)", "Filter": "((info)::text > '8.0'::text)"}]}, {"Node Type": "Index Scan", "Parent Relationship": "Inner", "Scan Direction": "Forward", "Index Name": "title_pkey", "Relation Name": "title", "Alias": "t", "Startup Cost": 0.0, "Total Cost": 3.28, "Plan Rows": 1, "Plan Width": 21, "Index Cond": "(id = mi_idx.movie_id)", "Filter": "((production_year >= 2008) AND (production_year <= 2014))"}]}, {"Node Type": "Index Scan", "Parent Relationship": "Inner", "Scan Direction": "Forward", "Index Name": "movie_id_movie_info", "Relation Name": "movie_info", "Alias": "mi", "Startup Cost": 0.0, "Total Cost": 1.41, "Plan Rows": 1, "Plan Width": 50, "Index Cond": "(movie_id = t.id)", "Filter": "((note IS NULL) AND ((info)::text = ANY ('{Horror,Thriller}'::text[])))"}]}]}, {"Node Type": "Index Scan", "Parent Relationship": "Inner", "Scan Direction": "Forward", "Index Name": "movie_id_cast_info", "Relation Name": "cast_info", "Alias": "ci", "Startup Cost": 0.0, "Total Cost": 2.34, "Plan Rows": 1, "Plan Width": 8, "Index Cond": "(movie_id = t.id)", "Filter": "((note)::text = ANY ('{(writer),\"(head writer)\",\"(written by)\",(story),\"(story editor)\"}'::text[]))"}]}, {"Node Type": "Index Scan", "Parent Relationship": "Inner", "Scan Direction": "Forward", "Index Name": "name_pkey", "Relation Name": "name", "Alias": "n", "Startup Cost": 0.0, "Total Cost": 0.49, "Plan Rows": 1, "Plan Width": 4, "Index Cond": "(id = ci.person_id)", "Filter": "((gender IS NOT NULL) AND ((gender)::text = 'f'::text))"}]}]}, "Unique SQL Id": 661781350, "Planner Runtime": 16}, "explain_analyze_plan": {"Plan": {"Node Type": "Aggregate", "Strategy": "Plain", "Startup Cost": 100899.17, "Total Cost": 100899.18, "Plan Rows": 1, "Plan Width": 160, "Actual Startup Time": 576.408, "Actual Total Time": 576.408, "Actual Rows": 1, "Actual Loops": 1, "Plans": [{"Node Type": "Nested Loop", "Parent Relationship": "Outer", "Join Type": "Inner", "Startup Cost": 0.0, "Total Cost": 100897.52, "Plan Rows": 219, "Plan Width": 64, "Actual Startup Time": 298.008, "Actual Total Time": 576.345, "Actual Rows": 11, "Actual Loops": 1, "Inner Unique": true, "Plans": [{"Node Type": "Nested Loop", "Parent Relationship": "Outer", "Join Type": "Inner", "Startup Cost": 0.0, "Total Cost": 100736.53, "Plan Rows": 321, "Plan Width": 68, "Actual Startup Time": 85.756, "Actual Total Time": 574.144, "Actual Rows": 268, "Actual Loops": 1, "Inner Unique": false, "Plans": [{"Node Type": "Nested Loop", "Parent Relationship": "Outer", "Join Type": "Inner", "Startup Cost": 0.0, "Total Cost": 100051.51, "Plan Rows": 291, "Plan Width": 76, "Actual Startup Time": 10.351, "Actual Total Time": 549.304, "Actual Rows": 358, "Actual Loops": 1, "Inner Unique": false, "Join Filter": "(mi.info_type_id = it1.id)", "Rows Removed by Join Filter": 0, "Plans": [{"Node Type": "Index Scan", "Parent Relationship": "Outer", "Scan Direction": "Forward", "Index Name": "info_type_pkey", "Relation Name": "info_type", "Alias": "it1", "Startup Cost": 0.0, "Total Cost": 14.21, "Plan Rows": 1, "Plan Width": 4, "Actual Startup Time": 0.027, "Actual Total Time": 0.075, "Actual Rows": 1, "Actual Loops": 1, "Filter": "((info)::text = 'genres'::text)", "Rows Removed by Filter": 111}, {"Node Type": "Nested Loop", "Parent Relationship": "Inner", "Join Type": "Inner", "Startup Cost": 0.0, "Total Cost": 99865.39, "Plan Rows": 13753, "Plan Width": 80, "Actual Startup Time": 10.315, "Actual Total Time": 548.982, "Actual Rows": 358, "Actual Loops": 1, "Inner Unique": false, "Plans": [{"Node Type": "Nested Loop", "Parent Relationship": "Outer", "Join Type": "Inner", "Startup Cost": 0.0, "Total Cost": 78493.26, "Plan Rows": 15041, "Plan Width": 30, "Actual Startup Time": 1.953, "Actual Total Time": 407.856, "Actual Rows": 6152, "Actual Loops": 1, "Inner Unique": true, "Plans": [{"Node Type": "Nested Loop", "Parent Relationship": "Outer", "Join Type": "Inner", "Startup Cost": 0.0, "Total Cost": 35880.0, "Plan Rows": 12936, "Plan Width": 9, "Actual Startup Time": 0.094, "Actual Total Time": 326.399, "Actual Rows": 15849, "Actual Loops": 1, "Inner Unique": false, "Plans": [{"Node Type": "Index Scan", "Parent Relationship": "Outer", "Scan Direction": "Forward", "Index Name": "info_type_pkey", "Relation Name": "info_type", "Alias": "it2", "Startup Cost": 0.0, "Total Cost": 14.21, "Plan Rows": 1, "Plan Width": 4, "Actual Startup Time": 0.053, "Actual Total Time": 0.061, "Actual Rows": 1, "Actual Loops": 1, "Filter": "((info)::text = 'rating'::text)", "Rows Removed by Filter": 111}, {"Node Type": "Index Scan", "Parent Relationship": "Inner", "Scan Direction": "Forward", "Index Name": "info_type_id_movie_info_idx", "Relation Name": "movie_info_idx", "Alias": "mi_idx", "Startup Cost": 0.0, "Total Cost": 35736.43, "Plan Rows": 12936, "Plan Width": 13, "Actual Startup Time": 0.039, "Actual Total Time": 322.683, "Actual Rows": 15849, "Actual Loops": 1, "Index Cond": "(info_type_id = it2.id)", "Rows Removed by Index Recheck": 0, "Filter": "((info)::text > '8.0'::text)", "Rows Removed by Filter": 444076}]}, {"Node Type": "Index Scan", "Parent Relationship": "Inner", "Scan Direction": "Forward", "Index Name": "title_pkey", "Relation Name": "title", "Alias": "t", "Startup Cost": 0.0, "Total Cost": 3.28, "Plan Rows": 1, "Plan Width": 21, "Actual Startup Time": 70.824, "Actual Total Time": 70.824, "Actual Rows": 6152, "Actual Loops": 15849, "Index Cond": "(id = mi_idx.movie_id)", "Rows Removed by Index Recheck": 0, "Filter": "((production_year >= 2008) AND (production_year <= 2014))", "Rows Removed by Filter": 9697}]}, {"Node Type": "Index Scan", "Parent Relationship": "Inner", "Scan Direction": "Forward", "Index Name": "movie_id_movie_info", "Relation Name": "movie_info", "Alias": "mi", "Startup Cost": 0.0, "Total Cost": 1.41, "Plan Rows": 1, "Plan Width": 50, "Actual Startup Time": 137.298, "Actual Total Time": 137.605, "Actual Rows": 358, "Actual Loops": 6152, "Index Cond": "(movie_id = t.id)", "Rows Removed by Index Recheck": 0, "Filter": "((note IS NULL) AND ((info)::text = ANY ('{Horror,Thriller}'::text[])))", "Rows Removed by Filter": 109599}]}]}, {"Node Type": "Index Scan", "Parent Relationship": "Inner", "Scan Direction": "Forward", "Index Name": "movie_id_cast_info", "Relation Name": "cast_info", "Alias": "ci", "Startup Cost": 0.0, "Total Cost": 2.34, "Plan Rows": 1, "Plan Width": 8, "Actual Startup Time": 19.232, "Actual Total Time": 24.394, "Actual Rows": 268, "Actual Loops": 358, "Index Cond": "(movie_id = t.id)", "Rows Removed by Index Recheck": 0, "Filter": "((note)::text = ANY ('{(writer),\"(head writer)\",\"(written by)\",(story),\"(story editor)\"}'::text[]))", "Rows Removed by Filter": 12296}]}, {"Node Type": "Index Scan", "Parent Relationship": "Inner", "Scan Direction": "Forward", "Index Name": "name_pkey", "Relation Name": "name", "Alias": "n", "Startup Cost": 0.0, "Total Cost": 0.49, "Plan Rows": 1, "Plan Width": 4, "Actual Startup Time": 1.923, "Actual Total Time": 1.923, "Actual Rows": 11, "Actual Loops": 268, "Index Cond": "(id = ci.person_id)", "Rows Removed by Index Recheck": 0, "Filter": "((gender IS NOT NULL) AND ((gender)::text = 'f'::text))", "Rows Removed by Filter": 257}]}]}, "Triggers": [], "Planner Runtime": 15.928, "Total Runtime": 576.736, "Unique SQL Id": 661781350}}, "(1, '10')": {"explain_plan": {"Plan": {"Node Type": "Aggregate", "Strategy": "Plain", "Startup Cost": 1386112.53, "Total Cost": 1386112.54, "Plan Rows": 1, "Plan Width": 160, "Plans": [{"Node Type": "Hash Join", "Parent Relationship": "Outer", "Join Type": "Inner", "Startup Cost": 552978.49, "Total Cost": 1386110.79, "Plan Rows": 233, "Plan Width": 64, "Inner Unique": false, "Hash Cond": "(t.id = mi_idx.movie_id)", "Plans": [{"Node Type": "Hash Join", "Parent Relationship": "Outer", "Join Type": "Inner", "Startup Cost": 528830.91, "Total Cost": 1361943.76, "Plan Rows": 907, "Plan Width": 71, "Inner Unique": true, "Hash Cond": "(ci.person_id = n.id)", "Plans": [{"Node Type": "Hash Join", "Parent Relationship": "Outer", "Join Type": "Inner", "Startup Cost": 417536.23, "Total Cost": 1250635.33, "Plan Rows": 1249, "Plan Width": 75, "Inner Unique": false, "Hash Cond": "(ci.movie_id = t.id)", "Plans": [{"Node Type": "Seq Scan", "Parent Relationship": "Outer", "Relation Name": "cast_info", "Alias": "ci", "Startup Cost": 0.0, "Total Cost": 828499.78, "Plan Rows": 1223154, "Plan Width": 8, "Filter": "((note)::text = ANY ('{(writer),\"(head writer)\",\"(written by)\",(story),\"(story editor)\"}'::text[]))"}, {"Node Type": "Hash", "Parent Relationship": "Inner", "Startup Cost": 417522.12, "Total Cost": 417522.12, "Plan Rows": 1129, "Plan Width": 67, "Plans": [{"Node Type": "Hash Join", "Parent Relationship": "Outer", "Join Type": "Inner", "Startup Cost": 82492.58, "Total Cost": 417522.12, "Plan Rows": 1129, "Plan Width": 67, "Inner Unique": true, "Hash Cond": "(mi.movie_id = t.id)", "Plans": [{"Node Type": "Nested Loop", "Parent Relationship": "Outer", "Join Type": "Inner", "Startup Cost": 0.0, "Total Cost": 335014.61, "Plan Rows": 971, "Plan Width": 46, "Inner Unique": false, "Join Filter": "(it1.id = mi.info_type_id)", "Plans": [{"Node Type": "Seq Scan", "Parent Relationship": "Outer", "Relation Name": "info_type", "Alias": "it1", "Startup Cost": 0.0, "Total Cost": 2.4, "Plan Rows": 1, "Plan Width": 4, "Filter": "((info)::text = 'genres'::text)"}, {"Node Type": "Seq Scan", "Parent Relationship": "Inner", "Relation Name": "movie_info", "Alias": "mi", "Startup Cost": 0.0, "Total Cost": 334162.58, "Plan Rows": 67971, "Plan Width": 50, "Filter": "((note IS NULL) AND ((info)::text = ANY ('{Horror,Thriller}'::text[])))"}]}, {"Node Type": "Hash", "Parent Relationship": "Inner", "Startup Cost": 72710.67, "Total Cost": 72710.67, "Plan Rows": 782553, "Plan Width": 21, "Plans": [{"Node Type": "Seq Scan", "Parent Relationship": "Outer", "Relation Name": "title", "Alias": "t", "Startup Cost": 331.36, "Total Cost": 72710.67, "Plan Rows": 782553, "Plan Width": 21, "Filter": "((production_year >= 2008) AND (production_year <= 2014)), (LLVM Optimized)"}]}]}]}]}, {"Node Type": "Hash", "Parent Relationship": "Inner", "Startup Cost": 103490.62, "Total Cost": 103490.62, "Plan Rows": 624324, "Plan Width": 4, "Plans": [{"Node Type": "Seq Scan", "Parent Relationship": "Outer", "Relation Name": "name", "Alias": "n", "Startup Cost": 0.0, "Total Cost": 103490.62, "Plan Rows": 624324, "Plan Width": 4, "Filter": "((gender IS NOT NULL) AND ((gender)::text = 'f'::text)), (LLVM Optimized)"}]}]}, {"Node Type": "Hash", "Parent Relationship": "Inner", "Startup Cost": 23985.89, "Total Cost": 23985.89, "Plan Rows": 12936, "Plan Width": 9, "Plans": [{"Node Type": "Hash Join", "Parent Relationship": "Outer", "Join Type": "Inner", "Startup Cost": 2.41, "Total Cost": 23985.89, "Plan Rows": 12936, "Plan Width": 9, "Inner Unique": true, "Hash Cond": "(mi_idx.info_type_id = it2.id)", "Plans": [{"Node Type": "Seq Scan", "Parent Relationship": "Outer", "Relation Name": "movie_info_idx", "Alias": "mi_idx", "Startup Cost": 0.0, "Total Cost": 23724.42, "Plan Rows": 51746, "Plan Width": 13, "Filter": "((info)::text > '8.0'::text)"}, {"Node Type": "Hash", "Parent Relationship": "Inner", "Startup Cost": 2.4, "Total Cost": 2.4, "Plan Rows": 1, "Plan Width": 4, "Plans": [{"Node Type": "Seq Scan", "Parent Relationship": "Outer", "Relation Name": "info_type", "Alias": "it2", "Startup Cost": 0.0, "Total Cost": 2.4, "Plan Rows": 1, "Plan Width": 4, "Filter": "((info)::text = 'rating'::text)"}]}]}]}]}]}, "Unique SQL Id": 661781350, "Planner Runtime": 43}, "explain_analyze_plan": null}, "(1, '11')": {"explain_plan": {"Plan": {"Node Type": "Aggregate", "Strategy": "Plain", "Startup Cost": 6971979256072.54, "Total Cost": 6971979256072.55, "Plan Rows": 1, "Plan Width": 160, "Plans": [{"Node Type": "Merge Join", "Parent Relationship": "Outer", "Join Type": "Inner", "Startup Cost": 70000000000.0, "Total Cost": 6971979256070.9, "Plan Rows": 219, "Plan Width": 64, "Inner Unique": true, "Merge Cond": "(ci.person_id = n.id)", "Plans": [{"Node Type": "Nested Loop", "Parent Relationship": "Outer", "Join Type": "Inner", "Startup Cost": 60000000000.0, "Total Cost": 5997470469312.04, "Plan Rows": 321, "Plan Width": 68, "Inner Unique": true, "Join Filter": "(mi.info_type_id = it1.id)", "Plans": [{"Node Type": "Nested Loop", "Parent Relationship": "Outer", "Join Type": "Inner", "Startup Cost": 50000000000.0, "Total Cost": 4997470467662.81, "Plan Rows": 15215, "Plan Width": 72, "Inner Unique": false, "Join Filter": "(t.id = ci.movie_id)", "Plans": [{"Node Type": "Index Scan", "Parent Relationship": "Outer", "Scan Direction": "Forward", "Index Name": "person_id_cast_info", "Relation Name": "cast_info", "Alias": "ci", "Startup Cost": 10000000000.0, "Total Cost": 1000193311016.96, "Plan Rows": 1223154, "Plan Width": 8, "Filter": "((note)::text = ANY ('{(writer),\"(head writer)\",\"(written by)\",(story),\"(story editor)\"}'::text[]))"}, {"Node Type": "Materialize", "Parent Relationship": "Inner", "Startup Cost": 40000000000.0, "Total Cost": 3997024826125.8, "Plan Rows": 13753, "Plan Width": 80, "Plans": [{"Node Type": "Merge Join", "Parent Relationship": "Outer", "Join Type": "Inner", "Startup Cost": 40000000000.0, "Total Cost": 3997024826057.04, "Plan Rows": 13753, "Plan Width": 80, "Inner Unique": false, "Merge Cond": "(t.id = mi.movie_id)", "Plans": [{"Node Type": "Merge Join", "Parent Relationship": "Outer", "Join Type": "Inner", "Startup Cost": 30000000000.0, "Total Cost": 2999088687984.57, "Plan Rows": 15041, "Plan Width": 30, "Inner Unique": true, "Merge Cond": "(mi_idx.movie_id = t.id)", "Plans": [{"Node Type": "Nested Loop", "Parent Relationship": "Outer", "Join Type": "Inner", "Startup Cost": 20000000000.0, "Total Cost": 2000004997241.06, "Plan Rows": 12936, "Plan Width": 9, "Inner Unique": true, "Join Filter": "(it2.id = mi_idx.info_type_id)", "Plans": [{"Node Type": "Index Scan", "Parent Relationship": "Outer", "Scan Direction": "Forward", "Index Name": "movie_id_movie_info_idx", "Relation Name": "movie_info_idx", "Alias": "mi_idx", "Startup Cost": 10000000000.0, "Total Cost": 1000004995043.87, "Plan Rows": 51746, "Plan Width": 13, "Filter": "((info)::text > '8.0'::text)"}, {"Node Type": "Materialize", "Parent Relationship": "Inner", "Startup Cost": 10000000000.0, "Total Cost": 1000000001421.0, "Plan Rows": 1, "Plan Width": 4, "Plans": [{"Node Type": "Index Scan", "Parent Relationship": "Outer", "Scan Direction": "Forward", "Index Name": "info_type_pkey", "Relation Name": "info_type", "Alias": "it2", "Startup Cost": 10000000000.0, "Total Cost": 1000000001421.0, "Plan Rows": 1, "Plan Width": 4, "Filter": "((info)::text = 'rating'::text)"}]}]}, {"Node Type": "Index Scan", "Parent Relationship": "Inner", "Scan Direction": "Forward", "Index Name": "title_pkey", "Relation Name": "title", "Alias": "t", "Startup Cost": 10000000000.0, "Total Cost": 1000012276204.41, "Plan Rows": 782553, "Plan Width": 21, "Filter": "((production_year >= 2008) AND (production_year <= 2014)), (LLVM Optimized)"}]}, {"Node Type": "Index Scan", "Parent Relationship": "Inner", "Scan Direction": "Forward", "Index Name": "movie_id_movie_info", "Relation Name": "movie_info", "Alias": "mi", "Startup Cost": 10000000000.0, "Total Cost": 1000107534403.72, "Plan Rows": 67971, "Plan Width": 50, "Filter": "((note IS NULL) AND ((info)::text = ANY ('{Horror,Thriller}'::text[])))"}]}]}]}, {"Node Type": "Materialize", "Parent Relationship": "Inner", "Startup Cost": 10000000000.0, "Total Cost": 1000000001421.0, "Plan Rows": 1, "Plan Width": 4, "Plans": [{"Node Type": "Index Scan", "Parent Relationship": "Outer", "Scan Direction": "Forward", "Index Name": "info_type_pkey", "Relation Name": "info_type", "Alias": "it1", "Startup Cost": 10000000000.0, "Total Cost": 1000000001421.0, "Plan Rows": 1, "Plan Width": 4, "Filter": "((info)::text = 'genres'::text)"}]}]}, {"Node Type": "Index Scan", "Parent Relationship": "Inner", "Scan Direction": "Forward", "Index Name": "name_pkey", "Relation Name": "name", "Alias": "n", "Startup Cost": 10000000000.0, "Total Cost": 1000018665147.2, "Plan Rows": 624324, "Plan Width": 4, "Filter": "((gender IS NOT NULL) AND ((gender)::text = 'f'::text)), (LLVM Optimized)"}]}]}, "Unique SQL Id": 661781350, "Planner Runtime": 49}, "explain_analyze_plan": null}, "(1, '12')": {"explain_plan": {"Plan": {"Node Type": "Aggregate", "Strategy": "Plain", "Startup Cost": 89381.01, "Total Cost": 89381.02, "Plan Rows": 1, "Plan Width": 160, "Plans": [{"Node Type": "Nested Loop", "Parent Relationship": "Outer", "Join Type": "Inner", "Startup Cost": 0.0, "Total Cost": 89379.36, "Plan Rows": 219, "Plan Width": 64, "Inner Unique": true, "Plans": [{"Node Type": "Nested Loop", "Parent Relationship": "Outer", "Join Type": "Inner", "Startup Cost": 0.0, "Total Cost": 89218.37, "Plan Rows": 321, "Plan Width": 68, "Inner Unique": false, "Plans": [{"Node Type": "Nested Loop", "Parent Relationship": "Outer", "Join Type": "Inner", "Startup Cost": 0.0, "Total Cost": 88533.35, "Plan Rows": 291, "Plan Width": 76, "Inner Unique": false, "Join Filter": "(mi.info_type_id = it1.id)", "Plans": [{"Node Type": "Seq Scan", "Parent Relationship": "Outer", "Relation Name": "info_type", "Alias": "it1", "Startup Cost": 0.0, "Total Cost": 2.4, "Plan Rows": 1, "Plan Width": 4, "Filter": "((info)::text = 'genres'::text)"}, {"Node Type": "Nested Loop", "Parent Relationship": "Inner", "Join Type": "Inner", "Startup Cost": 0.0, "Total Cost": 88359.04, "Plan Rows": 13753, "Plan Width": 80, "Inner Unique": false, "Plans": [{"Node Type": "Nested Loop", "Parent Relationship": "Outer", "Join Type": "Inner", "Startup Cost": 0.0, "Total Cost": 66986.91, "Plan Rows": 15041, "Plan Width": 30, "Inner Unique": true, "Plans": [{"Node Type": "Nested Loop", "Parent Relationship": "Outer", "Join Type": "Inner", "Startup Cost": 0.0, "Total Cost": 24373.65, "Plan Rows": 12936, "Plan Width": 9, "Inner Unique": false, "Join Filter": "(it2.id = mi_idx.info_type_id)", "Plans": [{"Node Type": "Seq Scan", "Parent Relationship": "Outer", "Relation Name": "info_type", "Alias": "it2", "Startup Cost": 0.0, "Total Cost": 2.4, "Plan Rows": 1, "Plan Width": 4, "Filter": "((info)::text = 'rating'::text)"}, {"Node Type": "Seq Scan", "Parent Relationship": "Inner", "Relation Name": "movie_info_idx", "Alias": "mi_idx", "Startup Cost": 0.0, "Total Cost": 23724.42, "Plan Rows": 51746, "Plan Width": 13, "Filter": "((info)::text > '8.0'::text)"}]}, {"Node Type": "Index Scan", "Parent Relationship": "Inner", "Scan Direction": "Forward", "Index Name": "title_pkey", "Relation Name": "title", "Alias": "t", "Startup Cost": 0.0, "Total Cost": 3.28, "Plan Rows": 1, "Plan Width": 21, "Index Cond": "(id = mi_idx.movie_id)", "Filter": "((production_year >= 2008) AND (production_year <= 2014))"}]}, {"Node Type": "Index Scan", "Parent Relationship": "Inner", "Scan Direction": "Forward", "Index Name": "movie_id_movie_info", "Relation Name": "movie_info", "Alias": "mi", "Startup Cost": 0.0, "Total Cost": 1.41, "Plan Rows": 1, "Plan Width": 50, "Index Cond": "(movie_id = t.id)", "Filter": "((note IS NULL) AND ((info)::text = ANY ('{Horror,Thriller}'::text[])))"}]}]}, {"Node Type": "Index Scan", "Parent Relationship": "Inner", "Scan Direction": "Forward", "Index Name": "movie_id_cast_info", "Relation Name": "cast_info", "Alias": "ci", "Startup Cost": 0.0, "Total Cost": 2.34, "Plan Rows": 1, "Plan Width": 8, "Index Cond": "(movie_id = t.id)", "Filter": "((note)::text = ANY ('{(writer),\"(head writer)\",\"(written by)\",(story),\"(story editor)\"}'::text[]))"}]}, {"Node Type": "Index Scan", "Parent Relationship": "Inner", "Scan Direction": "Forward", "Index Name": "name_pkey", "Relation Name": "name", "Alias": "n", "Startup Cost": 0.0, "Total Cost": 0.49, "Plan Rows": 1, "Plan Width": 4, "Index Cond": "(id = ci.person_id)", "Filter": "((gender IS NOT NULL) AND ((gender)::text = 'f'::text))"}]}]}, "Unique SQL Id": 661781350, "Planner Runtime": 22}, "explain_analyze_plan": {"Plan": {"Node Type": "Aggregate", "Strategy": "Plain", "Startup Cost": 89381.01, "Total Cost": 89381.02, "Plan Rows": 1, "Plan Width": 160, "Actual Startup Time": 819.532, "Actual Total Time": 819.533, "Actual Rows": 1, "Actual Loops": 1, "Plans": [{"Node Type": "Nested Loop", "Parent Relationship": "Outer", "Join Type": "Inner", "Startup Cost": 0.0, "Total Cost": 89379.36, "Plan Rows": 219, "Plan Width": 64, "Actual Startup Time": 400.767, "Actual Total Time": 819.459, "Actual Rows": 11, "Actual Loops": 1, "Inner Unique": true, "Plans": [{"Node Type": "Nested Loop", "Parent Relationship": "Outer", "Join Type": "Inner", "Startup Cost": 0.0, "Total Cost": 89218.37, "Plan Rows": 321, "Plan Width": 68, "Actual Startup Time": 115.249, "Actual Total Time": 817.308, "Actual Rows": 268, "Actual Loops": 1, "Inner Unique": false, "Plans": [{"Node Type": "Nested Loop", "Parent Relationship": "Outer", "Join Type": "Inner", "Startup Cost": 0.0, "Total Cost": 88533.35, "Plan Rows": 291, "Plan Width": 76, "Actual Startup Time": 14.979, "Actual Total Time": 792.122, "Actual Rows": 358, "Actual Loops": 1, "Inner Unique": false, "Join Filter": "(mi.info_type_id = it1.id)", "Rows Removed by Join Filter": 0, "Plans": [{"Node Type": "Seq Scan", "Parent Relationship": "Outer", "Relation Name": "info_type", "Alias": "it1", "Startup Cost": 0.0, "Total Cost": 2.4, "Plan Rows": 1, "Plan Width": 4, "Actual Startup Time": 0.036, "Actual Total Time": 0.078, "Actual Rows": 1, "Actual Loops": 1, "Filter": "((info)::text = 'genres'::text)", "Rows Removed by Filter": 111}, {"Node Type": "Nested Loop", "Parent Relationship": "Inner", "Join Type": "Inner", "Startup Cost": 0.0, "Total Cost": 88359.04, "Plan Rows": 13753, "Plan Width": 80, "Actual Startup Time": 14.935, "Actual Total Time": 791.811, "Actual Rows": 358, "Actual Loops": 1, "Inner Unique": false, "Plans": [{"Node Type": "Nested Loop", "Parent Relationship": "Outer", "Join Type": "Inner", "Startup Cost": 0.0, "Total Cost": 66986.91, "Plan Rows": 15041, "Plan Width": 30, "Actual Startup Time": 2.748, "Actual Total Time": 648.015, "Actual Rows": 6152, "Actual Loops": 1, "Inner Unique": true, "Plans": [{"Node Type": "Nested Loop", "Parent Relationship": "Outer", "Join Type": "Inner", "Startup Cost": 0.0, "Total Cost": 24373.65, "Plan Rows": 12936, "Plan Width": 9, "Actual Startup Time": 0.138, "Actual Total Time": 565.084, "Actual Rows": 15849, "Actual Loops": 1, "Inner Unique": false, "Join Filter": "(it2.id = mi_idx.info_type_id)", "Rows Removed by Join Filter": 37800, "Plans": [{"Node Type": "Seq Scan", "Parent Relationship": "Outer", "Relation Name": "info_type", "Alias": "it2", "Startup Cost": 0.0, "Total Cost": 2.4, "Plan Rows": 1, "Plan Width": 4, "Actual Startup Time": 0.043, "Actual Total Time": 0.058, "Actual Rows": 1, "Actual Loops": 1, "Filter": "((info)::text = 'rating'::text)", "Rows Removed by Filter": 111}, {"Node Type": "Seq Scan", "Parent Relationship": "Inner", "Relation Name": "movie_info_idx", "Alias": "mi_idx", "Startup Cost": 0.0, "Total Cost": 23724.42, "Plan Rows": 51746, "Plan Width": 13, "Actual Startup Time": 0.091, "Actual Total Time": 550.192, "Actual Rows": 53649, "Actual Loops": 1, "Filter": "((info)::text > '8.0'::text)", "Rows Removed by Filter": 1326385}]}, {"Node Type": "Index Scan", "Parent Relationship": "Inner", "Scan Direction": "Forward", "Index Name": "title_pkey", "Relation Name": "title", "Alias": "t", "Startup Cost": 0.0, "Total Cost": 3.28, "Plan Rows": 1, "Plan Width": 21, "Actual Startup Time": 72.547, "Actual Total Time": 72.547, "Actual Rows": 6152, "Actual Loops": 15849, "Index Cond": "(id = mi_idx.movie_id)", "Rows Removed by Index Recheck": 0, "Filter": "((production_year >= 2008) AND (production_year <= 2014))", "Rows Removed by Filter": 9697}]}, {"Node Type": "Index Scan", "Parent Relationship": "Inner", "Scan Direction": "Forward", "Index Name": "movie_id_movie_info", "Relation Name": "movie_info", "Alias": "mi", "Startup Cost": 0.0, "Total Cost": 1.41, "Plan Rows": 1, "Plan Width": 50, "Actual Startup Time": 140.157, "Actual Total Time": 140.436, "Actual Rows": 358, "Actual Loops": 6152, "Index Cond": "(movie_id = t.id)", "Rows Removed by Index Recheck": 0, "Filter": "((note IS NULL) AND ((info)::text = ANY ('{Horror,Thriller}'::text[])))", "Rows Removed by Filter": 109599}]}]}, {"Node Type": "Index Scan", "Parent Relationship": "Inner", "Scan Direction": "Forward", "Index Name": "movie_id_cast_info", "Relation Name": "cast_info", "Alias": "ci", "Startup Cost": 0.0, "Total Cost": 2.34, "Plan Rows": 1, "Plan Width": 8, "Actual Startup Time": 19.56, "Actual Total Time": 24.789, "Actual Rows": 268, "Actual Loops": 358, "Index Cond": "(movie_id = t.id)", "Rows Removed by Index Recheck": 0, "Filter": "((note)::text = ANY ('{(writer),\"(head writer)\",\"(written by)\",(story),\"(story editor)\"}'::text[]))", "Rows Removed by Filter": 12296}]}, {"Node Type": "Index Scan", "Parent Relationship": "Inner", "Scan Direction": "Forward", "Index Name": "name_pkey", "Relation Name": "name", "Alias": "n", "Startup Cost": 0.0, "Total Cost": 0.49, "Plan Rows": 1, "Plan Width": 4, "Actual Startup Time": 1.936, "Actual Total Time": 1.936, "Actual Rows": 11, "Actual Loops": 268, "Index Cond": "(id = ci.person_id)", "Rows Removed by Index Recheck": 0, "Filter": "((gender IS NOT NULL) AND ((gender)::text = 'f'::text))", "Rows Removed by Filter": 257}]}]}, "Triggers": [], "Planner Runtime": 21.815, "Total Runtime": 819.864, "Unique SQL Id": 661781350}}, "(1, '13')": {"explain_plan": {"Plan": {"Node Type": "Aggregate", "Strategy": "Plain", "Startup Cost": 100899.17, "Total Cost": 100899.18, "Plan Rows": 1, "Plan Width": 160, "Plans": [{"Node Type": "Nested Loop", "Parent Relationship": "Outer", "Join Type": "Inner", "Startup Cost": 0.0, "Total Cost": 100897.52, "Plan Rows": 219, "Plan Width": 64, "Inner Unique": true, "Plans": [{"Node Type": "Nested Loop", "Parent Relationship": "Outer", "Join Type": "Inner", "Startup Cost": 0.0, "Total Cost": 100736.53, "Plan Rows": 321, "Plan Width": 68, "Inner Unique": false, "Plans": [{"Node Type": "Nested Loop", "Parent Relationship": "Outer", "Join Type": "Inner", "Startup Cost": 0.0, "Total Cost": 100051.51, "Plan Rows": 291, "Plan Width": 76, "Inner Unique": false, "Join Filter": "(mi.info_type_id = it1.id)", "Plans": [{"Node Type": "Index Scan", "Parent Relationship": "Outer", "Scan Direction": "Forward", "Index Name": "info_type_pkey", "Relation Name": "info_type", "Alias": "it1", "Startup Cost": 0.0, "Total Cost": 14.21, "Plan Rows": 1, "Plan Width": 4, "Filter": "((info)::text = 'genres'::text)"}, {"Node Type": "Nested Loop", "Parent Relationship": "Inner", "Join Type": "Inner", "Startup Cost": 0.0, "Total Cost": 99865.39, "Plan Rows": 13753, "Plan Width": 80, "Inner Unique": false, "Plans": [{"Node Type": "Nested Loop", "Parent Relationship": "Outer", "Join Type": "Inner", "Startup Cost": 0.0, "Total Cost": 78493.26, "Plan Rows": 15041, "Plan Width": 30, "Inner Unique": true, "Plans": [{"Node Type": "Nested Loop", "Parent Relationship": "Outer", "Join Type": "Inner", "Startup Cost": 0.0, "Total Cost": 35880.0, "Plan Rows": 12936, "Plan Width": 9, "Inner Unique": false, "Plans": [{"Node Type": "Index Scan", "Parent Relationship": "Outer", "Scan Direction": "Forward", "Index Name": "info_type_pkey", "Relation Name": "info_type", "Alias": "it2", "Startup Cost": 0.0, "Total Cost": 14.21, "Plan Rows": 1, "Plan Width": 4, "Filter": "((info)::text = 'rating'::text)"}, {"Node Type": "Index Scan", "Parent Relationship": "Inner", "Scan Direction": "Forward", "Index Name": "info_type_id_movie_info_idx", "Relation Name": "movie_info_idx", "Alias": "mi_idx", "Startup Cost": 0.0, "Total Cost": 35736.43, "Plan Rows": 12936, "Plan Width": 13, "Index Cond": "(info_type_id = it2.id)", "Filter": "((info)::text > '8.0'::text)"}]}, {"Node Type": "Index Scan", "Parent Relationship": "Inner", "Scan Direction": "Forward", "Index Name": "title_pkey", "Relation Name": "title", "Alias": "t", "Startup Cost": 0.0, "Total Cost": 3.28, "Plan Rows": 1, "Plan Width": 21, "Index Cond": "(id = mi_idx.movie_id)", "Filter": "((production_year >= 2008) AND (production_year <= 2014))"}]}, {"Node Type": "Index Scan", "Parent Relationship": "Inner", "Scan Direction": "Forward", "Index Name": "movie_id_movie_info", "Relation Name": "movie_info", "Alias": "mi", "Startup Cost": 0.0, "Total Cost": 1.41, "Plan Rows": 1, "Plan Width": 50, "Index Cond": "(movie_id = t.id)", "Filter": "((note IS NULL) AND ((info)::text = ANY ('{Horror,Thriller}'::text[])))"}]}]}, {"Node Type": "Index Scan", "Parent Relationship": "Inner", "Scan Direction": "Forward", "Index Name": "movie_id_cast_info", "Relation Name": "cast_info", "Alias": "ci", "Startup Cost": 0.0, "Total Cost": 2.34, "Plan Rows": 1, "Plan Width": 8, "Index Cond": "(movie_id = t.id)", "Filter": "((note)::text = ANY ('{(writer),\"(head writer)\",\"(written by)\",(story),\"(story editor)\"}'::text[]))"}]}, {"Node Type": "Index Scan", "Parent Relationship": "Inner", "Scan Direction": "Forward", "Index Name": "name_pkey", "Relation Name": "name", "Alias": "n", "Startup Cost": 0.0, "Total Cost": 0.49, "Plan Rows": 1, "Plan Width": 4, "Index Cond": "(id = ci.person_id)", "Filter": "((gender IS NOT NULL) AND ((gender)::text = 'f'::text))"}]}]}, "Unique SQL Id": 661781350, "Planner Runtime": 15}, "explain_analyze_plan": {"Plan": {"Node Type": "Aggregate", "Strategy": "Plain", "Startup Cost": 100899.17, "Total Cost": 100899.18, "Plan Rows": 1, "Plan Width": 160, "Actual Startup Time": 576.408, "Actual Total Time": 576.408, "Actual Rows": 1, "Actual Loops": 1, "Plans": [{"Node Type": "Nested Loop", "Parent Relationship": "Outer", "Join Type": "Inner", "Startup Cost": 0.0, "Total Cost": 100897.52, "Plan Rows": 219, "Plan Width": 64, "Actual Startup Time": 298.008, "Actual Total Time": 576.345, "Actual Rows": 11, "Actual Loops": 1, "Inner Unique": true, "Plans": [{"Node Type": "Nested Loop", "Parent Relationship": "Outer", "Join Type": "Inner", "Startup Cost": 0.0, "Total Cost": 100736.53, "Plan Rows": 321, "Plan Width": 68, "Actual Startup Time": 85.756, "Actual Total Time": 574.144, "Actual Rows": 268, "Actual Loops": 1, "Inner Unique": false, "Plans": [{"Node Type": "Nested Loop", "Parent Relationship": "Outer", "Join Type": "Inner", "Startup Cost": 0.0, "Total Cost": 100051.51, "Plan Rows": 291, "Plan Width": 76, "Actual Startup Time": 10.351, "Actual Total Time": 549.304, "Actual Rows": 358, "Actual Loops": 1, "Inner Unique": false, "Join Filter": "(mi.info_type_id = it1.id)", "Rows Removed by Join Filter": 0, "Plans": [{"Node Type": "Index Scan", "Parent Relationship": "Outer", "Scan Direction": "Forward", "Index Name": "info_type_pkey", "Relation Name": "info_type", "Alias": "it1", "Startup Cost": 0.0, "Total Cost": 14.21, "Plan Rows": 1, "Plan Width": 4, "Actual Startup Time": 0.027, "Actual Total Time": 0.075, "Actual Rows": 1, "Actual Loops": 1, "Filter": "((info)::text = 'genres'::text)", "Rows Removed by Filter": 111}, {"Node Type": "Nested Loop", "Parent Relationship": "Inner", "Join Type": "Inner", "Startup Cost": 0.0, "Total Cost": 99865.39, "Plan Rows": 13753, "Plan Width": 80, "Actual Startup Time": 10.315, "Actual Total Time": 548.982, "Actual Rows": 358, "Actual Loops": 1, "Inner Unique": false, "Plans": [{"Node Type": "Nested Loop", "Parent Relationship": "Outer", "Join Type": "Inner", "Startup Cost": 0.0, "Total Cost": 78493.26, "Plan Rows": 15041, "Plan Width": 30, "Actual Startup Time": 1.953, "Actual Total Time": 407.856, "Actual Rows": 6152, "Actual Loops": 1, "Inner Unique": true, "Plans": [{"Node Type": "Nested Loop", "Parent Relationship": "Outer", "Join Type": "Inner", "Startup Cost": 0.0, "Total Cost": 35880.0, "Plan Rows": 12936, "Plan Width": 9, "Actual Startup Time": 0.094, "Actual Total Time": 326.399, "Actual Rows": 15849, "Actual Loops": 1, "Inner Unique": false, "Plans": [{"Node Type": "Index Scan", "Parent Relationship": "Outer", "Scan Direction": "Forward", "Index Name": "info_type_pkey", "Relation Name": "info_type", "Alias": "it2", "Startup Cost": 0.0, "Total Cost": 14.21, "Plan Rows": 1, "Plan Width": 4, "Actual Startup Time": 0.053, "Actual Total Time": 0.061, "Actual Rows": 1, "Actual Loops": 1, "Filter": "((info)::text = 'rating'::text)", "Rows Removed by Filter": 111}, {"Node Type": "Index Scan", "Parent Relationship": "Inner", "Scan Direction": "Forward", "Index Name": "info_type_id_movie_info_idx", "Relation Name": "movie_info_idx", "Alias": "mi_idx", "Startup Cost": 0.0, "Total Cost": 35736.43, "Plan Rows": 12936, "Plan Width": 13, "Actual Startup Time": 0.039, "Actual Total Time": 322.683, "Actual Rows": 15849, "Actual Loops": 1, "Index Cond": "(info_type_id = it2.id)", "Rows Removed by Index Recheck": 0, "Filter": "((info)::text > '8.0'::text)", "Rows Removed by Filter": 444076}]}, {"Node Type": "Index Scan", "Parent Relationship": "Inner", "Scan Direction": "Forward", "Index Name": "title_pkey", "Relation Name": "title", "Alias": "t", "Startup Cost": 0.0, "Total Cost": 3.28, "Plan Rows": 1, "Plan Width": 21, "Actual Startup Time": 70.824, "Actual Total Time": 70.824, "Actual Rows": 6152, "Actual Loops": 15849, "Index Cond": "(id = mi_idx.movie_id)", "Rows Removed by Index Recheck": 0, "Filter": "((production_year >= 2008) AND (production_year <= 2014))", "Rows Removed by Filter": 9697}]}, {"Node Type": "Index Scan", "Parent Relationship": "Inner", "Scan Direction": "Forward", "Index Name": "movie_id_movie_info", "Relation Name": "movie_info", "Alias": "mi", "Startup Cost": 0.0, "Total Cost": 1.41, "Plan Rows": 1, "Plan Width": 50, "Actual Startup Time": 137.298, "Actual Total Time": 137.605, "Actual Rows": 358, "Actual Loops": 6152, "Index Cond": "(movie_id = t.id)", "Rows Removed by Index Recheck": 0, "Filter": "((note IS NULL) AND ((info)::text = ANY ('{Horror,Thriller}'::text[])))", "Rows Removed by Filter": 109599}]}]}, {"Node Type": "Index Scan", "Parent Relationship": "Inner", "Scan Direction": "Forward", "Index Name": "movie_id_cast_info", "Relation Name": "cast_info", "Alias": "ci", "Startup Cost": 0.0, "Total Cost": 2.34, "Plan Rows": 1, "Plan Width": 8, "Actual Startup Time": 19.232, "Actual Total Time": 24.394, "Actual Rows": 268, "Actual Loops": 358, "Index Cond": "(movie_id = t.id)", "Rows Removed by Index Recheck": 0, "Filter": "((note)::text = ANY ('{(writer),\"(head writer)\",\"(written by)\",(story),\"(story editor)\"}'::text[]))", "Rows Removed by Filter": 12296}]}, {"Node Type": "Index Scan", "Parent Relationship": "Inner", "Scan Direction": "Forward", "Index Name": "name_pkey", "Relation Name": "name", "Alias": "n", "Startup Cost": 0.0, "Total Cost": 0.49, "Plan Rows": 1, "Plan Width": 4, "Actual Startup Time": 1.923, "Actual Total Time": 1.923, "Actual Rows": 11, "Actual Loops": 268, "Index Cond": "(id = ci.person_id)", "Rows Removed by Index Recheck": 0, "Filter": "((gender IS NOT NULL) AND ((gender)::text = 'f'::text))", "Rows Removed by Filter": 257}]}]}, "Triggers": [], "Planner Runtime": 15.928, "Total Runtime": 576.736, "Unique SQL Id": 661781350}}, "(1, '14')": {"explain_plan": {"Plan": {"Node Type": "Aggregate", "Strategy": "Plain", "Startup Cost": 1386112.53, "Total Cost": 1386112.54, "Plan Rows": 1, "Plan Width": 160, "Plans": [{"Node Type": "Hash Join", "Parent Relationship": "Outer", "Join Type": "Inner", "Startup Cost": 552978.49, "Total Cost": 1386110.79, "Plan Rows": 233, "Plan Width": 64, "Inner Unique": false, "Hash Cond": "(t.id = mi_idx.movie_id)", "Plans": [{"Node Type": "Hash Join", "Parent Relationship": "Outer", "Join Type": "Inner", "Startup Cost": 528830.91, "Total Cost": 1361943.76, "Plan Rows": 907, "Plan Width": 71, "Inner Unique": true, "Hash Cond": "(ci.person_id = n.id)", "Plans": [{"Node Type": "Hash Join", "Parent Relationship": "Outer", "Join Type": "Inner", "Startup Cost": 417536.23, "Total Cost": 1250635.33, "Plan Rows": 1249, "Plan Width": 75, "Inner Unique": false, "Hash Cond": "(ci.movie_id = t.id)", "Plans": [{"Node Type": "Seq Scan", "Parent Relationship": "Outer", "Relation Name": "cast_info", "Alias": "ci", "Startup Cost": 0.0, "Total Cost": 828499.78, "Plan Rows": 1223154, "Plan Width": 8, "Filter": "((note)::text = ANY ('{(writer),\"(head writer)\",\"(written by)\",(story),\"(story editor)\"}'::text[]))"}, {"Node Type": "Hash", "Parent Relationship": "Inner", "Startup Cost": 417522.12, "Total Cost": 417522.12, "Plan Rows": 1129, "Plan Width": 67, "Plans": [{"Node Type": "Hash Join", "Parent Relationship": "Outer", "Join Type": "Inner", "Startup Cost": 82492.58, "Total Cost": 417522.12, "Plan Rows": 1129, "Plan Width": 67, "Inner Unique": true, "Hash Cond": "(mi.movie_id = t.id)", "Plans": [{"Node Type": "Nested Loop", "Parent Relationship": "Outer", "Join Type": "Inner", "Startup Cost": 0.0, "Total Cost": 335014.61, "Plan Rows": 971, "Plan Width": 46, "Inner Unique": false, "Join Filter": "(it1.id = mi.info_type_id)", "Plans": [{"Node Type": "Seq Scan", "Parent Relationship": "Outer", "Relation Name": "info_type", "Alias": "it1", "Startup Cost": 0.0, "Total Cost": 2.4, "Plan Rows": 1, "Plan Width": 4, "Filter": "((info)::text = 'genres'::text)"}, {"Node Type": "Seq Scan", "Parent Relationship": "Inner", "Relation Name": "movie_info", "Alias": "mi", "Startup Cost": 0.0, "Total Cost": 334162.58, "Plan Rows": 67971, "Plan Width": 50, "Filter": "((note IS NULL) AND ((info)::text = ANY ('{Horror,Thriller}'::text[])))"}]}, {"Node Type": "Hash", "Parent Relationship": "Inner", "Startup Cost": 72710.67, "Total Cost": 72710.67, "Plan Rows": 782553, "Plan Width": 21, "Plans": [{"Node Type": "Seq Scan", "Parent Relationship": "Outer", "Relation Name": "title", "Alias": "t", "Startup Cost": 331.36, "Total Cost": 72710.67, "Plan Rows": 782553, "Plan Width": 21, "Filter": "((production_year >= 2008) AND (production_year <= 2014)), (LLVM Optimized)"}]}]}]}]}, {"Node Type": "Hash", "Parent Relationship": "Inner", "Startup Cost": 103490.62, "Total Cost": 103490.62, "Plan Rows": 624324, "Plan Width": 4, "Plans": [{"Node Type": "Seq Scan", "Parent Relationship": "Outer", "Relation Name": "name", "Alias": "n", "Startup Cost": 0.0, "Total Cost": 103490.62, "Plan Rows": 624324, "Plan Width": 4, "Filter": "((gender IS NOT NULL) AND ((gender)::text = 'f'::text)), (LLVM Optimized)"}]}]}, {"Node Type": "Hash", "Parent Relationship": "Inner", "Startup Cost": 23985.89, "Total Cost": 23985.89, "Plan Rows": 12936, "Plan Width": 9, "Plans": [{"Node Type": "Hash Join", "Parent Relationship": "Outer", "Join Type": "Inner", "Startup Cost": 2.41, "Total Cost": 23985.89, "Plan Rows": 12936, "Plan Width": 9, "Inner Unique": true, "Hash Cond": "(mi_idx.info_type_id = it2.id)", "Plans": [{"Node Type": "Seq Scan", "Parent Relationship": "Outer", "Relation Name": "movie_info_idx", "Alias": "mi_idx", "Startup Cost": 0.0, "Total Cost": 23724.42, "Plan Rows": 51746, "Plan Width": 13, "Filter": "((info)::text > '8.0'::text)"}, {"Node Type": "Hash", "Parent Relationship": "Inner", "Startup Cost": 2.4, "Total Cost": 2.4, "Plan Rows": 1, "Plan Width": 4, "Plans": [{"Node Type": "Seq Scan", "Parent Relationship": "Outer", "Relation Name": "info_type", "Alias": "it2", "Startup Cost": 0.0, "Total Cost": 2.4, "Plan Rows": 1, "Plan Width": 4, "Filter": "((info)::text = 'rating'::text)"}]}]}]}]}]}, "Unique SQL Id": 661781350, "Planner Runtime": 43}, "explain_analyze_plan": null}, "(1, '15')": {"explain_plan": {"Plan": {"Node Type": "Aggregate", "Strategy": "Plain", "Startup Cost": 6971979256072.54, "Total Cost": 6971979256072.55, "Plan Rows": 1, "Plan Width": 160, "Plans": [{"Node Type": "Merge Join", "Parent Relationship": "Outer", "Join Type": "Inner", "Startup Cost": 70000000000.0, "Total Cost": 6971979256070.9, "Plan Rows": 219, "Plan Width": 64, "Inner Unique": true, "Merge Cond": "(ci.person_id = n.id)", "Plans": [{"Node Type": "Nested Loop", "Parent Relationship": "Outer", "Join Type": "Inner", "Startup Cost": 60000000000.0, "Total Cost": 5997470469312.04, "Plan Rows": 321, "Plan Width": 68, "Inner Unique": true, "Join Filter": "(mi.info_type_id = it1.id)", "Plans": [{"Node Type": "Nested Loop", "Parent Relationship": "Outer", "Join Type": "Inner", "Startup Cost": 50000000000.0, "Total Cost": 4997470467662.81, "Plan Rows": 15215, "Plan Width": 72, "Inner Unique": false, "Join Filter": "(t.id = ci.movie_id)", "Plans": [{"Node Type": "Index Scan", "Parent Relationship": "Outer", "Scan Direction": "Forward", "Index Name": "person_id_cast_info", "Relation Name": "cast_info", "Alias": "ci", "Startup Cost": 10000000000.0, "Total Cost": 1000193311016.96, "Plan Rows": 1223154, "Plan Width": 8, "Filter": "((note)::text = ANY ('{(writer),\"(head writer)\",\"(written by)\",(story),\"(story editor)\"}'::text[]))"}, {"Node Type": "Materialize", "Parent Relationship": "Inner", "Startup Cost": 40000000000.0, "Total Cost": 3997024826125.8, "Plan Rows": 13753, "Plan Width": 80, "Plans": [{"Node Type": "Merge Join", "Parent Relationship": "Outer", "Join Type": "Inner", "Startup Cost": 40000000000.0, "Total Cost": 3997024826057.04, "Plan Rows": 13753, "Plan Width": 80, "Inner Unique": false, "Merge Cond": "(t.id = mi.movie_id)", "Plans": [{"Node Type": "Merge Join", "Parent Relationship": "Outer", "Join Type": "Inner", "Startup Cost": 30000000000.0, "Total Cost": 2999088687984.57, "Plan Rows": 15041, "Plan Width": 30, "Inner Unique": true, "Merge Cond": "(mi_idx.movie_id = t.id)", "Plans": [{"Node Type": "Nested Loop", "Parent Relationship": "Outer", "Join Type": "Inner", "Startup Cost": 20000000000.0, "Total Cost": 2000004997241.06, "Plan Rows": 12936, "Plan Width": 9, "Inner Unique": true, "Join Filter": "(it2.id = mi_idx.info_type_id)", "Plans": [{"Node Type": "Index Scan", "Parent Relationship": "Outer", "Scan Direction": "Forward", "Index Name": "movie_id_movie_info_idx", "Relation Name": "movie_info_idx", "Alias": "mi_idx", "Startup Cost": 10000000000.0, "Total Cost": 1000004995043.87, "Plan Rows": 51746, "Plan Width": 13, "Filter": "((info)::text > '8.0'::text)"}, {"Node Type": "Materialize", "Parent Relationship": "Inner", "Startup Cost": 10000000000.0, "Total Cost": 1000000001421.0, "Plan Rows": 1, "Plan Width": 4, "Plans": [{"Node Type": "Index Scan", "Parent Relationship": "Outer", "Scan Direction": "Forward", "Index Name": "info_type_pkey", "Relation Name": "info_type", "Alias": "it2", "Startup Cost": 10000000000.0, "Total Cost": 1000000001421.0, "Plan Rows": 1, "Plan Width": 4, "Filter": "((info)::text = 'rating'::text)"}]}]}, {"Node Type": "Index Scan", "Parent Relationship": "Inner", "Scan Direction": "Forward", "Index Name": "title_pkey", "Relation Name": "title", "Alias": "t", "Startup Cost": 10000000000.0, "Total Cost": 1000012276204.41, "Plan Rows": 782553, "Plan Width": 21, "Filter": "((production_year >= 2008) AND (production_year <= 2014)), (LLVM Optimized)"}]}, {"Node Type": "Index Scan", "Parent Relationship": "Inner", "Scan Direction": "Forward", "Index Name": "movie_id_movie_info", "Relation Name": "movie_info", "Alias": "mi", "Startup Cost": 10000000000.0, "Total Cost": 1000107534403.72, "Plan Rows": 67971, "Plan Width": 50, "Filter": "((note IS NULL) AND ((info)::text = ANY ('{Horror,Thriller}'::text[])))"}]}]}]}, {"Node Type": "Materialize", "Parent Relationship": "Inner", "Startup Cost": 10000000000.0, "Total Cost": 1000000001421.0, "Plan Rows": 1, "Plan Width": 4, "Plans": [{"Node Type": "Index Scan", "Parent Relationship": "Outer", "Scan Direction": "Forward", "Index Name": "info_type_pkey", "Relation Name": "info_type", "Alias": "it1", "Startup Cost": 10000000000.0, "Total Cost": 1000000001421.0, "Plan Rows": 1, "Plan Width": 4, "Filter": "((info)::text = 'genres'::text)"}]}]}, {"Node Type": "Index Scan", "Parent Relationship": "Inner", "Scan Direction": "Forward", "Index Name": "name_pkey", "Relation Name": "name", "Alias": "n", "Startup Cost": 10000000000.0, "Total Cost": 1000018665147.2, "Plan Rows": 624324, "Plan Width": 4, "Filter": "((gender IS NOT NULL) AND ((gender)::text = 'f'::text)), (LLVM Optimized)"}]}]}, "Unique SQL Id": 661781350, "Planner Runtime": 48}, "explain_analyze_plan": null}, "(1, '16')": {"explain_plan": {"Plan": {"Node Type": "Aggregate", "Strategy": "Plain", "Startup Cost": 84207.28, "Total Cost": 84207.29, "Plan Rows": 1, "Plan Width": 160, "Plans": [{"Node Type": "Nested Loop", "Parent Relationship": "Outer", "Join Type": "Inner", "Startup Cost": 7419.04, "Total Cost": 84205.64, "Plan Rows": 219, "Plan Width": 64, "Inner Unique": true, "Plans": [{"Node Type": "Nested Loop", "Parent Relationship": "Outer", "Join Type": "Inner", "Startup Cost": 7419.04, "Total Cost": 84044.65, "Plan Rows": 321, "Plan Width": 68, "Inner Unique": false, "Plans": [{"Node Type": "Nested Loop", "Parent Relationship": "Outer", "Join Type": "Inner", "Startup Cost": 7419.04, "Total Cost": 83359.62, "Plan Rows": 291, "Plan Width": 76, "Inner Unique": false, "Join Filter": "(mi.info_type_id = it1.id)", "Plans": [{"Node Type": "Seq Scan", "Parent Relationship": "Outer", "Relation Name": "info_type", "Alias": "it1", "Startup Cost": 0.0, "Total Cost": 2.4, "Plan Rows": 1, "Plan Width": 4, "Filter": "((info)::text = 'genres'::text)"}, {"Node Type": "Nested Loop", "Parent Relationship": "Inner", "Join Type": "Inner", "Startup Cost": 7419.04, "Total Cost": 83185.31, "Plan Rows": 13753, "Plan Width": 80, "Inner Unique": false, "Plans": [{"Node Type": "Nested Loop", "Parent Relationship": "Outer", "Join Type": "Inner", "Startup Cost": 7419.04, "Total Cost": 61813.18, "Plan Rows": 15041, "Plan Width": 30, "Inner Unique": true, "Plans": [{"Node Type": "Nested Loop", "Parent Relationship": "Outer", "Join Type": "Inner", "Startup Cost": 7419.04, "Total Cost": 19199.92, "Plan Rows": 12936, "Plan Width": 9, "Inner Unique": false, "Plans": [{"Node Type": "Seq Scan", "Parent Relationship": "Outer", "Relation Name": "info_type", "Alias": "it2", "Startup Cost": 0.0, "Total Cost": 2.4, "Plan Rows": 1, "Plan Width": 4, "Filter": "((info)::text = 'rating'::text)"}, {"Node Type": "Bitmap Heap Scan", "Parent Relationship": "Inner", "Relation Name": "movie_info_idx", "Alias": "mi_idx", "Startup Cost": 7419.04, "Total Cost": 19068.16, "Plan Rows": 12936, "Plan Width": 13, "Recheck Cond": "(info_type_id = it2.id)", "Filter": "((info)::text > '8.0'::text)", "Plans": [{"Node Type": "Bitmap Index Scan", "Parent Relationship": "Outer", "Index Name": "info_type_id_movie_info_idx", "Startup Cost": 0.0, "Total Cost": 7415.81, "Plan Rows": 345008, "Plan Width": 0, "Index Cond": "(info_type_id = it2.id)"}]}]}, {"Node Type": "Index Scan", "Parent Relationship": "Inner", "Scan Direction": "Forward", "Index Name": "title_pkey", "Relation Name": "title", "Alias": "t", "Startup Cost": 0.0, "Total Cost": 3.28, "Plan Rows": 1, "Plan Width": 21, "Index Cond": "(id = mi_idx.movie_id)", "Filter": "((production_year >= 2008) AND (production_year <= 2014))"}]}, {"Node Type": "Index Scan", "Parent Relationship": "Inner", "Scan Direction": "Forward", "Index Name": "movie_id_movie_info", "Relation Name": "movie_info", "Alias": "mi", "Startup Cost": 0.0, "Total Cost": 1.41, "Plan Rows": 1, "Plan Width": 50, "Index Cond": "(movie_id = t.id)", "Filter": "((note IS NULL) AND ((info)::text = ANY ('{Horror,Thriller}'::text[])))"}]}]}, {"Node Type": "Index Scan", "Parent Relationship": "Inner", "Scan Direction": "Forward", "Index Name": "movie_id_cast_info", "Relation Name": "cast_info", "Alias": "ci", "Startup Cost": 0.0, "Total Cost": 2.34, "Plan Rows": 1, "Plan Width": 8, "Index Cond": "(movie_id = t.id)", "Filter": "((note)::text = ANY ('{(writer),\"(head writer)\",\"(written by)\",(story),\"(story editor)\"}'::text[]))"}]}, {"Node Type": "Index Scan", "Parent Relationship": "Inner", "Scan Direction": "Forward", "Index Name": "name_pkey", "Relation Name": "name", "Alias": "n", "Startup Cost": 0.0, "Total Cost": 0.49, "Plan Rows": 1, "Plan Width": 4, "Index Cond": "(id = ci.person_id)", "Filter": "((gender IS NOT NULL) AND ((gender)::text = 'f'::text))"}]}]}, "Unique SQL Id": 661781350, "Planner Runtime": 18}, "explain_analyze_plan": {"Plan": {"Node Type": "Aggregate", "Strategy": "Plain", "Startup Cost": 84207.28, "Total Cost": 84207.29, "Plan Rows": 1, "Plan Width": 160, "Actual Startup Time": 571.433, "Actual Total Time": 571.434, "Actual Rows": 1, "Actual Loops": 1, "Plans": [{"Node Type": "Nested Loop", "Parent Relationship": "Outer", "Join Type": "Inner", "Startup Cost": 7419.04, "Total Cost": 84205.64, "Plan Rows": 219, "Plan Width": 64, "Actual Startup Time": 340.927, "Actual Total Time": 571.372, "Actual Rows": 11, "Actual Loops": 1, "Inner Unique": true, "Plans": [{"Node Type": "Nested Loop", "Parent Relationship": "Outer", "Join Type": "Inner", "Startup Cost": 7419.04, "Total Cost": 84044.65, "Plan Rows": 321, "Plan Width": 68, "Actual Startup Time": 156.562, "Actual Total Time": 569.19, "Actual Rows": 268, "Actual Loops": 1, "Inner Unique": false, "Plans": [{"Node Type": "Nested Loop", "Parent Relationship": "Outer", "Join Type": "Inner", "Startup Cost": 7419.04, "Total Cost": 83359.62, "Plan Rows": 291, "Plan Width": 76, "Actual Startup Time": 88.153, "Actual Total Time": 544.541, "Actual Rows": 358, "Actual Loops": 1, "Inner Unique": false, "Join Filter": "(mi.info_type_id = it1.id)", "Rows Removed by Join Filter": 0, "Plans": [{"Node Type": "Seq Scan", "Parent Relationship": "Outer", "Relation Name": "info_type", "Alias": "it1", "Startup Cost": 0.0, "Total Cost": 2.4, "Plan Rows": 1, "Plan Width": 4, "Actual Startup Time": 0.03, "Actual Total Time": 0.066, "Actual Rows": 1, "Actual Loops": 1, "Filter": "((info)::text = 'genres'::text)", "Rows Removed by Filter": 111}, {"Node Type": "Nested Loop", "Parent Relationship": "Inner", "Join Type": "Inner", "Startup Cost": 7419.04, "Total Cost": 83185.31, "Plan Rows": 13753, "Plan Width": 80, "Actual Startup Time": 88.113, "Actual Total Time": 544.249, "Actual Rows": 358, "Actual Loops": 1, "Inner Unique": false, "Plans": [{"Node Type": "Nested Loop", "Parent Relationship": "Outer", "Join Type": "Inner", "Startup Cost": 7419.04, "Total Cost": 61813.18, "Plan Rows": 15041, "Plan Width": 30, "Actual Startup Time": 79.89, "Actual Total Time": 404.387, "Actual Rows": 6152, "Actual Loops": 1, "Inner Unique": true, "Plans": [{"Node Type": "Nested Loop", "Parent Relationship": "Outer", "Join Type": "Inner", "Startup Cost": 7419.04, "Total Cost": 19199.92, "Plan Rows": 12936, "Plan Width": 9, "Actual Startup Time": 78.103, "Actual Total Time": 325.531, "Actual Rows": 15849, "Actual Loops": 1, "Inner Unique": false, "Plans": [{"Node Type": "Seq Scan", "Parent Relationship": "Outer", "Relation Name": "info_type", "Alias": "it2", "Startup Cost": 0.0, "Total Cost": 2.4, "Plan Rows": 1, "Plan Width": 4, "Actual Startup Time": 0.041, "Actual Total Time": 0.061, "Actual Rows": 1, "Actual Loops": 1, "Filter": "((info)::text = 'rating'::text)", "Rows Removed by Filter": 111}, {"Node Type": "Bitmap Heap Scan", "Parent Relationship": "Inner", "Relation Name": "movie_info_idx", "Alias": "mi_idx", "Startup Cost": 7419.04, "Total Cost": 19068.16, "Plan Rows": 12936, "Plan Width": 13, "Actual Startup Time": 78.058, "Actual Total Time": 321.813, "Actual Rows": 15849, "Actual Loops": 1, "Recheck Cond": "(info_type_id = it2.id)", "Rows Removed by Index Recheck": 0, "Filter": "((info)::text > '8.0'::text)", "Rows Removed by Filter": 444076, "Exact Heap Blocks": 6472, "Lossy Heap Blocks": 6472, "Plans": [{"Node Type": "Bitmap Index Scan", "Parent Relationship": "Outer", "Index Name": "info_type_id_movie_info_idx", "Startup Cost": 0.0, "Total Cost": 7415.81, "Plan Rows": 345008, "Plan Width": 0, "Actual Startup Time": 76.814, "Actual Total Time": 76.814, "Actual Rows": 459925, "Actual Loops": 1, "Index Cond": "(info_type_id = it2.id)"}]}]}, {"Node Type": "Index Scan", "Parent Relationship": "Inner", "Scan Direction": "Forward", "Index Name": "title_pkey", "Relation Name": "title", "Alias": "t", "Startup Cost": 0.0, "Total Cost": 3.28, "Plan Rows": 1, "Plan Width": 21, "Actual Startup Time": 68.995, "Actual Total Time": 68.995, "Actual Rows": 6152, "Actual Loops": 15849, "Index Cond": "(id = mi_idx.movie_id)", "Rows Removed by Index Recheck": 0, "Filter": "((production_year >= 2008) AND (production_year <= 2014))", "Rows Removed by Filter": 9697}]}, {"Node Type": "Index Scan", "Parent Relationship": "Inner", "Scan Direction": "Forward", "Index Name": "movie_id_movie_info", "Relation Name": "movie_info", "Alias": "mi", "Startup Cost": 0.0, "Total Cost": 1.41, "Plan Rows": 1, "Plan Width": 50, "Actual Startup Time": 136.216, "Actual Total Time": 136.521, "Actual Rows": 358, "Actual Loops": 6152, "Index Cond": "(movie_id = t.id)", "Rows Removed by Index Recheck": 0, "Filter": "((note IS NULL) AND ((info)::text = ANY ('{Horror,Thriller}'::text[])))", "Rows Removed by Filter": 109599}]}]}, {"Node Type": "Index Scan", "Parent Relationship": "Inner", "Scan Direction": "Forward", "Index Name": "movie_id_cast_info", "Relation Name": "cast_info", "Alias": "ci", "Startup Cost": 0.0, "Total Cost": 2.34, "Plan Rows": 1, "Plan Width": 8, "Actual Startup Time": 19.028, "Actual Total Time": 24.254, "Actual Rows": 268, "Actual Loops": 358, "Index Cond": "(movie_id = t.id)", "Rows Removed by Index Recheck": 0, "Filter": "((note)::text = ANY ('{(writer),\"(head writer)\",\"(written by)\",(story),\"(story editor)\"}'::text[]))", "Rows Removed by Filter": 12296}]}, {"Node Type": "Index Scan", "Parent Relationship": "Inner", "Scan Direction": "Forward", "Index Name": "name_pkey", "Relation Name": "name", "Alias": "n", "Startup Cost": 0.0, "Total Cost": 0.49, "Plan Rows": 1, "Plan Width": 4, "Actual Startup Time": 1.935, "Actual Total Time": 1.935, "Actual Rows": 11, "Actual Loops": 268, "Index Cond": "(id = ci.person_id)", "Rows Removed by Index Recheck": 0, "Filter": "((gender IS NOT NULL) AND ((gender)::text = 'f'::text))", "Rows Removed by Filter": 257}]}]}, "Triggers": [], "Planner Runtime": 22.994, "Total Runtime": 571.807, "Unique SQL Id": 661781350}}, "(1, '17')": {"explain_plan": {"Plan": {"Node Type": "Aggregate", "Strategy": "Plain", "Startup Cost": 84230.9, "Total Cost": 84230.91, "Plan Rows": 1, "Plan Width": 160, "Plans": [{"Node Type": "Nested Loop", "Parent Relationship": "Outer", "Join Type": "Inner", "Startup Cost": 7419.04, "Total Cost": 84229.26, "Plan Rows": 219, "Plan Width": 64, "Inner Unique": true, "Plans": [{"Node Type": "Nested Loop", "Parent Relationship": "Outer", "Join Type": "Inner", "Startup Cost": 7419.04, "Total Cost": 84068.27, "Plan Rows": 321, "Plan Width": 68, "Inner Unique": false, "Plans": [{"Node Type": "Nested Loop", "Parent Relationship": "Outer", "Join Type": "Inner", "Startup Cost": 7419.04, "Total Cost": 83383.24, "Plan Rows": 291, "Plan Width": 76, "Inner Unique": false, "Join Filter": "(mi.info_type_id = it1.id)", "Plans": [{"Node Type": "Index Scan", "Parent Relationship": "Outer", "Scan Direction": "Forward", "Index Name": "info_type_pkey", "Relation Name": "info_type", "Alias": "it1", "Startup Cost": 0.0, "Total Cost": 14.21, "Plan Rows": 1, "Plan Width": 4, "Filter": "((info)::text = 'genres'::text)"}, {"Node Type": "Nested Loop", "Parent Relationship": "Inner", "Join Type": "Inner", "Startup Cost": 7419.04, "Total Cost": 83197.12, "Plan Rows": 13753, "Plan Width": 80, "Inner Unique": false, "Plans": [{"Node Type": "Nested Loop", "Parent Relationship": "Outer", "Join Type": "Inner", "Startup Cost": 7419.04, "Total Cost": 61824.99, "Plan Rows": 15041, "Plan Width": 30, "Inner Unique": true, "Plans": [{"Node Type": "Nested Loop", "Parent Relationship": "Outer", "Join Type": "Inner", "Startup Cost": 7419.04, "Total Cost": 19211.73, "Plan Rows": 12936, "Plan Width": 9, "Inner Unique": false, "Plans": [{"Node Type": "Index Scan", "Parent Relationship": "Outer", "Scan Direction": "Forward", "Index Name": "info_type_pkey", "Relation Name": "info_type", "Alias": "it2", "Startup Cost": 0.0, "Total Cost": 14.21, "Plan Rows": 1, "Plan Width": 4, "Filter": "((info)::text = 'rating'::text)"}, {"Node Type": "Bitmap Heap Scan", "Parent Relationship": "Inner", "Relation Name": "movie_info_idx", "Alias": "mi_idx", "Startup Cost": 7419.04, "Total Cost": 19068.16, "Plan Rows": 12936, "Plan Width": 13, "Recheck Cond": "(info_type_id = it2.id)", "Filter": "((info)::text > '8.0'::text)", "Plans": [{"Node Type": "Bitmap Index Scan", "Parent Relationship": "Outer", "Index Name": "info_type_id_movie_info_idx", "Startup Cost": 0.0, "Total Cost": 7415.81, "Plan Rows": 345008, "Plan Width": 0, "Index Cond": "(info_type_id = it2.id)"}]}]}, {"Node Type": "Index Scan", "Parent Relationship": "Inner", "Scan Direction": "Forward", "Index Name": "title_pkey", "Relation Name": "title", "Alias": "t", "Startup Cost": 0.0, "Total Cost": 3.28, "Plan Rows": 1, "Plan Width": 21, "Index Cond": "(id = mi_idx.movie_id)", "Filter": "((production_year >= 2008) AND (production_year <= 2014))"}]}, {"Node Type": "Index Scan", "Parent Relationship": "Inner", "Scan Direction": "Forward", "Index Name": "movie_id_movie_info", "Relation Name": "movie_info", "Alias": "mi", "Startup Cost": 0.0, "Total Cost": 1.41, "Plan Rows": 1, "Plan Width": 50, "Index Cond": "(movie_id = t.id)", "Filter": "((note IS NULL) AND ((info)::text = ANY ('{Horror,Thriller}'::text[])))"}]}]}, {"Node Type": "Index Scan", "Parent Relationship": "Inner", "Scan Direction": "Forward", "Index Name": "movie_id_cast_info", "Relation Name": "cast_info", "Alias": "ci", "Startup Cost": 0.0, "Total Cost": 2.34, "Plan Rows": 1, "Plan Width": 8, "Index Cond": "(movie_id = t.id)", "Filter": "((note)::text = ANY ('{(writer),\"(head writer)\",\"(written by)\",(story),\"(story editor)\"}'::text[]))"}]}, {"Node Type": "Index Scan", "Parent Relationship": "Inner", "Scan Direction": "Forward", "Index Name": "name_pkey", "Relation Name": "name", "Alias": "n", "Startup Cost": 0.0, "Total Cost": 0.49, "Plan Rows": 1, "Plan Width": 4, "Index Cond": "(id = ci.person_id)", "Filter": "((gender IS NOT NULL) AND ((gender)::text = 'f'::text))"}]}]}, "Unique SQL Id": 661781350, "Planner Runtime": 15}, "explain_analyze_plan": {"Plan": {"Node Type": "Aggregate", "Strategy": "Plain", "Startup Cost": 84230.9, "Total Cost": 84230.91, "Plan Rows": 1, "Plan Width": 160, "Actual Startup Time": 642.245, "Actual Total Time": 642.245, "Actual Rows": 1, "Actual Loops": 1, "Plans": [{"Node Type": "Nested Loop", "Parent Relationship": "Outer", "Join Type": "Inner", "Startup Cost": 7419.04, "Total Cost": 84229.26, "Plan Rows": 219, "Plan Width": 64, "Actual Startup Time": 341.884, "Actual Total Time": 642.185, "Actual Rows": 11, "Actual Loops": 1, "Inner Unique": true, "Plans": [{"Node Type": "Nested Loop", "Parent Relationship": "Outer", "Join Type": "Inner", "Startup Cost": 7419.04, "Total Cost": 84068.27, "Plan Rows": 321, "Plan Width": 68, "Actual Startup Time": 137.798, "Actual Total Time": 639.27, "Actual Rows": 268, "Actual Loops": 1, "Inner Unique": false, "Plans": [{"Node Type": "Nested Loop", "Parent Relationship": "Outer", "Join Type": "Inner", "Startup Cost": 7419.04, "Total Cost": 83383.24, "Plan Rows": 291, "Plan Width": 76, "Actual Startup Time": 74.227, "Actual Total Time": 603.246, "Actual Rows": 358, "Actual Loops": 1, "Inner Unique": false, "Join Filter": "(mi.info_type_id = it1.id)", "Rows Removed by Join Filter": 0, "Plans": [{"Node Type": "Index Scan", "Parent Relationship": "Outer", "Scan Direction": "Forward", "Index Name": "info_type_pkey", "Relation Name": "info_type", "Alias": "it1", "Startup Cost": 0.0, "Total Cost": 14.21, "Plan Rows": 1, "Plan Width": 4, "Actual Startup Time": 0.026, "Actual Total Time": 0.084, "Actual Rows": 1, "Actual Loops": 1, "Filter": "((info)::text = 'genres'::text)", "Rows Removed by Filter": 111}, {"Node Type": "Nested Loop", "Parent Relationship": "Inner", "Join Type": "Inner", "Startup Cost": 7419.04, "Total Cost": 83197.12, "Plan Rows": 13753, "Plan Width": 80, "Actual Startup Time": 74.192, "Actual Total Time": 602.921, "Actual Rows": 358, "Actual Loops": 1, "Inner Unique": false, "Plans": [{"Node Type": "Nested Loop", "Parent Relationship": "Outer", "Join Type": "Inner", "Startup Cost": 7419.04, "Total Cost": 61824.99, "Plan Rows": 15041, "Plan Width": 30, "Actual Startup Time": 66.761, "Actual Total Time": 441.413, "Actual Rows": 6152, "Actual Loops": 1, "Inner Unique": true, "Plans": [{"Node Type": "Nested Loop", "Parent Relationship": "Outer", "Join Type": "Inner", "Startup Cost": 7419.04, "Total Cost": 19211.73, "Plan Rows": 12936, "Plan Width": 9, "Actual Startup Time": 65.136, "Actual Total Time": 351.488, "Actual Rows": 15849, "Actual Loops": 1, "Inner Unique": false, "Plans": [{"Node Type": "Index Scan", "Parent Relationship": "Outer", "Scan Direction": "Forward", "Index Name": "info_type_pkey", "Relation Name": "info_type", "Alias": "it2", "Startup Cost": 0.0, "Total Cost": 14.21, "Plan Rows": 1, "Plan Width": 4, "Actual Startup Time": 0.048, "Actual Total Time": 0.061, "Actual Rows": 1, "Actual Loops": 1, "Filter": "((info)::text = 'rating'::text)", "Rows Removed by Filter": 111}, {"Node Type": "Bitmap Heap Scan", "Parent Relationship": "Inner", "Relation Name": "movie_info_idx", "Alias": "mi_idx", "Startup Cost": 7419.04, "Total Cost": 19068.16, "Plan Rows": 12936, "Plan Width": 13, "Actual Startup Time": 65.081, "Actual Total Time": 347.903, "Actual Rows": 15849, "Actual Loops": 1, "Recheck Cond": "(info_type_id = it2.id)", "Rows Removed by Index Recheck": 0, "Filter": "((info)::text > '8.0'::text)", "Rows Removed by Filter": 444076, "Exact Heap Blocks": 6472, "Lossy Heap Blocks": 6472, "Plans": [{"Node Type": "Bitmap Index Scan", "Parent Relationship": "Outer", "Index Name": "info_type_id_movie_info_idx", "Startup Cost": 0.0, "Total Cost": 7415.81, "Plan Rows": 345008, "Plan Width": 0, "Actual Startup Time": 63.828, "Actual Total Time": 63.828, "Actual Rows": 459925, "Actual Loops": 1, "Index Cond": "(info_type_id = it2.id)"}]}]}, {"Node Type": "Index Scan", "Parent Relationship": "Inner", "Scan Direction": "Forward", "Index Name": "title_pkey", "Relation Name": "title", "Alias": "t", "Startup Cost": 0.0, "Total Cost": 3.28, "Plan Rows": 1, "Plan Width": 21, "Actual Startup Time": 79.873, "Actual Total Time": 79.873, "Actual Rows": 6152, "Actual Loops": 15849, "Index Cond": "(id = mi_idx.movie_id)", "Rows Removed by Index Recheck": 0, "Filter": "((production_year >= 2008) AND (production_year <= 2014))", "Rows Removed by Filter": 9697}]}, {"Node Type": "Index Scan", "Parent Relationship": "Inner", "Scan Direction": "Forward", "Index Name": "movie_id_movie_info", "Relation Name": "movie_info", "Alias": "mi", "Startup Cost": 0.0, "Total Cost": 1.41, "Plan Rows": 1, "Plan Width": 50, "Actual Startup Time": 157.796, "Actual Total Time": 158.095, "Actual Rows": 358, "Actual Loops": 6152, "Index Cond": "(movie_id = t.id)", "Rows Removed by Index Recheck": 0, "Filter": "((note IS NULL) AND ((info)::text = ANY ('{Horror,Thriller}'::text[])))", "Rows Removed by Filter": 109599}]}]}, {"Node Type": "Index Scan", "Parent Relationship": "Inner", "Scan Direction": "Forward", "Index Name": "movie_id_cast_info", "Relation Name": "cast_info", "Alias": "ci", "Startup Cost": 0.0, "Total Cost": 2.34, "Plan Rows": 1, "Plan Width": 8, "Actual Startup Time": 27.975, "Actual Total Time": 35.613, "Actual Rows": 268, "Actual Loops": 358, "Index Cond": "(movie_id = t.id)", "Rows Removed by Index Recheck": 0, "Filter": "((note)::text = ANY ('{(writer),\"(head writer)\",\"(written by)\",(story),\"(story editor)\"}'::text[]))", "Rows Removed by Filter": 12296}]}, {"Node Type": "Index Scan", "Parent Relationship": "Inner", "Scan Direction": "Forward", "Index Name": "name_pkey", "Relation Name": "name", "Alias": "n", "Startup Cost": 0.0, "Total Cost": 0.49, "Plan Rows": 1, "Plan Width": 4, "Actual Startup Time": 2.646, "Actual Total Time": 2.646, "Actual Rows": 11, "Actual Loops": 268, "Index Cond": "(id = ci.person_id)", "Rows Removed by Index Recheck": 0, "Filter": "((gender IS NOT NULL) AND ((gender)::text = 'f'::text))", "Rows Removed by Filter": 257}]}]}, "Triggers": [], "Planner Runtime": 16.979, "Total Runtime": 642.612, "Unique SQL Id": 661781350}}, "(1, '18')": {"explain_plan": {"Plan": {"Node Type": "Aggregate", "Strategy": "Plain", "Startup Cost": 157086.07, "Total Cost": 157086.08, "Plan Rows": 1, "Plan Width": 160, "Plans": [{"Node Type": "Nested Loop", "Parent Relationship": "Outer", "Join Type": "Inner", "Startup Cost": 7421.91, "Total Cost": 157084.43, "Plan Rows": 219, "Plan Width": 64, "Inner Unique": true, "Plans": [{"Node Type": "Nested Loop", "Parent Relationship": "Outer", "Join Type": "Inner", "Startup Cost": 7421.6, "Total Cost": 155693.31, "Plan Rows": 321, "Plan Width": 68, "Inner Unique": false, "Plans": [{"Node Type": "Nested Loop", "Parent Relationship": "Outer", "Join Type": "Inner", "Startup Cost": 7420.6, "Total Cost": 154200.13, "Plan Rows": 291, "Plan Width": 76, "Inner Unique": false, "Join Filter": "(mi.info_type_id = it1.id)", "Plans": [{"Node Type": "Seq Scan", "Parent Relationship": "Outer", "Relation Name": "info_type", "Alias": "it1", "Startup Cost": 0.0, "Total Cost": 2.4, "Plan Rows": 1, "Plan Width": 4, "Filter": "((info)::text = 'genres'::text)"}, {"Node Type": "Nested Loop", "Parent Relationship": "Inner", "Join Type": "Inner", "Startup Cost": 7420.6, "Total Cost": 154025.82, "Plan Rows": 13753, "Plan Width": 80, "Inner Unique": false, "Plans": [{"Node Type": "Nested Loop", "Parent Relationship": "Outer", "Join Type": "Inner", "Startup Cost": 7420.02, "Total Cost": 83886.56, "Plan Rows": 15041, "Plan Width": 30, "Inner Unique": true, "Plans": [{"Node Type": "Nested Loop", "Parent Relationship": "Outer", "Join Type": "Inner", "Startup Cost": 7419.04, "Total Cost": 19199.92, "Plan Rows": 12936, "Plan Width": 9, "Inner Unique": false, "Plans": [{"Node Type": "Seq Scan", "Parent Relationship": "Outer", "Relation Name": "info_type", "Alias": "it2", "Startup Cost": 0.0, "Total Cost": 2.4, "Plan Rows": 1, "Plan Width": 4, "Filter": "((info)::text = 'rating'::text)"}, {"Node Type": "Bitmap Heap Scan", "Parent Relationship": "Inner", "Relation Name": "movie_info_idx", "Alias": "mi_idx", "Startup Cost": 7419.04, "Total Cost": 19068.16, "Plan Rows": 12936, "Plan Width": 13, "Recheck Cond": "(info_type_id = it2.id)", "Filter": "((info)::text > '8.0'::text)", "Plans": [{"Node Type": "Bitmap Index Scan", "Parent Relationship": "Outer", "Index Name": "info_type_id_movie_info_idx", "Startup Cost": 0.0, "Total Cost": 7415.81, "Plan Rows": 345008, "Plan Width": 0, "Index Cond": "(info_type_id = it2.id)"}]}]}, {"Node Type": "Bitmap Heap Scan", "Parent Relationship": "Inner", "Relation Name": "title", "Alias": "t", "Startup Cost": 0.97, "Total Cost": 4.99, "Plan Rows": 1, "Plan Width": 21, "Recheck Cond": "(id = mi_idx.movie_id)", "Filter": "((production_year >= 2008) AND (production_year <= 2014))", "Plans": [{"Node Type": "Bitmap Index Scan", "Parent Relationship": "Outer", "Index Name": "title_pkey", "Startup Cost": 0.0, "Total Cost": 0.97, "Plan Rows": 1, "Plan Width": 0, "Index Cond": "(id = mi_idx.movie_id)"}]}]}, {"Node Type": "Bitmap Heap Scan", "Parent Relationship": "Inner", "Relation Name": "movie_info", "Alias": "mi", "Startup Cost": 0.58, "Total Cost": 4.65, "Plan Rows": 1, "Plan Width": 50, "Recheck Cond": "(movie_id = t.id)", "Filter": "((note IS NULL) AND ((info)::text = ANY ('{Horror,Thriller}'::text[])))", "Plans": [{"Node Type": "Bitmap Index Scan", "Parent Relationship": "Outer", "Index Name": "movie_id_movie_info", "Startup Cost": 0.0, "Total Cost": 0.58, "Plan Rows": 5, "Plan Width": 0, "Index Cond": "(movie_id = t.id)"}]}]}]}, {"Node Type": "Bitmap Heap Scan", "Parent Relationship": "Inner", "Relation Name": "cast_info", "Alias": "ci", "Startup Cost": 1.01, "Total Cost": 5.12, "Plan Rows": 1, "Plan Width": 8, "Recheck Cond": "(movie_id = t.id)", "Filter": "((note)::text = ANY ('{(writer),\"(head writer)\",\"(written by)\",(story),\"(story editor)\"}'::text[]))", "Plans": [{"Node Type": "Bitmap Index Scan", "Parent Relationship": "Outer", "Index Name": "movie_id_cast_info", "Startup Cost": 0.0, "Total Cost": 1.01, "Plan Rows": 6, "Plan Width": 0, "Index Cond": "(movie_id = t.id)"}]}]}, {"Node Type": "Bitmap Heap Scan", "Parent Relationship": "Inner", "Relation Name": "name", "Alias": "n", "Startup Cost": 0.31, "Total Cost": 4.32, "Plan Rows": 1, "Plan Width": 4, "Recheck Cond": "(id = ci.person_id)", "Filter": "((gender IS NOT NULL) AND ((gender)::text = 'f'::text))", "Plans": [{"Node Type": "Bitmap Index Scan", "Parent Relationship": "Outer", "Index Name": "name_pkey", "Startup Cost": 0.0, "Total Cost": 0.31, "Plan Rows": 1, "Plan Width": 0, "Index Cond": "(id = ci.person_id)"}]}]}]}, "Unique SQL Id": 661781350, "Planner Runtime": 17}, "explain_analyze_plan": {"Plan": {"Node Type": "Aggregate", "Strategy": "Plain", "Startup Cost": 157086.07, "Total Cost": 157086.08, "Plan Rows": 1, "Plan Width": 160, "Actual Startup Time": 772.672, "Actual Total Time": 772.673, "Actual Rows": 1, "Actual Loops": 1, "Plans": [{"Node Type": "Nested Loop", "Parent Relationship": "Outer", "Join Type": "Inner", "Startup Cost": 7421.91, "Total Cost": 157084.43, "Plan Rows": 219, "Plan Width": 64, "Actual Startup Time": 434.6, "Actual Total Time": 772.602, "Actual Rows": 11, "Actual Loops": 1, "Inner Unique": true, "Plans": [{"Node Type": "Nested Loop", "Parent Relationship": "Outer", "Join Type": "Inner", "Startup Cost": 7421.6, "Total Cost": 155693.31, "Plan Rows": 321, "Plan Width": 68, "Actual Startup Time": 169.023, "Actual Total Time": 768.854, "Actual Rows": 268, "Actual Loops": 1, "Inner Unique": false, "Plans": [{"Node Type": "Nested Loop", "Parent Relationship": "Outer", "Join Type": "Inner", "Startup Cost": 7420.6, "Total Cost": 154200.13, "Plan Rows": 291, "Plan Width": 76, "Actual Startup Time": 83.828, "Actual Total Time": 721.9, "Actual Rows": 358, "Actual Loops": 1, "Inner Unique": false, "Join Filter": "(mi.info_type_id = it1.id)", "Rows Removed by Join Filter": 0, "Plans": [{"Node Type": "Seq Scan", "Parent Relationship": "Outer", "Relation Name": "info_type", "Alias": "it1", "Startup Cost": 0.0, "Total Cost": 2.4, "Plan Rows": 1, "Plan Width": 4, "Actual Startup Time": 0.045, "Actual Total Time": 0.082, "Actual Rows": 1, "Actual Loops": 1, "Filter": "((info)::text = 'genres'::text)", "Rows Removed by Filter": 111}, {"Node Type": "Nested Loop", "Parent Relationship": "Inner", "Join Type": "Inner", "Startup Cost": 7420.6, "Total Cost": 154025.82, "Plan Rows": 13753, "Plan Width": 80, "Actual Startup Time": 83.774, "Actual Total Time": 721.552, "Actual Rows": 358, "Actual Loops": 1, "Inner Unique": false, "Plans": [{"Node Type": "Nested Loop", "Parent Relationship": "Outer", "Join Type": "Inner", "Startup Cost": 7420.02, "Total Cost": 83886.56, "Plan Rows": 15041, "Plan Width": 30, "Actual Startup Time": 74.777, "Actual Total Time": 509.207, "Actual Rows": 6152, "Actual Loops": 1, "Inner Unique": true, "Plans": [{"Node Type": "Nested Loop", "Parent Relationship": "Outer", "Join Type": "Inner", "Startup Cost": 7419.04, "Total Cost": 19199.92, "Plan Rows": 12936, "Plan Width": 9, "Actual Startup Time": 72.767, "Actual Total Time": 380.691, "Actual Rows": 15849, "Actual Loops": 1, "Inner Unique": false, "Plans": [{"Node Type": "Seq Scan", "Parent Relationship": "Outer", "Relation Name": "info_type", "Alias": "it2", "Startup Cost": 0.0, "Total Cost": 2.4, "Plan Rows": 1, "Plan Width": 4, "Actual Startup Time": 0.044, "Actual Total Time": 0.065, "Actual Rows": 1, "Actual Loops": 1, "Filter": "((info)::text = 'rating'::text)", "Rows Removed by Filter": 111}, {"Node Type": "Bitmap Heap Scan", "Parent Relationship": "Inner", "Relation Name": "movie_info_idx", "Alias": "mi_idx", "Startup Cost": 7419.04, "Total Cost": 19068.16, "Plan Rows": 12936, "Plan Width": 13, "Actual Startup Time": 72.719, "Actual Total Time": 376.809, "Actual Rows": 15849, "Actual Loops": 1, "Recheck Cond": "(info_type_id = it2.id)", "Rows Removed by Index Recheck": 0, "Filter": "((info)::text > '8.0'::text)", "Rows Removed by Filter": 444076, "Exact Heap Blocks": 6472, "Lossy Heap Blocks": 6472, "Plans": [{"Node Type": "Bitmap Index Scan", "Parent Relationship": "Outer", "Index Name": "info_type_id_movie_info_idx", "Startup Cost": 0.0, "Total Cost": 7415.81, "Plan Rows": 345008, "Plan Width": 0, "Actual Startup Time": 71.415, "Actual Total Time": 71.415, "Actual Rows": 459925, "Actual Loops": 1, "Index Cond": "(info_type_id = it2.id)"}]}]}, {"Node Type": "Bitmap Heap Scan", "Parent Relationship": "Inner", "Relation Name": "title", "Alias": "t", "Startup Cost": 0.97, "Total Cost": 4.99, "Plan Rows": 1, "Plan Width": 21, "Actual Startup Time": 107.843, "Actual Total Time": 107.843, "Actual Rows": 6152, "Actual Loops": 15849, "Recheck Cond": "(id = mi_idx.movie_id)", "Rows Removed by Index Recheck": 0, "Filter": "((production_year >= 2008) AND (production_year <= 2014))", "Rows Removed by Filter": 9697, "Exact Heap Blocks": 15849, "Lossy Heap Blocks": 15849, "Plans": [{"Node Type": "Bitmap Index Scan", "Parent Relationship": "Outer", "Index Name": "title_pkey", "Startup Cost": 0.0, "Total Cost": 0.97, "Plan Rows": 1, "Plan Width": 0, "Actual Startup Time": 51.257, "Actual Total Time": 51.257, "Actual Rows": 15849, "Actual Loops": 15849, "Index Cond": "(id = mi_idx.movie_id)"}]}]}, {"Node Type": "Bitmap Heap Scan", "Parent Relationship": "Inner", "Relation Name": "movie_info", "Alias": "mi", "Startup Cost": 0.58, "Total Cost": 4.65, "Plan Rows": 1, "Plan Width": 50, "Actual Startup Time": 203.885, "Actual Total Time": 204.063, "Actual Rows": 358, "Actual Loops": 6152, "Recheck Cond": "(movie_id = t.id)", "Rows Removed by Index Recheck": 0, "Filter": "((note IS NULL) AND ((info)::text = ANY ('{Horror,Thriller}'::text[])))", "Rows Removed by Filter": 109599, "Exact Heap Blocks": 52726, "Lossy Heap Blocks": 52726, "Plans": [{"Node Type": "Bitmap Index Scan", "Parent Relationship": "Outer", "Index Name": "movie_id_movie_info", "Startup Cost": 0.0, "Total Cost": 0.58, "Plan Rows": 5, "Plan Width": 0, "Actual Startup Time": 46.751, "Actual Total Time": 46.751, "Actual Rows": 109957, "Actual Loops": 6152, "Index Cond": "(movie_id = t.id)"}]}]}]}, {"Node Type": "Bitmap Heap Scan", "Parent Relationship": "Inner", "Relation Name": "cast_info", "Alias": "ci", "Startup Cost": 1.01, "Total Cost": 5.12, "Plan Rows": 1, "Plan Width": 8, "Actual Startup Time": 37.12, "Actual Total Time": 46.053, "Actual Rows": 268, "Actual Loops": 358, "Recheck Cond": "(movie_id = t.id)", "Rows Removed by Index Recheck": 0, "Filter": "((note)::text = ANY ('{(writer),\"(head writer)\",\"(written by)\",(story),\"(story editor)\"}'::text[]))", "Rows Removed by Filter": 12296, "Exact Heap Blocks": 11454, "Lossy Heap Blocks": 11454, "Plans": [{"Node Type": "Bitmap Index Scan", "Parent Relationship": "Outer", "Index Name": "movie_id_cast_info", "Startup Cost": 0.0, "Total Cost": 1.01, "Plan Rows": 6, "Plan Width": 0, "Actual Startup Time": 6.148, "Actual Total Time": 6.148, "Actual Rows": 12564, "Actual Loops": 358, "Index Cond": "(movie_id = t.id)"}]}]}, {"Node Type": "Bitmap Heap Scan", "Parent Relationship": "Inner", "Relation Name": "name", "Alias": "n", "Startup Cost": 0.31, "Total Cost": 4.32, "Plan Rows": 1, "Plan Width": 4, "Actual Startup Time": 3.215, "Actual Total Time": 3.215, "Actual Rows": 11, "Actual Loops": 268, "Recheck Cond": "(id = ci.person_id)", "Rows Removed by Index Recheck": 0, "Filter": "((gender IS NOT NULL) AND ((gender)::text = 'f'::text))", "Rows Removed by Filter": 257, "Exact Heap Blocks": 268, "Lossy Heap Blocks": 268, "Plans": [{"Node Type": "Bitmap Index Scan", "Parent Relationship": "Outer", "Index Name": "name_pkey", "Startup Cost": 0.0, "Total Cost": 0.31, "Plan Rows": 1, "Plan Width": 0, "Actual Startup Time": 2.013, "Actual Total Time": 2.013, "Actual Rows": 268, "Actual Loops": 268, "Index Cond": "(id = ci.person_id)"}]}]}]}, "Triggers": [], "Planner Runtime": 24.695, "Total Runtime": 773.026, "Unique SQL Id": 661781350}}, "(1, '19')": {"explain_plan": {"Plan": {"Node Type": "Aggregate", "Strategy": "Plain", "Startup Cost": 1000198965418.13, "Total Cost": 1000198965418.14, "Plan Rows": 1, "Plan Width": 160, "Plans": [{"Node Type": "Nested Loop", "Parent Relationship": "Outer", "Join Type": "Inner", "Startup Cost": 10000000001.87, "Total Cost": 1000198965416.49, "Plan Rows": 219, "Plan Width": 64, "Inner Unique": true, "Plans": [{"Node Type": "Nested Loop", "Parent Relationship": "Outer", "Join Type": "Inner", "Startup Cost": 10000000001.56, "Total Cost": 1000198964025.37, "Plan Rows": 321, "Plan Width": 68, "Inner Unique": true, "Join Filter": "(mi.movie_id = t.id)", "Plans": [{"Node Type": "Nested Loop", "Parent Relationship": "Outer", "Join Type": "Inner", "Startup Cost": 10000000001.27, "Total Cost": 1000198962833.6, "Plan Rows": 276, "Plan Width": 63, "Inner Unique": true, "Plans": [{"Node Type": "Nested Loop", "Parent Relationship": "Outer", "Join Type": "Inner", "Startup Cost": 10000000001.01, "Total Cost": 1000198906787.99, "Plan Rows": 13086, "Plan Width": 67, "Inner Unique": false, "Join Filter": "(mi_idx.movie_id = mi.movie_id)", "Plans": [{"Node Type": "Nested Loop", "Parent Relationship": "Outer", "Join Type": "Inner", "Startup Cost": 10000000000.54, "Total Cost": 1000198841505.29, "Plan Rows": 14313, "Plan Width": 17, "Inner Unique": true, "Plans": [{"Node Type": "Nested Loop", "Parent Relationship": "Outer", "Join Type": "Inner", "Startup Cost": 10000000000.28, "Total Cost": 1000198596304.72, "Plan Rows": 57251, "Plan Width": 21, "Inner Unique": false, "Plans": [{"Node Type": "Index Scan", "Parent Relationship": "Outer", "Scan Direction": "Forward", "Index Name": "person_id_cast_info", "Relation Name": "cast_info", "Alias": "ci", "Startup Cost": 10000000000.0, "Total Cost": 1000193311016.96, "Plan Rows": 1223154, "Plan Width": 8, "Filter": "((note)::text = ANY ('{(writer),\"(head writer)\",\"(written by)\",(story),\"(story editor)\"}'::text[]))"}, {"Node Type": "Bitmap Heap Scan", "Parent Relationship": "Inner", "Relation Name": "movie_info_idx", "Alias": "mi_idx", "Startup Cost": 0.28, "Total Cost": 4.31, "Plan Rows": 1, "Plan Width": 13, "Recheck Cond": "(movie_id = ci.movie_id)", "Filter": "((info)::text > '8.0'::text)", "Plans": [{"Node Type": "Bitmap Index Scan", "Parent Relationship": "Outer", "Index Name": "movie_id_movie_info_idx", "Startup Cost": 0.0, "Total Cost": 0.28, "Plan Rows": 2, "Plan Width": 0, "Index Cond": "(movie_id = ci.movie_id)"}]}]}, {"Node Type": "Bitmap Heap Scan", "Parent Relationship": "Inner", "Relation Name": "info_type", "Alias": "it2", "Startup Cost": 0.26, "Total Cost": 4.27, "Plan Rows": 1, "Plan Width": 4, "Recheck Cond": "(id = mi_idx.info_type_id)", "Filter": "((info)::text = 'rating'::text)", "Plans": [{"Node Type": "Bitmap Index Scan", "Parent Relationship": "Outer", "Index Name": "info_type_pkey", "Startup Cost": 0.0, "Total Cost": 0.26, "Plan Rows": 1, "Plan Width": 0, "Index Cond": "(id = mi_idx.info_type_id)"}]}]}, {"Node Type": "Bitmap Heap Scan", "Parent Relationship": "Inner", "Relation Name": "movie_info", "Alias": "mi", "Startup Cost": 0.47, "Total Cost": 4.55, "Plan Rows": 1, "Plan Width": 50, "Recheck Cond": "(movie_id = ci.movie_id)", "Filter": "((note IS NULL) AND ((info)::text = ANY ('{Horror,Thriller}'::text[])))", "Plans": [{"Node Type": "Bitmap Index Scan", "Parent Relationship": "Outer", "Index Name": "movie_id_movie_info", "Startup Cost": 0.0, "Total Cost": 0.47, "Plan Rows": 5, "Plan Width": 0, "Index Cond": "(movie_id = ci.movie_id)"}]}]}, {"Node Type": "Bitmap Heap Scan", "Parent Relationship": "Inner", "Relation Name": "info_type", "Alias": "it1", "Startup Cost": 0.26, "Total Cost": 4.27, "Plan Rows": 1, "Plan Width": 4, "Recheck Cond": "(id = mi.info_type_id)", "Filter": "((info)::text = 'genres'::text)", "Plans": [{"Node Type": "Bitmap Index Scan", "Parent Relationship": "Outer", "Index Name": "info_type_pkey", "Startup Cost": 0.0, "Total Cost": 0.26, "Plan Rows": 1, "Plan Width": 0, "Index Cond": "(id = mi.info_type_id)"}]}]}, {"Node Type": "Bitmap Heap Scan", "Parent Relationship": "Inner", "Relation Name": "title", "Alias": "t", "Startup Cost": 0.29, "Total Cost": 4.31, "Plan Rows": 1, "Plan Width": 21, "Recheck Cond": "(id = ci.movie_id)", "Filter": "((production_year >= 2008) AND (production_year <= 2014))", "Plans": [{"Node Type": "Bitmap Index Scan", "Parent Relationship": "Outer", "Index Name": "title_pkey", "Startup Cost": 0.0, "Total Cost": 0.29, "Plan Rows": 1, "Plan Width": 0, "Index Cond": "(id = ci.movie_id)"}]}]}, {"Node Type": "Bitmap Heap Scan", "Parent Relationship": "Inner", "Relation Name": "name", "Alias": "n", "Startup Cost": 0.31, "Total Cost": 4.32, "Plan Rows": 1, "Plan Width": 4, "Recheck Cond": "(id = ci.person_id)", "Filter": "((gender IS NOT NULL) AND ((gender)::text = 'f'::text))", "Plans": [{"Node Type": "Bitmap Index Scan", "Parent Relationship": "Outer", "Index Name": "name_pkey", "Startup Cost": 0.0, "Total Cost": 0.31, "Plan Rows": 1, "Plan Width": 0, "Index Cond": "(id = ci.person_id)"}]}]}]}, "Unique SQL Id": 661781350, "Planner Runtime": 9}, "explain_analyze_plan": null}, "(1, '20')": {"explain_plan": {"Plan": {"Node Type": "Aggregate", "Strategy": "Plain", "Startup Cost": 84207.28, "Total Cost": 84207.29, "Plan Rows": 1, "Plan Width": 160, "Plans": [{"Node Type": "Nested Loop", "Parent Relationship": "Outer", "Join Type": "Inner", "Startup Cost": 7419.04, "Total Cost": 84205.64, "Plan Rows": 219, "Plan Width": 64, "Inner Unique": true, "Plans": [{"Node Type": "Nested Loop", "Parent Relationship": "Outer", "Join Type": "Inner", "Startup Cost": 7419.04, "Total Cost": 84044.65, "Plan Rows": 321, "Plan Width": 68, "Inner Unique": false, "Plans": [{"Node Type": "Nested Loop", "Parent Relationship": "Outer", "Join Type": "Inner", "Startup Cost": 7419.04, "Total Cost": 83359.62, "Plan Rows": 291, "Plan Width": 76, "Inner Unique": false, "Join Filter": "(mi.info_type_id = it1.id)", "Plans": [{"Node Type": "Seq Scan", "Parent Relationship": "Outer", "Relation Name": "info_type", "Alias": "it1", "Startup Cost": 0.0, "Total Cost": 2.4, "Plan Rows": 1, "Plan Width": 4, "Filter": "((info)::text = 'genres'::text)"}, {"Node Type": "Nested Loop", "Parent Relationship": "Inner", "Join Type": "Inner", "Startup Cost": 7419.04, "Total Cost": 83185.31, "Plan Rows": 13753, "Plan Width": 80, "Inner Unique": false, "Plans": [{"Node Type": "Nested Loop", "Parent Relationship": "Outer", "Join Type": "Inner", "Startup Cost": 7419.04, "Total Cost": 61813.18, "Plan Rows": 15041, "Plan Width": 30, "Inner Unique": true, "Plans": [{"Node Type": "Nested Loop", "Parent Relationship": "Outer", "Join Type": "Inner", "Startup Cost": 7419.04, "Total Cost": 19199.92, "Plan Rows": 12936, "Plan Width": 9, "Inner Unique": false, "Plans": [{"Node Type": "Seq Scan", "Parent Relationship": "Outer", "Relation Name": "info_type", "Alias": "it2", "Startup Cost": 0.0, "Total Cost": 2.4, "Plan Rows": 1, "Plan Width": 4, "Filter": "((info)::text = 'rating'::text)"}, {"Node Type": "Bitmap Heap Scan", "Parent Relationship": "Inner", "Relation Name": "movie_info_idx", "Alias": "mi_idx", "Startup Cost": 7419.04, "Total Cost": 19068.16, "Plan Rows": 12936, "Plan Width": 13, "Recheck Cond": "(info_type_id = it2.id)", "Filter": "((info)::text > '8.0'::text)", "Plans": [{"Node Type": "Bitmap Index Scan", "Parent Relationship": "Outer", "Index Name": "info_type_id_movie_info_idx", "Startup Cost": 0.0, "Total Cost": 7415.81, "Plan Rows": 345008, "Plan Width": 0, "Index Cond": "(info_type_id = it2.id)"}]}]}, {"Node Type": "Index Scan", "Parent Relationship": "Inner", "Scan Direction": "Forward", "Index Name": "title_pkey", "Relation Name": "title", "Alias": "t", "Startup Cost": 0.0, "Total Cost": 3.28, "Plan Rows": 1, "Plan Width": 21, "Index Cond": "(id = mi_idx.movie_id)", "Filter": "((production_year >= 2008) AND (production_year <= 2014))"}]}, {"Node Type": "Index Scan", "Parent Relationship": "Inner", "Scan Direction": "Forward", "Index Name": "movie_id_movie_info", "Relation Name": "movie_info", "Alias": "mi", "Startup Cost": 0.0, "Total Cost": 1.41, "Plan Rows": 1, "Plan Width": 50, "Index Cond": "(movie_id = t.id)", "Filter": "((note IS NULL) AND ((info)::text = ANY ('{Horror,Thriller}'::text[])))"}]}]}, {"Node Type": "Index Scan", "Parent Relationship": "Inner", "Scan Direction": "Forward", "Index Name": "movie_id_cast_info", "Relation Name": "cast_info", "Alias": "ci", "Startup Cost": 0.0, "Total Cost": 2.34, "Plan Rows": 1, "Plan Width": 8, "Index Cond": "(movie_id = t.id)", "Filter": "((note)::text = ANY ('{(writer),\"(head writer)\",\"(written by)\",(story),\"(story editor)\"}'::text[]))"}]}, {"Node Type": "Index Scan", "Parent Relationship": "Inner", "Scan Direction": "Forward", "Index Name": "name_pkey", "Relation Name": "name", "Alias": "n", "Startup Cost": 0.0, "Total Cost": 0.49, "Plan Rows": 1, "Plan Width": 4, "Index Cond": "(id = ci.person_id)", "Filter": "((gender IS NOT NULL) AND ((gender)::text = 'f'::text))"}]}]}, "Unique SQL Id": 661781350, "Planner Runtime": 18}, "explain_analyze_plan": {"Plan": {"Node Type": "Aggregate", "Strategy": "Plain", "Startup Cost": 84207.28, "Total Cost": 84207.29, "Plan Rows": 1, "Plan Width": 160, "Actual Startup Time": 571.433, "Actual Total Time": 571.434, "Actual Rows": 1, "Actual Loops": 1, "Plans": [{"Node Type": "Nested Loop", "Parent Relationship": "Outer", "Join Type": "Inner", "Startup Cost": 7419.04, "Total Cost": 84205.64, "Plan Rows": 219, "Plan Width": 64, "Actual Startup Time": 340.927, "Actual Total Time": 571.372, "Actual Rows": 11, "Actual Loops": 1, "Inner Unique": true, "Plans": [{"Node Type": "Nested Loop", "Parent Relationship": "Outer", "Join Type": "Inner", "Startup Cost": 7419.04, "Total Cost": 84044.65, "Plan Rows": 321, "Plan Width": 68, "Actual Startup Time": 156.562, "Actual Total Time": 569.19, "Actual Rows": 268, "Actual Loops": 1, "Inner Unique": false, "Plans": [{"Node Type": "Nested Loop", "Parent Relationship": "Outer", "Join Type": "Inner", "Startup Cost": 7419.04, "Total Cost": 83359.62, "Plan Rows": 291, "Plan Width": 76, "Actual Startup Time": 88.153, "Actual Total Time": 544.541, "Actual Rows": 358, "Actual Loops": 1, "Inner Unique": false, "Join Filter": "(mi.info_type_id = it1.id)", "Rows Removed by Join Filter": 0, "Plans": [{"Node Type": "Seq Scan", "Parent Relationship": "Outer", "Relation Name": "info_type", "Alias": "it1", "Startup Cost": 0.0, "Total Cost": 2.4, "Plan Rows": 1, "Plan Width": 4, "Actual Startup Time": 0.03, "Actual Total Time": 0.066, "Actual Rows": 1, "Actual Loops": 1, "Filter": "((info)::text = 'genres'::text)", "Rows Removed by Filter": 111}, {"Node Type": "Nested Loop", "Parent Relationship": "Inner", "Join Type": "Inner", "Startup Cost": 7419.04, "Total Cost": 83185.31, "Plan Rows": 13753, "Plan Width": 80, "Actual Startup Time": 88.113, "Actual Total Time": 544.249, "Actual Rows": 358, "Actual Loops": 1, "Inner Unique": false, "Plans": [{"Node Type": "Nested Loop", "Parent Relationship": "Outer", "Join Type": "Inner", "Startup Cost": 7419.04, "Total Cost": 61813.18, "Plan Rows": 15041, "Plan Width": 30, "Actual Startup Time": 79.89, "Actual Total Time": 404.387, "Actual Rows": 6152, "Actual Loops": 1, "Inner Unique": true, "Plans": [{"Node Type": "Nested Loop", "Parent Relationship": "Outer", "Join Type": "Inner", "Startup Cost": 7419.04, "Total Cost": 19199.92, "Plan Rows": 12936, "Plan Width": 9, "Actual Startup Time": 78.103, "Actual Total Time": 325.531, "Actual Rows": 15849, "Actual Loops": 1, "Inner Unique": false, "Plans": [{"Node Type": "Seq Scan", "Parent Relationship": "Outer", "Relation Name": "info_type", "Alias": "it2", "Startup Cost": 0.0, "Total Cost": 2.4, "Plan Rows": 1, "Plan Width": 4, "Actual Startup Time": 0.041, "Actual Total Time": 0.061, "Actual Rows": 1, "Actual Loops": 1, "Filter": "((info)::text = 'rating'::text)", "Rows Removed by Filter": 111}, {"Node Type": "Bitmap Heap Scan", "Parent Relationship": "Inner", "Relation Name": "movie_info_idx", "Alias": "mi_idx", "Startup Cost": 7419.04, "Total Cost": 19068.16, "Plan Rows": 12936, "Plan Width": 13, "Actual Startup Time": 78.058, "Actual Total Time": 321.813, "Actual Rows": 15849, "Actual Loops": 1, "Recheck Cond": "(info_type_id = it2.id)", "Rows Removed by Index Recheck": 0, "Filter": "((info)::text > '8.0'::text)", "Rows Removed by Filter": 444076, "Exact Heap Blocks": 6472, "Lossy Heap Blocks": 6472, "Plans": [{"Node Type": "Bitmap Index Scan", "Parent Relationship": "Outer", "Index Name": "info_type_id_movie_info_idx", "Startup Cost": 0.0, "Total Cost": 7415.81, "Plan Rows": 345008, "Plan Width": 0, "Actual Startup Time": 76.814, "Actual Total Time": 76.814, "Actual Rows": 459925, "Actual Loops": 1, "Index Cond": "(info_type_id = it2.id)"}]}]}, {"Node Type": "Index Scan", "Parent Relationship": "Inner", "Scan Direction": "Forward", "Index Name": "title_pkey", "Relation Name": "title", "Alias": "t", "Startup Cost": 0.0, "Total Cost": 3.28, "Plan Rows": 1, "Plan Width": 21, "Actual Startup Time": 68.995, "Actual Total Time": 68.995, "Actual Rows": 6152, "Actual Loops": 15849, "Index Cond": "(id = mi_idx.movie_id)", "Rows Removed by Index Recheck": 0, "Filter": "((production_year >= 2008) AND (production_year <= 2014))", "Rows Removed by Filter": 9697}]}, {"Node Type": "Index Scan", "Parent Relationship": "Inner", "Scan Direction": "Forward", "Index Name": "movie_id_movie_info", "Relation Name": "movie_info", "Alias": "mi", "Startup Cost": 0.0, "Total Cost": 1.41, "Plan Rows": 1, "Plan Width": 50, "Actual Startup Time": 136.216, "Actual Total Time": 136.521, "Actual Rows": 358, "Actual Loops": 6152, "Index Cond": "(movie_id = t.id)", "Rows Removed by Index Recheck": 0, "Filter": "((note IS NULL) AND ((info)::text = ANY ('{Horror,Thriller}'::text[])))", "Rows Removed by Filter": 109599}]}]}, {"Node Type": "Index Scan", "Parent Relationship": "Inner", "Scan Direction": "Forward", "Index Name": "movie_id_cast_info", "Relation Name": "cast_info", "Alias": "ci", "Startup Cost": 0.0, "Total Cost": 2.34, "Plan Rows": 1, "Plan Width": 8, "Actual Startup Time": 19.028, "Actual Total Time": 24.254, "Actual Rows": 268, "Actual Loops": 358, "Index Cond": "(movie_id = t.id)", "Rows Removed by Index Recheck": 0, "Filter": "((note)::text = ANY ('{(writer),\"(head writer)\",\"(written by)\",(story),\"(story editor)\"}'::text[]))", "Rows Removed by Filter": 12296}]}, {"Node Type": "Index Scan", "Parent Relationship": "Inner", "Scan Direction": "Forward", "Index Name": "name_pkey", "Relation Name": "name", "Alias": "n", "Startup Cost": 0.0, "Total Cost": 0.49, "Plan Rows": 1, "Plan Width": 4, "Actual Startup Time": 1.935, "Actual Total Time": 1.935, "Actual Rows": 11, "Actual Loops": 268, "Index Cond": "(id = ci.person_id)", "Rows Removed by Index Recheck": 0, "Filter": "((gender IS NOT NULL) AND ((gender)::text = 'f'::text))", "Rows Removed by Filter": 257}]}]}, "Triggers": [], "Planner Runtime": 22.994, "Total Runtime": 571.807, "Unique SQL Id": 661781350}}, "(1, '21')": {"explain_plan": {"Plan": {"Node Type": "Aggregate", "Strategy": "Plain", "Startup Cost": 84230.9, "Total Cost": 84230.91, "Plan Rows": 1, "Plan Width": 160, "Plans": [{"Node Type": "Nested Loop", "Parent Relationship": "Outer", "Join Type": "Inner", "Startup Cost": 7419.04, "Total Cost": 84229.26, "Plan Rows": 219, "Plan Width": 64, "Inner Unique": true, "Plans": [{"Node Type": "Nested Loop", "Parent Relationship": "Outer", "Join Type": "Inner", "Startup Cost": 7419.04, "Total Cost": 84068.27, "Plan Rows": 321, "Plan Width": 68, "Inner Unique": false, "Plans": [{"Node Type": "Nested Loop", "Parent Relationship": "Outer", "Join Type": "Inner", "Startup Cost": 7419.04, "Total Cost": 83383.24, "Plan Rows": 291, "Plan Width": 76, "Inner Unique": false, "Join Filter": "(mi.info_type_id = it1.id)", "Plans": [{"Node Type": "Index Scan", "Parent Relationship": "Outer", "Scan Direction": "Forward", "Index Name": "info_type_pkey", "Relation Name": "info_type", "Alias": "it1", "Startup Cost": 0.0, "Total Cost": 14.21, "Plan Rows": 1, "Plan Width": 4, "Filter": "((info)::text = 'genres'::text)"}, {"Node Type": "Nested Loop", "Parent Relationship": "Inner", "Join Type": "Inner", "Startup Cost": 7419.04, "Total Cost": 83197.12, "Plan Rows": 13753, "Plan Width": 80, "Inner Unique": false, "Plans": [{"Node Type": "Nested Loop", "Parent Relationship": "Outer", "Join Type": "Inner", "Startup Cost": 7419.04, "Total Cost": 61824.99, "Plan Rows": 15041, "Plan Width": 30, "Inner Unique": true, "Plans": [{"Node Type": "Nested Loop", "Parent Relationship": "Outer", "Join Type": "Inner", "Startup Cost": 7419.04, "Total Cost": 19211.73, "Plan Rows": 12936, "Plan Width": 9, "Inner Unique": false, "Plans": [{"Node Type": "Index Scan", "Parent Relationship": "Outer", "Scan Direction": "Forward", "Index Name": "info_type_pkey", "Relation Name": "info_type", "Alias": "it2", "Startup Cost": 0.0, "Total Cost": 14.21, "Plan Rows": 1, "Plan Width": 4, "Filter": "((info)::text = 'rating'::text)"}, {"Node Type": "Bitmap Heap Scan", "Parent Relationship": "Inner", "Relation Name": "movie_info_idx", "Alias": "mi_idx", "Startup Cost": 7419.04, "Total Cost": 19068.16, "Plan Rows": 12936, "Plan Width": 13, "Recheck Cond": "(info_type_id = it2.id)", "Filter": "((info)::text > '8.0'::text)", "Plans": [{"Node Type": "Bitmap Index Scan", "Parent Relationship": "Outer", "Index Name": "info_type_id_movie_info_idx", "Startup Cost": 0.0, "Total Cost": 7415.81, "Plan Rows": 345008, "Plan Width": 0, "Index Cond": "(info_type_id = it2.id)"}]}]}, {"Node Type": "Index Scan", "Parent Relationship": "Inner", "Scan Direction": "Forward", "Index Name": "title_pkey", "Relation Name": "title", "Alias": "t", "Startup Cost": 0.0, "Total Cost": 3.28, "Plan Rows": 1, "Plan Width": 21, "Index Cond": "(id = mi_idx.movie_id)", "Filter": "((production_year >= 2008) AND (production_year <= 2014))"}]}, {"Node Type": "Index Scan", "Parent Relationship": "Inner", "Scan Direction": "Forward", "Index Name": "movie_id_movie_info", "Relation Name": "movie_info", "Alias": "mi", "Startup Cost": 0.0, "Total Cost": 1.41, "Plan Rows": 1, "Plan Width": 50, "Index Cond": "(movie_id = t.id)", "Filter": "((note IS NULL) AND ((info)::text = ANY ('{Horror,Thriller}'::text[])))"}]}]}, {"Node Type": "Index Scan", "Parent Relationship": "Inner", "Scan Direction": "Forward", "Index Name": "movie_id_cast_info", "Relation Name": "cast_info", "Alias": "ci", "Startup Cost": 0.0, "Total Cost": 2.34, "Plan Rows": 1, "Plan Width": 8, "Index Cond": "(movie_id = t.id)", "Filter": "((note)::text = ANY ('{(writer),\"(head writer)\",\"(written by)\",(story),\"(story editor)\"}'::text[]))"}]}, {"Node Type": "Index Scan", "Parent Relationship": "Inner", "Scan Direction": "Forward", "Index Name": "name_pkey", "Relation Name": "name", "Alias": "n", "Startup Cost": 0.0, "Total Cost": 0.49, "Plan Rows": 1, "Plan Width": 4, "Index Cond": "(id = ci.person_id)", "Filter": "((gender IS NOT NULL) AND ((gender)::text = 'f'::text))"}]}]}, "Unique SQL Id": 661781350, "Planner Runtime": 15}, "explain_analyze_plan": {"Plan": {"Node Type": "Aggregate", "Strategy": "Plain", "Startup Cost": 84230.9, "Total Cost": 84230.91, "Plan Rows": 1, "Plan Width": 160, "Actual Startup Time": 642.245, "Actual Total Time": 642.245, "Actual Rows": 1, "Actual Loops": 1, "Plans": [{"Node Type": "Nested Loop", "Parent Relationship": "Outer", "Join Type": "Inner", "Startup Cost": 7419.04, "Total Cost": 84229.26, "Plan Rows": 219, "Plan Width": 64, "Actual Startup Time": 341.884, "Actual Total Time": 642.185, "Actual Rows": 11, "Actual Loops": 1, "Inner Unique": true, "Plans": [{"Node Type": "Nested Loop", "Parent Relationship": "Outer", "Join Type": "Inner", "Startup Cost": 7419.04, "Total Cost": 84068.27, "Plan Rows": 321, "Plan Width": 68, "Actual Startup Time": 137.798, "Actual Total Time": 639.27, "Actual Rows": 268, "Actual Loops": 1, "Inner Unique": false, "Plans": [{"Node Type": "Nested Loop", "Parent Relationship": "Outer", "Join Type": "Inner", "Startup Cost": 7419.04, "Total Cost": 83383.24, "Plan Rows": 291, "Plan Width": 76, "Actual Startup Time": 74.227, "Actual Total Time": 603.246, "Actual Rows": 358, "Actual Loops": 1, "Inner Unique": false, "Join Filter": "(mi.info_type_id = it1.id)", "Rows Removed by Join Filter": 0, "Plans": [{"Node Type": "Index Scan", "Parent Relationship": "Outer", "Scan Direction": "Forward", "Index Name": "info_type_pkey", "Relation Name": "info_type", "Alias": "it1", "Startup Cost": 0.0, "Total Cost": 14.21, "Plan Rows": 1, "Plan Width": 4, "Actual Startup Time": 0.026, "Actual Total Time": 0.084, "Actual Rows": 1, "Actual Loops": 1, "Filter": "((info)::text = 'genres'::text)", "Rows Removed by Filter": 111}, {"Node Type": "Nested Loop", "Parent Relationship": "Inner", "Join Type": "Inner", "Startup Cost": 7419.04, "Total Cost": 83197.12, "Plan Rows": 13753, "Plan Width": 80, "Actual Startup Time": 74.192, "Actual Total Time": 602.921, "Actual Rows": 358, "Actual Loops": 1, "Inner Unique": false, "Plans": [{"Node Type": "Nested Loop", "Parent Relationship": "Outer", "Join Type": "Inner", "Startup Cost": 7419.04, "Total Cost": 61824.99, "Plan Rows": 15041, "Plan Width": 30, "Actual Startup Time": 66.761, "Actual Total Time": 441.413, "Actual Rows": 6152, "Actual Loops": 1, "Inner Unique": true, "Plans": [{"Node Type": "Nested Loop", "Parent Relationship": "Outer", "Join Type": "Inner", "Startup Cost": 7419.04, "Total Cost": 19211.73, "Plan Rows": 12936, "Plan Width": 9, "Actual Startup Time": 65.136, "Actual Total Time": 351.488, "Actual Rows": 15849, "Actual Loops": 1, "Inner Unique": false, "Plans": [{"Node Type": "Index Scan", "Parent Relationship": "Outer", "Scan Direction": "Forward", "Index Name": "info_type_pkey", "Relation Name": "info_type", "Alias": "it2", "Startup Cost": 0.0, "Total Cost": 14.21, "Plan Rows": 1, "Plan Width": 4, "Actual Startup Time": 0.048, "Actual Total Time": 0.061, "Actual Rows": 1, "Actual Loops": 1, "Filter": "((info)::text = 'rating'::text)", "Rows Removed by Filter": 111}, {"Node Type": "Bitmap Heap Scan", "Parent Relationship": "Inner", "Relation Name": "movie_info_idx", "Alias": "mi_idx", "Startup Cost": 7419.04, "Total Cost": 19068.16, "Plan Rows": 12936, "Plan Width": 13, "Actual Startup Time": 65.081, "Actual Total Time": 347.903, "Actual Rows": 15849, "Actual Loops": 1, "Recheck Cond": "(info_type_id = it2.id)", "Rows Removed by Index Recheck": 0, "Filter": "((info)::text > '8.0'::text)", "Rows Removed by Filter": 444076, "Exact Heap Blocks": 6472, "Lossy Heap Blocks": 6472, "Plans": [{"Node Type": "Bitmap Index Scan", "Parent Relationship": "Outer", "Index Name": "info_type_id_movie_info_idx", "Startup Cost": 0.0, "Total Cost": 7415.81, "Plan Rows": 345008, "Plan Width": 0, "Actual Startup Time": 63.828, "Actual Total Time": 63.828, "Actual Rows": 459925, "Actual Loops": 1, "Index Cond": "(info_type_id = it2.id)"}]}]}, {"Node Type": "Index Scan", "Parent Relationship": "Inner", "Scan Direction": "Forward", "Index Name": "title_pkey", "Relation Name": "title", "Alias": "t", "Startup Cost": 0.0, "Total Cost": 3.28, "Plan Rows": 1, "Plan Width": 21, "Actual Startup Time": 79.873, "Actual Total Time": 79.873, "Actual Rows": 6152, "Actual Loops": 15849, "Index Cond": "(id = mi_idx.movie_id)", "Rows Removed by Index Recheck": 0, "Filter": "((production_year >= 2008) AND (production_year <= 2014))", "Rows Removed by Filter": 9697}]}, {"Node Type": "Index Scan", "Parent Relationship": "Inner", "Scan Direction": "Forward", "Index Name": "movie_id_movie_info", "Relation Name": "movie_info", "Alias": "mi", "Startup Cost": 0.0, "Total Cost": 1.41, "Plan Rows": 1, "Plan Width": 50, "Actual Startup Time": 157.796, "Actual Total Time": 158.095, "Actual Rows": 358, "Actual Loops": 6152, "Index Cond": "(movie_id = t.id)", "Rows Removed by Index Recheck": 0, "Filter": "((note IS NULL) AND ((info)::text = ANY ('{Horror,Thriller}'::text[])))", "Rows Removed by Filter": 109599}]}]}, {"Node Type": "Index Scan", "Parent Relationship": "Inner", "Scan Direction": "Forward", "Index Name": "movie_id_cast_info", "Relation Name": "cast_info", "Alias": "ci", "Startup Cost": 0.0, "Total Cost": 2.34, "Plan Rows": 1, "Plan Width": 8, "Actual Startup Time": 27.975, "Actual Total Time": 35.613, "Actual Rows": 268, "Actual Loops": 358, "Index Cond": "(movie_id = t.id)", "Rows Removed by Index Recheck": 0, "Filter": "((note)::text = ANY ('{(writer),\"(head writer)\",\"(written by)\",(story),\"(story editor)\"}'::text[]))", "Rows Removed by Filter": 12296}]}, {"Node Type": "Index Scan", "Parent Relationship": "Inner", "Scan Direction": "Forward", "Index Name": "name_pkey", "Relation Name": "name", "Alias": "n", "Startup Cost": 0.0, "Total Cost": 0.49, "Plan Rows": 1, "Plan Width": 4, "Actual Startup Time": 2.646, "Actual Total Time": 2.646, "Actual Rows": 11, "Actual Loops": 268, "Index Cond": "(id = ci.person_id)", "Rows Removed by Index Recheck": 0, "Filter": "((gender IS NOT NULL) AND ((gender)::text = 'f'::text))", "Rows Removed by Filter": 257}]}]}, "Triggers": [], "Planner Runtime": 16.979, "Total Runtime": 642.612, "Unique SQL Id": 661781350}}, "(1, '22')": {"explain_plan": {"Plan": {"Node Type": "Aggregate", "Strategy": "Plain", "Startup Cost": 157086.07, "Total Cost": 157086.08, "Plan Rows": 1, "Plan Width": 160, "Plans": [{"Node Type": "Nested Loop", "Parent Relationship": "Outer", "Join Type": "Inner", "Startup Cost": 7421.91, "Total Cost": 157084.43, "Plan Rows": 219, "Plan Width": 64, "Inner Unique": true, "Plans": [{"Node Type": "Nested Loop", "Parent Relationship": "Outer", "Join Type": "Inner", "Startup Cost": 7421.6, "Total Cost": 155693.31, "Plan Rows": 321, "Plan Width": 68, "Inner Unique": false, "Plans": [{"Node Type": "Nested Loop", "Parent Relationship": "Outer", "Join Type": "Inner", "Startup Cost": 7420.6, "Total Cost": 154200.13, "Plan Rows": 291, "Plan Width": 76, "Inner Unique": false, "Join Filter": "(mi.info_type_id = it1.id)", "Plans": [{"Node Type": "Seq Scan", "Parent Relationship": "Outer", "Relation Name": "info_type", "Alias": "it1", "Startup Cost": 0.0, "Total Cost": 2.4, "Plan Rows": 1, "Plan Width": 4, "Filter": "((info)::text = 'genres'::text)"}, {"Node Type": "Nested Loop", "Parent Relationship": "Inner", "Join Type": "Inner", "Startup Cost": 7420.6, "Total Cost": 154025.82, "Plan Rows": 13753, "Plan Width": 80, "Inner Unique": false, "Plans": [{"Node Type": "Nested Loop", "Parent Relationship": "Outer", "Join Type": "Inner", "Startup Cost": 7420.02, "Total Cost": 83886.56, "Plan Rows": 15041, "Plan Width": 30, "Inner Unique": true, "Plans": [{"Node Type": "Nested Loop", "Parent Relationship": "Outer", "Join Type": "Inner", "Startup Cost": 7419.04, "Total Cost": 19199.92, "Plan Rows": 12936, "Plan Width": 9, "Inner Unique": false, "Plans": [{"Node Type": "Seq Scan", "Parent Relationship": "Outer", "Relation Name": "info_type", "Alias": "it2", "Startup Cost": 0.0, "Total Cost": 2.4, "Plan Rows": 1, "Plan Width": 4, "Filter": "((info)::text = 'rating'::text)"}, {"Node Type": "Bitmap Heap Scan", "Parent Relationship": "Inner", "Relation Name": "movie_info_idx", "Alias": "mi_idx", "Startup Cost": 7419.04, "Total Cost": 19068.16, "Plan Rows": 12936, "Plan Width": 13, "Recheck Cond": "(info_type_id = it2.id)", "Filter": "((info)::text > '8.0'::text)", "Plans": [{"Node Type": "Bitmap Index Scan", "Parent Relationship": "Outer", "Index Name": "info_type_id_movie_info_idx", "Startup Cost": 0.0, "Total Cost": 7415.81, "Plan Rows": 345008, "Plan Width": 0, "Index Cond": "(info_type_id = it2.id)"}]}]}, {"Node Type": "Bitmap Heap Scan", "Parent Relationship": "Inner", "Relation Name": "title", "Alias": "t", "Startup Cost": 0.97, "Total Cost": 4.99, "Plan Rows": 1, "Plan Width": 21, "Recheck Cond": "(id = mi_idx.movie_id)", "Filter": "((production_year >= 2008) AND (production_year <= 2014))", "Plans": [{"Node Type": "Bitmap Index Scan", "Parent Relationship": "Outer", "Index Name": "title_pkey", "Startup Cost": 0.0, "Total Cost": 0.97, "Plan Rows": 1, "Plan Width": 0, "Index Cond": "(id = mi_idx.movie_id)"}]}]}, {"Node Type": "Bitmap Heap Scan", "Parent Relationship": "Inner", "Relation Name": "movie_info", "Alias": "mi", "Startup Cost": 0.58, "Total Cost": 4.65, "Plan Rows": 1, "Plan Width": 50, "Recheck Cond": "(movie_id = t.id)", "Filter": "((note IS NULL) AND ((info)::text = ANY ('{Horror,Thriller}'::text[])))", "Plans": [{"Node Type": "Bitmap Index Scan", "Parent Relationship": "Outer", "Index Name": "movie_id_movie_info", "Startup Cost": 0.0, "Total Cost": 0.58, "Plan Rows": 5, "Plan Width": 0, "Index Cond": "(movie_id = t.id)"}]}]}]}, {"Node Type": "Bitmap Heap Scan", "Parent Relationship": "Inner", "Relation Name": "cast_info", "Alias": "ci", "Startup Cost": 1.01, "Total Cost": 5.12, "Plan Rows": 1, "Plan Width": 8, "Recheck Cond": "(movie_id = t.id)", "Filter": "((note)::text = ANY ('{(writer),\"(head writer)\",\"(written by)\",(story),\"(story editor)\"}'::text[]))", "Plans": [{"Node Type": "Bitmap Index Scan", "Parent Relationship": "Outer", "Index Name": "movie_id_cast_info", "Startup Cost": 0.0, "Total Cost": 1.01, "Plan Rows": 6, "Plan Width": 0, "Index Cond": "(movie_id = t.id)"}]}]}, {"Node Type": "Bitmap Heap Scan", "Parent Relationship": "Inner", "Relation Name": "name", "Alias": "n", "Startup Cost": 0.31, "Total Cost": 4.32, "Plan Rows": 1, "Plan Width": 4, "Recheck Cond": "(id = ci.person_id)", "Filter": "((gender IS NOT NULL) AND ((gender)::text = 'f'::text))", "Plans": [{"Node Type": "Bitmap Index Scan", "Parent Relationship": "Outer", "Index Name": "name_pkey", "Startup Cost": 0.0, "Total Cost": 0.31, "Plan Rows": 1, "Plan Width": 0, "Index Cond": "(id = ci.person_id)"}]}]}]}, "Unique SQL Id": 661781350, "Planner Runtime": 17}, "explain_analyze_plan": {"Plan": {"Node Type": "Aggregate", "Strategy": "Plain", "Startup Cost": 157086.07, "Total Cost": 157086.08, "Plan Rows": 1, "Plan Width": 160, "Actual Startup Time": 772.672, "Actual Total Time": 772.673, "Actual Rows": 1, "Actual Loops": 1, "Plans": [{"Node Type": "Nested Loop", "Parent Relationship": "Outer", "Join Type": "Inner", "Startup Cost": 7421.91, "Total Cost": 157084.43, "Plan Rows": 219, "Plan Width": 64, "Actual Startup Time": 434.6, "Actual Total Time": 772.602, "Actual Rows": 11, "Actual Loops": 1, "Inner Unique": true, "Plans": [{"Node Type": "Nested Loop", "Parent Relationship": "Outer", "Join Type": "Inner", "Startup Cost": 7421.6, "Total Cost": 155693.31, "Plan Rows": 321, "Plan Width": 68, "Actual Startup Time": 169.023, "Actual Total Time": 768.854, "Actual Rows": 268, "Actual Loops": 1, "Inner Unique": false, "Plans": [{"Node Type": "Nested Loop", "Parent Relationship": "Outer", "Join Type": "Inner", "Startup Cost": 7420.6, "Total Cost": 154200.13, "Plan Rows": 291, "Plan Width": 76, "Actual Startup Time": 83.828, "Actual Total Time": 721.9, "Actual Rows": 358, "Actual Loops": 1, "Inner Unique": false, "Join Filter": "(mi.info_type_id = it1.id)", "Rows Removed by Join Filter": 0, "Plans": [{"Node Type": "Seq Scan", "Parent Relationship": "Outer", "Relation Name": "info_type", "Alias": "it1", "Startup Cost": 0.0, "Total Cost": 2.4, "Plan Rows": 1, "Plan Width": 4, "Actual Startup Time": 0.045, "Actual Total Time": 0.082, "Actual Rows": 1, "Actual Loops": 1, "Filter": "((info)::text = 'genres'::text)", "Rows Removed by Filter": 111}, {"Node Type": "Nested Loop", "Parent Relationship": "Inner", "Join Type": "Inner", "Startup Cost": 7420.6, "Total Cost": 154025.82, "Plan Rows": 13753, "Plan Width": 80, "Actual Startup Time": 83.774, "Actual Total Time": 721.552, "Actual Rows": 358, "Actual Loops": 1, "Inner Unique": false, "Plans": [{"Node Type": "Nested Loop", "Parent Relationship": "Outer", "Join Type": "Inner", "Startup Cost": 7420.02, "Total Cost": 83886.56, "Plan Rows": 15041, "Plan Width": 30, "Actual Startup Time": 74.777, "Actual Total Time": 509.207, "Actual Rows": 6152, "Actual Loops": 1, "Inner Unique": true, "Plans": [{"Node Type": "Nested Loop", "Parent Relationship": "Outer", "Join Type": "Inner", "Startup Cost": 7419.04, "Total Cost": 19199.92, "Plan Rows": 12936, "Plan Width": 9, "Actual Startup Time": 72.767, "Actual Total Time": 380.691, "Actual Rows": 15849, "Actual Loops": 1, "Inner Unique": false, "Plans": [{"Node Type": "Seq Scan", "Parent Relationship": "Outer", "Relation Name": "info_type", "Alias": "it2", "Startup Cost": 0.0, "Total Cost": 2.4, "Plan Rows": 1, "Plan Width": 4, "Actual Startup Time": 0.044, "Actual Total Time": 0.065, "Actual Rows": 1, "Actual Loops": 1, "Filter": "((info)::text = 'rating'::text)", "Rows Removed by Filter": 111}, {"Node Type": "Bitmap Heap Scan", "Parent Relationship": "Inner", "Relation Name": "movie_info_idx", "Alias": "mi_idx", "Startup Cost": 7419.04, "Total Cost": 19068.16, "Plan Rows": 12936, "Plan Width": 13, "Actual Startup Time": 72.719, "Actual Total Time": 376.809, "Actual Rows": 15849, "Actual Loops": 1, "Recheck Cond": "(info_type_id = it2.id)", "Rows Removed by Index Recheck": 0, "Filter": "((info)::text > '8.0'::text)", "Rows Removed by Filter": 444076, "Exact Heap Blocks": 6472, "Lossy Heap Blocks": 6472, "Plans": [{"Node Type": "Bitmap Index Scan", "Parent Relationship": "Outer", "Index Name": "info_type_id_movie_info_idx", "Startup Cost": 0.0, "Total Cost": 7415.81, "Plan Rows": 345008, "Plan Width": 0, "Actual Startup Time": 71.415, "Actual Total Time": 71.415, "Actual Rows": 459925, "Actual Loops": 1, "Index Cond": "(info_type_id = it2.id)"}]}]}, {"Node Type": "Bitmap Heap Scan", "Parent Relationship": "Inner", "Relation Name": "title", "Alias": "t", "Startup Cost": 0.97, "Total Cost": 4.99, "Plan Rows": 1, "Plan Width": 21, "Actual Startup Time": 107.843, "Actual Total Time": 107.843, "Actual Rows": 6152, "Actual Loops": 15849, "Recheck Cond": "(id = mi_idx.movie_id)", "Rows Removed by Index Recheck": 0, "Filter": "((production_year >= 2008) AND (production_year <= 2014))", "Rows Removed by Filter": 9697, "Exact Heap Blocks": 15849, "Lossy Heap Blocks": 15849, "Plans": [{"Node Type": "Bitmap Index Scan", "Parent Relationship": "Outer", "Index Name": "title_pkey", "Startup Cost": 0.0, "Total Cost": 0.97, "Plan Rows": 1, "Plan Width": 0, "Actual Startup Time": 51.257, "Actual Total Time": 51.257, "Actual Rows": 15849, "Actual Loops": 15849, "Index Cond": "(id = mi_idx.movie_id)"}]}]}, {"Node Type": "Bitmap Heap Scan", "Parent Relationship": "Inner", "Relation Name": "movie_info", "Alias": "mi", "Startup Cost": 0.58, "Total Cost": 4.65, "Plan Rows": 1, "Plan Width": 50, "Actual Startup Time": 203.885, "Actual Total Time": 204.063, "Actual Rows": 358, "Actual Loops": 6152, "Recheck Cond": "(movie_id = t.id)", "Rows Removed by Index Recheck": 0, "Filter": "((note IS NULL) AND ((info)::text = ANY ('{Horror,Thriller}'::text[])))", "Rows Removed by Filter": 109599, "Exact Heap Blocks": 52726, "Lossy Heap Blocks": 52726, "Plans": [{"Node Type": "Bitmap Index Scan", "Parent Relationship": "Outer", "Index Name": "movie_id_movie_info", "Startup Cost": 0.0, "Total Cost": 0.58, "Plan Rows": 5, "Plan Width": 0, "Actual Startup Time": 46.751, "Actual Total Time": 46.751, "Actual Rows": 109957, "Actual Loops": 6152, "Index Cond": "(movie_id = t.id)"}]}]}]}, {"Node Type": "Bitmap Heap Scan", "Parent Relationship": "Inner", "Relation Name": "cast_info", "Alias": "ci", "Startup Cost": 1.01, "Total Cost": 5.12, "Plan Rows": 1, "Plan Width": 8, "Actual Startup Time": 37.12, "Actual Total Time": 46.053, "Actual Rows": 268, "Actual Loops": 358, "Recheck Cond": "(movie_id = t.id)", "Rows Removed by Index Recheck": 0, "Filter": "((note)::text = ANY ('{(writer),\"(head writer)\",\"(written by)\",(story),\"(story editor)\"}'::text[]))", "Rows Removed by Filter": 12296, "Exact Heap Blocks": 11454, "Lossy Heap Blocks": 11454, "Plans": [{"Node Type": "Bitmap Index Scan", "Parent Relationship": "Outer", "Index Name": "movie_id_cast_info", "Startup Cost": 0.0, "Total Cost": 1.01, "Plan Rows": 6, "Plan Width": 0, "Actual Startup Time": 6.148, "Actual Total Time": 6.148, "Actual Rows": 12564, "Actual Loops": 358, "Index Cond": "(movie_id = t.id)"}]}]}, {"Node Type": "Bitmap Heap Scan", "Parent Relationship": "Inner", "Relation Name": "name", "Alias": "n", "Startup Cost": 0.31, "Total Cost": 4.32, "Plan Rows": 1, "Plan Width": 4, "Actual Startup Time": 3.215, "Actual Total Time": 3.215, "Actual Rows": 11, "Actual Loops": 268, "Recheck Cond": "(id = ci.person_id)", "Rows Removed by Index Recheck": 0, "Filter": "((gender IS NOT NULL) AND ((gender)::text = 'f'::text))", "Rows Removed by Filter": 257, "Exact Heap Blocks": 268, "Lossy Heap Blocks": 268, "Plans": [{"Node Type": "Bitmap Index Scan", "Parent Relationship": "Outer", "Index Name": "name_pkey", "Startup Cost": 0.0, "Total Cost": 0.31, "Plan Rows": 1, "Plan Width": 0, "Actual Startup Time": 2.013, "Actual Total Time": 2.013, "Actual Rows": 268, "Actual Loops": 268, "Index Cond": "(id = ci.person_id)"}]}]}]}, "Triggers": [], "Planner Runtime": 24.695, "Total Runtime": 773.026, "Unique SQL Id": 661781350}}, "(1, '23')": {"explain_plan": {"Plan": {"Node Type": "Aggregate", "Strategy": "Plain", "Startup Cost": 1000198965418.13, "Total Cost": 1000198965418.14, "Plan Rows": 1, "Plan Width": 160, "Plans": [{"Node Type": "Nested Loop", "Parent Relationship": "Outer", "Join Type": "Inner", "Startup Cost": 10000000001.87, "Total Cost": 1000198965416.49, "Plan Rows": 219, "Plan Width": 64, "Inner Unique": true, "Plans": [{"Node Type": "Nested Loop", "Parent Relationship": "Outer", "Join Type": "Inner", "Startup Cost": 10000000001.56, "Total Cost": 1000198964025.37, "Plan Rows": 321, "Plan Width": 68, "Inner Unique": true, "Join Filter": "(mi.movie_id = t.id)", "Plans": [{"Node Type": "Nested Loop", "Parent Relationship": "Outer", "Join Type": "Inner", "Startup Cost": 10000000001.27, "Total Cost": 1000198962833.6, "Plan Rows": 276, "Plan Width": 63, "Inner Unique": true, "Plans": [{"Node Type": "Nested Loop", "Parent Relationship": "Outer", "Join Type": "Inner", "Startup Cost": 10000000001.01, "Total Cost": 1000198906787.99, "Plan Rows": 13086, "Plan Width": 67, "Inner Unique": false, "Join Filter": "(mi_idx.movie_id = mi.movie_id)", "Plans": [{"Node Type": "Nested Loop", "Parent Relationship": "Outer", "Join Type": "Inner", "Startup Cost": 10000000000.54, "Total Cost": 1000198841505.29, "Plan Rows": 14313, "Plan Width": 17, "Inner Unique": true, "Plans": [{"Node Type": "Nested Loop", "Parent Relationship": "Outer", "Join Type": "Inner", "Startup Cost": 10000000000.28, "Total Cost": 1000198596304.72, "Plan Rows": 57251, "Plan Width": 21, "Inner Unique": false, "Plans": [{"Node Type": "Index Scan", "Parent Relationship": "Outer", "Scan Direction": "Forward", "Index Name": "person_id_cast_info", "Relation Name": "cast_info", "Alias": "ci", "Startup Cost": 10000000000.0, "Total Cost": 1000193311016.96, "Plan Rows": 1223154, "Plan Width": 8, "Filter": "((note)::text = ANY ('{(writer),\"(head writer)\",\"(written by)\",(story),\"(story editor)\"}'::text[]))"}, {"Node Type": "Bitmap Heap Scan", "Parent Relationship": "Inner", "Relation Name": "movie_info_idx", "Alias": "mi_idx", "Startup Cost": 0.28, "Total Cost": 4.31, "Plan Rows": 1, "Plan Width": 13, "Recheck Cond": "(movie_id = ci.movie_id)", "Filter": "((info)::text > '8.0'::text)", "Plans": [{"Node Type": "Bitmap Index Scan", "Parent Relationship": "Outer", "Index Name": "movie_id_movie_info_idx", "Startup Cost": 0.0, "Total Cost": 0.28, "Plan Rows": 2, "Plan Width": 0, "Index Cond": "(movie_id = ci.movie_id)"}]}]}, {"Node Type": "Bitmap Heap Scan", "Parent Relationship": "Inner", "Relation Name": "info_type", "Alias": "it2", "Startup Cost": 0.26, "Total Cost": 4.27, "Plan Rows": 1, "Plan Width": 4, "Recheck Cond": "(id = mi_idx.info_type_id)", "Filter": "((info)::text = 'rating'::text)", "Plans": [{"Node Type": "Bitmap Index Scan", "Parent Relationship": "Outer", "Index Name": "info_type_pkey", "Startup Cost": 0.0, "Total Cost": 0.26, "Plan Rows": 1, "Plan Width": 0, "Index Cond": "(id = mi_idx.info_type_id)"}]}]}, {"Node Type": "Bitmap Heap Scan", "Parent Relationship": "Inner", "Relation Name": "movie_info", "Alias": "mi", "Startup Cost": 0.47, "Total Cost": 4.55, "Plan Rows": 1, "Plan Width": 50, "Recheck Cond": "(movie_id = ci.movie_id)", "Filter": "((note IS NULL) AND ((info)::text = ANY ('{Horror,Thriller}'::text[])))", "Plans": [{"Node Type": "Bitmap Index Scan", "Parent Relationship": "Outer", "Index Name": "movie_id_movie_info", "Startup Cost": 0.0, "Total Cost": 0.47, "Plan Rows": 5, "Plan Width": 0, "Index Cond": "(movie_id = ci.movie_id)"}]}]}, {"Node Type": "Bitmap Heap Scan", "Parent Relationship": "Inner", "Relation Name": "info_type", "Alias": "it1", "Startup Cost": 0.26, "Total Cost": 4.27, "Plan Rows": 1, "Plan Width": 4, "Recheck Cond": "(id = mi.info_type_id)", "Filter": "((info)::text = 'genres'::text)", "Plans": [{"Node Type": "Bitmap Index Scan", "Parent Relationship": "Outer", "Index Name": "info_type_pkey", "Startup Cost": 0.0, "Total Cost": 0.26, "Plan Rows": 1, "Plan Width": 0, "Index Cond": "(id = mi.info_type_id)"}]}]}, {"Node Type": "Bitmap Heap Scan", "Parent Relationship": "Inner", "Relation Name": "title", "Alias": "t", "Startup Cost": 0.29, "Total Cost": 4.31, "Plan Rows": 1, "Plan Width": 21, "Recheck Cond": "(id = ci.movie_id)", "Filter": "((production_year >= 2008) AND (production_year <= 2014))", "Plans": [{"Node Type": "Bitmap Index Scan", "Parent Relationship": "Outer", "Index Name": "title_pkey", "Startup Cost": 0.0, "Total Cost": 0.29, "Plan Rows": 1, "Plan Width": 0, "Index Cond": "(id = ci.movie_id)"}]}]}, {"Node Type": "Bitmap Heap Scan", "Parent Relationship": "Inner", "Relation Name": "name", "Alias": "n", "Startup Cost": 0.31, "Total Cost": 4.32, "Plan Rows": 1, "Plan Width": 4, "Recheck Cond": "(id = ci.person_id)", "Filter": "((gender IS NOT NULL) AND ((gender)::text = 'f'::text))", "Plans": [{"Node Type": "Bitmap Index Scan", "Parent Relationship": "Outer", "Index Name": "name_pkey", "Startup Cost": 0.0, "Total Cost": 0.31, "Plan Rows": 1, "Plan Width": 0, "Index Cond": "(id = ci.person_id)"}]}]}]}, "Unique SQL Id": 661781350, "Planner Runtime": 9}, "explain_analyze_plan": null}, "(1, '24')": {"explain_plan": {"Plan": {"Node Type": "Aggregate", "Strategy": "Plain", "Startup Cost": 89381.01, "Total Cost": 89381.02, "Plan Rows": 1, "Plan Width": 160, "Plans": [{"Node Type": "Nested Loop", "Parent Relationship": "Outer", "Join Type": "Inner", "Startup Cost": 0.0, "Total Cost": 89379.36, "Plan Rows": 219, "Plan Width": 64, "Inner Unique": true, "Plans": [{"Node Type": "Nested Loop", "Parent Relationship": "Outer", "Join Type": "Inner", "Startup Cost": 0.0, "Total Cost": 89218.37, "Plan Rows": 321, "Plan Width": 68, "Inner Unique": false, "Plans": [{"Node Type": "Nested Loop", "Parent Relationship": "Outer", "Join Type": "Inner", "Startup Cost": 0.0, "Total Cost": 88533.35, "Plan Rows": 291, "Plan Width": 76, "Inner Unique": false, "Join Filter": "(mi.info_type_id = it1.id)", "Plans": [{"Node Type": "Seq Scan", "Parent Relationship": "Outer", "Relation Name": "info_type", "Alias": "it1", "Startup Cost": 0.0, "Total Cost": 2.4, "Plan Rows": 1, "Plan Width": 4, "Filter": "((info)::text = 'genres'::text)"}, {"Node Type": "Nested Loop", "Parent Relationship": "Inner", "Join Type": "Inner", "Startup Cost": 0.0, "Total Cost": 88359.04, "Plan Rows": 13753, "Plan Width": 80, "Inner Unique": false, "Plans": [{"Node Type": "Nested Loop", "Parent Relationship": "Outer", "Join Type": "Inner", "Startup Cost": 0.0, "Total Cost": 66986.91, "Plan Rows": 15041, "Plan Width": 30, "Inner Unique": true, "Plans": [{"Node Type": "Nested Loop", "Parent Relationship": "Outer", "Join Type": "Inner", "Startup Cost": 0.0, "Total Cost": 24373.65, "Plan Rows": 12936, "Plan Width": 9, "Inner Unique": false, "Join Filter": "(it2.id = mi_idx.info_type_id)", "Plans": [{"Node Type": "Seq Scan", "Parent Relationship": "Outer", "Relation Name": "info_type", "Alias": "it2", "Startup Cost": 0.0, "Total Cost": 2.4, "Plan Rows": 1, "Plan Width": 4, "Filter": "((info)::text = 'rating'::text)"}, {"Node Type": "Seq Scan", "Parent Relationship": "Inner", "Relation Name": "movie_info_idx", "Alias": "mi_idx", "Startup Cost": 0.0, "Total Cost": 23724.42, "Plan Rows": 51746, "Plan Width": 13, "Filter": "((info)::text > '8.0'::text)"}]}, {"Node Type": "Index Scan", "Parent Relationship": "Inner", "Scan Direction": "Forward", "Index Name": "title_pkey", "Relation Name": "title", "Alias": "t", "Startup Cost": 0.0, "Total Cost": 3.28, "Plan Rows": 1, "Plan Width": 21, "Index Cond": "(id = mi_idx.movie_id)", "Filter": "((production_year >= 2008) AND (production_year <= 2014))"}]}, {"Node Type": "Index Scan", "Parent Relationship": "Inner", "Scan Direction": "Forward", "Index Name": "movie_id_movie_info", "Relation Name": "movie_info", "Alias": "mi", "Startup Cost": 0.0, "Total Cost": 1.41, "Plan Rows": 1, "Plan Width": 50, "Index Cond": "(movie_id = t.id)", "Filter": "((note IS NULL) AND ((info)::text = ANY ('{Horror,Thriller}'::text[])))"}]}]}, {"Node Type": "Index Scan", "Parent Relationship": "Inner", "Scan Direction": "Forward", "Index Name": "movie_id_cast_info", "Relation Name": "cast_info", "Alias": "ci", "Startup Cost": 0.0, "Total Cost": 2.34, "Plan Rows": 1, "Plan Width": 8, "Index Cond": "(movie_id = t.id)", "Filter": "((note)::text = ANY ('{(writer),\"(head writer)\",\"(written by)\",(story),\"(story editor)\"}'::text[]))"}]}, {"Node Type": "Index Scan", "Parent Relationship": "Inner", "Scan Direction": "Forward", "Index Name": "name_pkey", "Relation Name": "name", "Alias": "n", "Startup Cost": 0.0, "Total Cost": 0.49, "Plan Rows": 1, "Plan Width": 4, "Index Cond": "(id = ci.person_id)", "Filter": "((gender IS NOT NULL) AND ((gender)::text = 'f'::text))"}]}]}, "Unique SQL Id": 661781350, "Planner Runtime": 17}, "explain_analyze_plan": {"Plan": {"Node Type": "Aggregate", "Strategy": "Plain", "Startup Cost": 89381.01, "Total Cost": 89381.02, "Plan Rows": 1, "Plan Width": 160, "Actual Startup Time": 819.532, "Actual Total Time": 819.533, "Actual Rows": 1, "Actual Loops": 1, "Plans": [{"Node Type": "Nested Loop", "Parent Relationship": "Outer", "Join Type": "Inner", "Startup Cost": 0.0, "Total Cost": 89379.36, "Plan Rows": 219, "Plan Width": 64, "Actual Startup Time": 400.767, "Actual Total Time": 819.459, "Actual Rows": 11, "Actual Loops": 1, "Inner Unique": true, "Plans": [{"Node Type": "Nested Loop", "Parent Relationship": "Outer", "Join Type": "Inner", "Startup Cost": 0.0, "Total Cost": 89218.37, "Plan Rows": 321, "Plan Width": 68, "Actual Startup Time": 115.249, "Actual Total Time": 817.308, "Actual Rows": 268, "Actual Loops": 1, "Inner Unique": false, "Plans": [{"Node Type": "Nested Loop", "Parent Relationship": "Outer", "Join Type": "Inner", "Startup Cost": 0.0, "Total Cost": 88533.35, "Plan Rows": 291, "Plan Width": 76, "Actual Startup Time": 14.979, "Actual Total Time": 792.122, "Actual Rows": 358, "Actual Loops": 1, "Inner Unique": false, "Join Filter": "(mi.info_type_id = it1.id)", "Rows Removed by Join Filter": 0, "Plans": [{"Node Type": "Seq Scan", "Parent Relationship": "Outer", "Relation Name": "info_type", "Alias": "it1", "Startup Cost": 0.0, "Total Cost": 2.4, "Plan Rows": 1, "Plan Width": 4, "Actual Startup Time": 0.036, "Actual Total Time": 0.078, "Actual Rows": 1, "Actual Loops": 1, "Filter": "((info)::text = 'genres'::text)", "Rows Removed by Filter": 111}, {"Node Type": "Nested Loop", "Parent Relationship": "Inner", "Join Type": "Inner", "Startup Cost": 0.0, "Total Cost": 88359.04, "Plan Rows": 13753, "Plan Width": 80, "Actual Startup Time": 14.935, "Actual Total Time": 791.811, "Actual Rows": 358, "Actual Loops": 1, "Inner Unique": false, "Plans": [{"Node Type": "Nested Loop", "Parent Relationship": "Outer", "Join Type": "Inner", "Startup Cost": 0.0, "Total Cost": 66986.91, "Plan Rows": 15041, "Plan Width": 30, "Actual Startup Time": 2.748, "Actual Total Time": 648.015, "Actual Rows": 6152, "Actual Loops": 1, "Inner Unique": true, "Plans": [{"Node Type": "Nested Loop", "Parent Relationship": "Outer", "Join Type": "Inner", "Startup Cost": 0.0, "Total Cost": 24373.65, "Plan Rows": 12936, "Plan Width": 9, "Actual Startup Time": 0.138, "Actual Total Time": 565.084, "Actual Rows": 15849, "Actual Loops": 1, "Inner Unique": false, "Join Filter": "(it2.id = mi_idx.info_type_id)", "Rows Removed by Join Filter": 37800, "Plans": [{"Node Type": "Seq Scan", "Parent Relationship": "Outer", "Relation Name": "info_type", "Alias": "it2", "Startup Cost": 0.0, "Total Cost": 2.4, "Plan Rows": 1, "Plan Width": 4, "Actual Startup Time": 0.043, "Actual Total Time": 0.058, "Actual Rows": 1, "Actual Loops": 1, "Filter": "((info)::text = 'rating'::text)", "Rows Removed by Filter": 111}, {"Node Type": "Seq Scan", "Parent Relationship": "Inner", "Relation Name": "movie_info_idx", "Alias": "mi_idx", "Startup Cost": 0.0, "Total Cost": 23724.42, "Plan Rows": 51746, "Plan Width": 13, "Actual Startup Time": 0.091, "Actual Total Time": 550.192, "Actual Rows": 53649, "Actual Loops": 1, "Filter": "((info)::text > '8.0'::text)", "Rows Removed by Filter": 1326385}]}, {"Node Type": "Index Scan", "Parent Relationship": "Inner", "Scan Direction": "Forward", "Index Name": "title_pkey", "Relation Name": "title", "Alias": "t", "Startup Cost": 0.0, "Total Cost": 3.28, "Plan Rows": 1, "Plan Width": 21, "Actual Startup Time": 72.547, "Actual Total Time": 72.547, "Actual Rows": 6152, "Actual Loops": 15849, "Index Cond": "(id = mi_idx.movie_id)", "Rows Removed by Index Recheck": 0, "Filter": "((production_year >= 2008) AND (production_year <= 2014))", "Rows Removed by Filter": 9697}]}, {"Node Type": "Index Scan", "Parent Relationship": "Inner", "Scan Direction": "Forward", "Index Name": "movie_id_movie_info", "Relation Name": "movie_info", "Alias": "mi", "Startup Cost": 0.0, "Total Cost": 1.41, "Plan Rows": 1, "Plan Width": 50, "Actual Startup Time": 140.157, "Actual Total Time": 140.436, "Actual Rows": 358, "Actual Loops": 6152, "Index Cond": "(movie_id = t.id)", "Rows Removed by Index Recheck": 0, "Filter": "((note IS NULL) AND ((info)::text = ANY ('{Horror,Thriller}'::text[])))", "Rows Removed by Filter": 109599}]}]}, {"Node Type": "Index Scan", "Parent Relationship": "Inner", "Scan Direction": "Forward", "Index Name": "movie_id_cast_info", "Relation Name": "cast_info", "Alias": "ci", "Startup Cost": 0.0, "Total Cost": 2.34, "Plan Rows": 1, "Plan Width": 8, "Actual Startup Time": 19.56, "Actual Total Time": 24.789, "Actual Rows": 268, "Actual Loops": 358, "Index Cond": "(movie_id = t.id)", "Rows Removed by Index Recheck": 0, "Filter": "((note)::text = ANY ('{(writer),\"(head writer)\",\"(written by)\",(story),\"(story editor)\"}'::text[]))", "Rows Removed by Filter": 12296}]}, {"Node Type": "Index Scan", "Parent Relationship": "Inner", "Scan Direction": "Forward", "Index Name": "name_pkey", "Relation Name": "name", "Alias": "n", "Startup Cost": 0.0, "Total Cost": 0.49, "Plan Rows": 1, "Plan Width": 4, "Actual Startup Time": 1.936, "Actual Total Time": 1.936, "Actual Rows": 11, "Actual Loops": 268, "Index Cond": "(id = ci.person_id)", "Rows Removed by Index Recheck": 0, "Filter": "((gender IS NOT NULL) AND ((gender)::text = 'f'::text))", "Rows Removed by Filter": 257}]}]}, "Triggers": [], "Planner Runtime": 21.815, "Total Runtime": 819.864, "Unique SQL Id": 661781350}}, "(1, '25')": {"explain_plan": {"Plan": {"Node Type": "Aggregate", "Strategy": "Plain", "Startup Cost": 100899.17, "Total Cost": 100899.18, "Plan Rows": 1, "Plan Width": 160, "Plans": [{"Node Type": "Nested Loop", "Parent Relationship": "Outer", "Join Type": "Inner", "Startup Cost": 0.0, "Total Cost": 100897.52, "Plan Rows": 219, "Plan Width": 64, "Inner Unique": true, "Plans": [{"Node Type": "Nested Loop", "Parent Relationship": "Outer", "Join Type": "Inner", "Startup Cost": 0.0, "Total Cost": 100736.53, "Plan Rows": 321, "Plan Width": 68, "Inner Unique": false, "Plans": [{"Node Type": "Nested Loop", "Parent Relationship": "Outer", "Join Type": "Inner", "Startup Cost": 0.0, "Total Cost": 100051.51, "Plan Rows": 291, "Plan Width": 76, "Inner Unique": false, "Join Filter": "(mi.info_type_id = it1.id)", "Plans": [{"Node Type": "Index Scan", "Parent Relationship": "Outer", "Scan Direction": "Forward", "Index Name": "info_type_pkey", "Relation Name": "info_type", "Alias": "it1", "Startup Cost": 0.0, "Total Cost": 14.21, "Plan Rows": 1, "Plan Width": 4, "Filter": "((info)::text = 'genres'::text)"}, {"Node Type": "Nested Loop", "Parent Relationship": "Inner", "Join Type": "Inner", "Startup Cost": 0.0, "Total Cost": 99865.39, "Plan Rows": 13753, "Plan Width": 80, "Inner Unique": false, "Plans": [{"Node Type": "Nested Loop", "Parent Relationship": "Outer", "Join Type": "Inner", "Startup Cost": 0.0, "Total Cost": 78493.26, "Plan Rows": 15041, "Plan Width": 30, "Inner Unique": true, "Plans": [{"Node Type": "Nested Loop", "Parent Relationship": "Outer", "Join Type": "Inner", "Startup Cost": 0.0, "Total Cost": 35880.0, "Plan Rows": 12936, "Plan Width": 9, "Inner Unique": false, "Plans": [{"Node Type": "Index Scan", "Parent Relationship": "Outer", "Scan Direction": "Forward", "Index Name": "info_type_pkey", "Relation Name": "info_type", "Alias": "it2", "Startup Cost": 0.0, "Total Cost": 14.21, "Plan Rows": 1, "Plan Width": 4, "Filter": "((info)::text = 'rating'::text)"}, {"Node Type": "Index Scan", "Parent Relationship": "Inner", "Scan Direction": "Forward", "Index Name": "info_type_id_movie_info_idx", "Relation Name": "movie_info_idx", "Alias": "mi_idx", "Startup Cost": 0.0, "Total Cost": 35736.43, "Plan Rows": 12936, "Plan Width": 13, "Index Cond": "(info_type_id = it2.id)", "Filter": "((info)::text > '8.0'::text)"}]}, {"Node Type": "Index Scan", "Parent Relationship": "Inner", "Scan Direction": "Forward", "Index Name": "title_pkey", "Relation Name": "title", "Alias": "t", "Startup Cost": 0.0, "Total Cost": 3.28, "Plan Rows": 1, "Plan Width": 21, "Index Cond": "(id = mi_idx.movie_id)", "Filter": "((production_year >= 2008) AND (production_year <= 2014))"}]}, {"Node Type": "Index Scan", "Parent Relationship": "Inner", "Scan Direction": "Forward", "Index Name": "movie_id_movie_info", "Relation Name": "movie_info", "Alias": "mi", "Startup Cost": 0.0, "Total Cost": 1.41, "Plan Rows": 1, "Plan Width": 50, "Index Cond": "(movie_id = t.id)", "Filter": "((note IS NULL) AND ((info)::text = ANY ('{Horror,Thriller}'::text[])))"}]}]}, {"Node Type": "Index Scan", "Parent Relationship": "Inner", "Scan Direction": "Forward", "Index Name": "movie_id_cast_info", "Relation Name": "cast_info", "Alias": "ci", "Startup Cost": 0.0, "Total Cost": 2.34, "Plan Rows": 1, "Plan Width": 8, "Index Cond": "(movie_id = t.id)", "Filter": "((note)::text = ANY ('{(writer),\"(head writer)\",\"(written by)\",(story),\"(story editor)\"}'::text[]))"}]}, {"Node Type": "Index Scan", "Parent Relationship": "Inner", "Scan Direction": "Forward", "Index Name": "name_pkey", "Relation Name": "name", "Alias": "n", "Startup Cost": 0.0, "Total Cost": 0.49, "Plan Rows": 1, "Plan Width": 4, "Index Cond": "(id = ci.person_id)", "Filter": "((gender IS NOT NULL) AND ((gender)::text = 'f'::text))"}]}]}, "Unique SQL Id": 661781350, "Planner Runtime": 14}, "explain_analyze_plan": {"Plan": {"Node Type": "Aggregate", "Strategy": "Plain", "Startup Cost": 100899.17, "Total Cost": 100899.18, "Plan Rows": 1, "Plan Width": 160, "Actual Startup Time": 576.408, "Actual Total Time": 576.408, "Actual Rows": 1, "Actual Loops": 1, "Plans": [{"Node Type": "Nested Loop", "Parent Relationship": "Outer", "Join Type": "Inner", "Startup Cost": 0.0, "Total Cost": 100897.52, "Plan Rows": 219, "Plan Width": 64, "Actual Startup Time": 298.008, "Actual Total Time": 576.345, "Actual Rows": 11, "Actual Loops": 1, "Inner Unique": true, "Plans": [{"Node Type": "Nested Loop", "Parent Relationship": "Outer", "Join Type": "Inner", "Startup Cost": 0.0, "Total Cost": 100736.53, "Plan Rows": 321, "Plan Width": 68, "Actual Startup Time": 85.756, "Actual Total Time": 574.144, "Actual Rows": 268, "Actual Loops": 1, "Inner Unique": false, "Plans": [{"Node Type": "Nested Loop", "Parent Relationship": "Outer", "Join Type": "Inner", "Startup Cost": 0.0, "Total Cost": 100051.51, "Plan Rows": 291, "Plan Width": 76, "Actual Startup Time": 10.351, "Actual Total Time": 549.304, "Actual Rows": 358, "Actual Loops": 1, "Inner Unique": false, "Join Filter": "(mi.info_type_id = it1.id)", "Rows Removed by Join Filter": 0, "Plans": [{"Node Type": "Index Scan", "Parent Relationship": "Outer", "Scan Direction": "Forward", "Index Name": "info_type_pkey", "Relation Name": "info_type", "Alias": "it1", "Startup Cost": 0.0, "Total Cost": 14.21, "Plan Rows": 1, "Plan Width": 4, "Actual Startup Time": 0.027, "Actual Total Time": 0.075, "Actual Rows": 1, "Actual Loops": 1, "Filter": "((info)::text = 'genres'::text)", "Rows Removed by Filter": 111}, {"Node Type": "Nested Loop", "Parent Relationship": "Inner", "Join Type": "Inner", "Startup Cost": 0.0, "Total Cost": 99865.39, "Plan Rows": 13753, "Plan Width": 80, "Actual Startup Time": 10.315, "Actual Total Time": 548.982, "Actual Rows": 358, "Actual Loops": 1, "Inner Unique": false, "Plans": [{"Node Type": "Nested Loop", "Parent Relationship": "Outer", "Join Type": "Inner", "Startup Cost": 0.0, "Total Cost": 78493.26, "Plan Rows": 15041, "Plan Width": 30, "Actual Startup Time": 1.953, "Actual Total Time": 407.856, "Actual Rows": 6152, "Actual Loops": 1, "Inner Unique": true, "Plans": [{"Node Type": "Nested Loop", "Parent Relationship": "Outer", "Join Type": "Inner", "Startup Cost": 0.0, "Total Cost": 35880.0, "Plan Rows": 12936, "Plan Width": 9, "Actual Startup Time": 0.094, "Actual Total Time": 326.399, "Actual Rows": 15849, "Actual Loops": 1, "Inner Unique": false, "Plans": [{"Node Type": "Index Scan", "Parent Relationship": "Outer", "Scan Direction": "Forward", "Index Name": "info_type_pkey", "Relation Name": "info_type", "Alias": "it2", "Startup Cost": 0.0, "Total Cost": 14.21, "Plan Rows": 1, "Plan Width": 4, "Actual Startup Time": 0.053, "Actual Total Time": 0.061, "Actual Rows": 1, "Actual Loops": 1, "Filter": "((info)::text = 'rating'::text)", "Rows Removed by Filter": 111}, {"Node Type": "Index Scan", "Parent Relationship": "Inner", "Scan Direction": "Forward", "Index Name": "info_type_id_movie_info_idx", "Relation Name": "movie_info_idx", "Alias": "mi_idx", "Startup Cost": 0.0, "Total Cost": 35736.43, "Plan Rows": 12936, "Plan Width": 13, "Actual Startup Time": 0.039, "Actual Total Time": 322.683, "Actual Rows": 15849, "Actual Loops": 1, "Index Cond": "(info_type_id = it2.id)", "Rows Removed by Index Recheck": 0, "Filter": "((info)::text > '8.0'::text)", "Rows Removed by Filter": 444076}]}, {"Node Type": "Index Scan", "Parent Relationship": "Inner", "Scan Direction": "Forward", "Index Name": "title_pkey", "Relation Name": "title", "Alias": "t", "Startup Cost": 0.0, "Total Cost": 3.28, "Plan Rows": 1, "Plan Width": 21, "Actual Startup Time": 70.824, "Actual Total Time": 70.824, "Actual Rows": 6152, "Actual Loops": 15849, "Index Cond": "(id = mi_idx.movie_id)", "Rows Removed by Index Recheck": 0, "Filter": "((production_year >= 2008) AND (production_year <= 2014))", "Rows Removed by Filter": 9697}]}, {"Node Type": "Index Scan", "Parent Relationship": "Inner", "Scan Direction": "Forward", "Index Name": "movie_id_movie_info", "Relation Name": "movie_info", "Alias": "mi", "Startup Cost": 0.0, "Total Cost": 1.41, "Plan Rows": 1, "Plan Width": 50, "Actual Startup Time": 137.298, "Actual Total Time": 137.605, "Actual Rows": 358, "Actual Loops": 6152, "Index Cond": "(movie_id = t.id)", "Rows Removed by Index Recheck": 0, "Filter": "((note IS NULL) AND ((info)::text = ANY ('{Horror,Thriller}'::text[])))", "Rows Removed by Filter": 109599}]}]}, {"Node Type": "Index Scan", "Parent Relationship": "Inner", "Scan Direction": "Forward", "Index Name": "movie_id_cast_info", "Relation Name": "cast_info", "Alias": "ci", "Startup Cost": 0.0, "Total Cost": 2.34, "Plan Rows": 1, "Plan Width": 8, "Actual Startup Time": 19.232, "Actual Total Time": 24.394, "Actual Rows": 268, "Actual Loops": 358, "Index Cond": "(movie_id = t.id)", "Rows Removed by Index Recheck": 0, "Filter": "((note)::text = ANY ('{(writer),\"(head writer)\",\"(written by)\",(story),\"(story editor)\"}'::text[]))", "Rows Removed by Filter": 12296}]}, {"Node Type": "Index Scan", "Parent Relationship": "Inner", "Scan Direction": "Forward", "Index Name": "name_pkey", "Relation Name": "name", "Alias": "n", "Startup Cost": 0.0, "Total Cost": 0.49, "Plan Rows": 1, "Plan Width": 4, "Actual Startup Time": 1.923, "Actual Total Time": 1.923, "Actual Rows": 11, "Actual Loops": 268, "Index Cond": "(id = ci.person_id)", "Rows Removed by Index Recheck": 0, "Filter": "((gender IS NOT NULL) AND ((gender)::text = 'f'::text))", "Rows Removed by Filter": 257}]}]}, "Triggers": [], "Planner Runtime": 15.928, "Total Runtime": 576.736, "Unique SQL Id": 661781350}}, "(1, '26')": {"explain_plan": {"Plan": {"Node Type": "Aggregate", "Strategy": "Plain", "Startup Cost": 1638657.59, "Total Cost": 1638657.6, "Plan Rows": 1, "Plan Width": 160, "Plans": [{"Node Type": "Merge Join", "Parent Relationship": "Outer", "Join Type": "Inner", "Startup Cost": 1634673.18, "Total Cost": 1638655.84, "Plan Rows": 233, "Plan Width": 64, "Inner Unique": true, "Merge Cond": "(mi.movie_id = t.id)", "Plans": [{"Node Type": "Merge Join", "Parent Relationship": "Outer", "Join Type": "Inner", "Startup Cost": 1485358.97, "Total Cost": 1485428.91, "Plan Rows": 200, "Plan Width": 59, "Inner Unique": false, "Merge Cond": "(mi_idx.movie_id = mi.movie_id)", "Plans": [{"Node Type": "Sort", "Parent Relationship": "Outer", "Startup Cost": 25257.12, "Total Cost": 25289.46, "Plan Rows": 12936, "Plan Width": 9, "Sort Key": ["mi_idx.movie_id"], "Plans": [{"Node Type": "Nested Loop", "Parent Relationship": "Outer", "Join Type": "Inner", "Startup Cost": 0.0, "Total Cost": 24373.65, "Plan Rows": 12936, "Plan Width": 9, "Inner Unique": false, "Join Filter": "(it2.id = mi_idx.info_type_id)", "Plans": [{"Node Type": "Seq Scan", "Parent Relationship": "Outer", "Relation Name": "info_type", "Alias": "it2", "Startup Cost": 0.0, "Total Cost": 2.4, "Plan Rows": 1, "Plan Width": 4, "Filter": "((info)::text = 'rating'::text)"}, {"Node Type": "Seq Scan", "Parent Relationship": "Inner", "Relation Name": "movie_info_idx", "Alias": "mi_idx", "Startup Cost": 0.0, "Total Cost": 23724.42, "Plan Rows": 51746, "Plan Width": 13, "Filter": "((info)::text > '8.0'::text)"}]}]}, {"Node Type": "Sort", "Parent Relationship": "Inner", "Startup Cost": 1460101.85, "Total Cost": 1460103.8, "Plan Rows": 780, "Plan Width": 50, "Sort Key": ["ci.movie_id"], "Plans": [{"Node Type": "Merge Join", "Parent Relationship": "Outer", "Join Type": "Inner", "Startup Cost": 1457010.02, "Total Cost": 1460064.38, "Plan Rows": 780, "Plan Width": 50, "Inner Unique": true, "Merge Cond": "(ci.person_id = n.id)", "Plans": [{"Node Type": "Sort", "Parent Relationship": "Outer", "Startup Cost": 1293422.17, "Total Cost": 1293424.86, "Plan Rows": 1074, "Plan Width": 54, "Sort Key": ["ci.person_id"], "Plans": [{"Node Type": "Merge Join", "Parent Relationship": "Outer", "Join Type": "Inner", "Startup Cost": 1287236.87, "Total Cost": 1293368.1, "Plan Rows": 1074, "Plan Width": 54, "Inner Unique": false, "Merge Cond": "(mi.movie_id = ci.movie_id)", "Plans": [{"Node Type": "Sort", "Parent Relationship": "Outer", "Startup Cost": 335062.79, "Total Cost": 335065.22, "Plan Rows": 971, "Plan Width": 46, "Sort Key": ["mi.movie_id"], "Plans": [{"Node Type": "Nested Loop", "Parent Relationship": "Outer", "Join Type": "Inner", "Startup Cost": 0.0, "Total Cost": 335014.61, "Plan Rows": 971, "Plan Width": 46, "Inner Unique": false, "Join Filter": "(it1.id = mi.info_type_id)", "Plans": [{"Node Type": "Seq Scan", "Parent Relationship": "Outer", "Relation Name": "info_type", "Alias": "it1", "Startup Cost": 0.0, "Total Cost": 2.4, "Plan Rows": 1, "Plan Width": 4, "Filter": "((info)::text = 'genres'::text)"}, {"Node Type": "Seq Scan", "Parent Relationship": "Inner", "Relation Name": "movie_info", "Alias": "mi", "Startup Cost": 0.0, "Total Cost": 334162.58, "Plan Rows": 67971, "Plan Width": 50, "Filter": "((note IS NULL) AND ((info)::text = ANY ('{Horror,Thriller}'::text[])))"}]}]}, {"Node Type": "Sort", "Parent Relationship": "Inner", "Startup Cost": 952173.95, "Total Cost": 955231.83, "Plan Rows": 1223154, "Plan Width": 8, "Sort Key": ["ci.movie_id"], "Plans": [{"Node Type": "Seq Scan", "Parent Relationship": "Outer", "Relation Name": "cast_info", "Alias": "ci", "Startup Cost": 0.0, "Total Cost": 828499.78, "Plan Rows": 1223154, "Plan Width": 8, "Filter": "((note)::text = ANY ('{(writer),\"(head writer)\",\"(written by)\",(story),\"(story editor)\"}'::text[]))"}]}]}]}, {"Node Type": "Sort", "Parent Relationship": "Inner", "Startup Cost": 163587.85, "Total Cost": 165148.66, "Plan Rows": 624324, "Plan Width": 4, "Sort Key": ["n.id"], "Plans": [{"Node Type": "Seq Scan", "Parent Relationship": "Outer", "Relation Name": "name", "Alias": "n", "Startup Cost": 0.0, "Total Cost": 103490.62, "Plan Rows": 624324, "Plan Width": 4, "Filter": "((gender IS NOT NULL) AND ((gender)::text = 'f'::text)), (LLVM Optimized)"}]}]}]}]}, {"Node Type": "Sort", "Parent Relationship": "Inner", "Startup Cost": 149314.11, "Total Cost": 151270.49, "Plan Rows": 782553, "Plan Width": 21, "Sort Key": ["t.id"], "Plans": [{"Node Type": "Seq Scan", "Parent Relationship": "Outer", "Relation Name": "title", "Alias": "t", "Startup Cost": 331.36, "Total Cost": 72710.67, "Plan Rows": 782553, "Plan Width": 21, "Filter": "((production_year >= 2008) AND (production_year <= 2014)), (LLVM Optimized)"}]}]}]}, "Unique SQL Id": 661781350, "Planner Runtime": 31}, "explain_analyze_plan": null}, "(1, '27')": {"explain_plan": {"Plan": {"Node Type": "Aggregate", "Strategy": "Plain", "Startup Cost": 6971979256072.54, "Total Cost": 6971979256072.55, "Plan Rows": 1, "Plan Width": 160, "Plans": [{"Node Type": "Merge Join", "Parent Relationship": "Outer", "Join Type": "Inner", "Startup Cost": 70000000000.0, "Total Cost": 6971979256070.9, "Plan Rows": 219, "Plan Width": 64, "Inner Unique": true, "Merge Cond": "(ci.person_id = n.id)", "Plans": [{"Node Type": "Nested Loop", "Parent Relationship": "Outer", "Join Type": "Inner", "Startup Cost": 60000000000.0, "Total Cost": 5997470469312.04, "Plan Rows": 321, "Plan Width": 68, "Inner Unique": true, "Join Filter": "(mi.info_type_id = it1.id)", "Plans": [{"Node Type": "Nested Loop", "Parent Relationship": "Outer", "Join Type": "Inner", "Startup Cost": 50000000000.0, "Total Cost": 4997470467662.81, "Plan Rows": 15215, "Plan Width": 72, "Inner Unique": false, "Join Filter": "(t.id = ci.movie_id)", "Plans": [{"Node Type": "Index Scan", "Parent Relationship": "Outer", "Scan Direction": "Forward", "Index Name": "person_id_cast_info", "Relation Name": "cast_info", "Alias": "ci", "Startup Cost": 10000000000.0, "Total Cost": 1000193311016.96, "Plan Rows": 1223154, "Plan Width": 8, "Filter": "((note)::text = ANY ('{(writer),\"(head writer)\",\"(written by)\",(story),\"(story editor)\"}'::text[]))"}, {"Node Type": "Materialize", "Parent Relationship": "Inner", "Startup Cost": 40000000000.0, "Total Cost": 3997024826125.8, "Plan Rows": 13753, "Plan Width": 80, "Plans": [{"Node Type": "Merge Join", "Parent Relationship": "Outer", "Join Type": "Inner", "Startup Cost": 40000000000.0, "Total Cost": 3997024826057.04, "Plan Rows": 13753, "Plan Width": 80, "Inner Unique": false, "Merge Cond": "(t.id = mi.movie_id)", "Plans": [{"Node Type": "Merge Join", "Parent Relationship": "Outer", "Join Type": "Inner", "Startup Cost": 30000000000.0, "Total Cost": 2999088687984.57, "Plan Rows": 15041, "Plan Width": 30, "Inner Unique": true, "Merge Cond": "(mi_idx.movie_id = t.id)", "Plans": [{"Node Type": "Nested Loop", "Parent Relationship": "Outer", "Join Type": "Inner", "Startup Cost": 20000000000.0, "Total Cost": 2000004997241.06, "Plan Rows": 12936, "Plan Width": 9, "Inner Unique": true, "Join Filter": "(it2.id = mi_idx.info_type_id)", "Plans": [{"Node Type": "Index Scan", "Parent Relationship": "Outer", "Scan Direction": "Forward", "Index Name": "movie_id_movie_info_idx", "Relation Name": "movie_info_idx", "Alias": "mi_idx", "Startup Cost": 10000000000.0, "Total Cost": 1000004995043.87, "Plan Rows": 51746, "Plan Width": 13, "Filter": "((info)::text > '8.0'::text)"}, {"Node Type": "Materialize", "Parent Relationship": "Inner", "Startup Cost": 10000000000.0, "Total Cost": 1000000001421.0, "Plan Rows": 1, "Plan Width": 4, "Plans": [{"Node Type": "Index Scan", "Parent Relationship": "Outer", "Scan Direction": "Forward", "Index Name": "info_type_pkey", "Relation Name": "info_type", "Alias": "it2", "Startup Cost": 10000000000.0, "Total Cost": 1000000001421.0, "Plan Rows": 1, "Plan Width": 4, "Filter": "((info)::text = 'rating'::text)"}]}]}, {"Node Type": "Index Scan", "Parent Relationship": "Inner", "Scan Direction": "Forward", "Index Name": "title_pkey", "Relation Name": "title", "Alias": "t", "Startup Cost": 10000000000.0, "Total Cost": 1000012276204.41, "Plan Rows": 782553, "Plan Width": 21, "Filter": "((production_year >= 2008) AND (production_year <= 2014)), (LLVM Optimized)"}]}, {"Node Type": "Index Scan", "Parent Relationship": "Inner", "Scan Direction": "Forward", "Index Name": "movie_id_movie_info", "Relation Name": "movie_info", "Alias": "mi", "Startup Cost": 10000000000.0, "Total Cost": 1000107534403.72, "Plan Rows": 67971, "Plan Width": 50, "Filter": "((note IS NULL) AND ((info)::text = ANY ('{Horror,Thriller}'::text[])))"}]}]}]}, {"Node Type": "Materialize", "Parent Relationship": "Inner", "Startup Cost": 10000000000.0, "Total Cost": 1000000001421.0, "Plan Rows": 1, "Plan Width": 4, "Plans": [{"Node Type": "Index Scan", "Parent Relationship": "Outer", "Scan Direction": "Forward", "Index Name": "info_type_pkey", "Relation Name": "info_type", "Alias": "it1", "Startup Cost": 10000000000.0, "Total Cost": 1000000001421.0, "Plan Rows": 1, "Plan Width": 4, "Filter": "((info)::text = 'genres'::text)"}]}]}, {"Node Type": "Index Scan", "Parent Relationship": "Inner", "Scan Direction": "Forward", "Index Name": "name_pkey", "Relation Name": "name", "Alias": "n", "Startup Cost": 10000000000.0, "Total Cost": 1000018665147.2, "Plan Rows": 624324, "Plan Width": 4, "Filter": "((gender IS NOT NULL) AND ((gender)::text = 'f'::text)), (LLVM Optimized)"}]}]}, "Unique SQL Id": 661781350, "Planner Runtime": 37}, "explain_analyze_plan": null}, "(1, '28')": {"explain_plan": {"Plan": {"Node Type": "Aggregate", "Strategy": "Plain", "Startup Cost": 89381.01, "Total Cost": 89381.02, "Plan Rows": 1, "Plan Width": 160, "Plans": [{"Node Type": "Nested Loop", "Parent Relationship": "Outer", "Join Type": "Inner", "Startup Cost": 0.0, "Total Cost": 89379.36, "Plan Rows": 219, "Plan Width": 64, "Inner Unique": true, "Plans": [{"Node Type": "Nested Loop", "Parent Relationship": "Outer", "Join Type": "Inner", "Startup Cost": 0.0, "Total Cost": 89218.37, "Plan Rows": 321, "Plan Width": 68, "Inner Unique": false, "Plans": [{"Node Type": "Nested Loop", "Parent Relationship": "Outer", "Join Type": "Inner", "Startup Cost": 0.0, "Total Cost": 88533.35, "Plan Rows": 291, "Plan Width": 76, "Inner Unique": false, "Join Filter": "(mi.info_type_id = it1.id)", "Plans": [{"Node Type": "Seq Scan", "Parent Relationship": "Outer", "Relation Name": "info_type", "Alias": "it1", "Startup Cost": 0.0, "Total Cost": 2.4, "Plan Rows": 1, "Plan Width": 4, "Filter": "((info)::text = 'genres'::text)"}, {"Node Type": "Nested Loop", "Parent Relationship": "Inner", "Join Type": "Inner", "Startup Cost": 0.0, "Total Cost": 88359.04, "Plan Rows": 13753, "Plan Width": 80, "Inner Unique": false, "Plans": [{"Node Type": "Nested Loop", "Parent Relationship": "Outer", "Join Type": "Inner", "Startup Cost": 0.0, "Total Cost": 66986.91, "Plan Rows": 15041, "Plan Width": 30, "Inner Unique": true, "Plans": [{"Node Type": "Nested Loop", "Parent Relationship": "Outer", "Join Type": "Inner", "Startup Cost": 0.0, "Total Cost": 24373.65, "Plan Rows": 12936, "Plan Width": 9, "Inner Unique": false, "Join Filter": "(it2.id = mi_idx.info_type_id)", "Plans": [{"Node Type": "Seq Scan", "Parent Relationship": "Outer", "Relation Name": "info_type", "Alias": "it2", "Startup Cost": 0.0, "Total Cost": 2.4, "Plan Rows": 1, "Plan Width": 4, "Filter": "((info)::text = 'rating'::text)"}, {"Node Type": "Seq Scan", "Parent Relationship": "Inner", "Relation Name": "movie_info_idx", "Alias": "mi_idx", "Startup Cost": 0.0, "Total Cost": 23724.42, "Plan Rows": 51746, "Plan Width": 13, "Filter": "((info)::text > '8.0'::text)"}]}, {"Node Type": "Index Scan", "Parent Relationship": "Inner", "Scan Direction": "Forward", "Index Name": "title_pkey", "Relation Name": "title", "Alias": "t", "Startup Cost": 0.0, "Total Cost": 3.28, "Plan Rows": 1, "Plan Width": 21, "Index Cond": "(id = mi_idx.movie_id)", "Filter": "((production_year >= 2008) AND (production_year <= 2014))"}]}, {"Node Type": "Index Scan", "Parent Relationship": "Inner", "Scan Direction": "Forward", "Index Name": "movie_id_movie_info", "Relation Name": "movie_info", "Alias": "mi", "Startup Cost": 0.0, "Total Cost": 1.41, "Plan Rows": 1, "Plan Width": 50, "Index Cond": "(movie_id = t.id)", "Filter": "((note IS NULL) AND ((info)::text = ANY ('{Horror,Thriller}'::text[])))"}]}]}, {"Node Type": "Index Scan", "Parent Relationship": "Inner", "Scan Direction": "Forward", "Index Name": "movie_id_cast_info", "Relation Name": "cast_info", "Alias": "ci", "Startup Cost": 0.0, "Total Cost": 2.34, "Plan Rows": 1, "Plan Width": 8, "Index Cond": "(movie_id = t.id)", "Filter": "((note)::text = ANY ('{(writer),\"(head writer)\",\"(written by)\",(story),\"(story editor)\"}'::text[]))"}]}, {"Node Type": "Index Scan", "Parent Relationship": "Inner", "Scan Direction": "Forward", "Index Name": "name_pkey", "Relation Name": "name", "Alias": "n", "Startup Cost": 0.0, "Total Cost": 0.49, "Plan Rows": 1, "Plan Width": 4, "Index Cond": "(id = ci.person_id)", "Filter": "((gender IS NOT NULL) AND ((gender)::text = 'f'::text))"}]}]}, "Unique SQL Id": 661781350, "Planner Runtime": 18}, "explain_analyze_plan": {"Plan": {"Node Type": "Aggregate", "Strategy": "Plain", "Startup Cost": 89381.01, "Total Cost": 89381.02, "Plan Rows": 1, "Plan Width": 160, "Actual Startup Time": 819.532, "Actual Total Time": 819.533, "Actual Rows": 1, "Actual Loops": 1, "Plans": [{"Node Type": "Nested Loop", "Parent Relationship": "Outer", "Join Type": "Inner", "Startup Cost": 0.0, "Total Cost": 89379.36, "Plan Rows": 219, "Plan Width": 64, "Actual Startup Time": 400.767, "Actual Total Time": 819.459, "Actual Rows": 11, "Actual Loops": 1, "Inner Unique": true, "Plans": [{"Node Type": "Nested Loop", "Parent Relationship": "Outer", "Join Type": "Inner", "Startup Cost": 0.0, "Total Cost": 89218.37, "Plan Rows": 321, "Plan Width": 68, "Actual Startup Time": 115.249, "Actual Total Time": 817.308, "Actual Rows": 268, "Actual Loops": 1, "Inner Unique": false, "Plans": [{"Node Type": "Nested Loop", "Parent Relationship": "Outer", "Join Type": "Inner", "Startup Cost": 0.0, "Total Cost": 88533.35, "Plan Rows": 291, "Plan Width": 76, "Actual Startup Time": 14.979, "Actual Total Time": 792.122, "Actual Rows": 358, "Actual Loops": 1, "Inner Unique": false, "Join Filter": "(mi.info_type_id = it1.id)", "Rows Removed by Join Filter": 0, "Plans": [{"Node Type": "Seq Scan", "Parent Relationship": "Outer", "Relation Name": "info_type", "Alias": "it1", "Startup Cost": 0.0, "Total Cost": 2.4, "Plan Rows": 1, "Plan Width": 4, "Actual Startup Time": 0.036, "Actual Total Time": 0.078, "Actual Rows": 1, "Actual Loops": 1, "Filter": "((info)::text = 'genres'::text)", "Rows Removed by Filter": 111}, {"Node Type": "Nested Loop", "Parent Relationship": "Inner", "Join Type": "Inner", "Startup Cost": 0.0, "Total Cost": 88359.04, "Plan Rows": 13753, "Plan Width": 80, "Actual Startup Time": 14.935, "Actual Total Time": 791.811, "Actual Rows": 358, "Actual Loops": 1, "Inner Unique": false, "Plans": [{"Node Type": "Nested Loop", "Parent Relationship": "Outer", "Join Type": "Inner", "Startup Cost": 0.0, "Total Cost": 66986.91, "Plan Rows": 15041, "Plan Width": 30, "Actual Startup Time": 2.748, "Actual Total Time": 648.015, "Actual Rows": 6152, "Actual Loops": 1, "Inner Unique": true, "Plans": [{"Node Type": "Nested Loop", "Parent Relationship": "Outer", "Join Type": "Inner", "Startup Cost": 0.0, "Total Cost": 24373.65, "Plan Rows": 12936, "Plan Width": 9, "Actual Startup Time": 0.138, "Actual Total Time": 565.084, "Actual Rows": 15849, "Actual Loops": 1, "Inner Unique": false, "Join Filter": "(it2.id = mi_idx.info_type_id)", "Rows Removed by Join Filter": 37800, "Plans": [{"Node Type": "Seq Scan", "Parent Relationship": "Outer", "Relation Name": "info_type", "Alias": "it2", "Startup Cost": 0.0, "Total Cost": 2.4, "Plan Rows": 1, "Plan Width": 4, "Actual Startup Time": 0.043, "Actual Total Time": 0.058, "Actual Rows": 1, "Actual Loops": 1, "Filter": "((info)::text = 'rating'::text)", "Rows Removed by Filter": 111}, {"Node Type": "Seq Scan", "Parent Relationship": "Inner", "Relation Name": "movie_info_idx", "Alias": "mi_idx", "Startup Cost": 0.0, "Total Cost": 23724.42, "Plan Rows": 51746, "Plan Width": 13, "Actual Startup Time": 0.091, "Actual Total Time": 550.192, "Actual Rows": 53649, "Actual Loops": 1, "Filter": "((info)::text > '8.0'::text)", "Rows Removed by Filter": 1326385}]}, {"Node Type": "Index Scan", "Parent Relationship": "Inner", "Scan Direction": "Forward", "Index Name": "title_pkey", "Relation Name": "title", "Alias": "t", "Startup Cost": 0.0, "Total Cost": 3.28, "Plan Rows": 1, "Plan Width": 21, "Actual Startup Time": 72.547, "Actual Total Time": 72.547, "Actual Rows": 6152, "Actual Loops": 15849, "Index Cond": "(id = mi_idx.movie_id)", "Rows Removed by Index Recheck": 0, "Filter": "((production_year >= 2008) AND (production_year <= 2014))", "Rows Removed by Filter": 9697}]}, {"Node Type": "Index Scan", "Parent Relationship": "Inner", "Scan Direction": "Forward", "Index Name": "movie_id_movie_info", "Relation Name": "movie_info", "Alias": "mi", "Startup Cost": 0.0, "Total Cost": 1.41, "Plan Rows": 1, "Plan Width": 50, "Actual Startup Time": 140.157, "Actual Total Time": 140.436, "Actual Rows": 358, "Actual Loops": 6152, "Index Cond": "(movie_id = t.id)", "Rows Removed by Index Recheck": 0, "Filter": "((note IS NULL) AND ((info)::text = ANY ('{Horror,Thriller}'::text[])))", "Rows Removed by Filter": 109599}]}]}, {"Node Type": "Index Scan", "Parent Relationship": "Inner", "Scan Direction": "Forward", "Index Name": "movie_id_cast_info", "Relation Name": "cast_info", "Alias": "ci", "Startup Cost": 0.0, "Total Cost": 2.34, "Plan Rows": 1, "Plan Width": 8, "Actual Startup Time": 19.56, "Actual Total Time": 24.789, "Actual Rows": 268, "Actual Loops": 358, "Index Cond": "(movie_id = t.id)", "Rows Removed by Index Recheck": 0, "Filter": "((note)::text = ANY ('{(writer),\"(head writer)\",\"(written by)\",(story),\"(story editor)\"}'::text[]))", "Rows Removed by Filter": 12296}]}, {"Node Type": "Index Scan", "Parent Relationship": "Inner", "Scan Direction": "Forward", "Index Name": "name_pkey", "Relation Name": "name", "Alias": "n", "Startup Cost": 0.0, "Total Cost": 0.49, "Plan Rows": 1, "Plan Width": 4, "Actual Startup Time": 1.936, "Actual Total Time": 1.936, "Actual Rows": 11, "Actual Loops": 268, "Index Cond": "(id = ci.person_id)", "Rows Removed by Index Recheck": 0, "Filter": "((gender IS NOT NULL) AND ((gender)::text = 'f'::text))", "Rows Removed by Filter": 257}]}]}, "Triggers": [], "Planner Runtime": 21.815, "Total Runtime": 819.864, "Unique SQL Id": 661781350}}, "(1, '29')": {"explain_plan": {"Plan": {"Node Type": "Aggregate", "Strategy": "Plain", "Startup Cost": 100899.17, "Total Cost": 100899.18, "Plan Rows": 1, "Plan Width": 160, "Plans": [{"Node Type": "Nested Loop", "Parent Relationship": "Outer", "Join Type": "Inner", "Startup Cost": 0.0, "Total Cost": 100897.52, "Plan Rows": 219, "Plan Width": 64, "Inner Unique": true, "Plans": [{"Node Type": "Nested Loop", "Parent Relationship": "Outer", "Join Type": "Inner", "Startup Cost": 0.0, "Total Cost": 100736.53, "Plan Rows": 321, "Plan Width": 68, "Inner Unique": false, "Plans": [{"Node Type": "Nested Loop", "Parent Relationship": "Outer", "Join Type": "Inner", "Startup Cost": 0.0, "Total Cost": 100051.51, "Plan Rows": 291, "Plan Width": 76, "Inner Unique": false, "Join Filter": "(mi.info_type_id = it1.id)", "Plans": [{"Node Type": "Index Scan", "Parent Relationship": "Outer", "Scan Direction": "Forward", "Index Name": "info_type_pkey", "Relation Name": "info_type", "Alias": "it1", "Startup Cost": 0.0, "Total Cost": 14.21, "Plan Rows": 1, "Plan Width": 4, "Filter": "((info)::text = 'genres'::text)"}, {"Node Type": "Nested Loop", "Parent Relationship": "Inner", "Join Type": "Inner", "Startup Cost": 0.0, "Total Cost": 99865.39, "Plan Rows": 13753, "Plan Width": 80, "Inner Unique": false, "Plans": [{"Node Type": "Nested Loop", "Parent Relationship": "Outer", "Join Type": "Inner", "Startup Cost": 0.0, "Total Cost": 78493.26, "Plan Rows": 15041, "Plan Width": 30, "Inner Unique": true, "Plans": [{"Node Type": "Nested Loop", "Parent Relationship": "Outer", "Join Type": "Inner", "Startup Cost": 0.0, "Total Cost": 35880.0, "Plan Rows": 12936, "Plan Width": 9, "Inner Unique": false, "Plans": [{"Node Type": "Index Scan", "Parent Relationship": "Outer", "Scan Direction": "Forward", "Index Name": "info_type_pkey", "Relation Name": "info_type", "Alias": "it2", "Startup Cost": 0.0, "Total Cost": 14.21, "Plan Rows": 1, "Plan Width": 4, "Filter": "((info)::text = 'rating'::text)"}, {"Node Type": "Index Scan", "Parent Relationship": "Inner", "Scan Direction": "Forward", "Index Name": "info_type_id_movie_info_idx", "Relation Name": "movie_info_idx", "Alias": "mi_idx", "Startup Cost": 0.0, "Total Cost": 35736.43, "Plan Rows": 12936, "Plan Width": 13, "Index Cond": "(info_type_id = it2.id)", "Filter": "((info)::text > '8.0'::text)"}]}, {"Node Type": "Index Scan", "Parent Relationship": "Inner", "Scan Direction": "Forward", "Index Name": "title_pkey", "Relation Name": "title", "Alias": "t", "Startup Cost": 0.0, "Total Cost": 3.28, "Plan Rows": 1, "Plan Width": 21, "Index Cond": "(id = mi_idx.movie_id)", "Filter": "((production_year >= 2008) AND (production_year <= 2014))"}]}, {"Node Type": "Index Scan", "Parent Relationship": "Inner", "Scan Direction": "Forward", "Index Name": "movie_id_movie_info", "Relation Name": "movie_info", "Alias": "mi", "Startup Cost": 0.0, "Total Cost": 1.41, "Plan Rows": 1, "Plan Width": 50, "Index Cond": "(movie_id = t.id)", "Filter": "((note IS NULL) AND ((info)::text = ANY ('{Horror,Thriller}'::text[])))"}]}]}, {"Node Type": "Index Scan", "Parent Relationship": "Inner", "Scan Direction": "Forward", "Index Name": "movie_id_cast_info", "Relation Name": "cast_info", "Alias": "ci", "Startup Cost": 0.0, "Total Cost": 2.34, "Plan Rows": 1, "Plan Width": 8, "Index Cond": "(movie_id = t.id)", "Filter": "((note)::text = ANY ('{(writer),\"(head writer)\",\"(written by)\",(story),\"(story editor)\"}'::text[]))"}]}, {"Node Type": "Index Scan", "Parent Relationship": "Inner", "Scan Direction": "Forward", "Index Name": "name_pkey", "Relation Name": "name", "Alias": "n", "Startup Cost": 0.0, "Total Cost": 0.49, "Plan Rows": 1, "Plan Width": 4, "Index Cond": "(id = ci.person_id)", "Filter": "((gender IS NOT NULL) AND ((gender)::text = 'f'::text))"}]}]}, "Unique SQL Id": 661781350, "Planner Runtime": 14}, "explain_analyze_plan": {"Plan": {"Node Type": "Aggregate", "Strategy": "Plain", "Startup Cost": 100899.17, "Total Cost": 100899.18, "Plan Rows": 1, "Plan Width": 160, "Actual Startup Time": 576.408, "Actual Total Time": 576.408, "Actual Rows": 1, "Actual Loops": 1, "Plans": [{"Node Type": "Nested Loop", "Parent Relationship": "Outer", "Join Type": "Inner", "Startup Cost": 0.0, "Total Cost": 100897.52, "Plan Rows": 219, "Plan Width": 64, "Actual Startup Time": 298.008, "Actual Total Time": 576.345, "Actual Rows": 11, "Actual Loops": 1, "Inner Unique": true, "Plans": [{"Node Type": "Nested Loop", "Parent Relationship": "Outer", "Join Type": "Inner", "Startup Cost": 0.0, "Total Cost": 100736.53, "Plan Rows": 321, "Plan Width": 68, "Actual Startup Time": 85.756, "Actual Total Time": 574.144, "Actual Rows": 268, "Actual Loops": 1, "Inner Unique": false, "Plans": [{"Node Type": "Nested Loop", "Parent Relationship": "Outer", "Join Type": "Inner", "Startup Cost": 0.0, "Total Cost": 100051.51, "Plan Rows": 291, "Plan Width": 76, "Actual Startup Time": 10.351, "Actual Total Time": 549.304, "Actual Rows": 358, "Actual Loops": 1, "Inner Unique": false, "Join Filter": "(mi.info_type_id = it1.id)", "Rows Removed by Join Filter": 0, "Plans": [{"Node Type": "Index Scan", "Parent Relationship": "Outer", "Scan Direction": "Forward", "Index Name": "info_type_pkey", "Relation Name": "info_type", "Alias": "it1", "Startup Cost": 0.0, "Total Cost": 14.21, "Plan Rows": 1, "Plan Width": 4, "Actual Startup Time": 0.027, "Actual Total Time": 0.075, "Actual Rows": 1, "Actual Loops": 1, "Filter": "((info)::text = 'genres'::text)", "Rows Removed by Filter": 111}, {"Node Type": "Nested Loop", "Parent Relationship": "Inner", "Join Type": "Inner", "Startup Cost": 0.0, "Total Cost": 99865.39, "Plan Rows": 13753, "Plan Width": 80, "Actual Startup Time": 10.315, "Actual Total Time": 548.982, "Actual Rows": 358, "Actual Loops": 1, "Inner Unique": false, "Plans": [{"Node Type": "Nested Loop", "Parent Relationship": "Outer", "Join Type": "Inner", "Startup Cost": 0.0, "Total Cost": 78493.26, "Plan Rows": 15041, "Plan Width": 30, "Actual Startup Time": 1.953, "Actual Total Time": 407.856, "Actual Rows": 6152, "Actual Loops": 1, "Inner Unique": true, "Plans": [{"Node Type": "Nested Loop", "Parent Relationship": "Outer", "Join Type": "Inner", "Startup Cost": 0.0, "Total Cost": 35880.0, "Plan Rows": 12936, "Plan Width": 9, "Actual Startup Time": 0.094, "Actual Total Time": 326.399, "Actual Rows": 15849, "Actual Loops": 1, "Inner Unique": false, "Plans": [{"Node Type": "Index Scan", "Parent Relationship": "Outer", "Scan Direction": "Forward", "Index Name": "info_type_pkey", "Relation Name": "info_type", "Alias": "it2", "Startup Cost": 0.0, "Total Cost": 14.21, "Plan Rows": 1, "Plan Width": 4, "Actual Startup Time": 0.053, "Actual Total Time": 0.061, "Actual Rows": 1, "Actual Loops": 1, "Filter": "((info)::text = 'rating'::text)", "Rows Removed by Filter": 111}, {"Node Type": "Index Scan", "Parent Relationship": "Inner", "Scan Direction": "Forward", "Index Name": "info_type_id_movie_info_idx", "Relation Name": "movie_info_idx", "Alias": "mi_idx", "Startup Cost": 0.0, "Total Cost": 35736.43, "Plan Rows": 12936, "Plan Width": 13, "Actual Startup Time": 0.039, "Actual Total Time": 322.683, "Actual Rows": 15849, "Actual Loops": 1, "Index Cond": "(info_type_id = it2.id)", "Rows Removed by Index Recheck": 0, "Filter": "((info)::text > '8.0'::text)", "Rows Removed by Filter": 444076}]}, {"Node Type": "Index Scan", "Parent Relationship": "Inner", "Scan Direction": "Forward", "Index Name": "title_pkey", "Relation Name": "title", "Alias": "t", "Startup Cost": 0.0, "Total Cost": 3.28, "Plan Rows": 1, "Plan Width": 21, "Actual Startup Time": 70.824, "Actual Total Time": 70.824, "Actual Rows": 6152, "Actual Loops": 15849, "Index Cond": "(id = mi_idx.movie_id)", "Rows Removed by Index Recheck": 0, "Filter": "((production_year >= 2008) AND (production_year <= 2014))", "Rows Removed by Filter": 9697}]}, {"Node Type": "Index Scan", "Parent Relationship": "Inner", "Scan Direction": "Forward", "Index Name": "movie_id_movie_info", "Relation Name": "movie_info", "Alias": "mi", "Startup Cost": 0.0, "Total Cost": 1.41, "Plan Rows": 1, "Plan Width": 50, "Actual Startup Time": 137.298, "Actual Total Time": 137.605, "Actual Rows": 358, "Actual Loops": 6152, "Index Cond": "(movie_id = t.id)", "Rows Removed by Index Recheck": 0, "Filter": "((note IS NULL) AND ((info)::text = ANY ('{Horror,Thriller}'::text[])))", "Rows Removed by Filter": 109599}]}]}, {"Node Type": "Index Scan", "Parent Relationship": "Inner", "Scan Direction": "Forward", "Index Name": "movie_id_cast_info", "Relation Name": "cast_info", "Alias": "ci", "Startup Cost": 0.0, "Total Cost": 2.34, "Plan Rows": 1, "Plan Width": 8, "Actual Startup Time": 19.232, "Actual Total Time": 24.394, "Actual Rows": 268, "Actual Loops": 358, "Index Cond": "(movie_id = t.id)", "Rows Removed by Index Recheck": 0, "Filter": "((note)::text = ANY ('{(writer),\"(head writer)\",\"(written by)\",(story),\"(story editor)\"}'::text[]))", "Rows Removed by Filter": 12296}]}, {"Node Type": "Index Scan", "Parent Relationship": "Inner", "Scan Direction": "Forward", "Index Name": "name_pkey", "Relation Name": "name", "Alias": "n", "Startup Cost": 0.0, "Total Cost": 0.49, "Plan Rows": 1, "Plan Width": 4, "Actual Startup Time": 1.923, "Actual Total Time": 1.923, "Actual Rows": 11, "Actual Loops": 268, "Index Cond": "(id = ci.person_id)", "Rows Removed by Index Recheck": 0, "Filter": "((gender IS NOT NULL) AND ((gender)::text = 'f'::text))", "Rows Removed by Filter": 257}]}]}, "Triggers": [], "Planner Runtime": 15.928, "Total Runtime": 576.736, "Unique SQL Id": 661781350}}, "(1, '30')": {"explain_plan": {"Plan": {"Node Type": "Aggregate", "Strategy": "Plain", "Startup Cost": 1638657.59, "Total Cost": 1638657.6, "Plan Rows": 1, "Plan Width": 160, "Plans": [{"Node Type": "Merge Join", "Parent Relationship": "Outer", "Join Type": "Inner", "Startup Cost": 1634673.18, "Total Cost": 1638655.84, "Plan Rows": 233, "Plan Width": 64, "Inner Unique": true, "Merge Cond": "(mi.movie_id = t.id)", "Plans": [{"Node Type": "Merge Join", "Parent Relationship": "Outer", "Join Type": "Inner", "Startup Cost": 1485358.97, "Total Cost": 1485428.91, "Plan Rows": 200, "Plan Width": 59, "Inner Unique": false, "Merge Cond": "(mi_idx.movie_id = mi.movie_id)", "Plans": [{"Node Type": "Sort", "Parent Relationship": "Outer", "Startup Cost": 25257.12, "Total Cost": 25289.46, "Plan Rows": 12936, "Plan Width": 9, "Sort Key": ["mi_idx.movie_id"], "Plans": [{"Node Type": "Nested Loop", "Parent Relationship": "Outer", "Join Type": "Inner", "Startup Cost": 0.0, "Total Cost": 24373.65, "Plan Rows": 12936, "Plan Width": 9, "Inner Unique": false, "Join Filter": "(it2.id = mi_idx.info_type_id)", "Plans": [{"Node Type": "Seq Scan", "Parent Relationship": "Outer", "Relation Name": "info_type", "Alias": "it2", "Startup Cost": 0.0, "Total Cost": 2.4, "Plan Rows": 1, "Plan Width": 4, "Filter": "((info)::text = 'rating'::text)"}, {"Node Type": "Seq Scan", "Parent Relationship": "Inner", "Relation Name": "movie_info_idx", "Alias": "mi_idx", "Startup Cost": 0.0, "Total Cost": 23724.42, "Plan Rows": 51746, "Plan Width": 13, "Filter": "((info)::text > '8.0'::text)"}]}]}, {"Node Type": "Sort", "Parent Relationship": "Inner", "Startup Cost": 1460101.85, "Total Cost": 1460103.8, "Plan Rows": 780, "Plan Width": 50, "Sort Key": ["ci.movie_id"], "Plans": [{"Node Type": "Merge Join", "Parent Relationship": "Outer", "Join Type": "Inner", "Startup Cost": 1457010.02, "Total Cost": 1460064.38, "Plan Rows": 780, "Plan Width": 50, "Inner Unique": true, "Merge Cond": "(ci.person_id = n.id)", "Plans": [{"Node Type": "Sort", "Parent Relationship": "Outer", "Startup Cost": 1293422.17, "Total Cost": 1293424.86, "Plan Rows": 1074, "Plan Width": 54, "Sort Key": ["ci.person_id"], "Plans": [{"Node Type": "Merge Join", "Parent Relationship": "Outer", "Join Type": "Inner", "Startup Cost": 1287236.87, "Total Cost": 1293368.1, "Plan Rows": 1074, "Plan Width": 54, "Inner Unique": false, "Merge Cond": "(mi.movie_id = ci.movie_id)", "Plans": [{"Node Type": "Sort", "Parent Relationship": "Outer", "Startup Cost": 335062.79, "Total Cost": 335065.22, "Plan Rows": 971, "Plan Width": 46, "Sort Key": ["mi.movie_id"], "Plans": [{"Node Type": "Nested Loop", "Parent Relationship": "Outer", "Join Type": "Inner", "Startup Cost": 0.0, "Total Cost": 335014.61, "Plan Rows": 971, "Plan Width": 46, "Inner Unique": false, "Join Filter": "(it1.id = mi.info_type_id)", "Plans": [{"Node Type": "Seq Scan", "Parent Relationship": "Outer", "Relation Name": "info_type", "Alias": "it1", "Startup Cost": 0.0, "Total Cost": 2.4, "Plan Rows": 1, "Plan Width": 4, "Filter": "((info)::text = 'genres'::text)"}, {"Node Type": "Seq Scan", "Parent Relationship": "Inner", "Relation Name": "movie_info", "Alias": "mi", "Startup Cost": 0.0, "Total Cost": 334162.58, "Plan Rows": 67971, "Plan Width": 50, "Filter": "((note IS NULL) AND ((info)::text = ANY ('{Horror,Thriller}'::text[])))"}]}]}, {"Node Type": "Sort", "Parent Relationship": "Inner", "Startup Cost": 952173.95, "Total Cost": 955231.83, "Plan Rows": 1223154, "Plan Width": 8, "Sort Key": ["ci.movie_id"], "Plans": [{"Node Type": "Seq Scan", "Parent Relationship": "Outer", "Relation Name": "cast_info", "Alias": "ci", "Startup Cost": 0.0, "Total Cost": 828499.78, "Plan Rows": 1223154, "Plan Width": 8, "Filter": "((note)::text = ANY ('{(writer),\"(head writer)\",\"(written by)\",(story),\"(story editor)\"}'::text[]))"}]}]}]}, {"Node Type": "Sort", "Parent Relationship": "Inner", "Startup Cost": 163587.85, "Total Cost": 165148.66, "Plan Rows": 624324, "Plan Width": 4, "Sort Key": ["n.id"], "Plans": [{"Node Type": "Seq Scan", "Parent Relationship": "Outer", "Relation Name": "name", "Alias": "n", "Startup Cost": 0.0, "Total Cost": 103490.62, "Plan Rows": 624324, "Plan Width": 4, "Filter": "((gender IS NOT NULL) AND ((gender)::text = 'f'::text)), (LLVM Optimized)"}]}]}]}]}, {"Node Type": "Sort", "Parent Relationship": "Inner", "Startup Cost": 149314.11, "Total Cost": 151270.49, "Plan Rows": 782553, "Plan Width": 21, "Sort Key": ["t.id"], "Plans": [{"Node Type": "Seq Scan", "Parent Relationship": "Outer", "Relation Name": "title", "Alias": "t", "Startup Cost": 331.36, "Total Cost": 72710.67, "Plan Rows": 782553, "Plan Width": 21, "Filter": "((production_year >= 2008) AND (production_year <= 2014)), (LLVM Optimized)"}]}]}]}, "Unique SQL Id": 661781350, "Planner Runtime": 30}, "explain_analyze_plan": null}, "(1, '31')": {"explain_plan": {"Plan": {"Node Type": "Aggregate", "Strategy": "Plain", "Startup Cost": 6971979256072.54, "Total Cost": 6971979256072.55, "Plan Rows": 1, "Plan Width": 160, "Plans": [{"Node Type": "Merge Join", "Parent Relationship": "Outer", "Join Type": "Inner", "Startup Cost": 70000000000.0, "Total Cost": 6971979256070.9, "Plan Rows": 219, "Plan Width": 64, "Inner Unique": true, "Merge Cond": "(ci.person_id = n.id)", "Plans": [{"Node Type": "Nested Loop", "Parent Relationship": "Outer", "Join Type": "Inner", "Startup Cost": 60000000000.0, "Total Cost": 5997470469312.04, "Plan Rows": 321, "Plan Width": 68, "Inner Unique": true, "Join Filter": "(mi.info_type_id = it1.id)", "Plans": [{"Node Type": "Nested Loop", "Parent Relationship": "Outer", "Join Type": "Inner", "Startup Cost": 50000000000.0, "Total Cost": 4997470467662.81, "Plan Rows": 15215, "Plan Width": 72, "Inner Unique": false, "Join Filter": "(t.id = ci.movie_id)", "Plans": [{"Node Type": "Index Scan", "Parent Relationship": "Outer", "Scan Direction": "Forward", "Index Name": "person_id_cast_info", "Relation Name": "cast_info", "Alias": "ci", "Startup Cost": 10000000000.0, "Total Cost": 1000193311016.96, "Plan Rows": 1223154, "Plan Width": 8, "Filter": "((note)::text = ANY ('{(writer),\"(head writer)\",\"(written by)\",(story),\"(story editor)\"}'::text[]))"}, {"Node Type": "Materialize", "Parent Relationship": "Inner", "Startup Cost": 40000000000.0, "Total Cost": 3997024826125.8, "Plan Rows": 13753, "Plan Width": 80, "Plans": [{"Node Type": "Merge Join", "Parent Relationship": "Outer", "Join Type": "Inner", "Startup Cost": 40000000000.0, "Total Cost": 3997024826057.04, "Plan Rows": 13753, "Plan Width": 80, "Inner Unique": false, "Merge Cond": "(t.id = mi.movie_id)", "Plans": [{"Node Type": "Merge Join", "Parent Relationship": "Outer", "Join Type": "Inner", "Startup Cost": 30000000000.0, "Total Cost": 2999088687984.57, "Plan Rows": 15041, "Plan Width": 30, "Inner Unique": true, "Merge Cond": "(mi_idx.movie_id = t.id)", "Plans": [{"Node Type": "Nested Loop", "Parent Relationship": "Outer", "Join Type": "Inner", "Startup Cost": 20000000000.0, "Total Cost": 2000004997241.06, "Plan Rows": 12936, "Plan Width": 9, "Inner Unique": true, "Join Filter": "(it2.id = mi_idx.info_type_id)", "Plans": [{"Node Type": "Index Scan", "Parent Relationship": "Outer", "Scan Direction": "Forward", "Index Name": "movie_id_movie_info_idx", "Relation Name": "movie_info_idx", "Alias": "mi_idx", "Startup Cost": 10000000000.0, "Total Cost": 1000004995043.87, "Plan Rows": 51746, "Plan Width": 13, "Filter": "((info)::text > '8.0'::text)"}, {"Node Type": "Materialize", "Parent Relationship": "Inner", "Startup Cost": 10000000000.0, "Total Cost": 1000000001421.0, "Plan Rows": 1, "Plan Width": 4, "Plans": [{"Node Type": "Index Scan", "Parent Relationship": "Outer", "Scan Direction": "Forward", "Index Name": "info_type_pkey", "Relation Name": "info_type", "Alias": "it2", "Startup Cost": 10000000000.0, "Total Cost": 1000000001421.0, "Plan Rows": 1, "Plan Width": 4, "Filter": "((info)::text = 'rating'::text)"}]}]}, {"Node Type": "Index Scan", "Parent Relationship": "Inner", "Scan Direction": "Forward", "Index Name": "title_pkey", "Relation Name": "title", "Alias": "t", "Startup Cost": 10000000000.0, "Total Cost": 1000012276204.41, "Plan Rows": 782553, "Plan Width": 21, "Filter": "((production_year >= 2008) AND (production_year <= 2014)), (LLVM Optimized)"}]}, {"Node Type": "Index Scan", "Parent Relationship": "Inner", "Scan Direction": "Forward", "Index Name": "movie_id_movie_info", "Relation Name": "movie_info", "Alias": "mi", "Startup Cost": 10000000000.0, "Total Cost": 1000107534403.72, "Plan Rows": 67971, "Plan Width": 50, "Filter": "((note IS NULL) AND ((info)::text = ANY ('{Horror,Thriller}'::text[])))"}]}]}]}, {"Node Type": "Materialize", "Parent Relationship": "Inner", "Startup Cost": 10000000000.0, "Total Cost": 1000000001421.0, "Plan Rows": 1, "Plan Width": 4, "Plans": [{"Node Type": "Index Scan", "Parent Relationship": "Outer", "Scan Direction": "Forward", "Index Name": "info_type_pkey", "Relation Name": "info_type", "Alias": "it1", "Startup Cost": 10000000000.0, "Total Cost": 1000000001421.0, "Plan Rows": 1, "Plan Width": 4, "Filter": "((info)::text = 'genres'::text)"}]}]}, {"Node Type": "Index Scan", "Parent Relationship": "Inner", "Scan Direction": "Forward", "Index Name": "name_pkey", "Relation Name": "name", "Alias": "n", "Startup Cost": 10000000000.0, "Total Cost": 1000018665147.2, "Plan Rows": 624324, "Plan Width": 4, "Filter": "((gender IS NOT NULL) AND ((gender)::text = 'f'::text)), (LLVM Optimized)"}]}]}, "Unique SQL Id": 661781350, "Planner Runtime": 36}, "explain_analyze_plan": null}, "(1, '32')": {"explain_plan": {"Plan": {"Node Type": "Aggregate", "Strategy": "Plain", "Startup Cost": 84207.28, "Total Cost": 84207.29, "Plan Rows": 1, "Plan Width": 160, "Plans": [{"Node Type": "Nested Loop", "Parent Relationship": "Outer", "Join Type": "Inner", "Startup Cost": 7419.04, "Total Cost": 84205.64, "Plan Rows": 219, "Plan Width": 64, "Inner Unique": true, "Plans": [{"Node Type": "Nested Loop", "Parent Relationship": "Outer", "Join Type": "Inner", "Startup Cost": 7419.04, "Total Cost": 84044.65, "Plan Rows": 321, "Plan Width": 68, "Inner Unique": false, "Plans": [{"Node Type": "Nested Loop", "Parent Relationship": "Outer", "Join Type": "Inner", "Startup Cost": 7419.04, "Total Cost": 83359.62, "Plan Rows": 291, "Plan Width": 76, "Inner Unique": false, "Join Filter": "(mi.info_type_id = it1.id)", "Plans": [{"Node Type": "Seq Scan", "Parent Relationship": "Outer", "Relation Name": "info_type", "Alias": "it1", "Startup Cost": 0.0, "Total Cost": 2.4, "Plan Rows": 1, "Plan Width": 4, "Filter": "((info)::text = 'genres'::text)"}, {"Node Type": "Nested Loop", "Parent Relationship": "Inner", "Join Type": "Inner", "Startup Cost": 7419.04, "Total Cost": 83185.31, "Plan Rows": 13753, "Plan Width": 80, "Inner Unique": false, "Plans": [{"Node Type": "Nested Loop", "Parent Relationship": "Outer", "Join Type": "Inner", "Startup Cost": 7419.04, "Total Cost": 61813.18, "Plan Rows": 15041, "Plan Width": 30, "Inner Unique": true, "Plans": [{"Node Type": "Nested Loop", "Parent Relationship": "Outer", "Join Type": "Inner", "Startup Cost": 7419.04, "Total Cost": 19199.92, "Plan Rows": 12936, "Plan Width": 9, "Inner Unique": false, "Plans": [{"Node Type": "Seq Scan", "Parent Relationship": "Outer", "Relation Name": "info_type", "Alias": "it2", "Startup Cost": 0.0, "Total Cost": 2.4, "Plan Rows": 1, "Plan Width": 4, "Filter": "((info)::text = 'rating'::text)"}, {"Node Type": "Bitmap Heap Scan", "Parent Relationship": "Inner", "Relation Name": "movie_info_idx", "Alias": "mi_idx", "Startup Cost": 7419.04, "Total Cost": 19068.16, "Plan Rows": 12936, "Plan Width": 13, "Recheck Cond": "(info_type_id = it2.id)", "Filter": "((info)::text > '8.0'::text)", "Plans": [{"Node Type": "Bitmap Index Scan", "Parent Relationship": "Outer", "Index Name": "info_type_id_movie_info_idx", "Startup Cost": 0.0, "Total Cost": 7415.81, "Plan Rows": 345008, "Plan Width": 0, "Index Cond": "(info_type_id = it2.id)"}]}]}, {"Node Type": "Index Scan", "Parent Relationship": "Inner", "Scan Direction": "Forward", "Index Name": "title_pkey", "Relation Name": "title", "Alias": "t", "Startup Cost": 0.0, "Total Cost": 3.28, "Plan Rows": 1, "Plan Width": 21, "Index Cond": "(id = mi_idx.movie_id)", "Filter": "((production_year >= 2008) AND (production_year <= 2014))"}]}, {"Node Type": "Index Scan", "Parent Relationship": "Inner", "Scan Direction": "Forward", "Index Name": "movie_id_movie_info", "Relation Name": "movie_info", "Alias": "mi", "Startup Cost": 0.0, "Total Cost": 1.41, "Plan Rows": 1, "Plan Width": 50, "Index Cond": "(movie_id = t.id)", "Filter": "((note IS NULL) AND ((info)::text = ANY ('{Horror,Thriller}'::text[])))"}]}]}, {"Node Type": "Index Scan", "Parent Relationship": "Inner", "Scan Direction": "Forward", "Index Name": "movie_id_cast_info", "Relation Name": "cast_info", "Alias": "ci", "Startup Cost": 0.0, "Total Cost": 2.34, "Plan Rows": 1, "Plan Width": 8, "Index Cond": "(movie_id = t.id)", "Filter": "((note)::text = ANY ('{(writer),\"(head writer)\",\"(written by)\",(story),\"(story editor)\"}'::text[]))"}]}, {"Node Type": "Index Scan", "Parent Relationship": "Inner", "Scan Direction": "Forward", "Index Name": "name_pkey", "Relation Name": "name", "Alias": "n", "Startup Cost": 0.0, "Total Cost": 0.49, "Plan Rows": 1, "Plan Width": 4, "Index Cond": "(id = ci.person_id)", "Filter": "((gender IS NOT NULL) AND ((gender)::text = 'f'::text))"}]}]}, "Unique SQL Id": 661781350, "Planner Runtime": 9}, "explain_analyze_plan": {"Plan": {"Node Type": "Aggregate", "Strategy": "Plain", "Startup Cost": 84207.28, "Total Cost": 84207.29, "Plan Rows": 1, "Plan Width": 160, "Actual Startup Time": 571.433, "Actual Total Time": 571.434, "Actual Rows": 1, "Actual Loops": 1, "Plans": [{"Node Type": "Nested Loop", "Parent Relationship": "Outer", "Join Type": "Inner", "Startup Cost": 7419.04, "Total Cost": 84205.64, "Plan Rows": 219, "Plan Width": 64, "Actual Startup Time": 340.927, "Actual Total Time": 571.372, "Actual Rows": 11, "Actual Loops": 1, "Inner Unique": true, "Plans": [{"Node Type": "Nested Loop", "Parent Relationship": "Outer", "Join Type": "Inner", "Startup Cost": 7419.04, "Total Cost": 84044.65, "Plan Rows": 321, "Plan Width": 68, "Actual Startup Time": 156.562, "Actual Total Time": 569.19, "Actual Rows": 268, "Actual Loops": 1, "Inner Unique": false, "Plans": [{"Node Type": "Nested Loop", "Parent Relationship": "Outer", "Join Type": "Inner", "Startup Cost": 7419.04, "Total Cost": 83359.62, "Plan Rows": 291, "Plan Width": 76, "Actual Startup Time": 88.153, "Actual Total Time": 544.541, "Actual Rows": 358, "Actual Loops": 1, "Inner Unique": false, "Join Filter": "(mi.info_type_id = it1.id)", "Rows Removed by Join Filter": 0, "Plans": [{"Node Type": "Seq Scan", "Parent Relationship": "Outer", "Relation Name": "info_type", "Alias": "it1", "Startup Cost": 0.0, "Total Cost": 2.4, "Plan Rows": 1, "Plan Width": 4, "Actual Startup Time": 0.03, "Actual Total Time": 0.066, "Actual Rows": 1, "Actual Loops": 1, "Filter": "((info)::text = 'genres'::text)", "Rows Removed by Filter": 111}, {"Node Type": "Nested Loop", "Parent Relationship": "Inner", "Join Type": "Inner", "Startup Cost": 7419.04, "Total Cost": 83185.31, "Plan Rows": 13753, "Plan Width": 80, "Actual Startup Time": 88.113, "Actual Total Time": 544.249, "Actual Rows": 358, "Actual Loops": 1, "Inner Unique": false, "Plans": [{"Node Type": "Nested Loop", "Parent Relationship": "Outer", "Join Type": "Inner", "Startup Cost": 7419.04, "Total Cost": 61813.18, "Plan Rows": 15041, "Plan Width": 30, "Actual Startup Time": 79.89, "Actual Total Time": 404.387, "Actual Rows": 6152, "Actual Loops": 1, "Inner Unique": true, "Plans": [{"Node Type": "Nested Loop", "Parent Relationship": "Outer", "Join Type": "Inner", "Startup Cost": 7419.04, "Total Cost": 19199.92, "Plan Rows": 12936, "Plan Width": 9, "Actual Startup Time": 78.103, "Actual Total Time": 325.531, "Actual Rows": 15849, "Actual Loops": 1, "Inner Unique": false, "Plans": [{"Node Type": "Seq Scan", "Parent Relationship": "Outer", "Relation Name": "info_type", "Alias": "it2", "Startup Cost": 0.0, "Total Cost": 2.4, "Plan Rows": 1, "Plan Width": 4, "Actual Startup Time": 0.041, "Actual Total Time": 0.061, "Actual Rows": 1, "Actual Loops": 1, "Filter": "((info)::text = 'rating'::text)", "Rows Removed by Filter": 111}, {"Node Type": "Bitmap Heap Scan", "Parent Relationship": "Inner", "Relation Name": "movie_info_idx", "Alias": "mi_idx", "Startup Cost": 7419.04, "Total Cost": 19068.16, "Plan Rows": 12936, "Plan Width": 13, "Actual Startup Time": 78.058, "Actual Total Time": 321.813, "Actual Rows": 15849, "Actual Loops": 1, "Recheck Cond": "(info_type_id = it2.id)", "Rows Removed by Index Recheck": 0, "Filter": "((info)::text > '8.0'::text)", "Rows Removed by Filter": 444076, "Exact Heap Blocks": 6472, "Lossy Heap Blocks": 6472, "Plans": [{"Node Type": "Bitmap Index Scan", "Parent Relationship": "Outer", "Index Name": "info_type_id_movie_info_idx", "Startup Cost": 0.0, "Total Cost": 7415.81, "Plan Rows": 345008, "Plan Width": 0, "Actual Startup Time": 76.814, "Actual Total Time": 76.814, "Actual Rows": 459925, "Actual Loops": 1, "Index Cond": "(info_type_id = it2.id)"}]}]}, {"Node Type": "Index Scan", "Parent Relationship": "Inner", "Scan Direction": "Forward", "Index Name": "title_pkey", "Relation Name": "title", "Alias": "t", "Startup Cost": 0.0, "Total Cost": 3.28, "Plan Rows": 1, "Plan Width": 21, "Actual Startup Time": 68.995, "Actual Total Time": 68.995, "Actual Rows": 6152, "Actual Loops": 15849, "Index Cond": "(id = mi_idx.movie_id)", "Rows Removed by Index Recheck": 0, "Filter": "((production_year >= 2008) AND (production_year <= 2014))", "Rows Removed by Filter": 9697}]}, {"Node Type": "Index Scan", "Parent Relationship": "Inner", "Scan Direction": "Forward", "Index Name": "movie_id_movie_info", "Relation Name": "movie_info", "Alias": "mi", "Startup Cost": 0.0, "Total Cost": 1.41, "Plan Rows": 1, "Plan Width": 50, "Actual Startup Time": 136.216, "Actual Total Time": 136.521, "Actual Rows": 358, "Actual Loops": 6152, "Index Cond": "(movie_id = t.id)", "Rows Removed by Index Recheck": 0, "Filter": "((note IS NULL) AND ((info)::text = ANY ('{Horror,Thriller}'::text[])))", "Rows Removed by Filter": 109599}]}]}, {"Node Type": "Index Scan", "Parent Relationship": "Inner", "Scan Direction": "Forward", "Index Name": "movie_id_cast_info", "Relation Name": "cast_info", "Alias": "ci", "Startup Cost": 0.0, "Total Cost": 2.34, "Plan Rows": 1, "Plan Width": 8, "Actual Startup Time": 19.028, "Actual Total Time": 24.254, "Actual Rows": 268, "Actual Loops": 358, "Index Cond": "(movie_id = t.id)", "Rows Removed by Index Recheck": 0, "Filter": "((note)::text = ANY ('{(writer),\"(head writer)\",\"(written by)\",(story),\"(story editor)\"}'::text[]))", "Rows Removed by Filter": 12296}]}, {"Node Type": "Index Scan", "Parent Relationship": "Inner", "Scan Direction": "Forward", "Index Name": "name_pkey", "Relation Name": "name", "Alias": "n", "Startup Cost": 0.0, "Total Cost": 0.49, "Plan Rows": 1, "Plan Width": 4, "Actual Startup Time": 1.935, "Actual Total Time": 1.935, "Actual Rows": 11, "Actual Loops": 268, "Index Cond": "(id = ci.person_id)", "Rows Removed by Index Recheck": 0, "Filter": "((gender IS NOT NULL) AND ((gender)::text = 'f'::text))", "Rows Removed by Filter": 257}]}]}, "Triggers": [], "Planner Runtime": 22.994, "Total Runtime": 571.807, "Unique SQL Id": 661781350}}, "(1, '33')": {"explain_plan": {"Plan": {"Node Type": "Aggregate", "Strategy": "Plain", "Startup Cost": 84230.9, "Total Cost": 84230.91, "Plan Rows": 1, "Plan Width": 160, "Plans": [{"Node Type": "Nested Loop", "Parent Relationship": "Outer", "Join Type": "Inner", "Startup Cost": 7419.04, "Total Cost": 84229.26, "Plan Rows": 219, "Plan Width": 64, "Inner Unique": true, "Plans": [{"Node Type": "Nested Loop", "Parent Relationship": "Outer", "Join Type": "Inner", "Startup Cost": 7419.04, "Total Cost": 84068.27, "Plan Rows": 321, "Plan Width": 68, "Inner Unique": false, "Plans": [{"Node Type": "Nested Loop", "Parent Relationship": "Outer", "Join Type": "Inner", "Startup Cost": 7419.04, "Total Cost": 83383.24, "Plan Rows": 291, "Plan Width": 76, "Inner Unique": false, "Join Filter": "(mi.info_type_id = it1.id)", "Plans": [{"Node Type": "Index Scan", "Parent Relationship": "Outer", "Scan Direction": "Forward", "Index Name": "info_type_pkey", "Relation Name": "info_type", "Alias": "it1", "Startup Cost": 0.0, "Total Cost": 14.21, "Plan Rows": 1, "Plan Width": 4, "Filter": "((info)::text = 'genres'::text)"}, {"Node Type": "Nested Loop", "Parent Relationship": "Inner", "Join Type": "Inner", "Startup Cost": 7419.04, "Total Cost": 83197.12, "Plan Rows": 13753, "Plan Width": 80, "Inner Unique": false, "Plans": [{"Node Type": "Nested Loop", "Parent Relationship": "Outer", "Join Type": "Inner", "Startup Cost": 7419.04, "Total Cost": 61824.99, "Plan Rows": 15041, "Plan Width": 30, "Inner Unique": true, "Plans": [{"Node Type": "Nested Loop", "Parent Relationship": "Outer", "Join Type": "Inner", "Startup Cost": 7419.04, "Total Cost": 19211.73, "Plan Rows": 12936, "Plan Width": 9, "Inner Unique": false, "Plans": [{"Node Type": "Index Scan", "Parent Relationship": "Outer", "Scan Direction": "Forward", "Index Name": "info_type_pkey", "Relation Name": "info_type", "Alias": "it2", "Startup Cost": 0.0, "Total Cost": 14.21, "Plan Rows": 1, "Plan Width": 4, "Filter": "((info)::text = 'rating'::text)"}, {"Node Type": "Bitmap Heap Scan", "Parent Relationship": "Inner", "Relation Name": "movie_info_idx", "Alias": "mi_idx", "Startup Cost": 7419.04, "Total Cost": 19068.16, "Plan Rows": 12936, "Plan Width": 13, "Recheck Cond": "(info_type_id = it2.id)", "Filter": "((info)::text > '8.0'::text)", "Plans": [{"Node Type": "Bitmap Index Scan", "Parent Relationship": "Outer", "Index Name": "info_type_id_movie_info_idx", "Startup Cost": 0.0, "Total Cost": 7415.81, "Plan Rows": 345008, "Plan Width": 0, "Index Cond": "(info_type_id = it2.id)"}]}]}, {"Node Type": "Index Scan", "Parent Relationship": "Inner", "Scan Direction": "Forward", "Index Name": "title_pkey", "Relation Name": "title", "Alias": "t", "Startup Cost": 0.0, "Total Cost": 3.28, "Plan Rows": 1, "Plan Width": 21, "Index Cond": "(id = mi_idx.movie_id)", "Filter": "((production_year >= 2008) AND (production_year <= 2014))"}]}, {"Node Type": "Index Scan", "Parent Relationship": "Inner", "Scan Direction": "Forward", "Index Name": "movie_id_movie_info", "Relation Name": "movie_info", "Alias": "mi", "Startup Cost": 0.0, "Total Cost": 1.41, "Plan Rows": 1, "Plan Width": 50, "Index Cond": "(movie_id = t.id)", "Filter": "((note IS NULL) AND ((info)::text = ANY ('{Horror,Thriller}'::text[])))"}]}]}, {"Node Type": "Index Scan", "Parent Relationship": "Inner", "Scan Direction": "Forward", "Index Name": "movie_id_cast_info", "Relation Name": "cast_info", "Alias": "ci", "Startup Cost": 0.0, "Total Cost": 2.34, "Plan Rows": 1, "Plan Width": 8, "Index Cond": "(movie_id = t.id)", "Filter": "((note)::text = ANY ('{(writer),\"(head writer)\",\"(written by)\",(story),\"(story editor)\"}'::text[]))"}]}, {"Node Type": "Index Scan", "Parent Relationship": "Inner", "Scan Direction": "Forward", "Index Name": "name_pkey", "Relation Name": "name", "Alias": "n", "Startup Cost": 0.0, "Total Cost": 0.49, "Plan Rows": 1, "Plan Width": 4, "Index Cond": "(id = ci.person_id)", "Filter": "((gender IS NOT NULL) AND ((gender)::text = 'f'::text))"}]}]}, "Unique SQL Id": 661781350, "Planner Runtime": 6}, "explain_analyze_plan": {"Plan": {"Node Type": "Aggregate", "Strategy": "Plain", "Startup Cost": 84230.9, "Total Cost": 84230.91, "Plan Rows": 1, "Plan Width": 160, "Actual Startup Time": 642.245, "Actual Total Time": 642.245, "Actual Rows": 1, "Actual Loops": 1, "Plans": [{"Node Type": "Nested Loop", "Parent Relationship": "Outer", "Join Type": "Inner", "Startup Cost": 7419.04, "Total Cost": 84229.26, "Plan Rows": 219, "Plan Width": 64, "Actual Startup Time": 341.884, "Actual Total Time": 642.185, "Actual Rows": 11, "Actual Loops": 1, "Inner Unique": true, "Plans": [{"Node Type": "Nested Loop", "Parent Relationship": "Outer", "Join Type": "Inner", "Startup Cost": 7419.04, "Total Cost": 84068.27, "Plan Rows": 321, "Plan Width": 68, "Actual Startup Time": 137.798, "Actual Total Time": 639.27, "Actual Rows": 268, "Actual Loops": 1, "Inner Unique": false, "Plans": [{"Node Type": "Nested Loop", "Parent Relationship": "Outer", "Join Type": "Inner", "Startup Cost": 7419.04, "Total Cost": 83383.24, "Plan Rows": 291, "Plan Width": 76, "Actual Startup Time": 74.227, "Actual Total Time": 603.246, "Actual Rows": 358, "Actual Loops": 1, "Inner Unique": false, "Join Filter": "(mi.info_type_id = it1.id)", "Rows Removed by Join Filter": 0, "Plans": [{"Node Type": "Index Scan", "Parent Relationship": "Outer", "Scan Direction": "Forward", "Index Name": "info_type_pkey", "Relation Name": "info_type", "Alias": "it1", "Startup Cost": 0.0, "Total Cost": 14.21, "Plan Rows": 1, "Plan Width": 4, "Actual Startup Time": 0.026, "Actual Total Time": 0.084, "Actual Rows": 1, "Actual Loops": 1, "Filter": "((info)::text = 'genres'::text)", "Rows Removed by Filter": 111}, {"Node Type": "Nested Loop", "Parent Relationship": "Inner", "Join Type": "Inner", "Startup Cost": 7419.04, "Total Cost": 83197.12, "Plan Rows": 13753, "Plan Width": 80, "Actual Startup Time": 74.192, "Actual Total Time": 602.921, "Actual Rows": 358, "Actual Loops": 1, "Inner Unique": false, "Plans": [{"Node Type": "Nested Loop", "Parent Relationship": "Outer", "Join Type": "Inner", "Startup Cost": 7419.04, "Total Cost": 61824.99, "Plan Rows": 15041, "Plan Width": 30, "Actual Startup Time": 66.761, "Actual Total Time": 441.413, "Actual Rows": 6152, "Actual Loops": 1, "Inner Unique": true, "Plans": [{"Node Type": "Nested Loop", "Parent Relationship": "Outer", "Join Type": "Inner", "Startup Cost": 7419.04, "Total Cost": 19211.73, "Plan Rows": 12936, "Plan Width": 9, "Actual Startup Time": 65.136, "Actual Total Time": 351.488, "Actual Rows": 15849, "Actual Loops": 1, "Inner Unique": false, "Plans": [{"Node Type": "Index Scan", "Parent Relationship": "Outer", "Scan Direction": "Forward", "Index Name": "info_type_pkey", "Relation Name": "info_type", "Alias": "it2", "Startup Cost": 0.0, "Total Cost": 14.21, "Plan Rows": 1, "Plan Width": 4, "Actual Startup Time": 0.048, "Actual Total Time": 0.061, "Actual Rows": 1, "Actual Loops": 1, "Filter": "((info)::text = 'rating'::text)", "Rows Removed by Filter": 111}, {"Node Type": "Bitmap Heap Scan", "Parent Relationship": "Inner", "Relation Name": "movie_info_idx", "Alias": "mi_idx", "Startup Cost": 7419.04, "Total Cost": 19068.16, "Plan Rows": 12936, "Plan Width": 13, "Actual Startup Time": 65.081, "Actual Total Time": 347.903, "Actual Rows": 15849, "Actual Loops": 1, "Recheck Cond": "(info_type_id = it2.id)", "Rows Removed by Index Recheck": 0, "Filter": "((info)::text > '8.0'::text)", "Rows Removed by Filter": 444076, "Exact Heap Blocks": 6472, "Lossy Heap Blocks": 6472, "Plans": [{"Node Type": "Bitmap Index Scan", "Parent Relationship": "Outer", "Index Name": "info_type_id_movie_info_idx", "Startup Cost": 0.0, "Total Cost": 7415.81, "Plan Rows": 345008, "Plan Width": 0, "Actual Startup Time": 63.828, "Actual Total Time": 63.828, "Actual Rows": 459925, "Actual Loops": 1, "Index Cond": "(info_type_id = it2.id)"}]}]}, {"Node Type": "Index Scan", "Parent Relationship": "Inner", "Scan Direction": "Forward", "Index Name": "title_pkey", "Relation Name": "title", "Alias": "t", "Startup Cost": 0.0, "Total Cost": 3.28, "Plan Rows": 1, "Plan Width": 21, "Actual Startup Time": 79.873, "Actual Total Time": 79.873, "Actual Rows": 6152, "Actual Loops": 15849, "Index Cond": "(id = mi_idx.movie_id)", "Rows Removed by Index Recheck": 0, "Filter": "((production_year >= 2008) AND (production_year <= 2014))", "Rows Removed by Filter": 9697}]}, {"Node Type": "Index Scan", "Parent Relationship": "Inner", "Scan Direction": "Forward", "Index Name": "movie_id_movie_info", "Relation Name": "movie_info", "Alias": "mi", "Startup Cost": 0.0, "Total Cost": 1.41, "Plan Rows": 1, "Plan Width": 50, "Actual Startup Time": 157.796, "Actual Total Time": 158.095, "Actual Rows": 358, "Actual Loops": 6152, "Index Cond": "(movie_id = t.id)", "Rows Removed by Index Recheck": 0, "Filter": "((note IS NULL) AND ((info)::text = ANY ('{Horror,Thriller}'::text[])))", "Rows Removed by Filter": 109599}]}]}, {"Node Type": "Index Scan", "Parent Relationship": "Inner", "Scan Direction": "Forward", "Index Name": "movie_id_cast_info", "Relation Name": "cast_info", "Alias": "ci", "Startup Cost": 0.0, "Total Cost": 2.34, "Plan Rows": 1, "Plan Width": 8, "Actual Startup Time": 27.975, "Actual Total Time": 35.613, "Actual Rows": 268, "Actual Loops": 358, "Index Cond": "(movie_id = t.id)", "Rows Removed by Index Recheck": 0, "Filter": "((note)::text = ANY ('{(writer),\"(head writer)\",\"(written by)\",(story),\"(story editor)\"}'::text[]))", "Rows Removed by Filter": 12296}]}, {"Node Type": "Index Scan", "Parent Relationship": "Inner", "Scan Direction": "Forward", "Index Name": "name_pkey", "Relation Name": "name", "Alias": "n", "Startup Cost": 0.0, "Total Cost": 0.49, "Plan Rows": 1, "Plan Width": 4, "Actual Startup Time": 2.646, "Actual Total Time": 2.646, "Actual Rows": 11, "Actual Loops": 268, "Index Cond": "(id = ci.person_id)", "Rows Removed by Index Recheck": 0, "Filter": "((gender IS NOT NULL) AND ((gender)::text = 'f'::text))", "Rows Removed by Filter": 257}]}]}, "Triggers": [], "Planner Runtime": 16.979, "Total Runtime": 642.612, "Unique SQL Id": 661781350}}, "(1, '34')": {"explain_plan": {"Plan": {"Node Type": "Aggregate", "Strategy": "Plain", "Startup Cost": 157086.07, "Total Cost": 157086.08, "Plan Rows": 1, "Plan Width": 160, "Plans": [{"Node Type": "Nested Loop", "Parent Relationship": "Outer", "Join Type": "Inner", "Startup Cost": 7421.91, "Total Cost": 157084.43, "Plan Rows": 219, "Plan Width": 64, "Inner Unique": true, "Plans": [{"Node Type": "Nested Loop", "Parent Relationship": "Outer", "Join Type": "Inner", "Startup Cost": 7421.6, "Total Cost": 155693.31, "Plan Rows": 321, "Plan Width": 68, "Inner Unique": false, "Plans": [{"Node Type": "Nested Loop", "Parent Relationship": "Outer", "Join Type": "Inner", "Startup Cost": 7420.6, "Total Cost": 154200.13, "Plan Rows": 291, "Plan Width": 76, "Inner Unique": false, "Join Filter": "(mi.info_type_id = it1.id)", "Plans": [{"Node Type": "Seq Scan", "Parent Relationship": "Outer", "Relation Name": "info_type", "Alias": "it1", "Startup Cost": 0.0, "Total Cost": 2.4, "Plan Rows": 1, "Plan Width": 4, "Filter": "((info)::text = 'genres'::text)"}, {"Node Type": "Nested Loop", "Parent Relationship": "Inner", "Join Type": "Inner", "Startup Cost": 7420.6, "Total Cost": 154025.82, "Plan Rows": 13753, "Plan Width": 80, "Inner Unique": false, "Plans": [{"Node Type": "Nested Loop", "Parent Relationship": "Outer", "Join Type": "Inner", "Startup Cost": 7420.02, "Total Cost": 83886.56, "Plan Rows": 15041, "Plan Width": 30, "Inner Unique": true, "Plans": [{"Node Type": "Nested Loop", "Parent Relationship": "Outer", "Join Type": "Inner", "Startup Cost": 7419.04, "Total Cost": 19199.92, "Plan Rows": 12936, "Plan Width": 9, "Inner Unique": false, "Plans": [{"Node Type": "Seq Scan", "Parent Relationship": "Outer", "Relation Name": "info_type", "Alias": "it2", "Startup Cost": 0.0, "Total Cost": 2.4, "Plan Rows": 1, "Plan Width": 4, "Filter": "((info)::text = 'rating'::text)"}, {"Node Type": "Bitmap Heap Scan", "Parent Relationship": "Inner", "Relation Name": "movie_info_idx", "Alias": "mi_idx", "Startup Cost": 7419.04, "Total Cost": 19068.16, "Plan Rows": 12936, "Plan Width": 13, "Recheck Cond": "(info_type_id = it2.id)", "Filter": "((info)::text > '8.0'::text)", "Plans": [{"Node Type": "Bitmap Index Scan", "Parent Relationship": "Outer", "Index Name": "info_type_id_movie_info_idx", "Startup Cost": 0.0, "Total Cost": 7415.81, "Plan Rows": 345008, "Plan Width": 0, "Index Cond": "(info_type_id = it2.id)"}]}]}, {"Node Type": "Bitmap Heap Scan", "Parent Relationship": "Inner", "Relation Name": "title", "Alias": "t", "Startup Cost": 0.97, "Total Cost": 4.99, "Plan Rows": 1, "Plan Width": 21, "Recheck Cond": "(id = mi_idx.movie_id)", "Filter": "((production_year >= 2008) AND (production_year <= 2014))", "Plans": [{"Node Type": "Bitmap Index Scan", "Parent Relationship": "Outer", "Index Name": "title_pkey", "Startup Cost": 0.0, "Total Cost": 0.97, "Plan Rows": 1, "Plan Width": 0, "Index Cond": "(id = mi_idx.movie_id)"}]}]}, {"Node Type": "Bitmap Heap Scan", "Parent Relationship": "Inner", "Relation Name": "movie_info", "Alias": "mi", "Startup Cost": 0.58, "Total Cost": 4.65, "Plan Rows": 1, "Plan Width": 50, "Recheck Cond": "(movie_id = t.id)", "Filter": "((note IS NULL) AND ((info)::text = ANY ('{Horror,Thriller}'::text[])))", "Plans": [{"Node Type": "Bitmap Index Scan", "Parent Relationship": "Outer", "Index Name": "movie_id_movie_info", "Startup Cost": 0.0, "Total Cost": 0.58, "Plan Rows": 5, "Plan Width": 0, "Index Cond": "(movie_id = t.id)"}]}]}]}, {"Node Type": "Bitmap Heap Scan", "Parent Relationship": "Inner", "Relation Name": "cast_info", "Alias": "ci", "Startup Cost": 1.01, "Total Cost": 5.12, "Plan Rows": 1, "Plan Width": 8, "Recheck Cond": "(movie_id = t.id)", "Filter": "((note)::text = ANY ('{(writer),\"(head writer)\",\"(written by)\",(story),\"(story editor)\"}'::text[]))", "Plans": [{"Node Type": "Bitmap Index Scan", "Parent Relationship": "Outer", "Index Name": "movie_id_cast_info", "Startup Cost": 0.0, "Total Cost": 1.01, "Plan Rows": 6, "Plan Width": 0, "Index Cond": "(movie_id = t.id)"}]}]}, {"Node Type": "Bitmap Heap Scan", "Parent Relationship": "Inner", "Relation Name": "name", "Alias": "n", "Startup Cost": 0.31, "Total Cost": 4.32, "Plan Rows": 1, "Plan Width": 4, "Recheck Cond": "(id = ci.person_id)", "Filter": "((gender IS NOT NULL) AND ((gender)::text = 'f'::text))", "Plans": [{"Node Type": "Bitmap Index Scan", "Parent Relationship": "Outer", "Index Name": "name_pkey", "Startup Cost": 0.0, "Total Cost": 0.31, "Plan Rows": 1, "Plan Width": 0, "Index Cond": "(id = ci.person_id)"}]}]}]}, "Unique SQL Id": 661781350, "Planner Runtime": 11}, "explain_analyze_plan": {"Plan": {"Node Type": "Aggregate", "Strategy": "Plain", "Startup Cost": 157086.07, "Total Cost": 157086.08, "Plan Rows": 1, "Plan Width": 160, "Actual Startup Time": 772.672, "Actual Total Time": 772.673, "Actual Rows": 1, "Actual Loops": 1, "Plans": [{"Node Type": "Nested Loop", "Parent Relationship": "Outer", "Join Type": "Inner", "Startup Cost": 7421.91, "Total Cost": 157084.43, "Plan Rows": 219, "Plan Width": 64, "Actual Startup Time": 434.6, "Actual Total Time": 772.602, "Actual Rows": 11, "Actual Loops": 1, "Inner Unique": true, "Plans": [{"Node Type": "Nested Loop", "Parent Relationship": "Outer", "Join Type": "Inner", "Startup Cost": 7421.6, "Total Cost": 155693.31, "Plan Rows": 321, "Plan Width": 68, "Actual Startup Time": 169.023, "Actual Total Time": 768.854, "Actual Rows": 268, "Actual Loops": 1, "Inner Unique": false, "Plans": [{"Node Type": "Nested Loop", "Parent Relationship": "Outer", "Join Type": "Inner", "Startup Cost": 7420.6, "Total Cost": 154200.13, "Plan Rows": 291, "Plan Width": 76, "Actual Startup Time": 83.828, "Actual Total Time": 721.9, "Actual Rows": 358, "Actual Loops": 1, "Inner Unique": false, "Join Filter": "(mi.info_type_id = it1.id)", "Rows Removed by Join Filter": 0, "Plans": [{"Node Type": "Seq Scan", "Parent Relationship": "Outer", "Relation Name": "info_type", "Alias": "it1", "Startup Cost": 0.0, "Total Cost": 2.4, "Plan Rows": 1, "Plan Width": 4, "Actual Startup Time": 0.045, "Actual Total Time": 0.082, "Actual Rows": 1, "Actual Loops": 1, "Filter": "((info)::text = 'genres'::text)", "Rows Removed by Filter": 111}, {"Node Type": "Nested Loop", "Parent Relationship": "Inner", "Join Type": "Inner", "Startup Cost": 7420.6, "Total Cost": 154025.82, "Plan Rows": 13753, "Plan Width": 80, "Actual Startup Time": 83.774, "Actual Total Time": 721.552, "Actual Rows": 358, "Actual Loops": 1, "Inner Unique": false, "Plans": [{"Node Type": "Nested Loop", "Parent Relationship": "Outer", "Join Type": "Inner", "Startup Cost": 7420.02, "Total Cost": 83886.56, "Plan Rows": 15041, "Plan Width": 30, "Actual Startup Time": 74.777, "Actual Total Time": 509.207, "Actual Rows": 6152, "Actual Loops": 1, "Inner Unique": true, "Plans": [{"Node Type": "Nested Loop", "Parent Relationship": "Outer", "Join Type": "Inner", "Startup Cost": 7419.04, "Total Cost": 19199.92, "Plan Rows": 12936, "Plan Width": 9, "Actual Startup Time": 72.767, "Actual Total Time": 380.691, "Actual Rows": 15849, "Actual Loops": 1, "Inner Unique": false, "Plans": [{"Node Type": "Seq Scan", "Parent Relationship": "Outer", "Relation Name": "info_type", "Alias": "it2", "Startup Cost": 0.0, "Total Cost": 2.4, "Plan Rows": 1, "Plan Width": 4, "Actual Startup Time": 0.044, "Actual Total Time": 0.065, "Actual Rows": 1, "Actual Loops": 1, "Filter": "((info)::text = 'rating'::text)", "Rows Removed by Filter": 111}, {"Node Type": "Bitmap Heap Scan", "Parent Relationship": "Inner", "Relation Name": "movie_info_idx", "Alias": "mi_idx", "Startup Cost": 7419.04, "Total Cost": 19068.16, "Plan Rows": 12936, "Plan Width": 13, "Actual Startup Time": 72.719, "Actual Total Time": 376.809, "Actual Rows": 15849, "Actual Loops": 1, "Recheck Cond": "(info_type_id = it2.id)", "Rows Removed by Index Recheck": 0, "Filter": "((info)::text > '8.0'::text)", "Rows Removed by Filter": 444076, "Exact Heap Blocks": 6472, "Lossy Heap Blocks": 6472, "Plans": [{"Node Type": "Bitmap Index Scan", "Parent Relationship": "Outer", "Index Name": "info_type_id_movie_info_idx", "Startup Cost": 0.0, "Total Cost": 7415.81, "Plan Rows": 345008, "Plan Width": 0, "Actual Startup Time": 71.415, "Actual Total Time": 71.415, "Actual Rows": 459925, "Actual Loops": 1, "Index Cond": "(info_type_id = it2.id)"}]}]}, {"Node Type": "Bitmap Heap Scan", "Parent Relationship": "Inner", "Relation Name": "title", "Alias": "t", "Startup Cost": 0.97, "Total Cost": 4.99, "Plan Rows": 1, "Plan Width": 21, "Actual Startup Time": 107.843, "Actual Total Time": 107.843, "Actual Rows": 6152, "Actual Loops": 15849, "Recheck Cond": "(id = mi_idx.movie_id)", "Rows Removed by Index Recheck": 0, "Filter": "((production_year >= 2008) AND (production_year <= 2014))", "Rows Removed by Filter": 9697, "Exact Heap Blocks": 15849, "Lossy Heap Blocks": 15849, "Plans": [{"Node Type": "Bitmap Index Scan", "Parent Relationship": "Outer", "Index Name": "title_pkey", "Startup Cost": 0.0, "Total Cost": 0.97, "Plan Rows": 1, "Plan Width": 0, "Actual Startup Time": 51.257, "Actual Total Time": 51.257, "Actual Rows": 15849, "Actual Loops": 15849, "Index Cond": "(id = mi_idx.movie_id)"}]}]}, {"Node Type": "Bitmap Heap Scan", "Parent Relationship": "Inner", "Relation Name": "movie_info", "Alias": "mi", "Startup Cost": 0.58, "Total Cost": 4.65, "Plan Rows": 1, "Plan Width": 50, "Actual Startup Time": 203.885, "Actual Total Time": 204.063, "Actual Rows": 358, "Actual Loops": 6152, "Recheck Cond": "(movie_id = t.id)", "Rows Removed by Index Recheck": 0, "Filter": "((note IS NULL) AND ((info)::text = ANY ('{Horror,Thriller}'::text[])))", "Rows Removed by Filter": 109599, "Exact Heap Blocks": 52726, "Lossy Heap Blocks": 52726, "Plans": [{"Node Type": "Bitmap Index Scan", "Parent Relationship": "Outer", "Index Name": "movie_id_movie_info", "Startup Cost": 0.0, "Total Cost": 0.58, "Plan Rows": 5, "Plan Width": 0, "Actual Startup Time": 46.751, "Actual Total Time": 46.751, "Actual Rows": 109957, "Actual Loops": 6152, "Index Cond": "(movie_id = t.id)"}]}]}]}, {"Node Type": "Bitmap Heap Scan", "Parent Relationship": "Inner", "Relation Name": "cast_info", "Alias": "ci", "Startup Cost": 1.01, "Total Cost": 5.12, "Plan Rows": 1, "Plan Width": 8, "Actual Startup Time": 37.12, "Actual Total Time": 46.053, "Actual Rows": 268, "Actual Loops": 358, "Recheck Cond": "(movie_id = t.id)", "Rows Removed by Index Recheck": 0, "Filter": "((note)::text = ANY ('{(writer),\"(head writer)\",\"(written by)\",(story),\"(story editor)\"}'::text[]))", "Rows Removed by Filter": 12296, "Exact Heap Blocks": 11454, "Lossy Heap Blocks": 11454, "Plans": [{"Node Type": "Bitmap Index Scan", "Parent Relationship": "Outer", "Index Name": "movie_id_cast_info", "Startup Cost": 0.0, "Total Cost": 1.01, "Plan Rows": 6, "Plan Width": 0, "Actual Startup Time": 6.148, "Actual Total Time": 6.148, "Actual Rows": 12564, "Actual Loops": 358, "Index Cond": "(movie_id = t.id)"}]}]}, {"Node Type": "Bitmap Heap Scan", "Parent Relationship": "Inner", "Relation Name": "name", "Alias": "n", "Startup Cost": 0.31, "Total Cost": 4.32, "Plan Rows": 1, "Plan Width": 4, "Actual Startup Time": 3.215, "Actual Total Time": 3.215, "Actual Rows": 11, "Actual Loops": 268, "Recheck Cond": "(id = ci.person_id)", "Rows Removed by Index Recheck": 0, "Filter": "((gender IS NOT NULL) AND ((gender)::text = 'f'::text))", "Rows Removed by Filter": 257, "Exact Heap Blocks": 268, "Lossy Heap Blocks": 268, "Plans": [{"Node Type": "Bitmap Index Scan", "Parent Relationship": "Outer", "Index Name": "name_pkey", "Startup Cost": 0.0, "Total Cost": 0.31, "Plan Rows": 1, "Plan Width": 0, "Actual Startup Time": 2.013, "Actual Total Time": 2.013, "Actual Rows": 268, "Actual Loops": 268, "Index Cond": "(id = ci.person_id)"}]}]}]}, "Triggers": [], "Planner Runtime": 24.695, "Total Runtime": 773.026, "Unique SQL Id": 661781350}}, "(1, '35')": {"explain_plan": {"Plan": {"Node Type": "Aggregate", "Strategy": "Plain", "Startup Cost": 1000198965418.13, "Total Cost": 1000198965418.14, "Plan Rows": 1, "Plan Width": 160, "Plans": [{"Node Type": "Nested Loop", "Parent Relationship": "Outer", "Join Type": "Inner", "Startup Cost": 10000000001.87, "Total Cost": 1000198965416.49, "Plan Rows": 219, "Plan Width": 64, "Inner Unique": true, "Plans": [{"Node Type": "Nested Loop", "Parent Relationship": "Outer", "Join Type": "Inner", "Startup Cost": 10000000001.56, "Total Cost": 1000198964025.37, "Plan Rows": 321, "Plan Width": 68, "Inner Unique": true, "Join Filter": "(mi.movie_id = t.id)", "Plans": [{"Node Type": "Nested Loop", "Parent Relationship": "Outer", "Join Type": "Inner", "Startup Cost": 10000000001.27, "Total Cost": 1000198962833.6, "Plan Rows": 276, "Plan Width": 63, "Inner Unique": true, "Plans": [{"Node Type": "Nested Loop", "Parent Relationship": "Outer", "Join Type": "Inner", "Startup Cost": 10000000001.01, "Total Cost": 1000198906787.99, "Plan Rows": 13086, "Plan Width": 67, "Inner Unique": false, "Join Filter": "(mi_idx.movie_id = mi.movie_id)", "Plans": [{"Node Type": "Nested Loop", "Parent Relationship": "Outer", "Join Type": "Inner", "Startup Cost": 10000000000.54, "Total Cost": 1000198841505.29, "Plan Rows": 14313, "Plan Width": 17, "Inner Unique": true, "Plans": [{"Node Type": "Nested Loop", "Parent Relationship": "Outer", "Join Type": "Inner", "Startup Cost": 10000000000.28, "Total Cost": 1000198596304.72, "Plan Rows": 57251, "Plan Width": 21, "Inner Unique": false, "Plans": [{"Node Type": "Index Scan", "Parent Relationship": "Outer", "Scan Direction": "Forward", "Index Name": "person_id_cast_info", "Relation Name": "cast_info", "Alias": "ci", "Startup Cost": 10000000000.0, "Total Cost": 1000193311016.96, "Plan Rows": 1223154, "Plan Width": 8, "Filter": "((note)::text = ANY ('{(writer),\"(head writer)\",\"(written by)\",(story),\"(story editor)\"}'::text[]))"}, {"Node Type": "Bitmap Heap Scan", "Parent Relationship": "Inner", "Relation Name": "movie_info_idx", "Alias": "mi_idx", "Startup Cost": 0.28, "Total Cost": 4.31, "Plan Rows": 1, "Plan Width": 13, "Recheck Cond": "(movie_id = ci.movie_id)", "Filter": "((info)::text > '8.0'::text)", "Plans": [{"Node Type": "Bitmap Index Scan", "Parent Relationship": "Outer", "Index Name": "movie_id_movie_info_idx", "Startup Cost": 0.0, "Total Cost": 0.28, "Plan Rows": 2, "Plan Width": 0, "Index Cond": "(movie_id = ci.movie_id)"}]}]}, {"Node Type": "Bitmap Heap Scan", "Parent Relationship": "Inner", "Relation Name": "info_type", "Alias": "it2", "Startup Cost": 0.26, "Total Cost": 4.27, "Plan Rows": 1, "Plan Width": 4, "Recheck Cond": "(id = mi_idx.info_type_id)", "Filter": "((info)::text = 'rating'::text)", "Plans": [{"Node Type": "Bitmap Index Scan", "Parent Relationship": "Outer", "Index Name": "info_type_pkey", "Startup Cost": 0.0, "Total Cost": 0.26, "Plan Rows": 1, "Plan Width": 0, "Index Cond": "(id = mi_idx.info_type_id)"}]}]}, {"Node Type": "Bitmap Heap Scan", "Parent Relationship": "Inner", "Relation Name": "movie_info", "Alias": "mi", "Startup Cost": 0.47, "Total Cost": 4.55, "Plan Rows": 1, "Plan Width": 50, "Recheck Cond": "(movie_id = ci.movie_id)", "Filter": "((note IS NULL) AND ((info)::text = ANY ('{Horror,Thriller}'::text[])))", "Plans": [{"Node Type": "Bitmap Index Scan", "Parent Relationship": "Outer", "Index Name": "movie_id_movie_info", "Startup Cost": 0.0, "Total Cost": 0.47, "Plan Rows": 5, "Plan Width": 0, "Index Cond": "(movie_id = ci.movie_id)"}]}]}, {"Node Type": "Bitmap Heap Scan", "Parent Relationship": "Inner", "Relation Name": "info_type", "Alias": "it1", "Startup Cost": 0.26, "Total Cost": 4.27, "Plan Rows": 1, "Plan Width": 4, "Recheck Cond": "(id = mi.info_type_id)", "Filter": "((info)::text = 'genres'::text)", "Plans": [{"Node Type": "Bitmap Index Scan", "Parent Relationship": "Outer", "Index Name": "info_type_pkey", "Startup Cost": 0.0, "Total Cost": 0.26, "Plan Rows": 1, "Plan Width": 0, "Index Cond": "(id = mi.info_type_id)"}]}]}, {"Node Type": "Bitmap Heap Scan", "Parent Relationship": "Inner", "Relation Name": "title", "Alias": "t", "Startup Cost": 0.29, "Total Cost": 4.31, "Plan Rows": 1, "Plan Width": 21, "Recheck Cond": "(id = ci.movie_id)", "Filter": "((production_year >= 2008) AND (production_year <= 2014))", "Plans": [{"Node Type": "Bitmap Index Scan", "Parent Relationship": "Outer", "Index Name": "title_pkey", "Startup Cost": 0.0, "Total Cost": 0.29, "Plan Rows": 1, "Plan Width": 0, "Index Cond": "(id = ci.movie_id)"}]}]}, {"Node Type": "Bitmap Heap Scan", "Parent Relationship": "Inner", "Relation Name": "name", "Alias": "n", "Startup Cost": 0.31, "Total Cost": 4.32, "Plan Rows": 1, "Plan Width": 4, "Recheck Cond": "(id = ci.person_id)", "Filter": "((gender IS NOT NULL) AND ((gender)::text = 'f'::text))", "Plans": [{"Node Type": "Bitmap Index Scan", "Parent Relationship": "Outer", "Index Name": "name_pkey", "Startup Cost": 0.0, "Total Cost": 0.31, "Plan Rows": 1, "Plan Width": 0, "Index Cond": "(id = ci.person_id)"}]}]}]}, "Unique SQL Id": 661781350, "Planner Runtime": 5}, "explain_analyze_plan": null}, "(1, '36')": {"explain_plan": {"Plan": {"Node Type": "Aggregate", "Strategy": "Plain", "Startup Cost": 84207.28, "Total Cost": 84207.29, "Plan Rows": 1, "Plan Width": 160, "Plans": [{"Node Type": "Nested Loop", "Parent Relationship": "Outer", "Join Type": "Inner", "Startup Cost": 7419.04, "Total Cost": 84205.64, "Plan Rows": 219, "Plan Width": 64, "Inner Unique": true, "Plans": [{"Node Type": "Nested Loop", "Parent Relationship": "Outer", "Join Type": "Inner", "Startup Cost": 7419.04, "Total Cost": 84044.65, "Plan Rows": 321, "Plan Width": 68, "Inner Unique": false, "Plans": [{"Node Type": "Nested Loop", "Parent Relationship": "Outer", "Join Type": "Inner", "Startup Cost": 7419.04, "Total Cost": 83359.62, "Plan Rows": 291, "Plan Width": 76, "Inner Unique": false, "Join Filter": "(mi.info_type_id = it1.id)", "Plans": [{"Node Type": "Seq Scan", "Parent Relationship": "Outer", "Relation Name": "info_type", "Alias": "it1", "Startup Cost": 0.0, "Total Cost": 2.4, "Plan Rows": 1, "Plan Width": 4, "Filter": "((info)::text = 'genres'::text)"}, {"Node Type": "Nested Loop", "Parent Relationship": "Inner", "Join Type": "Inner", "Startup Cost": 7419.04, "Total Cost": 83185.31, "Plan Rows": 13753, "Plan Width": 80, "Inner Unique": false, "Plans": [{"Node Type": "Nested Loop", "Parent Relationship": "Outer", "Join Type": "Inner", "Startup Cost": 7419.04, "Total Cost": 61813.18, "Plan Rows": 15041, "Plan Width": 30, "Inner Unique": true, "Plans": [{"Node Type": "Nested Loop", "Parent Relationship": "Outer", "Join Type": "Inner", "Startup Cost": 7419.04, "Total Cost": 19199.92, "Plan Rows": 12936, "Plan Width": 9, "Inner Unique": false, "Plans": [{"Node Type": "Seq Scan", "Parent Relationship": "Outer", "Relation Name": "info_type", "Alias": "it2", "Startup Cost": 0.0, "Total Cost": 2.4, "Plan Rows": 1, "Plan Width": 4, "Filter": "((info)::text = 'rating'::text)"}, {"Node Type": "Bitmap Heap Scan", "Parent Relationship": "Inner", "Relation Name": "movie_info_idx", "Alias": "mi_idx", "Startup Cost": 7419.04, "Total Cost": 19068.16, "Plan Rows": 12936, "Plan Width": 13, "Recheck Cond": "(info_type_id = it2.id)", "Filter": "((info)::text > '8.0'::text)", "Plans": [{"Node Type": "Bitmap Index Scan", "Parent Relationship": "Outer", "Index Name": "info_type_id_movie_info_idx", "Startup Cost": 0.0, "Total Cost": 7415.81, "Plan Rows": 345008, "Plan Width": 0, "Index Cond": "(info_type_id = it2.id)"}]}]}, {"Node Type": "Index Scan", "Parent Relationship": "Inner", "Scan Direction": "Forward", "Index Name": "title_pkey", "Relation Name": "title", "Alias": "t", "Startup Cost": 0.0, "Total Cost": 3.28, "Plan Rows": 1, "Plan Width": 21, "Index Cond": "(id = mi_idx.movie_id)", "Filter": "((production_year >= 2008) AND (production_year <= 2014))"}]}, {"Node Type": "Index Scan", "Parent Relationship": "Inner", "Scan Direction": "Forward", "Index Name": "movie_id_movie_info", "Relation Name": "movie_info", "Alias": "mi", "Startup Cost": 0.0, "Total Cost": 1.41, "Plan Rows": 1, "Plan Width": 50, "Index Cond": "(movie_id = t.id)", "Filter": "((note IS NULL) AND ((info)::text = ANY ('{Horror,Thriller}'::text[])))"}]}]}, {"Node Type": "Index Scan", "Parent Relationship": "Inner", "Scan Direction": "Forward", "Index Name": "movie_id_cast_info", "Relation Name": "cast_info", "Alias": "ci", "Startup Cost": 0.0, "Total Cost": 2.34, "Plan Rows": 1, "Plan Width": 8, "Index Cond": "(movie_id = t.id)", "Filter": "((note)::text = ANY ('{(writer),\"(head writer)\",\"(written by)\",(story),\"(story editor)\"}'::text[]))"}]}, {"Node Type": "Index Scan", "Parent Relationship": "Inner", "Scan Direction": "Forward", "Index Name": "name_pkey", "Relation Name": "name", "Alias": "n", "Startup Cost": 0.0, "Total Cost": 0.49, "Plan Rows": 1, "Plan Width": 4, "Index Cond": "(id = ci.person_id)", "Filter": "((gender IS NOT NULL) AND ((gender)::text = 'f'::text))"}]}]}, "Unique SQL Id": 661781350, "Planner Runtime": 9}, "explain_analyze_plan": {"Plan": {"Node Type": "Aggregate", "Strategy": "Plain", "Startup Cost": 84207.28, "Total Cost": 84207.29, "Plan Rows": 1, "Plan Width": 160, "Actual Startup Time": 571.433, "Actual Total Time": 571.434, "Actual Rows": 1, "Actual Loops": 1, "Plans": [{"Node Type": "Nested Loop", "Parent Relationship": "Outer", "Join Type": "Inner", "Startup Cost": 7419.04, "Total Cost": 84205.64, "Plan Rows": 219, "Plan Width": 64, "Actual Startup Time": 340.927, "Actual Total Time": 571.372, "Actual Rows": 11, "Actual Loops": 1, "Inner Unique": true, "Plans": [{"Node Type": "Nested Loop", "Parent Relationship": "Outer", "Join Type": "Inner", "Startup Cost": 7419.04, "Total Cost": 84044.65, "Plan Rows": 321, "Plan Width": 68, "Actual Startup Time": 156.562, "Actual Total Time": 569.19, "Actual Rows": 268, "Actual Loops": 1, "Inner Unique": false, "Plans": [{"Node Type": "Nested Loop", "Parent Relationship": "Outer", "Join Type": "Inner", "Startup Cost": 7419.04, "Total Cost": 83359.62, "Plan Rows": 291, "Plan Width": 76, "Actual Startup Time": 88.153, "Actual Total Time": 544.541, "Actual Rows": 358, "Actual Loops": 1, "Inner Unique": false, "Join Filter": "(mi.info_type_id = it1.id)", "Rows Removed by Join Filter": 0, "Plans": [{"Node Type": "Seq Scan", "Parent Relationship": "Outer", "Relation Name": "info_type", "Alias": "it1", "Startup Cost": 0.0, "Total Cost": 2.4, "Plan Rows": 1, "Plan Width": 4, "Actual Startup Time": 0.03, "Actual Total Time": 0.066, "Actual Rows": 1, "Actual Loops": 1, "Filter": "((info)::text = 'genres'::text)", "Rows Removed by Filter": 111}, {"Node Type": "Nested Loop", "Parent Relationship": "Inner", "Join Type": "Inner", "Startup Cost": 7419.04, "Total Cost": 83185.31, "Plan Rows": 13753, "Plan Width": 80, "Actual Startup Time": 88.113, "Actual Total Time": 544.249, "Actual Rows": 358, "Actual Loops": 1, "Inner Unique": false, "Plans": [{"Node Type": "Nested Loop", "Parent Relationship": "Outer", "Join Type": "Inner", "Startup Cost": 7419.04, "Total Cost": 61813.18, "Plan Rows": 15041, "Plan Width": 30, "Actual Startup Time": 79.89, "Actual Total Time": 404.387, "Actual Rows": 6152, "Actual Loops": 1, "Inner Unique": true, "Plans": [{"Node Type": "Nested Loop", "Parent Relationship": "Outer", "Join Type": "Inner", "Startup Cost": 7419.04, "Total Cost": 19199.92, "Plan Rows": 12936, "Plan Width": 9, "Actual Startup Time": 78.103, "Actual Total Time": 325.531, "Actual Rows": 15849, "Actual Loops": 1, "Inner Unique": false, "Plans": [{"Node Type": "Seq Scan", "Parent Relationship": "Outer", "Relation Name": "info_type", "Alias": "it2", "Startup Cost": 0.0, "Total Cost": 2.4, "Plan Rows": 1, "Plan Width": 4, "Actual Startup Time": 0.041, "Actual Total Time": 0.061, "Actual Rows": 1, "Actual Loops": 1, "Filter": "((info)::text = 'rating'::text)", "Rows Removed by Filter": 111}, {"Node Type": "Bitmap Heap Scan", "Parent Relationship": "Inner", "Relation Name": "movie_info_idx", "Alias": "mi_idx", "Startup Cost": 7419.04, "Total Cost": 19068.16, "Plan Rows": 12936, "Plan Width": 13, "Actual Startup Time": 78.058, "Actual Total Time": 321.813, "Actual Rows": 15849, "Actual Loops": 1, "Recheck Cond": "(info_type_id = it2.id)", "Rows Removed by Index Recheck": 0, "Filter": "((info)::text > '8.0'::text)", "Rows Removed by Filter": 444076, "Exact Heap Blocks": 6472, "Lossy Heap Blocks": 6472, "Plans": [{"Node Type": "Bitmap Index Scan", "Parent Relationship": "Outer", "Index Name": "info_type_id_movie_info_idx", "Startup Cost": 0.0, "Total Cost": 7415.81, "Plan Rows": 345008, "Plan Width": 0, "Actual Startup Time": 76.814, "Actual Total Time": 76.814, "Actual Rows": 459925, "Actual Loops": 1, "Index Cond": "(info_type_id = it2.id)"}]}]}, {"Node Type": "Index Scan", "Parent Relationship": "Inner", "Scan Direction": "Forward", "Index Name": "title_pkey", "Relation Name": "title", "Alias": "t", "Startup Cost": 0.0, "Total Cost": 3.28, "Plan Rows": 1, "Plan Width": 21, "Actual Startup Time": 68.995, "Actual Total Time": 68.995, "Actual Rows": 6152, "Actual Loops": 15849, "Index Cond": "(id = mi_idx.movie_id)", "Rows Removed by Index Recheck": 0, "Filter": "((production_year >= 2008) AND (production_year <= 2014))", "Rows Removed by Filter": 9697}]}, {"Node Type": "Index Scan", "Parent Relationship": "Inner", "Scan Direction": "Forward", "Index Name": "movie_id_movie_info", "Relation Name": "movie_info", "Alias": "mi", "Startup Cost": 0.0, "Total Cost": 1.41, "Plan Rows": 1, "Plan Width": 50, "Actual Startup Time": 136.216, "Actual Total Time": 136.521, "Actual Rows": 358, "Actual Loops": 6152, "Index Cond": "(movie_id = t.id)", "Rows Removed by Index Recheck": 0, "Filter": "((note IS NULL) AND ((info)::text = ANY ('{Horror,Thriller}'::text[])))", "Rows Removed by Filter": 109599}]}]}, {"Node Type": "Index Scan", "Parent Relationship": "Inner", "Scan Direction": "Forward", "Index Name": "movie_id_cast_info", "Relation Name": "cast_info", "Alias": "ci", "Startup Cost": 0.0, "Total Cost": 2.34, "Plan Rows": 1, "Plan Width": 8, "Actual Startup Time": 19.028, "Actual Total Time": 24.254, "Actual Rows": 268, "Actual Loops": 358, "Index Cond": "(movie_id = t.id)", "Rows Removed by Index Recheck": 0, "Filter": "((note)::text = ANY ('{(writer),\"(head writer)\",\"(written by)\",(story),\"(story editor)\"}'::text[]))", "Rows Removed by Filter": 12296}]}, {"Node Type": "Index Scan", "Parent Relationship": "Inner", "Scan Direction": "Forward", "Index Name": "name_pkey", "Relation Name": "name", "Alias": "n", "Startup Cost": 0.0, "Total Cost": 0.49, "Plan Rows": 1, "Plan Width": 4, "Actual Startup Time": 1.935, "Actual Total Time": 1.935, "Actual Rows": 11, "Actual Loops": 268, "Index Cond": "(id = ci.person_id)", "Rows Removed by Index Recheck": 0, "Filter": "((gender IS NOT NULL) AND ((gender)::text = 'f'::text))", "Rows Removed by Filter": 257}]}]}, "Triggers": [], "Planner Runtime": 22.994, "Total Runtime": 571.807, "Unique SQL Id": 661781350}}, "(1, '37')": {"explain_plan": {"Plan": {"Node Type": "Aggregate", "Strategy": "Plain", "Startup Cost": 84230.9, "Total Cost": 84230.91, "Plan Rows": 1, "Plan Width": 160, "Plans": [{"Node Type": "Nested Loop", "Parent Relationship": "Outer", "Join Type": "Inner", "Startup Cost": 7419.04, "Total Cost": 84229.26, "Plan Rows": 219, "Plan Width": 64, "Inner Unique": true, "Plans": [{"Node Type": "Nested Loop", "Parent Relationship": "Outer", "Join Type": "Inner", "Startup Cost": 7419.04, "Total Cost": 84068.27, "Plan Rows": 321, "Plan Width": 68, "Inner Unique": false, "Plans": [{"Node Type": "Nested Loop", "Parent Relationship": "Outer", "Join Type": "Inner", "Startup Cost": 7419.04, "Total Cost": 83383.24, "Plan Rows": 291, "Plan Width": 76, "Inner Unique": false, "Join Filter": "(mi.info_type_id = it1.id)", "Plans": [{"Node Type": "Index Scan", "Parent Relationship": "Outer", "Scan Direction": "Forward", "Index Name": "info_type_pkey", "Relation Name": "info_type", "Alias": "it1", "Startup Cost": 0.0, "Total Cost": 14.21, "Plan Rows": 1, "Plan Width": 4, "Filter": "((info)::text = 'genres'::text)"}, {"Node Type": "Nested Loop", "Parent Relationship": "Inner", "Join Type": "Inner", "Startup Cost": 7419.04, "Total Cost": 83197.12, "Plan Rows": 13753, "Plan Width": 80, "Inner Unique": false, "Plans": [{"Node Type": "Nested Loop", "Parent Relationship": "Outer", "Join Type": "Inner", "Startup Cost": 7419.04, "Total Cost": 61824.99, "Plan Rows": 15041, "Plan Width": 30, "Inner Unique": true, "Plans": [{"Node Type": "Nested Loop", "Parent Relationship": "Outer", "Join Type": "Inner", "Startup Cost": 7419.04, "Total Cost": 19211.73, "Plan Rows": 12936, "Plan Width": 9, "Inner Unique": false, "Plans": [{"Node Type": "Index Scan", "Parent Relationship": "Outer", "Scan Direction": "Forward", "Index Name": "info_type_pkey", "Relation Name": "info_type", "Alias": "it2", "Startup Cost": 0.0, "Total Cost": 14.21, "Plan Rows": 1, "Plan Width": 4, "Filter": "((info)::text = 'rating'::text)"}, {"Node Type": "Bitmap Heap Scan", "Parent Relationship": "Inner", "Relation Name": "movie_info_idx", "Alias": "mi_idx", "Startup Cost": 7419.04, "Total Cost": 19068.16, "Plan Rows": 12936, "Plan Width": 13, "Recheck Cond": "(info_type_id = it2.id)", "Filter": "((info)::text > '8.0'::text)", "Plans": [{"Node Type": "Bitmap Index Scan", "Parent Relationship": "Outer", "Index Name": "info_type_id_movie_info_idx", "Startup Cost": 0.0, "Total Cost": 7415.81, "Plan Rows": 345008, "Plan Width": 0, "Index Cond": "(info_type_id = it2.id)"}]}]}, {"Node Type": "Index Scan", "Parent Relationship": "Inner", "Scan Direction": "Forward", "Index Name": "title_pkey", "Relation Name": "title", "Alias": "t", "Startup Cost": 0.0, "Total Cost": 3.28, "Plan Rows": 1, "Plan Width": 21, "Index Cond": "(id = mi_idx.movie_id)", "Filter": "((production_year >= 2008) AND (production_year <= 2014))"}]}, {"Node Type": "Index Scan", "Parent Relationship": "Inner", "Scan Direction": "Forward", "Index Name": "movie_id_movie_info", "Relation Name": "movie_info", "Alias": "mi", "Startup Cost": 0.0, "Total Cost": 1.41, "Plan Rows": 1, "Plan Width": 50, "Index Cond": "(movie_id = t.id)", "Filter": "((note IS NULL) AND ((info)::text = ANY ('{Horror,Thriller}'::text[])))"}]}]}, {"Node Type": "Index Scan", "Parent Relationship": "Inner", "Scan Direction": "Forward", "Index Name": "movie_id_cast_info", "Relation Name": "cast_info", "Alias": "ci", "Startup Cost": 0.0, "Total Cost": 2.34, "Plan Rows": 1, "Plan Width": 8, "Index Cond": "(movie_id = t.id)", "Filter": "((note)::text = ANY ('{(writer),\"(head writer)\",\"(written by)\",(story),\"(story editor)\"}'::text[]))"}]}, {"Node Type": "Index Scan", "Parent Relationship": "Inner", "Scan Direction": "Forward", "Index Name": "name_pkey", "Relation Name": "name", "Alias": "n", "Startup Cost": 0.0, "Total Cost": 0.49, "Plan Rows": 1, "Plan Width": 4, "Index Cond": "(id = ci.person_id)", "Filter": "((gender IS NOT NULL) AND ((gender)::text = 'f'::text))"}]}]}, "Unique SQL Id": 661781350, "Planner Runtime": 6}, "explain_analyze_plan": {"Plan": {"Node Type": "Aggregate", "Strategy": "Plain", "Startup Cost": 84230.9, "Total Cost": 84230.91, "Plan Rows": 1, "Plan Width": 160, "Actual Startup Time": 642.245, "Actual Total Time": 642.245, "Actual Rows": 1, "Actual Loops": 1, "Plans": [{"Node Type": "Nested Loop", "Parent Relationship": "Outer", "Join Type": "Inner", "Startup Cost": 7419.04, "Total Cost": 84229.26, "Plan Rows": 219, "Plan Width": 64, "Actual Startup Time": 341.884, "Actual Total Time": 642.185, "Actual Rows": 11, "Actual Loops": 1, "Inner Unique": true, "Plans": [{"Node Type": "Nested Loop", "Parent Relationship": "Outer", "Join Type": "Inner", "Startup Cost": 7419.04, "Total Cost": 84068.27, "Plan Rows": 321, "Plan Width": 68, "Actual Startup Time": 137.798, "Actual Total Time": 639.27, "Actual Rows": 268, "Actual Loops": 1, "Inner Unique": false, "Plans": [{"Node Type": "Nested Loop", "Parent Relationship": "Outer", "Join Type": "Inner", "Startup Cost": 7419.04, "Total Cost": 83383.24, "Plan Rows": 291, "Plan Width": 76, "Actual Startup Time": 74.227, "Actual Total Time": 603.246, "Actual Rows": 358, "Actual Loops": 1, "Inner Unique": false, "Join Filter": "(mi.info_type_id = it1.id)", "Rows Removed by Join Filter": 0, "Plans": [{"Node Type": "Index Scan", "Parent Relationship": "Outer", "Scan Direction": "Forward", "Index Name": "info_type_pkey", "Relation Name": "info_type", "Alias": "it1", "Startup Cost": 0.0, "Total Cost": 14.21, "Plan Rows": 1, "Plan Width": 4, "Actual Startup Time": 0.026, "Actual Total Time": 0.084, "Actual Rows": 1, "Actual Loops": 1, "Filter": "((info)::text = 'genres'::text)", "Rows Removed by Filter": 111}, {"Node Type": "Nested Loop", "Parent Relationship": "Inner", "Join Type": "Inner", "Startup Cost": 7419.04, "Total Cost": 83197.12, "Plan Rows": 13753, "Plan Width": 80, "Actual Startup Time": 74.192, "Actual Total Time": 602.921, "Actual Rows": 358, "Actual Loops": 1, "Inner Unique": false, "Plans": [{"Node Type": "Nested Loop", "Parent Relationship": "Outer", "Join Type": "Inner", "Startup Cost": 7419.04, "Total Cost": 61824.99, "Plan Rows": 15041, "Plan Width": 30, "Actual Startup Time": 66.761, "Actual Total Time": 441.413, "Actual Rows": 6152, "Actual Loops": 1, "Inner Unique": true, "Plans": [{"Node Type": "Nested Loop", "Parent Relationship": "Outer", "Join Type": "Inner", "Startup Cost": 7419.04, "Total Cost": 19211.73, "Plan Rows": 12936, "Plan Width": 9, "Actual Startup Time": 65.136, "Actual Total Time": 351.488, "Actual Rows": 15849, "Actual Loops": 1, "Inner Unique": false, "Plans": [{"Node Type": "Index Scan", "Parent Relationship": "Outer", "Scan Direction": "Forward", "Index Name": "info_type_pkey", "Relation Name": "info_type", "Alias": "it2", "Startup Cost": 0.0, "Total Cost": 14.21, "Plan Rows": 1, "Plan Width": 4, "Actual Startup Time": 0.048, "Actual Total Time": 0.061, "Actual Rows": 1, "Actual Loops": 1, "Filter": "((info)::text = 'rating'::text)", "Rows Removed by Filter": 111}, {"Node Type": "Bitmap Heap Scan", "Parent Relationship": "Inner", "Relation Name": "movie_info_idx", "Alias": "mi_idx", "Startup Cost": 7419.04, "Total Cost": 19068.16, "Plan Rows": 12936, "Plan Width": 13, "Actual Startup Time": 65.081, "Actual Total Time": 347.903, "Actual Rows": 15849, "Actual Loops": 1, "Recheck Cond": "(info_type_id = it2.id)", "Rows Removed by Index Recheck": 0, "Filter": "((info)::text > '8.0'::text)", "Rows Removed by Filter": 444076, "Exact Heap Blocks": 6472, "Lossy Heap Blocks": 6472, "Plans": [{"Node Type": "Bitmap Index Scan", "Parent Relationship": "Outer", "Index Name": "info_type_id_movie_info_idx", "Startup Cost": 0.0, "Total Cost": 7415.81, "Plan Rows": 345008, "Plan Width": 0, "Actual Startup Time": 63.828, "Actual Total Time": 63.828, "Actual Rows": 459925, "Actual Loops": 1, "Index Cond": "(info_type_id = it2.id)"}]}]}, {"Node Type": "Index Scan", "Parent Relationship": "Inner", "Scan Direction": "Forward", "Index Name": "title_pkey", "Relation Name": "title", "Alias": "t", "Startup Cost": 0.0, "Total Cost": 3.28, "Plan Rows": 1, "Plan Width": 21, "Actual Startup Time": 79.873, "Actual Total Time": 79.873, "Actual Rows": 6152, "Actual Loops": 15849, "Index Cond": "(id = mi_idx.movie_id)", "Rows Removed by Index Recheck": 0, "Filter": "((production_year >= 2008) AND (production_year <= 2014))", "Rows Removed by Filter": 9697}]}, {"Node Type": "Index Scan", "Parent Relationship": "Inner", "Scan Direction": "Forward", "Index Name": "movie_id_movie_info", "Relation Name": "movie_info", "Alias": "mi", "Startup Cost": 0.0, "Total Cost": 1.41, "Plan Rows": 1, "Plan Width": 50, "Actual Startup Time": 157.796, "Actual Total Time": 158.095, "Actual Rows": 358, "Actual Loops": 6152, "Index Cond": "(movie_id = t.id)", "Rows Removed by Index Recheck": 0, "Filter": "((note IS NULL) AND ((info)::text = ANY ('{Horror,Thriller}'::text[])))", "Rows Removed by Filter": 109599}]}]}, {"Node Type": "Index Scan", "Parent Relationship": "Inner", "Scan Direction": "Forward", "Index Name": "movie_id_cast_info", "Relation Name": "cast_info", "Alias": "ci", "Startup Cost": 0.0, "Total Cost": 2.34, "Plan Rows": 1, "Plan Width": 8, "Actual Startup Time": 27.975, "Actual Total Time": 35.613, "Actual Rows": 268, "Actual Loops": 358, "Index Cond": "(movie_id = t.id)", "Rows Removed by Index Recheck": 0, "Filter": "((note)::text = ANY ('{(writer),\"(head writer)\",\"(written by)\",(story),\"(story editor)\"}'::text[]))", "Rows Removed by Filter": 12296}]}, {"Node Type": "Index Scan", "Parent Relationship": "Inner", "Scan Direction": "Forward", "Index Name": "name_pkey", "Relation Name": "name", "Alias": "n", "Startup Cost": 0.0, "Total Cost": 0.49, "Plan Rows": 1, "Plan Width": 4, "Actual Startup Time": 2.646, "Actual Total Time": 2.646, "Actual Rows": 11, "Actual Loops": 268, "Index Cond": "(id = ci.person_id)", "Rows Removed by Index Recheck": 0, "Filter": "((gender IS NOT NULL) AND ((gender)::text = 'f'::text))", "Rows Removed by Filter": 257}]}]}, "Triggers": [], "Planner Runtime": 16.979, "Total Runtime": 642.612, "Unique SQL Id": 661781350}}, "(1, '38')": {"explain_plan": {"Plan": {"Node Type": "Aggregate", "Strategy": "Plain", "Startup Cost": 157086.07, "Total Cost": 157086.08, "Plan Rows": 1, "Plan Width": 160, "Plans": [{"Node Type": "Nested Loop", "Parent Relationship": "Outer", "Join Type": "Inner", "Startup Cost": 7421.91, "Total Cost": 157084.43, "Plan Rows": 219, "Plan Width": 64, "Inner Unique": true, "Plans": [{"Node Type": "Nested Loop", "Parent Relationship": "Outer", "Join Type": "Inner", "Startup Cost": 7421.6, "Total Cost": 155693.31, "Plan Rows": 321, "Plan Width": 68, "Inner Unique": false, "Plans": [{"Node Type": "Nested Loop", "Parent Relationship": "Outer", "Join Type": "Inner", "Startup Cost": 7420.6, "Total Cost": 154200.13, "Plan Rows": 291, "Plan Width": 76, "Inner Unique": false, "Join Filter": "(mi.info_type_id = it1.id)", "Plans": [{"Node Type": "Seq Scan", "Parent Relationship": "Outer", "Relation Name": "info_type", "Alias": "it1", "Startup Cost": 0.0, "Total Cost": 2.4, "Plan Rows": 1, "Plan Width": 4, "Filter": "((info)::text = 'genres'::text)"}, {"Node Type": "Nested Loop", "Parent Relationship": "Inner", "Join Type": "Inner", "Startup Cost": 7420.6, "Total Cost": 154025.82, "Plan Rows": 13753, "Plan Width": 80, "Inner Unique": false, "Plans": [{"Node Type": "Nested Loop", "Parent Relationship": "Outer", "Join Type": "Inner", "Startup Cost": 7420.02, "Total Cost": 83886.56, "Plan Rows": 15041, "Plan Width": 30, "Inner Unique": true, "Plans": [{"Node Type": "Nested Loop", "Parent Relationship": "Outer", "Join Type": "Inner", "Startup Cost": 7419.04, "Total Cost": 19199.92, "Plan Rows": 12936, "Plan Width": 9, "Inner Unique": false, "Plans": [{"Node Type": "Seq Scan", "Parent Relationship": "Outer", "Relation Name": "info_type", "Alias": "it2", "Startup Cost": 0.0, "Total Cost": 2.4, "Plan Rows": 1, "Plan Width": 4, "Filter": "((info)::text = 'rating'::text)"}, {"Node Type": "Bitmap Heap Scan", "Parent Relationship": "Inner", "Relation Name": "movie_info_idx", "Alias": "mi_idx", "Startup Cost": 7419.04, "Total Cost": 19068.16, "Plan Rows": 12936, "Plan Width": 13, "Recheck Cond": "(info_type_id = it2.id)", "Filter": "((info)::text > '8.0'::text)", "Plans": [{"Node Type": "Bitmap Index Scan", "Parent Relationship": "Outer", "Index Name": "info_type_id_movie_info_idx", "Startup Cost": 0.0, "Total Cost": 7415.81, "Plan Rows": 345008, "Plan Width": 0, "Index Cond": "(info_type_id = it2.id)"}]}]}, {"Node Type": "Bitmap Heap Scan", "Parent Relationship": "Inner", "Relation Name": "title", "Alias": "t", "Startup Cost": 0.97, "Total Cost": 4.99, "Plan Rows": 1, "Plan Width": 21, "Recheck Cond": "(id = mi_idx.movie_id)", "Filter": "((production_year >= 2008) AND (production_year <= 2014))", "Plans": [{"Node Type": "Bitmap Index Scan", "Parent Relationship": "Outer", "Index Name": "title_pkey", "Startup Cost": 0.0, "Total Cost": 0.97, "Plan Rows": 1, "Plan Width": 0, "Index Cond": "(id = mi_idx.movie_id)"}]}]}, {"Node Type": "Bitmap Heap Scan", "Parent Relationship": "Inner", "Relation Name": "movie_info", "Alias": "mi", "Startup Cost": 0.58, "Total Cost": 4.65, "Plan Rows": 1, "Plan Width": 50, "Recheck Cond": "(movie_id = t.id)", "Filter": "((note IS NULL) AND ((info)::text = ANY ('{Horror,Thriller}'::text[])))", "Plans": [{"Node Type": "Bitmap Index Scan", "Parent Relationship": "Outer", "Index Name": "movie_id_movie_info", "Startup Cost": 0.0, "Total Cost": 0.58, "Plan Rows": 5, "Plan Width": 0, "Index Cond": "(movie_id = t.id)"}]}]}]}, {"Node Type": "Bitmap Heap Scan", "Parent Relationship": "Inner", "Relation Name": "cast_info", "Alias": "ci", "Startup Cost": 1.01, "Total Cost": 5.12, "Plan Rows": 1, "Plan Width": 8, "Recheck Cond": "(movie_id = t.id)", "Filter": "((note)::text = ANY ('{(writer),\"(head writer)\",\"(written by)\",(story),\"(story editor)\"}'::text[]))", "Plans": [{"Node Type": "Bitmap Index Scan", "Parent Relationship": "Outer", "Index Name": "movie_id_cast_info", "Startup Cost": 0.0, "Total Cost": 1.01, "Plan Rows": 6, "Plan Width": 0, "Index Cond": "(movie_id = t.id)"}]}]}, {"Node Type": "Bitmap Heap Scan", "Parent Relationship": "Inner", "Relation Name": "name", "Alias": "n", "Startup Cost": 0.31, "Total Cost": 4.32, "Plan Rows": 1, "Plan Width": 4, "Recheck Cond": "(id = ci.person_id)", "Filter": "((gender IS NOT NULL) AND ((gender)::text = 'f'::text))", "Plans": [{"Node Type": "Bitmap Index Scan", "Parent Relationship": "Outer", "Index Name": "name_pkey", "Startup Cost": 0.0, "Total Cost": 0.31, "Plan Rows": 1, "Plan Width": 0, "Index Cond": "(id = ci.person_id)"}]}]}]}, "Unique SQL Id": 661781350, "Planner Runtime": 11}, "explain_analyze_plan": {"Plan": {"Node Type": "Aggregate", "Strategy": "Plain", "Startup Cost": 157086.07, "Total Cost": 157086.08, "Plan Rows": 1, "Plan Width": 160, "Actual Startup Time": 772.672, "Actual Total Time": 772.673, "Actual Rows": 1, "Actual Loops": 1, "Plans": [{"Node Type": "Nested Loop", "Parent Relationship": "Outer", "Join Type": "Inner", "Startup Cost": 7421.91, "Total Cost": 157084.43, "Plan Rows": 219, "Plan Width": 64, "Actual Startup Time": 434.6, "Actual Total Time": 772.602, "Actual Rows": 11, "Actual Loops": 1, "Inner Unique": true, "Plans": [{"Node Type": "Nested Loop", "Parent Relationship": "Outer", "Join Type": "Inner", "Startup Cost": 7421.6, "Total Cost": 155693.31, "Plan Rows": 321, "Plan Width": 68, "Actual Startup Time": 169.023, "Actual Total Time": 768.854, "Actual Rows": 268, "Actual Loops": 1, "Inner Unique": false, "Plans": [{"Node Type": "Nested Loop", "Parent Relationship": "Outer", "Join Type": "Inner", "Startup Cost": 7420.6, "Total Cost": 154200.13, "Plan Rows": 291, "Plan Width": 76, "Actual Startup Time": 83.828, "Actual Total Time": 721.9, "Actual Rows": 358, "Actual Loops": 1, "Inner Unique": false, "Join Filter": "(mi.info_type_id = it1.id)", "Rows Removed by Join Filter": 0, "Plans": [{"Node Type": "Seq Scan", "Parent Relationship": "Outer", "Relation Name": "info_type", "Alias": "it1", "Startup Cost": 0.0, "Total Cost": 2.4, "Plan Rows": 1, "Plan Width": 4, "Actual Startup Time": 0.045, "Actual Total Time": 0.082, "Actual Rows": 1, "Actual Loops": 1, "Filter": "((info)::text = 'genres'::text)", "Rows Removed by Filter": 111}, {"Node Type": "Nested Loop", "Parent Relationship": "Inner", "Join Type": "Inner", "Startup Cost": 7420.6, "Total Cost": 154025.82, "Plan Rows": 13753, "Plan Width": 80, "Actual Startup Time": 83.774, "Actual Total Time": 721.552, "Actual Rows": 358, "Actual Loops": 1, "Inner Unique": false, "Plans": [{"Node Type": "Nested Loop", "Parent Relationship": "Outer", "Join Type": "Inner", "Startup Cost": 7420.02, "Total Cost": 83886.56, "Plan Rows": 15041, "Plan Width": 30, "Actual Startup Time": 74.777, "Actual Total Time": 509.207, "Actual Rows": 6152, "Actual Loops": 1, "Inner Unique": true, "Plans": [{"Node Type": "Nested Loop", "Parent Relationship": "Outer", "Join Type": "Inner", "Startup Cost": 7419.04, "Total Cost": 19199.92, "Plan Rows": 12936, "Plan Width": 9, "Actual Startup Time": 72.767, "Actual Total Time": 380.691, "Actual Rows": 15849, "Actual Loops": 1, "Inner Unique": false, "Plans": [{"Node Type": "Seq Scan", "Parent Relationship": "Outer", "Relation Name": "info_type", "Alias": "it2", "Startup Cost": 0.0, "Total Cost": 2.4, "Plan Rows": 1, "Plan Width": 4, "Actual Startup Time": 0.044, "Actual Total Time": 0.065, "Actual Rows": 1, "Actual Loops": 1, "Filter": "((info)::text = 'rating'::text)", "Rows Removed by Filter": 111}, {"Node Type": "Bitmap Heap Scan", "Parent Relationship": "Inner", "Relation Name": "movie_info_idx", "Alias": "mi_idx", "Startup Cost": 7419.04, "Total Cost": 19068.16, "Plan Rows": 12936, "Plan Width": 13, "Actual Startup Time": 72.719, "Actual Total Time": 376.809, "Actual Rows": 15849, "Actual Loops": 1, "Recheck Cond": "(info_type_id = it2.id)", "Rows Removed by Index Recheck": 0, "Filter": "((info)::text > '8.0'::text)", "Rows Removed by Filter": 444076, "Exact Heap Blocks": 6472, "Lossy Heap Blocks": 6472, "Plans": [{"Node Type": "Bitmap Index Scan", "Parent Relationship": "Outer", "Index Name": "info_type_id_movie_info_idx", "Startup Cost": 0.0, "Total Cost": 7415.81, "Plan Rows": 345008, "Plan Width": 0, "Actual Startup Time": 71.415, "Actual Total Time": 71.415, "Actual Rows": 459925, "Actual Loops": 1, "Index Cond": "(info_type_id = it2.id)"}]}]}, {"Node Type": "Bitmap Heap Scan", "Parent Relationship": "Inner", "Relation Name": "title", "Alias": "t", "Startup Cost": 0.97, "Total Cost": 4.99, "Plan Rows": 1, "Plan Width": 21, "Actual Startup Time": 107.843, "Actual Total Time": 107.843, "Actual Rows": 6152, "Actual Loops": 15849, "Recheck Cond": "(id = mi_idx.movie_id)", "Rows Removed by Index Recheck": 0, "Filter": "((production_year >= 2008) AND (production_year <= 2014))", "Rows Removed by Filter": 9697, "Exact Heap Blocks": 15849, "Lossy Heap Blocks": 15849, "Plans": [{"Node Type": "Bitmap Index Scan", "Parent Relationship": "Outer", "Index Name": "title_pkey", "Startup Cost": 0.0, "Total Cost": 0.97, "Plan Rows": 1, "Plan Width": 0, "Actual Startup Time": 51.257, "Actual Total Time": 51.257, "Actual Rows": 15849, "Actual Loops": 15849, "Index Cond": "(id = mi_idx.movie_id)"}]}]}, {"Node Type": "Bitmap Heap Scan", "Parent Relationship": "Inner", "Relation Name": "movie_info", "Alias": "mi", "Startup Cost": 0.58, "Total Cost": 4.65, "Plan Rows": 1, "Plan Width": 50, "Actual Startup Time": 203.885, "Actual Total Time": 204.063, "Actual Rows": 358, "Actual Loops": 6152, "Recheck Cond": "(movie_id = t.id)", "Rows Removed by Index Recheck": 0, "Filter": "((note IS NULL) AND ((info)::text = ANY ('{Horror,Thriller}'::text[])))", "Rows Removed by Filter": 109599, "Exact Heap Blocks": 52726, "Lossy Heap Blocks": 52726, "Plans": [{"Node Type": "Bitmap Index Scan", "Parent Relationship": "Outer", "Index Name": "movie_id_movie_info", "Startup Cost": 0.0, "Total Cost": 0.58, "Plan Rows": 5, "Plan Width": 0, "Actual Startup Time": 46.751, "Actual Total Time": 46.751, "Actual Rows": 109957, "Actual Loops": 6152, "Index Cond": "(movie_id = t.id)"}]}]}]}, {"Node Type": "Bitmap Heap Scan", "Parent Relationship": "Inner", "Relation Name": "cast_info", "Alias": "ci", "Startup Cost": 1.01, "Total Cost": 5.12, "Plan Rows": 1, "Plan Width": 8, "Actual Startup Time": 37.12, "Actual Total Time": 46.053, "Actual Rows": 268, "Actual Loops": 358, "Recheck Cond": "(movie_id = t.id)", "Rows Removed by Index Recheck": 0, "Filter": "((note)::text = ANY ('{(writer),\"(head writer)\",\"(written by)\",(story),\"(story editor)\"}'::text[]))", "Rows Removed by Filter": 12296, "Exact Heap Blocks": 11454, "Lossy Heap Blocks": 11454, "Plans": [{"Node Type": "Bitmap Index Scan", "Parent Relationship": "Outer", "Index Name": "movie_id_cast_info", "Startup Cost": 0.0, "Total Cost": 1.01, "Plan Rows": 6, "Plan Width": 0, "Actual Startup Time": 6.148, "Actual Total Time": 6.148, "Actual Rows": 12564, "Actual Loops": 358, "Index Cond": "(movie_id = t.id)"}]}]}, {"Node Type": "Bitmap Heap Scan", "Parent Relationship": "Inner", "Relation Name": "name", "Alias": "n", "Startup Cost": 0.31, "Total Cost": 4.32, "Plan Rows": 1, "Plan Width": 4, "Actual Startup Time": 3.215, "Actual Total Time": 3.215, "Actual Rows": 11, "Actual Loops": 268, "Recheck Cond": "(id = ci.person_id)", "Rows Removed by Index Recheck": 0, "Filter": "((gender IS NOT NULL) AND ((gender)::text = 'f'::text))", "Rows Removed by Filter": 257, "Exact Heap Blocks": 268, "Lossy Heap Blocks": 268, "Plans": [{"Node Type": "Bitmap Index Scan", "Parent Relationship": "Outer", "Index Name": "name_pkey", "Startup Cost": 0.0, "Total Cost": 0.31, "Plan Rows": 1, "Plan Width": 0, "Actual Startup Time": 2.013, "Actual Total Time": 2.013, "Actual Rows": 268, "Actual Loops": 268, "Index Cond": "(id = ci.person_id)"}]}]}]}, "Triggers": [], "Planner Runtime": 24.695, "Total Runtime": 773.026, "Unique SQL Id": 661781350}}, "(1, '39')": {"explain_plan": {"Plan": {"Node Type": "Aggregate", "Strategy": "Plain", "Startup Cost": 1000198965418.13, "Total Cost": 1000198965418.14, "Plan Rows": 1, "Plan Width": 160, "Plans": [{"Node Type": "Nested Loop", "Parent Relationship": "Outer", "Join Type": "Inner", "Startup Cost": 10000000001.87, "Total Cost": 1000198965416.49, "Plan Rows": 219, "Plan Width": 64, "Inner Unique": true, "Plans": [{"Node Type": "Nested Loop", "Parent Relationship": "Outer", "Join Type": "Inner", "Startup Cost": 10000000001.56, "Total Cost": 1000198964025.37, "Plan Rows": 321, "Plan Width": 68, "Inner Unique": true, "Join Filter": "(mi.movie_id = t.id)", "Plans": [{"Node Type": "Nested Loop", "Parent Relationship": "Outer", "Join Type": "Inner", "Startup Cost": 10000000001.27, "Total Cost": 1000198962833.6, "Plan Rows": 276, "Plan Width": 63, "Inner Unique": true, "Plans": [{"Node Type": "Nested Loop", "Parent Relationship": "Outer", "Join Type": "Inner", "Startup Cost": 10000000001.01, "Total Cost": 1000198906787.99, "Plan Rows": 13086, "Plan Width": 67, "Inner Unique": false, "Join Filter": "(mi_idx.movie_id = mi.movie_id)", "Plans": [{"Node Type": "Nested Loop", "Parent Relationship": "Outer", "Join Type": "Inner", "Startup Cost": 10000000000.54, "Total Cost": 1000198841505.29, "Plan Rows": 14313, "Plan Width": 17, "Inner Unique": true, "Plans": [{"Node Type": "Nested Loop", "Parent Relationship": "Outer", "Join Type": "Inner", "Startup Cost": 10000000000.28, "Total Cost": 1000198596304.72, "Plan Rows": 57251, "Plan Width": 21, "Inner Unique": false, "Plans": [{"Node Type": "Index Scan", "Parent Relationship": "Outer", "Scan Direction": "Forward", "Index Name": "person_id_cast_info", "Relation Name": "cast_info", "Alias": "ci", "Startup Cost": 10000000000.0, "Total Cost": 1000193311016.96, "Plan Rows": 1223154, "Plan Width": 8, "Filter": "((note)::text = ANY ('{(writer),\"(head writer)\",\"(written by)\",(story),\"(story editor)\"}'::text[]))"}, {"Node Type": "Bitmap Heap Scan", "Parent Relationship": "Inner", "Relation Name": "movie_info_idx", "Alias": "mi_idx", "Startup Cost": 0.28, "Total Cost": 4.31, "Plan Rows": 1, "Plan Width": 13, "Recheck Cond": "(movie_id = ci.movie_id)", "Filter": "((info)::text > '8.0'::text)", "Plans": [{"Node Type": "Bitmap Index Scan", "Parent Relationship": "Outer", "Index Name": "movie_id_movie_info_idx", "Startup Cost": 0.0, "Total Cost": 0.28, "Plan Rows": 2, "Plan Width": 0, "Index Cond": "(movie_id = ci.movie_id)"}]}]}, {"Node Type": "Bitmap Heap Scan", "Parent Relationship": "Inner", "Relation Name": "info_type", "Alias": "it2", "Startup Cost": 0.26, "Total Cost": 4.27, "Plan Rows": 1, "Plan Width": 4, "Recheck Cond": "(id = mi_idx.info_type_id)", "Filter": "((info)::text = 'rating'::text)", "Plans": [{"Node Type": "Bitmap Index Scan", "Parent Relationship": "Outer", "Index Name": "info_type_pkey", "Startup Cost": 0.0, "Total Cost": 0.26, "Plan Rows": 1, "Plan Width": 0, "Index Cond": "(id = mi_idx.info_type_id)"}]}]}, {"Node Type": "Bitmap Heap Scan", "Parent Relationship": "Inner", "Relation Name": "movie_info", "Alias": "mi", "Startup Cost": 0.47, "Total Cost": 4.55, "Plan Rows": 1, "Plan Width": 50, "Recheck Cond": "(movie_id = ci.movie_id)", "Filter": "((note IS NULL) AND ((info)::text = ANY ('{Horror,Thriller}'::text[])))", "Plans": [{"Node Type": "Bitmap Index Scan", "Parent Relationship": "Outer", "Index Name": "movie_id_movie_info", "Startup Cost": 0.0, "Total Cost": 0.47, "Plan Rows": 5, "Plan Width": 0, "Index Cond": "(movie_id = ci.movie_id)"}]}]}, {"Node Type": "Bitmap Heap Scan", "Parent Relationship": "Inner", "Relation Name": "info_type", "Alias": "it1", "Startup Cost": 0.26, "Total Cost": 4.27, "Plan Rows": 1, "Plan Width": 4, "Recheck Cond": "(id = mi.info_type_id)", "Filter": "((info)::text = 'genres'::text)", "Plans": [{"Node Type": "Bitmap Index Scan", "Parent Relationship": "Outer", "Index Name": "info_type_pkey", "Startup Cost": 0.0, "Total Cost": 0.26, "Plan Rows": 1, "Plan Width": 0, "Index Cond": "(id = mi.info_type_id)"}]}]}, {"Node Type": "Bitmap Heap Scan", "Parent Relationship": "Inner", "Relation Name": "title", "Alias": "t", "Startup Cost": 0.29, "Total Cost": 4.31, "Plan Rows": 1, "Plan Width": 21, "Recheck Cond": "(id = ci.movie_id)", "Filter": "((production_year >= 2008) AND (production_year <= 2014))", "Plans": [{"Node Type": "Bitmap Index Scan", "Parent Relationship": "Outer", "Index Name": "title_pkey", "Startup Cost": 0.0, "Total Cost": 0.29, "Plan Rows": 1, "Plan Width": 0, "Index Cond": "(id = ci.movie_id)"}]}]}, {"Node Type": "Bitmap Heap Scan", "Parent Relationship": "Inner", "Relation Name": "name", "Alias": "n", "Startup Cost": 0.31, "Total Cost": 4.32, "Plan Rows": 1, "Plan Width": 4, "Recheck Cond": "(id = ci.person_id)", "Filter": "((gender IS NOT NULL) AND ((gender)::text = 'f'::text))", "Plans": [{"Node Type": "Bitmap Index Scan", "Parent Relationship": "Outer", "Index Name": "name_pkey", "Startup Cost": 0.0, "Total Cost": 0.31, "Plan Rows": 1, "Plan Width": 0, "Index Cond": "(id = ci.person_id)"}]}]}]}, "Unique SQL Id": 661781350, "Planner Runtime": 5}, "explain_analyze_plan": null}, "(1, '40')": {"explain_plan": {"Plan": {"Node Type": "Aggregate", "Strategy": "Plain", "Startup Cost": 89381.01, "Total Cost": 89381.02, "Plan Rows": 1, "Plan Width": 160, "Plans": [{"Node Type": "Nested Loop", "Parent Relationship": "Outer", "Join Type": "Inner", "Startup Cost": 0.0, "Total Cost": 89379.36, "Plan Rows": 219, "Plan Width": 64, "Inner Unique": true, "Plans": [{"Node Type": "Nested Loop", "Parent Relationship": "Outer", "Join Type": "Inner", "Startup Cost": 0.0, "Total Cost": 89218.37, "Plan Rows": 321, "Plan Width": 68, "Inner Unique": false, "Plans": [{"Node Type": "Nested Loop", "Parent Relationship": "Outer", "Join Type": "Inner", "Startup Cost": 0.0, "Total Cost": 88533.35, "Plan Rows": 291, "Plan Width": 76, "Inner Unique": false, "Join Filter": "(mi.info_type_id = it1.id)", "Plans": [{"Node Type": "Seq Scan", "Parent Relationship": "Outer", "Relation Name": "info_type", "Alias": "it1", "Startup Cost": 0.0, "Total Cost": 2.4, "Plan Rows": 1, "Plan Width": 4, "Filter": "((info)::text = 'genres'::text)"}, {"Node Type": "Nested Loop", "Parent Relationship": "Inner", "Join Type": "Inner", "Startup Cost": 0.0, "Total Cost": 88359.04, "Plan Rows": 13753, "Plan Width": 80, "Inner Unique": false, "Plans": [{"Node Type": "Nested Loop", "Parent Relationship": "Outer", "Join Type": "Inner", "Startup Cost": 0.0, "Total Cost": 66986.91, "Plan Rows": 15041, "Plan Width": 30, "Inner Unique": true, "Plans": [{"Node Type": "Nested Loop", "Parent Relationship": "Outer", "Join Type": "Inner", "Startup Cost": 0.0, "Total Cost": 24373.65, "Plan Rows": 12936, "Plan Width": 9, "Inner Unique": false, "Join Filter": "(it2.id = mi_idx.info_type_id)", "Plans": [{"Node Type": "Seq Scan", "Parent Relationship": "Outer", "Relation Name": "info_type", "Alias": "it2", "Startup Cost": 0.0, "Total Cost": 2.4, "Plan Rows": 1, "Plan Width": 4, "Filter": "((info)::text = 'rating'::text)"}, {"Node Type": "Seq Scan", "Parent Relationship": "Inner", "Relation Name": "movie_info_idx", "Alias": "mi_idx", "Startup Cost": 0.0, "Total Cost": 23724.42, "Plan Rows": 51746, "Plan Width": 13, "Filter": "((info)::text > '8.0'::text)"}]}, {"Node Type": "Index Scan", "Parent Relationship": "Inner", "Scan Direction": "Forward", "Index Name": "title_pkey", "Relation Name": "title", "Alias": "t", "Startup Cost": 0.0, "Total Cost": 3.28, "Plan Rows": 1, "Plan Width": 21, "Index Cond": "(id = mi_idx.movie_id)", "Filter": "((production_year >= 2008) AND (production_year <= 2014))"}]}, {"Node Type": "Index Scan", "Parent Relationship": "Inner", "Scan Direction": "Forward", "Index Name": "movie_id_movie_info", "Relation Name": "movie_info", "Alias": "mi", "Startup Cost": 0.0, "Total Cost": 1.41, "Plan Rows": 1, "Plan Width": 50, "Index Cond": "(movie_id = t.id)", "Filter": "((note IS NULL) AND ((info)::text = ANY ('{Horror,Thriller}'::text[])))"}]}]}, {"Node Type": "Index Scan", "Parent Relationship": "Inner", "Scan Direction": "Forward", "Index Name": "movie_id_cast_info", "Relation Name": "cast_info", "Alias": "ci", "Startup Cost": 0.0, "Total Cost": 2.34, "Plan Rows": 1, "Plan Width": 8, "Index Cond": "(movie_id = t.id)", "Filter": "((note)::text = ANY ('{(writer),\"(head writer)\",\"(written by)\",(story),\"(story editor)\"}'::text[]))"}]}, {"Node Type": "Index Scan", "Parent Relationship": "Inner", "Scan Direction": "Forward", "Index Name": "name_pkey", "Relation Name": "name", "Alias": "n", "Startup Cost": 0.0, "Total Cost": 0.49, "Plan Rows": 1, "Plan Width": 4, "Index Cond": "(id = ci.person_id)", "Filter": "((gender IS NOT NULL) AND ((gender)::text = 'f'::text))"}]}]}, "Unique SQL Id": 661781350, "Planner Runtime": 9}, "explain_analyze_plan": {"Plan": {"Node Type": "Aggregate", "Strategy": "Plain", "Startup Cost": 89381.01, "Total Cost": 89381.02, "Plan Rows": 1, "Plan Width": 160, "Actual Startup Time": 819.532, "Actual Total Time": 819.533, "Actual Rows": 1, "Actual Loops": 1, "Plans": [{"Node Type": "Nested Loop", "Parent Relationship": "Outer", "Join Type": "Inner", "Startup Cost": 0.0, "Total Cost": 89379.36, "Plan Rows": 219, "Plan Width": 64, "Actual Startup Time": 400.767, "Actual Total Time": 819.459, "Actual Rows": 11, "Actual Loops": 1, "Inner Unique": true, "Plans": [{"Node Type": "Nested Loop", "Parent Relationship": "Outer", "Join Type": "Inner", "Startup Cost": 0.0, "Total Cost": 89218.37, "Plan Rows": 321, "Plan Width": 68, "Actual Startup Time": 115.249, "Actual Total Time": 817.308, "Actual Rows": 268, "Actual Loops": 1, "Inner Unique": false, "Plans": [{"Node Type": "Nested Loop", "Parent Relationship": "Outer", "Join Type": "Inner", "Startup Cost": 0.0, "Total Cost": 88533.35, "Plan Rows": 291, "Plan Width": 76, "Actual Startup Time": 14.979, "Actual Total Time": 792.122, "Actual Rows": 358, "Actual Loops": 1, "Inner Unique": false, "Join Filter": "(mi.info_type_id = it1.id)", "Rows Removed by Join Filter": 0, "Plans": [{"Node Type": "Seq Scan", "Parent Relationship": "Outer", "Relation Name": "info_type", "Alias": "it1", "Startup Cost": 0.0, "Total Cost": 2.4, "Plan Rows": 1, "Plan Width": 4, "Actual Startup Time": 0.036, "Actual Total Time": 0.078, "Actual Rows": 1, "Actual Loops": 1, "Filter": "((info)::text = 'genres'::text)", "Rows Removed by Filter": 111}, {"Node Type": "Nested Loop", "Parent Relationship": "Inner", "Join Type": "Inner", "Startup Cost": 0.0, "Total Cost": 88359.04, "Plan Rows": 13753, "Plan Width": 80, "Actual Startup Time": 14.935, "Actual Total Time": 791.811, "Actual Rows": 358, "Actual Loops": 1, "Inner Unique": false, "Plans": [{"Node Type": "Nested Loop", "Parent Relationship": "Outer", "Join Type": "Inner", "Startup Cost": 0.0, "Total Cost": 66986.91, "Plan Rows": 15041, "Plan Width": 30, "Actual Startup Time": 2.748, "Actual Total Time": 648.015, "Actual Rows": 6152, "Actual Loops": 1, "Inner Unique": true, "Plans": [{"Node Type": "Nested Loop", "Parent Relationship": "Outer", "Join Type": "Inner", "Startup Cost": 0.0, "Total Cost": 24373.65, "Plan Rows": 12936, "Plan Width": 9, "Actual Startup Time": 0.138, "Actual Total Time": 565.084, "Actual Rows": 15849, "Actual Loops": 1, "Inner Unique": false, "Join Filter": "(it2.id = mi_idx.info_type_id)", "Rows Removed by Join Filter": 37800, "Plans": [{"Node Type": "Seq Scan", "Parent Relationship": "Outer", "Relation Name": "info_type", "Alias": "it2", "Startup Cost": 0.0, "Total Cost": 2.4, "Plan Rows": 1, "Plan Width": 4, "Actual Startup Time": 0.043, "Actual Total Time": 0.058, "Actual Rows": 1, "Actual Loops": 1, "Filter": "((info)::text = 'rating'::text)", "Rows Removed by Filter": 111}, {"Node Type": "Seq Scan", "Parent Relationship": "Inner", "Relation Name": "movie_info_idx", "Alias": "mi_idx", "Startup Cost": 0.0, "Total Cost": 23724.42, "Plan Rows": 51746, "Plan Width": 13, "Actual Startup Time": 0.091, "Actual Total Time": 550.192, "Actual Rows": 53649, "Actual Loops": 1, "Filter": "((info)::text > '8.0'::text)", "Rows Removed by Filter": 1326385}]}, {"Node Type": "Index Scan", "Parent Relationship": "Inner", "Scan Direction": "Forward", "Index Name": "title_pkey", "Relation Name": "title", "Alias": "t", "Startup Cost": 0.0, "Total Cost": 3.28, "Plan Rows": 1, "Plan Width": 21, "Actual Startup Time": 72.547, "Actual Total Time": 72.547, "Actual Rows": 6152, "Actual Loops": 15849, "Index Cond": "(id = mi_idx.movie_id)", "Rows Removed by Index Recheck": 0, "Filter": "((production_year >= 2008) AND (production_year <= 2014))", "Rows Removed by Filter": 9697}]}, {"Node Type": "Index Scan", "Parent Relationship": "Inner", "Scan Direction": "Forward", "Index Name": "movie_id_movie_info", "Relation Name": "movie_info", "Alias": "mi", "Startup Cost": 0.0, "Total Cost": 1.41, "Plan Rows": 1, "Plan Width": 50, "Actual Startup Time": 140.157, "Actual Total Time": 140.436, "Actual Rows": 358, "Actual Loops": 6152, "Index Cond": "(movie_id = t.id)", "Rows Removed by Index Recheck": 0, "Filter": "((note IS NULL) AND ((info)::text = ANY ('{Horror,Thriller}'::text[])))", "Rows Removed by Filter": 109599}]}]}, {"Node Type": "Index Scan", "Parent Relationship": "Inner", "Scan Direction": "Forward", "Index Name": "movie_id_cast_info", "Relation Name": "cast_info", "Alias": "ci", "Startup Cost": 0.0, "Total Cost": 2.34, "Plan Rows": 1, "Plan Width": 8, "Actual Startup Time": 19.56, "Actual Total Time": 24.789, "Actual Rows": 268, "Actual Loops": 358, "Index Cond": "(movie_id = t.id)", "Rows Removed by Index Recheck": 0, "Filter": "((note)::text = ANY ('{(writer),\"(head writer)\",\"(written by)\",(story),\"(story editor)\"}'::text[]))", "Rows Removed by Filter": 12296}]}, {"Node Type": "Index Scan", "Parent Relationship": "Inner", "Scan Direction": "Forward", "Index Name": "name_pkey", "Relation Name": "name", "Alias": "n", "Startup Cost": 0.0, "Total Cost": 0.49, "Plan Rows": 1, "Plan Width": 4, "Actual Startup Time": 1.936, "Actual Total Time": 1.936, "Actual Rows": 11, "Actual Loops": 268, "Index Cond": "(id = ci.person_id)", "Rows Removed by Index Recheck": 0, "Filter": "((gender IS NOT NULL) AND ((gender)::text = 'f'::text))", "Rows Removed by Filter": 257}]}]}, "Triggers": [], "Planner Runtime": 21.815, "Total Runtime": 819.864, "Unique SQL Id": 661781350}}, "(1, '41')": {"explain_plan": {"Plan": {"Node Type": "Aggregate", "Strategy": "Plain", "Startup Cost": 100899.17, "Total Cost": 100899.18, "Plan Rows": 1, "Plan Width": 160, "Plans": [{"Node Type": "Nested Loop", "Parent Relationship": "Outer", "Join Type": "Inner", "Startup Cost": 0.0, "Total Cost": 100897.52, "Plan Rows": 219, "Plan Width": 64, "Inner Unique": true, "Plans": [{"Node Type": "Nested Loop", "Parent Relationship": "Outer", "Join Type": "Inner", "Startup Cost": 0.0, "Total Cost": 100736.53, "Plan Rows": 321, "Plan Width": 68, "Inner Unique": false, "Plans": [{"Node Type": "Nested Loop", "Parent Relationship": "Outer", "Join Type": "Inner", "Startup Cost": 0.0, "Total Cost": 100051.51, "Plan Rows": 291, "Plan Width": 76, "Inner Unique": false, "Join Filter": "(mi.info_type_id = it1.id)", "Plans": [{"Node Type": "Index Scan", "Parent Relationship": "Outer", "Scan Direction": "Forward", "Index Name": "info_type_pkey", "Relation Name": "info_type", "Alias": "it1", "Startup Cost": 0.0, "Total Cost": 14.21, "Plan Rows": 1, "Plan Width": 4, "Filter": "((info)::text = 'genres'::text)"}, {"Node Type": "Nested Loop", "Parent Relationship": "Inner", "Join Type": "Inner", "Startup Cost": 0.0, "Total Cost": 99865.39, "Plan Rows": 13753, "Plan Width": 80, "Inner Unique": false, "Plans": [{"Node Type": "Nested Loop", "Parent Relationship": "Outer", "Join Type": "Inner", "Startup Cost": 0.0, "Total Cost": 78493.26, "Plan Rows": 15041, "Plan Width": 30, "Inner Unique": true, "Plans": [{"Node Type": "Nested Loop", "Parent Relationship": "Outer", "Join Type": "Inner", "Startup Cost": 0.0, "Total Cost": 35880.0, "Plan Rows": 12936, "Plan Width": 9, "Inner Unique": false, "Plans": [{"Node Type": "Index Scan", "Parent Relationship": "Outer", "Scan Direction": "Forward", "Index Name": "info_type_pkey", "Relation Name": "info_type", "Alias": "it2", "Startup Cost": 0.0, "Total Cost": 14.21, "Plan Rows": 1, "Plan Width": 4, "Filter": "((info)::text = 'rating'::text)"}, {"Node Type": "Index Scan", "Parent Relationship": "Inner", "Scan Direction": "Forward", "Index Name": "info_type_id_movie_info_idx", "Relation Name": "movie_info_idx", "Alias": "mi_idx", "Startup Cost": 0.0, "Total Cost": 35736.43, "Plan Rows": 12936, "Plan Width": 13, "Index Cond": "(info_type_id = it2.id)", "Filter": "((info)::text > '8.0'::text)"}]}, {"Node Type": "Index Scan", "Parent Relationship": "Inner", "Scan Direction": "Forward", "Index Name": "title_pkey", "Relation Name": "title", "Alias": "t", "Startup Cost": 0.0, "Total Cost": 3.28, "Plan Rows": 1, "Plan Width": 21, "Index Cond": "(id = mi_idx.movie_id)", "Filter": "((production_year >= 2008) AND (production_year <= 2014))"}]}, {"Node Type": "Index Scan", "Parent Relationship": "Inner", "Scan Direction": "Forward", "Index Name": "movie_id_movie_info", "Relation Name": "movie_info", "Alias": "mi", "Startup Cost": 0.0, "Total Cost": 1.41, "Plan Rows": 1, "Plan Width": 50, "Index Cond": "(movie_id = t.id)", "Filter": "((note IS NULL) AND ((info)::text = ANY ('{Horror,Thriller}'::text[])))"}]}]}, {"Node Type": "Index Scan", "Parent Relationship": "Inner", "Scan Direction": "Forward", "Index Name": "movie_id_cast_info", "Relation Name": "cast_info", "Alias": "ci", "Startup Cost": 0.0, "Total Cost": 2.34, "Plan Rows": 1, "Plan Width": 8, "Index Cond": "(movie_id = t.id)", "Filter": "((note)::text = ANY ('{(writer),\"(head writer)\",\"(written by)\",(story),\"(story editor)\"}'::text[]))"}]}, {"Node Type": "Index Scan", "Parent Relationship": "Inner", "Scan Direction": "Forward", "Index Name": "name_pkey", "Relation Name": "name", "Alias": "n", "Startup Cost": 0.0, "Total Cost": 0.49, "Plan Rows": 1, "Plan Width": 4, "Index Cond": "(id = ci.person_id)", "Filter": "((gender IS NOT NULL) AND ((gender)::text = 'f'::text))"}]}]}, "Unique SQL Id": 661781350, "Planner Runtime": 6}, "explain_analyze_plan": {"Plan": {"Node Type": "Aggregate", "Strategy": "Plain", "Startup Cost": 100899.17, "Total Cost": 100899.18, "Plan Rows": 1, "Plan Width": 160, "Actual Startup Time": 576.408, "Actual Total Time": 576.408, "Actual Rows": 1, "Actual Loops": 1, "Plans": [{"Node Type": "Nested Loop", "Parent Relationship": "Outer", "Join Type": "Inner", "Startup Cost": 0.0, "Total Cost": 100897.52, "Plan Rows": 219, "Plan Width": 64, "Actual Startup Time": 298.008, "Actual Total Time": 576.345, "Actual Rows": 11, "Actual Loops": 1, "Inner Unique": true, "Plans": [{"Node Type": "Nested Loop", "Parent Relationship": "Outer", "Join Type": "Inner", "Startup Cost": 0.0, "Total Cost": 100736.53, "Plan Rows": 321, "Plan Width": 68, "Actual Startup Time": 85.756, "Actual Total Time": 574.144, "Actual Rows": 268, "Actual Loops": 1, "Inner Unique": false, "Plans": [{"Node Type": "Nested Loop", "Parent Relationship": "Outer", "Join Type": "Inner", "Startup Cost": 0.0, "Total Cost": 100051.51, "Plan Rows": 291, "Plan Width": 76, "Actual Startup Time": 10.351, "Actual Total Time": 549.304, "Actual Rows": 358, "Actual Loops": 1, "Inner Unique": false, "Join Filter": "(mi.info_type_id = it1.id)", "Rows Removed by Join Filter": 0, "Plans": [{"Node Type": "Index Scan", "Parent Relationship": "Outer", "Scan Direction": "Forward", "Index Name": "info_type_pkey", "Relation Name": "info_type", "Alias": "it1", "Startup Cost": 0.0, "Total Cost": 14.21, "Plan Rows": 1, "Plan Width": 4, "Actual Startup Time": 0.027, "Actual Total Time": 0.075, "Actual Rows": 1, "Actual Loops": 1, "Filter": "((info)::text = 'genres'::text)", "Rows Removed by Filter": 111}, {"Node Type": "Nested Loop", "Parent Relationship": "Inner", "Join Type": "Inner", "Startup Cost": 0.0, "Total Cost": 99865.39, "Plan Rows": 13753, "Plan Width": 80, "Actual Startup Time": 10.315, "Actual Total Time": 548.982, "Actual Rows": 358, "Actual Loops": 1, "Inner Unique": false, "Plans": [{"Node Type": "Nested Loop", "Parent Relationship": "Outer", "Join Type": "Inner", "Startup Cost": 0.0, "Total Cost": 78493.26, "Plan Rows": 15041, "Plan Width": 30, "Actual Startup Time": 1.953, "Actual Total Time": 407.856, "Actual Rows": 6152, "Actual Loops": 1, "Inner Unique": true, "Plans": [{"Node Type": "Nested Loop", "Parent Relationship": "Outer", "Join Type": "Inner", "Startup Cost": 0.0, "Total Cost": 35880.0, "Plan Rows": 12936, "Plan Width": 9, "Actual Startup Time": 0.094, "Actual Total Time": 326.399, "Actual Rows": 15849, "Actual Loops": 1, "Inner Unique": false, "Plans": [{"Node Type": "Index Scan", "Parent Relationship": "Outer", "Scan Direction": "Forward", "Index Name": "info_type_pkey", "Relation Name": "info_type", "Alias": "it2", "Startup Cost": 0.0, "Total Cost": 14.21, "Plan Rows": 1, "Plan Width": 4, "Actual Startup Time": 0.053, "Actual Total Time": 0.061, "Actual Rows": 1, "Actual Loops": 1, "Filter": "((info)::text = 'rating'::text)", "Rows Removed by Filter": 111}, {"Node Type": "Index Scan", "Parent Relationship": "Inner", "Scan Direction": "Forward", "Index Name": "info_type_id_movie_info_idx", "Relation Name": "movie_info_idx", "Alias": "mi_idx", "Startup Cost": 0.0, "Total Cost": 35736.43, "Plan Rows": 12936, "Plan Width": 13, "Actual Startup Time": 0.039, "Actual Total Time": 322.683, "Actual Rows": 15849, "Actual Loops": 1, "Index Cond": "(info_type_id = it2.id)", "Rows Removed by Index Recheck": 0, "Filter": "((info)::text > '8.0'::text)", "Rows Removed by Filter": 444076}]}, {"Node Type": "Index Scan", "Parent Relationship": "Inner", "Scan Direction": "Forward", "Index Name": "title_pkey", "Relation Name": "title", "Alias": "t", "Startup Cost": 0.0, "Total Cost": 3.28, "Plan Rows": 1, "Plan Width": 21, "Actual Startup Time": 70.824, "Actual Total Time": 70.824, "Actual Rows": 6152, "Actual Loops": 15849, "Index Cond": "(id = mi_idx.movie_id)", "Rows Removed by Index Recheck": 0, "Filter": "((production_year >= 2008) AND (production_year <= 2014))", "Rows Removed by Filter": 9697}]}, {"Node Type": "Index Scan", "Parent Relationship": "Inner", "Scan Direction": "Forward", "Index Name": "movie_id_movie_info", "Relation Name": "movie_info", "Alias": "mi", "Startup Cost": 0.0, "Total Cost": 1.41, "Plan Rows": 1, "Plan Width": 50, "Actual Startup Time": 137.298, "Actual Total Time": 137.605, "Actual Rows": 358, "Actual Loops": 6152, "Index Cond": "(movie_id = t.id)", "Rows Removed by Index Recheck": 0, "Filter": "((note IS NULL) AND ((info)::text = ANY ('{Horror,Thriller}'::text[])))", "Rows Removed by Filter": 109599}]}]}, {"Node Type": "Index Scan", "Parent Relationship": "Inner", "Scan Direction": "Forward", "Index Name": "movie_id_cast_info", "Relation Name": "cast_info", "Alias": "ci", "Startup Cost": 0.0, "Total Cost": 2.34, "Plan Rows": 1, "Plan Width": 8, "Actual Startup Time": 19.232, "Actual Total Time": 24.394, "Actual Rows": 268, "Actual Loops": 358, "Index Cond": "(movie_id = t.id)", "Rows Removed by Index Recheck": 0, "Filter": "((note)::text = ANY ('{(writer),\"(head writer)\",\"(written by)\",(story),\"(story editor)\"}'::text[]))", "Rows Removed by Filter": 12296}]}, {"Node Type": "Index Scan", "Parent Relationship": "Inner", "Scan Direction": "Forward", "Index Name": "name_pkey", "Relation Name": "name", "Alias": "n", "Startup Cost": 0.0, "Total Cost": 0.49, "Plan Rows": 1, "Plan Width": 4, "Actual Startup Time": 1.923, "Actual Total Time": 1.923, "Actual Rows": 11, "Actual Loops": 268, "Index Cond": "(id = ci.person_id)", "Rows Removed by Index Recheck": 0, "Filter": "((gender IS NOT NULL) AND ((gender)::text = 'f'::text))", "Rows Removed by Filter": 257}]}]}, "Triggers": [], "Planner Runtime": 15.928, "Total Runtime": 576.736, "Unique SQL Id": 661781350}}, "(1, '42')": {"explain_plan": {"Plan": {"Node Type": "Aggregate", "Strategy": "Plain", "Startup Cost": 1386112.53, "Total Cost": 1386112.54, "Plan Rows": 1, "Plan Width": 160, "Plans": [{"Node Type": "Hash Join", "Parent Relationship": "Outer", "Join Type": "Inner", "Startup Cost": 552978.49, "Total Cost": 1386110.79, "Plan Rows": 233, "Plan Width": 64, "Inner Unique": false, "Hash Cond": "(t.id = mi_idx.movie_id)", "Plans": [{"Node Type": "Hash Join", "Parent Relationship": "Outer", "Join Type": "Inner", "Startup Cost": 528830.91, "Total Cost": 1361943.76, "Plan Rows": 907, "Plan Width": 71, "Inner Unique": true, "Hash Cond": "(ci.person_id = n.id)", "Plans": [{"Node Type": "Hash Join", "Parent Relationship": "Outer", "Join Type": "Inner", "Startup Cost": 417536.23, "Total Cost": 1250635.33, "Plan Rows": 1249, "Plan Width": 75, "Inner Unique": false, "Hash Cond": "(ci.movie_id = t.id)", "Plans": [{"Node Type": "Seq Scan", "Parent Relationship": "Outer", "Relation Name": "cast_info", "Alias": "ci", "Startup Cost": 0.0, "Total Cost": 828499.78, "Plan Rows": 1223154, "Plan Width": 8, "Filter": "((note)::text = ANY ('{(writer),\"(head writer)\",\"(written by)\",(story),\"(story editor)\"}'::text[]))"}, {"Node Type": "Hash", "Parent Relationship": "Inner", "Startup Cost": 417522.12, "Total Cost": 417522.12, "Plan Rows": 1129, "Plan Width": 67, "Plans": [{"Node Type": "Hash Join", "Parent Relationship": "Outer", "Join Type": "Inner", "Startup Cost": 82492.58, "Total Cost": 417522.12, "Plan Rows": 1129, "Plan Width": 67, "Inner Unique": true, "Hash Cond": "(mi.movie_id = t.id)", "Plans": [{"Node Type": "Nested Loop", "Parent Relationship": "Outer", "Join Type": "Inner", "Startup Cost": 0.0, "Total Cost": 335014.61, "Plan Rows": 971, "Plan Width": 46, "Inner Unique": false, "Join Filter": "(it1.id = mi.info_type_id)", "Plans": [{"Node Type": "Seq Scan", "Parent Relationship": "Outer", "Relation Name": "info_type", "Alias": "it1", "Startup Cost": 0.0, "Total Cost": 2.4, "Plan Rows": 1, "Plan Width": 4, "Filter": "((info)::text = 'genres'::text)"}, {"Node Type": "Seq Scan", "Parent Relationship": "Inner", "Relation Name": "movie_info", "Alias": "mi", "Startup Cost": 0.0, "Total Cost": 334162.58, "Plan Rows": 67971, "Plan Width": 50, "Filter": "((note IS NULL) AND ((info)::text = ANY ('{Horror,Thriller}'::text[])))"}]}, {"Node Type": "Hash", "Parent Relationship": "Inner", "Startup Cost": 72710.67, "Total Cost": 72710.67, "Plan Rows": 782553, "Plan Width": 21, "Plans": [{"Node Type": "Seq Scan", "Parent Relationship": "Outer", "Relation Name": "title", "Alias": "t", "Startup Cost": 331.36, "Total Cost": 72710.67, "Plan Rows": 782553, "Plan Width": 21, "Filter": "((production_year >= 2008) AND (production_year <= 2014)), (LLVM Optimized)"}]}]}]}]}, {"Node Type": "Hash", "Parent Relationship": "Inner", "Startup Cost": 103490.62, "Total Cost": 103490.62, "Plan Rows": 624324, "Plan Width": 4, "Plans": [{"Node Type": "Seq Scan", "Parent Relationship": "Outer", "Relation Name": "name", "Alias": "n", "Startup Cost": 0.0, "Total Cost": 103490.62, "Plan Rows": 624324, "Plan Width": 4, "Filter": "((gender IS NOT NULL) AND ((gender)::text = 'f'::text)), (LLVM Optimized)"}]}]}, {"Node Type": "Hash", "Parent Relationship": "Inner", "Startup Cost": 23985.89, "Total Cost": 23985.89, "Plan Rows": 12936, "Plan Width": 9, "Plans": [{"Node Type": "Hash Join", "Parent Relationship": "Outer", "Join Type": "Inner", "Startup Cost": 2.41, "Total Cost": 23985.89, "Plan Rows": 12936, "Plan Width": 9, "Inner Unique": true, "Hash Cond": "(mi_idx.info_type_id = it2.id)", "Plans": [{"Node Type": "Seq Scan", "Parent Relationship": "Outer", "Relation Name": "movie_info_idx", "Alias": "mi_idx", "Startup Cost": 0.0, "Total Cost": 23724.42, "Plan Rows": 51746, "Plan Width": 13, "Filter": "((info)::text > '8.0'::text)"}, {"Node Type": "Hash", "Parent Relationship": "Inner", "Startup Cost": 2.4, "Total Cost": 2.4, "Plan Rows": 1, "Plan Width": 4, "Plans": [{"Node Type": "Seq Scan", "Parent Relationship": "Outer", "Relation Name": "info_type", "Alias": "it2", "Startup Cost": 0.0, "Total Cost": 2.4, "Plan Rows": 1, "Plan Width": 4, "Filter": "((info)::text = 'rating'::text)"}]}]}]}]}]}, "Unique SQL Id": 661781350, "Planner Runtime": 25}, "explain_analyze_plan": null}, "(1, '43')": {"explain_plan": {"Plan": {"Node Type": "Aggregate", "Strategy": "Plain", "Startup Cost": 7000346498707.9, "Total Cost": 7000346498707.91, "Plan Rows": 1, "Plan Width": 160, "Plans": [{"Node Type": "Nested Loop", "Parent Relationship": "Outer", "Join Type": "Inner", "Startup Cost": 70000000000.0, "Total Cost": 7000346498706.15, "Plan Rows": 233, "Plan Width": 64, "Inner Unique": false, "Join Filter": "(mi.movie_id = t.id)", "Plans": [{"Node Type": "Index Scan", "Parent Relationship": "Outer", "Scan Direction": "Forward", "Index Name": "title_pkey", "Relation Name": "title", "Alias": "t", "Startup Cost": 10000000000.0, "Total Cost": 1000012276204.41, "Plan Rows": 782553, "Plan Width": 21, "Filter": "((production_year >= 2008) AND (production_year <= 2014)), (LLVM Optimized)"}, {"Node Type": "Materialize", "Parent Relationship": "Inner", "Startup Cost": 60000000000.0, "Total Cost": 6000331874843.24, "Plan Rows": 200, "Plan Width": 59, "Plans": [{"Node Type": "Nested Loop", "Parent Relationship": "Outer", "Join Type": "Inner", "Startup Cost": 60000000000.0, "Total Cost": 6000331874842.24, "Plan Rows": 200, "Plan Width": 59, "Inner Unique": true, "Join Filter": "(ci.person_id = n.id)", "Plans": [{"Node Type": "Nested Loop", "Parent Relationship": "Outer", "Join Type": "Inner", "Startup Cost": 50000000000.0, "Total Cost": 5000310623432.87, "Plan Rows": 276, "Plan Width": 63, "Inner Unique": false, "Join Filter": "(mi.movie_id = ci.movie_id)", "Plans": [{"Node Type": "Nested Loop", "Parent Relationship": "Outer", "Join Type": "Inner", "Startup Cost": 40000000000.0, "Total Cost": 4000112722530.52, "Plan Rows": 250, "Plan Width": 55, "Inner Unique": false, "Join Filter": "(mi.movie_id = mi_idx.movie_id)", "Plans": [{"Node Type": "Nested Loop", "Parent Relationship": "Outer", "Join Type": "Inner", "Startup Cost": 20000000000.0, "Total Cost": 2000107536844.28, "Plan Rows": 971, "Plan Width": 46, "Inner Unique": true, "Join Filter": "(it1.id = mi.info_type_id)", "Plans": [{"Node Type": "Index Scan", "Parent Relationship": "Outer", "Scan Direction": "Forward", "Index Name": "movie_id_movie_info", "Relation Name": "movie_info", "Alias": "mi", "Startup Cost": 10000000000.0, "Total Cost": 1000107534403.72, "Plan Rows": 67971, "Plan Width": 50, "Filter": "((note IS NULL) AND ((info)::text = ANY ('{Horror,Thriller}'::text[])))"}, {"Node Type": "Materialize", "Parent Relationship": "Inner", "Startup Cost": 10000000000.0, "Total Cost": 1000000001421.0, "Plan Rows": 1, "Plan Width": 4, "Plans": [{"Node Type": "Index Scan", "Parent Relationship": "Outer", "Scan Direction": "Forward", "Index Name": "info_type_pkey", "Relation Name": "info_type", "Alias": "it1", "Startup Cost": 10000000000.0, "Total Cost": 1000000001421.0, "Plan Rows": 1, "Plan Width": 4, "Filter": "((info)::text = 'genres'::text)"}]}]}, {"Node Type": "Materialize", "Parent Relationship": "Inner", "Startup Cost": 20000000000.0, "Total Cost": 2000004997305.74, "Plan Rows": 12936, "Plan Width": 9, "Plans": [{"Node Type": "Nested Loop", "Parent Relationship": "Outer", "Join Type": "Inner", "Startup Cost": 20000000000.0, "Total Cost": 2000004997241.06, "Plan Rows": 12936, "Plan Width": 9, "Inner Unique": true, "Join Filter": "(it2.id = mi_idx.info_type_id)", "Plans": [{"Node Type": "Index Scan", "Parent Relationship": "Outer", "Scan Direction": "Forward", "Index Name": "movie_id_movie_info_idx", "Relation Name": "movie_info_idx", "Alias": "mi_idx", "Startup Cost": 10000000000.0, "Total Cost": 1000004995043.87, "Plan Rows": 51746, "Plan Width": 13, "Filter": "((info)::text > '8.0'::text)"}, {"Node Type": "Materialize", "Parent Relationship": "Inner", "Startup Cost": 10000000000.0, "Total Cost": 1000000001421.0, "Plan Rows": 1, "Plan Width": 4, "Plans": [{"Node Type": "Index Scan", "Parent Relationship": "Outer", "Scan Direction": "Forward", "Index Name": "info_type_pkey", "Relation Name": "info_type", "Alias": "it2", "Startup Cost": 10000000000.0, "Total Cost": 1000000001421.0, "Plan Rows": 1, "Plan Width": 4, "Filter": "((info)::text = 'rating'::text)"}]}]}]}]}, {"Node Type": "Materialize", "Parent Relationship": "Inner", "Startup Cost": 10000000000.0, "Total Cost": 1000193317132.73, "Plan Rows": 1223154, "Plan Width": 8, "Plans": [{"Node Type": "Index Scan", "Parent Relationship": "Outer", "Scan Direction": "Forward", "Index Name": "person_id_cast_info", "Relation Name": "cast_info", "Alias": "ci", "Startup Cost": 10000000000.0, "Total Cost": 1000193311016.96, "Plan Rows": 1223154, "Plan Width": 8, "Filter": "((note)::text = ANY ('{(writer),\"(head writer)\",\"(written by)\",(story),\"(story editor)\"}'::text[]))"}]}]}, {"Node Type": "Materialize", "Parent Relationship": "Inner", "Startup Cost": 10000000000.0, "Total Cost": 1000018668268.82, "Plan Rows": 624324, "Plan Width": 4, "Plans": [{"Node Type": "Index Scan", "Parent Relationship": "Outer", "Scan Direction": "Forward", "Index Name": "name_pkey", "Relation Name": "name", "Alias": "n", "Startup Cost": 10000000000.0, "Total Cost": 1000018665147.2, "Plan Rows": 624324, "Plan Width": 4, "Filter": "((gender IS NOT NULL) AND ((gender)::text = 'f'::text)), (LLVM Optimized)"}]}]}]}]}]}, "Unique SQL Id": 661781350, "Planner Runtime": 16}, "explain_analyze_plan": null}, "(1, '44')": {"explain_plan": {"Plan": {"Node Type": "Aggregate", "Strategy": "Plain", "Startup Cost": 89381.01, "Total Cost": 89381.02, "Plan Rows": 1, "Plan Width": 160, "Plans": [{"Node Type": "Nested Loop", "Parent Relationship": "Outer", "Join Type": "Inner", "Startup Cost": 0.0, "Total Cost": 89379.36, "Plan Rows": 219, "Plan Width": 64, "Inner Unique": true, "Plans": [{"Node Type": "Nested Loop", "Parent Relationship": "Outer", "Join Type": "Inner", "Startup Cost": 0.0, "Total Cost": 89218.37, "Plan Rows": 321, "Plan Width": 68, "Inner Unique": false, "Plans": [{"Node Type": "Nested Loop", "Parent Relationship": "Outer", "Join Type": "Inner", "Startup Cost": 0.0, "Total Cost": 88533.35, "Plan Rows": 291, "Plan Width": 76, "Inner Unique": false, "Join Filter": "(mi.info_type_id = it1.id)", "Plans": [{"Node Type": "Seq Scan", "Parent Relationship": "Outer", "Relation Name": "info_type", "Alias": "it1", "Startup Cost": 0.0, "Total Cost": 2.4, "Plan Rows": 1, "Plan Width": 4, "Filter": "((info)::text = 'genres'::text)"}, {"Node Type": "Nested Loop", "Parent Relationship": "Inner", "Join Type": "Inner", "Startup Cost": 0.0, "Total Cost": 88359.04, "Plan Rows": 13753, "Plan Width": 80, "Inner Unique": false, "Plans": [{"Node Type": "Nested Loop", "Parent Relationship": "Outer", "Join Type": "Inner", "Startup Cost": 0.0, "Total Cost": 66986.91, "Plan Rows": 15041, "Plan Width": 30, "Inner Unique": true, "Plans": [{"Node Type": "Nested Loop", "Parent Relationship": "Outer", "Join Type": "Inner", "Startup Cost": 0.0, "Total Cost": 24373.65, "Plan Rows": 12936, "Plan Width": 9, "Inner Unique": false, "Join Filter": "(it2.id = mi_idx.info_type_id)", "Plans": [{"Node Type": "Seq Scan", "Parent Relationship": "Outer", "Relation Name": "info_type", "Alias": "it2", "Startup Cost": 0.0, "Total Cost": 2.4, "Plan Rows": 1, "Plan Width": 4, "Filter": "((info)::text = 'rating'::text)"}, {"Node Type": "Seq Scan", "Parent Relationship": "Inner", "Relation Name": "movie_info_idx", "Alias": "mi_idx", "Startup Cost": 0.0, "Total Cost": 23724.42, "Plan Rows": 51746, "Plan Width": 13, "Filter": "((info)::text > '8.0'::text)"}]}, {"Node Type": "Index Scan", "Parent Relationship": "Inner", "Scan Direction": "Forward", "Index Name": "title_pkey", "Relation Name": "title", "Alias": "t", "Startup Cost": 0.0, "Total Cost": 3.28, "Plan Rows": 1, "Plan Width": 21, "Index Cond": "(id = mi_idx.movie_id)", "Filter": "((production_year >= 2008) AND (production_year <= 2014))"}]}, {"Node Type": "Index Scan", "Parent Relationship": "Inner", "Scan Direction": "Forward", "Index Name": "movie_id_movie_info", "Relation Name": "movie_info", "Alias": "mi", "Startup Cost": 0.0, "Total Cost": 1.41, "Plan Rows": 1, "Plan Width": 50, "Index Cond": "(movie_id = t.id)", "Filter": "((note IS NULL) AND ((info)::text = ANY ('{Horror,Thriller}'::text[])))"}]}]}, {"Node Type": "Index Scan", "Parent Relationship": "Inner", "Scan Direction": "Forward", "Index Name": "movie_id_cast_info", "Relation Name": "cast_info", "Alias": "ci", "Startup Cost": 0.0, "Total Cost": 2.34, "Plan Rows": 1, "Plan Width": 8, "Index Cond": "(movie_id = t.id)", "Filter": "((note)::text = ANY ('{(writer),\"(head writer)\",\"(written by)\",(story),\"(story editor)\"}'::text[]))"}]}, {"Node Type": "Index Scan", "Parent Relationship": "Inner", "Scan Direction": "Forward", "Index Name": "name_pkey", "Relation Name": "name", "Alias": "n", "Startup Cost": 0.0, "Total Cost": 0.49, "Plan Rows": 1, "Plan Width": 4, "Index Cond": "(id = ci.person_id)", "Filter": "((gender IS NOT NULL) AND ((gender)::text = 'f'::text))"}]}]}, "Unique SQL Id": 661781350, "Planner Runtime": 9}, "explain_analyze_plan": {"Plan": {"Node Type": "Aggregate", "Strategy": "Plain", "Startup Cost": 89381.01, "Total Cost": 89381.02, "Plan Rows": 1, "Plan Width": 160, "Actual Startup Time": 819.532, "Actual Total Time": 819.533, "Actual Rows": 1, "Actual Loops": 1, "Plans": [{"Node Type": "Nested Loop", "Parent Relationship": "Outer", "Join Type": "Inner", "Startup Cost": 0.0, "Total Cost": 89379.36, "Plan Rows": 219, "Plan Width": 64, "Actual Startup Time": 400.767, "Actual Total Time": 819.459, "Actual Rows": 11, "Actual Loops": 1, "Inner Unique": true, "Plans": [{"Node Type": "Nested Loop", "Parent Relationship": "Outer", "Join Type": "Inner", "Startup Cost": 0.0, "Total Cost": 89218.37, "Plan Rows": 321, "Plan Width": 68, "Actual Startup Time": 115.249, "Actual Total Time": 817.308, "Actual Rows": 268, "Actual Loops": 1, "Inner Unique": false, "Plans": [{"Node Type": "Nested Loop", "Parent Relationship": "Outer", "Join Type": "Inner", "Startup Cost": 0.0, "Total Cost": 88533.35, "Plan Rows": 291, "Plan Width": 76, "Actual Startup Time": 14.979, "Actual Total Time": 792.122, "Actual Rows": 358, "Actual Loops": 1, "Inner Unique": false, "Join Filter": "(mi.info_type_id = it1.id)", "Rows Removed by Join Filter": 0, "Plans": [{"Node Type": "Seq Scan", "Parent Relationship": "Outer", "Relation Name": "info_type", "Alias": "it1", "Startup Cost": 0.0, "Total Cost": 2.4, "Plan Rows": 1, "Plan Width": 4, "Actual Startup Time": 0.036, "Actual Total Time": 0.078, "Actual Rows": 1, "Actual Loops": 1, "Filter": "((info)::text = 'genres'::text)", "Rows Removed by Filter": 111}, {"Node Type": "Nested Loop", "Parent Relationship": "Inner", "Join Type": "Inner", "Startup Cost": 0.0, "Total Cost": 88359.04, "Plan Rows": 13753, "Plan Width": 80, "Actual Startup Time": 14.935, "Actual Total Time": 791.811, "Actual Rows": 358, "Actual Loops": 1, "Inner Unique": false, "Plans": [{"Node Type": "Nested Loop", "Parent Relationship": "Outer", "Join Type": "Inner", "Startup Cost": 0.0, "Total Cost": 66986.91, "Plan Rows": 15041, "Plan Width": 30, "Actual Startup Time": 2.748, "Actual Total Time": 648.015, "Actual Rows": 6152, "Actual Loops": 1, "Inner Unique": true, "Plans": [{"Node Type": "Nested Loop", "Parent Relationship": "Outer", "Join Type": "Inner", "Startup Cost": 0.0, "Total Cost": 24373.65, "Plan Rows": 12936, "Plan Width": 9, "Actual Startup Time": 0.138, "Actual Total Time": 565.084, "Actual Rows": 15849, "Actual Loops": 1, "Inner Unique": false, "Join Filter": "(it2.id = mi_idx.info_type_id)", "Rows Removed by Join Filter": 37800, "Plans": [{"Node Type": "Seq Scan", "Parent Relationship": "Outer", "Relation Name": "info_type", "Alias": "it2", "Startup Cost": 0.0, "Total Cost": 2.4, "Plan Rows": 1, "Plan Width": 4, "Actual Startup Time": 0.043, "Actual Total Time": 0.058, "Actual Rows": 1, "Actual Loops": 1, "Filter": "((info)::text = 'rating'::text)", "Rows Removed by Filter": 111}, {"Node Type": "Seq Scan", "Parent Relationship": "Inner", "Relation Name": "movie_info_idx", "Alias": "mi_idx", "Startup Cost": 0.0, "Total Cost": 23724.42, "Plan Rows": 51746, "Plan Width": 13, "Actual Startup Time": 0.091, "Actual Total Time": 550.192, "Actual Rows": 53649, "Actual Loops": 1, "Filter": "((info)::text > '8.0'::text)", "Rows Removed by Filter": 1326385}]}, {"Node Type": "Index Scan", "Parent Relationship": "Inner", "Scan Direction": "Forward", "Index Name": "title_pkey", "Relation Name": "title", "Alias": "t", "Startup Cost": 0.0, "Total Cost": 3.28, "Plan Rows": 1, "Plan Width": 21, "Actual Startup Time": 72.547, "Actual Total Time": 72.547, "Actual Rows": 6152, "Actual Loops": 15849, "Index Cond": "(id = mi_idx.movie_id)", "Rows Removed by Index Recheck": 0, "Filter": "((production_year >= 2008) AND (production_year <= 2014))", "Rows Removed by Filter": 9697}]}, {"Node Type": "Index Scan", "Parent Relationship": "Inner", "Scan Direction": "Forward", "Index Name": "movie_id_movie_info", "Relation Name": "movie_info", "Alias": "mi", "Startup Cost": 0.0, "Total Cost": 1.41, "Plan Rows": 1, "Plan Width": 50, "Actual Startup Time": 140.157, "Actual Total Time": 140.436, "Actual Rows": 358, "Actual Loops": 6152, "Index Cond": "(movie_id = t.id)", "Rows Removed by Index Recheck": 0, "Filter": "((note IS NULL) AND ((info)::text = ANY ('{Horror,Thriller}'::text[])))", "Rows Removed by Filter": 109599}]}]}, {"Node Type": "Index Scan", "Parent Relationship": "Inner", "Scan Direction": "Forward", "Index Name": "movie_id_cast_info", "Relation Name": "cast_info", "Alias": "ci", "Startup Cost": 0.0, "Total Cost": 2.34, "Plan Rows": 1, "Plan Width": 8, "Actual Startup Time": 19.56, "Actual Total Time": 24.789, "Actual Rows": 268, "Actual Loops": 358, "Index Cond": "(movie_id = t.id)", "Rows Removed by Index Recheck": 0, "Filter": "((note)::text = ANY ('{(writer),\"(head writer)\",\"(written by)\",(story),\"(story editor)\"}'::text[]))", "Rows Removed by Filter": 12296}]}, {"Node Type": "Index Scan", "Parent Relationship": "Inner", "Scan Direction": "Forward", "Index Name": "name_pkey", "Relation Name": "name", "Alias": "n", "Startup Cost": 0.0, "Total Cost": 0.49, "Plan Rows": 1, "Plan Width": 4, "Actual Startup Time": 1.936, "Actual Total Time": 1.936, "Actual Rows": 11, "Actual Loops": 268, "Index Cond": "(id = ci.person_id)", "Rows Removed by Index Recheck": 0, "Filter": "((gender IS NOT NULL) AND ((gender)::text = 'f'::text))", "Rows Removed by Filter": 257}]}]}, "Triggers": [], "Planner Runtime": 21.815, "Total Runtime": 819.864, "Unique SQL Id": 661781350}}, "(1, '45')": {"explain_plan": {"Plan": {"Node Type": "Aggregate", "Strategy": "Plain", "Startup Cost": 100899.17, "Total Cost": 100899.18, "Plan Rows": 1, "Plan Width": 160, "Plans": [{"Node Type": "Nested Loop", "Parent Relationship": "Outer", "Join Type": "Inner", "Startup Cost": 0.0, "Total Cost": 100897.52, "Plan Rows": 219, "Plan Width": 64, "Inner Unique": true, "Plans": [{"Node Type": "Nested Loop", "Parent Relationship": "Outer", "Join Type": "Inner", "Startup Cost": 0.0, "Total Cost": 100736.53, "Plan Rows": 321, "Plan Width": 68, "Inner Unique": false, "Plans": [{"Node Type": "Nested Loop", "Parent Relationship": "Outer", "Join Type": "Inner", "Startup Cost": 0.0, "Total Cost": 100051.51, "Plan Rows": 291, "Plan Width": 76, "Inner Unique": false, "Join Filter": "(mi.info_type_id = it1.id)", "Plans": [{"Node Type": "Index Scan", "Parent Relationship": "Outer", "Scan Direction": "Forward", "Index Name": "info_type_pkey", "Relation Name": "info_type", "Alias": "it1", "Startup Cost": 0.0, "Total Cost": 14.21, "Plan Rows": 1, "Plan Width": 4, "Filter": "((info)::text = 'genres'::text)"}, {"Node Type": "Nested Loop", "Parent Relationship": "Inner", "Join Type": "Inner", "Startup Cost": 0.0, "Total Cost": 99865.39, "Plan Rows": 13753, "Plan Width": 80, "Inner Unique": false, "Plans": [{"Node Type": "Nested Loop", "Parent Relationship": "Outer", "Join Type": "Inner", "Startup Cost": 0.0, "Total Cost": 78493.26, "Plan Rows": 15041, "Plan Width": 30, "Inner Unique": true, "Plans": [{"Node Type": "Nested Loop", "Parent Relationship": "Outer", "Join Type": "Inner", "Startup Cost": 0.0, "Total Cost": 35880.0, "Plan Rows": 12936, "Plan Width": 9, "Inner Unique": false, "Plans": [{"Node Type": "Index Scan", "Parent Relationship": "Outer", "Scan Direction": "Forward", "Index Name": "info_type_pkey", "Relation Name": "info_type", "Alias": "it2", "Startup Cost": 0.0, "Total Cost": 14.21, "Plan Rows": 1, "Plan Width": 4, "Filter": "((info)::text = 'rating'::text)"}, {"Node Type": "Index Scan", "Parent Relationship": "Inner", "Scan Direction": "Forward", "Index Name": "info_type_id_movie_info_idx", "Relation Name": "movie_info_idx", "Alias": "mi_idx", "Startup Cost": 0.0, "Total Cost": 35736.43, "Plan Rows": 12936, "Plan Width": 13, "Index Cond": "(info_type_id = it2.id)", "Filter": "((info)::text > '8.0'::text)"}]}, {"Node Type": "Index Scan", "Parent Relationship": "Inner", "Scan Direction": "Forward", "Index Name": "title_pkey", "Relation Name": "title", "Alias": "t", "Startup Cost": 0.0, "Total Cost": 3.28, "Plan Rows": 1, "Plan Width": 21, "Index Cond": "(id = mi_idx.movie_id)", "Filter": "((production_year >= 2008) AND (production_year <= 2014))"}]}, {"Node Type": "Index Scan", "Parent Relationship": "Inner", "Scan Direction": "Forward", "Index Name": "movie_id_movie_info", "Relation Name": "movie_info", "Alias": "mi", "Startup Cost": 0.0, "Total Cost": 1.41, "Plan Rows": 1, "Plan Width": 50, "Index Cond": "(movie_id = t.id)", "Filter": "((note IS NULL) AND ((info)::text = ANY ('{Horror,Thriller}'::text[])))"}]}]}, {"Node Type": "Index Scan", "Parent Relationship": "Inner", "Scan Direction": "Forward", "Index Name": "movie_id_cast_info", "Relation Name": "cast_info", "Alias": "ci", "Startup Cost": 0.0, "Total Cost": 2.34, "Plan Rows": 1, "Plan Width": 8, "Index Cond": "(movie_id = t.id)", "Filter": "((note)::text = ANY ('{(writer),\"(head writer)\",\"(written by)\",(story),\"(story editor)\"}'::text[]))"}]}, {"Node Type": "Index Scan", "Parent Relationship": "Inner", "Scan Direction": "Forward", "Index Name": "name_pkey", "Relation Name": "name", "Alias": "n", "Startup Cost": 0.0, "Total Cost": 0.49, "Plan Rows": 1, "Plan Width": 4, "Index Cond": "(id = ci.person_id)", "Filter": "((gender IS NOT NULL) AND ((gender)::text = 'f'::text))"}]}]}, "Unique SQL Id": 661781350, "Planner Runtime": 6}, "explain_analyze_plan": {"Plan": {"Node Type": "Aggregate", "Strategy": "Plain", "Startup Cost": 100899.17, "Total Cost": 100899.18, "Plan Rows": 1, "Plan Width": 160, "Actual Startup Time": 576.408, "Actual Total Time": 576.408, "Actual Rows": 1, "Actual Loops": 1, "Plans": [{"Node Type": "Nested Loop", "Parent Relationship": "Outer", "Join Type": "Inner", "Startup Cost": 0.0, "Total Cost": 100897.52, "Plan Rows": 219, "Plan Width": 64, "Actual Startup Time": 298.008, "Actual Total Time": 576.345, "Actual Rows": 11, "Actual Loops": 1, "Inner Unique": true, "Plans": [{"Node Type": "Nested Loop", "Parent Relationship": "Outer", "Join Type": "Inner", "Startup Cost": 0.0, "Total Cost": 100736.53, "Plan Rows": 321, "Plan Width": 68, "Actual Startup Time": 85.756, "Actual Total Time": 574.144, "Actual Rows": 268, "Actual Loops": 1, "Inner Unique": false, "Plans": [{"Node Type": "Nested Loop", "Parent Relationship": "Outer", "Join Type": "Inner", "Startup Cost": 0.0, "Total Cost": 100051.51, "Plan Rows": 291, "Plan Width": 76, "Actual Startup Time": 10.351, "Actual Total Time": 549.304, "Actual Rows": 358, "Actual Loops": 1, "Inner Unique": false, "Join Filter": "(mi.info_type_id = it1.id)", "Rows Removed by Join Filter": 0, "Plans": [{"Node Type": "Index Scan", "Parent Relationship": "Outer", "Scan Direction": "Forward", "Index Name": "info_type_pkey", "Relation Name": "info_type", "Alias": "it1", "Startup Cost": 0.0, "Total Cost": 14.21, "Plan Rows": 1, "Plan Width": 4, "Actual Startup Time": 0.027, "Actual Total Time": 0.075, "Actual Rows": 1, "Actual Loops": 1, "Filter": "((info)::text = 'genres'::text)", "Rows Removed by Filter": 111}, {"Node Type": "Nested Loop", "Parent Relationship": "Inner", "Join Type": "Inner", "Startup Cost": 0.0, "Total Cost": 99865.39, "Plan Rows": 13753, "Plan Width": 80, "Actual Startup Time": 10.315, "Actual Total Time": 548.982, "Actual Rows": 358, "Actual Loops": 1, "Inner Unique": false, "Plans": [{"Node Type": "Nested Loop", "Parent Relationship": "Outer", "Join Type": "Inner", "Startup Cost": 0.0, "Total Cost": 78493.26, "Plan Rows": 15041, "Plan Width": 30, "Actual Startup Time": 1.953, "Actual Total Time": 407.856, "Actual Rows": 6152, "Actual Loops": 1, "Inner Unique": true, "Plans": [{"Node Type": "Nested Loop", "Parent Relationship": "Outer", "Join Type": "Inner", "Startup Cost": 0.0, "Total Cost": 35880.0, "Plan Rows": 12936, "Plan Width": 9, "Actual Startup Time": 0.094, "Actual Total Time": 326.399, "Actual Rows": 15849, "Actual Loops": 1, "Inner Unique": false, "Plans": [{"Node Type": "Index Scan", "Parent Relationship": "Outer", "Scan Direction": "Forward", "Index Name": "info_type_pkey", "Relation Name": "info_type", "Alias": "it2", "Startup Cost": 0.0, "Total Cost": 14.21, "Plan Rows": 1, "Plan Width": 4, "Actual Startup Time": 0.053, "Actual Total Time": 0.061, "Actual Rows": 1, "Actual Loops": 1, "Filter": "((info)::text = 'rating'::text)", "Rows Removed by Filter": 111}, {"Node Type": "Index Scan", "Parent Relationship": "Inner", "Scan Direction": "Forward", "Index Name": "info_type_id_movie_info_idx", "Relation Name": "movie_info_idx", "Alias": "mi_idx", "Startup Cost": 0.0, "Total Cost": 35736.43, "Plan Rows": 12936, "Plan Width": 13, "Actual Startup Time": 0.039, "Actual Total Time": 322.683, "Actual Rows": 15849, "Actual Loops": 1, "Index Cond": "(info_type_id = it2.id)", "Rows Removed by Index Recheck": 0, "Filter": "((info)::text > '8.0'::text)", "Rows Removed by Filter": 444076}]}, {"Node Type": "Index Scan", "Parent Relationship": "Inner", "Scan Direction": "Forward", "Index Name": "title_pkey", "Relation Name": "title", "Alias": "t", "Startup Cost": 0.0, "Total Cost": 3.28, "Plan Rows": 1, "Plan Width": 21, "Actual Startup Time": 70.824, "Actual Total Time": 70.824, "Actual Rows": 6152, "Actual Loops": 15849, "Index Cond": "(id = mi_idx.movie_id)", "Rows Removed by Index Recheck": 0, "Filter": "((production_year >= 2008) AND (production_year <= 2014))", "Rows Removed by Filter": 9697}]}, {"Node Type": "Index Scan", "Parent Relationship": "Inner", "Scan Direction": "Forward", "Index Name": "movie_id_movie_info", "Relation Name": "movie_info", "Alias": "mi", "Startup Cost": 0.0, "Total Cost": 1.41, "Plan Rows": 1, "Plan Width": 50, "Actual Startup Time": 137.298, "Actual Total Time": 137.605, "Actual Rows": 358, "Actual Loops": 6152, "Index Cond": "(movie_id = t.id)", "Rows Removed by Index Recheck": 0, "Filter": "((note IS NULL) AND ((info)::text = ANY ('{Horror,Thriller}'::text[])))", "Rows Removed by Filter": 109599}]}]}, {"Node Type": "Index Scan", "Parent Relationship": "Inner", "Scan Direction": "Forward", "Index Name": "movie_id_cast_info", "Relation Name": "cast_info", "Alias": "ci", "Startup Cost": 0.0, "Total Cost": 2.34, "Plan Rows": 1, "Plan Width": 8, "Actual Startup Time": 19.232, "Actual Total Time": 24.394, "Actual Rows": 268, "Actual Loops": 358, "Index Cond": "(movie_id = t.id)", "Rows Removed by Index Recheck": 0, "Filter": "((note)::text = ANY ('{(writer),\"(head writer)\",\"(written by)\",(story),\"(story editor)\"}'::text[]))", "Rows Removed by Filter": 12296}]}, {"Node Type": "Index Scan", "Parent Relationship": "Inner", "Scan Direction": "Forward", "Index Name": "name_pkey", "Relation Name": "name", "Alias": "n", "Startup Cost": 0.0, "Total Cost": 0.49, "Plan Rows": 1, "Plan Width": 4, "Actual Startup Time": 1.923, "Actual Total Time": 1.923, "Actual Rows": 11, "Actual Loops": 268, "Index Cond": "(id = ci.person_id)", "Rows Removed by Index Recheck": 0, "Filter": "((gender IS NOT NULL) AND ((gender)::text = 'f'::text))", "Rows Removed by Filter": 257}]}]}, "Triggers": [], "Planner Runtime": 15.928, "Total Runtime": 576.736, "Unique SQL Id": 661781350}}, "(1, '46')": {"explain_plan": {"Plan": {"Node Type": "Aggregate", "Strategy": "Plain", "Startup Cost": 1386112.53, "Total Cost": 1386112.54, "Plan Rows": 1, "Plan Width": 160, "Plans": [{"Node Type": "Hash Join", "Parent Relationship": "Outer", "Join Type": "Inner", "Startup Cost": 552978.49, "Total Cost": 1386110.79, "Plan Rows": 233, "Plan Width": 64, "Inner Unique": false, "Hash Cond": "(t.id = mi_idx.movie_id)", "Plans": [{"Node Type": "Hash Join", "Parent Relationship": "Outer", "Join Type": "Inner", "Startup Cost": 528830.91, "Total Cost": 1361943.76, "Plan Rows": 907, "Plan Width": 71, "Inner Unique": true, "Hash Cond": "(ci.person_id = n.id)", "Plans": [{"Node Type": "Hash Join", "Parent Relationship": "Outer", "Join Type": "Inner", "Startup Cost": 417536.23, "Total Cost": 1250635.33, "Plan Rows": 1249, "Plan Width": 75, "Inner Unique": false, "Hash Cond": "(ci.movie_id = t.id)", "Plans": [{"Node Type": "Seq Scan", "Parent Relationship": "Outer", "Relation Name": "cast_info", "Alias": "ci", "Startup Cost": 0.0, "Total Cost": 828499.78, "Plan Rows": 1223154, "Plan Width": 8, "Filter": "((note)::text = ANY ('{(writer),\"(head writer)\",\"(written by)\",(story),\"(story editor)\"}'::text[]))"}, {"Node Type": "Hash", "Parent Relationship": "Inner", "Startup Cost": 417522.12, "Total Cost": 417522.12, "Plan Rows": 1129, "Plan Width": 67, "Plans": [{"Node Type": "Hash Join", "Parent Relationship": "Outer", "Join Type": "Inner", "Startup Cost": 82492.58, "Total Cost": 417522.12, "Plan Rows": 1129, "Plan Width": 67, "Inner Unique": true, "Hash Cond": "(mi.movie_id = t.id)", "Plans": [{"Node Type": "Nested Loop", "Parent Relationship": "Outer", "Join Type": "Inner", "Startup Cost": 0.0, "Total Cost": 335014.61, "Plan Rows": 971, "Plan Width": 46, "Inner Unique": false, "Join Filter": "(it1.id = mi.info_type_id)", "Plans": [{"Node Type": "Seq Scan", "Parent Relationship": "Outer", "Relation Name": "info_type", "Alias": "it1", "Startup Cost": 0.0, "Total Cost": 2.4, "Plan Rows": 1, "Plan Width": 4, "Filter": "((info)::text = 'genres'::text)"}, {"Node Type": "Seq Scan", "Parent Relationship": "Inner", "Relation Name": "movie_info", "Alias": "mi", "Startup Cost": 0.0, "Total Cost": 334162.58, "Plan Rows": 67971, "Plan Width": 50, "Filter": "((note IS NULL) AND ((info)::text = ANY ('{Horror,Thriller}'::text[])))"}]}, {"Node Type": "Hash", "Parent Relationship": "Inner", "Startup Cost": 72710.67, "Total Cost": 72710.67, "Plan Rows": 782553, "Plan Width": 21, "Plans": [{"Node Type": "Seq Scan", "Parent Relationship": "Outer", "Relation Name": "title", "Alias": "t", "Startup Cost": 331.36, "Total Cost": 72710.67, "Plan Rows": 782553, "Plan Width": 21, "Filter": "((production_year >= 2008) AND (production_year <= 2014)), (LLVM Optimized)"}]}]}]}]}, {"Node Type": "Hash", "Parent Relationship": "Inner", "Startup Cost": 103490.62, "Total Cost": 103490.62, "Plan Rows": 624324, "Plan Width": 4, "Plans": [{"Node Type": "Seq Scan", "Parent Relationship": "Outer", "Relation Name": "name", "Alias": "n", "Startup Cost": 0.0, "Total Cost": 103490.62, "Plan Rows": 624324, "Plan Width": 4, "Filter": "((gender IS NOT NULL) AND ((gender)::text = 'f'::text)), (LLVM Optimized)"}]}]}, {"Node Type": "Hash", "Parent Relationship": "Inner", "Startup Cost": 23985.89, "Total Cost": 23985.89, "Plan Rows": 12936, "Plan Width": 9, "Plans": [{"Node Type": "Hash Join", "Parent Relationship": "Outer", "Join Type": "Inner", "Startup Cost": 2.41, "Total Cost": 23985.89, "Plan Rows": 12936, "Plan Width": 9, "Inner Unique": true, "Hash Cond": "(mi_idx.info_type_id = it2.id)", "Plans": [{"Node Type": "Seq Scan", "Parent Relationship": "Outer", "Relation Name": "movie_info_idx", "Alias": "mi_idx", "Startup Cost": 0.0, "Total Cost": 23724.42, "Plan Rows": 51746, "Plan Width": 13, "Filter": "((info)::text > '8.0'::text)"}, {"Node Type": "Hash", "Parent Relationship": "Inner", "Startup Cost": 2.4, "Total Cost": 2.4, "Plan Rows": 1, "Plan Width": 4, "Plans": [{"Node Type": "Seq Scan", "Parent Relationship": "Outer", "Relation Name": "info_type", "Alias": "it2", "Startup Cost": 0.0, "Total Cost": 2.4, "Plan Rows": 1, "Plan Width": 4, "Filter": "((info)::text = 'rating'::text)"}]}]}]}]}]}, "Unique SQL Id": 661781350, "Planner Runtime": 25}, "explain_analyze_plan": null}, "(1, '47')": {"explain_plan": {"Plan": {"Node Type": "Aggregate", "Strategy": "Plain", "Startup Cost": 7000346498707.9, "Total Cost": 7000346498707.91, "Plan Rows": 1, "Plan Width": 160, "Plans": [{"Node Type": "Nested Loop", "Parent Relationship": "Outer", "Join Type": "Inner", "Startup Cost": 70000000000.0, "Total Cost": 7000346498706.15, "Plan Rows": 233, "Plan Width": 64, "Inner Unique": false, "Join Filter": "(mi.movie_id = t.id)", "Plans": [{"Node Type": "Index Scan", "Parent Relationship": "Outer", "Scan Direction": "Forward", "Index Name": "title_pkey", "Relation Name": "title", "Alias": "t", "Startup Cost": 10000000000.0, "Total Cost": 1000012276204.41, "Plan Rows": 782553, "Plan Width": 21, "Filter": "((production_year >= 2008) AND (production_year <= 2014)), (LLVM Optimized)"}, {"Node Type": "Materialize", "Parent Relationship": "Inner", "Startup Cost": 60000000000.0, "Total Cost": 6000331874843.24, "Plan Rows": 200, "Plan Width": 59, "Plans": [{"Node Type": "Nested Loop", "Parent Relationship": "Outer", "Join Type": "Inner", "Startup Cost": 60000000000.0, "Total Cost": 6000331874842.24, "Plan Rows": 200, "Plan Width": 59, "Inner Unique": true, "Join Filter": "(ci.person_id = n.id)", "Plans": [{"Node Type": "Nested Loop", "Parent Relationship": "Outer", "Join Type": "Inner", "Startup Cost": 50000000000.0, "Total Cost": 5000310623432.87, "Plan Rows": 276, "Plan Width": 63, "Inner Unique": false, "Join Filter": "(mi.movie_id = ci.movie_id)", "Plans": [{"Node Type": "Nested Loop", "Parent Relationship": "Outer", "Join Type": "Inner", "Startup Cost": 40000000000.0, "Total Cost": 4000112722530.52, "Plan Rows": 250, "Plan Width": 55, "Inner Unique": false, "Join Filter": "(mi.movie_id = mi_idx.movie_id)", "Plans": [{"Node Type": "Nested Loop", "Parent Relationship": "Outer", "Join Type": "Inner", "Startup Cost": 20000000000.0, "Total Cost": 2000107536844.28, "Plan Rows": 971, "Plan Width": 46, "Inner Unique": true, "Join Filter": "(it1.id = mi.info_type_id)", "Plans": [{"Node Type": "Index Scan", "Parent Relationship": "Outer", "Scan Direction": "Forward", "Index Name": "movie_id_movie_info", "Relation Name": "movie_info", "Alias": "mi", "Startup Cost": 10000000000.0, "Total Cost": 1000107534403.72, "Plan Rows": 67971, "Plan Width": 50, "Filter": "((note IS NULL) AND ((info)::text = ANY ('{Horror,Thriller}'::text[])))"}, {"Node Type": "Materialize", "Parent Relationship": "Inner", "Startup Cost": 10000000000.0, "Total Cost": 1000000001421.0, "Plan Rows": 1, "Plan Width": 4, "Plans": [{"Node Type": "Index Scan", "Parent Relationship": "Outer", "Scan Direction": "Forward", "Index Name": "info_type_pkey", "Relation Name": "info_type", "Alias": "it1", "Startup Cost": 10000000000.0, "Total Cost": 1000000001421.0, "Plan Rows": 1, "Plan Width": 4, "Filter": "((info)::text = 'genres'::text)"}]}]}, {"Node Type": "Materialize", "Parent Relationship": "Inner", "Startup Cost": 20000000000.0, "Total Cost": 2000004997305.74, "Plan Rows": 12936, "Plan Width": 9, "Plans": [{"Node Type": "Nested Loop", "Parent Relationship": "Outer", "Join Type": "Inner", "Startup Cost": 20000000000.0, "Total Cost": 2000004997241.06, "Plan Rows": 12936, "Plan Width": 9, "Inner Unique": true, "Join Filter": "(it2.id = mi_idx.info_type_id)", "Plans": [{"Node Type": "Index Scan", "Parent Relationship": "Outer", "Scan Direction": "Forward", "Index Name": "movie_id_movie_info_idx", "Relation Name": "movie_info_idx", "Alias": "mi_idx", "Startup Cost": 10000000000.0, "Total Cost": 1000004995043.87, "Plan Rows": 51746, "Plan Width": 13, "Filter": "((info)::text > '8.0'::text)"}, {"Node Type": "Materialize", "Parent Relationship": "Inner", "Startup Cost": 10000000000.0, "Total Cost": 1000000001421.0, "Plan Rows": 1, "Plan Width": 4, "Plans": [{"Node Type": "Index Scan", "Parent Relationship": "Outer", "Scan Direction": "Forward", "Index Name": "info_type_pkey", "Relation Name": "info_type", "Alias": "it2", "Startup Cost": 10000000000.0, "Total Cost": 1000000001421.0, "Plan Rows": 1, "Plan Width": 4, "Filter": "((info)::text = 'rating'::text)"}]}]}]}]}, {"Node Type": "Materialize", "Parent Relationship": "Inner", "Startup Cost": 10000000000.0, "Total Cost": 1000193317132.73, "Plan Rows": 1223154, "Plan Width": 8, "Plans": [{"Node Type": "Index Scan", "Parent Relationship": "Outer", "Scan Direction": "Forward", "Index Name": "person_id_cast_info", "Relation Name": "cast_info", "Alias": "ci", "Startup Cost": 10000000000.0, "Total Cost": 1000193311016.96, "Plan Rows": 1223154, "Plan Width": 8, "Filter": "((note)::text = ANY ('{(writer),\"(head writer)\",\"(written by)\",(story),\"(story editor)\"}'::text[]))"}]}]}, {"Node Type": "Materialize", "Parent Relationship": "Inner", "Startup Cost": 10000000000.0, "Total Cost": 1000018668268.82, "Plan Rows": 624324, "Plan Width": 4, "Plans": [{"Node Type": "Index Scan", "Parent Relationship": "Outer", "Scan Direction": "Forward", "Index Name": "name_pkey", "Relation Name": "name", "Alias": "n", "Startup Cost": 10000000000.0, "Total Cost": 1000018665147.2, "Plan Rows": 624324, "Plan Width": 4, "Filter": "((gender IS NOT NULL) AND ((gender)::text = 'f'::text)), (LLVM Optimized)"}]}]}]}]}]}, "Unique SQL Id": 661781350, "Planner Runtime": 16}, "explain_analyze_plan": null}, "(1, '48')": {"explain_plan": {"Plan": {"Node Type": "Aggregate", "Strategy": "Plain", "Startup Cost": 84207.28, "Total Cost": 84207.29, "Plan Rows": 1, "Plan Width": 160, "Plans": [{"Node Type": "Nested Loop", "Parent Relationship": "Outer", "Join Type": "Inner", "Startup Cost": 7419.04, "Total Cost": 84205.64, "Plan Rows": 219, "Plan Width": 64, "Inner Unique": true, "Plans": [{"Node Type": "Nested Loop", "Parent Relationship": "Outer", "Join Type": "Inner", "Startup Cost": 7419.04, "Total Cost": 84044.65, "Plan Rows": 321, "Plan Width": 68, "Inner Unique": false, "Plans": [{"Node Type": "Nested Loop", "Parent Relationship": "Outer", "Join Type": "Inner", "Startup Cost": 7419.04, "Total Cost": 83359.62, "Plan Rows": 291, "Plan Width": 76, "Inner Unique": false, "Join Filter": "(mi.info_type_id = it1.id)", "Plans": [{"Node Type": "Seq Scan", "Parent Relationship": "Outer", "Relation Name": "info_type", "Alias": "it1", "Startup Cost": 0.0, "Total Cost": 2.4, "Plan Rows": 1, "Plan Width": 4, "Filter": "((info)::text = 'genres'::text)"}, {"Node Type": "Nested Loop", "Parent Relationship": "Inner", "Join Type": "Inner", "Startup Cost": 7419.04, "Total Cost": 83185.31, "Plan Rows": 13753, "Plan Width": 80, "Inner Unique": false, "Plans": [{"Node Type": "Nested Loop", "Parent Relationship": "Outer", "Join Type": "Inner", "Startup Cost": 7419.04, "Total Cost": 61813.18, "Plan Rows": 15041, "Plan Width": 30, "Inner Unique": true, "Plans": [{"Node Type": "Nested Loop", "Parent Relationship": "Outer", "Join Type": "Inner", "Startup Cost": 7419.04, "Total Cost": 19199.92, "Plan Rows": 12936, "Plan Width": 9, "Inner Unique": false, "Plans": [{"Node Type": "Seq Scan", "Parent Relationship": "Outer", "Relation Name": "info_type", "Alias": "it2", "Startup Cost": 0.0, "Total Cost": 2.4, "Plan Rows": 1, "Plan Width": 4, "Filter": "((info)::text = 'rating'::text)"}, {"Node Type": "Bitmap Heap Scan", "Parent Relationship": "Inner", "Relation Name": "movie_info_idx", "Alias": "mi_idx", "Startup Cost": 7419.04, "Total Cost": 19068.16, "Plan Rows": 12936, "Plan Width": 13, "Recheck Cond": "(info_type_id = it2.id)", "Filter": "((info)::text > '8.0'::text)", "Plans": [{"Node Type": "Bitmap Index Scan", "Parent Relationship": "Outer", "Index Name": "info_type_id_movie_info_idx", "Startup Cost": 0.0, "Total Cost": 7415.81, "Plan Rows": 345008, "Plan Width": 0, "Index Cond": "(info_type_id = it2.id)"}]}]}, {"Node Type": "Index Scan", "Parent Relationship": "Inner", "Scan Direction": "Forward", "Index Name": "title_pkey", "Relation Name": "title", "Alias": "t", "Startup Cost": 0.0, "Total Cost": 3.28, "Plan Rows": 1, "Plan Width": 21, "Index Cond": "(id = mi_idx.movie_id)", "Filter": "((production_year >= 2008) AND (production_year <= 2014))"}]}, {"Node Type": "Index Scan", "Parent Relationship": "Inner", "Scan Direction": "Forward", "Index Name": "movie_id_movie_info", "Relation Name": "movie_info", "Alias": "mi", "Startup Cost": 0.0, "Total Cost": 1.41, "Plan Rows": 1, "Plan Width": 50, "Index Cond": "(movie_id = t.id)", "Filter": "((note IS NULL) AND ((info)::text = ANY ('{Horror,Thriller}'::text[])))"}]}]}, {"Node Type": "Index Scan", "Parent Relationship": "Inner", "Scan Direction": "Forward", "Index Name": "movie_id_cast_info", "Relation Name": "cast_info", "Alias": "ci", "Startup Cost": 0.0, "Total Cost": 2.34, "Plan Rows": 1, "Plan Width": 8, "Index Cond": "(movie_id = t.id)", "Filter": "((note)::text = ANY ('{(writer),\"(head writer)\",\"(written by)\",(story),\"(story editor)\"}'::text[]))"}]}, {"Node Type": "Index Scan", "Parent Relationship": "Inner", "Scan Direction": "Forward", "Index Name": "name_pkey", "Relation Name": "name", "Alias": "n", "Startup Cost": 0.0, "Total Cost": 0.49, "Plan Rows": 1, "Plan Width": 4, "Index Cond": "(id = ci.person_id)", "Filter": "((gender IS NOT NULL) AND ((gender)::text = 'f'::text))"}]}]}, "Unique SQL Id": 661781350, "Planner Runtime": 6}, "explain_analyze_plan": {"Plan": {"Node Type": "Aggregate", "Strategy": "Plain", "Startup Cost": 84207.28, "Total Cost": 84207.29, "Plan Rows": 1, "Plan Width": 160, "Actual Startup Time": 571.433, "Actual Total Time": 571.434, "Actual Rows": 1, "Actual Loops": 1, "Plans": [{"Node Type": "Nested Loop", "Parent Relationship": "Outer", "Join Type": "Inner", "Startup Cost": 7419.04, "Total Cost": 84205.64, "Plan Rows": 219, "Plan Width": 64, "Actual Startup Time": 340.927, "Actual Total Time": 571.372, "Actual Rows": 11, "Actual Loops": 1, "Inner Unique": true, "Plans": [{"Node Type": "Nested Loop", "Parent Relationship": "Outer", "Join Type": "Inner", "Startup Cost": 7419.04, "Total Cost": 84044.65, "Plan Rows": 321, "Plan Width": 68, "Actual Startup Time": 156.562, "Actual Total Time": 569.19, "Actual Rows": 268, "Actual Loops": 1, "Inner Unique": false, "Plans": [{"Node Type": "Nested Loop", "Parent Relationship": "Outer", "Join Type": "Inner", "Startup Cost": 7419.04, "Total Cost": 83359.62, "Plan Rows": 291, "Plan Width": 76, "Actual Startup Time": 88.153, "Actual Total Time": 544.541, "Actual Rows": 358, "Actual Loops": 1, "Inner Unique": false, "Join Filter": "(mi.info_type_id = it1.id)", "Rows Removed by Join Filter": 0, "Plans": [{"Node Type": "Seq Scan", "Parent Relationship": "Outer", "Relation Name": "info_type", "Alias": "it1", "Startup Cost": 0.0, "Total Cost": 2.4, "Plan Rows": 1, "Plan Width": 4, "Actual Startup Time": 0.03, "Actual Total Time": 0.066, "Actual Rows": 1, "Actual Loops": 1, "Filter": "((info)::text = 'genres'::text)", "Rows Removed by Filter": 111}, {"Node Type": "Nested Loop", "Parent Relationship": "Inner", "Join Type": "Inner", "Startup Cost": 7419.04, "Total Cost": 83185.31, "Plan Rows": 13753, "Plan Width": 80, "Actual Startup Time": 88.113, "Actual Total Time": 544.249, "Actual Rows": 358, "Actual Loops": 1, "Inner Unique": false, "Plans": [{"Node Type": "Nested Loop", "Parent Relationship": "Outer", "Join Type": "Inner", "Startup Cost": 7419.04, "Total Cost": 61813.18, "Plan Rows": 15041, "Plan Width": 30, "Actual Startup Time": 79.89, "Actual Total Time": 404.387, "Actual Rows": 6152, "Actual Loops": 1, "Inner Unique": true, "Plans": [{"Node Type": "Nested Loop", "Parent Relationship": "Outer", "Join Type": "Inner", "Startup Cost": 7419.04, "Total Cost": 19199.92, "Plan Rows": 12936, "Plan Width": 9, "Actual Startup Time": 78.103, "Actual Total Time": 325.531, "Actual Rows": 15849, "Actual Loops": 1, "Inner Unique": false, "Plans": [{"Node Type": "Seq Scan", "Parent Relationship": "Outer", "Relation Name": "info_type", "Alias": "it2", "Startup Cost": 0.0, "Total Cost": 2.4, "Plan Rows": 1, "Plan Width": 4, "Actual Startup Time": 0.041, "Actual Total Time": 0.061, "Actual Rows": 1, "Actual Loops": 1, "Filter": "((info)::text = 'rating'::text)", "Rows Removed by Filter": 111}, {"Node Type": "Bitmap Heap Scan", "Parent Relationship": "Inner", "Relation Name": "movie_info_idx", "Alias": "mi_idx", "Startup Cost": 7419.04, "Total Cost": 19068.16, "Plan Rows": 12936, "Plan Width": 13, "Actual Startup Time": 78.058, "Actual Total Time": 321.813, "Actual Rows": 15849, "Actual Loops": 1, "Recheck Cond": "(info_type_id = it2.id)", "Rows Removed by Index Recheck": 0, "Filter": "((info)::text > '8.0'::text)", "Rows Removed by Filter": 444076, "Exact Heap Blocks": 6472, "Lossy Heap Blocks": 6472, "Plans": [{"Node Type": "Bitmap Index Scan", "Parent Relationship": "Outer", "Index Name": "info_type_id_movie_info_idx", "Startup Cost": 0.0, "Total Cost": 7415.81, "Plan Rows": 345008, "Plan Width": 0, "Actual Startup Time": 76.814, "Actual Total Time": 76.814, "Actual Rows": 459925, "Actual Loops": 1, "Index Cond": "(info_type_id = it2.id)"}]}]}, {"Node Type": "Index Scan", "Parent Relationship": "Inner", "Scan Direction": "Forward", "Index Name": "title_pkey", "Relation Name": "title", "Alias": "t", "Startup Cost": 0.0, "Total Cost": 3.28, "Plan Rows": 1, "Plan Width": 21, "Actual Startup Time": 68.995, "Actual Total Time": 68.995, "Actual Rows": 6152, "Actual Loops": 15849, "Index Cond": "(id = mi_idx.movie_id)", "Rows Removed by Index Recheck": 0, "Filter": "((production_year >= 2008) AND (production_year <= 2014))", "Rows Removed by Filter": 9697}]}, {"Node Type": "Index Scan", "Parent Relationship": "Inner", "Scan Direction": "Forward", "Index Name": "movie_id_movie_info", "Relation Name": "movie_info", "Alias": "mi", "Startup Cost": 0.0, "Total Cost": 1.41, "Plan Rows": 1, "Plan Width": 50, "Actual Startup Time": 136.216, "Actual Total Time": 136.521, "Actual Rows": 358, "Actual Loops": 6152, "Index Cond": "(movie_id = t.id)", "Rows Removed by Index Recheck": 0, "Filter": "((note IS NULL) AND ((info)::text = ANY ('{Horror,Thriller}'::text[])))", "Rows Removed by Filter": 109599}]}]}, {"Node Type": "Index Scan", "Parent Relationship": "Inner", "Scan Direction": "Forward", "Index Name": "movie_id_cast_info", "Relation Name": "cast_info", "Alias": "ci", "Startup Cost": 0.0, "Total Cost": 2.34, "Plan Rows": 1, "Plan Width": 8, "Actual Startup Time": 19.028, "Actual Total Time": 24.254, "Actual Rows": 268, "Actual Loops": 358, "Index Cond": "(movie_id = t.id)", "Rows Removed by Index Recheck": 0, "Filter": "((note)::text = ANY ('{(writer),\"(head writer)\",\"(written by)\",(story),\"(story editor)\"}'::text[]))", "Rows Removed by Filter": 12296}]}, {"Node Type": "Index Scan", "Parent Relationship": "Inner", "Scan Direction": "Forward", "Index Name": "name_pkey", "Relation Name": "name", "Alias": "n", "Startup Cost": 0.0, "Total Cost": 0.49, "Plan Rows": 1, "Plan Width": 4, "Actual Startup Time": 1.935, "Actual Total Time": 1.935, "Actual Rows": 11, "Actual Loops": 268, "Index Cond": "(id = ci.person_id)", "Rows Removed by Index Recheck": 0, "Filter": "((gender IS NOT NULL) AND ((gender)::text = 'f'::text))", "Rows Removed by Filter": 257}]}]}, "Triggers": [], "Planner Runtime": 22.994, "Total Runtime": 571.807, "Unique SQL Id": 661781350}}, "(1, '49')": {"explain_plan": {"Plan": {"Node Type": "Aggregate", "Strategy": "Plain", "Startup Cost": 84230.9, "Total Cost": 84230.91, "Plan Rows": 1, "Plan Width": 160, "Plans": [{"Node Type": "Nested Loop", "Parent Relationship": "Outer", "Join Type": "Inner", "Startup Cost": 7419.04, "Total Cost": 84229.26, "Plan Rows": 219, "Plan Width": 64, "Inner Unique": true, "Plans": [{"Node Type": "Nested Loop", "Parent Relationship": "Outer", "Join Type": "Inner", "Startup Cost": 7419.04, "Total Cost": 84068.27, "Plan Rows": 321, "Plan Width": 68, "Inner Unique": false, "Plans": [{"Node Type": "Nested Loop", "Parent Relationship": "Outer", "Join Type": "Inner", "Startup Cost": 7419.04, "Total Cost": 83383.24, "Plan Rows": 291, "Plan Width": 76, "Inner Unique": false, "Join Filter": "(mi.info_type_id = it1.id)", "Plans": [{"Node Type": "Index Scan", "Parent Relationship": "Outer", "Scan Direction": "Forward", "Index Name": "info_type_pkey", "Relation Name": "info_type", "Alias": "it1", "Startup Cost": 0.0, "Total Cost": 14.21, "Plan Rows": 1, "Plan Width": 4, "Filter": "((info)::text = 'genres'::text)"}, {"Node Type": "Nested Loop", "Parent Relationship": "Inner", "Join Type": "Inner", "Startup Cost": 7419.04, "Total Cost": 83197.12, "Plan Rows": 13753, "Plan Width": 80, "Inner Unique": false, "Plans": [{"Node Type": "Nested Loop", "Parent Relationship": "Outer", "Join Type": "Inner", "Startup Cost": 7419.04, "Total Cost": 61824.99, "Plan Rows": 15041, "Plan Width": 30, "Inner Unique": true, "Plans": [{"Node Type": "Nested Loop", "Parent Relationship": "Outer", "Join Type": "Inner", "Startup Cost": 7419.04, "Total Cost": 19211.73, "Plan Rows": 12936, "Plan Width": 9, "Inner Unique": false, "Plans": [{"Node Type": "Index Scan", "Parent Relationship": "Outer", "Scan Direction": "Forward", "Index Name": "info_type_pkey", "Relation Name": "info_type", "Alias": "it2", "Startup Cost": 0.0, "Total Cost": 14.21, "Plan Rows": 1, "Plan Width": 4, "Filter": "((info)::text = 'rating'::text)"}, {"Node Type": "Bitmap Heap Scan", "Parent Relationship": "Inner", "Relation Name": "movie_info_idx", "Alias": "mi_idx", "Startup Cost": 7419.04, "Total Cost": 19068.16, "Plan Rows": 12936, "Plan Width": 13, "Recheck Cond": "(info_type_id = it2.id)", "Filter": "((info)::text > '8.0'::text)", "Plans": [{"Node Type": "Bitmap Index Scan", "Parent Relationship": "Outer", "Index Name": "info_type_id_movie_info_idx", "Startup Cost": 0.0, "Total Cost": 7415.81, "Plan Rows": 345008, "Plan Width": 0, "Index Cond": "(info_type_id = it2.id)"}]}]}, {"Node Type": "Index Scan", "Parent Relationship": "Inner", "Scan Direction": "Forward", "Index Name": "title_pkey", "Relation Name": "title", "Alias": "t", "Startup Cost": 0.0, "Total Cost": 3.28, "Plan Rows": 1, "Plan Width": 21, "Index Cond": "(id = mi_idx.movie_id)", "Filter": "((production_year >= 2008) AND (production_year <= 2014))"}]}, {"Node Type": "Index Scan", "Parent Relationship": "Inner", "Scan Direction": "Forward", "Index Name": "movie_id_movie_info", "Relation Name": "movie_info", "Alias": "mi", "Startup Cost": 0.0, "Total Cost": 1.41, "Plan Rows": 1, "Plan Width": 50, "Index Cond": "(movie_id = t.id)", "Filter": "((note IS NULL) AND ((info)::text = ANY ('{Horror,Thriller}'::text[])))"}]}]}, {"Node Type": "Index Scan", "Parent Relationship": "Inner", "Scan Direction": "Forward", "Index Name": "movie_id_cast_info", "Relation Name": "cast_info", "Alias": "ci", "Startup Cost": 0.0, "Total Cost": 2.34, "Plan Rows": 1, "Plan Width": 8, "Index Cond": "(movie_id = t.id)", "Filter": "((note)::text = ANY ('{(writer),\"(head writer)\",\"(written by)\",(story),\"(story editor)\"}'::text[]))"}]}, {"Node Type": "Index Scan", "Parent Relationship": "Inner", "Scan Direction": "Forward", "Index Name": "name_pkey", "Relation Name": "name", "Alias": "n", "Startup Cost": 0.0, "Total Cost": 0.49, "Plan Rows": 1, "Plan Width": 4, "Index Cond": "(id = ci.person_id)", "Filter": "((gender IS NOT NULL) AND ((gender)::text = 'f'::text))"}]}]}, "Unique SQL Id": 661781350, "Planner Runtime": 5}, "explain_analyze_plan": {"Plan": {"Node Type": "Aggregate", "Strategy": "Plain", "Startup Cost": 84230.9, "Total Cost": 84230.91, "Plan Rows": 1, "Plan Width": 160, "Actual Startup Time": 642.245, "Actual Total Time": 642.245, "Actual Rows": 1, "Actual Loops": 1, "Plans": [{"Node Type": "Nested Loop", "Parent Relationship": "Outer", "Join Type": "Inner", "Startup Cost": 7419.04, "Total Cost": 84229.26, "Plan Rows": 219, "Plan Width": 64, "Actual Startup Time": 341.884, "Actual Total Time": 642.185, "Actual Rows": 11, "Actual Loops": 1, "Inner Unique": true, "Plans": [{"Node Type": "Nested Loop", "Parent Relationship": "Outer", "Join Type": "Inner", "Startup Cost": 7419.04, "Total Cost": 84068.27, "Plan Rows": 321, "Plan Width": 68, "Actual Startup Time": 137.798, "Actual Total Time": 639.27, "Actual Rows": 268, "Actual Loops": 1, "Inner Unique": false, "Plans": [{"Node Type": "Nested Loop", "Parent Relationship": "Outer", "Join Type": "Inner", "Startup Cost": 7419.04, "Total Cost": 83383.24, "Plan Rows": 291, "Plan Width": 76, "Actual Startup Time": 74.227, "Actual Total Time": 603.246, "Actual Rows": 358, "Actual Loops": 1, "Inner Unique": false, "Join Filter": "(mi.info_type_id = it1.id)", "Rows Removed by Join Filter": 0, "Plans": [{"Node Type": "Index Scan", "Parent Relationship": "Outer", "Scan Direction": "Forward", "Index Name": "info_type_pkey", "Relation Name": "info_type", "Alias": "it1", "Startup Cost": 0.0, "Total Cost": 14.21, "Plan Rows": 1, "Plan Width": 4, "Actual Startup Time": 0.026, "Actual Total Time": 0.084, "Actual Rows": 1, "Actual Loops": 1, "Filter": "((info)::text = 'genres'::text)", "Rows Removed by Filter": 111}, {"Node Type": "Nested Loop", "Parent Relationship": "Inner", "Join Type": "Inner", "Startup Cost": 7419.04, "Total Cost": 83197.12, "Plan Rows": 13753, "Plan Width": 80, "Actual Startup Time": 74.192, "Actual Total Time": 602.921, "Actual Rows": 358, "Actual Loops": 1, "Inner Unique": false, "Plans": [{"Node Type": "Nested Loop", "Parent Relationship": "Outer", "Join Type": "Inner", "Startup Cost": 7419.04, "Total Cost": 61824.99, "Plan Rows": 15041, "Plan Width": 30, "Actual Startup Time": 66.761, "Actual Total Time": 441.413, "Actual Rows": 6152, "Actual Loops": 1, "Inner Unique": true, "Plans": [{"Node Type": "Nested Loop", "Parent Relationship": "Outer", "Join Type": "Inner", "Startup Cost": 7419.04, "Total Cost": 19211.73, "Plan Rows": 12936, "Plan Width": 9, "Actual Startup Time": 65.136, "Actual Total Time": 351.488, "Actual Rows": 15849, "Actual Loops": 1, "Inner Unique": false, "Plans": [{"Node Type": "Index Scan", "Parent Relationship": "Outer", "Scan Direction": "Forward", "Index Name": "info_type_pkey", "Relation Name": "info_type", "Alias": "it2", "Startup Cost": 0.0, "Total Cost": 14.21, "Plan Rows": 1, "Plan Width": 4, "Actual Startup Time": 0.048, "Actual Total Time": 0.061, "Actual Rows": 1, "Actual Loops": 1, "Filter": "((info)::text = 'rating'::text)", "Rows Removed by Filter": 111}, {"Node Type": "Bitmap Heap Scan", "Parent Relationship": "Inner", "Relation Name": "movie_info_idx", "Alias": "mi_idx", "Startup Cost": 7419.04, "Total Cost": 19068.16, "Plan Rows": 12936, "Plan Width": 13, "Actual Startup Time": 65.081, "Actual Total Time": 347.903, "Actual Rows": 15849, "Actual Loops": 1, "Recheck Cond": "(info_type_id = it2.id)", "Rows Removed by Index Recheck": 0, "Filter": "((info)::text > '8.0'::text)", "Rows Removed by Filter": 444076, "Exact Heap Blocks": 6472, "Lossy Heap Blocks": 6472, "Plans": [{"Node Type": "Bitmap Index Scan", "Parent Relationship": "Outer", "Index Name": "info_type_id_movie_info_idx", "Startup Cost": 0.0, "Total Cost": 7415.81, "Plan Rows": 345008, "Plan Width": 0, "Actual Startup Time": 63.828, "Actual Total Time": 63.828, "Actual Rows": 459925, "Actual Loops": 1, "Index Cond": "(info_type_id = it2.id)"}]}]}, {"Node Type": "Index Scan", "Parent Relationship": "Inner", "Scan Direction": "Forward", "Index Name": "title_pkey", "Relation Name": "title", "Alias": "t", "Startup Cost": 0.0, "Total Cost": 3.28, "Plan Rows": 1, "Plan Width": 21, "Actual Startup Time": 79.873, "Actual Total Time": 79.873, "Actual Rows": 6152, "Actual Loops": 15849, "Index Cond": "(id = mi_idx.movie_id)", "Rows Removed by Index Recheck": 0, "Filter": "((production_year >= 2008) AND (production_year <= 2014))", "Rows Removed by Filter": 9697}]}, {"Node Type": "Index Scan", "Parent Relationship": "Inner", "Scan Direction": "Forward", "Index Name": "movie_id_movie_info", "Relation Name": "movie_info", "Alias": "mi", "Startup Cost": 0.0, "Total Cost": 1.41, "Plan Rows": 1, "Plan Width": 50, "Actual Startup Time": 157.796, "Actual Total Time": 158.095, "Actual Rows": 358, "Actual Loops": 6152, "Index Cond": "(movie_id = t.id)", "Rows Removed by Index Recheck": 0, "Filter": "((note IS NULL) AND ((info)::text = ANY ('{Horror,Thriller}'::text[])))", "Rows Removed by Filter": 109599}]}]}, {"Node Type": "Index Scan", "Parent Relationship": "Inner", "Scan Direction": "Forward", "Index Name": "movie_id_cast_info", "Relation Name": "cast_info", "Alias": "ci", "Startup Cost": 0.0, "Total Cost": 2.34, "Plan Rows": 1, "Plan Width": 8, "Actual Startup Time": 27.975, "Actual Total Time": 35.613, "Actual Rows": 268, "Actual Loops": 358, "Index Cond": "(movie_id = t.id)", "Rows Removed by Index Recheck": 0, "Filter": "((note)::text = ANY ('{(writer),\"(head writer)\",\"(written by)\",(story),\"(story editor)\"}'::text[]))", "Rows Removed by Filter": 12296}]}, {"Node Type": "Index Scan", "Parent Relationship": "Inner", "Scan Direction": "Forward", "Index Name": "name_pkey", "Relation Name": "name", "Alias": "n", "Startup Cost": 0.0, "Total Cost": 0.49, "Plan Rows": 1, "Plan Width": 4, "Actual Startup Time": 2.646, "Actual Total Time": 2.646, "Actual Rows": 11, "Actual Loops": 268, "Index Cond": "(id = ci.person_id)", "Rows Removed by Index Recheck": 0, "Filter": "((gender IS NOT NULL) AND ((gender)::text = 'f'::text))", "Rows Removed by Filter": 257}]}]}, "Triggers": [], "Planner Runtime": 16.979, "Total Runtime": 642.612, "Unique SQL Id": 661781350}}, "(1, '50')": {"explain_plan": {"Plan": {"Node Type": "Aggregate", "Strategy": "Plain", "Startup Cost": 157086.07, "Total Cost": 157086.08, "Plan Rows": 1, "Plan Width": 160, "Plans": [{"Node Type": "Nested Loop", "Parent Relationship": "Outer", "Join Type": "Inner", "Startup Cost": 7421.91, "Total Cost": 157084.43, "Plan Rows": 219, "Plan Width": 64, "Inner Unique": true, "Plans": [{"Node Type": "Nested Loop", "Parent Relationship": "Outer", "Join Type": "Inner", "Startup Cost": 7421.6, "Total Cost": 155693.31, "Plan Rows": 321, "Plan Width": 68, "Inner Unique": false, "Plans": [{"Node Type": "Nested Loop", "Parent Relationship": "Outer", "Join Type": "Inner", "Startup Cost": 7420.6, "Total Cost": 154200.13, "Plan Rows": 291, "Plan Width": 76, "Inner Unique": false, "Join Filter": "(mi.info_type_id = it1.id)", "Plans": [{"Node Type": "Seq Scan", "Parent Relationship": "Outer", "Relation Name": "info_type", "Alias": "it1", "Startup Cost": 0.0, "Total Cost": 2.4, "Plan Rows": 1, "Plan Width": 4, "Filter": "((info)::text = 'genres'::text)"}, {"Node Type": "Nested Loop", "Parent Relationship": "Inner", "Join Type": "Inner", "Startup Cost": 7420.6, "Total Cost": 154025.82, "Plan Rows": 13753, "Plan Width": 80, "Inner Unique": false, "Plans": [{"Node Type": "Nested Loop", "Parent Relationship": "Outer", "Join Type": "Inner", "Startup Cost": 7420.02, "Total Cost": 83886.56, "Plan Rows": 15041, "Plan Width": 30, "Inner Unique": true, "Plans": [{"Node Type": "Nested Loop", "Parent Relationship": "Outer", "Join Type": "Inner", "Startup Cost": 7419.04, "Total Cost": 19199.92, "Plan Rows": 12936, "Plan Width": 9, "Inner Unique": false, "Plans": [{"Node Type": "Seq Scan", "Parent Relationship": "Outer", "Relation Name": "info_type", "Alias": "it2", "Startup Cost": 0.0, "Total Cost": 2.4, "Plan Rows": 1, "Plan Width": 4, "Filter": "((info)::text = 'rating'::text)"}, {"Node Type": "Bitmap Heap Scan", "Parent Relationship": "Inner", "Relation Name": "movie_info_idx", "Alias": "mi_idx", "Startup Cost": 7419.04, "Total Cost": 19068.16, "Plan Rows": 12936, "Plan Width": 13, "Recheck Cond": "(info_type_id = it2.id)", "Filter": "((info)::text > '8.0'::text)", "Plans": [{"Node Type": "Bitmap Index Scan", "Parent Relationship": "Outer", "Index Name": "info_type_id_movie_info_idx", "Startup Cost": 0.0, "Total Cost": 7415.81, "Plan Rows": 345008, "Plan Width": 0, "Index Cond": "(info_type_id = it2.id)"}]}]}, {"Node Type": "Bitmap Heap Scan", "Parent Relationship": "Inner", "Relation Name": "title", "Alias": "t", "Startup Cost": 0.97, "Total Cost": 4.99, "Plan Rows": 1, "Plan Width": 21, "Recheck Cond": "(id = mi_idx.movie_id)", "Filter": "((production_year >= 2008) AND (production_year <= 2014))", "Plans": [{"Node Type": "Bitmap Index Scan", "Parent Relationship": "Outer", "Index Name": "title_pkey", "Startup Cost": 0.0, "Total Cost": 0.97, "Plan Rows": 1, "Plan Width": 0, "Index Cond": "(id = mi_idx.movie_id)"}]}]}, {"Node Type": "Bitmap Heap Scan", "Parent Relationship": "Inner", "Relation Name": "movie_info", "Alias": "mi", "Startup Cost": 0.58, "Total Cost": 4.65, "Plan Rows": 1, "Plan Width": 50, "Recheck Cond": "(movie_id = t.id)", "Filter": "((note IS NULL) AND ((info)::text = ANY ('{Horror,Thriller}'::text[])))", "Plans": [{"Node Type": "Bitmap Index Scan", "Parent Relationship": "Outer", "Index Name": "movie_id_movie_info", "Startup Cost": 0.0, "Total Cost": 0.58, "Plan Rows": 5, "Plan Width": 0, "Index Cond": "(movie_id = t.id)"}]}]}]}, {"Node Type": "Bitmap Heap Scan", "Parent Relationship": "Inner", "Relation Name": "cast_info", "Alias": "ci", "Startup Cost": 1.01, "Total Cost": 5.12, "Plan Rows": 1, "Plan Width": 8, "Recheck Cond": "(movie_id = t.id)", "Filter": "((note)::text = ANY ('{(writer),\"(head writer)\",\"(written by)\",(story),\"(story editor)\"}'::text[]))", "Plans": [{"Node Type": "Bitmap Index Scan", "Parent Relationship": "Outer", "Index Name": "movie_id_cast_info", "Startup Cost": 0.0, "Total Cost": 1.01, "Plan Rows": 6, "Plan Width": 0, "Index Cond": "(movie_id = t.id)"}]}]}, {"Node Type": "Bitmap Heap Scan", "Parent Relationship": "Inner", "Relation Name": "name", "Alias": "n", "Startup Cost": 0.31, "Total Cost": 4.32, "Plan Rows": 1, "Plan Width": 4, "Recheck Cond": "(id = ci.person_id)", "Filter": "((gender IS NOT NULL) AND ((gender)::text = 'f'::text))", "Plans": [{"Node Type": "Bitmap Index Scan", "Parent Relationship": "Outer", "Index Name": "name_pkey", "Startup Cost": 0.0, "Total Cost": 0.31, "Plan Rows": 1, "Plan Width": 0, "Index Cond": "(id = ci.person_id)"}]}]}]}, "Unique SQL Id": 661781350, "Planner Runtime": 6}, "explain_analyze_plan": {"Plan": {"Node Type": "Aggregate", "Strategy": "Plain", "Startup Cost": 157086.07, "Total Cost": 157086.08, "Plan Rows": 1, "Plan Width": 160, "Actual Startup Time": 772.672, "Actual Total Time": 772.673, "Actual Rows": 1, "Actual Loops": 1, "Plans": [{"Node Type": "Nested Loop", "Parent Relationship": "Outer", "Join Type": "Inner", "Startup Cost": 7421.91, "Total Cost": 157084.43, "Plan Rows": 219, "Plan Width": 64, "Actual Startup Time": 434.6, "Actual Total Time": 772.602, "Actual Rows": 11, "Actual Loops": 1, "Inner Unique": true, "Plans": [{"Node Type": "Nested Loop", "Parent Relationship": "Outer", "Join Type": "Inner", "Startup Cost": 7421.6, "Total Cost": 155693.31, "Plan Rows": 321, "Plan Width": 68, "Actual Startup Time": 169.023, "Actual Total Time": 768.854, "Actual Rows": 268, "Actual Loops": 1, "Inner Unique": false, "Plans": [{"Node Type": "Nested Loop", "Parent Relationship": "Outer", "Join Type": "Inner", "Startup Cost": 7420.6, "Total Cost": 154200.13, "Plan Rows": 291, "Plan Width": 76, "Actual Startup Time": 83.828, "Actual Total Time": 721.9, "Actual Rows": 358, "Actual Loops": 1, "Inner Unique": false, "Join Filter": "(mi.info_type_id = it1.id)", "Rows Removed by Join Filter": 0, "Plans": [{"Node Type": "Seq Scan", "Parent Relationship": "Outer", "Relation Name": "info_type", "Alias": "it1", "Startup Cost": 0.0, "Total Cost": 2.4, "Plan Rows": 1, "Plan Width": 4, "Actual Startup Time": 0.045, "Actual Total Time": 0.082, "Actual Rows": 1, "Actual Loops": 1, "Filter": "((info)::text = 'genres'::text)", "Rows Removed by Filter": 111}, {"Node Type": "Nested Loop", "Parent Relationship": "Inner", "Join Type": "Inner", "Startup Cost": 7420.6, "Total Cost": 154025.82, "Plan Rows": 13753, "Plan Width": 80, "Actual Startup Time": 83.774, "Actual Total Time": 721.552, "Actual Rows": 358, "Actual Loops": 1, "Inner Unique": false, "Plans": [{"Node Type": "Nested Loop", "Parent Relationship": "Outer", "Join Type": "Inner", "Startup Cost": 7420.02, "Total Cost": 83886.56, "Plan Rows": 15041, "Plan Width": 30, "Actual Startup Time": 74.777, "Actual Total Time": 509.207, "Actual Rows": 6152, "Actual Loops": 1, "Inner Unique": true, "Plans": [{"Node Type": "Nested Loop", "Parent Relationship": "Outer", "Join Type": "Inner", "Startup Cost": 7419.04, "Total Cost": 19199.92, "Plan Rows": 12936, "Plan Width": 9, "Actual Startup Time": 72.767, "Actual Total Time": 380.691, "Actual Rows": 15849, "Actual Loops": 1, "Inner Unique": false, "Plans": [{"Node Type": "Seq Scan", "Parent Relationship": "Outer", "Relation Name": "info_type", "Alias": "it2", "Startup Cost": 0.0, "Total Cost": 2.4, "Plan Rows": 1, "Plan Width": 4, "Actual Startup Time": 0.044, "Actual Total Time": 0.065, "Actual Rows": 1, "Actual Loops": 1, "Filter": "((info)::text = 'rating'::text)", "Rows Removed by Filter": 111}, {"Node Type": "Bitmap Heap Scan", "Parent Relationship": "Inner", "Relation Name": "movie_info_idx", "Alias": "mi_idx", "Startup Cost": 7419.04, "Total Cost": 19068.16, "Plan Rows": 12936, "Plan Width": 13, "Actual Startup Time": 72.719, "Actual Total Time": 376.809, "Actual Rows": 15849, "Actual Loops": 1, "Recheck Cond": "(info_type_id = it2.id)", "Rows Removed by Index Recheck": 0, "Filter": "((info)::text > '8.0'::text)", "Rows Removed by Filter": 444076, "Exact Heap Blocks": 6472, "Lossy Heap Blocks": 6472, "Plans": [{"Node Type": "Bitmap Index Scan", "Parent Relationship": "Outer", "Index Name": "info_type_id_movie_info_idx", "Startup Cost": 0.0, "Total Cost": 7415.81, "Plan Rows": 345008, "Plan Width": 0, "Actual Startup Time": 71.415, "Actual Total Time": 71.415, "Actual Rows": 459925, "Actual Loops": 1, "Index Cond": "(info_type_id = it2.id)"}]}]}, {"Node Type": "Bitmap Heap Scan", "Parent Relationship": "Inner", "Relation Name": "title", "Alias": "t", "Startup Cost": 0.97, "Total Cost": 4.99, "Plan Rows": 1, "Plan Width": 21, "Actual Startup Time": 107.843, "Actual Total Time": 107.843, "Actual Rows": 6152, "Actual Loops": 15849, "Recheck Cond": "(id = mi_idx.movie_id)", "Rows Removed by Index Recheck": 0, "Filter": "((production_year >= 2008) AND (production_year <= 2014))", "Rows Removed by Filter": 9697, "Exact Heap Blocks": 15849, "Lossy Heap Blocks": 15849, "Plans": [{"Node Type": "Bitmap Index Scan", "Parent Relationship": "Outer", "Index Name": "title_pkey", "Startup Cost": 0.0, "Total Cost": 0.97, "Plan Rows": 1, "Plan Width": 0, "Actual Startup Time": 51.257, "Actual Total Time": 51.257, "Actual Rows": 15849, "Actual Loops": 15849, "Index Cond": "(id = mi_idx.movie_id)"}]}]}, {"Node Type": "Bitmap Heap Scan", "Parent Relationship": "Inner", "Relation Name": "movie_info", "Alias": "mi", "Startup Cost": 0.58, "Total Cost": 4.65, "Plan Rows": 1, "Plan Width": 50, "Actual Startup Time": 203.885, "Actual Total Time": 204.063, "Actual Rows": 358, "Actual Loops": 6152, "Recheck Cond": "(movie_id = t.id)", "Rows Removed by Index Recheck": 0, "Filter": "((note IS NULL) AND ((info)::text = ANY ('{Horror,Thriller}'::text[])))", "Rows Removed by Filter": 109599, "Exact Heap Blocks": 52726, "Lossy Heap Blocks": 52726, "Plans": [{"Node Type": "Bitmap Index Scan", "Parent Relationship": "Outer", "Index Name": "movie_id_movie_info", "Startup Cost": 0.0, "Total Cost": 0.58, "Plan Rows": 5, "Plan Width": 0, "Actual Startup Time": 46.751, "Actual Total Time": 46.751, "Actual Rows": 109957, "Actual Loops": 6152, "Index Cond": "(movie_id = t.id)"}]}]}]}, {"Node Type": "Bitmap Heap Scan", "Parent Relationship": "Inner", "Relation Name": "cast_info", "Alias": "ci", "Startup Cost": 1.01, "Total Cost": 5.12, "Plan Rows": 1, "Plan Width": 8, "Actual Startup Time": 37.12, "Actual Total Time": 46.053, "Actual Rows": 268, "Actual Loops": 358, "Recheck Cond": "(movie_id = t.id)", "Rows Removed by Index Recheck": 0, "Filter": "((note)::text = ANY ('{(writer),\"(head writer)\",\"(written by)\",(story),\"(story editor)\"}'::text[]))", "Rows Removed by Filter": 12296, "Exact Heap Blocks": 11454, "Lossy Heap Blocks": 11454, "Plans": [{"Node Type": "Bitmap Index Scan", "Parent Relationship": "Outer", "Index Name": "movie_id_cast_info", "Startup Cost": 0.0, "Total Cost": 1.01, "Plan Rows": 6, "Plan Width": 0, "Actual Startup Time": 6.148, "Actual Total Time": 6.148, "Actual Rows": 12564, "Actual Loops": 358, "Index Cond": "(movie_id = t.id)"}]}]}, {"Node Type": "Bitmap Heap Scan", "Parent Relationship": "Inner", "Relation Name": "name", "Alias": "n", "Startup Cost": 0.31, "Total Cost": 4.32, "Plan Rows": 1, "Plan Width": 4, "Actual Startup Time": 3.215, "Actual Total Time": 3.215, "Actual Rows": 11, "Actual Loops": 268, "Recheck Cond": "(id = ci.person_id)", "Rows Removed by Index Recheck": 0, "Filter": "((gender IS NOT NULL) AND ((gender)::text = 'f'::text))", "Rows Removed by Filter": 257, "Exact Heap Blocks": 268, "Lossy Heap Blocks": 268, "Plans": [{"Node Type": "Bitmap Index Scan", "Parent Relationship": "Outer", "Index Name": "name_pkey", "Startup Cost": 0.0, "Total Cost": 0.31, "Plan Rows": 1, "Plan Width": 0, "Actual Startup Time": 2.013, "Actual Total Time": 2.013, "Actual Rows": 268, "Actual Loops": 268, "Index Cond": "(id = ci.person_id)"}]}]}]}, "Triggers": [], "Planner Runtime": 24.695, "Total Runtime": 773.026, "Unique SQL Id": 661781350}}, "(1, '51')": {"explain_plan": {"Plan": {"Node Type": "Aggregate", "Strategy": "Plain", "Startup Cost": 1000198965418.13, "Total Cost": 1000198965418.14, "Plan Rows": 1, "Plan Width": 160, "Plans": [{"Node Type": "Nested Loop", "Parent Relationship": "Outer", "Join Type": "Inner", "Startup Cost": 10000000001.87, "Total Cost": 1000198965416.49, "Plan Rows": 219, "Plan Width": 64, "Inner Unique": true, "Plans": [{"Node Type": "Nested Loop", "Parent Relationship": "Outer", "Join Type": "Inner", "Startup Cost": 10000000001.56, "Total Cost": 1000198964025.37, "Plan Rows": 321, "Plan Width": 68, "Inner Unique": true, "Join Filter": "(mi.movie_id = t.id)", "Plans": [{"Node Type": "Nested Loop", "Parent Relationship": "Outer", "Join Type": "Inner", "Startup Cost": 10000000001.27, "Total Cost": 1000198962833.6, "Plan Rows": 276, "Plan Width": 63, "Inner Unique": true, "Plans": [{"Node Type": "Nested Loop", "Parent Relationship": "Outer", "Join Type": "Inner", "Startup Cost": 10000000001.01, "Total Cost": 1000198906787.99, "Plan Rows": 13086, "Plan Width": 67, "Inner Unique": false, "Join Filter": "(mi_idx.movie_id = mi.movie_id)", "Plans": [{"Node Type": "Nested Loop", "Parent Relationship": "Outer", "Join Type": "Inner", "Startup Cost": 10000000000.54, "Total Cost": 1000198841505.29, "Plan Rows": 14313, "Plan Width": 17, "Inner Unique": true, "Plans": [{"Node Type": "Nested Loop", "Parent Relationship": "Outer", "Join Type": "Inner", "Startup Cost": 10000000000.28, "Total Cost": 1000198596304.72, "Plan Rows": 57251, "Plan Width": 21, "Inner Unique": false, "Plans": [{"Node Type": "Index Scan", "Parent Relationship": "Outer", "Scan Direction": "Forward", "Index Name": "person_id_cast_info", "Relation Name": "cast_info", "Alias": "ci", "Startup Cost": 10000000000.0, "Total Cost": 1000193311016.96, "Plan Rows": 1223154, "Plan Width": 8, "Filter": "((note)::text = ANY ('{(writer),\"(head writer)\",\"(written by)\",(story),\"(story editor)\"}'::text[]))"}, {"Node Type": "Bitmap Heap Scan", "Parent Relationship": "Inner", "Relation Name": "movie_info_idx", "Alias": "mi_idx", "Startup Cost": 0.28, "Total Cost": 4.31, "Plan Rows": 1, "Plan Width": 13, "Recheck Cond": "(movie_id = ci.movie_id)", "Filter": "((info)::text > '8.0'::text)", "Plans": [{"Node Type": "Bitmap Index Scan", "Parent Relationship": "Outer", "Index Name": "movie_id_movie_info_idx", "Startup Cost": 0.0, "Total Cost": 0.28, "Plan Rows": 2, "Plan Width": 0, "Index Cond": "(movie_id = ci.movie_id)"}]}]}, {"Node Type": "Bitmap Heap Scan", "Parent Relationship": "Inner", "Relation Name": "info_type", "Alias": "it2", "Startup Cost": 0.26, "Total Cost": 4.27, "Plan Rows": 1, "Plan Width": 4, "Recheck Cond": "(id = mi_idx.info_type_id)", "Filter": "((info)::text = 'rating'::text)", "Plans": [{"Node Type": "Bitmap Index Scan", "Parent Relationship": "Outer", "Index Name": "info_type_pkey", "Startup Cost": 0.0, "Total Cost": 0.26, "Plan Rows": 1, "Plan Width": 0, "Index Cond": "(id = mi_idx.info_type_id)"}]}]}, {"Node Type": "Bitmap Heap Scan", "Parent Relationship": "Inner", "Relation Name": "movie_info", "Alias": "mi", "Startup Cost": 0.47, "Total Cost": 4.55, "Plan Rows": 1, "Plan Width": 50, "Recheck Cond": "(movie_id = ci.movie_id)", "Filter": "((note IS NULL) AND ((info)::text = ANY ('{Horror,Thriller}'::text[])))", "Plans": [{"Node Type": "Bitmap Index Scan", "Parent Relationship": "Outer", "Index Name": "movie_id_movie_info", "Startup Cost": 0.0, "Total Cost": 0.47, "Plan Rows": 5, "Plan Width": 0, "Index Cond": "(movie_id = ci.movie_id)"}]}]}, {"Node Type": "Bitmap Heap Scan", "Parent Relationship": "Inner", "Relation Name": "info_type", "Alias": "it1", "Startup Cost": 0.26, "Total Cost": 4.27, "Plan Rows": 1, "Plan Width": 4, "Recheck Cond": "(id = mi.info_type_id)", "Filter": "((info)::text = 'genres'::text)", "Plans": [{"Node Type": "Bitmap Index Scan", "Parent Relationship": "Outer", "Index Name": "info_type_pkey", "Startup Cost": 0.0, "Total Cost": 0.26, "Plan Rows": 1, "Plan Width": 0, "Index Cond": "(id = mi.info_type_id)"}]}]}, {"Node Type": "Bitmap Heap Scan", "Parent Relationship": "Inner", "Relation Name": "title", "Alias": "t", "Startup Cost": 0.29, "Total Cost": 4.31, "Plan Rows": 1, "Plan Width": 21, "Recheck Cond": "(id = ci.movie_id)", "Filter": "((production_year >= 2008) AND (production_year <= 2014))", "Plans": [{"Node Type": "Bitmap Index Scan", "Parent Relationship": "Outer", "Index Name": "title_pkey", "Startup Cost": 0.0, "Total Cost": 0.29, "Plan Rows": 1, "Plan Width": 0, "Index Cond": "(id = ci.movie_id)"}]}]}, {"Node Type": "Bitmap Heap Scan", "Parent Relationship": "Inner", "Relation Name": "name", "Alias": "n", "Startup Cost": 0.31, "Total Cost": 4.32, "Plan Rows": 1, "Plan Width": 4, "Recheck Cond": "(id = ci.person_id)", "Filter": "((gender IS NOT NULL) AND ((gender)::text = 'f'::text))", "Plans": [{"Node Type": "Bitmap Index Scan", "Parent Relationship": "Outer", "Index Name": "name_pkey", "Startup Cost": 0.0, "Total Cost": 0.31, "Plan Rows": 1, "Plan Width": 0, "Index Cond": "(id = ci.person_id)"}]}]}]}, "Unique SQL Id": 661781350, "Planner Runtime": 5}, "explain_analyze_plan": null}, "(1, '52')": {"explain_plan": {"Plan": {"Node Type": "Aggregate", "Strategy": "Plain", "Startup Cost": 84207.28, "Total Cost": 84207.29, "Plan Rows": 1, "Plan Width": 160, "Plans": [{"Node Type": "Nested Loop", "Parent Relationship": "Outer", "Join Type": "Inner", "Startup Cost": 7419.04, "Total Cost": 84205.64, "Plan Rows": 219, "Plan Width": 64, "Inner Unique": true, "Plans": [{"Node Type": "Nested Loop", "Parent Relationship": "Outer", "Join Type": "Inner", "Startup Cost": 7419.04, "Total Cost": 84044.65, "Plan Rows": 321, "Plan Width": 68, "Inner Unique": false, "Plans": [{"Node Type": "Nested Loop", "Parent Relationship": "Outer", "Join Type": "Inner", "Startup Cost": 7419.04, "Total Cost": 83359.62, "Plan Rows": 291, "Plan Width": 76, "Inner Unique": false, "Join Filter": "(mi.info_type_id = it1.id)", "Plans": [{"Node Type": "Seq Scan", "Parent Relationship": "Outer", "Relation Name": "info_type", "Alias": "it1", "Startup Cost": 0.0, "Total Cost": 2.4, "Plan Rows": 1, "Plan Width": 4, "Filter": "((info)::text = 'genres'::text)"}, {"Node Type": "Nested Loop", "Parent Relationship": "Inner", "Join Type": "Inner", "Startup Cost": 7419.04, "Total Cost": 83185.31, "Plan Rows": 13753, "Plan Width": 80, "Inner Unique": false, "Plans": [{"Node Type": "Nested Loop", "Parent Relationship": "Outer", "Join Type": "Inner", "Startup Cost": 7419.04, "Total Cost": 61813.18, "Plan Rows": 15041, "Plan Width": 30, "Inner Unique": true, "Plans": [{"Node Type": "Nested Loop", "Parent Relationship": "Outer", "Join Type": "Inner", "Startup Cost": 7419.04, "Total Cost": 19199.92, "Plan Rows": 12936, "Plan Width": 9, "Inner Unique": false, "Plans": [{"Node Type": "Seq Scan", "Parent Relationship": "Outer", "Relation Name": "info_type", "Alias": "it2", "Startup Cost": 0.0, "Total Cost": 2.4, "Plan Rows": 1, "Plan Width": 4, "Filter": "((info)::text = 'rating'::text)"}, {"Node Type": "Bitmap Heap Scan", "Parent Relationship": "Inner", "Relation Name": "movie_info_idx", "Alias": "mi_idx", "Startup Cost": 7419.04, "Total Cost": 19068.16, "Plan Rows": 12936, "Plan Width": 13, "Recheck Cond": "(info_type_id = it2.id)", "Filter": "((info)::text > '8.0'::text)", "Plans": [{"Node Type": "Bitmap Index Scan", "Parent Relationship": "Outer", "Index Name": "info_type_id_movie_info_idx", "Startup Cost": 0.0, "Total Cost": 7415.81, "Plan Rows": 345008, "Plan Width": 0, "Index Cond": "(info_type_id = it2.id)"}]}]}, {"Node Type": "Index Scan", "Parent Relationship": "Inner", "Scan Direction": "Forward", "Index Name": "title_pkey", "Relation Name": "title", "Alias": "t", "Startup Cost": 0.0, "Total Cost": 3.28, "Plan Rows": 1, "Plan Width": 21, "Index Cond": "(id = mi_idx.movie_id)", "Filter": "((production_year >= 2008) AND (production_year <= 2014))"}]}, {"Node Type": "Index Scan", "Parent Relationship": "Inner", "Scan Direction": "Forward", "Index Name": "movie_id_movie_info", "Relation Name": "movie_info", "Alias": "mi", "Startup Cost": 0.0, "Total Cost": 1.41, "Plan Rows": 1, "Plan Width": 50, "Index Cond": "(movie_id = t.id)", "Filter": "((note IS NULL) AND ((info)::text = ANY ('{Horror,Thriller}'::text[])))"}]}]}, {"Node Type": "Index Scan", "Parent Relationship": "Inner", "Scan Direction": "Forward", "Index Name": "movie_id_cast_info", "Relation Name": "cast_info", "Alias": "ci", "Startup Cost": 0.0, "Total Cost": 2.34, "Plan Rows": 1, "Plan Width": 8, "Index Cond": "(movie_id = t.id)", "Filter": "((note)::text = ANY ('{(writer),\"(head writer)\",\"(written by)\",(story),\"(story editor)\"}'::text[]))"}]}, {"Node Type": "Index Scan", "Parent Relationship": "Inner", "Scan Direction": "Forward", "Index Name": "name_pkey", "Relation Name": "name", "Alias": "n", "Startup Cost": 0.0, "Total Cost": 0.49, "Plan Rows": 1, "Plan Width": 4, "Index Cond": "(id = ci.person_id)", "Filter": "((gender IS NOT NULL) AND ((gender)::text = 'f'::text))"}]}]}, "Unique SQL Id": 661781350, "Planner Runtime": 5}, "explain_analyze_plan": {"Plan": {"Node Type": "Aggregate", "Strategy": "Plain", "Startup Cost": 84207.28, "Total Cost": 84207.29, "Plan Rows": 1, "Plan Width": 160, "Actual Startup Time": 571.433, "Actual Total Time": 571.434, "Actual Rows": 1, "Actual Loops": 1, "Plans": [{"Node Type": "Nested Loop", "Parent Relationship": "Outer", "Join Type": "Inner", "Startup Cost": 7419.04, "Total Cost": 84205.64, "Plan Rows": 219, "Plan Width": 64, "Actual Startup Time": 340.927, "Actual Total Time": 571.372, "Actual Rows": 11, "Actual Loops": 1, "Inner Unique": true, "Plans": [{"Node Type": "Nested Loop", "Parent Relationship": "Outer", "Join Type": "Inner", "Startup Cost": 7419.04, "Total Cost": 84044.65, "Plan Rows": 321, "Plan Width": 68, "Actual Startup Time": 156.562, "Actual Total Time": 569.19, "Actual Rows": 268, "Actual Loops": 1, "Inner Unique": false, "Plans": [{"Node Type": "Nested Loop", "Parent Relationship": "Outer", "Join Type": "Inner", "Startup Cost": 7419.04, "Total Cost": 83359.62, "Plan Rows": 291, "Plan Width": 76, "Actual Startup Time": 88.153, "Actual Total Time": 544.541, "Actual Rows": 358, "Actual Loops": 1, "Inner Unique": false, "Join Filter": "(mi.info_type_id = it1.id)", "Rows Removed by Join Filter": 0, "Plans": [{"Node Type": "Seq Scan", "Parent Relationship": "Outer", "Relation Name": "info_type", "Alias": "it1", "Startup Cost": 0.0, "Total Cost": 2.4, "Plan Rows": 1, "Plan Width": 4, "Actual Startup Time": 0.03, "Actual Total Time": 0.066, "Actual Rows": 1, "Actual Loops": 1, "Filter": "((info)::text = 'genres'::text)", "Rows Removed by Filter": 111}, {"Node Type": "Nested Loop", "Parent Relationship": "Inner", "Join Type": "Inner", "Startup Cost": 7419.04, "Total Cost": 83185.31, "Plan Rows": 13753, "Plan Width": 80, "Actual Startup Time": 88.113, "Actual Total Time": 544.249, "Actual Rows": 358, "Actual Loops": 1, "Inner Unique": false, "Plans": [{"Node Type": "Nested Loop", "Parent Relationship": "Outer", "Join Type": "Inner", "Startup Cost": 7419.04, "Total Cost": 61813.18, "Plan Rows": 15041, "Plan Width": 30, "Actual Startup Time": 79.89, "Actual Total Time": 404.387, "Actual Rows": 6152, "Actual Loops": 1, "Inner Unique": true, "Plans": [{"Node Type": "Nested Loop", "Parent Relationship": "Outer", "Join Type": "Inner", "Startup Cost": 7419.04, "Total Cost": 19199.92, "Plan Rows": 12936, "Plan Width": 9, "Actual Startup Time": 78.103, "Actual Total Time": 325.531, "Actual Rows": 15849, "Actual Loops": 1, "Inner Unique": false, "Plans": [{"Node Type": "Seq Scan", "Parent Relationship": "Outer", "Relation Name": "info_type", "Alias": "it2", "Startup Cost": 0.0, "Total Cost": 2.4, "Plan Rows": 1, "Plan Width": 4, "Actual Startup Time": 0.041, "Actual Total Time": 0.061, "Actual Rows": 1, "Actual Loops": 1, "Filter": "((info)::text = 'rating'::text)", "Rows Removed by Filter": 111}, {"Node Type": "Bitmap Heap Scan", "Parent Relationship": "Inner", "Relation Name": "movie_info_idx", "Alias": "mi_idx", "Startup Cost": 7419.04, "Total Cost": 19068.16, "Plan Rows": 12936, "Plan Width": 13, "Actual Startup Time": 78.058, "Actual Total Time": 321.813, "Actual Rows": 15849, "Actual Loops": 1, "Recheck Cond": "(info_type_id = it2.id)", "Rows Removed by Index Recheck": 0, "Filter": "((info)::text > '8.0'::text)", "Rows Removed by Filter": 444076, "Exact Heap Blocks": 6472, "Lossy Heap Blocks": 6472, "Plans": [{"Node Type": "Bitmap Index Scan", "Parent Relationship": "Outer", "Index Name": "info_type_id_movie_info_idx", "Startup Cost": 0.0, "Total Cost": 7415.81, "Plan Rows": 345008, "Plan Width": 0, "Actual Startup Time": 76.814, "Actual Total Time": 76.814, "Actual Rows": 459925, "Actual Loops": 1, "Index Cond": "(info_type_id = it2.id)"}]}]}, {"Node Type": "Index Scan", "Parent Relationship": "Inner", "Scan Direction": "Forward", "Index Name": "title_pkey", "Relation Name": "title", "Alias": "t", "Startup Cost": 0.0, "Total Cost": 3.28, "Plan Rows": 1, "Plan Width": 21, "Actual Startup Time": 68.995, "Actual Total Time": 68.995, "Actual Rows": 6152, "Actual Loops": 15849, "Index Cond": "(id = mi_idx.movie_id)", "Rows Removed by Index Recheck": 0, "Filter": "((production_year >= 2008) AND (production_year <= 2014))", "Rows Removed by Filter": 9697}]}, {"Node Type": "Index Scan", "Parent Relationship": "Inner", "Scan Direction": "Forward", "Index Name": "movie_id_movie_info", "Relation Name": "movie_info", "Alias": "mi", "Startup Cost": 0.0, "Total Cost": 1.41, "Plan Rows": 1, "Plan Width": 50, "Actual Startup Time": 136.216, "Actual Total Time": 136.521, "Actual Rows": 358, "Actual Loops": 6152, "Index Cond": "(movie_id = t.id)", "Rows Removed by Index Recheck": 0, "Filter": "((note IS NULL) AND ((info)::text = ANY ('{Horror,Thriller}'::text[])))", "Rows Removed by Filter": 109599}]}]}, {"Node Type": "Index Scan", "Parent Relationship": "Inner", "Scan Direction": "Forward", "Index Name": "movie_id_cast_info", "Relation Name": "cast_info", "Alias": "ci", "Startup Cost": 0.0, "Total Cost": 2.34, "Plan Rows": 1, "Plan Width": 8, "Actual Startup Time": 19.028, "Actual Total Time": 24.254, "Actual Rows": 268, "Actual Loops": 358, "Index Cond": "(movie_id = t.id)", "Rows Removed by Index Recheck": 0, "Filter": "((note)::text = ANY ('{(writer),\"(head writer)\",\"(written by)\",(story),\"(story editor)\"}'::text[]))", "Rows Removed by Filter": 12296}]}, {"Node Type": "Index Scan", "Parent Relationship": "Inner", "Scan Direction": "Forward", "Index Name": "name_pkey", "Relation Name": "name", "Alias": "n", "Startup Cost": 0.0, "Total Cost": 0.49, "Plan Rows": 1, "Plan Width": 4, "Actual Startup Time": 1.935, "Actual Total Time": 1.935, "Actual Rows": 11, "Actual Loops": 268, "Index Cond": "(id = ci.person_id)", "Rows Removed by Index Recheck": 0, "Filter": "((gender IS NOT NULL) AND ((gender)::text = 'f'::text))", "Rows Removed by Filter": 257}]}]}, "Triggers": [], "Planner Runtime": 22.994, "Total Runtime": 571.807, "Unique SQL Id": 661781350}}, "(1, '53')": {"explain_plan": {"Plan": {"Node Type": "Aggregate", "Strategy": "Plain", "Startup Cost": 84230.9, "Total Cost": 84230.91, "Plan Rows": 1, "Plan Width": 160, "Plans": [{"Node Type": "Nested Loop", "Parent Relationship": "Outer", "Join Type": "Inner", "Startup Cost": 7419.04, "Total Cost": 84229.26, "Plan Rows": 219, "Plan Width": 64, "Inner Unique": true, "Plans": [{"Node Type": "Nested Loop", "Parent Relationship": "Outer", "Join Type": "Inner", "Startup Cost": 7419.04, "Total Cost": 84068.27, "Plan Rows": 321, "Plan Width": 68, "Inner Unique": false, "Plans": [{"Node Type": "Nested Loop", "Parent Relationship": "Outer", "Join Type": "Inner", "Startup Cost": 7419.04, "Total Cost": 83383.24, "Plan Rows": 291, "Plan Width": 76, "Inner Unique": false, "Join Filter": "(mi.info_type_id = it1.id)", "Plans": [{"Node Type": "Index Scan", "Parent Relationship": "Outer", "Scan Direction": "Forward", "Index Name": "info_type_pkey", "Relation Name": "info_type", "Alias": "it1", "Startup Cost": 0.0, "Total Cost": 14.21, "Plan Rows": 1, "Plan Width": 4, "Filter": "((info)::text = 'genres'::text)"}, {"Node Type": "Nested Loop", "Parent Relationship": "Inner", "Join Type": "Inner", "Startup Cost": 7419.04, "Total Cost": 83197.12, "Plan Rows": 13753, "Plan Width": 80, "Inner Unique": false, "Plans": [{"Node Type": "Nested Loop", "Parent Relationship": "Outer", "Join Type": "Inner", "Startup Cost": 7419.04, "Total Cost": 61824.99, "Plan Rows": 15041, "Plan Width": 30, "Inner Unique": true, "Plans": [{"Node Type": "Nested Loop", "Parent Relationship": "Outer", "Join Type": "Inner", "Startup Cost": 7419.04, "Total Cost": 19211.73, "Plan Rows": 12936, "Plan Width": 9, "Inner Unique": false, "Plans": [{"Node Type": "Index Scan", "Parent Relationship": "Outer", "Scan Direction": "Forward", "Index Name": "info_type_pkey", "Relation Name": "info_type", "Alias": "it2", "Startup Cost": 0.0, "Total Cost": 14.21, "Plan Rows": 1, "Plan Width": 4, "Filter": "((info)::text = 'rating'::text)"}, {"Node Type": "Bitmap Heap Scan", "Parent Relationship": "Inner", "Relation Name": "movie_info_idx", "Alias": "mi_idx", "Startup Cost": 7419.04, "Total Cost": 19068.16, "Plan Rows": 12936, "Plan Width": 13, "Recheck Cond": "(info_type_id = it2.id)", "Filter": "((info)::text > '8.0'::text)", "Plans": [{"Node Type": "Bitmap Index Scan", "Parent Relationship": "Outer", "Index Name": "info_type_id_movie_info_idx", "Startup Cost": 0.0, "Total Cost": 7415.81, "Plan Rows": 345008, "Plan Width": 0, "Index Cond": "(info_type_id = it2.id)"}]}]}, {"Node Type": "Index Scan", "Parent Relationship": "Inner", "Scan Direction": "Forward", "Index Name": "title_pkey", "Relation Name": "title", "Alias": "t", "Startup Cost": 0.0, "Total Cost": 3.28, "Plan Rows": 1, "Plan Width": 21, "Index Cond": "(id = mi_idx.movie_id)", "Filter": "((production_year >= 2008) AND (production_year <= 2014))"}]}, {"Node Type": "Index Scan", "Parent Relationship": "Inner", "Scan Direction": "Forward", "Index Name": "movie_id_movie_info", "Relation Name": "movie_info", "Alias": "mi", "Startup Cost": 0.0, "Total Cost": 1.41, "Plan Rows": 1, "Plan Width": 50, "Index Cond": "(movie_id = t.id)", "Filter": "((note IS NULL) AND ((info)::text = ANY ('{Horror,Thriller}'::text[])))"}]}]}, {"Node Type": "Index Scan", "Parent Relationship": "Inner", "Scan Direction": "Forward", "Index Name": "movie_id_cast_info", "Relation Name": "cast_info", "Alias": "ci", "Startup Cost": 0.0, "Total Cost": 2.34, "Plan Rows": 1, "Plan Width": 8, "Index Cond": "(movie_id = t.id)", "Filter": "((note)::text = ANY ('{(writer),\"(head writer)\",\"(written by)\",(story),\"(story editor)\"}'::text[]))"}]}, {"Node Type": "Index Scan", "Parent Relationship": "Inner", "Scan Direction": "Forward", "Index Name": "name_pkey", "Relation Name": "name", "Alias": "n", "Startup Cost": 0.0, "Total Cost": 0.49, "Plan Rows": 1, "Plan Width": 4, "Index Cond": "(id = ci.person_id)", "Filter": "((gender IS NOT NULL) AND ((gender)::text = 'f'::text))"}]}]}, "Unique SQL Id": 661781350, "Planner Runtime": 5}, "explain_analyze_plan": {"Plan": {"Node Type": "Aggregate", "Strategy": "Plain", "Startup Cost": 84230.9, "Total Cost": 84230.91, "Plan Rows": 1, "Plan Width": 160, "Actual Startup Time": 642.245, "Actual Total Time": 642.245, "Actual Rows": 1, "Actual Loops": 1, "Plans": [{"Node Type": "Nested Loop", "Parent Relationship": "Outer", "Join Type": "Inner", "Startup Cost": 7419.04, "Total Cost": 84229.26, "Plan Rows": 219, "Plan Width": 64, "Actual Startup Time": 341.884, "Actual Total Time": 642.185, "Actual Rows": 11, "Actual Loops": 1, "Inner Unique": true, "Plans": [{"Node Type": "Nested Loop", "Parent Relationship": "Outer", "Join Type": "Inner", "Startup Cost": 7419.04, "Total Cost": 84068.27, "Plan Rows": 321, "Plan Width": 68, "Actual Startup Time": 137.798, "Actual Total Time": 639.27, "Actual Rows": 268, "Actual Loops": 1, "Inner Unique": false, "Plans": [{"Node Type": "Nested Loop", "Parent Relationship": "Outer", "Join Type": "Inner", "Startup Cost": 7419.04, "Total Cost": 83383.24, "Plan Rows": 291, "Plan Width": 76, "Actual Startup Time": 74.227, "Actual Total Time": 603.246, "Actual Rows": 358, "Actual Loops": 1, "Inner Unique": false, "Join Filter": "(mi.info_type_id = it1.id)", "Rows Removed by Join Filter": 0, "Plans": [{"Node Type": "Index Scan", "Parent Relationship": "Outer", "Scan Direction": "Forward", "Index Name": "info_type_pkey", "Relation Name": "info_type", "Alias": "it1", "Startup Cost": 0.0, "Total Cost": 14.21, "Plan Rows": 1, "Plan Width": 4, "Actual Startup Time": 0.026, "Actual Total Time": 0.084, "Actual Rows": 1, "Actual Loops": 1, "Filter": "((info)::text = 'genres'::text)", "Rows Removed by Filter": 111}, {"Node Type": "Nested Loop", "Parent Relationship": "Inner", "Join Type": "Inner", "Startup Cost": 7419.04, "Total Cost": 83197.12, "Plan Rows": 13753, "Plan Width": 80, "Actual Startup Time": 74.192, "Actual Total Time": 602.921, "Actual Rows": 358, "Actual Loops": 1, "Inner Unique": false, "Plans": [{"Node Type": "Nested Loop", "Parent Relationship": "Outer", "Join Type": "Inner", "Startup Cost": 7419.04, "Total Cost": 61824.99, "Plan Rows": 15041, "Plan Width": 30, "Actual Startup Time": 66.761, "Actual Total Time": 441.413, "Actual Rows": 6152, "Actual Loops": 1, "Inner Unique": true, "Plans": [{"Node Type": "Nested Loop", "Parent Relationship": "Outer", "Join Type": "Inner", "Startup Cost": 7419.04, "Total Cost": 19211.73, "Plan Rows": 12936, "Plan Width": 9, "Actual Startup Time": 65.136, "Actual Total Time": 351.488, "Actual Rows": 15849, "Actual Loops": 1, "Inner Unique": false, "Plans": [{"Node Type": "Index Scan", "Parent Relationship": "Outer", "Scan Direction": "Forward", "Index Name": "info_type_pkey", "Relation Name": "info_type", "Alias": "it2", "Startup Cost": 0.0, "Total Cost": 14.21, "Plan Rows": 1, "Plan Width": 4, "Actual Startup Time": 0.048, "Actual Total Time": 0.061, "Actual Rows": 1, "Actual Loops": 1, "Filter": "((info)::text = 'rating'::text)", "Rows Removed by Filter": 111}, {"Node Type": "Bitmap Heap Scan", "Parent Relationship": "Inner", "Relation Name": "movie_info_idx", "Alias": "mi_idx", "Startup Cost": 7419.04, "Total Cost": 19068.16, "Plan Rows": 12936, "Plan Width": 13, "Actual Startup Time": 65.081, "Actual Total Time": 347.903, "Actual Rows": 15849, "Actual Loops": 1, "Recheck Cond": "(info_type_id = it2.id)", "Rows Removed by Index Recheck": 0, "Filter": "((info)::text > '8.0'::text)", "Rows Removed by Filter": 444076, "Exact Heap Blocks": 6472, "Lossy Heap Blocks": 6472, "Plans": [{"Node Type": "Bitmap Index Scan", "Parent Relationship": "Outer", "Index Name": "info_type_id_movie_info_idx", "Startup Cost": 0.0, "Total Cost": 7415.81, "Plan Rows": 345008, "Plan Width": 0, "Actual Startup Time": 63.828, "Actual Total Time": 63.828, "Actual Rows": 459925, "Actual Loops": 1, "Index Cond": "(info_type_id = it2.id)"}]}]}, {"Node Type": "Index Scan", "Parent Relationship": "Inner", "Scan Direction": "Forward", "Index Name": "title_pkey", "Relation Name": "title", "Alias": "t", "Startup Cost": 0.0, "Total Cost": 3.28, "Plan Rows": 1, "Plan Width": 21, "Actual Startup Time": 79.873, "Actual Total Time": 79.873, "Actual Rows": 6152, "Actual Loops": 15849, "Index Cond": "(id = mi_idx.movie_id)", "Rows Removed by Index Recheck": 0, "Filter": "((production_year >= 2008) AND (production_year <= 2014))", "Rows Removed by Filter": 9697}]}, {"Node Type": "Index Scan", "Parent Relationship": "Inner", "Scan Direction": "Forward", "Index Name": "movie_id_movie_info", "Relation Name": "movie_info", "Alias": "mi", "Startup Cost": 0.0, "Total Cost": 1.41, "Plan Rows": 1, "Plan Width": 50, "Actual Startup Time": 157.796, "Actual Total Time": 158.095, "Actual Rows": 358, "Actual Loops": 6152, "Index Cond": "(movie_id = t.id)", "Rows Removed by Index Recheck": 0, "Filter": "((note IS NULL) AND ((info)::text = ANY ('{Horror,Thriller}'::text[])))", "Rows Removed by Filter": 109599}]}]}, {"Node Type": "Index Scan", "Parent Relationship": "Inner", "Scan Direction": "Forward", "Index Name": "movie_id_cast_info", "Relation Name": "cast_info", "Alias": "ci", "Startup Cost": 0.0, "Total Cost": 2.34, "Plan Rows": 1, "Plan Width": 8, "Actual Startup Time": 27.975, "Actual Total Time": 35.613, "Actual Rows": 268, "Actual Loops": 358, "Index Cond": "(movie_id = t.id)", "Rows Removed by Index Recheck": 0, "Filter": "((note)::text = ANY ('{(writer),\"(head writer)\",\"(written by)\",(story),\"(story editor)\"}'::text[]))", "Rows Removed by Filter": 12296}]}, {"Node Type": "Index Scan", "Parent Relationship": "Inner", "Scan Direction": "Forward", "Index Name": "name_pkey", "Relation Name": "name", "Alias": "n", "Startup Cost": 0.0, "Total Cost": 0.49, "Plan Rows": 1, "Plan Width": 4, "Actual Startup Time": 2.646, "Actual Total Time": 2.646, "Actual Rows": 11, "Actual Loops": 268, "Index Cond": "(id = ci.person_id)", "Rows Removed by Index Recheck": 0, "Filter": "((gender IS NOT NULL) AND ((gender)::text = 'f'::text))", "Rows Removed by Filter": 257}]}]}, "Triggers": [], "Planner Runtime": 16.979, "Total Runtime": 642.612, "Unique SQL Id": 661781350}}, "(1, '54')": {"explain_plan": {"Plan": {"Node Type": "Aggregate", "Strategy": "Plain", "Startup Cost": 157086.07, "Total Cost": 157086.08, "Plan Rows": 1, "Plan Width": 160, "Plans": [{"Node Type": "Nested Loop", "Parent Relationship": "Outer", "Join Type": "Inner", "Startup Cost": 7421.91, "Total Cost": 157084.43, "Plan Rows": 219, "Plan Width": 64, "Inner Unique": true, "Plans": [{"Node Type": "Nested Loop", "Parent Relationship": "Outer", "Join Type": "Inner", "Startup Cost": 7421.6, "Total Cost": 155693.31, "Plan Rows": 321, "Plan Width": 68, "Inner Unique": false, "Plans": [{"Node Type": "Nested Loop", "Parent Relationship": "Outer", "Join Type": "Inner", "Startup Cost": 7420.6, "Total Cost": 154200.13, "Plan Rows": 291, "Plan Width": 76, "Inner Unique": false, "Join Filter": "(mi.info_type_id = it1.id)", "Plans": [{"Node Type": "Seq Scan", "Parent Relationship": "Outer", "Relation Name": "info_type", "Alias": "it1", "Startup Cost": 0.0, "Total Cost": 2.4, "Plan Rows": 1, "Plan Width": 4, "Filter": "((info)::text = 'genres'::text)"}, {"Node Type": "Nested Loop", "Parent Relationship": "Inner", "Join Type": "Inner", "Startup Cost": 7420.6, "Total Cost": 154025.82, "Plan Rows": 13753, "Plan Width": 80, "Inner Unique": false, "Plans": [{"Node Type": "Nested Loop", "Parent Relationship": "Outer", "Join Type": "Inner", "Startup Cost": 7420.02, "Total Cost": 83886.56, "Plan Rows": 15041, "Plan Width": 30, "Inner Unique": true, "Plans": [{"Node Type": "Nested Loop", "Parent Relationship": "Outer", "Join Type": "Inner", "Startup Cost": 7419.04, "Total Cost": 19199.92, "Plan Rows": 12936, "Plan Width": 9, "Inner Unique": false, "Plans": [{"Node Type": "Seq Scan", "Parent Relationship": "Outer", "Relation Name": "info_type", "Alias": "it2", "Startup Cost": 0.0, "Total Cost": 2.4, "Plan Rows": 1, "Plan Width": 4, "Filter": "((info)::text = 'rating'::text)"}, {"Node Type": "Bitmap Heap Scan", "Parent Relationship": "Inner", "Relation Name": "movie_info_idx", "Alias": "mi_idx", "Startup Cost": 7419.04, "Total Cost": 19068.16, "Plan Rows": 12936, "Plan Width": 13, "Recheck Cond": "(info_type_id = it2.id)", "Filter": "((info)::text > '8.0'::text)", "Plans": [{"Node Type": "Bitmap Index Scan", "Parent Relationship": "Outer", "Index Name": "info_type_id_movie_info_idx", "Startup Cost": 0.0, "Total Cost": 7415.81, "Plan Rows": 345008, "Plan Width": 0, "Index Cond": "(info_type_id = it2.id)"}]}]}, {"Node Type": "Bitmap Heap Scan", "Parent Relationship": "Inner", "Relation Name": "title", "Alias": "t", "Startup Cost": 0.97, "Total Cost": 4.99, "Plan Rows": 1, "Plan Width": 21, "Recheck Cond": "(id = mi_idx.movie_id)", "Filter": "((production_year >= 2008) AND (production_year <= 2014))", "Plans": [{"Node Type": "Bitmap Index Scan", "Parent Relationship": "Outer", "Index Name": "title_pkey", "Startup Cost": 0.0, "Total Cost": 0.97, "Plan Rows": 1, "Plan Width": 0, "Index Cond": "(id = mi_idx.movie_id)"}]}]}, {"Node Type": "Bitmap Heap Scan", "Parent Relationship": "Inner", "Relation Name": "movie_info", "Alias": "mi", "Startup Cost": 0.58, "Total Cost": 4.65, "Plan Rows": 1, "Plan Width": 50, "Recheck Cond": "(movie_id = t.id)", "Filter": "((note IS NULL) AND ((info)::text = ANY ('{Horror,Thriller}'::text[])))", "Plans": [{"Node Type": "Bitmap Index Scan", "Parent Relationship": "Outer", "Index Name": "movie_id_movie_info", "Startup Cost": 0.0, "Total Cost": 0.58, "Plan Rows": 5, "Plan Width": 0, "Index Cond": "(movie_id = t.id)"}]}]}]}, {"Node Type": "Bitmap Heap Scan", "Parent Relationship": "Inner", "Relation Name": "cast_info", "Alias": "ci", "Startup Cost": 1.01, "Total Cost": 5.12, "Plan Rows": 1, "Plan Width": 8, "Recheck Cond": "(movie_id = t.id)", "Filter": "((note)::text = ANY ('{(writer),\"(head writer)\",\"(written by)\",(story),\"(story editor)\"}'::text[]))", "Plans": [{"Node Type": "Bitmap Index Scan", "Parent Relationship": "Outer", "Index Name": "movie_id_cast_info", "Startup Cost": 0.0, "Total Cost": 1.01, "Plan Rows": 6, "Plan Width": 0, "Index Cond": "(movie_id = t.id)"}]}]}, {"Node Type": "Bitmap Heap Scan", "Parent Relationship": "Inner", "Relation Name": "name", "Alias": "n", "Startup Cost": 0.31, "Total Cost": 4.32, "Plan Rows": 1, "Plan Width": 4, "Recheck Cond": "(id = ci.person_id)", "Filter": "((gender IS NOT NULL) AND ((gender)::text = 'f'::text))", "Plans": [{"Node Type": "Bitmap Index Scan", "Parent Relationship": "Outer", "Index Name": "name_pkey", "Startup Cost": 0.0, "Total Cost": 0.31, "Plan Rows": 1, "Plan Width": 0, "Index Cond": "(id = ci.person_id)"}]}]}]}, "Unique SQL Id": 661781350, "Planner Runtime": 6}, "explain_analyze_plan": {"Plan": {"Node Type": "Aggregate", "Strategy": "Plain", "Startup Cost": 157086.07, "Total Cost": 157086.08, "Plan Rows": 1, "Plan Width": 160, "Actual Startup Time": 772.672, "Actual Total Time": 772.673, "Actual Rows": 1, "Actual Loops": 1, "Plans": [{"Node Type": "Nested Loop", "Parent Relationship": "Outer", "Join Type": "Inner", "Startup Cost": 7421.91, "Total Cost": 157084.43, "Plan Rows": 219, "Plan Width": 64, "Actual Startup Time": 434.6, "Actual Total Time": 772.602, "Actual Rows": 11, "Actual Loops": 1, "Inner Unique": true, "Plans": [{"Node Type": "Nested Loop", "Parent Relationship": "Outer", "Join Type": "Inner", "Startup Cost": 7421.6, "Total Cost": 155693.31, "Plan Rows": 321, "Plan Width": 68, "Actual Startup Time": 169.023, "Actual Total Time": 768.854, "Actual Rows": 268, "Actual Loops": 1, "Inner Unique": false, "Plans": [{"Node Type": "Nested Loop", "Parent Relationship": "Outer", "Join Type": "Inner", "Startup Cost": 7420.6, "Total Cost": 154200.13, "Plan Rows": 291, "Plan Width": 76, "Actual Startup Time": 83.828, "Actual Total Time": 721.9, "Actual Rows": 358, "Actual Loops": 1, "Inner Unique": false, "Join Filter": "(mi.info_type_id = it1.id)", "Rows Removed by Join Filter": 0, "Plans": [{"Node Type": "Seq Scan", "Parent Relationship": "Outer", "Relation Name": "info_type", "Alias": "it1", "Startup Cost": 0.0, "Total Cost": 2.4, "Plan Rows": 1, "Plan Width": 4, "Actual Startup Time": 0.045, "Actual Total Time": 0.082, "Actual Rows": 1, "Actual Loops": 1, "Filter": "((info)::text = 'genres'::text)", "Rows Removed by Filter": 111}, {"Node Type": "Nested Loop", "Parent Relationship": "Inner", "Join Type": "Inner", "Startup Cost": 7420.6, "Total Cost": 154025.82, "Plan Rows": 13753, "Plan Width": 80, "Actual Startup Time": 83.774, "Actual Total Time": 721.552, "Actual Rows": 358, "Actual Loops": 1, "Inner Unique": false, "Plans": [{"Node Type": "Nested Loop", "Parent Relationship": "Outer", "Join Type": "Inner", "Startup Cost": 7420.02, "Total Cost": 83886.56, "Plan Rows": 15041, "Plan Width": 30, "Actual Startup Time": 74.777, "Actual Total Time": 509.207, "Actual Rows": 6152, "Actual Loops": 1, "Inner Unique": true, "Plans": [{"Node Type": "Nested Loop", "Parent Relationship": "Outer", "Join Type": "Inner", "Startup Cost": 7419.04, "Total Cost": 19199.92, "Plan Rows": 12936, "Plan Width": 9, "Actual Startup Time": 72.767, "Actual Total Time": 380.691, "Actual Rows": 15849, "Actual Loops": 1, "Inner Unique": false, "Plans": [{"Node Type": "Seq Scan", "Parent Relationship": "Outer", "Relation Name": "info_type", "Alias": "it2", "Startup Cost": 0.0, "Total Cost": 2.4, "Plan Rows": 1, "Plan Width": 4, "Actual Startup Time": 0.044, "Actual Total Time": 0.065, "Actual Rows": 1, "Actual Loops": 1, "Filter": "((info)::text = 'rating'::text)", "Rows Removed by Filter": 111}, {"Node Type": "Bitmap Heap Scan", "Parent Relationship": "Inner", "Relation Name": "movie_info_idx", "Alias": "mi_idx", "Startup Cost": 7419.04, "Total Cost": 19068.16, "Plan Rows": 12936, "Plan Width": 13, "Actual Startup Time": 72.719, "Actual Total Time": 376.809, "Actual Rows": 15849, "Actual Loops": 1, "Recheck Cond": "(info_type_id = it2.id)", "Rows Removed by Index Recheck": 0, "Filter": "((info)::text > '8.0'::text)", "Rows Removed by Filter": 444076, "Exact Heap Blocks": 6472, "Lossy Heap Blocks": 6472, "Plans": [{"Node Type": "Bitmap Index Scan", "Parent Relationship": "Outer", "Index Name": "info_type_id_movie_info_idx", "Startup Cost": 0.0, "Total Cost": 7415.81, "Plan Rows": 345008, "Plan Width": 0, "Actual Startup Time": 71.415, "Actual Total Time": 71.415, "Actual Rows": 459925, "Actual Loops": 1, "Index Cond": "(info_type_id = it2.id)"}]}]}, {"Node Type": "Bitmap Heap Scan", "Parent Relationship": "Inner", "Relation Name": "title", "Alias": "t", "Startup Cost": 0.97, "Total Cost": 4.99, "Plan Rows": 1, "Plan Width": 21, "Actual Startup Time": 107.843, "Actual Total Time": 107.843, "Actual Rows": 6152, "Actual Loops": 15849, "Recheck Cond": "(id = mi_idx.movie_id)", "Rows Removed by Index Recheck": 0, "Filter": "((production_year >= 2008) AND (production_year <= 2014))", "Rows Removed by Filter": 9697, "Exact Heap Blocks": 15849, "Lossy Heap Blocks": 15849, "Plans": [{"Node Type": "Bitmap Index Scan", "Parent Relationship": "Outer", "Index Name": "title_pkey", "Startup Cost": 0.0, "Total Cost": 0.97, "Plan Rows": 1, "Plan Width": 0, "Actual Startup Time": 51.257, "Actual Total Time": 51.257, "Actual Rows": 15849, "Actual Loops": 15849, "Index Cond": "(id = mi_idx.movie_id)"}]}]}, {"Node Type": "Bitmap Heap Scan", "Parent Relationship": "Inner", "Relation Name": "movie_info", "Alias": "mi", "Startup Cost": 0.58, "Total Cost": 4.65, "Plan Rows": 1, "Plan Width": 50, "Actual Startup Time": 203.885, "Actual Total Time": 204.063, "Actual Rows": 358, "Actual Loops": 6152, "Recheck Cond": "(movie_id = t.id)", "Rows Removed by Index Recheck": 0, "Filter": "((note IS NULL) AND ((info)::text = ANY ('{Horror,Thriller}'::text[])))", "Rows Removed by Filter": 109599, "Exact Heap Blocks": 52726, "Lossy Heap Blocks": 52726, "Plans": [{"Node Type": "Bitmap Index Scan", "Parent Relationship": "Outer", "Index Name": "movie_id_movie_info", "Startup Cost": 0.0, "Total Cost": 0.58, "Plan Rows": 5, "Plan Width": 0, "Actual Startup Time": 46.751, "Actual Total Time": 46.751, "Actual Rows": 109957, "Actual Loops": 6152, "Index Cond": "(movie_id = t.id)"}]}]}]}, {"Node Type": "Bitmap Heap Scan", "Parent Relationship": "Inner", "Relation Name": "cast_info", "Alias": "ci", "Startup Cost": 1.01, "Total Cost": 5.12, "Plan Rows": 1, "Plan Width": 8, "Actual Startup Time": 37.12, "Actual Total Time": 46.053, "Actual Rows": 268, "Actual Loops": 358, "Recheck Cond": "(movie_id = t.id)", "Rows Removed by Index Recheck": 0, "Filter": "((note)::text = ANY ('{(writer),\"(head writer)\",\"(written by)\",(story),\"(story editor)\"}'::text[]))", "Rows Removed by Filter": 12296, "Exact Heap Blocks": 11454, "Lossy Heap Blocks": 11454, "Plans": [{"Node Type": "Bitmap Index Scan", "Parent Relationship": "Outer", "Index Name": "movie_id_cast_info", "Startup Cost": 0.0, "Total Cost": 1.01, "Plan Rows": 6, "Plan Width": 0, "Actual Startup Time": 6.148, "Actual Total Time": 6.148, "Actual Rows": 12564, "Actual Loops": 358, "Index Cond": "(movie_id = t.id)"}]}]}, {"Node Type": "Bitmap Heap Scan", "Parent Relationship": "Inner", "Relation Name": "name", "Alias": "n", "Startup Cost": 0.31, "Total Cost": 4.32, "Plan Rows": 1, "Plan Width": 4, "Actual Startup Time": 3.215, "Actual Total Time": 3.215, "Actual Rows": 11, "Actual Loops": 268, "Recheck Cond": "(id = ci.person_id)", "Rows Removed by Index Recheck": 0, "Filter": "((gender IS NOT NULL) AND ((gender)::text = 'f'::text))", "Rows Removed by Filter": 257, "Exact Heap Blocks": 268, "Lossy Heap Blocks": 268, "Plans": [{"Node Type": "Bitmap Index Scan", "Parent Relationship": "Outer", "Index Name": "name_pkey", "Startup Cost": 0.0, "Total Cost": 0.31, "Plan Rows": 1, "Plan Width": 0, "Actual Startup Time": 2.013, "Actual Total Time": 2.013, "Actual Rows": 268, "Actual Loops": 268, "Index Cond": "(id = ci.person_id)"}]}]}]}, "Triggers": [], "Planner Runtime": 24.695, "Total Runtime": 773.026, "Unique SQL Id": 661781350}}, "(1, '55')": {"explain_plan": {"Plan": {"Node Type": "Aggregate", "Strategy": "Plain", "Startup Cost": 1000198965418.13, "Total Cost": 1000198965418.14, "Plan Rows": 1, "Plan Width": 160, "Plans": [{"Node Type": "Nested Loop", "Parent Relationship": "Outer", "Join Type": "Inner", "Startup Cost": 10000000001.87, "Total Cost": 1000198965416.49, "Plan Rows": 219, "Plan Width": 64, "Inner Unique": true, "Plans": [{"Node Type": "Nested Loop", "Parent Relationship": "Outer", "Join Type": "Inner", "Startup Cost": 10000000001.56, "Total Cost": 1000198964025.37, "Plan Rows": 321, "Plan Width": 68, "Inner Unique": true, "Join Filter": "(mi.movie_id = t.id)", "Plans": [{"Node Type": "Nested Loop", "Parent Relationship": "Outer", "Join Type": "Inner", "Startup Cost": 10000000001.27, "Total Cost": 1000198962833.6, "Plan Rows": 276, "Plan Width": 63, "Inner Unique": true, "Plans": [{"Node Type": "Nested Loop", "Parent Relationship": "Outer", "Join Type": "Inner", "Startup Cost": 10000000001.01, "Total Cost": 1000198906787.99, "Plan Rows": 13086, "Plan Width": 67, "Inner Unique": false, "Join Filter": "(mi_idx.movie_id = mi.movie_id)", "Plans": [{"Node Type": "Nested Loop", "Parent Relationship": "Outer", "Join Type": "Inner", "Startup Cost": 10000000000.54, "Total Cost": 1000198841505.29, "Plan Rows": 14313, "Plan Width": 17, "Inner Unique": true, "Plans": [{"Node Type": "Nested Loop", "Parent Relationship": "Outer", "Join Type": "Inner", "Startup Cost": 10000000000.28, "Total Cost": 1000198596304.72, "Plan Rows": 57251, "Plan Width": 21, "Inner Unique": false, "Plans": [{"Node Type": "Index Scan", "Parent Relationship": "Outer", "Scan Direction": "Forward", "Index Name": "person_id_cast_info", "Relation Name": "cast_info", "Alias": "ci", "Startup Cost": 10000000000.0, "Total Cost": 1000193311016.96, "Plan Rows": 1223154, "Plan Width": 8, "Filter": "((note)::text = ANY ('{(writer),\"(head writer)\",\"(written by)\",(story),\"(story editor)\"}'::text[]))"}, {"Node Type": "Bitmap Heap Scan", "Parent Relationship": "Inner", "Relation Name": "movie_info_idx", "Alias": "mi_idx", "Startup Cost": 0.28, "Total Cost": 4.31, "Plan Rows": 1, "Plan Width": 13, "Recheck Cond": "(movie_id = ci.movie_id)", "Filter": "((info)::text > '8.0'::text)", "Plans": [{"Node Type": "Bitmap Index Scan", "Parent Relationship": "Outer", "Index Name": "movie_id_movie_info_idx", "Startup Cost": 0.0, "Total Cost": 0.28, "Plan Rows": 2, "Plan Width": 0, "Index Cond": "(movie_id = ci.movie_id)"}]}]}, {"Node Type": "Bitmap Heap Scan", "Parent Relationship": "Inner", "Relation Name": "info_type", "Alias": "it2", "Startup Cost": 0.26, "Total Cost": 4.27, "Plan Rows": 1, "Plan Width": 4, "Recheck Cond": "(id = mi_idx.info_type_id)", "Filter": "((info)::text = 'rating'::text)", "Plans": [{"Node Type": "Bitmap Index Scan", "Parent Relationship": "Outer", "Index Name": "info_type_pkey", "Startup Cost": 0.0, "Total Cost": 0.26, "Plan Rows": 1, "Plan Width": 0, "Index Cond": "(id = mi_idx.info_type_id)"}]}]}, {"Node Type": "Bitmap Heap Scan", "Parent Relationship": "Inner", "Relation Name": "movie_info", "Alias": "mi", "Startup Cost": 0.47, "Total Cost": 4.55, "Plan Rows": 1, "Plan Width": 50, "Recheck Cond": "(movie_id = ci.movie_id)", "Filter": "((note IS NULL) AND ((info)::text = ANY ('{Horror,Thriller}'::text[])))", "Plans": [{"Node Type": "Bitmap Index Scan", "Parent Relationship": "Outer", "Index Name": "movie_id_movie_info", "Startup Cost": 0.0, "Total Cost": 0.47, "Plan Rows": 5, "Plan Width": 0, "Index Cond": "(movie_id = ci.movie_id)"}]}]}, {"Node Type": "Bitmap Heap Scan", "Parent Relationship": "Inner", "Relation Name": "info_type", "Alias": "it1", "Startup Cost": 0.26, "Total Cost": 4.27, "Plan Rows": 1, "Plan Width": 4, "Recheck Cond": "(id = mi.info_type_id)", "Filter": "((info)::text = 'genres'::text)", "Plans": [{"Node Type": "Bitmap Index Scan", "Parent Relationship": "Outer", "Index Name": "info_type_pkey", "Startup Cost": 0.0, "Total Cost": 0.26, "Plan Rows": 1, "Plan Width": 0, "Index Cond": "(id = mi.info_type_id)"}]}]}, {"Node Type": "Bitmap Heap Scan", "Parent Relationship": "Inner", "Relation Name": "title", "Alias": "t", "Startup Cost": 0.29, "Total Cost": 4.31, "Plan Rows": 1, "Plan Width": 21, "Recheck Cond": "(id = ci.movie_id)", "Filter": "((production_year >= 2008) AND (production_year <= 2014))", "Plans": [{"Node Type": "Bitmap Index Scan", "Parent Relationship": "Outer", "Index Name": "title_pkey", "Startup Cost": 0.0, "Total Cost": 0.29, "Plan Rows": 1, "Plan Width": 0, "Index Cond": "(id = ci.movie_id)"}]}]}, {"Node Type": "Bitmap Heap Scan", "Parent Relationship": "Inner", "Relation Name": "name", "Alias": "n", "Startup Cost": 0.31, "Total Cost": 4.32, "Plan Rows": 1, "Plan Width": 4, "Recheck Cond": "(id = ci.person_id)", "Filter": "((gender IS NOT NULL) AND ((gender)::text = 'f'::text))", "Plans": [{"Node Type": "Bitmap Index Scan", "Parent Relationship": "Outer", "Index Name": "name_pkey", "Startup Cost": 0.0, "Total Cost": 0.31, "Plan Rows": 1, "Plan Width": 0, "Index Cond": "(id = ci.person_id)"}]}]}]}, "Unique SQL Id": 661781350, "Planner Runtime": 5}, "explain_analyze_plan": null}, "(1, '56')": {"explain_plan": {"Plan": {"Node Type": "Aggregate", "Strategy": "Plain", "Startup Cost": 89381.01, "Total Cost": 89381.02, "Plan Rows": 1, "Plan Width": 160, "Plans": [{"Node Type": "Nested Loop", "Parent Relationship": "Outer", "Join Type": "Inner", "Startup Cost": 0.0, "Total Cost": 89379.36, "Plan Rows": 219, "Plan Width": 64, "Inner Unique": true, "Plans": [{"Node Type": "Nested Loop", "Parent Relationship": "Outer", "Join Type": "Inner", "Startup Cost": 0.0, "Total Cost": 89218.37, "Plan Rows": 321, "Plan Width": 68, "Inner Unique": false, "Plans": [{"Node Type": "Nested Loop", "Parent Relationship": "Outer", "Join Type": "Inner", "Startup Cost": 0.0, "Total Cost": 88533.35, "Plan Rows": 291, "Plan Width": 76, "Inner Unique": false, "Join Filter": "(mi.info_type_id = it1.id)", "Plans": [{"Node Type": "Seq Scan", "Parent Relationship": "Outer", "Relation Name": "info_type", "Alias": "it1", "Startup Cost": 0.0, "Total Cost": 2.4, "Plan Rows": 1, "Plan Width": 4, "Filter": "((info)::text = 'genres'::text)"}, {"Node Type": "Nested Loop", "Parent Relationship": "Inner", "Join Type": "Inner", "Startup Cost": 0.0, "Total Cost": 88359.04, "Plan Rows": 13753, "Plan Width": 80, "Inner Unique": false, "Plans": [{"Node Type": "Nested Loop", "Parent Relationship": "Outer", "Join Type": "Inner", "Startup Cost": 0.0, "Total Cost": 66986.91, "Plan Rows": 15041, "Plan Width": 30, "Inner Unique": true, "Plans": [{"Node Type": "Nested Loop", "Parent Relationship": "Outer", "Join Type": "Inner", "Startup Cost": 0.0, "Total Cost": 24373.65, "Plan Rows": 12936, "Plan Width": 9, "Inner Unique": false, "Join Filter": "(it2.id = mi_idx.info_type_id)", "Plans": [{"Node Type": "Seq Scan", "Parent Relationship": "Outer", "Relation Name": "info_type", "Alias": "it2", "Startup Cost": 0.0, "Total Cost": 2.4, "Plan Rows": 1, "Plan Width": 4, "Filter": "((info)::text = 'rating'::text)"}, {"Node Type": "Seq Scan", "Parent Relationship": "Inner", "Relation Name": "movie_info_idx", "Alias": "mi_idx", "Startup Cost": 0.0, "Total Cost": 23724.42, "Plan Rows": 51746, "Plan Width": 13, "Filter": "((info)::text > '8.0'::text)"}]}, {"Node Type": "Index Scan", "Parent Relationship": "Inner", "Scan Direction": "Forward", "Index Name": "title_pkey", "Relation Name": "title", "Alias": "t", "Startup Cost": 0.0, "Total Cost": 3.28, "Plan Rows": 1, "Plan Width": 21, "Index Cond": "(id = mi_idx.movie_id)", "Filter": "((production_year >= 2008) AND (production_year <= 2014))"}]}, {"Node Type": "Index Scan", "Parent Relationship": "Inner", "Scan Direction": "Forward", "Index Name": "movie_id_movie_info", "Relation Name": "movie_info", "Alias": "mi", "Startup Cost": 0.0, "Total Cost": 1.41, "Plan Rows": 1, "Plan Width": 50, "Index Cond": "(movie_id = t.id)", "Filter": "((note IS NULL) AND ((info)::text = ANY ('{Horror,Thriller}'::text[])))"}]}]}, {"Node Type": "Index Scan", "Parent Relationship": "Inner", "Scan Direction": "Forward", "Index Name": "movie_id_cast_info", "Relation Name": "cast_info", "Alias": "ci", "Startup Cost": 0.0, "Total Cost": 2.34, "Plan Rows": 1, "Plan Width": 8, "Index Cond": "(movie_id = t.id)", "Filter": "((note)::text = ANY ('{(writer),\"(head writer)\",\"(written by)\",(story),\"(story editor)\"}'::text[]))"}]}, {"Node Type": "Index Scan", "Parent Relationship": "Inner", "Scan Direction": "Forward", "Index Name": "name_pkey", "Relation Name": "name", "Alias": "n", "Startup Cost": 0.0, "Total Cost": 0.49, "Plan Rows": 1, "Plan Width": 4, "Index Cond": "(id = ci.person_id)", "Filter": "((gender IS NOT NULL) AND ((gender)::text = 'f'::text))"}]}]}, "Unique SQL Id": 661781350, "Planner Runtime": 5}, "explain_analyze_plan": {"Plan": {"Node Type": "Aggregate", "Strategy": "Plain", "Startup Cost": 89381.01, "Total Cost": 89381.02, "Plan Rows": 1, "Plan Width": 160, "Actual Startup Time": 819.532, "Actual Total Time": 819.533, "Actual Rows": 1, "Actual Loops": 1, "Plans": [{"Node Type": "Nested Loop", "Parent Relationship": "Outer", "Join Type": "Inner", "Startup Cost": 0.0, "Total Cost": 89379.36, "Plan Rows": 219, "Plan Width": 64, "Actual Startup Time": 400.767, "Actual Total Time": 819.459, "Actual Rows": 11, "Actual Loops": 1, "Inner Unique": true, "Plans": [{"Node Type": "Nested Loop", "Parent Relationship": "Outer", "Join Type": "Inner", "Startup Cost": 0.0, "Total Cost": 89218.37, "Plan Rows": 321, "Plan Width": 68, "Actual Startup Time": 115.249, "Actual Total Time": 817.308, "Actual Rows": 268, "Actual Loops": 1, "Inner Unique": false, "Plans": [{"Node Type": "Nested Loop", "Parent Relationship": "Outer", "Join Type": "Inner", "Startup Cost": 0.0, "Total Cost": 88533.35, "Plan Rows": 291, "Plan Width": 76, "Actual Startup Time": 14.979, "Actual Total Time": 792.122, "Actual Rows": 358, "Actual Loops": 1, "Inner Unique": false, "Join Filter": "(mi.info_type_id = it1.id)", "Rows Removed by Join Filter": 0, "Plans": [{"Node Type": "Seq Scan", "Parent Relationship": "Outer", "Relation Name": "info_type", "Alias": "it1", "Startup Cost": 0.0, "Total Cost": 2.4, "Plan Rows": 1, "Plan Width": 4, "Actual Startup Time": 0.036, "Actual Total Time": 0.078, "Actual Rows": 1, "Actual Loops": 1, "Filter": "((info)::text = 'genres'::text)", "Rows Removed by Filter": 111}, {"Node Type": "Nested Loop", "Parent Relationship": "Inner", "Join Type": "Inner", "Startup Cost": 0.0, "Total Cost": 88359.04, "Plan Rows": 13753, "Plan Width": 80, "Actual Startup Time": 14.935, "Actual Total Time": 791.811, "Actual Rows": 358, "Actual Loops": 1, "Inner Unique": false, "Plans": [{"Node Type": "Nested Loop", "Parent Relationship": "Outer", "Join Type": "Inner", "Startup Cost": 0.0, "Total Cost": 66986.91, "Plan Rows": 15041, "Plan Width": 30, "Actual Startup Time": 2.748, "Actual Total Time": 648.015, "Actual Rows": 6152, "Actual Loops": 1, "Inner Unique": true, "Plans": [{"Node Type": "Nested Loop", "Parent Relationship": "Outer", "Join Type": "Inner", "Startup Cost": 0.0, "Total Cost": 24373.65, "Plan Rows": 12936, "Plan Width": 9, "Actual Startup Time": 0.138, "Actual Total Time": 565.084, "Actual Rows": 15849, "Actual Loops": 1, "Inner Unique": false, "Join Filter": "(it2.id = mi_idx.info_type_id)", "Rows Removed by Join Filter": 37800, "Plans": [{"Node Type": "Seq Scan", "Parent Relationship": "Outer", "Relation Name": "info_type", "Alias": "it2", "Startup Cost": 0.0, "Total Cost": 2.4, "Plan Rows": 1, "Plan Width": 4, "Actual Startup Time": 0.043, "Actual Total Time": 0.058, "Actual Rows": 1, "Actual Loops": 1, "Filter": "((info)::text = 'rating'::text)", "Rows Removed by Filter": 111}, {"Node Type": "Seq Scan", "Parent Relationship": "Inner", "Relation Name": "movie_info_idx", "Alias": "mi_idx", "Startup Cost": 0.0, "Total Cost": 23724.42, "Plan Rows": 51746, "Plan Width": 13, "Actual Startup Time": 0.091, "Actual Total Time": 550.192, "Actual Rows": 53649, "Actual Loops": 1, "Filter": "((info)::text > '8.0'::text)", "Rows Removed by Filter": 1326385}]}, {"Node Type": "Index Scan", "Parent Relationship": "Inner", "Scan Direction": "Forward", "Index Name": "title_pkey", "Relation Name": "title", "Alias": "t", "Startup Cost": 0.0, "Total Cost": 3.28, "Plan Rows": 1, "Plan Width": 21, "Actual Startup Time": 72.547, "Actual Total Time": 72.547, "Actual Rows": 6152, "Actual Loops": 15849, "Index Cond": "(id = mi_idx.movie_id)", "Rows Removed by Index Recheck": 0, "Filter": "((production_year >= 2008) AND (production_year <= 2014))", "Rows Removed by Filter": 9697}]}, {"Node Type": "Index Scan", "Parent Relationship": "Inner", "Scan Direction": "Forward", "Index Name": "movie_id_movie_info", "Relation Name": "movie_info", "Alias": "mi", "Startup Cost": 0.0, "Total Cost": 1.41, "Plan Rows": 1, "Plan Width": 50, "Actual Startup Time": 140.157, "Actual Total Time": 140.436, "Actual Rows": 358, "Actual Loops": 6152, "Index Cond": "(movie_id = t.id)", "Rows Removed by Index Recheck": 0, "Filter": "((note IS NULL) AND ((info)::text = ANY ('{Horror,Thriller}'::text[])))", "Rows Removed by Filter": 109599}]}]}, {"Node Type": "Index Scan", "Parent Relationship": "Inner", "Scan Direction": "Forward", "Index Name": "movie_id_cast_info", "Relation Name": "cast_info", "Alias": "ci", "Startup Cost": 0.0, "Total Cost": 2.34, "Plan Rows": 1, "Plan Width": 8, "Actual Startup Time": 19.56, "Actual Total Time": 24.789, "Actual Rows": 268, "Actual Loops": 358, "Index Cond": "(movie_id = t.id)", "Rows Removed by Index Recheck": 0, "Filter": "((note)::text = ANY ('{(writer),\"(head writer)\",\"(written by)\",(story),\"(story editor)\"}'::text[]))", "Rows Removed by Filter": 12296}]}, {"Node Type": "Index Scan", "Parent Relationship": "Inner", "Scan Direction": "Forward", "Index Name": "name_pkey", "Relation Name": "name", "Alias": "n", "Startup Cost": 0.0, "Total Cost": 0.49, "Plan Rows": 1, "Plan Width": 4, "Actual Startup Time": 1.936, "Actual Total Time": 1.936, "Actual Rows": 11, "Actual Loops": 268, "Index Cond": "(id = ci.person_id)", "Rows Removed by Index Recheck": 0, "Filter": "((gender IS NOT NULL) AND ((gender)::text = 'f'::text))", "Rows Removed by Filter": 257}]}]}, "Triggers": [], "Planner Runtime": 21.815, "Total Runtime": 819.864, "Unique SQL Id": 661781350}}, "(1, '57')": {"explain_plan": {"Plan": {"Node Type": "Aggregate", "Strategy": "Plain", "Startup Cost": 100899.17, "Total Cost": 100899.18, "Plan Rows": 1, "Plan Width": 160, "Plans": [{"Node Type": "Nested Loop", "Parent Relationship": "Outer", "Join Type": "Inner", "Startup Cost": 0.0, "Total Cost": 100897.52, "Plan Rows": 219, "Plan Width": 64, "Inner Unique": true, "Plans": [{"Node Type": "Nested Loop", "Parent Relationship": "Outer", "Join Type": "Inner", "Startup Cost": 0.0, "Total Cost": 100736.53, "Plan Rows": 321, "Plan Width": 68, "Inner Unique": false, "Plans": [{"Node Type": "Nested Loop", "Parent Relationship": "Outer", "Join Type": "Inner", "Startup Cost": 0.0, "Total Cost": 100051.51, "Plan Rows": 291, "Plan Width": 76, "Inner Unique": false, "Join Filter": "(mi.info_type_id = it1.id)", "Plans": [{"Node Type": "Index Scan", "Parent Relationship": "Outer", "Scan Direction": "Forward", "Index Name": "info_type_pkey", "Relation Name": "info_type", "Alias": "it1", "Startup Cost": 0.0, "Total Cost": 14.21, "Plan Rows": 1, "Plan Width": 4, "Filter": "((info)::text = 'genres'::text)"}, {"Node Type": "Nested Loop", "Parent Relationship": "Inner", "Join Type": "Inner", "Startup Cost": 0.0, "Total Cost": 99865.39, "Plan Rows": 13753, "Plan Width": 80, "Inner Unique": false, "Plans": [{"Node Type": "Nested Loop", "Parent Relationship": "Outer", "Join Type": "Inner", "Startup Cost": 0.0, "Total Cost": 78493.26, "Plan Rows": 15041, "Plan Width": 30, "Inner Unique": true, "Plans": [{"Node Type": "Nested Loop", "Parent Relationship": "Outer", "Join Type": "Inner", "Startup Cost": 0.0, "Total Cost": 35880.0, "Plan Rows": 12936, "Plan Width": 9, "Inner Unique": false, "Plans": [{"Node Type": "Index Scan", "Parent Relationship": "Outer", "Scan Direction": "Forward", "Index Name": "info_type_pkey", "Relation Name": "info_type", "Alias": "it2", "Startup Cost": 0.0, "Total Cost": 14.21, "Plan Rows": 1, "Plan Width": 4, "Filter": "((info)::text = 'rating'::text)"}, {"Node Type": "Index Scan", "Parent Relationship": "Inner", "Scan Direction": "Forward", "Index Name": "info_type_id_movie_info_idx", "Relation Name": "movie_info_idx", "Alias": "mi_idx", "Startup Cost": 0.0, "Total Cost": 35736.43, "Plan Rows": 12936, "Plan Width": 13, "Index Cond": "(info_type_id = it2.id)", "Filter": "((info)::text > '8.0'::text)"}]}, {"Node Type": "Index Scan", "Parent Relationship": "Inner", "Scan Direction": "Forward", "Index Name": "title_pkey", "Relation Name": "title", "Alias": "t", "Startup Cost": 0.0, "Total Cost": 3.28, "Plan Rows": 1, "Plan Width": 21, "Index Cond": "(id = mi_idx.movie_id)", "Filter": "((production_year >= 2008) AND (production_year <= 2014))"}]}, {"Node Type": "Index Scan", "Parent Relationship": "Inner", "Scan Direction": "Forward", "Index Name": "movie_id_movie_info", "Relation Name": "movie_info", "Alias": "mi", "Startup Cost": 0.0, "Total Cost": 1.41, "Plan Rows": 1, "Plan Width": 50, "Index Cond": "(movie_id = t.id)", "Filter": "((note IS NULL) AND ((info)::text = ANY ('{Horror,Thriller}'::text[])))"}]}]}, {"Node Type": "Index Scan", "Parent Relationship": "Inner", "Scan Direction": "Forward", "Index Name": "movie_id_cast_info", "Relation Name": "cast_info", "Alias": "ci", "Startup Cost": 0.0, "Total Cost": 2.34, "Plan Rows": 1, "Plan Width": 8, "Index Cond": "(movie_id = t.id)", "Filter": "((note)::text = ANY ('{(writer),\"(head writer)\",\"(written by)\",(story),\"(story editor)\"}'::text[]))"}]}, {"Node Type": "Index Scan", "Parent Relationship": "Inner", "Scan Direction": "Forward", "Index Name": "name_pkey", "Relation Name": "name", "Alias": "n", "Startup Cost": 0.0, "Total Cost": 0.49, "Plan Rows": 1, "Plan Width": 4, "Index Cond": "(id = ci.person_id)", "Filter": "((gender IS NOT NULL) AND ((gender)::text = 'f'::text))"}]}]}, "Unique SQL Id": 661781350, "Planner Runtime": 5}, "explain_analyze_plan": {"Plan": {"Node Type": "Aggregate", "Strategy": "Plain", "Startup Cost": 100899.17, "Total Cost": 100899.18, "Plan Rows": 1, "Plan Width": 160, "Actual Startup Time": 576.408, "Actual Total Time": 576.408, "Actual Rows": 1, "Actual Loops": 1, "Plans": [{"Node Type": "Nested Loop", "Parent Relationship": "Outer", "Join Type": "Inner", "Startup Cost": 0.0, "Total Cost": 100897.52, "Plan Rows": 219, "Plan Width": 64, "Actual Startup Time": 298.008, "Actual Total Time": 576.345, "Actual Rows": 11, "Actual Loops": 1, "Inner Unique": true, "Plans": [{"Node Type": "Nested Loop", "Parent Relationship": "Outer", "Join Type": "Inner", "Startup Cost": 0.0, "Total Cost": 100736.53, "Plan Rows": 321, "Plan Width": 68, "Actual Startup Time": 85.756, "Actual Total Time": 574.144, "Actual Rows": 268, "Actual Loops": 1, "Inner Unique": false, "Plans": [{"Node Type": "Nested Loop", "Parent Relationship": "Outer", "Join Type": "Inner", "Startup Cost": 0.0, "Total Cost": 100051.51, "Plan Rows": 291, "Plan Width": 76, "Actual Startup Time": 10.351, "Actual Total Time": 549.304, "Actual Rows": 358, "Actual Loops": 1, "Inner Unique": false, "Join Filter": "(mi.info_type_id = it1.id)", "Rows Removed by Join Filter": 0, "Plans": [{"Node Type": "Index Scan", "Parent Relationship": "Outer", "Scan Direction": "Forward", "Index Name": "info_type_pkey", "Relation Name": "info_type", "Alias": "it1", "Startup Cost": 0.0, "Total Cost": 14.21, "Plan Rows": 1, "Plan Width": 4, "Actual Startup Time": 0.027, "Actual Total Time": 0.075, "Actual Rows": 1, "Actual Loops": 1, "Filter": "((info)::text = 'genres'::text)", "Rows Removed by Filter": 111}, {"Node Type": "Nested Loop", "Parent Relationship": "Inner", "Join Type": "Inner", "Startup Cost": 0.0, "Total Cost": 99865.39, "Plan Rows": 13753, "Plan Width": 80, "Actual Startup Time": 10.315, "Actual Total Time": 548.982, "Actual Rows": 358, "Actual Loops": 1, "Inner Unique": false, "Plans": [{"Node Type": "Nested Loop", "Parent Relationship": "Outer", "Join Type": "Inner", "Startup Cost": 0.0, "Total Cost": 78493.26, "Plan Rows": 15041, "Plan Width": 30, "Actual Startup Time": 1.953, "Actual Total Time": 407.856, "Actual Rows": 6152, "Actual Loops": 1, "Inner Unique": true, "Plans": [{"Node Type": "Nested Loop", "Parent Relationship": "Outer", "Join Type": "Inner", "Startup Cost": 0.0, "Total Cost": 35880.0, "Plan Rows": 12936, "Plan Width": 9, "Actual Startup Time": 0.094, "Actual Total Time": 326.399, "Actual Rows": 15849, "Actual Loops": 1, "Inner Unique": false, "Plans": [{"Node Type": "Index Scan", "Parent Relationship": "Outer", "Scan Direction": "Forward", "Index Name": "info_type_pkey", "Relation Name": "info_type", "Alias": "it2", "Startup Cost": 0.0, "Total Cost": 14.21, "Plan Rows": 1, "Plan Width": 4, "Actual Startup Time": 0.053, "Actual Total Time": 0.061, "Actual Rows": 1, "Actual Loops": 1, "Filter": "((info)::text = 'rating'::text)", "Rows Removed by Filter": 111}, {"Node Type": "Index Scan", "Parent Relationship": "Inner", "Scan Direction": "Forward", "Index Name": "info_type_id_movie_info_idx", "Relation Name": "movie_info_idx", "Alias": "mi_idx", "Startup Cost": 0.0, "Total Cost": 35736.43, "Plan Rows": 12936, "Plan Width": 13, "Actual Startup Time": 0.039, "Actual Total Time": 322.683, "Actual Rows": 15849, "Actual Loops": 1, "Index Cond": "(info_type_id = it2.id)", "Rows Removed by Index Recheck": 0, "Filter": "((info)::text > '8.0'::text)", "Rows Removed by Filter": 444076}]}, {"Node Type": "Index Scan", "Parent Relationship": "Inner", "Scan Direction": "Forward", "Index Name": "title_pkey", "Relation Name": "title", "Alias": "t", "Startup Cost": 0.0, "Total Cost": 3.28, "Plan Rows": 1, "Plan Width": 21, "Actual Startup Time": 70.824, "Actual Total Time": 70.824, "Actual Rows": 6152, "Actual Loops": 15849, "Index Cond": "(id = mi_idx.movie_id)", "Rows Removed by Index Recheck": 0, "Filter": "((production_year >= 2008) AND (production_year <= 2014))", "Rows Removed by Filter": 9697}]}, {"Node Type": "Index Scan", "Parent Relationship": "Inner", "Scan Direction": "Forward", "Index Name": "movie_id_movie_info", "Relation Name": "movie_info", "Alias": "mi", "Startup Cost": 0.0, "Total Cost": 1.41, "Plan Rows": 1, "Plan Width": 50, "Actual Startup Time": 137.298, "Actual Total Time": 137.605, "Actual Rows": 358, "Actual Loops": 6152, "Index Cond": "(movie_id = t.id)", "Rows Removed by Index Recheck": 0, "Filter": "((note IS NULL) AND ((info)::text = ANY ('{Horror,Thriller}'::text[])))", "Rows Removed by Filter": 109599}]}]}, {"Node Type": "Index Scan", "Parent Relationship": "Inner", "Scan Direction": "Forward", "Index Name": "movie_id_cast_info", "Relation Name": "cast_info", "Alias": "ci", "Startup Cost": 0.0, "Total Cost": 2.34, "Plan Rows": 1, "Plan Width": 8, "Actual Startup Time": 19.232, "Actual Total Time": 24.394, "Actual Rows": 268, "Actual Loops": 358, "Index Cond": "(movie_id = t.id)", "Rows Removed by Index Recheck": 0, "Filter": "((note)::text = ANY ('{(writer),\"(head writer)\",\"(written by)\",(story),\"(story editor)\"}'::text[]))", "Rows Removed by Filter": 12296}]}, {"Node Type": "Index Scan", "Parent Relationship": "Inner", "Scan Direction": "Forward", "Index Name": "name_pkey", "Relation Name": "name", "Alias": "n", "Startup Cost": 0.0, "Total Cost": 0.49, "Plan Rows": 1, "Plan Width": 4, "Actual Startup Time": 1.923, "Actual Total Time": 1.923, "Actual Rows": 11, "Actual Loops": 268, "Index Cond": "(id = ci.person_id)", "Rows Removed by Index Recheck": 0, "Filter": "((gender IS NOT NULL) AND ((gender)::text = 'f'::text))", "Rows Removed by Filter": 257}]}]}, "Triggers": [], "Planner Runtime": 15.928, "Total Runtime": 576.736, "Unique SQL Id": 661781350}}, "(1, '58')": {"explain_plan": {"Plan": {"Node Type": "Aggregate", "Strategy": "Plain", "Startup Cost": 10930836.35, "Total Cost": 10930836.36, "Plan Rows": 1, "Plan Width": 160, "Plans": [{"Node Type": "Nested Loop", "Parent Relationship": "Outer", "Join Type": "Inner", "Startup Cost": 331.36, "Total Cost": 10930834.7, "Plan Rows": 219, "Plan Width": 64, "Inner Unique": false, "Join Filter": "(mi.movie_id = t.id)", "Plans": [{"Node Type": "Seq Scan", "Parent Relationship": "Outer", "Relation Name": "title", "Alias": "t", "Startup Cost": 331.36, "Total Cost": 72710.67, "Plan Rows": 782553, "Plan Width": 21, "Filter": "((production_year >= 2008) AND (production_year <= 2014)), (LLVM Optimized)"}, {"Node Type": "Materialize", "Parent Relationship": "Inner", "Startup Cost": 0.0, "Total Cost": 8651325.05, "Plan Rows": 188, "Plan Width": 59, "Plans": [{"Node Type": "Nested Loop", "Parent Relationship": "Outer", "Join Type": "Inner", "Startup Cost": 0.0, "Total Cost": 8651324.11, "Plan Rows": 188, "Plan Width": 59, "Inner Unique": false, "Join Filter": "(ci.person_id = n.id)", "Plans": [{"Node Type": "Seq Scan", "Parent Relationship": "Outer", "Relation Name": "name", "Alias": "n", "Startup Cost": 0.0, "Total Cost": 103490.62, "Plan Rows": 624324, "Plan Width": 4, "Filter": "((gender IS NOT NULL) AND ((gender)::text = 'f'::text)), (LLVM Optimized)"}, {"Node Type": "Materialize", "Parent Relationship": "Inner", "Startup Cost": 0.0, "Total Cost": 5963132.81, "Plan Rows": 276, "Plan Width": 63, "Plans": [{"Node Type": "Nested Loop", "Parent Relationship": "Outer", "Join Type": "Inner", "Startup Cost": 0.0, "Total Cost": 5963131.43, "Plan Rows": 276, "Plan Width": 63, "Inner Unique": false, "Join Filter": "(mi.movie_id = ci.movie_id)", "Plans": [{"Node Type": "Seq Scan", "Parent Relationship": "Outer", "Relation Name": "cast_info", "Alias": "ci", "Startup Cost": 0.0, "Total Cost": 828499.78, "Plan Rows": 1223154, "Plan Width": 8, "Filter": "((note)::text = ANY ('{(writer),\"(head writer)\",\"(written by)\",(story),\"(story editor)\"}'::text[]))"}, {"Node Type": "Materialize", "Parent Relationship": "Inner", "Startup Cost": 0.0, "Total Cost": 547804.78, "Plan Rows": 250, "Plan Width": 55, "Plans": [{"Node Type": "Nested Loop", "Parent Relationship": "Outer", "Join Type": "Inner", "Startup Cost": 0.0, "Total Cost": 547803.53, "Plan Rows": 250, "Plan Width": 55, "Inner Unique": false, "Join Filter": "(mi.movie_id = mi_idx.movie_id)", "Plans": [{"Node Type": "Nested Loop", "Parent Relationship": "Outer", "Join Type": "Inner", "Startup Cost": 0.0, "Total Cost": 24373.65, "Plan Rows": 12936, "Plan Width": 9, "Inner Unique": false, "Join Filter": "(it2.id = mi_idx.info_type_id)", "Plans": [{"Node Type": "Seq Scan", "Parent Relationship": "Outer", "Relation Name": "info_type", "Alias": "it2", "Startup Cost": 0.0, "Total Cost": 2.4, "Plan Rows": 1, "Plan Width": 4, "Filter": "((info)::text = 'rating'::text)"}, {"Node Type": "Seq Scan", "Parent Relationship": "Inner", "Relation Name": "movie_info_idx", "Alias": "mi_idx", "Startup Cost": 0.0, "Total Cost": 23724.42, "Plan Rows": 51746, "Plan Width": 13, "Filter": "((info)::text > '8.0'::text)"}]}, {"Node Type": "Materialize", "Parent Relationship": "Inner", "Startup Cost": 0.0, "Total Cost": 335019.47, "Plan Rows": 971, "Plan Width": 46, "Plans": [{"Node Type": "Nested Loop", "Parent Relationship": "Outer", "Join Type": "Inner", "Startup Cost": 0.0, "Total Cost": 335014.61, "Plan Rows": 971, "Plan Width": 46, "Inner Unique": false, "Join Filter": "(it1.id = mi.info_type_id)", "Plans": [{"Node Type": "Seq Scan", "Parent Relationship": "Outer", "Relation Name": "info_type", "Alias": "it1", "Startup Cost": 0.0, "Total Cost": 2.4, "Plan Rows": 1, "Plan Width": 4, "Filter": "((info)::text = 'genres'::text)"}, {"Node Type": "Seq Scan", "Parent Relationship": "Inner", "Relation Name": "movie_info", "Alias": "mi", "Startup Cost": 0.0, "Total Cost": 334162.58, "Plan Rows": 67971, "Plan Width": 50, "Filter": "((note IS NULL) AND ((info)::text = ANY ('{Horror,Thriller}'::text[])))"}]}]}]}]}]}]}]}]}]}]}, "Unique SQL Id": 661781350, "Planner Runtime": 5}, "explain_analyze_plan": null}, "(1, '59')": {"explain_plan": {"Plan": {"Node Type": "Aggregate", "Strategy": "Plain", "Startup Cost": 7000346357848.23, "Total Cost": 7000346357848.24, "Plan Rows": 1, "Plan Width": 160, "Plans": [{"Node Type": "Nested Loop", "Parent Relationship": "Outer", "Join Type": "Inner", "Startup Cost": 70000000000.0, "Total Cost": 7000346357846.58, "Plan Rows": 219, "Plan Width": 64, "Inner Unique": false, "Join Filter": "(mi.movie_id = t.id)", "Plans": [{"Node Type": "Index Scan", "Parent Relationship": "Outer", "Scan Direction": "Forward", "Index Name": "title_pkey", "Relation Name": "title", "Alias": "t", "Startup Cost": 10000000000.0, "Total Cost": 1000012276204.41, "Plan Rows": 782553, "Plan Width": 21, "Filter": "((production_year >= 2008) AND (production_year <= 2014)), (LLVM Optimized)"}, {"Node Type": "Materialize", "Parent Relationship": "Inner", "Startup Cost": 60000000000.0, "Total Cost": 6000331874843.18, "Plan Rows": 188, "Plan Width": 59, "Plans": [{"Node Type": "Nested Loop", "Parent Relationship": "Outer", "Join Type": "Inner", "Startup Cost": 60000000000.0, "Total Cost": 6000331874842.24, "Plan Rows": 188, "Plan Width": 59, "Inner Unique": true, "Join Filter": "(ci.person_id = n.id)", "Plans": [{"Node Type": "Nested Loop", "Parent Relationship": "Outer", "Join Type": "Inner", "Startup Cost": 50000000000.0, "Total Cost": 5000310623432.87, "Plan Rows": 276, "Plan Width": 63, "Inner Unique": false, "Join Filter": "(mi.movie_id = ci.movie_id)", "Plans": [{"Node Type": "Nested Loop", "Parent Relationship": "Outer", "Join Type": "Inner", "Startup Cost": 40000000000.0, "Total Cost": 4000112722530.52, "Plan Rows": 250, "Plan Width": 55, "Inner Unique": false, "Join Filter": "(mi.movie_id = mi_idx.movie_id)", "Plans": [{"Node Type": "Nested Loop", "Parent Relationship": "Outer", "Join Type": "Inner", "Startup Cost": 20000000000.0, "Total Cost": 2000107536844.28, "Plan Rows": 971, "Plan Width": 46, "Inner Unique": true, "Join Filter": "(it1.id = mi.info_type_id)", "Plans": [{"Node Type": "Index Scan", "Parent Relationship": "Outer", "Scan Direction": "Forward", "Index Name": "movie_id_movie_info", "Relation Name": "movie_info", "Alias": "mi", "Startup Cost": 10000000000.0, "Total Cost": 1000107534403.72, "Plan Rows": 67971, "Plan Width": 50, "Filter": "((note IS NULL) AND ((info)::text = ANY ('{Horror,Thriller}'::text[])))"}, {"Node Type": "Materialize", "Parent Relationship": "Inner", "Startup Cost": 10000000000.0, "Total Cost": 1000000001421.0, "Plan Rows": 1, "Plan Width": 4, "Plans": [{"Node Type": "Index Scan", "Parent Relationship": "Outer", "Scan Direction": "Forward", "Index Name": "info_type_pkey", "Relation Name": "info_type", "Alias": "it1", "Startup Cost": 10000000000.0, "Total Cost": 1000000001421.0, "Plan Rows": 1, "Plan Width": 4, "Filter": "((info)::text = 'genres'::text)"}]}]}, {"Node Type": "Materialize", "Parent Relationship": "Inner", "Startup Cost": 20000000000.0, "Total Cost": 2000004997305.74, "Plan Rows": 12936, "Plan Width": 9, "Plans": [{"Node Type": "Nested Loop", "Parent Relationship": "Outer", "Join Type": "Inner", "Startup Cost": 20000000000.0, "Total Cost": 2000004997241.06, "Plan Rows": 12936, "Plan Width": 9, "Inner Unique": true, "Join Filter": "(it2.id = mi_idx.info_type_id)", "Plans": [{"Node Type": "Index Scan", "Parent Relationship": "Outer", "Scan Direction": "Forward", "Index Name": "movie_id_movie_info_idx", "Relation Name": "movie_info_idx", "Alias": "mi_idx", "Startup Cost": 10000000000.0, "Total Cost": 1000004995043.87, "Plan Rows": 51746, "Plan Width": 13, "Filter": "((info)::text > '8.0'::text)"}, {"Node Type": "Materialize", "Parent Relationship": "Inner", "Startup Cost": 10000000000.0, "Total Cost": 1000000001421.0, "Plan Rows": 1, "Plan Width": 4, "Plans": [{"Node Type": "Index Scan", "Parent Relationship": "Outer", "Scan Direction": "Forward", "Index Name": "info_type_pkey", "Relation Name": "info_type", "Alias": "it2", "Startup Cost": 10000000000.0, "Total Cost": 1000000001421.0, "Plan Rows": 1, "Plan Width": 4, "Filter": "((info)::text = 'rating'::text)"}]}]}]}]}, {"Node Type": "Materialize", "Parent Relationship": "Inner", "Startup Cost": 10000000000.0, "Total Cost": 1000193317132.73, "Plan Rows": 1223154, "Plan Width": 8, "Plans": [{"Node Type": "Index Scan", "Parent Relationship": "Outer", "Scan Direction": "Forward", "Index Name": "person_id_cast_info", "Relation Name": "cast_info", "Alias": "ci", "Startup Cost": 10000000000.0, "Total Cost": 1000193311016.96, "Plan Rows": 1223154, "Plan Width": 8, "Filter": "((note)::text = ANY ('{(writer),\"(head writer)\",\"(written by)\",(story),\"(story editor)\"}'::text[]))"}]}]}, {"Node Type": "Materialize", "Parent Relationship": "Inner", "Startup Cost": 10000000000.0, "Total Cost": 1000018668268.82, "Plan Rows": 624324, "Plan Width": 4, "Plans": [{"Node Type": "Index Scan", "Parent Relationship": "Outer", "Scan Direction": "Forward", "Index Name": "name_pkey", "Relation Name": "name", "Alias": "n", "Startup Cost": 10000000000.0, "Total Cost": 1000018665147.2, "Plan Rows": 624324, "Plan Width": 4, "Filter": "((gender IS NOT NULL) AND ((gender)::text = 'f'::text)), (LLVM Optimized)"}]}]}]}]}]}, "Unique SQL Id": 661781350, "Planner Runtime": 5}, "explain_analyze_plan": null}, "(1, '60')": {"explain_plan": {"Plan": {"Node Type": "Aggregate", "Strategy": "Plain", "Startup Cost": 89381.01, "Total Cost": 89381.02, "Plan Rows": 1, "Plan Width": 160, "Plans": [{"Node Type": "Nested Loop", "Parent Relationship": "Outer", "Join Type": "Inner", "Startup Cost": 0.0, "Total Cost": 89379.36, "Plan Rows": 219, "Plan Width": 64, "Inner Unique": true, "Plans": [{"Node Type": "Nested Loop", "Parent Relationship": "Outer", "Join Type": "Inner", "Startup Cost": 0.0, "Total Cost": 89218.37, "Plan Rows": 321, "Plan Width": 68, "Inner Unique": false, "Plans": [{"Node Type": "Nested Loop", "Parent Relationship": "Outer", "Join Type": "Inner", "Startup Cost": 0.0, "Total Cost": 88533.35, "Plan Rows": 291, "Plan Width": 76, "Inner Unique": false, "Join Filter": "(mi.info_type_id = it1.id)", "Plans": [{"Node Type": "Seq Scan", "Parent Relationship": "Outer", "Relation Name": "info_type", "Alias": "it1", "Startup Cost": 0.0, "Total Cost": 2.4, "Plan Rows": 1, "Plan Width": 4, "Filter": "((info)::text = 'genres'::text)"}, {"Node Type": "Nested Loop", "Parent Relationship": "Inner", "Join Type": "Inner", "Startup Cost": 0.0, "Total Cost": 88359.04, "Plan Rows": 13753, "Plan Width": 80, "Inner Unique": false, "Plans": [{"Node Type": "Nested Loop", "Parent Relationship": "Outer", "Join Type": "Inner", "Startup Cost": 0.0, "Total Cost": 66986.91, "Plan Rows": 15041, "Plan Width": 30, "Inner Unique": true, "Plans": [{"Node Type": "Nested Loop", "Parent Relationship": "Outer", "Join Type": "Inner", "Startup Cost": 0.0, "Total Cost": 24373.65, "Plan Rows": 12936, "Plan Width": 9, "Inner Unique": false, "Join Filter": "(it2.id = mi_idx.info_type_id)", "Plans": [{"Node Type": "Seq Scan", "Parent Relationship": "Outer", "Relation Name": "info_type", "Alias": "it2", "Startup Cost": 0.0, "Total Cost": 2.4, "Plan Rows": 1, "Plan Width": 4, "Filter": "((info)::text = 'rating'::text)"}, {"Node Type": "Seq Scan", "Parent Relationship": "Inner", "Relation Name": "movie_info_idx", "Alias": "mi_idx", "Startup Cost": 0.0, "Total Cost": 23724.42, "Plan Rows": 51746, "Plan Width": 13, "Filter": "((info)::text > '8.0'::text)"}]}, {"Node Type": "Index Scan", "Parent Relationship": "Inner", "Scan Direction": "Forward", "Index Name": "title_pkey", "Relation Name": "title", "Alias": "t", "Startup Cost": 0.0, "Total Cost": 3.28, "Plan Rows": 1, "Plan Width": 21, "Index Cond": "(id = mi_idx.movie_id)", "Filter": "((production_year >= 2008) AND (production_year <= 2014))"}]}, {"Node Type": "Index Scan", "Parent Relationship": "Inner", "Scan Direction": "Forward", "Index Name": "movie_id_movie_info", "Relation Name": "movie_info", "Alias": "mi", "Startup Cost": 0.0, "Total Cost": 1.41, "Plan Rows": 1, "Plan Width": 50, "Index Cond": "(movie_id = t.id)", "Filter": "((note IS NULL) AND ((info)::text = ANY ('{Horror,Thriller}'::text[])))"}]}]}, {"Node Type": "Index Scan", "Parent Relationship": "Inner", "Scan Direction": "Forward", "Index Name": "movie_id_cast_info", "Relation Name": "cast_info", "Alias": "ci", "Startup Cost": 0.0, "Total Cost": 2.34, "Plan Rows": 1, "Plan Width": 8, "Index Cond": "(movie_id = t.id)", "Filter": "((note)::text = ANY ('{(writer),\"(head writer)\",\"(written by)\",(story),\"(story editor)\"}'::text[]))"}]}, {"Node Type": "Index Scan", "Parent Relationship": "Inner", "Scan Direction": "Forward", "Index Name": "name_pkey", "Relation Name": "name", "Alias": "n", "Startup Cost": 0.0, "Total Cost": 0.49, "Plan Rows": 1, "Plan Width": 4, "Index Cond": "(id = ci.person_id)", "Filter": "((gender IS NOT NULL) AND ((gender)::text = 'f'::text))"}]}]}, "Unique SQL Id": 661781350, "Planner Runtime": 5}, "explain_analyze_plan": {"Plan": {"Node Type": "Aggregate", "Strategy": "Plain", "Startup Cost": 89381.01, "Total Cost": 89381.02, "Plan Rows": 1, "Plan Width": 160, "Actual Startup Time": 819.532, "Actual Total Time": 819.533, "Actual Rows": 1, "Actual Loops": 1, "Plans": [{"Node Type": "Nested Loop", "Parent Relationship": "Outer", "Join Type": "Inner", "Startup Cost": 0.0, "Total Cost": 89379.36, "Plan Rows": 219, "Plan Width": 64, "Actual Startup Time": 400.767, "Actual Total Time": 819.459, "Actual Rows": 11, "Actual Loops": 1, "Inner Unique": true, "Plans": [{"Node Type": "Nested Loop", "Parent Relationship": "Outer", "Join Type": "Inner", "Startup Cost": 0.0, "Total Cost": 89218.37, "Plan Rows": 321, "Plan Width": 68, "Actual Startup Time": 115.249, "Actual Total Time": 817.308, "Actual Rows": 268, "Actual Loops": 1, "Inner Unique": false, "Plans": [{"Node Type": "Nested Loop", "Parent Relationship": "Outer", "Join Type": "Inner", "Startup Cost": 0.0, "Total Cost": 88533.35, "Plan Rows": 291, "Plan Width": 76, "Actual Startup Time": 14.979, "Actual Total Time": 792.122, "Actual Rows": 358, "Actual Loops": 1, "Inner Unique": false, "Join Filter": "(mi.info_type_id = it1.id)", "Rows Removed by Join Filter": 0, "Plans": [{"Node Type": "Seq Scan", "Parent Relationship": "Outer", "Relation Name": "info_type", "Alias": "it1", "Startup Cost": 0.0, "Total Cost": 2.4, "Plan Rows": 1, "Plan Width": 4, "Actual Startup Time": 0.036, "Actual Total Time": 0.078, "Actual Rows": 1, "Actual Loops": 1, "Filter": "((info)::text = 'genres'::text)", "Rows Removed by Filter": 111}, {"Node Type": "Nested Loop", "Parent Relationship": "Inner", "Join Type": "Inner", "Startup Cost": 0.0, "Total Cost": 88359.04, "Plan Rows": 13753, "Plan Width": 80, "Actual Startup Time": 14.935, "Actual Total Time": 791.811, "Actual Rows": 358, "Actual Loops": 1, "Inner Unique": false, "Plans": [{"Node Type": "Nested Loop", "Parent Relationship": "Outer", "Join Type": "Inner", "Startup Cost": 0.0, "Total Cost": 66986.91, "Plan Rows": 15041, "Plan Width": 30, "Actual Startup Time": 2.748, "Actual Total Time": 648.015, "Actual Rows": 6152, "Actual Loops": 1, "Inner Unique": true, "Plans": [{"Node Type": "Nested Loop", "Parent Relationship": "Outer", "Join Type": "Inner", "Startup Cost": 0.0, "Total Cost": 24373.65, "Plan Rows": 12936, "Plan Width": 9, "Actual Startup Time": 0.138, "Actual Total Time": 565.084, "Actual Rows": 15849, "Actual Loops": 1, "Inner Unique": false, "Join Filter": "(it2.id = mi_idx.info_type_id)", "Rows Removed by Join Filter": 37800, "Plans": [{"Node Type": "Seq Scan", "Parent Relationship": "Outer", "Relation Name": "info_type", "Alias": "it2", "Startup Cost": 0.0, "Total Cost": 2.4, "Plan Rows": 1, "Plan Width": 4, "Actual Startup Time": 0.043, "Actual Total Time": 0.058, "Actual Rows": 1, "Actual Loops": 1, "Filter": "((info)::text = 'rating'::text)", "Rows Removed by Filter": 111}, {"Node Type": "Seq Scan", "Parent Relationship": "Inner", "Relation Name": "movie_info_idx", "Alias": "mi_idx", "Startup Cost": 0.0, "Total Cost": 23724.42, "Plan Rows": 51746, "Plan Width": 13, "Actual Startup Time": 0.091, "Actual Total Time": 550.192, "Actual Rows": 53649, "Actual Loops": 1, "Filter": "((info)::text > '8.0'::text)", "Rows Removed by Filter": 1326385}]}, {"Node Type": "Index Scan", "Parent Relationship": "Inner", "Scan Direction": "Forward", "Index Name": "title_pkey", "Relation Name": "title", "Alias": "t", "Startup Cost": 0.0, "Total Cost": 3.28, "Plan Rows": 1, "Plan Width": 21, "Actual Startup Time": 72.547, "Actual Total Time": 72.547, "Actual Rows": 6152, "Actual Loops": 15849, "Index Cond": "(id = mi_idx.movie_id)", "Rows Removed by Index Recheck": 0, "Filter": "((production_year >= 2008) AND (production_year <= 2014))", "Rows Removed by Filter": 9697}]}, {"Node Type": "Index Scan", "Parent Relationship": "Inner", "Scan Direction": "Forward", "Index Name": "movie_id_movie_info", "Relation Name": "movie_info", "Alias": "mi", "Startup Cost": 0.0, "Total Cost": 1.41, "Plan Rows": 1, "Plan Width": 50, "Actual Startup Time": 140.157, "Actual Total Time": 140.436, "Actual Rows": 358, "Actual Loops": 6152, "Index Cond": "(movie_id = t.id)", "Rows Removed by Index Recheck": 0, "Filter": "((note IS NULL) AND ((info)::text = ANY ('{Horror,Thriller}'::text[])))", "Rows Removed by Filter": 109599}]}]}, {"Node Type": "Index Scan", "Parent Relationship": "Inner", "Scan Direction": "Forward", "Index Name": "movie_id_cast_info", "Relation Name": "cast_info", "Alias": "ci", "Startup Cost": 0.0, "Total Cost": 2.34, "Plan Rows": 1, "Plan Width": 8, "Actual Startup Time": 19.56, "Actual Total Time": 24.789, "Actual Rows": 268, "Actual Loops": 358, "Index Cond": "(movie_id = t.id)", "Rows Removed by Index Recheck": 0, "Filter": "((note)::text = ANY ('{(writer),\"(head writer)\",\"(written by)\",(story),\"(story editor)\"}'::text[]))", "Rows Removed by Filter": 12296}]}, {"Node Type": "Index Scan", "Parent Relationship": "Inner", "Scan Direction": "Forward", "Index Name": "name_pkey", "Relation Name": "name", "Alias": "n", "Startup Cost": 0.0, "Total Cost": 0.49, "Plan Rows": 1, "Plan Width": 4, "Actual Startup Time": 1.936, "Actual Total Time": 1.936, "Actual Rows": 11, "Actual Loops": 268, "Index Cond": "(id = ci.person_id)", "Rows Removed by Index Recheck": 0, "Filter": "((gender IS NOT NULL) AND ((gender)::text = 'f'::text))", "Rows Removed by Filter": 257}]}]}, "Triggers": [], "Planner Runtime": 21.815, "Total Runtime": 819.864, "Unique SQL Id": 661781350}}, "(1, '61')": {"explain_plan": {"Plan": {"Node Type": "Aggregate", "Strategy": "Plain", "Startup Cost": 100899.17, "Total Cost": 100899.18, "Plan Rows": 1, "Plan Width": 160, "Plans": [{"Node Type": "Nested Loop", "Parent Relationship": "Outer", "Join Type": "Inner", "Startup Cost": 0.0, "Total Cost": 100897.52, "Plan Rows": 219, "Plan Width": 64, "Inner Unique": true, "Plans": [{"Node Type": "Nested Loop", "Parent Relationship": "Outer", "Join Type": "Inner", "Startup Cost": 0.0, "Total Cost": 100736.53, "Plan Rows": 321, "Plan Width": 68, "Inner Unique": false, "Plans": [{"Node Type": "Nested Loop", "Parent Relationship": "Outer", "Join Type": "Inner", "Startup Cost": 0.0, "Total Cost": 100051.51, "Plan Rows": 291, "Plan Width": 76, "Inner Unique": false, "Join Filter": "(mi.info_type_id = it1.id)", "Plans": [{"Node Type": "Index Scan", "Parent Relationship": "Outer", "Scan Direction": "Forward", "Index Name": "info_type_pkey", "Relation Name": "info_type", "Alias": "it1", "Startup Cost": 0.0, "Total Cost": 14.21, "Plan Rows": 1, "Plan Width": 4, "Filter": "((info)::text = 'genres'::text)"}, {"Node Type": "Nested Loop", "Parent Relationship": "Inner", "Join Type": "Inner", "Startup Cost": 0.0, "Total Cost": 99865.39, "Plan Rows": 13753, "Plan Width": 80, "Inner Unique": false, "Plans": [{"Node Type": "Nested Loop", "Parent Relationship": "Outer", "Join Type": "Inner", "Startup Cost": 0.0, "Total Cost": 78493.26, "Plan Rows": 15041, "Plan Width": 30, "Inner Unique": true, "Plans": [{"Node Type": "Nested Loop", "Parent Relationship": "Outer", "Join Type": "Inner", "Startup Cost": 0.0, "Total Cost": 35880.0, "Plan Rows": 12936, "Plan Width": 9, "Inner Unique": false, "Plans": [{"Node Type": "Index Scan", "Parent Relationship": "Outer", "Scan Direction": "Forward", "Index Name": "info_type_pkey", "Relation Name": "info_type", "Alias": "it2", "Startup Cost": 0.0, "Total Cost": 14.21, "Plan Rows": 1, "Plan Width": 4, "Filter": "((info)::text = 'rating'::text)"}, {"Node Type": "Index Scan", "Parent Relationship": "Inner", "Scan Direction": "Forward", "Index Name": "info_type_id_movie_info_idx", "Relation Name": "movie_info_idx", "Alias": "mi_idx", "Startup Cost": 0.0, "Total Cost": 35736.43, "Plan Rows": 12936, "Plan Width": 13, "Index Cond": "(info_type_id = it2.id)", "Filter": "((info)::text > '8.0'::text)"}]}, {"Node Type": "Index Scan", "Parent Relationship": "Inner", "Scan Direction": "Forward", "Index Name": "title_pkey", "Relation Name": "title", "Alias": "t", "Startup Cost": 0.0, "Total Cost": 3.28, "Plan Rows": 1, "Plan Width": 21, "Index Cond": "(id = mi_idx.movie_id)", "Filter": "((production_year >= 2008) AND (production_year <= 2014))"}]}, {"Node Type": "Index Scan", "Parent Relationship": "Inner", "Scan Direction": "Forward", "Index Name": "movie_id_movie_info", "Relation Name": "movie_info", "Alias": "mi", "Startup Cost": 0.0, "Total Cost": 1.41, "Plan Rows": 1, "Plan Width": 50, "Index Cond": "(movie_id = t.id)", "Filter": "((note IS NULL) AND ((info)::text = ANY ('{Horror,Thriller}'::text[])))"}]}]}, {"Node Type": "Index Scan", "Parent Relationship": "Inner", "Scan Direction": "Forward", "Index Name": "movie_id_cast_info", "Relation Name": "cast_info", "Alias": "ci", "Startup Cost": 0.0, "Total Cost": 2.34, "Plan Rows": 1, "Plan Width": 8, "Index Cond": "(movie_id = t.id)", "Filter": "((note)::text = ANY ('{(writer),\"(head writer)\",\"(written by)\",(story),\"(story editor)\"}'::text[]))"}]}, {"Node Type": "Index Scan", "Parent Relationship": "Inner", "Scan Direction": "Forward", "Index Name": "name_pkey", "Relation Name": "name", "Alias": "n", "Startup Cost": 0.0, "Total Cost": 0.49, "Plan Rows": 1, "Plan Width": 4, "Index Cond": "(id = ci.person_id)", "Filter": "((gender IS NOT NULL) AND ((gender)::text = 'f'::text))"}]}]}, "Unique SQL Id": 661781350, "Planner Runtime": 5}, "explain_analyze_plan": {"Plan": {"Node Type": "Aggregate", "Strategy": "Plain", "Startup Cost": 100899.17, "Total Cost": 100899.18, "Plan Rows": 1, "Plan Width": 160, "Actual Startup Time": 576.408, "Actual Total Time": 576.408, "Actual Rows": 1, "Actual Loops": 1, "Plans": [{"Node Type": "Nested Loop", "Parent Relationship": "Outer", "Join Type": "Inner", "Startup Cost": 0.0, "Total Cost": 100897.52, "Plan Rows": 219, "Plan Width": 64, "Actual Startup Time": 298.008, "Actual Total Time": 576.345, "Actual Rows": 11, "Actual Loops": 1, "Inner Unique": true, "Plans": [{"Node Type": "Nested Loop", "Parent Relationship": "Outer", "Join Type": "Inner", "Startup Cost": 0.0, "Total Cost": 100736.53, "Plan Rows": 321, "Plan Width": 68, "Actual Startup Time": 85.756, "Actual Total Time": 574.144, "Actual Rows": 268, "Actual Loops": 1, "Inner Unique": false, "Plans": [{"Node Type": "Nested Loop", "Parent Relationship": "Outer", "Join Type": "Inner", "Startup Cost": 0.0, "Total Cost": 100051.51, "Plan Rows": 291, "Plan Width": 76, "Actual Startup Time": 10.351, "Actual Total Time": 549.304, "Actual Rows": 358, "Actual Loops": 1, "Inner Unique": false, "Join Filter": "(mi.info_type_id = it1.id)", "Rows Removed by Join Filter": 0, "Plans": [{"Node Type": "Index Scan", "Parent Relationship": "Outer", "Scan Direction": "Forward", "Index Name": "info_type_pkey", "Relation Name": "info_type", "Alias": "it1", "Startup Cost": 0.0, "Total Cost": 14.21, "Plan Rows": 1, "Plan Width": 4, "Actual Startup Time": 0.027, "Actual Total Time": 0.075, "Actual Rows": 1, "Actual Loops": 1, "Filter": "((info)::text = 'genres'::text)", "Rows Removed by Filter": 111}, {"Node Type": "Nested Loop", "Parent Relationship": "Inner", "Join Type": "Inner", "Startup Cost": 0.0, "Total Cost": 99865.39, "Plan Rows": 13753, "Plan Width": 80, "Actual Startup Time": 10.315, "Actual Total Time": 548.982, "Actual Rows": 358, "Actual Loops": 1, "Inner Unique": false, "Plans": [{"Node Type": "Nested Loop", "Parent Relationship": "Outer", "Join Type": "Inner", "Startup Cost": 0.0, "Total Cost": 78493.26, "Plan Rows": 15041, "Plan Width": 30, "Actual Startup Time": 1.953, "Actual Total Time": 407.856, "Actual Rows": 6152, "Actual Loops": 1, "Inner Unique": true, "Plans": [{"Node Type": "Nested Loop", "Parent Relationship": "Outer", "Join Type": "Inner", "Startup Cost": 0.0, "Total Cost": 35880.0, "Plan Rows": 12936, "Plan Width": 9, "Actual Startup Time": 0.094, "Actual Total Time": 326.399, "Actual Rows": 15849, "Actual Loops": 1, "Inner Unique": false, "Plans": [{"Node Type": "Index Scan", "Parent Relationship": "Outer", "Scan Direction": "Forward", "Index Name": "info_type_pkey", "Relation Name": "info_type", "Alias": "it2", "Startup Cost": 0.0, "Total Cost": 14.21, "Plan Rows": 1, "Plan Width": 4, "Actual Startup Time": 0.053, "Actual Total Time": 0.061, "Actual Rows": 1, "Actual Loops": 1, "Filter": "((info)::text = 'rating'::text)", "Rows Removed by Filter": 111}, {"Node Type": "Index Scan", "Parent Relationship": "Inner", "Scan Direction": "Forward", "Index Name": "info_type_id_movie_info_idx", "Relation Name": "movie_info_idx", "Alias": "mi_idx", "Startup Cost": 0.0, "Total Cost": 35736.43, "Plan Rows": 12936, "Plan Width": 13, "Actual Startup Time": 0.039, "Actual Total Time": 322.683, "Actual Rows": 15849, "Actual Loops": 1, "Index Cond": "(info_type_id = it2.id)", "Rows Removed by Index Recheck": 0, "Filter": "((info)::text > '8.0'::text)", "Rows Removed by Filter": 444076}]}, {"Node Type": "Index Scan", "Parent Relationship": "Inner", "Scan Direction": "Forward", "Index Name": "title_pkey", "Relation Name": "title", "Alias": "t", "Startup Cost": 0.0, "Total Cost": 3.28, "Plan Rows": 1, "Plan Width": 21, "Actual Startup Time": 70.824, "Actual Total Time": 70.824, "Actual Rows": 6152, "Actual Loops": 15849, "Index Cond": "(id = mi_idx.movie_id)", "Rows Removed by Index Recheck": 0, "Filter": "((production_year >= 2008) AND (production_year <= 2014))", "Rows Removed by Filter": 9697}]}, {"Node Type": "Index Scan", "Parent Relationship": "Inner", "Scan Direction": "Forward", "Index Name": "movie_id_movie_info", "Relation Name": "movie_info", "Alias": "mi", "Startup Cost": 0.0, "Total Cost": 1.41, "Plan Rows": 1, "Plan Width": 50, "Actual Startup Time": 137.298, "Actual Total Time": 137.605, "Actual Rows": 358, "Actual Loops": 6152, "Index Cond": "(movie_id = t.id)", "Rows Removed by Index Recheck": 0, "Filter": "((note IS NULL) AND ((info)::text = ANY ('{Horror,Thriller}'::text[])))", "Rows Removed by Filter": 109599}]}]}, {"Node Type": "Index Scan", "Parent Relationship": "Inner", "Scan Direction": "Forward", "Index Name": "movie_id_cast_info", "Relation Name": "cast_info", "Alias": "ci", "Startup Cost": 0.0, "Total Cost": 2.34, "Plan Rows": 1, "Plan Width": 8, "Actual Startup Time": 19.232, "Actual Total Time": 24.394, "Actual Rows": 268, "Actual Loops": 358, "Index Cond": "(movie_id = t.id)", "Rows Removed by Index Recheck": 0, "Filter": "((note)::text = ANY ('{(writer),\"(head writer)\",\"(written by)\",(story),\"(story editor)\"}'::text[]))", "Rows Removed by Filter": 12296}]}, {"Node Type": "Index Scan", "Parent Relationship": "Inner", "Scan Direction": "Forward", "Index Name": "name_pkey", "Relation Name": "name", "Alias": "n", "Startup Cost": 0.0, "Total Cost": 0.49, "Plan Rows": 1, "Plan Width": 4, "Actual Startup Time": 1.923, "Actual Total Time": 1.923, "Actual Rows": 11, "Actual Loops": 268, "Index Cond": "(id = ci.person_id)", "Rows Removed by Index Recheck": 0, "Filter": "((gender IS NOT NULL) AND ((gender)::text = 'f'::text))", "Rows Removed by Filter": 257}]}]}, "Triggers": [], "Planner Runtime": 15.928, "Total Runtime": 576.736, "Unique SQL Id": 661781350}}, "(1, '62')": {"explain_plan": {"Plan": {"Node Type": "Aggregate", "Strategy": "Plain", "Startup Cost": 10930836.35, "Total Cost": 10930836.36, "Plan Rows": 1, "Plan Width": 160, "Plans": [{"Node Type": "Nested Loop", "Parent Relationship": "Outer", "Join Type": "Inner", "Startup Cost": 331.36, "Total Cost": 10930834.7, "Plan Rows": 219, "Plan Width": 64, "Inner Unique": false, "Join Filter": "(mi.movie_id = t.id)", "Plans": [{"Node Type": "Seq Scan", "Parent Relationship": "Outer", "Relation Name": "title", "Alias": "t", "Startup Cost": 331.36, "Total Cost": 72710.67, "Plan Rows": 782553, "Plan Width": 21, "Filter": "((production_year >= 2008) AND (production_year <= 2014)), (LLVM Optimized)"}, {"Node Type": "Materialize", "Parent Relationship": "Inner", "Startup Cost": 0.0, "Total Cost": 8651325.05, "Plan Rows": 188, "Plan Width": 59, "Plans": [{"Node Type": "Nested Loop", "Parent Relationship": "Outer", "Join Type": "Inner", "Startup Cost": 0.0, "Total Cost": 8651324.11, "Plan Rows": 188, "Plan Width": 59, "Inner Unique": false, "Join Filter": "(ci.person_id = n.id)", "Plans": [{"Node Type": "Seq Scan", "Parent Relationship": "Outer", "Relation Name": "name", "Alias": "n", "Startup Cost": 0.0, "Total Cost": 103490.62, "Plan Rows": 624324, "Plan Width": 4, "Filter": "((gender IS NOT NULL) AND ((gender)::text = 'f'::text)), (LLVM Optimized)"}, {"Node Type": "Materialize", "Parent Relationship": "Inner", "Startup Cost": 0.0, "Total Cost": 5963132.81, "Plan Rows": 276, "Plan Width": 63, "Plans": [{"Node Type": "Nested Loop", "Parent Relationship": "Outer", "Join Type": "Inner", "Startup Cost": 0.0, "Total Cost": 5963131.43, "Plan Rows": 276, "Plan Width": 63, "Inner Unique": false, "Join Filter": "(mi.movie_id = ci.movie_id)", "Plans": [{"Node Type": "Seq Scan", "Parent Relationship": "Outer", "Relation Name": "cast_info", "Alias": "ci", "Startup Cost": 0.0, "Total Cost": 828499.78, "Plan Rows": 1223154, "Plan Width": 8, "Filter": "((note)::text = ANY ('{(writer),\"(head writer)\",\"(written by)\",(story),\"(story editor)\"}'::text[]))"}, {"Node Type": "Materialize", "Parent Relationship": "Inner", "Startup Cost": 0.0, "Total Cost": 547804.78, "Plan Rows": 250, "Plan Width": 55, "Plans": [{"Node Type": "Nested Loop", "Parent Relationship": "Outer", "Join Type": "Inner", "Startup Cost": 0.0, "Total Cost": 547803.53, "Plan Rows": 250, "Plan Width": 55, "Inner Unique": false, "Join Filter": "(mi.movie_id = mi_idx.movie_id)", "Plans": [{"Node Type": "Nested Loop", "Parent Relationship": "Outer", "Join Type": "Inner", "Startup Cost": 0.0, "Total Cost": 24373.65, "Plan Rows": 12936, "Plan Width": 9, "Inner Unique": false, "Join Filter": "(it2.id = mi_idx.info_type_id)", "Plans": [{"Node Type": "Seq Scan", "Parent Relationship": "Outer", "Relation Name": "info_type", "Alias": "it2", "Startup Cost": 0.0, "Total Cost": 2.4, "Plan Rows": 1, "Plan Width": 4, "Filter": "((info)::text = 'rating'::text)"}, {"Node Type": "Seq Scan", "Parent Relationship": "Inner", "Relation Name": "movie_info_idx", "Alias": "mi_idx", "Startup Cost": 0.0, "Total Cost": 23724.42, "Plan Rows": 51746, "Plan Width": 13, "Filter": "((info)::text > '8.0'::text)"}]}, {"Node Type": "Materialize", "Parent Relationship": "Inner", "Startup Cost": 0.0, "Total Cost": 335019.47, "Plan Rows": 971, "Plan Width": 46, "Plans": [{"Node Type": "Nested Loop", "Parent Relationship": "Outer", "Join Type": "Inner", "Startup Cost": 0.0, "Total Cost": 335014.61, "Plan Rows": 971, "Plan Width": 46, "Inner Unique": false, "Join Filter": "(it1.id = mi.info_type_id)", "Plans": [{"Node Type": "Seq Scan", "Parent Relationship": "Outer", "Relation Name": "info_type", "Alias": "it1", "Startup Cost": 0.0, "Total Cost": 2.4, "Plan Rows": 1, "Plan Width": 4, "Filter": "((info)::text = 'genres'::text)"}, {"Node Type": "Seq Scan", "Parent Relationship": "Inner", "Relation Name": "movie_info", "Alias": "mi", "Startup Cost": 0.0, "Total Cost": 334162.58, "Plan Rows": 67971, "Plan Width": 50, "Filter": "((note IS NULL) AND ((info)::text = ANY ('{Horror,Thriller}'::text[])))"}]}]}]}]}]}]}]}]}]}]}, "Unique SQL Id": 661781350, "Planner Runtime": 5}, "explain_analyze_plan": null}, "(1, '63')": {"explain_plan": {"Plan": {"Node Type": "Aggregate", "Strategy": "Plain", "Startup Cost": 7000346357848.23, "Total Cost": 7000346357848.24, "Plan Rows": 1, "Plan Width": 160, "Plans": [{"Node Type": "Nested Loop", "Parent Relationship": "Outer", "Join Type": "Inner", "Startup Cost": 70000000000.0, "Total Cost": 7000346357846.58, "Plan Rows": 219, "Plan Width": 64, "Inner Unique": false, "Join Filter": "(mi.movie_id = t.id)", "Plans": [{"Node Type": "Index Scan", "Parent Relationship": "Outer", "Scan Direction": "Forward", "Index Name": "title_pkey", "Relation Name": "title", "Alias": "t", "Startup Cost": 10000000000.0, "Total Cost": 1000012276204.41, "Plan Rows": 782553, "Plan Width": 21, "Filter": "((production_year >= 2008) AND (production_year <= 2014)), (LLVM Optimized)"}, {"Node Type": "Materialize", "Parent Relationship": "Inner", "Startup Cost": 60000000000.0, "Total Cost": 6000331874843.18, "Plan Rows": 188, "Plan Width": 59, "Plans": [{"Node Type": "Nested Loop", "Parent Relationship": "Outer", "Join Type": "Inner", "Startup Cost": 60000000000.0, "Total Cost": 6000331874842.24, "Plan Rows": 188, "Plan Width": 59, "Inner Unique": true, "Join Filter": "(ci.person_id = n.id)", "Plans": [{"Node Type": "Nested Loop", "Parent Relationship": "Outer", "Join Type": "Inner", "Startup Cost": 50000000000.0, "Total Cost": 5000310623432.87, "Plan Rows": 276, "Plan Width": 63, "Inner Unique": false, "Join Filter": "(mi.movie_id = ci.movie_id)", "Plans": [{"Node Type": "Nested Loop", "Parent Relationship": "Outer", "Join Type": "Inner", "Startup Cost": 40000000000.0, "Total Cost": 4000112722530.52, "Plan Rows": 250, "Plan Width": 55, "Inner Unique": false, "Join Filter": "(mi.movie_id = mi_idx.movie_id)", "Plans": [{"Node Type": "Nested Loop", "Parent Relationship": "Outer", "Join Type": "Inner", "Startup Cost": 20000000000.0, "Total Cost": 2000107536844.28, "Plan Rows": 971, "Plan Width": 46, "Inner Unique": true, "Join Filter": "(it1.id = mi.info_type_id)", "Plans": [{"Node Type": "Index Scan", "Parent Relationship": "Outer", "Scan Direction": "Forward", "Index Name": "movie_id_movie_info", "Relation Name": "movie_info", "Alias": "mi", "Startup Cost": 10000000000.0, "Total Cost": 1000107534403.72, "Plan Rows": 67971, "Plan Width": 50, "Filter": "((note IS NULL) AND ((info)::text = ANY ('{Horror,Thriller}'::text[])))"}, {"Node Type": "Materialize", "Parent Relationship": "Inner", "Startup Cost": 10000000000.0, "Total Cost": 1000000001421.0, "Plan Rows": 1, "Plan Width": 4, "Plans": [{"Node Type": "Index Scan", "Parent Relationship": "Outer", "Scan Direction": "Forward", "Index Name": "info_type_pkey", "Relation Name": "info_type", "Alias": "it1", "Startup Cost": 10000000000.0, "Total Cost": 1000000001421.0, "Plan Rows": 1, "Plan Width": 4, "Filter": "((info)::text = 'genres'::text)"}]}]}, {"Node Type": "Materialize", "Parent Relationship": "Inner", "Startup Cost": 20000000000.0, "Total Cost": 2000004997305.74, "Plan Rows": 12936, "Plan Width": 9, "Plans": [{"Node Type": "Nested Loop", "Parent Relationship": "Outer", "Join Type": "Inner", "Startup Cost": 20000000000.0, "Total Cost": 2000004997241.06, "Plan Rows": 12936, "Plan Width": 9, "Inner Unique": true, "Join Filter": "(it2.id = mi_idx.info_type_id)", "Plans": [{"Node Type": "Index Scan", "Parent Relationship": "Outer", "Scan Direction": "Forward", "Index Name": "movie_id_movie_info_idx", "Relation Name": "movie_info_idx", "Alias": "mi_idx", "Startup Cost": 10000000000.0, "Total Cost": 1000004995043.87, "Plan Rows": 51746, "Plan Width": 13, "Filter": "((info)::text > '8.0'::text)"}, {"Node Type": "Materialize", "Parent Relationship": "Inner", "Startup Cost": 10000000000.0, "Total Cost": 1000000001421.0, "Plan Rows": 1, "Plan Width": 4, "Plans": [{"Node Type": "Index Scan", "Parent Relationship": "Outer", "Scan Direction": "Forward", "Index Name": "info_type_pkey", "Relation Name": "info_type", "Alias": "it2", "Startup Cost": 10000000000.0, "Total Cost": 1000000001421.0, "Plan Rows": 1, "Plan Width": 4, "Filter": "((info)::text = 'rating'::text)"}]}]}]}]}, {"Node Type": "Materialize", "Parent Relationship": "Inner", "Startup Cost": 10000000000.0, "Total Cost": 1000193317132.73, "Plan Rows": 1223154, "Plan Width": 8, "Plans": [{"Node Type": "Index Scan", "Parent Relationship": "Outer", "Scan Direction": "Forward", "Index Name": "person_id_cast_info", "Relation Name": "cast_info", "Alias": "ci", "Startup Cost": 10000000000.0, "Total Cost": 1000193311016.96, "Plan Rows": 1223154, "Plan Width": 8, "Filter": "((note)::text = ANY ('{(writer),\"(head writer)\",\"(written by)\",(story),\"(story editor)\"}'::text[]))"}]}]}, {"Node Type": "Materialize", "Parent Relationship": "Inner", "Startup Cost": 10000000000.0, "Total Cost": 1000018668268.82, "Plan Rows": 624324, "Plan Width": 4, "Plans": [{"Node Type": "Index Scan", "Parent Relationship": "Outer", "Scan Direction": "Forward", "Index Name": "name_pkey", "Relation Name": "name", "Alias": "n", "Startup Cost": 10000000000.0, "Total Cost": 1000018665147.2, "Plan Rows": 624324, "Plan Width": 4, "Filter": "((gender IS NOT NULL) AND ((gender)::text = 'f'::text)), (LLVM Optimized)"}]}]}]}]}]}, "Unique SQL Id": 661781350, "Planner Runtime": 5}, "explain_analyze_plan": null}, "(1, '64')": {"explain_plan": {"Plan": {"Node Type": "Aggregate", "Strategy": "Plain", "Startup Cost": 84071.81, "Total Cost": 84071.82, "Plan Rows": 1, "Plan Width": 160, "Plans": [{"Node Type": "Nested Loop", "Parent Relationship": "Outer", "Join Type": "Inner", "Startup Cost": 7421.46, "Total Cost": 84070.17, "Plan Rows": 219, "Plan Width": 64, "Inner Unique": true, "Plans": [{"Node Type": "Nested Loop", "Parent Relationship": "Outer", "Join Type": "Inner", "Startup Cost": 7421.46, "Total Cost": 83909.17, "Plan Rows": 321, "Plan Width": 68, "Inner Unique": false, "Plans": [{"Node Type": "Hash Join", "Parent Relationship": "Outer", "Join Type": "Inner", "Startup Cost": 7421.46, "Total Cost": 83224.15, "Plan Rows": 291, "Plan Width": 76, "Inner Unique": true, "Hash Cond": "(mi.info_type_id = it1.id)", "Plans": [{"Node Type": "Nested Loop", "Parent Relationship": "Outer", "Join Type": "Inner", "Startup Cost": 7419.04, "Total Cost": 83185.31, "Plan Rows": 13753, "Plan Width": 80, "Inner Unique": false, "Plans": [{"Node Type": "Nested Loop", "Parent Relationship": "Outer", "Join Type": "Inner", "Startup Cost": 7419.04, "Total Cost": 61813.18, "Plan Rows": 15041, "Plan Width": 30, "Inner Unique": true, "Plans": [{"Node Type": "Nested Loop", "Parent Relationship": "Outer", "Join Type": "Inner", "Startup Cost": 7419.04, "Total Cost": 19199.92, "Plan Rows": 12936, "Plan Width": 9, "Inner Unique": false, "Plans": [{"Node Type": "Seq Scan", "Parent Relationship": "Outer", "Relation Name": "info_type", "Alias": "it2", "Startup Cost": 0.0, "Total Cost": 2.4, "Plan Rows": 1, "Plan Width": 4, "Filter": "((info)::text = 'rating'::text)"}, {"Node Type": "Bitmap Heap Scan", "Parent Relationship": "Inner", "Relation Name": "movie_info_idx", "Alias": "mi_idx", "Startup Cost": 7419.04, "Total Cost": 19068.16, "Plan Rows": 12936, "Plan Width": 13, "Recheck Cond": "(info_type_id = it2.id)", "Filter": "((info)::text > '8.0'::text)", "Plans": [{"Node Type": "Bitmap Index Scan", "Parent Relationship": "Outer", "Index Name": "info_type_id_movie_info_idx", "Startup Cost": 0.0, "Total Cost": 7415.81, "Plan Rows": 345008, "Plan Width": 0, "Index Cond": "(info_type_id = it2.id)"}]}]}, {"Node Type": "Index Scan", "Parent Relationship": "Inner", "Scan Direction": "Forward", "Index Name": "title_pkey", "Relation Name": "title", "Alias": "t", "Startup Cost": 0.0, "Total Cost": 3.28, "Plan Rows": 1, "Plan Width": 21, "Index Cond": "(id = mi_idx.movie_id)", "Filter": "((production_year >= 2008) AND (production_year <= 2014))"}]}, {"Node Type": "Index Scan", "Parent Relationship": "Inner", "Scan Direction": "Forward", "Index Name": "movie_id_movie_info", "Relation Name": "movie_info", "Alias": "mi", "Startup Cost": 0.0, "Total Cost": 1.41, "Plan Rows": 1, "Plan Width": 50, "Index Cond": "(movie_id = t.id)", "Filter": "((note IS NULL) AND ((info)::text = ANY ('{Horror,Thriller}'::text[])))"}]}, {"Node Type": "Hash", "Parent Relationship": "Inner", "Startup Cost": 2.4, "Total Cost": 2.4, "Plan Rows": 1, "Plan Width": 4, "Plans": [{"Node Type": "Seq Scan", "Parent Relationship": "Outer", "Relation Name": "info_type", "Alias": "it1", "Startup Cost": 0.0, "Total Cost": 2.4, "Plan Rows": 1, "Plan Width": 4, "Filter": "((info)::text = 'genres'::text)"}]}]}, {"Node Type": "Index Scan", "Parent Relationship": "Inner", "Scan Direction": "Forward", "Index Name": "movie_id_cast_info", "Relation Name": "cast_info", "Alias": "ci", "Startup Cost": 0.0, "Total Cost": 2.34, "Plan Rows": 1, "Plan Width": 8, "Index Cond": "(movie_id = t.id)", "Filter": "((note)::text = ANY ('{(writer),\"(head writer)\",\"(written by)\",(story),\"(story editor)\"}'::text[]))"}]}, {"Node Type": "Index Scan", "Parent Relationship": "Inner", "Scan Direction": "Forward", "Index Name": "name_pkey", "Relation Name": "name", "Alias": "n", "Startup Cost": 0.0, "Total Cost": 0.49, "Plan Rows": 1, "Plan Width": 4, "Index Cond": "(id = ci.person_id)", "Filter": "((gender IS NOT NULL) AND ((gender)::text = 'f'::text))"}]}]}, "Unique SQL Id": 661781350, "Planner Runtime": 23}, "explain_analyze_plan": {"Plan": {"Node Type": "Aggregate", "Strategy": "Plain", "Startup Cost": 84071.81, "Total Cost": 84071.82, "Plan Rows": 1, "Plan Width": 160, "Actual Startup Time": 622.118, "Actual Total Time": 622.118, "Actual Rows": 1, "Actual Loops": 1, "Plans": [{"Node Type": "Nested Loop", "Parent Relationship": "Outer", "Join Type": "Inner", "Startup Cost": 7421.46, "Total Cost": 84070.17, "Plan Rows": 219, "Plan Width": 64, "Actual Startup Time": 380.611, "Actual Total Time": 622.055, "Actual Rows": 11, "Actual Loops": 1, "Inner Unique": true, "Plans": [{"Node Type": "Nested Loop", "Parent Relationship": "Outer", "Join Type": "Inner", "Startup Cost": 7421.46, "Total Cost": 83909.17, "Plan Rows": 321, "Plan Width": 68, "Actual Startup Time": 161.645, "Actual Total Time": 619.708, "Actual Rows": 268, "Actual Loops": 1, "Inner Unique": false, "Plans": [{"Node Type": "Hash Join", "Parent Relationship": "Outer", "Join Type": "Inner", "Startup Cost": 7421.46, "Total Cost": 83224.15, "Plan Rows": 291, "Plan Width": 76, "Actual Startup Time": 88.209, "Actual Total Time": 592.334, "Actual Rows": 358, "Actual Loops": 1, "Inner Unique": true, "Hash Cond": "(mi.info_type_id = it1.id)", "Plans": [{"Node Type": "Nested Loop", "Parent Relationship": "Outer", "Join Type": "Inner", "Startup Cost": 7419.04, "Total Cost": 83185.31, "Plan Rows": 13753, "Plan Width": 80, "Actual Startup Time": 88.095, "Actual Total Time": 591.835, "Actual Rows": 358, "Actual Loops": 1, "Inner Unique": false, "Plans": [{"Node Type": "Nested Loop", "Parent Relationship": "Outer", "Join Type": "Inner", "Startup Cost": 7419.04, "Total Cost": 61813.18, "Plan Rows": 15041, "Plan Width": 30, "Actual Startup Time": 79.959, "Actual Total Time": 435.17, "Actual Rows": 6152, "Actual Loops": 1, "Inner Unique": true, "Plans": [{"Node Type": "Nested Loop", "Parent Relationship": "Outer", "Join Type": "Inner", "Startup Cost": 7419.04, "Total Cost": 19199.92, "Plan Rows": 12936, "Plan Width": 9, "Actual Startup Time": 78.174, "Actual Total Time": 347.144, "Actual Rows": 15849, "Actual Loops": 1, "Inner Unique": false, "Plans": [{"Node Type": "Seq Scan", "Parent Relationship": "Outer", "Relation Name": "info_type", "Alias": "it2", "Startup Cost": 0.0, "Total Cost": 2.4, "Plan Rows": 1, "Plan Width": 4, "Actual Startup Time": 0.047, "Actual Total Time": 0.068, "Actual Rows": 1, "Actual Loops": 1, "Filter": "((info)::text = 'rating'::text)", "Rows Removed by Filter": 111}, {"Node Type": "Bitmap Heap Scan", "Parent Relationship": "Inner", "Relation Name": "movie_info_idx", "Alias": "mi_idx", "Startup Cost": 7419.04, "Total Cost": 19068.16, "Plan Rows": 12936, "Plan Width": 13, "Actual Startup Time": 78.122, "Actual Total Time": 343.405, "Actual Rows": 15849, "Actual Loops": 1, "Recheck Cond": "(info_type_id = it2.id)", "Rows Removed by Index Recheck": 0, "Filter": "((info)::text > '8.0'::text)", "Rows Removed by Filter": 444076, "Exact Heap Blocks": 6472, "Lossy Heap Blocks": 6472, "Plans": [{"Node Type": "Bitmap Index Scan", "Parent Relationship": "Outer", "Index Name": "info_type_id_movie_info_idx", "Startup Cost": 0.0, "Total Cost": 7415.81, "Plan Rows": 345008, "Plan Width": 0, "Actual Startup Time": 76.888, "Actual Total Time": 76.888, "Actual Rows": 459925, "Actual Loops": 1, "Index Cond": "(info_type_id = it2.id)"}]}]}, {"Node Type": "Index Scan", "Parent Relationship": "Inner", "Scan Direction": "Forward", "Index Name": "title_pkey", "Relation Name": "title", "Alias": "t", "Startup Cost": 0.0, "Total Cost": 3.28, "Plan Rows": 1, "Plan Width": 21, "Actual Startup Time": 78.009, "Actual Total Time": 78.009, "Actual Rows": 6152, "Actual Loops": 15849, "Index Cond": "(id = mi_idx.movie_id)", "Rows Removed by Index Recheck": 0, "Filter": "((production_year >= 2008) AND (production_year <= 2014))", "Rows Removed by Filter": 9697}]}, {"Node Type": "Index Scan", "Parent Relationship": "Inner", "Scan Direction": "Forward", "Index Name": "movie_id_movie_info", "Relation Name": "movie_info", "Alias": "mi", "Startup Cost": 0.0, "Total Cost": 1.41, "Plan Rows": 1, "Plan Width": 50, "Actual Startup Time": 153.049, "Actual Total Time": 153.353, "Actual Rows": 358, "Actual Loops": 6152, "Index Cond": "(movie_id = t.id)", "Rows Removed by Index Recheck": 0, "Filter": "((note IS NULL) AND ((info)::text = ANY ('{Horror,Thriller}'::text[])))", "Rows Removed by Filter": 109599}]}, {"Node Type": "Hash", "Parent Relationship": "Inner", "Startup Cost": 2.4, "Total Cost": 2.4, "Plan Rows": 1, "Plan Width": 4, "Actual Startup Time": 0.06, "Actual Total Time": 0.06, "Actual Rows": 1, "Actual Loops": 1, "Hash Buckets": 32768, "Hash Batches": 1, "Original Hash Batches": 1, "Peak Memory Usage": 1, "Plans": [{"Node Type": "Seq Scan", "Parent Relationship": "Outer", "Relation Name": "info_type", "Alias": "it1", "Startup Cost": 0.0, "Total Cost": 2.4, "Plan Rows": 1, "Plan Width": 4, "Actual Startup Time": 0.031, "Actual Total Time": 0.055, "Actual Rows": 1, "Actual Loops": 1, "Filter": "((info)::text = 'genres'::text)", "Rows Removed by Filter": 111}]}]}, {"Node Type": "Index Scan", "Parent Relationship": "Inner", "Scan Direction": "Forward", "Index Name": "movie_id_cast_info", "Relation Name": "cast_info", "Alias": "ci", "Startup Cost": 0.0, "Total Cost": 2.34, "Plan Rows": 1, "Plan Width": 8, "Actual Startup Time": 21.098, "Actual Total Time": 26.956, "Actual Rows": 268, "Actual Loops": 358, "Index Cond": "(movie_id = t.id)", "Rows Removed by Index Recheck": 0, "Filter": "((note)::text = ANY ('{(writer),\"(head writer)\",\"(written by)\",(story),\"(story editor)\"}'::text[]))", "Rows Removed by Filter": 12296}]}, {"Node Type": "Index Scan", "Parent Relationship": "Inner", "Scan Direction": "Forward", "Index Name": "name_pkey", "Relation Name": "name", "Alias": "n", "Startup Cost": 0.0, "Total Cost": 0.49, "Plan Rows": 1, "Plan Width": 4, "Actual Startup Time": 2.13, "Actual Total Time": 2.13, "Actual Rows": 11, "Actual Loops": 268, "Index Cond": "(id = ci.person_id)", "Rows Removed by Index Recheck": 0, "Filter": "((gender IS NOT NULL) AND ((gender)::text = 'f'::text))", "Rows Removed by Filter": 257}]}]}, "Triggers": [], "Planner Runtime": 23.017, "Total Runtime": 622.589, "Unique SQL Id": 661781350}}, "(1, '65')": {"explain_plan": {"Plan": {"Node Type": "Aggregate", "Strategy": "Plain", "Startup Cost": 84095.43, "Total Cost": 84095.44, "Plan Rows": 1, "Plan Width": 160, "Plans": [{"Node Type": "Nested Loop", "Parent Relationship": "Outer", "Join Type": "Inner", "Startup Cost": 7433.27, "Total Cost": 84093.79, "Plan Rows": 219, "Plan Width": 64, "Inner Unique": true, "Plans": [{"Node Type": "Nested Loop", "Parent Relationship": "Outer", "Join Type": "Inner", "Startup Cost": 7433.27, "Total Cost": 83932.79, "Plan Rows": 321, "Plan Width": 68, "Inner Unique": false, "Plans": [{"Node Type": "Hash Join", "Parent Relationship": "Outer", "Join Type": "Inner", "Startup Cost": 7433.27, "Total Cost": 83247.77, "Plan Rows": 291, "Plan Width": 76, "Inner Unique": true, "Hash Cond": "(mi.info_type_id = it1.id)", "Plans": [{"Node Type": "Nested Loop", "Parent Relationship": "Outer", "Join Type": "Inner", "Startup Cost": 7419.04, "Total Cost": 83197.12, "Plan Rows": 13753, "Plan Width": 80, "Inner Unique": false, "Plans": [{"Node Type": "Nested Loop", "Parent Relationship": "Outer", "Join Type": "Inner", "Startup Cost": 7419.04, "Total Cost": 61824.99, "Plan Rows": 15041, "Plan Width": 30, "Inner Unique": true, "Plans": [{"Node Type": "Nested Loop", "Parent Relationship": "Outer", "Join Type": "Inner", "Startup Cost": 7419.04, "Total Cost": 19211.73, "Plan Rows": 12936, "Plan Width": 9, "Inner Unique": false, "Plans": [{"Node Type": "Index Scan", "Parent Relationship": "Outer", "Scan Direction": "Forward", "Index Name": "info_type_pkey", "Relation Name": "info_type", "Alias": "it2", "Startup Cost": 0.0, "Total Cost": 14.21, "Plan Rows": 1, "Plan Width": 4, "Filter": "((info)::text = 'rating'::text)"}, {"Node Type": "Bitmap Heap Scan", "Parent Relationship": "Inner", "Relation Name": "movie_info_idx", "Alias": "mi_idx", "Startup Cost": 7419.04, "Total Cost": 19068.16, "Plan Rows": 12936, "Plan Width": 13, "Recheck Cond": "(info_type_id = it2.id)", "Filter": "((info)::text > '8.0'::text)", "Plans": [{"Node Type": "Bitmap Index Scan", "Parent Relationship": "Outer", "Index Name": "info_type_id_movie_info_idx", "Startup Cost": 0.0, "Total Cost": 7415.81, "Plan Rows": 345008, "Plan Width": 0, "Index Cond": "(info_type_id = it2.id)"}]}]}, {"Node Type": "Index Scan", "Parent Relationship": "Inner", "Scan Direction": "Forward", "Index Name": "title_pkey", "Relation Name": "title", "Alias": "t", "Startup Cost": 0.0, "Total Cost": 3.28, "Plan Rows": 1, "Plan Width": 21, "Index Cond": "(id = mi_idx.movie_id)", "Filter": "((production_year >= 2008) AND (production_year <= 2014))"}]}, {"Node Type": "Index Scan", "Parent Relationship": "Inner", "Scan Direction": "Forward", "Index Name": "movie_id_movie_info", "Relation Name": "movie_info", "Alias": "mi", "Startup Cost": 0.0, "Total Cost": 1.41, "Plan Rows": 1, "Plan Width": 50, "Index Cond": "(movie_id = t.id)", "Filter": "((note IS NULL) AND ((info)::text = ANY ('{Horror,Thriller}'::text[])))"}]}, {"Node Type": "Hash", "Parent Relationship": "Inner", "Startup Cost": 14.21, "Total Cost": 14.21, "Plan Rows": 1, "Plan Width": 4, "Plans": [{"Node Type": "Index Scan", "Parent Relationship": "Outer", "Scan Direction": "Forward", "Index Name": "info_type_pkey", "Relation Name": "info_type", "Alias": "it1", "Startup Cost": 0.0, "Total Cost": 14.21, "Plan Rows": 1, "Plan Width": 4, "Filter": "((info)::text = 'genres'::text)"}]}]}, {"Node Type": "Index Scan", "Parent Relationship": "Inner", "Scan Direction": "Forward", "Index Name": "movie_id_cast_info", "Relation Name": "cast_info", "Alias": "ci", "Startup Cost": 0.0, "Total Cost": 2.34, "Plan Rows": 1, "Plan Width": 8, "Index Cond": "(movie_id = t.id)", "Filter": "((note)::text = ANY ('{(writer),\"(head writer)\",\"(written by)\",(story),\"(story editor)\"}'::text[]))"}]}, {"Node Type": "Index Scan", "Parent Relationship": "Inner", "Scan Direction": "Forward", "Index Name": "name_pkey", "Relation Name": "name", "Alias": "n", "Startup Cost": 0.0, "Total Cost": 0.49, "Plan Rows": 1, "Plan Width": 4, "Index Cond": "(id = ci.person_id)", "Filter": "((gender IS NOT NULL) AND ((gender)::text = 'f'::text))"}]}]}, "Unique SQL Id": 661781350, "Planner Runtime": 18}, "explain_analyze_plan": {"Plan": {"Node Type": "Aggregate", "Strategy": "Plain", "Startup Cost": 84095.43, "Total Cost": 84095.44, "Plan Rows": 1, "Plan Width": 160, "Actual Startup Time": 700.86, "Actual Total Time": 700.861, "Actual Rows": 1, "Actual Loops": 1, "Plans": [{"Node Type": "Nested Loop", "Parent Relationship": "Outer", "Join Type": "Inner", "Startup Cost": 7433.27, "Total Cost": 84093.79, "Plan Rows": 219, "Plan Width": 64, "Actual Startup Time": 393.218, "Actual Total Time": 700.801, "Actual Rows": 11, "Actual Loops": 1, "Inner Unique": true, "Plans": [{"Node Type": "Nested Loop", "Parent Relationship": "Outer", "Join Type": "Inner", "Startup Cost": 7433.27, "Total Cost": 83932.79, "Plan Rows": 321, "Plan Width": 68, "Actual Startup Time": 162.686, "Actual Total Time": 697.881, "Actual Rows": 268, "Actual Loops": 1, "Inner Unique": false, "Plans": [{"Node Type": "Hash Join", "Parent Relationship": "Outer", "Join Type": "Inner", "Startup Cost": 7433.27, "Total Cost": 83247.77, "Plan Rows": 291, "Plan Width": 76, "Actual Startup Time": 88.768, "Actual Total Time": 660.4, "Actual Rows": 358, "Actual Loops": 1, "Inner Unique": true, "Hash Cond": "(mi.info_type_id = it1.id)", "Plans": [{"Node Type": "Nested Loop", "Parent Relationship": "Outer", "Join Type": "Inner", "Startup Cost": 7419.04, "Total Cost": 83197.12, "Plan Rows": 13753, "Plan Width": 80, "Actual Startup Time": 88.623, "Actual Total Time": 659.888, "Actual Rows": 358, "Actual Loops": 1, "Inner Unique": false, "Plans": [{"Node Type": "Nested Loop", "Parent Relationship": "Outer", "Join Type": "Inner", "Startup Cost": 7419.04, "Total Cost": 61824.99, "Plan Rows": 15041, "Plan Width": 30, "Actual Startup Time": 80.43, "Actual Total Time": 482.543, "Actual Rows": 6152, "Actual Loops": 1, "Inner Unique": true, "Plans": [{"Node Type": "Nested Loop", "Parent Relationship": "Outer", "Join Type": "Inner", "Startup Cost": 7419.04, "Total Cost": 19211.73, "Plan Rows": 12936, "Plan Width": 9, "Actual Startup Time": 78.641, "Actual Total Time": 384.098, "Actual Rows": 15849, "Actual Loops": 1, "Inner Unique": false, "Plans": [{"Node Type": "Index Scan", "Parent Relationship": "Outer", "Scan Direction": "Forward", "Index Name": "info_type_pkey", "Relation Name": "info_type", "Alias": "it2", "Startup Cost": 0.0, "Total Cost": 14.21, "Plan Rows": 1, "Plan Width": 4, "Actual Startup Time": 0.049, "Actual Total Time": 0.062, "Actual Rows": 1, "Actual Loops": 1, "Filter": "((info)::text = 'rating'::text)", "Rows Removed by Filter": 111}, {"Node Type": "Bitmap Heap Scan", "Parent Relationship": "Inner", "Relation Name": "movie_info_idx", "Alias": "mi_idx", "Startup Cost": 7419.04, "Total Cost": 19068.16, "Plan Rows": 12936, "Plan Width": 13, "Actual Startup Time": 78.587, "Actual Total Time": 380.457, "Actual Rows": 15849, "Actual Loops": 1, "Recheck Cond": "(info_type_id = it2.id)", "Rows Removed by Index Recheck": 0, "Filter": "((info)::text > '8.0'::text)", "Rows Removed by Filter": 444076, "Exact Heap Blocks": 6472, "Lossy Heap Blocks": 6472, "Plans": [{"Node Type": "Bitmap Index Scan", "Parent Relationship": "Outer", "Index Name": "info_type_id_movie_info_idx", "Startup Cost": 0.0, "Total Cost": 7415.81, "Plan Rows": 345008, "Plan Width": 0, "Actual Startup Time": 77.298, "Actual Total Time": 77.298, "Actual Rows": 459925, "Actual Loops": 1, "Index Cond": "(info_type_id = it2.id)"}]}]}, {"Node Type": "Index Scan", "Parent Relationship": "Inner", "Scan Direction": "Forward", "Index Name": "title_pkey", "Relation Name": "title", "Alias": "t", "Startup Cost": 0.0, "Total Cost": 3.28, "Plan Rows": 1, "Plan Width": 21, "Actual Startup Time": 88.591, "Actual Total Time": 88.591, "Actual Rows": 6152, "Actual Loops": 15849, "Index Cond": "(id = mi_idx.movie_id)", "Rows Removed by Index Recheck": 0, "Filter": "((production_year >= 2008) AND (production_year <= 2014))", "Rows Removed by Filter": 9697}]}, {"Node Type": "Index Scan", "Parent Relationship": "Inner", "Scan Direction": "Forward", "Index Name": "movie_id_movie_info", "Relation Name": "movie_info", "Alias": "mi", "Startup Cost": 0.0, "Total Cost": 1.41, "Plan Rows": 1, "Plan Width": 50, "Actual Startup Time": 173.583, "Actual Total Time": 173.897, "Actual Rows": 358, "Actual Loops": 6152, "Index Cond": "(movie_id = t.id)", "Rows Removed by Index Recheck": 0, "Filter": "((note IS NULL) AND ((info)::text = ANY ('{Horror,Thriller}'::text[])))", "Rows Removed by Filter": 109599}]}, {"Node Type": "Hash", "Parent Relationship": "Inner", "Startup Cost": 14.21, "Total Cost": 14.21, "Plan Rows": 1, "Plan Width": 4, "Actual Startup Time": 0.074, "Actual Total Time": 0.074, "Actual Rows": 1, "Actual Loops": 1, "Hash Buckets": 32768, "Hash Batches": 1, "Original Hash Batches": 1, "Peak Memory Usage": 1, "Plans": [{"Node Type": "Index Scan", "Parent Relationship": "Outer", "Scan Direction": "Forward", "Index Name": "info_type_pkey", "Relation Name": "info_type", "Alias": "it1", "Startup Cost": 0.0, "Total Cost": 14.21, "Plan Rows": 1, "Plan Width": 4, "Actual Startup Time": 0.021, "Actual Total Time": 0.069, "Actual Rows": 1, "Actual Loops": 1, "Filter": "((info)::text = 'genres'::text)", "Rows Removed by Filter": 111}]}]}, {"Node Type": "Index Scan", "Parent Relationship": "Inner", "Scan Direction": "Forward", "Index Name": "movie_id_cast_info", "Relation Name": "cast_info", "Alias": "ci", "Startup Cost": 0.0, "Total Cost": 2.34, "Plan Rows": 1, "Plan Width": 8, "Actual Startup Time": 29.082, "Actual Total Time": 37.018, "Actual Rows": 268, "Actual Loops": 358, "Index Cond": "(movie_id = t.id)", "Rows Removed by Index Recheck": 0, "Filter": "((note)::text = ANY ('{(writer),\"(head writer)\",\"(written by)\",(story),\"(story editor)\"}'::text[]))", "Rows Removed by Filter": 12296}]}, {"Node Type": "Index Scan", "Parent Relationship": "Inner", "Scan Direction": "Forward", "Index Name": "name_pkey", "Relation Name": "name", "Alias": "n", "Startup Cost": 0.0, "Total Cost": 0.49, "Plan Rows": 1, "Plan Width": 4, "Actual Startup Time": 2.688, "Actual Total Time": 2.688, "Actual Rows": 11, "Actual Loops": 268, "Index Cond": "(id = ci.person_id)", "Rows Removed by Index Recheck": 0, "Filter": "((gender IS NOT NULL) AND ((gender)::text = 'f'::text))", "Rows Removed by Filter": 257}]}]}, "Triggers": [], "Planner Runtime": 17.355, "Total Runtime": 701.223, "Unique SQL Id": 661781350}}, "(1, '66')": {"explain_plan": {"Plan": {"Node Type": "Aggregate", "Strategy": "Plain", "Startup Cost": 156950.7, "Total Cost": 156950.71, "Plan Rows": 1, "Plan Width": 160, "Plans": [{"Node Type": "Nested Loop", "Parent Relationship": "Outer", "Join Type": "Inner", "Startup Cost": 7424.33, "Total Cost": 156948.96, "Plan Rows": 233, "Plan Width": 64, "Inner Unique": true, "Plans": [{"Node Type": "Nested Loop", "Parent Relationship": "Outer", "Join Type": "Inner", "Startup Cost": 7424.02, "Total Cost": 155557.84, "Plan Rows": 321, "Plan Width": 68, "Inner Unique": false, "Plans": [{"Node Type": "Hash Join", "Parent Relationship": "Outer", "Join Type": "Inner", "Startup Cost": 7423.01, "Total Cost": 154064.66, "Plan Rows": 291, "Plan Width": 76, "Inner Unique": true, "Hash Cond": "(mi.info_type_id = it1.id)", "Plans": [{"Node Type": "Nested Loop", "Parent Relationship": "Outer", "Join Type": "Inner", "Startup Cost": 7420.6, "Total Cost": 154025.82, "Plan Rows": 13753, "Plan Width": 80, "Inner Unique": false, "Plans": [{"Node Type": "Nested Loop", "Parent Relationship": "Outer", "Join Type": "Inner", "Startup Cost": 7420.02, "Total Cost": 83886.56, "Plan Rows": 15041, "Plan Width": 30, "Inner Unique": true, "Plans": [{"Node Type": "Nested Loop", "Parent Relationship": "Outer", "Join Type": "Inner", "Startup Cost": 7419.04, "Total Cost": 19199.92, "Plan Rows": 12936, "Plan Width": 9, "Inner Unique": false, "Plans": [{"Node Type": "Seq Scan", "Parent Relationship": "Outer", "Relation Name": "info_type", "Alias": "it2", "Startup Cost": 0.0, "Total Cost": 2.4, "Plan Rows": 1, "Plan Width": 4, "Filter": "((info)::text = 'rating'::text)"}, {"Node Type": "Bitmap Heap Scan", "Parent Relationship": "Inner", "Relation Name": "movie_info_idx", "Alias": "mi_idx", "Startup Cost": 7419.04, "Total Cost": 19068.16, "Plan Rows": 12936, "Plan Width": 13, "Recheck Cond": "(info_type_id = it2.id)", "Filter": "((info)::text > '8.0'::text)", "Plans": [{"Node Type": "Bitmap Index Scan", "Parent Relationship": "Outer", "Index Name": "info_type_id_movie_info_idx", "Startup Cost": 0.0, "Total Cost": 7415.81, "Plan Rows": 345008, "Plan Width": 0, "Index Cond": "(info_type_id = it2.id)"}]}]}, {"Node Type": "Bitmap Heap Scan", "Parent Relationship": "Inner", "Relation Name": "title", "Alias": "t", "Startup Cost": 0.97, "Total Cost": 4.99, "Plan Rows": 1, "Plan Width": 21, "Recheck Cond": "(id = mi_idx.movie_id)", "Filter": "((production_year >= 2008) AND (production_year <= 2014))", "Plans": [{"Node Type": "Bitmap Index Scan", "Parent Relationship": "Outer", "Index Name": "title_pkey", "Startup Cost": 0.0, "Total Cost": 0.97, "Plan Rows": 1, "Plan Width": 0, "Index Cond": "(id = mi_idx.movie_id)"}]}]}, {"Node Type": "Bitmap Heap Scan", "Parent Relationship": "Inner", "Relation Name": "movie_info", "Alias": "mi", "Startup Cost": 0.58, "Total Cost": 4.65, "Plan Rows": 1, "Plan Width": 50, "Recheck Cond": "(movie_id = t.id)", "Filter": "((note IS NULL) AND ((info)::text = ANY ('{Horror,Thriller}'::text[])))", "Plans": [{"Node Type": "Bitmap Index Scan", "Parent Relationship": "Outer", "Index Name": "movie_id_movie_info", "Startup Cost": 0.0, "Total Cost": 0.58, "Plan Rows": 5, "Plan Width": 0, "Index Cond": "(movie_id = t.id)"}]}]}, {"Node Type": "Hash", "Parent Relationship": "Inner", "Startup Cost": 2.4, "Total Cost": 2.4, "Plan Rows": 1, "Plan Width": 4, "Plans": [{"Node Type": "Seq Scan", "Parent Relationship": "Outer", "Relation Name": "info_type", "Alias": "it1", "Startup Cost": 0.0, "Total Cost": 2.4, "Plan Rows": 1, "Plan Width": 4, "Filter": "((info)::text = 'genres'::text)"}]}]}, {"Node Type": "Bitmap Heap Scan", "Parent Relationship": "Inner", "Relation Name": "cast_info", "Alias": "ci", "Startup Cost": 1.01, "Total Cost": 5.12, "Plan Rows": 1, "Plan Width": 8, "Recheck Cond": "(movie_id = t.id)", "Filter": "((note)::text = ANY ('{(writer),\"(head writer)\",\"(written by)\",(story),\"(story editor)\"}'::text[]))", "Plans": [{"Node Type": "Bitmap Index Scan", "Parent Relationship": "Outer", "Index Name": "movie_id_cast_info", "Startup Cost": 0.0, "Total Cost": 1.01, "Plan Rows": 6, "Plan Width": 0, "Index Cond": "(movie_id = t.id)"}]}]}, {"Node Type": "Bitmap Heap Scan", "Parent Relationship": "Inner", "Relation Name": "name", "Alias": "n", "Startup Cost": 0.31, "Total Cost": 4.32, "Plan Rows": 1, "Plan Width": 4, "Recheck Cond": "(id = ci.person_id)", "Filter": "((gender IS NOT NULL) AND ((gender)::text = 'f'::text))", "Plans": [{"Node Type": "Bitmap Index Scan", "Parent Relationship": "Outer", "Index Name": "name_pkey", "Startup Cost": 0.0, "Total Cost": 0.31, "Plan Rows": 1, "Plan Width": 0, "Index Cond": "(id = ci.person_id)"}]}]}]}, "Unique SQL Id": 661781350, "Planner Runtime": 25}, "explain_analyze_plan": {"Plan": {"Node Type": "Aggregate", "Strategy": "Plain", "Startup Cost": 156950.7, "Total Cost": 156950.71, "Plan Rows": 1, "Plan Width": 160, "Actual Startup Time": 672.88, "Actual Total Time": 672.881, "Actual Rows": 1, "Actual Loops": 1, "Plans": [{"Node Type": "Nested Loop", "Parent Relationship": "Outer", "Join Type": "Inner", "Startup Cost": 7424.33, "Total Cost": 156948.96, "Plan Rows": 233, "Plan Width": 64, "Actual Startup Time": 407.791, "Actual Total Time": 672.818, "Actual Rows": 11, "Actual Loops": 1, "Inner Unique": true, "Plans": [{"Node Type": "Nested Loop", "Parent Relationship": "Outer", "Join Type": "Inner", "Startup Cost": 7424.02, "Total Cost": 155557.84, "Plan Rows": 321, "Plan Width": 68, "Actual Startup Time": 176.877, "Actual Total Time": 669.966, "Actual Rows": 268, "Actual Loops": 1, "Inner Unique": false, "Plans": [{"Node Type": "Hash Join", "Parent Relationship": "Outer", "Join Type": "Inner", "Startup Cost": 7423.01, "Total Cost": 154064.66, "Plan Rows": 291, "Plan Width": 76, "Actual Startup Time": 90.433, "Actual Total Time": 636.238, "Actual Rows": 358, "Actual Loops": 1, "Inner Unique": true, "Hash Cond": "(mi.info_type_id = it1.id)", "Plans": [{"Node Type": "Nested Loop", "Parent Relationship": "Outer", "Join Type": "Inner", "Startup Cost": 7420.6, "Total Cost": 154025.82, "Plan Rows": 13753, "Plan Width": 80, "Actual Startup Time": 90.283, "Actual Total Time": 635.576, "Actual Rows": 358, "Actual Loops": 1, "Inner Unique": false, "Plans": [{"Node Type": "Nested Loop", "Parent Relationship": "Outer", "Join Type": "Inner", "Startup Cost": 7420.02, "Total Cost": 83886.56, "Plan Rows": 15041, "Plan Width": 30, "Actual Startup Time": 80.96, "Actual Total Time": 452.566, "Actual Rows": 6152, "Actual Loops": 1, "Inner Unique": true, "Plans": [{"Node Type": "Nested Loop", "Parent Relationship": "Outer", "Join Type": "Inner", "Startup Cost": 7419.04, "Total Cost": 19199.92, "Plan Rows": 12936, "Plan Width": 9, "Actual Startup Time": 78.808, "Actual Total Time": 338.594, "Actual Rows": 15849, "Actual Loops": 1, "Inner Unique": false, "Plans": [{"Node Type": "Seq Scan", "Parent Relationship": "Outer", "Relation Name": "info_type", "Alias": "it2", "Startup Cost": 0.0, "Total Cost": 2.4, "Plan Rows": 1, "Plan Width": 4, "Actual Startup Time": 0.053, "Actual Total Time": 0.069, "Actual Rows": 1, "Actual Loops": 1, "Filter": "((info)::text = 'rating'::text)", "Rows Removed by Filter": 111}, {"Node Type": "Bitmap Heap Scan", "Parent Relationship": "Inner", "Relation Name": "movie_info_idx", "Alias": "mi_idx", "Startup Cost": 7419.04, "Total Cost": 19068.16, "Plan Rows": 12936, "Plan Width": 13, "Actual Startup Time": 78.749, "Actual Total Time": 334.615, "Actual Rows": 15849, "Actual Loops": 1, "Recheck Cond": "(info_type_id = it2.id)", "Rows Removed by Index Recheck": 0, "Filter": "((info)::text > '8.0'::text)", "Rows Removed by Filter": 444076, "Exact Heap Blocks": 6472, "Lossy Heap Blocks": 6472, "Plans": [{"Node Type": "Bitmap Index Scan", "Parent Relationship": "Outer", "Index Name": "info_type_id_movie_info_idx", "Startup Cost": 0.0, "Total Cost": 7415.81, "Plan Rows": 345008, "Plan Width": 0, "Actual Startup Time": 77.401, "Actual Total Time": 77.401, "Actual Rows": 459925, "Actual Loops": 1, "Index Cond": "(info_type_id = it2.id)"}]}]}, {"Node Type": "Bitmap Heap Scan", "Parent Relationship": "Inner", "Relation Name": "title", "Alias": "t", "Startup Cost": 0.97, "Total Cost": 4.99, "Plan Rows": 1, "Plan Width": 21, "Actual Startup Time": 92.74, "Actual Total Time": 92.74, "Actual Rows": 6152, "Actual Loops": 15849, "Recheck Cond": "(id = mi_idx.movie_id)", "Rows Removed by Index Recheck": 0, "Filter": "((production_year >= 2008) AND (production_year <= 2014))", "Rows Removed by Filter": 9697, "Exact Heap Blocks": 15849, "Lossy Heap Blocks": 15849, "Plans": [{"Node Type": "Bitmap Index Scan", "Parent Relationship": "Outer", "Index Name": "title_pkey", "Startup Cost": 0.0, "Total Cost": 0.97, "Plan Rows": 1, "Plan Width": 0, "Actual Startup Time": 45.846, "Actual Total Time": 45.846, "Actual Rows": 15849, "Actual Loops": 15849, "Index Cond": "(id = mi_idx.movie_id)"}]}]}, {"Node Type": "Bitmap Heap Scan", "Parent Relationship": "Inner", "Relation Name": "movie_info", "Alias": "mi", "Startup Cost": 0.58, "Total Cost": 4.65, "Plan Rows": 1, "Plan Width": 50, "Actual Startup Time": 174.588, "Actual Total Time": 174.761, "Actual Rows": 358, "Actual Loops": 6152, "Recheck Cond": "(movie_id = t.id)", "Rows Removed by Index Recheck": 0, "Filter": "((note IS NULL) AND ((info)::text = ANY ('{Horror,Thriller}'::text[])))", "Rows Removed by Filter": 109599, "Exact Heap Blocks": 52726, "Lossy Heap Blocks": 52726, "Plans": [{"Node Type": "Bitmap Index Scan", "Parent Relationship": "Outer", "Index Name": "movie_id_movie_info", "Startup Cost": 0.0, "Total Cost": 0.58, "Plan Rows": 5, "Plan Width": 0, "Actual Startup Time": 40.598, "Actual Total Time": 40.598, "Actual Rows": 109957, "Actual Loops": 6152, "Index Cond": "(movie_id = t.id)"}]}]}, {"Node Type": "Hash", "Parent Relationship": "Inner", "Startup Cost": 2.4, "Total Cost": 2.4, "Plan Rows": 1, "Plan Width": 4, "Actual Startup Time": 0.083, "Actual Total Time": 0.083, "Actual Rows": 1, "Actual Loops": 1, "Hash Buckets": 32768, "Hash Batches": 1, "Original Hash Batches": 1, "Peak Memory Usage": 1, "Plans": [{"Node Type": "Seq Scan", "Parent Relationship": "Outer", "Relation Name": "info_type", "Alias": "it1", "Startup Cost": 0.0, "Total Cost": 2.4, "Plan Rows": 1, "Plan Width": 4, "Actual Startup Time": 0.046, "Actual Total Time": 0.071, "Actual Rows": 1, "Actual Loops": 1, "Filter": "((info)::text = 'genres'::text)", "Rows Removed by Filter": 111}]}]}, {"Node Type": "Bitmap Heap Scan", "Parent Relationship": "Inner", "Relation Name": "cast_info", "Alias": "ci", "Startup Cost": 1.01, "Total Cost": 5.12, "Plan Rows": 1, "Plan Width": 8, "Actual Startup Time": 26.666, "Actual Total Time": 32.741, "Actual Rows": 268, "Actual Loops": 358, "Recheck Cond": "(movie_id = t.id)", "Rows Removed by Index Recheck": 0, "Filter": "((note)::text = ANY ('{(writer),\"(head writer)\",\"(written by)\",(story),\"(story editor)\"}'::text[]))", "Rows Removed by Filter": 12296, "Exact Heap Blocks": 11454, "Lossy Heap Blocks": 11454, "Plans": [{"Node Type": "Bitmap Index Scan", "Parent Relationship": "Outer", "Index Name": "movie_id_cast_info", "Startup Cost": 0.0, "Total Cost": 1.01, "Plan Rows": 6, "Plan Width": 0, "Actual Startup Time": 4.928, "Actual Total Time": 4.928, "Actual Rows": 12564, "Actual Loops": 358, "Index Cond": "(movie_id = t.id)"}]}]}, {"Node Type": "Bitmap Heap Scan", "Parent Relationship": "Inner", "Relation Name": "name", "Alias": "n", "Startup Cost": 0.31, "Total Cost": 4.32, "Plan Rows": 1, "Plan Width": 4, "Actual Startup Time": 2.346, "Actual Total Time": 2.346, "Actual Rows": 11, "Actual Loops": 268, "Recheck Cond": "(id = ci.person_id)", "Rows Removed by Index Recheck": 0, "Filter": "((gender IS NOT NULL) AND ((gender)::text = 'f'::text))", "Rows Removed by Filter": 257, "Exact Heap Blocks": 268, "Lossy Heap Blocks": 268, "Plans": [{"Node Type": "Bitmap Index Scan", "Parent Relationship": "Outer", "Index Name": "name_pkey", "Startup Cost": 0.0, "Total Cost": 0.31, "Plan Rows": 1, "Plan Width": 0, "Actual Startup Time": 1.445, "Actual Total Time": 1.445, "Actual Rows": 268, "Actual Loops": 268, "Index Cond": "(id = ci.person_id)"}]}]}]}, "Triggers": [], "Planner Runtime": 24.705, "Total Runtime": 673.207, "Unique SQL Id": 661781350}}, "(1, '67')": {"explain_plan": {"Plan": {"Node Type": "Aggregate", "Strategy": "Plain", "Startup Cost": 1000198965418.13, "Total Cost": 1000198965418.14, "Plan Rows": 1, "Plan Width": 160, "Plans": [{"Node Type": "Nested Loop", "Parent Relationship": "Outer", "Join Type": "Inner", "Startup Cost": 10000000001.87, "Total Cost": 1000198965416.49, "Plan Rows": 219, "Plan Width": 64, "Inner Unique": true, "Plans": [{"Node Type": "Nested Loop", "Parent Relationship": "Outer", "Join Type": "Inner", "Startup Cost": 10000000001.56, "Total Cost": 1000198964025.37, "Plan Rows": 321, "Plan Width": 68, "Inner Unique": true, "Join Filter": "(mi.movie_id = t.id)", "Plans": [{"Node Type": "Nested Loop", "Parent Relationship": "Outer", "Join Type": "Inner", "Startup Cost": 10000000001.27, "Total Cost": 1000198962833.6, "Plan Rows": 276, "Plan Width": 63, "Inner Unique": true, "Plans": [{"Node Type": "Nested Loop", "Parent Relationship": "Outer", "Join Type": "Inner", "Startup Cost": 10000000001.01, "Total Cost": 1000198906787.99, "Plan Rows": 13086, "Plan Width": 67, "Inner Unique": false, "Join Filter": "(mi_idx.movie_id = mi.movie_id)", "Plans": [{"Node Type": "Nested Loop", "Parent Relationship": "Outer", "Join Type": "Inner", "Startup Cost": 10000000000.54, "Total Cost": 1000198841505.29, "Plan Rows": 14313, "Plan Width": 17, "Inner Unique": true, "Plans": [{"Node Type": "Nested Loop", "Parent Relationship": "Outer", "Join Type": "Inner", "Startup Cost": 10000000000.28, "Total Cost": 1000198596304.72, "Plan Rows": 57251, "Plan Width": 21, "Inner Unique": false, "Plans": [{"Node Type": "Index Scan", "Parent Relationship": "Outer", "Scan Direction": "Forward", "Index Name": "person_id_cast_info", "Relation Name": "cast_info", "Alias": "ci", "Startup Cost": 10000000000.0, "Total Cost": 1000193311016.96, "Plan Rows": 1223154, "Plan Width": 8, "Filter": "((note)::text = ANY ('{(writer),\"(head writer)\",\"(written by)\",(story),\"(story editor)\"}'::text[]))"}, {"Node Type": "Bitmap Heap Scan", "Parent Relationship": "Inner", "Relation Name": "movie_info_idx", "Alias": "mi_idx", "Startup Cost": 0.28, "Total Cost": 4.31, "Plan Rows": 1, "Plan Width": 13, "Recheck Cond": "(movie_id = ci.movie_id)", "Filter": "((info)::text > '8.0'::text)", "Plans": [{"Node Type": "Bitmap Index Scan", "Parent Relationship": "Outer", "Index Name": "movie_id_movie_info_idx", "Startup Cost": 0.0, "Total Cost": 0.28, "Plan Rows": 2, "Plan Width": 0, "Index Cond": "(movie_id = ci.movie_id)"}]}]}, {"Node Type": "Bitmap Heap Scan", "Parent Relationship": "Inner", "Relation Name": "info_type", "Alias": "it2", "Startup Cost": 0.26, "Total Cost": 4.27, "Plan Rows": 1, "Plan Width": 4, "Recheck Cond": "(id = mi_idx.info_type_id)", "Filter": "((info)::text = 'rating'::text)", "Plans": [{"Node Type": "Bitmap Index Scan", "Parent Relationship": "Outer", "Index Name": "info_type_pkey", "Startup Cost": 0.0, "Total Cost": 0.26, "Plan Rows": 1, "Plan Width": 0, "Index Cond": "(id = mi_idx.info_type_id)"}]}]}, {"Node Type": "Bitmap Heap Scan", "Parent Relationship": "Inner", "Relation Name": "movie_info", "Alias": "mi", "Startup Cost": 0.47, "Total Cost": 4.55, "Plan Rows": 1, "Plan Width": 50, "Recheck Cond": "(movie_id = ci.movie_id)", "Filter": "((note IS NULL) AND ((info)::text = ANY ('{Horror,Thriller}'::text[])))", "Plans": [{"Node Type": "Bitmap Index Scan", "Parent Relationship": "Outer", "Index Name": "movie_id_movie_info", "Startup Cost": 0.0, "Total Cost": 0.47, "Plan Rows": 5, "Plan Width": 0, "Index Cond": "(movie_id = ci.movie_id)"}]}]}, {"Node Type": "Bitmap Heap Scan", "Parent Relationship": "Inner", "Relation Name": "info_type", "Alias": "it1", "Startup Cost": 0.26, "Total Cost": 4.27, "Plan Rows": 1, "Plan Width": 4, "Recheck Cond": "(id = mi.info_type_id)", "Filter": "((info)::text = 'genres'::text)", "Plans": [{"Node Type": "Bitmap Index Scan", "Parent Relationship": "Outer", "Index Name": "info_type_pkey", "Startup Cost": 0.0, "Total Cost": 0.26, "Plan Rows": 1, "Plan Width": 0, "Index Cond": "(id = mi.info_type_id)"}]}]}, {"Node Type": "Bitmap Heap Scan", "Parent Relationship": "Inner", "Relation Name": "title", "Alias": "t", "Startup Cost": 0.29, "Total Cost": 4.31, "Plan Rows": 1, "Plan Width": 21, "Recheck Cond": "(id = ci.movie_id)", "Filter": "((production_year >= 2008) AND (production_year <= 2014))", "Plans": [{"Node Type": "Bitmap Index Scan", "Parent Relationship": "Outer", "Index Name": "title_pkey", "Startup Cost": 0.0, "Total Cost": 0.29, "Plan Rows": 1, "Plan Width": 0, "Index Cond": "(id = ci.movie_id)"}]}]}, {"Node Type": "Bitmap Heap Scan", "Parent Relationship": "Inner", "Relation Name": "name", "Alias": "n", "Startup Cost": 0.31, "Total Cost": 4.32, "Plan Rows": 1, "Plan Width": 4, "Recheck Cond": "(id = ci.person_id)", "Filter": "((gender IS NOT NULL) AND ((gender)::text = 'f'::text))", "Plans": [{"Node Type": "Bitmap Index Scan", "Parent Relationship": "Outer", "Index Name": "name_pkey", "Startup Cost": 0.0, "Total Cost": 0.31, "Plan Rows": 1, "Plan Width": 0, "Index Cond": "(id = ci.person_id)"}]}]}]}, "Unique SQL Id": 661781350, "Planner Runtime": 10}, "explain_analyze_plan": null}, "(1, '68')": {"explain_plan": {"Plan": {"Node Type": "Aggregate", "Strategy": "Plain", "Startup Cost": 84071.81, "Total Cost": 84071.82, "Plan Rows": 1, "Plan Width": 160, "Plans": [{"Node Type": "Nested Loop", "Parent Relationship": "Outer", "Join Type": "Inner", "Startup Cost": 7421.46, "Total Cost": 84070.17, "Plan Rows": 219, "Plan Width": 64, "Inner Unique": true, "Plans": [{"Node Type": "Nested Loop", "Parent Relationship": "Outer", "Join Type": "Inner", "Startup Cost": 7421.46, "Total Cost": 83909.17, "Plan Rows": 321, "Plan Width": 68, "Inner Unique": false, "Plans": [{"Node Type": "Hash Join", "Parent Relationship": "Outer", "Join Type": "Inner", "Startup Cost": 7421.46, "Total Cost": 83224.15, "Plan Rows": 291, "Plan Width": 76, "Inner Unique": true, "Hash Cond": "(mi.info_type_id = it1.id)", "Plans": [{"Node Type": "Nested Loop", "Parent Relationship": "Outer", "Join Type": "Inner", "Startup Cost": 7419.04, "Total Cost": 83185.31, "Plan Rows": 13753, "Plan Width": 80, "Inner Unique": false, "Plans": [{"Node Type": "Nested Loop", "Parent Relationship": "Outer", "Join Type": "Inner", "Startup Cost": 7419.04, "Total Cost": 61813.18, "Plan Rows": 15041, "Plan Width": 30, "Inner Unique": true, "Plans": [{"Node Type": "Nested Loop", "Parent Relationship": "Outer", "Join Type": "Inner", "Startup Cost": 7419.04, "Total Cost": 19199.92, "Plan Rows": 12936, "Plan Width": 9, "Inner Unique": false, "Plans": [{"Node Type": "Seq Scan", "Parent Relationship": "Outer", "Relation Name": "info_type", "Alias": "it2", "Startup Cost": 0.0, "Total Cost": 2.4, "Plan Rows": 1, "Plan Width": 4, "Filter": "((info)::text = 'rating'::text)"}, {"Node Type": "Bitmap Heap Scan", "Parent Relationship": "Inner", "Relation Name": "movie_info_idx", "Alias": "mi_idx", "Startup Cost": 7419.04, "Total Cost": 19068.16, "Plan Rows": 12936, "Plan Width": 13, "Recheck Cond": "(info_type_id = it2.id)", "Filter": "((info)::text > '8.0'::text)", "Plans": [{"Node Type": "Bitmap Index Scan", "Parent Relationship": "Outer", "Index Name": "info_type_id_movie_info_idx", "Startup Cost": 0.0, "Total Cost": 7415.81, "Plan Rows": 345008, "Plan Width": 0, "Index Cond": "(info_type_id = it2.id)"}]}]}, {"Node Type": "Index Scan", "Parent Relationship": "Inner", "Scan Direction": "Forward", "Index Name": "title_pkey", "Relation Name": "title", "Alias": "t", "Startup Cost": 0.0, "Total Cost": 3.28, "Plan Rows": 1, "Plan Width": 21, "Index Cond": "(id = mi_idx.movie_id)", "Filter": "((production_year >= 2008) AND (production_year <= 2014))"}]}, {"Node Type": "Index Scan", "Parent Relationship": "Inner", "Scan Direction": "Forward", "Index Name": "movie_id_movie_info", "Relation Name": "movie_info", "Alias": "mi", "Startup Cost": 0.0, "Total Cost": 1.41, "Plan Rows": 1, "Plan Width": 50, "Index Cond": "(movie_id = t.id)", "Filter": "((note IS NULL) AND ((info)::text = ANY ('{Horror,Thriller}'::text[])))"}]}, {"Node Type": "Hash", "Parent Relationship": "Inner", "Startup Cost": 2.4, "Total Cost": 2.4, "Plan Rows": 1, "Plan Width": 4, "Plans": [{"Node Type": "Seq Scan", "Parent Relationship": "Outer", "Relation Name": "info_type", "Alias": "it1", "Startup Cost": 0.0, "Total Cost": 2.4, "Plan Rows": 1, "Plan Width": 4, "Filter": "((info)::text = 'genres'::text)"}]}]}, {"Node Type": "Index Scan", "Parent Relationship": "Inner", "Scan Direction": "Forward", "Index Name": "movie_id_cast_info", "Relation Name": "cast_info", "Alias": "ci", "Startup Cost": 0.0, "Total Cost": 2.34, "Plan Rows": 1, "Plan Width": 8, "Index Cond": "(movie_id = t.id)", "Filter": "((note)::text = ANY ('{(writer),\"(head writer)\",\"(written by)\",(story),\"(story editor)\"}'::text[]))"}]}, {"Node Type": "Index Scan", "Parent Relationship": "Inner", "Scan Direction": "Forward", "Index Name": "name_pkey", "Relation Name": "name", "Alias": "n", "Startup Cost": 0.0, "Total Cost": 0.49, "Plan Rows": 1, "Plan Width": 4, "Index Cond": "(id = ci.person_id)", "Filter": "((gender IS NOT NULL) AND ((gender)::text = 'f'::text))"}]}]}, "Unique SQL Id": 661781350, "Planner Runtime": 22}, "explain_analyze_plan": {"Plan": {"Node Type": "Aggregate", "Strategy": "Plain", "Startup Cost": 84071.81, "Total Cost": 84071.82, "Plan Rows": 1, "Plan Width": 160, "Actual Startup Time": 622.118, "Actual Total Time": 622.118, "Actual Rows": 1, "Actual Loops": 1, "Plans": [{"Node Type": "Nested Loop", "Parent Relationship": "Outer", "Join Type": "Inner", "Startup Cost": 7421.46, "Total Cost": 84070.17, "Plan Rows": 219, "Plan Width": 64, "Actual Startup Time": 380.611, "Actual Total Time": 622.055, "Actual Rows": 11, "Actual Loops": 1, "Inner Unique": true, "Plans": [{"Node Type": "Nested Loop", "Parent Relationship": "Outer", "Join Type": "Inner", "Startup Cost": 7421.46, "Total Cost": 83909.17, "Plan Rows": 321, "Plan Width": 68, "Actual Startup Time": 161.645, "Actual Total Time": 619.708, "Actual Rows": 268, "Actual Loops": 1, "Inner Unique": false, "Plans": [{"Node Type": "Hash Join", "Parent Relationship": "Outer", "Join Type": "Inner", "Startup Cost": 7421.46, "Total Cost": 83224.15, "Plan Rows": 291, "Plan Width": 76, "Actual Startup Time": 88.209, "Actual Total Time": 592.334, "Actual Rows": 358, "Actual Loops": 1, "Inner Unique": true, "Hash Cond": "(mi.info_type_id = it1.id)", "Plans": [{"Node Type": "Nested Loop", "Parent Relationship": "Outer", "Join Type": "Inner", "Startup Cost": 7419.04, "Total Cost": 83185.31, "Plan Rows": 13753, "Plan Width": 80, "Actual Startup Time": 88.095, "Actual Total Time": 591.835, "Actual Rows": 358, "Actual Loops": 1, "Inner Unique": false, "Plans": [{"Node Type": "Nested Loop", "Parent Relationship": "Outer", "Join Type": "Inner", "Startup Cost": 7419.04, "Total Cost": 61813.18, "Plan Rows": 15041, "Plan Width": 30, "Actual Startup Time": 79.959, "Actual Total Time": 435.17, "Actual Rows": 6152, "Actual Loops": 1, "Inner Unique": true, "Plans": [{"Node Type": "Nested Loop", "Parent Relationship": "Outer", "Join Type": "Inner", "Startup Cost": 7419.04, "Total Cost": 19199.92, "Plan Rows": 12936, "Plan Width": 9, "Actual Startup Time": 78.174, "Actual Total Time": 347.144, "Actual Rows": 15849, "Actual Loops": 1, "Inner Unique": false, "Plans": [{"Node Type": "Seq Scan", "Parent Relationship": "Outer", "Relation Name": "info_type", "Alias": "it2", "Startup Cost": 0.0, "Total Cost": 2.4, "Plan Rows": 1, "Plan Width": 4, "Actual Startup Time": 0.047, "Actual Total Time": 0.068, "Actual Rows": 1, "Actual Loops": 1, "Filter": "((info)::text = 'rating'::text)", "Rows Removed by Filter": 111}, {"Node Type": "Bitmap Heap Scan", "Parent Relationship": "Inner", "Relation Name": "movie_info_idx", "Alias": "mi_idx", "Startup Cost": 7419.04, "Total Cost": 19068.16, "Plan Rows": 12936, "Plan Width": 13, "Actual Startup Time": 78.122, "Actual Total Time": 343.405, "Actual Rows": 15849, "Actual Loops": 1, "Recheck Cond": "(info_type_id = it2.id)", "Rows Removed by Index Recheck": 0, "Filter": "((info)::text > '8.0'::text)", "Rows Removed by Filter": 444076, "Exact Heap Blocks": 6472, "Lossy Heap Blocks": 6472, "Plans": [{"Node Type": "Bitmap Index Scan", "Parent Relationship": "Outer", "Index Name": "info_type_id_movie_info_idx", "Startup Cost": 0.0, "Total Cost": 7415.81, "Plan Rows": 345008, "Plan Width": 0, "Actual Startup Time": 76.888, "Actual Total Time": 76.888, "Actual Rows": 459925, "Actual Loops": 1, "Index Cond": "(info_type_id = it2.id)"}]}]}, {"Node Type": "Index Scan", "Parent Relationship": "Inner", "Scan Direction": "Forward", "Index Name": "title_pkey", "Relation Name": "title", "Alias": "t", "Startup Cost": 0.0, "Total Cost": 3.28, "Plan Rows": 1, "Plan Width": 21, "Actual Startup Time": 78.009, "Actual Total Time": 78.009, "Actual Rows": 6152, "Actual Loops": 15849, "Index Cond": "(id = mi_idx.movie_id)", "Rows Removed by Index Recheck": 0, "Filter": "((production_year >= 2008) AND (production_year <= 2014))", "Rows Removed by Filter": 9697}]}, {"Node Type": "Index Scan", "Parent Relationship": "Inner", "Scan Direction": "Forward", "Index Name": "movie_id_movie_info", "Relation Name": "movie_info", "Alias": "mi", "Startup Cost": 0.0, "Total Cost": 1.41, "Plan Rows": 1, "Plan Width": 50, "Actual Startup Time": 153.049, "Actual Total Time": 153.353, "Actual Rows": 358, "Actual Loops": 6152, "Index Cond": "(movie_id = t.id)", "Rows Removed by Index Recheck": 0, "Filter": "((note IS NULL) AND ((info)::text = ANY ('{Horror,Thriller}'::text[])))", "Rows Removed by Filter": 109599}]}, {"Node Type": "Hash", "Parent Relationship": "Inner", "Startup Cost": 2.4, "Total Cost": 2.4, "Plan Rows": 1, "Plan Width": 4, "Actual Startup Time": 0.06, "Actual Total Time": 0.06, "Actual Rows": 1, "Actual Loops": 1, "Hash Buckets": 32768, "Hash Batches": 1, "Original Hash Batches": 1, "Peak Memory Usage": 1, "Plans": [{"Node Type": "Seq Scan", "Parent Relationship": "Outer", "Relation Name": "info_type", "Alias": "it1", "Startup Cost": 0.0, "Total Cost": 2.4, "Plan Rows": 1, "Plan Width": 4, "Actual Startup Time": 0.031, "Actual Total Time": 0.055, "Actual Rows": 1, "Actual Loops": 1, "Filter": "((info)::text = 'genres'::text)", "Rows Removed by Filter": 111}]}]}, {"Node Type": "Index Scan", "Parent Relationship": "Inner", "Scan Direction": "Forward", "Index Name": "movie_id_cast_info", "Relation Name": "cast_info", "Alias": "ci", "Startup Cost": 0.0, "Total Cost": 2.34, "Plan Rows": 1, "Plan Width": 8, "Actual Startup Time": 21.098, "Actual Total Time": 26.956, "Actual Rows": 268, "Actual Loops": 358, "Index Cond": "(movie_id = t.id)", "Rows Removed by Index Recheck": 0, "Filter": "((note)::text = ANY ('{(writer),\"(head writer)\",\"(written by)\",(story),\"(story editor)\"}'::text[]))", "Rows Removed by Filter": 12296}]}, {"Node Type": "Index Scan", "Parent Relationship": "Inner", "Scan Direction": "Forward", "Index Name": "name_pkey", "Relation Name": "name", "Alias": "n", "Startup Cost": 0.0, "Total Cost": 0.49, "Plan Rows": 1, "Plan Width": 4, "Actual Startup Time": 2.13, "Actual Total Time": 2.13, "Actual Rows": 11, "Actual Loops": 268, "Index Cond": "(id = ci.person_id)", "Rows Removed by Index Recheck": 0, "Filter": "((gender IS NOT NULL) AND ((gender)::text = 'f'::text))", "Rows Removed by Filter": 257}]}]}, "Triggers": [], "Planner Runtime": 23.017, "Total Runtime": 622.589, "Unique SQL Id": 661781350}}, "(1, '69')": {"explain_plan": {"Plan": {"Node Type": "Aggregate", "Strategy": "Plain", "Startup Cost": 84095.43, "Total Cost": 84095.44, "Plan Rows": 1, "Plan Width": 160, "Plans": [{"Node Type": "Nested Loop", "Parent Relationship": "Outer", "Join Type": "Inner", "Startup Cost": 7433.27, "Total Cost": 84093.79, "Plan Rows": 219, "Plan Width": 64, "Inner Unique": true, "Plans": [{"Node Type": "Nested Loop", "Parent Relationship": "Outer", "Join Type": "Inner", "Startup Cost": 7433.27, "Total Cost": 83932.79, "Plan Rows": 321, "Plan Width": 68, "Inner Unique": false, "Plans": [{"Node Type": "Hash Join", "Parent Relationship": "Outer", "Join Type": "Inner", "Startup Cost": 7433.27, "Total Cost": 83247.77, "Plan Rows": 291, "Plan Width": 76, "Inner Unique": true, "Hash Cond": "(mi.info_type_id = it1.id)", "Plans": [{"Node Type": "Nested Loop", "Parent Relationship": "Outer", "Join Type": "Inner", "Startup Cost": 7419.04, "Total Cost": 83197.12, "Plan Rows": 13753, "Plan Width": 80, "Inner Unique": false, "Plans": [{"Node Type": "Nested Loop", "Parent Relationship": "Outer", "Join Type": "Inner", "Startup Cost": 7419.04, "Total Cost": 61824.99, "Plan Rows": 15041, "Plan Width": 30, "Inner Unique": true, "Plans": [{"Node Type": "Nested Loop", "Parent Relationship": "Outer", "Join Type": "Inner", "Startup Cost": 7419.04, "Total Cost": 19211.73, "Plan Rows": 12936, "Plan Width": 9, "Inner Unique": false, "Plans": [{"Node Type": "Index Scan", "Parent Relationship": "Outer", "Scan Direction": "Forward", "Index Name": "info_type_pkey", "Relation Name": "info_type", "Alias": "it2", "Startup Cost": 0.0, "Total Cost": 14.21, "Plan Rows": 1, "Plan Width": 4, "Filter": "((info)::text = 'rating'::text)"}, {"Node Type": "Bitmap Heap Scan", "Parent Relationship": "Inner", "Relation Name": "movie_info_idx", "Alias": "mi_idx", "Startup Cost": 7419.04, "Total Cost": 19068.16, "Plan Rows": 12936, "Plan Width": 13, "Recheck Cond": "(info_type_id = it2.id)", "Filter": "((info)::text > '8.0'::text)", "Plans": [{"Node Type": "Bitmap Index Scan", "Parent Relationship": "Outer", "Index Name": "info_type_id_movie_info_idx", "Startup Cost": 0.0, "Total Cost": 7415.81, "Plan Rows": 345008, "Plan Width": 0, "Index Cond": "(info_type_id = it2.id)"}]}]}, {"Node Type": "Index Scan", "Parent Relationship": "Inner", "Scan Direction": "Forward", "Index Name": "title_pkey", "Relation Name": "title", "Alias": "t", "Startup Cost": 0.0, "Total Cost": 3.28, "Plan Rows": 1, "Plan Width": 21, "Index Cond": "(id = mi_idx.movie_id)", "Filter": "((production_year >= 2008) AND (production_year <= 2014))"}]}, {"Node Type": "Index Scan", "Parent Relationship": "Inner", "Scan Direction": "Forward", "Index Name": "movie_id_movie_info", "Relation Name": "movie_info", "Alias": "mi", "Startup Cost": 0.0, "Total Cost": 1.41, "Plan Rows": 1, "Plan Width": 50, "Index Cond": "(movie_id = t.id)", "Filter": "((note IS NULL) AND ((info)::text = ANY ('{Horror,Thriller}'::text[])))"}]}, {"Node Type": "Hash", "Parent Relationship": "Inner", "Startup Cost": 14.21, "Total Cost": 14.21, "Plan Rows": 1, "Plan Width": 4, "Plans": [{"Node Type": "Index Scan", "Parent Relationship": "Outer", "Scan Direction": "Forward", "Index Name": "info_type_pkey", "Relation Name": "info_type", "Alias": "it1", "Startup Cost": 0.0, "Total Cost": 14.21, "Plan Rows": 1, "Plan Width": 4, "Filter": "((info)::text = 'genres'::text)"}]}]}, {"Node Type": "Index Scan", "Parent Relationship": "Inner", "Scan Direction": "Forward", "Index Name": "movie_id_cast_info", "Relation Name": "cast_info", "Alias": "ci", "Startup Cost": 0.0, "Total Cost": 2.34, "Plan Rows": 1, "Plan Width": 8, "Index Cond": "(movie_id = t.id)", "Filter": "((note)::text = ANY ('{(writer),\"(head writer)\",\"(written by)\",(story),\"(story editor)\"}'::text[]))"}]}, {"Node Type": "Index Scan", "Parent Relationship": "Inner", "Scan Direction": "Forward", "Index Name": "name_pkey", "Relation Name": "name", "Alias": "n", "Startup Cost": 0.0, "Total Cost": 0.49, "Plan Rows": 1, "Plan Width": 4, "Index Cond": "(id = ci.person_id)", "Filter": "((gender IS NOT NULL) AND ((gender)::text = 'f'::text))"}]}]}, "Unique SQL Id": 661781350, "Planner Runtime": 17}, "explain_analyze_plan": {"Plan": {"Node Type": "Aggregate", "Strategy": "Plain", "Startup Cost": 84095.43, "Total Cost": 84095.44, "Plan Rows": 1, "Plan Width": 160, "Actual Startup Time": 700.86, "Actual Total Time": 700.861, "Actual Rows": 1, "Actual Loops": 1, "Plans": [{"Node Type": "Nested Loop", "Parent Relationship": "Outer", "Join Type": "Inner", "Startup Cost": 7433.27, "Total Cost": 84093.79, "Plan Rows": 219, "Plan Width": 64, "Actual Startup Time": 393.218, "Actual Total Time": 700.801, "Actual Rows": 11, "Actual Loops": 1, "Inner Unique": true, "Plans": [{"Node Type": "Nested Loop", "Parent Relationship": "Outer", "Join Type": "Inner", "Startup Cost": 7433.27, "Total Cost": 83932.79, "Plan Rows": 321, "Plan Width": 68, "Actual Startup Time": 162.686, "Actual Total Time": 697.881, "Actual Rows": 268, "Actual Loops": 1, "Inner Unique": false, "Plans": [{"Node Type": "Hash Join", "Parent Relationship": "Outer", "Join Type": "Inner", "Startup Cost": 7433.27, "Total Cost": 83247.77, "Plan Rows": 291, "Plan Width": 76, "Actual Startup Time": 88.768, "Actual Total Time": 660.4, "Actual Rows": 358, "Actual Loops": 1, "Inner Unique": true, "Hash Cond": "(mi.info_type_id = it1.id)", "Plans": [{"Node Type": "Nested Loop", "Parent Relationship": "Outer", "Join Type": "Inner", "Startup Cost": 7419.04, "Total Cost": 83197.12, "Plan Rows": 13753, "Plan Width": 80, "Actual Startup Time": 88.623, "Actual Total Time": 659.888, "Actual Rows": 358, "Actual Loops": 1, "Inner Unique": false, "Plans": [{"Node Type": "Nested Loop", "Parent Relationship": "Outer", "Join Type": "Inner", "Startup Cost": 7419.04, "Total Cost": 61824.99, "Plan Rows": 15041, "Plan Width": 30, "Actual Startup Time": 80.43, "Actual Total Time": 482.543, "Actual Rows": 6152, "Actual Loops": 1, "Inner Unique": true, "Plans": [{"Node Type": "Nested Loop", "Parent Relationship": "Outer", "Join Type": "Inner", "Startup Cost": 7419.04, "Total Cost": 19211.73, "Plan Rows": 12936, "Plan Width": 9, "Actual Startup Time": 78.641, "Actual Total Time": 384.098, "Actual Rows": 15849, "Actual Loops": 1, "Inner Unique": false, "Plans": [{"Node Type": "Index Scan", "Parent Relationship": "Outer", "Scan Direction": "Forward", "Index Name": "info_type_pkey", "Relation Name": "info_type", "Alias": "it2", "Startup Cost": 0.0, "Total Cost": 14.21, "Plan Rows": 1, "Plan Width": 4, "Actual Startup Time": 0.049, "Actual Total Time": 0.062, "Actual Rows": 1, "Actual Loops": 1, "Filter": "((info)::text = 'rating'::text)", "Rows Removed by Filter": 111}, {"Node Type": "Bitmap Heap Scan", "Parent Relationship": "Inner", "Relation Name": "movie_info_idx", "Alias": "mi_idx", "Startup Cost": 7419.04, "Total Cost": 19068.16, "Plan Rows": 12936, "Plan Width": 13, "Actual Startup Time": 78.587, "Actual Total Time": 380.457, "Actual Rows": 15849, "Actual Loops": 1, "Recheck Cond": "(info_type_id = it2.id)", "Rows Removed by Index Recheck": 0, "Filter": "((info)::text > '8.0'::text)", "Rows Removed by Filter": 444076, "Exact Heap Blocks": 6472, "Lossy Heap Blocks": 6472, "Plans": [{"Node Type": "Bitmap Index Scan", "Parent Relationship": "Outer", "Index Name": "info_type_id_movie_info_idx", "Startup Cost": 0.0, "Total Cost": 7415.81, "Plan Rows": 345008, "Plan Width": 0, "Actual Startup Time": 77.298, "Actual Total Time": 77.298, "Actual Rows": 459925, "Actual Loops": 1, "Index Cond": "(info_type_id = it2.id)"}]}]}, {"Node Type": "Index Scan", "Parent Relationship": "Inner", "Scan Direction": "Forward", "Index Name": "title_pkey", "Relation Name": "title", "Alias": "t", "Startup Cost": 0.0, "Total Cost": 3.28, "Plan Rows": 1, "Plan Width": 21, "Actual Startup Time": 88.591, "Actual Total Time": 88.591, "Actual Rows": 6152, "Actual Loops": 15849, "Index Cond": "(id = mi_idx.movie_id)", "Rows Removed by Index Recheck": 0, "Filter": "((production_year >= 2008) AND (production_year <= 2014))", "Rows Removed by Filter": 9697}]}, {"Node Type": "Index Scan", "Parent Relationship": "Inner", "Scan Direction": "Forward", "Index Name": "movie_id_movie_info", "Relation Name": "movie_info", "Alias": "mi", "Startup Cost": 0.0, "Total Cost": 1.41, "Plan Rows": 1, "Plan Width": 50, "Actual Startup Time": 173.583, "Actual Total Time": 173.897, "Actual Rows": 358, "Actual Loops": 6152, "Index Cond": "(movie_id = t.id)", "Rows Removed by Index Recheck": 0, "Filter": "((note IS NULL) AND ((info)::text = ANY ('{Horror,Thriller}'::text[])))", "Rows Removed by Filter": 109599}]}, {"Node Type": "Hash", "Parent Relationship": "Inner", "Startup Cost": 14.21, "Total Cost": 14.21, "Plan Rows": 1, "Plan Width": 4, "Actual Startup Time": 0.074, "Actual Total Time": 0.074, "Actual Rows": 1, "Actual Loops": 1, "Hash Buckets": 32768, "Hash Batches": 1, "Original Hash Batches": 1, "Peak Memory Usage": 1, "Plans": [{"Node Type": "Index Scan", "Parent Relationship": "Outer", "Scan Direction": "Forward", "Index Name": "info_type_pkey", "Relation Name": "info_type", "Alias": "it1", "Startup Cost": 0.0, "Total Cost": 14.21, "Plan Rows": 1, "Plan Width": 4, "Actual Startup Time": 0.021, "Actual Total Time": 0.069, "Actual Rows": 1, "Actual Loops": 1, "Filter": "((info)::text = 'genres'::text)", "Rows Removed by Filter": 111}]}]}, {"Node Type": "Index Scan", "Parent Relationship": "Inner", "Scan Direction": "Forward", "Index Name": "movie_id_cast_info", "Relation Name": "cast_info", "Alias": "ci", "Startup Cost": 0.0, "Total Cost": 2.34, "Plan Rows": 1, "Plan Width": 8, "Actual Startup Time": 29.082, "Actual Total Time": 37.018, "Actual Rows": 268, "Actual Loops": 358, "Index Cond": "(movie_id = t.id)", "Rows Removed by Index Recheck": 0, "Filter": "((note)::text = ANY ('{(writer),\"(head writer)\",\"(written by)\",(story),\"(story editor)\"}'::text[]))", "Rows Removed by Filter": 12296}]}, {"Node Type": "Index Scan", "Parent Relationship": "Inner", "Scan Direction": "Forward", "Index Name": "name_pkey", "Relation Name": "name", "Alias": "n", "Startup Cost": 0.0, "Total Cost": 0.49, "Plan Rows": 1, "Plan Width": 4, "Actual Startup Time": 2.688, "Actual Total Time": 2.688, "Actual Rows": 11, "Actual Loops": 268, "Index Cond": "(id = ci.person_id)", "Rows Removed by Index Recheck": 0, "Filter": "((gender IS NOT NULL) AND ((gender)::text = 'f'::text))", "Rows Removed by Filter": 257}]}]}, "Triggers": [], "Planner Runtime": 17.355, "Total Runtime": 701.223, "Unique SQL Id": 661781350}}, "(1, '70')": {"explain_plan": {"Plan": {"Node Type": "Aggregate", "Strategy": "Plain", "Startup Cost": 156950.7, "Total Cost": 156950.71, "Plan Rows": 1, "Plan Width": 160, "Plans": [{"Node Type": "Nested Loop", "Parent Relationship": "Outer", "Join Type": "Inner", "Startup Cost": 7424.33, "Total Cost": 156948.96, "Plan Rows": 233, "Plan Width": 64, "Inner Unique": true, "Plans": [{"Node Type": "Nested Loop", "Parent Relationship": "Outer", "Join Type": "Inner", "Startup Cost": 7424.02, "Total Cost": 155557.84, "Plan Rows": 321, "Plan Width": 68, "Inner Unique": false, "Plans": [{"Node Type": "Hash Join", "Parent Relationship": "Outer", "Join Type": "Inner", "Startup Cost": 7423.01, "Total Cost": 154064.66, "Plan Rows": 291, "Plan Width": 76, "Inner Unique": true, "Hash Cond": "(mi.info_type_id = it1.id)", "Plans": [{"Node Type": "Nested Loop", "Parent Relationship": "Outer", "Join Type": "Inner", "Startup Cost": 7420.6, "Total Cost": 154025.82, "Plan Rows": 13753, "Plan Width": 80, "Inner Unique": false, "Plans": [{"Node Type": "Nested Loop", "Parent Relationship": "Outer", "Join Type": "Inner", "Startup Cost": 7420.02, "Total Cost": 83886.56, "Plan Rows": 15041, "Plan Width": 30, "Inner Unique": true, "Plans": [{"Node Type": "Nested Loop", "Parent Relationship": "Outer", "Join Type": "Inner", "Startup Cost": 7419.04, "Total Cost": 19199.92, "Plan Rows": 12936, "Plan Width": 9, "Inner Unique": false, "Plans": [{"Node Type": "Seq Scan", "Parent Relationship": "Outer", "Relation Name": "info_type", "Alias": "it2", "Startup Cost": 0.0, "Total Cost": 2.4, "Plan Rows": 1, "Plan Width": 4, "Filter": "((info)::text = 'rating'::text)"}, {"Node Type": "Bitmap Heap Scan", "Parent Relationship": "Inner", "Relation Name": "movie_info_idx", "Alias": "mi_idx", "Startup Cost": 7419.04, "Total Cost": 19068.16, "Plan Rows": 12936, "Plan Width": 13, "Recheck Cond": "(info_type_id = it2.id)", "Filter": "((info)::text > '8.0'::text)", "Plans": [{"Node Type": "Bitmap Index Scan", "Parent Relationship": "Outer", "Index Name": "info_type_id_movie_info_idx", "Startup Cost": 0.0, "Total Cost": 7415.81, "Plan Rows": 345008, "Plan Width": 0, "Index Cond": "(info_type_id = it2.id)"}]}]}, {"Node Type": "Bitmap Heap Scan", "Parent Relationship": "Inner", "Relation Name": "title", "Alias": "t", "Startup Cost": 0.97, "Total Cost": 4.99, "Plan Rows": 1, "Plan Width": 21, "Recheck Cond": "(id = mi_idx.movie_id)", "Filter": "((production_year >= 2008) AND (production_year <= 2014))", "Plans": [{"Node Type": "Bitmap Index Scan", "Parent Relationship": "Outer", "Index Name": "title_pkey", "Startup Cost": 0.0, "Total Cost": 0.97, "Plan Rows": 1, "Plan Width": 0, "Index Cond": "(id = mi_idx.movie_id)"}]}]}, {"Node Type": "Bitmap Heap Scan", "Parent Relationship": "Inner", "Relation Name": "movie_info", "Alias": "mi", "Startup Cost": 0.58, "Total Cost": 4.65, "Plan Rows": 1, "Plan Width": 50, "Recheck Cond": "(movie_id = t.id)", "Filter": "((note IS NULL) AND ((info)::text = ANY ('{Horror,Thriller}'::text[])))", "Plans": [{"Node Type": "Bitmap Index Scan", "Parent Relationship": "Outer", "Index Name": "movie_id_movie_info", "Startup Cost": 0.0, "Total Cost": 0.58, "Plan Rows": 5, "Plan Width": 0, "Index Cond": "(movie_id = t.id)"}]}]}, {"Node Type": "Hash", "Parent Relationship": "Inner", "Startup Cost": 2.4, "Total Cost": 2.4, "Plan Rows": 1, "Plan Width": 4, "Plans": [{"Node Type": "Seq Scan", "Parent Relationship": "Outer", "Relation Name": "info_type", "Alias": "it1", "Startup Cost": 0.0, "Total Cost": 2.4, "Plan Rows": 1, "Plan Width": 4, "Filter": "((info)::text = 'genres'::text)"}]}]}, {"Node Type": "Bitmap Heap Scan", "Parent Relationship": "Inner", "Relation Name": "cast_info", "Alias": "ci", "Startup Cost": 1.01, "Total Cost": 5.12, "Plan Rows": 1, "Plan Width": 8, "Recheck Cond": "(movie_id = t.id)", "Filter": "((note)::text = ANY ('{(writer),\"(head writer)\",\"(written by)\",(story),\"(story editor)\"}'::text[]))", "Plans": [{"Node Type": "Bitmap Index Scan", "Parent Relationship": "Outer", "Index Name": "movie_id_cast_info", "Startup Cost": 0.0, "Total Cost": 1.01, "Plan Rows": 6, "Plan Width": 0, "Index Cond": "(movie_id = t.id)"}]}]}, {"Node Type": "Bitmap Heap Scan", "Parent Relationship": "Inner", "Relation Name": "name", "Alias": "n", "Startup Cost": 0.31, "Total Cost": 4.32, "Plan Rows": 1, "Plan Width": 4, "Recheck Cond": "(id = ci.person_id)", "Filter": "((gender IS NOT NULL) AND ((gender)::text = 'f'::text))", "Plans": [{"Node Type": "Bitmap Index Scan", "Parent Relationship": "Outer", "Index Name": "name_pkey", "Startup Cost": 0.0, "Total Cost": 0.31, "Plan Rows": 1, "Plan Width": 0, "Index Cond": "(id = ci.person_id)"}]}]}]}, "Unique SQL Id": 661781350, "Planner Runtime": 24}, "explain_analyze_plan": {"Plan": {"Node Type": "Aggregate", "Strategy": "Plain", "Startup Cost": 156950.7, "Total Cost": 156950.71, "Plan Rows": 1, "Plan Width": 160, "Actual Startup Time": 672.88, "Actual Total Time": 672.881, "Actual Rows": 1, "Actual Loops": 1, "Plans": [{"Node Type": "Nested Loop", "Parent Relationship": "Outer", "Join Type": "Inner", "Startup Cost": 7424.33, "Total Cost": 156948.96, "Plan Rows": 233, "Plan Width": 64, "Actual Startup Time": 407.791, "Actual Total Time": 672.818, "Actual Rows": 11, "Actual Loops": 1, "Inner Unique": true, "Plans": [{"Node Type": "Nested Loop", "Parent Relationship": "Outer", "Join Type": "Inner", "Startup Cost": 7424.02, "Total Cost": 155557.84, "Plan Rows": 321, "Plan Width": 68, "Actual Startup Time": 176.877, "Actual Total Time": 669.966, "Actual Rows": 268, "Actual Loops": 1, "Inner Unique": false, "Plans": [{"Node Type": "Hash Join", "Parent Relationship": "Outer", "Join Type": "Inner", "Startup Cost": 7423.01, "Total Cost": 154064.66, "Plan Rows": 291, "Plan Width": 76, "Actual Startup Time": 90.433, "Actual Total Time": 636.238, "Actual Rows": 358, "Actual Loops": 1, "Inner Unique": true, "Hash Cond": "(mi.info_type_id = it1.id)", "Plans": [{"Node Type": "Nested Loop", "Parent Relationship": "Outer", "Join Type": "Inner", "Startup Cost": 7420.6, "Total Cost": 154025.82, "Plan Rows": 13753, "Plan Width": 80, "Actual Startup Time": 90.283, "Actual Total Time": 635.576, "Actual Rows": 358, "Actual Loops": 1, "Inner Unique": false, "Plans": [{"Node Type": "Nested Loop", "Parent Relationship": "Outer", "Join Type": "Inner", "Startup Cost": 7420.02, "Total Cost": 83886.56, "Plan Rows": 15041, "Plan Width": 30, "Actual Startup Time": 80.96, "Actual Total Time": 452.566, "Actual Rows": 6152, "Actual Loops": 1, "Inner Unique": true, "Plans": [{"Node Type": "Nested Loop", "Parent Relationship": "Outer", "Join Type": "Inner", "Startup Cost": 7419.04, "Total Cost": 19199.92, "Plan Rows": 12936, "Plan Width": 9, "Actual Startup Time": 78.808, "Actual Total Time": 338.594, "Actual Rows": 15849, "Actual Loops": 1, "Inner Unique": false, "Plans": [{"Node Type": "Seq Scan", "Parent Relationship": "Outer", "Relation Name": "info_type", "Alias": "it2", "Startup Cost": 0.0, "Total Cost": 2.4, "Plan Rows": 1, "Plan Width": 4, "Actual Startup Time": 0.053, "Actual Total Time": 0.069, "Actual Rows": 1, "Actual Loops": 1, "Filter": "((info)::text = 'rating'::text)", "Rows Removed by Filter": 111}, {"Node Type": "Bitmap Heap Scan", "Parent Relationship": "Inner", "Relation Name": "movie_info_idx", "Alias": "mi_idx", "Startup Cost": 7419.04, "Total Cost": 19068.16, "Plan Rows": 12936, "Plan Width": 13, "Actual Startup Time": 78.749, "Actual Total Time": 334.615, "Actual Rows": 15849, "Actual Loops": 1, "Recheck Cond": "(info_type_id = it2.id)", "Rows Removed by Index Recheck": 0, "Filter": "((info)::text > '8.0'::text)", "Rows Removed by Filter": 444076, "Exact Heap Blocks": 6472, "Lossy Heap Blocks": 6472, "Plans": [{"Node Type": "Bitmap Index Scan", "Parent Relationship": "Outer", "Index Name": "info_type_id_movie_info_idx", "Startup Cost": 0.0, "Total Cost": 7415.81, "Plan Rows": 345008, "Plan Width": 0, "Actual Startup Time": 77.401, "Actual Total Time": 77.401, "Actual Rows": 459925, "Actual Loops": 1, "Index Cond": "(info_type_id = it2.id)"}]}]}, {"Node Type": "Bitmap Heap Scan", "Parent Relationship": "Inner", "Relation Name": "title", "Alias": "t", "Startup Cost": 0.97, "Total Cost": 4.99, "Plan Rows": 1, "Plan Width": 21, "Actual Startup Time": 92.74, "Actual Total Time": 92.74, "Actual Rows": 6152, "Actual Loops": 15849, "Recheck Cond": "(id = mi_idx.movie_id)", "Rows Removed by Index Recheck": 0, "Filter": "((production_year >= 2008) AND (production_year <= 2014))", "Rows Removed by Filter": 9697, "Exact Heap Blocks": 15849, "Lossy Heap Blocks": 15849, "Plans": [{"Node Type": "Bitmap Index Scan", "Parent Relationship": "Outer", "Index Name": "title_pkey", "Startup Cost": 0.0, "Total Cost": 0.97, "Plan Rows": 1, "Plan Width": 0, "Actual Startup Time": 45.846, "Actual Total Time": 45.846, "Actual Rows": 15849, "Actual Loops": 15849, "Index Cond": "(id = mi_idx.movie_id)"}]}]}, {"Node Type": "Bitmap Heap Scan", "Parent Relationship": "Inner", "Relation Name": "movie_info", "Alias": "mi", "Startup Cost": 0.58, "Total Cost": 4.65, "Plan Rows": 1, "Plan Width": 50, "Actual Startup Time": 174.588, "Actual Total Time": 174.761, "Actual Rows": 358, "Actual Loops": 6152, "Recheck Cond": "(movie_id = t.id)", "Rows Removed by Index Recheck": 0, "Filter": "((note IS NULL) AND ((info)::text = ANY ('{Horror,Thriller}'::text[])))", "Rows Removed by Filter": 109599, "Exact Heap Blocks": 52726, "Lossy Heap Blocks": 52726, "Plans": [{"Node Type": "Bitmap Index Scan", "Parent Relationship": "Outer", "Index Name": "movie_id_movie_info", "Startup Cost": 0.0, "Total Cost": 0.58, "Plan Rows": 5, "Plan Width": 0, "Actual Startup Time": 40.598, "Actual Total Time": 40.598, "Actual Rows": 109957, "Actual Loops": 6152, "Index Cond": "(movie_id = t.id)"}]}]}, {"Node Type": "Hash", "Parent Relationship": "Inner", "Startup Cost": 2.4, "Total Cost": 2.4, "Plan Rows": 1, "Plan Width": 4, "Actual Startup Time": 0.083, "Actual Total Time": 0.083, "Actual Rows": 1, "Actual Loops": 1, "Hash Buckets": 32768, "Hash Batches": 1, "Original Hash Batches": 1, "Peak Memory Usage": 1, "Plans": [{"Node Type": "Seq Scan", "Parent Relationship": "Outer", "Relation Name": "info_type", "Alias": "it1", "Startup Cost": 0.0, "Total Cost": 2.4, "Plan Rows": 1, "Plan Width": 4, "Actual Startup Time": 0.046, "Actual Total Time": 0.071, "Actual Rows": 1, "Actual Loops": 1, "Filter": "((info)::text = 'genres'::text)", "Rows Removed by Filter": 111}]}]}, {"Node Type": "Bitmap Heap Scan", "Parent Relationship": "Inner", "Relation Name": "cast_info", "Alias": "ci", "Startup Cost": 1.01, "Total Cost": 5.12, "Plan Rows": 1, "Plan Width": 8, "Actual Startup Time": 26.666, "Actual Total Time": 32.741, "Actual Rows": 268, "Actual Loops": 358, "Recheck Cond": "(movie_id = t.id)", "Rows Removed by Index Recheck": 0, "Filter": "((note)::text = ANY ('{(writer),\"(head writer)\",\"(written by)\",(story),\"(story editor)\"}'::text[]))", "Rows Removed by Filter": 12296, "Exact Heap Blocks": 11454, "Lossy Heap Blocks": 11454, "Plans": [{"Node Type": "Bitmap Index Scan", "Parent Relationship": "Outer", "Index Name": "movie_id_cast_info", "Startup Cost": 0.0, "Total Cost": 1.01, "Plan Rows": 6, "Plan Width": 0, "Actual Startup Time": 4.928, "Actual Total Time": 4.928, "Actual Rows": 12564, "Actual Loops": 358, "Index Cond": "(movie_id = t.id)"}]}]}, {"Node Type": "Bitmap Heap Scan", "Parent Relationship": "Inner", "Relation Name": "name", "Alias": "n", "Startup Cost": 0.31, "Total Cost": 4.32, "Plan Rows": 1, "Plan Width": 4, "Actual Startup Time": 2.346, "Actual Total Time": 2.346, "Actual Rows": 11, "Actual Loops": 268, "Recheck Cond": "(id = ci.person_id)", "Rows Removed by Index Recheck": 0, "Filter": "((gender IS NOT NULL) AND ((gender)::text = 'f'::text))", "Rows Removed by Filter": 257, "Exact Heap Blocks": 268, "Lossy Heap Blocks": 268, "Plans": [{"Node Type": "Bitmap Index Scan", "Parent Relationship": "Outer", "Index Name": "name_pkey", "Startup Cost": 0.0, "Total Cost": 0.31, "Plan Rows": 1, "Plan Width": 0, "Actual Startup Time": 1.445, "Actual Total Time": 1.445, "Actual Rows": 268, "Actual Loops": 268, "Index Cond": "(id = ci.person_id)"}]}]}]}, "Triggers": [], "Planner Runtime": 24.705, "Total Runtime": 673.207, "Unique SQL Id": 661781350}}, "(1, '71')": {"explain_plan": {"Plan": {"Node Type": "Aggregate", "Strategy": "Plain", "Startup Cost": 1000198965418.13, "Total Cost": 1000198965418.14, "Plan Rows": 1, "Plan Width": 160, "Plans": [{"Node Type": "Nested Loop", "Parent Relationship": "Outer", "Join Type": "Inner", "Startup Cost": 10000000001.87, "Total Cost": 1000198965416.49, "Plan Rows": 219, "Plan Width": 64, "Inner Unique": true, "Plans": [{"Node Type": "Nested Loop", "Parent Relationship": "Outer", "Join Type": "Inner", "Startup Cost": 10000000001.56, "Total Cost": 1000198964025.37, "Plan Rows": 321, "Plan Width": 68, "Inner Unique": true, "Join Filter": "(mi.movie_id = t.id)", "Plans": [{"Node Type": "Nested Loop", "Parent Relationship": "Outer", "Join Type": "Inner", "Startup Cost": 10000000001.27, "Total Cost": 1000198962833.6, "Plan Rows": 276, "Plan Width": 63, "Inner Unique": true, "Plans": [{"Node Type": "Nested Loop", "Parent Relationship": "Outer", "Join Type": "Inner", "Startup Cost": 10000000001.01, "Total Cost": 1000198906787.99, "Plan Rows": 13086, "Plan Width": 67, "Inner Unique": false, "Join Filter": "(mi_idx.movie_id = mi.movie_id)", "Plans": [{"Node Type": "Nested Loop", "Parent Relationship": "Outer", "Join Type": "Inner", "Startup Cost": 10000000000.54, "Total Cost": 1000198841505.29, "Plan Rows": 14313, "Plan Width": 17, "Inner Unique": true, "Plans": [{"Node Type": "Nested Loop", "Parent Relationship": "Outer", "Join Type": "Inner", "Startup Cost": 10000000000.28, "Total Cost": 1000198596304.72, "Plan Rows": 57251, "Plan Width": 21, "Inner Unique": false, "Plans": [{"Node Type": "Index Scan", "Parent Relationship": "Outer", "Scan Direction": "Forward", "Index Name": "person_id_cast_info", "Relation Name": "cast_info", "Alias": "ci", "Startup Cost": 10000000000.0, "Total Cost": 1000193311016.96, "Plan Rows": 1223154, "Plan Width": 8, "Filter": "((note)::text = ANY ('{(writer),\"(head writer)\",\"(written by)\",(story),\"(story editor)\"}'::text[]))"}, {"Node Type": "Bitmap Heap Scan", "Parent Relationship": "Inner", "Relation Name": "movie_info_idx", "Alias": "mi_idx", "Startup Cost": 0.28, "Total Cost": 4.31, "Plan Rows": 1, "Plan Width": 13, "Recheck Cond": "(movie_id = ci.movie_id)", "Filter": "((info)::text > '8.0'::text)", "Plans": [{"Node Type": "Bitmap Index Scan", "Parent Relationship": "Outer", "Index Name": "movie_id_movie_info_idx", "Startup Cost": 0.0, "Total Cost": 0.28, "Plan Rows": 2, "Plan Width": 0, "Index Cond": "(movie_id = ci.movie_id)"}]}]}, {"Node Type": "Bitmap Heap Scan", "Parent Relationship": "Inner", "Relation Name": "info_type", "Alias": "it2", "Startup Cost": 0.26, "Total Cost": 4.27, "Plan Rows": 1, "Plan Width": 4, "Recheck Cond": "(id = mi_idx.info_type_id)", "Filter": "((info)::text = 'rating'::text)", "Plans": [{"Node Type": "Bitmap Index Scan", "Parent Relationship": "Outer", "Index Name": "info_type_pkey", "Startup Cost": 0.0, "Total Cost": 0.26, "Plan Rows": 1, "Plan Width": 0, "Index Cond": "(id = mi_idx.info_type_id)"}]}]}, {"Node Type": "Bitmap Heap Scan", "Parent Relationship": "Inner", "Relation Name": "movie_info", "Alias": "mi", "Startup Cost": 0.47, "Total Cost": 4.55, "Plan Rows": 1, "Plan Width": 50, "Recheck Cond": "(movie_id = ci.movie_id)", "Filter": "((note IS NULL) AND ((info)::text = ANY ('{Horror,Thriller}'::text[])))", "Plans": [{"Node Type": "Bitmap Index Scan", "Parent Relationship": "Outer", "Index Name": "movie_id_movie_info", "Startup Cost": 0.0, "Total Cost": 0.47, "Plan Rows": 5, "Plan Width": 0, "Index Cond": "(movie_id = ci.movie_id)"}]}]}, {"Node Type": "Bitmap Heap Scan", "Parent Relationship": "Inner", "Relation Name": "info_type", "Alias": "it1", "Startup Cost": 0.26, "Total Cost": 4.27, "Plan Rows": 1, "Plan Width": 4, "Recheck Cond": "(id = mi.info_type_id)", "Filter": "((info)::text = 'genres'::text)", "Plans": [{"Node Type": "Bitmap Index Scan", "Parent Relationship": "Outer", "Index Name": "info_type_pkey", "Startup Cost": 0.0, "Total Cost": 0.26, "Plan Rows": 1, "Plan Width": 0, "Index Cond": "(id = mi.info_type_id)"}]}]}, {"Node Type": "Bitmap Heap Scan", "Parent Relationship": "Inner", "Relation Name": "title", "Alias": "t", "Startup Cost": 0.29, "Total Cost": 4.31, "Plan Rows": 1, "Plan Width": 21, "Recheck Cond": "(id = ci.movie_id)", "Filter": "((production_year >= 2008) AND (production_year <= 2014))", "Plans": [{"Node Type": "Bitmap Index Scan", "Parent Relationship": "Outer", "Index Name": "title_pkey", "Startup Cost": 0.0, "Total Cost": 0.29, "Plan Rows": 1, "Plan Width": 0, "Index Cond": "(id = ci.movie_id)"}]}]}, {"Node Type": "Bitmap Heap Scan", "Parent Relationship": "Inner", "Relation Name": "name", "Alias": "n", "Startup Cost": 0.31, "Total Cost": 4.32, "Plan Rows": 1, "Plan Width": 4, "Recheck Cond": "(id = ci.person_id)", "Filter": "((gender IS NOT NULL) AND ((gender)::text = 'f'::text))", "Plans": [{"Node Type": "Bitmap Index Scan", "Parent Relationship": "Outer", "Index Name": "name_pkey", "Startup Cost": 0.0, "Total Cost": 0.31, "Plan Rows": 1, "Plan Width": 0, "Index Cond": "(id = ci.person_id)"}]}]}]}, "Unique SQL Id": 661781350, "Planner Runtime": 10}, "explain_analyze_plan": null}, "(1, '72')": {"explain_plan": {"Plan": {"Node Type": "Aggregate", "Strategy": "Plain", "Startup Cost": 88857.77, "Total Cost": 88857.78, "Plan Rows": 1, "Plan Width": 160, "Plans": [{"Node Type": "Nested Loop", "Parent Relationship": "Outer", "Join Type": "Inner", "Startup Cost": 4.83, "Total Cost": 88856.13, "Plan Rows": 219, "Plan Width": 64, "Inner Unique": true, "Plans": [{"Node Type": "Nested Loop", "Parent Relationship": "Outer", "Join Type": "Inner", "Startup Cost": 4.83, "Total Cost": 88695.14, "Plan Rows": 321, "Plan Width": 68, "Inner Unique": false, "Plans": [{"Node Type": "Hash Join", "Parent Relationship": "Outer", "Join Type": "Inner", "Startup Cost": 4.83, "Total Cost": 88010.11, "Plan Rows": 291, "Plan Width": 76, "Inner Unique": true, "Hash Cond": "(mi.info_type_id = it1.id)", "Plans": [{"Node Type": "Nested Loop", "Parent Relationship": "Outer", "Join Type": "Inner", "Startup Cost": 2.41, "Total Cost": 87971.27, "Plan Rows": 13753, "Plan Width": 80, "Inner Unique": false, "Plans": [{"Node Type": "Nested Loop", "Parent Relationship": "Outer", "Join Type": "Inner", "Startup Cost": 2.41, "Total Cost": 66599.14, "Plan Rows": 15041, "Plan Width": 30, "Inner Unique": true, "Plans": [{"Node Type": "Hash Join", "Parent Relationship": "Outer", "Join Type": "Inner", "Startup Cost": 2.41, "Total Cost": 23985.89, "Plan Rows": 12936, "Plan Width": 9, "Inner Unique": true, "Hash Cond": "(mi_idx.info_type_id = it2.id)", "Plans": [{"Node Type": "Seq Scan", "Parent Relationship": "Outer", "Relation Name": "movie_info_idx", "Alias": "mi_idx", "Startup Cost": 0.0, "Total Cost": 23724.42, "Plan Rows": 51746, "Plan Width": 13, "Filter": "((info)::text > '8.0'::text)"}, {"Node Type": "Hash", "Parent Relationship": "Inner", "Startup Cost": 2.4, "Total Cost": 2.4, "Plan Rows": 1, "Plan Width": 4, "Plans": [{"Node Type": "Seq Scan", "Parent Relationship": "Outer", "Relation Name": "info_type", "Alias": "it2", "Startup Cost": 0.0, "Total Cost": 2.4, "Plan Rows": 1, "Plan Width": 4, "Filter": "((info)::text = 'rating'::text)"}]}]}, {"Node Type": "Index Scan", "Parent Relationship": "Inner", "Scan Direction": "Forward", "Index Name": "title_pkey", "Relation Name": "title", "Alias": "t", "Startup Cost": 0.0, "Total Cost": 3.28, "Plan Rows": 1, "Plan Width": 21, "Index Cond": "(id = mi_idx.movie_id)", "Filter": "((production_year >= 2008) AND (production_year <= 2014))"}]}, {"Node Type": "Index Scan", "Parent Relationship": "Inner", "Scan Direction": "Forward", "Index Name": "movie_id_movie_info", "Relation Name": "movie_info", "Alias": "mi", "Startup Cost": 0.0, "Total Cost": 1.41, "Plan Rows": 1, "Plan Width": 50, "Index Cond": "(movie_id = t.id)", "Filter": "((note IS NULL) AND ((info)::text = ANY ('{Horror,Thriller}'::text[])))"}]}, {"Node Type": "Hash", "Parent Relationship": "Inner", "Startup Cost": 2.4, "Total Cost": 2.4, "Plan Rows": 1, "Plan Width": 4, "Plans": [{"Node Type": "Seq Scan", "Parent Relationship": "Outer", "Relation Name": "info_type", "Alias": "it1", "Startup Cost": 0.0, "Total Cost": 2.4, "Plan Rows": 1, "Plan Width": 4, "Filter": "((info)::text = 'genres'::text)"}]}]}, {"Node Type": "Index Scan", "Parent Relationship": "Inner", "Scan Direction": "Forward", "Index Name": "movie_id_cast_info", "Relation Name": "cast_info", "Alias": "ci", "Startup Cost": 0.0, "Total Cost": 2.34, "Plan Rows": 1, "Plan Width": 8, "Index Cond": "(movie_id = t.id)", "Filter": "((note)::text = ANY ('{(writer),\"(head writer)\",\"(written by)\",(story),\"(story editor)\"}'::text[]))"}]}, {"Node Type": "Index Scan", "Parent Relationship": "Inner", "Scan Direction": "Forward", "Index Name": "name_pkey", "Relation Name": "name", "Alias": "n", "Startup Cost": 0.0, "Total Cost": 0.49, "Plan Rows": 1, "Plan Width": 4, "Index Cond": "(id = ci.person_id)", "Filter": "((gender IS NOT NULL) AND ((gender)::text = 'f'::text))"}]}]}, "Unique SQL Id": 661781350, "Planner Runtime": 21}, "explain_analyze_plan": {"Plan": {"Node Type": "Aggregate", "Strategy": "Plain", "Startup Cost": 88857.77, "Total Cost": 88857.78, "Plan Rows": 1, "Plan Width": 160, "Actual Startup Time": 875.488, "Actual Total Time": 875.489, "Actual Rows": 1, "Actual Loops": 1, "Plans": [{"Node Type": "Nested Loop", "Parent Relationship": "Outer", "Join Type": "Inner", "Startup Cost": 4.83, "Total Cost": 88856.13, "Plan Rows": 219, "Plan Width": 64, "Actual Startup Time": 406.885, "Actual Total Time": 875.429, "Actual Rows": 11, "Actual Loops": 1, "Inner Unique": true, "Plans": [{"Node Type": "Nested Loop", "Parent Relationship": "Outer", "Join Type": "Inner", "Startup Cost": 4.83, "Total Cost": 88695.14, "Plan Rows": 321, "Plan Width": 68, "Actual Startup Time": 105.59, "Actual Total Time": 872.355, "Actual Rows": 268, "Actual Loops": 1, "Inner Unique": false, "Plans": [{"Node Type": "Hash Join", "Parent Relationship": "Outer", "Join Type": "Inner", "Startup Cost": 4.83, "Total Cost": 88010.11, "Plan Rows": 291, "Plan Width": 76, "Actual Startup Time": 14.057, "Actual Total Time": 834.469, "Actual Rows": 358, "Actual Loops": 1, "Inner Unique": true, "Hash Cond": "(mi.info_type_id = it1.id)", "Plans": [{"Node Type": "Nested Loop", "Parent Relationship": "Outer", "Join Type": "Inner", "Startup Cost": 2.41, "Total Cost": 87971.27, "Plan Rows": 13753, "Plan Width": 80, "Actual Startup Time": 13.947, "Actual Total Time": 833.99, "Actual Rows": 358, "Actual Loops": 1, "Inner Unique": false, "Plans": [{"Node Type": "Nested Loop", "Parent Relationship": "Outer", "Join Type": "Inner", "Startup Cost": 2.41, "Total Cost": 66599.14, "Plan Rows": 15041, "Plan Width": 30, "Actual Startup Time": 2.608, "Actual Total Time": 669.701, "Actual Rows": 6152, "Actual Loops": 1, "Inner Unique": true, "Plans": [{"Node Type": "Hash Join", "Parent Relationship": "Outer", "Join Type": "Inner", "Startup Cost": 2.41, "Total Cost": 23985.89, "Plan Rows": 12936, "Plan Width": 9, "Actual Startup Time": 0.17, "Actual Total Time": 576.554, "Actual Rows": 15849, "Actual Loops": 1, "Inner Unique": true, "Hash Cond": "(mi_idx.info_type_id = it2.id)", "Plans": [{"Node Type": "Seq Scan", "Parent Relationship": "Outer", "Relation Name": "movie_info_idx", "Alias": "mi_idx", "Startup Cost": 0.0, "Total Cost": 23724.42, "Plan Rows": 51746, "Plan Width": 13, "Actual Startup Time": 0.087, "Actual Total Time": 560.355, "Actual Rows": 53649, "Actual Loops": 1, "Filter": "((info)::text > '8.0'::text)", "Rows Removed by Filter": 1326385}, {"Node Type": "Hash", "Parent Relationship": "Inner", "Startup Cost": 2.4, "Total Cost": 2.4, "Plan Rows": 1, "Plan Width": 4, "Actual Startup Time": 0.045, "Actual Total Time": 0.045, "Actual Rows": 1, "Actual Loops": 1, "Hash Buckets": 32768, "Hash Batches": 1, "Original Hash Batches": 1, "Peak Memory Usage": 1, "Plans": [{"Node Type": "Seq Scan", "Parent Relationship": "Outer", "Relation Name": "info_type", "Alias": "it2", "Startup Cost": 0.0, "Total Cost": 2.4, "Plan Rows": 1, "Plan Width": 4, "Actual Startup Time": 0.04, "Actual Total Time": 0.043, "Actual Rows": 1, "Actual Loops": 1, "Filter": "((info)::text = 'rating'::text)", "Rows Removed by Filter": 111}]}]}, {"Node Type": "Index Scan", "Parent Relationship": "Inner", "Scan Direction": "Forward", "Index Name": "title_pkey", "Relation Name": "title", "Alias": "t", "Startup Cost": 0.0, "Total Cost": 3.28, "Plan Rows": 1, "Plan Width": 21, "Actual Startup Time": 82.686, "Actual Total Time": 82.686, "Actual Rows": 6152, "Actual Loops": 15849, "Index Cond": "(id = mi_idx.movie_id)", "Rows Removed by Index Recheck": 0, "Filter": "((production_year >= 2008) AND (production_year <= 2014))", "Rows Removed by Filter": 9697}]}, {"Node Type": "Index Scan", "Parent Relationship": "Inner", "Scan Direction": "Forward", "Index Name": "movie_id_movie_info", "Relation Name": "movie_info", "Alias": "mi", "Startup Cost": 0.0, "Total Cost": 1.41, "Plan Rows": 1, "Plan Width": 50, "Actual Startup Time": 160.431, "Actual Total Time": 160.728, "Actual Rows": 358, "Actual Loops": 6152, "Index Cond": "(movie_id = t.id)", "Rows Removed by Index Recheck": 0, "Filter": "((note IS NULL) AND ((info)::text = ANY ('{Horror,Thriller}'::text[])))", "Rows Removed by Filter": 109599}]}, {"Node Type": "Hash", "Parent Relationship": "Inner", "Startup Cost": 2.4, "Total Cost": 2.4, "Plan Rows": 1, "Plan Width": 4, "Actual Startup Time": 0.061, "Actual Total Time": 0.061, "Actual Rows": 1, "Actual Loops": 1, "Hash Buckets": 32768, "Hash Batches": 1, "Original Hash Batches": 1, "Peak Memory Usage": 1, "Plans": [{"Node Type": "Seq Scan", "Parent Relationship": "Outer", "Relation Name": "info_type", "Alias": "it1", "Startup Cost": 0.0, "Total Cost": 2.4, "Plan Rows": 1, "Plan Width": 4, "Actual Startup Time": 0.032, "Actual Total Time": 0.055, "Actual Rows": 1, "Actual Loops": 1, "Filter": "((info)::text = 'genres'::text)", "Rows Removed by Filter": 111}]}]}, {"Node Type": "Index Scan", "Parent Relationship": "Inner", "Scan Direction": "Forward", "Index Name": "movie_id_cast_info", "Relation Name": "cast_info", "Alias": "ci", "Startup Cost": 0.0, "Total Cost": 2.34, "Plan Rows": 1, "Plan Width": 8, "Actual Startup Time": 29.515, "Actual Total Time": 37.433, "Actual Rows": 268, "Actual Loops": 358, "Index Cond": "(movie_id = t.id)", "Rows Removed by Index Recheck": 0, "Filter": "((note)::text = ANY ('{(writer),\"(head writer)\",\"(written by)\",(story),\"(story editor)\"}'::text[]))", "Rows Removed by Filter": 12296}]}, {"Node Type": "Index Scan", "Parent Relationship": "Inner", "Scan Direction": "Forward", "Index Name": "name_pkey", "Relation Name": "name", "Alias": "n", "Startup Cost": 0.0, "Total Cost": 0.49, "Plan Rows": 1, "Plan Width": 4, "Actual Startup Time": 2.79, "Actual Total Time": 2.79, "Actual Rows": 11, "Actual Loops": 268, "Index Cond": "(id = ci.person_id)", "Rows Removed by Index Recheck": 0, "Filter": "((gender IS NOT NULL) AND ((gender)::text = 'f'::text))", "Rows Removed by Filter": 257}]}]}, "Triggers": [], "Planner Runtime": 21.959, "Total Runtime": 875.795, "Unique SQL Id": 661781350}}, "(1, '73')": {"explain_plan": {"Plan": {"Node Type": "Aggregate", "Strategy": "Plain", "Startup Cost": 100763.69, "Total Cost": 100763.7, "Plan Rows": 1, "Plan Width": 160, "Plans": [{"Node Type": "Nested Loop", "Parent Relationship": "Outer", "Join Type": "Inner", "Startup Cost": 14.22, "Total Cost": 100762.05, "Plan Rows": 219, "Plan Width": 64, "Inner Unique": true, "Plans": [{"Node Type": "Nested Loop", "Parent Relationship": "Outer", "Join Type": "Inner", "Startup Cost": 14.22, "Total Cost": 100601.06, "Plan Rows": 321, "Plan Width": 68, "Inner Unique": false, "Plans": [{"Node Type": "Hash Join", "Parent Relationship": "Outer", "Join Type": "Inner", "Startup Cost": 14.22, "Total Cost": 99916.04, "Plan Rows": 291, "Plan Width": 76, "Inner Unique": true, "Hash Cond": "(mi.info_type_id = it1.id)", "Plans": [{"Node Type": "Nested Loop", "Parent Relationship": "Outer", "Join Type": "Inner", "Startup Cost": 0.0, "Total Cost": 99865.39, "Plan Rows": 13753, "Plan Width": 80, "Inner Unique": false, "Plans": [{"Node Type": "Nested Loop", "Parent Relationship": "Outer", "Join Type": "Inner", "Startup Cost": 0.0, "Total Cost": 78493.26, "Plan Rows": 15041, "Plan Width": 30, "Inner Unique": true, "Plans": [{"Node Type": "Nested Loop", "Parent Relationship": "Outer", "Join Type": "Inner", "Startup Cost": 0.0, "Total Cost": 35880.0, "Plan Rows": 12936, "Plan Width": 9, "Inner Unique": false, "Plans": [{"Node Type": "Index Scan", "Parent Relationship": "Outer", "Scan Direction": "Forward", "Index Name": "info_type_pkey", "Relation Name": "info_type", "Alias": "it2", "Startup Cost": 0.0, "Total Cost": 14.21, "Plan Rows": 1, "Plan Width": 4, "Filter": "((info)::text = 'rating'::text)"}, {"Node Type": "Index Scan", "Parent Relationship": "Inner", "Scan Direction": "Forward", "Index Name": "info_type_id_movie_info_idx", "Relation Name": "movie_info_idx", "Alias": "mi_idx", "Startup Cost": 0.0, "Total Cost": 35736.43, "Plan Rows": 12936, "Plan Width": 13, "Index Cond": "(info_type_id = it2.id)", "Filter": "((info)::text > '8.0'::text)"}]}, {"Node Type": "Index Scan", "Parent Relationship": "Inner", "Scan Direction": "Forward", "Index Name": "title_pkey", "Relation Name": "title", "Alias": "t", "Startup Cost": 0.0, "Total Cost": 3.28, "Plan Rows": 1, "Plan Width": 21, "Index Cond": "(id = mi_idx.movie_id)", "Filter": "((production_year >= 2008) AND (production_year <= 2014))"}]}, {"Node Type": "Index Scan", "Parent Relationship": "Inner", "Scan Direction": "Forward", "Index Name": "movie_id_movie_info", "Relation Name": "movie_info", "Alias": "mi", "Startup Cost": 0.0, "Total Cost": 1.41, "Plan Rows": 1, "Plan Width": 50, "Index Cond": "(movie_id = t.id)", "Filter": "((note IS NULL) AND ((info)::text = ANY ('{Horror,Thriller}'::text[])))"}]}, {"Node Type": "Hash", "Parent Relationship": "Inner", "Startup Cost": 14.21, "Total Cost": 14.21, "Plan Rows": 1, "Plan Width": 4, "Plans": [{"Node Type": "Index Scan", "Parent Relationship": "Outer", "Scan Direction": "Forward", "Index Name": "info_type_pkey", "Relation Name": "info_type", "Alias": "it1", "Startup Cost": 0.0, "Total Cost": 14.21, "Plan Rows": 1, "Plan Width": 4, "Filter": "((info)::text = 'genres'::text)"}]}]}, {"Node Type": "Index Scan", "Parent Relationship": "Inner", "Scan Direction": "Forward", "Index Name": "movie_id_cast_info", "Relation Name": "cast_info", "Alias": "ci", "Startup Cost": 0.0, "Total Cost": 2.34, "Plan Rows": 1, "Plan Width": 8, "Index Cond": "(movie_id = t.id)", "Filter": "((note)::text = ANY ('{(writer),\"(head writer)\",\"(written by)\",(story),\"(story editor)\"}'::text[]))"}]}, {"Node Type": "Index Scan", "Parent Relationship": "Inner", "Scan Direction": "Forward", "Index Name": "name_pkey", "Relation Name": "name", "Alias": "n", "Startup Cost": 0.0, "Total Cost": 0.49, "Plan Rows": 1, "Plan Width": 4, "Index Cond": "(id = ci.person_id)", "Filter": "((gender IS NOT NULL) AND ((gender)::text = 'f'::text))"}]}]}, "Unique SQL Id": 661781350, "Planner Runtime": 16}, "explain_analyze_plan": {"Plan": {"Node Type": "Aggregate", "Strategy": "Plain", "Startup Cost": 100763.69, "Total Cost": 100763.7, "Plan Rows": 1, "Plan Width": 160, "Actual Startup Time": 714.977, "Actual Total Time": 714.978, "Actual Rows": 1, "Actual Loops": 1, "Plans": [{"Node Type": "Nested Loop", "Parent Relationship": "Outer", "Join Type": "Inner", "Startup Cost": 14.22, "Total Cost": 100762.05, "Plan Rows": 219, "Plan Width": 64, "Actual Startup Time": 353.94, "Actual Total Time": 714.921, "Actual Rows": 11, "Actual Loops": 1, "Inner Unique": true, "Plans": [{"Node Type": "Nested Loop", "Parent Relationship": "Outer", "Join Type": "Inner", "Startup Cost": 14.22, "Total Cost": 100601.06, "Plan Rows": 321, "Plan Width": 68, "Actual Startup Time": 95.594, "Actual Total Time": 711.922, "Actual Rows": 268, "Actual Loops": 1, "Inner Unique": false, "Plans": [{"Node Type": "Hash Join", "Parent Relationship": "Outer", "Join Type": "Inner", "Startup Cost": 14.22, "Total Cost": 99916.04, "Plan Rows": 291, "Plan Width": 76, "Actual Startup Time": 11.683, "Actual Total Time": 673.979, "Actual Rows": 358, "Actual Loops": 1, "Inner Unique": true, "Hash Cond": "(mi.info_type_id = it1.id)", "Plans": [{"Node Type": "Nested Loop", "Parent Relationship": "Outer", "Join Type": "Inner", "Startup Cost": 0.0, "Total Cost": 99865.39, "Plan Rows": 13753, "Plan Width": 80, "Actual Startup Time": 11.564, "Actual Total Time": 673.493, "Actual Rows": 358, "Actual Loops": 1, "Inner Unique": false, "Plans": [{"Node Type": "Nested Loop", "Parent Relationship": "Outer", "Join Type": "Inner", "Startup Cost": 0.0, "Total Cost": 78493.26, "Plan Rows": 15041, "Plan Width": 30, "Actual Startup Time": 2.133, "Actual Total Time": 494.366, "Actual Rows": 6152, "Actual Loops": 1, "Inner Unique": true, "Plans": [{"Node Type": "Nested Loop", "Parent Relationship": "Outer", "Join Type": "Inner", "Startup Cost": 0.0, "Total Cost": 35880.0, "Plan Rows": 12936, "Plan Width": 9, "Actual Startup Time": 0.114, "Actual Total Time": 395.272, "Actual Rows": 15849, "Actual Loops": 1, "Inner Unique": false, "Plans": [{"Node Type": "Index Scan", "Parent Relationship": "Outer", "Scan Direction": "Forward", "Index Name": "info_type_pkey", "Relation Name": "info_type", "Alias": "it2", "Startup Cost": 0.0, "Total Cost": 14.21, "Plan Rows": 1, "Plan Width": 4, "Actual Startup Time": 0.066, "Actual Total Time": 0.08, "Actual Rows": 1, "Actual Loops": 1, "Filter": "((info)::text = 'rating'::text)", "Rows Removed by Filter": 111}, {"Node Type": "Index Scan", "Parent Relationship": "Inner", "Scan Direction": "Forward", "Index Name": "info_type_id_movie_info_idx", "Relation Name": "movie_info_idx", "Alias": "mi_idx", "Startup Cost": 0.0, "Total Cost": 35736.43, "Plan Rows": 12936, "Plan Width": 13, "Actual Startup Time": 0.045, "Actual Total Time": 391.48, "Actual Rows": 15849, "Actual Loops": 1, "Index Cond": "(info_type_id = it2.id)", "Rows Removed by Index Recheck": 0, "Filter": "((info)::text > '8.0'::text)", "Rows Removed by Filter": 444076}]}, {"Node Type": "Index Scan", "Parent Relationship": "Inner", "Scan Direction": "Forward", "Index Name": "title_pkey", "Relation Name": "title", "Alias": "t", "Startup Cost": 0.0, "Total Cost": 3.28, "Plan Rows": 1, "Plan Width": 21, "Actual Startup Time": 89.35, "Actual Total Time": 89.35, "Actual Rows": 6152, "Actual Loops": 15849, "Index Cond": "(id = mi_idx.movie_id)", "Rows Removed by Index Recheck": 0, "Filter": "((production_year >= 2008) AND (production_year <= 2014))", "Rows Removed by Filter": 9697}]}, {"Node Type": "Index Scan", "Parent Relationship": "Inner", "Scan Direction": "Forward", "Index Name": "movie_id_movie_info", "Relation Name": "movie_info", "Alias": "mi", "Startup Cost": 0.0, "Total Cost": 1.41, "Plan Rows": 1, "Plan Width": 50, "Actual Startup Time": 175.401, "Actual Total Time": 175.734, "Actual Rows": 358, "Actual Loops": 6152, "Index Cond": "(movie_id = t.id)", "Rows Removed by Index Recheck": 0, "Filter": "((note IS NULL) AND ((info)::text = ANY ('{Horror,Thriller}'::text[])))", "Rows Removed by Filter": 109599}]}, {"Node Type": "Hash", "Parent Relationship": "Inner", "Startup Cost": 14.21, "Total Cost": 14.21, "Plan Rows": 1, "Plan Width": 4, "Actual Startup Time": 0.07, "Actual Total Time": 0.07, "Actual Rows": 1, "Actual Loops": 1, "Hash Buckets": 32768, "Hash Batches": 1, "Original Hash Batches": 1, "Peak Memory Usage": 1, "Plans": [{"Node Type": "Index Scan", "Parent Relationship": "Outer", "Scan Direction": "Forward", "Index Name": "info_type_pkey", "Relation Name": "info_type", "Alias": "it1", "Startup Cost": 0.0, "Total Cost": 14.21, "Plan Rows": 1, "Plan Width": 4, "Actual Startup Time": 0.017, "Actual Total Time": 0.065, "Actual Rows": 1, "Actual Loops": 1, "Filter": "((info)::text = 'genres'::text)", "Rows Removed by Filter": 111}]}]}, {"Node Type": "Index Scan", "Parent Relationship": "Inner", "Scan Direction": "Forward", "Index Name": "movie_id_cast_info", "Relation Name": "cast_info", "Alias": "ci", "Startup Cost": 0.0, "Total Cost": 2.34, "Plan Rows": 1, "Plan Width": 8, "Actual Startup Time": 29.454, "Actual Total Time": 37.49, "Actual Rows": 268, "Actual Loops": 358, "Index Cond": "(movie_id = t.id)", "Rows Removed by Index Recheck": 0, "Filter": "((note)::text = ANY ('{(writer),\"(head writer)\",\"(written by)\",(story),\"(story editor)\"}'::text[]))", "Rows Removed by Filter": 12296}]}, {"Node Type": "Index Scan", "Parent Relationship": "Inner", "Scan Direction": "Forward", "Index Name": "name_pkey", "Relation Name": "name", "Alias": "n", "Startup Cost": 0.0, "Total Cost": 0.49, "Plan Rows": 1, "Plan Width": 4, "Actual Startup Time": 2.756, "Actual Total Time": 2.756, "Actual Rows": 11, "Actual Loops": 268, "Index Cond": "(id = ci.person_id)", "Rows Removed by Index Recheck": 0, "Filter": "((gender IS NOT NULL) AND ((gender)::text = 'f'::text))", "Rows Removed by Filter": 257}]}]}, "Triggers": [], "Planner Runtime": 16.071, "Total Runtime": 715.303, "Unique SQL Id": 661781350}}, "(1, '74')": {"explain_plan": {"Plan": {"Node Type": "Aggregate", "Strategy": "Plain", "Startup Cost": 1385442.97, "Total Cost": 1385442.98, "Plan Rows": 1, "Plan Width": 160, "Plans": [{"Node Type": "Hash Join", "Parent Relationship": "Outer", "Join Type": "Inner", "Startup Cost": 552308.93, "Total Cost": 1385441.22, "Plan Rows": 233, "Plan Width": 64, "Inner Unique": false, "Hash Cond": "(t.id = mi_idx.movie_id)", "Plans": [{"Node Type": "Hash Join", "Parent Relationship": "Outer", "Join Type": "Inner", "Startup Cost": 528161.35, "Total Cost": 1361274.19, "Plan Rows": 907, "Plan Width": 71, "Inner Unique": true, "Hash Cond": "(ci.person_id = n.id)", "Plans": [{"Node Type": "Hash Join", "Parent Relationship": "Outer", "Join Type": "Inner", "Startup Cost": 416866.67, "Total Cost": 1249965.77, "Plan Rows": 1249, "Plan Width": 75, "Inner Unique": false, "Hash Cond": "(ci.movie_id = t.id)", "Plans": [{"Node Type": "Seq Scan", "Parent Relationship": "Outer", "Relation Name": "cast_info", "Alias": "ci", "Startup Cost": 0.0, "Total Cost": 828499.78, "Plan Rows": 1223154, "Plan Width": 8, "Filter": "((note)::text = ANY ('{(writer),\"(head writer)\",\"(written by)\",(story),\"(story editor)\"}'::text[]))"}, {"Node Type": "Hash", "Parent Relationship": "Inner", "Startup Cost": 416852.56, "Total Cost": 416852.56, "Plan Rows": 1129, "Plan Width": 67, "Plans": [{"Node Type": "Hash Join", "Parent Relationship": "Outer", "Join Type": "Inner", "Startup Cost": 82494.99, "Total Cost": 416852.56, "Plan Rows": 1129, "Plan Width": 67, "Inner Unique": true, "Hash Cond": "(mi.movie_id = t.id)", "Plans": [{"Node Type": "Hash Join", "Parent Relationship": "Outer", "Join Type": "Inner", "Startup Cost": 2.41, "Total Cost": 334345.05, "Plan Rows": 971, "Plan Width": 46, "Inner Unique": true, "Hash Cond": "(mi.info_type_id = it1.id)", "Plans": [{"Node Type": "Seq Scan", "Parent Relationship": "Outer", "Relation Name": "movie_info", "Alias": "mi", "Startup Cost": 0.0, "Total Cost": 334162.58, "Plan Rows": 67971, "Plan Width": 50, "Filter": "((note IS NULL) AND ((info)::text = ANY ('{Horror,Thriller}'::text[])))"}, {"Node Type": "Hash", "Parent Relationship": "Inner", "Startup Cost": 2.4, "Total Cost": 2.4, "Plan Rows": 1, "Plan Width": 4, "Plans": [{"Node Type": "Seq Scan", "Parent Relationship": "Outer", "Relation Name": "info_type", "Alias": "it1", "Startup Cost": 0.0, "Total Cost": 2.4, "Plan Rows": 1, "Plan Width": 4, "Filter": "((info)::text = 'genres'::text)"}]}]}, {"Node Type": "Hash", "Parent Relationship": "Inner", "Startup Cost": 72710.67, "Total Cost": 72710.67, "Plan Rows": 782553, "Plan Width": 21, "Plans": [{"Node Type": "Seq Scan", "Parent Relationship": "Outer", "Relation Name": "title", "Alias": "t", "Startup Cost": 331.36, "Total Cost": 72710.67, "Plan Rows": 782553, "Plan Width": 21, "Filter": "((production_year >= 2008) AND (production_year <= 2014)), (LLVM Optimized)"}]}]}]}]}, {"Node Type": "Hash", "Parent Relationship": "Inner", "Startup Cost": 103490.62, "Total Cost": 103490.62, "Plan Rows": 624324, "Plan Width": 4, "Plans": [{"Node Type": "Seq Scan", "Parent Relationship": "Outer", "Relation Name": "name", "Alias": "n", "Startup Cost": 0.0, "Total Cost": 103490.62, "Plan Rows": 624324, "Plan Width": 4, "Filter": "((gender IS NOT NULL) AND ((gender)::text = 'f'::text)), (LLVM Optimized)"}]}]}, {"Node Type": "Hash", "Parent Relationship": "Inner", "Startup Cost": 23985.89, "Total Cost": 23985.89, "Plan Rows": 12936, "Plan Width": 9, "Plans": [{"Node Type": "Hash Join", "Parent Relationship": "Outer", "Join Type": "Inner", "Startup Cost": 2.41, "Total Cost": 23985.89, "Plan Rows": 12936, "Plan Width": 9, "Inner Unique": true, "Hash Cond": "(mi_idx.info_type_id = it2.id)", "Plans": [{"Node Type": "Seq Scan", "Parent Relationship": "Outer", "Relation Name": "movie_info_idx", "Alias": "mi_idx", "Startup Cost": 0.0, "Total Cost": 23724.42, "Plan Rows": 51746, "Plan Width": 13, "Filter": "((info)::text > '8.0'::text)"}, {"Node Type": "Hash", "Parent Relationship": "Inner", "Startup Cost": 2.4, "Total Cost": 2.4, "Plan Rows": 1, "Plan Width": 4, "Plans": [{"Node Type": "Seq Scan", "Parent Relationship": "Outer", "Relation Name": "info_type", "Alias": "it2", "Startup Cost": 0.0, "Total Cost": 2.4, "Plan Rows": 1, "Plan Width": 4, "Filter": "((info)::text = 'rating'::text)"}]}]}]}]}]}, "Unique SQL Id": 661781350, "Planner Runtime": 45}, "explain_analyze_plan": null}, "(1, '75')": {"explain_plan": {"Plan": {"Node Type": "Aggregate", "Strategy": "Plain", "Startup Cost": 6995134748758.12, "Total Cost": 6995134748758.13, "Plan Rows": 1, "Plan Width": 160, "Plans": [{"Node Type": "Hash Join", "Parent Relationship": "Outer", "Join Type": "Inner", "Startup Cost": 3040050454466.5, "Total Cost": 6995134748756.37, "Plan Rows": 233, "Plan Width": 64, "Inner Unique": true, "Hash Cond": "(ci.person_id = n.id)", "Plans": [{"Node Type": "Hash Join", "Parent Relationship": "Outer", "Join Type": "Inner", "Startup Cost": 2040031781515.25, "Total Cost": 5995116075801.58, "Plan Rows": 321, "Plan Width": 68, "Inner Unique": true, "Hash Cond": "(mi_idx.info_type_id = it2.id)", "Plans": [{"Node Type": "Hash Join", "Parent Relationship": "Outer", "Join Type": "Inner", "Startup Cost": 1040031780094.24, "Total Cost": 4995116074372.54, "Plan Rows": 1285, "Plan Width": 72, "Inner Unique": true, "Hash Cond": "(mi.info_type_id = it1.id)", "Plans": [{"Node Type": "Merge Join", "Parent Relationship": "Outer", "Join Type": "Inner", "Startup Cost": 40031778673.22, "Total Cost": 3995116072790.31, "Plan Rows": 60862, "Plan Width": 76, "Inner Unique": false, "Merge Cond": "(t.id = mi_idx.movie_id)", "Plans": [{"Node Type": "Merge Join", "Parent Relationship": "Outer", "Join Type": "Inner", "Startup Cost": 30031778673.22, "Total Cost": 2997894360706.27, "Plan Rows": 87438, "Plan Width": 79, "Inner Unique": false, "Merge Cond": "(t.id = ci.movie_id)", "Plans": [{"Node Type": "Merge Join", "Parent Relationship": "Outer", "Join Type": "Inner", "Startup Cost": 20025302114.44, "Total Cost": 1999418944954.71, "Plan Rows": 79032, "Plan Width": 71, "Inner Unique": true, "Merge Cond": "(mi.movie_id = t.id)", "Plans": [{"Node Type": "Index Scan", "Parent Relationship": "Outer", "Scan Direction": "Forward", "Index Name": "movie_id_movie_info", "Relation Name": "movie_info", "Alias": "mi", "Startup Cost": 10000000000.0, "Total Cost": 1000107534403.72, "Plan Rows": 67971, "Plan Width": 50, "Filter": "((note IS NULL) AND ((info)::text = ANY ('{Horror,Thriller}'::text[])))"}, {"Node Type": "Index Scan", "Parent Relationship": "Inner", "Scan Direction": "Forward", "Index Name": "title_pkey", "Relation Name": "title", "Alias": "t", "Startup Cost": 10000000000.0, "Total Cost": 1000012276204.41, "Plan Rows": 782553, "Plan Width": 21, "Filter": "((production_year >= 2008) AND (production_year <= 2014)), (LLVM Optimized)"}]}, {"Node Type": "Index Scan", "Parent Relationship": "Inner", "Scan Direction": "Forward", "Index Name": "movie_id_cast_info", "Relation Name": "cast_info", "Alias": "ci", "Startup Cost": 10000000000.0, "Total Cost": 1000228594573.05, "Plan Rows": 1223154, "Plan Width": 8, "Filter": "((note)::text = ANY ('{(writer),\"(head writer)\",\"(written by)\",(story),\"(story editor)\"}'::text[]))"}]}, {"Node Type": "Index Scan", "Parent Relationship": "Inner", "Scan Direction": "Forward", "Index Name": "movie_id_movie_info_idx", "Relation Name": "movie_info_idx", "Alias": "mi_idx", "Startup Cost": 10000000000.0, "Total Cost": 1000004995043.87, "Plan Rows": 51746, "Plan Width": 13, "Filter": "((info)::text > '8.0'::text)"}]}, {"Node Type": "Hash", "Parent Relationship": "Inner", "Startup Cost": 1000000001421.0, "Total Cost": 1000000001421.0, "Plan Rows": 1, "Plan Width": 4, "Plans": [{"Node Type": "Index Scan", "Parent Relationship": "Outer", "Scan Direction": "Forward", "Index Name": "info_type_pkey", "Relation Name": "info_type", "Alias": "it1", "Startup Cost": 10000000000.0, "Total Cost": 1000000001421.0, "Plan Rows": 1, "Plan Width": 4, "Filter": "((info)::text = 'genres'::text)"}]}]}, {"Node Type": "Hash", "Parent Relationship": "Inner", "Startup Cost": 1000000001421.0, "Total Cost": 1000000001421.0, "Plan Rows": 1, "Plan Width": 4, "Plans": [{"Node Type": "Index Scan", "Parent Relationship": "Outer", "Scan Direction": "Forward", "Index Name": "info_type_pkey", "Relation Name": "info_type", "Alias": "it2", "Startup Cost": 10000000000.0, "Total Cost": 1000000001421.0, "Plan Rows": 1, "Plan Width": 4, "Filter": "((info)::text = 'rating'::text)"}]}]}, {"Node Type": "Hash", "Parent Relationship": "Inner", "Startup Cost": 1000018665147.2, "Total Cost": 1000018665147.2, "Plan Rows": 624324, "Plan Width": 4, "Plans": [{"Node Type": "Index Scan", "Parent Relationship": "Outer", "Scan Direction": "Forward", "Index Name": "name_pkey", "Relation Name": "name", "Alias": "n", "Startup Cost": 10000000000.0, "Total Cost": 1000018665147.2, "Plan Rows": 624324, "Plan Width": 4, "Filter": "((gender IS NOT NULL) AND ((gender)::text = 'f'::text)), (LLVM Optimized)"}]}]}]}, "Unique SQL Id": 661781350, "Planner Runtime": 84}, "explain_analyze_plan": null}, "(1, '76')": {"explain_plan": {"Plan": {"Node Type": "Aggregate", "Strategy": "Plain", "Startup Cost": 88857.77, "Total Cost": 88857.78, "Plan Rows": 1, "Plan Width": 160, "Plans": [{"Node Type": "Nested Loop", "Parent Relationship": "Outer", "Join Type": "Inner", "Startup Cost": 4.83, "Total Cost": 88856.13, "Plan Rows": 219, "Plan Width": 64, "Inner Unique": true, "Plans": [{"Node Type": "Nested Loop", "Parent Relationship": "Outer", "Join Type": "Inner", "Startup Cost": 4.83, "Total Cost": 88695.14, "Plan Rows": 321, "Plan Width": 68, "Inner Unique": false, "Plans": [{"Node Type": "Hash Join", "Parent Relationship": "Outer", "Join Type": "Inner", "Startup Cost": 4.83, "Total Cost": 88010.11, "Plan Rows": 291, "Plan Width": 76, "Inner Unique": true, "Hash Cond": "(mi.info_type_id = it1.id)", "Plans": [{"Node Type": "Nested Loop", "Parent Relationship": "Outer", "Join Type": "Inner", "Startup Cost": 2.41, "Total Cost": 87971.27, "Plan Rows": 13753, "Plan Width": 80, "Inner Unique": false, "Plans": [{"Node Type": "Nested Loop", "Parent Relationship": "Outer", "Join Type": "Inner", "Startup Cost": 2.41, "Total Cost": 66599.14, "Plan Rows": 15041, "Plan Width": 30, "Inner Unique": true, "Plans": [{"Node Type": "Hash Join", "Parent Relationship": "Outer", "Join Type": "Inner", "Startup Cost": 2.41, "Total Cost": 23985.89, "Plan Rows": 12936, "Plan Width": 9, "Inner Unique": true, "Hash Cond": "(mi_idx.info_type_id = it2.id)", "Plans": [{"Node Type": "Seq Scan", "Parent Relationship": "Outer", "Relation Name": "movie_info_idx", "Alias": "mi_idx", "Startup Cost": 0.0, "Total Cost": 23724.42, "Plan Rows": 51746, "Plan Width": 13, "Filter": "((info)::text > '8.0'::text)"}, {"Node Type": "Hash", "Parent Relationship": "Inner", "Startup Cost": 2.4, "Total Cost": 2.4, "Plan Rows": 1, "Plan Width": 4, "Plans": [{"Node Type": "Seq Scan", "Parent Relationship": "Outer", "Relation Name": "info_type", "Alias": "it2", "Startup Cost": 0.0, "Total Cost": 2.4, "Plan Rows": 1, "Plan Width": 4, "Filter": "((info)::text = 'rating'::text)"}]}]}, {"Node Type": "Index Scan", "Parent Relationship": "Inner", "Scan Direction": "Forward", "Index Name": "title_pkey", "Relation Name": "title", "Alias": "t", "Startup Cost": 0.0, "Total Cost": 3.28, "Plan Rows": 1, "Plan Width": 21, "Index Cond": "(id = mi_idx.movie_id)", "Filter": "((production_year >= 2008) AND (production_year <= 2014))"}]}, {"Node Type": "Index Scan", "Parent Relationship": "Inner", "Scan Direction": "Forward", "Index Name": "movie_id_movie_info", "Relation Name": "movie_info", "Alias": "mi", "Startup Cost": 0.0, "Total Cost": 1.41, "Plan Rows": 1, "Plan Width": 50, "Index Cond": "(movie_id = t.id)", "Filter": "((note IS NULL) AND ((info)::text = ANY ('{Horror,Thriller}'::text[])))"}]}, {"Node Type": "Hash", "Parent Relationship": "Inner", "Startup Cost": 2.4, "Total Cost": 2.4, "Plan Rows": 1, "Plan Width": 4, "Plans": [{"Node Type": "Seq Scan", "Parent Relationship": "Outer", "Relation Name": "info_type", "Alias": "it1", "Startup Cost": 0.0, "Total Cost": 2.4, "Plan Rows": 1, "Plan Width": 4, "Filter": "((info)::text = 'genres'::text)"}]}]}, {"Node Type": "Index Scan", "Parent Relationship": "Inner", "Scan Direction": "Forward", "Index Name": "movie_id_cast_info", "Relation Name": "cast_info", "Alias": "ci", "Startup Cost": 0.0, "Total Cost": 2.34, "Plan Rows": 1, "Plan Width": 8, "Index Cond": "(movie_id = t.id)", "Filter": "((note)::text = ANY ('{(writer),\"(head writer)\",\"(written by)\",(story),\"(story editor)\"}'::text[]))"}]}, {"Node Type": "Index Scan", "Parent Relationship": "Inner", "Scan Direction": "Forward", "Index Name": "name_pkey", "Relation Name": "name", "Alias": "n", "Startup Cost": 0.0, "Total Cost": 0.49, "Plan Rows": 1, "Plan Width": 4, "Index Cond": "(id = ci.person_id)", "Filter": "((gender IS NOT NULL) AND ((gender)::text = 'f'::text))"}]}]}, "Unique SQL Id": 661781350, "Planner Runtime": 22}, "explain_analyze_plan": {"Plan": {"Node Type": "Aggregate", "Strategy": "Plain", "Startup Cost": 88857.77, "Total Cost": 88857.78, "Plan Rows": 1, "Plan Width": 160, "Actual Startup Time": 875.488, "Actual Total Time": 875.489, "Actual Rows": 1, "Actual Loops": 1, "Plans": [{"Node Type": "Nested Loop", "Parent Relationship": "Outer", "Join Type": "Inner", "Startup Cost": 4.83, "Total Cost": 88856.13, "Plan Rows": 219, "Plan Width": 64, "Actual Startup Time": 406.885, "Actual Total Time": 875.429, "Actual Rows": 11, "Actual Loops": 1, "Inner Unique": true, "Plans": [{"Node Type": "Nested Loop", "Parent Relationship": "Outer", "Join Type": "Inner", "Startup Cost": 4.83, "Total Cost": 88695.14, "Plan Rows": 321, "Plan Width": 68, "Actual Startup Time": 105.59, "Actual Total Time": 872.355, "Actual Rows": 268, "Actual Loops": 1, "Inner Unique": false, "Plans": [{"Node Type": "Hash Join", "Parent Relationship": "Outer", "Join Type": "Inner", "Startup Cost": 4.83, "Total Cost": 88010.11, "Plan Rows": 291, "Plan Width": 76, "Actual Startup Time": 14.057, "Actual Total Time": 834.469, "Actual Rows": 358, "Actual Loops": 1, "Inner Unique": true, "Hash Cond": "(mi.info_type_id = it1.id)", "Plans": [{"Node Type": "Nested Loop", "Parent Relationship": "Outer", "Join Type": "Inner", "Startup Cost": 2.41, "Total Cost": 87971.27, "Plan Rows": 13753, "Plan Width": 80, "Actual Startup Time": 13.947, "Actual Total Time": 833.99, "Actual Rows": 358, "Actual Loops": 1, "Inner Unique": false, "Plans": [{"Node Type": "Nested Loop", "Parent Relationship": "Outer", "Join Type": "Inner", "Startup Cost": 2.41, "Total Cost": 66599.14, "Plan Rows": 15041, "Plan Width": 30, "Actual Startup Time": 2.608, "Actual Total Time": 669.701, "Actual Rows": 6152, "Actual Loops": 1, "Inner Unique": true, "Plans": [{"Node Type": "Hash Join", "Parent Relationship": "Outer", "Join Type": "Inner", "Startup Cost": 2.41, "Total Cost": 23985.89, "Plan Rows": 12936, "Plan Width": 9, "Actual Startup Time": 0.17, "Actual Total Time": 576.554, "Actual Rows": 15849, "Actual Loops": 1, "Inner Unique": true, "Hash Cond": "(mi_idx.info_type_id = it2.id)", "Plans": [{"Node Type": "Seq Scan", "Parent Relationship": "Outer", "Relation Name": "movie_info_idx", "Alias": "mi_idx", "Startup Cost": 0.0, "Total Cost": 23724.42, "Plan Rows": 51746, "Plan Width": 13, "Actual Startup Time": 0.087, "Actual Total Time": 560.355, "Actual Rows": 53649, "Actual Loops": 1, "Filter": "((info)::text > '8.0'::text)", "Rows Removed by Filter": 1326385}, {"Node Type": "Hash", "Parent Relationship": "Inner", "Startup Cost": 2.4, "Total Cost": 2.4, "Plan Rows": 1, "Plan Width": 4, "Actual Startup Time": 0.045, "Actual Total Time": 0.045, "Actual Rows": 1, "Actual Loops": 1, "Hash Buckets": 32768, "Hash Batches": 1, "Original Hash Batches": 1, "Peak Memory Usage": 1, "Plans": [{"Node Type": "Seq Scan", "Parent Relationship": "Outer", "Relation Name": "info_type", "Alias": "it2", "Startup Cost": 0.0, "Total Cost": 2.4, "Plan Rows": 1, "Plan Width": 4, "Actual Startup Time": 0.04, "Actual Total Time": 0.043, "Actual Rows": 1, "Actual Loops": 1, "Filter": "((info)::text = 'rating'::text)", "Rows Removed by Filter": 111}]}]}, {"Node Type": "Index Scan", "Parent Relationship": "Inner", "Scan Direction": "Forward", "Index Name": "title_pkey", "Relation Name": "title", "Alias": "t", "Startup Cost": 0.0, "Total Cost": 3.28, "Plan Rows": 1, "Plan Width": 21, "Actual Startup Time": 82.686, "Actual Total Time": 82.686, "Actual Rows": 6152, "Actual Loops": 15849, "Index Cond": "(id = mi_idx.movie_id)", "Rows Removed by Index Recheck": 0, "Filter": "((production_year >= 2008) AND (production_year <= 2014))", "Rows Removed by Filter": 9697}]}, {"Node Type": "Index Scan", "Parent Relationship": "Inner", "Scan Direction": "Forward", "Index Name": "movie_id_movie_info", "Relation Name": "movie_info", "Alias": "mi", "Startup Cost": 0.0, "Total Cost": 1.41, "Plan Rows": 1, "Plan Width": 50, "Actual Startup Time": 160.431, "Actual Total Time": 160.728, "Actual Rows": 358, "Actual Loops": 6152, "Index Cond": "(movie_id = t.id)", "Rows Removed by Index Recheck": 0, "Filter": "((note IS NULL) AND ((info)::text = ANY ('{Horror,Thriller}'::text[])))", "Rows Removed by Filter": 109599}]}, {"Node Type": "Hash", "Parent Relationship": "Inner", "Startup Cost": 2.4, "Total Cost": 2.4, "Plan Rows": 1, "Plan Width": 4, "Actual Startup Time": 0.061, "Actual Total Time": 0.061, "Actual Rows": 1, "Actual Loops": 1, "Hash Buckets": 32768, "Hash Batches": 1, "Original Hash Batches": 1, "Peak Memory Usage": 1, "Plans": [{"Node Type": "Seq Scan", "Parent Relationship": "Outer", "Relation Name": "info_type", "Alias": "it1", "Startup Cost": 0.0, "Total Cost": 2.4, "Plan Rows": 1, "Plan Width": 4, "Actual Startup Time": 0.032, "Actual Total Time": 0.055, "Actual Rows": 1, "Actual Loops": 1, "Filter": "((info)::text = 'genres'::text)", "Rows Removed by Filter": 111}]}]}, {"Node Type": "Index Scan", "Parent Relationship": "Inner", "Scan Direction": "Forward", "Index Name": "movie_id_cast_info", "Relation Name": "cast_info", "Alias": "ci", "Startup Cost": 0.0, "Total Cost": 2.34, "Plan Rows": 1, "Plan Width": 8, "Actual Startup Time": 29.515, "Actual Total Time": 37.433, "Actual Rows": 268, "Actual Loops": 358, "Index Cond": "(movie_id = t.id)", "Rows Removed by Index Recheck": 0, "Filter": "((note)::text = ANY ('{(writer),\"(head writer)\",\"(written by)\",(story),\"(story editor)\"}'::text[]))", "Rows Removed by Filter": 12296}]}, {"Node Type": "Index Scan", "Parent Relationship": "Inner", "Scan Direction": "Forward", "Index Name": "name_pkey", "Relation Name": "name", "Alias": "n", "Startup Cost": 0.0, "Total Cost": 0.49, "Plan Rows": 1, "Plan Width": 4, "Actual Startup Time": 2.79, "Actual Total Time": 2.79, "Actual Rows": 11, "Actual Loops": 268, "Index Cond": "(id = ci.person_id)", "Rows Removed by Index Recheck": 0, "Filter": "((gender IS NOT NULL) AND ((gender)::text = 'f'::text))", "Rows Removed by Filter": 257}]}]}, "Triggers": [], "Planner Runtime": 21.959, "Total Runtime": 875.795, "Unique SQL Id": 661781350}}, "(1, '77')": {"explain_plan": {"Plan": {"Node Type": "Aggregate", "Strategy": "Plain", "Startup Cost": 100763.69, "Total Cost": 100763.7, "Plan Rows": 1, "Plan Width": 160, "Plans": [{"Node Type": "Nested Loop", "Parent Relationship": "Outer", "Join Type": "Inner", "Startup Cost": 14.22, "Total Cost": 100762.05, "Plan Rows": 219, "Plan Width": 64, "Inner Unique": true, "Plans": [{"Node Type": "Nested Loop", "Parent Relationship": "Outer", "Join Type": "Inner", "Startup Cost": 14.22, "Total Cost": 100601.06, "Plan Rows": 321, "Plan Width": 68, "Inner Unique": false, "Plans": [{"Node Type": "Hash Join", "Parent Relationship": "Outer", "Join Type": "Inner", "Startup Cost": 14.22, "Total Cost": 99916.04, "Plan Rows": 291, "Plan Width": 76, "Inner Unique": true, "Hash Cond": "(mi.info_type_id = it1.id)", "Plans": [{"Node Type": "Nested Loop", "Parent Relationship": "Outer", "Join Type": "Inner", "Startup Cost": 0.0, "Total Cost": 99865.39, "Plan Rows": 13753, "Plan Width": 80, "Inner Unique": false, "Plans": [{"Node Type": "Nested Loop", "Parent Relationship": "Outer", "Join Type": "Inner", "Startup Cost": 0.0, "Total Cost": 78493.26, "Plan Rows": 15041, "Plan Width": 30, "Inner Unique": true, "Plans": [{"Node Type": "Nested Loop", "Parent Relationship": "Outer", "Join Type": "Inner", "Startup Cost": 0.0, "Total Cost": 35880.0, "Plan Rows": 12936, "Plan Width": 9, "Inner Unique": false, "Plans": [{"Node Type": "Index Scan", "Parent Relationship": "Outer", "Scan Direction": "Forward", "Index Name": "info_type_pkey", "Relation Name": "info_type", "Alias": "it2", "Startup Cost": 0.0, "Total Cost": 14.21, "Plan Rows": 1, "Plan Width": 4, "Filter": "((info)::text = 'rating'::text)"}, {"Node Type": "Index Scan", "Parent Relationship": "Inner", "Scan Direction": "Forward", "Index Name": "info_type_id_movie_info_idx", "Relation Name": "movie_info_idx", "Alias": "mi_idx", "Startup Cost": 0.0, "Total Cost": 35736.43, "Plan Rows": 12936, "Plan Width": 13, "Index Cond": "(info_type_id = it2.id)", "Filter": "((info)::text > '8.0'::text)"}]}, {"Node Type": "Index Scan", "Parent Relationship": "Inner", "Scan Direction": "Forward", "Index Name": "title_pkey", "Relation Name": "title", "Alias": "t", "Startup Cost": 0.0, "Total Cost": 3.28, "Plan Rows": 1, "Plan Width": 21, "Index Cond": "(id = mi_idx.movie_id)", "Filter": "((production_year >= 2008) AND (production_year <= 2014))"}]}, {"Node Type": "Index Scan", "Parent Relationship": "Inner", "Scan Direction": "Forward", "Index Name": "movie_id_movie_info", "Relation Name": "movie_info", "Alias": "mi", "Startup Cost": 0.0, "Total Cost": 1.41, "Plan Rows": 1, "Plan Width": 50, "Index Cond": "(movie_id = t.id)", "Filter": "((note IS NULL) AND ((info)::text = ANY ('{Horror,Thriller}'::text[])))"}]}, {"Node Type": "Hash", "Parent Relationship": "Inner", "Startup Cost": 14.21, "Total Cost": 14.21, "Plan Rows": 1, "Plan Width": 4, "Plans": [{"Node Type": "Index Scan", "Parent Relationship": "Outer", "Scan Direction": "Forward", "Index Name": "info_type_pkey", "Relation Name": "info_type", "Alias": "it1", "Startup Cost": 0.0, "Total Cost": 14.21, "Plan Rows": 1, "Plan Width": 4, "Filter": "((info)::text = 'genres'::text)"}]}]}, {"Node Type": "Index Scan", "Parent Relationship": "Inner", "Scan Direction": "Forward", "Index Name": "movie_id_cast_info", "Relation Name": "cast_info", "Alias": "ci", "Startup Cost": 0.0, "Total Cost": 2.34, "Plan Rows": 1, "Plan Width": 8, "Index Cond": "(movie_id = t.id)", "Filter": "((note)::text = ANY ('{(writer),\"(head writer)\",\"(written by)\",(story),\"(story editor)\"}'::text[]))"}]}, {"Node Type": "Index Scan", "Parent Relationship": "Inner", "Scan Direction": "Forward", "Index Name": "name_pkey", "Relation Name": "name", "Alias": "n", "Startup Cost": 0.0, "Total Cost": 0.49, "Plan Rows": 1, "Plan Width": 4, "Index Cond": "(id = ci.person_id)", "Filter": "((gender IS NOT NULL) AND ((gender)::text = 'f'::text))"}]}]}, "Unique SQL Id": 661781350, "Planner Runtime": 15}, "explain_analyze_plan": {"Plan": {"Node Type": "Aggregate", "Strategy": "Plain", "Startup Cost": 100763.69, "Total Cost": 100763.7, "Plan Rows": 1, "Plan Width": 160, "Actual Startup Time": 714.977, "Actual Total Time": 714.978, "Actual Rows": 1, "Actual Loops": 1, "Plans": [{"Node Type": "Nested Loop", "Parent Relationship": "Outer", "Join Type": "Inner", "Startup Cost": 14.22, "Total Cost": 100762.05, "Plan Rows": 219, "Plan Width": 64, "Actual Startup Time": 353.94, "Actual Total Time": 714.921, "Actual Rows": 11, "Actual Loops": 1, "Inner Unique": true, "Plans": [{"Node Type": "Nested Loop", "Parent Relationship": "Outer", "Join Type": "Inner", "Startup Cost": 14.22, "Total Cost": 100601.06, "Plan Rows": 321, "Plan Width": 68, "Actual Startup Time": 95.594, "Actual Total Time": 711.922, "Actual Rows": 268, "Actual Loops": 1, "Inner Unique": false, "Plans": [{"Node Type": "Hash Join", "Parent Relationship": "Outer", "Join Type": "Inner", "Startup Cost": 14.22, "Total Cost": 99916.04, "Plan Rows": 291, "Plan Width": 76, "Actual Startup Time": 11.683, "Actual Total Time": 673.979, "Actual Rows": 358, "Actual Loops": 1, "Inner Unique": true, "Hash Cond": "(mi.info_type_id = it1.id)", "Plans": [{"Node Type": "Nested Loop", "Parent Relationship": "Outer", "Join Type": "Inner", "Startup Cost": 0.0, "Total Cost": 99865.39, "Plan Rows": 13753, "Plan Width": 80, "Actual Startup Time": 11.564, "Actual Total Time": 673.493, "Actual Rows": 358, "Actual Loops": 1, "Inner Unique": false, "Plans": [{"Node Type": "Nested Loop", "Parent Relationship": "Outer", "Join Type": "Inner", "Startup Cost": 0.0, "Total Cost": 78493.26, "Plan Rows": 15041, "Plan Width": 30, "Actual Startup Time": 2.133, "Actual Total Time": 494.366, "Actual Rows": 6152, "Actual Loops": 1, "Inner Unique": true, "Plans": [{"Node Type": "Nested Loop", "Parent Relationship": "Outer", "Join Type": "Inner", "Startup Cost": 0.0, "Total Cost": 35880.0, "Plan Rows": 12936, "Plan Width": 9, "Actual Startup Time": 0.114, "Actual Total Time": 395.272, "Actual Rows": 15849, "Actual Loops": 1, "Inner Unique": false, "Plans": [{"Node Type": "Index Scan", "Parent Relationship": "Outer", "Scan Direction": "Forward", "Index Name": "info_type_pkey", "Relation Name": "info_type", "Alias": "it2", "Startup Cost": 0.0, "Total Cost": 14.21, "Plan Rows": 1, "Plan Width": 4, "Actual Startup Time": 0.066, "Actual Total Time": 0.08, "Actual Rows": 1, "Actual Loops": 1, "Filter": "((info)::text = 'rating'::text)", "Rows Removed by Filter": 111}, {"Node Type": "Index Scan", "Parent Relationship": "Inner", "Scan Direction": "Forward", "Index Name": "info_type_id_movie_info_idx", "Relation Name": "movie_info_idx", "Alias": "mi_idx", "Startup Cost": 0.0, "Total Cost": 35736.43, "Plan Rows": 12936, "Plan Width": 13, "Actual Startup Time": 0.045, "Actual Total Time": 391.48, "Actual Rows": 15849, "Actual Loops": 1, "Index Cond": "(info_type_id = it2.id)", "Rows Removed by Index Recheck": 0, "Filter": "((info)::text > '8.0'::text)", "Rows Removed by Filter": 444076}]}, {"Node Type": "Index Scan", "Parent Relationship": "Inner", "Scan Direction": "Forward", "Index Name": "title_pkey", "Relation Name": "title", "Alias": "t", "Startup Cost": 0.0, "Total Cost": 3.28, "Plan Rows": 1, "Plan Width": 21, "Actual Startup Time": 89.35, "Actual Total Time": 89.35, "Actual Rows": 6152, "Actual Loops": 15849, "Index Cond": "(id = mi_idx.movie_id)", "Rows Removed by Index Recheck": 0, "Filter": "((production_year >= 2008) AND (production_year <= 2014))", "Rows Removed by Filter": 9697}]}, {"Node Type": "Index Scan", "Parent Relationship": "Inner", "Scan Direction": "Forward", "Index Name": "movie_id_movie_info", "Relation Name": "movie_info", "Alias": "mi", "Startup Cost": 0.0, "Total Cost": 1.41, "Plan Rows": 1, "Plan Width": 50, "Actual Startup Time": 175.401, "Actual Total Time": 175.734, "Actual Rows": 358, "Actual Loops": 6152, "Index Cond": "(movie_id = t.id)", "Rows Removed by Index Recheck": 0, "Filter": "((note IS NULL) AND ((info)::text = ANY ('{Horror,Thriller}'::text[])))", "Rows Removed by Filter": 109599}]}, {"Node Type": "Hash", "Parent Relationship": "Inner", "Startup Cost": 14.21, "Total Cost": 14.21, "Plan Rows": 1, "Plan Width": 4, "Actual Startup Time": 0.07, "Actual Total Time": 0.07, "Actual Rows": 1, "Actual Loops": 1, "Hash Buckets": 32768, "Hash Batches": 1, "Original Hash Batches": 1, "Peak Memory Usage": 1, "Plans": [{"Node Type": "Index Scan", "Parent Relationship": "Outer", "Scan Direction": "Forward", "Index Name": "info_type_pkey", "Relation Name": "info_type", "Alias": "it1", "Startup Cost": 0.0, "Total Cost": 14.21, "Plan Rows": 1, "Plan Width": 4, "Actual Startup Time": 0.017, "Actual Total Time": 0.065, "Actual Rows": 1, "Actual Loops": 1, "Filter": "((info)::text = 'genres'::text)", "Rows Removed by Filter": 111}]}]}, {"Node Type": "Index Scan", "Parent Relationship": "Inner", "Scan Direction": "Forward", "Index Name": "movie_id_cast_info", "Relation Name": "cast_info", "Alias": "ci", "Startup Cost": 0.0, "Total Cost": 2.34, "Plan Rows": 1, "Plan Width": 8, "Actual Startup Time": 29.454, "Actual Total Time": 37.49, "Actual Rows": 268, "Actual Loops": 358, "Index Cond": "(movie_id = t.id)", "Rows Removed by Index Recheck": 0, "Filter": "((note)::text = ANY ('{(writer),\"(head writer)\",\"(written by)\",(story),\"(story editor)\"}'::text[]))", "Rows Removed by Filter": 12296}]}, {"Node Type": "Index Scan", "Parent Relationship": "Inner", "Scan Direction": "Forward", "Index Name": "name_pkey", "Relation Name": "name", "Alias": "n", "Startup Cost": 0.0, "Total Cost": 0.49, "Plan Rows": 1, "Plan Width": 4, "Actual Startup Time": 2.756, "Actual Total Time": 2.756, "Actual Rows": 11, "Actual Loops": 268, "Index Cond": "(id = ci.person_id)", "Rows Removed by Index Recheck": 0, "Filter": "((gender IS NOT NULL) AND ((gender)::text = 'f'::text))", "Rows Removed by Filter": 257}]}]}, "Triggers": [], "Planner Runtime": 16.071, "Total Runtime": 715.303, "Unique SQL Id": 661781350}}, "(1, '78')": {"explain_plan": {"Plan": {"Node Type": "Aggregate", "Strategy": "Plain", "Startup Cost": 1385442.97, "Total Cost": 1385442.98, "Plan Rows": 1, "Plan Width": 160, "Plans": [{"Node Type": "Hash Join", "Parent Relationship": "Outer", "Join Type": "Inner", "Startup Cost": 552308.93, "Total Cost": 1385441.22, "Plan Rows": 233, "Plan Width": 64, "Inner Unique": false, "Hash Cond": "(t.id = mi_idx.movie_id)", "Plans": [{"Node Type": "Hash Join", "Parent Relationship": "Outer", "Join Type": "Inner", "Startup Cost": 528161.35, "Total Cost": 1361274.19, "Plan Rows": 907, "Plan Width": 71, "Inner Unique": true, "Hash Cond": "(ci.person_id = n.id)", "Plans": [{"Node Type": "Hash Join", "Parent Relationship": "Outer", "Join Type": "Inner", "Startup Cost": 416866.67, "Total Cost": 1249965.77, "Plan Rows": 1249, "Plan Width": 75, "Inner Unique": false, "Hash Cond": "(ci.movie_id = t.id)", "Plans": [{"Node Type": "Seq Scan", "Parent Relationship": "Outer", "Relation Name": "cast_info", "Alias": "ci", "Startup Cost": 0.0, "Total Cost": 828499.78, "Plan Rows": 1223154, "Plan Width": 8, "Filter": "((note)::text = ANY ('{(writer),\"(head writer)\",\"(written by)\",(story),\"(story editor)\"}'::text[]))"}, {"Node Type": "Hash", "Parent Relationship": "Inner", "Startup Cost": 416852.56, "Total Cost": 416852.56, "Plan Rows": 1129, "Plan Width": 67, "Plans": [{"Node Type": "Hash Join", "Parent Relationship": "Outer", "Join Type": "Inner", "Startup Cost": 82494.99, "Total Cost": 416852.56, "Plan Rows": 1129, "Plan Width": 67, "Inner Unique": true, "Hash Cond": "(mi.movie_id = t.id)", "Plans": [{"Node Type": "Hash Join", "Parent Relationship": "Outer", "Join Type": "Inner", "Startup Cost": 2.41, "Total Cost": 334345.05, "Plan Rows": 971, "Plan Width": 46, "Inner Unique": true, "Hash Cond": "(mi.info_type_id = it1.id)", "Plans": [{"Node Type": "Seq Scan", "Parent Relationship": "Outer", "Relation Name": "movie_info", "Alias": "mi", "Startup Cost": 0.0, "Total Cost": 334162.58, "Plan Rows": 67971, "Plan Width": 50, "Filter": "((note IS NULL) AND ((info)::text = ANY ('{Horror,Thriller}'::text[])))"}, {"Node Type": "Hash", "Parent Relationship": "Inner", "Startup Cost": 2.4, "Total Cost": 2.4, "Plan Rows": 1, "Plan Width": 4, "Plans": [{"Node Type": "Seq Scan", "Parent Relationship": "Outer", "Relation Name": "info_type", "Alias": "it1", "Startup Cost": 0.0, "Total Cost": 2.4, "Plan Rows": 1, "Plan Width": 4, "Filter": "((info)::text = 'genres'::text)"}]}]}, {"Node Type": "Hash", "Parent Relationship": "Inner", "Startup Cost": 72710.67, "Total Cost": 72710.67, "Plan Rows": 782553, "Plan Width": 21, "Plans": [{"Node Type": "Seq Scan", "Parent Relationship": "Outer", "Relation Name": "title", "Alias": "t", "Startup Cost": 331.36, "Total Cost": 72710.67, "Plan Rows": 782553, "Plan Width": 21, "Filter": "((production_year >= 2008) AND (production_year <= 2014)), (LLVM Optimized)"}]}]}]}]}, {"Node Type": "Hash", "Parent Relationship": "Inner", "Startup Cost": 103490.62, "Total Cost": 103490.62, "Plan Rows": 624324, "Plan Width": 4, "Plans": [{"Node Type": "Seq Scan", "Parent Relationship": "Outer", "Relation Name": "name", "Alias": "n", "Startup Cost": 0.0, "Total Cost": 103490.62, "Plan Rows": 624324, "Plan Width": 4, "Filter": "((gender IS NOT NULL) AND ((gender)::text = 'f'::text)), (LLVM Optimized)"}]}]}, {"Node Type": "Hash", "Parent Relationship": "Inner", "Startup Cost": 23985.89, "Total Cost": 23985.89, "Plan Rows": 12936, "Plan Width": 9, "Plans": [{"Node Type": "Hash Join", "Parent Relationship": "Outer", "Join Type": "Inner", "Startup Cost": 2.41, "Total Cost": 23985.89, "Plan Rows": 12936, "Plan Width": 9, "Inner Unique": true, "Hash Cond": "(mi_idx.info_type_id = it2.id)", "Plans": [{"Node Type": "Seq Scan", "Parent Relationship": "Outer", "Relation Name": "movie_info_idx", "Alias": "mi_idx", "Startup Cost": 0.0, "Total Cost": 23724.42, "Plan Rows": 51746, "Plan Width": 13, "Filter": "((info)::text > '8.0'::text)"}, {"Node Type": "Hash", "Parent Relationship": "Inner", "Startup Cost": 2.4, "Total Cost": 2.4, "Plan Rows": 1, "Plan Width": 4, "Plans": [{"Node Type": "Seq Scan", "Parent Relationship": "Outer", "Relation Name": "info_type", "Alias": "it2", "Startup Cost": 0.0, "Total Cost": 2.4, "Plan Rows": 1, "Plan Width": 4, "Filter": "((info)::text = 'rating'::text)"}]}]}]}]}]}, "Unique SQL Id": 661781350, "Planner Runtime": 44}, "explain_analyze_plan": null}, "(1, '79')": {"explain_plan": {"Plan": {"Node Type": "Aggregate", "Strategy": "Plain", "Startup Cost": 6995134748758.12, "Total Cost": 6995134748758.13, "Plan Rows": 1, "Plan Width": 160, "Plans": [{"Node Type": "Hash Join", "Parent Relationship": "Outer", "Join Type": "Inner", "Startup Cost": 3040050454466.5, "Total Cost": 6995134748756.37, "Plan Rows": 233, "Plan Width": 64, "Inner Unique": true, "Hash Cond": "(ci.person_id = n.id)", "Plans": [{"Node Type": "Hash Join", "Parent Relationship": "Outer", "Join Type": "Inner", "Startup Cost": 2040031781515.25, "Total Cost": 5995116075801.58, "Plan Rows": 321, "Plan Width": 68, "Inner Unique": true, "Hash Cond": "(mi_idx.info_type_id = it2.id)", "Plans": [{"Node Type": "Hash Join", "Parent Relationship": "Outer", "Join Type": "Inner", "Startup Cost": 1040031780094.24, "Total Cost": 4995116074372.54, "Plan Rows": 1285, "Plan Width": 72, "Inner Unique": true, "Hash Cond": "(mi.info_type_id = it1.id)", "Plans": [{"Node Type": "Merge Join", "Parent Relationship": "Outer", "Join Type": "Inner", "Startup Cost": 40031778673.22, "Total Cost": 3995116072790.31, "Plan Rows": 60862, "Plan Width": 76, "Inner Unique": false, "Merge Cond": "(t.id = mi_idx.movie_id)", "Plans": [{"Node Type": "Merge Join", "Parent Relationship": "Outer", "Join Type": "Inner", "Startup Cost": 30031778673.22, "Total Cost": 2997894360706.27, "Plan Rows": 87438, "Plan Width": 79, "Inner Unique": false, "Merge Cond": "(t.id = ci.movie_id)", "Plans": [{"Node Type": "Merge Join", "Parent Relationship": "Outer", "Join Type": "Inner", "Startup Cost": 20025302114.44, "Total Cost": 1999418944954.71, "Plan Rows": 79032, "Plan Width": 71, "Inner Unique": true, "Merge Cond": "(mi.movie_id = t.id)", "Plans": [{"Node Type": "Index Scan", "Parent Relationship": "Outer", "Scan Direction": "Forward", "Index Name": "movie_id_movie_info", "Relation Name": "movie_info", "Alias": "mi", "Startup Cost": 10000000000.0, "Total Cost": 1000107534403.72, "Plan Rows": 67971, "Plan Width": 50, "Filter": "((note IS NULL) AND ((info)::text = ANY ('{Horror,Thriller}'::text[])))"}, {"Node Type": "Index Scan", "Parent Relationship": "Inner", "Scan Direction": "Forward", "Index Name": "title_pkey", "Relation Name": "title", "Alias": "t", "Startup Cost": 10000000000.0, "Total Cost": 1000012276204.41, "Plan Rows": 782553, "Plan Width": 21, "Filter": "((production_year >= 2008) AND (production_year <= 2014)), (LLVM Optimized)"}]}, {"Node Type": "Index Scan", "Parent Relationship": "Inner", "Scan Direction": "Forward", "Index Name": "movie_id_cast_info", "Relation Name": "cast_info", "Alias": "ci", "Startup Cost": 10000000000.0, "Total Cost": 1000228594573.05, "Plan Rows": 1223154, "Plan Width": 8, "Filter": "((note)::text = ANY ('{(writer),\"(head writer)\",\"(written by)\",(story),\"(story editor)\"}'::text[]))"}]}, {"Node Type": "Index Scan", "Parent Relationship": "Inner", "Scan Direction": "Forward", "Index Name": "movie_id_movie_info_idx", "Relation Name": "movie_info_idx", "Alias": "mi_idx", "Startup Cost": 10000000000.0, "Total Cost": 1000004995043.87, "Plan Rows": 51746, "Plan Width": 13, "Filter": "((info)::text > '8.0'::text)"}]}, {"Node Type": "Hash", "Parent Relationship": "Inner", "Startup Cost": 1000000001421.0, "Total Cost": 1000000001421.0, "Plan Rows": 1, "Plan Width": 4, "Plans": [{"Node Type": "Index Scan", "Parent Relationship": "Outer", "Scan Direction": "Forward", "Index Name": "info_type_pkey", "Relation Name": "info_type", "Alias": "it1", "Startup Cost": 10000000000.0, "Total Cost": 1000000001421.0, "Plan Rows": 1, "Plan Width": 4, "Filter": "((info)::text = 'genres'::text)"}]}]}, {"Node Type": "Hash", "Parent Relationship": "Inner", "Startup Cost": 1000000001421.0, "Total Cost": 1000000001421.0, "Plan Rows": 1, "Plan Width": 4, "Plans": [{"Node Type": "Index Scan", "Parent Relationship": "Outer", "Scan Direction": "Forward", "Index Name": "info_type_pkey", "Relation Name": "info_type", "Alias": "it2", "Startup Cost": 10000000000.0, "Total Cost": 1000000001421.0, "Plan Rows": 1, "Plan Width": 4, "Filter": "((info)::text = 'rating'::text)"}]}]}, {"Node Type": "Hash", "Parent Relationship": "Inner", "Startup Cost": 1000018665147.2, "Total Cost": 1000018665147.2, "Plan Rows": 624324, "Plan Width": 4, "Plans": [{"Node Type": "Index Scan", "Parent Relationship": "Outer", "Scan Direction": "Forward", "Index Name": "name_pkey", "Relation Name": "name", "Alias": "n", "Startup Cost": 10000000000.0, "Total Cost": 1000018665147.2, "Plan Rows": 624324, "Plan Width": 4, "Filter": "((gender IS NOT NULL) AND ((gender)::text = 'f'::text)), (LLVM Optimized)"}]}]}]}, "Unique SQL Id": 661781350, "Planner Runtime": 84}, "explain_analyze_plan": null}, "(1, '80')": {"explain_plan": {"Plan": {"Node Type": "Aggregate", "Strategy": "Plain", "Startup Cost": 85051.45, "Total Cost": 85051.46, "Plan Rows": 1, "Plan Width": 160, "Plans": [{"Node Type": "Nested Loop", "Parent Relationship": "Outer", "Join Type": "Inner", "Startup Cost": 84136.81, "Total Cost": 85049.81, "Plan Rows": 219, "Plan Width": 64, "Inner Unique": true, "Plans": [{"Node Type": "Nested Loop", "Parent Relationship": "Outer", "Join Type": "Inner", "Startup Cost": 84136.81, "Total Cost": 84888.82, "Plan Rows": 321, "Plan Width": 68, "Inner Unique": false, "Plans": [{"Node Type": "Merge Join", "Parent Relationship": "Outer", "Join Type": "Inner", "Startup Cost": 84136.81, "Total Cost": 84203.8, "Plan Rows": 291, "Plan Width": 76, "Inner Unique": false, "Merge Cond": "(it1.id = mi.info_type_id)", "Plans": [{"Node Type": "Sort", "Parent Relationship": "Outer", "Startup Cost": 2.41, "Total Cost": 2.42, "Plan Rows": 1, "Plan Width": 4, "Sort Key": ["it1.id"], "Plans": [{"Node Type": "Seq Scan", "Parent Relationship": "Outer", "Relation Name": "info_type", "Alias": "it1", "Startup Cost": 0.0, "Total Cost": 2.4, "Plan Rows": 1, "Plan Width": 4, "Filter": "((info)::text = 'genres'::text)"}]}, {"Node Type": "Sort", "Parent Relationship": "Inner", "Startup Cost": 84130.65, "Total Cost": 84165.04, "Plan Rows": 13753, "Plan Width": 80, "Sort Key": ["mi.info_type_id"], "Plans": [{"Node Type": "Nested Loop", "Parent Relationship": "Outer", "Join Type": "Inner", "Startup Cost": 7419.04, "Total Cost": 83185.31, "Plan Rows": 13753, "Plan Width": 80, "Inner Unique": false, "Plans": [{"Node Type": "Nested Loop", "Parent Relationship": "Outer", "Join Type": "Inner", "Startup Cost": 7419.04, "Total Cost": 61813.18, "Plan Rows": 15041, "Plan Width": 30, "Inner Unique": true, "Plans": [{"Node Type": "Nested Loop", "Parent Relationship": "Outer", "Join Type": "Inner", "Startup Cost": 7419.04, "Total Cost": 19199.92, "Plan Rows": 12936, "Plan Width": 9, "Inner Unique": false, "Plans": [{"Node Type": "Seq Scan", "Parent Relationship": "Outer", "Relation Name": "info_type", "Alias": "it2", "Startup Cost": 0.0, "Total Cost": 2.4, "Plan Rows": 1, "Plan Width": 4, "Filter": "((info)::text = 'rating'::text)"}, {"Node Type": "Bitmap Heap Scan", "Parent Relationship": "Inner", "Relation Name": "movie_info_idx", "Alias": "mi_idx", "Startup Cost": 7419.04, "Total Cost": 19068.16, "Plan Rows": 12936, "Plan Width": 13, "Recheck Cond": "(info_type_id = it2.id)", "Filter": "((info)::text > '8.0'::text)", "Plans": [{"Node Type": "Bitmap Index Scan", "Parent Relationship": "Outer", "Index Name": "info_type_id_movie_info_idx", "Startup Cost": 0.0, "Total Cost": 7415.81, "Plan Rows": 345008, "Plan Width": 0, "Index Cond": "(info_type_id = it2.id)"}]}]}, {"Node Type": "Index Scan", "Parent Relationship": "Inner", "Scan Direction": "Forward", "Index Name": "title_pkey", "Relation Name": "title", "Alias": "t", "Startup Cost": 0.0, "Total Cost": 3.28, "Plan Rows": 1, "Plan Width": 21, "Index Cond": "(id = mi_idx.movie_id)", "Filter": "((production_year >= 2008) AND (production_year <= 2014))"}]}, {"Node Type": "Index Scan", "Parent Relationship": "Inner", "Scan Direction": "Forward", "Index Name": "movie_id_movie_info", "Relation Name": "movie_info", "Alias": "mi", "Startup Cost": 0.0, "Total Cost": 1.41, "Plan Rows": 1, "Plan Width": 50, "Index Cond": "(movie_id = t.id)", "Filter": "((note IS NULL) AND ((info)::text = ANY ('{Horror,Thriller}'::text[])))"}]}]}]}, {"Node Type": "Index Scan", "Parent Relationship": "Inner", "Scan Direction": "Forward", "Index Name": "movie_id_cast_info", "Relation Name": "cast_info", "Alias": "ci", "Startup Cost": 0.0, "Total Cost": 2.34, "Plan Rows": 1, "Plan Width": 8, "Index Cond": "(movie_id = t.id)", "Filter": "((note)::text = ANY ('{(writer),\"(head writer)\",\"(written by)\",(story),\"(story editor)\"}'::text[]))"}]}, {"Node Type": "Index Scan", "Parent Relationship": "Inner", "Scan Direction": "Forward", "Index Name": "name_pkey", "Relation Name": "name", "Alias": "n", "Startup Cost": 0.0, "Total Cost": 0.49, "Plan Rows": 1, "Plan Width": 4, "Index Cond": "(id = ci.person_id)", "Filter": "((gender IS NOT NULL) AND ((gender)::text = 'f'::text))"}]}]}, "Unique SQL Id": 661781350, "Planner Runtime": 19}, "explain_analyze_plan": {"Plan": {"Node Type": "Aggregate", "Strategy": "Plain", "Startup Cost": 85051.45, "Total Cost": 85051.46, "Plan Rows": 1, "Plan Width": 160, "Actual Startup Time": 570.94, "Actual Total Time": 570.941, "Actual Rows": 1, "Actual Loops": 1, "Plans": [{"Node Type": "Nested Loop", "Parent Relationship": "Outer", "Join Type": "Inner", "Startup Cost": 84136.81, "Total Cost": 85049.81, "Plan Rows": 219, "Plan Width": 64, "Actual Startup Time": 537.536, "Actual Total Time": 570.896, "Actual Rows": 11, "Actual Loops": 1, "Inner Unique": true, "Plans": [{"Node Type": "Nested Loop", "Parent Relationship": "Outer", "Join Type": "Inner", "Startup Cost": 84136.81, "Total Cost": 84888.82, "Plan Rows": 321, "Plan Width": 68, "Actual Startup Time": 534.635, "Actual Total Time": 568.429, "Actual Rows": 268, "Actual Loops": 1, "Inner Unique": false, "Plans": [{"Node Type": "Merge Join", "Parent Relationship": "Outer", "Join Type": "Inner", "Startup Cost": 84136.81, "Total Cost": 84203.8, "Plan Rows": 291, "Plan Width": 76, "Actual Startup Time": 534.369, "Actual Total Time": 534.576, "Actual Rows": 358, "Actual Loops": 1, "Inner Unique": false, "Merge Cond": "(it1.id = mi.info_type_id)", "Plans": [{"Node Type": "Sort", "Parent Relationship": "Outer", "Startup Cost": 2.41, "Total Cost": 2.42, "Plan Rows": 1, "Plan Width": 4, "Actual Startup Time": 0.082, "Actual Total Time": 0.082, "Actual Rows": 1, "Actual Loops": 1, "Sort Key": ["it1.id"], "Sort Method": "quicksort", "Sort Space Used": 25, "Sort Space Type": "Memory", "Plans": [{"Node Type": "Seq Scan", "Parent Relationship": "Outer", "Relation Name": "info_type", "Alias": "it1", "Startup Cost": 0.0, "Total Cost": 2.4, "Plan Rows": 1, "Plan Width": 4, "Actual Startup Time": 0.04, "Actual Total Time": 0.064, "Actual Rows": 1, "Actual Loops": 1, "Filter": "((info)::text = 'genres'::text)", "Rows Removed by Filter": 111}]}, {"Node Type": "Sort", "Parent Relationship": "Inner", "Startup Cost": 84130.65, "Total Cost": 84165.04, "Plan Rows": 13753, "Plan Width": 80, "Actual Startup Time": 534.279, "Actual Total Time": 534.356, "Actual Rows": 358, "Actual Loops": 1, "Sort Key": ["mi.info_type_id"], "Sort Method": "quicksort", "Sort Space Used": 75, "Sort Space Type": "Memory", "Plans": [{"Node Type": "Nested Loop", "Parent Relationship": "Outer", "Join Type": "Inner", "Startup Cost": 7419.04, "Total Cost": 83185.31, "Plan Rows": 13753, "Plan Width": 80, "Actual Startup Time": 65.413, "Actual Total Time": 533.871, "Actual Rows": 358, "Actual Loops": 1, "Inner Unique": false, "Plans": [{"Node Type": "Nested Loop", "Parent Relationship": "Outer", "Join Type": "Inner", "Startup Cost": 7419.04, "Total Cost": 61813.18, "Plan Rows": 15041, "Plan Width": 30, "Actual Startup Time": 58.864, "Actual Total Time": 391.267, "Actual Rows": 6152, "Actual Loops": 1, "Inner Unique": true, "Plans": [{"Node Type": "Nested Loop", "Parent Relationship": "Outer", "Join Type": "Inner", "Startup Cost": 7419.04, "Total Cost": 19199.92, "Plan Rows": 12936, "Plan Width": 9, "Actual Startup Time": 57.407, "Actual Total Time": 312.261, "Actual Rows": 15849, "Actual Loops": 1, "Inner Unique": false, "Plans": [{"Node Type": "Seq Scan", "Parent Relationship": "Outer", "Relation Name": "info_type", "Alias": "it2", "Startup Cost": 0.0, "Total Cost": 2.4, "Plan Rows": 1, "Plan Width": 4, "Actual Startup Time": 0.047, "Actual Total Time": 0.07, "Actual Rows": 1, "Actual Loops": 1, "Filter": "((info)::text = 'rating'::text)", "Rows Removed by Filter": 111}, {"Node Type": "Bitmap Heap Scan", "Parent Relationship": "Inner", "Relation Name": "movie_info_idx", "Alias": "mi_idx", "Startup Cost": 7419.04, "Total Cost": 19068.16, "Plan Rows": 12936, "Plan Width": 13, "Actual Startup Time": 57.353, "Actual Total Time": 308.53, "Actual Rows": 15849, "Actual Loops": 1, "Recheck Cond": "(info_type_id = it2.id)", "Rows Removed by Index Recheck": 0, "Filter": "((info)::text > '8.0'::text)", "Rows Removed by Filter": 444076, "Exact Heap Blocks": 6472, "Lossy Heap Blocks": 6472, "Plans": [{"Node Type": "Bitmap Index Scan", "Parent Relationship": "Outer", "Index Name": "info_type_id_movie_info_idx", "Startup Cost": 0.0, "Total Cost": 7415.81, "Plan Rows": 345008, "Plan Width": 0, "Actual Startup Time": 56.087, "Actual Total Time": 56.087, "Actual Rows": 459925, "Actual Loops": 1, "Index Cond": "(info_type_id = it2.id)"}]}]}, {"Node Type": "Index Scan", "Parent Relationship": "Inner", "Scan Direction": "Forward", "Index Name": "title_pkey", "Relation Name": "title", "Alias": "t", "Startup Cost": 0.0, "Total Cost": 3.28, "Plan Rows": 1, "Plan Width": 21, "Actual Startup Time": 69.266, "Actual Total Time": 69.266, "Actual Rows": 6152, "Actual Loops": 15849, "Index Cond": "(id = mi_idx.movie_id)", "Rows Removed by Index Recheck": 0, "Filter": "((production_year >= 2008) AND (production_year <= 2014))", "Rows Removed by Filter": 9697}]}, {"Node Type": "Index Scan", "Parent Relationship": "Inner", "Scan Direction": "Forward", "Index Name": "movie_id_movie_info", "Relation Name": "movie_info", "Alias": "mi", "Startup Cost": 0.0, "Total Cost": 1.41, "Plan Rows": 1, "Plan Width": 50, "Actual Startup Time": 138.79, "Actual Total Time": 139.095, "Actual Rows": 358, "Actual Loops": 6152, "Index Cond": "(movie_id = t.id)", "Rows Removed by Index Recheck": 0, "Filter": "((note IS NULL) AND ((info)::text = ANY ('{Horror,Thriller}'::text[])))", "Rows Removed by Filter": 109599}]}]}]}, {"Node Type": "Index Scan", "Parent Relationship": "Inner", "Scan Direction": "Forward", "Index Name": "movie_id_cast_info", "Relation Name": "cast_info", "Alias": "ci", "Startup Cost": 0.0, "Total Cost": 2.34, "Plan Rows": 1, "Plan Width": 8, "Actual Startup Time": 26.38, "Actual Total Time": 33.558, "Actual Rows": 268, "Actual Loops": 358, "Index Cond": "(movie_id = t.id)", "Rows Removed by Index Recheck": 0, "Filter": "((note)::text = ANY ('{(writer),\"(head writer)\",\"(written by)\",(story),\"(story editor)\"}'::text[]))", "Rows Removed by Filter": 12296}]}, {"Node Type": "Index Scan", "Parent Relationship": "Inner", "Scan Direction": "Forward", "Index Name": "name_pkey", "Relation Name": "name", "Alias": "n", "Startup Cost": 0.0, "Total Cost": 0.49, "Plan Rows": 1, "Plan Width": 4, "Actual Startup Time": 2.305, "Actual Total Time": 2.305, "Actual Rows": 11, "Actual Loops": 268, "Index Cond": "(id = ci.person_id)", "Rows Removed by Index Recheck": 0, "Filter": "((gender IS NOT NULL) AND ((gender)::text = 'f'::text))", "Rows Removed by Filter": 257}]}]}, "Triggers": [], "Planner Runtime": 18.829, "Total Runtime": 571.435, "Unique SQL Id": 661781350}}, "(1, '81')": {"explain_plan": {"Plan": {"Node Type": "Aggregate", "Strategy": "Plain", "Startup Cost": 85075.06, "Total Cost": 85075.07, "Plan Rows": 1, "Plan Width": 160, "Plans": [{"Node Type": "Nested Loop", "Parent Relationship": "Outer", "Join Type": "Inner", "Startup Cost": 84146.21, "Total Cost": 85073.42, "Plan Rows": 219, "Plan Width": 64, "Inner Unique": true, "Plans": [{"Node Type": "Nested Loop", "Parent Relationship": "Outer", "Join Type": "Inner", "Startup Cost": 84146.21, "Total Cost": 84912.43, "Plan Rows": 321, "Plan Width": 68, "Inner Unique": false, "Plans": [{"Node Type": "Merge Join", "Parent Relationship": "Outer", "Join Type": "Inner", "Startup Cost": 84146.21, "Total Cost": 84227.4, "Plan Rows": 291, "Plan Width": 76, "Inner Unique": false, "Merge Cond": "(it1.id = mi.info_type_id)", "Plans": [{"Node Type": "Index Scan", "Parent Relationship": "Outer", "Scan Direction": "Forward", "Index Name": "info_type_pkey", "Relation Name": "info_type", "Alias": "it1", "Startup Cost": 0.0, "Total Cost": 14.21, "Plan Rows": 1, "Plan Width": 4, "Filter": "((info)::text = 'genres'::text)"}, {"Node Type": "Sort", "Parent Relationship": "Inner", "Startup Cost": 84142.46, "Total Cost": 84176.85, "Plan Rows": 13753, "Plan Width": 80, "Sort Key": ["mi.info_type_id"], "Plans": [{"Node Type": "Nested Loop", "Parent Relationship": "Outer", "Join Type": "Inner", "Startup Cost": 7419.04, "Total Cost": 83197.12, "Plan Rows": 13753, "Plan Width": 80, "Inner Unique": false, "Plans": [{"Node Type": "Nested Loop", "Parent Relationship": "Outer", "Join Type": "Inner", "Startup Cost": 7419.04, "Total Cost": 61824.99, "Plan Rows": 15041, "Plan Width": 30, "Inner Unique": true, "Plans": [{"Node Type": "Nested Loop", "Parent Relationship": "Outer", "Join Type": "Inner", "Startup Cost": 7419.04, "Total Cost": 19211.73, "Plan Rows": 12936, "Plan Width": 9, "Inner Unique": false, "Plans": [{"Node Type": "Index Scan", "Parent Relationship": "Outer", "Scan Direction": "Forward", "Index Name": "info_type_pkey", "Relation Name": "info_type", "Alias": "it2", "Startup Cost": 0.0, "Total Cost": 14.21, "Plan Rows": 1, "Plan Width": 4, "Filter": "((info)::text = 'rating'::text)"}, {"Node Type": "Bitmap Heap Scan", "Parent Relationship": "Inner", "Relation Name": "movie_info_idx", "Alias": "mi_idx", "Startup Cost": 7419.04, "Total Cost": 19068.16, "Plan Rows": 12936, "Plan Width": 13, "Recheck Cond": "(info_type_id = it2.id)", "Filter": "((info)::text > '8.0'::text)", "Plans": [{"Node Type": "Bitmap Index Scan", "Parent Relationship": "Outer", "Index Name": "info_type_id_movie_info_idx", "Startup Cost": 0.0, "Total Cost": 7415.81, "Plan Rows": 345008, "Plan Width": 0, "Index Cond": "(info_type_id = it2.id)"}]}]}, {"Node Type": "Index Scan", "Parent Relationship": "Inner", "Scan Direction": "Forward", "Index Name": "title_pkey", "Relation Name": "title", "Alias": "t", "Startup Cost": 0.0, "Total Cost": 3.28, "Plan Rows": 1, "Plan Width": 21, "Index Cond": "(id = mi_idx.movie_id)", "Filter": "((production_year >= 2008) AND (production_year <= 2014))"}]}, {"Node Type": "Index Scan", "Parent Relationship": "Inner", "Scan Direction": "Forward", "Index Name": "movie_id_movie_info", "Relation Name": "movie_info", "Alias": "mi", "Startup Cost": 0.0, "Total Cost": 1.41, "Plan Rows": 1, "Plan Width": 50, "Index Cond": "(movie_id = t.id)", "Filter": "((note IS NULL) AND ((info)::text = ANY ('{Horror,Thriller}'::text[])))"}]}]}]}, {"Node Type": "Index Scan", "Parent Relationship": "Inner", "Scan Direction": "Forward", "Index Name": "movie_id_cast_info", "Relation Name": "cast_info", "Alias": "ci", "Startup Cost": 0.0, "Total Cost": 2.34, "Plan Rows": 1, "Plan Width": 8, "Index Cond": "(movie_id = t.id)", "Filter": "((note)::text = ANY ('{(writer),\"(head writer)\",\"(written by)\",(story),\"(story editor)\"}'::text[]))"}]}, {"Node Type": "Index Scan", "Parent Relationship": "Inner", "Scan Direction": "Forward", "Index Name": "name_pkey", "Relation Name": "name", "Alias": "n", "Startup Cost": 0.0, "Total Cost": 0.49, "Plan Rows": 1, "Plan Width": 4, "Index Cond": "(id = ci.person_id)", "Filter": "((gender IS NOT NULL) AND ((gender)::text = 'f'::text))"}]}]}, "Unique SQL Id": 661781350, "Planner Runtime": 16}, "explain_analyze_plan": {"Plan": {"Node Type": "Aggregate", "Strategy": "Plain", "Startup Cost": 85075.06, "Total Cost": 85075.07, "Plan Rows": 1, "Plan Width": 160, "Actual Startup Time": 661.784, "Actual Total Time": 661.784, "Actual Rows": 1, "Actual Loops": 1, "Plans": [{"Node Type": "Nested Loop", "Parent Relationship": "Outer", "Join Type": "Inner", "Startup Cost": 84146.21, "Total Cost": 85073.42, "Plan Rows": 219, "Plan Width": 64, "Actual Startup Time": 627.902, "Actual Total Time": 661.736, "Actual Rows": 11, "Actual Loops": 1, "Inner Unique": true, "Plans": [{"Node Type": "Nested Loop", "Parent Relationship": "Outer", "Join Type": "Inner", "Startup Cost": 84146.21, "Total Cost": 84912.43, "Plan Rows": 321, "Plan Width": 68, "Actual Startup Time": 625.011, "Actual Total Time": 659.287, "Actual Rows": 268, "Actual Loops": 1, "Inner Unique": false, "Plans": [{"Node Type": "Merge Join", "Parent Relationship": "Outer", "Join Type": "Inner", "Startup Cost": 84146.21, "Total Cost": 84227.4, "Plan Rows": 291, "Plan Width": 76, "Actual Startup Time": 624.754, "Actual Total Time": 625.03, "Actual Rows": 358, "Actual Loops": 1, "Inner Unique": false, "Merge Cond": "(it1.id = mi.info_type_id)", "Plans": [{"Node Type": "Index Scan", "Parent Relationship": "Outer", "Scan Direction": "Forward", "Index Name": "info_type_pkey", "Relation Name": "info_type", "Alias": "it1", "Startup Cost": 0.0, "Total Cost": 14.21, "Plan Rows": 1, "Plan Width": 4, "Actual Startup Time": 0.029, "Actual Total Time": 0.089, "Actual Rows": 1, "Actual Loops": 1, "Filter": "((info)::text = 'genres'::text)", "Rows Removed by Filter": 111}, {"Node Type": "Sort", "Parent Relationship": "Inner", "Startup Cost": 84142.46, "Total Cost": 84176.85, "Plan Rows": 13753, "Plan Width": 80, "Actual Startup Time": 624.717, "Actual Total Time": 624.79, "Actual Rows": 358, "Actual Loops": 1, "Sort Key": ["mi.info_type_id"], "Sort Method": "quicksort", "Sort Space Used": 75, "Sort Space Type": "Memory", "Plans": [{"Node Type": "Nested Loop", "Parent Relationship": "Outer", "Join Type": "Inner", "Startup Cost": 7419.04, "Total Cost": 83197.12, "Plan Rows": 13753, "Plan Width": 80, "Actual Startup Time": 69.387, "Actual Total Time": 624.404, "Actual Rows": 358, "Actual Loops": 1, "Inner Unique": false, "Plans": [{"Node Type": "Nested Loop", "Parent Relationship": "Outer", "Join Type": "Inner", "Startup Cost": 7419.04, "Total Cost": 61824.99, "Plan Rows": 15041, "Plan Width": 30, "Actual Startup Time": 61.217, "Actual Total Time": 452.891, "Actual Rows": 6152, "Actual Loops": 1, "Inner Unique": true, "Plans": [{"Node Type": "Nested Loop", "Parent Relationship": "Outer", "Join Type": "Inner", "Startup Cost": 7419.04, "Total Cost": 19211.73, "Plan Rows": 12936, "Plan Width": 9, "Actual Startup Time": 59.378, "Actual Total Time": 358.247, "Actual Rows": 15849, "Actual Loops": 1, "Inner Unique": false, "Plans": [{"Node Type": "Index Scan", "Parent Relationship": "Outer", "Scan Direction": "Forward", "Index Name": "info_type_pkey", "Relation Name": "info_type", "Alias": "it2", "Startup Cost": 0.0, "Total Cost": 14.21, "Plan Rows": 1, "Plan Width": 4, "Actual Startup Time": 0.05, "Actual Total Time": 0.061, "Actual Rows": 1, "Actual Loops": 1, "Filter": "((info)::text = 'rating'::text)", "Rows Removed by Filter": 111}, {"Node Type": "Bitmap Heap Scan", "Parent Relationship": "Inner", "Relation Name": "movie_info_idx", "Alias": "mi_idx", "Startup Cost": 7419.04, "Total Cost": 19068.16, "Plan Rows": 12936, "Plan Width": 13, "Actual Startup Time": 59.321, "Actual Total Time": 354.641, "Actual Rows": 15849, "Actual Loops": 1, "Recheck Cond": "(info_type_id = it2.id)", "Rows Removed by Index Recheck": 0, "Filter": "((info)::text > '8.0'::text)", "Rows Removed by Filter": 444076, "Exact Heap Blocks": 6472, "Lossy Heap Blocks": 6472, "Plans": [{"Node Type": "Bitmap Index Scan", "Parent Relationship": "Outer", "Index Name": "info_type_id_movie_info_idx", "Startup Cost": 0.0, "Total Cost": 7415.81, "Plan Rows": 345008, "Plan Width": 0, "Actual Startup Time": 57.977, "Actual Total Time": 57.977, "Actual Rows": 459925, "Actual Loops": 1, "Index Cond": "(info_type_id = it2.id)"}]}]}, {"Node Type": "Index Scan", "Parent Relationship": "Inner", "Scan Direction": "Forward", "Index Name": "title_pkey", "Relation Name": "title", "Alias": "t", "Startup Cost": 0.0, "Total Cost": 3.28, "Plan Rows": 1, "Plan Width": 21, "Actual Startup Time": 84.75, "Actual Total Time": 84.75, "Actual Rows": 6152, "Actual Loops": 15849, "Index Cond": "(id = mi_idx.movie_id)", "Rows Removed by Index Recheck": 0, "Filter": "((production_year >= 2008) AND (production_year <= 2014))", "Rows Removed by Filter": 9697}]}, {"Node Type": "Index Scan", "Parent Relationship": "Inner", "Scan Direction": "Forward", "Index Name": "movie_id_movie_info", "Relation Name": "movie_info", "Alias": "mi", "Startup Cost": 0.0, "Total Cost": 1.41, "Plan Rows": 1, "Plan Width": 50, "Actual Startup Time": 167.807, "Actual Total Time": 168.116, "Actual Rows": 358, "Actual Loops": 6152, "Index Cond": "(movie_id = t.id)", "Rows Removed by Index Recheck": 0, "Filter": "((note IS NULL) AND ((info)::text = ANY ('{Horror,Thriller}'::text[])))", "Rows Removed by Filter": 109599}]}]}]}, {"Node Type": "Index Scan", "Parent Relationship": "Inner", "Scan Direction": "Forward", "Index Name": "movie_id_cast_info", "Relation Name": "cast_info", "Alias": "ci", "Startup Cost": 0.0, "Total Cost": 2.34, "Plan Rows": 1, "Plan Width": 8, "Actual Startup Time": 26.71, "Actual Total Time": 33.991, "Actual Rows": 268, "Actual Loops": 358, "Index Cond": "(movie_id = t.id)", "Rows Removed by Index Recheck": 0, "Filter": "((note)::text = ANY ('{(writer),\"(head writer)\",\"(written by)\",(story),\"(story editor)\"}'::text[]))", "Rows Removed by Filter": 12296}]}, {"Node Type": "Index Scan", "Parent Relationship": "Inner", "Scan Direction": "Forward", "Index Name": "name_pkey", "Relation Name": "name", "Alias": "n", "Startup Cost": 0.0, "Total Cost": 0.49, "Plan Rows": 1, "Plan Width": 4, "Actual Startup Time": 2.264, "Actual Total Time": 2.264, "Actual Rows": 11, "Actual Loops": 268, "Index Cond": "(id = ci.person_id)", "Rows Removed by Index Recheck": 0, "Filter": "((gender IS NOT NULL) AND ((gender)::text = 'f'::text))", "Rows Removed by Filter": 257}]}]}, "Triggers": [], "Planner Runtime": 15.848, "Total Runtime": 662.152, "Unique SQL Id": 661781350}}, "(1, '82')": {"explain_plan": {"Plan": {"Node Type": "Aggregate", "Strategy": "Plain", "Startup Cost": 157930.35, "Total Cost": 157930.36, "Plan Rows": 1, "Plan Width": 160, "Plans": [{"Node Type": "Nested Loop", "Parent Relationship": "Outer", "Join Type": "Inner", "Startup Cost": 154978.63, "Total Cost": 157928.6, "Plan Rows": 233, "Plan Width": 64, "Inner Unique": true, "Plans": [{"Node Type": "Nested Loop", "Parent Relationship": "Outer", "Join Type": "Inner", "Startup Cost": 154978.33, "Total Cost": 156537.48, "Plan Rows": 321, "Plan Width": 68, "Inner Unique": false, "Plans": [{"Node Type": "Merge Join", "Parent Relationship": "Outer", "Join Type": "Inner", "Startup Cost": 154977.32, "Total Cost": 155044.3, "Plan Rows": 291, "Plan Width": 76, "Inner Unique": false, "Merge Cond": "(it1.id = mi.info_type_id)", "Plans": [{"Node Type": "Sort", "Parent Relationship": "Outer", "Startup Cost": 2.41, "Total Cost": 2.42, "Plan Rows": 1, "Plan Width": 4, "Sort Key": ["it1.id"], "Plans": [{"Node Type": "Seq Scan", "Parent Relationship": "Outer", "Relation Name": "info_type", "Alias": "it1", "Startup Cost": 0.0, "Total Cost": 2.4, "Plan Rows": 1, "Plan Width": 4, "Filter": "((info)::text = 'genres'::text)"}]}, {"Node Type": "Sort", "Parent Relationship": "Inner", "Startup Cost": 154971.16, "Total Cost": 155005.54, "Plan Rows": 13753, "Plan Width": 80, "Sort Key": ["mi.info_type_id"], "Plans": [{"Node Type": "Nested Loop", "Parent Relationship": "Outer", "Join Type": "Inner", "Startup Cost": 7420.6, "Total Cost": 154025.82, "Plan Rows": 13753, "Plan Width": 80, "Inner Unique": false, "Plans": [{"Node Type": "Nested Loop", "Parent Relationship": "Outer", "Join Type": "Inner", "Startup Cost": 7420.02, "Total Cost": 83886.56, "Plan Rows": 15041, "Plan Width": 30, "Inner Unique": true, "Plans": [{"Node Type": "Nested Loop", "Parent Relationship": "Outer", "Join Type": "Inner", "Startup Cost": 7419.04, "Total Cost": 19199.92, "Plan Rows": 12936, "Plan Width": 9, "Inner Unique": false, "Plans": [{"Node Type": "Seq Scan", "Parent Relationship": "Outer", "Relation Name": "info_type", "Alias": "it2", "Startup Cost": 0.0, "Total Cost": 2.4, "Plan Rows": 1, "Plan Width": 4, "Filter": "((info)::text = 'rating'::text)"}, {"Node Type": "Bitmap Heap Scan", "Parent Relationship": "Inner", "Relation Name": "movie_info_idx", "Alias": "mi_idx", "Startup Cost": 7419.04, "Total Cost": 19068.16, "Plan Rows": 12936, "Plan Width": 13, "Recheck Cond": "(info_type_id = it2.id)", "Filter": "((info)::text > '8.0'::text)", "Plans": [{"Node Type": "Bitmap Index Scan", "Parent Relationship": "Outer", "Index Name": "info_type_id_movie_info_idx", "Startup Cost": 0.0, "Total Cost": 7415.81, "Plan Rows": 345008, "Plan Width": 0, "Index Cond": "(info_type_id = it2.id)"}]}]}, {"Node Type": "Bitmap Heap Scan", "Parent Relationship": "Inner", "Relation Name": "title", "Alias": "t", "Startup Cost": 0.97, "Total Cost": 4.99, "Plan Rows": 1, "Plan Width": 21, "Recheck Cond": "(id = mi_idx.movie_id)", "Filter": "((production_year >= 2008) AND (production_year <= 2014))", "Plans": [{"Node Type": "Bitmap Index Scan", "Parent Relationship": "Outer", "Index Name": "title_pkey", "Startup Cost": 0.0, "Total Cost": 0.97, "Plan Rows": 1, "Plan Width": 0, "Index Cond": "(id = mi_idx.movie_id)"}]}]}, {"Node Type": "Bitmap Heap Scan", "Parent Relationship": "Inner", "Relation Name": "movie_info", "Alias": "mi", "Startup Cost": 0.58, "Total Cost": 4.65, "Plan Rows": 1, "Plan Width": 50, "Recheck Cond": "(movie_id = t.id)", "Filter": "((note IS NULL) AND ((info)::text = ANY ('{Horror,Thriller}'::text[])))", "Plans": [{"Node Type": "Bitmap Index Scan", "Parent Relationship": "Outer", "Index Name": "movie_id_movie_info", "Startup Cost": 0.0, "Total Cost": 0.58, "Plan Rows": 5, "Plan Width": 0, "Index Cond": "(movie_id = t.id)"}]}]}]}]}, {"Node Type": "Bitmap Heap Scan", "Parent Relationship": "Inner", "Relation Name": "cast_info", "Alias": "ci", "Startup Cost": 1.01, "Total Cost": 5.12, "Plan Rows": 1, "Plan Width": 8, "Recheck Cond": "(movie_id = t.id)", "Filter": "((note)::text = ANY ('{(writer),\"(head writer)\",\"(written by)\",(story),\"(story editor)\"}'::text[]))", "Plans": [{"Node Type": "Bitmap Index Scan", "Parent Relationship": "Outer", "Index Name": "movie_id_cast_info", "Startup Cost": 0.0, "Total Cost": 1.01, "Plan Rows": 6, "Plan Width": 0, "Index Cond": "(movie_id = t.id)"}]}]}, {"Node Type": "Bitmap Heap Scan", "Parent Relationship": "Inner", "Relation Name": "name", "Alias": "n", "Startup Cost": 0.31, "Total Cost": 4.32, "Plan Rows": 1, "Plan Width": 4, "Recheck Cond": "(id = ci.person_id)", "Filter": "((gender IS NOT NULL) AND ((gender)::text = 'f'::text))", "Plans": [{"Node Type": "Bitmap Index Scan", "Parent Relationship": "Outer", "Index Name": "name_pkey", "Startup Cost": 0.0, "Total Cost": 0.31, "Plan Rows": 1, "Plan Width": 0, "Index Cond": "(id = ci.person_id)"}]}]}]}, "Unique SQL Id": 661781350, "Planner Runtime": 18}, "explain_analyze_plan": {"Plan": {"Node Type": "Aggregate", "Strategy": "Plain", "Startup Cost": 157930.35, "Total Cost": 157930.36, "Plan Rows": 1, "Plan Width": 160, "Actual Startup Time": 659.999, "Actual Total Time": 659.999, "Actual Rows": 1, "Actual Loops": 1, "Plans": [{"Node Type": "Nested Loop", "Parent Relationship": "Outer", "Join Type": "Inner", "Startup Cost": 154978.63, "Total Cost": 157928.6, "Plan Rows": 233, "Plan Width": 64, "Actual Startup Time": 618.138, "Actual Total Time": 659.951, "Actual Rows": 11, "Actual Loops": 1, "Inner Unique": true, "Plans": [{"Node Type": "Nested Loop", "Parent Relationship": "Outer", "Join Type": "Inner", "Startup Cost": 154978.33, "Total Cost": 156537.48, "Plan Rows": 321, "Plan Width": 68, "Actual Startup Time": 614.716, "Actual Total Time": 656.916, "Actual Rows": 268, "Actual Loops": 1, "Inner Unique": false, "Plans": [{"Node Type": "Merge Join", "Parent Relationship": "Outer", "Join Type": "Inner", "Startup Cost": 154977.32, "Total Cost": 155044.3, "Plan Rows": 291, "Plan Width": 76, "Actual Startup Time": 614.396, "Actual Total Time": 614.643, "Actual Rows": 358, "Actual Loops": 1, "Inner Unique": false, "Merge Cond": "(it1.id = mi.info_type_id)", "Plans": [{"Node Type": "Sort", "Parent Relationship": "Outer", "Startup Cost": 2.41, "Total Cost": 2.42, "Plan Rows": 1, "Plan Width": 4, "Actual Startup Time": 0.102, "Actual Total Time": 0.102, "Actual Rows": 1, "Actual Loops": 1, "Sort Key": ["it1.id"], "Sort Method": "quicksort", "Sort Space Used": 25, "Sort Space Type": "Memory", "Plans": [{"Node Type": "Seq Scan", "Parent Relationship": "Outer", "Relation Name": "info_type", "Alias": "it1", "Startup Cost": 0.0, "Total Cost": 2.4, "Plan Rows": 1, "Plan Width": 4, "Actual Startup Time": 0.057, "Actual Total Time": 0.08, "Actual Rows": 1, "Actual Loops": 1, "Filter": "((info)::text = 'genres'::text)", "Rows Removed by Filter": 111}]}, {"Node Type": "Sort", "Parent Relationship": "Inner", "Startup Cost": 154971.16, "Total Cost": 155005.54, "Plan Rows": 13753, "Plan Width": 80, "Actual Startup Time": 614.284, "Actual Total Time": 614.36, "Actual Rows": 358, "Actual Loops": 1, "Sort Key": ["mi.info_type_id"], "Sort Method": "quicksort", "Sort Space Used": 75, "Sort Space Type": "Memory", "Plans": [{"Node Type": "Nested Loop", "Parent Relationship": "Outer", "Join Type": "Inner", "Startup Cost": 7420.6, "Total Cost": 154025.82, "Plan Rows": 13753, "Plan Width": 80, "Actual Startup Time": 68.577, "Actual Total Time": 613.803, "Actual Rows": 358, "Actual Loops": 1, "Inner Unique": false, "Plans": [{"Node Type": "Nested Loop", "Parent Relationship": "Outer", "Join Type": "Inner", "Startup Cost": 7420.02, "Total Cost": 83886.56, "Plan Rows": 15041, "Plan Width": 30, "Actual Startup Time": 60.827, "Actual Total Time": 432.054, "Actual Rows": 6152, "Actual Loops": 1, "Inner Unique": true, "Plans": [{"Node Type": "Nested Loop", "Parent Relationship": "Outer", "Join Type": "Inner", "Startup Cost": 7419.04, "Total Cost": 19199.92, "Plan Rows": 12936, "Plan Width": 9, "Actual Startup Time": 59.075, "Actual Total Time": 320.913, "Actual Rows": 15849, "Actual Loops": 1, "Inner Unique": false, "Plans": [{"Node Type": "Seq Scan", "Parent Relationship": "Outer", "Relation Name": "info_type", "Alias": "it2", "Startup Cost": 0.0, "Total Cost": 2.4, "Plan Rows": 1, "Plan Width": 4, "Actual Startup Time": 0.043, "Actual Total Time": 0.06, "Actual Rows": 1, "Actual Loops": 1, "Filter": "((info)::text = 'rating'::text)", "Rows Removed by Filter": 111}, {"Node Type": "Bitmap Heap Scan", "Parent Relationship": "Inner", "Relation Name": "movie_info_idx", "Alias": "mi_idx", "Startup Cost": 7419.04, "Total Cost": 19068.16, "Plan Rows": 12936, "Plan Width": 13, "Actual Startup Time": 59.025, "Actual Total Time": 317.056, "Actual Rows": 15849, "Actual Loops": 1, "Recheck Cond": "(info_type_id = it2.id)", "Rows Removed by Index Recheck": 0, "Filter": "((info)::text > '8.0'::text)", "Rows Removed by Filter": 444076, "Exact Heap Blocks": 6472, "Lossy Heap Blocks": 6472, "Plans": [{"Node Type": "Bitmap Index Scan", "Parent Relationship": "Outer", "Index Name": "info_type_id_movie_info_idx", "Startup Cost": 0.0, "Total Cost": 7415.81, "Plan Rows": 345008, "Plan Width": 0, "Actual Startup Time": 57.79, "Actual Total Time": 57.79, "Actual Rows": 459925, "Actual Loops": 1, "Index Cond": "(info_type_id = it2.id)"}]}]}, {"Node Type": "Bitmap Heap Scan", "Parent Relationship": "Inner", "Relation Name": "title", "Alias": "t", "Startup Cost": 0.97, "Total Cost": 4.99, "Plan Rows": 1, "Plan Width": 21, "Actual Startup Time": 90.506, "Actual Total Time": 90.506, "Actual Rows": 6152, "Actual Loops": 15849, "Recheck Cond": "(id = mi_idx.movie_id)", "Rows Removed by Index Recheck": 0, "Filter": "((production_year >= 2008) AND (production_year <= 2014))", "Rows Removed by Filter": 9697, "Exact Heap Blocks": 15849, "Lossy Heap Blocks": 15849, "Plans": [{"Node Type": "Bitmap Index Scan", "Parent Relationship": "Outer", "Index Name": "title_pkey", "Startup Cost": 0.0, "Total Cost": 0.97, "Plan Rows": 1, "Plan Width": 0, "Actual Startup Time": 46.429, "Actual Total Time": 46.429, "Actual Rows": 15849, "Actual Loops": 15849, "Index Cond": "(id = mi_idx.movie_id)"}]}]}, {"Node Type": "Bitmap Heap Scan", "Parent Relationship": "Inner", "Relation Name": "movie_info", "Alias": "mi", "Startup Cost": 0.58, "Total Cost": 4.65, "Plan Rows": 1, "Plan Width": 50, "Actual Startup Time": 173.603, "Actual Total Time": 173.745, "Actual Rows": 358, "Actual Loops": 6152, "Recheck Cond": "(movie_id = t.id)", "Rows Removed by Index Recheck": 0, "Filter": "((note IS NULL) AND ((info)::text = ANY ('{Horror,Thriller}'::text[])))", "Rows Removed by Filter": 109599, "Exact Heap Blocks": 52726, "Lossy Heap Blocks": 52726, "Plans": [{"Node Type": "Bitmap Index Scan", "Parent Relationship": "Outer", "Index Name": "movie_id_movie_info", "Startup Cost": 0.0, "Total Cost": 0.58, "Plan Rows": 5, "Plan Width": 0, "Actual Startup Time": 40.581, "Actual Total Time": 40.581, "Actual Rows": 109957, "Actual Loops": 6152, "Index Cond": "(movie_id = t.id)"}]}]}]}]}, {"Node Type": "Bitmap Heap Scan", "Parent Relationship": "Inner", "Relation Name": "cast_info", "Alias": "ci", "Startup Cost": 1.01, "Total Cost": 5.12, "Plan Rows": 1, "Plan Width": 8, "Actual Startup Time": 33.424, "Actual Total Time": 41.562, "Actual Rows": 268, "Actual Loops": 358, "Recheck Cond": "(movie_id = t.id)", "Rows Removed by Index Recheck": 0, "Filter": "((note)::text = ANY ('{(writer),\"(head writer)\",\"(written by)\",(story),\"(story editor)\"}'::text[]))", "Rows Removed by Filter": 12296, "Exact Heap Blocks": 11454, "Lossy Heap Blocks": 11454, "Plans": [{"Node Type": "Bitmap Index Scan", "Parent Relationship": "Outer", "Index Name": "movie_id_cast_info", "Startup Cost": 0.0, "Total Cost": 1.01, "Plan Rows": 6, "Plan Width": 0, "Actual Startup Time": 5.475, "Actual Total Time": 5.475, "Actual Rows": 12564, "Actual Loops": 358, "Index Cond": "(movie_id = t.id)"}]}]}, {"Node Type": "Bitmap Heap Scan", "Parent Relationship": "Inner", "Relation Name": "name", "Alias": "n", "Startup Cost": 0.31, "Total Cost": 4.32, "Plan Rows": 1, "Plan Width": 4, "Actual Startup Time": 2.658, "Actual Total Time": 2.658, "Actual Rows": 11, "Actual Loops": 268, "Recheck Cond": "(id = ci.person_id)", "Rows Removed by Index Recheck": 0, "Filter": "((gender IS NOT NULL) AND ((gender)::text = 'f'::text))", "Rows Removed by Filter": 257, "Exact Heap Blocks": 268, "Lossy Heap Blocks": 268, "Plans": [{"Node Type": "Bitmap Index Scan", "Parent Relationship": "Outer", "Index Name": "name_pkey", "Startup Cost": 0.0, "Total Cost": 0.31, "Plan Rows": 1, "Plan Width": 0, "Actual Startup Time": 1.632, "Actual Total Time": 1.632, "Actual Rows": 268, "Actual Loops": 268, "Index Cond": "(id = ci.person_id)"}]}]}]}, "Triggers": [], "Planner Runtime": 18.212, "Total Runtime": 660.504, "Unique SQL Id": 661781350}}, "(1, '83')": {"explain_plan": {"Plan": {"Node Type": "Aggregate", "Strategy": "Plain", "Startup Cost": 1000198965418.13, "Total Cost": 1000198965418.14, "Plan Rows": 1, "Plan Width": 160, "Plans": [{"Node Type": "Nested Loop", "Parent Relationship": "Outer", "Join Type": "Inner", "Startup Cost": 10000000001.87, "Total Cost": 1000198965416.49, "Plan Rows": 219, "Plan Width": 64, "Inner Unique": true, "Plans": [{"Node Type": "Nested Loop", "Parent Relationship": "Outer", "Join Type": "Inner", "Startup Cost": 10000000001.56, "Total Cost": 1000198964025.37, "Plan Rows": 321, "Plan Width": 68, "Inner Unique": true, "Join Filter": "(mi.movie_id = t.id)", "Plans": [{"Node Type": "Nested Loop", "Parent Relationship": "Outer", "Join Type": "Inner", "Startup Cost": 10000000001.27, "Total Cost": 1000198962833.6, "Plan Rows": 276, "Plan Width": 63, "Inner Unique": true, "Plans": [{"Node Type": "Nested Loop", "Parent Relationship": "Outer", "Join Type": "Inner", "Startup Cost": 10000000001.01, "Total Cost": 1000198906787.99, "Plan Rows": 13086, "Plan Width": 67, "Inner Unique": false, "Join Filter": "(mi_idx.movie_id = mi.movie_id)", "Plans": [{"Node Type": "Nested Loop", "Parent Relationship": "Outer", "Join Type": "Inner", "Startup Cost": 10000000000.54, "Total Cost": 1000198841505.29, "Plan Rows": 14313, "Plan Width": 17, "Inner Unique": true, "Plans": [{"Node Type": "Nested Loop", "Parent Relationship": "Outer", "Join Type": "Inner", "Startup Cost": 10000000000.28, "Total Cost": 1000198596304.72, "Plan Rows": 57251, "Plan Width": 21, "Inner Unique": false, "Plans": [{"Node Type": "Index Scan", "Parent Relationship": "Outer", "Scan Direction": "Forward", "Index Name": "person_id_cast_info", "Relation Name": "cast_info", "Alias": "ci", "Startup Cost": 10000000000.0, "Total Cost": 1000193311016.96, "Plan Rows": 1223154, "Plan Width": 8, "Filter": "((note)::text = ANY ('{(writer),\"(head writer)\",\"(written by)\",(story),\"(story editor)\"}'::text[]))"}, {"Node Type": "Bitmap Heap Scan", "Parent Relationship": "Inner", "Relation Name": "movie_info_idx", "Alias": "mi_idx", "Startup Cost": 0.28, "Total Cost": 4.31, "Plan Rows": 1, "Plan Width": 13, "Recheck Cond": "(movie_id = ci.movie_id)", "Filter": "((info)::text > '8.0'::text)", "Plans": [{"Node Type": "Bitmap Index Scan", "Parent Relationship": "Outer", "Index Name": "movie_id_movie_info_idx", "Startup Cost": 0.0, "Total Cost": 0.28, "Plan Rows": 2, "Plan Width": 0, "Index Cond": "(movie_id = ci.movie_id)"}]}]}, {"Node Type": "Bitmap Heap Scan", "Parent Relationship": "Inner", "Relation Name": "info_type", "Alias": "it2", "Startup Cost": 0.26, "Total Cost": 4.27, "Plan Rows": 1, "Plan Width": 4, "Recheck Cond": "(id = mi_idx.info_type_id)", "Filter": "((info)::text = 'rating'::text)", "Plans": [{"Node Type": "Bitmap Index Scan", "Parent Relationship": "Outer", "Index Name": "info_type_pkey", "Startup Cost": 0.0, "Total Cost": 0.26, "Plan Rows": 1, "Plan Width": 0, "Index Cond": "(id = mi_idx.info_type_id)"}]}]}, {"Node Type": "Bitmap Heap Scan", "Parent Relationship": "Inner", "Relation Name": "movie_info", "Alias": "mi", "Startup Cost": 0.47, "Total Cost": 4.55, "Plan Rows": 1, "Plan Width": 50, "Recheck Cond": "(movie_id = ci.movie_id)", "Filter": "((note IS NULL) AND ((info)::text = ANY ('{Horror,Thriller}'::text[])))", "Plans": [{"Node Type": "Bitmap Index Scan", "Parent Relationship": "Outer", "Index Name": "movie_id_movie_info", "Startup Cost": 0.0, "Total Cost": 0.47, "Plan Rows": 5, "Plan Width": 0, "Index Cond": "(movie_id = ci.movie_id)"}]}]}, {"Node Type": "Bitmap Heap Scan", "Parent Relationship": "Inner", "Relation Name": "info_type", "Alias": "it1", "Startup Cost": 0.26, "Total Cost": 4.27, "Plan Rows": 1, "Plan Width": 4, "Recheck Cond": "(id = mi.info_type_id)", "Filter": "((info)::text = 'genres'::text)", "Plans": [{"Node Type": "Bitmap Index Scan", "Parent Relationship": "Outer", "Index Name": "info_type_pkey", "Startup Cost": 0.0, "Total Cost": 0.26, "Plan Rows": 1, "Plan Width": 0, "Index Cond": "(id = mi.info_type_id)"}]}]}, {"Node Type": "Bitmap Heap Scan", "Parent Relationship": "Inner", "Relation Name": "title", "Alias": "t", "Startup Cost": 0.29, "Total Cost": 4.31, "Plan Rows": 1, "Plan Width": 21, "Recheck Cond": "(id = ci.movie_id)", "Filter": "((production_year >= 2008) AND (production_year <= 2014))", "Plans": [{"Node Type": "Bitmap Index Scan", "Parent Relationship": "Outer", "Index Name": "title_pkey", "Startup Cost": 0.0, "Total Cost": 0.29, "Plan Rows": 1, "Plan Width": 0, "Index Cond": "(id = ci.movie_id)"}]}]}, {"Node Type": "Bitmap Heap Scan", "Parent Relationship": "Inner", "Relation Name": "name", "Alias": "n", "Startup Cost": 0.31, "Total Cost": 4.32, "Plan Rows": 1, "Plan Width": 4, "Recheck Cond": "(id = ci.person_id)", "Filter": "((gender IS NOT NULL) AND ((gender)::text = 'f'::text))", "Plans": [{"Node Type": "Bitmap Index Scan", "Parent Relationship": "Outer", "Index Name": "name_pkey", "Startup Cost": 0.0, "Total Cost": 0.31, "Plan Rows": 1, "Plan Width": 0, "Index Cond": "(id = ci.person_id)"}]}]}]}, "Unique SQL Id": 661781350, "Planner Runtime": 10}, "explain_analyze_plan": null}, "(1, '84')": {"explain_plan": {"Plan": {"Node Type": "Aggregate", "Strategy": "Plain", "Startup Cost": 85051.45, "Total Cost": 85051.46, "Plan Rows": 1, "Plan Width": 160, "Plans": [{"Node Type": "Nested Loop", "Parent Relationship": "Outer", "Join Type": "Inner", "Startup Cost": 84136.81, "Total Cost": 85049.81, "Plan Rows": 219, "Plan Width": 64, "Inner Unique": true, "Plans": [{"Node Type": "Nested Loop", "Parent Relationship": "Outer", "Join Type": "Inner", "Startup Cost": 84136.81, "Total Cost": 84888.82, "Plan Rows": 321, "Plan Width": 68, "Inner Unique": false, "Plans": [{"Node Type": "Merge Join", "Parent Relationship": "Outer", "Join Type": "Inner", "Startup Cost": 84136.81, "Total Cost": 84203.8, "Plan Rows": 291, "Plan Width": 76, "Inner Unique": false, "Merge Cond": "(it1.id = mi.info_type_id)", "Plans": [{"Node Type": "Sort", "Parent Relationship": "Outer", "Startup Cost": 2.41, "Total Cost": 2.42, "Plan Rows": 1, "Plan Width": 4, "Sort Key": ["it1.id"], "Plans": [{"Node Type": "Seq Scan", "Parent Relationship": "Outer", "Relation Name": "info_type", "Alias": "it1", "Startup Cost": 0.0, "Total Cost": 2.4, "Plan Rows": 1, "Plan Width": 4, "Filter": "((info)::text = 'genres'::text)"}]}, {"Node Type": "Sort", "Parent Relationship": "Inner", "Startup Cost": 84130.65, "Total Cost": 84165.04, "Plan Rows": 13753, "Plan Width": 80, "Sort Key": ["mi.info_type_id"], "Plans": [{"Node Type": "Nested Loop", "Parent Relationship": "Outer", "Join Type": "Inner", "Startup Cost": 7419.04, "Total Cost": 83185.31, "Plan Rows": 13753, "Plan Width": 80, "Inner Unique": false, "Plans": [{"Node Type": "Nested Loop", "Parent Relationship": "Outer", "Join Type": "Inner", "Startup Cost": 7419.04, "Total Cost": 61813.18, "Plan Rows": 15041, "Plan Width": 30, "Inner Unique": true, "Plans": [{"Node Type": "Nested Loop", "Parent Relationship": "Outer", "Join Type": "Inner", "Startup Cost": 7419.04, "Total Cost": 19199.92, "Plan Rows": 12936, "Plan Width": 9, "Inner Unique": false, "Plans": [{"Node Type": "Seq Scan", "Parent Relationship": "Outer", "Relation Name": "info_type", "Alias": "it2", "Startup Cost": 0.0, "Total Cost": 2.4, "Plan Rows": 1, "Plan Width": 4, "Filter": "((info)::text = 'rating'::text)"}, {"Node Type": "Bitmap Heap Scan", "Parent Relationship": "Inner", "Relation Name": "movie_info_idx", "Alias": "mi_idx", "Startup Cost": 7419.04, "Total Cost": 19068.16, "Plan Rows": 12936, "Plan Width": 13, "Recheck Cond": "(info_type_id = it2.id)", "Filter": "((info)::text > '8.0'::text)", "Plans": [{"Node Type": "Bitmap Index Scan", "Parent Relationship": "Outer", "Index Name": "info_type_id_movie_info_idx", "Startup Cost": 0.0, "Total Cost": 7415.81, "Plan Rows": 345008, "Plan Width": 0, "Index Cond": "(info_type_id = it2.id)"}]}]}, {"Node Type": "Index Scan", "Parent Relationship": "Inner", "Scan Direction": "Forward", "Index Name": "title_pkey", "Relation Name": "title", "Alias": "t", "Startup Cost": 0.0, "Total Cost": 3.28, "Plan Rows": 1, "Plan Width": 21, "Index Cond": "(id = mi_idx.movie_id)", "Filter": "((production_year >= 2008) AND (production_year <= 2014))"}]}, {"Node Type": "Index Scan", "Parent Relationship": "Inner", "Scan Direction": "Forward", "Index Name": "movie_id_movie_info", "Relation Name": "movie_info", "Alias": "mi", "Startup Cost": 0.0, "Total Cost": 1.41, "Plan Rows": 1, "Plan Width": 50, "Index Cond": "(movie_id = t.id)", "Filter": "((note IS NULL) AND ((info)::text = ANY ('{Horror,Thriller}'::text[])))"}]}]}]}, {"Node Type": "Index Scan", "Parent Relationship": "Inner", "Scan Direction": "Forward", "Index Name": "movie_id_cast_info", "Relation Name": "cast_info", "Alias": "ci", "Startup Cost": 0.0, "Total Cost": 2.34, "Plan Rows": 1, "Plan Width": 8, "Index Cond": "(movie_id = t.id)", "Filter": "((note)::text = ANY ('{(writer),\"(head writer)\",\"(written by)\",(story),\"(story editor)\"}'::text[]))"}]}, {"Node Type": "Index Scan", "Parent Relationship": "Inner", "Scan Direction": "Forward", "Index Name": "name_pkey", "Relation Name": "name", "Alias": "n", "Startup Cost": 0.0, "Total Cost": 0.49, "Plan Rows": 1, "Plan Width": 4, "Index Cond": "(id = ci.person_id)", "Filter": "((gender IS NOT NULL) AND ((gender)::text = 'f'::text))"}]}]}, "Unique SQL Id": 661781350, "Planner Runtime": 18}, "explain_analyze_plan": {"Plan": {"Node Type": "Aggregate", "Strategy": "Plain", "Startup Cost": 85051.45, "Total Cost": 85051.46, "Plan Rows": 1, "Plan Width": 160, "Actual Startup Time": 570.94, "Actual Total Time": 570.941, "Actual Rows": 1, "Actual Loops": 1, "Plans": [{"Node Type": "Nested Loop", "Parent Relationship": "Outer", "Join Type": "Inner", "Startup Cost": 84136.81, "Total Cost": 85049.81, "Plan Rows": 219, "Plan Width": 64, "Actual Startup Time": 537.536, "Actual Total Time": 570.896, "Actual Rows": 11, "Actual Loops": 1, "Inner Unique": true, "Plans": [{"Node Type": "Nested Loop", "Parent Relationship": "Outer", "Join Type": "Inner", "Startup Cost": 84136.81, "Total Cost": 84888.82, "Plan Rows": 321, "Plan Width": 68, "Actual Startup Time": 534.635, "Actual Total Time": 568.429, "Actual Rows": 268, "Actual Loops": 1, "Inner Unique": false, "Plans": [{"Node Type": "Merge Join", "Parent Relationship": "Outer", "Join Type": "Inner", "Startup Cost": 84136.81, "Total Cost": 84203.8, "Plan Rows": 291, "Plan Width": 76, "Actual Startup Time": 534.369, "Actual Total Time": 534.576, "Actual Rows": 358, "Actual Loops": 1, "Inner Unique": false, "Merge Cond": "(it1.id = mi.info_type_id)", "Plans": [{"Node Type": "Sort", "Parent Relationship": "Outer", "Startup Cost": 2.41, "Total Cost": 2.42, "Plan Rows": 1, "Plan Width": 4, "Actual Startup Time": 0.082, "Actual Total Time": 0.082, "Actual Rows": 1, "Actual Loops": 1, "Sort Key": ["it1.id"], "Sort Method": "quicksort", "Sort Space Used": 25, "Sort Space Type": "Memory", "Plans": [{"Node Type": "Seq Scan", "Parent Relationship": "Outer", "Relation Name": "info_type", "Alias": "it1", "Startup Cost": 0.0, "Total Cost": 2.4, "Plan Rows": 1, "Plan Width": 4, "Actual Startup Time": 0.04, "Actual Total Time": 0.064, "Actual Rows": 1, "Actual Loops": 1, "Filter": "((info)::text = 'genres'::text)", "Rows Removed by Filter": 111}]}, {"Node Type": "Sort", "Parent Relationship": "Inner", "Startup Cost": 84130.65, "Total Cost": 84165.04, "Plan Rows": 13753, "Plan Width": 80, "Actual Startup Time": 534.279, "Actual Total Time": 534.356, "Actual Rows": 358, "Actual Loops": 1, "Sort Key": ["mi.info_type_id"], "Sort Method": "quicksort", "Sort Space Used": 75, "Sort Space Type": "Memory", "Plans": [{"Node Type": "Nested Loop", "Parent Relationship": "Outer", "Join Type": "Inner", "Startup Cost": 7419.04, "Total Cost": 83185.31, "Plan Rows": 13753, "Plan Width": 80, "Actual Startup Time": 65.413, "Actual Total Time": 533.871, "Actual Rows": 358, "Actual Loops": 1, "Inner Unique": false, "Plans": [{"Node Type": "Nested Loop", "Parent Relationship": "Outer", "Join Type": "Inner", "Startup Cost": 7419.04, "Total Cost": 61813.18, "Plan Rows": 15041, "Plan Width": 30, "Actual Startup Time": 58.864, "Actual Total Time": 391.267, "Actual Rows": 6152, "Actual Loops": 1, "Inner Unique": true, "Plans": [{"Node Type": "Nested Loop", "Parent Relationship": "Outer", "Join Type": "Inner", "Startup Cost": 7419.04, "Total Cost": 19199.92, "Plan Rows": 12936, "Plan Width": 9, "Actual Startup Time": 57.407, "Actual Total Time": 312.261, "Actual Rows": 15849, "Actual Loops": 1, "Inner Unique": false, "Plans": [{"Node Type": "Seq Scan", "Parent Relationship": "Outer", "Relation Name": "info_type", "Alias": "it2", "Startup Cost": 0.0, "Total Cost": 2.4, "Plan Rows": 1, "Plan Width": 4, "Actual Startup Time": 0.047, "Actual Total Time": 0.07, "Actual Rows": 1, "Actual Loops": 1, "Filter": "((info)::text = 'rating'::text)", "Rows Removed by Filter": 111}, {"Node Type": "Bitmap Heap Scan", "Parent Relationship": "Inner", "Relation Name": "movie_info_idx", "Alias": "mi_idx", "Startup Cost": 7419.04, "Total Cost": 19068.16, "Plan Rows": 12936, "Plan Width": 13, "Actual Startup Time": 57.353, "Actual Total Time": 308.53, "Actual Rows": 15849, "Actual Loops": 1, "Recheck Cond": "(info_type_id = it2.id)", "Rows Removed by Index Recheck": 0, "Filter": "((info)::text > '8.0'::text)", "Rows Removed by Filter": 444076, "Exact Heap Blocks": 6472, "Lossy Heap Blocks": 6472, "Plans": [{"Node Type": "Bitmap Index Scan", "Parent Relationship": "Outer", "Index Name": "info_type_id_movie_info_idx", "Startup Cost": 0.0, "Total Cost": 7415.81, "Plan Rows": 345008, "Plan Width": 0, "Actual Startup Time": 56.087, "Actual Total Time": 56.087, "Actual Rows": 459925, "Actual Loops": 1, "Index Cond": "(info_type_id = it2.id)"}]}]}, {"Node Type": "Index Scan", "Parent Relationship": "Inner", "Scan Direction": "Forward", "Index Name": "title_pkey", "Relation Name": "title", "Alias": "t", "Startup Cost": 0.0, "Total Cost": 3.28, "Plan Rows": 1, "Plan Width": 21, "Actual Startup Time": 69.266, "Actual Total Time": 69.266, "Actual Rows": 6152, "Actual Loops": 15849, "Index Cond": "(id = mi_idx.movie_id)", "Rows Removed by Index Recheck": 0, "Filter": "((production_year >= 2008) AND (production_year <= 2014))", "Rows Removed by Filter": 9697}]}, {"Node Type": "Index Scan", "Parent Relationship": "Inner", "Scan Direction": "Forward", "Index Name": "movie_id_movie_info", "Relation Name": "movie_info", "Alias": "mi", "Startup Cost": 0.0, "Total Cost": 1.41, "Plan Rows": 1, "Plan Width": 50, "Actual Startup Time": 138.79, "Actual Total Time": 139.095, "Actual Rows": 358, "Actual Loops": 6152, "Index Cond": "(movie_id = t.id)", "Rows Removed by Index Recheck": 0, "Filter": "((note IS NULL) AND ((info)::text = ANY ('{Horror,Thriller}'::text[])))", "Rows Removed by Filter": 109599}]}]}]}, {"Node Type": "Index Scan", "Parent Relationship": "Inner", "Scan Direction": "Forward", "Index Name": "movie_id_cast_info", "Relation Name": "cast_info", "Alias": "ci", "Startup Cost": 0.0, "Total Cost": 2.34, "Plan Rows": 1, "Plan Width": 8, "Actual Startup Time": 26.38, "Actual Total Time": 33.558, "Actual Rows": 268, "Actual Loops": 358, "Index Cond": "(movie_id = t.id)", "Rows Removed by Index Recheck": 0, "Filter": "((note)::text = ANY ('{(writer),\"(head writer)\",\"(written by)\",(story),\"(story editor)\"}'::text[]))", "Rows Removed by Filter": 12296}]}, {"Node Type": "Index Scan", "Parent Relationship": "Inner", "Scan Direction": "Forward", "Index Name": "name_pkey", "Relation Name": "name", "Alias": "n", "Startup Cost": 0.0, "Total Cost": 0.49, "Plan Rows": 1, "Plan Width": 4, "Actual Startup Time": 2.305, "Actual Total Time": 2.305, "Actual Rows": 11, "Actual Loops": 268, "Index Cond": "(id = ci.person_id)", "Rows Removed by Index Recheck": 0, "Filter": "((gender IS NOT NULL) AND ((gender)::text = 'f'::text))", "Rows Removed by Filter": 257}]}]}, "Triggers": [], "Planner Runtime": 18.829, "Total Runtime": 571.435, "Unique SQL Id": 661781350}}, "(1, '85')": {"explain_plan": {"Plan": {"Node Type": "Aggregate", "Strategy": "Plain", "Startup Cost": 85075.06, "Total Cost": 85075.07, "Plan Rows": 1, "Plan Width": 160, "Plans": [{"Node Type": "Nested Loop", "Parent Relationship": "Outer", "Join Type": "Inner", "Startup Cost": 84146.21, "Total Cost": 85073.42, "Plan Rows": 219, "Plan Width": 64, "Inner Unique": true, "Plans": [{"Node Type": "Nested Loop", "Parent Relationship": "Outer", "Join Type": "Inner", "Startup Cost": 84146.21, "Total Cost": 84912.43, "Plan Rows": 321, "Plan Width": 68, "Inner Unique": false, "Plans": [{"Node Type": "Merge Join", "Parent Relationship": "Outer", "Join Type": "Inner", "Startup Cost": 84146.21, "Total Cost": 84227.4, "Plan Rows": 291, "Plan Width": 76, "Inner Unique": false, "Merge Cond": "(it1.id = mi.info_type_id)", "Plans": [{"Node Type": "Index Scan", "Parent Relationship": "Outer", "Scan Direction": "Forward", "Index Name": "info_type_pkey", "Relation Name": "info_type", "Alias": "it1", "Startup Cost": 0.0, "Total Cost": 14.21, "Plan Rows": 1, "Plan Width": 4, "Filter": "((info)::text = 'genres'::text)"}, {"Node Type": "Sort", "Parent Relationship": "Inner", "Startup Cost": 84142.46, "Total Cost": 84176.85, "Plan Rows": 13753, "Plan Width": 80, "Sort Key": ["mi.info_type_id"], "Plans": [{"Node Type": "Nested Loop", "Parent Relationship": "Outer", "Join Type": "Inner", "Startup Cost": 7419.04, "Total Cost": 83197.12, "Plan Rows": 13753, "Plan Width": 80, "Inner Unique": false, "Plans": [{"Node Type": "Nested Loop", "Parent Relationship": "Outer", "Join Type": "Inner", "Startup Cost": 7419.04, "Total Cost": 61824.99, "Plan Rows": 15041, "Plan Width": 30, "Inner Unique": true, "Plans": [{"Node Type": "Nested Loop", "Parent Relationship": "Outer", "Join Type": "Inner", "Startup Cost": 7419.04, "Total Cost": 19211.73, "Plan Rows": 12936, "Plan Width": 9, "Inner Unique": false, "Plans": [{"Node Type": "Index Scan", "Parent Relationship": "Outer", "Scan Direction": "Forward", "Index Name": "info_type_pkey", "Relation Name": "info_type", "Alias": "it2", "Startup Cost": 0.0, "Total Cost": 14.21, "Plan Rows": 1, "Plan Width": 4, "Filter": "((info)::text = 'rating'::text)"}, {"Node Type": "Bitmap Heap Scan", "Parent Relationship": "Inner", "Relation Name": "movie_info_idx", "Alias": "mi_idx", "Startup Cost": 7419.04, "Total Cost": 19068.16, "Plan Rows": 12936, "Plan Width": 13, "Recheck Cond": "(info_type_id = it2.id)", "Filter": "((info)::text > '8.0'::text)", "Plans": [{"Node Type": "Bitmap Index Scan", "Parent Relationship": "Outer", "Index Name": "info_type_id_movie_info_idx", "Startup Cost": 0.0, "Total Cost": 7415.81, "Plan Rows": 345008, "Plan Width": 0, "Index Cond": "(info_type_id = it2.id)"}]}]}, {"Node Type": "Index Scan", "Parent Relationship": "Inner", "Scan Direction": "Forward", "Index Name": "title_pkey", "Relation Name": "title", "Alias": "t", "Startup Cost": 0.0, "Total Cost": 3.28, "Plan Rows": 1, "Plan Width": 21, "Index Cond": "(id = mi_idx.movie_id)", "Filter": "((production_year >= 2008) AND (production_year <= 2014))"}]}, {"Node Type": "Index Scan", "Parent Relationship": "Inner", "Scan Direction": "Forward", "Index Name": "movie_id_movie_info", "Relation Name": "movie_info", "Alias": "mi", "Startup Cost": 0.0, "Total Cost": 1.41, "Plan Rows": 1, "Plan Width": 50, "Index Cond": "(movie_id = t.id)", "Filter": "((note IS NULL) AND ((info)::text = ANY ('{Horror,Thriller}'::text[])))"}]}]}]}, {"Node Type": "Index Scan", "Parent Relationship": "Inner", "Scan Direction": "Forward", "Index Name": "movie_id_cast_info", "Relation Name": "cast_info", "Alias": "ci", "Startup Cost": 0.0, "Total Cost": 2.34, "Plan Rows": 1, "Plan Width": 8, "Index Cond": "(movie_id = t.id)", "Filter": "((note)::text = ANY ('{(writer),\"(head writer)\",\"(written by)\",(story),\"(story editor)\"}'::text[]))"}]}, {"Node Type": "Index Scan", "Parent Relationship": "Inner", "Scan Direction": "Forward", "Index Name": "name_pkey", "Relation Name": "name", "Alias": "n", "Startup Cost": 0.0, "Total Cost": 0.49, "Plan Rows": 1, "Plan Width": 4, "Index Cond": "(id = ci.person_id)", "Filter": "((gender IS NOT NULL) AND ((gender)::text = 'f'::text))"}]}]}, "Unique SQL Id": 661781350, "Planner Runtime": 15}, "explain_analyze_plan": {"Plan": {"Node Type": "Aggregate", "Strategy": "Plain", "Startup Cost": 85075.06, "Total Cost": 85075.07, "Plan Rows": 1, "Plan Width": 160, "Actual Startup Time": 661.784, "Actual Total Time": 661.784, "Actual Rows": 1, "Actual Loops": 1, "Plans": [{"Node Type": "Nested Loop", "Parent Relationship": "Outer", "Join Type": "Inner", "Startup Cost": 84146.21, "Total Cost": 85073.42, "Plan Rows": 219, "Plan Width": 64, "Actual Startup Time": 627.902, "Actual Total Time": 661.736, "Actual Rows": 11, "Actual Loops": 1, "Inner Unique": true, "Plans": [{"Node Type": "Nested Loop", "Parent Relationship": "Outer", "Join Type": "Inner", "Startup Cost": 84146.21, "Total Cost": 84912.43, "Plan Rows": 321, "Plan Width": 68, "Actual Startup Time": 625.011, "Actual Total Time": 659.287, "Actual Rows": 268, "Actual Loops": 1, "Inner Unique": false, "Plans": [{"Node Type": "Merge Join", "Parent Relationship": "Outer", "Join Type": "Inner", "Startup Cost": 84146.21, "Total Cost": 84227.4, "Plan Rows": 291, "Plan Width": 76, "Actual Startup Time": 624.754, "Actual Total Time": 625.03, "Actual Rows": 358, "Actual Loops": 1, "Inner Unique": false, "Merge Cond": "(it1.id = mi.info_type_id)", "Plans": [{"Node Type": "Index Scan", "Parent Relationship": "Outer", "Scan Direction": "Forward", "Index Name": "info_type_pkey", "Relation Name": "info_type", "Alias": "it1", "Startup Cost": 0.0, "Total Cost": 14.21, "Plan Rows": 1, "Plan Width": 4, "Actual Startup Time": 0.029, "Actual Total Time": 0.089, "Actual Rows": 1, "Actual Loops": 1, "Filter": "((info)::text = 'genres'::text)", "Rows Removed by Filter": 111}, {"Node Type": "Sort", "Parent Relationship": "Inner", "Startup Cost": 84142.46, "Total Cost": 84176.85, "Plan Rows": 13753, "Plan Width": 80, "Actual Startup Time": 624.717, "Actual Total Time": 624.79, "Actual Rows": 358, "Actual Loops": 1, "Sort Key": ["mi.info_type_id"], "Sort Method": "quicksort", "Sort Space Used": 75, "Sort Space Type": "Memory", "Plans": [{"Node Type": "Nested Loop", "Parent Relationship": "Outer", "Join Type": "Inner", "Startup Cost": 7419.04, "Total Cost": 83197.12, "Plan Rows": 13753, "Plan Width": 80, "Actual Startup Time": 69.387, "Actual Total Time": 624.404, "Actual Rows": 358, "Actual Loops": 1, "Inner Unique": false, "Plans": [{"Node Type": "Nested Loop", "Parent Relationship": "Outer", "Join Type": "Inner", "Startup Cost": 7419.04, "Total Cost": 61824.99, "Plan Rows": 15041, "Plan Width": 30, "Actual Startup Time": 61.217, "Actual Total Time": 452.891, "Actual Rows": 6152, "Actual Loops": 1, "Inner Unique": true, "Plans": [{"Node Type": "Nested Loop", "Parent Relationship": "Outer", "Join Type": "Inner", "Startup Cost": 7419.04, "Total Cost": 19211.73, "Plan Rows": 12936, "Plan Width": 9, "Actual Startup Time": 59.378, "Actual Total Time": 358.247, "Actual Rows": 15849, "Actual Loops": 1, "Inner Unique": false, "Plans": [{"Node Type": "Index Scan", "Parent Relationship": "Outer", "Scan Direction": "Forward", "Index Name": "info_type_pkey", "Relation Name": "info_type", "Alias": "it2", "Startup Cost": 0.0, "Total Cost": 14.21, "Plan Rows": 1, "Plan Width": 4, "Actual Startup Time": 0.05, "Actual Total Time": 0.061, "Actual Rows": 1, "Actual Loops": 1, "Filter": "((info)::text = 'rating'::text)", "Rows Removed by Filter": 111}, {"Node Type": "Bitmap Heap Scan", "Parent Relationship": "Inner", "Relation Name": "movie_info_idx", "Alias": "mi_idx", "Startup Cost": 7419.04, "Total Cost": 19068.16, "Plan Rows": 12936, "Plan Width": 13, "Actual Startup Time": 59.321, "Actual Total Time": 354.641, "Actual Rows": 15849, "Actual Loops": 1, "Recheck Cond": "(info_type_id = it2.id)", "Rows Removed by Index Recheck": 0, "Filter": "((info)::text > '8.0'::text)", "Rows Removed by Filter": 444076, "Exact Heap Blocks": 6472, "Lossy Heap Blocks": 6472, "Plans": [{"Node Type": "Bitmap Index Scan", "Parent Relationship": "Outer", "Index Name": "info_type_id_movie_info_idx", "Startup Cost": 0.0, "Total Cost": 7415.81, "Plan Rows": 345008, "Plan Width": 0, "Actual Startup Time": 57.977, "Actual Total Time": 57.977, "Actual Rows": 459925, "Actual Loops": 1, "Index Cond": "(info_type_id = it2.id)"}]}]}, {"Node Type": "Index Scan", "Parent Relationship": "Inner", "Scan Direction": "Forward", "Index Name": "title_pkey", "Relation Name": "title", "Alias": "t", "Startup Cost": 0.0, "Total Cost": 3.28, "Plan Rows": 1, "Plan Width": 21, "Actual Startup Time": 84.75, "Actual Total Time": 84.75, "Actual Rows": 6152, "Actual Loops": 15849, "Index Cond": "(id = mi_idx.movie_id)", "Rows Removed by Index Recheck": 0, "Filter": "((production_year >= 2008) AND (production_year <= 2014))", "Rows Removed by Filter": 9697}]}, {"Node Type": "Index Scan", "Parent Relationship": "Inner", "Scan Direction": "Forward", "Index Name": "movie_id_movie_info", "Relation Name": "movie_info", "Alias": "mi", "Startup Cost": 0.0, "Total Cost": 1.41, "Plan Rows": 1, "Plan Width": 50, "Actual Startup Time": 167.807, "Actual Total Time": 168.116, "Actual Rows": 358, "Actual Loops": 6152, "Index Cond": "(movie_id = t.id)", "Rows Removed by Index Recheck": 0, "Filter": "((note IS NULL) AND ((info)::text = ANY ('{Horror,Thriller}'::text[])))", "Rows Removed by Filter": 109599}]}]}]}, {"Node Type": "Index Scan", "Parent Relationship": "Inner", "Scan Direction": "Forward", "Index Name": "movie_id_cast_info", "Relation Name": "cast_info", "Alias": "ci", "Startup Cost": 0.0, "Total Cost": 2.34, "Plan Rows": 1, "Plan Width": 8, "Actual Startup Time": 26.71, "Actual Total Time": 33.991, "Actual Rows": 268, "Actual Loops": 358, "Index Cond": "(movie_id = t.id)", "Rows Removed by Index Recheck": 0, "Filter": "((note)::text = ANY ('{(writer),\"(head writer)\",\"(written by)\",(story),\"(story editor)\"}'::text[]))", "Rows Removed by Filter": 12296}]}, {"Node Type": "Index Scan", "Parent Relationship": "Inner", "Scan Direction": "Forward", "Index Name": "name_pkey", "Relation Name": "name", "Alias": "n", "Startup Cost": 0.0, "Total Cost": 0.49, "Plan Rows": 1, "Plan Width": 4, "Actual Startup Time": 2.264, "Actual Total Time": 2.264, "Actual Rows": 11, "Actual Loops": 268, "Index Cond": "(id = ci.person_id)", "Rows Removed by Index Recheck": 0, "Filter": "((gender IS NOT NULL) AND ((gender)::text = 'f'::text))", "Rows Removed by Filter": 257}]}]}, "Triggers": [], "Planner Runtime": 15.848, "Total Runtime": 662.152, "Unique SQL Id": 661781350}}, "(1, '86')": {"explain_plan": {"Plan": {"Node Type": "Aggregate", "Strategy": "Plain", "Startup Cost": 157930.35, "Total Cost": 157930.36, "Plan Rows": 1, "Plan Width": 160, "Plans": [{"Node Type": "Nested Loop", "Parent Relationship": "Outer", "Join Type": "Inner", "Startup Cost": 154978.63, "Total Cost": 157928.6, "Plan Rows": 233, "Plan Width": 64, "Inner Unique": true, "Plans": [{"Node Type": "Nested Loop", "Parent Relationship": "Outer", "Join Type": "Inner", "Startup Cost": 154978.33, "Total Cost": 156537.48, "Plan Rows": 321, "Plan Width": 68, "Inner Unique": false, "Plans": [{"Node Type": "Merge Join", "Parent Relationship": "Outer", "Join Type": "Inner", "Startup Cost": 154977.32, "Total Cost": 155044.3, "Plan Rows": 291, "Plan Width": 76, "Inner Unique": false, "Merge Cond": "(it1.id = mi.info_type_id)", "Plans": [{"Node Type": "Sort", "Parent Relationship": "Outer", "Startup Cost": 2.41, "Total Cost": 2.42, "Plan Rows": 1, "Plan Width": 4, "Sort Key": ["it1.id"], "Plans": [{"Node Type": "Seq Scan", "Parent Relationship": "Outer", "Relation Name": "info_type", "Alias": "it1", "Startup Cost": 0.0, "Total Cost": 2.4, "Plan Rows": 1, "Plan Width": 4, "Filter": "((info)::text = 'genres'::text)"}]}, {"Node Type": "Sort", "Parent Relationship": "Inner", "Startup Cost": 154971.16, "Total Cost": 155005.54, "Plan Rows": 13753, "Plan Width": 80, "Sort Key": ["mi.info_type_id"], "Plans": [{"Node Type": "Nested Loop", "Parent Relationship": "Outer", "Join Type": "Inner", "Startup Cost": 7420.6, "Total Cost": 154025.82, "Plan Rows": 13753, "Plan Width": 80, "Inner Unique": false, "Plans": [{"Node Type": "Nested Loop", "Parent Relationship": "Outer", "Join Type": "Inner", "Startup Cost": 7420.02, "Total Cost": 83886.56, "Plan Rows": 15041, "Plan Width": 30, "Inner Unique": true, "Plans": [{"Node Type": "Nested Loop", "Parent Relationship": "Outer", "Join Type": "Inner", "Startup Cost": 7419.04, "Total Cost": 19199.92, "Plan Rows": 12936, "Plan Width": 9, "Inner Unique": false, "Plans": [{"Node Type": "Seq Scan", "Parent Relationship": "Outer", "Relation Name": "info_type", "Alias": "it2", "Startup Cost": 0.0, "Total Cost": 2.4, "Plan Rows": 1, "Plan Width": 4, "Filter": "((info)::text = 'rating'::text)"}, {"Node Type": "Bitmap Heap Scan", "Parent Relationship": "Inner", "Relation Name": "movie_info_idx", "Alias": "mi_idx", "Startup Cost": 7419.04, "Total Cost": 19068.16, "Plan Rows": 12936, "Plan Width": 13, "Recheck Cond": "(info_type_id = it2.id)", "Filter": "((info)::text > '8.0'::text)", "Plans": [{"Node Type": "Bitmap Index Scan", "Parent Relationship": "Outer", "Index Name": "info_type_id_movie_info_idx", "Startup Cost": 0.0, "Total Cost": 7415.81, "Plan Rows": 345008, "Plan Width": 0, "Index Cond": "(info_type_id = it2.id)"}]}]}, {"Node Type": "Bitmap Heap Scan", "Parent Relationship": "Inner", "Relation Name": "title", "Alias": "t", "Startup Cost": 0.97, "Total Cost": 4.99, "Plan Rows": 1, "Plan Width": 21, "Recheck Cond": "(id = mi_idx.movie_id)", "Filter": "((production_year >= 2008) AND (production_year <= 2014))", "Plans": [{"Node Type": "Bitmap Index Scan", "Parent Relationship": "Outer", "Index Name": "title_pkey", "Startup Cost": 0.0, "Total Cost": 0.97, "Plan Rows": 1, "Plan Width": 0, "Index Cond": "(id = mi_idx.movie_id)"}]}]}, {"Node Type": "Bitmap Heap Scan", "Parent Relationship": "Inner", "Relation Name": "movie_info", "Alias": "mi", "Startup Cost": 0.58, "Total Cost": 4.65, "Plan Rows": 1, "Plan Width": 50, "Recheck Cond": "(movie_id = t.id)", "Filter": "((note IS NULL) AND ((info)::text = ANY ('{Horror,Thriller}'::text[])))", "Plans": [{"Node Type": "Bitmap Index Scan", "Parent Relationship": "Outer", "Index Name": "movie_id_movie_info", "Startup Cost": 0.0, "Total Cost": 0.58, "Plan Rows": 5, "Plan Width": 0, "Index Cond": "(movie_id = t.id)"}]}]}]}]}, {"Node Type": "Bitmap Heap Scan", "Parent Relationship": "Inner", "Relation Name": "cast_info", "Alias": "ci", "Startup Cost": 1.01, "Total Cost": 5.12, "Plan Rows": 1, "Plan Width": 8, "Recheck Cond": "(movie_id = t.id)", "Filter": "((note)::text = ANY ('{(writer),\"(head writer)\",\"(written by)\",(story),\"(story editor)\"}'::text[]))", "Plans": [{"Node Type": "Bitmap Index Scan", "Parent Relationship": "Outer", "Index Name": "movie_id_cast_info", "Startup Cost": 0.0, "Total Cost": 1.01, "Plan Rows": 6, "Plan Width": 0, "Index Cond": "(movie_id = t.id)"}]}]}, {"Node Type": "Bitmap Heap Scan", "Parent Relationship": "Inner", "Relation Name": "name", "Alias": "n", "Startup Cost": 0.31, "Total Cost": 4.32, "Plan Rows": 1, "Plan Width": 4, "Recheck Cond": "(id = ci.person_id)", "Filter": "((gender IS NOT NULL) AND ((gender)::text = 'f'::text))", "Plans": [{"Node Type": "Bitmap Index Scan", "Parent Relationship": "Outer", "Index Name": "name_pkey", "Startup Cost": 0.0, "Total Cost": 0.31, "Plan Rows": 1, "Plan Width": 0, "Index Cond": "(id = ci.person_id)"}]}]}]}, "Unique SQL Id": 661781350, "Planner Runtime": 17}, "explain_analyze_plan": {"Plan": {"Node Type": "Aggregate", "Strategy": "Plain", "Startup Cost": 157930.35, "Total Cost": 157930.36, "Plan Rows": 1, "Plan Width": 160, "Actual Startup Time": 659.999, "Actual Total Time": 659.999, "Actual Rows": 1, "Actual Loops": 1, "Plans": [{"Node Type": "Nested Loop", "Parent Relationship": "Outer", "Join Type": "Inner", "Startup Cost": 154978.63, "Total Cost": 157928.6, "Plan Rows": 233, "Plan Width": 64, "Actual Startup Time": 618.138, "Actual Total Time": 659.951, "Actual Rows": 11, "Actual Loops": 1, "Inner Unique": true, "Plans": [{"Node Type": "Nested Loop", "Parent Relationship": "Outer", "Join Type": "Inner", "Startup Cost": 154978.33, "Total Cost": 156537.48, "Plan Rows": 321, "Plan Width": 68, "Actual Startup Time": 614.716, "Actual Total Time": 656.916, "Actual Rows": 268, "Actual Loops": 1, "Inner Unique": false, "Plans": [{"Node Type": "Merge Join", "Parent Relationship": "Outer", "Join Type": "Inner", "Startup Cost": 154977.32, "Total Cost": 155044.3, "Plan Rows": 291, "Plan Width": 76, "Actual Startup Time": 614.396, "Actual Total Time": 614.643, "Actual Rows": 358, "Actual Loops": 1, "Inner Unique": false, "Merge Cond": "(it1.id = mi.info_type_id)", "Plans": [{"Node Type": "Sort", "Parent Relationship": "Outer", "Startup Cost": 2.41, "Total Cost": 2.42, "Plan Rows": 1, "Plan Width": 4, "Actual Startup Time": 0.102, "Actual Total Time": 0.102, "Actual Rows": 1, "Actual Loops": 1, "Sort Key": ["it1.id"], "Sort Method": "quicksort", "Sort Space Used": 25, "Sort Space Type": "Memory", "Plans": [{"Node Type": "Seq Scan", "Parent Relationship": "Outer", "Relation Name": "info_type", "Alias": "it1", "Startup Cost": 0.0, "Total Cost": 2.4, "Plan Rows": 1, "Plan Width": 4, "Actual Startup Time": 0.057, "Actual Total Time": 0.08, "Actual Rows": 1, "Actual Loops": 1, "Filter": "((info)::text = 'genres'::text)", "Rows Removed by Filter": 111}]}, {"Node Type": "Sort", "Parent Relationship": "Inner", "Startup Cost": 154971.16, "Total Cost": 155005.54, "Plan Rows": 13753, "Plan Width": 80, "Actual Startup Time": 614.284, "Actual Total Time": 614.36, "Actual Rows": 358, "Actual Loops": 1, "Sort Key": ["mi.info_type_id"], "Sort Method": "quicksort", "Sort Space Used": 75, "Sort Space Type": "Memory", "Plans": [{"Node Type": "Nested Loop", "Parent Relationship": "Outer", "Join Type": "Inner", "Startup Cost": 7420.6, "Total Cost": 154025.82, "Plan Rows": 13753, "Plan Width": 80, "Actual Startup Time": 68.577, "Actual Total Time": 613.803, "Actual Rows": 358, "Actual Loops": 1, "Inner Unique": false, "Plans": [{"Node Type": "Nested Loop", "Parent Relationship": "Outer", "Join Type": "Inner", "Startup Cost": 7420.02, "Total Cost": 83886.56, "Plan Rows": 15041, "Plan Width": 30, "Actual Startup Time": 60.827, "Actual Total Time": 432.054, "Actual Rows": 6152, "Actual Loops": 1, "Inner Unique": true, "Plans": [{"Node Type": "Nested Loop", "Parent Relationship": "Outer", "Join Type": "Inner", "Startup Cost": 7419.04, "Total Cost": 19199.92, "Plan Rows": 12936, "Plan Width": 9, "Actual Startup Time": 59.075, "Actual Total Time": 320.913, "Actual Rows": 15849, "Actual Loops": 1, "Inner Unique": false, "Plans": [{"Node Type": "Seq Scan", "Parent Relationship": "Outer", "Relation Name": "info_type", "Alias": "it2", "Startup Cost": 0.0, "Total Cost": 2.4, "Plan Rows": 1, "Plan Width": 4, "Actual Startup Time": 0.043, "Actual Total Time": 0.06, "Actual Rows": 1, "Actual Loops": 1, "Filter": "((info)::text = 'rating'::text)", "Rows Removed by Filter": 111}, {"Node Type": "Bitmap Heap Scan", "Parent Relationship": "Inner", "Relation Name": "movie_info_idx", "Alias": "mi_idx", "Startup Cost": 7419.04, "Total Cost": 19068.16, "Plan Rows": 12936, "Plan Width": 13, "Actual Startup Time": 59.025, "Actual Total Time": 317.056, "Actual Rows": 15849, "Actual Loops": 1, "Recheck Cond": "(info_type_id = it2.id)", "Rows Removed by Index Recheck": 0, "Filter": "((info)::text > '8.0'::text)", "Rows Removed by Filter": 444076, "Exact Heap Blocks": 6472, "Lossy Heap Blocks": 6472, "Plans": [{"Node Type": "Bitmap Index Scan", "Parent Relationship": "Outer", "Index Name": "info_type_id_movie_info_idx", "Startup Cost": 0.0, "Total Cost": 7415.81, "Plan Rows": 345008, "Plan Width": 0, "Actual Startup Time": 57.79, "Actual Total Time": 57.79, "Actual Rows": 459925, "Actual Loops": 1, "Index Cond": "(info_type_id = it2.id)"}]}]}, {"Node Type": "Bitmap Heap Scan", "Parent Relationship": "Inner", "Relation Name": "title", "Alias": "t", "Startup Cost": 0.97, "Total Cost": 4.99, "Plan Rows": 1, "Plan Width": 21, "Actual Startup Time": 90.506, "Actual Total Time": 90.506, "Actual Rows": 6152, "Actual Loops": 15849, "Recheck Cond": "(id = mi_idx.movie_id)", "Rows Removed by Index Recheck": 0, "Filter": "((production_year >= 2008) AND (production_year <= 2014))", "Rows Removed by Filter": 9697, "Exact Heap Blocks": 15849, "Lossy Heap Blocks": 15849, "Plans": [{"Node Type": "Bitmap Index Scan", "Parent Relationship": "Outer", "Index Name": "title_pkey", "Startup Cost": 0.0, "Total Cost": 0.97, "Plan Rows": 1, "Plan Width": 0, "Actual Startup Time": 46.429, "Actual Total Time": 46.429, "Actual Rows": 15849, "Actual Loops": 15849, "Index Cond": "(id = mi_idx.movie_id)"}]}]}, {"Node Type": "Bitmap Heap Scan", "Parent Relationship": "Inner", "Relation Name": "movie_info", "Alias": "mi", "Startup Cost": 0.58, "Total Cost": 4.65, "Plan Rows": 1, "Plan Width": 50, "Actual Startup Time": 173.603, "Actual Total Time": 173.745, "Actual Rows": 358, "Actual Loops": 6152, "Recheck Cond": "(movie_id = t.id)", "Rows Removed by Index Recheck": 0, "Filter": "((note IS NULL) AND ((info)::text = ANY ('{Horror,Thriller}'::text[])))", "Rows Removed by Filter": 109599, "Exact Heap Blocks": 52726, "Lossy Heap Blocks": 52726, "Plans": [{"Node Type": "Bitmap Index Scan", "Parent Relationship": "Outer", "Index Name": "movie_id_movie_info", "Startup Cost": 0.0, "Total Cost": 0.58, "Plan Rows": 5, "Plan Width": 0, "Actual Startup Time": 40.581, "Actual Total Time": 40.581, "Actual Rows": 109957, "Actual Loops": 6152, "Index Cond": "(movie_id = t.id)"}]}]}]}]}, {"Node Type": "Bitmap Heap Scan", "Parent Relationship": "Inner", "Relation Name": "cast_info", "Alias": "ci", "Startup Cost": 1.01, "Total Cost": 5.12, "Plan Rows": 1, "Plan Width": 8, "Actual Startup Time": 33.424, "Actual Total Time": 41.562, "Actual Rows": 268, "Actual Loops": 358, "Recheck Cond": "(movie_id = t.id)", "Rows Removed by Index Recheck": 0, "Filter": "((note)::text = ANY ('{(writer),\"(head writer)\",\"(written by)\",(story),\"(story editor)\"}'::text[]))", "Rows Removed by Filter": 12296, "Exact Heap Blocks": 11454, "Lossy Heap Blocks": 11454, "Plans": [{"Node Type": "Bitmap Index Scan", "Parent Relationship": "Outer", "Index Name": "movie_id_cast_info", "Startup Cost": 0.0, "Total Cost": 1.01, "Plan Rows": 6, "Plan Width": 0, "Actual Startup Time": 5.475, "Actual Total Time": 5.475, "Actual Rows": 12564, "Actual Loops": 358, "Index Cond": "(movie_id = t.id)"}]}]}, {"Node Type": "Bitmap Heap Scan", "Parent Relationship": "Inner", "Relation Name": "name", "Alias": "n", "Startup Cost": 0.31, "Total Cost": 4.32, "Plan Rows": 1, "Plan Width": 4, "Actual Startup Time": 2.658, "Actual Total Time": 2.658, "Actual Rows": 11, "Actual Loops": 268, "Recheck Cond": "(id = ci.person_id)", "Rows Removed by Index Recheck": 0, "Filter": "((gender IS NOT NULL) AND ((gender)::text = 'f'::text))", "Rows Removed by Filter": 257, "Exact Heap Blocks": 268, "Lossy Heap Blocks": 268, "Plans": [{"Node Type": "Bitmap Index Scan", "Parent Relationship": "Outer", "Index Name": "name_pkey", "Startup Cost": 0.0, "Total Cost": 0.31, "Plan Rows": 1, "Plan Width": 0, "Actual Startup Time": 1.632, "Actual Total Time": 1.632, "Actual Rows": 268, "Actual Loops": 268, "Index Cond": "(id = ci.person_id)"}]}]}]}, "Triggers": [], "Planner Runtime": 18.212, "Total Runtime": 660.504, "Unique SQL Id": 661781350}}, "(1, '87')": {"explain_plan": {"Plan": {"Node Type": "Aggregate", "Strategy": "Plain", "Startup Cost": 1000198965418.13, "Total Cost": 1000198965418.14, "Plan Rows": 1, "Plan Width": 160, "Plans": [{"Node Type": "Nested Loop", "Parent Relationship": "Outer", "Join Type": "Inner", "Startup Cost": 10000000001.87, "Total Cost": 1000198965416.49, "Plan Rows": 219, "Plan Width": 64, "Inner Unique": true, "Plans": [{"Node Type": "Nested Loop", "Parent Relationship": "Outer", "Join Type": "Inner", "Startup Cost": 10000000001.56, "Total Cost": 1000198964025.37, "Plan Rows": 321, "Plan Width": 68, "Inner Unique": true, "Join Filter": "(mi.movie_id = t.id)", "Plans": [{"Node Type": "Nested Loop", "Parent Relationship": "Outer", "Join Type": "Inner", "Startup Cost": 10000000001.27, "Total Cost": 1000198962833.6, "Plan Rows": 276, "Plan Width": 63, "Inner Unique": true, "Plans": [{"Node Type": "Nested Loop", "Parent Relationship": "Outer", "Join Type": "Inner", "Startup Cost": 10000000001.01, "Total Cost": 1000198906787.99, "Plan Rows": 13086, "Plan Width": 67, "Inner Unique": false, "Join Filter": "(mi_idx.movie_id = mi.movie_id)", "Plans": [{"Node Type": "Nested Loop", "Parent Relationship": "Outer", "Join Type": "Inner", "Startup Cost": 10000000000.54, "Total Cost": 1000198841505.29, "Plan Rows": 14313, "Plan Width": 17, "Inner Unique": true, "Plans": [{"Node Type": "Nested Loop", "Parent Relationship": "Outer", "Join Type": "Inner", "Startup Cost": 10000000000.28, "Total Cost": 1000198596304.72, "Plan Rows": 57251, "Plan Width": 21, "Inner Unique": false, "Plans": [{"Node Type": "Index Scan", "Parent Relationship": "Outer", "Scan Direction": "Forward", "Index Name": "person_id_cast_info", "Relation Name": "cast_info", "Alias": "ci", "Startup Cost": 10000000000.0, "Total Cost": 1000193311016.96, "Plan Rows": 1223154, "Plan Width": 8, "Filter": "((note)::text = ANY ('{(writer),\"(head writer)\",\"(written by)\",(story),\"(story editor)\"}'::text[]))"}, {"Node Type": "Bitmap Heap Scan", "Parent Relationship": "Inner", "Relation Name": "movie_info_idx", "Alias": "mi_idx", "Startup Cost": 0.28, "Total Cost": 4.31, "Plan Rows": 1, "Plan Width": 13, "Recheck Cond": "(movie_id = ci.movie_id)", "Filter": "((info)::text > '8.0'::text)", "Plans": [{"Node Type": "Bitmap Index Scan", "Parent Relationship": "Outer", "Index Name": "movie_id_movie_info_idx", "Startup Cost": 0.0, "Total Cost": 0.28, "Plan Rows": 2, "Plan Width": 0, "Index Cond": "(movie_id = ci.movie_id)"}]}]}, {"Node Type": "Bitmap Heap Scan", "Parent Relationship": "Inner", "Relation Name": "info_type", "Alias": "it2", "Startup Cost": 0.26, "Total Cost": 4.27, "Plan Rows": 1, "Plan Width": 4, "Recheck Cond": "(id = mi_idx.info_type_id)", "Filter": "((info)::text = 'rating'::text)", "Plans": [{"Node Type": "Bitmap Index Scan", "Parent Relationship": "Outer", "Index Name": "info_type_pkey", "Startup Cost": 0.0, "Total Cost": 0.26, "Plan Rows": 1, "Plan Width": 0, "Index Cond": "(id = mi_idx.info_type_id)"}]}]}, {"Node Type": "Bitmap Heap Scan", "Parent Relationship": "Inner", "Relation Name": "movie_info", "Alias": "mi", "Startup Cost": 0.47, "Total Cost": 4.55, "Plan Rows": 1, "Plan Width": 50, "Recheck Cond": "(movie_id = ci.movie_id)", "Filter": "((note IS NULL) AND ((info)::text = ANY ('{Horror,Thriller}'::text[])))", "Plans": [{"Node Type": "Bitmap Index Scan", "Parent Relationship": "Outer", "Index Name": "movie_id_movie_info", "Startup Cost": 0.0, "Total Cost": 0.47, "Plan Rows": 5, "Plan Width": 0, "Index Cond": "(movie_id = ci.movie_id)"}]}]}, {"Node Type": "Bitmap Heap Scan", "Parent Relationship": "Inner", "Relation Name": "info_type", "Alias": "it1", "Startup Cost": 0.26, "Total Cost": 4.27, "Plan Rows": 1, "Plan Width": 4, "Recheck Cond": "(id = mi.info_type_id)", "Filter": "((info)::text = 'genres'::text)", "Plans": [{"Node Type": "Bitmap Index Scan", "Parent Relationship": "Outer", "Index Name": "info_type_pkey", "Startup Cost": 0.0, "Total Cost": 0.26, "Plan Rows": 1, "Plan Width": 0, "Index Cond": "(id = mi.info_type_id)"}]}]}, {"Node Type": "Bitmap Heap Scan", "Parent Relationship": "Inner", "Relation Name": "title", "Alias": "t", "Startup Cost": 0.29, "Total Cost": 4.31, "Plan Rows": 1, "Plan Width": 21, "Recheck Cond": "(id = ci.movie_id)", "Filter": "((production_year >= 2008) AND (production_year <= 2014))", "Plans": [{"Node Type": "Bitmap Index Scan", "Parent Relationship": "Outer", "Index Name": "title_pkey", "Startup Cost": 0.0, "Total Cost": 0.29, "Plan Rows": 1, "Plan Width": 0, "Index Cond": "(id = ci.movie_id)"}]}]}, {"Node Type": "Bitmap Heap Scan", "Parent Relationship": "Inner", "Relation Name": "name", "Alias": "n", "Startup Cost": 0.31, "Total Cost": 4.32, "Plan Rows": 1, "Plan Width": 4, "Recheck Cond": "(id = ci.person_id)", "Filter": "((gender IS NOT NULL) AND ((gender)::text = 'f'::text))", "Plans": [{"Node Type": "Bitmap Index Scan", "Parent Relationship": "Outer", "Index Name": "name_pkey", "Startup Cost": 0.0, "Total Cost": 0.31, "Plan Rows": 1, "Plan Width": 0, "Index Cond": "(id = ci.person_id)"}]}]}]}, "Unique SQL Id": 661781350, "Planner Runtime": 9}, "explain_analyze_plan": null}, "(1, '88')": {"explain_plan": {"Plan": {"Node Type": "Aggregate", "Strategy": "Plain", "Startup Cost": 94017.96, "Total Cost": 94017.97, "Plan Rows": 1, "Plan Width": 160, "Plans": [{"Node Type": "Nested Loop", "Parent Relationship": "Outer", "Join Type": "Inner", "Startup Cost": 93103.31, "Total Cost": 94016.31, "Plan Rows": 219, "Plan Width": 64, "Inner Unique": true, "Plans": [{"Node Type": "Nested Loop", "Parent Relationship": "Outer", "Join Type": "Inner", "Startup Cost": 93103.31, "Total Cost": 93855.32, "Plan Rows": 321, "Plan Width": 68, "Inner Unique": false, "Plans": [{"Node Type": "Merge Join", "Parent Relationship": "Outer", "Join Type": "Inner", "Startup Cost": 93103.31, "Total Cost": 93170.3, "Plan Rows": 291, "Plan Width": 76, "Inner Unique": false, "Merge Cond": "(it1.id = mi.info_type_id)", "Plans": [{"Node Type": "Sort", "Parent Relationship": "Outer", "Startup Cost": 2.41, "Total Cost": 2.42, "Plan Rows": 1, "Plan Width": 4, "Sort Key": ["it1.id"], "Plans": [{"Node Type": "Seq Scan", "Parent Relationship": "Outer", "Relation Name": "info_type", "Alias": "it1", "Startup Cost": 0.0, "Total Cost": 2.4, "Plan Rows": 1, "Plan Width": 4, "Filter": "((info)::text = 'genres'::text)"}]}, {"Node Type": "Sort", "Parent Relationship": "Inner", "Startup Cost": 93097.16, "Total Cost": 93131.54, "Plan Rows": 13753, "Plan Width": 80, "Sort Key": ["mi.info_type_id"], "Plans": [{"Node Type": "Nested Loop", "Parent Relationship": "Outer", "Join Type": "Inner", "Startup Cost": 27778.34, "Total Cost": 92151.81, "Plan Rows": 13753, "Plan Width": 80, "Inner Unique": false, "Plans": [{"Node Type": "Nested Loop", "Parent Relationship": "Outer", "Join Type": "Inner", "Startup Cost": 27778.34, "Total Cost": 70779.68, "Plan Rows": 15041, "Plan Width": 30, "Inner Unique": true, "Plans": [{"Node Type": "Merge Join", "Parent Relationship": "Outer", "Join Type": "Inner", "Startup Cost": 27778.34, "Total Cost": 28166.43, "Plan Rows": 12936, "Plan Width": 9, "Inner Unique": false, "Merge Cond": "(it2.id = mi_idx.info_type_id)", "Plans": [{"Node Type": "Sort", "Parent Relationship": "Outer", "Startup Cost": 2.41, "Total Cost": 2.42, "Plan Rows": 1, "Plan Width": 4, "Sort Key": ["it2.id"], "Plans": [{"Node Type": "Seq Scan", "Parent Relationship": "Outer", "Relation Name": "info_type", "Alias": "it2", "Startup Cost": 0.0, "Total Cost": 2.4, "Plan Rows": 1, "Plan Width": 4, "Filter": "((info)::text = 'rating'::text)"}]}, {"Node Type": "Sort", "Parent Relationship": "Inner", "Startup Cost": 27775.92, "Total Cost": 27905.28, "Plan Rows": 51746, "Plan Width": 13, "Sort Key": ["mi_idx.info_type_id"], "Plans": [{"Node Type": "Seq Scan", "Parent Relationship": "Outer", "Relation Name": "movie_info_idx", "Alias": "mi_idx", "Startup Cost": 0.0, "Total Cost": 23724.42, "Plan Rows": 51746, "Plan Width": 13, "Filter": "((info)::text > '8.0'::text)"}]}]}, {"Node Type": "Index Scan", "Parent Relationship": "Inner", "Scan Direction": "Forward", "Index Name": "title_pkey", "Relation Name": "title", "Alias": "t", "Startup Cost": 0.0, "Total Cost": 3.28, "Plan Rows": 1, "Plan Width": 21, "Index Cond": "(id = mi_idx.movie_id)", "Filter": "((production_year >= 2008) AND (production_year <= 2014))"}]}, {"Node Type": "Index Scan", "Parent Relationship": "Inner", "Scan Direction": "Forward", "Index Name": "movie_id_movie_info", "Relation Name": "movie_info", "Alias": "mi", "Startup Cost": 0.0, "Total Cost": 1.41, "Plan Rows": 1, "Plan Width": 50, "Index Cond": "(movie_id = t.id)", "Filter": "((note IS NULL) AND ((info)::text = ANY ('{Horror,Thriller}'::text[])))"}]}]}]}, {"Node Type": "Index Scan", "Parent Relationship": "Inner", "Scan Direction": "Forward", "Index Name": "movie_id_cast_info", "Relation Name": "cast_info", "Alias": "ci", "Startup Cost": 0.0, "Total Cost": 2.34, "Plan Rows": 1, "Plan Width": 8, "Index Cond": "(movie_id = t.id)", "Filter": "((note)::text = ANY ('{(writer),\"(head writer)\",\"(written by)\",(story),\"(story editor)\"}'::text[]))"}]}, {"Node Type": "Index Scan", "Parent Relationship": "Inner", "Scan Direction": "Forward", "Index Name": "name_pkey", "Relation Name": "name", "Alias": "n", "Startup Cost": 0.0, "Total Cost": 0.49, "Plan Rows": 1, "Plan Width": 4, "Index Cond": "(id = ci.person_id)", "Filter": "((gender IS NOT NULL) AND ((gender)::text = 'f'::text))"}]}]}, "Unique SQL Id": 661781350, "Planner Runtime": 19}, "explain_analyze_plan": {"Plan": {"Node Type": "Aggregate", "Strategy": "Plain", "Startup Cost": 94017.96, "Total Cost": 94017.97, "Plan Rows": 1, "Plan Width": 160, "Actual Startup Time": 856.807, "Actual Total Time": 856.807, "Actual Rows": 1, "Actual Loops": 1, "Plans": [{"Node Type": "Nested Loop", "Parent Relationship": "Outer", "Join Type": "Inner", "Startup Cost": 93103.31, "Total Cost": 94016.31, "Plan Rows": 219, "Plan Width": 64, "Actual Startup Time": 820.124, "Actual Total Time": 856.762, "Actual Rows": 11, "Actual Loops": 1, "Inner Unique": true, "Plans": [{"Node Type": "Nested Loop", "Parent Relationship": "Outer", "Join Type": "Inner", "Startup Cost": 93103.31, "Total Cost": 93855.32, "Plan Rows": 321, "Plan Width": 68, "Actual Startup Time": 820.032, "Actual Total Time": 854.325, "Actual Rows": 268, "Actual Loops": 1, "Inner Unique": false, "Plans": [{"Node Type": "Merge Join", "Parent Relationship": "Outer", "Join Type": "Inner", "Startup Cost": 93103.31, "Total Cost": 93170.3, "Plan Rows": 291, "Plan Width": 76, "Actual Startup Time": 819.95, "Actual Total Time": 820.156, "Actual Rows": 358, "Actual Loops": 1, "Inner Unique": false, "Merge Cond": "(it1.id = mi.info_type_id)", "Plans": [{"Node Type": "Sort", "Parent Relationship": "Outer", "Startup Cost": 2.41, "Total Cost": 2.42, "Plan Rows": 1, "Plan Width": 4, "Actual Startup Time": 0.093, "Actual Total Time": 0.093, "Actual Rows": 1, "Actual Loops": 1, "Sort Key": ["it1.id"], "Sort Method": "quicksort", "Sort Space Used": 25, "Sort Space Type": "Memory", "Plans": [{"Node Type": "Seq Scan", "Parent Relationship": "Outer", "Relation Name": "info_type", "Alias": "it1", "Startup Cost": 0.0, "Total Cost": 2.4, "Plan Rows": 1, "Plan Width": 4, "Actual Startup Time": 0.053, "Actual Total Time": 0.076, "Actual Rows": 1, "Actual Loops": 1, "Filter": "((info)::text = 'genres'::text)", "Rows Removed by Filter": 111}]}, {"Node Type": "Sort", "Parent Relationship": "Inner", "Startup Cost": 93097.16, "Total Cost": 93131.54, "Plan Rows": 13753, "Plan Width": 80, "Actual Startup Time": 819.848, "Actual Total Time": 819.905, "Actual Rows": 358, "Actual Loops": 1, "Sort Key": ["mi.info_type_id"], "Sort Method": "quicksort", "Sort Space Used": 75, "Sort Space Type": "Memory", "Plans": [{"Node Type": "Nested Loop", "Parent Relationship": "Outer", "Join Type": "Inner", "Startup Cost": 27778.34, "Total Cost": 92151.81, "Plan Rows": 13753, "Plan Width": 80, "Actual Startup Time": 578.331, "Actual Total Time": 819.497, "Actual Rows": 358, "Actual Loops": 1, "Inner Unique": false, "Plans": [{"Node Type": "Nested Loop", "Parent Relationship": "Outer", "Join Type": "Inner", "Startup Cost": 27778.34, "Total Cost": 70779.68, "Plan Rows": 15041, "Plan Width": 30, "Actual Startup Time": 575.635, "Actual Total Time": 669.125, "Actual Rows": 6152, "Actual Loops": 1, "Inner Unique": true, "Plans": [{"Node Type": "Merge Join", "Parent Relationship": "Outer", "Join Type": "Inner", "Startup Cost": 27778.34, "Total Cost": 28166.43, "Plan Rows": 12936, "Plan Width": 9, "Actual Startup Time": 575.529, "Actual Total Time": 583.52, "Actual Rows": 15849, "Actual Loops": 1, "Inner Unique": false, "Merge Cond": "(it2.id = mi_idx.info_type_id)", "Plans": [{"Node Type": "Sort", "Parent Relationship": "Outer", "Startup Cost": 2.41, "Total Cost": 2.42, "Plan Rows": 1, "Plan Width": 4, "Actual Startup Time": 0.057, "Actual Total Time": 0.058, "Actual Rows": 1, "Actual Loops": 1, "Sort Key": ["it2.id"], "Sort Method": "quicksort", "Sort Space Used": 25, "Sort Space Type": "Memory", "Plans": [{"Node Type": "Seq Scan", "Parent Relationship": "Outer", "Relation Name": "info_type", "Alias": "it2", "Startup Cost": 0.0, "Total Cost": 2.4, "Plan Rows": 1, "Plan Width": 4, "Actual Startup Time": 0.043, "Actual Total Time": 0.047, "Actual Rows": 1, "Actual Loops": 1, "Filter": "((info)::text = 'rating'::text)", "Rows Removed by Filter": 111}]}, {"Node Type": "Sort", "Parent Relationship": "Inner", "Startup Cost": 27775.92, "Total Cost": 27905.28, "Plan Rows": 51746, "Plan Width": 13, "Actual Startup Time": 565.571, "Actual Total Time": 572.364, "Actual Rows": 53628, "Actual Loops": 1, "Sort Key": ["mi_idx.info_type_id"], "Sort Method": "quicksort", "Sort Space Used": 6566, "Sort Space Type": "Memory", "Plans": [{"Node Type": "Seq Scan", "Parent Relationship": "Outer", "Relation Name": "movie_info_idx", "Alias": "mi_idx", "Startup Cost": 0.0, "Total Cost": 23724.42, "Plan Rows": 51746, "Plan Width": 13, "Actual Startup Time": 0.072, "Actual Total Time": 548.825, "Actual Rows": 53649, "Actual Loops": 1, "Filter": "((info)::text > '8.0'::text)", "Rows Removed by Filter": 1326385}]}]}, {"Node Type": "Index Scan", "Parent Relationship": "Inner", "Scan Direction": "Forward", "Index Name": "title_pkey", "Relation Name": "title", "Alias": "t", "Startup Cost": 0.0, "Total Cost": 3.28, "Plan Rows": 1, "Plan Width": 21, "Actual Startup Time": 76.008, "Actual Total Time": 76.008, "Actual Rows": 6152, "Actual Loops": 15849, "Index Cond": "(id = mi_idx.movie_id)", "Rows Removed by Index Recheck": 0, "Filter": "((production_year >= 2008) AND (production_year <= 2014))", "Rows Removed by Filter": 9697}]}, {"Node Type": "Index Scan", "Parent Relationship": "Inner", "Scan Direction": "Forward", "Index Name": "movie_id_movie_info", "Relation Name": "movie_info", "Alias": "mi", "Startup Cost": 0.0, "Total Cost": 1.41, "Plan Rows": 1, "Plan Width": 50, "Actual Startup Time": 146.751, "Actual Total Time": 147.056, "Actual Rows": 358, "Actual Loops": 6152, "Index Cond": "(movie_id = t.id)", "Rows Removed by Index Recheck": 0, "Filter": "((note IS NULL) AND ((info)::text = ANY ('{Horror,Thriller}'::text[])))", "Rows Removed by Filter": 109599}]}]}]}, {"Node Type": "Index Scan", "Parent Relationship": "Inner", "Scan Direction": "Forward", "Index Name": "movie_id_cast_info", "Relation Name": "cast_info", "Alias": "ci", "Startup Cost": 0.0, "Total Cost": 2.34, "Plan Rows": 1, "Plan Width": 8, "Actual Startup Time": 26.635, "Actual Total Time": 33.898, "Actual Rows": 268, "Actual Loops": 358, "Index Cond": "(movie_id = t.id)", "Rows Removed by Index Recheck": 0, "Filter": "((note)::text = ANY ('{(writer),\"(head writer)\",\"(written by)\",(story),\"(story editor)\"}'::text[]))", "Rows Removed by Filter": 12296}]}, {"Node Type": "Index Scan", "Parent Relationship": "Inner", "Scan Direction": "Forward", "Index Name": "name_pkey", "Relation Name": "name", "Alias": "n", "Startup Cost": 0.0, "Total Cost": 0.49, "Plan Rows": 1, "Plan Width": 4, "Actual Startup Time": 2.255, "Actual Total Time": 2.255, "Actual Rows": 11, "Actual Loops": 268, "Index Cond": "(id = ci.person_id)", "Rows Removed by Index Recheck": 0, "Filter": "((gender IS NOT NULL) AND ((gender)::text = 'f'::text))", "Rows Removed by Filter": 257}]}]}, "Triggers": [], "Planner Runtime": 17.967, "Total Runtime": 857.126, "Unique SQL Id": 661781350}}, "(1, '89')": {"explain_plan": {"Plan": {"Node Type": "Aggregate", "Strategy": "Plain", "Startup Cost": 101743.32, "Total Cost": 101743.33, "Plan Rows": 1, "Plan Width": 160, "Plans": [{"Node Type": "Nested Loop", "Parent Relationship": "Outer", "Join Type": "Inner", "Startup Cost": 100814.47, "Total Cost": 101741.68, "Plan Rows": 219, "Plan Width": 64, "Inner Unique": true, "Plans": [{"Node Type": "Nested Loop", "Parent Relationship": "Outer", "Join Type": "Inner", "Startup Cost": 100814.47, "Total Cost": 101580.69, "Plan Rows": 321, "Plan Width": 68, "Inner Unique": false, "Plans": [{"Node Type": "Merge Join", "Parent Relationship": "Outer", "Join Type": "Inner", "Startup Cost": 100814.47, "Total Cost": 100895.67, "Plan Rows": 291, "Plan Width": 76, "Inner Unique": false, "Merge Cond": "(it1.id = mi.info_type_id)", "Plans": [{"Node Type": "Index Scan", "Parent Relationship": "Outer", "Scan Direction": "Forward", "Index Name": "info_type_pkey", "Relation Name": "info_type", "Alias": "it1", "Startup Cost": 0.0, "Total Cost": 14.21, "Plan Rows": 1, "Plan Width": 4, "Filter": "((info)::text = 'genres'::text)"}, {"Node Type": "Sort", "Parent Relationship": "Inner", "Startup Cost": 100810.73, "Total Cost": 100845.11, "Plan Rows": 13753, "Plan Width": 80, "Sort Key": ["mi.info_type_id"], "Plans": [{"Node Type": "Nested Loop", "Parent Relationship": "Outer", "Join Type": "Inner", "Startup Cost": 0.0, "Total Cost": 99865.39, "Plan Rows": 13753, "Plan Width": 80, "Inner Unique": false, "Plans": [{"Node Type": "Nested Loop", "Parent Relationship": "Outer", "Join Type": "Inner", "Startup Cost": 0.0, "Total Cost": 78493.26, "Plan Rows": 15041, "Plan Width": 30, "Inner Unique": true, "Plans": [{"Node Type": "Nested Loop", "Parent Relationship": "Outer", "Join Type": "Inner", "Startup Cost": 0.0, "Total Cost": 35880.0, "Plan Rows": 12936, "Plan Width": 9, "Inner Unique": false, "Plans": [{"Node Type": "Index Scan", "Parent Relationship": "Outer", "Scan Direction": "Forward", "Index Name": "info_type_pkey", "Relation Name": "info_type", "Alias": "it2", "Startup Cost": 0.0, "Total Cost": 14.21, "Plan Rows": 1, "Plan Width": 4, "Filter": "((info)::text = 'rating'::text)"}, {"Node Type": "Index Scan", "Parent Relationship": "Inner", "Scan Direction": "Forward", "Index Name": "info_type_id_movie_info_idx", "Relation Name": "movie_info_idx", "Alias": "mi_idx", "Startup Cost": 0.0, "Total Cost": 35736.43, "Plan Rows": 12936, "Plan Width": 13, "Index Cond": "(info_type_id = it2.id)", "Filter": "((info)::text > '8.0'::text)"}]}, {"Node Type": "Index Scan", "Parent Relationship": "Inner", "Scan Direction": "Forward", "Index Name": "title_pkey", "Relation Name": "title", "Alias": "t", "Startup Cost": 0.0, "Total Cost": 3.28, "Plan Rows": 1, "Plan Width": 21, "Index Cond": "(id = mi_idx.movie_id)", "Filter": "((production_year >= 2008) AND (production_year <= 2014))"}]}, {"Node Type": "Index Scan", "Parent Relationship": "Inner", "Scan Direction": "Forward", "Index Name": "movie_id_movie_info", "Relation Name": "movie_info", "Alias": "mi", "Startup Cost": 0.0, "Total Cost": 1.41, "Plan Rows": 1, "Plan Width": 50, "Index Cond": "(movie_id = t.id)", "Filter": "((note IS NULL) AND ((info)::text = ANY ('{Horror,Thriller}'::text[])))"}]}]}]}, {"Node Type": "Index Scan", "Parent Relationship": "Inner", "Scan Direction": "Forward", "Index Name": "movie_id_cast_info", "Relation Name": "cast_info", "Alias": "ci", "Startup Cost": 0.0, "Total Cost": 2.34, "Plan Rows": 1, "Plan Width": 8, "Index Cond": "(movie_id = t.id)", "Filter": "((note)::text = ANY ('{(writer),\"(head writer)\",\"(written by)\",(story),\"(story editor)\"}'::text[]))"}]}, {"Node Type": "Index Scan", "Parent Relationship": "Inner", "Scan Direction": "Forward", "Index Name": "name_pkey", "Relation Name": "name", "Alias": "n", "Startup Cost": 0.0, "Total Cost": 0.49, "Plan Rows": 1, "Plan Width": 4, "Index Cond": "(id = ci.person_id)", "Filter": "((gender IS NOT NULL) AND ((gender)::text = 'f'::text))"}]}]}, "Unique SQL Id": 661781350, "Planner Runtime": 15}, "explain_analyze_plan": {"Plan": {"Node Type": "Aggregate", "Strategy": "Plain", "Startup Cost": 101743.32, "Total Cost": 101743.33, "Plan Rows": 1, "Plan Width": 160, "Actual Startup Time": 698.148, "Actual Total Time": 698.149, "Actual Rows": 1, "Actual Loops": 1, "Plans": [{"Node Type": "Nested Loop", "Parent Relationship": "Outer", "Join Type": "Inner", "Startup Cost": 100814.47, "Total Cost": 101741.68, "Plan Rows": 219, "Plan Width": 64, "Actual Startup Time": 660.688, "Actual Total Time": 698.102, "Actual Rows": 11, "Actual Loops": 1, "Inner Unique": true, "Plans": [{"Node Type": "Nested Loop", "Parent Relationship": "Outer", "Join Type": "Inner", "Startup Cost": 100814.47, "Total Cost": 101580.69, "Plan Rows": 321, "Plan Width": 68, "Actual Startup Time": 657.185, "Actual Total Time": 695.408, "Actual Rows": 268, "Actual Loops": 1, "Inner Unique": false, "Plans": [{"Node Type": "Merge Join", "Parent Relationship": "Outer", "Join Type": "Inner", "Startup Cost": 100814.47, "Total Cost": 100895.67, "Plan Rows": 291, "Plan Width": 76, "Actual Startup Time": 656.856, "Actual Total Time": 657.176, "Actual Rows": 358, "Actual Loops": 1, "Inner Unique": false, "Merge Cond": "(it1.id = mi.info_type_id)", "Plans": [{"Node Type": "Index Scan", "Parent Relationship": "Outer", "Scan Direction": "Forward", "Index Name": "info_type_pkey", "Relation Name": "info_type", "Alias": "it1", "Startup Cost": 0.0, "Total Cost": 14.21, "Plan Rows": 1, "Plan Width": 4, "Actual Startup Time": 0.02, "Actual Total Time": 0.079, "Actual Rows": 1, "Actual Loops": 1, "Filter": "((info)::text = 'genres'::text)", "Rows Removed by Filter": 111}, {"Node Type": "Sort", "Parent Relationship": "Inner", "Startup Cost": 100810.73, "Total Cost": 100845.11, "Plan Rows": 13753, "Plan Width": 80, "Actual Startup Time": 656.827, "Actual Total Time": 656.923, "Actual Rows": 358, "Actual Loops": 1, "Sort Key": ["mi.info_type_id"], "Sort Method": "quicksort", "Sort Space Used": 75, "Sort Space Type": "Memory", "Plans": [{"Node Type": "Nested Loop", "Parent Relationship": "Outer", "Join Type": "Inner", "Startup Cost": 0.0, "Total Cost": 99865.39, "Plan Rows": 13753, "Plan Width": 80, "Actual Startup Time": 11.15, "Actual Total Time": 656.472, "Actual Rows": 358, "Actual Loops": 1, "Inner Unique": false, "Plans": [{"Node Type": "Nested Loop", "Parent Relationship": "Outer", "Join Type": "Inner", "Startup Cost": 0.0, "Total Cost": 78493.26, "Plan Rows": 15041, "Plan Width": 30, "Actual Startup Time": 1.995, "Actual Total Time": 481.82, "Actual Rows": 6152, "Actual Loops": 1, "Inner Unique": true, "Plans": [{"Node Type": "Nested Loop", "Parent Relationship": "Outer", "Join Type": "Inner", "Startup Cost": 0.0, "Total Cost": 35880.0, "Plan Rows": 12936, "Plan Width": 9, "Actual Startup Time": 0.099, "Actual Total Time": 384.867, "Actual Rows": 15849, "Actual Loops": 1, "Inner Unique": false, "Plans": [{"Node Type": "Index Scan", "Parent Relationship": "Outer", "Scan Direction": "Forward", "Index Name": "info_type_pkey", "Relation Name": "info_type", "Alias": "it2", "Startup Cost": 0.0, "Total Cost": 14.21, "Plan Rows": 1, "Plan Width": 4, "Actual Startup Time": 0.054, "Actual Total Time": 0.067, "Actual Rows": 1, "Actual Loops": 1, "Filter": "((info)::text = 'rating'::text)", "Rows Removed by Filter": 111}, {"Node Type": "Index Scan", "Parent Relationship": "Inner", "Scan Direction": "Forward", "Index Name": "info_type_id_movie_info_idx", "Relation Name": "movie_info_idx", "Alias": "mi_idx", "Startup Cost": 0.0, "Total Cost": 35736.43, "Plan Rows": 12936, "Plan Width": 13, "Actual Startup Time": 0.043, "Actual Total Time": 380.97, "Actual Rows": 15849, "Actual Loops": 1, "Index Cond": "(info_type_id = it2.id)", "Rows Removed by Index Recheck": 0, "Filter": "((info)::text > '8.0'::text)", "Rows Removed by Filter": 444076}]}, {"Node Type": "Index Scan", "Parent Relationship": "Inner", "Scan Direction": "Forward", "Index Name": "title_pkey", "Relation Name": "title", "Alias": "t", "Startup Cost": 0.0, "Total Cost": 3.28, "Plan Rows": 1, "Plan Width": 21, "Actual Startup Time": 86.841, "Actual Total Time": 86.841, "Actual Rows": 6152, "Actual Loops": 15849, "Index Cond": "(id = mi_idx.movie_id)", "Rows Removed by Index Recheck": 0, "Filter": "((production_year >= 2008) AND (production_year <= 2014))", "Rows Removed by Filter": 9697}]}, {"Node Type": "Index Scan", "Parent Relationship": "Inner", "Scan Direction": "Forward", "Index Name": "movie_id_movie_info", "Relation Name": "movie_info", "Alias": "mi", "Startup Cost": 0.0, "Total Cost": 1.41, "Plan Rows": 1, "Plan Width": 50, "Actual Startup Time": 170.759, "Actual Total Time": 171.06, "Actual Rows": 358, "Actual Loops": 6152, "Index Cond": "(movie_id = t.id)", "Rows Removed by Index Recheck": 0, "Filter": "((note IS NULL) AND ((info)::text = ANY ('{Horror,Thriller}'::text[])))", "Rows Removed by Filter": 109599}]}]}]}, {"Node Type": "Index Scan", "Parent Relationship": "Inner", "Scan Direction": "Forward", "Index Name": "movie_id_cast_info", "Relation Name": "cast_info", "Alias": "ci", "Startup Cost": 0.0, "Total Cost": 2.34, "Plan Rows": 1, "Plan Width": 8, "Actual Startup Time": 29.818, "Actual Total Time": 37.956, "Actual Rows": 268, "Actual Loops": 358, "Index Cond": "(movie_id = t.id)", "Rows Removed by Index Recheck": 0, "Filter": "((note)::text = ANY ('{(writer),\"(head writer)\",\"(written by)\",(story),\"(story editor)\"}'::text[]))", "Rows Removed by Filter": 12296}]}, {"Node Type": "Index Scan", "Parent Relationship": "Inner", "Scan Direction": "Forward", "Index Name": "name_pkey", "Relation Name": "name", "Alias": "n", "Startup Cost": 0.0, "Total Cost": 0.49, "Plan Rows": 1, "Plan Width": 4, "Actual Startup Time": 2.526, "Actual Total Time": 2.526, "Actual Rows": 11, "Actual Loops": 268, "Index Cond": "(id = ci.person_id)", "Rows Removed by Index Recheck": 0, "Filter": "((gender IS NOT NULL) AND ((gender)::text = 'f'::text))", "Rows Removed by Filter": 257}]}]}, "Triggers": [], "Planner Runtime": 14.731, "Total Runtime": 698.482, "Unique SQL Id": 661781350}}, "(1, '90')": {"explain_plan": {"Plan": {"Node Type": "Aggregate", "Strategy": "Plain", "Startup Cost": 1647405.88, "Total Cost": 1647405.89, "Plan Rows": 1, "Plan Width": 160, "Plans": [{"Node Type": "Merge Join", "Parent Relationship": "Outer", "Join Type": "Inner", "Startup Cost": 1643421.46, "Total Cost": 1647404.13, "Plan Rows": 233, "Plan Width": 64, "Inner Unique": true, "Merge Cond": "(mi.movie_id = t.id)", "Plans": [{"Node Type": "Merge Join", "Parent Relationship": "Outer", "Join Type": "Inner", "Startup Cost": 1494107.26, "Total Cost": 1494177.2, "Plan Rows": 200, "Plan Width": 59, "Inner Unique": false, "Merge Cond": "(mi_idx.movie_id = mi.movie_id)", "Plans": [{"Node Type": "Sort", "Parent Relationship": "Outer", "Startup Cost": 29049.9, "Total Cost": 29082.24, "Plan Rows": 12936, "Plan Width": 9, "Sort Key": ["mi_idx.movie_id"], "Plans": [{"Node Type": "Merge Join", "Parent Relationship": "Outer", "Join Type": "Inner", "Startup Cost": 27778.34, "Total Cost": 28166.43, "Plan Rows": 12936, "Plan Width": 9, "Inner Unique": false, "Merge Cond": "(it2.id = mi_idx.info_type_id)", "Plans": [{"Node Type": "Sort", "Parent Relationship": "Outer", "Startup Cost": 2.41, "Total Cost": 2.42, "Plan Rows": 1, "Plan Width": 4, "Sort Key": ["it2.id"], "Plans": [{"Node Type": "Seq Scan", "Parent Relationship": "Outer", "Relation Name": "info_type", "Alias": "it2", "Startup Cost": 0.0, "Total Cost": 2.4, "Plan Rows": 1, "Plan Width": 4, "Filter": "((info)::text = 'rating'::text)"}]}, {"Node Type": "Sort", "Parent Relationship": "Inner", "Startup Cost": 27775.92, "Total Cost": 27905.28, "Plan Rows": 51746, "Plan Width": 13, "Sort Key": ["mi_idx.info_type_id"], "Plans": [{"Node Type": "Seq Scan", "Parent Relationship": "Outer", "Relation Name": "movie_info_idx", "Alias": "mi_idx", "Startup Cost": 0.0, "Total Cost": 23724.42, "Plan Rows": 51746, "Plan Width": 13, "Filter": "((info)::text > '8.0'::text)"}]}]}]}, {"Node Type": "Sort", "Parent Relationship": "Inner", "Startup Cost": 1465057.36, "Total Cost": 1465059.31, "Plan Rows": 780, "Plan Width": 50, "Sort Key": ["ci.movie_id"], "Plans": [{"Node Type": "Merge Join", "Parent Relationship": "Outer", "Join Type": "Inner", "Startup Cost": 1461965.53, "Total Cost": 1465019.89, "Plan Rows": 780, "Plan Width": 50, "Inner Unique": true, "Merge Cond": "(ci.person_id = n.id)", "Plans": [{"Node Type": "Sort", "Parent Relationship": "Outer", "Startup Cost": 1298377.68, "Total Cost": 1298380.37, "Plan Rows": 1074, "Plan Width": 54, "Sort Key": ["ci.person_id"], "Plans": [{"Node Type": "Merge Join", "Parent Relationship": "Outer", "Join Type": "Inner", "Startup Cost": 1292192.38, "Total Cost": 1298323.61, "Plan Rows": 1074, "Plan Width": 54, "Inner Unique": false, "Merge Cond": "(mi.movie_id = ci.movie_id)", "Plans": [{"Node Type": "Sort", "Parent Relationship": "Outer", "Startup Cost": 340018.3, "Total Cost": 340020.73, "Plan Rows": 971, "Plan Width": 46, "Sort Key": ["mi.movie_id"], "Plans": [{"Node Type": "Merge Join", "Parent Relationship": "Outer", "Join Type": "Inner", "Startup Cost": 339639.05, "Total Cost": 339970.12, "Plan Rows": 971, "Plan Width": 46, "Inner Unique": false, "Merge Cond": "(it1.id = mi.info_type_id)", "Plans": [{"Node Type": "Sort", "Parent Relationship": "Outer", "Startup Cost": 2.41, "Total Cost": 2.42, "Plan Rows": 1, "Plan Width": 4, "Sort Key": ["it1.id"], "Plans": [{"Node Type": "Seq Scan", "Parent Relationship": "Outer", "Relation Name": "info_type", "Alias": "it1", "Startup Cost": 0.0, "Total Cost": 2.4, "Plan Rows": 1, "Plan Width": 4, "Filter": "((info)::text = 'genres'::text)"}]}, {"Node Type": "Sort", "Parent Relationship": "Inner", "Startup Cost": 339618.14, "Total Cost": 339788.07, "Plan Rows": 67971, "Plan Width": 50, "Sort Key": ["mi.info_type_id"], "Plans": [{"Node Type": "Seq Scan", "Parent Relationship": "Outer", "Relation Name": "movie_info", "Alias": "mi", "Startup Cost": 0.0, "Total Cost": 334162.58, "Plan Rows": 67971, "Plan Width": 50, "Filter": "((note IS NULL) AND ((info)::text = ANY ('{Horror,Thriller}'::text[])))"}]}]}]}, {"Node Type": "Sort", "Parent Relationship": "Inner", "Startup Cost": 952173.95, "Total Cost": 955231.83, "Plan Rows": 1223154, "Plan Width": 8, "Sort Key": ["ci.movie_id"], "Plans": [{"Node Type": "Seq Scan", "Parent Relationship": "Outer", "Relation Name": "cast_info", "Alias": "ci", "Startup Cost": 0.0, "Total Cost": 828499.78, "Plan Rows": 1223154, "Plan Width": 8, "Filter": "((note)::text = ANY ('{(writer),\"(head writer)\",\"(written by)\",(story),\"(story editor)\"}'::text[]))"}]}]}]}, {"Node Type": "Sort", "Parent Relationship": "Inner", "Startup Cost": 163587.85, "Total Cost": 165148.66, "Plan Rows": 624324, "Plan Width": 4, "Sort Key": ["n.id"], "Plans": [{"Node Type": "Seq Scan", "Parent Relationship": "Outer", "Relation Name": "name", "Alias": "n", "Startup Cost": 0.0, "Total Cost": 103490.62, "Plan Rows": 624324, "Plan Width": 4, "Filter": "((gender IS NOT NULL) AND ((gender)::text = 'f'::text)), (LLVM Optimized)"}]}]}]}]}, {"Node Type": "Sort", "Parent Relationship": "Inner", "Startup Cost": 149314.11, "Total Cost": 151270.49, "Plan Rows": 782553, "Plan Width": 21, "Sort Key": ["t.id"], "Plans": [{"Node Type": "Seq Scan", "Parent Relationship": "Outer", "Relation Name": "title", "Alias": "t", "Startup Cost": 331.36, "Total Cost": 72710.67, "Plan Rows": 782553, "Plan Width": 21, "Filter": "((production_year >= 2008) AND (production_year <= 2014)), (LLVM Optimized)"}]}]}]}, "Unique SQL Id": 661781350, "Planner Runtime": 31}, "explain_analyze_plan": null}, "(1, '91')": {"explain_plan": {"Plan": {"Node Type": "Aggregate", "Strategy": "Plain", "Startup Cost": 6973104309533.58, "Total Cost": 6973104309533.59, "Plan Rows": 1, "Plan Width": 160, "Plans": [{"Node Type": "Merge Join", "Parent Relationship": "Outer", "Join Type": "Inner", "Startup Cost": 5983104308056.21, "Total Cost": 6973104309531.83, "Plan Rows": 233, "Plan Width": 64, "Inner Unique": true, "Merge Cond": "(mi.info_type_id = it1.id)", "Plans": [{"Node Type": "Sort", "Parent Relationship": "Outer", "Startup Cost": 5973104308053.2, "Total Cost": 5973104308080.83, "Plan Rows": 11053, "Plan Width": 68, "Sort Key": ["mi.info_type_id"], "Plans": [{"Node Type": "Merge Join", "Parent Relationship": "Outer", "Join Type": "Inner", "Startup Cost": 3994649433455.64, "Total Cost": 5973104307310.87, "Plan Rows": 11053, "Plan Width": 68, "Inner Unique": false, "Merge Cond": "(t.id = mi.movie_id)", "Plans": [{"Node Type": "Merge Join", "Parent Relationship": "Outer", "Join Type": "Inner", "Startup Cost": 3984649433455.64, "Total Cost": 4973733124189.28, "Plan Rows": 12089, "Plan Width": 34, "Inner Unique": true, "Merge Cond": "(mi_idx.movie_id = t.id)", "Plans": [{"Node Type": "Sort", "Parent Relationship": "Outer", "Startup Cost": 3974649433455.64, "Total Cost": 3974649433481.64, "Plan Rows": 10397, "Plan Width": 13, "Sort Key": ["ci.movie_id"], "Plans": [{"Node Type": "Merge Join", "Parent Relationship": "Outer", "Join Type": "Inner", "Startup Cost": 3010140645830.7, "Total Cost": 3974649432761.96, "Plan Rows": 10397, "Plan Width": 13, "Inner Unique": true, "Merge Cond": "(ci.person_id = n.id)", "Plans": [{"Node Type": "Sort", "Parent Relationship": "Outer", "Startup Cost": 3000140645830.7, "Total Cost": 3000140645866.48, "Plan Rows": 14313, "Plan Width": 17, "Sort Key": ["ci.person_id"], "Plans": [{"Node Type": "Merge Join", "Parent Relationship": "Outer", "Join Type": "Inner", "Startup Cost": 2010001909250.23, "Total Cost": 3000140644842.74, "Plan Rows": 14313, "Plan Width": 17, "Inner Unique": false, "Merge Cond": "(ci.movie_id = mi_idx.movie_id)", "Plans": [{"Node Type": "Index Scan", "Parent Relationship": "Outer", "Scan Direction": "Forward", "Index Name": "movie_id_cast_info", "Relation Name": "cast_info", "Alias": "ci", "Startup Cost": 10000000000.0, "Total Cost": 1000228594573.05, "Plan Rows": 1223154, "Plan Width": 8, "Filter": "((note)::text = ANY ('{(writer),\"(head writer)\",\"(written by)\",(story),\"(story editor)\"}'::text[]))"}, {"Node Type": "Sort", "Parent Relationship": "Inner", "Startup Cost": 2000001909250.23, "Total Cost": 2000001909282.57, "Plan Rows": 12936, "Plan Width": 9, "Sort Key": ["mi_idx.movie_id"], "Plans": [{"Node Type": "Nested Loop", "Parent Relationship": "Outer", "Join Type": "Inner", "Startup Cost": 20000007419.04, "Total Cost": 2000001908366.76, "Plan Rows": 12936, "Plan Width": 9, "Inner Unique": false, "Plans": [{"Node Type": "Index Scan", "Parent Relationship": "Outer", "Scan Direction": "Forward", "Index Name": "info_type_pkey", "Relation Name": "info_type", "Alias": "it2", "Startup Cost": 10000000000.0, "Total Cost": 1000000001421.0, "Plan Rows": 1, "Plan Width": 4, "Filter": "((info)::text = 'rating'::text)"}, {"Node Type": "Bitmap Heap Scan", "Parent Relationship": "Inner", "Relation Name": "movie_info_idx", "Alias": "mi_idx", "Startup Cost": 10000007419.04, "Total Cost": 1000001906816.4, "Plan Rows": 12936, "Plan Width": 13, "Recheck Cond": "(info_type_id = it2.id)", "Filter": "((info)::text > '8.0'::text)", "Plans": [{"Node Type": "Bitmap Index Scan", "Parent Relationship": "Outer", "Index Name": "info_type_id_movie_info_idx", "Startup Cost": 0.0, "Total Cost": 7415.81, "Plan Rows": 345008, "Plan Width": 0, "Index Cond": "(info_type_id = it2.id)"}]}]}]}]}]}, {"Node Type": "Index Scan", "Parent Relationship": "Inner", "Scan Direction": "Forward", "Index Name": "name_pkey", "Relation Name": "name", "Alias": "n", "Startup Cost": 10000000000.0, "Total Cost": 1000018665147.2, "Plan Rows": 624324, "Plan Width": 4, "Filter": "((gender IS NOT NULL) AND ((gender)::text = 'f'::text)), (LLVM Optimized)"}]}]}, {"Node Type": "Index Scan", "Parent Relationship": "Inner", "Scan Direction": "Forward", "Index Name": "title_pkey", "Relation Name": "title", "Alias": "t", "Startup Cost": 10000000000.0, "Total Cost": 1000012276204.41, "Plan Rows": 782553, "Plan Width": 21, "Filter": "((production_year >= 2008) AND (production_year <= 2014)), (LLVM Optimized)"}]}, {"Node Type": "Index Scan", "Parent Relationship": "Inner", "Scan Direction": "Forward", "Index Name": "movie_id_movie_info", "Relation Name": "movie_info", "Alias": "mi", "Startup Cost": 10000000000.0, "Total Cost": 1000107534403.72, "Plan Rows": 67971, "Plan Width": 50, "Filter": "((note IS NULL) AND ((info)::text = ANY ('{Horror,Thriller}'::text[])))"}]}]}, {"Node Type": "Materialize", "Parent Relationship": "Inner", "Startup Cost": 10000000000.0, "Total Cost": 1000000001421.0, "Plan Rows": 1, "Plan Width": 4, "Plans": [{"Node Type": "Index Scan", "Parent Relationship": "Outer", "Scan Direction": "Forward", "Index Name": "info_type_pkey", "Relation Name": "info_type", "Alias": "it1", "Startup Cost": 10000000000.0, "Total Cost": 1000000001421.0, "Plan Rows": 1, "Plan Width": 4, "Filter": "((info)::text = 'genres'::text)"}]}]}]}, "Unique SQL Id": 661781350, "Planner Runtime": 67}, "explain_analyze_plan": null}, "(1, '92')": {"explain_plan": {"Plan": {"Node Type": "Aggregate", "Strategy": "Plain", "Startup Cost": 94017.96, "Total Cost": 94017.97, "Plan Rows": 1, "Plan Width": 160, "Plans": [{"Node Type": "Nested Loop", "Parent Relationship": "Outer", "Join Type": "Inner", "Startup Cost": 93103.31, "Total Cost": 94016.31, "Plan Rows": 219, "Plan Width": 64, "Inner Unique": true, "Plans": [{"Node Type": "Nested Loop", "Parent Relationship": "Outer", "Join Type": "Inner", "Startup Cost": 93103.31, "Total Cost": 93855.32, "Plan Rows": 321, "Plan Width": 68, "Inner Unique": false, "Plans": [{"Node Type": "Merge Join", "Parent Relationship": "Outer", "Join Type": "Inner", "Startup Cost": 93103.31, "Total Cost": 93170.3, "Plan Rows": 291, "Plan Width": 76, "Inner Unique": false, "Merge Cond": "(it1.id = mi.info_type_id)", "Plans": [{"Node Type": "Sort", "Parent Relationship": "Outer", "Startup Cost": 2.41, "Total Cost": 2.42, "Plan Rows": 1, "Plan Width": 4, "Sort Key": ["it1.id"], "Plans": [{"Node Type": "Seq Scan", "Parent Relationship": "Outer", "Relation Name": "info_type", "Alias": "it1", "Startup Cost": 0.0, "Total Cost": 2.4, "Plan Rows": 1, "Plan Width": 4, "Filter": "((info)::text = 'genres'::text)"}]}, {"Node Type": "Sort", "Parent Relationship": "Inner", "Startup Cost": 93097.16, "Total Cost": 93131.54, "Plan Rows": 13753, "Plan Width": 80, "Sort Key": ["mi.info_type_id"], "Plans": [{"Node Type": "Nested Loop", "Parent Relationship": "Outer", "Join Type": "Inner", "Startup Cost": 27778.34, "Total Cost": 92151.81, "Plan Rows": 13753, "Plan Width": 80, "Inner Unique": false, "Plans": [{"Node Type": "Nested Loop", "Parent Relationship": "Outer", "Join Type": "Inner", "Startup Cost": 27778.34, "Total Cost": 70779.68, "Plan Rows": 15041, "Plan Width": 30, "Inner Unique": true, "Plans": [{"Node Type": "Merge Join", "Parent Relationship": "Outer", "Join Type": "Inner", "Startup Cost": 27778.34, "Total Cost": 28166.43, "Plan Rows": 12936, "Plan Width": 9, "Inner Unique": false, "Merge Cond": "(it2.id = mi_idx.info_type_id)", "Plans": [{"Node Type": "Sort", "Parent Relationship": "Outer", "Startup Cost": 2.41, "Total Cost": 2.42, "Plan Rows": 1, "Plan Width": 4, "Sort Key": ["it2.id"], "Plans": [{"Node Type": "Seq Scan", "Parent Relationship": "Outer", "Relation Name": "info_type", "Alias": "it2", "Startup Cost": 0.0, "Total Cost": 2.4, "Plan Rows": 1, "Plan Width": 4, "Filter": "((info)::text = 'rating'::text)"}]}, {"Node Type": "Sort", "Parent Relationship": "Inner", "Startup Cost": 27775.92, "Total Cost": 27905.28, "Plan Rows": 51746, "Plan Width": 13, "Sort Key": ["mi_idx.info_type_id"], "Plans": [{"Node Type": "Seq Scan", "Parent Relationship": "Outer", "Relation Name": "movie_info_idx", "Alias": "mi_idx", "Startup Cost": 0.0, "Total Cost": 23724.42, "Plan Rows": 51746, "Plan Width": 13, "Filter": "((info)::text > '8.0'::text)"}]}]}, {"Node Type": "Index Scan", "Parent Relationship": "Inner", "Scan Direction": "Forward", "Index Name": "title_pkey", "Relation Name": "title", "Alias": "t", "Startup Cost": 0.0, "Total Cost": 3.28, "Plan Rows": 1, "Plan Width": 21, "Index Cond": "(id = mi_idx.movie_id)", "Filter": "((production_year >= 2008) AND (production_year <= 2014))"}]}, {"Node Type": "Index Scan", "Parent Relationship": "Inner", "Scan Direction": "Forward", "Index Name": "movie_id_movie_info", "Relation Name": "movie_info", "Alias": "mi", "Startup Cost": 0.0, "Total Cost": 1.41, "Plan Rows": 1, "Plan Width": 50, "Index Cond": "(movie_id = t.id)", "Filter": "((note IS NULL) AND ((info)::text = ANY ('{Horror,Thriller}'::text[])))"}]}]}]}, {"Node Type": "Index Scan", "Parent Relationship": "Inner", "Scan Direction": "Forward", "Index Name": "movie_id_cast_info", "Relation Name": "cast_info", "Alias": "ci", "Startup Cost": 0.0, "Total Cost": 2.34, "Plan Rows": 1, "Plan Width": 8, "Index Cond": "(movie_id = t.id)", "Filter": "((note)::text = ANY ('{(writer),\"(head writer)\",\"(written by)\",(story),\"(story editor)\"}'::text[]))"}]}, {"Node Type": "Index Scan", "Parent Relationship": "Inner", "Scan Direction": "Forward", "Index Name": "name_pkey", "Relation Name": "name", "Alias": "n", "Startup Cost": 0.0, "Total Cost": 0.49, "Plan Rows": 1, "Plan Width": 4, "Index Cond": "(id = ci.person_id)", "Filter": "((gender IS NOT NULL) AND ((gender)::text = 'f'::text))"}]}]}, "Unique SQL Id": 661781350, "Planner Runtime": 18}, "explain_analyze_plan": {"Plan": {"Node Type": "Aggregate", "Strategy": "Plain", "Startup Cost": 94017.96, "Total Cost": 94017.97, "Plan Rows": 1, "Plan Width": 160, "Actual Startup Time": 856.807, "Actual Total Time": 856.807, "Actual Rows": 1, "Actual Loops": 1, "Plans": [{"Node Type": "Nested Loop", "Parent Relationship": "Outer", "Join Type": "Inner", "Startup Cost": 93103.31, "Total Cost": 94016.31, "Plan Rows": 219, "Plan Width": 64, "Actual Startup Time": 820.124, "Actual Total Time": 856.762, "Actual Rows": 11, "Actual Loops": 1, "Inner Unique": true, "Plans": [{"Node Type": "Nested Loop", "Parent Relationship": "Outer", "Join Type": "Inner", "Startup Cost": 93103.31, "Total Cost": 93855.32, "Plan Rows": 321, "Plan Width": 68, "Actual Startup Time": 820.032, "Actual Total Time": 854.325, "Actual Rows": 268, "Actual Loops": 1, "Inner Unique": false, "Plans": [{"Node Type": "Merge Join", "Parent Relationship": "Outer", "Join Type": "Inner", "Startup Cost": 93103.31, "Total Cost": 93170.3, "Plan Rows": 291, "Plan Width": 76, "Actual Startup Time": 819.95, "Actual Total Time": 820.156, "Actual Rows": 358, "Actual Loops": 1, "Inner Unique": false, "Merge Cond": "(it1.id = mi.info_type_id)", "Plans": [{"Node Type": "Sort", "Parent Relationship": "Outer", "Startup Cost": 2.41, "Total Cost": 2.42, "Plan Rows": 1, "Plan Width": 4, "Actual Startup Time": 0.093, "Actual Total Time": 0.093, "Actual Rows": 1, "Actual Loops": 1, "Sort Key": ["it1.id"], "Sort Method": "quicksort", "Sort Space Used": 25, "Sort Space Type": "Memory", "Plans": [{"Node Type": "Seq Scan", "Parent Relationship": "Outer", "Relation Name": "info_type", "Alias": "it1", "Startup Cost": 0.0, "Total Cost": 2.4, "Plan Rows": 1, "Plan Width": 4, "Actual Startup Time": 0.053, "Actual Total Time": 0.076, "Actual Rows": 1, "Actual Loops": 1, "Filter": "((info)::text = 'genres'::text)", "Rows Removed by Filter": 111}]}, {"Node Type": "Sort", "Parent Relationship": "Inner", "Startup Cost": 93097.16, "Total Cost": 93131.54, "Plan Rows": 13753, "Plan Width": 80, "Actual Startup Time": 819.848, "Actual Total Time": 819.905, "Actual Rows": 358, "Actual Loops": 1, "Sort Key": ["mi.info_type_id"], "Sort Method": "quicksort", "Sort Space Used": 75, "Sort Space Type": "Memory", "Plans": [{"Node Type": "Nested Loop", "Parent Relationship": "Outer", "Join Type": "Inner", "Startup Cost": 27778.34, "Total Cost": 92151.81, "Plan Rows": 13753, "Plan Width": 80, "Actual Startup Time": 578.331, "Actual Total Time": 819.497, "Actual Rows": 358, "Actual Loops": 1, "Inner Unique": false, "Plans": [{"Node Type": "Nested Loop", "Parent Relationship": "Outer", "Join Type": "Inner", "Startup Cost": 27778.34, "Total Cost": 70779.68, "Plan Rows": 15041, "Plan Width": 30, "Actual Startup Time": 575.635, "Actual Total Time": 669.125, "Actual Rows": 6152, "Actual Loops": 1, "Inner Unique": true, "Plans": [{"Node Type": "Merge Join", "Parent Relationship": "Outer", "Join Type": "Inner", "Startup Cost": 27778.34, "Total Cost": 28166.43, "Plan Rows": 12936, "Plan Width": 9, "Actual Startup Time": 575.529, "Actual Total Time": 583.52, "Actual Rows": 15849, "Actual Loops": 1, "Inner Unique": false, "Merge Cond": "(it2.id = mi_idx.info_type_id)", "Plans": [{"Node Type": "Sort", "Parent Relationship": "Outer", "Startup Cost": 2.41, "Total Cost": 2.42, "Plan Rows": 1, "Plan Width": 4, "Actual Startup Time": 0.057, "Actual Total Time": 0.058, "Actual Rows": 1, "Actual Loops": 1, "Sort Key": ["it2.id"], "Sort Method": "quicksort", "Sort Space Used": 25, "Sort Space Type": "Memory", "Plans": [{"Node Type": "Seq Scan", "Parent Relationship": "Outer", "Relation Name": "info_type", "Alias": "it2", "Startup Cost": 0.0, "Total Cost": 2.4, "Plan Rows": 1, "Plan Width": 4, "Actual Startup Time": 0.043, "Actual Total Time": 0.047, "Actual Rows": 1, "Actual Loops": 1, "Filter": "((info)::text = 'rating'::text)", "Rows Removed by Filter": 111}]}, {"Node Type": "Sort", "Parent Relationship": "Inner", "Startup Cost": 27775.92, "Total Cost": 27905.28, "Plan Rows": 51746, "Plan Width": 13, "Actual Startup Time": 565.571, "Actual Total Time": 572.364, "Actual Rows": 53628, "Actual Loops": 1, "Sort Key": ["mi_idx.info_type_id"], "Sort Method": "quicksort", "Sort Space Used": 6566, "Sort Space Type": "Memory", "Plans": [{"Node Type": "Seq Scan", "Parent Relationship": "Outer", "Relation Name": "movie_info_idx", "Alias": "mi_idx", "Startup Cost": 0.0, "Total Cost": 23724.42, "Plan Rows": 51746, "Plan Width": 13, "Actual Startup Time": 0.072, "Actual Total Time": 548.825, "Actual Rows": 53649, "Actual Loops": 1, "Filter": "((info)::text > '8.0'::text)", "Rows Removed by Filter": 1326385}]}]}, {"Node Type": "Index Scan", "Parent Relationship": "Inner", "Scan Direction": "Forward", "Index Name": "title_pkey", "Relation Name": "title", "Alias": "t", "Startup Cost": 0.0, "Total Cost": 3.28, "Plan Rows": 1, "Plan Width": 21, "Actual Startup Time": 76.008, "Actual Total Time": 76.008, "Actual Rows": 6152, "Actual Loops": 15849, "Index Cond": "(id = mi_idx.movie_id)", "Rows Removed by Index Recheck": 0, "Filter": "((production_year >= 2008) AND (production_year <= 2014))", "Rows Removed by Filter": 9697}]}, {"Node Type": "Index Scan", "Parent Relationship": "Inner", "Scan Direction": "Forward", "Index Name": "movie_id_movie_info", "Relation Name": "movie_info", "Alias": "mi", "Startup Cost": 0.0, "Total Cost": 1.41, "Plan Rows": 1, "Plan Width": 50, "Actual Startup Time": 146.751, "Actual Total Time": 147.056, "Actual Rows": 358, "Actual Loops": 6152, "Index Cond": "(movie_id = t.id)", "Rows Removed by Index Recheck": 0, "Filter": "((note IS NULL) AND ((info)::text = ANY ('{Horror,Thriller}'::text[])))", "Rows Removed by Filter": 109599}]}]}]}, {"Node Type": "Index Scan", "Parent Relationship": "Inner", "Scan Direction": "Forward", "Index Name": "movie_id_cast_info", "Relation Name": "cast_info", "Alias": "ci", "Startup Cost": 0.0, "Total Cost": 2.34, "Plan Rows": 1, "Plan Width": 8, "Actual Startup Time": 26.635, "Actual Total Time": 33.898, "Actual Rows": 268, "Actual Loops": 358, "Index Cond": "(movie_id = t.id)", "Rows Removed by Index Recheck": 0, "Filter": "((note)::text = ANY ('{(writer),\"(head writer)\",\"(written by)\",(story),\"(story editor)\"}'::text[]))", "Rows Removed by Filter": 12296}]}, {"Node Type": "Index Scan", "Parent Relationship": "Inner", "Scan Direction": "Forward", "Index Name": "name_pkey", "Relation Name": "name", "Alias": "n", "Startup Cost": 0.0, "Total Cost": 0.49, "Plan Rows": 1, "Plan Width": 4, "Actual Startup Time": 2.255, "Actual Total Time": 2.255, "Actual Rows": 11, "Actual Loops": 268, "Index Cond": "(id = ci.person_id)", "Rows Removed by Index Recheck": 0, "Filter": "((gender IS NOT NULL) AND ((gender)::text = 'f'::text))", "Rows Removed by Filter": 257}]}]}, "Triggers": [], "Planner Runtime": 17.967, "Total Runtime": 857.126, "Unique SQL Id": 661781350}}, "(1, '93')": {"explain_plan": {"Plan": {"Node Type": "Aggregate", "Strategy": "Plain", "Startup Cost": 101743.32, "Total Cost": 101743.33, "Plan Rows": 1, "Plan Width": 160, "Plans": [{"Node Type": "Nested Loop", "Parent Relationship": "Outer", "Join Type": "Inner", "Startup Cost": 100814.47, "Total Cost": 101741.68, "Plan Rows": 219, "Plan Width": 64, "Inner Unique": true, "Plans": [{"Node Type": "Nested Loop", "Parent Relationship": "Outer", "Join Type": "Inner", "Startup Cost": 100814.47, "Total Cost": 101580.69, "Plan Rows": 321, "Plan Width": 68, "Inner Unique": false, "Plans": [{"Node Type": "Merge Join", "Parent Relationship": "Outer", "Join Type": "Inner", "Startup Cost": 100814.47, "Total Cost": 100895.67, "Plan Rows": 291, "Plan Width": 76, "Inner Unique": false, "Merge Cond": "(it1.id = mi.info_type_id)", "Plans": [{"Node Type": "Index Scan", "Parent Relationship": "Outer", "Scan Direction": "Forward", "Index Name": "info_type_pkey", "Relation Name": "info_type", "Alias": "it1", "Startup Cost": 0.0, "Total Cost": 14.21, "Plan Rows": 1, "Plan Width": 4, "Filter": "((info)::text = 'genres'::text)"}, {"Node Type": "Sort", "Parent Relationship": "Inner", "Startup Cost": 100810.73, "Total Cost": 100845.11, "Plan Rows": 13753, "Plan Width": 80, "Sort Key": ["mi.info_type_id"], "Plans": [{"Node Type": "Nested Loop", "Parent Relationship": "Outer", "Join Type": "Inner", "Startup Cost": 0.0, "Total Cost": 99865.39, "Plan Rows": 13753, "Plan Width": 80, "Inner Unique": false, "Plans": [{"Node Type": "Nested Loop", "Parent Relationship": "Outer", "Join Type": "Inner", "Startup Cost": 0.0, "Total Cost": 78493.26, "Plan Rows": 15041, "Plan Width": 30, "Inner Unique": true, "Plans": [{"Node Type": "Nested Loop", "Parent Relationship": "Outer", "Join Type": "Inner", "Startup Cost": 0.0, "Total Cost": 35880.0, "Plan Rows": 12936, "Plan Width": 9, "Inner Unique": false, "Plans": [{"Node Type": "Index Scan", "Parent Relationship": "Outer", "Scan Direction": "Forward", "Index Name": "info_type_pkey", "Relation Name": "info_type", "Alias": "it2", "Startup Cost": 0.0, "Total Cost": 14.21, "Plan Rows": 1, "Plan Width": 4, "Filter": "((info)::text = 'rating'::text)"}, {"Node Type": "Index Scan", "Parent Relationship": "Inner", "Scan Direction": "Forward", "Index Name": "info_type_id_movie_info_idx", "Relation Name": "movie_info_idx", "Alias": "mi_idx", "Startup Cost": 0.0, "Total Cost": 35736.43, "Plan Rows": 12936, "Plan Width": 13, "Index Cond": "(info_type_id = it2.id)", "Filter": "((info)::text > '8.0'::text)"}]}, {"Node Type": "Index Scan", "Parent Relationship": "Inner", "Scan Direction": "Forward", "Index Name": "title_pkey", "Relation Name": "title", "Alias": "t", "Startup Cost": 0.0, "Total Cost": 3.28, "Plan Rows": 1, "Plan Width": 21, "Index Cond": "(id = mi_idx.movie_id)", "Filter": "((production_year >= 2008) AND (production_year <= 2014))"}]}, {"Node Type": "Index Scan", "Parent Relationship": "Inner", "Scan Direction": "Forward", "Index Name": "movie_id_movie_info", "Relation Name": "movie_info", "Alias": "mi", "Startup Cost": 0.0, "Total Cost": 1.41, "Plan Rows": 1, "Plan Width": 50, "Index Cond": "(movie_id = t.id)", "Filter": "((note IS NULL) AND ((info)::text = ANY ('{Horror,Thriller}'::text[])))"}]}]}]}, {"Node Type": "Index Scan", "Parent Relationship": "Inner", "Scan Direction": "Forward", "Index Name": "movie_id_cast_info", "Relation Name": "cast_info", "Alias": "ci", "Startup Cost": 0.0, "Total Cost": 2.34, "Plan Rows": 1, "Plan Width": 8, "Index Cond": "(movie_id = t.id)", "Filter": "((note)::text = ANY ('{(writer),\"(head writer)\",\"(written by)\",(story),\"(story editor)\"}'::text[]))"}]}, {"Node Type": "Index Scan", "Parent Relationship": "Inner", "Scan Direction": "Forward", "Index Name": "name_pkey", "Relation Name": "name", "Alias": "n", "Startup Cost": 0.0, "Total Cost": 0.49, "Plan Rows": 1, "Plan Width": 4, "Index Cond": "(id = ci.person_id)", "Filter": "((gender IS NOT NULL) AND ((gender)::text = 'f'::text))"}]}]}, "Unique SQL Id": 661781350, "Planner Runtime": 14}, "explain_analyze_plan": {"Plan": {"Node Type": "Aggregate", "Strategy": "Plain", "Startup Cost": 101743.32, "Total Cost": 101743.33, "Plan Rows": 1, "Plan Width": 160, "Actual Startup Time": 698.148, "Actual Total Time": 698.149, "Actual Rows": 1, "Actual Loops": 1, "Plans": [{"Node Type": "Nested Loop", "Parent Relationship": "Outer", "Join Type": "Inner", "Startup Cost": 100814.47, "Total Cost": 101741.68, "Plan Rows": 219, "Plan Width": 64, "Actual Startup Time": 660.688, "Actual Total Time": 698.102, "Actual Rows": 11, "Actual Loops": 1, "Inner Unique": true, "Plans": [{"Node Type": "Nested Loop", "Parent Relationship": "Outer", "Join Type": "Inner", "Startup Cost": 100814.47, "Total Cost": 101580.69, "Plan Rows": 321, "Plan Width": 68, "Actual Startup Time": 657.185, "Actual Total Time": 695.408, "Actual Rows": 268, "Actual Loops": 1, "Inner Unique": false, "Plans": [{"Node Type": "Merge Join", "Parent Relationship": "Outer", "Join Type": "Inner", "Startup Cost": 100814.47, "Total Cost": 100895.67, "Plan Rows": 291, "Plan Width": 76, "Actual Startup Time": 656.856, "Actual Total Time": 657.176, "Actual Rows": 358, "Actual Loops": 1, "Inner Unique": false, "Merge Cond": "(it1.id = mi.info_type_id)", "Plans": [{"Node Type": "Index Scan", "Parent Relationship": "Outer", "Scan Direction": "Forward", "Index Name": "info_type_pkey", "Relation Name": "info_type", "Alias": "it1", "Startup Cost": 0.0, "Total Cost": 14.21, "Plan Rows": 1, "Plan Width": 4, "Actual Startup Time": 0.02, "Actual Total Time": 0.079, "Actual Rows": 1, "Actual Loops": 1, "Filter": "((info)::text = 'genres'::text)", "Rows Removed by Filter": 111}, {"Node Type": "Sort", "Parent Relationship": "Inner", "Startup Cost": 100810.73, "Total Cost": 100845.11, "Plan Rows": 13753, "Plan Width": 80, "Actual Startup Time": 656.827, "Actual Total Time": 656.923, "Actual Rows": 358, "Actual Loops": 1, "Sort Key": ["mi.info_type_id"], "Sort Method": "quicksort", "Sort Space Used": 75, "Sort Space Type": "Memory", "Plans": [{"Node Type": "Nested Loop", "Parent Relationship": "Outer", "Join Type": "Inner", "Startup Cost": 0.0, "Total Cost": 99865.39, "Plan Rows": 13753, "Plan Width": 80, "Actual Startup Time": 11.15, "Actual Total Time": 656.472, "Actual Rows": 358, "Actual Loops": 1, "Inner Unique": false, "Plans": [{"Node Type": "Nested Loop", "Parent Relationship": "Outer", "Join Type": "Inner", "Startup Cost": 0.0, "Total Cost": 78493.26, "Plan Rows": 15041, "Plan Width": 30, "Actual Startup Time": 1.995, "Actual Total Time": 481.82, "Actual Rows": 6152, "Actual Loops": 1, "Inner Unique": true, "Plans": [{"Node Type": "Nested Loop", "Parent Relationship": "Outer", "Join Type": "Inner", "Startup Cost": 0.0, "Total Cost": 35880.0, "Plan Rows": 12936, "Plan Width": 9, "Actual Startup Time": 0.099, "Actual Total Time": 384.867, "Actual Rows": 15849, "Actual Loops": 1, "Inner Unique": false, "Plans": [{"Node Type": "Index Scan", "Parent Relationship": "Outer", "Scan Direction": "Forward", "Index Name": "info_type_pkey", "Relation Name": "info_type", "Alias": "it2", "Startup Cost": 0.0, "Total Cost": 14.21, "Plan Rows": 1, "Plan Width": 4, "Actual Startup Time": 0.054, "Actual Total Time": 0.067, "Actual Rows": 1, "Actual Loops": 1, "Filter": "((info)::text = 'rating'::text)", "Rows Removed by Filter": 111}, {"Node Type": "Index Scan", "Parent Relationship": "Inner", "Scan Direction": "Forward", "Index Name": "info_type_id_movie_info_idx", "Relation Name": "movie_info_idx", "Alias": "mi_idx", "Startup Cost": 0.0, "Total Cost": 35736.43, "Plan Rows": 12936, "Plan Width": 13, "Actual Startup Time": 0.043, "Actual Total Time": 380.97, "Actual Rows": 15849, "Actual Loops": 1, "Index Cond": "(info_type_id = it2.id)", "Rows Removed by Index Recheck": 0, "Filter": "((info)::text > '8.0'::text)", "Rows Removed by Filter": 444076}]}, {"Node Type": "Index Scan", "Parent Relationship": "Inner", "Scan Direction": "Forward", "Index Name": "title_pkey", "Relation Name": "title", "Alias": "t", "Startup Cost": 0.0, "Total Cost": 3.28, "Plan Rows": 1, "Plan Width": 21, "Actual Startup Time": 86.841, "Actual Total Time": 86.841, "Actual Rows": 6152, "Actual Loops": 15849, "Index Cond": "(id = mi_idx.movie_id)", "Rows Removed by Index Recheck": 0, "Filter": "((production_year >= 2008) AND (production_year <= 2014))", "Rows Removed by Filter": 9697}]}, {"Node Type": "Index Scan", "Parent Relationship": "Inner", "Scan Direction": "Forward", "Index Name": "movie_id_movie_info", "Relation Name": "movie_info", "Alias": "mi", "Startup Cost": 0.0, "Total Cost": 1.41, "Plan Rows": 1, "Plan Width": 50, "Actual Startup Time": 170.759, "Actual Total Time": 171.06, "Actual Rows": 358, "Actual Loops": 6152, "Index Cond": "(movie_id = t.id)", "Rows Removed by Index Recheck": 0, "Filter": "((note IS NULL) AND ((info)::text = ANY ('{Horror,Thriller}'::text[])))", "Rows Removed by Filter": 109599}]}]}]}, {"Node Type": "Index Scan", "Parent Relationship": "Inner", "Scan Direction": "Forward", "Index Name": "movie_id_cast_info", "Relation Name": "cast_info", "Alias": "ci", "Startup Cost": 0.0, "Total Cost": 2.34, "Plan Rows": 1, "Plan Width": 8, "Actual Startup Time": 29.818, "Actual Total Time": 37.956, "Actual Rows": 268, "Actual Loops": 358, "Index Cond": "(movie_id = t.id)", "Rows Removed by Index Recheck": 0, "Filter": "((note)::text = ANY ('{(writer),\"(head writer)\",\"(written by)\",(story),\"(story editor)\"}'::text[]))", "Rows Removed by Filter": 12296}]}, {"Node Type": "Index Scan", "Parent Relationship": "Inner", "Scan Direction": "Forward", "Index Name": "name_pkey", "Relation Name": "name", "Alias": "n", "Startup Cost": 0.0, "Total Cost": 0.49, "Plan Rows": 1, "Plan Width": 4, "Actual Startup Time": 2.526, "Actual Total Time": 2.526, "Actual Rows": 11, "Actual Loops": 268, "Index Cond": "(id = ci.person_id)", "Rows Removed by Index Recheck": 0, "Filter": "((gender IS NOT NULL) AND ((gender)::text = 'f'::text))", "Rows Removed by Filter": 257}]}]}, "Triggers": [], "Planner Runtime": 14.731, "Total Runtime": 698.482, "Unique SQL Id": 661781350}}, "(1, '94')": {"explain_plan": {"Plan": {"Node Type": "Aggregate", "Strategy": "Plain", "Startup Cost": 1647405.88, "Total Cost": 1647405.89, "Plan Rows": 1, "Plan Width": 160, "Plans": [{"Node Type": "Merge Join", "Parent Relationship": "Outer", "Join Type": "Inner", "Startup Cost": 1643421.46, "Total Cost": 1647404.13, "Plan Rows": 233, "Plan Width": 64, "Inner Unique": true, "Merge Cond": "(mi.movie_id = t.id)", "Plans": [{"Node Type": "Merge Join", "Parent Relationship": "Outer", "Join Type": "Inner", "Startup Cost": 1494107.26, "Total Cost": 1494177.2, "Plan Rows": 200, "Plan Width": 59, "Inner Unique": false, "Merge Cond": "(mi_idx.movie_id = mi.movie_id)", "Plans": [{"Node Type": "Sort", "Parent Relationship": "Outer", "Startup Cost": 29049.9, "Total Cost": 29082.24, "Plan Rows": 12936, "Plan Width": 9, "Sort Key": ["mi_idx.movie_id"], "Plans": [{"Node Type": "Merge Join", "Parent Relationship": "Outer", "Join Type": "Inner", "Startup Cost": 27778.34, "Total Cost": 28166.43, "Plan Rows": 12936, "Plan Width": 9, "Inner Unique": false, "Merge Cond": "(it2.id = mi_idx.info_type_id)", "Plans": [{"Node Type": "Sort", "Parent Relationship": "Outer", "Startup Cost": 2.41, "Total Cost": 2.42, "Plan Rows": 1, "Plan Width": 4, "Sort Key": ["it2.id"], "Plans": [{"Node Type": "Seq Scan", "Parent Relationship": "Outer", "Relation Name": "info_type", "Alias": "it2", "Startup Cost": 0.0, "Total Cost": 2.4, "Plan Rows": 1, "Plan Width": 4, "Filter": "((info)::text = 'rating'::text)"}]}, {"Node Type": "Sort", "Parent Relationship": "Inner", "Startup Cost": 27775.92, "Total Cost": 27905.28, "Plan Rows": 51746, "Plan Width": 13, "Sort Key": ["mi_idx.info_type_id"], "Plans": [{"Node Type": "Seq Scan", "Parent Relationship": "Outer", "Relation Name": "movie_info_idx", "Alias": "mi_idx", "Startup Cost": 0.0, "Total Cost": 23724.42, "Plan Rows": 51746, "Plan Width": 13, "Filter": "((info)::text > '8.0'::text)"}]}]}]}, {"Node Type": "Sort", "Parent Relationship": "Inner", "Startup Cost": 1465057.36, "Total Cost": 1465059.31, "Plan Rows": 780, "Plan Width": 50, "Sort Key": ["ci.movie_id"], "Plans": [{"Node Type": "Merge Join", "Parent Relationship": "Outer", "Join Type": "Inner", "Startup Cost": 1461965.53, "Total Cost": 1465019.89, "Plan Rows": 780, "Plan Width": 50, "Inner Unique": true, "Merge Cond": "(ci.person_id = n.id)", "Plans": [{"Node Type": "Sort", "Parent Relationship": "Outer", "Startup Cost": 1298377.68, "Total Cost": 1298380.37, "Plan Rows": 1074, "Plan Width": 54, "Sort Key": ["ci.person_id"], "Plans": [{"Node Type": "Merge Join", "Parent Relationship": "Outer", "Join Type": "Inner", "Startup Cost": 1292192.38, "Total Cost": 1298323.61, "Plan Rows": 1074, "Plan Width": 54, "Inner Unique": false, "Merge Cond": "(mi.movie_id = ci.movie_id)", "Plans": [{"Node Type": "Sort", "Parent Relationship": "Outer", "Startup Cost": 340018.3, "Total Cost": 340020.73, "Plan Rows": 971, "Plan Width": 46, "Sort Key": ["mi.movie_id"], "Plans": [{"Node Type": "Merge Join", "Parent Relationship": "Outer", "Join Type": "Inner", "Startup Cost": 339639.05, "Total Cost": 339970.12, "Plan Rows": 971, "Plan Width": 46, "Inner Unique": false, "Merge Cond": "(it1.id = mi.info_type_id)", "Plans": [{"Node Type": "Sort", "Parent Relationship": "Outer", "Startup Cost": 2.41, "Total Cost": 2.42, "Plan Rows": 1, "Plan Width": 4, "Sort Key": ["it1.id"], "Plans": [{"Node Type": "Seq Scan", "Parent Relationship": "Outer", "Relation Name": "info_type", "Alias": "it1", "Startup Cost": 0.0, "Total Cost": 2.4, "Plan Rows": 1, "Plan Width": 4, "Filter": "((info)::text = 'genres'::text)"}]}, {"Node Type": "Sort", "Parent Relationship": "Inner", "Startup Cost": 339618.14, "Total Cost": 339788.07, "Plan Rows": 67971, "Plan Width": 50, "Sort Key": ["mi.info_type_id"], "Plans": [{"Node Type": "Seq Scan", "Parent Relationship": "Outer", "Relation Name": "movie_info", "Alias": "mi", "Startup Cost": 0.0, "Total Cost": 334162.58, "Plan Rows": 67971, "Plan Width": 50, "Filter": "((note IS NULL) AND ((info)::text = ANY ('{Horror,Thriller}'::text[])))"}]}]}]}, {"Node Type": "Sort", "Parent Relationship": "Inner", "Startup Cost": 952173.95, "Total Cost": 955231.83, "Plan Rows": 1223154, "Plan Width": 8, "Sort Key": ["ci.movie_id"], "Plans": [{"Node Type": "Seq Scan", "Parent Relationship": "Outer", "Relation Name": "cast_info", "Alias": "ci", "Startup Cost": 0.0, "Total Cost": 828499.78, "Plan Rows": 1223154, "Plan Width": 8, "Filter": "((note)::text = ANY ('{(writer),\"(head writer)\",\"(written by)\",(story),\"(story editor)\"}'::text[]))"}]}]}]}, {"Node Type": "Sort", "Parent Relationship": "Inner", "Startup Cost": 163587.85, "Total Cost": 165148.66, "Plan Rows": 624324, "Plan Width": 4, "Sort Key": ["n.id"], "Plans": [{"Node Type": "Seq Scan", "Parent Relationship": "Outer", "Relation Name": "name", "Alias": "n", "Startup Cost": 0.0, "Total Cost": 103490.62, "Plan Rows": 624324, "Plan Width": 4, "Filter": "((gender IS NOT NULL) AND ((gender)::text = 'f'::text)), (LLVM Optimized)"}]}]}]}]}, {"Node Type": "Sort", "Parent Relationship": "Inner", "Startup Cost": 149314.11, "Total Cost": 151270.49, "Plan Rows": 782553, "Plan Width": 21, "Sort Key": ["t.id"], "Plans": [{"Node Type": "Seq Scan", "Parent Relationship": "Outer", "Relation Name": "title", "Alias": "t", "Startup Cost": 331.36, "Total Cost": 72710.67, "Plan Rows": 782553, "Plan Width": 21, "Filter": "((production_year >= 2008) AND (production_year <= 2014)), (LLVM Optimized)"}]}]}]}, "Unique SQL Id": 661781350, "Planner Runtime": 30}, "explain_analyze_plan": null}, "(1, '95')": {"explain_plan": {"Plan": {"Node Type": "Aggregate", "Strategy": "Plain", "Startup Cost": 6973104309533.58, "Total Cost": 6973104309533.59, "Plan Rows": 1, "Plan Width": 160, "Plans": [{"Node Type": "Merge Join", "Parent Relationship": "Outer", "Join Type": "Inner", "Startup Cost": 5983104308056.21, "Total Cost": 6973104309531.83, "Plan Rows": 233, "Plan Width": 64, "Inner Unique": true, "Merge Cond": "(mi.info_type_id = it1.id)", "Plans": [{"Node Type": "Sort", "Parent Relationship": "Outer", "Startup Cost": 5973104308053.2, "Total Cost": 5973104308080.83, "Plan Rows": 11053, "Plan Width": 68, "Sort Key": ["mi.info_type_id"], "Plans": [{"Node Type": "Merge Join", "Parent Relationship": "Outer", "Join Type": "Inner", "Startup Cost": 3994649433455.64, "Total Cost": 5973104307310.87, "Plan Rows": 11053, "Plan Width": 68, "Inner Unique": false, "Merge Cond": "(t.id = mi.movie_id)", "Plans": [{"Node Type": "Merge Join", "Parent Relationship": "Outer", "Join Type": "Inner", "Startup Cost": 3984649433455.64, "Total Cost": 4973733124189.28, "Plan Rows": 12089, "Plan Width": 34, "Inner Unique": true, "Merge Cond": "(mi_idx.movie_id = t.id)", "Plans": [{"Node Type": "Sort", "Parent Relationship": "Outer", "Startup Cost": 3974649433455.64, "Total Cost": 3974649433481.64, "Plan Rows": 10397, "Plan Width": 13, "Sort Key": ["ci.movie_id"], "Plans": [{"Node Type": "Merge Join", "Parent Relationship": "Outer", "Join Type": "Inner", "Startup Cost": 3010140645830.7, "Total Cost": 3974649432761.96, "Plan Rows": 10397, "Plan Width": 13, "Inner Unique": true, "Merge Cond": "(ci.person_id = n.id)", "Plans": [{"Node Type": "Sort", "Parent Relationship": "Outer", "Startup Cost": 3000140645830.7, "Total Cost": 3000140645866.48, "Plan Rows": 14313, "Plan Width": 17, "Sort Key": ["ci.person_id"], "Plans": [{"Node Type": "Merge Join", "Parent Relationship": "Outer", "Join Type": "Inner", "Startup Cost": 2010001909250.23, "Total Cost": 3000140644842.74, "Plan Rows": 14313, "Plan Width": 17, "Inner Unique": false, "Merge Cond": "(ci.movie_id = mi_idx.movie_id)", "Plans": [{"Node Type": "Index Scan", "Parent Relationship": "Outer", "Scan Direction": "Forward", "Index Name": "movie_id_cast_info", "Relation Name": "cast_info", "Alias": "ci", "Startup Cost": 10000000000.0, "Total Cost": 1000228594573.05, "Plan Rows": 1223154, "Plan Width": 8, "Filter": "((note)::text = ANY ('{(writer),\"(head writer)\",\"(written by)\",(story),\"(story editor)\"}'::text[]))"}, {"Node Type": "Sort", "Parent Relationship": "Inner", "Startup Cost": 2000001909250.23, "Total Cost": 2000001909282.57, "Plan Rows": 12936, "Plan Width": 9, "Sort Key": ["mi_idx.movie_id"], "Plans": [{"Node Type": "Nested Loop", "Parent Relationship": "Outer", "Join Type": "Inner", "Startup Cost": 20000007419.04, "Total Cost": 2000001908366.76, "Plan Rows": 12936, "Plan Width": 9, "Inner Unique": false, "Plans": [{"Node Type": "Index Scan", "Parent Relationship": "Outer", "Scan Direction": "Forward", "Index Name": "info_type_pkey", "Relation Name": "info_type", "Alias": "it2", "Startup Cost": 10000000000.0, "Total Cost": 1000000001421.0, "Plan Rows": 1, "Plan Width": 4, "Filter": "((info)::text = 'rating'::text)"}, {"Node Type": "Bitmap Heap Scan", "Parent Relationship": "Inner", "Relation Name": "movie_info_idx", "Alias": "mi_idx", "Startup Cost": 10000007419.04, "Total Cost": 1000001906816.4, "Plan Rows": 12936, "Plan Width": 13, "Recheck Cond": "(info_type_id = it2.id)", "Filter": "((info)::text > '8.0'::text)", "Plans": [{"Node Type": "Bitmap Index Scan", "Parent Relationship": "Outer", "Index Name": "info_type_id_movie_info_idx", "Startup Cost": 0.0, "Total Cost": 7415.81, "Plan Rows": 345008, "Plan Width": 0, "Index Cond": "(info_type_id = it2.id)"}]}]}]}]}]}, {"Node Type": "Index Scan", "Parent Relationship": "Inner", "Scan Direction": "Forward", "Index Name": "name_pkey", "Relation Name": "name", "Alias": "n", "Startup Cost": 10000000000.0, "Total Cost": 1000018665147.2, "Plan Rows": 624324, "Plan Width": 4, "Filter": "((gender IS NOT NULL) AND ((gender)::text = 'f'::text)), (LLVM Optimized)"}]}]}, {"Node Type": "Index Scan", "Parent Relationship": "Inner", "Scan Direction": "Forward", "Index Name": "title_pkey", "Relation Name": "title", "Alias": "t", "Startup Cost": 10000000000.0, "Total Cost": 1000012276204.41, "Plan Rows": 782553, "Plan Width": 21, "Filter": "((production_year >= 2008) AND (production_year <= 2014)), (LLVM Optimized)"}]}, {"Node Type": "Index Scan", "Parent Relationship": "Inner", "Scan Direction": "Forward", "Index Name": "movie_id_movie_info", "Relation Name": "movie_info", "Alias": "mi", "Startup Cost": 10000000000.0, "Total Cost": 1000107534403.72, "Plan Rows": 67971, "Plan Width": 50, "Filter": "((note IS NULL) AND ((info)::text = ANY ('{Horror,Thriller}'::text[])))"}]}]}, {"Node Type": "Materialize", "Parent Relationship": "Inner", "Startup Cost": 10000000000.0, "Total Cost": 1000000001421.0, "Plan Rows": 1, "Plan Width": 4, "Plans": [{"Node Type": "Index Scan", "Parent Relationship": "Outer", "Scan Direction": "Forward", "Index Name": "info_type_pkey", "Relation Name": "info_type", "Alias": "it1", "Startup Cost": 10000000000.0, "Total Cost": 1000000001421.0, "Plan Rows": 1, "Plan Width": 4, "Filter": "((info)::text = 'genres'::text)"}]}]}]}, "Unique SQL Id": 661781350, "Planner Runtime": 66}, "explain_analyze_plan": null}, "(1, '96')": {"explain_plan": {"Plan": {"Node Type": "Aggregate", "Strategy": "Plain", "Startup Cost": 84071.81, "Total Cost": 84071.82, "Plan Rows": 1, "Plan Width": 160, "Plans": [{"Node Type": "Nested Loop", "Parent Relationship": "Outer", "Join Type": "Inner", "Startup Cost": 7421.46, "Total Cost": 84070.17, "Plan Rows": 219, "Plan Width": 64, "Inner Unique": true, "Plans": [{"Node Type": "Nested Loop", "Parent Relationship": "Outer", "Join Type": "Inner", "Startup Cost": 7421.46, "Total Cost": 83909.17, "Plan Rows": 321, "Plan Width": 68, "Inner Unique": false, "Plans": [{"Node Type": "Hash Join", "Parent Relationship": "Outer", "Join Type": "Inner", "Startup Cost": 7421.46, "Total Cost": 83224.15, "Plan Rows": 291, "Plan Width": 76, "Inner Unique": true, "Hash Cond": "(mi.info_type_id = it1.id)", "Plans": [{"Node Type": "Nested Loop", "Parent Relationship": "Outer", "Join Type": "Inner", "Startup Cost": 7419.04, "Total Cost": 83185.31, "Plan Rows": 13753, "Plan Width": 80, "Inner Unique": false, "Plans": [{"Node Type": "Nested Loop", "Parent Relationship": "Outer", "Join Type": "Inner", "Startup Cost": 7419.04, "Total Cost": 61813.18, "Plan Rows": 15041, "Plan Width": 30, "Inner Unique": true, "Plans": [{"Node Type": "Nested Loop", "Parent Relationship": "Outer", "Join Type": "Inner", "Startup Cost": 7419.04, "Total Cost": 19199.92, "Plan Rows": 12936, "Plan Width": 9, "Inner Unique": false, "Plans": [{"Node Type": "Seq Scan", "Parent Relationship": "Outer", "Relation Name": "info_type", "Alias": "it2", "Startup Cost": 0.0, "Total Cost": 2.4, "Plan Rows": 1, "Plan Width": 4, "Filter": "((info)::text = 'rating'::text)"}, {"Node Type": "Bitmap Heap Scan", "Parent Relationship": "Inner", "Relation Name": "movie_info_idx", "Alias": "mi_idx", "Startup Cost": 7419.04, "Total Cost": 19068.16, "Plan Rows": 12936, "Plan Width": 13, "Recheck Cond": "(info_type_id = it2.id)", "Filter": "((info)::text > '8.0'::text)", "Plans": [{"Node Type": "Bitmap Index Scan", "Parent Relationship": "Outer", "Index Name": "info_type_id_movie_info_idx", "Startup Cost": 0.0, "Total Cost": 7415.81, "Plan Rows": 345008, "Plan Width": 0, "Index Cond": "(info_type_id = it2.id)"}]}]}, {"Node Type": "Index Scan", "Parent Relationship": "Inner", "Scan Direction": "Forward", "Index Name": "title_pkey", "Relation Name": "title", "Alias": "t", "Startup Cost": 0.0, "Total Cost": 3.28, "Plan Rows": 1, "Plan Width": 21, "Index Cond": "(id = mi_idx.movie_id)", "Filter": "((production_year >= 2008) AND (production_year <= 2014))"}]}, {"Node Type": "Index Scan", "Parent Relationship": "Inner", "Scan Direction": "Forward", "Index Name": "movie_id_movie_info", "Relation Name": "movie_info", "Alias": "mi", "Startup Cost": 0.0, "Total Cost": 1.41, "Plan Rows": 1, "Plan Width": 50, "Index Cond": "(movie_id = t.id)", "Filter": "((note IS NULL) AND ((info)::text = ANY ('{Horror,Thriller}'::text[])))"}]}, {"Node Type": "Hash", "Parent Relationship": "Inner", "Startup Cost": 2.4, "Total Cost": 2.4, "Plan Rows": 1, "Plan Width": 4, "Plans": [{"Node Type": "Seq Scan", "Parent Relationship": "Outer", "Relation Name": "info_type", "Alias": "it1", "Startup Cost": 0.0, "Total Cost": 2.4, "Plan Rows": 1, "Plan Width": 4, "Filter": "((info)::text = 'genres'::text)"}]}]}, {"Node Type": "Index Scan", "Parent Relationship": "Inner", "Scan Direction": "Forward", "Index Name": "movie_id_cast_info", "Relation Name": "cast_info", "Alias": "ci", "Startup Cost": 0.0, "Total Cost": 2.34, "Plan Rows": 1, "Plan Width": 8, "Index Cond": "(movie_id = t.id)", "Filter": "((note)::text = ANY ('{(writer),\"(head writer)\",\"(written by)\",(story),\"(story editor)\"}'::text[]))"}]}, {"Node Type": "Index Scan", "Parent Relationship": "Inner", "Scan Direction": "Forward", "Index Name": "name_pkey", "Relation Name": "name", "Alias": "n", "Startup Cost": 0.0, "Total Cost": 0.49, "Plan Rows": 1, "Plan Width": 4, "Index Cond": "(id = ci.person_id)", "Filter": "((gender IS NOT NULL) AND ((gender)::text = 'f'::text))"}]}]}, "Unique SQL Id": 661781350, "Planner Runtime": 9}, "explain_analyze_plan": {"Plan": {"Node Type": "Aggregate", "Strategy": "Plain", "Startup Cost": 84071.81, "Total Cost": 84071.82, "Plan Rows": 1, "Plan Width": 160, "Actual Startup Time": 622.118, "Actual Total Time": 622.118, "Actual Rows": 1, "Actual Loops": 1, "Plans": [{"Node Type": "Nested Loop", "Parent Relationship": "Outer", "Join Type": "Inner", "Startup Cost": 7421.46, "Total Cost": 84070.17, "Plan Rows": 219, "Plan Width": 64, "Actual Startup Time": 380.611, "Actual Total Time": 622.055, "Actual Rows": 11, "Actual Loops": 1, "Inner Unique": true, "Plans": [{"Node Type": "Nested Loop", "Parent Relationship": "Outer", "Join Type": "Inner", "Startup Cost": 7421.46, "Total Cost": 83909.17, "Plan Rows": 321, "Plan Width": 68, "Actual Startup Time": 161.645, "Actual Total Time": 619.708, "Actual Rows": 268, "Actual Loops": 1, "Inner Unique": false, "Plans": [{"Node Type": "Hash Join", "Parent Relationship": "Outer", "Join Type": "Inner", "Startup Cost": 7421.46, "Total Cost": 83224.15, "Plan Rows": 291, "Plan Width": 76, "Actual Startup Time": 88.209, "Actual Total Time": 592.334, "Actual Rows": 358, "Actual Loops": 1, "Inner Unique": true, "Hash Cond": "(mi.info_type_id = it1.id)", "Plans": [{"Node Type": "Nested Loop", "Parent Relationship": "Outer", "Join Type": "Inner", "Startup Cost": 7419.04, "Total Cost": 83185.31, "Plan Rows": 13753, "Plan Width": 80, "Actual Startup Time": 88.095, "Actual Total Time": 591.835, "Actual Rows": 358, "Actual Loops": 1, "Inner Unique": false, "Plans": [{"Node Type": "Nested Loop", "Parent Relationship": "Outer", "Join Type": "Inner", "Startup Cost": 7419.04, "Total Cost": 61813.18, "Plan Rows": 15041, "Plan Width": 30, "Actual Startup Time": 79.959, "Actual Total Time": 435.17, "Actual Rows": 6152, "Actual Loops": 1, "Inner Unique": true, "Plans": [{"Node Type": "Nested Loop", "Parent Relationship": "Outer", "Join Type": "Inner", "Startup Cost": 7419.04, "Total Cost": 19199.92, "Plan Rows": 12936, "Plan Width": 9, "Actual Startup Time": 78.174, "Actual Total Time": 347.144, "Actual Rows": 15849, "Actual Loops": 1, "Inner Unique": false, "Plans": [{"Node Type": "Seq Scan", "Parent Relationship": "Outer", "Relation Name": "info_type", "Alias": "it2", "Startup Cost": 0.0, "Total Cost": 2.4, "Plan Rows": 1, "Plan Width": 4, "Actual Startup Time": 0.047, "Actual Total Time": 0.068, "Actual Rows": 1, "Actual Loops": 1, "Filter": "((info)::text = 'rating'::text)", "Rows Removed by Filter": 111}, {"Node Type": "Bitmap Heap Scan", "Parent Relationship": "Inner", "Relation Name": "movie_info_idx", "Alias": "mi_idx", "Startup Cost": 7419.04, "Total Cost": 19068.16, "Plan Rows": 12936, "Plan Width": 13, "Actual Startup Time": 78.122, "Actual Total Time": 343.405, "Actual Rows": 15849, "Actual Loops": 1, "Recheck Cond": "(info_type_id = it2.id)", "Rows Removed by Index Recheck": 0, "Filter": "((info)::text > '8.0'::text)", "Rows Removed by Filter": 444076, "Exact Heap Blocks": 6472, "Lossy Heap Blocks": 6472, "Plans": [{"Node Type": "Bitmap Index Scan", "Parent Relationship": "Outer", "Index Name": "info_type_id_movie_info_idx", "Startup Cost": 0.0, "Total Cost": 7415.81, "Plan Rows": 345008, "Plan Width": 0, "Actual Startup Time": 76.888, "Actual Total Time": 76.888, "Actual Rows": 459925, "Actual Loops": 1, "Index Cond": "(info_type_id = it2.id)"}]}]}, {"Node Type": "Index Scan", "Parent Relationship": "Inner", "Scan Direction": "Forward", "Index Name": "title_pkey", "Relation Name": "title", "Alias": "t", "Startup Cost": 0.0, "Total Cost": 3.28, "Plan Rows": 1, "Plan Width": 21, "Actual Startup Time": 78.009, "Actual Total Time": 78.009, "Actual Rows": 6152, "Actual Loops": 15849, "Index Cond": "(id = mi_idx.movie_id)", "Rows Removed by Index Recheck": 0, "Filter": "((production_year >= 2008) AND (production_year <= 2014))", "Rows Removed by Filter": 9697}]}, {"Node Type": "Index Scan", "Parent Relationship": "Inner", "Scan Direction": "Forward", "Index Name": "movie_id_movie_info", "Relation Name": "movie_info", "Alias": "mi", "Startup Cost": 0.0, "Total Cost": 1.41, "Plan Rows": 1, "Plan Width": 50, "Actual Startup Time": 153.049, "Actual Total Time": 153.353, "Actual Rows": 358, "Actual Loops": 6152, "Index Cond": "(movie_id = t.id)", "Rows Removed by Index Recheck": 0, "Filter": "((note IS NULL) AND ((info)::text = ANY ('{Horror,Thriller}'::text[])))", "Rows Removed by Filter": 109599}]}, {"Node Type": "Hash", "Parent Relationship": "Inner", "Startup Cost": 2.4, "Total Cost": 2.4, "Plan Rows": 1, "Plan Width": 4, "Actual Startup Time": 0.06, "Actual Total Time": 0.06, "Actual Rows": 1, "Actual Loops": 1, "Hash Buckets": 32768, "Hash Batches": 1, "Original Hash Batches": 1, "Peak Memory Usage": 1, "Plans": [{"Node Type": "Seq Scan", "Parent Relationship": "Outer", "Relation Name": "info_type", "Alias": "it1", "Startup Cost": 0.0, "Total Cost": 2.4, "Plan Rows": 1, "Plan Width": 4, "Actual Startup Time": 0.031, "Actual Total Time": 0.055, "Actual Rows": 1, "Actual Loops": 1, "Filter": "((info)::text = 'genres'::text)", "Rows Removed by Filter": 111}]}]}, {"Node Type": "Index Scan", "Parent Relationship": "Inner", "Scan Direction": "Forward", "Index Name": "movie_id_cast_info", "Relation Name": "cast_info", "Alias": "ci", "Startup Cost": 0.0, "Total Cost": 2.34, "Plan Rows": 1, "Plan Width": 8, "Actual Startup Time": 21.098, "Actual Total Time": 26.956, "Actual Rows": 268, "Actual Loops": 358, "Index Cond": "(movie_id = t.id)", "Rows Removed by Index Recheck": 0, "Filter": "((note)::text = ANY ('{(writer),\"(head writer)\",\"(written by)\",(story),\"(story editor)\"}'::text[]))", "Rows Removed by Filter": 12296}]}, {"Node Type": "Index Scan", "Parent Relationship": "Inner", "Scan Direction": "Forward", "Index Name": "name_pkey", "Relation Name": "name", "Alias": "n", "Startup Cost": 0.0, "Total Cost": 0.49, "Plan Rows": 1, "Plan Width": 4, "Actual Startup Time": 2.13, "Actual Total Time": 2.13, "Actual Rows": 11, "Actual Loops": 268, "Index Cond": "(id = ci.person_id)", "Rows Removed by Index Recheck": 0, "Filter": "((gender IS NOT NULL) AND ((gender)::text = 'f'::text))", "Rows Removed by Filter": 257}]}]}, "Triggers": [], "Planner Runtime": 23.017, "Total Runtime": 622.589, "Unique SQL Id": 661781350}}, "(1, '97')": {"explain_plan": {"Plan": {"Node Type": "Aggregate", "Strategy": "Plain", "Startup Cost": 84095.43, "Total Cost": 84095.44, "Plan Rows": 1, "Plan Width": 160, "Plans": [{"Node Type": "Nested Loop", "Parent Relationship": "Outer", "Join Type": "Inner", "Startup Cost": 7433.27, "Total Cost": 84093.79, "Plan Rows": 219, "Plan Width": 64, "Inner Unique": true, "Plans": [{"Node Type": "Nested Loop", "Parent Relationship": "Outer", "Join Type": "Inner", "Startup Cost": 7433.27, "Total Cost": 83932.79, "Plan Rows": 321, "Plan Width": 68, "Inner Unique": false, "Plans": [{"Node Type": "Hash Join", "Parent Relationship": "Outer", "Join Type": "Inner", "Startup Cost": 7433.27, "Total Cost": 83247.77, "Plan Rows": 291, "Plan Width": 76, "Inner Unique": true, "Hash Cond": "(mi.info_type_id = it1.id)", "Plans": [{"Node Type": "Nested Loop", "Parent Relationship": "Outer", "Join Type": "Inner", "Startup Cost": 7419.04, "Total Cost": 83197.12, "Plan Rows": 13753, "Plan Width": 80, "Inner Unique": false, "Plans": [{"Node Type": "Nested Loop", "Parent Relationship": "Outer", "Join Type": "Inner", "Startup Cost": 7419.04, "Total Cost": 61824.99, "Plan Rows": 15041, "Plan Width": 30, "Inner Unique": true, "Plans": [{"Node Type": "Nested Loop", "Parent Relationship": "Outer", "Join Type": "Inner", "Startup Cost": 7419.04, "Total Cost": 19211.73, "Plan Rows": 12936, "Plan Width": 9, "Inner Unique": false, "Plans": [{"Node Type": "Index Scan", "Parent Relationship": "Outer", "Scan Direction": "Forward", "Index Name": "info_type_pkey", "Relation Name": "info_type", "Alias": "it2", "Startup Cost": 0.0, "Total Cost": 14.21, "Plan Rows": 1, "Plan Width": 4, "Filter": "((info)::text = 'rating'::text)"}, {"Node Type": "Bitmap Heap Scan", "Parent Relationship": "Inner", "Relation Name": "movie_info_idx", "Alias": "mi_idx", "Startup Cost": 7419.04, "Total Cost": 19068.16, "Plan Rows": 12936, "Plan Width": 13, "Recheck Cond": "(info_type_id = it2.id)", "Filter": "((info)::text > '8.0'::text)", "Plans": [{"Node Type": "Bitmap Index Scan", "Parent Relationship": "Outer", "Index Name": "info_type_id_movie_info_idx", "Startup Cost": 0.0, "Total Cost": 7415.81, "Plan Rows": 345008, "Plan Width": 0, "Index Cond": "(info_type_id = it2.id)"}]}]}, {"Node Type": "Index Scan", "Parent Relationship": "Inner", "Scan Direction": "Forward", "Index Name": "title_pkey", "Relation Name": "title", "Alias": "t", "Startup Cost": 0.0, "Total Cost": 3.28, "Plan Rows": 1, "Plan Width": 21, "Index Cond": "(id = mi_idx.movie_id)", "Filter": "((production_year >= 2008) AND (production_year <= 2014))"}]}, {"Node Type": "Index Scan", "Parent Relationship": "Inner", "Scan Direction": "Forward", "Index Name": "movie_id_movie_info", "Relation Name": "movie_info", "Alias": "mi", "Startup Cost": 0.0, "Total Cost": 1.41, "Plan Rows": 1, "Plan Width": 50, "Index Cond": "(movie_id = t.id)", "Filter": "((note IS NULL) AND ((info)::text = ANY ('{Horror,Thriller}'::text[])))"}]}, {"Node Type": "Hash", "Parent Relationship": "Inner", "Startup Cost": 14.21, "Total Cost": 14.21, "Plan Rows": 1, "Plan Width": 4, "Plans": [{"Node Type": "Index Scan", "Parent Relationship": "Outer", "Scan Direction": "Forward", "Index Name": "info_type_pkey", "Relation Name": "info_type", "Alias": "it1", "Startup Cost": 0.0, "Total Cost": 14.21, "Plan Rows": 1, "Plan Width": 4, "Filter": "((info)::text = 'genres'::text)"}]}]}, {"Node Type": "Index Scan", "Parent Relationship": "Inner", "Scan Direction": "Forward", "Index Name": "movie_id_cast_info", "Relation Name": "cast_info", "Alias": "ci", "Startup Cost": 0.0, "Total Cost": 2.34, "Plan Rows": 1, "Plan Width": 8, "Index Cond": "(movie_id = t.id)", "Filter": "((note)::text = ANY ('{(writer),\"(head writer)\",\"(written by)\",(story),\"(story editor)\"}'::text[]))"}]}, {"Node Type": "Index Scan", "Parent Relationship": "Inner", "Scan Direction": "Forward", "Index Name": "name_pkey", "Relation Name": "name", "Alias": "n", "Startup Cost": 0.0, "Total Cost": 0.49, "Plan Rows": 1, "Plan Width": 4, "Index Cond": "(id = ci.person_id)", "Filter": "((gender IS NOT NULL) AND ((gender)::text = 'f'::text))"}]}]}, "Unique SQL Id": 661781350, "Planner Runtime": 6}, "explain_analyze_plan": {"Plan": {"Node Type": "Aggregate", "Strategy": "Plain", "Startup Cost": 84095.43, "Total Cost": 84095.44, "Plan Rows": 1, "Plan Width": 160, "Actual Startup Time": 700.86, "Actual Total Time": 700.861, "Actual Rows": 1, "Actual Loops": 1, "Plans": [{"Node Type": "Nested Loop", "Parent Relationship": "Outer", "Join Type": "Inner", "Startup Cost": 7433.27, "Total Cost": 84093.79, "Plan Rows": 219, "Plan Width": 64, "Actual Startup Time": 393.218, "Actual Total Time": 700.801, "Actual Rows": 11, "Actual Loops": 1, "Inner Unique": true, "Plans": [{"Node Type": "Nested Loop", "Parent Relationship": "Outer", "Join Type": "Inner", "Startup Cost": 7433.27, "Total Cost": 83932.79, "Plan Rows": 321, "Plan Width": 68, "Actual Startup Time": 162.686, "Actual Total Time": 697.881, "Actual Rows": 268, "Actual Loops": 1, "Inner Unique": false, "Plans": [{"Node Type": "Hash Join", "Parent Relationship": "Outer", "Join Type": "Inner", "Startup Cost": 7433.27, "Total Cost": 83247.77, "Plan Rows": 291, "Plan Width": 76, "Actual Startup Time": 88.768, "Actual Total Time": 660.4, "Actual Rows": 358, "Actual Loops": 1, "Inner Unique": true, "Hash Cond": "(mi.info_type_id = it1.id)", "Plans": [{"Node Type": "Nested Loop", "Parent Relationship": "Outer", "Join Type": "Inner", "Startup Cost": 7419.04, "Total Cost": 83197.12, "Plan Rows": 13753, "Plan Width": 80, "Actual Startup Time": 88.623, "Actual Total Time": 659.888, "Actual Rows": 358, "Actual Loops": 1, "Inner Unique": false, "Plans": [{"Node Type": "Nested Loop", "Parent Relationship": "Outer", "Join Type": "Inner", "Startup Cost": 7419.04, "Total Cost": 61824.99, "Plan Rows": 15041, "Plan Width": 30, "Actual Startup Time": 80.43, "Actual Total Time": 482.543, "Actual Rows": 6152, "Actual Loops": 1, "Inner Unique": true, "Plans": [{"Node Type": "Nested Loop", "Parent Relationship": "Outer", "Join Type": "Inner", "Startup Cost": 7419.04, "Total Cost": 19211.73, "Plan Rows": 12936, "Plan Width": 9, "Actual Startup Time": 78.641, "Actual Total Time": 384.098, "Actual Rows": 15849, "Actual Loops": 1, "Inner Unique": false, "Plans": [{"Node Type": "Index Scan", "Parent Relationship": "Outer", "Scan Direction": "Forward", "Index Name": "info_type_pkey", "Relation Name": "info_type", "Alias": "it2", "Startup Cost": 0.0, "Total Cost": 14.21, "Plan Rows": 1, "Plan Width": 4, "Actual Startup Time": 0.049, "Actual Total Time": 0.062, "Actual Rows": 1, "Actual Loops": 1, "Filter": "((info)::text = 'rating'::text)", "Rows Removed by Filter": 111}, {"Node Type": "Bitmap Heap Scan", "Parent Relationship": "Inner", "Relation Name": "movie_info_idx", "Alias": "mi_idx", "Startup Cost": 7419.04, "Total Cost": 19068.16, "Plan Rows": 12936, "Plan Width": 13, "Actual Startup Time": 78.587, "Actual Total Time": 380.457, "Actual Rows": 15849, "Actual Loops": 1, "Recheck Cond": "(info_type_id = it2.id)", "Rows Removed by Index Recheck": 0, "Filter": "((info)::text > '8.0'::text)", "Rows Removed by Filter": 444076, "Exact Heap Blocks": 6472, "Lossy Heap Blocks": 6472, "Plans": [{"Node Type": "Bitmap Index Scan", "Parent Relationship": "Outer", "Index Name": "info_type_id_movie_info_idx", "Startup Cost": 0.0, "Total Cost": 7415.81, "Plan Rows": 345008, "Plan Width": 0, "Actual Startup Time": 77.298, "Actual Total Time": 77.298, "Actual Rows": 459925, "Actual Loops": 1, "Index Cond": "(info_type_id = it2.id)"}]}]}, {"Node Type": "Index Scan", "Parent Relationship": "Inner", "Scan Direction": "Forward", "Index Name": "title_pkey", "Relation Name": "title", "Alias": "t", "Startup Cost": 0.0, "Total Cost": 3.28, "Plan Rows": 1, "Plan Width": 21, "Actual Startup Time": 88.591, "Actual Total Time": 88.591, "Actual Rows": 6152, "Actual Loops": 15849, "Index Cond": "(id = mi_idx.movie_id)", "Rows Removed by Index Recheck": 0, "Filter": "((production_year >= 2008) AND (production_year <= 2014))", "Rows Removed by Filter": 9697}]}, {"Node Type": "Index Scan", "Parent Relationship": "Inner", "Scan Direction": "Forward", "Index Name": "movie_id_movie_info", "Relation Name": "movie_info", "Alias": "mi", "Startup Cost": 0.0, "Total Cost": 1.41, "Plan Rows": 1, "Plan Width": 50, "Actual Startup Time": 173.583, "Actual Total Time": 173.897, "Actual Rows": 358, "Actual Loops": 6152, "Index Cond": "(movie_id = t.id)", "Rows Removed by Index Recheck": 0, "Filter": "((note IS NULL) AND ((info)::text = ANY ('{Horror,Thriller}'::text[])))", "Rows Removed by Filter": 109599}]}, {"Node Type": "Hash", "Parent Relationship": "Inner", "Startup Cost": 14.21, "Total Cost": 14.21, "Plan Rows": 1, "Plan Width": 4, "Actual Startup Time": 0.074, "Actual Total Time": 0.074, "Actual Rows": 1, "Actual Loops": 1, "Hash Buckets": 32768, "Hash Batches": 1, "Original Hash Batches": 1, "Peak Memory Usage": 1, "Plans": [{"Node Type": "Index Scan", "Parent Relationship": "Outer", "Scan Direction": "Forward", "Index Name": "info_type_pkey", "Relation Name": "info_type", "Alias": "it1", "Startup Cost": 0.0, "Total Cost": 14.21, "Plan Rows": 1, "Plan Width": 4, "Actual Startup Time": 0.021, "Actual Total Time": 0.069, "Actual Rows": 1, "Actual Loops": 1, "Filter": "((info)::text = 'genres'::text)", "Rows Removed by Filter": 111}]}]}, {"Node Type": "Index Scan", "Parent Relationship": "Inner", "Scan Direction": "Forward", "Index Name": "movie_id_cast_info", "Relation Name": "cast_info", "Alias": "ci", "Startup Cost": 0.0, "Total Cost": 2.34, "Plan Rows": 1, "Plan Width": 8, "Actual Startup Time": 29.082, "Actual Total Time": 37.018, "Actual Rows": 268, "Actual Loops": 358, "Index Cond": "(movie_id = t.id)", "Rows Removed by Index Recheck": 0, "Filter": "((note)::text = ANY ('{(writer),\"(head writer)\",\"(written by)\",(story),\"(story editor)\"}'::text[]))", "Rows Removed by Filter": 12296}]}, {"Node Type": "Index Scan", "Parent Relationship": "Inner", "Scan Direction": "Forward", "Index Name": "name_pkey", "Relation Name": "name", "Alias": "n", "Startup Cost": 0.0, "Total Cost": 0.49, "Plan Rows": 1, "Plan Width": 4, "Actual Startup Time": 2.688, "Actual Total Time": 2.688, "Actual Rows": 11, "Actual Loops": 268, "Index Cond": "(id = ci.person_id)", "Rows Removed by Index Recheck": 0, "Filter": "((gender IS NOT NULL) AND ((gender)::text = 'f'::text))", "Rows Removed by Filter": 257}]}]}, "Triggers": [], "Planner Runtime": 17.355, "Total Runtime": 701.223, "Unique SQL Id": 661781350}}, "(1, '98')": {"explain_plan": {"Plan": {"Node Type": "Aggregate", "Strategy": "Plain", "Startup Cost": 156950.6, "Total Cost": 156950.61, "Plan Rows": 1, "Plan Width": 160, "Plans": [{"Node Type": "Nested Loop", "Parent Relationship": "Outer", "Join Type": "Inner", "Startup Cost": 7424.33, "Total Cost": 156948.96, "Plan Rows": 219, "Plan Width": 64, "Inner Unique": true, "Plans": [{"Node Type": "Nested Loop", "Parent Relationship": "Outer", "Join Type": "Inner", "Startup Cost": 7424.02, "Total Cost": 155557.84, "Plan Rows": 321, "Plan Width": 68, "Inner Unique": false, "Plans": [{"Node Type": "Hash Join", "Parent Relationship": "Outer", "Join Type": "Inner", "Startup Cost": 7423.01, "Total Cost": 154064.66, "Plan Rows": 291, "Plan Width": 76, "Inner Unique": true, "Hash Cond": "(mi.info_type_id = it1.id)", "Plans": [{"Node Type": "Nested Loop", "Parent Relationship": "Outer", "Join Type": "Inner", "Startup Cost": 7420.6, "Total Cost": 154025.82, "Plan Rows": 13753, "Plan Width": 80, "Inner Unique": false, "Plans": [{"Node Type": "Nested Loop", "Parent Relationship": "Outer", "Join Type": "Inner", "Startup Cost": 7420.02, "Total Cost": 83886.56, "Plan Rows": 15041, "Plan Width": 30, "Inner Unique": true, "Plans": [{"Node Type": "Nested Loop", "Parent Relationship": "Outer", "Join Type": "Inner", "Startup Cost": 7419.04, "Total Cost": 19199.92, "Plan Rows": 12936, "Plan Width": 9, "Inner Unique": false, "Plans": [{"Node Type": "Seq Scan", "Parent Relationship": "Outer", "Relation Name": "info_type", "Alias": "it2", "Startup Cost": 0.0, "Total Cost": 2.4, "Plan Rows": 1, "Plan Width": 4, "Filter": "((info)::text = 'rating'::text)"}, {"Node Type": "Bitmap Heap Scan", "Parent Relationship": "Inner", "Relation Name": "movie_info_idx", "Alias": "mi_idx", "Startup Cost": 7419.04, "Total Cost": 19068.16, "Plan Rows": 12936, "Plan Width": 13, "Recheck Cond": "(info_type_id = it2.id)", "Filter": "((info)::text > '8.0'::text)", "Plans": [{"Node Type": "Bitmap Index Scan", "Parent Relationship": "Outer", "Index Name": "info_type_id_movie_info_idx", "Startup Cost": 0.0, "Total Cost": 7415.81, "Plan Rows": 345008, "Plan Width": 0, "Index Cond": "(info_type_id = it2.id)"}]}]}, {"Node Type": "Bitmap Heap Scan", "Parent Relationship": "Inner", "Relation Name": "title", "Alias": "t", "Startup Cost": 0.97, "Total Cost": 4.99, "Plan Rows": 1, "Plan Width": 21, "Recheck Cond": "(id = mi_idx.movie_id)", "Filter": "((production_year >= 2008) AND (production_year <= 2014))", "Plans": [{"Node Type": "Bitmap Index Scan", "Parent Relationship": "Outer", "Index Name": "title_pkey", "Startup Cost": 0.0, "Total Cost": 0.97, "Plan Rows": 1, "Plan Width": 0, "Index Cond": "(id = mi_idx.movie_id)"}]}]}, {"Node Type": "Bitmap Heap Scan", "Parent Relationship": "Inner", "Relation Name": "movie_info", "Alias": "mi", "Startup Cost": 0.58, "Total Cost": 4.65, "Plan Rows": 1, "Plan Width": 50, "Recheck Cond": "(movie_id = t.id)", "Filter": "((note IS NULL) AND ((info)::text = ANY ('{Horror,Thriller}'::text[])))", "Plans": [{"Node Type": "Bitmap Index Scan", "Parent Relationship": "Outer", "Index Name": "movie_id_movie_info", "Startup Cost": 0.0, "Total Cost": 0.58, "Plan Rows": 5, "Plan Width": 0, "Index Cond": "(movie_id = t.id)"}]}]}, {"Node Type": "Hash", "Parent Relationship": "Inner", "Startup Cost": 2.4, "Total Cost": 2.4, "Plan Rows": 1, "Plan Width": 4, "Plans": [{"Node Type": "Seq Scan", "Parent Relationship": "Outer", "Relation Name": "info_type", "Alias": "it1", "Startup Cost": 0.0, "Total Cost": 2.4, "Plan Rows": 1, "Plan Width": 4, "Filter": "((info)::text = 'genres'::text)"}]}]}, {"Node Type": "Bitmap Heap Scan", "Parent Relationship": "Inner", "Relation Name": "cast_info", "Alias": "ci", "Startup Cost": 1.01, "Total Cost": 5.12, "Plan Rows": 1, "Plan Width": 8, "Recheck Cond": "(movie_id = t.id)", "Filter": "((note)::text = ANY ('{(writer),\"(head writer)\",\"(written by)\",(story),\"(story editor)\"}'::text[]))", "Plans": [{"Node Type": "Bitmap Index Scan", "Parent Relationship": "Outer", "Index Name": "movie_id_cast_info", "Startup Cost": 0.0, "Total Cost": 1.01, "Plan Rows": 6, "Plan Width": 0, "Index Cond": "(movie_id = t.id)"}]}]}, {"Node Type": "Bitmap Heap Scan", "Parent Relationship": "Inner", "Relation Name": "name", "Alias": "n", "Startup Cost": 0.31, "Total Cost": 4.32, "Plan Rows": 1, "Plan Width": 4, "Recheck Cond": "(id = ci.person_id)", "Filter": "((gender IS NOT NULL) AND ((gender)::text = 'f'::text))", "Plans": [{"Node Type": "Bitmap Index Scan", "Parent Relationship": "Outer", "Index Name": "name_pkey", "Startup Cost": 0.0, "Total Cost": 0.31, "Plan Rows": 1, "Plan Width": 0, "Index Cond": "(id = ci.person_id)"}]}]}]}, "Unique SQL Id": 661781350, "Planner Runtime": 11}, "explain_analyze_plan": {"Plan": {"Node Type": "Aggregate", "Strategy": "Plain", "Startup Cost": 156950.6, "Total Cost": 156950.61, "Plan Rows": 1, "Plan Width": 160, "Actual Startup Time": 682.043, "Actual Total Time": 682.043, "Actual Rows": 1, "Actual Loops": 1, "Plans": [{"Node Type": "Nested Loop", "Parent Relationship": "Outer", "Join Type": "Inner", "Startup Cost": 7424.33, "Total Cost": 156948.96, "Plan Rows": 219, "Plan Width": 64, "Actual Startup Time": 415.205, "Actual Total Time": 681.981, "Actual Rows": 11, "Actual Loops": 1, "Inner Unique": true, "Plans": [{"Node Type": "Nested Loop", "Parent Relationship": "Outer", "Join Type": "Inner", "Startup Cost": 7424.02, "Total Cost": 155557.84, "Plan Rows": 321, "Plan Width": 68, "Actual Startup Time": 175.597, "Actual Total Time": 679.065, "Actual Rows": 268, "Actual Loops": 1, "Inner Unique": false, "Plans": [{"Node Type": "Hash Join", "Parent Relationship": "Outer", "Join Type": "Inner", "Startup Cost": 7423.01, "Total Cost": 154064.66, "Plan Rows": 291, "Plan Width": 76, "Actual Startup Time": 89.809, "Actual Total Time": 644.95, "Actual Rows": 358, "Actual Loops": 1, "Inner Unique": true, "Hash Cond": "(mi.info_type_id = it1.id)", "Plans": [{"Node Type": "Nested Loop", "Parent Relationship": "Outer", "Join Type": "Inner", "Startup Cost": 7420.6, "Total Cost": 154025.82, "Plan Rows": 13753, "Plan Width": 80, "Actual Startup Time": 89.653, "Actual Total Time": 644.269, "Actual Rows": 358, "Actual Loops": 1, "Inner Unique": false, "Plans": [{"Node Type": "Nested Loop", "Parent Relationship": "Outer", "Join Type": "Inner", "Startup Cost": 7420.02, "Total Cost": 83886.56, "Plan Rows": 15041, "Plan Width": 30, "Actual Startup Time": 80.368, "Actual Total Time": 457.933, "Actual Rows": 6152, "Actual Loops": 1, "Inner Unique": true, "Plans": [{"Node Type": "Nested Loop", "Parent Relationship": "Outer", "Join Type": "Inner", "Startup Cost": 7419.04, "Total Cost": 19199.92, "Plan Rows": 12936, "Plan Width": 9, "Actual Startup Time": 78.326, "Actual Total Time": 342.081, "Actual Rows": 15849, "Actual Loops": 1, "Inner Unique": false, "Plans": [{"Node Type": "Seq Scan", "Parent Relationship": "Outer", "Relation Name": "info_type", "Alias": "it2", "Startup Cost": 0.0, "Total Cost": 2.4, "Plan Rows": 1, "Plan Width": 4, "Actual Startup Time": 0.037, "Actual Total Time": 0.051, "Actual Rows": 1, "Actual Loops": 1, "Filter": "((info)::text = 'rating'::text)", "Rows Removed by Filter": 111}, {"Node Type": "Bitmap Heap Scan", "Parent Relationship": "Inner", "Relation Name": "movie_info_idx", "Alias": "mi_idx", "Startup Cost": 7419.04, "Total Cost": 19068.16, "Plan Rows": 12936, "Plan Width": 13, "Actual Startup Time": 78.284, "Actual Total Time": 338.084, "Actual Rows": 15849, "Actual Loops": 1, "Recheck Cond": "(info_type_id = it2.id)", "Rows Removed by Index Recheck": 0, "Filter": "((info)::text > '8.0'::text)", "Rows Removed by Filter": 444076, "Exact Heap Blocks": 6472, "Lossy Heap Blocks": 6472, "Plans": [{"Node Type": "Bitmap Index Scan", "Parent Relationship": "Outer", "Index Name": "info_type_id_movie_info_idx", "Startup Cost": 0.0, "Total Cost": 7415.81, "Plan Rows": 345008, "Plan Width": 0, "Actual Startup Time": 76.966, "Actual Total Time": 76.966, "Actual Rows": 459925, "Actual Loops": 1, "Index Cond": "(info_type_id = it2.id)"}]}]}, {"Node Type": "Bitmap Heap Scan", "Parent Relationship": "Inner", "Relation Name": "title", "Alias": "t", "Startup Cost": 0.97, "Total Cost": 4.99, "Plan Rows": 1, "Plan Width": 21, "Actual Startup Time": 94.78, "Actual Total Time": 94.78, "Actual Rows": 6152, "Actual Loops": 15849, "Recheck Cond": "(id = mi_idx.movie_id)", "Rows Removed by Index Recheck": 0, "Filter": "((production_year >= 2008) AND (production_year <= 2014))", "Rows Removed by Filter": 9697, "Exact Heap Blocks": 15849, "Lossy Heap Blocks": 15849, "Plans": [{"Node Type": "Bitmap Index Scan", "Parent Relationship": "Outer", "Index Name": "title_pkey", "Startup Cost": 0.0, "Total Cost": 0.97, "Plan Rows": 1, "Plan Width": 0, "Actual Startup Time": 46.532, "Actual Total Time": 46.532, "Actual Rows": 15849, "Actual Loops": 15849, "Index Cond": "(id = mi_idx.movie_id)"}]}]}, {"Node Type": "Bitmap Heap Scan", "Parent Relationship": "Inner", "Relation Name": "movie_info", "Alias": "mi", "Startup Cost": 0.58, "Total Cost": 4.65, "Plan Rows": 1, "Plan Width": 50, "Actual Startup Time": 178.039, "Actual Total Time": 178.19, "Actual Rows": 358, "Actual Loops": 6152, "Recheck Cond": "(movie_id = t.id)", "Rows Removed by Index Recheck": 0, "Filter": "((note IS NULL) AND ((info)::text = ANY ('{Horror,Thriller}'::text[])))", "Rows Removed by Filter": 109599, "Exact Heap Blocks": 52726, "Lossy Heap Blocks": 52726, "Plans": [{"Node Type": "Bitmap Index Scan", "Parent Relationship": "Outer", "Index Name": "movie_id_movie_info", "Startup Cost": 0.0, "Total Cost": 0.58, "Plan Rows": 5, "Plan Width": 0, "Actual Startup Time": 41.364, "Actual Total Time": 41.364, "Actual Rows": 109957, "Actual Loops": 6152, "Index Cond": "(movie_id = t.id)"}]}]}, {"Node Type": "Hash", "Parent Relationship": "Inner", "Startup Cost": 2.4, "Total Cost": 2.4, "Plan Rows": 1, "Plan Width": 4, "Actual Startup Time": 0.086, "Actual Total Time": 0.086, "Actual Rows": 1, "Actual Loops": 1, "Hash Buckets": 32768, "Hash Batches": 1, "Original Hash Batches": 1, "Peak Memory Usage": 1, "Plans": [{"Node Type": "Seq Scan", "Parent Relationship": "Outer", "Relation Name": "info_type", "Alias": "it1", "Startup Cost": 0.0, "Total Cost": 2.4, "Plan Rows": 1, "Plan Width": 4, "Actual Startup Time": 0.04, "Actual Total Time": 0.073, "Actual Rows": 1, "Actual Loops": 1, "Filter": "((info)::text = 'genres'::text)", "Rows Removed by Filter": 111}]}]}, {"Node Type": "Bitmap Heap Scan", "Parent Relationship": "Inner", "Relation Name": "cast_info", "Alias": "ci", "Startup Cost": 1.01, "Total Cost": 5.12, "Plan Rows": 1, "Plan Width": 8, "Actual Startup Time": 26.946, "Actual Total Time": 33.106, "Actual Rows": 268, "Actual Loops": 358, "Recheck Cond": "(movie_id = t.id)", "Rows Removed by Index Recheck": 0, "Filter": "((note)::text = ANY ('{(writer),\"(head writer)\",\"(written by)\",(story),\"(story editor)\"}'::text[]))", "Rows Removed by Filter": 12296, "Exact Heap Blocks": 11454, "Lossy Heap Blocks": 11454, "Plans": [{"Node Type": "Bitmap Index Scan", "Parent Relationship": "Outer", "Index Name": "movie_id_cast_info", "Startup Cost": 0.0, "Total Cost": 1.01, "Plan Rows": 6, "Plan Width": 0, "Actual Startup Time": 4.996, "Actual Total Time": 4.996, "Actual Rows": 12564, "Actual Loops": 358, "Index Cond": "(movie_id = t.id)"}]}]}, {"Node Type": "Bitmap Heap Scan", "Parent Relationship": "Inner", "Relation Name": "name", "Alias": "n", "Startup Cost": 0.31, "Total Cost": 4.32, "Plan Rows": 1, "Plan Width": 4, "Actual Startup Time": 2.417, "Actual Total Time": 2.417, "Actual Rows": 11, "Actual Loops": 268, "Recheck Cond": "(id = ci.person_id)", "Rows Removed by Index Recheck": 0, "Filter": "((gender IS NOT NULL) AND ((gender)::text = 'f'::text))", "Rows Removed by Filter": 257, "Exact Heap Blocks": 268, "Lossy Heap Blocks": 268, "Plans": [{"Node Type": "Bitmap Index Scan", "Parent Relationship": "Outer", "Index Name": "name_pkey", "Startup Cost": 0.0, "Total Cost": 0.31, "Plan Rows": 1, "Plan Width": 0, "Actual Startup Time": 1.507, "Actual Total Time": 1.507, "Actual Rows": 268, "Actual Loops": 268, "Index Cond": "(id = ci.person_id)"}]}]}]}, "Triggers": [], "Planner Runtime": 11.137, "Total Runtime": 682.357, "Unique SQL Id": 661781350}}, "(1, '99')": {"explain_plan": {"Plan": {"Node Type": "Aggregate", "Strategy": "Plain", "Startup Cost": 1000198965418.13, "Total Cost": 1000198965418.14, "Plan Rows": 1, "Plan Width": 160, "Plans": [{"Node Type": "Nested Loop", "Parent Relationship": "Outer", "Join Type": "Inner", "Startup Cost": 10000000001.87, "Total Cost": 1000198965416.49, "Plan Rows": 219, "Plan Width": 64, "Inner Unique": true, "Plans": [{"Node Type": "Nested Loop", "Parent Relationship": "Outer", "Join Type": "Inner", "Startup Cost": 10000000001.56, "Total Cost": 1000198964025.37, "Plan Rows": 321, "Plan Width": 68, "Inner Unique": true, "Join Filter": "(mi.movie_id = t.id)", "Plans": [{"Node Type": "Nested Loop", "Parent Relationship": "Outer", "Join Type": "Inner", "Startup Cost": 10000000001.27, "Total Cost": 1000198962833.6, "Plan Rows": 276, "Plan Width": 63, "Inner Unique": true, "Plans": [{"Node Type": "Nested Loop", "Parent Relationship": "Outer", "Join Type": "Inner", "Startup Cost": 10000000001.01, "Total Cost": 1000198906787.99, "Plan Rows": 13086, "Plan Width": 67, "Inner Unique": false, "Join Filter": "(mi_idx.movie_id = mi.movie_id)", "Plans": [{"Node Type": "Nested Loop", "Parent Relationship": "Outer", "Join Type": "Inner", "Startup Cost": 10000000000.54, "Total Cost": 1000198841505.29, "Plan Rows": 14313, "Plan Width": 17, "Inner Unique": true, "Plans": [{"Node Type": "Nested Loop", "Parent Relationship": "Outer", "Join Type": "Inner", "Startup Cost": 10000000000.28, "Total Cost": 1000198596304.72, "Plan Rows": 57251, "Plan Width": 21, "Inner Unique": false, "Plans": [{"Node Type": "Index Scan", "Parent Relationship": "Outer", "Scan Direction": "Forward", "Index Name": "person_id_cast_info", "Relation Name": "cast_info", "Alias": "ci", "Startup Cost": 10000000000.0, "Total Cost": 1000193311016.96, "Plan Rows": 1223154, "Plan Width": 8, "Filter": "((note)::text = ANY ('{(writer),\"(head writer)\",\"(written by)\",(story),\"(story editor)\"}'::text[]))"}, {"Node Type": "Bitmap Heap Scan", "Parent Relationship": "Inner", "Relation Name": "movie_info_idx", "Alias": "mi_idx", "Startup Cost": 0.28, "Total Cost": 4.31, "Plan Rows": 1, "Plan Width": 13, "Recheck Cond": "(movie_id = ci.movie_id)", "Filter": "((info)::text > '8.0'::text)", "Plans": [{"Node Type": "Bitmap Index Scan", "Parent Relationship": "Outer", "Index Name": "movie_id_movie_info_idx", "Startup Cost": 0.0, "Total Cost": 0.28, "Plan Rows": 2, "Plan Width": 0, "Index Cond": "(movie_id = ci.movie_id)"}]}]}, {"Node Type": "Bitmap Heap Scan", "Parent Relationship": "Inner", "Relation Name": "info_type", "Alias": "it2", "Startup Cost": 0.26, "Total Cost": 4.27, "Plan Rows": 1, "Plan Width": 4, "Recheck Cond": "(id = mi_idx.info_type_id)", "Filter": "((info)::text = 'rating'::text)", "Plans": [{"Node Type": "Bitmap Index Scan", "Parent Relationship": "Outer", "Index Name": "info_type_pkey", "Startup Cost": 0.0, "Total Cost": 0.26, "Plan Rows": 1, "Plan Width": 0, "Index Cond": "(id = mi_idx.info_type_id)"}]}]}, {"Node Type": "Bitmap Heap Scan", "Parent Relationship": "Inner", "Relation Name": "movie_info", "Alias": "mi", "Startup Cost": 0.47, "Total Cost": 4.55, "Plan Rows": 1, "Plan Width": 50, "Recheck Cond": "(movie_id = ci.movie_id)", "Filter": "((note IS NULL) AND ((info)::text = ANY ('{Horror,Thriller}'::text[])))", "Plans": [{"Node Type": "Bitmap Index Scan", "Parent Relationship": "Outer", "Index Name": "movie_id_movie_info", "Startup Cost": 0.0, "Total Cost": 0.47, "Plan Rows": 5, "Plan Width": 0, "Index Cond": "(movie_id = ci.movie_id)"}]}]}, {"Node Type": "Bitmap Heap Scan", "Parent Relationship": "Inner", "Relation Name": "info_type", "Alias": "it1", "Startup Cost": 0.26, "Total Cost": 4.27, "Plan Rows": 1, "Plan Width": 4, "Recheck Cond": "(id = mi.info_type_id)", "Filter": "((info)::text = 'genres'::text)", "Plans": [{"Node Type": "Bitmap Index Scan", "Parent Relationship": "Outer", "Index Name": "info_type_pkey", "Startup Cost": 0.0, "Total Cost": 0.26, "Plan Rows": 1, "Plan Width": 0, "Index Cond": "(id = mi.info_type_id)"}]}]}, {"Node Type": "Bitmap Heap Scan", "Parent Relationship": "Inner", "Relation Name": "title", "Alias": "t", "Startup Cost": 0.29, "Total Cost": 4.31, "Plan Rows": 1, "Plan Width": 21, "Recheck Cond": "(id = ci.movie_id)", "Filter": "((production_year >= 2008) AND (production_year <= 2014))", "Plans": [{"Node Type": "Bitmap Index Scan", "Parent Relationship": "Outer", "Index Name": "title_pkey", "Startup Cost": 0.0, "Total Cost": 0.29, "Plan Rows": 1, "Plan Width": 0, "Index Cond": "(id = ci.movie_id)"}]}]}, {"Node Type": "Bitmap Heap Scan", "Parent Relationship": "Inner", "Relation Name": "name", "Alias": "n", "Startup Cost": 0.31, "Total Cost": 4.32, "Plan Rows": 1, "Plan Width": 4, "Recheck Cond": "(id = ci.person_id)", "Filter": "((gender IS NOT NULL) AND ((gender)::text = 'f'::text))", "Plans": [{"Node Type": "Bitmap Index Scan", "Parent Relationship": "Outer", "Index Name": "name_pkey", "Startup Cost": 0.0, "Total Cost": 0.31, "Plan Rows": 1, "Plan Width": 0, "Index Cond": "(id = ci.person_id)"}]}]}]}, "Unique SQL Id": 661781350, "Planner Runtime": 5}, "explain_analyze_plan": null}, "(1, '100')": {"explain_plan": {"Plan": {"Node Type": "Aggregate", "Strategy": "Plain", "Startup Cost": 84071.81, "Total Cost": 84071.82, "Plan Rows": 1, "Plan Width": 160, "Plans": [{"Node Type": "Nested Loop", "Parent Relationship": "Outer", "Join Type": "Inner", "Startup Cost": 7421.46, "Total Cost": 84070.17, "Plan Rows": 219, "Plan Width": 64, "Inner Unique": true, "Plans": [{"Node Type": "Nested Loop", "Parent Relationship": "Outer", "Join Type": "Inner", "Startup Cost": 7421.46, "Total Cost": 83909.17, "Plan Rows": 321, "Plan Width": 68, "Inner Unique": false, "Plans": [{"Node Type": "Hash Join", "Parent Relationship": "Outer", "Join Type": "Inner", "Startup Cost": 7421.46, "Total Cost": 83224.15, "Plan Rows": 291, "Plan Width": 76, "Inner Unique": true, "Hash Cond": "(mi.info_type_id = it1.id)", "Plans": [{"Node Type": "Nested Loop", "Parent Relationship": "Outer", "Join Type": "Inner", "Startup Cost": 7419.04, "Total Cost": 83185.31, "Plan Rows": 13753, "Plan Width": 80, "Inner Unique": false, "Plans": [{"Node Type": "Nested Loop", "Parent Relationship": "Outer", "Join Type": "Inner", "Startup Cost": 7419.04, "Total Cost": 61813.18, "Plan Rows": 15041, "Plan Width": 30, "Inner Unique": true, "Plans": [{"Node Type": "Nested Loop", "Parent Relationship": "Outer", "Join Type": "Inner", "Startup Cost": 7419.04, "Total Cost": 19199.92, "Plan Rows": 12936, "Plan Width": 9, "Inner Unique": false, "Plans": [{"Node Type": "Seq Scan", "Parent Relationship": "Outer", "Relation Name": "info_type", "Alias": "it2", "Startup Cost": 0.0, "Total Cost": 2.4, "Plan Rows": 1, "Plan Width": 4, "Filter": "((info)::text = 'rating'::text)"}, {"Node Type": "Bitmap Heap Scan", "Parent Relationship": "Inner", "Relation Name": "movie_info_idx", "Alias": "mi_idx", "Startup Cost": 7419.04, "Total Cost": 19068.16, "Plan Rows": 12936, "Plan Width": 13, "Recheck Cond": "(info_type_id = it2.id)", "Filter": "((info)::text > '8.0'::text)", "Plans": [{"Node Type": "Bitmap Index Scan", "Parent Relationship": "Outer", "Index Name": "info_type_id_movie_info_idx", "Startup Cost": 0.0, "Total Cost": 7415.81, "Plan Rows": 345008, "Plan Width": 0, "Index Cond": "(info_type_id = it2.id)"}]}]}, {"Node Type": "Index Scan", "Parent Relationship": "Inner", "Scan Direction": "Forward", "Index Name": "title_pkey", "Relation Name": "title", "Alias": "t", "Startup Cost": 0.0, "Total Cost": 3.28, "Plan Rows": 1, "Plan Width": 21, "Index Cond": "(id = mi_idx.movie_id)", "Filter": "((production_year >= 2008) AND (production_year <= 2014))"}]}, {"Node Type": "Index Scan", "Parent Relationship": "Inner", "Scan Direction": "Forward", "Index Name": "movie_id_movie_info", "Relation Name": "movie_info", "Alias": "mi", "Startup Cost": 0.0, "Total Cost": 1.41, "Plan Rows": 1, "Plan Width": 50, "Index Cond": "(movie_id = t.id)", "Filter": "((note IS NULL) AND ((info)::text = ANY ('{Horror,Thriller}'::text[])))"}]}, {"Node Type": "Hash", "Parent Relationship": "Inner", "Startup Cost": 2.4, "Total Cost": 2.4, "Plan Rows": 1, "Plan Width": 4, "Plans": [{"Node Type": "Seq Scan", "Parent Relationship": "Outer", "Relation Name": "info_type", "Alias": "it1", "Startup Cost": 0.0, "Total Cost": 2.4, "Plan Rows": 1, "Plan Width": 4, "Filter": "((info)::text = 'genres'::text)"}]}]}, {"Node Type": "Index Scan", "Parent Relationship": "Inner", "Scan Direction": "Forward", "Index Name": "movie_id_cast_info", "Relation Name": "cast_info", "Alias": "ci", "Startup Cost": 0.0, "Total Cost": 2.34, "Plan Rows": 1, "Plan Width": 8, "Index Cond": "(movie_id = t.id)", "Filter": "((note)::text = ANY ('{(writer),\"(head writer)\",\"(written by)\",(story),\"(story editor)\"}'::text[]))"}]}, {"Node Type": "Index Scan", "Parent Relationship": "Inner", "Scan Direction": "Forward", "Index Name": "name_pkey", "Relation Name": "name", "Alias": "n", "Startup Cost": 0.0, "Total Cost": 0.49, "Plan Rows": 1, "Plan Width": 4, "Index Cond": "(id = ci.person_id)", "Filter": "((gender IS NOT NULL) AND ((gender)::text = 'f'::text))"}]}]}, "Unique SQL Id": 661781350, "Planner Runtime": 9}, "explain_analyze_plan": {"Plan": {"Node Type": "Aggregate", "Strategy": "Plain", "Startup Cost": 84071.81, "Total Cost": 84071.82, "Plan Rows": 1, "Plan Width": 160, "Actual Startup Time": 622.118, "Actual Total Time": 622.118, "Actual Rows": 1, "Actual Loops": 1, "Plans": [{"Node Type": "Nested Loop", "Parent Relationship": "Outer", "Join Type": "Inner", "Startup Cost": 7421.46, "Total Cost": 84070.17, "Plan Rows": 219, "Plan Width": 64, "Actual Startup Time": 380.611, "Actual Total Time": 622.055, "Actual Rows": 11, "Actual Loops": 1, "Inner Unique": true, "Plans": [{"Node Type": "Nested Loop", "Parent Relationship": "Outer", "Join Type": "Inner", "Startup Cost": 7421.46, "Total Cost": 83909.17, "Plan Rows": 321, "Plan Width": 68, "Actual Startup Time": 161.645, "Actual Total Time": 619.708, "Actual Rows": 268, "Actual Loops": 1, "Inner Unique": false, "Plans": [{"Node Type": "Hash Join", "Parent Relationship": "Outer", "Join Type": "Inner", "Startup Cost": 7421.46, "Total Cost": 83224.15, "Plan Rows": 291, "Plan Width": 76, "Actual Startup Time": 88.209, "Actual Total Time": 592.334, "Actual Rows": 358, "Actual Loops": 1, "Inner Unique": true, "Hash Cond": "(mi.info_type_id = it1.id)", "Plans": [{"Node Type": "Nested Loop", "Parent Relationship": "Outer", "Join Type": "Inner", "Startup Cost": 7419.04, "Total Cost": 83185.31, "Plan Rows": 13753, "Plan Width": 80, "Actual Startup Time": 88.095, "Actual Total Time": 591.835, "Actual Rows": 358, "Actual Loops": 1, "Inner Unique": false, "Plans": [{"Node Type": "Nested Loop", "Parent Relationship": "Outer", "Join Type": "Inner", "Startup Cost": 7419.04, "Total Cost": 61813.18, "Plan Rows": 15041, "Plan Width": 30, "Actual Startup Time": 79.959, "Actual Total Time": 435.17, "Actual Rows": 6152, "Actual Loops": 1, "Inner Unique": true, "Plans": [{"Node Type": "Nested Loop", "Parent Relationship": "Outer", "Join Type": "Inner", "Startup Cost": 7419.04, "Total Cost": 19199.92, "Plan Rows": 12936, "Plan Width": 9, "Actual Startup Time": 78.174, "Actual Total Time": 347.144, "Actual Rows": 15849, "Actual Loops": 1, "Inner Unique": false, "Plans": [{"Node Type": "Seq Scan", "Parent Relationship": "Outer", "Relation Name": "info_type", "Alias": "it2", "Startup Cost": 0.0, "Total Cost": 2.4, "Plan Rows": 1, "Plan Width": 4, "Actual Startup Time": 0.047, "Actual Total Time": 0.068, "Actual Rows": 1, "Actual Loops": 1, "Filter": "((info)::text = 'rating'::text)", "Rows Removed by Filter": 111}, {"Node Type": "Bitmap Heap Scan", "Parent Relationship": "Inner", "Relation Name": "movie_info_idx", "Alias": "mi_idx", "Startup Cost": 7419.04, "Total Cost": 19068.16, "Plan Rows": 12936, "Plan Width": 13, "Actual Startup Time": 78.122, "Actual Total Time": 343.405, "Actual Rows": 15849, "Actual Loops": 1, "Recheck Cond": "(info_type_id = it2.id)", "Rows Removed by Index Recheck": 0, "Filter": "((info)::text > '8.0'::text)", "Rows Removed by Filter": 444076, "Exact Heap Blocks": 6472, "Lossy Heap Blocks": 6472, "Plans": [{"Node Type": "Bitmap Index Scan", "Parent Relationship": "Outer", "Index Name": "info_type_id_movie_info_idx", "Startup Cost": 0.0, "Total Cost": 7415.81, "Plan Rows": 345008, "Plan Width": 0, "Actual Startup Time": 76.888, "Actual Total Time": 76.888, "Actual Rows": 459925, "Actual Loops": 1, "Index Cond": "(info_type_id = it2.id)"}]}]}, {"Node Type": "Index Scan", "Parent Relationship": "Inner", "Scan Direction": "Forward", "Index Name": "title_pkey", "Relation Name": "title", "Alias": "t", "Startup Cost": 0.0, "Total Cost": 3.28, "Plan Rows": 1, "Plan Width": 21, "Actual Startup Time": 78.009, "Actual Total Time": 78.009, "Actual Rows": 6152, "Actual Loops": 15849, "Index Cond": "(id = mi_idx.movie_id)", "Rows Removed by Index Recheck": 0, "Filter": "((production_year >= 2008) AND (production_year <= 2014))", "Rows Removed by Filter": 9697}]}, {"Node Type": "Index Scan", "Parent Relationship": "Inner", "Scan Direction": "Forward", "Index Name": "movie_id_movie_info", "Relation Name": "movie_info", "Alias": "mi", "Startup Cost": 0.0, "Total Cost": 1.41, "Plan Rows": 1, "Plan Width": 50, "Actual Startup Time": 153.049, "Actual Total Time": 153.353, "Actual Rows": 358, "Actual Loops": 6152, "Index Cond": "(movie_id = t.id)", "Rows Removed by Index Recheck": 0, "Filter": "((note IS NULL) AND ((info)::text = ANY ('{Horror,Thriller}'::text[])))", "Rows Removed by Filter": 109599}]}, {"Node Type": "Hash", "Parent Relationship": "Inner", "Startup Cost": 2.4, "Total Cost": 2.4, "Plan Rows": 1, "Plan Width": 4, "Actual Startup Time": 0.06, "Actual Total Time": 0.06, "Actual Rows": 1, "Actual Loops": 1, "Hash Buckets": 32768, "Hash Batches": 1, "Original Hash Batches": 1, "Peak Memory Usage": 1, "Plans": [{"Node Type": "Seq Scan", "Parent Relationship": "Outer", "Relation Name": "info_type", "Alias": "it1", "Startup Cost": 0.0, "Total Cost": 2.4, "Plan Rows": 1, "Plan Width": 4, "Actual Startup Time": 0.031, "Actual Total Time": 0.055, "Actual Rows": 1, "Actual Loops": 1, "Filter": "((info)::text = 'genres'::text)", "Rows Removed by Filter": 111}]}]}, {"Node Type": "Index Scan", "Parent Relationship": "Inner", "Scan Direction": "Forward", "Index Name": "movie_id_cast_info", "Relation Name": "cast_info", "Alias": "ci", "Startup Cost": 0.0, "Total Cost": 2.34, "Plan Rows": 1, "Plan Width": 8, "Actual Startup Time": 21.098, "Actual Total Time": 26.956, "Actual Rows": 268, "Actual Loops": 358, "Index Cond": "(movie_id = t.id)", "Rows Removed by Index Recheck": 0, "Filter": "((note)::text = ANY ('{(writer),\"(head writer)\",\"(written by)\",(story),\"(story editor)\"}'::text[]))", "Rows Removed by Filter": 12296}]}, {"Node Type": "Index Scan", "Parent Relationship": "Inner", "Scan Direction": "Forward", "Index Name": "name_pkey", "Relation Name": "name", "Alias": "n", "Startup Cost": 0.0, "Total Cost": 0.49, "Plan Rows": 1, "Plan Width": 4, "Actual Startup Time": 2.13, "Actual Total Time": 2.13, "Actual Rows": 11, "Actual Loops": 268, "Index Cond": "(id = ci.person_id)", "Rows Removed by Index Recheck": 0, "Filter": "((gender IS NOT NULL) AND ((gender)::text = 'f'::text))", "Rows Removed by Filter": 257}]}]}, "Triggers": [], "Planner Runtime": 23.017, "Total Runtime": 622.589, "Unique SQL Id": 661781350}}, "(1, '101')": {"explain_plan": {"Plan": {"Node Type": "Aggregate", "Strategy": "Plain", "Startup Cost": 84095.43, "Total Cost": 84095.44, "Plan Rows": 1, "Plan Width": 160, "Plans": [{"Node Type": "Nested Loop", "Parent Relationship": "Outer", "Join Type": "Inner", "Startup Cost": 7433.27, "Total Cost": 84093.79, "Plan Rows": 219, "Plan Width": 64, "Inner Unique": true, "Plans": [{"Node Type": "Nested Loop", "Parent Relationship": "Outer", "Join Type": "Inner", "Startup Cost": 7433.27, "Total Cost": 83932.79, "Plan Rows": 321, "Plan Width": 68, "Inner Unique": false, "Plans": [{"Node Type": "Hash Join", "Parent Relationship": "Outer", "Join Type": "Inner", "Startup Cost": 7433.27, "Total Cost": 83247.77, "Plan Rows": 291, "Plan Width": 76, "Inner Unique": true, "Hash Cond": "(mi.info_type_id = it1.id)", "Plans": [{"Node Type": "Nested Loop", "Parent Relationship": "Outer", "Join Type": "Inner", "Startup Cost": 7419.04, "Total Cost": 83197.12, "Plan Rows": 13753, "Plan Width": 80, "Inner Unique": false, "Plans": [{"Node Type": "Nested Loop", "Parent Relationship": "Outer", "Join Type": "Inner", "Startup Cost": 7419.04, "Total Cost": 61824.99, "Plan Rows": 15041, "Plan Width": 30, "Inner Unique": true, "Plans": [{"Node Type": "Nested Loop", "Parent Relationship": "Outer", "Join Type": "Inner", "Startup Cost": 7419.04, "Total Cost": 19211.73, "Plan Rows": 12936, "Plan Width": 9, "Inner Unique": false, "Plans": [{"Node Type": "Index Scan", "Parent Relationship": "Outer", "Scan Direction": "Forward", "Index Name": "info_type_pkey", "Relation Name": "info_type", "Alias": "it2", "Startup Cost": 0.0, "Total Cost": 14.21, "Plan Rows": 1, "Plan Width": 4, "Filter": "((info)::text = 'rating'::text)"}, {"Node Type": "Bitmap Heap Scan", "Parent Relationship": "Inner", "Relation Name": "movie_info_idx", "Alias": "mi_idx", "Startup Cost": 7419.04, "Total Cost": 19068.16, "Plan Rows": 12936, "Plan Width": 13, "Recheck Cond": "(info_type_id = it2.id)", "Filter": "((info)::text > '8.0'::text)", "Plans": [{"Node Type": "Bitmap Index Scan", "Parent Relationship": "Outer", "Index Name": "info_type_id_movie_info_idx", "Startup Cost": 0.0, "Total Cost": 7415.81, "Plan Rows": 345008, "Plan Width": 0, "Index Cond": "(info_type_id = it2.id)"}]}]}, {"Node Type": "Index Scan", "Parent Relationship": "Inner", "Scan Direction": "Forward", "Index Name": "title_pkey", "Relation Name": "title", "Alias": "t", "Startup Cost": 0.0, "Total Cost": 3.28, "Plan Rows": 1, "Plan Width": 21, "Index Cond": "(id = mi_idx.movie_id)", "Filter": "((production_year >= 2008) AND (production_year <= 2014))"}]}, {"Node Type": "Index Scan", "Parent Relationship": "Inner", "Scan Direction": "Forward", "Index Name": "movie_id_movie_info", "Relation Name": "movie_info", "Alias": "mi", "Startup Cost": 0.0, "Total Cost": 1.41, "Plan Rows": 1, "Plan Width": 50, "Index Cond": "(movie_id = t.id)", "Filter": "((note IS NULL) AND ((info)::text = ANY ('{Horror,Thriller}'::text[])))"}]}, {"Node Type": "Hash", "Parent Relationship": "Inner", "Startup Cost": 14.21, "Total Cost": 14.21, "Plan Rows": 1, "Plan Width": 4, "Plans": [{"Node Type": "Index Scan", "Parent Relationship": "Outer", "Scan Direction": "Forward", "Index Name": "info_type_pkey", "Relation Name": "info_type", "Alias": "it1", "Startup Cost": 0.0, "Total Cost": 14.21, "Plan Rows": 1, "Plan Width": 4, "Filter": "((info)::text = 'genres'::text)"}]}]}, {"Node Type": "Index Scan", "Parent Relationship": "Inner", "Scan Direction": "Forward", "Index Name": "movie_id_cast_info", "Relation Name": "cast_info", "Alias": "ci", "Startup Cost": 0.0, "Total Cost": 2.34, "Plan Rows": 1, "Plan Width": 8, "Index Cond": "(movie_id = t.id)", "Filter": "((note)::text = ANY ('{(writer),\"(head writer)\",\"(written by)\",(story),\"(story editor)\"}'::text[]))"}]}, {"Node Type": "Index Scan", "Parent Relationship": "Inner", "Scan Direction": "Forward", "Index Name": "name_pkey", "Relation Name": "name", "Alias": "n", "Startup Cost": 0.0, "Total Cost": 0.49, "Plan Rows": 1, "Plan Width": 4, "Index Cond": "(id = ci.person_id)", "Filter": "((gender IS NOT NULL) AND ((gender)::text = 'f'::text))"}]}]}, "Unique SQL Id": 661781350, "Planner Runtime": 6}, "explain_analyze_plan": {"Plan": {"Node Type": "Aggregate", "Strategy": "Plain", "Startup Cost": 84095.43, "Total Cost": 84095.44, "Plan Rows": 1, "Plan Width": 160, "Actual Startup Time": 700.86, "Actual Total Time": 700.861, "Actual Rows": 1, "Actual Loops": 1, "Plans": [{"Node Type": "Nested Loop", "Parent Relationship": "Outer", "Join Type": "Inner", "Startup Cost": 7433.27, "Total Cost": 84093.79, "Plan Rows": 219, "Plan Width": 64, "Actual Startup Time": 393.218, "Actual Total Time": 700.801, "Actual Rows": 11, "Actual Loops": 1, "Inner Unique": true, "Plans": [{"Node Type": "Nested Loop", "Parent Relationship": "Outer", "Join Type": "Inner", "Startup Cost": 7433.27, "Total Cost": 83932.79, "Plan Rows": 321, "Plan Width": 68, "Actual Startup Time": 162.686, "Actual Total Time": 697.881, "Actual Rows": 268, "Actual Loops": 1, "Inner Unique": false, "Plans": [{"Node Type": "Hash Join", "Parent Relationship": "Outer", "Join Type": "Inner", "Startup Cost": 7433.27, "Total Cost": 83247.77, "Plan Rows": 291, "Plan Width": 76, "Actual Startup Time": 88.768, "Actual Total Time": 660.4, "Actual Rows": 358, "Actual Loops": 1, "Inner Unique": true, "Hash Cond": "(mi.info_type_id = it1.id)", "Plans": [{"Node Type": "Nested Loop", "Parent Relationship": "Outer", "Join Type": "Inner", "Startup Cost": 7419.04, "Total Cost": 83197.12, "Plan Rows": 13753, "Plan Width": 80, "Actual Startup Time": 88.623, "Actual Total Time": 659.888, "Actual Rows": 358, "Actual Loops": 1, "Inner Unique": false, "Plans": [{"Node Type": "Nested Loop", "Parent Relationship": "Outer", "Join Type": "Inner", "Startup Cost": 7419.04, "Total Cost": 61824.99, "Plan Rows": 15041, "Plan Width": 30, "Actual Startup Time": 80.43, "Actual Total Time": 482.543, "Actual Rows": 6152, "Actual Loops": 1, "Inner Unique": true, "Plans": [{"Node Type": "Nested Loop", "Parent Relationship": "Outer", "Join Type": "Inner", "Startup Cost": 7419.04, "Total Cost": 19211.73, "Plan Rows": 12936, "Plan Width": 9, "Actual Startup Time": 78.641, "Actual Total Time": 384.098, "Actual Rows": 15849, "Actual Loops": 1, "Inner Unique": false, "Plans": [{"Node Type": "Index Scan", "Parent Relationship": "Outer", "Scan Direction": "Forward", "Index Name": "info_type_pkey", "Relation Name": "info_type", "Alias": "it2", "Startup Cost": 0.0, "Total Cost": 14.21, "Plan Rows": 1, "Plan Width": 4, "Actual Startup Time": 0.049, "Actual Total Time": 0.062, "Actual Rows": 1, "Actual Loops": 1, "Filter": "((info)::text = 'rating'::text)", "Rows Removed by Filter": 111}, {"Node Type": "Bitmap Heap Scan", "Parent Relationship": "Inner", "Relation Name": "movie_info_idx", "Alias": "mi_idx", "Startup Cost": 7419.04, "Total Cost": 19068.16, "Plan Rows": 12936, "Plan Width": 13, "Actual Startup Time": 78.587, "Actual Total Time": 380.457, "Actual Rows": 15849, "Actual Loops": 1, "Recheck Cond": "(info_type_id = it2.id)", "Rows Removed by Index Recheck": 0, "Filter": "((info)::text > '8.0'::text)", "Rows Removed by Filter": 444076, "Exact Heap Blocks": 6472, "Lossy Heap Blocks": 6472, "Plans": [{"Node Type": "Bitmap Index Scan", "Parent Relationship": "Outer", "Index Name": "info_type_id_movie_info_idx", "Startup Cost": 0.0, "Total Cost": 7415.81, "Plan Rows": 345008, "Plan Width": 0, "Actual Startup Time": 77.298, "Actual Total Time": 77.298, "Actual Rows": 459925, "Actual Loops": 1, "Index Cond": "(info_type_id = it2.id)"}]}]}, {"Node Type": "Index Scan", "Parent Relationship": "Inner", "Scan Direction": "Forward", "Index Name": "title_pkey", "Relation Name": "title", "Alias": "t", "Startup Cost": 0.0, "Total Cost": 3.28, "Plan Rows": 1, "Plan Width": 21, "Actual Startup Time": 88.591, "Actual Total Time": 88.591, "Actual Rows": 6152, "Actual Loops": 15849, "Index Cond": "(id = mi_idx.movie_id)", "Rows Removed by Index Recheck": 0, "Filter": "((production_year >= 2008) AND (production_year <= 2014))", "Rows Removed by Filter": 9697}]}, {"Node Type": "Index Scan", "Parent Relationship": "Inner", "Scan Direction": "Forward", "Index Name": "movie_id_movie_info", "Relation Name": "movie_info", "Alias": "mi", "Startup Cost": 0.0, "Total Cost": 1.41, "Plan Rows": 1, "Plan Width": 50, "Actual Startup Time": 173.583, "Actual Total Time": 173.897, "Actual Rows": 358, "Actual Loops": 6152, "Index Cond": "(movie_id = t.id)", "Rows Removed by Index Recheck": 0, "Filter": "((note IS NULL) AND ((info)::text = ANY ('{Horror,Thriller}'::text[])))", "Rows Removed by Filter": 109599}]}, {"Node Type": "Hash", "Parent Relationship": "Inner", "Startup Cost": 14.21, "Total Cost": 14.21, "Plan Rows": 1, "Plan Width": 4, "Actual Startup Time": 0.074, "Actual Total Time": 0.074, "Actual Rows": 1, "Actual Loops": 1, "Hash Buckets": 32768, "Hash Batches": 1, "Original Hash Batches": 1, "Peak Memory Usage": 1, "Plans": [{"Node Type": "Index Scan", "Parent Relationship": "Outer", "Scan Direction": "Forward", "Index Name": "info_type_pkey", "Relation Name": "info_type", "Alias": "it1", "Startup Cost": 0.0, "Total Cost": 14.21, "Plan Rows": 1, "Plan Width": 4, "Actual Startup Time": 0.021, "Actual Total Time": 0.069, "Actual Rows": 1, "Actual Loops": 1, "Filter": "((info)::text = 'genres'::text)", "Rows Removed by Filter": 111}]}]}, {"Node Type": "Index Scan", "Parent Relationship": "Inner", "Scan Direction": "Forward", "Index Name": "movie_id_cast_info", "Relation Name": "cast_info", "Alias": "ci", "Startup Cost": 0.0, "Total Cost": 2.34, "Plan Rows": 1, "Plan Width": 8, "Actual Startup Time": 29.082, "Actual Total Time": 37.018, "Actual Rows": 268, "Actual Loops": 358, "Index Cond": "(movie_id = t.id)", "Rows Removed by Index Recheck": 0, "Filter": "((note)::text = ANY ('{(writer),\"(head writer)\",\"(written by)\",(story),\"(story editor)\"}'::text[]))", "Rows Removed by Filter": 12296}]}, {"Node Type": "Index Scan", "Parent Relationship": "Inner", "Scan Direction": "Forward", "Index Name": "name_pkey", "Relation Name": "name", "Alias": "n", "Startup Cost": 0.0, "Total Cost": 0.49, "Plan Rows": 1, "Plan Width": 4, "Actual Startup Time": 2.688, "Actual Total Time": 2.688, "Actual Rows": 11, "Actual Loops": 268, "Index Cond": "(id = ci.person_id)", "Rows Removed by Index Recheck": 0, "Filter": "((gender IS NOT NULL) AND ((gender)::text = 'f'::text))", "Rows Removed by Filter": 257}]}]}, "Triggers": [], "Planner Runtime": 17.355, "Total Runtime": 701.223, "Unique SQL Id": 661781350}}, "(1, '102')": {"explain_plan": {"Plan": {"Node Type": "Aggregate", "Strategy": "Plain", "Startup Cost": 156950.6, "Total Cost": 156950.61, "Plan Rows": 1, "Plan Width": 160, "Plans": [{"Node Type": "Nested Loop", "Parent Relationship": "Outer", "Join Type": "Inner", "Startup Cost": 7424.33, "Total Cost": 156948.96, "Plan Rows": 219, "Plan Width": 64, "Inner Unique": true, "Plans": [{"Node Type": "Nested Loop", "Parent Relationship": "Outer", "Join Type": "Inner", "Startup Cost": 7424.02, "Total Cost": 155557.84, "Plan Rows": 321, "Plan Width": 68, "Inner Unique": false, "Plans": [{"Node Type": "Hash Join", "Parent Relationship": "Outer", "Join Type": "Inner", "Startup Cost": 7423.01, "Total Cost": 154064.66, "Plan Rows": 291, "Plan Width": 76, "Inner Unique": true, "Hash Cond": "(mi.info_type_id = it1.id)", "Plans": [{"Node Type": "Nested Loop", "Parent Relationship": "Outer", "Join Type": "Inner", "Startup Cost": 7420.6, "Total Cost": 154025.82, "Plan Rows": 13753, "Plan Width": 80, "Inner Unique": false, "Plans": [{"Node Type": "Nested Loop", "Parent Relationship": "Outer", "Join Type": "Inner", "Startup Cost": 7420.02, "Total Cost": 83886.56, "Plan Rows": 15041, "Plan Width": 30, "Inner Unique": true, "Plans": [{"Node Type": "Nested Loop", "Parent Relationship": "Outer", "Join Type": "Inner", "Startup Cost": 7419.04, "Total Cost": 19199.92, "Plan Rows": 12936, "Plan Width": 9, "Inner Unique": false, "Plans": [{"Node Type": "Seq Scan", "Parent Relationship": "Outer", "Relation Name": "info_type", "Alias": "it2", "Startup Cost": 0.0, "Total Cost": 2.4, "Plan Rows": 1, "Plan Width": 4, "Filter": "((info)::text = 'rating'::text)"}, {"Node Type": "Bitmap Heap Scan", "Parent Relationship": "Inner", "Relation Name": "movie_info_idx", "Alias": "mi_idx", "Startup Cost": 7419.04, "Total Cost": 19068.16, "Plan Rows": 12936, "Plan Width": 13, "Recheck Cond": "(info_type_id = it2.id)", "Filter": "((info)::text > '8.0'::text)", "Plans": [{"Node Type": "Bitmap Index Scan", "Parent Relationship": "Outer", "Index Name": "info_type_id_movie_info_idx", "Startup Cost": 0.0, "Total Cost": 7415.81, "Plan Rows": 345008, "Plan Width": 0, "Index Cond": "(info_type_id = it2.id)"}]}]}, {"Node Type": "Bitmap Heap Scan", "Parent Relationship": "Inner", "Relation Name": "title", "Alias": "t", "Startup Cost": 0.97, "Total Cost": 4.99, "Plan Rows": 1, "Plan Width": 21, "Recheck Cond": "(id = mi_idx.movie_id)", "Filter": "((production_year >= 2008) AND (production_year <= 2014))", "Plans": [{"Node Type": "Bitmap Index Scan", "Parent Relationship": "Outer", "Index Name": "title_pkey", "Startup Cost": 0.0, "Total Cost": 0.97, "Plan Rows": 1, "Plan Width": 0, "Index Cond": "(id = mi_idx.movie_id)"}]}]}, {"Node Type": "Bitmap Heap Scan", "Parent Relationship": "Inner", "Relation Name": "movie_info", "Alias": "mi", "Startup Cost": 0.58, "Total Cost": 4.65, "Plan Rows": 1, "Plan Width": 50, "Recheck Cond": "(movie_id = t.id)", "Filter": "((note IS NULL) AND ((info)::text = ANY ('{Horror,Thriller}'::text[])))", "Plans": [{"Node Type": "Bitmap Index Scan", "Parent Relationship": "Outer", "Index Name": "movie_id_movie_info", "Startup Cost": 0.0, "Total Cost": 0.58, "Plan Rows": 5, "Plan Width": 0, "Index Cond": "(movie_id = t.id)"}]}]}, {"Node Type": "Hash", "Parent Relationship": "Inner", "Startup Cost": 2.4, "Total Cost": 2.4, "Plan Rows": 1, "Plan Width": 4, "Plans": [{"Node Type": "Seq Scan", "Parent Relationship": "Outer", "Relation Name": "info_type", "Alias": "it1", "Startup Cost": 0.0, "Total Cost": 2.4, "Plan Rows": 1, "Plan Width": 4, "Filter": "((info)::text = 'genres'::text)"}]}]}, {"Node Type": "Bitmap Heap Scan", "Parent Relationship": "Inner", "Relation Name": "cast_info", "Alias": "ci", "Startup Cost": 1.01, "Total Cost": 5.12, "Plan Rows": 1, "Plan Width": 8, "Recheck Cond": "(movie_id = t.id)", "Filter": "((note)::text = ANY ('{(writer),\"(head writer)\",\"(written by)\",(story),\"(story editor)\"}'::text[]))", "Plans": [{"Node Type": "Bitmap Index Scan", "Parent Relationship": "Outer", "Index Name": "movie_id_cast_info", "Startup Cost": 0.0, "Total Cost": 1.01, "Plan Rows": 6, "Plan Width": 0, "Index Cond": "(movie_id = t.id)"}]}]}, {"Node Type": "Bitmap Heap Scan", "Parent Relationship": "Inner", "Relation Name": "name", "Alias": "n", "Startup Cost": 0.31, "Total Cost": 4.32, "Plan Rows": 1, "Plan Width": 4, "Recheck Cond": "(id = ci.person_id)", "Filter": "((gender IS NOT NULL) AND ((gender)::text = 'f'::text))", "Plans": [{"Node Type": "Bitmap Index Scan", "Parent Relationship": "Outer", "Index Name": "name_pkey", "Startup Cost": 0.0, "Total Cost": 0.31, "Plan Rows": 1, "Plan Width": 0, "Index Cond": "(id = ci.person_id)"}]}]}]}, "Unique SQL Id": 661781350, "Planner Runtime": 11}, "explain_analyze_plan": {"Plan": {"Node Type": "Aggregate", "Strategy": "Plain", "Startup Cost": 156950.6, "Total Cost": 156950.61, "Plan Rows": 1, "Plan Width": 160, "Actual Startup Time": 682.043, "Actual Total Time": 682.043, "Actual Rows": 1, "Actual Loops": 1, "Plans": [{"Node Type": "Nested Loop", "Parent Relationship": "Outer", "Join Type": "Inner", "Startup Cost": 7424.33, "Total Cost": 156948.96, "Plan Rows": 219, "Plan Width": 64, "Actual Startup Time": 415.205, "Actual Total Time": 681.981, "Actual Rows": 11, "Actual Loops": 1, "Inner Unique": true, "Plans": [{"Node Type": "Nested Loop", "Parent Relationship": "Outer", "Join Type": "Inner", "Startup Cost": 7424.02, "Total Cost": 155557.84, "Plan Rows": 321, "Plan Width": 68, "Actual Startup Time": 175.597, "Actual Total Time": 679.065, "Actual Rows": 268, "Actual Loops": 1, "Inner Unique": false, "Plans": [{"Node Type": "Hash Join", "Parent Relationship": "Outer", "Join Type": "Inner", "Startup Cost": 7423.01, "Total Cost": 154064.66, "Plan Rows": 291, "Plan Width": 76, "Actual Startup Time": 89.809, "Actual Total Time": 644.95, "Actual Rows": 358, "Actual Loops": 1, "Inner Unique": true, "Hash Cond": "(mi.info_type_id = it1.id)", "Plans": [{"Node Type": "Nested Loop", "Parent Relationship": "Outer", "Join Type": "Inner", "Startup Cost": 7420.6, "Total Cost": 154025.82, "Plan Rows": 13753, "Plan Width": 80, "Actual Startup Time": 89.653, "Actual Total Time": 644.269, "Actual Rows": 358, "Actual Loops": 1, "Inner Unique": false, "Plans": [{"Node Type": "Nested Loop", "Parent Relationship": "Outer", "Join Type": "Inner", "Startup Cost": 7420.02, "Total Cost": 83886.56, "Plan Rows": 15041, "Plan Width": 30, "Actual Startup Time": 80.368, "Actual Total Time": 457.933, "Actual Rows": 6152, "Actual Loops": 1, "Inner Unique": true, "Plans": [{"Node Type": "Nested Loop", "Parent Relationship": "Outer", "Join Type": "Inner", "Startup Cost": 7419.04, "Total Cost": 19199.92, "Plan Rows": 12936, "Plan Width": 9, "Actual Startup Time": 78.326, "Actual Total Time": 342.081, "Actual Rows": 15849, "Actual Loops": 1, "Inner Unique": false, "Plans": [{"Node Type": "Seq Scan", "Parent Relationship": "Outer", "Relation Name": "info_type", "Alias": "it2", "Startup Cost": 0.0, "Total Cost": 2.4, "Plan Rows": 1, "Plan Width": 4, "Actual Startup Time": 0.037, "Actual Total Time": 0.051, "Actual Rows": 1, "Actual Loops": 1, "Filter": "((info)::text = 'rating'::text)", "Rows Removed by Filter": 111}, {"Node Type": "Bitmap Heap Scan", "Parent Relationship": "Inner", "Relation Name": "movie_info_idx", "Alias": "mi_idx", "Startup Cost": 7419.04, "Total Cost": 19068.16, "Plan Rows": 12936, "Plan Width": 13, "Actual Startup Time": 78.284, "Actual Total Time": 338.084, "Actual Rows": 15849, "Actual Loops": 1, "Recheck Cond": "(info_type_id = it2.id)", "Rows Removed by Index Recheck": 0, "Filter": "((info)::text > '8.0'::text)", "Rows Removed by Filter": 444076, "Exact Heap Blocks": 6472, "Lossy Heap Blocks": 6472, "Plans": [{"Node Type": "Bitmap Index Scan", "Parent Relationship": "Outer", "Index Name": "info_type_id_movie_info_idx", "Startup Cost": 0.0, "Total Cost": 7415.81, "Plan Rows": 345008, "Plan Width": 0, "Actual Startup Time": 76.966, "Actual Total Time": 76.966, "Actual Rows": 459925, "Actual Loops": 1, "Index Cond": "(info_type_id = it2.id)"}]}]}, {"Node Type": "Bitmap Heap Scan", "Parent Relationship": "Inner", "Relation Name": "title", "Alias": "t", "Startup Cost": 0.97, "Total Cost": 4.99, "Plan Rows": 1, "Plan Width": 21, "Actual Startup Time": 94.78, "Actual Total Time": 94.78, "Actual Rows": 6152, "Actual Loops": 15849, "Recheck Cond": "(id = mi_idx.movie_id)", "Rows Removed by Index Recheck": 0, "Filter": "((production_year >= 2008) AND (production_year <= 2014))", "Rows Removed by Filter": 9697, "Exact Heap Blocks": 15849, "Lossy Heap Blocks": 15849, "Plans": [{"Node Type": "Bitmap Index Scan", "Parent Relationship": "Outer", "Index Name": "title_pkey", "Startup Cost": 0.0, "Total Cost": 0.97, "Plan Rows": 1, "Plan Width": 0, "Actual Startup Time": 46.532, "Actual Total Time": 46.532, "Actual Rows": 15849, "Actual Loops": 15849, "Index Cond": "(id = mi_idx.movie_id)"}]}]}, {"Node Type": "Bitmap Heap Scan", "Parent Relationship": "Inner", "Relation Name": "movie_info", "Alias": "mi", "Startup Cost": 0.58, "Total Cost": 4.65, "Plan Rows": 1, "Plan Width": 50, "Actual Startup Time": 178.039, "Actual Total Time": 178.19, "Actual Rows": 358, "Actual Loops": 6152, "Recheck Cond": "(movie_id = t.id)", "Rows Removed by Index Recheck": 0, "Filter": "((note IS NULL) AND ((info)::text = ANY ('{Horror,Thriller}'::text[])))", "Rows Removed by Filter": 109599, "Exact Heap Blocks": 52726, "Lossy Heap Blocks": 52726, "Plans": [{"Node Type": "Bitmap Index Scan", "Parent Relationship": "Outer", "Index Name": "movie_id_movie_info", "Startup Cost": 0.0, "Total Cost": 0.58, "Plan Rows": 5, "Plan Width": 0, "Actual Startup Time": 41.364, "Actual Total Time": 41.364, "Actual Rows": 109957, "Actual Loops": 6152, "Index Cond": "(movie_id = t.id)"}]}]}, {"Node Type": "Hash", "Parent Relationship": "Inner", "Startup Cost": 2.4, "Total Cost": 2.4, "Plan Rows": 1, "Plan Width": 4, "Actual Startup Time": 0.086, "Actual Total Time": 0.086, "Actual Rows": 1, "Actual Loops": 1, "Hash Buckets": 32768, "Hash Batches": 1, "Original Hash Batches": 1, "Peak Memory Usage": 1, "Plans": [{"Node Type": "Seq Scan", "Parent Relationship": "Outer", "Relation Name": "info_type", "Alias": "it1", "Startup Cost": 0.0, "Total Cost": 2.4, "Plan Rows": 1, "Plan Width": 4, "Actual Startup Time": 0.04, "Actual Total Time": 0.073, "Actual Rows": 1, "Actual Loops": 1, "Filter": "((info)::text = 'genres'::text)", "Rows Removed by Filter": 111}]}]}, {"Node Type": "Bitmap Heap Scan", "Parent Relationship": "Inner", "Relation Name": "cast_info", "Alias": "ci", "Startup Cost": 1.01, "Total Cost": 5.12, "Plan Rows": 1, "Plan Width": 8, "Actual Startup Time": 26.946, "Actual Total Time": 33.106, "Actual Rows": 268, "Actual Loops": 358, "Recheck Cond": "(movie_id = t.id)", "Rows Removed by Index Recheck": 0, "Filter": "((note)::text = ANY ('{(writer),\"(head writer)\",\"(written by)\",(story),\"(story editor)\"}'::text[]))", "Rows Removed by Filter": 12296, "Exact Heap Blocks": 11454, "Lossy Heap Blocks": 11454, "Plans": [{"Node Type": "Bitmap Index Scan", "Parent Relationship": "Outer", "Index Name": "movie_id_cast_info", "Startup Cost": 0.0, "Total Cost": 1.01, "Plan Rows": 6, "Plan Width": 0, "Actual Startup Time": 4.996, "Actual Total Time": 4.996, "Actual Rows": 12564, "Actual Loops": 358, "Index Cond": "(movie_id = t.id)"}]}]}, {"Node Type": "Bitmap Heap Scan", "Parent Relationship": "Inner", "Relation Name": "name", "Alias": "n", "Startup Cost": 0.31, "Total Cost": 4.32, "Plan Rows": 1, "Plan Width": 4, "Actual Startup Time": 2.417, "Actual Total Time": 2.417, "Actual Rows": 11, "Actual Loops": 268, "Recheck Cond": "(id = ci.person_id)", "Rows Removed by Index Recheck": 0, "Filter": "((gender IS NOT NULL) AND ((gender)::text = 'f'::text))", "Rows Removed by Filter": 257, "Exact Heap Blocks": 268, "Lossy Heap Blocks": 268, "Plans": [{"Node Type": "Bitmap Index Scan", "Parent Relationship": "Outer", "Index Name": "name_pkey", "Startup Cost": 0.0, "Total Cost": 0.31, "Plan Rows": 1, "Plan Width": 0, "Actual Startup Time": 1.507, "Actual Total Time": 1.507, "Actual Rows": 268, "Actual Loops": 268, "Index Cond": "(id = ci.person_id)"}]}]}]}, "Triggers": [], "Planner Runtime": 11.137, "Total Runtime": 682.357, "Unique SQL Id": 661781350}}, "(1, '103')": {"explain_plan": {"Plan": {"Node Type": "Aggregate", "Strategy": "Plain", "Startup Cost": 1000198965418.13, "Total Cost": 1000198965418.14, "Plan Rows": 1, "Plan Width": 160, "Plans": [{"Node Type": "Nested Loop", "Parent Relationship": "Outer", "Join Type": "Inner", "Startup Cost": 10000000001.87, "Total Cost": 1000198965416.49, "Plan Rows": 219, "Plan Width": 64, "Inner Unique": true, "Plans": [{"Node Type": "Nested Loop", "Parent Relationship": "Outer", "Join Type": "Inner", "Startup Cost": 10000000001.56, "Total Cost": 1000198964025.37, "Plan Rows": 321, "Plan Width": 68, "Inner Unique": true, "Join Filter": "(mi.movie_id = t.id)", "Plans": [{"Node Type": "Nested Loop", "Parent Relationship": "Outer", "Join Type": "Inner", "Startup Cost": 10000000001.27, "Total Cost": 1000198962833.6, "Plan Rows": 276, "Plan Width": 63, "Inner Unique": true, "Plans": [{"Node Type": "Nested Loop", "Parent Relationship": "Outer", "Join Type": "Inner", "Startup Cost": 10000000001.01, "Total Cost": 1000198906787.99, "Plan Rows": 13086, "Plan Width": 67, "Inner Unique": false, "Join Filter": "(mi_idx.movie_id = mi.movie_id)", "Plans": [{"Node Type": "Nested Loop", "Parent Relationship": "Outer", "Join Type": "Inner", "Startup Cost": 10000000000.54, "Total Cost": 1000198841505.29, "Plan Rows": 14313, "Plan Width": 17, "Inner Unique": true, "Plans": [{"Node Type": "Nested Loop", "Parent Relationship": "Outer", "Join Type": "Inner", "Startup Cost": 10000000000.28, "Total Cost": 1000198596304.72, "Plan Rows": 57251, "Plan Width": 21, "Inner Unique": false, "Plans": [{"Node Type": "Index Scan", "Parent Relationship": "Outer", "Scan Direction": "Forward", "Index Name": "person_id_cast_info", "Relation Name": "cast_info", "Alias": "ci", "Startup Cost": 10000000000.0, "Total Cost": 1000193311016.96, "Plan Rows": 1223154, "Plan Width": 8, "Filter": "((note)::text = ANY ('{(writer),\"(head writer)\",\"(written by)\",(story),\"(story editor)\"}'::text[]))"}, {"Node Type": "Bitmap Heap Scan", "Parent Relationship": "Inner", "Relation Name": "movie_info_idx", "Alias": "mi_idx", "Startup Cost": 0.28, "Total Cost": 4.31, "Plan Rows": 1, "Plan Width": 13, "Recheck Cond": "(movie_id = ci.movie_id)", "Filter": "((info)::text > '8.0'::text)", "Plans": [{"Node Type": "Bitmap Index Scan", "Parent Relationship": "Outer", "Index Name": "movie_id_movie_info_idx", "Startup Cost": 0.0, "Total Cost": 0.28, "Plan Rows": 2, "Plan Width": 0, "Index Cond": "(movie_id = ci.movie_id)"}]}]}, {"Node Type": "Bitmap Heap Scan", "Parent Relationship": "Inner", "Relation Name": "info_type", "Alias": "it2", "Startup Cost": 0.26, "Total Cost": 4.27, "Plan Rows": 1, "Plan Width": 4, "Recheck Cond": "(id = mi_idx.info_type_id)", "Filter": "((info)::text = 'rating'::text)", "Plans": [{"Node Type": "Bitmap Index Scan", "Parent Relationship": "Outer", "Index Name": "info_type_pkey", "Startup Cost": 0.0, "Total Cost": 0.26, "Plan Rows": 1, "Plan Width": 0, "Index Cond": "(id = mi_idx.info_type_id)"}]}]}, {"Node Type": "Bitmap Heap Scan", "Parent Relationship": "Inner", "Relation Name": "movie_info", "Alias": "mi", "Startup Cost": 0.47, "Total Cost": 4.55, "Plan Rows": 1, "Plan Width": 50, "Recheck Cond": "(movie_id = ci.movie_id)", "Filter": "((note IS NULL) AND ((info)::text = ANY ('{Horror,Thriller}'::text[])))", "Plans": [{"Node Type": "Bitmap Index Scan", "Parent Relationship": "Outer", "Index Name": "movie_id_movie_info", "Startup Cost": 0.0, "Total Cost": 0.47, "Plan Rows": 5, "Plan Width": 0, "Index Cond": "(movie_id = ci.movie_id)"}]}]}, {"Node Type": "Bitmap Heap Scan", "Parent Relationship": "Inner", "Relation Name": "info_type", "Alias": "it1", "Startup Cost": 0.26, "Total Cost": 4.27, "Plan Rows": 1, "Plan Width": 4, "Recheck Cond": "(id = mi.info_type_id)", "Filter": "((info)::text = 'genres'::text)", "Plans": [{"Node Type": "Bitmap Index Scan", "Parent Relationship": "Outer", "Index Name": "info_type_pkey", "Startup Cost": 0.0, "Total Cost": 0.26, "Plan Rows": 1, "Plan Width": 0, "Index Cond": "(id = mi.info_type_id)"}]}]}, {"Node Type": "Bitmap Heap Scan", "Parent Relationship": "Inner", "Relation Name": "title", "Alias": "t", "Startup Cost": 0.29, "Total Cost": 4.31, "Plan Rows": 1, "Plan Width": 21, "Recheck Cond": "(id = ci.movie_id)", "Filter": "((production_year >= 2008) AND (production_year <= 2014))", "Plans": [{"Node Type": "Bitmap Index Scan", "Parent Relationship": "Outer", "Index Name": "title_pkey", "Startup Cost": 0.0, "Total Cost": 0.29, "Plan Rows": 1, "Plan Width": 0, "Index Cond": "(id = ci.movie_id)"}]}]}, {"Node Type": "Bitmap Heap Scan", "Parent Relationship": "Inner", "Relation Name": "name", "Alias": "n", "Startup Cost": 0.31, "Total Cost": 4.32, "Plan Rows": 1, "Plan Width": 4, "Recheck Cond": "(id = ci.person_id)", "Filter": "((gender IS NOT NULL) AND ((gender)::text = 'f'::text))", "Plans": [{"Node Type": "Bitmap Index Scan", "Parent Relationship": "Outer", "Index Name": "name_pkey", "Startup Cost": 0.0, "Total Cost": 0.31, "Plan Rows": 1, "Plan Width": 0, "Index Cond": "(id = ci.person_id)"}]}]}]}, "Unique SQL Id": 661781350, "Planner Runtime": 5}, "explain_analyze_plan": null}, "(1, '104')": {"explain_plan": {"Plan": {"Node Type": "Aggregate", "Strategy": "Plain", "Startup Cost": 88857.77, "Total Cost": 88857.78, "Plan Rows": 1, "Plan Width": 160, "Plans": [{"Node Type": "Nested Loop", "Parent Relationship": "Outer", "Join Type": "Inner", "Startup Cost": 4.83, "Total Cost": 88856.13, "Plan Rows": 219, "Plan Width": 64, "Inner Unique": true, "Plans": [{"Node Type": "Nested Loop", "Parent Relationship": "Outer", "Join Type": "Inner", "Startup Cost": 4.83, "Total Cost": 88695.14, "Plan Rows": 321, "Plan Width": 68, "Inner Unique": false, "Plans": [{"Node Type": "Hash Join", "Parent Relationship": "Outer", "Join Type": "Inner", "Startup Cost": 4.83, "Total Cost": 88010.11, "Plan Rows": 291, "Plan Width": 76, "Inner Unique": true, "Hash Cond": "(mi.info_type_id = it1.id)", "Plans": [{"Node Type": "Nested Loop", "Parent Relationship": "Outer", "Join Type": "Inner", "Startup Cost": 2.41, "Total Cost": 87971.27, "Plan Rows": 13753, "Plan Width": 80, "Inner Unique": false, "Plans": [{"Node Type": "Nested Loop", "Parent Relationship": "Outer", "Join Type": "Inner", "Startup Cost": 2.41, "Total Cost": 66599.14, "Plan Rows": 15041, "Plan Width": 30, "Inner Unique": true, "Plans": [{"Node Type": "Hash Join", "Parent Relationship": "Outer", "Join Type": "Inner", "Startup Cost": 2.41, "Total Cost": 23985.89, "Plan Rows": 12936, "Plan Width": 9, "Inner Unique": true, "Hash Cond": "(mi_idx.info_type_id = it2.id)", "Plans": [{"Node Type": "Seq Scan", "Parent Relationship": "Outer", "Relation Name": "movie_info_idx", "Alias": "mi_idx", "Startup Cost": 0.0, "Total Cost": 23724.42, "Plan Rows": 51746, "Plan Width": 13, "Filter": "((info)::text > '8.0'::text)"}, {"Node Type": "Hash", "Parent Relationship": "Inner", "Startup Cost": 2.4, "Total Cost": 2.4, "Plan Rows": 1, "Plan Width": 4, "Plans": [{"Node Type": "Seq Scan", "Parent Relationship": "Outer", "Relation Name": "info_type", "Alias": "it2", "Startup Cost": 0.0, "Total Cost": 2.4, "Plan Rows": 1, "Plan Width": 4, "Filter": "((info)::text = 'rating'::text)"}]}]}, {"Node Type": "Index Scan", "Parent Relationship": "Inner", "Scan Direction": "Forward", "Index Name": "title_pkey", "Relation Name": "title", "Alias": "t", "Startup Cost": 0.0, "Total Cost": 3.28, "Plan Rows": 1, "Plan Width": 21, "Index Cond": "(id = mi_idx.movie_id)", "Filter": "((production_year >= 2008) AND (production_year <= 2014))"}]}, {"Node Type": "Index Scan", "Parent Relationship": "Inner", "Scan Direction": "Forward", "Index Name": "movie_id_movie_info", "Relation Name": "movie_info", "Alias": "mi", "Startup Cost": 0.0, "Total Cost": 1.41, "Plan Rows": 1, "Plan Width": 50, "Index Cond": "(movie_id = t.id)", "Filter": "((note IS NULL) AND ((info)::text = ANY ('{Horror,Thriller}'::text[])))"}]}, {"Node Type": "Hash", "Parent Relationship": "Inner", "Startup Cost": 2.4, "Total Cost": 2.4, "Plan Rows": 1, "Plan Width": 4, "Plans": [{"Node Type": "Seq Scan", "Parent Relationship": "Outer", "Relation Name": "info_type", "Alias": "it1", "Startup Cost": 0.0, "Total Cost": 2.4, "Plan Rows": 1, "Plan Width": 4, "Filter": "((info)::text = 'genres'::text)"}]}]}, {"Node Type": "Index Scan", "Parent Relationship": "Inner", "Scan Direction": "Forward", "Index Name": "movie_id_cast_info", "Relation Name": "cast_info", "Alias": "ci", "Startup Cost": 0.0, "Total Cost": 2.34, "Plan Rows": 1, "Plan Width": 8, "Index Cond": "(movie_id = t.id)", "Filter": "((note)::text = ANY ('{(writer),\"(head writer)\",\"(written by)\",(story),\"(story editor)\"}'::text[]))"}]}, {"Node Type": "Index Scan", "Parent Relationship": "Inner", "Scan Direction": "Forward", "Index Name": "name_pkey", "Relation Name": "name", "Alias": "n", "Startup Cost": 0.0, "Total Cost": 0.49, "Plan Rows": 1, "Plan Width": 4, "Index Cond": "(id = ci.person_id)", "Filter": "((gender IS NOT NULL) AND ((gender)::text = 'f'::text))"}]}]}, "Unique SQL Id": 661781350, "Planner Runtime": 9}, "explain_analyze_plan": {"Plan": {"Node Type": "Aggregate", "Strategy": "Plain", "Startup Cost": 88857.77, "Total Cost": 88857.78, "Plan Rows": 1, "Plan Width": 160, "Actual Startup Time": 875.488, "Actual Total Time": 875.489, "Actual Rows": 1, "Actual Loops": 1, "Plans": [{"Node Type": "Nested Loop", "Parent Relationship": "Outer", "Join Type": "Inner", "Startup Cost": 4.83, "Total Cost": 88856.13, "Plan Rows": 219, "Plan Width": 64, "Actual Startup Time": 406.885, "Actual Total Time": 875.429, "Actual Rows": 11, "Actual Loops": 1, "Inner Unique": true, "Plans": [{"Node Type": "Nested Loop", "Parent Relationship": "Outer", "Join Type": "Inner", "Startup Cost": 4.83, "Total Cost": 88695.14, "Plan Rows": 321, "Plan Width": 68, "Actual Startup Time": 105.59, "Actual Total Time": 872.355, "Actual Rows": 268, "Actual Loops": 1, "Inner Unique": false, "Plans": [{"Node Type": "Hash Join", "Parent Relationship": "Outer", "Join Type": "Inner", "Startup Cost": 4.83, "Total Cost": 88010.11, "Plan Rows": 291, "Plan Width": 76, "Actual Startup Time": 14.057, "Actual Total Time": 834.469, "Actual Rows": 358, "Actual Loops": 1, "Inner Unique": true, "Hash Cond": "(mi.info_type_id = it1.id)", "Plans": [{"Node Type": "Nested Loop", "Parent Relationship": "Outer", "Join Type": "Inner", "Startup Cost": 2.41, "Total Cost": 87971.27, "Plan Rows": 13753, "Plan Width": 80, "Actual Startup Time": 13.947, "Actual Total Time": 833.99, "Actual Rows": 358, "Actual Loops": 1, "Inner Unique": false, "Plans": [{"Node Type": "Nested Loop", "Parent Relationship": "Outer", "Join Type": "Inner", "Startup Cost": 2.41, "Total Cost": 66599.14, "Plan Rows": 15041, "Plan Width": 30, "Actual Startup Time": 2.608, "Actual Total Time": 669.701, "Actual Rows": 6152, "Actual Loops": 1, "Inner Unique": true, "Plans": [{"Node Type": "Hash Join", "Parent Relationship": "Outer", "Join Type": "Inner", "Startup Cost": 2.41, "Total Cost": 23985.89, "Plan Rows": 12936, "Plan Width": 9, "Actual Startup Time": 0.17, "Actual Total Time": 576.554, "Actual Rows": 15849, "Actual Loops": 1, "Inner Unique": true, "Hash Cond": "(mi_idx.info_type_id = it2.id)", "Plans": [{"Node Type": "Seq Scan", "Parent Relationship": "Outer", "Relation Name": "movie_info_idx", "Alias": "mi_idx", "Startup Cost": 0.0, "Total Cost": 23724.42, "Plan Rows": 51746, "Plan Width": 13, "Actual Startup Time": 0.087, "Actual Total Time": 560.355, "Actual Rows": 53649, "Actual Loops": 1, "Filter": "((info)::text > '8.0'::text)", "Rows Removed by Filter": 1326385}, {"Node Type": "Hash", "Parent Relationship": "Inner", "Startup Cost": 2.4, "Total Cost": 2.4, "Plan Rows": 1, "Plan Width": 4, "Actual Startup Time": 0.045, "Actual Total Time": 0.045, "Actual Rows": 1, "Actual Loops": 1, "Hash Buckets": 32768, "Hash Batches": 1, "Original Hash Batches": 1, "Peak Memory Usage": 1, "Plans": [{"Node Type": "Seq Scan", "Parent Relationship": "Outer", "Relation Name": "info_type", "Alias": "it2", "Startup Cost": 0.0, "Total Cost": 2.4, "Plan Rows": 1, "Plan Width": 4, "Actual Startup Time": 0.04, "Actual Total Time": 0.043, "Actual Rows": 1, "Actual Loops": 1, "Filter": "((info)::text = 'rating'::text)", "Rows Removed by Filter": 111}]}]}, {"Node Type": "Index Scan", "Parent Relationship": "Inner", "Scan Direction": "Forward", "Index Name": "title_pkey", "Relation Name": "title", "Alias": "t", "Startup Cost": 0.0, "Total Cost": 3.28, "Plan Rows": 1, "Plan Width": 21, "Actual Startup Time": 82.686, "Actual Total Time": 82.686, "Actual Rows": 6152, "Actual Loops": 15849, "Index Cond": "(id = mi_idx.movie_id)", "Rows Removed by Index Recheck": 0, "Filter": "((production_year >= 2008) AND (production_year <= 2014))", "Rows Removed by Filter": 9697}]}, {"Node Type": "Index Scan", "Parent Relationship": "Inner", "Scan Direction": "Forward", "Index Name": "movie_id_movie_info", "Relation Name": "movie_info", "Alias": "mi", "Startup Cost": 0.0, "Total Cost": 1.41, "Plan Rows": 1, "Plan Width": 50, "Actual Startup Time": 160.431, "Actual Total Time": 160.728, "Actual Rows": 358, "Actual Loops": 6152, "Index Cond": "(movie_id = t.id)", "Rows Removed by Index Recheck": 0, "Filter": "((note IS NULL) AND ((info)::text = ANY ('{Horror,Thriller}'::text[])))", "Rows Removed by Filter": 109599}]}, {"Node Type": "Hash", "Parent Relationship": "Inner", "Startup Cost": 2.4, "Total Cost": 2.4, "Plan Rows": 1, "Plan Width": 4, "Actual Startup Time": 0.061, "Actual Total Time": 0.061, "Actual Rows": 1, "Actual Loops": 1, "Hash Buckets": 32768, "Hash Batches": 1, "Original Hash Batches": 1, "Peak Memory Usage": 1, "Plans": [{"Node Type": "Seq Scan", "Parent Relationship": "Outer", "Relation Name": "info_type", "Alias": "it1", "Startup Cost": 0.0, "Total Cost": 2.4, "Plan Rows": 1, "Plan Width": 4, "Actual Startup Time": 0.032, "Actual Total Time": 0.055, "Actual Rows": 1, "Actual Loops": 1, "Filter": "((info)::text = 'genres'::text)", "Rows Removed by Filter": 111}]}]}, {"Node Type": "Index Scan", "Parent Relationship": "Inner", "Scan Direction": "Forward", "Index Name": "movie_id_cast_info", "Relation Name": "cast_info", "Alias": "ci", "Startup Cost": 0.0, "Total Cost": 2.34, "Plan Rows": 1, "Plan Width": 8, "Actual Startup Time": 29.515, "Actual Total Time": 37.433, "Actual Rows": 268, "Actual Loops": 358, "Index Cond": "(movie_id = t.id)", "Rows Removed by Index Recheck": 0, "Filter": "((note)::text = ANY ('{(writer),\"(head writer)\",\"(written by)\",(story),\"(story editor)\"}'::text[]))", "Rows Removed by Filter": 12296}]}, {"Node Type": "Index Scan", "Parent Relationship": "Inner", "Scan Direction": "Forward", "Index Name": "name_pkey", "Relation Name": "name", "Alias": "n", "Startup Cost": 0.0, "Total Cost": 0.49, "Plan Rows": 1, "Plan Width": 4, "Actual Startup Time": 2.79, "Actual Total Time": 2.79, "Actual Rows": 11, "Actual Loops": 268, "Index Cond": "(id = ci.person_id)", "Rows Removed by Index Recheck": 0, "Filter": "((gender IS NOT NULL) AND ((gender)::text = 'f'::text))", "Rows Removed by Filter": 257}]}]}, "Triggers": [], "Planner Runtime": 21.959, "Total Runtime": 875.795, "Unique SQL Id": 661781350}}, "(1, '105')": {"explain_plan": {"Plan": {"Node Type": "Aggregate", "Strategy": "Plain", "Startup Cost": 100763.69, "Total Cost": 100763.7, "Plan Rows": 1, "Plan Width": 160, "Plans": [{"Node Type": "Nested Loop", "Parent Relationship": "Outer", "Join Type": "Inner", "Startup Cost": 14.22, "Total Cost": 100762.05, "Plan Rows": 219, "Plan Width": 64, "Inner Unique": true, "Plans": [{"Node Type": "Nested Loop", "Parent Relationship": "Outer", "Join Type": "Inner", "Startup Cost": 14.22, "Total Cost": 100601.06, "Plan Rows": 321, "Plan Width": 68, "Inner Unique": false, "Plans": [{"Node Type": "Hash Join", "Parent Relationship": "Outer", "Join Type": "Inner", "Startup Cost": 14.22, "Total Cost": 99916.04, "Plan Rows": 291, "Plan Width": 76, "Inner Unique": true, "Hash Cond": "(mi.info_type_id = it1.id)", "Plans": [{"Node Type": "Nested Loop", "Parent Relationship": "Outer", "Join Type": "Inner", "Startup Cost": 0.0, "Total Cost": 99865.39, "Plan Rows": 13753, "Plan Width": 80, "Inner Unique": false, "Plans": [{"Node Type": "Nested Loop", "Parent Relationship": "Outer", "Join Type": "Inner", "Startup Cost": 0.0, "Total Cost": 78493.26, "Plan Rows": 15041, "Plan Width": 30, "Inner Unique": true, "Plans": [{"Node Type": "Nested Loop", "Parent Relationship": "Outer", "Join Type": "Inner", "Startup Cost": 0.0, "Total Cost": 35880.0, "Plan Rows": 12936, "Plan Width": 9, "Inner Unique": false, "Plans": [{"Node Type": "Index Scan", "Parent Relationship": "Outer", "Scan Direction": "Forward", "Index Name": "info_type_pkey", "Relation Name": "info_type", "Alias": "it2", "Startup Cost": 0.0, "Total Cost": 14.21, "Plan Rows": 1, "Plan Width": 4, "Filter": "((info)::text = 'rating'::text)"}, {"Node Type": "Index Scan", "Parent Relationship": "Inner", "Scan Direction": "Forward", "Index Name": "info_type_id_movie_info_idx", "Relation Name": "movie_info_idx", "Alias": "mi_idx", "Startup Cost": 0.0, "Total Cost": 35736.43, "Plan Rows": 12936, "Plan Width": 13, "Index Cond": "(info_type_id = it2.id)", "Filter": "((info)::text > '8.0'::text)"}]}, {"Node Type": "Index Scan", "Parent Relationship": "Inner", "Scan Direction": "Forward", "Index Name": "title_pkey", "Relation Name": "title", "Alias": "t", "Startup Cost": 0.0, "Total Cost": 3.28, "Plan Rows": 1, "Plan Width": 21, "Index Cond": "(id = mi_idx.movie_id)", "Filter": "((production_year >= 2008) AND (production_year <= 2014))"}]}, {"Node Type": "Index Scan", "Parent Relationship": "Inner", "Scan Direction": "Forward", "Index Name": "movie_id_movie_info", "Relation Name": "movie_info", "Alias": "mi", "Startup Cost": 0.0, "Total Cost": 1.41, "Plan Rows": 1, "Plan Width": 50, "Index Cond": "(movie_id = t.id)", "Filter": "((note IS NULL) AND ((info)::text = ANY ('{Horror,Thriller}'::text[])))"}]}, {"Node Type": "Hash", "Parent Relationship": "Inner", "Startup Cost": 14.21, "Total Cost": 14.21, "Plan Rows": 1, "Plan Width": 4, "Plans": [{"Node Type": "Index Scan", "Parent Relationship": "Outer", "Scan Direction": "Forward", "Index Name": "info_type_pkey", "Relation Name": "info_type", "Alias": "it1", "Startup Cost": 0.0, "Total Cost": 14.21, "Plan Rows": 1, "Plan Width": 4, "Filter": "((info)::text = 'genres'::text)"}]}]}, {"Node Type": "Index Scan", "Parent Relationship": "Inner", "Scan Direction": "Forward", "Index Name": "movie_id_cast_info", "Relation Name": "cast_info", "Alias": "ci", "Startup Cost": 0.0, "Total Cost": 2.34, "Plan Rows": 1, "Plan Width": 8, "Index Cond": "(movie_id = t.id)", "Filter": "((note)::text = ANY ('{(writer),\"(head writer)\",\"(written by)\",(story),\"(story editor)\"}'::text[]))"}]}, {"Node Type": "Index Scan", "Parent Relationship": "Inner", "Scan Direction": "Forward", "Index Name": "name_pkey", "Relation Name": "name", "Alias": "n", "Startup Cost": 0.0, "Total Cost": 0.49, "Plan Rows": 1, "Plan Width": 4, "Index Cond": "(id = ci.person_id)", "Filter": "((gender IS NOT NULL) AND ((gender)::text = 'f'::text))"}]}]}, "Unique SQL Id": 661781350, "Planner Runtime": 6}, "explain_analyze_plan": {"Plan": {"Node Type": "Aggregate", "Strategy": "Plain", "Startup Cost": 100763.69, "Total Cost": 100763.7, "Plan Rows": 1, "Plan Width": 160, "Actual Startup Time": 714.977, "Actual Total Time": 714.978, "Actual Rows": 1, "Actual Loops": 1, "Plans": [{"Node Type": "Nested Loop", "Parent Relationship": "Outer", "Join Type": "Inner", "Startup Cost": 14.22, "Total Cost": 100762.05, "Plan Rows": 219, "Plan Width": 64, "Actual Startup Time": 353.94, "Actual Total Time": 714.921, "Actual Rows": 11, "Actual Loops": 1, "Inner Unique": true, "Plans": [{"Node Type": "Nested Loop", "Parent Relationship": "Outer", "Join Type": "Inner", "Startup Cost": 14.22, "Total Cost": 100601.06, "Plan Rows": 321, "Plan Width": 68, "Actual Startup Time": 95.594, "Actual Total Time": 711.922, "Actual Rows": 268, "Actual Loops": 1, "Inner Unique": false, "Plans": [{"Node Type": "Hash Join", "Parent Relationship": "Outer", "Join Type": "Inner", "Startup Cost": 14.22, "Total Cost": 99916.04, "Plan Rows": 291, "Plan Width": 76, "Actual Startup Time": 11.683, "Actual Total Time": 673.979, "Actual Rows": 358, "Actual Loops": 1, "Inner Unique": true, "Hash Cond": "(mi.info_type_id = it1.id)", "Plans": [{"Node Type": "Nested Loop", "Parent Relationship": "Outer", "Join Type": "Inner", "Startup Cost": 0.0, "Total Cost": 99865.39, "Plan Rows": 13753, "Plan Width": 80, "Actual Startup Time": 11.564, "Actual Total Time": 673.493, "Actual Rows": 358, "Actual Loops": 1, "Inner Unique": false, "Plans": [{"Node Type": "Nested Loop", "Parent Relationship": "Outer", "Join Type": "Inner", "Startup Cost": 0.0, "Total Cost": 78493.26, "Plan Rows": 15041, "Plan Width": 30, "Actual Startup Time": 2.133, "Actual Total Time": 494.366, "Actual Rows": 6152, "Actual Loops": 1, "Inner Unique": true, "Plans": [{"Node Type": "Nested Loop", "Parent Relationship": "Outer", "Join Type": "Inner", "Startup Cost": 0.0, "Total Cost": 35880.0, "Plan Rows": 12936, "Plan Width": 9, "Actual Startup Time": 0.114, "Actual Total Time": 395.272, "Actual Rows": 15849, "Actual Loops": 1, "Inner Unique": false, "Plans": [{"Node Type": "Index Scan", "Parent Relationship": "Outer", "Scan Direction": "Forward", "Index Name": "info_type_pkey", "Relation Name": "info_type", "Alias": "it2", "Startup Cost": 0.0, "Total Cost": 14.21, "Plan Rows": 1, "Plan Width": 4, "Actual Startup Time": 0.066, "Actual Total Time": 0.08, "Actual Rows": 1, "Actual Loops": 1, "Filter": "((info)::text = 'rating'::text)", "Rows Removed by Filter": 111}, {"Node Type": "Index Scan", "Parent Relationship": "Inner", "Scan Direction": "Forward", "Index Name": "info_type_id_movie_info_idx", "Relation Name": "movie_info_idx", "Alias": "mi_idx", "Startup Cost": 0.0, "Total Cost": 35736.43, "Plan Rows": 12936, "Plan Width": 13, "Actual Startup Time": 0.045, "Actual Total Time": 391.48, "Actual Rows": 15849, "Actual Loops": 1, "Index Cond": "(info_type_id = it2.id)", "Rows Removed by Index Recheck": 0, "Filter": "((info)::text > '8.0'::text)", "Rows Removed by Filter": 444076}]}, {"Node Type": "Index Scan", "Parent Relationship": "Inner", "Scan Direction": "Forward", "Index Name": "title_pkey", "Relation Name": "title", "Alias": "t", "Startup Cost": 0.0, "Total Cost": 3.28, "Plan Rows": 1, "Plan Width": 21, "Actual Startup Time": 89.35, "Actual Total Time": 89.35, "Actual Rows": 6152, "Actual Loops": 15849, "Index Cond": "(id = mi_idx.movie_id)", "Rows Removed by Index Recheck": 0, "Filter": "((production_year >= 2008) AND (production_year <= 2014))", "Rows Removed by Filter": 9697}]}, {"Node Type": "Index Scan", "Parent Relationship": "Inner", "Scan Direction": "Forward", "Index Name": "movie_id_movie_info", "Relation Name": "movie_info", "Alias": "mi", "Startup Cost": 0.0, "Total Cost": 1.41, "Plan Rows": 1, "Plan Width": 50, "Actual Startup Time": 175.401, "Actual Total Time": 175.734, "Actual Rows": 358, "Actual Loops": 6152, "Index Cond": "(movie_id = t.id)", "Rows Removed by Index Recheck": 0, "Filter": "((note IS NULL) AND ((info)::text = ANY ('{Horror,Thriller}'::text[])))", "Rows Removed by Filter": 109599}]}, {"Node Type": "Hash", "Parent Relationship": "Inner", "Startup Cost": 14.21, "Total Cost": 14.21, "Plan Rows": 1, "Plan Width": 4, "Actual Startup Time": 0.07, "Actual Total Time": 0.07, "Actual Rows": 1, "Actual Loops": 1, "Hash Buckets": 32768, "Hash Batches": 1, "Original Hash Batches": 1, "Peak Memory Usage": 1, "Plans": [{"Node Type": "Index Scan", "Parent Relationship": "Outer", "Scan Direction": "Forward", "Index Name": "info_type_pkey", "Relation Name": "info_type", "Alias": "it1", "Startup Cost": 0.0, "Total Cost": 14.21, "Plan Rows": 1, "Plan Width": 4, "Actual Startup Time": 0.017, "Actual Total Time": 0.065, "Actual Rows": 1, "Actual Loops": 1, "Filter": "((info)::text = 'genres'::text)", "Rows Removed by Filter": 111}]}]}, {"Node Type": "Index Scan", "Parent Relationship": "Inner", "Scan Direction": "Forward", "Index Name": "movie_id_cast_info", "Relation Name": "cast_info", "Alias": "ci", "Startup Cost": 0.0, "Total Cost": 2.34, "Plan Rows": 1, "Plan Width": 8, "Actual Startup Time": 29.454, "Actual Total Time": 37.49, "Actual Rows": 268, "Actual Loops": 358, "Index Cond": "(movie_id = t.id)", "Rows Removed by Index Recheck": 0, "Filter": "((note)::text = ANY ('{(writer),\"(head writer)\",\"(written by)\",(story),\"(story editor)\"}'::text[]))", "Rows Removed by Filter": 12296}]}, {"Node Type": "Index Scan", "Parent Relationship": "Inner", "Scan Direction": "Forward", "Index Name": "name_pkey", "Relation Name": "name", "Alias": "n", "Startup Cost": 0.0, "Total Cost": 0.49, "Plan Rows": 1, "Plan Width": 4, "Actual Startup Time": 2.756, "Actual Total Time": 2.756, "Actual Rows": 11, "Actual Loops": 268, "Index Cond": "(id = ci.person_id)", "Rows Removed by Index Recheck": 0, "Filter": "((gender IS NOT NULL) AND ((gender)::text = 'f'::text))", "Rows Removed by Filter": 257}]}]}, "Triggers": [], "Planner Runtime": 16.071, "Total Runtime": 715.303, "Unique SQL Id": 661781350}}, "(1, '106')": {"explain_plan": {"Plan": {"Node Type": "Aggregate", "Strategy": "Plain", "Startup Cost": 1385442.97, "Total Cost": 1385442.98, "Plan Rows": 1, "Plan Width": 160, "Plans": [{"Node Type": "Hash Join", "Parent Relationship": "Outer", "Join Type": "Inner", "Startup Cost": 552308.93, "Total Cost": 1385441.22, "Plan Rows": 233, "Plan Width": 64, "Inner Unique": false, "Hash Cond": "(t.id = mi_idx.movie_id)", "Plans": [{"Node Type": "Hash Join", "Parent Relationship": "Outer", "Join Type": "Inner", "Startup Cost": 528161.35, "Total Cost": 1361274.19, "Plan Rows": 907, "Plan Width": 71, "Inner Unique": true, "Hash Cond": "(ci.person_id = n.id)", "Plans": [{"Node Type": "Hash Join", "Parent Relationship": "Outer", "Join Type": "Inner", "Startup Cost": 416866.67, "Total Cost": 1249965.77, "Plan Rows": 1249, "Plan Width": 75, "Inner Unique": false, "Hash Cond": "(ci.movie_id = t.id)", "Plans": [{"Node Type": "Seq Scan", "Parent Relationship": "Outer", "Relation Name": "cast_info", "Alias": "ci", "Startup Cost": 0.0, "Total Cost": 828499.78, "Plan Rows": 1223154, "Plan Width": 8, "Filter": "((note)::text = ANY ('{(writer),\"(head writer)\",\"(written by)\",(story),\"(story editor)\"}'::text[]))"}, {"Node Type": "Hash", "Parent Relationship": "Inner", "Startup Cost": 416852.56, "Total Cost": 416852.56, "Plan Rows": 1129, "Plan Width": 67, "Plans": [{"Node Type": "Hash Join", "Parent Relationship": "Outer", "Join Type": "Inner", "Startup Cost": 82494.99, "Total Cost": 416852.56, "Plan Rows": 1129, "Plan Width": 67, "Inner Unique": true, "Hash Cond": "(mi.movie_id = t.id)", "Plans": [{"Node Type": "Hash Join", "Parent Relationship": "Outer", "Join Type": "Inner", "Startup Cost": 2.41, "Total Cost": 334345.05, "Plan Rows": 971, "Plan Width": 46, "Inner Unique": true, "Hash Cond": "(mi.info_type_id = it1.id)", "Plans": [{"Node Type": "Seq Scan", "Parent Relationship": "Outer", "Relation Name": "movie_info", "Alias": "mi", "Startup Cost": 0.0, "Total Cost": 334162.58, "Plan Rows": 67971, "Plan Width": 50, "Filter": "((note IS NULL) AND ((info)::text = ANY ('{Horror,Thriller}'::text[])))"}, {"Node Type": "Hash", "Parent Relationship": "Inner", "Startup Cost": 2.4, "Total Cost": 2.4, "Plan Rows": 1, "Plan Width": 4, "Plans": [{"Node Type": "Seq Scan", "Parent Relationship": "Outer", "Relation Name": "info_type", "Alias": "it1", "Startup Cost": 0.0, "Total Cost": 2.4, "Plan Rows": 1, "Plan Width": 4, "Filter": "((info)::text = 'genres'::text)"}]}]}, {"Node Type": "Hash", "Parent Relationship": "Inner", "Startup Cost": 72710.67, "Total Cost": 72710.67, "Plan Rows": 782553, "Plan Width": 21, "Plans": [{"Node Type": "Seq Scan", "Parent Relationship": "Outer", "Relation Name": "title", "Alias": "t", "Startup Cost": 331.36, "Total Cost": 72710.67, "Plan Rows": 782553, "Plan Width": 21, "Filter": "((production_year >= 2008) AND (production_year <= 2014)), (LLVM Optimized)"}]}]}]}]}, {"Node Type": "Hash", "Parent Relationship": "Inner", "Startup Cost": 103490.62, "Total Cost": 103490.62, "Plan Rows": 624324, "Plan Width": 4, "Plans": [{"Node Type": "Seq Scan", "Parent Relationship": "Outer", "Relation Name": "name", "Alias": "n", "Startup Cost": 0.0, "Total Cost": 103490.62, "Plan Rows": 624324, "Plan Width": 4, "Filter": "((gender IS NOT NULL) AND ((gender)::text = 'f'::text)), (LLVM Optimized)"}]}]}, {"Node Type": "Hash", "Parent Relationship": "Inner", "Startup Cost": 23985.89, "Total Cost": 23985.89, "Plan Rows": 12936, "Plan Width": 9, "Plans": [{"Node Type": "Hash Join", "Parent Relationship": "Outer", "Join Type": "Inner", "Startup Cost": 2.41, "Total Cost": 23985.89, "Plan Rows": 12936, "Plan Width": 9, "Inner Unique": true, "Hash Cond": "(mi_idx.info_type_id = it2.id)", "Plans": [{"Node Type": "Seq Scan", "Parent Relationship": "Outer", "Relation Name": "movie_info_idx", "Alias": "mi_idx", "Startup Cost": 0.0, "Total Cost": 23724.42, "Plan Rows": 51746, "Plan Width": 13, "Filter": "((info)::text > '8.0'::text)"}, {"Node Type": "Hash", "Parent Relationship": "Inner", "Startup Cost": 2.4, "Total Cost": 2.4, "Plan Rows": 1, "Plan Width": 4, "Plans": [{"Node Type": "Seq Scan", "Parent Relationship": "Outer", "Relation Name": "info_type", "Alias": "it2", "Startup Cost": 0.0, "Total Cost": 2.4, "Plan Rows": 1, "Plan Width": 4, "Filter": "((info)::text = 'rating'::text)"}]}]}]}]}]}, "Unique SQL Id": 661781350, "Planner Runtime": 24}, "explain_analyze_plan": null}, "(1, '107')": {"explain_plan": {"Plan": {"Node Type": "Aggregate", "Strategy": "Plain", "Startup Cost": 7000242584121.54, "Total Cost": 7000242584121.55, "Plan Rows": 1, "Plan Width": 160, "Plans": [{"Node Type": "Hash Join", "Parent Relationship": "Outer", "Join Type": "Inner", "Startup Cost": 5020226198614.13, "Total Cost": 7000242584119.8, "Plan Rows": 233, "Plan Width": 64, "Inner Unique": true, "Hash Cond": "(mi.movie_id = t.id)", "Plans": [{"Node Type": "Hash Join", "Parent Relationship": "Outer", "Join Type": "Inner", "Startup Cost": 4020213912627.8, "Total Cost": 6000230298130.39, "Plan Rows": 200, "Plan Width": 59, "Inner Unique": true, "Hash Cond": "(ci.person_id = n.id)", "Plans": [{"Node Type": "Hash Join", "Parent Relationship": "Outer", "Join Type": "Inner", "Startup Cost": 3020195239676.55, "Total Cost": 5000211625176.1, "Plan Rows": 276, "Plan Width": 63, "Inner Unique": false, "Hash Cond": "(mi.movie_id = ci.movie_id)", "Plans": [{"Node Type": "Hash Join", "Parent Relationship": "Outer", "Join Type": "Inner", "Startup Cost": 2020001913370.16, "Total Cost": 4000018297985.07, "Plan Rows": 250, "Plan Width": 55, "Inner Unique": false, "Hash Cond": "(mi.movie_id = mi_idx.movie_id)", "Plans": [{"Node Type": "Nested Loop", "Parent Relationship": "Outer", "Join Type": "Inner", "Startup Cost": 20000004841.7, "Total Cost": 2000016389426.2, "Plan Rows": 971, "Plan Width": 46, "Inner Unique": false, "Plans": [{"Node Type": "Index Scan", "Parent Relationship": "Outer", "Scan Direction": "Forward", "Index Name": "info_type_pkey", "Relation Name": "info_type", "Alias": "it1", "Startup Cost": 10000000000.0, "Total Cost": 1000000001421.0, "Plan Rows": 1, "Plan Width": 4, "Filter": "((info)::text = 'genres'::text)"}, {"Node Type": "Bitmap Heap Scan", "Parent Relationship": "Inner", "Relation Name": "movie_info", "Alias": "mi", "Startup Cost": 10000004841.7, "Total Cost": 1000016387995.49, "Plan Rows": 971, "Plan Width": 50, "Recheck Cond": "(info_type_id = it1.id)", "Filter": "((note IS NULL) AND ((info)::text = ANY ('{Horror,Thriller}'::text[])))", "Plans": [{"Node Type": "Bitmap Index Scan", "Parent Relationship": "Outer", "Index Name": "info_type_id_movie_info", "Startup Cost": 0.0, "Total Cost": 4841.46, "Plan Rows": 212428, "Plan Width": 0, "Index Cond": "(info_type_id = it1.id)"}]}]}, {"Node Type": "Hash", "Parent Relationship": "Inner", "Startup Cost": 2000001908366.76, "Total Cost": 2000001908366.76, "Plan Rows": 12936, "Plan Width": 9, "Plans": [{"Node Type": "Nested Loop", "Parent Relationship": "Outer", "Join Type": "Inner", "Startup Cost": 20000007419.04, "Total Cost": 2000001908366.76, "Plan Rows": 12936, "Plan Width": 9, "Inner Unique": false, "Plans": [{"Node Type": "Index Scan", "Parent Relationship": "Outer", "Scan Direction": "Forward", "Index Name": "info_type_pkey", "Relation Name": "info_type", "Alias": "it2", "Startup Cost": 10000000000.0, "Total Cost": 1000000001421.0, "Plan Rows": 1, "Plan Width": 4, "Filter": "((info)::text = 'rating'::text)"}, {"Node Type": "Bitmap Heap Scan", "Parent Relationship": "Inner", "Relation Name": "movie_info_idx", "Alias": "mi_idx", "Startup Cost": 10000007419.04, "Total Cost": 1000001906816.4, "Plan Rows": 12936, "Plan Width": 13, "Recheck Cond": "(info_type_id = it2.id)", "Filter": "((info)::text > '8.0'::text)", "Plans": [{"Node Type": "Bitmap Index Scan", "Parent Relationship": "Outer", "Index Name": "info_type_id_movie_info_idx", "Startup Cost": 0.0, "Total Cost": 7415.81, "Plan Rows": 345008, "Plan Width": 0, "Index Cond": "(info_type_id = it2.id)"}]}]}]}]}, {"Node Type": "Hash", "Parent Relationship": "Inner", "Startup Cost": 1000193311016.96, "Total Cost": 1000193311016.96, "Plan Rows": 1223154, "Plan Width": 8, "Plans": [{"Node Type": "Index Scan", "Parent Relationship": "Outer", "Scan Direction": "Forward", "Index Name": "person_id_cast_info", "Relation Name": "cast_info", "Alias": "ci", "Startup Cost": 10000000000.0, "Total Cost": 1000193311016.96, "Plan Rows": 1223154, "Plan Width": 8, "Filter": "((note)::text = ANY ('{(writer),\"(head writer)\",\"(written by)\",(story),\"(story editor)\"}'::text[]))"}]}]}, {"Node Type": "Hash", "Parent Relationship": "Inner", "Startup Cost": 1000018665147.2, "Total Cost": 1000018665147.2, "Plan Rows": 624324, "Plan Width": 4, "Plans": [{"Node Type": "Index Scan", "Parent Relationship": "Outer", "Scan Direction": "Forward", "Index Name": "name_pkey", "Relation Name": "name", "Alias": "n", "Startup Cost": 10000000000.0, "Total Cost": 1000018665147.2, "Plan Rows": 624324, "Plan Width": 4, "Filter": "((gender IS NOT NULL) AND ((gender)::text = 'f'::text)), (LLVM Optimized)"}]}]}, {"Node Type": "Hash", "Parent Relationship": "Inner", "Startup Cost": 1000012276204.41, "Total Cost": 1000012276204.41, "Plan Rows": 782553, "Plan Width": 21, "Plans": [{"Node Type": "Index Scan", "Parent Relationship": "Outer", "Scan Direction": "Forward", "Index Name": "title_pkey", "Relation Name": "title", "Alias": "t", "Startup Cost": 10000000000.0, "Total Cost": 1000012276204.41, "Plan Rows": 782553, "Plan Width": 21, "Filter": "((production_year >= 2008) AND (production_year <= 2014)), (LLVM Optimized)"}]}]}]}, "Unique SQL Id": 661781350, "Planner Runtime": 24}, "explain_analyze_plan": null}, "(1, '108')": {"explain_plan": {"Plan": {"Node Type": "Aggregate", "Strategy": "Plain", "Startup Cost": 88857.77, "Total Cost": 88857.78, "Plan Rows": 1, "Plan Width": 160, "Plans": [{"Node Type": "Nested Loop", "Parent Relationship": "Outer", "Join Type": "Inner", "Startup Cost": 4.83, "Total Cost": 88856.13, "Plan Rows": 219, "Plan Width": 64, "Inner Unique": true, "Plans": [{"Node Type": "Nested Loop", "Parent Relationship": "Outer", "Join Type": "Inner", "Startup Cost": 4.83, "Total Cost": 88695.14, "Plan Rows": 321, "Plan Width": 68, "Inner Unique": false, "Plans": [{"Node Type": "Hash Join", "Parent Relationship": "Outer", "Join Type": "Inner", "Startup Cost": 4.83, "Total Cost": 88010.11, "Plan Rows": 291, "Plan Width": 76, "Inner Unique": true, "Hash Cond": "(mi.info_type_id = it1.id)", "Plans": [{"Node Type": "Nested Loop", "Parent Relationship": "Outer", "Join Type": "Inner", "Startup Cost": 2.41, "Total Cost": 87971.27, "Plan Rows": 13753, "Plan Width": 80, "Inner Unique": false, "Plans": [{"Node Type": "Nested Loop", "Parent Relationship": "Outer", "Join Type": "Inner", "Startup Cost": 2.41, "Total Cost": 66599.14, "Plan Rows": 15041, "Plan Width": 30, "Inner Unique": true, "Plans": [{"Node Type": "Hash Join", "Parent Relationship": "Outer", "Join Type": "Inner", "Startup Cost": 2.41, "Total Cost": 23985.89, "Plan Rows": 12936, "Plan Width": 9, "Inner Unique": true, "Hash Cond": "(mi_idx.info_type_id = it2.id)", "Plans": [{"Node Type": "Seq Scan", "Parent Relationship": "Outer", "Relation Name": "movie_info_idx", "Alias": "mi_idx", "Startup Cost": 0.0, "Total Cost": 23724.42, "Plan Rows": 51746, "Plan Width": 13, "Filter": "((info)::text > '8.0'::text)"}, {"Node Type": "Hash", "Parent Relationship": "Inner", "Startup Cost": 2.4, "Total Cost": 2.4, "Plan Rows": 1, "Plan Width": 4, "Plans": [{"Node Type": "Seq Scan", "Parent Relationship": "Outer", "Relation Name": "info_type", "Alias": "it2", "Startup Cost": 0.0, "Total Cost": 2.4, "Plan Rows": 1, "Plan Width": 4, "Filter": "((info)::text = 'rating'::text)"}]}]}, {"Node Type": "Index Scan", "Parent Relationship": "Inner", "Scan Direction": "Forward", "Index Name": "title_pkey", "Relation Name": "title", "Alias": "t", "Startup Cost": 0.0, "Total Cost": 3.28, "Plan Rows": 1, "Plan Width": 21, "Index Cond": "(id = mi_idx.movie_id)", "Filter": "((production_year >= 2008) AND (production_year <= 2014))"}]}, {"Node Type": "Index Scan", "Parent Relationship": "Inner", "Scan Direction": "Forward", "Index Name": "movie_id_movie_info", "Relation Name": "movie_info", "Alias": "mi", "Startup Cost": 0.0, "Total Cost": 1.41, "Plan Rows": 1, "Plan Width": 50, "Index Cond": "(movie_id = t.id)", "Filter": "((note IS NULL) AND ((info)::text = ANY ('{Horror,Thriller}'::text[])))"}]}, {"Node Type": "Hash", "Parent Relationship": "Inner", "Startup Cost": 2.4, "Total Cost": 2.4, "Plan Rows": 1, "Plan Width": 4, "Plans": [{"Node Type": "Seq Scan", "Parent Relationship": "Outer", "Relation Name": "info_type", "Alias": "it1", "Startup Cost": 0.0, "Total Cost": 2.4, "Plan Rows": 1, "Plan Width": 4, "Filter": "((info)::text = 'genres'::text)"}]}]}, {"Node Type": "Index Scan", "Parent Relationship": "Inner", "Scan Direction": "Forward", "Index Name": "movie_id_cast_info", "Relation Name": "cast_info", "Alias": "ci", "Startup Cost": 0.0, "Total Cost": 2.34, "Plan Rows": 1, "Plan Width": 8, "Index Cond": "(movie_id = t.id)", "Filter": "((note)::text = ANY ('{(writer),\"(head writer)\",\"(written by)\",(story),\"(story editor)\"}'::text[]))"}]}, {"Node Type": "Index Scan", "Parent Relationship": "Inner", "Scan Direction": "Forward", "Index Name": "name_pkey", "Relation Name": "name", "Alias": "n", "Startup Cost": 0.0, "Total Cost": 0.49, "Plan Rows": 1, "Plan Width": 4, "Index Cond": "(id = ci.person_id)", "Filter": "((gender IS NOT NULL) AND ((gender)::text = 'f'::text))"}]}]}, "Unique SQL Id": 661781350, "Planner Runtime": 10}, "explain_analyze_plan": {"Plan": {"Node Type": "Aggregate", "Strategy": "Plain", "Startup Cost": 88857.77, "Total Cost": 88857.78, "Plan Rows": 1, "Plan Width": 160, "Actual Startup Time": 875.488, "Actual Total Time": 875.489, "Actual Rows": 1, "Actual Loops": 1, "Plans": [{"Node Type": "Nested Loop", "Parent Relationship": "Outer", "Join Type": "Inner", "Startup Cost": 4.83, "Total Cost": 88856.13, "Plan Rows": 219, "Plan Width": 64, "Actual Startup Time": 406.885, "Actual Total Time": 875.429, "Actual Rows": 11, "Actual Loops": 1, "Inner Unique": true, "Plans": [{"Node Type": "Nested Loop", "Parent Relationship": "Outer", "Join Type": "Inner", "Startup Cost": 4.83, "Total Cost": 88695.14, "Plan Rows": 321, "Plan Width": 68, "Actual Startup Time": 105.59, "Actual Total Time": 872.355, "Actual Rows": 268, "Actual Loops": 1, "Inner Unique": false, "Plans": [{"Node Type": "Hash Join", "Parent Relationship": "Outer", "Join Type": "Inner", "Startup Cost": 4.83, "Total Cost": 88010.11, "Plan Rows": 291, "Plan Width": 76, "Actual Startup Time": 14.057, "Actual Total Time": 834.469, "Actual Rows": 358, "Actual Loops": 1, "Inner Unique": true, "Hash Cond": "(mi.info_type_id = it1.id)", "Plans": [{"Node Type": "Nested Loop", "Parent Relationship": "Outer", "Join Type": "Inner", "Startup Cost": 2.41, "Total Cost": 87971.27, "Plan Rows": 13753, "Plan Width": 80, "Actual Startup Time": 13.947, "Actual Total Time": 833.99, "Actual Rows": 358, "Actual Loops": 1, "Inner Unique": false, "Plans": [{"Node Type": "Nested Loop", "Parent Relationship": "Outer", "Join Type": "Inner", "Startup Cost": 2.41, "Total Cost": 66599.14, "Plan Rows": 15041, "Plan Width": 30, "Actual Startup Time": 2.608, "Actual Total Time": 669.701, "Actual Rows": 6152, "Actual Loops": 1, "Inner Unique": true, "Plans": [{"Node Type": "Hash Join", "Parent Relationship": "Outer", "Join Type": "Inner", "Startup Cost": 2.41, "Total Cost": 23985.89, "Plan Rows": 12936, "Plan Width": 9, "Actual Startup Time": 0.17, "Actual Total Time": 576.554, "Actual Rows": 15849, "Actual Loops": 1, "Inner Unique": true, "Hash Cond": "(mi_idx.info_type_id = it2.id)", "Plans": [{"Node Type": "Seq Scan", "Parent Relationship": "Outer", "Relation Name": "movie_info_idx", "Alias": "mi_idx", "Startup Cost": 0.0, "Total Cost": 23724.42, "Plan Rows": 51746, "Plan Width": 13, "Actual Startup Time": 0.087, "Actual Total Time": 560.355, "Actual Rows": 53649, "Actual Loops": 1, "Filter": "((info)::text > '8.0'::text)", "Rows Removed by Filter": 1326385}, {"Node Type": "Hash", "Parent Relationship": "Inner", "Startup Cost": 2.4, "Total Cost": 2.4, "Plan Rows": 1, "Plan Width": 4, "Actual Startup Time": 0.045, "Actual Total Time": 0.045, "Actual Rows": 1, "Actual Loops": 1, "Hash Buckets": 32768, "Hash Batches": 1, "Original Hash Batches": 1, "Peak Memory Usage": 1, "Plans": [{"Node Type": "Seq Scan", "Parent Relationship": "Outer", "Relation Name": "info_type", "Alias": "it2", "Startup Cost": 0.0, "Total Cost": 2.4, "Plan Rows": 1, "Plan Width": 4, "Actual Startup Time": 0.04, "Actual Total Time": 0.043, "Actual Rows": 1, "Actual Loops": 1, "Filter": "((info)::text = 'rating'::text)", "Rows Removed by Filter": 111}]}]}, {"Node Type": "Index Scan", "Parent Relationship": "Inner", "Scan Direction": "Forward", "Index Name": "title_pkey", "Relation Name": "title", "Alias": "t", "Startup Cost": 0.0, "Total Cost": 3.28, "Plan Rows": 1, "Plan Width": 21, "Actual Startup Time": 82.686, "Actual Total Time": 82.686, "Actual Rows": 6152, "Actual Loops": 15849, "Index Cond": "(id = mi_idx.movie_id)", "Rows Removed by Index Recheck": 0, "Filter": "((production_year >= 2008) AND (production_year <= 2014))", "Rows Removed by Filter": 9697}]}, {"Node Type": "Index Scan", "Parent Relationship": "Inner", "Scan Direction": "Forward", "Index Name": "movie_id_movie_info", "Relation Name": "movie_info", "Alias": "mi", "Startup Cost": 0.0, "Total Cost": 1.41, "Plan Rows": 1, "Plan Width": 50, "Actual Startup Time": 160.431, "Actual Total Time": 160.728, "Actual Rows": 358, "Actual Loops": 6152, "Index Cond": "(movie_id = t.id)", "Rows Removed by Index Recheck": 0, "Filter": "((note IS NULL) AND ((info)::text = ANY ('{Horror,Thriller}'::text[])))", "Rows Removed by Filter": 109599}]}, {"Node Type": "Hash", "Parent Relationship": "Inner", "Startup Cost": 2.4, "Total Cost": 2.4, "Plan Rows": 1, "Plan Width": 4, "Actual Startup Time": 0.061, "Actual Total Time": 0.061, "Actual Rows": 1, "Actual Loops": 1, "Hash Buckets": 32768, "Hash Batches": 1, "Original Hash Batches": 1, "Peak Memory Usage": 1, "Plans": [{"Node Type": "Seq Scan", "Parent Relationship": "Outer", "Relation Name": "info_type", "Alias": "it1", "Startup Cost": 0.0, "Total Cost": 2.4, "Plan Rows": 1, "Plan Width": 4, "Actual Startup Time": 0.032, "Actual Total Time": 0.055, "Actual Rows": 1, "Actual Loops": 1, "Filter": "((info)::text = 'genres'::text)", "Rows Removed by Filter": 111}]}]}, {"Node Type": "Index Scan", "Parent Relationship": "Inner", "Scan Direction": "Forward", "Index Name": "movie_id_cast_info", "Relation Name": "cast_info", "Alias": "ci", "Startup Cost": 0.0, "Total Cost": 2.34, "Plan Rows": 1, "Plan Width": 8, "Actual Startup Time": 29.515, "Actual Total Time": 37.433, "Actual Rows": 268, "Actual Loops": 358, "Index Cond": "(movie_id = t.id)", "Rows Removed by Index Recheck": 0, "Filter": "((note)::text = ANY ('{(writer),\"(head writer)\",\"(written by)\",(story),\"(story editor)\"}'::text[]))", "Rows Removed by Filter": 12296}]}, {"Node Type": "Index Scan", "Parent Relationship": "Inner", "Scan Direction": "Forward", "Index Name": "name_pkey", "Relation Name": "name", "Alias": "n", "Startup Cost": 0.0, "Total Cost": 0.49, "Plan Rows": 1, "Plan Width": 4, "Actual Startup Time": 2.79, "Actual Total Time": 2.79, "Actual Rows": 11, "Actual Loops": 268, "Index Cond": "(id = ci.person_id)", "Rows Removed by Index Recheck": 0, "Filter": "((gender IS NOT NULL) AND ((gender)::text = 'f'::text))", "Rows Removed by Filter": 257}]}]}, "Triggers": [], "Planner Runtime": 21.959, "Total Runtime": 875.795, "Unique SQL Id": 661781350}}, "(1, '109')": {"explain_plan": {"Plan": {"Node Type": "Aggregate", "Strategy": "Plain", "Startup Cost": 100763.69, "Total Cost": 100763.7, "Plan Rows": 1, "Plan Width": 160, "Plans": [{"Node Type": "Nested Loop", "Parent Relationship": "Outer", "Join Type": "Inner", "Startup Cost": 14.22, "Total Cost": 100762.05, "Plan Rows": 219, "Plan Width": 64, "Inner Unique": true, "Plans": [{"Node Type": "Nested Loop", "Parent Relationship": "Outer", "Join Type": "Inner", "Startup Cost": 14.22, "Total Cost": 100601.06, "Plan Rows": 321, "Plan Width": 68, "Inner Unique": false, "Plans": [{"Node Type": "Hash Join", "Parent Relationship": "Outer", "Join Type": "Inner", "Startup Cost": 14.22, "Total Cost": 99916.04, "Plan Rows": 291, "Plan Width": 76, "Inner Unique": true, "Hash Cond": "(mi.info_type_id = it1.id)", "Plans": [{"Node Type": "Nested Loop", "Parent Relationship": "Outer", "Join Type": "Inner", "Startup Cost": 0.0, "Total Cost": 99865.39, "Plan Rows": 13753, "Plan Width": 80, "Inner Unique": false, "Plans": [{"Node Type": "Nested Loop", "Parent Relationship": "Outer", "Join Type": "Inner", "Startup Cost": 0.0, "Total Cost": 78493.26, "Plan Rows": 15041, "Plan Width": 30, "Inner Unique": true, "Plans": [{"Node Type": "Nested Loop", "Parent Relationship": "Outer", "Join Type": "Inner", "Startup Cost": 0.0, "Total Cost": 35880.0, "Plan Rows": 12936, "Plan Width": 9, "Inner Unique": false, "Plans": [{"Node Type": "Index Scan", "Parent Relationship": "Outer", "Scan Direction": "Forward", "Index Name": "info_type_pkey", "Relation Name": "info_type", "Alias": "it2", "Startup Cost": 0.0, "Total Cost": 14.21, "Plan Rows": 1, "Plan Width": 4, "Filter": "((info)::text = 'rating'::text)"}, {"Node Type": "Index Scan", "Parent Relationship": "Inner", "Scan Direction": "Forward", "Index Name": "info_type_id_movie_info_idx", "Relation Name": "movie_info_idx", "Alias": "mi_idx", "Startup Cost": 0.0, "Total Cost": 35736.43, "Plan Rows": 12936, "Plan Width": 13, "Index Cond": "(info_type_id = it2.id)", "Filter": "((info)::text > '8.0'::text)"}]}, {"Node Type": "Index Scan", "Parent Relationship": "Inner", "Scan Direction": "Forward", "Index Name": "title_pkey", "Relation Name": "title", "Alias": "t", "Startup Cost": 0.0, "Total Cost": 3.28, "Plan Rows": 1, "Plan Width": 21, "Index Cond": "(id = mi_idx.movie_id)", "Filter": "((production_year >= 2008) AND (production_year <= 2014))"}]}, {"Node Type": "Index Scan", "Parent Relationship": "Inner", "Scan Direction": "Forward", "Index Name": "movie_id_movie_info", "Relation Name": "movie_info", "Alias": "mi", "Startup Cost": 0.0, "Total Cost": 1.41, "Plan Rows": 1, "Plan Width": 50, "Index Cond": "(movie_id = t.id)", "Filter": "((note IS NULL) AND ((info)::text = ANY ('{Horror,Thriller}'::text[])))"}]}, {"Node Type": "Hash", "Parent Relationship": "Inner", "Startup Cost": 14.21, "Total Cost": 14.21, "Plan Rows": 1, "Plan Width": 4, "Plans": [{"Node Type": "Index Scan", "Parent Relationship": "Outer", "Scan Direction": "Forward", "Index Name": "info_type_pkey", "Relation Name": "info_type", "Alias": "it1", "Startup Cost": 0.0, "Total Cost": 14.21, "Plan Rows": 1, "Plan Width": 4, "Filter": "((info)::text = 'genres'::text)"}]}]}, {"Node Type": "Index Scan", "Parent Relationship": "Inner", "Scan Direction": "Forward", "Index Name": "movie_id_cast_info", "Relation Name": "cast_info", "Alias": "ci", "Startup Cost": 0.0, "Total Cost": 2.34, "Plan Rows": 1, "Plan Width": 8, "Index Cond": "(movie_id = t.id)", "Filter": "((note)::text = ANY ('{(writer),\"(head writer)\",\"(written by)\",(story),\"(story editor)\"}'::text[]))"}]}, {"Node Type": "Index Scan", "Parent Relationship": "Inner", "Scan Direction": "Forward", "Index Name": "name_pkey", "Relation Name": "name", "Alias": "n", "Startup Cost": 0.0, "Total Cost": 0.49, "Plan Rows": 1, "Plan Width": 4, "Index Cond": "(id = ci.person_id)", "Filter": "((gender IS NOT NULL) AND ((gender)::text = 'f'::text))"}]}]}, "Unique SQL Id": 661781350, "Planner Runtime": 6}, "explain_analyze_plan": {"Plan": {"Node Type": "Aggregate", "Strategy": "Plain", "Startup Cost": 100763.69, "Total Cost": 100763.7, "Plan Rows": 1, "Plan Width": 160, "Actual Startup Time": 714.977, "Actual Total Time": 714.978, "Actual Rows": 1, "Actual Loops": 1, "Plans": [{"Node Type": "Nested Loop", "Parent Relationship": "Outer", "Join Type": "Inner", "Startup Cost": 14.22, "Total Cost": 100762.05, "Plan Rows": 219, "Plan Width": 64, "Actual Startup Time": 353.94, "Actual Total Time": 714.921, "Actual Rows": 11, "Actual Loops": 1, "Inner Unique": true, "Plans": [{"Node Type": "Nested Loop", "Parent Relationship": "Outer", "Join Type": "Inner", "Startup Cost": 14.22, "Total Cost": 100601.06, "Plan Rows": 321, "Plan Width": 68, "Actual Startup Time": 95.594, "Actual Total Time": 711.922, "Actual Rows": 268, "Actual Loops": 1, "Inner Unique": false, "Plans": [{"Node Type": "Hash Join", "Parent Relationship": "Outer", "Join Type": "Inner", "Startup Cost": 14.22, "Total Cost": 99916.04, "Plan Rows": 291, "Plan Width": 76, "Actual Startup Time": 11.683, "Actual Total Time": 673.979, "Actual Rows": 358, "Actual Loops": 1, "Inner Unique": true, "Hash Cond": "(mi.info_type_id = it1.id)", "Plans": [{"Node Type": "Nested Loop", "Parent Relationship": "Outer", "Join Type": "Inner", "Startup Cost": 0.0, "Total Cost": 99865.39, "Plan Rows": 13753, "Plan Width": 80, "Actual Startup Time": 11.564, "Actual Total Time": 673.493, "Actual Rows": 358, "Actual Loops": 1, "Inner Unique": false, "Plans": [{"Node Type": "Nested Loop", "Parent Relationship": "Outer", "Join Type": "Inner", "Startup Cost": 0.0, "Total Cost": 78493.26, "Plan Rows": 15041, "Plan Width": 30, "Actual Startup Time": 2.133, "Actual Total Time": 494.366, "Actual Rows": 6152, "Actual Loops": 1, "Inner Unique": true, "Plans": [{"Node Type": "Nested Loop", "Parent Relationship": "Outer", "Join Type": "Inner", "Startup Cost": 0.0, "Total Cost": 35880.0, "Plan Rows": 12936, "Plan Width": 9, "Actual Startup Time": 0.114, "Actual Total Time": 395.272, "Actual Rows": 15849, "Actual Loops": 1, "Inner Unique": false, "Plans": [{"Node Type": "Index Scan", "Parent Relationship": "Outer", "Scan Direction": "Forward", "Index Name": "info_type_pkey", "Relation Name": "info_type", "Alias": "it2", "Startup Cost": 0.0, "Total Cost": 14.21, "Plan Rows": 1, "Plan Width": 4, "Actual Startup Time": 0.066, "Actual Total Time": 0.08, "Actual Rows": 1, "Actual Loops": 1, "Filter": "((info)::text = 'rating'::text)", "Rows Removed by Filter": 111}, {"Node Type": "Index Scan", "Parent Relationship": "Inner", "Scan Direction": "Forward", "Index Name": "info_type_id_movie_info_idx", "Relation Name": "movie_info_idx", "Alias": "mi_idx", "Startup Cost": 0.0, "Total Cost": 35736.43, "Plan Rows": 12936, "Plan Width": 13, "Actual Startup Time": 0.045, "Actual Total Time": 391.48, "Actual Rows": 15849, "Actual Loops": 1, "Index Cond": "(info_type_id = it2.id)", "Rows Removed by Index Recheck": 0, "Filter": "((info)::text > '8.0'::text)", "Rows Removed by Filter": 444076}]}, {"Node Type": "Index Scan", "Parent Relationship": "Inner", "Scan Direction": "Forward", "Index Name": "title_pkey", "Relation Name": "title", "Alias": "t", "Startup Cost": 0.0, "Total Cost": 3.28, "Plan Rows": 1, "Plan Width": 21, "Actual Startup Time": 89.35, "Actual Total Time": 89.35, "Actual Rows": 6152, "Actual Loops": 15849, "Index Cond": "(id = mi_idx.movie_id)", "Rows Removed by Index Recheck": 0, "Filter": "((production_year >= 2008) AND (production_year <= 2014))", "Rows Removed by Filter": 9697}]}, {"Node Type": "Index Scan", "Parent Relationship": "Inner", "Scan Direction": "Forward", "Index Name": "movie_id_movie_info", "Relation Name": "movie_info", "Alias": "mi", "Startup Cost": 0.0, "Total Cost": 1.41, "Plan Rows": 1, "Plan Width": 50, "Actual Startup Time": 175.401, "Actual Total Time": 175.734, "Actual Rows": 358, "Actual Loops": 6152, "Index Cond": "(movie_id = t.id)", "Rows Removed by Index Recheck": 0, "Filter": "((note IS NULL) AND ((info)::text = ANY ('{Horror,Thriller}'::text[])))", "Rows Removed by Filter": 109599}]}, {"Node Type": "Hash", "Parent Relationship": "Inner", "Startup Cost": 14.21, "Total Cost": 14.21, "Plan Rows": 1, "Plan Width": 4, "Actual Startup Time": 0.07, "Actual Total Time": 0.07, "Actual Rows": 1, "Actual Loops": 1, "Hash Buckets": 32768, "Hash Batches": 1, "Original Hash Batches": 1, "Peak Memory Usage": 1, "Plans": [{"Node Type": "Index Scan", "Parent Relationship": "Outer", "Scan Direction": "Forward", "Index Name": "info_type_pkey", "Relation Name": "info_type", "Alias": "it1", "Startup Cost": 0.0, "Total Cost": 14.21, "Plan Rows": 1, "Plan Width": 4, "Actual Startup Time": 0.017, "Actual Total Time": 0.065, "Actual Rows": 1, "Actual Loops": 1, "Filter": "((info)::text = 'genres'::text)", "Rows Removed by Filter": 111}]}]}, {"Node Type": "Index Scan", "Parent Relationship": "Inner", "Scan Direction": "Forward", "Index Name": "movie_id_cast_info", "Relation Name": "cast_info", "Alias": "ci", "Startup Cost": 0.0, "Total Cost": 2.34, "Plan Rows": 1, "Plan Width": 8, "Actual Startup Time": 29.454, "Actual Total Time": 37.49, "Actual Rows": 268, "Actual Loops": 358, "Index Cond": "(movie_id = t.id)", "Rows Removed by Index Recheck": 0, "Filter": "((note)::text = ANY ('{(writer),\"(head writer)\",\"(written by)\",(story),\"(story editor)\"}'::text[]))", "Rows Removed by Filter": 12296}]}, {"Node Type": "Index Scan", "Parent Relationship": "Inner", "Scan Direction": "Forward", "Index Name": "name_pkey", "Relation Name": "name", "Alias": "n", "Startup Cost": 0.0, "Total Cost": 0.49, "Plan Rows": 1, "Plan Width": 4, "Actual Startup Time": 2.756, "Actual Total Time": 2.756, "Actual Rows": 11, "Actual Loops": 268, "Index Cond": "(id = ci.person_id)", "Rows Removed by Index Recheck": 0, "Filter": "((gender IS NOT NULL) AND ((gender)::text = 'f'::text))", "Rows Removed by Filter": 257}]}]}, "Triggers": [], "Planner Runtime": 16.071, "Total Runtime": 715.303, "Unique SQL Id": 661781350}}, "(1, '110')": {"explain_plan": {"Plan": {"Node Type": "Aggregate", "Strategy": "Plain", "Startup Cost": 1385442.97, "Total Cost": 1385442.98, "Plan Rows": 1, "Plan Width": 160, "Plans": [{"Node Type": "Hash Join", "Parent Relationship": "Outer", "Join Type": "Inner", "Startup Cost": 552308.93, "Total Cost": 1385441.22, "Plan Rows": 233, "Plan Width": 64, "Inner Unique": false, "Hash Cond": "(t.id = mi_idx.movie_id)", "Plans": [{"Node Type": "Hash Join", "Parent Relationship": "Outer", "Join Type": "Inner", "Startup Cost": 528161.35, "Total Cost": 1361274.19, "Plan Rows": 907, "Plan Width": 71, "Inner Unique": true, "Hash Cond": "(ci.person_id = n.id)", "Plans": [{"Node Type": "Hash Join", "Parent Relationship": "Outer", "Join Type": "Inner", "Startup Cost": 416866.67, "Total Cost": 1249965.77, "Plan Rows": 1249, "Plan Width": 75, "Inner Unique": false, "Hash Cond": "(ci.movie_id = t.id)", "Plans": [{"Node Type": "Seq Scan", "Parent Relationship": "Outer", "Relation Name": "cast_info", "Alias": "ci", "Startup Cost": 0.0, "Total Cost": 828499.78, "Plan Rows": 1223154, "Plan Width": 8, "Filter": "((note)::text = ANY ('{(writer),\"(head writer)\",\"(written by)\",(story),\"(story editor)\"}'::text[]))"}, {"Node Type": "Hash", "Parent Relationship": "Inner", "Startup Cost": 416852.56, "Total Cost": 416852.56, "Plan Rows": 1129, "Plan Width": 67, "Plans": [{"Node Type": "Hash Join", "Parent Relationship": "Outer", "Join Type": "Inner", "Startup Cost": 82494.99, "Total Cost": 416852.56, "Plan Rows": 1129, "Plan Width": 67, "Inner Unique": true, "Hash Cond": "(mi.movie_id = t.id)", "Plans": [{"Node Type": "Hash Join", "Parent Relationship": "Outer", "Join Type": "Inner", "Startup Cost": 2.41, "Total Cost": 334345.05, "Plan Rows": 971, "Plan Width": 46, "Inner Unique": true, "Hash Cond": "(mi.info_type_id = it1.id)", "Plans": [{"Node Type": "Seq Scan", "Parent Relationship": "Outer", "Relation Name": "movie_info", "Alias": "mi", "Startup Cost": 0.0, "Total Cost": 334162.58, "Plan Rows": 67971, "Plan Width": 50, "Filter": "((note IS NULL) AND ((info)::text = ANY ('{Horror,Thriller}'::text[])))"}, {"Node Type": "Hash", "Parent Relationship": "Inner", "Startup Cost": 2.4, "Total Cost": 2.4, "Plan Rows": 1, "Plan Width": 4, "Plans": [{"Node Type": "Seq Scan", "Parent Relationship": "Outer", "Relation Name": "info_type", "Alias": "it1", "Startup Cost": 0.0, "Total Cost": 2.4, "Plan Rows": 1, "Plan Width": 4, "Filter": "((info)::text = 'genres'::text)"}]}]}, {"Node Type": "Hash", "Parent Relationship": "Inner", "Startup Cost": 72710.67, "Total Cost": 72710.67, "Plan Rows": 782553, "Plan Width": 21, "Plans": [{"Node Type": "Seq Scan", "Parent Relationship": "Outer", "Relation Name": "title", "Alias": "t", "Startup Cost": 331.36, "Total Cost": 72710.67, "Plan Rows": 782553, "Plan Width": 21, "Filter": "((production_year >= 2008) AND (production_year <= 2014)), (LLVM Optimized)"}]}]}]}]}, {"Node Type": "Hash", "Parent Relationship": "Inner", "Startup Cost": 103490.62, "Total Cost": 103490.62, "Plan Rows": 624324, "Plan Width": 4, "Plans": [{"Node Type": "Seq Scan", "Parent Relationship": "Outer", "Relation Name": "name", "Alias": "n", "Startup Cost": 0.0, "Total Cost": 103490.62, "Plan Rows": 624324, "Plan Width": 4, "Filter": "((gender IS NOT NULL) AND ((gender)::text = 'f'::text)), (LLVM Optimized)"}]}]}, {"Node Type": "Hash", "Parent Relationship": "Inner", "Startup Cost": 23985.89, "Total Cost": 23985.89, "Plan Rows": 12936, "Plan Width": 9, "Plans": [{"Node Type": "Hash Join", "Parent Relationship": "Outer", "Join Type": "Inner", "Startup Cost": 2.41, "Total Cost": 23985.89, "Plan Rows": 12936, "Plan Width": 9, "Inner Unique": true, "Hash Cond": "(mi_idx.info_type_id = it2.id)", "Plans": [{"Node Type": "Seq Scan", "Parent Relationship": "Outer", "Relation Name": "movie_info_idx", "Alias": "mi_idx", "Startup Cost": 0.0, "Total Cost": 23724.42, "Plan Rows": 51746, "Plan Width": 13, "Filter": "((info)::text > '8.0'::text)"}, {"Node Type": "Hash", "Parent Relationship": "Inner", "Startup Cost": 2.4, "Total Cost": 2.4, "Plan Rows": 1, "Plan Width": 4, "Plans": [{"Node Type": "Seq Scan", "Parent Relationship": "Outer", "Relation Name": "info_type", "Alias": "it2", "Startup Cost": 0.0, "Total Cost": 2.4, "Plan Rows": 1, "Plan Width": 4, "Filter": "((info)::text = 'rating'::text)"}]}]}]}]}]}, "Unique SQL Id": 661781350, "Planner Runtime": 24}, "explain_analyze_plan": null}, "(1, '111')": {"explain_plan": {"Plan": {"Node Type": "Aggregate", "Strategy": "Plain", "Startup Cost": 7000242584121.54, "Total Cost": 7000242584121.55, "Plan Rows": 1, "Plan Width": 160, "Plans": [{"Node Type": "Hash Join", "Parent Relationship": "Outer", "Join Type": "Inner", "Startup Cost": 5020226198614.13, "Total Cost": 7000242584119.8, "Plan Rows": 233, "Plan Width": 64, "Inner Unique": true, "Hash Cond": "(mi.movie_id = t.id)", "Plans": [{"Node Type": "Hash Join", "Parent Relationship": "Outer", "Join Type": "Inner", "Startup Cost": 4020213912627.8, "Total Cost": 6000230298130.39, "Plan Rows": 200, "Plan Width": 59, "Inner Unique": true, "Hash Cond": "(ci.person_id = n.id)", "Plans": [{"Node Type": "Hash Join", "Parent Relationship": "Outer", "Join Type": "Inner", "Startup Cost": 3020195239676.55, "Total Cost": 5000211625176.1, "Plan Rows": 276, "Plan Width": 63, "Inner Unique": false, "Hash Cond": "(mi.movie_id = ci.movie_id)", "Plans": [{"Node Type": "Hash Join", "Parent Relationship": "Outer", "Join Type": "Inner", "Startup Cost": 2020001913370.16, "Total Cost": 4000018297985.07, "Plan Rows": 250, "Plan Width": 55, "Inner Unique": false, "Hash Cond": "(mi.movie_id = mi_idx.movie_id)", "Plans": [{"Node Type": "Nested Loop", "Parent Relationship": "Outer", "Join Type": "Inner", "Startup Cost": 20000004841.7, "Total Cost": 2000016389426.2, "Plan Rows": 971, "Plan Width": 46, "Inner Unique": false, "Plans": [{"Node Type": "Index Scan", "Parent Relationship": "Outer", "Scan Direction": "Forward", "Index Name": "info_type_pkey", "Relation Name": "info_type", "Alias": "it1", "Startup Cost": 10000000000.0, "Total Cost": 1000000001421.0, "Plan Rows": 1, "Plan Width": 4, "Filter": "((info)::text = 'genres'::text)"}, {"Node Type": "Bitmap Heap Scan", "Parent Relationship": "Inner", "Relation Name": "movie_info", "Alias": "mi", "Startup Cost": 10000004841.7, "Total Cost": 1000016387995.49, "Plan Rows": 971, "Plan Width": 50, "Recheck Cond": "(info_type_id = it1.id)", "Filter": "((note IS NULL) AND ((info)::text = ANY ('{Horror,Thriller}'::text[])))", "Plans": [{"Node Type": "Bitmap Index Scan", "Parent Relationship": "Outer", "Index Name": "info_type_id_movie_info", "Startup Cost": 0.0, "Total Cost": 4841.46, "Plan Rows": 212428, "Plan Width": 0, "Index Cond": "(info_type_id = it1.id)"}]}]}, {"Node Type": "Hash", "Parent Relationship": "Inner", "Startup Cost": 2000001908366.76, "Total Cost": 2000001908366.76, "Plan Rows": 12936, "Plan Width": 9, "Plans": [{"Node Type": "Nested Loop", "Parent Relationship": "Outer", "Join Type": "Inner", "Startup Cost": 20000007419.04, "Total Cost": 2000001908366.76, "Plan Rows": 12936, "Plan Width": 9, "Inner Unique": false, "Plans": [{"Node Type": "Index Scan", "Parent Relationship": "Outer", "Scan Direction": "Forward", "Index Name": "info_type_pkey", "Relation Name": "info_type", "Alias": "it2", "Startup Cost": 10000000000.0, "Total Cost": 1000000001421.0, "Plan Rows": 1, "Plan Width": 4, "Filter": "((info)::text = 'rating'::text)"}, {"Node Type": "Bitmap Heap Scan", "Parent Relationship": "Inner", "Relation Name": "movie_info_idx", "Alias": "mi_idx", "Startup Cost": 10000007419.04, "Total Cost": 1000001906816.4, "Plan Rows": 12936, "Plan Width": 13, "Recheck Cond": "(info_type_id = it2.id)", "Filter": "((info)::text > '8.0'::text)", "Plans": [{"Node Type": "Bitmap Index Scan", "Parent Relationship": "Outer", "Index Name": "info_type_id_movie_info_idx", "Startup Cost": 0.0, "Total Cost": 7415.81, "Plan Rows": 345008, "Plan Width": 0, "Index Cond": "(info_type_id = it2.id)"}]}]}]}]}, {"Node Type": "Hash", "Parent Relationship": "Inner", "Startup Cost": 1000193311016.96, "Total Cost": 1000193311016.96, "Plan Rows": 1223154, "Plan Width": 8, "Plans": [{"Node Type": "Index Scan", "Parent Relationship": "Outer", "Scan Direction": "Forward", "Index Name": "person_id_cast_info", "Relation Name": "cast_info", "Alias": "ci", "Startup Cost": 10000000000.0, "Total Cost": 1000193311016.96, "Plan Rows": 1223154, "Plan Width": 8, "Filter": "((note)::text = ANY ('{(writer),\"(head writer)\",\"(written by)\",(story),\"(story editor)\"}'::text[]))"}]}]}, {"Node Type": "Hash", "Parent Relationship": "Inner", "Startup Cost": 1000018665147.2, "Total Cost": 1000018665147.2, "Plan Rows": 624324, "Plan Width": 4, "Plans": [{"Node Type": "Index Scan", "Parent Relationship": "Outer", "Scan Direction": "Forward", "Index Name": "name_pkey", "Relation Name": "name", "Alias": "n", "Startup Cost": 10000000000.0, "Total Cost": 1000018665147.2, "Plan Rows": 624324, "Plan Width": 4, "Filter": "((gender IS NOT NULL) AND ((gender)::text = 'f'::text)), (LLVM Optimized)"}]}]}, {"Node Type": "Hash", "Parent Relationship": "Inner", "Startup Cost": 1000012276204.41, "Total Cost": 1000012276204.41, "Plan Rows": 782553, "Plan Width": 21, "Plans": [{"Node Type": "Index Scan", "Parent Relationship": "Outer", "Scan Direction": "Forward", "Index Name": "title_pkey", "Relation Name": "title", "Alias": "t", "Startup Cost": 10000000000.0, "Total Cost": 1000012276204.41, "Plan Rows": 782553, "Plan Width": 21, "Filter": "((production_year >= 2008) AND (production_year <= 2014)), (LLVM Optimized)"}]}]}]}, "Unique SQL Id": 661781350, "Planner Runtime": 24}, "explain_analyze_plan": null}, "(1, '112')": {"explain_plan": {"Plan": {"Node Type": "Aggregate", "Strategy": "Plain", "Startup Cost": 84207.28, "Total Cost": 84207.29, "Plan Rows": 1, "Plan Width": 160, "Plans": [{"Node Type": "Nested Loop", "Parent Relationship": "Outer", "Join Type": "Inner", "Startup Cost": 7419.04, "Total Cost": 84205.64, "Plan Rows": 219, "Plan Width": 64, "Inner Unique": true, "Plans": [{"Node Type": "Nested Loop", "Parent Relationship": "Outer", "Join Type": "Inner", "Startup Cost": 7419.04, "Total Cost": 84044.65, "Plan Rows": 321, "Plan Width": 68, "Inner Unique": false, "Plans": [{"Node Type": "Nested Loop", "Parent Relationship": "Outer", "Join Type": "Inner", "Startup Cost": 7419.04, "Total Cost": 83359.62, "Plan Rows": 291, "Plan Width": 76, "Inner Unique": false, "Join Filter": "(mi.info_type_id = it1.id)", "Plans": [{"Node Type": "Seq Scan", "Parent Relationship": "Outer", "Relation Name": "info_type", "Alias": "it1", "Startup Cost": 0.0, "Total Cost": 2.4, "Plan Rows": 1, "Plan Width": 4, "Filter": "((info)::text = 'genres'::text)"}, {"Node Type": "Nested Loop", "Parent Relationship": "Inner", "Join Type": "Inner", "Startup Cost": 7419.04, "Total Cost": 83185.31, "Plan Rows": 13753, "Plan Width": 80, "Inner Unique": false, "Plans": [{"Node Type": "Nested Loop", "Parent Relationship": "Outer", "Join Type": "Inner", "Startup Cost": 7419.04, "Total Cost": 61813.18, "Plan Rows": 15041, "Plan Width": 30, "Inner Unique": true, "Plans": [{"Node Type": "Nested Loop", "Parent Relationship": "Outer", "Join Type": "Inner", "Startup Cost": 7419.04, "Total Cost": 19199.92, "Plan Rows": 12936, "Plan Width": 9, "Inner Unique": false, "Plans": [{"Node Type": "Seq Scan", "Parent Relationship": "Outer", "Relation Name": "info_type", "Alias": "it2", "Startup Cost": 0.0, "Total Cost": 2.4, "Plan Rows": 1, "Plan Width": 4, "Filter": "((info)::text = 'rating'::text)"}, {"Node Type": "Bitmap Heap Scan", "Parent Relationship": "Inner", "Relation Name": "movie_info_idx", "Alias": "mi_idx", "Startup Cost": 7419.04, "Total Cost": 19068.16, "Plan Rows": 12936, "Plan Width": 13, "Recheck Cond": "(info_type_id = it2.id)", "Filter": "((info)::text > '8.0'::text)", "Plans": [{"Node Type": "Bitmap Index Scan", "Parent Relationship": "Outer", "Index Name": "info_type_id_movie_info_idx", "Startup Cost": 0.0, "Total Cost": 7415.81, "Plan Rows": 345008, "Plan Width": 0, "Index Cond": "(info_type_id = it2.id)"}]}]}, {"Node Type": "Index Scan", "Parent Relationship": "Inner", "Scan Direction": "Forward", "Index Name": "title_pkey", "Relation Name": "title", "Alias": "t", "Startup Cost": 0.0, "Total Cost": 3.28, "Plan Rows": 1, "Plan Width": 21, "Index Cond": "(id = mi_idx.movie_id)", "Filter": "((production_year >= 2008) AND (production_year <= 2014))"}]}, {"Node Type": "Index Scan", "Parent Relationship": "Inner", "Scan Direction": "Forward", "Index Name": "movie_id_movie_info", "Relation Name": "movie_info", "Alias": "mi", "Startup Cost": 0.0, "Total Cost": 1.41, "Plan Rows": 1, "Plan Width": 50, "Index Cond": "(movie_id = t.id)", "Filter": "((note IS NULL) AND ((info)::text = ANY ('{Horror,Thriller}'::text[])))"}]}]}, {"Node Type": "Index Scan", "Parent Relationship": "Inner", "Scan Direction": "Forward", "Index Name": "movie_id_cast_info", "Relation Name": "cast_info", "Alias": "ci", "Startup Cost": 0.0, "Total Cost": 2.34, "Plan Rows": 1, "Plan Width": 8, "Index Cond": "(movie_id = t.id)", "Filter": "((note)::text = ANY ('{(writer),\"(head writer)\",\"(written by)\",(story),\"(story editor)\"}'::text[]))"}]}, {"Node Type": "Index Scan", "Parent Relationship": "Inner", "Scan Direction": "Forward", "Index Name": "name_pkey", "Relation Name": "name", "Alias": "n", "Startup Cost": 0.0, "Total Cost": 0.49, "Plan Rows": 1, "Plan Width": 4, "Index Cond": "(id = ci.person_id)", "Filter": "((gender IS NOT NULL) AND ((gender)::text = 'f'::text))"}]}]}, "Unique SQL Id": 661781350, "Planner Runtime": 5}, "explain_analyze_plan": {"Plan": {"Node Type": "Aggregate", "Strategy": "Plain", "Startup Cost": 84207.28, "Total Cost": 84207.29, "Plan Rows": 1, "Plan Width": 160, "Actual Startup Time": 571.433, "Actual Total Time": 571.434, "Actual Rows": 1, "Actual Loops": 1, "Plans": [{"Node Type": "Nested Loop", "Parent Relationship": "Outer", "Join Type": "Inner", "Startup Cost": 7419.04, "Total Cost": 84205.64, "Plan Rows": 219, "Plan Width": 64, "Actual Startup Time": 340.927, "Actual Total Time": 571.372, "Actual Rows": 11, "Actual Loops": 1, "Inner Unique": true, "Plans": [{"Node Type": "Nested Loop", "Parent Relationship": "Outer", "Join Type": "Inner", "Startup Cost": 7419.04, "Total Cost": 84044.65, "Plan Rows": 321, "Plan Width": 68, "Actual Startup Time": 156.562, "Actual Total Time": 569.19, "Actual Rows": 268, "Actual Loops": 1, "Inner Unique": false, "Plans": [{"Node Type": "Nested Loop", "Parent Relationship": "Outer", "Join Type": "Inner", "Startup Cost": 7419.04, "Total Cost": 83359.62, "Plan Rows": 291, "Plan Width": 76, "Actual Startup Time": 88.153, "Actual Total Time": 544.541, "Actual Rows": 358, "Actual Loops": 1, "Inner Unique": false, "Join Filter": "(mi.info_type_id = it1.id)", "Rows Removed by Join Filter": 0, "Plans": [{"Node Type": "Seq Scan", "Parent Relationship": "Outer", "Relation Name": "info_type", "Alias": "it1", "Startup Cost": 0.0, "Total Cost": 2.4, "Plan Rows": 1, "Plan Width": 4, "Actual Startup Time": 0.03, "Actual Total Time": 0.066, "Actual Rows": 1, "Actual Loops": 1, "Filter": "((info)::text = 'genres'::text)", "Rows Removed by Filter": 111}, {"Node Type": "Nested Loop", "Parent Relationship": "Inner", "Join Type": "Inner", "Startup Cost": 7419.04, "Total Cost": 83185.31, "Plan Rows": 13753, "Plan Width": 80, "Actual Startup Time": 88.113, "Actual Total Time": 544.249, "Actual Rows": 358, "Actual Loops": 1, "Inner Unique": false, "Plans": [{"Node Type": "Nested Loop", "Parent Relationship": "Outer", "Join Type": "Inner", "Startup Cost": 7419.04, "Total Cost": 61813.18, "Plan Rows": 15041, "Plan Width": 30, "Actual Startup Time": 79.89, "Actual Total Time": 404.387, "Actual Rows": 6152, "Actual Loops": 1, "Inner Unique": true, "Plans": [{"Node Type": "Nested Loop", "Parent Relationship": "Outer", "Join Type": "Inner", "Startup Cost": 7419.04, "Total Cost": 19199.92, "Plan Rows": 12936, "Plan Width": 9, "Actual Startup Time": 78.103, "Actual Total Time": 325.531, "Actual Rows": 15849, "Actual Loops": 1, "Inner Unique": false, "Plans": [{"Node Type": "Seq Scan", "Parent Relationship": "Outer", "Relation Name": "info_type", "Alias": "it2", "Startup Cost": 0.0, "Total Cost": 2.4, "Plan Rows": 1, "Plan Width": 4, "Actual Startup Time": 0.041, "Actual Total Time": 0.061, "Actual Rows": 1, "Actual Loops": 1, "Filter": "((info)::text = 'rating'::text)", "Rows Removed by Filter": 111}, {"Node Type": "Bitmap Heap Scan", "Parent Relationship": "Inner", "Relation Name": "movie_info_idx", "Alias": "mi_idx", "Startup Cost": 7419.04, "Total Cost": 19068.16, "Plan Rows": 12936, "Plan Width": 13, "Actual Startup Time": 78.058, "Actual Total Time": 321.813, "Actual Rows": 15849, "Actual Loops": 1, "Recheck Cond": "(info_type_id = it2.id)", "Rows Removed by Index Recheck": 0, "Filter": "((info)::text > '8.0'::text)", "Rows Removed by Filter": 444076, "Exact Heap Blocks": 6472, "Lossy Heap Blocks": 6472, "Plans": [{"Node Type": "Bitmap Index Scan", "Parent Relationship": "Outer", "Index Name": "info_type_id_movie_info_idx", "Startup Cost": 0.0, "Total Cost": 7415.81, "Plan Rows": 345008, "Plan Width": 0, "Actual Startup Time": 76.814, "Actual Total Time": 76.814, "Actual Rows": 459925, "Actual Loops": 1, "Index Cond": "(info_type_id = it2.id)"}]}]}, {"Node Type": "Index Scan", "Parent Relationship": "Inner", "Scan Direction": "Forward", "Index Name": "title_pkey", "Relation Name": "title", "Alias": "t", "Startup Cost": 0.0, "Total Cost": 3.28, "Plan Rows": 1, "Plan Width": 21, "Actual Startup Time": 68.995, "Actual Total Time": 68.995, "Actual Rows": 6152, "Actual Loops": 15849, "Index Cond": "(id = mi_idx.movie_id)", "Rows Removed by Index Recheck": 0, "Filter": "((production_year >= 2008) AND (production_year <= 2014))", "Rows Removed by Filter": 9697}]}, {"Node Type": "Index Scan", "Parent Relationship": "Inner", "Scan Direction": "Forward", "Index Name": "movie_id_movie_info", "Relation Name": "movie_info", "Alias": "mi", "Startup Cost": 0.0, "Total Cost": 1.41, "Plan Rows": 1, "Plan Width": 50, "Actual Startup Time": 136.216, "Actual Total Time": 136.521, "Actual Rows": 358, "Actual Loops": 6152, "Index Cond": "(movie_id = t.id)", "Rows Removed by Index Recheck": 0, "Filter": "((note IS NULL) AND ((info)::text = ANY ('{Horror,Thriller}'::text[])))", "Rows Removed by Filter": 109599}]}]}, {"Node Type": "Index Scan", "Parent Relationship": "Inner", "Scan Direction": "Forward", "Index Name": "movie_id_cast_info", "Relation Name": "cast_info", "Alias": "ci", "Startup Cost": 0.0, "Total Cost": 2.34, "Plan Rows": 1, "Plan Width": 8, "Actual Startup Time": 19.028, "Actual Total Time": 24.254, "Actual Rows": 268, "Actual Loops": 358, "Index Cond": "(movie_id = t.id)", "Rows Removed by Index Recheck": 0, "Filter": "((note)::text = ANY ('{(writer),\"(head writer)\",\"(written by)\",(story),\"(story editor)\"}'::text[]))", "Rows Removed by Filter": 12296}]}, {"Node Type": "Index Scan", "Parent Relationship": "Inner", "Scan Direction": "Forward", "Index Name": "name_pkey", "Relation Name": "name", "Alias": "n", "Startup Cost": 0.0, "Total Cost": 0.49, "Plan Rows": 1, "Plan Width": 4, "Actual Startup Time": 1.935, "Actual Total Time": 1.935, "Actual Rows": 11, "Actual Loops": 268, "Index Cond": "(id = ci.person_id)", "Rows Removed by Index Recheck": 0, "Filter": "((gender IS NOT NULL) AND ((gender)::text = 'f'::text))", "Rows Removed by Filter": 257}]}]}, "Triggers": [], "Planner Runtime": 22.994, "Total Runtime": 571.807, "Unique SQL Id": 661781350}}, "(1, '113')": {"explain_plan": {"Plan": {"Node Type": "Aggregate", "Strategy": "Plain", "Startup Cost": 84230.9, "Total Cost": 84230.91, "Plan Rows": 1, "Plan Width": 160, "Plans": [{"Node Type": "Nested Loop", "Parent Relationship": "Outer", "Join Type": "Inner", "Startup Cost": 7419.04, "Total Cost": 84229.26, "Plan Rows": 219, "Plan Width": 64, "Inner Unique": true, "Plans": [{"Node Type": "Nested Loop", "Parent Relationship": "Outer", "Join Type": "Inner", "Startup Cost": 7419.04, "Total Cost": 84068.27, "Plan Rows": 321, "Plan Width": 68, "Inner Unique": false, "Plans": [{"Node Type": "Nested Loop", "Parent Relationship": "Outer", "Join Type": "Inner", "Startup Cost": 7419.04, "Total Cost": 83383.24, "Plan Rows": 291, "Plan Width": 76, "Inner Unique": false, "Join Filter": "(mi.info_type_id = it1.id)", "Plans": [{"Node Type": "Index Scan", "Parent Relationship": "Outer", "Scan Direction": "Forward", "Index Name": "info_type_pkey", "Relation Name": "info_type", "Alias": "it1", "Startup Cost": 0.0, "Total Cost": 14.21, "Plan Rows": 1, "Plan Width": 4, "Filter": "((info)::text = 'genres'::text)"}, {"Node Type": "Nested Loop", "Parent Relationship": "Inner", "Join Type": "Inner", "Startup Cost": 7419.04, "Total Cost": 83197.12, "Plan Rows": 13753, "Plan Width": 80, "Inner Unique": false, "Plans": [{"Node Type": "Nested Loop", "Parent Relationship": "Outer", "Join Type": "Inner", "Startup Cost": 7419.04, "Total Cost": 61824.99, "Plan Rows": 15041, "Plan Width": 30, "Inner Unique": true, "Plans": [{"Node Type": "Nested Loop", "Parent Relationship": "Outer", "Join Type": "Inner", "Startup Cost": 7419.04, "Total Cost": 19211.73, "Plan Rows": 12936, "Plan Width": 9, "Inner Unique": false, "Plans": [{"Node Type": "Index Scan", "Parent Relationship": "Outer", "Scan Direction": "Forward", "Index Name": "info_type_pkey", "Relation Name": "info_type", "Alias": "it2", "Startup Cost": 0.0, "Total Cost": 14.21, "Plan Rows": 1, "Plan Width": 4, "Filter": "((info)::text = 'rating'::text)"}, {"Node Type": "Bitmap Heap Scan", "Parent Relationship": "Inner", "Relation Name": "movie_info_idx", "Alias": "mi_idx", "Startup Cost": 7419.04, "Total Cost": 19068.16, "Plan Rows": 12936, "Plan Width": 13, "Recheck Cond": "(info_type_id = it2.id)", "Filter": "((info)::text > '8.0'::text)", "Plans": [{"Node Type": "Bitmap Index Scan", "Parent Relationship": "Outer", "Index Name": "info_type_id_movie_info_idx", "Startup Cost": 0.0, "Total Cost": 7415.81, "Plan Rows": 345008, "Plan Width": 0, "Index Cond": "(info_type_id = it2.id)"}]}]}, {"Node Type": "Index Scan", "Parent Relationship": "Inner", "Scan Direction": "Forward", "Index Name": "title_pkey", "Relation Name": "title", "Alias": "t", "Startup Cost": 0.0, "Total Cost": 3.28, "Plan Rows": 1, "Plan Width": 21, "Index Cond": "(id = mi_idx.movie_id)", "Filter": "((production_year >= 2008) AND (production_year <= 2014))"}]}, {"Node Type": "Index Scan", "Parent Relationship": "Inner", "Scan Direction": "Forward", "Index Name": "movie_id_movie_info", "Relation Name": "movie_info", "Alias": "mi", "Startup Cost": 0.0, "Total Cost": 1.41, "Plan Rows": 1, "Plan Width": 50, "Index Cond": "(movie_id = t.id)", "Filter": "((note IS NULL) AND ((info)::text = ANY ('{Horror,Thriller}'::text[])))"}]}]}, {"Node Type": "Index Scan", "Parent Relationship": "Inner", "Scan Direction": "Forward", "Index Name": "movie_id_cast_info", "Relation Name": "cast_info", "Alias": "ci", "Startup Cost": 0.0, "Total Cost": 2.34, "Plan Rows": 1, "Plan Width": 8, "Index Cond": "(movie_id = t.id)", "Filter": "((note)::text = ANY ('{(writer),\"(head writer)\",\"(written by)\",(story),\"(story editor)\"}'::text[]))"}]}, {"Node Type": "Index Scan", "Parent Relationship": "Inner", "Scan Direction": "Forward", "Index Name": "name_pkey", "Relation Name": "name", "Alias": "n", "Startup Cost": 0.0, "Total Cost": 0.49, "Plan Rows": 1, "Plan Width": 4, "Index Cond": "(id = ci.person_id)", "Filter": "((gender IS NOT NULL) AND ((gender)::text = 'f'::text))"}]}]}, "Unique SQL Id": 661781350, "Planner Runtime": 5}, "explain_analyze_plan": {"Plan": {"Node Type": "Aggregate", "Strategy": "Plain", "Startup Cost": 84230.9, "Total Cost": 84230.91, "Plan Rows": 1, "Plan Width": 160, "Actual Startup Time": 642.245, "Actual Total Time": 642.245, "Actual Rows": 1, "Actual Loops": 1, "Plans": [{"Node Type": "Nested Loop", "Parent Relationship": "Outer", "Join Type": "Inner", "Startup Cost": 7419.04, "Total Cost": 84229.26, "Plan Rows": 219, "Plan Width": 64, "Actual Startup Time": 341.884, "Actual Total Time": 642.185, "Actual Rows": 11, "Actual Loops": 1, "Inner Unique": true, "Plans": [{"Node Type": "Nested Loop", "Parent Relationship": "Outer", "Join Type": "Inner", "Startup Cost": 7419.04, "Total Cost": 84068.27, "Plan Rows": 321, "Plan Width": 68, "Actual Startup Time": 137.798, "Actual Total Time": 639.27, "Actual Rows": 268, "Actual Loops": 1, "Inner Unique": false, "Plans": [{"Node Type": "Nested Loop", "Parent Relationship": "Outer", "Join Type": "Inner", "Startup Cost": 7419.04, "Total Cost": 83383.24, "Plan Rows": 291, "Plan Width": 76, "Actual Startup Time": 74.227, "Actual Total Time": 603.246, "Actual Rows": 358, "Actual Loops": 1, "Inner Unique": false, "Join Filter": "(mi.info_type_id = it1.id)", "Rows Removed by Join Filter": 0, "Plans": [{"Node Type": "Index Scan", "Parent Relationship": "Outer", "Scan Direction": "Forward", "Index Name": "info_type_pkey", "Relation Name": "info_type", "Alias": "it1", "Startup Cost": 0.0, "Total Cost": 14.21, "Plan Rows": 1, "Plan Width": 4, "Actual Startup Time": 0.026, "Actual Total Time": 0.084, "Actual Rows": 1, "Actual Loops": 1, "Filter": "((info)::text = 'genres'::text)", "Rows Removed by Filter": 111}, {"Node Type": "Nested Loop", "Parent Relationship": "Inner", "Join Type": "Inner", "Startup Cost": 7419.04, "Total Cost": 83197.12, "Plan Rows": 13753, "Plan Width": 80, "Actual Startup Time": 74.192, "Actual Total Time": 602.921, "Actual Rows": 358, "Actual Loops": 1, "Inner Unique": false, "Plans": [{"Node Type": "Nested Loop", "Parent Relationship": "Outer", "Join Type": "Inner", "Startup Cost": 7419.04, "Total Cost": 61824.99, "Plan Rows": 15041, "Plan Width": 30, "Actual Startup Time": 66.761, "Actual Total Time": 441.413, "Actual Rows": 6152, "Actual Loops": 1, "Inner Unique": true, "Plans": [{"Node Type": "Nested Loop", "Parent Relationship": "Outer", "Join Type": "Inner", "Startup Cost": 7419.04, "Total Cost": 19211.73, "Plan Rows": 12936, "Plan Width": 9, "Actual Startup Time": 65.136, "Actual Total Time": 351.488, "Actual Rows": 15849, "Actual Loops": 1, "Inner Unique": false, "Plans": [{"Node Type": "Index Scan", "Parent Relationship": "Outer", "Scan Direction": "Forward", "Index Name": "info_type_pkey", "Relation Name": "info_type", "Alias": "it2", "Startup Cost": 0.0, "Total Cost": 14.21, "Plan Rows": 1, "Plan Width": 4, "Actual Startup Time": 0.048, "Actual Total Time": 0.061, "Actual Rows": 1, "Actual Loops": 1, "Filter": "((info)::text = 'rating'::text)", "Rows Removed by Filter": 111}, {"Node Type": "Bitmap Heap Scan", "Parent Relationship": "Inner", "Relation Name": "movie_info_idx", "Alias": "mi_idx", "Startup Cost": 7419.04, "Total Cost": 19068.16, "Plan Rows": 12936, "Plan Width": 13, "Actual Startup Time": 65.081, "Actual Total Time": 347.903, "Actual Rows": 15849, "Actual Loops": 1, "Recheck Cond": "(info_type_id = it2.id)", "Rows Removed by Index Recheck": 0, "Filter": "((info)::text > '8.0'::text)", "Rows Removed by Filter": 444076, "Exact Heap Blocks": 6472, "Lossy Heap Blocks": 6472, "Plans": [{"Node Type": "Bitmap Index Scan", "Parent Relationship": "Outer", "Index Name": "info_type_id_movie_info_idx", "Startup Cost": 0.0, "Total Cost": 7415.81, "Plan Rows": 345008, "Plan Width": 0, "Actual Startup Time": 63.828, "Actual Total Time": 63.828, "Actual Rows": 459925, "Actual Loops": 1, "Index Cond": "(info_type_id = it2.id)"}]}]}, {"Node Type": "Index Scan", "Parent Relationship": "Inner", "Scan Direction": "Forward", "Index Name": "title_pkey", "Relation Name": "title", "Alias": "t", "Startup Cost": 0.0, "Total Cost": 3.28, "Plan Rows": 1, "Plan Width": 21, "Actual Startup Time": 79.873, "Actual Total Time": 79.873, "Actual Rows": 6152, "Actual Loops": 15849, "Index Cond": "(id = mi_idx.movie_id)", "Rows Removed by Index Recheck": 0, "Filter": "((production_year >= 2008) AND (production_year <= 2014))", "Rows Removed by Filter": 9697}]}, {"Node Type": "Index Scan", "Parent Relationship": "Inner", "Scan Direction": "Forward", "Index Name": "movie_id_movie_info", "Relation Name": "movie_info", "Alias": "mi", "Startup Cost": 0.0, "Total Cost": 1.41, "Plan Rows": 1, "Plan Width": 50, "Actual Startup Time": 157.796, "Actual Total Time": 158.095, "Actual Rows": 358, "Actual Loops": 6152, "Index Cond": "(movie_id = t.id)", "Rows Removed by Index Recheck": 0, "Filter": "((note IS NULL) AND ((info)::text = ANY ('{Horror,Thriller}'::text[])))", "Rows Removed by Filter": 109599}]}]}, {"Node Type": "Index Scan", "Parent Relationship": "Inner", "Scan Direction": "Forward", "Index Name": "movie_id_cast_info", "Relation Name": "cast_info", "Alias": "ci", "Startup Cost": 0.0, "Total Cost": 2.34, "Plan Rows": 1, "Plan Width": 8, "Actual Startup Time": 27.975, "Actual Total Time": 35.613, "Actual Rows": 268, "Actual Loops": 358, "Index Cond": "(movie_id = t.id)", "Rows Removed by Index Recheck": 0, "Filter": "((note)::text = ANY ('{(writer),\"(head writer)\",\"(written by)\",(story),\"(story editor)\"}'::text[]))", "Rows Removed by Filter": 12296}]}, {"Node Type": "Index Scan", "Parent Relationship": "Inner", "Scan Direction": "Forward", "Index Name": "name_pkey", "Relation Name": "name", "Alias": "n", "Startup Cost": 0.0, "Total Cost": 0.49, "Plan Rows": 1, "Plan Width": 4, "Actual Startup Time": 2.646, "Actual Total Time": 2.646, "Actual Rows": 11, "Actual Loops": 268, "Index Cond": "(id = ci.person_id)", "Rows Removed by Index Recheck": 0, "Filter": "((gender IS NOT NULL) AND ((gender)::text = 'f'::text))", "Rows Removed by Filter": 257}]}]}, "Triggers": [], "Planner Runtime": 16.979, "Total Runtime": 642.612, "Unique SQL Id": 661781350}}, "(1, '114')": {"explain_plan": {"Plan": {"Node Type": "Aggregate", "Strategy": "Plain", "Startup Cost": 157086.07, "Total Cost": 157086.08, "Plan Rows": 1, "Plan Width": 160, "Plans": [{"Node Type": "Nested Loop", "Parent Relationship": "Outer", "Join Type": "Inner", "Startup Cost": 7421.91, "Total Cost": 157084.43, "Plan Rows": 219, "Plan Width": 64, "Inner Unique": true, "Plans": [{"Node Type": "Nested Loop", "Parent Relationship": "Outer", "Join Type": "Inner", "Startup Cost": 7421.6, "Total Cost": 155693.31, "Plan Rows": 321, "Plan Width": 68, "Inner Unique": false, "Plans": [{"Node Type": "Nested Loop", "Parent Relationship": "Outer", "Join Type": "Inner", "Startup Cost": 7420.6, "Total Cost": 154200.13, "Plan Rows": 291, "Plan Width": 76, "Inner Unique": false, "Join Filter": "(mi.info_type_id = it1.id)", "Plans": [{"Node Type": "Seq Scan", "Parent Relationship": "Outer", "Relation Name": "info_type", "Alias": "it1", "Startup Cost": 0.0, "Total Cost": 2.4, "Plan Rows": 1, "Plan Width": 4, "Filter": "((info)::text = 'genres'::text)"}, {"Node Type": "Nested Loop", "Parent Relationship": "Inner", "Join Type": "Inner", "Startup Cost": 7420.6, "Total Cost": 154025.82, "Plan Rows": 13753, "Plan Width": 80, "Inner Unique": false, "Plans": [{"Node Type": "Nested Loop", "Parent Relationship": "Outer", "Join Type": "Inner", "Startup Cost": 7420.02, "Total Cost": 83886.56, "Plan Rows": 15041, "Plan Width": 30, "Inner Unique": true, "Plans": [{"Node Type": "Nested Loop", "Parent Relationship": "Outer", "Join Type": "Inner", "Startup Cost": 7419.04, "Total Cost": 19199.92, "Plan Rows": 12936, "Plan Width": 9, "Inner Unique": false, "Plans": [{"Node Type": "Seq Scan", "Parent Relationship": "Outer", "Relation Name": "info_type", "Alias": "it2", "Startup Cost": 0.0, "Total Cost": 2.4, "Plan Rows": 1, "Plan Width": 4, "Filter": "((info)::text = 'rating'::text)"}, {"Node Type": "Bitmap Heap Scan", "Parent Relationship": "Inner", "Relation Name": "movie_info_idx", "Alias": "mi_idx", "Startup Cost": 7419.04, "Total Cost": 19068.16, "Plan Rows": 12936, "Plan Width": 13, "Recheck Cond": "(info_type_id = it2.id)", "Filter": "((info)::text > '8.0'::text)", "Plans": [{"Node Type": "Bitmap Index Scan", "Parent Relationship": "Outer", "Index Name": "info_type_id_movie_info_idx", "Startup Cost": 0.0, "Total Cost": 7415.81, "Plan Rows": 345008, "Plan Width": 0, "Index Cond": "(info_type_id = it2.id)"}]}]}, {"Node Type": "Bitmap Heap Scan", "Parent Relationship": "Inner", "Relation Name": "title", "Alias": "t", "Startup Cost": 0.97, "Total Cost": 4.99, "Plan Rows": 1, "Plan Width": 21, "Recheck Cond": "(id = mi_idx.movie_id)", "Filter": "((production_year >= 2008) AND (production_year <= 2014))", "Plans": [{"Node Type": "Bitmap Index Scan", "Parent Relationship": "Outer", "Index Name": "title_pkey", "Startup Cost": 0.0, "Total Cost": 0.97, "Plan Rows": 1, "Plan Width": 0, "Index Cond": "(id = mi_idx.movie_id)"}]}]}, {"Node Type": "Bitmap Heap Scan", "Parent Relationship": "Inner", "Relation Name": "movie_info", "Alias": "mi", "Startup Cost": 0.58, "Total Cost": 4.65, "Plan Rows": 1, "Plan Width": 50, "Recheck Cond": "(movie_id = t.id)", "Filter": "((note IS NULL) AND ((info)::text = ANY ('{Horror,Thriller}'::text[])))", "Plans": [{"Node Type": "Bitmap Index Scan", "Parent Relationship": "Outer", "Index Name": "movie_id_movie_info", "Startup Cost": 0.0, "Total Cost": 0.58, "Plan Rows": 5, "Plan Width": 0, "Index Cond": "(movie_id = t.id)"}]}]}]}, {"Node Type": "Bitmap Heap Scan", "Parent Relationship": "Inner", "Relation Name": "cast_info", "Alias": "ci", "Startup Cost": 1.01, "Total Cost": 5.12, "Plan Rows": 1, "Plan Width": 8, "Recheck Cond": "(movie_id = t.id)", "Filter": "((note)::text = ANY ('{(writer),\"(head writer)\",\"(written by)\",(story),\"(story editor)\"}'::text[]))", "Plans": [{"Node Type": "Bitmap Index Scan", "Parent Relationship": "Outer", "Index Name": "movie_id_cast_info", "Startup Cost": 0.0, "Total Cost": 1.01, "Plan Rows": 6, "Plan Width": 0, "Index Cond": "(movie_id = t.id)"}]}]}, {"Node Type": "Bitmap Heap Scan", "Parent Relationship": "Inner", "Relation Name": "name", "Alias": "n", "Startup Cost": 0.31, "Total Cost": 4.32, "Plan Rows": 1, "Plan Width": 4, "Recheck Cond": "(id = ci.person_id)", "Filter": "((gender IS NOT NULL) AND ((gender)::text = 'f'::text))", "Plans": [{"Node Type": "Bitmap Index Scan", "Parent Relationship": "Outer", "Index Name": "name_pkey", "Startup Cost": 0.0, "Total Cost": 0.31, "Plan Rows": 1, "Plan Width": 0, "Index Cond": "(id = ci.person_id)"}]}]}]}, "Unique SQL Id": 661781350, "Planner Runtime": 6}, "explain_analyze_plan": {"Plan": {"Node Type": "Aggregate", "Strategy": "Plain", "Startup Cost": 157086.07, "Total Cost": 157086.08, "Plan Rows": 1, "Plan Width": 160, "Actual Startup Time": 772.672, "Actual Total Time": 772.673, "Actual Rows": 1, "Actual Loops": 1, "Plans": [{"Node Type": "Nested Loop", "Parent Relationship": "Outer", "Join Type": "Inner", "Startup Cost": 7421.91, "Total Cost": 157084.43, "Plan Rows": 219, "Plan Width": 64, "Actual Startup Time": 434.6, "Actual Total Time": 772.602, "Actual Rows": 11, "Actual Loops": 1, "Inner Unique": true, "Plans": [{"Node Type": "Nested Loop", "Parent Relationship": "Outer", "Join Type": "Inner", "Startup Cost": 7421.6, "Total Cost": 155693.31, "Plan Rows": 321, "Plan Width": 68, "Actual Startup Time": 169.023, "Actual Total Time": 768.854, "Actual Rows": 268, "Actual Loops": 1, "Inner Unique": false, "Plans": [{"Node Type": "Nested Loop", "Parent Relationship": "Outer", "Join Type": "Inner", "Startup Cost": 7420.6, "Total Cost": 154200.13, "Plan Rows": 291, "Plan Width": 76, "Actual Startup Time": 83.828, "Actual Total Time": 721.9, "Actual Rows": 358, "Actual Loops": 1, "Inner Unique": false, "Join Filter": "(mi.info_type_id = it1.id)", "Rows Removed by Join Filter": 0, "Plans": [{"Node Type": "Seq Scan", "Parent Relationship": "Outer", "Relation Name": "info_type", "Alias": "it1", "Startup Cost": 0.0, "Total Cost": 2.4, "Plan Rows": 1, "Plan Width": 4, "Actual Startup Time": 0.045, "Actual Total Time": 0.082, "Actual Rows": 1, "Actual Loops": 1, "Filter": "((info)::text = 'genres'::text)", "Rows Removed by Filter": 111}, {"Node Type": "Nested Loop", "Parent Relationship": "Inner", "Join Type": "Inner", "Startup Cost": 7420.6, "Total Cost": 154025.82, "Plan Rows": 13753, "Plan Width": 80, "Actual Startup Time": 83.774, "Actual Total Time": 721.552, "Actual Rows": 358, "Actual Loops": 1, "Inner Unique": false, "Plans": [{"Node Type": "Nested Loop", "Parent Relationship": "Outer", "Join Type": "Inner", "Startup Cost": 7420.02, "Total Cost": 83886.56, "Plan Rows": 15041, "Plan Width": 30, "Actual Startup Time": 74.777, "Actual Total Time": 509.207, "Actual Rows": 6152, "Actual Loops": 1, "Inner Unique": true, "Plans": [{"Node Type": "Nested Loop", "Parent Relationship": "Outer", "Join Type": "Inner", "Startup Cost": 7419.04, "Total Cost": 19199.92, "Plan Rows": 12936, "Plan Width": 9, "Actual Startup Time": 72.767, "Actual Total Time": 380.691, "Actual Rows": 15849, "Actual Loops": 1, "Inner Unique": false, "Plans": [{"Node Type": "Seq Scan", "Parent Relationship": "Outer", "Relation Name": "info_type", "Alias": "it2", "Startup Cost": 0.0, "Total Cost": 2.4, "Plan Rows": 1, "Plan Width": 4, "Actual Startup Time": 0.044, "Actual Total Time": 0.065, "Actual Rows": 1, "Actual Loops": 1, "Filter": "((info)::text = 'rating'::text)", "Rows Removed by Filter": 111}, {"Node Type": "Bitmap Heap Scan", "Parent Relationship": "Inner", "Relation Name": "movie_info_idx", "Alias": "mi_idx", "Startup Cost": 7419.04, "Total Cost": 19068.16, "Plan Rows": 12936, "Plan Width": 13, "Actual Startup Time": 72.719, "Actual Total Time": 376.809, "Actual Rows": 15849, "Actual Loops": 1, "Recheck Cond": "(info_type_id = it2.id)", "Rows Removed by Index Recheck": 0, "Filter": "((info)::text > '8.0'::text)", "Rows Removed by Filter": 444076, "Exact Heap Blocks": 6472, "Lossy Heap Blocks": 6472, "Plans": [{"Node Type": "Bitmap Index Scan", "Parent Relationship": "Outer", "Index Name": "info_type_id_movie_info_idx", "Startup Cost": 0.0, "Total Cost": 7415.81, "Plan Rows": 345008, "Plan Width": 0, "Actual Startup Time": 71.415, "Actual Total Time": 71.415, "Actual Rows": 459925, "Actual Loops": 1, "Index Cond": "(info_type_id = it2.id)"}]}]}, {"Node Type": "Bitmap Heap Scan", "Parent Relationship": "Inner", "Relation Name": "title", "Alias": "t", "Startup Cost": 0.97, "Total Cost": 4.99, "Plan Rows": 1, "Plan Width": 21, "Actual Startup Time": 107.843, "Actual Total Time": 107.843, "Actual Rows": 6152, "Actual Loops": 15849, "Recheck Cond": "(id = mi_idx.movie_id)", "Rows Removed by Index Recheck": 0, "Filter": "((production_year >= 2008) AND (production_year <= 2014))", "Rows Removed by Filter": 9697, "Exact Heap Blocks": 15849, "Lossy Heap Blocks": 15849, "Plans": [{"Node Type": "Bitmap Index Scan", "Parent Relationship": "Outer", "Index Name": "title_pkey", "Startup Cost": 0.0, "Total Cost": 0.97, "Plan Rows": 1, "Plan Width": 0, "Actual Startup Time": 51.257, "Actual Total Time": 51.257, "Actual Rows": 15849, "Actual Loops": 15849, "Index Cond": "(id = mi_idx.movie_id)"}]}]}, {"Node Type": "Bitmap Heap Scan", "Parent Relationship": "Inner", "Relation Name": "movie_info", "Alias": "mi", "Startup Cost": 0.58, "Total Cost": 4.65, "Plan Rows": 1, "Plan Width": 50, "Actual Startup Time": 203.885, "Actual Total Time": 204.063, "Actual Rows": 358, "Actual Loops": 6152, "Recheck Cond": "(movie_id = t.id)", "Rows Removed by Index Recheck": 0, "Filter": "((note IS NULL) AND ((info)::text = ANY ('{Horror,Thriller}'::text[])))", "Rows Removed by Filter": 109599, "Exact Heap Blocks": 52726, "Lossy Heap Blocks": 52726, "Plans": [{"Node Type": "Bitmap Index Scan", "Parent Relationship": "Outer", "Index Name": "movie_id_movie_info", "Startup Cost": 0.0, "Total Cost": 0.58, "Plan Rows": 5, "Plan Width": 0, "Actual Startup Time": 46.751, "Actual Total Time": 46.751, "Actual Rows": 109957, "Actual Loops": 6152, "Index Cond": "(movie_id = t.id)"}]}]}]}, {"Node Type": "Bitmap Heap Scan", "Parent Relationship": "Inner", "Relation Name": "cast_info", "Alias": "ci", "Startup Cost": 1.01, "Total Cost": 5.12, "Plan Rows": 1, "Plan Width": 8, "Actual Startup Time": 37.12, "Actual Total Time": 46.053, "Actual Rows": 268, "Actual Loops": 358, "Recheck Cond": "(movie_id = t.id)", "Rows Removed by Index Recheck": 0, "Filter": "((note)::text = ANY ('{(writer),\"(head writer)\",\"(written by)\",(story),\"(story editor)\"}'::text[]))", "Rows Removed by Filter": 12296, "Exact Heap Blocks": 11454, "Lossy Heap Blocks": 11454, "Plans": [{"Node Type": "Bitmap Index Scan", "Parent Relationship": "Outer", "Index Name": "movie_id_cast_info", "Startup Cost": 0.0, "Total Cost": 1.01, "Plan Rows": 6, "Plan Width": 0, "Actual Startup Time": 6.148, "Actual Total Time": 6.148, "Actual Rows": 12564, "Actual Loops": 358, "Index Cond": "(movie_id = t.id)"}]}]}, {"Node Type": "Bitmap Heap Scan", "Parent Relationship": "Inner", "Relation Name": "name", "Alias": "n", "Startup Cost": 0.31, "Total Cost": 4.32, "Plan Rows": 1, "Plan Width": 4, "Actual Startup Time": 3.215, "Actual Total Time": 3.215, "Actual Rows": 11, "Actual Loops": 268, "Recheck Cond": "(id = ci.person_id)", "Rows Removed by Index Recheck": 0, "Filter": "((gender IS NOT NULL) AND ((gender)::text = 'f'::text))", "Rows Removed by Filter": 257, "Exact Heap Blocks": 268, "Lossy Heap Blocks": 268, "Plans": [{"Node Type": "Bitmap Index Scan", "Parent Relationship": "Outer", "Index Name": "name_pkey", "Startup Cost": 0.0, "Total Cost": 0.31, "Plan Rows": 1, "Plan Width": 0, "Actual Startup Time": 2.013, "Actual Total Time": 2.013, "Actual Rows": 268, "Actual Loops": 268, "Index Cond": "(id = ci.person_id)"}]}]}]}, "Triggers": [], "Planner Runtime": 24.695, "Total Runtime": 773.026, "Unique SQL Id": 661781350}}, "(1, '115')": {"explain_plan": {"Plan": {"Node Type": "Aggregate", "Strategy": "Plain", "Startup Cost": 1000198965418.13, "Total Cost": 1000198965418.14, "Plan Rows": 1, "Plan Width": 160, "Plans": [{"Node Type": "Nested Loop", "Parent Relationship": "Outer", "Join Type": "Inner", "Startup Cost": 10000000001.87, "Total Cost": 1000198965416.49, "Plan Rows": 219, "Plan Width": 64, "Inner Unique": true, "Plans": [{"Node Type": "Nested Loop", "Parent Relationship": "Outer", "Join Type": "Inner", "Startup Cost": 10000000001.56, "Total Cost": 1000198964025.37, "Plan Rows": 321, "Plan Width": 68, "Inner Unique": true, "Join Filter": "(mi.movie_id = t.id)", "Plans": [{"Node Type": "Nested Loop", "Parent Relationship": "Outer", "Join Type": "Inner", "Startup Cost": 10000000001.27, "Total Cost": 1000198962833.6, "Plan Rows": 276, "Plan Width": 63, "Inner Unique": true, "Plans": [{"Node Type": "Nested Loop", "Parent Relationship": "Outer", "Join Type": "Inner", "Startup Cost": 10000000001.01, "Total Cost": 1000198906787.99, "Plan Rows": 13086, "Plan Width": 67, "Inner Unique": false, "Join Filter": "(mi_idx.movie_id = mi.movie_id)", "Plans": [{"Node Type": "Nested Loop", "Parent Relationship": "Outer", "Join Type": "Inner", "Startup Cost": 10000000000.54, "Total Cost": 1000198841505.29, "Plan Rows": 14313, "Plan Width": 17, "Inner Unique": true, "Plans": [{"Node Type": "Nested Loop", "Parent Relationship": "Outer", "Join Type": "Inner", "Startup Cost": 10000000000.28, "Total Cost": 1000198596304.72, "Plan Rows": 57251, "Plan Width": 21, "Inner Unique": false, "Plans": [{"Node Type": "Index Scan", "Parent Relationship": "Outer", "Scan Direction": "Forward", "Index Name": "person_id_cast_info", "Relation Name": "cast_info", "Alias": "ci", "Startup Cost": 10000000000.0, "Total Cost": 1000193311016.96, "Plan Rows": 1223154, "Plan Width": 8, "Filter": "((note)::text = ANY ('{(writer),\"(head writer)\",\"(written by)\",(story),\"(story editor)\"}'::text[]))"}, {"Node Type": "Bitmap Heap Scan", "Parent Relationship": "Inner", "Relation Name": "movie_info_idx", "Alias": "mi_idx", "Startup Cost": 0.28, "Total Cost": 4.31, "Plan Rows": 1, "Plan Width": 13, "Recheck Cond": "(movie_id = ci.movie_id)", "Filter": "((info)::text > '8.0'::text)", "Plans": [{"Node Type": "Bitmap Index Scan", "Parent Relationship": "Outer", "Index Name": "movie_id_movie_info_idx", "Startup Cost": 0.0, "Total Cost": 0.28, "Plan Rows": 2, "Plan Width": 0, "Index Cond": "(movie_id = ci.movie_id)"}]}]}, {"Node Type": "Bitmap Heap Scan", "Parent Relationship": "Inner", "Relation Name": "info_type", "Alias": "it2", "Startup Cost": 0.26, "Total Cost": 4.27, "Plan Rows": 1, "Plan Width": 4, "Recheck Cond": "(id = mi_idx.info_type_id)", "Filter": "((info)::text = 'rating'::text)", "Plans": [{"Node Type": "Bitmap Index Scan", "Parent Relationship": "Outer", "Index Name": "info_type_pkey", "Startup Cost": 0.0, "Total Cost": 0.26, "Plan Rows": 1, "Plan Width": 0, "Index Cond": "(id = mi_idx.info_type_id)"}]}]}, {"Node Type": "Bitmap Heap Scan", "Parent Relationship": "Inner", "Relation Name": "movie_info", "Alias": "mi", "Startup Cost": 0.47, "Total Cost": 4.55, "Plan Rows": 1, "Plan Width": 50, "Recheck Cond": "(movie_id = ci.movie_id)", "Filter": "((note IS NULL) AND ((info)::text = ANY ('{Horror,Thriller}'::text[])))", "Plans": [{"Node Type": "Bitmap Index Scan", "Parent Relationship": "Outer", "Index Name": "movie_id_movie_info", "Startup Cost": 0.0, "Total Cost": 0.47, "Plan Rows": 5, "Plan Width": 0, "Index Cond": "(movie_id = ci.movie_id)"}]}]}, {"Node Type": "Bitmap Heap Scan", "Parent Relationship": "Inner", "Relation Name": "info_type", "Alias": "it1", "Startup Cost": 0.26, "Total Cost": 4.27, "Plan Rows": 1, "Plan Width": 4, "Recheck Cond": "(id = mi.info_type_id)", "Filter": "((info)::text = 'genres'::text)", "Plans": [{"Node Type": "Bitmap Index Scan", "Parent Relationship": "Outer", "Index Name": "info_type_pkey", "Startup Cost": 0.0, "Total Cost": 0.26, "Plan Rows": 1, "Plan Width": 0, "Index Cond": "(id = mi.info_type_id)"}]}]}, {"Node Type": "Bitmap Heap Scan", "Parent Relationship": "Inner", "Relation Name": "title", "Alias": "t", "Startup Cost": 0.29, "Total Cost": 4.31, "Plan Rows": 1, "Plan Width": 21, "Recheck Cond": "(id = ci.movie_id)", "Filter": "((production_year >= 2008) AND (production_year <= 2014))", "Plans": [{"Node Type": "Bitmap Index Scan", "Parent Relationship": "Outer", "Index Name": "title_pkey", "Startup Cost": 0.0, "Total Cost": 0.29, "Plan Rows": 1, "Plan Width": 0, "Index Cond": "(id = ci.movie_id)"}]}]}, {"Node Type": "Bitmap Heap Scan", "Parent Relationship": "Inner", "Relation Name": "name", "Alias": "n", "Startup Cost": 0.31, "Total Cost": 4.32, "Plan Rows": 1, "Plan Width": 4, "Recheck Cond": "(id = ci.person_id)", "Filter": "((gender IS NOT NULL) AND ((gender)::text = 'f'::text))", "Plans": [{"Node Type": "Bitmap Index Scan", "Parent Relationship": "Outer", "Index Name": "name_pkey", "Startup Cost": 0.0, "Total Cost": 0.31, "Plan Rows": 1, "Plan Width": 0, "Index Cond": "(id = ci.person_id)"}]}]}]}, "Unique SQL Id": 661781350, "Planner Runtime": 5}, "explain_analyze_plan": null}, "(1, '116')": {"explain_plan": {"Plan": {"Node Type": "Aggregate", "Strategy": "Plain", "Startup Cost": 84207.28, "Total Cost": 84207.29, "Plan Rows": 1, "Plan Width": 160, "Plans": [{"Node Type": "Nested Loop", "Parent Relationship": "Outer", "Join Type": "Inner", "Startup Cost": 7419.04, "Total Cost": 84205.64, "Plan Rows": 219, "Plan Width": 64, "Inner Unique": true, "Plans": [{"Node Type": "Nested Loop", "Parent Relationship": "Outer", "Join Type": "Inner", "Startup Cost": 7419.04, "Total Cost": 84044.65, "Plan Rows": 321, "Plan Width": 68, "Inner Unique": false, "Plans": [{"Node Type": "Nested Loop", "Parent Relationship": "Outer", "Join Type": "Inner", "Startup Cost": 7419.04, "Total Cost": 83359.62, "Plan Rows": 291, "Plan Width": 76, "Inner Unique": false, "Join Filter": "(mi.info_type_id = it1.id)", "Plans": [{"Node Type": "Seq Scan", "Parent Relationship": "Outer", "Relation Name": "info_type", "Alias": "it1", "Startup Cost": 0.0, "Total Cost": 2.4, "Plan Rows": 1, "Plan Width": 4, "Filter": "((info)::text = 'genres'::text)"}, {"Node Type": "Nested Loop", "Parent Relationship": "Inner", "Join Type": "Inner", "Startup Cost": 7419.04, "Total Cost": 83185.31, "Plan Rows": 13753, "Plan Width": 80, "Inner Unique": false, "Plans": [{"Node Type": "Nested Loop", "Parent Relationship": "Outer", "Join Type": "Inner", "Startup Cost": 7419.04, "Total Cost": 61813.18, "Plan Rows": 15041, "Plan Width": 30, "Inner Unique": true, "Plans": [{"Node Type": "Nested Loop", "Parent Relationship": "Outer", "Join Type": "Inner", "Startup Cost": 7419.04, "Total Cost": 19199.92, "Plan Rows": 12936, "Plan Width": 9, "Inner Unique": false, "Plans": [{"Node Type": "Seq Scan", "Parent Relationship": "Outer", "Relation Name": "info_type", "Alias": "it2", "Startup Cost": 0.0, "Total Cost": 2.4, "Plan Rows": 1, "Plan Width": 4, "Filter": "((info)::text = 'rating'::text)"}, {"Node Type": "Bitmap Heap Scan", "Parent Relationship": "Inner", "Relation Name": "movie_info_idx", "Alias": "mi_idx", "Startup Cost": 7419.04, "Total Cost": 19068.16, "Plan Rows": 12936, "Plan Width": 13, "Recheck Cond": "(info_type_id = it2.id)", "Filter": "((info)::text > '8.0'::text)", "Plans": [{"Node Type": "Bitmap Index Scan", "Parent Relationship": "Outer", "Index Name": "info_type_id_movie_info_idx", "Startup Cost": 0.0, "Total Cost": 7415.81, "Plan Rows": 345008, "Plan Width": 0, "Index Cond": "(info_type_id = it2.id)"}]}]}, {"Node Type": "Index Scan", "Parent Relationship": "Inner", "Scan Direction": "Forward", "Index Name": "title_pkey", "Relation Name": "title", "Alias": "t", "Startup Cost": 0.0, "Total Cost": 3.28, "Plan Rows": 1, "Plan Width": 21, "Index Cond": "(id = mi_idx.movie_id)", "Filter": "((production_year >= 2008) AND (production_year <= 2014))"}]}, {"Node Type": "Index Scan", "Parent Relationship": "Inner", "Scan Direction": "Forward", "Index Name": "movie_id_movie_info", "Relation Name": "movie_info", "Alias": "mi", "Startup Cost": 0.0, "Total Cost": 1.41, "Plan Rows": 1, "Plan Width": 50, "Index Cond": "(movie_id = t.id)", "Filter": "((note IS NULL) AND ((info)::text = ANY ('{Horror,Thriller}'::text[])))"}]}]}, {"Node Type": "Index Scan", "Parent Relationship": "Inner", "Scan Direction": "Forward", "Index Name": "movie_id_cast_info", "Relation Name": "cast_info", "Alias": "ci", "Startup Cost": 0.0, "Total Cost": 2.34, "Plan Rows": 1, "Plan Width": 8, "Index Cond": "(movie_id = t.id)", "Filter": "((note)::text = ANY ('{(writer),\"(head writer)\",\"(written by)\",(story),\"(story editor)\"}'::text[]))"}]}, {"Node Type": "Index Scan", "Parent Relationship": "Inner", "Scan Direction": "Forward", "Index Name": "name_pkey", "Relation Name": "name", "Alias": "n", "Startup Cost": 0.0, "Total Cost": 0.49, "Plan Rows": 1, "Plan Width": 4, "Index Cond": "(id = ci.person_id)", "Filter": "((gender IS NOT NULL) AND ((gender)::text = 'f'::text))"}]}]}, "Unique SQL Id": 661781350, "Planner Runtime": 5}, "explain_analyze_plan": {"Plan": {"Node Type": "Aggregate", "Strategy": "Plain", "Startup Cost": 84207.28, "Total Cost": 84207.29, "Plan Rows": 1, "Plan Width": 160, "Actual Startup Time": 571.433, "Actual Total Time": 571.434, "Actual Rows": 1, "Actual Loops": 1, "Plans": [{"Node Type": "Nested Loop", "Parent Relationship": "Outer", "Join Type": "Inner", "Startup Cost": 7419.04, "Total Cost": 84205.64, "Plan Rows": 219, "Plan Width": 64, "Actual Startup Time": 340.927, "Actual Total Time": 571.372, "Actual Rows": 11, "Actual Loops": 1, "Inner Unique": true, "Plans": [{"Node Type": "Nested Loop", "Parent Relationship": "Outer", "Join Type": "Inner", "Startup Cost": 7419.04, "Total Cost": 84044.65, "Plan Rows": 321, "Plan Width": 68, "Actual Startup Time": 156.562, "Actual Total Time": 569.19, "Actual Rows": 268, "Actual Loops": 1, "Inner Unique": false, "Plans": [{"Node Type": "Nested Loop", "Parent Relationship": "Outer", "Join Type": "Inner", "Startup Cost": 7419.04, "Total Cost": 83359.62, "Plan Rows": 291, "Plan Width": 76, "Actual Startup Time": 88.153, "Actual Total Time": 544.541, "Actual Rows": 358, "Actual Loops": 1, "Inner Unique": false, "Join Filter": "(mi.info_type_id = it1.id)", "Rows Removed by Join Filter": 0, "Plans": [{"Node Type": "Seq Scan", "Parent Relationship": "Outer", "Relation Name": "info_type", "Alias": "it1", "Startup Cost": 0.0, "Total Cost": 2.4, "Plan Rows": 1, "Plan Width": 4, "Actual Startup Time": 0.03, "Actual Total Time": 0.066, "Actual Rows": 1, "Actual Loops": 1, "Filter": "((info)::text = 'genres'::text)", "Rows Removed by Filter": 111}, {"Node Type": "Nested Loop", "Parent Relationship": "Inner", "Join Type": "Inner", "Startup Cost": 7419.04, "Total Cost": 83185.31, "Plan Rows": 13753, "Plan Width": 80, "Actual Startup Time": 88.113, "Actual Total Time": 544.249, "Actual Rows": 358, "Actual Loops": 1, "Inner Unique": false, "Plans": [{"Node Type": "Nested Loop", "Parent Relationship": "Outer", "Join Type": "Inner", "Startup Cost": 7419.04, "Total Cost": 61813.18, "Plan Rows": 15041, "Plan Width": 30, "Actual Startup Time": 79.89, "Actual Total Time": 404.387, "Actual Rows": 6152, "Actual Loops": 1, "Inner Unique": true, "Plans": [{"Node Type": "Nested Loop", "Parent Relationship": "Outer", "Join Type": "Inner", "Startup Cost": 7419.04, "Total Cost": 19199.92, "Plan Rows": 12936, "Plan Width": 9, "Actual Startup Time": 78.103, "Actual Total Time": 325.531, "Actual Rows": 15849, "Actual Loops": 1, "Inner Unique": false, "Plans": [{"Node Type": "Seq Scan", "Parent Relationship": "Outer", "Relation Name": "info_type", "Alias": "it2", "Startup Cost": 0.0, "Total Cost": 2.4, "Plan Rows": 1, "Plan Width": 4, "Actual Startup Time": 0.041, "Actual Total Time": 0.061, "Actual Rows": 1, "Actual Loops": 1, "Filter": "((info)::text = 'rating'::text)", "Rows Removed by Filter": 111}, {"Node Type": "Bitmap Heap Scan", "Parent Relationship": "Inner", "Relation Name": "movie_info_idx", "Alias": "mi_idx", "Startup Cost": 7419.04, "Total Cost": 19068.16, "Plan Rows": 12936, "Plan Width": 13, "Actual Startup Time": 78.058, "Actual Total Time": 321.813, "Actual Rows": 15849, "Actual Loops": 1, "Recheck Cond": "(info_type_id = it2.id)", "Rows Removed by Index Recheck": 0, "Filter": "((info)::text > '8.0'::text)", "Rows Removed by Filter": 444076, "Exact Heap Blocks": 6472, "Lossy Heap Blocks": 6472, "Plans": [{"Node Type": "Bitmap Index Scan", "Parent Relationship": "Outer", "Index Name": "info_type_id_movie_info_idx", "Startup Cost": 0.0, "Total Cost": 7415.81, "Plan Rows": 345008, "Plan Width": 0, "Actual Startup Time": 76.814, "Actual Total Time": 76.814, "Actual Rows": 459925, "Actual Loops": 1, "Index Cond": "(info_type_id = it2.id)"}]}]}, {"Node Type": "Index Scan", "Parent Relationship": "Inner", "Scan Direction": "Forward", "Index Name": "title_pkey", "Relation Name": "title", "Alias": "t", "Startup Cost": 0.0, "Total Cost": 3.28, "Plan Rows": 1, "Plan Width": 21, "Actual Startup Time": 68.995, "Actual Total Time": 68.995, "Actual Rows": 6152, "Actual Loops": 15849, "Index Cond": "(id = mi_idx.movie_id)", "Rows Removed by Index Recheck": 0, "Filter": "((production_year >= 2008) AND (production_year <= 2014))", "Rows Removed by Filter": 9697}]}, {"Node Type": "Index Scan", "Parent Relationship": "Inner", "Scan Direction": "Forward", "Index Name": "movie_id_movie_info", "Relation Name": "movie_info", "Alias": "mi", "Startup Cost": 0.0, "Total Cost": 1.41, "Plan Rows": 1, "Plan Width": 50, "Actual Startup Time": 136.216, "Actual Total Time": 136.521, "Actual Rows": 358, "Actual Loops": 6152, "Index Cond": "(movie_id = t.id)", "Rows Removed by Index Recheck": 0, "Filter": "((note IS NULL) AND ((info)::text = ANY ('{Horror,Thriller}'::text[])))", "Rows Removed by Filter": 109599}]}]}, {"Node Type": "Index Scan", "Parent Relationship": "Inner", "Scan Direction": "Forward", "Index Name": "movie_id_cast_info", "Relation Name": "cast_info", "Alias": "ci", "Startup Cost": 0.0, "Total Cost": 2.34, "Plan Rows": 1, "Plan Width": 8, "Actual Startup Time": 19.028, "Actual Total Time": 24.254, "Actual Rows": 268, "Actual Loops": 358, "Index Cond": "(movie_id = t.id)", "Rows Removed by Index Recheck": 0, "Filter": "((note)::text = ANY ('{(writer),\"(head writer)\",\"(written by)\",(story),\"(story editor)\"}'::text[]))", "Rows Removed by Filter": 12296}]}, {"Node Type": "Index Scan", "Parent Relationship": "Inner", "Scan Direction": "Forward", "Index Name": "name_pkey", "Relation Name": "name", "Alias": "n", "Startup Cost": 0.0, "Total Cost": 0.49, "Plan Rows": 1, "Plan Width": 4, "Actual Startup Time": 1.935, "Actual Total Time": 1.935, "Actual Rows": 11, "Actual Loops": 268, "Index Cond": "(id = ci.person_id)", "Rows Removed by Index Recheck": 0, "Filter": "((gender IS NOT NULL) AND ((gender)::text = 'f'::text))", "Rows Removed by Filter": 257}]}]}, "Triggers": [], "Planner Runtime": 22.994, "Total Runtime": 571.807, "Unique SQL Id": 661781350}}, "(1, '117')": {"explain_plan": {"Plan": {"Node Type": "Aggregate", "Strategy": "Plain", "Startup Cost": 84230.9, "Total Cost": 84230.91, "Plan Rows": 1, "Plan Width": 160, "Plans": [{"Node Type": "Nested Loop", "Parent Relationship": "Outer", "Join Type": "Inner", "Startup Cost": 7419.04, "Total Cost": 84229.26, "Plan Rows": 219, "Plan Width": 64, "Inner Unique": true, "Plans": [{"Node Type": "Nested Loop", "Parent Relationship": "Outer", "Join Type": "Inner", "Startup Cost": 7419.04, "Total Cost": 84068.27, "Plan Rows": 321, "Plan Width": 68, "Inner Unique": false, "Plans": [{"Node Type": "Nested Loop", "Parent Relationship": "Outer", "Join Type": "Inner", "Startup Cost": 7419.04, "Total Cost": 83383.24, "Plan Rows": 291, "Plan Width": 76, "Inner Unique": false, "Join Filter": "(mi.info_type_id = it1.id)", "Plans": [{"Node Type": "Index Scan", "Parent Relationship": "Outer", "Scan Direction": "Forward", "Index Name": "info_type_pkey", "Relation Name": "info_type", "Alias": "it1", "Startup Cost": 0.0, "Total Cost": 14.21, "Plan Rows": 1, "Plan Width": 4, "Filter": "((info)::text = 'genres'::text)"}, {"Node Type": "Nested Loop", "Parent Relationship": "Inner", "Join Type": "Inner", "Startup Cost": 7419.04, "Total Cost": 83197.12, "Plan Rows": 13753, "Plan Width": 80, "Inner Unique": false, "Plans": [{"Node Type": "Nested Loop", "Parent Relationship": "Outer", "Join Type": "Inner", "Startup Cost": 7419.04, "Total Cost": 61824.99, "Plan Rows": 15041, "Plan Width": 30, "Inner Unique": true, "Plans": [{"Node Type": "Nested Loop", "Parent Relationship": "Outer", "Join Type": "Inner", "Startup Cost": 7419.04, "Total Cost": 19211.73, "Plan Rows": 12936, "Plan Width": 9, "Inner Unique": false, "Plans": [{"Node Type": "Index Scan", "Parent Relationship": "Outer", "Scan Direction": "Forward", "Index Name": "info_type_pkey", "Relation Name": "info_type", "Alias": "it2", "Startup Cost": 0.0, "Total Cost": 14.21, "Plan Rows": 1, "Plan Width": 4, "Filter": "((info)::text = 'rating'::text)"}, {"Node Type": "Bitmap Heap Scan", "Parent Relationship": "Inner", "Relation Name": "movie_info_idx", "Alias": "mi_idx", "Startup Cost": 7419.04, "Total Cost": 19068.16, "Plan Rows": 12936, "Plan Width": 13, "Recheck Cond": "(info_type_id = it2.id)", "Filter": "((info)::text > '8.0'::text)", "Plans": [{"Node Type": "Bitmap Index Scan", "Parent Relationship": "Outer", "Index Name": "info_type_id_movie_info_idx", "Startup Cost": 0.0, "Total Cost": 7415.81, "Plan Rows": 345008, "Plan Width": 0, "Index Cond": "(info_type_id = it2.id)"}]}]}, {"Node Type": "Index Scan", "Parent Relationship": "Inner", "Scan Direction": "Forward", "Index Name": "title_pkey", "Relation Name": "title", "Alias": "t", "Startup Cost": 0.0, "Total Cost": 3.28, "Plan Rows": 1, "Plan Width": 21, "Index Cond": "(id = mi_idx.movie_id)", "Filter": "((production_year >= 2008) AND (production_year <= 2014))"}]}, {"Node Type": "Index Scan", "Parent Relationship": "Inner", "Scan Direction": "Forward", "Index Name": "movie_id_movie_info", "Relation Name": "movie_info", "Alias": "mi", "Startup Cost": 0.0, "Total Cost": 1.41, "Plan Rows": 1, "Plan Width": 50, "Index Cond": "(movie_id = t.id)", "Filter": "((note IS NULL) AND ((info)::text = ANY ('{Horror,Thriller}'::text[])))"}]}]}, {"Node Type": "Index Scan", "Parent Relationship": "Inner", "Scan Direction": "Forward", "Index Name": "movie_id_cast_info", "Relation Name": "cast_info", "Alias": "ci", "Startup Cost": 0.0, "Total Cost": 2.34, "Plan Rows": 1, "Plan Width": 8, "Index Cond": "(movie_id = t.id)", "Filter": "((note)::text = ANY ('{(writer),\"(head writer)\",\"(written by)\",(story),\"(story editor)\"}'::text[]))"}]}, {"Node Type": "Index Scan", "Parent Relationship": "Inner", "Scan Direction": "Forward", "Index Name": "name_pkey", "Relation Name": "name", "Alias": "n", "Startup Cost": 0.0, "Total Cost": 0.49, "Plan Rows": 1, "Plan Width": 4, "Index Cond": "(id = ci.person_id)", "Filter": "((gender IS NOT NULL) AND ((gender)::text = 'f'::text))"}]}]}, "Unique SQL Id": 661781350, "Planner Runtime": 5}, "explain_analyze_plan": {"Plan": {"Node Type": "Aggregate", "Strategy": "Plain", "Startup Cost": 84230.9, "Total Cost": 84230.91, "Plan Rows": 1, "Plan Width": 160, "Actual Startup Time": 642.245, "Actual Total Time": 642.245, "Actual Rows": 1, "Actual Loops": 1, "Plans": [{"Node Type": "Nested Loop", "Parent Relationship": "Outer", "Join Type": "Inner", "Startup Cost": 7419.04, "Total Cost": 84229.26, "Plan Rows": 219, "Plan Width": 64, "Actual Startup Time": 341.884, "Actual Total Time": 642.185, "Actual Rows": 11, "Actual Loops": 1, "Inner Unique": true, "Plans": [{"Node Type": "Nested Loop", "Parent Relationship": "Outer", "Join Type": "Inner", "Startup Cost": 7419.04, "Total Cost": 84068.27, "Plan Rows": 321, "Plan Width": 68, "Actual Startup Time": 137.798, "Actual Total Time": 639.27, "Actual Rows": 268, "Actual Loops": 1, "Inner Unique": false, "Plans": [{"Node Type": "Nested Loop", "Parent Relationship": "Outer", "Join Type": "Inner", "Startup Cost": 7419.04, "Total Cost": 83383.24, "Plan Rows": 291, "Plan Width": 76, "Actual Startup Time": 74.227, "Actual Total Time": 603.246, "Actual Rows": 358, "Actual Loops": 1, "Inner Unique": false, "Join Filter": "(mi.info_type_id = it1.id)", "Rows Removed by Join Filter": 0, "Plans": [{"Node Type": "Index Scan", "Parent Relationship": "Outer", "Scan Direction": "Forward", "Index Name": "info_type_pkey", "Relation Name": "info_type", "Alias": "it1", "Startup Cost": 0.0, "Total Cost": 14.21, "Plan Rows": 1, "Plan Width": 4, "Actual Startup Time": 0.026, "Actual Total Time": 0.084, "Actual Rows": 1, "Actual Loops": 1, "Filter": "((info)::text = 'genres'::text)", "Rows Removed by Filter": 111}, {"Node Type": "Nested Loop", "Parent Relationship": "Inner", "Join Type": "Inner", "Startup Cost": 7419.04, "Total Cost": 83197.12, "Plan Rows": 13753, "Plan Width": 80, "Actual Startup Time": 74.192, "Actual Total Time": 602.921, "Actual Rows": 358, "Actual Loops": 1, "Inner Unique": false, "Plans": [{"Node Type": "Nested Loop", "Parent Relationship": "Outer", "Join Type": "Inner", "Startup Cost": 7419.04, "Total Cost": 61824.99, "Plan Rows": 15041, "Plan Width": 30, "Actual Startup Time": 66.761, "Actual Total Time": 441.413, "Actual Rows": 6152, "Actual Loops": 1, "Inner Unique": true, "Plans": [{"Node Type": "Nested Loop", "Parent Relationship": "Outer", "Join Type": "Inner", "Startup Cost": 7419.04, "Total Cost": 19211.73, "Plan Rows": 12936, "Plan Width": 9, "Actual Startup Time": 65.136, "Actual Total Time": 351.488, "Actual Rows": 15849, "Actual Loops": 1, "Inner Unique": false, "Plans": [{"Node Type": "Index Scan", "Parent Relationship": "Outer", "Scan Direction": "Forward", "Index Name": "info_type_pkey", "Relation Name": "info_type", "Alias": "it2", "Startup Cost": 0.0, "Total Cost": 14.21, "Plan Rows": 1, "Plan Width": 4, "Actual Startup Time": 0.048, "Actual Total Time": 0.061, "Actual Rows": 1, "Actual Loops": 1, "Filter": "((info)::text = 'rating'::text)", "Rows Removed by Filter": 111}, {"Node Type": "Bitmap Heap Scan", "Parent Relationship": "Inner", "Relation Name": "movie_info_idx", "Alias": "mi_idx", "Startup Cost": 7419.04, "Total Cost": 19068.16, "Plan Rows": 12936, "Plan Width": 13, "Actual Startup Time": 65.081, "Actual Total Time": 347.903, "Actual Rows": 15849, "Actual Loops": 1, "Recheck Cond": "(info_type_id = it2.id)", "Rows Removed by Index Recheck": 0, "Filter": "((info)::text > '8.0'::text)", "Rows Removed by Filter": 444076, "Exact Heap Blocks": 6472, "Lossy Heap Blocks": 6472, "Plans": [{"Node Type": "Bitmap Index Scan", "Parent Relationship": "Outer", "Index Name": "info_type_id_movie_info_idx", "Startup Cost": 0.0, "Total Cost": 7415.81, "Plan Rows": 345008, "Plan Width": 0, "Actual Startup Time": 63.828, "Actual Total Time": 63.828, "Actual Rows": 459925, "Actual Loops": 1, "Index Cond": "(info_type_id = it2.id)"}]}]}, {"Node Type": "Index Scan", "Parent Relationship": "Inner", "Scan Direction": "Forward", "Index Name": "title_pkey", "Relation Name": "title", "Alias": "t", "Startup Cost": 0.0, "Total Cost": 3.28, "Plan Rows": 1, "Plan Width": 21, "Actual Startup Time": 79.873, "Actual Total Time": 79.873, "Actual Rows": 6152, "Actual Loops": 15849, "Index Cond": "(id = mi_idx.movie_id)", "Rows Removed by Index Recheck": 0, "Filter": "((production_year >= 2008) AND (production_year <= 2014))", "Rows Removed by Filter": 9697}]}, {"Node Type": "Index Scan", "Parent Relationship": "Inner", "Scan Direction": "Forward", "Index Name": "movie_id_movie_info", "Relation Name": "movie_info", "Alias": "mi", "Startup Cost": 0.0, "Total Cost": 1.41, "Plan Rows": 1, "Plan Width": 50, "Actual Startup Time": 157.796, "Actual Total Time": 158.095, "Actual Rows": 358, "Actual Loops": 6152, "Index Cond": "(movie_id = t.id)", "Rows Removed by Index Recheck": 0, "Filter": "((note IS NULL) AND ((info)::text = ANY ('{Horror,Thriller}'::text[])))", "Rows Removed by Filter": 109599}]}]}, {"Node Type": "Index Scan", "Parent Relationship": "Inner", "Scan Direction": "Forward", "Index Name": "movie_id_cast_info", "Relation Name": "cast_info", "Alias": "ci", "Startup Cost": 0.0, "Total Cost": 2.34, "Plan Rows": 1, "Plan Width": 8, "Actual Startup Time": 27.975, "Actual Total Time": 35.613, "Actual Rows": 268, "Actual Loops": 358, "Index Cond": "(movie_id = t.id)", "Rows Removed by Index Recheck": 0, "Filter": "((note)::text = ANY ('{(writer),\"(head writer)\",\"(written by)\",(story),\"(story editor)\"}'::text[]))", "Rows Removed by Filter": 12296}]}, {"Node Type": "Index Scan", "Parent Relationship": "Inner", "Scan Direction": "Forward", "Index Name": "name_pkey", "Relation Name": "name", "Alias": "n", "Startup Cost": 0.0, "Total Cost": 0.49, "Plan Rows": 1, "Plan Width": 4, "Actual Startup Time": 2.646, "Actual Total Time": 2.646, "Actual Rows": 11, "Actual Loops": 268, "Index Cond": "(id = ci.person_id)", "Rows Removed by Index Recheck": 0, "Filter": "((gender IS NOT NULL) AND ((gender)::text = 'f'::text))", "Rows Removed by Filter": 257}]}]}, "Triggers": [], "Planner Runtime": 16.979, "Total Runtime": 642.612, "Unique SQL Id": 661781350}}, "(1, '118')": {"explain_plan": {"Plan": {"Node Type": "Aggregate", "Strategy": "Plain", "Startup Cost": 157086.07, "Total Cost": 157086.08, "Plan Rows": 1, "Plan Width": 160, "Plans": [{"Node Type": "Nested Loop", "Parent Relationship": "Outer", "Join Type": "Inner", "Startup Cost": 7421.91, "Total Cost": 157084.43, "Plan Rows": 219, "Plan Width": 64, "Inner Unique": true, "Plans": [{"Node Type": "Nested Loop", "Parent Relationship": "Outer", "Join Type": "Inner", "Startup Cost": 7421.6, "Total Cost": 155693.31, "Plan Rows": 321, "Plan Width": 68, "Inner Unique": false, "Plans": [{"Node Type": "Nested Loop", "Parent Relationship": "Outer", "Join Type": "Inner", "Startup Cost": 7420.6, "Total Cost": 154200.13, "Plan Rows": 291, "Plan Width": 76, "Inner Unique": false, "Join Filter": "(mi.info_type_id = it1.id)", "Plans": [{"Node Type": "Seq Scan", "Parent Relationship": "Outer", "Relation Name": "info_type", "Alias": "it1", "Startup Cost": 0.0, "Total Cost": 2.4, "Plan Rows": 1, "Plan Width": 4, "Filter": "((info)::text = 'genres'::text)"}, {"Node Type": "Nested Loop", "Parent Relationship": "Inner", "Join Type": "Inner", "Startup Cost": 7420.6, "Total Cost": 154025.82, "Plan Rows": 13753, "Plan Width": 80, "Inner Unique": false, "Plans": [{"Node Type": "Nested Loop", "Parent Relationship": "Outer", "Join Type": "Inner", "Startup Cost": 7420.02, "Total Cost": 83886.56, "Plan Rows": 15041, "Plan Width": 30, "Inner Unique": true, "Plans": [{"Node Type": "Nested Loop", "Parent Relationship": "Outer", "Join Type": "Inner", "Startup Cost": 7419.04, "Total Cost": 19199.92, "Plan Rows": 12936, "Plan Width": 9, "Inner Unique": false, "Plans": [{"Node Type": "Seq Scan", "Parent Relationship": "Outer", "Relation Name": "info_type", "Alias": "it2", "Startup Cost": 0.0, "Total Cost": 2.4, "Plan Rows": 1, "Plan Width": 4, "Filter": "((info)::text = 'rating'::text)"}, {"Node Type": "Bitmap Heap Scan", "Parent Relationship": "Inner", "Relation Name": "movie_info_idx", "Alias": "mi_idx", "Startup Cost": 7419.04, "Total Cost": 19068.16, "Plan Rows": 12936, "Plan Width": 13, "Recheck Cond": "(info_type_id = it2.id)", "Filter": "((info)::text > '8.0'::text)", "Plans": [{"Node Type": "Bitmap Index Scan", "Parent Relationship": "Outer", "Index Name": "info_type_id_movie_info_idx", "Startup Cost": 0.0, "Total Cost": 7415.81, "Plan Rows": 345008, "Plan Width": 0, "Index Cond": "(info_type_id = it2.id)"}]}]}, {"Node Type": "Bitmap Heap Scan", "Parent Relationship": "Inner", "Relation Name": "title", "Alias": "t", "Startup Cost": 0.97, "Total Cost": 4.99, "Plan Rows": 1, "Plan Width": 21, "Recheck Cond": "(id = mi_idx.movie_id)", "Filter": "((production_year >= 2008) AND (production_year <= 2014))", "Plans": [{"Node Type": "Bitmap Index Scan", "Parent Relationship": "Outer", "Index Name": "title_pkey", "Startup Cost": 0.0, "Total Cost": 0.97, "Plan Rows": 1, "Plan Width": 0, "Index Cond": "(id = mi_idx.movie_id)"}]}]}, {"Node Type": "Bitmap Heap Scan", "Parent Relationship": "Inner", "Relation Name": "movie_info", "Alias": "mi", "Startup Cost": 0.58, "Total Cost": 4.65, "Plan Rows": 1, "Plan Width": 50, "Recheck Cond": "(movie_id = t.id)", "Filter": "((note IS NULL) AND ((info)::text = ANY ('{Horror,Thriller}'::text[])))", "Plans": [{"Node Type": "Bitmap Index Scan", "Parent Relationship": "Outer", "Index Name": "movie_id_movie_info", "Startup Cost": 0.0, "Total Cost": 0.58, "Plan Rows": 5, "Plan Width": 0, "Index Cond": "(movie_id = t.id)"}]}]}]}, {"Node Type": "Bitmap Heap Scan", "Parent Relationship": "Inner", "Relation Name": "cast_info", "Alias": "ci", "Startup Cost": 1.01, "Total Cost": 5.12, "Plan Rows": 1, "Plan Width": 8, "Recheck Cond": "(movie_id = t.id)", "Filter": "((note)::text = ANY ('{(writer),\"(head writer)\",\"(written by)\",(story),\"(story editor)\"}'::text[]))", "Plans": [{"Node Type": "Bitmap Index Scan", "Parent Relationship": "Outer", "Index Name": "movie_id_cast_info", "Startup Cost": 0.0, "Total Cost": 1.01, "Plan Rows": 6, "Plan Width": 0, "Index Cond": "(movie_id = t.id)"}]}]}, {"Node Type": "Bitmap Heap Scan", "Parent Relationship": "Inner", "Relation Name": "name", "Alias": "n", "Startup Cost": 0.31, "Total Cost": 4.32, "Plan Rows": 1, "Plan Width": 4, "Recheck Cond": "(id = ci.person_id)", "Filter": "((gender IS NOT NULL) AND ((gender)::text = 'f'::text))", "Plans": [{"Node Type": "Bitmap Index Scan", "Parent Relationship": "Outer", "Index Name": "name_pkey", "Startup Cost": 0.0, "Total Cost": 0.31, "Plan Rows": 1, "Plan Width": 0, "Index Cond": "(id = ci.person_id)"}]}]}]}, "Unique SQL Id": 661781350, "Planner Runtime": 6}, "explain_analyze_plan": {"Plan": {"Node Type": "Aggregate", "Strategy": "Plain", "Startup Cost": 157086.07, "Total Cost": 157086.08, "Plan Rows": 1, "Plan Width": 160, "Actual Startup Time": 772.672, "Actual Total Time": 772.673, "Actual Rows": 1, "Actual Loops": 1, "Plans": [{"Node Type": "Nested Loop", "Parent Relationship": "Outer", "Join Type": "Inner", "Startup Cost": 7421.91, "Total Cost": 157084.43, "Plan Rows": 219, "Plan Width": 64, "Actual Startup Time": 434.6, "Actual Total Time": 772.602, "Actual Rows": 11, "Actual Loops": 1, "Inner Unique": true, "Plans": [{"Node Type": "Nested Loop", "Parent Relationship": "Outer", "Join Type": "Inner", "Startup Cost": 7421.6, "Total Cost": 155693.31, "Plan Rows": 321, "Plan Width": 68, "Actual Startup Time": 169.023, "Actual Total Time": 768.854, "Actual Rows": 268, "Actual Loops": 1, "Inner Unique": false, "Plans": [{"Node Type": "Nested Loop", "Parent Relationship": "Outer", "Join Type": "Inner", "Startup Cost": 7420.6, "Total Cost": 154200.13, "Plan Rows": 291, "Plan Width": 76, "Actual Startup Time": 83.828, "Actual Total Time": 721.9, "Actual Rows": 358, "Actual Loops": 1, "Inner Unique": false, "Join Filter": "(mi.info_type_id = it1.id)", "Rows Removed by Join Filter": 0, "Plans": [{"Node Type": "Seq Scan", "Parent Relationship": "Outer", "Relation Name": "info_type", "Alias": "it1", "Startup Cost": 0.0, "Total Cost": 2.4, "Plan Rows": 1, "Plan Width": 4, "Actual Startup Time": 0.045, "Actual Total Time": 0.082, "Actual Rows": 1, "Actual Loops": 1, "Filter": "((info)::text = 'genres'::text)", "Rows Removed by Filter": 111}, {"Node Type": "Nested Loop", "Parent Relationship": "Inner", "Join Type": "Inner", "Startup Cost": 7420.6, "Total Cost": 154025.82, "Plan Rows": 13753, "Plan Width": 80, "Actual Startup Time": 83.774, "Actual Total Time": 721.552, "Actual Rows": 358, "Actual Loops": 1, "Inner Unique": false, "Plans": [{"Node Type": "Nested Loop", "Parent Relationship": "Outer", "Join Type": "Inner", "Startup Cost": 7420.02, "Total Cost": 83886.56, "Plan Rows": 15041, "Plan Width": 30, "Actual Startup Time": 74.777, "Actual Total Time": 509.207, "Actual Rows": 6152, "Actual Loops": 1, "Inner Unique": true, "Plans": [{"Node Type": "Nested Loop", "Parent Relationship": "Outer", "Join Type": "Inner", "Startup Cost": 7419.04, "Total Cost": 19199.92, "Plan Rows": 12936, "Plan Width": 9, "Actual Startup Time": 72.767, "Actual Total Time": 380.691, "Actual Rows": 15849, "Actual Loops": 1, "Inner Unique": false, "Plans": [{"Node Type": "Seq Scan", "Parent Relationship": "Outer", "Relation Name": "info_type", "Alias": "it2", "Startup Cost": 0.0, "Total Cost": 2.4, "Plan Rows": 1, "Plan Width": 4, "Actual Startup Time": 0.044, "Actual Total Time": 0.065, "Actual Rows": 1, "Actual Loops": 1, "Filter": "((info)::text = 'rating'::text)", "Rows Removed by Filter": 111}, {"Node Type": "Bitmap Heap Scan", "Parent Relationship": "Inner", "Relation Name": "movie_info_idx", "Alias": "mi_idx", "Startup Cost": 7419.04, "Total Cost": 19068.16, "Plan Rows": 12936, "Plan Width": 13, "Actual Startup Time": 72.719, "Actual Total Time": 376.809, "Actual Rows": 15849, "Actual Loops": 1, "Recheck Cond": "(info_type_id = it2.id)", "Rows Removed by Index Recheck": 0, "Filter": "((info)::text > '8.0'::text)", "Rows Removed by Filter": 444076, "Exact Heap Blocks": 6472, "Lossy Heap Blocks": 6472, "Plans": [{"Node Type": "Bitmap Index Scan", "Parent Relationship": "Outer", "Index Name": "info_type_id_movie_info_idx", "Startup Cost": 0.0, "Total Cost": 7415.81, "Plan Rows": 345008, "Plan Width": 0, "Actual Startup Time": 71.415, "Actual Total Time": 71.415, "Actual Rows": 459925, "Actual Loops": 1, "Index Cond": "(info_type_id = it2.id)"}]}]}, {"Node Type": "Bitmap Heap Scan", "Parent Relationship": "Inner", "Relation Name": "title", "Alias": "t", "Startup Cost": 0.97, "Total Cost": 4.99, "Plan Rows": 1, "Plan Width": 21, "Actual Startup Time": 107.843, "Actual Total Time": 107.843, "Actual Rows": 6152, "Actual Loops": 15849, "Recheck Cond": "(id = mi_idx.movie_id)", "Rows Removed by Index Recheck": 0, "Filter": "((production_year >= 2008) AND (production_year <= 2014))", "Rows Removed by Filter": 9697, "Exact Heap Blocks": 15849, "Lossy Heap Blocks": 15849, "Plans": [{"Node Type": "Bitmap Index Scan", "Parent Relationship": "Outer", "Index Name": "title_pkey", "Startup Cost": 0.0, "Total Cost": 0.97, "Plan Rows": 1, "Plan Width": 0, "Actual Startup Time": 51.257, "Actual Total Time": 51.257, "Actual Rows": 15849, "Actual Loops": 15849, "Index Cond": "(id = mi_idx.movie_id)"}]}]}, {"Node Type": "Bitmap Heap Scan", "Parent Relationship": "Inner", "Relation Name": "movie_info", "Alias": "mi", "Startup Cost": 0.58, "Total Cost": 4.65, "Plan Rows": 1, "Plan Width": 50, "Actual Startup Time": 203.885, "Actual Total Time": 204.063, "Actual Rows": 358, "Actual Loops": 6152, "Recheck Cond": "(movie_id = t.id)", "Rows Removed by Index Recheck": 0, "Filter": "((note IS NULL) AND ((info)::text = ANY ('{Horror,Thriller}'::text[])))", "Rows Removed by Filter": 109599, "Exact Heap Blocks": 52726, "Lossy Heap Blocks": 52726, "Plans": [{"Node Type": "Bitmap Index Scan", "Parent Relationship": "Outer", "Index Name": "movie_id_movie_info", "Startup Cost": 0.0, "Total Cost": 0.58, "Plan Rows": 5, "Plan Width": 0, "Actual Startup Time": 46.751, "Actual Total Time": 46.751, "Actual Rows": 109957, "Actual Loops": 6152, "Index Cond": "(movie_id = t.id)"}]}]}]}, {"Node Type": "Bitmap Heap Scan", "Parent Relationship": "Inner", "Relation Name": "cast_info", "Alias": "ci", "Startup Cost": 1.01, "Total Cost": 5.12, "Plan Rows": 1, "Plan Width": 8, "Actual Startup Time": 37.12, "Actual Total Time": 46.053, "Actual Rows": 268, "Actual Loops": 358, "Recheck Cond": "(movie_id = t.id)", "Rows Removed by Index Recheck": 0, "Filter": "((note)::text = ANY ('{(writer),\"(head writer)\",\"(written by)\",(story),\"(story editor)\"}'::text[]))", "Rows Removed by Filter": 12296, "Exact Heap Blocks": 11454, "Lossy Heap Blocks": 11454, "Plans": [{"Node Type": "Bitmap Index Scan", "Parent Relationship": "Outer", "Index Name": "movie_id_cast_info", "Startup Cost": 0.0, "Total Cost": 1.01, "Plan Rows": 6, "Plan Width": 0, "Actual Startup Time": 6.148, "Actual Total Time": 6.148, "Actual Rows": 12564, "Actual Loops": 358, "Index Cond": "(movie_id = t.id)"}]}]}, {"Node Type": "Bitmap Heap Scan", "Parent Relationship": "Inner", "Relation Name": "name", "Alias": "n", "Startup Cost": 0.31, "Total Cost": 4.32, "Plan Rows": 1, "Plan Width": 4, "Actual Startup Time": 3.215, "Actual Total Time": 3.215, "Actual Rows": 11, "Actual Loops": 268, "Recheck Cond": "(id = ci.person_id)", "Rows Removed by Index Recheck": 0, "Filter": "((gender IS NOT NULL) AND ((gender)::text = 'f'::text))", "Rows Removed by Filter": 257, "Exact Heap Blocks": 268, "Lossy Heap Blocks": 268, "Plans": [{"Node Type": "Bitmap Index Scan", "Parent Relationship": "Outer", "Index Name": "name_pkey", "Startup Cost": 0.0, "Total Cost": 0.31, "Plan Rows": 1, "Plan Width": 0, "Actual Startup Time": 2.013, "Actual Total Time": 2.013, "Actual Rows": 268, "Actual Loops": 268, "Index Cond": "(id = ci.person_id)"}]}]}]}, "Triggers": [], "Planner Runtime": 24.695, "Total Runtime": 773.026, "Unique SQL Id": 661781350}}, "(1, '119')": {"explain_plan": {"Plan": {"Node Type": "Aggregate", "Strategy": "Plain", "Startup Cost": 1000198965418.13, "Total Cost": 1000198965418.14, "Plan Rows": 1, "Plan Width": 160, "Plans": [{"Node Type": "Nested Loop", "Parent Relationship": "Outer", "Join Type": "Inner", "Startup Cost": 10000000001.87, "Total Cost": 1000198965416.49, "Plan Rows": 219, "Plan Width": 64, "Inner Unique": true, "Plans": [{"Node Type": "Nested Loop", "Parent Relationship": "Outer", "Join Type": "Inner", "Startup Cost": 10000000001.56, "Total Cost": 1000198964025.37, "Plan Rows": 321, "Plan Width": 68, "Inner Unique": true, "Join Filter": "(mi.movie_id = t.id)", "Plans": [{"Node Type": "Nested Loop", "Parent Relationship": "Outer", "Join Type": "Inner", "Startup Cost": 10000000001.27, "Total Cost": 1000198962833.6, "Plan Rows": 276, "Plan Width": 63, "Inner Unique": true, "Plans": [{"Node Type": "Nested Loop", "Parent Relationship": "Outer", "Join Type": "Inner", "Startup Cost": 10000000001.01, "Total Cost": 1000198906787.99, "Plan Rows": 13086, "Plan Width": 67, "Inner Unique": false, "Join Filter": "(mi_idx.movie_id = mi.movie_id)", "Plans": [{"Node Type": "Nested Loop", "Parent Relationship": "Outer", "Join Type": "Inner", "Startup Cost": 10000000000.54, "Total Cost": 1000198841505.29, "Plan Rows": 14313, "Plan Width": 17, "Inner Unique": true, "Plans": [{"Node Type": "Nested Loop", "Parent Relationship": "Outer", "Join Type": "Inner", "Startup Cost": 10000000000.28, "Total Cost": 1000198596304.72, "Plan Rows": 57251, "Plan Width": 21, "Inner Unique": false, "Plans": [{"Node Type": "Index Scan", "Parent Relationship": "Outer", "Scan Direction": "Forward", "Index Name": "person_id_cast_info", "Relation Name": "cast_info", "Alias": "ci", "Startup Cost": 10000000000.0, "Total Cost": 1000193311016.96, "Plan Rows": 1223154, "Plan Width": 8, "Filter": "((note)::text = ANY ('{(writer),\"(head writer)\",\"(written by)\",(story),\"(story editor)\"}'::text[]))"}, {"Node Type": "Bitmap Heap Scan", "Parent Relationship": "Inner", "Relation Name": "movie_info_idx", "Alias": "mi_idx", "Startup Cost": 0.28, "Total Cost": 4.31, "Plan Rows": 1, "Plan Width": 13, "Recheck Cond": "(movie_id = ci.movie_id)", "Filter": "((info)::text > '8.0'::text)", "Plans": [{"Node Type": "Bitmap Index Scan", "Parent Relationship": "Outer", "Index Name": "movie_id_movie_info_idx", "Startup Cost": 0.0, "Total Cost": 0.28, "Plan Rows": 2, "Plan Width": 0, "Index Cond": "(movie_id = ci.movie_id)"}]}]}, {"Node Type": "Bitmap Heap Scan", "Parent Relationship": "Inner", "Relation Name": "info_type", "Alias": "it2", "Startup Cost": 0.26, "Total Cost": 4.27, "Plan Rows": 1, "Plan Width": 4, "Recheck Cond": "(id = mi_idx.info_type_id)", "Filter": "((info)::text = 'rating'::text)", "Plans": [{"Node Type": "Bitmap Index Scan", "Parent Relationship": "Outer", "Index Name": "info_type_pkey", "Startup Cost": 0.0, "Total Cost": 0.26, "Plan Rows": 1, "Plan Width": 0, "Index Cond": "(id = mi_idx.info_type_id)"}]}]}, {"Node Type": "Bitmap Heap Scan", "Parent Relationship": "Inner", "Relation Name": "movie_info", "Alias": "mi", "Startup Cost": 0.47, "Total Cost": 4.55, "Plan Rows": 1, "Plan Width": 50, "Recheck Cond": "(movie_id = ci.movie_id)", "Filter": "((note IS NULL) AND ((info)::text = ANY ('{Horror,Thriller}'::text[])))", "Plans": [{"Node Type": "Bitmap Index Scan", "Parent Relationship": "Outer", "Index Name": "movie_id_movie_info", "Startup Cost": 0.0, "Total Cost": 0.47, "Plan Rows": 5, "Plan Width": 0, "Index Cond": "(movie_id = ci.movie_id)"}]}]}, {"Node Type": "Bitmap Heap Scan", "Parent Relationship": "Inner", "Relation Name": "info_type", "Alias": "it1", "Startup Cost": 0.26, "Total Cost": 4.27, "Plan Rows": 1, "Plan Width": 4, "Recheck Cond": "(id = mi.info_type_id)", "Filter": "((info)::text = 'genres'::text)", "Plans": [{"Node Type": "Bitmap Index Scan", "Parent Relationship": "Outer", "Index Name": "info_type_pkey", "Startup Cost": 0.0, "Total Cost": 0.26, "Plan Rows": 1, "Plan Width": 0, "Index Cond": "(id = mi.info_type_id)"}]}]}, {"Node Type": "Bitmap Heap Scan", "Parent Relationship": "Inner", "Relation Name": "title", "Alias": "t", "Startup Cost": 0.29, "Total Cost": 4.31, "Plan Rows": 1, "Plan Width": 21, "Recheck Cond": "(id = ci.movie_id)", "Filter": "((production_year >= 2008) AND (production_year <= 2014))", "Plans": [{"Node Type": "Bitmap Index Scan", "Parent Relationship": "Outer", "Index Name": "title_pkey", "Startup Cost": 0.0, "Total Cost": 0.29, "Plan Rows": 1, "Plan Width": 0, "Index Cond": "(id = ci.movie_id)"}]}]}, {"Node Type": "Bitmap Heap Scan", "Parent Relationship": "Inner", "Relation Name": "name", "Alias": "n", "Startup Cost": 0.31, "Total Cost": 4.32, "Plan Rows": 1, "Plan Width": 4, "Recheck Cond": "(id = ci.person_id)", "Filter": "((gender IS NOT NULL) AND ((gender)::text = 'f'::text))", "Plans": [{"Node Type": "Bitmap Index Scan", "Parent Relationship": "Outer", "Index Name": "name_pkey", "Startup Cost": 0.0, "Total Cost": 0.31, "Plan Rows": 1, "Plan Width": 0, "Index Cond": "(id = ci.person_id)"}]}]}]}, "Unique SQL Id": 661781350, "Planner Runtime": 5}, "explain_analyze_plan": null}, "(1, '120')": {"explain_plan": {"Plan": {"Node Type": "Aggregate", "Strategy": "Plain", "Startup Cost": 89381.01, "Total Cost": 89381.02, "Plan Rows": 1, "Plan Width": 160, "Plans": [{"Node Type": "Nested Loop", "Parent Relationship": "Outer", "Join Type": "Inner", "Startup Cost": 0.0, "Total Cost": 89379.36, "Plan Rows": 219, "Plan Width": 64, "Inner Unique": true, "Plans": [{"Node Type": "Nested Loop", "Parent Relationship": "Outer", "Join Type": "Inner", "Startup Cost": 0.0, "Total Cost": 89218.37, "Plan Rows": 321, "Plan Width": 68, "Inner Unique": false, "Plans": [{"Node Type": "Nested Loop", "Parent Relationship": "Outer", "Join Type": "Inner", "Startup Cost": 0.0, "Total Cost": 88533.35, "Plan Rows": 291, "Plan Width": 76, "Inner Unique": false, "Join Filter": "(mi.info_type_id = it1.id)", "Plans": [{"Node Type": "Seq Scan", "Parent Relationship": "Outer", "Relation Name": "info_type", "Alias": "it1", "Startup Cost": 0.0, "Total Cost": 2.4, "Plan Rows": 1, "Plan Width": 4, "Filter": "((info)::text = 'genres'::text)"}, {"Node Type": "Nested Loop", "Parent Relationship": "Inner", "Join Type": "Inner", "Startup Cost": 0.0, "Total Cost": 88359.04, "Plan Rows": 13753, "Plan Width": 80, "Inner Unique": false, "Plans": [{"Node Type": "Nested Loop", "Parent Relationship": "Outer", "Join Type": "Inner", "Startup Cost": 0.0, "Total Cost": 66986.91, "Plan Rows": 15041, "Plan Width": 30, "Inner Unique": true, "Plans": [{"Node Type": "Nested Loop", "Parent Relationship": "Outer", "Join Type": "Inner", "Startup Cost": 0.0, "Total Cost": 24373.65, "Plan Rows": 12936, "Plan Width": 9, "Inner Unique": false, "Join Filter": "(it2.id = mi_idx.info_type_id)", "Plans": [{"Node Type": "Seq Scan", "Parent Relationship": "Outer", "Relation Name": "info_type", "Alias": "it2", "Startup Cost": 0.0, "Total Cost": 2.4, "Plan Rows": 1, "Plan Width": 4, "Filter": "((info)::text = 'rating'::text)"}, {"Node Type": "Seq Scan", "Parent Relationship": "Inner", "Relation Name": "movie_info_idx", "Alias": "mi_idx", "Startup Cost": 0.0, "Total Cost": 23724.42, "Plan Rows": 51746, "Plan Width": 13, "Filter": "((info)::text > '8.0'::text)"}]}, {"Node Type": "Index Scan", "Parent Relationship": "Inner", "Scan Direction": "Forward", "Index Name": "title_pkey", "Relation Name": "title", "Alias": "t", "Startup Cost": 0.0, "Total Cost": 3.28, "Plan Rows": 1, "Plan Width": 21, "Index Cond": "(id = mi_idx.movie_id)", "Filter": "((production_year >= 2008) AND (production_year <= 2014))"}]}, {"Node Type": "Index Scan", "Parent Relationship": "Inner", "Scan Direction": "Forward", "Index Name": "movie_id_movie_info", "Relation Name": "movie_info", "Alias": "mi", "Startup Cost": 0.0, "Total Cost": 1.41, "Plan Rows": 1, "Plan Width": 50, "Index Cond": "(movie_id = t.id)", "Filter": "((note IS NULL) AND ((info)::text = ANY ('{Horror,Thriller}'::text[])))"}]}]}, {"Node Type": "Index Scan", "Parent Relationship": "Inner", "Scan Direction": "Forward", "Index Name": "movie_id_cast_info", "Relation Name": "cast_info", "Alias": "ci", "Startup Cost": 0.0, "Total Cost": 2.34, "Plan Rows": 1, "Plan Width": 8, "Index Cond": "(movie_id = t.id)", "Filter": "((note)::text = ANY ('{(writer),\"(head writer)\",\"(written by)\",(story),\"(story editor)\"}'::text[]))"}]}, {"Node Type": "Index Scan", "Parent Relationship": "Inner", "Scan Direction": "Forward", "Index Name": "name_pkey", "Relation Name": "name", "Alias": "n", "Startup Cost": 0.0, "Total Cost": 0.49, "Plan Rows": 1, "Plan Width": 4, "Index Cond": "(id = ci.person_id)", "Filter": "((gender IS NOT NULL) AND ((gender)::text = 'f'::text))"}]}]}, "Unique SQL Id": 661781350, "Planner Runtime": 5}, "explain_analyze_plan": {"Plan": {"Node Type": "Aggregate", "Strategy": "Plain", "Startup Cost": 89381.01, "Total Cost": 89381.02, "Plan Rows": 1, "Plan Width": 160, "Actual Startup Time": 819.532, "Actual Total Time": 819.533, "Actual Rows": 1, "Actual Loops": 1, "Plans": [{"Node Type": "Nested Loop", "Parent Relationship": "Outer", "Join Type": "Inner", "Startup Cost": 0.0, "Total Cost": 89379.36, "Plan Rows": 219, "Plan Width": 64, "Actual Startup Time": 400.767, "Actual Total Time": 819.459, "Actual Rows": 11, "Actual Loops": 1, "Inner Unique": true, "Plans": [{"Node Type": "Nested Loop", "Parent Relationship": "Outer", "Join Type": "Inner", "Startup Cost": 0.0, "Total Cost": 89218.37, "Plan Rows": 321, "Plan Width": 68, "Actual Startup Time": 115.249, "Actual Total Time": 817.308, "Actual Rows": 268, "Actual Loops": 1, "Inner Unique": false, "Plans": [{"Node Type": "Nested Loop", "Parent Relationship": "Outer", "Join Type": "Inner", "Startup Cost": 0.0, "Total Cost": 88533.35, "Plan Rows": 291, "Plan Width": 76, "Actual Startup Time": 14.979, "Actual Total Time": 792.122, "Actual Rows": 358, "Actual Loops": 1, "Inner Unique": false, "Join Filter": "(mi.info_type_id = it1.id)", "Rows Removed by Join Filter": 0, "Plans": [{"Node Type": "Seq Scan", "Parent Relationship": "Outer", "Relation Name": "info_type", "Alias": "it1", "Startup Cost": 0.0, "Total Cost": 2.4, "Plan Rows": 1, "Plan Width": 4, "Actual Startup Time": 0.036, "Actual Total Time": 0.078, "Actual Rows": 1, "Actual Loops": 1, "Filter": "((info)::text = 'genres'::text)", "Rows Removed by Filter": 111}, {"Node Type": "Nested Loop", "Parent Relationship": "Inner", "Join Type": "Inner", "Startup Cost": 0.0, "Total Cost": 88359.04, "Plan Rows": 13753, "Plan Width": 80, "Actual Startup Time": 14.935, "Actual Total Time": 791.811, "Actual Rows": 358, "Actual Loops": 1, "Inner Unique": false, "Plans": [{"Node Type": "Nested Loop", "Parent Relationship": "Outer", "Join Type": "Inner", "Startup Cost": 0.0, "Total Cost": 66986.91, "Plan Rows": 15041, "Plan Width": 30, "Actual Startup Time": 2.748, "Actual Total Time": 648.015, "Actual Rows": 6152, "Actual Loops": 1, "Inner Unique": true, "Plans": [{"Node Type": "Nested Loop", "Parent Relationship": "Outer", "Join Type": "Inner", "Startup Cost": 0.0, "Total Cost": 24373.65, "Plan Rows": 12936, "Plan Width": 9, "Actual Startup Time": 0.138, "Actual Total Time": 565.084, "Actual Rows": 15849, "Actual Loops": 1, "Inner Unique": false, "Join Filter": "(it2.id = mi_idx.info_type_id)", "Rows Removed by Join Filter": 37800, "Plans": [{"Node Type": "Seq Scan", "Parent Relationship": "Outer", "Relation Name": "info_type", "Alias": "it2", "Startup Cost": 0.0, "Total Cost": 2.4, "Plan Rows": 1, "Plan Width": 4, "Actual Startup Time": 0.043, "Actual Total Time": 0.058, "Actual Rows": 1, "Actual Loops": 1, "Filter": "((info)::text = 'rating'::text)", "Rows Removed by Filter": 111}, {"Node Type": "Seq Scan", "Parent Relationship": "Inner", "Relation Name": "movie_info_idx", "Alias": "mi_idx", "Startup Cost": 0.0, "Total Cost": 23724.42, "Plan Rows": 51746, "Plan Width": 13, "Actual Startup Time": 0.091, "Actual Total Time": 550.192, "Actual Rows": 53649, "Actual Loops": 1, "Filter": "((info)::text > '8.0'::text)", "Rows Removed by Filter": 1326385}]}, {"Node Type": "Index Scan", "Parent Relationship": "Inner", "Scan Direction": "Forward", "Index Name": "title_pkey", "Relation Name": "title", "Alias": "t", "Startup Cost": 0.0, "Total Cost": 3.28, "Plan Rows": 1, "Plan Width": 21, "Actual Startup Time": 72.547, "Actual Total Time": 72.547, "Actual Rows": 6152, "Actual Loops": 15849, "Index Cond": "(id = mi_idx.movie_id)", "Rows Removed by Index Recheck": 0, "Filter": "((production_year >= 2008) AND (production_year <= 2014))", "Rows Removed by Filter": 9697}]}, {"Node Type": "Index Scan", "Parent Relationship": "Inner", "Scan Direction": "Forward", "Index Name": "movie_id_movie_info", "Relation Name": "movie_info", "Alias": "mi", "Startup Cost": 0.0, "Total Cost": 1.41, "Plan Rows": 1, "Plan Width": 50, "Actual Startup Time": 140.157, "Actual Total Time": 140.436, "Actual Rows": 358, "Actual Loops": 6152, "Index Cond": "(movie_id = t.id)", "Rows Removed by Index Recheck": 0, "Filter": "((note IS NULL) AND ((info)::text = ANY ('{Horror,Thriller}'::text[])))", "Rows Removed by Filter": 109599}]}]}, {"Node Type": "Index Scan", "Parent Relationship": "Inner", "Scan Direction": "Forward", "Index Name": "movie_id_cast_info", "Relation Name": "cast_info", "Alias": "ci", "Startup Cost": 0.0, "Total Cost": 2.34, "Plan Rows": 1, "Plan Width": 8, "Actual Startup Time": 19.56, "Actual Total Time": 24.789, "Actual Rows": 268, "Actual Loops": 358, "Index Cond": "(movie_id = t.id)", "Rows Removed by Index Recheck": 0, "Filter": "((note)::text = ANY ('{(writer),\"(head writer)\",\"(written by)\",(story),\"(story editor)\"}'::text[]))", "Rows Removed by Filter": 12296}]}, {"Node Type": "Index Scan", "Parent Relationship": "Inner", "Scan Direction": "Forward", "Index Name": "name_pkey", "Relation Name": "name", "Alias": "n", "Startup Cost": 0.0, "Total Cost": 0.49, "Plan Rows": 1, "Plan Width": 4, "Actual Startup Time": 1.936, "Actual Total Time": 1.936, "Actual Rows": 11, "Actual Loops": 268, "Index Cond": "(id = ci.person_id)", "Rows Removed by Index Recheck": 0, "Filter": "((gender IS NOT NULL) AND ((gender)::text = 'f'::text))", "Rows Removed by Filter": 257}]}]}, "Triggers": [], "Planner Runtime": 21.815, "Total Runtime": 819.864, "Unique SQL Id": 661781350}}, "(1, '121')": {"explain_plan": {"Plan": {"Node Type": "Aggregate", "Strategy": "Plain", "Startup Cost": 100899.17, "Total Cost": 100899.18, "Plan Rows": 1, "Plan Width": 160, "Plans": [{"Node Type": "Nested Loop", "Parent Relationship": "Outer", "Join Type": "Inner", "Startup Cost": 0.0, "Total Cost": 100897.52, "Plan Rows": 219, "Plan Width": 64, "Inner Unique": true, "Plans": [{"Node Type": "Nested Loop", "Parent Relationship": "Outer", "Join Type": "Inner", "Startup Cost": 0.0, "Total Cost": 100736.53, "Plan Rows": 321, "Plan Width": 68, "Inner Unique": false, "Plans": [{"Node Type": "Nested Loop", "Parent Relationship": "Outer", "Join Type": "Inner", "Startup Cost": 0.0, "Total Cost": 100051.51, "Plan Rows": 291, "Plan Width": 76, "Inner Unique": false, "Join Filter": "(mi.info_type_id = it1.id)", "Plans": [{"Node Type": "Index Scan", "Parent Relationship": "Outer", "Scan Direction": "Forward", "Index Name": "info_type_pkey", "Relation Name": "info_type", "Alias": "it1", "Startup Cost": 0.0, "Total Cost": 14.21, "Plan Rows": 1, "Plan Width": 4, "Filter": "((info)::text = 'genres'::text)"}, {"Node Type": "Nested Loop", "Parent Relationship": "Inner", "Join Type": "Inner", "Startup Cost": 0.0, "Total Cost": 99865.39, "Plan Rows": 13753, "Plan Width": 80, "Inner Unique": false, "Plans": [{"Node Type": "Nested Loop", "Parent Relationship": "Outer", "Join Type": "Inner", "Startup Cost": 0.0, "Total Cost": 78493.26, "Plan Rows": 15041, "Plan Width": 30, "Inner Unique": true, "Plans": [{"Node Type": "Nested Loop", "Parent Relationship": "Outer", "Join Type": "Inner", "Startup Cost": 0.0, "Total Cost": 35880.0, "Plan Rows": 12936, "Plan Width": 9, "Inner Unique": false, "Plans": [{"Node Type": "Index Scan", "Parent Relationship": "Outer", "Scan Direction": "Forward", "Index Name": "info_type_pkey", "Relation Name": "info_type", "Alias": "it2", "Startup Cost": 0.0, "Total Cost": 14.21, "Plan Rows": 1, "Plan Width": 4, "Filter": "((info)::text = 'rating'::text)"}, {"Node Type": "Index Scan", "Parent Relationship": "Inner", "Scan Direction": "Forward", "Index Name": "info_type_id_movie_info_idx", "Relation Name": "movie_info_idx", "Alias": "mi_idx", "Startup Cost": 0.0, "Total Cost": 35736.43, "Plan Rows": 12936, "Plan Width": 13, "Index Cond": "(info_type_id = it2.id)", "Filter": "((info)::text > '8.0'::text)"}]}, {"Node Type": "Index Scan", "Parent Relationship": "Inner", "Scan Direction": "Forward", "Index Name": "title_pkey", "Relation Name": "title", "Alias": "t", "Startup Cost": 0.0, "Total Cost": 3.28, "Plan Rows": 1, "Plan Width": 21, "Index Cond": "(id = mi_idx.movie_id)", "Filter": "((production_year >= 2008) AND (production_year <= 2014))"}]}, {"Node Type": "Index Scan", "Parent Relationship": "Inner", "Scan Direction": "Forward", "Index Name": "movie_id_movie_info", "Relation Name": "movie_info", "Alias": "mi", "Startup Cost": 0.0, "Total Cost": 1.41, "Plan Rows": 1, "Plan Width": 50, "Index Cond": "(movie_id = t.id)", "Filter": "((note IS NULL) AND ((info)::text = ANY ('{Horror,Thriller}'::text[])))"}]}]}, {"Node Type": "Index Scan", "Parent Relationship": "Inner", "Scan Direction": "Forward", "Index Name": "movie_id_cast_info", "Relation Name": "cast_info", "Alias": "ci", "Startup Cost": 0.0, "Total Cost": 2.34, "Plan Rows": 1, "Plan Width": 8, "Index Cond": "(movie_id = t.id)", "Filter": "((note)::text = ANY ('{(writer),\"(head writer)\",\"(written by)\",(story),\"(story editor)\"}'::text[]))"}]}, {"Node Type": "Index Scan", "Parent Relationship": "Inner", "Scan Direction": "Forward", "Index Name": "name_pkey", "Relation Name": "name", "Alias": "n", "Startup Cost": 0.0, "Total Cost": 0.49, "Plan Rows": 1, "Plan Width": 4, "Index Cond": "(id = ci.person_id)", "Filter": "((gender IS NOT NULL) AND ((gender)::text = 'f'::text))"}]}]}, "Unique SQL Id": 661781350, "Planner Runtime": 5}, "explain_analyze_plan": {"Plan": {"Node Type": "Aggregate", "Strategy": "Plain", "Startup Cost": 100899.17, "Total Cost": 100899.18, "Plan Rows": 1, "Plan Width": 160, "Actual Startup Time": 576.408, "Actual Total Time": 576.408, "Actual Rows": 1, "Actual Loops": 1, "Plans": [{"Node Type": "Nested Loop", "Parent Relationship": "Outer", "Join Type": "Inner", "Startup Cost": 0.0, "Total Cost": 100897.52, "Plan Rows": 219, "Plan Width": 64, "Actual Startup Time": 298.008, "Actual Total Time": 576.345, "Actual Rows": 11, "Actual Loops": 1, "Inner Unique": true, "Plans": [{"Node Type": "Nested Loop", "Parent Relationship": "Outer", "Join Type": "Inner", "Startup Cost": 0.0, "Total Cost": 100736.53, "Plan Rows": 321, "Plan Width": 68, "Actual Startup Time": 85.756, "Actual Total Time": 574.144, "Actual Rows": 268, "Actual Loops": 1, "Inner Unique": false, "Plans": [{"Node Type": "Nested Loop", "Parent Relationship": "Outer", "Join Type": "Inner", "Startup Cost": 0.0, "Total Cost": 100051.51, "Plan Rows": 291, "Plan Width": 76, "Actual Startup Time": 10.351, "Actual Total Time": 549.304, "Actual Rows": 358, "Actual Loops": 1, "Inner Unique": false, "Join Filter": "(mi.info_type_id = it1.id)", "Rows Removed by Join Filter": 0, "Plans": [{"Node Type": "Index Scan", "Parent Relationship": "Outer", "Scan Direction": "Forward", "Index Name": "info_type_pkey", "Relation Name": "info_type", "Alias": "it1", "Startup Cost": 0.0, "Total Cost": 14.21, "Plan Rows": 1, "Plan Width": 4, "Actual Startup Time": 0.027, "Actual Total Time": 0.075, "Actual Rows": 1, "Actual Loops": 1, "Filter": "((info)::text = 'genres'::text)", "Rows Removed by Filter": 111}, {"Node Type": "Nested Loop", "Parent Relationship": "Inner", "Join Type": "Inner", "Startup Cost": 0.0, "Total Cost": 99865.39, "Plan Rows": 13753, "Plan Width": 80, "Actual Startup Time": 10.315, "Actual Total Time": 548.982, "Actual Rows": 358, "Actual Loops": 1, "Inner Unique": false, "Plans": [{"Node Type": "Nested Loop", "Parent Relationship": "Outer", "Join Type": "Inner", "Startup Cost": 0.0, "Total Cost": 78493.26, "Plan Rows": 15041, "Plan Width": 30, "Actual Startup Time": 1.953, "Actual Total Time": 407.856, "Actual Rows": 6152, "Actual Loops": 1, "Inner Unique": true, "Plans": [{"Node Type": "Nested Loop", "Parent Relationship": "Outer", "Join Type": "Inner", "Startup Cost": 0.0, "Total Cost": 35880.0, "Plan Rows": 12936, "Plan Width": 9, "Actual Startup Time": 0.094, "Actual Total Time": 326.399, "Actual Rows": 15849, "Actual Loops": 1, "Inner Unique": false, "Plans": [{"Node Type": "Index Scan", "Parent Relationship": "Outer", "Scan Direction": "Forward", "Index Name": "info_type_pkey", "Relation Name": "info_type", "Alias": "it2", "Startup Cost": 0.0, "Total Cost": 14.21, "Plan Rows": 1, "Plan Width": 4, "Actual Startup Time": 0.053, "Actual Total Time": 0.061, "Actual Rows": 1, "Actual Loops": 1, "Filter": "((info)::text = 'rating'::text)", "Rows Removed by Filter": 111}, {"Node Type": "Index Scan", "Parent Relationship": "Inner", "Scan Direction": "Forward", "Index Name": "info_type_id_movie_info_idx", "Relation Name": "movie_info_idx", "Alias": "mi_idx", "Startup Cost": 0.0, "Total Cost": 35736.43, "Plan Rows": 12936, "Plan Width": 13, "Actual Startup Time": 0.039, "Actual Total Time": 322.683, "Actual Rows": 15849, "Actual Loops": 1, "Index Cond": "(info_type_id = it2.id)", "Rows Removed by Index Recheck": 0, "Filter": "((info)::text > '8.0'::text)", "Rows Removed by Filter": 444076}]}, {"Node Type": "Index Scan", "Parent Relationship": "Inner", "Scan Direction": "Forward", "Index Name": "title_pkey", "Relation Name": "title", "Alias": "t", "Startup Cost": 0.0, "Total Cost": 3.28, "Plan Rows": 1, "Plan Width": 21, "Actual Startup Time": 70.824, "Actual Total Time": 70.824, "Actual Rows": 6152, "Actual Loops": 15849, "Index Cond": "(id = mi_idx.movie_id)", "Rows Removed by Index Recheck": 0, "Filter": "((production_year >= 2008) AND (production_year <= 2014))", "Rows Removed by Filter": 9697}]}, {"Node Type": "Index Scan", "Parent Relationship": "Inner", "Scan Direction": "Forward", "Index Name": "movie_id_movie_info", "Relation Name": "movie_info", "Alias": "mi", "Startup Cost": 0.0, "Total Cost": 1.41, "Plan Rows": 1, "Plan Width": 50, "Actual Startup Time": 137.298, "Actual Total Time": 137.605, "Actual Rows": 358, "Actual Loops": 6152, "Index Cond": "(movie_id = t.id)", "Rows Removed by Index Recheck": 0, "Filter": "((note IS NULL) AND ((info)::text = ANY ('{Horror,Thriller}'::text[])))", "Rows Removed by Filter": 109599}]}]}, {"Node Type": "Index Scan", "Parent Relationship": "Inner", "Scan Direction": "Forward", "Index Name": "movie_id_cast_info", "Relation Name": "cast_info", "Alias": "ci", "Startup Cost": 0.0, "Total Cost": 2.34, "Plan Rows": 1, "Plan Width": 8, "Actual Startup Time": 19.232, "Actual Total Time": 24.394, "Actual Rows": 268, "Actual Loops": 358, "Index Cond": "(movie_id = t.id)", "Rows Removed by Index Recheck": 0, "Filter": "((note)::text = ANY ('{(writer),\"(head writer)\",\"(written by)\",(story),\"(story editor)\"}'::text[]))", "Rows Removed by Filter": 12296}]}, {"Node Type": "Index Scan", "Parent Relationship": "Inner", "Scan Direction": "Forward", "Index Name": "name_pkey", "Relation Name": "name", "Alias": "n", "Startup Cost": 0.0, "Total Cost": 0.49, "Plan Rows": 1, "Plan Width": 4, "Actual Startup Time": 1.923, "Actual Total Time": 1.923, "Actual Rows": 11, "Actual Loops": 268, "Index Cond": "(id = ci.person_id)", "Rows Removed by Index Recheck": 0, "Filter": "((gender IS NOT NULL) AND ((gender)::text = 'f'::text))", "Rows Removed by Filter": 257}]}]}, "Triggers": [], "Planner Runtime": 15.928, "Total Runtime": 576.736, "Unique SQL Id": 661781350}}, "(1, '122')": {"explain_plan": {"Plan": {"Node Type": "Aggregate", "Strategy": "Plain", "Startup Cost": 10930836.35, "Total Cost": 10930836.36, "Plan Rows": 1, "Plan Width": 160, "Plans": [{"Node Type": "Nested Loop", "Parent Relationship": "Outer", "Join Type": "Inner", "Startup Cost": 331.36, "Total Cost": 10930834.7, "Plan Rows": 219, "Plan Width": 64, "Inner Unique": false, "Join Filter": "(mi.movie_id = t.id)", "Plans": [{"Node Type": "Seq Scan", "Parent Relationship": "Outer", "Relation Name": "title", "Alias": "t", "Startup Cost": 331.36, "Total Cost": 72710.67, "Plan Rows": 782553, "Plan Width": 21, "Filter": "((production_year >= 2008) AND (production_year <= 2014)), (LLVM Optimized)"}, {"Node Type": "Materialize", "Parent Relationship": "Inner", "Startup Cost": 0.0, "Total Cost": 8651325.05, "Plan Rows": 188, "Plan Width": 59, "Plans": [{"Node Type": "Nested Loop", "Parent Relationship": "Outer", "Join Type": "Inner", "Startup Cost": 0.0, "Total Cost": 8651324.11, "Plan Rows": 188, "Plan Width": 59, "Inner Unique": false, "Join Filter": "(ci.person_id = n.id)", "Plans": [{"Node Type": "Seq Scan", "Parent Relationship": "Outer", "Relation Name": "name", "Alias": "n", "Startup Cost": 0.0, "Total Cost": 103490.62, "Plan Rows": 624324, "Plan Width": 4, "Filter": "((gender IS NOT NULL) AND ((gender)::text = 'f'::text)), (LLVM Optimized)"}, {"Node Type": "Materialize", "Parent Relationship": "Inner", "Startup Cost": 0.0, "Total Cost": 5963132.81, "Plan Rows": 276, "Plan Width": 63, "Plans": [{"Node Type": "Nested Loop", "Parent Relationship": "Outer", "Join Type": "Inner", "Startup Cost": 0.0, "Total Cost": 5963131.43, "Plan Rows": 276, "Plan Width": 63, "Inner Unique": false, "Join Filter": "(mi.movie_id = ci.movie_id)", "Plans": [{"Node Type": "Seq Scan", "Parent Relationship": "Outer", "Relation Name": "cast_info", "Alias": "ci", "Startup Cost": 0.0, "Total Cost": 828499.78, "Plan Rows": 1223154, "Plan Width": 8, "Filter": "((note)::text = ANY ('{(writer),\"(head writer)\",\"(written by)\",(story),\"(story editor)\"}'::text[]))"}, {"Node Type": "Materialize", "Parent Relationship": "Inner", "Startup Cost": 0.0, "Total Cost": 547804.78, "Plan Rows": 250, "Plan Width": 55, "Plans": [{"Node Type": "Nested Loop", "Parent Relationship": "Outer", "Join Type": "Inner", "Startup Cost": 0.0, "Total Cost": 547803.53, "Plan Rows": 250, "Plan Width": 55, "Inner Unique": false, "Join Filter": "(mi.movie_id = mi_idx.movie_id)", "Plans": [{"Node Type": "Nested Loop", "Parent Relationship": "Outer", "Join Type": "Inner", "Startup Cost": 0.0, "Total Cost": 24373.65, "Plan Rows": 12936, "Plan Width": 9, "Inner Unique": false, "Join Filter": "(it2.id = mi_idx.info_type_id)", "Plans": [{"Node Type": "Seq Scan", "Parent Relationship": "Outer", "Relation Name": "info_type", "Alias": "it2", "Startup Cost": 0.0, "Total Cost": 2.4, "Plan Rows": 1, "Plan Width": 4, "Filter": "((info)::text = 'rating'::text)"}, {"Node Type": "Seq Scan", "Parent Relationship": "Inner", "Relation Name": "movie_info_idx", "Alias": "mi_idx", "Startup Cost": 0.0, "Total Cost": 23724.42, "Plan Rows": 51746, "Plan Width": 13, "Filter": "((info)::text > '8.0'::text)"}]}, {"Node Type": "Materialize", "Parent Relationship": "Inner", "Startup Cost": 0.0, "Total Cost": 335019.47, "Plan Rows": 971, "Plan Width": 46, "Plans": [{"Node Type": "Nested Loop", "Parent Relationship": "Outer", "Join Type": "Inner", "Startup Cost": 0.0, "Total Cost": 335014.61, "Plan Rows": 971, "Plan Width": 46, "Inner Unique": false, "Join Filter": "(it1.id = mi.info_type_id)", "Plans": [{"Node Type": "Seq Scan", "Parent Relationship": "Outer", "Relation Name": "info_type", "Alias": "it1", "Startup Cost": 0.0, "Total Cost": 2.4, "Plan Rows": 1, "Plan Width": 4, "Filter": "((info)::text = 'genres'::text)"}, {"Node Type": "Seq Scan", "Parent Relationship": "Inner", "Relation Name": "movie_info", "Alias": "mi", "Startup Cost": 0.0, "Total Cost": 334162.58, "Plan Rows": 67971, "Plan Width": 50, "Filter": "((note IS NULL) AND ((info)::text = ANY ('{Horror,Thriller}'::text[])))"}]}]}]}]}]}]}]}]}]}]}, "Unique SQL Id": 661781350, "Planner Runtime": 5}, "explain_analyze_plan": null}, "(1, '123')": {"explain_plan": {"Plan": {"Node Type": "Aggregate", "Strategy": "Plain", "Startup Cost": 7000346357848.23, "Total Cost": 7000346357848.24, "Plan Rows": 1, "Plan Width": 160, "Plans": [{"Node Type": "Nested Loop", "Parent Relationship": "Outer", "Join Type": "Inner", "Startup Cost": 70000000000.0, "Total Cost": 7000346357846.58, "Plan Rows": 219, "Plan Width": 64, "Inner Unique": false, "Join Filter": "(mi.movie_id = t.id)", "Plans": [{"Node Type": "Index Scan", "Parent Relationship": "Outer", "Scan Direction": "Forward", "Index Name": "title_pkey", "Relation Name": "title", "Alias": "t", "Startup Cost": 10000000000.0, "Total Cost": 1000012276204.41, "Plan Rows": 782553, "Plan Width": 21, "Filter": "((production_year >= 2008) AND (production_year <= 2014)), (LLVM Optimized)"}, {"Node Type": "Materialize", "Parent Relationship": "Inner", "Startup Cost": 60000000000.0, "Total Cost": 6000331874843.18, "Plan Rows": 188, "Plan Width": 59, "Plans": [{"Node Type": "Nested Loop", "Parent Relationship": "Outer", "Join Type": "Inner", "Startup Cost": 60000000000.0, "Total Cost": 6000331874842.24, "Plan Rows": 188, "Plan Width": 59, "Inner Unique": true, "Join Filter": "(ci.person_id = n.id)", "Plans": [{"Node Type": "Nested Loop", "Parent Relationship": "Outer", "Join Type": "Inner", "Startup Cost": 50000000000.0, "Total Cost": 5000310623432.87, "Plan Rows": 276, "Plan Width": 63, "Inner Unique": false, "Join Filter": "(mi.movie_id = ci.movie_id)", "Plans": [{"Node Type": "Nested Loop", "Parent Relationship": "Outer", "Join Type": "Inner", "Startup Cost": 40000000000.0, "Total Cost": 4000112722530.52, "Plan Rows": 250, "Plan Width": 55, "Inner Unique": false, "Join Filter": "(mi.movie_id = mi_idx.movie_id)", "Plans": [{"Node Type": "Nested Loop", "Parent Relationship": "Outer", "Join Type": "Inner", "Startup Cost": 20000000000.0, "Total Cost": 2000107536844.28, "Plan Rows": 971, "Plan Width": 46, "Inner Unique": true, "Join Filter": "(it1.id = mi.info_type_id)", "Plans": [{"Node Type": "Index Scan", "Parent Relationship": "Outer", "Scan Direction": "Forward", "Index Name": "movie_id_movie_info", "Relation Name": "movie_info", "Alias": "mi", "Startup Cost": 10000000000.0, "Total Cost": 1000107534403.72, "Plan Rows": 67971, "Plan Width": 50, "Filter": "((note IS NULL) AND ((info)::text = ANY ('{Horror,Thriller}'::text[])))"}, {"Node Type": "Materialize", "Parent Relationship": "Inner", "Startup Cost": 10000000000.0, "Total Cost": 1000000001421.0, "Plan Rows": 1, "Plan Width": 4, "Plans": [{"Node Type": "Index Scan", "Parent Relationship": "Outer", "Scan Direction": "Forward", "Index Name": "info_type_pkey", "Relation Name": "info_type", "Alias": "it1", "Startup Cost": 10000000000.0, "Total Cost": 1000000001421.0, "Plan Rows": 1, "Plan Width": 4, "Filter": "((info)::text = 'genres'::text)"}]}]}, {"Node Type": "Materialize", "Parent Relationship": "Inner", "Startup Cost": 20000000000.0, "Total Cost": 2000004997305.74, "Plan Rows": 12936, "Plan Width": 9, "Plans": [{"Node Type": "Nested Loop", "Parent Relationship": "Outer", "Join Type": "Inner", "Startup Cost": 20000000000.0, "Total Cost": 2000004997241.06, "Plan Rows": 12936, "Plan Width": 9, "Inner Unique": true, "Join Filter": "(it2.id = mi_idx.info_type_id)", "Plans": [{"Node Type": "Index Scan", "Parent Relationship": "Outer", "Scan Direction": "Forward", "Index Name": "movie_id_movie_info_idx", "Relation Name": "movie_info_idx", "Alias": "mi_idx", "Startup Cost": 10000000000.0, "Total Cost": 1000004995043.87, "Plan Rows": 51746, "Plan Width": 13, "Filter": "((info)::text > '8.0'::text)"}, {"Node Type": "Materialize", "Parent Relationship": "Inner", "Startup Cost": 10000000000.0, "Total Cost": 1000000001421.0, "Plan Rows": 1, "Plan Width": 4, "Plans": [{"Node Type": "Index Scan", "Parent Relationship": "Outer", "Scan Direction": "Forward", "Index Name": "info_type_pkey", "Relation Name": "info_type", "Alias": "it2", "Startup Cost": 10000000000.0, "Total Cost": 1000000001421.0, "Plan Rows": 1, "Plan Width": 4, "Filter": "((info)::text = 'rating'::text)"}]}]}]}]}, {"Node Type": "Materialize", "Parent Relationship": "Inner", "Startup Cost": 10000000000.0, "Total Cost": 1000193317132.73, "Plan Rows": 1223154, "Plan Width": 8, "Plans": [{"Node Type": "Index Scan", "Parent Relationship": "Outer", "Scan Direction": "Forward", "Index Name": "person_id_cast_info", "Relation Name": "cast_info", "Alias": "ci", "Startup Cost": 10000000000.0, "Total Cost": 1000193311016.96, "Plan Rows": 1223154, "Plan Width": 8, "Filter": "((note)::text = ANY ('{(writer),\"(head writer)\",\"(written by)\",(story),\"(story editor)\"}'::text[]))"}]}]}, {"Node Type": "Materialize", "Parent Relationship": "Inner", "Startup Cost": 10000000000.0, "Total Cost": 1000018668268.82, "Plan Rows": 624324, "Plan Width": 4, "Plans": [{"Node Type": "Index Scan", "Parent Relationship": "Outer", "Scan Direction": "Forward", "Index Name": "name_pkey", "Relation Name": "name", "Alias": "n", "Startup Cost": 10000000000.0, "Total Cost": 1000018665147.2, "Plan Rows": 624324, "Plan Width": 4, "Filter": "((gender IS NOT NULL) AND ((gender)::text = 'f'::text)), (LLVM Optimized)"}]}]}]}]}]}, "Unique SQL Id": 661781350, "Planner Runtime": 5}, "explain_analyze_plan": null}, "(1, '124')": {"explain_plan": {"Plan": {"Node Type": "Aggregate", "Strategy": "Plain", "Startup Cost": 89381.01, "Total Cost": 89381.02, "Plan Rows": 1, "Plan Width": 160, "Plans": [{"Node Type": "Nested Loop", "Parent Relationship": "Outer", "Join Type": "Inner", "Startup Cost": 0.0, "Total Cost": 89379.36, "Plan Rows": 219, "Plan Width": 64, "Inner Unique": true, "Plans": [{"Node Type": "Nested Loop", "Parent Relationship": "Outer", "Join Type": "Inner", "Startup Cost": 0.0, "Total Cost": 89218.37, "Plan Rows": 321, "Plan Width": 68, "Inner Unique": false, "Plans": [{"Node Type": "Nested Loop", "Parent Relationship": "Outer", "Join Type": "Inner", "Startup Cost": 0.0, "Total Cost": 88533.35, "Plan Rows": 291, "Plan Width": 76, "Inner Unique": false, "Join Filter": "(mi.info_type_id = it1.id)", "Plans": [{"Node Type": "Seq Scan", "Parent Relationship": "Outer", "Relation Name": "info_type", "Alias": "it1", "Startup Cost": 0.0, "Total Cost": 2.4, "Plan Rows": 1, "Plan Width": 4, "Filter": "((info)::text = 'genres'::text)"}, {"Node Type": "Nested Loop", "Parent Relationship": "Inner", "Join Type": "Inner", "Startup Cost": 0.0, "Total Cost": 88359.04, "Plan Rows": 13753, "Plan Width": 80, "Inner Unique": false, "Plans": [{"Node Type": "Nested Loop", "Parent Relationship": "Outer", "Join Type": "Inner", "Startup Cost": 0.0, "Total Cost": 66986.91, "Plan Rows": 15041, "Plan Width": 30, "Inner Unique": true, "Plans": [{"Node Type": "Nested Loop", "Parent Relationship": "Outer", "Join Type": "Inner", "Startup Cost": 0.0, "Total Cost": 24373.65, "Plan Rows": 12936, "Plan Width": 9, "Inner Unique": false, "Join Filter": "(it2.id = mi_idx.info_type_id)", "Plans": [{"Node Type": "Seq Scan", "Parent Relationship": "Outer", "Relation Name": "info_type", "Alias": "it2", "Startup Cost": 0.0, "Total Cost": 2.4, "Plan Rows": 1, "Plan Width": 4, "Filter": "((info)::text = 'rating'::text)"}, {"Node Type": "Seq Scan", "Parent Relationship": "Inner", "Relation Name": "movie_info_idx", "Alias": "mi_idx", "Startup Cost": 0.0, "Total Cost": 23724.42, "Plan Rows": 51746, "Plan Width": 13, "Filter": "((info)::text > '8.0'::text)"}]}, {"Node Type": "Index Scan", "Parent Relationship": "Inner", "Scan Direction": "Forward", "Index Name": "title_pkey", "Relation Name": "title", "Alias": "t", "Startup Cost": 0.0, "Total Cost": 3.28, "Plan Rows": 1, "Plan Width": 21, "Index Cond": "(id = mi_idx.movie_id)", "Filter": "((production_year >= 2008) AND (production_year <= 2014))"}]}, {"Node Type": "Index Scan", "Parent Relationship": "Inner", "Scan Direction": "Forward", "Index Name": "movie_id_movie_info", "Relation Name": "movie_info", "Alias": "mi", "Startup Cost": 0.0, "Total Cost": 1.41, "Plan Rows": 1, "Plan Width": 50, "Index Cond": "(movie_id = t.id)", "Filter": "((note IS NULL) AND ((info)::text = ANY ('{Horror,Thriller}'::text[])))"}]}]}, {"Node Type": "Index Scan", "Parent Relationship": "Inner", "Scan Direction": "Forward", "Index Name": "movie_id_cast_info", "Relation Name": "cast_info", "Alias": "ci", "Startup Cost": 0.0, "Total Cost": 2.34, "Plan Rows": 1, "Plan Width": 8, "Index Cond": "(movie_id = t.id)", "Filter": "((note)::text = ANY ('{(writer),\"(head writer)\",\"(written by)\",(story),\"(story editor)\"}'::text[]))"}]}, {"Node Type": "Index Scan", "Parent Relationship": "Inner", "Scan Direction": "Forward", "Index Name": "name_pkey", "Relation Name": "name", "Alias": "n", "Startup Cost": 0.0, "Total Cost": 0.49, "Plan Rows": 1, "Plan Width": 4, "Index Cond": "(id = ci.person_id)", "Filter": "((gender IS NOT NULL) AND ((gender)::text = 'f'::text))"}]}]}, "Unique SQL Id": 661781350, "Planner Runtime": 5}, "explain_analyze_plan": {"Plan": {"Node Type": "Aggregate", "Strategy": "Plain", "Startup Cost": 89381.01, "Total Cost": 89381.02, "Plan Rows": 1, "Plan Width": 160, "Actual Startup Time": 819.532, "Actual Total Time": 819.533, "Actual Rows": 1, "Actual Loops": 1, "Plans": [{"Node Type": "Nested Loop", "Parent Relationship": "Outer", "Join Type": "Inner", "Startup Cost": 0.0, "Total Cost": 89379.36, "Plan Rows": 219, "Plan Width": 64, "Actual Startup Time": 400.767, "Actual Total Time": 819.459, "Actual Rows": 11, "Actual Loops": 1, "Inner Unique": true, "Plans": [{"Node Type": "Nested Loop", "Parent Relationship": "Outer", "Join Type": "Inner", "Startup Cost": 0.0, "Total Cost": 89218.37, "Plan Rows": 321, "Plan Width": 68, "Actual Startup Time": 115.249, "Actual Total Time": 817.308, "Actual Rows": 268, "Actual Loops": 1, "Inner Unique": false, "Plans": [{"Node Type": "Nested Loop", "Parent Relationship": "Outer", "Join Type": "Inner", "Startup Cost": 0.0, "Total Cost": 88533.35, "Plan Rows": 291, "Plan Width": 76, "Actual Startup Time": 14.979, "Actual Total Time": 792.122, "Actual Rows": 358, "Actual Loops": 1, "Inner Unique": false, "Join Filter": "(mi.info_type_id = it1.id)", "Rows Removed by Join Filter": 0, "Plans": [{"Node Type": "Seq Scan", "Parent Relationship": "Outer", "Relation Name": "info_type", "Alias": "it1", "Startup Cost": 0.0, "Total Cost": 2.4, "Plan Rows": 1, "Plan Width": 4, "Actual Startup Time": 0.036, "Actual Total Time": 0.078, "Actual Rows": 1, "Actual Loops": 1, "Filter": "((info)::text = 'genres'::text)", "Rows Removed by Filter": 111}, {"Node Type": "Nested Loop", "Parent Relationship": "Inner", "Join Type": "Inner", "Startup Cost": 0.0, "Total Cost": 88359.04, "Plan Rows": 13753, "Plan Width": 80, "Actual Startup Time": 14.935, "Actual Total Time": 791.811, "Actual Rows": 358, "Actual Loops": 1, "Inner Unique": false, "Plans": [{"Node Type": "Nested Loop", "Parent Relationship": "Outer", "Join Type": "Inner", "Startup Cost": 0.0, "Total Cost": 66986.91, "Plan Rows": 15041, "Plan Width": 30, "Actual Startup Time": 2.748, "Actual Total Time": 648.015, "Actual Rows": 6152, "Actual Loops": 1, "Inner Unique": true, "Plans": [{"Node Type": "Nested Loop", "Parent Relationship": "Outer", "Join Type": "Inner", "Startup Cost": 0.0, "Total Cost": 24373.65, "Plan Rows": 12936, "Plan Width": 9, "Actual Startup Time": 0.138, "Actual Total Time": 565.084, "Actual Rows": 15849, "Actual Loops": 1, "Inner Unique": false, "Join Filter": "(it2.id = mi_idx.info_type_id)", "Rows Removed by Join Filter": 37800, "Plans": [{"Node Type": "Seq Scan", "Parent Relationship": "Outer", "Relation Name": "info_type", "Alias": "it2", "Startup Cost": 0.0, "Total Cost": 2.4, "Plan Rows": 1, "Plan Width": 4, "Actual Startup Time": 0.043, "Actual Total Time": 0.058, "Actual Rows": 1, "Actual Loops": 1, "Filter": "((info)::text = 'rating'::text)", "Rows Removed by Filter": 111}, {"Node Type": "Seq Scan", "Parent Relationship": "Inner", "Relation Name": "movie_info_idx", "Alias": "mi_idx", "Startup Cost": 0.0, "Total Cost": 23724.42, "Plan Rows": 51746, "Plan Width": 13, "Actual Startup Time": 0.091, "Actual Total Time": 550.192, "Actual Rows": 53649, "Actual Loops": 1, "Filter": "((info)::text > '8.0'::text)", "Rows Removed by Filter": 1326385}]}, {"Node Type": "Index Scan", "Parent Relationship": "Inner", "Scan Direction": "Forward", "Index Name": "title_pkey", "Relation Name": "title", "Alias": "t", "Startup Cost": 0.0, "Total Cost": 3.28, "Plan Rows": 1, "Plan Width": 21, "Actual Startup Time": 72.547, "Actual Total Time": 72.547, "Actual Rows": 6152, "Actual Loops": 15849, "Index Cond": "(id = mi_idx.movie_id)", "Rows Removed by Index Recheck": 0, "Filter": "((production_year >= 2008) AND (production_year <= 2014))", "Rows Removed by Filter": 9697}]}, {"Node Type": "Index Scan", "Parent Relationship": "Inner", "Scan Direction": "Forward", "Index Name": "movie_id_movie_info", "Relation Name": "movie_info", "Alias": "mi", "Startup Cost": 0.0, "Total Cost": 1.41, "Plan Rows": 1, "Plan Width": 50, "Actual Startup Time": 140.157, "Actual Total Time": 140.436, "Actual Rows": 358, "Actual Loops": 6152, "Index Cond": "(movie_id = t.id)", "Rows Removed by Index Recheck": 0, "Filter": "((note IS NULL) AND ((info)::text = ANY ('{Horror,Thriller}'::text[])))", "Rows Removed by Filter": 109599}]}]}, {"Node Type": "Index Scan", "Parent Relationship": "Inner", "Scan Direction": "Forward", "Index Name": "movie_id_cast_info", "Relation Name": "cast_info", "Alias": "ci", "Startup Cost": 0.0, "Total Cost": 2.34, "Plan Rows": 1, "Plan Width": 8, "Actual Startup Time": 19.56, "Actual Total Time": 24.789, "Actual Rows": 268, "Actual Loops": 358, "Index Cond": "(movie_id = t.id)", "Rows Removed by Index Recheck": 0, "Filter": "((note)::text = ANY ('{(writer),\"(head writer)\",\"(written by)\",(story),\"(story editor)\"}'::text[]))", "Rows Removed by Filter": 12296}]}, {"Node Type": "Index Scan", "Parent Relationship": "Inner", "Scan Direction": "Forward", "Index Name": "name_pkey", "Relation Name": "name", "Alias": "n", "Startup Cost": 0.0, "Total Cost": 0.49, "Plan Rows": 1, "Plan Width": 4, "Actual Startup Time": 1.936, "Actual Total Time": 1.936, "Actual Rows": 11, "Actual Loops": 268, "Index Cond": "(id = ci.person_id)", "Rows Removed by Index Recheck": 0, "Filter": "((gender IS NOT NULL) AND ((gender)::text = 'f'::text))", "Rows Removed by Filter": 257}]}]}, "Triggers": [], "Planner Runtime": 21.815, "Total Runtime": 819.864, "Unique SQL Id": 661781350}}, "(1, '125')": {"explain_plan": {"Plan": {"Node Type": "Aggregate", "Strategy": "Plain", "Startup Cost": 100899.17, "Total Cost": 100899.18, "Plan Rows": 1, "Plan Width": 160, "Plans": [{"Node Type": "Nested Loop", "Parent Relationship": "Outer", "Join Type": "Inner", "Startup Cost": 0.0, "Total Cost": 100897.52, "Plan Rows": 219, "Plan Width": 64, "Inner Unique": true, "Plans": [{"Node Type": "Nested Loop", "Parent Relationship": "Outer", "Join Type": "Inner", "Startup Cost": 0.0, "Total Cost": 100736.53, "Plan Rows": 321, "Plan Width": 68, "Inner Unique": false, "Plans": [{"Node Type": "Nested Loop", "Parent Relationship": "Outer", "Join Type": "Inner", "Startup Cost": 0.0, "Total Cost": 100051.51, "Plan Rows": 291, "Plan Width": 76, "Inner Unique": false, "Join Filter": "(mi.info_type_id = it1.id)", "Plans": [{"Node Type": "Index Scan", "Parent Relationship": "Outer", "Scan Direction": "Forward", "Index Name": "info_type_pkey", "Relation Name": "info_type", "Alias": "it1", "Startup Cost": 0.0, "Total Cost": 14.21, "Plan Rows": 1, "Plan Width": 4, "Filter": "((info)::text = 'genres'::text)"}, {"Node Type": "Nested Loop", "Parent Relationship": "Inner", "Join Type": "Inner", "Startup Cost": 0.0, "Total Cost": 99865.39, "Plan Rows": 13753, "Plan Width": 80, "Inner Unique": false, "Plans": [{"Node Type": "Nested Loop", "Parent Relationship": "Outer", "Join Type": "Inner", "Startup Cost": 0.0, "Total Cost": 78493.26, "Plan Rows": 15041, "Plan Width": 30, "Inner Unique": true, "Plans": [{"Node Type": "Nested Loop", "Parent Relationship": "Outer", "Join Type": "Inner", "Startup Cost": 0.0, "Total Cost": 35880.0, "Plan Rows": 12936, "Plan Width": 9, "Inner Unique": false, "Plans": [{"Node Type": "Index Scan", "Parent Relationship": "Outer", "Scan Direction": "Forward", "Index Name": "info_type_pkey", "Relation Name": "info_type", "Alias": "it2", "Startup Cost": 0.0, "Total Cost": 14.21, "Plan Rows": 1, "Plan Width": 4, "Filter": "((info)::text = 'rating'::text)"}, {"Node Type": "Index Scan", "Parent Relationship": "Inner", "Scan Direction": "Forward", "Index Name": "info_type_id_movie_info_idx", "Relation Name": "movie_info_idx", "Alias": "mi_idx", "Startup Cost": 0.0, "Total Cost": 35736.43, "Plan Rows": 12936, "Plan Width": 13, "Index Cond": "(info_type_id = it2.id)", "Filter": "((info)::text > '8.0'::text)"}]}, {"Node Type": "Index Scan", "Parent Relationship": "Inner", "Scan Direction": "Forward", "Index Name": "title_pkey", "Relation Name": "title", "Alias": "t", "Startup Cost": 0.0, "Total Cost": 3.28, "Plan Rows": 1, "Plan Width": 21, "Index Cond": "(id = mi_idx.movie_id)", "Filter": "((production_year >= 2008) AND (production_year <= 2014))"}]}, {"Node Type": "Index Scan", "Parent Relationship": "Inner", "Scan Direction": "Forward", "Index Name": "movie_id_movie_info", "Relation Name": "movie_info", "Alias": "mi", "Startup Cost": 0.0, "Total Cost": 1.41, "Plan Rows": 1, "Plan Width": 50, "Index Cond": "(movie_id = t.id)", "Filter": "((note IS NULL) AND ((info)::text = ANY ('{Horror,Thriller}'::text[])))"}]}]}, {"Node Type": "Index Scan", "Parent Relationship": "Inner", "Scan Direction": "Forward", "Index Name": "movie_id_cast_info", "Relation Name": "cast_info", "Alias": "ci", "Startup Cost": 0.0, "Total Cost": 2.34, "Plan Rows": 1, "Plan Width": 8, "Index Cond": "(movie_id = t.id)", "Filter": "((note)::text = ANY ('{(writer),\"(head writer)\",\"(written by)\",(story),\"(story editor)\"}'::text[]))"}]}, {"Node Type": "Index Scan", "Parent Relationship": "Inner", "Scan Direction": "Forward", "Index Name": "name_pkey", "Relation Name": "name", "Alias": "n", "Startup Cost": 0.0, "Total Cost": 0.49, "Plan Rows": 1, "Plan Width": 4, "Index Cond": "(id = ci.person_id)", "Filter": "((gender IS NOT NULL) AND ((gender)::text = 'f'::text))"}]}]}, "Unique SQL Id": 661781350, "Planner Runtime": 5}, "explain_analyze_plan": {"Plan": {"Node Type": "Aggregate", "Strategy": "Plain", "Startup Cost": 100899.17, "Total Cost": 100899.18, "Plan Rows": 1, "Plan Width": 160, "Actual Startup Time": 576.408, "Actual Total Time": 576.408, "Actual Rows": 1, "Actual Loops": 1, "Plans": [{"Node Type": "Nested Loop", "Parent Relationship": "Outer", "Join Type": "Inner", "Startup Cost": 0.0, "Total Cost": 100897.52, "Plan Rows": 219, "Plan Width": 64, "Actual Startup Time": 298.008, "Actual Total Time": 576.345, "Actual Rows": 11, "Actual Loops": 1, "Inner Unique": true, "Plans": [{"Node Type": "Nested Loop", "Parent Relationship": "Outer", "Join Type": "Inner", "Startup Cost": 0.0, "Total Cost": 100736.53, "Plan Rows": 321, "Plan Width": 68, "Actual Startup Time": 85.756, "Actual Total Time": 574.144, "Actual Rows": 268, "Actual Loops": 1, "Inner Unique": false, "Plans": [{"Node Type": "Nested Loop", "Parent Relationship": "Outer", "Join Type": "Inner", "Startup Cost": 0.0, "Total Cost": 100051.51, "Plan Rows": 291, "Plan Width": 76, "Actual Startup Time": 10.351, "Actual Total Time": 549.304, "Actual Rows": 358, "Actual Loops": 1, "Inner Unique": false, "Join Filter": "(mi.info_type_id = it1.id)", "Rows Removed by Join Filter": 0, "Plans": [{"Node Type": "Index Scan", "Parent Relationship": "Outer", "Scan Direction": "Forward", "Index Name": "info_type_pkey", "Relation Name": "info_type", "Alias": "it1", "Startup Cost": 0.0, "Total Cost": 14.21, "Plan Rows": 1, "Plan Width": 4, "Actual Startup Time": 0.027, "Actual Total Time": 0.075, "Actual Rows": 1, "Actual Loops": 1, "Filter": "((info)::text = 'genres'::text)", "Rows Removed by Filter": 111}, {"Node Type": "Nested Loop", "Parent Relationship": "Inner", "Join Type": "Inner", "Startup Cost": 0.0, "Total Cost": 99865.39, "Plan Rows": 13753, "Plan Width": 80, "Actual Startup Time": 10.315, "Actual Total Time": 548.982, "Actual Rows": 358, "Actual Loops": 1, "Inner Unique": false, "Plans": [{"Node Type": "Nested Loop", "Parent Relationship": "Outer", "Join Type": "Inner", "Startup Cost": 0.0, "Total Cost": 78493.26, "Plan Rows": 15041, "Plan Width": 30, "Actual Startup Time": 1.953, "Actual Total Time": 407.856, "Actual Rows": 6152, "Actual Loops": 1, "Inner Unique": true, "Plans": [{"Node Type": "Nested Loop", "Parent Relationship": "Outer", "Join Type": "Inner", "Startup Cost": 0.0, "Total Cost": 35880.0, "Plan Rows": 12936, "Plan Width": 9, "Actual Startup Time": 0.094, "Actual Total Time": 326.399, "Actual Rows": 15849, "Actual Loops": 1, "Inner Unique": false, "Plans": [{"Node Type": "Index Scan", "Parent Relationship": "Outer", "Scan Direction": "Forward", "Index Name": "info_type_pkey", "Relation Name": "info_type", "Alias": "it2", "Startup Cost": 0.0, "Total Cost": 14.21, "Plan Rows": 1, "Plan Width": 4, "Actual Startup Time": 0.053, "Actual Total Time": 0.061, "Actual Rows": 1, "Actual Loops": 1, "Filter": "((info)::text = 'rating'::text)", "Rows Removed by Filter": 111}, {"Node Type": "Index Scan", "Parent Relationship": "Inner", "Scan Direction": "Forward", "Index Name": "info_type_id_movie_info_idx", "Relation Name": "movie_info_idx", "Alias": "mi_idx", "Startup Cost": 0.0, "Total Cost": 35736.43, "Plan Rows": 12936, "Plan Width": 13, "Actual Startup Time": 0.039, "Actual Total Time": 322.683, "Actual Rows": 15849, "Actual Loops": 1, "Index Cond": "(info_type_id = it2.id)", "Rows Removed by Index Recheck": 0, "Filter": "((info)::text > '8.0'::text)", "Rows Removed by Filter": 444076}]}, {"Node Type": "Index Scan", "Parent Relationship": "Inner", "Scan Direction": "Forward", "Index Name": "title_pkey", "Relation Name": "title", "Alias": "t", "Startup Cost": 0.0, "Total Cost": 3.28, "Plan Rows": 1, "Plan Width": 21, "Actual Startup Time": 70.824, "Actual Total Time": 70.824, "Actual Rows": 6152, "Actual Loops": 15849, "Index Cond": "(id = mi_idx.movie_id)", "Rows Removed by Index Recheck": 0, "Filter": "((production_year >= 2008) AND (production_year <= 2014))", "Rows Removed by Filter": 9697}]}, {"Node Type": "Index Scan", "Parent Relationship": "Inner", "Scan Direction": "Forward", "Index Name": "movie_id_movie_info", "Relation Name": "movie_info", "Alias": "mi", "Startup Cost": 0.0, "Total Cost": 1.41, "Plan Rows": 1, "Plan Width": 50, "Actual Startup Time": 137.298, "Actual Total Time": 137.605, "Actual Rows": 358, "Actual Loops": 6152, "Index Cond": "(movie_id = t.id)", "Rows Removed by Index Recheck": 0, "Filter": "((note IS NULL) AND ((info)::text = ANY ('{Horror,Thriller}'::text[])))", "Rows Removed by Filter": 109599}]}]}, {"Node Type": "Index Scan", "Parent Relationship": "Inner", "Scan Direction": "Forward", "Index Name": "movie_id_cast_info", "Relation Name": "cast_info", "Alias": "ci", "Startup Cost": 0.0, "Total Cost": 2.34, "Plan Rows": 1, "Plan Width": 8, "Actual Startup Time": 19.232, "Actual Total Time": 24.394, "Actual Rows": 268, "Actual Loops": 358, "Index Cond": "(movie_id = t.id)", "Rows Removed by Index Recheck": 0, "Filter": "((note)::text = ANY ('{(writer),\"(head writer)\",\"(written by)\",(story),\"(story editor)\"}'::text[]))", "Rows Removed by Filter": 12296}]}, {"Node Type": "Index Scan", "Parent Relationship": "Inner", "Scan Direction": "Forward", "Index Name": "name_pkey", "Relation Name": "name", "Alias": "n", "Startup Cost": 0.0, "Total Cost": 0.49, "Plan Rows": 1, "Plan Width": 4, "Actual Startup Time": 1.923, "Actual Total Time": 1.923, "Actual Rows": 11, "Actual Loops": 268, "Index Cond": "(id = ci.person_id)", "Rows Removed by Index Recheck": 0, "Filter": "((gender IS NOT NULL) AND ((gender)::text = 'f'::text))", "Rows Removed by Filter": 257}]}]}, "Triggers": [], "Planner Runtime": 15.928, "Total Runtime": 576.736, "Unique SQL Id": 661781350}}, "(1, '126')": {"explain_plan": {"Plan": {"Node Type": "Aggregate", "Strategy": "Plain", "Startup Cost": 10930836.35, "Total Cost": 10930836.36, "Plan Rows": 1, "Plan Width": 160, "Plans": [{"Node Type": "Nested Loop", "Parent Relationship": "Outer", "Join Type": "Inner", "Startup Cost": 331.36, "Total Cost": 10930834.7, "Plan Rows": 219, "Plan Width": 64, "Inner Unique": false, "Join Filter": "(mi.movie_id = t.id)", "Plans": [{"Node Type": "Seq Scan", "Parent Relationship": "Outer", "Relation Name": "title", "Alias": "t", "Startup Cost": 331.36, "Total Cost": 72710.67, "Plan Rows": 782553, "Plan Width": 21, "Filter": "((production_year >= 2008) AND (production_year <= 2014)), (LLVM Optimized)"}, {"Node Type": "Materialize", "Parent Relationship": "Inner", "Startup Cost": 0.0, "Total Cost": 8651325.05, "Plan Rows": 188, "Plan Width": 59, "Plans": [{"Node Type": "Nested Loop", "Parent Relationship": "Outer", "Join Type": "Inner", "Startup Cost": 0.0, "Total Cost": 8651324.11, "Plan Rows": 188, "Plan Width": 59, "Inner Unique": false, "Join Filter": "(ci.person_id = n.id)", "Plans": [{"Node Type": "Seq Scan", "Parent Relationship": "Outer", "Relation Name": "name", "Alias": "n", "Startup Cost": 0.0, "Total Cost": 103490.62, "Plan Rows": 624324, "Plan Width": 4, "Filter": "((gender IS NOT NULL) AND ((gender)::text = 'f'::text)), (LLVM Optimized)"}, {"Node Type": "Materialize", "Parent Relationship": "Inner", "Startup Cost": 0.0, "Total Cost": 5963132.81, "Plan Rows": 276, "Plan Width": 63, "Plans": [{"Node Type": "Nested Loop", "Parent Relationship": "Outer", "Join Type": "Inner", "Startup Cost": 0.0, "Total Cost": 5963131.43, "Plan Rows": 276, "Plan Width": 63, "Inner Unique": false, "Join Filter": "(mi.movie_id = ci.movie_id)", "Plans": [{"Node Type": "Seq Scan", "Parent Relationship": "Outer", "Relation Name": "cast_info", "Alias": "ci", "Startup Cost": 0.0, "Total Cost": 828499.78, "Plan Rows": 1223154, "Plan Width": 8, "Filter": "((note)::text = ANY ('{(writer),\"(head writer)\",\"(written by)\",(story),\"(story editor)\"}'::text[]))"}, {"Node Type": "Materialize", "Parent Relationship": "Inner", "Startup Cost": 0.0, "Total Cost": 547804.78, "Plan Rows": 250, "Plan Width": 55, "Plans": [{"Node Type": "Nested Loop", "Parent Relationship": "Outer", "Join Type": "Inner", "Startup Cost": 0.0, "Total Cost": 547803.53, "Plan Rows": 250, "Plan Width": 55, "Inner Unique": false, "Join Filter": "(mi.movie_id = mi_idx.movie_id)", "Plans": [{"Node Type": "Nested Loop", "Parent Relationship": "Outer", "Join Type": "Inner", "Startup Cost": 0.0, "Total Cost": 24373.65, "Plan Rows": 12936, "Plan Width": 9, "Inner Unique": false, "Join Filter": "(it2.id = mi_idx.info_type_id)", "Plans": [{"Node Type": "Seq Scan", "Parent Relationship": "Outer", "Relation Name": "info_type", "Alias": "it2", "Startup Cost": 0.0, "Total Cost": 2.4, "Plan Rows": 1, "Plan Width": 4, "Filter": "((info)::text = 'rating'::text)"}, {"Node Type": "Seq Scan", "Parent Relationship": "Inner", "Relation Name": "movie_info_idx", "Alias": "mi_idx", "Startup Cost": 0.0, "Total Cost": 23724.42, "Plan Rows": 51746, "Plan Width": 13, "Filter": "((info)::text > '8.0'::text)"}]}, {"Node Type": "Materialize", "Parent Relationship": "Inner", "Startup Cost": 0.0, "Total Cost": 335019.47, "Plan Rows": 971, "Plan Width": 46, "Plans": [{"Node Type": "Nested Loop", "Parent Relationship": "Outer", "Join Type": "Inner", "Startup Cost": 0.0, "Total Cost": 335014.61, "Plan Rows": 971, "Plan Width": 46, "Inner Unique": false, "Join Filter": "(it1.id = mi.info_type_id)", "Plans": [{"Node Type": "Seq Scan", "Parent Relationship": "Outer", "Relation Name": "info_type", "Alias": "it1", "Startup Cost": 0.0, "Total Cost": 2.4, "Plan Rows": 1, "Plan Width": 4, "Filter": "((info)::text = 'genres'::text)"}, {"Node Type": "Seq Scan", "Parent Relationship": "Inner", "Relation Name": "movie_info", "Alias": "mi", "Startup Cost": 0.0, "Total Cost": 334162.58, "Plan Rows": 67971, "Plan Width": 50, "Filter": "((note IS NULL) AND ((info)::text = ANY ('{Horror,Thriller}'::text[])))"}]}]}]}]}]}]}]}]}]}]}, "Unique SQL Id": 661781350, "Planner Runtime": 5}, "explain_analyze_plan": null}, "(1, '127')": {"explain_plan": {"Plan": {"Node Type": "Aggregate", "Strategy": "Plain", "Startup Cost": 7000346357848.23, "Total Cost": 7000346357848.24, "Plan Rows": 1, "Plan Width": 160, "Plans": [{"Node Type": "Nested Loop", "Parent Relationship": "Outer", "Join Type": "Inner", "Startup Cost": 70000000000.0, "Total Cost": 7000346357846.58, "Plan Rows": 219, "Plan Width": 64, "Inner Unique": false, "Join Filter": "(mi.movie_id = t.id)", "Plans": [{"Node Type": "Index Scan", "Parent Relationship": "Outer", "Scan Direction": "Forward", "Index Name": "title_pkey", "Relation Name": "title", "Alias": "t", "Startup Cost": 10000000000.0, "Total Cost": 1000012276204.41, "Plan Rows": 782553, "Plan Width": 21, "Filter": "((production_year >= 2008) AND (production_year <= 2014)), (LLVM Optimized)"}, {"Node Type": "Materialize", "Parent Relationship": "Inner", "Startup Cost": 60000000000.0, "Total Cost": 6000331874843.18, "Plan Rows": 188, "Plan Width": 59, "Plans": [{"Node Type": "Nested Loop", "Parent Relationship": "Outer", "Join Type": "Inner", "Startup Cost": 60000000000.0, "Total Cost": 6000331874842.24, "Plan Rows": 188, "Plan Width": 59, "Inner Unique": true, "Join Filter": "(ci.person_id = n.id)", "Plans": [{"Node Type": "Nested Loop", "Parent Relationship": "Outer", "Join Type": "Inner", "Startup Cost": 50000000000.0, "Total Cost": 5000310623432.87, "Plan Rows": 276, "Plan Width": 63, "Inner Unique": false, "Join Filter": "(mi.movie_id = ci.movie_id)", "Plans": [{"Node Type": "Nested Loop", "Parent Relationship": "Outer", "Join Type": "Inner", "Startup Cost": 40000000000.0, "Total Cost": 4000112722530.52, "Plan Rows": 250, "Plan Width": 55, "Inner Unique": false, "Join Filter": "(mi.movie_id = mi_idx.movie_id)", "Plans": [{"Node Type": "Nested Loop", "Parent Relationship": "Outer", "Join Type": "Inner", "Startup Cost": 20000000000.0, "Total Cost": 2000107536844.28, "Plan Rows": 971, "Plan Width": 46, "Inner Unique": true, "Join Filter": "(it1.id = mi.info_type_id)", "Plans": [{"Node Type": "Index Scan", "Parent Relationship": "Outer", "Scan Direction": "Forward", "Index Name": "movie_id_movie_info", "Relation Name": "movie_info", "Alias": "mi", "Startup Cost": 10000000000.0, "Total Cost": 1000107534403.72, "Plan Rows": 67971, "Plan Width": 50, "Filter": "((note IS NULL) AND ((info)::text = ANY ('{Horror,Thriller}'::text[])))"}, {"Node Type": "Materialize", "Parent Relationship": "Inner", "Startup Cost": 10000000000.0, "Total Cost": 1000000001421.0, "Plan Rows": 1, "Plan Width": 4, "Plans": [{"Node Type": "Index Scan", "Parent Relationship": "Outer", "Scan Direction": "Forward", "Index Name": "info_type_pkey", "Relation Name": "info_type", "Alias": "it1", "Startup Cost": 10000000000.0, "Total Cost": 1000000001421.0, "Plan Rows": 1, "Plan Width": 4, "Filter": "((info)::text = 'genres'::text)"}]}]}, {"Node Type": "Materialize", "Parent Relationship": "Inner", "Startup Cost": 20000000000.0, "Total Cost": 2000004997305.74, "Plan Rows": 12936, "Plan Width": 9, "Plans": [{"Node Type": "Nested Loop", "Parent Relationship": "Outer", "Join Type": "Inner", "Startup Cost": 20000000000.0, "Total Cost": 2000004997241.06, "Plan Rows": 12936, "Plan Width": 9, "Inner Unique": true, "Join Filter": "(it2.id = mi_idx.info_type_id)", "Plans": [{"Node Type": "Index Scan", "Parent Relationship": "Outer", "Scan Direction": "Forward", "Index Name": "movie_id_movie_info_idx", "Relation Name": "movie_info_idx", "Alias": "mi_idx", "Startup Cost": 10000000000.0, "Total Cost": 1000004995043.87, "Plan Rows": 51746, "Plan Width": 13, "Filter": "((info)::text > '8.0'::text)"}, {"Node Type": "Materialize", "Parent Relationship": "Inner", "Startup Cost": 10000000000.0, "Total Cost": 1000000001421.0, "Plan Rows": 1, "Plan Width": 4, "Plans": [{"Node Type": "Index Scan", "Parent Relationship": "Outer", "Scan Direction": "Forward", "Index Name": "info_type_pkey", "Relation Name": "info_type", "Alias": "it2", "Startup Cost": 10000000000.0, "Total Cost": 1000000001421.0, "Plan Rows": 1, "Plan Width": 4, "Filter": "((info)::text = 'rating'::text)"}]}]}]}]}, {"Node Type": "Materialize", "Parent Relationship": "Inner", "Startup Cost": 10000000000.0, "Total Cost": 1000193317132.73, "Plan Rows": 1223154, "Plan Width": 8, "Plans": [{"Node Type": "Index Scan", "Parent Relationship": "Outer", "Scan Direction": "Forward", "Index Name": "person_id_cast_info", "Relation Name": "cast_info", "Alias": "ci", "Startup Cost": 10000000000.0, "Total Cost": 1000193311016.96, "Plan Rows": 1223154, "Plan Width": 8, "Filter": "((note)::text = ANY ('{(writer),\"(head writer)\",\"(written by)\",(story),\"(story editor)\"}'::text[]))"}]}]}, {"Node Type": "Materialize", "Parent Relationship": "Inner", "Startup Cost": 10000000000.0, "Total Cost": 1000018668268.82, "Plan Rows": 624324, "Plan Width": 4, "Plans": [{"Node Type": "Index Scan", "Parent Relationship": "Outer", "Scan Direction": "Forward", "Index Name": "name_pkey", "Relation Name": "name", "Alias": "n", "Startup Cost": 10000000000.0, "Total Cost": 1000018665147.2, "Plan Rows": 624324, "Plan Width": 4, "Filter": "((gender IS NOT NULL) AND ((gender)::text = 'f'::text)), (LLVM Optimized)"}]}]}]}]}]}, "Unique SQL Id": 661781350, "Planner Runtime": 5}, "explain_analyze_plan": null}, "(16, '0')": {"explain_plan": {"Plan": {"Node Type": "Aggregate", "Strategy": "Plain", "Startup Cost": 40136.75, "Total Cost": 40136.76, "Plan Rows": 1, "Plan Width": 160, "Plans": [{"Node Type": "Nested Loop", "Parent Relationship": "Outer", "Join Type": "Inner", "Startup Cost": 2.41, "Total Cost": 40135.1, "Plan Rows": 219, "Plan Width": 64, "Inner Unique": true, "Plans": [{"Node Type": "Nested Loop", "Parent Relationship": "Outer", "Join Type": "Inner", "Startup Cost": 2.41, "Total Cost": 39974.11, "Plan Rows": 321, "Plan Width": 68, "Inner Unique": false, "Plans": [{"Node Type": "Nested Loop", "Parent Relationship": "Outer", "Join Type": "Inner", "Startup Cost": 2.41, "Total Cost": 39289.09, "Plan Rows": 291, "Plan Width": 76, "Inner Unique": true, "Plans": [{"Node Type": "Nested Loop", "Parent Relationship": "Outer", "Join Type": "Inner", "Startup Cost": 2.41, "Total Cost": 38575.87, "Plan Rows": 250, "Plan Width": 55, "Inner Unique": false, "Join Filter": "(mi_idx.info_type_id = it2.id)", "Plans": [{"Node Type": "Seq Scan", "Parent Relationship": "Outer", "Relation Name": "info_type", "Alias": "it2", "Startup Cost": 0.0, "Total Cost": 2.4, "Plan Rows": 1, "Plan Width": 4, "Filter": "((info)::text = 'rating'::text)"}, {"Node Type": "Materialize", "Parent Relationship": "Inner", "Startup Cost": 2.41, "Total Cost": 38563.48, "Plan Rows": 999, "Plan Width": 59, "Plans": [{"Node Type": "Nested Loop", "Parent Relationship": "Outer", "Join Type": "Inner", "Startup Cost": 2.41, "Total Cost": 38560.99, "Plan Rows": 999, "Plan Width": 59, "Inner Unique": false, "Plans": [{"Node Type": "Hash Join", "Parent Relationship": "Outer", "Join Type": "Inner", "Startup Cost": 2.41, "Total Cost": 37619.13, "Plan Rows": 971, "Plan Width": 46, "Inner Unique": true, "Hash Cond": "(mi.info_type_id = it1.id)", "Plans": [{"Node Type": "Streaming(type: LOCAL GATHER dop: 1/16)", "Parent Relationship": "Outer", "Startup Cost": 0.0, "Total Cost": 37352.11, "Plan Rows": 67971, "Plan Width": 50, "Plans": [{"Node Type": "Seq Scan", "Parent Relationship": "Outer", "Relation Name": "movie_info", "Alias": "mi", "Startup Cost": 0.0, "Total Cost": 35885.16, "Plan Rows": 67971, "Plan Width": 50, "Filter": "((note IS NULL) AND ((info)::text = ANY ('{Horror,Thriller}'::text[])))"}]}, {"Node Type": "Hash", "Parent Relationship": "Inner", "Startup Cost": 2.4, "Total Cost": 2.4, "Plan Rows": 1, "Plan Width": 4, "Plans": [{"Node Type": "Seq Scan", "Parent Relationship": "Outer", "Relation Name": "info_type", "Alias": "it1", "Startup Cost": 0.0, "Total Cost": 2.4, "Plan Rows": 1, "Plan Width": 4, "Filter": "((info)::text = 'genres'::text)"}]}]}, {"Node Type": "Index Scan", "Parent Relationship": "Inner", "Scan Direction": "Forward", "Index Name": "movie_id_movie_info_idx", "Relation Name": "movie_info_idx", "Alias": "mi_idx", "Startup Cost": 0.0, "Total Cost": 0.96, "Plan Rows": 1, "Plan Width": 13, "Index Cond": "(movie_id = mi.movie_id)", "Filter": "((info)::text > '8.0'::text)"}]}]}]}, {"Node Type": "Index Scan", "Parent Relationship": "Inner", "Scan Direction": "Forward", "Index Name": "title_pkey", "Relation Name": "title", "Alias": "t", "Startup Cost": 0.0, "Total Cost": 2.84, "Plan Rows": 1, "Plan Width": 21, "Index Cond": "(id = mi.movie_id)", "Filter": "((production_year >= 2008) AND (production_year <= 2014))"}]}, {"Node Type": "Index Scan", "Parent Relationship": "Inner", "Scan Direction": "Forward", "Index Name": "movie_id_cast_info", "Relation Name": "cast_info", "Alias": "ci", "Startup Cost": 0.0, "Total Cost": 2.34, "Plan Rows": 1, "Plan Width": 8, "Index Cond": "(movie_id = t.id)", "Filter": "((note)::text = ANY ('{(writer),\"(head writer)\",\"(written by)\",(story),\"(story editor)\"}'::text[]))"}]}, {"Node Type": "Index Scan", "Parent Relationship": "Inner", "Scan Direction": "Forward", "Index Name": "name_pkey", "Relation Name": "name", "Alias": "n", "Startup Cost": 0.0, "Total Cost": 0.49, "Plan Rows": 1, "Plan Width": 4, "Index Cond": "(id = ci.person_id)", "Filter": "((gender IS NOT NULL) AND ((gender)::text = 'f'::text))"}]}]}, "Unique SQL Id": 661781350, "Planner Runtime": 57}, "explain_analyze_plan": {"Plan": {"Node Type": "Aggregate", "Strategy": "Plain", "Startup Cost": 40136.75, "Total Cost": 40136.76, "Plan Rows": 1, "Plan Width": 160, "Actual Min Startup Time": 745.831, "Actual Max Startup Time": 745.831, "Actual Min Total Time": 745.832, "Actual Max Total Time": 745.832, "Plans": [{"Node Type": "Nested Loop", "Parent Relationship": "Outer", "Join Type": "Inner", "Startup Cost": 2.41, "Total Cost": 40135.1, "Plan Rows": 219, "Plan Width": 64, "Actual Min Startup Time": 715.131, "Actual Max Startup Time": 715.131, "Actual Min Total Time": 745.777, "Actual Max Total Time": 745.777, "Inner Unique": true, "Plans": [{"Node Type": "Nested Loop", "Parent Relationship": "Outer", "Join Type": "Inner", "Startup Cost": 2.41, "Total Cost": 39974.11, "Plan Rows": 321, "Plan Width": 68, "Actual Min Startup Time": 714.667, "Actual Max Startup Time": 714.667, "Actual Min Total Time": 743.955, "Actual Max Total Time": 743.955, "Inner Unique": false, "Plans": [{"Node Type": "Nested Loop", "Parent Relationship": "Outer", "Join Type": "Inner", "Startup Cost": 2.41, "Total Cost": 39289.09, "Plan Rows": 291, "Plan Width": 76, "Actual Min Startup Time": 714.49, "Actual Max Startup Time": 714.49, "Actual Min Total Time": 720.514, "Actual Max Total Time": 720.514, "Inner Unique": true, "Plans": [{"Node Type": "Nested Loop", "Parent Relationship": "Outer", "Join Type": "Inner", "Startup Cost": 2.41, "Total Cost": 38575.87, "Plan Rows": 250, "Plan Width": 55, "Actual Min Startup Time": 714.464, "Actual Max Startup Time": 714.464, "Actual Min Total Time": 716.205, "Actual Max Total Time": 716.205, "Inner Unique": false, "Join Filter": "(mi_idx.info_type_id = it2.id)", "Rows Removed by Join Filter": 3403, "Plans": [{"Node Type": "Seq Scan", "Parent Relationship": "Outer", "Relation Name": "info_type", "Alias": "it2", "Startup Cost": 0.0, "Total Cost": 2.4, "Plan Rows": 1, "Plan Width": 4, "Actual Min Startup Time": 0.065, "Actual Max Startup Time": 0.065, "Actual Min Total Time": 0.077, "Actual Max Total Time": 0.077, "Filter": "((info)::text = 'rating'::text)", "Rows Removed by Filter": 111, "Actual Rows": 1}, {"Node Type": "Materialize", "Parent Relationship": "Inner", "Startup Cost": 2.41, "Total Cost": 38563.48, "Plan Rows": 999, "Plan Width": 59, "Actual Min Startup Time": 714.377, "Actual Max Startup Time": 714.377, "Actual Min Total Time": 714.876, "Actual Max Total Time": 714.876, "Plans": [{"Node Type": "Nested Loop", "Parent Relationship": "Outer", "Join Type": "Inner", "Startup Cost": 2.41, "Total Cost": 38560.99, "Plan Rows": 999, "Plan Width": 59, "Actual Min Startup Time": 354.887, "Actual Max Startup Time": 354.887, "Actual Min Total Time": 712.602, "Actual Max Total Time": 712.602, "Inner Unique": false, "Plans": [{"Node Type": "Hash Join", "Parent Relationship": "Outer", "Join Type": "Inner", "Startup Cost": 2.41, "Total Cost": 37619.13, "Plan Rows": 971, "Plan Width": 46, "Actual Min Startup Time": 354.787, "Actual Max Startup Time": 354.787, "Actual Min Total Time": 419.6, "Actual Max Total Time": 419.6, "Inner Unique": true, "Hash Cond": "(mi.info_type_id = it1.id)", "Plans": [{"Node Type": "Streaming(type: LOCAL GATHER dop: 1/16)", "Parent Relationship": "Outer", "Startup Cost": 0.0, "Total Cost": 37352.11, "Plan Rows": 67971, "Plan Width": 50, "Actual Min Startup Time": 266.275, "Actual Max Startup Time": 266.275, "Actual Min Total Time": 383.347, "Actual Max Total Time": 383.347, "Plans": [{"Node Type": "Seq Scan", "Parent Relationship": "Outer", "Relation Name": "movie_info", "Alias": "mi", "Startup Cost": 0.0, "Total Cost": 35885.16, "Plan Rows": 67971, "Plan Width": 50, "Actual Min Startup Time": 236.217, "Actual Max Startup Time": 341.573, "Actual Min Total Time": 384.125, "Actual Max Total Time": 397.048, "Filter": "((note IS NULL) AND ((info)::text = ANY ('{Horror,Thriller}'::text[])))", "Rows Removed by Filter": 14762672, "Actual Rows": 73047}], "Actual Rows": 73047}, {"Node Type": "Hash", "Parent Relationship": "Inner", "Startup Cost": 2.4, "Total Cost": 2.4, "Plan Rows": 1, "Plan Width": 4, "Actual Min Startup Time": 0.089, "Actual Max Startup Time": 0.089, "Actual Min Total Time": 0.089, "Actual Max Total Time": 0.089, "Max Hash Buckets": 32768, "Min Hash Buckets": 32768, "Max Hash Batches": 1, "Min Hash Batches": 1, "Max Original Hash Batches": 1, "Min Original Hash Batches": 1, "Max Peak Memory Usage": 1, "min Peak Memory Usage": 1, "Plans": [{"Node Type": "Seq Scan", "Parent Relationship": "Outer", "Relation Name": "info_type", "Alias": "it1", "Startup Cost": 0.0, "Total Cost": 2.4, "Plan Rows": 1, "Plan Width": 4, "Actual Min Startup Time": 0.054, "Actual Max Startup Time": 0.054, "Actual Min Total Time": 0.078, "Actual Max Total Time": 0.078, "Filter": "((info)::text = 'genres'::text)", "Rows Removed by Filter": 111, "Actual Rows": 1}], "Actual Rows": 1}], "Actual Rows": 72258}, {"Node Type": "Index Scan", "Parent Relationship": "Inner", "Scan Direction": "Forward", "Index Name": "movie_id_movie_info_idx", "Relation Name": "movie_info_idx", "Alias": "mi_idx", "Startup Cost": 0.0, "Total Cost": 0.96, "Plan Rows": 1, "Plan Width": 13, "Actual Min Startup Time": 255.106, "Actual Max Startup Time": 255.106, "Actual Min Total Time": 258.664, "Actual Max Total Time": 258.664, "Index Cond": "(movie_id = mi.movie_id)", "Rows Removed by Index Recheck": 0, "Filter": "((info)::text > '8.0'::text)", "Rows Removed by Filter": 113143, "Actual Rows": 4135}], "Actual Rows": 4135}], "Actual Rows": 4136}], "Actual Rows": 732}, {"Node Type": "Index Scan", "Parent Relationship": "Inner", "Scan Direction": "Forward", "Index Name": "title_pkey", "Relation Name": "title", "Alias": "t", "Startup Cost": 0.0, "Total Cost": 2.84, "Plan Rows": 1, "Plan Width": 21, "Actual Min Startup Time": 3.859, "Actual Max Startup Time": 3.859, "Actual Min Total Time": 3.859, "Actual Max Total Time": 3.859, "Index Cond": "(id = mi.movie_id)", "Rows Removed by Index Recheck": 0, "Filter": "((production_year >= 2008) AND (production_year <= 2014))", "Rows Removed by Filter": 374, "Actual Rows": 358}], "Actual Rows": 358}, {"Node Type": "Index Scan", "Parent Relationship": "Inner", "Scan Direction": "Forward", "Index Name": "movie_id_cast_info", "Relation Name": "cast_info", "Alias": "ci", "Startup Cost": 0.0, "Total Cost": 2.34, "Plan Rows": 1, "Plan Width": 8, "Actual Min Startup Time": 18.251, "Actual Max Startup Time": 18.251, "Actual Min Total Time": 23.155, "Actual Max Total Time": 23.155, "Index Cond": "(movie_id = t.id)", "Rows Removed by Index Recheck": 0, "Filter": "((note)::text = ANY ('{(writer),\"(head writer)\",\"(written by)\",(story),\"(story editor)\"}'::text[]))", "Rows Removed by Filter": 12296, "Actual Rows": 268}], "Actual Rows": 268}, {"Node Type": "Index Scan", "Parent Relationship": "Inner", "Scan Direction": "Forward", "Index Name": "name_pkey", "Relation Name": "name", "Alias": "n", "Startup Cost": 0.0, "Total Cost": 0.49, "Plan Rows": 1, "Plan Width": 4, "Actual Min Startup Time": 1.645, "Actual Max Startup Time": 1.645, "Actual Min Total Time": 1.645, "Actual Max Total Time": 1.645, "Index Cond": "(id = ci.person_id)", "Rows Removed by Index Recheck": 0, "Filter": "((gender IS NOT NULL) AND ((gender)::text = 'f'::text))", "Rows Removed by Filter": 257, "Actual Rows": 11}], "Actual Rows": 11}], "Actual Rows": 1}, "Triggers": [], "Planner Runtime": 56.857, "Total Runtime": 748.558, "Unique SQL Id": 661781350}}, "(16, '1')": {"explain_plan": {"Plan": {"Node Type": "Aggregate", "Strategy": "Plain", "Startup Cost": 84230.9, "Total Cost": 84230.91, "Plan Rows": 1, "Plan Width": 160, "Plans": [{"Node Type": "Nested Loop", "Parent Relationship": "Outer", "Join Type": "Inner", "Startup Cost": 7419.04, "Total Cost": 84229.26, "Plan Rows": 219, "Plan Width": 64, "Inner Unique": true, "Plans": [{"Node Type": "Nested Loop", "Parent Relationship": "Outer", "Join Type": "Inner", "Startup Cost": 7419.04, "Total Cost": 84068.27, "Plan Rows": 321, "Plan Width": 68, "Inner Unique": false, "Plans": [{"Node Type": "Nested Loop", "Parent Relationship": "Outer", "Join Type": "Inner", "Startup Cost": 7419.04, "Total Cost": 83383.24, "Plan Rows": 291, "Plan Width": 76, "Inner Unique": false, "Join Filter": "(mi.info_type_id = it1.id)", "Plans": [{"Node Type": "Index Scan", "Parent Relationship": "Outer", "Scan Direction": "Forward", "Index Name": "info_type_pkey", "Relation Name": "info_type", "Alias": "it1", "Startup Cost": 0.0, "Total Cost": 14.21, "Plan Rows": 1, "Plan Width": 4, "Filter": "((info)::text = 'genres'::text)"}, {"Node Type": "Nested Loop", "Parent Relationship": "Inner", "Join Type": "Inner", "Startup Cost": 7419.04, "Total Cost": 83197.12, "Plan Rows": 13753, "Plan Width": 80, "Inner Unique": false, "Plans": [{"Node Type": "Nested Loop", "Parent Relationship": "Outer", "Join Type": "Inner", "Startup Cost": 7419.04, "Total Cost": 61824.99, "Plan Rows": 15041, "Plan Width": 30, "Inner Unique": true, "Plans": [{"Node Type": "Nested Loop", "Parent Relationship": "Outer", "Join Type": "Inner", "Startup Cost": 7419.04, "Total Cost": 19211.73, "Plan Rows": 12936, "Plan Width": 9, "Inner Unique": false, "Plans": [{"Node Type": "Index Scan", "Parent Relationship": "Outer", "Scan Direction": "Forward", "Index Name": "info_type_pkey", "Relation Name": "info_type", "Alias": "it2", "Startup Cost": 0.0, "Total Cost": 14.21, "Plan Rows": 1, "Plan Width": 4, "Filter": "((info)::text = 'rating'::text)"}, {"Node Type": "Bitmap Heap Scan", "Parent Relationship": "Inner", "Relation Name": "movie_info_idx", "Alias": "mi_idx", "Startup Cost": 7419.04, "Total Cost": 19068.16, "Plan Rows": 12936, "Plan Width": 13, "Recheck Cond": "(info_type_id = it2.id)", "Filter": "((info)::text > '8.0'::text)", "Plans": [{"Node Type": "Bitmap Index Scan", "Parent Relationship": "Outer", "Index Name": "info_type_id_movie_info_idx", "Startup Cost": 0.0, "Total Cost": 7415.81, "Plan Rows": 345008, "Plan Width": 0, "Index Cond": "(info_type_id = it2.id)"}]}]}, {"Node Type": "Index Scan", "Parent Relationship": "Inner", "Scan Direction": "Forward", "Index Name": "title_pkey", "Relation Name": "title", "Alias": "t", "Startup Cost": 0.0, "Total Cost": 3.28, "Plan Rows": 1, "Plan Width": 21, "Index Cond": "(id = mi_idx.movie_id)", "Filter": "((production_year >= 2008) AND (production_year <= 2014))"}]}, {"Node Type": "Index Scan", "Parent Relationship": "Inner", "Scan Direction": "Forward", "Index Name": "movie_id_movie_info", "Relation Name": "movie_info", "Alias": "mi", "Startup Cost": 0.0, "Total Cost": 1.41, "Plan Rows": 1, "Plan Width": 50, "Index Cond": "(movie_id = t.id)", "Filter": "((note IS NULL) AND ((info)::text = ANY ('{Horror,Thriller}'::text[])))"}]}]}, {"Node Type": "Index Scan", "Parent Relationship": "Inner", "Scan Direction": "Forward", "Index Name": "movie_id_cast_info", "Relation Name": "cast_info", "Alias": "ci", "Startup Cost": 0.0, "Total Cost": 2.34, "Plan Rows": 1, "Plan Width": 8, "Index Cond": "(movie_id = t.id)", "Filter": "((note)::text = ANY ('{(writer),\"(head writer)\",\"(written by)\",(story),\"(story editor)\"}'::text[]))"}]}, {"Node Type": "Index Scan", "Parent Relationship": "Inner", "Scan Direction": "Forward", "Index Name": "name_pkey", "Relation Name": "name", "Alias": "n", "Startup Cost": 0.0, "Total Cost": 0.49, "Plan Rows": 1, "Plan Width": 4, "Index Cond": "(id = ci.person_id)", "Filter": "((gender IS NOT NULL) AND ((gender)::text = 'f'::text))"}]}]}, "Unique SQL Id": 661781350, "Planner Runtime": 23}, "explain_analyze_plan": {"Plan": {"Node Type": "Aggregate", "Strategy": "Plain", "Startup Cost": 84230.9, "Total Cost": 84230.91, "Plan Rows": 1, "Plan Width": 160, "Actual Startup Time": 548.11, "Actual Total Time": 548.11, "Actual Rows": 1, "Actual Loops": 1, "Plans": [{"Node Type": "Nested Loop", "Parent Relationship": "Outer", "Join Type": "Inner", "Startup Cost": 7419.04, "Total Cost": 84229.26, "Plan Rows": 219, "Plan Width": 64, "Actual Startup Time": 313.092, "Actual Total Time": 548.036, "Actual Rows": 11, "Actual Loops": 1, "Inner Unique": true, "Plans": [{"Node Type": "Nested Loop", "Parent Relationship": "Outer", "Join Type": "Inner", "Startup Cost": 7419.04, "Total Cost": 84068.27, "Plan Rows": 321, "Plan Width": 68, "Actual Startup Time": 126.942, "Actual Total Time": 545.831, "Actual Rows": 268, "Actual Loops": 1, "Inner Unique": false, "Plans": [{"Node Type": "Nested Loop", "Parent Relationship": "Outer", "Join Type": "Inner", "Startup Cost": 7419.04, "Total Cost": 83383.24, "Plan Rows": 291, "Plan Width": 76, "Actual Startup Time": 66.913, "Actual Total Time": 520.715, "Actual Rows": 358, "Actual Loops": 1, "Inner Unique": false, "Join Filter": "(mi.info_type_id = it1.id)", "Rows Removed by Join Filter": 0, "Plans": [{"Node Type": "Index Scan", "Parent Relationship": "Outer", "Scan Direction": "Forward", "Index Name": "info_type_pkey", "Relation Name": "info_type", "Alias": "it1", "Startup Cost": 0.0, "Total Cost": 14.21, "Plan Rows": 1, "Plan Width": 4, "Actual Startup Time": 0.029, "Actual Total Time": 0.079, "Actual Rows": 1, "Actual Loops": 1, "Filter": "((info)::text = 'genres'::text)", "Rows Removed by Filter": 111}, {"Node Type": "Nested Loop", "Parent Relationship": "Inner", "Join Type": "Inner", "Startup Cost": 7419.04, "Total Cost": 83197.12, "Plan Rows": 13753, "Plan Width": 80, "Actual Startup Time": 66.872, "Actual Total Time": 520.361, "Actual Rows": 358, "Actual Loops": 1, "Inner Unique": false, "Plans": [{"Node Type": "Nested Loop", "Parent Relationship": "Outer", "Join Type": "Inner", "Startup Cost": 7419.04, "Total Cost": 61824.99, "Plan Rows": 15041, "Plan Width": 30, "Actual Startup Time": 60.361, "Actual Total Time": 383.098, "Actual Rows": 6152, "Actual Loops": 1, "Inner Unique": true, "Plans": [{"Node Type": "Nested Loop", "Parent Relationship": "Outer", "Join Type": "Inner", "Startup Cost": 7419.04, "Total Cost": 19211.73, "Plan Rows": 12936, "Plan Width": 9, "Actual Startup Time": 58.913, "Actual Total Time": 304.889, "Actual Rows": 15849, "Actual Loops": 1, "Inner Unique": false, "Plans": [{"Node Type": "Index Scan", "Parent Relationship": "Outer", "Scan Direction": "Forward", "Index Name": "info_type_pkey", "Relation Name": "info_type", "Alias": "it2", "Startup Cost": 0.0, "Total Cost": 14.21, "Plan Rows": 1, "Plan Width": 4, "Actual Startup Time": 0.048, "Actual Total Time": 0.061, "Actual Rows": 1, "Actual Loops": 1, "Filter": "((info)::text = 'rating'::text)", "Rows Removed by Filter": 111}, {"Node Type": "Bitmap Heap Scan", "Parent Relationship": "Inner", "Relation Name": "movie_info_idx", "Alias": "mi_idx", "Startup Cost": 7419.04, "Total Cost": 19068.16, "Plan Rows": 12936, "Plan Width": 13, "Actual Startup Time": 58.858, "Actual Total Time": 301.234, "Actual Rows": 15849, "Actual Loops": 1, "Recheck Cond": "(info_type_id = it2.id)", "Rows Removed by Index Recheck": 0, "Filter": "((info)::text > '8.0'::text)", "Rows Removed by Filter": 444076, "Exact Heap Blocks": 6472, "Lossy Heap Blocks": 6472, "Plans": [{"Node Type": "Bitmap Index Scan", "Parent Relationship": "Outer", "Index Name": "info_type_id_movie_info_idx", "Startup Cost": 0.0, "Total Cost": 7415.81, "Plan Rows": 345008, "Plan Width": 0, "Actual Startup Time": 57.616, "Actual Total Time": 57.616, "Actual Rows": 459925, "Actual Loops": 1, "Index Cond": "(info_type_id = it2.id)"}]}]}, {"Node Type": "Index Scan", "Parent Relationship": "Inner", "Scan Direction": "Forward", "Index Name": "title_pkey", "Relation Name": "title", "Alias": "t", "Startup Cost": 0.0, "Total Cost": 3.28, "Plan Rows": 1, "Plan Width": 21, "Actual Startup Time": 68.105, "Actual Total Time": 68.105, "Actual Rows": 6152, "Actual Loops": 15849, "Index Cond": "(id = mi_idx.movie_id)", "Rows Removed by Index Recheck": 0, "Filter": "((production_year >= 2008) AND (production_year <= 2014))", "Rows Removed by Filter": 9697}]}, {"Node Type": "Index Scan", "Parent Relationship": "Inner", "Scan Direction": "Forward", "Index Name": "movie_id_movie_info", "Relation Name": "movie_info", "Alias": "mi", "Startup Cost": 0.0, "Total Cost": 1.41, "Plan Rows": 1, "Plan Width": 50, "Actual Startup Time": 133.561, "Actual Total Time": 133.864, "Actual Rows": 358, "Actual Loops": 6152, "Index Cond": "(movie_id = t.id)", "Rows Removed by Index Recheck": 0, "Filter": "((note IS NULL) AND ((info)::text = ANY ('{Horror,Thriller}'::text[])))", "Rows Removed by Filter": 109599}]}]}, {"Node Type": "Index Scan", "Parent Relationship": "Inner", "Scan Direction": "Forward", "Index Name": "movie_id_cast_info", "Relation Name": "cast_info", "Alias": "ci", "Startup Cost": 0.0, "Total Cost": 2.34, "Plan Rows": 1, "Plan Width": 8, "Actual Startup Time": 19.441, "Actual Total Time": 24.677, "Actual Rows": 268, "Actual Loops": 358, "Index Cond": "(movie_id = t.id)", "Rows Removed by Index Recheck": 0, "Filter": "((note)::text = ANY ('{(writer),\"(head writer)\",\"(written by)\",(story),\"(story editor)\"}'::text[]))", "Rows Removed by Filter": 12296}]}, {"Node Type": "Index Scan", "Parent Relationship": "Inner", "Scan Direction": "Forward", "Index Name": "name_pkey", "Relation Name": "name", "Alias": "n", "Startup Cost": 0.0, "Total Cost": 0.49, "Plan Rows": 1, "Plan Width": 4, "Actual Startup Time": 1.95, "Actual Total Time": 1.95, "Actual Rows": 11, "Actual Loops": 268, "Index Cond": "(id = ci.person_id)", "Rows Removed by Index Recheck": 0, "Filter": "((gender IS NOT NULL) AND ((gender)::text = 'f'::text))", "Rows Removed by Filter": 257}]}]}, "Triggers": [], "Planner Runtime": 23.008, "Total Runtime": 548.511, "Unique SQL Id": 661781350}}, "(16, '2')": {"explain_plan": {"Plan": {"Node Type": "Aggregate", "Strategy": "Plain", "Startup Cost": 46183.56, "Total Cost": 46183.57, "Plan Rows": 1, "Plan Width": 160, "Plans": [{"Node Type": "Nested Loop", "Parent Relationship": "Outer", "Join Type": "Inner", "Startup Cost": 5.08, "Total Cost": 46181.92, "Plan Rows": 219, "Plan Width": 64, "Inner Unique": true, "Plans": [{"Node Type": "Nested Loop", "Parent Relationship": "Outer", "Join Type": "Inner", "Startup Cost": 4.77, "Total Cost": 44790.8, "Plan Rows": 321, "Plan Width": 68, "Inner Unique": false, "Plans": [{"Node Type": "Nested Loop", "Parent Relationship": "Outer", "Join Type": "Inner", "Startup Cost": 3.76, "Total Cost": 43297.62, "Plan Rows": 291, "Plan Width": 76, "Inner Unique": true, "Plans": [{"Node Type": "Nested Loop", "Parent Relationship": "Outer", "Join Type": "Inner", "Startup Cost": 2.96, "Total Cost": 42090.18, "Plan Rows": 250, "Plan Width": 55, "Inner Unique": false, "Join Filter": "(mi_idx.info_type_id = it2.id)", "Plans": [{"Node Type": "Seq Scan", "Parent Relationship": "Outer", "Relation Name": "info_type", "Alias": "it2", "Startup Cost": 0.0, "Total Cost": 2.4, "Plan Rows": 1, "Plan Width": 4, "Filter": "((info)::text = 'rating'::text)"}, {"Node Type": "Materialize", "Parent Relationship": "Inner", "Startup Cost": 2.96, "Total Cost": 42077.79, "Plan Rows": 999, "Plan Width": 59, "Plans": [{"Node Type": "Nested Loop", "Parent Relationship": "Outer", "Join Type": "Inner", "Startup Cost": 2.96, "Total Cost": 42075.29, "Plan Rows": 999, "Plan Width": 59, "Inner Unique": false, "Plans": [{"Node Type": "Hash Join", "Parent Relationship": "Outer", "Join Type": "Inner", "Startup Cost": 2.41, "Total Cost": 37619.13, "Plan Rows": 971, "Plan Width": 46, "Inner Unique": true, "Hash Cond": "(mi.info_type_id = it1.id)", "Plans": [{"Node Type": "Streaming(type: LOCAL GATHER dop: 1/16)", "Parent Relationship": "Outer", "Startup Cost": 0.0, "Total Cost": 37352.11, "Plan Rows": 67971, "Plan Width": 50, "Plans": [{"Node Type": "Seq Scan", "Parent Relationship": "Outer", "Relation Name": "movie_info", "Alias": "mi", "Startup Cost": 0.0, "Total Cost": 35885.16, "Plan Rows": 67971, "Plan Width": 50, "Filter": "((note IS NULL) AND ((info)::text = ANY ('{Horror,Thriller}'::text[])))"}]}, {"Node Type": "Hash", "Parent Relationship": "Inner", "Startup Cost": 2.4, "Total Cost": 2.4, "Plan Rows": 1, "Plan Width": 4, "Plans": [{"Node Type": "Seq Scan", "Parent Relationship": "Outer", "Relation Name": "info_type", "Alias": "it1", "Startup Cost": 0.0, "Total Cost": 2.4, "Plan Rows": 1, "Plan Width": 4, "Filter": "((info)::text = 'genres'::text)"}]}]}, {"Node Type": "Bitmap Heap Scan", "Parent Relationship": "Inner", "Relation Name": "movie_info_idx", "Alias": "mi_idx", "Startup Cost": 0.55, "Total Cost": 4.58, "Plan Rows": 1, "Plan Width": 13, "Recheck Cond": "(movie_id = mi.movie_id)", "Filter": "((info)::text > '8.0'::text)", "Plans": [{"Node Type": "Bitmap Index Scan", "Parent Relationship": "Outer", "Index Name": "movie_id_movie_info_idx", "Startup Cost": 0.0, "Total Cost": 0.55, "Plan Rows": 2, "Plan Width": 0, "Index Cond": "(movie_id = mi.movie_id)"}]}]}]}]}, {"Node Type": "Bitmap Heap Scan", "Parent Relationship": "Inner", "Relation Name": "title", "Alias": "t", "Startup Cost": 0.8, "Total Cost": 4.82, "Plan Rows": 1, "Plan Width": 21, "Recheck Cond": "(id = mi.movie_id)", "Filter": "((production_year >= 2008) AND (production_year <= 2014))", "Plans": [{"Node Type": "Bitmap Index Scan", "Parent Relationship": "Outer", "Index Name": "title_pkey", "Startup Cost": 0.0, "Total Cost": 0.8, "Plan Rows": 1, "Plan Width": 0, "Index Cond": "(id = mi.movie_id)"}]}]}, {"Node Type": "Bitmap Heap Scan", "Parent Relationship": "Inner", "Relation Name": "cast_info", "Alias": "ci", "Startup Cost": 1.01, "Total Cost": 5.12, "Plan Rows": 1, "Plan Width": 8, "Recheck Cond": "(movie_id = t.id)", "Filter": "((note)::text = ANY ('{(writer),\"(head writer)\",\"(written by)\",(story),\"(story editor)\"}'::text[]))", "Plans": [{"Node Type": "Bitmap Index Scan", "Parent Relationship": "Outer", "Index Name": "movie_id_cast_info", "Startup Cost": 0.0, "Total Cost": 1.01, "Plan Rows": 6, "Plan Width": 0, "Index Cond": "(movie_id = t.id)"}]}]}, {"Node Type": "Bitmap Heap Scan", "Parent Relationship": "Inner", "Relation Name": "name", "Alias": "n", "Startup Cost": 0.31, "Total Cost": 4.32, "Plan Rows": 1, "Plan Width": 4, "Recheck Cond": "(id = ci.person_id)", "Filter": "((gender IS NOT NULL) AND ((gender)::text = 'f'::text))", "Plans": [{"Node Type": "Bitmap Index Scan", "Parent Relationship": "Outer", "Index Name": "name_pkey", "Startup Cost": 0.0, "Total Cost": 0.31, "Plan Rows": 1, "Plan Width": 0, "Index Cond": "(id = ci.person_id)"}]}]}]}, "Unique SQL Id": 661781350, "Planner Runtime": 87}, "explain_analyze_plan": {"Plan": {"Node Type": "Aggregate", "Strategy": "Plain", "Startup Cost": 46183.56, "Total Cost": 46183.57, "Plan Rows": 1, "Plan Width": 160, "Actual Min Startup Time": 857.62, "Actual Max Startup Time": 857.62, "Actual Min Total Time": 857.621, "Actual Max Total Time": 857.621, "Plans": [{"Node Type": "Nested Loop", "Parent Relationship": "Outer", "Join Type": "Inner", "Startup Cost": 5.08, "Total Cost": 46181.92, "Plan Rows": 219, "Plan Width": 64, "Actual Min Startup Time": 818.919, "Actual Max Startup Time": 818.919, "Actual Min Total Time": 857.56, "Actual Max Total Time": 857.56, "Inner Unique": true, "Plans": [{"Node Type": "Nested Loop", "Parent Relationship": "Outer", "Join Type": "Inner", "Startup Cost": 4.77, "Total Cost": 44790.8, "Plan Rows": 321, "Plan Width": 68, "Actual Min Startup Time": 818.129, "Actual Max Startup Time": 818.129, "Actual Min Total Time": 855.191, "Actual Max Total Time": 855.191, "Inner Unique": false, "Plans": [{"Node Type": "Nested Loop", "Parent Relationship": "Outer", "Join Type": "Inner", "Startup Cost": 3.76, "Total Cost": 43297.62, "Plan Rows": 291, "Plan Width": 76, "Actual Min Startup Time": 817.964, "Actual Max Startup Time": 817.964, "Actual Min Total Time": 825.574, "Actual Max Total Time": 825.574, "Inner Unique": true, "Plans": [{"Node Type": "Nested Loop", "Parent Relationship": "Outer", "Join Type": "Inner", "Startup Cost": 2.96, "Total Cost": 42090.18, "Plan Rows": 250, "Plan Width": 55, "Actual Min Startup Time": 817.937, "Actual Max Startup Time": 817.937, "Actual Min Total Time": 819.795, "Actual Max Total Time": 819.795, "Inner Unique": false, "Join Filter": "(mi_idx.info_type_id = it2.id)", "Rows Removed by Join Filter": 3403, "Plans": [{"Node Type": "Seq Scan", "Parent Relationship": "Outer", "Relation Name": "info_type", "Alias": "it2", "Startup Cost": 0.0, "Total Cost": 2.4, "Plan Rows": 1, "Plan Width": 4, "Actual Min Startup Time": 0.075, "Actual Max Startup Time": 0.075, "Actual Min Total Time": 0.088, "Actual Max Total Time": 0.088, "Filter": "((info)::text = 'rating'::text)", "Rows Removed by Filter": 111, "Actual Rows": 1}, {"Node Type": "Materialize", "Parent Relationship": "Inner", "Startup Cost": 2.96, "Total Cost": 42077.79, "Plan Rows": 999, "Plan Width": 59, "Actual Min Startup Time": 817.842, "Actual Max Startup Time": 817.842, "Actual Min Total Time": 818.352, "Actual Max Total Time": 818.352, "Plans": [{"Node Type": "Nested Loop", "Parent Relationship": "Outer", "Join Type": "Inner", "Startup Cost": 2.96, "Total Cost": 42075.29, "Plan Rows": 999, "Plan Width": 59, "Actual Min Startup Time": 355.787, "Actual Max Startup Time": 355.787, "Actual Min Total Time": 815.939, "Actual Max Total Time": 815.939, "Inner Unique": false, "Plans": [{"Node Type": "Hash Join", "Parent Relationship": "Outer", "Join Type": "Inner", "Startup Cost": 2.41, "Total Cost": 37619.13, "Plan Rows": 971, "Plan Width": 46, "Actual Min Startup Time": 355.461, "Actual Max Startup Time": 355.461, "Actual Min Total Time": 420.895, "Actual Max Total Time": 420.895, "Inner Unique": true, "Hash Cond": "(mi.info_type_id = it1.id)", "Plans": [{"Node Type": "Streaming(type: LOCAL GATHER dop: 1/16)", "Parent Relationship": "Outer", "Startup Cost": 0.0, "Total Cost": 37352.11, "Plan Rows": 67971, "Plan Width": 50, "Actual Min Startup Time": 267.396, "Actual Max Startup Time": 267.396, "Actual Min Total Time": 383.039, "Actual Max Total Time": 383.039, "Plans": [{"Node Type": "Seq Scan", "Parent Relationship": "Outer", "Relation Name": "movie_info", "Alias": "mi", "Startup Cost": 0.0, "Total Cost": 35885.16, "Plan Rows": 67971, "Plan Width": 50, "Actual Min Startup Time": 237.743, "Actual Max Startup Time": 341.828, "Actual Min Total Time": 383.108, "Actual Max Total Time": 396.023, "Filter": "((note IS NULL) AND ((info)::text = ANY ('{Horror,Thriller}'::text[])))", "Rows Removed by Filter": 14762672, "Actual Rows": 73047}], "Actual Rows": 73047}, {"Node Type": "Hash", "Parent Relationship": "Inner", "Startup Cost": 2.4, "Total Cost": 2.4, "Plan Rows": 1, "Plan Width": 4, "Actual Min Startup Time": 0.102, "Actual Max Startup Time": 0.102, "Actual Min Total Time": 0.102, "Actual Max Total Time": 0.102, "Max Hash Buckets": 32768, "Min Hash Buckets": 32768, "Max Hash Batches": 1, "Min Hash Batches": 1, "Max Original Hash Batches": 1, "Min Original Hash Batches": 1, "Max Peak Memory Usage": 1, "min Peak Memory Usage": 1, "Plans": [{"Node Type": "Seq Scan", "Parent Relationship": "Outer", "Relation Name": "info_type", "Alias": "it1", "Startup Cost": 0.0, "Total Cost": 2.4, "Plan Rows": 1, "Plan Width": 4, "Actual Min Startup Time": 0.061, "Actual Max Startup Time": 0.061, "Actual Min Total Time": 0.085, "Actual Max Total Time": 0.085, "Filter": "((info)::text = 'genres'::text)", "Rows Removed by Filter": 111, "Actual Rows": 1}], "Actual Rows": 1}], "Actual Rows": 72258}, {"Node Type": "Bitmap Heap Scan", "Parent Relationship": "Inner", "Relation Name": "movie_info_idx", "Alias": "mi_idx", "Startup Cost": 0.55, "Total Cost": 4.58, "Plan Rows": 1, "Plan Width": 13, "Actual Min Startup Time": 312.374, "Actual Max Startup Time": 312.374, "Actual Min Total Time": 314.166, "Actual Max Total Time": 314.166, "Recheck Cond": "(movie_id = mi.movie_id)", "Rows Removed by Index Recheck": 0, "Filter": "((info)::text > '8.0'::text)", "Rows Removed by Filter": 113143, "Exact Heap Blocks": 39507, "Lossy Heap Blocks": 39507, "Plans": [{"Node Type": "Bitmap Index Scan", "Parent Relationship": "Outer", "Index Name": "movie_id_movie_info_idx", "Startup Cost": 0.0, "Total Cost": 0.55, "Plan Rows": 2, "Plan Width": 0, "Actual Min Startup Time": 180.874, "Actual Max Startup Time": 180.874, "Actual Min Total Time": 180.874, "Actual Max Total Time": 180.874, "Index Cond": "(movie_id = mi.movie_id)", "Actual Rows": 117278}], "Actual Rows": 4135}], "Actual Rows": 4135}], "Actual Rows": 4136}], "Actual Rows": 732}, {"Node Type": "Bitmap Heap Scan", "Parent Relationship": "Inner", "Relation Name": "title", "Alias": "t", "Startup Cost": 0.8, "Total Cost": 4.82, "Plan Rows": 1, "Plan Width": 21, "Actual Min Startup Time": 4.787, "Actual Max Startup Time": 4.787, "Actual Min Total Time": 4.787, "Actual Max Total Time": 4.787, "Recheck Cond": "(id = mi.movie_id)", "Rows Removed by Index Recheck": 0, "Filter": "((production_year >= 2008) AND (production_year <= 2014))", "Rows Removed by Filter": 374, "Exact Heap Blocks": 732, "Lossy Heap Blocks": 732, "Plans": [{"Node Type": "Bitmap Index Scan", "Parent Relationship": "Outer", "Index Name": "title_pkey", "Startup Cost": 0.0, "Total Cost": 0.8, "Plan Rows": 1, "Plan Width": 0, "Actual Min Startup Time": 2.892, "Actual Max Startup Time": 2.892, "Actual Min Total Time": 2.892, "Actual Max Total Time": 2.892, "Index Cond": "(id = mi.movie_id)", "Actual Rows": 732}], "Actual Rows": 358}], "Actual Rows": 358}, {"Node Type": "Bitmap Heap Scan", "Parent Relationship": "Inner", "Relation Name": "cast_info", "Alias": "ci", "Startup Cost": 1.01, "Total Cost": 5.12, "Plan Rows": 1, "Plan Width": 8, "Actual Min Startup Time": 23.526, "Actual Max Startup Time": 23.526, "Actual Min Total Time": 28.937, "Actual Max Total Time": 28.937, "Recheck Cond": "(movie_id = t.id)", "Rows Removed by Index Recheck": 0, "Filter": "((note)::text = ANY ('{(writer),\"(head writer)\",\"(written by)\",(story),\"(story editor)\"}'::text[]))", "Rows Removed by Filter": 12296, "Exact Heap Blocks": 11454, "Lossy Heap Blocks": 11454, "Plans": [{"Node Type": "Bitmap Index Scan", "Parent Relationship": "Outer", "Index Name": "movie_id_cast_info", "Startup Cost": 0.0, "Total Cost": 1.01, "Plan Rows": 6, "Plan Width": 0, "Actual Min Startup Time": 4.282, "Actual Max Startup Time": 4.282, "Actual Min Total Time": 4.282, "Actual Max Total Time": 4.282, "Index Cond": "(movie_id = t.id)", "Actual Rows": 12564}], "Actual Rows": 268}], "Actual Rows": 268}, {"Node Type": "Bitmap Heap Scan", "Parent Relationship": "Inner", "Relation Name": "name", "Alias": "n", "Startup Cost": 0.31, "Total Cost": 4.32, "Plan Rows": 1, "Plan Width": 4, "Actual Min Startup Time": 1.967, "Actual Max Startup Time": 1.967, "Actual Min Total Time": 1.967, "Actual Max Total Time": 1.967, "Recheck Cond": "(id = ci.person_id)", "Rows Removed by Index Recheck": 0, "Filter": "((gender IS NOT NULL) AND ((gender)::text = 'f'::text))", "Rows Removed by Filter": 257, "Exact Heap Blocks": 268, "Lossy Heap Blocks": 268, "Plans": [{"Node Type": "Bitmap Index Scan", "Parent Relationship": "Outer", "Index Name": "name_pkey", "Startup Cost": 0.0, "Total Cost": 0.31, "Plan Rows": 1, "Plan Width": 0, "Actual Min Startup Time": 1.219, "Actual Max Startup Time": 1.219, "Actual Min Total Time": 1.219, "Actual Max Total Time": 1.219, "Index Cond": "(id = ci.person_id)", "Actual Rows": 268}], "Actual Rows": 11}], "Actual Rows": 11}], "Actual Rows": 1}, "Triggers": [], "Planner Runtime": 86.931, "Total Runtime": 860.448, "Unique SQL Id": 661781350}}, "(16, '3')": {"explain_plan": {"Plan": {"Node Type": "Aggregate", "Strategy": "Plain", "Startup Cost": 157109.69, "Total Cost": 157109.7, "Plan Rows": 1, "Plan Width": 160, "Plans": [{"Node Type": "Nested Loop", "Parent Relationship": "Outer", "Join Type": "Inner", "Startup Cost": 7439.53, "Total Cost": 157108.05, "Plan Rows": 219, "Plan Width": 64, "Inner Unique": true, "Plans": [{"Node Type": "Nested Loop", "Parent Relationship": "Outer", "Join Type": "Inner", "Startup Cost": 7439.22, "Total Cost": 155716.93, "Plan Rows": 321, "Plan Width": 68, "Inner Unique": false, "Plans": [{"Node Type": "Nested Loop", "Parent Relationship": "Outer", "Join Type": "Inner", "Startup Cost": 7438.22, "Total Cost": 154223.75, "Plan Rows": 291, "Plan Width": 76, "Inner Unique": false, "Join Filter": "(mi.info_type_id = it1.id)", "Plans": [{"Node Type": "Bitmap Heap Scan", "Parent Relationship": "Outer", "Relation Name": "info_type", "Alias": "it1", "Startup Cost": 8.81, "Total Cost": 14.21, "Plan Rows": 1, "Plan Width": 4, "Filter": "((info)::text = 'genres'::text)", "Plans": [{"Node Type": "Bitmap Index Scan", "Parent Relationship": "Outer", "Index Name": "info_type_pkey", "Startup Cost": 0.0, "Total Cost": 8.81, "Plan Rows": 112, "Plan Width": 0}]}, {"Node Type": "Nested Loop", "Parent Relationship": "Inner", "Join Type": "Inner", "Startup Cost": 7429.41, "Total Cost": 154037.63, "Plan Rows": 13753, "Plan Width": 80, "Inner Unique": false, "Plans": [{"Node Type": "Nested Loop", "Parent Relationship": "Outer", "Join Type": "Inner", "Startup Cost": 7428.83, "Total Cost": 83898.37, "Plan Rows": 15041, "Plan Width": 30, "Inner Unique": true, "Plans": [{"Node Type": "Nested Loop", "Parent Relationship": "Outer", "Join Type": "Inner", "Startup Cost": 7427.85, "Total Cost": 19211.73, "Plan Rows": 12936, "Plan Width": 9, "Inner Unique": false, "Plans": [{"Node Type": "Bitmap Heap Scan", "Parent Relationship": "Outer", "Relation Name": "info_type", "Alias": "it2", "Startup Cost": 8.81, "Total Cost": 14.21, "Plan Rows": 1, "Plan Width": 4, "Filter": "((info)::text = 'rating'::text)", "Plans": [{"Node Type": "Bitmap Index Scan", "Parent Relationship": "Outer", "Index Name": "info_type_pkey", "Startup Cost": 0.0, "Total Cost": 8.81, "Plan Rows": 112, "Plan Width": 0}]}, {"Node Type": "Bitmap Heap Scan", "Parent Relationship": "Inner", "Relation Name": "movie_info_idx", "Alias": "mi_idx", "Startup Cost": 7419.04, "Total Cost": 19068.16, "Plan Rows": 12936, "Plan Width": 13, "Recheck Cond": "(info_type_id = it2.id)", "Filter": "((info)::text > '8.0'::text)", "Plans": [{"Node Type": "Bitmap Index Scan", "Parent Relationship": "Outer", "Index Name": "info_type_id_movie_info_idx", "Startup Cost": 0.0, "Total Cost": 7415.81, "Plan Rows": 345008, "Plan Width": 0, "Index Cond": "(info_type_id = it2.id)"}]}]}, {"Node Type": "Bitmap Heap Scan", "Parent Relationship": "Inner", "Relation Name": "title", "Alias": "t", "Startup Cost": 0.97, "Total Cost": 4.99, "Plan Rows": 1, "Plan Width": 21, "Recheck Cond": "(id = mi_idx.movie_id)", "Filter": "((production_year >= 2008) AND (production_year <= 2014))", "Plans": [{"Node Type": "Bitmap Index Scan", "Parent Relationship": "Outer", "Index Name": "title_pkey", "Startup Cost": 0.0, "Total Cost": 0.97, "Plan Rows": 1, "Plan Width": 0, "Index Cond": "(id = mi_idx.movie_id)"}]}]}, {"Node Type": "Bitmap Heap Scan", "Parent Relationship": "Inner", "Relation Name": "movie_info", "Alias": "mi", "Startup Cost": 0.58, "Total Cost": 4.65, "Plan Rows": 1, "Plan Width": 50, "Recheck Cond": "(movie_id = t.id)", "Filter": "((note IS NULL) AND ((info)::text = ANY ('{Horror,Thriller}'::text[])))", "Plans": [{"Node Type": "Bitmap Index Scan", "Parent Relationship": "Outer", "Index Name": "movie_id_movie_info", "Startup Cost": 0.0, "Total Cost": 0.58, "Plan Rows": 5, "Plan Width": 0, "Index Cond": "(movie_id = t.id)"}]}]}]}, {"Node Type": "Bitmap Heap Scan", "Parent Relationship": "Inner", "Relation Name": "cast_info", "Alias": "ci", "Startup Cost": 1.01, "Total Cost": 5.12, "Plan Rows": 1, "Plan Width": 8, "Recheck Cond": "(movie_id = t.id)", "Filter": "((note)::text = ANY ('{(writer),\"(head writer)\",\"(written by)\",(story),\"(story editor)\"}'::text[]))", "Plans": [{"Node Type": "Bitmap Index Scan", "Parent Relationship": "Outer", "Index Name": "movie_id_cast_info", "Startup Cost": 0.0, "Total Cost": 1.01, "Plan Rows": 6, "Plan Width": 0, "Index Cond": "(movie_id = t.id)"}]}]}, {"Node Type": "Bitmap Heap Scan", "Parent Relationship": "Inner", "Relation Name": "name", "Alias": "n", "Startup Cost": 0.31, "Total Cost": 4.32, "Plan Rows": 1, "Plan Width": 4, "Recheck Cond": "(id = ci.person_id)", "Filter": "((gender IS NOT NULL) AND ((gender)::text = 'f'::text))", "Plans": [{"Node Type": "Bitmap Index Scan", "Parent Relationship": "Outer", "Index Name": "name_pkey", "Startup Cost": 0.0, "Total Cost": 0.31, "Plan Rows": 1, "Plan Width": 0, "Index Cond": "(id = ci.person_id)"}]}]}]}, "Unique SQL Id": 661781350, "Planner Runtime": 23}, "explain_analyze_plan": {"Plan": {"Node Type": "Aggregate", "Strategy": "Plain", "Startup Cost": 157109.69, "Total Cost": 157109.7, "Plan Rows": 1, "Plan Width": 160, "Actual Startup Time": 648.813, "Actual Total Time": 648.813, "Actual Rows": 1, "Actual Loops": 1, "Plans": [{"Node Type": "Nested Loop", "Parent Relationship": "Outer", "Join Type": "Inner", "Startup Cost": 7439.53, "Total Cost": 157108.05, "Plan Rows": 219, "Plan Width": 64, "Actual Startup Time": 394.473, "Actual Total Time": 648.75, "Actual Rows": 11, "Actual Loops": 1, "Inner Unique": true, "Plans": [{"Node Type": "Nested Loop", "Parent Relationship": "Outer", "Join Type": "Inner", "Startup Cost": 7439.22, "Total Cost": 155716.93, "Plan Rows": 321, "Plan Width": 68, "Actual Startup Time": 144.736, "Actual Total Time": 645.961, "Actual Rows": 268, "Actual Loops": 1, "Inner Unique": false, "Plans": [{"Node Type": "Nested Loop", "Parent Relationship": "Outer", "Join Type": "Inner", "Startup Cost": 7438.22, "Total Cost": 154223.75, "Plan Rows": 291, "Plan Width": 76, "Actual Startup Time": 67.802, "Actual Total Time": 613.896, "Actual Rows": 358, "Actual Loops": 1, "Inner Unique": false, "Join Filter": "(mi.info_type_id = it1.id)", "Rows Removed by Join Filter": 0, "Plans": [{"Node Type": "Bitmap Heap Scan", "Parent Relationship": "Outer", "Relation Name": "info_type", "Alias": "it1", "Startup Cost": 8.81, "Total Cost": 14.21, "Plan Rows": 1, "Plan Width": 4, "Actual Startup Time": 0.054, "Actual Total Time": 0.086, "Actual Rows": 1, "Actual Loops": 1, "Filter": "((info)::text = 'genres'::text)", "Rows Removed by Filter": 111, "Exact Heap Blocks": 1, "Lossy Heap Blocks": 1, "Plans": [{"Node Type": "Bitmap Index Scan", "Parent Relationship": "Outer", "Index Name": "info_type_pkey", "Startup Cost": 0.0, "Total Cost": 8.81, "Plan Rows": 112, "Plan Width": 0, "Actual Startup Time": 0.015, "Actual Total Time": 0.015, "Actual Rows": 112, "Actual Loops": 1}]}, {"Node Type": "Nested Loop", "Parent Relationship": "Inner", "Join Type": "Inner", "Startup Cost": 7429.41, "Total Cost": 154037.63, "Plan Rows": 13753, "Plan Width": 80, "Actual Startup Time": 67.737, "Actual Total Time": 613.496, "Actual Rows": 358, "Actual Loops": 1, "Inner Unique": false, "Plans": [{"Node Type": "Nested Loop", "Parent Relationship": "Outer", "Join Type": "Inner", "Startup Cost": 7428.83, "Total Cost": 83898.37, "Plan Rows": 15041, "Plan Width": 30, "Actual Startup Time": 60.256, "Actual Total Time": 430.293, "Actual Rows": 6152, "Actual Loops": 1, "Inner Unique": true, "Plans": [{"Node Type": "Nested Loop", "Parent Relationship": "Outer", "Join Type": "Inner", "Startup Cost": 7427.85, "Total Cost": 19211.73, "Plan Rows": 12936, "Plan Width": 9, "Actual Startup Time": 58.555, "Actual Total Time": 316.66, "Actual Rows": 15849, "Actual Loops": 1, "Inner Unique": false, "Plans": [{"Node Type": "Bitmap Heap Scan", "Parent Relationship": "Outer", "Relation Name": "info_type", "Alias": "it2", "Startup Cost": 8.81, "Total Cost": 14.21, "Plan Rows": 1, "Plan Width": 4, "Actual Startup Time": 0.053, "Actual Total Time": 0.058, "Actual Rows": 1, "Actual Loops": 1, "Filter": "((info)::text = 'rating'::text)", "Rows Removed by Filter": 111, "Exact Heap Blocks": 1, "Lossy Heap Blocks": 1, "Plans": [{"Node Type": "Bitmap Index Scan", "Parent Relationship": "Outer", "Index Name": "info_type_pkey", "Startup Cost": 0.0, "Total Cost": 8.81, "Plan Rows": 112, "Plan Width": 0, "Actual Startup Time": 0.008, "Actual Total Time": 0.008, "Actual Rows": 112, "Actual Loops": 1}]}, {"Node Type": "Bitmap Heap Scan", "Parent Relationship": "Inner", "Relation Name": "movie_info_idx", "Alias": "mi_idx", "Startup Cost": 7419.04, "Total Cost": 19068.16, "Plan Rows": 12936, "Plan Width": 13, "Actual Startup Time": 58.498, "Actual Total Time": 312.884, "Actual Rows": 15849, "Actual Loops": 1, "Recheck Cond": "(info_type_id = it2.id)", "Rows Removed by Index Recheck": 0, "Filter": "((info)::text > '8.0'::text)", "Rows Removed by Filter": 444076, "Exact Heap Blocks": 6472, "Lossy Heap Blocks": 6472, "Plans": [{"Node Type": "Bitmap Index Scan", "Parent Relationship": "Outer", "Index Name": "info_type_id_movie_info_idx", "Startup Cost": 0.0, "Total Cost": 7415.81, "Plan Rows": 345008, "Plan Width": 0, "Actual Startup Time": 57.263, "Actual Total Time": 57.263, "Actual Rows": 459925, "Actual Loops": 1, "Index Cond": "(info_type_id = it2.id)"}]}]}, {"Node Type": "Bitmap Heap Scan", "Parent Relationship": "Inner", "Relation Name": "title", "Alias": "t", "Startup Cost": 0.97, "Total Cost": 4.99, "Plan Rows": 1, "Plan Width": 21, "Actual Startup Time": 92.969, "Actual Total Time": 92.969, "Actual Rows": 6152, "Actual Loops": 15849, "Recheck Cond": "(id = mi_idx.movie_id)", "Rows Removed by Index Recheck": 0, "Filter": "((production_year >= 2008) AND (production_year <= 2014))", "Rows Removed by Filter": 9697, "Exact Heap Blocks": 15849, "Lossy Heap Blocks": 15849, "Plans": [{"Node Type": "Bitmap Index Scan", "Parent Relationship": "Outer", "Index Name": "title_pkey", "Startup Cost": 0.0, "Total Cost": 0.97, "Plan Rows": 1, "Plan Width": 0, "Actual Startup Time": 45.73, "Actual Total Time": 45.73, "Actual Rows": 15849, "Actual Loops": 15849, "Index Cond": "(id = mi_idx.movie_id)"}]}]}, {"Node Type": "Bitmap Heap Scan", "Parent Relationship": "Inner", "Relation Name": "movie_info", "Alias": "mi", "Startup Cost": 0.58, "Total Cost": 4.65, "Plan Rows": 1, "Plan Width": 50, "Actual Startup Time": 174.663, "Actual Total Time": 174.828, "Actual Rows": 358, "Actual Loops": 6152, "Recheck Cond": "(movie_id = t.id)", "Rows Removed by Index Recheck": 0, "Filter": "((note IS NULL) AND ((info)::text = ANY ('{Horror,Thriller}'::text[])))", "Rows Removed by Filter": 109599, "Exact Heap Blocks": 52726, "Lossy Heap Blocks": 52726, "Plans": [{"Node Type": "Bitmap Index Scan", "Parent Relationship": "Outer", "Index Name": "movie_id_movie_info", "Startup Cost": 0.0, "Total Cost": 0.58, "Plan Rows": 5, "Plan Width": 0, "Actual Startup Time": 40.719, "Actual Total Time": 40.719, "Actual Rows": 109957, "Actual Loops": 6152, "Index Cond": "(movie_id = t.id)"}]}]}]}, {"Node Type": "Bitmap Heap Scan", "Parent Relationship": "Inner", "Relation Name": "cast_info", "Alias": "ci", "Startup Cost": 1.01, "Total Cost": 5.12, "Plan Rows": 1, "Plan Width": 8, "Actual Startup Time": 25.29, "Actual Total Time": 31.079, "Actual Rows": 268, "Actual Loops": 358, "Recheck Cond": "(movie_id = t.id)", "Rows Removed by Index Recheck": 0, "Filter": "((note)::text = ANY ('{(writer),\"(head writer)\",\"(written by)\",(story),\"(story editor)\"}'::text[]))", "Rows Removed by Filter": 12296, "Exact Heap Blocks": 11454, "Lossy Heap Blocks": 11454, "Plans": [{"Node Type": "Bitmap Index Scan", "Parent Relationship": "Outer", "Index Name": "movie_id_cast_info", "Startup Cost": 0.0, "Total Cost": 1.01, "Plan Rows": 6, "Plan Width": 0, "Actual Startup Time": 4.711, "Actual Total Time": 4.711, "Actual Rows": 12564, "Actual Loops": 358, "Index Cond": "(movie_id = t.id)"}]}]}, {"Node Type": "Bitmap Heap Scan", "Parent Relationship": "Inner", "Relation Name": "name", "Alias": "n", "Startup Cost": 0.31, "Total Cost": 4.32, "Plan Rows": 1, "Plan Width": 4, "Actual Startup Time": 2.292, "Actual Total Time": 2.292, "Actual Rows": 11, "Actual Loops": 268, "Recheck Cond": "(id = ci.person_id)", "Rows Removed by Index Recheck": 0, "Filter": "((gender IS NOT NULL) AND ((gender)::text = 'f'::text))", "Rows Removed by Filter": 257, "Exact Heap Blocks": 268, "Lossy Heap Blocks": 268, "Plans": [{"Node Type": "Bitmap Index Scan", "Parent Relationship": "Outer", "Index Name": "name_pkey", "Startup Cost": 0.0, "Total Cost": 0.31, "Plan Rows": 1, "Plan Width": 0, "Actual Startup Time": 1.403, "Actual Total Time": 1.403, "Actual Rows": 268, "Actual Loops": 268, "Index Cond": "(id = ci.person_id)"}]}]}]}, "Triggers": [], "Planner Runtime": 23.03, "Total Runtime": 649.145, "Unique SQL Id": 661781350}}, "(16, '4')": {"explain_plan": {"Plan": {"Node Type": "Aggregate", "Strategy": "Plain", "Startup Cost": 40136.75, "Total Cost": 40136.76, "Plan Rows": 1, "Plan Width": 160, "Plans": [{"Node Type": "Nested Loop", "Parent Relationship": "Outer", "Join Type": "Inner", "Startup Cost": 2.41, "Total Cost": 40135.1, "Plan Rows": 219, "Plan Width": 64, "Inner Unique": true, "Plans": [{"Node Type": "Nested Loop", "Parent Relationship": "Outer", "Join Type": "Inner", "Startup Cost": 2.41, "Total Cost": 39974.11, "Plan Rows": 321, "Plan Width": 68, "Inner Unique": false, "Plans": [{"Node Type": "Nested Loop", "Parent Relationship": "Outer", "Join Type": "Inner", "Startup Cost": 2.41, "Total Cost": 39289.09, "Plan Rows": 291, "Plan Width": 76, "Inner Unique": true, "Plans": [{"Node Type": "Nested Loop", "Parent Relationship": "Outer", "Join Type": "Inner", "Startup Cost": 2.41, "Total Cost": 38575.87, "Plan Rows": 250, "Plan Width": 55, "Inner Unique": false, "Join Filter": "(mi_idx.info_type_id = it2.id)", "Plans": [{"Node Type": "Seq Scan", "Parent Relationship": "Outer", "Relation Name": "info_type", "Alias": "it2", "Startup Cost": 0.0, "Total Cost": 2.4, "Plan Rows": 1, "Plan Width": 4, "Filter": "((info)::text = 'rating'::text)"}, {"Node Type": "Materialize", "Parent Relationship": "Inner", "Startup Cost": 2.41, "Total Cost": 38563.48, "Plan Rows": 999, "Plan Width": 59, "Plans": [{"Node Type": "Nested Loop", "Parent Relationship": "Outer", "Join Type": "Inner", "Startup Cost": 2.41, "Total Cost": 38560.99, "Plan Rows": 999, "Plan Width": 59, "Inner Unique": false, "Plans": [{"Node Type": "Hash Join", "Parent Relationship": "Outer", "Join Type": "Inner", "Startup Cost": 2.41, "Total Cost": 37619.13, "Plan Rows": 971, "Plan Width": 46, "Inner Unique": true, "Hash Cond": "(mi.info_type_id = it1.id)", "Plans": [{"Node Type": "Streaming(type: LOCAL GATHER dop: 1/16)", "Parent Relationship": "Outer", "Startup Cost": 0.0, "Total Cost": 37352.11, "Plan Rows": 67971, "Plan Width": 50, "Plans": [{"Node Type": "Seq Scan", "Parent Relationship": "Outer", "Relation Name": "movie_info", "Alias": "mi", "Startup Cost": 0.0, "Total Cost": 35885.16, "Plan Rows": 67971, "Plan Width": 50, "Filter": "((note IS NULL) AND ((info)::text = ANY ('{Horror,Thriller}'::text[])))"}]}, {"Node Type": "Hash", "Parent Relationship": "Inner", "Startup Cost": 2.4, "Total Cost": 2.4, "Plan Rows": 1, "Plan Width": 4, "Plans": [{"Node Type": "Seq Scan", "Parent Relationship": "Outer", "Relation Name": "info_type", "Alias": "it1", "Startup Cost": 0.0, "Total Cost": 2.4, "Plan Rows": 1, "Plan Width": 4, "Filter": "((info)::text = 'genres'::text)"}]}]}, {"Node Type": "Index Scan", "Parent Relationship": "Inner", "Scan Direction": "Forward", "Index Name": "movie_id_movie_info_idx", "Relation Name": "movie_info_idx", "Alias": "mi_idx", "Startup Cost": 0.0, "Total Cost": 0.96, "Plan Rows": 1, "Plan Width": 13, "Index Cond": "(movie_id = mi.movie_id)", "Filter": "((info)::text > '8.0'::text)"}]}]}]}, {"Node Type": "Index Scan", "Parent Relationship": "Inner", "Scan Direction": "Forward", "Index Name": "title_pkey", "Relation Name": "title", "Alias": "t", "Startup Cost": 0.0, "Total Cost": 2.84, "Plan Rows": 1, "Plan Width": 21, "Index Cond": "(id = mi.movie_id)", "Filter": "((production_year >= 2008) AND (production_year <= 2014))"}]}, {"Node Type": "Index Scan", "Parent Relationship": "Inner", "Scan Direction": "Forward", "Index Name": "movie_id_cast_info", "Relation Name": "cast_info", "Alias": "ci", "Startup Cost": 0.0, "Total Cost": 2.34, "Plan Rows": 1, "Plan Width": 8, "Index Cond": "(movie_id = t.id)", "Filter": "((note)::text = ANY ('{(writer),\"(head writer)\",\"(written by)\",(story),\"(story editor)\"}'::text[]))"}]}, {"Node Type": "Index Scan", "Parent Relationship": "Inner", "Scan Direction": "Forward", "Index Name": "name_pkey", "Relation Name": "name", "Alias": "n", "Startup Cost": 0.0, "Total Cost": 0.49, "Plan Rows": 1, "Plan Width": 4, "Index Cond": "(id = ci.person_id)", "Filter": "((gender IS NOT NULL) AND ((gender)::text = 'f'::text))"}]}]}, "Unique SQL Id": 661781350, "Planner Runtime": 57}, "explain_analyze_plan": {"Plan": {"Node Type": "Aggregate", "Strategy": "Plain", "Startup Cost": 40136.75, "Total Cost": 40136.76, "Plan Rows": 1, "Plan Width": 160, "Actual Min Startup Time": 745.831, "Actual Max Startup Time": 745.831, "Actual Min Total Time": 745.832, "Actual Max Total Time": 745.832, "Plans": [{"Node Type": "Nested Loop", "Parent Relationship": "Outer", "Join Type": "Inner", "Startup Cost": 2.41, "Total Cost": 40135.1, "Plan Rows": 219, "Plan Width": 64, "Actual Min Startup Time": 715.131, "Actual Max Startup Time": 715.131, "Actual Min Total Time": 745.777, "Actual Max Total Time": 745.777, "Inner Unique": true, "Plans": [{"Node Type": "Nested Loop", "Parent Relationship": "Outer", "Join Type": "Inner", "Startup Cost": 2.41, "Total Cost": 39974.11, "Plan Rows": 321, "Plan Width": 68, "Actual Min Startup Time": 714.667, "Actual Max Startup Time": 714.667, "Actual Min Total Time": 743.955, "Actual Max Total Time": 743.955, "Inner Unique": false, "Plans": [{"Node Type": "Nested Loop", "Parent Relationship": "Outer", "Join Type": "Inner", "Startup Cost": 2.41, "Total Cost": 39289.09, "Plan Rows": 291, "Plan Width": 76, "Actual Min Startup Time": 714.49, "Actual Max Startup Time": 714.49, "Actual Min Total Time": 720.514, "Actual Max Total Time": 720.514, "Inner Unique": true, "Plans": [{"Node Type": "Nested Loop", "Parent Relationship": "Outer", "Join Type": "Inner", "Startup Cost": 2.41, "Total Cost": 38575.87, "Plan Rows": 250, "Plan Width": 55, "Actual Min Startup Time": 714.464, "Actual Max Startup Time": 714.464, "Actual Min Total Time": 716.205, "Actual Max Total Time": 716.205, "Inner Unique": false, "Join Filter": "(mi_idx.info_type_id = it2.id)", "Rows Removed by Join Filter": 3403, "Plans": [{"Node Type": "Seq Scan", "Parent Relationship": "Outer", "Relation Name": "info_type", "Alias": "it2", "Startup Cost": 0.0, "Total Cost": 2.4, "Plan Rows": 1, "Plan Width": 4, "Actual Min Startup Time": 0.065, "Actual Max Startup Time": 0.065, "Actual Min Total Time": 0.077, "Actual Max Total Time": 0.077, "Filter": "((info)::text = 'rating'::text)", "Rows Removed by Filter": 111, "Actual Rows": 1}, {"Node Type": "Materialize", "Parent Relationship": "Inner", "Startup Cost": 2.41, "Total Cost": 38563.48, "Plan Rows": 999, "Plan Width": 59, "Actual Min Startup Time": 714.377, "Actual Max Startup Time": 714.377, "Actual Min Total Time": 714.876, "Actual Max Total Time": 714.876, "Plans": [{"Node Type": "Nested Loop", "Parent Relationship": "Outer", "Join Type": "Inner", "Startup Cost": 2.41, "Total Cost": 38560.99, "Plan Rows": 999, "Plan Width": 59, "Actual Min Startup Time": 354.887, "Actual Max Startup Time": 354.887, "Actual Min Total Time": 712.602, "Actual Max Total Time": 712.602, "Inner Unique": false, "Plans": [{"Node Type": "Hash Join", "Parent Relationship": "Outer", "Join Type": "Inner", "Startup Cost": 2.41, "Total Cost": 37619.13, "Plan Rows": 971, "Plan Width": 46, "Actual Min Startup Time": 354.787, "Actual Max Startup Time": 354.787, "Actual Min Total Time": 419.6, "Actual Max Total Time": 419.6, "Inner Unique": true, "Hash Cond": "(mi.info_type_id = it1.id)", "Plans": [{"Node Type": "Streaming(type: LOCAL GATHER dop: 1/16)", "Parent Relationship": "Outer", "Startup Cost": 0.0, "Total Cost": 37352.11, "Plan Rows": 67971, "Plan Width": 50, "Actual Min Startup Time": 266.275, "Actual Max Startup Time": 266.275, "Actual Min Total Time": 383.347, "Actual Max Total Time": 383.347, "Plans": [{"Node Type": "Seq Scan", "Parent Relationship": "Outer", "Relation Name": "movie_info", "Alias": "mi", "Startup Cost": 0.0, "Total Cost": 35885.16, "Plan Rows": 67971, "Plan Width": 50, "Actual Min Startup Time": 236.217, "Actual Max Startup Time": 341.573, "Actual Min Total Time": 384.125, "Actual Max Total Time": 397.048, "Filter": "((note IS NULL) AND ((info)::text = ANY ('{Horror,Thriller}'::text[])))", "Rows Removed by Filter": 14762672, "Actual Rows": 73047}], "Actual Rows": 73047}, {"Node Type": "Hash", "Parent Relationship": "Inner", "Startup Cost": 2.4, "Total Cost": 2.4, "Plan Rows": 1, "Plan Width": 4, "Actual Min Startup Time": 0.089, "Actual Max Startup Time": 0.089, "Actual Min Total Time": 0.089, "Actual Max Total Time": 0.089, "Max Hash Buckets": 32768, "Min Hash Buckets": 32768, "Max Hash Batches": 1, "Min Hash Batches": 1, "Max Original Hash Batches": 1, "Min Original Hash Batches": 1, "Max Peak Memory Usage": 1, "min Peak Memory Usage": 1, "Plans": [{"Node Type": "Seq Scan", "Parent Relationship": "Outer", "Relation Name": "info_type", "Alias": "it1", "Startup Cost": 0.0, "Total Cost": 2.4, "Plan Rows": 1, "Plan Width": 4, "Actual Min Startup Time": 0.054, "Actual Max Startup Time": 0.054, "Actual Min Total Time": 0.078, "Actual Max Total Time": 0.078, "Filter": "((info)::text = 'genres'::text)", "Rows Removed by Filter": 111, "Actual Rows": 1}], "Actual Rows": 1}], "Actual Rows": 72258}, {"Node Type": "Index Scan", "Parent Relationship": "Inner", "Scan Direction": "Forward", "Index Name": "movie_id_movie_info_idx", "Relation Name": "movie_info_idx", "Alias": "mi_idx", "Startup Cost": 0.0, "Total Cost": 0.96, "Plan Rows": 1, "Plan Width": 13, "Actual Min Startup Time": 255.106, "Actual Max Startup Time": 255.106, "Actual Min Total Time": 258.664, "Actual Max Total Time": 258.664, "Index Cond": "(movie_id = mi.movie_id)", "Rows Removed by Index Recheck": 0, "Filter": "((info)::text > '8.0'::text)", "Rows Removed by Filter": 113143, "Actual Rows": 4135}], "Actual Rows": 4135}], "Actual Rows": 4136}], "Actual Rows": 732}, {"Node Type": "Index Scan", "Parent Relationship": "Inner", "Scan Direction": "Forward", "Index Name": "title_pkey", "Relation Name": "title", "Alias": "t", "Startup Cost": 0.0, "Total Cost": 2.84, "Plan Rows": 1, "Plan Width": 21, "Actual Min Startup Time": 3.859, "Actual Max Startup Time": 3.859, "Actual Min Total Time": 3.859, "Actual Max Total Time": 3.859, "Index Cond": "(id = mi.movie_id)", "Rows Removed by Index Recheck": 0, "Filter": "((production_year >= 2008) AND (production_year <= 2014))", "Rows Removed by Filter": 374, "Actual Rows": 358}], "Actual Rows": 358}, {"Node Type": "Index Scan", "Parent Relationship": "Inner", "Scan Direction": "Forward", "Index Name": "movie_id_cast_info", "Relation Name": "cast_info", "Alias": "ci", "Startup Cost": 0.0, "Total Cost": 2.34, "Plan Rows": 1, "Plan Width": 8, "Actual Min Startup Time": 18.251, "Actual Max Startup Time": 18.251, "Actual Min Total Time": 23.155, "Actual Max Total Time": 23.155, "Index Cond": "(movie_id = t.id)", "Rows Removed by Index Recheck": 0, "Filter": "((note)::text = ANY ('{(writer),\"(head writer)\",\"(written by)\",(story),\"(story editor)\"}'::text[]))", "Rows Removed by Filter": 12296, "Actual Rows": 268}], "Actual Rows": 268}, {"Node Type": "Index Scan", "Parent Relationship": "Inner", "Scan Direction": "Forward", "Index Name": "name_pkey", "Relation Name": "name", "Alias": "n", "Startup Cost": 0.0, "Total Cost": 0.49, "Plan Rows": 1, "Plan Width": 4, "Actual Min Startup Time": 1.645, "Actual Max Startup Time": 1.645, "Actual Min Total Time": 1.645, "Actual Max Total Time": 1.645, "Index Cond": "(id = ci.person_id)", "Rows Removed by Index Recheck": 0, "Filter": "((gender IS NOT NULL) AND ((gender)::text = 'f'::text))", "Rows Removed by Filter": 257, "Actual Rows": 11}], "Actual Rows": 11}], "Actual Rows": 1}, "Triggers": [], "Planner Runtime": 56.857, "Total Runtime": 748.558, "Unique SQL Id": 661781350}}, "(16, '5')": {"explain_plan": {"Plan": {"Node Type": "Aggregate", "Strategy": "Plain", "Startup Cost": 84230.9, "Total Cost": 84230.91, "Plan Rows": 1, "Plan Width": 160, "Plans": [{"Node Type": "Nested Loop", "Parent Relationship": "Outer", "Join Type": "Inner", "Startup Cost": 7419.04, "Total Cost": 84229.26, "Plan Rows": 219, "Plan Width": 64, "Inner Unique": true, "Plans": [{"Node Type": "Nested Loop", "Parent Relationship": "Outer", "Join Type": "Inner", "Startup Cost": 7419.04, "Total Cost": 84068.27, "Plan Rows": 321, "Plan Width": 68, "Inner Unique": false, "Plans": [{"Node Type": "Nested Loop", "Parent Relationship": "Outer", "Join Type": "Inner", "Startup Cost": 7419.04, "Total Cost": 83383.24, "Plan Rows": 291, "Plan Width": 76, "Inner Unique": false, "Join Filter": "(mi.info_type_id = it1.id)", "Plans": [{"Node Type": "Index Scan", "Parent Relationship": "Outer", "Scan Direction": "Forward", "Index Name": "info_type_pkey", "Relation Name": "info_type", "Alias": "it1", "Startup Cost": 0.0, "Total Cost": 14.21, "Plan Rows": 1, "Plan Width": 4, "Filter": "((info)::text = 'genres'::text)"}, {"Node Type": "Nested Loop", "Parent Relationship": "Inner", "Join Type": "Inner", "Startup Cost": 7419.04, "Total Cost": 83197.12, "Plan Rows": 13753, "Plan Width": 80, "Inner Unique": false, "Plans": [{"Node Type": "Nested Loop", "Parent Relationship": "Outer", "Join Type": "Inner", "Startup Cost": 7419.04, "Total Cost": 61824.99, "Plan Rows": 15041, "Plan Width": 30, "Inner Unique": true, "Plans": [{"Node Type": "Nested Loop", "Parent Relationship": "Outer", "Join Type": "Inner", "Startup Cost": 7419.04, "Total Cost": 19211.73, "Plan Rows": 12936, "Plan Width": 9, "Inner Unique": false, "Plans": [{"Node Type": "Index Scan", "Parent Relationship": "Outer", "Scan Direction": "Forward", "Index Name": "info_type_pkey", "Relation Name": "info_type", "Alias": "it2", "Startup Cost": 0.0, "Total Cost": 14.21, "Plan Rows": 1, "Plan Width": 4, "Filter": "((info)::text = 'rating'::text)"}, {"Node Type": "Bitmap Heap Scan", "Parent Relationship": "Inner", "Relation Name": "movie_info_idx", "Alias": "mi_idx", "Startup Cost": 7419.04, "Total Cost": 19068.16, "Plan Rows": 12936, "Plan Width": 13, "Recheck Cond": "(info_type_id = it2.id)", "Filter": "((info)::text > '8.0'::text)", "Plans": [{"Node Type": "Bitmap Index Scan", "Parent Relationship": "Outer", "Index Name": "info_type_id_movie_info_idx", "Startup Cost": 0.0, "Total Cost": 7415.81, "Plan Rows": 345008, "Plan Width": 0, "Index Cond": "(info_type_id = it2.id)"}]}]}, {"Node Type": "Index Scan", "Parent Relationship": "Inner", "Scan Direction": "Forward", "Index Name": "title_pkey", "Relation Name": "title", "Alias": "t", "Startup Cost": 0.0, "Total Cost": 3.28, "Plan Rows": 1, "Plan Width": 21, "Index Cond": "(id = mi_idx.movie_id)", "Filter": "((production_year >= 2008) AND (production_year <= 2014))"}]}, {"Node Type": "Index Scan", "Parent Relationship": "Inner", "Scan Direction": "Forward", "Index Name": "movie_id_movie_info", "Relation Name": "movie_info", "Alias": "mi", "Startup Cost": 0.0, "Total Cost": 1.41, "Plan Rows": 1, "Plan Width": 50, "Index Cond": "(movie_id = t.id)", "Filter": "((note IS NULL) AND ((info)::text = ANY ('{Horror,Thriller}'::text[])))"}]}]}, {"Node Type": "Index Scan", "Parent Relationship": "Inner", "Scan Direction": "Forward", "Index Name": "movie_id_cast_info", "Relation Name": "cast_info", "Alias": "ci", "Startup Cost": 0.0, "Total Cost": 2.34, "Plan Rows": 1, "Plan Width": 8, "Index Cond": "(movie_id = t.id)", "Filter": "((note)::text = ANY ('{(writer),\"(head writer)\",\"(written by)\",(story),\"(story editor)\"}'::text[]))"}]}, {"Node Type": "Index Scan", "Parent Relationship": "Inner", "Scan Direction": "Forward", "Index Name": "name_pkey", "Relation Name": "name", "Alias": "n", "Startup Cost": 0.0, "Total Cost": 0.49, "Plan Rows": 1, "Plan Width": 4, "Index Cond": "(id = ci.person_id)", "Filter": "((gender IS NOT NULL) AND ((gender)::text = 'f'::text))"}]}]}, "Unique SQL Id": 661781350, "Planner Runtime": 23}, "explain_analyze_plan": {"Plan": {"Node Type": "Aggregate", "Strategy": "Plain", "Startup Cost": 84230.9, "Total Cost": 84230.91, "Plan Rows": 1, "Plan Width": 160, "Actual Startup Time": 548.11, "Actual Total Time": 548.11, "Actual Rows": 1, "Actual Loops": 1, "Plans": [{"Node Type": "Nested Loop", "Parent Relationship": "Outer", "Join Type": "Inner", "Startup Cost": 7419.04, "Total Cost": 84229.26, "Plan Rows": 219, "Plan Width": 64, "Actual Startup Time": 313.092, "Actual Total Time": 548.036, "Actual Rows": 11, "Actual Loops": 1, "Inner Unique": true, "Plans": [{"Node Type": "Nested Loop", "Parent Relationship": "Outer", "Join Type": "Inner", "Startup Cost": 7419.04, "Total Cost": 84068.27, "Plan Rows": 321, "Plan Width": 68, "Actual Startup Time": 126.942, "Actual Total Time": 545.831, "Actual Rows": 268, "Actual Loops": 1, "Inner Unique": false, "Plans": [{"Node Type": "Nested Loop", "Parent Relationship": "Outer", "Join Type": "Inner", "Startup Cost": 7419.04, "Total Cost": 83383.24, "Plan Rows": 291, "Plan Width": 76, "Actual Startup Time": 66.913, "Actual Total Time": 520.715, "Actual Rows": 358, "Actual Loops": 1, "Inner Unique": false, "Join Filter": "(mi.info_type_id = it1.id)", "Rows Removed by Join Filter": 0, "Plans": [{"Node Type": "Index Scan", "Parent Relationship": "Outer", "Scan Direction": "Forward", "Index Name": "info_type_pkey", "Relation Name": "info_type", "Alias": "it1", "Startup Cost": 0.0, "Total Cost": 14.21, "Plan Rows": 1, "Plan Width": 4, "Actual Startup Time": 0.029, "Actual Total Time": 0.079, "Actual Rows": 1, "Actual Loops": 1, "Filter": "((info)::text = 'genres'::text)", "Rows Removed by Filter": 111}, {"Node Type": "Nested Loop", "Parent Relationship": "Inner", "Join Type": "Inner", "Startup Cost": 7419.04, "Total Cost": 83197.12, "Plan Rows": 13753, "Plan Width": 80, "Actual Startup Time": 66.872, "Actual Total Time": 520.361, "Actual Rows": 358, "Actual Loops": 1, "Inner Unique": false, "Plans": [{"Node Type": "Nested Loop", "Parent Relationship": "Outer", "Join Type": "Inner", "Startup Cost": 7419.04, "Total Cost": 61824.99, "Plan Rows": 15041, "Plan Width": 30, "Actual Startup Time": 60.361, "Actual Total Time": 383.098, "Actual Rows": 6152, "Actual Loops": 1, "Inner Unique": true, "Plans": [{"Node Type": "Nested Loop", "Parent Relationship": "Outer", "Join Type": "Inner", "Startup Cost": 7419.04, "Total Cost": 19211.73, "Plan Rows": 12936, "Plan Width": 9, "Actual Startup Time": 58.913, "Actual Total Time": 304.889, "Actual Rows": 15849, "Actual Loops": 1, "Inner Unique": false, "Plans": [{"Node Type": "Index Scan", "Parent Relationship": "Outer", "Scan Direction": "Forward", "Index Name": "info_type_pkey", "Relation Name": "info_type", "Alias": "it2", "Startup Cost": 0.0, "Total Cost": 14.21, "Plan Rows": 1, "Plan Width": 4, "Actual Startup Time": 0.048, "Actual Total Time": 0.061, "Actual Rows": 1, "Actual Loops": 1, "Filter": "((info)::text = 'rating'::text)", "Rows Removed by Filter": 111}, {"Node Type": "Bitmap Heap Scan", "Parent Relationship": "Inner", "Relation Name": "movie_info_idx", "Alias": "mi_idx", "Startup Cost": 7419.04, "Total Cost": 19068.16, "Plan Rows": 12936, "Plan Width": 13, "Actual Startup Time": 58.858, "Actual Total Time": 301.234, "Actual Rows": 15849, "Actual Loops": 1, "Recheck Cond": "(info_type_id = it2.id)", "Rows Removed by Index Recheck": 0, "Filter": "((info)::text > '8.0'::text)", "Rows Removed by Filter": 444076, "Exact Heap Blocks": 6472, "Lossy Heap Blocks": 6472, "Plans": [{"Node Type": "Bitmap Index Scan", "Parent Relationship": "Outer", "Index Name": "info_type_id_movie_info_idx", "Startup Cost": 0.0, "Total Cost": 7415.81, "Plan Rows": 345008, "Plan Width": 0, "Actual Startup Time": 57.616, "Actual Total Time": 57.616, "Actual Rows": 459925, "Actual Loops": 1, "Index Cond": "(info_type_id = it2.id)"}]}]}, {"Node Type": "Index Scan", "Parent Relationship": "Inner", "Scan Direction": "Forward", "Index Name": "title_pkey", "Relation Name": "title", "Alias": "t", "Startup Cost": 0.0, "Total Cost": 3.28, "Plan Rows": 1, "Plan Width": 21, "Actual Startup Time": 68.105, "Actual Total Time": 68.105, "Actual Rows": 6152, "Actual Loops": 15849, "Index Cond": "(id = mi_idx.movie_id)", "Rows Removed by Index Recheck": 0, "Filter": "((production_year >= 2008) AND (production_year <= 2014))", "Rows Removed by Filter": 9697}]}, {"Node Type": "Index Scan", "Parent Relationship": "Inner", "Scan Direction": "Forward", "Index Name": "movie_id_movie_info", "Relation Name": "movie_info", "Alias": "mi", "Startup Cost": 0.0, "Total Cost": 1.41, "Plan Rows": 1, "Plan Width": 50, "Actual Startup Time": 133.561, "Actual Total Time": 133.864, "Actual Rows": 358, "Actual Loops": 6152, "Index Cond": "(movie_id = t.id)", "Rows Removed by Index Recheck": 0, "Filter": "((note IS NULL) AND ((info)::text = ANY ('{Horror,Thriller}'::text[])))", "Rows Removed by Filter": 109599}]}]}, {"Node Type": "Index Scan", "Parent Relationship": "Inner", "Scan Direction": "Forward", "Index Name": "movie_id_cast_info", "Relation Name": "cast_info", "Alias": "ci", "Startup Cost": 0.0, "Total Cost": 2.34, "Plan Rows": 1, "Plan Width": 8, "Actual Startup Time": 19.441, "Actual Total Time": 24.677, "Actual Rows": 268, "Actual Loops": 358, "Index Cond": "(movie_id = t.id)", "Rows Removed by Index Recheck": 0, "Filter": "((note)::text = ANY ('{(writer),\"(head writer)\",\"(written by)\",(story),\"(story editor)\"}'::text[]))", "Rows Removed by Filter": 12296}]}, {"Node Type": "Index Scan", "Parent Relationship": "Inner", "Scan Direction": "Forward", "Index Name": "name_pkey", "Relation Name": "name", "Alias": "n", "Startup Cost": 0.0, "Total Cost": 0.49, "Plan Rows": 1, "Plan Width": 4, "Actual Startup Time": 1.95, "Actual Total Time": 1.95, "Actual Rows": 11, "Actual Loops": 268, "Index Cond": "(id = ci.person_id)", "Rows Removed by Index Recheck": 0, "Filter": "((gender IS NOT NULL) AND ((gender)::text = 'f'::text))", "Rows Removed by Filter": 257}]}]}, "Triggers": [], "Planner Runtime": 23.008, "Total Runtime": 548.511, "Unique SQL Id": 661781350}}, "(16, '6')": {"explain_plan": {"Plan": {"Node Type": "Aggregate", "Strategy": "Plain", "Startup Cost": 46183.56, "Total Cost": 46183.57, "Plan Rows": 1, "Plan Width": 160, "Plans": [{"Node Type": "Nested Loop", "Parent Relationship": "Outer", "Join Type": "Inner", "Startup Cost": 5.08, "Total Cost": 46181.92, "Plan Rows": 219, "Plan Width": 64, "Inner Unique": true, "Plans": [{"Node Type": "Nested Loop", "Parent Relationship": "Outer", "Join Type": "Inner", "Startup Cost": 4.77, "Total Cost": 44790.8, "Plan Rows": 321, "Plan Width": 68, "Inner Unique": false, "Plans": [{"Node Type": "Nested Loop", "Parent Relationship": "Outer", "Join Type": "Inner", "Startup Cost": 3.76, "Total Cost": 43297.62, "Plan Rows": 291, "Plan Width": 76, "Inner Unique": true, "Plans": [{"Node Type": "Nested Loop", "Parent Relationship": "Outer", "Join Type": "Inner", "Startup Cost": 2.96, "Total Cost": 42090.18, "Plan Rows": 250, "Plan Width": 55, "Inner Unique": false, "Join Filter": "(mi_idx.info_type_id = it2.id)", "Plans": [{"Node Type": "Seq Scan", "Parent Relationship": "Outer", "Relation Name": "info_type", "Alias": "it2", "Startup Cost": 0.0, "Total Cost": 2.4, "Plan Rows": 1, "Plan Width": 4, "Filter": "((info)::text = 'rating'::text)"}, {"Node Type": "Materialize", "Parent Relationship": "Inner", "Startup Cost": 2.96, "Total Cost": 42077.79, "Plan Rows": 999, "Plan Width": 59, "Plans": [{"Node Type": "Nested Loop", "Parent Relationship": "Outer", "Join Type": "Inner", "Startup Cost": 2.96, "Total Cost": 42075.29, "Plan Rows": 999, "Plan Width": 59, "Inner Unique": false, "Plans": [{"Node Type": "Hash Join", "Parent Relationship": "Outer", "Join Type": "Inner", "Startup Cost": 2.41, "Total Cost": 37619.13, "Plan Rows": 971, "Plan Width": 46, "Inner Unique": true, "Hash Cond": "(mi.info_type_id = it1.id)", "Plans": [{"Node Type": "Streaming(type: LOCAL GATHER dop: 1/16)", "Parent Relationship": "Outer", "Startup Cost": 0.0, "Total Cost": 37352.11, "Plan Rows": 67971, "Plan Width": 50, "Plans": [{"Node Type": "Seq Scan", "Parent Relationship": "Outer", "Relation Name": "movie_info", "Alias": "mi", "Startup Cost": 0.0, "Total Cost": 35885.16, "Plan Rows": 67971, "Plan Width": 50, "Filter": "((note IS NULL) AND ((info)::text = ANY ('{Horror,Thriller}'::text[])))"}]}, {"Node Type": "Hash", "Parent Relationship": "Inner", "Startup Cost": 2.4, "Total Cost": 2.4, "Plan Rows": 1, "Plan Width": 4, "Plans": [{"Node Type": "Seq Scan", "Parent Relationship": "Outer", "Relation Name": "info_type", "Alias": "it1", "Startup Cost": 0.0, "Total Cost": 2.4, "Plan Rows": 1, "Plan Width": 4, "Filter": "((info)::text = 'genres'::text)"}]}]}, {"Node Type": "Bitmap Heap Scan", "Parent Relationship": "Inner", "Relation Name": "movie_info_idx", "Alias": "mi_idx", "Startup Cost": 0.55, "Total Cost": 4.58, "Plan Rows": 1, "Plan Width": 13, "Recheck Cond": "(movie_id = mi.movie_id)", "Filter": "((info)::text > '8.0'::text)", "Plans": [{"Node Type": "Bitmap Index Scan", "Parent Relationship": "Outer", "Index Name": "movie_id_movie_info_idx", "Startup Cost": 0.0, "Total Cost": 0.55, "Plan Rows": 2, "Plan Width": 0, "Index Cond": "(movie_id = mi.movie_id)"}]}]}]}]}, {"Node Type": "Bitmap Heap Scan", "Parent Relationship": "Inner", "Relation Name": "title", "Alias": "t", "Startup Cost": 0.8, "Total Cost": 4.82, "Plan Rows": 1, "Plan Width": 21, "Recheck Cond": "(id = mi.movie_id)", "Filter": "((production_year >= 2008) AND (production_year <= 2014))", "Plans": [{"Node Type": "Bitmap Index Scan", "Parent Relationship": "Outer", "Index Name": "title_pkey", "Startup Cost": 0.0, "Total Cost": 0.8, "Plan Rows": 1, "Plan Width": 0, "Index Cond": "(id = mi.movie_id)"}]}]}, {"Node Type": "Bitmap Heap Scan", "Parent Relationship": "Inner", "Relation Name": "cast_info", "Alias": "ci", "Startup Cost": 1.01, "Total Cost": 5.12, "Plan Rows": 1, "Plan Width": 8, "Recheck Cond": "(movie_id = t.id)", "Filter": "((note)::text = ANY ('{(writer),\"(head writer)\",\"(written by)\",(story),\"(story editor)\"}'::text[]))", "Plans": [{"Node Type": "Bitmap Index Scan", "Parent Relationship": "Outer", "Index Name": "movie_id_cast_info", "Startup Cost": 0.0, "Total Cost": 1.01, "Plan Rows": 6, "Plan Width": 0, "Index Cond": "(movie_id = t.id)"}]}]}, {"Node Type": "Bitmap Heap Scan", "Parent Relationship": "Inner", "Relation Name": "name", "Alias": "n", "Startup Cost": 0.31, "Total Cost": 4.32, "Plan Rows": 1, "Plan Width": 4, "Recheck Cond": "(id = ci.person_id)", "Filter": "((gender IS NOT NULL) AND ((gender)::text = 'f'::text))", "Plans": [{"Node Type": "Bitmap Index Scan", "Parent Relationship": "Outer", "Index Name": "name_pkey", "Startup Cost": 0.0, "Total Cost": 0.31, "Plan Rows": 1, "Plan Width": 0, "Index Cond": "(id = ci.person_id)"}]}]}]}, "Unique SQL Id": 661781350, "Planner Runtime": 86}, "explain_analyze_plan": {"Plan": {"Node Type": "Aggregate", "Strategy": "Plain", "Startup Cost": 46183.56, "Total Cost": 46183.57, "Plan Rows": 1, "Plan Width": 160, "Actual Min Startup Time": 857.62, "Actual Max Startup Time": 857.62, "Actual Min Total Time": 857.621, "Actual Max Total Time": 857.621, "Plans": [{"Node Type": "Nested Loop", "Parent Relationship": "Outer", "Join Type": "Inner", "Startup Cost": 5.08, "Total Cost": 46181.92, "Plan Rows": 219, "Plan Width": 64, "Actual Min Startup Time": 818.919, "Actual Max Startup Time": 818.919, "Actual Min Total Time": 857.56, "Actual Max Total Time": 857.56, "Inner Unique": true, "Plans": [{"Node Type": "Nested Loop", "Parent Relationship": "Outer", "Join Type": "Inner", "Startup Cost": 4.77, "Total Cost": 44790.8, "Plan Rows": 321, "Plan Width": 68, "Actual Min Startup Time": 818.129, "Actual Max Startup Time": 818.129, "Actual Min Total Time": 855.191, "Actual Max Total Time": 855.191, "Inner Unique": false, "Plans": [{"Node Type": "Nested Loop", "Parent Relationship": "Outer", "Join Type": "Inner", "Startup Cost": 3.76, "Total Cost": 43297.62, "Plan Rows": 291, "Plan Width": 76, "Actual Min Startup Time": 817.964, "Actual Max Startup Time": 817.964, "Actual Min Total Time": 825.574, "Actual Max Total Time": 825.574, "Inner Unique": true, "Plans": [{"Node Type": "Nested Loop", "Parent Relationship": "Outer", "Join Type": "Inner", "Startup Cost": 2.96, "Total Cost": 42090.18, "Plan Rows": 250, "Plan Width": 55, "Actual Min Startup Time": 817.937, "Actual Max Startup Time": 817.937, "Actual Min Total Time": 819.795, "Actual Max Total Time": 819.795, "Inner Unique": false, "Join Filter": "(mi_idx.info_type_id = it2.id)", "Rows Removed by Join Filter": 3403, "Plans": [{"Node Type": "Seq Scan", "Parent Relationship": "Outer", "Relation Name": "info_type", "Alias": "it2", "Startup Cost": 0.0, "Total Cost": 2.4, "Plan Rows": 1, "Plan Width": 4, "Actual Min Startup Time": 0.075, "Actual Max Startup Time": 0.075, "Actual Min Total Time": 0.088, "Actual Max Total Time": 0.088, "Filter": "((info)::text = 'rating'::text)", "Rows Removed by Filter": 111, "Actual Rows": 1}, {"Node Type": "Materialize", "Parent Relationship": "Inner", "Startup Cost": 2.96, "Total Cost": 42077.79, "Plan Rows": 999, "Plan Width": 59, "Actual Min Startup Time": 817.842, "Actual Max Startup Time": 817.842, "Actual Min Total Time": 818.352, "Actual Max Total Time": 818.352, "Plans": [{"Node Type": "Nested Loop", "Parent Relationship": "Outer", "Join Type": "Inner", "Startup Cost": 2.96, "Total Cost": 42075.29, "Plan Rows": 999, "Plan Width": 59, "Actual Min Startup Time": 355.787, "Actual Max Startup Time": 355.787, "Actual Min Total Time": 815.939, "Actual Max Total Time": 815.939, "Inner Unique": false, "Plans": [{"Node Type": "Hash Join", "Parent Relationship": "Outer", "Join Type": "Inner", "Startup Cost": 2.41, "Total Cost": 37619.13, "Plan Rows": 971, "Plan Width": 46, "Actual Min Startup Time": 355.461, "Actual Max Startup Time": 355.461, "Actual Min Total Time": 420.895, "Actual Max Total Time": 420.895, "Inner Unique": true, "Hash Cond": "(mi.info_type_id = it1.id)", "Plans": [{"Node Type": "Streaming(type: LOCAL GATHER dop: 1/16)", "Parent Relationship": "Outer", "Startup Cost": 0.0, "Total Cost": 37352.11, "Plan Rows": 67971, "Plan Width": 50, "Actual Min Startup Time": 267.396, "Actual Max Startup Time": 267.396, "Actual Min Total Time": 383.039, "Actual Max Total Time": 383.039, "Plans": [{"Node Type": "Seq Scan", "Parent Relationship": "Outer", "Relation Name": "movie_info", "Alias": "mi", "Startup Cost": 0.0, "Total Cost": 35885.16, "Plan Rows": 67971, "Plan Width": 50, "Actual Min Startup Time": 237.743, "Actual Max Startup Time": 341.828, "Actual Min Total Time": 383.108, "Actual Max Total Time": 396.023, "Filter": "((note IS NULL) AND ((info)::text = ANY ('{Horror,Thriller}'::text[])))", "Rows Removed by Filter": 14762672, "Actual Rows": 73047}], "Actual Rows": 73047}, {"Node Type": "Hash", "Parent Relationship": "Inner", "Startup Cost": 2.4, "Total Cost": 2.4, "Plan Rows": 1, "Plan Width": 4, "Actual Min Startup Time": 0.102, "Actual Max Startup Time": 0.102, "Actual Min Total Time": 0.102, "Actual Max Total Time": 0.102, "Max Hash Buckets": 32768, "Min Hash Buckets": 32768, "Max Hash Batches": 1, "Min Hash Batches": 1, "Max Original Hash Batches": 1, "Min Original Hash Batches": 1, "Max Peak Memory Usage": 1, "min Peak Memory Usage": 1, "Plans": [{"Node Type": "Seq Scan", "Parent Relationship": "Outer", "Relation Name": "info_type", "Alias": "it1", "Startup Cost": 0.0, "Total Cost": 2.4, "Plan Rows": 1, "Plan Width": 4, "Actual Min Startup Time": 0.061, "Actual Max Startup Time": 0.061, "Actual Min Total Time": 0.085, "Actual Max Total Time": 0.085, "Filter": "((info)::text = 'genres'::text)", "Rows Removed by Filter": 111, "Actual Rows": 1}], "Actual Rows": 1}], "Actual Rows": 72258}, {"Node Type": "Bitmap Heap Scan", "Parent Relationship": "Inner", "Relation Name": "movie_info_idx", "Alias": "mi_idx", "Startup Cost": 0.55, "Total Cost": 4.58, "Plan Rows": 1, "Plan Width": 13, "Actual Min Startup Time": 312.374, "Actual Max Startup Time": 312.374, "Actual Min Total Time": 314.166, "Actual Max Total Time": 314.166, "Recheck Cond": "(movie_id = mi.movie_id)", "Rows Removed by Index Recheck": 0, "Filter": "((info)::text > '8.0'::text)", "Rows Removed by Filter": 113143, "Exact Heap Blocks": 39507, "Lossy Heap Blocks": 39507, "Plans": [{"Node Type": "Bitmap Index Scan", "Parent Relationship": "Outer", "Index Name": "movie_id_movie_info_idx", "Startup Cost": 0.0, "Total Cost": 0.55, "Plan Rows": 2, "Plan Width": 0, "Actual Min Startup Time": 180.874, "Actual Max Startup Time": 180.874, "Actual Min Total Time": 180.874, "Actual Max Total Time": 180.874, "Index Cond": "(movie_id = mi.movie_id)", "Actual Rows": 117278}], "Actual Rows": 4135}], "Actual Rows": 4135}], "Actual Rows": 4136}], "Actual Rows": 732}, {"Node Type": "Bitmap Heap Scan", "Parent Relationship": "Inner", "Relation Name": "title", "Alias": "t", "Startup Cost": 0.8, "Total Cost": 4.82, "Plan Rows": 1, "Plan Width": 21, "Actual Min Startup Time": 4.787, "Actual Max Startup Time": 4.787, "Actual Min Total Time": 4.787, "Actual Max Total Time": 4.787, "Recheck Cond": "(id = mi.movie_id)", "Rows Removed by Index Recheck": 0, "Filter": "((production_year >= 2008) AND (production_year <= 2014))", "Rows Removed by Filter": 374, "Exact Heap Blocks": 732, "Lossy Heap Blocks": 732, "Plans": [{"Node Type": "Bitmap Index Scan", "Parent Relationship": "Outer", "Index Name": "title_pkey", "Startup Cost": 0.0, "Total Cost": 0.8, "Plan Rows": 1, "Plan Width": 0, "Actual Min Startup Time": 2.892, "Actual Max Startup Time": 2.892, "Actual Min Total Time": 2.892, "Actual Max Total Time": 2.892, "Index Cond": "(id = mi.movie_id)", "Actual Rows": 732}], "Actual Rows": 358}], "Actual Rows": 358}, {"Node Type": "Bitmap Heap Scan", "Parent Relationship": "Inner", "Relation Name": "cast_info", "Alias": "ci", "Startup Cost": 1.01, "Total Cost": 5.12, "Plan Rows": 1, "Plan Width": 8, "Actual Min Startup Time": 23.526, "Actual Max Startup Time": 23.526, "Actual Min Total Time": 28.937, "Actual Max Total Time": 28.937, "Recheck Cond": "(movie_id = t.id)", "Rows Removed by Index Recheck": 0, "Filter": "((note)::text = ANY ('{(writer),\"(head writer)\",\"(written by)\",(story),\"(story editor)\"}'::text[]))", "Rows Removed by Filter": 12296, "Exact Heap Blocks": 11454, "Lossy Heap Blocks": 11454, "Plans": [{"Node Type": "Bitmap Index Scan", "Parent Relationship": "Outer", "Index Name": "movie_id_cast_info", "Startup Cost": 0.0, "Total Cost": 1.01, "Plan Rows": 6, "Plan Width": 0, "Actual Min Startup Time": 4.282, "Actual Max Startup Time": 4.282, "Actual Min Total Time": 4.282, "Actual Max Total Time": 4.282, "Index Cond": "(movie_id = t.id)", "Actual Rows": 12564}], "Actual Rows": 268}], "Actual Rows": 268}, {"Node Type": "Bitmap Heap Scan", "Parent Relationship": "Inner", "Relation Name": "name", "Alias": "n", "Startup Cost": 0.31, "Total Cost": 4.32, "Plan Rows": 1, "Plan Width": 4, "Actual Min Startup Time": 1.967, "Actual Max Startup Time": 1.967, "Actual Min Total Time": 1.967, "Actual Max Total Time": 1.967, "Recheck Cond": "(id = ci.person_id)", "Rows Removed by Index Recheck": 0, "Filter": "((gender IS NOT NULL) AND ((gender)::text = 'f'::text))", "Rows Removed by Filter": 257, "Exact Heap Blocks": 268, "Lossy Heap Blocks": 268, "Plans": [{"Node Type": "Bitmap Index Scan", "Parent Relationship": "Outer", "Index Name": "name_pkey", "Startup Cost": 0.0, "Total Cost": 0.31, "Plan Rows": 1, "Plan Width": 0, "Actual Min Startup Time": 1.219, "Actual Max Startup Time": 1.219, "Actual Min Total Time": 1.219, "Actual Max Total Time": 1.219, "Index Cond": "(id = ci.person_id)", "Actual Rows": 268}], "Actual Rows": 11}], "Actual Rows": 11}], "Actual Rows": 1}, "Triggers": [], "Planner Runtime": 86.931, "Total Runtime": 860.448, "Unique SQL Id": 661781350}}, "(16, '7')": {"explain_plan": {"Plan": {"Node Type": "Aggregate", "Strategy": "Plain", "Startup Cost": 157109.69, "Total Cost": 157109.7, "Plan Rows": 1, "Plan Width": 160, "Plans": [{"Node Type": "Nested Loop", "Parent Relationship": "Outer", "Join Type": "Inner", "Startup Cost": 7439.53, "Total Cost": 157108.05, "Plan Rows": 219, "Plan Width": 64, "Inner Unique": true, "Plans": [{"Node Type": "Nested Loop", "Parent Relationship": "Outer", "Join Type": "Inner", "Startup Cost": 7439.22, "Total Cost": 155716.93, "Plan Rows": 321, "Plan Width": 68, "Inner Unique": false, "Plans": [{"Node Type": "Nested Loop", "Parent Relationship": "Outer", "Join Type": "Inner", "Startup Cost": 7438.22, "Total Cost": 154223.75, "Plan Rows": 291, "Plan Width": 76, "Inner Unique": false, "Join Filter": "(mi.info_type_id = it1.id)", "Plans": [{"Node Type": "Bitmap Heap Scan", "Parent Relationship": "Outer", "Relation Name": "info_type", "Alias": "it1", "Startup Cost": 8.81, "Total Cost": 14.21, "Plan Rows": 1, "Plan Width": 4, "Filter": "((info)::text = 'genres'::text)", "Plans": [{"Node Type": "Bitmap Index Scan", "Parent Relationship": "Outer", "Index Name": "info_type_pkey", "Startup Cost": 0.0, "Total Cost": 8.81, "Plan Rows": 112, "Plan Width": 0}]}, {"Node Type": "Nested Loop", "Parent Relationship": "Inner", "Join Type": "Inner", "Startup Cost": 7429.41, "Total Cost": 154037.63, "Plan Rows": 13753, "Plan Width": 80, "Inner Unique": false, "Plans": [{"Node Type": "Nested Loop", "Parent Relationship": "Outer", "Join Type": "Inner", "Startup Cost": 7428.83, "Total Cost": 83898.37, "Plan Rows": 15041, "Plan Width": 30, "Inner Unique": true, "Plans": [{"Node Type": "Nested Loop", "Parent Relationship": "Outer", "Join Type": "Inner", "Startup Cost": 7427.85, "Total Cost": 19211.73, "Plan Rows": 12936, "Plan Width": 9, "Inner Unique": false, "Plans": [{"Node Type": "Bitmap Heap Scan", "Parent Relationship": "Outer", "Relation Name": "info_type", "Alias": "it2", "Startup Cost": 8.81, "Total Cost": 14.21, "Plan Rows": 1, "Plan Width": 4, "Filter": "((info)::text = 'rating'::text)", "Plans": [{"Node Type": "Bitmap Index Scan", "Parent Relationship": "Outer", "Index Name": "info_type_pkey", "Startup Cost": 0.0, "Total Cost": 8.81, "Plan Rows": 112, "Plan Width": 0}]}, {"Node Type": "Bitmap Heap Scan", "Parent Relationship": "Inner", "Relation Name": "movie_info_idx", "Alias": "mi_idx", "Startup Cost": 7419.04, "Total Cost": 19068.16, "Plan Rows": 12936, "Plan Width": 13, "Recheck Cond": "(info_type_id = it2.id)", "Filter": "((info)::text > '8.0'::text)", "Plans": [{"Node Type": "Bitmap Index Scan", "Parent Relationship": "Outer", "Index Name": "info_type_id_movie_info_idx", "Startup Cost": 0.0, "Total Cost": 7415.81, "Plan Rows": 345008, "Plan Width": 0, "Index Cond": "(info_type_id = it2.id)"}]}]}, {"Node Type": "Bitmap Heap Scan", "Parent Relationship": "Inner", "Relation Name": "title", "Alias": "t", "Startup Cost": 0.97, "Total Cost": 4.99, "Plan Rows": 1, "Plan Width": 21, "Recheck Cond": "(id = mi_idx.movie_id)", "Filter": "((production_year >= 2008) AND (production_year <= 2014))", "Plans": [{"Node Type": "Bitmap Index Scan", "Parent Relationship": "Outer", "Index Name": "title_pkey", "Startup Cost": 0.0, "Total Cost": 0.97, "Plan Rows": 1, "Plan Width": 0, "Index Cond": "(id = mi_idx.movie_id)"}]}]}, {"Node Type": "Bitmap Heap Scan", "Parent Relationship": "Inner", "Relation Name": "movie_info", "Alias": "mi", "Startup Cost": 0.58, "Total Cost": 4.65, "Plan Rows": 1, "Plan Width": 50, "Recheck Cond": "(movie_id = t.id)", "Filter": "((note IS NULL) AND ((info)::text = ANY ('{Horror,Thriller}'::text[])))", "Plans": [{"Node Type": "Bitmap Index Scan", "Parent Relationship": "Outer", "Index Name": "movie_id_movie_info", "Startup Cost": 0.0, "Total Cost": 0.58, "Plan Rows": 5, "Plan Width": 0, "Index Cond": "(movie_id = t.id)"}]}]}]}, {"Node Type": "Bitmap Heap Scan", "Parent Relationship": "Inner", "Relation Name": "cast_info", "Alias": "ci", "Startup Cost": 1.01, "Total Cost": 5.12, "Plan Rows": 1, "Plan Width": 8, "Recheck Cond": "(movie_id = t.id)", "Filter": "((note)::text = ANY ('{(writer),\"(head writer)\",\"(written by)\",(story),\"(story editor)\"}'::text[]))", "Plans": [{"Node Type": "Bitmap Index Scan", "Parent Relationship": "Outer", "Index Name": "movie_id_cast_info", "Startup Cost": 0.0, "Total Cost": 1.01, "Plan Rows": 6, "Plan Width": 0, "Index Cond": "(movie_id = t.id)"}]}]}, {"Node Type": "Bitmap Heap Scan", "Parent Relationship": "Inner", "Relation Name": "name", "Alias": "n", "Startup Cost": 0.31, "Total Cost": 4.32, "Plan Rows": 1, "Plan Width": 4, "Recheck Cond": "(id = ci.person_id)", "Filter": "((gender IS NOT NULL) AND ((gender)::text = 'f'::text))", "Plans": [{"Node Type": "Bitmap Index Scan", "Parent Relationship": "Outer", "Index Name": "name_pkey", "Startup Cost": 0.0, "Total Cost": 0.31, "Plan Rows": 1, "Plan Width": 0, "Index Cond": "(id = ci.person_id)"}]}]}]}, "Unique SQL Id": 661781350, "Planner Runtime": 23}, "explain_analyze_plan": {"Plan": {"Node Type": "Aggregate", "Strategy": "Plain", "Startup Cost": 157109.69, "Total Cost": 157109.7, "Plan Rows": 1, "Plan Width": 160, "Actual Startup Time": 648.813, "Actual Total Time": 648.813, "Actual Rows": 1, "Actual Loops": 1, "Plans": [{"Node Type": "Nested Loop", "Parent Relationship": "Outer", "Join Type": "Inner", "Startup Cost": 7439.53, "Total Cost": 157108.05, "Plan Rows": 219, "Plan Width": 64, "Actual Startup Time": 394.473, "Actual Total Time": 648.75, "Actual Rows": 11, "Actual Loops": 1, "Inner Unique": true, "Plans": [{"Node Type": "Nested Loop", "Parent Relationship": "Outer", "Join Type": "Inner", "Startup Cost": 7439.22, "Total Cost": 155716.93, "Plan Rows": 321, "Plan Width": 68, "Actual Startup Time": 144.736, "Actual Total Time": 645.961, "Actual Rows": 268, "Actual Loops": 1, "Inner Unique": false, "Plans": [{"Node Type": "Nested Loop", "Parent Relationship": "Outer", "Join Type": "Inner", "Startup Cost": 7438.22, "Total Cost": 154223.75, "Plan Rows": 291, "Plan Width": 76, "Actual Startup Time": 67.802, "Actual Total Time": 613.896, "Actual Rows": 358, "Actual Loops": 1, "Inner Unique": false, "Join Filter": "(mi.info_type_id = it1.id)", "Rows Removed by Join Filter": 0, "Plans": [{"Node Type": "Bitmap Heap Scan", "Parent Relationship": "Outer", "Relation Name": "info_type", "Alias": "it1", "Startup Cost": 8.81, "Total Cost": 14.21, "Plan Rows": 1, "Plan Width": 4, "Actual Startup Time": 0.054, "Actual Total Time": 0.086, "Actual Rows": 1, "Actual Loops": 1, "Filter": "((info)::text = 'genres'::text)", "Rows Removed by Filter": 111, "Exact Heap Blocks": 1, "Lossy Heap Blocks": 1, "Plans": [{"Node Type": "Bitmap Index Scan", "Parent Relationship": "Outer", "Index Name": "info_type_pkey", "Startup Cost": 0.0, "Total Cost": 8.81, "Plan Rows": 112, "Plan Width": 0, "Actual Startup Time": 0.015, "Actual Total Time": 0.015, "Actual Rows": 112, "Actual Loops": 1}]}, {"Node Type": "Nested Loop", "Parent Relationship": "Inner", "Join Type": "Inner", "Startup Cost": 7429.41, "Total Cost": 154037.63, "Plan Rows": 13753, "Plan Width": 80, "Actual Startup Time": 67.737, "Actual Total Time": 613.496, "Actual Rows": 358, "Actual Loops": 1, "Inner Unique": false, "Plans": [{"Node Type": "Nested Loop", "Parent Relationship": "Outer", "Join Type": "Inner", "Startup Cost": 7428.83, "Total Cost": 83898.37, "Plan Rows": 15041, "Plan Width": 30, "Actual Startup Time": 60.256, "Actual Total Time": 430.293, "Actual Rows": 6152, "Actual Loops": 1, "Inner Unique": true, "Plans": [{"Node Type": "Nested Loop", "Parent Relationship": "Outer", "Join Type": "Inner", "Startup Cost": 7427.85, "Total Cost": 19211.73, "Plan Rows": 12936, "Plan Width": 9, "Actual Startup Time": 58.555, "Actual Total Time": 316.66, "Actual Rows": 15849, "Actual Loops": 1, "Inner Unique": false, "Plans": [{"Node Type": "Bitmap Heap Scan", "Parent Relationship": "Outer", "Relation Name": "info_type", "Alias": "it2", "Startup Cost": 8.81, "Total Cost": 14.21, "Plan Rows": 1, "Plan Width": 4, "Actual Startup Time": 0.053, "Actual Total Time": 0.058, "Actual Rows": 1, "Actual Loops": 1, "Filter": "((info)::text = 'rating'::text)", "Rows Removed by Filter": 111, "Exact Heap Blocks": 1, "Lossy Heap Blocks": 1, "Plans": [{"Node Type": "Bitmap Index Scan", "Parent Relationship": "Outer", "Index Name": "info_type_pkey", "Startup Cost": 0.0, "Total Cost": 8.81, "Plan Rows": 112, "Plan Width": 0, "Actual Startup Time": 0.008, "Actual Total Time": 0.008, "Actual Rows": 112, "Actual Loops": 1}]}, {"Node Type": "Bitmap Heap Scan", "Parent Relationship": "Inner", "Relation Name": "movie_info_idx", "Alias": "mi_idx", "Startup Cost": 7419.04, "Total Cost": 19068.16, "Plan Rows": 12936, "Plan Width": 13, "Actual Startup Time": 58.498, "Actual Total Time": 312.884, "Actual Rows": 15849, "Actual Loops": 1, "Recheck Cond": "(info_type_id = it2.id)", "Rows Removed by Index Recheck": 0, "Filter": "((info)::text > '8.0'::text)", "Rows Removed by Filter": 444076, "Exact Heap Blocks": 6472, "Lossy Heap Blocks": 6472, "Plans": [{"Node Type": "Bitmap Index Scan", "Parent Relationship": "Outer", "Index Name": "info_type_id_movie_info_idx", "Startup Cost": 0.0, "Total Cost": 7415.81, "Plan Rows": 345008, "Plan Width": 0, "Actual Startup Time": 57.263, "Actual Total Time": 57.263, "Actual Rows": 459925, "Actual Loops": 1, "Index Cond": "(info_type_id = it2.id)"}]}]}, {"Node Type": "Bitmap Heap Scan", "Parent Relationship": "Inner", "Relation Name": "title", "Alias": "t", "Startup Cost": 0.97, "Total Cost": 4.99, "Plan Rows": 1, "Plan Width": 21, "Actual Startup Time": 92.969, "Actual Total Time": 92.969, "Actual Rows": 6152, "Actual Loops": 15849, "Recheck Cond": "(id = mi_idx.movie_id)", "Rows Removed by Index Recheck": 0, "Filter": "((production_year >= 2008) AND (production_year <= 2014))", "Rows Removed by Filter": 9697, "Exact Heap Blocks": 15849, "Lossy Heap Blocks": 15849, "Plans": [{"Node Type": "Bitmap Index Scan", "Parent Relationship": "Outer", "Index Name": "title_pkey", "Startup Cost": 0.0, "Total Cost": 0.97, "Plan Rows": 1, "Plan Width": 0, "Actual Startup Time": 45.73, "Actual Total Time": 45.73, "Actual Rows": 15849, "Actual Loops": 15849, "Index Cond": "(id = mi_idx.movie_id)"}]}]}, {"Node Type": "Bitmap Heap Scan", "Parent Relationship": "Inner", "Relation Name": "movie_info", "Alias": "mi", "Startup Cost": 0.58, "Total Cost": 4.65, "Plan Rows": 1, "Plan Width": 50, "Actual Startup Time": 174.663, "Actual Total Time": 174.828, "Actual Rows": 358, "Actual Loops": 6152, "Recheck Cond": "(movie_id = t.id)", "Rows Removed by Index Recheck": 0, "Filter": "((note IS NULL) AND ((info)::text = ANY ('{Horror,Thriller}'::text[])))", "Rows Removed by Filter": 109599, "Exact Heap Blocks": 52726, "Lossy Heap Blocks": 52726, "Plans": [{"Node Type": "Bitmap Index Scan", "Parent Relationship": "Outer", "Index Name": "movie_id_movie_info", "Startup Cost": 0.0, "Total Cost": 0.58, "Plan Rows": 5, "Plan Width": 0, "Actual Startup Time": 40.719, "Actual Total Time": 40.719, "Actual Rows": 109957, "Actual Loops": 6152, "Index Cond": "(movie_id = t.id)"}]}]}]}, {"Node Type": "Bitmap Heap Scan", "Parent Relationship": "Inner", "Relation Name": "cast_info", "Alias": "ci", "Startup Cost": 1.01, "Total Cost": 5.12, "Plan Rows": 1, "Plan Width": 8, "Actual Startup Time": 25.29, "Actual Total Time": 31.079, "Actual Rows": 268, "Actual Loops": 358, "Recheck Cond": "(movie_id = t.id)", "Rows Removed by Index Recheck": 0, "Filter": "((note)::text = ANY ('{(writer),\"(head writer)\",\"(written by)\",(story),\"(story editor)\"}'::text[]))", "Rows Removed by Filter": 12296, "Exact Heap Blocks": 11454, "Lossy Heap Blocks": 11454, "Plans": [{"Node Type": "Bitmap Index Scan", "Parent Relationship": "Outer", "Index Name": "movie_id_cast_info", "Startup Cost": 0.0, "Total Cost": 1.01, "Plan Rows": 6, "Plan Width": 0, "Actual Startup Time": 4.711, "Actual Total Time": 4.711, "Actual Rows": 12564, "Actual Loops": 358, "Index Cond": "(movie_id = t.id)"}]}]}, {"Node Type": "Bitmap Heap Scan", "Parent Relationship": "Inner", "Relation Name": "name", "Alias": "n", "Startup Cost": 0.31, "Total Cost": 4.32, "Plan Rows": 1, "Plan Width": 4, "Actual Startup Time": 2.292, "Actual Total Time": 2.292, "Actual Rows": 11, "Actual Loops": 268, "Recheck Cond": "(id = ci.person_id)", "Rows Removed by Index Recheck": 0, "Filter": "((gender IS NOT NULL) AND ((gender)::text = 'f'::text))", "Rows Removed by Filter": 257, "Exact Heap Blocks": 268, "Lossy Heap Blocks": 268, "Plans": [{"Node Type": "Bitmap Index Scan", "Parent Relationship": "Outer", "Index Name": "name_pkey", "Startup Cost": 0.0, "Total Cost": 0.31, "Plan Rows": 1, "Plan Width": 0, "Actual Startup Time": 1.403, "Actual Total Time": 1.403, "Actual Rows": 268, "Actual Loops": 268, "Index Cond": "(id = ci.person_id)"}]}]}]}, "Triggers": [], "Planner Runtime": 23.03, "Total Runtime": 649.145, "Unique SQL Id": 661781350}}, "(16, '8')": {"explain_plan": {"Plan": {"Node Type": "Aggregate", "Strategy": "Plain", "Startup Cost": 40136.75, "Total Cost": 40136.76, "Plan Rows": 1, "Plan Width": 160, "Plans": [{"Node Type": "Nested Loop", "Parent Relationship": "Outer", "Join Type": "Inner", "Startup Cost": 2.41, "Total Cost": 40135.1, "Plan Rows": 219, "Plan Width": 64, "Inner Unique": true, "Plans": [{"Node Type": "Nested Loop", "Parent Relationship": "Outer", "Join Type": "Inner", "Startup Cost": 2.41, "Total Cost": 39974.11, "Plan Rows": 321, "Plan Width": 68, "Inner Unique": false, "Plans": [{"Node Type": "Nested Loop", "Parent Relationship": "Outer", "Join Type": "Inner", "Startup Cost": 2.41, "Total Cost": 39289.09, "Plan Rows": 291, "Plan Width": 76, "Inner Unique": true, "Plans": [{"Node Type": "Nested Loop", "Parent Relationship": "Outer", "Join Type": "Inner", "Startup Cost": 2.41, "Total Cost": 38575.87, "Plan Rows": 250, "Plan Width": 55, "Inner Unique": false, "Join Filter": "(mi_idx.info_type_id = it2.id)", "Plans": [{"Node Type": "Seq Scan", "Parent Relationship": "Outer", "Relation Name": "info_type", "Alias": "it2", "Startup Cost": 0.0, "Total Cost": 2.4, "Plan Rows": 1, "Plan Width": 4, "Filter": "((info)::text = 'rating'::text)"}, {"Node Type": "Materialize", "Parent Relationship": "Inner", "Startup Cost": 2.41, "Total Cost": 38563.48, "Plan Rows": 999, "Plan Width": 59, "Plans": [{"Node Type": "Nested Loop", "Parent Relationship": "Outer", "Join Type": "Inner", "Startup Cost": 2.41, "Total Cost": 38560.99, "Plan Rows": 999, "Plan Width": 59, "Inner Unique": false, "Plans": [{"Node Type": "Hash Join", "Parent Relationship": "Outer", "Join Type": "Inner", "Startup Cost": 2.41, "Total Cost": 37619.13, "Plan Rows": 971, "Plan Width": 46, "Inner Unique": true, "Hash Cond": "(mi.info_type_id = it1.id)", "Plans": [{"Node Type": "Streaming(type: LOCAL GATHER dop: 1/16)", "Parent Relationship": "Outer", "Startup Cost": 0.0, "Total Cost": 37352.11, "Plan Rows": 67971, "Plan Width": 50, "Plans": [{"Node Type": "Seq Scan", "Parent Relationship": "Outer", "Relation Name": "movie_info", "Alias": "mi", "Startup Cost": 0.0, "Total Cost": 35885.16, "Plan Rows": 67971, "Plan Width": 50, "Filter": "((note IS NULL) AND ((info)::text = ANY ('{Horror,Thriller}'::text[])))"}]}, {"Node Type": "Hash", "Parent Relationship": "Inner", "Startup Cost": 2.4, "Total Cost": 2.4, "Plan Rows": 1, "Plan Width": 4, "Plans": [{"Node Type": "Seq Scan", "Parent Relationship": "Outer", "Relation Name": "info_type", "Alias": "it1", "Startup Cost": 0.0, "Total Cost": 2.4, "Plan Rows": 1, "Plan Width": 4, "Filter": "((info)::text = 'genres'::text)"}]}]}, {"Node Type": "Index Scan", "Parent Relationship": "Inner", "Scan Direction": "Forward", "Index Name": "movie_id_movie_info_idx", "Relation Name": "movie_info_idx", "Alias": "mi_idx", "Startup Cost": 0.0, "Total Cost": 0.96, "Plan Rows": 1, "Plan Width": 13, "Index Cond": "(movie_id = mi.movie_id)", "Filter": "((info)::text > '8.0'::text)"}]}]}]}, {"Node Type": "Index Scan", "Parent Relationship": "Inner", "Scan Direction": "Forward", "Index Name": "title_pkey", "Relation Name": "title", "Alias": "t", "Startup Cost": 0.0, "Total Cost": 2.84, "Plan Rows": 1, "Plan Width": 21, "Index Cond": "(id = mi.movie_id)", "Filter": "((production_year >= 2008) AND (production_year <= 2014))"}]}, {"Node Type": "Index Scan", "Parent Relationship": "Inner", "Scan Direction": "Forward", "Index Name": "movie_id_cast_info", "Relation Name": "cast_info", "Alias": "ci", "Startup Cost": 0.0, "Total Cost": 2.34, "Plan Rows": 1, "Plan Width": 8, "Index Cond": "(movie_id = t.id)", "Filter": "((note)::text = ANY ('{(writer),\"(head writer)\",\"(written by)\",(story),\"(story editor)\"}'::text[]))"}]}, {"Node Type": "Index Scan", "Parent Relationship": "Inner", "Scan Direction": "Forward", "Index Name": "name_pkey", "Relation Name": "name", "Alias": "n", "Startup Cost": 0.0, "Total Cost": 0.49, "Plan Rows": 1, "Plan Width": 4, "Index Cond": "(id = ci.person_id)", "Filter": "((gender IS NOT NULL) AND ((gender)::text = 'f'::text))"}]}]}, "Unique SQL Id": 661781350, "Planner Runtime": 57}, "explain_analyze_plan": {"Plan": {"Node Type": "Aggregate", "Strategy": "Plain", "Startup Cost": 40136.75, "Total Cost": 40136.76, "Plan Rows": 1, "Plan Width": 160, "Actual Min Startup Time": 745.831, "Actual Max Startup Time": 745.831, "Actual Min Total Time": 745.832, "Actual Max Total Time": 745.832, "Plans": [{"Node Type": "Nested Loop", "Parent Relationship": "Outer", "Join Type": "Inner", "Startup Cost": 2.41, "Total Cost": 40135.1, "Plan Rows": 219, "Plan Width": 64, "Actual Min Startup Time": 715.131, "Actual Max Startup Time": 715.131, "Actual Min Total Time": 745.777, "Actual Max Total Time": 745.777, "Inner Unique": true, "Plans": [{"Node Type": "Nested Loop", "Parent Relationship": "Outer", "Join Type": "Inner", "Startup Cost": 2.41, "Total Cost": 39974.11, "Plan Rows": 321, "Plan Width": 68, "Actual Min Startup Time": 714.667, "Actual Max Startup Time": 714.667, "Actual Min Total Time": 743.955, "Actual Max Total Time": 743.955, "Inner Unique": false, "Plans": [{"Node Type": "Nested Loop", "Parent Relationship": "Outer", "Join Type": "Inner", "Startup Cost": 2.41, "Total Cost": 39289.09, "Plan Rows": 291, "Plan Width": 76, "Actual Min Startup Time": 714.49, "Actual Max Startup Time": 714.49, "Actual Min Total Time": 720.514, "Actual Max Total Time": 720.514, "Inner Unique": true, "Plans": [{"Node Type": "Nested Loop", "Parent Relationship": "Outer", "Join Type": "Inner", "Startup Cost": 2.41, "Total Cost": 38575.87, "Plan Rows": 250, "Plan Width": 55, "Actual Min Startup Time": 714.464, "Actual Max Startup Time": 714.464, "Actual Min Total Time": 716.205, "Actual Max Total Time": 716.205, "Inner Unique": false, "Join Filter": "(mi_idx.info_type_id = it2.id)", "Rows Removed by Join Filter": 3403, "Plans": [{"Node Type": "Seq Scan", "Parent Relationship": "Outer", "Relation Name": "info_type", "Alias": "it2", "Startup Cost": 0.0, "Total Cost": 2.4, "Plan Rows": 1, "Plan Width": 4, "Actual Min Startup Time": 0.065, "Actual Max Startup Time": 0.065, "Actual Min Total Time": 0.077, "Actual Max Total Time": 0.077, "Filter": "((info)::text = 'rating'::text)", "Rows Removed by Filter": 111, "Actual Rows": 1}, {"Node Type": "Materialize", "Parent Relationship": "Inner", "Startup Cost": 2.41, "Total Cost": 38563.48, "Plan Rows": 999, "Plan Width": 59, "Actual Min Startup Time": 714.377, "Actual Max Startup Time": 714.377, "Actual Min Total Time": 714.876, "Actual Max Total Time": 714.876, "Plans": [{"Node Type": "Nested Loop", "Parent Relationship": "Outer", "Join Type": "Inner", "Startup Cost": 2.41, "Total Cost": 38560.99, "Plan Rows": 999, "Plan Width": 59, "Actual Min Startup Time": 354.887, "Actual Max Startup Time": 354.887, "Actual Min Total Time": 712.602, "Actual Max Total Time": 712.602, "Inner Unique": false, "Plans": [{"Node Type": "Hash Join", "Parent Relationship": "Outer", "Join Type": "Inner", "Startup Cost": 2.41, "Total Cost": 37619.13, "Plan Rows": 971, "Plan Width": 46, "Actual Min Startup Time": 354.787, "Actual Max Startup Time": 354.787, "Actual Min Total Time": 419.6, "Actual Max Total Time": 419.6, "Inner Unique": true, "Hash Cond": "(mi.info_type_id = it1.id)", "Plans": [{"Node Type": "Streaming(type: LOCAL GATHER dop: 1/16)", "Parent Relationship": "Outer", "Startup Cost": 0.0, "Total Cost": 37352.11, "Plan Rows": 67971, "Plan Width": 50, "Actual Min Startup Time": 266.275, "Actual Max Startup Time": 266.275, "Actual Min Total Time": 383.347, "Actual Max Total Time": 383.347, "Plans": [{"Node Type": "Seq Scan", "Parent Relationship": "Outer", "Relation Name": "movie_info", "Alias": "mi", "Startup Cost": 0.0, "Total Cost": 35885.16, "Plan Rows": 67971, "Plan Width": 50, "Actual Min Startup Time": 236.217, "Actual Max Startup Time": 341.573, "Actual Min Total Time": 384.125, "Actual Max Total Time": 397.048, "Filter": "((note IS NULL) AND ((info)::text = ANY ('{Horror,Thriller}'::text[])))", "Rows Removed by Filter": 14762672, "Actual Rows": 73047}], "Actual Rows": 73047}, {"Node Type": "Hash", "Parent Relationship": "Inner", "Startup Cost": 2.4, "Total Cost": 2.4, "Plan Rows": 1, "Plan Width": 4, "Actual Min Startup Time": 0.089, "Actual Max Startup Time": 0.089, "Actual Min Total Time": 0.089, "Actual Max Total Time": 0.089, "Max Hash Buckets": 32768, "Min Hash Buckets": 32768, "Max Hash Batches": 1, "Min Hash Batches": 1, "Max Original Hash Batches": 1, "Min Original Hash Batches": 1, "Max Peak Memory Usage": 1, "min Peak Memory Usage": 1, "Plans": [{"Node Type": "Seq Scan", "Parent Relationship": "Outer", "Relation Name": "info_type", "Alias": "it1", "Startup Cost": 0.0, "Total Cost": 2.4, "Plan Rows": 1, "Plan Width": 4, "Actual Min Startup Time": 0.054, "Actual Max Startup Time": 0.054, "Actual Min Total Time": 0.078, "Actual Max Total Time": 0.078, "Filter": "((info)::text = 'genres'::text)", "Rows Removed by Filter": 111, "Actual Rows": 1}], "Actual Rows": 1}], "Actual Rows": 72258}, {"Node Type": "Index Scan", "Parent Relationship": "Inner", "Scan Direction": "Forward", "Index Name": "movie_id_movie_info_idx", "Relation Name": "movie_info_idx", "Alias": "mi_idx", "Startup Cost": 0.0, "Total Cost": 0.96, "Plan Rows": 1, "Plan Width": 13, "Actual Min Startup Time": 255.106, "Actual Max Startup Time": 255.106, "Actual Min Total Time": 258.664, "Actual Max Total Time": 258.664, "Index Cond": "(movie_id = mi.movie_id)", "Rows Removed by Index Recheck": 0, "Filter": "((info)::text > '8.0'::text)", "Rows Removed by Filter": 113143, "Actual Rows": 4135}], "Actual Rows": 4135}], "Actual Rows": 4136}], "Actual Rows": 732}, {"Node Type": "Index Scan", "Parent Relationship": "Inner", "Scan Direction": "Forward", "Index Name": "title_pkey", "Relation Name": "title", "Alias": "t", "Startup Cost": 0.0, "Total Cost": 2.84, "Plan Rows": 1, "Plan Width": 21, "Actual Min Startup Time": 3.859, "Actual Max Startup Time": 3.859, "Actual Min Total Time": 3.859, "Actual Max Total Time": 3.859, "Index Cond": "(id = mi.movie_id)", "Rows Removed by Index Recheck": 0, "Filter": "((production_year >= 2008) AND (production_year <= 2014))", "Rows Removed by Filter": 374, "Actual Rows": 358}], "Actual Rows": 358}, {"Node Type": "Index Scan", "Parent Relationship": "Inner", "Scan Direction": "Forward", "Index Name": "movie_id_cast_info", "Relation Name": "cast_info", "Alias": "ci", "Startup Cost": 0.0, "Total Cost": 2.34, "Plan Rows": 1, "Plan Width": 8, "Actual Min Startup Time": 18.251, "Actual Max Startup Time": 18.251, "Actual Min Total Time": 23.155, "Actual Max Total Time": 23.155, "Index Cond": "(movie_id = t.id)", "Rows Removed by Index Recheck": 0, "Filter": "((note)::text = ANY ('{(writer),\"(head writer)\",\"(written by)\",(story),\"(story editor)\"}'::text[]))", "Rows Removed by Filter": 12296, "Actual Rows": 268}], "Actual Rows": 268}, {"Node Type": "Index Scan", "Parent Relationship": "Inner", "Scan Direction": "Forward", "Index Name": "name_pkey", "Relation Name": "name", "Alias": "n", "Startup Cost": 0.0, "Total Cost": 0.49, "Plan Rows": 1, "Plan Width": 4, "Actual Min Startup Time": 1.645, "Actual Max Startup Time": 1.645, "Actual Min Total Time": 1.645, "Actual Max Total Time": 1.645, "Index Cond": "(id = ci.person_id)", "Rows Removed by Index Recheck": 0, "Filter": "((gender IS NOT NULL) AND ((gender)::text = 'f'::text))", "Rows Removed by Filter": 257, "Actual Rows": 11}], "Actual Rows": 11}], "Actual Rows": 1}, "Triggers": [], "Planner Runtime": 56.857, "Total Runtime": 748.558, "Unique SQL Id": 661781350}}, "(16, '9')": {"explain_plan": {"Plan": {"Node Type": "Aggregate", "Strategy": "Plain", "Startup Cost": 100899.17, "Total Cost": 100899.18, "Plan Rows": 1, "Plan Width": 160, "Plans": [{"Node Type": "Nested Loop", "Parent Relationship": "Outer", "Join Type": "Inner", "Startup Cost": 0.0, "Total Cost": 100897.52, "Plan Rows": 219, "Plan Width": 64, "Inner Unique": true, "Plans": [{"Node Type": "Nested Loop", "Parent Relationship": "Outer", "Join Type": "Inner", "Startup Cost": 0.0, "Total Cost": 100736.53, "Plan Rows": 321, "Plan Width": 68, "Inner Unique": false, "Plans": [{"Node Type": "Nested Loop", "Parent Relationship": "Outer", "Join Type": "Inner", "Startup Cost": 0.0, "Total Cost": 100051.51, "Plan Rows": 291, "Plan Width": 76, "Inner Unique": false, "Join Filter": "(mi.info_type_id = it1.id)", "Plans": [{"Node Type": "Index Scan", "Parent Relationship": "Outer", "Scan Direction": "Forward", "Index Name": "info_type_pkey", "Relation Name": "info_type", "Alias": "it1", "Startup Cost": 0.0, "Total Cost": 14.21, "Plan Rows": 1, "Plan Width": 4, "Filter": "((info)::text = 'genres'::text)"}, {"Node Type": "Nested Loop", "Parent Relationship": "Inner", "Join Type": "Inner", "Startup Cost": 0.0, "Total Cost": 99865.39, "Plan Rows": 13753, "Plan Width": 80, "Inner Unique": false, "Plans": [{"Node Type": "Nested Loop", "Parent Relationship": "Outer", "Join Type": "Inner", "Startup Cost": 0.0, "Total Cost": 78493.26, "Plan Rows": 15041, "Plan Width": 30, "Inner Unique": true, "Plans": [{"Node Type": "Nested Loop", "Parent Relationship": "Outer", "Join Type": "Inner", "Startup Cost": 0.0, "Total Cost": 35880.0, "Plan Rows": 12936, "Plan Width": 9, "Inner Unique": false, "Plans": [{"Node Type": "Index Scan", "Parent Relationship": "Outer", "Scan Direction": "Forward", "Index Name": "info_type_pkey", "Relation Name": "info_type", "Alias": "it2", "Startup Cost": 0.0, "Total Cost": 14.21, "Plan Rows": 1, "Plan Width": 4, "Filter": "((info)::text = 'rating'::text)"}, {"Node Type": "Index Scan", "Parent Relationship": "Inner", "Scan Direction": "Forward", "Index Name": "info_type_id_movie_info_idx", "Relation Name": "movie_info_idx", "Alias": "mi_idx", "Startup Cost": 0.0, "Total Cost": 35736.43, "Plan Rows": 12936, "Plan Width": 13, "Index Cond": "(info_type_id = it2.id)", "Filter": "((info)::text > '8.0'::text)"}]}, {"Node Type": "Index Scan", "Parent Relationship": "Inner", "Scan Direction": "Forward", "Index Name": "title_pkey", "Relation Name": "title", "Alias": "t", "Startup Cost": 0.0, "Total Cost": 3.28, "Plan Rows": 1, "Plan Width": 21, "Index Cond": "(id = mi_idx.movie_id)", "Filter": "((production_year >= 2008) AND (production_year <= 2014))"}]}, {"Node Type": "Index Scan", "Parent Relationship": "Inner", "Scan Direction": "Forward", "Index Name": "movie_id_movie_info", "Relation Name": "movie_info", "Alias": "mi", "Startup Cost": 0.0, "Total Cost": 1.41, "Plan Rows": 1, "Plan Width": 50, "Index Cond": "(movie_id = t.id)", "Filter": "((note IS NULL) AND ((info)::text = ANY ('{Horror,Thriller}'::text[])))"}]}]}, {"Node Type": "Index Scan", "Parent Relationship": "Inner", "Scan Direction": "Forward", "Index Name": "movie_id_cast_info", "Relation Name": "cast_info", "Alias": "ci", "Startup Cost": 0.0, "Total Cost": 2.34, "Plan Rows": 1, "Plan Width": 8, "Index Cond": "(movie_id = t.id)", "Filter": "((note)::text = ANY ('{(writer),\"(head writer)\",\"(written by)\",(story),\"(story editor)\"}'::text[]))"}]}, {"Node Type": "Index Scan", "Parent Relationship": "Inner", "Scan Direction": "Forward", "Index Name": "name_pkey", "Relation Name": "name", "Alias": "n", "Startup Cost": 0.0, "Total Cost": 0.49, "Plan Rows": 1, "Plan Width": 4, "Index Cond": "(id = ci.person_id)", "Filter": "((gender IS NOT NULL) AND ((gender)::text = 'f'::text))"}]}]}, "Unique SQL Id": 661781350, "Planner Runtime": 18}, "explain_analyze_plan": {"Plan": {"Node Type": "Aggregate", "Strategy": "Plain", "Startup Cost": 100899.17, "Total Cost": 100899.18, "Plan Rows": 1, "Plan Width": 160, "Actual Startup Time": 569.524, "Actual Total Time": 569.525, "Actual Rows": 1, "Actual Loops": 1, "Plans": [{"Node Type": "Nested Loop", "Parent Relationship": "Outer", "Join Type": "Inner", "Startup Cost": 0.0, "Total Cost": 100897.52, "Plan Rows": 219, "Plan Width": 64, "Actual Startup Time": 291.946, "Actual Total Time": 569.461, "Actual Rows": 11, "Actual Loops": 1, "Inner Unique": true, "Plans": [{"Node Type": "Nested Loop", "Parent Relationship": "Outer", "Join Type": "Inner", "Startup Cost": 0.0, "Total Cost": 100736.53, "Plan Rows": 321, "Plan Width": 68, "Actual Startup Time": 77.048, "Actual Total Time": 567.305, "Actual Rows": 268, "Actual Loops": 1, "Inner Unique": false, "Plans": [{"Node Type": "Nested Loop", "Parent Relationship": "Outer", "Join Type": "Inner", "Startup Cost": 0.0, "Total Cost": 100051.51, "Plan Rows": 291, "Plan Width": 76, "Actual Startup Time": 9.457, "Actual Total Time": 542.484, "Actual Rows": 358, "Actual Loops": 1, "Inner Unique": false, "Join Filter": "(mi.info_type_id = it1.id)", "Rows Removed by Join Filter": 0, "Plans": [{"Node Type": "Index Scan", "Parent Relationship": "Outer", "Scan Direction": "Forward", "Index Name": "info_type_pkey", "Relation Name": "info_type", "Alias": "it1", "Startup Cost": 0.0, "Total Cost": 14.21, "Plan Rows": 1, "Plan Width": 4, "Actual Startup Time": 0.029, "Actual Total Time": 0.075, "Actual Rows": 1, "Actual Loops": 1, "Filter": "((info)::text = 'genres'::text)", "Rows Removed by Filter": 111}, {"Node Type": "Nested Loop", "Parent Relationship": "Inner", "Join Type": "Inner", "Startup Cost": 0.0, "Total Cost": 99865.39, "Plan Rows": 13753, "Plan Width": 80, "Actual Startup Time": 9.417, "Actual Total Time": 542.155, "Actual Rows": 358, "Actual Loops": 1, "Inner Unique": false, "Plans": [{"Node Type": "Nested Loop", "Parent Relationship": "Outer", "Join Type": "Inner", "Startup Cost": 0.0, "Total Cost": 78493.26, "Plan Rows": 15041, "Plan Width": 30, "Actual Startup Time": 1.744, "Actual Total Time": 403.01, "Actual Rows": 6152, "Actual Loops": 1, "Inner Unique": true, "Plans": [{"Node Type": "Nested Loop", "Parent Relationship": "Outer", "Join Type": "Inner", "Startup Cost": 0.0, "Total Cost": 35880.0, "Plan Rows": 12936, "Plan Width": 9, "Actual Startup Time": 0.089, "Actual Total Time": 324.044, "Actual Rows": 15849, "Actual Loops": 1, "Inner Unique": false, "Plans": [{"Node Type": "Index Scan", "Parent Relationship": "Outer", "Scan Direction": "Forward", "Index Name": "info_type_pkey", "Relation Name": "info_type", "Alias": "it2", "Startup Cost": 0.0, "Total Cost": 14.21, "Plan Rows": 1, "Plan Width": 4, "Actual Startup Time": 0.051, "Actual Total Time": 0.059, "Actual Rows": 1, "Actual Loops": 1, "Filter": "((info)::text = 'rating'::text)", "Rows Removed by Filter": 111}, {"Node Type": "Index Scan", "Parent Relationship": "Inner", "Scan Direction": "Forward", "Index Name": "info_type_id_movie_info_idx", "Relation Name": "movie_info_idx", "Alias": "mi_idx", "Startup Cost": 0.0, "Total Cost": 35736.43, "Plan Rows": 12936, "Plan Width": 13, "Actual Startup Time": 0.036, "Actual Total Time": 320.329, "Actual Rows": 15849, "Actual Loops": 1, "Index Cond": "(info_type_id = it2.id)", "Rows Removed by Index Recheck": 0, "Filter": "((info)::text > '8.0'::text)", "Rows Removed by Filter": 444076}]}, {"Node Type": "Index Scan", "Parent Relationship": "Inner", "Scan Direction": "Forward", "Index Name": "title_pkey", "Relation Name": "title", "Alias": "t", "Startup Cost": 0.0, "Total Cost": 3.28, "Plan Rows": 1, "Plan Width": 21, "Actual Startup Time": 68.799, "Actual Total Time": 68.799, "Actual Rows": 6152, "Actual Loops": 15849, "Index Cond": "(id = mi_idx.movie_id)", "Rows Removed by Index Recheck": 0, "Filter": "((production_year >= 2008) AND (production_year <= 2014))", "Rows Removed by Filter": 9697}]}, {"Node Type": "Index Scan", "Parent Relationship": "Inner", "Scan Direction": "Forward", "Index Name": "movie_id_movie_info", "Relation Name": "movie_info", "Alias": "mi", "Startup Cost": 0.0, "Total Cost": 1.41, "Plan Rows": 1, "Plan Width": 50, "Actual Startup Time": 135.391, "Actual Total Time": 135.689, "Actual Rows": 358, "Actual Loops": 6152, "Index Cond": "(movie_id = t.id)", "Rows Removed by Index Recheck": 0, "Filter": "((note IS NULL) AND ((info)::text = ANY ('{Horror,Thriller}'::text[])))", "Rows Removed by Filter": 109599}]}]}, {"Node Type": "Index Scan", "Parent Relationship": "Inner", "Scan Direction": "Forward", "Index Name": "movie_id_cast_info", "Relation Name": "cast_info", "Alias": "ci", "Startup Cost": 0.0, "Total Cost": 2.34, "Plan Rows": 1, "Plan Width": 8, "Actual Startup Time": 19.212, "Actual Total Time": 24.39, "Actual Rows": 268, "Actual Loops": 358, "Index Cond": "(movie_id = t.id)", "Rows Removed by Index Recheck": 0, "Filter": "((note)::text = ANY ('{(writer),\"(head writer)\",\"(written by)\",(story),\"(story editor)\"}'::text[]))", "Rows Removed by Filter": 12296}]}, {"Node Type": "Index Scan", "Parent Relationship": "Inner", "Scan Direction": "Forward", "Index Name": "name_pkey", "Relation Name": "name", "Alias": "n", "Startup Cost": 0.0, "Total Cost": 0.49, "Plan Rows": 1, "Plan Width": 4, "Actual Startup Time": 1.905, "Actual Total Time": 1.905, "Actual Rows": 11, "Actual Loops": 268, "Index Cond": "(id = ci.person_id)", "Rows Removed by Index Recheck": 0, "Filter": "((gender IS NOT NULL) AND ((gender)::text = 'f'::text))", "Rows Removed by Filter": 257}]}]}, "Triggers": [], "Planner Runtime": 18.121, "Total Runtime": 569.824, "Unique SQL Id": 661781350}}, "(16, '10')": {"explain_plan": {"Plan": {"Node Type": "Aggregate", "Strategy": "Plain", "Startup Cost": 191058.48, "Total Cost": 191058.49, "Plan Rows": 1, "Plan Width": 160, "Plans": [{"Node Type": "Nested Loop", "Parent Relationship": "Outer", "Join Type": "Inner", "Startup Cost": 122681.05, "Total Cost": 191056.73, "Plan Rows": 233, "Plan Width": 64, "Inner Unique": false, "Join Filter": "(mi_idx.info_type_id = it2.id)", "Plans": [{"Node Type": "Seq Scan", "Parent Relationship": "Outer", "Relation Name": "info_type", "Alias": "it2", "Startup Cost": 0.0, "Total Cost": 2.4, "Plan Rows": 1, "Plan Width": 4, "Filter": "((info)::text = 'rating'::text)"}, {"Node Type": "Materialize", "Parent Relationship": "Inner", "Startup Cost": 122681.05, "Total Cost": 191044.99, "Plan Rows": 934, "Plan Width": 68, "Plans": [{"Node Type": "Hash Join", "Parent Relationship": "Outer", "Join Type": "Inner", "Startup Cost": 122681.05, "Total Cost": 191042.65, "Plan Rows": 934, "Plan Width": 68, "Inner Unique": true, "Hash Cond": "(ci.person_id = n.id)", "Plans": [{"Node Type": "Streaming(type: LOCAL GATHER dop: 1/16)", "Parent Relationship": "Outer", "Startup Cost": 106141.41, "Total Cost": 174488.87, "Plan Rows": 1285, "Plan Width": 72, "Plans": [{"Node Type": "Hash Join", "Parent Relationship": "Outer", "Join Type": "Inner", "Startup Cost": 106141.41, "Total Cost": 174461.14, "Plan Rows": 1285, "Plan Width": 72, "Inner Unique": true, "Hash Cond": "(mi.movie_id = t.id)", "Plans": [{"Node Type": "Streaming(type: BROADCAST dop: 16/16)", "Parent Relationship": "Outer", "Startup Cost": 85985.62, "Total Cost": 154300.41, "Plan Rows": 17680, "Plan Width": 67, "Plans": [{"Node Type": "Hash Join", "Parent Relationship": "Outer", "Join Type": "Inner", "Startup Cost": 85985.62, "Total Cost": 139255.51, "Plan Rows": 1105, "Plan Width": 67, "Inner Unique": false, "Hash Cond": "(mi.movie_id = ci.movie_id)", "Plans": [{"Node Type": "Streaming(type: BROADCAST dop: 16/1)", "Parent Relationship": "Outer", "Startup Cost": 18248.8, "Total Cost": 71295.72, "Plan Rows": 15984, "Plan Width": 59, "Plans": [{"Node Type": "Hash Join", "Parent Relationship": "Outer", "Join Type": "Inner", "Startup Cost": 18248.8, "Total Cost": 55950.75, "Plan Rows": 999, "Plan Width": 59, "Inner Unique": false, "Hash Cond": "(mi.movie_id = mi_idx.movie_id)", "Plans": [{"Node Type": "Hash Join", "Parent Relationship": "Outer", "Join Type": "Inner", "Startup Cost": 2.41, "Total Cost": 37619.13, "Plan Rows": 971, "Plan Width": 46, "Inner Unique": true, "Hash Cond": "(mi.info_type_id = it1.id)", "Plans": [{"Node Type": "Streaming(type: LOCAL GATHER dop: 1/16)", "Parent Relationship": "Outer", "Startup Cost": 0.0, "Total Cost": 37352.11, "Plan Rows": 67971, "Plan Width": 50, "Plans": [{"Node Type": "Seq Scan", "Parent Relationship": "Outer", "Relation Name": "movie_info", "Alias": "mi", "Startup Cost": 0.0, "Total Cost": 35885.16, "Plan Rows": 67971, "Plan Width": 50, "Filter": "((note IS NULL) AND ((info)::text = ANY ('{Horror,Thriller}'::text[])))"}]}, {"Node Type": "Hash", "Parent Relationship": "Inner", "Startup Cost": 2.4, "Total Cost": 2.4, "Plan Rows": 1, "Plan Width": 4, "Plans": [{"Node Type": "Seq Scan", "Parent Relationship": "Outer", "Relation Name": "info_type", "Alias": "it1", "Startup Cost": 0.0, "Total Cost": 2.4, "Plan Rows": 1, "Plan Width": 4, "Filter": "((info)::text = 'genres'::text)"}]}]}, {"Node Type": "Hash", "Parent Relationship": "Inner", "Startup Cost": 17599.56, "Total Cost": 17599.56, "Plan Rows": 51746, "Plan Width": 13, "Plans": [{"Node Type": "Streaming(type: LOCAL GATHER dop: 1/16)", "Parent Relationship": "Outer", "Startup Cost": 0.0, "Total Cost": 17599.56, "Plan Rows": 51746, "Plan Width": 13, "Plans": [{"Node Type": "Seq Scan", "Parent Relationship": "Outer", "Relation Name": "movie_info_idx", "Alias": "mi_idx", "Startup Cost": 0.0, "Total Cost": 16482.78, "Plan Rows": 51746, "Plan Width": 13, "Filter": "((info)::text > '8.0'::text)"}]}]}]}]}, {"Node Type": "Hash", "Parent Relationship": "Inner", "Startup Cost": 66781.24, "Total Cost": 66781.24, "Plan Rows": 1223154, "Plan Width": 8, "Plans": [{"Node Type": "Seq Scan", "Parent Relationship": "Outer", "Relation Name": "cast_info", "Alias": "ci", "Startup Cost": 0.0, "Total Cost": 66781.24, "Plan Rows": 1223154, "Plan Width": 8, "Filter": "((note)::text = ANY ('{(writer),\"(head writer)\",\"(written by)\",(story),\"(story editor)\"}'::text[]))"}]}]}]}, {"Node Type": "Hash", "Parent Relationship": "Inner", "Startup Cost": 19544.42, "Total Cost": 19544.42, "Plan Rows": 782553, "Plan Width": 21, "Plans": [{"Node Type": "Seq Scan", "Parent Relationship": "Outer", "Relation Name": "title", "Alias": "t", "Startup Cost": 88.19, "Total Cost": 19544.42, "Plan Rows": 782553, "Plan Width": 21, "Filter": "((production_year >= 2008) AND (production_year <= 2014)), (LLVM Optimized)"}]}]}]}, {"Node Type": "Hash", "Parent Relationship": "Inner", "Startup Cost": 34942.34, "Total Cost": 34942.34, "Plan Rows": 624324, "Plan Width": 4, "Plans": [{"Node Type": "Streaming(type: LOCAL GATHER dop: 1/16)", "Parent Relationship": "Outer", "Startup Cost": 0.0, "Total Cost": 34942.34, "Plan Rows": 624324, "Plan Width": 4, "Plans": [{"Node Type": "Seq Scan", "Parent Relationship": "Outer", "Relation Name": "name", "Alias": "n", "Startup Cost": 0.0, "Total Cost": 21468.16, "Plan Rows": 624324, "Plan Width": 4, "Filter": "((gender IS NOT NULL) AND ((gender)::text = 'f'::text)), (LLVM Optimized)"}]}]}]}]}]}]}, "Unique SQL Id": 661781350, "Planner Runtime": 136}, "explain_analyze_plan": {"Plan": {"Node Type": "Aggregate", "Strategy": "Plain", "Startup Cost": 191058.48, "Total Cost": 191058.49, "Plan Rows": 1, "Plan Width": 160, "Actual Min Startup Time": 1194.432, "Actual Max Startup Time": 1194.432, "Actual Min Total Time": 1194.433, "Actual Max Total Time": 1194.433, "Plans": [{"Node Type": "Nested Loop", "Parent Relationship": "Outer", "Join Type": "Inner", "Startup Cost": 122681.05, "Total Cost": 191056.73, "Plan Rows": 233, "Plan Width": 64, "Actual Min Startup Time": 1194.379, "Actual Max Startup Time": 1194.379, "Actual Min Total Time": 1194.399, "Actual Max Total Time": 1194.399, "Inner Unique": false, "Join Filter": "(mi_idx.info_type_id = it2.id)", "Rows Removed by Join Filter": 29, "Plans": [{"Node Type": "Seq Scan", "Parent Relationship": "Outer", "Relation Name": "info_type", "Alias": "it2", "Startup Cost": 0.0, "Total Cost": 2.4, "Plan Rows": 1, "Plan Width": 4, "Actual Min Startup Time": 0.067, "Actual Max Startup Time": 0.067, "Actual Min Total Time": 0.073, "Actual Max Total Time": 0.073, "Filter": "((info)::text = 'rating'::text)", "Rows Removed by Filter": 111, "Actual Rows": 1}, {"Node Type": "Materialize", "Parent Relationship": "Inner", "Startup Cost": 122681.05, "Total Cost": 191044.99, "Plan Rows": 934, "Plan Width": 68, "Actual Min Startup Time": 1193.24, "Actual Max Startup Time": 1193.24, "Actual Min Total Time": 1193.244, "Actual Max Total Time": 1193.244, "Plans": [{"Node Type": "Hash Join", "Parent Relationship": "Outer", "Join Type": "Inner", "Startup Cost": 122681.05, "Total Cost": 191042.65, "Plan Rows": 934, "Plan Width": 68, "Actual Min Startup Time": 1191.54, "Actual Max Startup Time": 1191.54, "Actual Min Total Time": 1193.207, "Actual Max Total Time": 1193.207, "Inner Unique": true, "Hash Cond": "(ci.person_id = n.id)", "Plans": [{"Node Type": "Streaming(type: LOCAL GATHER dop: 1/16)", "Parent Relationship": "Outer", "Startup Cost": 106141.41, "Total Cost": 174488.87, "Plan Rows": 1285, "Plan Width": 72, "Actual Min Startup Time": 474.697, "Actual Max Startup Time": 474.697, "Actual Min Total Time": 476.057, "Actual Max Total Time": 476.057, "Plans": [{"Node Type": "Hash Join", "Parent Relationship": "Outer", "Join Type": "Inner", "Startup Cost": 106141.41, "Total Cost": 174461.14, "Plan Rows": 1285, "Plan Width": 72, "Actual Min Startup Time": 917.099, "Actual Max Startup Time": 990.625, "Actual Min Total Time": 985.533, "Actual Max Total Time": 1059.205, "Inner Unique": true, "Hash Cond": "(mi.movie_id = t.id)", "Plans": [{"Node Type": "Streaming(type: BROADCAST dop: 16/16)", "Parent Relationship": "Outer", "Startup Cost": 85985.62, "Total Cost": 154300.41, "Plan Rows": 17680, "Plan Width": 67, "Actual Min Startup Time": 831.067, "Actual Max Startup Time": 880.685, "Actual Min Total Time": 898.637, "Actual Max Total Time": 948.319, "Plans": [{"Node Type": "Hash Join", "Parent Relationship": "Outer", "Join Type": "Inner", "Startup Cost": 85985.62, "Total Cost": 139255.51, "Plan Rows": 1105, "Plan Width": 67, "Actual Min Startup Time": 875.789, "Actual Max Startup Time": 944.135, "Actual Min Total Time": 1026.666, "Actual Max Total Time": 1070.091, "Inner Unique": false, "Hash Cond": "(mi.movie_id = ci.movie_id)", "Plans": [{"Node Type": "Streaming(type: BROADCAST dop: 16/1)", "Parent Relationship": "Outer", "Startup Cost": 18248.8, "Total Cost": 71295.72, "Plan Rows": 15984, "Plan Width": 59, "Actual Min Startup Time": 0.042, "Actual Max Startup Time": 0.104, "Actual Min Total Time": 119.563, "Actual Max Total Time": 178.257, "Plans": [{"Node Type": "Hash Join", "Parent Relationship": "Outer", "Join Type": "Inner", "Startup Cost": 18248.8, "Total Cost": 55950.75, "Plan Rows": 999, "Plan Width": 59, "Actual Min Startup Time": 333.57, "Actual Max Startup Time": 333.57, "Actual Min Total Time": 428.026, "Actual Max Total Time": 428.026, "Inner Unique": false, "Hash Cond": "(mi.movie_id = mi_idx.movie_id)", "Plans": [{"Node Type": "Hash Join", "Parent Relationship": "Outer", "Join Type": "Inner", "Startup Cost": 2.41, "Total Cost": 37619.13, "Plan Rows": 971, "Plan Width": 46, "Actual Min Startup Time": 259.235, "Actual Max Startup Time": 259.235, "Actual Min Total Time": 335.596, "Actual Max Total Time": 335.596, "Inner Unique": true, "Hash Cond": "(mi.info_type_id = it1.id)", "Plans": [{"Node Type": "Streaming(type: LOCAL GATHER dop: 1/16)", "Parent Relationship": "Outer", "Startup Cost": 0.0, "Total Cost": 37352.11, "Plan Rows": 67971, "Plan Width": 50, "Actual Min Startup Time": 202.279, "Actual Max Startup Time": 202.279, "Actual Min Total Time": 307.911, "Actual Max Total Time": 307.911, "Plans": [{"Node Type": "Seq Scan", "Parent Relationship": "Outer", "Relation Name": "movie_info", "Alias": "mi", "Startup Cost": 0.0, "Total Cost": 35885.16, "Plan Rows": 67971, "Plan Width": 50, "Actual Min Startup Time": 244.582, "Actual Max Startup Time": 373.008, "Actual Min Total Time": 391.953, "Actual Max Total Time": 423.414, "Filter": "((note IS NULL) AND ((info)::text = ANY ('{Horror,Thriller}'::text[])))", "Rows Removed by Filter": 14762672, "Actual Rows": 73047}], "Actual Rows": 73047}, {"Node Type": "Hash", "Parent Relationship": "Inner", "Startup Cost": 2.4, "Total Cost": 2.4, "Plan Rows": 1, "Plan Width": 4, "Actual Min Startup Time": 0.089, "Actual Max Startup Time": 0.089, "Actual Min Total Time": 0.089, "Actual Max Total Time": 0.089, "Max Hash Buckets": 32768, "Min Hash Buckets": 32768, "Max Hash Batches": 1, "Min Hash Batches": 1, "Max Original Hash Batches": 1, "Min Original Hash Batches": 1, "Max Peak Memory Usage": 1, "min Peak Memory Usage": 1, "Plans": [{"Node Type": "Seq Scan", "Parent Relationship": "Outer", "Relation Name": "info_type", "Alias": "it1", "Startup Cost": 0.0, "Total Cost": 2.4, "Plan Rows": 1, "Plan Width": 4, "Actual Min Startup Time": 0.056, "Actual Max Startup Time": 0.056, "Actual Min Total Time": 0.08, "Actual Max Total Time": 0.08, "Filter": "((info)::text = 'genres'::text)", "Rows Removed by Filter": 111, "Actual Rows": 1}], "Actual Rows": 1}], "Actual Rows": 72258}, {"Node Type": "Hash", "Parent Relationship": "Inner", "Startup Cost": 17599.56, "Total Cost": 17599.56, "Plan Rows": 51746, "Plan Width": 13, "Actual Min Startup Time": 74.235, "Actual Max Startup Time": 74.235, "Actual Min Total Time": 74.235, "Actual Max Total Time": 74.235, "Max Hash Buckets": 65536, "Min Hash Buckets": 65536, "Max Hash Batches": 1, "Min Hash Batches": 1, "Max Original Hash Batches": 1, "Min Original Hash Batches": 1, "Max Peak Memory Usage": 2322, "min Peak Memory Usage": 2322, "Plans": [{"Node Type": "Streaming(type: LOCAL GATHER dop: 1/16)", "Parent Relationship": "Outer", "Startup Cost": 0.0, "Total Cost": 17599.56, "Plan Rows": 51746, "Plan Width": 13, "Actual Min Startup Time": 0.119, "Actual Max Startup Time": 0.119, "Actual Min Total Time": 38.846, "Actual Max Total Time": 38.846, "Plans": [{"Node Type": "Seq Scan", "Parent Relationship": "Outer", "Relation Name": "movie_info_idx", "Alias": "mi_idx", "Startup Cost": 0.0, "Total Cost": 16482.78, "Plan Rows": 51746, "Plan Width": 13, "Actual Min Startup Time": 0.053, "Actual Max Startup Time": 0.108, "Actual Min Total Time": 34.71, "Actual Max Total Time": 42.831, "Filter": "((info)::text > '8.0'::text)", "Rows Removed by Filter": 1326385, "Actual Rows": 53649}], "Actual Rows": 53649}], "Actual Rows": 53649}], "Actual Rows": 4135}], "Actual Rows": 66160}, {"Node Type": "Hash", "Parent Relationship": "Inner", "Startup Cost": 66781.24, "Total Cost": 66781.24, "Plan Rows": 1223154, "Plan Width": 8, "Actual Min Startup Time": 875.572, "Actual Max Startup Time": 920.032, "Actual Min Total Time": 875.572, "Actual Max Total Time": 920.032, "Max Hash Buckets": 131072, "Min Hash Buckets": 131072, "Max Hash Batches": 1, "Min Hash Batches": 1, "Max Original Hash Batches": 1, "Min Original Hash Batches": 1, "Max Peak Memory Usage": 3042, "min Peak Memory Usage": 3042, "Plans": [{"Node Type": "Seq Scan", "Parent Relationship": "Outer", "Relation Name": "cast_info", "Alias": "ci", "Startup Cost": 0.0, "Total Cost": 66781.24, "Plan Rows": 1223154, "Plan Width": 8, "Actual Min Startup Time": 32.982, "Actual Max Startup Time": 466.55, "Actual Min Total Time": 853.731, "Actual Max Total Time": 895.644, "Filter": "((note)::text = ANY ('{(writer),\"(head writer)\",\"(written by)\",(story),\"(story editor)\"}'::text[]))", "Rows Removed by Filter": 34999627, "Actual Rows": 1244716}], "Actual Rows": 1244716}], "Actual Rows": 2288}], "Actual Rows": 36608}, {"Node Type": "Hash", "Parent Relationship": "Inner", "Startup Cost": 19544.42, "Total Cost": 19544.42, "Plan Rows": 782553, "Plan Width": 21, "Actual Min Startup Time": 77.806, "Actual Max Startup Time": 109.795, "Actual Min Total Time": 77.806, "Actual Max Total Time": 109.795, "Max Hash Buckets": 65536, "Min Hash Buckets": 65536, "Max Hash Batches": 1, "Min Hash Batches": 1, "Max Original Hash Batches": 1, "Min Original Hash Batches": 1, "Max Peak Memory Usage": 2675, "min Peak Memory Usage": 2675, "Plans": [{"Node Type": "Seq Scan", "Parent Relationship": "Outer", "Relation Name": "title", "Alias": "t", "Startup Cost": 88.19, "Total Cost": 19544.42, "Plan Rows": 782553, "Plan Width": 21, "Actual Min Startup Time": 0.024, "Actual Max Startup Time": 0.047, "Actual Min Total Time": 62.561, "Actual Max Total Time": 71.353, "Filter": "((production_year >= 2008) AND (production_year <= 2014)), (LLVM Optimized, Jit Execute)", "Rows Removed by Filter": 1743823, "Actual Rows": 784488}], "Actual Rows": 784488}], "Actual Rows": 930}], "Actual Rows": 930}, {"Node Type": "Hash", "Parent Relationship": "Inner", "Startup Cost": 34942.34, "Total Cost": 34942.34, "Plan Rows": 624324, "Plan Width": 4, "Actual Min Startup Time": 716.009, "Actual Max Startup Time": 716.009, "Actual Min Total Time": 716.009, "Actual Max Total Time": 716.009, "Max Hash Buckets": 1048576, "Min Hash Buckets": 1048576, "Max Hash Batches": 1, "Min Hash Batches": 1, "Max Original Hash Batches": 1, "Min Original Hash Batches": 1, "Max Peak Memory Usage": 33805, "min Peak Memory Usage": 33805, "Plans": [{"Node Type": "Streaming(type: LOCAL GATHER dop: 1/16)", "Parent Relationship": "Outer", "Startup Cost": 0.0, "Total Cost": 34942.34, "Plan Rows": 624324, "Plan Width": 4, "Actual Min Startup Time": 84.419, "Actual Max Startup Time": 84.419, "Actual Min Total Time": 423.252, "Actual Max Total Time": 423.252, "Plans": [{"Node Type": "Seq Scan", "Parent Relationship": "Outer", "Relation Name": "name", "Alias": "n", "Startup Cost": 0.0, "Total Cost": 21468.16, "Plan Rows": 624324, "Plan Width": 4, "Actual Min Startup Time": 42.75, "Actual Max Startup Time": 49.752, "Actual Min Total Time": 92.52, "Actual Max Total Time": 100.112, "Filter": "((gender IS NOT NULL) AND ((gender)::text = 'f'::text)), (LLVM Optimized, Jit Execute)", "Rows Removed by Filter": 3205935, "Actual Rows": 961555}], "Actual Rows": 961555}], "Actual Rows": 961555}], "Actual Rows": 40}], "Actual Rows": 41}], "Actual Rows": 11}], "Actual Rows": 1}, "Triggers": [], "Planner Runtime": 136.802, "Total Runtime": 1222.104, "Unique SQL Id": 661781350}}, "(16, '11')": {"explain_plan": {"Plan": {"Node Type": "Aggregate", "Strategy": "Plain", "Startup Cost": 6971979256072.64, "Total Cost": 6971979256072.65, "Plan Rows": 1, "Plan Width": 160, "Plans": [{"Node Type": "Merge Join", "Parent Relationship": "Outer", "Join Type": "Inner", "Startup Cost": 70000000000.0, "Total Cost": 6971979256070.9, "Plan Rows": 233, "Plan Width": 64, "Inner Unique": true, "Merge Cond": "(ci.person_id = n.id)", "Plans": [{"Node Type": "Nested Loop", "Parent Relationship": "Outer", "Join Type": "Inner", "Startup Cost": 60000000000.0, "Total Cost": 5997470469312.04, "Plan Rows": 321, "Plan Width": 68, "Inner Unique": true, "Join Filter": "(mi.info_type_id = it1.id)", "Plans": [{"Node Type": "Nested Loop", "Parent Relationship": "Outer", "Join Type": "Inner", "Startup Cost": 50000000000.0, "Total Cost": 4997470467662.81, "Plan Rows": 15215, "Plan Width": 72, "Inner Unique": false, "Join Filter": "(t.id = ci.movie_id)", "Plans": [{"Node Type": "Index Scan", "Parent Relationship": "Outer", "Scan Direction": "Forward", "Index Name": "person_id_cast_info", "Relation Name": "cast_info", "Alias": "ci", "Startup Cost": 10000000000.0, "Total Cost": 1000193311016.96, "Plan Rows": 1223154, "Plan Width": 8, "Filter": "((note)::text = ANY ('{(writer),\"(head writer)\",\"(written by)\",(story),\"(story editor)\"}'::text[]))"}, {"Node Type": "Materialize", "Parent Relationship": "Inner", "Startup Cost": 40000000000.0, "Total Cost": 3997024826125.8, "Plan Rows": 13753, "Plan Width": 80, "Plans": [{"Node Type": "Merge Join", "Parent Relationship": "Outer", "Join Type": "Inner", "Startup Cost": 40000000000.0, "Total Cost": 3997024826057.04, "Plan Rows": 13753, "Plan Width": 80, "Inner Unique": false, "Merge Cond": "(t.id = mi.movie_id)", "Plans": [{"Node Type": "Merge Join", "Parent Relationship": "Outer", "Join Type": "Inner", "Startup Cost": 30000000000.0, "Total Cost": 2999088687984.57, "Plan Rows": 15041, "Plan Width": 30, "Inner Unique": true, "Merge Cond": "(mi_idx.movie_id = t.id)", "Plans": [{"Node Type": "Nested Loop", "Parent Relationship": "Outer", "Join Type": "Inner", "Startup Cost": 20000000000.0, "Total Cost": 2000004997241.06, "Plan Rows": 12936, "Plan Width": 9, "Inner Unique": true, "Join Filter": "(it2.id = mi_idx.info_type_id)", "Plans": [{"Node Type": "Index Scan", "Parent Relationship": "Outer", "Scan Direction": "Forward", "Index Name": "movie_id_movie_info_idx", "Relation Name": "movie_info_idx", "Alias": "mi_idx", "Startup Cost": 10000000000.0, "Total Cost": 1000004995043.87, "Plan Rows": 51746, "Plan Width": 13, "Filter": "((info)::text > '8.0'::text)"}, {"Node Type": "Materialize", "Parent Relationship": "Inner", "Startup Cost": 10000000000.0, "Total Cost": 1000000001421.0, "Plan Rows": 1, "Plan Width": 4, "Plans": [{"Node Type": "Index Scan", "Parent Relationship": "Outer", "Scan Direction": "Forward", "Index Name": "info_type_pkey", "Relation Name": "info_type", "Alias": "it2", "Startup Cost": 10000000000.0, "Total Cost": 1000000001421.0, "Plan Rows": 1, "Plan Width": 4, "Filter": "((info)::text = 'rating'::text)"}]}]}, {"Node Type": "Index Scan", "Parent Relationship": "Inner", "Scan Direction": "Forward", "Index Name": "title_pkey", "Relation Name": "title", "Alias": "t", "Startup Cost": 10000000000.0, "Total Cost": 1000012276204.41, "Plan Rows": 782553, "Plan Width": 21, "Filter": "((production_year >= 2008) AND (production_year <= 2014)), (LLVM Optimized)"}]}, {"Node Type": "Index Scan", "Parent Relationship": "Inner", "Scan Direction": "Forward", "Index Name": "movie_id_movie_info", "Relation Name": "movie_info", "Alias": "mi", "Startup Cost": 10000000000.0, "Total Cost": 1000107534403.72, "Plan Rows": 67971, "Plan Width": 50, "Filter": "((note IS NULL) AND ((info)::text = ANY ('{Horror,Thriller}'::text[])))"}]}]}]}, {"Node Type": "Materialize", "Parent Relationship": "Inner", "Startup Cost": 10000000000.0, "Total Cost": 1000000001421.0, "Plan Rows": 1, "Plan Width": 4, "Plans": [{"Node Type": "Index Scan", "Parent Relationship": "Outer", "Scan Direction": "Forward", "Index Name": "info_type_pkey", "Relation Name": "info_type", "Alias": "it1", "Startup Cost": 10000000000.0, "Total Cost": 1000000001421.0, "Plan Rows": 1, "Plan Width": 4, "Filter": "((info)::text = 'genres'::text)"}]}]}, {"Node Type": "Index Scan", "Parent Relationship": "Inner", "Scan Direction": "Forward", "Index Name": "name_pkey", "Relation Name": "name", "Alias": "n", "Startup Cost": 10000000000.0, "Total Cost": 1000018665147.2, "Plan Rows": 624324, "Plan Width": 4, "Filter": "((gender IS NOT NULL) AND ((gender)::text = 'f'::text)), (LLVM Optimized)"}]}]}, "Unique SQL Id": 661781350, "Planner Runtime": 96}, "explain_analyze_plan": null}, "(16, '12')": {"explain_plan": {"Plan": {"Node Type": "Aggregate", "Strategy": "Plain", "Startup Cost": 40136.75, "Total Cost": 40136.76, "Plan Rows": 1, "Plan Width": 160, "Plans": [{"Node Type": "Nested Loop", "Parent Relationship": "Outer", "Join Type": "Inner", "Startup Cost": 2.41, "Total Cost": 40135.1, "Plan Rows": 219, "Plan Width": 64, "Inner Unique": true, "Plans": [{"Node Type": "Nested Loop", "Parent Relationship": "Outer", "Join Type": "Inner", "Startup Cost": 2.41, "Total Cost": 39974.11, "Plan Rows": 321, "Plan Width": 68, "Inner Unique": false, "Plans": [{"Node Type": "Nested Loop", "Parent Relationship": "Outer", "Join Type": "Inner", "Startup Cost": 2.41, "Total Cost": 39289.09, "Plan Rows": 291, "Plan Width": 76, "Inner Unique": true, "Plans": [{"Node Type": "Nested Loop", "Parent Relationship": "Outer", "Join Type": "Inner", "Startup Cost": 2.41, "Total Cost": 38575.87, "Plan Rows": 250, "Plan Width": 55, "Inner Unique": false, "Join Filter": "(mi_idx.info_type_id = it2.id)", "Plans": [{"Node Type": "Seq Scan", "Parent Relationship": "Outer", "Relation Name": "info_type", "Alias": "it2", "Startup Cost": 0.0, "Total Cost": 2.4, "Plan Rows": 1, "Plan Width": 4, "Filter": "((info)::text = 'rating'::text)"}, {"Node Type": "Materialize", "Parent Relationship": "Inner", "Startup Cost": 2.41, "Total Cost": 38563.48, "Plan Rows": 999, "Plan Width": 59, "Plans": [{"Node Type": "Nested Loop", "Parent Relationship": "Outer", "Join Type": "Inner", "Startup Cost": 2.41, "Total Cost": 38560.99, "Plan Rows": 999, "Plan Width": 59, "Inner Unique": false, "Plans": [{"Node Type": "Hash Join", "Parent Relationship": "Outer", "Join Type": "Inner", "Startup Cost": 2.41, "Total Cost": 37619.13, "Plan Rows": 971, "Plan Width": 46, "Inner Unique": true, "Hash Cond": "(mi.info_type_id = it1.id)", "Plans": [{"Node Type": "Streaming(type: LOCAL GATHER dop: 1/16)", "Parent Relationship": "Outer", "Startup Cost": 0.0, "Total Cost": 37352.11, "Plan Rows": 67971, "Plan Width": 50, "Plans": [{"Node Type": "Seq Scan", "Parent Relationship": "Outer", "Relation Name": "movie_info", "Alias": "mi", "Startup Cost": 0.0, "Total Cost": 35885.16, "Plan Rows": 67971, "Plan Width": 50, "Filter": "((note IS NULL) AND ((info)::text = ANY ('{Horror,Thriller}'::text[])))"}]}, {"Node Type": "Hash", "Parent Relationship": "Inner", "Startup Cost": 2.4, "Total Cost": 2.4, "Plan Rows": 1, "Plan Width": 4, "Plans": [{"Node Type": "Seq Scan", "Parent Relationship": "Outer", "Relation Name": "info_type", "Alias": "it1", "Startup Cost": 0.0, "Total Cost": 2.4, "Plan Rows": 1, "Plan Width": 4, "Filter": "((info)::text = 'genres'::text)"}]}]}, {"Node Type": "Index Scan", "Parent Relationship": "Inner", "Scan Direction": "Forward", "Index Name": "movie_id_movie_info_idx", "Relation Name": "movie_info_idx", "Alias": "mi_idx", "Startup Cost": 0.0, "Total Cost": 0.96, "Plan Rows": 1, "Plan Width": 13, "Index Cond": "(movie_id = mi.movie_id)", "Filter": "((info)::text > '8.0'::text)"}]}]}]}, {"Node Type": "Index Scan", "Parent Relationship": "Inner", "Scan Direction": "Forward", "Index Name": "title_pkey", "Relation Name": "title", "Alias": "t", "Startup Cost": 0.0, "Total Cost": 2.84, "Plan Rows": 1, "Plan Width": 21, "Index Cond": "(id = mi.movie_id)", "Filter": "((production_year >= 2008) AND (production_year <= 2014))"}]}, {"Node Type": "Index Scan", "Parent Relationship": "Inner", "Scan Direction": "Forward", "Index Name": "movie_id_cast_info", "Relation Name": "cast_info", "Alias": "ci", "Startup Cost": 0.0, "Total Cost": 2.34, "Plan Rows": 1, "Plan Width": 8, "Index Cond": "(movie_id = t.id)", "Filter": "((note)::text = ANY ('{(writer),\"(head writer)\",\"(written by)\",(story),\"(story editor)\"}'::text[]))"}]}, {"Node Type": "Index Scan", "Parent Relationship": "Inner", "Scan Direction": "Forward", "Index Name": "name_pkey", "Relation Name": "name", "Alias": "n", "Startup Cost": 0.0, "Total Cost": 0.49, "Plan Rows": 1, "Plan Width": 4, "Index Cond": "(id = ci.person_id)", "Filter": "((gender IS NOT NULL) AND ((gender)::text = 'f'::text))"}]}]}, "Unique SQL Id": 661781350, "Planner Runtime": 58}, "explain_analyze_plan": {"Plan": {"Node Type": "Aggregate", "Strategy": "Plain", "Startup Cost": 40136.75, "Total Cost": 40136.76, "Plan Rows": 1, "Plan Width": 160, "Actual Min Startup Time": 745.831, "Actual Max Startup Time": 745.831, "Actual Min Total Time": 745.832, "Actual Max Total Time": 745.832, "Plans": [{"Node Type": "Nested Loop", "Parent Relationship": "Outer", "Join Type": "Inner", "Startup Cost": 2.41, "Total Cost": 40135.1, "Plan Rows": 219, "Plan Width": 64, "Actual Min Startup Time": 715.131, "Actual Max Startup Time": 715.131, "Actual Min Total Time": 745.777, "Actual Max Total Time": 745.777, "Inner Unique": true, "Plans": [{"Node Type": "Nested Loop", "Parent Relationship": "Outer", "Join Type": "Inner", "Startup Cost": 2.41, "Total Cost": 39974.11, "Plan Rows": 321, "Plan Width": 68, "Actual Min Startup Time": 714.667, "Actual Max Startup Time": 714.667, "Actual Min Total Time": 743.955, "Actual Max Total Time": 743.955, "Inner Unique": false, "Plans": [{"Node Type": "Nested Loop", "Parent Relationship": "Outer", "Join Type": "Inner", "Startup Cost": 2.41, "Total Cost": 39289.09, "Plan Rows": 291, "Plan Width": 76, "Actual Min Startup Time": 714.49, "Actual Max Startup Time": 714.49, "Actual Min Total Time": 720.514, "Actual Max Total Time": 720.514, "Inner Unique": true, "Plans": [{"Node Type": "Nested Loop", "Parent Relationship": "Outer", "Join Type": "Inner", "Startup Cost": 2.41, "Total Cost": 38575.87, "Plan Rows": 250, "Plan Width": 55, "Actual Min Startup Time": 714.464, "Actual Max Startup Time": 714.464, "Actual Min Total Time": 716.205, "Actual Max Total Time": 716.205, "Inner Unique": false, "Join Filter": "(mi_idx.info_type_id = it2.id)", "Rows Removed by Join Filter": 3403, "Plans": [{"Node Type": "Seq Scan", "Parent Relationship": "Outer", "Relation Name": "info_type", "Alias": "it2", "Startup Cost": 0.0, "Total Cost": 2.4, "Plan Rows": 1, "Plan Width": 4, "Actual Min Startup Time": 0.065, "Actual Max Startup Time": 0.065, "Actual Min Total Time": 0.077, "Actual Max Total Time": 0.077, "Filter": "((info)::text = 'rating'::text)", "Rows Removed by Filter": 111, "Actual Rows": 1}, {"Node Type": "Materialize", "Parent Relationship": "Inner", "Startup Cost": 2.41, "Total Cost": 38563.48, "Plan Rows": 999, "Plan Width": 59, "Actual Min Startup Time": 714.377, "Actual Max Startup Time": 714.377, "Actual Min Total Time": 714.876, "Actual Max Total Time": 714.876, "Plans": [{"Node Type": "Nested Loop", "Parent Relationship": "Outer", "Join Type": "Inner", "Startup Cost": 2.41, "Total Cost": 38560.99, "Plan Rows": 999, "Plan Width": 59, "Actual Min Startup Time": 354.887, "Actual Max Startup Time": 354.887, "Actual Min Total Time": 712.602, "Actual Max Total Time": 712.602, "Inner Unique": false, "Plans": [{"Node Type": "Hash Join", "Parent Relationship": "Outer", "Join Type": "Inner", "Startup Cost": 2.41, "Total Cost": 37619.13, "Plan Rows": 971, "Plan Width": 46, "Actual Min Startup Time": 354.787, "Actual Max Startup Time": 354.787, "Actual Min Total Time": 419.6, "Actual Max Total Time": 419.6, "Inner Unique": true, "Hash Cond": "(mi.info_type_id = it1.id)", "Plans": [{"Node Type": "Streaming(type: LOCAL GATHER dop: 1/16)", "Parent Relationship": "Outer", "Startup Cost": 0.0, "Total Cost": 37352.11, "Plan Rows": 67971, "Plan Width": 50, "Actual Min Startup Time": 266.275, "Actual Max Startup Time": 266.275, "Actual Min Total Time": 383.347, "Actual Max Total Time": 383.347, "Plans": [{"Node Type": "Seq Scan", "Parent Relationship": "Outer", "Relation Name": "movie_info", "Alias": "mi", "Startup Cost": 0.0, "Total Cost": 35885.16, "Plan Rows": 67971, "Plan Width": 50, "Actual Min Startup Time": 236.217, "Actual Max Startup Time": 341.573, "Actual Min Total Time": 384.125, "Actual Max Total Time": 397.048, "Filter": "((note IS NULL) AND ((info)::text = ANY ('{Horror,Thriller}'::text[])))", "Rows Removed by Filter": 14762672, "Actual Rows": 73047}], "Actual Rows": 73047}, {"Node Type": "Hash", "Parent Relationship": "Inner", "Startup Cost": 2.4, "Total Cost": 2.4, "Plan Rows": 1, "Plan Width": 4, "Actual Min Startup Time": 0.089, "Actual Max Startup Time": 0.089, "Actual Min Total Time": 0.089, "Actual Max Total Time": 0.089, "Max Hash Buckets": 32768, "Min Hash Buckets": 32768, "Max Hash Batches": 1, "Min Hash Batches": 1, "Max Original Hash Batches": 1, "Min Original Hash Batches": 1, "Max Peak Memory Usage": 1, "min Peak Memory Usage": 1, "Plans": [{"Node Type": "Seq Scan", "Parent Relationship": "Outer", "Relation Name": "info_type", "Alias": "it1", "Startup Cost": 0.0, "Total Cost": 2.4, "Plan Rows": 1, "Plan Width": 4, "Actual Min Startup Time": 0.054, "Actual Max Startup Time": 0.054, "Actual Min Total Time": 0.078, "Actual Max Total Time": 0.078, "Filter": "((info)::text = 'genres'::text)", "Rows Removed by Filter": 111, "Actual Rows": 1}], "Actual Rows": 1}], "Actual Rows": 72258}, {"Node Type": "Index Scan", "Parent Relationship": "Inner", "Scan Direction": "Forward", "Index Name": "movie_id_movie_info_idx", "Relation Name": "movie_info_idx", "Alias": "mi_idx", "Startup Cost": 0.0, "Total Cost": 0.96, "Plan Rows": 1, "Plan Width": 13, "Actual Min Startup Time": 255.106, "Actual Max Startup Time": 255.106, "Actual Min Total Time": 258.664, "Actual Max Total Time": 258.664, "Index Cond": "(movie_id = mi.movie_id)", "Rows Removed by Index Recheck": 0, "Filter": "((info)::text > '8.0'::text)", "Rows Removed by Filter": 113143, "Actual Rows": 4135}], "Actual Rows": 4135}], "Actual Rows": 4136}], "Actual Rows": 732}, {"Node Type": "Index Scan", "Parent Relationship": "Inner", "Scan Direction": "Forward", "Index Name": "title_pkey", "Relation Name": "title", "Alias": "t", "Startup Cost": 0.0, "Total Cost": 2.84, "Plan Rows": 1, "Plan Width": 21, "Actual Min Startup Time": 3.859, "Actual Max Startup Time": 3.859, "Actual Min Total Time": 3.859, "Actual Max Total Time": 3.859, "Index Cond": "(id = mi.movie_id)", "Rows Removed by Index Recheck": 0, "Filter": "((production_year >= 2008) AND (production_year <= 2014))", "Rows Removed by Filter": 374, "Actual Rows": 358}], "Actual Rows": 358}, {"Node Type": "Index Scan", "Parent Relationship": "Inner", "Scan Direction": "Forward", "Index Name": "movie_id_cast_info", "Relation Name": "cast_info", "Alias": "ci", "Startup Cost": 0.0, "Total Cost": 2.34, "Plan Rows": 1, "Plan Width": 8, "Actual Min Startup Time": 18.251, "Actual Max Startup Time": 18.251, "Actual Min Total Time": 23.155, "Actual Max Total Time": 23.155, "Index Cond": "(movie_id = t.id)", "Rows Removed by Index Recheck": 0, "Filter": "((note)::text = ANY ('{(writer),\"(head writer)\",\"(written by)\",(story),\"(story editor)\"}'::text[]))", "Rows Removed by Filter": 12296, "Actual Rows": 268}], "Actual Rows": 268}, {"Node Type": "Index Scan", "Parent Relationship": "Inner", "Scan Direction": "Forward", "Index Name": "name_pkey", "Relation Name": "name", "Alias": "n", "Startup Cost": 0.0, "Total Cost": 0.49, "Plan Rows": 1, "Plan Width": 4, "Actual Min Startup Time": 1.645, "Actual Max Startup Time": 1.645, "Actual Min Total Time": 1.645, "Actual Max Total Time": 1.645, "Index Cond": "(id = ci.person_id)", "Rows Removed by Index Recheck": 0, "Filter": "((gender IS NOT NULL) AND ((gender)::text = 'f'::text))", "Rows Removed by Filter": 257, "Actual Rows": 11}], "Actual Rows": 11}], "Actual Rows": 1}, "Triggers": [], "Planner Runtime": 56.857, "Total Runtime": 748.558, "Unique SQL Id": 661781350}}, "(16, '13')": {"explain_plan": {"Plan": {"Node Type": "Aggregate", "Strategy": "Plain", "Startup Cost": 100899.17, "Total Cost": 100899.18, "Plan Rows": 1, "Plan Width": 160, "Plans": [{"Node Type": "Nested Loop", "Parent Relationship": "Outer", "Join Type": "Inner", "Startup Cost": 0.0, "Total Cost": 100897.52, "Plan Rows": 219, "Plan Width": 64, "Inner Unique": true, "Plans": [{"Node Type": "Nested Loop", "Parent Relationship": "Outer", "Join Type": "Inner", "Startup Cost": 0.0, "Total Cost": 100736.53, "Plan Rows": 321, "Plan Width": 68, "Inner Unique": false, "Plans": [{"Node Type": "Nested Loop", "Parent Relationship": "Outer", "Join Type": "Inner", "Startup Cost": 0.0, "Total Cost": 100051.51, "Plan Rows": 291, "Plan Width": 76, "Inner Unique": false, "Join Filter": "(mi.info_type_id = it1.id)", "Plans": [{"Node Type": "Index Scan", "Parent Relationship": "Outer", "Scan Direction": "Forward", "Index Name": "info_type_pkey", "Relation Name": "info_type", "Alias": "it1", "Startup Cost": 0.0, "Total Cost": 14.21, "Plan Rows": 1, "Plan Width": 4, "Filter": "((info)::text = 'genres'::text)"}, {"Node Type": "Nested Loop", "Parent Relationship": "Inner", "Join Type": "Inner", "Startup Cost": 0.0, "Total Cost": 99865.39, "Plan Rows": 13753, "Plan Width": 80, "Inner Unique": false, "Plans": [{"Node Type": "Nested Loop", "Parent Relationship": "Outer", "Join Type": "Inner", "Startup Cost": 0.0, "Total Cost": 78493.26, "Plan Rows": 15041, "Plan Width": 30, "Inner Unique": true, "Plans": [{"Node Type": "Nested Loop", "Parent Relationship": "Outer", "Join Type": "Inner", "Startup Cost": 0.0, "Total Cost": 35880.0, "Plan Rows": 12936, "Plan Width": 9, "Inner Unique": false, "Plans": [{"Node Type": "Index Scan", "Parent Relationship": "Outer", "Scan Direction": "Forward", "Index Name": "info_type_pkey", "Relation Name": "info_type", "Alias": "it2", "Startup Cost": 0.0, "Total Cost": 14.21, "Plan Rows": 1, "Plan Width": 4, "Filter": "((info)::text = 'rating'::text)"}, {"Node Type": "Index Scan", "Parent Relationship": "Inner", "Scan Direction": "Forward", "Index Name": "info_type_id_movie_info_idx", "Relation Name": "movie_info_idx", "Alias": "mi_idx", "Startup Cost": 0.0, "Total Cost": 35736.43, "Plan Rows": 12936, "Plan Width": 13, "Index Cond": "(info_type_id = it2.id)", "Filter": "((info)::text > '8.0'::text)"}]}, {"Node Type": "Index Scan", "Parent Relationship": "Inner", "Scan Direction": "Forward", "Index Name": "title_pkey", "Relation Name": "title", "Alias": "t", "Startup Cost": 0.0, "Total Cost": 3.28, "Plan Rows": 1, "Plan Width": 21, "Index Cond": "(id = mi_idx.movie_id)", "Filter": "((production_year >= 2008) AND (production_year <= 2014))"}]}, {"Node Type": "Index Scan", "Parent Relationship": "Inner", "Scan Direction": "Forward", "Index Name": "movie_id_movie_info", "Relation Name": "movie_info", "Alias": "mi", "Startup Cost": 0.0, "Total Cost": 1.41, "Plan Rows": 1, "Plan Width": 50, "Index Cond": "(movie_id = t.id)", "Filter": "((note IS NULL) AND ((info)::text = ANY ('{Horror,Thriller}'::text[])))"}]}]}, {"Node Type": "Index Scan", "Parent Relationship": "Inner", "Scan Direction": "Forward", "Index Name": "movie_id_cast_info", "Relation Name": "cast_info", "Alias": "ci", "Startup Cost": 0.0, "Total Cost": 2.34, "Plan Rows": 1, "Plan Width": 8, "Index Cond": "(movie_id = t.id)", "Filter": "((note)::text = ANY ('{(writer),\"(head writer)\",\"(written by)\",(story),\"(story editor)\"}'::text[]))"}]}, {"Node Type": "Index Scan", "Parent Relationship": "Inner", "Scan Direction": "Forward", "Index Name": "name_pkey", "Relation Name": "name", "Alias": "n", "Startup Cost": 0.0, "Total Cost": 0.49, "Plan Rows": 1, "Plan Width": 4, "Index Cond": "(id = ci.person_id)", "Filter": "((gender IS NOT NULL) AND ((gender)::text = 'f'::text))"}]}]}, "Unique SQL Id": 661781350, "Planner Runtime": 18}, "explain_analyze_plan": {"Plan": {"Node Type": "Aggregate", "Strategy": "Plain", "Startup Cost": 100899.17, "Total Cost": 100899.18, "Plan Rows": 1, "Plan Width": 160, "Actual Startup Time": 569.524, "Actual Total Time": 569.525, "Actual Rows": 1, "Actual Loops": 1, "Plans": [{"Node Type": "Nested Loop", "Parent Relationship": "Outer", "Join Type": "Inner", "Startup Cost": 0.0, "Total Cost": 100897.52, "Plan Rows": 219, "Plan Width": 64, "Actual Startup Time": 291.946, "Actual Total Time": 569.461, "Actual Rows": 11, "Actual Loops": 1, "Inner Unique": true, "Plans": [{"Node Type": "Nested Loop", "Parent Relationship": "Outer", "Join Type": "Inner", "Startup Cost": 0.0, "Total Cost": 100736.53, "Plan Rows": 321, "Plan Width": 68, "Actual Startup Time": 77.048, "Actual Total Time": 567.305, "Actual Rows": 268, "Actual Loops": 1, "Inner Unique": false, "Plans": [{"Node Type": "Nested Loop", "Parent Relationship": "Outer", "Join Type": "Inner", "Startup Cost": 0.0, "Total Cost": 100051.51, "Plan Rows": 291, "Plan Width": 76, "Actual Startup Time": 9.457, "Actual Total Time": 542.484, "Actual Rows": 358, "Actual Loops": 1, "Inner Unique": false, "Join Filter": "(mi.info_type_id = it1.id)", "Rows Removed by Join Filter": 0, "Plans": [{"Node Type": "Index Scan", "Parent Relationship": "Outer", "Scan Direction": "Forward", "Index Name": "info_type_pkey", "Relation Name": "info_type", "Alias": "it1", "Startup Cost": 0.0, "Total Cost": 14.21, "Plan Rows": 1, "Plan Width": 4, "Actual Startup Time": 0.029, "Actual Total Time": 0.075, "Actual Rows": 1, "Actual Loops": 1, "Filter": "((info)::text = 'genres'::text)", "Rows Removed by Filter": 111}, {"Node Type": "Nested Loop", "Parent Relationship": "Inner", "Join Type": "Inner", "Startup Cost": 0.0, "Total Cost": 99865.39, "Plan Rows": 13753, "Plan Width": 80, "Actual Startup Time": 9.417, "Actual Total Time": 542.155, "Actual Rows": 358, "Actual Loops": 1, "Inner Unique": false, "Plans": [{"Node Type": "Nested Loop", "Parent Relationship": "Outer", "Join Type": "Inner", "Startup Cost": 0.0, "Total Cost": 78493.26, "Plan Rows": 15041, "Plan Width": 30, "Actual Startup Time": 1.744, "Actual Total Time": 403.01, "Actual Rows": 6152, "Actual Loops": 1, "Inner Unique": true, "Plans": [{"Node Type": "Nested Loop", "Parent Relationship": "Outer", "Join Type": "Inner", "Startup Cost": 0.0, "Total Cost": 35880.0, "Plan Rows": 12936, "Plan Width": 9, "Actual Startup Time": 0.089, "Actual Total Time": 324.044, "Actual Rows": 15849, "Actual Loops": 1, "Inner Unique": false, "Plans": [{"Node Type": "Index Scan", "Parent Relationship": "Outer", "Scan Direction": "Forward", "Index Name": "info_type_pkey", "Relation Name": "info_type", "Alias": "it2", "Startup Cost": 0.0, "Total Cost": 14.21, "Plan Rows": 1, "Plan Width": 4, "Actual Startup Time": 0.051, "Actual Total Time": 0.059, "Actual Rows": 1, "Actual Loops": 1, "Filter": "((info)::text = 'rating'::text)", "Rows Removed by Filter": 111}, {"Node Type": "Index Scan", "Parent Relationship": "Inner", "Scan Direction": "Forward", "Index Name": "info_type_id_movie_info_idx", "Relation Name": "movie_info_idx", "Alias": "mi_idx", "Startup Cost": 0.0, "Total Cost": 35736.43, "Plan Rows": 12936, "Plan Width": 13, "Actual Startup Time": 0.036, "Actual Total Time": 320.329, "Actual Rows": 15849, "Actual Loops": 1, "Index Cond": "(info_type_id = it2.id)", "Rows Removed by Index Recheck": 0, "Filter": "((info)::text > '8.0'::text)", "Rows Removed by Filter": 444076}]}, {"Node Type": "Index Scan", "Parent Relationship": "Inner", "Scan Direction": "Forward", "Index Name": "title_pkey", "Relation Name": "title", "Alias": "t", "Startup Cost": 0.0, "Total Cost": 3.28, "Plan Rows": 1, "Plan Width": 21, "Actual Startup Time": 68.799, "Actual Total Time": 68.799, "Actual Rows": 6152, "Actual Loops": 15849, "Index Cond": "(id = mi_idx.movie_id)", "Rows Removed by Index Recheck": 0, "Filter": "((production_year >= 2008) AND (production_year <= 2014))", "Rows Removed by Filter": 9697}]}, {"Node Type": "Index Scan", "Parent Relationship": "Inner", "Scan Direction": "Forward", "Index Name": "movie_id_movie_info", "Relation Name": "movie_info", "Alias": "mi", "Startup Cost": 0.0, "Total Cost": 1.41, "Plan Rows": 1, "Plan Width": 50, "Actual Startup Time": 135.391, "Actual Total Time": 135.689, "Actual Rows": 358, "Actual Loops": 6152, "Index Cond": "(movie_id = t.id)", "Rows Removed by Index Recheck": 0, "Filter": "((note IS NULL) AND ((info)::text = ANY ('{Horror,Thriller}'::text[])))", "Rows Removed by Filter": 109599}]}]}, {"Node Type": "Index Scan", "Parent Relationship": "Inner", "Scan Direction": "Forward", "Index Name": "movie_id_cast_info", "Relation Name": "cast_info", "Alias": "ci", "Startup Cost": 0.0, "Total Cost": 2.34, "Plan Rows": 1, "Plan Width": 8, "Actual Startup Time": 19.212, "Actual Total Time": 24.39, "Actual Rows": 268, "Actual Loops": 358, "Index Cond": "(movie_id = t.id)", "Rows Removed by Index Recheck": 0, "Filter": "((note)::text = ANY ('{(writer),\"(head writer)\",\"(written by)\",(story),\"(story editor)\"}'::text[]))", "Rows Removed by Filter": 12296}]}, {"Node Type": "Index Scan", "Parent Relationship": "Inner", "Scan Direction": "Forward", "Index Name": "name_pkey", "Relation Name": "name", "Alias": "n", "Startup Cost": 0.0, "Total Cost": 0.49, "Plan Rows": 1, "Plan Width": 4, "Actual Startup Time": 1.905, "Actual Total Time": 1.905, "Actual Rows": 11, "Actual Loops": 268, "Index Cond": "(id = ci.person_id)", "Rows Removed by Index Recheck": 0, "Filter": "((gender IS NOT NULL) AND ((gender)::text = 'f'::text))", "Rows Removed by Filter": 257}]}]}, "Triggers": [], "Planner Runtime": 18.121, "Total Runtime": 569.824, "Unique SQL Id": 661781350}}, "(16, '14')": {"explain_plan": {"Plan": {"Node Type": "Aggregate", "Strategy": "Plain", "Startup Cost": 191058.48, "Total Cost": 191058.49, "Plan Rows": 1, "Plan Width": 160, "Plans": [{"Node Type": "Nested Loop", "Parent Relationship": "Outer", "Join Type": "Inner", "Startup Cost": 122681.05, "Total Cost": 191056.73, "Plan Rows": 233, "Plan Width": 64, "Inner Unique": false, "Join Filter": "(mi_idx.info_type_id = it2.id)", "Plans": [{"Node Type": "Seq Scan", "Parent Relationship": "Outer", "Relation Name": "info_type", "Alias": "it2", "Startup Cost": 0.0, "Total Cost": 2.4, "Plan Rows": 1, "Plan Width": 4, "Filter": "((info)::text = 'rating'::text)"}, {"Node Type": "Materialize", "Parent Relationship": "Inner", "Startup Cost": 122681.05, "Total Cost": 191044.99, "Plan Rows": 934, "Plan Width": 68, "Plans": [{"Node Type": "Hash Join", "Parent Relationship": "Outer", "Join Type": "Inner", "Startup Cost": 122681.05, "Total Cost": 191042.65, "Plan Rows": 934, "Plan Width": 68, "Inner Unique": true, "Hash Cond": "(ci.person_id = n.id)", "Plans": [{"Node Type": "Streaming(type: LOCAL GATHER dop: 1/16)", "Parent Relationship": "Outer", "Startup Cost": 106141.41, "Total Cost": 174488.87, "Plan Rows": 1285, "Plan Width": 72, "Plans": [{"Node Type": "Hash Join", "Parent Relationship": "Outer", "Join Type": "Inner", "Startup Cost": 106141.41, "Total Cost": 174461.14, "Plan Rows": 1285, "Plan Width": 72, "Inner Unique": true, "Hash Cond": "(mi.movie_id = t.id)", "Plans": [{"Node Type": "Streaming(type: BROADCAST dop: 16/16)", "Parent Relationship": "Outer", "Startup Cost": 85985.62, "Total Cost": 154300.41, "Plan Rows": 17680, "Plan Width": 67, "Plans": [{"Node Type": "Hash Join", "Parent Relationship": "Outer", "Join Type": "Inner", "Startup Cost": 85985.62, "Total Cost": 139255.51, "Plan Rows": 1105, "Plan Width": 67, "Inner Unique": false, "Hash Cond": "(mi.movie_id = ci.movie_id)", "Plans": [{"Node Type": "Streaming(type: BROADCAST dop: 16/1)", "Parent Relationship": "Outer", "Startup Cost": 18248.8, "Total Cost": 71295.72, "Plan Rows": 15984, "Plan Width": 59, "Plans": [{"Node Type": "Hash Join", "Parent Relationship": "Outer", "Join Type": "Inner", "Startup Cost": 18248.8, "Total Cost": 55950.75, "Plan Rows": 999, "Plan Width": 59, "Inner Unique": false, "Hash Cond": "(mi.movie_id = mi_idx.movie_id)", "Plans": [{"Node Type": "Hash Join", "Parent Relationship": "Outer", "Join Type": "Inner", "Startup Cost": 2.41, "Total Cost": 37619.13, "Plan Rows": 971, "Plan Width": 46, "Inner Unique": true, "Hash Cond": "(mi.info_type_id = it1.id)", "Plans": [{"Node Type": "Streaming(type: LOCAL GATHER dop: 1/16)", "Parent Relationship": "Outer", "Startup Cost": 0.0, "Total Cost": 37352.11, "Plan Rows": 67971, "Plan Width": 50, "Plans": [{"Node Type": "Seq Scan", "Parent Relationship": "Outer", "Relation Name": "movie_info", "Alias": "mi", "Startup Cost": 0.0, "Total Cost": 35885.16, "Plan Rows": 67971, "Plan Width": 50, "Filter": "((note IS NULL) AND ((info)::text = ANY ('{Horror,Thriller}'::text[])))"}]}, {"Node Type": "Hash", "Parent Relationship": "Inner", "Startup Cost": 2.4, "Total Cost": 2.4, "Plan Rows": 1, "Plan Width": 4, "Plans": [{"Node Type": "Seq Scan", "Parent Relationship": "Outer", "Relation Name": "info_type", "Alias": "it1", "Startup Cost": 0.0, "Total Cost": 2.4, "Plan Rows": 1, "Plan Width": 4, "Filter": "((info)::text = 'genres'::text)"}]}]}, {"Node Type": "Hash", "Parent Relationship": "Inner", "Startup Cost": 17599.56, "Total Cost": 17599.56, "Plan Rows": 51746, "Plan Width": 13, "Plans": [{"Node Type": "Streaming(type: LOCAL GATHER dop: 1/16)", "Parent Relationship": "Outer", "Startup Cost": 0.0, "Total Cost": 17599.56, "Plan Rows": 51746, "Plan Width": 13, "Plans": [{"Node Type": "Seq Scan", "Parent Relationship": "Outer", "Relation Name": "movie_info_idx", "Alias": "mi_idx", "Startup Cost": 0.0, "Total Cost": 16482.78, "Plan Rows": 51746, "Plan Width": 13, "Filter": "((info)::text > '8.0'::text)"}]}]}]}]}, {"Node Type": "Hash", "Parent Relationship": "Inner", "Startup Cost": 66781.24, "Total Cost": 66781.24, "Plan Rows": 1223154, "Plan Width": 8, "Plans": [{"Node Type": "Seq Scan", "Parent Relationship": "Outer", "Relation Name": "cast_info", "Alias": "ci", "Startup Cost": 0.0, "Total Cost": 66781.24, "Plan Rows": 1223154, "Plan Width": 8, "Filter": "((note)::text = ANY ('{(writer),\"(head writer)\",\"(written by)\",(story),\"(story editor)\"}'::text[]))"}]}]}]}, {"Node Type": "Hash", "Parent Relationship": "Inner", "Startup Cost": 19544.42, "Total Cost": 19544.42, "Plan Rows": 782553, "Plan Width": 21, "Plans": [{"Node Type": "Seq Scan", "Parent Relationship": "Outer", "Relation Name": "title", "Alias": "t", "Startup Cost": 88.19, "Total Cost": 19544.42, "Plan Rows": 782553, "Plan Width": 21, "Filter": "((production_year >= 2008) AND (production_year <= 2014)), (LLVM Optimized)"}]}]}]}, {"Node Type": "Hash", "Parent Relationship": "Inner", "Startup Cost": 34942.34, "Total Cost": 34942.34, "Plan Rows": 624324, "Plan Width": 4, "Plans": [{"Node Type": "Streaming(type: LOCAL GATHER dop: 1/16)", "Parent Relationship": "Outer", "Startup Cost": 0.0, "Total Cost": 34942.34, "Plan Rows": 624324, "Plan Width": 4, "Plans": [{"Node Type": "Seq Scan", "Parent Relationship": "Outer", "Relation Name": "name", "Alias": "n", "Startup Cost": 0.0, "Total Cost": 21468.16, "Plan Rows": 624324, "Plan Width": 4, "Filter": "((gender IS NOT NULL) AND ((gender)::text = 'f'::text)), (LLVM Optimized)"}]}]}]}]}]}]}, "Unique SQL Id": 661781350, "Planner Runtime": 136}, "explain_analyze_plan": {"Plan": {"Node Type": "Aggregate", "Strategy": "Plain", "Startup Cost": 191058.48, "Total Cost": 191058.49, "Plan Rows": 1, "Plan Width": 160, "Actual Min Startup Time": 1194.432, "Actual Max Startup Time": 1194.432, "Actual Min Total Time": 1194.433, "Actual Max Total Time": 1194.433, "Plans": [{"Node Type": "Nested Loop", "Parent Relationship": "Outer", "Join Type": "Inner", "Startup Cost": 122681.05, "Total Cost": 191056.73, "Plan Rows": 233, "Plan Width": 64, "Actual Min Startup Time": 1194.379, "Actual Max Startup Time": 1194.379, "Actual Min Total Time": 1194.399, "Actual Max Total Time": 1194.399, "Inner Unique": false, "Join Filter": "(mi_idx.info_type_id = it2.id)", "Rows Removed by Join Filter": 29, "Plans": [{"Node Type": "Seq Scan", "Parent Relationship": "Outer", "Relation Name": "info_type", "Alias": "it2", "Startup Cost": 0.0, "Total Cost": 2.4, "Plan Rows": 1, "Plan Width": 4, "Actual Min Startup Time": 0.067, "Actual Max Startup Time": 0.067, "Actual Min Total Time": 0.073, "Actual Max Total Time": 0.073, "Filter": "((info)::text = 'rating'::text)", "Rows Removed by Filter": 111, "Actual Rows": 1}, {"Node Type": "Materialize", "Parent Relationship": "Inner", "Startup Cost": 122681.05, "Total Cost": 191044.99, "Plan Rows": 934, "Plan Width": 68, "Actual Min Startup Time": 1193.24, "Actual Max Startup Time": 1193.24, "Actual Min Total Time": 1193.244, "Actual Max Total Time": 1193.244, "Plans": [{"Node Type": "Hash Join", "Parent Relationship": "Outer", "Join Type": "Inner", "Startup Cost": 122681.05, "Total Cost": 191042.65, "Plan Rows": 934, "Plan Width": 68, "Actual Min Startup Time": 1191.54, "Actual Max Startup Time": 1191.54, "Actual Min Total Time": 1193.207, "Actual Max Total Time": 1193.207, "Inner Unique": true, "Hash Cond": "(ci.person_id = n.id)", "Plans": [{"Node Type": "Streaming(type: LOCAL GATHER dop: 1/16)", "Parent Relationship": "Outer", "Startup Cost": 106141.41, "Total Cost": 174488.87, "Plan Rows": 1285, "Plan Width": 72, "Actual Min Startup Time": 474.697, "Actual Max Startup Time": 474.697, "Actual Min Total Time": 476.057, "Actual Max Total Time": 476.057, "Plans": [{"Node Type": "Hash Join", "Parent Relationship": "Outer", "Join Type": "Inner", "Startup Cost": 106141.41, "Total Cost": 174461.14, "Plan Rows": 1285, "Plan Width": 72, "Actual Min Startup Time": 917.099, "Actual Max Startup Time": 990.625, "Actual Min Total Time": 985.533, "Actual Max Total Time": 1059.205, "Inner Unique": true, "Hash Cond": "(mi.movie_id = t.id)", "Plans": [{"Node Type": "Streaming(type: BROADCAST dop: 16/16)", "Parent Relationship": "Outer", "Startup Cost": 85985.62, "Total Cost": 154300.41, "Plan Rows": 17680, "Plan Width": 67, "Actual Min Startup Time": 831.067, "Actual Max Startup Time": 880.685, "Actual Min Total Time": 898.637, "Actual Max Total Time": 948.319, "Plans": [{"Node Type": "Hash Join", "Parent Relationship": "Outer", "Join Type": "Inner", "Startup Cost": 85985.62, "Total Cost": 139255.51, "Plan Rows": 1105, "Plan Width": 67, "Actual Min Startup Time": 875.789, "Actual Max Startup Time": 944.135, "Actual Min Total Time": 1026.666, "Actual Max Total Time": 1070.091, "Inner Unique": false, "Hash Cond": "(mi.movie_id = ci.movie_id)", "Plans": [{"Node Type": "Streaming(type: BROADCAST dop: 16/1)", "Parent Relationship": "Outer", "Startup Cost": 18248.8, "Total Cost": 71295.72, "Plan Rows": 15984, "Plan Width": 59, "Actual Min Startup Time": 0.042, "Actual Max Startup Time": 0.104, "Actual Min Total Time": 119.563, "Actual Max Total Time": 178.257, "Plans": [{"Node Type": "Hash Join", "Parent Relationship": "Outer", "Join Type": "Inner", "Startup Cost": 18248.8, "Total Cost": 55950.75, "Plan Rows": 999, "Plan Width": 59, "Actual Min Startup Time": 333.57, "Actual Max Startup Time": 333.57, "Actual Min Total Time": 428.026, "Actual Max Total Time": 428.026, "Inner Unique": false, "Hash Cond": "(mi.movie_id = mi_idx.movie_id)", "Plans": [{"Node Type": "Hash Join", "Parent Relationship": "Outer", "Join Type": "Inner", "Startup Cost": 2.41, "Total Cost": 37619.13, "Plan Rows": 971, "Plan Width": 46, "Actual Min Startup Time": 259.235, "Actual Max Startup Time": 259.235, "Actual Min Total Time": 335.596, "Actual Max Total Time": 335.596, "Inner Unique": true, "Hash Cond": "(mi.info_type_id = it1.id)", "Plans": [{"Node Type": "Streaming(type: LOCAL GATHER dop: 1/16)", "Parent Relationship": "Outer", "Startup Cost": 0.0, "Total Cost": 37352.11, "Plan Rows": 67971, "Plan Width": 50, "Actual Min Startup Time": 202.279, "Actual Max Startup Time": 202.279, "Actual Min Total Time": 307.911, "Actual Max Total Time": 307.911, "Plans": [{"Node Type": "Seq Scan", "Parent Relationship": "Outer", "Relation Name": "movie_info", "Alias": "mi", "Startup Cost": 0.0, "Total Cost": 35885.16, "Plan Rows": 67971, "Plan Width": 50, "Actual Min Startup Time": 244.582, "Actual Max Startup Time": 373.008, "Actual Min Total Time": 391.953, "Actual Max Total Time": 423.414, "Filter": "((note IS NULL) AND ((info)::text = ANY ('{Horror,Thriller}'::text[])))", "Rows Removed by Filter": 14762672, "Actual Rows": 73047}], "Actual Rows": 73047}, {"Node Type": "Hash", "Parent Relationship": "Inner", "Startup Cost": 2.4, "Total Cost": 2.4, "Plan Rows": 1, "Plan Width": 4, "Actual Min Startup Time": 0.089, "Actual Max Startup Time": 0.089, "Actual Min Total Time": 0.089, "Actual Max Total Time": 0.089, "Max Hash Buckets": 32768, "Min Hash Buckets": 32768, "Max Hash Batches": 1, "Min Hash Batches": 1, "Max Original Hash Batches": 1, "Min Original Hash Batches": 1, "Max Peak Memory Usage": 1, "min Peak Memory Usage": 1, "Plans": [{"Node Type": "Seq Scan", "Parent Relationship": "Outer", "Relation Name": "info_type", "Alias": "it1", "Startup Cost": 0.0, "Total Cost": 2.4, "Plan Rows": 1, "Plan Width": 4, "Actual Min Startup Time": 0.056, "Actual Max Startup Time": 0.056, "Actual Min Total Time": 0.08, "Actual Max Total Time": 0.08, "Filter": "((info)::text = 'genres'::text)", "Rows Removed by Filter": 111, "Actual Rows": 1}], "Actual Rows": 1}], "Actual Rows": 72258}, {"Node Type": "Hash", "Parent Relationship": "Inner", "Startup Cost": 17599.56, "Total Cost": 17599.56, "Plan Rows": 51746, "Plan Width": 13, "Actual Min Startup Time": 74.235, "Actual Max Startup Time": 74.235, "Actual Min Total Time": 74.235, "Actual Max Total Time": 74.235, "Max Hash Buckets": 65536, "Min Hash Buckets": 65536, "Max Hash Batches": 1, "Min Hash Batches": 1, "Max Original Hash Batches": 1, "Min Original Hash Batches": 1, "Max Peak Memory Usage": 2322, "min Peak Memory Usage": 2322, "Plans": [{"Node Type": "Streaming(type: LOCAL GATHER dop: 1/16)", "Parent Relationship": "Outer", "Startup Cost": 0.0, "Total Cost": 17599.56, "Plan Rows": 51746, "Plan Width": 13, "Actual Min Startup Time": 0.119, "Actual Max Startup Time": 0.119, "Actual Min Total Time": 38.846, "Actual Max Total Time": 38.846, "Plans": [{"Node Type": "Seq Scan", "Parent Relationship": "Outer", "Relation Name": "movie_info_idx", "Alias": "mi_idx", "Startup Cost": 0.0, "Total Cost": 16482.78, "Plan Rows": 51746, "Plan Width": 13, "Actual Min Startup Time": 0.053, "Actual Max Startup Time": 0.108, "Actual Min Total Time": 34.71, "Actual Max Total Time": 42.831, "Filter": "((info)::text > '8.0'::text)", "Rows Removed by Filter": 1326385, "Actual Rows": 53649}], "Actual Rows": 53649}], "Actual Rows": 53649}], "Actual Rows": 4135}], "Actual Rows": 66160}, {"Node Type": "Hash", "Parent Relationship": "Inner", "Startup Cost": 66781.24, "Total Cost": 66781.24, "Plan Rows": 1223154, "Plan Width": 8, "Actual Min Startup Time": 875.572, "Actual Max Startup Time": 920.032, "Actual Min Total Time": 875.572, "Actual Max Total Time": 920.032, "Max Hash Buckets": 131072, "Min Hash Buckets": 131072, "Max Hash Batches": 1, "Min Hash Batches": 1, "Max Original Hash Batches": 1, "Min Original Hash Batches": 1, "Max Peak Memory Usage": 3042, "min Peak Memory Usage": 3042, "Plans": [{"Node Type": "Seq Scan", "Parent Relationship": "Outer", "Relation Name": "cast_info", "Alias": "ci", "Startup Cost": 0.0, "Total Cost": 66781.24, "Plan Rows": 1223154, "Plan Width": 8, "Actual Min Startup Time": 32.982, "Actual Max Startup Time": 466.55, "Actual Min Total Time": 853.731, "Actual Max Total Time": 895.644, "Filter": "((note)::text = ANY ('{(writer),\"(head writer)\",\"(written by)\",(story),\"(story editor)\"}'::text[]))", "Rows Removed by Filter": 34999627, "Actual Rows": 1244716}], "Actual Rows": 1244716}], "Actual Rows": 2288}], "Actual Rows": 36608}, {"Node Type": "Hash", "Parent Relationship": "Inner", "Startup Cost": 19544.42, "Total Cost": 19544.42, "Plan Rows": 782553, "Plan Width": 21, "Actual Min Startup Time": 77.806, "Actual Max Startup Time": 109.795, "Actual Min Total Time": 77.806, "Actual Max Total Time": 109.795, "Max Hash Buckets": 65536, "Min Hash Buckets": 65536, "Max Hash Batches": 1, "Min Hash Batches": 1, "Max Original Hash Batches": 1, "Min Original Hash Batches": 1, "Max Peak Memory Usage": 2675, "min Peak Memory Usage": 2675, "Plans": [{"Node Type": "Seq Scan", "Parent Relationship": "Outer", "Relation Name": "title", "Alias": "t", "Startup Cost": 88.19, "Total Cost": 19544.42, "Plan Rows": 782553, "Plan Width": 21, "Actual Min Startup Time": 0.024, "Actual Max Startup Time": 0.047, "Actual Min Total Time": 62.561, "Actual Max Total Time": 71.353, "Filter": "((production_year >= 2008) AND (production_year <= 2014)), (LLVM Optimized, Jit Execute)", "Rows Removed by Filter": 1743823, "Actual Rows": 784488}], "Actual Rows": 784488}], "Actual Rows": 930}], "Actual Rows": 930}, {"Node Type": "Hash", "Parent Relationship": "Inner", "Startup Cost": 34942.34, "Total Cost": 34942.34, "Plan Rows": 624324, "Plan Width": 4, "Actual Min Startup Time": 716.009, "Actual Max Startup Time": 716.009, "Actual Min Total Time": 716.009, "Actual Max Total Time": 716.009, "Max Hash Buckets": 1048576, "Min Hash Buckets": 1048576, "Max Hash Batches": 1, "Min Hash Batches": 1, "Max Original Hash Batches": 1, "Min Original Hash Batches": 1, "Max Peak Memory Usage": 33805, "min Peak Memory Usage": 33805, "Plans": [{"Node Type": "Streaming(type: LOCAL GATHER dop: 1/16)", "Parent Relationship": "Outer", "Startup Cost": 0.0, "Total Cost": 34942.34, "Plan Rows": 624324, "Plan Width": 4, "Actual Min Startup Time": 84.419, "Actual Max Startup Time": 84.419, "Actual Min Total Time": 423.252, "Actual Max Total Time": 423.252, "Plans": [{"Node Type": "Seq Scan", "Parent Relationship": "Outer", "Relation Name": "name", "Alias": "n", "Startup Cost": 0.0, "Total Cost": 21468.16, "Plan Rows": 624324, "Plan Width": 4, "Actual Min Startup Time": 42.75, "Actual Max Startup Time": 49.752, "Actual Min Total Time": 92.52, "Actual Max Total Time": 100.112, "Filter": "((gender IS NOT NULL) AND ((gender)::text = 'f'::text)), (LLVM Optimized, Jit Execute)", "Rows Removed by Filter": 3205935, "Actual Rows": 961555}], "Actual Rows": 961555}], "Actual Rows": 961555}], "Actual Rows": 40}], "Actual Rows": 41}], "Actual Rows": 11}], "Actual Rows": 1}, "Triggers": [], "Planner Runtime": 136.802, "Total Runtime": 1222.104, "Unique SQL Id": 661781350}}, "(16, '15')": {"explain_plan": {"Plan": {"Node Type": "Aggregate", "Strategy": "Plain", "Startup Cost": 6971979256072.64, "Total Cost": 6971979256072.65, "Plan Rows": 1, "Plan Width": 160, "Plans": [{"Node Type": "Merge Join", "Parent Relationship": "Outer", "Join Type": "Inner", "Startup Cost": 70000000000.0, "Total Cost": 6971979256070.9, "Plan Rows": 233, "Plan Width": 64, "Inner Unique": true, "Merge Cond": "(ci.person_id = n.id)", "Plans": [{"Node Type": "Nested Loop", "Parent Relationship": "Outer", "Join Type": "Inner", "Startup Cost": 60000000000.0, "Total Cost": 5997470469312.04, "Plan Rows": 321, "Plan Width": 68, "Inner Unique": true, "Join Filter": "(mi.info_type_id = it1.id)", "Plans": [{"Node Type": "Nested Loop", "Parent Relationship": "Outer", "Join Type": "Inner", "Startup Cost": 50000000000.0, "Total Cost": 4997470467662.81, "Plan Rows": 15215, "Plan Width": 72, "Inner Unique": false, "Join Filter": "(t.id = ci.movie_id)", "Plans": [{"Node Type": "Index Scan", "Parent Relationship": "Outer", "Scan Direction": "Forward", "Index Name": "person_id_cast_info", "Relation Name": "cast_info", "Alias": "ci", "Startup Cost": 10000000000.0, "Total Cost": 1000193311016.96, "Plan Rows": 1223154, "Plan Width": 8, "Filter": "((note)::text = ANY ('{(writer),\"(head writer)\",\"(written by)\",(story),\"(story editor)\"}'::text[]))"}, {"Node Type": "Materialize", "Parent Relationship": "Inner", "Startup Cost": 40000000000.0, "Total Cost": 3997024826125.8, "Plan Rows": 13753, "Plan Width": 80, "Plans": [{"Node Type": "Merge Join", "Parent Relationship": "Outer", "Join Type": "Inner", "Startup Cost": 40000000000.0, "Total Cost": 3997024826057.04, "Plan Rows": 13753, "Plan Width": 80, "Inner Unique": false, "Merge Cond": "(t.id = mi.movie_id)", "Plans": [{"Node Type": "Merge Join", "Parent Relationship": "Outer", "Join Type": "Inner", "Startup Cost": 30000000000.0, "Total Cost": 2999088687984.57, "Plan Rows": 15041, "Plan Width": 30, "Inner Unique": true, "Merge Cond": "(mi_idx.movie_id = t.id)", "Plans": [{"Node Type": "Nested Loop", "Parent Relationship": "Outer", "Join Type": "Inner", "Startup Cost": 20000000000.0, "Total Cost": 2000004997241.06, "Plan Rows": 12936, "Plan Width": 9, "Inner Unique": true, "Join Filter": "(it2.id = mi_idx.info_type_id)", "Plans": [{"Node Type": "Index Scan", "Parent Relationship": "Outer", "Scan Direction": "Forward", "Index Name": "movie_id_movie_info_idx", "Relation Name": "movie_info_idx", "Alias": "mi_idx", "Startup Cost": 10000000000.0, "Total Cost": 1000004995043.87, "Plan Rows": 51746, "Plan Width": 13, "Filter": "((info)::text > '8.0'::text)"}, {"Node Type": "Materialize", "Parent Relationship": "Inner", "Startup Cost": 10000000000.0, "Total Cost": 1000000001421.0, "Plan Rows": 1, "Plan Width": 4, "Plans": [{"Node Type": "Index Scan", "Parent Relationship": "Outer", "Scan Direction": "Forward", "Index Name": "info_type_pkey", "Relation Name": "info_type", "Alias": "it2", "Startup Cost": 10000000000.0, "Total Cost": 1000000001421.0, "Plan Rows": 1, "Plan Width": 4, "Filter": "((info)::text = 'rating'::text)"}]}]}, {"Node Type": "Index Scan", "Parent Relationship": "Inner", "Scan Direction": "Forward", "Index Name": "title_pkey", "Relation Name": "title", "Alias": "t", "Startup Cost": 10000000000.0, "Total Cost": 1000012276204.41, "Plan Rows": 782553, "Plan Width": 21, "Filter": "((production_year >= 2008) AND (production_year <= 2014)), (LLVM Optimized)"}]}, {"Node Type": "Index Scan", "Parent Relationship": "Inner", "Scan Direction": "Forward", "Index Name": "movie_id_movie_info", "Relation Name": "movie_info", "Alias": "mi", "Startup Cost": 10000000000.0, "Total Cost": 1000107534403.72, "Plan Rows": 67971, "Plan Width": 50, "Filter": "((note IS NULL) AND ((info)::text = ANY ('{Horror,Thriller}'::text[])))"}]}]}]}, {"Node Type": "Materialize", "Parent Relationship": "Inner", "Startup Cost": 10000000000.0, "Total Cost": 1000000001421.0, "Plan Rows": 1, "Plan Width": 4, "Plans": [{"Node Type": "Index Scan", "Parent Relationship": "Outer", "Scan Direction": "Forward", "Index Name": "info_type_pkey", "Relation Name": "info_type", "Alias": "it1", "Startup Cost": 10000000000.0, "Total Cost": 1000000001421.0, "Plan Rows": 1, "Plan Width": 4, "Filter": "((info)::text = 'genres'::text)"}]}]}, {"Node Type": "Index Scan", "Parent Relationship": "Inner", "Scan Direction": "Forward", "Index Name": "name_pkey", "Relation Name": "name", "Alias": "n", "Startup Cost": 10000000000.0, "Total Cost": 1000018665147.2, "Plan Rows": 624324, "Plan Width": 4, "Filter": "((gender IS NOT NULL) AND ((gender)::text = 'f'::text)), (LLVM Optimized)"}]}]}, "Unique SQL Id": 661781350, "Planner Runtime": 96}, "explain_analyze_plan": null}, "(16, '16')": {"explain_plan": {"Plan": {"Node Type": "Aggregate", "Strategy": "Plain", "Startup Cost": 40721.77, "Total Cost": 40721.78, "Plan Rows": 1, "Plan Width": 160, "Plans": [{"Node Type": "Nested Loop", "Parent Relationship": "Outer", "Join Type": "Inner", "Startup Cost": 0.0, "Total Cost": 40720.13, "Plan Rows": 219, "Plan Width": 64, "Inner Unique": true, "Plans": [{"Node Type": "Nested Loop", "Parent Relationship": "Outer", "Join Type": "Inner", "Startup Cost": 0.0, "Total Cost": 40559.14, "Plan Rows": 321, "Plan Width": 68, "Inner Unique": false, "Plans": [{"Node Type": "Nested Loop", "Parent Relationship": "Outer", "Join Type": "Inner", "Startup Cost": 0.0, "Total Cost": 39874.11, "Plan Rows": 291, "Plan Width": 76, "Inner Unique": true, "Plans": [{"Node Type": "Nested Loop", "Parent Relationship": "Outer", "Join Type": "Inner", "Startup Cost": 0.0, "Total Cost": 39160.9, "Plan Rows": 250, "Plan Width": 55, "Inner Unique": false, "Join Filter": "(mi_idx.info_type_id = it2.id)", "Plans": [{"Node Type": "Seq Scan", "Parent Relationship": "Outer", "Relation Name": "info_type", "Alias": "it2", "Startup Cost": 0.0, "Total Cost": 2.4, "Plan Rows": 1, "Plan Width": 4, "Filter": "((info)::text = 'rating'::text)"}, {"Node Type": "Nested Loop", "Parent Relationship": "Inner", "Join Type": "Inner", "Startup Cost": 0.0, "Total Cost": 39146.01, "Plan Rows": 999, "Plan Width": 59, "Inner Unique": false, "Plans": [{"Node Type": "Nested Loop", "Parent Relationship": "Outer", "Join Type": "Inner", "Startup Cost": 0.0, "Total Cost": 38204.15, "Plan Rows": 971, "Plan Width": 46, "Inner Unique": false, "Join Filter": "(it1.id = mi.info_type_id)", "Plans": [{"Node Type": "Seq Scan", "Parent Relationship": "Outer", "Relation Name": "info_type", "Alias": "it1", "Startup Cost": 0.0, "Total Cost": 2.4, "Plan Rows": 1, "Plan Width": 4, "Filter": "((info)::text = 'genres'::text)"}, {"Node Type": "Materialize", "Parent Relationship": "Inner", "Startup Cost": 0.0, "Total Cost": 37522.04, "Plan Rows": 67971, "Plan Width": 50, "Plans": [{"Node Type": "Streaming(type: LOCAL GATHER dop: 1/16)", "Parent Relationship": "Outer", "Startup Cost": 0.0, "Total Cost": 37352.11, "Plan Rows": 67971, "Plan Width": 50, "Plans": [{"Node Type": "Seq Scan", "Parent Relationship": "Outer", "Relation Name": "movie_info", "Alias": "mi", "Startup Cost": 0.0, "Total Cost": 35885.16, "Plan Rows": 67971, "Plan Width": 50, "Filter": "((note IS NULL) AND ((info)::text = ANY ('{Horror,Thriller}'::text[])))"}]}]}]}, {"Node Type": "Index Scan", "Parent Relationship": "Inner", "Scan Direction": "Forward", "Index Name": "movie_id_movie_info_idx", "Relation Name": "movie_info_idx", "Alias": "mi_idx", "Startup Cost": 0.0, "Total Cost": 0.96, "Plan Rows": 1, "Plan Width": 13, "Index Cond": "(movie_id = mi.movie_id)", "Filter": "((info)::text > '8.0'::text)"}]}]}, {"Node Type": "Index Scan", "Parent Relationship": "Inner", "Scan Direction": "Forward", "Index Name": "title_pkey", "Relation Name": "title", "Alias": "t", "Startup Cost": 0.0, "Total Cost": 2.84, "Plan Rows": 1, "Plan Width": 21, "Index Cond": "(id = mi.movie_id)", "Filter": "((production_year >= 2008) AND (production_year <= 2014))"}]}, {"Node Type": "Index Scan", "Parent Relationship": "Inner", "Scan Direction": "Forward", "Index Name": "movie_id_cast_info", "Relation Name": "cast_info", "Alias": "ci", "Startup Cost": 0.0, "Total Cost": 2.34, "Plan Rows": 1, "Plan Width": 8, "Index Cond": "(movie_id = t.id)", "Filter": "((note)::text = ANY ('{(writer),\"(head writer)\",\"(written by)\",(story),\"(story editor)\"}'::text[]))"}]}, {"Node Type": "Index Scan", "Parent Relationship": "Inner", "Scan Direction": "Forward", "Index Name": "name_pkey", "Relation Name": "name", "Alias": "n", "Startup Cost": 0.0, "Total Cost": 0.49, "Plan Rows": 1, "Plan Width": 4, "Index Cond": "(id = ci.person_id)", "Filter": "((gender IS NOT NULL) AND ((gender)::text = 'f'::text))"}]}]}, "Unique SQL Id": 661781350, "Planner Runtime": 16}, "explain_analyze_plan": {"Plan": {"Node Type": "Aggregate", "Strategy": "Plain", "Startup Cost": 40721.77, "Total Cost": 40721.78, "Plan Rows": 1, "Plan Width": 160, "Actual Min Startup Time": 783.795, "Actual Max Startup Time": 783.795, "Actual Min Total Time": 783.796, "Actual Max Total Time": 783.796, "Plans": [{"Node Type": "Nested Loop", "Parent Relationship": "Outer", "Join Type": "Inner", "Startup Cost": 0.0, "Total Cost": 40720.13, "Plan Rows": 219, "Plan Width": 64, "Actual Min Startup Time": 421.789, "Actual Max Startup Time": 421.789, "Actual Min Total Time": 783.737, "Actual Max Total Time": 783.737, "Inner Unique": true, "Plans": [{"Node Type": "Nested Loop", "Parent Relationship": "Outer", "Join Type": "Inner", "Startup Cost": 0.0, "Total Cost": 40559.14, "Plan Rows": 321, "Plan Width": 68, "Actual Min Startup Time": 420.591, "Actual Max Startup Time": 420.591, "Actual Min Total Time": 781.702, "Actual Max Total Time": 781.702, "Inner Unique": false, "Plans": [{"Node Type": "Nested Loop", "Parent Relationship": "Outer", "Join Type": "Inner", "Startup Cost": 0.0, "Total Cost": 39874.11, "Plan Rows": 291, "Plan Width": 76, "Actual Min Startup Time": 418.68, "Actual Max Startup Time": 418.68, "Actual Min Total Time": 757.309, "Actual Max Total Time": 757.309, "Inner Unique": true, "Plans": [{"Node Type": "Nested Loop", "Parent Relationship": "Outer", "Join Type": "Inner", "Startup Cost": 0.0, "Total Cost": 39160.9, "Plan Rows": 250, "Plan Width": 55, "Actual Min Startup Time": 418.659, "Actual Max Startup Time": 418.659, "Actual Min Total Time": 752.537, "Actual Max Total Time": 752.537, "Inner Unique": false, "Join Filter": "(mi_idx.info_type_id = it2.id)", "Rows Removed by Join Filter": 3403, "Plans": [{"Node Type": "Seq Scan", "Parent Relationship": "Outer", "Relation Name": "info_type", "Alias": "it2", "Startup Cost": 0.0, "Total Cost": 2.4, "Plan Rows": 1, "Plan Width": 4, "Actual Min Startup Time": 0.077, "Actual Max Startup Time": 0.077, "Actual Min Total Time": 0.093, "Actual Max Total Time": 0.093, "Filter": "((info)::text = 'rating'::text)", "Rows Removed by Filter": 111, "Actual Rows": 1}, {"Node Type": "Nested Loop", "Parent Relationship": "Inner", "Join Type": "Inner", "Startup Cost": 0.0, "Total Cost": 39146.01, "Plan Rows": 999, "Plan Width": 59, "Actual Min Startup Time": 418.484, "Actual Max Startup Time": 418.484, "Actual Min Total Time": 750.31, "Actual Max Total Time": 750.31, "Inner Unique": false, "Plans": [{"Node Type": "Nested Loop", "Parent Relationship": "Outer", "Join Type": "Inner", "Startup Cost": 0.0, "Total Cost": 38204.15, "Plan Rows": 971, "Plan Width": 46, "Actual Min Startup Time": 418.401, "Actual Max Startup Time": 418.401, "Actual Min Total Time": 457.136, "Actual Max Total Time": 457.136, "Inner Unique": false, "Join Filter": "(it1.id = mi.info_type_id)", "Rows Removed by Join Filter": 789, "Plans": [{"Node Type": "Seq Scan", "Parent Relationship": "Outer", "Relation Name": "info_type", "Alias": "it1", "Startup Cost": 0.0, "Total Cost": 2.4, "Plan Rows": 1, "Plan Width": 4, "Actual Min Startup Time": 0.07, "Actual Max Startup Time": 0.07, "Actual Min Total Time": 0.105, "Actual Max Total Time": 0.105, "Filter": "((info)::text = 'genres'::text)", "Rows Removed by Filter": 111, "Actual Rows": 1}, {"Node Type": "Materialize", "Parent Relationship": "Inner", "Startup Cost": 0.0, "Total Cost": 37522.04, "Plan Rows": 67971, "Plan Width": 50, "Actual Min Startup Time": 418.259, "Actual Max Startup Time": 418.259, "Actual Min Total Time": 427.845, "Actual Max Total Time": 427.845, "Plans": [{"Node Type": "Streaming(type: LOCAL GATHER dop: 1/16)", "Parent Relationship": "Outer", "Startup Cost": 0.0, "Total Cost": 37352.11, "Plan Rows": 67971, "Plan Width": 50, "Actual Min Startup Time": 267.189, "Actual Max Startup Time": 267.189, "Actual Min Total Time": 406.953, "Actual Max Total Time": 406.953, "Plans": [{"Node Type": "Seq Scan", "Parent Relationship": "Outer", "Relation Name": "movie_info", "Alias": "mi", "Startup Cost": 0.0, "Total Cost": 35885.16, "Plan Rows": 67971, "Plan Width": 50, "Actual Min Startup Time": 236.199, "Actual Max Startup Time": 341.623, "Actual Min Total Time": 383.341, "Actual Max Total Time": 397.733, "Filter": "((note IS NULL) AND ((info)::text = ANY ('{Horror,Thriller}'::text[])))", "Rows Removed by Filter": 14762672, "Actual Rows": 73047}], "Actual Rows": 73047}], "Actual Rows": 73048}], "Actual Rows": 72258}, {"Node Type": "Index Scan", "Parent Relationship": "Inner", "Scan Direction": "Forward", "Index Name": "movie_id_movie_info_idx", "Relation Name": "movie_info_idx", "Alias": "mi_idx", "Startup Cost": 0.0, "Total Cost": 0.96, "Plan Rows": 1, "Plan Width": 13, "Actual Min Startup Time": 255.529, "Actual Max Startup Time": 255.529, "Actual Min Total Time": 258.944, "Actual Max Total Time": 258.944, "Index Cond": "(movie_id = mi.movie_id)", "Rows Removed by Index Recheck": 0, "Filter": "((info)::text > '8.0'::text)", "Rows Removed by Filter": 113143, "Actual Rows": 4135}], "Actual Rows": 4135}], "Actual Rows": 732}, {"Node Type": "Index Scan", "Parent Relationship": "Inner", "Scan Direction": "Forward", "Index Name": "title_pkey", "Relation Name": "title", "Alias": "t", "Startup Cost": 0.0, "Total Cost": 2.84, "Plan Rows": 1, "Plan Width": 21, "Actual Min Startup Time": 4.157, "Actual Max Startup Time": 4.157, "Actual Min Total Time": 4.157, "Actual Max Total Time": 4.157, "Index Cond": "(id = mi.movie_id)", "Rows Removed by Index Recheck": 0, "Filter": "((production_year >= 2008) AND (production_year <= 2014))", "Rows Removed by Filter": 374, "Actual Rows": 358}], "Actual Rows": 358}, {"Node Type": "Index Scan", "Parent Relationship": "Inner", "Scan Direction": "Forward", "Index Name": "movie_id_cast_info", "Relation Name": "cast_info", "Alias": "ci", "Startup Cost": 0.0, "Total Cost": 2.34, "Plan Rows": 1, "Plan Width": 8, "Actual Min Startup Time": 18.983, "Actual Max Startup Time": 18.983, "Actual Min Total Time": 24.063, "Actual Max Total Time": 24.063, "Index Cond": "(movie_id = t.id)", "Rows Removed by Index Recheck": 0, "Filter": "((note)::text = ANY ('{(writer),\"(head writer)\",\"(written by)\",(story),\"(story editor)\"}'::text[]))", "Rows Removed by Filter": 12296, "Actual Rows": 268}], "Actual Rows": 268}, {"Node Type": "Index Scan", "Parent Relationship": "Inner", "Scan Direction": "Forward", "Index Name": "name_pkey", "Relation Name": "name", "Alias": "n", "Startup Cost": 0.0, "Total Cost": 0.49, "Plan Rows": 1, "Plan Width": 4, "Actual Min Startup Time": 1.815, "Actual Max Startup Time": 1.815, "Actual Min Total Time": 1.815, "Actual Max Total Time": 1.815, "Index Cond": "(id = ci.person_id)", "Rows Removed by Index Recheck": 0, "Filter": "((gender IS NOT NULL) AND ((gender)::text = 'f'::text))", "Rows Removed by Filter": 257, "Actual Rows": 11}], "Actual Rows": 11}], "Actual Rows": 1}, "Triggers": [], "Planner Runtime": 16.483, "Total Runtime": 786.667, "Unique SQL Id": 661781350}}, "(16, '17')": {"explain_plan": {"Plan": {"Node Type": "Aggregate", "Strategy": "Plain", "Startup Cost": 84230.9, "Total Cost": 84230.91, "Plan Rows": 1, "Plan Width": 160, "Plans": [{"Node Type": "Nested Loop", "Parent Relationship": "Outer", "Join Type": "Inner", "Startup Cost": 7419.04, "Total Cost": 84229.26, "Plan Rows": 219, "Plan Width": 64, "Inner Unique": true, "Plans": [{"Node Type": "Nested Loop", "Parent Relationship": "Outer", "Join Type": "Inner", "Startup Cost": 7419.04, "Total Cost": 84068.27, "Plan Rows": 321, "Plan Width": 68, "Inner Unique": false, "Plans": [{"Node Type": "Nested Loop", "Parent Relationship": "Outer", "Join Type": "Inner", "Startup Cost": 7419.04, "Total Cost": 83383.24, "Plan Rows": 291, "Plan Width": 76, "Inner Unique": false, "Join Filter": "(mi.info_type_id = it1.id)", "Plans": [{"Node Type": "Index Scan", "Parent Relationship": "Outer", "Scan Direction": "Forward", "Index Name": "info_type_pkey", "Relation Name": "info_type", "Alias": "it1", "Startup Cost": 0.0, "Total Cost": 14.21, "Plan Rows": 1, "Plan Width": 4, "Filter": "((info)::text = 'genres'::text)"}, {"Node Type": "Nested Loop", "Parent Relationship": "Inner", "Join Type": "Inner", "Startup Cost": 7419.04, "Total Cost": 83197.12, "Plan Rows": 13753, "Plan Width": 80, "Inner Unique": false, "Plans": [{"Node Type": "Nested Loop", "Parent Relationship": "Outer", "Join Type": "Inner", "Startup Cost": 7419.04, "Total Cost": 61824.99, "Plan Rows": 15041, "Plan Width": 30, "Inner Unique": true, "Plans": [{"Node Type": "Nested Loop", "Parent Relationship": "Outer", "Join Type": "Inner", "Startup Cost": 7419.04, "Total Cost": 19211.73, "Plan Rows": 12936, "Plan Width": 9, "Inner Unique": false, "Plans": [{"Node Type": "Index Scan", "Parent Relationship": "Outer", "Scan Direction": "Forward", "Index Name": "info_type_pkey", "Relation Name": "info_type", "Alias": "it2", "Startup Cost": 0.0, "Total Cost": 14.21, "Plan Rows": 1, "Plan Width": 4, "Filter": "((info)::text = 'rating'::text)"}, {"Node Type": "Bitmap Heap Scan", "Parent Relationship": "Inner", "Relation Name": "movie_info_idx", "Alias": "mi_idx", "Startup Cost": 7419.04, "Total Cost": 19068.16, "Plan Rows": 12936, "Plan Width": 13, "Recheck Cond": "(info_type_id = it2.id)", "Filter": "((info)::text > '8.0'::text)", "Plans": [{"Node Type": "Bitmap Index Scan", "Parent Relationship": "Outer", "Index Name": "info_type_id_movie_info_idx", "Startup Cost": 0.0, "Total Cost": 7415.81, "Plan Rows": 345008, "Plan Width": 0, "Index Cond": "(info_type_id = it2.id)"}]}]}, {"Node Type": "Index Scan", "Parent Relationship": "Inner", "Scan Direction": "Forward", "Index Name": "title_pkey", "Relation Name": "title", "Alias": "t", "Startup Cost": 0.0, "Total Cost": 3.28, "Plan Rows": 1, "Plan Width": 21, "Index Cond": "(id = mi_idx.movie_id)", "Filter": "((production_year >= 2008) AND (production_year <= 2014))"}]}, {"Node Type": "Index Scan", "Parent Relationship": "Inner", "Scan Direction": "Forward", "Index Name": "movie_id_movie_info", "Relation Name": "movie_info", "Alias": "mi", "Startup Cost": 0.0, "Total Cost": 1.41, "Plan Rows": 1, "Plan Width": 50, "Index Cond": "(movie_id = t.id)", "Filter": "((note IS NULL) AND ((info)::text = ANY ('{Horror,Thriller}'::text[])))"}]}]}, {"Node Type": "Index Scan", "Parent Relationship": "Inner", "Scan Direction": "Forward", "Index Name": "movie_id_cast_info", "Relation Name": "cast_info", "Alias": "ci", "Startup Cost": 0.0, "Total Cost": 2.34, "Plan Rows": 1, "Plan Width": 8, "Index Cond": "(movie_id = t.id)", "Filter": "((note)::text = ANY ('{(writer),\"(head writer)\",\"(written by)\",(story),\"(story editor)\"}'::text[]))"}]}, {"Node Type": "Index Scan", "Parent Relationship": "Inner", "Scan Direction": "Forward", "Index Name": "name_pkey", "Relation Name": "name", "Alias": "n", "Startup Cost": 0.0, "Total Cost": 0.49, "Plan Rows": 1, "Plan Width": 4, "Index Cond": "(id = ci.person_id)", "Filter": "((gender IS NOT NULL) AND ((gender)::text = 'f'::text))"}]}]}, "Unique SQL Id": 661781350, "Planner Runtime": 17}, "explain_analyze_plan": {"Plan": {"Node Type": "Aggregate", "Strategy": "Plain", "Startup Cost": 84230.9, "Total Cost": 84230.91, "Plan Rows": 1, "Plan Width": 160, "Actual Startup Time": 548.11, "Actual Total Time": 548.11, "Actual Rows": 1, "Actual Loops": 1, "Plans": [{"Node Type": "Nested Loop", "Parent Relationship": "Outer", "Join Type": "Inner", "Startup Cost": 7419.04, "Total Cost": 84229.26, "Plan Rows": 219, "Plan Width": 64, "Actual Startup Time": 313.092, "Actual Total Time": 548.036, "Actual Rows": 11, "Actual Loops": 1, "Inner Unique": true, "Plans": [{"Node Type": "Nested Loop", "Parent Relationship": "Outer", "Join Type": "Inner", "Startup Cost": 7419.04, "Total Cost": 84068.27, "Plan Rows": 321, "Plan Width": 68, "Actual Startup Time": 126.942, "Actual Total Time": 545.831, "Actual Rows": 268, "Actual Loops": 1, "Inner Unique": false, "Plans": [{"Node Type": "Nested Loop", "Parent Relationship": "Outer", "Join Type": "Inner", "Startup Cost": 7419.04, "Total Cost": 83383.24, "Plan Rows": 291, "Plan Width": 76, "Actual Startup Time": 66.913, "Actual Total Time": 520.715, "Actual Rows": 358, "Actual Loops": 1, "Inner Unique": false, "Join Filter": "(mi.info_type_id = it1.id)", "Rows Removed by Join Filter": 0, "Plans": [{"Node Type": "Index Scan", "Parent Relationship": "Outer", "Scan Direction": "Forward", "Index Name": "info_type_pkey", "Relation Name": "info_type", "Alias": "it1", "Startup Cost": 0.0, "Total Cost": 14.21, "Plan Rows": 1, "Plan Width": 4, "Actual Startup Time": 0.029, "Actual Total Time": 0.079, "Actual Rows": 1, "Actual Loops": 1, "Filter": "((info)::text = 'genres'::text)", "Rows Removed by Filter": 111}, {"Node Type": "Nested Loop", "Parent Relationship": "Inner", "Join Type": "Inner", "Startup Cost": 7419.04, "Total Cost": 83197.12, "Plan Rows": 13753, "Plan Width": 80, "Actual Startup Time": 66.872, "Actual Total Time": 520.361, "Actual Rows": 358, "Actual Loops": 1, "Inner Unique": false, "Plans": [{"Node Type": "Nested Loop", "Parent Relationship": "Outer", "Join Type": "Inner", "Startup Cost": 7419.04, "Total Cost": 61824.99, "Plan Rows": 15041, "Plan Width": 30, "Actual Startup Time": 60.361, "Actual Total Time": 383.098, "Actual Rows": 6152, "Actual Loops": 1, "Inner Unique": true, "Plans": [{"Node Type": "Nested Loop", "Parent Relationship": "Outer", "Join Type": "Inner", "Startup Cost": 7419.04, "Total Cost": 19211.73, "Plan Rows": 12936, "Plan Width": 9, "Actual Startup Time": 58.913, "Actual Total Time": 304.889, "Actual Rows": 15849, "Actual Loops": 1, "Inner Unique": false, "Plans": [{"Node Type": "Index Scan", "Parent Relationship": "Outer", "Scan Direction": "Forward", "Index Name": "info_type_pkey", "Relation Name": "info_type", "Alias": "it2", "Startup Cost": 0.0, "Total Cost": 14.21, "Plan Rows": 1, "Plan Width": 4, "Actual Startup Time": 0.048, "Actual Total Time": 0.061, "Actual Rows": 1, "Actual Loops": 1, "Filter": "((info)::text = 'rating'::text)", "Rows Removed by Filter": 111}, {"Node Type": "Bitmap Heap Scan", "Parent Relationship": "Inner", "Relation Name": "movie_info_idx", "Alias": "mi_idx", "Startup Cost": 7419.04, "Total Cost": 19068.16, "Plan Rows": 12936, "Plan Width": 13, "Actual Startup Time": 58.858, "Actual Total Time": 301.234, "Actual Rows": 15849, "Actual Loops": 1, "Recheck Cond": "(info_type_id = it2.id)", "Rows Removed by Index Recheck": 0, "Filter": "((info)::text > '8.0'::text)", "Rows Removed by Filter": 444076, "Exact Heap Blocks": 6472, "Lossy Heap Blocks": 6472, "Plans": [{"Node Type": "Bitmap Index Scan", "Parent Relationship": "Outer", "Index Name": "info_type_id_movie_info_idx", "Startup Cost": 0.0, "Total Cost": 7415.81, "Plan Rows": 345008, "Plan Width": 0, "Actual Startup Time": 57.616, "Actual Total Time": 57.616, "Actual Rows": 459925, "Actual Loops": 1, "Index Cond": "(info_type_id = it2.id)"}]}]}, {"Node Type": "Index Scan", "Parent Relationship": "Inner", "Scan Direction": "Forward", "Index Name": "title_pkey", "Relation Name": "title", "Alias": "t", "Startup Cost": 0.0, "Total Cost": 3.28, "Plan Rows": 1, "Plan Width": 21, "Actual Startup Time": 68.105, "Actual Total Time": 68.105, "Actual Rows": 6152, "Actual Loops": 15849, "Index Cond": "(id = mi_idx.movie_id)", "Rows Removed by Index Recheck": 0, "Filter": "((production_year >= 2008) AND (production_year <= 2014))", "Rows Removed by Filter": 9697}]}, {"Node Type": "Index Scan", "Parent Relationship": "Inner", "Scan Direction": "Forward", "Index Name": "movie_id_movie_info", "Relation Name": "movie_info", "Alias": "mi", "Startup Cost": 0.0, "Total Cost": 1.41, "Plan Rows": 1, "Plan Width": 50, "Actual Startup Time": 133.561, "Actual Total Time": 133.864, "Actual Rows": 358, "Actual Loops": 6152, "Index Cond": "(movie_id = t.id)", "Rows Removed by Index Recheck": 0, "Filter": "((note IS NULL) AND ((info)::text = ANY ('{Horror,Thriller}'::text[])))", "Rows Removed by Filter": 109599}]}]}, {"Node Type": "Index Scan", "Parent Relationship": "Inner", "Scan Direction": "Forward", "Index Name": "movie_id_cast_info", "Relation Name": "cast_info", "Alias": "ci", "Startup Cost": 0.0, "Total Cost": 2.34, "Plan Rows": 1, "Plan Width": 8, "Actual Startup Time": 19.441, "Actual Total Time": 24.677, "Actual Rows": 268, "Actual Loops": 358, "Index Cond": "(movie_id = t.id)", "Rows Removed by Index Recheck": 0, "Filter": "((note)::text = ANY ('{(writer),\"(head writer)\",\"(written by)\",(story),\"(story editor)\"}'::text[]))", "Rows Removed by Filter": 12296}]}, {"Node Type": "Index Scan", "Parent Relationship": "Inner", "Scan Direction": "Forward", "Index Name": "name_pkey", "Relation Name": "name", "Alias": "n", "Startup Cost": 0.0, "Total Cost": 0.49, "Plan Rows": 1, "Plan Width": 4, "Actual Startup Time": 1.95, "Actual Total Time": 1.95, "Actual Rows": 11, "Actual Loops": 268, "Index Cond": "(id = ci.person_id)", "Rows Removed by Index Recheck": 0, "Filter": "((gender IS NOT NULL) AND ((gender)::text = 'f'::text))", "Rows Removed by Filter": 257}]}]}, "Triggers": [], "Planner Runtime": 23.008, "Total Runtime": 548.511, "Unique SQL Id": 661781350}}, "(16, '18')": {"explain_plan": {"Plan": {"Node Type": "Aggregate", "Strategy": "Plain", "Startup Cost": 46768.59, "Total Cost": 46768.6, "Plan Rows": 1, "Plan Width": 160, "Plans": [{"Node Type": "Nested Loop", "Parent Relationship": "Outer", "Join Type": "Inner", "Startup Cost": 2.67, "Total Cost": 46766.94, "Plan Rows": 219, "Plan Width": 64, "Inner Unique": true, "Plans": [{"Node Type": "Nested Loop", "Parent Relationship": "Outer", "Join Type": "Inner", "Startup Cost": 2.36, "Total Cost": 45375.82, "Plan Rows": 321, "Plan Width": 68, "Inner Unique": false, "Plans": [{"Node Type": "Nested Loop", "Parent Relationship": "Outer", "Join Type": "Inner", "Startup Cost": 1.35, "Total Cost": 43882.65, "Plan Rows": 291, "Plan Width": 76, "Inner Unique": true, "Plans": [{"Node Type": "Nested Loop", "Parent Relationship": "Outer", "Join Type": "Inner", "Startup Cost": 0.55, "Total Cost": 42675.2, "Plan Rows": 250, "Plan Width": 55, "Inner Unique": false, "Join Filter": "(mi_idx.info_type_id = it2.id)", "Plans": [{"Node Type": "Seq Scan", "Parent Relationship": "Outer", "Relation Name": "info_type", "Alias": "it2", "Startup Cost": 0.0, "Total Cost": 2.4, "Plan Rows": 1, "Plan Width": 4, "Filter": "((info)::text = 'rating'::text)"}, {"Node Type": "Nested Loop", "Parent Relationship": "Inner", "Join Type": "Inner", "Startup Cost": 0.55, "Total Cost": 42660.32, "Plan Rows": 999, "Plan Width": 59, "Inner Unique": false, "Plans": [{"Node Type": "Nested Loop", "Parent Relationship": "Outer", "Join Type": "Inner", "Startup Cost": 0.0, "Total Cost": 38204.15, "Plan Rows": 971, "Plan Width": 46, "Inner Unique": false, "Join Filter": "(it1.id = mi.info_type_id)", "Plans": [{"Node Type": "Seq Scan", "Parent Relationship": "Outer", "Relation Name": "info_type", "Alias": "it1", "Startup Cost": 0.0, "Total Cost": 2.4, "Plan Rows": 1, "Plan Width": 4, "Filter": "((info)::text = 'genres'::text)"}, {"Node Type": "Materialize", "Parent Relationship": "Inner", "Startup Cost": 0.0, "Total Cost": 37522.04, "Plan Rows": 67971, "Plan Width": 50, "Plans": [{"Node Type": "Streaming(type: LOCAL GATHER dop: 1/16)", "Parent Relationship": "Outer", "Startup Cost": 0.0, "Total Cost": 37352.11, "Plan Rows": 67971, "Plan Width": 50, "Plans": [{"Node Type": "Seq Scan", "Parent Relationship": "Outer", "Relation Name": "movie_info", "Alias": "mi", "Startup Cost": 0.0, "Total Cost": 35885.16, "Plan Rows": 67971, "Plan Width": 50, "Filter": "((note IS NULL) AND ((info)::text = ANY ('{Horror,Thriller}'::text[])))"}]}]}]}, {"Node Type": "Bitmap Heap Scan", "Parent Relationship": "Inner", "Relation Name": "movie_info_idx", "Alias": "mi_idx", "Startup Cost": 0.55, "Total Cost": 4.58, "Plan Rows": 1, "Plan Width": 13, "Recheck Cond": "(movie_id = mi.movie_id)", "Filter": "((info)::text > '8.0'::text)", "Plans": [{"Node Type": "Bitmap Index Scan", "Parent Relationship": "Outer", "Index Name": "movie_id_movie_info_idx", "Startup Cost": 0.0, "Total Cost": 0.55, "Plan Rows": 2, "Plan Width": 0, "Index Cond": "(movie_id = mi.movie_id)"}]}]}]}, {"Node Type": "Bitmap Heap Scan", "Parent Relationship": "Inner", "Relation Name": "title", "Alias": "t", "Startup Cost": 0.8, "Total Cost": 4.82, "Plan Rows": 1, "Plan Width": 21, "Recheck Cond": "(id = mi.movie_id)", "Filter": "((production_year >= 2008) AND (production_year <= 2014))", "Plans": [{"Node Type": "Bitmap Index Scan", "Parent Relationship": "Outer", "Index Name": "title_pkey", "Startup Cost": 0.0, "Total Cost": 0.8, "Plan Rows": 1, "Plan Width": 0, "Index Cond": "(id = mi.movie_id)"}]}]}, {"Node Type": "Bitmap Heap Scan", "Parent Relationship": "Inner", "Relation Name": "cast_info", "Alias": "ci", "Startup Cost": 1.01, "Total Cost": 5.12, "Plan Rows": 1, "Plan Width": 8, "Recheck Cond": "(movie_id = t.id)", "Filter": "((note)::text = ANY ('{(writer),\"(head writer)\",\"(written by)\",(story),\"(story editor)\"}'::text[]))", "Plans": [{"Node Type": "Bitmap Index Scan", "Parent Relationship": "Outer", "Index Name": "movie_id_cast_info", "Startup Cost": 0.0, "Total Cost": 1.01, "Plan Rows": 6, "Plan Width": 0, "Index Cond": "(movie_id = t.id)"}]}]}, {"Node Type": "Bitmap Heap Scan", "Parent Relationship": "Inner", "Relation Name": "name", "Alias": "n", "Startup Cost": 0.31, "Total Cost": 4.32, "Plan Rows": 1, "Plan Width": 4, "Recheck Cond": "(id = ci.person_id)", "Filter": "((gender IS NOT NULL) AND ((gender)::text = 'f'::text))", "Plans": [{"Node Type": "Bitmap Index Scan", "Parent Relationship": "Outer", "Index Name": "name_pkey", "Startup Cost": 0.0, "Total Cost": 0.31, "Plan Rows": 1, "Plan Width": 0, "Index Cond": "(id = ci.person_id)"}]}]}]}, "Unique SQL Id": 661781350, "Planner Runtime": 25}, "explain_analyze_plan": {"Plan": {"Node Type": "Aggregate", "Strategy": "Plain", "Startup Cost": 46768.59, "Total Cost": 46768.6, "Plan Rows": 1, "Plan Width": 160, "Actual Min Startup Time": 899.573, "Actual Max Startup Time": 899.573, "Actual Min Total Time": 899.573, "Actual Max Total Time": 899.573, "Plans": [{"Node Type": "Nested Loop", "Parent Relationship": "Outer", "Join Type": "Inner", "Startup Cost": 2.67, "Total Cost": 46766.94, "Plan Rows": 219, "Plan Width": 64, "Actual Min Startup Time": 424.809, "Actual Max Startup Time": 424.809, "Actual Min Total Time": 899.504, "Actual Max Total Time": 899.504, "Inner Unique": true, "Plans": [{"Node Type": "Nested Loop", "Parent Relationship": "Outer", "Join Type": "Inner", "Startup Cost": 2.36, "Total Cost": 45375.82, "Plan Rows": 321, "Plan Width": 68, "Actual Min Startup Time": 421.88, "Actual Max Startup Time": 421.88, "Actual Min Total Time": 896.715, "Actual Max Total Time": 896.715, "Inner Unique": false, "Plans": [{"Node Type": "Nested Loop", "Parent Relationship": "Outer", "Join Type": "Inner", "Startup Cost": 1.35, "Total Cost": 43882.65, "Plan Rows": 291, "Plan Width": 76, "Actual Min Startup Time": 420.773, "Actual Max Startup Time": 420.773, "Actual Min Total Time": 864.87, "Actual Max Total Time": 864.87, "Inner Unique": true, "Plans": [{"Node Type": "Nested Loop", "Parent Relationship": "Outer", "Join Type": "Inner", "Startup Cost": 0.55, "Total Cost": 42675.2, "Plan Rows": 250, "Plan Width": 55, "Actual Min Startup Time": 420.746, "Actual Max Startup Time": 420.746, "Actual Min Total Time": 858.642, "Actual Max Total Time": 858.642, "Inner Unique": false, "Join Filter": "(mi_idx.info_type_id = it2.id)", "Rows Removed by Join Filter": 3403, "Plans": [{"Node Type": "Seq Scan", "Parent Relationship": "Outer", "Relation Name": "info_type", "Alias": "it2", "Startup Cost": 0.0, "Total Cost": 2.4, "Plan Rows": 1, "Plan Width": 4, "Actual Min Startup Time": 0.07, "Actual Max Startup Time": 0.07, "Actual Min Total Time": 0.078, "Actual Max Total Time": 0.078, "Filter": "((info)::text = 'rating'::text)", "Rows Removed by Filter": 111, "Actual Rows": 1}, {"Node Type": "Nested Loop", "Parent Relationship": "Inner", "Join Type": "Inner", "Startup Cost": 0.55, "Total Cost": 42660.32, "Plan Rows": 999, "Plan Width": 59, "Actual Min Startup Time": 420.561, "Actual Max Startup Time": 420.561, "Actual Min Total Time": 856.38, "Actual Max Total Time": 856.38, "Inner Unique": false, "Plans": [{"Node Type": "Nested Loop", "Parent Relationship": "Outer", "Join Type": "Inner", "Startup Cost": 0.0, "Total Cost": 38204.15, "Plan Rows": 971, "Plan Width": 46, "Actual Min Startup Time": 420.454, "Actual Max Startup Time": 420.454, "Actual Min Total Time": 461.536, "Actual Max Total Time": 461.536, "Inner Unique": false, "Join Filter": "(it1.id = mi.info_type_id)", "Rows Removed by Join Filter": 789, "Plans": [{"Node Type": "Seq Scan", "Parent Relationship": "Outer", "Relation Name": "info_type", "Alias": "it1", "Startup Cost": 0.0, "Total Cost": 2.4, "Plan Rows": 1, "Plan Width": 4, "Actual Min Startup Time": 0.064, "Actual Max Startup Time": 0.064, "Actual Min Total Time": 0.098, "Actual Max Total Time": 0.098, "Filter": "((info)::text = 'genres'::text)", "Rows Removed by Filter": 111, "Actual Rows": 1}, {"Node Type": "Materialize", "Parent Relationship": "Inner", "Startup Cost": 0.0, "Total Cost": 37522.04, "Plan Rows": 67971, "Plan Width": 50, "Actual Min Startup Time": 420.316, "Actual Max Startup Time": 420.316, "Actual Min Total Time": 431.157, "Actual Max Total Time": 431.157, "Plans": [{"Node Type": "Streaming(type: LOCAL GATHER dop: 1/16)", "Parent Relationship": "Outer", "Startup Cost": 0.0, "Total Cost": 37352.11, "Plan Rows": 67971, "Plan Width": 50, "Actual Min Startup Time": 269.639, "Actual Max Startup Time": 269.639, "Actual Min Total Time": 409.112, "Actual Max Total Time": 409.112, "Plans": [{"Node Type": "Seq Scan", "Parent Relationship": "Outer", "Relation Name": "movie_info", "Alias": "mi", "Startup Cost": 0.0, "Total Cost": 35885.16, "Plan Rows": 67971, "Plan Width": 50, "Actual Min Startup Time": 236.103, "Actual Max Startup Time": 341.787, "Actual Min Total Time": 383.994, "Actual Max Total Time": 395.944, "Filter": "((note IS NULL) AND ((info)::text = ANY ('{Horror,Thriller}'::text[])))", "Rows Removed by Filter": 14762672, "Actual Rows": 73047}], "Actual Rows": 73047}], "Actual Rows": 73048}], "Actual Rows": 72258}, {"Node Type": "Bitmap Heap Scan", "Parent Relationship": "Inner", "Relation Name": "movie_info_idx", "Alias": "mi_idx", "Startup Cost": 0.55, "Total Cost": 4.58, "Plan Rows": 1, "Plan Width": 13, "Actual Min Startup Time": 312.612, "Actual Max Startup Time": 312.612, "Actual Min Total Time": 314.429, "Actual Max Total Time": 314.429, "Recheck Cond": "(movie_id = mi.movie_id)", "Rows Removed by Index Recheck": 0, "Filter": "((info)::text > '8.0'::text)", "Rows Removed by Filter": 113143, "Exact Heap Blocks": 39507, "Lossy Heap Blocks": 39507, "Plans": [{"Node Type": "Bitmap Index Scan", "Parent Relationship": "Outer", "Index Name": "movie_id_movie_info_idx", "Startup Cost": 0.0, "Total Cost": 0.55, "Plan Rows": 2, "Plan Width": 0, "Actual Min Startup Time": 182.59, "Actual Max Startup Time": 182.59, "Actual Min Total Time": 182.59, "Actual Max Total Time": 182.59, "Index Cond": "(movie_id = mi.movie_id)", "Actual Rows": 117278}], "Actual Rows": 4135}], "Actual Rows": 4135}], "Actual Rows": 732}, {"Node Type": "Bitmap Heap Scan", "Parent Relationship": "Inner", "Relation Name": "title", "Alias": "t", "Startup Cost": 0.8, "Total Cost": 4.82, "Plan Rows": 1, "Plan Width": 21, "Actual Min Startup Time": 5.132, "Actual Max Startup Time": 5.132, "Actual Min Total Time": 5.132, "Actual Max Total Time": 5.132, "Recheck Cond": "(id = mi.movie_id)", "Rows Removed by Index Recheck": 0, "Filter": "((production_year >= 2008) AND (production_year <= 2014))", "Rows Removed by Filter": 374, "Exact Heap Blocks": 732, "Lossy Heap Blocks": 732, "Plans": [{"Node Type": "Bitmap Index Scan", "Parent Relationship": "Outer", "Index Name": "title_pkey", "Startup Cost": 0.0, "Total Cost": 0.8, "Plan Rows": 1, "Plan Width": 0, "Actual Min Startup Time": 3.046, "Actual Max Startup Time": 3.046, "Actual Min Total Time": 3.046, "Actual Max Total Time": 3.046, "Index Cond": "(id = mi.movie_id)", "Actual Rows": 732}], "Actual Rows": 358}], "Actual Rows": 358}, {"Node Type": "Bitmap Heap Scan", "Parent Relationship": "Inner", "Relation Name": "cast_info", "Alias": "ci", "Startup Cost": 1.01, "Total Cost": 5.12, "Plan Rows": 1, "Plan Width": 8, "Actual Min Startup Time": 25.305, "Actual Max Startup Time": 25.305, "Actual Min Total Time": 30.926, "Actual Max Total Time": 30.926, "Recheck Cond": "(movie_id = t.id)", "Rows Removed by Index Recheck": 0, "Filter": "((note)::text = ANY ('{(writer),\"(head writer)\",\"(written by)\",(story),\"(story editor)\"}'::text[]))", "Rows Removed by Filter": 12296, "Exact Heap Blocks": 11454, "Lossy Heap Blocks": 11454, "Plans": [{"Node Type": "Bitmap Index Scan", "Parent Relationship": "Outer", "Index Name": "movie_id_cast_info", "Startup Cost": 0.0, "Total Cost": 1.01, "Plan Rows": 6, "Plan Width": 0, "Actual Min Startup Time": 4.678, "Actual Max Startup Time": 4.678, "Actual Min Total Time": 4.678, "Actual Max Total Time": 4.678, "Index Cond": "(movie_id = t.id)", "Actual Rows": 12564}], "Actual Rows": 268}], "Actual Rows": 268}, {"Node Type": "Bitmap Heap Scan", "Parent Relationship": "Inner", "Relation Name": "name", "Alias": "n", "Startup Cost": 0.31, "Total Cost": 4.32, "Plan Rows": 1, "Plan Width": 4, "Actual Min Startup Time": 2.258, "Actual Max Startup Time": 2.258, "Actual Min Total Time": 2.258, "Actual Max Total Time": 2.258, "Recheck Cond": "(id = ci.person_id)", "Rows Removed by Index Recheck": 0, "Filter": "((gender IS NOT NULL) AND ((gender)::text = 'f'::text))", "Rows Removed by Filter": 257, "Exact Heap Blocks": 268, "Lossy Heap Blocks": 268, "Plans": [{"Node Type": "Bitmap Index Scan", "Parent Relationship": "Outer", "Index Name": "name_pkey", "Startup Cost": 0.0, "Total Cost": 0.31, "Plan Rows": 1, "Plan Width": 0, "Actual Min Startup Time": 1.381, "Actual Max Startup Time": 1.381, "Actual Min Total Time": 1.381, "Actual Max Total Time": 1.381, "Index Cond": "(id = ci.person_id)", "Actual Rows": 268}], "Actual Rows": 11}], "Actual Rows": 11}], "Actual Rows": 1}, "Triggers": [], "Planner Runtime": 25.228, "Total Runtime": 902.44, "Unique SQL Id": 661781350}}, "(16, '19')": {"explain_plan": {"Plan": {"Node Type": "Aggregate", "Strategy": "Plain", "Startup Cost": 157109.69, "Total Cost": 157109.7, "Plan Rows": 1, "Plan Width": 160, "Plans": [{"Node Type": "Nested Loop", "Parent Relationship": "Outer", "Join Type": "Inner", "Startup Cost": 7439.53, "Total Cost": 157108.05, "Plan Rows": 219, "Plan Width": 64, "Inner Unique": true, "Plans": [{"Node Type": "Nested Loop", "Parent Relationship": "Outer", "Join Type": "Inner", "Startup Cost": 7439.22, "Total Cost": 155716.93, "Plan Rows": 321, "Plan Width": 68, "Inner Unique": false, "Plans": [{"Node Type": "Nested Loop", "Parent Relationship": "Outer", "Join Type": "Inner", "Startup Cost": 7438.22, "Total Cost": 154223.75, "Plan Rows": 291, "Plan Width": 76, "Inner Unique": false, "Join Filter": "(mi.info_type_id = it1.id)", "Plans": [{"Node Type": "Bitmap Heap Scan", "Parent Relationship": "Outer", "Relation Name": "info_type", "Alias": "it1", "Startup Cost": 8.81, "Total Cost": 14.21, "Plan Rows": 1, "Plan Width": 4, "Filter": "((info)::text = 'genres'::text)", "Plans": [{"Node Type": "Bitmap Index Scan", "Parent Relationship": "Outer", "Index Name": "info_type_pkey", "Startup Cost": 0.0, "Total Cost": 8.81, "Plan Rows": 112, "Plan Width": 0}]}, {"Node Type": "Nested Loop", "Parent Relationship": "Inner", "Join Type": "Inner", "Startup Cost": 7429.41, "Total Cost": 154037.63, "Plan Rows": 13753, "Plan Width": 80, "Inner Unique": false, "Plans": [{"Node Type": "Nested Loop", "Parent Relationship": "Outer", "Join Type": "Inner", "Startup Cost": 7428.83, "Total Cost": 83898.37, "Plan Rows": 15041, "Plan Width": 30, "Inner Unique": true, "Plans": [{"Node Type": "Nested Loop", "Parent Relationship": "Outer", "Join Type": "Inner", "Startup Cost": 7427.85, "Total Cost": 19211.73, "Plan Rows": 12936, "Plan Width": 9, "Inner Unique": false, "Plans": [{"Node Type": "Bitmap Heap Scan", "Parent Relationship": "Outer", "Relation Name": "info_type", "Alias": "it2", "Startup Cost": 8.81, "Total Cost": 14.21, "Plan Rows": 1, "Plan Width": 4, "Filter": "((info)::text = 'rating'::text)", "Plans": [{"Node Type": "Bitmap Index Scan", "Parent Relationship": "Outer", "Index Name": "info_type_pkey", "Startup Cost": 0.0, "Total Cost": 8.81, "Plan Rows": 112, "Plan Width": 0}]}, {"Node Type": "Bitmap Heap Scan", "Parent Relationship": "Inner", "Relation Name": "movie_info_idx", "Alias": "mi_idx", "Startup Cost": 7419.04, "Total Cost": 19068.16, "Plan Rows": 12936, "Plan Width": 13, "Recheck Cond": "(info_type_id = it2.id)", "Filter": "((info)::text > '8.0'::text)", "Plans": [{"Node Type": "Bitmap Index Scan", "Parent Relationship": "Outer", "Index Name": "info_type_id_movie_info_idx", "Startup Cost": 0.0, "Total Cost": 7415.81, "Plan Rows": 345008, "Plan Width": 0, "Index Cond": "(info_type_id = it2.id)"}]}]}, {"Node Type": "Bitmap Heap Scan", "Parent Relationship": "Inner", "Relation Name": "title", "Alias": "t", "Startup Cost": 0.97, "Total Cost": 4.99, "Plan Rows": 1, "Plan Width": 21, "Recheck Cond": "(id = mi_idx.movie_id)", "Filter": "((production_year >= 2008) AND (production_year <= 2014))", "Plans": [{"Node Type": "Bitmap Index Scan", "Parent Relationship": "Outer", "Index Name": "title_pkey", "Startup Cost": 0.0, "Total Cost": 0.97, "Plan Rows": 1, "Plan Width": 0, "Index Cond": "(id = mi_idx.movie_id)"}]}]}, {"Node Type": "Bitmap Heap Scan", "Parent Relationship": "Inner", "Relation Name": "movie_info", "Alias": "mi", "Startup Cost": 0.58, "Total Cost": 4.65, "Plan Rows": 1, "Plan Width": 50, "Recheck Cond": "(movie_id = t.id)", "Filter": "((note IS NULL) AND ((info)::text = ANY ('{Horror,Thriller}'::text[])))", "Plans": [{"Node Type": "Bitmap Index Scan", "Parent Relationship": "Outer", "Index Name": "movie_id_movie_info", "Startup Cost": 0.0, "Total Cost": 0.58, "Plan Rows": 5, "Plan Width": 0, "Index Cond": "(movie_id = t.id)"}]}]}]}, {"Node Type": "Bitmap Heap Scan", "Parent Relationship": "Inner", "Relation Name": "cast_info", "Alias": "ci", "Startup Cost": 1.01, "Total Cost": 5.12, "Plan Rows": 1, "Plan Width": 8, "Recheck Cond": "(movie_id = t.id)", "Filter": "((note)::text = ANY ('{(writer),\"(head writer)\",\"(written by)\",(story),\"(story editor)\"}'::text[]))", "Plans": [{"Node Type": "Bitmap Index Scan", "Parent Relationship": "Outer", "Index Name": "movie_id_cast_info", "Startup Cost": 0.0, "Total Cost": 1.01, "Plan Rows": 6, "Plan Width": 0, "Index Cond": "(movie_id = t.id)"}]}]}, {"Node Type": "Bitmap Heap Scan", "Parent Relationship": "Inner", "Relation Name": "name", "Alias": "n", "Startup Cost": 0.31, "Total Cost": 4.32, "Plan Rows": 1, "Plan Width": 4, "Recheck Cond": "(id = ci.person_id)", "Filter": "((gender IS NOT NULL) AND ((gender)::text = 'f'::text))", "Plans": [{"Node Type": "Bitmap Index Scan", "Parent Relationship": "Outer", "Index Name": "name_pkey", "Startup Cost": 0.0, "Total Cost": 0.31, "Plan Rows": 1, "Plan Width": 0, "Index Cond": "(id = ci.person_id)"}]}]}]}, "Unique SQL Id": 661781350, "Planner Runtime": 20}, "explain_analyze_plan": {"Plan": {"Node Type": "Aggregate", "Strategy": "Plain", "Startup Cost": 157109.69, "Total Cost": 157109.7, "Plan Rows": 1, "Plan Width": 160, "Actual Startup Time": 648.813, "Actual Total Time": 648.813, "Actual Rows": 1, "Actual Loops": 1, "Plans": [{"Node Type": "Nested Loop", "Parent Relationship": "Outer", "Join Type": "Inner", "Startup Cost": 7439.53, "Total Cost": 157108.05, "Plan Rows": 219, "Plan Width": 64, "Actual Startup Time": 394.473, "Actual Total Time": 648.75, "Actual Rows": 11, "Actual Loops": 1, "Inner Unique": true, "Plans": [{"Node Type": "Nested Loop", "Parent Relationship": "Outer", "Join Type": "Inner", "Startup Cost": 7439.22, "Total Cost": 155716.93, "Plan Rows": 321, "Plan Width": 68, "Actual Startup Time": 144.736, "Actual Total Time": 645.961, "Actual Rows": 268, "Actual Loops": 1, "Inner Unique": false, "Plans": [{"Node Type": "Nested Loop", "Parent Relationship": "Outer", "Join Type": "Inner", "Startup Cost": 7438.22, "Total Cost": 154223.75, "Plan Rows": 291, "Plan Width": 76, "Actual Startup Time": 67.802, "Actual Total Time": 613.896, "Actual Rows": 358, "Actual Loops": 1, "Inner Unique": false, "Join Filter": "(mi.info_type_id = it1.id)", "Rows Removed by Join Filter": 0, "Plans": [{"Node Type": "Bitmap Heap Scan", "Parent Relationship": "Outer", "Relation Name": "info_type", "Alias": "it1", "Startup Cost": 8.81, "Total Cost": 14.21, "Plan Rows": 1, "Plan Width": 4, "Actual Startup Time": 0.054, "Actual Total Time": 0.086, "Actual Rows": 1, "Actual Loops": 1, "Filter": "((info)::text = 'genres'::text)", "Rows Removed by Filter": 111, "Exact Heap Blocks": 1, "Lossy Heap Blocks": 1, "Plans": [{"Node Type": "Bitmap Index Scan", "Parent Relationship": "Outer", "Index Name": "info_type_pkey", "Startup Cost": 0.0, "Total Cost": 8.81, "Plan Rows": 112, "Plan Width": 0, "Actual Startup Time": 0.015, "Actual Total Time": 0.015, "Actual Rows": 112, "Actual Loops": 1}]}, {"Node Type": "Nested Loop", "Parent Relationship": "Inner", "Join Type": "Inner", "Startup Cost": 7429.41, "Total Cost": 154037.63, "Plan Rows": 13753, "Plan Width": 80, "Actual Startup Time": 67.737, "Actual Total Time": 613.496, "Actual Rows": 358, "Actual Loops": 1, "Inner Unique": false, "Plans": [{"Node Type": "Nested Loop", "Parent Relationship": "Outer", "Join Type": "Inner", "Startup Cost": 7428.83, "Total Cost": 83898.37, "Plan Rows": 15041, "Plan Width": 30, "Actual Startup Time": 60.256, "Actual Total Time": 430.293, "Actual Rows": 6152, "Actual Loops": 1, "Inner Unique": true, "Plans": [{"Node Type": "Nested Loop", "Parent Relationship": "Outer", "Join Type": "Inner", "Startup Cost": 7427.85, "Total Cost": 19211.73, "Plan Rows": 12936, "Plan Width": 9, "Actual Startup Time": 58.555, "Actual Total Time": 316.66, "Actual Rows": 15849, "Actual Loops": 1, "Inner Unique": false, "Plans": [{"Node Type": "Bitmap Heap Scan", "Parent Relationship": "Outer", "Relation Name": "info_type", "Alias": "it2", "Startup Cost": 8.81, "Total Cost": 14.21, "Plan Rows": 1, "Plan Width": 4, "Actual Startup Time": 0.053, "Actual Total Time": 0.058, "Actual Rows": 1, "Actual Loops": 1, "Filter": "((info)::text = 'rating'::text)", "Rows Removed by Filter": 111, "Exact Heap Blocks": 1, "Lossy Heap Blocks": 1, "Plans": [{"Node Type": "Bitmap Index Scan", "Parent Relationship": "Outer", "Index Name": "info_type_pkey", "Startup Cost": 0.0, "Total Cost": 8.81, "Plan Rows": 112, "Plan Width": 0, "Actual Startup Time": 0.008, "Actual Total Time": 0.008, "Actual Rows": 112, "Actual Loops": 1}]}, {"Node Type": "Bitmap Heap Scan", "Parent Relationship": "Inner", "Relation Name": "movie_info_idx", "Alias": "mi_idx", "Startup Cost": 7419.04, "Total Cost": 19068.16, "Plan Rows": 12936, "Plan Width": 13, "Actual Startup Time": 58.498, "Actual Total Time": 312.884, "Actual Rows": 15849, "Actual Loops": 1, "Recheck Cond": "(info_type_id = it2.id)", "Rows Removed by Index Recheck": 0, "Filter": "((info)::text > '8.0'::text)", "Rows Removed by Filter": 444076, "Exact Heap Blocks": 6472, "Lossy Heap Blocks": 6472, "Plans": [{"Node Type": "Bitmap Index Scan", "Parent Relationship": "Outer", "Index Name": "info_type_id_movie_info_idx", "Startup Cost": 0.0, "Total Cost": 7415.81, "Plan Rows": 345008, "Plan Width": 0, "Actual Startup Time": 57.263, "Actual Total Time": 57.263, "Actual Rows": 459925, "Actual Loops": 1, "Index Cond": "(info_type_id = it2.id)"}]}]}, {"Node Type": "Bitmap Heap Scan", "Parent Relationship": "Inner", "Relation Name": "title", "Alias": "t", "Startup Cost": 0.97, "Total Cost": 4.99, "Plan Rows": 1, "Plan Width": 21, "Actual Startup Time": 92.969, "Actual Total Time": 92.969, "Actual Rows": 6152, "Actual Loops": 15849, "Recheck Cond": "(id = mi_idx.movie_id)", "Rows Removed by Index Recheck": 0, "Filter": "((production_year >= 2008) AND (production_year <= 2014))", "Rows Removed by Filter": 9697, "Exact Heap Blocks": 15849, "Lossy Heap Blocks": 15849, "Plans": [{"Node Type": "Bitmap Index Scan", "Parent Relationship": "Outer", "Index Name": "title_pkey", "Startup Cost": 0.0, "Total Cost": 0.97, "Plan Rows": 1, "Plan Width": 0, "Actual Startup Time": 45.73, "Actual Total Time": 45.73, "Actual Rows": 15849, "Actual Loops": 15849, "Index Cond": "(id = mi_idx.movie_id)"}]}]}, {"Node Type": "Bitmap Heap Scan", "Parent Relationship": "Inner", "Relation Name": "movie_info", "Alias": "mi", "Startup Cost": 0.58, "Total Cost": 4.65, "Plan Rows": 1, "Plan Width": 50, "Actual Startup Time": 174.663, "Actual Total Time": 174.828, "Actual Rows": 358, "Actual Loops": 6152, "Recheck Cond": "(movie_id = t.id)", "Rows Removed by Index Recheck": 0, "Filter": "((note IS NULL) AND ((info)::text = ANY ('{Horror,Thriller}'::text[])))", "Rows Removed by Filter": 109599, "Exact Heap Blocks": 52726, "Lossy Heap Blocks": 52726, "Plans": [{"Node Type": "Bitmap Index Scan", "Parent Relationship": "Outer", "Index Name": "movie_id_movie_info", "Startup Cost": 0.0, "Total Cost": 0.58, "Plan Rows": 5, "Plan Width": 0, "Actual Startup Time": 40.719, "Actual Total Time": 40.719, "Actual Rows": 109957, "Actual Loops": 6152, "Index Cond": "(movie_id = t.id)"}]}]}]}, {"Node Type": "Bitmap Heap Scan", "Parent Relationship": "Inner", "Relation Name": "cast_info", "Alias": "ci", "Startup Cost": 1.01, "Total Cost": 5.12, "Plan Rows": 1, "Plan Width": 8, "Actual Startup Time": 25.29, "Actual Total Time": 31.079, "Actual Rows": 268, "Actual Loops": 358, "Recheck Cond": "(movie_id = t.id)", "Rows Removed by Index Recheck": 0, "Filter": "((note)::text = ANY ('{(writer),\"(head writer)\",\"(written by)\",(story),\"(story editor)\"}'::text[]))", "Rows Removed by Filter": 12296, "Exact Heap Blocks": 11454, "Lossy Heap Blocks": 11454, "Plans": [{"Node Type": "Bitmap Index Scan", "Parent Relationship": "Outer", "Index Name": "movie_id_cast_info", "Startup Cost": 0.0, "Total Cost": 1.01, "Plan Rows": 6, "Plan Width": 0, "Actual Startup Time": 4.711, "Actual Total Time": 4.711, "Actual Rows": 12564, "Actual Loops": 358, "Index Cond": "(movie_id = t.id)"}]}]}, {"Node Type": "Bitmap Heap Scan", "Parent Relationship": "Inner", "Relation Name": "name", "Alias": "n", "Startup Cost": 0.31, "Total Cost": 4.32, "Plan Rows": 1, "Plan Width": 4, "Actual Startup Time": 2.292, "Actual Total Time": 2.292, "Actual Rows": 11, "Actual Loops": 268, "Recheck Cond": "(id = ci.person_id)", "Rows Removed by Index Recheck": 0, "Filter": "((gender IS NOT NULL) AND ((gender)::text = 'f'::text))", "Rows Removed by Filter": 257, "Exact Heap Blocks": 268, "Lossy Heap Blocks": 268, "Plans": [{"Node Type": "Bitmap Index Scan", "Parent Relationship": "Outer", "Index Name": "name_pkey", "Startup Cost": 0.0, "Total Cost": 0.31, "Plan Rows": 1, "Plan Width": 0, "Actual Startup Time": 1.403, "Actual Total Time": 1.403, "Actual Rows": 268, "Actual Loops": 268, "Index Cond": "(id = ci.person_id)"}]}]}]}, "Triggers": [], "Planner Runtime": 23.03, "Total Runtime": 649.145, "Unique SQL Id": 661781350}}, "(16, '20')": {"explain_plan": {"Plan": {"Node Type": "Aggregate", "Strategy": "Plain", "Startup Cost": 40721.77, "Total Cost": 40721.78, "Plan Rows": 1, "Plan Width": 160, "Plans": [{"Node Type": "Nested Loop", "Parent Relationship": "Outer", "Join Type": "Inner", "Startup Cost": 0.0, "Total Cost": 40720.13, "Plan Rows": 219, "Plan Width": 64, "Inner Unique": true, "Plans": [{"Node Type": "Nested Loop", "Parent Relationship": "Outer", "Join Type": "Inner", "Startup Cost": 0.0, "Total Cost": 40559.14, "Plan Rows": 321, "Plan Width": 68, "Inner Unique": false, "Plans": [{"Node Type": "Nested Loop", "Parent Relationship": "Outer", "Join Type": "Inner", "Startup Cost": 0.0, "Total Cost": 39874.11, "Plan Rows": 291, "Plan Width": 76, "Inner Unique": true, "Plans": [{"Node Type": "Nested Loop", "Parent Relationship": "Outer", "Join Type": "Inner", "Startup Cost": 0.0, "Total Cost": 39160.9, "Plan Rows": 250, "Plan Width": 55, "Inner Unique": false, "Join Filter": "(mi_idx.info_type_id = it2.id)", "Plans": [{"Node Type": "Seq Scan", "Parent Relationship": "Outer", "Relation Name": "info_type", "Alias": "it2", "Startup Cost": 0.0, "Total Cost": 2.4, "Plan Rows": 1, "Plan Width": 4, "Filter": "((info)::text = 'rating'::text)"}, {"Node Type": "Nested Loop", "Parent Relationship": "Inner", "Join Type": "Inner", "Startup Cost": 0.0, "Total Cost": 39146.01, "Plan Rows": 999, "Plan Width": 59, "Inner Unique": false, "Plans": [{"Node Type": "Nested Loop", "Parent Relationship": "Outer", "Join Type": "Inner", "Startup Cost": 0.0, "Total Cost": 38204.15, "Plan Rows": 971, "Plan Width": 46, "Inner Unique": false, "Join Filter": "(it1.id = mi.info_type_id)", "Plans": [{"Node Type": "Seq Scan", "Parent Relationship": "Outer", "Relation Name": "info_type", "Alias": "it1", "Startup Cost": 0.0, "Total Cost": 2.4, "Plan Rows": 1, "Plan Width": 4, "Filter": "((info)::text = 'genres'::text)"}, {"Node Type": "Materialize", "Parent Relationship": "Inner", "Startup Cost": 0.0, "Total Cost": 37522.04, "Plan Rows": 67971, "Plan Width": 50, "Plans": [{"Node Type": "Streaming(type: LOCAL GATHER dop: 1/16)", "Parent Relationship": "Outer", "Startup Cost": 0.0, "Total Cost": 37352.11, "Plan Rows": 67971, "Plan Width": 50, "Plans": [{"Node Type": "Seq Scan", "Parent Relationship": "Outer", "Relation Name": "movie_info", "Alias": "mi", "Startup Cost": 0.0, "Total Cost": 35885.16, "Plan Rows": 67971, "Plan Width": 50, "Filter": "((note IS NULL) AND ((info)::text = ANY ('{Horror,Thriller}'::text[])))"}]}]}]}, {"Node Type": "Index Scan", "Parent Relationship": "Inner", "Scan Direction": "Forward", "Index Name": "movie_id_movie_info_idx", "Relation Name": "movie_info_idx", "Alias": "mi_idx", "Startup Cost": 0.0, "Total Cost": 0.96, "Plan Rows": 1, "Plan Width": 13, "Index Cond": "(movie_id = mi.movie_id)", "Filter": "((info)::text > '8.0'::text)"}]}]}, {"Node Type": "Index Scan", "Parent Relationship": "Inner", "Scan Direction": "Forward", "Index Name": "title_pkey", "Relation Name": "title", "Alias": "t", "Startup Cost": 0.0, "Total Cost": 2.84, "Plan Rows": 1, "Plan Width": 21, "Index Cond": "(id = mi.movie_id)", "Filter": "((production_year >= 2008) AND (production_year <= 2014))"}]}, {"Node Type": "Index Scan", "Parent Relationship": "Inner", "Scan Direction": "Forward", "Index Name": "movie_id_cast_info", "Relation Name": "cast_info", "Alias": "ci", "Startup Cost": 0.0, "Total Cost": 2.34, "Plan Rows": 1, "Plan Width": 8, "Index Cond": "(movie_id = t.id)", "Filter": "((note)::text = ANY ('{(writer),\"(head writer)\",\"(written by)\",(story),\"(story editor)\"}'::text[]))"}]}, {"Node Type": "Index Scan", "Parent Relationship": "Inner", "Scan Direction": "Forward", "Index Name": "name_pkey", "Relation Name": "name", "Alias": "n", "Startup Cost": 0.0, "Total Cost": 0.49, "Plan Rows": 1, "Plan Width": 4, "Index Cond": "(id = ci.person_id)", "Filter": "((gender IS NOT NULL) AND ((gender)::text = 'f'::text))"}]}]}, "Unique SQL Id": 661781350, "Planner Runtime": 16}, "explain_analyze_plan": {"Plan": {"Node Type": "Aggregate", "Strategy": "Plain", "Startup Cost": 40721.77, "Total Cost": 40721.78, "Plan Rows": 1, "Plan Width": 160, "Actual Min Startup Time": 783.795, "Actual Max Startup Time": 783.795, "Actual Min Total Time": 783.796, "Actual Max Total Time": 783.796, "Plans": [{"Node Type": "Nested Loop", "Parent Relationship": "Outer", "Join Type": "Inner", "Startup Cost": 0.0, "Total Cost": 40720.13, "Plan Rows": 219, "Plan Width": 64, "Actual Min Startup Time": 421.789, "Actual Max Startup Time": 421.789, "Actual Min Total Time": 783.737, "Actual Max Total Time": 783.737, "Inner Unique": true, "Plans": [{"Node Type": "Nested Loop", "Parent Relationship": "Outer", "Join Type": "Inner", "Startup Cost": 0.0, "Total Cost": 40559.14, "Plan Rows": 321, "Plan Width": 68, "Actual Min Startup Time": 420.591, "Actual Max Startup Time": 420.591, "Actual Min Total Time": 781.702, "Actual Max Total Time": 781.702, "Inner Unique": false, "Plans": [{"Node Type": "Nested Loop", "Parent Relationship": "Outer", "Join Type": "Inner", "Startup Cost": 0.0, "Total Cost": 39874.11, "Plan Rows": 291, "Plan Width": 76, "Actual Min Startup Time": 418.68, "Actual Max Startup Time": 418.68, "Actual Min Total Time": 757.309, "Actual Max Total Time": 757.309, "Inner Unique": true, "Plans": [{"Node Type": "Nested Loop", "Parent Relationship": "Outer", "Join Type": "Inner", "Startup Cost": 0.0, "Total Cost": 39160.9, "Plan Rows": 250, "Plan Width": 55, "Actual Min Startup Time": 418.659, "Actual Max Startup Time": 418.659, "Actual Min Total Time": 752.537, "Actual Max Total Time": 752.537, "Inner Unique": false, "Join Filter": "(mi_idx.info_type_id = it2.id)", "Rows Removed by Join Filter": 3403, "Plans": [{"Node Type": "Seq Scan", "Parent Relationship": "Outer", "Relation Name": "info_type", "Alias": "it2", "Startup Cost": 0.0, "Total Cost": 2.4, "Plan Rows": 1, "Plan Width": 4, "Actual Min Startup Time": 0.077, "Actual Max Startup Time": 0.077, "Actual Min Total Time": 0.093, "Actual Max Total Time": 0.093, "Filter": "((info)::text = 'rating'::text)", "Rows Removed by Filter": 111, "Actual Rows": 1}, {"Node Type": "Nested Loop", "Parent Relationship": "Inner", "Join Type": "Inner", "Startup Cost": 0.0, "Total Cost": 39146.01, "Plan Rows": 999, "Plan Width": 59, "Actual Min Startup Time": 418.484, "Actual Max Startup Time": 418.484, "Actual Min Total Time": 750.31, "Actual Max Total Time": 750.31, "Inner Unique": false, "Plans": [{"Node Type": "Nested Loop", "Parent Relationship": "Outer", "Join Type": "Inner", "Startup Cost": 0.0, "Total Cost": 38204.15, "Plan Rows": 971, "Plan Width": 46, "Actual Min Startup Time": 418.401, "Actual Max Startup Time": 418.401, "Actual Min Total Time": 457.136, "Actual Max Total Time": 457.136, "Inner Unique": false, "Join Filter": "(it1.id = mi.info_type_id)", "Rows Removed by Join Filter": 789, "Plans": [{"Node Type": "Seq Scan", "Parent Relationship": "Outer", "Relation Name": "info_type", "Alias": "it1", "Startup Cost": 0.0, "Total Cost": 2.4, "Plan Rows": 1, "Plan Width": 4, "Actual Min Startup Time": 0.07, "Actual Max Startup Time": 0.07, "Actual Min Total Time": 0.105, "Actual Max Total Time": 0.105, "Filter": "((info)::text = 'genres'::text)", "Rows Removed by Filter": 111, "Actual Rows": 1}, {"Node Type": "Materialize", "Parent Relationship": "Inner", "Startup Cost": 0.0, "Total Cost": 37522.04, "Plan Rows": 67971, "Plan Width": 50, "Actual Min Startup Time": 418.259, "Actual Max Startup Time": 418.259, "Actual Min Total Time": 427.845, "Actual Max Total Time": 427.845, "Plans": [{"Node Type": "Streaming(type: LOCAL GATHER dop: 1/16)", "Parent Relationship": "Outer", "Startup Cost": 0.0, "Total Cost": 37352.11, "Plan Rows": 67971, "Plan Width": 50, "Actual Min Startup Time": 267.189, "Actual Max Startup Time": 267.189, "Actual Min Total Time": 406.953, "Actual Max Total Time": 406.953, "Plans": [{"Node Type": "Seq Scan", "Parent Relationship": "Outer", "Relation Name": "movie_info", "Alias": "mi", "Startup Cost": 0.0, "Total Cost": 35885.16, "Plan Rows": 67971, "Plan Width": 50, "Actual Min Startup Time": 236.199, "Actual Max Startup Time": 341.623, "Actual Min Total Time": 383.341, "Actual Max Total Time": 397.733, "Filter": "((note IS NULL) AND ((info)::text = ANY ('{Horror,Thriller}'::text[])))", "Rows Removed by Filter": 14762672, "Actual Rows": 73047}], "Actual Rows": 73047}], "Actual Rows": 73048}], "Actual Rows": 72258}, {"Node Type": "Index Scan", "Parent Relationship": "Inner", "Scan Direction": "Forward", "Index Name": "movie_id_movie_info_idx", "Relation Name": "movie_info_idx", "Alias": "mi_idx", "Startup Cost": 0.0, "Total Cost": 0.96, "Plan Rows": 1, "Plan Width": 13, "Actual Min Startup Time": 255.529, "Actual Max Startup Time": 255.529, "Actual Min Total Time": 258.944, "Actual Max Total Time": 258.944, "Index Cond": "(movie_id = mi.movie_id)", "Rows Removed by Index Recheck": 0, "Filter": "((info)::text > '8.0'::text)", "Rows Removed by Filter": 113143, "Actual Rows": 4135}], "Actual Rows": 4135}], "Actual Rows": 732}, {"Node Type": "Index Scan", "Parent Relationship": "Inner", "Scan Direction": "Forward", "Index Name": "title_pkey", "Relation Name": "title", "Alias": "t", "Startup Cost": 0.0, "Total Cost": 2.84, "Plan Rows": 1, "Plan Width": 21, "Actual Min Startup Time": 4.157, "Actual Max Startup Time": 4.157, "Actual Min Total Time": 4.157, "Actual Max Total Time": 4.157, "Index Cond": "(id = mi.movie_id)", "Rows Removed by Index Recheck": 0, "Filter": "((production_year >= 2008) AND (production_year <= 2014))", "Rows Removed by Filter": 374, "Actual Rows": 358}], "Actual Rows": 358}, {"Node Type": "Index Scan", "Parent Relationship": "Inner", "Scan Direction": "Forward", "Index Name": "movie_id_cast_info", "Relation Name": "cast_info", "Alias": "ci", "Startup Cost": 0.0, "Total Cost": 2.34, "Plan Rows": 1, "Plan Width": 8, "Actual Min Startup Time": 18.983, "Actual Max Startup Time": 18.983, "Actual Min Total Time": 24.063, "Actual Max Total Time": 24.063, "Index Cond": "(movie_id = t.id)", "Rows Removed by Index Recheck": 0, "Filter": "((note)::text = ANY ('{(writer),\"(head writer)\",\"(written by)\",(story),\"(story editor)\"}'::text[]))", "Rows Removed by Filter": 12296, "Actual Rows": 268}], "Actual Rows": 268}, {"Node Type": "Index Scan", "Parent Relationship": "Inner", "Scan Direction": "Forward", "Index Name": "name_pkey", "Relation Name": "name", "Alias": "n", "Startup Cost": 0.0, "Total Cost": 0.49, "Plan Rows": 1, "Plan Width": 4, "Actual Min Startup Time": 1.815, "Actual Max Startup Time": 1.815, "Actual Min Total Time": 1.815, "Actual Max Total Time": 1.815, "Index Cond": "(id = ci.person_id)", "Rows Removed by Index Recheck": 0, "Filter": "((gender IS NOT NULL) AND ((gender)::text = 'f'::text))", "Rows Removed by Filter": 257, "Actual Rows": 11}], "Actual Rows": 11}], "Actual Rows": 1}, "Triggers": [], "Planner Runtime": 16.483, "Total Runtime": 786.667, "Unique SQL Id": 661781350}}, "(16, '21')": {"explain_plan": {"Plan": {"Node Type": "Aggregate", "Strategy": "Plain", "Startup Cost": 84230.9, "Total Cost": 84230.91, "Plan Rows": 1, "Plan Width": 160, "Plans": [{"Node Type": "Nested Loop", "Parent Relationship": "Outer", "Join Type": "Inner", "Startup Cost": 7419.04, "Total Cost": 84229.26, "Plan Rows": 219, "Plan Width": 64, "Inner Unique": true, "Plans": [{"Node Type": "Nested Loop", "Parent Relationship": "Outer", "Join Type": "Inner", "Startup Cost": 7419.04, "Total Cost": 84068.27, "Plan Rows": 321, "Plan Width": 68, "Inner Unique": false, "Plans": [{"Node Type": "Nested Loop", "Parent Relationship": "Outer", "Join Type": "Inner", "Startup Cost": 7419.04, "Total Cost": 83383.24, "Plan Rows": 291, "Plan Width": 76, "Inner Unique": false, "Join Filter": "(mi.info_type_id = it1.id)", "Plans": [{"Node Type": "Index Scan", "Parent Relationship": "Outer", "Scan Direction": "Forward", "Index Name": "info_type_pkey", "Relation Name": "info_type", "Alias": "it1", "Startup Cost": 0.0, "Total Cost": 14.21, "Plan Rows": 1, "Plan Width": 4, "Filter": "((info)::text = 'genres'::text)"}, {"Node Type": "Nested Loop", "Parent Relationship": "Inner", "Join Type": "Inner", "Startup Cost": 7419.04, "Total Cost": 83197.12, "Plan Rows": 13753, "Plan Width": 80, "Inner Unique": false, "Plans": [{"Node Type": "Nested Loop", "Parent Relationship": "Outer", "Join Type": "Inner", "Startup Cost": 7419.04, "Total Cost": 61824.99, "Plan Rows": 15041, "Plan Width": 30, "Inner Unique": true, "Plans": [{"Node Type": "Nested Loop", "Parent Relationship": "Outer", "Join Type": "Inner", "Startup Cost": 7419.04, "Total Cost": 19211.73, "Plan Rows": 12936, "Plan Width": 9, "Inner Unique": false, "Plans": [{"Node Type": "Index Scan", "Parent Relationship": "Outer", "Scan Direction": "Forward", "Index Name": "info_type_pkey", "Relation Name": "info_type", "Alias": "it2", "Startup Cost": 0.0, "Total Cost": 14.21, "Plan Rows": 1, "Plan Width": 4, "Filter": "((info)::text = 'rating'::text)"}, {"Node Type": "Bitmap Heap Scan", "Parent Relationship": "Inner", "Relation Name": "movie_info_idx", "Alias": "mi_idx", "Startup Cost": 7419.04, "Total Cost": 19068.16, "Plan Rows": 12936, "Plan Width": 13, "Recheck Cond": "(info_type_id = it2.id)", "Filter": "((info)::text > '8.0'::text)", "Plans": [{"Node Type": "Bitmap Index Scan", "Parent Relationship": "Outer", "Index Name": "info_type_id_movie_info_idx", "Startup Cost": 0.0, "Total Cost": 7415.81, "Plan Rows": 345008, "Plan Width": 0, "Index Cond": "(info_type_id = it2.id)"}]}]}, {"Node Type": "Index Scan", "Parent Relationship": "Inner", "Scan Direction": "Forward", "Index Name": "title_pkey", "Relation Name": "title", "Alias": "t", "Startup Cost": 0.0, "Total Cost": 3.28, "Plan Rows": 1, "Plan Width": 21, "Index Cond": "(id = mi_idx.movie_id)", "Filter": "((production_year >= 2008) AND (production_year <= 2014))"}]}, {"Node Type": "Index Scan", "Parent Relationship": "Inner", "Scan Direction": "Forward", "Index Name": "movie_id_movie_info", "Relation Name": "movie_info", "Alias": "mi", "Startup Cost": 0.0, "Total Cost": 1.41, "Plan Rows": 1, "Plan Width": 50, "Index Cond": "(movie_id = t.id)", "Filter": "((note IS NULL) AND ((info)::text = ANY ('{Horror,Thriller}'::text[])))"}]}]}, {"Node Type": "Index Scan", "Parent Relationship": "Inner", "Scan Direction": "Forward", "Index Name": "movie_id_cast_info", "Relation Name": "cast_info", "Alias": "ci", "Startup Cost": 0.0, "Total Cost": 2.34, "Plan Rows": 1, "Plan Width": 8, "Index Cond": "(movie_id = t.id)", "Filter": "((note)::text = ANY ('{(writer),\"(head writer)\",\"(written by)\",(story),\"(story editor)\"}'::text[]))"}]}, {"Node Type": "Index Scan", "Parent Relationship": "Inner", "Scan Direction": "Forward", "Index Name": "name_pkey", "Relation Name": "name", "Alias": "n", "Startup Cost": 0.0, "Total Cost": 0.49, "Plan Rows": 1, "Plan Width": 4, "Index Cond": "(id = ci.person_id)", "Filter": "((gender IS NOT NULL) AND ((gender)::text = 'f'::text))"}]}]}, "Unique SQL Id": 661781350, "Planner Runtime": 16}, "explain_analyze_plan": {"Plan": {"Node Type": "Aggregate", "Strategy": "Plain", "Startup Cost": 84230.9, "Total Cost": 84230.91, "Plan Rows": 1, "Plan Width": 160, "Actual Startup Time": 548.11, "Actual Total Time": 548.11, "Actual Rows": 1, "Actual Loops": 1, "Plans": [{"Node Type": "Nested Loop", "Parent Relationship": "Outer", "Join Type": "Inner", "Startup Cost": 7419.04, "Total Cost": 84229.26, "Plan Rows": 219, "Plan Width": 64, "Actual Startup Time": 313.092, "Actual Total Time": 548.036, "Actual Rows": 11, "Actual Loops": 1, "Inner Unique": true, "Plans": [{"Node Type": "Nested Loop", "Parent Relationship": "Outer", "Join Type": "Inner", "Startup Cost": 7419.04, "Total Cost": 84068.27, "Plan Rows": 321, "Plan Width": 68, "Actual Startup Time": 126.942, "Actual Total Time": 545.831, "Actual Rows": 268, "Actual Loops": 1, "Inner Unique": false, "Plans": [{"Node Type": "Nested Loop", "Parent Relationship": "Outer", "Join Type": "Inner", "Startup Cost": 7419.04, "Total Cost": 83383.24, "Plan Rows": 291, "Plan Width": 76, "Actual Startup Time": 66.913, "Actual Total Time": 520.715, "Actual Rows": 358, "Actual Loops": 1, "Inner Unique": false, "Join Filter": "(mi.info_type_id = it1.id)", "Rows Removed by Join Filter": 0, "Plans": [{"Node Type": "Index Scan", "Parent Relationship": "Outer", "Scan Direction": "Forward", "Index Name": "info_type_pkey", "Relation Name": "info_type", "Alias": "it1", "Startup Cost": 0.0, "Total Cost": 14.21, "Plan Rows": 1, "Plan Width": 4, "Actual Startup Time": 0.029, "Actual Total Time": 0.079, "Actual Rows": 1, "Actual Loops": 1, "Filter": "((info)::text = 'genres'::text)", "Rows Removed by Filter": 111}, {"Node Type": "Nested Loop", "Parent Relationship": "Inner", "Join Type": "Inner", "Startup Cost": 7419.04, "Total Cost": 83197.12, "Plan Rows": 13753, "Plan Width": 80, "Actual Startup Time": 66.872, "Actual Total Time": 520.361, "Actual Rows": 358, "Actual Loops": 1, "Inner Unique": false, "Plans": [{"Node Type": "Nested Loop", "Parent Relationship": "Outer", "Join Type": "Inner", "Startup Cost": 7419.04, "Total Cost": 61824.99, "Plan Rows": 15041, "Plan Width": 30, "Actual Startup Time": 60.361, "Actual Total Time": 383.098, "Actual Rows": 6152, "Actual Loops": 1, "Inner Unique": true, "Plans": [{"Node Type": "Nested Loop", "Parent Relationship": "Outer", "Join Type": "Inner", "Startup Cost": 7419.04, "Total Cost": 19211.73, "Plan Rows": 12936, "Plan Width": 9, "Actual Startup Time": 58.913, "Actual Total Time": 304.889, "Actual Rows": 15849, "Actual Loops": 1, "Inner Unique": false, "Plans": [{"Node Type": "Index Scan", "Parent Relationship": "Outer", "Scan Direction": "Forward", "Index Name": "info_type_pkey", "Relation Name": "info_type", "Alias": "it2", "Startup Cost": 0.0, "Total Cost": 14.21, "Plan Rows": 1, "Plan Width": 4, "Actual Startup Time": 0.048, "Actual Total Time": 0.061, "Actual Rows": 1, "Actual Loops": 1, "Filter": "((info)::text = 'rating'::text)", "Rows Removed by Filter": 111}, {"Node Type": "Bitmap Heap Scan", "Parent Relationship": "Inner", "Relation Name": "movie_info_idx", "Alias": "mi_idx", "Startup Cost": 7419.04, "Total Cost": 19068.16, "Plan Rows": 12936, "Plan Width": 13, "Actual Startup Time": 58.858, "Actual Total Time": 301.234, "Actual Rows": 15849, "Actual Loops": 1, "Recheck Cond": "(info_type_id = it2.id)", "Rows Removed by Index Recheck": 0, "Filter": "((info)::text > '8.0'::text)", "Rows Removed by Filter": 444076, "Exact Heap Blocks": 6472, "Lossy Heap Blocks": 6472, "Plans": [{"Node Type": "Bitmap Index Scan", "Parent Relationship": "Outer", "Index Name": "info_type_id_movie_info_idx", "Startup Cost": 0.0, "Total Cost": 7415.81, "Plan Rows": 345008, "Plan Width": 0, "Actual Startup Time": 57.616, "Actual Total Time": 57.616, "Actual Rows": 459925, "Actual Loops": 1, "Index Cond": "(info_type_id = it2.id)"}]}]}, {"Node Type": "Index Scan", "Parent Relationship": "Inner", "Scan Direction": "Forward", "Index Name": "title_pkey", "Relation Name": "title", "Alias": "t", "Startup Cost": 0.0, "Total Cost": 3.28, "Plan Rows": 1, "Plan Width": 21, "Actual Startup Time": 68.105, "Actual Total Time": 68.105, "Actual Rows": 6152, "Actual Loops": 15849, "Index Cond": "(id = mi_idx.movie_id)", "Rows Removed by Index Recheck": 0, "Filter": "((production_year >= 2008) AND (production_year <= 2014))", "Rows Removed by Filter": 9697}]}, {"Node Type": "Index Scan", "Parent Relationship": "Inner", "Scan Direction": "Forward", "Index Name": "movie_id_movie_info", "Relation Name": "movie_info", "Alias": "mi", "Startup Cost": 0.0, "Total Cost": 1.41, "Plan Rows": 1, "Plan Width": 50, "Actual Startup Time": 133.561, "Actual Total Time": 133.864, "Actual Rows": 358, "Actual Loops": 6152, "Index Cond": "(movie_id = t.id)", "Rows Removed by Index Recheck": 0, "Filter": "((note IS NULL) AND ((info)::text = ANY ('{Horror,Thriller}'::text[])))", "Rows Removed by Filter": 109599}]}]}, {"Node Type": "Index Scan", "Parent Relationship": "Inner", "Scan Direction": "Forward", "Index Name": "movie_id_cast_info", "Relation Name": "cast_info", "Alias": "ci", "Startup Cost": 0.0, "Total Cost": 2.34, "Plan Rows": 1, "Plan Width": 8, "Actual Startup Time": 19.441, "Actual Total Time": 24.677, "Actual Rows": 268, "Actual Loops": 358, "Index Cond": "(movie_id = t.id)", "Rows Removed by Index Recheck": 0, "Filter": "((note)::text = ANY ('{(writer),\"(head writer)\",\"(written by)\",(story),\"(story editor)\"}'::text[]))", "Rows Removed by Filter": 12296}]}, {"Node Type": "Index Scan", "Parent Relationship": "Inner", "Scan Direction": "Forward", "Index Name": "name_pkey", "Relation Name": "name", "Alias": "n", "Startup Cost": 0.0, "Total Cost": 0.49, "Plan Rows": 1, "Plan Width": 4, "Actual Startup Time": 1.95, "Actual Total Time": 1.95, "Actual Rows": 11, "Actual Loops": 268, "Index Cond": "(id = ci.person_id)", "Rows Removed by Index Recheck": 0, "Filter": "((gender IS NOT NULL) AND ((gender)::text = 'f'::text))", "Rows Removed by Filter": 257}]}]}, "Triggers": [], "Planner Runtime": 23.008, "Total Runtime": 548.511, "Unique SQL Id": 661781350}}, "(16, '22')": {"explain_plan": {"Plan": {"Node Type": "Aggregate", "Strategy": "Plain", "Startup Cost": 46768.59, "Total Cost": 46768.6, "Plan Rows": 1, "Plan Width": 160, "Plans": [{"Node Type": "Nested Loop", "Parent Relationship": "Outer", "Join Type": "Inner", "Startup Cost": 2.67, "Total Cost": 46766.94, "Plan Rows": 219, "Plan Width": 64, "Inner Unique": true, "Plans": [{"Node Type": "Nested Loop", "Parent Relationship": "Outer", "Join Type": "Inner", "Startup Cost": 2.36, "Total Cost": 45375.82, "Plan Rows": 321, "Plan Width": 68, "Inner Unique": false, "Plans": [{"Node Type": "Nested Loop", "Parent Relationship": "Outer", "Join Type": "Inner", "Startup Cost": 1.35, "Total Cost": 43882.65, "Plan Rows": 291, "Plan Width": 76, "Inner Unique": true, "Plans": [{"Node Type": "Nested Loop", "Parent Relationship": "Outer", "Join Type": "Inner", "Startup Cost": 0.55, "Total Cost": 42675.2, "Plan Rows": 250, "Plan Width": 55, "Inner Unique": false, "Join Filter": "(mi_idx.info_type_id = it2.id)", "Plans": [{"Node Type": "Seq Scan", "Parent Relationship": "Outer", "Relation Name": "info_type", "Alias": "it2", "Startup Cost": 0.0, "Total Cost": 2.4, "Plan Rows": 1, "Plan Width": 4, "Filter": "((info)::text = 'rating'::text)"}, {"Node Type": "Nested Loop", "Parent Relationship": "Inner", "Join Type": "Inner", "Startup Cost": 0.55, "Total Cost": 42660.32, "Plan Rows": 999, "Plan Width": 59, "Inner Unique": false, "Plans": [{"Node Type": "Nested Loop", "Parent Relationship": "Outer", "Join Type": "Inner", "Startup Cost": 0.0, "Total Cost": 38204.15, "Plan Rows": 971, "Plan Width": 46, "Inner Unique": false, "Join Filter": "(it1.id = mi.info_type_id)", "Plans": [{"Node Type": "Seq Scan", "Parent Relationship": "Outer", "Relation Name": "info_type", "Alias": "it1", "Startup Cost": 0.0, "Total Cost": 2.4, "Plan Rows": 1, "Plan Width": 4, "Filter": "((info)::text = 'genres'::text)"}, {"Node Type": "Materialize", "Parent Relationship": "Inner", "Startup Cost": 0.0, "Total Cost": 37522.04, "Plan Rows": 67971, "Plan Width": 50, "Plans": [{"Node Type": "Streaming(type: LOCAL GATHER dop: 1/16)", "Parent Relationship": "Outer", "Startup Cost": 0.0, "Total Cost": 37352.11, "Plan Rows": 67971, "Plan Width": 50, "Plans": [{"Node Type": "Seq Scan", "Parent Relationship": "Outer", "Relation Name": "movie_info", "Alias": "mi", "Startup Cost": 0.0, "Total Cost": 35885.16, "Plan Rows": 67971, "Plan Width": 50, "Filter": "((note IS NULL) AND ((info)::text = ANY ('{Horror,Thriller}'::text[])))"}]}]}]}, {"Node Type": "Bitmap Heap Scan", "Parent Relationship": "Inner", "Relation Name": "movie_info_idx", "Alias": "mi_idx", "Startup Cost": 0.55, "Total Cost": 4.58, "Plan Rows": 1, "Plan Width": 13, "Recheck Cond": "(movie_id = mi.movie_id)", "Filter": "((info)::text > '8.0'::text)", "Plans": [{"Node Type": "Bitmap Index Scan", "Parent Relationship": "Outer", "Index Name": "movie_id_movie_info_idx", "Startup Cost": 0.0, "Total Cost": 0.55, "Plan Rows": 2, "Plan Width": 0, "Index Cond": "(movie_id = mi.movie_id)"}]}]}]}, {"Node Type": "Bitmap Heap Scan", "Parent Relationship": "Inner", "Relation Name": "title", "Alias": "t", "Startup Cost": 0.8, "Total Cost": 4.82, "Plan Rows": 1, "Plan Width": 21, "Recheck Cond": "(id = mi.movie_id)", "Filter": "((production_year >= 2008) AND (production_year <= 2014))", "Plans": [{"Node Type": "Bitmap Index Scan", "Parent Relationship": "Outer", "Index Name": "title_pkey", "Startup Cost": 0.0, "Total Cost": 0.8, "Plan Rows": 1, "Plan Width": 0, "Index Cond": "(id = mi.movie_id)"}]}]}, {"Node Type": "Bitmap Heap Scan", "Parent Relationship": "Inner", "Relation Name": "cast_info", "Alias": "ci", "Startup Cost": 1.01, "Total Cost": 5.12, "Plan Rows": 1, "Plan Width": 8, "Recheck Cond": "(movie_id = t.id)", "Filter": "((note)::text = ANY ('{(writer),\"(head writer)\",\"(written by)\",(story),\"(story editor)\"}'::text[]))", "Plans": [{"Node Type": "Bitmap Index Scan", "Parent Relationship": "Outer", "Index Name": "movie_id_cast_info", "Startup Cost": 0.0, "Total Cost": 1.01, "Plan Rows": 6, "Plan Width": 0, "Index Cond": "(movie_id = t.id)"}]}]}, {"Node Type": "Bitmap Heap Scan", "Parent Relationship": "Inner", "Relation Name": "name", "Alias": "n", "Startup Cost": 0.31, "Total Cost": 4.32, "Plan Rows": 1, "Plan Width": 4, "Recheck Cond": "(id = ci.person_id)", "Filter": "((gender IS NOT NULL) AND ((gender)::text = 'f'::text))", "Plans": [{"Node Type": "Bitmap Index Scan", "Parent Relationship": "Outer", "Index Name": "name_pkey", "Startup Cost": 0.0, "Total Cost": 0.31, "Plan Rows": 1, "Plan Width": 0, "Index Cond": "(id = ci.person_id)"}]}]}]}, "Unique SQL Id": 661781350, "Planner Runtime": 25}, "explain_analyze_plan": {"Plan": {"Node Type": "Aggregate", "Strategy": "Plain", "Startup Cost": 46768.59, "Total Cost": 46768.6, "Plan Rows": 1, "Plan Width": 160, "Actual Min Startup Time": 899.573, "Actual Max Startup Time": 899.573, "Actual Min Total Time": 899.573, "Actual Max Total Time": 899.573, "Plans": [{"Node Type": "Nested Loop", "Parent Relationship": "Outer", "Join Type": "Inner", "Startup Cost": 2.67, "Total Cost": 46766.94, "Plan Rows": 219, "Plan Width": 64, "Actual Min Startup Time": 424.809, "Actual Max Startup Time": 424.809, "Actual Min Total Time": 899.504, "Actual Max Total Time": 899.504, "Inner Unique": true, "Plans": [{"Node Type": "Nested Loop", "Parent Relationship": "Outer", "Join Type": "Inner", "Startup Cost": 2.36, "Total Cost": 45375.82, "Plan Rows": 321, "Plan Width": 68, "Actual Min Startup Time": 421.88, "Actual Max Startup Time": 421.88, "Actual Min Total Time": 896.715, "Actual Max Total Time": 896.715, "Inner Unique": false, "Plans": [{"Node Type": "Nested Loop", "Parent Relationship": "Outer", "Join Type": "Inner", "Startup Cost": 1.35, "Total Cost": 43882.65, "Plan Rows": 291, "Plan Width": 76, "Actual Min Startup Time": 420.773, "Actual Max Startup Time": 420.773, "Actual Min Total Time": 864.87, "Actual Max Total Time": 864.87, "Inner Unique": true, "Plans": [{"Node Type": "Nested Loop", "Parent Relationship": "Outer", "Join Type": "Inner", "Startup Cost": 0.55, "Total Cost": 42675.2, "Plan Rows": 250, "Plan Width": 55, "Actual Min Startup Time": 420.746, "Actual Max Startup Time": 420.746, "Actual Min Total Time": 858.642, "Actual Max Total Time": 858.642, "Inner Unique": false, "Join Filter": "(mi_idx.info_type_id = it2.id)", "Rows Removed by Join Filter": 3403, "Plans": [{"Node Type": "Seq Scan", "Parent Relationship": "Outer", "Relation Name": "info_type", "Alias": "it2", "Startup Cost": 0.0, "Total Cost": 2.4, "Plan Rows": 1, "Plan Width": 4, "Actual Min Startup Time": 0.07, "Actual Max Startup Time": 0.07, "Actual Min Total Time": 0.078, "Actual Max Total Time": 0.078, "Filter": "((info)::text = 'rating'::text)", "Rows Removed by Filter": 111, "Actual Rows": 1}, {"Node Type": "Nested Loop", "Parent Relationship": "Inner", "Join Type": "Inner", "Startup Cost": 0.55, "Total Cost": 42660.32, "Plan Rows": 999, "Plan Width": 59, "Actual Min Startup Time": 420.561, "Actual Max Startup Time": 420.561, "Actual Min Total Time": 856.38, "Actual Max Total Time": 856.38, "Inner Unique": false, "Plans": [{"Node Type": "Nested Loop", "Parent Relationship": "Outer", "Join Type": "Inner", "Startup Cost": 0.0, "Total Cost": 38204.15, "Plan Rows": 971, "Plan Width": 46, "Actual Min Startup Time": 420.454, "Actual Max Startup Time": 420.454, "Actual Min Total Time": 461.536, "Actual Max Total Time": 461.536, "Inner Unique": false, "Join Filter": "(it1.id = mi.info_type_id)", "Rows Removed by Join Filter": 789, "Plans": [{"Node Type": "Seq Scan", "Parent Relationship": "Outer", "Relation Name": "info_type", "Alias": "it1", "Startup Cost": 0.0, "Total Cost": 2.4, "Plan Rows": 1, "Plan Width": 4, "Actual Min Startup Time": 0.064, "Actual Max Startup Time": 0.064, "Actual Min Total Time": 0.098, "Actual Max Total Time": 0.098, "Filter": "((info)::text = 'genres'::text)", "Rows Removed by Filter": 111, "Actual Rows": 1}, {"Node Type": "Materialize", "Parent Relationship": "Inner", "Startup Cost": 0.0, "Total Cost": 37522.04, "Plan Rows": 67971, "Plan Width": 50, "Actual Min Startup Time": 420.316, "Actual Max Startup Time": 420.316, "Actual Min Total Time": 431.157, "Actual Max Total Time": 431.157, "Plans": [{"Node Type": "Streaming(type: LOCAL GATHER dop: 1/16)", "Parent Relationship": "Outer", "Startup Cost": 0.0, "Total Cost": 37352.11, "Plan Rows": 67971, "Plan Width": 50, "Actual Min Startup Time": 269.639, "Actual Max Startup Time": 269.639, "Actual Min Total Time": 409.112, "Actual Max Total Time": 409.112, "Plans": [{"Node Type": "Seq Scan", "Parent Relationship": "Outer", "Relation Name": "movie_info", "Alias": "mi", "Startup Cost": 0.0, "Total Cost": 35885.16, "Plan Rows": 67971, "Plan Width": 50, "Actual Min Startup Time": 236.103, "Actual Max Startup Time": 341.787, "Actual Min Total Time": 383.994, "Actual Max Total Time": 395.944, "Filter": "((note IS NULL) AND ((info)::text = ANY ('{Horror,Thriller}'::text[])))", "Rows Removed by Filter": 14762672, "Actual Rows": 73047}], "Actual Rows": 73047}], "Actual Rows": 73048}], "Actual Rows": 72258}, {"Node Type": "Bitmap Heap Scan", "Parent Relationship": "Inner", "Relation Name": "movie_info_idx", "Alias": "mi_idx", "Startup Cost": 0.55, "Total Cost": 4.58, "Plan Rows": 1, "Plan Width": 13, "Actual Min Startup Time": 312.612, "Actual Max Startup Time": 312.612, "Actual Min Total Time": 314.429, "Actual Max Total Time": 314.429, "Recheck Cond": "(movie_id = mi.movie_id)", "Rows Removed by Index Recheck": 0, "Filter": "((info)::text > '8.0'::text)", "Rows Removed by Filter": 113143, "Exact Heap Blocks": 39507, "Lossy Heap Blocks": 39507, "Plans": [{"Node Type": "Bitmap Index Scan", "Parent Relationship": "Outer", "Index Name": "movie_id_movie_info_idx", "Startup Cost": 0.0, "Total Cost": 0.55, "Plan Rows": 2, "Plan Width": 0, "Actual Min Startup Time": 182.59, "Actual Max Startup Time": 182.59, "Actual Min Total Time": 182.59, "Actual Max Total Time": 182.59, "Index Cond": "(movie_id = mi.movie_id)", "Actual Rows": 117278}], "Actual Rows": 4135}], "Actual Rows": 4135}], "Actual Rows": 732}, {"Node Type": "Bitmap Heap Scan", "Parent Relationship": "Inner", "Relation Name": "title", "Alias": "t", "Startup Cost": 0.8, "Total Cost": 4.82, "Plan Rows": 1, "Plan Width": 21, "Actual Min Startup Time": 5.132, "Actual Max Startup Time": 5.132, "Actual Min Total Time": 5.132, "Actual Max Total Time": 5.132, "Recheck Cond": "(id = mi.movie_id)", "Rows Removed by Index Recheck": 0, "Filter": "((production_year >= 2008) AND (production_year <= 2014))", "Rows Removed by Filter": 374, "Exact Heap Blocks": 732, "Lossy Heap Blocks": 732, "Plans": [{"Node Type": "Bitmap Index Scan", "Parent Relationship": "Outer", "Index Name": "title_pkey", "Startup Cost": 0.0, "Total Cost": 0.8, "Plan Rows": 1, "Plan Width": 0, "Actual Min Startup Time": 3.046, "Actual Max Startup Time": 3.046, "Actual Min Total Time": 3.046, "Actual Max Total Time": 3.046, "Index Cond": "(id = mi.movie_id)", "Actual Rows": 732}], "Actual Rows": 358}], "Actual Rows": 358}, {"Node Type": "Bitmap Heap Scan", "Parent Relationship": "Inner", "Relation Name": "cast_info", "Alias": "ci", "Startup Cost": 1.01, "Total Cost": 5.12, "Plan Rows": 1, "Plan Width": 8, "Actual Min Startup Time": 25.305, "Actual Max Startup Time": 25.305, "Actual Min Total Time": 30.926, "Actual Max Total Time": 30.926, "Recheck Cond": "(movie_id = t.id)", "Rows Removed by Index Recheck": 0, "Filter": "((note)::text = ANY ('{(writer),\"(head writer)\",\"(written by)\",(story),\"(story editor)\"}'::text[]))", "Rows Removed by Filter": 12296, "Exact Heap Blocks": 11454, "Lossy Heap Blocks": 11454, "Plans": [{"Node Type": "Bitmap Index Scan", "Parent Relationship": "Outer", "Index Name": "movie_id_cast_info", "Startup Cost": 0.0, "Total Cost": 1.01, "Plan Rows": 6, "Plan Width": 0, "Actual Min Startup Time": 4.678, "Actual Max Startup Time": 4.678, "Actual Min Total Time": 4.678, "Actual Max Total Time": 4.678, "Index Cond": "(movie_id = t.id)", "Actual Rows": 12564}], "Actual Rows": 268}], "Actual Rows": 268}, {"Node Type": "Bitmap Heap Scan", "Parent Relationship": "Inner", "Relation Name": "name", "Alias": "n", "Startup Cost": 0.31, "Total Cost": 4.32, "Plan Rows": 1, "Plan Width": 4, "Actual Min Startup Time": 2.258, "Actual Max Startup Time": 2.258, "Actual Min Total Time": 2.258, "Actual Max Total Time": 2.258, "Recheck Cond": "(id = ci.person_id)", "Rows Removed by Index Recheck": 0, "Filter": "((gender IS NOT NULL) AND ((gender)::text = 'f'::text))", "Rows Removed by Filter": 257, "Exact Heap Blocks": 268, "Lossy Heap Blocks": 268, "Plans": [{"Node Type": "Bitmap Index Scan", "Parent Relationship": "Outer", "Index Name": "name_pkey", "Startup Cost": 0.0, "Total Cost": 0.31, "Plan Rows": 1, "Plan Width": 0, "Actual Min Startup Time": 1.381, "Actual Max Startup Time": 1.381, "Actual Min Total Time": 1.381, "Actual Max Total Time": 1.381, "Index Cond": "(id = ci.person_id)", "Actual Rows": 268}], "Actual Rows": 11}], "Actual Rows": 11}], "Actual Rows": 1}, "Triggers": [], "Planner Runtime": 25.228, "Total Runtime": 902.44, "Unique SQL Id": 661781350}}, "(16, '23')": {"explain_plan": {"Plan": {"Node Type": "Aggregate", "Strategy": "Plain", "Startup Cost": 157109.69, "Total Cost": 157109.7, "Plan Rows": 1, "Plan Width": 160, "Plans": [{"Node Type": "Nested Loop", "Parent Relationship": "Outer", "Join Type": "Inner", "Startup Cost": 7439.53, "Total Cost": 157108.05, "Plan Rows": 219, "Plan Width": 64, "Inner Unique": true, "Plans": [{"Node Type": "Nested Loop", "Parent Relationship": "Outer", "Join Type": "Inner", "Startup Cost": 7439.22, "Total Cost": 155716.93, "Plan Rows": 321, "Plan Width": 68, "Inner Unique": false, "Plans": [{"Node Type": "Nested Loop", "Parent Relationship": "Outer", "Join Type": "Inner", "Startup Cost": 7438.22, "Total Cost": 154223.75, "Plan Rows": 291, "Plan Width": 76, "Inner Unique": false, "Join Filter": "(mi.info_type_id = it1.id)", "Plans": [{"Node Type": "Bitmap Heap Scan", "Parent Relationship": "Outer", "Relation Name": "info_type", "Alias": "it1", "Startup Cost": 8.81, "Total Cost": 14.21, "Plan Rows": 1, "Plan Width": 4, "Filter": "((info)::text = 'genres'::text)", "Plans": [{"Node Type": "Bitmap Index Scan", "Parent Relationship": "Outer", "Index Name": "info_type_pkey", "Startup Cost": 0.0, "Total Cost": 8.81, "Plan Rows": 112, "Plan Width": 0}]}, {"Node Type": "Nested Loop", "Parent Relationship": "Inner", "Join Type": "Inner", "Startup Cost": 7429.41, "Total Cost": 154037.63, "Plan Rows": 13753, "Plan Width": 80, "Inner Unique": false, "Plans": [{"Node Type": "Nested Loop", "Parent Relationship": "Outer", "Join Type": "Inner", "Startup Cost": 7428.83, "Total Cost": 83898.37, "Plan Rows": 15041, "Plan Width": 30, "Inner Unique": true, "Plans": [{"Node Type": "Nested Loop", "Parent Relationship": "Outer", "Join Type": "Inner", "Startup Cost": 7427.85, "Total Cost": 19211.73, "Plan Rows": 12936, "Plan Width": 9, "Inner Unique": false, "Plans": [{"Node Type": "Bitmap Heap Scan", "Parent Relationship": "Outer", "Relation Name": "info_type", "Alias": "it2", "Startup Cost": 8.81, "Total Cost": 14.21, "Plan Rows": 1, "Plan Width": 4, "Filter": "((info)::text = 'rating'::text)", "Plans": [{"Node Type": "Bitmap Index Scan", "Parent Relationship": "Outer", "Index Name": "info_type_pkey", "Startup Cost": 0.0, "Total Cost": 8.81, "Plan Rows": 112, "Plan Width": 0}]}, {"Node Type": "Bitmap Heap Scan", "Parent Relationship": "Inner", "Relation Name": "movie_info_idx", "Alias": "mi_idx", "Startup Cost": 7419.04, "Total Cost": 19068.16, "Plan Rows": 12936, "Plan Width": 13, "Recheck Cond": "(info_type_id = it2.id)", "Filter": "((info)::text > '8.0'::text)", "Plans": [{"Node Type": "Bitmap Index Scan", "Parent Relationship": "Outer", "Index Name": "info_type_id_movie_info_idx", "Startup Cost": 0.0, "Total Cost": 7415.81, "Plan Rows": 345008, "Plan Width": 0, "Index Cond": "(info_type_id = it2.id)"}]}]}, {"Node Type": "Bitmap Heap Scan", "Parent Relationship": "Inner", "Relation Name": "title", "Alias": "t", "Startup Cost": 0.97, "Total Cost": 4.99, "Plan Rows": 1, "Plan Width": 21, "Recheck Cond": "(id = mi_idx.movie_id)", "Filter": "((production_year >= 2008) AND (production_year <= 2014))", "Plans": [{"Node Type": "Bitmap Index Scan", "Parent Relationship": "Outer", "Index Name": "title_pkey", "Startup Cost": 0.0, "Total Cost": 0.97, "Plan Rows": 1, "Plan Width": 0, "Index Cond": "(id = mi_idx.movie_id)"}]}]}, {"Node Type": "Bitmap Heap Scan", "Parent Relationship": "Inner", "Relation Name": "movie_info", "Alias": "mi", "Startup Cost": 0.58, "Total Cost": 4.65, "Plan Rows": 1, "Plan Width": 50, "Recheck Cond": "(movie_id = t.id)", "Filter": "((note IS NULL) AND ((info)::text = ANY ('{Horror,Thriller}'::text[])))", "Plans": [{"Node Type": "Bitmap Index Scan", "Parent Relationship": "Outer", "Index Name": "movie_id_movie_info", "Startup Cost": 0.0, "Total Cost": 0.58, "Plan Rows": 5, "Plan Width": 0, "Index Cond": "(movie_id = t.id)"}]}]}]}, {"Node Type": "Bitmap Heap Scan", "Parent Relationship": "Inner", "Relation Name": "cast_info", "Alias": "ci", "Startup Cost": 1.01, "Total Cost": 5.12, "Plan Rows": 1, "Plan Width": 8, "Recheck Cond": "(movie_id = t.id)", "Filter": "((note)::text = ANY ('{(writer),\"(head writer)\",\"(written by)\",(story),\"(story editor)\"}'::text[]))", "Plans": [{"Node Type": "Bitmap Index Scan", "Parent Relationship": "Outer", "Index Name": "movie_id_cast_info", "Startup Cost": 0.0, "Total Cost": 1.01, "Plan Rows": 6, "Plan Width": 0, "Index Cond": "(movie_id = t.id)"}]}]}, {"Node Type": "Bitmap Heap Scan", "Parent Relationship": "Inner", "Relation Name": "name", "Alias": "n", "Startup Cost": 0.31, "Total Cost": 4.32, "Plan Rows": 1, "Plan Width": 4, "Recheck Cond": "(id = ci.person_id)", "Filter": "((gender IS NOT NULL) AND ((gender)::text = 'f'::text))", "Plans": [{"Node Type": "Bitmap Index Scan", "Parent Relationship": "Outer", "Index Name": "name_pkey", "Startup Cost": 0.0, "Total Cost": 0.31, "Plan Rows": 1, "Plan Width": 0, "Index Cond": "(id = ci.person_id)"}]}]}]}, "Unique SQL Id": 661781350, "Planner Runtime": 19}, "explain_analyze_plan": {"Plan": {"Node Type": "Aggregate", "Strategy": "Plain", "Startup Cost": 157109.69, "Total Cost": 157109.7, "Plan Rows": 1, "Plan Width": 160, "Actual Startup Time": 648.813, "Actual Total Time": 648.813, "Actual Rows": 1, "Actual Loops": 1, "Plans": [{"Node Type": "Nested Loop", "Parent Relationship": "Outer", "Join Type": "Inner", "Startup Cost": 7439.53, "Total Cost": 157108.05, "Plan Rows": 219, "Plan Width": 64, "Actual Startup Time": 394.473, "Actual Total Time": 648.75, "Actual Rows": 11, "Actual Loops": 1, "Inner Unique": true, "Plans": [{"Node Type": "Nested Loop", "Parent Relationship": "Outer", "Join Type": "Inner", "Startup Cost": 7439.22, "Total Cost": 155716.93, "Plan Rows": 321, "Plan Width": 68, "Actual Startup Time": 144.736, "Actual Total Time": 645.961, "Actual Rows": 268, "Actual Loops": 1, "Inner Unique": false, "Plans": [{"Node Type": "Nested Loop", "Parent Relationship": "Outer", "Join Type": "Inner", "Startup Cost": 7438.22, "Total Cost": 154223.75, "Plan Rows": 291, "Plan Width": 76, "Actual Startup Time": 67.802, "Actual Total Time": 613.896, "Actual Rows": 358, "Actual Loops": 1, "Inner Unique": false, "Join Filter": "(mi.info_type_id = it1.id)", "Rows Removed by Join Filter": 0, "Plans": [{"Node Type": "Bitmap Heap Scan", "Parent Relationship": "Outer", "Relation Name": "info_type", "Alias": "it1", "Startup Cost": 8.81, "Total Cost": 14.21, "Plan Rows": 1, "Plan Width": 4, "Actual Startup Time": 0.054, "Actual Total Time": 0.086, "Actual Rows": 1, "Actual Loops": 1, "Filter": "((info)::text = 'genres'::text)", "Rows Removed by Filter": 111, "Exact Heap Blocks": 1, "Lossy Heap Blocks": 1, "Plans": [{"Node Type": "Bitmap Index Scan", "Parent Relationship": "Outer", "Index Name": "info_type_pkey", "Startup Cost": 0.0, "Total Cost": 8.81, "Plan Rows": 112, "Plan Width": 0, "Actual Startup Time": 0.015, "Actual Total Time": 0.015, "Actual Rows": 112, "Actual Loops": 1}]}, {"Node Type": "Nested Loop", "Parent Relationship": "Inner", "Join Type": "Inner", "Startup Cost": 7429.41, "Total Cost": 154037.63, "Plan Rows": 13753, "Plan Width": 80, "Actual Startup Time": 67.737, "Actual Total Time": 613.496, "Actual Rows": 358, "Actual Loops": 1, "Inner Unique": false, "Plans": [{"Node Type": "Nested Loop", "Parent Relationship": "Outer", "Join Type": "Inner", "Startup Cost": 7428.83, "Total Cost": 83898.37, "Plan Rows": 15041, "Plan Width": 30, "Actual Startup Time": 60.256, "Actual Total Time": 430.293, "Actual Rows": 6152, "Actual Loops": 1, "Inner Unique": true, "Plans": [{"Node Type": "Nested Loop", "Parent Relationship": "Outer", "Join Type": "Inner", "Startup Cost": 7427.85, "Total Cost": 19211.73, "Plan Rows": 12936, "Plan Width": 9, "Actual Startup Time": 58.555, "Actual Total Time": 316.66, "Actual Rows": 15849, "Actual Loops": 1, "Inner Unique": false, "Plans": [{"Node Type": "Bitmap Heap Scan", "Parent Relationship": "Outer", "Relation Name": "info_type", "Alias": "it2", "Startup Cost": 8.81, "Total Cost": 14.21, "Plan Rows": 1, "Plan Width": 4, "Actual Startup Time": 0.053, "Actual Total Time": 0.058, "Actual Rows": 1, "Actual Loops": 1, "Filter": "((info)::text = 'rating'::text)", "Rows Removed by Filter": 111, "Exact Heap Blocks": 1, "Lossy Heap Blocks": 1, "Plans": [{"Node Type": "Bitmap Index Scan", "Parent Relationship": "Outer", "Index Name": "info_type_pkey", "Startup Cost": 0.0, "Total Cost": 8.81, "Plan Rows": 112, "Plan Width": 0, "Actual Startup Time": 0.008, "Actual Total Time": 0.008, "Actual Rows": 112, "Actual Loops": 1}]}, {"Node Type": "Bitmap Heap Scan", "Parent Relationship": "Inner", "Relation Name": "movie_info_idx", "Alias": "mi_idx", "Startup Cost": 7419.04, "Total Cost": 19068.16, "Plan Rows": 12936, "Plan Width": 13, "Actual Startup Time": 58.498, "Actual Total Time": 312.884, "Actual Rows": 15849, "Actual Loops": 1, "Recheck Cond": "(info_type_id = it2.id)", "Rows Removed by Index Recheck": 0, "Filter": "((info)::text > '8.0'::text)", "Rows Removed by Filter": 444076, "Exact Heap Blocks": 6472, "Lossy Heap Blocks": 6472, "Plans": [{"Node Type": "Bitmap Index Scan", "Parent Relationship": "Outer", "Index Name": "info_type_id_movie_info_idx", "Startup Cost": 0.0, "Total Cost": 7415.81, "Plan Rows": 345008, "Plan Width": 0, "Actual Startup Time": 57.263, "Actual Total Time": 57.263, "Actual Rows": 459925, "Actual Loops": 1, "Index Cond": "(info_type_id = it2.id)"}]}]}, {"Node Type": "Bitmap Heap Scan", "Parent Relationship": "Inner", "Relation Name": "title", "Alias": "t", "Startup Cost": 0.97, "Total Cost": 4.99, "Plan Rows": 1, "Plan Width": 21, "Actual Startup Time": 92.969, "Actual Total Time": 92.969, "Actual Rows": 6152, "Actual Loops": 15849, "Recheck Cond": "(id = mi_idx.movie_id)", "Rows Removed by Index Recheck": 0, "Filter": "((production_year >= 2008) AND (production_year <= 2014))", "Rows Removed by Filter": 9697, "Exact Heap Blocks": 15849, "Lossy Heap Blocks": 15849, "Plans": [{"Node Type": "Bitmap Index Scan", "Parent Relationship": "Outer", "Index Name": "title_pkey", "Startup Cost": 0.0, "Total Cost": 0.97, "Plan Rows": 1, "Plan Width": 0, "Actual Startup Time": 45.73, "Actual Total Time": 45.73, "Actual Rows": 15849, "Actual Loops": 15849, "Index Cond": "(id = mi_idx.movie_id)"}]}]}, {"Node Type": "Bitmap Heap Scan", "Parent Relationship": "Inner", "Relation Name": "movie_info", "Alias": "mi", "Startup Cost": 0.58, "Total Cost": 4.65, "Plan Rows": 1, "Plan Width": 50, "Actual Startup Time": 174.663, "Actual Total Time": 174.828, "Actual Rows": 358, "Actual Loops": 6152, "Recheck Cond": "(movie_id = t.id)", "Rows Removed by Index Recheck": 0, "Filter": "((note IS NULL) AND ((info)::text = ANY ('{Horror,Thriller}'::text[])))", "Rows Removed by Filter": 109599, "Exact Heap Blocks": 52726, "Lossy Heap Blocks": 52726, "Plans": [{"Node Type": "Bitmap Index Scan", "Parent Relationship": "Outer", "Index Name": "movie_id_movie_info", "Startup Cost": 0.0, "Total Cost": 0.58, "Plan Rows": 5, "Plan Width": 0, "Actual Startup Time": 40.719, "Actual Total Time": 40.719, "Actual Rows": 109957, "Actual Loops": 6152, "Index Cond": "(movie_id = t.id)"}]}]}]}, {"Node Type": "Bitmap Heap Scan", "Parent Relationship": "Inner", "Relation Name": "cast_info", "Alias": "ci", "Startup Cost": 1.01, "Total Cost": 5.12, "Plan Rows": 1, "Plan Width": 8, "Actual Startup Time": 25.29, "Actual Total Time": 31.079, "Actual Rows": 268, "Actual Loops": 358, "Recheck Cond": "(movie_id = t.id)", "Rows Removed by Index Recheck": 0, "Filter": "((note)::text = ANY ('{(writer),\"(head writer)\",\"(written by)\",(story),\"(story editor)\"}'::text[]))", "Rows Removed by Filter": 12296, "Exact Heap Blocks": 11454, "Lossy Heap Blocks": 11454, "Plans": [{"Node Type": "Bitmap Index Scan", "Parent Relationship": "Outer", "Index Name": "movie_id_cast_info", "Startup Cost": 0.0, "Total Cost": 1.01, "Plan Rows": 6, "Plan Width": 0, "Actual Startup Time": 4.711, "Actual Total Time": 4.711, "Actual Rows": 12564, "Actual Loops": 358, "Index Cond": "(movie_id = t.id)"}]}]}, {"Node Type": "Bitmap Heap Scan", "Parent Relationship": "Inner", "Relation Name": "name", "Alias": "n", "Startup Cost": 0.31, "Total Cost": 4.32, "Plan Rows": 1, "Plan Width": 4, "Actual Startup Time": 2.292, "Actual Total Time": 2.292, "Actual Rows": 11, "Actual Loops": 268, "Recheck Cond": "(id = ci.person_id)", "Rows Removed by Index Recheck": 0, "Filter": "((gender IS NOT NULL) AND ((gender)::text = 'f'::text))", "Rows Removed by Filter": 257, "Exact Heap Blocks": 268, "Lossy Heap Blocks": 268, "Plans": [{"Node Type": "Bitmap Index Scan", "Parent Relationship": "Outer", "Index Name": "name_pkey", "Startup Cost": 0.0, "Total Cost": 0.31, "Plan Rows": 1, "Plan Width": 0, "Actual Startup Time": 1.403, "Actual Total Time": 1.403, "Actual Rows": 268, "Actual Loops": 268, "Index Cond": "(id = ci.person_id)"}]}]}]}, "Triggers": [], "Planner Runtime": 23.03, "Total Runtime": 649.145, "Unique SQL Id": 661781350}}, "(16, '24')": {"explain_plan": {"Plan": {"Node Type": "Aggregate", "Strategy": "Plain", "Startup Cost": 40721.77, "Total Cost": 40721.78, "Plan Rows": 1, "Plan Width": 160, "Plans": [{"Node Type": "Nested Loop", "Parent Relationship": "Outer", "Join Type": "Inner", "Startup Cost": 0.0, "Total Cost": 40720.13, "Plan Rows": 219, "Plan Width": 64, "Inner Unique": true, "Plans": [{"Node Type": "Nested Loop", "Parent Relationship": "Outer", "Join Type": "Inner", "Startup Cost": 0.0, "Total Cost": 40559.14, "Plan Rows": 321, "Plan Width": 68, "Inner Unique": false, "Plans": [{"Node Type": "Nested Loop", "Parent Relationship": "Outer", "Join Type": "Inner", "Startup Cost": 0.0, "Total Cost": 39874.11, "Plan Rows": 291, "Plan Width": 76, "Inner Unique": true, "Plans": [{"Node Type": "Nested Loop", "Parent Relationship": "Outer", "Join Type": "Inner", "Startup Cost": 0.0, "Total Cost": 39160.9, "Plan Rows": 250, "Plan Width": 55, "Inner Unique": false, "Join Filter": "(mi_idx.info_type_id = it2.id)", "Plans": [{"Node Type": "Seq Scan", "Parent Relationship": "Outer", "Relation Name": "info_type", "Alias": "it2", "Startup Cost": 0.0, "Total Cost": 2.4, "Plan Rows": 1, "Plan Width": 4, "Filter": "((info)::text = 'rating'::text)"}, {"Node Type": "Nested Loop", "Parent Relationship": "Inner", "Join Type": "Inner", "Startup Cost": 0.0, "Total Cost": 39146.01, "Plan Rows": 999, "Plan Width": 59, "Inner Unique": false, "Plans": [{"Node Type": "Nested Loop", "Parent Relationship": "Outer", "Join Type": "Inner", "Startup Cost": 0.0, "Total Cost": 38204.15, "Plan Rows": 971, "Plan Width": 46, "Inner Unique": false, "Join Filter": "(it1.id = mi.info_type_id)", "Plans": [{"Node Type": "Seq Scan", "Parent Relationship": "Outer", "Relation Name": "info_type", "Alias": "it1", "Startup Cost": 0.0, "Total Cost": 2.4, "Plan Rows": 1, "Plan Width": 4, "Filter": "((info)::text = 'genres'::text)"}, {"Node Type": "Materialize", "Parent Relationship": "Inner", "Startup Cost": 0.0, "Total Cost": 37522.04, "Plan Rows": 67971, "Plan Width": 50, "Plans": [{"Node Type": "Streaming(type: LOCAL GATHER dop: 1/16)", "Parent Relationship": "Outer", "Startup Cost": 0.0, "Total Cost": 37352.11, "Plan Rows": 67971, "Plan Width": 50, "Plans": [{"Node Type": "Seq Scan", "Parent Relationship": "Outer", "Relation Name": "movie_info", "Alias": "mi", "Startup Cost": 0.0, "Total Cost": 35885.16, "Plan Rows": 67971, "Plan Width": 50, "Filter": "((note IS NULL) AND ((info)::text = ANY ('{Horror,Thriller}'::text[])))"}]}]}]}, {"Node Type": "Index Scan", "Parent Relationship": "Inner", "Scan Direction": "Forward", "Index Name": "movie_id_movie_info_idx", "Relation Name": "movie_info_idx", "Alias": "mi_idx", "Startup Cost": 0.0, "Total Cost": 0.96, "Plan Rows": 1, "Plan Width": 13, "Index Cond": "(movie_id = mi.movie_id)", "Filter": "((info)::text > '8.0'::text)"}]}]}, {"Node Type": "Index Scan", "Parent Relationship": "Inner", "Scan Direction": "Forward", "Index Name": "title_pkey", "Relation Name": "title", "Alias": "t", "Startup Cost": 0.0, "Total Cost": 2.84, "Plan Rows": 1, "Plan Width": 21, "Index Cond": "(id = mi.movie_id)", "Filter": "((production_year >= 2008) AND (production_year <= 2014))"}]}, {"Node Type": "Index Scan", "Parent Relationship": "Inner", "Scan Direction": "Forward", "Index Name": "movie_id_cast_info", "Relation Name": "cast_info", "Alias": "ci", "Startup Cost": 0.0, "Total Cost": 2.34, "Plan Rows": 1, "Plan Width": 8, "Index Cond": "(movie_id = t.id)", "Filter": "((note)::text = ANY ('{(writer),\"(head writer)\",\"(written by)\",(story),\"(story editor)\"}'::text[]))"}]}, {"Node Type": "Index Scan", "Parent Relationship": "Inner", "Scan Direction": "Forward", "Index Name": "name_pkey", "Relation Name": "name", "Alias": "n", "Startup Cost": 0.0, "Total Cost": 0.49, "Plan Rows": 1, "Plan Width": 4, "Index Cond": "(id = ci.person_id)", "Filter": "((gender IS NOT NULL) AND ((gender)::text = 'f'::text))"}]}]}, "Unique SQL Id": 661781350, "Planner Runtime": 16}, "explain_analyze_plan": {"Plan": {"Node Type": "Aggregate", "Strategy": "Plain", "Startup Cost": 40721.77, "Total Cost": 40721.78, "Plan Rows": 1, "Plan Width": 160, "Actual Min Startup Time": 783.795, "Actual Max Startup Time": 783.795, "Actual Min Total Time": 783.796, "Actual Max Total Time": 783.796, "Plans": [{"Node Type": "Nested Loop", "Parent Relationship": "Outer", "Join Type": "Inner", "Startup Cost": 0.0, "Total Cost": 40720.13, "Plan Rows": 219, "Plan Width": 64, "Actual Min Startup Time": 421.789, "Actual Max Startup Time": 421.789, "Actual Min Total Time": 783.737, "Actual Max Total Time": 783.737, "Inner Unique": true, "Plans": [{"Node Type": "Nested Loop", "Parent Relationship": "Outer", "Join Type": "Inner", "Startup Cost": 0.0, "Total Cost": 40559.14, "Plan Rows": 321, "Plan Width": 68, "Actual Min Startup Time": 420.591, "Actual Max Startup Time": 420.591, "Actual Min Total Time": 781.702, "Actual Max Total Time": 781.702, "Inner Unique": false, "Plans": [{"Node Type": "Nested Loop", "Parent Relationship": "Outer", "Join Type": "Inner", "Startup Cost": 0.0, "Total Cost": 39874.11, "Plan Rows": 291, "Plan Width": 76, "Actual Min Startup Time": 418.68, "Actual Max Startup Time": 418.68, "Actual Min Total Time": 757.309, "Actual Max Total Time": 757.309, "Inner Unique": true, "Plans": [{"Node Type": "Nested Loop", "Parent Relationship": "Outer", "Join Type": "Inner", "Startup Cost": 0.0, "Total Cost": 39160.9, "Plan Rows": 250, "Plan Width": 55, "Actual Min Startup Time": 418.659, "Actual Max Startup Time": 418.659, "Actual Min Total Time": 752.537, "Actual Max Total Time": 752.537, "Inner Unique": false, "Join Filter": "(mi_idx.info_type_id = it2.id)", "Rows Removed by Join Filter": 3403, "Plans": [{"Node Type": "Seq Scan", "Parent Relationship": "Outer", "Relation Name": "info_type", "Alias": "it2", "Startup Cost": 0.0, "Total Cost": 2.4, "Plan Rows": 1, "Plan Width": 4, "Actual Min Startup Time": 0.077, "Actual Max Startup Time": 0.077, "Actual Min Total Time": 0.093, "Actual Max Total Time": 0.093, "Filter": "((info)::text = 'rating'::text)", "Rows Removed by Filter": 111, "Actual Rows": 1}, {"Node Type": "Nested Loop", "Parent Relationship": "Inner", "Join Type": "Inner", "Startup Cost": 0.0, "Total Cost": 39146.01, "Plan Rows": 999, "Plan Width": 59, "Actual Min Startup Time": 418.484, "Actual Max Startup Time": 418.484, "Actual Min Total Time": 750.31, "Actual Max Total Time": 750.31, "Inner Unique": false, "Plans": [{"Node Type": "Nested Loop", "Parent Relationship": "Outer", "Join Type": "Inner", "Startup Cost": 0.0, "Total Cost": 38204.15, "Plan Rows": 971, "Plan Width": 46, "Actual Min Startup Time": 418.401, "Actual Max Startup Time": 418.401, "Actual Min Total Time": 457.136, "Actual Max Total Time": 457.136, "Inner Unique": false, "Join Filter": "(it1.id = mi.info_type_id)", "Rows Removed by Join Filter": 789, "Plans": [{"Node Type": "Seq Scan", "Parent Relationship": "Outer", "Relation Name": "info_type", "Alias": "it1", "Startup Cost": 0.0, "Total Cost": 2.4, "Plan Rows": 1, "Plan Width": 4, "Actual Min Startup Time": 0.07, "Actual Max Startup Time": 0.07, "Actual Min Total Time": 0.105, "Actual Max Total Time": 0.105, "Filter": "((info)::text = 'genres'::text)", "Rows Removed by Filter": 111, "Actual Rows": 1}, {"Node Type": "Materialize", "Parent Relationship": "Inner", "Startup Cost": 0.0, "Total Cost": 37522.04, "Plan Rows": 67971, "Plan Width": 50, "Actual Min Startup Time": 418.259, "Actual Max Startup Time": 418.259, "Actual Min Total Time": 427.845, "Actual Max Total Time": 427.845, "Plans": [{"Node Type": "Streaming(type: LOCAL GATHER dop: 1/16)", "Parent Relationship": "Outer", "Startup Cost": 0.0, "Total Cost": 37352.11, "Plan Rows": 67971, "Plan Width": 50, "Actual Min Startup Time": 267.189, "Actual Max Startup Time": 267.189, "Actual Min Total Time": 406.953, "Actual Max Total Time": 406.953, "Plans": [{"Node Type": "Seq Scan", "Parent Relationship": "Outer", "Relation Name": "movie_info", "Alias": "mi", "Startup Cost": 0.0, "Total Cost": 35885.16, "Plan Rows": 67971, "Plan Width": 50, "Actual Min Startup Time": 236.199, "Actual Max Startup Time": 341.623, "Actual Min Total Time": 383.341, "Actual Max Total Time": 397.733, "Filter": "((note IS NULL) AND ((info)::text = ANY ('{Horror,Thriller}'::text[])))", "Rows Removed by Filter": 14762672, "Actual Rows": 73047}], "Actual Rows": 73047}], "Actual Rows": 73048}], "Actual Rows": 72258}, {"Node Type": "Index Scan", "Parent Relationship": "Inner", "Scan Direction": "Forward", "Index Name": "movie_id_movie_info_idx", "Relation Name": "movie_info_idx", "Alias": "mi_idx", "Startup Cost": 0.0, "Total Cost": 0.96, "Plan Rows": 1, "Plan Width": 13, "Actual Min Startup Time": 255.529, "Actual Max Startup Time": 255.529, "Actual Min Total Time": 258.944, "Actual Max Total Time": 258.944, "Index Cond": "(movie_id = mi.movie_id)", "Rows Removed by Index Recheck": 0, "Filter": "((info)::text > '8.0'::text)", "Rows Removed by Filter": 113143, "Actual Rows": 4135}], "Actual Rows": 4135}], "Actual Rows": 732}, {"Node Type": "Index Scan", "Parent Relationship": "Inner", "Scan Direction": "Forward", "Index Name": "title_pkey", "Relation Name": "title", "Alias": "t", "Startup Cost": 0.0, "Total Cost": 2.84, "Plan Rows": 1, "Plan Width": 21, "Actual Min Startup Time": 4.157, "Actual Max Startup Time": 4.157, "Actual Min Total Time": 4.157, "Actual Max Total Time": 4.157, "Index Cond": "(id = mi.movie_id)", "Rows Removed by Index Recheck": 0, "Filter": "((production_year >= 2008) AND (production_year <= 2014))", "Rows Removed by Filter": 374, "Actual Rows": 358}], "Actual Rows": 358}, {"Node Type": "Index Scan", "Parent Relationship": "Inner", "Scan Direction": "Forward", "Index Name": "movie_id_cast_info", "Relation Name": "cast_info", "Alias": "ci", "Startup Cost": 0.0, "Total Cost": 2.34, "Plan Rows": 1, "Plan Width": 8, "Actual Min Startup Time": 18.983, "Actual Max Startup Time": 18.983, "Actual Min Total Time": 24.063, "Actual Max Total Time": 24.063, "Index Cond": "(movie_id = t.id)", "Rows Removed by Index Recheck": 0, "Filter": "((note)::text = ANY ('{(writer),\"(head writer)\",\"(written by)\",(story),\"(story editor)\"}'::text[]))", "Rows Removed by Filter": 12296, "Actual Rows": 268}], "Actual Rows": 268}, {"Node Type": "Index Scan", "Parent Relationship": "Inner", "Scan Direction": "Forward", "Index Name": "name_pkey", "Relation Name": "name", "Alias": "n", "Startup Cost": 0.0, "Total Cost": 0.49, "Plan Rows": 1, "Plan Width": 4, "Actual Min Startup Time": 1.815, "Actual Max Startup Time": 1.815, "Actual Min Total Time": 1.815, "Actual Max Total Time": 1.815, "Index Cond": "(id = ci.person_id)", "Rows Removed by Index Recheck": 0, "Filter": "((gender IS NOT NULL) AND ((gender)::text = 'f'::text))", "Rows Removed by Filter": 257, "Actual Rows": 11}], "Actual Rows": 11}], "Actual Rows": 1}, "Triggers": [], "Planner Runtime": 16.483, "Total Runtime": 786.667, "Unique SQL Id": 661781350}}, "(16, '25')": {"explain_plan": {"Plan": {"Node Type": "Aggregate", "Strategy": "Plain", "Startup Cost": 100899.17, "Total Cost": 100899.18, "Plan Rows": 1, "Plan Width": 160, "Plans": [{"Node Type": "Nested Loop", "Parent Relationship": "Outer", "Join Type": "Inner", "Startup Cost": 0.0, "Total Cost": 100897.52, "Plan Rows": 219, "Plan Width": 64, "Inner Unique": true, "Plans": [{"Node Type": "Nested Loop", "Parent Relationship": "Outer", "Join Type": "Inner", "Startup Cost": 0.0, "Total Cost": 100736.53, "Plan Rows": 321, "Plan Width": 68, "Inner Unique": false, "Plans": [{"Node Type": "Nested Loop", "Parent Relationship": "Outer", "Join Type": "Inner", "Startup Cost": 0.0, "Total Cost": 100051.51, "Plan Rows": 291, "Plan Width": 76, "Inner Unique": false, "Join Filter": "(mi.info_type_id = it1.id)", "Plans": [{"Node Type": "Index Scan", "Parent Relationship": "Outer", "Scan Direction": "Forward", "Index Name": "info_type_pkey", "Relation Name": "info_type", "Alias": "it1", "Startup Cost": 0.0, "Total Cost": 14.21, "Plan Rows": 1, "Plan Width": 4, "Filter": "((info)::text = 'genres'::text)"}, {"Node Type": "Nested Loop", "Parent Relationship": "Inner", "Join Type": "Inner", "Startup Cost": 0.0, "Total Cost": 99865.39, "Plan Rows": 13753, "Plan Width": 80, "Inner Unique": false, "Plans": [{"Node Type": "Nested Loop", "Parent Relationship": "Outer", "Join Type": "Inner", "Startup Cost": 0.0, "Total Cost": 78493.26, "Plan Rows": 15041, "Plan Width": 30, "Inner Unique": true, "Plans": [{"Node Type": "Nested Loop", "Parent Relationship": "Outer", "Join Type": "Inner", "Startup Cost": 0.0, "Total Cost": 35880.0, "Plan Rows": 12936, "Plan Width": 9, "Inner Unique": false, "Plans": [{"Node Type": "Index Scan", "Parent Relationship": "Outer", "Scan Direction": "Forward", "Index Name": "info_type_pkey", "Relation Name": "info_type", "Alias": "it2", "Startup Cost": 0.0, "Total Cost": 14.21, "Plan Rows": 1, "Plan Width": 4, "Filter": "((info)::text = 'rating'::text)"}, {"Node Type": "Index Scan", "Parent Relationship": "Inner", "Scan Direction": "Forward", "Index Name": "info_type_id_movie_info_idx", "Relation Name": "movie_info_idx", "Alias": "mi_idx", "Startup Cost": 0.0, "Total Cost": 35736.43, "Plan Rows": 12936, "Plan Width": 13, "Index Cond": "(info_type_id = it2.id)", "Filter": "((info)::text > '8.0'::text)"}]}, {"Node Type": "Index Scan", "Parent Relationship": "Inner", "Scan Direction": "Forward", "Index Name": "title_pkey", "Relation Name": "title", "Alias": "t", "Startup Cost": 0.0, "Total Cost": 3.28, "Plan Rows": 1, "Plan Width": 21, "Index Cond": "(id = mi_idx.movie_id)", "Filter": "((production_year >= 2008) AND (production_year <= 2014))"}]}, {"Node Type": "Index Scan", "Parent Relationship": "Inner", "Scan Direction": "Forward", "Index Name": "movie_id_movie_info", "Relation Name": "movie_info", "Alias": "mi", "Startup Cost": 0.0, "Total Cost": 1.41, "Plan Rows": 1, "Plan Width": 50, "Index Cond": "(movie_id = t.id)", "Filter": "((note IS NULL) AND ((info)::text = ANY ('{Horror,Thriller}'::text[])))"}]}]}, {"Node Type": "Index Scan", "Parent Relationship": "Inner", "Scan Direction": "Forward", "Index Name": "movie_id_cast_info", "Relation Name": "cast_info", "Alias": "ci", "Startup Cost": 0.0, "Total Cost": 2.34, "Plan Rows": 1, "Plan Width": 8, "Index Cond": "(movie_id = t.id)", "Filter": "((note)::text = ANY ('{(writer),\"(head writer)\",\"(written by)\",(story),\"(story editor)\"}'::text[]))"}]}, {"Node Type": "Index Scan", "Parent Relationship": "Inner", "Scan Direction": "Forward", "Index Name": "name_pkey", "Relation Name": "name", "Alias": "n", "Startup Cost": 0.0, "Total Cost": 0.49, "Plan Rows": 1, "Plan Width": 4, "Index Cond": "(id = ci.person_id)", "Filter": "((gender IS NOT NULL) AND ((gender)::text = 'f'::text))"}]}]}, "Unique SQL Id": 661781350, "Planner Runtime": 13}, "explain_analyze_plan": {"Plan": {"Node Type": "Aggregate", "Strategy": "Plain", "Startup Cost": 100899.17, "Total Cost": 100899.18, "Plan Rows": 1, "Plan Width": 160, "Actual Startup Time": 569.524, "Actual Total Time": 569.525, "Actual Rows": 1, "Actual Loops": 1, "Plans": [{"Node Type": "Nested Loop", "Parent Relationship": "Outer", "Join Type": "Inner", "Startup Cost": 0.0, "Total Cost": 100897.52, "Plan Rows": 219, "Plan Width": 64, "Actual Startup Time": 291.946, "Actual Total Time": 569.461, "Actual Rows": 11, "Actual Loops": 1, "Inner Unique": true, "Plans": [{"Node Type": "Nested Loop", "Parent Relationship": "Outer", "Join Type": "Inner", "Startup Cost": 0.0, "Total Cost": 100736.53, "Plan Rows": 321, "Plan Width": 68, "Actual Startup Time": 77.048, "Actual Total Time": 567.305, "Actual Rows": 268, "Actual Loops": 1, "Inner Unique": false, "Plans": [{"Node Type": "Nested Loop", "Parent Relationship": "Outer", "Join Type": "Inner", "Startup Cost": 0.0, "Total Cost": 100051.51, "Plan Rows": 291, "Plan Width": 76, "Actual Startup Time": 9.457, "Actual Total Time": 542.484, "Actual Rows": 358, "Actual Loops": 1, "Inner Unique": false, "Join Filter": "(mi.info_type_id = it1.id)", "Rows Removed by Join Filter": 0, "Plans": [{"Node Type": "Index Scan", "Parent Relationship": "Outer", "Scan Direction": "Forward", "Index Name": "info_type_pkey", "Relation Name": "info_type", "Alias": "it1", "Startup Cost": 0.0, "Total Cost": 14.21, "Plan Rows": 1, "Plan Width": 4, "Actual Startup Time": 0.029, "Actual Total Time": 0.075, "Actual Rows": 1, "Actual Loops": 1, "Filter": "((info)::text = 'genres'::text)", "Rows Removed by Filter": 111}, {"Node Type": "Nested Loop", "Parent Relationship": "Inner", "Join Type": "Inner", "Startup Cost": 0.0, "Total Cost": 99865.39, "Plan Rows": 13753, "Plan Width": 80, "Actual Startup Time": 9.417, "Actual Total Time": 542.155, "Actual Rows": 358, "Actual Loops": 1, "Inner Unique": false, "Plans": [{"Node Type": "Nested Loop", "Parent Relationship": "Outer", "Join Type": "Inner", "Startup Cost": 0.0, "Total Cost": 78493.26, "Plan Rows": 15041, "Plan Width": 30, "Actual Startup Time": 1.744, "Actual Total Time": 403.01, "Actual Rows": 6152, "Actual Loops": 1, "Inner Unique": true, "Plans": [{"Node Type": "Nested Loop", "Parent Relationship": "Outer", "Join Type": "Inner", "Startup Cost": 0.0, "Total Cost": 35880.0, "Plan Rows": 12936, "Plan Width": 9, "Actual Startup Time": 0.089, "Actual Total Time": 324.044, "Actual Rows": 15849, "Actual Loops": 1, "Inner Unique": false, "Plans": [{"Node Type": "Index Scan", "Parent Relationship": "Outer", "Scan Direction": "Forward", "Index Name": "info_type_pkey", "Relation Name": "info_type", "Alias": "it2", "Startup Cost": 0.0, "Total Cost": 14.21, "Plan Rows": 1, "Plan Width": 4, "Actual Startup Time": 0.051, "Actual Total Time": 0.059, "Actual Rows": 1, "Actual Loops": 1, "Filter": "((info)::text = 'rating'::text)", "Rows Removed by Filter": 111}, {"Node Type": "Index Scan", "Parent Relationship": "Inner", "Scan Direction": "Forward", "Index Name": "info_type_id_movie_info_idx", "Relation Name": "movie_info_idx", "Alias": "mi_idx", "Startup Cost": 0.0, "Total Cost": 35736.43, "Plan Rows": 12936, "Plan Width": 13, "Actual Startup Time": 0.036, "Actual Total Time": 320.329, "Actual Rows": 15849, "Actual Loops": 1, "Index Cond": "(info_type_id = it2.id)", "Rows Removed by Index Recheck": 0, "Filter": "((info)::text > '8.0'::text)", "Rows Removed by Filter": 444076}]}, {"Node Type": "Index Scan", "Parent Relationship": "Inner", "Scan Direction": "Forward", "Index Name": "title_pkey", "Relation Name": "title", "Alias": "t", "Startup Cost": 0.0, "Total Cost": 3.28, "Plan Rows": 1, "Plan Width": 21, "Actual Startup Time": 68.799, "Actual Total Time": 68.799, "Actual Rows": 6152, "Actual Loops": 15849, "Index Cond": "(id = mi_idx.movie_id)", "Rows Removed by Index Recheck": 0, "Filter": "((production_year >= 2008) AND (production_year <= 2014))", "Rows Removed by Filter": 9697}]}, {"Node Type": "Index Scan", "Parent Relationship": "Inner", "Scan Direction": "Forward", "Index Name": "movie_id_movie_info", "Relation Name": "movie_info", "Alias": "mi", "Startup Cost": 0.0, "Total Cost": 1.41, "Plan Rows": 1, "Plan Width": 50, "Actual Startup Time": 135.391, "Actual Total Time": 135.689, "Actual Rows": 358, "Actual Loops": 6152, "Index Cond": "(movie_id = t.id)", "Rows Removed by Index Recheck": 0, "Filter": "((note IS NULL) AND ((info)::text = ANY ('{Horror,Thriller}'::text[])))", "Rows Removed by Filter": 109599}]}]}, {"Node Type": "Index Scan", "Parent Relationship": "Inner", "Scan Direction": "Forward", "Index Name": "movie_id_cast_info", "Relation Name": "cast_info", "Alias": "ci", "Startup Cost": 0.0, "Total Cost": 2.34, "Plan Rows": 1, "Plan Width": 8, "Actual Startup Time": 19.212, "Actual Total Time": 24.39, "Actual Rows": 268, "Actual Loops": 358, "Index Cond": "(movie_id = t.id)", "Rows Removed by Index Recheck": 0, "Filter": "((note)::text = ANY ('{(writer),\"(head writer)\",\"(written by)\",(story),\"(story editor)\"}'::text[]))", "Rows Removed by Filter": 12296}]}, {"Node Type": "Index Scan", "Parent Relationship": "Inner", "Scan Direction": "Forward", "Index Name": "name_pkey", "Relation Name": "name", "Alias": "n", "Startup Cost": 0.0, "Total Cost": 0.49, "Plan Rows": 1, "Plan Width": 4, "Actual Startup Time": 1.905, "Actual Total Time": 1.905, "Actual Rows": 11, "Actual Loops": 268, "Index Cond": "(id = ci.person_id)", "Rows Removed by Index Recheck": 0, "Filter": "((gender IS NOT NULL) AND ((gender)::text = 'f'::text))", "Rows Removed by Filter": 257}]}]}, "Triggers": [], "Planner Runtime": 18.121, "Total Runtime": 569.824, "Unique SQL Id": 661781350}}, "(16, '26')": {"explain_plan": {"Plan": {"Node Type": "Aggregate", "Strategy": "Plain", "Startup Cost": 301871.07, "Total Cost": 301871.11, "Plan Rows": 1, "Plan Width": 160, "Plans": [{"Node Type": "Streaming(type: LOCAL GATHER dop: 1/16)", "Parent Relationship": "Outer", "Startup Cost": 301871.07, "Total Cost": 301871.11, "Plan Rows": 1, "Plan Width": 160, "Plans": [{"Node Type": "Aggregate", "Strategy": "Plain", "Parent Relationship": "Outer", "Startup Cost": 301871.07, "Total Cost": 301871.08, "Plan Rows": 1, "Plan Width": 160, "Plans": [{"Node Type": "Nested Loop", "Parent Relationship": "Outer", "Join Type": "Inner", "Startup Cost": 57472.77, "Total Cost": 301869.43, "Plan Rows": 219, "Plan Width": 64, "Inner Unique": false, "Join Filter": "(mi.movie_id = t.id)", "Plans": [{"Node Type": "Streaming(type: LOCAL REDISTRIBUTE dop: 16/16)", "Parent Relationship": "Outer", "Startup Cost": 88.19, "Total Cost": 37509.56, "Plan Rows": 782553, "Plan Width": 21, "Plans": [{"Node Type": "Seq Scan", "Parent Relationship": "Outer", "Relation Name": "title", "Alias": "t", "Startup Cost": 88.19, "Total Cost": 19544.42, "Plan Rows": 782553, "Plan Width": 21, "Filter": "((production_year >= 2008) AND (production_year <= 2014)), (LLVM Optimized)"}]}, {"Node Type": "Materialize", "Parent Relationship": "Inner", "Startup Cost": 57384.58, "Total Cost": 255739.59, "Plan Rows": 188, "Plan Width": 59, "Plans": [{"Node Type": "Streaming(type: LOCAL REDISTRIBUTE dop: 16/16)", "Parent Relationship": "Outer", "Startup Cost": 57384.58, "Total Cost": 255739.53, "Plan Rows": 188, "Plan Width": 59, "Plans": [{"Node Type": "Nested Loop", "Parent Relationship": "Outer", "Join Type": "Inner", "Startup Cost": 57384.58, "Total Cost": 240738.82, "Plan Rows": 188, "Plan Width": 59, "Inner Unique": false, "Join Filter": "(ci.person_id = n.id)", "Plans": [{"Node Type": "Streaming(type: LOCAL REDISTRIBUTE dop: 16/16)", "Parent Relationship": "Outer", "Startup Cost": 0.0, "Total Cost": 38833.77, "Plan Rows": 624324, "Plan Width": 4, "Plans": [{"Node Type": "Seq Scan", "Parent Relationship": "Outer", "Relation Name": "name", "Alias": "n", "Startup Cost": 0.0, "Total Cost": 21468.16, "Plan Rows": 624324, "Plan Width": 4, "Filter": "((gender IS NOT NULL) AND ((gender)::text = 'f'::text)), (LLVM Optimized)"}]}, {"Node Type": "Materialize", "Parent Relationship": "Inner", "Startup Cost": 57384.58, "Total Cost": 191808.6, "Plan Rows": 276, "Plan Width": 63, "Plans": [{"Node Type": "Streaming(type: LOCAL REDISTRIBUTE dop: 16/16)", "Parent Relationship": "Outer", "Startup Cost": 57384.58, "Total Cost": 191808.52, "Plan Rows": 276, "Plan Width": 63, "Plans": [{"Node Type": "Nested Loop", "Parent Relationship": "Outer", "Join Type": "Inner", "Startup Cost": 57384.58, "Total Cost": 176807.47, "Plan Rows": 276, "Plan Width": 63, "Inner Unique": false, "Join Filter": "(mi.movie_id = ci.movie_id)", "Plans": [{"Node Type": "Streaming(type: LOCAL REDISTRIBUTE dop: 16/16)", "Parent Relationship": "Outer", "Startup Cost": 0.0, "Total Cost": 86415.84, "Plan Rows": 1223154, "Plan Width": 8, "Plans": [{"Node Type": "Seq Scan", "Parent Relationship": "Outer", "Relation Name": "cast_info", "Alias": "ci", "Startup Cost": 0.0, "Total Cost": 66781.24, "Plan Rows": 1223154, "Plan Width": 8, "Filter": "((note)::text = ANY ('{(writer),\"(head writer)\",\"(written by)\",(story),\"(story editor)\"}'::text[]))"}]}, {"Node Type": "Materialize", "Parent Relationship": "Inner", "Startup Cost": 57384.58, "Total Cost": 72474.37, "Plan Rows": 250, "Plan Width": 55, "Plans": [{"Node Type": "Streaming(type: LOCAL REDISTRIBUTE dop: 16/1)", "Parent Relationship": "Outer", "Startup Cost": 57384.58, "Total Cost": 72474.3, "Plan Rows": 250, "Plan Width": 55, "Plans": [{"Node Type": "Merge Join", "Parent Relationship": "Outer", "Join Type": "Inner", "Startup Cost": 57384.58, "Total Cost": 57463.9, "Plan Rows": 250, "Plan Width": 55, "Inner Unique": false, "Merge Cond": "(mi.movie_id = mi_idx.movie_id)", "Plans": [{"Node Type": "Sort", "Parent Relationship": "Outer", "Startup Cost": 38252.33, "Total Cost": 38254.76, "Plan Rows": 971, "Plan Width": 46, "Sort Key": ["mi.movie_id"], "Plans": [{"Node Type": "Nested Loop", "Parent Relationship": "Outer", "Join Type": "Inner", "Startup Cost": 0.0, "Total Cost": 38204.15, "Plan Rows": 971, "Plan Width": 46, "Inner Unique": false, "Join Filter": "(it1.id = mi.info_type_id)", "Plans": [{"Node Type": "Seq Scan", "Parent Relationship": "Outer", "Relation Name": "info_type", "Alias": "it1", "Startup Cost": 0.0, "Total Cost": 2.4, "Plan Rows": 1, "Plan Width": 4, "Filter": "((info)::text = 'genres'::text)"}, {"Node Type": "Materialize", "Parent Relationship": "Inner", "Startup Cost": 0.0, "Total Cost": 37522.04, "Plan Rows": 67971, "Plan Width": 50, "Plans": [{"Node Type": "Streaming(type: LOCAL GATHER dop: 1/16)", "Parent Relationship": "Outer", "Startup Cost": 0.0, "Total Cost": 37352.11, "Plan Rows": 67971, "Plan Width": 50, "Plans": [{"Node Type": "Seq Scan", "Parent Relationship": "Outer", "Relation Name": "movie_info", "Alias": "mi", "Startup Cost": 0.0, "Total Cost": 35885.16, "Plan Rows": 67971, "Plan Width": 50, "Filter": "((note IS NULL) AND ((info)::text = ANY ('{Horror,Thriller}'::text[])))"}]}]}]}]}, {"Node Type": "Sort", "Parent Relationship": "Inner", "Startup Cost": 19132.26, "Total Cost": 19164.6, "Plan Rows": 12936, "Plan Width": 9, "Sort Key": ["mi_idx.movie_id"], "Plans": [{"Node Type": "Nested Loop", "Parent Relationship": "Outer", "Join Type": "Inner", "Startup Cost": 0.0, "Total Cost": 18248.79, "Plan Rows": 12936, "Plan Width": 9, "Inner Unique": false, "Join Filter": "(it2.id = mi_idx.info_type_id)", "Plans": [{"Node Type": "Seq Scan", "Parent Relationship": "Outer", "Relation Name": "info_type", "Alias": "it2", "Startup Cost": 0.0, "Total Cost": 2.4, "Plan Rows": 1, "Plan Width": 4, "Filter": "((info)::text = 'rating'::text)"}, {"Node Type": "Materialize", "Parent Relationship": "Inner", "Startup Cost": 0.0, "Total Cost": 17728.93, "Plan Rows": 51746, "Plan Width": 13, "Plans": [{"Node Type": "Streaming(type: LOCAL GATHER dop: 1/16)", "Parent Relationship": "Outer", "Startup Cost": 0.0, "Total Cost": 17599.56, "Plan Rows": 51746, "Plan Width": 13, "Plans": [{"Node Type": "Seq Scan", "Parent Relationship": "Outer", "Relation Name": "movie_info_idx", "Alias": "mi_idx", "Startup Cost": 0.0, "Total Cost": 16482.78, "Plan Rows": 51746, "Plan Width": 13, "Filter": "((info)::text > '8.0'::text)"}]}]}]}]}]}]}]}]}]}]}]}]}]}]}]}]}]}, "Unique SQL Id": 661781350, "Planner Runtime": 19}, "explain_analyze_plan": null}, "(16, '27')": {"explain_plan": {"Plan": {"Node Type": "Aggregate", "Strategy": "Plain", "Startup Cost": 6971979256072.64, "Total Cost": 6971979256072.65, "Plan Rows": 1, "Plan Width": 160, "Plans": [{"Node Type": "Merge Join", "Parent Relationship": "Outer", "Join Type": "Inner", "Startup Cost": 70000000000.0, "Total Cost": 6971979256070.9, "Plan Rows": 233, "Plan Width": 64, "Inner Unique": true, "Merge Cond": "(ci.person_id = n.id)", "Plans": [{"Node Type": "Nested Loop", "Parent Relationship": "Outer", "Join Type": "Inner", "Startup Cost": 60000000000.0, "Total Cost": 5997470469312.04, "Plan Rows": 321, "Plan Width": 68, "Inner Unique": true, "Join Filter": "(mi.info_type_id = it1.id)", "Plans": [{"Node Type": "Nested Loop", "Parent Relationship": "Outer", "Join Type": "Inner", "Startup Cost": 50000000000.0, "Total Cost": 4997470467662.81, "Plan Rows": 15215, "Plan Width": 72, "Inner Unique": false, "Join Filter": "(t.id = ci.movie_id)", "Plans": [{"Node Type": "Index Scan", "Parent Relationship": "Outer", "Scan Direction": "Forward", "Index Name": "person_id_cast_info", "Relation Name": "cast_info", "Alias": "ci", "Startup Cost": 10000000000.0, "Total Cost": 1000193311016.96, "Plan Rows": 1223154, "Plan Width": 8, "Filter": "((note)::text = ANY ('{(writer),\"(head writer)\",\"(written by)\",(story),\"(story editor)\"}'::text[]))"}, {"Node Type": "Materialize", "Parent Relationship": "Inner", "Startup Cost": 40000000000.0, "Total Cost": 3997024826125.8, "Plan Rows": 13753, "Plan Width": 80, "Plans": [{"Node Type": "Merge Join", "Parent Relationship": "Outer", "Join Type": "Inner", "Startup Cost": 40000000000.0, "Total Cost": 3997024826057.04, "Plan Rows": 13753, "Plan Width": 80, "Inner Unique": false, "Merge Cond": "(t.id = mi.movie_id)", "Plans": [{"Node Type": "Merge Join", "Parent Relationship": "Outer", "Join Type": "Inner", "Startup Cost": 30000000000.0, "Total Cost": 2999088687984.57, "Plan Rows": 15041, "Plan Width": 30, "Inner Unique": true, "Merge Cond": "(mi_idx.movie_id = t.id)", "Plans": [{"Node Type": "Nested Loop", "Parent Relationship": "Outer", "Join Type": "Inner", "Startup Cost": 20000000000.0, "Total Cost": 2000004997241.06, "Plan Rows": 12936, "Plan Width": 9, "Inner Unique": true, "Join Filter": "(it2.id = mi_idx.info_type_id)", "Plans": [{"Node Type": "Index Scan", "Parent Relationship": "Outer", "Scan Direction": "Forward", "Index Name": "movie_id_movie_info_idx", "Relation Name": "movie_info_idx", "Alias": "mi_idx", "Startup Cost": 10000000000.0, "Total Cost": 1000004995043.87, "Plan Rows": 51746, "Plan Width": 13, "Filter": "((info)::text > '8.0'::text)"}, {"Node Type": "Materialize", "Parent Relationship": "Inner", "Startup Cost": 10000000000.0, "Total Cost": 1000000001421.0, "Plan Rows": 1, "Plan Width": 4, "Plans": [{"Node Type": "Index Scan", "Parent Relationship": "Outer", "Scan Direction": "Forward", "Index Name": "info_type_pkey", "Relation Name": "info_type", "Alias": "it2", "Startup Cost": 10000000000.0, "Total Cost": 1000000001421.0, "Plan Rows": 1, "Plan Width": 4, "Filter": "((info)::text = 'rating'::text)"}]}]}, {"Node Type": "Index Scan", "Parent Relationship": "Inner", "Scan Direction": "Forward", "Index Name": "title_pkey", "Relation Name": "title", "Alias": "t", "Startup Cost": 10000000000.0, "Total Cost": 1000012276204.41, "Plan Rows": 782553, "Plan Width": 21, "Filter": "((production_year >= 2008) AND (production_year <= 2014)), (LLVM Optimized)"}]}, {"Node Type": "Index Scan", "Parent Relationship": "Inner", "Scan Direction": "Forward", "Index Name": "movie_id_movie_info", "Relation Name": "movie_info", "Alias": "mi", "Startup Cost": 10000000000.0, "Total Cost": 1000107534403.72, "Plan Rows": 67971, "Plan Width": 50, "Filter": "((note IS NULL) AND ((info)::text = ANY ('{Horror,Thriller}'::text[])))"}]}]}]}, {"Node Type": "Materialize", "Parent Relationship": "Inner", "Startup Cost": 10000000000.0, "Total Cost": 1000000001421.0, "Plan Rows": 1, "Plan Width": 4, "Plans": [{"Node Type": "Index Scan", "Parent Relationship": "Outer", "Scan Direction": "Forward", "Index Name": "info_type_pkey", "Relation Name": "info_type", "Alias": "it1", "Startup Cost": 10000000000.0, "Total Cost": 1000000001421.0, "Plan Rows": 1, "Plan Width": 4, "Filter": "((info)::text = 'genres'::text)"}]}]}, {"Node Type": "Index Scan", "Parent Relationship": "Inner", "Scan Direction": "Forward", "Index Name": "name_pkey", "Relation Name": "name", "Alias": "n", "Startup Cost": 10000000000.0, "Total Cost": 1000018665147.2, "Plan Rows": 624324, "Plan Width": 4, "Filter": "((gender IS NOT NULL) AND ((gender)::text = 'f'::text)), (LLVM Optimized)"}]}]}, "Unique SQL Id": 661781350, "Planner Runtime": 69}, "explain_analyze_plan": null}, "(16, '28')": {"explain_plan": {"Plan": {"Node Type": "Aggregate", "Strategy": "Plain", "Startup Cost": 40721.77, "Total Cost": 40721.78, "Plan Rows": 1, "Plan Width": 160, "Plans": [{"Node Type": "Nested Loop", "Parent Relationship": "Outer", "Join Type": "Inner", "Startup Cost": 0.0, "Total Cost": 40720.13, "Plan Rows": 219, "Plan Width": 64, "Inner Unique": true, "Plans": [{"Node Type": "Nested Loop", "Parent Relationship": "Outer", "Join Type": "Inner", "Startup Cost": 0.0, "Total Cost": 40559.14, "Plan Rows": 321, "Plan Width": 68, "Inner Unique": false, "Plans": [{"Node Type": "Nested Loop", "Parent Relationship": "Outer", "Join Type": "Inner", "Startup Cost": 0.0, "Total Cost": 39874.11, "Plan Rows": 291, "Plan Width": 76, "Inner Unique": true, "Plans": [{"Node Type": "Nested Loop", "Parent Relationship": "Outer", "Join Type": "Inner", "Startup Cost": 0.0, "Total Cost": 39160.9, "Plan Rows": 250, "Plan Width": 55, "Inner Unique": false, "Join Filter": "(mi_idx.info_type_id = it2.id)", "Plans": [{"Node Type": "Seq Scan", "Parent Relationship": "Outer", "Relation Name": "info_type", "Alias": "it2", "Startup Cost": 0.0, "Total Cost": 2.4, "Plan Rows": 1, "Plan Width": 4, "Filter": "((info)::text = 'rating'::text)"}, {"Node Type": "Nested Loop", "Parent Relationship": "Inner", "Join Type": "Inner", "Startup Cost": 0.0, "Total Cost": 39146.01, "Plan Rows": 999, "Plan Width": 59, "Inner Unique": false, "Plans": [{"Node Type": "Nested Loop", "Parent Relationship": "Outer", "Join Type": "Inner", "Startup Cost": 0.0, "Total Cost": 38204.15, "Plan Rows": 971, "Plan Width": 46, "Inner Unique": false, "Join Filter": "(it1.id = mi.info_type_id)", "Plans": [{"Node Type": "Seq Scan", "Parent Relationship": "Outer", "Relation Name": "info_type", "Alias": "it1", "Startup Cost": 0.0, "Total Cost": 2.4, "Plan Rows": 1, "Plan Width": 4, "Filter": "((info)::text = 'genres'::text)"}, {"Node Type": "Materialize", "Parent Relationship": "Inner", "Startup Cost": 0.0, "Total Cost": 37522.04, "Plan Rows": 67971, "Plan Width": 50, "Plans": [{"Node Type": "Streaming(type: LOCAL GATHER dop: 1/16)", "Parent Relationship": "Outer", "Startup Cost": 0.0, "Total Cost": 37352.11, "Plan Rows": 67971, "Plan Width": 50, "Plans": [{"Node Type": "Seq Scan", "Parent Relationship": "Outer", "Relation Name": "movie_info", "Alias": "mi", "Startup Cost": 0.0, "Total Cost": 35885.16, "Plan Rows": 67971, "Plan Width": 50, "Filter": "((note IS NULL) AND ((info)::text = ANY ('{Horror,Thriller}'::text[])))"}]}]}]}, {"Node Type": "Index Scan", "Parent Relationship": "Inner", "Scan Direction": "Forward", "Index Name": "movie_id_movie_info_idx", "Relation Name": "movie_info_idx", "Alias": "mi_idx", "Startup Cost": 0.0, "Total Cost": 0.96, "Plan Rows": 1, "Plan Width": 13, "Index Cond": "(movie_id = mi.movie_id)", "Filter": "((info)::text > '8.0'::text)"}]}]}, {"Node Type": "Index Scan", "Parent Relationship": "Inner", "Scan Direction": "Forward", "Index Name": "title_pkey", "Relation Name": "title", "Alias": "t", "Startup Cost": 0.0, "Total Cost": 2.84, "Plan Rows": 1, "Plan Width": 21, "Index Cond": "(id = mi.movie_id)", "Filter": "((production_year >= 2008) AND (production_year <= 2014))"}]}, {"Node Type": "Index Scan", "Parent Relationship": "Inner", "Scan Direction": "Forward", "Index Name": "movie_id_cast_info", "Relation Name": "cast_info", "Alias": "ci", "Startup Cost": 0.0, "Total Cost": 2.34, "Plan Rows": 1, "Plan Width": 8, "Index Cond": "(movie_id = t.id)", "Filter": "((note)::text = ANY ('{(writer),\"(head writer)\",\"(written by)\",(story),\"(story editor)\"}'::text[]))"}]}, {"Node Type": "Index Scan", "Parent Relationship": "Inner", "Scan Direction": "Forward", "Index Name": "name_pkey", "Relation Name": "name", "Alias": "n", "Startup Cost": 0.0, "Total Cost": 0.49, "Plan Rows": 1, "Plan Width": 4, "Index Cond": "(id = ci.person_id)", "Filter": "((gender IS NOT NULL) AND ((gender)::text = 'f'::text))"}]}]}, "Unique SQL Id": 661781350, "Planner Runtime": 16}, "explain_analyze_plan": {"Plan": {"Node Type": "Aggregate", "Strategy": "Plain", "Startup Cost": 40721.77, "Total Cost": 40721.78, "Plan Rows": 1, "Plan Width": 160, "Actual Min Startup Time": 783.795, "Actual Max Startup Time": 783.795, "Actual Min Total Time": 783.796, "Actual Max Total Time": 783.796, "Plans": [{"Node Type": "Nested Loop", "Parent Relationship": "Outer", "Join Type": "Inner", "Startup Cost": 0.0, "Total Cost": 40720.13, "Plan Rows": 219, "Plan Width": 64, "Actual Min Startup Time": 421.789, "Actual Max Startup Time": 421.789, "Actual Min Total Time": 783.737, "Actual Max Total Time": 783.737, "Inner Unique": true, "Plans": [{"Node Type": "Nested Loop", "Parent Relationship": "Outer", "Join Type": "Inner", "Startup Cost": 0.0, "Total Cost": 40559.14, "Plan Rows": 321, "Plan Width": 68, "Actual Min Startup Time": 420.591, "Actual Max Startup Time": 420.591, "Actual Min Total Time": 781.702, "Actual Max Total Time": 781.702, "Inner Unique": false, "Plans": [{"Node Type": "Nested Loop", "Parent Relationship": "Outer", "Join Type": "Inner", "Startup Cost": 0.0, "Total Cost": 39874.11, "Plan Rows": 291, "Plan Width": 76, "Actual Min Startup Time": 418.68, "Actual Max Startup Time": 418.68, "Actual Min Total Time": 757.309, "Actual Max Total Time": 757.309, "Inner Unique": true, "Plans": [{"Node Type": "Nested Loop", "Parent Relationship": "Outer", "Join Type": "Inner", "Startup Cost": 0.0, "Total Cost": 39160.9, "Plan Rows": 250, "Plan Width": 55, "Actual Min Startup Time": 418.659, "Actual Max Startup Time": 418.659, "Actual Min Total Time": 752.537, "Actual Max Total Time": 752.537, "Inner Unique": false, "Join Filter": "(mi_idx.info_type_id = it2.id)", "Rows Removed by Join Filter": 3403, "Plans": [{"Node Type": "Seq Scan", "Parent Relationship": "Outer", "Relation Name": "info_type", "Alias": "it2", "Startup Cost": 0.0, "Total Cost": 2.4, "Plan Rows": 1, "Plan Width": 4, "Actual Min Startup Time": 0.077, "Actual Max Startup Time": 0.077, "Actual Min Total Time": 0.093, "Actual Max Total Time": 0.093, "Filter": "((info)::text = 'rating'::text)", "Rows Removed by Filter": 111, "Actual Rows": 1}, {"Node Type": "Nested Loop", "Parent Relationship": "Inner", "Join Type": "Inner", "Startup Cost": 0.0, "Total Cost": 39146.01, "Plan Rows": 999, "Plan Width": 59, "Actual Min Startup Time": 418.484, "Actual Max Startup Time": 418.484, "Actual Min Total Time": 750.31, "Actual Max Total Time": 750.31, "Inner Unique": false, "Plans": [{"Node Type": "Nested Loop", "Parent Relationship": "Outer", "Join Type": "Inner", "Startup Cost": 0.0, "Total Cost": 38204.15, "Plan Rows": 971, "Plan Width": 46, "Actual Min Startup Time": 418.401, "Actual Max Startup Time": 418.401, "Actual Min Total Time": 457.136, "Actual Max Total Time": 457.136, "Inner Unique": false, "Join Filter": "(it1.id = mi.info_type_id)", "Rows Removed by Join Filter": 789, "Plans": [{"Node Type": "Seq Scan", "Parent Relationship": "Outer", "Relation Name": "info_type", "Alias": "it1", "Startup Cost": 0.0, "Total Cost": 2.4, "Plan Rows": 1, "Plan Width": 4, "Actual Min Startup Time": 0.07, "Actual Max Startup Time": 0.07, "Actual Min Total Time": 0.105, "Actual Max Total Time": 0.105, "Filter": "((info)::text = 'genres'::text)", "Rows Removed by Filter": 111, "Actual Rows": 1}, {"Node Type": "Materialize", "Parent Relationship": "Inner", "Startup Cost": 0.0, "Total Cost": 37522.04, "Plan Rows": 67971, "Plan Width": 50, "Actual Min Startup Time": 418.259, "Actual Max Startup Time": 418.259, "Actual Min Total Time": 427.845, "Actual Max Total Time": 427.845, "Plans": [{"Node Type": "Streaming(type: LOCAL GATHER dop: 1/16)", "Parent Relationship": "Outer", "Startup Cost": 0.0, "Total Cost": 37352.11, "Plan Rows": 67971, "Plan Width": 50, "Actual Min Startup Time": 267.189, "Actual Max Startup Time": 267.189, "Actual Min Total Time": 406.953, "Actual Max Total Time": 406.953, "Plans": [{"Node Type": "Seq Scan", "Parent Relationship": "Outer", "Relation Name": "movie_info", "Alias": "mi", "Startup Cost": 0.0, "Total Cost": 35885.16, "Plan Rows": 67971, "Plan Width": 50, "Actual Min Startup Time": 236.199, "Actual Max Startup Time": 341.623, "Actual Min Total Time": 383.341, "Actual Max Total Time": 397.733, "Filter": "((note IS NULL) AND ((info)::text = ANY ('{Horror,Thriller}'::text[])))", "Rows Removed by Filter": 14762672, "Actual Rows": 73047}], "Actual Rows": 73047}], "Actual Rows": 73048}], "Actual Rows": 72258}, {"Node Type": "Index Scan", "Parent Relationship": "Inner", "Scan Direction": "Forward", "Index Name": "movie_id_movie_info_idx", "Relation Name": "movie_info_idx", "Alias": "mi_idx", "Startup Cost": 0.0, "Total Cost": 0.96, "Plan Rows": 1, "Plan Width": 13, "Actual Min Startup Time": 255.529, "Actual Max Startup Time": 255.529, "Actual Min Total Time": 258.944, "Actual Max Total Time": 258.944, "Index Cond": "(movie_id = mi.movie_id)", "Rows Removed by Index Recheck": 0, "Filter": "((info)::text > '8.0'::text)", "Rows Removed by Filter": 113143, "Actual Rows": 4135}], "Actual Rows": 4135}], "Actual Rows": 732}, {"Node Type": "Index Scan", "Parent Relationship": "Inner", "Scan Direction": "Forward", "Index Name": "title_pkey", "Relation Name": "title", "Alias": "t", "Startup Cost": 0.0, "Total Cost": 2.84, "Plan Rows": 1, "Plan Width": 21, "Actual Min Startup Time": 4.157, "Actual Max Startup Time": 4.157, "Actual Min Total Time": 4.157, "Actual Max Total Time": 4.157, "Index Cond": "(id = mi.movie_id)", "Rows Removed by Index Recheck": 0, "Filter": "((production_year >= 2008) AND (production_year <= 2014))", "Rows Removed by Filter": 374, "Actual Rows": 358}], "Actual Rows": 358}, {"Node Type": "Index Scan", "Parent Relationship": "Inner", "Scan Direction": "Forward", "Index Name": "movie_id_cast_info", "Relation Name": "cast_info", "Alias": "ci", "Startup Cost": 0.0, "Total Cost": 2.34, "Plan Rows": 1, "Plan Width": 8, "Actual Min Startup Time": 18.983, "Actual Max Startup Time": 18.983, "Actual Min Total Time": 24.063, "Actual Max Total Time": 24.063, "Index Cond": "(movie_id = t.id)", "Rows Removed by Index Recheck": 0, "Filter": "((note)::text = ANY ('{(writer),\"(head writer)\",\"(written by)\",(story),\"(story editor)\"}'::text[]))", "Rows Removed by Filter": 12296, "Actual Rows": 268}], "Actual Rows": 268}, {"Node Type": "Index Scan", "Parent Relationship": "Inner", "Scan Direction": "Forward", "Index Name": "name_pkey", "Relation Name": "name", "Alias": "n", "Startup Cost": 0.0, "Total Cost": 0.49, "Plan Rows": 1, "Plan Width": 4, "Actual Min Startup Time": 1.815, "Actual Max Startup Time": 1.815, "Actual Min Total Time": 1.815, "Actual Max Total Time": 1.815, "Index Cond": "(id = ci.person_id)", "Rows Removed by Index Recheck": 0, "Filter": "((gender IS NOT NULL) AND ((gender)::text = 'f'::text))", "Rows Removed by Filter": 257, "Actual Rows": 11}], "Actual Rows": 11}], "Actual Rows": 1}, "Triggers": [], "Planner Runtime": 16.483, "Total Runtime": 786.667, "Unique SQL Id": 661781350}}, "(16, '29')": {"explain_plan": {"Plan": {"Node Type": "Aggregate", "Strategy": "Plain", "Startup Cost": 100899.17, "Total Cost": 100899.18, "Plan Rows": 1, "Plan Width": 160, "Plans": [{"Node Type": "Nested Loop", "Parent Relationship": "Outer", "Join Type": "Inner", "Startup Cost": 0.0, "Total Cost": 100897.52, "Plan Rows": 219, "Plan Width": 64, "Inner Unique": true, "Plans": [{"Node Type": "Nested Loop", "Parent Relationship": "Outer", "Join Type": "Inner", "Startup Cost": 0.0, "Total Cost": 100736.53, "Plan Rows": 321, "Plan Width": 68, "Inner Unique": false, "Plans": [{"Node Type": "Nested Loop", "Parent Relationship": "Outer", "Join Type": "Inner", "Startup Cost": 0.0, "Total Cost": 100051.51, "Plan Rows": 291, "Plan Width": 76, "Inner Unique": false, "Join Filter": "(mi.info_type_id = it1.id)", "Plans": [{"Node Type": "Index Scan", "Parent Relationship": "Outer", "Scan Direction": "Forward", "Index Name": "info_type_pkey", "Relation Name": "info_type", "Alias": "it1", "Startup Cost": 0.0, "Total Cost": 14.21, "Plan Rows": 1, "Plan Width": 4, "Filter": "((info)::text = 'genres'::text)"}, {"Node Type": "Nested Loop", "Parent Relationship": "Inner", "Join Type": "Inner", "Startup Cost": 0.0, "Total Cost": 99865.39, "Plan Rows": 13753, "Plan Width": 80, "Inner Unique": false, "Plans": [{"Node Type": "Nested Loop", "Parent Relationship": "Outer", "Join Type": "Inner", "Startup Cost": 0.0, "Total Cost": 78493.26, "Plan Rows": 15041, "Plan Width": 30, "Inner Unique": true, "Plans": [{"Node Type": "Nested Loop", "Parent Relationship": "Outer", "Join Type": "Inner", "Startup Cost": 0.0, "Total Cost": 35880.0, "Plan Rows": 12936, "Plan Width": 9, "Inner Unique": false, "Plans": [{"Node Type": "Index Scan", "Parent Relationship": "Outer", "Scan Direction": "Forward", "Index Name": "info_type_pkey", "Relation Name": "info_type", "Alias": "it2", "Startup Cost": 0.0, "Total Cost": 14.21, "Plan Rows": 1, "Plan Width": 4, "Filter": "((info)::text = 'rating'::text)"}, {"Node Type": "Index Scan", "Parent Relationship": "Inner", "Scan Direction": "Forward", "Index Name": "info_type_id_movie_info_idx", "Relation Name": "movie_info_idx", "Alias": "mi_idx", "Startup Cost": 0.0, "Total Cost": 35736.43, "Plan Rows": 12936, "Plan Width": 13, "Index Cond": "(info_type_id = it2.id)", "Filter": "((info)::text > '8.0'::text)"}]}, {"Node Type": "Index Scan", "Parent Relationship": "Inner", "Scan Direction": "Forward", "Index Name": "title_pkey", "Relation Name": "title", "Alias": "t", "Startup Cost": 0.0, "Total Cost": 3.28, "Plan Rows": 1, "Plan Width": 21, "Index Cond": "(id = mi_idx.movie_id)", "Filter": "((production_year >= 2008) AND (production_year <= 2014))"}]}, {"Node Type": "Index Scan", "Parent Relationship": "Inner", "Scan Direction": "Forward", "Index Name": "movie_id_movie_info", "Relation Name": "movie_info", "Alias": "mi", "Startup Cost": 0.0, "Total Cost": 1.41, "Plan Rows": 1, "Plan Width": 50, "Index Cond": "(movie_id = t.id)", "Filter": "((note IS NULL) AND ((info)::text = ANY ('{Horror,Thriller}'::text[])))"}]}]}, {"Node Type": "Index Scan", "Parent Relationship": "Inner", "Scan Direction": "Forward", "Index Name": "movie_id_cast_info", "Relation Name": "cast_info", "Alias": "ci", "Startup Cost": 0.0, "Total Cost": 2.34, "Plan Rows": 1, "Plan Width": 8, "Index Cond": "(movie_id = t.id)", "Filter": "((note)::text = ANY ('{(writer),\"(head writer)\",\"(written by)\",(story),\"(story editor)\"}'::text[]))"}]}, {"Node Type": "Index Scan", "Parent Relationship": "Inner", "Scan Direction": "Forward", "Index Name": "name_pkey", "Relation Name": "name", "Alias": "n", "Startup Cost": 0.0, "Total Cost": 0.49, "Plan Rows": 1, "Plan Width": 4, "Index Cond": "(id = ci.person_id)", "Filter": "((gender IS NOT NULL) AND ((gender)::text = 'f'::text))"}]}]}, "Unique SQL Id": 661781350, "Planner Runtime": 13}, "explain_analyze_plan": {"Plan": {"Node Type": "Aggregate", "Strategy": "Plain", "Startup Cost": 100899.17, "Total Cost": 100899.18, "Plan Rows": 1, "Plan Width": 160, "Actual Startup Time": 569.524, "Actual Total Time": 569.525, "Actual Rows": 1, "Actual Loops": 1, "Plans": [{"Node Type": "Nested Loop", "Parent Relationship": "Outer", "Join Type": "Inner", "Startup Cost": 0.0, "Total Cost": 100897.52, "Plan Rows": 219, "Plan Width": 64, "Actual Startup Time": 291.946, "Actual Total Time": 569.461, "Actual Rows": 11, "Actual Loops": 1, "Inner Unique": true, "Plans": [{"Node Type": "Nested Loop", "Parent Relationship": "Outer", "Join Type": "Inner", "Startup Cost": 0.0, "Total Cost": 100736.53, "Plan Rows": 321, "Plan Width": 68, "Actual Startup Time": 77.048, "Actual Total Time": 567.305, "Actual Rows": 268, "Actual Loops": 1, "Inner Unique": false, "Plans": [{"Node Type": "Nested Loop", "Parent Relationship": "Outer", "Join Type": "Inner", "Startup Cost": 0.0, "Total Cost": 100051.51, "Plan Rows": 291, "Plan Width": 76, "Actual Startup Time": 9.457, "Actual Total Time": 542.484, "Actual Rows": 358, "Actual Loops": 1, "Inner Unique": false, "Join Filter": "(mi.info_type_id = it1.id)", "Rows Removed by Join Filter": 0, "Plans": [{"Node Type": "Index Scan", "Parent Relationship": "Outer", "Scan Direction": "Forward", "Index Name": "info_type_pkey", "Relation Name": "info_type", "Alias": "it1", "Startup Cost": 0.0, "Total Cost": 14.21, "Plan Rows": 1, "Plan Width": 4, "Actual Startup Time": 0.029, "Actual Total Time": 0.075, "Actual Rows": 1, "Actual Loops": 1, "Filter": "((info)::text = 'genres'::text)", "Rows Removed by Filter": 111}, {"Node Type": "Nested Loop", "Parent Relationship": "Inner", "Join Type": "Inner", "Startup Cost": 0.0, "Total Cost": 99865.39, "Plan Rows": 13753, "Plan Width": 80, "Actual Startup Time": 9.417, "Actual Total Time": 542.155, "Actual Rows": 358, "Actual Loops": 1, "Inner Unique": false, "Plans": [{"Node Type": "Nested Loop", "Parent Relationship": "Outer", "Join Type": "Inner", "Startup Cost": 0.0, "Total Cost": 78493.26, "Plan Rows": 15041, "Plan Width": 30, "Actual Startup Time": 1.744, "Actual Total Time": 403.01, "Actual Rows": 6152, "Actual Loops": 1, "Inner Unique": true, "Plans": [{"Node Type": "Nested Loop", "Parent Relationship": "Outer", "Join Type": "Inner", "Startup Cost": 0.0, "Total Cost": 35880.0, "Plan Rows": 12936, "Plan Width": 9, "Actual Startup Time": 0.089, "Actual Total Time": 324.044, "Actual Rows": 15849, "Actual Loops": 1, "Inner Unique": false, "Plans": [{"Node Type": "Index Scan", "Parent Relationship": "Outer", "Scan Direction": "Forward", "Index Name": "info_type_pkey", "Relation Name": "info_type", "Alias": "it2", "Startup Cost": 0.0, "Total Cost": 14.21, "Plan Rows": 1, "Plan Width": 4, "Actual Startup Time": 0.051, "Actual Total Time": 0.059, "Actual Rows": 1, "Actual Loops": 1, "Filter": "((info)::text = 'rating'::text)", "Rows Removed by Filter": 111}, {"Node Type": "Index Scan", "Parent Relationship": "Inner", "Scan Direction": "Forward", "Index Name": "info_type_id_movie_info_idx", "Relation Name": "movie_info_idx", "Alias": "mi_idx", "Startup Cost": 0.0, "Total Cost": 35736.43, "Plan Rows": 12936, "Plan Width": 13, "Actual Startup Time": 0.036, "Actual Total Time": 320.329, "Actual Rows": 15849, "Actual Loops": 1, "Index Cond": "(info_type_id = it2.id)", "Rows Removed by Index Recheck": 0, "Filter": "((info)::text > '8.0'::text)", "Rows Removed by Filter": 444076}]}, {"Node Type": "Index Scan", "Parent Relationship": "Inner", "Scan Direction": "Forward", "Index Name": "title_pkey", "Relation Name": "title", "Alias": "t", "Startup Cost": 0.0, "Total Cost": 3.28, "Plan Rows": 1, "Plan Width": 21, "Actual Startup Time": 68.799, "Actual Total Time": 68.799, "Actual Rows": 6152, "Actual Loops": 15849, "Index Cond": "(id = mi_idx.movie_id)", "Rows Removed by Index Recheck": 0, "Filter": "((production_year >= 2008) AND (production_year <= 2014))", "Rows Removed by Filter": 9697}]}, {"Node Type": "Index Scan", "Parent Relationship": "Inner", "Scan Direction": "Forward", "Index Name": "movie_id_movie_info", "Relation Name": "movie_info", "Alias": "mi", "Startup Cost": 0.0, "Total Cost": 1.41, "Plan Rows": 1, "Plan Width": 50, "Actual Startup Time": 135.391, "Actual Total Time": 135.689, "Actual Rows": 358, "Actual Loops": 6152, "Index Cond": "(movie_id = t.id)", "Rows Removed by Index Recheck": 0, "Filter": "((note IS NULL) AND ((info)::text = ANY ('{Horror,Thriller}'::text[])))", "Rows Removed by Filter": 109599}]}]}, {"Node Type": "Index Scan", "Parent Relationship": "Inner", "Scan Direction": "Forward", "Index Name": "movie_id_cast_info", "Relation Name": "cast_info", "Alias": "ci", "Startup Cost": 0.0, "Total Cost": 2.34, "Plan Rows": 1, "Plan Width": 8, "Actual Startup Time": 19.212, "Actual Total Time": 24.39, "Actual Rows": 268, "Actual Loops": 358, "Index Cond": "(movie_id = t.id)", "Rows Removed by Index Recheck": 0, "Filter": "((note)::text = ANY ('{(writer),\"(head writer)\",\"(written by)\",(story),\"(story editor)\"}'::text[]))", "Rows Removed by Filter": 12296}]}, {"Node Type": "Index Scan", "Parent Relationship": "Inner", "Scan Direction": "Forward", "Index Name": "name_pkey", "Relation Name": "name", "Alias": "n", "Startup Cost": 0.0, "Total Cost": 0.49, "Plan Rows": 1, "Plan Width": 4, "Actual Startup Time": 1.905, "Actual Total Time": 1.905, "Actual Rows": 11, "Actual Loops": 268, "Index Cond": "(id = ci.person_id)", "Rows Removed by Index Recheck": 0, "Filter": "((gender IS NOT NULL) AND ((gender)::text = 'f'::text))", "Rows Removed by Filter": 257}]}]}, "Triggers": [], "Planner Runtime": 18.121, "Total Runtime": 569.824, "Unique SQL Id": 661781350}}, "(16, '30')": {"explain_plan": {"Plan": {"Node Type": "Aggregate", "Strategy": "Plain", "Startup Cost": 301871.07, "Total Cost": 301871.11, "Plan Rows": 1, "Plan Width": 160, "Plans": [{"Node Type": "Streaming(type: LOCAL GATHER dop: 1/16)", "Parent Relationship": "Outer", "Startup Cost": 301871.07, "Total Cost": 301871.11, "Plan Rows": 1, "Plan Width": 160, "Plans": [{"Node Type": "Aggregate", "Strategy": "Plain", "Parent Relationship": "Outer", "Startup Cost": 301871.07, "Total Cost": 301871.08, "Plan Rows": 1, "Plan Width": 160, "Plans": [{"Node Type": "Nested Loop", "Parent Relationship": "Outer", "Join Type": "Inner", "Startup Cost": 57472.77, "Total Cost": 301869.43, "Plan Rows": 219, "Plan Width": 64, "Inner Unique": false, "Join Filter": "(mi.movie_id = t.id)", "Plans": [{"Node Type": "Streaming(type: LOCAL REDISTRIBUTE dop: 16/16)", "Parent Relationship": "Outer", "Startup Cost": 88.19, "Total Cost": 37509.56, "Plan Rows": 782553, "Plan Width": 21, "Plans": [{"Node Type": "Seq Scan", "Parent Relationship": "Outer", "Relation Name": "title", "Alias": "t", "Startup Cost": 88.19, "Total Cost": 19544.42, "Plan Rows": 782553, "Plan Width": 21, "Filter": "((production_year >= 2008) AND (production_year <= 2014)), (LLVM Optimized)"}]}, {"Node Type": "Materialize", "Parent Relationship": "Inner", "Startup Cost": 57384.58, "Total Cost": 255739.59, "Plan Rows": 188, "Plan Width": 59, "Plans": [{"Node Type": "Streaming(type: LOCAL REDISTRIBUTE dop: 16/16)", "Parent Relationship": "Outer", "Startup Cost": 57384.58, "Total Cost": 255739.53, "Plan Rows": 188, "Plan Width": 59, "Plans": [{"Node Type": "Nested Loop", "Parent Relationship": "Outer", "Join Type": "Inner", "Startup Cost": 57384.58, "Total Cost": 240738.82, "Plan Rows": 188, "Plan Width": 59, "Inner Unique": false, "Join Filter": "(ci.person_id = n.id)", "Plans": [{"Node Type": "Streaming(type: LOCAL REDISTRIBUTE dop: 16/16)", "Parent Relationship": "Outer", "Startup Cost": 0.0, "Total Cost": 38833.77, "Plan Rows": 624324, "Plan Width": 4, "Plans": [{"Node Type": "Seq Scan", "Parent Relationship": "Outer", "Relation Name": "name", "Alias": "n", "Startup Cost": 0.0, "Total Cost": 21468.16, "Plan Rows": 624324, "Plan Width": 4, "Filter": "((gender IS NOT NULL) AND ((gender)::text = 'f'::text)), (LLVM Optimized)"}]}, {"Node Type": "Materialize", "Parent Relationship": "Inner", "Startup Cost": 57384.58, "Total Cost": 191808.6, "Plan Rows": 276, "Plan Width": 63, "Plans": [{"Node Type": "Streaming(type: LOCAL REDISTRIBUTE dop: 16/16)", "Parent Relationship": "Outer", "Startup Cost": 57384.58, "Total Cost": 191808.52, "Plan Rows": 276, "Plan Width": 63, "Plans": [{"Node Type": "Nested Loop", "Parent Relationship": "Outer", "Join Type": "Inner", "Startup Cost": 57384.58, "Total Cost": 176807.47, "Plan Rows": 276, "Plan Width": 63, "Inner Unique": false, "Join Filter": "(mi.movie_id = ci.movie_id)", "Plans": [{"Node Type": "Streaming(type: LOCAL REDISTRIBUTE dop: 16/16)", "Parent Relationship": "Outer", "Startup Cost": 0.0, "Total Cost": 86415.84, "Plan Rows": 1223154, "Plan Width": 8, "Plans": [{"Node Type": "Seq Scan", "Parent Relationship": "Outer", "Relation Name": "cast_info", "Alias": "ci", "Startup Cost": 0.0, "Total Cost": 66781.24, "Plan Rows": 1223154, "Plan Width": 8, "Filter": "((note)::text = ANY ('{(writer),\"(head writer)\",\"(written by)\",(story),\"(story editor)\"}'::text[]))"}]}, {"Node Type": "Materialize", "Parent Relationship": "Inner", "Startup Cost": 57384.58, "Total Cost": 72474.37, "Plan Rows": 250, "Plan Width": 55, "Plans": [{"Node Type": "Streaming(type: LOCAL REDISTRIBUTE dop: 16/1)", "Parent Relationship": "Outer", "Startup Cost": 57384.58, "Total Cost": 72474.3, "Plan Rows": 250, "Plan Width": 55, "Plans": [{"Node Type": "Merge Join", "Parent Relationship": "Outer", "Join Type": "Inner", "Startup Cost": 57384.58, "Total Cost": 57463.9, "Plan Rows": 250, "Plan Width": 55, "Inner Unique": false, "Merge Cond": "(mi.movie_id = mi_idx.movie_id)", "Plans": [{"Node Type": "Sort", "Parent Relationship": "Outer", "Startup Cost": 38252.33, "Total Cost": 38254.76, "Plan Rows": 971, "Plan Width": 46, "Sort Key": ["mi.movie_id"], "Plans": [{"Node Type": "Nested Loop", "Parent Relationship": "Outer", "Join Type": "Inner", "Startup Cost": 0.0, "Total Cost": 38204.15, "Plan Rows": 971, "Plan Width": 46, "Inner Unique": false, "Join Filter": "(it1.id = mi.info_type_id)", "Plans": [{"Node Type": "Seq Scan", "Parent Relationship": "Outer", "Relation Name": "info_type", "Alias": "it1", "Startup Cost": 0.0, "Total Cost": 2.4, "Plan Rows": 1, "Plan Width": 4, "Filter": "((info)::text = 'genres'::text)"}, {"Node Type": "Materialize", "Parent Relationship": "Inner", "Startup Cost": 0.0, "Total Cost": 37522.04, "Plan Rows": 67971, "Plan Width": 50, "Plans": [{"Node Type": "Streaming(type: LOCAL GATHER dop: 1/16)", "Parent Relationship": "Outer", "Startup Cost": 0.0, "Total Cost": 37352.11, "Plan Rows": 67971, "Plan Width": 50, "Plans": [{"Node Type": "Seq Scan", "Parent Relationship": "Outer", "Relation Name": "movie_info", "Alias": "mi", "Startup Cost": 0.0, "Total Cost": 35885.16, "Plan Rows": 67971, "Plan Width": 50, "Filter": "((note IS NULL) AND ((info)::text = ANY ('{Horror,Thriller}'::text[])))"}]}]}]}]}, {"Node Type": "Sort", "Parent Relationship": "Inner", "Startup Cost": 19132.26, "Total Cost": 19164.6, "Plan Rows": 12936, "Plan Width": 9, "Sort Key": ["mi_idx.movie_id"], "Plans": [{"Node Type": "Nested Loop", "Parent Relationship": "Outer", "Join Type": "Inner", "Startup Cost": 0.0, "Total Cost": 18248.79, "Plan Rows": 12936, "Plan Width": 9, "Inner Unique": false, "Join Filter": "(it2.id = mi_idx.info_type_id)", "Plans": [{"Node Type": "Seq Scan", "Parent Relationship": "Outer", "Relation Name": "info_type", "Alias": "it2", "Startup Cost": 0.0, "Total Cost": 2.4, "Plan Rows": 1, "Plan Width": 4, "Filter": "((info)::text = 'rating'::text)"}, {"Node Type": "Materialize", "Parent Relationship": "Inner", "Startup Cost": 0.0, "Total Cost": 17728.93, "Plan Rows": 51746, "Plan Width": 13, "Plans": [{"Node Type": "Streaming(type: LOCAL GATHER dop: 1/16)", "Parent Relationship": "Outer", "Startup Cost": 0.0, "Total Cost": 17599.56, "Plan Rows": 51746, "Plan Width": 13, "Plans": [{"Node Type": "Seq Scan", "Parent Relationship": "Outer", "Relation Name": "movie_info_idx", "Alias": "mi_idx", "Startup Cost": 0.0, "Total Cost": 16482.78, "Plan Rows": 51746, "Plan Width": 13, "Filter": "((info)::text > '8.0'::text)"}]}]}]}]}]}]}]}]}]}]}]}]}]}]}]}]}]}, "Unique SQL Id": 661781350, "Planner Runtime": 19}, "explain_analyze_plan": null}, "(16, '31')": {"explain_plan": {"Plan": {"Node Type": "Aggregate", "Strategy": "Plain", "Startup Cost": 6971979256072.64, "Total Cost": 6971979256072.65, "Plan Rows": 1, "Plan Width": 160, "Plans": [{"Node Type": "Merge Join", "Parent Relationship": "Outer", "Join Type": "Inner", "Startup Cost": 70000000000.0, "Total Cost": 6971979256070.9, "Plan Rows": 233, "Plan Width": 64, "Inner Unique": true, "Merge Cond": "(ci.person_id = n.id)", "Plans": [{"Node Type": "Nested Loop", "Parent Relationship": "Outer", "Join Type": "Inner", "Startup Cost": 60000000000.0, "Total Cost": 5997470469312.04, "Plan Rows": 321, "Plan Width": 68, "Inner Unique": true, "Join Filter": "(mi.info_type_id = it1.id)", "Plans": [{"Node Type": "Nested Loop", "Parent Relationship": "Outer", "Join Type": "Inner", "Startup Cost": 50000000000.0, "Total Cost": 4997470467662.81, "Plan Rows": 15215, "Plan Width": 72, "Inner Unique": false, "Join Filter": "(t.id = ci.movie_id)", "Plans": [{"Node Type": "Index Scan", "Parent Relationship": "Outer", "Scan Direction": "Forward", "Index Name": "person_id_cast_info", "Relation Name": "cast_info", "Alias": "ci", "Startup Cost": 10000000000.0, "Total Cost": 1000193311016.96, "Plan Rows": 1223154, "Plan Width": 8, "Filter": "((note)::text = ANY ('{(writer),\"(head writer)\",\"(written by)\",(story),\"(story editor)\"}'::text[]))"}, {"Node Type": "Materialize", "Parent Relationship": "Inner", "Startup Cost": 40000000000.0, "Total Cost": 3997024826125.8, "Plan Rows": 13753, "Plan Width": 80, "Plans": [{"Node Type": "Merge Join", "Parent Relationship": "Outer", "Join Type": "Inner", "Startup Cost": 40000000000.0, "Total Cost": 3997024826057.04, "Plan Rows": 13753, "Plan Width": 80, "Inner Unique": false, "Merge Cond": "(t.id = mi.movie_id)", "Plans": [{"Node Type": "Merge Join", "Parent Relationship": "Outer", "Join Type": "Inner", "Startup Cost": 30000000000.0, "Total Cost": 2999088687984.57, "Plan Rows": 15041, "Plan Width": 30, "Inner Unique": true, "Merge Cond": "(mi_idx.movie_id = t.id)", "Plans": [{"Node Type": "Nested Loop", "Parent Relationship": "Outer", "Join Type": "Inner", "Startup Cost": 20000000000.0, "Total Cost": 2000004997241.06, "Plan Rows": 12936, "Plan Width": 9, "Inner Unique": true, "Join Filter": "(it2.id = mi_idx.info_type_id)", "Plans": [{"Node Type": "Index Scan", "Parent Relationship": "Outer", "Scan Direction": "Forward", "Index Name": "movie_id_movie_info_idx", "Relation Name": "movie_info_idx", "Alias": "mi_idx", "Startup Cost": 10000000000.0, "Total Cost": 1000004995043.87, "Plan Rows": 51746, "Plan Width": 13, "Filter": "((info)::text > '8.0'::text)"}, {"Node Type": "Materialize", "Parent Relationship": "Inner", "Startup Cost": 10000000000.0, "Total Cost": 1000000001421.0, "Plan Rows": 1, "Plan Width": 4, "Plans": [{"Node Type": "Index Scan", "Parent Relationship": "Outer", "Scan Direction": "Forward", "Index Name": "info_type_pkey", "Relation Name": "info_type", "Alias": "it2", "Startup Cost": 10000000000.0, "Total Cost": 1000000001421.0, "Plan Rows": 1, "Plan Width": 4, "Filter": "((info)::text = 'rating'::text)"}]}]}, {"Node Type": "Index Scan", "Parent Relationship": "Inner", "Scan Direction": "Forward", "Index Name": "title_pkey", "Relation Name": "title", "Alias": "t", "Startup Cost": 10000000000.0, "Total Cost": 1000012276204.41, "Plan Rows": 782553, "Plan Width": 21, "Filter": "((production_year >= 2008) AND (production_year <= 2014)), (LLVM Optimized)"}]}, {"Node Type": "Index Scan", "Parent Relationship": "Inner", "Scan Direction": "Forward", "Index Name": "movie_id_movie_info", "Relation Name": "movie_info", "Alias": "mi", "Startup Cost": 10000000000.0, "Total Cost": 1000107534403.72, "Plan Rows": 67971, "Plan Width": 50, "Filter": "((note IS NULL) AND ((info)::text = ANY ('{Horror,Thriller}'::text[])))"}]}]}]}, {"Node Type": "Materialize", "Parent Relationship": "Inner", "Startup Cost": 10000000000.0, "Total Cost": 1000000001421.0, "Plan Rows": 1, "Plan Width": 4, "Plans": [{"Node Type": "Index Scan", "Parent Relationship": "Outer", "Scan Direction": "Forward", "Index Name": "info_type_pkey", "Relation Name": "info_type", "Alias": "it1", "Startup Cost": 10000000000.0, "Total Cost": 1000000001421.0, "Plan Rows": 1, "Plan Width": 4, "Filter": "((info)::text = 'genres'::text)"}]}]}, {"Node Type": "Index Scan", "Parent Relationship": "Inner", "Scan Direction": "Forward", "Index Name": "name_pkey", "Relation Name": "name", "Alias": "n", "Startup Cost": 10000000000.0, "Total Cost": 1000018665147.2, "Plan Rows": 624324, "Plan Width": 4, "Filter": "((gender IS NOT NULL) AND ((gender)::text = 'f'::text)), (LLVM Optimized)"}]}]}, "Unique SQL Id": 661781350, "Planner Runtime": 68}, "explain_analyze_plan": null}, "(16, '32')": {"explain_plan": {"Plan": {"Node Type": "Aggregate", "Strategy": "Plain", "Startup Cost": 40136.75, "Total Cost": 40136.76, "Plan Rows": 1, "Plan Width": 160, "Plans": [{"Node Type": "Nested Loop", "Parent Relationship": "Outer", "Join Type": "Inner", "Startup Cost": 2.41, "Total Cost": 40135.1, "Plan Rows": 219, "Plan Width": 64, "Inner Unique": true, "Plans": [{"Node Type": "Nested Loop", "Parent Relationship": "Outer", "Join Type": "Inner", "Startup Cost": 2.41, "Total Cost": 39974.11, "Plan Rows": 321, "Plan Width": 68, "Inner Unique": false, "Plans": [{"Node Type": "Nested Loop", "Parent Relationship": "Outer", "Join Type": "Inner", "Startup Cost": 2.41, "Total Cost": 39289.09, "Plan Rows": 291, "Plan Width": 76, "Inner Unique": true, "Plans": [{"Node Type": "Nested Loop", "Parent Relationship": "Outer", "Join Type": "Inner", "Startup Cost": 2.41, "Total Cost": 38575.87, "Plan Rows": 250, "Plan Width": 55, "Inner Unique": false, "Join Filter": "(mi_idx.info_type_id = it2.id)", "Plans": [{"Node Type": "Seq Scan", "Parent Relationship": "Outer", "Relation Name": "info_type", "Alias": "it2", "Startup Cost": 0.0, "Total Cost": 2.4, "Plan Rows": 1, "Plan Width": 4, "Filter": "((info)::text = 'rating'::text)"}, {"Node Type": "Materialize", "Parent Relationship": "Inner", "Startup Cost": 2.41, "Total Cost": 38563.48, "Plan Rows": 999, "Plan Width": 59, "Plans": [{"Node Type": "Nested Loop", "Parent Relationship": "Outer", "Join Type": "Inner", "Startup Cost": 2.41, "Total Cost": 38560.99, "Plan Rows": 999, "Plan Width": 59, "Inner Unique": false, "Plans": [{"Node Type": "Hash Join", "Parent Relationship": "Outer", "Join Type": "Inner", "Startup Cost": 2.41, "Total Cost": 37619.13, "Plan Rows": 971, "Plan Width": 46, "Inner Unique": true, "Hash Cond": "(mi.info_type_id = it1.id)", "Plans": [{"Node Type": "Streaming(type: LOCAL GATHER dop: 1/16)", "Parent Relationship": "Outer", "Startup Cost": 0.0, "Total Cost": 37352.11, "Plan Rows": 67971, "Plan Width": 50, "Plans": [{"Node Type": "Seq Scan", "Parent Relationship": "Outer", "Relation Name": "movie_info", "Alias": "mi", "Startup Cost": 0.0, "Total Cost": 35885.16, "Plan Rows": 67971, "Plan Width": 50, "Filter": "((note IS NULL) AND ((info)::text = ANY ('{Horror,Thriller}'::text[])))"}]}, {"Node Type": "Hash", "Parent Relationship": "Inner", "Startup Cost": 2.4, "Total Cost": 2.4, "Plan Rows": 1, "Plan Width": 4, "Plans": [{"Node Type": "Seq Scan", "Parent Relationship": "Outer", "Relation Name": "info_type", "Alias": "it1", "Startup Cost": 0.0, "Total Cost": 2.4, "Plan Rows": 1, "Plan Width": 4, "Filter": "((info)::text = 'genres'::text)"}]}]}, {"Node Type": "Index Scan", "Parent Relationship": "Inner", "Scan Direction": "Forward", "Index Name": "movie_id_movie_info_idx", "Relation Name": "movie_info_idx", "Alias": "mi_idx", "Startup Cost": 0.0, "Total Cost": 0.96, "Plan Rows": 1, "Plan Width": 13, "Index Cond": "(movie_id = mi.movie_id)", "Filter": "((info)::text > '8.0'::text)"}]}]}]}, {"Node Type": "Index Scan", "Parent Relationship": "Inner", "Scan Direction": "Forward", "Index Name": "title_pkey", "Relation Name": "title", "Alias": "t", "Startup Cost": 0.0, "Total Cost": 2.84, "Plan Rows": 1, "Plan Width": 21, "Index Cond": "(id = mi.movie_id)", "Filter": "((production_year >= 2008) AND (production_year <= 2014))"}]}, {"Node Type": "Index Scan", "Parent Relationship": "Inner", "Scan Direction": "Forward", "Index Name": "movie_id_cast_info", "Relation Name": "cast_info", "Alias": "ci", "Startup Cost": 0.0, "Total Cost": 2.34, "Plan Rows": 1, "Plan Width": 8, "Index Cond": "(movie_id = t.id)", "Filter": "((note)::text = ANY ('{(writer),\"(head writer)\",\"(written by)\",(story),\"(story editor)\"}'::text[]))"}]}, {"Node Type": "Index Scan", "Parent Relationship": "Inner", "Scan Direction": "Forward", "Index Name": "name_pkey", "Relation Name": "name", "Alias": "n", "Startup Cost": 0.0, "Total Cost": 0.49, "Plan Rows": 1, "Plan Width": 4, "Index Cond": "(id = ci.person_id)", "Filter": "((gender IS NOT NULL) AND ((gender)::text = 'f'::text))"}]}]}, "Unique SQL Id": 661781350, "Planner Runtime": 49}, "explain_analyze_plan": {"Plan": {"Node Type": "Aggregate", "Strategy": "Plain", "Startup Cost": 40136.75, "Total Cost": 40136.76, "Plan Rows": 1, "Plan Width": 160, "Actual Min Startup Time": 745.831, "Actual Max Startup Time": 745.831, "Actual Min Total Time": 745.832, "Actual Max Total Time": 745.832, "Plans": [{"Node Type": "Nested Loop", "Parent Relationship": "Outer", "Join Type": "Inner", "Startup Cost": 2.41, "Total Cost": 40135.1, "Plan Rows": 219, "Plan Width": 64, "Actual Min Startup Time": 715.131, "Actual Max Startup Time": 715.131, "Actual Min Total Time": 745.777, "Actual Max Total Time": 745.777, "Inner Unique": true, "Plans": [{"Node Type": "Nested Loop", "Parent Relationship": "Outer", "Join Type": "Inner", "Startup Cost": 2.41, "Total Cost": 39974.11, "Plan Rows": 321, "Plan Width": 68, "Actual Min Startup Time": 714.667, "Actual Max Startup Time": 714.667, "Actual Min Total Time": 743.955, "Actual Max Total Time": 743.955, "Inner Unique": false, "Plans": [{"Node Type": "Nested Loop", "Parent Relationship": "Outer", "Join Type": "Inner", "Startup Cost": 2.41, "Total Cost": 39289.09, "Plan Rows": 291, "Plan Width": 76, "Actual Min Startup Time": 714.49, "Actual Max Startup Time": 714.49, "Actual Min Total Time": 720.514, "Actual Max Total Time": 720.514, "Inner Unique": true, "Plans": [{"Node Type": "Nested Loop", "Parent Relationship": "Outer", "Join Type": "Inner", "Startup Cost": 2.41, "Total Cost": 38575.87, "Plan Rows": 250, "Plan Width": 55, "Actual Min Startup Time": 714.464, "Actual Max Startup Time": 714.464, "Actual Min Total Time": 716.205, "Actual Max Total Time": 716.205, "Inner Unique": false, "Join Filter": "(mi_idx.info_type_id = it2.id)", "Rows Removed by Join Filter": 3403, "Plans": [{"Node Type": "Seq Scan", "Parent Relationship": "Outer", "Relation Name": "info_type", "Alias": "it2", "Startup Cost": 0.0, "Total Cost": 2.4, "Plan Rows": 1, "Plan Width": 4, "Actual Min Startup Time": 0.065, "Actual Max Startup Time": 0.065, "Actual Min Total Time": 0.077, "Actual Max Total Time": 0.077, "Filter": "((info)::text = 'rating'::text)", "Rows Removed by Filter": 111, "Actual Rows": 1}, {"Node Type": "Materialize", "Parent Relationship": "Inner", "Startup Cost": 2.41, "Total Cost": 38563.48, "Plan Rows": 999, "Plan Width": 59, "Actual Min Startup Time": 714.377, "Actual Max Startup Time": 714.377, "Actual Min Total Time": 714.876, "Actual Max Total Time": 714.876, "Plans": [{"Node Type": "Nested Loop", "Parent Relationship": "Outer", "Join Type": "Inner", "Startup Cost": 2.41, "Total Cost": 38560.99, "Plan Rows": 999, "Plan Width": 59, "Actual Min Startup Time": 354.887, "Actual Max Startup Time": 354.887, "Actual Min Total Time": 712.602, "Actual Max Total Time": 712.602, "Inner Unique": false, "Plans": [{"Node Type": "Hash Join", "Parent Relationship": "Outer", "Join Type": "Inner", "Startup Cost": 2.41, "Total Cost": 37619.13, "Plan Rows": 971, "Plan Width": 46, "Actual Min Startup Time": 354.787, "Actual Max Startup Time": 354.787, "Actual Min Total Time": 419.6, "Actual Max Total Time": 419.6, "Inner Unique": true, "Hash Cond": "(mi.info_type_id = it1.id)", "Plans": [{"Node Type": "Streaming(type: LOCAL GATHER dop: 1/16)", "Parent Relationship": "Outer", "Startup Cost": 0.0, "Total Cost": 37352.11, "Plan Rows": 67971, "Plan Width": 50, "Actual Min Startup Time": 266.275, "Actual Max Startup Time": 266.275, "Actual Min Total Time": 383.347, "Actual Max Total Time": 383.347, "Plans": [{"Node Type": "Seq Scan", "Parent Relationship": "Outer", "Relation Name": "movie_info", "Alias": "mi", "Startup Cost": 0.0, "Total Cost": 35885.16, "Plan Rows": 67971, "Plan Width": 50, "Actual Min Startup Time": 236.217, "Actual Max Startup Time": 341.573, "Actual Min Total Time": 384.125, "Actual Max Total Time": 397.048, "Filter": "((note IS NULL) AND ((info)::text = ANY ('{Horror,Thriller}'::text[])))", "Rows Removed by Filter": 14762672, "Actual Rows": 73047}], "Actual Rows": 73047}, {"Node Type": "Hash", "Parent Relationship": "Inner", "Startup Cost": 2.4, "Total Cost": 2.4, "Plan Rows": 1, "Plan Width": 4, "Actual Min Startup Time": 0.089, "Actual Max Startup Time": 0.089, "Actual Min Total Time": 0.089, "Actual Max Total Time": 0.089, "Max Hash Buckets": 32768, "Min Hash Buckets": 32768, "Max Hash Batches": 1, "Min Hash Batches": 1, "Max Original Hash Batches": 1, "Min Original Hash Batches": 1, "Max Peak Memory Usage": 1, "min Peak Memory Usage": 1, "Plans": [{"Node Type": "Seq Scan", "Parent Relationship": "Outer", "Relation Name": "info_type", "Alias": "it1", "Startup Cost": 0.0, "Total Cost": 2.4, "Plan Rows": 1, "Plan Width": 4, "Actual Min Startup Time": 0.054, "Actual Max Startup Time": 0.054, "Actual Min Total Time": 0.078, "Actual Max Total Time": 0.078, "Filter": "((info)::text = 'genres'::text)", "Rows Removed by Filter": 111, "Actual Rows": 1}], "Actual Rows": 1}], "Actual Rows": 72258}, {"Node Type": "Index Scan", "Parent Relationship": "Inner", "Scan Direction": "Forward", "Index Name": "movie_id_movie_info_idx", "Relation Name": "movie_info_idx", "Alias": "mi_idx", "Startup Cost": 0.0, "Total Cost": 0.96, "Plan Rows": 1, "Plan Width": 13, "Actual Min Startup Time": 255.106, "Actual Max Startup Time": 255.106, "Actual Min Total Time": 258.664, "Actual Max Total Time": 258.664, "Index Cond": "(movie_id = mi.movie_id)", "Rows Removed by Index Recheck": 0, "Filter": "((info)::text > '8.0'::text)", "Rows Removed by Filter": 113143, "Actual Rows": 4135}], "Actual Rows": 4135}], "Actual Rows": 4136}], "Actual Rows": 732}, {"Node Type": "Index Scan", "Parent Relationship": "Inner", "Scan Direction": "Forward", "Index Name": "title_pkey", "Relation Name": "title", "Alias": "t", "Startup Cost": 0.0, "Total Cost": 2.84, "Plan Rows": 1, "Plan Width": 21, "Actual Min Startup Time": 3.859, "Actual Max Startup Time": 3.859, "Actual Min Total Time": 3.859, "Actual Max Total Time": 3.859, "Index Cond": "(id = mi.movie_id)", "Rows Removed by Index Recheck": 0, "Filter": "((production_year >= 2008) AND (production_year <= 2014))", "Rows Removed by Filter": 374, "Actual Rows": 358}], "Actual Rows": 358}, {"Node Type": "Index Scan", "Parent Relationship": "Inner", "Scan Direction": "Forward", "Index Name": "movie_id_cast_info", "Relation Name": "cast_info", "Alias": "ci", "Startup Cost": 0.0, "Total Cost": 2.34, "Plan Rows": 1, "Plan Width": 8, "Actual Min Startup Time": 18.251, "Actual Max Startup Time": 18.251, "Actual Min Total Time": 23.155, "Actual Max Total Time": 23.155, "Index Cond": "(movie_id = t.id)", "Rows Removed by Index Recheck": 0, "Filter": "((note)::text = ANY ('{(writer),\"(head writer)\",\"(written by)\",(story),\"(story editor)\"}'::text[]))", "Rows Removed by Filter": 12296, "Actual Rows": 268}], "Actual Rows": 268}, {"Node Type": "Index Scan", "Parent Relationship": "Inner", "Scan Direction": "Forward", "Index Name": "name_pkey", "Relation Name": "name", "Alias": "n", "Startup Cost": 0.0, "Total Cost": 0.49, "Plan Rows": 1, "Plan Width": 4, "Actual Min Startup Time": 1.645, "Actual Max Startup Time": 1.645, "Actual Min Total Time": 1.645, "Actual Max Total Time": 1.645, "Index Cond": "(id = ci.person_id)", "Rows Removed by Index Recheck": 0, "Filter": "((gender IS NOT NULL) AND ((gender)::text = 'f'::text))", "Rows Removed by Filter": 257, "Actual Rows": 11}], "Actual Rows": 11}], "Actual Rows": 1}, "Triggers": [], "Planner Runtime": 56.857, "Total Runtime": 748.558, "Unique SQL Id": 661781350}}, "(16, '33')": {"explain_plan": {"Plan": {"Node Type": "Aggregate", "Strategy": "Plain", "Startup Cost": 84230.9, "Total Cost": 84230.91, "Plan Rows": 1, "Plan Width": 160, "Plans": [{"Node Type": "Nested Loop", "Parent Relationship": "Outer", "Join Type": "Inner", "Startup Cost": 7419.04, "Total Cost": 84229.26, "Plan Rows": 219, "Plan Width": 64, "Inner Unique": true, "Plans": [{"Node Type": "Nested Loop", "Parent Relationship": "Outer", "Join Type": "Inner", "Startup Cost": 7419.04, "Total Cost": 84068.27, "Plan Rows": 321, "Plan Width": 68, "Inner Unique": false, "Plans": [{"Node Type": "Nested Loop", "Parent Relationship": "Outer", "Join Type": "Inner", "Startup Cost": 7419.04, "Total Cost": 83383.24, "Plan Rows": 291, "Plan Width": 76, "Inner Unique": false, "Join Filter": "(mi.info_type_id = it1.id)", "Plans": [{"Node Type": "Index Scan", "Parent Relationship": "Outer", "Scan Direction": "Forward", "Index Name": "info_type_pkey", "Relation Name": "info_type", "Alias": "it1", "Startup Cost": 0.0, "Total Cost": 14.21, "Plan Rows": 1, "Plan Width": 4, "Filter": "((info)::text = 'genres'::text)"}, {"Node Type": "Nested Loop", "Parent Relationship": "Inner", "Join Type": "Inner", "Startup Cost": 7419.04, "Total Cost": 83197.12, "Plan Rows": 13753, "Plan Width": 80, "Inner Unique": false, "Plans": [{"Node Type": "Nested Loop", "Parent Relationship": "Outer", "Join Type": "Inner", "Startup Cost": 7419.04, "Total Cost": 61824.99, "Plan Rows": 15041, "Plan Width": 30, "Inner Unique": true, "Plans": [{"Node Type": "Nested Loop", "Parent Relationship": "Outer", "Join Type": "Inner", "Startup Cost": 7419.04, "Total Cost": 19211.73, "Plan Rows": 12936, "Plan Width": 9, "Inner Unique": false, "Plans": [{"Node Type": "Index Scan", "Parent Relationship": "Outer", "Scan Direction": "Forward", "Index Name": "info_type_pkey", "Relation Name": "info_type", "Alias": "it2", "Startup Cost": 0.0, "Total Cost": 14.21, "Plan Rows": 1, "Plan Width": 4, "Filter": "((info)::text = 'rating'::text)"}, {"Node Type": "Bitmap Heap Scan", "Parent Relationship": "Inner", "Relation Name": "movie_info_idx", "Alias": "mi_idx", "Startup Cost": 7419.04, "Total Cost": 19068.16, "Plan Rows": 12936, "Plan Width": 13, "Recheck Cond": "(info_type_id = it2.id)", "Filter": "((info)::text > '8.0'::text)", "Plans": [{"Node Type": "Bitmap Index Scan", "Parent Relationship": "Outer", "Index Name": "info_type_id_movie_info_idx", "Startup Cost": 0.0, "Total Cost": 7415.81, "Plan Rows": 345008, "Plan Width": 0, "Index Cond": "(info_type_id = it2.id)"}]}]}, {"Node Type": "Index Scan", "Parent Relationship": "Inner", "Scan Direction": "Forward", "Index Name": "title_pkey", "Relation Name": "title", "Alias": "t", "Startup Cost": 0.0, "Total Cost": 3.28, "Plan Rows": 1, "Plan Width": 21, "Index Cond": "(id = mi_idx.movie_id)", "Filter": "((production_year >= 2008) AND (production_year <= 2014))"}]}, {"Node Type": "Index Scan", "Parent Relationship": "Inner", "Scan Direction": "Forward", "Index Name": "movie_id_movie_info", "Relation Name": "movie_info", "Alias": "mi", "Startup Cost": 0.0, "Total Cost": 1.41, "Plan Rows": 1, "Plan Width": 50, "Index Cond": "(movie_id = t.id)", "Filter": "((note IS NULL) AND ((info)::text = ANY ('{Horror,Thriller}'::text[])))"}]}]}, {"Node Type": "Index Scan", "Parent Relationship": "Inner", "Scan Direction": "Forward", "Index Name": "movie_id_cast_info", "Relation Name": "cast_info", "Alias": "ci", "Startup Cost": 0.0, "Total Cost": 2.34, "Plan Rows": 1, "Plan Width": 8, "Index Cond": "(movie_id = t.id)", "Filter": "((note)::text = ANY ('{(writer),\"(head writer)\",\"(written by)\",(story),\"(story editor)\"}'::text[]))"}]}, {"Node Type": "Index Scan", "Parent Relationship": "Inner", "Scan Direction": "Forward", "Index Name": "name_pkey", "Relation Name": "name", "Alias": "n", "Startup Cost": 0.0, "Total Cost": 0.49, "Plan Rows": 1, "Plan Width": 4, "Index Cond": "(id = ci.person_id)", "Filter": "((gender IS NOT NULL) AND ((gender)::text = 'f'::text))"}]}]}, "Unique SQL Id": 661781350, "Planner Runtime": 15}, "explain_analyze_plan": {"Plan": {"Node Type": "Aggregate", "Strategy": "Plain", "Startup Cost": 84230.9, "Total Cost": 84230.91, "Plan Rows": 1, "Plan Width": 160, "Actual Startup Time": 548.11, "Actual Total Time": 548.11, "Actual Rows": 1, "Actual Loops": 1, "Plans": [{"Node Type": "Nested Loop", "Parent Relationship": "Outer", "Join Type": "Inner", "Startup Cost": 7419.04, "Total Cost": 84229.26, "Plan Rows": 219, "Plan Width": 64, "Actual Startup Time": 313.092, "Actual Total Time": 548.036, "Actual Rows": 11, "Actual Loops": 1, "Inner Unique": true, "Plans": [{"Node Type": "Nested Loop", "Parent Relationship": "Outer", "Join Type": "Inner", "Startup Cost": 7419.04, "Total Cost": 84068.27, "Plan Rows": 321, "Plan Width": 68, "Actual Startup Time": 126.942, "Actual Total Time": 545.831, "Actual Rows": 268, "Actual Loops": 1, "Inner Unique": false, "Plans": [{"Node Type": "Nested Loop", "Parent Relationship": "Outer", "Join Type": "Inner", "Startup Cost": 7419.04, "Total Cost": 83383.24, "Plan Rows": 291, "Plan Width": 76, "Actual Startup Time": 66.913, "Actual Total Time": 520.715, "Actual Rows": 358, "Actual Loops": 1, "Inner Unique": false, "Join Filter": "(mi.info_type_id = it1.id)", "Rows Removed by Join Filter": 0, "Plans": [{"Node Type": "Index Scan", "Parent Relationship": "Outer", "Scan Direction": "Forward", "Index Name": "info_type_pkey", "Relation Name": "info_type", "Alias": "it1", "Startup Cost": 0.0, "Total Cost": 14.21, "Plan Rows": 1, "Plan Width": 4, "Actual Startup Time": 0.029, "Actual Total Time": 0.079, "Actual Rows": 1, "Actual Loops": 1, "Filter": "((info)::text = 'genres'::text)", "Rows Removed by Filter": 111}, {"Node Type": "Nested Loop", "Parent Relationship": "Inner", "Join Type": "Inner", "Startup Cost": 7419.04, "Total Cost": 83197.12, "Plan Rows": 13753, "Plan Width": 80, "Actual Startup Time": 66.872, "Actual Total Time": 520.361, "Actual Rows": 358, "Actual Loops": 1, "Inner Unique": false, "Plans": [{"Node Type": "Nested Loop", "Parent Relationship": "Outer", "Join Type": "Inner", "Startup Cost": 7419.04, "Total Cost": 61824.99, "Plan Rows": 15041, "Plan Width": 30, "Actual Startup Time": 60.361, "Actual Total Time": 383.098, "Actual Rows": 6152, "Actual Loops": 1, "Inner Unique": true, "Plans": [{"Node Type": "Nested Loop", "Parent Relationship": "Outer", "Join Type": "Inner", "Startup Cost": 7419.04, "Total Cost": 19211.73, "Plan Rows": 12936, "Plan Width": 9, "Actual Startup Time": 58.913, "Actual Total Time": 304.889, "Actual Rows": 15849, "Actual Loops": 1, "Inner Unique": false, "Plans": [{"Node Type": "Index Scan", "Parent Relationship": "Outer", "Scan Direction": "Forward", "Index Name": "info_type_pkey", "Relation Name": "info_type", "Alias": "it2", "Startup Cost": 0.0, "Total Cost": 14.21, "Plan Rows": 1, "Plan Width": 4, "Actual Startup Time": 0.048, "Actual Total Time": 0.061, "Actual Rows": 1, "Actual Loops": 1, "Filter": "((info)::text = 'rating'::text)", "Rows Removed by Filter": 111}, {"Node Type": "Bitmap Heap Scan", "Parent Relationship": "Inner", "Relation Name": "movie_info_idx", "Alias": "mi_idx", "Startup Cost": 7419.04, "Total Cost": 19068.16, "Plan Rows": 12936, "Plan Width": 13, "Actual Startup Time": 58.858, "Actual Total Time": 301.234, "Actual Rows": 15849, "Actual Loops": 1, "Recheck Cond": "(info_type_id = it2.id)", "Rows Removed by Index Recheck": 0, "Filter": "((info)::text > '8.0'::text)", "Rows Removed by Filter": 444076, "Exact Heap Blocks": 6472, "Lossy Heap Blocks": 6472, "Plans": [{"Node Type": "Bitmap Index Scan", "Parent Relationship": "Outer", "Index Name": "info_type_id_movie_info_idx", "Startup Cost": 0.0, "Total Cost": 7415.81, "Plan Rows": 345008, "Plan Width": 0, "Actual Startup Time": 57.616, "Actual Total Time": 57.616, "Actual Rows": 459925, "Actual Loops": 1, "Index Cond": "(info_type_id = it2.id)"}]}]}, {"Node Type": "Index Scan", "Parent Relationship": "Inner", "Scan Direction": "Forward", "Index Name": "title_pkey", "Relation Name": "title", "Alias": "t", "Startup Cost": 0.0, "Total Cost": 3.28, "Plan Rows": 1, "Plan Width": 21, "Actual Startup Time": 68.105, "Actual Total Time": 68.105, "Actual Rows": 6152, "Actual Loops": 15849, "Index Cond": "(id = mi_idx.movie_id)", "Rows Removed by Index Recheck": 0, "Filter": "((production_year >= 2008) AND (production_year <= 2014))", "Rows Removed by Filter": 9697}]}, {"Node Type": "Index Scan", "Parent Relationship": "Inner", "Scan Direction": "Forward", "Index Name": "movie_id_movie_info", "Relation Name": "movie_info", "Alias": "mi", "Startup Cost": 0.0, "Total Cost": 1.41, "Plan Rows": 1, "Plan Width": 50, "Actual Startup Time": 133.561, "Actual Total Time": 133.864, "Actual Rows": 358, "Actual Loops": 6152, "Index Cond": "(movie_id = t.id)", "Rows Removed by Index Recheck": 0, "Filter": "((note IS NULL) AND ((info)::text = ANY ('{Horror,Thriller}'::text[])))", "Rows Removed by Filter": 109599}]}]}, {"Node Type": "Index Scan", "Parent Relationship": "Inner", "Scan Direction": "Forward", "Index Name": "movie_id_cast_info", "Relation Name": "cast_info", "Alias": "ci", "Startup Cost": 0.0, "Total Cost": 2.34, "Plan Rows": 1, "Plan Width": 8, "Actual Startup Time": 19.441, "Actual Total Time": 24.677, "Actual Rows": 268, "Actual Loops": 358, "Index Cond": "(movie_id = t.id)", "Rows Removed by Index Recheck": 0, "Filter": "((note)::text = ANY ('{(writer),\"(head writer)\",\"(written by)\",(story),\"(story editor)\"}'::text[]))", "Rows Removed by Filter": 12296}]}, {"Node Type": "Index Scan", "Parent Relationship": "Inner", "Scan Direction": "Forward", "Index Name": "name_pkey", "Relation Name": "name", "Alias": "n", "Startup Cost": 0.0, "Total Cost": 0.49, "Plan Rows": 1, "Plan Width": 4, "Actual Startup Time": 1.95, "Actual Total Time": 1.95, "Actual Rows": 11, "Actual Loops": 268, "Index Cond": "(id = ci.person_id)", "Rows Removed by Index Recheck": 0, "Filter": "((gender IS NOT NULL) AND ((gender)::text = 'f'::text))", "Rows Removed by Filter": 257}]}]}, "Triggers": [], "Planner Runtime": 23.008, "Total Runtime": 548.511, "Unique SQL Id": 661781350}}, "(16, '34')": {"explain_plan": {"Plan": {"Node Type": "Aggregate", "Strategy": "Plain", "Startup Cost": 46183.56, "Total Cost": 46183.57, "Plan Rows": 1, "Plan Width": 160, "Plans": [{"Node Type": "Nested Loop", "Parent Relationship": "Outer", "Join Type": "Inner", "Startup Cost": 5.08, "Total Cost": 46181.92, "Plan Rows": 219, "Plan Width": 64, "Inner Unique": true, "Plans": [{"Node Type": "Nested Loop", "Parent Relationship": "Outer", "Join Type": "Inner", "Startup Cost": 4.77, "Total Cost": 44790.8, "Plan Rows": 321, "Plan Width": 68, "Inner Unique": false, "Plans": [{"Node Type": "Nested Loop", "Parent Relationship": "Outer", "Join Type": "Inner", "Startup Cost": 3.76, "Total Cost": 43297.62, "Plan Rows": 291, "Plan Width": 76, "Inner Unique": true, "Plans": [{"Node Type": "Nested Loop", "Parent Relationship": "Outer", "Join Type": "Inner", "Startup Cost": 2.96, "Total Cost": 42090.18, "Plan Rows": 250, "Plan Width": 55, "Inner Unique": false, "Join Filter": "(mi_idx.info_type_id = it2.id)", "Plans": [{"Node Type": "Seq Scan", "Parent Relationship": "Outer", "Relation Name": "info_type", "Alias": "it2", "Startup Cost": 0.0, "Total Cost": 2.4, "Plan Rows": 1, "Plan Width": 4, "Filter": "((info)::text = 'rating'::text)"}, {"Node Type": "Materialize", "Parent Relationship": "Inner", "Startup Cost": 2.96, "Total Cost": 42077.79, "Plan Rows": 999, "Plan Width": 59, "Plans": [{"Node Type": "Nested Loop", "Parent Relationship": "Outer", "Join Type": "Inner", "Startup Cost": 2.96, "Total Cost": 42075.29, "Plan Rows": 999, "Plan Width": 59, "Inner Unique": false, "Plans": [{"Node Type": "Hash Join", "Parent Relationship": "Outer", "Join Type": "Inner", "Startup Cost": 2.41, "Total Cost": 37619.13, "Plan Rows": 971, "Plan Width": 46, "Inner Unique": true, "Hash Cond": "(mi.info_type_id = it1.id)", "Plans": [{"Node Type": "Streaming(type: LOCAL GATHER dop: 1/16)", "Parent Relationship": "Outer", "Startup Cost": 0.0, "Total Cost": 37352.11, "Plan Rows": 67971, "Plan Width": 50, "Plans": [{"Node Type": "Seq Scan", "Parent Relationship": "Outer", "Relation Name": "movie_info", "Alias": "mi", "Startup Cost": 0.0, "Total Cost": 35885.16, "Plan Rows": 67971, "Plan Width": 50, "Filter": "((note IS NULL) AND ((info)::text = ANY ('{Horror,Thriller}'::text[])))"}]}, {"Node Type": "Hash", "Parent Relationship": "Inner", "Startup Cost": 2.4, "Total Cost": 2.4, "Plan Rows": 1, "Plan Width": 4, "Plans": [{"Node Type": "Seq Scan", "Parent Relationship": "Outer", "Relation Name": "info_type", "Alias": "it1", "Startup Cost": 0.0, "Total Cost": 2.4, "Plan Rows": 1, "Plan Width": 4, "Filter": "((info)::text = 'genres'::text)"}]}]}, {"Node Type": "Bitmap Heap Scan", "Parent Relationship": "Inner", "Relation Name": "movie_info_idx", "Alias": "mi_idx", "Startup Cost": 0.55, "Total Cost": 4.58, "Plan Rows": 1, "Plan Width": 13, "Recheck Cond": "(movie_id = mi.movie_id)", "Filter": "((info)::text > '8.0'::text)", "Plans": [{"Node Type": "Bitmap Index Scan", "Parent Relationship": "Outer", "Index Name": "movie_id_movie_info_idx", "Startup Cost": 0.0, "Total Cost": 0.55, "Plan Rows": 2, "Plan Width": 0, "Index Cond": "(movie_id = mi.movie_id)"}]}]}]}]}, {"Node Type": "Bitmap Heap Scan", "Parent Relationship": "Inner", "Relation Name": "title", "Alias": "t", "Startup Cost": 0.8, "Total Cost": 4.82, "Plan Rows": 1, "Plan Width": 21, "Recheck Cond": "(id = mi.movie_id)", "Filter": "((production_year >= 2008) AND (production_year <= 2014))", "Plans": [{"Node Type": "Bitmap Index Scan", "Parent Relationship": "Outer", "Index Name": "title_pkey", "Startup Cost": 0.0, "Total Cost": 0.8, "Plan Rows": 1, "Plan Width": 0, "Index Cond": "(id = mi.movie_id)"}]}]}, {"Node Type": "Bitmap Heap Scan", "Parent Relationship": "Inner", "Relation Name": "cast_info", "Alias": "ci", "Startup Cost": 1.01, "Total Cost": 5.12, "Plan Rows": 1, "Plan Width": 8, "Recheck Cond": "(movie_id = t.id)", "Filter": "((note)::text = ANY ('{(writer),\"(head writer)\",\"(written by)\",(story),\"(story editor)\"}'::text[]))", "Plans": [{"Node Type": "Bitmap Index Scan", "Parent Relationship": "Outer", "Index Name": "movie_id_cast_info", "Startup Cost": 0.0, "Total Cost": 1.01, "Plan Rows": 6, "Plan Width": 0, "Index Cond": "(movie_id = t.id)"}]}]}, {"Node Type": "Bitmap Heap Scan", "Parent Relationship": "Inner", "Relation Name": "name", "Alias": "n", "Startup Cost": 0.31, "Total Cost": 4.32, "Plan Rows": 1, "Plan Width": 4, "Recheck Cond": "(id = ci.person_id)", "Filter": "((gender IS NOT NULL) AND ((gender)::text = 'f'::text))", "Plans": [{"Node Type": "Bitmap Index Scan", "Parent Relationship": "Outer", "Index Name": "name_pkey", "Startup Cost": 0.0, "Total Cost": 0.31, "Plan Rows": 1, "Plan Width": 0, "Index Cond": "(id = ci.person_id)"}]}]}]}, "Unique SQL Id": 661781350, "Planner Runtime": 77}, "explain_analyze_plan": {"Plan": {"Node Type": "Aggregate", "Strategy": "Plain", "Startup Cost": 46183.56, "Total Cost": 46183.57, "Plan Rows": 1, "Plan Width": 160, "Actual Min Startup Time": 857.62, "Actual Max Startup Time": 857.62, "Actual Min Total Time": 857.621, "Actual Max Total Time": 857.621, "Plans": [{"Node Type": "Nested Loop", "Parent Relationship": "Outer", "Join Type": "Inner", "Startup Cost": 5.08, "Total Cost": 46181.92, "Plan Rows": 219, "Plan Width": 64, "Actual Min Startup Time": 818.919, "Actual Max Startup Time": 818.919, "Actual Min Total Time": 857.56, "Actual Max Total Time": 857.56, "Inner Unique": true, "Plans": [{"Node Type": "Nested Loop", "Parent Relationship": "Outer", "Join Type": "Inner", "Startup Cost": 4.77, "Total Cost": 44790.8, "Plan Rows": 321, "Plan Width": 68, "Actual Min Startup Time": 818.129, "Actual Max Startup Time": 818.129, "Actual Min Total Time": 855.191, "Actual Max Total Time": 855.191, "Inner Unique": false, "Plans": [{"Node Type": "Nested Loop", "Parent Relationship": "Outer", "Join Type": "Inner", "Startup Cost": 3.76, "Total Cost": 43297.62, "Plan Rows": 291, "Plan Width": 76, "Actual Min Startup Time": 817.964, "Actual Max Startup Time": 817.964, "Actual Min Total Time": 825.574, "Actual Max Total Time": 825.574, "Inner Unique": true, "Plans": [{"Node Type": "Nested Loop", "Parent Relationship": "Outer", "Join Type": "Inner", "Startup Cost": 2.96, "Total Cost": 42090.18, "Plan Rows": 250, "Plan Width": 55, "Actual Min Startup Time": 817.937, "Actual Max Startup Time": 817.937, "Actual Min Total Time": 819.795, "Actual Max Total Time": 819.795, "Inner Unique": false, "Join Filter": "(mi_idx.info_type_id = it2.id)", "Rows Removed by Join Filter": 3403, "Plans": [{"Node Type": "Seq Scan", "Parent Relationship": "Outer", "Relation Name": "info_type", "Alias": "it2", "Startup Cost": 0.0, "Total Cost": 2.4, "Plan Rows": 1, "Plan Width": 4, "Actual Min Startup Time": 0.075, "Actual Max Startup Time": 0.075, "Actual Min Total Time": 0.088, "Actual Max Total Time": 0.088, "Filter": "((info)::text = 'rating'::text)", "Rows Removed by Filter": 111, "Actual Rows": 1}, {"Node Type": "Materialize", "Parent Relationship": "Inner", "Startup Cost": 2.96, "Total Cost": 42077.79, "Plan Rows": 999, "Plan Width": 59, "Actual Min Startup Time": 817.842, "Actual Max Startup Time": 817.842, "Actual Min Total Time": 818.352, "Actual Max Total Time": 818.352, "Plans": [{"Node Type": "Nested Loop", "Parent Relationship": "Outer", "Join Type": "Inner", "Startup Cost": 2.96, "Total Cost": 42075.29, "Plan Rows": 999, "Plan Width": 59, "Actual Min Startup Time": 355.787, "Actual Max Startup Time": 355.787, "Actual Min Total Time": 815.939, "Actual Max Total Time": 815.939, "Inner Unique": false, "Plans": [{"Node Type": "Hash Join", "Parent Relationship": "Outer", "Join Type": "Inner", "Startup Cost": 2.41, "Total Cost": 37619.13, "Plan Rows": 971, "Plan Width": 46, "Actual Min Startup Time": 355.461, "Actual Max Startup Time": 355.461, "Actual Min Total Time": 420.895, "Actual Max Total Time": 420.895, "Inner Unique": true, "Hash Cond": "(mi.info_type_id = it1.id)", "Plans": [{"Node Type": "Streaming(type: LOCAL GATHER dop: 1/16)", "Parent Relationship": "Outer", "Startup Cost": 0.0, "Total Cost": 37352.11, "Plan Rows": 67971, "Plan Width": 50, "Actual Min Startup Time": 267.396, "Actual Max Startup Time": 267.396, "Actual Min Total Time": 383.039, "Actual Max Total Time": 383.039, "Plans": [{"Node Type": "Seq Scan", "Parent Relationship": "Outer", "Relation Name": "movie_info", "Alias": "mi", "Startup Cost": 0.0, "Total Cost": 35885.16, "Plan Rows": 67971, "Plan Width": 50, "Actual Min Startup Time": 237.743, "Actual Max Startup Time": 341.828, "Actual Min Total Time": 383.108, "Actual Max Total Time": 396.023, "Filter": "((note IS NULL) AND ((info)::text = ANY ('{Horror,Thriller}'::text[])))", "Rows Removed by Filter": 14762672, "Actual Rows": 73047}], "Actual Rows": 73047}, {"Node Type": "Hash", "Parent Relationship": "Inner", "Startup Cost": 2.4, "Total Cost": 2.4, "Plan Rows": 1, "Plan Width": 4, "Actual Min Startup Time": 0.102, "Actual Max Startup Time": 0.102, "Actual Min Total Time": 0.102, "Actual Max Total Time": 0.102, "Max Hash Buckets": 32768, "Min Hash Buckets": 32768, "Max Hash Batches": 1, "Min Hash Batches": 1, "Max Original Hash Batches": 1, "Min Original Hash Batches": 1, "Max Peak Memory Usage": 1, "min Peak Memory Usage": 1, "Plans": [{"Node Type": "Seq Scan", "Parent Relationship": "Outer", "Relation Name": "info_type", "Alias": "it1", "Startup Cost": 0.0, "Total Cost": 2.4, "Plan Rows": 1, "Plan Width": 4, "Actual Min Startup Time": 0.061, "Actual Max Startup Time": 0.061, "Actual Min Total Time": 0.085, "Actual Max Total Time": 0.085, "Filter": "((info)::text = 'genres'::text)", "Rows Removed by Filter": 111, "Actual Rows": 1}], "Actual Rows": 1}], "Actual Rows": 72258}, {"Node Type": "Bitmap Heap Scan", "Parent Relationship": "Inner", "Relation Name": "movie_info_idx", "Alias": "mi_idx", "Startup Cost": 0.55, "Total Cost": 4.58, "Plan Rows": 1, "Plan Width": 13, "Actual Min Startup Time": 312.374, "Actual Max Startup Time": 312.374, "Actual Min Total Time": 314.166, "Actual Max Total Time": 314.166, "Recheck Cond": "(movie_id = mi.movie_id)", "Rows Removed by Index Recheck": 0, "Filter": "((info)::text > '8.0'::text)", "Rows Removed by Filter": 113143, "Exact Heap Blocks": 39507, "Lossy Heap Blocks": 39507, "Plans": [{"Node Type": "Bitmap Index Scan", "Parent Relationship": "Outer", "Index Name": "movie_id_movie_info_idx", "Startup Cost": 0.0, "Total Cost": 0.55, "Plan Rows": 2, "Plan Width": 0, "Actual Min Startup Time": 180.874, "Actual Max Startup Time": 180.874, "Actual Min Total Time": 180.874, "Actual Max Total Time": 180.874, "Index Cond": "(movie_id = mi.movie_id)", "Actual Rows": 117278}], "Actual Rows": 4135}], "Actual Rows": 4135}], "Actual Rows": 4136}], "Actual Rows": 732}, {"Node Type": "Bitmap Heap Scan", "Parent Relationship": "Inner", "Relation Name": "title", "Alias": "t", "Startup Cost": 0.8, "Total Cost": 4.82, "Plan Rows": 1, "Plan Width": 21, "Actual Min Startup Time": 4.787, "Actual Max Startup Time": 4.787, "Actual Min Total Time": 4.787, "Actual Max Total Time": 4.787, "Recheck Cond": "(id = mi.movie_id)", "Rows Removed by Index Recheck": 0, "Filter": "((production_year >= 2008) AND (production_year <= 2014))", "Rows Removed by Filter": 374, "Exact Heap Blocks": 732, "Lossy Heap Blocks": 732, "Plans": [{"Node Type": "Bitmap Index Scan", "Parent Relationship": "Outer", "Index Name": "title_pkey", "Startup Cost": 0.0, "Total Cost": 0.8, "Plan Rows": 1, "Plan Width": 0, "Actual Min Startup Time": 2.892, "Actual Max Startup Time": 2.892, "Actual Min Total Time": 2.892, "Actual Max Total Time": 2.892, "Index Cond": "(id = mi.movie_id)", "Actual Rows": 732}], "Actual Rows": 358}], "Actual Rows": 358}, {"Node Type": "Bitmap Heap Scan", "Parent Relationship": "Inner", "Relation Name": "cast_info", "Alias": "ci", "Startup Cost": 1.01, "Total Cost": 5.12, "Plan Rows": 1, "Plan Width": 8, "Actual Min Startup Time": 23.526, "Actual Max Startup Time": 23.526, "Actual Min Total Time": 28.937, "Actual Max Total Time": 28.937, "Recheck Cond": "(movie_id = t.id)", "Rows Removed by Index Recheck": 0, "Filter": "((note)::text = ANY ('{(writer),\"(head writer)\",\"(written by)\",(story),\"(story editor)\"}'::text[]))", "Rows Removed by Filter": 12296, "Exact Heap Blocks": 11454, "Lossy Heap Blocks": 11454, "Plans": [{"Node Type": "Bitmap Index Scan", "Parent Relationship": "Outer", "Index Name": "movie_id_cast_info", "Startup Cost": 0.0, "Total Cost": 1.01, "Plan Rows": 6, "Plan Width": 0, "Actual Min Startup Time": 4.282, "Actual Max Startup Time": 4.282, "Actual Min Total Time": 4.282, "Actual Max Total Time": 4.282, "Index Cond": "(movie_id = t.id)", "Actual Rows": 12564}], "Actual Rows": 268}], "Actual Rows": 268}, {"Node Type": "Bitmap Heap Scan", "Parent Relationship": "Inner", "Relation Name": "name", "Alias": "n", "Startup Cost": 0.31, "Total Cost": 4.32, "Plan Rows": 1, "Plan Width": 4, "Actual Min Startup Time": 1.967, "Actual Max Startup Time": 1.967, "Actual Min Total Time": 1.967, "Actual Max Total Time": 1.967, "Recheck Cond": "(id = ci.person_id)", "Rows Removed by Index Recheck": 0, "Filter": "((gender IS NOT NULL) AND ((gender)::text = 'f'::text))", "Rows Removed by Filter": 257, "Exact Heap Blocks": 268, "Lossy Heap Blocks": 268, "Plans": [{"Node Type": "Bitmap Index Scan", "Parent Relationship": "Outer", "Index Name": "name_pkey", "Startup Cost": 0.0, "Total Cost": 0.31, "Plan Rows": 1, "Plan Width": 0, "Actual Min Startup Time": 1.219, "Actual Max Startup Time": 1.219, "Actual Min Total Time": 1.219, "Actual Max Total Time": 1.219, "Index Cond": "(id = ci.person_id)", "Actual Rows": 268}], "Actual Rows": 11}], "Actual Rows": 11}], "Actual Rows": 1}, "Triggers": [], "Planner Runtime": 86.931, "Total Runtime": 860.448, "Unique SQL Id": 661781350}}, "(16, '35')": {"explain_plan": {"Plan": {"Node Type": "Aggregate", "Strategy": "Plain", "Startup Cost": 157109.69, "Total Cost": 157109.7, "Plan Rows": 1, "Plan Width": 160, "Plans": [{"Node Type": "Nested Loop", "Parent Relationship": "Outer", "Join Type": "Inner", "Startup Cost": 7439.53, "Total Cost": 157108.05, "Plan Rows": 219, "Plan Width": 64, "Inner Unique": true, "Plans": [{"Node Type": "Nested Loop", "Parent Relationship": "Outer", "Join Type": "Inner", "Startup Cost": 7439.22, "Total Cost": 155716.93, "Plan Rows": 321, "Plan Width": 68, "Inner Unique": false, "Plans": [{"Node Type": "Nested Loop", "Parent Relationship": "Outer", "Join Type": "Inner", "Startup Cost": 7438.22, "Total Cost": 154223.75, "Plan Rows": 291, "Plan Width": 76, "Inner Unique": false, "Join Filter": "(mi.info_type_id = it1.id)", "Plans": [{"Node Type": "Bitmap Heap Scan", "Parent Relationship": "Outer", "Relation Name": "info_type", "Alias": "it1", "Startup Cost": 8.81, "Total Cost": 14.21, "Plan Rows": 1, "Plan Width": 4, "Filter": "((info)::text = 'genres'::text)", "Plans": [{"Node Type": "Bitmap Index Scan", "Parent Relationship": "Outer", "Index Name": "info_type_pkey", "Startup Cost": 0.0, "Total Cost": 8.81, "Plan Rows": 112, "Plan Width": 0}]}, {"Node Type": "Nested Loop", "Parent Relationship": "Inner", "Join Type": "Inner", "Startup Cost": 7429.41, "Total Cost": 154037.63, "Plan Rows": 13753, "Plan Width": 80, "Inner Unique": false, "Plans": [{"Node Type": "Nested Loop", "Parent Relationship": "Outer", "Join Type": "Inner", "Startup Cost": 7428.83, "Total Cost": 83898.37, "Plan Rows": 15041, "Plan Width": 30, "Inner Unique": true, "Plans": [{"Node Type": "Nested Loop", "Parent Relationship": "Outer", "Join Type": "Inner", "Startup Cost": 7427.85, "Total Cost": 19211.73, "Plan Rows": 12936, "Plan Width": 9, "Inner Unique": false, "Plans": [{"Node Type": "Bitmap Heap Scan", "Parent Relationship": "Outer", "Relation Name": "info_type", "Alias": "it2", "Startup Cost": 8.81, "Total Cost": 14.21, "Plan Rows": 1, "Plan Width": 4, "Filter": "((info)::text = 'rating'::text)", "Plans": [{"Node Type": "Bitmap Index Scan", "Parent Relationship": "Outer", "Index Name": "info_type_pkey", "Startup Cost": 0.0, "Total Cost": 8.81, "Plan Rows": 112, "Plan Width": 0}]}, {"Node Type": "Bitmap Heap Scan", "Parent Relationship": "Inner", "Relation Name": "movie_info_idx", "Alias": "mi_idx", "Startup Cost": 7419.04, "Total Cost": 19068.16, "Plan Rows": 12936, "Plan Width": 13, "Recheck Cond": "(info_type_id = it2.id)", "Filter": "((info)::text > '8.0'::text)", "Plans": [{"Node Type": "Bitmap Index Scan", "Parent Relationship": "Outer", "Index Name": "info_type_id_movie_info_idx", "Startup Cost": 0.0, "Total Cost": 7415.81, "Plan Rows": 345008, "Plan Width": 0, "Index Cond": "(info_type_id = it2.id)"}]}]}, {"Node Type": "Bitmap Heap Scan", "Parent Relationship": "Inner", "Relation Name": "title", "Alias": "t", "Startup Cost": 0.97, "Total Cost": 4.99, "Plan Rows": 1, "Plan Width": 21, "Recheck Cond": "(id = mi_idx.movie_id)", "Filter": "((production_year >= 2008) AND (production_year <= 2014))", "Plans": [{"Node Type": "Bitmap Index Scan", "Parent Relationship": "Outer", "Index Name": "title_pkey", "Startup Cost": 0.0, "Total Cost": 0.97, "Plan Rows": 1, "Plan Width": 0, "Index Cond": "(id = mi_idx.movie_id)"}]}]}, {"Node Type": "Bitmap Heap Scan", "Parent Relationship": "Inner", "Relation Name": "movie_info", "Alias": "mi", "Startup Cost": 0.58, "Total Cost": 4.65, "Plan Rows": 1, "Plan Width": 50, "Recheck Cond": "(movie_id = t.id)", "Filter": "((note IS NULL) AND ((info)::text = ANY ('{Horror,Thriller}'::text[])))", "Plans": [{"Node Type": "Bitmap Index Scan", "Parent Relationship": "Outer", "Index Name": "movie_id_movie_info", "Startup Cost": 0.0, "Total Cost": 0.58, "Plan Rows": 5, "Plan Width": 0, "Index Cond": "(movie_id = t.id)"}]}]}]}, {"Node Type": "Bitmap Heap Scan", "Parent Relationship": "Inner", "Relation Name": "cast_info", "Alias": "ci", "Startup Cost": 1.01, "Total Cost": 5.12, "Plan Rows": 1, "Plan Width": 8, "Recheck Cond": "(movie_id = t.id)", "Filter": "((note)::text = ANY ('{(writer),\"(head writer)\",\"(written by)\",(story),\"(story editor)\"}'::text[]))", "Plans": [{"Node Type": "Bitmap Index Scan", "Parent Relationship": "Outer", "Index Name": "movie_id_cast_info", "Startup Cost": 0.0, "Total Cost": 1.01, "Plan Rows": 6, "Plan Width": 0, "Index Cond": "(movie_id = t.id)"}]}]}, {"Node Type": "Bitmap Heap Scan", "Parent Relationship": "Inner", "Relation Name": "name", "Alias": "n", "Startup Cost": 0.31, "Total Cost": 4.32, "Plan Rows": 1, "Plan Width": 4, "Recheck Cond": "(id = ci.person_id)", "Filter": "((gender IS NOT NULL) AND ((gender)::text = 'f'::text))", "Plans": [{"Node Type": "Bitmap Index Scan", "Parent Relationship": "Outer", "Index Name": "name_pkey", "Startup Cost": 0.0, "Total Cost": 0.31, "Plan Rows": 1, "Plan Width": 0, "Index Cond": "(id = ci.person_id)"}]}]}]}, "Unique SQL Id": 661781350, "Planner Runtime": 11}, "explain_analyze_plan": {"Plan": {"Node Type": "Aggregate", "Strategy": "Plain", "Startup Cost": 157109.69, "Total Cost": 157109.7, "Plan Rows": 1, "Plan Width": 160, "Actual Startup Time": 648.813, "Actual Total Time": 648.813, "Actual Rows": 1, "Actual Loops": 1, "Plans": [{"Node Type": "Nested Loop", "Parent Relationship": "Outer", "Join Type": "Inner", "Startup Cost": 7439.53, "Total Cost": 157108.05, "Plan Rows": 219, "Plan Width": 64, "Actual Startup Time": 394.473, "Actual Total Time": 648.75, "Actual Rows": 11, "Actual Loops": 1, "Inner Unique": true, "Plans": [{"Node Type": "Nested Loop", "Parent Relationship": "Outer", "Join Type": "Inner", "Startup Cost": 7439.22, "Total Cost": 155716.93, "Plan Rows": 321, "Plan Width": 68, "Actual Startup Time": 144.736, "Actual Total Time": 645.961, "Actual Rows": 268, "Actual Loops": 1, "Inner Unique": false, "Plans": [{"Node Type": "Nested Loop", "Parent Relationship": "Outer", "Join Type": "Inner", "Startup Cost": 7438.22, "Total Cost": 154223.75, "Plan Rows": 291, "Plan Width": 76, "Actual Startup Time": 67.802, "Actual Total Time": 613.896, "Actual Rows": 358, "Actual Loops": 1, "Inner Unique": false, "Join Filter": "(mi.info_type_id = it1.id)", "Rows Removed by Join Filter": 0, "Plans": [{"Node Type": "Bitmap Heap Scan", "Parent Relationship": "Outer", "Relation Name": "info_type", "Alias": "it1", "Startup Cost": 8.81, "Total Cost": 14.21, "Plan Rows": 1, "Plan Width": 4, "Actual Startup Time": 0.054, "Actual Total Time": 0.086, "Actual Rows": 1, "Actual Loops": 1, "Filter": "((info)::text = 'genres'::text)", "Rows Removed by Filter": 111, "Exact Heap Blocks": 1, "Lossy Heap Blocks": 1, "Plans": [{"Node Type": "Bitmap Index Scan", "Parent Relationship": "Outer", "Index Name": "info_type_pkey", "Startup Cost": 0.0, "Total Cost": 8.81, "Plan Rows": 112, "Plan Width": 0, "Actual Startup Time": 0.015, "Actual Total Time": 0.015, "Actual Rows": 112, "Actual Loops": 1}]}, {"Node Type": "Nested Loop", "Parent Relationship": "Inner", "Join Type": "Inner", "Startup Cost": 7429.41, "Total Cost": 154037.63, "Plan Rows": 13753, "Plan Width": 80, "Actual Startup Time": 67.737, "Actual Total Time": 613.496, "Actual Rows": 358, "Actual Loops": 1, "Inner Unique": false, "Plans": [{"Node Type": "Nested Loop", "Parent Relationship": "Outer", "Join Type": "Inner", "Startup Cost": 7428.83, "Total Cost": 83898.37, "Plan Rows": 15041, "Plan Width": 30, "Actual Startup Time": 60.256, "Actual Total Time": 430.293, "Actual Rows": 6152, "Actual Loops": 1, "Inner Unique": true, "Plans": [{"Node Type": "Nested Loop", "Parent Relationship": "Outer", "Join Type": "Inner", "Startup Cost": 7427.85, "Total Cost": 19211.73, "Plan Rows": 12936, "Plan Width": 9, "Actual Startup Time": 58.555, "Actual Total Time": 316.66, "Actual Rows": 15849, "Actual Loops": 1, "Inner Unique": false, "Plans": [{"Node Type": "Bitmap Heap Scan", "Parent Relationship": "Outer", "Relation Name": "info_type", "Alias": "it2", "Startup Cost": 8.81, "Total Cost": 14.21, "Plan Rows": 1, "Plan Width": 4, "Actual Startup Time": 0.053, "Actual Total Time": 0.058, "Actual Rows": 1, "Actual Loops": 1, "Filter": "((info)::text = 'rating'::text)", "Rows Removed by Filter": 111, "Exact Heap Blocks": 1, "Lossy Heap Blocks": 1, "Plans": [{"Node Type": "Bitmap Index Scan", "Parent Relationship": "Outer", "Index Name": "info_type_pkey", "Startup Cost": 0.0, "Total Cost": 8.81, "Plan Rows": 112, "Plan Width": 0, "Actual Startup Time": 0.008, "Actual Total Time": 0.008, "Actual Rows": 112, "Actual Loops": 1}]}, {"Node Type": "Bitmap Heap Scan", "Parent Relationship": "Inner", "Relation Name": "movie_info_idx", "Alias": "mi_idx", "Startup Cost": 7419.04, "Total Cost": 19068.16, "Plan Rows": 12936, "Plan Width": 13, "Actual Startup Time": 58.498, "Actual Total Time": 312.884, "Actual Rows": 15849, "Actual Loops": 1, "Recheck Cond": "(info_type_id = it2.id)", "Rows Removed by Index Recheck": 0, "Filter": "((info)::text > '8.0'::text)", "Rows Removed by Filter": 444076, "Exact Heap Blocks": 6472, "Lossy Heap Blocks": 6472, "Plans": [{"Node Type": "Bitmap Index Scan", "Parent Relationship": "Outer", "Index Name": "info_type_id_movie_info_idx", "Startup Cost": 0.0, "Total Cost": 7415.81, "Plan Rows": 345008, "Plan Width": 0, "Actual Startup Time": 57.263, "Actual Total Time": 57.263, "Actual Rows": 459925, "Actual Loops": 1, "Index Cond": "(info_type_id = it2.id)"}]}]}, {"Node Type": "Bitmap Heap Scan", "Parent Relationship": "Inner", "Relation Name": "title", "Alias": "t", "Startup Cost": 0.97, "Total Cost": 4.99, "Plan Rows": 1, "Plan Width": 21, "Actual Startup Time": 92.969, "Actual Total Time": 92.969, "Actual Rows": 6152, "Actual Loops": 15849, "Recheck Cond": "(id = mi_idx.movie_id)", "Rows Removed by Index Recheck": 0, "Filter": "((production_year >= 2008) AND (production_year <= 2014))", "Rows Removed by Filter": 9697, "Exact Heap Blocks": 15849, "Lossy Heap Blocks": 15849, "Plans": [{"Node Type": "Bitmap Index Scan", "Parent Relationship": "Outer", "Index Name": "title_pkey", "Startup Cost": 0.0, "Total Cost": 0.97, "Plan Rows": 1, "Plan Width": 0, "Actual Startup Time": 45.73, "Actual Total Time": 45.73, "Actual Rows": 15849, "Actual Loops": 15849, "Index Cond": "(id = mi_idx.movie_id)"}]}]}, {"Node Type": "Bitmap Heap Scan", "Parent Relationship": "Inner", "Relation Name": "movie_info", "Alias": "mi", "Startup Cost": 0.58, "Total Cost": 4.65, "Plan Rows": 1, "Plan Width": 50, "Actual Startup Time": 174.663, "Actual Total Time": 174.828, "Actual Rows": 358, "Actual Loops": 6152, "Recheck Cond": "(movie_id = t.id)", "Rows Removed by Index Recheck": 0, "Filter": "((note IS NULL) AND ((info)::text = ANY ('{Horror,Thriller}'::text[])))", "Rows Removed by Filter": 109599, "Exact Heap Blocks": 52726, "Lossy Heap Blocks": 52726, "Plans": [{"Node Type": "Bitmap Index Scan", "Parent Relationship": "Outer", "Index Name": "movie_id_movie_info", "Startup Cost": 0.0, "Total Cost": 0.58, "Plan Rows": 5, "Plan Width": 0, "Actual Startup Time": 40.719, "Actual Total Time": 40.719, "Actual Rows": 109957, "Actual Loops": 6152, "Index Cond": "(movie_id = t.id)"}]}]}]}, {"Node Type": "Bitmap Heap Scan", "Parent Relationship": "Inner", "Relation Name": "cast_info", "Alias": "ci", "Startup Cost": 1.01, "Total Cost": 5.12, "Plan Rows": 1, "Plan Width": 8, "Actual Startup Time": 25.29, "Actual Total Time": 31.079, "Actual Rows": 268, "Actual Loops": 358, "Recheck Cond": "(movie_id = t.id)", "Rows Removed by Index Recheck": 0, "Filter": "((note)::text = ANY ('{(writer),\"(head writer)\",\"(written by)\",(story),\"(story editor)\"}'::text[]))", "Rows Removed by Filter": 12296, "Exact Heap Blocks": 11454, "Lossy Heap Blocks": 11454, "Plans": [{"Node Type": "Bitmap Index Scan", "Parent Relationship": "Outer", "Index Name": "movie_id_cast_info", "Startup Cost": 0.0, "Total Cost": 1.01, "Plan Rows": 6, "Plan Width": 0, "Actual Startup Time": 4.711, "Actual Total Time": 4.711, "Actual Rows": 12564, "Actual Loops": 358, "Index Cond": "(movie_id = t.id)"}]}]}, {"Node Type": "Bitmap Heap Scan", "Parent Relationship": "Inner", "Relation Name": "name", "Alias": "n", "Startup Cost": 0.31, "Total Cost": 4.32, "Plan Rows": 1, "Plan Width": 4, "Actual Startup Time": 2.292, "Actual Total Time": 2.292, "Actual Rows": 11, "Actual Loops": 268, "Recheck Cond": "(id = ci.person_id)", "Rows Removed by Index Recheck": 0, "Filter": "((gender IS NOT NULL) AND ((gender)::text = 'f'::text))", "Rows Removed by Filter": 257, "Exact Heap Blocks": 268, "Lossy Heap Blocks": 268, "Plans": [{"Node Type": "Bitmap Index Scan", "Parent Relationship": "Outer", "Index Name": "name_pkey", "Startup Cost": 0.0, "Total Cost": 0.31, "Plan Rows": 1, "Plan Width": 0, "Actual Startup Time": 1.403, "Actual Total Time": 1.403, "Actual Rows": 268, "Actual Loops": 268, "Index Cond": "(id = ci.person_id)"}]}]}]}, "Triggers": [], "Planner Runtime": 23.03, "Total Runtime": 649.145, "Unique SQL Id": 661781350}}, "(16, '36')": {"explain_plan": {"Plan": {"Node Type": "Aggregate", "Strategy": "Plain", "Startup Cost": 40136.75, "Total Cost": 40136.76, "Plan Rows": 1, "Plan Width": 160, "Plans": [{"Node Type": "Nested Loop", "Parent Relationship": "Outer", "Join Type": "Inner", "Startup Cost": 2.41, "Total Cost": 40135.1, "Plan Rows": 219, "Plan Width": 64, "Inner Unique": true, "Plans": [{"Node Type": "Nested Loop", "Parent Relationship": "Outer", "Join Type": "Inner", "Startup Cost": 2.41, "Total Cost": 39974.11, "Plan Rows": 321, "Plan Width": 68, "Inner Unique": false, "Plans": [{"Node Type": "Nested Loop", "Parent Relationship": "Outer", "Join Type": "Inner", "Startup Cost": 2.41, "Total Cost": 39289.09, "Plan Rows": 291, "Plan Width": 76, "Inner Unique": true, "Plans": [{"Node Type": "Nested Loop", "Parent Relationship": "Outer", "Join Type": "Inner", "Startup Cost": 2.41, "Total Cost": 38575.87, "Plan Rows": 250, "Plan Width": 55, "Inner Unique": false, "Join Filter": "(mi_idx.info_type_id = it2.id)", "Plans": [{"Node Type": "Seq Scan", "Parent Relationship": "Outer", "Relation Name": "info_type", "Alias": "it2", "Startup Cost": 0.0, "Total Cost": 2.4, "Plan Rows": 1, "Plan Width": 4, "Filter": "((info)::text = 'rating'::text)"}, {"Node Type": "Materialize", "Parent Relationship": "Inner", "Startup Cost": 2.41, "Total Cost": 38563.48, "Plan Rows": 999, "Plan Width": 59, "Plans": [{"Node Type": "Nested Loop", "Parent Relationship": "Outer", "Join Type": "Inner", "Startup Cost": 2.41, "Total Cost": 38560.99, "Plan Rows": 999, "Plan Width": 59, "Inner Unique": false, "Plans": [{"Node Type": "Hash Join", "Parent Relationship": "Outer", "Join Type": "Inner", "Startup Cost": 2.41, "Total Cost": 37619.13, "Plan Rows": 971, "Plan Width": 46, "Inner Unique": true, "Hash Cond": "(mi.info_type_id = it1.id)", "Plans": [{"Node Type": "Streaming(type: LOCAL GATHER dop: 1/16)", "Parent Relationship": "Outer", "Startup Cost": 0.0, "Total Cost": 37352.11, "Plan Rows": 67971, "Plan Width": 50, "Plans": [{"Node Type": "Seq Scan", "Parent Relationship": "Outer", "Relation Name": "movie_info", "Alias": "mi", "Startup Cost": 0.0, "Total Cost": 35885.16, "Plan Rows": 67971, "Plan Width": 50, "Filter": "((note IS NULL) AND ((info)::text = ANY ('{Horror,Thriller}'::text[])))"}]}, {"Node Type": "Hash", "Parent Relationship": "Inner", "Startup Cost": 2.4, "Total Cost": 2.4, "Plan Rows": 1, "Plan Width": 4, "Plans": [{"Node Type": "Seq Scan", "Parent Relationship": "Outer", "Relation Name": "info_type", "Alias": "it1", "Startup Cost": 0.0, "Total Cost": 2.4, "Plan Rows": 1, "Plan Width": 4, "Filter": "((info)::text = 'genres'::text)"}]}]}, {"Node Type": "Index Scan", "Parent Relationship": "Inner", "Scan Direction": "Forward", "Index Name": "movie_id_movie_info_idx", "Relation Name": "movie_info_idx", "Alias": "mi_idx", "Startup Cost": 0.0, "Total Cost": 0.96, "Plan Rows": 1, "Plan Width": 13, "Index Cond": "(movie_id = mi.movie_id)", "Filter": "((info)::text > '8.0'::text)"}]}]}]}, {"Node Type": "Index Scan", "Parent Relationship": "Inner", "Scan Direction": "Forward", "Index Name": "title_pkey", "Relation Name": "title", "Alias": "t", "Startup Cost": 0.0, "Total Cost": 2.84, "Plan Rows": 1, "Plan Width": 21, "Index Cond": "(id = mi.movie_id)", "Filter": "((production_year >= 2008) AND (production_year <= 2014))"}]}, {"Node Type": "Index Scan", "Parent Relationship": "Inner", "Scan Direction": "Forward", "Index Name": "movie_id_cast_info", "Relation Name": "cast_info", "Alias": "ci", "Startup Cost": 0.0, "Total Cost": 2.34, "Plan Rows": 1, "Plan Width": 8, "Index Cond": "(movie_id = t.id)", "Filter": "((note)::text = ANY ('{(writer),\"(head writer)\",\"(written by)\",(story),\"(story editor)\"}'::text[]))"}]}, {"Node Type": "Index Scan", "Parent Relationship": "Inner", "Scan Direction": "Forward", "Index Name": "name_pkey", "Relation Name": "name", "Alias": "n", "Startup Cost": 0.0, "Total Cost": 0.49, "Plan Rows": 1, "Plan Width": 4, "Index Cond": "(id = ci.person_id)", "Filter": "((gender IS NOT NULL) AND ((gender)::text = 'f'::text))"}]}]}, "Unique SQL Id": 661781350, "Planner Runtime": 49}, "explain_analyze_plan": {"Plan": {"Node Type": "Aggregate", "Strategy": "Plain", "Startup Cost": 40136.75, "Total Cost": 40136.76, "Plan Rows": 1, "Plan Width": 160, "Actual Min Startup Time": 745.831, "Actual Max Startup Time": 745.831, "Actual Min Total Time": 745.832, "Actual Max Total Time": 745.832, "Plans": [{"Node Type": "Nested Loop", "Parent Relationship": "Outer", "Join Type": "Inner", "Startup Cost": 2.41, "Total Cost": 40135.1, "Plan Rows": 219, "Plan Width": 64, "Actual Min Startup Time": 715.131, "Actual Max Startup Time": 715.131, "Actual Min Total Time": 745.777, "Actual Max Total Time": 745.777, "Inner Unique": true, "Plans": [{"Node Type": "Nested Loop", "Parent Relationship": "Outer", "Join Type": "Inner", "Startup Cost": 2.41, "Total Cost": 39974.11, "Plan Rows": 321, "Plan Width": 68, "Actual Min Startup Time": 714.667, "Actual Max Startup Time": 714.667, "Actual Min Total Time": 743.955, "Actual Max Total Time": 743.955, "Inner Unique": false, "Plans": [{"Node Type": "Nested Loop", "Parent Relationship": "Outer", "Join Type": "Inner", "Startup Cost": 2.41, "Total Cost": 39289.09, "Plan Rows": 291, "Plan Width": 76, "Actual Min Startup Time": 714.49, "Actual Max Startup Time": 714.49, "Actual Min Total Time": 720.514, "Actual Max Total Time": 720.514, "Inner Unique": true, "Plans": [{"Node Type": "Nested Loop", "Parent Relationship": "Outer", "Join Type": "Inner", "Startup Cost": 2.41, "Total Cost": 38575.87, "Plan Rows": 250, "Plan Width": 55, "Actual Min Startup Time": 714.464, "Actual Max Startup Time": 714.464, "Actual Min Total Time": 716.205, "Actual Max Total Time": 716.205, "Inner Unique": false, "Join Filter": "(mi_idx.info_type_id = it2.id)", "Rows Removed by Join Filter": 3403, "Plans": [{"Node Type": "Seq Scan", "Parent Relationship": "Outer", "Relation Name": "info_type", "Alias": "it2", "Startup Cost": 0.0, "Total Cost": 2.4, "Plan Rows": 1, "Plan Width": 4, "Actual Min Startup Time": 0.065, "Actual Max Startup Time": 0.065, "Actual Min Total Time": 0.077, "Actual Max Total Time": 0.077, "Filter": "((info)::text = 'rating'::text)", "Rows Removed by Filter": 111, "Actual Rows": 1}, {"Node Type": "Materialize", "Parent Relationship": "Inner", "Startup Cost": 2.41, "Total Cost": 38563.48, "Plan Rows": 999, "Plan Width": 59, "Actual Min Startup Time": 714.377, "Actual Max Startup Time": 714.377, "Actual Min Total Time": 714.876, "Actual Max Total Time": 714.876, "Plans": [{"Node Type": "Nested Loop", "Parent Relationship": "Outer", "Join Type": "Inner", "Startup Cost": 2.41, "Total Cost": 38560.99, "Plan Rows": 999, "Plan Width": 59, "Actual Min Startup Time": 354.887, "Actual Max Startup Time": 354.887, "Actual Min Total Time": 712.602, "Actual Max Total Time": 712.602, "Inner Unique": false, "Plans": [{"Node Type": "Hash Join", "Parent Relationship": "Outer", "Join Type": "Inner", "Startup Cost": 2.41, "Total Cost": 37619.13, "Plan Rows": 971, "Plan Width": 46, "Actual Min Startup Time": 354.787, "Actual Max Startup Time": 354.787, "Actual Min Total Time": 419.6, "Actual Max Total Time": 419.6, "Inner Unique": true, "Hash Cond": "(mi.info_type_id = it1.id)", "Plans": [{"Node Type": "Streaming(type: LOCAL GATHER dop: 1/16)", "Parent Relationship": "Outer", "Startup Cost": 0.0, "Total Cost": 37352.11, "Plan Rows": 67971, "Plan Width": 50, "Actual Min Startup Time": 266.275, "Actual Max Startup Time": 266.275, "Actual Min Total Time": 383.347, "Actual Max Total Time": 383.347, "Plans": [{"Node Type": "Seq Scan", "Parent Relationship": "Outer", "Relation Name": "movie_info", "Alias": "mi", "Startup Cost": 0.0, "Total Cost": 35885.16, "Plan Rows": 67971, "Plan Width": 50, "Actual Min Startup Time": 236.217, "Actual Max Startup Time": 341.573, "Actual Min Total Time": 384.125, "Actual Max Total Time": 397.048, "Filter": "((note IS NULL) AND ((info)::text = ANY ('{Horror,Thriller}'::text[])))", "Rows Removed by Filter": 14762672, "Actual Rows": 73047}], "Actual Rows": 73047}, {"Node Type": "Hash", "Parent Relationship": "Inner", "Startup Cost": 2.4, "Total Cost": 2.4, "Plan Rows": 1, "Plan Width": 4, "Actual Min Startup Time": 0.089, "Actual Max Startup Time": 0.089, "Actual Min Total Time": 0.089, "Actual Max Total Time": 0.089, "Max Hash Buckets": 32768, "Min Hash Buckets": 32768, "Max Hash Batches": 1, "Min Hash Batches": 1, "Max Original Hash Batches": 1, "Min Original Hash Batches": 1, "Max Peak Memory Usage": 1, "min Peak Memory Usage": 1, "Plans": [{"Node Type": "Seq Scan", "Parent Relationship": "Outer", "Relation Name": "info_type", "Alias": "it1", "Startup Cost": 0.0, "Total Cost": 2.4, "Plan Rows": 1, "Plan Width": 4, "Actual Min Startup Time": 0.054, "Actual Max Startup Time": 0.054, "Actual Min Total Time": 0.078, "Actual Max Total Time": 0.078, "Filter": "((info)::text = 'genres'::text)", "Rows Removed by Filter": 111, "Actual Rows": 1}], "Actual Rows": 1}], "Actual Rows": 72258}, {"Node Type": "Index Scan", "Parent Relationship": "Inner", "Scan Direction": "Forward", "Index Name": "movie_id_movie_info_idx", "Relation Name": "movie_info_idx", "Alias": "mi_idx", "Startup Cost": 0.0, "Total Cost": 0.96, "Plan Rows": 1, "Plan Width": 13, "Actual Min Startup Time": 255.106, "Actual Max Startup Time": 255.106, "Actual Min Total Time": 258.664, "Actual Max Total Time": 258.664, "Index Cond": "(movie_id = mi.movie_id)", "Rows Removed by Index Recheck": 0, "Filter": "((info)::text > '8.0'::text)", "Rows Removed by Filter": 113143, "Actual Rows": 4135}], "Actual Rows": 4135}], "Actual Rows": 4136}], "Actual Rows": 732}, {"Node Type": "Index Scan", "Parent Relationship": "Inner", "Scan Direction": "Forward", "Index Name": "title_pkey", "Relation Name": "title", "Alias": "t", "Startup Cost": 0.0, "Total Cost": 2.84, "Plan Rows": 1, "Plan Width": 21, "Actual Min Startup Time": 3.859, "Actual Max Startup Time": 3.859, "Actual Min Total Time": 3.859, "Actual Max Total Time": 3.859, "Index Cond": "(id = mi.movie_id)", "Rows Removed by Index Recheck": 0, "Filter": "((production_year >= 2008) AND (production_year <= 2014))", "Rows Removed by Filter": 374, "Actual Rows": 358}], "Actual Rows": 358}, {"Node Type": "Index Scan", "Parent Relationship": "Inner", "Scan Direction": "Forward", "Index Name": "movie_id_cast_info", "Relation Name": "cast_info", "Alias": "ci", "Startup Cost": 0.0, "Total Cost": 2.34, "Plan Rows": 1, "Plan Width": 8, "Actual Min Startup Time": 18.251, "Actual Max Startup Time": 18.251, "Actual Min Total Time": 23.155, "Actual Max Total Time": 23.155, "Index Cond": "(movie_id = t.id)", "Rows Removed by Index Recheck": 0, "Filter": "((note)::text = ANY ('{(writer),\"(head writer)\",\"(written by)\",(story),\"(story editor)\"}'::text[]))", "Rows Removed by Filter": 12296, "Actual Rows": 268}], "Actual Rows": 268}, {"Node Type": "Index Scan", "Parent Relationship": "Inner", "Scan Direction": "Forward", "Index Name": "name_pkey", "Relation Name": "name", "Alias": "n", "Startup Cost": 0.0, "Total Cost": 0.49, "Plan Rows": 1, "Plan Width": 4, "Actual Min Startup Time": 1.645, "Actual Max Startup Time": 1.645, "Actual Min Total Time": 1.645, "Actual Max Total Time": 1.645, "Index Cond": "(id = ci.person_id)", "Rows Removed by Index Recheck": 0, "Filter": "((gender IS NOT NULL) AND ((gender)::text = 'f'::text))", "Rows Removed by Filter": 257, "Actual Rows": 11}], "Actual Rows": 11}], "Actual Rows": 1}, "Triggers": [], "Planner Runtime": 56.857, "Total Runtime": 748.558, "Unique SQL Id": 661781350}}, "(16, '37')": {"explain_plan": {"Plan": {"Node Type": "Aggregate", "Strategy": "Plain", "Startup Cost": 84230.9, "Total Cost": 84230.91, "Plan Rows": 1, "Plan Width": 160, "Plans": [{"Node Type": "Nested Loop", "Parent Relationship": "Outer", "Join Type": "Inner", "Startup Cost": 7419.04, "Total Cost": 84229.26, "Plan Rows": 219, "Plan Width": 64, "Inner Unique": true, "Plans": [{"Node Type": "Nested Loop", "Parent Relationship": "Outer", "Join Type": "Inner", "Startup Cost": 7419.04, "Total Cost": 84068.27, "Plan Rows": 321, "Plan Width": 68, "Inner Unique": false, "Plans": [{"Node Type": "Nested Loop", "Parent Relationship": "Outer", "Join Type": "Inner", "Startup Cost": 7419.04, "Total Cost": 83383.24, "Plan Rows": 291, "Plan Width": 76, "Inner Unique": false, "Join Filter": "(mi.info_type_id = it1.id)", "Plans": [{"Node Type": "Index Scan", "Parent Relationship": "Outer", "Scan Direction": "Forward", "Index Name": "info_type_pkey", "Relation Name": "info_type", "Alias": "it1", "Startup Cost": 0.0, "Total Cost": 14.21, "Plan Rows": 1, "Plan Width": 4, "Filter": "((info)::text = 'genres'::text)"}, {"Node Type": "Nested Loop", "Parent Relationship": "Inner", "Join Type": "Inner", "Startup Cost": 7419.04, "Total Cost": 83197.12, "Plan Rows": 13753, "Plan Width": 80, "Inner Unique": false, "Plans": [{"Node Type": "Nested Loop", "Parent Relationship": "Outer", "Join Type": "Inner", "Startup Cost": 7419.04, "Total Cost": 61824.99, "Plan Rows": 15041, "Plan Width": 30, "Inner Unique": true, "Plans": [{"Node Type": "Nested Loop", "Parent Relationship": "Outer", "Join Type": "Inner", "Startup Cost": 7419.04, "Total Cost": 19211.73, "Plan Rows": 12936, "Plan Width": 9, "Inner Unique": false, "Plans": [{"Node Type": "Index Scan", "Parent Relationship": "Outer", "Scan Direction": "Forward", "Index Name": "info_type_pkey", "Relation Name": "info_type", "Alias": "it2", "Startup Cost": 0.0, "Total Cost": 14.21, "Plan Rows": 1, "Plan Width": 4, "Filter": "((info)::text = 'rating'::text)"}, {"Node Type": "Bitmap Heap Scan", "Parent Relationship": "Inner", "Relation Name": "movie_info_idx", "Alias": "mi_idx", "Startup Cost": 7419.04, "Total Cost": 19068.16, "Plan Rows": 12936, "Plan Width": 13, "Recheck Cond": "(info_type_id = it2.id)", "Filter": "((info)::text > '8.0'::text)", "Plans": [{"Node Type": "Bitmap Index Scan", "Parent Relationship": "Outer", "Index Name": "info_type_id_movie_info_idx", "Startup Cost": 0.0, "Total Cost": 7415.81, "Plan Rows": 345008, "Plan Width": 0, "Index Cond": "(info_type_id = it2.id)"}]}]}, {"Node Type": "Index Scan", "Parent Relationship": "Inner", "Scan Direction": "Forward", "Index Name": "title_pkey", "Relation Name": "title", "Alias": "t", "Startup Cost": 0.0, "Total Cost": 3.28, "Plan Rows": 1, "Plan Width": 21, "Index Cond": "(id = mi_idx.movie_id)", "Filter": "((production_year >= 2008) AND (production_year <= 2014))"}]}, {"Node Type": "Index Scan", "Parent Relationship": "Inner", "Scan Direction": "Forward", "Index Name": "movie_id_movie_info", "Relation Name": "movie_info", "Alias": "mi", "Startup Cost": 0.0, "Total Cost": 1.41, "Plan Rows": 1, "Plan Width": 50, "Index Cond": "(movie_id = t.id)", "Filter": "((note IS NULL) AND ((info)::text = ANY ('{Horror,Thriller}'::text[])))"}]}]}, {"Node Type": "Index Scan", "Parent Relationship": "Inner", "Scan Direction": "Forward", "Index Name": "movie_id_cast_info", "Relation Name": "cast_info", "Alias": "ci", "Startup Cost": 0.0, "Total Cost": 2.34, "Plan Rows": 1, "Plan Width": 8, "Index Cond": "(movie_id = t.id)", "Filter": "((note)::text = ANY ('{(writer),\"(head writer)\",\"(written by)\",(story),\"(story editor)\"}'::text[]))"}]}, {"Node Type": "Index Scan", "Parent Relationship": "Inner", "Scan Direction": "Forward", "Index Name": "name_pkey", "Relation Name": "name", "Alias": "n", "Startup Cost": 0.0, "Total Cost": 0.49, "Plan Rows": 1, "Plan Width": 4, "Index Cond": "(id = ci.person_id)", "Filter": "((gender IS NOT NULL) AND ((gender)::text = 'f'::text))"}]}]}, "Unique SQL Id": 661781350, "Planner Runtime": 15}, "explain_analyze_plan": {"Plan": {"Node Type": "Aggregate", "Strategy": "Plain", "Startup Cost": 84230.9, "Total Cost": 84230.91, "Plan Rows": 1, "Plan Width": 160, "Actual Startup Time": 548.11, "Actual Total Time": 548.11, "Actual Rows": 1, "Actual Loops": 1, "Plans": [{"Node Type": "Nested Loop", "Parent Relationship": "Outer", "Join Type": "Inner", "Startup Cost": 7419.04, "Total Cost": 84229.26, "Plan Rows": 219, "Plan Width": 64, "Actual Startup Time": 313.092, "Actual Total Time": 548.036, "Actual Rows": 11, "Actual Loops": 1, "Inner Unique": true, "Plans": [{"Node Type": "Nested Loop", "Parent Relationship": "Outer", "Join Type": "Inner", "Startup Cost": 7419.04, "Total Cost": 84068.27, "Plan Rows": 321, "Plan Width": 68, "Actual Startup Time": 126.942, "Actual Total Time": 545.831, "Actual Rows": 268, "Actual Loops": 1, "Inner Unique": false, "Plans": [{"Node Type": "Nested Loop", "Parent Relationship": "Outer", "Join Type": "Inner", "Startup Cost": 7419.04, "Total Cost": 83383.24, "Plan Rows": 291, "Plan Width": 76, "Actual Startup Time": 66.913, "Actual Total Time": 520.715, "Actual Rows": 358, "Actual Loops": 1, "Inner Unique": false, "Join Filter": "(mi.info_type_id = it1.id)", "Rows Removed by Join Filter": 0, "Plans": [{"Node Type": "Index Scan", "Parent Relationship": "Outer", "Scan Direction": "Forward", "Index Name": "info_type_pkey", "Relation Name": "info_type", "Alias": "it1", "Startup Cost": 0.0, "Total Cost": 14.21, "Plan Rows": 1, "Plan Width": 4, "Actual Startup Time": 0.029, "Actual Total Time": 0.079, "Actual Rows": 1, "Actual Loops": 1, "Filter": "((info)::text = 'genres'::text)", "Rows Removed by Filter": 111}, {"Node Type": "Nested Loop", "Parent Relationship": "Inner", "Join Type": "Inner", "Startup Cost": 7419.04, "Total Cost": 83197.12, "Plan Rows": 13753, "Plan Width": 80, "Actual Startup Time": 66.872, "Actual Total Time": 520.361, "Actual Rows": 358, "Actual Loops": 1, "Inner Unique": false, "Plans": [{"Node Type": "Nested Loop", "Parent Relationship": "Outer", "Join Type": "Inner", "Startup Cost": 7419.04, "Total Cost": 61824.99, "Plan Rows": 15041, "Plan Width": 30, "Actual Startup Time": 60.361, "Actual Total Time": 383.098, "Actual Rows": 6152, "Actual Loops": 1, "Inner Unique": true, "Plans": [{"Node Type": "Nested Loop", "Parent Relationship": "Outer", "Join Type": "Inner", "Startup Cost": 7419.04, "Total Cost": 19211.73, "Plan Rows": 12936, "Plan Width": 9, "Actual Startup Time": 58.913, "Actual Total Time": 304.889, "Actual Rows": 15849, "Actual Loops": 1, "Inner Unique": false, "Plans": [{"Node Type": "Index Scan", "Parent Relationship": "Outer", "Scan Direction": "Forward", "Index Name": "info_type_pkey", "Relation Name": "info_type", "Alias": "it2", "Startup Cost": 0.0, "Total Cost": 14.21, "Plan Rows": 1, "Plan Width": 4, "Actual Startup Time": 0.048, "Actual Total Time": 0.061, "Actual Rows": 1, "Actual Loops": 1, "Filter": "((info)::text = 'rating'::text)", "Rows Removed by Filter": 111}, {"Node Type": "Bitmap Heap Scan", "Parent Relationship": "Inner", "Relation Name": "movie_info_idx", "Alias": "mi_idx", "Startup Cost": 7419.04, "Total Cost": 19068.16, "Plan Rows": 12936, "Plan Width": 13, "Actual Startup Time": 58.858, "Actual Total Time": 301.234, "Actual Rows": 15849, "Actual Loops": 1, "Recheck Cond": "(info_type_id = it2.id)", "Rows Removed by Index Recheck": 0, "Filter": "((info)::text > '8.0'::text)", "Rows Removed by Filter": 444076, "Exact Heap Blocks": 6472, "Lossy Heap Blocks": 6472, "Plans": [{"Node Type": "Bitmap Index Scan", "Parent Relationship": "Outer", "Index Name": "info_type_id_movie_info_idx", "Startup Cost": 0.0, "Total Cost": 7415.81, "Plan Rows": 345008, "Plan Width": 0, "Actual Startup Time": 57.616, "Actual Total Time": 57.616, "Actual Rows": 459925, "Actual Loops": 1, "Index Cond": "(info_type_id = it2.id)"}]}]}, {"Node Type": "Index Scan", "Parent Relationship": "Inner", "Scan Direction": "Forward", "Index Name": "title_pkey", "Relation Name": "title", "Alias": "t", "Startup Cost": 0.0, "Total Cost": 3.28, "Plan Rows": 1, "Plan Width": 21, "Actual Startup Time": 68.105, "Actual Total Time": 68.105, "Actual Rows": 6152, "Actual Loops": 15849, "Index Cond": "(id = mi_idx.movie_id)", "Rows Removed by Index Recheck": 0, "Filter": "((production_year >= 2008) AND (production_year <= 2014))", "Rows Removed by Filter": 9697}]}, {"Node Type": "Index Scan", "Parent Relationship": "Inner", "Scan Direction": "Forward", "Index Name": "movie_id_movie_info", "Relation Name": "movie_info", "Alias": "mi", "Startup Cost": 0.0, "Total Cost": 1.41, "Plan Rows": 1, "Plan Width": 50, "Actual Startup Time": 133.561, "Actual Total Time": 133.864, "Actual Rows": 358, "Actual Loops": 6152, "Index Cond": "(movie_id = t.id)", "Rows Removed by Index Recheck": 0, "Filter": "((note IS NULL) AND ((info)::text = ANY ('{Horror,Thriller}'::text[])))", "Rows Removed by Filter": 109599}]}]}, {"Node Type": "Index Scan", "Parent Relationship": "Inner", "Scan Direction": "Forward", "Index Name": "movie_id_cast_info", "Relation Name": "cast_info", "Alias": "ci", "Startup Cost": 0.0, "Total Cost": 2.34, "Plan Rows": 1, "Plan Width": 8, "Actual Startup Time": 19.441, "Actual Total Time": 24.677, "Actual Rows": 268, "Actual Loops": 358, "Index Cond": "(movie_id = t.id)", "Rows Removed by Index Recheck": 0, "Filter": "((note)::text = ANY ('{(writer),\"(head writer)\",\"(written by)\",(story),\"(story editor)\"}'::text[]))", "Rows Removed by Filter": 12296}]}, {"Node Type": "Index Scan", "Parent Relationship": "Inner", "Scan Direction": "Forward", "Index Name": "name_pkey", "Relation Name": "name", "Alias": "n", "Startup Cost": 0.0, "Total Cost": 0.49, "Plan Rows": 1, "Plan Width": 4, "Actual Startup Time": 1.95, "Actual Total Time": 1.95, "Actual Rows": 11, "Actual Loops": 268, "Index Cond": "(id = ci.person_id)", "Rows Removed by Index Recheck": 0, "Filter": "((gender IS NOT NULL) AND ((gender)::text = 'f'::text))", "Rows Removed by Filter": 257}]}]}, "Triggers": [], "Planner Runtime": 23.008, "Total Runtime": 548.511, "Unique SQL Id": 661781350}}, "(16, '38')": {"explain_plan": {"Plan": {"Node Type": "Aggregate", "Strategy": "Plain", "Startup Cost": 46183.56, "Total Cost": 46183.57, "Plan Rows": 1, "Plan Width": 160, "Plans": [{"Node Type": "Nested Loop", "Parent Relationship": "Outer", "Join Type": "Inner", "Startup Cost": 5.08, "Total Cost": 46181.92, "Plan Rows": 219, "Plan Width": 64, "Inner Unique": true, "Plans": [{"Node Type": "Nested Loop", "Parent Relationship": "Outer", "Join Type": "Inner", "Startup Cost": 4.77, "Total Cost": 44790.8, "Plan Rows": 321, "Plan Width": 68, "Inner Unique": false, "Plans": [{"Node Type": "Nested Loop", "Parent Relationship": "Outer", "Join Type": "Inner", "Startup Cost": 3.76, "Total Cost": 43297.62, "Plan Rows": 291, "Plan Width": 76, "Inner Unique": true, "Plans": [{"Node Type": "Nested Loop", "Parent Relationship": "Outer", "Join Type": "Inner", "Startup Cost": 2.96, "Total Cost": 42090.18, "Plan Rows": 250, "Plan Width": 55, "Inner Unique": false, "Join Filter": "(mi_idx.info_type_id = it2.id)", "Plans": [{"Node Type": "Seq Scan", "Parent Relationship": "Outer", "Relation Name": "info_type", "Alias": "it2", "Startup Cost": 0.0, "Total Cost": 2.4, "Plan Rows": 1, "Plan Width": 4, "Filter": "((info)::text = 'rating'::text)"}, {"Node Type": "Materialize", "Parent Relationship": "Inner", "Startup Cost": 2.96, "Total Cost": 42077.79, "Plan Rows": 999, "Plan Width": 59, "Plans": [{"Node Type": "Nested Loop", "Parent Relationship": "Outer", "Join Type": "Inner", "Startup Cost": 2.96, "Total Cost": 42075.29, "Plan Rows": 999, "Plan Width": 59, "Inner Unique": false, "Plans": [{"Node Type": "Hash Join", "Parent Relationship": "Outer", "Join Type": "Inner", "Startup Cost": 2.41, "Total Cost": 37619.13, "Plan Rows": 971, "Plan Width": 46, "Inner Unique": true, "Hash Cond": "(mi.info_type_id = it1.id)", "Plans": [{"Node Type": "Streaming(type: LOCAL GATHER dop: 1/16)", "Parent Relationship": "Outer", "Startup Cost": 0.0, "Total Cost": 37352.11, "Plan Rows": 67971, "Plan Width": 50, "Plans": [{"Node Type": "Seq Scan", "Parent Relationship": "Outer", "Relation Name": "movie_info", "Alias": "mi", "Startup Cost": 0.0, "Total Cost": 35885.16, "Plan Rows": 67971, "Plan Width": 50, "Filter": "((note IS NULL) AND ((info)::text = ANY ('{Horror,Thriller}'::text[])))"}]}, {"Node Type": "Hash", "Parent Relationship": "Inner", "Startup Cost": 2.4, "Total Cost": 2.4, "Plan Rows": 1, "Plan Width": 4, "Plans": [{"Node Type": "Seq Scan", "Parent Relationship": "Outer", "Relation Name": "info_type", "Alias": "it1", "Startup Cost": 0.0, "Total Cost": 2.4, "Plan Rows": 1, "Plan Width": 4, "Filter": "((info)::text = 'genres'::text)"}]}]}, {"Node Type": "Bitmap Heap Scan", "Parent Relationship": "Inner", "Relation Name": "movie_info_idx", "Alias": "mi_idx", "Startup Cost": 0.55, "Total Cost": 4.58, "Plan Rows": 1, "Plan Width": 13, "Recheck Cond": "(movie_id = mi.movie_id)", "Filter": "((info)::text > '8.0'::text)", "Plans": [{"Node Type": "Bitmap Index Scan", "Parent Relationship": "Outer", "Index Name": "movie_id_movie_info_idx", "Startup Cost": 0.0, "Total Cost": 0.55, "Plan Rows": 2, "Plan Width": 0, "Index Cond": "(movie_id = mi.movie_id)"}]}]}]}]}, {"Node Type": "Bitmap Heap Scan", "Parent Relationship": "Inner", "Relation Name": "title", "Alias": "t", "Startup Cost": 0.8, "Total Cost": 4.82, "Plan Rows": 1, "Plan Width": 21, "Recheck Cond": "(id = mi.movie_id)", "Filter": "((production_year >= 2008) AND (production_year <= 2014))", "Plans": [{"Node Type": "Bitmap Index Scan", "Parent Relationship": "Outer", "Index Name": "title_pkey", "Startup Cost": 0.0, "Total Cost": 0.8, "Plan Rows": 1, "Plan Width": 0, "Index Cond": "(id = mi.movie_id)"}]}]}, {"Node Type": "Bitmap Heap Scan", "Parent Relationship": "Inner", "Relation Name": "cast_info", "Alias": "ci", "Startup Cost": 1.01, "Total Cost": 5.12, "Plan Rows": 1, "Plan Width": 8, "Recheck Cond": "(movie_id = t.id)", "Filter": "((note)::text = ANY ('{(writer),\"(head writer)\",\"(written by)\",(story),\"(story editor)\"}'::text[]))", "Plans": [{"Node Type": "Bitmap Index Scan", "Parent Relationship": "Outer", "Index Name": "movie_id_cast_info", "Startup Cost": 0.0, "Total Cost": 1.01, "Plan Rows": 6, "Plan Width": 0, "Index Cond": "(movie_id = t.id)"}]}]}, {"Node Type": "Bitmap Heap Scan", "Parent Relationship": "Inner", "Relation Name": "name", "Alias": "n", "Startup Cost": 0.31, "Total Cost": 4.32, "Plan Rows": 1, "Plan Width": 4, "Recheck Cond": "(id = ci.person_id)", "Filter": "((gender IS NOT NULL) AND ((gender)::text = 'f'::text))", "Plans": [{"Node Type": "Bitmap Index Scan", "Parent Relationship": "Outer", "Index Name": "name_pkey", "Startup Cost": 0.0, "Total Cost": 0.31, "Plan Rows": 1, "Plan Width": 0, "Index Cond": "(id = ci.person_id)"}]}]}]}, "Unique SQL Id": 661781350, "Planner Runtime": 77}, "explain_analyze_plan": {"Plan": {"Node Type": "Aggregate", "Strategy": "Plain", "Startup Cost": 46183.56, "Total Cost": 46183.57, "Plan Rows": 1, "Plan Width": 160, "Actual Min Startup Time": 857.62, "Actual Max Startup Time": 857.62, "Actual Min Total Time": 857.621, "Actual Max Total Time": 857.621, "Plans": [{"Node Type": "Nested Loop", "Parent Relationship": "Outer", "Join Type": "Inner", "Startup Cost": 5.08, "Total Cost": 46181.92, "Plan Rows": 219, "Plan Width": 64, "Actual Min Startup Time": 818.919, "Actual Max Startup Time": 818.919, "Actual Min Total Time": 857.56, "Actual Max Total Time": 857.56, "Inner Unique": true, "Plans": [{"Node Type": "Nested Loop", "Parent Relationship": "Outer", "Join Type": "Inner", "Startup Cost": 4.77, "Total Cost": 44790.8, "Plan Rows": 321, "Plan Width": 68, "Actual Min Startup Time": 818.129, "Actual Max Startup Time": 818.129, "Actual Min Total Time": 855.191, "Actual Max Total Time": 855.191, "Inner Unique": false, "Plans": [{"Node Type": "Nested Loop", "Parent Relationship": "Outer", "Join Type": "Inner", "Startup Cost": 3.76, "Total Cost": 43297.62, "Plan Rows": 291, "Plan Width": 76, "Actual Min Startup Time": 817.964, "Actual Max Startup Time": 817.964, "Actual Min Total Time": 825.574, "Actual Max Total Time": 825.574, "Inner Unique": true, "Plans": [{"Node Type": "Nested Loop", "Parent Relationship": "Outer", "Join Type": "Inner", "Startup Cost": 2.96, "Total Cost": 42090.18, "Plan Rows": 250, "Plan Width": 55, "Actual Min Startup Time": 817.937, "Actual Max Startup Time": 817.937, "Actual Min Total Time": 819.795, "Actual Max Total Time": 819.795, "Inner Unique": false, "Join Filter": "(mi_idx.info_type_id = it2.id)", "Rows Removed by Join Filter": 3403, "Plans": [{"Node Type": "Seq Scan", "Parent Relationship": "Outer", "Relation Name": "info_type", "Alias": "it2", "Startup Cost": 0.0, "Total Cost": 2.4, "Plan Rows": 1, "Plan Width": 4, "Actual Min Startup Time": 0.075, "Actual Max Startup Time": 0.075, "Actual Min Total Time": 0.088, "Actual Max Total Time": 0.088, "Filter": "((info)::text = 'rating'::text)", "Rows Removed by Filter": 111, "Actual Rows": 1}, {"Node Type": "Materialize", "Parent Relationship": "Inner", "Startup Cost": 2.96, "Total Cost": 42077.79, "Plan Rows": 999, "Plan Width": 59, "Actual Min Startup Time": 817.842, "Actual Max Startup Time": 817.842, "Actual Min Total Time": 818.352, "Actual Max Total Time": 818.352, "Plans": [{"Node Type": "Nested Loop", "Parent Relationship": "Outer", "Join Type": "Inner", "Startup Cost": 2.96, "Total Cost": 42075.29, "Plan Rows": 999, "Plan Width": 59, "Actual Min Startup Time": 355.787, "Actual Max Startup Time": 355.787, "Actual Min Total Time": 815.939, "Actual Max Total Time": 815.939, "Inner Unique": false, "Plans": [{"Node Type": "Hash Join", "Parent Relationship": "Outer", "Join Type": "Inner", "Startup Cost": 2.41, "Total Cost": 37619.13, "Plan Rows": 971, "Plan Width": 46, "Actual Min Startup Time": 355.461, "Actual Max Startup Time": 355.461, "Actual Min Total Time": 420.895, "Actual Max Total Time": 420.895, "Inner Unique": true, "Hash Cond": "(mi.info_type_id = it1.id)", "Plans": [{"Node Type": "Streaming(type: LOCAL GATHER dop: 1/16)", "Parent Relationship": "Outer", "Startup Cost": 0.0, "Total Cost": 37352.11, "Plan Rows": 67971, "Plan Width": 50, "Actual Min Startup Time": 267.396, "Actual Max Startup Time": 267.396, "Actual Min Total Time": 383.039, "Actual Max Total Time": 383.039, "Plans": [{"Node Type": "Seq Scan", "Parent Relationship": "Outer", "Relation Name": "movie_info", "Alias": "mi", "Startup Cost": 0.0, "Total Cost": 35885.16, "Plan Rows": 67971, "Plan Width": 50, "Actual Min Startup Time": 237.743, "Actual Max Startup Time": 341.828, "Actual Min Total Time": 383.108, "Actual Max Total Time": 396.023, "Filter": "((note IS NULL) AND ((info)::text = ANY ('{Horror,Thriller}'::text[])))", "Rows Removed by Filter": 14762672, "Actual Rows": 73047}], "Actual Rows": 73047}, {"Node Type": "Hash", "Parent Relationship": "Inner", "Startup Cost": 2.4, "Total Cost": 2.4, "Plan Rows": 1, "Plan Width": 4, "Actual Min Startup Time": 0.102, "Actual Max Startup Time": 0.102, "Actual Min Total Time": 0.102, "Actual Max Total Time": 0.102, "Max Hash Buckets": 32768, "Min Hash Buckets": 32768, "Max Hash Batches": 1, "Min Hash Batches": 1, "Max Original Hash Batches": 1, "Min Original Hash Batches": 1, "Max Peak Memory Usage": 1, "min Peak Memory Usage": 1, "Plans": [{"Node Type": "Seq Scan", "Parent Relationship": "Outer", "Relation Name": "info_type", "Alias": "it1", "Startup Cost": 0.0, "Total Cost": 2.4, "Plan Rows": 1, "Plan Width": 4, "Actual Min Startup Time": 0.061, "Actual Max Startup Time": 0.061, "Actual Min Total Time": 0.085, "Actual Max Total Time": 0.085, "Filter": "((info)::text = 'genres'::text)", "Rows Removed by Filter": 111, "Actual Rows": 1}], "Actual Rows": 1}], "Actual Rows": 72258}, {"Node Type": "Bitmap Heap Scan", "Parent Relationship": "Inner", "Relation Name": "movie_info_idx", "Alias": "mi_idx", "Startup Cost": 0.55, "Total Cost": 4.58, "Plan Rows": 1, "Plan Width": 13, "Actual Min Startup Time": 312.374, "Actual Max Startup Time": 312.374, "Actual Min Total Time": 314.166, "Actual Max Total Time": 314.166, "Recheck Cond": "(movie_id = mi.movie_id)", "Rows Removed by Index Recheck": 0, "Filter": "((info)::text > '8.0'::text)", "Rows Removed by Filter": 113143, "Exact Heap Blocks": 39507, "Lossy Heap Blocks": 39507, "Plans": [{"Node Type": "Bitmap Index Scan", "Parent Relationship": "Outer", "Index Name": "movie_id_movie_info_idx", "Startup Cost": 0.0, "Total Cost": 0.55, "Plan Rows": 2, "Plan Width": 0, "Actual Min Startup Time": 180.874, "Actual Max Startup Time": 180.874, "Actual Min Total Time": 180.874, "Actual Max Total Time": 180.874, "Index Cond": "(movie_id = mi.movie_id)", "Actual Rows": 117278}], "Actual Rows": 4135}], "Actual Rows": 4135}], "Actual Rows": 4136}], "Actual Rows": 732}, {"Node Type": "Bitmap Heap Scan", "Parent Relationship": "Inner", "Relation Name": "title", "Alias": "t", "Startup Cost": 0.8, "Total Cost": 4.82, "Plan Rows": 1, "Plan Width": 21, "Actual Min Startup Time": 4.787, "Actual Max Startup Time": 4.787, "Actual Min Total Time": 4.787, "Actual Max Total Time": 4.787, "Recheck Cond": "(id = mi.movie_id)", "Rows Removed by Index Recheck": 0, "Filter": "((production_year >= 2008) AND (production_year <= 2014))", "Rows Removed by Filter": 374, "Exact Heap Blocks": 732, "Lossy Heap Blocks": 732, "Plans": [{"Node Type": "Bitmap Index Scan", "Parent Relationship": "Outer", "Index Name": "title_pkey", "Startup Cost": 0.0, "Total Cost": 0.8, "Plan Rows": 1, "Plan Width": 0, "Actual Min Startup Time": 2.892, "Actual Max Startup Time": 2.892, "Actual Min Total Time": 2.892, "Actual Max Total Time": 2.892, "Index Cond": "(id = mi.movie_id)", "Actual Rows": 732}], "Actual Rows": 358}], "Actual Rows": 358}, {"Node Type": "Bitmap Heap Scan", "Parent Relationship": "Inner", "Relation Name": "cast_info", "Alias": "ci", "Startup Cost": 1.01, "Total Cost": 5.12, "Plan Rows": 1, "Plan Width": 8, "Actual Min Startup Time": 23.526, "Actual Max Startup Time": 23.526, "Actual Min Total Time": 28.937, "Actual Max Total Time": 28.937, "Recheck Cond": "(movie_id = t.id)", "Rows Removed by Index Recheck": 0, "Filter": "((note)::text = ANY ('{(writer),\"(head writer)\",\"(written by)\",(story),\"(story editor)\"}'::text[]))", "Rows Removed by Filter": 12296, "Exact Heap Blocks": 11454, "Lossy Heap Blocks": 11454, "Plans": [{"Node Type": "Bitmap Index Scan", "Parent Relationship": "Outer", "Index Name": "movie_id_cast_info", "Startup Cost": 0.0, "Total Cost": 1.01, "Plan Rows": 6, "Plan Width": 0, "Actual Min Startup Time": 4.282, "Actual Max Startup Time": 4.282, "Actual Min Total Time": 4.282, "Actual Max Total Time": 4.282, "Index Cond": "(movie_id = t.id)", "Actual Rows": 12564}], "Actual Rows": 268}], "Actual Rows": 268}, {"Node Type": "Bitmap Heap Scan", "Parent Relationship": "Inner", "Relation Name": "name", "Alias": "n", "Startup Cost": 0.31, "Total Cost": 4.32, "Plan Rows": 1, "Plan Width": 4, "Actual Min Startup Time": 1.967, "Actual Max Startup Time": 1.967, "Actual Min Total Time": 1.967, "Actual Max Total Time": 1.967, "Recheck Cond": "(id = ci.person_id)", "Rows Removed by Index Recheck": 0, "Filter": "((gender IS NOT NULL) AND ((gender)::text = 'f'::text))", "Rows Removed by Filter": 257, "Exact Heap Blocks": 268, "Lossy Heap Blocks": 268, "Plans": [{"Node Type": "Bitmap Index Scan", "Parent Relationship": "Outer", "Index Name": "name_pkey", "Startup Cost": 0.0, "Total Cost": 0.31, "Plan Rows": 1, "Plan Width": 0, "Actual Min Startup Time": 1.219, "Actual Max Startup Time": 1.219, "Actual Min Total Time": 1.219, "Actual Max Total Time": 1.219, "Index Cond": "(id = ci.person_id)", "Actual Rows": 268}], "Actual Rows": 11}], "Actual Rows": 11}], "Actual Rows": 1}, "Triggers": [], "Planner Runtime": 86.931, "Total Runtime": 860.448, "Unique SQL Id": 661781350}}, "(16, '39')": {"explain_plan": {"Plan": {"Node Type": "Aggregate", "Strategy": "Plain", "Startup Cost": 157109.69, "Total Cost": 157109.7, "Plan Rows": 1, "Plan Width": 160, "Plans": [{"Node Type": "Nested Loop", "Parent Relationship": "Outer", "Join Type": "Inner", "Startup Cost": 7439.53, "Total Cost": 157108.05, "Plan Rows": 219, "Plan Width": 64, "Inner Unique": true, "Plans": [{"Node Type": "Nested Loop", "Parent Relationship": "Outer", "Join Type": "Inner", "Startup Cost": 7439.22, "Total Cost": 155716.93, "Plan Rows": 321, "Plan Width": 68, "Inner Unique": false, "Plans": [{"Node Type": "Nested Loop", "Parent Relationship": "Outer", "Join Type": "Inner", "Startup Cost": 7438.22, "Total Cost": 154223.75, "Plan Rows": 291, "Plan Width": 76, "Inner Unique": false, "Join Filter": "(mi.info_type_id = it1.id)", "Plans": [{"Node Type": "Bitmap Heap Scan", "Parent Relationship": "Outer", "Relation Name": "info_type", "Alias": "it1", "Startup Cost": 8.81, "Total Cost": 14.21, "Plan Rows": 1, "Plan Width": 4, "Filter": "((info)::text = 'genres'::text)", "Plans": [{"Node Type": "Bitmap Index Scan", "Parent Relationship": "Outer", "Index Name": "info_type_pkey", "Startup Cost": 0.0, "Total Cost": 8.81, "Plan Rows": 112, "Plan Width": 0}]}, {"Node Type": "Nested Loop", "Parent Relationship": "Inner", "Join Type": "Inner", "Startup Cost": 7429.41, "Total Cost": 154037.63, "Plan Rows": 13753, "Plan Width": 80, "Inner Unique": false, "Plans": [{"Node Type": "Nested Loop", "Parent Relationship": "Outer", "Join Type": "Inner", "Startup Cost": 7428.83, "Total Cost": 83898.37, "Plan Rows": 15041, "Plan Width": 30, "Inner Unique": true, "Plans": [{"Node Type": "Nested Loop", "Parent Relationship": "Outer", "Join Type": "Inner", "Startup Cost": 7427.85, "Total Cost": 19211.73, "Plan Rows": 12936, "Plan Width": 9, "Inner Unique": false, "Plans": [{"Node Type": "Bitmap Heap Scan", "Parent Relationship": "Outer", "Relation Name": "info_type", "Alias": "it2", "Startup Cost": 8.81, "Total Cost": 14.21, "Plan Rows": 1, "Plan Width": 4, "Filter": "((info)::text = 'rating'::text)", "Plans": [{"Node Type": "Bitmap Index Scan", "Parent Relationship": "Outer", "Index Name": "info_type_pkey", "Startup Cost": 0.0, "Total Cost": 8.81, "Plan Rows": 112, "Plan Width": 0}]}, {"Node Type": "Bitmap Heap Scan", "Parent Relationship": "Inner", "Relation Name": "movie_info_idx", "Alias": "mi_idx", "Startup Cost": 7419.04, "Total Cost": 19068.16, "Plan Rows": 12936, "Plan Width": 13, "Recheck Cond": "(info_type_id = it2.id)", "Filter": "((info)::text > '8.0'::text)", "Plans": [{"Node Type": "Bitmap Index Scan", "Parent Relationship": "Outer", "Index Name": "info_type_id_movie_info_idx", "Startup Cost": 0.0, "Total Cost": 7415.81, "Plan Rows": 345008, "Plan Width": 0, "Index Cond": "(info_type_id = it2.id)"}]}]}, {"Node Type": "Bitmap Heap Scan", "Parent Relationship": "Inner", "Relation Name": "title", "Alias": "t", "Startup Cost": 0.97, "Total Cost": 4.99, "Plan Rows": 1, "Plan Width": 21, "Recheck Cond": "(id = mi_idx.movie_id)", "Filter": "((production_year >= 2008) AND (production_year <= 2014))", "Plans": [{"Node Type": "Bitmap Index Scan", "Parent Relationship": "Outer", "Index Name": "title_pkey", "Startup Cost": 0.0, "Total Cost": 0.97, "Plan Rows": 1, "Plan Width": 0, "Index Cond": "(id = mi_idx.movie_id)"}]}]}, {"Node Type": "Bitmap Heap Scan", "Parent Relationship": "Inner", "Relation Name": "movie_info", "Alias": "mi", "Startup Cost": 0.58, "Total Cost": 4.65, "Plan Rows": 1, "Plan Width": 50, "Recheck Cond": "(movie_id = t.id)", "Filter": "((note IS NULL) AND ((info)::text = ANY ('{Horror,Thriller}'::text[])))", "Plans": [{"Node Type": "Bitmap Index Scan", "Parent Relationship": "Outer", "Index Name": "movie_id_movie_info", "Startup Cost": 0.0, "Total Cost": 0.58, "Plan Rows": 5, "Plan Width": 0, "Index Cond": "(movie_id = t.id)"}]}]}]}, {"Node Type": "Bitmap Heap Scan", "Parent Relationship": "Inner", "Relation Name": "cast_info", "Alias": "ci", "Startup Cost": 1.01, "Total Cost": 5.12, "Plan Rows": 1, "Plan Width": 8, "Recheck Cond": "(movie_id = t.id)", "Filter": "((note)::text = ANY ('{(writer),\"(head writer)\",\"(written by)\",(story),\"(story editor)\"}'::text[]))", "Plans": [{"Node Type": "Bitmap Index Scan", "Parent Relationship": "Outer", "Index Name": "movie_id_cast_info", "Startup Cost": 0.0, "Total Cost": 1.01, "Plan Rows": 6, "Plan Width": 0, "Index Cond": "(movie_id = t.id)"}]}]}, {"Node Type": "Bitmap Heap Scan", "Parent Relationship": "Inner", "Relation Name": "name", "Alias": "n", "Startup Cost": 0.31, "Total Cost": 4.32, "Plan Rows": 1, "Plan Width": 4, "Recheck Cond": "(id = ci.person_id)", "Filter": "((gender IS NOT NULL) AND ((gender)::text = 'f'::text))", "Plans": [{"Node Type": "Bitmap Index Scan", "Parent Relationship": "Outer", "Index Name": "name_pkey", "Startup Cost": 0.0, "Total Cost": 0.31, "Plan Rows": 1, "Plan Width": 0, "Index Cond": "(id = ci.person_id)"}]}]}]}, "Unique SQL Id": 661781350, "Planner Runtime": 11}, "explain_analyze_plan": {"Plan": {"Node Type": "Aggregate", "Strategy": "Plain", "Startup Cost": 157109.69, "Total Cost": 157109.7, "Plan Rows": 1, "Plan Width": 160, "Actual Startup Time": 648.813, "Actual Total Time": 648.813, "Actual Rows": 1, "Actual Loops": 1, "Plans": [{"Node Type": "Nested Loop", "Parent Relationship": "Outer", "Join Type": "Inner", "Startup Cost": 7439.53, "Total Cost": 157108.05, "Plan Rows": 219, "Plan Width": 64, "Actual Startup Time": 394.473, "Actual Total Time": 648.75, "Actual Rows": 11, "Actual Loops": 1, "Inner Unique": true, "Plans": [{"Node Type": "Nested Loop", "Parent Relationship": "Outer", "Join Type": "Inner", "Startup Cost": 7439.22, "Total Cost": 155716.93, "Plan Rows": 321, "Plan Width": 68, "Actual Startup Time": 144.736, "Actual Total Time": 645.961, "Actual Rows": 268, "Actual Loops": 1, "Inner Unique": false, "Plans": [{"Node Type": "Nested Loop", "Parent Relationship": "Outer", "Join Type": "Inner", "Startup Cost": 7438.22, "Total Cost": 154223.75, "Plan Rows": 291, "Plan Width": 76, "Actual Startup Time": 67.802, "Actual Total Time": 613.896, "Actual Rows": 358, "Actual Loops": 1, "Inner Unique": false, "Join Filter": "(mi.info_type_id = it1.id)", "Rows Removed by Join Filter": 0, "Plans": [{"Node Type": "Bitmap Heap Scan", "Parent Relationship": "Outer", "Relation Name": "info_type", "Alias": "it1", "Startup Cost": 8.81, "Total Cost": 14.21, "Plan Rows": 1, "Plan Width": 4, "Actual Startup Time": 0.054, "Actual Total Time": 0.086, "Actual Rows": 1, "Actual Loops": 1, "Filter": "((info)::text = 'genres'::text)", "Rows Removed by Filter": 111, "Exact Heap Blocks": 1, "Lossy Heap Blocks": 1, "Plans": [{"Node Type": "Bitmap Index Scan", "Parent Relationship": "Outer", "Index Name": "info_type_pkey", "Startup Cost": 0.0, "Total Cost": 8.81, "Plan Rows": 112, "Plan Width": 0, "Actual Startup Time": 0.015, "Actual Total Time": 0.015, "Actual Rows": 112, "Actual Loops": 1}]}, {"Node Type": "Nested Loop", "Parent Relationship": "Inner", "Join Type": "Inner", "Startup Cost": 7429.41, "Total Cost": 154037.63, "Plan Rows": 13753, "Plan Width": 80, "Actual Startup Time": 67.737, "Actual Total Time": 613.496, "Actual Rows": 358, "Actual Loops": 1, "Inner Unique": false, "Plans": [{"Node Type": "Nested Loop", "Parent Relationship": "Outer", "Join Type": "Inner", "Startup Cost": 7428.83, "Total Cost": 83898.37, "Plan Rows": 15041, "Plan Width": 30, "Actual Startup Time": 60.256, "Actual Total Time": 430.293, "Actual Rows": 6152, "Actual Loops": 1, "Inner Unique": true, "Plans": [{"Node Type": "Nested Loop", "Parent Relationship": "Outer", "Join Type": "Inner", "Startup Cost": 7427.85, "Total Cost": 19211.73, "Plan Rows": 12936, "Plan Width": 9, "Actual Startup Time": 58.555, "Actual Total Time": 316.66, "Actual Rows": 15849, "Actual Loops": 1, "Inner Unique": false, "Plans": [{"Node Type": "Bitmap Heap Scan", "Parent Relationship": "Outer", "Relation Name": "info_type", "Alias": "it2", "Startup Cost": 8.81, "Total Cost": 14.21, "Plan Rows": 1, "Plan Width": 4, "Actual Startup Time": 0.053, "Actual Total Time": 0.058, "Actual Rows": 1, "Actual Loops": 1, "Filter": "((info)::text = 'rating'::text)", "Rows Removed by Filter": 111, "Exact Heap Blocks": 1, "Lossy Heap Blocks": 1, "Plans": [{"Node Type": "Bitmap Index Scan", "Parent Relationship": "Outer", "Index Name": "info_type_pkey", "Startup Cost": 0.0, "Total Cost": 8.81, "Plan Rows": 112, "Plan Width": 0, "Actual Startup Time": 0.008, "Actual Total Time": 0.008, "Actual Rows": 112, "Actual Loops": 1}]}, {"Node Type": "Bitmap Heap Scan", "Parent Relationship": "Inner", "Relation Name": "movie_info_idx", "Alias": "mi_idx", "Startup Cost": 7419.04, "Total Cost": 19068.16, "Plan Rows": 12936, "Plan Width": 13, "Actual Startup Time": 58.498, "Actual Total Time": 312.884, "Actual Rows": 15849, "Actual Loops": 1, "Recheck Cond": "(info_type_id = it2.id)", "Rows Removed by Index Recheck": 0, "Filter": "((info)::text > '8.0'::text)", "Rows Removed by Filter": 444076, "Exact Heap Blocks": 6472, "Lossy Heap Blocks": 6472, "Plans": [{"Node Type": "Bitmap Index Scan", "Parent Relationship": "Outer", "Index Name": "info_type_id_movie_info_idx", "Startup Cost": 0.0, "Total Cost": 7415.81, "Plan Rows": 345008, "Plan Width": 0, "Actual Startup Time": 57.263, "Actual Total Time": 57.263, "Actual Rows": 459925, "Actual Loops": 1, "Index Cond": "(info_type_id = it2.id)"}]}]}, {"Node Type": "Bitmap Heap Scan", "Parent Relationship": "Inner", "Relation Name": "title", "Alias": "t", "Startup Cost": 0.97, "Total Cost": 4.99, "Plan Rows": 1, "Plan Width": 21, "Actual Startup Time": 92.969, "Actual Total Time": 92.969, "Actual Rows": 6152, "Actual Loops": 15849, "Recheck Cond": "(id = mi_idx.movie_id)", "Rows Removed by Index Recheck": 0, "Filter": "((production_year >= 2008) AND (production_year <= 2014))", "Rows Removed by Filter": 9697, "Exact Heap Blocks": 15849, "Lossy Heap Blocks": 15849, "Plans": [{"Node Type": "Bitmap Index Scan", "Parent Relationship": "Outer", "Index Name": "title_pkey", "Startup Cost": 0.0, "Total Cost": 0.97, "Plan Rows": 1, "Plan Width": 0, "Actual Startup Time": 45.73, "Actual Total Time": 45.73, "Actual Rows": 15849, "Actual Loops": 15849, "Index Cond": "(id = mi_idx.movie_id)"}]}]}, {"Node Type": "Bitmap Heap Scan", "Parent Relationship": "Inner", "Relation Name": "movie_info", "Alias": "mi", "Startup Cost": 0.58, "Total Cost": 4.65, "Plan Rows": 1, "Plan Width": 50, "Actual Startup Time": 174.663, "Actual Total Time": 174.828, "Actual Rows": 358, "Actual Loops": 6152, "Recheck Cond": "(movie_id = t.id)", "Rows Removed by Index Recheck": 0, "Filter": "((note IS NULL) AND ((info)::text = ANY ('{Horror,Thriller}'::text[])))", "Rows Removed by Filter": 109599, "Exact Heap Blocks": 52726, "Lossy Heap Blocks": 52726, "Plans": [{"Node Type": "Bitmap Index Scan", "Parent Relationship": "Outer", "Index Name": "movie_id_movie_info", "Startup Cost": 0.0, "Total Cost": 0.58, "Plan Rows": 5, "Plan Width": 0, "Actual Startup Time": 40.719, "Actual Total Time": 40.719, "Actual Rows": 109957, "Actual Loops": 6152, "Index Cond": "(movie_id = t.id)"}]}]}]}, {"Node Type": "Bitmap Heap Scan", "Parent Relationship": "Inner", "Relation Name": "cast_info", "Alias": "ci", "Startup Cost": 1.01, "Total Cost": 5.12, "Plan Rows": 1, "Plan Width": 8, "Actual Startup Time": 25.29, "Actual Total Time": 31.079, "Actual Rows": 268, "Actual Loops": 358, "Recheck Cond": "(movie_id = t.id)", "Rows Removed by Index Recheck": 0, "Filter": "((note)::text = ANY ('{(writer),\"(head writer)\",\"(written by)\",(story),\"(story editor)\"}'::text[]))", "Rows Removed by Filter": 12296, "Exact Heap Blocks": 11454, "Lossy Heap Blocks": 11454, "Plans": [{"Node Type": "Bitmap Index Scan", "Parent Relationship": "Outer", "Index Name": "movie_id_cast_info", "Startup Cost": 0.0, "Total Cost": 1.01, "Plan Rows": 6, "Plan Width": 0, "Actual Startup Time": 4.711, "Actual Total Time": 4.711, "Actual Rows": 12564, "Actual Loops": 358, "Index Cond": "(movie_id = t.id)"}]}]}, {"Node Type": "Bitmap Heap Scan", "Parent Relationship": "Inner", "Relation Name": "name", "Alias": "n", "Startup Cost": 0.31, "Total Cost": 4.32, "Plan Rows": 1, "Plan Width": 4, "Actual Startup Time": 2.292, "Actual Total Time": 2.292, "Actual Rows": 11, "Actual Loops": 268, "Recheck Cond": "(id = ci.person_id)", "Rows Removed by Index Recheck": 0, "Filter": "((gender IS NOT NULL) AND ((gender)::text = 'f'::text))", "Rows Removed by Filter": 257, "Exact Heap Blocks": 268, "Lossy Heap Blocks": 268, "Plans": [{"Node Type": "Bitmap Index Scan", "Parent Relationship": "Outer", "Index Name": "name_pkey", "Startup Cost": 0.0, "Total Cost": 0.31, "Plan Rows": 1, "Plan Width": 0, "Actual Startup Time": 1.403, "Actual Total Time": 1.403, "Actual Rows": 268, "Actual Loops": 268, "Index Cond": "(id = ci.person_id)"}]}]}]}, "Triggers": [], "Planner Runtime": 23.03, "Total Runtime": 649.145, "Unique SQL Id": 661781350}}, "(16, '40')": {"explain_plan": {"Plan": {"Node Type": "Aggregate", "Strategy": "Plain", "Startup Cost": 40136.75, "Total Cost": 40136.76, "Plan Rows": 1, "Plan Width": 160, "Plans": [{"Node Type": "Nested Loop", "Parent Relationship": "Outer", "Join Type": "Inner", "Startup Cost": 2.41, "Total Cost": 40135.1, "Plan Rows": 219, "Plan Width": 64, "Inner Unique": true, "Plans": [{"Node Type": "Nested Loop", "Parent Relationship": "Outer", "Join Type": "Inner", "Startup Cost": 2.41, "Total Cost": 39974.11, "Plan Rows": 321, "Plan Width": 68, "Inner Unique": false, "Plans": [{"Node Type": "Nested Loop", "Parent Relationship": "Outer", "Join Type": "Inner", "Startup Cost": 2.41, "Total Cost": 39289.09, "Plan Rows": 291, "Plan Width": 76, "Inner Unique": true, "Plans": [{"Node Type": "Nested Loop", "Parent Relationship": "Outer", "Join Type": "Inner", "Startup Cost": 2.41, "Total Cost": 38575.87, "Plan Rows": 250, "Plan Width": 55, "Inner Unique": false, "Join Filter": "(mi_idx.info_type_id = it2.id)", "Plans": [{"Node Type": "Seq Scan", "Parent Relationship": "Outer", "Relation Name": "info_type", "Alias": "it2", "Startup Cost": 0.0, "Total Cost": 2.4, "Plan Rows": 1, "Plan Width": 4, "Filter": "((info)::text = 'rating'::text)"}, {"Node Type": "Materialize", "Parent Relationship": "Inner", "Startup Cost": 2.41, "Total Cost": 38563.48, "Plan Rows": 999, "Plan Width": 59, "Plans": [{"Node Type": "Nested Loop", "Parent Relationship": "Outer", "Join Type": "Inner", "Startup Cost": 2.41, "Total Cost": 38560.99, "Plan Rows": 999, "Plan Width": 59, "Inner Unique": false, "Plans": [{"Node Type": "Hash Join", "Parent Relationship": "Outer", "Join Type": "Inner", "Startup Cost": 2.41, "Total Cost": 37619.13, "Plan Rows": 971, "Plan Width": 46, "Inner Unique": true, "Hash Cond": "(mi.info_type_id = it1.id)", "Plans": [{"Node Type": "Streaming(type: LOCAL GATHER dop: 1/16)", "Parent Relationship": "Outer", "Startup Cost": 0.0, "Total Cost": 37352.11, "Plan Rows": 67971, "Plan Width": 50, "Plans": [{"Node Type": "Seq Scan", "Parent Relationship": "Outer", "Relation Name": "movie_info", "Alias": "mi", "Startup Cost": 0.0, "Total Cost": 35885.16, "Plan Rows": 67971, "Plan Width": 50, "Filter": "((note IS NULL) AND ((info)::text = ANY ('{Horror,Thriller}'::text[])))"}]}, {"Node Type": "Hash", "Parent Relationship": "Inner", "Startup Cost": 2.4, "Total Cost": 2.4, "Plan Rows": 1, "Plan Width": 4, "Plans": [{"Node Type": "Seq Scan", "Parent Relationship": "Outer", "Relation Name": "info_type", "Alias": "it1", "Startup Cost": 0.0, "Total Cost": 2.4, "Plan Rows": 1, "Plan Width": 4, "Filter": "((info)::text = 'genres'::text)"}]}]}, {"Node Type": "Index Scan", "Parent Relationship": "Inner", "Scan Direction": "Forward", "Index Name": "movie_id_movie_info_idx", "Relation Name": "movie_info_idx", "Alias": "mi_idx", "Startup Cost": 0.0, "Total Cost": 0.96, "Plan Rows": 1, "Plan Width": 13, "Index Cond": "(movie_id = mi.movie_id)", "Filter": "((info)::text > '8.0'::text)"}]}]}]}, {"Node Type": "Index Scan", "Parent Relationship": "Inner", "Scan Direction": "Forward", "Index Name": "title_pkey", "Relation Name": "title", "Alias": "t", "Startup Cost": 0.0, "Total Cost": 2.84, "Plan Rows": 1, "Plan Width": 21, "Index Cond": "(id = mi.movie_id)", "Filter": "((production_year >= 2008) AND (production_year <= 2014))"}]}, {"Node Type": "Index Scan", "Parent Relationship": "Inner", "Scan Direction": "Forward", "Index Name": "movie_id_cast_info", "Relation Name": "cast_info", "Alias": "ci", "Startup Cost": 0.0, "Total Cost": 2.34, "Plan Rows": 1, "Plan Width": 8, "Index Cond": "(movie_id = t.id)", "Filter": "((note)::text = ANY ('{(writer),\"(head writer)\",\"(written by)\",(story),\"(story editor)\"}'::text[]))"}]}, {"Node Type": "Index Scan", "Parent Relationship": "Inner", "Scan Direction": "Forward", "Index Name": "name_pkey", "Relation Name": "name", "Alias": "n", "Startup Cost": 0.0, "Total Cost": 0.49, "Plan Rows": 1, "Plan Width": 4, "Index Cond": "(id = ci.person_id)", "Filter": "((gender IS NOT NULL) AND ((gender)::text = 'f'::text))"}]}]}, "Unique SQL Id": 661781350, "Planner Runtime": 49}, "explain_analyze_plan": {"Plan": {"Node Type": "Aggregate", "Strategy": "Plain", "Startup Cost": 40136.75, "Total Cost": 40136.76, "Plan Rows": 1, "Plan Width": 160, "Actual Min Startup Time": 745.831, "Actual Max Startup Time": 745.831, "Actual Min Total Time": 745.832, "Actual Max Total Time": 745.832, "Plans": [{"Node Type": "Nested Loop", "Parent Relationship": "Outer", "Join Type": "Inner", "Startup Cost": 2.41, "Total Cost": 40135.1, "Plan Rows": 219, "Plan Width": 64, "Actual Min Startup Time": 715.131, "Actual Max Startup Time": 715.131, "Actual Min Total Time": 745.777, "Actual Max Total Time": 745.777, "Inner Unique": true, "Plans": [{"Node Type": "Nested Loop", "Parent Relationship": "Outer", "Join Type": "Inner", "Startup Cost": 2.41, "Total Cost": 39974.11, "Plan Rows": 321, "Plan Width": 68, "Actual Min Startup Time": 714.667, "Actual Max Startup Time": 714.667, "Actual Min Total Time": 743.955, "Actual Max Total Time": 743.955, "Inner Unique": false, "Plans": [{"Node Type": "Nested Loop", "Parent Relationship": "Outer", "Join Type": "Inner", "Startup Cost": 2.41, "Total Cost": 39289.09, "Plan Rows": 291, "Plan Width": 76, "Actual Min Startup Time": 714.49, "Actual Max Startup Time": 714.49, "Actual Min Total Time": 720.514, "Actual Max Total Time": 720.514, "Inner Unique": true, "Plans": [{"Node Type": "Nested Loop", "Parent Relationship": "Outer", "Join Type": "Inner", "Startup Cost": 2.41, "Total Cost": 38575.87, "Plan Rows": 250, "Plan Width": 55, "Actual Min Startup Time": 714.464, "Actual Max Startup Time": 714.464, "Actual Min Total Time": 716.205, "Actual Max Total Time": 716.205, "Inner Unique": false, "Join Filter": "(mi_idx.info_type_id = it2.id)", "Rows Removed by Join Filter": 3403, "Plans": [{"Node Type": "Seq Scan", "Parent Relationship": "Outer", "Relation Name": "info_type", "Alias": "it2", "Startup Cost": 0.0, "Total Cost": 2.4, "Plan Rows": 1, "Plan Width": 4, "Actual Min Startup Time": 0.065, "Actual Max Startup Time": 0.065, "Actual Min Total Time": 0.077, "Actual Max Total Time": 0.077, "Filter": "((info)::text = 'rating'::text)", "Rows Removed by Filter": 111, "Actual Rows": 1}, {"Node Type": "Materialize", "Parent Relationship": "Inner", "Startup Cost": 2.41, "Total Cost": 38563.48, "Plan Rows": 999, "Plan Width": 59, "Actual Min Startup Time": 714.377, "Actual Max Startup Time": 714.377, "Actual Min Total Time": 714.876, "Actual Max Total Time": 714.876, "Plans": [{"Node Type": "Nested Loop", "Parent Relationship": "Outer", "Join Type": "Inner", "Startup Cost": 2.41, "Total Cost": 38560.99, "Plan Rows": 999, "Plan Width": 59, "Actual Min Startup Time": 354.887, "Actual Max Startup Time": 354.887, "Actual Min Total Time": 712.602, "Actual Max Total Time": 712.602, "Inner Unique": false, "Plans": [{"Node Type": "Hash Join", "Parent Relationship": "Outer", "Join Type": "Inner", "Startup Cost": 2.41, "Total Cost": 37619.13, "Plan Rows": 971, "Plan Width": 46, "Actual Min Startup Time": 354.787, "Actual Max Startup Time": 354.787, "Actual Min Total Time": 419.6, "Actual Max Total Time": 419.6, "Inner Unique": true, "Hash Cond": "(mi.info_type_id = it1.id)", "Plans": [{"Node Type": "Streaming(type: LOCAL GATHER dop: 1/16)", "Parent Relationship": "Outer", "Startup Cost": 0.0, "Total Cost": 37352.11, "Plan Rows": 67971, "Plan Width": 50, "Actual Min Startup Time": 266.275, "Actual Max Startup Time": 266.275, "Actual Min Total Time": 383.347, "Actual Max Total Time": 383.347, "Plans": [{"Node Type": "Seq Scan", "Parent Relationship": "Outer", "Relation Name": "movie_info", "Alias": "mi", "Startup Cost": 0.0, "Total Cost": 35885.16, "Plan Rows": 67971, "Plan Width": 50, "Actual Min Startup Time": 236.217, "Actual Max Startup Time": 341.573, "Actual Min Total Time": 384.125, "Actual Max Total Time": 397.048, "Filter": "((note IS NULL) AND ((info)::text = ANY ('{Horror,Thriller}'::text[])))", "Rows Removed by Filter": 14762672, "Actual Rows": 73047}], "Actual Rows": 73047}, {"Node Type": "Hash", "Parent Relationship": "Inner", "Startup Cost": 2.4, "Total Cost": 2.4, "Plan Rows": 1, "Plan Width": 4, "Actual Min Startup Time": 0.089, "Actual Max Startup Time": 0.089, "Actual Min Total Time": 0.089, "Actual Max Total Time": 0.089, "Max Hash Buckets": 32768, "Min Hash Buckets": 32768, "Max Hash Batches": 1, "Min Hash Batches": 1, "Max Original Hash Batches": 1, "Min Original Hash Batches": 1, "Max Peak Memory Usage": 1, "min Peak Memory Usage": 1, "Plans": [{"Node Type": "Seq Scan", "Parent Relationship": "Outer", "Relation Name": "info_type", "Alias": "it1", "Startup Cost": 0.0, "Total Cost": 2.4, "Plan Rows": 1, "Plan Width": 4, "Actual Min Startup Time": 0.054, "Actual Max Startup Time": 0.054, "Actual Min Total Time": 0.078, "Actual Max Total Time": 0.078, "Filter": "((info)::text = 'genres'::text)", "Rows Removed by Filter": 111, "Actual Rows": 1}], "Actual Rows": 1}], "Actual Rows": 72258}, {"Node Type": "Index Scan", "Parent Relationship": "Inner", "Scan Direction": "Forward", "Index Name": "movie_id_movie_info_idx", "Relation Name": "movie_info_idx", "Alias": "mi_idx", "Startup Cost": 0.0, "Total Cost": 0.96, "Plan Rows": 1, "Plan Width": 13, "Actual Min Startup Time": 255.106, "Actual Max Startup Time": 255.106, "Actual Min Total Time": 258.664, "Actual Max Total Time": 258.664, "Index Cond": "(movie_id = mi.movie_id)", "Rows Removed by Index Recheck": 0, "Filter": "((info)::text > '8.0'::text)", "Rows Removed by Filter": 113143, "Actual Rows": 4135}], "Actual Rows": 4135}], "Actual Rows": 4136}], "Actual Rows": 732}, {"Node Type": "Index Scan", "Parent Relationship": "Inner", "Scan Direction": "Forward", "Index Name": "title_pkey", "Relation Name": "title", "Alias": "t", "Startup Cost": 0.0, "Total Cost": 2.84, "Plan Rows": 1, "Plan Width": 21, "Actual Min Startup Time": 3.859, "Actual Max Startup Time": 3.859, "Actual Min Total Time": 3.859, "Actual Max Total Time": 3.859, "Index Cond": "(id = mi.movie_id)", "Rows Removed by Index Recheck": 0, "Filter": "((production_year >= 2008) AND (production_year <= 2014))", "Rows Removed by Filter": 374, "Actual Rows": 358}], "Actual Rows": 358}, {"Node Type": "Index Scan", "Parent Relationship": "Inner", "Scan Direction": "Forward", "Index Name": "movie_id_cast_info", "Relation Name": "cast_info", "Alias": "ci", "Startup Cost": 0.0, "Total Cost": 2.34, "Plan Rows": 1, "Plan Width": 8, "Actual Min Startup Time": 18.251, "Actual Max Startup Time": 18.251, "Actual Min Total Time": 23.155, "Actual Max Total Time": 23.155, "Index Cond": "(movie_id = t.id)", "Rows Removed by Index Recheck": 0, "Filter": "((note)::text = ANY ('{(writer),\"(head writer)\",\"(written by)\",(story),\"(story editor)\"}'::text[]))", "Rows Removed by Filter": 12296, "Actual Rows": 268}], "Actual Rows": 268}, {"Node Type": "Index Scan", "Parent Relationship": "Inner", "Scan Direction": "Forward", "Index Name": "name_pkey", "Relation Name": "name", "Alias": "n", "Startup Cost": 0.0, "Total Cost": 0.49, "Plan Rows": 1, "Plan Width": 4, "Actual Min Startup Time": 1.645, "Actual Max Startup Time": 1.645, "Actual Min Total Time": 1.645, "Actual Max Total Time": 1.645, "Index Cond": "(id = ci.person_id)", "Rows Removed by Index Recheck": 0, "Filter": "((gender IS NOT NULL) AND ((gender)::text = 'f'::text))", "Rows Removed by Filter": 257, "Actual Rows": 11}], "Actual Rows": 11}], "Actual Rows": 1}, "Triggers": [], "Planner Runtime": 56.857, "Total Runtime": 748.558, "Unique SQL Id": 661781350}}, "(16, '41')": {"explain_plan": {"Plan": {"Node Type": "Aggregate", "Strategy": "Plain", "Startup Cost": 100899.17, "Total Cost": 100899.18, "Plan Rows": 1, "Plan Width": 160, "Plans": [{"Node Type": "Nested Loop", "Parent Relationship": "Outer", "Join Type": "Inner", "Startup Cost": 0.0, "Total Cost": 100897.52, "Plan Rows": 219, "Plan Width": 64, "Inner Unique": true, "Plans": [{"Node Type": "Nested Loop", "Parent Relationship": "Outer", "Join Type": "Inner", "Startup Cost": 0.0, "Total Cost": 100736.53, "Plan Rows": 321, "Plan Width": 68, "Inner Unique": false, "Plans": [{"Node Type": "Nested Loop", "Parent Relationship": "Outer", "Join Type": "Inner", "Startup Cost": 0.0, "Total Cost": 100051.51, "Plan Rows": 291, "Plan Width": 76, "Inner Unique": false, "Join Filter": "(mi.info_type_id = it1.id)", "Plans": [{"Node Type": "Index Scan", "Parent Relationship": "Outer", "Scan Direction": "Forward", "Index Name": "info_type_pkey", "Relation Name": "info_type", "Alias": "it1", "Startup Cost": 0.0, "Total Cost": 14.21, "Plan Rows": 1, "Plan Width": 4, "Filter": "((info)::text = 'genres'::text)"}, {"Node Type": "Nested Loop", "Parent Relationship": "Inner", "Join Type": "Inner", "Startup Cost": 0.0, "Total Cost": 99865.39, "Plan Rows": 13753, "Plan Width": 80, "Inner Unique": false, "Plans": [{"Node Type": "Nested Loop", "Parent Relationship": "Outer", "Join Type": "Inner", "Startup Cost": 0.0, "Total Cost": 78493.26, "Plan Rows": 15041, "Plan Width": 30, "Inner Unique": true, "Plans": [{"Node Type": "Nested Loop", "Parent Relationship": "Outer", "Join Type": "Inner", "Startup Cost": 0.0, "Total Cost": 35880.0, "Plan Rows": 12936, "Plan Width": 9, "Inner Unique": false, "Plans": [{"Node Type": "Index Scan", "Parent Relationship": "Outer", "Scan Direction": "Forward", "Index Name": "info_type_pkey", "Relation Name": "info_type", "Alias": "it2", "Startup Cost": 0.0, "Total Cost": 14.21, "Plan Rows": 1, "Plan Width": 4, "Filter": "((info)::text = 'rating'::text)"}, {"Node Type": "Index Scan", "Parent Relationship": "Inner", "Scan Direction": "Forward", "Index Name": "info_type_id_movie_info_idx", "Relation Name": "movie_info_idx", "Alias": "mi_idx", "Startup Cost": 0.0, "Total Cost": 35736.43, "Plan Rows": 12936, "Plan Width": 13, "Index Cond": "(info_type_id = it2.id)", "Filter": "((info)::text > '8.0'::text)"}]}, {"Node Type": "Index Scan", "Parent Relationship": "Inner", "Scan Direction": "Forward", "Index Name": "title_pkey", "Relation Name": "title", "Alias": "t", "Startup Cost": 0.0, "Total Cost": 3.28, "Plan Rows": 1, "Plan Width": 21, "Index Cond": "(id = mi_idx.movie_id)", "Filter": "((production_year >= 2008) AND (production_year <= 2014))"}]}, {"Node Type": "Index Scan", "Parent Relationship": "Inner", "Scan Direction": "Forward", "Index Name": "movie_id_movie_info", "Relation Name": "movie_info", "Alias": "mi", "Startup Cost": 0.0, "Total Cost": 1.41, "Plan Rows": 1, "Plan Width": 50, "Index Cond": "(movie_id = t.id)", "Filter": "((note IS NULL) AND ((info)::text = ANY ('{Horror,Thriller}'::text[])))"}]}]}, {"Node Type": "Index Scan", "Parent Relationship": "Inner", "Scan Direction": "Forward", "Index Name": "movie_id_cast_info", "Relation Name": "cast_info", "Alias": "ci", "Startup Cost": 0.0, "Total Cost": 2.34, "Plan Rows": 1, "Plan Width": 8, "Index Cond": "(movie_id = t.id)", "Filter": "((note)::text = ANY ('{(writer),\"(head writer)\",\"(written by)\",(story),\"(story editor)\"}'::text[]))"}]}, {"Node Type": "Index Scan", "Parent Relationship": "Inner", "Scan Direction": "Forward", "Index Name": "name_pkey", "Relation Name": "name", "Alias": "n", "Startup Cost": 0.0, "Total Cost": 0.49, "Plan Rows": 1, "Plan Width": 4, "Index Cond": "(id = ci.person_id)", "Filter": "((gender IS NOT NULL) AND ((gender)::text = 'f'::text))"}]}]}, "Unique SQL Id": 661781350, "Planner Runtime": 13}, "explain_analyze_plan": {"Plan": {"Node Type": "Aggregate", "Strategy": "Plain", "Startup Cost": 100899.17, "Total Cost": 100899.18, "Plan Rows": 1, "Plan Width": 160, "Actual Startup Time": 569.524, "Actual Total Time": 569.525, "Actual Rows": 1, "Actual Loops": 1, "Plans": [{"Node Type": "Nested Loop", "Parent Relationship": "Outer", "Join Type": "Inner", "Startup Cost": 0.0, "Total Cost": 100897.52, "Plan Rows": 219, "Plan Width": 64, "Actual Startup Time": 291.946, "Actual Total Time": 569.461, "Actual Rows": 11, "Actual Loops": 1, "Inner Unique": true, "Plans": [{"Node Type": "Nested Loop", "Parent Relationship": "Outer", "Join Type": "Inner", "Startup Cost": 0.0, "Total Cost": 100736.53, "Plan Rows": 321, "Plan Width": 68, "Actual Startup Time": 77.048, "Actual Total Time": 567.305, "Actual Rows": 268, "Actual Loops": 1, "Inner Unique": false, "Plans": [{"Node Type": "Nested Loop", "Parent Relationship": "Outer", "Join Type": "Inner", "Startup Cost": 0.0, "Total Cost": 100051.51, "Plan Rows": 291, "Plan Width": 76, "Actual Startup Time": 9.457, "Actual Total Time": 542.484, "Actual Rows": 358, "Actual Loops": 1, "Inner Unique": false, "Join Filter": "(mi.info_type_id = it1.id)", "Rows Removed by Join Filter": 0, "Plans": [{"Node Type": "Index Scan", "Parent Relationship": "Outer", "Scan Direction": "Forward", "Index Name": "info_type_pkey", "Relation Name": "info_type", "Alias": "it1", "Startup Cost": 0.0, "Total Cost": 14.21, "Plan Rows": 1, "Plan Width": 4, "Actual Startup Time": 0.029, "Actual Total Time": 0.075, "Actual Rows": 1, "Actual Loops": 1, "Filter": "((info)::text = 'genres'::text)", "Rows Removed by Filter": 111}, {"Node Type": "Nested Loop", "Parent Relationship": "Inner", "Join Type": "Inner", "Startup Cost": 0.0, "Total Cost": 99865.39, "Plan Rows": 13753, "Plan Width": 80, "Actual Startup Time": 9.417, "Actual Total Time": 542.155, "Actual Rows": 358, "Actual Loops": 1, "Inner Unique": false, "Plans": [{"Node Type": "Nested Loop", "Parent Relationship": "Outer", "Join Type": "Inner", "Startup Cost": 0.0, "Total Cost": 78493.26, "Plan Rows": 15041, "Plan Width": 30, "Actual Startup Time": 1.744, "Actual Total Time": 403.01, "Actual Rows": 6152, "Actual Loops": 1, "Inner Unique": true, "Plans": [{"Node Type": "Nested Loop", "Parent Relationship": "Outer", "Join Type": "Inner", "Startup Cost": 0.0, "Total Cost": 35880.0, "Plan Rows": 12936, "Plan Width": 9, "Actual Startup Time": 0.089, "Actual Total Time": 324.044, "Actual Rows": 15849, "Actual Loops": 1, "Inner Unique": false, "Plans": [{"Node Type": "Index Scan", "Parent Relationship": "Outer", "Scan Direction": "Forward", "Index Name": "info_type_pkey", "Relation Name": "info_type", "Alias": "it2", "Startup Cost": 0.0, "Total Cost": 14.21, "Plan Rows": 1, "Plan Width": 4, "Actual Startup Time": 0.051, "Actual Total Time": 0.059, "Actual Rows": 1, "Actual Loops": 1, "Filter": "((info)::text = 'rating'::text)", "Rows Removed by Filter": 111}, {"Node Type": "Index Scan", "Parent Relationship": "Inner", "Scan Direction": "Forward", "Index Name": "info_type_id_movie_info_idx", "Relation Name": "movie_info_idx", "Alias": "mi_idx", "Startup Cost": 0.0, "Total Cost": 35736.43, "Plan Rows": 12936, "Plan Width": 13, "Actual Startup Time": 0.036, "Actual Total Time": 320.329, "Actual Rows": 15849, "Actual Loops": 1, "Index Cond": "(info_type_id = it2.id)", "Rows Removed by Index Recheck": 0, "Filter": "((info)::text > '8.0'::text)", "Rows Removed by Filter": 444076}]}, {"Node Type": "Index Scan", "Parent Relationship": "Inner", "Scan Direction": "Forward", "Index Name": "title_pkey", "Relation Name": "title", "Alias": "t", "Startup Cost": 0.0, "Total Cost": 3.28, "Plan Rows": 1, "Plan Width": 21, "Actual Startup Time": 68.799, "Actual Total Time": 68.799, "Actual Rows": 6152, "Actual Loops": 15849, "Index Cond": "(id = mi_idx.movie_id)", "Rows Removed by Index Recheck": 0, "Filter": "((production_year >= 2008) AND (production_year <= 2014))", "Rows Removed by Filter": 9697}]}, {"Node Type": "Index Scan", "Parent Relationship": "Inner", "Scan Direction": "Forward", "Index Name": "movie_id_movie_info", "Relation Name": "movie_info", "Alias": "mi", "Startup Cost": 0.0, "Total Cost": 1.41, "Plan Rows": 1, "Plan Width": 50, "Actual Startup Time": 135.391, "Actual Total Time": 135.689, "Actual Rows": 358, "Actual Loops": 6152, "Index Cond": "(movie_id = t.id)", "Rows Removed by Index Recheck": 0, "Filter": "((note IS NULL) AND ((info)::text = ANY ('{Horror,Thriller}'::text[])))", "Rows Removed by Filter": 109599}]}]}, {"Node Type": "Index Scan", "Parent Relationship": "Inner", "Scan Direction": "Forward", "Index Name": "movie_id_cast_info", "Relation Name": "cast_info", "Alias": "ci", "Startup Cost": 0.0, "Total Cost": 2.34, "Plan Rows": 1, "Plan Width": 8, "Actual Startup Time": 19.212, "Actual Total Time": 24.39, "Actual Rows": 268, "Actual Loops": 358, "Index Cond": "(movie_id = t.id)", "Rows Removed by Index Recheck": 0, "Filter": "((note)::text = ANY ('{(writer),\"(head writer)\",\"(written by)\",(story),\"(story editor)\"}'::text[]))", "Rows Removed by Filter": 12296}]}, {"Node Type": "Index Scan", "Parent Relationship": "Inner", "Scan Direction": "Forward", "Index Name": "name_pkey", "Relation Name": "name", "Alias": "n", "Startup Cost": 0.0, "Total Cost": 0.49, "Plan Rows": 1, "Plan Width": 4, "Actual Startup Time": 1.905, "Actual Total Time": 1.905, "Actual Rows": 11, "Actual Loops": 268, "Index Cond": "(id = ci.person_id)", "Rows Removed by Index Recheck": 0, "Filter": "((gender IS NOT NULL) AND ((gender)::text = 'f'::text))", "Rows Removed by Filter": 257}]}]}, "Triggers": [], "Planner Runtime": 18.121, "Total Runtime": 569.824, "Unique SQL Id": 661781350}}, "(16, '42')": {"explain_plan": {"Plan": {"Node Type": "Aggregate", "Strategy": "Plain", "Startup Cost": 191058.48, "Total Cost": 191058.49, "Plan Rows": 1, "Plan Width": 160, "Plans": [{"Node Type": "Nested Loop", "Parent Relationship": "Outer", "Join Type": "Inner", "Startup Cost": 122681.05, "Total Cost": 191056.73, "Plan Rows": 233, "Plan Width": 64, "Inner Unique": false, "Join Filter": "(mi_idx.info_type_id = it2.id)", "Plans": [{"Node Type": "Seq Scan", "Parent Relationship": "Outer", "Relation Name": "info_type", "Alias": "it2", "Startup Cost": 0.0, "Total Cost": 2.4, "Plan Rows": 1, "Plan Width": 4, "Filter": "((info)::text = 'rating'::text)"}, {"Node Type": "Materialize", "Parent Relationship": "Inner", "Startup Cost": 122681.05, "Total Cost": 191044.99, "Plan Rows": 934, "Plan Width": 68, "Plans": [{"Node Type": "Hash Join", "Parent Relationship": "Outer", "Join Type": "Inner", "Startup Cost": 122681.05, "Total Cost": 191042.65, "Plan Rows": 934, "Plan Width": 68, "Inner Unique": true, "Hash Cond": "(ci.person_id = n.id)", "Plans": [{"Node Type": "Streaming(type: LOCAL GATHER dop: 1/16)", "Parent Relationship": "Outer", "Startup Cost": 106141.41, "Total Cost": 174488.87, "Plan Rows": 1285, "Plan Width": 72, "Plans": [{"Node Type": "Hash Join", "Parent Relationship": "Outer", "Join Type": "Inner", "Startup Cost": 106141.41, "Total Cost": 174461.14, "Plan Rows": 1285, "Plan Width": 72, "Inner Unique": true, "Hash Cond": "(mi.movie_id = t.id)", "Plans": [{"Node Type": "Streaming(type: BROADCAST dop: 16/16)", "Parent Relationship": "Outer", "Startup Cost": 85985.62, "Total Cost": 154300.41, "Plan Rows": 17680, "Plan Width": 67, "Plans": [{"Node Type": "Hash Join", "Parent Relationship": "Outer", "Join Type": "Inner", "Startup Cost": 85985.62, "Total Cost": 139255.51, "Plan Rows": 1105, "Plan Width": 67, "Inner Unique": false, "Hash Cond": "(mi.movie_id = ci.movie_id)", "Plans": [{"Node Type": "Streaming(type: BROADCAST dop: 16/1)", "Parent Relationship": "Outer", "Startup Cost": 18248.8, "Total Cost": 71295.72, "Plan Rows": 15984, "Plan Width": 59, "Plans": [{"Node Type": "Hash Join", "Parent Relationship": "Outer", "Join Type": "Inner", "Startup Cost": 18248.8, "Total Cost": 55950.75, "Plan Rows": 999, "Plan Width": 59, "Inner Unique": false, "Hash Cond": "(mi.movie_id = mi_idx.movie_id)", "Plans": [{"Node Type": "Hash Join", "Parent Relationship": "Outer", "Join Type": "Inner", "Startup Cost": 2.41, "Total Cost": 37619.13, "Plan Rows": 971, "Plan Width": 46, "Inner Unique": true, "Hash Cond": "(mi.info_type_id = it1.id)", "Plans": [{"Node Type": "Streaming(type: LOCAL GATHER dop: 1/16)", "Parent Relationship": "Outer", "Startup Cost": 0.0, "Total Cost": 37352.11, "Plan Rows": 67971, "Plan Width": 50, "Plans": [{"Node Type": "Seq Scan", "Parent Relationship": "Outer", "Relation Name": "movie_info", "Alias": "mi", "Startup Cost": 0.0, "Total Cost": 35885.16, "Plan Rows": 67971, "Plan Width": 50, "Filter": "((note IS NULL) AND ((info)::text = ANY ('{Horror,Thriller}'::text[])))"}]}, {"Node Type": "Hash", "Parent Relationship": "Inner", "Startup Cost": 2.4, "Total Cost": 2.4, "Plan Rows": 1, "Plan Width": 4, "Plans": [{"Node Type": "Seq Scan", "Parent Relationship": "Outer", "Relation Name": "info_type", "Alias": "it1", "Startup Cost": 0.0, "Total Cost": 2.4, "Plan Rows": 1, "Plan Width": 4, "Filter": "((info)::text = 'genres'::text)"}]}]}, {"Node Type": "Hash", "Parent Relationship": "Inner", "Startup Cost": 17599.56, "Total Cost": 17599.56, "Plan Rows": 51746, "Plan Width": 13, "Plans": [{"Node Type": "Streaming(type: LOCAL GATHER dop: 1/16)", "Parent Relationship": "Outer", "Startup Cost": 0.0, "Total Cost": 17599.56, "Plan Rows": 51746, "Plan Width": 13, "Plans": [{"Node Type": "Seq Scan", "Parent Relationship": "Outer", "Relation Name": "movie_info_idx", "Alias": "mi_idx", "Startup Cost": 0.0, "Total Cost": 16482.78, "Plan Rows": 51746, "Plan Width": 13, "Filter": "((info)::text > '8.0'::text)"}]}]}]}]}, {"Node Type": "Hash", "Parent Relationship": "Inner", "Startup Cost": 66781.24, "Total Cost": 66781.24, "Plan Rows": 1223154, "Plan Width": 8, "Plans": [{"Node Type": "Seq Scan", "Parent Relationship": "Outer", "Relation Name": "cast_info", "Alias": "ci", "Startup Cost": 0.0, "Total Cost": 66781.24, "Plan Rows": 1223154, "Plan Width": 8, "Filter": "((note)::text = ANY ('{(writer),\"(head writer)\",\"(written by)\",(story),\"(story editor)\"}'::text[]))"}]}]}]}, {"Node Type": "Hash", "Parent Relationship": "Inner", "Startup Cost": 19544.42, "Total Cost": 19544.42, "Plan Rows": 782553, "Plan Width": 21, "Plans": [{"Node Type": "Seq Scan", "Parent Relationship": "Outer", "Relation Name": "title", "Alias": "t", "Startup Cost": 88.19, "Total Cost": 19544.42, "Plan Rows": 782553, "Plan Width": 21, "Filter": "((production_year >= 2008) AND (production_year <= 2014)), (LLVM Optimized)"}]}]}]}, {"Node Type": "Hash", "Parent Relationship": "Inner", "Startup Cost": 34942.34, "Total Cost": 34942.34, "Plan Rows": 624324, "Plan Width": 4, "Plans": [{"Node Type": "Streaming(type: LOCAL GATHER dop: 1/16)", "Parent Relationship": "Outer", "Startup Cost": 0.0, "Total Cost": 34942.34, "Plan Rows": 624324, "Plan Width": 4, "Plans": [{"Node Type": "Seq Scan", "Parent Relationship": "Outer", "Relation Name": "name", "Alias": "n", "Startup Cost": 0.0, "Total Cost": 21468.16, "Plan Rows": 624324, "Plan Width": 4, "Filter": "((gender IS NOT NULL) AND ((gender)::text = 'f'::text)), (LLVM Optimized)"}]}]}]}]}]}]}, "Unique SQL Id": 661781350, "Planner Runtime": 128}, "explain_analyze_plan": {"Plan": {"Node Type": "Aggregate", "Strategy": "Plain", "Startup Cost": 191058.48, "Total Cost": 191058.49, "Plan Rows": 1, "Plan Width": 160, "Actual Min Startup Time": 1194.432, "Actual Max Startup Time": 1194.432, "Actual Min Total Time": 1194.433, "Actual Max Total Time": 1194.433, "Plans": [{"Node Type": "Nested Loop", "Parent Relationship": "Outer", "Join Type": "Inner", "Startup Cost": 122681.05, "Total Cost": 191056.73, "Plan Rows": 233, "Plan Width": 64, "Actual Min Startup Time": 1194.379, "Actual Max Startup Time": 1194.379, "Actual Min Total Time": 1194.399, "Actual Max Total Time": 1194.399, "Inner Unique": false, "Join Filter": "(mi_idx.info_type_id = it2.id)", "Rows Removed by Join Filter": 29, "Plans": [{"Node Type": "Seq Scan", "Parent Relationship": "Outer", "Relation Name": "info_type", "Alias": "it2", "Startup Cost": 0.0, "Total Cost": 2.4, "Plan Rows": 1, "Plan Width": 4, "Actual Min Startup Time": 0.067, "Actual Max Startup Time": 0.067, "Actual Min Total Time": 0.073, "Actual Max Total Time": 0.073, "Filter": "((info)::text = 'rating'::text)", "Rows Removed by Filter": 111, "Actual Rows": 1}, {"Node Type": "Materialize", "Parent Relationship": "Inner", "Startup Cost": 122681.05, "Total Cost": 191044.99, "Plan Rows": 934, "Plan Width": 68, "Actual Min Startup Time": 1193.24, "Actual Max Startup Time": 1193.24, "Actual Min Total Time": 1193.244, "Actual Max Total Time": 1193.244, "Plans": [{"Node Type": "Hash Join", "Parent Relationship": "Outer", "Join Type": "Inner", "Startup Cost": 122681.05, "Total Cost": 191042.65, "Plan Rows": 934, "Plan Width": 68, "Actual Min Startup Time": 1191.54, "Actual Max Startup Time": 1191.54, "Actual Min Total Time": 1193.207, "Actual Max Total Time": 1193.207, "Inner Unique": true, "Hash Cond": "(ci.person_id = n.id)", "Plans": [{"Node Type": "Streaming(type: LOCAL GATHER dop: 1/16)", "Parent Relationship": "Outer", "Startup Cost": 106141.41, "Total Cost": 174488.87, "Plan Rows": 1285, "Plan Width": 72, "Actual Min Startup Time": 474.697, "Actual Max Startup Time": 474.697, "Actual Min Total Time": 476.057, "Actual Max Total Time": 476.057, "Plans": [{"Node Type": "Hash Join", "Parent Relationship": "Outer", "Join Type": "Inner", "Startup Cost": 106141.41, "Total Cost": 174461.14, "Plan Rows": 1285, "Plan Width": 72, "Actual Min Startup Time": 917.099, "Actual Max Startup Time": 990.625, "Actual Min Total Time": 985.533, "Actual Max Total Time": 1059.205, "Inner Unique": true, "Hash Cond": "(mi.movie_id = t.id)", "Plans": [{"Node Type": "Streaming(type: BROADCAST dop: 16/16)", "Parent Relationship": "Outer", "Startup Cost": 85985.62, "Total Cost": 154300.41, "Plan Rows": 17680, "Plan Width": 67, "Actual Min Startup Time": 831.067, "Actual Max Startup Time": 880.685, "Actual Min Total Time": 898.637, "Actual Max Total Time": 948.319, "Plans": [{"Node Type": "Hash Join", "Parent Relationship": "Outer", "Join Type": "Inner", "Startup Cost": 85985.62, "Total Cost": 139255.51, "Plan Rows": 1105, "Plan Width": 67, "Actual Min Startup Time": 875.789, "Actual Max Startup Time": 944.135, "Actual Min Total Time": 1026.666, "Actual Max Total Time": 1070.091, "Inner Unique": false, "Hash Cond": "(mi.movie_id = ci.movie_id)", "Plans": [{"Node Type": "Streaming(type: BROADCAST dop: 16/1)", "Parent Relationship": "Outer", "Startup Cost": 18248.8, "Total Cost": 71295.72, "Plan Rows": 15984, "Plan Width": 59, "Actual Min Startup Time": 0.042, "Actual Max Startup Time": 0.104, "Actual Min Total Time": 119.563, "Actual Max Total Time": 178.257, "Plans": [{"Node Type": "Hash Join", "Parent Relationship": "Outer", "Join Type": "Inner", "Startup Cost": 18248.8, "Total Cost": 55950.75, "Plan Rows": 999, "Plan Width": 59, "Actual Min Startup Time": 333.57, "Actual Max Startup Time": 333.57, "Actual Min Total Time": 428.026, "Actual Max Total Time": 428.026, "Inner Unique": false, "Hash Cond": "(mi.movie_id = mi_idx.movie_id)", "Plans": [{"Node Type": "Hash Join", "Parent Relationship": "Outer", "Join Type": "Inner", "Startup Cost": 2.41, "Total Cost": 37619.13, "Plan Rows": 971, "Plan Width": 46, "Actual Min Startup Time": 259.235, "Actual Max Startup Time": 259.235, "Actual Min Total Time": 335.596, "Actual Max Total Time": 335.596, "Inner Unique": true, "Hash Cond": "(mi.info_type_id = it1.id)", "Plans": [{"Node Type": "Streaming(type: LOCAL GATHER dop: 1/16)", "Parent Relationship": "Outer", "Startup Cost": 0.0, "Total Cost": 37352.11, "Plan Rows": 67971, "Plan Width": 50, "Actual Min Startup Time": 202.279, "Actual Max Startup Time": 202.279, "Actual Min Total Time": 307.911, "Actual Max Total Time": 307.911, "Plans": [{"Node Type": "Seq Scan", "Parent Relationship": "Outer", "Relation Name": "movie_info", "Alias": "mi", "Startup Cost": 0.0, "Total Cost": 35885.16, "Plan Rows": 67971, "Plan Width": 50, "Actual Min Startup Time": 244.582, "Actual Max Startup Time": 373.008, "Actual Min Total Time": 391.953, "Actual Max Total Time": 423.414, "Filter": "((note IS NULL) AND ((info)::text = ANY ('{Horror,Thriller}'::text[])))", "Rows Removed by Filter": 14762672, "Actual Rows": 73047}], "Actual Rows": 73047}, {"Node Type": "Hash", "Parent Relationship": "Inner", "Startup Cost": 2.4, "Total Cost": 2.4, "Plan Rows": 1, "Plan Width": 4, "Actual Min Startup Time": 0.089, "Actual Max Startup Time": 0.089, "Actual Min Total Time": 0.089, "Actual Max Total Time": 0.089, "Max Hash Buckets": 32768, "Min Hash Buckets": 32768, "Max Hash Batches": 1, "Min Hash Batches": 1, "Max Original Hash Batches": 1, "Min Original Hash Batches": 1, "Max Peak Memory Usage": 1, "min Peak Memory Usage": 1, "Plans": [{"Node Type": "Seq Scan", "Parent Relationship": "Outer", "Relation Name": "info_type", "Alias": "it1", "Startup Cost": 0.0, "Total Cost": 2.4, "Plan Rows": 1, "Plan Width": 4, "Actual Min Startup Time": 0.056, "Actual Max Startup Time": 0.056, "Actual Min Total Time": 0.08, "Actual Max Total Time": 0.08, "Filter": "((info)::text = 'genres'::text)", "Rows Removed by Filter": 111, "Actual Rows": 1}], "Actual Rows": 1}], "Actual Rows": 72258}, {"Node Type": "Hash", "Parent Relationship": "Inner", "Startup Cost": 17599.56, "Total Cost": 17599.56, "Plan Rows": 51746, "Plan Width": 13, "Actual Min Startup Time": 74.235, "Actual Max Startup Time": 74.235, "Actual Min Total Time": 74.235, "Actual Max Total Time": 74.235, "Max Hash Buckets": 65536, "Min Hash Buckets": 65536, "Max Hash Batches": 1, "Min Hash Batches": 1, "Max Original Hash Batches": 1, "Min Original Hash Batches": 1, "Max Peak Memory Usage": 2322, "min Peak Memory Usage": 2322, "Plans": [{"Node Type": "Streaming(type: LOCAL GATHER dop: 1/16)", "Parent Relationship": "Outer", "Startup Cost": 0.0, "Total Cost": 17599.56, "Plan Rows": 51746, "Plan Width": 13, "Actual Min Startup Time": 0.119, "Actual Max Startup Time": 0.119, "Actual Min Total Time": 38.846, "Actual Max Total Time": 38.846, "Plans": [{"Node Type": "Seq Scan", "Parent Relationship": "Outer", "Relation Name": "movie_info_idx", "Alias": "mi_idx", "Startup Cost": 0.0, "Total Cost": 16482.78, "Plan Rows": 51746, "Plan Width": 13, "Actual Min Startup Time": 0.053, "Actual Max Startup Time": 0.108, "Actual Min Total Time": 34.71, "Actual Max Total Time": 42.831, "Filter": "((info)::text > '8.0'::text)", "Rows Removed by Filter": 1326385, "Actual Rows": 53649}], "Actual Rows": 53649}], "Actual Rows": 53649}], "Actual Rows": 4135}], "Actual Rows": 66160}, {"Node Type": "Hash", "Parent Relationship": "Inner", "Startup Cost": 66781.24, "Total Cost": 66781.24, "Plan Rows": 1223154, "Plan Width": 8, "Actual Min Startup Time": 875.572, "Actual Max Startup Time": 920.032, "Actual Min Total Time": 875.572, "Actual Max Total Time": 920.032, "Max Hash Buckets": 131072, "Min Hash Buckets": 131072, "Max Hash Batches": 1, "Min Hash Batches": 1, "Max Original Hash Batches": 1, "Min Original Hash Batches": 1, "Max Peak Memory Usage": 3042, "min Peak Memory Usage": 3042, "Plans": [{"Node Type": "Seq Scan", "Parent Relationship": "Outer", "Relation Name": "cast_info", "Alias": "ci", "Startup Cost": 0.0, "Total Cost": 66781.24, "Plan Rows": 1223154, "Plan Width": 8, "Actual Min Startup Time": 32.982, "Actual Max Startup Time": 466.55, "Actual Min Total Time": 853.731, "Actual Max Total Time": 895.644, "Filter": "((note)::text = ANY ('{(writer),\"(head writer)\",\"(written by)\",(story),\"(story editor)\"}'::text[]))", "Rows Removed by Filter": 34999627, "Actual Rows": 1244716}], "Actual Rows": 1244716}], "Actual Rows": 2288}], "Actual Rows": 36608}, {"Node Type": "Hash", "Parent Relationship": "Inner", "Startup Cost": 19544.42, "Total Cost": 19544.42, "Plan Rows": 782553, "Plan Width": 21, "Actual Min Startup Time": 77.806, "Actual Max Startup Time": 109.795, "Actual Min Total Time": 77.806, "Actual Max Total Time": 109.795, "Max Hash Buckets": 65536, "Min Hash Buckets": 65536, "Max Hash Batches": 1, "Min Hash Batches": 1, "Max Original Hash Batches": 1, "Min Original Hash Batches": 1, "Max Peak Memory Usage": 2675, "min Peak Memory Usage": 2675, "Plans": [{"Node Type": "Seq Scan", "Parent Relationship": "Outer", "Relation Name": "title", "Alias": "t", "Startup Cost": 88.19, "Total Cost": 19544.42, "Plan Rows": 782553, "Plan Width": 21, "Actual Min Startup Time": 0.024, "Actual Max Startup Time": 0.047, "Actual Min Total Time": 62.561, "Actual Max Total Time": 71.353, "Filter": "((production_year >= 2008) AND (production_year <= 2014)), (LLVM Optimized, Jit Execute)", "Rows Removed by Filter": 1743823, "Actual Rows": 784488}], "Actual Rows": 784488}], "Actual Rows": 930}], "Actual Rows": 930}, {"Node Type": "Hash", "Parent Relationship": "Inner", "Startup Cost": 34942.34, "Total Cost": 34942.34, "Plan Rows": 624324, "Plan Width": 4, "Actual Min Startup Time": 716.009, "Actual Max Startup Time": 716.009, "Actual Min Total Time": 716.009, "Actual Max Total Time": 716.009, "Max Hash Buckets": 1048576, "Min Hash Buckets": 1048576, "Max Hash Batches": 1, "Min Hash Batches": 1, "Max Original Hash Batches": 1, "Min Original Hash Batches": 1, "Max Peak Memory Usage": 33805, "min Peak Memory Usage": 33805, "Plans": [{"Node Type": "Streaming(type: LOCAL GATHER dop: 1/16)", "Parent Relationship": "Outer", "Startup Cost": 0.0, "Total Cost": 34942.34, "Plan Rows": 624324, "Plan Width": 4, "Actual Min Startup Time": 84.419, "Actual Max Startup Time": 84.419, "Actual Min Total Time": 423.252, "Actual Max Total Time": 423.252, "Plans": [{"Node Type": "Seq Scan", "Parent Relationship": "Outer", "Relation Name": "name", "Alias": "n", "Startup Cost": 0.0, "Total Cost": 21468.16, "Plan Rows": 624324, "Plan Width": 4, "Actual Min Startup Time": 42.75, "Actual Max Startup Time": 49.752, "Actual Min Total Time": 92.52, "Actual Max Total Time": 100.112, "Filter": "((gender IS NOT NULL) AND ((gender)::text = 'f'::text)), (LLVM Optimized, Jit Execute)", "Rows Removed by Filter": 3205935, "Actual Rows": 961555}], "Actual Rows": 961555}], "Actual Rows": 961555}], "Actual Rows": 40}], "Actual Rows": 41}], "Actual Rows": 11}], "Actual Rows": 1}, "Triggers": [], "Planner Runtime": 136.802, "Total Runtime": 1222.104, "Unique SQL Id": 661781350}}, "(16, '43')": {"explain_plan": {"Plan": {"Node Type": "Aggregate", "Strategy": "Plain", "Startup Cost": 7000346498707.9, "Total Cost": 7000346498707.91, "Plan Rows": 1, "Plan Width": 160, "Plans": [{"Node Type": "Nested Loop", "Parent Relationship": "Outer", "Join Type": "Inner", "Startup Cost": 70000000000.0, "Total Cost": 7000346498706.15, "Plan Rows": 233, "Plan Width": 64, "Inner Unique": false, "Join Filter": "(mi.movie_id = t.id)", "Plans": [{"Node Type": "Index Scan", "Parent Relationship": "Outer", "Scan Direction": "Forward", "Index Name": "title_pkey", "Relation Name": "title", "Alias": "t", "Startup Cost": 10000000000.0, "Total Cost": 1000012276204.41, "Plan Rows": 782553, "Plan Width": 21, "Filter": "((production_year >= 2008) AND (production_year <= 2014)), (LLVM Optimized)"}, {"Node Type": "Materialize", "Parent Relationship": "Inner", "Startup Cost": 60000000000.0, "Total Cost": 6000331874843.24, "Plan Rows": 200, "Plan Width": 59, "Plans": [{"Node Type": "Nested Loop", "Parent Relationship": "Outer", "Join Type": "Inner", "Startup Cost": 60000000000.0, "Total Cost": 6000331874842.24, "Plan Rows": 200, "Plan Width": 59, "Inner Unique": true, "Join Filter": "(ci.person_id = n.id)", "Plans": [{"Node Type": "Nested Loop", "Parent Relationship": "Outer", "Join Type": "Inner", "Startup Cost": 50000000000.0, "Total Cost": 5000310623432.87, "Plan Rows": 276, "Plan Width": 63, "Inner Unique": false, "Join Filter": "(mi.movie_id = ci.movie_id)", "Plans": [{"Node Type": "Nested Loop", "Parent Relationship": "Outer", "Join Type": "Inner", "Startup Cost": 40000000000.0, "Total Cost": 4000112722530.52, "Plan Rows": 250, "Plan Width": 55, "Inner Unique": false, "Join Filter": "(mi.movie_id = mi_idx.movie_id)", "Plans": [{"Node Type": "Nested Loop", "Parent Relationship": "Outer", "Join Type": "Inner", "Startup Cost": 20000000000.0, "Total Cost": 2000107536844.28, "Plan Rows": 971, "Plan Width": 46, "Inner Unique": true, "Join Filter": "(it1.id = mi.info_type_id)", "Plans": [{"Node Type": "Index Scan", "Parent Relationship": "Outer", "Scan Direction": "Forward", "Index Name": "movie_id_movie_info", "Relation Name": "movie_info", "Alias": "mi", "Startup Cost": 10000000000.0, "Total Cost": 1000107534403.72, "Plan Rows": 67971, "Plan Width": 50, "Filter": "((note IS NULL) AND ((info)::text = ANY ('{Horror,Thriller}'::text[])))"}, {"Node Type": "Materialize", "Parent Relationship": "Inner", "Startup Cost": 10000000000.0, "Total Cost": 1000000001421.0, "Plan Rows": 1, "Plan Width": 4, "Plans": [{"Node Type": "Index Scan", "Parent Relationship": "Outer", "Scan Direction": "Forward", "Index Name": "info_type_pkey", "Relation Name": "info_type", "Alias": "it1", "Startup Cost": 10000000000.0, "Total Cost": 1000000001421.0, "Plan Rows": 1, "Plan Width": 4, "Filter": "((info)::text = 'genres'::text)"}]}]}, {"Node Type": "Materialize", "Parent Relationship": "Inner", "Startup Cost": 20000000000.0, "Total Cost": 2000004997305.74, "Plan Rows": 12936, "Plan Width": 9, "Plans": [{"Node Type": "Nested Loop", "Parent Relationship": "Outer", "Join Type": "Inner", "Startup Cost": 20000000000.0, "Total Cost": 2000004997241.06, "Plan Rows": 12936, "Plan Width": 9, "Inner Unique": true, "Join Filter": "(it2.id = mi_idx.info_type_id)", "Plans": [{"Node Type": "Index Scan", "Parent Relationship": "Outer", "Scan Direction": "Forward", "Index Name": "movie_id_movie_info_idx", "Relation Name": "movie_info_idx", "Alias": "mi_idx", "Startup Cost": 10000000000.0, "Total Cost": 1000004995043.87, "Plan Rows": 51746, "Plan Width": 13, "Filter": "((info)::text > '8.0'::text)"}, {"Node Type": "Materialize", "Parent Relationship": "Inner", "Startup Cost": 10000000000.0, "Total Cost": 1000000001421.0, "Plan Rows": 1, "Plan Width": 4, "Plans": [{"Node Type": "Index Scan", "Parent Relationship": "Outer", "Scan Direction": "Forward", "Index Name": "info_type_pkey", "Relation Name": "info_type", "Alias": "it2", "Startup Cost": 10000000000.0, "Total Cost": 1000000001421.0, "Plan Rows": 1, "Plan Width": 4, "Filter": "((info)::text = 'rating'::text)"}]}]}]}]}, {"Node Type": "Materialize", "Parent Relationship": "Inner", "Startup Cost": 10000000000.0, "Total Cost": 1000193317132.73, "Plan Rows": 1223154, "Plan Width": 8, "Plans": [{"Node Type": "Index Scan", "Parent Relationship": "Outer", "Scan Direction": "Forward", "Index Name": "person_id_cast_info", "Relation Name": "cast_info", "Alias": "ci", "Startup Cost": 10000000000.0, "Total Cost": 1000193311016.96, "Plan Rows": 1223154, "Plan Width": 8, "Filter": "((note)::text = ANY ('{(writer),\"(head writer)\",\"(written by)\",(story),\"(story editor)\"}'::text[]))"}]}]}, {"Node Type": "Materialize", "Parent Relationship": "Inner", "Startup Cost": 10000000000.0, "Total Cost": 1000018668268.82, "Plan Rows": 624324, "Plan Width": 4, "Plans": [{"Node Type": "Index Scan", "Parent Relationship": "Outer", "Scan Direction": "Forward", "Index Name": "name_pkey", "Relation Name": "name", "Alias": "n", "Startup Cost": 10000000000.0, "Total Cost": 1000018665147.2, "Plan Rows": 624324, "Plan Width": 4, "Filter": "((gender IS NOT NULL) AND ((gender)::text = 'f'::text)), (LLVM Optimized)"}]}]}]}]}]}, "Unique SQL Id": 661781350, "Planner Runtime": 31}, "explain_analyze_plan": null}, "(16, '44')": {"explain_plan": {"Plan": {"Node Type": "Aggregate", "Strategy": "Plain", "Startup Cost": 40136.75, "Total Cost": 40136.76, "Plan Rows": 1, "Plan Width": 160, "Plans": [{"Node Type": "Nested Loop", "Parent Relationship": "Outer", "Join Type": "Inner", "Startup Cost": 2.41, "Total Cost": 40135.1, "Plan Rows": 219, "Plan Width": 64, "Inner Unique": true, "Plans": [{"Node Type": "Nested Loop", "Parent Relationship": "Outer", "Join Type": "Inner", "Startup Cost": 2.41, "Total Cost": 39974.11, "Plan Rows": 321, "Plan Width": 68, "Inner Unique": false, "Plans": [{"Node Type": "Nested Loop", "Parent Relationship": "Outer", "Join Type": "Inner", "Startup Cost": 2.41, "Total Cost": 39289.09, "Plan Rows": 291, "Plan Width": 76, "Inner Unique": true, "Plans": [{"Node Type": "Nested Loop", "Parent Relationship": "Outer", "Join Type": "Inner", "Startup Cost": 2.41, "Total Cost": 38575.87, "Plan Rows": 250, "Plan Width": 55, "Inner Unique": false, "Join Filter": "(mi_idx.info_type_id = it2.id)", "Plans": [{"Node Type": "Seq Scan", "Parent Relationship": "Outer", "Relation Name": "info_type", "Alias": "it2", "Startup Cost": 0.0, "Total Cost": 2.4, "Plan Rows": 1, "Plan Width": 4, "Filter": "((info)::text = 'rating'::text)"}, {"Node Type": "Materialize", "Parent Relationship": "Inner", "Startup Cost": 2.41, "Total Cost": 38563.48, "Plan Rows": 999, "Plan Width": 59, "Plans": [{"Node Type": "Nested Loop", "Parent Relationship": "Outer", "Join Type": "Inner", "Startup Cost": 2.41, "Total Cost": 38560.99, "Plan Rows": 999, "Plan Width": 59, "Inner Unique": false, "Plans": [{"Node Type": "Hash Join", "Parent Relationship": "Outer", "Join Type": "Inner", "Startup Cost": 2.41, "Total Cost": 37619.13, "Plan Rows": 971, "Plan Width": 46, "Inner Unique": true, "Hash Cond": "(mi.info_type_id = it1.id)", "Plans": [{"Node Type": "Streaming(type: LOCAL GATHER dop: 1/16)", "Parent Relationship": "Outer", "Startup Cost": 0.0, "Total Cost": 37352.11, "Plan Rows": 67971, "Plan Width": 50, "Plans": [{"Node Type": "Seq Scan", "Parent Relationship": "Outer", "Relation Name": "movie_info", "Alias": "mi", "Startup Cost": 0.0, "Total Cost": 35885.16, "Plan Rows": 67971, "Plan Width": 50, "Filter": "((note IS NULL) AND ((info)::text = ANY ('{Horror,Thriller}'::text[])))"}]}, {"Node Type": "Hash", "Parent Relationship": "Inner", "Startup Cost": 2.4, "Total Cost": 2.4, "Plan Rows": 1, "Plan Width": 4, "Plans": [{"Node Type": "Seq Scan", "Parent Relationship": "Outer", "Relation Name": "info_type", "Alias": "it1", "Startup Cost": 0.0, "Total Cost": 2.4, "Plan Rows": 1, "Plan Width": 4, "Filter": "((info)::text = 'genres'::text)"}]}]}, {"Node Type": "Index Scan", "Parent Relationship": "Inner", "Scan Direction": "Forward", "Index Name": "movie_id_movie_info_idx", "Relation Name": "movie_info_idx", "Alias": "mi_idx", "Startup Cost": 0.0, "Total Cost": 0.96, "Plan Rows": 1, "Plan Width": 13, "Index Cond": "(movie_id = mi.movie_id)", "Filter": "((info)::text > '8.0'::text)"}]}]}]}, {"Node Type": "Index Scan", "Parent Relationship": "Inner", "Scan Direction": "Forward", "Index Name": "title_pkey", "Relation Name": "title", "Alias": "t", "Startup Cost": 0.0, "Total Cost": 2.84, "Plan Rows": 1, "Plan Width": 21, "Index Cond": "(id = mi.movie_id)", "Filter": "((production_year >= 2008) AND (production_year <= 2014))"}]}, {"Node Type": "Index Scan", "Parent Relationship": "Inner", "Scan Direction": "Forward", "Index Name": "movie_id_cast_info", "Relation Name": "cast_info", "Alias": "ci", "Startup Cost": 0.0, "Total Cost": 2.34, "Plan Rows": 1, "Plan Width": 8, "Index Cond": "(movie_id = t.id)", "Filter": "((note)::text = ANY ('{(writer),\"(head writer)\",\"(written by)\",(story),\"(story editor)\"}'::text[]))"}]}, {"Node Type": "Index Scan", "Parent Relationship": "Inner", "Scan Direction": "Forward", "Index Name": "name_pkey", "Relation Name": "name", "Alias": "n", "Startup Cost": 0.0, "Total Cost": 0.49, "Plan Rows": 1, "Plan Width": 4, "Index Cond": "(id = ci.person_id)", "Filter": "((gender IS NOT NULL) AND ((gender)::text = 'f'::text))"}]}]}, "Unique SQL Id": 661781350, "Planner Runtime": 50}, "explain_analyze_plan": {"Plan": {"Node Type": "Aggregate", "Strategy": "Plain", "Startup Cost": 40136.75, "Total Cost": 40136.76, "Plan Rows": 1, "Plan Width": 160, "Actual Min Startup Time": 745.831, "Actual Max Startup Time": 745.831, "Actual Min Total Time": 745.832, "Actual Max Total Time": 745.832, "Plans": [{"Node Type": "Nested Loop", "Parent Relationship": "Outer", "Join Type": "Inner", "Startup Cost": 2.41, "Total Cost": 40135.1, "Plan Rows": 219, "Plan Width": 64, "Actual Min Startup Time": 715.131, "Actual Max Startup Time": 715.131, "Actual Min Total Time": 745.777, "Actual Max Total Time": 745.777, "Inner Unique": true, "Plans": [{"Node Type": "Nested Loop", "Parent Relationship": "Outer", "Join Type": "Inner", "Startup Cost": 2.41, "Total Cost": 39974.11, "Plan Rows": 321, "Plan Width": 68, "Actual Min Startup Time": 714.667, "Actual Max Startup Time": 714.667, "Actual Min Total Time": 743.955, "Actual Max Total Time": 743.955, "Inner Unique": false, "Plans": [{"Node Type": "Nested Loop", "Parent Relationship": "Outer", "Join Type": "Inner", "Startup Cost": 2.41, "Total Cost": 39289.09, "Plan Rows": 291, "Plan Width": 76, "Actual Min Startup Time": 714.49, "Actual Max Startup Time": 714.49, "Actual Min Total Time": 720.514, "Actual Max Total Time": 720.514, "Inner Unique": true, "Plans": [{"Node Type": "Nested Loop", "Parent Relationship": "Outer", "Join Type": "Inner", "Startup Cost": 2.41, "Total Cost": 38575.87, "Plan Rows": 250, "Plan Width": 55, "Actual Min Startup Time": 714.464, "Actual Max Startup Time": 714.464, "Actual Min Total Time": 716.205, "Actual Max Total Time": 716.205, "Inner Unique": false, "Join Filter": "(mi_idx.info_type_id = it2.id)", "Rows Removed by Join Filter": 3403, "Plans": [{"Node Type": "Seq Scan", "Parent Relationship": "Outer", "Relation Name": "info_type", "Alias": "it2", "Startup Cost": 0.0, "Total Cost": 2.4, "Plan Rows": 1, "Plan Width": 4, "Actual Min Startup Time": 0.065, "Actual Max Startup Time": 0.065, "Actual Min Total Time": 0.077, "Actual Max Total Time": 0.077, "Filter": "((info)::text = 'rating'::text)", "Rows Removed by Filter": 111, "Actual Rows": 1}, {"Node Type": "Materialize", "Parent Relationship": "Inner", "Startup Cost": 2.41, "Total Cost": 38563.48, "Plan Rows": 999, "Plan Width": 59, "Actual Min Startup Time": 714.377, "Actual Max Startup Time": 714.377, "Actual Min Total Time": 714.876, "Actual Max Total Time": 714.876, "Plans": [{"Node Type": "Nested Loop", "Parent Relationship": "Outer", "Join Type": "Inner", "Startup Cost": 2.41, "Total Cost": 38560.99, "Plan Rows": 999, "Plan Width": 59, "Actual Min Startup Time": 354.887, "Actual Max Startup Time": 354.887, "Actual Min Total Time": 712.602, "Actual Max Total Time": 712.602, "Inner Unique": false, "Plans": [{"Node Type": "Hash Join", "Parent Relationship": "Outer", "Join Type": "Inner", "Startup Cost": 2.41, "Total Cost": 37619.13, "Plan Rows": 971, "Plan Width": 46, "Actual Min Startup Time": 354.787, "Actual Max Startup Time": 354.787, "Actual Min Total Time": 419.6, "Actual Max Total Time": 419.6, "Inner Unique": true, "Hash Cond": "(mi.info_type_id = it1.id)", "Plans": [{"Node Type": "Streaming(type: LOCAL GATHER dop: 1/16)", "Parent Relationship": "Outer", "Startup Cost": 0.0, "Total Cost": 37352.11, "Plan Rows": 67971, "Plan Width": 50, "Actual Min Startup Time": 266.275, "Actual Max Startup Time": 266.275, "Actual Min Total Time": 383.347, "Actual Max Total Time": 383.347, "Plans": [{"Node Type": "Seq Scan", "Parent Relationship": "Outer", "Relation Name": "movie_info", "Alias": "mi", "Startup Cost": 0.0, "Total Cost": 35885.16, "Plan Rows": 67971, "Plan Width": 50, "Actual Min Startup Time": 236.217, "Actual Max Startup Time": 341.573, "Actual Min Total Time": 384.125, "Actual Max Total Time": 397.048, "Filter": "((note IS NULL) AND ((info)::text = ANY ('{Horror,Thriller}'::text[])))", "Rows Removed by Filter": 14762672, "Actual Rows": 73047}], "Actual Rows": 73047}, {"Node Type": "Hash", "Parent Relationship": "Inner", "Startup Cost": 2.4, "Total Cost": 2.4, "Plan Rows": 1, "Plan Width": 4, "Actual Min Startup Time": 0.089, "Actual Max Startup Time": 0.089, "Actual Min Total Time": 0.089, "Actual Max Total Time": 0.089, "Max Hash Buckets": 32768, "Min Hash Buckets": 32768, "Max Hash Batches": 1, "Min Hash Batches": 1, "Max Original Hash Batches": 1, "Min Original Hash Batches": 1, "Max Peak Memory Usage": 1, "min Peak Memory Usage": 1, "Plans": [{"Node Type": "Seq Scan", "Parent Relationship": "Outer", "Relation Name": "info_type", "Alias": "it1", "Startup Cost": 0.0, "Total Cost": 2.4, "Plan Rows": 1, "Plan Width": 4, "Actual Min Startup Time": 0.054, "Actual Max Startup Time": 0.054, "Actual Min Total Time": 0.078, "Actual Max Total Time": 0.078, "Filter": "((info)::text = 'genres'::text)", "Rows Removed by Filter": 111, "Actual Rows": 1}], "Actual Rows": 1}], "Actual Rows": 72258}, {"Node Type": "Index Scan", "Parent Relationship": "Inner", "Scan Direction": "Forward", "Index Name": "movie_id_movie_info_idx", "Relation Name": "movie_info_idx", "Alias": "mi_idx", "Startup Cost": 0.0, "Total Cost": 0.96, "Plan Rows": 1, "Plan Width": 13, "Actual Min Startup Time": 255.106, "Actual Max Startup Time": 255.106, "Actual Min Total Time": 258.664, "Actual Max Total Time": 258.664, "Index Cond": "(movie_id = mi.movie_id)", "Rows Removed by Index Recheck": 0, "Filter": "((info)::text > '8.0'::text)", "Rows Removed by Filter": 113143, "Actual Rows": 4135}], "Actual Rows": 4135}], "Actual Rows": 4136}], "Actual Rows": 732}, {"Node Type": "Index Scan", "Parent Relationship": "Inner", "Scan Direction": "Forward", "Index Name": "title_pkey", "Relation Name": "title", "Alias": "t", "Startup Cost": 0.0, "Total Cost": 2.84, "Plan Rows": 1, "Plan Width": 21, "Actual Min Startup Time": 3.859, "Actual Max Startup Time": 3.859, "Actual Min Total Time": 3.859, "Actual Max Total Time": 3.859, "Index Cond": "(id = mi.movie_id)", "Rows Removed by Index Recheck": 0, "Filter": "((production_year >= 2008) AND (production_year <= 2014))", "Rows Removed by Filter": 374, "Actual Rows": 358}], "Actual Rows": 358}, {"Node Type": "Index Scan", "Parent Relationship": "Inner", "Scan Direction": "Forward", "Index Name": "movie_id_cast_info", "Relation Name": "cast_info", "Alias": "ci", "Startup Cost": 0.0, "Total Cost": 2.34, "Plan Rows": 1, "Plan Width": 8, "Actual Min Startup Time": 18.251, "Actual Max Startup Time": 18.251, "Actual Min Total Time": 23.155, "Actual Max Total Time": 23.155, "Index Cond": "(movie_id = t.id)", "Rows Removed by Index Recheck": 0, "Filter": "((note)::text = ANY ('{(writer),\"(head writer)\",\"(written by)\",(story),\"(story editor)\"}'::text[]))", "Rows Removed by Filter": 12296, "Actual Rows": 268}], "Actual Rows": 268}, {"Node Type": "Index Scan", "Parent Relationship": "Inner", "Scan Direction": "Forward", "Index Name": "name_pkey", "Relation Name": "name", "Alias": "n", "Startup Cost": 0.0, "Total Cost": 0.49, "Plan Rows": 1, "Plan Width": 4, "Actual Min Startup Time": 1.645, "Actual Max Startup Time": 1.645, "Actual Min Total Time": 1.645, "Actual Max Total Time": 1.645, "Index Cond": "(id = ci.person_id)", "Rows Removed by Index Recheck": 0, "Filter": "((gender IS NOT NULL) AND ((gender)::text = 'f'::text))", "Rows Removed by Filter": 257, "Actual Rows": 11}], "Actual Rows": 11}], "Actual Rows": 1}, "Triggers": [], "Planner Runtime": 56.857, "Total Runtime": 748.558, "Unique SQL Id": 661781350}}, "(16, '45')": {"explain_plan": {"Plan": {"Node Type": "Aggregate", "Strategy": "Plain", "Startup Cost": 100899.17, "Total Cost": 100899.18, "Plan Rows": 1, "Plan Width": 160, "Plans": [{"Node Type": "Nested Loop", "Parent Relationship": "Outer", "Join Type": "Inner", "Startup Cost": 0.0, "Total Cost": 100897.52, "Plan Rows": 219, "Plan Width": 64, "Inner Unique": true, "Plans": [{"Node Type": "Nested Loop", "Parent Relationship": "Outer", "Join Type": "Inner", "Startup Cost": 0.0, "Total Cost": 100736.53, "Plan Rows": 321, "Plan Width": 68, "Inner Unique": false, "Plans": [{"Node Type": "Nested Loop", "Parent Relationship": "Outer", "Join Type": "Inner", "Startup Cost": 0.0, "Total Cost": 100051.51, "Plan Rows": 291, "Plan Width": 76, "Inner Unique": false, "Join Filter": "(mi.info_type_id = it1.id)", "Plans": [{"Node Type": "Index Scan", "Parent Relationship": "Outer", "Scan Direction": "Forward", "Index Name": "info_type_pkey", "Relation Name": "info_type", "Alias": "it1", "Startup Cost": 0.0, "Total Cost": 14.21, "Plan Rows": 1, "Plan Width": 4, "Filter": "((info)::text = 'genres'::text)"}, {"Node Type": "Nested Loop", "Parent Relationship": "Inner", "Join Type": "Inner", "Startup Cost": 0.0, "Total Cost": 99865.39, "Plan Rows": 13753, "Plan Width": 80, "Inner Unique": false, "Plans": [{"Node Type": "Nested Loop", "Parent Relationship": "Outer", "Join Type": "Inner", "Startup Cost": 0.0, "Total Cost": 78493.26, "Plan Rows": 15041, "Plan Width": 30, "Inner Unique": true, "Plans": [{"Node Type": "Nested Loop", "Parent Relationship": "Outer", "Join Type": "Inner", "Startup Cost": 0.0, "Total Cost": 35880.0, "Plan Rows": 12936, "Plan Width": 9, "Inner Unique": false, "Plans": [{"Node Type": "Index Scan", "Parent Relationship": "Outer", "Scan Direction": "Forward", "Index Name": "info_type_pkey", "Relation Name": "info_type", "Alias": "it2", "Startup Cost": 0.0, "Total Cost": 14.21, "Plan Rows": 1, "Plan Width": 4, "Filter": "((info)::text = 'rating'::text)"}, {"Node Type": "Index Scan", "Parent Relationship": "Inner", "Scan Direction": "Forward", "Index Name": "info_type_id_movie_info_idx", "Relation Name": "movie_info_idx", "Alias": "mi_idx", "Startup Cost": 0.0, "Total Cost": 35736.43, "Plan Rows": 12936, "Plan Width": 13, "Index Cond": "(info_type_id = it2.id)", "Filter": "((info)::text > '8.0'::text)"}]}, {"Node Type": "Index Scan", "Parent Relationship": "Inner", "Scan Direction": "Forward", "Index Name": "title_pkey", "Relation Name": "title", "Alias": "t", "Startup Cost": 0.0, "Total Cost": 3.28, "Plan Rows": 1, "Plan Width": 21, "Index Cond": "(id = mi_idx.movie_id)", "Filter": "((production_year >= 2008) AND (production_year <= 2014))"}]}, {"Node Type": "Index Scan", "Parent Relationship": "Inner", "Scan Direction": "Forward", "Index Name": "movie_id_movie_info", "Relation Name": "movie_info", "Alias": "mi", "Startup Cost": 0.0, "Total Cost": 1.41, "Plan Rows": 1, "Plan Width": 50, "Index Cond": "(movie_id = t.id)", "Filter": "((note IS NULL) AND ((info)::text = ANY ('{Horror,Thriller}'::text[])))"}]}]}, {"Node Type": "Index Scan", "Parent Relationship": "Inner", "Scan Direction": "Forward", "Index Name": "movie_id_cast_info", "Relation Name": "cast_info", "Alias": "ci", "Startup Cost": 0.0, "Total Cost": 2.34, "Plan Rows": 1, "Plan Width": 8, "Index Cond": "(movie_id = t.id)", "Filter": "((note)::text = ANY ('{(writer),\"(head writer)\",\"(written by)\",(story),\"(story editor)\"}'::text[]))"}]}, {"Node Type": "Index Scan", "Parent Relationship": "Inner", "Scan Direction": "Forward", "Index Name": "name_pkey", "Relation Name": "name", "Alias": "n", "Startup Cost": 0.0, "Total Cost": 0.49, "Plan Rows": 1, "Plan Width": 4, "Index Cond": "(id = ci.person_id)", "Filter": "((gender IS NOT NULL) AND ((gender)::text = 'f'::text))"}]}]}, "Unique SQL Id": 661781350, "Planner Runtime": 13}, "explain_analyze_plan": {"Plan": {"Node Type": "Aggregate", "Strategy": "Plain", "Startup Cost": 100899.17, "Total Cost": 100899.18, "Plan Rows": 1, "Plan Width": 160, "Actual Startup Time": 569.524, "Actual Total Time": 569.525, "Actual Rows": 1, "Actual Loops": 1, "Plans": [{"Node Type": "Nested Loop", "Parent Relationship": "Outer", "Join Type": "Inner", "Startup Cost": 0.0, "Total Cost": 100897.52, "Plan Rows": 219, "Plan Width": 64, "Actual Startup Time": 291.946, "Actual Total Time": 569.461, "Actual Rows": 11, "Actual Loops": 1, "Inner Unique": true, "Plans": [{"Node Type": "Nested Loop", "Parent Relationship": "Outer", "Join Type": "Inner", "Startup Cost": 0.0, "Total Cost": 100736.53, "Plan Rows": 321, "Plan Width": 68, "Actual Startup Time": 77.048, "Actual Total Time": 567.305, "Actual Rows": 268, "Actual Loops": 1, "Inner Unique": false, "Plans": [{"Node Type": "Nested Loop", "Parent Relationship": "Outer", "Join Type": "Inner", "Startup Cost": 0.0, "Total Cost": 100051.51, "Plan Rows": 291, "Plan Width": 76, "Actual Startup Time": 9.457, "Actual Total Time": 542.484, "Actual Rows": 358, "Actual Loops": 1, "Inner Unique": false, "Join Filter": "(mi.info_type_id = it1.id)", "Rows Removed by Join Filter": 0, "Plans": [{"Node Type": "Index Scan", "Parent Relationship": "Outer", "Scan Direction": "Forward", "Index Name": "info_type_pkey", "Relation Name": "info_type", "Alias": "it1", "Startup Cost": 0.0, "Total Cost": 14.21, "Plan Rows": 1, "Plan Width": 4, "Actual Startup Time": 0.029, "Actual Total Time": 0.075, "Actual Rows": 1, "Actual Loops": 1, "Filter": "((info)::text = 'genres'::text)", "Rows Removed by Filter": 111}, {"Node Type": "Nested Loop", "Parent Relationship": "Inner", "Join Type": "Inner", "Startup Cost": 0.0, "Total Cost": 99865.39, "Plan Rows": 13753, "Plan Width": 80, "Actual Startup Time": 9.417, "Actual Total Time": 542.155, "Actual Rows": 358, "Actual Loops": 1, "Inner Unique": false, "Plans": [{"Node Type": "Nested Loop", "Parent Relationship": "Outer", "Join Type": "Inner", "Startup Cost": 0.0, "Total Cost": 78493.26, "Plan Rows": 15041, "Plan Width": 30, "Actual Startup Time": 1.744, "Actual Total Time": 403.01, "Actual Rows": 6152, "Actual Loops": 1, "Inner Unique": true, "Plans": [{"Node Type": "Nested Loop", "Parent Relationship": "Outer", "Join Type": "Inner", "Startup Cost": 0.0, "Total Cost": 35880.0, "Plan Rows": 12936, "Plan Width": 9, "Actual Startup Time": 0.089, "Actual Total Time": 324.044, "Actual Rows": 15849, "Actual Loops": 1, "Inner Unique": false, "Plans": [{"Node Type": "Index Scan", "Parent Relationship": "Outer", "Scan Direction": "Forward", "Index Name": "info_type_pkey", "Relation Name": "info_type", "Alias": "it2", "Startup Cost": 0.0, "Total Cost": 14.21, "Plan Rows": 1, "Plan Width": 4, "Actual Startup Time": 0.051, "Actual Total Time": 0.059, "Actual Rows": 1, "Actual Loops": 1, "Filter": "((info)::text = 'rating'::text)", "Rows Removed by Filter": 111}, {"Node Type": "Index Scan", "Parent Relationship": "Inner", "Scan Direction": "Forward", "Index Name": "info_type_id_movie_info_idx", "Relation Name": "movie_info_idx", "Alias": "mi_idx", "Startup Cost": 0.0, "Total Cost": 35736.43, "Plan Rows": 12936, "Plan Width": 13, "Actual Startup Time": 0.036, "Actual Total Time": 320.329, "Actual Rows": 15849, "Actual Loops": 1, "Index Cond": "(info_type_id = it2.id)", "Rows Removed by Index Recheck": 0, "Filter": "((info)::text > '8.0'::text)", "Rows Removed by Filter": 444076}]}, {"Node Type": "Index Scan", "Parent Relationship": "Inner", "Scan Direction": "Forward", "Index Name": "title_pkey", "Relation Name": "title", "Alias": "t", "Startup Cost": 0.0, "Total Cost": 3.28, "Plan Rows": 1, "Plan Width": 21, "Actual Startup Time": 68.799, "Actual Total Time": 68.799, "Actual Rows": 6152, "Actual Loops": 15849, "Index Cond": "(id = mi_idx.movie_id)", "Rows Removed by Index Recheck": 0, "Filter": "((production_year >= 2008) AND (production_year <= 2014))", "Rows Removed by Filter": 9697}]}, {"Node Type": "Index Scan", "Parent Relationship": "Inner", "Scan Direction": "Forward", "Index Name": "movie_id_movie_info", "Relation Name": "movie_info", "Alias": "mi", "Startup Cost": 0.0, "Total Cost": 1.41, "Plan Rows": 1, "Plan Width": 50, "Actual Startup Time": 135.391, "Actual Total Time": 135.689, "Actual Rows": 358, "Actual Loops": 6152, "Index Cond": "(movie_id = t.id)", "Rows Removed by Index Recheck": 0, "Filter": "((note IS NULL) AND ((info)::text = ANY ('{Horror,Thriller}'::text[])))", "Rows Removed by Filter": 109599}]}]}, {"Node Type": "Index Scan", "Parent Relationship": "Inner", "Scan Direction": "Forward", "Index Name": "movie_id_cast_info", "Relation Name": "cast_info", "Alias": "ci", "Startup Cost": 0.0, "Total Cost": 2.34, "Plan Rows": 1, "Plan Width": 8, "Actual Startup Time": 19.212, "Actual Total Time": 24.39, "Actual Rows": 268, "Actual Loops": 358, "Index Cond": "(movie_id = t.id)", "Rows Removed by Index Recheck": 0, "Filter": "((note)::text = ANY ('{(writer),\"(head writer)\",\"(written by)\",(story),\"(story editor)\"}'::text[]))", "Rows Removed by Filter": 12296}]}, {"Node Type": "Index Scan", "Parent Relationship": "Inner", "Scan Direction": "Forward", "Index Name": "name_pkey", "Relation Name": "name", "Alias": "n", "Startup Cost": 0.0, "Total Cost": 0.49, "Plan Rows": 1, "Plan Width": 4, "Actual Startup Time": 1.905, "Actual Total Time": 1.905, "Actual Rows": 11, "Actual Loops": 268, "Index Cond": "(id = ci.person_id)", "Rows Removed by Index Recheck": 0, "Filter": "((gender IS NOT NULL) AND ((gender)::text = 'f'::text))", "Rows Removed by Filter": 257}]}]}, "Triggers": [], "Planner Runtime": 18.121, "Total Runtime": 569.824, "Unique SQL Id": 661781350}}, "(16, '46')": {"explain_plan": {"Plan": {"Node Type": "Aggregate", "Strategy": "Plain", "Startup Cost": 191058.48, "Total Cost": 191058.49, "Plan Rows": 1, "Plan Width": 160, "Plans": [{"Node Type": "Nested Loop", "Parent Relationship": "Outer", "Join Type": "Inner", "Startup Cost": 122681.05, "Total Cost": 191056.73, "Plan Rows": 233, "Plan Width": 64, "Inner Unique": false, "Join Filter": "(mi_idx.info_type_id = it2.id)", "Plans": [{"Node Type": "Seq Scan", "Parent Relationship": "Outer", "Relation Name": "info_type", "Alias": "it2", "Startup Cost": 0.0, "Total Cost": 2.4, "Plan Rows": 1, "Plan Width": 4, "Filter": "((info)::text = 'rating'::text)"}, {"Node Type": "Materialize", "Parent Relationship": "Inner", "Startup Cost": 122681.05, "Total Cost": 191044.99, "Plan Rows": 934, "Plan Width": 68, "Plans": [{"Node Type": "Hash Join", "Parent Relationship": "Outer", "Join Type": "Inner", "Startup Cost": 122681.05, "Total Cost": 191042.65, "Plan Rows": 934, "Plan Width": 68, "Inner Unique": true, "Hash Cond": "(ci.person_id = n.id)", "Plans": [{"Node Type": "Streaming(type: LOCAL GATHER dop: 1/16)", "Parent Relationship": "Outer", "Startup Cost": 106141.41, "Total Cost": 174488.87, "Plan Rows": 1285, "Plan Width": 72, "Plans": [{"Node Type": "Hash Join", "Parent Relationship": "Outer", "Join Type": "Inner", "Startup Cost": 106141.41, "Total Cost": 174461.14, "Plan Rows": 1285, "Plan Width": 72, "Inner Unique": true, "Hash Cond": "(mi.movie_id = t.id)", "Plans": [{"Node Type": "Streaming(type: BROADCAST dop: 16/16)", "Parent Relationship": "Outer", "Startup Cost": 85985.62, "Total Cost": 154300.41, "Plan Rows": 17680, "Plan Width": 67, "Plans": [{"Node Type": "Hash Join", "Parent Relationship": "Outer", "Join Type": "Inner", "Startup Cost": 85985.62, "Total Cost": 139255.51, "Plan Rows": 1105, "Plan Width": 67, "Inner Unique": false, "Hash Cond": "(mi.movie_id = ci.movie_id)", "Plans": [{"Node Type": "Streaming(type: BROADCAST dop: 16/1)", "Parent Relationship": "Outer", "Startup Cost": 18248.8, "Total Cost": 71295.72, "Plan Rows": 15984, "Plan Width": 59, "Plans": [{"Node Type": "Hash Join", "Parent Relationship": "Outer", "Join Type": "Inner", "Startup Cost": 18248.8, "Total Cost": 55950.75, "Plan Rows": 999, "Plan Width": 59, "Inner Unique": false, "Hash Cond": "(mi.movie_id = mi_idx.movie_id)", "Plans": [{"Node Type": "Hash Join", "Parent Relationship": "Outer", "Join Type": "Inner", "Startup Cost": 2.41, "Total Cost": 37619.13, "Plan Rows": 971, "Plan Width": 46, "Inner Unique": true, "Hash Cond": "(mi.info_type_id = it1.id)", "Plans": [{"Node Type": "Streaming(type: LOCAL GATHER dop: 1/16)", "Parent Relationship": "Outer", "Startup Cost": 0.0, "Total Cost": 37352.11, "Plan Rows": 67971, "Plan Width": 50, "Plans": [{"Node Type": "Seq Scan", "Parent Relationship": "Outer", "Relation Name": "movie_info", "Alias": "mi", "Startup Cost": 0.0, "Total Cost": 35885.16, "Plan Rows": 67971, "Plan Width": 50, "Filter": "((note IS NULL) AND ((info)::text = ANY ('{Horror,Thriller}'::text[])))"}]}, {"Node Type": "Hash", "Parent Relationship": "Inner", "Startup Cost": 2.4, "Total Cost": 2.4, "Plan Rows": 1, "Plan Width": 4, "Plans": [{"Node Type": "Seq Scan", "Parent Relationship": "Outer", "Relation Name": "info_type", "Alias": "it1", "Startup Cost": 0.0, "Total Cost": 2.4, "Plan Rows": 1, "Plan Width": 4, "Filter": "((info)::text = 'genres'::text)"}]}]}, {"Node Type": "Hash", "Parent Relationship": "Inner", "Startup Cost": 17599.56, "Total Cost": 17599.56, "Plan Rows": 51746, "Plan Width": 13, "Plans": [{"Node Type": "Streaming(type: LOCAL GATHER dop: 1/16)", "Parent Relationship": "Outer", "Startup Cost": 0.0, "Total Cost": 17599.56, "Plan Rows": 51746, "Plan Width": 13, "Plans": [{"Node Type": "Seq Scan", "Parent Relationship": "Outer", "Relation Name": "movie_info_idx", "Alias": "mi_idx", "Startup Cost": 0.0, "Total Cost": 16482.78, "Plan Rows": 51746, "Plan Width": 13, "Filter": "((info)::text > '8.0'::text)"}]}]}]}]}, {"Node Type": "Hash", "Parent Relationship": "Inner", "Startup Cost": 66781.24, "Total Cost": 66781.24, "Plan Rows": 1223154, "Plan Width": 8, "Plans": [{"Node Type": "Seq Scan", "Parent Relationship": "Outer", "Relation Name": "cast_info", "Alias": "ci", "Startup Cost": 0.0, "Total Cost": 66781.24, "Plan Rows": 1223154, "Plan Width": 8, "Filter": "((note)::text = ANY ('{(writer),\"(head writer)\",\"(written by)\",(story),\"(story editor)\"}'::text[]))"}]}]}]}, {"Node Type": "Hash", "Parent Relationship": "Inner", "Startup Cost": 19544.42, "Total Cost": 19544.42, "Plan Rows": 782553, "Plan Width": 21, "Plans": [{"Node Type": "Seq Scan", "Parent Relationship": "Outer", "Relation Name": "title", "Alias": "t", "Startup Cost": 88.19, "Total Cost": 19544.42, "Plan Rows": 782553, "Plan Width": 21, "Filter": "((production_year >= 2008) AND (production_year <= 2014)), (LLVM Optimized)"}]}]}]}, {"Node Type": "Hash", "Parent Relationship": "Inner", "Startup Cost": 34942.34, "Total Cost": 34942.34, "Plan Rows": 624324, "Plan Width": 4, "Plans": [{"Node Type": "Streaming(type: LOCAL GATHER dop: 1/16)", "Parent Relationship": "Outer", "Startup Cost": 0.0, "Total Cost": 34942.34, "Plan Rows": 624324, "Plan Width": 4, "Plans": [{"Node Type": "Seq Scan", "Parent Relationship": "Outer", "Relation Name": "name", "Alias": "n", "Startup Cost": 0.0, "Total Cost": 21468.16, "Plan Rows": 624324, "Plan Width": 4, "Filter": "((gender IS NOT NULL) AND ((gender)::text = 'f'::text)), (LLVM Optimized)"}]}]}]}]}]}]}, "Unique SQL Id": 661781350, "Planner Runtime": 131}, "explain_analyze_plan": {"Plan": {"Node Type": "Aggregate", "Strategy": "Plain", "Startup Cost": 191058.48, "Total Cost": 191058.49, "Plan Rows": 1, "Plan Width": 160, "Actual Min Startup Time": 1194.432, "Actual Max Startup Time": 1194.432, "Actual Min Total Time": 1194.433, "Actual Max Total Time": 1194.433, "Plans": [{"Node Type": "Nested Loop", "Parent Relationship": "Outer", "Join Type": "Inner", "Startup Cost": 122681.05, "Total Cost": 191056.73, "Plan Rows": 233, "Plan Width": 64, "Actual Min Startup Time": 1194.379, "Actual Max Startup Time": 1194.379, "Actual Min Total Time": 1194.399, "Actual Max Total Time": 1194.399, "Inner Unique": false, "Join Filter": "(mi_idx.info_type_id = it2.id)", "Rows Removed by Join Filter": 29, "Plans": [{"Node Type": "Seq Scan", "Parent Relationship": "Outer", "Relation Name": "info_type", "Alias": "it2", "Startup Cost": 0.0, "Total Cost": 2.4, "Plan Rows": 1, "Plan Width": 4, "Actual Min Startup Time": 0.067, "Actual Max Startup Time": 0.067, "Actual Min Total Time": 0.073, "Actual Max Total Time": 0.073, "Filter": "((info)::text = 'rating'::text)", "Rows Removed by Filter": 111, "Actual Rows": 1}, {"Node Type": "Materialize", "Parent Relationship": "Inner", "Startup Cost": 122681.05, "Total Cost": 191044.99, "Plan Rows": 934, "Plan Width": 68, "Actual Min Startup Time": 1193.24, "Actual Max Startup Time": 1193.24, "Actual Min Total Time": 1193.244, "Actual Max Total Time": 1193.244, "Plans": [{"Node Type": "Hash Join", "Parent Relationship": "Outer", "Join Type": "Inner", "Startup Cost": 122681.05, "Total Cost": 191042.65, "Plan Rows": 934, "Plan Width": 68, "Actual Min Startup Time": 1191.54, "Actual Max Startup Time": 1191.54, "Actual Min Total Time": 1193.207, "Actual Max Total Time": 1193.207, "Inner Unique": true, "Hash Cond": "(ci.person_id = n.id)", "Plans": [{"Node Type": "Streaming(type: LOCAL GATHER dop: 1/16)", "Parent Relationship": "Outer", "Startup Cost": 106141.41, "Total Cost": 174488.87, "Plan Rows": 1285, "Plan Width": 72, "Actual Min Startup Time": 474.697, "Actual Max Startup Time": 474.697, "Actual Min Total Time": 476.057, "Actual Max Total Time": 476.057, "Plans": [{"Node Type": "Hash Join", "Parent Relationship": "Outer", "Join Type": "Inner", "Startup Cost": 106141.41, "Total Cost": 174461.14, "Plan Rows": 1285, "Plan Width": 72, "Actual Min Startup Time": 917.099, "Actual Max Startup Time": 990.625, "Actual Min Total Time": 985.533, "Actual Max Total Time": 1059.205, "Inner Unique": true, "Hash Cond": "(mi.movie_id = t.id)", "Plans": [{"Node Type": "Streaming(type: BROADCAST dop: 16/16)", "Parent Relationship": "Outer", "Startup Cost": 85985.62, "Total Cost": 154300.41, "Plan Rows": 17680, "Plan Width": 67, "Actual Min Startup Time": 831.067, "Actual Max Startup Time": 880.685, "Actual Min Total Time": 898.637, "Actual Max Total Time": 948.319, "Plans": [{"Node Type": "Hash Join", "Parent Relationship": "Outer", "Join Type": "Inner", "Startup Cost": 85985.62, "Total Cost": 139255.51, "Plan Rows": 1105, "Plan Width": 67, "Actual Min Startup Time": 875.789, "Actual Max Startup Time": 944.135, "Actual Min Total Time": 1026.666, "Actual Max Total Time": 1070.091, "Inner Unique": false, "Hash Cond": "(mi.movie_id = ci.movie_id)", "Plans": [{"Node Type": "Streaming(type: BROADCAST dop: 16/1)", "Parent Relationship": "Outer", "Startup Cost": 18248.8, "Total Cost": 71295.72, "Plan Rows": 15984, "Plan Width": 59, "Actual Min Startup Time": 0.042, "Actual Max Startup Time": 0.104, "Actual Min Total Time": 119.563, "Actual Max Total Time": 178.257, "Plans": [{"Node Type": "Hash Join", "Parent Relationship": "Outer", "Join Type": "Inner", "Startup Cost": 18248.8, "Total Cost": 55950.75, "Plan Rows": 999, "Plan Width": 59, "Actual Min Startup Time": 333.57, "Actual Max Startup Time": 333.57, "Actual Min Total Time": 428.026, "Actual Max Total Time": 428.026, "Inner Unique": false, "Hash Cond": "(mi.movie_id = mi_idx.movie_id)", "Plans": [{"Node Type": "Hash Join", "Parent Relationship": "Outer", "Join Type": "Inner", "Startup Cost": 2.41, "Total Cost": 37619.13, "Plan Rows": 971, "Plan Width": 46, "Actual Min Startup Time": 259.235, "Actual Max Startup Time": 259.235, "Actual Min Total Time": 335.596, "Actual Max Total Time": 335.596, "Inner Unique": true, "Hash Cond": "(mi.info_type_id = it1.id)", "Plans": [{"Node Type": "Streaming(type: LOCAL GATHER dop: 1/16)", "Parent Relationship": "Outer", "Startup Cost": 0.0, "Total Cost": 37352.11, "Plan Rows": 67971, "Plan Width": 50, "Actual Min Startup Time": 202.279, "Actual Max Startup Time": 202.279, "Actual Min Total Time": 307.911, "Actual Max Total Time": 307.911, "Plans": [{"Node Type": "Seq Scan", "Parent Relationship": "Outer", "Relation Name": "movie_info", "Alias": "mi", "Startup Cost": 0.0, "Total Cost": 35885.16, "Plan Rows": 67971, "Plan Width": 50, "Actual Min Startup Time": 244.582, "Actual Max Startup Time": 373.008, "Actual Min Total Time": 391.953, "Actual Max Total Time": 423.414, "Filter": "((note IS NULL) AND ((info)::text = ANY ('{Horror,Thriller}'::text[])))", "Rows Removed by Filter": 14762672, "Actual Rows": 73047}], "Actual Rows": 73047}, {"Node Type": "Hash", "Parent Relationship": "Inner", "Startup Cost": 2.4, "Total Cost": 2.4, "Plan Rows": 1, "Plan Width": 4, "Actual Min Startup Time": 0.089, "Actual Max Startup Time": 0.089, "Actual Min Total Time": 0.089, "Actual Max Total Time": 0.089, "Max Hash Buckets": 32768, "Min Hash Buckets": 32768, "Max Hash Batches": 1, "Min Hash Batches": 1, "Max Original Hash Batches": 1, "Min Original Hash Batches": 1, "Max Peak Memory Usage": 1, "min Peak Memory Usage": 1, "Plans": [{"Node Type": "Seq Scan", "Parent Relationship": "Outer", "Relation Name": "info_type", "Alias": "it1", "Startup Cost": 0.0, "Total Cost": 2.4, "Plan Rows": 1, "Plan Width": 4, "Actual Min Startup Time": 0.056, "Actual Max Startup Time": 0.056, "Actual Min Total Time": 0.08, "Actual Max Total Time": 0.08, "Filter": "((info)::text = 'genres'::text)", "Rows Removed by Filter": 111, "Actual Rows": 1}], "Actual Rows": 1}], "Actual Rows": 72258}, {"Node Type": "Hash", "Parent Relationship": "Inner", "Startup Cost": 17599.56, "Total Cost": 17599.56, "Plan Rows": 51746, "Plan Width": 13, "Actual Min Startup Time": 74.235, "Actual Max Startup Time": 74.235, "Actual Min Total Time": 74.235, "Actual Max Total Time": 74.235, "Max Hash Buckets": 65536, "Min Hash Buckets": 65536, "Max Hash Batches": 1, "Min Hash Batches": 1, "Max Original Hash Batches": 1, "Min Original Hash Batches": 1, "Max Peak Memory Usage": 2322, "min Peak Memory Usage": 2322, "Plans": [{"Node Type": "Streaming(type: LOCAL GATHER dop: 1/16)", "Parent Relationship": "Outer", "Startup Cost": 0.0, "Total Cost": 17599.56, "Plan Rows": 51746, "Plan Width": 13, "Actual Min Startup Time": 0.119, "Actual Max Startup Time": 0.119, "Actual Min Total Time": 38.846, "Actual Max Total Time": 38.846, "Plans": [{"Node Type": "Seq Scan", "Parent Relationship": "Outer", "Relation Name": "movie_info_idx", "Alias": "mi_idx", "Startup Cost": 0.0, "Total Cost": 16482.78, "Plan Rows": 51746, "Plan Width": 13, "Actual Min Startup Time": 0.053, "Actual Max Startup Time": 0.108, "Actual Min Total Time": 34.71, "Actual Max Total Time": 42.831, "Filter": "((info)::text > '8.0'::text)", "Rows Removed by Filter": 1326385, "Actual Rows": 53649}], "Actual Rows": 53649}], "Actual Rows": 53649}], "Actual Rows": 4135}], "Actual Rows": 66160}, {"Node Type": "Hash", "Parent Relationship": "Inner", "Startup Cost": 66781.24, "Total Cost": 66781.24, "Plan Rows": 1223154, "Plan Width": 8, "Actual Min Startup Time": 875.572, "Actual Max Startup Time": 920.032, "Actual Min Total Time": 875.572, "Actual Max Total Time": 920.032, "Max Hash Buckets": 131072, "Min Hash Buckets": 131072, "Max Hash Batches": 1, "Min Hash Batches": 1, "Max Original Hash Batches": 1, "Min Original Hash Batches": 1, "Max Peak Memory Usage": 3042, "min Peak Memory Usage": 3042, "Plans": [{"Node Type": "Seq Scan", "Parent Relationship": "Outer", "Relation Name": "cast_info", "Alias": "ci", "Startup Cost": 0.0, "Total Cost": 66781.24, "Plan Rows": 1223154, "Plan Width": 8, "Actual Min Startup Time": 32.982, "Actual Max Startup Time": 466.55, "Actual Min Total Time": 853.731, "Actual Max Total Time": 895.644, "Filter": "((note)::text = ANY ('{(writer),\"(head writer)\",\"(written by)\",(story),\"(story editor)\"}'::text[]))", "Rows Removed by Filter": 34999627, "Actual Rows": 1244716}], "Actual Rows": 1244716}], "Actual Rows": 2288}], "Actual Rows": 36608}, {"Node Type": "Hash", "Parent Relationship": "Inner", "Startup Cost": 19544.42, "Total Cost": 19544.42, "Plan Rows": 782553, "Plan Width": 21, "Actual Min Startup Time": 77.806, "Actual Max Startup Time": 109.795, "Actual Min Total Time": 77.806, "Actual Max Total Time": 109.795, "Max Hash Buckets": 65536, "Min Hash Buckets": 65536, "Max Hash Batches": 1, "Min Hash Batches": 1, "Max Original Hash Batches": 1, "Min Original Hash Batches": 1, "Max Peak Memory Usage": 2675, "min Peak Memory Usage": 2675, "Plans": [{"Node Type": "Seq Scan", "Parent Relationship": "Outer", "Relation Name": "title", "Alias": "t", "Startup Cost": 88.19, "Total Cost": 19544.42, "Plan Rows": 782553, "Plan Width": 21, "Actual Min Startup Time": 0.024, "Actual Max Startup Time": 0.047, "Actual Min Total Time": 62.561, "Actual Max Total Time": 71.353, "Filter": "((production_year >= 2008) AND (production_year <= 2014)), (LLVM Optimized, Jit Execute)", "Rows Removed by Filter": 1743823, "Actual Rows": 784488}], "Actual Rows": 784488}], "Actual Rows": 930}], "Actual Rows": 930}, {"Node Type": "Hash", "Parent Relationship": "Inner", "Startup Cost": 34942.34, "Total Cost": 34942.34, "Plan Rows": 624324, "Plan Width": 4, "Actual Min Startup Time": 716.009, "Actual Max Startup Time": 716.009, "Actual Min Total Time": 716.009, "Actual Max Total Time": 716.009, "Max Hash Buckets": 1048576, "Min Hash Buckets": 1048576, "Max Hash Batches": 1, "Min Hash Batches": 1, "Max Original Hash Batches": 1, "Min Original Hash Batches": 1, "Max Peak Memory Usage": 33805, "min Peak Memory Usage": 33805, "Plans": [{"Node Type": "Streaming(type: LOCAL GATHER dop: 1/16)", "Parent Relationship": "Outer", "Startup Cost": 0.0, "Total Cost": 34942.34, "Plan Rows": 624324, "Plan Width": 4, "Actual Min Startup Time": 84.419, "Actual Max Startup Time": 84.419, "Actual Min Total Time": 423.252, "Actual Max Total Time": 423.252, "Plans": [{"Node Type": "Seq Scan", "Parent Relationship": "Outer", "Relation Name": "name", "Alias": "n", "Startup Cost": 0.0, "Total Cost": 21468.16, "Plan Rows": 624324, "Plan Width": 4, "Actual Min Startup Time": 42.75, "Actual Max Startup Time": 49.752, "Actual Min Total Time": 92.52, "Actual Max Total Time": 100.112, "Filter": "((gender IS NOT NULL) AND ((gender)::text = 'f'::text)), (LLVM Optimized, Jit Execute)", "Rows Removed by Filter": 3205935, "Actual Rows": 961555}], "Actual Rows": 961555}], "Actual Rows": 961555}], "Actual Rows": 40}], "Actual Rows": 41}], "Actual Rows": 11}], "Actual Rows": 1}, "Triggers": [], "Planner Runtime": 136.802, "Total Runtime": 1222.104, "Unique SQL Id": 661781350}}, "(16, '47')": {"explain_plan": {"Plan": {"Node Type": "Aggregate", "Strategy": "Plain", "Startup Cost": 7000346498707.9, "Total Cost": 7000346498707.91, "Plan Rows": 1, "Plan Width": 160, "Plans": [{"Node Type": "Nested Loop", "Parent Relationship": "Outer", "Join Type": "Inner", "Startup Cost": 70000000000.0, "Total Cost": 7000346498706.15, "Plan Rows": 233, "Plan Width": 64, "Inner Unique": false, "Join Filter": "(mi.movie_id = t.id)", "Plans": [{"Node Type": "Index Scan", "Parent Relationship": "Outer", "Scan Direction": "Forward", "Index Name": "title_pkey", "Relation Name": "title", "Alias": "t", "Startup Cost": 10000000000.0, "Total Cost": 1000012276204.41, "Plan Rows": 782553, "Plan Width": 21, "Filter": "((production_year >= 2008) AND (production_year <= 2014)), (LLVM Optimized)"}, {"Node Type": "Materialize", "Parent Relationship": "Inner", "Startup Cost": 60000000000.0, "Total Cost": 6000331874843.24, "Plan Rows": 200, "Plan Width": 59, "Plans": [{"Node Type": "Nested Loop", "Parent Relationship": "Outer", "Join Type": "Inner", "Startup Cost": 60000000000.0, "Total Cost": 6000331874842.24, "Plan Rows": 200, "Plan Width": 59, "Inner Unique": true, "Join Filter": "(ci.person_id = n.id)", "Plans": [{"Node Type": "Nested Loop", "Parent Relationship": "Outer", "Join Type": "Inner", "Startup Cost": 50000000000.0, "Total Cost": 5000310623432.87, "Plan Rows": 276, "Plan Width": 63, "Inner Unique": false, "Join Filter": "(mi.movie_id = ci.movie_id)", "Plans": [{"Node Type": "Nested Loop", "Parent Relationship": "Outer", "Join Type": "Inner", "Startup Cost": 40000000000.0, "Total Cost": 4000112722530.52, "Plan Rows": 250, "Plan Width": 55, "Inner Unique": false, "Join Filter": "(mi.movie_id = mi_idx.movie_id)", "Plans": [{"Node Type": "Nested Loop", "Parent Relationship": "Outer", "Join Type": "Inner", "Startup Cost": 20000000000.0, "Total Cost": 2000107536844.28, "Plan Rows": 971, "Plan Width": 46, "Inner Unique": true, "Join Filter": "(it1.id = mi.info_type_id)", "Plans": [{"Node Type": "Index Scan", "Parent Relationship": "Outer", "Scan Direction": "Forward", "Index Name": "movie_id_movie_info", "Relation Name": "movie_info", "Alias": "mi", "Startup Cost": 10000000000.0, "Total Cost": 1000107534403.72, "Plan Rows": 67971, "Plan Width": 50, "Filter": "((note IS NULL) AND ((info)::text = ANY ('{Horror,Thriller}'::text[])))"}, {"Node Type": "Materialize", "Parent Relationship": "Inner", "Startup Cost": 10000000000.0, "Total Cost": 1000000001421.0, "Plan Rows": 1, "Plan Width": 4, "Plans": [{"Node Type": "Index Scan", "Parent Relationship": "Outer", "Scan Direction": "Forward", "Index Name": "info_type_pkey", "Relation Name": "info_type", "Alias": "it1", "Startup Cost": 10000000000.0, "Total Cost": 1000000001421.0, "Plan Rows": 1, "Plan Width": 4, "Filter": "((info)::text = 'genres'::text)"}]}]}, {"Node Type": "Materialize", "Parent Relationship": "Inner", "Startup Cost": 20000000000.0, "Total Cost": 2000004997305.74, "Plan Rows": 12936, "Plan Width": 9, "Plans": [{"Node Type": "Nested Loop", "Parent Relationship": "Outer", "Join Type": "Inner", "Startup Cost": 20000000000.0, "Total Cost": 2000004997241.06, "Plan Rows": 12936, "Plan Width": 9, "Inner Unique": true, "Join Filter": "(it2.id = mi_idx.info_type_id)", "Plans": [{"Node Type": "Index Scan", "Parent Relationship": "Outer", "Scan Direction": "Forward", "Index Name": "movie_id_movie_info_idx", "Relation Name": "movie_info_idx", "Alias": "mi_idx", "Startup Cost": 10000000000.0, "Total Cost": 1000004995043.87, "Plan Rows": 51746, "Plan Width": 13, "Filter": "((info)::text > '8.0'::text)"}, {"Node Type": "Materialize", "Parent Relationship": "Inner", "Startup Cost": 10000000000.0, "Total Cost": 1000000001421.0, "Plan Rows": 1, "Plan Width": 4, "Plans": [{"Node Type": "Index Scan", "Parent Relationship": "Outer", "Scan Direction": "Forward", "Index Name": "info_type_pkey", "Relation Name": "info_type", "Alias": "it2", "Startup Cost": 10000000000.0, "Total Cost": 1000000001421.0, "Plan Rows": 1, "Plan Width": 4, "Filter": "((info)::text = 'rating'::text)"}]}]}]}]}, {"Node Type": "Materialize", "Parent Relationship": "Inner", "Startup Cost": 10000000000.0, "Total Cost": 1000193317132.73, "Plan Rows": 1223154, "Plan Width": 8, "Plans": [{"Node Type": "Index Scan", "Parent Relationship": "Outer", "Scan Direction": "Forward", "Index Name": "person_id_cast_info", "Relation Name": "cast_info", "Alias": "ci", "Startup Cost": 10000000000.0, "Total Cost": 1000193311016.96, "Plan Rows": 1223154, "Plan Width": 8, "Filter": "((note)::text = ANY ('{(writer),\"(head writer)\",\"(written by)\",(story),\"(story editor)\"}'::text[]))"}]}]}, {"Node Type": "Materialize", "Parent Relationship": "Inner", "Startup Cost": 10000000000.0, "Total Cost": 1000018668268.82, "Plan Rows": 624324, "Plan Width": 4, "Plans": [{"Node Type": "Index Scan", "Parent Relationship": "Outer", "Scan Direction": "Forward", "Index Name": "name_pkey", "Relation Name": "name", "Alias": "n", "Startup Cost": 10000000000.0, "Total Cost": 1000018665147.2, "Plan Rows": 624324, "Plan Width": 4, "Filter": "((gender IS NOT NULL) AND ((gender)::text = 'f'::text)), (LLVM Optimized)"}]}]}]}]}]}, "Unique SQL Id": 661781350, "Planner Runtime": 32}, "explain_analyze_plan": null}, "(16, '48')": {"explain_plan": {"Plan": {"Node Type": "Aggregate", "Strategy": "Plain", "Startup Cost": 40721.77, "Total Cost": 40721.78, "Plan Rows": 1, "Plan Width": 160, "Plans": [{"Node Type": "Nested Loop", "Parent Relationship": "Outer", "Join Type": "Inner", "Startup Cost": 0.0, "Total Cost": 40720.13, "Plan Rows": 219, "Plan Width": 64, "Inner Unique": true, "Plans": [{"Node Type": "Nested Loop", "Parent Relationship": "Outer", "Join Type": "Inner", "Startup Cost": 0.0, "Total Cost": 40559.14, "Plan Rows": 321, "Plan Width": 68, "Inner Unique": false, "Plans": [{"Node Type": "Nested Loop", "Parent Relationship": "Outer", "Join Type": "Inner", "Startup Cost": 0.0, "Total Cost": 39874.11, "Plan Rows": 291, "Plan Width": 76, "Inner Unique": true, "Plans": [{"Node Type": "Nested Loop", "Parent Relationship": "Outer", "Join Type": "Inner", "Startup Cost": 0.0, "Total Cost": 39160.9, "Plan Rows": 250, "Plan Width": 55, "Inner Unique": false, "Join Filter": "(mi_idx.info_type_id = it2.id)", "Plans": [{"Node Type": "Seq Scan", "Parent Relationship": "Outer", "Relation Name": "info_type", "Alias": "it2", "Startup Cost": 0.0, "Total Cost": 2.4, "Plan Rows": 1, "Plan Width": 4, "Filter": "((info)::text = 'rating'::text)"}, {"Node Type": "Nested Loop", "Parent Relationship": "Inner", "Join Type": "Inner", "Startup Cost": 0.0, "Total Cost": 39146.01, "Plan Rows": 999, "Plan Width": 59, "Inner Unique": false, "Plans": [{"Node Type": "Nested Loop", "Parent Relationship": "Outer", "Join Type": "Inner", "Startup Cost": 0.0, "Total Cost": 38204.15, "Plan Rows": 971, "Plan Width": 46, "Inner Unique": false, "Join Filter": "(it1.id = mi.info_type_id)", "Plans": [{"Node Type": "Seq Scan", "Parent Relationship": "Outer", "Relation Name": "info_type", "Alias": "it1", "Startup Cost": 0.0, "Total Cost": 2.4, "Plan Rows": 1, "Plan Width": 4, "Filter": "((info)::text = 'genres'::text)"}, {"Node Type": "Materialize", "Parent Relationship": "Inner", "Startup Cost": 0.0, "Total Cost": 37522.04, "Plan Rows": 67971, "Plan Width": 50, "Plans": [{"Node Type": "Streaming(type: LOCAL GATHER dop: 1/16)", "Parent Relationship": "Outer", "Startup Cost": 0.0, "Total Cost": 37352.11, "Plan Rows": 67971, "Plan Width": 50, "Plans": [{"Node Type": "Seq Scan", "Parent Relationship": "Outer", "Relation Name": "movie_info", "Alias": "mi", "Startup Cost": 0.0, "Total Cost": 35885.16, "Plan Rows": 67971, "Plan Width": 50, "Filter": "((note IS NULL) AND ((info)::text = ANY ('{Horror,Thriller}'::text[])))"}]}]}]}, {"Node Type": "Index Scan", "Parent Relationship": "Inner", "Scan Direction": "Forward", "Index Name": "movie_id_movie_info_idx", "Relation Name": "movie_info_idx", "Alias": "mi_idx", "Startup Cost": 0.0, "Total Cost": 0.96, "Plan Rows": 1, "Plan Width": 13, "Index Cond": "(movie_id = mi.movie_id)", "Filter": "((info)::text > '8.0'::text)"}]}]}, {"Node Type": "Index Scan", "Parent Relationship": "Inner", "Scan Direction": "Forward", "Index Name": "title_pkey", "Relation Name": "title", "Alias": "t", "Startup Cost": 0.0, "Total Cost": 2.84, "Plan Rows": 1, "Plan Width": 21, "Index Cond": "(id = mi.movie_id)", "Filter": "((production_year >= 2008) AND (production_year <= 2014))"}]}, {"Node Type": "Index Scan", "Parent Relationship": "Inner", "Scan Direction": "Forward", "Index Name": "movie_id_cast_info", "Relation Name": "cast_info", "Alias": "ci", "Startup Cost": 0.0, "Total Cost": 2.34, "Plan Rows": 1, "Plan Width": 8, "Index Cond": "(movie_id = t.id)", "Filter": "((note)::text = ANY ('{(writer),\"(head writer)\",\"(written by)\",(story),\"(story editor)\"}'::text[]))"}]}, {"Node Type": "Index Scan", "Parent Relationship": "Inner", "Scan Direction": "Forward", "Index Name": "name_pkey", "Relation Name": "name", "Alias": "n", "Startup Cost": 0.0, "Total Cost": 0.49, "Plan Rows": 1, "Plan Width": 4, "Index Cond": "(id = ci.person_id)", "Filter": "((gender IS NOT NULL) AND ((gender)::text = 'f'::text))"}]}]}, "Unique SQL Id": 661781350, "Planner Runtime": 8}, "explain_analyze_plan": {"Plan": {"Node Type": "Aggregate", "Strategy": "Plain", "Startup Cost": 40721.77, "Total Cost": 40721.78, "Plan Rows": 1, "Plan Width": 160, "Actual Min Startup Time": 783.795, "Actual Max Startup Time": 783.795, "Actual Min Total Time": 783.796, "Actual Max Total Time": 783.796, "Plans": [{"Node Type": "Nested Loop", "Parent Relationship": "Outer", "Join Type": "Inner", "Startup Cost": 0.0, "Total Cost": 40720.13, "Plan Rows": 219, "Plan Width": 64, "Actual Min Startup Time": 421.789, "Actual Max Startup Time": 421.789, "Actual Min Total Time": 783.737, "Actual Max Total Time": 783.737, "Inner Unique": true, "Plans": [{"Node Type": "Nested Loop", "Parent Relationship": "Outer", "Join Type": "Inner", "Startup Cost": 0.0, "Total Cost": 40559.14, "Plan Rows": 321, "Plan Width": 68, "Actual Min Startup Time": 420.591, "Actual Max Startup Time": 420.591, "Actual Min Total Time": 781.702, "Actual Max Total Time": 781.702, "Inner Unique": false, "Plans": [{"Node Type": "Nested Loop", "Parent Relationship": "Outer", "Join Type": "Inner", "Startup Cost": 0.0, "Total Cost": 39874.11, "Plan Rows": 291, "Plan Width": 76, "Actual Min Startup Time": 418.68, "Actual Max Startup Time": 418.68, "Actual Min Total Time": 757.309, "Actual Max Total Time": 757.309, "Inner Unique": true, "Plans": [{"Node Type": "Nested Loop", "Parent Relationship": "Outer", "Join Type": "Inner", "Startup Cost": 0.0, "Total Cost": 39160.9, "Plan Rows": 250, "Plan Width": 55, "Actual Min Startup Time": 418.659, "Actual Max Startup Time": 418.659, "Actual Min Total Time": 752.537, "Actual Max Total Time": 752.537, "Inner Unique": false, "Join Filter": "(mi_idx.info_type_id = it2.id)", "Rows Removed by Join Filter": 3403, "Plans": [{"Node Type": "Seq Scan", "Parent Relationship": "Outer", "Relation Name": "info_type", "Alias": "it2", "Startup Cost": 0.0, "Total Cost": 2.4, "Plan Rows": 1, "Plan Width": 4, "Actual Min Startup Time": 0.077, "Actual Max Startup Time": 0.077, "Actual Min Total Time": 0.093, "Actual Max Total Time": 0.093, "Filter": "((info)::text = 'rating'::text)", "Rows Removed by Filter": 111, "Actual Rows": 1}, {"Node Type": "Nested Loop", "Parent Relationship": "Inner", "Join Type": "Inner", "Startup Cost": 0.0, "Total Cost": 39146.01, "Plan Rows": 999, "Plan Width": 59, "Actual Min Startup Time": 418.484, "Actual Max Startup Time": 418.484, "Actual Min Total Time": 750.31, "Actual Max Total Time": 750.31, "Inner Unique": false, "Plans": [{"Node Type": "Nested Loop", "Parent Relationship": "Outer", "Join Type": "Inner", "Startup Cost": 0.0, "Total Cost": 38204.15, "Plan Rows": 971, "Plan Width": 46, "Actual Min Startup Time": 418.401, "Actual Max Startup Time": 418.401, "Actual Min Total Time": 457.136, "Actual Max Total Time": 457.136, "Inner Unique": false, "Join Filter": "(it1.id = mi.info_type_id)", "Rows Removed by Join Filter": 789, "Plans": [{"Node Type": "Seq Scan", "Parent Relationship": "Outer", "Relation Name": "info_type", "Alias": "it1", "Startup Cost": 0.0, "Total Cost": 2.4, "Plan Rows": 1, "Plan Width": 4, "Actual Min Startup Time": 0.07, "Actual Max Startup Time": 0.07, "Actual Min Total Time": 0.105, "Actual Max Total Time": 0.105, "Filter": "((info)::text = 'genres'::text)", "Rows Removed by Filter": 111, "Actual Rows": 1}, {"Node Type": "Materialize", "Parent Relationship": "Inner", "Startup Cost": 0.0, "Total Cost": 37522.04, "Plan Rows": 67971, "Plan Width": 50, "Actual Min Startup Time": 418.259, "Actual Max Startup Time": 418.259, "Actual Min Total Time": 427.845, "Actual Max Total Time": 427.845, "Plans": [{"Node Type": "Streaming(type: LOCAL GATHER dop: 1/16)", "Parent Relationship": "Outer", "Startup Cost": 0.0, "Total Cost": 37352.11, "Plan Rows": 67971, "Plan Width": 50, "Actual Min Startup Time": 267.189, "Actual Max Startup Time": 267.189, "Actual Min Total Time": 406.953, "Actual Max Total Time": 406.953, "Plans": [{"Node Type": "Seq Scan", "Parent Relationship": "Outer", "Relation Name": "movie_info", "Alias": "mi", "Startup Cost": 0.0, "Total Cost": 35885.16, "Plan Rows": 67971, "Plan Width": 50, "Actual Min Startup Time": 236.199, "Actual Max Startup Time": 341.623, "Actual Min Total Time": 383.341, "Actual Max Total Time": 397.733, "Filter": "((note IS NULL) AND ((info)::text = ANY ('{Horror,Thriller}'::text[])))", "Rows Removed by Filter": 14762672, "Actual Rows": 73047}], "Actual Rows": 73047}], "Actual Rows": 73048}], "Actual Rows": 72258}, {"Node Type": "Index Scan", "Parent Relationship": "Inner", "Scan Direction": "Forward", "Index Name": "movie_id_movie_info_idx", "Relation Name": "movie_info_idx", "Alias": "mi_idx", "Startup Cost": 0.0, "Total Cost": 0.96, "Plan Rows": 1, "Plan Width": 13, "Actual Min Startup Time": 255.529, "Actual Max Startup Time": 255.529, "Actual Min Total Time": 258.944, "Actual Max Total Time": 258.944, "Index Cond": "(movie_id = mi.movie_id)", "Rows Removed by Index Recheck": 0, "Filter": "((info)::text > '8.0'::text)", "Rows Removed by Filter": 113143, "Actual Rows": 4135}], "Actual Rows": 4135}], "Actual Rows": 732}, {"Node Type": "Index Scan", "Parent Relationship": "Inner", "Scan Direction": "Forward", "Index Name": "title_pkey", "Relation Name": "title", "Alias": "t", "Startup Cost": 0.0, "Total Cost": 2.84, "Plan Rows": 1, "Plan Width": 21, "Actual Min Startup Time": 4.157, "Actual Max Startup Time": 4.157, "Actual Min Total Time": 4.157, "Actual Max Total Time": 4.157, "Index Cond": "(id = mi.movie_id)", "Rows Removed by Index Recheck": 0, "Filter": "((production_year >= 2008) AND (production_year <= 2014))", "Rows Removed by Filter": 374, "Actual Rows": 358}], "Actual Rows": 358}, {"Node Type": "Index Scan", "Parent Relationship": "Inner", "Scan Direction": "Forward", "Index Name": "movie_id_cast_info", "Relation Name": "cast_info", "Alias": "ci", "Startup Cost": 0.0, "Total Cost": 2.34, "Plan Rows": 1, "Plan Width": 8, "Actual Min Startup Time": 18.983, "Actual Max Startup Time": 18.983, "Actual Min Total Time": 24.063, "Actual Max Total Time": 24.063, "Index Cond": "(movie_id = t.id)", "Rows Removed by Index Recheck": 0, "Filter": "((note)::text = ANY ('{(writer),\"(head writer)\",\"(written by)\",(story),\"(story editor)\"}'::text[]))", "Rows Removed by Filter": 12296, "Actual Rows": 268}], "Actual Rows": 268}, {"Node Type": "Index Scan", "Parent Relationship": "Inner", "Scan Direction": "Forward", "Index Name": "name_pkey", "Relation Name": "name", "Alias": "n", "Startup Cost": 0.0, "Total Cost": 0.49, "Plan Rows": 1, "Plan Width": 4, "Actual Min Startup Time": 1.815, "Actual Max Startup Time": 1.815, "Actual Min Total Time": 1.815, "Actual Max Total Time": 1.815, "Index Cond": "(id = ci.person_id)", "Rows Removed by Index Recheck": 0, "Filter": "((gender IS NOT NULL) AND ((gender)::text = 'f'::text))", "Rows Removed by Filter": 257, "Actual Rows": 11}], "Actual Rows": 11}], "Actual Rows": 1}, "Triggers": [], "Planner Runtime": 16.483, "Total Runtime": 786.667, "Unique SQL Id": 661781350}}, "(16, '49')": {"explain_plan": {"Plan": {"Node Type": "Aggregate", "Strategy": "Plain", "Startup Cost": 84230.9, "Total Cost": 84230.91, "Plan Rows": 1, "Plan Width": 160, "Plans": [{"Node Type": "Nested Loop", "Parent Relationship": "Outer", "Join Type": "Inner", "Startup Cost": 7419.04, "Total Cost": 84229.26, "Plan Rows": 219, "Plan Width": 64, "Inner Unique": true, "Plans": [{"Node Type": "Nested Loop", "Parent Relationship": "Outer", "Join Type": "Inner", "Startup Cost": 7419.04, "Total Cost": 84068.27, "Plan Rows": 321, "Plan Width": 68, "Inner Unique": false, "Plans": [{"Node Type": "Nested Loop", "Parent Relationship": "Outer", "Join Type": "Inner", "Startup Cost": 7419.04, "Total Cost": 83383.24, "Plan Rows": 291, "Plan Width": 76, "Inner Unique": false, "Join Filter": "(mi.info_type_id = it1.id)", "Plans": [{"Node Type": "Index Scan", "Parent Relationship": "Outer", "Scan Direction": "Forward", "Index Name": "info_type_pkey", "Relation Name": "info_type", "Alias": "it1", "Startup Cost": 0.0, "Total Cost": 14.21, "Plan Rows": 1, "Plan Width": 4, "Filter": "((info)::text = 'genres'::text)"}, {"Node Type": "Nested Loop", "Parent Relationship": "Inner", "Join Type": "Inner", "Startup Cost": 7419.04, "Total Cost": 83197.12, "Plan Rows": 13753, "Plan Width": 80, "Inner Unique": false, "Plans": [{"Node Type": "Nested Loop", "Parent Relationship": "Outer", "Join Type": "Inner", "Startup Cost": 7419.04, "Total Cost": 61824.99, "Plan Rows": 15041, "Plan Width": 30, "Inner Unique": true, "Plans": [{"Node Type": "Nested Loop", "Parent Relationship": "Outer", "Join Type": "Inner", "Startup Cost": 7419.04, "Total Cost": 19211.73, "Plan Rows": 12936, "Plan Width": 9, "Inner Unique": false, "Plans": [{"Node Type": "Index Scan", "Parent Relationship": "Outer", "Scan Direction": "Forward", "Index Name": "info_type_pkey", "Relation Name": "info_type", "Alias": "it2", "Startup Cost": 0.0, "Total Cost": 14.21, "Plan Rows": 1, "Plan Width": 4, "Filter": "((info)::text = 'rating'::text)"}, {"Node Type": "Bitmap Heap Scan", "Parent Relationship": "Inner", "Relation Name": "movie_info_idx", "Alias": "mi_idx", "Startup Cost": 7419.04, "Total Cost": 19068.16, "Plan Rows": 12936, "Plan Width": 13, "Recheck Cond": "(info_type_id = it2.id)", "Filter": "((info)::text > '8.0'::text)", "Plans": [{"Node Type": "Bitmap Index Scan", "Parent Relationship": "Outer", "Index Name": "info_type_id_movie_info_idx", "Startup Cost": 0.0, "Total Cost": 7415.81, "Plan Rows": 345008, "Plan Width": 0, "Index Cond": "(info_type_id = it2.id)"}]}]}, {"Node Type": "Index Scan", "Parent Relationship": "Inner", "Scan Direction": "Forward", "Index Name": "title_pkey", "Relation Name": "title", "Alias": "t", "Startup Cost": 0.0, "Total Cost": 3.28, "Plan Rows": 1, "Plan Width": 21, "Index Cond": "(id = mi_idx.movie_id)", "Filter": "((production_year >= 2008) AND (production_year <= 2014))"}]}, {"Node Type": "Index Scan", "Parent Relationship": "Inner", "Scan Direction": "Forward", "Index Name": "movie_id_movie_info", "Relation Name": "movie_info", "Alias": "mi", "Startup Cost": 0.0, "Total Cost": 1.41, "Plan Rows": 1, "Plan Width": 50, "Index Cond": "(movie_id = t.id)", "Filter": "((note IS NULL) AND ((info)::text = ANY ('{Horror,Thriller}'::text[])))"}]}]}, {"Node Type": "Index Scan", "Parent Relationship": "Inner", "Scan Direction": "Forward", "Index Name": "movie_id_cast_info", "Relation Name": "cast_info", "Alias": "ci", "Startup Cost": 0.0, "Total Cost": 2.34, "Plan Rows": 1, "Plan Width": 8, "Index Cond": "(movie_id = t.id)", "Filter": "((note)::text = ANY ('{(writer),\"(head writer)\",\"(written by)\",(story),\"(story editor)\"}'::text[]))"}]}, {"Node Type": "Index Scan", "Parent Relationship": "Inner", "Scan Direction": "Forward", "Index Name": "name_pkey", "Relation Name": "name", "Alias": "n", "Startup Cost": 0.0, "Total Cost": 0.49, "Plan Rows": 1, "Plan Width": 4, "Index Cond": "(id = ci.person_id)", "Filter": "((gender IS NOT NULL) AND ((gender)::text = 'f'::text))"}]}]}, "Unique SQL Id": 661781350, "Planner Runtime": 8}, "explain_analyze_plan": {"Plan": {"Node Type": "Aggregate", "Strategy": "Plain", "Startup Cost": 84230.9, "Total Cost": 84230.91, "Plan Rows": 1, "Plan Width": 160, "Actual Startup Time": 548.11, "Actual Total Time": 548.11, "Actual Rows": 1, "Actual Loops": 1, "Plans": [{"Node Type": "Nested Loop", "Parent Relationship": "Outer", "Join Type": "Inner", "Startup Cost": 7419.04, "Total Cost": 84229.26, "Plan Rows": 219, "Plan Width": 64, "Actual Startup Time": 313.092, "Actual Total Time": 548.036, "Actual Rows": 11, "Actual Loops": 1, "Inner Unique": true, "Plans": [{"Node Type": "Nested Loop", "Parent Relationship": "Outer", "Join Type": "Inner", "Startup Cost": 7419.04, "Total Cost": 84068.27, "Plan Rows": 321, "Plan Width": 68, "Actual Startup Time": 126.942, "Actual Total Time": 545.831, "Actual Rows": 268, "Actual Loops": 1, "Inner Unique": false, "Plans": [{"Node Type": "Nested Loop", "Parent Relationship": "Outer", "Join Type": "Inner", "Startup Cost": 7419.04, "Total Cost": 83383.24, "Plan Rows": 291, "Plan Width": 76, "Actual Startup Time": 66.913, "Actual Total Time": 520.715, "Actual Rows": 358, "Actual Loops": 1, "Inner Unique": false, "Join Filter": "(mi.info_type_id = it1.id)", "Rows Removed by Join Filter": 0, "Plans": [{"Node Type": "Index Scan", "Parent Relationship": "Outer", "Scan Direction": "Forward", "Index Name": "info_type_pkey", "Relation Name": "info_type", "Alias": "it1", "Startup Cost": 0.0, "Total Cost": 14.21, "Plan Rows": 1, "Plan Width": 4, "Actual Startup Time": 0.029, "Actual Total Time": 0.079, "Actual Rows": 1, "Actual Loops": 1, "Filter": "((info)::text = 'genres'::text)", "Rows Removed by Filter": 111}, {"Node Type": "Nested Loop", "Parent Relationship": "Inner", "Join Type": "Inner", "Startup Cost": 7419.04, "Total Cost": 83197.12, "Plan Rows": 13753, "Plan Width": 80, "Actual Startup Time": 66.872, "Actual Total Time": 520.361, "Actual Rows": 358, "Actual Loops": 1, "Inner Unique": false, "Plans": [{"Node Type": "Nested Loop", "Parent Relationship": "Outer", "Join Type": "Inner", "Startup Cost": 7419.04, "Total Cost": 61824.99, "Plan Rows": 15041, "Plan Width": 30, "Actual Startup Time": 60.361, "Actual Total Time": 383.098, "Actual Rows": 6152, "Actual Loops": 1, "Inner Unique": true, "Plans": [{"Node Type": "Nested Loop", "Parent Relationship": "Outer", "Join Type": "Inner", "Startup Cost": 7419.04, "Total Cost": 19211.73, "Plan Rows": 12936, "Plan Width": 9, "Actual Startup Time": 58.913, "Actual Total Time": 304.889, "Actual Rows": 15849, "Actual Loops": 1, "Inner Unique": false, "Plans": [{"Node Type": "Index Scan", "Parent Relationship": "Outer", "Scan Direction": "Forward", "Index Name": "info_type_pkey", "Relation Name": "info_type", "Alias": "it2", "Startup Cost": 0.0, "Total Cost": 14.21, "Plan Rows": 1, "Plan Width": 4, "Actual Startup Time": 0.048, "Actual Total Time": 0.061, "Actual Rows": 1, "Actual Loops": 1, "Filter": "((info)::text = 'rating'::text)", "Rows Removed by Filter": 111}, {"Node Type": "Bitmap Heap Scan", "Parent Relationship": "Inner", "Relation Name": "movie_info_idx", "Alias": "mi_idx", "Startup Cost": 7419.04, "Total Cost": 19068.16, "Plan Rows": 12936, "Plan Width": 13, "Actual Startup Time": 58.858, "Actual Total Time": 301.234, "Actual Rows": 15849, "Actual Loops": 1, "Recheck Cond": "(info_type_id = it2.id)", "Rows Removed by Index Recheck": 0, "Filter": "((info)::text > '8.0'::text)", "Rows Removed by Filter": 444076, "Exact Heap Blocks": 6472, "Lossy Heap Blocks": 6472, "Plans": [{"Node Type": "Bitmap Index Scan", "Parent Relationship": "Outer", "Index Name": "info_type_id_movie_info_idx", "Startup Cost": 0.0, "Total Cost": 7415.81, "Plan Rows": 345008, "Plan Width": 0, "Actual Startup Time": 57.616, "Actual Total Time": 57.616, "Actual Rows": 459925, "Actual Loops": 1, "Index Cond": "(info_type_id = it2.id)"}]}]}, {"Node Type": "Index Scan", "Parent Relationship": "Inner", "Scan Direction": "Forward", "Index Name": "title_pkey", "Relation Name": "title", "Alias": "t", "Startup Cost": 0.0, "Total Cost": 3.28, "Plan Rows": 1, "Plan Width": 21, "Actual Startup Time": 68.105, "Actual Total Time": 68.105, "Actual Rows": 6152, "Actual Loops": 15849, "Index Cond": "(id = mi_idx.movie_id)", "Rows Removed by Index Recheck": 0, "Filter": "((production_year >= 2008) AND (production_year <= 2014))", "Rows Removed by Filter": 9697}]}, {"Node Type": "Index Scan", "Parent Relationship": "Inner", "Scan Direction": "Forward", "Index Name": "movie_id_movie_info", "Relation Name": "movie_info", "Alias": "mi", "Startup Cost": 0.0, "Total Cost": 1.41, "Plan Rows": 1, "Plan Width": 50, "Actual Startup Time": 133.561, "Actual Total Time": 133.864, "Actual Rows": 358, "Actual Loops": 6152, "Index Cond": "(movie_id = t.id)", "Rows Removed by Index Recheck": 0, "Filter": "((note IS NULL) AND ((info)::text = ANY ('{Horror,Thriller}'::text[])))", "Rows Removed by Filter": 109599}]}]}, {"Node Type": "Index Scan", "Parent Relationship": "Inner", "Scan Direction": "Forward", "Index Name": "movie_id_cast_info", "Relation Name": "cast_info", "Alias": "ci", "Startup Cost": 0.0, "Total Cost": 2.34, "Plan Rows": 1, "Plan Width": 8, "Actual Startup Time": 19.441, "Actual Total Time": 24.677, "Actual Rows": 268, "Actual Loops": 358, "Index Cond": "(movie_id = t.id)", "Rows Removed by Index Recheck": 0, "Filter": "((note)::text = ANY ('{(writer),\"(head writer)\",\"(written by)\",(story),\"(story editor)\"}'::text[]))", "Rows Removed by Filter": 12296}]}, {"Node Type": "Index Scan", "Parent Relationship": "Inner", "Scan Direction": "Forward", "Index Name": "name_pkey", "Relation Name": "name", "Alias": "n", "Startup Cost": 0.0, "Total Cost": 0.49, "Plan Rows": 1, "Plan Width": 4, "Actual Startup Time": 1.95, "Actual Total Time": 1.95, "Actual Rows": 11, "Actual Loops": 268, "Index Cond": "(id = ci.person_id)", "Rows Removed by Index Recheck": 0, "Filter": "((gender IS NOT NULL) AND ((gender)::text = 'f'::text))", "Rows Removed by Filter": 257}]}]}, "Triggers": [], "Planner Runtime": 23.008, "Total Runtime": 548.511, "Unique SQL Id": 661781350}}, "(16, '50')": {"explain_plan": {"Plan": {"Node Type": "Aggregate", "Strategy": "Plain", "Startup Cost": 46768.59, "Total Cost": 46768.6, "Plan Rows": 1, "Plan Width": 160, "Plans": [{"Node Type": "Nested Loop", "Parent Relationship": "Outer", "Join Type": "Inner", "Startup Cost": 2.67, "Total Cost": 46766.94, "Plan Rows": 219, "Plan Width": 64, "Inner Unique": true, "Plans": [{"Node Type": "Nested Loop", "Parent Relationship": "Outer", "Join Type": "Inner", "Startup Cost": 2.36, "Total Cost": 45375.82, "Plan Rows": 321, "Plan Width": 68, "Inner Unique": false, "Plans": [{"Node Type": "Nested Loop", "Parent Relationship": "Outer", "Join Type": "Inner", "Startup Cost": 1.35, "Total Cost": 43882.65, "Plan Rows": 291, "Plan Width": 76, "Inner Unique": true, "Plans": [{"Node Type": "Nested Loop", "Parent Relationship": "Outer", "Join Type": "Inner", "Startup Cost": 0.55, "Total Cost": 42675.2, "Plan Rows": 250, "Plan Width": 55, "Inner Unique": false, "Join Filter": "(mi_idx.info_type_id = it2.id)", "Plans": [{"Node Type": "Seq Scan", "Parent Relationship": "Outer", "Relation Name": "info_type", "Alias": "it2", "Startup Cost": 0.0, "Total Cost": 2.4, "Plan Rows": 1, "Plan Width": 4, "Filter": "((info)::text = 'rating'::text)"}, {"Node Type": "Nested Loop", "Parent Relationship": "Inner", "Join Type": "Inner", "Startup Cost": 0.55, "Total Cost": 42660.32, "Plan Rows": 999, "Plan Width": 59, "Inner Unique": false, "Plans": [{"Node Type": "Nested Loop", "Parent Relationship": "Outer", "Join Type": "Inner", "Startup Cost": 0.0, "Total Cost": 38204.15, "Plan Rows": 971, "Plan Width": 46, "Inner Unique": false, "Join Filter": "(it1.id = mi.info_type_id)", "Plans": [{"Node Type": "Seq Scan", "Parent Relationship": "Outer", "Relation Name": "info_type", "Alias": "it1", "Startup Cost": 0.0, "Total Cost": 2.4, "Plan Rows": 1, "Plan Width": 4, "Filter": "((info)::text = 'genres'::text)"}, {"Node Type": "Materialize", "Parent Relationship": "Inner", "Startup Cost": 0.0, "Total Cost": 37522.04, "Plan Rows": 67971, "Plan Width": 50, "Plans": [{"Node Type": "Streaming(type: LOCAL GATHER dop: 1/16)", "Parent Relationship": "Outer", "Startup Cost": 0.0, "Total Cost": 37352.11, "Plan Rows": 67971, "Plan Width": 50, "Plans": [{"Node Type": "Seq Scan", "Parent Relationship": "Outer", "Relation Name": "movie_info", "Alias": "mi", "Startup Cost": 0.0, "Total Cost": 35885.16, "Plan Rows": 67971, "Plan Width": 50, "Filter": "((note IS NULL) AND ((info)::text = ANY ('{Horror,Thriller}'::text[])))"}]}]}]}, {"Node Type": "Bitmap Heap Scan", "Parent Relationship": "Inner", "Relation Name": "movie_info_idx", "Alias": "mi_idx", "Startup Cost": 0.55, "Total Cost": 4.58, "Plan Rows": 1, "Plan Width": 13, "Recheck Cond": "(movie_id = mi.movie_id)", "Filter": "((info)::text > '8.0'::text)", "Plans": [{"Node Type": "Bitmap Index Scan", "Parent Relationship": "Outer", "Index Name": "movie_id_movie_info_idx", "Startup Cost": 0.0, "Total Cost": 0.55, "Plan Rows": 2, "Plan Width": 0, "Index Cond": "(movie_id = mi.movie_id)"}]}]}]}, {"Node Type": "Bitmap Heap Scan", "Parent Relationship": "Inner", "Relation Name": "title", "Alias": "t", "Startup Cost": 0.8, "Total Cost": 4.82, "Plan Rows": 1, "Plan Width": 21, "Recheck Cond": "(id = mi.movie_id)", "Filter": "((production_year >= 2008) AND (production_year <= 2014))", "Plans": [{"Node Type": "Bitmap Index Scan", "Parent Relationship": "Outer", "Index Name": "title_pkey", "Startup Cost": 0.0, "Total Cost": 0.8, "Plan Rows": 1, "Plan Width": 0, "Index Cond": "(id = mi.movie_id)"}]}]}, {"Node Type": "Bitmap Heap Scan", "Parent Relationship": "Inner", "Relation Name": "cast_info", "Alias": "ci", "Startup Cost": 1.01, "Total Cost": 5.12, "Plan Rows": 1, "Plan Width": 8, "Recheck Cond": "(movie_id = t.id)", "Filter": "((note)::text = ANY ('{(writer),\"(head writer)\",\"(written by)\",(story),\"(story editor)\"}'::text[]))", "Plans": [{"Node Type": "Bitmap Index Scan", "Parent Relationship": "Outer", "Index Name": "movie_id_cast_info", "Startup Cost": 0.0, "Total Cost": 1.01, "Plan Rows": 6, "Plan Width": 0, "Index Cond": "(movie_id = t.id)"}]}]}, {"Node Type": "Bitmap Heap Scan", "Parent Relationship": "Inner", "Relation Name": "name", "Alias": "n", "Startup Cost": 0.31, "Total Cost": 4.32, "Plan Rows": 1, "Plan Width": 4, "Recheck Cond": "(id = ci.person_id)", "Filter": "((gender IS NOT NULL) AND ((gender)::text = 'f'::text))", "Plans": [{"Node Type": "Bitmap Index Scan", "Parent Relationship": "Outer", "Index Name": "name_pkey", "Startup Cost": 0.0, "Total Cost": 0.31, "Plan Rows": 1, "Plan Width": 0, "Index Cond": "(id = ci.person_id)"}]}]}]}, "Unique SQL Id": 661781350, "Planner Runtime": 15}, "explain_analyze_plan": {"Plan": {"Node Type": "Aggregate", "Strategy": "Plain", "Startup Cost": 46768.59, "Total Cost": 46768.6, "Plan Rows": 1, "Plan Width": 160, "Actual Min Startup Time": 899.573, "Actual Max Startup Time": 899.573, "Actual Min Total Time": 899.573, "Actual Max Total Time": 899.573, "Plans": [{"Node Type": "Nested Loop", "Parent Relationship": "Outer", "Join Type": "Inner", "Startup Cost": 2.67, "Total Cost": 46766.94, "Plan Rows": 219, "Plan Width": 64, "Actual Min Startup Time": 424.809, "Actual Max Startup Time": 424.809, "Actual Min Total Time": 899.504, "Actual Max Total Time": 899.504, "Inner Unique": true, "Plans": [{"Node Type": "Nested Loop", "Parent Relationship": "Outer", "Join Type": "Inner", "Startup Cost": 2.36, "Total Cost": 45375.82, "Plan Rows": 321, "Plan Width": 68, "Actual Min Startup Time": 421.88, "Actual Max Startup Time": 421.88, "Actual Min Total Time": 896.715, "Actual Max Total Time": 896.715, "Inner Unique": false, "Plans": [{"Node Type": "Nested Loop", "Parent Relationship": "Outer", "Join Type": "Inner", "Startup Cost": 1.35, "Total Cost": 43882.65, "Plan Rows": 291, "Plan Width": 76, "Actual Min Startup Time": 420.773, "Actual Max Startup Time": 420.773, "Actual Min Total Time": 864.87, "Actual Max Total Time": 864.87, "Inner Unique": true, "Plans": [{"Node Type": "Nested Loop", "Parent Relationship": "Outer", "Join Type": "Inner", "Startup Cost": 0.55, "Total Cost": 42675.2, "Plan Rows": 250, "Plan Width": 55, "Actual Min Startup Time": 420.746, "Actual Max Startup Time": 420.746, "Actual Min Total Time": 858.642, "Actual Max Total Time": 858.642, "Inner Unique": false, "Join Filter": "(mi_idx.info_type_id = it2.id)", "Rows Removed by Join Filter": 3403, "Plans": [{"Node Type": "Seq Scan", "Parent Relationship": "Outer", "Relation Name": "info_type", "Alias": "it2", "Startup Cost": 0.0, "Total Cost": 2.4, "Plan Rows": 1, "Plan Width": 4, "Actual Min Startup Time": 0.07, "Actual Max Startup Time": 0.07, "Actual Min Total Time": 0.078, "Actual Max Total Time": 0.078, "Filter": "((info)::text = 'rating'::text)", "Rows Removed by Filter": 111, "Actual Rows": 1}, {"Node Type": "Nested Loop", "Parent Relationship": "Inner", "Join Type": "Inner", "Startup Cost": 0.55, "Total Cost": 42660.32, "Plan Rows": 999, "Plan Width": 59, "Actual Min Startup Time": 420.561, "Actual Max Startup Time": 420.561, "Actual Min Total Time": 856.38, "Actual Max Total Time": 856.38, "Inner Unique": false, "Plans": [{"Node Type": "Nested Loop", "Parent Relationship": "Outer", "Join Type": "Inner", "Startup Cost": 0.0, "Total Cost": 38204.15, "Plan Rows": 971, "Plan Width": 46, "Actual Min Startup Time": 420.454, "Actual Max Startup Time": 420.454, "Actual Min Total Time": 461.536, "Actual Max Total Time": 461.536, "Inner Unique": false, "Join Filter": "(it1.id = mi.info_type_id)", "Rows Removed by Join Filter": 789, "Plans": [{"Node Type": "Seq Scan", "Parent Relationship": "Outer", "Relation Name": "info_type", "Alias": "it1", "Startup Cost": 0.0, "Total Cost": 2.4, "Plan Rows": 1, "Plan Width": 4, "Actual Min Startup Time": 0.064, "Actual Max Startup Time": 0.064, "Actual Min Total Time": 0.098, "Actual Max Total Time": 0.098, "Filter": "((info)::text = 'genres'::text)", "Rows Removed by Filter": 111, "Actual Rows": 1}, {"Node Type": "Materialize", "Parent Relationship": "Inner", "Startup Cost": 0.0, "Total Cost": 37522.04, "Plan Rows": 67971, "Plan Width": 50, "Actual Min Startup Time": 420.316, "Actual Max Startup Time": 420.316, "Actual Min Total Time": 431.157, "Actual Max Total Time": 431.157, "Plans": [{"Node Type": "Streaming(type: LOCAL GATHER dop: 1/16)", "Parent Relationship": "Outer", "Startup Cost": 0.0, "Total Cost": 37352.11, "Plan Rows": 67971, "Plan Width": 50, "Actual Min Startup Time": 269.639, "Actual Max Startup Time": 269.639, "Actual Min Total Time": 409.112, "Actual Max Total Time": 409.112, "Plans": [{"Node Type": "Seq Scan", "Parent Relationship": "Outer", "Relation Name": "movie_info", "Alias": "mi", "Startup Cost": 0.0, "Total Cost": 35885.16, "Plan Rows": 67971, "Plan Width": 50, "Actual Min Startup Time": 236.103, "Actual Max Startup Time": 341.787, "Actual Min Total Time": 383.994, "Actual Max Total Time": 395.944, "Filter": "((note IS NULL) AND ((info)::text = ANY ('{Horror,Thriller}'::text[])))", "Rows Removed by Filter": 14762672, "Actual Rows": 73047}], "Actual Rows": 73047}], "Actual Rows": 73048}], "Actual Rows": 72258}, {"Node Type": "Bitmap Heap Scan", "Parent Relationship": "Inner", "Relation Name": "movie_info_idx", "Alias": "mi_idx", "Startup Cost": 0.55, "Total Cost": 4.58, "Plan Rows": 1, "Plan Width": 13, "Actual Min Startup Time": 312.612, "Actual Max Startup Time": 312.612, "Actual Min Total Time": 314.429, "Actual Max Total Time": 314.429, "Recheck Cond": "(movie_id = mi.movie_id)", "Rows Removed by Index Recheck": 0, "Filter": "((info)::text > '8.0'::text)", "Rows Removed by Filter": 113143, "Exact Heap Blocks": 39507, "Lossy Heap Blocks": 39507, "Plans": [{"Node Type": "Bitmap Index Scan", "Parent Relationship": "Outer", "Index Name": "movie_id_movie_info_idx", "Startup Cost": 0.0, "Total Cost": 0.55, "Plan Rows": 2, "Plan Width": 0, "Actual Min Startup Time": 182.59, "Actual Max Startup Time": 182.59, "Actual Min Total Time": 182.59, "Actual Max Total Time": 182.59, "Index Cond": "(movie_id = mi.movie_id)", "Actual Rows": 117278}], "Actual Rows": 4135}], "Actual Rows": 4135}], "Actual Rows": 732}, {"Node Type": "Bitmap Heap Scan", "Parent Relationship": "Inner", "Relation Name": "title", "Alias": "t", "Startup Cost": 0.8, "Total Cost": 4.82, "Plan Rows": 1, "Plan Width": 21, "Actual Min Startup Time": 5.132, "Actual Max Startup Time": 5.132, "Actual Min Total Time": 5.132, "Actual Max Total Time": 5.132, "Recheck Cond": "(id = mi.movie_id)", "Rows Removed by Index Recheck": 0, "Filter": "((production_year >= 2008) AND (production_year <= 2014))", "Rows Removed by Filter": 374, "Exact Heap Blocks": 732, "Lossy Heap Blocks": 732, "Plans": [{"Node Type": "Bitmap Index Scan", "Parent Relationship": "Outer", "Index Name": "title_pkey", "Startup Cost": 0.0, "Total Cost": 0.8, "Plan Rows": 1, "Plan Width": 0, "Actual Min Startup Time": 3.046, "Actual Max Startup Time": 3.046, "Actual Min Total Time": 3.046, "Actual Max Total Time": 3.046, "Index Cond": "(id = mi.movie_id)", "Actual Rows": 732}], "Actual Rows": 358}], "Actual Rows": 358}, {"Node Type": "Bitmap Heap Scan", "Parent Relationship": "Inner", "Relation Name": "cast_info", "Alias": "ci", "Startup Cost": 1.01, "Total Cost": 5.12, "Plan Rows": 1, "Plan Width": 8, "Actual Min Startup Time": 25.305, "Actual Max Startup Time": 25.305, "Actual Min Total Time": 30.926, "Actual Max Total Time": 30.926, "Recheck Cond": "(movie_id = t.id)", "Rows Removed by Index Recheck": 0, "Filter": "((note)::text = ANY ('{(writer),\"(head writer)\",\"(written by)\",(story),\"(story editor)\"}'::text[]))", "Rows Removed by Filter": 12296, "Exact Heap Blocks": 11454, "Lossy Heap Blocks": 11454, "Plans": [{"Node Type": "Bitmap Index Scan", "Parent Relationship": "Outer", "Index Name": "movie_id_cast_info", "Startup Cost": 0.0, "Total Cost": 1.01, "Plan Rows": 6, "Plan Width": 0, "Actual Min Startup Time": 4.678, "Actual Max Startup Time": 4.678, "Actual Min Total Time": 4.678, "Actual Max Total Time": 4.678, "Index Cond": "(movie_id = t.id)", "Actual Rows": 12564}], "Actual Rows": 268}], "Actual Rows": 268}, {"Node Type": "Bitmap Heap Scan", "Parent Relationship": "Inner", "Relation Name": "name", "Alias": "n", "Startup Cost": 0.31, "Total Cost": 4.32, "Plan Rows": 1, "Plan Width": 4, "Actual Min Startup Time": 2.258, "Actual Max Startup Time": 2.258, "Actual Min Total Time": 2.258, "Actual Max Total Time": 2.258, "Recheck Cond": "(id = ci.person_id)", "Rows Removed by Index Recheck": 0, "Filter": "((gender IS NOT NULL) AND ((gender)::text = 'f'::text))", "Rows Removed by Filter": 257, "Exact Heap Blocks": 268, "Lossy Heap Blocks": 268, "Plans": [{"Node Type": "Bitmap Index Scan", "Parent Relationship": "Outer", "Index Name": "name_pkey", "Startup Cost": 0.0, "Total Cost": 0.31, "Plan Rows": 1, "Plan Width": 0, "Actual Min Startup Time": 1.381, "Actual Max Startup Time": 1.381, "Actual Min Total Time": 1.381, "Actual Max Total Time": 1.381, "Index Cond": "(id = ci.person_id)", "Actual Rows": 268}], "Actual Rows": 11}], "Actual Rows": 11}], "Actual Rows": 1}, "Triggers": [], "Planner Runtime": 25.228, "Total Runtime": 902.44, "Unique SQL Id": 661781350}}, "(16, '51')": {"explain_plan": {"Plan": {"Node Type": "Aggregate", "Strategy": "Plain", "Startup Cost": 157109.69, "Total Cost": 157109.7, "Plan Rows": 1, "Plan Width": 160, "Plans": [{"Node Type": "Nested Loop", "Parent Relationship": "Outer", "Join Type": "Inner", "Startup Cost": 7439.53, "Total Cost": 157108.05, "Plan Rows": 219, "Plan Width": 64, "Inner Unique": true, "Plans": [{"Node Type": "Nested Loop", "Parent Relationship": "Outer", "Join Type": "Inner", "Startup Cost": 7439.22, "Total Cost": 155716.93, "Plan Rows": 321, "Plan Width": 68, "Inner Unique": false, "Plans": [{"Node Type": "Nested Loop", "Parent Relationship": "Outer", "Join Type": "Inner", "Startup Cost": 7438.22, "Total Cost": 154223.75, "Plan Rows": 291, "Plan Width": 76, "Inner Unique": false, "Join Filter": "(mi.info_type_id = it1.id)", "Plans": [{"Node Type": "Bitmap Heap Scan", "Parent Relationship": "Outer", "Relation Name": "info_type", "Alias": "it1", "Startup Cost": 8.81, "Total Cost": 14.21, "Plan Rows": 1, "Plan Width": 4, "Filter": "((info)::text = 'genres'::text)", "Plans": [{"Node Type": "Bitmap Index Scan", "Parent Relationship": "Outer", "Index Name": "info_type_pkey", "Startup Cost": 0.0, "Total Cost": 8.81, "Plan Rows": 112, "Plan Width": 0}]}, {"Node Type": "Nested Loop", "Parent Relationship": "Inner", "Join Type": "Inner", "Startup Cost": 7429.41, "Total Cost": 154037.63, "Plan Rows": 13753, "Plan Width": 80, "Inner Unique": false, "Plans": [{"Node Type": "Nested Loop", "Parent Relationship": "Outer", "Join Type": "Inner", "Startup Cost": 7428.83, "Total Cost": 83898.37, "Plan Rows": 15041, "Plan Width": 30, "Inner Unique": true, "Plans": [{"Node Type": "Nested Loop", "Parent Relationship": "Outer", "Join Type": "Inner", "Startup Cost": 7427.85, "Total Cost": 19211.73, "Plan Rows": 12936, "Plan Width": 9, "Inner Unique": false, "Plans": [{"Node Type": "Bitmap Heap Scan", "Parent Relationship": "Outer", "Relation Name": "info_type", "Alias": "it2", "Startup Cost": 8.81, "Total Cost": 14.21, "Plan Rows": 1, "Plan Width": 4, "Filter": "((info)::text = 'rating'::text)", "Plans": [{"Node Type": "Bitmap Index Scan", "Parent Relationship": "Outer", "Index Name": "info_type_pkey", "Startup Cost": 0.0, "Total Cost": 8.81, "Plan Rows": 112, "Plan Width": 0}]}, {"Node Type": "Bitmap Heap Scan", "Parent Relationship": "Inner", "Relation Name": "movie_info_idx", "Alias": "mi_idx", "Startup Cost": 7419.04, "Total Cost": 19068.16, "Plan Rows": 12936, "Plan Width": 13, "Recheck Cond": "(info_type_id = it2.id)", "Filter": "((info)::text > '8.0'::text)", "Plans": [{"Node Type": "Bitmap Index Scan", "Parent Relationship": "Outer", "Index Name": "info_type_id_movie_info_idx", "Startup Cost": 0.0, "Total Cost": 7415.81, "Plan Rows": 345008, "Plan Width": 0, "Index Cond": "(info_type_id = it2.id)"}]}]}, {"Node Type": "Bitmap Heap Scan", "Parent Relationship": "Inner", "Relation Name": "title", "Alias": "t", "Startup Cost": 0.97, "Total Cost": 4.99, "Plan Rows": 1, "Plan Width": 21, "Recheck Cond": "(id = mi_idx.movie_id)", "Filter": "((production_year >= 2008) AND (production_year <= 2014))", "Plans": [{"Node Type": "Bitmap Index Scan", "Parent Relationship": "Outer", "Index Name": "title_pkey", "Startup Cost": 0.0, "Total Cost": 0.97, "Plan Rows": 1, "Plan Width": 0, "Index Cond": "(id = mi_idx.movie_id)"}]}]}, {"Node Type": "Bitmap Heap Scan", "Parent Relationship": "Inner", "Relation Name": "movie_info", "Alias": "mi", "Startup Cost": 0.58, "Total Cost": 4.65, "Plan Rows": 1, "Plan Width": 50, "Recheck Cond": "(movie_id = t.id)", "Filter": "((note IS NULL) AND ((info)::text = ANY ('{Horror,Thriller}'::text[])))", "Plans": [{"Node Type": "Bitmap Index Scan", "Parent Relationship": "Outer", "Index Name": "movie_id_movie_info", "Startup Cost": 0.0, "Total Cost": 0.58, "Plan Rows": 5, "Plan Width": 0, "Index Cond": "(movie_id = t.id)"}]}]}]}, {"Node Type": "Bitmap Heap Scan", "Parent Relationship": "Inner", "Relation Name": "cast_info", "Alias": "ci", "Startup Cost": 1.01, "Total Cost": 5.12, "Plan Rows": 1, "Plan Width": 8, "Recheck Cond": "(movie_id = t.id)", "Filter": "((note)::text = ANY ('{(writer),\"(head writer)\",\"(written by)\",(story),\"(story editor)\"}'::text[]))", "Plans": [{"Node Type": "Bitmap Index Scan", "Parent Relationship": "Outer", "Index Name": "movie_id_cast_info", "Startup Cost": 0.0, "Total Cost": 1.01, "Plan Rows": 6, "Plan Width": 0, "Index Cond": "(movie_id = t.id)"}]}]}, {"Node Type": "Bitmap Heap Scan", "Parent Relationship": "Inner", "Relation Name": "name", "Alias": "n", "Startup Cost": 0.31, "Total Cost": 4.32, "Plan Rows": 1, "Plan Width": 4, "Recheck Cond": "(id = ci.person_id)", "Filter": "((gender IS NOT NULL) AND ((gender)::text = 'f'::text))", "Plans": [{"Node Type": "Bitmap Index Scan", "Parent Relationship": "Outer", "Index Name": "name_pkey", "Startup Cost": 0.0, "Total Cost": 0.31, "Plan Rows": 1, "Plan Width": 0, "Index Cond": "(id = ci.person_id)"}]}]}]}, "Unique SQL Id": 661781350, "Planner Runtime": 8}, "explain_analyze_plan": {"Plan": {"Node Type": "Aggregate", "Strategy": "Plain", "Startup Cost": 157109.69, "Total Cost": 157109.7, "Plan Rows": 1, "Plan Width": 160, "Actual Startup Time": 648.813, "Actual Total Time": 648.813, "Actual Rows": 1, "Actual Loops": 1, "Plans": [{"Node Type": "Nested Loop", "Parent Relationship": "Outer", "Join Type": "Inner", "Startup Cost": 7439.53, "Total Cost": 157108.05, "Plan Rows": 219, "Plan Width": 64, "Actual Startup Time": 394.473, "Actual Total Time": 648.75, "Actual Rows": 11, "Actual Loops": 1, "Inner Unique": true, "Plans": [{"Node Type": "Nested Loop", "Parent Relationship": "Outer", "Join Type": "Inner", "Startup Cost": 7439.22, "Total Cost": 155716.93, "Plan Rows": 321, "Plan Width": 68, "Actual Startup Time": 144.736, "Actual Total Time": 645.961, "Actual Rows": 268, "Actual Loops": 1, "Inner Unique": false, "Plans": [{"Node Type": "Nested Loop", "Parent Relationship": "Outer", "Join Type": "Inner", "Startup Cost": 7438.22, "Total Cost": 154223.75, "Plan Rows": 291, "Plan Width": 76, "Actual Startup Time": 67.802, "Actual Total Time": 613.896, "Actual Rows": 358, "Actual Loops": 1, "Inner Unique": false, "Join Filter": "(mi.info_type_id = it1.id)", "Rows Removed by Join Filter": 0, "Plans": [{"Node Type": "Bitmap Heap Scan", "Parent Relationship": "Outer", "Relation Name": "info_type", "Alias": "it1", "Startup Cost": 8.81, "Total Cost": 14.21, "Plan Rows": 1, "Plan Width": 4, "Actual Startup Time": 0.054, "Actual Total Time": 0.086, "Actual Rows": 1, "Actual Loops": 1, "Filter": "((info)::text = 'genres'::text)", "Rows Removed by Filter": 111, "Exact Heap Blocks": 1, "Lossy Heap Blocks": 1, "Plans": [{"Node Type": "Bitmap Index Scan", "Parent Relationship": "Outer", "Index Name": "info_type_pkey", "Startup Cost": 0.0, "Total Cost": 8.81, "Plan Rows": 112, "Plan Width": 0, "Actual Startup Time": 0.015, "Actual Total Time": 0.015, "Actual Rows": 112, "Actual Loops": 1}]}, {"Node Type": "Nested Loop", "Parent Relationship": "Inner", "Join Type": "Inner", "Startup Cost": 7429.41, "Total Cost": 154037.63, "Plan Rows": 13753, "Plan Width": 80, "Actual Startup Time": 67.737, "Actual Total Time": 613.496, "Actual Rows": 358, "Actual Loops": 1, "Inner Unique": false, "Plans": [{"Node Type": "Nested Loop", "Parent Relationship": "Outer", "Join Type": "Inner", "Startup Cost": 7428.83, "Total Cost": 83898.37, "Plan Rows": 15041, "Plan Width": 30, "Actual Startup Time": 60.256, "Actual Total Time": 430.293, "Actual Rows": 6152, "Actual Loops": 1, "Inner Unique": true, "Plans": [{"Node Type": "Nested Loop", "Parent Relationship": "Outer", "Join Type": "Inner", "Startup Cost": 7427.85, "Total Cost": 19211.73, "Plan Rows": 12936, "Plan Width": 9, "Actual Startup Time": 58.555, "Actual Total Time": 316.66, "Actual Rows": 15849, "Actual Loops": 1, "Inner Unique": false, "Plans": [{"Node Type": "Bitmap Heap Scan", "Parent Relationship": "Outer", "Relation Name": "info_type", "Alias": "it2", "Startup Cost": 8.81, "Total Cost": 14.21, "Plan Rows": 1, "Plan Width": 4, "Actual Startup Time": 0.053, "Actual Total Time": 0.058, "Actual Rows": 1, "Actual Loops": 1, "Filter": "((info)::text = 'rating'::text)", "Rows Removed by Filter": 111, "Exact Heap Blocks": 1, "Lossy Heap Blocks": 1, "Plans": [{"Node Type": "Bitmap Index Scan", "Parent Relationship": "Outer", "Index Name": "info_type_pkey", "Startup Cost": 0.0, "Total Cost": 8.81, "Plan Rows": 112, "Plan Width": 0, "Actual Startup Time": 0.008, "Actual Total Time": 0.008, "Actual Rows": 112, "Actual Loops": 1}]}, {"Node Type": "Bitmap Heap Scan", "Parent Relationship": "Inner", "Relation Name": "movie_info_idx", "Alias": "mi_idx", "Startup Cost": 7419.04, "Total Cost": 19068.16, "Plan Rows": 12936, "Plan Width": 13, "Actual Startup Time": 58.498, "Actual Total Time": 312.884, "Actual Rows": 15849, "Actual Loops": 1, "Recheck Cond": "(info_type_id = it2.id)", "Rows Removed by Index Recheck": 0, "Filter": "((info)::text > '8.0'::text)", "Rows Removed by Filter": 444076, "Exact Heap Blocks": 6472, "Lossy Heap Blocks": 6472, "Plans": [{"Node Type": "Bitmap Index Scan", "Parent Relationship": "Outer", "Index Name": "info_type_id_movie_info_idx", "Startup Cost": 0.0, "Total Cost": 7415.81, "Plan Rows": 345008, "Plan Width": 0, "Actual Startup Time": 57.263, "Actual Total Time": 57.263, "Actual Rows": 459925, "Actual Loops": 1, "Index Cond": "(info_type_id = it2.id)"}]}]}, {"Node Type": "Bitmap Heap Scan", "Parent Relationship": "Inner", "Relation Name": "title", "Alias": "t", "Startup Cost": 0.97, "Total Cost": 4.99, "Plan Rows": 1, "Plan Width": 21, "Actual Startup Time": 92.969, "Actual Total Time": 92.969, "Actual Rows": 6152, "Actual Loops": 15849, "Recheck Cond": "(id = mi_idx.movie_id)", "Rows Removed by Index Recheck": 0, "Filter": "((production_year >= 2008) AND (production_year <= 2014))", "Rows Removed by Filter": 9697, "Exact Heap Blocks": 15849, "Lossy Heap Blocks": 15849, "Plans": [{"Node Type": "Bitmap Index Scan", "Parent Relationship": "Outer", "Index Name": "title_pkey", "Startup Cost": 0.0, "Total Cost": 0.97, "Plan Rows": 1, "Plan Width": 0, "Actual Startup Time": 45.73, "Actual Total Time": 45.73, "Actual Rows": 15849, "Actual Loops": 15849, "Index Cond": "(id = mi_idx.movie_id)"}]}]}, {"Node Type": "Bitmap Heap Scan", "Parent Relationship": "Inner", "Relation Name": "movie_info", "Alias": "mi", "Startup Cost": 0.58, "Total Cost": 4.65, "Plan Rows": 1, "Plan Width": 50, "Actual Startup Time": 174.663, "Actual Total Time": 174.828, "Actual Rows": 358, "Actual Loops": 6152, "Recheck Cond": "(movie_id = t.id)", "Rows Removed by Index Recheck": 0, "Filter": "((note IS NULL) AND ((info)::text = ANY ('{Horror,Thriller}'::text[])))", "Rows Removed by Filter": 109599, "Exact Heap Blocks": 52726, "Lossy Heap Blocks": 52726, "Plans": [{"Node Type": "Bitmap Index Scan", "Parent Relationship": "Outer", "Index Name": "movie_id_movie_info", "Startup Cost": 0.0, "Total Cost": 0.58, "Plan Rows": 5, "Plan Width": 0, "Actual Startup Time": 40.719, "Actual Total Time": 40.719, "Actual Rows": 109957, "Actual Loops": 6152, "Index Cond": "(movie_id = t.id)"}]}]}]}, {"Node Type": "Bitmap Heap Scan", "Parent Relationship": "Inner", "Relation Name": "cast_info", "Alias": "ci", "Startup Cost": 1.01, "Total Cost": 5.12, "Plan Rows": 1, "Plan Width": 8, "Actual Startup Time": 25.29, "Actual Total Time": 31.079, "Actual Rows": 268, "Actual Loops": 358, "Recheck Cond": "(movie_id = t.id)", "Rows Removed by Index Recheck": 0, "Filter": "((note)::text = ANY ('{(writer),\"(head writer)\",\"(written by)\",(story),\"(story editor)\"}'::text[]))", "Rows Removed by Filter": 12296, "Exact Heap Blocks": 11454, "Lossy Heap Blocks": 11454, "Plans": [{"Node Type": "Bitmap Index Scan", "Parent Relationship": "Outer", "Index Name": "movie_id_cast_info", "Startup Cost": 0.0, "Total Cost": 1.01, "Plan Rows": 6, "Plan Width": 0, "Actual Startup Time": 4.711, "Actual Total Time": 4.711, "Actual Rows": 12564, "Actual Loops": 358, "Index Cond": "(movie_id = t.id)"}]}]}, {"Node Type": "Bitmap Heap Scan", "Parent Relationship": "Inner", "Relation Name": "name", "Alias": "n", "Startup Cost": 0.31, "Total Cost": 4.32, "Plan Rows": 1, "Plan Width": 4, "Actual Startup Time": 2.292, "Actual Total Time": 2.292, "Actual Rows": 11, "Actual Loops": 268, "Recheck Cond": "(id = ci.person_id)", "Rows Removed by Index Recheck": 0, "Filter": "((gender IS NOT NULL) AND ((gender)::text = 'f'::text))", "Rows Removed by Filter": 257, "Exact Heap Blocks": 268, "Lossy Heap Blocks": 268, "Plans": [{"Node Type": "Bitmap Index Scan", "Parent Relationship": "Outer", "Index Name": "name_pkey", "Startup Cost": 0.0, "Total Cost": 0.31, "Plan Rows": 1, "Plan Width": 0, "Actual Startup Time": 1.403, "Actual Total Time": 1.403, "Actual Rows": 268, "Actual Loops": 268, "Index Cond": "(id = ci.person_id)"}]}]}]}, "Triggers": [], "Planner Runtime": 23.03, "Total Runtime": 649.145, "Unique SQL Id": 661781350}}, "(16, '52')": {"explain_plan": {"Plan": {"Node Type": "Aggregate", "Strategy": "Plain", "Startup Cost": 40721.77, "Total Cost": 40721.78, "Plan Rows": 1, "Plan Width": 160, "Plans": [{"Node Type": "Nested Loop", "Parent Relationship": "Outer", "Join Type": "Inner", "Startup Cost": 0.0, "Total Cost": 40720.13, "Plan Rows": 219, "Plan Width": 64, "Inner Unique": true, "Plans": [{"Node Type": "Nested Loop", "Parent Relationship": "Outer", "Join Type": "Inner", "Startup Cost": 0.0, "Total Cost": 40559.14, "Plan Rows": 321, "Plan Width": 68, "Inner Unique": false, "Plans": [{"Node Type": "Nested Loop", "Parent Relationship": "Outer", "Join Type": "Inner", "Startup Cost": 0.0, "Total Cost": 39874.11, "Plan Rows": 291, "Plan Width": 76, "Inner Unique": true, "Plans": [{"Node Type": "Nested Loop", "Parent Relationship": "Outer", "Join Type": "Inner", "Startup Cost": 0.0, "Total Cost": 39160.9, "Plan Rows": 250, "Plan Width": 55, "Inner Unique": false, "Join Filter": "(mi_idx.info_type_id = it2.id)", "Plans": [{"Node Type": "Seq Scan", "Parent Relationship": "Outer", "Relation Name": "info_type", "Alias": "it2", "Startup Cost": 0.0, "Total Cost": 2.4, "Plan Rows": 1, "Plan Width": 4, "Filter": "((info)::text = 'rating'::text)"}, {"Node Type": "Nested Loop", "Parent Relationship": "Inner", "Join Type": "Inner", "Startup Cost": 0.0, "Total Cost": 39146.01, "Plan Rows": 999, "Plan Width": 59, "Inner Unique": false, "Plans": [{"Node Type": "Nested Loop", "Parent Relationship": "Outer", "Join Type": "Inner", "Startup Cost": 0.0, "Total Cost": 38204.15, "Plan Rows": 971, "Plan Width": 46, "Inner Unique": false, "Join Filter": "(it1.id = mi.info_type_id)", "Plans": [{"Node Type": "Seq Scan", "Parent Relationship": "Outer", "Relation Name": "info_type", "Alias": "it1", "Startup Cost": 0.0, "Total Cost": 2.4, "Plan Rows": 1, "Plan Width": 4, "Filter": "((info)::text = 'genres'::text)"}, {"Node Type": "Materialize", "Parent Relationship": "Inner", "Startup Cost": 0.0, "Total Cost": 37522.04, "Plan Rows": 67971, "Plan Width": 50, "Plans": [{"Node Type": "Streaming(type: LOCAL GATHER dop: 1/16)", "Parent Relationship": "Outer", "Startup Cost": 0.0, "Total Cost": 37352.11, "Plan Rows": 67971, "Plan Width": 50, "Plans": [{"Node Type": "Seq Scan", "Parent Relationship": "Outer", "Relation Name": "movie_info", "Alias": "mi", "Startup Cost": 0.0, "Total Cost": 35885.16, "Plan Rows": 67971, "Plan Width": 50, "Filter": "((note IS NULL) AND ((info)::text = ANY ('{Horror,Thriller}'::text[])))"}]}]}]}, {"Node Type": "Index Scan", "Parent Relationship": "Inner", "Scan Direction": "Forward", "Index Name": "movie_id_movie_info_idx", "Relation Name": "movie_info_idx", "Alias": "mi_idx", "Startup Cost": 0.0, "Total Cost": 0.96, "Plan Rows": 1, "Plan Width": 13, "Index Cond": "(movie_id = mi.movie_id)", "Filter": "((info)::text > '8.0'::text)"}]}]}, {"Node Type": "Index Scan", "Parent Relationship": "Inner", "Scan Direction": "Forward", "Index Name": "title_pkey", "Relation Name": "title", "Alias": "t", "Startup Cost": 0.0, "Total Cost": 2.84, "Plan Rows": 1, "Plan Width": 21, "Index Cond": "(id = mi.movie_id)", "Filter": "((production_year >= 2008) AND (production_year <= 2014))"}]}, {"Node Type": "Index Scan", "Parent Relationship": "Inner", "Scan Direction": "Forward", "Index Name": "movie_id_cast_info", "Relation Name": "cast_info", "Alias": "ci", "Startup Cost": 0.0, "Total Cost": 2.34, "Plan Rows": 1, "Plan Width": 8, "Index Cond": "(movie_id = t.id)", "Filter": "((note)::text = ANY ('{(writer),\"(head writer)\",\"(written by)\",(story),\"(story editor)\"}'::text[]))"}]}, {"Node Type": "Index Scan", "Parent Relationship": "Inner", "Scan Direction": "Forward", "Index Name": "name_pkey", "Relation Name": "name", "Alias": "n", "Startup Cost": 0.0, "Total Cost": 0.49, "Plan Rows": 1, "Plan Width": 4, "Index Cond": "(id = ci.person_id)", "Filter": "((gender IS NOT NULL) AND ((gender)::text = 'f'::text))"}]}]}, "Unique SQL Id": 661781350, "Planner Runtime": 8}, "explain_analyze_plan": {"Plan": {"Node Type": "Aggregate", "Strategy": "Plain", "Startup Cost": 40721.77, "Total Cost": 40721.78, "Plan Rows": 1, "Plan Width": 160, "Actual Min Startup Time": 783.795, "Actual Max Startup Time": 783.795, "Actual Min Total Time": 783.796, "Actual Max Total Time": 783.796, "Plans": [{"Node Type": "Nested Loop", "Parent Relationship": "Outer", "Join Type": "Inner", "Startup Cost": 0.0, "Total Cost": 40720.13, "Plan Rows": 219, "Plan Width": 64, "Actual Min Startup Time": 421.789, "Actual Max Startup Time": 421.789, "Actual Min Total Time": 783.737, "Actual Max Total Time": 783.737, "Inner Unique": true, "Plans": [{"Node Type": "Nested Loop", "Parent Relationship": "Outer", "Join Type": "Inner", "Startup Cost": 0.0, "Total Cost": 40559.14, "Plan Rows": 321, "Plan Width": 68, "Actual Min Startup Time": 420.591, "Actual Max Startup Time": 420.591, "Actual Min Total Time": 781.702, "Actual Max Total Time": 781.702, "Inner Unique": false, "Plans": [{"Node Type": "Nested Loop", "Parent Relationship": "Outer", "Join Type": "Inner", "Startup Cost": 0.0, "Total Cost": 39874.11, "Plan Rows": 291, "Plan Width": 76, "Actual Min Startup Time": 418.68, "Actual Max Startup Time": 418.68, "Actual Min Total Time": 757.309, "Actual Max Total Time": 757.309, "Inner Unique": true, "Plans": [{"Node Type": "Nested Loop", "Parent Relationship": "Outer", "Join Type": "Inner", "Startup Cost": 0.0, "Total Cost": 39160.9, "Plan Rows": 250, "Plan Width": 55, "Actual Min Startup Time": 418.659, "Actual Max Startup Time": 418.659, "Actual Min Total Time": 752.537, "Actual Max Total Time": 752.537, "Inner Unique": false, "Join Filter": "(mi_idx.info_type_id = it2.id)", "Rows Removed by Join Filter": 3403, "Plans": [{"Node Type": "Seq Scan", "Parent Relationship": "Outer", "Relation Name": "info_type", "Alias": "it2", "Startup Cost": 0.0, "Total Cost": 2.4, "Plan Rows": 1, "Plan Width": 4, "Actual Min Startup Time": 0.077, "Actual Max Startup Time": 0.077, "Actual Min Total Time": 0.093, "Actual Max Total Time": 0.093, "Filter": "((info)::text = 'rating'::text)", "Rows Removed by Filter": 111, "Actual Rows": 1}, {"Node Type": "Nested Loop", "Parent Relationship": "Inner", "Join Type": "Inner", "Startup Cost": 0.0, "Total Cost": 39146.01, "Plan Rows": 999, "Plan Width": 59, "Actual Min Startup Time": 418.484, "Actual Max Startup Time": 418.484, "Actual Min Total Time": 750.31, "Actual Max Total Time": 750.31, "Inner Unique": false, "Plans": [{"Node Type": "Nested Loop", "Parent Relationship": "Outer", "Join Type": "Inner", "Startup Cost": 0.0, "Total Cost": 38204.15, "Plan Rows": 971, "Plan Width": 46, "Actual Min Startup Time": 418.401, "Actual Max Startup Time": 418.401, "Actual Min Total Time": 457.136, "Actual Max Total Time": 457.136, "Inner Unique": false, "Join Filter": "(it1.id = mi.info_type_id)", "Rows Removed by Join Filter": 789, "Plans": [{"Node Type": "Seq Scan", "Parent Relationship": "Outer", "Relation Name": "info_type", "Alias": "it1", "Startup Cost": 0.0, "Total Cost": 2.4, "Plan Rows": 1, "Plan Width": 4, "Actual Min Startup Time": 0.07, "Actual Max Startup Time": 0.07, "Actual Min Total Time": 0.105, "Actual Max Total Time": 0.105, "Filter": "((info)::text = 'genres'::text)", "Rows Removed by Filter": 111, "Actual Rows": 1}, {"Node Type": "Materialize", "Parent Relationship": "Inner", "Startup Cost": 0.0, "Total Cost": 37522.04, "Plan Rows": 67971, "Plan Width": 50, "Actual Min Startup Time": 418.259, "Actual Max Startup Time": 418.259, "Actual Min Total Time": 427.845, "Actual Max Total Time": 427.845, "Plans": [{"Node Type": "Streaming(type: LOCAL GATHER dop: 1/16)", "Parent Relationship": "Outer", "Startup Cost": 0.0, "Total Cost": 37352.11, "Plan Rows": 67971, "Plan Width": 50, "Actual Min Startup Time": 267.189, "Actual Max Startup Time": 267.189, "Actual Min Total Time": 406.953, "Actual Max Total Time": 406.953, "Plans": [{"Node Type": "Seq Scan", "Parent Relationship": "Outer", "Relation Name": "movie_info", "Alias": "mi", "Startup Cost": 0.0, "Total Cost": 35885.16, "Plan Rows": 67971, "Plan Width": 50, "Actual Min Startup Time": 236.199, "Actual Max Startup Time": 341.623, "Actual Min Total Time": 383.341, "Actual Max Total Time": 397.733, "Filter": "((note IS NULL) AND ((info)::text = ANY ('{Horror,Thriller}'::text[])))", "Rows Removed by Filter": 14762672, "Actual Rows": 73047}], "Actual Rows": 73047}], "Actual Rows": 73048}], "Actual Rows": 72258}, {"Node Type": "Index Scan", "Parent Relationship": "Inner", "Scan Direction": "Forward", "Index Name": "movie_id_movie_info_idx", "Relation Name": "movie_info_idx", "Alias": "mi_idx", "Startup Cost": 0.0, "Total Cost": 0.96, "Plan Rows": 1, "Plan Width": 13, "Actual Min Startup Time": 255.529, "Actual Max Startup Time": 255.529, "Actual Min Total Time": 258.944, "Actual Max Total Time": 258.944, "Index Cond": "(movie_id = mi.movie_id)", "Rows Removed by Index Recheck": 0, "Filter": "((info)::text > '8.0'::text)", "Rows Removed by Filter": 113143, "Actual Rows": 4135}], "Actual Rows": 4135}], "Actual Rows": 732}, {"Node Type": "Index Scan", "Parent Relationship": "Inner", "Scan Direction": "Forward", "Index Name": "title_pkey", "Relation Name": "title", "Alias": "t", "Startup Cost": 0.0, "Total Cost": 2.84, "Plan Rows": 1, "Plan Width": 21, "Actual Min Startup Time": 4.157, "Actual Max Startup Time": 4.157, "Actual Min Total Time": 4.157, "Actual Max Total Time": 4.157, "Index Cond": "(id = mi.movie_id)", "Rows Removed by Index Recheck": 0, "Filter": "((production_year >= 2008) AND (production_year <= 2014))", "Rows Removed by Filter": 374, "Actual Rows": 358}], "Actual Rows": 358}, {"Node Type": "Index Scan", "Parent Relationship": "Inner", "Scan Direction": "Forward", "Index Name": "movie_id_cast_info", "Relation Name": "cast_info", "Alias": "ci", "Startup Cost": 0.0, "Total Cost": 2.34, "Plan Rows": 1, "Plan Width": 8, "Actual Min Startup Time": 18.983, "Actual Max Startup Time": 18.983, "Actual Min Total Time": 24.063, "Actual Max Total Time": 24.063, "Index Cond": "(movie_id = t.id)", "Rows Removed by Index Recheck": 0, "Filter": "((note)::text = ANY ('{(writer),\"(head writer)\",\"(written by)\",(story),\"(story editor)\"}'::text[]))", "Rows Removed by Filter": 12296, "Actual Rows": 268}], "Actual Rows": 268}, {"Node Type": "Index Scan", "Parent Relationship": "Inner", "Scan Direction": "Forward", "Index Name": "name_pkey", "Relation Name": "name", "Alias": "n", "Startup Cost": 0.0, "Total Cost": 0.49, "Plan Rows": 1, "Plan Width": 4, "Actual Min Startup Time": 1.815, "Actual Max Startup Time": 1.815, "Actual Min Total Time": 1.815, "Actual Max Total Time": 1.815, "Index Cond": "(id = ci.person_id)", "Rows Removed by Index Recheck": 0, "Filter": "((gender IS NOT NULL) AND ((gender)::text = 'f'::text))", "Rows Removed by Filter": 257, "Actual Rows": 11}], "Actual Rows": 11}], "Actual Rows": 1}, "Triggers": [], "Planner Runtime": 16.483, "Total Runtime": 786.667, "Unique SQL Id": 661781350}}, "(16, '53')": {"explain_plan": {"Plan": {"Node Type": "Aggregate", "Strategy": "Plain", "Startup Cost": 84230.9, "Total Cost": 84230.91, "Plan Rows": 1, "Plan Width": 160, "Plans": [{"Node Type": "Nested Loop", "Parent Relationship": "Outer", "Join Type": "Inner", "Startup Cost": 7419.04, "Total Cost": 84229.26, "Plan Rows": 219, "Plan Width": 64, "Inner Unique": true, "Plans": [{"Node Type": "Nested Loop", "Parent Relationship": "Outer", "Join Type": "Inner", "Startup Cost": 7419.04, "Total Cost": 84068.27, "Plan Rows": 321, "Plan Width": 68, "Inner Unique": false, "Plans": [{"Node Type": "Nested Loop", "Parent Relationship": "Outer", "Join Type": "Inner", "Startup Cost": 7419.04, "Total Cost": 83383.24, "Plan Rows": 291, "Plan Width": 76, "Inner Unique": false, "Join Filter": "(mi.info_type_id = it1.id)", "Plans": [{"Node Type": "Index Scan", "Parent Relationship": "Outer", "Scan Direction": "Forward", "Index Name": "info_type_pkey", "Relation Name": "info_type", "Alias": "it1", "Startup Cost": 0.0, "Total Cost": 14.21, "Plan Rows": 1, "Plan Width": 4, "Filter": "((info)::text = 'genres'::text)"}, {"Node Type": "Nested Loop", "Parent Relationship": "Inner", "Join Type": "Inner", "Startup Cost": 7419.04, "Total Cost": 83197.12, "Plan Rows": 13753, "Plan Width": 80, "Inner Unique": false, "Plans": [{"Node Type": "Nested Loop", "Parent Relationship": "Outer", "Join Type": "Inner", "Startup Cost": 7419.04, "Total Cost": 61824.99, "Plan Rows": 15041, "Plan Width": 30, "Inner Unique": true, "Plans": [{"Node Type": "Nested Loop", "Parent Relationship": "Outer", "Join Type": "Inner", "Startup Cost": 7419.04, "Total Cost": 19211.73, "Plan Rows": 12936, "Plan Width": 9, "Inner Unique": false, "Plans": [{"Node Type": "Index Scan", "Parent Relationship": "Outer", "Scan Direction": "Forward", "Index Name": "info_type_pkey", "Relation Name": "info_type", "Alias": "it2", "Startup Cost": 0.0, "Total Cost": 14.21, "Plan Rows": 1, "Plan Width": 4, "Filter": "((info)::text = 'rating'::text)"}, {"Node Type": "Bitmap Heap Scan", "Parent Relationship": "Inner", "Relation Name": "movie_info_idx", "Alias": "mi_idx", "Startup Cost": 7419.04, "Total Cost": 19068.16, "Plan Rows": 12936, "Plan Width": 13, "Recheck Cond": "(info_type_id = it2.id)", "Filter": "((info)::text > '8.0'::text)", "Plans": [{"Node Type": "Bitmap Index Scan", "Parent Relationship": "Outer", "Index Name": "info_type_id_movie_info_idx", "Startup Cost": 0.0, "Total Cost": 7415.81, "Plan Rows": 345008, "Plan Width": 0, "Index Cond": "(info_type_id = it2.id)"}]}]}, {"Node Type": "Index Scan", "Parent Relationship": "Inner", "Scan Direction": "Forward", "Index Name": "title_pkey", "Relation Name": "title", "Alias": "t", "Startup Cost": 0.0, "Total Cost": 3.28, "Plan Rows": 1, "Plan Width": 21, "Index Cond": "(id = mi_idx.movie_id)", "Filter": "((production_year >= 2008) AND (production_year <= 2014))"}]}, {"Node Type": "Index Scan", "Parent Relationship": "Inner", "Scan Direction": "Forward", "Index Name": "movie_id_movie_info", "Relation Name": "movie_info", "Alias": "mi", "Startup Cost": 0.0, "Total Cost": 1.41, "Plan Rows": 1, "Plan Width": 50, "Index Cond": "(movie_id = t.id)", "Filter": "((note IS NULL) AND ((info)::text = ANY ('{Horror,Thriller}'::text[])))"}]}]}, {"Node Type": "Index Scan", "Parent Relationship": "Inner", "Scan Direction": "Forward", "Index Name": "movie_id_cast_info", "Relation Name": "cast_info", "Alias": "ci", "Startup Cost": 0.0, "Total Cost": 2.34, "Plan Rows": 1, "Plan Width": 8, "Index Cond": "(movie_id = t.id)", "Filter": "((note)::text = ANY ('{(writer),\"(head writer)\",\"(written by)\",(story),\"(story editor)\"}'::text[]))"}]}, {"Node Type": "Index Scan", "Parent Relationship": "Inner", "Scan Direction": "Forward", "Index Name": "name_pkey", "Relation Name": "name", "Alias": "n", "Startup Cost": 0.0, "Total Cost": 0.49, "Plan Rows": 1, "Plan Width": 4, "Index Cond": "(id = ci.person_id)", "Filter": "((gender IS NOT NULL) AND ((gender)::text = 'f'::text))"}]}]}, "Unique SQL Id": 661781350, "Planner Runtime": 8}, "explain_analyze_plan": {"Plan": {"Node Type": "Aggregate", "Strategy": "Plain", "Startup Cost": 84230.9, "Total Cost": 84230.91, "Plan Rows": 1, "Plan Width": 160, "Actual Startup Time": 548.11, "Actual Total Time": 548.11, "Actual Rows": 1, "Actual Loops": 1, "Plans": [{"Node Type": "Nested Loop", "Parent Relationship": "Outer", "Join Type": "Inner", "Startup Cost": 7419.04, "Total Cost": 84229.26, "Plan Rows": 219, "Plan Width": 64, "Actual Startup Time": 313.092, "Actual Total Time": 548.036, "Actual Rows": 11, "Actual Loops": 1, "Inner Unique": true, "Plans": [{"Node Type": "Nested Loop", "Parent Relationship": "Outer", "Join Type": "Inner", "Startup Cost": 7419.04, "Total Cost": 84068.27, "Plan Rows": 321, "Plan Width": 68, "Actual Startup Time": 126.942, "Actual Total Time": 545.831, "Actual Rows": 268, "Actual Loops": 1, "Inner Unique": false, "Plans": [{"Node Type": "Nested Loop", "Parent Relationship": "Outer", "Join Type": "Inner", "Startup Cost": 7419.04, "Total Cost": 83383.24, "Plan Rows": 291, "Plan Width": 76, "Actual Startup Time": 66.913, "Actual Total Time": 520.715, "Actual Rows": 358, "Actual Loops": 1, "Inner Unique": false, "Join Filter": "(mi.info_type_id = it1.id)", "Rows Removed by Join Filter": 0, "Plans": [{"Node Type": "Index Scan", "Parent Relationship": "Outer", "Scan Direction": "Forward", "Index Name": "info_type_pkey", "Relation Name": "info_type", "Alias": "it1", "Startup Cost": 0.0, "Total Cost": 14.21, "Plan Rows": 1, "Plan Width": 4, "Actual Startup Time": 0.029, "Actual Total Time": 0.079, "Actual Rows": 1, "Actual Loops": 1, "Filter": "((info)::text = 'genres'::text)", "Rows Removed by Filter": 111}, {"Node Type": "Nested Loop", "Parent Relationship": "Inner", "Join Type": "Inner", "Startup Cost": 7419.04, "Total Cost": 83197.12, "Plan Rows": 13753, "Plan Width": 80, "Actual Startup Time": 66.872, "Actual Total Time": 520.361, "Actual Rows": 358, "Actual Loops": 1, "Inner Unique": false, "Plans": [{"Node Type": "Nested Loop", "Parent Relationship": "Outer", "Join Type": "Inner", "Startup Cost": 7419.04, "Total Cost": 61824.99, "Plan Rows": 15041, "Plan Width": 30, "Actual Startup Time": 60.361, "Actual Total Time": 383.098, "Actual Rows": 6152, "Actual Loops": 1, "Inner Unique": true, "Plans": [{"Node Type": "Nested Loop", "Parent Relationship": "Outer", "Join Type": "Inner", "Startup Cost": 7419.04, "Total Cost": 19211.73, "Plan Rows": 12936, "Plan Width": 9, "Actual Startup Time": 58.913, "Actual Total Time": 304.889, "Actual Rows": 15849, "Actual Loops": 1, "Inner Unique": false, "Plans": [{"Node Type": "Index Scan", "Parent Relationship": "Outer", "Scan Direction": "Forward", "Index Name": "info_type_pkey", "Relation Name": "info_type", "Alias": "it2", "Startup Cost": 0.0, "Total Cost": 14.21, "Plan Rows": 1, "Plan Width": 4, "Actual Startup Time": 0.048, "Actual Total Time": 0.061, "Actual Rows": 1, "Actual Loops": 1, "Filter": "((info)::text = 'rating'::text)", "Rows Removed by Filter": 111}, {"Node Type": "Bitmap Heap Scan", "Parent Relationship": "Inner", "Relation Name": "movie_info_idx", "Alias": "mi_idx", "Startup Cost": 7419.04, "Total Cost": 19068.16, "Plan Rows": 12936, "Plan Width": 13, "Actual Startup Time": 58.858, "Actual Total Time": 301.234, "Actual Rows": 15849, "Actual Loops": 1, "Recheck Cond": "(info_type_id = it2.id)", "Rows Removed by Index Recheck": 0, "Filter": "((info)::text > '8.0'::text)", "Rows Removed by Filter": 444076, "Exact Heap Blocks": 6472, "Lossy Heap Blocks": 6472, "Plans": [{"Node Type": "Bitmap Index Scan", "Parent Relationship": "Outer", "Index Name": "info_type_id_movie_info_idx", "Startup Cost": 0.0, "Total Cost": 7415.81, "Plan Rows": 345008, "Plan Width": 0, "Actual Startup Time": 57.616, "Actual Total Time": 57.616, "Actual Rows": 459925, "Actual Loops": 1, "Index Cond": "(info_type_id = it2.id)"}]}]}, {"Node Type": "Index Scan", "Parent Relationship": "Inner", "Scan Direction": "Forward", "Index Name": "title_pkey", "Relation Name": "title", "Alias": "t", "Startup Cost": 0.0, "Total Cost": 3.28, "Plan Rows": 1, "Plan Width": 21, "Actual Startup Time": 68.105, "Actual Total Time": 68.105, "Actual Rows": 6152, "Actual Loops": 15849, "Index Cond": "(id = mi_idx.movie_id)", "Rows Removed by Index Recheck": 0, "Filter": "((production_year >= 2008) AND (production_year <= 2014))", "Rows Removed by Filter": 9697}]}, {"Node Type": "Index Scan", "Parent Relationship": "Inner", "Scan Direction": "Forward", "Index Name": "movie_id_movie_info", "Relation Name": "movie_info", "Alias": "mi", "Startup Cost": 0.0, "Total Cost": 1.41, "Plan Rows": 1, "Plan Width": 50, "Actual Startup Time": 133.561, "Actual Total Time": 133.864, "Actual Rows": 358, "Actual Loops": 6152, "Index Cond": "(movie_id = t.id)", "Rows Removed by Index Recheck": 0, "Filter": "((note IS NULL) AND ((info)::text = ANY ('{Horror,Thriller}'::text[])))", "Rows Removed by Filter": 109599}]}]}, {"Node Type": "Index Scan", "Parent Relationship": "Inner", "Scan Direction": "Forward", "Index Name": "movie_id_cast_info", "Relation Name": "cast_info", "Alias": "ci", "Startup Cost": 0.0, "Total Cost": 2.34, "Plan Rows": 1, "Plan Width": 8, "Actual Startup Time": 19.441, "Actual Total Time": 24.677, "Actual Rows": 268, "Actual Loops": 358, "Index Cond": "(movie_id = t.id)", "Rows Removed by Index Recheck": 0, "Filter": "((note)::text = ANY ('{(writer),\"(head writer)\",\"(written by)\",(story),\"(story editor)\"}'::text[]))", "Rows Removed by Filter": 12296}]}, {"Node Type": "Index Scan", "Parent Relationship": "Inner", "Scan Direction": "Forward", "Index Name": "name_pkey", "Relation Name": "name", "Alias": "n", "Startup Cost": 0.0, "Total Cost": 0.49, "Plan Rows": 1, "Plan Width": 4, "Actual Startup Time": 1.95, "Actual Total Time": 1.95, "Actual Rows": 11, "Actual Loops": 268, "Index Cond": "(id = ci.person_id)", "Rows Removed by Index Recheck": 0, "Filter": "((gender IS NOT NULL) AND ((gender)::text = 'f'::text))", "Rows Removed by Filter": 257}]}]}, "Triggers": [], "Planner Runtime": 23.008, "Total Runtime": 548.511, "Unique SQL Id": 661781350}}, "(16, '54')": {"explain_plan": {"Plan": {"Node Type": "Aggregate", "Strategy": "Plain", "Startup Cost": 46768.59, "Total Cost": 46768.6, "Plan Rows": 1, "Plan Width": 160, "Plans": [{"Node Type": "Nested Loop", "Parent Relationship": "Outer", "Join Type": "Inner", "Startup Cost": 2.67, "Total Cost": 46766.94, "Plan Rows": 219, "Plan Width": 64, "Inner Unique": true, "Plans": [{"Node Type": "Nested Loop", "Parent Relationship": "Outer", "Join Type": "Inner", "Startup Cost": 2.36, "Total Cost": 45375.82, "Plan Rows": 321, "Plan Width": 68, "Inner Unique": false, "Plans": [{"Node Type": "Nested Loop", "Parent Relationship": "Outer", "Join Type": "Inner", "Startup Cost": 1.35, "Total Cost": 43882.65, "Plan Rows": 291, "Plan Width": 76, "Inner Unique": true, "Plans": [{"Node Type": "Nested Loop", "Parent Relationship": "Outer", "Join Type": "Inner", "Startup Cost": 0.55, "Total Cost": 42675.2, "Plan Rows": 250, "Plan Width": 55, "Inner Unique": false, "Join Filter": "(mi_idx.info_type_id = it2.id)", "Plans": [{"Node Type": "Seq Scan", "Parent Relationship": "Outer", "Relation Name": "info_type", "Alias": "it2", "Startup Cost": 0.0, "Total Cost": 2.4, "Plan Rows": 1, "Plan Width": 4, "Filter": "((info)::text = 'rating'::text)"}, {"Node Type": "Nested Loop", "Parent Relationship": "Inner", "Join Type": "Inner", "Startup Cost": 0.55, "Total Cost": 42660.32, "Plan Rows": 999, "Plan Width": 59, "Inner Unique": false, "Plans": [{"Node Type": "Nested Loop", "Parent Relationship": "Outer", "Join Type": "Inner", "Startup Cost": 0.0, "Total Cost": 38204.15, "Plan Rows": 971, "Plan Width": 46, "Inner Unique": false, "Join Filter": "(it1.id = mi.info_type_id)", "Plans": [{"Node Type": "Seq Scan", "Parent Relationship": "Outer", "Relation Name": "info_type", "Alias": "it1", "Startup Cost": 0.0, "Total Cost": 2.4, "Plan Rows": 1, "Plan Width": 4, "Filter": "((info)::text = 'genres'::text)"}, {"Node Type": "Materialize", "Parent Relationship": "Inner", "Startup Cost": 0.0, "Total Cost": 37522.04, "Plan Rows": 67971, "Plan Width": 50, "Plans": [{"Node Type": "Streaming(type: LOCAL GATHER dop: 1/16)", "Parent Relationship": "Outer", "Startup Cost": 0.0, "Total Cost": 37352.11, "Plan Rows": 67971, "Plan Width": 50, "Plans": [{"Node Type": "Seq Scan", "Parent Relationship": "Outer", "Relation Name": "movie_info", "Alias": "mi", "Startup Cost": 0.0, "Total Cost": 35885.16, "Plan Rows": 67971, "Plan Width": 50, "Filter": "((note IS NULL) AND ((info)::text = ANY ('{Horror,Thriller}'::text[])))"}]}]}]}, {"Node Type": "Bitmap Heap Scan", "Parent Relationship": "Inner", "Relation Name": "movie_info_idx", "Alias": "mi_idx", "Startup Cost": 0.55, "Total Cost": 4.58, "Plan Rows": 1, "Plan Width": 13, "Recheck Cond": "(movie_id = mi.movie_id)", "Filter": "((info)::text > '8.0'::text)", "Plans": [{"Node Type": "Bitmap Index Scan", "Parent Relationship": "Outer", "Index Name": "movie_id_movie_info_idx", "Startup Cost": 0.0, "Total Cost": 0.55, "Plan Rows": 2, "Plan Width": 0, "Index Cond": "(movie_id = mi.movie_id)"}]}]}]}, {"Node Type": "Bitmap Heap Scan", "Parent Relationship": "Inner", "Relation Name": "title", "Alias": "t", "Startup Cost": 0.8, "Total Cost": 4.82, "Plan Rows": 1, "Plan Width": 21, "Recheck Cond": "(id = mi.movie_id)", "Filter": "((production_year >= 2008) AND (production_year <= 2014))", "Plans": [{"Node Type": "Bitmap Index Scan", "Parent Relationship": "Outer", "Index Name": "title_pkey", "Startup Cost": 0.0, "Total Cost": 0.8, "Plan Rows": 1, "Plan Width": 0, "Index Cond": "(id = mi.movie_id)"}]}]}, {"Node Type": "Bitmap Heap Scan", "Parent Relationship": "Inner", "Relation Name": "cast_info", "Alias": "ci", "Startup Cost": 1.01, "Total Cost": 5.12, "Plan Rows": 1, "Plan Width": 8, "Recheck Cond": "(movie_id = t.id)", "Filter": "((note)::text = ANY ('{(writer),\"(head writer)\",\"(written by)\",(story),\"(story editor)\"}'::text[]))", "Plans": [{"Node Type": "Bitmap Index Scan", "Parent Relationship": "Outer", "Index Name": "movie_id_cast_info", "Startup Cost": 0.0, "Total Cost": 1.01, "Plan Rows": 6, "Plan Width": 0, "Index Cond": "(movie_id = t.id)"}]}]}, {"Node Type": "Bitmap Heap Scan", "Parent Relationship": "Inner", "Relation Name": "name", "Alias": "n", "Startup Cost": 0.31, "Total Cost": 4.32, "Plan Rows": 1, "Plan Width": 4, "Recheck Cond": "(id = ci.person_id)", "Filter": "((gender IS NOT NULL) AND ((gender)::text = 'f'::text))", "Plans": [{"Node Type": "Bitmap Index Scan", "Parent Relationship": "Outer", "Index Name": "name_pkey", "Startup Cost": 0.0, "Total Cost": 0.31, "Plan Rows": 1, "Plan Width": 0, "Index Cond": "(id = ci.person_id)"}]}]}]}, "Unique SQL Id": 661781350, "Planner Runtime": 14}, "explain_analyze_plan": {"Plan": {"Node Type": "Aggregate", "Strategy": "Plain", "Startup Cost": 46768.59, "Total Cost": 46768.6, "Plan Rows": 1, "Plan Width": 160, "Actual Min Startup Time": 899.573, "Actual Max Startup Time": 899.573, "Actual Min Total Time": 899.573, "Actual Max Total Time": 899.573, "Plans": [{"Node Type": "Nested Loop", "Parent Relationship": "Outer", "Join Type": "Inner", "Startup Cost": 2.67, "Total Cost": 46766.94, "Plan Rows": 219, "Plan Width": 64, "Actual Min Startup Time": 424.809, "Actual Max Startup Time": 424.809, "Actual Min Total Time": 899.504, "Actual Max Total Time": 899.504, "Inner Unique": true, "Plans": [{"Node Type": "Nested Loop", "Parent Relationship": "Outer", "Join Type": "Inner", "Startup Cost": 2.36, "Total Cost": 45375.82, "Plan Rows": 321, "Plan Width": 68, "Actual Min Startup Time": 421.88, "Actual Max Startup Time": 421.88, "Actual Min Total Time": 896.715, "Actual Max Total Time": 896.715, "Inner Unique": false, "Plans": [{"Node Type": "Nested Loop", "Parent Relationship": "Outer", "Join Type": "Inner", "Startup Cost": 1.35, "Total Cost": 43882.65, "Plan Rows": 291, "Plan Width": 76, "Actual Min Startup Time": 420.773, "Actual Max Startup Time": 420.773, "Actual Min Total Time": 864.87, "Actual Max Total Time": 864.87, "Inner Unique": true, "Plans": [{"Node Type": "Nested Loop", "Parent Relationship": "Outer", "Join Type": "Inner", "Startup Cost": 0.55, "Total Cost": 42675.2, "Plan Rows": 250, "Plan Width": 55, "Actual Min Startup Time": 420.746, "Actual Max Startup Time": 420.746, "Actual Min Total Time": 858.642, "Actual Max Total Time": 858.642, "Inner Unique": false, "Join Filter": "(mi_idx.info_type_id = it2.id)", "Rows Removed by Join Filter": 3403, "Plans": [{"Node Type": "Seq Scan", "Parent Relationship": "Outer", "Relation Name": "info_type", "Alias": "it2", "Startup Cost": 0.0, "Total Cost": 2.4, "Plan Rows": 1, "Plan Width": 4, "Actual Min Startup Time": 0.07, "Actual Max Startup Time": 0.07, "Actual Min Total Time": 0.078, "Actual Max Total Time": 0.078, "Filter": "((info)::text = 'rating'::text)", "Rows Removed by Filter": 111, "Actual Rows": 1}, {"Node Type": "Nested Loop", "Parent Relationship": "Inner", "Join Type": "Inner", "Startup Cost": 0.55, "Total Cost": 42660.32, "Plan Rows": 999, "Plan Width": 59, "Actual Min Startup Time": 420.561, "Actual Max Startup Time": 420.561, "Actual Min Total Time": 856.38, "Actual Max Total Time": 856.38, "Inner Unique": false, "Plans": [{"Node Type": "Nested Loop", "Parent Relationship": "Outer", "Join Type": "Inner", "Startup Cost": 0.0, "Total Cost": 38204.15, "Plan Rows": 971, "Plan Width": 46, "Actual Min Startup Time": 420.454, "Actual Max Startup Time": 420.454, "Actual Min Total Time": 461.536, "Actual Max Total Time": 461.536, "Inner Unique": false, "Join Filter": "(it1.id = mi.info_type_id)", "Rows Removed by Join Filter": 789, "Plans": [{"Node Type": "Seq Scan", "Parent Relationship": "Outer", "Relation Name": "info_type", "Alias": "it1", "Startup Cost": 0.0, "Total Cost": 2.4, "Plan Rows": 1, "Plan Width": 4, "Actual Min Startup Time": 0.064, "Actual Max Startup Time": 0.064, "Actual Min Total Time": 0.098, "Actual Max Total Time": 0.098, "Filter": "((info)::text = 'genres'::text)", "Rows Removed by Filter": 111, "Actual Rows": 1}, {"Node Type": "Materialize", "Parent Relationship": "Inner", "Startup Cost": 0.0, "Total Cost": 37522.04, "Plan Rows": 67971, "Plan Width": 50, "Actual Min Startup Time": 420.316, "Actual Max Startup Time": 420.316, "Actual Min Total Time": 431.157, "Actual Max Total Time": 431.157, "Plans": [{"Node Type": "Streaming(type: LOCAL GATHER dop: 1/16)", "Parent Relationship": "Outer", "Startup Cost": 0.0, "Total Cost": 37352.11, "Plan Rows": 67971, "Plan Width": 50, "Actual Min Startup Time": 269.639, "Actual Max Startup Time": 269.639, "Actual Min Total Time": 409.112, "Actual Max Total Time": 409.112, "Plans": [{"Node Type": "Seq Scan", "Parent Relationship": "Outer", "Relation Name": "movie_info", "Alias": "mi", "Startup Cost": 0.0, "Total Cost": 35885.16, "Plan Rows": 67971, "Plan Width": 50, "Actual Min Startup Time": 236.103, "Actual Max Startup Time": 341.787, "Actual Min Total Time": 383.994, "Actual Max Total Time": 395.944, "Filter": "((note IS NULL) AND ((info)::text = ANY ('{Horror,Thriller}'::text[])))", "Rows Removed by Filter": 14762672, "Actual Rows": 73047}], "Actual Rows": 73047}], "Actual Rows": 73048}], "Actual Rows": 72258}, {"Node Type": "Bitmap Heap Scan", "Parent Relationship": "Inner", "Relation Name": "movie_info_idx", "Alias": "mi_idx", "Startup Cost": 0.55, "Total Cost": 4.58, "Plan Rows": 1, "Plan Width": 13, "Actual Min Startup Time": 312.612, "Actual Max Startup Time": 312.612, "Actual Min Total Time": 314.429, "Actual Max Total Time": 314.429, "Recheck Cond": "(movie_id = mi.movie_id)", "Rows Removed by Index Recheck": 0, "Filter": "((info)::text > '8.0'::text)", "Rows Removed by Filter": 113143, "Exact Heap Blocks": 39507, "Lossy Heap Blocks": 39507, "Plans": [{"Node Type": "Bitmap Index Scan", "Parent Relationship": "Outer", "Index Name": "movie_id_movie_info_idx", "Startup Cost": 0.0, "Total Cost": 0.55, "Plan Rows": 2, "Plan Width": 0, "Actual Min Startup Time": 182.59, "Actual Max Startup Time": 182.59, "Actual Min Total Time": 182.59, "Actual Max Total Time": 182.59, "Index Cond": "(movie_id = mi.movie_id)", "Actual Rows": 117278}], "Actual Rows": 4135}], "Actual Rows": 4135}], "Actual Rows": 732}, {"Node Type": "Bitmap Heap Scan", "Parent Relationship": "Inner", "Relation Name": "title", "Alias": "t", "Startup Cost": 0.8, "Total Cost": 4.82, "Plan Rows": 1, "Plan Width": 21, "Actual Min Startup Time": 5.132, "Actual Max Startup Time": 5.132, "Actual Min Total Time": 5.132, "Actual Max Total Time": 5.132, "Recheck Cond": "(id = mi.movie_id)", "Rows Removed by Index Recheck": 0, "Filter": "((production_year >= 2008) AND (production_year <= 2014))", "Rows Removed by Filter": 374, "Exact Heap Blocks": 732, "Lossy Heap Blocks": 732, "Plans": [{"Node Type": "Bitmap Index Scan", "Parent Relationship": "Outer", "Index Name": "title_pkey", "Startup Cost": 0.0, "Total Cost": 0.8, "Plan Rows": 1, "Plan Width": 0, "Actual Min Startup Time": 3.046, "Actual Max Startup Time": 3.046, "Actual Min Total Time": 3.046, "Actual Max Total Time": 3.046, "Index Cond": "(id = mi.movie_id)", "Actual Rows": 732}], "Actual Rows": 358}], "Actual Rows": 358}, {"Node Type": "Bitmap Heap Scan", "Parent Relationship": "Inner", "Relation Name": "cast_info", "Alias": "ci", "Startup Cost": 1.01, "Total Cost": 5.12, "Plan Rows": 1, "Plan Width": 8, "Actual Min Startup Time": 25.305, "Actual Max Startup Time": 25.305, "Actual Min Total Time": 30.926, "Actual Max Total Time": 30.926, "Recheck Cond": "(movie_id = t.id)", "Rows Removed by Index Recheck": 0, "Filter": "((note)::text = ANY ('{(writer),\"(head writer)\",\"(written by)\",(story),\"(story editor)\"}'::text[]))", "Rows Removed by Filter": 12296, "Exact Heap Blocks": 11454, "Lossy Heap Blocks": 11454, "Plans": [{"Node Type": "Bitmap Index Scan", "Parent Relationship": "Outer", "Index Name": "movie_id_cast_info", "Startup Cost": 0.0, "Total Cost": 1.01, "Plan Rows": 6, "Plan Width": 0, "Actual Min Startup Time": 4.678, "Actual Max Startup Time": 4.678, "Actual Min Total Time": 4.678, "Actual Max Total Time": 4.678, "Index Cond": "(movie_id = t.id)", "Actual Rows": 12564}], "Actual Rows": 268}], "Actual Rows": 268}, {"Node Type": "Bitmap Heap Scan", "Parent Relationship": "Inner", "Relation Name": "name", "Alias": "n", "Startup Cost": 0.31, "Total Cost": 4.32, "Plan Rows": 1, "Plan Width": 4, "Actual Min Startup Time": 2.258, "Actual Max Startup Time": 2.258, "Actual Min Total Time": 2.258, "Actual Max Total Time": 2.258, "Recheck Cond": "(id = ci.person_id)", "Rows Removed by Index Recheck": 0, "Filter": "((gender IS NOT NULL) AND ((gender)::text = 'f'::text))", "Rows Removed by Filter": 257, "Exact Heap Blocks": 268, "Lossy Heap Blocks": 268, "Plans": [{"Node Type": "Bitmap Index Scan", "Parent Relationship": "Outer", "Index Name": "name_pkey", "Startup Cost": 0.0, "Total Cost": 0.31, "Plan Rows": 1, "Plan Width": 0, "Actual Min Startup Time": 1.381, "Actual Max Startup Time": 1.381, "Actual Min Total Time": 1.381, "Actual Max Total Time": 1.381, "Index Cond": "(id = ci.person_id)", "Actual Rows": 268}], "Actual Rows": 11}], "Actual Rows": 11}], "Actual Rows": 1}, "Triggers": [], "Planner Runtime": 25.228, "Total Runtime": 902.44, "Unique SQL Id": 661781350}}, "(16, '55')": {"explain_plan": {"Plan": {"Node Type": "Aggregate", "Strategy": "Plain", "Startup Cost": 157109.69, "Total Cost": 157109.7, "Plan Rows": 1, "Plan Width": 160, "Plans": [{"Node Type": "Nested Loop", "Parent Relationship": "Outer", "Join Type": "Inner", "Startup Cost": 7439.53, "Total Cost": 157108.05, "Plan Rows": 219, "Plan Width": 64, "Inner Unique": true, "Plans": [{"Node Type": "Nested Loop", "Parent Relationship": "Outer", "Join Type": "Inner", "Startup Cost": 7439.22, "Total Cost": 155716.93, "Plan Rows": 321, "Plan Width": 68, "Inner Unique": false, "Plans": [{"Node Type": "Nested Loop", "Parent Relationship": "Outer", "Join Type": "Inner", "Startup Cost": 7438.22, "Total Cost": 154223.75, "Plan Rows": 291, "Plan Width": 76, "Inner Unique": false, "Join Filter": "(mi.info_type_id = it1.id)", "Plans": [{"Node Type": "Bitmap Heap Scan", "Parent Relationship": "Outer", "Relation Name": "info_type", "Alias": "it1", "Startup Cost": 8.81, "Total Cost": 14.21, "Plan Rows": 1, "Plan Width": 4, "Filter": "((info)::text = 'genres'::text)", "Plans": [{"Node Type": "Bitmap Index Scan", "Parent Relationship": "Outer", "Index Name": "info_type_pkey", "Startup Cost": 0.0, "Total Cost": 8.81, "Plan Rows": 112, "Plan Width": 0}]}, {"Node Type": "Nested Loop", "Parent Relationship": "Inner", "Join Type": "Inner", "Startup Cost": 7429.41, "Total Cost": 154037.63, "Plan Rows": 13753, "Plan Width": 80, "Inner Unique": false, "Plans": [{"Node Type": "Nested Loop", "Parent Relationship": "Outer", "Join Type": "Inner", "Startup Cost": 7428.83, "Total Cost": 83898.37, "Plan Rows": 15041, "Plan Width": 30, "Inner Unique": true, "Plans": [{"Node Type": "Nested Loop", "Parent Relationship": "Outer", "Join Type": "Inner", "Startup Cost": 7427.85, "Total Cost": 19211.73, "Plan Rows": 12936, "Plan Width": 9, "Inner Unique": false, "Plans": [{"Node Type": "Bitmap Heap Scan", "Parent Relationship": "Outer", "Relation Name": "info_type", "Alias": "it2", "Startup Cost": 8.81, "Total Cost": 14.21, "Plan Rows": 1, "Plan Width": 4, "Filter": "((info)::text = 'rating'::text)", "Plans": [{"Node Type": "Bitmap Index Scan", "Parent Relationship": "Outer", "Index Name": "info_type_pkey", "Startup Cost": 0.0, "Total Cost": 8.81, "Plan Rows": 112, "Plan Width": 0}]}, {"Node Type": "Bitmap Heap Scan", "Parent Relationship": "Inner", "Relation Name": "movie_info_idx", "Alias": "mi_idx", "Startup Cost": 7419.04, "Total Cost": 19068.16, "Plan Rows": 12936, "Plan Width": 13, "Recheck Cond": "(info_type_id = it2.id)", "Filter": "((info)::text > '8.0'::text)", "Plans": [{"Node Type": "Bitmap Index Scan", "Parent Relationship": "Outer", "Index Name": "info_type_id_movie_info_idx", "Startup Cost": 0.0, "Total Cost": 7415.81, "Plan Rows": 345008, "Plan Width": 0, "Index Cond": "(info_type_id = it2.id)"}]}]}, {"Node Type": "Bitmap Heap Scan", "Parent Relationship": "Inner", "Relation Name": "title", "Alias": "t", "Startup Cost": 0.97, "Total Cost": 4.99, "Plan Rows": 1, "Plan Width": 21, "Recheck Cond": "(id = mi_idx.movie_id)", "Filter": "((production_year >= 2008) AND (production_year <= 2014))", "Plans": [{"Node Type": "Bitmap Index Scan", "Parent Relationship": "Outer", "Index Name": "title_pkey", "Startup Cost": 0.0, "Total Cost": 0.97, "Plan Rows": 1, "Plan Width": 0, "Index Cond": "(id = mi_idx.movie_id)"}]}]}, {"Node Type": "Bitmap Heap Scan", "Parent Relationship": "Inner", "Relation Name": "movie_info", "Alias": "mi", "Startup Cost": 0.58, "Total Cost": 4.65, "Plan Rows": 1, "Plan Width": 50, "Recheck Cond": "(movie_id = t.id)", "Filter": "((note IS NULL) AND ((info)::text = ANY ('{Horror,Thriller}'::text[])))", "Plans": [{"Node Type": "Bitmap Index Scan", "Parent Relationship": "Outer", "Index Name": "movie_id_movie_info", "Startup Cost": 0.0, "Total Cost": 0.58, "Plan Rows": 5, "Plan Width": 0, "Index Cond": "(movie_id = t.id)"}]}]}]}, {"Node Type": "Bitmap Heap Scan", "Parent Relationship": "Inner", "Relation Name": "cast_info", "Alias": "ci", "Startup Cost": 1.01, "Total Cost": 5.12, "Plan Rows": 1, "Plan Width": 8, "Recheck Cond": "(movie_id = t.id)", "Filter": "((note)::text = ANY ('{(writer),\"(head writer)\",\"(written by)\",(story),\"(story editor)\"}'::text[]))", "Plans": [{"Node Type": "Bitmap Index Scan", "Parent Relationship": "Outer", "Index Name": "movie_id_cast_info", "Startup Cost": 0.0, "Total Cost": 1.01, "Plan Rows": 6, "Plan Width": 0, "Index Cond": "(movie_id = t.id)"}]}]}, {"Node Type": "Bitmap Heap Scan", "Parent Relationship": "Inner", "Relation Name": "name", "Alias": "n", "Startup Cost": 0.31, "Total Cost": 4.32, "Plan Rows": 1, "Plan Width": 4, "Recheck Cond": "(id = ci.person_id)", "Filter": "((gender IS NOT NULL) AND ((gender)::text = 'f'::text))", "Plans": [{"Node Type": "Bitmap Index Scan", "Parent Relationship": "Outer", "Index Name": "name_pkey", "Startup Cost": 0.0, "Total Cost": 0.31, "Plan Rows": 1, "Plan Width": 0, "Index Cond": "(id = ci.person_id)"}]}]}]}, "Unique SQL Id": 661781350, "Planner Runtime": 8}, "explain_analyze_plan": {"Plan": {"Node Type": "Aggregate", "Strategy": "Plain", "Startup Cost": 157109.69, "Total Cost": 157109.7, "Plan Rows": 1, "Plan Width": 160, "Actual Startup Time": 648.813, "Actual Total Time": 648.813, "Actual Rows": 1, "Actual Loops": 1, "Plans": [{"Node Type": "Nested Loop", "Parent Relationship": "Outer", "Join Type": "Inner", "Startup Cost": 7439.53, "Total Cost": 157108.05, "Plan Rows": 219, "Plan Width": 64, "Actual Startup Time": 394.473, "Actual Total Time": 648.75, "Actual Rows": 11, "Actual Loops": 1, "Inner Unique": true, "Plans": [{"Node Type": "Nested Loop", "Parent Relationship": "Outer", "Join Type": "Inner", "Startup Cost": 7439.22, "Total Cost": 155716.93, "Plan Rows": 321, "Plan Width": 68, "Actual Startup Time": 144.736, "Actual Total Time": 645.961, "Actual Rows": 268, "Actual Loops": 1, "Inner Unique": false, "Plans": [{"Node Type": "Nested Loop", "Parent Relationship": "Outer", "Join Type": "Inner", "Startup Cost": 7438.22, "Total Cost": 154223.75, "Plan Rows": 291, "Plan Width": 76, "Actual Startup Time": 67.802, "Actual Total Time": 613.896, "Actual Rows": 358, "Actual Loops": 1, "Inner Unique": false, "Join Filter": "(mi.info_type_id = it1.id)", "Rows Removed by Join Filter": 0, "Plans": [{"Node Type": "Bitmap Heap Scan", "Parent Relationship": "Outer", "Relation Name": "info_type", "Alias": "it1", "Startup Cost": 8.81, "Total Cost": 14.21, "Plan Rows": 1, "Plan Width": 4, "Actual Startup Time": 0.054, "Actual Total Time": 0.086, "Actual Rows": 1, "Actual Loops": 1, "Filter": "((info)::text = 'genres'::text)", "Rows Removed by Filter": 111, "Exact Heap Blocks": 1, "Lossy Heap Blocks": 1, "Plans": [{"Node Type": "Bitmap Index Scan", "Parent Relationship": "Outer", "Index Name": "info_type_pkey", "Startup Cost": 0.0, "Total Cost": 8.81, "Plan Rows": 112, "Plan Width": 0, "Actual Startup Time": 0.015, "Actual Total Time": 0.015, "Actual Rows": 112, "Actual Loops": 1}]}, {"Node Type": "Nested Loop", "Parent Relationship": "Inner", "Join Type": "Inner", "Startup Cost": 7429.41, "Total Cost": 154037.63, "Plan Rows": 13753, "Plan Width": 80, "Actual Startup Time": 67.737, "Actual Total Time": 613.496, "Actual Rows": 358, "Actual Loops": 1, "Inner Unique": false, "Plans": [{"Node Type": "Nested Loop", "Parent Relationship": "Outer", "Join Type": "Inner", "Startup Cost": 7428.83, "Total Cost": 83898.37, "Plan Rows": 15041, "Plan Width": 30, "Actual Startup Time": 60.256, "Actual Total Time": 430.293, "Actual Rows": 6152, "Actual Loops": 1, "Inner Unique": true, "Plans": [{"Node Type": "Nested Loop", "Parent Relationship": "Outer", "Join Type": "Inner", "Startup Cost": 7427.85, "Total Cost": 19211.73, "Plan Rows": 12936, "Plan Width": 9, "Actual Startup Time": 58.555, "Actual Total Time": 316.66, "Actual Rows": 15849, "Actual Loops": 1, "Inner Unique": false, "Plans": [{"Node Type": "Bitmap Heap Scan", "Parent Relationship": "Outer", "Relation Name": "info_type", "Alias": "it2", "Startup Cost": 8.81, "Total Cost": 14.21, "Plan Rows": 1, "Plan Width": 4, "Actual Startup Time": 0.053, "Actual Total Time": 0.058, "Actual Rows": 1, "Actual Loops": 1, "Filter": "((info)::text = 'rating'::text)", "Rows Removed by Filter": 111, "Exact Heap Blocks": 1, "Lossy Heap Blocks": 1, "Plans": [{"Node Type": "Bitmap Index Scan", "Parent Relationship": "Outer", "Index Name": "info_type_pkey", "Startup Cost": 0.0, "Total Cost": 8.81, "Plan Rows": 112, "Plan Width": 0, "Actual Startup Time": 0.008, "Actual Total Time": 0.008, "Actual Rows": 112, "Actual Loops": 1}]}, {"Node Type": "Bitmap Heap Scan", "Parent Relationship": "Inner", "Relation Name": "movie_info_idx", "Alias": "mi_idx", "Startup Cost": 7419.04, "Total Cost": 19068.16, "Plan Rows": 12936, "Plan Width": 13, "Actual Startup Time": 58.498, "Actual Total Time": 312.884, "Actual Rows": 15849, "Actual Loops": 1, "Recheck Cond": "(info_type_id = it2.id)", "Rows Removed by Index Recheck": 0, "Filter": "((info)::text > '8.0'::text)", "Rows Removed by Filter": 444076, "Exact Heap Blocks": 6472, "Lossy Heap Blocks": 6472, "Plans": [{"Node Type": "Bitmap Index Scan", "Parent Relationship": "Outer", "Index Name": "info_type_id_movie_info_idx", "Startup Cost": 0.0, "Total Cost": 7415.81, "Plan Rows": 345008, "Plan Width": 0, "Actual Startup Time": 57.263, "Actual Total Time": 57.263, "Actual Rows": 459925, "Actual Loops": 1, "Index Cond": "(info_type_id = it2.id)"}]}]}, {"Node Type": "Bitmap Heap Scan", "Parent Relationship": "Inner", "Relation Name": "title", "Alias": "t", "Startup Cost": 0.97, "Total Cost": 4.99, "Plan Rows": 1, "Plan Width": 21, "Actual Startup Time": 92.969, "Actual Total Time": 92.969, "Actual Rows": 6152, "Actual Loops": 15849, "Recheck Cond": "(id = mi_idx.movie_id)", "Rows Removed by Index Recheck": 0, "Filter": "((production_year >= 2008) AND (production_year <= 2014))", "Rows Removed by Filter": 9697, "Exact Heap Blocks": 15849, "Lossy Heap Blocks": 15849, "Plans": [{"Node Type": "Bitmap Index Scan", "Parent Relationship": "Outer", "Index Name": "title_pkey", "Startup Cost": 0.0, "Total Cost": 0.97, "Plan Rows": 1, "Plan Width": 0, "Actual Startup Time": 45.73, "Actual Total Time": 45.73, "Actual Rows": 15849, "Actual Loops": 15849, "Index Cond": "(id = mi_idx.movie_id)"}]}]}, {"Node Type": "Bitmap Heap Scan", "Parent Relationship": "Inner", "Relation Name": "movie_info", "Alias": "mi", "Startup Cost": 0.58, "Total Cost": 4.65, "Plan Rows": 1, "Plan Width": 50, "Actual Startup Time": 174.663, "Actual Total Time": 174.828, "Actual Rows": 358, "Actual Loops": 6152, "Recheck Cond": "(movie_id = t.id)", "Rows Removed by Index Recheck": 0, "Filter": "((note IS NULL) AND ((info)::text = ANY ('{Horror,Thriller}'::text[])))", "Rows Removed by Filter": 109599, "Exact Heap Blocks": 52726, "Lossy Heap Blocks": 52726, "Plans": [{"Node Type": "Bitmap Index Scan", "Parent Relationship": "Outer", "Index Name": "movie_id_movie_info", "Startup Cost": 0.0, "Total Cost": 0.58, "Plan Rows": 5, "Plan Width": 0, "Actual Startup Time": 40.719, "Actual Total Time": 40.719, "Actual Rows": 109957, "Actual Loops": 6152, "Index Cond": "(movie_id = t.id)"}]}]}]}, {"Node Type": "Bitmap Heap Scan", "Parent Relationship": "Inner", "Relation Name": "cast_info", "Alias": "ci", "Startup Cost": 1.01, "Total Cost": 5.12, "Plan Rows": 1, "Plan Width": 8, "Actual Startup Time": 25.29, "Actual Total Time": 31.079, "Actual Rows": 268, "Actual Loops": 358, "Recheck Cond": "(movie_id = t.id)", "Rows Removed by Index Recheck": 0, "Filter": "((note)::text = ANY ('{(writer),\"(head writer)\",\"(written by)\",(story),\"(story editor)\"}'::text[]))", "Rows Removed by Filter": 12296, "Exact Heap Blocks": 11454, "Lossy Heap Blocks": 11454, "Plans": [{"Node Type": "Bitmap Index Scan", "Parent Relationship": "Outer", "Index Name": "movie_id_cast_info", "Startup Cost": 0.0, "Total Cost": 1.01, "Plan Rows": 6, "Plan Width": 0, "Actual Startup Time": 4.711, "Actual Total Time": 4.711, "Actual Rows": 12564, "Actual Loops": 358, "Index Cond": "(movie_id = t.id)"}]}]}, {"Node Type": "Bitmap Heap Scan", "Parent Relationship": "Inner", "Relation Name": "name", "Alias": "n", "Startup Cost": 0.31, "Total Cost": 4.32, "Plan Rows": 1, "Plan Width": 4, "Actual Startup Time": 2.292, "Actual Total Time": 2.292, "Actual Rows": 11, "Actual Loops": 268, "Recheck Cond": "(id = ci.person_id)", "Rows Removed by Index Recheck": 0, "Filter": "((gender IS NOT NULL) AND ((gender)::text = 'f'::text))", "Rows Removed by Filter": 257, "Exact Heap Blocks": 268, "Lossy Heap Blocks": 268, "Plans": [{"Node Type": "Bitmap Index Scan", "Parent Relationship": "Outer", "Index Name": "name_pkey", "Startup Cost": 0.0, "Total Cost": 0.31, "Plan Rows": 1, "Plan Width": 0, "Actual Startup Time": 1.403, "Actual Total Time": 1.403, "Actual Rows": 268, "Actual Loops": 268, "Index Cond": "(id = ci.person_id)"}]}]}]}, "Triggers": [], "Planner Runtime": 23.03, "Total Runtime": 649.145, "Unique SQL Id": 661781350}}, "(16, '56')": {"explain_plan": {"Plan": {"Node Type": "Aggregate", "Strategy": "Plain", "Startup Cost": 40721.77, "Total Cost": 40721.78, "Plan Rows": 1, "Plan Width": 160, "Plans": [{"Node Type": "Nested Loop", "Parent Relationship": "Outer", "Join Type": "Inner", "Startup Cost": 0.0, "Total Cost": 40720.13, "Plan Rows": 219, "Plan Width": 64, "Inner Unique": true, "Plans": [{"Node Type": "Nested Loop", "Parent Relationship": "Outer", "Join Type": "Inner", "Startup Cost": 0.0, "Total Cost": 40559.14, "Plan Rows": 321, "Plan Width": 68, "Inner Unique": false, "Plans": [{"Node Type": "Nested Loop", "Parent Relationship": "Outer", "Join Type": "Inner", "Startup Cost": 0.0, "Total Cost": 39874.11, "Plan Rows": 291, "Plan Width": 76, "Inner Unique": true, "Plans": [{"Node Type": "Nested Loop", "Parent Relationship": "Outer", "Join Type": "Inner", "Startup Cost": 0.0, "Total Cost": 39160.9, "Plan Rows": 250, "Plan Width": 55, "Inner Unique": false, "Join Filter": "(mi_idx.info_type_id = it2.id)", "Plans": [{"Node Type": "Seq Scan", "Parent Relationship": "Outer", "Relation Name": "info_type", "Alias": "it2", "Startup Cost": 0.0, "Total Cost": 2.4, "Plan Rows": 1, "Plan Width": 4, "Filter": "((info)::text = 'rating'::text)"}, {"Node Type": "Nested Loop", "Parent Relationship": "Inner", "Join Type": "Inner", "Startup Cost": 0.0, "Total Cost": 39146.01, "Plan Rows": 999, "Plan Width": 59, "Inner Unique": false, "Plans": [{"Node Type": "Nested Loop", "Parent Relationship": "Outer", "Join Type": "Inner", "Startup Cost": 0.0, "Total Cost": 38204.15, "Plan Rows": 971, "Plan Width": 46, "Inner Unique": false, "Join Filter": "(it1.id = mi.info_type_id)", "Plans": [{"Node Type": "Seq Scan", "Parent Relationship": "Outer", "Relation Name": "info_type", "Alias": "it1", "Startup Cost": 0.0, "Total Cost": 2.4, "Plan Rows": 1, "Plan Width": 4, "Filter": "((info)::text = 'genres'::text)"}, {"Node Type": "Materialize", "Parent Relationship": "Inner", "Startup Cost": 0.0, "Total Cost": 37522.04, "Plan Rows": 67971, "Plan Width": 50, "Plans": [{"Node Type": "Streaming(type: LOCAL GATHER dop: 1/16)", "Parent Relationship": "Outer", "Startup Cost": 0.0, "Total Cost": 37352.11, "Plan Rows": 67971, "Plan Width": 50, "Plans": [{"Node Type": "Seq Scan", "Parent Relationship": "Outer", "Relation Name": "movie_info", "Alias": "mi", "Startup Cost": 0.0, "Total Cost": 35885.16, "Plan Rows": 67971, "Plan Width": 50, "Filter": "((note IS NULL) AND ((info)::text = ANY ('{Horror,Thriller}'::text[])))"}]}]}]}, {"Node Type": "Index Scan", "Parent Relationship": "Inner", "Scan Direction": "Forward", "Index Name": "movie_id_movie_info_idx", "Relation Name": "movie_info_idx", "Alias": "mi_idx", "Startup Cost": 0.0, "Total Cost": 0.96, "Plan Rows": 1, "Plan Width": 13, "Index Cond": "(movie_id = mi.movie_id)", "Filter": "((info)::text > '8.0'::text)"}]}]}, {"Node Type": "Index Scan", "Parent Relationship": "Inner", "Scan Direction": "Forward", "Index Name": "title_pkey", "Relation Name": "title", "Alias": "t", "Startup Cost": 0.0, "Total Cost": 2.84, "Plan Rows": 1, "Plan Width": 21, "Index Cond": "(id = mi.movie_id)", "Filter": "((production_year >= 2008) AND (production_year <= 2014))"}]}, {"Node Type": "Index Scan", "Parent Relationship": "Inner", "Scan Direction": "Forward", "Index Name": "movie_id_cast_info", "Relation Name": "cast_info", "Alias": "ci", "Startup Cost": 0.0, "Total Cost": 2.34, "Plan Rows": 1, "Plan Width": 8, "Index Cond": "(movie_id = t.id)", "Filter": "((note)::text = ANY ('{(writer),\"(head writer)\",\"(written by)\",(story),\"(story editor)\"}'::text[]))"}]}, {"Node Type": "Index Scan", "Parent Relationship": "Inner", "Scan Direction": "Forward", "Index Name": "name_pkey", "Relation Name": "name", "Alias": "n", "Startup Cost": 0.0, "Total Cost": 0.49, "Plan Rows": 1, "Plan Width": 4, "Index Cond": "(id = ci.person_id)", "Filter": "((gender IS NOT NULL) AND ((gender)::text = 'f'::text))"}]}]}, "Unique SQL Id": 661781350, "Planner Runtime": 8}, "explain_analyze_plan": {"Plan": {"Node Type": "Aggregate", "Strategy": "Plain", "Startup Cost": 40721.77, "Total Cost": 40721.78, "Plan Rows": 1, "Plan Width": 160, "Actual Min Startup Time": 783.795, "Actual Max Startup Time": 783.795, "Actual Min Total Time": 783.796, "Actual Max Total Time": 783.796, "Plans": [{"Node Type": "Nested Loop", "Parent Relationship": "Outer", "Join Type": "Inner", "Startup Cost": 0.0, "Total Cost": 40720.13, "Plan Rows": 219, "Plan Width": 64, "Actual Min Startup Time": 421.789, "Actual Max Startup Time": 421.789, "Actual Min Total Time": 783.737, "Actual Max Total Time": 783.737, "Inner Unique": true, "Plans": [{"Node Type": "Nested Loop", "Parent Relationship": "Outer", "Join Type": "Inner", "Startup Cost": 0.0, "Total Cost": 40559.14, "Plan Rows": 321, "Plan Width": 68, "Actual Min Startup Time": 420.591, "Actual Max Startup Time": 420.591, "Actual Min Total Time": 781.702, "Actual Max Total Time": 781.702, "Inner Unique": false, "Plans": [{"Node Type": "Nested Loop", "Parent Relationship": "Outer", "Join Type": "Inner", "Startup Cost": 0.0, "Total Cost": 39874.11, "Plan Rows": 291, "Plan Width": 76, "Actual Min Startup Time": 418.68, "Actual Max Startup Time": 418.68, "Actual Min Total Time": 757.309, "Actual Max Total Time": 757.309, "Inner Unique": true, "Plans": [{"Node Type": "Nested Loop", "Parent Relationship": "Outer", "Join Type": "Inner", "Startup Cost": 0.0, "Total Cost": 39160.9, "Plan Rows": 250, "Plan Width": 55, "Actual Min Startup Time": 418.659, "Actual Max Startup Time": 418.659, "Actual Min Total Time": 752.537, "Actual Max Total Time": 752.537, "Inner Unique": false, "Join Filter": "(mi_idx.info_type_id = it2.id)", "Rows Removed by Join Filter": 3403, "Plans": [{"Node Type": "Seq Scan", "Parent Relationship": "Outer", "Relation Name": "info_type", "Alias": "it2", "Startup Cost": 0.0, "Total Cost": 2.4, "Plan Rows": 1, "Plan Width": 4, "Actual Min Startup Time": 0.077, "Actual Max Startup Time": 0.077, "Actual Min Total Time": 0.093, "Actual Max Total Time": 0.093, "Filter": "((info)::text = 'rating'::text)", "Rows Removed by Filter": 111, "Actual Rows": 1}, {"Node Type": "Nested Loop", "Parent Relationship": "Inner", "Join Type": "Inner", "Startup Cost": 0.0, "Total Cost": 39146.01, "Plan Rows": 999, "Plan Width": 59, "Actual Min Startup Time": 418.484, "Actual Max Startup Time": 418.484, "Actual Min Total Time": 750.31, "Actual Max Total Time": 750.31, "Inner Unique": false, "Plans": [{"Node Type": "Nested Loop", "Parent Relationship": "Outer", "Join Type": "Inner", "Startup Cost": 0.0, "Total Cost": 38204.15, "Plan Rows": 971, "Plan Width": 46, "Actual Min Startup Time": 418.401, "Actual Max Startup Time": 418.401, "Actual Min Total Time": 457.136, "Actual Max Total Time": 457.136, "Inner Unique": false, "Join Filter": "(it1.id = mi.info_type_id)", "Rows Removed by Join Filter": 789, "Plans": [{"Node Type": "Seq Scan", "Parent Relationship": "Outer", "Relation Name": "info_type", "Alias": "it1", "Startup Cost": 0.0, "Total Cost": 2.4, "Plan Rows": 1, "Plan Width": 4, "Actual Min Startup Time": 0.07, "Actual Max Startup Time": 0.07, "Actual Min Total Time": 0.105, "Actual Max Total Time": 0.105, "Filter": "((info)::text = 'genres'::text)", "Rows Removed by Filter": 111, "Actual Rows": 1}, {"Node Type": "Materialize", "Parent Relationship": "Inner", "Startup Cost": 0.0, "Total Cost": 37522.04, "Plan Rows": 67971, "Plan Width": 50, "Actual Min Startup Time": 418.259, "Actual Max Startup Time": 418.259, "Actual Min Total Time": 427.845, "Actual Max Total Time": 427.845, "Plans": [{"Node Type": "Streaming(type: LOCAL GATHER dop: 1/16)", "Parent Relationship": "Outer", "Startup Cost": 0.0, "Total Cost": 37352.11, "Plan Rows": 67971, "Plan Width": 50, "Actual Min Startup Time": 267.189, "Actual Max Startup Time": 267.189, "Actual Min Total Time": 406.953, "Actual Max Total Time": 406.953, "Plans": [{"Node Type": "Seq Scan", "Parent Relationship": "Outer", "Relation Name": "movie_info", "Alias": "mi", "Startup Cost": 0.0, "Total Cost": 35885.16, "Plan Rows": 67971, "Plan Width": 50, "Actual Min Startup Time": 236.199, "Actual Max Startup Time": 341.623, "Actual Min Total Time": 383.341, "Actual Max Total Time": 397.733, "Filter": "((note IS NULL) AND ((info)::text = ANY ('{Horror,Thriller}'::text[])))", "Rows Removed by Filter": 14762672, "Actual Rows": 73047}], "Actual Rows": 73047}], "Actual Rows": 73048}], "Actual Rows": 72258}, {"Node Type": "Index Scan", "Parent Relationship": "Inner", "Scan Direction": "Forward", "Index Name": "movie_id_movie_info_idx", "Relation Name": "movie_info_idx", "Alias": "mi_idx", "Startup Cost": 0.0, "Total Cost": 0.96, "Plan Rows": 1, "Plan Width": 13, "Actual Min Startup Time": 255.529, "Actual Max Startup Time": 255.529, "Actual Min Total Time": 258.944, "Actual Max Total Time": 258.944, "Index Cond": "(movie_id = mi.movie_id)", "Rows Removed by Index Recheck": 0, "Filter": "((info)::text > '8.0'::text)", "Rows Removed by Filter": 113143, "Actual Rows": 4135}], "Actual Rows": 4135}], "Actual Rows": 732}, {"Node Type": "Index Scan", "Parent Relationship": "Inner", "Scan Direction": "Forward", "Index Name": "title_pkey", "Relation Name": "title", "Alias": "t", "Startup Cost": 0.0, "Total Cost": 2.84, "Plan Rows": 1, "Plan Width": 21, "Actual Min Startup Time": 4.157, "Actual Max Startup Time": 4.157, "Actual Min Total Time": 4.157, "Actual Max Total Time": 4.157, "Index Cond": "(id = mi.movie_id)", "Rows Removed by Index Recheck": 0, "Filter": "((production_year >= 2008) AND (production_year <= 2014))", "Rows Removed by Filter": 374, "Actual Rows": 358}], "Actual Rows": 358}, {"Node Type": "Index Scan", "Parent Relationship": "Inner", "Scan Direction": "Forward", "Index Name": "movie_id_cast_info", "Relation Name": "cast_info", "Alias": "ci", "Startup Cost": 0.0, "Total Cost": 2.34, "Plan Rows": 1, "Plan Width": 8, "Actual Min Startup Time": 18.983, "Actual Max Startup Time": 18.983, "Actual Min Total Time": 24.063, "Actual Max Total Time": 24.063, "Index Cond": "(movie_id = t.id)", "Rows Removed by Index Recheck": 0, "Filter": "((note)::text = ANY ('{(writer),\"(head writer)\",\"(written by)\",(story),\"(story editor)\"}'::text[]))", "Rows Removed by Filter": 12296, "Actual Rows": 268}], "Actual Rows": 268}, {"Node Type": "Index Scan", "Parent Relationship": "Inner", "Scan Direction": "Forward", "Index Name": "name_pkey", "Relation Name": "name", "Alias": "n", "Startup Cost": 0.0, "Total Cost": 0.49, "Plan Rows": 1, "Plan Width": 4, "Actual Min Startup Time": 1.815, "Actual Max Startup Time": 1.815, "Actual Min Total Time": 1.815, "Actual Max Total Time": 1.815, "Index Cond": "(id = ci.person_id)", "Rows Removed by Index Recheck": 0, "Filter": "((gender IS NOT NULL) AND ((gender)::text = 'f'::text))", "Rows Removed by Filter": 257, "Actual Rows": 11}], "Actual Rows": 11}], "Actual Rows": 1}, "Triggers": [], "Planner Runtime": 16.483, "Total Runtime": 786.667, "Unique SQL Id": 661781350}}, "(16, '57')": {"explain_plan": {"Plan": {"Node Type": "Aggregate", "Strategy": "Plain", "Startup Cost": 100899.17, "Total Cost": 100899.18, "Plan Rows": 1, "Plan Width": 160, "Plans": [{"Node Type": "Nested Loop", "Parent Relationship": "Outer", "Join Type": "Inner", "Startup Cost": 0.0, "Total Cost": 100897.52, "Plan Rows": 219, "Plan Width": 64, "Inner Unique": true, "Plans": [{"Node Type": "Nested Loop", "Parent Relationship": "Outer", "Join Type": "Inner", "Startup Cost": 0.0, "Total Cost": 100736.53, "Plan Rows": 321, "Plan Width": 68, "Inner Unique": false, "Plans": [{"Node Type": "Nested Loop", "Parent Relationship": "Outer", "Join Type": "Inner", "Startup Cost": 0.0, "Total Cost": 100051.51, "Plan Rows": 291, "Plan Width": 76, "Inner Unique": false, "Join Filter": "(mi.info_type_id = it1.id)", "Plans": [{"Node Type": "Index Scan", "Parent Relationship": "Outer", "Scan Direction": "Forward", "Index Name": "info_type_pkey", "Relation Name": "info_type", "Alias": "it1", "Startup Cost": 0.0, "Total Cost": 14.21, "Plan Rows": 1, "Plan Width": 4, "Filter": "((info)::text = 'genres'::text)"}, {"Node Type": "Nested Loop", "Parent Relationship": "Inner", "Join Type": "Inner", "Startup Cost": 0.0, "Total Cost": 99865.39, "Plan Rows": 13753, "Plan Width": 80, "Inner Unique": false, "Plans": [{"Node Type": "Nested Loop", "Parent Relationship": "Outer", "Join Type": "Inner", "Startup Cost": 0.0, "Total Cost": 78493.26, "Plan Rows": 15041, "Plan Width": 30, "Inner Unique": true, "Plans": [{"Node Type": "Nested Loop", "Parent Relationship": "Outer", "Join Type": "Inner", "Startup Cost": 0.0, "Total Cost": 35880.0, "Plan Rows": 12936, "Plan Width": 9, "Inner Unique": false, "Plans": [{"Node Type": "Index Scan", "Parent Relationship": "Outer", "Scan Direction": "Forward", "Index Name": "info_type_pkey", "Relation Name": "info_type", "Alias": "it2", "Startup Cost": 0.0, "Total Cost": 14.21, "Plan Rows": 1, "Plan Width": 4, "Filter": "((info)::text = 'rating'::text)"}, {"Node Type": "Index Scan", "Parent Relationship": "Inner", "Scan Direction": "Forward", "Index Name": "info_type_id_movie_info_idx", "Relation Name": "movie_info_idx", "Alias": "mi_idx", "Startup Cost": 0.0, "Total Cost": 35736.43, "Plan Rows": 12936, "Plan Width": 13, "Index Cond": "(info_type_id = it2.id)", "Filter": "((info)::text > '8.0'::text)"}]}, {"Node Type": "Index Scan", "Parent Relationship": "Inner", "Scan Direction": "Forward", "Index Name": "title_pkey", "Relation Name": "title", "Alias": "t", "Startup Cost": 0.0, "Total Cost": 3.28, "Plan Rows": 1, "Plan Width": 21, "Index Cond": "(id = mi_idx.movie_id)", "Filter": "((production_year >= 2008) AND (production_year <= 2014))"}]}, {"Node Type": "Index Scan", "Parent Relationship": "Inner", "Scan Direction": "Forward", "Index Name": "movie_id_movie_info", "Relation Name": "movie_info", "Alias": "mi", "Startup Cost": 0.0, "Total Cost": 1.41, "Plan Rows": 1, "Plan Width": 50, "Index Cond": "(movie_id = t.id)", "Filter": "((note IS NULL) AND ((info)::text = ANY ('{Horror,Thriller}'::text[])))"}]}]}, {"Node Type": "Index Scan", "Parent Relationship": "Inner", "Scan Direction": "Forward", "Index Name": "movie_id_cast_info", "Relation Name": "cast_info", "Alias": "ci", "Startup Cost": 0.0, "Total Cost": 2.34, "Plan Rows": 1, "Plan Width": 8, "Index Cond": "(movie_id = t.id)", "Filter": "((note)::text = ANY ('{(writer),\"(head writer)\",\"(written by)\",(story),\"(story editor)\"}'::text[]))"}]}, {"Node Type": "Index Scan", "Parent Relationship": "Inner", "Scan Direction": "Forward", "Index Name": "name_pkey", "Relation Name": "name", "Alias": "n", "Startup Cost": 0.0, "Total Cost": 0.49, "Plan Rows": 1, "Plan Width": 4, "Index Cond": "(id = ci.person_id)", "Filter": "((gender IS NOT NULL) AND ((gender)::text = 'f'::text))"}]}]}, "Unique SQL Id": 661781350, "Planner Runtime": 7}, "explain_analyze_plan": {"Plan": {"Node Type": "Aggregate", "Strategy": "Plain", "Startup Cost": 100899.17, "Total Cost": 100899.18, "Plan Rows": 1, "Plan Width": 160, "Actual Startup Time": 569.524, "Actual Total Time": 569.525, "Actual Rows": 1, "Actual Loops": 1, "Plans": [{"Node Type": "Nested Loop", "Parent Relationship": "Outer", "Join Type": "Inner", "Startup Cost": 0.0, "Total Cost": 100897.52, "Plan Rows": 219, "Plan Width": 64, "Actual Startup Time": 291.946, "Actual Total Time": 569.461, "Actual Rows": 11, "Actual Loops": 1, "Inner Unique": true, "Plans": [{"Node Type": "Nested Loop", "Parent Relationship": "Outer", "Join Type": "Inner", "Startup Cost": 0.0, "Total Cost": 100736.53, "Plan Rows": 321, "Plan Width": 68, "Actual Startup Time": 77.048, "Actual Total Time": 567.305, "Actual Rows": 268, "Actual Loops": 1, "Inner Unique": false, "Plans": [{"Node Type": "Nested Loop", "Parent Relationship": "Outer", "Join Type": "Inner", "Startup Cost": 0.0, "Total Cost": 100051.51, "Plan Rows": 291, "Plan Width": 76, "Actual Startup Time": 9.457, "Actual Total Time": 542.484, "Actual Rows": 358, "Actual Loops": 1, "Inner Unique": false, "Join Filter": "(mi.info_type_id = it1.id)", "Rows Removed by Join Filter": 0, "Plans": [{"Node Type": "Index Scan", "Parent Relationship": "Outer", "Scan Direction": "Forward", "Index Name": "info_type_pkey", "Relation Name": "info_type", "Alias": "it1", "Startup Cost": 0.0, "Total Cost": 14.21, "Plan Rows": 1, "Plan Width": 4, "Actual Startup Time": 0.029, "Actual Total Time": 0.075, "Actual Rows": 1, "Actual Loops": 1, "Filter": "((info)::text = 'genres'::text)", "Rows Removed by Filter": 111}, {"Node Type": "Nested Loop", "Parent Relationship": "Inner", "Join Type": "Inner", "Startup Cost": 0.0, "Total Cost": 99865.39, "Plan Rows": 13753, "Plan Width": 80, "Actual Startup Time": 9.417, "Actual Total Time": 542.155, "Actual Rows": 358, "Actual Loops": 1, "Inner Unique": false, "Plans": [{"Node Type": "Nested Loop", "Parent Relationship": "Outer", "Join Type": "Inner", "Startup Cost": 0.0, "Total Cost": 78493.26, "Plan Rows": 15041, "Plan Width": 30, "Actual Startup Time": 1.744, "Actual Total Time": 403.01, "Actual Rows": 6152, "Actual Loops": 1, "Inner Unique": true, "Plans": [{"Node Type": "Nested Loop", "Parent Relationship": "Outer", "Join Type": "Inner", "Startup Cost": 0.0, "Total Cost": 35880.0, "Plan Rows": 12936, "Plan Width": 9, "Actual Startup Time": 0.089, "Actual Total Time": 324.044, "Actual Rows": 15849, "Actual Loops": 1, "Inner Unique": false, "Plans": [{"Node Type": "Index Scan", "Parent Relationship": "Outer", "Scan Direction": "Forward", "Index Name": "info_type_pkey", "Relation Name": "info_type", "Alias": "it2", "Startup Cost": 0.0, "Total Cost": 14.21, "Plan Rows": 1, "Plan Width": 4, "Actual Startup Time": 0.051, "Actual Total Time": 0.059, "Actual Rows": 1, "Actual Loops": 1, "Filter": "((info)::text = 'rating'::text)", "Rows Removed by Filter": 111}, {"Node Type": "Index Scan", "Parent Relationship": "Inner", "Scan Direction": "Forward", "Index Name": "info_type_id_movie_info_idx", "Relation Name": "movie_info_idx", "Alias": "mi_idx", "Startup Cost": 0.0, "Total Cost": 35736.43, "Plan Rows": 12936, "Plan Width": 13, "Actual Startup Time": 0.036, "Actual Total Time": 320.329, "Actual Rows": 15849, "Actual Loops": 1, "Index Cond": "(info_type_id = it2.id)", "Rows Removed by Index Recheck": 0, "Filter": "((info)::text > '8.0'::text)", "Rows Removed by Filter": 444076}]}, {"Node Type": "Index Scan", "Parent Relationship": "Inner", "Scan Direction": "Forward", "Index Name": "title_pkey", "Relation Name": "title", "Alias": "t", "Startup Cost": 0.0, "Total Cost": 3.28, "Plan Rows": 1, "Plan Width": 21, "Actual Startup Time": 68.799, "Actual Total Time": 68.799, "Actual Rows": 6152, "Actual Loops": 15849, "Index Cond": "(id = mi_idx.movie_id)", "Rows Removed by Index Recheck": 0, "Filter": "((production_year >= 2008) AND (production_year <= 2014))", "Rows Removed by Filter": 9697}]}, {"Node Type": "Index Scan", "Parent Relationship": "Inner", "Scan Direction": "Forward", "Index Name": "movie_id_movie_info", "Relation Name": "movie_info", "Alias": "mi", "Startup Cost": 0.0, "Total Cost": 1.41, "Plan Rows": 1, "Plan Width": 50, "Actual Startup Time": 135.391, "Actual Total Time": 135.689, "Actual Rows": 358, "Actual Loops": 6152, "Index Cond": "(movie_id = t.id)", "Rows Removed by Index Recheck": 0, "Filter": "((note IS NULL) AND ((info)::text = ANY ('{Horror,Thriller}'::text[])))", "Rows Removed by Filter": 109599}]}]}, {"Node Type": "Index Scan", "Parent Relationship": "Inner", "Scan Direction": "Forward", "Index Name": "movie_id_cast_info", "Relation Name": "cast_info", "Alias": "ci", "Startup Cost": 0.0, "Total Cost": 2.34, "Plan Rows": 1, "Plan Width": 8, "Actual Startup Time": 19.212, "Actual Total Time": 24.39, "Actual Rows": 268, "Actual Loops": 358, "Index Cond": "(movie_id = t.id)", "Rows Removed by Index Recheck": 0, "Filter": "((note)::text = ANY ('{(writer),\"(head writer)\",\"(written by)\",(story),\"(story editor)\"}'::text[]))", "Rows Removed by Filter": 12296}]}, {"Node Type": "Index Scan", "Parent Relationship": "Inner", "Scan Direction": "Forward", "Index Name": "name_pkey", "Relation Name": "name", "Alias": "n", "Startup Cost": 0.0, "Total Cost": 0.49, "Plan Rows": 1, "Plan Width": 4, "Actual Startup Time": 1.905, "Actual Total Time": 1.905, "Actual Rows": 11, "Actual Loops": 268, "Index Cond": "(id = ci.person_id)", "Rows Removed by Index Recheck": 0, "Filter": "((gender IS NOT NULL) AND ((gender)::text = 'f'::text))", "Rows Removed by Filter": 257}]}]}, "Triggers": [], "Planner Runtime": 18.121, "Total Runtime": 569.824, "Unique SQL Id": 661781350}}, "(16, '58')": {"explain_plan": {"Plan": {"Node Type": "Aggregate", "Strategy": "Plain", "Startup Cost": 332311.21, "Total Cost": 332311.24, "Plan Rows": 1, "Plan Width": 160, "Plans": [{"Node Type": "Streaming(type: LOCAL GATHER dop: 1/16)", "Parent Relationship": "Outer", "Startup Cost": 332311.21, "Total Cost": 332311.24, "Plan Rows": 1, "Plan Width": 160, "Plans": [{"Node Type": "Aggregate", "Strategy": "Plain", "Parent Relationship": "Outer", "Startup Cost": 332311.21, "Total Cost": 332311.22, "Plan Rows": 1, "Plan Width": 160, "Plans": [{"Node Type": "Nested Loop", "Parent Relationship": "Outer", "Join Type": "Inner", "Startup Cost": 88.19, "Total Cost": 332309.57, "Plan Rows": 219, "Plan Width": 64, "Inner Unique": false, "Join Filter": "(mi.movie_id = t.id)", "Plans": [{"Node Type": "Streaming(type: LOCAL REDISTRIBUTE dop: 16/16)", "Parent Relationship": "Outer", "Startup Cost": 88.19, "Total Cost": 37509.56, "Plan Rows": 782553, "Plan Width": 21, "Plans": [{"Node Type": "Seq Scan", "Parent Relationship": "Outer", "Relation Name": "title", "Alias": "t", "Startup Cost": 88.19, "Total Cost": 19544.42, "Plan Rows": 782553, "Plan Width": 21, "Filter": "((production_year >= 2008) AND (production_year <= 2014)), (LLVM Optimized)"}]}, {"Node Type": "Materialize", "Parent Relationship": "Inner", "Startup Cost": 0.0, "Total Cost": 286179.73, "Plan Rows": 188, "Plan Width": 59, "Plans": [{"Node Type": "Streaming(type: LOCAL REDISTRIBUTE dop: 16/16)", "Parent Relationship": "Outer", "Startup Cost": 0.0, "Total Cost": 286179.67, "Plan Rows": 188, "Plan Width": 59, "Plans": [{"Node Type": "Nested Loop", "Parent Relationship": "Outer", "Join Type": "Inner", "Startup Cost": 0.0, "Total Cost": 271178.95, "Plan Rows": 188, "Plan Width": 59, "Inner Unique": false, "Join Filter": "(ci.person_id = n.id)", "Plans": [{"Node Type": "Streaming(type: LOCAL REDISTRIBUTE dop: 16/16)", "Parent Relationship": "Outer", "Startup Cost": 0.0, "Total Cost": 38833.77, "Plan Rows": 624324, "Plan Width": 4, "Plans": [{"Node Type": "Seq Scan", "Parent Relationship": "Outer", "Relation Name": "name", "Alias": "n", "Startup Cost": 0.0, "Total Cost": 21468.16, "Plan Rows": 624324, "Plan Width": 4, "Filter": "((gender IS NOT NULL) AND ((gender)::text = 'f'::text)), (LLVM Optimized)"}]}, {"Node Type": "Materialize", "Parent Relationship": "Inner", "Startup Cost": 0.0, "Total Cost": 222248.74, "Plan Rows": 276, "Plan Width": 63, "Plans": [{"Node Type": "Streaming(type: LOCAL REDISTRIBUTE dop: 16/16)", "Parent Relationship": "Outer", "Startup Cost": 0.0, "Total Cost": 222248.65, "Plan Rows": 276, "Plan Width": 63, "Plans": [{"Node Type": "Nested Loop", "Parent Relationship": "Outer", "Join Type": "Inner", "Startup Cost": 0.0, "Total Cost": 207247.61, "Plan Rows": 276, "Plan Width": 63, "Inner Unique": false, "Join Filter": "(mi.movie_id = ci.movie_id)", "Plans": [{"Node Type": "Streaming(type: LOCAL REDISTRIBUTE dop: 16/16)", "Parent Relationship": "Outer", "Startup Cost": 0.0, "Total Cost": 86415.84, "Plan Rows": 1223154, "Plan Width": 8, "Plans": [{"Node Type": "Seq Scan", "Parent Relationship": "Outer", "Relation Name": "cast_info", "Alias": "ci", "Startup Cost": 0.0, "Total Cost": 66781.24, "Plan Rows": 1223154, "Plan Width": 8, "Filter": "((note)::text = ANY ('{(writer),\"(head writer)\",\"(written by)\",(story),\"(story editor)\"}'::text[]))"}]}, {"Node Type": "Materialize", "Parent Relationship": "Inner", "Startup Cost": 0.0, "Total Cost": 102914.51, "Plan Rows": 250, "Plan Width": 55, "Plans": [{"Node Type": "Streaming(type: LOCAL REDISTRIBUTE dop: 16/1)", "Parent Relationship": "Outer", "Startup Cost": 0.0, "Total Cost": 102914.43, "Plan Rows": 250, "Plan Width": 55, "Plans": [{"Node Type": "Nested Loop", "Parent Relationship": "Outer", "Join Type": "Inner", "Startup Cost": 0.0, "Total Cost": 87904.04, "Plan Rows": 250, "Plan Width": 55, "Inner Unique": false, "Join Filter": "(mi_idx.info_type_id = it2.id)", "Plans": [{"Node Type": "Seq Scan", "Parent Relationship": "Outer", "Relation Name": "info_type", "Alias": "it2", "Startup Cost": 0.0, "Total Cost": 2.4, "Plan Rows": 1, "Plan Width": 4, "Filter": "((info)::text = 'rating'::text)"}, {"Node Type": "Materialize", "Parent Relationship": "Inner", "Startup Cost": 0.0, "Total Cost": 87891.65, "Plan Rows": 999, "Plan Width": 59, "Plans": [{"Node Type": "Streaming(type: LOCAL GATHER dop: 1/16)", "Parent Relationship": "Outer", "Startup Cost": 0.0, "Total Cost": 87889.15, "Plan Rows": 999, "Plan Width": 59, "Plans": [{"Node Type": "Nested Loop", "Parent Relationship": "Outer", "Join Type": "Inner", "Startup Cost": 0.0, "Total Cost": 87867.59, "Plan Rows": 999, "Plan Width": 59, "Inner Unique": false, "Join Filter": "(mi.movie_id = mi_idx.movie_id)", "Plans": [{"Node Type": "Streaming(type: LOCAL REDISTRIBUTE dop: 16/16)", "Parent Relationship": "Outer", "Startup Cost": 0.0, "Total Cost": 31678.85, "Plan Rows": 51746, "Plan Width": 13, "Plans": [{"Node Type": "Seq Scan", "Parent Relationship": "Outer", "Relation Name": "movie_info_idx", "Alias": "mi_idx", "Startup Cost": 0.0, "Total Cost": 16482.78, "Plan Rows": 51746, "Plan Width": 13, "Filter": "((info)::text > '8.0'::text)"}]}, {"Node Type": "Materialize", "Parent Relationship": "Inner", "Startup Cost": 0.0, "Total Cost": 53244.83, "Plan Rows": 971, "Plan Width": 46, "Plans": [{"Node Type": "Streaming(type: LOCAL REDISTRIBUTE dop: 16/1)", "Parent Relationship": "Outer", "Startup Cost": 0.0, "Total Cost": 53244.53, "Plan Rows": 971, "Plan Width": 46, "Plans": [{"Node Type": "Nested Loop", "Parent Relationship": "Outer", "Join Type": "Inner", "Startup Cost": 0.0, "Total Cost": 38204.15, "Plan Rows": 971, "Plan Width": 46, "Inner Unique": false, "Join Filter": "(it1.id = mi.info_type_id)", "Plans": [{"Node Type": "Seq Scan", "Parent Relationship": "Outer", "Relation Name": "info_type", "Alias": "it1", "Startup Cost": 0.0, "Total Cost": 2.4, "Plan Rows": 1, "Plan Width": 4, "Filter": "((info)::text = 'genres'::text)"}, {"Node Type": "Materialize", "Parent Relationship": "Inner", "Startup Cost": 0.0, "Total Cost": 37522.04, "Plan Rows": 67971, "Plan Width": 50, "Plans": [{"Node Type": "Streaming(type: LOCAL GATHER dop: 1/16)", "Parent Relationship": "Outer", "Startup Cost": 0.0, "Total Cost": 37352.11, "Plan Rows": 67971, "Plan Width": 50, "Plans": [{"Node Type": "Seq Scan", "Parent Relationship": "Outer", "Relation Name": "movie_info", "Alias": "mi", "Startup Cost": 0.0, "Total Cost": 35885.16, "Plan Rows": 67971, "Plan Width": 50, "Filter": "((note IS NULL) AND ((info)::text = ANY ('{Horror,Thriller}'::text[])))"}]}]}]}]}]}]}]}]}]}]}]}]}]}]}]}]}]}]}]}]}]}, "Unique SQL Id": 661781350, "Planner Runtime": 13}, "explain_analyze_plan": null}, "(16, '59')": {"explain_plan": {"Plan": {"Node Type": "Aggregate", "Strategy": "Plain", "Startup Cost": 7000346357848.23, "Total Cost": 7000346357848.24, "Plan Rows": 1, "Plan Width": 160, "Plans": [{"Node Type": "Nested Loop", "Parent Relationship": "Outer", "Join Type": "Inner", "Startup Cost": 70000000000.0, "Total Cost": 7000346357846.58, "Plan Rows": 219, "Plan Width": 64, "Inner Unique": false, "Join Filter": "(mi.movie_id = t.id)", "Plans": [{"Node Type": "Index Scan", "Parent Relationship": "Outer", "Scan Direction": "Forward", "Index Name": "title_pkey", "Relation Name": "title", "Alias": "t", "Startup Cost": 10000000000.0, "Total Cost": 1000012276204.41, "Plan Rows": 782553, "Plan Width": 21, "Filter": "((production_year >= 2008) AND (production_year <= 2014)), (LLVM Optimized)"}, {"Node Type": "Materialize", "Parent Relationship": "Inner", "Startup Cost": 60000000000.0, "Total Cost": 6000331874843.18, "Plan Rows": 188, "Plan Width": 59, "Plans": [{"Node Type": "Nested Loop", "Parent Relationship": "Outer", "Join Type": "Inner", "Startup Cost": 60000000000.0, "Total Cost": 6000331874842.24, "Plan Rows": 188, "Plan Width": 59, "Inner Unique": true, "Join Filter": "(ci.person_id = n.id)", "Plans": [{"Node Type": "Nested Loop", "Parent Relationship": "Outer", "Join Type": "Inner", "Startup Cost": 50000000000.0, "Total Cost": 5000310623432.87, "Plan Rows": 276, "Plan Width": 63, "Inner Unique": false, "Join Filter": "(mi.movie_id = ci.movie_id)", "Plans": [{"Node Type": "Nested Loop", "Parent Relationship": "Outer", "Join Type": "Inner", "Startup Cost": 40000000000.0, "Total Cost": 4000112722530.52, "Plan Rows": 250, "Plan Width": 55, "Inner Unique": false, "Join Filter": "(mi.movie_id = mi_idx.movie_id)", "Plans": [{"Node Type": "Nested Loop", "Parent Relationship": "Outer", "Join Type": "Inner", "Startup Cost": 20000000000.0, "Total Cost": 2000107536844.28, "Plan Rows": 971, "Plan Width": 46, "Inner Unique": true, "Join Filter": "(it1.id = mi.info_type_id)", "Plans": [{"Node Type": "Index Scan", "Parent Relationship": "Outer", "Scan Direction": "Forward", "Index Name": "movie_id_movie_info", "Relation Name": "movie_info", "Alias": "mi", "Startup Cost": 10000000000.0, "Total Cost": 1000107534403.72, "Plan Rows": 67971, "Plan Width": 50, "Filter": "((note IS NULL) AND ((info)::text = ANY ('{Horror,Thriller}'::text[])))"}, {"Node Type": "Materialize", "Parent Relationship": "Inner", "Startup Cost": 10000000000.0, "Total Cost": 1000000001421.0, "Plan Rows": 1, "Plan Width": 4, "Plans": [{"Node Type": "Index Scan", "Parent Relationship": "Outer", "Scan Direction": "Forward", "Index Name": "info_type_pkey", "Relation Name": "info_type", "Alias": "it1", "Startup Cost": 10000000000.0, "Total Cost": 1000000001421.0, "Plan Rows": 1, "Plan Width": 4, "Filter": "((info)::text = 'genres'::text)"}]}]}, {"Node Type": "Materialize", "Parent Relationship": "Inner", "Startup Cost": 20000000000.0, "Total Cost": 2000004997305.74, "Plan Rows": 12936, "Plan Width": 9, "Plans": [{"Node Type": "Nested Loop", "Parent Relationship": "Outer", "Join Type": "Inner", "Startup Cost": 20000000000.0, "Total Cost": 2000004997241.06, "Plan Rows": 12936, "Plan Width": 9, "Inner Unique": true, "Join Filter": "(it2.id = mi_idx.info_type_id)", "Plans": [{"Node Type": "Index Scan", "Parent Relationship": "Outer", "Scan Direction": "Forward", "Index Name": "movie_id_movie_info_idx", "Relation Name": "movie_info_idx", "Alias": "mi_idx", "Startup Cost": 10000000000.0, "Total Cost": 1000004995043.87, "Plan Rows": 51746, "Plan Width": 13, "Filter": "((info)::text > '8.0'::text)"}, {"Node Type": "Materialize", "Parent Relationship": "Inner", "Startup Cost": 10000000000.0, "Total Cost": 1000000001421.0, "Plan Rows": 1, "Plan Width": 4, "Plans": [{"Node Type": "Index Scan", "Parent Relationship": "Outer", "Scan Direction": "Forward", "Index Name": "info_type_pkey", "Relation Name": "info_type", "Alias": "it2", "Startup Cost": 10000000000.0, "Total Cost": 1000000001421.0, "Plan Rows": 1, "Plan Width": 4, "Filter": "((info)::text = 'rating'::text)"}]}]}]}]}, {"Node Type": "Materialize", "Parent Relationship": "Inner", "Startup Cost": 10000000000.0, "Total Cost": 1000193317132.73, "Plan Rows": 1223154, "Plan Width": 8, "Plans": [{"Node Type": "Index Scan", "Parent Relationship": "Outer", "Scan Direction": "Forward", "Index Name": "person_id_cast_info", "Relation Name": "cast_info", "Alias": "ci", "Startup Cost": 10000000000.0, "Total Cost": 1000193311016.96, "Plan Rows": 1223154, "Plan Width": 8, "Filter": "((note)::text = ANY ('{(writer),\"(head writer)\",\"(written by)\",(story),\"(story editor)\"}'::text[]))"}]}]}, {"Node Type": "Materialize", "Parent Relationship": "Inner", "Startup Cost": 10000000000.0, "Total Cost": 1000018668268.82, "Plan Rows": 624324, "Plan Width": 4, "Plans": [{"Node Type": "Index Scan", "Parent Relationship": "Outer", "Scan Direction": "Forward", "Index Name": "name_pkey", "Relation Name": "name", "Alias": "n", "Startup Cost": 10000000000.0, "Total Cost": 1000018665147.2, "Plan Rows": 624324, "Plan Width": 4, "Filter": "((gender IS NOT NULL) AND ((gender)::text = 'f'::text)), (LLVM Optimized)"}]}]}]}]}]}, "Unique SQL Id": 661781350, "Planner Runtime": 8}, "explain_analyze_plan": null}, "(16, '60')": {"explain_plan": {"Plan": {"Node Type": "Aggregate", "Strategy": "Plain", "Startup Cost": 40721.77, "Total Cost": 40721.78, "Plan Rows": 1, "Plan Width": 160, "Plans": [{"Node Type": "Nested Loop", "Parent Relationship": "Outer", "Join Type": "Inner", "Startup Cost": 0.0, "Total Cost": 40720.13, "Plan Rows": 219, "Plan Width": 64, "Inner Unique": true, "Plans": [{"Node Type": "Nested Loop", "Parent Relationship": "Outer", "Join Type": "Inner", "Startup Cost": 0.0, "Total Cost": 40559.14, "Plan Rows": 321, "Plan Width": 68, "Inner Unique": false, "Plans": [{"Node Type": "Nested Loop", "Parent Relationship": "Outer", "Join Type": "Inner", "Startup Cost": 0.0, "Total Cost": 39874.11, "Plan Rows": 291, "Plan Width": 76, "Inner Unique": true, "Plans": [{"Node Type": "Nested Loop", "Parent Relationship": "Outer", "Join Type": "Inner", "Startup Cost": 0.0, "Total Cost": 39160.9, "Plan Rows": 250, "Plan Width": 55, "Inner Unique": false, "Join Filter": "(mi_idx.info_type_id = it2.id)", "Plans": [{"Node Type": "Seq Scan", "Parent Relationship": "Outer", "Relation Name": "info_type", "Alias": "it2", "Startup Cost": 0.0, "Total Cost": 2.4, "Plan Rows": 1, "Plan Width": 4, "Filter": "((info)::text = 'rating'::text)"}, {"Node Type": "Nested Loop", "Parent Relationship": "Inner", "Join Type": "Inner", "Startup Cost": 0.0, "Total Cost": 39146.01, "Plan Rows": 999, "Plan Width": 59, "Inner Unique": false, "Plans": [{"Node Type": "Nested Loop", "Parent Relationship": "Outer", "Join Type": "Inner", "Startup Cost": 0.0, "Total Cost": 38204.15, "Plan Rows": 971, "Plan Width": 46, "Inner Unique": false, "Join Filter": "(it1.id = mi.info_type_id)", "Plans": [{"Node Type": "Seq Scan", "Parent Relationship": "Outer", "Relation Name": "info_type", "Alias": "it1", "Startup Cost": 0.0, "Total Cost": 2.4, "Plan Rows": 1, "Plan Width": 4, "Filter": "((info)::text = 'genres'::text)"}, {"Node Type": "Materialize", "Parent Relationship": "Inner", "Startup Cost": 0.0, "Total Cost": 37522.04, "Plan Rows": 67971, "Plan Width": 50, "Plans": [{"Node Type": "Streaming(type: LOCAL GATHER dop: 1/16)", "Parent Relationship": "Outer", "Startup Cost": 0.0, "Total Cost": 37352.11, "Plan Rows": 67971, "Plan Width": 50, "Plans": [{"Node Type": "Seq Scan", "Parent Relationship": "Outer", "Relation Name": "movie_info", "Alias": "mi", "Startup Cost": 0.0, "Total Cost": 35885.16, "Plan Rows": 67971, "Plan Width": 50, "Filter": "((note IS NULL) AND ((info)::text = ANY ('{Horror,Thriller}'::text[])))"}]}]}]}, {"Node Type": "Index Scan", "Parent Relationship": "Inner", "Scan Direction": "Forward", "Index Name": "movie_id_movie_info_idx", "Relation Name": "movie_info_idx", "Alias": "mi_idx", "Startup Cost": 0.0, "Total Cost": 0.96, "Plan Rows": 1, "Plan Width": 13, "Index Cond": "(movie_id = mi.movie_id)", "Filter": "((info)::text > '8.0'::text)"}]}]}, {"Node Type": "Index Scan", "Parent Relationship": "Inner", "Scan Direction": "Forward", "Index Name": "title_pkey", "Relation Name": "title", "Alias": "t", "Startup Cost": 0.0, "Total Cost": 2.84, "Plan Rows": 1, "Plan Width": 21, "Index Cond": "(id = mi.movie_id)", "Filter": "((production_year >= 2008) AND (production_year <= 2014))"}]}, {"Node Type": "Index Scan", "Parent Relationship": "Inner", "Scan Direction": "Forward", "Index Name": "movie_id_cast_info", "Relation Name": "cast_info", "Alias": "ci", "Startup Cost": 0.0, "Total Cost": 2.34, "Plan Rows": 1, "Plan Width": 8, "Index Cond": "(movie_id = t.id)", "Filter": "((note)::text = ANY ('{(writer),\"(head writer)\",\"(written by)\",(story),\"(story editor)\"}'::text[]))"}]}, {"Node Type": "Index Scan", "Parent Relationship": "Inner", "Scan Direction": "Forward", "Index Name": "name_pkey", "Relation Name": "name", "Alias": "n", "Startup Cost": 0.0, "Total Cost": 0.49, "Plan Rows": 1, "Plan Width": 4, "Index Cond": "(id = ci.person_id)", "Filter": "((gender IS NOT NULL) AND ((gender)::text = 'f'::text))"}]}]}, "Unique SQL Id": 661781350, "Planner Runtime": 9}, "explain_analyze_plan": {"Plan": {"Node Type": "Aggregate", "Strategy": "Plain", "Startup Cost": 40721.77, "Total Cost": 40721.78, "Plan Rows": 1, "Plan Width": 160, "Actual Min Startup Time": 783.795, "Actual Max Startup Time": 783.795, "Actual Min Total Time": 783.796, "Actual Max Total Time": 783.796, "Plans": [{"Node Type": "Nested Loop", "Parent Relationship": "Outer", "Join Type": "Inner", "Startup Cost": 0.0, "Total Cost": 40720.13, "Plan Rows": 219, "Plan Width": 64, "Actual Min Startup Time": 421.789, "Actual Max Startup Time": 421.789, "Actual Min Total Time": 783.737, "Actual Max Total Time": 783.737, "Inner Unique": true, "Plans": [{"Node Type": "Nested Loop", "Parent Relationship": "Outer", "Join Type": "Inner", "Startup Cost": 0.0, "Total Cost": 40559.14, "Plan Rows": 321, "Plan Width": 68, "Actual Min Startup Time": 420.591, "Actual Max Startup Time": 420.591, "Actual Min Total Time": 781.702, "Actual Max Total Time": 781.702, "Inner Unique": false, "Plans": [{"Node Type": "Nested Loop", "Parent Relationship": "Outer", "Join Type": "Inner", "Startup Cost": 0.0, "Total Cost": 39874.11, "Plan Rows": 291, "Plan Width": 76, "Actual Min Startup Time": 418.68, "Actual Max Startup Time": 418.68, "Actual Min Total Time": 757.309, "Actual Max Total Time": 757.309, "Inner Unique": true, "Plans": [{"Node Type": "Nested Loop", "Parent Relationship": "Outer", "Join Type": "Inner", "Startup Cost": 0.0, "Total Cost": 39160.9, "Plan Rows": 250, "Plan Width": 55, "Actual Min Startup Time": 418.659, "Actual Max Startup Time": 418.659, "Actual Min Total Time": 752.537, "Actual Max Total Time": 752.537, "Inner Unique": false, "Join Filter": "(mi_idx.info_type_id = it2.id)", "Rows Removed by Join Filter": 3403, "Plans": [{"Node Type": "Seq Scan", "Parent Relationship": "Outer", "Relation Name": "info_type", "Alias": "it2", "Startup Cost": 0.0, "Total Cost": 2.4, "Plan Rows": 1, "Plan Width": 4, "Actual Min Startup Time": 0.077, "Actual Max Startup Time": 0.077, "Actual Min Total Time": 0.093, "Actual Max Total Time": 0.093, "Filter": "((info)::text = 'rating'::text)", "Rows Removed by Filter": 111, "Actual Rows": 1}, {"Node Type": "Nested Loop", "Parent Relationship": "Inner", "Join Type": "Inner", "Startup Cost": 0.0, "Total Cost": 39146.01, "Plan Rows": 999, "Plan Width": 59, "Actual Min Startup Time": 418.484, "Actual Max Startup Time": 418.484, "Actual Min Total Time": 750.31, "Actual Max Total Time": 750.31, "Inner Unique": false, "Plans": [{"Node Type": "Nested Loop", "Parent Relationship": "Outer", "Join Type": "Inner", "Startup Cost": 0.0, "Total Cost": 38204.15, "Plan Rows": 971, "Plan Width": 46, "Actual Min Startup Time": 418.401, "Actual Max Startup Time": 418.401, "Actual Min Total Time": 457.136, "Actual Max Total Time": 457.136, "Inner Unique": false, "Join Filter": "(it1.id = mi.info_type_id)", "Rows Removed by Join Filter": 789, "Plans": [{"Node Type": "Seq Scan", "Parent Relationship": "Outer", "Relation Name": "info_type", "Alias": "it1", "Startup Cost": 0.0, "Total Cost": 2.4, "Plan Rows": 1, "Plan Width": 4, "Actual Min Startup Time": 0.07, "Actual Max Startup Time": 0.07, "Actual Min Total Time": 0.105, "Actual Max Total Time": 0.105, "Filter": "((info)::text = 'genres'::text)", "Rows Removed by Filter": 111, "Actual Rows": 1}, {"Node Type": "Materialize", "Parent Relationship": "Inner", "Startup Cost": 0.0, "Total Cost": 37522.04, "Plan Rows": 67971, "Plan Width": 50, "Actual Min Startup Time": 418.259, "Actual Max Startup Time": 418.259, "Actual Min Total Time": 427.845, "Actual Max Total Time": 427.845, "Plans": [{"Node Type": "Streaming(type: LOCAL GATHER dop: 1/16)", "Parent Relationship": "Outer", "Startup Cost": 0.0, "Total Cost": 37352.11, "Plan Rows": 67971, "Plan Width": 50, "Actual Min Startup Time": 267.189, "Actual Max Startup Time": 267.189, "Actual Min Total Time": 406.953, "Actual Max Total Time": 406.953, "Plans": [{"Node Type": "Seq Scan", "Parent Relationship": "Outer", "Relation Name": "movie_info", "Alias": "mi", "Startup Cost": 0.0, "Total Cost": 35885.16, "Plan Rows": 67971, "Plan Width": 50, "Actual Min Startup Time": 236.199, "Actual Max Startup Time": 341.623, "Actual Min Total Time": 383.341, "Actual Max Total Time": 397.733, "Filter": "((note IS NULL) AND ((info)::text = ANY ('{Horror,Thriller}'::text[])))", "Rows Removed by Filter": 14762672, "Actual Rows": 73047}], "Actual Rows": 73047}], "Actual Rows": 73048}], "Actual Rows": 72258}, {"Node Type": "Index Scan", "Parent Relationship": "Inner", "Scan Direction": "Forward", "Index Name": "movie_id_movie_info_idx", "Relation Name": "movie_info_idx", "Alias": "mi_idx", "Startup Cost": 0.0, "Total Cost": 0.96, "Plan Rows": 1, "Plan Width": 13, "Actual Min Startup Time": 255.529, "Actual Max Startup Time": 255.529, "Actual Min Total Time": 258.944, "Actual Max Total Time": 258.944, "Index Cond": "(movie_id = mi.movie_id)", "Rows Removed by Index Recheck": 0, "Filter": "((info)::text > '8.0'::text)", "Rows Removed by Filter": 113143, "Actual Rows": 4135}], "Actual Rows": 4135}], "Actual Rows": 732}, {"Node Type": "Index Scan", "Parent Relationship": "Inner", "Scan Direction": "Forward", "Index Name": "title_pkey", "Relation Name": "title", "Alias": "t", "Startup Cost": 0.0, "Total Cost": 2.84, "Plan Rows": 1, "Plan Width": 21, "Actual Min Startup Time": 4.157, "Actual Max Startup Time": 4.157, "Actual Min Total Time": 4.157, "Actual Max Total Time": 4.157, "Index Cond": "(id = mi.movie_id)", "Rows Removed by Index Recheck": 0, "Filter": "((production_year >= 2008) AND (production_year <= 2014))", "Rows Removed by Filter": 374, "Actual Rows": 358}], "Actual Rows": 358}, {"Node Type": "Index Scan", "Parent Relationship": "Inner", "Scan Direction": "Forward", "Index Name": "movie_id_cast_info", "Relation Name": "cast_info", "Alias": "ci", "Startup Cost": 0.0, "Total Cost": 2.34, "Plan Rows": 1, "Plan Width": 8, "Actual Min Startup Time": 18.983, "Actual Max Startup Time": 18.983, "Actual Min Total Time": 24.063, "Actual Max Total Time": 24.063, "Index Cond": "(movie_id = t.id)", "Rows Removed by Index Recheck": 0, "Filter": "((note)::text = ANY ('{(writer),\"(head writer)\",\"(written by)\",(story),\"(story editor)\"}'::text[]))", "Rows Removed by Filter": 12296, "Actual Rows": 268}], "Actual Rows": 268}, {"Node Type": "Index Scan", "Parent Relationship": "Inner", "Scan Direction": "Forward", "Index Name": "name_pkey", "Relation Name": "name", "Alias": "n", "Startup Cost": 0.0, "Total Cost": 0.49, "Plan Rows": 1, "Plan Width": 4, "Actual Min Startup Time": 1.815, "Actual Max Startup Time": 1.815, "Actual Min Total Time": 1.815, "Actual Max Total Time": 1.815, "Index Cond": "(id = ci.person_id)", "Rows Removed by Index Recheck": 0, "Filter": "((gender IS NOT NULL) AND ((gender)::text = 'f'::text))", "Rows Removed by Filter": 257, "Actual Rows": 11}], "Actual Rows": 11}], "Actual Rows": 1}, "Triggers": [], "Planner Runtime": 16.483, "Total Runtime": 786.667, "Unique SQL Id": 661781350}}, "(16, '61')": {"explain_plan": {"Plan": {"Node Type": "Aggregate", "Strategy": "Plain", "Startup Cost": 100899.17, "Total Cost": 100899.18, "Plan Rows": 1, "Plan Width": 160, "Plans": [{"Node Type": "Nested Loop", "Parent Relationship": "Outer", "Join Type": "Inner", "Startup Cost": 0.0, "Total Cost": 100897.52, "Plan Rows": 219, "Plan Width": 64, "Inner Unique": true, "Plans": [{"Node Type": "Nested Loop", "Parent Relationship": "Outer", "Join Type": "Inner", "Startup Cost": 0.0, "Total Cost": 100736.53, "Plan Rows": 321, "Plan Width": 68, "Inner Unique": false, "Plans": [{"Node Type": "Nested Loop", "Parent Relationship": "Outer", "Join Type": "Inner", "Startup Cost": 0.0, "Total Cost": 100051.51, "Plan Rows": 291, "Plan Width": 76, "Inner Unique": false, "Join Filter": "(mi.info_type_id = it1.id)", "Plans": [{"Node Type": "Index Scan", "Parent Relationship": "Outer", "Scan Direction": "Forward", "Index Name": "info_type_pkey", "Relation Name": "info_type", "Alias": "it1", "Startup Cost": 0.0, "Total Cost": 14.21, "Plan Rows": 1, "Plan Width": 4, "Filter": "((info)::text = 'genres'::text)"}, {"Node Type": "Nested Loop", "Parent Relationship": "Inner", "Join Type": "Inner", "Startup Cost": 0.0, "Total Cost": 99865.39, "Plan Rows": 13753, "Plan Width": 80, "Inner Unique": false, "Plans": [{"Node Type": "Nested Loop", "Parent Relationship": "Outer", "Join Type": "Inner", "Startup Cost": 0.0, "Total Cost": 78493.26, "Plan Rows": 15041, "Plan Width": 30, "Inner Unique": true, "Plans": [{"Node Type": "Nested Loop", "Parent Relationship": "Outer", "Join Type": "Inner", "Startup Cost": 0.0, "Total Cost": 35880.0, "Plan Rows": 12936, "Plan Width": 9, "Inner Unique": false, "Plans": [{"Node Type": "Index Scan", "Parent Relationship": "Outer", "Scan Direction": "Forward", "Index Name": "info_type_pkey", "Relation Name": "info_type", "Alias": "it2", "Startup Cost": 0.0, "Total Cost": 14.21, "Plan Rows": 1, "Plan Width": 4, "Filter": "((info)::text = 'rating'::text)"}, {"Node Type": "Index Scan", "Parent Relationship": "Inner", "Scan Direction": "Forward", "Index Name": "info_type_id_movie_info_idx", "Relation Name": "movie_info_idx", "Alias": "mi_idx", "Startup Cost": 0.0, "Total Cost": 35736.43, "Plan Rows": 12936, "Plan Width": 13, "Index Cond": "(info_type_id = it2.id)", "Filter": "((info)::text > '8.0'::text)"}]}, {"Node Type": "Index Scan", "Parent Relationship": "Inner", "Scan Direction": "Forward", "Index Name": "title_pkey", "Relation Name": "title", "Alias": "t", "Startup Cost": 0.0, "Total Cost": 3.28, "Plan Rows": 1, "Plan Width": 21, "Index Cond": "(id = mi_idx.movie_id)", "Filter": "((production_year >= 2008) AND (production_year <= 2014))"}]}, {"Node Type": "Index Scan", "Parent Relationship": "Inner", "Scan Direction": "Forward", "Index Name": "movie_id_movie_info", "Relation Name": "movie_info", "Alias": "mi", "Startup Cost": 0.0, "Total Cost": 1.41, "Plan Rows": 1, "Plan Width": 50, "Index Cond": "(movie_id = t.id)", "Filter": "((note IS NULL) AND ((info)::text = ANY ('{Horror,Thriller}'::text[])))"}]}]}, {"Node Type": "Index Scan", "Parent Relationship": "Inner", "Scan Direction": "Forward", "Index Name": "movie_id_cast_info", "Relation Name": "cast_info", "Alias": "ci", "Startup Cost": 0.0, "Total Cost": 2.34, "Plan Rows": 1, "Plan Width": 8, "Index Cond": "(movie_id = t.id)", "Filter": "((note)::text = ANY ('{(writer),\"(head writer)\",\"(written by)\",(story),\"(story editor)\"}'::text[]))"}]}, {"Node Type": "Index Scan", "Parent Relationship": "Inner", "Scan Direction": "Forward", "Index Name": "name_pkey", "Relation Name": "name", "Alias": "n", "Startup Cost": 0.0, "Total Cost": 0.49, "Plan Rows": 1, "Plan Width": 4, "Index Cond": "(id = ci.person_id)", "Filter": "((gender IS NOT NULL) AND ((gender)::text = 'f'::text))"}]}]}, "Unique SQL Id": 661781350, "Planner Runtime": 8}, "explain_analyze_plan": {"Plan": {"Node Type": "Aggregate", "Strategy": "Plain", "Startup Cost": 100899.17, "Total Cost": 100899.18, "Plan Rows": 1, "Plan Width": 160, "Actual Startup Time": 569.524, "Actual Total Time": 569.525, "Actual Rows": 1, "Actual Loops": 1, "Plans": [{"Node Type": "Nested Loop", "Parent Relationship": "Outer", "Join Type": "Inner", "Startup Cost": 0.0, "Total Cost": 100897.52, "Plan Rows": 219, "Plan Width": 64, "Actual Startup Time": 291.946, "Actual Total Time": 569.461, "Actual Rows": 11, "Actual Loops": 1, "Inner Unique": true, "Plans": [{"Node Type": "Nested Loop", "Parent Relationship": "Outer", "Join Type": "Inner", "Startup Cost": 0.0, "Total Cost": 100736.53, "Plan Rows": 321, "Plan Width": 68, "Actual Startup Time": 77.048, "Actual Total Time": 567.305, "Actual Rows": 268, "Actual Loops": 1, "Inner Unique": false, "Plans": [{"Node Type": "Nested Loop", "Parent Relationship": "Outer", "Join Type": "Inner", "Startup Cost": 0.0, "Total Cost": 100051.51, "Plan Rows": 291, "Plan Width": 76, "Actual Startup Time": 9.457, "Actual Total Time": 542.484, "Actual Rows": 358, "Actual Loops": 1, "Inner Unique": false, "Join Filter": "(mi.info_type_id = it1.id)", "Rows Removed by Join Filter": 0, "Plans": [{"Node Type": "Index Scan", "Parent Relationship": "Outer", "Scan Direction": "Forward", "Index Name": "info_type_pkey", "Relation Name": "info_type", "Alias": "it1", "Startup Cost": 0.0, "Total Cost": 14.21, "Plan Rows": 1, "Plan Width": 4, "Actual Startup Time": 0.029, "Actual Total Time": 0.075, "Actual Rows": 1, "Actual Loops": 1, "Filter": "((info)::text = 'genres'::text)", "Rows Removed by Filter": 111}, {"Node Type": "Nested Loop", "Parent Relationship": "Inner", "Join Type": "Inner", "Startup Cost": 0.0, "Total Cost": 99865.39, "Plan Rows": 13753, "Plan Width": 80, "Actual Startup Time": 9.417, "Actual Total Time": 542.155, "Actual Rows": 358, "Actual Loops": 1, "Inner Unique": false, "Plans": [{"Node Type": "Nested Loop", "Parent Relationship": "Outer", "Join Type": "Inner", "Startup Cost": 0.0, "Total Cost": 78493.26, "Plan Rows": 15041, "Plan Width": 30, "Actual Startup Time": 1.744, "Actual Total Time": 403.01, "Actual Rows": 6152, "Actual Loops": 1, "Inner Unique": true, "Plans": [{"Node Type": "Nested Loop", "Parent Relationship": "Outer", "Join Type": "Inner", "Startup Cost": 0.0, "Total Cost": 35880.0, "Plan Rows": 12936, "Plan Width": 9, "Actual Startup Time": 0.089, "Actual Total Time": 324.044, "Actual Rows": 15849, "Actual Loops": 1, "Inner Unique": false, "Plans": [{"Node Type": "Index Scan", "Parent Relationship": "Outer", "Scan Direction": "Forward", "Index Name": "info_type_pkey", "Relation Name": "info_type", "Alias": "it2", "Startup Cost": 0.0, "Total Cost": 14.21, "Plan Rows": 1, "Plan Width": 4, "Actual Startup Time": 0.051, "Actual Total Time": 0.059, "Actual Rows": 1, "Actual Loops": 1, "Filter": "((info)::text = 'rating'::text)", "Rows Removed by Filter": 111}, {"Node Type": "Index Scan", "Parent Relationship": "Inner", "Scan Direction": "Forward", "Index Name": "info_type_id_movie_info_idx", "Relation Name": "movie_info_idx", "Alias": "mi_idx", "Startup Cost": 0.0, "Total Cost": 35736.43, "Plan Rows": 12936, "Plan Width": 13, "Actual Startup Time": 0.036, "Actual Total Time": 320.329, "Actual Rows": 15849, "Actual Loops": 1, "Index Cond": "(info_type_id = it2.id)", "Rows Removed by Index Recheck": 0, "Filter": "((info)::text > '8.0'::text)", "Rows Removed by Filter": 444076}]}, {"Node Type": "Index Scan", "Parent Relationship": "Inner", "Scan Direction": "Forward", "Index Name": "title_pkey", "Relation Name": "title", "Alias": "t", "Startup Cost": 0.0, "Total Cost": 3.28, "Plan Rows": 1, "Plan Width": 21, "Actual Startup Time": 68.799, "Actual Total Time": 68.799, "Actual Rows": 6152, "Actual Loops": 15849, "Index Cond": "(id = mi_idx.movie_id)", "Rows Removed by Index Recheck": 0, "Filter": "((production_year >= 2008) AND (production_year <= 2014))", "Rows Removed by Filter": 9697}]}, {"Node Type": "Index Scan", "Parent Relationship": "Inner", "Scan Direction": "Forward", "Index Name": "movie_id_movie_info", "Relation Name": "movie_info", "Alias": "mi", "Startup Cost": 0.0, "Total Cost": 1.41, "Plan Rows": 1, "Plan Width": 50, "Actual Startup Time": 135.391, "Actual Total Time": 135.689, "Actual Rows": 358, "Actual Loops": 6152, "Index Cond": "(movie_id = t.id)", "Rows Removed by Index Recheck": 0, "Filter": "((note IS NULL) AND ((info)::text = ANY ('{Horror,Thriller}'::text[])))", "Rows Removed by Filter": 109599}]}]}, {"Node Type": "Index Scan", "Parent Relationship": "Inner", "Scan Direction": "Forward", "Index Name": "movie_id_cast_info", "Relation Name": "cast_info", "Alias": "ci", "Startup Cost": 0.0, "Total Cost": 2.34, "Plan Rows": 1, "Plan Width": 8, "Actual Startup Time": 19.212, "Actual Total Time": 24.39, "Actual Rows": 268, "Actual Loops": 358, "Index Cond": "(movie_id = t.id)", "Rows Removed by Index Recheck": 0, "Filter": "((note)::text = ANY ('{(writer),\"(head writer)\",\"(written by)\",(story),\"(story editor)\"}'::text[]))", "Rows Removed by Filter": 12296}]}, {"Node Type": "Index Scan", "Parent Relationship": "Inner", "Scan Direction": "Forward", "Index Name": "name_pkey", "Relation Name": "name", "Alias": "n", "Startup Cost": 0.0, "Total Cost": 0.49, "Plan Rows": 1, "Plan Width": 4, "Actual Startup Time": 1.905, "Actual Total Time": 1.905, "Actual Rows": 11, "Actual Loops": 268, "Index Cond": "(id = ci.person_id)", "Rows Removed by Index Recheck": 0, "Filter": "((gender IS NOT NULL) AND ((gender)::text = 'f'::text))", "Rows Removed by Filter": 257}]}]}, "Triggers": [], "Planner Runtime": 18.121, "Total Runtime": 569.824, "Unique SQL Id": 661781350}}, "(16, '62')": {"explain_plan": {"Plan": {"Node Type": "Aggregate", "Strategy": "Plain", "Startup Cost": 332311.21, "Total Cost": 332311.24, "Plan Rows": 1, "Plan Width": 160, "Plans": [{"Node Type": "Streaming(type: LOCAL GATHER dop: 1/16)", "Parent Relationship": "Outer", "Startup Cost": 332311.21, "Total Cost": 332311.24, "Plan Rows": 1, "Plan Width": 160, "Plans": [{"Node Type": "Aggregate", "Strategy": "Plain", "Parent Relationship": "Outer", "Startup Cost": 332311.21, "Total Cost": 332311.22, "Plan Rows": 1, "Plan Width": 160, "Plans": [{"Node Type": "Nested Loop", "Parent Relationship": "Outer", "Join Type": "Inner", "Startup Cost": 88.19, "Total Cost": 332309.57, "Plan Rows": 219, "Plan Width": 64, "Inner Unique": false, "Join Filter": "(mi.movie_id = t.id)", "Plans": [{"Node Type": "Streaming(type: LOCAL REDISTRIBUTE dop: 16/16)", "Parent Relationship": "Outer", "Startup Cost": 88.19, "Total Cost": 37509.56, "Plan Rows": 782553, "Plan Width": 21, "Plans": [{"Node Type": "Seq Scan", "Parent Relationship": "Outer", "Relation Name": "title", "Alias": "t", "Startup Cost": 88.19, "Total Cost": 19544.42, "Plan Rows": 782553, "Plan Width": 21, "Filter": "((production_year >= 2008) AND (production_year <= 2014)), (LLVM Optimized)"}]}, {"Node Type": "Materialize", "Parent Relationship": "Inner", "Startup Cost": 0.0, "Total Cost": 286179.73, "Plan Rows": 188, "Plan Width": 59, "Plans": [{"Node Type": "Streaming(type: LOCAL REDISTRIBUTE dop: 16/16)", "Parent Relationship": "Outer", "Startup Cost": 0.0, "Total Cost": 286179.67, "Plan Rows": 188, "Plan Width": 59, "Plans": [{"Node Type": "Nested Loop", "Parent Relationship": "Outer", "Join Type": "Inner", "Startup Cost": 0.0, "Total Cost": 271178.95, "Plan Rows": 188, "Plan Width": 59, "Inner Unique": false, "Join Filter": "(ci.person_id = n.id)", "Plans": [{"Node Type": "Streaming(type: LOCAL REDISTRIBUTE dop: 16/16)", "Parent Relationship": "Outer", "Startup Cost": 0.0, "Total Cost": 38833.77, "Plan Rows": 624324, "Plan Width": 4, "Plans": [{"Node Type": "Seq Scan", "Parent Relationship": "Outer", "Relation Name": "name", "Alias": "n", "Startup Cost": 0.0, "Total Cost": 21468.16, "Plan Rows": 624324, "Plan Width": 4, "Filter": "((gender IS NOT NULL) AND ((gender)::text = 'f'::text)), (LLVM Optimized)"}]}, {"Node Type": "Materialize", "Parent Relationship": "Inner", "Startup Cost": 0.0, "Total Cost": 222248.74, "Plan Rows": 276, "Plan Width": 63, "Plans": [{"Node Type": "Streaming(type: LOCAL REDISTRIBUTE dop: 16/16)", "Parent Relationship": "Outer", "Startup Cost": 0.0, "Total Cost": 222248.65, "Plan Rows": 276, "Plan Width": 63, "Plans": [{"Node Type": "Nested Loop", "Parent Relationship": "Outer", "Join Type": "Inner", "Startup Cost": 0.0, "Total Cost": 207247.61, "Plan Rows": 276, "Plan Width": 63, "Inner Unique": false, "Join Filter": "(mi.movie_id = ci.movie_id)", "Plans": [{"Node Type": "Streaming(type: LOCAL REDISTRIBUTE dop: 16/16)", "Parent Relationship": "Outer", "Startup Cost": 0.0, "Total Cost": 86415.84, "Plan Rows": 1223154, "Plan Width": 8, "Plans": [{"Node Type": "Seq Scan", "Parent Relationship": "Outer", "Relation Name": "cast_info", "Alias": "ci", "Startup Cost": 0.0, "Total Cost": 66781.24, "Plan Rows": 1223154, "Plan Width": 8, "Filter": "((note)::text = ANY ('{(writer),\"(head writer)\",\"(written by)\",(story),\"(story editor)\"}'::text[]))"}]}, {"Node Type": "Materialize", "Parent Relationship": "Inner", "Startup Cost": 0.0, "Total Cost": 102914.51, "Plan Rows": 250, "Plan Width": 55, "Plans": [{"Node Type": "Streaming(type: LOCAL REDISTRIBUTE dop: 16/1)", "Parent Relationship": "Outer", "Startup Cost": 0.0, "Total Cost": 102914.43, "Plan Rows": 250, "Plan Width": 55, "Plans": [{"Node Type": "Nested Loop", "Parent Relationship": "Outer", "Join Type": "Inner", "Startup Cost": 0.0, "Total Cost": 87904.04, "Plan Rows": 250, "Plan Width": 55, "Inner Unique": false, "Join Filter": "(mi_idx.info_type_id = it2.id)", "Plans": [{"Node Type": "Seq Scan", "Parent Relationship": "Outer", "Relation Name": "info_type", "Alias": "it2", "Startup Cost": 0.0, "Total Cost": 2.4, "Plan Rows": 1, "Plan Width": 4, "Filter": "((info)::text = 'rating'::text)"}, {"Node Type": "Materialize", "Parent Relationship": "Inner", "Startup Cost": 0.0, "Total Cost": 87891.65, "Plan Rows": 999, "Plan Width": 59, "Plans": [{"Node Type": "Streaming(type: LOCAL GATHER dop: 1/16)", "Parent Relationship": "Outer", "Startup Cost": 0.0, "Total Cost": 87889.15, "Plan Rows": 999, "Plan Width": 59, "Plans": [{"Node Type": "Nested Loop", "Parent Relationship": "Outer", "Join Type": "Inner", "Startup Cost": 0.0, "Total Cost": 87867.59, "Plan Rows": 999, "Plan Width": 59, "Inner Unique": false, "Join Filter": "(mi.movie_id = mi_idx.movie_id)", "Plans": [{"Node Type": "Streaming(type: LOCAL REDISTRIBUTE dop: 16/16)", "Parent Relationship": "Outer", "Startup Cost": 0.0, "Total Cost": 31678.85, "Plan Rows": 51746, "Plan Width": 13, "Plans": [{"Node Type": "Seq Scan", "Parent Relationship": "Outer", "Relation Name": "movie_info_idx", "Alias": "mi_idx", "Startup Cost": 0.0, "Total Cost": 16482.78, "Plan Rows": 51746, "Plan Width": 13, "Filter": "((info)::text > '8.0'::text)"}]}, {"Node Type": "Materialize", "Parent Relationship": "Inner", "Startup Cost": 0.0, "Total Cost": 53244.83, "Plan Rows": 971, "Plan Width": 46, "Plans": [{"Node Type": "Streaming(type: LOCAL REDISTRIBUTE dop: 16/1)", "Parent Relationship": "Outer", "Startup Cost": 0.0, "Total Cost": 53244.53, "Plan Rows": 971, "Plan Width": 46, "Plans": [{"Node Type": "Nested Loop", "Parent Relationship": "Outer", "Join Type": "Inner", "Startup Cost": 0.0, "Total Cost": 38204.15, "Plan Rows": 971, "Plan Width": 46, "Inner Unique": false, "Join Filter": "(it1.id = mi.info_type_id)", "Plans": [{"Node Type": "Seq Scan", "Parent Relationship": "Outer", "Relation Name": "info_type", "Alias": "it1", "Startup Cost": 0.0, "Total Cost": 2.4, "Plan Rows": 1, "Plan Width": 4, "Filter": "((info)::text = 'genres'::text)"}, {"Node Type": "Materialize", "Parent Relationship": "Inner", "Startup Cost": 0.0, "Total Cost": 37522.04, "Plan Rows": 67971, "Plan Width": 50, "Plans": [{"Node Type": "Streaming(type: LOCAL GATHER dop: 1/16)", "Parent Relationship": "Outer", "Startup Cost": 0.0, "Total Cost": 37352.11, "Plan Rows": 67971, "Plan Width": 50, "Plans": [{"Node Type": "Seq Scan", "Parent Relationship": "Outer", "Relation Name": "movie_info", "Alias": "mi", "Startup Cost": 0.0, "Total Cost": 35885.16, "Plan Rows": 67971, "Plan Width": 50, "Filter": "((note IS NULL) AND ((info)::text = ANY ('{Horror,Thriller}'::text[])))"}]}]}]}]}]}]}]}]}]}]}]}]}]}]}]}]}]}]}]}]}]}, "Unique SQL Id": 661781350, "Planner Runtime": 13}, "explain_analyze_plan": null}, "(16, '63')": {"explain_plan": {"Plan": {"Node Type": "Aggregate", "Strategy": "Plain", "Startup Cost": 7000346357848.23, "Total Cost": 7000346357848.24, "Plan Rows": 1, "Plan Width": 160, "Plans": [{"Node Type": "Nested Loop", "Parent Relationship": "Outer", "Join Type": "Inner", "Startup Cost": 70000000000.0, "Total Cost": 7000346357846.58, "Plan Rows": 219, "Plan Width": 64, "Inner Unique": false, "Join Filter": "(mi.movie_id = t.id)", "Plans": [{"Node Type": "Index Scan", "Parent Relationship": "Outer", "Scan Direction": "Forward", "Index Name": "title_pkey", "Relation Name": "title", "Alias": "t", "Startup Cost": 10000000000.0, "Total Cost": 1000012276204.41, "Plan Rows": 782553, "Plan Width": 21, "Filter": "((production_year >= 2008) AND (production_year <= 2014)), (LLVM Optimized)"}, {"Node Type": "Materialize", "Parent Relationship": "Inner", "Startup Cost": 60000000000.0, "Total Cost": 6000331874843.18, "Plan Rows": 188, "Plan Width": 59, "Plans": [{"Node Type": "Nested Loop", "Parent Relationship": "Outer", "Join Type": "Inner", "Startup Cost": 60000000000.0, "Total Cost": 6000331874842.24, "Plan Rows": 188, "Plan Width": 59, "Inner Unique": true, "Join Filter": "(ci.person_id = n.id)", "Plans": [{"Node Type": "Nested Loop", "Parent Relationship": "Outer", "Join Type": "Inner", "Startup Cost": 50000000000.0, "Total Cost": 5000310623432.87, "Plan Rows": 276, "Plan Width": 63, "Inner Unique": false, "Join Filter": "(mi.movie_id = ci.movie_id)", "Plans": [{"Node Type": "Nested Loop", "Parent Relationship": "Outer", "Join Type": "Inner", "Startup Cost": 40000000000.0, "Total Cost": 4000112722530.52, "Plan Rows": 250, "Plan Width": 55, "Inner Unique": false, "Join Filter": "(mi.movie_id = mi_idx.movie_id)", "Plans": [{"Node Type": "Nested Loop", "Parent Relationship": "Outer", "Join Type": "Inner", "Startup Cost": 20000000000.0, "Total Cost": 2000107536844.28, "Plan Rows": 971, "Plan Width": 46, "Inner Unique": true, "Join Filter": "(it1.id = mi.info_type_id)", "Plans": [{"Node Type": "Index Scan", "Parent Relationship": "Outer", "Scan Direction": "Forward", "Index Name": "movie_id_movie_info", "Relation Name": "movie_info", "Alias": "mi", "Startup Cost": 10000000000.0, "Total Cost": 1000107534403.72, "Plan Rows": 67971, "Plan Width": 50, "Filter": "((note IS NULL) AND ((info)::text = ANY ('{Horror,Thriller}'::text[])))"}, {"Node Type": "Materialize", "Parent Relationship": "Inner", "Startup Cost": 10000000000.0, "Total Cost": 1000000001421.0, "Plan Rows": 1, "Plan Width": 4, "Plans": [{"Node Type": "Index Scan", "Parent Relationship": "Outer", "Scan Direction": "Forward", "Index Name": "info_type_pkey", "Relation Name": "info_type", "Alias": "it1", "Startup Cost": 10000000000.0, "Total Cost": 1000000001421.0, "Plan Rows": 1, "Plan Width": 4, "Filter": "((info)::text = 'genres'::text)"}]}]}, {"Node Type": "Materialize", "Parent Relationship": "Inner", "Startup Cost": 20000000000.0, "Total Cost": 2000004997305.74, "Plan Rows": 12936, "Plan Width": 9, "Plans": [{"Node Type": "Nested Loop", "Parent Relationship": "Outer", "Join Type": "Inner", "Startup Cost": 20000000000.0, "Total Cost": 2000004997241.06, "Plan Rows": 12936, "Plan Width": 9, "Inner Unique": true, "Join Filter": "(it2.id = mi_idx.info_type_id)", "Plans": [{"Node Type": "Index Scan", "Parent Relationship": "Outer", "Scan Direction": "Forward", "Index Name": "movie_id_movie_info_idx", "Relation Name": "movie_info_idx", "Alias": "mi_idx", "Startup Cost": 10000000000.0, "Total Cost": 1000004995043.87, "Plan Rows": 51746, "Plan Width": 13, "Filter": "((info)::text > '8.0'::text)"}, {"Node Type": "Materialize", "Parent Relationship": "Inner", "Startup Cost": 10000000000.0, "Total Cost": 1000000001421.0, "Plan Rows": 1, "Plan Width": 4, "Plans": [{"Node Type": "Index Scan", "Parent Relationship": "Outer", "Scan Direction": "Forward", "Index Name": "info_type_pkey", "Relation Name": "info_type", "Alias": "it2", "Startup Cost": 10000000000.0, "Total Cost": 1000000001421.0, "Plan Rows": 1, "Plan Width": 4, "Filter": "((info)::text = 'rating'::text)"}]}]}]}]}, {"Node Type": "Materialize", "Parent Relationship": "Inner", "Startup Cost": 10000000000.0, "Total Cost": 1000193317132.73, "Plan Rows": 1223154, "Plan Width": 8, "Plans": [{"Node Type": "Index Scan", "Parent Relationship": "Outer", "Scan Direction": "Forward", "Index Name": "person_id_cast_info", "Relation Name": "cast_info", "Alias": "ci", "Startup Cost": 10000000000.0, "Total Cost": 1000193311016.96, "Plan Rows": 1223154, "Plan Width": 8, "Filter": "((note)::text = ANY ('{(writer),\"(head writer)\",\"(written by)\",(story),\"(story editor)\"}'::text[]))"}]}]}, {"Node Type": "Materialize", "Parent Relationship": "Inner", "Startup Cost": 10000000000.0, "Total Cost": 1000018668268.82, "Plan Rows": 624324, "Plan Width": 4, "Plans": [{"Node Type": "Index Scan", "Parent Relationship": "Outer", "Scan Direction": "Forward", "Index Name": "name_pkey", "Relation Name": "name", "Alias": "n", "Startup Cost": 10000000000.0, "Total Cost": 1000018665147.2, "Plan Rows": 624324, "Plan Width": 4, "Filter": "((gender IS NOT NULL) AND ((gender)::text = 'f'::text)), (LLVM Optimized)"}]}]}]}]}]}, "Unique SQL Id": 661781350, "Planner Runtime": 7}, "explain_analyze_plan": null}, "(16, '64')": {"explain_plan": {"Plan": {"Node Type": "Aggregate", "Strategy": "Plain", "Startup Cost": 40404.31, "Total Cost": 40404.32, "Plan Rows": 1, "Plan Width": 160, "Plans": [{"Node Type": "Nested Loop", "Parent Relationship": "Outer", "Join Type": "Inner", "Startup Cost": 2.41, "Total Cost": 40402.67, "Plan Rows": 219, "Plan Width": 64, "Inner Unique": true, "Plans": [{"Node Type": "Nested Loop", "Parent Relationship": "Outer", "Join Type": "Inner", "Startup Cost": 2.41, "Total Cost": 40241.67, "Plan Rows": 321, "Plan Width": 68, "Inner Unique": false, "Plans": [{"Node Type": "Nested Loop", "Parent Relationship": "Outer", "Join Type": "Inner", "Startup Cost": 2.41, "Total Cost": 39556.65, "Plan Rows": 291, "Plan Width": 76, "Inner Unique": true, "Plans": [{"Node Type": "Nested Loop", "Parent Relationship": "Outer", "Join Type": "Inner", "Startup Cost": 2.41, "Total Cost": 38843.44, "Plan Rows": 250, "Plan Width": 55, "Inner Unique": true, "Plans": [{"Node Type": "Nested Loop", "Parent Relationship": "Outer", "Join Type": "Inner", "Startup Cost": 2.41, "Total Cost": 38560.99, "Plan Rows": 999, "Plan Width": 59, "Inner Unique": false, "Plans": [{"Node Type": "Hash Join", "Parent Relationship": "Outer", "Join Type": "Inner", "Startup Cost": 2.41, "Total Cost": 37619.13, "Plan Rows": 971, "Plan Width": 46, "Inner Unique": true, "Hash Cond": "(mi.info_type_id = it1.id)", "Plans": [{"Node Type": "Streaming(type: LOCAL GATHER dop: 1/16)", "Parent Relationship": "Outer", "Startup Cost": 0.0, "Total Cost": 37352.11, "Plan Rows": 67971, "Plan Width": 50, "Plans": [{"Node Type": "Seq Scan", "Parent Relationship": "Outer", "Relation Name": "movie_info", "Alias": "mi", "Startup Cost": 0.0, "Total Cost": 35885.16, "Plan Rows": 67971, "Plan Width": 50, "Filter": "((note IS NULL) AND ((info)::text = ANY ('{Horror,Thriller}'::text[])))"}]}, {"Node Type": "Hash", "Parent Relationship": "Inner", "Startup Cost": 2.4, "Total Cost": 2.4, "Plan Rows": 1, "Plan Width": 4, "Plans": [{"Node Type": "Seq Scan", "Parent Relationship": "Outer", "Relation Name": "info_type", "Alias": "it1", "Startup Cost": 0.0, "Total Cost": 2.4, "Plan Rows": 1, "Plan Width": 4, "Filter": "((info)::text = 'genres'::text)"}]}]}, {"Node Type": "Index Scan", "Parent Relationship": "Inner", "Scan Direction": "Forward", "Index Name": "movie_id_movie_info_idx", "Relation Name": "movie_info_idx", "Alias": "mi_idx", "Startup Cost": 0.0, "Total Cost": 0.96, "Plan Rows": 1, "Plan Width": 13, "Index Cond": "(movie_id = mi.movie_id)", "Filter": "((info)::text > '8.0'::text)"}]}, {"Node Type": "Index Scan", "Parent Relationship": "Inner", "Scan Direction": "Forward", "Index Name": "info_type_pkey", "Relation Name": "info_type", "Alias": "it2", "Startup Cost": 0.0, "Total Cost": 0.27, "Plan Rows": 1, "Plan Width": 4, "Index Cond": "(id = mi_idx.info_type_id)", "Filter": "((info)::text = 'rating'::text)"}]}, {"Node Type": "Index Scan", "Parent Relationship": "Inner", "Scan Direction": "Forward", "Index Name": "title_pkey", "Relation Name": "title", "Alias": "t", "Startup Cost": 0.0, "Total Cost": 2.84, "Plan Rows": 1, "Plan Width": 21, "Index Cond": "(id = mi.movie_id)", "Filter": "((production_year >= 2008) AND (production_year <= 2014))"}]}, {"Node Type": "Index Scan", "Parent Relationship": "Inner", "Scan Direction": "Forward", "Index Name": "movie_id_cast_info", "Relation Name": "cast_info", "Alias": "ci", "Startup Cost": 0.0, "Total Cost": 2.34, "Plan Rows": 1, "Plan Width": 8, "Index Cond": "(movie_id = t.id)", "Filter": "((note)::text = ANY ('{(writer),\"(head writer)\",\"(written by)\",(story),\"(story editor)\"}'::text[]))"}]}, {"Node Type": "Index Scan", "Parent Relationship": "Inner", "Scan Direction": "Forward", "Index Name": "name_pkey", "Relation Name": "name", "Alias": "n", "Startup Cost": 0.0, "Total Cost": 0.49, "Plan Rows": 1, "Plan Width": 4, "Index Cond": "(id = ci.person_id)", "Filter": "((gender IS NOT NULL) AND ((gender)::text = 'f'::text))"}]}]}, "Unique SQL Id": 661781350, "Planner Runtime": 56}, "explain_analyze_plan": {"Plan": {"Node Type": "Aggregate", "Strategy": "Plain", "Startup Cost": 40404.31, "Total Cost": 40404.32, "Plan Rows": 1, "Plan Width": 160, "Actual Min Startup Time": 760.866, "Actual Max Startup Time": 760.866, "Actual Min Total Time": 760.866, "Actual Max Total Time": 760.866, "Plans": [{"Node Type": "Nested Loop", "Parent Relationship": "Outer", "Join Type": "Inner", "Startup Cost": 2.41, "Total Cost": 40402.67, "Plan Rows": 219, "Plan Width": 64, "Actual Min Startup Time": 365.571, "Actual Max Startup Time": 365.571, "Actual Min Total Time": 760.797, "Actual Max Total Time": 760.797, "Inner Unique": true, "Plans": [{"Node Type": "Nested Loop", "Parent Relationship": "Outer", "Join Type": "Inner", "Startup Cost": 2.41, "Total Cost": 40241.67, "Plan Rows": 321, "Plan Width": 68, "Actual Min Startup Time": 357.854, "Actual Max Startup Time": 357.854, "Actual Min Total Time": 758.632, "Actual Max Total Time": 758.632, "Inner Unique": false, "Plans": [{"Node Type": "Nested Loop", "Parent Relationship": "Outer", "Join Type": "Inner", "Startup Cost": 2.41, "Total Cost": 39556.65, "Plan Rows": 291, "Plan Width": 76, "Actual Min Startup Time": 356.081, "Actual Max Startup Time": 356.081, "Actual Min Total Time": 733.665, "Actual Max Total Time": 733.665, "Inner Unique": true, "Plans": [{"Node Type": "Nested Loop", "Parent Relationship": "Outer", "Join Type": "Inner", "Startup Cost": 2.41, "Total Cost": 38843.44, "Plan Rows": 250, "Plan Width": 55, "Actual Min Startup Time": 356.061, "Actual Max Startup Time": 356.061, "Actual Min Total Time": 728.846, "Actual Max Total Time": 728.846, "Inner Unique": true, "Plans": [{"Node Type": "Nested Loop", "Parent Relationship": "Outer", "Join Type": "Inner", "Startup Cost": 2.41, "Total Cost": 38560.99, "Plan Rows": 999, "Plan Width": 59, "Actual Min Startup Time": 355.951, "Actual Max Startup Time": 355.951, "Actual Min Total Time": 718.253, "Actual Max Total Time": 718.253, "Inner Unique": false, "Plans": [{"Node Type": "Hash Join", "Parent Relationship": "Outer", "Join Type": "Inner", "Startup Cost": 2.41, "Total Cost": 37619.13, "Plan Rows": 971, "Plan Width": 46, "Actual Min Startup Time": 355.852, "Actual Max Startup Time": 355.852, "Actual Min Total Time": 422.638, "Actual Max Total Time": 422.638, "Inner Unique": true, "Hash Cond": "(mi.info_type_id = it1.id)", "Plans": [{"Node Type": "Streaming(type: LOCAL GATHER dop: 1/16)", "Parent Relationship": "Outer", "Startup Cost": 0.0, "Total Cost": 37352.11, "Plan Rows": 67971, "Plan Width": 50, "Actual Min Startup Time": 270.363, "Actual Max Startup Time": 270.363, "Actual Min Total Time": 385.946, "Actual Max Total Time": 385.946, "Plans": [{"Node Type": "Seq Scan", "Parent Relationship": "Outer", "Relation Name": "movie_info", "Alias": "mi", "Startup Cost": 0.0, "Total Cost": 35885.16, "Plan Rows": 67971, "Plan Width": 50, "Actual Min Startup Time": 236.482, "Actual Max Startup Time": 342.262, "Actual Min Total Time": 383.658, "Actual Max Total Time": 397.806, "Filter": "((note IS NULL) AND ((info)::text = ANY ('{Horror,Thriller}'::text[])))", "Rows Removed by Filter": 14762672, "Actual Rows": 73047}], "Actual Rows": 73047}, {"Node Type": "Hash", "Parent Relationship": "Inner", "Startup Cost": 2.4, "Total Cost": 2.4, "Plan Rows": 1, "Plan Width": 4, "Actual Min Startup Time": 0.132, "Actual Max Startup Time": 0.132, "Actual Min Total Time": 0.132, "Actual Max Total Time": 0.132, "Max Hash Buckets": 32768, "Min Hash Buckets": 32768, "Max Hash Batches": 1, "Min Hash Batches": 1, "Max Original Hash Batches": 1, "Min Original Hash Batches": 1, "Max Peak Memory Usage": 1, "min Peak Memory Usage": 1, "Plans": [{"Node Type": "Seq Scan", "Parent Relationship": "Outer", "Relation Name": "info_type", "Alias": "it1", "Startup Cost": 0.0, "Total Cost": 2.4, "Plan Rows": 1, "Plan Width": 4, "Actual Min Startup Time": 0.088, "Actual Max Startup Time": 0.088, "Actual Min Total Time": 0.112, "Actual Max Total Time": 0.112, "Filter": "((info)::text = 'genres'::text)", "Rows Removed by Filter": 111, "Actual Rows": 1}], "Actual Rows": 1}], "Actual Rows": 72258}, {"Node Type": "Index Scan", "Parent Relationship": "Inner", "Scan Direction": "Forward", "Index Name": "movie_id_movie_info_idx", "Relation Name": "movie_info_idx", "Alias": "mi_idx", "Startup Cost": 0.0, "Total Cost": 0.96, "Plan Rows": 1, "Plan Width": 13, "Actual Min Startup Time": 256.604, "Actual Max Startup Time": 256.604, "Actual Min Total Time": 260.05, "Actual Max Total Time": 260.05, "Index Cond": "(movie_id = mi.movie_id)", "Rows Removed by Index Recheck": 0, "Filter": "((info)::text > '8.0'::text)", "Rows Removed by Filter": 113143, "Actual Rows": 4135}], "Actual Rows": 4135}, {"Node Type": "Index Scan", "Parent Relationship": "Inner", "Scan Direction": "Forward", "Index Name": "info_type_pkey", "Relation Name": "info_type", "Alias": "it2", "Startup Cost": 0.0, "Total Cost": 0.27, "Plan Rows": 1, "Plan Width": 4, "Actual Min Startup Time": 8.23, "Actual Max Startup Time": 8.23, "Actual Min Total Time": 8.23, "Actual Max Total Time": 8.23, "Index Cond": "(id = mi_idx.info_type_id)", "Rows Removed by Index Recheck": 0, "Filter": "((info)::text = 'rating'::text)", "Rows Removed by Filter": 3403, "Actual Rows": 732}], "Actual Rows": 732}, {"Node Type": "Index Scan", "Parent Relationship": "Inner", "Scan Direction": "Forward", "Index Name": "title_pkey", "Relation Name": "title", "Alias": "t", "Startup Cost": 0.0, "Total Cost": 2.84, "Plan Rows": 1, "Plan Width": 21, "Actual Min Startup Time": 4.163, "Actual Max Startup Time": 4.163, "Actual Min Total Time": 4.163, "Actual Max Total Time": 4.163, "Index Cond": "(id = mi.movie_id)", "Rows Removed by Index Recheck": 0, "Filter": "((production_year >= 2008) AND (production_year <= 2014))", "Rows Removed by Filter": 374, "Actual Rows": 358}], "Actual Rows": 358}, {"Node Type": "Index Scan", "Parent Relationship": "Inner", "Scan Direction": "Forward", "Index Name": "movie_id_cast_info", "Relation Name": "cast_info", "Alias": "ci", "Startup Cost": 0.0, "Total Cost": 2.34, "Plan Rows": 1, "Plan Width": 8, "Actual Min Startup Time": 19.408, "Actual Max Startup Time": 19.408, "Actual Min Total Time": 24.639, "Actual Max Total Time": 24.639, "Index Cond": "(movie_id = t.id)", "Rows Removed by Index Recheck": 0, "Filter": "((note)::text = ANY ('{(writer),\"(head writer)\",\"(written by)\",(story),\"(story editor)\"}'::text[]))", "Rows Removed by Filter": 12296, "Actual Rows": 268}], "Actual Rows": 268}, {"Node Type": "Index Scan", "Parent Relationship": "Inner", "Scan Direction": "Forward", "Index Name": "name_pkey", "Relation Name": "name", "Alias": "n", "Startup Cost": 0.0, "Total Cost": 0.49, "Plan Rows": 1, "Plan Width": 4, "Actual Min Startup Time": 1.937, "Actual Max Startup Time": 1.937, "Actual Min Total Time": 1.937, "Actual Max Total Time": 1.937, "Index Cond": "(id = ci.person_id)", "Rows Removed by Index Recheck": 0, "Filter": "((gender IS NOT NULL) AND ((gender)::text = 'f'::text))", "Rows Removed by Filter": 257, "Actual Rows": 11}], "Actual Rows": 11}], "Actual Rows": 1}, "Triggers": [], "Planner Runtime": 56.447, "Total Runtime": 763.624, "Unique SQL Id": 661781350}}, "(16, '65')": {"explain_plan": {"Plan": {"Node Type": "Aggregate", "Strategy": "Plain", "Startup Cost": 84095.43, "Total Cost": 84095.44, "Plan Rows": 1, "Plan Width": 160, "Plans": [{"Node Type": "Nested Loop", "Parent Relationship": "Outer", "Join Type": "Inner", "Startup Cost": 7433.27, "Total Cost": 84093.79, "Plan Rows": 219, "Plan Width": 64, "Inner Unique": true, "Plans": [{"Node Type": "Nested Loop", "Parent Relationship": "Outer", "Join Type": "Inner", "Startup Cost": 7433.27, "Total Cost": 83932.79, "Plan Rows": 321, "Plan Width": 68, "Inner Unique": false, "Plans": [{"Node Type": "Hash Join", "Parent Relationship": "Outer", "Join Type": "Inner", "Startup Cost": 7433.27, "Total Cost": 83247.77, "Plan Rows": 291, "Plan Width": 76, "Inner Unique": true, "Hash Cond": "(mi.info_type_id = it1.id)", "Plans": [{"Node Type": "Nested Loop", "Parent Relationship": "Outer", "Join Type": "Inner", "Startup Cost": 7419.04, "Total Cost": 83197.12, "Plan Rows": 13753, "Plan Width": 80, "Inner Unique": false, "Plans": [{"Node Type": "Nested Loop", "Parent Relationship": "Outer", "Join Type": "Inner", "Startup Cost": 7419.04, "Total Cost": 61824.99, "Plan Rows": 15041, "Plan Width": 30, "Inner Unique": true, "Plans": [{"Node Type": "Nested Loop", "Parent Relationship": "Outer", "Join Type": "Inner", "Startup Cost": 7419.04, "Total Cost": 19211.73, "Plan Rows": 12936, "Plan Width": 9, "Inner Unique": false, "Plans": [{"Node Type": "Index Scan", "Parent Relationship": "Outer", "Scan Direction": "Forward", "Index Name": "info_type_pkey", "Relation Name": "info_type", "Alias": "it2", "Startup Cost": 0.0, "Total Cost": 14.21, "Plan Rows": 1, "Plan Width": 4, "Filter": "((info)::text = 'rating'::text)"}, {"Node Type": "Bitmap Heap Scan", "Parent Relationship": "Inner", "Relation Name": "movie_info_idx", "Alias": "mi_idx", "Startup Cost": 7419.04, "Total Cost": 19068.16, "Plan Rows": 12936, "Plan Width": 13, "Recheck Cond": "(info_type_id = it2.id)", "Filter": "((info)::text > '8.0'::text)", "Plans": [{"Node Type": "Bitmap Index Scan", "Parent Relationship": "Outer", "Index Name": "info_type_id_movie_info_idx", "Startup Cost": 0.0, "Total Cost": 7415.81, "Plan Rows": 345008, "Plan Width": 0, "Index Cond": "(info_type_id = it2.id)"}]}]}, {"Node Type": "Index Scan", "Parent Relationship": "Inner", "Scan Direction": "Forward", "Index Name": "title_pkey", "Relation Name": "title", "Alias": "t", "Startup Cost": 0.0, "Total Cost": 3.28, "Plan Rows": 1, "Plan Width": 21, "Index Cond": "(id = mi_idx.movie_id)", "Filter": "((production_year >= 2008) AND (production_year <= 2014))"}]}, {"Node Type": "Index Scan", "Parent Relationship": "Inner", "Scan Direction": "Forward", "Index Name": "movie_id_movie_info", "Relation Name": "movie_info", "Alias": "mi", "Startup Cost": 0.0, "Total Cost": 1.41, "Plan Rows": 1, "Plan Width": 50, "Index Cond": "(movie_id = t.id)", "Filter": "((note IS NULL) AND ((info)::text = ANY ('{Horror,Thriller}'::text[])))"}]}, {"Node Type": "Hash", "Parent Relationship": "Inner", "Startup Cost": 14.21, "Total Cost": 14.21, "Plan Rows": 1, "Plan Width": 4, "Plans": [{"Node Type": "Index Scan", "Parent Relationship": "Outer", "Scan Direction": "Forward", "Index Name": "info_type_pkey", "Relation Name": "info_type", "Alias": "it1", "Startup Cost": 0.0, "Total Cost": 14.21, "Plan Rows": 1, "Plan Width": 4, "Filter": "((info)::text = 'genres'::text)"}]}]}, {"Node Type": "Index Scan", "Parent Relationship": "Inner", "Scan Direction": "Forward", "Index Name": "movie_id_cast_info", "Relation Name": "cast_info", "Alias": "ci", "Startup Cost": 0.0, "Total Cost": 2.34, "Plan Rows": 1, "Plan Width": 8, "Index Cond": "(movie_id = t.id)", "Filter": "((note)::text = ANY ('{(writer),\"(head writer)\",\"(written by)\",(story),\"(story editor)\"}'::text[]))"}]}, {"Node Type": "Index Scan", "Parent Relationship": "Inner", "Scan Direction": "Forward", "Index Name": "name_pkey", "Relation Name": "name", "Alias": "n", "Startup Cost": 0.0, "Total Cost": 0.49, "Plan Rows": 1, "Plan Width": 4, "Index Cond": "(id = ci.person_id)", "Filter": "((gender IS NOT NULL) AND ((gender)::text = 'f'::text))"}]}]}, "Unique SQL Id": 661781350, "Planner Runtime": 23}, "explain_analyze_plan": {"Plan": {"Node Type": "Aggregate", "Strategy": "Plain", "Startup Cost": 84095.43, "Total Cost": 84095.44, "Plan Rows": 1, "Plan Width": 160, "Actual Startup Time": 648.238, "Actual Total Time": 648.238, "Actual Rows": 1, "Actual Loops": 1, "Plans": [{"Node Type": "Nested Loop", "Parent Relationship": "Outer", "Join Type": "Inner", "Startup Cost": 7433.27, "Total Cost": 84093.79, "Plan Rows": 219, "Plan Width": 64, "Actual Startup Time": 344.182, "Actual Total Time": 648.181, "Actual Rows": 11, "Actual Loops": 1, "Inner Unique": true, "Plans": [{"Node Type": "Nested Loop", "Parent Relationship": "Outer", "Join Type": "Inner", "Startup Cost": 7433.27, "Total Cost": 83932.79, "Plan Rows": 321, "Plan Width": 68, "Actual Startup Time": 126.412, "Actual Total Time": 645.262, "Actual Rows": 268, "Actual Loops": 1, "Inner Unique": false, "Plans": [{"Node Type": "Hash Join", "Parent Relationship": "Outer", "Join Type": "Inner", "Startup Cost": 7433.27, "Total Cost": 83247.77, "Plan Rows": 291, "Plan Width": 76, "Actual Startup Time": 66.484, "Actual Total Time": 608.644, "Actual Rows": 358, "Actual Loops": 1, "Inner Unique": true, "Hash Cond": "(mi.info_type_id = it1.id)", "Plans": [{"Node Type": "Nested Loop", "Parent Relationship": "Outer", "Join Type": "Inner", "Startup Cost": 7419.04, "Total Cost": 83197.12, "Plan Rows": 13753, "Plan Width": 80, "Actual Startup Time": 66.347, "Actual Total Time": 608.129, "Actual Rows": 358, "Actual Loops": 1, "Inner Unique": false, "Plans": [{"Node Type": "Nested Loop", "Parent Relationship": "Outer", "Join Type": "Inner", "Startup Cost": 7419.04, "Total Cost": 61824.99, "Plan Rows": 15041, "Plan Width": 30, "Actual Startup Time": 59.844, "Actual Total Time": 442.821, "Actual Rows": 6152, "Actual Loops": 1, "Inner Unique": true, "Plans": [{"Node Type": "Nested Loop", "Parent Relationship": "Outer", "Join Type": "Inner", "Startup Cost": 7419.04, "Total Cost": 19211.73, "Plan Rows": 12936, "Plan Width": 9, "Actual Startup Time": 58.395, "Actual Total Time": 350.431, "Actual Rows": 15849, "Actual Loops": 1, "Inner Unique": false, "Plans": [{"Node Type": "Index Scan", "Parent Relationship": "Outer", "Scan Direction": "Forward", "Index Name": "info_type_pkey", "Relation Name": "info_type", "Alias": "it2", "Startup Cost": 0.0, "Total Cost": 14.21, "Plan Rows": 1, "Plan Width": 4, "Actual Startup Time": 0.048, "Actual Total Time": 0.06, "Actual Rows": 1, "Actual Loops": 1, "Filter": "((info)::text = 'rating'::text)", "Rows Removed by Filter": 111}, {"Node Type": "Bitmap Heap Scan", "Parent Relationship": "Inner", "Relation Name": "movie_info_idx", "Alias": "mi_idx", "Startup Cost": 7419.04, "Total Cost": 19068.16, "Plan Rows": 12936, "Plan Width": 13, "Actual Startup Time": 58.34, "Actual Total Time": 346.566, "Actual Rows": 15849, "Actual Loops": 1, "Recheck Cond": "(info_type_id = it2.id)", "Rows Removed by Index Recheck": 0, "Filter": "((info)::text > '8.0'::text)", "Rows Removed by Filter": 444076, "Exact Heap Blocks": 6472, "Lossy Heap Blocks": 6472, "Plans": [{"Node Type": "Bitmap Index Scan", "Parent Relationship": "Outer", "Index Name": "info_type_id_movie_info_idx", "Startup Cost": 0.0, "Total Cost": 7415.81, "Plan Rows": 345008, "Plan Width": 0, "Actual Startup Time": 57.089, "Actual Total Time": 57.089, "Actual Rows": 459925, "Actual Loops": 1, "Index Cond": "(info_type_id = it2.id)"}]}]}, {"Node Type": "Index Scan", "Parent Relationship": "Inner", "Scan Direction": "Forward", "Index Name": "title_pkey", "Relation Name": "title", "Alias": "t", "Startup Cost": 0.0, "Total Cost": 3.28, "Plan Rows": 1, "Plan Width": 21, "Actual Startup Time": 82.239, "Actual Total Time": 82.239, "Actual Rows": 6152, "Actual Loops": 15849, "Index Cond": "(id = mi_idx.movie_id)", "Rows Removed by Index Recheck": 0, "Filter": "((production_year >= 2008) AND (production_year <= 2014))", "Rows Removed by Filter": 9697}]}, {"Node Type": "Index Scan", "Parent Relationship": "Inner", "Scan Direction": "Forward", "Index Name": "movie_id_movie_info", "Relation Name": "movie_info", "Alias": "mi", "Startup Cost": 0.0, "Total Cost": 1.41, "Plan Rows": 1, "Plan Width": 50, "Actual Startup Time": 161.568, "Actual Total Time": 161.874, "Actual Rows": 358, "Actual Loops": 6152, "Index Cond": "(movie_id = t.id)", "Rows Removed by Index Recheck": 0, "Filter": "((note IS NULL) AND ((info)::text = ANY ('{Horror,Thriller}'::text[])))", "Rows Removed by Filter": 109599}]}, {"Node Type": "Hash", "Parent Relationship": "Inner", "Startup Cost": 14.21, "Total Cost": 14.21, "Plan Rows": 1, "Plan Width": 4, "Actual Startup Time": 0.084, "Actual Total Time": 0.084, "Actual Rows": 1, "Actual Loops": 1, "Hash Buckets": 32768, "Hash Batches": 1, "Original Hash Batches": 1, "Peak Memory Usage": 1, "Plans": [{"Node Type": "Index Scan", "Parent Relationship": "Outer", "Scan Direction": "Forward", "Index Name": "info_type_pkey", "Relation Name": "info_type", "Alias": "it1", "Startup Cost": 0.0, "Total Cost": 14.21, "Plan Rows": 1, "Plan Width": 4, "Actual Startup Time": 0.028, "Actual Total Time": 0.076, "Actual Rows": 1, "Actual Loops": 1, "Filter": "((info)::text = 'genres'::text)", "Rows Removed by Filter": 111}]}]}, {"Node Type": "Index Scan", "Parent Relationship": "Inner", "Scan Direction": "Forward", "Index Name": "movie_id_cast_info", "Relation Name": "cast_info", "Alias": "ci", "Startup Cost": 0.0, "Total Cost": 2.34, "Plan Rows": 1, "Plan Width": 8, "Actual Startup Time": 28.409, "Actual Total Time": 36.151, "Actual Rows": 268, "Actual Loops": 358, "Index Cond": "(movie_id = t.id)", "Rows Removed by Index Recheck": 0, "Filter": "((note)::text = ANY ('{(writer),\"(head writer)\",\"(written by)\",(story),\"(story editor)\"}'::text[]))", "Rows Removed by Filter": 12296}]}, {"Node Type": "Index Scan", "Parent Relationship": "Inner", "Scan Direction": "Forward", "Index Name": "name_pkey", "Relation Name": "name", "Alias": "n", "Startup Cost": 0.0, "Total Cost": 0.49, "Plan Rows": 1, "Plan Width": 4, "Actual Startup Time": 2.664, "Actual Total Time": 2.664, "Actual Rows": 11, "Actual Loops": 268, "Index Cond": "(id = ci.person_id)", "Rows Removed by Index Recheck": 0, "Filter": "((gender IS NOT NULL) AND ((gender)::text = 'f'::text))", "Rows Removed by Filter": 257}]}]}, "Triggers": [], "Planner Runtime": 23.271, "Total Runtime": 648.592, "Unique SQL Id": 661781350}}, "(16, '66')": {"explain_plan": {"Plan": {"Node Type": "Aggregate", "Strategy": "Plain", "Startup Cost": 46176.09, "Total Cost": 46176.1, "Plan Rows": 1, "Plan Width": 160, "Plans": [{"Node Type": "Nested Loop", "Parent Relationship": "Outer", "Join Type": "Inner", "Startup Cost": 7.49, "Total Cost": 46174.45, "Plan Rows": 219, "Plan Width": 64, "Inner Unique": true, "Plans": [{"Node Type": "Nested Loop", "Parent Relationship": "Outer", "Join Type": "Inner", "Startup Cost": 7.19, "Total Cost": 44783.33, "Plan Rows": 321, "Plan Width": 68, "Inner Unique": false, "Plans": [{"Node Type": "Nested Loop", "Parent Relationship": "Outer", "Join Type": "Inner", "Startup Cost": 6.18, "Total Cost": 43290.15, "Plan Rows": 291, "Plan Width": 76, "Inner Unique": true, "Plans": [{"Node Type": "Hash Join", "Parent Relationship": "Outer", "Join Type": "Inner", "Startup Cost": 5.37, "Total Cost": 42082.71, "Plan Rows": 250, "Plan Width": 55, "Inner Unique": true, "Hash Cond": "(mi_idx.info_type_id = it2.id)", "Plans": [{"Node Type": "Nested Loop", "Parent Relationship": "Outer", "Join Type": "Inner", "Startup Cost": 2.96, "Total Cost": 42075.29, "Plan Rows": 999, "Plan Width": 59, "Inner Unique": false, "Plans": [{"Node Type": "Hash Join", "Parent Relationship": "Outer", "Join Type": "Inner", "Startup Cost": 2.41, "Total Cost": 37619.13, "Plan Rows": 971, "Plan Width": 46, "Inner Unique": true, "Hash Cond": "(mi.info_type_id = it1.id)", "Plans": [{"Node Type": "Streaming(type: LOCAL GATHER dop: 1/16)", "Parent Relationship": "Outer", "Startup Cost": 0.0, "Total Cost": 37352.11, "Plan Rows": 67971, "Plan Width": 50, "Plans": [{"Node Type": "Seq Scan", "Parent Relationship": "Outer", "Relation Name": "movie_info", "Alias": "mi", "Startup Cost": 0.0, "Total Cost": 35885.16, "Plan Rows": 67971, "Plan Width": 50, "Filter": "((note IS NULL) AND ((info)::text = ANY ('{Horror,Thriller}'::text[])))"}]}, {"Node Type": "Hash", "Parent Relationship": "Inner", "Startup Cost": 2.4, "Total Cost": 2.4, "Plan Rows": 1, "Plan Width": 4, "Plans": [{"Node Type": "Seq Scan", "Parent Relationship": "Outer", "Relation Name": "info_type", "Alias": "it1", "Startup Cost": 0.0, "Total Cost": 2.4, "Plan Rows": 1, "Plan Width": 4, "Filter": "((info)::text = 'genres'::text)"}]}]}, {"Node Type": "Bitmap Heap Scan", "Parent Relationship": "Inner", "Relation Name": "movie_info_idx", "Alias": "mi_idx", "Startup Cost": 0.55, "Total Cost": 4.58, "Plan Rows": 1, "Plan Width": 13, "Recheck Cond": "(movie_id = mi.movie_id)", "Filter": "((info)::text > '8.0'::text)", "Plans": [{"Node Type": "Bitmap Index Scan", "Parent Relationship": "Outer", "Index Name": "movie_id_movie_info_idx", "Startup Cost": 0.0, "Total Cost": 0.55, "Plan Rows": 2, "Plan Width": 0, "Index Cond": "(movie_id = mi.movie_id)"}]}]}, {"Node Type": "Hash", "Parent Relationship": "Inner", "Startup Cost": 2.4, "Total Cost": 2.4, "Plan Rows": 1, "Plan Width": 4, "Plans": [{"Node Type": "Seq Scan", "Parent Relationship": "Outer", "Relation Name": "info_type", "Alias": "it2", "Startup Cost": 0.0, "Total Cost": 2.4, "Plan Rows": 1, "Plan Width": 4, "Filter": "((info)::text = 'rating'::text)"}]}]}, {"Node Type": "Bitmap Heap Scan", "Parent Relationship": "Inner", "Relation Name": "title", "Alias": "t", "Startup Cost": 0.8, "Total Cost": 4.82, "Plan Rows": 1, "Plan Width": 21, "Recheck Cond": "(id = mi.movie_id)", "Filter": "((production_year >= 2008) AND (production_year <= 2014))", "Plans": [{"Node Type": "Bitmap Index Scan", "Parent Relationship": "Outer", "Index Name": "title_pkey", "Startup Cost": 0.0, "Total Cost": 0.8, "Plan Rows": 1, "Plan Width": 0, "Index Cond": "(id = mi.movie_id)"}]}]}, {"Node Type": "Bitmap Heap Scan", "Parent Relationship": "Inner", "Relation Name": "cast_info", "Alias": "ci", "Startup Cost": 1.01, "Total Cost": 5.12, "Plan Rows": 1, "Plan Width": 8, "Recheck Cond": "(movie_id = t.id)", "Filter": "((note)::text = ANY ('{(writer),\"(head writer)\",\"(written by)\",(story),\"(story editor)\"}'::text[]))", "Plans": [{"Node Type": "Bitmap Index Scan", "Parent Relationship": "Outer", "Index Name": "movie_id_cast_info", "Startup Cost": 0.0, "Total Cost": 1.01, "Plan Rows": 6, "Plan Width": 0, "Index Cond": "(movie_id = t.id)"}]}]}, {"Node Type": "Bitmap Heap Scan", "Parent Relationship": "Inner", "Relation Name": "name", "Alias": "n", "Startup Cost": 0.31, "Total Cost": 4.32, "Plan Rows": 1, "Plan Width": 4, "Recheck Cond": "(id = ci.person_id)", "Filter": "((gender IS NOT NULL) AND ((gender)::text = 'f'::text))", "Plans": [{"Node Type": "Bitmap Index Scan", "Parent Relationship": "Outer", "Index Name": "name_pkey", "Startup Cost": 0.0, "Total Cost": 0.31, "Plan Rows": 1, "Plan Width": 0, "Index Cond": "(id = ci.person_id)"}]}]}]}, "Unique SQL Id": 661781350, "Planner Runtime": 81}, "explain_analyze_plan": {"Plan": {"Node Type": "Aggregate", "Strategy": "Plain", "Startup Cost": 46176.09, "Total Cost": 46176.1, "Plan Rows": 1, "Plan Width": 160, "Actual Min Startup Time": 860.741, "Actual Max Startup Time": 860.741, "Actual Min Total Time": 860.741, "Actual Max Total Time": 860.741, "Plans": [{"Node Type": "Nested Loop", "Parent Relationship": "Outer", "Join Type": "Inner", "Startup Cost": 7.49, "Total Cost": 46174.45, "Plan Rows": 219, "Plan Width": 64, "Actual Min Startup Time": 362.684, "Actual Max Startup Time": 362.684, "Actual Min Total Time": 860.666, "Actual Max Total Time": 860.666, "Inner Unique": true, "Plans": [{"Node Type": "Nested Loop", "Parent Relationship": "Outer", "Join Type": "Inner", "Startup Cost": 7.19, "Total Cost": 44783.33, "Plan Rows": 321, "Plan Width": 68, "Actual Min Startup Time": 358.358, "Actual Max Startup Time": 358.358, "Actual Min Total Time": 857.794, "Actual Max Total Time": 857.794, "Inner Unique": false, "Plans": [{"Node Type": "Nested Loop", "Parent Relationship": "Outer", "Join Type": "Inner", "Startup Cost": 6.18, "Total Cost": 43290.15, "Plan Rows": 291, "Plan Width": 76, "Actual Min Startup Time": 356.35, "Actual Max Startup Time": 356.35, "Actual Min Total Time": 825.102, "Actual Max Total Time": 825.102, "Inner Unique": true, "Plans": [{"Node Type": "Hash Join", "Parent Relationship": "Outer", "Join Type": "Inner", "Startup Cost": 5.37, "Total Cost": 42082.71, "Plan Rows": 250, "Plan Width": 55, "Actual Min Startup Time": 356.324, "Actual Max Startup Time": 356.324, "Actual Min Total Time": 818.704, "Actual Max Total Time": 818.704, "Inner Unique": true, "Hash Cond": "(mi_idx.info_type_id = it2.id)", "Plans": [{"Node Type": "Nested Loop", "Parent Relationship": "Outer", "Join Type": "Inner", "Startup Cost": 2.96, "Total Cost": 42075.29, "Plan Rows": 999, "Plan Width": 59, "Actual Min Startup Time": 356.052, "Actual Max Startup Time": 356.052, "Actual Min Total Time": 817.29, "Actual Max Total Time": 817.29, "Inner Unique": false, "Plans": [{"Node Type": "Hash Join", "Parent Relationship": "Outer", "Join Type": "Inner", "Startup Cost": 2.41, "Total Cost": 37619.13, "Plan Rows": 971, "Plan Width": 46, "Actual Min Startup Time": 355.927, "Actual Max Startup Time": 355.927, "Actual Min Total Time": 423.314, "Actual Max Total Time": 423.314, "Inner Unique": true, "Hash Cond": "(mi.info_type_id = it1.id)", "Plans": [{"Node Type": "Streaming(type: LOCAL GATHER dop: 1/16)", "Parent Relationship": "Outer", "Startup Cost": 0.0, "Total Cost": 37352.11, "Plan Rows": 67971, "Plan Width": 50, "Actual Min Startup Time": 264.487, "Actual Max Startup Time": 264.487, "Actual Min Total Time": 384.421, "Actual Max Total Time": 384.421, "Plans": [{"Node Type": "Seq Scan", "Parent Relationship": "Outer", "Relation Name": "movie_info", "Alias": "mi", "Startup Cost": 0.0, "Total Cost": 35885.16, "Plan Rows": 67971, "Plan Width": 50, "Actual Min Startup Time": 238.026, "Actual Max Startup Time": 341.873, "Actual Min Total Time": 384.354, "Actual Max Total Time": 396.42, "Filter": "((note IS NULL) AND ((info)::text = ANY ('{Horror,Thriller}'::text[])))", "Rows Removed by Filter": 14762672, "Actual Rows": 73047}], "Actual Rows": 73047}, {"Node Type": "Hash", "Parent Relationship": "Inner", "Startup Cost": 2.4, "Total Cost": 2.4, "Plan Rows": 1, "Plan Width": 4, "Actual Min Startup Time": 0.059, "Actual Max Startup Time": 0.059, "Actual Min Total Time": 0.059, "Actual Max Total Time": 0.059, "Max Hash Buckets": 32768, "Min Hash Buckets": 32768, "Max Hash Batches": 1, "Min Hash Batches": 1, "Max Original Hash Batches": 1, "Min Original Hash Batches": 1, "Max Peak Memory Usage": 1, "min Peak Memory Usage": 1, "Plans": [{"Node Type": "Seq Scan", "Parent Relationship": "Outer", "Relation Name": "info_type", "Alias": "it1", "Startup Cost": 0.0, "Total Cost": 2.4, "Plan Rows": 1, "Plan Width": 4, "Actual Min Startup Time": 0.033, "Actual Max Startup Time": 0.033, "Actual Min Total Time": 0.057, "Actual Max Total Time": 0.057, "Filter": "((info)::text = 'genres'::text)", "Rows Removed by Filter": 111, "Actual Rows": 1}], "Actual Rows": 1}], "Actual Rows": 72258}, {"Node Type": "Bitmap Heap Scan", "Parent Relationship": "Inner", "Relation Name": "movie_info_idx", "Alias": "mi_idx", "Startup Cost": 0.55, "Total Cost": 4.58, "Plan Rows": 1, "Plan Width": 13, "Actual Min Startup Time": 312.169, "Actual Max Startup Time": 312.169, "Actual Min Total Time": 313.91, "Actual Max Total Time": 313.91, "Recheck Cond": "(movie_id = mi.movie_id)", "Rows Removed by Index Recheck": 0, "Filter": "((info)::text > '8.0'::text)", "Rows Removed by Filter": 113143, "Exact Heap Blocks": 39507, "Lossy Heap Blocks": 39507, "Plans": [{"Node Type": "Bitmap Index Scan", "Parent Relationship": "Outer", "Index Name": "movie_id_movie_info_idx", "Startup Cost": 0.0, "Total Cost": 0.55, "Plan Rows": 2, "Plan Width": 0, "Actual Min Startup Time": 181.386, "Actual Max Startup Time": 181.386, "Actual Min Total Time": 181.386, "Actual Max Total Time": 181.386, "Index Cond": "(movie_id = mi.movie_id)", "Actual Rows": 117278}], "Actual Rows": 4135}], "Actual Rows": 4135}, {"Node Type": "Hash", "Parent Relationship": "Inner", "Startup Cost": 2.4, "Total Cost": 2.4, "Plan Rows": 1, "Plan Width": 4, "Actual Min Startup Time": 0.102, "Actual Max Startup Time": 0.102, "Actual Min Total Time": 0.102, "Actual Max Total Time": 0.102, "Max Hash Buckets": 32768, "Min Hash Buckets": 32768, "Max Hash Batches": 1, "Min Hash Batches": 1, "Max Original Hash Batches": 1, "Min Original Hash Batches": 1, "Max Peak Memory Usage": 1, "min Peak Memory Usage": 1, "Plans": [{"Node Type": "Seq Scan", "Parent Relationship": "Outer", "Relation Name": "info_type", "Alias": "it2", "Startup Cost": 0.0, "Total Cost": 2.4, "Plan Rows": 1, "Plan Width": 4, "Actual Min Startup Time": 0.08, "Actual Max Startup Time": 0.08, "Actual Min Total Time": 0.086, "Actual Max Total Time": 0.086, "Filter": "((info)::text = 'rating'::text)", "Rows Removed by Filter": 111, "Actual Rows": 1}], "Actual Rows": 1}], "Actual Rows": 732}, {"Node Type": "Bitmap Heap Scan", "Parent Relationship": "Inner", "Relation Name": "title", "Alias": "t", "Startup Cost": 0.8, "Total Cost": 4.82, "Plan Rows": 1, "Plan Width": 21, "Actual Min Startup Time": 5.268, "Actual Max Startup Time": 5.268, "Actual Min Total Time": 5.268, "Actual Max Total Time": 5.268, "Recheck Cond": "(id = mi.movie_id)", "Rows Removed by Index Recheck": 0, "Filter": "((production_year >= 2008) AND (production_year <= 2014))", "Rows Removed by Filter": 374, "Exact Heap Blocks": 732, "Lossy Heap Blocks": 732, "Plans": [{"Node Type": "Bitmap Index Scan", "Parent Relationship": "Outer", "Index Name": "title_pkey", "Startup Cost": 0.0, "Total Cost": 0.8, "Plan Rows": 1, "Plan Width": 0, "Actual Min Startup Time": 3.079, "Actual Max Startup Time": 3.079, "Actual Min Total Time": 3.079, "Actual Max Total Time": 3.079, "Index Cond": "(id = mi.movie_id)", "Actual Rows": 732}], "Actual Rows": 358}], "Actual Rows": 358}, {"Node Type": "Bitmap Heap Scan", "Parent Relationship": "Inner", "Relation Name": "cast_info", "Alias": "ci", "Startup Cost": 1.01, "Total Cost": 5.12, "Plan Rows": 1, "Plan Width": 8, "Actual Min Startup Time": 25.961, "Actual Max Startup Time": 25.961, "Actual Min Total Time": 31.757, "Actual Max Total Time": 31.757, "Recheck Cond": "(movie_id = t.id)", "Rows Removed by Index Recheck": 0, "Filter": "((note)::text = ANY ('{(writer),\"(head writer)\",\"(written by)\",(story),\"(story editor)\"}'::text[]))", "Rows Removed by Filter": 12296, "Exact Heap Blocks": 11454, "Lossy Heap Blocks": 11454, "Plans": [{"Node Type": "Bitmap Index Scan", "Parent Relationship": "Outer", "Index Name": "movie_id_cast_info", "Startup Cost": 0.0, "Total Cost": 1.01, "Plan Rows": 6, "Plan Width": 0, "Actual Min Startup Time": 4.772, "Actual Max Startup Time": 4.772, "Actual Min Total Time": 4.772, "Actual Max Total Time": 4.772, "Index Cond": "(movie_id = t.id)", "Actual Rows": 12564}], "Actual Rows": 268}], "Actual Rows": 268}, {"Node Type": "Bitmap Heap Scan", "Parent Relationship": "Inner", "Relation Name": "name", "Alias": "n", "Startup Cost": 0.31, "Total Cost": 4.32, "Plan Rows": 1, "Plan Width": 4, "Actual Min Startup Time": 2.334, "Actual Max Startup Time": 2.334, "Actual Min Total Time": 2.334, "Actual Max Total Time": 2.334, "Recheck Cond": "(id = ci.person_id)", "Rows Removed by Index Recheck": 0, "Filter": "((gender IS NOT NULL) AND ((gender)::text = 'f'::text))", "Rows Removed by Filter": 257, "Exact Heap Blocks": 268, "Lossy Heap Blocks": 268, "Plans": [{"Node Type": "Bitmap Index Scan", "Parent Relationship": "Outer", "Index Name": "name_pkey", "Startup Cost": 0.0, "Total Cost": 0.31, "Plan Rows": 1, "Plan Width": 0, "Actual Min Startup Time": 1.436, "Actual Max Startup Time": 1.436, "Actual Min Total Time": 1.436, "Actual Max Total Time": 1.436, "Index Cond": "(id = ci.person_id)", "Actual Rows": 268}], "Actual Rows": 11}], "Actual Rows": 11}], "Actual Rows": 1}, "Triggers": [], "Planner Runtime": 81.439, "Total Runtime": 863.69, "Unique SQL Id": 661781350}}, "(16, '67')": {"explain_plan": {"Plan": {"Node Type": "Aggregate", "Strategy": "Plain", "Startup Cost": 156974.22, "Total Cost": 156974.23, "Plan Rows": 1, "Plan Width": 160, "Plans": [{"Node Type": "Nested Loop", "Parent Relationship": "Outer", "Join Type": "Inner", "Startup Cost": 7444.95, "Total Cost": 156972.58, "Plan Rows": 219, "Plan Width": 64, "Inner Unique": true, "Plans": [{"Node Type": "Nested Loop", "Parent Relationship": "Outer", "Join Type": "Inner", "Startup Cost": 7444.64, "Total Cost": 155581.46, "Plan Rows": 321, "Plan Width": 68, "Inner Unique": false, "Plans": [{"Node Type": "Hash Join", "Parent Relationship": "Outer", "Join Type": "Inner", "Startup Cost": 7443.63, "Total Cost": 154088.28, "Plan Rows": 291, "Plan Width": 76, "Inner Unique": true, "Hash Cond": "(mi.info_type_id = it1.id)", "Plans": [{"Node Type": "Nested Loop", "Parent Relationship": "Outer", "Join Type": "Inner", "Startup Cost": 7429.41, "Total Cost": 154037.63, "Plan Rows": 13753, "Plan Width": 80, "Inner Unique": false, "Plans": [{"Node Type": "Nested Loop", "Parent Relationship": "Outer", "Join Type": "Inner", "Startup Cost": 7428.83, "Total Cost": 83898.37, "Plan Rows": 15041, "Plan Width": 30, "Inner Unique": true, "Plans": [{"Node Type": "Nested Loop", "Parent Relationship": "Outer", "Join Type": "Inner", "Startup Cost": 7427.85, "Total Cost": 19211.73, "Plan Rows": 12936, "Plan Width": 9, "Inner Unique": false, "Plans": [{"Node Type": "Bitmap Heap Scan", "Parent Relationship": "Outer", "Relation Name": "info_type", "Alias": "it2", "Startup Cost": 8.81, "Total Cost": 14.21, "Plan Rows": 1, "Plan Width": 4, "Filter": "((info)::text = 'rating'::text)", "Plans": [{"Node Type": "Bitmap Index Scan", "Parent Relationship": "Outer", "Index Name": "info_type_pkey", "Startup Cost": 0.0, "Total Cost": 8.81, "Plan Rows": 112, "Plan Width": 0}]}, {"Node Type": "Bitmap Heap Scan", "Parent Relationship": "Inner", "Relation Name": "movie_info_idx", "Alias": "mi_idx", "Startup Cost": 7419.04, "Total Cost": 19068.16, "Plan Rows": 12936, "Plan Width": 13, "Recheck Cond": "(info_type_id = it2.id)", "Filter": "((info)::text > '8.0'::text)", "Plans": [{"Node Type": "Bitmap Index Scan", "Parent Relationship": "Outer", "Index Name": "info_type_id_movie_info_idx", "Startup Cost": 0.0, "Total Cost": 7415.81, "Plan Rows": 345008, "Plan Width": 0, "Index Cond": "(info_type_id = it2.id)"}]}]}, {"Node Type": "Bitmap Heap Scan", "Parent Relationship": "Inner", "Relation Name": "title", "Alias": "t", "Startup Cost": 0.97, "Total Cost": 4.99, "Plan Rows": 1, "Plan Width": 21, "Recheck Cond": "(id = mi_idx.movie_id)", "Filter": "((production_year >= 2008) AND (production_year <= 2014))", "Plans": [{"Node Type": "Bitmap Index Scan", "Parent Relationship": "Outer", "Index Name": "title_pkey", "Startup Cost": 0.0, "Total Cost": 0.97, "Plan Rows": 1, "Plan Width": 0, "Index Cond": "(id = mi_idx.movie_id)"}]}]}, {"Node Type": "Bitmap Heap Scan", "Parent Relationship": "Inner", "Relation Name": "movie_info", "Alias": "mi", "Startup Cost": 0.58, "Total Cost": 4.65, "Plan Rows": 1, "Plan Width": 50, "Recheck Cond": "(movie_id = t.id)", "Filter": "((note IS NULL) AND ((info)::text = ANY ('{Horror,Thriller}'::text[])))", "Plans": [{"Node Type": "Bitmap Index Scan", "Parent Relationship": "Outer", "Index Name": "movie_id_movie_info", "Startup Cost": 0.0, "Total Cost": 0.58, "Plan Rows": 5, "Plan Width": 0, "Index Cond": "(movie_id = t.id)"}]}]}, {"Node Type": "Hash", "Parent Relationship": "Inner", "Startup Cost": 14.21, "Total Cost": 14.21, "Plan Rows": 1, "Plan Width": 4, "Plans": [{"Node Type": "Bitmap Heap Scan", "Parent Relationship": "Outer", "Relation Name": "info_type", "Alias": "it1", "Startup Cost": 8.81, "Total Cost": 14.21, "Plan Rows": 1, "Plan Width": 4, "Filter": "((info)::text = 'genres'::text)", "Plans": [{"Node Type": "Bitmap Index Scan", "Parent Relationship": "Outer", "Index Name": "info_type_pkey", "Startup Cost": 0.0, "Total Cost": 8.81, "Plan Rows": 112, "Plan Width": 0}]}]}]}, {"Node Type": "Bitmap Heap Scan", "Parent Relationship": "Inner", "Relation Name": "cast_info", "Alias": "ci", "Startup Cost": 1.01, "Total Cost": 5.12, "Plan Rows": 1, "Plan Width": 8, "Recheck Cond": "(movie_id = t.id)", "Filter": "((note)::text = ANY ('{(writer),\"(head writer)\",\"(written by)\",(story),\"(story editor)\"}'::text[]))", "Plans": [{"Node Type": "Bitmap Index Scan", "Parent Relationship": "Outer", "Index Name": "movie_id_cast_info", "Startup Cost": 0.0, "Total Cost": 1.01, "Plan Rows": 6, "Plan Width": 0, "Index Cond": "(movie_id = t.id)"}]}]}, {"Node Type": "Bitmap Heap Scan", "Parent Relationship": "Inner", "Relation Name": "name", "Alias": "n", "Startup Cost": 0.31, "Total Cost": 4.32, "Plan Rows": 1, "Plan Width": 4, "Recheck Cond": "(id = ci.person_id)", "Filter": "((gender IS NOT NULL) AND ((gender)::text = 'f'::text))", "Plans": [{"Node Type": "Bitmap Index Scan", "Parent Relationship": "Outer", "Index Name": "name_pkey", "Startup Cost": 0.0, "Total Cost": 0.31, "Plan Rows": 1, "Plan Width": 0, "Index Cond": "(id = ci.person_id)"}]}]}]}, "Unique SQL Id": 661781350, "Planner Runtime": 23}, "explain_analyze_plan": {"Plan": {"Node Type": "Aggregate", "Strategy": "Plain", "Startup Cost": 156974.22, "Total Cost": 156974.23, "Plan Rows": 1, "Plan Width": 160, "Actual Startup Time": 612.351, "Actual Total Time": 612.352, "Actual Rows": 1, "Actual Loops": 1, "Plans": [{"Node Type": "Nested Loop", "Parent Relationship": "Outer", "Join Type": "Inner", "Startup Cost": 7444.95, "Total Cost": 156972.58, "Plan Rows": 219, "Plan Width": 64, "Actual Startup Time": 356.01, "Actual Total Time": 612.285, "Actual Rows": 11, "Actual Loops": 1, "Inner Unique": true, "Plans": [{"Node Type": "Nested Loop", "Parent Relationship": "Outer", "Join Type": "Inner", "Startup Cost": 7444.64, "Total Cost": 155581.46, "Plan Rows": 321, "Plan Width": 68, "Actual Startup Time": 136.924, "Actual Total Time": 609.535, "Actual Rows": 268, "Actual Loops": 1, "Inner Unique": false, "Plans": [{"Node Type": "Hash Join", "Parent Relationship": "Outer", "Join Type": "Inner", "Startup Cost": 7443.63, "Total Cost": 154088.28, "Plan Rows": 291, "Plan Width": 76, "Actual Startup Time": 66.709, "Actual Total Time": 577.719, "Actual Rows": 358, "Actual Loops": 1, "Inner Unique": true, "Hash Cond": "(mi.info_type_id = it1.id)", "Plans": [{"Node Type": "Nested Loop", "Parent Relationship": "Outer", "Join Type": "Inner", "Startup Cost": 7429.41, "Total Cost": 154037.63, "Plan Rows": 13753, "Plan Width": 80, "Actual Startup Time": 66.57, "Actual Total Time": 576.994, "Actual Rows": 358, "Actual Loops": 1, "Inner Unique": false, "Plans": [{"Node Type": "Nested Loop", "Parent Relationship": "Outer", "Join Type": "Inner", "Startup Cost": 7428.83, "Total Cost": 83898.37, "Plan Rows": 15041, "Plan Width": 30, "Actual Startup Time": 59.097, "Actual Total Time": 407.312, "Actual Rows": 6152, "Actual Loops": 1, "Inner Unique": true, "Plans": [{"Node Type": "Nested Loop", "Parent Relationship": "Outer", "Join Type": "Inner", "Startup Cost": 7427.85, "Total Cost": 19211.73, "Plan Rows": 12936, "Plan Width": 9, "Actual Startup Time": 57.403, "Actual Total Time": 302.866, "Actual Rows": 15849, "Actual Loops": 1, "Inner Unique": false, "Plans": [{"Node Type": "Bitmap Heap Scan", "Parent Relationship": "Outer", "Relation Name": "info_type", "Alias": "it2", "Startup Cost": 8.81, "Total Cost": 14.21, "Plan Rows": 1, "Plan Width": 4, "Actual Startup Time": 0.052, "Actual Total Time": 0.057, "Actual Rows": 1, "Actual Loops": 1, "Filter": "((info)::text = 'rating'::text)", "Rows Removed by Filter": 111, "Exact Heap Blocks": 1, "Lossy Heap Blocks": 1, "Plans": [{"Node Type": "Bitmap Index Scan", "Parent Relationship": "Outer", "Index Name": "info_type_pkey", "Startup Cost": 0.0, "Total Cost": 8.81, "Plan Rows": 112, "Plan Width": 0, "Actual Startup Time": 0.009, "Actual Total Time": 0.009, "Actual Rows": 112, "Actual Loops": 1}]}, {"Node Type": "Bitmap Heap Scan", "Parent Relationship": "Inner", "Relation Name": "movie_info_idx", "Alias": "mi_idx", "Startup Cost": 7419.04, "Total Cost": 19068.16, "Plan Rows": 12936, "Plan Width": 13, "Actual Startup Time": 57.346, "Actual Total Time": 299.014, "Actual Rows": 15849, "Actual Loops": 1, "Recheck Cond": "(info_type_id = it2.id)", "Rows Removed by Index Recheck": 0, "Filter": "((info)::text > '8.0'::text)", "Rows Removed by Filter": 444076, "Exact Heap Blocks": 6472, "Lossy Heap Blocks": 6472, "Plans": [{"Node Type": "Bitmap Index Scan", "Parent Relationship": "Outer", "Index Name": "info_type_id_movie_info_idx", "Startup Cost": 0.0, "Total Cost": 7415.81, "Plan Rows": 345008, "Plan Width": 0, "Actual Startup Time": 56.111, "Actual Total Time": 56.111, "Actual Rows": 459925, "Actual Loops": 1, "Index Cond": "(info_type_id = it2.id)"}]}]}, {"Node Type": "Bitmap Heap Scan", "Parent Relationship": "Inner", "Relation Name": "title", "Alias": "t", "Startup Cost": 0.97, "Total Cost": 4.99, "Plan Rows": 1, "Plan Width": 21, "Actual Startup Time": 83.565, "Actual Total Time": 83.565, "Actual Rows": 6152, "Actual Loops": 15849, "Recheck Cond": "(id = mi_idx.movie_id)", "Rows Removed by Index Recheck": 0, "Filter": "((production_year >= 2008) AND (production_year <= 2014))", "Rows Removed by Filter": 9697, "Exact Heap Blocks": 15849, "Lossy Heap Blocks": 15849, "Plans": [{"Node Type": "Bitmap Index Scan", "Parent Relationship": "Outer", "Index Name": "title_pkey", "Startup Cost": 0.0, "Total Cost": 0.97, "Plan Rows": 1, "Plan Width": 0, "Actual Startup Time": 44.673, "Actual Total Time": 44.673, "Actual Rows": 15849, "Actual Loops": 15849, "Index Cond": "(id = mi_idx.movie_id)"}]}]}, {"Node Type": "Bitmap Heap Scan", "Parent Relationship": "Inner", "Relation Name": "movie_info", "Alias": "mi", "Startup Cost": 0.58, "Total Cost": 4.65, "Plan Rows": 1, "Plan Width": 50, "Actual Startup Time": 161.421, "Actual Total Time": 161.578, "Actual Rows": 358, "Actual Loops": 6152, "Recheck Cond": "(movie_id = t.id)", "Rows Removed by Index Recheck": 0, "Filter": "((note IS NULL) AND ((info)::text = ANY ('{Horror,Thriller}'::text[])))", "Rows Removed by Filter": 109599, "Exact Heap Blocks": 52726, "Lossy Heap Blocks": 52726, "Plans": [{"Node Type": "Bitmap Index Scan", "Parent Relationship": "Outer", "Index Name": "movie_id_movie_info", "Startup Cost": 0.0, "Total Cost": 0.58, "Plan Rows": 5, "Plan Width": 0, "Actual Startup Time": 37.937, "Actual Total Time": 37.937, "Actual Rows": 109957, "Actual Loops": 6152, "Index Cond": "(movie_id = t.id)"}]}]}, {"Node Type": "Hash", "Parent Relationship": "Inner", "Startup Cost": 14.21, "Total Cost": 14.21, "Plan Rows": 1, "Plan Width": 4, "Actual Startup Time": 0.087, "Actual Total Time": 0.087, "Actual Rows": 1, "Actual Loops": 1, "Hash Buckets": 32768, "Hash Batches": 1, "Original Hash Batches": 1, "Peak Memory Usage": 1, "Plans": [{"Node Type": "Bitmap Heap Scan", "Parent Relationship": "Outer", "Relation Name": "info_type", "Alias": "it1", "Startup Cost": 8.81, "Total Cost": 14.21, "Plan Rows": 1, "Plan Width": 4, "Actual Startup Time": 0.056, "Actual Total Time": 0.079, "Actual Rows": 1, "Actual Loops": 1, "Filter": "((info)::text = 'genres'::text)", "Rows Removed by Filter": 111, "Exact Heap Blocks": 1, "Lossy Heap Blocks": 1, "Plans": [{"Node Type": "Bitmap Index Scan", "Parent Relationship": "Outer", "Index Name": "info_type_pkey", "Startup Cost": 0.0, "Total Cost": 8.81, "Plan Rows": 112, "Plan Width": 0, "Actual Startup Time": 0.015, "Actual Total Time": 0.015, "Actual Rows": 112, "Actual Loops": 1}]}]}]}, {"Node Type": "Bitmap Heap Scan", "Parent Relationship": "Inner", "Relation Name": "cast_info", "Alias": "ci", "Startup Cost": 1.01, "Total Cost": 5.12, "Plan Rows": 1, "Plan Width": 8, "Actual Startup Time": 25.159, "Actual Total Time": 30.753, "Actual Rows": 268, "Actual Loops": 358, "Recheck Cond": "(movie_id = t.id)", "Rows Removed by Index Recheck": 0, "Filter": "((note)::text = ANY ('{(writer),\"(head writer)\",\"(written by)\",(story),\"(story editor)\"}'::text[]))", "Rows Removed by Filter": 12296, "Exact Heap Blocks": 11454, "Lossy Heap Blocks": 11454, "Plans": [{"Node Type": "Bitmap Index Scan", "Parent Relationship": "Outer", "Index Name": "movie_id_cast_info", "Startup Cost": 0.0, "Total Cost": 1.01, "Plan Rows": 6, "Plan Width": 0, "Actual Startup Time": 4.731, "Actual Total Time": 4.731, "Actual Rows": 12564, "Actual Loops": 358, "Index Cond": "(movie_id = t.id)"}]}]}, {"Node Type": "Bitmap Heap Scan", "Parent Relationship": "Inner", "Relation Name": "name", "Alias": "n", "Startup Cost": 0.31, "Total Cost": 4.32, "Plan Rows": 1, "Plan Width": 4, "Actual Startup Time": 2.222, "Actual Total Time": 2.222, "Actual Rows": 11, "Actual Loops": 268, "Recheck Cond": "(id = ci.person_id)", "Rows Removed by Index Recheck": 0, "Filter": "((gender IS NOT NULL) AND ((gender)::text = 'f'::text))", "Rows Removed by Filter": 257, "Exact Heap Blocks": 268, "Lossy Heap Blocks": 268, "Plans": [{"Node Type": "Bitmap Index Scan", "Parent Relationship": "Outer", "Index Name": "name_pkey", "Startup Cost": 0.0, "Total Cost": 0.31, "Plan Rows": 1, "Plan Width": 0, "Actual Startup Time": 1.377, "Actual Total Time": 1.377, "Actual Rows": 268, "Actual Loops": 268, "Index Cond": "(id = ci.person_id)"}]}]}]}, "Triggers": [], "Planner Runtime": 22.993, "Total Runtime": 612.681, "Unique SQL Id": 661781350}}, "(16, '68')": {"explain_plan": {"Plan": {"Node Type": "Aggregate", "Strategy": "Plain", "Startup Cost": 40404.31, "Total Cost": 40404.32, "Plan Rows": 1, "Plan Width": 160, "Plans": [{"Node Type": "Nested Loop", "Parent Relationship": "Outer", "Join Type": "Inner", "Startup Cost": 2.41, "Total Cost": 40402.67, "Plan Rows": 219, "Plan Width": 64, "Inner Unique": true, "Plans": [{"Node Type": "Nested Loop", "Parent Relationship": "Outer", "Join Type": "Inner", "Startup Cost": 2.41, "Total Cost": 40241.67, "Plan Rows": 321, "Plan Width": 68, "Inner Unique": false, "Plans": [{"Node Type": "Nested Loop", "Parent Relationship": "Outer", "Join Type": "Inner", "Startup Cost": 2.41, "Total Cost": 39556.65, "Plan Rows": 291, "Plan Width": 76, "Inner Unique": true, "Plans": [{"Node Type": "Nested Loop", "Parent Relationship": "Outer", "Join Type": "Inner", "Startup Cost": 2.41, "Total Cost": 38843.44, "Plan Rows": 250, "Plan Width": 55, "Inner Unique": true, "Plans": [{"Node Type": "Nested Loop", "Parent Relationship": "Outer", "Join Type": "Inner", "Startup Cost": 2.41, "Total Cost": 38560.99, "Plan Rows": 999, "Plan Width": 59, "Inner Unique": false, "Plans": [{"Node Type": "Hash Join", "Parent Relationship": "Outer", "Join Type": "Inner", "Startup Cost": 2.41, "Total Cost": 37619.13, "Plan Rows": 971, "Plan Width": 46, "Inner Unique": true, "Hash Cond": "(mi.info_type_id = it1.id)", "Plans": [{"Node Type": "Streaming(type: LOCAL GATHER dop: 1/16)", "Parent Relationship": "Outer", "Startup Cost": 0.0, "Total Cost": 37352.11, "Plan Rows": 67971, "Plan Width": 50, "Plans": [{"Node Type": "Seq Scan", "Parent Relationship": "Outer", "Relation Name": "movie_info", "Alias": "mi", "Startup Cost": 0.0, "Total Cost": 35885.16, "Plan Rows": 67971, "Plan Width": 50, "Filter": "((note IS NULL) AND ((info)::text = ANY ('{Horror,Thriller}'::text[])))"}]}, {"Node Type": "Hash", "Parent Relationship": "Inner", "Startup Cost": 2.4, "Total Cost": 2.4, "Plan Rows": 1, "Plan Width": 4, "Plans": [{"Node Type": "Seq Scan", "Parent Relationship": "Outer", "Relation Name": "info_type", "Alias": "it1", "Startup Cost": 0.0, "Total Cost": 2.4, "Plan Rows": 1, "Plan Width": 4, "Filter": "((info)::text = 'genres'::text)"}]}]}, {"Node Type": "Index Scan", "Parent Relationship": "Inner", "Scan Direction": "Forward", "Index Name": "movie_id_movie_info_idx", "Relation Name": "movie_info_idx", "Alias": "mi_idx", "Startup Cost": 0.0, "Total Cost": 0.96, "Plan Rows": 1, "Plan Width": 13, "Index Cond": "(movie_id = mi.movie_id)", "Filter": "((info)::text > '8.0'::text)"}]}, {"Node Type": "Index Scan", "Parent Relationship": "Inner", "Scan Direction": "Forward", "Index Name": "info_type_pkey", "Relation Name": "info_type", "Alias": "it2", "Startup Cost": 0.0, "Total Cost": 0.27, "Plan Rows": 1, "Plan Width": 4, "Index Cond": "(id = mi_idx.info_type_id)", "Filter": "((info)::text = 'rating'::text)"}]}, {"Node Type": "Index Scan", "Parent Relationship": "Inner", "Scan Direction": "Forward", "Index Name": "title_pkey", "Relation Name": "title", "Alias": "t", "Startup Cost": 0.0, "Total Cost": 2.84, "Plan Rows": 1, "Plan Width": 21, "Index Cond": "(id = mi.movie_id)", "Filter": "((production_year >= 2008) AND (production_year <= 2014))"}]}, {"Node Type": "Index Scan", "Parent Relationship": "Inner", "Scan Direction": "Forward", "Index Name": "movie_id_cast_info", "Relation Name": "cast_info", "Alias": "ci", "Startup Cost": 0.0, "Total Cost": 2.34, "Plan Rows": 1, "Plan Width": 8, "Index Cond": "(movie_id = t.id)", "Filter": "((note)::text = ANY ('{(writer),\"(head writer)\",\"(written by)\",(story),\"(story editor)\"}'::text[]))"}]}, {"Node Type": "Index Scan", "Parent Relationship": "Inner", "Scan Direction": "Forward", "Index Name": "name_pkey", "Relation Name": "name", "Alias": "n", "Startup Cost": 0.0, "Total Cost": 0.49, "Plan Rows": 1, "Plan Width": 4, "Index Cond": "(id = ci.person_id)", "Filter": "((gender IS NOT NULL) AND ((gender)::text = 'f'::text))"}]}]}, "Unique SQL Id": 661781350, "Planner Runtime": 56}, "explain_analyze_plan": {"Plan": {"Node Type": "Aggregate", "Strategy": "Plain", "Startup Cost": 40404.31, "Total Cost": 40404.32, "Plan Rows": 1, "Plan Width": 160, "Actual Min Startup Time": 760.866, "Actual Max Startup Time": 760.866, "Actual Min Total Time": 760.866, "Actual Max Total Time": 760.866, "Plans": [{"Node Type": "Nested Loop", "Parent Relationship": "Outer", "Join Type": "Inner", "Startup Cost": 2.41, "Total Cost": 40402.67, "Plan Rows": 219, "Plan Width": 64, "Actual Min Startup Time": 365.571, "Actual Max Startup Time": 365.571, "Actual Min Total Time": 760.797, "Actual Max Total Time": 760.797, "Inner Unique": true, "Plans": [{"Node Type": "Nested Loop", "Parent Relationship": "Outer", "Join Type": "Inner", "Startup Cost": 2.41, "Total Cost": 40241.67, "Plan Rows": 321, "Plan Width": 68, "Actual Min Startup Time": 357.854, "Actual Max Startup Time": 357.854, "Actual Min Total Time": 758.632, "Actual Max Total Time": 758.632, "Inner Unique": false, "Plans": [{"Node Type": "Nested Loop", "Parent Relationship": "Outer", "Join Type": "Inner", "Startup Cost": 2.41, "Total Cost": 39556.65, "Plan Rows": 291, "Plan Width": 76, "Actual Min Startup Time": 356.081, "Actual Max Startup Time": 356.081, "Actual Min Total Time": 733.665, "Actual Max Total Time": 733.665, "Inner Unique": true, "Plans": [{"Node Type": "Nested Loop", "Parent Relationship": "Outer", "Join Type": "Inner", "Startup Cost": 2.41, "Total Cost": 38843.44, "Plan Rows": 250, "Plan Width": 55, "Actual Min Startup Time": 356.061, "Actual Max Startup Time": 356.061, "Actual Min Total Time": 728.846, "Actual Max Total Time": 728.846, "Inner Unique": true, "Plans": [{"Node Type": "Nested Loop", "Parent Relationship": "Outer", "Join Type": "Inner", "Startup Cost": 2.41, "Total Cost": 38560.99, "Plan Rows": 999, "Plan Width": 59, "Actual Min Startup Time": 355.951, "Actual Max Startup Time": 355.951, "Actual Min Total Time": 718.253, "Actual Max Total Time": 718.253, "Inner Unique": false, "Plans": [{"Node Type": "Hash Join", "Parent Relationship": "Outer", "Join Type": "Inner", "Startup Cost": 2.41, "Total Cost": 37619.13, "Plan Rows": 971, "Plan Width": 46, "Actual Min Startup Time": 355.852, "Actual Max Startup Time": 355.852, "Actual Min Total Time": 422.638, "Actual Max Total Time": 422.638, "Inner Unique": true, "Hash Cond": "(mi.info_type_id = it1.id)", "Plans": [{"Node Type": "Streaming(type: LOCAL GATHER dop: 1/16)", "Parent Relationship": "Outer", "Startup Cost": 0.0, "Total Cost": 37352.11, "Plan Rows": 67971, "Plan Width": 50, "Actual Min Startup Time": 270.363, "Actual Max Startup Time": 270.363, "Actual Min Total Time": 385.946, "Actual Max Total Time": 385.946, "Plans": [{"Node Type": "Seq Scan", "Parent Relationship": "Outer", "Relation Name": "movie_info", "Alias": "mi", "Startup Cost": 0.0, "Total Cost": 35885.16, "Plan Rows": 67971, "Plan Width": 50, "Actual Min Startup Time": 236.482, "Actual Max Startup Time": 342.262, "Actual Min Total Time": 383.658, "Actual Max Total Time": 397.806, "Filter": "((note IS NULL) AND ((info)::text = ANY ('{Horror,Thriller}'::text[])))", "Rows Removed by Filter": 14762672, "Actual Rows": 73047}], "Actual Rows": 73047}, {"Node Type": "Hash", "Parent Relationship": "Inner", "Startup Cost": 2.4, "Total Cost": 2.4, "Plan Rows": 1, "Plan Width": 4, "Actual Min Startup Time": 0.132, "Actual Max Startup Time": 0.132, "Actual Min Total Time": 0.132, "Actual Max Total Time": 0.132, "Max Hash Buckets": 32768, "Min Hash Buckets": 32768, "Max Hash Batches": 1, "Min Hash Batches": 1, "Max Original Hash Batches": 1, "Min Original Hash Batches": 1, "Max Peak Memory Usage": 1, "min Peak Memory Usage": 1, "Plans": [{"Node Type": "Seq Scan", "Parent Relationship": "Outer", "Relation Name": "info_type", "Alias": "it1", "Startup Cost": 0.0, "Total Cost": 2.4, "Plan Rows": 1, "Plan Width": 4, "Actual Min Startup Time": 0.088, "Actual Max Startup Time": 0.088, "Actual Min Total Time": 0.112, "Actual Max Total Time": 0.112, "Filter": "((info)::text = 'genres'::text)", "Rows Removed by Filter": 111, "Actual Rows": 1}], "Actual Rows": 1}], "Actual Rows": 72258}, {"Node Type": "Index Scan", "Parent Relationship": "Inner", "Scan Direction": "Forward", "Index Name": "movie_id_movie_info_idx", "Relation Name": "movie_info_idx", "Alias": "mi_idx", "Startup Cost": 0.0, "Total Cost": 0.96, "Plan Rows": 1, "Plan Width": 13, "Actual Min Startup Time": 256.604, "Actual Max Startup Time": 256.604, "Actual Min Total Time": 260.05, "Actual Max Total Time": 260.05, "Index Cond": "(movie_id = mi.movie_id)", "Rows Removed by Index Recheck": 0, "Filter": "((info)::text > '8.0'::text)", "Rows Removed by Filter": 113143, "Actual Rows": 4135}], "Actual Rows": 4135}, {"Node Type": "Index Scan", "Parent Relationship": "Inner", "Scan Direction": "Forward", "Index Name": "info_type_pkey", "Relation Name": "info_type", "Alias": "it2", "Startup Cost": 0.0, "Total Cost": 0.27, "Plan Rows": 1, "Plan Width": 4, "Actual Min Startup Time": 8.23, "Actual Max Startup Time": 8.23, "Actual Min Total Time": 8.23, "Actual Max Total Time": 8.23, "Index Cond": "(id = mi_idx.info_type_id)", "Rows Removed by Index Recheck": 0, "Filter": "((info)::text = 'rating'::text)", "Rows Removed by Filter": 3403, "Actual Rows": 732}], "Actual Rows": 732}, {"Node Type": "Index Scan", "Parent Relationship": "Inner", "Scan Direction": "Forward", "Index Name": "title_pkey", "Relation Name": "title", "Alias": "t", "Startup Cost": 0.0, "Total Cost": 2.84, "Plan Rows": 1, "Plan Width": 21, "Actual Min Startup Time": 4.163, "Actual Max Startup Time": 4.163, "Actual Min Total Time": 4.163, "Actual Max Total Time": 4.163, "Index Cond": "(id = mi.movie_id)", "Rows Removed by Index Recheck": 0, "Filter": "((production_year >= 2008) AND (production_year <= 2014))", "Rows Removed by Filter": 374, "Actual Rows": 358}], "Actual Rows": 358}, {"Node Type": "Index Scan", "Parent Relationship": "Inner", "Scan Direction": "Forward", "Index Name": "movie_id_cast_info", "Relation Name": "cast_info", "Alias": "ci", "Startup Cost": 0.0, "Total Cost": 2.34, "Plan Rows": 1, "Plan Width": 8, "Actual Min Startup Time": 19.408, "Actual Max Startup Time": 19.408, "Actual Min Total Time": 24.639, "Actual Max Total Time": 24.639, "Index Cond": "(movie_id = t.id)", "Rows Removed by Index Recheck": 0, "Filter": "((note)::text = ANY ('{(writer),\"(head writer)\",\"(written by)\",(story),\"(story editor)\"}'::text[]))", "Rows Removed by Filter": 12296, "Actual Rows": 268}], "Actual Rows": 268}, {"Node Type": "Index Scan", "Parent Relationship": "Inner", "Scan Direction": "Forward", "Index Name": "name_pkey", "Relation Name": "name", "Alias": "n", "Startup Cost": 0.0, "Total Cost": 0.49, "Plan Rows": 1, "Plan Width": 4, "Actual Min Startup Time": 1.937, "Actual Max Startup Time": 1.937, "Actual Min Total Time": 1.937, "Actual Max Total Time": 1.937, "Index Cond": "(id = ci.person_id)", "Rows Removed by Index Recheck": 0, "Filter": "((gender IS NOT NULL) AND ((gender)::text = 'f'::text))", "Rows Removed by Filter": 257, "Actual Rows": 11}], "Actual Rows": 11}], "Actual Rows": 1}, "Triggers": [], "Planner Runtime": 56.447, "Total Runtime": 763.624, "Unique SQL Id": 661781350}}, "(16, '69')": {"explain_plan": {"Plan": {"Node Type": "Aggregate", "Strategy": "Plain", "Startup Cost": 84095.43, "Total Cost": 84095.44, "Plan Rows": 1, "Plan Width": 160, "Plans": [{"Node Type": "Nested Loop", "Parent Relationship": "Outer", "Join Type": "Inner", "Startup Cost": 7433.27, "Total Cost": 84093.79, "Plan Rows": 219, "Plan Width": 64, "Inner Unique": true, "Plans": [{"Node Type": "Nested Loop", "Parent Relationship": "Outer", "Join Type": "Inner", "Startup Cost": 7433.27, "Total Cost": 83932.79, "Plan Rows": 321, "Plan Width": 68, "Inner Unique": false, "Plans": [{"Node Type": "Hash Join", "Parent Relationship": "Outer", "Join Type": "Inner", "Startup Cost": 7433.27, "Total Cost": 83247.77, "Plan Rows": 291, "Plan Width": 76, "Inner Unique": true, "Hash Cond": "(mi.info_type_id = it1.id)", "Plans": [{"Node Type": "Nested Loop", "Parent Relationship": "Outer", "Join Type": "Inner", "Startup Cost": 7419.04, "Total Cost": 83197.12, "Plan Rows": 13753, "Plan Width": 80, "Inner Unique": false, "Plans": [{"Node Type": "Nested Loop", "Parent Relationship": "Outer", "Join Type": "Inner", "Startup Cost": 7419.04, "Total Cost": 61824.99, "Plan Rows": 15041, "Plan Width": 30, "Inner Unique": true, "Plans": [{"Node Type": "Nested Loop", "Parent Relationship": "Outer", "Join Type": "Inner", "Startup Cost": 7419.04, "Total Cost": 19211.73, "Plan Rows": 12936, "Plan Width": 9, "Inner Unique": false, "Plans": [{"Node Type": "Index Scan", "Parent Relationship": "Outer", "Scan Direction": "Forward", "Index Name": "info_type_pkey", "Relation Name": "info_type", "Alias": "it2", "Startup Cost": 0.0, "Total Cost": 14.21, "Plan Rows": 1, "Plan Width": 4, "Filter": "((info)::text = 'rating'::text)"}, {"Node Type": "Bitmap Heap Scan", "Parent Relationship": "Inner", "Relation Name": "movie_info_idx", "Alias": "mi_idx", "Startup Cost": 7419.04, "Total Cost": 19068.16, "Plan Rows": 12936, "Plan Width": 13, "Recheck Cond": "(info_type_id = it2.id)", "Filter": "((info)::text > '8.0'::text)", "Plans": [{"Node Type": "Bitmap Index Scan", "Parent Relationship": "Outer", "Index Name": "info_type_id_movie_info_idx", "Startup Cost": 0.0, "Total Cost": 7415.81, "Plan Rows": 345008, "Plan Width": 0, "Index Cond": "(info_type_id = it2.id)"}]}]}, {"Node Type": "Index Scan", "Parent Relationship": "Inner", "Scan Direction": "Forward", "Index Name": "title_pkey", "Relation Name": "title", "Alias": "t", "Startup Cost": 0.0, "Total Cost": 3.28, "Plan Rows": 1, "Plan Width": 21, "Index Cond": "(id = mi_idx.movie_id)", "Filter": "((production_year >= 2008) AND (production_year <= 2014))"}]}, {"Node Type": "Index Scan", "Parent Relationship": "Inner", "Scan Direction": "Forward", "Index Name": "movie_id_movie_info", "Relation Name": "movie_info", "Alias": "mi", "Startup Cost": 0.0, "Total Cost": 1.41, "Plan Rows": 1, "Plan Width": 50, "Index Cond": "(movie_id = t.id)", "Filter": "((note IS NULL) AND ((info)::text = ANY ('{Horror,Thriller}'::text[])))"}]}, {"Node Type": "Hash", "Parent Relationship": "Inner", "Startup Cost": 14.21, "Total Cost": 14.21, "Plan Rows": 1, "Plan Width": 4, "Plans": [{"Node Type": "Index Scan", "Parent Relationship": "Outer", "Scan Direction": "Forward", "Index Name": "info_type_pkey", "Relation Name": "info_type", "Alias": "it1", "Startup Cost": 0.0, "Total Cost": 14.21, "Plan Rows": 1, "Plan Width": 4, "Filter": "((info)::text = 'genres'::text)"}]}]}, {"Node Type": "Index Scan", "Parent Relationship": "Inner", "Scan Direction": "Forward", "Index Name": "movie_id_cast_info", "Relation Name": "cast_info", "Alias": "ci", "Startup Cost": 0.0, "Total Cost": 2.34, "Plan Rows": 1, "Plan Width": 8, "Index Cond": "(movie_id = t.id)", "Filter": "((note)::text = ANY ('{(writer),\"(head writer)\",\"(written by)\",(story),\"(story editor)\"}'::text[]))"}]}, {"Node Type": "Index Scan", "Parent Relationship": "Inner", "Scan Direction": "Forward", "Index Name": "name_pkey", "Relation Name": "name", "Alias": "n", "Startup Cost": 0.0, "Total Cost": 0.49, "Plan Rows": 1, "Plan Width": 4, "Index Cond": "(id = ci.person_id)", "Filter": "((gender IS NOT NULL) AND ((gender)::text = 'f'::text))"}]}]}, "Unique SQL Id": 661781350, "Planner Runtime": 23}, "explain_analyze_plan": {"Plan": {"Node Type": "Aggregate", "Strategy": "Plain", "Startup Cost": 84095.43, "Total Cost": 84095.44, "Plan Rows": 1, "Plan Width": 160, "Actual Startup Time": 648.238, "Actual Total Time": 648.238, "Actual Rows": 1, "Actual Loops": 1, "Plans": [{"Node Type": "Nested Loop", "Parent Relationship": "Outer", "Join Type": "Inner", "Startup Cost": 7433.27, "Total Cost": 84093.79, "Plan Rows": 219, "Plan Width": 64, "Actual Startup Time": 344.182, "Actual Total Time": 648.181, "Actual Rows": 11, "Actual Loops": 1, "Inner Unique": true, "Plans": [{"Node Type": "Nested Loop", "Parent Relationship": "Outer", "Join Type": "Inner", "Startup Cost": 7433.27, "Total Cost": 83932.79, "Plan Rows": 321, "Plan Width": 68, "Actual Startup Time": 126.412, "Actual Total Time": 645.262, "Actual Rows": 268, "Actual Loops": 1, "Inner Unique": false, "Plans": [{"Node Type": "Hash Join", "Parent Relationship": "Outer", "Join Type": "Inner", "Startup Cost": 7433.27, "Total Cost": 83247.77, "Plan Rows": 291, "Plan Width": 76, "Actual Startup Time": 66.484, "Actual Total Time": 608.644, "Actual Rows": 358, "Actual Loops": 1, "Inner Unique": true, "Hash Cond": "(mi.info_type_id = it1.id)", "Plans": [{"Node Type": "Nested Loop", "Parent Relationship": "Outer", "Join Type": "Inner", "Startup Cost": 7419.04, "Total Cost": 83197.12, "Plan Rows": 13753, "Plan Width": 80, "Actual Startup Time": 66.347, "Actual Total Time": 608.129, "Actual Rows": 358, "Actual Loops": 1, "Inner Unique": false, "Plans": [{"Node Type": "Nested Loop", "Parent Relationship": "Outer", "Join Type": "Inner", "Startup Cost": 7419.04, "Total Cost": 61824.99, "Plan Rows": 15041, "Plan Width": 30, "Actual Startup Time": 59.844, "Actual Total Time": 442.821, "Actual Rows": 6152, "Actual Loops": 1, "Inner Unique": true, "Plans": [{"Node Type": "Nested Loop", "Parent Relationship": "Outer", "Join Type": "Inner", "Startup Cost": 7419.04, "Total Cost": 19211.73, "Plan Rows": 12936, "Plan Width": 9, "Actual Startup Time": 58.395, "Actual Total Time": 350.431, "Actual Rows": 15849, "Actual Loops": 1, "Inner Unique": false, "Plans": [{"Node Type": "Index Scan", "Parent Relationship": "Outer", "Scan Direction": "Forward", "Index Name": "info_type_pkey", "Relation Name": "info_type", "Alias": "it2", "Startup Cost": 0.0, "Total Cost": 14.21, "Plan Rows": 1, "Plan Width": 4, "Actual Startup Time": 0.048, "Actual Total Time": 0.06, "Actual Rows": 1, "Actual Loops": 1, "Filter": "((info)::text = 'rating'::text)", "Rows Removed by Filter": 111}, {"Node Type": "Bitmap Heap Scan", "Parent Relationship": "Inner", "Relation Name": "movie_info_idx", "Alias": "mi_idx", "Startup Cost": 7419.04, "Total Cost": 19068.16, "Plan Rows": 12936, "Plan Width": 13, "Actual Startup Time": 58.34, "Actual Total Time": 346.566, "Actual Rows": 15849, "Actual Loops": 1, "Recheck Cond": "(info_type_id = it2.id)", "Rows Removed by Index Recheck": 0, "Filter": "((info)::text > '8.0'::text)", "Rows Removed by Filter": 444076, "Exact Heap Blocks": 6472, "Lossy Heap Blocks": 6472, "Plans": [{"Node Type": "Bitmap Index Scan", "Parent Relationship": "Outer", "Index Name": "info_type_id_movie_info_idx", "Startup Cost": 0.0, "Total Cost": 7415.81, "Plan Rows": 345008, "Plan Width": 0, "Actual Startup Time": 57.089, "Actual Total Time": 57.089, "Actual Rows": 459925, "Actual Loops": 1, "Index Cond": "(info_type_id = it2.id)"}]}]}, {"Node Type": "Index Scan", "Parent Relationship": "Inner", "Scan Direction": "Forward", "Index Name": "title_pkey", "Relation Name": "title", "Alias": "t", "Startup Cost": 0.0, "Total Cost": 3.28, "Plan Rows": 1, "Plan Width": 21, "Actual Startup Time": 82.239, "Actual Total Time": 82.239, "Actual Rows": 6152, "Actual Loops": 15849, "Index Cond": "(id = mi_idx.movie_id)", "Rows Removed by Index Recheck": 0, "Filter": "((production_year >= 2008) AND (production_year <= 2014))", "Rows Removed by Filter": 9697}]}, {"Node Type": "Index Scan", "Parent Relationship": "Inner", "Scan Direction": "Forward", "Index Name": "movie_id_movie_info", "Relation Name": "movie_info", "Alias": "mi", "Startup Cost": 0.0, "Total Cost": 1.41, "Plan Rows": 1, "Plan Width": 50, "Actual Startup Time": 161.568, "Actual Total Time": 161.874, "Actual Rows": 358, "Actual Loops": 6152, "Index Cond": "(movie_id = t.id)", "Rows Removed by Index Recheck": 0, "Filter": "((note IS NULL) AND ((info)::text = ANY ('{Horror,Thriller}'::text[])))", "Rows Removed by Filter": 109599}]}, {"Node Type": "Hash", "Parent Relationship": "Inner", "Startup Cost": 14.21, "Total Cost": 14.21, "Plan Rows": 1, "Plan Width": 4, "Actual Startup Time": 0.084, "Actual Total Time": 0.084, "Actual Rows": 1, "Actual Loops": 1, "Hash Buckets": 32768, "Hash Batches": 1, "Original Hash Batches": 1, "Peak Memory Usage": 1, "Plans": [{"Node Type": "Index Scan", "Parent Relationship": "Outer", "Scan Direction": "Forward", "Index Name": "info_type_pkey", "Relation Name": "info_type", "Alias": "it1", "Startup Cost": 0.0, "Total Cost": 14.21, "Plan Rows": 1, "Plan Width": 4, "Actual Startup Time": 0.028, "Actual Total Time": 0.076, "Actual Rows": 1, "Actual Loops": 1, "Filter": "((info)::text = 'genres'::text)", "Rows Removed by Filter": 111}]}]}, {"Node Type": "Index Scan", "Parent Relationship": "Inner", "Scan Direction": "Forward", "Index Name": "movie_id_cast_info", "Relation Name": "cast_info", "Alias": "ci", "Startup Cost": 0.0, "Total Cost": 2.34, "Plan Rows": 1, "Plan Width": 8, "Actual Startup Time": 28.409, "Actual Total Time": 36.151, "Actual Rows": 268, "Actual Loops": 358, "Index Cond": "(movie_id = t.id)", "Rows Removed by Index Recheck": 0, "Filter": "((note)::text = ANY ('{(writer),\"(head writer)\",\"(written by)\",(story),\"(story editor)\"}'::text[]))", "Rows Removed by Filter": 12296}]}, {"Node Type": "Index Scan", "Parent Relationship": "Inner", "Scan Direction": "Forward", "Index Name": "name_pkey", "Relation Name": "name", "Alias": "n", "Startup Cost": 0.0, "Total Cost": 0.49, "Plan Rows": 1, "Plan Width": 4, "Actual Startup Time": 2.664, "Actual Total Time": 2.664, "Actual Rows": 11, "Actual Loops": 268, "Index Cond": "(id = ci.person_id)", "Rows Removed by Index Recheck": 0, "Filter": "((gender IS NOT NULL) AND ((gender)::text = 'f'::text))", "Rows Removed by Filter": 257}]}]}, "Triggers": [], "Planner Runtime": 23.271, "Total Runtime": 648.592, "Unique SQL Id": 661781350}}, "(16, '70')": {"explain_plan": {"Plan": {"Node Type": "Aggregate", "Strategy": "Plain", "Startup Cost": 46176.09, "Total Cost": 46176.1, "Plan Rows": 1, "Plan Width": 160, "Plans": [{"Node Type": "Nested Loop", "Parent Relationship": "Outer", "Join Type": "Inner", "Startup Cost": 7.49, "Total Cost": 46174.45, "Plan Rows": 219, "Plan Width": 64, "Inner Unique": true, "Plans": [{"Node Type": "Nested Loop", "Parent Relationship": "Outer", "Join Type": "Inner", "Startup Cost": 7.19, "Total Cost": 44783.33, "Plan Rows": 321, "Plan Width": 68, "Inner Unique": false, "Plans": [{"Node Type": "Nested Loop", "Parent Relationship": "Outer", "Join Type": "Inner", "Startup Cost": 6.18, "Total Cost": 43290.15, "Plan Rows": 291, "Plan Width": 76, "Inner Unique": true, "Plans": [{"Node Type": "Hash Join", "Parent Relationship": "Outer", "Join Type": "Inner", "Startup Cost": 5.37, "Total Cost": 42082.71, "Plan Rows": 250, "Plan Width": 55, "Inner Unique": true, "Hash Cond": "(mi_idx.info_type_id = it2.id)", "Plans": [{"Node Type": "Nested Loop", "Parent Relationship": "Outer", "Join Type": "Inner", "Startup Cost": 2.96, "Total Cost": 42075.29, "Plan Rows": 999, "Plan Width": 59, "Inner Unique": false, "Plans": [{"Node Type": "Hash Join", "Parent Relationship": "Outer", "Join Type": "Inner", "Startup Cost": 2.41, "Total Cost": 37619.13, "Plan Rows": 971, "Plan Width": 46, "Inner Unique": true, "Hash Cond": "(mi.info_type_id = it1.id)", "Plans": [{"Node Type": "Streaming(type: LOCAL GATHER dop: 1/16)", "Parent Relationship": "Outer", "Startup Cost": 0.0, "Total Cost": 37352.11, "Plan Rows": 67971, "Plan Width": 50, "Plans": [{"Node Type": "Seq Scan", "Parent Relationship": "Outer", "Relation Name": "movie_info", "Alias": "mi", "Startup Cost": 0.0, "Total Cost": 35885.16, "Plan Rows": 67971, "Plan Width": 50, "Filter": "((note IS NULL) AND ((info)::text = ANY ('{Horror,Thriller}'::text[])))"}]}, {"Node Type": "Hash", "Parent Relationship": "Inner", "Startup Cost": 2.4, "Total Cost": 2.4, "Plan Rows": 1, "Plan Width": 4, "Plans": [{"Node Type": "Seq Scan", "Parent Relationship": "Outer", "Relation Name": "info_type", "Alias": "it1", "Startup Cost": 0.0, "Total Cost": 2.4, "Plan Rows": 1, "Plan Width": 4, "Filter": "((info)::text = 'genres'::text)"}]}]}, {"Node Type": "Bitmap Heap Scan", "Parent Relationship": "Inner", "Relation Name": "movie_info_idx", "Alias": "mi_idx", "Startup Cost": 0.55, "Total Cost": 4.58, "Plan Rows": 1, "Plan Width": 13, "Recheck Cond": "(movie_id = mi.movie_id)", "Filter": "((info)::text > '8.0'::text)", "Plans": [{"Node Type": "Bitmap Index Scan", "Parent Relationship": "Outer", "Index Name": "movie_id_movie_info_idx", "Startup Cost": 0.0, "Total Cost": 0.55, "Plan Rows": 2, "Plan Width": 0, "Index Cond": "(movie_id = mi.movie_id)"}]}]}, {"Node Type": "Hash", "Parent Relationship": "Inner", "Startup Cost": 2.4, "Total Cost": 2.4, "Plan Rows": 1, "Plan Width": 4, "Plans": [{"Node Type": "Seq Scan", "Parent Relationship": "Outer", "Relation Name": "info_type", "Alias": "it2", "Startup Cost": 0.0, "Total Cost": 2.4, "Plan Rows": 1, "Plan Width": 4, "Filter": "((info)::text = 'rating'::text)"}]}]}, {"Node Type": "Bitmap Heap Scan", "Parent Relationship": "Inner", "Relation Name": "title", "Alias": "t", "Startup Cost": 0.8, "Total Cost": 4.82, "Plan Rows": 1, "Plan Width": 21, "Recheck Cond": "(id = mi.movie_id)", "Filter": "((production_year >= 2008) AND (production_year <= 2014))", "Plans": [{"Node Type": "Bitmap Index Scan", "Parent Relationship": "Outer", "Index Name": "title_pkey", "Startup Cost": 0.0, "Total Cost": 0.8, "Plan Rows": 1, "Plan Width": 0, "Index Cond": "(id = mi.movie_id)"}]}]}, {"Node Type": "Bitmap Heap Scan", "Parent Relationship": "Inner", "Relation Name": "cast_info", "Alias": "ci", "Startup Cost": 1.01, "Total Cost": 5.12, "Plan Rows": 1, "Plan Width": 8, "Recheck Cond": "(movie_id = t.id)", "Filter": "((note)::text = ANY ('{(writer),\"(head writer)\",\"(written by)\",(story),\"(story editor)\"}'::text[]))", "Plans": [{"Node Type": "Bitmap Index Scan", "Parent Relationship": "Outer", "Index Name": "movie_id_cast_info", "Startup Cost": 0.0, "Total Cost": 1.01, "Plan Rows": 6, "Plan Width": 0, "Index Cond": "(movie_id = t.id)"}]}]}, {"Node Type": "Bitmap Heap Scan", "Parent Relationship": "Inner", "Relation Name": "name", "Alias": "n", "Startup Cost": 0.31, "Total Cost": 4.32, "Plan Rows": 1, "Plan Width": 4, "Recheck Cond": "(id = ci.person_id)", "Filter": "((gender IS NOT NULL) AND ((gender)::text = 'f'::text))", "Plans": [{"Node Type": "Bitmap Index Scan", "Parent Relationship": "Outer", "Index Name": "name_pkey", "Startup Cost": 0.0, "Total Cost": 0.31, "Plan Rows": 1, "Plan Width": 0, "Index Cond": "(id = ci.person_id)"}]}]}]}, "Unique SQL Id": 661781350, "Planner Runtime": 80}, "explain_analyze_plan": {"Plan": {"Node Type": "Aggregate", "Strategy": "Plain", "Startup Cost": 46176.09, "Total Cost": 46176.1, "Plan Rows": 1, "Plan Width": 160, "Actual Min Startup Time": 860.741, "Actual Max Startup Time": 860.741, "Actual Min Total Time": 860.741, "Actual Max Total Time": 860.741, "Plans": [{"Node Type": "Nested Loop", "Parent Relationship": "Outer", "Join Type": "Inner", "Startup Cost": 7.49, "Total Cost": 46174.45, "Plan Rows": 219, "Plan Width": 64, "Actual Min Startup Time": 362.684, "Actual Max Startup Time": 362.684, "Actual Min Total Time": 860.666, "Actual Max Total Time": 860.666, "Inner Unique": true, "Plans": [{"Node Type": "Nested Loop", "Parent Relationship": "Outer", "Join Type": "Inner", "Startup Cost": 7.19, "Total Cost": 44783.33, "Plan Rows": 321, "Plan Width": 68, "Actual Min Startup Time": 358.358, "Actual Max Startup Time": 358.358, "Actual Min Total Time": 857.794, "Actual Max Total Time": 857.794, "Inner Unique": false, "Plans": [{"Node Type": "Nested Loop", "Parent Relationship": "Outer", "Join Type": "Inner", "Startup Cost": 6.18, "Total Cost": 43290.15, "Plan Rows": 291, "Plan Width": 76, "Actual Min Startup Time": 356.35, "Actual Max Startup Time": 356.35, "Actual Min Total Time": 825.102, "Actual Max Total Time": 825.102, "Inner Unique": true, "Plans": [{"Node Type": "Hash Join", "Parent Relationship": "Outer", "Join Type": "Inner", "Startup Cost": 5.37, "Total Cost": 42082.71, "Plan Rows": 250, "Plan Width": 55, "Actual Min Startup Time": 356.324, "Actual Max Startup Time": 356.324, "Actual Min Total Time": 818.704, "Actual Max Total Time": 818.704, "Inner Unique": true, "Hash Cond": "(mi_idx.info_type_id = it2.id)", "Plans": [{"Node Type": "Nested Loop", "Parent Relationship": "Outer", "Join Type": "Inner", "Startup Cost": 2.96, "Total Cost": 42075.29, "Plan Rows": 999, "Plan Width": 59, "Actual Min Startup Time": 356.052, "Actual Max Startup Time": 356.052, "Actual Min Total Time": 817.29, "Actual Max Total Time": 817.29, "Inner Unique": false, "Plans": [{"Node Type": "Hash Join", "Parent Relationship": "Outer", "Join Type": "Inner", "Startup Cost": 2.41, "Total Cost": 37619.13, "Plan Rows": 971, "Plan Width": 46, "Actual Min Startup Time": 355.927, "Actual Max Startup Time": 355.927, "Actual Min Total Time": 423.314, "Actual Max Total Time": 423.314, "Inner Unique": true, "Hash Cond": "(mi.info_type_id = it1.id)", "Plans": [{"Node Type": "Streaming(type: LOCAL GATHER dop: 1/16)", "Parent Relationship": "Outer", "Startup Cost": 0.0, "Total Cost": 37352.11, "Plan Rows": 67971, "Plan Width": 50, "Actual Min Startup Time": 264.487, "Actual Max Startup Time": 264.487, "Actual Min Total Time": 384.421, "Actual Max Total Time": 384.421, "Plans": [{"Node Type": "Seq Scan", "Parent Relationship": "Outer", "Relation Name": "movie_info", "Alias": "mi", "Startup Cost": 0.0, "Total Cost": 35885.16, "Plan Rows": 67971, "Plan Width": 50, "Actual Min Startup Time": 238.026, "Actual Max Startup Time": 341.873, "Actual Min Total Time": 384.354, "Actual Max Total Time": 396.42, "Filter": "((note IS NULL) AND ((info)::text = ANY ('{Horror,Thriller}'::text[])))", "Rows Removed by Filter": 14762672, "Actual Rows": 73047}], "Actual Rows": 73047}, {"Node Type": "Hash", "Parent Relationship": "Inner", "Startup Cost": 2.4, "Total Cost": 2.4, "Plan Rows": 1, "Plan Width": 4, "Actual Min Startup Time": 0.059, "Actual Max Startup Time": 0.059, "Actual Min Total Time": 0.059, "Actual Max Total Time": 0.059, "Max Hash Buckets": 32768, "Min Hash Buckets": 32768, "Max Hash Batches": 1, "Min Hash Batches": 1, "Max Original Hash Batches": 1, "Min Original Hash Batches": 1, "Max Peak Memory Usage": 1, "min Peak Memory Usage": 1, "Plans": [{"Node Type": "Seq Scan", "Parent Relationship": "Outer", "Relation Name": "info_type", "Alias": "it1", "Startup Cost": 0.0, "Total Cost": 2.4, "Plan Rows": 1, "Plan Width": 4, "Actual Min Startup Time": 0.033, "Actual Max Startup Time": 0.033, "Actual Min Total Time": 0.057, "Actual Max Total Time": 0.057, "Filter": "((info)::text = 'genres'::text)", "Rows Removed by Filter": 111, "Actual Rows": 1}], "Actual Rows": 1}], "Actual Rows": 72258}, {"Node Type": "Bitmap Heap Scan", "Parent Relationship": "Inner", "Relation Name": "movie_info_idx", "Alias": "mi_idx", "Startup Cost": 0.55, "Total Cost": 4.58, "Plan Rows": 1, "Plan Width": 13, "Actual Min Startup Time": 312.169, "Actual Max Startup Time": 312.169, "Actual Min Total Time": 313.91, "Actual Max Total Time": 313.91, "Recheck Cond": "(movie_id = mi.movie_id)", "Rows Removed by Index Recheck": 0, "Filter": "((info)::text > '8.0'::text)", "Rows Removed by Filter": 113143, "Exact Heap Blocks": 39507, "Lossy Heap Blocks": 39507, "Plans": [{"Node Type": "Bitmap Index Scan", "Parent Relationship": "Outer", "Index Name": "movie_id_movie_info_idx", "Startup Cost": 0.0, "Total Cost": 0.55, "Plan Rows": 2, "Plan Width": 0, "Actual Min Startup Time": 181.386, "Actual Max Startup Time": 181.386, "Actual Min Total Time": 181.386, "Actual Max Total Time": 181.386, "Index Cond": "(movie_id = mi.movie_id)", "Actual Rows": 117278}], "Actual Rows": 4135}], "Actual Rows": 4135}, {"Node Type": "Hash", "Parent Relationship": "Inner", "Startup Cost": 2.4, "Total Cost": 2.4, "Plan Rows": 1, "Plan Width": 4, "Actual Min Startup Time": 0.102, "Actual Max Startup Time": 0.102, "Actual Min Total Time": 0.102, "Actual Max Total Time": 0.102, "Max Hash Buckets": 32768, "Min Hash Buckets": 32768, "Max Hash Batches": 1, "Min Hash Batches": 1, "Max Original Hash Batches": 1, "Min Original Hash Batches": 1, "Max Peak Memory Usage": 1, "min Peak Memory Usage": 1, "Plans": [{"Node Type": "Seq Scan", "Parent Relationship": "Outer", "Relation Name": "info_type", "Alias": "it2", "Startup Cost": 0.0, "Total Cost": 2.4, "Plan Rows": 1, "Plan Width": 4, "Actual Min Startup Time": 0.08, "Actual Max Startup Time": 0.08, "Actual Min Total Time": 0.086, "Actual Max Total Time": 0.086, "Filter": "((info)::text = 'rating'::text)", "Rows Removed by Filter": 111, "Actual Rows": 1}], "Actual Rows": 1}], "Actual Rows": 732}, {"Node Type": "Bitmap Heap Scan", "Parent Relationship": "Inner", "Relation Name": "title", "Alias": "t", "Startup Cost": 0.8, "Total Cost": 4.82, "Plan Rows": 1, "Plan Width": 21, "Actual Min Startup Time": 5.268, "Actual Max Startup Time": 5.268, "Actual Min Total Time": 5.268, "Actual Max Total Time": 5.268, "Recheck Cond": "(id = mi.movie_id)", "Rows Removed by Index Recheck": 0, "Filter": "((production_year >= 2008) AND (production_year <= 2014))", "Rows Removed by Filter": 374, "Exact Heap Blocks": 732, "Lossy Heap Blocks": 732, "Plans": [{"Node Type": "Bitmap Index Scan", "Parent Relationship": "Outer", "Index Name": "title_pkey", "Startup Cost": 0.0, "Total Cost": 0.8, "Plan Rows": 1, "Plan Width": 0, "Actual Min Startup Time": 3.079, "Actual Max Startup Time": 3.079, "Actual Min Total Time": 3.079, "Actual Max Total Time": 3.079, "Index Cond": "(id = mi.movie_id)", "Actual Rows": 732}], "Actual Rows": 358}], "Actual Rows": 358}, {"Node Type": "Bitmap Heap Scan", "Parent Relationship": "Inner", "Relation Name": "cast_info", "Alias": "ci", "Startup Cost": 1.01, "Total Cost": 5.12, "Plan Rows": 1, "Plan Width": 8, "Actual Min Startup Time": 25.961, "Actual Max Startup Time": 25.961, "Actual Min Total Time": 31.757, "Actual Max Total Time": 31.757, "Recheck Cond": "(movie_id = t.id)", "Rows Removed by Index Recheck": 0, "Filter": "((note)::text = ANY ('{(writer),\"(head writer)\",\"(written by)\",(story),\"(story editor)\"}'::text[]))", "Rows Removed by Filter": 12296, "Exact Heap Blocks": 11454, "Lossy Heap Blocks": 11454, "Plans": [{"Node Type": "Bitmap Index Scan", "Parent Relationship": "Outer", "Index Name": "movie_id_cast_info", "Startup Cost": 0.0, "Total Cost": 1.01, "Plan Rows": 6, "Plan Width": 0, "Actual Min Startup Time": 4.772, "Actual Max Startup Time": 4.772, "Actual Min Total Time": 4.772, "Actual Max Total Time": 4.772, "Index Cond": "(movie_id = t.id)", "Actual Rows": 12564}], "Actual Rows": 268}], "Actual Rows": 268}, {"Node Type": "Bitmap Heap Scan", "Parent Relationship": "Inner", "Relation Name": "name", "Alias": "n", "Startup Cost": 0.31, "Total Cost": 4.32, "Plan Rows": 1, "Plan Width": 4, "Actual Min Startup Time": 2.334, "Actual Max Startup Time": 2.334, "Actual Min Total Time": 2.334, "Actual Max Total Time": 2.334, "Recheck Cond": "(id = ci.person_id)", "Rows Removed by Index Recheck": 0, "Filter": "((gender IS NOT NULL) AND ((gender)::text = 'f'::text))", "Rows Removed by Filter": 257, "Exact Heap Blocks": 268, "Lossy Heap Blocks": 268, "Plans": [{"Node Type": "Bitmap Index Scan", "Parent Relationship": "Outer", "Index Name": "name_pkey", "Startup Cost": 0.0, "Total Cost": 0.31, "Plan Rows": 1, "Plan Width": 0, "Actual Min Startup Time": 1.436, "Actual Max Startup Time": 1.436, "Actual Min Total Time": 1.436, "Actual Max Total Time": 1.436, "Index Cond": "(id = ci.person_id)", "Actual Rows": 268}], "Actual Rows": 11}], "Actual Rows": 11}], "Actual Rows": 1}, "Triggers": [], "Planner Runtime": 81.439, "Total Runtime": 863.69, "Unique SQL Id": 661781350}}, "(16, '71')": {"explain_plan": {"Plan": {"Node Type": "Aggregate", "Strategy": "Plain", "Startup Cost": 156974.22, "Total Cost": 156974.23, "Plan Rows": 1, "Plan Width": 160, "Plans": [{"Node Type": "Nested Loop", "Parent Relationship": "Outer", "Join Type": "Inner", "Startup Cost": 7444.95, "Total Cost": 156972.58, "Plan Rows": 219, "Plan Width": 64, "Inner Unique": true, "Plans": [{"Node Type": "Nested Loop", "Parent Relationship": "Outer", "Join Type": "Inner", "Startup Cost": 7444.64, "Total Cost": 155581.46, "Plan Rows": 321, "Plan Width": 68, "Inner Unique": false, "Plans": [{"Node Type": "Hash Join", "Parent Relationship": "Outer", "Join Type": "Inner", "Startup Cost": 7443.63, "Total Cost": 154088.28, "Plan Rows": 291, "Plan Width": 76, "Inner Unique": true, "Hash Cond": "(mi.info_type_id = it1.id)", "Plans": [{"Node Type": "Nested Loop", "Parent Relationship": "Outer", "Join Type": "Inner", "Startup Cost": 7429.41, "Total Cost": 154037.63, "Plan Rows": 13753, "Plan Width": 80, "Inner Unique": false, "Plans": [{"Node Type": "Nested Loop", "Parent Relationship": "Outer", "Join Type": "Inner", "Startup Cost": 7428.83, "Total Cost": 83898.37, "Plan Rows": 15041, "Plan Width": 30, "Inner Unique": true, "Plans": [{"Node Type": "Nested Loop", "Parent Relationship": "Outer", "Join Type": "Inner", "Startup Cost": 7427.85, "Total Cost": 19211.73, "Plan Rows": 12936, "Plan Width": 9, "Inner Unique": false, "Plans": [{"Node Type": "Bitmap Heap Scan", "Parent Relationship": "Outer", "Relation Name": "info_type", "Alias": "it2", "Startup Cost": 8.81, "Total Cost": 14.21, "Plan Rows": 1, "Plan Width": 4, "Filter": "((info)::text = 'rating'::text)", "Plans": [{"Node Type": "Bitmap Index Scan", "Parent Relationship": "Outer", "Index Name": "info_type_pkey", "Startup Cost": 0.0, "Total Cost": 8.81, "Plan Rows": 112, "Plan Width": 0}]}, {"Node Type": "Bitmap Heap Scan", "Parent Relationship": "Inner", "Relation Name": "movie_info_idx", "Alias": "mi_idx", "Startup Cost": 7419.04, "Total Cost": 19068.16, "Plan Rows": 12936, "Plan Width": 13, "Recheck Cond": "(info_type_id = it2.id)", "Filter": "((info)::text > '8.0'::text)", "Plans": [{"Node Type": "Bitmap Index Scan", "Parent Relationship": "Outer", "Index Name": "info_type_id_movie_info_idx", "Startup Cost": 0.0, "Total Cost": 7415.81, "Plan Rows": 345008, "Plan Width": 0, "Index Cond": "(info_type_id = it2.id)"}]}]}, {"Node Type": "Bitmap Heap Scan", "Parent Relationship": "Inner", "Relation Name": "title", "Alias": "t", "Startup Cost": 0.97, "Total Cost": 4.99, "Plan Rows": 1, "Plan Width": 21, "Recheck Cond": "(id = mi_idx.movie_id)", "Filter": "((production_year >= 2008) AND (production_year <= 2014))", "Plans": [{"Node Type": "Bitmap Index Scan", "Parent Relationship": "Outer", "Index Name": "title_pkey", "Startup Cost": 0.0, "Total Cost": 0.97, "Plan Rows": 1, "Plan Width": 0, "Index Cond": "(id = mi_idx.movie_id)"}]}]}, {"Node Type": "Bitmap Heap Scan", "Parent Relationship": "Inner", "Relation Name": "movie_info", "Alias": "mi", "Startup Cost": 0.58, "Total Cost": 4.65, "Plan Rows": 1, "Plan Width": 50, "Recheck Cond": "(movie_id = t.id)", "Filter": "((note IS NULL) AND ((info)::text = ANY ('{Horror,Thriller}'::text[])))", "Plans": [{"Node Type": "Bitmap Index Scan", "Parent Relationship": "Outer", "Index Name": "movie_id_movie_info", "Startup Cost": 0.0, "Total Cost": 0.58, "Plan Rows": 5, "Plan Width": 0, "Index Cond": "(movie_id = t.id)"}]}]}, {"Node Type": "Hash", "Parent Relationship": "Inner", "Startup Cost": 14.21, "Total Cost": 14.21, "Plan Rows": 1, "Plan Width": 4, "Plans": [{"Node Type": "Bitmap Heap Scan", "Parent Relationship": "Outer", "Relation Name": "info_type", "Alias": "it1", "Startup Cost": 8.81, "Total Cost": 14.21, "Plan Rows": 1, "Plan Width": 4, "Filter": "((info)::text = 'genres'::text)", "Plans": [{"Node Type": "Bitmap Index Scan", "Parent Relationship": "Outer", "Index Name": "info_type_pkey", "Startup Cost": 0.0, "Total Cost": 8.81, "Plan Rows": 112, "Plan Width": 0}]}]}]}, {"Node Type": "Bitmap Heap Scan", "Parent Relationship": "Inner", "Relation Name": "cast_info", "Alias": "ci", "Startup Cost": 1.01, "Total Cost": 5.12, "Plan Rows": 1, "Plan Width": 8, "Recheck Cond": "(movie_id = t.id)", "Filter": "((note)::text = ANY ('{(writer),\"(head writer)\",\"(written by)\",(story),\"(story editor)\"}'::text[]))", "Plans": [{"Node Type": "Bitmap Index Scan", "Parent Relationship": "Outer", "Index Name": "movie_id_cast_info", "Startup Cost": 0.0, "Total Cost": 1.01, "Plan Rows": 6, "Plan Width": 0, "Index Cond": "(movie_id = t.id)"}]}]}, {"Node Type": "Bitmap Heap Scan", "Parent Relationship": "Inner", "Relation Name": "name", "Alias": "n", "Startup Cost": 0.31, "Total Cost": 4.32, "Plan Rows": 1, "Plan Width": 4, "Recheck Cond": "(id = ci.person_id)", "Filter": "((gender IS NOT NULL) AND ((gender)::text = 'f'::text))", "Plans": [{"Node Type": "Bitmap Index Scan", "Parent Relationship": "Outer", "Index Name": "name_pkey", "Startup Cost": 0.0, "Total Cost": 0.31, "Plan Rows": 1, "Plan Width": 0, "Index Cond": "(id = ci.person_id)"}]}]}]}, "Unique SQL Id": 661781350, "Planner Runtime": 23}, "explain_analyze_plan": {"Plan": {"Node Type": "Aggregate", "Strategy": "Plain", "Startup Cost": 156974.22, "Total Cost": 156974.23, "Plan Rows": 1, "Plan Width": 160, "Actual Startup Time": 612.351, "Actual Total Time": 612.352, "Actual Rows": 1, "Actual Loops": 1, "Plans": [{"Node Type": "Nested Loop", "Parent Relationship": "Outer", "Join Type": "Inner", "Startup Cost": 7444.95, "Total Cost": 156972.58, "Plan Rows": 219, "Plan Width": 64, "Actual Startup Time": 356.01, "Actual Total Time": 612.285, "Actual Rows": 11, "Actual Loops": 1, "Inner Unique": true, "Plans": [{"Node Type": "Nested Loop", "Parent Relationship": "Outer", "Join Type": "Inner", "Startup Cost": 7444.64, "Total Cost": 155581.46, "Plan Rows": 321, "Plan Width": 68, "Actual Startup Time": 136.924, "Actual Total Time": 609.535, "Actual Rows": 268, "Actual Loops": 1, "Inner Unique": false, "Plans": [{"Node Type": "Hash Join", "Parent Relationship": "Outer", "Join Type": "Inner", "Startup Cost": 7443.63, "Total Cost": 154088.28, "Plan Rows": 291, "Plan Width": 76, "Actual Startup Time": 66.709, "Actual Total Time": 577.719, "Actual Rows": 358, "Actual Loops": 1, "Inner Unique": true, "Hash Cond": "(mi.info_type_id = it1.id)", "Plans": [{"Node Type": "Nested Loop", "Parent Relationship": "Outer", "Join Type": "Inner", "Startup Cost": 7429.41, "Total Cost": 154037.63, "Plan Rows": 13753, "Plan Width": 80, "Actual Startup Time": 66.57, "Actual Total Time": 576.994, "Actual Rows": 358, "Actual Loops": 1, "Inner Unique": false, "Plans": [{"Node Type": "Nested Loop", "Parent Relationship": "Outer", "Join Type": "Inner", "Startup Cost": 7428.83, "Total Cost": 83898.37, "Plan Rows": 15041, "Plan Width": 30, "Actual Startup Time": 59.097, "Actual Total Time": 407.312, "Actual Rows": 6152, "Actual Loops": 1, "Inner Unique": true, "Plans": [{"Node Type": "Nested Loop", "Parent Relationship": "Outer", "Join Type": "Inner", "Startup Cost": 7427.85, "Total Cost": 19211.73, "Plan Rows": 12936, "Plan Width": 9, "Actual Startup Time": 57.403, "Actual Total Time": 302.866, "Actual Rows": 15849, "Actual Loops": 1, "Inner Unique": false, "Plans": [{"Node Type": "Bitmap Heap Scan", "Parent Relationship": "Outer", "Relation Name": "info_type", "Alias": "it2", "Startup Cost": 8.81, "Total Cost": 14.21, "Plan Rows": 1, "Plan Width": 4, "Actual Startup Time": 0.052, "Actual Total Time": 0.057, "Actual Rows": 1, "Actual Loops": 1, "Filter": "((info)::text = 'rating'::text)", "Rows Removed by Filter": 111, "Exact Heap Blocks": 1, "Lossy Heap Blocks": 1, "Plans": [{"Node Type": "Bitmap Index Scan", "Parent Relationship": "Outer", "Index Name": "info_type_pkey", "Startup Cost": 0.0, "Total Cost": 8.81, "Plan Rows": 112, "Plan Width": 0, "Actual Startup Time": 0.009, "Actual Total Time": 0.009, "Actual Rows": 112, "Actual Loops": 1}]}, {"Node Type": "Bitmap Heap Scan", "Parent Relationship": "Inner", "Relation Name": "movie_info_idx", "Alias": "mi_idx", "Startup Cost": 7419.04, "Total Cost": 19068.16, "Plan Rows": 12936, "Plan Width": 13, "Actual Startup Time": 57.346, "Actual Total Time": 299.014, "Actual Rows": 15849, "Actual Loops": 1, "Recheck Cond": "(info_type_id = it2.id)", "Rows Removed by Index Recheck": 0, "Filter": "((info)::text > '8.0'::text)", "Rows Removed by Filter": 444076, "Exact Heap Blocks": 6472, "Lossy Heap Blocks": 6472, "Plans": [{"Node Type": "Bitmap Index Scan", "Parent Relationship": "Outer", "Index Name": "info_type_id_movie_info_idx", "Startup Cost": 0.0, "Total Cost": 7415.81, "Plan Rows": 345008, "Plan Width": 0, "Actual Startup Time": 56.111, "Actual Total Time": 56.111, "Actual Rows": 459925, "Actual Loops": 1, "Index Cond": "(info_type_id = it2.id)"}]}]}, {"Node Type": "Bitmap Heap Scan", "Parent Relationship": "Inner", "Relation Name": "title", "Alias": "t", "Startup Cost": 0.97, "Total Cost": 4.99, "Plan Rows": 1, "Plan Width": 21, "Actual Startup Time": 83.565, "Actual Total Time": 83.565, "Actual Rows": 6152, "Actual Loops": 15849, "Recheck Cond": "(id = mi_idx.movie_id)", "Rows Removed by Index Recheck": 0, "Filter": "((production_year >= 2008) AND (production_year <= 2014))", "Rows Removed by Filter": 9697, "Exact Heap Blocks": 15849, "Lossy Heap Blocks": 15849, "Plans": [{"Node Type": "Bitmap Index Scan", "Parent Relationship": "Outer", "Index Name": "title_pkey", "Startup Cost": 0.0, "Total Cost": 0.97, "Plan Rows": 1, "Plan Width": 0, "Actual Startup Time": 44.673, "Actual Total Time": 44.673, "Actual Rows": 15849, "Actual Loops": 15849, "Index Cond": "(id = mi_idx.movie_id)"}]}]}, {"Node Type": "Bitmap Heap Scan", "Parent Relationship": "Inner", "Relation Name": "movie_info", "Alias": "mi", "Startup Cost": 0.58, "Total Cost": 4.65, "Plan Rows": 1, "Plan Width": 50, "Actual Startup Time": 161.421, "Actual Total Time": 161.578, "Actual Rows": 358, "Actual Loops": 6152, "Recheck Cond": "(movie_id = t.id)", "Rows Removed by Index Recheck": 0, "Filter": "((note IS NULL) AND ((info)::text = ANY ('{Horror,Thriller}'::text[])))", "Rows Removed by Filter": 109599, "Exact Heap Blocks": 52726, "Lossy Heap Blocks": 52726, "Plans": [{"Node Type": "Bitmap Index Scan", "Parent Relationship": "Outer", "Index Name": "movie_id_movie_info", "Startup Cost": 0.0, "Total Cost": 0.58, "Plan Rows": 5, "Plan Width": 0, "Actual Startup Time": 37.937, "Actual Total Time": 37.937, "Actual Rows": 109957, "Actual Loops": 6152, "Index Cond": "(movie_id = t.id)"}]}]}, {"Node Type": "Hash", "Parent Relationship": "Inner", "Startup Cost": 14.21, "Total Cost": 14.21, "Plan Rows": 1, "Plan Width": 4, "Actual Startup Time": 0.087, "Actual Total Time": 0.087, "Actual Rows": 1, "Actual Loops": 1, "Hash Buckets": 32768, "Hash Batches": 1, "Original Hash Batches": 1, "Peak Memory Usage": 1, "Plans": [{"Node Type": "Bitmap Heap Scan", "Parent Relationship": "Outer", "Relation Name": "info_type", "Alias": "it1", "Startup Cost": 8.81, "Total Cost": 14.21, "Plan Rows": 1, "Plan Width": 4, "Actual Startup Time": 0.056, "Actual Total Time": 0.079, "Actual Rows": 1, "Actual Loops": 1, "Filter": "((info)::text = 'genres'::text)", "Rows Removed by Filter": 111, "Exact Heap Blocks": 1, "Lossy Heap Blocks": 1, "Plans": [{"Node Type": "Bitmap Index Scan", "Parent Relationship": "Outer", "Index Name": "info_type_pkey", "Startup Cost": 0.0, "Total Cost": 8.81, "Plan Rows": 112, "Plan Width": 0, "Actual Startup Time": 0.015, "Actual Total Time": 0.015, "Actual Rows": 112, "Actual Loops": 1}]}]}]}, {"Node Type": "Bitmap Heap Scan", "Parent Relationship": "Inner", "Relation Name": "cast_info", "Alias": "ci", "Startup Cost": 1.01, "Total Cost": 5.12, "Plan Rows": 1, "Plan Width": 8, "Actual Startup Time": 25.159, "Actual Total Time": 30.753, "Actual Rows": 268, "Actual Loops": 358, "Recheck Cond": "(movie_id = t.id)", "Rows Removed by Index Recheck": 0, "Filter": "((note)::text = ANY ('{(writer),\"(head writer)\",\"(written by)\",(story),\"(story editor)\"}'::text[]))", "Rows Removed by Filter": 12296, "Exact Heap Blocks": 11454, "Lossy Heap Blocks": 11454, "Plans": [{"Node Type": "Bitmap Index Scan", "Parent Relationship": "Outer", "Index Name": "movie_id_cast_info", "Startup Cost": 0.0, "Total Cost": 1.01, "Plan Rows": 6, "Plan Width": 0, "Actual Startup Time": 4.731, "Actual Total Time": 4.731, "Actual Rows": 12564, "Actual Loops": 358, "Index Cond": "(movie_id = t.id)"}]}]}, {"Node Type": "Bitmap Heap Scan", "Parent Relationship": "Inner", "Relation Name": "name", "Alias": "n", "Startup Cost": 0.31, "Total Cost": 4.32, "Plan Rows": 1, "Plan Width": 4, "Actual Startup Time": 2.222, "Actual Total Time": 2.222, "Actual Rows": 11, "Actual Loops": 268, "Recheck Cond": "(id = ci.person_id)", "Rows Removed by Index Recheck": 0, "Filter": "((gender IS NOT NULL) AND ((gender)::text = 'f'::text))", "Rows Removed by Filter": 257, "Exact Heap Blocks": 268, "Lossy Heap Blocks": 268, "Plans": [{"Node Type": "Bitmap Index Scan", "Parent Relationship": "Outer", "Index Name": "name_pkey", "Startup Cost": 0.0, "Total Cost": 0.31, "Plan Rows": 1, "Plan Width": 0, "Actual Startup Time": 1.377, "Actual Total Time": 1.377, "Actual Rows": 268, "Actual Loops": 268, "Index Cond": "(id = ci.person_id)"}]}]}]}, "Triggers": [], "Planner Runtime": 22.993, "Total Runtime": 612.681, "Unique SQL Id": 661781350}}, "(16, '72')": {"explain_plan": {"Plan": {"Node Type": "Aggregate", "Strategy": "Plain", "Startup Cost": 40404.31, "Total Cost": 40404.32, "Plan Rows": 1, "Plan Width": 160, "Plans": [{"Node Type": "Nested Loop", "Parent Relationship": "Outer", "Join Type": "Inner", "Startup Cost": 2.41, "Total Cost": 40402.67, "Plan Rows": 219, "Plan Width": 64, "Inner Unique": true, "Plans": [{"Node Type": "Nested Loop", "Parent Relationship": "Outer", "Join Type": "Inner", "Startup Cost": 2.41, "Total Cost": 40241.67, "Plan Rows": 321, "Plan Width": 68, "Inner Unique": false, "Plans": [{"Node Type": "Nested Loop", "Parent Relationship": "Outer", "Join Type": "Inner", "Startup Cost": 2.41, "Total Cost": 39556.65, "Plan Rows": 291, "Plan Width": 76, "Inner Unique": true, "Plans": [{"Node Type": "Nested Loop", "Parent Relationship": "Outer", "Join Type": "Inner", "Startup Cost": 2.41, "Total Cost": 38843.44, "Plan Rows": 250, "Plan Width": 55, "Inner Unique": true, "Plans": [{"Node Type": "Nested Loop", "Parent Relationship": "Outer", "Join Type": "Inner", "Startup Cost": 2.41, "Total Cost": 38560.99, "Plan Rows": 999, "Plan Width": 59, "Inner Unique": false, "Plans": [{"Node Type": "Hash Join", "Parent Relationship": "Outer", "Join Type": "Inner", "Startup Cost": 2.41, "Total Cost": 37619.13, "Plan Rows": 971, "Plan Width": 46, "Inner Unique": true, "Hash Cond": "(mi.info_type_id = it1.id)", "Plans": [{"Node Type": "Streaming(type: LOCAL GATHER dop: 1/16)", "Parent Relationship": "Outer", "Startup Cost": 0.0, "Total Cost": 37352.11, "Plan Rows": 67971, "Plan Width": 50, "Plans": [{"Node Type": "Seq Scan", "Parent Relationship": "Outer", "Relation Name": "movie_info", "Alias": "mi", "Startup Cost": 0.0, "Total Cost": 35885.16, "Plan Rows": 67971, "Plan Width": 50, "Filter": "((note IS NULL) AND ((info)::text = ANY ('{Horror,Thriller}'::text[])))"}]}, {"Node Type": "Hash", "Parent Relationship": "Inner", "Startup Cost": 2.4, "Total Cost": 2.4, "Plan Rows": 1, "Plan Width": 4, "Plans": [{"Node Type": "Seq Scan", "Parent Relationship": "Outer", "Relation Name": "info_type", "Alias": "it1", "Startup Cost": 0.0, "Total Cost": 2.4, "Plan Rows": 1, "Plan Width": 4, "Filter": "((info)::text = 'genres'::text)"}]}]}, {"Node Type": "Index Scan", "Parent Relationship": "Inner", "Scan Direction": "Forward", "Index Name": "movie_id_movie_info_idx", "Relation Name": "movie_info_idx", "Alias": "mi_idx", "Startup Cost": 0.0, "Total Cost": 0.96, "Plan Rows": 1, "Plan Width": 13, "Index Cond": "(movie_id = mi.movie_id)", "Filter": "((info)::text > '8.0'::text)"}]}, {"Node Type": "Index Scan", "Parent Relationship": "Inner", "Scan Direction": "Forward", "Index Name": "info_type_pkey", "Relation Name": "info_type", "Alias": "it2", "Startup Cost": 0.0, "Total Cost": 0.27, "Plan Rows": 1, "Plan Width": 4, "Index Cond": "(id = mi_idx.info_type_id)", "Filter": "((info)::text = 'rating'::text)"}]}, {"Node Type": "Index Scan", "Parent Relationship": "Inner", "Scan Direction": "Forward", "Index Name": "title_pkey", "Relation Name": "title", "Alias": "t", "Startup Cost": 0.0, "Total Cost": 2.84, "Plan Rows": 1, "Plan Width": 21, "Index Cond": "(id = mi.movie_id)", "Filter": "((production_year >= 2008) AND (production_year <= 2014))"}]}, {"Node Type": "Index Scan", "Parent Relationship": "Inner", "Scan Direction": "Forward", "Index Name": "movie_id_cast_info", "Relation Name": "cast_info", "Alias": "ci", "Startup Cost": 0.0, "Total Cost": 2.34, "Plan Rows": 1, "Plan Width": 8, "Index Cond": "(movie_id = t.id)", "Filter": "((note)::text = ANY ('{(writer),\"(head writer)\",\"(written by)\",(story),\"(story editor)\"}'::text[]))"}]}, {"Node Type": "Index Scan", "Parent Relationship": "Inner", "Scan Direction": "Forward", "Index Name": "name_pkey", "Relation Name": "name", "Alias": "n", "Startup Cost": 0.0, "Total Cost": 0.49, "Plan Rows": 1, "Plan Width": 4, "Index Cond": "(id = ci.person_id)", "Filter": "((gender IS NOT NULL) AND ((gender)::text = 'f'::text))"}]}]}, "Unique SQL Id": 661781350, "Planner Runtime": 56}, "explain_analyze_plan": {"Plan": {"Node Type": "Aggregate", "Strategy": "Plain", "Startup Cost": 40404.31, "Total Cost": 40404.32, "Plan Rows": 1, "Plan Width": 160, "Actual Min Startup Time": 760.866, "Actual Max Startup Time": 760.866, "Actual Min Total Time": 760.866, "Actual Max Total Time": 760.866, "Plans": [{"Node Type": "Nested Loop", "Parent Relationship": "Outer", "Join Type": "Inner", "Startup Cost": 2.41, "Total Cost": 40402.67, "Plan Rows": 219, "Plan Width": 64, "Actual Min Startup Time": 365.571, "Actual Max Startup Time": 365.571, "Actual Min Total Time": 760.797, "Actual Max Total Time": 760.797, "Inner Unique": true, "Plans": [{"Node Type": "Nested Loop", "Parent Relationship": "Outer", "Join Type": "Inner", "Startup Cost": 2.41, "Total Cost": 40241.67, "Plan Rows": 321, "Plan Width": 68, "Actual Min Startup Time": 357.854, "Actual Max Startup Time": 357.854, "Actual Min Total Time": 758.632, "Actual Max Total Time": 758.632, "Inner Unique": false, "Plans": [{"Node Type": "Nested Loop", "Parent Relationship": "Outer", "Join Type": "Inner", "Startup Cost": 2.41, "Total Cost": 39556.65, "Plan Rows": 291, "Plan Width": 76, "Actual Min Startup Time": 356.081, "Actual Max Startup Time": 356.081, "Actual Min Total Time": 733.665, "Actual Max Total Time": 733.665, "Inner Unique": true, "Plans": [{"Node Type": "Nested Loop", "Parent Relationship": "Outer", "Join Type": "Inner", "Startup Cost": 2.41, "Total Cost": 38843.44, "Plan Rows": 250, "Plan Width": 55, "Actual Min Startup Time": 356.061, "Actual Max Startup Time": 356.061, "Actual Min Total Time": 728.846, "Actual Max Total Time": 728.846, "Inner Unique": true, "Plans": [{"Node Type": "Nested Loop", "Parent Relationship": "Outer", "Join Type": "Inner", "Startup Cost": 2.41, "Total Cost": 38560.99, "Plan Rows": 999, "Plan Width": 59, "Actual Min Startup Time": 355.951, "Actual Max Startup Time": 355.951, "Actual Min Total Time": 718.253, "Actual Max Total Time": 718.253, "Inner Unique": false, "Plans": [{"Node Type": "Hash Join", "Parent Relationship": "Outer", "Join Type": "Inner", "Startup Cost": 2.41, "Total Cost": 37619.13, "Plan Rows": 971, "Plan Width": 46, "Actual Min Startup Time": 355.852, "Actual Max Startup Time": 355.852, "Actual Min Total Time": 422.638, "Actual Max Total Time": 422.638, "Inner Unique": true, "Hash Cond": "(mi.info_type_id = it1.id)", "Plans": [{"Node Type": "Streaming(type: LOCAL GATHER dop: 1/16)", "Parent Relationship": "Outer", "Startup Cost": 0.0, "Total Cost": 37352.11, "Plan Rows": 67971, "Plan Width": 50, "Actual Min Startup Time": 270.363, "Actual Max Startup Time": 270.363, "Actual Min Total Time": 385.946, "Actual Max Total Time": 385.946, "Plans": [{"Node Type": "Seq Scan", "Parent Relationship": "Outer", "Relation Name": "movie_info", "Alias": "mi", "Startup Cost": 0.0, "Total Cost": 35885.16, "Plan Rows": 67971, "Plan Width": 50, "Actual Min Startup Time": 236.482, "Actual Max Startup Time": 342.262, "Actual Min Total Time": 383.658, "Actual Max Total Time": 397.806, "Filter": "((note IS NULL) AND ((info)::text = ANY ('{Horror,Thriller}'::text[])))", "Rows Removed by Filter": 14762672, "Actual Rows": 73047}], "Actual Rows": 73047}, {"Node Type": "Hash", "Parent Relationship": "Inner", "Startup Cost": 2.4, "Total Cost": 2.4, "Plan Rows": 1, "Plan Width": 4, "Actual Min Startup Time": 0.132, "Actual Max Startup Time": 0.132, "Actual Min Total Time": 0.132, "Actual Max Total Time": 0.132, "Max Hash Buckets": 32768, "Min Hash Buckets": 32768, "Max Hash Batches": 1, "Min Hash Batches": 1, "Max Original Hash Batches": 1, "Min Original Hash Batches": 1, "Max Peak Memory Usage": 1, "min Peak Memory Usage": 1, "Plans": [{"Node Type": "Seq Scan", "Parent Relationship": "Outer", "Relation Name": "info_type", "Alias": "it1", "Startup Cost": 0.0, "Total Cost": 2.4, "Plan Rows": 1, "Plan Width": 4, "Actual Min Startup Time": 0.088, "Actual Max Startup Time": 0.088, "Actual Min Total Time": 0.112, "Actual Max Total Time": 0.112, "Filter": "((info)::text = 'genres'::text)", "Rows Removed by Filter": 111, "Actual Rows": 1}], "Actual Rows": 1}], "Actual Rows": 72258}, {"Node Type": "Index Scan", "Parent Relationship": "Inner", "Scan Direction": "Forward", "Index Name": "movie_id_movie_info_idx", "Relation Name": "movie_info_idx", "Alias": "mi_idx", "Startup Cost": 0.0, "Total Cost": 0.96, "Plan Rows": 1, "Plan Width": 13, "Actual Min Startup Time": 256.604, "Actual Max Startup Time": 256.604, "Actual Min Total Time": 260.05, "Actual Max Total Time": 260.05, "Index Cond": "(movie_id = mi.movie_id)", "Rows Removed by Index Recheck": 0, "Filter": "((info)::text > '8.0'::text)", "Rows Removed by Filter": 113143, "Actual Rows": 4135}], "Actual Rows": 4135}, {"Node Type": "Index Scan", "Parent Relationship": "Inner", "Scan Direction": "Forward", "Index Name": "info_type_pkey", "Relation Name": "info_type", "Alias": "it2", "Startup Cost": 0.0, "Total Cost": 0.27, "Plan Rows": 1, "Plan Width": 4, "Actual Min Startup Time": 8.23, "Actual Max Startup Time": 8.23, "Actual Min Total Time": 8.23, "Actual Max Total Time": 8.23, "Index Cond": "(id = mi_idx.info_type_id)", "Rows Removed by Index Recheck": 0, "Filter": "((info)::text = 'rating'::text)", "Rows Removed by Filter": 3403, "Actual Rows": 732}], "Actual Rows": 732}, {"Node Type": "Index Scan", "Parent Relationship": "Inner", "Scan Direction": "Forward", "Index Name": "title_pkey", "Relation Name": "title", "Alias": "t", "Startup Cost": 0.0, "Total Cost": 2.84, "Plan Rows": 1, "Plan Width": 21, "Actual Min Startup Time": 4.163, "Actual Max Startup Time": 4.163, "Actual Min Total Time": 4.163, "Actual Max Total Time": 4.163, "Index Cond": "(id = mi.movie_id)", "Rows Removed by Index Recheck": 0, "Filter": "((production_year >= 2008) AND (production_year <= 2014))", "Rows Removed by Filter": 374, "Actual Rows": 358}], "Actual Rows": 358}, {"Node Type": "Index Scan", "Parent Relationship": "Inner", "Scan Direction": "Forward", "Index Name": "movie_id_cast_info", "Relation Name": "cast_info", "Alias": "ci", "Startup Cost": 0.0, "Total Cost": 2.34, "Plan Rows": 1, "Plan Width": 8, "Actual Min Startup Time": 19.408, "Actual Max Startup Time": 19.408, "Actual Min Total Time": 24.639, "Actual Max Total Time": 24.639, "Index Cond": "(movie_id = t.id)", "Rows Removed by Index Recheck": 0, "Filter": "((note)::text = ANY ('{(writer),\"(head writer)\",\"(written by)\",(story),\"(story editor)\"}'::text[]))", "Rows Removed by Filter": 12296, "Actual Rows": 268}], "Actual Rows": 268}, {"Node Type": "Index Scan", "Parent Relationship": "Inner", "Scan Direction": "Forward", "Index Name": "name_pkey", "Relation Name": "name", "Alias": "n", "Startup Cost": 0.0, "Total Cost": 0.49, "Plan Rows": 1, "Plan Width": 4, "Actual Min Startup Time": 1.937, "Actual Max Startup Time": 1.937, "Actual Min Total Time": 1.937, "Actual Max Total Time": 1.937, "Index Cond": "(id = ci.person_id)", "Rows Removed by Index Recheck": 0, "Filter": "((gender IS NOT NULL) AND ((gender)::text = 'f'::text))", "Rows Removed by Filter": 257, "Actual Rows": 11}], "Actual Rows": 11}], "Actual Rows": 1}, "Triggers": [], "Planner Runtime": 56.447, "Total Runtime": 763.624, "Unique SQL Id": 661781350}}, "(16, '73')": {"explain_plan": {"Plan": {"Node Type": "Aggregate", "Strategy": "Plain", "Startup Cost": 100763.69, "Total Cost": 100763.7, "Plan Rows": 1, "Plan Width": 160, "Plans": [{"Node Type": "Nested Loop", "Parent Relationship": "Outer", "Join Type": "Inner", "Startup Cost": 14.22, "Total Cost": 100762.05, "Plan Rows": 219, "Plan Width": 64, "Inner Unique": true, "Plans": [{"Node Type": "Nested Loop", "Parent Relationship": "Outer", "Join Type": "Inner", "Startup Cost": 14.22, "Total Cost": 100601.06, "Plan Rows": 321, "Plan Width": 68, "Inner Unique": false, "Plans": [{"Node Type": "Hash Join", "Parent Relationship": "Outer", "Join Type": "Inner", "Startup Cost": 14.22, "Total Cost": 99916.04, "Plan Rows": 291, "Plan Width": 76, "Inner Unique": true, "Hash Cond": "(mi.info_type_id = it1.id)", "Plans": [{"Node Type": "Nested Loop", "Parent Relationship": "Outer", "Join Type": "Inner", "Startup Cost": 0.0, "Total Cost": 99865.39, "Plan Rows": 13753, "Plan Width": 80, "Inner Unique": false, "Plans": [{"Node Type": "Nested Loop", "Parent Relationship": "Outer", "Join Type": "Inner", "Startup Cost": 0.0, "Total Cost": 78493.26, "Plan Rows": 15041, "Plan Width": 30, "Inner Unique": true, "Plans": [{"Node Type": "Nested Loop", "Parent Relationship": "Outer", "Join Type": "Inner", "Startup Cost": 0.0, "Total Cost": 35880.0, "Plan Rows": 12936, "Plan Width": 9, "Inner Unique": false, "Plans": [{"Node Type": "Index Scan", "Parent Relationship": "Outer", "Scan Direction": "Forward", "Index Name": "info_type_pkey", "Relation Name": "info_type", "Alias": "it2", "Startup Cost": 0.0, "Total Cost": 14.21, "Plan Rows": 1, "Plan Width": 4, "Filter": "((info)::text = 'rating'::text)"}, {"Node Type": "Index Scan", "Parent Relationship": "Inner", "Scan Direction": "Forward", "Index Name": "info_type_id_movie_info_idx", "Relation Name": "movie_info_idx", "Alias": "mi_idx", "Startup Cost": 0.0, "Total Cost": 35736.43, "Plan Rows": 12936, "Plan Width": 13, "Index Cond": "(info_type_id = it2.id)", "Filter": "((info)::text > '8.0'::text)"}]}, {"Node Type": "Index Scan", "Parent Relationship": "Inner", "Scan Direction": "Forward", "Index Name": "title_pkey", "Relation Name": "title", "Alias": "t", "Startup Cost": 0.0, "Total Cost": 3.28, "Plan Rows": 1, "Plan Width": 21, "Index Cond": "(id = mi_idx.movie_id)", "Filter": "((production_year >= 2008) AND (production_year <= 2014))"}]}, {"Node Type": "Index Scan", "Parent Relationship": "Inner", "Scan Direction": "Forward", "Index Name": "movie_id_movie_info", "Relation Name": "movie_info", "Alias": "mi", "Startup Cost": 0.0, "Total Cost": 1.41, "Plan Rows": 1, "Plan Width": 50, "Index Cond": "(movie_id = t.id)", "Filter": "((note IS NULL) AND ((info)::text = ANY ('{Horror,Thriller}'::text[])))"}]}, {"Node Type": "Hash", "Parent Relationship": "Inner", "Startup Cost": 14.21, "Total Cost": 14.21, "Plan Rows": 1, "Plan Width": 4, "Plans": [{"Node Type": "Index Scan", "Parent Relationship": "Outer", "Scan Direction": "Forward", "Index Name": "info_type_pkey", "Relation Name": "info_type", "Alias": "it1", "Startup Cost": 0.0, "Total Cost": 14.21, "Plan Rows": 1, "Plan Width": 4, "Filter": "((info)::text = 'genres'::text)"}]}]}, {"Node Type": "Index Scan", "Parent Relationship": "Inner", "Scan Direction": "Forward", "Index Name": "movie_id_cast_info", "Relation Name": "cast_info", "Alias": "ci", "Startup Cost": 0.0, "Total Cost": 2.34, "Plan Rows": 1, "Plan Width": 8, "Index Cond": "(movie_id = t.id)", "Filter": "((note)::text = ANY ('{(writer),\"(head writer)\",\"(written by)\",(story),\"(story editor)\"}'::text[]))"}]}, {"Node Type": "Index Scan", "Parent Relationship": "Inner", "Scan Direction": "Forward", "Index Name": "name_pkey", "Relation Name": "name", "Alias": "n", "Startup Cost": 0.0, "Total Cost": 0.49, "Plan Rows": 1, "Plan Width": 4, "Index Cond": "(id = ci.person_id)", "Filter": "((gender IS NOT NULL) AND ((gender)::text = 'f'::text))"}]}]}, "Unique SQL Id": 661781350, "Planner Runtime": 19}, "explain_analyze_plan": {"Plan": {"Node Type": "Aggregate", "Strategy": "Plain", "Startup Cost": 100763.69, "Total Cost": 100763.7, "Plan Rows": 1, "Plan Width": 160, "Actual Startup Time": 568.657, "Actual Total Time": 568.657, "Actual Rows": 1, "Actual Loops": 1, "Plans": [{"Node Type": "Nested Loop", "Parent Relationship": "Outer", "Join Type": "Inner", "Startup Cost": 14.22, "Total Cost": 100762.05, "Plan Rows": 219, "Plan Width": 64, "Actual Startup Time": 289.007, "Actual Total Time": 568.589, "Actual Rows": 11, "Actual Loops": 1, "Inner Unique": true, "Plans": [{"Node Type": "Nested Loop", "Parent Relationship": "Outer", "Join Type": "Inner", "Startup Cost": 14.22, "Total Cost": 100601.06, "Plan Rows": 321, "Plan Width": 68, "Actual Startup Time": 77.411, "Actual Total Time": 566.37, "Actual Rows": 268, "Actual Loops": 1, "Inner Unique": false, "Plans": [{"Node Type": "Hash Join", "Parent Relationship": "Outer", "Join Type": "Inner", "Startup Cost": 14.22, "Total Cost": 99916.04, "Plan Rows": 291, "Plan Width": 76, "Actual Startup Time": 9.616, "Actual Total Time": 541.388, "Actual Rows": 358, "Actual Loops": 1, "Inner Unique": true, "Hash Cond": "(mi.info_type_id = it1.id)", "Plans": [{"Node Type": "Nested Loop", "Parent Relationship": "Outer", "Join Type": "Inner", "Startup Cost": 0.0, "Total Cost": 99865.39, "Plan Rows": 13753, "Plan Width": 80, "Actual Startup Time": 9.486, "Actual Total Time": 540.83, "Actual Rows": 358, "Actual Loops": 1, "Inner Unique": false, "Plans": [{"Node Type": "Nested Loop", "Parent Relationship": "Outer", "Join Type": "Inner", "Startup Cost": 0.0, "Total Cost": 78493.26, "Plan Rows": 15041, "Plan Width": 30, "Actual Startup Time": 1.775, "Actual Total Time": 402.779, "Actual Rows": 6152, "Actual Loops": 1, "Inner Unique": true, "Plans": [{"Node Type": "Nested Loop", "Parent Relationship": "Outer", "Join Type": "Inner", "Startup Cost": 0.0, "Total Cost": 35880.0, "Plan Rows": 12936, "Plan Width": 9, "Actual Startup Time": 0.117, "Actual Total Time": 323.231, "Actual Rows": 15849, "Actual Loops": 1, "Inner Unique": false, "Plans": [{"Node Type": "Index Scan", "Parent Relationship": "Outer", "Scan Direction": "Forward", "Index Name": "info_type_pkey", "Relation Name": "info_type", "Alias": "it2", "Startup Cost": 0.0, "Total Cost": 14.21, "Plan Rows": 1, "Plan Width": 4, "Actual Startup Time": 0.073, "Actual Total Time": 0.086, "Actual Rows": 1, "Actual Loops": 1, "Filter": "((info)::text = 'rating'::text)", "Rows Removed by Filter": 111}, {"Node Type": "Index Scan", "Parent Relationship": "Inner", "Scan Direction": "Forward", "Index Name": "info_type_id_movie_info_idx", "Relation Name": "movie_info_idx", "Alias": "mi_idx", "Startup Cost": 0.0, "Total Cost": 35736.43, "Plan Rows": 12936, "Plan Width": 13, "Actual Startup Time": 0.039, "Actual Total Time": 319.478, "Actual Rows": 15849, "Actual Loops": 1, "Index Cond": "(info_type_id = it2.id)", "Rows Removed by Index Recheck": 0, "Filter": "((info)::text > '8.0'::text)", "Rows Removed by Filter": 444076}]}, {"Node Type": "Index Scan", "Parent Relationship": "Inner", "Scan Direction": "Forward", "Index Name": "title_pkey", "Relation Name": "title", "Alias": "t", "Startup Cost": 0.0, "Total Cost": 3.28, "Plan Rows": 1, "Plan Width": 21, "Actual Startup Time": 69.345, "Actual Total Time": 69.345, "Actual Rows": 6152, "Actual Loops": 15849, "Index Cond": "(id = mi_idx.movie_id)", "Rows Removed by Index Recheck": 0, "Filter": "((production_year >= 2008) AND (production_year <= 2014))", "Rows Removed by Filter": 9697}]}, {"Node Type": "Index Scan", "Parent Relationship": "Inner", "Scan Direction": "Forward", "Index Name": "movie_id_movie_info", "Relation Name": "movie_info", "Alias": "mi", "Startup Cost": 0.0, "Total Cost": 1.41, "Plan Rows": 1, "Plan Width": 50, "Actual Startup Time": 134.1, "Actual Total Time": 134.426, "Actual Rows": 358, "Actual Loops": 6152, "Index Cond": "(movie_id = t.id)", "Rows Removed by Index Recheck": 0, "Filter": "((note IS NULL) AND ((info)::text = ANY ('{Horror,Thriller}'::text[])))", "Rows Removed by Filter": 109599}]}, {"Node Type": "Hash", "Parent Relationship": "Inner", "Startup Cost": 14.21, "Total Cost": 14.21, "Plan Rows": 1, "Plan Width": 4, "Actual Startup Time": 0.073, "Actual Total Time": 0.073, "Actual Rows": 1, "Actual Loops": 1, "Hash Buckets": 32768, "Hash Batches": 1, "Original Hash Batches": 1, "Peak Memory Usage": 1, "Plans": [{"Node Type": "Index Scan", "Parent Relationship": "Outer", "Scan Direction": "Forward", "Index Name": "info_type_pkey", "Relation Name": "info_type", "Alias": "it1", "Startup Cost": 0.0, "Total Cost": 14.21, "Plan Rows": 1, "Plan Width": 4, "Actual Startup Time": 0.019, "Actual Total Time": 0.065, "Actual Rows": 1, "Actual Loops": 1, "Filter": "((info)::text = 'genres'::text)", "Rows Removed by Filter": 111}]}]}, {"Node Type": "Index Scan", "Parent Relationship": "Inner", "Scan Direction": "Forward", "Index Name": "movie_id_cast_info", "Relation Name": "cast_info", "Alias": "ci", "Startup Cost": 0.0, "Total Cost": 2.34, "Plan Rows": 1, "Plan Width": 8, "Actual Startup Time": 19.351, "Actual Total Time": 24.515, "Actual Rows": 268, "Actual Loops": 358, "Index Cond": "(movie_id = t.id)", "Rows Removed by Index Recheck": 0, "Filter": "((note)::text = ANY ('{(writer),\"(head writer)\",\"(written by)\",(story),\"(story editor)\"}'::text[]))", "Rows Removed by Filter": 12296}]}, {"Node Type": "Index Scan", "Parent Relationship": "Inner", "Scan Direction": "Forward", "Index Name": "name_pkey", "Relation Name": "name", "Alias": "n", "Startup Cost": 0.0, "Total Cost": 0.49, "Plan Rows": 1, "Plan Width": 4, "Actual Startup Time": 1.964, "Actual Total Time": 1.964, "Actual Rows": 11, "Actual Loops": 268, "Index Cond": "(id = ci.person_id)", "Rows Removed by Index Recheck": 0, "Filter": "((gender IS NOT NULL) AND ((gender)::text = 'f'::text))", "Rows Removed by Filter": 257}]}]}, "Triggers": [], "Planner Runtime": 18.421, "Total Runtime": 569.087, "Unique SQL Id": 661781350}}, "(16, '74')": {"explain_plan": {"Plan": {"Node Type": "Aggregate", "Strategy": "Plain", "Startup Cost": 191052.66, "Total Cost": 191052.67, "Plan Rows": 1, "Plan Width": 160, "Plans": [{"Node Type": "Hash Join", "Parent Relationship": "Outer", "Join Type": "Inner", "Startup Cost": 122683.46, "Total Cost": 191050.91, "Plan Rows": 233, "Plan Width": 64, "Inner Unique": true, "Hash Cond": "(mi_idx.info_type_id = it2.id)", "Plans": [{"Node Type": "Hash Join", "Parent Relationship": "Outer", "Join Type": "Inner", "Startup Cost": 122681.05, "Total Cost": 191042.65, "Plan Rows": 934, "Plan Width": 68, "Inner Unique": true, "Hash Cond": "(ci.person_id = n.id)", "Plans": [{"Node Type": "Streaming(type: LOCAL GATHER dop: 1/16)", "Parent Relationship": "Outer", "Startup Cost": 106141.41, "Total Cost": 174488.87, "Plan Rows": 1285, "Plan Width": 72, "Plans": [{"Node Type": "Hash Join", "Parent Relationship": "Outer", "Join Type": "Inner", "Startup Cost": 106141.41, "Total Cost": 174461.14, "Plan Rows": 1285, "Plan Width": 72, "Inner Unique": true, "Hash Cond": "(mi.movie_id = t.id)", "Plans": [{"Node Type": "Streaming(type: BROADCAST dop: 16/16)", "Parent Relationship": "Outer", "Startup Cost": 85985.62, "Total Cost": 154300.41, "Plan Rows": 17680, "Plan Width": 67, "Plans": [{"Node Type": "Hash Join", "Parent Relationship": "Outer", "Join Type": "Inner", "Startup Cost": 85985.62, "Total Cost": 139255.51, "Plan Rows": 1105, "Plan Width": 67, "Inner Unique": false, "Hash Cond": "(mi.movie_id = ci.movie_id)", "Plans": [{"Node Type": "Streaming(type: BROADCAST dop: 16/1)", "Parent Relationship": "Outer", "Startup Cost": 18248.8, "Total Cost": 71295.72, "Plan Rows": 15984, "Plan Width": 59, "Plans": [{"Node Type": "Hash Join", "Parent Relationship": "Outer", "Join Type": "Inner", "Startup Cost": 18248.8, "Total Cost": 55950.75, "Plan Rows": 999, "Plan Width": 59, "Inner Unique": false, "Hash Cond": "(mi.movie_id = mi_idx.movie_id)", "Plans": [{"Node Type": "Hash Join", "Parent Relationship": "Outer", "Join Type": "Inner", "Startup Cost": 2.41, "Total Cost": 37619.13, "Plan Rows": 971, "Plan Width": 46, "Inner Unique": true, "Hash Cond": "(mi.info_type_id = it1.id)", "Plans": [{"Node Type": "Streaming(type: LOCAL GATHER dop: 1/16)", "Parent Relationship": "Outer", "Startup Cost": 0.0, "Total Cost": 37352.11, "Plan Rows": 67971, "Plan Width": 50, "Plans": [{"Node Type": "Seq Scan", "Parent Relationship": "Outer", "Relation Name": "movie_info", "Alias": "mi", "Startup Cost": 0.0, "Total Cost": 35885.16, "Plan Rows": 67971, "Plan Width": 50, "Filter": "((note IS NULL) AND ((info)::text = ANY ('{Horror,Thriller}'::text[])))"}]}, {"Node Type": "Hash", "Parent Relationship": "Inner", "Startup Cost": 2.4, "Total Cost": 2.4, "Plan Rows": 1, "Plan Width": 4, "Plans": [{"Node Type": "Seq Scan", "Parent Relationship": "Outer", "Relation Name": "info_type", "Alias": "it1", "Startup Cost": 0.0, "Total Cost": 2.4, "Plan Rows": 1, "Plan Width": 4, "Filter": "((info)::text = 'genres'::text)"}]}]}, {"Node Type": "Hash", "Parent Relationship": "Inner", "Startup Cost": 17599.56, "Total Cost": 17599.56, "Plan Rows": 51746, "Plan Width": 13, "Plans": [{"Node Type": "Streaming(type: LOCAL GATHER dop: 1/16)", "Parent Relationship": "Outer", "Startup Cost": 0.0, "Total Cost": 17599.56, "Plan Rows": 51746, "Plan Width": 13, "Plans": [{"Node Type": "Seq Scan", "Parent Relationship": "Outer", "Relation Name": "movie_info_idx", "Alias": "mi_idx", "Startup Cost": 0.0, "Total Cost": 16482.78, "Plan Rows": 51746, "Plan Width": 13, "Filter": "((info)::text > '8.0'::text)"}]}]}]}]}, {"Node Type": "Hash", "Parent Relationship": "Inner", "Startup Cost": 66781.24, "Total Cost": 66781.24, "Plan Rows": 1223154, "Plan Width": 8, "Plans": [{"Node Type": "Seq Scan", "Parent Relationship": "Outer", "Relation Name": "cast_info", "Alias": "ci", "Startup Cost": 0.0, "Total Cost": 66781.24, "Plan Rows": 1223154, "Plan Width": 8, "Filter": "((note)::text = ANY ('{(writer),\"(head writer)\",\"(written by)\",(story),\"(story editor)\"}'::text[]))"}]}]}]}, {"Node Type": "Hash", "Parent Relationship": "Inner", "Startup Cost": 19544.42, "Total Cost": 19544.42, "Plan Rows": 782553, "Plan Width": 21, "Plans": [{"Node Type": "Seq Scan", "Parent Relationship": "Outer", "Relation Name": "title", "Alias": "t", "Startup Cost": 88.19, "Total Cost": 19544.42, "Plan Rows": 782553, "Plan Width": 21, "Filter": "((production_year >= 2008) AND (production_year <= 2014)), (LLVM Optimized)"}]}]}]}, {"Node Type": "Hash", "Parent Relationship": "Inner", "Startup Cost": 34942.34, "Total Cost": 34942.34, "Plan Rows": 624324, "Plan Width": 4, "Plans": [{"Node Type": "Streaming(type: LOCAL GATHER dop: 1/16)", "Parent Relationship": "Outer", "Startup Cost": 0.0, "Total Cost": 34942.34, "Plan Rows": 624324, "Plan Width": 4, "Plans": [{"Node Type": "Seq Scan", "Parent Relationship": "Outer", "Relation Name": "name", "Alias": "n", "Startup Cost": 0.0, "Total Cost": 21468.16, "Plan Rows": 624324, "Plan Width": 4, "Filter": "((gender IS NOT NULL) AND ((gender)::text = 'f'::text)), (LLVM Optimized)"}]}]}]}, {"Node Type": "Hash", "Parent Relationship": "Inner", "Startup Cost": 2.4, "Total Cost": 2.4, "Plan Rows": 1, "Plan Width": 4, "Plans": [{"Node Type": "Seq Scan", "Parent Relationship": "Outer", "Relation Name": "info_type", "Alias": "it2", "Startup Cost": 0.0, "Total Cost": 2.4, "Plan Rows": 1, "Plan Width": 4, "Filter": "((info)::text = 'rating'::text)"}]}]}]}, "Unique SQL Id": 661781350, "Planner Runtime": 155}, "explain_analyze_plan": {"Plan": {"Node Type": "Aggregate", "Strategy": "Plain", "Startup Cost": 191052.66, "Total Cost": 191052.67, "Plan Rows": 1, "Plan Width": 160, "Actual Min Startup Time": 1162.376, "Actual Max Startup Time": 1162.376, "Actual Min Total Time": 1162.377, "Actual Max Total Time": 1162.377, "Plans": [{"Node Type": "Hash Join", "Parent Relationship": "Outer", "Join Type": "Inner", "Startup Cost": 122683.46, "Total Cost": 191050.91, "Plan Rows": 233, "Plan Width": 64, "Actual Min Startup Time": 1159.049, "Actual Max Startup Time": 1159.049, "Actual Min Total Time": 1162.335, "Actual Max Total Time": 1162.335, "Inner Unique": true, "Hash Cond": "(mi_idx.info_type_id = it2.id)", "Plans": [{"Node Type": "Hash Join", "Parent Relationship": "Outer", "Join Type": "Inner", "Startup Cost": 122681.05, "Total Cost": 191042.65, "Plan Rows": 934, "Plan Width": 68, "Actual Min Startup Time": 1158.847, "Actual Max Startup Time": 1158.847, "Actual Min Total Time": 1161.154, "Actual Max Total Time": 1161.154, "Inner Unique": true, "Hash Cond": "(ci.person_id = n.id)", "Plans": [{"Node Type": "Streaming(type: LOCAL GATHER dop: 1/16)", "Parent Relationship": "Outer", "Startup Cost": 106141.41, "Total Cost": 174488.87, "Plan Rows": 1285, "Plan Width": 72, "Actual Min Startup Time": 486.057, "Actual Max Startup Time": 486.057, "Actual Min Total Time": 487.916, "Actual Max Total Time": 487.916, "Plans": [{"Node Type": "Hash Join", "Parent Relationship": "Outer", "Join Type": "Inner", "Startup Cost": 106141.41, "Total Cost": 174461.14, "Plan Rows": 1285, "Plan Width": 72, "Actual Min Startup Time": 918.031, "Actual Max Startup Time": 997.691, "Actual Min Total Time": 1001.844, "Actual Max Total Time": 1081.644, "Inner Unique": true, "Hash Cond": "(mi.movie_id = t.id)", "Plans": [{"Node Type": "Streaming(type: BROADCAST dop: 16/16)", "Parent Relationship": "Outer", "Startup Cost": 85985.62, "Total Cost": 154300.41, "Plan Rows": 17680, "Plan Width": 67, "Actual Min Startup Time": 836.931, "Actual Max Startup Time": 895.449, "Actual Min Total Time": 919.922, "Actual Max Total Time": 978.408, "Plans": [{"Node Type": "Hash Join", "Parent Relationship": "Outer", "Join Type": "Inner", "Startup Cost": 85985.62, "Total Cost": 139255.51, "Plan Rows": 1105, "Plan Width": 67, "Actual Min Startup Time": 873.201, "Actual Max Startup Time": 899.645, "Actual Min Total Time": 1042.458, "Actual Max Total Time": 1061.612, "Inner Unique": false, "Hash Cond": "(mi.movie_id = ci.movie_id)", "Plans": [{"Node Type": "Streaming(type: BROADCAST dop: 16/1)", "Parent Relationship": "Outer", "Startup Cost": 18248.8, "Total Cost": 71295.72, "Plan Rows": 15984, "Plan Width": 59, "Actual Min Startup Time": 0.043, "Actual Max Startup Time": 0.095, "Actual Min Total Time": 148.871, "Actual Max Total Time": 180.358, "Plans": [{"Node Type": "Hash Join", "Parent Relationship": "Outer", "Join Type": "Inner", "Startup Cost": 18248.8, "Total Cost": 55950.75, "Plan Rows": 999, "Plan Width": 59, "Actual Min Startup Time": 323.12, "Actual Max Startup Time": 323.12, "Actual Min Total Time": 427.791, "Actual Max Total Time": 427.791, "Inner Unique": false, "Hash Cond": "(mi.movie_id = mi_idx.movie_id)", "Plans": [{"Node Type": "Hash Join", "Parent Relationship": "Outer", "Join Type": "Inner", "Startup Cost": 2.41, "Total Cost": 37619.13, "Plan Rows": 971, "Plan Width": 46, "Actual Min Startup Time": 255.983, "Actual Max Startup Time": 255.983, "Actual Min Total Time": 338.455, "Actual Max Total Time": 338.455, "Inner Unique": true, "Hash Cond": "(mi.info_type_id = it1.id)", "Plans": [{"Node Type": "Streaming(type: LOCAL GATHER dop: 1/16)", "Parent Relationship": "Outer", "Startup Cost": 0.0, "Total Cost": 37352.11, "Plan Rows": 67971, "Plan Width": 50, "Actual Min Startup Time": 202.77, "Actual Max Startup Time": 202.77, "Actual Min Total Time": 310.391, "Actual Max Total Time": 310.391, "Plans": [{"Node Type": "Seq Scan", "Parent Relationship": "Outer", "Relation Name": "movie_info", "Alias": "mi", "Startup Cost": 0.0, "Total Cost": 35885.16, "Plan Rows": 67971, "Plan Width": 50, "Actual Min Startup Time": 244.882, "Actual Max Startup Time": 345.208, "Actual Min Total Time": 384.643, "Actual Max Total Time": 420.661, "Filter": "((note IS NULL) AND ((info)::text = ANY ('{Horror,Thriller}'::text[])))", "Rows Removed by Filter": 14762672, "Actual Rows": 73047}], "Actual Rows": 73047}, {"Node Type": "Hash", "Parent Relationship": "Inner", "Startup Cost": 2.4, "Total Cost": 2.4, "Plan Rows": 1, "Plan Width": 4, "Actual Min Startup Time": 0.085, "Actual Max Startup Time": 0.085, "Actual Min Total Time": 0.085, "Actual Max Total Time": 0.085, "Max Hash Buckets": 32768, "Min Hash Buckets": 32768, "Max Hash Batches": 1, "Min Hash Batches": 1, "Max Original Hash Batches": 1, "Min Original Hash Batches": 1, "Max Peak Memory Usage": 1, "min Peak Memory Usage": 1, "Plans": [{"Node Type": "Seq Scan", "Parent Relationship": "Outer", "Relation Name": "info_type", "Alias": "it1", "Startup Cost": 0.0, "Total Cost": 2.4, "Plan Rows": 1, "Plan Width": 4, "Actual Min Startup Time": 0.046, "Actual Max Startup Time": 0.046, "Actual Min Total Time": 0.07, "Actual Max Total Time": 0.07, "Filter": "((info)::text = 'genres'::text)", "Rows Removed by Filter": 111, "Actual Rows": 1}], "Actual Rows": 1}], "Actual Rows": 72258}, {"Node Type": "Hash", "Parent Relationship": "Inner", "Startup Cost": 17599.56, "Total Cost": 17599.56, "Plan Rows": 51746, "Plan Width": 13, "Actual Min Startup Time": 67.063, "Actual Max Startup Time": 67.063, "Actual Min Total Time": 67.063, "Actual Max Total Time": 67.063, "Max Hash Buckets": 65536, "Min Hash Buckets": 65536, "Max Hash Batches": 1, "Min Hash Batches": 1, "Max Original Hash Batches": 1, "Min Original Hash Batches": 1, "Max Peak Memory Usage": 2322, "min Peak Memory Usage": 2322, "Plans": [{"Node Type": "Streaming(type: LOCAL GATHER dop: 1/16)", "Parent Relationship": "Outer", "Startup Cost": 0.0, "Total Cost": 17599.56, "Plan Rows": 51746, "Plan Width": 13, "Actual Min Startup Time": 0.064, "Actual Max Startup Time": 0.064, "Actual Min Total Time": 43.538, "Actual Max Total Time": 43.538, "Plans": [{"Node Type": "Seq Scan", "Parent Relationship": "Outer", "Relation Name": "movie_info_idx", "Alias": "mi_idx", "Startup Cost": 0.0, "Total Cost": 16482.78, "Plan Rows": 51746, "Plan Width": 13, "Actual Min Startup Time": 0.045, "Actual Max Startup Time": 0.12, "Actual Min Total Time": 34.682, "Actual Max Total Time": 42.884, "Filter": "((info)::text > '8.0'::text)", "Rows Removed by Filter": 1326385, "Actual Rows": 53649}], "Actual Rows": 53649}], "Actual Rows": 53649}], "Actual Rows": 4135}], "Actual Rows": 66160}, {"Node Type": "Hash", "Parent Relationship": "Inner", "Startup Cost": 66781.24, "Total Cost": 66781.24, "Plan Rows": 1223154, "Plan Width": 8, "Actual Min Startup Time": 872.985, "Actual Max Startup Time": 891.736, "Actual Min Total Time": 872.985, "Actual Max Total Time": 891.736, "Max Hash Buckets": 131072, "Min Hash Buckets": 131072, "Max Hash Batches": 1, "Min Hash Batches": 1, "Max Original Hash Batches": 1, "Min Original Hash Batches": 1, "Max Peak Memory Usage": 3042, "min Peak Memory Usage": 3042, "Plans": [{"Node Type": "Seq Scan", "Parent Relationship": "Outer", "Relation Name": "cast_info", "Alias": "ci", "Startup Cost": 0.0, "Total Cost": 66781.24, "Plan Rows": 1223154, "Plan Width": 8, "Actual Min Startup Time": 23.896, "Actual Max Startup Time": 441.836, "Actual Min Total Time": 849.778, "Actual Max Total Time": 868.322, "Filter": "((note)::text = ANY ('{(writer),\"(head writer)\",\"(written by)\",(story),\"(story editor)\"}'::text[]))", "Rows Removed by Filter": 34999627, "Actual Rows": 1244716}], "Actual Rows": 1244716}], "Actual Rows": 2288}], "Actual Rows": 36608}, {"Node Type": "Hash", "Parent Relationship": "Inner", "Startup Cost": 19544.42, "Total Cost": 19544.42, "Plan Rows": 782553, "Plan Width": 21, "Actual Min Startup Time": 77.63, "Actual Max Startup Time": 102.012, "Actual Min Total Time": 77.63, "Actual Max Total Time": 102.012, "Max Hash Buckets": 65536, "Min Hash Buckets": 65536, "Max Hash Batches": 1, "Min Hash Batches": 1, "Max Original Hash Batches": 1, "Min Original Hash Batches": 1, "Max Peak Memory Usage": 2675, "min Peak Memory Usage": 2675, "Plans": [{"Node Type": "Seq Scan", "Parent Relationship": "Outer", "Relation Name": "title", "Alias": "t", "Startup Cost": 88.19, "Total Cost": 19544.42, "Plan Rows": 782553, "Plan Width": 21, "Actual Min Startup Time": 0.025, "Actual Max Startup Time": 0.082, "Actual Min Total Time": 62.07, "Actual Max Total Time": 72.07, "Filter": "((production_year >= 2008) AND (production_year <= 2014)), (LLVM Optimized, Jit Execute)", "Rows Removed by Filter": 1743823, "Actual Rows": 784488}], "Actual Rows": 784488}], "Actual Rows": 930}], "Actual Rows": 930}, {"Node Type": "Hash", "Parent Relationship": "Inner", "Startup Cost": 34942.34, "Total Cost": 34942.34, "Plan Rows": 624324, "Plan Width": 4, "Actual Min Startup Time": 672.015, "Actual Max Startup Time": 672.015, "Actual Min Total Time": 672.015, "Actual Max Total Time": 672.015, "Max Hash Buckets": 1048576, "Min Hash Buckets": 1048576, "Max Hash Batches": 1, "Min Hash Batches": 1, "Max Original Hash Batches": 1, "Min Original Hash Batches": 1, "Max Peak Memory Usage": 33805, "min Peak Memory Usage": 33805, "Plans": [{"Node Type": "Streaming(type: LOCAL GATHER dop: 1/16)", "Parent Relationship": "Outer", "Startup Cost": 0.0, "Total Cost": 34942.34, "Plan Rows": 624324, "Plan Width": 4, "Actual Min Startup Time": 135.641, "Actual Max Startup Time": 135.641, "Actual Min Total Time": 403.688, "Actual Max Total Time": 403.688, "Plans": [{"Node Type": "Seq Scan", "Parent Relationship": "Outer", "Relation Name": "name", "Alias": "n", "Startup Cost": 0.0, "Total Cost": 21468.16, "Plan Rows": 624324, "Plan Width": 4, "Actual Min Startup Time": 42.718, "Actual Max Startup Time": 48.563, "Actual Min Total Time": 90.652, "Actual Max Total Time": 98.845, "Filter": "((gender IS NOT NULL) AND ((gender)::text = 'f'::text)), (LLVM Optimized, Jit Execute)", "Rows Removed by Filter": 3205935, "Actual Rows": 961555}], "Actual Rows": 961555}], "Actual Rows": 961555}], "Actual Rows": 40}, {"Node Type": "Hash", "Parent Relationship": "Inner", "Startup Cost": 2.4, "Total Cost": 2.4, "Plan Rows": 1, "Plan Width": 4, "Actual Min Startup Time": 0.115, "Actual Max Startup Time": 0.115, "Actual Min Total Time": 0.115, "Actual Max Total Time": 0.115, "Max Hash Buckets": 32768, "Min Hash Buckets": 32768, "Max Hash Batches": 1, "Min Hash Batches": 1, "Max Original Hash Batches": 1, "Min Original Hash Batches": 1, "Max Peak Memory Usage": 1, "min Peak Memory Usage": 1, "Plans": [{"Node Type": "Seq Scan", "Parent Relationship": "Outer", "Relation Name": "info_type", "Alias": "it2", "Startup Cost": 0.0, "Total Cost": 2.4, "Plan Rows": 1, "Plan Width": 4, "Actual Min Startup Time": 0.094, "Actual Max Startup Time": 0.094, "Actual Min Total Time": 0.1, "Actual Max Total Time": 0.1, "Filter": "((info)::text = 'rating'::text)", "Rows Removed by Filter": 111, "Actual Rows": 1}], "Actual Rows": 1}], "Actual Rows": 11}], "Actual Rows": 1}, "Triggers": [], "Planner Runtime": 155.843, "Total Runtime": 1188.233, "Unique SQL Id": 661781350}}, "(16, '75')": {"explain_plan": {"Plan": {"Node Type": "Aggregate", "Strategy": "Plain", "Startup Cost": 6995134748758.12, "Total Cost": 6995134748758.13, "Plan Rows": 1, "Plan Width": 160, "Plans": [{"Node Type": "Hash Join", "Parent Relationship": "Outer", "Join Type": "Inner", "Startup Cost": 3040050454466.5, "Total Cost": 6995134748756.37, "Plan Rows": 233, "Plan Width": 64, "Inner Unique": true, "Hash Cond": "(ci.person_id = n.id)", "Plans": [{"Node Type": "Hash Join", "Parent Relationship": "Outer", "Join Type": "Inner", "Startup Cost": 2040031781515.25, "Total Cost": 5995116075801.58, "Plan Rows": 321, "Plan Width": 68, "Inner Unique": true, "Hash Cond": "(mi_idx.info_type_id = it2.id)", "Plans": [{"Node Type": "Hash Join", "Parent Relationship": "Outer", "Join Type": "Inner", "Startup Cost": 1040031780094.24, "Total Cost": 4995116074372.54, "Plan Rows": 1285, "Plan Width": 72, "Inner Unique": true, "Hash Cond": "(mi.info_type_id = it1.id)", "Plans": [{"Node Type": "Merge Join", "Parent Relationship": "Outer", "Join Type": "Inner", "Startup Cost": 40031778673.22, "Total Cost": 3995116072790.31, "Plan Rows": 60862, "Plan Width": 76, "Inner Unique": false, "Merge Cond": "(t.id = mi_idx.movie_id)", "Plans": [{"Node Type": "Merge Join", "Parent Relationship": "Outer", "Join Type": "Inner", "Startup Cost": 30031778673.22, "Total Cost": 2997894360706.27, "Plan Rows": 87438, "Plan Width": 79, "Inner Unique": false, "Merge Cond": "(t.id = ci.movie_id)", "Plans": [{"Node Type": "Merge Join", "Parent Relationship": "Outer", "Join Type": "Inner", "Startup Cost": 20025302114.44, "Total Cost": 1999418944954.71, "Plan Rows": 79032, "Plan Width": 71, "Inner Unique": true, "Merge Cond": "(mi.movie_id = t.id)", "Plans": [{"Node Type": "Index Scan", "Parent Relationship": "Outer", "Scan Direction": "Forward", "Index Name": "movie_id_movie_info", "Relation Name": "movie_info", "Alias": "mi", "Startup Cost": 10000000000.0, "Total Cost": 1000107534403.72, "Plan Rows": 67971, "Plan Width": 50, "Filter": "((note IS NULL) AND ((info)::text = ANY ('{Horror,Thriller}'::text[])))"}, {"Node Type": "Index Scan", "Parent Relationship": "Inner", "Scan Direction": "Forward", "Index Name": "title_pkey", "Relation Name": "title", "Alias": "t", "Startup Cost": 10000000000.0, "Total Cost": 1000012276204.41, "Plan Rows": 782553, "Plan Width": 21, "Filter": "((production_year >= 2008) AND (production_year <= 2014)), (LLVM Optimized)"}]}, {"Node Type": "Index Scan", "Parent Relationship": "Inner", "Scan Direction": "Forward", "Index Name": "movie_id_cast_info", "Relation Name": "cast_info", "Alias": "ci", "Startup Cost": 10000000000.0, "Total Cost": 1000228594573.05, "Plan Rows": 1223154, "Plan Width": 8, "Filter": "((note)::text = ANY ('{(writer),\"(head writer)\",\"(written by)\",(story),\"(story editor)\"}'::text[]))"}]}, {"Node Type": "Index Scan", "Parent Relationship": "Inner", "Scan Direction": "Forward", "Index Name": "movie_id_movie_info_idx", "Relation Name": "movie_info_idx", "Alias": "mi_idx", "Startup Cost": 10000000000.0, "Total Cost": 1000004995043.87, "Plan Rows": 51746, "Plan Width": 13, "Filter": "((info)::text > '8.0'::text)"}]}, {"Node Type": "Hash", "Parent Relationship": "Inner", "Startup Cost": 1000000001421.0, "Total Cost": 1000000001421.0, "Plan Rows": 1, "Plan Width": 4, "Plans": [{"Node Type": "Index Scan", "Parent Relationship": "Outer", "Scan Direction": "Forward", "Index Name": "info_type_pkey", "Relation Name": "info_type", "Alias": "it1", "Startup Cost": 10000000000.0, "Total Cost": 1000000001421.0, "Plan Rows": 1, "Plan Width": 4, "Filter": "((info)::text = 'genres'::text)"}]}]}, {"Node Type": "Hash", "Parent Relationship": "Inner", "Startup Cost": 1000000001421.0, "Total Cost": 1000000001421.0, "Plan Rows": 1, "Plan Width": 4, "Plans": [{"Node Type": "Index Scan", "Parent Relationship": "Outer", "Scan Direction": "Forward", "Index Name": "info_type_pkey", "Relation Name": "info_type", "Alias": "it2", "Startup Cost": 10000000000.0, "Total Cost": 1000000001421.0, "Plan Rows": 1, "Plan Width": 4, "Filter": "((info)::text = 'rating'::text)"}]}]}, {"Node Type": "Hash", "Parent Relationship": "Inner", "Startup Cost": 1000018665147.2, "Total Cost": 1000018665147.2, "Plan Rows": 624324, "Plan Width": 4, "Plans": [{"Node Type": "Index Scan", "Parent Relationship": "Outer", "Scan Direction": "Forward", "Index Name": "name_pkey", "Relation Name": "name", "Alias": "n", "Startup Cost": 10000000000.0, "Total Cost": 1000018665147.2, "Plan Rows": 624324, "Plan Width": 4, "Filter": "((gender IS NOT NULL) AND ((gender)::text = 'f'::text)), (LLVM Optimized)"}]}]}]}, "Unique SQL Id": 661781350, "Planner Runtime": 124}, "explain_analyze_plan": null}, "(16, '76')": {"explain_plan": {"Plan": {"Node Type": "Aggregate", "Strategy": "Plain", "Startup Cost": 40404.31, "Total Cost": 40404.32, "Plan Rows": 1, "Plan Width": 160, "Plans": [{"Node Type": "Nested Loop", "Parent Relationship": "Outer", "Join Type": "Inner", "Startup Cost": 2.41, "Total Cost": 40402.67, "Plan Rows": 219, "Plan Width": 64, "Inner Unique": true, "Plans": [{"Node Type": "Nested Loop", "Parent Relationship": "Outer", "Join Type": "Inner", "Startup Cost": 2.41, "Total Cost": 40241.67, "Plan Rows": 321, "Plan Width": 68, "Inner Unique": false, "Plans": [{"Node Type": "Nested Loop", "Parent Relationship": "Outer", "Join Type": "Inner", "Startup Cost": 2.41, "Total Cost": 39556.65, "Plan Rows": 291, "Plan Width": 76, "Inner Unique": true, "Plans": [{"Node Type": "Nested Loop", "Parent Relationship": "Outer", "Join Type": "Inner", "Startup Cost": 2.41, "Total Cost": 38843.44, "Plan Rows": 250, "Plan Width": 55, "Inner Unique": true, "Plans": [{"Node Type": "Nested Loop", "Parent Relationship": "Outer", "Join Type": "Inner", "Startup Cost": 2.41, "Total Cost": 38560.99, "Plan Rows": 999, "Plan Width": 59, "Inner Unique": false, "Plans": [{"Node Type": "Hash Join", "Parent Relationship": "Outer", "Join Type": "Inner", "Startup Cost": 2.41, "Total Cost": 37619.13, "Plan Rows": 971, "Plan Width": 46, "Inner Unique": true, "Hash Cond": "(mi.info_type_id = it1.id)", "Plans": [{"Node Type": "Streaming(type: LOCAL GATHER dop: 1/16)", "Parent Relationship": "Outer", "Startup Cost": 0.0, "Total Cost": 37352.11, "Plan Rows": 67971, "Plan Width": 50, "Plans": [{"Node Type": "Seq Scan", "Parent Relationship": "Outer", "Relation Name": "movie_info", "Alias": "mi", "Startup Cost": 0.0, "Total Cost": 35885.16, "Plan Rows": 67971, "Plan Width": 50, "Filter": "((note IS NULL) AND ((info)::text = ANY ('{Horror,Thriller}'::text[])))"}]}, {"Node Type": "Hash", "Parent Relationship": "Inner", "Startup Cost": 2.4, "Total Cost": 2.4, "Plan Rows": 1, "Plan Width": 4, "Plans": [{"Node Type": "Seq Scan", "Parent Relationship": "Outer", "Relation Name": "info_type", "Alias": "it1", "Startup Cost": 0.0, "Total Cost": 2.4, "Plan Rows": 1, "Plan Width": 4, "Filter": "((info)::text = 'genres'::text)"}]}]}, {"Node Type": "Index Scan", "Parent Relationship": "Inner", "Scan Direction": "Forward", "Index Name": "movie_id_movie_info_idx", "Relation Name": "movie_info_idx", "Alias": "mi_idx", "Startup Cost": 0.0, "Total Cost": 0.96, "Plan Rows": 1, "Plan Width": 13, "Index Cond": "(movie_id = mi.movie_id)", "Filter": "((info)::text > '8.0'::text)"}]}, {"Node Type": "Index Scan", "Parent Relationship": "Inner", "Scan Direction": "Forward", "Index Name": "info_type_pkey", "Relation Name": "info_type", "Alias": "it2", "Startup Cost": 0.0, "Total Cost": 0.27, "Plan Rows": 1, "Plan Width": 4, "Index Cond": "(id = mi_idx.info_type_id)", "Filter": "((info)::text = 'rating'::text)"}]}, {"Node Type": "Index Scan", "Parent Relationship": "Inner", "Scan Direction": "Forward", "Index Name": "title_pkey", "Relation Name": "title", "Alias": "t", "Startup Cost": 0.0, "Total Cost": 2.84, "Plan Rows": 1, "Plan Width": 21, "Index Cond": "(id = mi.movie_id)", "Filter": "((production_year >= 2008) AND (production_year <= 2014))"}]}, {"Node Type": "Index Scan", "Parent Relationship": "Inner", "Scan Direction": "Forward", "Index Name": "movie_id_cast_info", "Relation Name": "cast_info", "Alias": "ci", "Startup Cost": 0.0, "Total Cost": 2.34, "Plan Rows": 1, "Plan Width": 8, "Index Cond": "(movie_id = t.id)", "Filter": "((note)::text = ANY ('{(writer),\"(head writer)\",\"(written by)\",(story),\"(story editor)\"}'::text[]))"}]}, {"Node Type": "Index Scan", "Parent Relationship": "Inner", "Scan Direction": "Forward", "Index Name": "name_pkey", "Relation Name": "name", "Alias": "n", "Startup Cost": 0.0, "Total Cost": 0.49, "Plan Rows": 1, "Plan Width": 4, "Index Cond": "(id = ci.person_id)", "Filter": "((gender IS NOT NULL) AND ((gender)::text = 'f'::text))"}]}]}, "Unique SQL Id": 661781350, "Planner Runtime": 57}, "explain_analyze_plan": {"Plan": {"Node Type": "Aggregate", "Strategy": "Plain", "Startup Cost": 40404.31, "Total Cost": 40404.32, "Plan Rows": 1, "Plan Width": 160, "Actual Min Startup Time": 760.866, "Actual Max Startup Time": 760.866, "Actual Min Total Time": 760.866, "Actual Max Total Time": 760.866, "Plans": [{"Node Type": "Nested Loop", "Parent Relationship": "Outer", "Join Type": "Inner", "Startup Cost": 2.41, "Total Cost": 40402.67, "Plan Rows": 219, "Plan Width": 64, "Actual Min Startup Time": 365.571, "Actual Max Startup Time": 365.571, "Actual Min Total Time": 760.797, "Actual Max Total Time": 760.797, "Inner Unique": true, "Plans": [{"Node Type": "Nested Loop", "Parent Relationship": "Outer", "Join Type": "Inner", "Startup Cost": 2.41, "Total Cost": 40241.67, "Plan Rows": 321, "Plan Width": 68, "Actual Min Startup Time": 357.854, "Actual Max Startup Time": 357.854, "Actual Min Total Time": 758.632, "Actual Max Total Time": 758.632, "Inner Unique": false, "Plans": [{"Node Type": "Nested Loop", "Parent Relationship": "Outer", "Join Type": "Inner", "Startup Cost": 2.41, "Total Cost": 39556.65, "Plan Rows": 291, "Plan Width": 76, "Actual Min Startup Time": 356.081, "Actual Max Startup Time": 356.081, "Actual Min Total Time": 733.665, "Actual Max Total Time": 733.665, "Inner Unique": true, "Plans": [{"Node Type": "Nested Loop", "Parent Relationship": "Outer", "Join Type": "Inner", "Startup Cost": 2.41, "Total Cost": 38843.44, "Plan Rows": 250, "Plan Width": 55, "Actual Min Startup Time": 356.061, "Actual Max Startup Time": 356.061, "Actual Min Total Time": 728.846, "Actual Max Total Time": 728.846, "Inner Unique": true, "Plans": [{"Node Type": "Nested Loop", "Parent Relationship": "Outer", "Join Type": "Inner", "Startup Cost": 2.41, "Total Cost": 38560.99, "Plan Rows": 999, "Plan Width": 59, "Actual Min Startup Time": 355.951, "Actual Max Startup Time": 355.951, "Actual Min Total Time": 718.253, "Actual Max Total Time": 718.253, "Inner Unique": false, "Plans": [{"Node Type": "Hash Join", "Parent Relationship": "Outer", "Join Type": "Inner", "Startup Cost": 2.41, "Total Cost": 37619.13, "Plan Rows": 971, "Plan Width": 46, "Actual Min Startup Time": 355.852, "Actual Max Startup Time": 355.852, "Actual Min Total Time": 422.638, "Actual Max Total Time": 422.638, "Inner Unique": true, "Hash Cond": "(mi.info_type_id = it1.id)", "Plans": [{"Node Type": "Streaming(type: LOCAL GATHER dop: 1/16)", "Parent Relationship": "Outer", "Startup Cost": 0.0, "Total Cost": 37352.11, "Plan Rows": 67971, "Plan Width": 50, "Actual Min Startup Time": 270.363, "Actual Max Startup Time": 270.363, "Actual Min Total Time": 385.946, "Actual Max Total Time": 385.946, "Plans": [{"Node Type": "Seq Scan", "Parent Relationship": "Outer", "Relation Name": "movie_info", "Alias": "mi", "Startup Cost": 0.0, "Total Cost": 35885.16, "Plan Rows": 67971, "Plan Width": 50, "Actual Min Startup Time": 236.482, "Actual Max Startup Time": 342.262, "Actual Min Total Time": 383.658, "Actual Max Total Time": 397.806, "Filter": "((note IS NULL) AND ((info)::text = ANY ('{Horror,Thriller}'::text[])))", "Rows Removed by Filter": 14762672, "Actual Rows": 73047}], "Actual Rows": 73047}, {"Node Type": "Hash", "Parent Relationship": "Inner", "Startup Cost": 2.4, "Total Cost": 2.4, "Plan Rows": 1, "Plan Width": 4, "Actual Min Startup Time": 0.132, "Actual Max Startup Time": 0.132, "Actual Min Total Time": 0.132, "Actual Max Total Time": 0.132, "Max Hash Buckets": 32768, "Min Hash Buckets": 32768, "Max Hash Batches": 1, "Min Hash Batches": 1, "Max Original Hash Batches": 1, "Min Original Hash Batches": 1, "Max Peak Memory Usage": 1, "min Peak Memory Usage": 1, "Plans": [{"Node Type": "Seq Scan", "Parent Relationship": "Outer", "Relation Name": "info_type", "Alias": "it1", "Startup Cost": 0.0, "Total Cost": 2.4, "Plan Rows": 1, "Plan Width": 4, "Actual Min Startup Time": 0.088, "Actual Max Startup Time": 0.088, "Actual Min Total Time": 0.112, "Actual Max Total Time": 0.112, "Filter": "((info)::text = 'genres'::text)", "Rows Removed by Filter": 111, "Actual Rows": 1}], "Actual Rows": 1}], "Actual Rows": 72258}, {"Node Type": "Index Scan", "Parent Relationship": "Inner", "Scan Direction": "Forward", "Index Name": "movie_id_movie_info_idx", "Relation Name": "movie_info_idx", "Alias": "mi_idx", "Startup Cost": 0.0, "Total Cost": 0.96, "Plan Rows": 1, "Plan Width": 13, "Actual Min Startup Time": 256.604, "Actual Max Startup Time": 256.604, "Actual Min Total Time": 260.05, "Actual Max Total Time": 260.05, "Index Cond": "(movie_id = mi.movie_id)", "Rows Removed by Index Recheck": 0, "Filter": "((info)::text > '8.0'::text)", "Rows Removed by Filter": 113143, "Actual Rows": 4135}], "Actual Rows": 4135}, {"Node Type": "Index Scan", "Parent Relationship": "Inner", "Scan Direction": "Forward", "Index Name": "info_type_pkey", "Relation Name": "info_type", "Alias": "it2", "Startup Cost": 0.0, "Total Cost": 0.27, "Plan Rows": 1, "Plan Width": 4, "Actual Min Startup Time": 8.23, "Actual Max Startup Time": 8.23, "Actual Min Total Time": 8.23, "Actual Max Total Time": 8.23, "Index Cond": "(id = mi_idx.info_type_id)", "Rows Removed by Index Recheck": 0, "Filter": "((info)::text = 'rating'::text)", "Rows Removed by Filter": 3403, "Actual Rows": 732}], "Actual Rows": 732}, {"Node Type": "Index Scan", "Parent Relationship": "Inner", "Scan Direction": "Forward", "Index Name": "title_pkey", "Relation Name": "title", "Alias": "t", "Startup Cost": 0.0, "Total Cost": 2.84, "Plan Rows": 1, "Plan Width": 21, "Actual Min Startup Time": 4.163, "Actual Max Startup Time": 4.163, "Actual Min Total Time": 4.163, "Actual Max Total Time": 4.163, "Index Cond": "(id = mi.movie_id)", "Rows Removed by Index Recheck": 0, "Filter": "((production_year >= 2008) AND (production_year <= 2014))", "Rows Removed by Filter": 374, "Actual Rows": 358}], "Actual Rows": 358}, {"Node Type": "Index Scan", "Parent Relationship": "Inner", "Scan Direction": "Forward", "Index Name": "movie_id_cast_info", "Relation Name": "cast_info", "Alias": "ci", "Startup Cost": 0.0, "Total Cost": 2.34, "Plan Rows": 1, "Plan Width": 8, "Actual Min Startup Time": 19.408, "Actual Max Startup Time": 19.408, "Actual Min Total Time": 24.639, "Actual Max Total Time": 24.639, "Index Cond": "(movie_id = t.id)", "Rows Removed by Index Recheck": 0, "Filter": "((note)::text = ANY ('{(writer),\"(head writer)\",\"(written by)\",(story),\"(story editor)\"}'::text[]))", "Rows Removed by Filter": 12296, "Actual Rows": 268}], "Actual Rows": 268}, {"Node Type": "Index Scan", "Parent Relationship": "Inner", "Scan Direction": "Forward", "Index Name": "name_pkey", "Relation Name": "name", "Alias": "n", "Startup Cost": 0.0, "Total Cost": 0.49, "Plan Rows": 1, "Plan Width": 4, "Actual Min Startup Time": 1.937, "Actual Max Startup Time": 1.937, "Actual Min Total Time": 1.937, "Actual Max Total Time": 1.937, "Index Cond": "(id = ci.person_id)", "Rows Removed by Index Recheck": 0, "Filter": "((gender IS NOT NULL) AND ((gender)::text = 'f'::text))", "Rows Removed by Filter": 257, "Actual Rows": 11}], "Actual Rows": 11}], "Actual Rows": 1}, "Triggers": [], "Planner Runtime": 56.447, "Total Runtime": 763.624, "Unique SQL Id": 661781350}}, "(16, '77')": {"explain_plan": {"Plan": {"Node Type": "Aggregate", "Strategy": "Plain", "Startup Cost": 100763.69, "Total Cost": 100763.7, "Plan Rows": 1, "Plan Width": 160, "Plans": [{"Node Type": "Nested Loop", "Parent Relationship": "Outer", "Join Type": "Inner", "Startup Cost": 14.22, "Total Cost": 100762.05, "Plan Rows": 219, "Plan Width": 64, "Inner Unique": true, "Plans": [{"Node Type": "Nested Loop", "Parent Relationship": "Outer", "Join Type": "Inner", "Startup Cost": 14.22, "Total Cost": 100601.06, "Plan Rows": 321, "Plan Width": 68, "Inner Unique": false, "Plans": [{"Node Type": "Hash Join", "Parent Relationship": "Outer", "Join Type": "Inner", "Startup Cost": 14.22, "Total Cost": 99916.04, "Plan Rows": 291, "Plan Width": 76, "Inner Unique": true, "Hash Cond": "(mi.info_type_id = it1.id)", "Plans": [{"Node Type": "Nested Loop", "Parent Relationship": "Outer", "Join Type": "Inner", "Startup Cost": 0.0, "Total Cost": 99865.39, "Plan Rows": 13753, "Plan Width": 80, "Inner Unique": false, "Plans": [{"Node Type": "Nested Loop", "Parent Relationship": "Outer", "Join Type": "Inner", "Startup Cost": 0.0, "Total Cost": 78493.26, "Plan Rows": 15041, "Plan Width": 30, "Inner Unique": true, "Plans": [{"Node Type": "Nested Loop", "Parent Relationship": "Outer", "Join Type": "Inner", "Startup Cost": 0.0, "Total Cost": 35880.0, "Plan Rows": 12936, "Plan Width": 9, "Inner Unique": false, "Plans": [{"Node Type": "Index Scan", "Parent Relationship": "Outer", "Scan Direction": "Forward", "Index Name": "info_type_pkey", "Relation Name": "info_type", "Alias": "it2", "Startup Cost": 0.0, "Total Cost": 14.21, "Plan Rows": 1, "Plan Width": 4, "Filter": "((info)::text = 'rating'::text)"}, {"Node Type": "Index Scan", "Parent Relationship": "Inner", "Scan Direction": "Forward", "Index Name": "info_type_id_movie_info_idx", "Relation Name": "movie_info_idx", "Alias": "mi_idx", "Startup Cost": 0.0, "Total Cost": 35736.43, "Plan Rows": 12936, "Plan Width": 13, "Index Cond": "(info_type_id = it2.id)", "Filter": "((info)::text > '8.0'::text)"}]}, {"Node Type": "Index Scan", "Parent Relationship": "Inner", "Scan Direction": "Forward", "Index Name": "title_pkey", "Relation Name": "title", "Alias": "t", "Startup Cost": 0.0, "Total Cost": 3.28, "Plan Rows": 1, "Plan Width": 21, "Index Cond": "(id = mi_idx.movie_id)", "Filter": "((production_year >= 2008) AND (production_year <= 2014))"}]}, {"Node Type": "Index Scan", "Parent Relationship": "Inner", "Scan Direction": "Forward", "Index Name": "movie_id_movie_info", "Relation Name": "movie_info", "Alias": "mi", "Startup Cost": 0.0, "Total Cost": 1.41, "Plan Rows": 1, "Plan Width": 50, "Index Cond": "(movie_id = t.id)", "Filter": "((note IS NULL) AND ((info)::text = ANY ('{Horror,Thriller}'::text[])))"}]}, {"Node Type": "Hash", "Parent Relationship": "Inner", "Startup Cost": 14.21, "Total Cost": 14.21, "Plan Rows": 1, "Plan Width": 4, "Plans": [{"Node Type": "Index Scan", "Parent Relationship": "Outer", "Scan Direction": "Forward", "Index Name": "info_type_pkey", "Relation Name": "info_type", "Alias": "it1", "Startup Cost": 0.0, "Total Cost": 14.21, "Plan Rows": 1, "Plan Width": 4, "Filter": "((info)::text = 'genres'::text)"}]}]}, {"Node Type": "Index Scan", "Parent Relationship": "Inner", "Scan Direction": "Forward", "Index Name": "movie_id_cast_info", "Relation Name": "cast_info", "Alias": "ci", "Startup Cost": 0.0, "Total Cost": 2.34, "Plan Rows": 1, "Plan Width": 8, "Index Cond": "(movie_id = t.id)", "Filter": "((note)::text = ANY ('{(writer),\"(head writer)\",\"(written by)\",(story),\"(story editor)\"}'::text[]))"}]}, {"Node Type": "Index Scan", "Parent Relationship": "Inner", "Scan Direction": "Forward", "Index Name": "name_pkey", "Relation Name": "name", "Alias": "n", "Startup Cost": 0.0, "Total Cost": 0.49, "Plan Rows": 1, "Plan Width": 4, "Index Cond": "(id = ci.person_id)", "Filter": "((gender IS NOT NULL) AND ((gender)::text = 'f'::text))"}]}]}, "Unique SQL Id": 661781350, "Planner Runtime": 18}, "explain_analyze_plan": {"Plan": {"Node Type": "Aggregate", "Strategy": "Plain", "Startup Cost": 100763.69, "Total Cost": 100763.7, "Plan Rows": 1, "Plan Width": 160, "Actual Startup Time": 568.657, "Actual Total Time": 568.657, "Actual Rows": 1, "Actual Loops": 1, "Plans": [{"Node Type": "Nested Loop", "Parent Relationship": "Outer", "Join Type": "Inner", "Startup Cost": 14.22, "Total Cost": 100762.05, "Plan Rows": 219, "Plan Width": 64, "Actual Startup Time": 289.007, "Actual Total Time": 568.589, "Actual Rows": 11, "Actual Loops": 1, "Inner Unique": true, "Plans": [{"Node Type": "Nested Loop", "Parent Relationship": "Outer", "Join Type": "Inner", "Startup Cost": 14.22, "Total Cost": 100601.06, "Plan Rows": 321, "Plan Width": 68, "Actual Startup Time": 77.411, "Actual Total Time": 566.37, "Actual Rows": 268, "Actual Loops": 1, "Inner Unique": false, "Plans": [{"Node Type": "Hash Join", "Parent Relationship": "Outer", "Join Type": "Inner", "Startup Cost": 14.22, "Total Cost": 99916.04, "Plan Rows": 291, "Plan Width": 76, "Actual Startup Time": 9.616, "Actual Total Time": 541.388, "Actual Rows": 358, "Actual Loops": 1, "Inner Unique": true, "Hash Cond": "(mi.info_type_id = it1.id)", "Plans": [{"Node Type": "Nested Loop", "Parent Relationship": "Outer", "Join Type": "Inner", "Startup Cost": 0.0, "Total Cost": 99865.39, "Plan Rows": 13753, "Plan Width": 80, "Actual Startup Time": 9.486, "Actual Total Time": 540.83, "Actual Rows": 358, "Actual Loops": 1, "Inner Unique": false, "Plans": [{"Node Type": "Nested Loop", "Parent Relationship": "Outer", "Join Type": "Inner", "Startup Cost": 0.0, "Total Cost": 78493.26, "Plan Rows": 15041, "Plan Width": 30, "Actual Startup Time": 1.775, "Actual Total Time": 402.779, "Actual Rows": 6152, "Actual Loops": 1, "Inner Unique": true, "Plans": [{"Node Type": "Nested Loop", "Parent Relationship": "Outer", "Join Type": "Inner", "Startup Cost": 0.0, "Total Cost": 35880.0, "Plan Rows": 12936, "Plan Width": 9, "Actual Startup Time": 0.117, "Actual Total Time": 323.231, "Actual Rows": 15849, "Actual Loops": 1, "Inner Unique": false, "Plans": [{"Node Type": "Index Scan", "Parent Relationship": "Outer", "Scan Direction": "Forward", "Index Name": "info_type_pkey", "Relation Name": "info_type", "Alias": "it2", "Startup Cost": 0.0, "Total Cost": 14.21, "Plan Rows": 1, "Plan Width": 4, "Actual Startup Time": 0.073, "Actual Total Time": 0.086, "Actual Rows": 1, "Actual Loops": 1, "Filter": "((info)::text = 'rating'::text)", "Rows Removed by Filter": 111}, {"Node Type": "Index Scan", "Parent Relationship": "Inner", "Scan Direction": "Forward", "Index Name": "info_type_id_movie_info_idx", "Relation Name": "movie_info_idx", "Alias": "mi_idx", "Startup Cost": 0.0, "Total Cost": 35736.43, "Plan Rows": 12936, "Plan Width": 13, "Actual Startup Time": 0.039, "Actual Total Time": 319.478, "Actual Rows": 15849, "Actual Loops": 1, "Index Cond": "(info_type_id = it2.id)", "Rows Removed by Index Recheck": 0, "Filter": "((info)::text > '8.0'::text)", "Rows Removed by Filter": 444076}]}, {"Node Type": "Index Scan", "Parent Relationship": "Inner", "Scan Direction": "Forward", "Index Name": "title_pkey", "Relation Name": "title", "Alias": "t", "Startup Cost": 0.0, "Total Cost": 3.28, "Plan Rows": 1, "Plan Width": 21, "Actual Startup Time": 69.345, "Actual Total Time": 69.345, "Actual Rows": 6152, "Actual Loops": 15849, "Index Cond": "(id = mi_idx.movie_id)", "Rows Removed by Index Recheck": 0, "Filter": "((production_year >= 2008) AND (production_year <= 2014))", "Rows Removed by Filter": 9697}]}, {"Node Type": "Index Scan", "Parent Relationship": "Inner", "Scan Direction": "Forward", "Index Name": "movie_id_movie_info", "Relation Name": "movie_info", "Alias": "mi", "Startup Cost": 0.0, "Total Cost": 1.41, "Plan Rows": 1, "Plan Width": 50, "Actual Startup Time": 134.1, "Actual Total Time": 134.426, "Actual Rows": 358, "Actual Loops": 6152, "Index Cond": "(movie_id = t.id)", "Rows Removed by Index Recheck": 0, "Filter": "((note IS NULL) AND ((info)::text = ANY ('{Horror,Thriller}'::text[])))", "Rows Removed by Filter": 109599}]}, {"Node Type": "Hash", "Parent Relationship": "Inner", "Startup Cost": 14.21, "Total Cost": 14.21, "Plan Rows": 1, "Plan Width": 4, "Actual Startup Time": 0.073, "Actual Total Time": 0.073, "Actual Rows": 1, "Actual Loops": 1, "Hash Buckets": 32768, "Hash Batches": 1, "Original Hash Batches": 1, "Peak Memory Usage": 1, "Plans": [{"Node Type": "Index Scan", "Parent Relationship": "Outer", "Scan Direction": "Forward", "Index Name": "info_type_pkey", "Relation Name": "info_type", "Alias": "it1", "Startup Cost": 0.0, "Total Cost": 14.21, "Plan Rows": 1, "Plan Width": 4, "Actual Startup Time": 0.019, "Actual Total Time": 0.065, "Actual Rows": 1, "Actual Loops": 1, "Filter": "((info)::text = 'genres'::text)", "Rows Removed by Filter": 111}]}]}, {"Node Type": "Index Scan", "Parent Relationship": "Inner", "Scan Direction": "Forward", "Index Name": "movie_id_cast_info", "Relation Name": "cast_info", "Alias": "ci", "Startup Cost": 0.0, "Total Cost": 2.34, "Plan Rows": 1, "Plan Width": 8, "Actual Startup Time": 19.351, "Actual Total Time": 24.515, "Actual Rows": 268, "Actual Loops": 358, "Index Cond": "(movie_id = t.id)", "Rows Removed by Index Recheck": 0, "Filter": "((note)::text = ANY ('{(writer),\"(head writer)\",\"(written by)\",(story),\"(story editor)\"}'::text[]))", "Rows Removed by Filter": 12296}]}, {"Node Type": "Index Scan", "Parent Relationship": "Inner", "Scan Direction": "Forward", "Index Name": "name_pkey", "Relation Name": "name", "Alias": "n", "Startup Cost": 0.0, "Total Cost": 0.49, "Plan Rows": 1, "Plan Width": 4, "Actual Startup Time": 1.964, "Actual Total Time": 1.964, "Actual Rows": 11, "Actual Loops": 268, "Index Cond": "(id = ci.person_id)", "Rows Removed by Index Recheck": 0, "Filter": "((gender IS NOT NULL) AND ((gender)::text = 'f'::text))", "Rows Removed by Filter": 257}]}]}, "Triggers": [], "Planner Runtime": 18.421, "Total Runtime": 569.087, "Unique SQL Id": 661781350}}, "(16, '78')": {"explain_plan": {"Plan": {"Node Type": "Aggregate", "Strategy": "Plain", "Startup Cost": 191052.66, "Total Cost": 191052.67, "Plan Rows": 1, "Plan Width": 160, "Plans": [{"Node Type": "Hash Join", "Parent Relationship": "Outer", "Join Type": "Inner", "Startup Cost": 122683.46, "Total Cost": 191050.91, "Plan Rows": 233, "Plan Width": 64, "Inner Unique": true, "Hash Cond": "(mi_idx.info_type_id = it2.id)", "Plans": [{"Node Type": "Hash Join", "Parent Relationship": "Outer", "Join Type": "Inner", "Startup Cost": 122681.05, "Total Cost": 191042.65, "Plan Rows": 934, "Plan Width": 68, "Inner Unique": true, "Hash Cond": "(ci.person_id = n.id)", "Plans": [{"Node Type": "Streaming(type: LOCAL GATHER dop: 1/16)", "Parent Relationship": "Outer", "Startup Cost": 106141.41, "Total Cost": 174488.87, "Plan Rows": 1285, "Plan Width": 72, "Plans": [{"Node Type": "Hash Join", "Parent Relationship": "Outer", "Join Type": "Inner", "Startup Cost": 106141.41, "Total Cost": 174461.14, "Plan Rows": 1285, "Plan Width": 72, "Inner Unique": true, "Hash Cond": "(mi.movie_id = t.id)", "Plans": [{"Node Type": "Streaming(type: BROADCAST dop: 16/16)", "Parent Relationship": "Outer", "Startup Cost": 85985.62, "Total Cost": 154300.41, "Plan Rows": 17680, "Plan Width": 67, "Plans": [{"Node Type": "Hash Join", "Parent Relationship": "Outer", "Join Type": "Inner", "Startup Cost": 85985.62, "Total Cost": 139255.51, "Plan Rows": 1105, "Plan Width": 67, "Inner Unique": false, "Hash Cond": "(mi.movie_id = ci.movie_id)", "Plans": [{"Node Type": "Streaming(type: BROADCAST dop: 16/1)", "Parent Relationship": "Outer", "Startup Cost": 18248.8, "Total Cost": 71295.72, "Plan Rows": 15984, "Plan Width": 59, "Plans": [{"Node Type": "Hash Join", "Parent Relationship": "Outer", "Join Type": "Inner", "Startup Cost": 18248.8, "Total Cost": 55950.75, "Plan Rows": 999, "Plan Width": 59, "Inner Unique": false, "Hash Cond": "(mi.movie_id = mi_idx.movie_id)", "Plans": [{"Node Type": "Hash Join", "Parent Relationship": "Outer", "Join Type": "Inner", "Startup Cost": 2.41, "Total Cost": 37619.13, "Plan Rows": 971, "Plan Width": 46, "Inner Unique": true, "Hash Cond": "(mi.info_type_id = it1.id)", "Plans": [{"Node Type": "Streaming(type: LOCAL GATHER dop: 1/16)", "Parent Relationship": "Outer", "Startup Cost": 0.0, "Total Cost": 37352.11, "Plan Rows": 67971, "Plan Width": 50, "Plans": [{"Node Type": "Seq Scan", "Parent Relationship": "Outer", "Relation Name": "movie_info", "Alias": "mi", "Startup Cost": 0.0, "Total Cost": 35885.16, "Plan Rows": 67971, "Plan Width": 50, "Filter": "((note IS NULL) AND ((info)::text = ANY ('{Horror,Thriller}'::text[])))"}]}, {"Node Type": "Hash", "Parent Relationship": "Inner", "Startup Cost": 2.4, "Total Cost": 2.4, "Plan Rows": 1, "Plan Width": 4, "Plans": [{"Node Type": "Seq Scan", "Parent Relationship": "Outer", "Relation Name": "info_type", "Alias": "it1", "Startup Cost": 0.0, "Total Cost": 2.4, "Plan Rows": 1, "Plan Width": 4, "Filter": "((info)::text = 'genres'::text)"}]}]}, {"Node Type": "Hash", "Parent Relationship": "Inner", "Startup Cost": 17599.56, "Total Cost": 17599.56, "Plan Rows": 51746, "Plan Width": 13, "Plans": [{"Node Type": "Streaming(type: LOCAL GATHER dop: 1/16)", "Parent Relationship": "Outer", "Startup Cost": 0.0, "Total Cost": 17599.56, "Plan Rows": 51746, "Plan Width": 13, "Plans": [{"Node Type": "Seq Scan", "Parent Relationship": "Outer", "Relation Name": "movie_info_idx", "Alias": "mi_idx", "Startup Cost": 0.0, "Total Cost": 16482.78, "Plan Rows": 51746, "Plan Width": 13, "Filter": "((info)::text > '8.0'::text)"}]}]}]}]}, {"Node Type": "Hash", "Parent Relationship": "Inner", "Startup Cost": 66781.24, "Total Cost": 66781.24, "Plan Rows": 1223154, "Plan Width": 8, "Plans": [{"Node Type": "Seq Scan", "Parent Relationship": "Outer", "Relation Name": "cast_info", "Alias": "ci", "Startup Cost": 0.0, "Total Cost": 66781.24, "Plan Rows": 1223154, "Plan Width": 8, "Filter": "((note)::text = ANY ('{(writer),\"(head writer)\",\"(written by)\",(story),\"(story editor)\"}'::text[]))"}]}]}]}, {"Node Type": "Hash", "Parent Relationship": "Inner", "Startup Cost": 19544.42, "Total Cost": 19544.42, "Plan Rows": 782553, "Plan Width": 21, "Plans": [{"Node Type": "Seq Scan", "Parent Relationship": "Outer", "Relation Name": "title", "Alias": "t", "Startup Cost": 88.19, "Total Cost": 19544.42, "Plan Rows": 782553, "Plan Width": 21, "Filter": "((production_year >= 2008) AND (production_year <= 2014)), (LLVM Optimized)"}]}]}]}, {"Node Type": "Hash", "Parent Relationship": "Inner", "Startup Cost": 34942.34, "Total Cost": 34942.34, "Plan Rows": 624324, "Plan Width": 4, "Plans": [{"Node Type": "Streaming(type: LOCAL GATHER dop: 1/16)", "Parent Relationship": "Outer", "Startup Cost": 0.0, "Total Cost": 34942.34, "Plan Rows": 624324, "Plan Width": 4, "Plans": [{"Node Type": "Seq Scan", "Parent Relationship": "Outer", "Relation Name": "name", "Alias": "n", "Startup Cost": 0.0, "Total Cost": 21468.16, "Plan Rows": 624324, "Plan Width": 4, "Filter": "((gender IS NOT NULL) AND ((gender)::text = 'f'::text)), (LLVM Optimized)"}]}]}]}, {"Node Type": "Hash", "Parent Relationship": "Inner", "Startup Cost": 2.4, "Total Cost": 2.4, "Plan Rows": 1, "Plan Width": 4, "Plans": [{"Node Type": "Seq Scan", "Parent Relationship": "Outer", "Relation Name": "info_type", "Alias": "it2", "Startup Cost": 0.0, "Total Cost": 2.4, "Plan Rows": 1, "Plan Width": 4, "Filter": "((info)::text = 'rating'::text)"}]}]}]}, "Unique SQL Id": 661781350, "Planner Runtime": 156}, "explain_analyze_plan": {"Plan": {"Node Type": "Aggregate", "Strategy": "Plain", "Startup Cost": 191052.66, "Total Cost": 191052.67, "Plan Rows": 1, "Plan Width": 160, "Actual Min Startup Time": 1162.376, "Actual Max Startup Time": 1162.376, "Actual Min Total Time": 1162.377, "Actual Max Total Time": 1162.377, "Plans": [{"Node Type": "Hash Join", "Parent Relationship": "Outer", "Join Type": "Inner", "Startup Cost": 122683.46, "Total Cost": 191050.91, "Plan Rows": 233, "Plan Width": 64, "Actual Min Startup Time": 1159.049, "Actual Max Startup Time": 1159.049, "Actual Min Total Time": 1162.335, "Actual Max Total Time": 1162.335, "Inner Unique": true, "Hash Cond": "(mi_idx.info_type_id = it2.id)", "Plans": [{"Node Type": "Hash Join", "Parent Relationship": "Outer", "Join Type": "Inner", "Startup Cost": 122681.05, "Total Cost": 191042.65, "Plan Rows": 934, "Plan Width": 68, "Actual Min Startup Time": 1158.847, "Actual Max Startup Time": 1158.847, "Actual Min Total Time": 1161.154, "Actual Max Total Time": 1161.154, "Inner Unique": true, "Hash Cond": "(ci.person_id = n.id)", "Plans": [{"Node Type": "Streaming(type: LOCAL GATHER dop: 1/16)", "Parent Relationship": "Outer", "Startup Cost": 106141.41, "Total Cost": 174488.87, "Plan Rows": 1285, "Plan Width": 72, "Actual Min Startup Time": 486.057, "Actual Max Startup Time": 486.057, "Actual Min Total Time": 487.916, "Actual Max Total Time": 487.916, "Plans": [{"Node Type": "Hash Join", "Parent Relationship": "Outer", "Join Type": "Inner", "Startup Cost": 106141.41, "Total Cost": 174461.14, "Plan Rows": 1285, "Plan Width": 72, "Actual Min Startup Time": 918.031, "Actual Max Startup Time": 997.691, "Actual Min Total Time": 1001.844, "Actual Max Total Time": 1081.644, "Inner Unique": true, "Hash Cond": "(mi.movie_id = t.id)", "Plans": [{"Node Type": "Streaming(type: BROADCAST dop: 16/16)", "Parent Relationship": "Outer", "Startup Cost": 85985.62, "Total Cost": 154300.41, "Plan Rows": 17680, "Plan Width": 67, "Actual Min Startup Time": 836.931, "Actual Max Startup Time": 895.449, "Actual Min Total Time": 919.922, "Actual Max Total Time": 978.408, "Plans": [{"Node Type": "Hash Join", "Parent Relationship": "Outer", "Join Type": "Inner", "Startup Cost": 85985.62, "Total Cost": 139255.51, "Plan Rows": 1105, "Plan Width": 67, "Actual Min Startup Time": 873.201, "Actual Max Startup Time": 899.645, "Actual Min Total Time": 1042.458, "Actual Max Total Time": 1061.612, "Inner Unique": false, "Hash Cond": "(mi.movie_id = ci.movie_id)", "Plans": [{"Node Type": "Streaming(type: BROADCAST dop: 16/1)", "Parent Relationship": "Outer", "Startup Cost": 18248.8, "Total Cost": 71295.72, "Plan Rows": 15984, "Plan Width": 59, "Actual Min Startup Time": 0.043, "Actual Max Startup Time": 0.095, "Actual Min Total Time": 148.871, "Actual Max Total Time": 180.358, "Plans": [{"Node Type": "Hash Join", "Parent Relationship": "Outer", "Join Type": "Inner", "Startup Cost": 18248.8, "Total Cost": 55950.75, "Plan Rows": 999, "Plan Width": 59, "Actual Min Startup Time": 323.12, "Actual Max Startup Time": 323.12, "Actual Min Total Time": 427.791, "Actual Max Total Time": 427.791, "Inner Unique": false, "Hash Cond": "(mi.movie_id = mi_idx.movie_id)", "Plans": [{"Node Type": "Hash Join", "Parent Relationship": "Outer", "Join Type": "Inner", "Startup Cost": 2.41, "Total Cost": 37619.13, "Plan Rows": 971, "Plan Width": 46, "Actual Min Startup Time": 255.983, "Actual Max Startup Time": 255.983, "Actual Min Total Time": 338.455, "Actual Max Total Time": 338.455, "Inner Unique": true, "Hash Cond": "(mi.info_type_id = it1.id)", "Plans": [{"Node Type": "Streaming(type: LOCAL GATHER dop: 1/16)", "Parent Relationship": "Outer", "Startup Cost": 0.0, "Total Cost": 37352.11, "Plan Rows": 67971, "Plan Width": 50, "Actual Min Startup Time": 202.77, "Actual Max Startup Time": 202.77, "Actual Min Total Time": 310.391, "Actual Max Total Time": 310.391, "Plans": [{"Node Type": "Seq Scan", "Parent Relationship": "Outer", "Relation Name": "movie_info", "Alias": "mi", "Startup Cost": 0.0, "Total Cost": 35885.16, "Plan Rows": 67971, "Plan Width": 50, "Actual Min Startup Time": 244.882, "Actual Max Startup Time": 345.208, "Actual Min Total Time": 384.643, "Actual Max Total Time": 420.661, "Filter": "((note IS NULL) AND ((info)::text = ANY ('{Horror,Thriller}'::text[])))", "Rows Removed by Filter": 14762672, "Actual Rows": 73047}], "Actual Rows": 73047}, {"Node Type": "Hash", "Parent Relationship": "Inner", "Startup Cost": 2.4, "Total Cost": 2.4, "Plan Rows": 1, "Plan Width": 4, "Actual Min Startup Time": 0.085, "Actual Max Startup Time": 0.085, "Actual Min Total Time": 0.085, "Actual Max Total Time": 0.085, "Max Hash Buckets": 32768, "Min Hash Buckets": 32768, "Max Hash Batches": 1, "Min Hash Batches": 1, "Max Original Hash Batches": 1, "Min Original Hash Batches": 1, "Max Peak Memory Usage": 1, "min Peak Memory Usage": 1, "Plans": [{"Node Type": "Seq Scan", "Parent Relationship": "Outer", "Relation Name": "info_type", "Alias": "it1", "Startup Cost": 0.0, "Total Cost": 2.4, "Plan Rows": 1, "Plan Width": 4, "Actual Min Startup Time": 0.046, "Actual Max Startup Time": 0.046, "Actual Min Total Time": 0.07, "Actual Max Total Time": 0.07, "Filter": "((info)::text = 'genres'::text)", "Rows Removed by Filter": 111, "Actual Rows": 1}], "Actual Rows": 1}], "Actual Rows": 72258}, {"Node Type": "Hash", "Parent Relationship": "Inner", "Startup Cost": 17599.56, "Total Cost": 17599.56, "Plan Rows": 51746, "Plan Width": 13, "Actual Min Startup Time": 67.063, "Actual Max Startup Time": 67.063, "Actual Min Total Time": 67.063, "Actual Max Total Time": 67.063, "Max Hash Buckets": 65536, "Min Hash Buckets": 65536, "Max Hash Batches": 1, "Min Hash Batches": 1, "Max Original Hash Batches": 1, "Min Original Hash Batches": 1, "Max Peak Memory Usage": 2322, "min Peak Memory Usage": 2322, "Plans": [{"Node Type": "Streaming(type: LOCAL GATHER dop: 1/16)", "Parent Relationship": "Outer", "Startup Cost": 0.0, "Total Cost": 17599.56, "Plan Rows": 51746, "Plan Width": 13, "Actual Min Startup Time": 0.064, "Actual Max Startup Time": 0.064, "Actual Min Total Time": 43.538, "Actual Max Total Time": 43.538, "Plans": [{"Node Type": "Seq Scan", "Parent Relationship": "Outer", "Relation Name": "movie_info_idx", "Alias": "mi_idx", "Startup Cost": 0.0, "Total Cost": 16482.78, "Plan Rows": 51746, "Plan Width": 13, "Actual Min Startup Time": 0.045, "Actual Max Startup Time": 0.12, "Actual Min Total Time": 34.682, "Actual Max Total Time": 42.884, "Filter": "((info)::text > '8.0'::text)", "Rows Removed by Filter": 1326385, "Actual Rows": 53649}], "Actual Rows": 53649}], "Actual Rows": 53649}], "Actual Rows": 4135}], "Actual Rows": 66160}, {"Node Type": "Hash", "Parent Relationship": "Inner", "Startup Cost": 66781.24, "Total Cost": 66781.24, "Plan Rows": 1223154, "Plan Width": 8, "Actual Min Startup Time": 872.985, "Actual Max Startup Time": 891.736, "Actual Min Total Time": 872.985, "Actual Max Total Time": 891.736, "Max Hash Buckets": 131072, "Min Hash Buckets": 131072, "Max Hash Batches": 1, "Min Hash Batches": 1, "Max Original Hash Batches": 1, "Min Original Hash Batches": 1, "Max Peak Memory Usage": 3042, "min Peak Memory Usage": 3042, "Plans": [{"Node Type": "Seq Scan", "Parent Relationship": "Outer", "Relation Name": "cast_info", "Alias": "ci", "Startup Cost": 0.0, "Total Cost": 66781.24, "Plan Rows": 1223154, "Plan Width": 8, "Actual Min Startup Time": 23.896, "Actual Max Startup Time": 441.836, "Actual Min Total Time": 849.778, "Actual Max Total Time": 868.322, "Filter": "((note)::text = ANY ('{(writer),\"(head writer)\",\"(written by)\",(story),\"(story editor)\"}'::text[]))", "Rows Removed by Filter": 34999627, "Actual Rows": 1244716}], "Actual Rows": 1244716}], "Actual Rows": 2288}], "Actual Rows": 36608}, {"Node Type": "Hash", "Parent Relationship": "Inner", "Startup Cost": 19544.42, "Total Cost": 19544.42, "Plan Rows": 782553, "Plan Width": 21, "Actual Min Startup Time": 77.63, "Actual Max Startup Time": 102.012, "Actual Min Total Time": 77.63, "Actual Max Total Time": 102.012, "Max Hash Buckets": 65536, "Min Hash Buckets": 65536, "Max Hash Batches": 1, "Min Hash Batches": 1, "Max Original Hash Batches": 1, "Min Original Hash Batches": 1, "Max Peak Memory Usage": 2675, "min Peak Memory Usage": 2675, "Plans": [{"Node Type": "Seq Scan", "Parent Relationship": "Outer", "Relation Name": "title", "Alias": "t", "Startup Cost": 88.19, "Total Cost": 19544.42, "Plan Rows": 782553, "Plan Width": 21, "Actual Min Startup Time": 0.025, "Actual Max Startup Time": 0.082, "Actual Min Total Time": 62.07, "Actual Max Total Time": 72.07, "Filter": "((production_year >= 2008) AND (production_year <= 2014)), (LLVM Optimized, Jit Execute)", "Rows Removed by Filter": 1743823, "Actual Rows": 784488}], "Actual Rows": 784488}], "Actual Rows": 930}], "Actual Rows": 930}, {"Node Type": "Hash", "Parent Relationship": "Inner", "Startup Cost": 34942.34, "Total Cost": 34942.34, "Plan Rows": 624324, "Plan Width": 4, "Actual Min Startup Time": 672.015, "Actual Max Startup Time": 672.015, "Actual Min Total Time": 672.015, "Actual Max Total Time": 672.015, "Max Hash Buckets": 1048576, "Min Hash Buckets": 1048576, "Max Hash Batches": 1, "Min Hash Batches": 1, "Max Original Hash Batches": 1, "Min Original Hash Batches": 1, "Max Peak Memory Usage": 33805, "min Peak Memory Usage": 33805, "Plans": [{"Node Type": "Streaming(type: LOCAL GATHER dop: 1/16)", "Parent Relationship": "Outer", "Startup Cost": 0.0, "Total Cost": 34942.34, "Plan Rows": 624324, "Plan Width": 4, "Actual Min Startup Time": 135.641, "Actual Max Startup Time": 135.641, "Actual Min Total Time": 403.688, "Actual Max Total Time": 403.688, "Plans": [{"Node Type": "Seq Scan", "Parent Relationship": "Outer", "Relation Name": "name", "Alias": "n", "Startup Cost": 0.0, "Total Cost": 21468.16, "Plan Rows": 624324, "Plan Width": 4, "Actual Min Startup Time": 42.718, "Actual Max Startup Time": 48.563, "Actual Min Total Time": 90.652, "Actual Max Total Time": 98.845, "Filter": "((gender IS NOT NULL) AND ((gender)::text = 'f'::text)), (LLVM Optimized, Jit Execute)", "Rows Removed by Filter": 3205935, "Actual Rows": 961555}], "Actual Rows": 961555}], "Actual Rows": 961555}], "Actual Rows": 40}, {"Node Type": "Hash", "Parent Relationship": "Inner", "Startup Cost": 2.4, "Total Cost": 2.4, "Plan Rows": 1, "Plan Width": 4, "Actual Min Startup Time": 0.115, "Actual Max Startup Time": 0.115, "Actual Min Total Time": 0.115, "Actual Max Total Time": 0.115, "Max Hash Buckets": 32768, "Min Hash Buckets": 32768, "Max Hash Batches": 1, "Min Hash Batches": 1, "Max Original Hash Batches": 1, "Min Original Hash Batches": 1, "Max Peak Memory Usage": 1, "min Peak Memory Usage": 1, "Plans": [{"Node Type": "Seq Scan", "Parent Relationship": "Outer", "Relation Name": "info_type", "Alias": "it2", "Startup Cost": 0.0, "Total Cost": 2.4, "Plan Rows": 1, "Plan Width": 4, "Actual Min Startup Time": 0.094, "Actual Max Startup Time": 0.094, "Actual Min Total Time": 0.1, "Actual Max Total Time": 0.1, "Filter": "((info)::text = 'rating'::text)", "Rows Removed by Filter": 111, "Actual Rows": 1}], "Actual Rows": 1}], "Actual Rows": 11}], "Actual Rows": 1}, "Triggers": [], "Planner Runtime": 155.843, "Total Runtime": 1188.233, "Unique SQL Id": 661781350}}, "(16, '79')": {"explain_plan": {"Plan": {"Node Type": "Aggregate", "Strategy": "Plain", "Startup Cost": 6995134748758.12, "Total Cost": 6995134748758.13, "Plan Rows": 1, "Plan Width": 160, "Plans": [{"Node Type": "Hash Join", "Parent Relationship": "Outer", "Join Type": "Inner", "Startup Cost": 3040050454466.5, "Total Cost": 6995134748756.37, "Plan Rows": 233, "Plan Width": 64, "Inner Unique": true, "Hash Cond": "(ci.person_id = n.id)", "Plans": [{"Node Type": "Hash Join", "Parent Relationship": "Outer", "Join Type": "Inner", "Startup Cost": 2040031781515.25, "Total Cost": 5995116075801.58, "Plan Rows": 321, "Plan Width": 68, "Inner Unique": true, "Hash Cond": "(mi_idx.info_type_id = it2.id)", "Plans": [{"Node Type": "Hash Join", "Parent Relationship": "Outer", "Join Type": "Inner", "Startup Cost": 1040031780094.24, "Total Cost": 4995116074372.54, "Plan Rows": 1285, "Plan Width": 72, "Inner Unique": true, "Hash Cond": "(mi.info_type_id = it1.id)", "Plans": [{"Node Type": "Merge Join", "Parent Relationship": "Outer", "Join Type": "Inner", "Startup Cost": 40031778673.22, "Total Cost": 3995116072790.31, "Plan Rows": 60862, "Plan Width": 76, "Inner Unique": false, "Merge Cond": "(t.id = mi_idx.movie_id)", "Plans": [{"Node Type": "Merge Join", "Parent Relationship": "Outer", "Join Type": "Inner", "Startup Cost": 30031778673.22, "Total Cost": 2997894360706.27, "Plan Rows": 87438, "Plan Width": 79, "Inner Unique": false, "Merge Cond": "(t.id = ci.movie_id)", "Plans": [{"Node Type": "Merge Join", "Parent Relationship": "Outer", "Join Type": "Inner", "Startup Cost": 20025302114.44, "Total Cost": 1999418944954.71, "Plan Rows": 79032, "Plan Width": 71, "Inner Unique": true, "Merge Cond": "(mi.movie_id = t.id)", "Plans": [{"Node Type": "Index Scan", "Parent Relationship": "Outer", "Scan Direction": "Forward", "Index Name": "movie_id_movie_info", "Relation Name": "movie_info", "Alias": "mi", "Startup Cost": 10000000000.0, "Total Cost": 1000107534403.72, "Plan Rows": 67971, "Plan Width": 50, "Filter": "((note IS NULL) AND ((info)::text = ANY ('{Horror,Thriller}'::text[])))"}, {"Node Type": "Index Scan", "Parent Relationship": "Inner", "Scan Direction": "Forward", "Index Name": "title_pkey", "Relation Name": "title", "Alias": "t", "Startup Cost": 10000000000.0, "Total Cost": 1000012276204.41, "Plan Rows": 782553, "Plan Width": 21, "Filter": "((production_year >= 2008) AND (production_year <= 2014)), (LLVM Optimized)"}]}, {"Node Type": "Index Scan", "Parent Relationship": "Inner", "Scan Direction": "Forward", "Index Name": "movie_id_cast_info", "Relation Name": "cast_info", "Alias": "ci", "Startup Cost": 10000000000.0, "Total Cost": 1000228594573.05, "Plan Rows": 1223154, "Plan Width": 8, "Filter": "((note)::text = ANY ('{(writer),\"(head writer)\",\"(written by)\",(story),\"(story editor)\"}'::text[]))"}]}, {"Node Type": "Index Scan", "Parent Relationship": "Inner", "Scan Direction": "Forward", "Index Name": "movie_id_movie_info_idx", "Relation Name": "movie_info_idx", "Alias": "mi_idx", "Startup Cost": 10000000000.0, "Total Cost": 1000004995043.87, "Plan Rows": 51746, "Plan Width": 13, "Filter": "((info)::text > '8.0'::text)"}]}, {"Node Type": "Hash", "Parent Relationship": "Inner", "Startup Cost": 1000000001421.0, "Total Cost": 1000000001421.0, "Plan Rows": 1, "Plan Width": 4, "Plans": [{"Node Type": "Index Scan", "Parent Relationship": "Outer", "Scan Direction": "Forward", "Index Name": "info_type_pkey", "Relation Name": "info_type", "Alias": "it1", "Startup Cost": 10000000000.0, "Total Cost": 1000000001421.0, "Plan Rows": 1, "Plan Width": 4, "Filter": "((info)::text = 'genres'::text)"}]}]}, {"Node Type": "Hash", "Parent Relationship": "Inner", "Startup Cost": 1000000001421.0, "Total Cost": 1000000001421.0, "Plan Rows": 1, "Plan Width": 4, "Plans": [{"Node Type": "Index Scan", "Parent Relationship": "Outer", "Scan Direction": "Forward", "Index Name": "info_type_pkey", "Relation Name": "info_type", "Alias": "it2", "Startup Cost": 10000000000.0, "Total Cost": 1000000001421.0, "Plan Rows": 1, "Plan Width": 4, "Filter": "((info)::text = 'rating'::text)"}]}]}, {"Node Type": "Hash", "Parent Relationship": "Inner", "Startup Cost": 1000018665147.2, "Total Cost": 1000018665147.2, "Plan Rows": 624324, "Plan Width": 4, "Plans": [{"Node Type": "Index Scan", "Parent Relationship": "Outer", "Scan Direction": "Forward", "Index Name": "name_pkey", "Relation Name": "name", "Alias": "n", "Startup Cost": 10000000000.0, "Total Cost": 1000018665147.2, "Plan Rows": 624324, "Plan Width": 4, "Filter": "((gender IS NOT NULL) AND ((gender)::text = 'f'::text)), (LLVM Optimized)"}]}]}]}, "Unique SQL Id": 661781350, "Planner Runtime": 123}, "explain_analyze_plan": null}, "(16, '80')": {"explain_plan": {"Plan": {"Node Type": "Aggregate", "Strategy": "Plain", "Startup Cost": 59351.1, "Total Cost": 59351.11, "Plan Rows": 1, "Plan Width": 160, "Plans": [{"Node Type": "Nested Loop", "Parent Relationship": "Outer", "Join Type": "Inner", "Startup Cost": 0.0, "Total Cost": 59349.46, "Plan Rows": 219, "Plan Width": 64, "Inner Unique": true, "Plans": [{"Node Type": "Nested Loop", "Parent Relationship": "Outer", "Join Type": "Inner", "Startup Cost": 0.0, "Total Cost": 59188.47, "Plan Rows": 321, "Plan Width": 68, "Inner Unique": false, "Plans": [{"Node Type": "Nested Loop", "Parent Relationship": "Outer", "Join Type": "Inner", "Startup Cost": 0.0, "Total Cost": 58503.44, "Plan Rows": 291, "Plan Width": 76, "Inner Unique": true, "Plans": [{"Node Type": "Nested Loop", "Parent Relationship": "Outer", "Join Type": "Inner", "Startup Cost": 0.0, "Total Cost": 57790.23, "Plan Rows": 250, "Plan Width": 55, "Inner Unique": true, "Plans": [{"Node Type": "Nested Loop", "Parent Relationship": "Outer", "Join Type": "Inner", "Startup Cost": 0.0, "Total Cost": 57507.78, "Plan Rows": 999, "Plan Width": 59, "Inner Unique": false, "Plans": [{"Node Type": "Nested Loop", "Parent Relationship": "Outer", "Join Type": "Inner", "Startup Cost": 0.0, "Total Cost": 56565.92, "Plan Rows": 971, "Plan Width": 46, "Inner Unique": true, "Plans": [{"Node Type": "Streaming(type: LOCAL GATHER dop: 1/16)", "Parent Relationship": "Outer", "Startup Cost": 0.0, "Total Cost": 37352.11, "Plan Rows": 67971, "Plan Width": 50, "Plans": [{"Node Type": "Seq Scan", "Parent Relationship": "Outer", "Relation Name": "movie_info", "Alias": "mi", "Startup Cost": 0.0, "Total Cost": 35885.16, "Plan Rows": 67971, "Plan Width": 50, "Filter": "((note IS NULL) AND ((info)::text = ANY ('{Horror,Thriller}'::text[])))"}]}, {"Node Type": "Index Scan", "Parent Relationship": "Inner", "Scan Direction": "Forward", "Index Name": "info_type_pkey", "Relation Name": "info_type", "Alias": "it1", "Startup Cost": 0.0, "Total Cost": 0.27, "Plan Rows": 1, "Plan Width": 4, "Index Cond": "(id = mi.info_type_id)", "Filter": "((info)::text = 'genres'::text)"}]}, {"Node Type": "Index Scan", "Parent Relationship": "Inner", "Scan Direction": "Forward", "Index Name": "movie_id_movie_info_idx", "Relation Name": "movie_info_idx", "Alias": "mi_idx", "Startup Cost": 0.0, "Total Cost": 0.96, "Plan Rows": 1, "Plan Width": 13, "Index Cond": "(movie_id = mi.movie_id)", "Filter": "((info)::text > '8.0'::text)"}]}, {"Node Type": "Index Scan", "Parent Relationship": "Inner", "Scan Direction": "Forward", "Index Name": "info_type_pkey", "Relation Name": "info_type", "Alias": "it2", "Startup Cost": 0.0, "Total Cost": 0.27, "Plan Rows": 1, "Plan Width": 4, "Index Cond": "(id = mi_idx.info_type_id)", "Filter": "((info)::text = 'rating'::text)"}]}, {"Node Type": "Index Scan", "Parent Relationship": "Inner", "Scan Direction": "Forward", "Index Name": "title_pkey", "Relation Name": "title", "Alias": "t", "Startup Cost": 0.0, "Total Cost": 2.84, "Plan Rows": 1, "Plan Width": 21, "Index Cond": "(id = mi.movie_id)", "Filter": "((production_year >= 2008) AND (production_year <= 2014))"}]}, {"Node Type": "Index Scan", "Parent Relationship": "Inner", "Scan Direction": "Forward", "Index Name": "movie_id_cast_info", "Relation Name": "cast_info", "Alias": "ci", "Startup Cost": 0.0, "Total Cost": 2.34, "Plan Rows": 1, "Plan Width": 8, "Index Cond": "(movie_id = t.id)", "Filter": "((note)::text = ANY ('{(writer),\"(head writer)\",\"(written by)\",(story),\"(story editor)\"}'::text[]))"}]}, {"Node Type": "Index Scan", "Parent Relationship": "Inner", "Scan Direction": "Forward", "Index Name": "name_pkey", "Relation Name": "name", "Alias": "n", "Startup Cost": 0.0, "Total Cost": 0.49, "Plan Rows": 1, "Plan Width": 4, "Index Cond": "(id = ci.person_id)", "Filter": "((gender IS NOT NULL) AND ((gender)::text = 'f'::text))"}]}]}, "Unique SQL Id": 661781350, "Planner Runtime": 16}, "explain_analyze_plan": {"Plan": {"Node Type": "Aggregate", "Strategy": "Plain", "Startup Cost": 59351.1, "Total Cost": 59351.11, "Plan Rows": 1, "Plan Width": 160, "Actual Min Startup Time": 1003.457, "Actual Max Startup Time": 1003.457, "Actual Min Total Time": 1003.457, "Actual Max Total Time": 1003.457, "Plans": [{"Node Type": "Nested Loop", "Parent Relationship": "Outer", "Join Type": "Inner", "Startup Cost": 0.0, "Total Cost": 59349.46, "Plan Rows": 219, "Plan Width": 64, "Actual Min Startup Time": 408.871, "Actual Max Startup Time": 408.871, "Actual Min Total Time": 1003.403, "Actual Max Total Time": 1003.403, "Inner Unique": true, "Plans": [{"Node Type": "Nested Loop", "Parent Relationship": "Outer", "Join Type": "Inner", "Startup Cost": 0.0, "Total Cost": 59188.47, "Plan Rows": 321, "Plan Width": 68, "Actual Min Startup Time": 402.402, "Actual Max Startup Time": 402.402, "Actual Min Total Time": 1000.287, "Actual Max Total Time": 1000.287, "Inner Unique": false, "Plans": [{"Node Type": "Nested Loop", "Parent Relationship": "Outer", "Join Type": "Inner", "Startup Cost": 0.0, "Total Cost": 58503.44, "Plan Rows": 291, "Plan Width": 76, "Actual Min Startup Time": 402.342, "Actual Max Startup Time": 402.342, "Actual Min Total Time": 960.76, "Actual Max Total Time": 960.76, "Inner Unique": true, "Plans": [{"Node Type": "Nested Loop", "Parent Relationship": "Outer", "Join Type": "Inner", "Startup Cost": 0.0, "Total Cost": 57790.23, "Plan Rows": 250, "Plan Width": 55, "Actual Min Startup Time": 399.12, "Actual Max Startup Time": 399.12, "Actual Min Total Time": 953.556, "Actual Max Total Time": 953.556, "Inner Unique": true, "Plans": [{"Node Type": "Nested Loop", "Parent Relationship": "Outer", "Join Type": "Inner", "Startup Cost": 0.0, "Total Cost": 57507.78, "Plan Rows": 999, "Plan Width": 59, "Actual Min Startup Time": 399.1, "Actual Max Startup Time": 399.1, "Actual Min Total Time": 943.426, "Actual Max Total Time": 943.426, "Inner Unique": false, "Plans": [{"Node Type": "Nested Loop", "Parent Relationship": "Outer", "Join Type": "Inner", "Startup Cost": 0.0, "Total Cost": 56565.92, "Plan Rows": 971, "Plan Width": 46, "Actual Min Startup Time": 398.991, "Actual Max Startup Time": 398.991, "Actual Min Total Time": 612.784, "Actual Max Total Time": 612.784, "Inner Unique": true, "Plans": [{"Node Type": "Streaming(type: LOCAL GATHER dop: 1/16)", "Parent Relationship": "Outer", "Startup Cost": 0.0, "Total Cost": 37352.11, "Plan Rows": 67971, "Plan Width": 50, "Actual Min Startup Time": 302.926, "Actual Max Startup Time": 302.926, "Actual Min Total Time": 437.081, "Actual Max Total Time": 437.081, "Plans": [{"Node Type": "Seq Scan", "Parent Relationship": "Outer", "Relation Name": "movie_info", "Alias": "mi", "Startup Cost": 0.0, "Total Cost": 35885.16, "Plan Rows": 67971, "Plan Width": 50, "Actual Min Startup Time": 253.998, "Actual Max Startup Time": 370.6, "Actual Min Total Time": 407.995, "Actual Max Total Time": 427.23, "Filter": "((note IS NULL) AND ((info)::text = ANY ('{Horror,Thriller}'::text[])))", "Rows Removed by Filter": 14762672, "Actual Rows": 73047}], "Actual Rows": 73047}, {"Node Type": "Index Scan", "Parent Relationship": "Inner", "Scan Direction": "Forward", "Index Name": "info_type_pkey", "Relation Name": "info_type", "Alias": "it1", "Startup Cost": 0.0, "Total Cost": 0.27, "Plan Rows": 1, "Plan Width": 4, "Actual Min Startup Time": 122.594, "Actual Max Startup Time": 122.594, "Actual Min Total Time": 122.594, "Actual Max Total Time": 122.594, "Index Cond": "(id = mi.info_type_id)", "Rows Removed by Index Recheck": 0, "Filter": "((info)::text = 'genres'::text)", "Rows Removed by Filter": 789, "Actual Rows": 72258}], "Actual Rows": 72258}, {"Node Type": "Index Scan", "Parent Relationship": "Inner", "Scan Direction": "Forward", "Index Name": "movie_id_movie_info_idx", "Relation Name": "movie_info_idx", "Alias": "mi_idx", "Startup Cost": 0.0, "Total Cost": 0.96, "Plan Rows": 1, "Plan Width": 13, "Actual Min Startup Time": 289.398, "Actual Max Startup Time": 289.398, "Actual Min Total Time": 293.193, "Actual Max Total Time": 293.193, "Index Cond": "(movie_id = mi.movie_id)", "Rows Removed by Index Recheck": 0, "Filter": "((info)::text > '8.0'::text)", "Rows Removed by Filter": 113143, "Actual Rows": 4135}], "Actual Rows": 4135}, {"Node Type": "Index Scan", "Parent Relationship": "Inner", "Scan Direction": "Forward", "Index Name": "info_type_pkey", "Relation Name": "info_type", "Alias": "it2", "Startup Cost": 0.0, "Total Cost": 0.27, "Plan Rows": 1, "Plan Width": 4, "Actual Min Startup Time": 7.786, "Actual Max Startup Time": 7.786, "Actual Min Total Time": 7.786, "Actual Max Total Time": 7.786, "Index Cond": "(id = mi_idx.info_type_id)", "Rows Removed by Index Recheck": 0, "Filter": "((info)::text = 'rating'::text)", "Rows Removed by Filter": 3403, "Actual Rows": 732}], "Actual Rows": 732}, {"Node Type": "Index Scan", "Parent Relationship": "Inner", "Scan Direction": "Forward", "Index Name": "title_pkey", "Relation Name": "title", "Alias": "t", "Startup Cost": 0.0, "Total Cost": 2.84, "Plan Rows": 1, "Plan Width": 21, "Actual Min Startup Time": 6.439, "Actual Max Startup Time": 6.439, "Actual Min Total Time": 6.439, "Actual Max Total Time": 6.439, "Index Cond": "(id = mi.movie_id)", "Rows Removed by Index Recheck": 0, "Filter": "((production_year >= 2008) AND (production_year <= 2014))", "Rows Removed by Filter": 374, "Actual Rows": 358}], "Actual Rows": 358}, {"Node Type": "Index Scan", "Parent Relationship": "Inner", "Scan Direction": "Forward", "Index Name": "movie_id_cast_info", "Relation Name": "cast_info", "Alias": "ci", "Startup Cost": 0.0, "Total Cost": 2.34, "Plan Rows": 1, "Plan Width": 8, "Actual Min Startup Time": 30.709, "Actual Max Startup Time": 30.709, "Actual Min Total Time": 39.095, "Actual Max Total Time": 39.095, "Index Cond": "(movie_id = t.id)", "Rows Removed by Index Recheck": 0, "Filter": "((note)::text = ANY ('{(writer),\"(head writer)\",\"(written by)\",(story),\"(story editor)\"}'::text[]))", "Rows Removed by Filter": 12296, "Actual Rows": 268}], "Actual Rows": 268}, {"Node Type": "Index Scan", "Parent Relationship": "Inner", "Scan Direction": "Forward", "Index Name": "name_pkey", "Relation Name": "name", "Alias": "n", "Startup Cost": 0.0, "Total Cost": 0.49, "Plan Rows": 1, "Plan Width": 4, "Actual Min Startup Time": 2.879, "Actual Max Startup Time": 2.879, "Actual Min Total Time": 2.879, "Actual Max Total Time": 2.879, "Index Cond": "(id = ci.person_id)", "Rows Removed by Index Recheck": 0, "Filter": "((gender IS NOT NULL) AND ((gender)::text = 'f'::text))", "Rows Removed by Filter": 257, "Actual Rows": 11}], "Actual Rows": 11}], "Actual Rows": 1}, "Triggers": [], "Planner Runtime": 16.755, "Total Runtime": 1006.45, "Unique SQL Id": 661781350}}, "(16, '81')": {"explain_plan": {"Plan": {"Node Type": "Aggregate", "Strategy": "Plain", "Startup Cost": 85075.06, "Total Cost": 85075.07, "Plan Rows": 1, "Plan Width": 160, "Plans": [{"Node Type": "Nested Loop", "Parent Relationship": "Outer", "Join Type": "Inner", "Startup Cost": 84146.21, "Total Cost": 85073.42, "Plan Rows": 219, "Plan Width": 64, "Inner Unique": true, "Plans": [{"Node Type": "Nested Loop", "Parent Relationship": "Outer", "Join Type": "Inner", "Startup Cost": 84146.21, "Total Cost": 84912.43, "Plan Rows": 321, "Plan Width": 68, "Inner Unique": false, "Plans": [{"Node Type": "Merge Join", "Parent Relationship": "Outer", "Join Type": "Inner", "Startup Cost": 84146.21, "Total Cost": 84227.4, "Plan Rows": 291, "Plan Width": 76, "Inner Unique": false, "Merge Cond": "(it1.id = mi.info_type_id)", "Plans": [{"Node Type": "Index Scan", "Parent Relationship": "Outer", "Scan Direction": "Forward", "Index Name": "info_type_pkey", "Relation Name": "info_type", "Alias": "it1", "Startup Cost": 0.0, "Total Cost": 14.21, "Plan Rows": 1, "Plan Width": 4, "Filter": "((info)::text = 'genres'::text)"}, {"Node Type": "Sort", "Parent Relationship": "Inner", "Startup Cost": 84142.46, "Total Cost": 84176.85, "Plan Rows": 13753, "Plan Width": 80, "Sort Key": ["mi.info_type_id"], "Plans": [{"Node Type": "Nested Loop", "Parent Relationship": "Outer", "Join Type": "Inner", "Startup Cost": 7419.04, "Total Cost": 83197.12, "Plan Rows": 13753, "Plan Width": 80, "Inner Unique": false, "Plans": [{"Node Type": "Nested Loop", "Parent Relationship": "Outer", "Join Type": "Inner", "Startup Cost": 7419.04, "Total Cost": 61824.99, "Plan Rows": 15041, "Plan Width": 30, "Inner Unique": true, "Plans": [{"Node Type": "Nested Loop", "Parent Relationship": "Outer", "Join Type": "Inner", "Startup Cost": 7419.04, "Total Cost": 19211.73, "Plan Rows": 12936, "Plan Width": 9, "Inner Unique": false, "Plans": [{"Node Type": "Index Scan", "Parent Relationship": "Outer", "Scan Direction": "Forward", "Index Name": "info_type_pkey", "Relation Name": "info_type", "Alias": "it2", "Startup Cost": 0.0, "Total Cost": 14.21, "Plan Rows": 1, "Plan Width": 4, "Filter": "((info)::text = 'rating'::text)"}, {"Node Type": "Bitmap Heap Scan", "Parent Relationship": "Inner", "Relation Name": "movie_info_idx", "Alias": "mi_idx", "Startup Cost": 7419.04, "Total Cost": 19068.16, "Plan Rows": 12936, "Plan Width": 13, "Recheck Cond": "(info_type_id = it2.id)", "Filter": "((info)::text > '8.0'::text)", "Plans": [{"Node Type": "Bitmap Index Scan", "Parent Relationship": "Outer", "Index Name": "info_type_id_movie_info_idx", "Startup Cost": 0.0, "Total Cost": 7415.81, "Plan Rows": 345008, "Plan Width": 0, "Index Cond": "(info_type_id = it2.id)"}]}]}, {"Node Type": "Index Scan", "Parent Relationship": "Inner", "Scan Direction": "Forward", "Index Name": "title_pkey", "Relation Name": "title", "Alias": "t", "Startup Cost": 0.0, "Total Cost": 3.28, "Plan Rows": 1, "Plan Width": 21, "Index Cond": "(id = mi_idx.movie_id)", "Filter": "((production_year >= 2008) AND (production_year <= 2014))"}]}, {"Node Type": "Index Scan", "Parent Relationship": "Inner", "Scan Direction": "Forward", "Index Name": "movie_id_movie_info", "Relation Name": "movie_info", "Alias": "mi", "Startup Cost": 0.0, "Total Cost": 1.41, "Plan Rows": 1, "Plan Width": 50, "Index Cond": "(movie_id = t.id)", "Filter": "((note IS NULL) AND ((info)::text = ANY ('{Horror,Thriller}'::text[])))"}]}]}]}, {"Node Type": "Index Scan", "Parent Relationship": "Inner", "Scan Direction": "Forward", "Index Name": "movie_id_cast_info", "Relation Name": "cast_info", "Alias": "ci", "Startup Cost": 0.0, "Total Cost": 2.34, "Plan Rows": 1, "Plan Width": 8, "Index Cond": "(movie_id = t.id)", "Filter": "((note)::text = ANY ('{(writer),\"(head writer)\",\"(written by)\",(story),\"(story editor)\"}'::text[]))"}]}, {"Node Type": "Index Scan", "Parent Relationship": "Inner", "Scan Direction": "Forward", "Index Name": "name_pkey", "Relation Name": "name", "Alias": "n", "Startup Cost": 0.0, "Total Cost": 0.49, "Plan Rows": 1, "Plan Width": 4, "Index Cond": "(id = ci.person_id)", "Filter": "((gender IS NOT NULL) AND ((gender)::text = 'f'::text))"}]}]}, "Unique SQL Id": 661781350, "Planner Runtime": 17}, "explain_analyze_plan": {"Plan": {"Node Type": "Aggregate", "Strategy": "Plain", "Startup Cost": 85075.06, "Total Cost": 85075.07, "Plan Rows": 1, "Plan Width": 160, "Actual Startup Time": 702.449, "Actual Total Time": 702.449, "Actual Rows": 1, "Actual Loops": 1, "Plans": [{"Node Type": "Nested Loop", "Parent Relationship": "Outer", "Join Type": "Inner", "Startup Cost": 84146.21, "Total Cost": 85073.42, "Plan Rows": 219, "Plan Width": 64, "Actual Startup Time": 666.902, "Actual Total Time": 702.405, "Actual Rows": 11, "Actual Loops": 1, "Inner Unique": true, "Plans": [{"Node Type": "Nested Loop", "Parent Relationship": "Outer", "Join Type": "Inner", "Startup Cost": 84146.21, "Total Cost": 84912.43, "Plan Rows": 321, "Plan Width": 68, "Actual Startup Time": 663.823, "Actual Total Time": 699.839, "Actual Rows": 268, "Actual Loops": 1, "Inner Unique": false, "Plans": [{"Node Type": "Merge Join", "Parent Relationship": "Outer", "Join Type": "Inner", "Startup Cost": 84146.21, "Total Cost": 84227.4, "Plan Rows": 291, "Plan Width": 76, "Actual Startup Time": 663.544, "Actual Total Time": 663.847, "Actual Rows": 358, "Actual Loops": 1, "Inner Unique": false, "Merge Cond": "(it1.id = mi.info_type_id)", "Plans": [{"Node Type": "Index Scan", "Parent Relationship": "Outer", "Scan Direction": "Forward", "Index Name": "info_type_pkey", "Relation Name": "info_type", "Alias": "it1", "Startup Cost": 0.0, "Total Cost": 14.21, "Plan Rows": 1, "Plan Width": 4, "Actual Startup Time": 0.021, "Actual Total Time": 0.08, "Actual Rows": 1, "Actual Loops": 1, "Filter": "((info)::text = 'genres'::text)", "Rows Removed by Filter": 111}, {"Node Type": "Sort", "Parent Relationship": "Inner", "Startup Cost": 84142.46, "Total Cost": 84176.85, "Plan Rows": 13753, "Plan Width": 80, "Actual Startup Time": 663.514, "Actual Total Time": 663.591, "Actual Rows": 358, "Actual Loops": 1, "Sort Key": ["mi.info_type_id"], "Sort Method": "quicksort", "Sort Space Used": 75, "Sort Space Type": "Memory", "Plans": [{"Node Type": "Nested Loop", "Parent Relationship": "Outer", "Join Type": "Inner", "Startup Cost": 7419.04, "Total Cost": 83197.12, "Plan Rows": 13753, "Plan Width": 80, "Actual Startup Time": 88.753, "Actual Total Time": 663.177, "Actual Rows": 358, "Actual Loops": 1, "Inner Unique": false, "Plans": [{"Node Type": "Nested Loop", "Parent Relationship": "Outer", "Join Type": "Inner", "Startup Cost": 7419.04, "Total Cost": 61824.99, "Plan Rows": 15041, "Plan Width": 30, "Actual Startup Time": 80.443, "Actual Total Time": 484.374, "Actual Rows": 6152, "Actual Loops": 1, "Inner Unique": true, "Plans": [{"Node Type": "Nested Loop", "Parent Relationship": "Outer", "Join Type": "Inner", "Startup Cost": 7419.04, "Total Cost": 19211.73, "Plan Rows": 12936, "Plan Width": 9, "Actual Startup Time": 78.637, "Actual Total Time": 386.521, "Actual Rows": 15849, "Actual Loops": 1, "Inner Unique": false, "Plans": [{"Node Type": "Index Scan", "Parent Relationship": "Outer", "Scan Direction": "Forward", "Index Name": "info_type_pkey", "Relation Name": "info_type", "Alias": "it2", "Startup Cost": 0.0, "Total Cost": 14.21, "Plan Rows": 1, "Plan Width": 4, "Actual Startup Time": 0.055, "Actual Total Time": 0.068, "Actual Rows": 1, "Actual Loops": 1, "Filter": "((info)::text = 'rating'::text)", "Rows Removed by Filter": 111}, {"Node Type": "Bitmap Heap Scan", "Parent Relationship": "Inner", "Relation Name": "movie_info_idx", "Alias": "mi_idx", "Startup Cost": 7419.04, "Total Cost": 19068.16, "Plan Rows": 12936, "Plan Width": 13, "Actual Startup Time": 78.575, "Actual Total Time": 382.738, "Actual Rows": 15849, "Actual Loops": 1, "Recheck Cond": "(info_type_id = it2.id)", "Rows Removed by Index Recheck": 0, "Filter": "((info)::text > '8.0'::text)", "Rows Removed by Filter": 444076, "Exact Heap Blocks": 6472, "Lossy Heap Blocks": 6472, "Plans": [{"Node Type": "Bitmap Index Scan", "Parent Relationship": "Outer", "Index Name": "info_type_id_movie_info_idx", "Startup Cost": 0.0, "Total Cost": 7415.81, "Plan Rows": 345008, "Plan Width": 0, "Actual Startup Time": 77.275, "Actual Total Time": 77.275, "Actual Rows": 459925, "Actual Loops": 1, "Index Cond": "(info_type_id = it2.id)"}]}]}, {"Node Type": "Index Scan", "Parent Relationship": "Inner", "Scan Direction": "Forward", "Index Name": "title_pkey", "Relation Name": "title", "Alias": "t", "Startup Cost": 0.0, "Total Cost": 3.28, "Plan Rows": 1, "Plan Width": 21, "Actual Startup Time": 87.989, "Actual Total Time": 87.989, "Actual Rows": 6152, "Actual Loops": 15849, "Index Cond": "(id = mi_idx.movie_id)", "Rows Removed by Index Recheck": 0, "Filter": "((production_year >= 2008) AND (production_year <= 2014))", "Rows Removed by Filter": 9697}]}, {"Node Type": "Index Scan", "Parent Relationship": "Inner", "Scan Direction": "Forward", "Index Name": "movie_id_movie_info", "Relation Name": "movie_info", "Alias": "mi", "Startup Cost": 0.0, "Total Cost": 1.41, "Plan Rows": 1, "Plan Width": 50, "Actual Startup Time": 175.066, "Actual Total Time": 175.388, "Actual Rows": 358, "Actual Loops": 6152, "Index Cond": "(movie_id = t.id)", "Rows Removed by Index Recheck": 0, "Filter": "((note IS NULL) AND ((info)::text = ANY ('{Horror,Thriller}'::text[])))", "Rows Removed by Filter": 109599}]}]}]}, {"Node Type": "Index Scan", "Parent Relationship": "Inner", "Scan Direction": "Forward", "Index Name": "movie_id_cast_info", "Relation Name": "cast_info", "Alias": "ci", "Startup Cost": 0.0, "Total Cost": 2.34, "Plan Rows": 1, "Plan Width": 8, "Actual Startup Time": 28.054, "Actual Total Time": 35.698, "Actual Rows": 268, "Actual Loops": 358, "Index Cond": "(movie_id = t.id)", "Rows Removed by Index Recheck": 0, "Filter": "((note)::text = ANY ('{(writer),\"(head writer)\",\"(written by)\",(story),\"(story editor)\"}'::text[]))", "Rows Removed by Filter": 12296}]}, {"Node Type": "Index Scan", "Parent Relationship": "Inner", "Scan Direction": "Forward", "Index Name": "name_pkey", "Relation Name": "name", "Alias": "n", "Startup Cost": 0.0, "Total Cost": 0.49, "Plan Rows": 1, "Plan Width": 4, "Actual Startup Time": 2.383, "Actual Total Time": 2.383, "Actual Rows": 11, "Actual Loops": 268, "Index Cond": "(id = ci.person_id)", "Rows Removed by Index Recheck": 0, "Filter": "((gender IS NOT NULL) AND ((gender)::text = 'f'::text))", "Rows Removed by Filter": 257}]}]}, "Triggers": [], "Planner Runtime": 16.586, "Total Runtime": 702.907, "Unique SQL Id": 661781350}}, "(16, '82')": {"explain_plan": {"Plan": {"Node Type": "Aggregate", "Strategy": "Plain", "Startup Cost": 157930.24, "Total Cost": 157930.25, "Plan Rows": 1, "Plan Width": 160, "Plans": [{"Node Type": "Nested Loop", "Parent Relationship": "Outer", "Join Type": "Inner", "Startup Cost": 154978.63, "Total Cost": 157928.6, "Plan Rows": 219, "Plan Width": 64, "Inner Unique": true, "Plans": [{"Node Type": "Nested Loop", "Parent Relationship": "Outer", "Join Type": "Inner", "Startup Cost": 154978.33, "Total Cost": 156537.48, "Plan Rows": 321, "Plan Width": 68, "Inner Unique": false, "Plans": [{"Node Type": "Merge Join", "Parent Relationship": "Outer", "Join Type": "Inner", "Startup Cost": 154977.32, "Total Cost": 155044.3, "Plan Rows": 291, "Plan Width": 76, "Inner Unique": false, "Merge Cond": "(it1.id = mi.info_type_id)", "Plans": [{"Node Type": "Sort", "Parent Relationship": "Outer", "Startup Cost": 2.41, "Total Cost": 2.42, "Plan Rows": 1, "Plan Width": 4, "Sort Key": ["it1.id"], "Plans": [{"Node Type": "Seq Scan", "Parent Relationship": "Outer", "Relation Name": "info_type", "Alias": "it1", "Startup Cost": 0.0, "Total Cost": 2.4, "Plan Rows": 1, "Plan Width": 4, "Filter": "((info)::text = 'genres'::text)"}]}, {"Node Type": "Sort", "Parent Relationship": "Inner", "Startup Cost": 154971.16, "Total Cost": 155005.54, "Plan Rows": 13753, "Plan Width": 80, "Sort Key": ["mi.info_type_id"], "Plans": [{"Node Type": "Nested Loop", "Parent Relationship": "Outer", "Join Type": "Inner", "Startup Cost": 7420.6, "Total Cost": 154025.82, "Plan Rows": 13753, "Plan Width": 80, "Inner Unique": false, "Plans": [{"Node Type": "Nested Loop", "Parent Relationship": "Outer", "Join Type": "Inner", "Startup Cost": 7420.02, "Total Cost": 83886.56, "Plan Rows": 15041, "Plan Width": 30, "Inner Unique": true, "Plans": [{"Node Type": "Nested Loop", "Parent Relationship": "Outer", "Join Type": "Inner", "Startup Cost": 7419.04, "Total Cost": 19199.92, "Plan Rows": 12936, "Plan Width": 9, "Inner Unique": false, "Plans": [{"Node Type": "Seq Scan", "Parent Relationship": "Outer", "Relation Name": "info_type", "Alias": "it2", "Startup Cost": 0.0, "Total Cost": 2.4, "Plan Rows": 1, "Plan Width": 4, "Filter": "((info)::text = 'rating'::text)"}, {"Node Type": "Bitmap Heap Scan", "Parent Relationship": "Inner", "Relation Name": "movie_info_idx", "Alias": "mi_idx", "Startup Cost": 7419.04, "Total Cost": 19068.16, "Plan Rows": 12936, "Plan Width": 13, "Recheck Cond": "(info_type_id = it2.id)", "Filter": "((info)::text > '8.0'::text)", "Plans": [{"Node Type": "Bitmap Index Scan", "Parent Relationship": "Outer", "Index Name": "info_type_id_movie_info_idx", "Startup Cost": 0.0, "Total Cost": 7415.81, "Plan Rows": 345008, "Plan Width": 0, "Index Cond": "(info_type_id = it2.id)"}]}]}, {"Node Type": "Bitmap Heap Scan", "Parent Relationship": "Inner", "Relation Name": "title", "Alias": "t", "Startup Cost": 0.97, "Total Cost": 4.99, "Plan Rows": 1, "Plan Width": 21, "Recheck Cond": "(id = mi_idx.movie_id)", "Filter": "((production_year >= 2008) AND (production_year <= 2014))", "Plans": [{"Node Type": "Bitmap Index Scan", "Parent Relationship": "Outer", "Index Name": "title_pkey", "Startup Cost": 0.0, "Total Cost": 0.97, "Plan Rows": 1, "Plan Width": 0, "Index Cond": "(id = mi_idx.movie_id)"}]}]}, {"Node Type": "Bitmap Heap Scan", "Parent Relationship": "Inner", "Relation Name": "movie_info", "Alias": "mi", "Startup Cost": 0.58, "Total Cost": 4.65, "Plan Rows": 1, "Plan Width": 50, "Recheck Cond": "(movie_id = t.id)", "Filter": "((note IS NULL) AND ((info)::text = ANY ('{Horror,Thriller}'::text[])))", "Plans": [{"Node Type": "Bitmap Index Scan", "Parent Relationship": "Outer", "Index Name": "movie_id_movie_info", "Startup Cost": 0.0, "Total Cost": 0.58, "Plan Rows": 5, "Plan Width": 0, "Index Cond": "(movie_id = t.id)"}]}]}]}]}, {"Node Type": "Bitmap Heap Scan", "Parent Relationship": "Inner", "Relation Name": "cast_info", "Alias": "ci", "Startup Cost": 1.01, "Total Cost": 5.12, "Plan Rows": 1, "Plan Width": 8, "Recheck Cond": "(movie_id = t.id)", "Filter": "((note)::text = ANY ('{(writer),\"(head writer)\",\"(written by)\",(story),\"(story editor)\"}'::text[]))", "Plans": [{"Node Type": "Bitmap Index Scan", "Parent Relationship": "Outer", "Index Name": "movie_id_cast_info", "Startup Cost": 0.0, "Total Cost": 1.01, "Plan Rows": 6, "Plan Width": 0, "Index Cond": "(movie_id = t.id)"}]}]}, {"Node Type": "Bitmap Heap Scan", "Parent Relationship": "Inner", "Relation Name": "name", "Alias": "n", "Startup Cost": 0.31, "Total Cost": 4.32, "Plan Rows": 1, "Plan Width": 4, "Recheck Cond": "(id = ci.person_id)", "Filter": "((gender IS NOT NULL) AND ((gender)::text = 'f'::text))", "Plans": [{"Node Type": "Bitmap Index Scan", "Parent Relationship": "Outer", "Index Name": "name_pkey", "Startup Cost": 0.0, "Total Cost": 0.31, "Plan Rows": 1, "Plan Width": 0, "Index Cond": "(id = ci.person_id)"}]}]}]}, "Unique SQL Id": 661781350, "Planner Runtime": 26}, "explain_analyze_plan": {"Plan": {"Node Type": "Aggregate", "Strategy": "Plain", "Startup Cost": 157930.24, "Total Cost": 157930.25, "Plan Rows": 1, "Plan Width": 160, "Actual Startup Time": 774.627, "Actual Total Time": 774.628, "Actual Rows": 1, "Actual Loops": 1, "Plans": [{"Node Type": "Nested Loop", "Parent Relationship": "Outer", "Join Type": "Inner", "Startup Cost": 154978.63, "Total Cost": 157928.6, "Plan Rows": 219, "Plan Width": 64, "Actual Startup Time": 731.435, "Actual Total Time": 774.577, "Actual Rows": 11, "Actual Loops": 1, "Inner Unique": true, "Plans": [{"Node Type": "Nested Loop", "Parent Relationship": "Outer", "Join Type": "Inner", "Startup Cost": 154978.33, "Total Cost": 156537.48, "Plan Rows": 321, "Plan Width": 68, "Actual Startup Time": 727.846, "Actual Total Time": 771.464, "Actual Rows": 268, "Actual Loops": 1, "Inner Unique": false, "Plans": [{"Node Type": "Merge Join", "Parent Relationship": "Outer", "Join Type": "Inner", "Startup Cost": 154977.32, "Total Cost": 155044.3, "Plan Rows": 291, "Plan Width": 76, "Actual Startup Time": 727.482, "Actual Total Time": 727.73, "Actual Rows": 358, "Actual Loops": 1, "Inner Unique": false, "Merge Cond": "(it1.id = mi.info_type_id)", "Plans": [{"Node Type": "Sort", "Parent Relationship": "Outer", "Startup Cost": 2.41, "Total Cost": 2.42, "Plan Rows": 1, "Plan Width": 4, "Actual Startup Time": 0.071, "Actual Total Time": 0.072, "Actual Rows": 1, "Actual Loops": 1, "Sort Key": ["it1.id"], "Sort Method": "quicksort", "Sort Space Used": 25, "Sort Space Type": "Memory", "Plans": [{"Node Type": "Seq Scan", "Parent Relationship": "Outer", "Relation Name": "info_type", "Alias": "it1", "Startup Cost": 0.0, "Total Cost": 2.4, "Plan Rows": 1, "Plan Width": 4, "Actual Startup Time": 0.037, "Actual Total Time": 0.061, "Actual Rows": 1, "Actual Loops": 1, "Filter": "((info)::text = 'genres'::text)", "Rows Removed by Filter": 111}]}, {"Node Type": "Sort", "Parent Relationship": "Inner", "Startup Cost": 154971.16, "Total Cost": 155005.54, "Plan Rows": 13753, "Plan Width": 80, "Actual Startup Time": 727.402, "Actual Total Time": 727.487, "Actual Rows": 358, "Actual Loops": 1, "Sort Key": ["mi.info_type_id"], "Sort Method": "quicksort", "Sort Space Used": 75, "Sort Space Type": "Memory", "Plans": [{"Node Type": "Nested Loop", "Parent Relationship": "Outer", "Join Type": "Inner", "Startup Cost": 7420.6, "Total Cost": 154025.82, "Plan Rows": 13753, "Plan Width": 80, "Actual Startup Time": 89.142, "Actual Total Time": 727.02, "Actual Rows": 358, "Actual Loops": 1, "Inner Unique": false, "Plans": [{"Node Type": "Nested Loop", "Parent Relationship": "Outer", "Join Type": "Inner", "Startup Cost": 7420.02, "Total Cost": 83886.56, "Plan Rows": 15041, "Plan Width": 30, "Actual Startup Time": 79.961, "Actual Total Time": 513.861, "Actual Rows": 6152, "Actual Loops": 1, "Inner Unique": true, "Plans": [{"Node Type": "Nested Loop", "Parent Relationship": "Outer", "Join Type": "Inner", "Startup Cost": 7419.04, "Total Cost": 19199.92, "Plan Rows": 12936, "Plan Width": 9, "Actual Startup Time": 77.944, "Actual Total Time": 386.196, "Actual Rows": 15849, "Actual Loops": 1, "Inner Unique": false, "Plans": [{"Node Type": "Seq Scan", "Parent Relationship": "Outer", "Relation Name": "info_type", "Alias": "it2", "Startup Cost": 0.0, "Total Cost": 2.4, "Plan Rows": 1, "Plan Width": 4, "Actual Startup Time": 0.049, "Actual Total Time": 0.069, "Actual Rows": 1, "Actual Loops": 1, "Filter": "((info)::text = 'rating'::text)", "Rows Removed by Filter": 111}, {"Node Type": "Bitmap Heap Scan", "Parent Relationship": "Inner", "Relation Name": "movie_info_idx", "Alias": "mi_idx", "Startup Cost": 7419.04, "Total Cost": 19068.16, "Plan Rows": 12936, "Plan Width": 13, "Actual Startup Time": 77.89, "Actual Total Time": 382.373, "Actual Rows": 15849, "Actual Loops": 1, "Recheck Cond": "(info_type_id = it2.id)", "Rows Removed by Index Recheck": 0, "Filter": "((info)::text > '8.0'::text)", "Rows Removed by Filter": 444076, "Exact Heap Blocks": 6472, "Lossy Heap Blocks": 6472, "Plans": [{"Node Type": "Bitmap Index Scan", "Parent Relationship": "Outer", "Index Name": "info_type_id_movie_info_idx", "Startup Cost": 0.0, "Total Cost": 7415.81, "Plan Rows": 345008, "Plan Width": 0, "Actual Startup Time": 76.605, "Actual Total Time": 76.605, "Actual Rows": 459925, "Actual Loops": 1, "Index Cond": "(info_type_id = it2.id)"}]}]}, {"Node Type": "Bitmap Heap Scan", "Parent Relationship": "Inner", "Relation Name": "title", "Alias": "t", "Startup Cost": 0.97, "Total Cost": 4.99, "Plan Rows": 1, "Plan Width": 21, "Actual Startup Time": 107.619, "Actual Total Time": 107.619, "Actual Rows": 6152, "Actual Loops": 15849, "Recheck Cond": "(id = mi_idx.movie_id)", "Rows Removed by Index Recheck": 0, "Filter": "((production_year >= 2008) AND (production_year <= 2014))", "Rows Removed by Filter": 9697, "Exact Heap Blocks": 15849, "Lossy Heap Blocks": 15849, "Plans": [{"Node Type": "Bitmap Index Scan", "Parent Relationship": "Outer", "Index Name": "title_pkey", "Startup Cost": 0.0, "Total Cost": 0.97, "Plan Rows": 1, "Plan Width": 0, "Actual Startup Time": 50.927, "Actual Total Time": 50.927, "Actual Rows": 15849, "Actual Loops": 15849, "Index Cond": "(id = mi_idx.movie_id)"}]}]}, {"Node Type": "Bitmap Heap Scan", "Parent Relationship": "Inner", "Relation Name": "movie_info", "Alias": "mi", "Startup Cost": 0.58, "Total Cost": 4.65, "Plan Rows": 1, "Plan Width": 50, "Actual Startup Time": 204.814, "Actual Total Time": 204.979, "Actual Rows": 358, "Actual Loops": 6152, "Recheck Cond": "(movie_id = t.id)", "Rows Removed by Index Recheck": 0, "Filter": "((note IS NULL) AND ((info)::text = ANY ('{Horror,Thriller}'::text[])))", "Rows Removed by Filter": 109599, "Exact Heap Blocks": 52726, "Lossy Heap Blocks": 52726, "Plans": [{"Node Type": "Bitmap Index Scan", "Parent Relationship": "Outer", "Index Name": "movie_id_movie_info", "Startup Cost": 0.0, "Total Cost": 0.58, "Plan Rows": 5, "Plan Width": 0, "Actual Startup Time": 46.562, "Actual Total Time": 46.562, "Actual Rows": 109957, "Actual Loops": 6152, "Index Cond": "(movie_id = t.id)"}]}]}]}]}, {"Node Type": "Bitmap Heap Scan", "Parent Relationship": "Inner", "Relation Name": "cast_info", "Alias": "ci", "Startup Cost": 1.01, "Total Cost": 5.12, "Plan Rows": 1, "Plan Width": 8, "Actual Startup Time": 34.625, "Actual Total Time": 43.03, "Actual Rows": 268, "Actual Loops": 358, "Recheck Cond": "(movie_id = t.id)", "Rows Removed by Index Recheck": 0, "Filter": "((note)::text = ANY ('{(writer),\"(head writer)\",\"(written by)\",(story),\"(story editor)\"}'::text[]))", "Rows Removed by Filter": 12296, "Exact Heap Blocks": 11454, "Lossy Heap Blocks": 11454, "Plans": [{"Node Type": "Bitmap Index Scan", "Parent Relationship": "Outer", "Index Name": "movie_id_cast_info", "Startup Cost": 0.0, "Total Cost": 1.01, "Plan Rows": 6, "Plan Width": 0, "Actual Startup Time": 5.656, "Actual Total Time": 5.656, "Actual Rows": 12564, "Actual Loops": 358, "Index Cond": "(movie_id = t.id)"}]}]}, {"Node Type": "Bitmap Heap Scan", "Parent Relationship": "Inner", "Relation Name": "name", "Alias": "n", "Startup Cost": 0.31, "Total Cost": 4.32, "Plan Rows": 1, "Plan Width": 4, "Actual Startup Time": 2.728, "Actual Total Time": 2.728, "Actual Rows": 11, "Actual Loops": 268, "Recheck Cond": "(id = ci.person_id)", "Rows Removed by Index Recheck": 0, "Filter": "((gender IS NOT NULL) AND ((gender)::text = 'f'::text))", "Rows Removed by Filter": 257, "Exact Heap Blocks": 268, "Lossy Heap Blocks": 268, "Plans": [{"Node Type": "Bitmap Index Scan", "Parent Relationship": "Outer", "Index Name": "name_pkey", "Startup Cost": 0.0, "Total Cost": 0.31, "Plan Rows": 1, "Plan Width": 0, "Actual Startup Time": 1.682, "Actual Total Time": 1.682, "Actual Rows": 268, "Actual Loops": 268, "Index Cond": "(id = ci.person_id)"}]}]}]}, "Triggers": [], "Planner Runtime": 25.819, "Total Runtime": 774.99, "Unique SQL Id": 661781350}}, "(16, '83')": {"explain_plan": {"Plan": {"Node Type": "Aggregate", "Strategy": "Plain", "Startup Cost": 157953.86, "Total Cost": 157953.87, "Plan Rows": 1, "Plan Width": 160, "Plans": [{"Node Type": "Nested Loop", "Parent Relationship": "Outer", "Join Type": "Inner", "Startup Cost": 155002.26, "Total Cost": 157952.22, "Plan Rows": 219, "Plan Width": 64, "Inner Unique": true, "Plans": [{"Node Type": "Nested Loop", "Parent Relationship": "Outer", "Join Type": "Inner", "Startup Cost": 155001.95, "Total Cost": 156561.1, "Plan Rows": 321, "Plan Width": 68, "Inner Unique": false, "Plans": [{"Node Type": "Merge Join", "Parent Relationship": "Outer", "Join Type": "Inner", "Startup Cost": 155000.94, "Total Cost": 155067.93, "Plan Rows": 291, "Plan Width": 76, "Inner Unique": false, "Merge Cond": "(it1.id = mi.info_type_id)", "Plans": [{"Node Type": "Sort", "Parent Relationship": "Outer", "Startup Cost": 14.22, "Total Cost": 14.23, "Plan Rows": 1, "Plan Width": 4, "Sort Key": ["it1.id"], "Plans": [{"Node Type": "Bitmap Heap Scan", "Parent Relationship": "Outer", "Relation Name": "info_type", "Alias": "it1", "Startup Cost": 8.81, "Total Cost": 14.21, "Plan Rows": 1, "Plan Width": 4, "Filter": "((info)::text = 'genres'::text)", "Plans": [{"Node Type": "Bitmap Index Scan", "Parent Relationship": "Outer", "Index Name": "info_type_pkey", "Startup Cost": 0.0, "Total Cost": 8.81, "Plan Rows": 112, "Plan Width": 0}]}]}, {"Node Type": "Sort", "Parent Relationship": "Inner", "Startup Cost": 154982.97, "Total Cost": 155017.36, "Plan Rows": 13753, "Plan Width": 80, "Sort Key": ["mi.info_type_id"], "Plans": [{"Node Type": "Nested Loop", "Parent Relationship": "Outer", "Join Type": "Inner", "Startup Cost": 7429.41, "Total Cost": 154037.63, "Plan Rows": 13753, "Plan Width": 80, "Inner Unique": false, "Plans": [{"Node Type": "Nested Loop", "Parent Relationship": "Outer", "Join Type": "Inner", "Startup Cost": 7428.83, "Total Cost": 83898.37, "Plan Rows": 15041, "Plan Width": 30, "Inner Unique": true, "Plans": [{"Node Type": "Nested Loop", "Parent Relationship": "Outer", "Join Type": "Inner", "Startup Cost": 7427.85, "Total Cost": 19211.73, "Plan Rows": 12936, "Plan Width": 9, "Inner Unique": false, "Plans": [{"Node Type": "Bitmap Heap Scan", "Parent Relationship": "Outer", "Relation Name": "info_type", "Alias": "it2", "Startup Cost": 8.81, "Total Cost": 14.21, "Plan Rows": 1, "Plan Width": 4, "Filter": "((info)::text = 'rating'::text)", "Plans": [{"Node Type": "Bitmap Index Scan", "Parent Relationship": "Outer", "Index Name": "info_type_pkey", "Startup Cost": 0.0, "Total Cost": 8.81, "Plan Rows": 112, "Plan Width": 0}]}, {"Node Type": "Bitmap Heap Scan", "Parent Relationship": "Inner", "Relation Name": "movie_info_idx", "Alias": "mi_idx", "Startup Cost": 7419.04, "Total Cost": 19068.16, "Plan Rows": 12936, "Plan Width": 13, "Recheck Cond": "(info_type_id = it2.id)", "Filter": "((info)::text > '8.0'::text)", "Plans": [{"Node Type": "Bitmap Index Scan", "Parent Relationship": "Outer", "Index Name": "info_type_id_movie_info_idx", "Startup Cost": 0.0, "Total Cost": 7415.81, "Plan Rows": 345008, "Plan Width": 0, "Index Cond": "(info_type_id = it2.id)"}]}]}, {"Node Type": "Bitmap Heap Scan", "Parent Relationship": "Inner", "Relation Name": "title", "Alias": "t", "Startup Cost": 0.97, "Total Cost": 4.99, "Plan Rows": 1, "Plan Width": 21, "Recheck Cond": "(id = mi_idx.movie_id)", "Filter": "((production_year >= 2008) AND (production_year <= 2014))", "Plans": [{"Node Type": "Bitmap Index Scan", "Parent Relationship": "Outer", "Index Name": "title_pkey", "Startup Cost": 0.0, "Total Cost": 0.97, "Plan Rows": 1, "Plan Width": 0, "Index Cond": "(id = mi_idx.movie_id)"}]}]}, {"Node Type": "Bitmap Heap Scan", "Parent Relationship": "Inner", "Relation Name": "movie_info", "Alias": "mi", "Startup Cost": 0.58, "Total Cost": 4.65, "Plan Rows": 1, "Plan Width": 50, "Recheck Cond": "(movie_id = t.id)", "Filter": "((note IS NULL) AND ((info)::text = ANY ('{Horror,Thriller}'::text[])))", "Plans": [{"Node Type": "Bitmap Index Scan", "Parent Relationship": "Outer", "Index Name": "movie_id_movie_info", "Startup Cost": 0.0, "Total Cost": 0.58, "Plan Rows": 5, "Plan Width": 0, "Index Cond": "(movie_id = t.id)"}]}]}]}]}, {"Node Type": "Bitmap Heap Scan", "Parent Relationship": "Inner", "Relation Name": "cast_info", "Alias": "ci", "Startup Cost": 1.01, "Total Cost": 5.12, "Plan Rows": 1, "Plan Width": 8, "Recheck Cond": "(movie_id = t.id)", "Filter": "((note)::text = ANY ('{(writer),\"(head writer)\",\"(written by)\",(story),\"(story editor)\"}'::text[]))", "Plans": [{"Node Type": "Bitmap Index Scan", "Parent Relationship": "Outer", "Index Name": "movie_id_cast_info", "Startup Cost": 0.0, "Total Cost": 1.01, "Plan Rows": 6, "Plan Width": 0, "Index Cond": "(movie_id = t.id)"}]}]}, {"Node Type": "Bitmap Heap Scan", "Parent Relationship": "Inner", "Relation Name": "name", "Alias": "n", "Startup Cost": 0.31, "Total Cost": 4.32, "Plan Rows": 1, "Plan Width": 4, "Recheck Cond": "(id = ci.person_id)", "Filter": "((gender IS NOT NULL) AND ((gender)::text = 'f'::text))", "Plans": [{"Node Type": "Bitmap Index Scan", "Parent Relationship": "Outer", "Index Name": "name_pkey", "Startup Cost": 0.0, "Total Cost": 0.31, "Plan Rows": 1, "Plan Width": 0, "Index Cond": "(id = ci.person_id)"}]}]}]}, "Unique SQL Id": 661781350, "Planner Runtime": 20}, "explain_analyze_plan": {"Plan": {"Node Type": "Aggregate", "Strategy": "Plain", "Startup Cost": 157953.86, "Total Cost": 157953.87, "Plan Rows": 1, "Plan Width": 160, "Actual Startup Time": 622.025, "Actual Total Time": 622.025, "Actual Rows": 1, "Actual Loops": 1, "Plans": [{"Node Type": "Nested Loop", "Parent Relationship": "Outer", "Join Type": "Inner", "Startup Cost": 155002.26, "Total Cost": 157952.22, "Plan Rows": 219, "Plan Width": 64, "Actual Startup Time": 591.499, "Actual Total Time": 621.966, "Actual Rows": 11, "Actual Loops": 1, "Inner Unique": true, "Plans": [{"Node Type": "Nested Loop", "Parent Relationship": "Outer", "Join Type": "Inner", "Startup Cost": 155001.95, "Total Cost": 156561.1, "Plan Rows": 321, "Plan Width": 68, "Actual Startup Time": 589.114, "Actual Total Time": 619.578, "Actual Rows": 268, "Actual Loops": 1, "Inner Unique": false, "Plans": [{"Node Type": "Merge Join", "Parent Relationship": "Outer", "Join Type": "Inner", "Startup Cost": 155000.94, "Total Cost": 155067.93, "Plan Rows": 291, "Plan Width": 76, "Actual Startup Time": 588.872, "Actual Total Time": 589.099, "Actual Rows": 358, "Actual Loops": 1, "Inner Unique": false, "Merge Cond": "(it1.id = mi.info_type_id)", "Plans": [{"Node Type": "Sort", "Parent Relationship": "Outer", "Startup Cost": 14.22, "Total Cost": 14.23, "Plan Rows": 1, "Plan Width": 4, "Actual Startup Time": 0.114, "Actual Total Time": 0.114, "Actual Rows": 1, "Actual Loops": 1, "Sort Key": ["it1.id"], "Sort Method": "quicksort", "Sort Space Used": 25, "Sort Space Type": "Memory", "Plans": [{"Node Type": "Bitmap Heap Scan", "Parent Relationship": "Outer", "Relation Name": "info_type", "Alias": "it1", "Startup Cost": 8.81, "Total Cost": 14.21, "Plan Rows": 1, "Plan Width": 4, "Actual Startup Time": 0.072, "Actual Total Time": 0.094, "Actual Rows": 1, "Actual Loops": 1, "Filter": "((info)::text = 'genres'::text)", "Rows Removed by Filter": 111, "Exact Heap Blocks": 1, "Lossy Heap Blocks": 1, "Plans": [{"Node Type": "Bitmap Index Scan", "Parent Relationship": "Outer", "Index Name": "info_type_pkey", "Startup Cost": 0.0, "Total Cost": 8.81, "Plan Rows": 112, "Plan Width": 0, "Actual Startup Time": 0.019, "Actual Total Time": 0.019, "Actual Rows": 112, "Actual Loops": 1}]}]}, {"Node Type": "Sort", "Parent Relationship": "Inner", "Startup Cost": 154982.97, "Total Cost": 155017.36, "Plan Rows": 13753, "Plan Width": 80, "Actual Startup Time": 588.747, "Actual Total Time": 588.821, "Actual Rows": 358, "Actual Loops": 1, "Sort Key": ["mi.info_type_id"], "Sort Method": "quicksort", "Sort Space Used": 75, "Sort Space Type": "Memory", "Plans": [{"Node Type": "Nested Loop", "Parent Relationship": "Outer", "Join Type": "Inner", "Startup Cost": 7429.41, "Total Cost": 154037.63, "Plan Rows": 13753, "Plan Width": 80, "Actual Startup Time": 69.525, "Actual Total Time": 588.271, "Actual Rows": 358, "Actual Loops": 1, "Inner Unique": false, "Plans": [{"Node Type": "Nested Loop", "Parent Relationship": "Outer", "Join Type": "Inner", "Startup Cost": 7428.83, "Total Cost": 83898.37, "Plan Rows": 15041, "Plan Width": 30, "Actual Startup Time": 61.717, "Actual Total Time": 415.793, "Actual Rows": 6152, "Actual Loops": 1, "Inner Unique": true, "Plans": [{"Node Type": "Nested Loop", "Parent Relationship": "Outer", "Join Type": "Inner", "Startup Cost": 7427.85, "Total Cost": 19211.73, "Plan Rows": 12936, "Plan Width": 9, "Actual Startup Time": 59.952, "Actual Total Time": 309.109, "Actual Rows": 15849, "Actual Loops": 1, "Inner Unique": false, "Plans": [{"Node Type": "Bitmap Heap Scan", "Parent Relationship": "Outer", "Relation Name": "info_type", "Alias": "it2", "Startup Cost": 8.81, "Total Cost": 14.21, "Plan Rows": 1, "Plan Width": 4, "Actual Startup Time": 0.056, "Actual Total Time": 0.061, "Actual Rows": 1, "Actual Loops": 1, "Filter": "((info)::text = 'rating'::text)", "Rows Removed by Filter": 111, "Exact Heap Blocks": 1, "Lossy Heap Blocks": 1, "Plans": [{"Node Type": "Bitmap Index Scan", "Parent Relationship": "Outer", "Index Name": "info_type_pkey", "Startup Cost": 0.0, "Total Cost": 8.81, "Plan Rows": 112, "Plan Width": 0, "Actual Startup Time": 0.009, "Actual Total Time": 0.009, "Actual Rows": 112, "Actual Loops": 1}]}, {"Node Type": "Bitmap Heap Scan", "Parent Relationship": "Inner", "Relation Name": "movie_info_idx", "Alias": "mi_idx", "Startup Cost": 7419.04, "Total Cost": 19068.16, "Plan Rows": 12936, "Plan Width": 13, "Actual Startup Time": 59.874, "Actual Total Time": 305.237, "Actual Rows": 15849, "Actual Loops": 1, "Recheck Cond": "(info_type_id = it2.id)", "Rows Removed by Index Recheck": 0, "Filter": "((info)::text > '8.0'::text)", "Rows Removed by Filter": 444076, "Exact Heap Blocks": 6472, "Lossy Heap Blocks": 6472, "Plans": [{"Node Type": "Bitmap Index Scan", "Parent Relationship": "Outer", "Index Name": "info_type_id_movie_info_idx", "Startup Cost": 0.0, "Total Cost": 7415.81, "Plan Rows": 345008, "Plan Width": 0, "Actual Startup Time": 58.639, "Actual Total Time": 58.639, "Actual Rows": 459925, "Actual Loops": 1, "Index Cond": "(info_type_id = it2.id)"}]}]}, {"Node Type": "Bitmap Heap Scan", "Parent Relationship": "Inner", "Relation Name": "title", "Alias": "t", "Startup Cost": 0.97, "Total Cost": 4.99, "Plan Rows": 1, "Plan Width": 21, "Actual Startup Time": 86.4, "Actual Total Time": 86.4, "Actual Rows": 6152, "Actual Loops": 15849, "Recheck Cond": "(id = mi_idx.movie_id)", "Rows Removed by Index Recheck": 0, "Filter": "((production_year >= 2008) AND (production_year <= 2014))", "Rows Removed by Filter": 9697, "Exact Heap Blocks": 15849, "Lossy Heap Blocks": 15849, "Plans": [{"Node Type": "Bitmap Index Scan", "Parent Relationship": "Outer", "Index Name": "title_pkey", "Startup Cost": 0.0, "Total Cost": 0.97, "Plan Rows": 1, "Plan Width": 0, "Actual Startup Time": 44.601, "Actual Total Time": 44.601, "Actual Rows": 15849, "Actual Loops": 15849, "Index Cond": "(id = mi_idx.movie_id)"}]}]}, {"Node Type": "Bitmap Heap Scan", "Parent Relationship": "Inner", "Relation Name": "movie_info", "Alias": "mi", "Startup Cost": 0.58, "Total Cost": 4.65, "Plan Rows": 1, "Plan Width": 50, "Actual Startup Time": 164.385, "Actual Total Time": 164.535, "Actual Rows": 358, "Actual Loops": 6152, "Recheck Cond": "(movie_id = t.id)", "Rows Removed by Index Recheck": 0, "Filter": "((note IS NULL) AND ((info)::text = ANY ('{Horror,Thriller}'::text[])))", "Rows Removed by Filter": 109599, "Exact Heap Blocks": 52726, "Lossy Heap Blocks": 52726, "Plans": [{"Node Type": "Bitmap Index Scan", "Parent Relationship": "Outer", "Index Name": "movie_id_movie_info", "Startup Cost": 0.0, "Total Cost": 0.58, "Plan Rows": 5, "Plan Width": 0, "Actual Startup Time": 38.407, "Actual Total Time": 38.407, "Actual Rows": 109957, "Actual Loops": 6152, "Index Cond": "(movie_id = t.id)"}]}]}]}]}, {"Node Type": "Bitmap Heap Scan", "Parent Relationship": "Inner", "Relation Name": "cast_info", "Alias": "ci", "Startup Cost": 1.01, "Total Cost": 5.12, "Plan Rows": 1, "Plan Width": 8, "Actual Startup Time": 24.105, "Actual Total Time": 29.706, "Actual Rows": 268, "Actual Loops": 358, "Recheck Cond": "(movie_id = t.id)", "Rows Removed by Index Recheck": 0, "Filter": "((note)::text = ANY ('{(writer),\"(head writer)\",\"(written by)\",(story),\"(story editor)\"}'::text[]))", "Rows Removed by Filter": 12296, "Exact Heap Blocks": 11454, "Lossy Heap Blocks": 11454, "Plans": [{"Node Type": "Bitmap Index Scan", "Parent Relationship": "Outer", "Index Name": "movie_id_cast_info", "Startup Cost": 0.0, "Total Cost": 1.01, "Plan Rows": 6, "Plan Width": 0, "Actual Startup Time": 4.358, "Actual Total Time": 4.358, "Actual Rows": 12564, "Actual Loops": 358, "Index Cond": "(movie_id = t.id)"}]}]}, {"Node Type": "Bitmap Heap Scan", "Parent Relationship": "Inner", "Relation Name": "name", "Alias": "n", "Startup Cost": 0.31, "Total Cost": 4.32, "Plan Rows": 1, "Plan Width": 4, "Actual Startup Time": 1.979, "Actual Total Time": 1.979, "Actual Rows": 11, "Actual Loops": 268, "Recheck Cond": "(id = ci.person_id)", "Rows Removed by Index Recheck": 0, "Filter": "((gender IS NOT NULL) AND ((gender)::text = 'f'::text))", "Rows Removed by Filter": 257, "Exact Heap Blocks": 268, "Lossy Heap Blocks": 268, "Plans": [{"Node Type": "Bitmap Index Scan", "Parent Relationship": "Outer", "Index Name": "name_pkey", "Startup Cost": 0.0, "Total Cost": 0.31, "Plan Rows": 1, "Plan Width": 0, "Actual Startup Time": 1.21, "Actual Total Time": 1.21, "Actual Rows": 268, "Actual Loops": 268, "Index Cond": "(id = ci.person_id)"}]}]}]}, "Triggers": [], "Planner Runtime": 20.466, "Total Runtime": 622.484, "Unique SQL Id": 661781350}}, "(16, '84')": {"explain_plan": {"Plan": {"Node Type": "Aggregate", "Strategy": "Plain", "Startup Cost": 59351.1, "Total Cost": 59351.11, "Plan Rows": 1, "Plan Width": 160, "Plans": [{"Node Type": "Nested Loop", "Parent Relationship": "Outer", "Join Type": "Inner", "Startup Cost": 0.0, "Total Cost": 59349.46, "Plan Rows": 219, "Plan Width": 64, "Inner Unique": true, "Plans": [{"Node Type": "Nested Loop", "Parent Relationship": "Outer", "Join Type": "Inner", "Startup Cost": 0.0, "Total Cost": 59188.47, "Plan Rows": 321, "Plan Width": 68, "Inner Unique": false, "Plans": [{"Node Type": "Nested Loop", "Parent Relationship": "Outer", "Join Type": "Inner", "Startup Cost": 0.0, "Total Cost": 58503.44, "Plan Rows": 291, "Plan Width": 76, "Inner Unique": true, "Plans": [{"Node Type": "Nested Loop", "Parent Relationship": "Outer", "Join Type": "Inner", "Startup Cost": 0.0, "Total Cost": 57790.23, "Plan Rows": 250, "Plan Width": 55, "Inner Unique": true, "Plans": [{"Node Type": "Nested Loop", "Parent Relationship": "Outer", "Join Type": "Inner", "Startup Cost": 0.0, "Total Cost": 57507.78, "Plan Rows": 999, "Plan Width": 59, "Inner Unique": false, "Plans": [{"Node Type": "Nested Loop", "Parent Relationship": "Outer", "Join Type": "Inner", "Startup Cost": 0.0, "Total Cost": 56565.92, "Plan Rows": 971, "Plan Width": 46, "Inner Unique": true, "Plans": [{"Node Type": "Streaming(type: LOCAL GATHER dop: 1/16)", "Parent Relationship": "Outer", "Startup Cost": 0.0, "Total Cost": 37352.11, "Plan Rows": 67971, "Plan Width": 50, "Plans": [{"Node Type": "Seq Scan", "Parent Relationship": "Outer", "Relation Name": "movie_info", "Alias": "mi", "Startup Cost": 0.0, "Total Cost": 35885.16, "Plan Rows": 67971, "Plan Width": 50, "Filter": "((note IS NULL) AND ((info)::text = ANY ('{Horror,Thriller}'::text[])))"}]}, {"Node Type": "Index Scan", "Parent Relationship": "Inner", "Scan Direction": "Forward", "Index Name": "info_type_pkey", "Relation Name": "info_type", "Alias": "it1", "Startup Cost": 0.0, "Total Cost": 0.27, "Plan Rows": 1, "Plan Width": 4, "Index Cond": "(id = mi.info_type_id)", "Filter": "((info)::text = 'genres'::text)"}]}, {"Node Type": "Index Scan", "Parent Relationship": "Inner", "Scan Direction": "Forward", "Index Name": "movie_id_movie_info_idx", "Relation Name": "movie_info_idx", "Alias": "mi_idx", "Startup Cost": 0.0, "Total Cost": 0.96, "Plan Rows": 1, "Plan Width": 13, "Index Cond": "(movie_id = mi.movie_id)", "Filter": "((info)::text > '8.0'::text)"}]}, {"Node Type": "Index Scan", "Parent Relationship": "Inner", "Scan Direction": "Forward", "Index Name": "info_type_pkey", "Relation Name": "info_type", "Alias": "it2", "Startup Cost": 0.0, "Total Cost": 0.27, "Plan Rows": 1, "Plan Width": 4, "Index Cond": "(id = mi_idx.info_type_id)", "Filter": "((info)::text = 'rating'::text)"}]}, {"Node Type": "Index Scan", "Parent Relationship": "Inner", "Scan Direction": "Forward", "Index Name": "title_pkey", "Relation Name": "title", "Alias": "t", "Startup Cost": 0.0, "Total Cost": 2.84, "Plan Rows": 1, "Plan Width": 21, "Index Cond": "(id = mi.movie_id)", "Filter": "((production_year >= 2008) AND (production_year <= 2014))"}]}, {"Node Type": "Index Scan", "Parent Relationship": "Inner", "Scan Direction": "Forward", "Index Name": "movie_id_cast_info", "Relation Name": "cast_info", "Alias": "ci", "Startup Cost": 0.0, "Total Cost": 2.34, "Plan Rows": 1, "Plan Width": 8, "Index Cond": "(movie_id = t.id)", "Filter": "((note)::text = ANY ('{(writer),\"(head writer)\",\"(written by)\",(story),\"(story editor)\"}'::text[]))"}]}, {"Node Type": "Index Scan", "Parent Relationship": "Inner", "Scan Direction": "Forward", "Index Name": "name_pkey", "Relation Name": "name", "Alias": "n", "Startup Cost": 0.0, "Total Cost": 0.49, "Plan Rows": 1, "Plan Width": 4, "Index Cond": "(id = ci.person_id)", "Filter": "((gender IS NOT NULL) AND ((gender)::text = 'f'::text))"}]}]}, "Unique SQL Id": 661781350, "Planner Runtime": 17}, "explain_analyze_plan": {"Plan": {"Node Type": "Aggregate", "Strategy": "Plain", "Startup Cost": 59351.1, "Total Cost": 59351.11, "Plan Rows": 1, "Plan Width": 160, "Actual Min Startup Time": 1003.457, "Actual Max Startup Time": 1003.457, "Actual Min Total Time": 1003.457, "Actual Max Total Time": 1003.457, "Plans": [{"Node Type": "Nested Loop", "Parent Relationship": "Outer", "Join Type": "Inner", "Startup Cost": 0.0, "Total Cost": 59349.46, "Plan Rows": 219, "Plan Width": 64, "Actual Min Startup Time": 408.871, "Actual Max Startup Time": 408.871, "Actual Min Total Time": 1003.403, "Actual Max Total Time": 1003.403, "Inner Unique": true, "Plans": [{"Node Type": "Nested Loop", "Parent Relationship": "Outer", "Join Type": "Inner", "Startup Cost": 0.0, "Total Cost": 59188.47, "Plan Rows": 321, "Plan Width": 68, "Actual Min Startup Time": 402.402, "Actual Max Startup Time": 402.402, "Actual Min Total Time": 1000.287, "Actual Max Total Time": 1000.287, "Inner Unique": false, "Plans": [{"Node Type": "Nested Loop", "Parent Relationship": "Outer", "Join Type": "Inner", "Startup Cost": 0.0, "Total Cost": 58503.44, "Plan Rows": 291, "Plan Width": 76, "Actual Min Startup Time": 402.342, "Actual Max Startup Time": 402.342, "Actual Min Total Time": 960.76, "Actual Max Total Time": 960.76, "Inner Unique": true, "Plans": [{"Node Type": "Nested Loop", "Parent Relationship": "Outer", "Join Type": "Inner", "Startup Cost": 0.0, "Total Cost": 57790.23, "Plan Rows": 250, "Plan Width": 55, "Actual Min Startup Time": 399.12, "Actual Max Startup Time": 399.12, "Actual Min Total Time": 953.556, "Actual Max Total Time": 953.556, "Inner Unique": true, "Plans": [{"Node Type": "Nested Loop", "Parent Relationship": "Outer", "Join Type": "Inner", "Startup Cost": 0.0, "Total Cost": 57507.78, "Plan Rows": 999, "Plan Width": 59, "Actual Min Startup Time": 399.1, "Actual Max Startup Time": 399.1, "Actual Min Total Time": 943.426, "Actual Max Total Time": 943.426, "Inner Unique": false, "Plans": [{"Node Type": "Nested Loop", "Parent Relationship": "Outer", "Join Type": "Inner", "Startup Cost": 0.0, "Total Cost": 56565.92, "Plan Rows": 971, "Plan Width": 46, "Actual Min Startup Time": 398.991, "Actual Max Startup Time": 398.991, "Actual Min Total Time": 612.784, "Actual Max Total Time": 612.784, "Inner Unique": true, "Plans": [{"Node Type": "Streaming(type: LOCAL GATHER dop: 1/16)", "Parent Relationship": "Outer", "Startup Cost": 0.0, "Total Cost": 37352.11, "Plan Rows": 67971, "Plan Width": 50, "Actual Min Startup Time": 302.926, "Actual Max Startup Time": 302.926, "Actual Min Total Time": 437.081, "Actual Max Total Time": 437.081, "Plans": [{"Node Type": "Seq Scan", "Parent Relationship": "Outer", "Relation Name": "movie_info", "Alias": "mi", "Startup Cost": 0.0, "Total Cost": 35885.16, "Plan Rows": 67971, "Plan Width": 50, "Actual Min Startup Time": 253.998, "Actual Max Startup Time": 370.6, "Actual Min Total Time": 407.995, "Actual Max Total Time": 427.23, "Filter": "((note IS NULL) AND ((info)::text = ANY ('{Horror,Thriller}'::text[])))", "Rows Removed by Filter": 14762672, "Actual Rows": 73047}], "Actual Rows": 73047}, {"Node Type": "Index Scan", "Parent Relationship": "Inner", "Scan Direction": "Forward", "Index Name": "info_type_pkey", "Relation Name": "info_type", "Alias": "it1", "Startup Cost": 0.0, "Total Cost": 0.27, "Plan Rows": 1, "Plan Width": 4, "Actual Min Startup Time": 122.594, "Actual Max Startup Time": 122.594, "Actual Min Total Time": 122.594, "Actual Max Total Time": 122.594, "Index Cond": "(id = mi.info_type_id)", "Rows Removed by Index Recheck": 0, "Filter": "((info)::text = 'genres'::text)", "Rows Removed by Filter": 789, "Actual Rows": 72258}], "Actual Rows": 72258}, {"Node Type": "Index Scan", "Parent Relationship": "Inner", "Scan Direction": "Forward", "Index Name": "movie_id_movie_info_idx", "Relation Name": "movie_info_idx", "Alias": "mi_idx", "Startup Cost": 0.0, "Total Cost": 0.96, "Plan Rows": 1, "Plan Width": 13, "Actual Min Startup Time": 289.398, "Actual Max Startup Time": 289.398, "Actual Min Total Time": 293.193, "Actual Max Total Time": 293.193, "Index Cond": "(movie_id = mi.movie_id)", "Rows Removed by Index Recheck": 0, "Filter": "((info)::text > '8.0'::text)", "Rows Removed by Filter": 113143, "Actual Rows": 4135}], "Actual Rows": 4135}, {"Node Type": "Index Scan", "Parent Relationship": "Inner", "Scan Direction": "Forward", "Index Name": "info_type_pkey", "Relation Name": "info_type", "Alias": "it2", "Startup Cost": 0.0, "Total Cost": 0.27, "Plan Rows": 1, "Plan Width": 4, "Actual Min Startup Time": 7.786, "Actual Max Startup Time": 7.786, "Actual Min Total Time": 7.786, "Actual Max Total Time": 7.786, "Index Cond": "(id = mi_idx.info_type_id)", "Rows Removed by Index Recheck": 0, "Filter": "((info)::text = 'rating'::text)", "Rows Removed by Filter": 3403, "Actual Rows": 732}], "Actual Rows": 732}, {"Node Type": "Index Scan", "Parent Relationship": "Inner", "Scan Direction": "Forward", "Index Name": "title_pkey", "Relation Name": "title", "Alias": "t", "Startup Cost": 0.0, "Total Cost": 2.84, "Plan Rows": 1, "Plan Width": 21, "Actual Min Startup Time": 6.439, "Actual Max Startup Time": 6.439, "Actual Min Total Time": 6.439, "Actual Max Total Time": 6.439, "Index Cond": "(id = mi.movie_id)", "Rows Removed by Index Recheck": 0, "Filter": "((production_year >= 2008) AND (production_year <= 2014))", "Rows Removed by Filter": 374, "Actual Rows": 358}], "Actual Rows": 358}, {"Node Type": "Index Scan", "Parent Relationship": "Inner", "Scan Direction": "Forward", "Index Name": "movie_id_cast_info", "Relation Name": "cast_info", "Alias": "ci", "Startup Cost": 0.0, "Total Cost": 2.34, "Plan Rows": 1, "Plan Width": 8, "Actual Min Startup Time": 30.709, "Actual Max Startup Time": 30.709, "Actual Min Total Time": 39.095, "Actual Max Total Time": 39.095, "Index Cond": "(movie_id = t.id)", "Rows Removed by Index Recheck": 0, "Filter": "((note)::text = ANY ('{(writer),\"(head writer)\",\"(written by)\",(story),\"(story editor)\"}'::text[]))", "Rows Removed by Filter": 12296, "Actual Rows": 268}], "Actual Rows": 268}, {"Node Type": "Index Scan", "Parent Relationship": "Inner", "Scan Direction": "Forward", "Index Name": "name_pkey", "Relation Name": "name", "Alias": "n", "Startup Cost": 0.0, "Total Cost": 0.49, "Plan Rows": 1, "Plan Width": 4, "Actual Min Startup Time": 2.879, "Actual Max Startup Time": 2.879, "Actual Min Total Time": 2.879, "Actual Max Total Time": 2.879, "Index Cond": "(id = ci.person_id)", "Rows Removed by Index Recheck": 0, "Filter": "((gender IS NOT NULL) AND ((gender)::text = 'f'::text))", "Rows Removed by Filter": 257, "Actual Rows": 11}], "Actual Rows": 11}], "Actual Rows": 1}, "Triggers": [], "Planner Runtime": 16.755, "Total Runtime": 1006.45, "Unique SQL Id": 661781350}}, "(16, '85')": {"explain_plan": {"Plan": {"Node Type": "Aggregate", "Strategy": "Plain", "Startup Cost": 85075.06, "Total Cost": 85075.07, "Plan Rows": 1, "Plan Width": 160, "Plans": [{"Node Type": "Nested Loop", "Parent Relationship": "Outer", "Join Type": "Inner", "Startup Cost": 84146.21, "Total Cost": 85073.42, "Plan Rows": 219, "Plan Width": 64, "Inner Unique": true, "Plans": [{"Node Type": "Nested Loop", "Parent Relationship": "Outer", "Join Type": "Inner", "Startup Cost": 84146.21, "Total Cost": 84912.43, "Plan Rows": 321, "Plan Width": 68, "Inner Unique": false, "Plans": [{"Node Type": "Merge Join", "Parent Relationship": "Outer", "Join Type": "Inner", "Startup Cost": 84146.21, "Total Cost": 84227.4, "Plan Rows": 291, "Plan Width": 76, "Inner Unique": false, "Merge Cond": "(it1.id = mi.info_type_id)", "Plans": [{"Node Type": "Index Scan", "Parent Relationship": "Outer", "Scan Direction": "Forward", "Index Name": "info_type_pkey", "Relation Name": "info_type", "Alias": "it1", "Startup Cost": 0.0, "Total Cost": 14.21, "Plan Rows": 1, "Plan Width": 4, "Filter": "((info)::text = 'genres'::text)"}, {"Node Type": "Sort", "Parent Relationship": "Inner", "Startup Cost": 84142.46, "Total Cost": 84176.85, "Plan Rows": 13753, "Plan Width": 80, "Sort Key": ["mi.info_type_id"], "Plans": [{"Node Type": "Nested Loop", "Parent Relationship": "Outer", "Join Type": "Inner", "Startup Cost": 7419.04, "Total Cost": 83197.12, "Plan Rows": 13753, "Plan Width": 80, "Inner Unique": false, "Plans": [{"Node Type": "Nested Loop", "Parent Relationship": "Outer", "Join Type": "Inner", "Startup Cost": 7419.04, "Total Cost": 61824.99, "Plan Rows": 15041, "Plan Width": 30, "Inner Unique": true, "Plans": [{"Node Type": "Nested Loop", "Parent Relationship": "Outer", "Join Type": "Inner", "Startup Cost": 7419.04, "Total Cost": 19211.73, "Plan Rows": 12936, "Plan Width": 9, "Inner Unique": false, "Plans": [{"Node Type": "Index Scan", "Parent Relationship": "Outer", "Scan Direction": "Forward", "Index Name": "info_type_pkey", "Relation Name": "info_type", "Alias": "it2", "Startup Cost": 0.0, "Total Cost": 14.21, "Plan Rows": 1, "Plan Width": 4, "Filter": "((info)::text = 'rating'::text)"}, {"Node Type": "Bitmap Heap Scan", "Parent Relationship": "Inner", "Relation Name": "movie_info_idx", "Alias": "mi_idx", "Startup Cost": 7419.04, "Total Cost": 19068.16, "Plan Rows": 12936, "Plan Width": 13, "Recheck Cond": "(info_type_id = it2.id)", "Filter": "((info)::text > '8.0'::text)", "Plans": [{"Node Type": "Bitmap Index Scan", "Parent Relationship": "Outer", "Index Name": "info_type_id_movie_info_idx", "Startup Cost": 0.0, "Total Cost": 7415.81, "Plan Rows": 345008, "Plan Width": 0, "Index Cond": "(info_type_id = it2.id)"}]}]}, {"Node Type": "Index Scan", "Parent Relationship": "Inner", "Scan Direction": "Forward", "Index Name": "title_pkey", "Relation Name": "title", "Alias": "t", "Startup Cost": 0.0, "Total Cost": 3.28, "Plan Rows": 1, "Plan Width": 21, "Index Cond": "(id = mi_idx.movie_id)", "Filter": "((production_year >= 2008) AND (production_year <= 2014))"}]}, {"Node Type": "Index Scan", "Parent Relationship": "Inner", "Scan Direction": "Forward", "Index Name": "movie_id_movie_info", "Relation Name": "movie_info", "Alias": "mi", "Startup Cost": 0.0, "Total Cost": 1.41, "Plan Rows": 1, "Plan Width": 50, "Index Cond": "(movie_id = t.id)", "Filter": "((note IS NULL) AND ((info)::text = ANY ('{Horror,Thriller}'::text[])))"}]}]}]}, {"Node Type": "Index Scan", "Parent Relationship": "Inner", "Scan Direction": "Forward", "Index Name": "movie_id_cast_info", "Relation Name": "cast_info", "Alias": "ci", "Startup Cost": 0.0, "Total Cost": 2.34, "Plan Rows": 1, "Plan Width": 8, "Index Cond": "(movie_id = t.id)", "Filter": "((note)::text = ANY ('{(writer),\"(head writer)\",\"(written by)\",(story),\"(story editor)\"}'::text[]))"}]}, {"Node Type": "Index Scan", "Parent Relationship": "Inner", "Scan Direction": "Forward", "Index Name": "name_pkey", "Relation Name": "name", "Alias": "n", "Startup Cost": 0.0, "Total Cost": 0.49, "Plan Rows": 1, "Plan Width": 4, "Index Cond": "(id = ci.person_id)", "Filter": "((gender IS NOT NULL) AND ((gender)::text = 'f'::text))"}]}]}, "Unique SQL Id": 661781350, "Planner Runtime": 16}, "explain_analyze_plan": {"Plan": {"Node Type": "Aggregate", "Strategy": "Plain", "Startup Cost": 85075.06, "Total Cost": 85075.07, "Plan Rows": 1, "Plan Width": 160, "Actual Startup Time": 702.449, "Actual Total Time": 702.449, "Actual Rows": 1, "Actual Loops": 1, "Plans": [{"Node Type": "Nested Loop", "Parent Relationship": "Outer", "Join Type": "Inner", "Startup Cost": 84146.21, "Total Cost": 85073.42, "Plan Rows": 219, "Plan Width": 64, "Actual Startup Time": 666.902, "Actual Total Time": 702.405, "Actual Rows": 11, "Actual Loops": 1, "Inner Unique": true, "Plans": [{"Node Type": "Nested Loop", "Parent Relationship": "Outer", "Join Type": "Inner", "Startup Cost": 84146.21, "Total Cost": 84912.43, "Plan Rows": 321, "Plan Width": 68, "Actual Startup Time": 663.823, "Actual Total Time": 699.839, "Actual Rows": 268, "Actual Loops": 1, "Inner Unique": false, "Plans": [{"Node Type": "Merge Join", "Parent Relationship": "Outer", "Join Type": "Inner", "Startup Cost": 84146.21, "Total Cost": 84227.4, "Plan Rows": 291, "Plan Width": 76, "Actual Startup Time": 663.544, "Actual Total Time": 663.847, "Actual Rows": 358, "Actual Loops": 1, "Inner Unique": false, "Merge Cond": "(it1.id = mi.info_type_id)", "Plans": [{"Node Type": "Index Scan", "Parent Relationship": "Outer", "Scan Direction": "Forward", "Index Name": "info_type_pkey", "Relation Name": "info_type", "Alias": "it1", "Startup Cost": 0.0, "Total Cost": 14.21, "Plan Rows": 1, "Plan Width": 4, "Actual Startup Time": 0.021, "Actual Total Time": 0.08, "Actual Rows": 1, "Actual Loops": 1, "Filter": "((info)::text = 'genres'::text)", "Rows Removed by Filter": 111}, {"Node Type": "Sort", "Parent Relationship": "Inner", "Startup Cost": 84142.46, "Total Cost": 84176.85, "Plan Rows": 13753, "Plan Width": 80, "Actual Startup Time": 663.514, "Actual Total Time": 663.591, "Actual Rows": 358, "Actual Loops": 1, "Sort Key": ["mi.info_type_id"], "Sort Method": "quicksort", "Sort Space Used": 75, "Sort Space Type": "Memory", "Plans": [{"Node Type": "Nested Loop", "Parent Relationship": "Outer", "Join Type": "Inner", "Startup Cost": 7419.04, "Total Cost": 83197.12, "Plan Rows": 13753, "Plan Width": 80, "Actual Startup Time": 88.753, "Actual Total Time": 663.177, "Actual Rows": 358, "Actual Loops": 1, "Inner Unique": false, "Plans": [{"Node Type": "Nested Loop", "Parent Relationship": "Outer", "Join Type": "Inner", "Startup Cost": 7419.04, "Total Cost": 61824.99, "Plan Rows": 15041, "Plan Width": 30, "Actual Startup Time": 80.443, "Actual Total Time": 484.374, "Actual Rows": 6152, "Actual Loops": 1, "Inner Unique": true, "Plans": [{"Node Type": "Nested Loop", "Parent Relationship": "Outer", "Join Type": "Inner", "Startup Cost": 7419.04, "Total Cost": 19211.73, "Plan Rows": 12936, "Plan Width": 9, "Actual Startup Time": 78.637, "Actual Total Time": 386.521, "Actual Rows": 15849, "Actual Loops": 1, "Inner Unique": false, "Plans": [{"Node Type": "Index Scan", "Parent Relationship": "Outer", "Scan Direction": "Forward", "Index Name": "info_type_pkey", "Relation Name": "info_type", "Alias": "it2", "Startup Cost": 0.0, "Total Cost": 14.21, "Plan Rows": 1, "Plan Width": 4, "Actual Startup Time": 0.055, "Actual Total Time": 0.068, "Actual Rows": 1, "Actual Loops": 1, "Filter": "((info)::text = 'rating'::text)", "Rows Removed by Filter": 111}, {"Node Type": "Bitmap Heap Scan", "Parent Relationship": "Inner", "Relation Name": "movie_info_idx", "Alias": "mi_idx", "Startup Cost": 7419.04, "Total Cost": 19068.16, "Plan Rows": 12936, "Plan Width": 13, "Actual Startup Time": 78.575, "Actual Total Time": 382.738, "Actual Rows": 15849, "Actual Loops": 1, "Recheck Cond": "(info_type_id = it2.id)", "Rows Removed by Index Recheck": 0, "Filter": "((info)::text > '8.0'::text)", "Rows Removed by Filter": 444076, "Exact Heap Blocks": 6472, "Lossy Heap Blocks": 6472, "Plans": [{"Node Type": "Bitmap Index Scan", "Parent Relationship": "Outer", "Index Name": "info_type_id_movie_info_idx", "Startup Cost": 0.0, "Total Cost": 7415.81, "Plan Rows": 345008, "Plan Width": 0, "Actual Startup Time": 77.275, "Actual Total Time": 77.275, "Actual Rows": 459925, "Actual Loops": 1, "Index Cond": "(info_type_id = it2.id)"}]}]}, {"Node Type": "Index Scan", "Parent Relationship": "Inner", "Scan Direction": "Forward", "Index Name": "title_pkey", "Relation Name": "title", "Alias": "t", "Startup Cost": 0.0, "Total Cost": 3.28, "Plan Rows": 1, "Plan Width": 21, "Actual Startup Time": 87.989, "Actual Total Time": 87.989, "Actual Rows": 6152, "Actual Loops": 15849, "Index Cond": "(id = mi_idx.movie_id)", "Rows Removed by Index Recheck": 0, "Filter": "((production_year >= 2008) AND (production_year <= 2014))", "Rows Removed by Filter": 9697}]}, {"Node Type": "Index Scan", "Parent Relationship": "Inner", "Scan Direction": "Forward", "Index Name": "movie_id_movie_info", "Relation Name": "movie_info", "Alias": "mi", "Startup Cost": 0.0, "Total Cost": 1.41, "Plan Rows": 1, "Plan Width": 50, "Actual Startup Time": 175.066, "Actual Total Time": 175.388, "Actual Rows": 358, "Actual Loops": 6152, "Index Cond": "(movie_id = t.id)", "Rows Removed by Index Recheck": 0, "Filter": "((note IS NULL) AND ((info)::text = ANY ('{Horror,Thriller}'::text[])))", "Rows Removed by Filter": 109599}]}]}]}, {"Node Type": "Index Scan", "Parent Relationship": "Inner", "Scan Direction": "Forward", "Index Name": "movie_id_cast_info", "Relation Name": "cast_info", "Alias": "ci", "Startup Cost": 0.0, "Total Cost": 2.34, "Plan Rows": 1, "Plan Width": 8, "Actual Startup Time": 28.054, "Actual Total Time": 35.698, "Actual Rows": 268, "Actual Loops": 358, "Index Cond": "(movie_id = t.id)", "Rows Removed by Index Recheck": 0, "Filter": "((note)::text = ANY ('{(writer),\"(head writer)\",\"(written by)\",(story),\"(story editor)\"}'::text[]))", "Rows Removed by Filter": 12296}]}, {"Node Type": "Index Scan", "Parent Relationship": "Inner", "Scan Direction": "Forward", "Index Name": "name_pkey", "Relation Name": "name", "Alias": "n", "Startup Cost": 0.0, "Total Cost": 0.49, "Plan Rows": 1, "Plan Width": 4, "Actual Startup Time": 2.383, "Actual Total Time": 2.383, "Actual Rows": 11, "Actual Loops": 268, "Index Cond": "(id = ci.person_id)", "Rows Removed by Index Recheck": 0, "Filter": "((gender IS NOT NULL) AND ((gender)::text = 'f'::text))", "Rows Removed by Filter": 257}]}]}, "Triggers": [], "Planner Runtime": 16.586, "Total Runtime": 702.907, "Unique SQL Id": 661781350}}, "(16, '86')": {"explain_plan": {"Plan": {"Node Type": "Aggregate", "Strategy": "Plain", "Startup Cost": 157930.24, "Total Cost": 157930.25, "Plan Rows": 1, "Plan Width": 160, "Plans": [{"Node Type": "Nested Loop", "Parent Relationship": "Outer", "Join Type": "Inner", "Startup Cost": 154978.63, "Total Cost": 157928.6, "Plan Rows": 219, "Plan Width": 64, "Inner Unique": true, "Plans": [{"Node Type": "Nested Loop", "Parent Relationship": "Outer", "Join Type": "Inner", "Startup Cost": 154978.33, "Total Cost": 156537.48, "Plan Rows": 321, "Plan Width": 68, "Inner Unique": false, "Plans": [{"Node Type": "Merge Join", "Parent Relationship": "Outer", "Join Type": "Inner", "Startup Cost": 154977.32, "Total Cost": 155044.3, "Plan Rows": 291, "Plan Width": 76, "Inner Unique": false, "Merge Cond": "(it1.id = mi.info_type_id)", "Plans": [{"Node Type": "Sort", "Parent Relationship": "Outer", "Startup Cost": 2.41, "Total Cost": 2.42, "Plan Rows": 1, "Plan Width": 4, "Sort Key": ["it1.id"], "Plans": [{"Node Type": "Seq Scan", "Parent Relationship": "Outer", "Relation Name": "info_type", "Alias": "it1", "Startup Cost": 0.0, "Total Cost": 2.4, "Plan Rows": 1, "Plan Width": 4, "Filter": "((info)::text = 'genres'::text)"}]}, {"Node Type": "Sort", "Parent Relationship": "Inner", "Startup Cost": 154971.16, "Total Cost": 155005.54, "Plan Rows": 13753, "Plan Width": 80, "Sort Key": ["mi.info_type_id"], "Plans": [{"Node Type": "Nested Loop", "Parent Relationship": "Outer", "Join Type": "Inner", "Startup Cost": 7420.6, "Total Cost": 154025.82, "Plan Rows": 13753, "Plan Width": 80, "Inner Unique": false, "Plans": [{"Node Type": "Nested Loop", "Parent Relationship": "Outer", "Join Type": "Inner", "Startup Cost": 7420.02, "Total Cost": 83886.56, "Plan Rows": 15041, "Plan Width": 30, "Inner Unique": true, "Plans": [{"Node Type": "Nested Loop", "Parent Relationship": "Outer", "Join Type": "Inner", "Startup Cost": 7419.04, "Total Cost": 19199.92, "Plan Rows": 12936, "Plan Width": 9, "Inner Unique": false, "Plans": [{"Node Type": "Seq Scan", "Parent Relationship": "Outer", "Relation Name": "info_type", "Alias": "it2", "Startup Cost": 0.0, "Total Cost": 2.4, "Plan Rows": 1, "Plan Width": 4, "Filter": "((info)::text = 'rating'::text)"}, {"Node Type": "Bitmap Heap Scan", "Parent Relationship": "Inner", "Relation Name": "movie_info_idx", "Alias": "mi_idx", "Startup Cost": 7419.04, "Total Cost": 19068.16, "Plan Rows": 12936, "Plan Width": 13, "Recheck Cond": "(info_type_id = it2.id)", "Filter": "((info)::text > '8.0'::text)", "Plans": [{"Node Type": "Bitmap Index Scan", "Parent Relationship": "Outer", "Index Name": "info_type_id_movie_info_idx", "Startup Cost": 0.0, "Total Cost": 7415.81, "Plan Rows": 345008, "Plan Width": 0, "Index Cond": "(info_type_id = it2.id)"}]}]}, {"Node Type": "Bitmap Heap Scan", "Parent Relationship": "Inner", "Relation Name": "title", "Alias": "t", "Startup Cost": 0.97, "Total Cost": 4.99, "Plan Rows": 1, "Plan Width": 21, "Recheck Cond": "(id = mi_idx.movie_id)", "Filter": "((production_year >= 2008) AND (production_year <= 2014))", "Plans": [{"Node Type": "Bitmap Index Scan", "Parent Relationship": "Outer", "Index Name": "title_pkey", "Startup Cost": 0.0, "Total Cost": 0.97, "Plan Rows": 1, "Plan Width": 0, "Index Cond": "(id = mi_idx.movie_id)"}]}]}, {"Node Type": "Bitmap Heap Scan", "Parent Relationship": "Inner", "Relation Name": "movie_info", "Alias": "mi", "Startup Cost": 0.58, "Total Cost": 4.65, "Plan Rows": 1, "Plan Width": 50, "Recheck Cond": "(movie_id = t.id)", "Filter": "((note IS NULL) AND ((info)::text = ANY ('{Horror,Thriller}'::text[])))", "Plans": [{"Node Type": "Bitmap Index Scan", "Parent Relationship": "Outer", "Index Name": "movie_id_movie_info", "Startup Cost": 0.0, "Total Cost": 0.58, "Plan Rows": 5, "Plan Width": 0, "Index Cond": "(movie_id = t.id)"}]}]}]}]}, {"Node Type": "Bitmap Heap Scan", "Parent Relationship": "Inner", "Relation Name": "cast_info", "Alias": "ci", "Startup Cost": 1.01, "Total Cost": 5.12, "Plan Rows": 1, "Plan Width": 8, "Recheck Cond": "(movie_id = t.id)", "Filter": "((note)::text = ANY ('{(writer),\"(head writer)\",\"(written by)\",(story),\"(story editor)\"}'::text[]))", "Plans": [{"Node Type": "Bitmap Index Scan", "Parent Relationship": "Outer", "Index Name": "movie_id_cast_info", "Startup Cost": 0.0, "Total Cost": 1.01, "Plan Rows": 6, "Plan Width": 0, "Index Cond": "(movie_id = t.id)"}]}]}, {"Node Type": "Bitmap Heap Scan", "Parent Relationship": "Inner", "Relation Name": "name", "Alias": "n", "Startup Cost": 0.31, "Total Cost": 4.32, "Plan Rows": 1, "Plan Width": 4, "Recheck Cond": "(id = ci.person_id)", "Filter": "((gender IS NOT NULL) AND ((gender)::text = 'f'::text))", "Plans": [{"Node Type": "Bitmap Index Scan", "Parent Relationship": "Outer", "Index Name": "name_pkey", "Startup Cost": 0.0, "Total Cost": 0.31, "Plan Rows": 1, "Plan Width": 0, "Index Cond": "(id = ci.person_id)"}]}]}]}, "Unique SQL Id": 661781350, "Planner Runtime": 25}, "explain_analyze_plan": {"Plan": {"Node Type": "Aggregate", "Strategy": "Plain", "Startup Cost": 157930.24, "Total Cost": 157930.25, "Plan Rows": 1, "Plan Width": 160, "Actual Startup Time": 774.627, "Actual Total Time": 774.628, "Actual Rows": 1, "Actual Loops": 1, "Plans": [{"Node Type": "Nested Loop", "Parent Relationship": "Outer", "Join Type": "Inner", "Startup Cost": 154978.63, "Total Cost": 157928.6, "Plan Rows": 219, "Plan Width": 64, "Actual Startup Time": 731.435, "Actual Total Time": 774.577, "Actual Rows": 11, "Actual Loops": 1, "Inner Unique": true, "Plans": [{"Node Type": "Nested Loop", "Parent Relationship": "Outer", "Join Type": "Inner", "Startup Cost": 154978.33, "Total Cost": 156537.48, "Plan Rows": 321, "Plan Width": 68, "Actual Startup Time": 727.846, "Actual Total Time": 771.464, "Actual Rows": 268, "Actual Loops": 1, "Inner Unique": false, "Plans": [{"Node Type": "Merge Join", "Parent Relationship": "Outer", "Join Type": "Inner", "Startup Cost": 154977.32, "Total Cost": 155044.3, "Plan Rows": 291, "Plan Width": 76, "Actual Startup Time": 727.482, "Actual Total Time": 727.73, "Actual Rows": 358, "Actual Loops": 1, "Inner Unique": false, "Merge Cond": "(it1.id = mi.info_type_id)", "Plans": [{"Node Type": "Sort", "Parent Relationship": "Outer", "Startup Cost": 2.41, "Total Cost": 2.42, "Plan Rows": 1, "Plan Width": 4, "Actual Startup Time": 0.071, "Actual Total Time": 0.072, "Actual Rows": 1, "Actual Loops": 1, "Sort Key": ["it1.id"], "Sort Method": "quicksort", "Sort Space Used": 25, "Sort Space Type": "Memory", "Plans": [{"Node Type": "Seq Scan", "Parent Relationship": "Outer", "Relation Name": "info_type", "Alias": "it1", "Startup Cost": 0.0, "Total Cost": 2.4, "Plan Rows": 1, "Plan Width": 4, "Actual Startup Time": 0.037, "Actual Total Time": 0.061, "Actual Rows": 1, "Actual Loops": 1, "Filter": "((info)::text = 'genres'::text)", "Rows Removed by Filter": 111}]}, {"Node Type": "Sort", "Parent Relationship": "Inner", "Startup Cost": 154971.16, "Total Cost": 155005.54, "Plan Rows": 13753, "Plan Width": 80, "Actual Startup Time": 727.402, "Actual Total Time": 727.487, "Actual Rows": 358, "Actual Loops": 1, "Sort Key": ["mi.info_type_id"], "Sort Method": "quicksort", "Sort Space Used": 75, "Sort Space Type": "Memory", "Plans": [{"Node Type": "Nested Loop", "Parent Relationship": "Outer", "Join Type": "Inner", "Startup Cost": 7420.6, "Total Cost": 154025.82, "Plan Rows": 13753, "Plan Width": 80, "Actual Startup Time": 89.142, "Actual Total Time": 727.02, "Actual Rows": 358, "Actual Loops": 1, "Inner Unique": false, "Plans": [{"Node Type": "Nested Loop", "Parent Relationship": "Outer", "Join Type": "Inner", "Startup Cost": 7420.02, "Total Cost": 83886.56, "Plan Rows": 15041, "Plan Width": 30, "Actual Startup Time": 79.961, "Actual Total Time": 513.861, "Actual Rows": 6152, "Actual Loops": 1, "Inner Unique": true, "Plans": [{"Node Type": "Nested Loop", "Parent Relationship": "Outer", "Join Type": "Inner", "Startup Cost": 7419.04, "Total Cost": 19199.92, "Plan Rows": 12936, "Plan Width": 9, "Actual Startup Time": 77.944, "Actual Total Time": 386.196, "Actual Rows": 15849, "Actual Loops": 1, "Inner Unique": false, "Plans": [{"Node Type": "Seq Scan", "Parent Relationship": "Outer", "Relation Name": "info_type", "Alias": "it2", "Startup Cost": 0.0, "Total Cost": 2.4, "Plan Rows": 1, "Plan Width": 4, "Actual Startup Time": 0.049, "Actual Total Time": 0.069, "Actual Rows": 1, "Actual Loops": 1, "Filter": "((info)::text = 'rating'::text)", "Rows Removed by Filter": 111}, {"Node Type": "Bitmap Heap Scan", "Parent Relationship": "Inner", "Relation Name": "movie_info_idx", "Alias": "mi_idx", "Startup Cost": 7419.04, "Total Cost": 19068.16, "Plan Rows": 12936, "Plan Width": 13, "Actual Startup Time": 77.89, "Actual Total Time": 382.373, "Actual Rows": 15849, "Actual Loops": 1, "Recheck Cond": "(info_type_id = it2.id)", "Rows Removed by Index Recheck": 0, "Filter": "((info)::text > '8.0'::text)", "Rows Removed by Filter": 444076, "Exact Heap Blocks": 6472, "Lossy Heap Blocks": 6472, "Plans": [{"Node Type": "Bitmap Index Scan", "Parent Relationship": "Outer", "Index Name": "info_type_id_movie_info_idx", "Startup Cost": 0.0, "Total Cost": 7415.81, "Plan Rows": 345008, "Plan Width": 0, "Actual Startup Time": 76.605, "Actual Total Time": 76.605, "Actual Rows": 459925, "Actual Loops": 1, "Index Cond": "(info_type_id = it2.id)"}]}]}, {"Node Type": "Bitmap Heap Scan", "Parent Relationship": "Inner", "Relation Name": "title", "Alias": "t", "Startup Cost": 0.97, "Total Cost": 4.99, "Plan Rows": 1, "Plan Width": 21, "Actual Startup Time": 107.619, "Actual Total Time": 107.619, "Actual Rows": 6152, "Actual Loops": 15849, "Recheck Cond": "(id = mi_idx.movie_id)", "Rows Removed by Index Recheck": 0, "Filter": "((production_year >= 2008) AND (production_year <= 2014))", "Rows Removed by Filter": 9697, "Exact Heap Blocks": 15849, "Lossy Heap Blocks": 15849, "Plans": [{"Node Type": "Bitmap Index Scan", "Parent Relationship": "Outer", "Index Name": "title_pkey", "Startup Cost": 0.0, "Total Cost": 0.97, "Plan Rows": 1, "Plan Width": 0, "Actual Startup Time": 50.927, "Actual Total Time": 50.927, "Actual Rows": 15849, "Actual Loops": 15849, "Index Cond": "(id = mi_idx.movie_id)"}]}]}, {"Node Type": "Bitmap Heap Scan", "Parent Relationship": "Inner", "Relation Name": "movie_info", "Alias": "mi", "Startup Cost": 0.58, "Total Cost": 4.65, "Plan Rows": 1, "Plan Width": 50, "Actual Startup Time": 204.814, "Actual Total Time": 204.979, "Actual Rows": 358, "Actual Loops": 6152, "Recheck Cond": "(movie_id = t.id)", "Rows Removed by Index Recheck": 0, "Filter": "((note IS NULL) AND ((info)::text = ANY ('{Horror,Thriller}'::text[])))", "Rows Removed by Filter": 109599, "Exact Heap Blocks": 52726, "Lossy Heap Blocks": 52726, "Plans": [{"Node Type": "Bitmap Index Scan", "Parent Relationship": "Outer", "Index Name": "movie_id_movie_info", "Startup Cost": 0.0, "Total Cost": 0.58, "Plan Rows": 5, "Plan Width": 0, "Actual Startup Time": 46.562, "Actual Total Time": 46.562, "Actual Rows": 109957, "Actual Loops": 6152, "Index Cond": "(movie_id = t.id)"}]}]}]}]}, {"Node Type": "Bitmap Heap Scan", "Parent Relationship": "Inner", "Relation Name": "cast_info", "Alias": "ci", "Startup Cost": 1.01, "Total Cost": 5.12, "Plan Rows": 1, "Plan Width": 8, "Actual Startup Time": 34.625, "Actual Total Time": 43.03, "Actual Rows": 268, "Actual Loops": 358, "Recheck Cond": "(movie_id = t.id)", "Rows Removed by Index Recheck": 0, "Filter": "((note)::text = ANY ('{(writer),\"(head writer)\",\"(written by)\",(story),\"(story editor)\"}'::text[]))", "Rows Removed by Filter": 12296, "Exact Heap Blocks": 11454, "Lossy Heap Blocks": 11454, "Plans": [{"Node Type": "Bitmap Index Scan", "Parent Relationship": "Outer", "Index Name": "movie_id_cast_info", "Startup Cost": 0.0, "Total Cost": 1.01, "Plan Rows": 6, "Plan Width": 0, "Actual Startup Time": 5.656, "Actual Total Time": 5.656, "Actual Rows": 12564, "Actual Loops": 358, "Index Cond": "(movie_id = t.id)"}]}]}, {"Node Type": "Bitmap Heap Scan", "Parent Relationship": "Inner", "Relation Name": "name", "Alias": "n", "Startup Cost": 0.31, "Total Cost": 4.32, "Plan Rows": 1, "Plan Width": 4, "Actual Startup Time": 2.728, "Actual Total Time": 2.728, "Actual Rows": 11, "Actual Loops": 268, "Recheck Cond": "(id = ci.person_id)", "Rows Removed by Index Recheck": 0, "Filter": "((gender IS NOT NULL) AND ((gender)::text = 'f'::text))", "Rows Removed by Filter": 257, "Exact Heap Blocks": 268, "Lossy Heap Blocks": 268, "Plans": [{"Node Type": "Bitmap Index Scan", "Parent Relationship": "Outer", "Index Name": "name_pkey", "Startup Cost": 0.0, "Total Cost": 0.31, "Plan Rows": 1, "Plan Width": 0, "Actual Startup Time": 1.682, "Actual Total Time": 1.682, "Actual Rows": 268, "Actual Loops": 268, "Index Cond": "(id = ci.person_id)"}]}]}]}, "Triggers": [], "Planner Runtime": 25.819, "Total Runtime": 774.99, "Unique SQL Id": 661781350}}, "(16, '87')": {"explain_plan": {"Plan": {"Node Type": "Aggregate", "Strategy": "Plain", "Startup Cost": 157953.86, "Total Cost": 157953.87, "Plan Rows": 1, "Plan Width": 160, "Plans": [{"Node Type": "Nested Loop", "Parent Relationship": "Outer", "Join Type": "Inner", "Startup Cost": 155002.26, "Total Cost": 157952.22, "Plan Rows": 219, "Plan Width": 64, "Inner Unique": true, "Plans": [{"Node Type": "Nested Loop", "Parent Relationship": "Outer", "Join Type": "Inner", "Startup Cost": 155001.95, "Total Cost": 156561.1, "Plan Rows": 321, "Plan Width": 68, "Inner Unique": false, "Plans": [{"Node Type": "Merge Join", "Parent Relationship": "Outer", "Join Type": "Inner", "Startup Cost": 155000.94, "Total Cost": 155067.93, "Plan Rows": 291, "Plan Width": 76, "Inner Unique": false, "Merge Cond": "(it1.id = mi.info_type_id)", "Plans": [{"Node Type": "Sort", "Parent Relationship": "Outer", "Startup Cost": 14.22, "Total Cost": 14.23, "Plan Rows": 1, "Plan Width": 4, "Sort Key": ["it1.id"], "Plans": [{"Node Type": "Bitmap Heap Scan", "Parent Relationship": "Outer", "Relation Name": "info_type", "Alias": "it1", "Startup Cost": 8.81, "Total Cost": 14.21, "Plan Rows": 1, "Plan Width": 4, "Filter": "((info)::text = 'genres'::text)", "Plans": [{"Node Type": "Bitmap Index Scan", "Parent Relationship": "Outer", "Index Name": "info_type_pkey", "Startup Cost": 0.0, "Total Cost": 8.81, "Plan Rows": 112, "Plan Width": 0}]}]}, {"Node Type": "Sort", "Parent Relationship": "Inner", "Startup Cost": 154982.97, "Total Cost": 155017.36, "Plan Rows": 13753, "Plan Width": 80, "Sort Key": ["mi.info_type_id"], "Plans": [{"Node Type": "Nested Loop", "Parent Relationship": "Outer", "Join Type": "Inner", "Startup Cost": 7429.41, "Total Cost": 154037.63, "Plan Rows": 13753, "Plan Width": 80, "Inner Unique": false, "Plans": [{"Node Type": "Nested Loop", "Parent Relationship": "Outer", "Join Type": "Inner", "Startup Cost": 7428.83, "Total Cost": 83898.37, "Plan Rows": 15041, "Plan Width": 30, "Inner Unique": true, "Plans": [{"Node Type": "Nested Loop", "Parent Relationship": "Outer", "Join Type": "Inner", "Startup Cost": 7427.85, "Total Cost": 19211.73, "Plan Rows": 12936, "Plan Width": 9, "Inner Unique": false, "Plans": [{"Node Type": "Bitmap Heap Scan", "Parent Relationship": "Outer", "Relation Name": "info_type", "Alias": "it2", "Startup Cost": 8.81, "Total Cost": 14.21, "Plan Rows": 1, "Plan Width": 4, "Filter": "((info)::text = 'rating'::text)", "Plans": [{"Node Type": "Bitmap Index Scan", "Parent Relationship": "Outer", "Index Name": "info_type_pkey", "Startup Cost": 0.0, "Total Cost": 8.81, "Plan Rows": 112, "Plan Width": 0}]}, {"Node Type": "Bitmap Heap Scan", "Parent Relationship": "Inner", "Relation Name": "movie_info_idx", "Alias": "mi_idx", "Startup Cost": 7419.04, "Total Cost": 19068.16, "Plan Rows": 12936, "Plan Width": 13, "Recheck Cond": "(info_type_id = it2.id)", "Filter": "((info)::text > '8.0'::text)", "Plans": [{"Node Type": "Bitmap Index Scan", "Parent Relationship": "Outer", "Index Name": "info_type_id_movie_info_idx", "Startup Cost": 0.0, "Total Cost": 7415.81, "Plan Rows": 345008, "Plan Width": 0, "Index Cond": "(info_type_id = it2.id)"}]}]}, {"Node Type": "Bitmap Heap Scan", "Parent Relationship": "Inner", "Relation Name": "title", "Alias": "t", "Startup Cost": 0.97, "Total Cost": 4.99, "Plan Rows": 1, "Plan Width": 21, "Recheck Cond": "(id = mi_idx.movie_id)", "Filter": "((production_year >= 2008) AND (production_year <= 2014))", "Plans": [{"Node Type": "Bitmap Index Scan", "Parent Relationship": "Outer", "Index Name": "title_pkey", "Startup Cost": 0.0, "Total Cost": 0.97, "Plan Rows": 1, "Plan Width": 0, "Index Cond": "(id = mi_idx.movie_id)"}]}]}, {"Node Type": "Bitmap Heap Scan", "Parent Relationship": "Inner", "Relation Name": "movie_info", "Alias": "mi", "Startup Cost": 0.58, "Total Cost": 4.65, "Plan Rows": 1, "Plan Width": 50, "Recheck Cond": "(movie_id = t.id)", "Filter": "((note IS NULL) AND ((info)::text = ANY ('{Horror,Thriller}'::text[])))", "Plans": [{"Node Type": "Bitmap Index Scan", "Parent Relationship": "Outer", "Index Name": "movie_id_movie_info", "Startup Cost": 0.0, "Total Cost": 0.58, "Plan Rows": 5, "Plan Width": 0, "Index Cond": "(movie_id = t.id)"}]}]}]}]}, {"Node Type": "Bitmap Heap Scan", "Parent Relationship": "Inner", "Relation Name": "cast_info", "Alias": "ci", "Startup Cost": 1.01, "Total Cost": 5.12, "Plan Rows": 1, "Plan Width": 8, "Recheck Cond": "(movie_id = t.id)", "Filter": "((note)::text = ANY ('{(writer),\"(head writer)\",\"(written by)\",(story),\"(story editor)\"}'::text[]))", "Plans": [{"Node Type": "Bitmap Index Scan", "Parent Relationship": "Outer", "Index Name": "movie_id_cast_info", "Startup Cost": 0.0, "Total Cost": 1.01, "Plan Rows": 6, "Plan Width": 0, "Index Cond": "(movie_id = t.id)"}]}]}, {"Node Type": "Bitmap Heap Scan", "Parent Relationship": "Inner", "Relation Name": "name", "Alias": "n", "Startup Cost": 0.31, "Total Cost": 4.32, "Plan Rows": 1, "Plan Width": 4, "Recheck Cond": "(id = ci.person_id)", "Filter": "((gender IS NOT NULL) AND ((gender)::text = 'f'::text))", "Plans": [{"Node Type": "Bitmap Index Scan", "Parent Relationship": "Outer", "Index Name": "name_pkey", "Startup Cost": 0.0, "Total Cost": 0.31, "Plan Rows": 1, "Plan Width": 0, "Index Cond": "(id = ci.person_id)"}]}]}]}, "Unique SQL Id": 661781350, "Planner Runtime": 19}, "explain_analyze_plan": {"Plan": {"Node Type": "Aggregate", "Strategy": "Plain", "Startup Cost": 157953.86, "Total Cost": 157953.87, "Plan Rows": 1, "Plan Width": 160, "Actual Startup Time": 622.025, "Actual Total Time": 622.025, "Actual Rows": 1, "Actual Loops": 1, "Plans": [{"Node Type": "Nested Loop", "Parent Relationship": "Outer", "Join Type": "Inner", "Startup Cost": 155002.26, "Total Cost": 157952.22, "Plan Rows": 219, "Plan Width": 64, "Actual Startup Time": 591.499, "Actual Total Time": 621.966, "Actual Rows": 11, "Actual Loops": 1, "Inner Unique": true, "Plans": [{"Node Type": "Nested Loop", "Parent Relationship": "Outer", "Join Type": "Inner", "Startup Cost": 155001.95, "Total Cost": 156561.1, "Plan Rows": 321, "Plan Width": 68, "Actual Startup Time": 589.114, "Actual Total Time": 619.578, "Actual Rows": 268, "Actual Loops": 1, "Inner Unique": false, "Plans": [{"Node Type": "Merge Join", "Parent Relationship": "Outer", "Join Type": "Inner", "Startup Cost": 155000.94, "Total Cost": 155067.93, "Plan Rows": 291, "Plan Width": 76, "Actual Startup Time": 588.872, "Actual Total Time": 589.099, "Actual Rows": 358, "Actual Loops": 1, "Inner Unique": false, "Merge Cond": "(it1.id = mi.info_type_id)", "Plans": [{"Node Type": "Sort", "Parent Relationship": "Outer", "Startup Cost": 14.22, "Total Cost": 14.23, "Plan Rows": 1, "Plan Width": 4, "Actual Startup Time": 0.114, "Actual Total Time": 0.114, "Actual Rows": 1, "Actual Loops": 1, "Sort Key": ["it1.id"], "Sort Method": "quicksort", "Sort Space Used": 25, "Sort Space Type": "Memory", "Plans": [{"Node Type": "Bitmap Heap Scan", "Parent Relationship": "Outer", "Relation Name": "info_type", "Alias": "it1", "Startup Cost": 8.81, "Total Cost": 14.21, "Plan Rows": 1, "Plan Width": 4, "Actual Startup Time": 0.072, "Actual Total Time": 0.094, "Actual Rows": 1, "Actual Loops": 1, "Filter": "((info)::text = 'genres'::text)", "Rows Removed by Filter": 111, "Exact Heap Blocks": 1, "Lossy Heap Blocks": 1, "Plans": [{"Node Type": "Bitmap Index Scan", "Parent Relationship": "Outer", "Index Name": "info_type_pkey", "Startup Cost": 0.0, "Total Cost": 8.81, "Plan Rows": 112, "Plan Width": 0, "Actual Startup Time": 0.019, "Actual Total Time": 0.019, "Actual Rows": 112, "Actual Loops": 1}]}]}, {"Node Type": "Sort", "Parent Relationship": "Inner", "Startup Cost": 154982.97, "Total Cost": 155017.36, "Plan Rows": 13753, "Plan Width": 80, "Actual Startup Time": 588.747, "Actual Total Time": 588.821, "Actual Rows": 358, "Actual Loops": 1, "Sort Key": ["mi.info_type_id"], "Sort Method": "quicksort", "Sort Space Used": 75, "Sort Space Type": "Memory", "Plans": [{"Node Type": "Nested Loop", "Parent Relationship": "Outer", "Join Type": "Inner", "Startup Cost": 7429.41, "Total Cost": 154037.63, "Plan Rows": 13753, "Plan Width": 80, "Actual Startup Time": 69.525, "Actual Total Time": 588.271, "Actual Rows": 358, "Actual Loops": 1, "Inner Unique": false, "Plans": [{"Node Type": "Nested Loop", "Parent Relationship": "Outer", "Join Type": "Inner", "Startup Cost": 7428.83, "Total Cost": 83898.37, "Plan Rows": 15041, "Plan Width": 30, "Actual Startup Time": 61.717, "Actual Total Time": 415.793, "Actual Rows": 6152, "Actual Loops": 1, "Inner Unique": true, "Plans": [{"Node Type": "Nested Loop", "Parent Relationship": "Outer", "Join Type": "Inner", "Startup Cost": 7427.85, "Total Cost": 19211.73, "Plan Rows": 12936, "Plan Width": 9, "Actual Startup Time": 59.952, "Actual Total Time": 309.109, "Actual Rows": 15849, "Actual Loops": 1, "Inner Unique": false, "Plans": [{"Node Type": "Bitmap Heap Scan", "Parent Relationship": "Outer", "Relation Name": "info_type", "Alias": "it2", "Startup Cost": 8.81, "Total Cost": 14.21, "Plan Rows": 1, "Plan Width": 4, "Actual Startup Time": 0.056, "Actual Total Time": 0.061, "Actual Rows": 1, "Actual Loops": 1, "Filter": "((info)::text = 'rating'::text)", "Rows Removed by Filter": 111, "Exact Heap Blocks": 1, "Lossy Heap Blocks": 1, "Plans": [{"Node Type": "Bitmap Index Scan", "Parent Relationship": "Outer", "Index Name": "info_type_pkey", "Startup Cost": 0.0, "Total Cost": 8.81, "Plan Rows": 112, "Plan Width": 0, "Actual Startup Time": 0.009, "Actual Total Time": 0.009, "Actual Rows": 112, "Actual Loops": 1}]}, {"Node Type": "Bitmap Heap Scan", "Parent Relationship": "Inner", "Relation Name": "movie_info_idx", "Alias": "mi_idx", "Startup Cost": 7419.04, "Total Cost": 19068.16, "Plan Rows": 12936, "Plan Width": 13, "Actual Startup Time": 59.874, "Actual Total Time": 305.237, "Actual Rows": 15849, "Actual Loops": 1, "Recheck Cond": "(info_type_id = it2.id)", "Rows Removed by Index Recheck": 0, "Filter": "((info)::text > '8.0'::text)", "Rows Removed by Filter": 444076, "Exact Heap Blocks": 6472, "Lossy Heap Blocks": 6472, "Plans": [{"Node Type": "Bitmap Index Scan", "Parent Relationship": "Outer", "Index Name": "info_type_id_movie_info_idx", "Startup Cost": 0.0, "Total Cost": 7415.81, "Plan Rows": 345008, "Plan Width": 0, "Actual Startup Time": 58.639, "Actual Total Time": 58.639, "Actual Rows": 459925, "Actual Loops": 1, "Index Cond": "(info_type_id = it2.id)"}]}]}, {"Node Type": "Bitmap Heap Scan", "Parent Relationship": "Inner", "Relation Name": "title", "Alias": "t", "Startup Cost": 0.97, "Total Cost": 4.99, "Plan Rows": 1, "Plan Width": 21, "Actual Startup Time": 86.4, "Actual Total Time": 86.4, "Actual Rows": 6152, "Actual Loops": 15849, "Recheck Cond": "(id = mi_idx.movie_id)", "Rows Removed by Index Recheck": 0, "Filter": "((production_year >= 2008) AND (production_year <= 2014))", "Rows Removed by Filter": 9697, "Exact Heap Blocks": 15849, "Lossy Heap Blocks": 15849, "Plans": [{"Node Type": "Bitmap Index Scan", "Parent Relationship": "Outer", "Index Name": "title_pkey", "Startup Cost": 0.0, "Total Cost": 0.97, "Plan Rows": 1, "Plan Width": 0, "Actual Startup Time": 44.601, "Actual Total Time": 44.601, "Actual Rows": 15849, "Actual Loops": 15849, "Index Cond": "(id = mi_idx.movie_id)"}]}]}, {"Node Type": "Bitmap Heap Scan", "Parent Relationship": "Inner", "Relation Name": "movie_info", "Alias": "mi", "Startup Cost": 0.58, "Total Cost": 4.65, "Plan Rows": 1, "Plan Width": 50, "Actual Startup Time": 164.385, "Actual Total Time": 164.535, "Actual Rows": 358, "Actual Loops": 6152, "Recheck Cond": "(movie_id = t.id)", "Rows Removed by Index Recheck": 0, "Filter": "((note IS NULL) AND ((info)::text = ANY ('{Horror,Thriller}'::text[])))", "Rows Removed by Filter": 109599, "Exact Heap Blocks": 52726, "Lossy Heap Blocks": 52726, "Plans": [{"Node Type": "Bitmap Index Scan", "Parent Relationship": "Outer", "Index Name": "movie_id_movie_info", "Startup Cost": 0.0, "Total Cost": 0.58, "Plan Rows": 5, "Plan Width": 0, "Actual Startup Time": 38.407, "Actual Total Time": 38.407, "Actual Rows": 109957, "Actual Loops": 6152, "Index Cond": "(movie_id = t.id)"}]}]}]}]}, {"Node Type": "Bitmap Heap Scan", "Parent Relationship": "Inner", "Relation Name": "cast_info", "Alias": "ci", "Startup Cost": 1.01, "Total Cost": 5.12, "Plan Rows": 1, "Plan Width": 8, "Actual Startup Time": 24.105, "Actual Total Time": 29.706, "Actual Rows": 268, "Actual Loops": 358, "Recheck Cond": "(movie_id = t.id)", "Rows Removed by Index Recheck": 0, "Filter": "((note)::text = ANY ('{(writer),\"(head writer)\",\"(written by)\",(story),\"(story editor)\"}'::text[]))", "Rows Removed by Filter": 12296, "Exact Heap Blocks": 11454, "Lossy Heap Blocks": 11454, "Plans": [{"Node Type": "Bitmap Index Scan", "Parent Relationship": "Outer", "Index Name": "movie_id_cast_info", "Startup Cost": 0.0, "Total Cost": 1.01, "Plan Rows": 6, "Plan Width": 0, "Actual Startup Time": 4.358, "Actual Total Time": 4.358, "Actual Rows": 12564, "Actual Loops": 358, "Index Cond": "(movie_id = t.id)"}]}]}, {"Node Type": "Bitmap Heap Scan", "Parent Relationship": "Inner", "Relation Name": "name", "Alias": "n", "Startup Cost": 0.31, "Total Cost": 4.32, "Plan Rows": 1, "Plan Width": 4, "Actual Startup Time": 1.979, "Actual Total Time": 1.979, "Actual Rows": 11, "Actual Loops": 268, "Recheck Cond": "(id = ci.person_id)", "Rows Removed by Index Recheck": 0, "Filter": "((gender IS NOT NULL) AND ((gender)::text = 'f'::text))", "Rows Removed by Filter": 257, "Exact Heap Blocks": 268, "Lossy Heap Blocks": 268, "Plans": [{"Node Type": "Bitmap Index Scan", "Parent Relationship": "Outer", "Index Name": "name_pkey", "Startup Cost": 0.0, "Total Cost": 0.31, "Plan Rows": 1, "Plan Width": 0, "Actual Startup Time": 1.21, "Actual Total Time": 1.21, "Actual Rows": 268, "Actual Loops": 268, "Index Cond": "(id = ci.person_id)"}]}]}]}, "Triggers": [], "Planner Runtime": 20.466, "Total Runtime": 622.484, "Unique SQL Id": 661781350}}, "(16, '88')": {"explain_plan": {"Plan": {"Node Type": "Aggregate", "Strategy": "Plain", "Startup Cost": 59351.1, "Total Cost": 59351.11, "Plan Rows": 1, "Plan Width": 160, "Plans": [{"Node Type": "Nested Loop", "Parent Relationship": "Outer", "Join Type": "Inner", "Startup Cost": 0.0, "Total Cost": 59349.46, "Plan Rows": 219, "Plan Width": 64, "Inner Unique": true, "Plans": [{"Node Type": "Nested Loop", "Parent Relationship": "Outer", "Join Type": "Inner", "Startup Cost": 0.0, "Total Cost": 59188.47, "Plan Rows": 321, "Plan Width": 68, "Inner Unique": false, "Plans": [{"Node Type": "Nested Loop", "Parent Relationship": "Outer", "Join Type": "Inner", "Startup Cost": 0.0, "Total Cost": 58503.44, "Plan Rows": 291, "Plan Width": 76, "Inner Unique": true, "Plans": [{"Node Type": "Nested Loop", "Parent Relationship": "Outer", "Join Type": "Inner", "Startup Cost": 0.0, "Total Cost": 57790.23, "Plan Rows": 250, "Plan Width": 55, "Inner Unique": true, "Plans": [{"Node Type": "Nested Loop", "Parent Relationship": "Outer", "Join Type": "Inner", "Startup Cost": 0.0, "Total Cost": 57507.78, "Plan Rows": 999, "Plan Width": 59, "Inner Unique": false, "Plans": [{"Node Type": "Nested Loop", "Parent Relationship": "Outer", "Join Type": "Inner", "Startup Cost": 0.0, "Total Cost": 56565.92, "Plan Rows": 971, "Plan Width": 46, "Inner Unique": true, "Plans": [{"Node Type": "Streaming(type: LOCAL GATHER dop: 1/16)", "Parent Relationship": "Outer", "Startup Cost": 0.0, "Total Cost": 37352.11, "Plan Rows": 67971, "Plan Width": 50, "Plans": [{"Node Type": "Seq Scan", "Parent Relationship": "Outer", "Relation Name": "movie_info", "Alias": "mi", "Startup Cost": 0.0, "Total Cost": 35885.16, "Plan Rows": 67971, "Plan Width": 50, "Filter": "((note IS NULL) AND ((info)::text = ANY ('{Horror,Thriller}'::text[])))"}]}, {"Node Type": "Index Scan", "Parent Relationship": "Inner", "Scan Direction": "Forward", "Index Name": "info_type_pkey", "Relation Name": "info_type", "Alias": "it1", "Startup Cost": 0.0, "Total Cost": 0.27, "Plan Rows": 1, "Plan Width": 4, "Index Cond": "(id = mi.info_type_id)", "Filter": "((info)::text = 'genres'::text)"}]}, {"Node Type": "Index Scan", "Parent Relationship": "Inner", "Scan Direction": "Forward", "Index Name": "movie_id_movie_info_idx", "Relation Name": "movie_info_idx", "Alias": "mi_idx", "Startup Cost": 0.0, "Total Cost": 0.96, "Plan Rows": 1, "Plan Width": 13, "Index Cond": "(movie_id = mi.movie_id)", "Filter": "((info)::text > '8.0'::text)"}]}, {"Node Type": "Index Scan", "Parent Relationship": "Inner", "Scan Direction": "Forward", "Index Name": "info_type_pkey", "Relation Name": "info_type", "Alias": "it2", "Startup Cost": 0.0, "Total Cost": 0.27, "Plan Rows": 1, "Plan Width": 4, "Index Cond": "(id = mi_idx.info_type_id)", "Filter": "((info)::text = 'rating'::text)"}]}, {"Node Type": "Index Scan", "Parent Relationship": "Inner", "Scan Direction": "Forward", "Index Name": "title_pkey", "Relation Name": "title", "Alias": "t", "Startup Cost": 0.0, "Total Cost": 2.84, "Plan Rows": 1, "Plan Width": 21, "Index Cond": "(id = mi.movie_id)", "Filter": "((production_year >= 2008) AND (production_year <= 2014))"}]}, {"Node Type": "Index Scan", "Parent Relationship": "Inner", "Scan Direction": "Forward", "Index Name": "movie_id_cast_info", "Relation Name": "cast_info", "Alias": "ci", "Startup Cost": 0.0, "Total Cost": 2.34, "Plan Rows": 1, "Plan Width": 8, "Index Cond": "(movie_id = t.id)", "Filter": "((note)::text = ANY ('{(writer),\"(head writer)\",\"(written by)\",(story),\"(story editor)\"}'::text[]))"}]}, {"Node Type": "Index Scan", "Parent Relationship": "Inner", "Scan Direction": "Forward", "Index Name": "name_pkey", "Relation Name": "name", "Alias": "n", "Startup Cost": 0.0, "Total Cost": 0.49, "Plan Rows": 1, "Plan Width": 4, "Index Cond": "(id = ci.person_id)", "Filter": "((gender IS NOT NULL) AND ((gender)::text = 'f'::text))"}]}]}, "Unique SQL Id": 661781350, "Planner Runtime": 16}, "explain_analyze_plan": {"Plan": {"Node Type": "Aggregate", "Strategy": "Plain", "Startup Cost": 59351.1, "Total Cost": 59351.11, "Plan Rows": 1, "Plan Width": 160, "Actual Min Startup Time": 1003.457, "Actual Max Startup Time": 1003.457, "Actual Min Total Time": 1003.457, "Actual Max Total Time": 1003.457, "Plans": [{"Node Type": "Nested Loop", "Parent Relationship": "Outer", "Join Type": "Inner", "Startup Cost": 0.0, "Total Cost": 59349.46, "Plan Rows": 219, "Plan Width": 64, "Actual Min Startup Time": 408.871, "Actual Max Startup Time": 408.871, "Actual Min Total Time": 1003.403, "Actual Max Total Time": 1003.403, "Inner Unique": true, "Plans": [{"Node Type": "Nested Loop", "Parent Relationship": "Outer", "Join Type": "Inner", "Startup Cost": 0.0, "Total Cost": 59188.47, "Plan Rows": 321, "Plan Width": 68, "Actual Min Startup Time": 402.402, "Actual Max Startup Time": 402.402, "Actual Min Total Time": 1000.287, "Actual Max Total Time": 1000.287, "Inner Unique": false, "Plans": [{"Node Type": "Nested Loop", "Parent Relationship": "Outer", "Join Type": "Inner", "Startup Cost": 0.0, "Total Cost": 58503.44, "Plan Rows": 291, "Plan Width": 76, "Actual Min Startup Time": 402.342, "Actual Max Startup Time": 402.342, "Actual Min Total Time": 960.76, "Actual Max Total Time": 960.76, "Inner Unique": true, "Plans": [{"Node Type": "Nested Loop", "Parent Relationship": "Outer", "Join Type": "Inner", "Startup Cost": 0.0, "Total Cost": 57790.23, "Plan Rows": 250, "Plan Width": 55, "Actual Min Startup Time": 399.12, "Actual Max Startup Time": 399.12, "Actual Min Total Time": 953.556, "Actual Max Total Time": 953.556, "Inner Unique": true, "Plans": [{"Node Type": "Nested Loop", "Parent Relationship": "Outer", "Join Type": "Inner", "Startup Cost": 0.0, "Total Cost": 57507.78, "Plan Rows": 999, "Plan Width": 59, "Actual Min Startup Time": 399.1, "Actual Max Startup Time": 399.1, "Actual Min Total Time": 943.426, "Actual Max Total Time": 943.426, "Inner Unique": false, "Plans": [{"Node Type": "Nested Loop", "Parent Relationship": "Outer", "Join Type": "Inner", "Startup Cost": 0.0, "Total Cost": 56565.92, "Plan Rows": 971, "Plan Width": 46, "Actual Min Startup Time": 398.991, "Actual Max Startup Time": 398.991, "Actual Min Total Time": 612.784, "Actual Max Total Time": 612.784, "Inner Unique": true, "Plans": [{"Node Type": "Streaming(type: LOCAL GATHER dop: 1/16)", "Parent Relationship": "Outer", "Startup Cost": 0.0, "Total Cost": 37352.11, "Plan Rows": 67971, "Plan Width": 50, "Actual Min Startup Time": 302.926, "Actual Max Startup Time": 302.926, "Actual Min Total Time": 437.081, "Actual Max Total Time": 437.081, "Plans": [{"Node Type": "Seq Scan", "Parent Relationship": "Outer", "Relation Name": "movie_info", "Alias": "mi", "Startup Cost": 0.0, "Total Cost": 35885.16, "Plan Rows": 67971, "Plan Width": 50, "Actual Min Startup Time": 253.998, "Actual Max Startup Time": 370.6, "Actual Min Total Time": 407.995, "Actual Max Total Time": 427.23, "Filter": "((note IS NULL) AND ((info)::text = ANY ('{Horror,Thriller}'::text[])))", "Rows Removed by Filter": 14762672, "Actual Rows": 73047}], "Actual Rows": 73047}, {"Node Type": "Index Scan", "Parent Relationship": "Inner", "Scan Direction": "Forward", "Index Name": "info_type_pkey", "Relation Name": "info_type", "Alias": "it1", "Startup Cost": 0.0, "Total Cost": 0.27, "Plan Rows": 1, "Plan Width": 4, "Actual Min Startup Time": 122.594, "Actual Max Startup Time": 122.594, "Actual Min Total Time": 122.594, "Actual Max Total Time": 122.594, "Index Cond": "(id = mi.info_type_id)", "Rows Removed by Index Recheck": 0, "Filter": "((info)::text = 'genres'::text)", "Rows Removed by Filter": 789, "Actual Rows": 72258}], "Actual Rows": 72258}, {"Node Type": "Index Scan", "Parent Relationship": "Inner", "Scan Direction": "Forward", "Index Name": "movie_id_movie_info_idx", "Relation Name": "movie_info_idx", "Alias": "mi_idx", "Startup Cost": 0.0, "Total Cost": 0.96, "Plan Rows": 1, "Plan Width": 13, "Actual Min Startup Time": 289.398, "Actual Max Startup Time": 289.398, "Actual Min Total Time": 293.193, "Actual Max Total Time": 293.193, "Index Cond": "(movie_id = mi.movie_id)", "Rows Removed by Index Recheck": 0, "Filter": "((info)::text > '8.0'::text)", "Rows Removed by Filter": 113143, "Actual Rows": 4135}], "Actual Rows": 4135}, {"Node Type": "Index Scan", "Parent Relationship": "Inner", "Scan Direction": "Forward", "Index Name": "info_type_pkey", "Relation Name": "info_type", "Alias": "it2", "Startup Cost": 0.0, "Total Cost": 0.27, "Plan Rows": 1, "Plan Width": 4, "Actual Min Startup Time": 7.786, "Actual Max Startup Time": 7.786, "Actual Min Total Time": 7.786, "Actual Max Total Time": 7.786, "Index Cond": "(id = mi_idx.info_type_id)", "Rows Removed by Index Recheck": 0, "Filter": "((info)::text = 'rating'::text)", "Rows Removed by Filter": 3403, "Actual Rows": 732}], "Actual Rows": 732}, {"Node Type": "Index Scan", "Parent Relationship": "Inner", "Scan Direction": "Forward", "Index Name": "title_pkey", "Relation Name": "title", "Alias": "t", "Startup Cost": 0.0, "Total Cost": 2.84, "Plan Rows": 1, "Plan Width": 21, "Actual Min Startup Time": 6.439, "Actual Max Startup Time": 6.439, "Actual Min Total Time": 6.439, "Actual Max Total Time": 6.439, "Index Cond": "(id = mi.movie_id)", "Rows Removed by Index Recheck": 0, "Filter": "((production_year >= 2008) AND (production_year <= 2014))", "Rows Removed by Filter": 374, "Actual Rows": 358}], "Actual Rows": 358}, {"Node Type": "Index Scan", "Parent Relationship": "Inner", "Scan Direction": "Forward", "Index Name": "movie_id_cast_info", "Relation Name": "cast_info", "Alias": "ci", "Startup Cost": 0.0, "Total Cost": 2.34, "Plan Rows": 1, "Plan Width": 8, "Actual Min Startup Time": 30.709, "Actual Max Startup Time": 30.709, "Actual Min Total Time": 39.095, "Actual Max Total Time": 39.095, "Index Cond": "(movie_id = t.id)", "Rows Removed by Index Recheck": 0, "Filter": "((note)::text = ANY ('{(writer),\"(head writer)\",\"(written by)\",(story),\"(story editor)\"}'::text[]))", "Rows Removed by Filter": 12296, "Actual Rows": 268}], "Actual Rows": 268}, {"Node Type": "Index Scan", "Parent Relationship": "Inner", "Scan Direction": "Forward", "Index Name": "name_pkey", "Relation Name": "name", "Alias": "n", "Startup Cost": 0.0, "Total Cost": 0.49, "Plan Rows": 1, "Plan Width": 4, "Actual Min Startup Time": 2.879, "Actual Max Startup Time": 2.879, "Actual Min Total Time": 2.879, "Actual Max Total Time": 2.879, "Index Cond": "(id = ci.person_id)", "Rows Removed by Index Recheck": 0, "Filter": "((gender IS NOT NULL) AND ((gender)::text = 'f'::text))", "Rows Removed by Filter": 257, "Actual Rows": 11}], "Actual Rows": 11}], "Actual Rows": 1}, "Triggers": [], "Planner Runtime": 16.755, "Total Runtime": 1006.45, "Unique SQL Id": 661781350}}, "(16, '89')": {"explain_plan": {"Plan": {"Node Type": "Aggregate", "Strategy": "Plain", "Startup Cost": 101743.32, "Total Cost": 101743.33, "Plan Rows": 1, "Plan Width": 160, "Plans": [{"Node Type": "Nested Loop", "Parent Relationship": "Outer", "Join Type": "Inner", "Startup Cost": 100814.47, "Total Cost": 101741.68, "Plan Rows": 219, "Plan Width": 64, "Inner Unique": true, "Plans": [{"Node Type": "Nested Loop", "Parent Relationship": "Outer", "Join Type": "Inner", "Startup Cost": 100814.47, "Total Cost": 101580.69, "Plan Rows": 321, "Plan Width": 68, "Inner Unique": false, "Plans": [{"Node Type": "Merge Join", "Parent Relationship": "Outer", "Join Type": "Inner", "Startup Cost": 100814.47, "Total Cost": 100895.67, "Plan Rows": 291, "Plan Width": 76, "Inner Unique": false, "Merge Cond": "(it1.id = mi.info_type_id)", "Plans": [{"Node Type": "Index Scan", "Parent Relationship": "Outer", "Scan Direction": "Forward", "Index Name": "info_type_pkey", "Relation Name": "info_type", "Alias": "it1", "Startup Cost": 0.0, "Total Cost": 14.21, "Plan Rows": 1, "Plan Width": 4, "Filter": "((info)::text = 'genres'::text)"}, {"Node Type": "Sort", "Parent Relationship": "Inner", "Startup Cost": 100810.73, "Total Cost": 100845.11, "Plan Rows": 13753, "Plan Width": 80, "Sort Key": ["mi.info_type_id"], "Plans": [{"Node Type": "Nested Loop", "Parent Relationship": "Outer", "Join Type": "Inner", "Startup Cost": 0.0, "Total Cost": 99865.39, "Plan Rows": 13753, "Plan Width": 80, "Inner Unique": false, "Plans": [{"Node Type": "Nested Loop", "Parent Relationship": "Outer", "Join Type": "Inner", "Startup Cost": 0.0, "Total Cost": 78493.26, "Plan Rows": 15041, "Plan Width": 30, "Inner Unique": true, "Plans": [{"Node Type": "Nested Loop", "Parent Relationship": "Outer", "Join Type": "Inner", "Startup Cost": 0.0, "Total Cost": 35880.0, "Plan Rows": 12936, "Plan Width": 9, "Inner Unique": false, "Plans": [{"Node Type": "Index Scan", "Parent Relationship": "Outer", "Scan Direction": "Forward", "Index Name": "info_type_pkey", "Relation Name": "info_type", "Alias": "it2", "Startup Cost": 0.0, "Total Cost": 14.21, "Plan Rows": 1, "Plan Width": 4, "Filter": "((info)::text = 'rating'::text)"}, {"Node Type": "Index Scan", "Parent Relationship": "Inner", "Scan Direction": "Forward", "Index Name": "info_type_id_movie_info_idx", "Relation Name": "movie_info_idx", "Alias": "mi_idx", "Startup Cost": 0.0, "Total Cost": 35736.43, "Plan Rows": 12936, "Plan Width": 13, "Index Cond": "(info_type_id = it2.id)", "Filter": "((info)::text > '8.0'::text)"}]}, {"Node Type": "Index Scan", "Parent Relationship": "Inner", "Scan Direction": "Forward", "Index Name": "title_pkey", "Relation Name": "title", "Alias": "t", "Startup Cost": 0.0, "Total Cost": 3.28, "Plan Rows": 1, "Plan Width": 21, "Index Cond": "(id = mi_idx.movie_id)", "Filter": "((production_year >= 2008) AND (production_year <= 2014))"}]}, {"Node Type": "Index Scan", "Parent Relationship": "Inner", "Scan Direction": "Forward", "Index Name": "movie_id_movie_info", "Relation Name": "movie_info", "Alias": "mi", "Startup Cost": 0.0, "Total Cost": 1.41, "Plan Rows": 1, "Plan Width": 50, "Index Cond": "(movie_id = t.id)", "Filter": "((note IS NULL) AND ((info)::text = ANY ('{Horror,Thriller}'::text[])))"}]}]}]}, {"Node Type": "Index Scan", "Parent Relationship": "Inner", "Scan Direction": "Forward", "Index Name": "movie_id_cast_info", "Relation Name": "cast_info", "Alias": "ci", "Startup Cost": 0.0, "Total Cost": 2.34, "Plan Rows": 1, "Plan Width": 8, "Index Cond": "(movie_id = t.id)", "Filter": "((note)::text = ANY ('{(writer),\"(head writer)\",\"(written by)\",(story),\"(story editor)\"}'::text[]))"}]}, {"Node Type": "Index Scan", "Parent Relationship": "Inner", "Scan Direction": "Forward", "Index Name": "name_pkey", "Relation Name": "name", "Alias": "n", "Startup Cost": 0.0, "Total Cost": 0.49, "Plan Rows": 1, "Plan Width": 4, "Index Cond": "(id = ci.person_id)", "Filter": "((gender IS NOT NULL) AND ((gender)::text = 'f'::text))"}]}]}, "Unique SQL Id": 661781350, "Planner Runtime": 13}, "explain_analyze_plan": {"Plan": {"Node Type": "Aggregate", "Strategy": "Plain", "Startup Cost": 101743.32, "Total Cost": 101743.33, "Plan Rows": 1, "Plan Width": 160, "Actual Startup Time": 581.265, "Actual Total Time": 581.265, "Actual Rows": 1, "Actual Loops": 1, "Plans": [{"Node Type": "Nested Loop", "Parent Relationship": "Outer", "Join Type": "Inner", "Startup Cost": 100814.47, "Total Cost": 101741.68, "Plan Rows": 219, "Plan Width": 64, "Actual Startup Time": 556.029, "Actual Total Time": 581.214, "Actual Rows": 11, "Actual Loops": 1, "Inner Unique": true, "Plans": [{"Node Type": "Nested Loop", "Parent Relationship": "Outer", "Join Type": "Inner", "Startup Cost": 100814.47, "Total Cost": 101580.69, "Plan Rows": 321, "Plan Width": 68, "Actual Startup Time": 553.956, "Actual Total Time": 579.312, "Actual Rows": 268, "Actual Loops": 1, "Inner Unique": false, "Plans": [{"Node Type": "Merge Join", "Parent Relationship": "Outer", "Join Type": "Inner", "Startup Cost": 100814.47, "Total Cost": 100895.67, "Plan Rows": 291, "Plan Width": 76, "Actual Startup Time": 553.768, "Actual Total Time": 554.056, "Actual Rows": 358, "Actual Loops": 1, "Inner Unique": false, "Merge Cond": "(it1.id = mi.info_type_id)", "Plans": [{"Node Type": "Index Scan", "Parent Relationship": "Outer", "Scan Direction": "Forward", "Index Name": "info_type_pkey", "Relation Name": "info_type", "Alias": "it1", "Startup Cost": 0.0, "Total Cost": 14.21, "Plan Rows": 1, "Plan Width": 4, "Actual Startup Time": 0.025, "Actual Total Time": 0.076, "Actual Rows": 1, "Actual Loops": 1, "Filter": "((info)::text = 'genres'::text)", "Rows Removed by Filter": 111}, {"Node Type": "Sort", "Parent Relationship": "Inner", "Startup Cost": 100810.73, "Total Cost": 100845.11, "Plan Rows": 13753, "Plan Width": 80, "Actual Startup Time": 553.733, "Actual Total Time": 553.796, "Actual Rows": 358, "Actual Loops": 1, "Sort Key": ["mi.info_type_id"], "Sort Method": "quicksort", "Sort Space Used": 75, "Sort Space Type": "Memory", "Plans": [{"Node Type": "Nested Loop", "Parent Relationship": "Outer", "Join Type": "Inner", "Startup Cost": 0.0, "Total Cost": 99865.39, "Plan Rows": 13753, "Plan Width": 80, "Actual Startup Time": 9.384, "Actual Total Time": 553.34, "Actual Rows": 358, "Actual Loops": 1, "Inner Unique": false, "Plans": [{"Node Type": "Nested Loop", "Parent Relationship": "Outer", "Join Type": "Inner", "Startup Cost": 0.0, "Total Cost": 78493.26, "Plan Rows": 15041, "Plan Width": 30, "Actual Startup Time": 1.74, "Actual Total Time": 411.204, "Actual Rows": 6152, "Actual Loops": 1, "Inner Unique": true, "Plans": [{"Node Type": "Nested Loop", "Parent Relationship": "Outer", "Join Type": "Inner", "Startup Cost": 0.0, "Total Cost": 35880.0, "Plan Rows": 12936, "Plan Width": 9, "Actual Startup Time": 0.09, "Actual Total Time": 331.454, "Actual Rows": 15849, "Actual Loops": 1, "Inner Unique": false, "Plans": [{"Node Type": "Index Scan", "Parent Relationship": "Outer", "Scan Direction": "Forward", "Index Name": "info_type_pkey", "Relation Name": "info_type", "Alias": "it2", "Startup Cost": 0.0, "Total Cost": 14.21, "Plan Rows": 1, "Plan Width": 4, "Actual Startup Time": 0.049, "Actual Total Time": 0.057, "Actual Rows": 1, "Actual Loops": 1, "Filter": "((info)::text = 'rating'::text)", "Rows Removed by Filter": 111}, {"Node Type": "Index Scan", "Parent Relationship": "Inner", "Scan Direction": "Forward", "Index Name": "info_type_id_movie_info_idx", "Relation Name": "movie_info_idx", "Alias": "mi_idx", "Startup Cost": 0.0, "Total Cost": 35736.43, "Plan Rows": 12936, "Plan Width": 13, "Actual Startup Time": 0.038, "Actual Total Time": 327.634, "Actual Rows": 15849, "Actual Loops": 1, "Index Cond": "(info_type_id = it2.id)", "Rows Removed by Index Recheck": 0, "Filter": "((info)::text > '8.0'::text)", "Rows Removed by Filter": 444076}]}, {"Node Type": "Index Scan", "Parent Relationship": "Inner", "Scan Direction": "Forward", "Index Name": "title_pkey", "Relation Name": "title", "Alias": "t", "Startup Cost": 0.0, "Total Cost": 3.28, "Plan Rows": 1, "Plan Width": 21, "Actual Startup Time": 69.66, "Actual Total Time": 69.66, "Actual Rows": 6152, "Actual Loops": 15849, "Index Cond": "(id = mi_idx.movie_id)", "Rows Removed by Index Recheck": 0, "Filter": "((production_year >= 2008) AND (production_year <= 2014))", "Rows Removed by Filter": 9697}]}, {"Node Type": "Index Scan", "Parent Relationship": "Inner", "Scan Direction": "Forward", "Index Name": "movie_id_movie_info", "Relation Name": "movie_info", "Alias": "mi", "Startup Cost": 0.0, "Total Cost": 1.41, "Plan Rows": 1, "Plan Width": 50, "Actual Startup Time": 138.498, "Actual Total Time": 138.814, "Actual Rows": 358, "Actual Loops": 6152, "Index Cond": "(movie_id = t.id)", "Rows Removed by Index Recheck": 0, "Filter": "((note IS NULL) AND ((info)::text = ANY ('{Horror,Thriller}'::text[])))", "Rows Removed by Filter": 109599}]}]}]}, {"Node Type": "Index Scan", "Parent Relationship": "Inner", "Scan Direction": "Forward", "Index Name": "movie_id_cast_info", "Relation Name": "cast_info", "Alias": "ci", "Startup Cost": 0.0, "Total Cost": 2.34, "Plan Rows": 1, "Plan Width": 8, "Actual Startup Time": 19.665, "Actual Total Time": 25.012, "Actual Rows": 268, "Actual Loops": 358, "Index Cond": "(movie_id = t.id)", "Rows Removed by Index Recheck": 0, "Filter": "((note)::text = ANY ('{(writer),\"(head writer)\",\"(written by)\",(story),\"(story editor)\"}'::text[]))", "Rows Removed by Filter": 12296}]}, {"Node Type": "Index Scan", "Parent Relationship": "Inner", "Scan Direction": "Forward", "Index Name": "name_pkey", "Relation Name": "name", "Alias": "n", "Startup Cost": 0.0, "Total Cost": 0.49, "Plan Rows": 1, "Plan Width": 4, "Actual Startup Time": 1.743, "Actual Total Time": 1.743, "Actual Rows": 11, "Actual Loops": 268, "Index Cond": "(id = ci.person_id)", "Rows Removed by Index Recheck": 0, "Filter": "((gender IS NOT NULL) AND ((gender)::text = 'f'::text))", "Rows Removed by Filter": 257}]}]}, "Triggers": [], "Planner Runtime": 13.392, "Total Runtime": 581.721, "Unique SQL Id": 661781350}}, "(16, '90')": {"explain_plan": {"Plan": {"Node Type": "Aggregate", "Strategy": "Plain", "Startup Cost": 3173959497479.46, "Total Cost": 3173959497479.47, "Plan Rows": 1, "Plan Width": 160, "Plans": [{"Node Type": "Merge Join", "Parent Relationship": "Outer", "Join Type": "Inner", "Startup Cost": 2184673389997.92, "Total Cost": 3173959497477.71, "Plan Rows": 233, "Plan Width": 64, "Inner Unique": false, "Merge Cond": "(t.id = mi.movie_id)", "Plans": [{"Node Type": "Index Scan", "Parent Relationship": "Outer", "Scan Direction": "Forward", "Index Name": "title_pkey", "Relation Name": "title", "Alias": "t", "Startup Cost": 10000000000.0, "Total Cost": 1000012276204.41, "Plan Rows": 782553, "Plan Width": 21, "Filter": "((production_year >= 2008) AND (production_year <= 2014)), (LLVM Optimized)"}, {"Node Type": "Sort", "Parent Relationship": "Inner", "Startup Cost": 2174648087883.47, "Total Cost": 2174648087883.97, "Plan Rows": 200, "Plan Width": 59, "Sort Key": ["ci.movie_id"], "Plans": [{"Node Type": "Merge Join", "Parent Relationship": "Outer", "Join Type": "Inner", "Startup Cost": 1210139301116.72, "Total Cost": 2174648087875.83, "Plan Rows": 200, "Plan Width": 59, "Inner Unique": false, "Merge Cond": "(n.id = ci.person_id)", "Plans": [{"Node Type": "Index Scan", "Parent Relationship": "Outer", "Scan Direction": "Forward", "Index Name": "name_pkey", "Relation Name": "name", "Alias": "n", "Startup Cost": 10000000000.0, "Total Cost": 1000018665147.2, "Plan Rows": 624324, "Plan Width": 4, "Filter": "((gender IS NOT NULL) AND ((gender)::text = 'f'::text)), (LLVM Optimized)"}, {"Node Type": "Sort", "Parent Relationship": "Inner", "Startup Cost": 1200139301116.72, "Total Cost": 1200139301117.41, "Plan Rows": 276, "Plan Width": 63, "Sort Key": ["ci.person_id"], "Plans": [{"Node Type": "Merge Join", "Parent Relationship": "Outer", "Join Type": "Inner", "Startup Cost": 210000565461.01, "Total Cost": 1200139301105.53, "Plan Rows": 276, "Plan Width": 63, "Inner Unique": false, "Merge Cond": "(mi_idx.movie_id = mi.movie_id)", "Plans": [{"Node Type": "Merge Join", "Parent Relationship": "Outer", "Join Type": "Inner", "Startup Cost": 110000183371.32, "Total Cost": 1100138918963.84, "Plan Rows": 14313, "Plan Width": 17, "Inner Unique": false, "Merge Cond": "(ci.movie_id = mi_idx.movie_id)", "Plans": [{"Node Type": "Index Scan", "Parent Relationship": "Outer", "Scan Direction": "Forward", "Index Name": "movie_id_cast_info", "Relation Name": "cast_info", "Alias": "ci", "Startup Cost": 10000000000.0, "Total Cost": 1000228594573.05, "Plan Rows": 1223154, "Plan Width": 8, "Filter": "((note)::text = ANY ('{(writer),\"(head writer)\",\"(written by)\",(story),\"(story editor)\"}'::text[]))"}, {"Node Type": "Sort", "Parent Relationship": "Inner", "Startup Cost": 100000183371.32, "Total Cost": 100000183403.66, "Plan Rows": 12936, "Plan Width": 9, "Sort Key": ["mi_idx.movie_id"], "Plans": [{"Node Type": "Nested Loop", "Parent Relationship": "Outer", "Join Type": "Inner", "Startup Cost": 10000000000.0, "Total Cost": 100000182487.85, "Plan Rows": 12936, "Plan Width": 9, "Inner Unique": false, "Join Filter": "(it2.id = mi_idx.info_type_id)", "Plans": [{"Node Type": "Seq Scan", "Parent Relationship": "Outer", "Relation Name": "info_type", "Alias": "it2", "Startup Cost": 0.0, "Total Cost": 2.4, "Plan Rows": 1, "Plan Width": 4, "Filter": "((info)::text = 'rating'::text)"}, {"Node Type": "Materialize", "Parent Relationship": "Inner", "Startup Cost": 0.0, "Total Cost": 17728.93, "Plan Rows": 51746, "Plan Width": 13, "Plans": [{"Node Type": "Streaming(type: LOCAL GATHER dop: 1/16)", "Parent Relationship": "Outer", "Startup Cost": 0.0, "Total Cost": 17599.56, "Plan Rows": 51746, "Plan Width": 13, "Plans": [{"Node Type": "Seq Scan", "Parent Relationship": "Outer", "Relation Name": "movie_info_idx", "Alias": "mi_idx", "Startup Cost": 0.0, "Total Cost": 16482.78, "Plan Rows": 51746, "Plan Width": 13, "Filter": "((info)::text > '8.0'::text)"}]}]}]}]}]}, {"Node Type": "Sort", "Parent Relationship": "Inner", "Startup Cost": 100000382089.68, "Total Cost": 100000382092.11, "Plan Rows": 971, "Plan Width": 46, "Sort Key": ["mi.movie_id"], "Plans": [{"Node Type": "Nested Loop", "Parent Relationship": "Outer", "Join Type": "Inner", "Startup Cost": 10000000000.0, "Total Cost": 100000382041.51, "Plan Rows": 971, "Plan Width": 46, "Inner Unique": false, "Join Filter": "(it1.id = mi.info_type_id)", "Plans": [{"Node Type": "Seq Scan", "Parent Relationship": "Outer", "Relation Name": "info_type", "Alias": "it1", "Startup Cost": 0.0, "Total Cost": 2.4, "Plan Rows": 1, "Plan Width": 4, "Filter": "((info)::text = 'genres'::text)"}, {"Node Type": "Materialize", "Parent Relationship": "Inner", "Startup Cost": 0.0, "Total Cost": 37522.04, "Plan Rows": 67971, "Plan Width": 50, "Plans": [{"Node Type": "Streaming(type: LOCAL GATHER dop: 1/16)", "Parent Relationship": "Outer", "Startup Cost": 0.0, "Total Cost": 37352.11, "Plan Rows": 67971, "Plan Width": 50, "Plans": [{"Node Type": "Seq Scan", "Parent Relationship": "Outer", "Relation Name": "movie_info", "Alias": "mi", "Startup Cost": 0.0, "Total Cost": 35885.16, "Plan Rows": 67971, "Plan Width": 50, "Filter": "((note IS NULL) AND ((info)::text = ANY ('{Horror,Thriller}'::text[])))"}]}]}]}]}]}]}]}]}]}]}, "Unique SQL Id": 661781350, "Planner Runtime": 78}, "explain_analyze_plan": null}, "(16, '91')": {"explain_plan": {"Plan": {"Node Type": "Aggregate", "Strategy": "Plain", "Startup Cost": 6973104309533.58, "Total Cost": 6973104309533.59, "Plan Rows": 1, "Plan Width": 160, "Plans": [{"Node Type": "Merge Join", "Parent Relationship": "Outer", "Join Type": "Inner", "Startup Cost": 5983104308056.21, "Total Cost": 6973104309531.83, "Plan Rows": 233, "Plan Width": 64, "Inner Unique": true, "Merge Cond": "(mi.info_type_id = it1.id)", "Plans": [{"Node Type": "Sort", "Parent Relationship": "Outer", "Startup Cost": 5973104308053.2, "Total Cost": 5973104308080.83, "Plan Rows": 11053, "Plan Width": 68, "Sort Key": ["mi.info_type_id"], "Plans": [{"Node Type": "Merge Join", "Parent Relationship": "Outer", "Join Type": "Inner", "Startup Cost": 3994649433455.64, "Total Cost": 5973104307310.87, "Plan Rows": 11053, "Plan Width": 68, "Inner Unique": false, "Merge Cond": "(t.id = mi.movie_id)", "Plans": [{"Node Type": "Merge Join", "Parent Relationship": "Outer", "Join Type": "Inner", "Startup Cost": 3984649433455.64, "Total Cost": 4973733124189.28, "Plan Rows": 12089, "Plan Width": 34, "Inner Unique": true, "Merge Cond": "(mi_idx.movie_id = t.id)", "Plans": [{"Node Type": "Sort", "Parent Relationship": "Outer", "Startup Cost": 3974649433455.64, "Total Cost": 3974649433481.64, "Plan Rows": 10397, "Plan Width": 13, "Sort Key": ["ci.movie_id"], "Plans": [{"Node Type": "Merge Join", "Parent Relationship": "Outer", "Join Type": "Inner", "Startup Cost": 3010140645830.7, "Total Cost": 3974649432761.96, "Plan Rows": 10397, "Plan Width": 13, "Inner Unique": true, "Merge Cond": "(ci.person_id = n.id)", "Plans": [{"Node Type": "Sort", "Parent Relationship": "Outer", "Startup Cost": 3000140645830.7, "Total Cost": 3000140645866.48, "Plan Rows": 14313, "Plan Width": 17, "Sort Key": ["ci.person_id"], "Plans": [{"Node Type": "Merge Join", "Parent Relationship": "Outer", "Join Type": "Inner", "Startup Cost": 2010001909250.23, "Total Cost": 3000140644842.74, "Plan Rows": 14313, "Plan Width": 17, "Inner Unique": false, "Merge Cond": "(ci.movie_id = mi_idx.movie_id)", "Plans": [{"Node Type": "Index Scan", "Parent Relationship": "Outer", "Scan Direction": "Forward", "Index Name": "movie_id_cast_info", "Relation Name": "cast_info", "Alias": "ci", "Startup Cost": 10000000000.0, "Total Cost": 1000228594573.05, "Plan Rows": 1223154, "Plan Width": 8, "Filter": "((note)::text = ANY ('{(writer),\"(head writer)\",\"(written by)\",(story),\"(story editor)\"}'::text[]))"}, {"Node Type": "Sort", "Parent Relationship": "Inner", "Startup Cost": 2000001909250.23, "Total Cost": 2000001909282.57, "Plan Rows": 12936, "Plan Width": 9, "Sort Key": ["mi_idx.movie_id"], "Plans": [{"Node Type": "Nested Loop", "Parent Relationship": "Outer", "Join Type": "Inner", "Startup Cost": 20000007419.04, "Total Cost": 2000001908366.76, "Plan Rows": 12936, "Plan Width": 9, "Inner Unique": false, "Plans": [{"Node Type": "Index Scan", "Parent Relationship": "Outer", "Scan Direction": "Forward", "Index Name": "info_type_pkey", "Relation Name": "info_type", "Alias": "it2", "Startup Cost": 10000000000.0, "Total Cost": 1000000001421.0, "Plan Rows": 1, "Plan Width": 4, "Filter": "((info)::text = 'rating'::text)"}, {"Node Type": "Bitmap Heap Scan", "Parent Relationship": "Inner", "Relation Name": "movie_info_idx", "Alias": "mi_idx", "Startup Cost": 10000007419.04, "Total Cost": 1000001906816.4, "Plan Rows": 12936, "Plan Width": 13, "Recheck Cond": "(info_type_id = it2.id)", "Filter": "((info)::text > '8.0'::text)", "Plans": [{"Node Type": "Bitmap Index Scan", "Parent Relationship": "Outer", "Index Name": "info_type_id_movie_info_idx", "Startup Cost": 0.0, "Total Cost": 7415.81, "Plan Rows": 345008, "Plan Width": 0, "Index Cond": "(info_type_id = it2.id)"}]}]}]}]}]}, {"Node Type": "Index Scan", "Parent Relationship": "Inner", "Scan Direction": "Forward", "Index Name": "name_pkey", "Relation Name": "name", "Alias": "n", "Startup Cost": 10000000000.0, "Total Cost": 1000018665147.2, "Plan Rows": 624324, "Plan Width": 4, "Filter": "((gender IS NOT NULL) AND ((gender)::text = 'f'::text)), (LLVM Optimized)"}]}]}, {"Node Type": "Index Scan", "Parent Relationship": "Inner", "Scan Direction": "Forward", "Index Name": "title_pkey", "Relation Name": "title", "Alias": "t", "Startup Cost": 10000000000.0, "Total Cost": 1000012276204.41, "Plan Rows": 782553, "Plan Width": 21, "Filter": "((production_year >= 2008) AND (production_year <= 2014)), (LLVM Optimized)"}]}, {"Node Type": "Index Scan", "Parent Relationship": "Inner", "Scan Direction": "Forward", "Index Name": "movie_id_movie_info", "Relation Name": "movie_info", "Alias": "mi", "Startup Cost": 10000000000.0, "Total Cost": 1000107534403.72, "Plan Rows": 67971, "Plan Width": 50, "Filter": "((note IS NULL) AND ((info)::text = ANY ('{Horror,Thriller}'::text[])))"}]}]}, {"Node Type": "Materialize", "Parent Relationship": "Inner", "Startup Cost": 10000000000.0, "Total Cost": 1000000001421.0, "Plan Rows": 1, "Plan Width": 4, "Plans": [{"Node Type": "Index Scan", "Parent Relationship": "Outer", "Scan Direction": "Forward", "Index Name": "info_type_pkey", "Relation Name": "info_type", "Alias": "it1", "Startup Cost": 10000000000.0, "Total Cost": 1000000001421.0, "Plan Rows": 1, "Plan Width": 4, "Filter": "((info)::text = 'genres'::text)"}]}]}]}, "Unique SQL Id": 661781350, "Planner Runtime": 98}, "explain_analyze_plan": null}, "(16, '92')": {"explain_plan": {"Plan": {"Node Type": "Aggregate", "Strategy": "Plain", "Startup Cost": 59351.1, "Total Cost": 59351.11, "Plan Rows": 1, "Plan Width": 160, "Plans": [{"Node Type": "Nested Loop", "Parent Relationship": "Outer", "Join Type": "Inner", "Startup Cost": 0.0, "Total Cost": 59349.46, "Plan Rows": 219, "Plan Width": 64, "Inner Unique": true, "Plans": [{"Node Type": "Nested Loop", "Parent Relationship": "Outer", "Join Type": "Inner", "Startup Cost": 0.0, "Total Cost": 59188.47, "Plan Rows": 321, "Plan Width": 68, "Inner Unique": false, "Plans": [{"Node Type": "Nested Loop", "Parent Relationship": "Outer", "Join Type": "Inner", "Startup Cost": 0.0, "Total Cost": 58503.44, "Plan Rows": 291, "Plan Width": 76, "Inner Unique": true, "Plans": [{"Node Type": "Nested Loop", "Parent Relationship": "Outer", "Join Type": "Inner", "Startup Cost": 0.0, "Total Cost": 57790.23, "Plan Rows": 250, "Plan Width": 55, "Inner Unique": true, "Plans": [{"Node Type": "Nested Loop", "Parent Relationship": "Outer", "Join Type": "Inner", "Startup Cost": 0.0, "Total Cost": 57507.78, "Plan Rows": 999, "Plan Width": 59, "Inner Unique": false, "Plans": [{"Node Type": "Nested Loop", "Parent Relationship": "Outer", "Join Type": "Inner", "Startup Cost": 0.0, "Total Cost": 56565.92, "Plan Rows": 971, "Plan Width": 46, "Inner Unique": true, "Plans": [{"Node Type": "Streaming(type: LOCAL GATHER dop: 1/16)", "Parent Relationship": "Outer", "Startup Cost": 0.0, "Total Cost": 37352.11, "Plan Rows": 67971, "Plan Width": 50, "Plans": [{"Node Type": "Seq Scan", "Parent Relationship": "Outer", "Relation Name": "movie_info", "Alias": "mi", "Startup Cost": 0.0, "Total Cost": 35885.16, "Plan Rows": 67971, "Plan Width": 50, "Filter": "((note IS NULL) AND ((info)::text = ANY ('{Horror,Thriller}'::text[])))"}]}, {"Node Type": "Index Scan", "Parent Relationship": "Inner", "Scan Direction": "Forward", "Index Name": "info_type_pkey", "Relation Name": "info_type", "Alias": "it1", "Startup Cost": 0.0, "Total Cost": 0.27, "Plan Rows": 1, "Plan Width": 4, "Index Cond": "(id = mi.info_type_id)", "Filter": "((info)::text = 'genres'::text)"}]}, {"Node Type": "Index Scan", "Parent Relationship": "Inner", "Scan Direction": "Forward", "Index Name": "movie_id_movie_info_idx", "Relation Name": "movie_info_idx", "Alias": "mi_idx", "Startup Cost": 0.0, "Total Cost": 0.96, "Plan Rows": 1, "Plan Width": 13, "Index Cond": "(movie_id = mi.movie_id)", "Filter": "((info)::text > '8.0'::text)"}]}, {"Node Type": "Index Scan", "Parent Relationship": "Inner", "Scan Direction": "Forward", "Index Name": "info_type_pkey", "Relation Name": "info_type", "Alias": "it2", "Startup Cost": 0.0, "Total Cost": 0.27, "Plan Rows": 1, "Plan Width": 4, "Index Cond": "(id = mi_idx.info_type_id)", "Filter": "((info)::text = 'rating'::text)"}]}, {"Node Type": "Index Scan", "Parent Relationship": "Inner", "Scan Direction": "Forward", "Index Name": "title_pkey", "Relation Name": "title", "Alias": "t", "Startup Cost": 0.0, "Total Cost": 2.84, "Plan Rows": 1, "Plan Width": 21, "Index Cond": "(id = mi.movie_id)", "Filter": "((production_year >= 2008) AND (production_year <= 2014))"}]}, {"Node Type": "Index Scan", "Parent Relationship": "Inner", "Scan Direction": "Forward", "Index Name": "movie_id_cast_info", "Relation Name": "cast_info", "Alias": "ci", "Startup Cost": 0.0, "Total Cost": 2.34, "Plan Rows": 1, "Plan Width": 8, "Index Cond": "(movie_id = t.id)", "Filter": "((note)::text = ANY ('{(writer),\"(head writer)\",\"(written by)\",(story),\"(story editor)\"}'::text[]))"}]}, {"Node Type": "Index Scan", "Parent Relationship": "Inner", "Scan Direction": "Forward", "Index Name": "name_pkey", "Relation Name": "name", "Alias": "n", "Startup Cost": 0.0, "Total Cost": 0.49, "Plan Rows": 1, "Plan Width": 4, "Index Cond": "(id = ci.person_id)", "Filter": "((gender IS NOT NULL) AND ((gender)::text = 'f'::text))"}]}]}, "Unique SQL Id": 661781350, "Planner Runtime": 17}, "explain_analyze_plan": {"Plan": {"Node Type": "Aggregate", "Strategy": "Plain", "Startup Cost": 59351.1, "Total Cost": 59351.11, "Plan Rows": 1, "Plan Width": 160, "Actual Min Startup Time": 1003.457, "Actual Max Startup Time": 1003.457, "Actual Min Total Time": 1003.457, "Actual Max Total Time": 1003.457, "Plans": [{"Node Type": "Nested Loop", "Parent Relationship": "Outer", "Join Type": "Inner", "Startup Cost": 0.0, "Total Cost": 59349.46, "Plan Rows": 219, "Plan Width": 64, "Actual Min Startup Time": 408.871, "Actual Max Startup Time": 408.871, "Actual Min Total Time": 1003.403, "Actual Max Total Time": 1003.403, "Inner Unique": true, "Plans": [{"Node Type": "Nested Loop", "Parent Relationship": "Outer", "Join Type": "Inner", "Startup Cost": 0.0, "Total Cost": 59188.47, "Plan Rows": 321, "Plan Width": 68, "Actual Min Startup Time": 402.402, "Actual Max Startup Time": 402.402, "Actual Min Total Time": 1000.287, "Actual Max Total Time": 1000.287, "Inner Unique": false, "Plans": [{"Node Type": "Nested Loop", "Parent Relationship": "Outer", "Join Type": "Inner", "Startup Cost": 0.0, "Total Cost": 58503.44, "Plan Rows": 291, "Plan Width": 76, "Actual Min Startup Time": 402.342, "Actual Max Startup Time": 402.342, "Actual Min Total Time": 960.76, "Actual Max Total Time": 960.76, "Inner Unique": true, "Plans": [{"Node Type": "Nested Loop", "Parent Relationship": "Outer", "Join Type": "Inner", "Startup Cost": 0.0, "Total Cost": 57790.23, "Plan Rows": 250, "Plan Width": 55, "Actual Min Startup Time": 399.12, "Actual Max Startup Time": 399.12, "Actual Min Total Time": 953.556, "Actual Max Total Time": 953.556, "Inner Unique": true, "Plans": [{"Node Type": "Nested Loop", "Parent Relationship": "Outer", "Join Type": "Inner", "Startup Cost": 0.0, "Total Cost": 57507.78, "Plan Rows": 999, "Plan Width": 59, "Actual Min Startup Time": 399.1, "Actual Max Startup Time": 399.1, "Actual Min Total Time": 943.426, "Actual Max Total Time": 943.426, "Inner Unique": false, "Plans": [{"Node Type": "Nested Loop", "Parent Relationship": "Outer", "Join Type": "Inner", "Startup Cost": 0.0, "Total Cost": 56565.92, "Plan Rows": 971, "Plan Width": 46, "Actual Min Startup Time": 398.991, "Actual Max Startup Time": 398.991, "Actual Min Total Time": 612.784, "Actual Max Total Time": 612.784, "Inner Unique": true, "Plans": [{"Node Type": "Streaming(type: LOCAL GATHER dop: 1/16)", "Parent Relationship": "Outer", "Startup Cost": 0.0, "Total Cost": 37352.11, "Plan Rows": 67971, "Plan Width": 50, "Actual Min Startup Time": 302.926, "Actual Max Startup Time": 302.926, "Actual Min Total Time": 437.081, "Actual Max Total Time": 437.081, "Plans": [{"Node Type": "Seq Scan", "Parent Relationship": "Outer", "Relation Name": "movie_info", "Alias": "mi", "Startup Cost": 0.0, "Total Cost": 35885.16, "Plan Rows": 67971, "Plan Width": 50, "Actual Min Startup Time": 253.998, "Actual Max Startup Time": 370.6, "Actual Min Total Time": 407.995, "Actual Max Total Time": 427.23, "Filter": "((note IS NULL) AND ((info)::text = ANY ('{Horror,Thriller}'::text[])))", "Rows Removed by Filter": 14762672, "Actual Rows": 73047}], "Actual Rows": 73047}, {"Node Type": "Index Scan", "Parent Relationship": "Inner", "Scan Direction": "Forward", "Index Name": "info_type_pkey", "Relation Name": "info_type", "Alias": "it1", "Startup Cost": 0.0, "Total Cost": 0.27, "Plan Rows": 1, "Plan Width": 4, "Actual Min Startup Time": 122.594, "Actual Max Startup Time": 122.594, "Actual Min Total Time": 122.594, "Actual Max Total Time": 122.594, "Index Cond": "(id = mi.info_type_id)", "Rows Removed by Index Recheck": 0, "Filter": "((info)::text = 'genres'::text)", "Rows Removed by Filter": 789, "Actual Rows": 72258}], "Actual Rows": 72258}, {"Node Type": "Index Scan", "Parent Relationship": "Inner", "Scan Direction": "Forward", "Index Name": "movie_id_movie_info_idx", "Relation Name": "movie_info_idx", "Alias": "mi_idx", "Startup Cost": 0.0, "Total Cost": 0.96, "Plan Rows": 1, "Plan Width": 13, "Actual Min Startup Time": 289.398, "Actual Max Startup Time": 289.398, "Actual Min Total Time": 293.193, "Actual Max Total Time": 293.193, "Index Cond": "(movie_id = mi.movie_id)", "Rows Removed by Index Recheck": 0, "Filter": "((info)::text > '8.0'::text)", "Rows Removed by Filter": 113143, "Actual Rows": 4135}], "Actual Rows": 4135}, {"Node Type": "Index Scan", "Parent Relationship": "Inner", "Scan Direction": "Forward", "Index Name": "info_type_pkey", "Relation Name": "info_type", "Alias": "it2", "Startup Cost": 0.0, "Total Cost": 0.27, "Plan Rows": 1, "Plan Width": 4, "Actual Min Startup Time": 7.786, "Actual Max Startup Time": 7.786, "Actual Min Total Time": 7.786, "Actual Max Total Time": 7.786, "Index Cond": "(id = mi_idx.info_type_id)", "Rows Removed by Index Recheck": 0, "Filter": "((info)::text = 'rating'::text)", "Rows Removed by Filter": 3403, "Actual Rows": 732}], "Actual Rows": 732}, {"Node Type": "Index Scan", "Parent Relationship": "Inner", "Scan Direction": "Forward", "Index Name": "title_pkey", "Relation Name": "title", "Alias": "t", "Startup Cost": 0.0, "Total Cost": 2.84, "Plan Rows": 1, "Plan Width": 21, "Actual Min Startup Time": 6.439, "Actual Max Startup Time": 6.439, "Actual Min Total Time": 6.439, "Actual Max Total Time": 6.439, "Index Cond": "(id = mi.movie_id)", "Rows Removed by Index Recheck": 0, "Filter": "((production_year >= 2008) AND (production_year <= 2014))", "Rows Removed by Filter": 374, "Actual Rows": 358}], "Actual Rows": 358}, {"Node Type": "Index Scan", "Parent Relationship": "Inner", "Scan Direction": "Forward", "Index Name": "movie_id_cast_info", "Relation Name": "cast_info", "Alias": "ci", "Startup Cost": 0.0, "Total Cost": 2.34, "Plan Rows": 1, "Plan Width": 8, "Actual Min Startup Time": 30.709, "Actual Max Startup Time": 30.709, "Actual Min Total Time": 39.095, "Actual Max Total Time": 39.095, "Index Cond": "(movie_id = t.id)", "Rows Removed by Index Recheck": 0, "Filter": "((note)::text = ANY ('{(writer),\"(head writer)\",\"(written by)\",(story),\"(story editor)\"}'::text[]))", "Rows Removed by Filter": 12296, "Actual Rows": 268}], "Actual Rows": 268}, {"Node Type": "Index Scan", "Parent Relationship": "Inner", "Scan Direction": "Forward", "Index Name": "name_pkey", "Relation Name": "name", "Alias": "n", "Startup Cost": 0.0, "Total Cost": 0.49, "Plan Rows": 1, "Plan Width": 4, "Actual Min Startup Time": 2.879, "Actual Max Startup Time": 2.879, "Actual Min Total Time": 2.879, "Actual Max Total Time": 2.879, "Index Cond": "(id = ci.person_id)", "Rows Removed by Index Recheck": 0, "Filter": "((gender IS NOT NULL) AND ((gender)::text = 'f'::text))", "Rows Removed by Filter": 257, "Actual Rows": 11}], "Actual Rows": 11}], "Actual Rows": 1}, "Triggers": [], "Planner Runtime": 16.755, "Total Runtime": 1006.45, "Unique SQL Id": 661781350}}, "(16, '93')": {"explain_plan": {"Plan": {"Node Type": "Aggregate", "Strategy": "Plain", "Startup Cost": 101743.32, "Total Cost": 101743.33, "Plan Rows": 1, "Plan Width": 160, "Plans": [{"Node Type": "Nested Loop", "Parent Relationship": "Outer", "Join Type": "Inner", "Startup Cost": 100814.47, "Total Cost": 101741.68, "Plan Rows": 219, "Plan Width": 64, "Inner Unique": true, "Plans": [{"Node Type": "Nested Loop", "Parent Relationship": "Outer", "Join Type": "Inner", "Startup Cost": 100814.47, "Total Cost": 101580.69, "Plan Rows": 321, "Plan Width": 68, "Inner Unique": false, "Plans": [{"Node Type": "Merge Join", "Parent Relationship": "Outer", "Join Type": "Inner", "Startup Cost": 100814.47, "Total Cost": 100895.67, "Plan Rows": 291, "Plan Width": 76, "Inner Unique": false, "Merge Cond": "(it1.id = mi.info_type_id)", "Plans": [{"Node Type": "Index Scan", "Parent Relationship": "Outer", "Scan Direction": "Forward", "Index Name": "info_type_pkey", "Relation Name": "info_type", "Alias": "it1", "Startup Cost": 0.0, "Total Cost": 14.21, "Plan Rows": 1, "Plan Width": 4, "Filter": "((info)::text = 'genres'::text)"}, {"Node Type": "Sort", "Parent Relationship": "Inner", "Startup Cost": 100810.73, "Total Cost": 100845.11, "Plan Rows": 13753, "Plan Width": 80, "Sort Key": ["mi.info_type_id"], "Plans": [{"Node Type": "Nested Loop", "Parent Relationship": "Outer", "Join Type": "Inner", "Startup Cost": 0.0, "Total Cost": 99865.39, "Plan Rows": 13753, "Plan Width": 80, "Inner Unique": false, "Plans": [{"Node Type": "Nested Loop", "Parent Relationship": "Outer", "Join Type": "Inner", "Startup Cost": 0.0, "Total Cost": 78493.26, "Plan Rows": 15041, "Plan Width": 30, "Inner Unique": true, "Plans": [{"Node Type": "Nested Loop", "Parent Relationship": "Outer", "Join Type": "Inner", "Startup Cost": 0.0, "Total Cost": 35880.0, "Plan Rows": 12936, "Plan Width": 9, "Inner Unique": false, "Plans": [{"Node Type": "Index Scan", "Parent Relationship": "Outer", "Scan Direction": "Forward", "Index Name": "info_type_pkey", "Relation Name": "info_type", "Alias": "it2", "Startup Cost": 0.0, "Total Cost": 14.21, "Plan Rows": 1, "Plan Width": 4, "Filter": "((info)::text = 'rating'::text)"}, {"Node Type": "Index Scan", "Parent Relationship": "Inner", "Scan Direction": "Forward", "Index Name": "info_type_id_movie_info_idx", "Relation Name": "movie_info_idx", "Alias": "mi_idx", "Startup Cost": 0.0, "Total Cost": 35736.43, "Plan Rows": 12936, "Plan Width": 13, "Index Cond": "(info_type_id = it2.id)", "Filter": "((info)::text > '8.0'::text)"}]}, {"Node Type": "Index Scan", "Parent Relationship": "Inner", "Scan Direction": "Forward", "Index Name": "title_pkey", "Relation Name": "title", "Alias": "t", "Startup Cost": 0.0, "Total Cost": 3.28, "Plan Rows": 1, "Plan Width": 21, "Index Cond": "(id = mi_idx.movie_id)", "Filter": "((production_year >= 2008) AND (production_year <= 2014))"}]}, {"Node Type": "Index Scan", "Parent Relationship": "Inner", "Scan Direction": "Forward", "Index Name": "movie_id_movie_info", "Relation Name": "movie_info", "Alias": "mi", "Startup Cost": 0.0, "Total Cost": 1.41, "Plan Rows": 1, "Plan Width": 50, "Index Cond": "(movie_id = t.id)", "Filter": "((note IS NULL) AND ((info)::text = ANY ('{Horror,Thriller}'::text[])))"}]}]}]}, {"Node Type": "Index Scan", "Parent Relationship": "Inner", "Scan Direction": "Forward", "Index Name": "movie_id_cast_info", "Relation Name": "cast_info", "Alias": "ci", "Startup Cost": 0.0, "Total Cost": 2.34, "Plan Rows": 1, "Plan Width": 8, "Index Cond": "(movie_id = t.id)", "Filter": "((note)::text = ANY ('{(writer),\"(head writer)\",\"(written by)\",(story),\"(story editor)\"}'::text[]))"}]}, {"Node Type": "Index Scan", "Parent Relationship": "Inner", "Scan Direction": "Forward", "Index Name": "name_pkey", "Relation Name": "name", "Alias": "n", "Startup Cost": 0.0, "Total Cost": 0.49, "Plan Rows": 1, "Plan Width": 4, "Index Cond": "(id = ci.person_id)", "Filter": "((gender IS NOT NULL) AND ((gender)::text = 'f'::text))"}]}]}, "Unique SQL Id": 661781350, "Planner Runtime": 13}, "explain_analyze_plan": {"Plan": {"Node Type": "Aggregate", "Strategy": "Plain", "Startup Cost": 101743.32, "Total Cost": 101743.33, "Plan Rows": 1, "Plan Width": 160, "Actual Startup Time": 581.265, "Actual Total Time": 581.265, "Actual Rows": 1, "Actual Loops": 1, "Plans": [{"Node Type": "Nested Loop", "Parent Relationship": "Outer", "Join Type": "Inner", "Startup Cost": 100814.47, "Total Cost": 101741.68, "Plan Rows": 219, "Plan Width": 64, "Actual Startup Time": 556.029, "Actual Total Time": 581.214, "Actual Rows": 11, "Actual Loops": 1, "Inner Unique": true, "Plans": [{"Node Type": "Nested Loop", "Parent Relationship": "Outer", "Join Type": "Inner", "Startup Cost": 100814.47, "Total Cost": 101580.69, "Plan Rows": 321, "Plan Width": 68, "Actual Startup Time": 553.956, "Actual Total Time": 579.312, "Actual Rows": 268, "Actual Loops": 1, "Inner Unique": false, "Plans": [{"Node Type": "Merge Join", "Parent Relationship": "Outer", "Join Type": "Inner", "Startup Cost": 100814.47, "Total Cost": 100895.67, "Plan Rows": 291, "Plan Width": 76, "Actual Startup Time": 553.768, "Actual Total Time": 554.056, "Actual Rows": 358, "Actual Loops": 1, "Inner Unique": false, "Merge Cond": "(it1.id = mi.info_type_id)", "Plans": [{"Node Type": "Index Scan", "Parent Relationship": "Outer", "Scan Direction": "Forward", "Index Name": "info_type_pkey", "Relation Name": "info_type", "Alias": "it1", "Startup Cost": 0.0, "Total Cost": 14.21, "Plan Rows": 1, "Plan Width": 4, "Actual Startup Time": 0.025, "Actual Total Time": 0.076, "Actual Rows": 1, "Actual Loops": 1, "Filter": "((info)::text = 'genres'::text)", "Rows Removed by Filter": 111}, {"Node Type": "Sort", "Parent Relationship": "Inner", "Startup Cost": 100810.73, "Total Cost": 100845.11, "Plan Rows": 13753, "Plan Width": 80, "Actual Startup Time": 553.733, "Actual Total Time": 553.796, "Actual Rows": 358, "Actual Loops": 1, "Sort Key": ["mi.info_type_id"], "Sort Method": "quicksort", "Sort Space Used": 75, "Sort Space Type": "Memory", "Plans": [{"Node Type": "Nested Loop", "Parent Relationship": "Outer", "Join Type": "Inner", "Startup Cost": 0.0, "Total Cost": 99865.39, "Plan Rows": 13753, "Plan Width": 80, "Actual Startup Time": 9.384, "Actual Total Time": 553.34, "Actual Rows": 358, "Actual Loops": 1, "Inner Unique": false, "Plans": [{"Node Type": "Nested Loop", "Parent Relationship": "Outer", "Join Type": "Inner", "Startup Cost": 0.0, "Total Cost": 78493.26, "Plan Rows": 15041, "Plan Width": 30, "Actual Startup Time": 1.74, "Actual Total Time": 411.204, "Actual Rows": 6152, "Actual Loops": 1, "Inner Unique": true, "Plans": [{"Node Type": "Nested Loop", "Parent Relationship": "Outer", "Join Type": "Inner", "Startup Cost": 0.0, "Total Cost": 35880.0, "Plan Rows": 12936, "Plan Width": 9, "Actual Startup Time": 0.09, "Actual Total Time": 331.454, "Actual Rows": 15849, "Actual Loops": 1, "Inner Unique": false, "Plans": [{"Node Type": "Index Scan", "Parent Relationship": "Outer", "Scan Direction": "Forward", "Index Name": "info_type_pkey", "Relation Name": "info_type", "Alias": "it2", "Startup Cost": 0.0, "Total Cost": 14.21, "Plan Rows": 1, "Plan Width": 4, "Actual Startup Time": 0.049, "Actual Total Time": 0.057, "Actual Rows": 1, "Actual Loops": 1, "Filter": "((info)::text = 'rating'::text)", "Rows Removed by Filter": 111}, {"Node Type": "Index Scan", "Parent Relationship": "Inner", "Scan Direction": "Forward", "Index Name": "info_type_id_movie_info_idx", "Relation Name": "movie_info_idx", "Alias": "mi_idx", "Startup Cost": 0.0, "Total Cost": 35736.43, "Plan Rows": 12936, "Plan Width": 13, "Actual Startup Time": 0.038, "Actual Total Time": 327.634, "Actual Rows": 15849, "Actual Loops": 1, "Index Cond": "(info_type_id = it2.id)", "Rows Removed by Index Recheck": 0, "Filter": "((info)::text > '8.0'::text)", "Rows Removed by Filter": 444076}]}, {"Node Type": "Index Scan", "Parent Relationship": "Inner", "Scan Direction": "Forward", "Index Name": "title_pkey", "Relation Name": "title", "Alias": "t", "Startup Cost": 0.0, "Total Cost": 3.28, "Plan Rows": 1, "Plan Width": 21, "Actual Startup Time": 69.66, "Actual Total Time": 69.66, "Actual Rows": 6152, "Actual Loops": 15849, "Index Cond": "(id = mi_idx.movie_id)", "Rows Removed by Index Recheck": 0, "Filter": "((production_year >= 2008) AND (production_year <= 2014))", "Rows Removed by Filter": 9697}]}, {"Node Type": "Index Scan", "Parent Relationship": "Inner", "Scan Direction": "Forward", "Index Name": "movie_id_movie_info", "Relation Name": "movie_info", "Alias": "mi", "Startup Cost": 0.0, "Total Cost": 1.41, "Plan Rows": 1, "Plan Width": 50, "Actual Startup Time": 138.498, "Actual Total Time": 138.814, "Actual Rows": 358, "Actual Loops": 6152, "Index Cond": "(movie_id = t.id)", "Rows Removed by Index Recheck": 0, "Filter": "((note IS NULL) AND ((info)::text = ANY ('{Horror,Thriller}'::text[])))", "Rows Removed by Filter": 109599}]}]}]}, {"Node Type": "Index Scan", "Parent Relationship": "Inner", "Scan Direction": "Forward", "Index Name": "movie_id_cast_info", "Relation Name": "cast_info", "Alias": "ci", "Startup Cost": 0.0, "Total Cost": 2.34, "Plan Rows": 1, "Plan Width": 8, "Actual Startup Time": 19.665, "Actual Total Time": 25.012, "Actual Rows": 268, "Actual Loops": 358, "Index Cond": "(movie_id = t.id)", "Rows Removed by Index Recheck": 0, "Filter": "((note)::text = ANY ('{(writer),\"(head writer)\",\"(written by)\",(story),\"(story editor)\"}'::text[]))", "Rows Removed by Filter": 12296}]}, {"Node Type": "Index Scan", "Parent Relationship": "Inner", "Scan Direction": "Forward", "Index Name": "name_pkey", "Relation Name": "name", "Alias": "n", "Startup Cost": 0.0, "Total Cost": 0.49, "Plan Rows": 1, "Plan Width": 4, "Actual Startup Time": 1.743, "Actual Total Time": 1.743, "Actual Rows": 11, "Actual Loops": 268, "Index Cond": "(id = ci.person_id)", "Rows Removed by Index Recheck": 0, "Filter": "((gender IS NOT NULL) AND ((gender)::text = 'f'::text))", "Rows Removed by Filter": 257}]}]}, "Triggers": [], "Planner Runtime": 13.392, "Total Runtime": 581.721, "Unique SQL Id": 661781350}}, "(16, '94')": {"explain_plan": {"Plan": {"Node Type": "Aggregate", "Strategy": "Plain", "Startup Cost": 3173959497479.46, "Total Cost": 3173959497479.47, "Plan Rows": 1, "Plan Width": 160, "Plans": [{"Node Type": "Merge Join", "Parent Relationship": "Outer", "Join Type": "Inner", "Startup Cost": 2184673389997.92, "Total Cost": 3173959497477.71, "Plan Rows": 233, "Plan Width": 64, "Inner Unique": false, "Merge Cond": "(t.id = mi.movie_id)", "Plans": [{"Node Type": "Index Scan", "Parent Relationship": "Outer", "Scan Direction": "Forward", "Index Name": "title_pkey", "Relation Name": "title", "Alias": "t", "Startup Cost": 10000000000.0, "Total Cost": 1000012276204.41, "Plan Rows": 782553, "Plan Width": 21, "Filter": "((production_year >= 2008) AND (production_year <= 2014)), (LLVM Optimized)"}, {"Node Type": "Sort", "Parent Relationship": "Inner", "Startup Cost": 2174648087883.47, "Total Cost": 2174648087883.97, "Plan Rows": 200, "Plan Width": 59, "Sort Key": ["ci.movie_id"], "Plans": [{"Node Type": "Merge Join", "Parent Relationship": "Outer", "Join Type": "Inner", "Startup Cost": 1210139301116.72, "Total Cost": 2174648087875.83, "Plan Rows": 200, "Plan Width": 59, "Inner Unique": false, "Merge Cond": "(n.id = ci.person_id)", "Plans": [{"Node Type": "Index Scan", "Parent Relationship": "Outer", "Scan Direction": "Forward", "Index Name": "name_pkey", "Relation Name": "name", "Alias": "n", "Startup Cost": 10000000000.0, "Total Cost": 1000018665147.2, "Plan Rows": 624324, "Plan Width": 4, "Filter": "((gender IS NOT NULL) AND ((gender)::text = 'f'::text)), (LLVM Optimized)"}, {"Node Type": "Sort", "Parent Relationship": "Inner", "Startup Cost": 1200139301116.72, "Total Cost": 1200139301117.41, "Plan Rows": 276, "Plan Width": 63, "Sort Key": ["ci.person_id"], "Plans": [{"Node Type": "Merge Join", "Parent Relationship": "Outer", "Join Type": "Inner", "Startup Cost": 210000565461.01, "Total Cost": 1200139301105.53, "Plan Rows": 276, "Plan Width": 63, "Inner Unique": false, "Merge Cond": "(mi_idx.movie_id = mi.movie_id)", "Plans": [{"Node Type": "Merge Join", "Parent Relationship": "Outer", "Join Type": "Inner", "Startup Cost": 110000183371.32, "Total Cost": 1100138918963.84, "Plan Rows": 14313, "Plan Width": 17, "Inner Unique": false, "Merge Cond": "(ci.movie_id = mi_idx.movie_id)", "Plans": [{"Node Type": "Index Scan", "Parent Relationship": "Outer", "Scan Direction": "Forward", "Index Name": "movie_id_cast_info", "Relation Name": "cast_info", "Alias": "ci", "Startup Cost": 10000000000.0, "Total Cost": 1000228594573.05, "Plan Rows": 1223154, "Plan Width": 8, "Filter": "((note)::text = ANY ('{(writer),\"(head writer)\",\"(written by)\",(story),\"(story editor)\"}'::text[]))"}, {"Node Type": "Sort", "Parent Relationship": "Inner", "Startup Cost": 100000183371.32, "Total Cost": 100000183403.66, "Plan Rows": 12936, "Plan Width": 9, "Sort Key": ["mi_idx.movie_id"], "Plans": [{"Node Type": "Nested Loop", "Parent Relationship": "Outer", "Join Type": "Inner", "Startup Cost": 10000000000.0, "Total Cost": 100000182487.85, "Plan Rows": 12936, "Plan Width": 9, "Inner Unique": false, "Join Filter": "(it2.id = mi_idx.info_type_id)", "Plans": [{"Node Type": "Seq Scan", "Parent Relationship": "Outer", "Relation Name": "info_type", "Alias": "it2", "Startup Cost": 0.0, "Total Cost": 2.4, "Plan Rows": 1, "Plan Width": 4, "Filter": "((info)::text = 'rating'::text)"}, {"Node Type": "Materialize", "Parent Relationship": "Inner", "Startup Cost": 0.0, "Total Cost": 17728.93, "Plan Rows": 51746, "Plan Width": 13, "Plans": [{"Node Type": "Streaming(type: LOCAL GATHER dop: 1/16)", "Parent Relationship": "Outer", "Startup Cost": 0.0, "Total Cost": 17599.56, "Plan Rows": 51746, "Plan Width": 13, "Plans": [{"Node Type": "Seq Scan", "Parent Relationship": "Outer", "Relation Name": "movie_info_idx", "Alias": "mi_idx", "Startup Cost": 0.0, "Total Cost": 16482.78, "Plan Rows": 51746, "Plan Width": 13, "Filter": "((info)::text > '8.0'::text)"}]}]}]}]}]}, {"Node Type": "Sort", "Parent Relationship": "Inner", "Startup Cost": 100000382089.68, "Total Cost": 100000382092.11, "Plan Rows": 971, "Plan Width": 46, "Sort Key": ["mi.movie_id"], "Plans": [{"Node Type": "Nested Loop", "Parent Relationship": "Outer", "Join Type": "Inner", "Startup Cost": 10000000000.0, "Total Cost": 100000382041.51, "Plan Rows": 971, "Plan Width": 46, "Inner Unique": false, "Join Filter": "(it1.id = mi.info_type_id)", "Plans": [{"Node Type": "Seq Scan", "Parent Relationship": "Outer", "Relation Name": "info_type", "Alias": "it1", "Startup Cost": 0.0, "Total Cost": 2.4, "Plan Rows": 1, "Plan Width": 4, "Filter": "((info)::text = 'genres'::text)"}, {"Node Type": "Materialize", "Parent Relationship": "Inner", "Startup Cost": 0.0, "Total Cost": 37522.04, "Plan Rows": 67971, "Plan Width": 50, "Plans": [{"Node Type": "Streaming(type: LOCAL GATHER dop: 1/16)", "Parent Relationship": "Outer", "Startup Cost": 0.0, "Total Cost": 37352.11, "Plan Rows": 67971, "Plan Width": 50, "Plans": [{"Node Type": "Seq Scan", "Parent Relationship": "Outer", "Relation Name": "movie_info", "Alias": "mi", "Startup Cost": 0.0, "Total Cost": 35885.16, "Plan Rows": 67971, "Plan Width": 50, "Filter": "((note IS NULL) AND ((info)::text = ANY ('{Horror,Thriller}'::text[])))"}]}]}]}]}]}]}]}]}]}]}, "Unique SQL Id": 661781350, "Planner Runtime": 77}, "explain_analyze_plan": null}, "(16, '95')": {"explain_plan": {"Plan": {"Node Type": "Aggregate", "Strategy": "Plain", "Startup Cost": 6973104309533.58, "Total Cost": 6973104309533.59, "Plan Rows": 1, "Plan Width": 160, "Plans": [{"Node Type": "Merge Join", "Parent Relationship": "Outer", "Join Type": "Inner", "Startup Cost": 5983104308056.21, "Total Cost": 6973104309531.83, "Plan Rows": 233, "Plan Width": 64, "Inner Unique": true, "Merge Cond": "(mi.info_type_id = it1.id)", "Plans": [{"Node Type": "Sort", "Parent Relationship": "Outer", "Startup Cost": 5973104308053.2, "Total Cost": 5973104308080.83, "Plan Rows": 11053, "Plan Width": 68, "Sort Key": ["mi.info_type_id"], "Plans": [{"Node Type": "Merge Join", "Parent Relationship": "Outer", "Join Type": "Inner", "Startup Cost": 3994649433455.64, "Total Cost": 5973104307310.87, "Plan Rows": 11053, "Plan Width": 68, "Inner Unique": false, "Merge Cond": "(t.id = mi.movie_id)", "Plans": [{"Node Type": "Merge Join", "Parent Relationship": "Outer", "Join Type": "Inner", "Startup Cost": 3984649433455.64, "Total Cost": 4973733124189.28, "Plan Rows": 12089, "Plan Width": 34, "Inner Unique": true, "Merge Cond": "(mi_idx.movie_id = t.id)", "Plans": [{"Node Type": "Sort", "Parent Relationship": "Outer", "Startup Cost": 3974649433455.64, "Total Cost": 3974649433481.64, "Plan Rows": 10397, "Plan Width": 13, "Sort Key": ["ci.movie_id"], "Plans": [{"Node Type": "Merge Join", "Parent Relationship": "Outer", "Join Type": "Inner", "Startup Cost": 3010140645830.7, "Total Cost": 3974649432761.96, "Plan Rows": 10397, "Plan Width": 13, "Inner Unique": true, "Merge Cond": "(ci.person_id = n.id)", "Plans": [{"Node Type": "Sort", "Parent Relationship": "Outer", "Startup Cost": 3000140645830.7, "Total Cost": 3000140645866.48, "Plan Rows": 14313, "Plan Width": 17, "Sort Key": ["ci.person_id"], "Plans": [{"Node Type": "Merge Join", "Parent Relationship": "Outer", "Join Type": "Inner", "Startup Cost": 2010001909250.23, "Total Cost": 3000140644842.74, "Plan Rows": 14313, "Plan Width": 17, "Inner Unique": false, "Merge Cond": "(ci.movie_id = mi_idx.movie_id)", "Plans": [{"Node Type": "Index Scan", "Parent Relationship": "Outer", "Scan Direction": "Forward", "Index Name": "movie_id_cast_info", "Relation Name": "cast_info", "Alias": "ci", "Startup Cost": 10000000000.0, "Total Cost": 1000228594573.05, "Plan Rows": 1223154, "Plan Width": 8, "Filter": "((note)::text = ANY ('{(writer),\"(head writer)\",\"(written by)\",(story),\"(story editor)\"}'::text[]))"}, {"Node Type": "Sort", "Parent Relationship": "Inner", "Startup Cost": 2000001909250.23, "Total Cost": 2000001909282.57, "Plan Rows": 12936, "Plan Width": 9, "Sort Key": ["mi_idx.movie_id"], "Plans": [{"Node Type": "Nested Loop", "Parent Relationship": "Outer", "Join Type": "Inner", "Startup Cost": 20000007419.04, "Total Cost": 2000001908366.76, "Plan Rows": 12936, "Plan Width": 9, "Inner Unique": false, "Plans": [{"Node Type": "Index Scan", "Parent Relationship": "Outer", "Scan Direction": "Forward", "Index Name": "info_type_pkey", "Relation Name": "info_type", "Alias": "it2", "Startup Cost": 10000000000.0, "Total Cost": 1000000001421.0, "Plan Rows": 1, "Plan Width": 4, "Filter": "((info)::text = 'rating'::text)"}, {"Node Type": "Bitmap Heap Scan", "Parent Relationship": "Inner", "Relation Name": "movie_info_idx", "Alias": "mi_idx", "Startup Cost": 10000007419.04, "Total Cost": 1000001906816.4, "Plan Rows": 12936, "Plan Width": 13, "Recheck Cond": "(info_type_id = it2.id)", "Filter": "((info)::text > '8.0'::text)", "Plans": [{"Node Type": "Bitmap Index Scan", "Parent Relationship": "Outer", "Index Name": "info_type_id_movie_info_idx", "Startup Cost": 0.0, "Total Cost": 7415.81, "Plan Rows": 345008, "Plan Width": 0, "Index Cond": "(info_type_id = it2.id)"}]}]}]}]}]}, {"Node Type": "Index Scan", "Parent Relationship": "Inner", "Scan Direction": "Forward", "Index Name": "name_pkey", "Relation Name": "name", "Alias": "n", "Startup Cost": 10000000000.0, "Total Cost": 1000018665147.2, "Plan Rows": 624324, "Plan Width": 4, "Filter": "((gender IS NOT NULL) AND ((gender)::text = 'f'::text)), (LLVM Optimized)"}]}]}, {"Node Type": "Index Scan", "Parent Relationship": "Inner", "Scan Direction": "Forward", "Index Name": "title_pkey", "Relation Name": "title", "Alias": "t", "Startup Cost": 10000000000.0, "Total Cost": 1000012276204.41, "Plan Rows": 782553, "Plan Width": 21, "Filter": "((production_year >= 2008) AND (production_year <= 2014)), (LLVM Optimized)"}]}, {"Node Type": "Index Scan", "Parent Relationship": "Inner", "Scan Direction": "Forward", "Index Name": "movie_id_movie_info", "Relation Name": "movie_info", "Alias": "mi", "Startup Cost": 10000000000.0, "Total Cost": 1000107534403.72, "Plan Rows": 67971, "Plan Width": 50, "Filter": "((note IS NULL) AND ((info)::text = ANY ('{Horror,Thriller}'::text[])))"}]}]}, {"Node Type": "Materialize", "Parent Relationship": "Inner", "Startup Cost": 10000000000.0, "Total Cost": 1000000001421.0, "Plan Rows": 1, "Plan Width": 4, "Plans": [{"Node Type": "Index Scan", "Parent Relationship": "Outer", "Scan Direction": "Forward", "Index Name": "info_type_pkey", "Relation Name": "info_type", "Alias": "it1", "Startup Cost": 10000000000.0, "Total Cost": 1000000001421.0, "Plan Rows": 1, "Plan Width": 4, "Filter": "((info)::text = 'genres'::text)"}]}]}]}, "Unique SQL Id": 661781350, "Planner Runtime": 98}, "explain_analyze_plan": null}, "(16, '96')": {"explain_plan": {"Plan": {"Node Type": "Aggregate", "Strategy": "Plain", "Startup Cost": 40404.31, "Total Cost": 40404.32, "Plan Rows": 1, "Plan Width": 160, "Plans": [{"Node Type": "Nested Loop", "Parent Relationship": "Outer", "Join Type": "Inner", "Startup Cost": 2.41, "Total Cost": 40402.67, "Plan Rows": 219, "Plan Width": 64, "Inner Unique": true, "Plans": [{"Node Type": "Nested Loop", "Parent Relationship": "Outer", "Join Type": "Inner", "Startup Cost": 2.41, "Total Cost": 40241.67, "Plan Rows": 321, "Plan Width": 68, "Inner Unique": false, "Plans": [{"Node Type": "Nested Loop", "Parent Relationship": "Outer", "Join Type": "Inner", "Startup Cost": 2.41, "Total Cost": 39556.65, "Plan Rows": 291, "Plan Width": 76, "Inner Unique": true, "Plans": [{"Node Type": "Nested Loop", "Parent Relationship": "Outer", "Join Type": "Inner", "Startup Cost": 2.41, "Total Cost": 38843.44, "Plan Rows": 250, "Plan Width": 55, "Inner Unique": true, "Plans": [{"Node Type": "Nested Loop", "Parent Relationship": "Outer", "Join Type": "Inner", "Startup Cost": 2.41, "Total Cost": 38560.99, "Plan Rows": 999, "Plan Width": 59, "Inner Unique": false, "Plans": [{"Node Type": "Hash Join", "Parent Relationship": "Outer", "Join Type": "Inner", "Startup Cost": 2.41, "Total Cost": 37619.13, "Plan Rows": 971, "Plan Width": 46, "Inner Unique": true, "Hash Cond": "(mi.info_type_id = it1.id)", "Plans": [{"Node Type": "Streaming(type: LOCAL GATHER dop: 1/16)", "Parent Relationship": "Outer", "Startup Cost": 0.0, "Total Cost": 37352.11, "Plan Rows": 67971, "Plan Width": 50, "Plans": [{"Node Type": "Seq Scan", "Parent Relationship": "Outer", "Relation Name": "movie_info", "Alias": "mi", "Startup Cost": 0.0, "Total Cost": 35885.16, "Plan Rows": 67971, "Plan Width": 50, "Filter": "((note IS NULL) AND ((info)::text = ANY ('{Horror,Thriller}'::text[])))"}]}, {"Node Type": "Hash", "Parent Relationship": "Inner", "Startup Cost": 2.4, "Total Cost": 2.4, "Plan Rows": 1, "Plan Width": 4, "Plans": [{"Node Type": "Seq Scan", "Parent Relationship": "Outer", "Relation Name": "info_type", "Alias": "it1", "Startup Cost": 0.0, "Total Cost": 2.4, "Plan Rows": 1, "Plan Width": 4, "Filter": "((info)::text = 'genres'::text)"}]}]}, {"Node Type": "Index Scan", "Parent Relationship": "Inner", "Scan Direction": "Forward", "Index Name": "movie_id_movie_info_idx", "Relation Name": "movie_info_idx", "Alias": "mi_idx", "Startup Cost": 0.0, "Total Cost": 0.96, "Plan Rows": 1, "Plan Width": 13, "Index Cond": "(movie_id = mi.movie_id)", "Filter": "((info)::text > '8.0'::text)"}]}, {"Node Type": "Index Scan", "Parent Relationship": "Inner", "Scan Direction": "Forward", "Index Name": "info_type_pkey", "Relation Name": "info_type", "Alias": "it2", "Startup Cost": 0.0, "Total Cost": 0.27, "Plan Rows": 1, "Plan Width": 4, "Index Cond": "(id = mi_idx.info_type_id)", "Filter": "((info)::text = 'rating'::text)"}]}, {"Node Type": "Index Scan", "Parent Relationship": "Inner", "Scan Direction": "Forward", "Index Name": "title_pkey", "Relation Name": "title", "Alias": "t", "Startup Cost": 0.0, "Total Cost": 2.84, "Plan Rows": 1, "Plan Width": 21, "Index Cond": "(id = mi.movie_id)", "Filter": "((production_year >= 2008) AND (production_year <= 2014))"}]}, {"Node Type": "Index Scan", "Parent Relationship": "Inner", "Scan Direction": "Forward", "Index Name": "movie_id_cast_info", "Relation Name": "cast_info", "Alias": "ci", "Startup Cost": 0.0, "Total Cost": 2.34, "Plan Rows": 1, "Plan Width": 8, "Index Cond": "(movie_id = t.id)", "Filter": "((note)::text = ANY ('{(writer),\"(head writer)\",\"(written by)\",(story),\"(story editor)\"}'::text[]))"}]}, {"Node Type": "Index Scan", "Parent Relationship": "Inner", "Scan Direction": "Forward", "Index Name": "name_pkey", "Relation Name": "name", "Alias": "n", "Startup Cost": 0.0, "Total Cost": 0.49, "Plan Rows": 1, "Plan Width": 4, "Index Cond": "(id = ci.person_id)", "Filter": "((gender IS NOT NULL) AND ((gender)::text = 'f'::text))"}]}]}, "Unique SQL Id": 661781350, "Planner Runtime": 49}, "explain_analyze_plan": {"Plan": {"Node Type": "Aggregate", "Strategy": "Plain", "Startup Cost": 40404.31, "Total Cost": 40404.32, "Plan Rows": 1, "Plan Width": 160, "Actual Min Startup Time": 760.866, "Actual Max Startup Time": 760.866, "Actual Min Total Time": 760.866, "Actual Max Total Time": 760.866, "Plans": [{"Node Type": "Nested Loop", "Parent Relationship": "Outer", "Join Type": "Inner", "Startup Cost": 2.41, "Total Cost": 40402.67, "Plan Rows": 219, "Plan Width": 64, "Actual Min Startup Time": 365.571, "Actual Max Startup Time": 365.571, "Actual Min Total Time": 760.797, "Actual Max Total Time": 760.797, "Inner Unique": true, "Plans": [{"Node Type": "Nested Loop", "Parent Relationship": "Outer", "Join Type": "Inner", "Startup Cost": 2.41, "Total Cost": 40241.67, "Plan Rows": 321, "Plan Width": 68, "Actual Min Startup Time": 357.854, "Actual Max Startup Time": 357.854, "Actual Min Total Time": 758.632, "Actual Max Total Time": 758.632, "Inner Unique": false, "Plans": [{"Node Type": "Nested Loop", "Parent Relationship": "Outer", "Join Type": "Inner", "Startup Cost": 2.41, "Total Cost": 39556.65, "Plan Rows": 291, "Plan Width": 76, "Actual Min Startup Time": 356.081, "Actual Max Startup Time": 356.081, "Actual Min Total Time": 733.665, "Actual Max Total Time": 733.665, "Inner Unique": true, "Plans": [{"Node Type": "Nested Loop", "Parent Relationship": "Outer", "Join Type": "Inner", "Startup Cost": 2.41, "Total Cost": 38843.44, "Plan Rows": 250, "Plan Width": 55, "Actual Min Startup Time": 356.061, "Actual Max Startup Time": 356.061, "Actual Min Total Time": 728.846, "Actual Max Total Time": 728.846, "Inner Unique": true, "Plans": [{"Node Type": "Nested Loop", "Parent Relationship": "Outer", "Join Type": "Inner", "Startup Cost": 2.41, "Total Cost": 38560.99, "Plan Rows": 999, "Plan Width": 59, "Actual Min Startup Time": 355.951, "Actual Max Startup Time": 355.951, "Actual Min Total Time": 718.253, "Actual Max Total Time": 718.253, "Inner Unique": false, "Plans": [{"Node Type": "Hash Join", "Parent Relationship": "Outer", "Join Type": "Inner", "Startup Cost": 2.41, "Total Cost": 37619.13, "Plan Rows": 971, "Plan Width": 46, "Actual Min Startup Time": 355.852, "Actual Max Startup Time": 355.852, "Actual Min Total Time": 422.638, "Actual Max Total Time": 422.638, "Inner Unique": true, "Hash Cond": "(mi.info_type_id = it1.id)", "Plans": [{"Node Type": "Streaming(type: LOCAL GATHER dop: 1/16)", "Parent Relationship": "Outer", "Startup Cost": 0.0, "Total Cost": 37352.11, "Plan Rows": 67971, "Plan Width": 50, "Actual Min Startup Time": 270.363, "Actual Max Startup Time": 270.363, "Actual Min Total Time": 385.946, "Actual Max Total Time": 385.946, "Plans": [{"Node Type": "Seq Scan", "Parent Relationship": "Outer", "Relation Name": "movie_info", "Alias": "mi", "Startup Cost": 0.0, "Total Cost": 35885.16, "Plan Rows": 67971, "Plan Width": 50, "Actual Min Startup Time": 236.482, "Actual Max Startup Time": 342.262, "Actual Min Total Time": 383.658, "Actual Max Total Time": 397.806, "Filter": "((note IS NULL) AND ((info)::text = ANY ('{Horror,Thriller}'::text[])))", "Rows Removed by Filter": 14762672, "Actual Rows": 73047}], "Actual Rows": 73047}, {"Node Type": "Hash", "Parent Relationship": "Inner", "Startup Cost": 2.4, "Total Cost": 2.4, "Plan Rows": 1, "Plan Width": 4, "Actual Min Startup Time": 0.132, "Actual Max Startup Time": 0.132, "Actual Min Total Time": 0.132, "Actual Max Total Time": 0.132, "Max Hash Buckets": 32768, "Min Hash Buckets": 32768, "Max Hash Batches": 1, "Min Hash Batches": 1, "Max Original Hash Batches": 1, "Min Original Hash Batches": 1, "Max Peak Memory Usage": 1, "min Peak Memory Usage": 1, "Plans": [{"Node Type": "Seq Scan", "Parent Relationship": "Outer", "Relation Name": "info_type", "Alias": "it1", "Startup Cost": 0.0, "Total Cost": 2.4, "Plan Rows": 1, "Plan Width": 4, "Actual Min Startup Time": 0.088, "Actual Max Startup Time": 0.088, "Actual Min Total Time": 0.112, "Actual Max Total Time": 0.112, "Filter": "((info)::text = 'genres'::text)", "Rows Removed by Filter": 111, "Actual Rows": 1}], "Actual Rows": 1}], "Actual Rows": 72258}, {"Node Type": "Index Scan", "Parent Relationship": "Inner", "Scan Direction": "Forward", "Index Name": "movie_id_movie_info_idx", "Relation Name": "movie_info_idx", "Alias": "mi_idx", "Startup Cost": 0.0, "Total Cost": 0.96, "Plan Rows": 1, "Plan Width": 13, "Actual Min Startup Time": 256.604, "Actual Max Startup Time": 256.604, "Actual Min Total Time": 260.05, "Actual Max Total Time": 260.05, "Index Cond": "(movie_id = mi.movie_id)", "Rows Removed by Index Recheck": 0, "Filter": "((info)::text > '8.0'::text)", "Rows Removed by Filter": 113143, "Actual Rows": 4135}], "Actual Rows": 4135}, {"Node Type": "Index Scan", "Parent Relationship": "Inner", "Scan Direction": "Forward", "Index Name": "info_type_pkey", "Relation Name": "info_type", "Alias": "it2", "Startup Cost": 0.0, "Total Cost": 0.27, "Plan Rows": 1, "Plan Width": 4, "Actual Min Startup Time": 8.23, "Actual Max Startup Time": 8.23, "Actual Min Total Time": 8.23, "Actual Max Total Time": 8.23, "Index Cond": "(id = mi_idx.info_type_id)", "Rows Removed by Index Recheck": 0, "Filter": "((info)::text = 'rating'::text)", "Rows Removed by Filter": 3403, "Actual Rows": 732}], "Actual Rows": 732}, {"Node Type": "Index Scan", "Parent Relationship": "Inner", "Scan Direction": "Forward", "Index Name": "title_pkey", "Relation Name": "title", "Alias": "t", "Startup Cost": 0.0, "Total Cost": 2.84, "Plan Rows": 1, "Plan Width": 21, "Actual Min Startup Time": 4.163, "Actual Max Startup Time": 4.163, "Actual Min Total Time": 4.163, "Actual Max Total Time": 4.163, "Index Cond": "(id = mi.movie_id)", "Rows Removed by Index Recheck": 0, "Filter": "((production_year >= 2008) AND (production_year <= 2014))", "Rows Removed by Filter": 374, "Actual Rows": 358}], "Actual Rows": 358}, {"Node Type": "Index Scan", "Parent Relationship": "Inner", "Scan Direction": "Forward", "Index Name": "movie_id_cast_info", "Relation Name": "cast_info", "Alias": "ci", "Startup Cost": 0.0, "Total Cost": 2.34, "Plan Rows": 1, "Plan Width": 8, "Actual Min Startup Time": 19.408, "Actual Max Startup Time": 19.408, "Actual Min Total Time": 24.639, "Actual Max Total Time": 24.639, "Index Cond": "(movie_id = t.id)", "Rows Removed by Index Recheck": 0, "Filter": "((note)::text = ANY ('{(writer),\"(head writer)\",\"(written by)\",(story),\"(story editor)\"}'::text[]))", "Rows Removed by Filter": 12296, "Actual Rows": 268}], "Actual Rows": 268}, {"Node Type": "Index Scan", "Parent Relationship": "Inner", "Scan Direction": "Forward", "Index Name": "name_pkey", "Relation Name": "name", "Alias": "n", "Startup Cost": 0.0, "Total Cost": 0.49, "Plan Rows": 1, "Plan Width": 4, "Actual Min Startup Time": 1.937, "Actual Max Startup Time": 1.937, "Actual Min Total Time": 1.937, "Actual Max Total Time": 1.937, "Index Cond": "(id = ci.person_id)", "Rows Removed by Index Recheck": 0, "Filter": "((gender IS NOT NULL) AND ((gender)::text = 'f'::text))", "Rows Removed by Filter": 257, "Actual Rows": 11}], "Actual Rows": 11}], "Actual Rows": 1}, "Triggers": [], "Planner Runtime": 56.447, "Total Runtime": 763.624, "Unique SQL Id": 661781350}}, "(16, '97')": {"explain_plan": {"Plan": {"Node Type": "Aggregate", "Strategy": "Plain", "Startup Cost": 84095.43, "Total Cost": 84095.44, "Plan Rows": 1, "Plan Width": 160, "Plans": [{"Node Type": "Nested Loop", "Parent Relationship": "Outer", "Join Type": "Inner", "Startup Cost": 7433.27, "Total Cost": 84093.79, "Plan Rows": 219, "Plan Width": 64, "Inner Unique": true, "Plans": [{"Node Type": "Nested Loop", "Parent Relationship": "Outer", "Join Type": "Inner", "Startup Cost": 7433.27, "Total Cost": 83932.79, "Plan Rows": 321, "Plan Width": 68, "Inner Unique": false, "Plans": [{"Node Type": "Hash Join", "Parent Relationship": "Outer", "Join Type": "Inner", "Startup Cost": 7433.27, "Total Cost": 83247.77, "Plan Rows": 291, "Plan Width": 76, "Inner Unique": true, "Hash Cond": "(mi.info_type_id = it1.id)", "Plans": [{"Node Type": "Nested Loop", "Parent Relationship": "Outer", "Join Type": "Inner", "Startup Cost": 7419.04, "Total Cost": 83197.12, "Plan Rows": 13753, "Plan Width": 80, "Inner Unique": false, "Plans": [{"Node Type": "Nested Loop", "Parent Relationship": "Outer", "Join Type": "Inner", "Startup Cost": 7419.04, "Total Cost": 61824.99, "Plan Rows": 15041, "Plan Width": 30, "Inner Unique": true, "Plans": [{"Node Type": "Nested Loop", "Parent Relationship": "Outer", "Join Type": "Inner", "Startup Cost": 7419.04, "Total Cost": 19211.73, "Plan Rows": 12936, "Plan Width": 9, "Inner Unique": false, "Plans": [{"Node Type": "Index Scan", "Parent Relationship": "Outer", "Scan Direction": "Forward", "Index Name": "info_type_pkey", "Relation Name": "info_type", "Alias": "it2", "Startup Cost": 0.0, "Total Cost": 14.21, "Plan Rows": 1, "Plan Width": 4, "Filter": "((info)::text = 'rating'::text)"}, {"Node Type": "Bitmap Heap Scan", "Parent Relationship": "Inner", "Relation Name": "movie_info_idx", "Alias": "mi_idx", "Startup Cost": 7419.04, "Total Cost": 19068.16, "Plan Rows": 12936, "Plan Width": 13, "Recheck Cond": "(info_type_id = it2.id)", "Filter": "((info)::text > '8.0'::text)", "Plans": [{"Node Type": "Bitmap Index Scan", "Parent Relationship": "Outer", "Index Name": "info_type_id_movie_info_idx", "Startup Cost": 0.0, "Total Cost": 7415.81, "Plan Rows": 345008, "Plan Width": 0, "Index Cond": "(info_type_id = it2.id)"}]}]}, {"Node Type": "Index Scan", "Parent Relationship": "Inner", "Scan Direction": "Forward", "Index Name": "title_pkey", "Relation Name": "title", "Alias": "t", "Startup Cost": 0.0, "Total Cost": 3.28, "Plan Rows": 1, "Plan Width": 21, "Index Cond": "(id = mi_idx.movie_id)", "Filter": "((production_year >= 2008) AND (production_year <= 2014))"}]}, {"Node Type": "Index Scan", "Parent Relationship": "Inner", "Scan Direction": "Forward", "Index Name": "movie_id_movie_info", "Relation Name": "movie_info", "Alias": "mi", "Startup Cost": 0.0, "Total Cost": 1.41, "Plan Rows": 1, "Plan Width": 50, "Index Cond": "(movie_id = t.id)", "Filter": "((note IS NULL) AND ((info)::text = ANY ('{Horror,Thriller}'::text[])))"}]}, {"Node Type": "Hash", "Parent Relationship": "Inner", "Startup Cost": 14.21, "Total Cost": 14.21, "Plan Rows": 1, "Plan Width": 4, "Plans": [{"Node Type": "Index Scan", "Parent Relationship": "Outer", "Scan Direction": "Forward", "Index Name": "info_type_pkey", "Relation Name": "info_type", "Alias": "it1", "Startup Cost": 0.0, "Total Cost": 14.21, "Plan Rows": 1, "Plan Width": 4, "Filter": "((info)::text = 'genres'::text)"}]}]}, {"Node Type": "Index Scan", "Parent Relationship": "Inner", "Scan Direction": "Forward", "Index Name": "movie_id_cast_info", "Relation Name": "cast_info", "Alias": "ci", "Startup Cost": 0.0, "Total Cost": 2.34, "Plan Rows": 1, "Plan Width": 8, "Index Cond": "(movie_id = t.id)", "Filter": "((note)::text = ANY ('{(writer),\"(head writer)\",\"(written by)\",(story),\"(story editor)\"}'::text[]))"}]}, {"Node Type": "Index Scan", "Parent Relationship": "Inner", "Scan Direction": "Forward", "Index Name": "name_pkey", "Relation Name": "name", "Alias": "n", "Startup Cost": 0.0, "Total Cost": 0.49, "Plan Rows": 1, "Plan Width": 4, "Index Cond": "(id = ci.person_id)", "Filter": "((gender IS NOT NULL) AND ((gender)::text = 'f'::text))"}]}]}, "Unique SQL Id": 661781350, "Planner Runtime": 15}, "explain_analyze_plan": {"Plan": {"Node Type": "Aggregate", "Strategy": "Plain", "Startup Cost": 84095.43, "Total Cost": 84095.44, "Plan Rows": 1, "Plan Width": 160, "Actual Startup Time": 648.238, "Actual Total Time": 648.238, "Actual Rows": 1, "Actual Loops": 1, "Plans": [{"Node Type": "Nested Loop", "Parent Relationship": "Outer", "Join Type": "Inner", "Startup Cost": 7433.27, "Total Cost": 84093.79, "Plan Rows": 219, "Plan Width": 64, "Actual Startup Time": 344.182, "Actual Total Time": 648.181, "Actual Rows": 11, "Actual Loops": 1, "Inner Unique": true, "Plans": [{"Node Type": "Nested Loop", "Parent Relationship": "Outer", "Join Type": "Inner", "Startup Cost": 7433.27, "Total Cost": 83932.79, "Plan Rows": 321, "Plan Width": 68, "Actual Startup Time": 126.412, "Actual Total Time": 645.262, "Actual Rows": 268, "Actual Loops": 1, "Inner Unique": false, "Plans": [{"Node Type": "Hash Join", "Parent Relationship": "Outer", "Join Type": "Inner", "Startup Cost": 7433.27, "Total Cost": 83247.77, "Plan Rows": 291, "Plan Width": 76, "Actual Startup Time": 66.484, "Actual Total Time": 608.644, "Actual Rows": 358, "Actual Loops": 1, "Inner Unique": true, "Hash Cond": "(mi.info_type_id = it1.id)", "Plans": [{"Node Type": "Nested Loop", "Parent Relationship": "Outer", "Join Type": "Inner", "Startup Cost": 7419.04, "Total Cost": 83197.12, "Plan Rows": 13753, "Plan Width": 80, "Actual Startup Time": 66.347, "Actual Total Time": 608.129, "Actual Rows": 358, "Actual Loops": 1, "Inner Unique": false, "Plans": [{"Node Type": "Nested Loop", "Parent Relationship": "Outer", "Join Type": "Inner", "Startup Cost": 7419.04, "Total Cost": 61824.99, "Plan Rows": 15041, "Plan Width": 30, "Actual Startup Time": 59.844, "Actual Total Time": 442.821, "Actual Rows": 6152, "Actual Loops": 1, "Inner Unique": true, "Plans": [{"Node Type": "Nested Loop", "Parent Relationship": "Outer", "Join Type": "Inner", "Startup Cost": 7419.04, "Total Cost": 19211.73, "Plan Rows": 12936, "Plan Width": 9, "Actual Startup Time": 58.395, "Actual Total Time": 350.431, "Actual Rows": 15849, "Actual Loops": 1, "Inner Unique": false, "Plans": [{"Node Type": "Index Scan", "Parent Relationship": "Outer", "Scan Direction": "Forward", "Index Name": "info_type_pkey", "Relation Name": "info_type", "Alias": "it2", "Startup Cost": 0.0, "Total Cost": 14.21, "Plan Rows": 1, "Plan Width": 4, "Actual Startup Time": 0.048, "Actual Total Time": 0.06, "Actual Rows": 1, "Actual Loops": 1, "Filter": "((info)::text = 'rating'::text)", "Rows Removed by Filter": 111}, {"Node Type": "Bitmap Heap Scan", "Parent Relationship": "Inner", "Relation Name": "movie_info_idx", "Alias": "mi_idx", "Startup Cost": 7419.04, "Total Cost": 19068.16, "Plan Rows": 12936, "Plan Width": 13, "Actual Startup Time": 58.34, "Actual Total Time": 346.566, "Actual Rows": 15849, "Actual Loops": 1, "Recheck Cond": "(info_type_id = it2.id)", "Rows Removed by Index Recheck": 0, "Filter": "((info)::text > '8.0'::text)", "Rows Removed by Filter": 444076, "Exact Heap Blocks": 6472, "Lossy Heap Blocks": 6472, "Plans": [{"Node Type": "Bitmap Index Scan", "Parent Relationship": "Outer", "Index Name": "info_type_id_movie_info_idx", "Startup Cost": 0.0, "Total Cost": 7415.81, "Plan Rows": 345008, "Plan Width": 0, "Actual Startup Time": 57.089, "Actual Total Time": 57.089, "Actual Rows": 459925, "Actual Loops": 1, "Index Cond": "(info_type_id = it2.id)"}]}]}, {"Node Type": "Index Scan", "Parent Relationship": "Inner", "Scan Direction": "Forward", "Index Name": "title_pkey", "Relation Name": "title", "Alias": "t", "Startup Cost": 0.0, "Total Cost": 3.28, "Plan Rows": 1, "Plan Width": 21, "Actual Startup Time": 82.239, "Actual Total Time": 82.239, "Actual Rows": 6152, "Actual Loops": 15849, "Index Cond": "(id = mi_idx.movie_id)", "Rows Removed by Index Recheck": 0, "Filter": "((production_year >= 2008) AND (production_year <= 2014))", "Rows Removed by Filter": 9697}]}, {"Node Type": "Index Scan", "Parent Relationship": "Inner", "Scan Direction": "Forward", "Index Name": "movie_id_movie_info", "Relation Name": "movie_info", "Alias": "mi", "Startup Cost": 0.0, "Total Cost": 1.41, "Plan Rows": 1, "Plan Width": 50, "Actual Startup Time": 161.568, "Actual Total Time": 161.874, "Actual Rows": 358, "Actual Loops": 6152, "Index Cond": "(movie_id = t.id)", "Rows Removed by Index Recheck": 0, "Filter": "((note IS NULL) AND ((info)::text = ANY ('{Horror,Thriller}'::text[])))", "Rows Removed by Filter": 109599}]}, {"Node Type": "Hash", "Parent Relationship": "Inner", "Startup Cost": 14.21, "Total Cost": 14.21, "Plan Rows": 1, "Plan Width": 4, "Actual Startup Time": 0.084, "Actual Total Time": 0.084, "Actual Rows": 1, "Actual Loops": 1, "Hash Buckets": 32768, "Hash Batches": 1, "Original Hash Batches": 1, "Peak Memory Usage": 1, "Plans": [{"Node Type": "Index Scan", "Parent Relationship": "Outer", "Scan Direction": "Forward", "Index Name": "info_type_pkey", "Relation Name": "info_type", "Alias": "it1", "Startup Cost": 0.0, "Total Cost": 14.21, "Plan Rows": 1, "Plan Width": 4, "Actual Startup Time": 0.028, "Actual Total Time": 0.076, "Actual Rows": 1, "Actual Loops": 1, "Filter": "((info)::text = 'genres'::text)", "Rows Removed by Filter": 111}]}]}, {"Node Type": "Index Scan", "Parent Relationship": "Inner", "Scan Direction": "Forward", "Index Name": "movie_id_cast_info", "Relation Name": "cast_info", "Alias": "ci", "Startup Cost": 0.0, "Total Cost": 2.34, "Plan Rows": 1, "Plan Width": 8, "Actual Startup Time": 28.409, "Actual Total Time": 36.151, "Actual Rows": 268, "Actual Loops": 358, "Index Cond": "(movie_id = t.id)", "Rows Removed by Index Recheck": 0, "Filter": "((note)::text = ANY ('{(writer),\"(head writer)\",\"(written by)\",(story),\"(story editor)\"}'::text[]))", "Rows Removed by Filter": 12296}]}, {"Node Type": "Index Scan", "Parent Relationship": "Inner", "Scan Direction": "Forward", "Index Name": "name_pkey", "Relation Name": "name", "Alias": "n", "Startup Cost": 0.0, "Total Cost": 0.49, "Plan Rows": 1, "Plan Width": 4, "Actual Startup Time": 2.664, "Actual Total Time": 2.664, "Actual Rows": 11, "Actual Loops": 268, "Index Cond": "(id = ci.person_id)", "Rows Removed by Index Recheck": 0, "Filter": "((gender IS NOT NULL) AND ((gender)::text = 'f'::text))", "Rows Removed by Filter": 257}]}]}, "Triggers": [], "Planner Runtime": 23.271, "Total Runtime": 648.592, "Unique SQL Id": 661781350}}, "(16, '98')": {"explain_plan": {"Plan": {"Node Type": "Aggregate", "Strategy": "Plain", "Startup Cost": 46176.09, "Total Cost": 46176.1, "Plan Rows": 1, "Plan Width": 160, "Plans": [{"Node Type": "Nested Loop", "Parent Relationship": "Outer", "Join Type": "Inner", "Startup Cost": 7.49, "Total Cost": 46174.45, "Plan Rows": 219, "Plan Width": 64, "Inner Unique": true, "Plans": [{"Node Type": "Nested Loop", "Parent Relationship": "Outer", "Join Type": "Inner", "Startup Cost": 7.19, "Total Cost": 44783.33, "Plan Rows": 321, "Plan Width": 68, "Inner Unique": false, "Plans": [{"Node Type": "Nested Loop", "Parent Relationship": "Outer", "Join Type": "Inner", "Startup Cost": 6.18, "Total Cost": 43290.15, "Plan Rows": 291, "Plan Width": 76, "Inner Unique": true, "Plans": [{"Node Type": "Hash Join", "Parent Relationship": "Outer", "Join Type": "Inner", "Startup Cost": 5.37, "Total Cost": 42082.71, "Plan Rows": 250, "Plan Width": 55, "Inner Unique": true, "Hash Cond": "(mi_idx.info_type_id = it2.id)", "Plans": [{"Node Type": "Nested Loop", "Parent Relationship": "Outer", "Join Type": "Inner", "Startup Cost": 2.96, "Total Cost": 42075.29, "Plan Rows": 999, "Plan Width": 59, "Inner Unique": false, "Plans": [{"Node Type": "Hash Join", "Parent Relationship": "Outer", "Join Type": "Inner", "Startup Cost": 2.41, "Total Cost": 37619.13, "Plan Rows": 971, "Plan Width": 46, "Inner Unique": true, "Hash Cond": "(mi.info_type_id = it1.id)", "Plans": [{"Node Type": "Streaming(type: LOCAL GATHER dop: 1/16)", "Parent Relationship": "Outer", "Startup Cost": 0.0, "Total Cost": 37352.11, "Plan Rows": 67971, "Plan Width": 50, "Plans": [{"Node Type": "Seq Scan", "Parent Relationship": "Outer", "Relation Name": "movie_info", "Alias": "mi", "Startup Cost": 0.0, "Total Cost": 35885.16, "Plan Rows": 67971, "Plan Width": 50, "Filter": "((note IS NULL) AND ((info)::text = ANY ('{Horror,Thriller}'::text[])))"}]}, {"Node Type": "Hash", "Parent Relationship": "Inner", "Startup Cost": 2.4, "Total Cost": 2.4, "Plan Rows": 1, "Plan Width": 4, "Plans": [{"Node Type": "Seq Scan", "Parent Relationship": "Outer", "Relation Name": "info_type", "Alias": "it1", "Startup Cost": 0.0, "Total Cost": 2.4, "Plan Rows": 1, "Plan Width": 4, "Filter": "((info)::text = 'genres'::text)"}]}]}, {"Node Type": "Bitmap Heap Scan", "Parent Relationship": "Inner", "Relation Name": "movie_info_idx", "Alias": "mi_idx", "Startup Cost": 0.55, "Total Cost": 4.58, "Plan Rows": 1, "Plan Width": 13, "Recheck Cond": "(movie_id = mi.movie_id)", "Filter": "((info)::text > '8.0'::text)", "Plans": [{"Node Type": "Bitmap Index Scan", "Parent Relationship": "Outer", "Index Name": "movie_id_movie_info_idx", "Startup Cost": 0.0, "Total Cost": 0.55, "Plan Rows": 2, "Plan Width": 0, "Index Cond": "(movie_id = mi.movie_id)"}]}]}, {"Node Type": "Hash", "Parent Relationship": "Inner", "Startup Cost": 2.4, "Total Cost": 2.4, "Plan Rows": 1, "Plan Width": 4, "Plans": [{"Node Type": "Seq Scan", "Parent Relationship": "Outer", "Relation Name": "info_type", "Alias": "it2", "Startup Cost": 0.0, "Total Cost": 2.4, "Plan Rows": 1, "Plan Width": 4, "Filter": "((info)::text = 'rating'::text)"}]}]}, {"Node Type": "Bitmap Heap Scan", "Parent Relationship": "Inner", "Relation Name": "title", "Alias": "t", "Startup Cost": 0.8, "Total Cost": 4.82, "Plan Rows": 1, "Plan Width": 21, "Recheck Cond": "(id = mi.movie_id)", "Filter": "((production_year >= 2008) AND (production_year <= 2014))", "Plans": [{"Node Type": "Bitmap Index Scan", "Parent Relationship": "Outer", "Index Name": "title_pkey", "Startup Cost": 0.0, "Total Cost": 0.8, "Plan Rows": 1, "Plan Width": 0, "Index Cond": "(id = mi.movie_id)"}]}]}, {"Node Type": "Bitmap Heap Scan", "Parent Relationship": "Inner", "Relation Name": "cast_info", "Alias": "ci", "Startup Cost": 1.01, "Total Cost": 5.12, "Plan Rows": 1, "Plan Width": 8, "Recheck Cond": "(movie_id = t.id)", "Filter": "((note)::text = ANY ('{(writer),\"(head writer)\",\"(written by)\",(story),\"(story editor)\"}'::text[]))", "Plans": [{"Node Type": "Bitmap Index Scan", "Parent Relationship": "Outer", "Index Name": "movie_id_cast_info", "Startup Cost": 0.0, "Total Cost": 1.01, "Plan Rows": 6, "Plan Width": 0, "Index Cond": "(movie_id = t.id)"}]}]}, {"Node Type": "Bitmap Heap Scan", "Parent Relationship": "Inner", "Relation Name": "name", "Alias": "n", "Startup Cost": 0.31, "Total Cost": 4.32, "Plan Rows": 1, "Plan Width": 4, "Recheck Cond": "(id = ci.person_id)", "Filter": "((gender IS NOT NULL) AND ((gender)::text = 'f'::text))", "Plans": [{"Node Type": "Bitmap Index Scan", "Parent Relationship": "Outer", "Index Name": "name_pkey", "Startup Cost": 0.0, "Total Cost": 0.31, "Plan Rows": 1, "Plan Width": 0, "Index Cond": "(id = ci.person_id)"}]}]}]}, "Unique SQL Id": 661781350, "Planner Runtime": 71}, "explain_analyze_plan": {"Plan": {"Node Type": "Aggregate", "Strategy": "Plain", "Startup Cost": 46176.09, "Total Cost": 46176.1, "Plan Rows": 1, "Plan Width": 160, "Actual Min Startup Time": 860.741, "Actual Max Startup Time": 860.741, "Actual Min Total Time": 860.741, "Actual Max Total Time": 860.741, "Plans": [{"Node Type": "Nested Loop", "Parent Relationship": "Outer", "Join Type": "Inner", "Startup Cost": 7.49, "Total Cost": 46174.45, "Plan Rows": 219, "Plan Width": 64, "Actual Min Startup Time": 362.684, "Actual Max Startup Time": 362.684, "Actual Min Total Time": 860.666, "Actual Max Total Time": 860.666, "Inner Unique": true, "Plans": [{"Node Type": "Nested Loop", "Parent Relationship": "Outer", "Join Type": "Inner", "Startup Cost": 7.19, "Total Cost": 44783.33, "Plan Rows": 321, "Plan Width": 68, "Actual Min Startup Time": 358.358, "Actual Max Startup Time": 358.358, "Actual Min Total Time": 857.794, "Actual Max Total Time": 857.794, "Inner Unique": false, "Plans": [{"Node Type": "Nested Loop", "Parent Relationship": "Outer", "Join Type": "Inner", "Startup Cost": 6.18, "Total Cost": 43290.15, "Plan Rows": 291, "Plan Width": 76, "Actual Min Startup Time": 356.35, "Actual Max Startup Time": 356.35, "Actual Min Total Time": 825.102, "Actual Max Total Time": 825.102, "Inner Unique": true, "Plans": [{"Node Type": "Hash Join", "Parent Relationship": "Outer", "Join Type": "Inner", "Startup Cost": 5.37, "Total Cost": 42082.71, "Plan Rows": 250, "Plan Width": 55, "Actual Min Startup Time": 356.324, "Actual Max Startup Time": 356.324, "Actual Min Total Time": 818.704, "Actual Max Total Time": 818.704, "Inner Unique": true, "Hash Cond": "(mi_idx.info_type_id = it2.id)", "Plans": [{"Node Type": "Nested Loop", "Parent Relationship": "Outer", "Join Type": "Inner", "Startup Cost": 2.96, "Total Cost": 42075.29, "Plan Rows": 999, "Plan Width": 59, "Actual Min Startup Time": 356.052, "Actual Max Startup Time": 356.052, "Actual Min Total Time": 817.29, "Actual Max Total Time": 817.29, "Inner Unique": false, "Plans": [{"Node Type": "Hash Join", "Parent Relationship": "Outer", "Join Type": "Inner", "Startup Cost": 2.41, "Total Cost": 37619.13, "Plan Rows": 971, "Plan Width": 46, "Actual Min Startup Time": 355.927, "Actual Max Startup Time": 355.927, "Actual Min Total Time": 423.314, "Actual Max Total Time": 423.314, "Inner Unique": true, "Hash Cond": "(mi.info_type_id = it1.id)", "Plans": [{"Node Type": "Streaming(type: LOCAL GATHER dop: 1/16)", "Parent Relationship": "Outer", "Startup Cost": 0.0, "Total Cost": 37352.11, "Plan Rows": 67971, "Plan Width": 50, "Actual Min Startup Time": 264.487, "Actual Max Startup Time": 264.487, "Actual Min Total Time": 384.421, "Actual Max Total Time": 384.421, "Plans": [{"Node Type": "Seq Scan", "Parent Relationship": "Outer", "Relation Name": "movie_info", "Alias": "mi", "Startup Cost": 0.0, "Total Cost": 35885.16, "Plan Rows": 67971, "Plan Width": 50, "Actual Min Startup Time": 238.026, "Actual Max Startup Time": 341.873, "Actual Min Total Time": 384.354, "Actual Max Total Time": 396.42, "Filter": "((note IS NULL) AND ((info)::text = ANY ('{Horror,Thriller}'::text[])))", "Rows Removed by Filter": 14762672, "Actual Rows": 73047}], "Actual Rows": 73047}, {"Node Type": "Hash", "Parent Relationship": "Inner", "Startup Cost": 2.4, "Total Cost": 2.4, "Plan Rows": 1, "Plan Width": 4, "Actual Min Startup Time": 0.059, "Actual Max Startup Time": 0.059, "Actual Min Total Time": 0.059, "Actual Max Total Time": 0.059, "Max Hash Buckets": 32768, "Min Hash Buckets": 32768, "Max Hash Batches": 1, "Min Hash Batches": 1, "Max Original Hash Batches": 1, "Min Original Hash Batches": 1, "Max Peak Memory Usage": 1, "min Peak Memory Usage": 1, "Plans": [{"Node Type": "Seq Scan", "Parent Relationship": "Outer", "Relation Name": "info_type", "Alias": "it1", "Startup Cost": 0.0, "Total Cost": 2.4, "Plan Rows": 1, "Plan Width": 4, "Actual Min Startup Time": 0.033, "Actual Max Startup Time": 0.033, "Actual Min Total Time": 0.057, "Actual Max Total Time": 0.057, "Filter": "((info)::text = 'genres'::text)", "Rows Removed by Filter": 111, "Actual Rows": 1}], "Actual Rows": 1}], "Actual Rows": 72258}, {"Node Type": "Bitmap Heap Scan", "Parent Relationship": "Inner", "Relation Name": "movie_info_idx", "Alias": "mi_idx", "Startup Cost": 0.55, "Total Cost": 4.58, "Plan Rows": 1, "Plan Width": 13, "Actual Min Startup Time": 312.169, "Actual Max Startup Time": 312.169, "Actual Min Total Time": 313.91, "Actual Max Total Time": 313.91, "Recheck Cond": "(movie_id = mi.movie_id)", "Rows Removed by Index Recheck": 0, "Filter": "((info)::text > '8.0'::text)", "Rows Removed by Filter": 113143, "Exact Heap Blocks": 39507, "Lossy Heap Blocks": 39507, "Plans": [{"Node Type": "Bitmap Index Scan", "Parent Relationship": "Outer", "Index Name": "movie_id_movie_info_idx", "Startup Cost": 0.0, "Total Cost": 0.55, "Plan Rows": 2, "Plan Width": 0, "Actual Min Startup Time": 181.386, "Actual Max Startup Time": 181.386, "Actual Min Total Time": 181.386, "Actual Max Total Time": 181.386, "Index Cond": "(movie_id = mi.movie_id)", "Actual Rows": 117278}], "Actual Rows": 4135}], "Actual Rows": 4135}, {"Node Type": "Hash", "Parent Relationship": "Inner", "Startup Cost": 2.4, "Total Cost": 2.4, "Plan Rows": 1, "Plan Width": 4, "Actual Min Startup Time": 0.102, "Actual Max Startup Time": 0.102, "Actual Min Total Time": 0.102, "Actual Max Total Time": 0.102, "Max Hash Buckets": 32768, "Min Hash Buckets": 32768, "Max Hash Batches": 1, "Min Hash Batches": 1, "Max Original Hash Batches": 1, "Min Original Hash Batches": 1, "Max Peak Memory Usage": 1, "min Peak Memory Usage": 1, "Plans": [{"Node Type": "Seq Scan", "Parent Relationship": "Outer", "Relation Name": "info_type", "Alias": "it2", "Startup Cost": 0.0, "Total Cost": 2.4, "Plan Rows": 1, "Plan Width": 4, "Actual Min Startup Time": 0.08, "Actual Max Startup Time": 0.08, "Actual Min Total Time": 0.086, "Actual Max Total Time": 0.086, "Filter": "((info)::text = 'rating'::text)", "Rows Removed by Filter": 111, "Actual Rows": 1}], "Actual Rows": 1}], "Actual Rows": 732}, {"Node Type": "Bitmap Heap Scan", "Parent Relationship": "Inner", "Relation Name": "title", "Alias": "t", "Startup Cost": 0.8, "Total Cost": 4.82, "Plan Rows": 1, "Plan Width": 21, "Actual Min Startup Time": 5.268, "Actual Max Startup Time": 5.268, "Actual Min Total Time": 5.268, "Actual Max Total Time": 5.268, "Recheck Cond": "(id = mi.movie_id)", "Rows Removed by Index Recheck": 0, "Filter": "((production_year >= 2008) AND (production_year <= 2014))", "Rows Removed by Filter": 374, "Exact Heap Blocks": 732, "Lossy Heap Blocks": 732, "Plans": [{"Node Type": "Bitmap Index Scan", "Parent Relationship": "Outer", "Index Name": "title_pkey", "Startup Cost": 0.0, "Total Cost": 0.8, "Plan Rows": 1, "Plan Width": 0, "Actual Min Startup Time": 3.079, "Actual Max Startup Time": 3.079, "Actual Min Total Time": 3.079, "Actual Max Total Time": 3.079, "Index Cond": "(id = mi.movie_id)", "Actual Rows": 732}], "Actual Rows": 358}], "Actual Rows": 358}, {"Node Type": "Bitmap Heap Scan", "Parent Relationship": "Inner", "Relation Name": "cast_info", "Alias": "ci", "Startup Cost": 1.01, "Total Cost": 5.12, "Plan Rows": 1, "Plan Width": 8, "Actual Min Startup Time": 25.961, "Actual Max Startup Time": 25.961, "Actual Min Total Time": 31.757, "Actual Max Total Time": 31.757, "Recheck Cond": "(movie_id = t.id)", "Rows Removed by Index Recheck": 0, "Filter": "((note)::text = ANY ('{(writer),\"(head writer)\",\"(written by)\",(story),\"(story editor)\"}'::text[]))", "Rows Removed by Filter": 12296, "Exact Heap Blocks": 11454, "Lossy Heap Blocks": 11454, "Plans": [{"Node Type": "Bitmap Index Scan", "Parent Relationship": "Outer", "Index Name": "movie_id_cast_info", "Startup Cost": 0.0, "Total Cost": 1.01, "Plan Rows": 6, "Plan Width": 0, "Actual Min Startup Time": 4.772, "Actual Max Startup Time": 4.772, "Actual Min Total Time": 4.772, "Actual Max Total Time": 4.772, "Index Cond": "(movie_id = t.id)", "Actual Rows": 12564}], "Actual Rows": 268}], "Actual Rows": 268}, {"Node Type": "Bitmap Heap Scan", "Parent Relationship": "Inner", "Relation Name": "name", "Alias": "n", "Startup Cost": 0.31, "Total Cost": 4.32, "Plan Rows": 1, "Plan Width": 4, "Actual Min Startup Time": 2.334, "Actual Max Startup Time": 2.334, "Actual Min Total Time": 2.334, "Actual Max Total Time": 2.334, "Recheck Cond": "(id = ci.person_id)", "Rows Removed by Index Recheck": 0, "Filter": "((gender IS NOT NULL) AND ((gender)::text = 'f'::text))", "Rows Removed by Filter": 257, "Exact Heap Blocks": 268, "Lossy Heap Blocks": 268, "Plans": [{"Node Type": "Bitmap Index Scan", "Parent Relationship": "Outer", "Index Name": "name_pkey", "Startup Cost": 0.0, "Total Cost": 0.31, "Plan Rows": 1, "Plan Width": 0, "Actual Min Startup Time": 1.436, "Actual Max Startup Time": 1.436, "Actual Min Total Time": 1.436, "Actual Max Total Time": 1.436, "Index Cond": "(id = ci.person_id)", "Actual Rows": 268}], "Actual Rows": 11}], "Actual Rows": 11}], "Actual Rows": 1}, "Triggers": [], "Planner Runtime": 81.439, "Total Runtime": 863.69, "Unique SQL Id": 661781350}}, "(16, '99')": {"explain_plan": {"Plan": {"Node Type": "Aggregate", "Strategy": "Plain", "Startup Cost": 156974.22, "Total Cost": 156974.23, "Plan Rows": 1, "Plan Width": 160, "Plans": [{"Node Type": "Nested Loop", "Parent Relationship": "Outer", "Join Type": "Inner", "Startup Cost": 7444.95, "Total Cost": 156972.58, "Plan Rows": 219, "Plan Width": 64, "Inner Unique": true, "Plans": [{"Node Type": "Nested Loop", "Parent Relationship": "Outer", "Join Type": "Inner", "Startup Cost": 7444.64, "Total Cost": 155581.46, "Plan Rows": 321, "Plan Width": 68, "Inner Unique": false, "Plans": [{"Node Type": "Hash Join", "Parent Relationship": "Outer", "Join Type": "Inner", "Startup Cost": 7443.63, "Total Cost": 154088.28, "Plan Rows": 291, "Plan Width": 76, "Inner Unique": true, "Hash Cond": "(mi.info_type_id = it1.id)", "Plans": [{"Node Type": "Nested Loop", "Parent Relationship": "Outer", "Join Type": "Inner", "Startup Cost": 7429.41, "Total Cost": 154037.63, "Plan Rows": 13753, "Plan Width": 80, "Inner Unique": false, "Plans": [{"Node Type": "Nested Loop", "Parent Relationship": "Outer", "Join Type": "Inner", "Startup Cost": 7428.83, "Total Cost": 83898.37, "Plan Rows": 15041, "Plan Width": 30, "Inner Unique": true, "Plans": [{"Node Type": "Nested Loop", "Parent Relationship": "Outer", "Join Type": "Inner", "Startup Cost": 7427.85, "Total Cost": 19211.73, "Plan Rows": 12936, "Plan Width": 9, "Inner Unique": false, "Plans": [{"Node Type": "Bitmap Heap Scan", "Parent Relationship": "Outer", "Relation Name": "info_type", "Alias": "it2", "Startup Cost": 8.81, "Total Cost": 14.21, "Plan Rows": 1, "Plan Width": 4, "Filter": "((info)::text = 'rating'::text)", "Plans": [{"Node Type": "Bitmap Index Scan", "Parent Relationship": "Outer", "Index Name": "info_type_pkey", "Startup Cost": 0.0, "Total Cost": 8.81, "Plan Rows": 112, "Plan Width": 0}]}, {"Node Type": "Bitmap Heap Scan", "Parent Relationship": "Inner", "Relation Name": "movie_info_idx", "Alias": "mi_idx", "Startup Cost": 7419.04, "Total Cost": 19068.16, "Plan Rows": 12936, "Plan Width": 13, "Recheck Cond": "(info_type_id = it2.id)", "Filter": "((info)::text > '8.0'::text)", "Plans": [{"Node Type": "Bitmap Index Scan", "Parent Relationship": "Outer", "Index Name": "info_type_id_movie_info_idx", "Startup Cost": 0.0, "Total Cost": 7415.81, "Plan Rows": 345008, "Plan Width": 0, "Index Cond": "(info_type_id = it2.id)"}]}]}, {"Node Type": "Bitmap Heap Scan", "Parent Relationship": "Inner", "Relation Name": "title", "Alias": "t", "Startup Cost": 0.97, "Total Cost": 4.99, "Plan Rows": 1, "Plan Width": 21, "Recheck Cond": "(id = mi_idx.movie_id)", "Filter": "((production_year >= 2008) AND (production_year <= 2014))", "Plans": [{"Node Type": "Bitmap Index Scan", "Parent Relationship": "Outer", "Index Name": "title_pkey", "Startup Cost": 0.0, "Total Cost": 0.97, "Plan Rows": 1, "Plan Width": 0, "Index Cond": "(id = mi_idx.movie_id)"}]}]}, {"Node Type": "Bitmap Heap Scan", "Parent Relationship": "Inner", "Relation Name": "movie_info", "Alias": "mi", "Startup Cost": 0.58, "Total Cost": 4.65, "Plan Rows": 1, "Plan Width": 50, "Recheck Cond": "(movie_id = t.id)", "Filter": "((note IS NULL) AND ((info)::text = ANY ('{Horror,Thriller}'::text[])))", "Plans": [{"Node Type": "Bitmap Index Scan", "Parent Relationship": "Outer", "Index Name": "movie_id_movie_info", "Startup Cost": 0.0, "Total Cost": 0.58, "Plan Rows": 5, "Plan Width": 0, "Index Cond": "(movie_id = t.id)"}]}]}, {"Node Type": "Hash", "Parent Relationship": "Inner", "Startup Cost": 14.21, "Total Cost": 14.21, "Plan Rows": 1, "Plan Width": 4, "Plans": [{"Node Type": "Bitmap Heap Scan", "Parent Relationship": "Outer", "Relation Name": "info_type", "Alias": "it1", "Startup Cost": 8.81, "Total Cost": 14.21, "Plan Rows": 1, "Plan Width": 4, "Filter": "((info)::text = 'genres'::text)", "Plans": [{"Node Type": "Bitmap Index Scan", "Parent Relationship": "Outer", "Index Name": "info_type_pkey", "Startup Cost": 0.0, "Total Cost": 8.81, "Plan Rows": 112, "Plan Width": 0}]}]}]}, {"Node Type": "Bitmap Heap Scan", "Parent Relationship": "Inner", "Relation Name": "cast_info", "Alias": "ci", "Startup Cost": 1.01, "Total Cost": 5.12, "Plan Rows": 1, "Plan Width": 8, "Recheck Cond": "(movie_id = t.id)", "Filter": "((note)::text = ANY ('{(writer),\"(head writer)\",\"(written by)\",(story),\"(story editor)\"}'::text[]))", "Plans": [{"Node Type": "Bitmap Index Scan", "Parent Relationship": "Outer", "Index Name": "movie_id_cast_info", "Startup Cost": 0.0, "Total Cost": 1.01, "Plan Rows": 6, "Plan Width": 0, "Index Cond": "(movie_id = t.id)"}]}]}, {"Node Type": "Bitmap Heap Scan", "Parent Relationship": "Inner", "Relation Name": "name", "Alias": "n", "Startup Cost": 0.31, "Total Cost": 4.32, "Plan Rows": 1, "Plan Width": 4, "Recheck Cond": "(id = ci.person_id)", "Filter": "((gender IS NOT NULL) AND ((gender)::text = 'f'::text))", "Plans": [{"Node Type": "Bitmap Index Scan", "Parent Relationship": "Outer", "Index Name": "name_pkey", "Startup Cost": 0.0, "Total Cost": 0.31, "Plan Rows": 1, "Plan Width": 0, "Index Cond": "(id = ci.person_id)"}]}]}]}, "Unique SQL Id": 661781350, "Planner Runtime": 11}, "explain_analyze_plan": {"Plan": {"Node Type": "Aggregate", "Strategy": "Plain", "Startup Cost": 156974.22, "Total Cost": 156974.23, "Plan Rows": 1, "Plan Width": 160, "Actual Startup Time": 612.351, "Actual Total Time": 612.352, "Actual Rows": 1, "Actual Loops": 1, "Plans": [{"Node Type": "Nested Loop", "Parent Relationship": "Outer", "Join Type": "Inner", "Startup Cost": 7444.95, "Total Cost": 156972.58, "Plan Rows": 219, "Plan Width": 64, "Actual Startup Time": 356.01, "Actual Total Time": 612.285, "Actual Rows": 11, "Actual Loops": 1, "Inner Unique": true, "Plans": [{"Node Type": "Nested Loop", "Parent Relationship": "Outer", "Join Type": "Inner", "Startup Cost": 7444.64, "Total Cost": 155581.46, "Plan Rows": 321, "Plan Width": 68, "Actual Startup Time": 136.924, "Actual Total Time": 609.535, "Actual Rows": 268, "Actual Loops": 1, "Inner Unique": false, "Plans": [{"Node Type": "Hash Join", "Parent Relationship": "Outer", "Join Type": "Inner", "Startup Cost": 7443.63, "Total Cost": 154088.28, "Plan Rows": 291, "Plan Width": 76, "Actual Startup Time": 66.709, "Actual Total Time": 577.719, "Actual Rows": 358, "Actual Loops": 1, "Inner Unique": true, "Hash Cond": "(mi.info_type_id = it1.id)", "Plans": [{"Node Type": "Nested Loop", "Parent Relationship": "Outer", "Join Type": "Inner", "Startup Cost": 7429.41, "Total Cost": 154037.63, "Plan Rows": 13753, "Plan Width": 80, "Actual Startup Time": 66.57, "Actual Total Time": 576.994, "Actual Rows": 358, "Actual Loops": 1, "Inner Unique": false, "Plans": [{"Node Type": "Nested Loop", "Parent Relationship": "Outer", "Join Type": "Inner", "Startup Cost": 7428.83, "Total Cost": 83898.37, "Plan Rows": 15041, "Plan Width": 30, "Actual Startup Time": 59.097, "Actual Total Time": 407.312, "Actual Rows": 6152, "Actual Loops": 1, "Inner Unique": true, "Plans": [{"Node Type": "Nested Loop", "Parent Relationship": "Outer", "Join Type": "Inner", "Startup Cost": 7427.85, "Total Cost": 19211.73, "Plan Rows": 12936, "Plan Width": 9, "Actual Startup Time": 57.403, "Actual Total Time": 302.866, "Actual Rows": 15849, "Actual Loops": 1, "Inner Unique": false, "Plans": [{"Node Type": "Bitmap Heap Scan", "Parent Relationship": "Outer", "Relation Name": "info_type", "Alias": "it2", "Startup Cost": 8.81, "Total Cost": 14.21, "Plan Rows": 1, "Plan Width": 4, "Actual Startup Time": 0.052, "Actual Total Time": 0.057, "Actual Rows": 1, "Actual Loops": 1, "Filter": "((info)::text = 'rating'::text)", "Rows Removed by Filter": 111, "Exact Heap Blocks": 1, "Lossy Heap Blocks": 1, "Plans": [{"Node Type": "Bitmap Index Scan", "Parent Relationship": "Outer", "Index Name": "info_type_pkey", "Startup Cost": 0.0, "Total Cost": 8.81, "Plan Rows": 112, "Plan Width": 0, "Actual Startup Time": 0.009, "Actual Total Time": 0.009, "Actual Rows": 112, "Actual Loops": 1}]}, {"Node Type": "Bitmap Heap Scan", "Parent Relationship": "Inner", "Relation Name": "movie_info_idx", "Alias": "mi_idx", "Startup Cost": 7419.04, "Total Cost": 19068.16, "Plan Rows": 12936, "Plan Width": 13, "Actual Startup Time": 57.346, "Actual Total Time": 299.014, "Actual Rows": 15849, "Actual Loops": 1, "Recheck Cond": "(info_type_id = it2.id)", "Rows Removed by Index Recheck": 0, "Filter": "((info)::text > '8.0'::text)", "Rows Removed by Filter": 444076, "Exact Heap Blocks": 6472, "Lossy Heap Blocks": 6472, "Plans": [{"Node Type": "Bitmap Index Scan", "Parent Relationship": "Outer", "Index Name": "info_type_id_movie_info_idx", "Startup Cost": 0.0, "Total Cost": 7415.81, "Plan Rows": 345008, "Plan Width": 0, "Actual Startup Time": 56.111, "Actual Total Time": 56.111, "Actual Rows": 459925, "Actual Loops": 1, "Index Cond": "(info_type_id = it2.id)"}]}]}, {"Node Type": "Bitmap Heap Scan", "Parent Relationship": "Inner", "Relation Name": "title", "Alias": "t", "Startup Cost": 0.97, "Total Cost": 4.99, "Plan Rows": 1, "Plan Width": 21, "Actual Startup Time": 83.565, "Actual Total Time": 83.565, "Actual Rows": 6152, "Actual Loops": 15849, "Recheck Cond": "(id = mi_idx.movie_id)", "Rows Removed by Index Recheck": 0, "Filter": "((production_year >= 2008) AND (production_year <= 2014))", "Rows Removed by Filter": 9697, "Exact Heap Blocks": 15849, "Lossy Heap Blocks": 15849, "Plans": [{"Node Type": "Bitmap Index Scan", "Parent Relationship": "Outer", "Index Name": "title_pkey", "Startup Cost": 0.0, "Total Cost": 0.97, "Plan Rows": 1, "Plan Width": 0, "Actual Startup Time": 44.673, "Actual Total Time": 44.673, "Actual Rows": 15849, "Actual Loops": 15849, "Index Cond": "(id = mi_idx.movie_id)"}]}]}, {"Node Type": "Bitmap Heap Scan", "Parent Relationship": "Inner", "Relation Name": "movie_info", "Alias": "mi", "Startup Cost": 0.58, "Total Cost": 4.65, "Plan Rows": 1, "Plan Width": 50, "Actual Startup Time": 161.421, "Actual Total Time": 161.578, "Actual Rows": 358, "Actual Loops": 6152, "Recheck Cond": "(movie_id = t.id)", "Rows Removed by Index Recheck": 0, "Filter": "((note IS NULL) AND ((info)::text = ANY ('{Horror,Thriller}'::text[])))", "Rows Removed by Filter": 109599, "Exact Heap Blocks": 52726, "Lossy Heap Blocks": 52726, "Plans": [{"Node Type": "Bitmap Index Scan", "Parent Relationship": "Outer", "Index Name": "movie_id_movie_info", "Startup Cost": 0.0, "Total Cost": 0.58, "Plan Rows": 5, "Plan Width": 0, "Actual Startup Time": 37.937, "Actual Total Time": 37.937, "Actual Rows": 109957, "Actual Loops": 6152, "Index Cond": "(movie_id = t.id)"}]}]}, {"Node Type": "Hash", "Parent Relationship": "Inner", "Startup Cost": 14.21, "Total Cost": 14.21, "Plan Rows": 1, "Plan Width": 4, "Actual Startup Time": 0.087, "Actual Total Time": 0.087, "Actual Rows": 1, "Actual Loops": 1, "Hash Buckets": 32768, "Hash Batches": 1, "Original Hash Batches": 1, "Peak Memory Usage": 1, "Plans": [{"Node Type": "Bitmap Heap Scan", "Parent Relationship": "Outer", "Relation Name": "info_type", "Alias": "it1", "Startup Cost": 8.81, "Total Cost": 14.21, "Plan Rows": 1, "Plan Width": 4, "Actual Startup Time": 0.056, "Actual Total Time": 0.079, "Actual Rows": 1, "Actual Loops": 1, "Filter": "((info)::text = 'genres'::text)", "Rows Removed by Filter": 111, "Exact Heap Blocks": 1, "Lossy Heap Blocks": 1, "Plans": [{"Node Type": "Bitmap Index Scan", "Parent Relationship": "Outer", "Index Name": "info_type_pkey", "Startup Cost": 0.0, "Total Cost": 8.81, "Plan Rows": 112, "Plan Width": 0, "Actual Startup Time": 0.015, "Actual Total Time": 0.015, "Actual Rows": 112, "Actual Loops": 1}]}]}]}, {"Node Type": "Bitmap Heap Scan", "Parent Relationship": "Inner", "Relation Name": "cast_info", "Alias": "ci", "Startup Cost": 1.01, "Total Cost": 5.12, "Plan Rows": 1, "Plan Width": 8, "Actual Startup Time": 25.159, "Actual Total Time": 30.753, "Actual Rows": 268, "Actual Loops": 358, "Recheck Cond": "(movie_id = t.id)", "Rows Removed by Index Recheck": 0, "Filter": "((note)::text = ANY ('{(writer),\"(head writer)\",\"(written by)\",(story),\"(story editor)\"}'::text[]))", "Rows Removed by Filter": 12296, "Exact Heap Blocks": 11454, "Lossy Heap Blocks": 11454, "Plans": [{"Node Type": "Bitmap Index Scan", "Parent Relationship": "Outer", "Index Name": "movie_id_cast_info", "Startup Cost": 0.0, "Total Cost": 1.01, "Plan Rows": 6, "Plan Width": 0, "Actual Startup Time": 4.731, "Actual Total Time": 4.731, "Actual Rows": 12564, "Actual Loops": 358, "Index Cond": "(movie_id = t.id)"}]}]}, {"Node Type": "Bitmap Heap Scan", "Parent Relationship": "Inner", "Relation Name": "name", "Alias": "n", "Startup Cost": 0.31, "Total Cost": 4.32, "Plan Rows": 1, "Plan Width": 4, "Actual Startup Time": 2.222, "Actual Total Time": 2.222, "Actual Rows": 11, "Actual Loops": 268, "Recheck Cond": "(id = ci.person_id)", "Rows Removed by Index Recheck": 0, "Filter": "((gender IS NOT NULL) AND ((gender)::text = 'f'::text))", "Rows Removed by Filter": 257, "Exact Heap Blocks": 268, "Lossy Heap Blocks": 268, "Plans": [{"Node Type": "Bitmap Index Scan", "Parent Relationship": "Outer", "Index Name": "name_pkey", "Startup Cost": 0.0, "Total Cost": 0.31, "Plan Rows": 1, "Plan Width": 0, "Actual Startup Time": 1.377, "Actual Total Time": 1.377, "Actual Rows": 268, "Actual Loops": 268, "Index Cond": "(id = ci.person_id)"}]}]}]}, "Triggers": [], "Planner Runtime": 22.993, "Total Runtime": 612.681, "Unique SQL Id": 661781350}}, "(16, '100')": {"explain_plan": {"Plan": {"Node Type": "Aggregate", "Strategy": "Plain", "Startup Cost": 40404.31, "Total Cost": 40404.32, "Plan Rows": 1, "Plan Width": 160, "Plans": [{"Node Type": "Nested Loop", "Parent Relationship": "Outer", "Join Type": "Inner", "Startup Cost": 2.41, "Total Cost": 40402.67, "Plan Rows": 219, "Plan Width": 64, "Inner Unique": true, "Plans": [{"Node Type": "Nested Loop", "Parent Relationship": "Outer", "Join Type": "Inner", "Startup Cost": 2.41, "Total Cost": 40241.67, "Plan Rows": 321, "Plan Width": 68, "Inner Unique": false, "Plans": [{"Node Type": "Nested Loop", "Parent Relationship": "Outer", "Join Type": "Inner", "Startup Cost": 2.41, "Total Cost": 39556.65, "Plan Rows": 291, "Plan Width": 76, "Inner Unique": true, "Plans": [{"Node Type": "Nested Loop", "Parent Relationship": "Outer", "Join Type": "Inner", "Startup Cost": 2.41, "Total Cost": 38843.44, "Plan Rows": 250, "Plan Width": 55, "Inner Unique": true, "Plans": [{"Node Type": "Nested Loop", "Parent Relationship": "Outer", "Join Type": "Inner", "Startup Cost": 2.41, "Total Cost": 38560.99, "Plan Rows": 999, "Plan Width": 59, "Inner Unique": false, "Plans": [{"Node Type": "Hash Join", "Parent Relationship": "Outer", "Join Type": "Inner", "Startup Cost": 2.41, "Total Cost": 37619.13, "Plan Rows": 971, "Plan Width": 46, "Inner Unique": true, "Hash Cond": "(mi.info_type_id = it1.id)", "Plans": [{"Node Type": "Streaming(type: LOCAL GATHER dop: 1/16)", "Parent Relationship": "Outer", "Startup Cost": 0.0, "Total Cost": 37352.11, "Plan Rows": 67971, "Plan Width": 50, "Plans": [{"Node Type": "Seq Scan", "Parent Relationship": "Outer", "Relation Name": "movie_info", "Alias": "mi", "Startup Cost": 0.0, "Total Cost": 35885.16, "Plan Rows": 67971, "Plan Width": 50, "Filter": "((note IS NULL) AND ((info)::text = ANY ('{Horror,Thriller}'::text[])))"}]}, {"Node Type": "Hash", "Parent Relationship": "Inner", "Startup Cost": 2.4, "Total Cost": 2.4, "Plan Rows": 1, "Plan Width": 4, "Plans": [{"Node Type": "Seq Scan", "Parent Relationship": "Outer", "Relation Name": "info_type", "Alias": "it1", "Startup Cost": 0.0, "Total Cost": 2.4, "Plan Rows": 1, "Plan Width": 4, "Filter": "((info)::text = 'genres'::text)"}]}]}, {"Node Type": "Index Scan", "Parent Relationship": "Inner", "Scan Direction": "Forward", "Index Name": "movie_id_movie_info_idx", "Relation Name": "movie_info_idx", "Alias": "mi_idx", "Startup Cost": 0.0, "Total Cost": 0.96, "Plan Rows": 1, "Plan Width": 13, "Index Cond": "(movie_id = mi.movie_id)", "Filter": "((info)::text > '8.0'::text)"}]}, {"Node Type": "Index Scan", "Parent Relationship": "Inner", "Scan Direction": "Forward", "Index Name": "info_type_pkey", "Relation Name": "info_type", "Alias": "it2", "Startup Cost": 0.0, "Total Cost": 0.27, "Plan Rows": 1, "Plan Width": 4, "Index Cond": "(id = mi_idx.info_type_id)", "Filter": "((info)::text = 'rating'::text)"}]}, {"Node Type": "Index Scan", "Parent Relationship": "Inner", "Scan Direction": "Forward", "Index Name": "title_pkey", "Relation Name": "title", "Alias": "t", "Startup Cost": 0.0, "Total Cost": 2.84, "Plan Rows": 1, "Plan Width": 21, "Index Cond": "(id = mi.movie_id)", "Filter": "((production_year >= 2008) AND (production_year <= 2014))"}]}, {"Node Type": "Index Scan", "Parent Relationship": "Inner", "Scan Direction": "Forward", "Index Name": "movie_id_cast_info", "Relation Name": "cast_info", "Alias": "ci", "Startup Cost": 0.0, "Total Cost": 2.34, "Plan Rows": 1, "Plan Width": 8, "Index Cond": "(movie_id = t.id)", "Filter": "((note)::text = ANY ('{(writer),\"(head writer)\",\"(written by)\",(story),\"(story editor)\"}'::text[]))"}]}, {"Node Type": "Index Scan", "Parent Relationship": "Inner", "Scan Direction": "Forward", "Index Name": "name_pkey", "Relation Name": "name", "Alias": "n", "Startup Cost": 0.0, "Total Cost": 0.49, "Plan Rows": 1, "Plan Width": 4, "Index Cond": "(id = ci.person_id)", "Filter": "((gender IS NOT NULL) AND ((gender)::text = 'f'::text))"}]}]}, "Unique SQL Id": 661781350, "Planner Runtime": 49}, "explain_analyze_plan": {"Plan": {"Node Type": "Aggregate", "Strategy": "Plain", "Startup Cost": 40404.31, "Total Cost": 40404.32, "Plan Rows": 1, "Plan Width": 160, "Actual Min Startup Time": 760.866, "Actual Max Startup Time": 760.866, "Actual Min Total Time": 760.866, "Actual Max Total Time": 760.866, "Plans": [{"Node Type": "Nested Loop", "Parent Relationship": "Outer", "Join Type": "Inner", "Startup Cost": 2.41, "Total Cost": 40402.67, "Plan Rows": 219, "Plan Width": 64, "Actual Min Startup Time": 365.571, "Actual Max Startup Time": 365.571, "Actual Min Total Time": 760.797, "Actual Max Total Time": 760.797, "Inner Unique": true, "Plans": [{"Node Type": "Nested Loop", "Parent Relationship": "Outer", "Join Type": "Inner", "Startup Cost": 2.41, "Total Cost": 40241.67, "Plan Rows": 321, "Plan Width": 68, "Actual Min Startup Time": 357.854, "Actual Max Startup Time": 357.854, "Actual Min Total Time": 758.632, "Actual Max Total Time": 758.632, "Inner Unique": false, "Plans": [{"Node Type": "Nested Loop", "Parent Relationship": "Outer", "Join Type": "Inner", "Startup Cost": 2.41, "Total Cost": 39556.65, "Plan Rows": 291, "Plan Width": 76, "Actual Min Startup Time": 356.081, "Actual Max Startup Time": 356.081, "Actual Min Total Time": 733.665, "Actual Max Total Time": 733.665, "Inner Unique": true, "Plans": [{"Node Type": "Nested Loop", "Parent Relationship": "Outer", "Join Type": "Inner", "Startup Cost": 2.41, "Total Cost": 38843.44, "Plan Rows": 250, "Plan Width": 55, "Actual Min Startup Time": 356.061, "Actual Max Startup Time": 356.061, "Actual Min Total Time": 728.846, "Actual Max Total Time": 728.846, "Inner Unique": true, "Plans": [{"Node Type": "Nested Loop", "Parent Relationship": "Outer", "Join Type": "Inner", "Startup Cost": 2.41, "Total Cost": 38560.99, "Plan Rows": 999, "Plan Width": 59, "Actual Min Startup Time": 355.951, "Actual Max Startup Time": 355.951, "Actual Min Total Time": 718.253, "Actual Max Total Time": 718.253, "Inner Unique": false, "Plans": [{"Node Type": "Hash Join", "Parent Relationship": "Outer", "Join Type": "Inner", "Startup Cost": 2.41, "Total Cost": 37619.13, "Plan Rows": 971, "Plan Width": 46, "Actual Min Startup Time": 355.852, "Actual Max Startup Time": 355.852, "Actual Min Total Time": 422.638, "Actual Max Total Time": 422.638, "Inner Unique": true, "Hash Cond": "(mi.info_type_id = it1.id)", "Plans": [{"Node Type": "Streaming(type: LOCAL GATHER dop: 1/16)", "Parent Relationship": "Outer", "Startup Cost": 0.0, "Total Cost": 37352.11, "Plan Rows": 67971, "Plan Width": 50, "Actual Min Startup Time": 270.363, "Actual Max Startup Time": 270.363, "Actual Min Total Time": 385.946, "Actual Max Total Time": 385.946, "Plans": [{"Node Type": "Seq Scan", "Parent Relationship": "Outer", "Relation Name": "movie_info", "Alias": "mi", "Startup Cost": 0.0, "Total Cost": 35885.16, "Plan Rows": 67971, "Plan Width": 50, "Actual Min Startup Time": 236.482, "Actual Max Startup Time": 342.262, "Actual Min Total Time": 383.658, "Actual Max Total Time": 397.806, "Filter": "((note IS NULL) AND ((info)::text = ANY ('{Horror,Thriller}'::text[])))", "Rows Removed by Filter": 14762672, "Actual Rows": 73047}], "Actual Rows": 73047}, {"Node Type": "Hash", "Parent Relationship": "Inner", "Startup Cost": 2.4, "Total Cost": 2.4, "Plan Rows": 1, "Plan Width": 4, "Actual Min Startup Time": 0.132, "Actual Max Startup Time": 0.132, "Actual Min Total Time": 0.132, "Actual Max Total Time": 0.132, "Max Hash Buckets": 32768, "Min Hash Buckets": 32768, "Max Hash Batches": 1, "Min Hash Batches": 1, "Max Original Hash Batches": 1, "Min Original Hash Batches": 1, "Max Peak Memory Usage": 1, "min Peak Memory Usage": 1, "Plans": [{"Node Type": "Seq Scan", "Parent Relationship": "Outer", "Relation Name": "info_type", "Alias": "it1", "Startup Cost": 0.0, "Total Cost": 2.4, "Plan Rows": 1, "Plan Width": 4, "Actual Min Startup Time": 0.088, "Actual Max Startup Time": 0.088, "Actual Min Total Time": 0.112, "Actual Max Total Time": 0.112, "Filter": "((info)::text = 'genres'::text)", "Rows Removed by Filter": 111, "Actual Rows": 1}], "Actual Rows": 1}], "Actual Rows": 72258}, {"Node Type": "Index Scan", "Parent Relationship": "Inner", "Scan Direction": "Forward", "Index Name": "movie_id_movie_info_idx", "Relation Name": "movie_info_idx", "Alias": "mi_idx", "Startup Cost": 0.0, "Total Cost": 0.96, "Plan Rows": 1, "Plan Width": 13, "Actual Min Startup Time": 256.604, "Actual Max Startup Time": 256.604, "Actual Min Total Time": 260.05, "Actual Max Total Time": 260.05, "Index Cond": "(movie_id = mi.movie_id)", "Rows Removed by Index Recheck": 0, "Filter": "((info)::text > '8.0'::text)", "Rows Removed by Filter": 113143, "Actual Rows": 4135}], "Actual Rows": 4135}, {"Node Type": "Index Scan", "Parent Relationship": "Inner", "Scan Direction": "Forward", "Index Name": "info_type_pkey", "Relation Name": "info_type", "Alias": "it2", "Startup Cost": 0.0, "Total Cost": 0.27, "Plan Rows": 1, "Plan Width": 4, "Actual Min Startup Time": 8.23, "Actual Max Startup Time": 8.23, "Actual Min Total Time": 8.23, "Actual Max Total Time": 8.23, "Index Cond": "(id = mi_idx.info_type_id)", "Rows Removed by Index Recheck": 0, "Filter": "((info)::text = 'rating'::text)", "Rows Removed by Filter": 3403, "Actual Rows": 732}], "Actual Rows": 732}, {"Node Type": "Index Scan", "Parent Relationship": "Inner", "Scan Direction": "Forward", "Index Name": "title_pkey", "Relation Name": "title", "Alias": "t", "Startup Cost": 0.0, "Total Cost": 2.84, "Plan Rows": 1, "Plan Width": 21, "Actual Min Startup Time": 4.163, "Actual Max Startup Time": 4.163, "Actual Min Total Time": 4.163, "Actual Max Total Time": 4.163, "Index Cond": "(id = mi.movie_id)", "Rows Removed by Index Recheck": 0, "Filter": "((production_year >= 2008) AND (production_year <= 2014))", "Rows Removed by Filter": 374, "Actual Rows": 358}], "Actual Rows": 358}, {"Node Type": "Index Scan", "Parent Relationship": "Inner", "Scan Direction": "Forward", "Index Name": "movie_id_cast_info", "Relation Name": "cast_info", "Alias": "ci", "Startup Cost": 0.0, "Total Cost": 2.34, "Plan Rows": 1, "Plan Width": 8, "Actual Min Startup Time": 19.408, "Actual Max Startup Time": 19.408, "Actual Min Total Time": 24.639, "Actual Max Total Time": 24.639, "Index Cond": "(movie_id = t.id)", "Rows Removed by Index Recheck": 0, "Filter": "((note)::text = ANY ('{(writer),\"(head writer)\",\"(written by)\",(story),\"(story editor)\"}'::text[]))", "Rows Removed by Filter": 12296, "Actual Rows": 268}], "Actual Rows": 268}, {"Node Type": "Index Scan", "Parent Relationship": "Inner", "Scan Direction": "Forward", "Index Name": "name_pkey", "Relation Name": "name", "Alias": "n", "Startup Cost": 0.0, "Total Cost": 0.49, "Plan Rows": 1, "Plan Width": 4, "Actual Min Startup Time": 1.937, "Actual Max Startup Time": 1.937, "Actual Min Total Time": 1.937, "Actual Max Total Time": 1.937, "Index Cond": "(id = ci.person_id)", "Rows Removed by Index Recheck": 0, "Filter": "((gender IS NOT NULL) AND ((gender)::text = 'f'::text))", "Rows Removed by Filter": 257, "Actual Rows": 11}], "Actual Rows": 11}], "Actual Rows": 1}, "Triggers": [], "Planner Runtime": 56.447, "Total Runtime": 763.624, "Unique SQL Id": 661781350}}, "(16, '101')": {"explain_plan": {"Plan": {"Node Type": "Aggregate", "Strategy": "Plain", "Startup Cost": 84095.43, "Total Cost": 84095.44, "Plan Rows": 1, "Plan Width": 160, "Plans": [{"Node Type": "Nested Loop", "Parent Relationship": "Outer", "Join Type": "Inner", "Startup Cost": 7433.27, "Total Cost": 84093.79, "Plan Rows": 219, "Plan Width": 64, "Inner Unique": true, "Plans": [{"Node Type": "Nested Loop", "Parent Relationship": "Outer", "Join Type": "Inner", "Startup Cost": 7433.27, "Total Cost": 83932.79, "Plan Rows": 321, "Plan Width": 68, "Inner Unique": false, "Plans": [{"Node Type": "Hash Join", "Parent Relationship": "Outer", "Join Type": "Inner", "Startup Cost": 7433.27, "Total Cost": 83247.77, "Plan Rows": 291, "Plan Width": 76, "Inner Unique": true, "Hash Cond": "(mi.info_type_id = it1.id)", "Plans": [{"Node Type": "Nested Loop", "Parent Relationship": "Outer", "Join Type": "Inner", "Startup Cost": 7419.04, "Total Cost": 83197.12, "Plan Rows": 13753, "Plan Width": 80, "Inner Unique": false, "Plans": [{"Node Type": "Nested Loop", "Parent Relationship": "Outer", "Join Type": "Inner", "Startup Cost": 7419.04, "Total Cost": 61824.99, "Plan Rows": 15041, "Plan Width": 30, "Inner Unique": true, "Plans": [{"Node Type": "Nested Loop", "Parent Relationship": "Outer", "Join Type": "Inner", "Startup Cost": 7419.04, "Total Cost": 19211.73, "Plan Rows": 12936, "Plan Width": 9, "Inner Unique": false, "Plans": [{"Node Type": "Index Scan", "Parent Relationship": "Outer", "Scan Direction": "Forward", "Index Name": "info_type_pkey", "Relation Name": "info_type", "Alias": "it2", "Startup Cost": 0.0, "Total Cost": 14.21, "Plan Rows": 1, "Plan Width": 4, "Filter": "((info)::text = 'rating'::text)"}, {"Node Type": "Bitmap Heap Scan", "Parent Relationship": "Inner", "Relation Name": "movie_info_idx", "Alias": "mi_idx", "Startup Cost": 7419.04, "Total Cost": 19068.16, "Plan Rows": 12936, "Plan Width": 13, "Recheck Cond": "(info_type_id = it2.id)", "Filter": "((info)::text > '8.0'::text)", "Plans": [{"Node Type": "Bitmap Index Scan", "Parent Relationship": "Outer", "Index Name": "info_type_id_movie_info_idx", "Startup Cost": 0.0, "Total Cost": 7415.81, "Plan Rows": 345008, "Plan Width": 0, "Index Cond": "(info_type_id = it2.id)"}]}]}, {"Node Type": "Index Scan", "Parent Relationship": "Inner", "Scan Direction": "Forward", "Index Name": "title_pkey", "Relation Name": "title", "Alias": "t", "Startup Cost": 0.0, "Total Cost": 3.28, "Plan Rows": 1, "Plan Width": 21, "Index Cond": "(id = mi_idx.movie_id)", "Filter": "((production_year >= 2008) AND (production_year <= 2014))"}]}, {"Node Type": "Index Scan", "Parent Relationship": "Inner", "Scan Direction": "Forward", "Index Name": "movie_id_movie_info", "Relation Name": "movie_info", "Alias": "mi", "Startup Cost": 0.0, "Total Cost": 1.41, "Plan Rows": 1, "Plan Width": 50, "Index Cond": "(movie_id = t.id)", "Filter": "((note IS NULL) AND ((info)::text = ANY ('{Horror,Thriller}'::text[])))"}]}, {"Node Type": "Hash", "Parent Relationship": "Inner", "Startup Cost": 14.21, "Total Cost": 14.21, "Plan Rows": 1, "Plan Width": 4, "Plans": [{"Node Type": "Index Scan", "Parent Relationship": "Outer", "Scan Direction": "Forward", "Index Name": "info_type_pkey", "Relation Name": "info_type", "Alias": "it1", "Startup Cost": 0.0, "Total Cost": 14.21, "Plan Rows": 1, "Plan Width": 4, "Filter": "((info)::text = 'genres'::text)"}]}]}, {"Node Type": "Index Scan", "Parent Relationship": "Inner", "Scan Direction": "Forward", "Index Name": "movie_id_cast_info", "Relation Name": "cast_info", "Alias": "ci", "Startup Cost": 0.0, "Total Cost": 2.34, "Plan Rows": 1, "Plan Width": 8, "Index Cond": "(movie_id = t.id)", "Filter": "((note)::text = ANY ('{(writer),\"(head writer)\",\"(written by)\",(story),\"(story editor)\"}'::text[]))"}]}, {"Node Type": "Index Scan", "Parent Relationship": "Inner", "Scan Direction": "Forward", "Index Name": "name_pkey", "Relation Name": "name", "Alias": "n", "Startup Cost": 0.0, "Total Cost": 0.49, "Plan Rows": 1, "Plan Width": 4, "Index Cond": "(id = ci.person_id)", "Filter": "((gender IS NOT NULL) AND ((gender)::text = 'f'::text))"}]}]}, "Unique SQL Id": 661781350, "Planner Runtime": 15}, "explain_analyze_plan": {"Plan": {"Node Type": "Aggregate", "Strategy": "Plain", "Startup Cost": 84095.43, "Total Cost": 84095.44, "Plan Rows": 1, "Plan Width": 160, "Actual Startup Time": 648.238, "Actual Total Time": 648.238, "Actual Rows": 1, "Actual Loops": 1, "Plans": [{"Node Type": "Nested Loop", "Parent Relationship": "Outer", "Join Type": "Inner", "Startup Cost": 7433.27, "Total Cost": 84093.79, "Plan Rows": 219, "Plan Width": 64, "Actual Startup Time": 344.182, "Actual Total Time": 648.181, "Actual Rows": 11, "Actual Loops": 1, "Inner Unique": true, "Plans": [{"Node Type": "Nested Loop", "Parent Relationship": "Outer", "Join Type": "Inner", "Startup Cost": 7433.27, "Total Cost": 83932.79, "Plan Rows": 321, "Plan Width": 68, "Actual Startup Time": 126.412, "Actual Total Time": 645.262, "Actual Rows": 268, "Actual Loops": 1, "Inner Unique": false, "Plans": [{"Node Type": "Hash Join", "Parent Relationship": "Outer", "Join Type": "Inner", "Startup Cost": 7433.27, "Total Cost": 83247.77, "Plan Rows": 291, "Plan Width": 76, "Actual Startup Time": 66.484, "Actual Total Time": 608.644, "Actual Rows": 358, "Actual Loops": 1, "Inner Unique": true, "Hash Cond": "(mi.info_type_id = it1.id)", "Plans": [{"Node Type": "Nested Loop", "Parent Relationship": "Outer", "Join Type": "Inner", "Startup Cost": 7419.04, "Total Cost": 83197.12, "Plan Rows": 13753, "Plan Width": 80, "Actual Startup Time": 66.347, "Actual Total Time": 608.129, "Actual Rows": 358, "Actual Loops": 1, "Inner Unique": false, "Plans": [{"Node Type": "Nested Loop", "Parent Relationship": "Outer", "Join Type": "Inner", "Startup Cost": 7419.04, "Total Cost": 61824.99, "Plan Rows": 15041, "Plan Width": 30, "Actual Startup Time": 59.844, "Actual Total Time": 442.821, "Actual Rows": 6152, "Actual Loops": 1, "Inner Unique": true, "Plans": [{"Node Type": "Nested Loop", "Parent Relationship": "Outer", "Join Type": "Inner", "Startup Cost": 7419.04, "Total Cost": 19211.73, "Plan Rows": 12936, "Plan Width": 9, "Actual Startup Time": 58.395, "Actual Total Time": 350.431, "Actual Rows": 15849, "Actual Loops": 1, "Inner Unique": false, "Plans": [{"Node Type": "Index Scan", "Parent Relationship": "Outer", "Scan Direction": "Forward", "Index Name": "info_type_pkey", "Relation Name": "info_type", "Alias": "it2", "Startup Cost": 0.0, "Total Cost": 14.21, "Plan Rows": 1, "Plan Width": 4, "Actual Startup Time": 0.048, "Actual Total Time": 0.06, "Actual Rows": 1, "Actual Loops": 1, "Filter": "((info)::text = 'rating'::text)", "Rows Removed by Filter": 111}, {"Node Type": "Bitmap Heap Scan", "Parent Relationship": "Inner", "Relation Name": "movie_info_idx", "Alias": "mi_idx", "Startup Cost": 7419.04, "Total Cost": 19068.16, "Plan Rows": 12936, "Plan Width": 13, "Actual Startup Time": 58.34, "Actual Total Time": 346.566, "Actual Rows": 15849, "Actual Loops": 1, "Recheck Cond": "(info_type_id = it2.id)", "Rows Removed by Index Recheck": 0, "Filter": "((info)::text > '8.0'::text)", "Rows Removed by Filter": 444076, "Exact Heap Blocks": 6472, "Lossy Heap Blocks": 6472, "Plans": [{"Node Type": "Bitmap Index Scan", "Parent Relationship": "Outer", "Index Name": "info_type_id_movie_info_idx", "Startup Cost": 0.0, "Total Cost": 7415.81, "Plan Rows": 345008, "Plan Width": 0, "Actual Startup Time": 57.089, "Actual Total Time": 57.089, "Actual Rows": 459925, "Actual Loops": 1, "Index Cond": "(info_type_id = it2.id)"}]}]}, {"Node Type": "Index Scan", "Parent Relationship": "Inner", "Scan Direction": "Forward", "Index Name": "title_pkey", "Relation Name": "title", "Alias": "t", "Startup Cost": 0.0, "Total Cost": 3.28, "Plan Rows": 1, "Plan Width": 21, "Actual Startup Time": 82.239, "Actual Total Time": 82.239, "Actual Rows": 6152, "Actual Loops": 15849, "Index Cond": "(id = mi_idx.movie_id)", "Rows Removed by Index Recheck": 0, "Filter": "((production_year >= 2008) AND (production_year <= 2014))", "Rows Removed by Filter": 9697}]}, {"Node Type": "Index Scan", "Parent Relationship": "Inner", "Scan Direction": "Forward", "Index Name": "movie_id_movie_info", "Relation Name": "movie_info", "Alias": "mi", "Startup Cost": 0.0, "Total Cost": 1.41, "Plan Rows": 1, "Plan Width": 50, "Actual Startup Time": 161.568, "Actual Total Time": 161.874, "Actual Rows": 358, "Actual Loops": 6152, "Index Cond": "(movie_id = t.id)", "Rows Removed by Index Recheck": 0, "Filter": "((note IS NULL) AND ((info)::text = ANY ('{Horror,Thriller}'::text[])))", "Rows Removed by Filter": 109599}]}, {"Node Type": "Hash", "Parent Relationship": "Inner", "Startup Cost": 14.21, "Total Cost": 14.21, "Plan Rows": 1, "Plan Width": 4, "Actual Startup Time": 0.084, "Actual Total Time": 0.084, "Actual Rows": 1, "Actual Loops": 1, "Hash Buckets": 32768, "Hash Batches": 1, "Original Hash Batches": 1, "Peak Memory Usage": 1, "Plans": [{"Node Type": "Index Scan", "Parent Relationship": "Outer", "Scan Direction": "Forward", "Index Name": "info_type_pkey", "Relation Name": "info_type", "Alias": "it1", "Startup Cost": 0.0, "Total Cost": 14.21, "Plan Rows": 1, "Plan Width": 4, "Actual Startup Time": 0.028, "Actual Total Time": 0.076, "Actual Rows": 1, "Actual Loops": 1, "Filter": "((info)::text = 'genres'::text)", "Rows Removed by Filter": 111}]}]}, {"Node Type": "Index Scan", "Parent Relationship": "Inner", "Scan Direction": "Forward", "Index Name": "movie_id_cast_info", "Relation Name": "cast_info", "Alias": "ci", "Startup Cost": 0.0, "Total Cost": 2.34, "Plan Rows": 1, "Plan Width": 8, "Actual Startup Time": 28.409, "Actual Total Time": 36.151, "Actual Rows": 268, "Actual Loops": 358, "Index Cond": "(movie_id = t.id)", "Rows Removed by Index Recheck": 0, "Filter": "((note)::text = ANY ('{(writer),\"(head writer)\",\"(written by)\",(story),\"(story editor)\"}'::text[]))", "Rows Removed by Filter": 12296}]}, {"Node Type": "Index Scan", "Parent Relationship": "Inner", "Scan Direction": "Forward", "Index Name": "name_pkey", "Relation Name": "name", "Alias": "n", "Startup Cost": 0.0, "Total Cost": 0.49, "Plan Rows": 1, "Plan Width": 4, "Actual Startup Time": 2.664, "Actual Total Time": 2.664, "Actual Rows": 11, "Actual Loops": 268, "Index Cond": "(id = ci.person_id)", "Rows Removed by Index Recheck": 0, "Filter": "((gender IS NOT NULL) AND ((gender)::text = 'f'::text))", "Rows Removed by Filter": 257}]}]}, "Triggers": [], "Planner Runtime": 23.271, "Total Runtime": 648.592, "Unique SQL Id": 661781350}}, "(16, '102')": {"explain_plan": {"Plan": {"Node Type": "Aggregate", "Strategy": "Plain", "Startup Cost": 46176.09, "Total Cost": 46176.1, "Plan Rows": 1, "Plan Width": 160, "Plans": [{"Node Type": "Nested Loop", "Parent Relationship": "Outer", "Join Type": "Inner", "Startup Cost": 7.49, "Total Cost": 46174.45, "Plan Rows": 219, "Plan Width": 64, "Inner Unique": true, "Plans": [{"Node Type": "Nested Loop", "Parent Relationship": "Outer", "Join Type": "Inner", "Startup Cost": 7.19, "Total Cost": 44783.33, "Plan Rows": 321, "Plan Width": 68, "Inner Unique": false, "Plans": [{"Node Type": "Nested Loop", "Parent Relationship": "Outer", "Join Type": "Inner", "Startup Cost": 6.18, "Total Cost": 43290.15, "Plan Rows": 291, "Plan Width": 76, "Inner Unique": true, "Plans": [{"Node Type": "Hash Join", "Parent Relationship": "Outer", "Join Type": "Inner", "Startup Cost": 5.37, "Total Cost": 42082.71, "Plan Rows": 250, "Plan Width": 55, "Inner Unique": true, "Hash Cond": "(mi_idx.info_type_id = it2.id)", "Plans": [{"Node Type": "Nested Loop", "Parent Relationship": "Outer", "Join Type": "Inner", "Startup Cost": 2.96, "Total Cost": 42075.29, "Plan Rows": 999, "Plan Width": 59, "Inner Unique": false, "Plans": [{"Node Type": "Hash Join", "Parent Relationship": "Outer", "Join Type": "Inner", "Startup Cost": 2.41, "Total Cost": 37619.13, "Plan Rows": 971, "Plan Width": 46, "Inner Unique": true, "Hash Cond": "(mi.info_type_id = it1.id)", "Plans": [{"Node Type": "Streaming(type: LOCAL GATHER dop: 1/16)", "Parent Relationship": "Outer", "Startup Cost": 0.0, "Total Cost": 37352.11, "Plan Rows": 67971, "Plan Width": 50, "Plans": [{"Node Type": "Seq Scan", "Parent Relationship": "Outer", "Relation Name": "movie_info", "Alias": "mi", "Startup Cost": 0.0, "Total Cost": 35885.16, "Plan Rows": 67971, "Plan Width": 50, "Filter": "((note IS NULL) AND ((info)::text = ANY ('{Horror,Thriller}'::text[])))"}]}, {"Node Type": "Hash", "Parent Relationship": "Inner", "Startup Cost": 2.4, "Total Cost": 2.4, "Plan Rows": 1, "Plan Width": 4, "Plans": [{"Node Type": "Seq Scan", "Parent Relationship": "Outer", "Relation Name": "info_type", "Alias": "it1", "Startup Cost": 0.0, "Total Cost": 2.4, "Plan Rows": 1, "Plan Width": 4, "Filter": "((info)::text = 'genres'::text)"}]}]}, {"Node Type": "Bitmap Heap Scan", "Parent Relationship": "Inner", "Relation Name": "movie_info_idx", "Alias": "mi_idx", "Startup Cost": 0.55, "Total Cost": 4.58, "Plan Rows": 1, "Plan Width": 13, "Recheck Cond": "(movie_id = mi.movie_id)", "Filter": "((info)::text > '8.0'::text)", "Plans": [{"Node Type": "Bitmap Index Scan", "Parent Relationship": "Outer", "Index Name": "movie_id_movie_info_idx", "Startup Cost": 0.0, "Total Cost": 0.55, "Plan Rows": 2, "Plan Width": 0, "Index Cond": "(movie_id = mi.movie_id)"}]}]}, {"Node Type": "Hash", "Parent Relationship": "Inner", "Startup Cost": 2.4, "Total Cost": 2.4, "Plan Rows": 1, "Plan Width": 4, "Plans": [{"Node Type": "Seq Scan", "Parent Relationship": "Outer", "Relation Name": "info_type", "Alias": "it2", "Startup Cost": 0.0, "Total Cost": 2.4, "Plan Rows": 1, "Plan Width": 4, "Filter": "((info)::text = 'rating'::text)"}]}]}, {"Node Type": "Bitmap Heap Scan", "Parent Relationship": "Inner", "Relation Name": "title", "Alias": "t", "Startup Cost": 0.8, "Total Cost": 4.82, "Plan Rows": 1, "Plan Width": 21, "Recheck Cond": "(id = mi.movie_id)", "Filter": "((production_year >= 2008) AND (production_year <= 2014))", "Plans": [{"Node Type": "Bitmap Index Scan", "Parent Relationship": "Outer", "Index Name": "title_pkey", "Startup Cost": 0.0, "Total Cost": 0.8, "Plan Rows": 1, "Plan Width": 0, "Index Cond": "(id = mi.movie_id)"}]}]}, {"Node Type": "Bitmap Heap Scan", "Parent Relationship": "Inner", "Relation Name": "cast_info", "Alias": "ci", "Startup Cost": 1.01, "Total Cost": 5.12, "Plan Rows": 1, "Plan Width": 8, "Recheck Cond": "(movie_id = t.id)", "Filter": "((note)::text = ANY ('{(writer),\"(head writer)\",\"(written by)\",(story),\"(story editor)\"}'::text[]))", "Plans": [{"Node Type": "Bitmap Index Scan", "Parent Relationship": "Outer", "Index Name": "movie_id_cast_info", "Startup Cost": 0.0, "Total Cost": 1.01, "Plan Rows": 6, "Plan Width": 0, "Index Cond": "(movie_id = t.id)"}]}]}, {"Node Type": "Bitmap Heap Scan", "Parent Relationship": "Inner", "Relation Name": "name", "Alias": "n", "Startup Cost": 0.31, "Total Cost": 4.32, "Plan Rows": 1, "Plan Width": 4, "Recheck Cond": "(id = ci.person_id)", "Filter": "((gender IS NOT NULL) AND ((gender)::text = 'f'::text))", "Plans": [{"Node Type": "Bitmap Index Scan", "Parent Relationship": "Outer", "Index Name": "name_pkey", "Startup Cost": 0.0, "Total Cost": 0.31, "Plan Rows": 1, "Plan Width": 0, "Index Cond": "(id = ci.person_id)"}]}]}]}, "Unique SQL Id": 661781350, "Planner Runtime": 72}, "explain_analyze_plan": {"Plan": {"Node Type": "Aggregate", "Strategy": "Plain", "Startup Cost": 46176.09, "Total Cost": 46176.1, "Plan Rows": 1, "Plan Width": 160, "Actual Min Startup Time": 860.741, "Actual Max Startup Time": 860.741, "Actual Min Total Time": 860.741, "Actual Max Total Time": 860.741, "Plans": [{"Node Type": "Nested Loop", "Parent Relationship": "Outer", "Join Type": "Inner", "Startup Cost": 7.49, "Total Cost": 46174.45, "Plan Rows": 219, "Plan Width": 64, "Actual Min Startup Time": 362.684, "Actual Max Startup Time": 362.684, "Actual Min Total Time": 860.666, "Actual Max Total Time": 860.666, "Inner Unique": true, "Plans": [{"Node Type": "Nested Loop", "Parent Relationship": "Outer", "Join Type": "Inner", "Startup Cost": 7.19, "Total Cost": 44783.33, "Plan Rows": 321, "Plan Width": 68, "Actual Min Startup Time": 358.358, "Actual Max Startup Time": 358.358, "Actual Min Total Time": 857.794, "Actual Max Total Time": 857.794, "Inner Unique": false, "Plans": [{"Node Type": "Nested Loop", "Parent Relationship": "Outer", "Join Type": "Inner", "Startup Cost": 6.18, "Total Cost": 43290.15, "Plan Rows": 291, "Plan Width": 76, "Actual Min Startup Time": 356.35, "Actual Max Startup Time": 356.35, "Actual Min Total Time": 825.102, "Actual Max Total Time": 825.102, "Inner Unique": true, "Plans": [{"Node Type": "Hash Join", "Parent Relationship": "Outer", "Join Type": "Inner", "Startup Cost": 5.37, "Total Cost": 42082.71, "Plan Rows": 250, "Plan Width": 55, "Actual Min Startup Time": 356.324, "Actual Max Startup Time": 356.324, "Actual Min Total Time": 818.704, "Actual Max Total Time": 818.704, "Inner Unique": true, "Hash Cond": "(mi_idx.info_type_id = it2.id)", "Plans": [{"Node Type": "Nested Loop", "Parent Relationship": "Outer", "Join Type": "Inner", "Startup Cost": 2.96, "Total Cost": 42075.29, "Plan Rows": 999, "Plan Width": 59, "Actual Min Startup Time": 356.052, "Actual Max Startup Time": 356.052, "Actual Min Total Time": 817.29, "Actual Max Total Time": 817.29, "Inner Unique": false, "Plans": [{"Node Type": "Hash Join", "Parent Relationship": "Outer", "Join Type": "Inner", "Startup Cost": 2.41, "Total Cost": 37619.13, "Plan Rows": 971, "Plan Width": 46, "Actual Min Startup Time": 355.927, "Actual Max Startup Time": 355.927, "Actual Min Total Time": 423.314, "Actual Max Total Time": 423.314, "Inner Unique": true, "Hash Cond": "(mi.info_type_id = it1.id)", "Plans": [{"Node Type": "Streaming(type: LOCAL GATHER dop: 1/16)", "Parent Relationship": "Outer", "Startup Cost": 0.0, "Total Cost": 37352.11, "Plan Rows": 67971, "Plan Width": 50, "Actual Min Startup Time": 264.487, "Actual Max Startup Time": 264.487, "Actual Min Total Time": 384.421, "Actual Max Total Time": 384.421, "Plans": [{"Node Type": "Seq Scan", "Parent Relationship": "Outer", "Relation Name": "movie_info", "Alias": "mi", "Startup Cost": 0.0, "Total Cost": 35885.16, "Plan Rows": 67971, "Plan Width": 50, "Actual Min Startup Time": 238.026, "Actual Max Startup Time": 341.873, "Actual Min Total Time": 384.354, "Actual Max Total Time": 396.42, "Filter": "((note IS NULL) AND ((info)::text = ANY ('{Horror,Thriller}'::text[])))", "Rows Removed by Filter": 14762672, "Actual Rows": 73047}], "Actual Rows": 73047}, {"Node Type": "Hash", "Parent Relationship": "Inner", "Startup Cost": 2.4, "Total Cost": 2.4, "Plan Rows": 1, "Plan Width": 4, "Actual Min Startup Time": 0.059, "Actual Max Startup Time": 0.059, "Actual Min Total Time": 0.059, "Actual Max Total Time": 0.059, "Max Hash Buckets": 32768, "Min Hash Buckets": 32768, "Max Hash Batches": 1, "Min Hash Batches": 1, "Max Original Hash Batches": 1, "Min Original Hash Batches": 1, "Max Peak Memory Usage": 1, "min Peak Memory Usage": 1, "Plans": [{"Node Type": "Seq Scan", "Parent Relationship": "Outer", "Relation Name": "info_type", "Alias": "it1", "Startup Cost": 0.0, "Total Cost": 2.4, "Plan Rows": 1, "Plan Width": 4, "Actual Min Startup Time": 0.033, "Actual Max Startup Time": 0.033, "Actual Min Total Time": 0.057, "Actual Max Total Time": 0.057, "Filter": "((info)::text = 'genres'::text)", "Rows Removed by Filter": 111, "Actual Rows": 1}], "Actual Rows": 1}], "Actual Rows": 72258}, {"Node Type": "Bitmap Heap Scan", "Parent Relationship": "Inner", "Relation Name": "movie_info_idx", "Alias": "mi_idx", "Startup Cost": 0.55, "Total Cost": 4.58, "Plan Rows": 1, "Plan Width": 13, "Actual Min Startup Time": 312.169, "Actual Max Startup Time": 312.169, "Actual Min Total Time": 313.91, "Actual Max Total Time": 313.91, "Recheck Cond": "(movie_id = mi.movie_id)", "Rows Removed by Index Recheck": 0, "Filter": "((info)::text > '8.0'::text)", "Rows Removed by Filter": 113143, "Exact Heap Blocks": 39507, "Lossy Heap Blocks": 39507, "Plans": [{"Node Type": "Bitmap Index Scan", "Parent Relationship": "Outer", "Index Name": "movie_id_movie_info_idx", "Startup Cost": 0.0, "Total Cost": 0.55, "Plan Rows": 2, "Plan Width": 0, "Actual Min Startup Time": 181.386, "Actual Max Startup Time": 181.386, "Actual Min Total Time": 181.386, "Actual Max Total Time": 181.386, "Index Cond": "(movie_id = mi.movie_id)", "Actual Rows": 117278}], "Actual Rows": 4135}], "Actual Rows": 4135}, {"Node Type": "Hash", "Parent Relationship": "Inner", "Startup Cost": 2.4, "Total Cost": 2.4, "Plan Rows": 1, "Plan Width": 4, "Actual Min Startup Time": 0.102, "Actual Max Startup Time": 0.102, "Actual Min Total Time": 0.102, "Actual Max Total Time": 0.102, "Max Hash Buckets": 32768, "Min Hash Buckets": 32768, "Max Hash Batches": 1, "Min Hash Batches": 1, "Max Original Hash Batches": 1, "Min Original Hash Batches": 1, "Max Peak Memory Usage": 1, "min Peak Memory Usage": 1, "Plans": [{"Node Type": "Seq Scan", "Parent Relationship": "Outer", "Relation Name": "info_type", "Alias": "it2", "Startup Cost": 0.0, "Total Cost": 2.4, "Plan Rows": 1, "Plan Width": 4, "Actual Min Startup Time": 0.08, "Actual Max Startup Time": 0.08, "Actual Min Total Time": 0.086, "Actual Max Total Time": 0.086, "Filter": "((info)::text = 'rating'::text)", "Rows Removed by Filter": 111, "Actual Rows": 1}], "Actual Rows": 1}], "Actual Rows": 732}, {"Node Type": "Bitmap Heap Scan", "Parent Relationship": "Inner", "Relation Name": "title", "Alias": "t", "Startup Cost": 0.8, "Total Cost": 4.82, "Plan Rows": 1, "Plan Width": 21, "Actual Min Startup Time": 5.268, "Actual Max Startup Time": 5.268, "Actual Min Total Time": 5.268, "Actual Max Total Time": 5.268, "Recheck Cond": "(id = mi.movie_id)", "Rows Removed by Index Recheck": 0, "Filter": "((production_year >= 2008) AND (production_year <= 2014))", "Rows Removed by Filter": 374, "Exact Heap Blocks": 732, "Lossy Heap Blocks": 732, "Plans": [{"Node Type": "Bitmap Index Scan", "Parent Relationship": "Outer", "Index Name": "title_pkey", "Startup Cost": 0.0, "Total Cost": 0.8, "Plan Rows": 1, "Plan Width": 0, "Actual Min Startup Time": 3.079, "Actual Max Startup Time": 3.079, "Actual Min Total Time": 3.079, "Actual Max Total Time": 3.079, "Index Cond": "(id = mi.movie_id)", "Actual Rows": 732}], "Actual Rows": 358}], "Actual Rows": 358}, {"Node Type": "Bitmap Heap Scan", "Parent Relationship": "Inner", "Relation Name": "cast_info", "Alias": "ci", "Startup Cost": 1.01, "Total Cost": 5.12, "Plan Rows": 1, "Plan Width": 8, "Actual Min Startup Time": 25.961, "Actual Max Startup Time": 25.961, "Actual Min Total Time": 31.757, "Actual Max Total Time": 31.757, "Recheck Cond": "(movie_id = t.id)", "Rows Removed by Index Recheck": 0, "Filter": "((note)::text = ANY ('{(writer),\"(head writer)\",\"(written by)\",(story),\"(story editor)\"}'::text[]))", "Rows Removed by Filter": 12296, "Exact Heap Blocks": 11454, "Lossy Heap Blocks": 11454, "Plans": [{"Node Type": "Bitmap Index Scan", "Parent Relationship": "Outer", "Index Name": "movie_id_cast_info", "Startup Cost": 0.0, "Total Cost": 1.01, "Plan Rows": 6, "Plan Width": 0, "Actual Min Startup Time": 4.772, "Actual Max Startup Time": 4.772, "Actual Min Total Time": 4.772, "Actual Max Total Time": 4.772, "Index Cond": "(movie_id = t.id)", "Actual Rows": 12564}], "Actual Rows": 268}], "Actual Rows": 268}, {"Node Type": "Bitmap Heap Scan", "Parent Relationship": "Inner", "Relation Name": "name", "Alias": "n", "Startup Cost": 0.31, "Total Cost": 4.32, "Plan Rows": 1, "Plan Width": 4, "Actual Min Startup Time": 2.334, "Actual Max Startup Time": 2.334, "Actual Min Total Time": 2.334, "Actual Max Total Time": 2.334, "Recheck Cond": "(id = ci.person_id)", "Rows Removed by Index Recheck": 0, "Filter": "((gender IS NOT NULL) AND ((gender)::text = 'f'::text))", "Rows Removed by Filter": 257, "Exact Heap Blocks": 268, "Lossy Heap Blocks": 268, "Plans": [{"Node Type": "Bitmap Index Scan", "Parent Relationship": "Outer", "Index Name": "name_pkey", "Startup Cost": 0.0, "Total Cost": 0.31, "Plan Rows": 1, "Plan Width": 0, "Actual Min Startup Time": 1.436, "Actual Max Startup Time": 1.436, "Actual Min Total Time": 1.436, "Actual Max Total Time": 1.436, "Index Cond": "(id = ci.person_id)", "Actual Rows": 268}], "Actual Rows": 11}], "Actual Rows": 11}], "Actual Rows": 1}, "Triggers": [], "Planner Runtime": 81.439, "Total Runtime": 863.69, "Unique SQL Id": 661781350}}, "(16, '103')": {"explain_plan": {"Plan": {"Node Type": "Aggregate", "Strategy": "Plain", "Startup Cost": 156974.22, "Total Cost": 156974.23, "Plan Rows": 1, "Plan Width": 160, "Plans": [{"Node Type": "Nested Loop", "Parent Relationship": "Outer", "Join Type": "Inner", "Startup Cost": 7444.95, "Total Cost": 156972.58, "Plan Rows": 219, "Plan Width": 64, "Inner Unique": true, "Plans": [{"Node Type": "Nested Loop", "Parent Relationship": "Outer", "Join Type": "Inner", "Startup Cost": 7444.64, "Total Cost": 155581.46, "Plan Rows": 321, "Plan Width": 68, "Inner Unique": false, "Plans": [{"Node Type": "Hash Join", "Parent Relationship": "Outer", "Join Type": "Inner", "Startup Cost": 7443.63, "Total Cost": 154088.28, "Plan Rows": 291, "Plan Width": 76, "Inner Unique": true, "Hash Cond": "(mi.info_type_id = it1.id)", "Plans": [{"Node Type": "Nested Loop", "Parent Relationship": "Outer", "Join Type": "Inner", "Startup Cost": 7429.41, "Total Cost": 154037.63, "Plan Rows": 13753, "Plan Width": 80, "Inner Unique": false, "Plans": [{"Node Type": "Nested Loop", "Parent Relationship": "Outer", "Join Type": "Inner", "Startup Cost": 7428.83, "Total Cost": 83898.37, "Plan Rows": 15041, "Plan Width": 30, "Inner Unique": true, "Plans": [{"Node Type": "Nested Loop", "Parent Relationship": "Outer", "Join Type": "Inner", "Startup Cost": 7427.85, "Total Cost": 19211.73, "Plan Rows": 12936, "Plan Width": 9, "Inner Unique": false, "Plans": [{"Node Type": "Bitmap Heap Scan", "Parent Relationship": "Outer", "Relation Name": "info_type", "Alias": "it2", "Startup Cost": 8.81, "Total Cost": 14.21, "Plan Rows": 1, "Plan Width": 4, "Filter": "((info)::text = 'rating'::text)", "Plans": [{"Node Type": "Bitmap Index Scan", "Parent Relationship": "Outer", "Index Name": "info_type_pkey", "Startup Cost": 0.0, "Total Cost": 8.81, "Plan Rows": 112, "Plan Width": 0}]}, {"Node Type": "Bitmap Heap Scan", "Parent Relationship": "Inner", "Relation Name": "movie_info_idx", "Alias": "mi_idx", "Startup Cost": 7419.04, "Total Cost": 19068.16, "Plan Rows": 12936, "Plan Width": 13, "Recheck Cond": "(info_type_id = it2.id)", "Filter": "((info)::text > '8.0'::text)", "Plans": [{"Node Type": "Bitmap Index Scan", "Parent Relationship": "Outer", "Index Name": "info_type_id_movie_info_idx", "Startup Cost": 0.0, "Total Cost": 7415.81, "Plan Rows": 345008, "Plan Width": 0, "Index Cond": "(info_type_id = it2.id)"}]}]}, {"Node Type": "Bitmap Heap Scan", "Parent Relationship": "Inner", "Relation Name": "title", "Alias": "t", "Startup Cost": 0.97, "Total Cost": 4.99, "Plan Rows": 1, "Plan Width": 21, "Recheck Cond": "(id = mi_idx.movie_id)", "Filter": "((production_year >= 2008) AND (production_year <= 2014))", "Plans": [{"Node Type": "Bitmap Index Scan", "Parent Relationship": "Outer", "Index Name": "title_pkey", "Startup Cost": 0.0, "Total Cost": 0.97, "Plan Rows": 1, "Plan Width": 0, "Index Cond": "(id = mi_idx.movie_id)"}]}]}, {"Node Type": "Bitmap Heap Scan", "Parent Relationship": "Inner", "Relation Name": "movie_info", "Alias": "mi", "Startup Cost": 0.58, "Total Cost": 4.65, "Plan Rows": 1, "Plan Width": 50, "Recheck Cond": "(movie_id = t.id)", "Filter": "((note IS NULL) AND ((info)::text = ANY ('{Horror,Thriller}'::text[])))", "Plans": [{"Node Type": "Bitmap Index Scan", "Parent Relationship": "Outer", "Index Name": "movie_id_movie_info", "Startup Cost": 0.0, "Total Cost": 0.58, "Plan Rows": 5, "Plan Width": 0, "Index Cond": "(movie_id = t.id)"}]}]}, {"Node Type": "Hash", "Parent Relationship": "Inner", "Startup Cost": 14.21, "Total Cost": 14.21, "Plan Rows": 1, "Plan Width": 4, "Plans": [{"Node Type": "Bitmap Heap Scan", "Parent Relationship": "Outer", "Relation Name": "info_type", "Alias": "it1", "Startup Cost": 8.81, "Total Cost": 14.21, "Plan Rows": 1, "Plan Width": 4, "Filter": "((info)::text = 'genres'::text)", "Plans": [{"Node Type": "Bitmap Index Scan", "Parent Relationship": "Outer", "Index Name": "info_type_pkey", "Startup Cost": 0.0, "Total Cost": 8.81, "Plan Rows": 112, "Plan Width": 0}]}]}]}, {"Node Type": "Bitmap Heap Scan", "Parent Relationship": "Inner", "Relation Name": "cast_info", "Alias": "ci", "Startup Cost": 1.01, "Total Cost": 5.12, "Plan Rows": 1, "Plan Width": 8, "Recheck Cond": "(movie_id = t.id)", "Filter": "((note)::text = ANY ('{(writer),\"(head writer)\",\"(written by)\",(story),\"(story editor)\"}'::text[]))", "Plans": [{"Node Type": "Bitmap Index Scan", "Parent Relationship": "Outer", "Index Name": "movie_id_cast_info", "Startup Cost": 0.0, "Total Cost": 1.01, "Plan Rows": 6, "Plan Width": 0, "Index Cond": "(movie_id = t.id)"}]}]}, {"Node Type": "Bitmap Heap Scan", "Parent Relationship": "Inner", "Relation Name": "name", "Alias": "n", "Startup Cost": 0.31, "Total Cost": 4.32, "Plan Rows": 1, "Plan Width": 4, "Recheck Cond": "(id = ci.person_id)", "Filter": "((gender IS NOT NULL) AND ((gender)::text = 'f'::text))", "Plans": [{"Node Type": "Bitmap Index Scan", "Parent Relationship": "Outer", "Index Name": "name_pkey", "Startup Cost": 0.0, "Total Cost": 0.31, "Plan Rows": 1, "Plan Width": 0, "Index Cond": "(id = ci.person_id)"}]}]}]}, "Unique SQL Id": 661781350, "Planner Runtime": 11}, "explain_analyze_plan": {"Plan": {"Node Type": "Aggregate", "Strategy": "Plain", "Startup Cost": 156974.22, "Total Cost": 156974.23, "Plan Rows": 1, "Plan Width": 160, "Actual Startup Time": 612.351, "Actual Total Time": 612.352, "Actual Rows": 1, "Actual Loops": 1, "Plans": [{"Node Type": "Nested Loop", "Parent Relationship": "Outer", "Join Type": "Inner", "Startup Cost": 7444.95, "Total Cost": 156972.58, "Plan Rows": 219, "Plan Width": 64, "Actual Startup Time": 356.01, "Actual Total Time": 612.285, "Actual Rows": 11, "Actual Loops": 1, "Inner Unique": true, "Plans": [{"Node Type": "Nested Loop", "Parent Relationship": "Outer", "Join Type": "Inner", "Startup Cost": 7444.64, "Total Cost": 155581.46, "Plan Rows": 321, "Plan Width": 68, "Actual Startup Time": 136.924, "Actual Total Time": 609.535, "Actual Rows": 268, "Actual Loops": 1, "Inner Unique": false, "Plans": [{"Node Type": "Hash Join", "Parent Relationship": "Outer", "Join Type": "Inner", "Startup Cost": 7443.63, "Total Cost": 154088.28, "Plan Rows": 291, "Plan Width": 76, "Actual Startup Time": 66.709, "Actual Total Time": 577.719, "Actual Rows": 358, "Actual Loops": 1, "Inner Unique": true, "Hash Cond": "(mi.info_type_id = it1.id)", "Plans": [{"Node Type": "Nested Loop", "Parent Relationship": "Outer", "Join Type": "Inner", "Startup Cost": 7429.41, "Total Cost": 154037.63, "Plan Rows": 13753, "Plan Width": 80, "Actual Startup Time": 66.57, "Actual Total Time": 576.994, "Actual Rows": 358, "Actual Loops": 1, "Inner Unique": false, "Plans": [{"Node Type": "Nested Loop", "Parent Relationship": "Outer", "Join Type": "Inner", "Startup Cost": 7428.83, "Total Cost": 83898.37, "Plan Rows": 15041, "Plan Width": 30, "Actual Startup Time": 59.097, "Actual Total Time": 407.312, "Actual Rows": 6152, "Actual Loops": 1, "Inner Unique": true, "Plans": [{"Node Type": "Nested Loop", "Parent Relationship": "Outer", "Join Type": "Inner", "Startup Cost": 7427.85, "Total Cost": 19211.73, "Plan Rows": 12936, "Plan Width": 9, "Actual Startup Time": 57.403, "Actual Total Time": 302.866, "Actual Rows": 15849, "Actual Loops": 1, "Inner Unique": false, "Plans": [{"Node Type": "Bitmap Heap Scan", "Parent Relationship": "Outer", "Relation Name": "info_type", "Alias": "it2", "Startup Cost": 8.81, "Total Cost": 14.21, "Plan Rows": 1, "Plan Width": 4, "Actual Startup Time": 0.052, "Actual Total Time": 0.057, "Actual Rows": 1, "Actual Loops": 1, "Filter": "((info)::text = 'rating'::text)", "Rows Removed by Filter": 111, "Exact Heap Blocks": 1, "Lossy Heap Blocks": 1, "Plans": [{"Node Type": "Bitmap Index Scan", "Parent Relationship": "Outer", "Index Name": "info_type_pkey", "Startup Cost": 0.0, "Total Cost": 8.81, "Plan Rows": 112, "Plan Width": 0, "Actual Startup Time": 0.009, "Actual Total Time": 0.009, "Actual Rows": 112, "Actual Loops": 1}]}, {"Node Type": "Bitmap Heap Scan", "Parent Relationship": "Inner", "Relation Name": "movie_info_idx", "Alias": "mi_idx", "Startup Cost": 7419.04, "Total Cost": 19068.16, "Plan Rows": 12936, "Plan Width": 13, "Actual Startup Time": 57.346, "Actual Total Time": 299.014, "Actual Rows": 15849, "Actual Loops": 1, "Recheck Cond": "(info_type_id = it2.id)", "Rows Removed by Index Recheck": 0, "Filter": "((info)::text > '8.0'::text)", "Rows Removed by Filter": 444076, "Exact Heap Blocks": 6472, "Lossy Heap Blocks": 6472, "Plans": [{"Node Type": "Bitmap Index Scan", "Parent Relationship": "Outer", "Index Name": "info_type_id_movie_info_idx", "Startup Cost": 0.0, "Total Cost": 7415.81, "Plan Rows": 345008, "Plan Width": 0, "Actual Startup Time": 56.111, "Actual Total Time": 56.111, "Actual Rows": 459925, "Actual Loops": 1, "Index Cond": "(info_type_id = it2.id)"}]}]}, {"Node Type": "Bitmap Heap Scan", "Parent Relationship": "Inner", "Relation Name": "title", "Alias": "t", "Startup Cost": 0.97, "Total Cost": 4.99, "Plan Rows": 1, "Plan Width": 21, "Actual Startup Time": 83.565, "Actual Total Time": 83.565, "Actual Rows": 6152, "Actual Loops": 15849, "Recheck Cond": "(id = mi_idx.movie_id)", "Rows Removed by Index Recheck": 0, "Filter": "((production_year >= 2008) AND (production_year <= 2014))", "Rows Removed by Filter": 9697, "Exact Heap Blocks": 15849, "Lossy Heap Blocks": 15849, "Plans": [{"Node Type": "Bitmap Index Scan", "Parent Relationship": "Outer", "Index Name": "title_pkey", "Startup Cost": 0.0, "Total Cost": 0.97, "Plan Rows": 1, "Plan Width": 0, "Actual Startup Time": 44.673, "Actual Total Time": 44.673, "Actual Rows": 15849, "Actual Loops": 15849, "Index Cond": "(id = mi_idx.movie_id)"}]}]}, {"Node Type": "Bitmap Heap Scan", "Parent Relationship": "Inner", "Relation Name": "movie_info", "Alias": "mi", "Startup Cost": 0.58, "Total Cost": 4.65, "Plan Rows": 1, "Plan Width": 50, "Actual Startup Time": 161.421, "Actual Total Time": 161.578, "Actual Rows": 358, "Actual Loops": 6152, "Recheck Cond": "(movie_id = t.id)", "Rows Removed by Index Recheck": 0, "Filter": "((note IS NULL) AND ((info)::text = ANY ('{Horror,Thriller}'::text[])))", "Rows Removed by Filter": 109599, "Exact Heap Blocks": 52726, "Lossy Heap Blocks": 52726, "Plans": [{"Node Type": "Bitmap Index Scan", "Parent Relationship": "Outer", "Index Name": "movie_id_movie_info", "Startup Cost": 0.0, "Total Cost": 0.58, "Plan Rows": 5, "Plan Width": 0, "Actual Startup Time": 37.937, "Actual Total Time": 37.937, "Actual Rows": 109957, "Actual Loops": 6152, "Index Cond": "(movie_id = t.id)"}]}]}, {"Node Type": "Hash", "Parent Relationship": "Inner", "Startup Cost": 14.21, "Total Cost": 14.21, "Plan Rows": 1, "Plan Width": 4, "Actual Startup Time": 0.087, "Actual Total Time": 0.087, "Actual Rows": 1, "Actual Loops": 1, "Hash Buckets": 32768, "Hash Batches": 1, "Original Hash Batches": 1, "Peak Memory Usage": 1, "Plans": [{"Node Type": "Bitmap Heap Scan", "Parent Relationship": "Outer", "Relation Name": "info_type", "Alias": "it1", "Startup Cost": 8.81, "Total Cost": 14.21, "Plan Rows": 1, "Plan Width": 4, "Actual Startup Time": 0.056, "Actual Total Time": 0.079, "Actual Rows": 1, "Actual Loops": 1, "Filter": "((info)::text = 'genres'::text)", "Rows Removed by Filter": 111, "Exact Heap Blocks": 1, "Lossy Heap Blocks": 1, "Plans": [{"Node Type": "Bitmap Index Scan", "Parent Relationship": "Outer", "Index Name": "info_type_pkey", "Startup Cost": 0.0, "Total Cost": 8.81, "Plan Rows": 112, "Plan Width": 0, "Actual Startup Time": 0.015, "Actual Total Time": 0.015, "Actual Rows": 112, "Actual Loops": 1}]}]}]}, {"Node Type": "Bitmap Heap Scan", "Parent Relationship": "Inner", "Relation Name": "cast_info", "Alias": "ci", "Startup Cost": 1.01, "Total Cost": 5.12, "Plan Rows": 1, "Plan Width": 8, "Actual Startup Time": 25.159, "Actual Total Time": 30.753, "Actual Rows": 268, "Actual Loops": 358, "Recheck Cond": "(movie_id = t.id)", "Rows Removed by Index Recheck": 0, "Filter": "((note)::text = ANY ('{(writer),\"(head writer)\",\"(written by)\",(story),\"(story editor)\"}'::text[]))", "Rows Removed by Filter": 12296, "Exact Heap Blocks": 11454, "Lossy Heap Blocks": 11454, "Plans": [{"Node Type": "Bitmap Index Scan", "Parent Relationship": "Outer", "Index Name": "movie_id_cast_info", "Startup Cost": 0.0, "Total Cost": 1.01, "Plan Rows": 6, "Plan Width": 0, "Actual Startup Time": 4.731, "Actual Total Time": 4.731, "Actual Rows": 12564, "Actual Loops": 358, "Index Cond": "(movie_id = t.id)"}]}]}, {"Node Type": "Bitmap Heap Scan", "Parent Relationship": "Inner", "Relation Name": "name", "Alias": "n", "Startup Cost": 0.31, "Total Cost": 4.32, "Plan Rows": 1, "Plan Width": 4, "Actual Startup Time": 2.222, "Actual Total Time": 2.222, "Actual Rows": 11, "Actual Loops": 268, "Recheck Cond": "(id = ci.person_id)", "Rows Removed by Index Recheck": 0, "Filter": "((gender IS NOT NULL) AND ((gender)::text = 'f'::text))", "Rows Removed by Filter": 257, "Exact Heap Blocks": 268, "Lossy Heap Blocks": 268, "Plans": [{"Node Type": "Bitmap Index Scan", "Parent Relationship": "Outer", "Index Name": "name_pkey", "Startup Cost": 0.0, "Total Cost": 0.31, "Plan Rows": 1, "Plan Width": 0, "Actual Startup Time": 1.377, "Actual Total Time": 1.377, "Actual Rows": 268, "Actual Loops": 268, "Index Cond": "(id = ci.person_id)"}]}]}]}, "Triggers": [], "Planner Runtime": 22.993, "Total Runtime": 612.681, "Unique SQL Id": 661781350}}, "(16, '104')": {"explain_plan": {"Plan": {"Node Type": "Aggregate", "Strategy": "Plain", "Startup Cost": 40404.31, "Total Cost": 40404.32, "Plan Rows": 1, "Plan Width": 160, "Plans": [{"Node Type": "Nested Loop", "Parent Relationship": "Outer", "Join Type": "Inner", "Startup Cost": 2.41, "Total Cost": 40402.67, "Plan Rows": 219, "Plan Width": 64, "Inner Unique": true, "Plans": [{"Node Type": "Nested Loop", "Parent Relationship": "Outer", "Join Type": "Inner", "Startup Cost": 2.41, "Total Cost": 40241.67, "Plan Rows": 321, "Plan Width": 68, "Inner Unique": false, "Plans": [{"Node Type": "Nested Loop", "Parent Relationship": "Outer", "Join Type": "Inner", "Startup Cost": 2.41, "Total Cost": 39556.65, "Plan Rows": 291, "Plan Width": 76, "Inner Unique": true, "Plans": [{"Node Type": "Nested Loop", "Parent Relationship": "Outer", "Join Type": "Inner", "Startup Cost": 2.41, "Total Cost": 38843.44, "Plan Rows": 250, "Plan Width": 55, "Inner Unique": true, "Plans": [{"Node Type": "Nested Loop", "Parent Relationship": "Outer", "Join Type": "Inner", "Startup Cost": 2.41, "Total Cost": 38560.99, "Plan Rows": 999, "Plan Width": 59, "Inner Unique": false, "Plans": [{"Node Type": "Hash Join", "Parent Relationship": "Outer", "Join Type": "Inner", "Startup Cost": 2.41, "Total Cost": 37619.13, "Plan Rows": 971, "Plan Width": 46, "Inner Unique": true, "Hash Cond": "(mi.info_type_id = it1.id)", "Plans": [{"Node Type": "Streaming(type: LOCAL GATHER dop: 1/16)", "Parent Relationship": "Outer", "Startup Cost": 0.0, "Total Cost": 37352.11, "Plan Rows": 67971, "Plan Width": 50, "Plans": [{"Node Type": "Seq Scan", "Parent Relationship": "Outer", "Relation Name": "movie_info", "Alias": "mi", "Startup Cost": 0.0, "Total Cost": 35885.16, "Plan Rows": 67971, "Plan Width": 50, "Filter": "((note IS NULL) AND ((info)::text = ANY ('{Horror,Thriller}'::text[])))"}]}, {"Node Type": "Hash", "Parent Relationship": "Inner", "Startup Cost": 2.4, "Total Cost": 2.4, "Plan Rows": 1, "Plan Width": 4, "Plans": [{"Node Type": "Seq Scan", "Parent Relationship": "Outer", "Relation Name": "info_type", "Alias": "it1", "Startup Cost": 0.0, "Total Cost": 2.4, "Plan Rows": 1, "Plan Width": 4, "Filter": "((info)::text = 'genres'::text)"}]}]}, {"Node Type": "Index Scan", "Parent Relationship": "Inner", "Scan Direction": "Forward", "Index Name": "movie_id_movie_info_idx", "Relation Name": "movie_info_idx", "Alias": "mi_idx", "Startup Cost": 0.0, "Total Cost": 0.96, "Plan Rows": 1, "Plan Width": 13, "Index Cond": "(movie_id = mi.movie_id)", "Filter": "((info)::text > '8.0'::text)"}]}, {"Node Type": "Index Scan", "Parent Relationship": "Inner", "Scan Direction": "Forward", "Index Name": "info_type_pkey", "Relation Name": "info_type", "Alias": "it2", "Startup Cost": 0.0, "Total Cost": 0.27, "Plan Rows": 1, "Plan Width": 4, "Index Cond": "(id = mi_idx.info_type_id)", "Filter": "((info)::text = 'rating'::text)"}]}, {"Node Type": "Index Scan", "Parent Relationship": "Inner", "Scan Direction": "Forward", "Index Name": "title_pkey", "Relation Name": "title", "Alias": "t", "Startup Cost": 0.0, "Total Cost": 2.84, "Plan Rows": 1, "Plan Width": 21, "Index Cond": "(id = mi.movie_id)", "Filter": "((production_year >= 2008) AND (production_year <= 2014))"}]}, {"Node Type": "Index Scan", "Parent Relationship": "Inner", "Scan Direction": "Forward", "Index Name": "movie_id_cast_info", "Relation Name": "cast_info", "Alias": "ci", "Startup Cost": 0.0, "Total Cost": 2.34, "Plan Rows": 1, "Plan Width": 8, "Index Cond": "(movie_id = t.id)", "Filter": "((note)::text = ANY ('{(writer),\"(head writer)\",\"(written by)\",(story),\"(story editor)\"}'::text[]))"}]}, {"Node Type": "Index Scan", "Parent Relationship": "Inner", "Scan Direction": "Forward", "Index Name": "name_pkey", "Relation Name": "name", "Alias": "n", "Startup Cost": 0.0, "Total Cost": 0.49, "Plan Rows": 1, "Plan Width": 4, "Index Cond": "(id = ci.person_id)", "Filter": "((gender IS NOT NULL) AND ((gender)::text = 'f'::text))"}]}]}, "Unique SQL Id": 661781350, "Planner Runtime": 49}, "explain_analyze_plan": {"Plan": {"Node Type": "Aggregate", "Strategy": "Plain", "Startup Cost": 40404.31, "Total Cost": 40404.32, "Plan Rows": 1, "Plan Width": 160, "Actual Min Startup Time": 760.866, "Actual Max Startup Time": 760.866, "Actual Min Total Time": 760.866, "Actual Max Total Time": 760.866, "Plans": [{"Node Type": "Nested Loop", "Parent Relationship": "Outer", "Join Type": "Inner", "Startup Cost": 2.41, "Total Cost": 40402.67, "Plan Rows": 219, "Plan Width": 64, "Actual Min Startup Time": 365.571, "Actual Max Startup Time": 365.571, "Actual Min Total Time": 760.797, "Actual Max Total Time": 760.797, "Inner Unique": true, "Plans": [{"Node Type": "Nested Loop", "Parent Relationship": "Outer", "Join Type": "Inner", "Startup Cost": 2.41, "Total Cost": 40241.67, "Plan Rows": 321, "Plan Width": 68, "Actual Min Startup Time": 357.854, "Actual Max Startup Time": 357.854, "Actual Min Total Time": 758.632, "Actual Max Total Time": 758.632, "Inner Unique": false, "Plans": [{"Node Type": "Nested Loop", "Parent Relationship": "Outer", "Join Type": "Inner", "Startup Cost": 2.41, "Total Cost": 39556.65, "Plan Rows": 291, "Plan Width": 76, "Actual Min Startup Time": 356.081, "Actual Max Startup Time": 356.081, "Actual Min Total Time": 733.665, "Actual Max Total Time": 733.665, "Inner Unique": true, "Plans": [{"Node Type": "Nested Loop", "Parent Relationship": "Outer", "Join Type": "Inner", "Startup Cost": 2.41, "Total Cost": 38843.44, "Plan Rows": 250, "Plan Width": 55, "Actual Min Startup Time": 356.061, "Actual Max Startup Time": 356.061, "Actual Min Total Time": 728.846, "Actual Max Total Time": 728.846, "Inner Unique": true, "Plans": [{"Node Type": "Nested Loop", "Parent Relationship": "Outer", "Join Type": "Inner", "Startup Cost": 2.41, "Total Cost": 38560.99, "Plan Rows": 999, "Plan Width": 59, "Actual Min Startup Time": 355.951, "Actual Max Startup Time": 355.951, "Actual Min Total Time": 718.253, "Actual Max Total Time": 718.253, "Inner Unique": false, "Plans": [{"Node Type": "Hash Join", "Parent Relationship": "Outer", "Join Type": "Inner", "Startup Cost": 2.41, "Total Cost": 37619.13, "Plan Rows": 971, "Plan Width": 46, "Actual Min Startup Time": 355.852, "Actual Max Startup Time": 355.852, "Actual Min Total Time": 422.638, "Actual Max Total Time": 422.638, "Inner Unique": true, "Hash Cond": "(mi.info_type_id = it1.id)", "Plans": [{"Node Type": "Streaming(type: LOCAL GATHER dop: 1/16)", "Parent Relationship": "Outer", "Startup Cost": 0.0, "Total Cost": 37352.11, "Plan Rows": 67971, "Plan Width": 50, "Actual Min Startup Time": 270.363, "Actual Max Startup Time": 270.363, "Actual Min Total Time": 385.946, "Actual Max Total Time": 385.946, "Plans": [{"Node Type": "Seq Scan", "Parent Relationship": "Outer", "Relation Name": "movie_info", "Alias": "mi", "Startup Cost": 0.0, "Total Cost": 35885.16, "Plan Rows": 67971, "Plan Width": 50, "Actual Min Startup Time": 236.482, "Actual Max Startup Time": 342.262, "Actual Min Total Time": 383.658, "Actual Max Total Time": 397.806, "Filter": "((note IS NULL) AND ((info)::text = ANY ('{Horror,Thriller}'::text[])))", "Rows Removed by Filter": 14762672, "Actual Rows": 73047}], "Actual Rows": 73047}, {"Node Type": "Hash", "Parent Relationship": "Inner", "Startup Cost": 2.4, "Total Cost": 2.4, "Plan Rows": 1, "Plan Width": 4, "Actual Min Startup Time": 0.132, "Actual Max Startup Time": 0.132, "Actual Min Total Time": 0.132, "Actual Max Total Time": 0.132, "Max Hash Buckets": 32768, "Min Hash Buckets": 32768, "Max Hash Batches": 1, "Min Hash Batches": 1, "Max Original Hash Batches": 1, "Min Original Hash Batches": 1, "Max Peak Memory Usage": 1, "min Peak Memory Usage": 1, "Plans": [{"Node Type": "Seq Scan", "Parent Relationship": "Outer", "Relation Name": "info_type", "Alias": "it1", "Startup Cost": 0.0, "Total Cost": 2.4, "Plan Rows": 1, "Plan Width": 4, "Actual Min Startup Time": 0.088, "Actual Max Startup Time": 0.088, "Actual Min Total Time": 0.112, "Actual Max Total Time": 0.112, "Filter": "((info)::text = 'genres'::text)", "Rows Removed by Filter": 111, "Actual Rows": 1}], "Actual Rows": 1}], "Actual Rows": 72258}, {"Node Type": "Index Scan", "Parent Relationship": "Inner", "Scan Direction": "Forward", "Index Name": "movie_id_movie_info_idx", "Relation Name": "movie_info_idx", "Alias": "mi_idx", "Startup Cost": 0.0, "Total Cost": 0.96, "Plan Rows": 1, "Plan Width": 13, "Actual Min Startup Time": 256.604, "Actual Max Startup Time": 256.604, "Actual Min Total Time": 260.05, "Actual Max Total Time": 260.05, "Index Cond": "(movie_id = mi.movie_id)", "Rows Removed by Index Recheck": 0, "Filter": "((info)::text > '8.0'::text)", "Rows Removed by Filter": 113143, "Actual Rows": 4135}], "Actual Rows": 4135}, {"Node Type": "Index Scan", "Parent Relationship": "Inner", "Scan Direction": "Forward", "Index Name": "info_type_pkey", "Relation Name": "info_type", "Alias": "it2", "Startup Cost": 0.0, "Total Cost": 0.27, "Plan Rows": 1, "Plan Width": 4, "Actual Min Startup Time": 8.23, "Actual Max Startup Time": 8.23, "Actual Min Total Time": 8.23, "Actual Max Total Time": 8.23, "Index Cond": "(id = mi_idx.info_type_id)", "Rows Removed by Index Recheck": 0, "Filter": "((info)::text = 'rating'::text)", "Rows Removed by Filter": 3403, "Actual Rows": 732}], "Actual Rows": 732}, {"Node Type": "Index Scan", "Parent Relationship": "Inner", "Scan Direction": "Forward", "Index Name": "title_pkey", "Relation Name": "title", "Alias": "t", "Startup Cost": 0.0, "Total Cost": 2.84, "Plan Rows": 1, "Plan Width": 21, "Actual Min Startup Time": 4.163, "Actual Max Startup Time": 4.163, "Actual Min Total Time": 4.163, "Actual Max Total Time": 4.163, "Index Cond": "(id = mi.movie_id)", "Rows Removed by Index Recheck": 0, "Filter": "((production_year >= 2008) AND (production_year <= 2014))", "Rows Removed by Filter": 374, "Actual Rows": 358}], "Actual Rows": 358}, {"Node Type": "Index Scan", "Parent Relationship": "Inner", "Scan Direction": "Forward", "Index Name": "movie_id_cast_info", "Relation Name": "cast_info", "Alias": "ci", "Startup Cost": 0.0, "Total Cost": 2.34, "Plan Rows": 1, "Plan Width": 8, "Actual Min Startup Time": 19.408, "Actual Max Startup Time": 19.408, "Actual Min Total Time": 24.639, "Actual Max Total Time": 24.639, "Index Cond": "(movie_id = t.id)", "Rows Removed by Index Recheck": 0, "Filter": "((note)::text = ANY ('{(writer),\"(head writer)\",\"(written by)\",(story),\"(story editor)\"}'::text[]))", "Rows Removed by Filter": 12296, "Actual Rows": 268}], "Actual Rows": 268}, {"Node Type": "Index Scan", "Parent Relationship": "Inner", "Scan Direction": "Forward", "Index Name": "name_pkey", "Relation Name": "name", "Alias": "n", "Startup Cost": 0.0, "Total Cost": 0.49, "Plan Rows": 1, "Plan Width": 4, "Actual Min Startup Time": 1.937, "Actual Max Startup Time": 1.937, "Actual Min Total Time": 1.937, "Actual Max Total Time": 1.937, "Index Cond": "(id = ci.person_id)", "Rows Removed by Index Recheck": 0, "Filter": "((gender IS NOT NULL) AND ((gender)::text = 'f'::text))", "Rows Removed by Filter": 257, "Actual Rows": 11}], "Actual Rows": 11}], "Actual Rows": 1}, "Triggers": [], "Planner Runtime": 56.447, "Total Runtime": 763.624, "Unique SQL Id": 661781350}}, "(16, '105')": {"explain_plan": {"Plan": {"Node Type": "Aggregate", "Strategy": "Plain", "Startup Cost": 100763.69, "Total Cost": 100763.7, "Plan Rows": 1, "Plan Width": 160, "Plans": [{"Node Type": "Nested Loop", "Parent Relationship": "Outer", "Join Type": "Inner", "Startup Cost": 14.22, "Total Cost": 100762.05, "Plan Rows": 219, "Plan Width": 64, "Inner Unique": true, "Plans": [{"Node Type": "Nested Loop", "Parent Relationship": "Outer", "Join Type": "Inner", "Startup Cost": 14.22, "Total Cost": 100601.06, "Plan Rows": 321, "Plan Width": 68, "Inner Unique": false, "Plans": [{"Node Type": "Hash Join", "Parent Relationship": "Outer", "Join Type": "Inner", "Startup Cost": 14.22, "Total Cost": 99916.04, "Plan Rows": 291, "Plan Width": 76, "Inner Unique": true, "Hash Cond": "(mi.info_type_id = it1.id)", "Plans": [{"Node Type": "Nested Loop", "Parent Relationship": "Outer", "Join Type": "Inner", "Startup Cost": 0.0, "Total Cost": 99865.39, "Plan Rows": 13753, "Plan Width": 80, "Inner Unique": false, "Plans": [{"Node Type": "Nested Loop", "Parent Relationship": "Outer", "Join Type": "Inner", "Startup Cost": 0.0, "Total Cost": 78493.26, "Plan Rows": 15041, "Plan Width": 30, "Inner Unique": true, "Plans": [{"Node Type": "Nested Loop", "Parent Relationship": "Outer", "Join Type": "Inner", "Startup Cost": 0.0, "Total Cost": 35880.0, "Plan Rows": 12936, "Plan Width": 9, "Inner Unique": false, "Plans": [{"Node Type": "Index Scan", "Parent Relationship": "Outer", "Scan Direction": "Forward", "Index Name": "info_type_pkey", "Relation Name": "info_type", "Alias": "it2", "Startup Cost": 0.0, "Total Cost": 14.21, "Plan Rows": 1, "Plan Width": 4, "Filter": "((info)::text = 'rating'::text)"}, {"Node Type": "Index Scan", "Parent Relationship": "Inner", "Scan Direction": "Forward", "Index Name": "info_type_id_movie_info_idx", "Relation Name": "movie_info_idx", "Alias": "mi_idx", "Startup Cost": 0.0, "Total Cost": 35736.43, "Plan Rows": 12936, "Plan Width": 13, "Index Cond": "(info_type_id = it2.id)", "Filter": "((info)::text > '8.0'::text)"}]}, {"Node Type": "Index Scan", "Parent Relationship": "Inner", "Scan Direction": "Forward", "Index Name": "title_pkey", "Relation Name": "title", "Alias": "t", "Startup Cost": 0.0, "Total Cost": 3.28, "Plan Rows": 1, "Plan Width": 21, "Index Cond": "(id = mi_idx.movie_id)", "Filter": "((production_year >= 2008) AND (production_year <= 2014))"}]}, {"Node Type": "Index Scan", "Parent Relationship": "Inner", "Scan Direction": "Forward", "Index Name": "movie_id_movie_info", "Relation Name": "movie_info", "Alias": "mi", "Startup Cost": 0.0, "Total Cost": 1.41, "Plan Rows": 1, "Plan Width": 50, "Index Cond": "(movie_id = t.id)", "Filter": "((note IS NULL) AND ((info)::text = ANY ('{Horror,Thriller}'::text[])))"}]}, {"Node Type": "Hash", "Parent Relationship": "Inner", "Startup Cost": 14.21, "Total Cost": 14.21, "Plan Rows": 1, "Plan Width": 4, "Plans": [{"Node Type": "Index Scan", "Parent Relationship": "Outer", "Scan Direction": "Forward", "Index Name": "info_type_pkey", "Relation Name": "info_type", "Alias": "it1", "Startup Cost": 0.0, "Total Cost": 14.21, "Plan Rows": 1, "Plan Width": 4, "Filter": "((info)::text = 'genres'::text)"}]}]}, {"Node Type": "Index Scan", "Parent Relationship": "Inner", "Scan Direction": "Forward", "Index Name": "movie_id_cast_info", "Relation Name": "cast_info", "Alias": "ci", "Startup Cost": 0.0, "Total Cost": 2.34, "Plan Rows": 1, "Plan Width": 8, "Index Cond": "(movie_id = t.id)", "Filter": "((note)::text = ANY ('{(writer),\"(head writer)\",\"(written by)\",(story),\"(story editor)\"}'::text[]))"}]}, {"Node Type": "Index Scan", "Parent Relationship": "Inner", "Scan Direction": "Forward", "Index Name": "name_pkey", "Relation Name": "name", "Alias": "n", "Startup Cost": 0.0, "Total Cost": 0.49, "Plan Rows": 1, "Plan Width": 4, "Index Cond": "(id = ci.person_id)", "Filter": "((gender IS NOT NULL) AND ((gender)::text = 'f'::text))"}]}]}, "Unique SQL Id": 661781350, "Planner Runtime": 13}, "explain_analyze_plan": {"Plan": {"Node Type": "Aggregate", "Strategy": "Plain", "Startup Cost": 100763.69, "Total Cost": 100763.7, "Plan Rows": 1, "Plan Width": 160, "Actual Startup Time": 568.657, "Actual Total Time": 568.657, "Actual Rows": 1, "Actual Loops": 1, "Plans": [{"Node Type": "Nested Loop", "Parent Relationship": "Outer", "Join Type": "Inner", "Startup Cost": 14.22, "Total Cost": 100762.05, "Plan Rows": 219, "Plan Width": 64, "Actual Startup Time": 289.007, "Actual Total Time": 568.589, "Actual Rows": 11, "Actual Loops": 1, "Inner Unique": true, "Plans": [{"Node Type": "Nested Loop", "Parent Relationship": "Outer", "Join Type": "Inner", "Startup Cost": 14.22, "Total Cost": 100601.06, "Plan Rows": 321, "Plan Width": 68, "Actual Startup Time": 77.411, "Actual Total Time": 566.37, "Actual Rows": 268, "Actual Loops": 1, "Inner Unique": false, "Plans": [{"Node Type": "Hash Join", "Parent Relationship": "Outer", "Join Type": "Inner", "Startup Cost": 14.22, "Total Cost": 99916.04, "Plan Rows": 291, "Plan Width": 76, "Actual Startup Time": 9.616, "Actual Total Time": 541.388, "Actual Rows": 358, "Actual Loops": 1, "Inner Unique": true, "Hash Cond": "(mi.info_type_id = it1.id)", "Plans": [{"Node Type": "Nested Loop", "Parent Relationship": "Outer", "Join Type": "Inner", "Startup Cost": 0.0, "Total Cost": 99865.39, "Plan Rows": 13753, "Plan Width": 80, "Actual Startup Time": 9.486, "Actual Total Time": 540.83, "Actual Rows": 358, "Actual Loops": 1, "Inner Unique": false, "Plans": [{"Node Type": "Nested Loop", "Parent Relationship": "Outer", "Join Type": "Inner", "Startup Cost": 0.0, "Total Cost": 78493.26, "Plan Rows": 15041, "Plan Width": 30, "Actual Startup Time": 1.775, "Actual Total Time": 402.779, "Actual Rows": 6152, "Actual Loops": 1, "Inner Unique": true, "Plans": [{"Node Type": "Nested Loop", "Parent Relationship": "Outer", "Join Type": "Inner", "Startup Cost": 0.0, "Total Cost": 35880.0, "Plan Rows": 12936, "Plan Width": 9, "Actual Startup Time": 0.117, "Actual Total Time": 323.231, "Actual Rows": 15849, "Actual Loops": 1, "Inner Unique": false, "Plans": [{"Node Type": "Index Scan", "Parent Relationship": "Outer", "Scan Direction": "Forward", "Index Name": "info_type_pkey", "Relation Name": "info_type", "Alias": "it2", "Startup Cost": 0.0, "Total Cost": 14.21, "Plan Rows": 1, "Plan Width": 4, "Actual Startup Time": 0.073, "Actual Total Time": 0.086, "Actual Rows": 1, "Actual Loops": 1, "Filter": "((info)::text = 'rating'::text)", "Rows Removed by Filter": 111}, {"Node Type": "Index Scan", "Parent Relationship": "Inner", "Scan Direction": "Forward", "Index Name": "info_type_id_movie_info_idx", "Relation Name": "movie_info_idx", "Alias": "mi_idx", "Startup Cost": 0.0, "Total Cost": 35736.43, "Plan Rows": 12936, "Plan Width": 13, "Actual Startup Time": 0.039, "Actual Total Time": 319.478, "Actual Rows": 15849, "Actual Loops": 1, "Index Cond": "(info_type_id = it2.id)", "Rows Removed by Index Recheck": 0, "Filter": "((info)::text > '8.0'::text)", "Rows Removed by Filter": 444076}]}, {"Node Type": "Index Scan", "Parent Relationship": "Inner", "Scan Direction": "Forward", "Index Name": "title_pkey", "Relation Name": "title", "Alias": "t", "Startup Cost": 0.0, "Total Cost": 3.28, "Plan Rows": 1, "Plan Width": 21, "Actual Startup Time": 69.345, "Actual Total Time": 69.345, "Actual Rows": 6152, "Actual Loops": 15849, "Index Cond": "(id = mi_idx.movie_id)", "Rows Removed by Index Recheck": 0, "Filter": "((production_year >= 2008) AND (production_year <= 2014))", "Rows Removed by Filter": 9697}]}, {"Node Type": "Index Scan", "Parent Relationship": "Inner", "Scan Direction": "Forward", "Index Name": "movie_id_movie_info", "Relation Name": "movie_info", "Alias": "mi", "Startup Cost": 0.0, "Total Cost": 1.41, "Plan Rows": 1, "Plan Width": 50, "Actual Startup Time": 134.1, "Actual Total Time": 134.426, "Actual Rows": 358, "Actual Loops": 6152, "Index Cond": "(movie_id = t.id)", "Rows Removed by Index Recheck": 0, "Filter": "((note IS NULL) AND ((info)::text = ANY ('{Horror,Thriller}'::text[])))", "Rows Removed by Filter": 109599}]}, {"Node Type": "Hash", "Parent Relationship": "Inner", "Startup Cost": 14.21, "Total Cost": 14.21, "Plan Rows": 1, "Plan Width": 4, "Actual Startup Time": 0.073, "Actual Total Time": 0.073, "Actual Rows": 1, "Actual Loops": 1, "Hash Buckets": 32768, "Hash Batches": 1, "Original Hash Batches": 1, "Peak Memory Usage": 1, "Plans": [{"Node Type": "Index Scan", "Parent Relationship": "Outer", "Scan Direction": "Forward", "Index Name": "info_type_pkey", "Relation Name": "info_type", "Alias": "it1", "Startup Cost": 0.0, "Total Cost": 14.21, "Plan Rows": 1, "Plan Width": 4, "Actual Startup Time": 0.019, "Actual Total Time": 0.065, "Actual Rows": 1, "Actual Loops": 1, "Filter": "((info)::text = 'genres'::text)", "Rows Removed by Filter": 111}]}]}, {"Node Type": "Index Scan", "Parent Relationship": "Inner", "Scan Direction": "Forward", "Index Name": "movie_id_cast_info", "Relation Name": "cast_info", "Alias": "ci", "Startup Cost": 0.0, "Total Cost": 2.34, "Plan Rows": 1, "Plan Width": 8, "Actual Startup Time": 19.351, "Actual Total Time": 24.515, "Actual Rows": 268, "Actual Loops": 358, "Index Cond": "(movie_id = t.id)", "Rows Removed by Index Recheck": 0, "Filter": "((note)::text = ANY ('{(writer),\"(head writer)\",\"(written by)\",(story),\"(story editor)\"}'::text[]))", "Rows Removed by Filter": 12296}]}, {"Node Type": "Index Scan", "Parent Relationship": "Inner", "Scan Direction": "Forward", "Index Name": "name_pkey", "Relation Name": "name", "Alias": "n", "Startup Cost": 0.0, "Total Cost": 0.49, "Plan Rows": 1, "Plan Width": 4, "Actual Startup Time": 1.964, "Actual Total Time": 1.964, "Actual Rows": 11, "Actual Loops": 268, "Index Cond": "(id = ci.person_id)", "Rows Removed by Index Recheck": 0, "Filter": "((gender IS NOT NULL) AND ((gender)::text = 'f'::text))", "Rows Removed by Filter": 257}]}]}, "Triggers": [], "Planner Runtime": 18.421, "Total Runtime": 569.087, "Unique SQL Id": 661781350}}, "(16, '106')": {"explain_plan": {"Plan": {"Node Type": "Aggregate", "Strategy": "Plain", "Startup Cost": 191052.66, "Total Cost": 191052.67, "Plan Rows": 1, "Plan Width": 160, "Plans": [{"Node Type": "Hash Join", "Parent Relationship": "Outer", "Join Type": "Inner", "Startup Cost": 122683.46, "Total Cost": 191050.91, "Plan Rows": 233, "Plan Width": 64, "Inner Unique": true, "Hash Cond": "(mi_idx.info_type_id = it2.id)", "Plans": [{"Node Type": "Hash Join", "Parent Relationship": "Outer", "Join Type": "Inner", "Startup Cost": 122681.05, "Total Cost": 191042.65, "Plan Rows": 934, "Plan Width": 68, "Inner Unique": true, "Hash Cond": "(ci.person_id = n.id)", "Plans": [{"Node Type": "Streaming(type: LOCAL GATHER dop: 1/16)", "Parent Relationship": "Outer", "Startup Cost": 106141.41, "Total Cost": 174488.87, "Plan Rows": 1285, "Plan Width": 72, "Plans": [{"Node Type": "Hash Join", "Parent Relationship": "Outer", "Join Type": "Inner", "Startup Cost": 106141.41, "Total Cost": 174461.14, "Plan Rows": 1285, "Plan Width": 72, "Inner Unique": true, "Hash Cond": "(mi.movie_id = t.id)", "Plans": [{"Node Type": "Streaming(type: BROADCAST dop: 16/16)", "Parent Relationship": "Outer", "Startup Cost": 85985.62, "Total Cost": 154300.41, "Plan Rows": 17680, "Plan Width": 67, "Plans": [{"Node Type": "Hash Join", "Parent Relationship": "Outer", "Join Type": "Inner", "Startup Cost": 85985.62, "Total Cost": 139255.51, "Plan Rows": 1105, "Plan Width": 67, "Inner Unique": false, "Hash Cond": "(mi.movie_id = ci.movie_id)", "Plans": [{"Node Type": "Streaming(type: BROADCAST dop: 16/1)", "Parent Relationship": "Outer", "Startup Cost": 18248.8, "Total Cost": 71295.72, "Plan Rows": 15984, "Plan Width": 59, "Plans": [{"Node Type": "Hash Join", "Parent Relationship": "Outer", "Join Type": "Inner", "Startup Cost": 18248.8, "Total Cost": 55950.75, "Plan Rows": 999, "Plan Width": 59, "Inner Unique": false, "Hash Cond": "(mi.movie_id = mi_idx.movie_id)", "Plans": [{"Node Type": "Hash Join", "Parent Relationship": "Outer", "Join Type": "Inner", "Startup Cost": 2.41, "Total Cost": 37619.13, "Plan Rows": 971, "Plan Width": 46, "Inner Unique": true, "Hash Cond": "(mi.info_type_id = it1.id)", "Plans": [{"Node Type": "Streaming(type: LOCAL GATHER dop: 1/16)", "Parent Relationship": "Outer", "Startup Cost": 0.0, "Total Cost": 37352.11, "Plan Rows": 67971, "Plan Width": 50, "Plans": [{"Node Type": "Seq Scan", "Parent Relationship": "Outer", "Relation Name": "movie_info", "Alias": "mi", "Startup Cost": 0.0, "Total Cost": 35885.16, "Plan Rows": 67971, "Plan Width": 50, "Filter": "((note IS NULL) AND ((info)::text = ANY ('{Horror,Thriller}'::text[])))"}]}, {"Node Type": "Hash", "Parent Relationship": "Inner", "Startup Cost": 2.4, "Total Cost": 2.4, "Plan Rows": 1, "Plan Width": 4, "Plans": [{"Node Type": "Seq Scan", "Parent Relationship": "Outer", "Relation Name": "info_type", "Alias": "it1", "Startup Cost": 0.0, "Total Cost": 2.4, "Plan Rows": 1, "Plan Width": 4, "Filter": "((info)::text = 'genres'::text)"}]}]}, {"Node Type": "Hash", "Parent Relationship": "Inner", "Startup Cost": 17599.56, "Total Cost": 17599.56, "Plan Rows": 51746, "Plan Width": 13, "Plans": [{"Node Type": "Streaming(type: LOCAL GATHER dop: 1/16)", "Parent Relationship": "Outer", "Startup Cost": 0.0, "Total Cost": 17599.56, "Plan Rows": 51746, "Plan Width": 13, "Plans": [{"Node Type": "Seq Scan", "Parent Relationship": "Outer", "Relation Name": "movie_info_idx", "Alias": "mi_idx", "Startup Cost": 0.0, "Total Cost": 16482.78, "Plan Rows": 51746, "Plan Width": 13, "Filter": "((info)::text > '8.0'::text)"}]}]}]}]}, {"Node Type": "Hash", "Parent Relationship": "Inner", "Startup Cost": 66781.24, "Total Cost": 66781.24, "Plan Rows": 1223154, "Plan Width": 8, "Plans": [{"Node Type": "Seq Scan", "Parent Relationship": "Outer", "Relation Name": "cast_info", "Alias": "ci", "Startup Cost": 0.0, "Total Cost": 66781.24, "Plan Rows": 1223154, "Plan Width": 8, "Filter": "((note)::text = ANY ('{(writer),\"(head writer)\",\"(written by)\",(story),\"(story editor)\"}'::text[]))"}]}]}]}, {"Node Type": "Hash", "Parent Relationship": "Inner", "Startup Cost": 19544.42, "Total Cost": 19544.42, "Plan Rows": 782553, "Plan Width": 21, "Plans": [{"Node Type": "Seq Scan", "Parent Relationship": "Outer", "Relation Name": "title", "Alias": "t", "Startup Cost": 88.19, "Total Cost": 19544.42, "Plan Rows": 782553, "Plan Width": 21, "Filter": "((production_year >= 2008) AND (production_year <= 2014)), (LLVM Optimized)"}]}]}]}, {"Node Type": "Hash", "Parent Relationship": "Inner", "Startup Cost": 34942.34, "Total Cost": 34942.34, "Plan Rows": 624324, "Plan Width": 4, "Plans": [{"Node Type": "Streaming(type: LOCAL GATHER dop: 1/16)", "Parent Relationship": "Outer", "Startup Cost": 0.0, "Total Cost": 34942.34, "Plan Rows": 624324, "Plan Width": 4, "Plans": [{"Node Type": "Seq Scan", "Parent Relationship": "Outer", "Relation Name": "name", "Alias": "n", "Startup Cost": 0.0, "Total Cost": 21468.16, "Plan Rows": 624324, "Plan Width": 4, "Filter": "((gender IS NOT NULL) AND ((gender)::text = 'f'::text)), (LLVM Optimized)"}]}]}]}, {"Node Type": "Hash", "Parent Relationship": "Inner", "Startup Cost": 2.4, "Total Cost": 2.4, "Plan Rows": 1, "Plan Width": 4, "Plans": [{"Node Type": "Seq Scan", "Parent Relationship": "Outer", "Relation Name": "info_type", "Alias": "it2", "Startup Cost": 0.0, "Total Cost": 2.4, "Plan Rows": 1, "Plan Width": 4, "Filter": "((info)::text = 'rating'::text)"}]}]}]}, "Unique SQL Id": 661781350, "Planner Runtime": 141}, "explain_analyze_plan": {"Plan": {"Node Type": "Aggregate", "Strategy": "Plain", "Startup Cost": 191052.66, "Total Cost": 191052.67, "Plan Rows": 1, "Plan Width": 160, "Actual Min Startup Time": 1162.376, "Actual Max Startup Time": 1162.376, "Actual Min Total Time": 1162.377, "Actual Max Total Time": 1162.377, "Plans": [{"Node Type": "Hash Join", "Parent Relationship": "Outer", "Join Type": "Inner", "Startup Cost": 122683.46, "Total Cost": 191050.91, "Plan Rows": 233, "Plan Width": 64, "Actual Min Startup Time": 1159.049, "Actual Max Startup Time": 1159.049, "Actual Min Total Time": 1162.335, "Actual Max Total Time": 1162.335, "Inner Unique": true, "Hash Cond": "(mi_idx.info_type_id = it2.id)", "Plans": [{"Node Type": "Hash Join", "Parent Relationship": "Outer", "Join Type": "Inner", "Startup Cost": 122681.05, "Total Cost": 191042.65, "Plan Rows": 934, "Plan Width": 68, "Actual Min Startup Time": 1158.847, "Actual Max Startup Time": 1158.847, "Actual Min Total Time": 1161.154, "Actual Max Total Time": 1161.154, "Inner Unique": true, "Hash Cond": "(ci.person_id = n.id)", "Plans": [{"Node Type": "Streaming(type: LOCAL GATHER dop: 1/16)", "Parent Relationship": "Outer", "Startup Cost": 106141.41, "Total Cost": 174488.87, "Plan Rows": 1285, "Plan Width": 72, "Actual Min Startup Time": 486.057, "Actual Max Startup Time": 486.057, "Actual Min Total Time": 487.916, "Actual Max Total Time": 487.916, "Plans": [{"Node Type": "Hash Join", "Parent Relationship": "Outer", "Join Type": "Inner", "Startup Cost": 106141.41, "Total Cost": 174461.14, "Plan Rows": 1285, "Plan Width": 72, "Actual Min Startup Time": 918.031, "Actual Max Startup Time": 997.691, "Actual Min Total Time": 1001.844, "Actual Max Total Time": 1081.644, "Inner Unique": true, "Hash Cond": "(mi.movie_id = t.id)", "Plans": [{"Node Type": "Streaming(type: BROADCAST dop: 16/16)", "Parent Relationship": "Outer", "Startup Cost": 85985.62, "Total Cost": 154300.41, "Plan Rows": 17680, "Plan Width": 67, "Actual Min Startup Time": 836.931, "Actual Max Startup Time": 895.449, "Actual Min Total Time": 919.922, "Actual Max Total Time": 978.408, "Plans": [{"Node Type": "Hash Join", "Parent Relationship": "Outer", "Join Type": "Inner", "Startup Cost": 85985.62, "Total Cost": 139255.51, "Plan Rows": 1105, "Plan Width": 67, "Actual Min Startup Time": 873.201, "Actual Max Startup Time": 899.645, "Actual Min Total Time": 1042.458, "Actual Max Total Time": 1061.612, "Inner Unique": false, "Hash Cond": "(mi.movie_id = ci.movie_id)", "Plans": [{"Node Type": "Streaming(type: BROADCAST dop: 16/1)", "Parent Relationship": "Outer", "Startup Cost": 18248.8, "Total Cost": 71295.72, "Plan Rows": 15984, "Plan Width": 59, "Actual Min Startup Time": 0.043, "Actual Max Startup Time": 0.095, "Actual Min Total Time": 148.871, "Actual Max Total Time": 180.358, "Plans": [{"Node Type": "Hash Join", "Parent Relationship": "Outer", "Join Type": "Inner", "Startup Cost": 18248.8, "Total Cost": 55950.75, "Plan Rows": 999, "Plan Width": 59, "Actual Min Startup Time": 323.12, "Actual Max Startup Time": 323.12, "Actual Min Total Time": 427.791, "Actual Max Total Time": 427.791, "Inner Unique": false, "Hash Cond": "(mi.movie_id = mi_idx.movie_id)", "Plans": [{"Node Type": "Hash Join", "Parent Relationship": "Outer", "Join Type": "Inner", "Startup Cost": 2.41, "Total Cost": 37619.13, "Plan Rows": 971, "Plan Width": 46, "Actual Min Startup Time": 255.983, "Actual Max Startup Time": 255.983, "Actual Min Total Time": 338.455, "Actual Max Total Time": 338.455, "Inner Unique": true, "Hash Cond": "(mi.info_type_id = it1.id)", "Plans": [{"Node Type": "Streaming(type: LOCAL GATHER dop: 1/16)", "Parent Relationship": "Outer", "Startup Cost": 0.0, "Total Cost": 37352.11, "Plan Rows": 67971, "Plan Width": 50, "Actual Min Startup Time": 202.77, "Actual Max Startup Time": 202.77, "Actual Min Total Time": 310.391, "Actual Max Total Time": 310.391, "Plans": [{"Node Type": "Seq Scan", "Parent Relationship": "Outer", "Relation Name": "movie_info", "Alias": "mi", "Startup Cost": 0.0, "Total Cost": 35885.16, "Plan Rows": 67971, "Plan Width": 50, "Actual Min Startup Time": 244.882, "Actual Max Startup Time": 345.208, "Actual Min Total Time": 384.643, "Actual Max Total Time": 420.661, "Filter": "((note IS NULL) AND ((info)::text = ANY ('{Horror,Thriller}'::text[])))", "Rows Removed by Filter": 14762672, "Actual Rows": 73047}], "Actual Rows": 73047}, {"Node Type": "Hash", "Parent Relationship": "Inner", "Startup Cost": 2.4, "Total Cost": 2.4, "Plan Rows": 1, "Plan Width": 4, "Actual Min Startup Time": 0.085, "Actual Max Startup Time": 0.085, "Actual Min Total Time": 0.085, "Actual Max Total Time": 0.085, "Max Hash Buckets": 32768, "Min Hash Buckets": 32768, "Max Hash Batches": 1, "Min Hash Batches": 1, "Max Original Hash Batches": 1, "Min Original Hash Batches": 1, "Max Peak Memory Usage": 1, "min Peak Memory Usage": 1, "Plans": [{"Node Type": "Seq Scan", "Parent Relationship": "Outer", "Relation Name": "info_type", "Alias": "it1", "Startup Cost": 0.0, "Total Cost": 2.4, "Plan Rows": 1, "Plan Width": 4, "Actual Min Startup Time": 0.046, "Actual Max Startup Time": 0.046, "Actual Min Total Time": 0.07, "Actual Max Total Time": 0.07, "Filter": "((info)::text = 'genres'::text)", "Rows Removed by Filter": 111, "Actual Rows": 1}], "Actual Rows": 1}], "Actual Rows": 72258}, {"Node Type": "Hash", "Parent Relationship": "Inner", "Startup Cost": 17599.56, "Total Cost": 17599.56, "Plan Rows": 51746, "Plan Width": 13, "Actual Min Startup Time": 67.063, "Actual Max Startup Time": 67.063, "Actual Min Total Time": 67.063, "Actual Max Total Time": 67.063, "Max Hash Buckets": 65536, "Min Hash Buckets": 65536, "Max Hash Batches": 1, "Min Hash Batches": 1, "Max Original Hash Batches": 1, "Min Original Hash Batches": 1, "Max Peak Memory Usage": 2322, "min Peak Memory Usage": 2322, "Plans": [{"Node Type": "Streaming(type: LOCAL GATHER dop: 1/16)", "Parent Relationship": "Outer", "Startup Cost": 0.0, "Total Cost": 17599.56, "Plan Rows": 51746, "Plan Width": 13, "Actual Min Startup Time": 0.064, "Actual Max Startup Time": 0.064, "Actual Min Total Time": 43.538, "Actual Max Total Time": 43.538, "Plans": [{"Node Type": "Seq Scan", "Parent Relationship": "Outer", "Relation Name": "movie_info_idx", "Alias": "mi_idx", "Startup Cost": 0.0, "Total Cost": 16482.78, "Plan Rows": 51746, "Plan Width": 13, "Actual Min Startup Time": 0.045, "Actual Max Startup Time": 0.12, "Actual Min Total Time": 34.682, "Actual Max Total Time": 42.884, "Filter": "((info)::text > '8.0'::text)", "Rows Removed by Filter": 1326385, "Actual Rows": 53649}], "Actual Rows": 53649}], "Actual Rows": 53649}], "Actual Rows": 4135}], "Actual Rows": 66160}, {"Node Type": "Hash", "Parent Relationship": "Inner", "Startup Cost": 66781.24, "Total Cost": 66781.24, "Plan Rows": 1223154, "Plan Width": 8, "Actual Min Startup Time": 872.985, "Actual Max Startup Time": 891.736, "Actual Min Total Time": 872.985, "Actual Max Total Time": 891.736, "Max Hash Buckets": 131072, "Min Hash Buckets": 131072, "Max Hash Batches": 1, "Min Hash Batches": 1, "Max Original Hash Batches": 1, "Min Original Hash Batches": 1, "Max Peak Memory Usage": 3042, "min Peak Memory Usage": 3042, "Plans": [{"Node Type": "Seq Scan", "Parent Relationship": "Outer", "Relation Name": "cast_info", "Alias": "ci", "Startup Cost": 0.0, "Total Cost": 66781.24, "Plan Rows": 1223154, "Plan Width": 8, "Actual Min Startup Time": 23.896, "Actual Max Startup Time": 441.836, "Actual Min Total Time": 849.778, "Actual Max Total Time": 868.322, "Filter": "((note)::text = ANY ('{(writer),\"(head writer)\",\"(written by)\",(story),\"(story editor)\"}'::text[]))", "Rows Removed by Filter": 34999627, "Actual Rows": 1244716}], "Actual Rows": 1244716}], "Actual Rows": 2288}], "Actual Rows": 36608}, {"Node Type": "Hash", "Parent Relationship": "Inner", "Startup Cost": 19544.42, "Total Cost": 19544.42, "Plan Rows": 782553, "Plan Width": 21, "Actual Min Startup Time": 77.63, "Actual Max Startup Time": 102.012, "Actual Min Total Time": 77.63, "Actual Max Total Time": 102.012, "Max Hash Buckets": 65536, "Min Hash Buckets": 65536, "Max Hash Batches": 1, "Min Hash Batches": 1, "Max Original Hash Batches": 1, "Min Original Hash Batches": 1, "Max Peak Memory Usage": 2675, "min Peak Memory Usage": 2675, "Plans": [{"Node Type": "Seq Scan", "Parent Relationship": "Outer", "Relation Name": "title", "Alias": "t", "Startup Cost": 88.19, "Total Cost": 19544.42, "Plan Rows": 782553, "Plan Width": 21, "Actual Min Startup Time": 0.025, "Actual Max Startup Time": 0.082, "Actual Min Total Time": 62.07, "Actual Max Total Time": 72.07, "Filter": "((production_year >= 2008) AND (production_year <= 2014)), (LLVM Optimized, Jit Execute)", "Rows Removed by Filter": 1743823, "Actual Rows": 784488}], "Actual Rows": 784488}], "Actual Rows": 930}], "Actual Rows": 930}, {"Node Type": "Hash", "Parent Relationship": "Inner", "Startup Cost": 34942.34, "Total Cost": 34942.34, "Plan Rows": 624324, "Plan Width": 4, "Actual Min Startup Time": 672.015, "Actual Max Startup Time": 672.015, "Actual Min Total Time": 672.015, "Actual Max Total Time": 672.015, "Max Hash Buckets": 1048576, "Min Hash Buckets": 1048576, "Max Hash Batches": 1, "Min Hash Batches": 1, "Max Original Hash Batches": 1, "Min Original Hash Batches": 1, "Max Peak Memory Usage": 33805, "min Peak Memory Usage": 33805, "Plans": [{"Node Type": "Streaming(type: LOCAL GATHER dop: 1/16)", "Parent Relationship": "Outer", "Startup Cost": 0.0, "Total Cost": 34942.34, "Plan Rows": 624324, "Plan Width": 4, "Actual Min Startup Time": 135.641, "Actual Max Startup Time": 135.641, "Actual Min Total Time": 403.688, "Actual Max Total Time": 403.688, "Plans": [{"Node Type": "Seq Scan", "Parent Relationship": "Outer", "Relation Name": "name", "Alias": "n", "Startup Cost": 0.0, "Total Cost": 21468.16, "Plan Rows": 624324, "Plan Width": 4, "Actual Min Startup Time": 42.718, "Actual Max Startup Time": 48.563, "Actual Min Total Time": 90.652, "Actual Max Total Time": 98.845, "Filter": "((gender IS NOT NULL) AND ((gender)::text = 'f'::text)), (LLVM Optimized, Jit Execute)", "Rows Removed by Filter": 3205935, "Actual Rows": 961555}], "Actual Rows": 961555}], "Actual Rows": 961555}], "Actual Rows": 40}, {"Node Type": "Hash", "Parent Relationship": "Inner", "Startup Cost": 2.4, "Total Cost": 2.4, "Plan Rows": 1, "Plan Width": 4, "Actual Min Startup Time": 0.115, "Actual Max Startup Time": 0.115, "Actual Min Total Time": 0.115, "Actual Max Total Time": 0.115, "Max Hash Buckets": 32768, "Min Hash Buckets": 32768, "Max Hash Batches": 1, "Min Hash Batches": 1, "Max Original Hash Batches": 1, "Min Original Hash Batches": 1, "Max Peak Memory Usage": 1, "min Peak Memory Usage": 1, "Plans": [{"Node Type": "Seq Scan", "Parent Relationship": "Outer", "Relation Name": "info_type", "Alias": "it2", "Startup Cost": 0.0, "Total Cost": 2.4, "Plan Rows": 1, "Plan Width": 4, "Actual Min Startup Time": 0.094, "Actual Max Startup Time": 0.094, "Actual Min Total Time": 0.1, "Actual Max Total Time": 0.1, "Filter": "((info)::text = 'rating'::text)", "Rows Removed by Filter": 111, "Actual Rows": 1}], "Actual Rows": 1}], "Actual Rows": 11}], "Actual Rows": 1}, "Triggers": [], "Planner Runtime": 155.843, "Total Runtime": 1188.233, "Unique SQL Id": 661781350}}, "(16, '107')": {"explain_plan": {"Plan": {"Node Type": "Aggregate", "Strategy": "Plain", "Startup Cost": 7000242584121.54, "Total Cost": 7000242584121.55, "Plan Rows": 1, "Plan Width": 160, "Plans": [{"Node Type": "Hash Join", "Parent Relationship": "Outer", "Join Type": "Inner", "Startup Cost": 5020226198614.13, "Total Cost": 7000242584119.8, "Plan Rows": 233, "Plan Width": 64, "Inner Unique": true, "Hash Cond": "(mi.movie_id = t.id)", "Plans": [{"Node Type": "Hash Join", "Parent Relationship": "Outer", "Join Type": "Inner", "Startup Cost": 4020213912627.8, "Total Cost": 6000230298130.39, "Plan Rows": 200, "Plan Width": 59, "Inner Unique": true, "Hash Cond": "(ci.person_id = n.id)", "Plans": [{"Node Type": "Hash Join", "Parent Relationship": "Outer", "Join Type": "Inner", "Startup Cost": 3020195239676.55, "Total Cost": 5000211625176.1, "Plan Rows": 276, "Plan Width": 63, "Inner Unique": false, "Hash Cond": "(mi.movie_id = ci.movie_id)", "Plans": [{"Node Type": "Hash Join", "Parent Relationship": "Outer", "Join Type": "Inner", "Startup Cost": 2020001913370.16, "Total Cost": 4000018297985.07, "Plan Rows": 250, "Plan Width": 55, "Inner Unique": false, "Hash Cond": "(mi.movie_id = mi_idx.movie_id)", "Plans": [{"Node Type": "Nested Loop", "Parent Relationship": "Outer", "Join Type": "Inner", "Startup Cost": 20000004841.7, "Total Cost": 2000016389426.2, "Plan Rows": 971, "Plan Width": 46, "Inner Unique": false, "Plans": [{"Node Type": "Index Scan", "Parent Relationship": "Outer", "Scan Direction": "Forward", "Index Name": "info_type_pkey", "Relation Name": "info_type", "Alias": "it1", "Startup Cost": 10000000000.0, "Total Cost": 1000000001421.0, "Plan Rows": 1, "Plan Width": 4, "Filter": "((info)::text = 'genres'::text)"}, {"Node Type": "Bitmap Heap Scan", "Parent Relationship": "Inner", "Relation Name": "movie_info", "Alias": "mi", "Startup Cost": 10000004841.7, "Total Cost": 1000016387995.49, "Plan Rows": 971, "Plan Width": 50, "Recheck Cond": "(info_type_id = it1.id)", "Filter": "((note IS NULL) AND ((info)::text = ANY ('{Horror,Thriller}'::text[])))", "Plans": [{"Node Type": "Bitmap Index Scan", "Parent Relationship": "Outer", "Index Name": "info_type_id_movie_info", "Startup Cost": 0.0, "Total Cost": 4841.46, "Plan Rows": 212428, "Plan Width": 0, "Index Cond": "(info_type_id = it1.id)"}]}]}, {"Node Type": "Hash", "Parent Relationship": "Inner", "Startup Cost": 2000001908366.76, "Total Cost": 2000001908366.76, "Plan Rows": 12936, "Plan Width": 9, "Plans": [{"Node Type": "Nested Loop", "Parent Relationship": "Outer", "Join Type": "Inner", "Startup Cost": 20000007419.04, "Total Cost": 2000001908366.76, "Plan Rows": 12936, "Plan Width": 9, "Inner Unique": false, "Plans": [{"Node Type": "Index Scan", "Parent Relationship": "Outer", "Scan Direction": "Forward", "Index Name": "info_type_pkey", "Relation Name": "info_type", "Alias": "it2", "Startup Cost": 10000000000.0, "Total Cost": 1000000001421.0, "Plan Rows": 1, "Plan Width": 4, "Filter": "((info)::text = 'rating'::text)"}, {"Node Type": "Bitmap Heap Scan", "Parent Relationship": "Inner", "Relation Name": "movie_info_idx", "Alias": "mi_idx", "Startup Cost": 10000007419.04, "Total Cost": 1000001906816.4, "Plan Rows": 12936, "Plan Width": 13, "Recheck Cond": "(info_type_id = it2.id)", "Filter": "((info)::text > '8.0'::text)", "Plans": [{"Node Type": "Bitmap Index Scan", "Parent Relationship": "Outer", "Index Name": "info_type_id_movie_info_idx", "Startup Cost": 0.0, "Total Cost": 7415.81, "Plan Rows": 345008, "Plan Width": 0, "Index Cond": "(info_type_id = it2.id)"}]}]}]}]}, {"Node Type": "Hash", "Parent Relationship": "Inner", "Startup Cost": 1000193311016.96, "Total Cost": 1000193311016.96, "Plan Rows": 1223154, "Plan Width": 8, "Plans": [{"Node Type": "Index Scan", "Parent Relationship": "Outer", "Scan Direction": "Forward", "Index Name": "person_id_cast_info", "Relation Name": "cast_info", "Alias": "ci", "Startup Cost": 10000000000.0, "Total Cost": 1000193311016.96, "Plan Rows": 1223154, "Plan Width": 8, "Filter": "((note)::text = ANY ('{(writer),\"(head writer)\",\"(written by)\",(story),\"(story editor)\"}'::text[]))"}]}]}, {"Node Type": "Hash", "Parent Relationship": "Inner", "Startup Cost": 1000018665147.2, "Total Cost": 1000018665147.2, "Plan Rows": 624324, "Plan Width": 4, "Plans": [{"Node Type": "Index Scan", "Parent Relationship": "Outer", "Scan Direction": "Forward", "Index Name": "name_pkey", "Relation Name": "name", "Alias": "n", "Startup Cost": 10000000000.0, "Total Cost": 1000018665147.2, "Plan Rows": 624324, "Plan Width": 4, "Filter": "((gender IS NOT NULL) AND ((gender)::text = 'f'::text)), (LLVM Optimized)"}]}]}, {"Node Type": "Hash", "Parent Relationship": "Inner", "Startup Cost": 1000012276204.41, "Total Cost": 1000012276204.41, "Plan Rows": 782553, "Plan Width": 21, "Plans": [{"Node Type": "Index Scan", "Parent Relationship": "Outer", "Scan Direction": "Forward", "Index Name": "title_pkey", "Relation Name": "title", "Alias": "t", "Startup Cost": 10000000000.0, "Total Cost": 1000012276204.41, "Plan Rows": 782553, "Plan Width": 21, "Filter": "((production_year >= 2008) AND (production_year <= 2014)), (LLVM Optimized)"}]}]}]}, "Unique SQL Id": 661781350, "Planner Runtime": 39}, "explain_analyze_plan": null}, "(16, '108')": {"explain_plan": {"Plan": {"Node Type": "Aggregate", "Strategy": "Plain", "Startup Cost": 40404.31, "Total Cost": 40404.32, "Plan Rows": 1, "Plan Width": 160, "Plans": [{"Node Type": "Nested Loop", "Parent Relationship": "Outer", "Join Type": "Inner", "Startup Cost": 2.41, "Total Cost": 40402.67, "Plan Rows": 219, "Plan Width": 64, "Inner Unique": true, "Plans": [{"Node Type": "Nested Loop", "Parent Relationship": "Outer", "Join Type": "Inner", "Startup Cost": 2.41, "Total Cost": 40241.67, "Plan Rows": 321, "Plan Width": 68, "Inner Unique": false, "Plans": [{"Node Type": "Nested Loop", "Parent Relationship": "Outer", "Join Type": "Inner", "Startup Cost": 2.41, "Total Cost": 39556.65, "Plan Rows": 291, "Plan Width": 76, "Inner Unique": true, "Plans": [{"Node Type": "Nested Loop", "Parent Relationship": "Outer", "Join Type": "Inner", "Startup Cost": 2.41, "Total Cost": 38843.44, "Plan Rows": 250, "Plan Width": 55, "Inner Unique": true, "Plans": [{"Node Type": "Nested Loop", "Parent Relationship": "Outer", "Join Type": "Inner", "Startup Cost": 2.41, "Total Cost": 38560.99, "Plan Rows": 999, "Plan Width": 59, "Inner Unique": false, "Plans": [{"Node Type": "Hash Join", "Parent Relationship": "Outer", "Join Type": "Inner", "Startup Cost": 2.41, "Total Cost": 37619.13, "Plan Rows": 971, "Plan Width": 46, "Inner Unique": true, "Hash Cond": "(mi.info_type_id = it1.id)", "Plans": [{"Node Type": "Streaming(type: LOCAL GATHER dop: 1/16)", "Parent Relationship": "Outer", "Startup Cost": 0.0, "Total Cost": 37352.11, "Plan Rows": 67971, "Plan Width": 50, "Plans": [{"Node Type": "Seq Scan", "Parent Relationship": "Outer", "Relation Name": "movie_info", "Alias": "mi", "Startup Cost": 0.0, "Total Cost": 35885.16, "Plan Rows": 67971, "Plan Width": 50, "Filter": "((note IS NULL) AND ((info)::text = ANY ('{Horror,Thriller}'::text[])))"}]}, {"Node Type": "Hash", "Parent Relationship": "Inner", "Startup Cost": 2.4, "Total Cost": 2.4, "Plan Rows": 1, "Plan Width": 4, "Plans": [{"Node Type": "Seq Scan", "Parent Relationship": "Outer", "Relation Name": "info_type", "Alias": "it1", "Startup Cost": 0.0, "Total Cost": 2.4, "Plan Rows": 1, "Plan Width": 4, "Filter": "((info)::text = 'genres'::text)"}]}]}, {"Node Type": "Index Scan", "Parent Relationship": "Inner", "Scan Direction": "Forward", "Index Name": "movie_id_movie_info_idx", "Relation Name": "movie_info_idx", "Alias": "mi_idx", "Startup Cost": 0.0, "Total Cost": 0.96, "Plan Rows": 1, "Plan Width": 13, "Index Cond": "(movie_id = mi.movie_id)", "Filter": "((info)::text > '8.0'::text)"}]}, {"Node Type": "Index Scan", "Parent Relationship": "Inner", "Scan Direction": "Forward", "Index Name": "info_type_pkey", "Relation Name": "info_type", "Alias": "it2", "Startup Cost": 0.0, "Total Cost": 0.27, "Plan Rows": 1, "Plan Width": 4, "Index Cond": "(id = mi_idx.info_type_id)", "Filter": "((info)::text = 'rating'::text)"}]}, {"Node Type": "Index Scan", "Parent Relationship": "Inner", "Scan Direction": "Forward", "Index Name": "title_pkey", "Relation Name": "title", "Alias": "t", "Startup Cost": 0.0, "Total Cost": 2.84, "Plan Rows": 1, "Plan Width": 21, "Index Cond": "(id = mi.movie_id)", "Filter": "((production_year >= 2008) AND (production_year <= 2014))"}]}, {"Node Type": "Index Scan", "Parent Relationship": "Inner", "Scan Direction": "Forward", "Index Name": "movie_id_cast_info", "Relation Name": "cast_info", "Alias": "ci", "Startup Cost": 0.0, "Total Cost": 2.34, "Plan Rows": 1, "Plan Width": 8, "Index Cond": "(movie_id = t.id)", "Filter": "((note)::text = ANY ('{(writer),\"(head writer)\",\"(written by)\",(story),\"(story editor)\"}'::text[]))"}]}, {"Node Type": "Index Scan", "Parent Relationship": "Inner", "Scan Direction": "Forward", "Index Name": "name_pkey", "Relation Name": "name", "Alias": "n", "Startup Cost": 0.0, "Total Cost": 0.49, "Plan Rows": 1, "Plan Width": 4, "Index Cond": "(id = ci.person_id)", "Filter": "((gender IS NOT NULL) AND ((gender)::text = 'f'::text))"}]}]}, "Unique SQL Id": 661781350, "Planner Runtime": 49}, "explain_analyze_plan": {"Plan": {"Node Type": "Aggregate", "Strategy": "Plain", "Startup Cost": 40404.31, "Total Cost": 40404.32, "Plan Rows": 1, "Plan Width": 160, "Actual Min Startup Time": 760.866, "Actual Max Startup Time": 760.866, "Actual Min Total Time": 760.866, "Actual Max Total Time": 760.866, "Plans": [{"Node Type": "Nested Loop", "Parent Relationship": "Outer", "Join Type": "Inner", "Startup Cost": 2.41, "Total Cost": 40402.67, "Plan Rows": 219, "Plan Width": 64, "Actual Min Startup Time": 365.571, "Actual Max Startup Time": 365.571, "Actual Min Total Time": 760.797, "Actual Max Total Time": 760.797, "Inner Unique": true, "Plans": [{"Node Type": "Nested Loop", "Parent Relationship": "Outer", "Join Type": "Inner", "Startup Cost": 2.41, "Total Cost": 40241.67, "Plan Rows": 321, "Plan Width": 68, "Actual Min Startup Time": 357.854, "Actual Max Startup Time": 357.854, "Actual Min Total Time": 758.632, "Actual Max Total Time": 758.632, "Inner Unique": false, "Plans": [{"Node Type": "Nested Loop", "Parent Relationship": "Outer", "Join Type": "Inner", "Startup Cost": 2.41, "Total Cost": 39556.65, "Plan Rows": 291, "Plan Width": 76, "Actual Min Startup Time": 356.081, "Actual Max Startup Time": 356.081, "Actual Min Total Time": 733.665, "Actual Max Total Time": 733.665, "Inner Unique": true, "Plans": [{"Node Type": "Nested Loop", "Parent Relationship": "Outer", "Join Type": "Inner", "Startup Cost": 2.41, "Total Cost": 38843.44, "Plan Rows": 250, "Plan Width": 55, "Actual Min Startup Time": 356.061, "Actual Max Startup Time": 356.061, "Actual Min Total Time": 728.846, "Actual Max Total Time": 728.846, "Inner Unique": true, "Plans": [{"Node Type": "Nested Loop", "Parent Relationship": "Outer", "Join Type": "Inner", "Startup Cost": 2.41, "Total Cost": 38560.99, "Plan Rows": 999, "Plan Width": 59, "Actual Min Startup Time": 355.951, "Actual Max Startup Time": 355.951, "Actual Min Total Time": 718.253, "Actual Max Total Time": 718.253, "Inner Unique": false, "Plans": [{"Node Type": "Hash Join", "Parent Relationship": "Outer", "Join Type": "Inner", "Startup Cost": 2.41, "Total Cost": 37619.13, "Plan Rows": 971, "Plan Width": 46, "Actual Min Startup Time": 355.852, "Actual Max Startup Time": 355.852, "Actual Min Total Time": 422.638, "Actual Max Total Time": 422.638, "Inner Unique": true, "Hash Cond": "(mi.info_type_id = it1.id)", "Plans": [{"Node Type": "Streaming(type: LOCAL GATHER dop: 1/16)", "Parent Relationship": "Outer", "Startup Cost": 0.0, "Total Cost": 37352.11, "Plan Rows": 67971, "Plan Width": 50, "Actual Min Startup Time": 270.363, "Actual Max Startup Time": 270.363, "Actual Min Total Time": 385.946, "Actual Max Total Time": 385.946, "Plans": [{"Node Type": "Seq Scan", "Parent Relationship": "Outer", "Relation Name": "movie_info", "Alias": "mi", "Startup Cost": 0.0, "Total Cost": 35885.16, "Plan Rows": 67971, "Plan Width": 50, "Actual Min Startup Time": 236.482, "Actual Max Startup Time": 342.262, "Actual Min Total Time": 383.658, "Actual Max Total Time": 397.806, "Filter": "((note IS NULL) AND ((info)::text = ANY ('{Horror,Thriller}'::text[])))", "Rows Removed by Filter": 14762672, "Actual Rows": 73047}], "Actual Rows": 73047}, {"Node Type": "Hash", "Parent Relationship": "Inner", "Startup Cost": 2.4, "Total Cost": 2.4, "Plan Rows": 1, "Plan Width": 4, "Actual Min Startup Time": 0.132, "Actual Max Startup Time": 0.132, "Actual Min Total Time": 0.132, "Actual Max Total Time": 0.132, "Max Hash Buckets": 32768, "Min Hash Buckets": 32768, "Max Hash Batches": 1, "Min Hash Batches": 1, "Max Original Hash Batches": 1, "Min Original Hash Batches": 1, "Max Peak Memory Usage": 1, "min Peak Memory Usage": 1, "Plans": [{"Node Type": "Seq Scan", "Parent Relationship": "Outer", "Relation Name": "info_type", "Alias": "it1", "Startup Cost": 0.0, "Total Cost": 2.4, "Plan Rows": 1, "Plan Width": 4, "Actual Min Startup Time": 0.088, "Actual Max Startup Time": 0.088, "Actual Min Total Time": 0.112, "Actual Max Total Time": 0.112, "Filter": "((info)::text = 'genres'::text)", "Rows Removed by Filter": 111, "Actual Rows": 1}], "Actual Rows": 1}], "Actual Rows": 72258}, {"Node Type": "Index Scan", "Parent Relationship": "Inner", "Scan Direction": "Forward", "Index Name": "movie_id_movie_info_idx", "Relation Name": "movie_info_idx", "Alias": "mi_idx", "Startup Cost": 0.0, "Total Cost": 0.96, "Plan Rows": 1, "Plan Width": 13, "Actual Min Startup Time": 256.604, "Actual Max Startup Time": 256.604, "Actual Min Total Time": 260.05, "Actual Max Total Time": 260.05, "Index Cond": "(movie_id = mi.movie_id)", "Rows Removed by Index Recheck": 0, "Filter": "((info)::text > '8.0'::text)", "Rows Removed by Filter": 113143, "Actual Rows": 4135}], "Actual Rows": 4135}, {"Node Type": "Index Scan", "Parent Relationship": "Inner", "Scan Direction": "Forward", "Index Name": "info_type_pkey", "Relation Name": "info_type", "Alias": "it2", "Startup Cost": 0.0, "Total Cost": 0.27, "Plan Rows": 1, "Plan Width": 4, "Actual Min Startup Time": 8.23, "Actual Max Startup Time": 8.23, "Actual Min Total Time": 8.23, "Actual Max Total Time": 8.23, "Index Cond": "(id = mi_idx.info_type_id)", "Rows Removed by Index Recheck": 0, "Filter": "((info)::text = 'rating'::text)", "Rows Removed by Filter": 3403, "Actual Rows": 732}], "Actual Rows": 732}, {"Node Type": "Index Scan", "Parent Relationship": "Inner", "Scan Direction": "Forward", "Index Name": "title_pkey", "Relation Name": "title", "Alias": "t", "Startup Cost": 0.0, "Total Cost": 2.84, "Plan Rows": 1, "Plan Width": 21, "Actual Min Startup Time": 4.163, "Actual Max Startup Time": 4.163, "Actual Min Total Time": 4.163, "Actual Max Total Time": 4.163, "Index Cond": "(id = mi.movie_id)", "Rows Removed by Index Recheck": 0, "Filter": "((production_year >= 2008) AND (production_year <= 2014))", "Rows Removed by Filter": 374, "Actual Rows": 358}], "Actual Rows": 358}, {"Node Type": "Index Scan", "Parent Relationship": "Inner", "Scan Direction": "Forward", "Index Name": "movie_id_cast_info", "Relation Name": "cast_info", "Alias": "ci", "Startup Cost": 0.0, "Total Cost": 2.34, "Plan Rows": 1, "Plan Width": 8, "Actual Min Startup Time": 19.408, "Actual Max Startup Time": 19.408, "Actual Min Total Time": 24.639, "Actual Max Total Time": 24.639, "Index Cond": "(movie_id = t.id)", "Rows Removed by Index Recheck": 0, "Filter": "((note)::text = ANY ('{(writer),\"(head writer)\",\"(written by)\",(story),\"(story editor)\"}'::text[]))", "Rows Removed by Filter": 12296, "Actual Rows": 268}], "Actual Rows": 268}, {"Node Type": "Index Scan", "Parent Relationship": "Inner", "Scan Direction": "Forward", "Index Name": "name_pkey", "Relation Name": "name", "Alias": "n", "Startup Cost": 0.0, "Total Cost": 0.49, "Plan Rows": 1, "Plan Width": 4, "Actual Min Startup Time": 1.937, "Actual Max Startup Time": 1.937, "Actual Min Total Time": 1.937, "Actual Max Total Time": 1.937, "Index Cond": "(id = ci.person_id)", "Rows Removed by Index Recheck": 0, "Filter": "((gender IS NOT NULL) AND ((gender)::text = 'f'::text))", "Rows Removed by Filter": 257, "Actual Rows": 11}], "Actual Rows": 11}], "Actual Rows": 1}, "Triggers": [], "Planner Runtime": 56.447, "Total Runtime": 763.624, "Unique SQL Id": 661781350}}, "(16, '109')": {"explain_plan": {"Plan": {"Node Type": "Aggregate", "Strategy": "Plain", "Startup Cost": 100763.69, "Total Cost": 100763.7, "Plan Rows": 1, "Plan Width": 160, "Plans": [{"Node Type": "Nested Loop", "Parent Relationship": "Outer", "Join Type": "Inner", "Startup Cost": 14.22, "Total Cost": 100762.05, "Plan Rows": 219, "Plan Width": 64, "Inner Unique": true, "Plans": [{"Node Type": "Nested Loop", "Parent Relationship": "Outer", "Join Type": "Inner", "Startup Cost": 14.22, "Total Cost": 100601.06, "Plan Rows": 321, "Plan Width": 68, "Inner Unique": false, "Plans": [{"Node Type": "Hash Join", "Parent Relationship": "Outer", "Join Type": "Inner", "Startup Cost": 14.22, "Total Cost": 99916.04, "Plan Rows": 291, "Plan Width": 76, "Inner Unique": true, "Hash Cond": "(mi.info_type_id = it1.id)", "Plans": [{"Node Type": "Nested Loop", "Parent Relationship": "Outer", "Join Type": "Inner", "Startup Cost": 0.0, "Total Cost": 99865.39, "Plan Rows": 13753, "Plan Width": 80, "Inner Unique": false, "Plans": [{"Node Type": "Nested Loop", "Parent Relationship": "Outer", "Join Type": "Inner", "Startup Cost": 0.0, "Total Cost": 78493.26, "Plan Rows": 15041, "Plan Width": 30, "Inner Unique": true, "Plans": [{"Node Type": "Nested Loop", "Parent Relationship": "Outer", "Join Type": "Inner", "Startup Cost": 0.0, "Total Cost": 35880.0, "Plan Rows": 12936, "Plan Width": 9, "Inner Unique": false, "Plans": [{"Node Type": "Index Scan", "Parent Relationship": "Outer", "Scan Direction": "Forward", "Index Name": "info_type_pkey", "Relation Name": "info_type", "Alias": "it2", "Startup Cost": 0.0, "Total Cost": 14.21, "Plan Rows": 1, "Plan Width": 4, "Filter": "((info)::text = 'rating'::text)"}, {"Node Type": "Index Scan", "Parent Relationship": "Inner", "Scan Direction": "Forward", "Index Name": "info_type_id_movie_info_idx", "Relation Name": "movie_info_idx", "Alias": "mi_idx", "Startup Cost": 0.0, "Total Cost": 35736.43, "Plan Rows": 12936, "Plan Width": 13, "Index Cond": "(info_type_id = it2.id)", "Filter": "((info)::text > '8.0'::text)"}]}, {"Node Type": "Index Scan", "Parent Relationship": "Inner", "Scan Direction": "Forward", "Index Name": "title_pkey", "Relation Name": "title", "Alias": "t", "Startup Cost": 0.0, "Total Cost": 3.28, "Plan Rows": 1, "Plan Width": 21, "Index Cond": "(id = mi_idx.movie_id)", "Filter": "((production_year >= 2008) AND (production_year <= 2014))"}]}, {"Node Type": "Index Scan", "Parent Relationship": "Inner", "Scan Direction": "Forward", "Index Name": "movie_id_movie_info", "Relation Name": "movie_info", "Alias": "mi", "Startup Cost": 0.0, "Total Cost": 1.41, "Plan Rows": 1, "Plan Width": 50, "Index Cond": "(movie_id = t.id)", "Filter": "((note IS NULL) AND ((info)::text = ANY ('{Horror,Thriller}'::text[])))"}]}, {"Node Type": "Hash", "Parent Relationship": "Inner", "Startup Cost": 14.21, "Total Cost": 14.21, "Plan Rows": 1, "Plan Width": 4, "Plans": [{"Node Type": "Index Scan", "Parent Relationship": "Outer", "Scan Direction": "Forward", "Index Name": "info_type_pkey", "Relation Name": "info_type", "Alias": "it1", "Startup Cost": 0.0, "Total Cost": 14.21, "Plan Rows": 1, "Plan Width": 4, "Filter": "((info)::text = 'genres'::text)"}]}]}, {"Node Type": "Index Scan", "Parent Relationship": "Inner", "Scan Direction": "Forward", "Index Name": "movie_id_cast_info", "Relation Name": "cast_info", "Alias": "ci", "Startup Cost": 0.0, "Total Cost": 2.34, "Plan Rows": 1, "Plan Width": 8, "Index Cond": "(movie_id = t.id)", "Filter": "((note)::text = ANY ('{(writer),\"(head writer)\",\"(written by)\",(story),\"(story editor)\"}'::text[]))"}]}, {"Node Type": "Index Scan", "Parent Relationship": "Inner", "Scan Direction": "Forward", "Index Name": "name_pkey", "Relation Name": "name", "Alias": "n", "Startup Cost": 0.0, "Total Cost": 0.49, "Plan Rows": 1, "Plan Width": 4, "Index Cond": "(id = ci.person_id)", "Filter": "((gender IS NOT NULL) AND ((gender)::text = 'f'::text))"}]}]}, "Unique SQL Id": 661781350, "Planner Runtime": 13}, "explain_analyze_plan": {"Plan": {"Node Type": "Aggregate", "Strategy": "Plain", "Startup Cost": 100763.69, "Total Cost": 100763.7, "Plan Rows": 1, "Plan Width": 160, "Actual Startup Time": 568.657, "Actual Total Time": 568.657, "Actual Rows": 1, "Actual Loops": 1, "Plans": [{"Node Type": "Nested Loop", "Parent Relationship": "Outer", "Join Type": "Inner", "Startup Cost": 14.22, "Total Cost": 100762.05, "Plan Rows": 219, "Plan Width": 64, "Actual Startup Time": 289.007, "Actual Total Time": 568.589, "Actual Rows": 11, "Actual Loops": 1, "Inner Unique": true, "Plans": [{"Node Type": "Nested Loop", "Parent Relationship": "Outer", "Join Type": "Inner", "Startup Cost": 14.22, "Total Cost": 100601.06, "Plan Rows": 321, "Plan Width": 68, "Actual Startup Time": 77.411, "Actual Total Time": 566.37, "Actual Rows": 268, "Actual Loops": 1, "Inner Unique": false, "Plans": [{"Node Type": "Hash Join", "Parent Relationship": "Outer", "Join Type": "Inner", "Startup Cost": 14.22, "Total Cost": 99916.04, "Plan Rows": 291, "Plan Width": 76, "Actual Startup Time": 9.616, "Actual Total Time": 541.388, "Actual Rows": 358, "Actual Loops": 1, "Inner Unique": true, "Hash Cond": "(mi.info_type_id = it1.id)", "Plans": [{"Node Type": "Nested Loop", "Parent Relationship": "Outer", "Join Type": "Inner", "Startup Cost": 0.0, "Total Cost": 99865.39, "Plan Rows": 13753, "Plan Width": 80, "Actual Startup Time": 9.486, "Actual Total Time": 540.83, "Actual Rows": 358, "Actual Loops": 1, "Inner Unique": false, "Plans": [{"Node Type": "Nested Loop", "Parent Relationship": "Outer", "Join Type": "Inner", "Startup Cost": 0.0, "Total Cost": 78493.26, "Plan Rows": 15041, "Plan Width": 30, "Actual Startup Time": 1.775, "Actual Total Time": 402.779, "Actual Rows": 6152, "Actual Loops": 1, "Inner Unique": true, "Plans": [{"Node Type": "Nested Loop", "Parent Relationship": "Outer", "Join Type": "Inner", "Startup Cost": 0.0, "Total Cost": 35880.0, "Plan Rows": 12936, "Plan Width": 9, "Actual Startup Time": 0.117, "Actual Total Time": 323.231, "Actual Rows": 15849, "Actual Loops": 1, "Inner Unique": false, "Plans": [{"Node Type": "Index Scan", "Parent Relationship": "Outer", "Scan Direction": "Forward", "Index Name": "info_type_pkey", "Relation Name": "info_type", "Alias": "it2", "Startup Cost": 0.0, "Total Cost": 14.21, "Plan Rows": 1, "Plan Width": 4, "Actual Startup Time": 0.073, "Actual Total Time": 0.086, "Actual Rows": 1, "Actual Loops": 1, "Filter": "((info)::text = 'rating'::text)", "Rows Removed by Filter": 111}, {"Node Type": "Index Scan", "Parent Relationship": "Inner", "Scan Direction": "Forward", "Index Name": "info_type_id_movie_info_idx", "Relation Name": "movie_info_idx", "Alias": "mi_idx", "Startup Cost": 0.0, "Total Cost": 35736.43, "Plan Rows": 12936, "Plan Width": 13, "Actual Startup Time": 0.039, "Actual Total Time": 319.478, "Actual Rows": 15849, "Actual Loops": 1, "Index Cond": "(info_type_id = it2.id)", "Rows Removed by Index Recheck": 0, "Filter": "((info)::text > '8.0'::text)", "Rows Removed by Filter": 444076}]}, {"Node Type": "Index Scan", "Parent Relationship": "Inner", "Scan Direction": "Forward", "Index Name": "title_pkey", "Relation Name": "title", "Alias": "t", "Startup Cost": 0.0, "Total Cost": 3.28, "Plan Rows": 1, "Plan Width": 21, "Actual Startup Time": 69.345, "Actual Total Time": 69.345, "Actual Rows": 6152, "Actual Loops": 15849, "Index Cond": "(id = mi_idx.movie_id)", "Rows Removed by Index Recheck": 0, "Filter": "((production_year >= 2008) AND (production_year <= 2014))", "Rows Removed by Filter": 9697}]}, {"Node Type": "Index Scan", "Parent Relationship": "Inner", "Scan Direction": "Forward", "Index Name": "movie_id_movie_info", "Relation Name": "movie_info", "Alias": "mi", "Startup Cost": 0.0, "Total Cost": 1.41, "Plan Rows": 1, "Plan Width": 50, "Actual Startup Time": 134.1, "Actual Total Time": 134.426, "Actual Rows": 358, "Actual Loops": 6152, "Index Cond": "(movie_id = t.id)", "Rows Removed by Index Recheck": 0, "Filter": "((note IS NULL) AND ((info)::text = ANY ('{Horror,Thriller}'::text[])))", "Rows Removed by Filter": 109599}]}, {"Node Type": "Hash", "Parent Relationship": "Inner", "Startup Cost": 14.21, "Total Cost": 14.21, "Plan Rows": 1, "Plan Width": 4, "Actual Startup Time": 0.073, "Actual Total Time": 0.073, "Actual Rows": 1, "Actual Loops": 1, "Hash Buckets": 32768, "Hash Batches": 1, "Original Hash Batches": 1, "Peak Memory Usage": 1, "Plans": [{"Node Type": "Index Scan", "Parent Relationship": "Outer", "Scan Direction": "Forward", "Index Name": "info_type_pkey", "Relation Name": "info_type", "Alias": "it1", "Startup Cost": 0.0, "Total Cost": 14.21, "Plan Rows": 1, "Plan Width": 4, "Actual Startup Time": 0.019, "Actual Total Time": 0.065, "Actual Rows": 1, "Actual Loops": 1, "Filter": "((info)::text = 'genres'::text)", "Rows Removed by Filter": 111}]}]}, {"Node Type": "Index Scan", "Parent Relationship": "Inner", "Scan Direction": "Forward", "Index Name": "movie_id_cast_info", "Relation Name": "cast_info", "Alias": "ci", "Startup Cost": 0.0, "Total Cost": 2.34, "Plan Rows": 1, "Plan Width": 8, "Actual Startup Time": 19.351, "Actual Total Time": 24.515, "Actual Rows": 268, "Actual Loops": 358, "Index Cond": "(movie_id = t.id)", "Rows Removed by Index Recheck": 0, "Filter": "((note)::text = ANY ('{(writer),\"(head writer)\",\"(written by)\",(story),\"(story editor)\"}'::text[]))", "Rows Removed by Filter": 12296}]}, {"Node Type": "Index Scan", "Parent Relationship": "Inner", "Scan Direction": "Forward", "Index Name": "name_pkey", "Relation Name": "name", "Alias": "n", "Startup Cost": 0.0, "Total Cost": 0.49, "Plan Rows": 1, "Plan Width": 4, "Actual Startup Time": 1.964, "Actual Total Time": 1.964, "Actual Rows": 11, "Actual Loops": 268, "Index Cond": "(id = ci.person_id)", "Rows Removed by Index Recheck": 0, "Filter": "((gender IS NOT NULL) AND ((gender)::text = 'f'::text))", "Rows Removed by Filter": 257}]}]}, "Triggers": [], "Planner Runtime": 18.421, "Total Runtime": 569.087, "Unique SQL Id": 661781350}}, "(16, '110')": {"explain_plan": {"Plan": {"Node Type": "Aggregate", "Strategy": "Plain", "Startup Cost": 191052.66, "Total Cost": 191052.67, "Plan Rows": 1, "Plan Width": 160, "Plans": [{"Node Type": "Hash Join", "Parent Relationship": "Outer", "Join Type": "Inner", "Startup Cost": 122683.46, "Total Cost": 191050.91, "Plan Rows": 233, "Plan Width": 64, "Inner Unique": true, "Hash Cond": "(mi_idx.info_type_id = it2.id)", "Plans": [{"Node Type": "Hash Join", "Parent Relationship": "Outer", "Join Type": "Inner", "Startup Cost": 122681.05, "Total Cost": 191042.65, "Plan Rows": 934, "Plan Width": 68, "Inner Unique": true, "Hash Cond": "(ci.person_id = n.id)", "Plans": [{"Node Type": "Streaming(type: LOCAL GATHER dop: 1/16)", "Parent Relationship": "Outer", "Startup Cost": 106141.41, "Total Cost": 174488.87, "Plan Rows": 1285, "Plan Width": 72, "Plans": [{"Node Type": "Hash Join", "Parent Relationship": "Outer", "Join Type": "Inner", "Startup Cost": 106141.41, "Total Cost": 174461.14, "Plan Rows": 1285, "Plan Width": 72, "Inner Unique": true, "Hash Cond": "(mi.movie_id = t.id)", "Plans": [{"Node Type": "Streaming(type: BROADCAST dop: 16/16)", "Parent Relationship": "Outer", "Startup Cost": 85985.62, "Total Cost": 154300.41, "Plan Rows": 17680, "Plan Width": 67, "Plans": [{"Node Type": "Hash Join", "Parent Relationship": "Outer", "Join Type": "Inner", "Startup Cost": 85985.62, "Total Cost": 139255.51, "Plan Rows": 1105, "Plan Width": 67, "Inner Unique": false, "Hash Cond": "(mi.movie_id = ci.movie_id)", "Plans": [{"Node Type": "Streaming(type: BROADCAST dop: 16/1)", "Parent Relationship": "Outer", "Startup Cost": 18248.8, "Total Cost": 71295.72, "Plan Rows": 15984, "Plan Width": 59, "Plans": [{"Node Type": "Hash Join", "Parent Relationship": "Outer", "Join Type": "Inner", "Startup Cost": 18248.8, "Total Cost": 55950.75, "Plan Rows": 999, "Plan Width": 59, "Inner Unique": false, "Hash Cond": "(mi.movie_id = mi_idx.movie_id)", "Plans": [{"Node Type": "Hash Join", "Parent Relationship": "Outer", "Join Type": "Inner", "Startup Cost": 2.41, "Total Cost": 37619.13, "Plan Rows": 971, "Plan Width": 46, "Inner Unique": true, "Hash Cond": "(mi.info_type_id = it1.id)", "Plans": [{"Node Type": "Streaming(type: LOCAL GATHER dop: 1/16)", "Parent Relationship": "Outer", "Startup Cost": 0.0, "Total Cost": 37352.11, "Plan Rows": 67971, "Plan Width": 50, "Plans": [{"Node Type": "Seq Scan", "Parent Relationship": "Outer", "Relation Name": "movie_info", "Alias": "mi", "Startup Cost": 0.0, "Total Cost": 35885.16, "Plan Rows": 67971, "Plan Width": 50, "Filter": "((note IS NULL) AND ((info)::text = ANY ('{Horror,Thriller}'::text[])))"}]}, {"Node Type": "Hash", "Parent Relationship": "Inner", "Startup Cost": 2.4, "Total Cost": 2.4, "Plan Rows": 1, "Plan Width": 4, "Plans": [{"Node Type": "Seq Scan", "Parent Relationship": "Outer", "Relation Name": "info_type", "Alias": "it1", "Startup Cost": 0.0, "Total Cost": 2.4, "Plan Rows": 1, "Plan Width": 4, "Filter": "((info)::text = 'genres'::text)"}]}]}, {"Node Type": "Hash", "Parent Relationship": "Inner", "Startup Cost": 17599.56, "Total Cost": 17599.56, "Plan Rows": 51746, "Plan Width": 13, "Plans": [{"Node Type": "Streaming(type: LOCAL GATHER dop: 1/16)", "Parent Relationship": "Outer", "Startup Cost": 0.0, "Total Cost": 17599.56, "Plan Rows": 51746, "Plan Width": 13, "Plans": [{"Node Type": "Seq Scan", "Parent Relationship": "Outer", "Relation Name": "movie_info_idx", "Alias": "mi_idx", "Startup Cost": 0.0, "Total Cost": 16482.78, "Plan Rows": 51746, "Plan Width": 13, "Filter": "((info)::text > '8.0'::text)"}]}]}]}]}, {"Node Type": "Hash", "Parent Relationship": "Inner", "Startup Cost": 66781.24, "Total Cost": 66781.24, "Plan Rows": 1223154, "Plan Width": 8, "Plans": [{"Node Type": "Seq Scan", "Parent Relationship": "Outer", "Relation Name": "cast_info", "Alias": "ci", "Startup Cost": 0.0, "Total Cost": 66781.24, "Plan Rows": 1223154, "Plan Width": 8, "Filter": "((note)::text = ANY ('{(writer),\"(head writer)\",\"(written by)\",(story),\"(story editor)\"}'::text[]))"}]}]}]}, {"Node Type": "Hash", "Parent Relationship": "Inner", "Startup Cost": 19544.42, "Total Cost": 19544.42, "Plan Rows": 782553, "Plan Width": 21, "Plans": [{"Node Type": "Seq Scan", "Parent Relationship": "Outer", "Relation Name": "title", "Alias": "t", "Startup Cost": 88.19, "Total Cost": 19544.42, "Plan Rows": 782553, "Plan Width": 21, "Filter": "((production_year >= 2008) AND (production_year <= 2014)), (LLVM Optimized)"}]}]}]}, {"Node Type": "Hash", "Parent Relationship": "Inner", "Startup Cost": 34942.34, "Total Cost": 34942.34, "Plan Rows": 624324, "Plan Width": 4, "Plans": [{"Node Type": "Streaming(type: LOCAL GATHER dop: 1/16)", "Parent Relationship": "Outer", "Startup Cost": 0.0, "Total Cost": 34942.34, "Plan Rows": 624324, "Plan Width": 4, "Plans": [{"Node Type": "Seq Scan", "Parent Relationship": "Outer", "Relation Name": "name", "Alias": "n", "Startup Cost": 0.0, "Total Cost": 21468.16, "Plan Rows": 624324, "Plan Width": 4, "Filter": "((gender IS NOT NULL) AND ((gender)::text = 'f'::text)), (LLVM Optimized)"}]}]}]}, {"Node Type": "Hash", "Parent Relationship": "Inner", "Startup Cost": 2.4, "Total Cost": 2.4, "Plan Rows": 1, "Plan Width": 4, "Plans": [{"Node Type": "Seq Scan", "Parent Relationship": "Outer", "Relation Name": "info_type", "Alias": "it2", "Startup Cost": 0.0, "Total Cost": 2.4, "Plan Rows": 1, "Plan Width": 4, "Filter": "((info)::text = 'rating'::text)"}]}]}]}, "Unique SQL Id": 661781350, "Planner Runtime": 142}, "explain_analyze_plan": {"Plan": {"Node Type": "Aggregate", "Strategy": "Plain", "Startup Cost": 191052.66, "Total Cost": 191052.67, "Plan Rows": 1, "Plan Width": 160, "Actual Min Startup Time": 1162.376, "Actual Max Startup Time": 1162.376, "Actual Min Total Time": 1162.377, "Actual Max Total Time": 1162.377, "Plans": [{"Node Type": "Hash Join", "Parent Relationship": "Outer", "Join Type": "Inner", "Startup Cost": 122683.46, "Total Cost": 191050.91, "Plan Rows": 233, "Plan Width": 64, "Actual Min Startup Time": 1159.049, "Actual Max Startup Time": 1159.049, "Actual Min Total Time": 1162.335, "Actual Max Total Time": 1162.335, "Inner Unique": true, "Hash Cond": "(mi_idx.info_type_id = it2.id)", "Plans": [{"Node Type": "Hash Join", "Parent Relationship": "Outer", "Join Type": "Inner", "Startup Cost": 122681.05, "Total Cost": 191042.65, "Plan Rows": 934, "Plan Width": 68, "Actual Min Startup Time": 1158.847, "Actual Max Startup Time": 1158.847, "Actual Min Total Time": 1161.154, "Actual Max Total Time": 1161.154, "Inner Unique": true, "Hash Cond": "(ci.person_id = n.id)", "Plans": [{"Node Type": "Streaming(type: LOCAL GATHER dop: 1/16)", "Parent Relationship": "Outer", "Startup Cost": 106141.41, "Total Cost": 174488.87, "Plan Rows": 1285, "Plan Width": 72, "Actual Min Startup Time": 486.057, "Actual Max Startup Time": 486.057, "Actual Min Total Time": 487.916, "Actual Max Total Time": 487.916, "Plans": [{"Node Type": "Hash Join", "Parent Relationship": "Outer", "Join Type": "Inner", "Startup Cost": 106141.41, "Total Cost": 174461.14, "Plan Rows": 1285, "Plan Width": 72, "Actual Min Startup Time": 918.031, "Actual Max Startup Time": 997.691, "Actual Min Total Time": 1001.844, "Actual Max Total Time": 1081.644, "Inner Unique": true, "Hash Cond": "(mi.movie_id = t.id)", "Plans": [{"Node Type": "Streaming(type: BROADCAST dop: 16/16)", "Parent Relationship": "Outer", "Startup Cost": 85985.62, "Total Cost": 154300.41, "Plan Rows": 17680, "Plan Width": 67, "Actual Min Startup Time": 836.931, "Actual Max Startup Time": 895.449, "Actual Min Total Time": 919.922, "Actual Max Total Time": 978.408, "Plans": [{"Node Type": "Hash Join", "Parent Relationship": "Outer", "Join Type": "Inner", "Startup Cost": 85985.62, "Total Cost": 139255.51, "Plan Rows": 1105, "Plan Width": 67, "Actual Min Startup Time": 873.201, "Actual Max Startup Time": 899.645, "Actual Min Total Time": 1042.458, "Actual Max Total Time": 1061.612, "Inner Unique": false, "Hash Cond": "(mi.movie_id = ci.movie_id)", "Plans": [{"Node Type": "Streaming(type: BROADCAST dop: 16/1)", "Parent Relationship": "Outer", "Startup Cost": 18248.8, "Total Cost": 71295.72, "Plan Rows": 15984, "Plan Width": 59, "Actual Min Startup Time": 0.043, "Actual Max Startup Time": 0.095, "Actual Min Total Time": 148.871, "Actual Max Total Time": 180.358, "Plans": [{"Node Type": "Hash Join", "Parent Relationship": "Outer", "Join Type": "Inner", "Startup Cost": 18248.8, "Total Cost": 55950.75, "Plan Rows": 999, "Plan Width": 59, "Actual Min Startup Time": 323.12, "Actual Max Startup Time": 323.12, "Actual Min Total Time": 427.791, "Actual Max Total Time": 427.791, "Inner Unique": false, "Hash Cond": "(mi.movie_id = mi_idx.movie_id)", "Plans": [{"Node Type": "Hash Join", "Parent Relationship": "Outer", "Join Type": "Inner", "Startup Cost": 2.41, "Total Cost": 37619.13, "Plan Rows": 971, "Plan Width": 46, "Actual Min Startup Time": 255.983, "Actual Max Startup Time": 255.983, "Actual Min Total Time": 338.455, "Actual Max Total Time": 338.455, "Inner Unique": true, "Hash Cond": "(mi.info_type_id = it1.id)", "Plans": [{"Node Type": "Streaming(type: LOCAL GATHER dop: 1/16)", "Parent Relationship": "Outer", "Startup Cost": 0.0, "Total Cost": 37352.11, "Plan Rows": 67971, "Plan Width": 50, "Actual Min Startup Time": 202.77, "Actual Max Startup Time": 202.77, "Actual Min Total Time": 310.391, "Actual Max Total Time": 310.391, "Plans": [{"Node Type": "Seq Scan", "Parent Relationship": "Outer", "Relation Name": "movie_info", "Alias": "mi", "Startup Cost": 0.0, "Total Cost": 35885.16, "Plan Rows": 67971, "Plan Width": 50, "Actual Min Startup Time": 244.882, "Actual Max Startup Time": 345.208, "Actual Min Total Time": 384.643, "Actual Max Total Time": 420.661, "Filter": "((note IS NULL) AND ((info)::text = ANY ('{Horror,Thriller}'::text[])))", "Rows Removed by Filter": 14762672, "Actual Rows": 73047}], "Actual Rows": 73047}, {"Node Type": "Hash", "Parent Relationship": "Inner", "Startup Cost": 2.4, "Total Cost": 2.4, "Plan Rows": 1, "Plan Width": 4, "Actual Min Startup Time": 0.085, "Actual Max Startup Time": 0.085, "Actual Min Total Time": 0.085, "Actual Max Total Time": 0.085, "Max Hash Buckets": 32768, "Min Hash Buckets": 32768, "Max Hash Batches": 1, "Min Hash Batches": 1, "Max Original Hash Batches": 1, "Min Original Hash Batches": 1, "Max Peak Memory Usage": 1, "min Peak Memory Usage": 1, "Plans": [{"Node Type": "Seq Scan", "Parent Relationship": "Outer", "Relation Name": "info_type", "Alias": "it1", "Startup Cost": 0.0, "Total Cost": 2.4, "Plan Rows": 1, "Plan Width": 4, "Actual Min Startup Time": 0.046, "Actual Max Startup Time": 0.046, "Actual Min Total Time": 0.07, "Actual Max Total Time": 0.07, "Filter": "((info)::text = 'genres'::text)", "Rows Removed by Filter": 111, "Actual Rows": 1}], "Actual Rows": 1}], "Actual Rows": 72258}, {"Node Type": "Hash", "Parent Relationship": "Inner", "Startup Cost": 17599.56, "Total Cost": 17599.56, "Plan Rows": 51746, "Plan Width": 13, "Actual Min Startup Time": 67.063, "Actual Max Startup Time": 67.063, "Actual Min Total Time": 67.063, "Actual Max Total Time": 67.063, "Max Hash Buckets": 65536, "Min Hash Buckets": 65536, "Max Hash Batches": 1, "Min Hash Batches": 1, "Max Original Hash Batches": 1, "Min Original Hash Batches": 1, "Max Peak Memory Usage": 2322, "min Peak Memory Usage": 2322, "Plans": [{"Node Type": "Streaming(type: LOCAL GATHER dop: 1/16)", "Parent Relationship": "Outer", "Startup Cost": 0.0, "Total Cost": 17599.56, "Plan Rows": 51746, "Plan Width": 13, "Actual Min Startup Time": 0.064, "Actual Max Startup Time": 0.064, "Actual Min Total Time": 43.538, "Actual Max Total Time": 43.538, "Plans": [{"Node Type": "Seq Scan", "Parent Relationship": "Outer", "Relation Name": "movie_info_idx", "Alias": "mi_idx", "Startup Cost": 0.0, "Total Cost": 16482.78, "Plan Rows": 51746, "Plan Width": 13, "Actual Min Startup Time": 0.045, "Actual Max Startup Time": 0.12, "Actual Min Total Time": 34.682, "Actual Max Total Time": 42.884, "Filter": "((info)::text > '8.0'::text)", "Rows Removed by Filter": 1326385, "Actual Rows": 53649}], "Actual Rows": 53649}], "Actual Rows": 53649}], "Actual Rows": 4135}], "Actual Rows": 66160}, {"Node Type": "Hash", "Parent Relationship": "Inner", "Startup Cost": 66781.24, "Total Cost": 66781.24, "Plan Rows": 1223154, "Plan Width": 8, "Actual Min Startup Time": 872.985, "Actual Max Startup Time": 891.736, "Actual Min Total Time": 872.985, "Actual Max Total Time": 891.736, "Max Hash Buckets": 131072, "Min Hash Buckets": 131072, "Max Hash Batches": 1, "Min Hash Batches": 1, "Max Original Hash Batches": 1, "Min Original Hash Batches": 1, "Max Peak Memory Usage": 3042, "min Peak Memory Usage": 3042, "Plans": [{"Node Type": "Seq Scan", "Parent Relationship": "Outer", "Relation Name": "cast_info", "Alias": "ci", "Startup Cost": 0.0, "Total Cost": 66781.24, "Plan Rows": 1223154, "Plan Width": 8, "Actual Min Startup Time": 23.896, "Actual Max Startup Time": 441.836, "Actual Min Total Time": 849.778, "Actual Max Total Time": 868.322, "Filter": "((note)::text = ANY ('{(writer),\"(head writer)\",\"(written by)\",(story),\"(story editor)\"}'::text[]))", "Rows Removed by Filter": 34999627, "Actual Rows": 1244716}], "Actual Rows": 1244716}], "Actual Rows": 2288}], "Actual Rows": 36608}, {"Node Type": "Hash", "Parent Relationship": "Inner", "Startup Cost": 19544.42, "Total Cost": 19544.42, "Plan Rows": 782553, "Plan Width": 21, "Actual Min Startup Time": 77.63, "Actual Max Startup Time": 102.012, "Actual Min Total Time": 77.63, "Actual Max Total Time": 102.012, "Max Hash Buckets": 65536, "Min Hash Buckets": 65536, "Max Hash Batches": 1, "Min Hash Batches": 1, "Max Original Hash Batches": 1, "Min Original Hash Batches": 1, "Max Peak Memory Usage": 2675, "min Peak Memory Usage": 2675, "Plans": [{"Node Type": "Seq Scan", "Parent Relationship": "Outer", "Relation Name": "title", "Alias": "t", "Startup Cost": 88.19, "Total Cost": 19544.42, "Plan Rows": 782553, "Plan Width": 21, "Actual Min Startup Time": 0.025, "Actual Max Startup Time": 0.082, "Actual Min Total Time": 62.07, "Actual Max Total Time": 72.07, "Filter": "((production_year >= 2008) AND (production_year <= 2014)), (LLVM Optimized, Jit Execute)", "Rows Removed by Filter": 1743823, "Actual Rows": 784488}], "Actual Rows": 784488}], "Actual Rows": 930}], "Actual Rows": 930}, {"Node Type": "Hash", "Parent Relationship": "Inner", "Startup Cost": 34942.34, "Total Cost": 34942.34, "Plan Rows": 624324, "Plan Width": 4, "Actual Min Startup Time": 672.015, "Actual Max Startup Time": 672.015, "Actual Min Total Time": 672.015, "Actual Max Total Time": 672.015, "Max Hash Buckets": 1048576, "Min Hash Buckets": 1048576, "Max Hash Batches": 1, "Min Hash Batches": 1, "Max Original Hash Batches": 1, "Min Original Hash Batches": 1, "Max Peak Memory Usage": 33805, "min Peak Memory Usage": 33805, "Plans": [{"Node Type": "Streaming(type: LOCAL GATHER dop: 1/16)", "Parent Relationship": "Outer", "Startup Cost": 0.0, "Total Cost": 34942.34, "Plan Rows": 624324, "Plan Width": 4, "Actual Min Startup Time": 135.641, "Actual Max Startup Time": 135.641, "Actual Min Total Time": 403.688, "Actual Max Total Time": 403.688, "Plans": [{"Node Type": "Seq Scan", "Parent Relationship": "Outer", "Relation Name": "name", "Alias": "n", "Startup Cost": 0.0, "Total Cost": 21468.16, "Plan Rows": 624324, "Plan Width": 4, "Actual Min Startup Time": 42.718, "Actual Max Startup Time": 48.563, "Actual Min Total Time": 90.652, "Actual Max Total Time": 98.845, "Filter": "((gender IS NOT NULL) AND ((gender)::text = 'f'::text)), (LLVM Optimized, Jit Execute)", "Rows Removed by Filter": 3205935, "Actual Rows": 961555}], "Actual Rows": 961555}], "Actual Rows": 961555}], "Actual Rows": 40}, {"Node Type": "Hash", "Parent Relationship": "Inner", "Startup Cost": 2.4, "Total Cost": 2.4, "Plan Rows": 1, "Plan Width": 4, "Actual Min Startup Time": 0.115, "Actual Max Startup Time": 0.115, "Actual Min Total Time": 0.115, "Actual Max Total Time": 0.115, "Max Hash Buckets": 32768, "Min Hash Buckets": 32768, "Max Hash Batches": 1, "Min Hash Batches": 1, "Max Original Hash Batches": 1, "Min Original Hash Batches": 1, "Max Peak Memory Usage": 1, "min Peak Memory Usage": 1, "Plans": [{"Node Type": "Seq Scan", "Parent Relationship": "Outer", "Relation Name": "info_type", "Alias": "it2", "Startup Cost": 0.0, "Total Cost": 2.4, "Plan Rows": 1, "Plan Width": 4, "Actual Min Startup Time": 0.094, "Actual Max Startup Time": 0.094, "Actual Min Total Time": 0.1, "Actual Max Total Time": 0.1, "Filter": "((info)::text = 'rating'::text)", "Rows Removed by Filter": 111, "Actual Rows": 1}], "Actual Rows": 1}], "Actual Rows": 11}], "Actual Rows": 1}, "Triggers": [], "Planner Runtime": 155.843, "Total Runtime": 1188.233, "Unique SQL Id": 661781350}}, "(16, '111')": {"explain_plan": {"Plan": {"Node Type": "Aggregate", "Strategy": "Plain", "Startup Cost": 7000242584121.54, "Total Cost": 7000242584121.55, "Plan Rows": 1, "Plan Width": 160, "Plans": [{"Node Type": "Hash Join", "Parent Relationship": "Outer", "Join Type": "Inner", "Startup Cost": 5020226198614.13, "Total Cost": 7000242584119.8, "Plan Rows": 233, "Plan Width": 64, "Inner Unique": true, "Hash Cond": "(mi.movie_id = t.id)", "Plans": [{"Node Type": "Hash Join", "Parent Relationship": "Outer", "Join Type": "Inner", "Startup Cost": 4020213912627.8, "Total Cost": 6000230298130.39, "Plan Rows": 200, "Plan Width": 59, "Inner Unique": true, "Hash Cond": "(ci.person_id = n.id)", "Plans": [{"Node Type": "Hash Join", "Parent Relationship": "Outer", "Join Type": "Inner", "Startup Cost": 3020195239676.55, "Total Cost": 5000211625176.1, "Plan Rows": 276, "Plan Width": 63, "Inner Unique": false, "Hash Cond": "(mi.movie_id = ci.movie_id)", "Plans": [{"Node Type": "Hash Join", "Parent Relationship": "Outer", "Join Type": "Inner", "Startup Cost": 2020001913370.16, "Total Cost": 4000018297985.07, "Plan Rows": 250, "Plan Width": 55, "Inner Unique": false, "Hash Cond": "(mi.movie_id = mi_idx.movie_id)", "Plans": [{"Node Type": "Nested Loop", "Parent Relationship": "Outer", "Join Type": "Inner", "Startup Cost": 20000004841.7, "Total Cost": 2000016389426.2, "Plan Rows": 971, "Plan Width": 46, "Inner Unique": false, "Plans": [{"Node Type": "Index Scan", "Parent Relationship": "Outer", "Scan Direction": "Forward", "Index Name": "info_type_pkey", "Relation Name": "info_type", "Alias": "it1", "Startup Cost": 10000000000.0, "Total Cost": 1000000001421.0, "Plan Rows": 1, "Plan Width": 4, "Filter": "((info)::text = 'genres'::text)"}, {"Node Type": "Bitmap Heap Scan", "Parent Relationship": "Inner", "Relation Name": "movie_info", "Alias": "mi", "Startup Cost": 10000004841.7, "Total Cost": 1000016387995.49, "Plan Rows": 971, "Plan Width": 50, "Recheck Cond": "(info_type_id = it1.id)", "Filter": "((note IS NULL) AND ((info)::text = ANY ('{Horror,Thriller}'::text[])))", "Plans": [{"Node Type": "Bitmap Index Scan", "Parent Relationship": "Outer", "Index Name": "info_type_id_movie_info", "Startup Cost": 0.0, "Total Cost": 4841.46, "Plan Rows": 212428, "Plan Width": 0, "Index Cond": "(info_type_id = it1.id)"}]}]}, {"Node Type": "Hash", "Parent Relationship": "Inner", "Startup Cost": 2000001908366.76, "Total Cost": 2000001908366.76, "Plan Rows": 12936, "Plan Width": 9, "Plans": [{"Node Type": "Nested Loop", "Parent Relationship": "Outer", "Join Type": "Inner", "Startup Cost": 20000007419.04, "Total Cost": 2000001908366.76, "Plan Rows": 12936, "Plan Width": 9, "Inner Unique": false, "Plans": [{"Node Type": "Index Scan", "Parent Relationship": "Outer", "Scan Direction": "Forward", "Index Name": "info_type_pkey", "Relation Name": "info_type", "Alias": "it2", "Startup Cost": 10000000000.0, "Total Cost": 1000000001421.0, "Plan Rows": 1, "Plan Width": 4, "Filter": "((info)::text = 'rating'::text)"}, {"Node Type": "Bitmap Heap Scan", "Parent Relationship": "Inner", "Relation Name": "movie_info_idx", "Alias": "mi_idx", "Startup Cost": 10000007419.04, "Total Cost": 1000001906816.4, "Plan Rows": 12936, "Plan Width": 13, "Recheck Cond": "(info_type_id = it2.id)", "Filter": "((info)::text > '8.0'::text)", "Plans": [{"Node Type": "Bitmap Index Scan", "Parent Relationship": "Outer", "Index Name": "info_type_id_movie_info_idx", "Startup Cost": 0.0, "Total Cost": 7415.81, "Plan Rows": 345008, "Plan Width": 0, "Index Cond": "(info_type_id = it2.id)"}]}]}]}]}, {"Node Type": "Hash", "Parent Relationship": "Inner", "Startup Cost": 1000193311016.96, "Total Cost": 1000193311016.96, "Plan Rows": 1223154, "Plan Width": 8, "Plans": [{"Node Type": "Index Scan", "Parent Relationship": "Outer", "Scan Direction": "Forward", "Index Name": "person_id_cast_info", "Relation Name": "cast_info", "Alias": "ci", "Startup Cost": 10000000000.0, "Total Cost": 1000193311016.96, "Plan Rows": 1223154, "Plan Width": 8, "Filter": "((note)::text = ANY ('{(writer),\"(head writer)\",\"(written by)\",(story),\"(story editor)\"}'::text[]))"}]}]}, {"Node Type": "Hash", "Parent Relationship": "Inner", "Startup Cost": 1000018665147.2, "Total Cost": 1000018665147.2, "Plan Rows": 624324, "Plan Width": 4, "Plans": [{"Node Type": "Index Scan", "Parent Relationship": "Outer", "Scan Direction": "Forward", "Index Name": "name_pkey", "Relation Name": "name", "Alias": "n", "Startup Cost": 10000000000.0, "Total Cost": 1000018665147.2, "Plan Rows": 624324, "Plan Width": 4, "Filter": "((gender IS NOT NULL) AND ((gender)::text = 'f'::text)), (LLVM Optimized)"}]}]}, {"Node Type": "Hash", "Parent Relationship": "Inner", "Startup Cost": 1000012276204.41, "Total Cost": 1000012276204.41, "Plan Rows": 782553, "Plan Width": 21, "Plans": [{"Node Type": "Index Scan", "Parent Relationship": "Outer", "Scan Direction": "Forward", "Index Name": "title_pkey", "Relation Name": "title", "Alias": "t", "Startup Cost": 10000000000.0, "Total Cost": 1000012276204.41, "Plan Rows": 782553, "Plan Width": 21, "Filter": "((production_year >= 2008) AND (production_year <= 2014)), (LLVM Optimized)"}]}]}]}, "Unique SQL Id": 661781350, "Planner Runtime": 39}, "explain_analyze_plan": null}, "(16, '112')": {"explain_plan": {"Plan": {"Node Type": "Aggregate", "Strategy": "Plain", "Startup Cost": 40721.77, "Total Cost": 40721.78, "Plan Rows": 1, "Plan Width": 160, "Plans": [{"Node Type": "Nested Loop", "Parent Relationship": "Outer", "Join Type": "Inner", "Startup Cost": 0.0, "Total Cost": 40720.13, "Plan Rows": 219, "Plan Width": 64, "Inner Unique": true, "Plans": [{"Node Type": "Nested Loop", "Parent Relationship": "Outer", "Join Type": "Inner", "Startup Cost": 0.0, "Total Cost": 40559.14, "Plan Rows": 321, "Plan Width": 68, "Inner Unique": false, "Plans": [{"Node Type": "Nested Loop", "Parent Relationship": "Outer", "Join Type": "Inner", "Startup Cost": 0.0, "Total Cost": 39874.11, "Plan Rows": 291, "Plan Width": 76, "Inner Unique": true, "Plans": [{"Node Type": "Nested Loop", "Parent Relationship": "Outer", "Join Type": "Inner", "Startup Cost": 0.0, "Total Cost": 39160.9, "Plan Rows": 250, "Plan Width": 55, "Inner Unique": false, "Join Filter": "(mi_idx.info_type_id = it2.id)", "Plans": [{"Node Type": "Seq Scan", "Parent Relationship": "Outer", "Relation Name": "info_type", "Alias": "it2", "Startup Cost": 0.0, "Total Cost": 2.4, "Plan Rows": 1, "Plan Width": 4, "Filter": "((info)::text = 'rating'::text)"}, {"Node Type": "Nested Loop", "Parent Relationship": "Inner", "Join Type": "Inner", "Startup Cost": 0.0, "Total Cost": 39146.01, "Plan Rows": 999, "Plan Width": 59, "Inner Unique": false, "Plans": [{"Node Type": "Nested Loop", "Parent Relationship": "Outer", "Join Type": "Inner", "Startup Cost": 0.0, "Total Cost": 38204.15, "Plan Rows": 971, "Plan Width": 46, "Inner Unique": false, "Join Filter": "(it1.id = mi.info_type_id)", "Plans": [{"Node Type": "Seq Scan", "Parent Relationship": "Outer", "Relation Name": "info_type", "Alias": "it1", "Startup Cost": 0.0, "Total Cost": 2.4, "Plan Rows": 1, "Plan Width": 4, "Filter": "((info)::text = 'genres'::text)"}, {"Node Type": "Materialize", "Parent Relationship": "Inner", "Startup Cost": 0.0, "Total Cost": 37522.04, "Plan Rows": 67971, "Plan Width": 50, "Plans": [{"Node Type": "Streaming(type: LOCAL GATHER dop: 1/16)", "Parent Relationship": "Outer", "Startup Cost": 0.0, "Total Cost": 37352.11, "Plan Rows": 67971, "Plan Width": 50, "Plans": [{"Node Type": "Seq Scan", "Parent Relationship": "Outer", "Relation Name": "movie_info", "Alias": "mi", "Startup Cost": 0.0, "Total Cost": 35885.16, "Plan Rows": 67971, "Plan Width": 50, "Filter": "((note IS NULL) AND ((info)::text = ANY ('{Horror,Thriller}'::text[])))"}]}]}]}, {"Node Type": "Index Scan", "Parent Relationship": "Inner", "Scan Direction": "Forward", "Index Name": "movie_id_movie_info_idx", "Relation Name": "movie_info_idx", "Alias": "mi_idx", "Startup Cost": 0.0, "Total Cost": 0.96, "Plan Rows": 1, "Plan Width": 13, "Index Cond": "(movie_id = mi.movie_id)", "Filter": "((info)::text > '8.0'::text)"}]}]}, {"Node Type": "Index Scan", "Parent Relationship": "Inner", "Scan Direction": "Forward", "Index Name": "title_pkey", "Relation Name": "title", "Alias": "t", "Startup Cost": 0.0, "Total Cost": 2.84, "Plan Rows": 1, "Plan Width": 21, "Index Cond": "(id = mi.movie_id)", "Filter": "((production_year >= 2008) AND (production_year <= 2014))"}]}, {"Node Type": "Index Scan", "Parent Relationship": "Inner", "Scan Direction": "Forward", "Index Name": "movie_id_cast_info", "Relation Name": "cast_info", "Alias": "ci", "Startup Cost": 0.0, "Total Cost": 2.34, "Plan Rows": 1, "Plan Width": 8, "Index Cond": "(movie_id = t.id)", "Filter": "((note)::text = ANY ('{(writer),\"(head writer)\",\"(written by)\",(story),\"(story editor)\"}'::text[]))"}]}, {"Node Type": "Index Scan", "Parent Relationship": "Inner", "Scan Direction": "Forward", "Index Name": "name_pkey", "Relation Name": "name", "Alias": "n", "Startup Cost": 0.0, "Total Cost": 0.49, "Plan Rows": 1, "Plan Width": 4, "Index Cond": "(id = ci.person_id)", "Filter": "((gender IS NOT NULL) AND ((gender)::text = 'f'::text))"}]}]}, "Unique SQL Id": 661781350, "Planner Runtime": 8}, "explain_analyze_plan": {"Plan": {"Node Type": "Aggregate", "Strategy": "Plain", "Startup Cost": 40721.77, "Total Cost": 40721.78, "Plan Rows": 1, "Plan Width": 160, "Actual Min Startup Time": 783.795, "Actual Max Startup Time": 783.795, "Actual Min Total Time": 783.796, "Actual Max Total Time": 783.796, "Plans": [{"Node Type": "Nested Loop", "Parent Relationship": "Outer", "Join Type": "Inner", "Startup Cost": 0.0, "Total Cost": 40720.13, "Plan Rows": 219, "Plan Width": 64, "Actual Min Startup Time": 421.789, "Actual Max Startup Time": 421.789, "Actual Min Total Time": 783.737, "Actual Max Total Time": 783.737, "Inner Unique": true, "Plans": [{"Node Type": "Nested Loop", "Parent Relationship": "Outer", "Join Type": "Inner", "Startup Cost": 0.0, "Total Cost": 40559.14, "Plan Rows": 321, "Plan Width": 68, "Actual Min Startup Time": 420.591, "Actual Max Startup Time": 420.591, "Actual Min Total Time": 781.702, "Actual Max Total Time": 781.702, "Inner Unique": false, "Plans": [{"Node Type": "Nested Loop", "Parent Relationship": "Outer", "Join Type": "Inner", "Startup Cost": 0.0, "Total Cost": 39874.11, "Plan Rows": 291, "Plan Width": 76, "Actual Min Startup Time": 418.68, "Actual Max Startup Time": 418.68, "Actual Min Total Time": 757.309, "Actual Max Total Time": 757.309, "Inner Unique": true, "Plans": [{"Node Type": "Nested Loop", "Parent Relationship": "Outer", "Join Type": "Inner", "Startup Cost": 0.0, "Total Cost": 39160.9, "Plan Rows": 250, "Plan Width": 55, "Actual Min Startup Time": 418.659, "Actual Max Startup Time": 418.659, "Actual Min Total Time": 752.537, "Actual Max Total Time": 752.537, "Inner Unique": false, "Join Filter": "(mi_idx.info_type_id = it2.id)", "Rows Removed by Join Filter": 3403, "Plans": [{"Node Type": "Seq Scan", "Parent Relationship": "Outer", "Relation Name": "info_type", "Alias": "it2", "Startup Cost": 0.0, "Total Cost": 2.4, "Plan Rows": 1, "Plan Width": 4, "Actual Min Startup Time": 0.077, "Actual Max Startup Time": 0.077, "Actual Min Total Time": 0.093, "Actual Max Total Time": 0.093, "Filter": "((info)::text = 'rating'::text)", "Rows Removed by Filter": 111, "Actual Rows": 1}, {"Node Type": "Nested Loop", "Parent Relationship": "Inner", "Join Type": "Inner", "Startup Cost": 0.0, "Total Cost": 39146.01, "Plan Rows": 999, "Plan Width": 59, "Actual Min Startup Time": 418.484, "Actual Max Startup Time": 418.484, "Actual Min Total Time": 750.31, "Actual Max Total Time": 750.31, "Inner Unique": false, "Plans": [{"Node Type": "Nested Loop", "Parent Relationship": "Outer", "Join Type": "Inner", "Startup Cost": 0.0, "Total Cost": 38204.15, "Plan Rows": 971, "Plan Width": 46, "Actual Min Startup Time": 418.401, "Actual Max Startup Time": 418.401, "Actual Min Total Time": 457.136, "Actual Max Total Time": 457.136, "Inner Unique": false, "Join Filter": "(it1.id = mi.info_type_id)", "Rows Removed by Join Filter": 789, "Plans": [{"Node Type": "Seq Scan", "Parent Relationship": "Outer", "Relation Name": "info_type", "Alias": "it1", "Startup Cost": 0.0, "Total Cost": 2.4, "Plan Rows": 1, "Plan Width": 4, "Actual Min Startup Time": 0.07, "Actual Max Startup Time": 0.07, "Actual Min Total Time": 0.105, "Actual Max Total Time": 0.105, "Filter": "((info)::text = 'genres'::text)", "Rows Removed by Filter": 111, "Actual Rows": 1}, {"Node Type": "Materialize", "Parent Relationship": "Inner", "Startup Cost": 0.0, "Total Cost": 37522.04, "Plan Rows": 67971, "Plan Width": 50, "Actual Min Startup Time": 418.259, "Actual Max Startup Time": 418.259, "Actual Min Total Time": 427.845, "Actual Max Total Time": 427.845, "Plans": [{"Node Type": "Streaming(type: LOCAL GATHER dop: 1/16)", "Parent Relationship": "Outer", "Startup Cost": 0.0, "Total Cost": 37352.11, "Plan Rows": 67971, "Plan Width": 50, "Actual Min Startup Time": 267.189, "Actual Max Startup Time": 267.189, "Actual Min Total Time": 406.953, "Actual Max Total Time": 406.953, "Plans": [{"Node Type": "Seq Scan", "Parent Relationship": "Outer", "Relation Name": "movie_info", "Alias": "mi", "Startup Cost": 0.0, "Total Cost": 35885.16, "Plan Rows": 67971, "Plan Width": 50, "Actual Min Startup Time": 236.199, "Actual Max Startup Time": 341.623, "Actual Min Total Time": 383.341, "Actual Max Total Time": 397.733, "Filter": "((note IS NULL) AND ((info)::text = ANY ('{Horror,Thriller}'::text[])))", "Rows Removed by Filter": 14762672, "Actual Rows": 73047}], "Actual Rows": 73047}], "Actual Rows": 73048}], "Actual Rows": 72258}, {"Node Type": "Index Scan", "Parent Relationship": "Inner", "Scan Direction": "Forward", "Index Name": "movie_id_movie_info_idx", "Relation Name": "movie_info_idx", "Alias": "mi_idx", "Startup Cost": 0.0, "Total Cost": 0.96, "Plan Rows": 1, "Plan Width": 13, "Actual Min Startup Time": 255.529, "Actual Max Startup Time": 255.529, "Actual Min Total Time": 258.944, "Actual Max Total Time": 258.944, "Index Cond": "(movie_id = mi.movie_id)", "Rows Removed by Index Recheck": 0, "Filter": "((info)::text > '8.0'::text)", "Rows Removed by Filter": 113143, "Actual Rows": 4135}], "Actual Rows": 4135}], "Actual Rows": 732}, {"Node Type": "Index Scan", "Parent Relationship": "Inner", "Scan Direction": "Forward", "Index Name": "title_pkey", "Relation Name": "title", "Alias": "t", "Startup Cost": 0.0, "Total Cost": 2.84, "Plan Rows": 1, "Plan Width": 21, "Actual Min Startup Time": 4.157, "Actual Max Startup Time": 4.157, "Actual Min Total Time": 4.157, "Actual Max Total Time": 4.157, "Index Cond": "(id = mi.movie_id)", "Rows Removed by Index Recheck": 0, "Filter": "((production_year >= 2008) AND (production_year <= 2014))", "Rows Removed by Filter": 374, "Actual Rows": 358}], "Actual Rows": 358}, {"Node Type": "Index Scan", "Parent Relationship": "Inner", "Scan Direction": "Forward", "Index Name": "movie_id_cast_info", "Relation Name": "cast_info", "Alias": "ci", "Startup Cost": 0.0, "Total Cost": 2.34, "Plan Rows": 1, "Plan Width": 8, "Actual Min Startup Time": 18.983, "Actual Max Startup Time": 18.983, "Actual Min Total Time": 24.063, "Actual Max Total Time": 24.063, "Index Cond": "(movie_id = t.id)", "Rows Removed by Index Recheck": 0, "Filter": "((note)::text = ANY ('{(writer),\"(head writer)\",\"(written by)\",(story),\"(story editor)\"}'::text[]))", "Rows Removed by Filter": 12296, "Actual Rows": 268}], "Actual Rows": 268}, {"Node Type": "Index Scan", "Parent Relationship": "Inner", "Scan Direction": "Forward", "Index Name": "name_pkey", "Relation Name": "name", "Alias": "n", "Startup Cost": 0.0, "Total Cost": 0.49, "Plan Rows": 1, "Plan Width": 4, "Actual Min Startup Time": 1.815, "Actual Max Startup Time": 1.815, "Actual Min Total Time": 1.815, "Actual Max Total Time": 1.815, "Index Cond": "(id = ci.person_id)", "Rows Removed by Index Recheck": 0, "Filter": "((gender IS NOT NULL) AND ((gender)::text = 'f'::text))", "Rows Removed by Filter": 257, "Actual Rows": 11}], "Actual Rows": 11}], "Actual Rows": 1}, "Triggers": [], "Planner Runtime": 16.483, "Total Runtime": 786.667, "Unique SQL Id": 661781350}}, "(16, '113')": {"explain_plan": {"Plan": {"Node Type": "Aggregate", "Strategy": "Plain", "Startup Cost": 84230.9, "Total Cost": 84230.91, "Plan Rows": 1, "Plan Width": 160, "Plans": [{"Node Type": "Nested Loop", "Parent Relationship": "Outer", "Join Type": "Inner", "Startup Cost": 7419.04, "Total Cost": 84229.26, "Plan Rows": 219, "Plan Width": 64, "Inner Unique": true, "Plans": [{"Node Type": "Nested Loop", "Parent Relationship": "Outer", "Join Type": "Inner", "Startup Cost": 7419.04, "Total Cost": 84068.27, "Plan Rows": 321, "Plan Width": 68, "Inner Unique": false, "Plans": [{"Node Type": "Nested Loop", "Parent Relationship": "Outer", "Join Type": "Inner", "Startup Cost": 7419.04, "Total Cost": 83383.24, "Plan Rows": 291, "Plan Width": 76, "Inner Unique": false, "Join Filter": "(mi.info_type_id = it1.id)", "Plans": [{"Node Type": "Index Scan", "Parent Relationship": "Outer", "Scan Direction": "Forward", "Index Name": "info_type_pkey", "Relation Name": "info_type", "Alias": "it1", "Startup Cost": 0.0, "Total Cost": 14.21, "Plan Rows": 1, "Plan Width": 4, "Filter": "((info)::text = 'genres'::text)"}, {"Node Type": "Nested Loop", "Parent Relationship": "Inner", "Join Type": "Inner", "Startup Cost": 7419.04, "Total Cost": 83197.12, "Plan Rows": 13753, "Plan Width": 80, "Inner Unique": false, "Plans": [{"Node Type": "Nested Loop", "Parent Relationship": "Outer", "Join Type": "Inner", "Startup Cost": 7419.04, "Total Cost": 61824.99, "Plan Rows": 15041, "Plan Width": 30, "Inner Unique": true, "Plans": [{"Node Type": "Nested Loop", "Parent Relationship": "Outer", "Join Type": "Inner", "Startup Cost": 7419.04, "Total Cost": 19211.73, "Plan Rows": 12936, "Plan Width": 9, "Inner Unique": false, "Plans": [{"Node Type": "Index Scan", "Parent Relationship": "Outer", "Scan Direction": "Forward", "Index Name": "info_type_pkey", "Relation Name": "info_type", "Alias": "it2", "Startup Cost": 0.0, "Total Cost": 14.21, "Plan Rows": 1, "Plan Width": 4, "Filter": "((info)::text = 'rating'::text)"}, {"Node Type": "Bitmap Heap Scan", "Parent Relationship": "Inner", "Relation Name": "movie_info_idx", "Alias": "mi_idx", "Startup Cost": 7419.04, "Total Cost": 19068.16, "Plan Rows": 12936, "Plan Width": 13, "Recheck Cond": "(info_type_id = it2.id)", "Filter": "((info)::text > '8.0'::text)", "Plans": [{"Node Type": "Bitmap Index Scan", "Parent Relationship": "Outer", "Index Name": "info_type_id_movie_info_idx", "Startup Cost": 0.0, "Total Cost": 7415.81, "Plan Rows": 345008, "Plan Width": 0, "Index Cond": "(info_type_id = it2.id)"}]}]}, {"Node Type": "Index Scan", "Parent Relationship": "Inner", "Scan Direction": "Forward", "Index Name": "title_pkey", "Relation Name": "title", "Alias": "t", "Startup Cost": 0.0, "Total Cost": 3.28, "Plan Rows": 1, "Plan Width": 21, "Index Cond": "(id = mi_idx.movie_id)", "Filter": "((production_year >= 2008) AND (production_year <= 2014))"}]}, {"Node Type": "Index Scan", "Parent Relationship": "Inner", "Scan Direction": "Forward", "Index Name": "movie_id_movie_info", "Relation Name": "movie_info", "Alias": "mi", "Startup Cost": 0.0, "Total Cost": 1.41, "Plan Rows": 1, "Plan Width": 50, "Index Cond": "(movie_id = t.id)", "Filter": "((note IS NULL) AND ((info)::text = ANY ('{Horror,Thriller}'::text[])))"}]}]}, {"Node Type": "Index Scan", "Parent Relationship": "Inner", "Scan Direction": "Forward", "Index Name": "movie_id_cast_info", "Relation Name": "cast_info", "Alias": "ci", "Startup Cost": 0.0, "Total Cost": 2.34, "Plan Rows": 1, "Plan Width": 8, "Index Cond": "(movie_id = t.id)", "Filter": "((note)::text = ANY ('{(writer),\"(head writer)\",\"(written by)\",(story),\"(story editor)\"}'::text[]))"}]}, {"Node Type": "Index Scan", "Parent Relationship": "Inner", "Scan Direction": "Forward", "Index Name": "name_pkey", "Relation Name": "name", "Alias": "n", "Startup Cost": 0.0, "Total Cost": 0.49, "Plan Rows": 1, "Plan Width": 4, "Index Cond": "(id = ci.person_id)", "Filter": "((gender IS NOT NULL) AND ((gender)::text = 'f'::text))"}]}]}, "Unique SQL Id": 661781350, "Planner Runtime": 8}, "explain_analyze_plan": {"Plan": {"Node Type": "Aggregate", "Strategy": "Plain", "Startup Cost": 84230.9, "Total Cost": 84230.91, "Plan Rows": 1, "Plan Width": 160, "Actual Startup Time": 548.11, "Actual Total Time": 548.11, "Actual Rows": 1, "Actual Loops": 1, "Plans": [{"Node Type": "Nested Loop", "Parent Relationship": "Outer", "Join Type": "Inner", "Startup Cost": 7419.04, "Total Cost": 84229.26, "Plan Rows": 219, "Plan Width": 64, "Actual Startup Time": 313.092, "Actual Total Time": 548.036, "Actual Rows": 11, "Actual Loops": 1, "Inner Unique": true, "Plans": [{"Node Type": "Nested Loop", "Parent Relationship": "Outer", "Join Type": "Inner", "Startup Cost": 7419.04, "Total Cost": 84068.27, "Plan Rows": 321, "Plan Width": 68, "Actual Startup Time": 126.942, "Actual Total Time": 545.831, "Actual Rows": 268, "Actual Loops": 1, "Inner Unique": false, "Plans": [{"Node Type": "Nested Loop", "Parent Relationship": "Outer", "Join Type": "Inner", "Startup Cost": 7419.04, "Total Cost": 83383.24, "Plan Rows": 291, "Plan Width": 76, "Actual Startup Time": 66.913, "Actual Total Time": 520.715, "Actual Rows": 358, "Actual Loops": 1, "Inner Unique": false, "Join Filter": "(mi.info_type_id = it1.id)", "Rows Removed by Join Filter": 0, "Plans": [{"Node Type": "Index Scan", "Parent Relationship": "Outer", "Scan Direction": "Forward", "Index Name": "info_type_pkey", "Relation Name": "info_type", "Alias": "it1", "Startup Cost": 0.0, "Total Cost": 14.21, "Plan Rows": 1, "Plan Width": 4, "Actual Startup Time": 0.029, "Actual Total Time": 0.079, "Actual Rows": 1, "Actual Loops": 1, "Filter": "((info)::text = 'genres'::text)", "Rows Removed by Filter": 111}, {"Node Type": "Nested Loop", "Parent Relationship": "Inner", "Join Type": "Inner", "Startup Cost": 7419.04, "Total Cost": 83197.12, "Plan Rows": 13753, "Plan Width": 80, "Actual Startup Time": 66.872, "Actual Total Time": 520.361, "Actual Rows": 358, "Actual Loops": 1, "Inner Unique": false, "Plans": [{"Node Type": "Nested Loop", "Parent Relationship": "Outer", "Join Type": "Inner", "Startup Cost": 7419.04, "Total Cost": 61824.99, "Plan Rows": 15041, "Plan Width": 30, "Actual Startup Time": 60.361, "Actual Total Time": 383.098, "Actual Rows": 6152, "Actual Loops": 1, "Inner Unique": true, "Plans": [{"Node Type": "Nested Loop", "Parent Relationship": "Outer", "Join Type": "Inner", "Startup Cost": 7419.04, "Total Cost": 19211.73, "Plan Rows": 12936, "Plan Width": 9, "Actual Startup Time": 58.913, "Actual Total Time": 304.889, "Actual Rows": 15849, "Actual Loops": 1, "Inner Unique": false, "Plans": [{"Node Type": "Index Scan", "Parent Relationship": "Outer", "Scan Direction": "Forward", "Index Name": "info_type_pkey", "Relation Name": "info_type", "Alias": "it2", "Startup Cost": 0.0, "Total Cost": 14.21, "Plan Rows": 1, "Plan Width": 4, "Actual Startup Time": 0.048, "Actual Total Time": 0.061, "Actual Rows": 1, "Actual Loops": 1, "Filter": "((info)::text = 'rating'::text)", "Rows Removed by Filter": 111}, {"Node Type": "Bitmap Heap Scan", "Parent Relationship": "Inner", "Relation Name": "movie_info_idx", "Alias": "mi_idx", "Startup Cost": 7419.04, "Total Cost": 19068.16, "Plan Rows": 12936, "Plan Width": 13, "Actual Startup Time": 58.858, "Actual Total Time": 301.234, "Actual Rows": 15849, "Actual Loops": 1, "Recheck Cond": "(info_type_id = it2.id)", "Rows Removed by Index Recheck": 0, "Filter": "((info)::text > '8.0'::text)", "Rows Removed by Filter": 444076, "Exact Heap Blocks": 6472, "Lossy Heap Blocks": 6472, "Plans": [{"Node Type": "Bitmap Index Scan", "Parent Relationship": "Outer", "Index Name": "info_type_id_movie_info_idx", "Startup Cost": 0.0, "Total Cost": 7415.81, "Plan Rows": 345008, "Plan Width": 0, "Actual Startup Time": 57.616, "Actual Total Time": 57.616, "Actual Rows": 459925, "Actual Loops": 1, "Index Cond": "(info_type_id = it2.id)"}]}]}, {"Node Type": "Index Scan", "Parent Relationship": "Inner", "Scan Direction": "Forward", "Index Name": "title_pkey", "Relation Name": "title", "Alias": "t", "Startup Cost": 0.0, "Total Cost": 3.28, "Plan Rows": 1, "Plan Width": 21, "Actual Startup Time": 68.105, "Actual Total Time": 68.105, "Actual Rows": 6152, "Actual Loops": 15849, "Index Cond": "(id = mi_idx.movie_id)", "Rows Removed by Index Recheck": 0, "Filter": "((production_year >= 2008) AND (production_year <= 2014))", "Rows Removed by Filter": 9697}]}, {"Node Type": "Index Scan", "Parent Relationship": "Inner", "Scan Direction": "Forward", "Index Name": "movie_id_movie_info", "Relation Name": "movie_info", "Alias": "mi", "Startup Cost": 0.0, "Total Cost": 1.41, "Plan Rows": 1, "Plan Width": 50, "Actual Startup Time": 133.561, "Actual Total Time": 133.864, "Actual Rows": 358, "Actual Loops": 6152, "Index Cond": "(movie_id = t.id)", "Rows Removed by Index Recheck": 0, "Filter": "((note IS NULL) AND ((info)::text = ANY ('{Horror,Thriller}'::text[])))", "Rows Removed by Filter": 109599}]}]}, {"Node Type": "Index Scan", "Parent Relationship": "Inner", "Scan Direction": "Forward", "Index Name": "movie_id_cast_info", "Relation Name": "cast_info", "Alias": "ci", "Startup Cost": 0.0, "Total Cost": 2.34, "Plan Rows": 1, "Plan Width": 8, "Actual Startup Time": 19.441, "Actual Total Time": 24.677, "Actual Rows": 268, "Actual Loops": 358, "Index Cond": "(movie_id = t.id)", "Rows Removed by Index Recheck": 0, "Filter": "((note)::text = ANY ('{(writer),\"(head writer)\",\"(written by)\",(story),\"(story editor)\"}'::text[]))", "Rows Removed by Filter": 12296}]}, {"Node Type": "Index Scan", "Parent Relationship": "Inner", "Scan Direction": "Forward", "Index Name": "name_pkey", "Relation Name": "name", "Alias": "n", "Startup Cost": 0.0, "Total Cost": 0.49, "Plan Rows": 1, "Plan Width": 4, "Actual Startup Time": 1.95, "Actual Total Time": 1.95, "Actual Rows": 11, "Actual Loops": 268, "Index Cond": "(id = ci.person_id)", "Rows Removed by Index Recheck": 0, "Filter": "((gender IS NOT NULL) AND ((gender)::text = 'f'::text))", "Rows Removed by Filter": 257}]}]}, "Triggers": [], "Planner Runtime": 23.008, "Total Runtime": 548.511, "Unique SQL Id": 661781350}}, "(16, '114')": {"explain_plan": {"Plan": {"Node Type": "Aggregate", "Strategy": "Plain", "Startup Cost": 46768.59, "Total Cost": 46768.6, "Plan Rows": 1, "Plan Width": 160, "Plans": [{"Node Type": "Nested Loop", "Parent Relationship": "Outer", "Join Type": "Inner", "Startup Cost": 2.67, "Total Cost": 46766.94, "Plan Rows": 219, "Plan Width": 64, "Inner Unique": true, "Plans": [{"Node Type": "Nested Loop", "Parent Relationship": "Outer", "Join Type": "Inner", "Startup Cost": 2.36, "Total Cost": 45375.82, "Plan Rows": 321, "Plan Width": 68, "Inner Unique": false, "Plans": [{"Node Type": "Nested Loop", "Parent Relationship": "Outer", "Join Type": "Inner", "Startup Cost": 1.35, "Total Cost": 43882.65, "Plan Rows": 291, "Plan Width": 76, "Inner Unique": true, "Plans": [{"Node Type": "Nested Loop", "Parent Relationship": "Outer", "Join Type": "Inner", "Startup Cost": 0.55, "Total Cost": 42675.2, "Plan Rows": 250, "Plan Width": 55, "Inner Unique": false, "Join Filter": "(mi_idx.info_type_id = it2.id)", "Plans": [{"Node Type": "Seq Scan", "Parent Relationship": "Outer", "Relation Name": "info_type", "Alias": "it2", "Startup Cost": 0.0, "Total Cost": 2.4, "Plan Rows": 1, "Plan Width": 4, "Filter": "((info)::text = 'rating'::text)"}, {"Node Type": "Nested Loop", "Parent Relationship": "Inner", "Join Type": "Inner", "Startup Cost": 0.55, "Total Cost": 42660.32, "Plan Rows": 999, "Plan Width": 59, "Inner Unique": false, "Plans": [{"Node Type": "Nested Loop", "Parent Relationship": "Outer", "Join Type": "Inner", "Startup Cost": 0.0, "Total Cost": 38204.15, "Plan Rows": 971, "Plan Width": 46, "Inner Unique": false, "Join Filter": "(it1.id = mi.info_type_id)", "Plans": [{"Node Type": "Seq Scan", "Parent Relationship": "Outer", "Relation Name": "info_type", "Alias": "it1", "Startup Cost": 0.0, "Total Cost": 2.4, "Plan Rows": 1, "Plan Width": 4, "Filter": "((info)::text = 'genres'::text)"}, {"Node Type": "Materialize", "Parent Relationship": "Inner", "Startup Cost": 0.0, "Total Cost": 37522.04, "Plan Rows": 67971, "Plan Width": 50, "Plans": [{"Node Type": "Streaming(type: LOCAL GATHER dop: 1/16)", "Parent Relationship": "Outer", "Startup Cost": 0.0, "Total Cost": 37352.11, "Plan Rows": 67971, "Plan Width": 50, "Plans": [{"Node Type": "Seq Scan", "Parent Relationship": "Outer", "Relation Name": "movie_info", "Alias": "mi", "Startup Cost": 0.0, "Total Cost": 35885.16, "Plan Rows": 67971, "Plan Width": 50, "Filter": "((note IS NULL) AND ((info)::text = ANY ('{Horror,Thriller}'::text[])))"}]}]}]}, {"Node Type": "Bitmap Heap Scan", "Parent Relationship": "Inner", "Relation Name": "movie_info_idx", "Alias": "mi_idx", "Startup Cost": 0.55, "Total Cost": 4.58, "Plan Rows": 1, "Plan Width": 13, "Recheck Cond": "(movie_id = mi.movie_id)", "Filter": "((info)::text > '8.0'::text)", "Plans": [{"Node Type": "Bitmap Index Scan", "Parent Relationship": "Outer", "Index Name": "movie_id_movie_info_idx", "Startup Cost": 0.0, "Total Cost": 0.55, "Plan Rows": 2, "Plan Width": 0, "Index Cond": "(movie_id = mi.movie_id)"}]}]}]}, {"Node Type": "Bitmap Heap Scan", "Parent Relationship": "Inner", "Relation Name": "title", "Alias": "t", "Startup Cost": 0.8, "Total Cost": 4.82, "Plan Rows": 1, "Plan Width": 21, "Recheck Cond": "(id = mi.movie_id)", "Filter": "((production_year >= 2008) AND (production_year <= 2014))", "Plans": [{"Node Type": "Bitmap Index Scan", "Parent Relationship": "Outer", "Index Name": "title_pkey", "Startup Cost": 0.0, "Total Cost": 0.8, "Plan Rows": 1, "Plan Width": 0, "Index Cond": "(id = mi.movie_id)"}]}]}, {"Node Type": "Bitmap Heap Scan", "Parent Relationship": "Inner", "Relation Name": "cast_info", "Alias": "ci", "Startup Cost": 1.01, "Total Cost": 5.12, "Plan Rows": 1, "Plan Width": 8, "Recheck Cond": "(movie_id = t.id)", "Filter": "((note)::text = ANY ('{(writer),\"(head writer)\",\"(written by)\",(story),\"(story editor)\"}'::text[]))", "Plans": [{"Node Type": "Bitmap Index Scan", "Parent Relationship": "Outer", "Index Name": "movie_id_cast_info", "Startup Cost": 0.0, "Total Cost": 1.01, "Plan Rows": 6, "Plan Width": 0, "Index Cond": "(movie_id = t.id)"}]}]}, {"Node Type": "Bitmap Heap Scan", "Parent Relationship": "Inner", "Relation Name": "name", "Alias": "n", "Startup Cost": 0.31, "Total Cost": 4.32, "Plan Rows": 1, "Plan Width": 4, "Recheck Cond": "(id = ci.person_id)", "Filter": "((gender IS NOT NULL) AND ((gender)::text = 'f'::text))", "Plans": [{"Node Type": "Bitmap Index Scan", "Parent Relationship": "Outer", "Index Name": "name_pkey", "Startup Cost": 0.0, "Total Cost": 0.31, "Plan Rows": 1, "Plan Width": 0, "Index Cond": "(id = ci.person_id)"}]}]}]}, "Unique SQL Id": 661781350, "Planner Runtime": 14}, "explain_analyze_plan": {"Plan": {"Node Type": "Aggregate", "Strategy": "Plain", "Startup Cost": 46768.59, "Total Cost": 46768.6, "Plan Rows": 1, "Plan Width": 160, "Actual Min Startup Time": 899.573, "Actual Max Startup Time": 899.573, "Actual Min Total Time": 899.573, "Actual Max Total Time": 899.573, "Plans": [{"Node Type": "Nested Loop", "Parent Relationship": "Outer", "Join Type": "Inner", "Startup Cost": 2.67, "Total Cost": 46766.94, "Plan Rows": 219, "Plan Width": 64, "Actual Min Startup Time": 424.809, "Actual Max Startup Time": 424.809, "Actual Min Total Time": 899.504, "Actual Max Total Time": 899.504, "Inner Unique": true, "Plans": [{"Node Type": "Nested Loop", "Parent Relationship": "Outer", "Join Type": "Inner", "Startup Cost": 2.36, "Total Cost": 45375.82, "Plan Rows": 321, "Plan Width": 68, "Actual Min Startup Time": 421.88, "Actual Max Startup Time": 421.88, "Actual Min Total Time": 896.715, "Actual Max Total Time": 896.715, "Inner Unique": false, "Plans": [{"Node Type": "Nested Loop", "Parent Relationship": "Outer", "Join Type": "Inner", "Startup Cost": 1.35, "Total Cost": 43882.65, "Plan Rows": 291, "Plan Width": 76, "Actual Min Startup Time": 420.773, "Actual Max Startup Time": 420.773, "Actual Min Total Time": 864.87, "Actual Max Total Time": 864.87, "Inner Unique": true, "Plans": [{"Node Type": "Nested Loop", "Parent Relationship": "Outer", "Join Type": "Inner", "Startup Cost": 0.55, "Total Cost": 42675.2, "Plan Rows": 250, "Plan Width": 55, "Actual Min Startup Time": 420.746, "Actual Max Startup Time": 420.746, "Actual Min Total Time": 858.642, "Actual Max Total Time": 858.642, "Inner Unique": false, "Join Filter": "(mi_idx.info_type_id = it2.id)", "Rows Removed by Join Filter": 3403, "Plans": [{"Node Type": "Seq Scan", "Parent Relationship": "Outer", "Relation Name": "info_type", "Alias": "it2", "Startup Cost": 0.0, "Total Cost": 2.4, "Plan Rows": 1, "Plan Width": 4, "Actual Min Startup Time": 0.07, "Actual Max Startup Time": 0.07, "Actual Min Total Time": 0.078, "Actual Max Total Time": 0.078, "Filter": "((info)::text = 'rating'::text)", "Rows Removed by Filter": 111, "Actual Rows": 1}, {"Node Type": "Nested Loop", "Parent Relationship": "Inner", "Join Type": "Inner", "Startup Cost": 0.55, "Total Cost": 42660.32, "Plan Rows": 999, "Plan Width": 59, "Actual Min Startup Time": 420.561, "Actual Max Startup Time": 420.561, "Actual Min Total Time": 856.38, "Actual Max Total Time": 856.38, "Inner Unique": false, "Plans": [{"Node Type": "Nested Loop", "Parent Relationship": "Outer", "Join Type": "Inner", "Startup Cost": 0.0, "Total Cost": 38204.15, "Plan Rows": 971, "Plan Width": 46, "Actual Min Startup Time": 420.454, "Actual Max Startup Time": 420.454, "Actual Min Total Time": 461.536, "Actual Max Total Time": 461.536, "Inner Unique": false, "Join Filter": "(it1.id = mi.info_type_id)", "Rows Removed by Join Filter": 789, "Plans": [{"Node Type": "Seq Scan", "Parent Relationship": "Outer", "Relation Name": "info_type", "Alias": "it1", "Startup Cost": 0.0, "Total Cost": 2.4, "Plan Rows": 1, "Plan Width": 4, "Actual Min Startup Time": 0.064, "Actual Max Startup Time": 0.064, "Actual Min Total Time": 0.098, "Actual Max Total Time": 0.098, "Filter": "((info)::text = 'genres'::text)", "Rows Removed by Filter": 111, "Actual Rows": 1}, {"Node Type": "Materialize", "Parent Relationship": "Inner", "Startup Cost": 0.0, "Total Cost": 37522.04, "Plan Rows": 67971, "Plan Width": 50, "Actual Min Startup Time": 420.316, "Actual Max Startup Time": 420.316, "Actual Min Total Time": 431.157, "Actual Max Total Time": 431.157, "Plans": [{"Node Type": "Streaming(type: LOCAL GATHER dop: 1/16)", "Parent Relationship": "Outer", "Startup Cost": 0.0, "Total Cost": 37352.11, "Plan Rows": 67971, "Plan Width": 50, "Actual Min Startup Time": 269.639, "Actual Max Startup Time": 269.639, "Actual Min Total Time": 409.112, "Actual Max Total Time": 409.112, "Plans": [{"Node Type": "Seq Scan", "Parent Relationship": "Outer", "Relation Name": "movie_info", "Alias": "mi", "Startup Cost": 0.0, "Total Cost": 35885.16, "Plan Rows": 67971, "Plan Width": 50, "Actual Min Startup Time": 236.103, "Actual Max Startup Time": 341.787, "Actual Min Total Time": 383.994, "Actual Max Total Time": 395.944, "Filter": "((note IS NULL) AND ((info)::text = ANY ('{Horror,Thriller}'::text[])))", "Rows Removed by Filter": 14762672, "Actual Rows": 73047}], "Actual Rows": 73047}], "Actual Rows": 73048}], "Actual Rows": 72258}, {"Node Type": "Bitmap Heap Scan", "Parent Relationship": "Inner", "Relation Name": "movie_info_idx", "Alias": "mi_idx", "Startup Cost": 0.55, "Total Cost": 4.58, "Plan Rows": 1, "Plan Width": 13, "Actual Min Startup Time": 312.612, "Actual Max Startup Time": 312.612, "Actual Min Total Time": 314.429, "Actual Max Total Time": 314.429, "Recheck Cond": "(movie_id = mi.movie_id)", "Rows Removed by Index Recheck": 0, "Filter": "((info)::text > '8.0'::text)", "Rows Removed by Filter": 113143, "Exact Heap Blocks": 39507, "Lossy Heap Blocks": 39507, "Plans": [{"Node Type": "Bitmap Index Scan", "Parent Relationship": "Outer", "Index Name": "movie_id_movie_info_idx", "Startup Cost": 0.0, "Total Cost": 0.55, "Plan Rows": 2, "Plan Width": 0, "Actual Min Startup Time": 182.59, "Actual Max Startup Time": 182.59, "Actual Min Total Time": 182.59, "Actual Max Total Time": 182.59, "Index Cond": "(movie_id = mi.movie_id)", "Actual Rows": 117278}], "Actual Rows": 4135}], "Actual Rows": 4135}], "Actual Rows": 732}, {"Node Type": "Bitmap Heap Scan", "Parent Relationship": "Inner", "Relation Name": "title", "Alias": "t", "Startup Cost": 0.8, "Total Cost": 4.82, "Plan Rows": 1, "Plan Width": 21, "Actual Min Startup Time": 5.132, "Actual Max Startup Time": 5.132, "Actual Min Total Time": 5.132, "Actual Max Total Time": 5.132, "Recheck Cond": "(id = mi.movie_id)", "Rows Removed by Index Recheck": 0, "Filter": "((production_year >= 2008) AND (production_year <= 2014))", "Rows Removed by Filter": 374, "Exact Heap Blocks": 732, "Lossy Heap Blocks": 732, "Plans": [{"Node Type": "Bitmap Index Scan", "Parent Relationship": "Outer", "Index Name": "title_pkey", "Startup Cost": 0.0, "Total Cost": 0.8, "Plan Rows": 1, "Plan Width": 0, "Actual Min Startup Time": 3.046, "Actual Max Startup Time": 3.046, "Actual Min Total Time": 3.046, "Actual Max Total Time": 3.046, "Index Cond": "(id = mi.movie_id)", "Actual Rows": 732}], "Actual Rows": 358}], "Actual Rows": 358}, {"Node Type": "Bitmap Heap Scan", "Parent Relationship": "Inner", "Relation Name": "cast_info", "Alias": "ci", "Startup Cost": 1.01, "Total Cost": 5.12, "Plan Rows": 1, "Plan Width": 8, "Actual Min Startup Time": 25.305, "Actual Max Startup Time": 25.305, "Actual Min Total Time": 30.926, "Actual Max Total Time": 30.926, "Recheck Cond": "(movie_id = t.id)", "Rows Removed by Index Recheck": 0, "Filter": "((note)::text = ANY ('{(writer),\"(head writer)\",\"(written by)\",(story),\"(story editor)\"}'::text[]))", "Rows Removed by Filter": 12296, "Exact Heap Blocks": 11454, "Lossy Heap Blocks": 11454, "Plans": [{"Node Type": "Bitmap Index Scan", "Parent Relationship": "Outer", "Index Name": "movie_id_cast_info", "Startup Cost": 0.0, "Total Cost": 1.01, "Plan Rows": 6, "Plan Width": 0, "Actual Min Startup Time": 4.678, "Actual Max Startup Time": 4.678, "Actual Min Total Time": 4.678, "Actual Max Total Time": 4.678, "Index Cond": "(movie_id = t.id)", "Actual Rows": 12564}], "Actual Rows": 268}], "Actual Rows": 268}, {"Node Type": "Bitmap Heap Scan", "Parent Relationship": "Inner", "Relation Name": "name", "Alias": "n", "Startup Cost": 0.31, "Total Cost": 4.32, "Plan Rows": 1, "Plan Width": 4, "Actual Min Startup Time": 2.258, "Actual Max Startup Time": 2.258, "Actual Min Total Time": 2.258, "Actual Max Total Time": 2.258, "Recheck Cond": "(id = ci.person_id)", "Rows Removed by Index Recheck": 0, "Filter": "((gender IS NOT NULL) AND ((gender)::text = 'f'::text))", "Rows Removed by Filter": 257, "Exact Heap Blocks": 268, "Lossy Heap Blocks": 268, "Plans": [{"Node Type": "Bitmap Index Scan", "Parent Relationship": "Outer", "Index Name": "name_pkey", "Startup Cost": 0.0, "Total Cost": 0.31, "Plan Rows": 1, "Plan Width": 0, "Actual Min Startup Time": 1.381, "Actual Max Startup Time": 1.381, "Actual Min Total Time": 1.381, "Actual Max Total Time": 1.381, "Index Cond": "(id = ci.person_id)", "Actual Rows": 268}], "Actual Rows": 11}], "Actual Rows": 11}], "Actual Rows": 1}, "Triggers": [], "Planner Runtime": 25.228, "Total Runtime": 902.44, "Unique SQL Id": 661781350}}, "(16, '115')": {"explain_plan": {"Plan": {"Node Type": "Aggregate", "Strategy": "Plain", "Startup Cost": 157109.69, "Total Cost": 157109.7, "Plan Rows": 1, "Plan Width": 160, "Plans": [{"Node Type": "Nested Loop", "Parent Relationship": "Outer", "Join Type": "Inner", "Startup Cost": 7439.53, "Total Cost": 157108.05, "Plan Rows": 219, "Plan Width": 64, "Inner Unique": true, "Plans": [{"Node Type": "Nested Loop", "Parent Relationship": "Outer", "Join Type": "Inner", "Startup Cost": 7439.22, "Total Cost": 155716.93, "Plan Rows": 321, "Plan Width": 68, "Inner Unique": false, "Plans": [{"Node Type": "Nested Loop", "Parent Relationship": "Outer", "Join Type": "Inner", "Startup Cost": 7438.22, "Total Cost": 154223.75, "Plan Rows": 291, "Plan Width": 76, "Inner Unique": false, "Join Filter": "(mi.info_type_id = it1.id)", "Plans": [{"Node Type": "Bitmap Heap Scan", "Parent Relationship": "Outer", "Relation Name": "info_type", "Alias": "it1", "Startup Cost": 8.81, "Total Cost": 14.21, "Plan Rows": 1, "Plan Width": 4, "Filter": "((info)::text = 'genres'::text)", "Plans": [{"Node Type": "Bitmap Index Scan", "Parent Relationship": "Outer", "Index Name": "info_type_pkey", "Startup Cost": 0.0, "Total Cost": 8.81, "Plan Rows": 112, "Plan Width": 0}]}, {"Node Type": "Nested Loop", "Parent Relationship": "Inner", "Join Type": "Inner", "Startup Cost": 7429.41, "Total Cost": 154037.63, "Plan Rows": 13753, "Plan Width": 80, "Inner Unique": false, "Plans": [{"Node Type": "Nested Loop", "Parent Relationship": "Outer", "Join Type": "Inner", "Startup Cost": 7428.83, "Total Cost": 83898.37, "Plan Rows": 15041, "Plan Width": 30, "Inner Unique": true, "Plans": [{"Node Type": "Nested Loop", "Parent Relationship": "Outer", "Join Type": "Inner", "Startup Cost": 7427.85, "Total Cost": 19211.73, "Plan Rows": 12936, "Plan Width": 9, "Inner Unique": false, "Plans": [{"Node Type": "Bitmap Heap Scan", "Parent Relationship": "Outer", "Relation Name": "info_type", "Alias": "it2", "Startup Cost": 8.81, "Total Cost": 14.21, "Plan Rows": 1, "Plan Width": 4, "Filter": "((info)::text = 'rating'::text)", "Plans": [{"Node Type": "Bitmap Index Scan", "Parent Relationship": "Outer", "Index Name": "info_type_pkey", "Startup Cost": 0.0, "Total Cost": 8.81, "Plan Rows": 112, "Plan Width": 0}]}, {"Node Type": "Bitmap Heap Scan", "Parent Relationship": "Inner", "Relation Name": "movie_info_idx", "Alias": "mi_idx", "Startup Cost": 7419.04, "Total Cost": 19068.16, "Plan Rows": 12936, "Plan Width": 13, "Recheck Cond": "(info_type_id = it2.id)", "Filter": "((info)::text > '8.0'::text)", "Plans": [{"Node Type": "Bitmap Index Scan", "Parent Relationship": "Outer", "Index Name": "info_type_id_movie_info_idx", "Startup Cost": 0.0, "Total Cost": 7415.81, "Plan Rows": 345008, "Plan Width": 0, "Index Cond": "(info_type_id = it2.id)"}]}]}, {"Node Type": "Bitmap Heap Scan", "Parent Relationship": "Inner", "Relation Name": "title", "Alias": "t", "Startup Cost": 0.97, "Total Cost": 4.99, "Plan Rows": 1, "Plan Width": 21, "Recheck Cond": "(id = mi_idx.movie_id)", "Filter": "((production_year >= 2008) AND (production_year <= 2014))", "Plans": [{"Node Type": "Bitmap Index Scan", "Parent Relationship": "Outer", "Index Name": "title_pkey", "Startup Cost": 0.0, "Total Cost": 0.97, "Plan Rows": 1, "Plan Width": 0, "Index Cond": "(id = mi_idx.movie_id)"}]}]}, {"Node Type": "Bitmap Heap Scan", "Parent Relationship": "Inner", "Relation Name": "movie_info", "Alias": "mi", "Startup Cost": 0.58, "Total Cost": 4.65, "Plan Rows": 1, "Plan Width": 50, "Recheck Cond": "(movie_id = t.id)", "Filter": "((note IS NULL) AND ((info)::text = ANY ('{Horror,Thriller}'::text[])))", "Plans": [{"Node Type": "Bitmap Index Scan", "Parent Relationship": "Outer", "Index Name": "movie_id_movie_info", "Startup Cost": 0.0, "Total Cost": 0.58, "Plan Rows": 5, "Plan Width": 0, "Index Cond": "(movie_id = t.id)"}]}]}]}, {"Node Type": "Bitmap Heap Scan", "Parent Relationship": "Inner", "Relation Name": "cast_info", "Alias": "ci", "Startup Cost": 1.01, "Total Cost": 5.12, "Plan Rows": 1, "Plan Width": 8, "Recheck Cond": "(movie_id = t.id)", "Filter": "((note)::text = ANY ('{(writer),\"(head writer)\",\"(written by)\",(story),\"(story editor)\"}'::text[]))", "Plans": [{"Node Type": "Bitmap Index Scan", "Parent Relationship": "Outer", "Index Name": "movie_id_cast_info", "Startup Cost": 0.0, "Total Cost": 1.01, "Plan Rows": 6, "Plan Width": 0, "Index Cond": "(movie_id = t.id)"}]}]}, {"Node Type": "Bitmap Heap Scan", "Parent Relationship": "Inner", "Relation Name": "name", "Alias": "n", "Startup Cost": 0.31, "Total Cost": 4.32, "Plan Rows": 1, "Plan Width": 4, "Recheck Cond": "(id = ci.person_id)", "Filter": "((gender IS NOT NULL) AND ((gender)::text = 'f'::text))", "Plans": [{"Node Type": "Bitmap Index Scan", "Parent Relationship": "Outer", "Index Name": "name_pkey", "Startup Cost": 0.0, "Total Cost": 0.31, "Plan Rows": 1, "Plan Width": 0, "Index Cond": "(id = ci.person_id)"}]}]}]}, "Unique SQL Id": 661781350, "Planner Runtime": 8}, "explain_analyze_plan": {"Plan": {"Node Type": "Aggregate", "Strategy": "Plain", "Startup Cost": 157109.69, "Total Cost": 157109.7, "Plan Rows": 1, "Plan Width": 160, "Actual Startup Time": 648.813, "Actual Total Time": 648.813, "Actual Rows": 1, "Actual Loops": 1, "Plans": [{"Node Type": "Nested Loop", "Parent Relationship": "Outer", "Join Type": "Inner", "Startup Cost": 7439.53, "Total Cost": 157108.05, "Plan Rows": 219, "Plan Width": 64, "Actual Startup Time": 394.473, "Actual Total Time": 648.75, "Actual Rows": 11, "Actual Loops": 1, "Inner Unique": true, "Plans": [{"Node Type": "Nested Loop", "Parent Relationship": "Outer", "Join Type": "Inner", "Startup Cost": 7439.22, "Total Cost": 155716.93, "Plan Rows": 321, "Plan Width": 68, "Actual Startup Time": 144.736, "Actual Total Time": 645.961, "Actual Rows": 268, "Actual Loops": 1, "Inner Unique": false, "Plans": [{"Node Type": "Nested Loop", "Parent Relationship": "Outer", "Join Type": "Inner", "Startup Cost": 7438.22, "Total Cost": 154223.75, "Plan Rows": 291, "Plan Width": 76, "Actual Startup Time": 67.802, "Actual Total Time": 613.896, "Actual Rows": 358, "Actual Loops": 1, "Inner Unique": false, "Join Filter": "(mi.info_type_id = it1.id)", "Rows Removed by Join Filter": 0, "Plans": [{"Node Type": "Bitmap Heap Scan", "Parent Relationship": "Outer", "Relation Name": "info_type", "Alias": "it1", "Startup Cost": 8.81, "Total Cost": 14.21, "Plan Rows": 1, "Plan Width": 4, "Actual Startup Time": 0.054, "Actual Total Time": 0.086, "Actual Rows": 1, "Actual Loops": 1, "Filter": "((info)::text = 'genres'::text)", "Rows Removed by Filter": 111, "Exact Heap Blocks": 1, "Lossy Heap Blocks": 1, "Plans": [{"Node Type": "Bitmap Index Scan", "Parent Relationship": "Outer", "Index Name": "info_type_pkey", "Startup Cost": 0.0, "Total Cost": 8.81, "Plan Rows": 112, "Plan Width": 0, "Actual Startup Time": 0.015, "Actual Total Time": 0.015, "Actual Rows": 112, "Actual Loops": 1}]}, {"Node Type": "Nested Loop", "Parent Relationship": "Inner", "Join Type": "Inner", "Startup Cost": 7429.41, "Total Cost": 154037.63, "Plan Rows": 13753, "Plan Width": 80, "Actual Startup Time": 67.737, "Actual Total Time": 613.496, "Actual Rows": 358, "Actual Loops": 1, "Inner Unique": false, "Plans": [{"Node Type": "Nested Loop", "Parent Relationship": "Outer", "Join Type": "Inner", "Startup Cost": 7428.83, "Total Cost": 83898.37, "Plan Rows": 15041, "Plan Width": 30, "Actual Startup Time": 60.256, "Actual Total Time": 430.293, "Actual Rows": 6152, "Actual Loops": 1, "Inner Unique": true, "Plans": [{"Node Type": "Nested Loop", "Parent Relationship": "Outer", "Join Type": "Inner", "Startup Cost": 7427.85, "Total Cost": 19211.73, "Plan Rows": 12936, "Plan Width": 9, "Actual Startup Time": 58.555, "Actual Total Time": 316.66, "Actual Rows": 15849, "Actual Loops": 1, "Inner Unique": false, "Plans": [{"Node Type": "Bitmap Heap Scan", "Parent Relationship": "Outer", "Relation Name": "info_type", "Alias": "it2", "Startup Cost": 8.81, "Total Cost": 14.21, "Plan Rows": 1, "Plan Width": 4, "Actual Startup Time": 0.053, "Actual Total Time": 0.058, "Actual Rows": 1, "Actual Loops": 1, "Filter": "((info)::text = 'rating'::text)", "Rows Removed by Filter": 111, "Exact Heap Blocks": 1, "Lossy Heap Blocks": 1, "Plans": [{"Node Type": "Bitmap Index Scan", "Parent Relationship": "Outer", "Index Name": "info_type_pkey", "Startup Cost": 0.0, "Total Cost": 8.81, "Plan Rows": 112, "Plan Width": 0, "Actual Startup Time": 0.008, "Actual Total Time": 0.008, "Actual Rows": 112, "Actual Loops": 1}]}, {"Node Type": "Bitmap Heap Scan", "Parent Relationship": "Inner", "Relation Name": "movie_info_idx", "Alias": "mi_idx", "Startup Cost": 7419.04, "Total Cost": 19068.16, "Plan Rows": 12936, "Plan Width": 13, "Actual Startup Time": 58.498, "Actual Total Time": 312.884, "Actual Rows": 15849, "Actual Loops": 1, "Recheck Cond": "(info_type_id = it2.id)", "Rows Removed by Index Recheck": 0, "Filter": "((info)::text > '8.0'::text)", "Rows Removed by Filter": 444076, "Exact Heap Blocks": 6472, "Lossy Heap Blocks": 6472, "Plans": [{"Node Type": "Bitmap Index Scan", "Parent Relationship": "Outer", "Index Name": "info_type_id_movie_info_idx", "Startup Cost": 0.0, "Total Cost": 7415.81, "Plan Rows": 345008, "Plan Width": 0, "Actual Startup Time": 57.263, "Actual Total Time": 57.263, "Actual Rows": 459925, "Actual Loops": 1, "Index Cond": "(info_type_id = it2.id)"}]}]}, {"Node Type": "Bitmap Heap Scan", "Parent Relationship": "Inner", "Relation Name": "title", "Alias": "t", "Startup Cost": 0.97, "Total Cost": 4.99, "Plan Rows": 1, "Plan Width": 21, "Actual Startup Time": 92.969, "Actual Total Time": 92.969, "Actual Rows": 6152, "Actual Loops": 15849, "Recheck Cond": "(id = mi_idx.movie_id)", "Rows Removed by Index Recheck": 0, "Filter": "((production_year >= 2008) AND (production_year <= 2014))", "Rows Removed by Filter": 9697, "Exact Heap Blocks": 15849, "Lossy Heap Blocks": 15849, "Plans": [{"Node Type": "Bitmap Index Scan", "Parent Relationship": "Outer", "Index Name": "title_pkey", "Startup Cost": 0.0, "Total Cost": 0.97, "Plan Rows": 1, "Plan Width": 0, "Actual Startup Time": 45.73, "Actual Total Time": 45.73, "Actual Rows": 15849, "Actual Loops": 15849, "Index Cond": "(id = mi_idx.movie_id)"}]}]}, {"Node Type": "Bitmap Heap Scan", "Parent Relationship": "Inner", "Relation Name": "movie_info", "Alias": "mi", "Startup Cost": 0.58, "Total Cost": 4.65, "Plan Rows": 1, "Plan Width": 50, "Actual Startup Time": 174.663, "Actual Total Time": 174.828, "Actual Rows": 358, "Actual Loops": 6152, "Recheck Cond": "(movie_id = t.id)", "Rows Removed by Index Recheck": 0, "Filter": "((note IS NULL) AND ((info)::text = ANY ('{Horror,Thriller}'::text[])))", "Rows Removed by Filter": 109599, "Exact Heap Blocks": 52726, "Lossy Heap Blocks": 52726, "Plans": [{"Node Type": "Bitmap Index Scan", "Parent Relationship": "Outer", "Index Name": "movie_id_movie_info", "Startup Cost": 0.0, "Total Cost": 0.58, "Plan Rows": 5, "Plan Width": 0, "Actual Startup Time": 40.719, "Actual Total Time": 40.719, "Actual Rows": 109957, "Actual Loops": 6152, "Index Cond": "(movie_id = t.id)"}]}]}]}, {"Node Type": "Bitmap Heap Scan", "Parent Relationship": "Inner", "Relation Name": "cast_info", "Alias": "ci", "Startup Cost": 1.01, "Total Cost": 5.12, "Plan Rows": 1, "Plan Width": 8, "Actual Startup Time": 25.29, "Actual Total Time": 31.079, "Actual Rows": 268, "Actual Loops": 358, "Recheck Cond": "(movie_id = t.id)", "Rows Removed by Index Recheck": 0, "Filter": "((note)::text = ANY ('{(writer),\"(head writer)\",\"(written by)\",(story),\"(story editor)\"}'::text[]))", "Rows Removed by Filter": 12296, "Exact Heap Blocks": 11454, "Lossy Heap Blocks": 11454, "Plans": [{"Node Type": "Bitmap Index Scan", "Parent Relationship": "Outer", "Index Name": "movie_id_cast_info", "Startup Cost": 0.0, "Total Cost": 1.01, "Plan Rows": 6, "Plan Width": 0, "Actual Startup Time": 4.711, "Actual Total Time": 4.711, "Actual Rows": 12564, "Actual Loops": 358, "Index Cond": "(movie_id = t.id)"}]}]}, {"Node Type": "Bitmap Heap Scan", "Parent Relationship": "Inner", "Relation Name": "name", "Alias": "n", "Startup Cost": 0.31, "Total Cost": 4.32, "Plan Rows": 1, "Plan Width": 4, "Actual Startup Time": 2.292, "Actual Total Time": 2.292, "Actual Rows": 11, "Actual Loops": 268, "Recheck Cond": "(id = ci.person_id)", "Rows Removed by Index Recheck": 0, "Filter": "((gender IS NOT NULL) AND ((gender)::text = 'f'::text))", "Rows Removed by Filter": 257, "Exact Heap Blocks": 268, "Lossy Heap Blocks": 268, "Plans": [{"Node Type": "Bitmap Index Scan", "Parent Relationship": "Outer", "Index Name": "name_pkey", "Startup Cost": 0.0, "Total Cost": 0.31, "Plan Rows": 1, "Plan Width": 0, "Actual Startup Time": 1.403, "Actual Total Time": 1.403, "Actual Rows": 268, "Actual Loops": 268, "Index Cond": "(id = ci.person_id)"}]}]}]}, "Triggers": [], "Planner Runtime": 23.03, "Total Runtime": 649.145, "Unique SQL Id": 661781350}}, "(16, '116')": {"explain_plan": {"Plan": {"Node Type": "Aggregate", "Strategy": "Plain", "Startup Cost": 40721.77, "Total Cost": 40721.78, "Plan Rows": 1, "Plan Width": 160, "Plans": [{"Node Type": "Nested Loop", "Parent Relationship": "Outer", "Join Type": "Inner", "Startup Cost": 0.0, "Total Cost": 40720.13, "Plan Rows": 219, "Plan Width": 64, "Inner Unique": true, "Plans": [{"Node Type": "Nested Loop", "Parent Relationship": "Outer", "Join Type": "Inner", "Startup Cost": 0.0, "Total Cost": 40559.14, "Plan Rows": 321, "Plan Width": 68, "Inner Unique": false, "Plans": [{"Node Type": "Nested Loop", "Parent Relationship": "Outer", "Join Type": "Inner", "Startup Cost": 0.0, "Total Cost": 39874.11, "Plan Rows": 291, "Plan Width": 76, "Inner Unique": true, "Plans": [{"Node Type": "Nested Loop", "Parent Relationship": "Outer", "Join Type": "Inner", "Startup Cost": 0.0, "Total Cost": 39160.9, "Plan Rows": 250, "Plan Width": 55, "Inner Unique": false, "Join Filter": "(mi_idx.info_type_id = it2.id)", "Plans": [{"Node Type": "Seq Scan", "Parent Relationship": "Outer", "Relation Name": "info_type", "Alias": "it2", "Startup Cost": 0.0, "Total Cost": 2.4, "Plan Rows": 1, "Plan Width": 4, "Filter": "((info)::text = 'rating'::text)"}, {"Node Type": "Nested Loop", "Parent Relationship": "Inner", "Join Type": "Inner", "Startup Cost": 0.0, "Total Cost": 39146.01, "Plan Rows": 999, "Plan Width": 59, "Inner Unique": false, "Plans": [{"Node Type": "Nested Loop", "Parent Relationship": "Outer", "Join Type": "Inner", "Startup Cost": 0.0, "Total Cost": 38204.15, "Plan Rows": 971, "Plan Width": 46, "Inner Unique": false, "Join Filter": "(it1.id = mi.info_type_id)", "Plans": [{"Node Type": "Seq Scan", "Parent Relationship": "Outer", "Relation Name": "info_type", "Alias": "it1", "Startup Cost": 0.0, "Total Cost": 2.4, "Plan Rows": 1, "Plan Width": 4, "Filter": "((info)::text = 'genres'::text)"}, {"Node Type": "Materialize", "Parent Relationship": "Inner", "Startup Cost": 0.0, "Total Cost": 37522.04, "Plan Rows": 67971, "Plan Width": 50, "Plans": [{"Node Type": "Streaming(type: LOCAL GATHER dop: 1/16)", "Parent Relationship": "Outer", "Startup Cost": 0.0, "Total Cost": 37352.11, "Plan Rows": 67971, "Plan Width": 50, "Plans": [{"Node Type": "Seq Scan", "Parent Relationship": "Outer", "Relation Name": "movie_info", "Alias": "mi", "Startup Cost": 0.0, "Total Cost": 35885.16, "Plan Rows": 67971, "Plan Width": 50, "Filter": "((note IS NULL) AND ((info)::text = ANY ('{Horror,Thriller}'::text[])))"}]}]}]}, {"Node Type": "Index Scan", "Parent Relationship": "Inner", "Scan Direction": "Forward", "Index Name": "movie_id_movie_info_idx", "Relation Name": "movie_info_idx", "Alias": "mi_idx", "Startup Cost": 0.0, "Total Cost": 0.96, "Plan Rows": 1, "Plan Width": 13, "Index Cond": "(movie_id = mi.movie_id)", "Filter": "((info)::text > '8.0'::text)"}]}]}, {"Node Type": "Index Scan", "Parent Relationship": "Inner", "Scan Direction": "Forward", "Index Name": "title_pkey", "Relation Name": "title", "Alias": "t", "Startup Cost": 0.0, "Total Cost": 2.84, "Plan Rows": 1, "Plan Width": 21, "Index Cond": "(id = mi.movie_id)", "Filter": "((production_year >= 2008) AND (production_year <= 2014))"}]}, {"Node Type": "Index Scan", "Parent Relationship": "Inner", "Scan Direction": "Forward", "Index Name": "movie_id_cast_info", "Relation Name": "cast_info", "Alias": "ci", "Startup Cost": 0.0, "Total Cost": 2.34, "Plan Rows": 1, "Plan Width": 8, "Index Cond": "(movie_id = t.id)", "Filter": "((note)::text = ANY ('{(writer),\"(head writer)\",\"(written by)\",(story),\"(story editor)\"}'::text[]))"}]}, {"Node Type": "Index Scan", "Parent Relationship": "Inner", "Scan Direction": "Forward", "Index Name": "name_pkey", "Relation Name": "name", "Alias": "n", "Startup Cost": 0.0, "Total Cost": 0.49, "Plan Rows": 1, "Plan Width": 4, "Index Cond": "(id = ci.person_id)", "Filter": "((gender IS NOT NULL) AND ((gender)::text = 'f'::text))"}]}]}, "Unique SQL Id": 661781350, "Planner Runtime": 8}, "explain_analyze_plan": {"Plan": {"Node Type": "Aggregate", "Strategy": "Plain", "Startup Cost": 40721.77, "Total Cost": 40721.78, "Plan Rows": 1, "Plan Width": 160, "Actual Min Startup Time": 783.795, "Actual Max Startup Time": 783.795, "Actual Min Total Time": 783.796, "Actual Max Total Time": 783.796, "Plans": [{"Node Type": "Nested Loop", "Parent Relationship": "Outer", "Join Type": "Inner", "Startup Cost": 0.0, "Total Cost": 40720.13, "Plan Rows": 219, "Plan Width": 64, "Actual Min Startup Time": 421.789, "Actual Max Startup Time": 421.789, "Actual Min Total Time": 783.737, "Actual Max Total Time": 783.737, "Inner Unique": true, "Plans": [{"Node Type": "Nested Loop", "Parent Relationship": "Outer", "Join Type": "Inner", "Startup Cost": 0.0, "Total Cost": 40559.14, "Plan Rows": 321, "Plan Width": 68, "Actual Min Startup Time": 420.591, "Actual Max Startup Time": 420.591, "Actual Min Total Time": 781.702, "Actual Max Total Time": 781.702, "Inner Unique": false, "Plans": [{"Node Type": "Nested Loop", "Parent Relationship": "Outer", "Join Type": "Inner", "Startup Cost": 0.0, "Total Cost": 39874.11, "Plan Rows": 291, "Plan Width": 76, "Actual Min Startup Time": 418.68, "Actual Max Startup Time": 418.68, "Actual Min Total Time": 757.309, "Actual Max Total Time": 757.309, "Inner Unique": true, "Plans": [{"Node Type": "Nested Loop", "Parent Relationship": "Outer", "Join Type": "Inner", "Startup Cost": 0.0, "Total Cost": 39160.9, "Plan Rows": 250, "Plan Width": 55, "Actual Min Startup Time": 418.659, "Actual Max Startup Time": 418.659, "Actual Min Total Time": 752.537, "Actual Max Total Time": 752.537, "Inner Unique": false, "Join Filter": "(mi_idx.info_type_id = it2.id)", "Rows Removed by Join Filter": 3403, "Plans": [{"Node Type": "Seq Scan", "Parent Relationship": "Outer", "Relation Name": "info_type", "Alias": "it2", "Startup Cost": 0.0, "Total Cost": 2.4, "Plan Rows": 1, "Plan Width": 4, "Actual Min Startup Time": 0.077, "Actual Max Startup Time": 0.077, "Actual Min Total Time": 0.093, "Actual Max Total Time": 0.093, "Filter": "((info)::text = 'rating'::text)", "Rows Removed by Filter": 111, "Actual Rows": 1}, {"Node Type": "Nested Loop", "Parent Relationship": "Inner", "Join Type": "Inner", "Startup Cost": 0.0, "Total Cost": 39146.01, "Plan Rows": 999, "Plan Width": 59, "Actual Min Startup Time": 418.484, "Actual Max Startup Time": 418.484, "Actual Min Total Time": 750.31, "Actual Max Total Time": 750.31, "Inner Unique": false, "Plans": [{"Node Type": "Nested Loop", "Parent Relationship": "Outer", "Join Type": "Inner", "Startup Cost": 0.0, "Total Cost": 38204.15, "Plan Rows": 971, "Plan Width": 46, "Actual Min Startup Time": 418.401, "Actual Max Startup Time": 418.401, "Actual Min Total Time": 457.136, "Actual Max Total Time": 457.136, "Inner Unique": false, "Join Filter": "(it1.id = mi.info_type_id)", "Rows Removed by Join Filter": 789, "Plans": [{"Node Type": "Seq Scan", "Parent Relationship": "Outer", "Relation Name": "info_type", "Alias": "it1", "Startup Cost": 0.0, "Total Cost": 2.4, "Plan Rows": 1, "Plan Width": 4, "Actual Min Startup Time": 0.07, "Actual Max Startup Time": 0.07, "Actual Min Total Time": 0.105, "Actual Max Total Time": 0.105, "Filter": "((info)::text = 'genres'::text)", "Rows Removed by Filter": 111, "Actual Rows": 1}, {"Node Type": "Materialize", "Parent Relationship": "Inner", "Startup Cost": 0.0, "Total Cost": 37522.04, "Plan Rows": 67971, "Plan Width": 50, "Actual Min Startup Time": 418.259, "Actual Max Startup Time": 418.259, "Actual Min Total Time": 427.845, "Actual Max Total Time": 427.845, "Plans": [{"Node Type": "Streaming(type: LOCAL GATHER dop: 1/16)", "Parent Relationship": "Outer", "Startup Cost": 0.0, "Total Cost": 37352.11, "Plan Rows": 67971, "Plan Width": 50, "Actual Min Startup Time": 267.189, "Actual Max Startup Time": 267.189, "Actual Min Total Time": 406.953, "Actual Max Total Time": 406.953, "Plans": [{"Node Type": "Seq Scan", "Parent Relationship": "Outer", "Relation Name": "movie_info", "Alias": "mi", "Startup Cost": 0.0, "Total Cost": 35885.16, "Plan Rows": 67971, "Plan Width": 50, "Actual Min Startup Time": 236.199, "Actual Max Startup Time": 341.623, "Actual Min Total Time": 383.341, "Actual Max Total Time": 397.733, "Filter": "((note IS NULL) AND ((info)::text = ANY ('{Horror,Thriller}'::text[])))", "Rows Removed by Filter": 14762672, "Actual Rows": 73047}], "Actual Rows": 73047}], "Actual Rows": 73048}], "Actual Rows": 72258}, {"Node Type": "Index Scan", "Parent Relationship": "Inner", "Scan Direction": "Forward", "Index Name": "movie_id_movie_info_idx", "Relation Name": "movie_info_idx", "Alias": "mi_idx", "Startup Cost": 0.0, "Total Cost": 0.96, "Plan Rows": 1, "Plan Width": 13, "Actual Min Startup Time": 255.529, "Actual Max Startup Time": 255.529, "Actual Min Total Time": 258.944, "Actual Max Total Time": 258.944, "Index Cond": "(movie_id = mi.movie_id)", "Rows Removed by Index Recheck": 0, "Filter": "((info)::text > '8.0'::text)", "Rows Removed by Filter": 113143, "Actual Rows": 4135}], "Actual Rows": 4135}], "Actual Rows": 732}, {"Node Type": "Index Scan", "Parent Relationship": "Inner", "Scan Direction": "Forward", "Index Name": "title_pkey", "Relation Name": "title", "Alias": "t", "Startup Cost": 0.0, "Total Cost": 2.84, "Plan Rows": 1, "Plan Width": 21, "Actual Min Startup Time": 4.157, "Actual Max Startup Time": 4.157, "Actual Min Total Time": 4.157, "Actual Max Total Time": 4.157, "Index Cond": "(id = mi.movie_id)", "Rows Removed by Index Recheck": 0, "Filter": "((production_year >= 2008) AND (production_year <= 2014))", "Rows Removed by Filter": 374, "Actual Rows": 358}], "Actual Rows": 358}, {"Node Type": "Index Scan", "Parent Relationship": "Inner", "Scan Direction": "Forward", "Index Name": "movie_id_cast_info", "Relation Name": "cast_info", "Alias": "ci", "Startup Cost": 0.0, "Total Cost": 2.34, "Plan Rows": 1, "Plan Width": 8, "Actual Min Startup Time": 18.983, "Actual Max Startup Time": 18.983, "Actual Min Total Time": 24.063, "Actual Max Total Time": 24.063, "Index Cond": "(movie_id = t.id)", "Rows Removed by Index Recheck": 0, "Filter": "((note)::text = ANY ('{(writer),\"(head writer)\",\"(written by)\",(story),\"(story editor)\"}'::text[]))", "Rows Removed by Filter": 12296, "Actual Rows": 268}], "Actual Rows": 268}, {"Node Type": "Index Scan", "Parent Relationship": "Inner", "Scan Direction": "Forward", "Index Name": "name_pkey", "Relation Name": "name", "Alias": "n", "Startup Cost": 0.0, "Total Cost": 0.49, "Plan Rows": 1, "Plan Width": 4, "Actual Min Startup Time": 1.815, "Actual Max Startup Time": 1.815, "Actual Min Total Time": 1.815, "Actual Max Total Time": 1.815, "Index Cond": "(id = ci.person_id)", "Rows Removed by Index Recheck": 0, "Filter": "((gender IS NOT NULL) AND ((gender)::text = 'f'::text))", "Rows Removed by Filter": 257, "Actual Rows": 11}], "Actual Rows": 11}], "Actual Rows": 1}, "Triggers": [], "Planner Runtime": 16.483, "Total Runtime": 786.667, "Unique SQL Id": 661781350}}, "(16, '117')": {"explain_plan": {"Plan": {"Node Type": "Aggregate", "Strategy": "Plain", "Startup Cost": 84230.9, "Total Cost": 84230.91, "Plan Rows": 1, "Plan Width": 160, "Plans": [{"Node Type": "Nested Loop", "Parent Relationship": "Outer", "Join Type": "Inner", "Startup Cost": 7419.04, "Total Cost": 84229.26, "Plan Rows": 219, "Plan Width": 64, "Inner Unique": true, "Plans": [{"Node Type": "Nested Loop", "Parent Relationship": "Outer", "Join Type": "Inner", "Startup Cost": 7419.04, "Total Cost": 84068.27, "Plan Rows": 321, "Plan Width": 68, "Inner Unique": false, "Plans": [{"Node Type": "Nested Loop", "Parent Relationship": "Outer", "Join Type": "Inner", "Startup Cost": 7419.04, "Total Cost": 83383.24, "Plan Rows": 291, "Plan Width": 76, "Inner Unique": false, "Join Filter": "(mi.info_type_id = it1.id)", "Plans": [{"Node Type": "Index Scan", "Parent Relationship": "Outer", "Scan Direction": "Forward", "Index Name": "info_type_pkey", "Relation Name": "info_type", "Alias": "it1", "Startup Cost": 0.0, "Total Cost": 14.21, "Plan Rows": 1, "Plan Width": 4, "Filter": "((info)::text = 'genres'::text)"}, {"Node Type": "Nested Loop", "Parent Relationship": "Inner", "Join Type": "Inner", "Startup Cost": 7419.04, "Total Cost": 83197.12, "Plan Rows": 13753, "Plan Width": 80, "Inner Unique": false, "Plans": [{"Node Type": "Nested Loop", "Parent Relationship": "Outer", "Join Type": "Inner", "Startup Cost": 7419.04, "Total Cost": 61824.99, "Plan Rows": 15041, "Plan Width": 30, "Inner Unique": true, "Plans": [{"Node Type": "Nested Loop", "Parent Relationship": "Outer", "Join Type": "Inner", "Startup Cost": 7419.04, "Total Cost": 19211.73, "Plan Rows": 12936, "Plan Width": 9, "Inner Unique": false, "Plans": [{"Node Type": "Index Scan", "Parent Relationship": "Outer", "Scan Direction": "Forward", "Index Name": "info_type_pkey", "Relation Name": "info_type", "Alias": "it2", "Startup Cost": 0.0, "Total Cost": 14.21, "Plan Rows": 1, "Plan Width": 4, "Filter": "((info)::text = 'rating'::text)"}, {"Node Type": "Bitmap Heap Scan", "Parent Relationship": "Inner", "Relation Name": "movie_info_idx", "Alias": "mi_idx", "Startup Cost": 7419.04, "Total Cost": 19068.16, "Plan Rows": 12936, "Plan Width": 13, "Recheck Cond": "(info_type_id = it2.id)", "Filter": "((info)::text > '8.0'::text)", "Plans": [{"Node Type": "Bitmap Index Scan", "Parent Relationship": "Outer", "Index Name": "info_type_id_movie_info_idx", "Startup Cost": 0.0, "Total Cost": 7415.81, "Plan Rows": 345008, "Plan Width": 0, "Index Cond": "(info_type_id = it2.id)"}]}]}, {"Node Type": "Index Scan", "Parent Relationship": "Inner", "Scan Direction": "Forward", "Index Name": "title_pkey", "Relation Name": "title", "Alias": "t", "Startup Cost": 0.0, "Total Cost": 3.28, "Plan Rows": 1, "Plan Width": 21, "Index Cond": "(id = mi_idx.movie_id)", "Filter": "((production_year >= 2008) AND (production_year <= 2014))"}]}, {"Node Type": "Index Scan", "Parent Relationship": "Inner", "Scan Direction": "Forward", "Index Name": "movie_id_movie_info", "Relation Name": "movie_info", "Alias": "mi", "Startup Cost": 0.0, "Total Cost": 1.41, "Plan Rows": 1, "Plan Width": 50, "Index Cond": "(movie_id = t.id)", "Filter": "((note IS NULL) AND ((info)::text = ANY ('{Horror,Thriller}'::text[])))"}]}]}, {"Node Type": "Index Scan", "Parent Relationship": "Inner", "Scan Direction": "Forward", "Index Name": "movie_id_cast_info", "Relation Name": "cast_info", "Alias": "ci", "Startup Cost": 0.0, "Total Cost": 2.34, "Plan Rows": 1, "Plan Width": 8, "Index Cond": "(movie_id = t.id)", "Filter": "((note)::text = ANY ('{(writer),\"(head writer)\",\"(written by)\",(story),\"(story editor)\"}'::text[]))"}]}, {"Node Type": "Index Scan", "Parent Relationship": "Inner", "Scan Direction": "Forward", "Index Name": "name_pkey", "Relation Name": "name", "Alias": "n", "Startup Cost": 0.0, "Total Cost": 0.49, "Plan Rows": 1, "Plan Width": 4, "Index Cond": "(id = ci.person_id)", "Filter": "((gender IS NOT NULL) AND ((gender)::text = 'f'::text))"}]}]}, "Unique SQL Id": 661781350, "Planner Runtime": 8}, "explain_analyze_plan": {"Plan": {"Node Type": "Aggregate", "Strategy": "Plain", "Startup Cost": 84230.9, "Total Cost": 84230.91, "Plan Rows": 1, "Plan Width": 160, "Actual Startup Time": 548.11, "Actual Total Time": 548.11, "Actual Rows": 1, "Actual Loops": 1, "Plans": [{"Node Type": "Nested Loop", "Parent Relationship": "Outer", "Join Type": "Inner", "Startup Cost": 7419.04, "Total Cost": 84229.26, "Plan Rows": 219, "Plan Width": 64, "Actual Startup Time": 313.092, "Actual Total Time": 548.036, "Actual Rows": 11, "Actual Loops": 1, "Inner Unique": true, "Plans": [{"Node Type": "Nested Loop", "Parent Relationship": "Outer", "Join Type": "Inner", "Startup Cost": 7419.04, "Total Cost": 84068.27, "Plan Rows": 321, "Plan Width": 68, "Actual Startup Time": 126.942, "Actual Total Time": 545.831, "Actual Rows": 268, "Actual Loops": 1, "Inner Unique": false, "Plans": [{"Node Type": "Nested Loop", "Parent Relationship": "Outer", "Join Type": "Inner", "Startup Cost": 7419.04, "Total Cost": 83383.24, "Plan Rows": 291, "Plan Width": 76, "Actual Startup Time": 66.913, "Actual Total Time": 520.715, "Actual Rows": 358, "Actual Loops": 1, "Inner Unique": false, "Join Filter": "(mi.info_type_id = it1.id)", "Rows Removed by Join Filter": 0, "Plans": [{"Node Type": "Index Scan", "Parent Relationship": "Outer", "Scan Direction": "Forward", "Index Name": "info_type_pkey", "Relation Name": "info_type", "Alias": "it1", "Startup Cost": 0.0, "Total Cost": 14.21, "Plan Rows": 1, "Plan Width": 4, "Actual Startup Time": 0.029, "Actual Total Time": 0.079, "Actual Rows": 1, "Actual Loops": 1, "Filter": "((info)::text = 'genres'::text)", "Rows Removed by Filter": 111}, {"Node Type": "Nested Loop", "Parent Relationship": "Inner", "Join Type": "Inner", "Startup Cost": 7419.04, "Total Cost": 83197.12, "Plan Rows": 13753, "Plan Width": 80, "Actual Startup Time": 66.872, "Actual Total Time": 520.361, "Actual Rows": 358, "Actual Loops": 1, "Inner Unique": false, "Plans": [{"Node Type": "Nested Loop", "Parent Relationship": "Outer", "Join Type": "Inner", "Startup Cost": 7419.04, "Total Cost": 61824.99, "Plan Rows": 15041, "Plan Width": 30, "Actual Startup Time": 60.361, "Actual Total Time": 383.098, "Actual Rows": 6152, "Actual Loops": 1, "Inner Unique": true, "Plans": [{"Node Type": "Nested Loop", "Parent Relationship": "Outer", "Join Type": "Inner", "Startup Cost": 7419.04, "Total Cost": 19211.73, "Plan Rows": 12936, "Plan Width": 9, "Actual Startup Time": 58.913, "Actual Total Time": 304.889, "Actual Rows": 15849, "Actual Loops": 1, "Inner Unique": false, "Plans": [{"Node Type": "Index Scan", "Parent Relationship": "Outer", "Scan Direction": "Forward", "Index Name": "info_type_pkey", "Relation Name": "info_type", "Alias": "it2", "Startup Cost": 0.0, "Total Cost": 14.21, "Plan Rows": 1, "Plan Width": 4, "Actual Startup Time": 0.048, "Actual Total Time": 0.061, "Actual Rows": 1, "Actual Loops": 1, "Filter": "((info)::text = 'rating'::text)", "Rows Removed by Filter": 111}, {"Node Type": "Bitmap Heap Scan", "Parent Relationship": "Inner", "Relation Name": "movie_info_idx", "Alias": "mi_idx", "Startup Cost": 7419.04, "Total Cost": 19068.16, "Plan Rows": 12936, "Plan Width": 13, "Actual Startup Time": 58.858, "Actual Total Time": 301.234, "Actual Rows": 15849, "Actual Loops": 1, "Recheck Cond": "(info_type_id = it2.id)", "Rows Removed by Index Recheck": 0, "Filter": "((info)::text > '8.0'::text)", "Rows Removed by Filter": 444076, "Exact Heap Blocks": 6472, "Lossy Heap Blocks": 6472, "Plans": [{"Node Type": "Bitmap Index Scan", "Parent Relationship": "Outer", "Index Name": "info_type_id_movie_info_idx", "Startup Cost": 0.0, "Total Cost": 7415.81, "Plan Rows": 345008, "Plan Width": 0, "Actual Startup Time": 57.616, "Actual Total Time": 57.616, "Actual Rows": 459925, "Actual Loops": 1, "Index Cond": "(info_type_id = it2.id)"}]}]}, {"Node Type": "Index Scan", "Parent Relationship": "Inner", "Scan Direction": "Forward", "Index Name": "title_pkey", "Relation Name": "title", "Alias": "t", "Startup Cost": 0.0, "Total Cost": 3.28, "Plan Rows": 1, "Plan Width": 21, "Actual Startup Time": 68.105, "Actual Total Time": 68.105, "Actual Rows": 6152, "Actual Loops": 15849, "Index Cond": "(id = mi_idx.movie_id)", "Rows Removed by Index Recheck": 0, "Filter": "((production_year >= 2008) AND (production_year <= 2014))", "Rows Removed by Filter": 9697}]}, {"Node Type": "Index Scan", "Parent Relationship": "Inner", "Scan Direction": "Forward", "Index Name": "movie_id_movie_info", "Relation Name": "movie_info", "Alias": "mi", "Startup Cost": 0.0, "Total Cost": 1.41, "Plan Rows": 1, "Plan Width": 50, "Actual Startup Time": 133.561, "Actual Total Time": 133.864, "Actual Rows": 358, "Actual Loops": 6152, "Index Cond": "(movie_id = t.id)", "Rows Removed by Index Recheck": 0, "Filter": "((note IS NULL) AND ((info)::text = ANY ('{Horror,Thriller}'::text[])))", "Rows Removed by Filter": 109599}]}]}, {"Node Type": "Index Scan", "Parent Relationship": "Inner", "Scan Direction": "Forward", "Index Name": "movie_id_cast_info", "Relation Name": "cast_info", "Alias": "ci", "Startup Cost": 0.0, "Total Cost": 2.34, "Plan Rows": 1, "Plan Width": 8, "Actual Startup Time": 19.441, "Actual Total Time": 24.677, "Actual Rows": 268, "Actual Loops": 358, "Index Cond": "(movie_id = t.id)", "Rows Removed by Index Recheck": 0, "Filter": "((note)::text = ANY ('{(writer),\"(head writer)\",\"(written by)\",(story),\"(story editor)\"}'::text[]))", "Rows Removed by Filter": 12296}]}, {"Node Type": "Index Scan", "Parent Relationship": "Inner", "Scan Direction": "Forward", "Index Name": "name_pkey", "Relation Name": "name", "Alias": "n", "Startup Cost": 0.0, "Total Cost": 0.49, "Plan Rows": 1, "Plan Width": 4, "Actual Startup Time": 1.95, "Actual Total Time": 1.95, "Actual Rows": 11, "Actual Loops": 268, "Index Cond": "(id = ci.person_id)", "Rows Removed by Index Recheck": 0, "Filter": "((gender IS NOT NULL) AND ((gender)::text = 'f'::text))", "Rows Removed by Filter": 257}]}]}, "Triggers": [], "Planner Runtime": 23.008, "Total Runtime": 548.511, "Unique SQL Id": 661781350}}, "(16, '118')": {"explain_plan": {"Plan": {"Node Type": "Aggregate", "Strategy": "Plain", "Startup Cost": 46768.59, "Total Cost": 46768.6, "Plan Rows": 1, "Plan Width": 160, "Plans": [{"Node Type": "Nested Loop", "Parent Relationship": "Outer", "Join Type": "Inner", "Startup Cost": 2.67, "Total Cost": 46766.94, "Plan Rows": 219, "Plan Width": 64, "Inner Unique": true, "Plans": [{"Node Type": "Nested Loop", "Parent Relationship": "Outer", "Join Type": "Inner", "Startup Cost": 2.36, "Total Cost": 45375.82, "Plan Rows": 321, "Plan Width": 68, "Inner Unique": false, "Plans": [{"Node Type": "Nested Loop", "Parent Relationship": "Outer", "Join Type": "Inner", "Startup Cost": 1.35, "Total Cost": 43882.65, "Plan Rows": 291, "Plan Width": 76, "Inner Unique": true, "Plans": [{"Node Type": "Nested Loop", "Parent Relationship": "Outer", "Join Type": "Inner", "Startup Cost": 0.55, "Total Cost": 42675.2, "Plan Rows": 250, "Plan Width": 55, "Inner Unique": false, "Join Filter": "(mi_idx.info_type_id = it2.id)", "Plans": [{"Node Type": "Seq Scan", "Parent Relationship": "Outer", "Relation Name": "info_type", "Alias": "it2", "Startup Cost": 0.0, "Total Cost": 2.4, "Plan Rows": 1, "Plan Width": 4, "Filter": "((info)::text = 'rating'::text)"}, {"Node Type": "Nested Loop", "Parent Relationship": "Inner", "Join Type": "Inner", "Startup Cost": 0.55, "Total Cost": 42660.32, "Plan Rows": 999, "Plan Width": 59, "Inner Unique": false, "Plans": [{"Node Type": "Nested Loop", "Parent Relationship": "Outer", "Join Type": "Inner", "Startup Cost": 0.0, "Total Cost": 38204.15, "Plan Rows": 971, "Plan Width": 46, "Inner Unique": false, "Join Filter": "(it1.id = mi.info_type_id)", "Plans": [{"Node Type": "Seq Scan", "Parent Relationship": "Outer", "Relation Name": "info_type", "Alias": "it1", "Startup Cost": 0.0, "Total Cost": 2.4, "Plan Rows": 1, "Plan Width": 4, "Filter": "((info)::text = 'genres'::text)"}, {"Node Type": "Materialize", "Parent Relationship": "Inner", "Startup Cost": 0.0, "Total Cost": 37522.04, "Plan Rows": 67971, "Plan Width": 50, "Plans": [{"Node Type": "Streaming(type: LOCAL GATHER dop: 1/16)", "Parent Relationship": "Outer", "Startup Cost": 0.0, "Total Cost": 37352.11, "Plan Rows": 67971, "Plan Width": 50, "Plans": [{"Node Type": "Seq Scan", "Parent Relationship": "Outer", "Relation Name": "movie_info", "Alias": "mi", "Startup Cost": 0.0, "Total Cost": 35885.16, "Plan Rows": 67971, "Plan Width": 50, "Filter": "((note IS NULL) AND ((info)::text = ANY ('{Horror,Thriller}'::text[])))"}]}]}]}, {"Node Type": "Bitmap Heap Scan", "Parent Relationship": "Inner", "Relation Name": "movie_info_idx", "Alias": "mi_idx", "Startup Cost": 0.55, "Total Cost": 4.58, "Plan Rows": 1, "Plan Width": 13, "Recheck Cond": "(movie_id = mi.movie_id)", "Filter": "((info)::text > '8.0'::text)", "Plans": [{"Node Type": "Bitmap Index Scan", "Parent Relationship": "Outer", "Index Name": "movie_id_movie_info_idx", "Startup Cost": 0.0, "Total Cost": 0.55, "Plan Rows": 2, "Plan Width": 0, "Index Cond": "(movie_id = mi.movie_id)"}]}]}]}, {"Node Type": "Bitmap Heap Scan", "Parent Relationship": "Inner", "Relation Name": "title", "Alias": "t", "Startup Cost": 0.8, "Total Cost": 4.82, "Plan Rows": 1, "Plan Width": 21, "Recheck Cond": "(id = mi.movie_id)", "Filter": "((production_year >= 2008) AND (production_year <= 2014))", "Plans": [{"Node Type": "Bitmap Index Scan", "Parent Relationship": "Outer", "Index Name": "title_pkey", "Startup Cost": 0.0, "Total Cost": 0.8, "Plan Rows": 1, "Plan Width": 0, "Index Cond": "(id = mi.movie_id)"}]}]}, {"Node Type": "Bitmap Heap Scan", "Parent Relationship": "Inner", "Relation Name": "cast_info", "Alias": "ci", "Startup Cost": 1.01, "Total Cost": 5.12, "Plan Rows": 1, "Plan Width": 8, "Recheck Cond": "(movie_id = t.id)", "Filter": "((note)::text = ANY ('{(writer),\"(head writer)\",\"(written by)\",(story),\"(story editor)\"}'::text[]))", "Plans": [{"Node Type": "Bitmap Index Scan", "Parent Relationship": "Outer", "Index Name": "movie_id_cast_info", "Startup Cost": 0.0, "Total Cost": 1.01, "Plan Rows": 6, "Plan Width": 0, "Index Cond": "(movie_id = t.id)"}]}]}, {"Node Type": "Bitmap Heap Scan", "Parent Relationship": "Inner", "Relation Name": "name", "Alias": "n", "Startup Cost": 0.31, "Total Cost": 4.32, "Plan Rows": 1, "Plan Width": 4, "Recheck Cond": "(id = ci.person_id)", "Filter": "((gender IS NOT NULL) AND ((gender)::text = 'f'::text))", "Plans": [{"Node Type": "Bitmap Index Scan", "Parent Relationship": "Outer", "Index Name": "name_pkey", "Startup Cost": 0.0, "Total Cost": 0.31, "Plan Rows": 1, "Plan Width": 0, "Index Cond": "(id = ci.person_id)"}]}]}]}, "Unique SQL Id": 661781350, "Planner Runtime": 14}, "explain_analyze_plan": {"Plan": {"Node Type": "Aggregate", "Strategy": "Plain", "Startup Cost": 46768.59, "Total Cost": 46768.6, "Plan Rows": 1, "Plan Width": 160, "Actual Min Startup Time": 899.573, "Actual Max Startup Time": 899.573, "Actual Min Total Time": 899.573, "Actual Max Total Time": 899.573, "Plans": [{"Node Type": "Nested Loop", "Parent Relationship": "Outer", "Join Type": "Inner", "Startup Cost": 2.67, "Total Cost": 46766.94, "Plan Rows": 219, "Plan Width": 64, "Actual Min Startup Time": 424.809, "Actual Max Startup Time": 424.809, "Actual Min Total Time": 899.504, "Actual Max Total Time": 899.504, "Inner Unique": true, "Plans": [{"Node Type": "Nested Loop", "Parent Relationship": "Outer", "Join Type": "Inner", "Startup Cost": 2.36, "Total Cost": 45375.82, "Plan Rows": 321, "Plan Width": 68, "Actual Min Startup Time": 421.88, "Actual Max Startup Time": 421.88, "Actual Min Total Time": 896.715, "Actual Max Total Time": 896.715, "Inner Unique": false, "Plans": [{"Node Type": "Nested Loop", "Parent Relationship": "Outer", "Join Type": "Inner", "Startup Cost": 1.35, "Total Cost": 43882.65, "Plan Rows": 291, "Plan Width": 76, "Actual Min Startup Time": 420.773, "Actual Max Startup Time": 420.773, "Actual Min Total Time": 864.87, "Actual Max Total Time": 864.87, "Inner Unique": true, "Plans": [{"Node Type": "Nested Loop", "Parent Relationship": "Outer", "Join Type": "Inner", "Startup Cost": 0.55, "Total Cost": 42675.2, "Plan Rows": 250, "Plan Width": 55, "Actual Min Startup Time": 420.746, "Actual Max Startup Time": 420.746, "Actual Min Total Time": 858.642, "Actual Max Total Time": 858.642, "Inner Unique": false, "Join Filter": "(mi_idx.info_type_id = it2.id)", "Rows Removed by Join Filter": 3403, "Plans": [{"Node Type": "Seq Scan", "Parent Relationship": "Outer", "Relation Name": "info_type", "Alias": "it2", "Startup Cost": 0.0, "Total Cost": 2.4, "Plan Rows": 1, "Plan Width": 4, "Actual Min Startup Time": 0.07, "Actual Max Startup Time": 0.07, "Actual Min Total Time": 0.078, "Actual Max Total Time": 0.078, "Filter": "((info)::text = 'rating'::text)", "Rows Removed by Filter": 111, "Actual Rows": 1}, {"Node Type": "Nested Loop", "Parent Relationship": "Inner", "Join Type": "Inner", "Startup Cost": 0.55, "Total Cost": 42660.32, "Plan Rows": 999, "Plan Width": 59, "Actual Min Startup Time": 420.561, "Actual Max Startup Time": 420.561, "Actual Min Total Time": 856.38, "Actual Max Total Time": 856.38, "Inner Unique": false, "Plans": [{"Node Type": "Nested Loop", "Parent Relationship": "Outer", "Join Type": "Inner", "Startup Cost": 0.0, "Total Cost": 38204.15, "Plan Rows": 971, "Plan Width": 46, "Actual Min Startup Time": 420.454, "Actual Max Startup Time": 420.454, "Actual Min Total Time": 461.536, "Actual Max Total Time": 461.536, "Inner Unique": false, "Join Filter": "(it1.id = mi.info_type_id)", "Rows Removed by Join Filter": 789, "Plans": [{"Node Type": "Seq Scan", "Parent Relationship": "Outer", "Relation Name": "info_type", "Alias": "it1", "Startup Cost": 0.0, "Total Cost": 2.4, "Plan Rows": 1, "Plan Width": 4, "Actual Min Startup Time": 0.064, "Actual Max Startup Time": 0.064, "Actual Min Total Time": 0.098, "Actual Max Total Time": 0.098, "Filter": "((info)::text = 'genres'::text)", "Rows Removed by Filter": 111, "Actual Rows": 1}, {"Node Type": "Materialize", "Parent Relationship": "Inner", "Startup Cost": 0.0, "Total Cost": 37522.04, "Plan Rows": 67971, "Plan Width": 50, "Actual Min Startup Time": 420.316, "Actual Max Startup Time": 420.316, "Actual Min Total Time": 431.157, "Actual Max Total Time": 431.157, "Plans": [{"Node Type": "Streaming(type: LOCAL GATHER dop: 1/16)", "Parent Relationship": "Outer", "Startup Cost": 0.0, "Total Cost": 37352.11, "Plan Rows": 67971, "Plan Width": 50, "Actual Min Startup Time": 269.639, "Actual Max Startup Time": 269.639, "Actual Min Total Time": 409.112, "Actual Max Total Time": 409.112, "Plans": [{"Node Type": "Seq Scan", "Parent Relationship": "Outer", "Relation Name": "movie_info", "Alias": "mi", "Startup Cost": 0.0, "Total Cost": 35885.16, "Plan Rows": 67971, "Plan Width": 50, "Actual Min Startup Time": 236.103, "Actual Max Startup Time": 341.787, "Actual Min Total Time": 383.994, "Actual Max Total Time": 395.944, "Filter": "((note IS NULL) AND ((info)::text = ANY ('{Horror,Thriller}'::text[])))", "Rows Removed by Filter": 14762672, "Actual Rows": 73047}], "Actual Rows": 73047}], "Actual Rows": 73048}], "Actual Rows": 72258}, {"Node Type": "Bitmap Heap Scan", "Parent Relationship": "Inner", "Relation Name": "movie_info_idx", "Alias": "mi_idx", "Startup Cost": 0.55, "Total Cost": 4.58, "Plan Rows": 1, "Plan Width": 13, "Actual Min Startup Time": 312.612, "Actual Max Startup Time": 312.612, "Actual Min Total Time": 314.429, "Actual Max Total Time": 314.429, "Recheck Cond": "(movie_id = mi.movie_id)", "Rows Removed by Index Recheck": 0, "Filter": "((info)::text > '8.0'::text)", "Rows Removed by Filter": 113143, "Exact Heap Blocks": 39507, "Lossy Heap Blocks": 39507, "Plans": [{"Node Type": "Bitmap Index Scan", "Parent Relationship": "Outer", "Index Name": "movie_id_movie_info_idx", "Startup Cost": 0.0, "Total Cost": 0.55, "Plan Rows": 2, "Plan Width": 0, "Actual Min Startup Time": 182.59, "Actual Max Startup Time": 182.59, "Actual Min Total Time": 182.59, "Actual Max Total Time": 182.59, "Index Cond": "(movie_id = mi.movie_id)", "Actual Rows": 117278}], "Actual Rows": 4135}], "Actual Rows": 4135}], "Actual Rows": 732}, {"Node Type": "Bitmap Heap Scan", "Parent Relationship": "Inner", "Relation Name": "title", "Alias": "t", "Startup Cost": 0.8, "Total Cost": 4.82, "Plan Rows": 1, "Plan Width": 21, "Actual Min Startup Time": 5.132, "Actual Max Startup Time": 5.132, "Actual Min Total Time": 5.132, "Actual Max Total Time": 5.132, "Recheck Cond": "(id = mi.movie_id)", "Rows Removed by Index Recheck": 0, "Filter": "((production_year >= 2008) AND (production_year <= 2014))", "Rows Removed by Filter": 374, "Exact Heap Blocks": 732, "Lossy Heap Blocks": 732, "Plans": [{"Node Type": "Bitmap Index Scan", "Parent Relationship": "Outer", "Index Name": "title_pkey", "Startup Cost": 0.0, "Total Cost": 0.8, "Plan Rows": 1, "Plan Width": 0, "Actual Min Startup Time": 3.046, "Actual Max Startup Time": 3.046, "Actual Min Total Time": 3.046, "Actual Max Total Time": 3.046, "Index Cond": "(id = mi.movie_id)", "Actual Rows": 732}], "Actual Rows": 358}], "Actual Rows": 358}, {"Node Type": "Bitmap Heap Scan", "Parent Relationship": "Inner", "Relation Name": "cast_info", "Alias": "ci", "Startup Cost": 1.01, "Total Cost": 5.12, "Plan Rows": 1, "Plan Width": 8, "Actual Min Startup Time": 25.305, "Actual Max Startup Time": 25.305, "Actual Min Total Time": 30.926, "Actual Max Total Time": 30.926, "Recheck Cond": "(movie_id = t.id)", "Rows Removed by Index Recheck": 0, "Filter": "((note)::text = ANY ('{(writer),\"(head writer)\",\"(written by)\",(story),\"(story editor)\"}'::text[]))", "Rows Removed by Filter": 12296, "Exact Heap Blocks": 11454, "Lossy Heap Blocks": 11454, "Plans": [{"Node Type": "Bitmap Index Scan", "Parent Relationship": "Outer", "Index Name": "movie_id_cast_info", "Startup Cost": 0.0, "Total Cost": 1.01, "Plan Rows": 6, "Plan Width": 0, "Actual Min Startup Time": 4.678, "Actual Max Startup Time": 4.678, "Actual Min Total Time": 4.678, "Actual Max Total Time": 4.678, "Index Cond": "(movie_id = t.id)", "Actual Rows": 12564}], "Actual Rows": 268}], "Actual Rows": 268}, {"Node Type": "Bitmap Heap Scan", "Parent Relationship": "Inner", "Relation Name": "name", "Alias": "n", "Startup Cost": 0.31, "Total Cost": 4.32, "Plan Rows": 1, "Plan Width": 4, "Actual Min Startup Time": 2.258, "Actual Max Startup Time": 2.258, "Actual Min Total Time": 2.258, "Actual Max Total Time": 2.258, "Recheck Cond": "(id = ci.person_id)", "Rows Removed by Index Recheck": 0, "Filter": "((gender IS NOT NULL) AND ((gender)::text = 'f'::text))", "Rows Removed by Filter": 257, "Exact Heap Blocks": 268, "Lossy Heap Blocks": 268, "Plans": [{"Node Type": "Bitmap Index Scan", "Parent Relationship": "Outer", "Index Name": "name_pkey", "Startup Cost": 0.0, "Total Cost": 0.31, "Plan Rows": 1, "Plan Width": 0, "Actual Min Startup Time": 1.381, "Actual Max Startup Time": 1.381, "Actual Min Total Time": 1.381, "Actual Max Total Time": 1.381, "Index Cond": "(id = ci.person_id)", "Actual Rows": 268}], "Actual Rows": 11}], "Actual Rows": 11}], "Actual Rows": 1}, "Triggers": [], "Planner Runtime": 25.228, "Total Runtime": 902.44, "Unique SQL Id": 661781350}}, "(16, '119')": {"explain_plan": {"Plan": {"Node Type": "Aggregate", "Strategy": "Plain", "Startup Cost": 157109.69, "Total Cost": 157109.7, "Plan Rows": 1, "Plan Width": 160, "Plans": [{"Node Type": "Nested Loop", "Parent Relationship": "Outer", "Join Type": "Inner", "Startup Cost": 7439.53, "Total Cost": 157108.05, "Plan Rows": 219, "Plan Width": 64, "Inner Unique": true, "Plans": [{"Node Type": "Nested Loop", "Parent Relationship": "Outer", "Join Type": "Inner", "Startup Cost": 7439.22, "Total Cost": 155716.93, "Plan Rows": 321, "Plan Width": 68, "Inner Unique": false, "Plans": [{"Node Type": "Nested Loop", "Parent Relationship": "Outer", "Join Type": "Inner", "Startup Cost": 7438.22, "Total Cost": 154223.75, "Plan Rows": 291, "Plan Width": 76, "Inner Unique": false, "Join Filter": "(mi.info_type_id = it1.id)", "Plans": [{"Node Type": "Bitmap Heap Scan", "Parent Relationship": "Outer", "Relation Name": "info_type", "Alias": "it1", "Startup Cost": 8.81, "Total Cost": 14.21, "Plan Rows": 1, "Plan Width": 4, "Filter": "((info)::text = 'genres'::text)", "Plans": [{"Node Type": "Bitmap Index Scan", "Parent Relationship": "Outer", "Index Name": "info_type_pkey", "Startup Cost": 0.0, "Total Cost": 8.81, "Plan Rows": 112, "Plan Width": 0}]}, {"Node Type": "Nested Loop", "Parent Relationship": "Inner", "Join Type": "Inner", "Startup Cost": 7429.41, "Total Cost": 154037.63, "Plan Rows": 13753, "Plan Width": 80, "Inner Unique": false, "Plans": [{"Node Type": "Nested Loop", "Parent Relationship": "Outer", "Join Type": "Inner", "Startup Cost": 7428.83, "Total Cost": 83898.37, "Plan Rows": 15041, "Plan Width": 30, "Inner Unique": true, "Plans": [{"Node Type": "Nested Loop", "Parent Relationship": "Outer", "Join Type": "Inner", "Startup Cost": 7427.85, "Total Cost": 19211.73, "Plan Rows": 12936, "Plan Width": 9, "Inner Unique": false, "Plans": [{"Node Type": "Bitmap Heap Scan", "Parent Relationship": "Outer", "Relation Name": "info_type", "Alias": "it2", "Startup Cost": 8.81, "Total Cost": 14.21, "Plan Rows": 1, "Plan Width": 4, "Filter": "((info)::text = 'rating'::text)", "Plans": [{"Node Type": "Bitmap Index Scan", "Parent Relationship": "Outer", "Index Name": "info_type_pkey", "Startup Cost": 0.0, "Total Cost": 8.81, "Plan Rows": 112, "Plan Width": 0}]}, {"Node Type": "Bitmap Heap Scan", "Parent Relationship": "Inner", "Relation Name": "movie_info_idx", "Alias": "mi_idx", "Startup Cost": 7419.04, "Total Cost": 19068.16, "Plan Rows": 12936, "Plan Width": 13, "Recheck Cond": "(info_type_id = it2.id)", "Filter": "((info)::text > '8.0'::text)", "Plans": [{"Node Type": "Bitmap Index Scan", "Parent Relationship": "Outer", "Index Name": "info_type_id_movie_info_idx", "Startup Cost": 0.0, "Total Cost": 7415.81, "Plan Rows": 345008, "Plan Width": 0, "Index Cond": "(info_type_id = it2.id)"}]}]}, {"Node Type": "Bitmap Heap Scan", "Parent Relationship": "Inner", "Relation Name": "title", "Alias": "t", "Startup Cost": 0.97, "Total Cost": 4.99, "Plan Rows": 1, "Plan Width": 21, "Recheck Cond": "(id = mi_idx.movie_id)", "Filter": "((production_year >= 2008) AND (production_year <= 2014))", "Plans": [{"Node Type": "Bitmap Index Scan", "Parent Relationship": "Outer", "Index Name": "title_pkey", "Startup Cost": 0.0, "Total Cost": 0.97, "Plan Rows": 1, "Plan Width": 0, "Index Cond": "(id = mi_idx.movie_id)"}]}]}, {"Node Type": "Bitmap Heap Scan", "Parent Relationship": "Inner", "Relation Name": "movie_info", "Alias": "mi", "Startup Cost": 0.58, "Total Cost": 4.65, "Plan Rows": 1, "Plan Width": 50, "Recheck Cond": "(movie_id = t.id)", "Filter": "((note IS NULL) AND ((info)::text = ANY ('{Horror,Thriller}'::text[])))", "Plans": [{"Node Type": "Bitmap Index Scan", "Parent Relationship": "Outer", "Index Name": "movie_id_movie_info", "Startup Cost": 0.0, "Total Cost": 0.58, "Plan Rows": 5, "Plan Width": 0, "Index Cond": "(movie_id = t.id)"}]}]}]}, {"Node Type": "Bitmap Heap Scan", "Parent Relationship": "Inner", "Relation Name": "cast_info", "Alias": "ci", "Startup Cost": 1.01, "Total Cost": 5.12, "Plan Rows": 1, "Plan Width": 8, "Recheck Cond": "(movie_id = t.id)", "Filter": "((note)::text = ANY ('{(writer),\"(head writer)\",\"(written by)\",(story),\"(story editor)\"}'::text[]))", "Plans": [{"Node Type": "Bitmap Index Scan", "Parent Relationship": "Outer", "Index Name": "movie_id_cast_info", "Startup Cost": 0.0, "Total Cost": 1.01, "Plan Rows": 6, "Plan Width": 0, "Index Cond": "(movie_id = t.id)"}]}]}, {"Node Type": "Bitmap Heap Scan", "Parent Relationship": "Inner", "Relation Name": "name", "Alias": "n", "Startup Cost": 0.31, "Total Cost": 4.32, "Plan Rows": 1, "Plan Width": 4, "Recheck Cond": "(id = ci.person_id)", "Filter": "((gender IS NOT NULL) AND ((gender)::text = 'f'::text))", "Plans": [{"Node Type": "Bitmap Index Scan", "Parent Relationship": "Outer", "Index Name": "name_pkey", "Startup Cost": 0.0, "Total Cost": 0.31, "Plan Rows": 1, "Plan Width": 0, "Index Cond": "(id = ci.person_id)"}]}]}]}, "Unique SQL Id": 661781350, "Planner Runtime": 8}, "explain_analyze_plan": {"Plan": {"Node Type": "Aggregate", "Strategy": "Plain", "Startup Cost": 157109.69, "Total Cost": 157109.7, "Plan Rows": 1, "Plan Width": 160, "Actual Startup Time": 648.813, "Actual Total Time": 648.813, "Actual Rows": 1, "Actual Loops": 1, "Plans": [{"Node Type": "Nested Loop", "Parent Relationship": "Outer", "Join Type": "Inner", "Startup Cost": 7439.53, "Total Cost": 157108.05, "Plan Rows": 219, "Plan Width": 64, "Actual Startup Time": 394.473, "Actual Total Time": 648.75, "Actual Rows": 11, "Actual Loops": 1, "Inner Unique": true, "Plans": [{"Node Type": "Nested Loop", "Parent Relationship": "Outer", "Join Type": "Inner", "Startup Cost": 7439.22, "Total Cost": 155716.93, "Plan Rows": 321, "Plan Width": 68, "Actual Startup Time": 144.736, "Actual Total Time": 645.961, "Actual Rows": 268, "Actual Loops": 1, "Inner Unique": false, "Plans": [{"Node Type": "Nested Loop", "Parent Relationship": "Outer", "Join Type": "Inner", "Startup Cost": 7438.22, "Total Cost": 154223.75, "Plan Rows": 291, "Plan Width": 76, "Actual Startup Time": 67.802, "Actual Total Time": 613.896, "Actual Rows": 358, "Actual Loops": 1, "Inner Unique": false, "Join Filter": "(mi.info_type_id = it1.id)", "Rows Removed by Join Filter": 0, "Plans": [{"Node Type": "Bitmap Heap Scan", "Parent Relationship": "Outer", "Relation Name": "info_type", "Alias": "it1", "Startup Cost": 8.81, "Total Cost": 14.21, "Plan Rows": 1, "Plan Width": 4, "Actual Startup Time": 0.054, "Actual Total Time": 0.086, "Actual Rows": 1, "Actual Loops": 1, "Filter": "((info)::text = 'genres'::text)", "Rows Removed by Filter": 111, "Exact Heap Blocks": 1, "Lossy Heap Blocks": 1, "Plans": [{"Node Type": "Bitmap Index Scan", "Parent Relationship": "Outer", "Index Name": "info_type_pkey", "Startup Cost": 0.0, "Total Cost": 8.81, "Plan Rows": 112, "Plan Width": 0, "Actual Startup Time": 0.015, "Actual Total Time": 0.015, "Actual Rows": 112, "Actual Loops": 1}]}, {"Node Type": "Nested Loop", "Parent Relationship": "Inner", "Join Type": "Inner", "Startup Cost": 7429.41, "Total Cost": 154037.63, "Plan Rows": 13753, "Plan Width": 80, "Actual Startup Time": 67.737, "Actual Total Time": 613.496, "Actual Rows": 358, "Actual Loops": 1, "Inner Unique": false, "Plans": [{"Node Type": "Nested Loop", "Parent Relationship": "Outer", "Join Type": "Inner", "Startup Cost": 7428.83, "Total Cost": 83898.37, "Plan Rows": 15041, "Plan Width": 30, "Actual Startup Time": 60.256, "Actual Total Time": 430.293, "Actual Rows": 6152, "Actual Loops": 1, "Inner Unique": true, "Plans": [{"Node Type": "Nested Loop", "Parent Relationship": "Outer", "Join Type": "Inner", "Startup Cost": 7427.85, "Total Cost": 19211.73, "Plan Rows": 12936, "Plan Width": 9, "Actual Startup Time": 58.555, "Actual Total Time": 316.66, "Actual Rows": 15849, "Actual Loops": 1, "Inner Unique": false, "Plans": [{"Node Type": "Bitmap Heap Scan", "Parent Relationship": "Outer", "Relation Name": "info_type", "Alias": "it2", "Startup Cost": 8.81, "Total Cost": 14.21, "Plan Rows": 1, "Plan Width": 4, "Actual Startup Time": 0.053, "Actual Total Time": 0.058, "Actual Rows": 1, "Actual Loops": 1, "Filter": "((info)::text = 'rating'::text)", "Rows Removed by Filter": 111, "Exact Heap Blocks": 1, "Lossy Heap Blocks": 1, "Plans": [{"Node Type": "Bitmap Index Scan", "Parent Relationship": "Outer", "Index Name": "info_type_pkey", "Startup Cost": 0.0, "Total Cost": 8.81, "Plan Rows": 112, "Plan Width": 0, "Actual Startup Time": 0.008, "Actual Total Time": 0.008, "Actual Rows": 112, "Actual Loops": 1}]}, {"Node Type": "Bitmap Heap Scan", "Parent Relationship": "Inner", "Relation Name": "movie_info_idx", "Alias": "mi_idx", "Startup Cost": 7419.04, "Total Cost": 19068.16, "Plan Rows": 12936, "Plan Width": 13, "Actual Startup Time": 58.498, "Actual Total Time": 312.884, "Actual Rows": 15849, "Actual Loops": 1, "Recheck Cond": "(info_type_id = it2.id)", "Rows Removed by Index Recheck": 0, "Filter": "((info)::text > '8.0'::text)", "Rows Removed by Filter": 444076, "Exact Heap Blocks": 6472, "Lossy Heap Blocks": 6472, "Plans": [{"Node Type": "Bitmap Index Scan", "Parent Relationship": "Outer", "Index Name": "info_type_id_movie_info_idx", "Startup Cost": 0.0, "Total Cost": 7415.81, "Plan Rows": 345008, "Plan Width": 0, "Actual Startup Time": 57.263, "Actual Total Time": 57.263, "Actual Rows": 459925, "Actual Loops": 1, "Index Cond": "(info_type_id = it2.id)"}]}]}, {"Node Type": "Bitmap Heap Scan", "Parent Relationship": "Inner", "Relation Name": "title", "Alias": "t", "Startup Cost": 0.97, "Total Cost": 4.99, "Plan Rows": 1, "Plan Width": 21, "Actual Startup Time": 92.969, "Actual Total Time": 92.969, "Actual Rows": 6152, "Actual Loops": 15849, "Recheck Cond": "(id = mi_idx.movie_id)", "Rows Removed by Index Recheck": 0, "Filter": "((production_year >= 2008) AND (production_year <= 2014))", "Rows Removed by Filter": 9697, "Exact Heap Blocks": 15849, "Lossy Heap Blocks": 15849, "Plans": [{"Node Type": "Bitmap Index Scan", "Parent Relationship": "Outer", "Index Name": "title_pkey", "Startup Cost": 0.0, "Total Cost": 0.97, "Plan Rows": 1, "Plan Width": 0, "Actual Startup Time": 45.73, "Actual Total Time": 45.73, "Actual Rows": 15849, "Actual Loops": 15849, "Index Cond": "(id = mi_idx.movie_id)"}]}]}, {"Node Type": "Bitmap Heap Scan", "Parent Relationship": "Inner", "Relation Name": "movie_info", "Alias": "mi", "Startup Cost": 0.58, "Total Cost": 4.65, "Plan Rows": 1, "Plan Width": 50, "Actual Startup Time": 174.663, "Actual Total Time": 174.828, "Actual Rows": 358, "Actual Loops": 6152, "Recheck Cond": "(movie_id = t.id)", "Rows Removed by Index Recheck": 0, "Filter": "((note IS NULL) AND ((info)::text = ANY ('{Horror,Thriller}'::text[])))", "Rows Removed by Filter": 109599, "Exact Heap Blocks": 52726, "Lossy Heap Blocks": 52726, "Plans": [{"Node Type": "Bitmap Index Scan", "Parent Relationship": "Outer", "Index Name": "movie_id_movie_info", "Startup Cost": 0.0, "Total Cost": 0.58, "Plan Rows": 5, "Plan Width": 0, "Actual Startup Time": 40.719, "Actual Total Time": 40.719, "Actual Rows": 109957, "Actual Loops": 6152, "Index Cond": "(movie_id = t.id)"}]}]}]}, {"Node Type": "Bitmap Heap Scan", "Parent Relationship": "Inner", "Relation Name": "cast_info", "Alias": "ci", "Startup Cost": 1.01, "Total Cost": 5.12, "Plan Rows": 1, "Plan Width": 8, "Actual Startup Time": 25.29, "Actual Total Time": 31.079, "Actual Rows": 268, "Actual Loops": 358, "Recheck Cond": "(movie_id = t.id)", "Rows Removed by Index Recheck": 0, "Filter": "((note)::text = ANY ('{(writer),\"(head writer)\",\"(written by)\",(story),\"(story editor)\"}'::text[]))", "Rows Removed by Filter": 12296, "Exact Heap Blocks": 11454, "Lossy Heap Blocks": 11454, "Plans": [{"Node Type": "Bitmap Index Scan", "Parent Relationship": "Outer", "Index Name": "movie_id_cast_info", "Startup Cost": 0.0, "Total Cost": 1.01, "Plan Rows": 6, "Plan Width": 0, "Actual Startup Time": 4.711, "Actual Total Time": 4.711, "Actual Rows": 12564, "Actual Loops": 358, "Index Cond": "(movie_id = t.id)"}]}]}, {"Node Type": "Bitmap Heap Scan", "Parent Relationship": "Inner", "Relation Name": "name", "Alias": "n", "Startup Cost": 0.31, "Total Cost": 4.32, "Plan Rows": 1, "Plan Width": 4, "Actual Startup Time": 2.292, "Actual Total Time": 2.292, "Actual Rows": 11, "Actual Loops": 268, "Recheck Cond": "(id = ci.person_id)", "Rows Removed by Index Recheck": 0, "Filter": "((gender IS NOT NULL) AND ((gender)::text = 'f'::text))", "Rows Removed by Filter": 257, "Exact Heap Blocks": 268, "Lossy Heap Blocks": 268, "Plans": [{"Node Type": "Bitmap Index Scan", "Parent Relationship": "Outer", "Index Name": "name_pkey", "Startup Cost": 0.0, "Total Cost": 0.31, "Plan Rows": 1, "Plan Width": 0, "Actual Startup Time": 1.403, "Actual Total Time": 1.403, "Actual Rows": 268, "Actual Loops": 268, "Index Cond": "(id = ci.person_id)"}]}]}]}, "Triggers": [], "Planner Runtime": 23.03, "Total Runtime": 649.145, "Unique SQL Id": 661781350}}, "(16, '120')": {"explain_plan": {"Plan": {"Node Type": "Aggregate", "Strategy": "Plain", "Startup Cost": 40721.77, "Total Cost": 40721.78, "Plan Rows": 1, "Plan Width": 160, "Plans": [{"Node Type": "Nested Loop", "Parent Relationship": "Outer", "Join Type": "Inner", "Startup Cost": 0.0, "Total Cost": 40720.13, "Plan Rows": 219, "Plan Width": 64, "Inner Unique": true, "Plans": [{"Node Type": "Nested Loop", "Parent Relationship": "Outer", "Join Type": "Inner", "Startup Cost": 0.0, "Total Cost": 40559.14, "Plan Rows": 321, "Plan Width": 68, "Inner Unique": false, "Plans": [{"Node Type": "Nested Loop", "Parent Relationship": "Outer", "Join Type": "Inner", "Startup Cost": 0.0, "Total Cost": 39874.11, "Plan Rows": 291, "Plan Width": 76, "Inner Unique": true, "Plans": [{"Node Type": "Nested Loop", "Parent Relationship": "Outer", "Join Type": "Inner", "Startup Cost": 0.0, "Total Cost": 39160.9, "Plan Rows": 250, "Plan Width": 55, "Inner Unique": false, "Join Filter": "(mi_idx.info_type_id = it2.id)", "Plans": [{"Node Type": "Seq Scan", "Parent Relationship": "Outer", "Relation Name": "info_type", "Alias": "it2", "Startup Cost": 0.0, "Total Cost": 2.4, "Plan Rows": 1, "Plan Width": 4, "Filter": "((info)::text = 'rating'::text)"}, {"Node Type": "Nested Loop", "Parent Relationship": "Inner", "Join Type": "Inner", "Startup Cost": 0.0, "Total Cost": 39146.01, "Plan Rows": 999, "Plan Width": 59, "Inner Unique": false, "Plans": [{"Node Type": "Nested Loop", "Parent Relationship": "Outer", "Join Type": "Inner", "Startup Cost": 0.0, "Total Cost": 38204.15, "Plan Rows": 971, "Plan Width": 46, "Inner Unique": false, "Join Filter": "(it1.id = mi.info_type_id)", "Plans": [{"Node Type": "Seq Scan", "Parent Relationship": "Outer", "Relation Name": "info_type", "Alias": "it1", "Startup Cost": 0.0, "Total Cost": 2.4, "Plan Rows": 1, "Plan Width": 4, "Filter": "((info)::text = 'genres'::text)"}, {"Node Type": "Materialize", "Parent Relationship": "Inner", "Startup Cost": 0.0, "Total Cost": 37522.04, "Plan Rows": 67971, "Plan Width": 50, "Plans": [{"Node Type": "Streaming(type: LOCAL GATHER dop: 1/16)", "Parent Relationship": "Outer", "Startup Cost": 0.0, "Total Cost": 37352.11, "Plan Rows": 67971, "Plan Width": 50, "Plans": [{"Node Type": "Seq Scan", "Parent Relationship": "Outer", "Relation Name": "movie_info", "Alias": "mi", "Startup Cost": 0.0, "Total Cost": 35885.16, "Plan Rows": 67971, "Plan Width": 50, "Filter": "((note IS NULL) AND ((info)::text = ANY ('{Horror,Thriller}'::text[])))"}]}]}]}, {"Node Type": "Index Scan", "Parent Relationship": "Inner", "Scan Direction": "Forward", "Index Name": "movie_id_movie_info_idx", "Relation Name": "movie_info_idx", "Alias": "mi_idx", "Startup Cost": 0.0, "Total Cost": 0.96, "Plan Rows": 1, "Plan Width": 13, "Index Cond": "(movie_id = mi.movie_id)", "Filter": "((info)::text > '8.0'::text)"}]}]}, {"Node Type": "Index Scan", "Parent Relationship": "Inner", "Scan Direction": "Forward", "Index Name": "title_pkey", "Relation Name": "title", "Alias": "t", "Startup Cost": 0.0, "Total Cost": 2.84, "Plan Rows": 1, "Plan Width": 21, "Index Cond": "(id = mi.movie_id)", "Filter": "((production_year >= 2008) AND (production_year <= 2014))"}]}, {"Node Type": "Index Scan", "Parent Relationship": "Inner", "Scan Direction": "Forward", "Index Name": "movie_id_cast_info", "Relation Name": "cast_info", "Alias": "ci", "Startup Cost": 0.0, "Total Cost": 2.34, "Plan Rows": 1, "Plan Width": 8, "Index Cond": "(movie_id = t.id)", "Filter": "((note)::text = ANY ('{(writer),\"(head writer)\",\"(written by)\",(story),\"(story editor)\"}'::text[]))"}]}, {"Node Type": "Index Scan", "Parent Relationship": "Inner", "Scan Direction": "Forward", "Index Name": "name_pkey", "Relation Name": "name", "Alias": "n", "Startup Cost": 0.0, "Total Cost": 0.49, "Plan Rows": 1, "Plan Width": 4, "Index Cond": "(id = ci.person_id)", "Filter": "((gender IS NOT NULL) AND ((gender)::text = 'f'::text))"}]}]}, "Unique SQL Id": 661781350, "Planner Runtime": 8}, "explain_analyze_plan": {"Plan": {"Node Type": "Aggregate", "Strategy": "Plain", "Startup Cost": 40721.77, "Total Cost": 40721.78, "Plan Rows": 1, "Plan Width": 160, "Actual Min Startup Time": 783.795, "Actual Max Startup Time": 783.795, "Actual Min Total Time": 783.796, "Actual Max Total Time": 783.796, "Plans": [{"Node Type": "Nested Loop", "Parent Relationship": "Outer", "Join Type": "Inner", "Startup Cost": 0.0, "Total Cost": 40720.13, "Plan Rows": 219, "Plan Width": 64, "Actual Min Startup Time": 421.789, "Actual Max Startup Time": 421.789, "Actual Min Total Time": 783.737, "Actual Max Total Time": 783.737, "Inner Unique": true, "Plans": [{"Node Type": "Nested Loop", "Parent Relationship": "Outer", "Join Type": "Inner", "Startup Cost": 0.0, "Total Cost": 40559.14, "Plan Rows": 321, "Plan Width": 68, "Actual Min Startup Time": 420.591, "Actual Max Startup Time": 420.591, "Actual Min Total Time": 781.702, "Actual Max Total Time": 781.702, "Inner Unique": false, "Plans": [{"Node Type": "Nested Loop", "Parent Relationship": "Outer", "Join Type": "Inner", "Startup Cost": 0.0, "Total Cost": 39874.11, "Plan Rows": 291, "Plan Width": 76, "Actual Min Startup Time": 418.68, "Actual Max Startup Time": 418.68, "Actual Min Total Time": 757.309, "Actual Max Total Time": 757.309, "Inner Unique": true, "Plans": [{"Node Type": "Nested Loop", "Parent Relationship": "Outer", "Join Type": "Inner", "Startup Cost": 0.0, "Total Cost": 39160.9, "Plan Rows": 250, "Plan Width": 55, "Actual Min Startup Time": 418.659, "Actual Max Startup Time": 418.659, "Actual Min Total Time": 752.537, "Actual Max Total Time": 752.537, "Inner Unique": false, "Join Filter": "(mi_idx.info_type_id = it2.id)", "Rows Removed by Join Filter": 3403, "Plans": [{"Node Type": "Seq Scan", "Parent Relationship": "Outer", "Relation Name": "info_type", "Alias": "it2", "Startup Cost": 0.0, "Total Cost": 2.4, "Plan Rows": 1, "Plan Width": 4, "Actual Min Startup Time": 0.077, "Actual Max Startup Time": 0.077, "Actual Min Total Time": 0.093, "Actual Max Total Time": 0.093, "Filter": "((info)::text = 'rating'::text)", "Rows Removed by Filter": 111, "Actual Rows": 1}, {"Node Type": "Nested Loop", "Parent Relationship": "Inner", "Join Type": "Inner", "Startup Cost": 0.0, "Total Cost": 39146.01, "Plan Rows": 999, "Plan Width": 59, "Actual Min Startup Time": 418.484, "Actual Max Startup Time": 418.484, "Actual Min Total Time": 750.31, "Actual Max Total Time": 750.31, "Inner Unique": false, "Plans": [{"Node Type": "Nested Loop", "Parent Relationship": "Outer", "Join Type": "Inner", "Startup Cost": 0.0, "Total Cost": 38204.15, "Plan Rows": 971, "Plan Width": 46, "Actual Min Startup Time": 418.401, "Actual Max Startup Time": 418.401, "Actual Min Total Time": 457.136, "Actual Max Total Time": 457.136, "Inner Unique": false, "Join Filter": "(it1.id = mi.info_type_id)", "Rows Removed by Join Filter": 789, "Plans": [{"Node Type": "Seq Scan", "Parent Relationship": "Outer", "Relation Name": "info_type", "Alias": "it1", "Startup Cost": 0.0, "Total Cost": 2.4, "Plan Rows": 1, "Plan Width": 4, "Actual Min Startup Time": 0.07, "Actual Max Startup Time": 0.07, "Actual Min Total Time": 0.105, "Actual Max Total Time": 0.105, "Filter": "((info)::text = 'genres'::text)", "Rows Removed by Filter": 111, "Actual Rows": 1}, {"Node Type": "Materialize", "Parent Relationship": "Inner", "Startup Cost": 0.0, "Total Cost": 37522.04, "Plan Rows": 67971, "Plan Width": 50, "Actual Min Startup Time": 418.259, "Actual Max Startup Time": 418.259, "Actual Min Total Time": 427.845, "Actual Max Total Time": 427.845, "Plans": [{"Node Type": "Streaming(type: LOCAL GATHER dop: 1/16)", "Parent Relationship": "Outer", "Startup Cost": 0.0, "Total Cost": 37352.11, "Plan Rows": 67971, "Plan Width": 50, "Actual Min Startup Time": 267.189, "Actual Max Startup Time": 267.189, "Actual Min Total Time": 406.953, "Actual Max Total Time": 406.953, "Plans": [{"Node Type": "Seq Scan", "Parent Relationship": "Outer", "Relation Name": "movie_info", "Alias": "mi", "Startup Cost": 0.0, "Total Cost": 35885.16, "Plan Rows": 67971, "Plan Width": 50, "Actual Min Startup Time": 236.199, "Actual Max Startup Time": 341.623, "Actual Min Total Time": 383.341, "Actual Max Total Time": 397.733, "Filter": "((note IS NULL) AND ((info)::text = ANY ('{Horror,Thriller}'::text[])))", "Rows Removed by Filter": 14762672, "Actual Rows": 73047}], "Actual Rows": 73047}], "Actual Rows": 73048}], "Actual Rows": 72258}, {"Node Type": "Index Scan", "Parent Relationship": "Inner", "Scan Direction": "Forward", "Index Name": "movie_id_movie_info_idx", "Relation Name": "movie_info_idx", "Alias": "mi_idx", "Startup Cost": 0.0, "Total Cost": 0.96, "Plan Rows": 1, "Plan Width": 13, "Actual Min Startup Time": 255.529, "Actual Max Startup Time": 255.529, "Actual Min Total Time": 258.944, "Actual Max Total Time": 258.944, "Index Cond": "(movie_id = mi.movie_id)", "Rows Removed by Index Recheck": 0, "Filter": "((info)::text > '8.0'::text)", "Rows Removed by Filter": 113143, "Actual Rows": 4135}], "Actual Rows": 4135}], "Actual Rows": 732}, {"Node Type": "Index Scan", "Parent Relationship": "Inner", "Scan Direction": "Forward", "Index Name": "title_pkey", "Relation Name": "title", "Alias": "t", "Startup Cost": 0.0, "Total Cost": 2.84, "Plan Rows": 1, "Plan Width": 21, "Actual Min Startup Time": 4.157, "Actual Max Startup Time": 4.157, "Actual Min Total Time": 4.157, "Actual Max Total Time": 4.157, "Index Cond": "(id = mi.movie_id)", "Rows Removed by Index Recheck": 0, "Filter": "((production_year >= 2008) AND (production_year <= 2014))", "Rows Removed by Filter": 374, "Actual Rows": 358}], "Actual Rows": 358}, {"Node Type": "Index Scan", "Parent Relationship": "Inner", "Scan Direction": "Forward", "Index Name": "movie_id_cast_info", "Relation Name": "cast_info", "Alias": "ci", "Startup Cost": 0.0, "Total Cost": 2.34, "Plan Rows": 1, "Plan Width": 8, "Actual Min Startup Time": 18.983, "Actual Max Startup Time": 18.983, "Actual Min Total Time": 24.063, "Actual Max Total Time": 24.063, "Index Cond": "(movie_id = t.id)", "Rows Removed by Index Recheck": 0, "Filter": "((note)::text = ANY ('{(writer),\"(head writer)\",\"(written by)\",(story),\"(story editor)\"}'::text[]))", "Rows Removed by Filter": 12296, "Actual Rows": 268}], "Actual Rows": 268}, {"Node Type": "Index Scan", "Parent Relationship": "Inner", "Scan Direction": "Forward", "Index Name": "name_pkey", "Relation Name": "name", "Alias": "n", "Startup Cost": 0.0, "Total Cost": 0.49, "Plan Rows": 1, "Plan Width": 4, "Actual Min Startup Time": 1.815, "Actual Max Startup Time": 1.815, "Actual Min Total Time": 1.815, "Actual Max Total Time": 1.815, "Index Cond": "(id = ci.person_id)", "Rows Removed by Index Recheck": 0, "Filter": "((gender IS NOT NULL) AND ((gender)::text = 'f'::text))", "Rows Removed by Filter": 257, "Actual Rows": 11}], "Actual Rows": 11}], "Actual Rows": 1}, "Triggers": [], "Planner Runtime": 16.483, "Total Runtime": 786.667, "Unique SQL Id": 661781350}}, "(16, '121')": {"explain_plan": {"Plan": {"Node Type": "Aggregate", "Strategy": "Plain", "Startup Cost": 100899.17, "Total Cost": 100899.18, "Plan Rows": 1, "Plan Width": 160, "Plans": [{"Node Type": "Nested Loop", "Parent Relationship": "Outer", "Join Type": "Inner", "Startup Cost": 0.0, "Total Cost": 100897.52, "Plan Rows": 219, "Plan Width": 64, "Inner Unique": true, "Plans": [{"Node Type": "Nested Loop", "Parent Relationship": "Outer", "Join Type": "Inner", "Startup Cost": 0.0, "Total Cost": 100736.53, "Plan Rows": 321, "Plan Width": 68, "Inner Unique": false, "Plans": [{"Node Type": "Nested Loop", "Parent Relationship": "Outer", "Join Type": "Inner", "Startup Cost": 0.0, "Total Cost": 100051.51, "Plan Rows": 291, "Plan Width": 76, "Inner Unique": false, "Join Filter": "(mi.info_type_id = it1.id)", "Plans": [{"Node Type": "Index Scan", "Parent Relationship": "Outer", "Scan Direction": "Forward", "Index Name": "info_type_pkey", "Relation Name": "info_type", "Alias": "it1", "Startup Cost": 0.0, "Total Cost": 14.21, "Plan Rows": 1, "Plan Width": 4, "Filter": "((info)::text = 'genres'::text)"}, {"Node Type": "Nested Loop", "Parent Relationship": "Inner", "Join Type": "Inner", "Startup Cost": 0.0, "Total Cost": 99865.39, "Plan Rows": 13753, "Plan Width": 80, "Inner Unique": false, "Plans": [{"Node Type": "Nested Loop", "Parent Relationship": "Outer", "Join Type": "Inner", "Startup Cost": 0.0, "Total Cost": 78493.26, "Plan Rows": 15041, "Plan Width": 30, "Inner Unique": true, "Plans": [{"Node Type": "Nested Loop", "Parent Relationship": "Outer", "Join Type": "Inner", "Startup Cost": 0.0, "Total Cost": 35880.0, "Plan Rows": 12936, "Plan Width": 9, "Inner Unique": false, "Plans": [{"Node Type": "Index Scan", "Parent Relationship": "Outer", "Scan Direction": "Forward", "Index Name": "info_type_pkey", "Relation Name": "info_type", "Alias": "it2", "Startup Cost": 0.0, "Total Cost": 14.21, "Plan Rows": 1, "Plan Width": 4, "Filter": "((info)::text = 'rating'::text)"}, {"Node Type": "Index Scan", "Parent Relationship": "Inner", "Scan Direction": "Forward", "Index Name": "info_type_id_movie_info_idx", "Relation Name": "movie_info_idx", "Alias": "mi_idx", "Startup Cost": 0.0, "Total Cost": 35736.43, "Plan Rows": 12936, "Plan Width": 13, "Index Cond": "(info_type_id = it2.id)", "Filter": "((info)::text > '8.0'::text)"}]}, {"Node Type": "Index Scan", "Parent Relationship": "Inner", "Scan Direction": "Forward", "Index Name": "title_pkey", "Relation Name": "title", "Alias": "t", "Startup Cost": 0.0, "Total Cost": 3.28, "Plan Rows": 1, "Plan Width": 21, "Index Cond": "(id = mi_idx.movie_id)", "Filter": "((production_year >= 2008) AND (production_year <= 2014))"}]}, {"Node Type": "Index Scan", "Parent Relationship": "Inner", "Scan Direction": "Forward", "Index Name": "movie_id_movie_info", "Relation Name": "movie_info", "Alias": "mi", "Startup Cost": 0.0, "Total Cost": 1.41, "Plan Rows": 1, "Plan Width": 50, "Index Cond": "(movie_id = t.id)", "Filter": "((note IS NULL) AND ((info)::text = ANY ('{Horror,Thriller}'::text[])))"}]}]}, {"Node Type": "Index Scan", "Parent Relationship": "Inner", "Scan Direction": "Forward", "Index Name": "movie_id_cast_info", "Relation Name": "cast_info", "Alias": "ci", "Startup Cost": 0.0, "Total Cost": 2.34, "Plan Rows": 1, "Plan Width": 8, "Index Cond": "(movie_id = t.id)", "Filter": "((note)::text = ANY ('{(writer),\"(head writer)\",\"(written by)\",(story),\"(story editor)\"}'::text[]))"}]}, {"Node Type": "Index Scan", "Parent Relationship": "Inner", "Scan Direction": "Forward", "Index Name": "name_pkey", "Relation Name": "name", "Alias": "n", "Startup Cost": 0.0, "Total Cost": 0.49, "Plan Rows": 1, "Plan Width": 4, "Index Cond": "(id = ci.person_id)", "Filter": "((gender IS NOT NULL) AND ((gender)::text = 'f'::text))"}]}]}, "Unique SQL Id": 661781350, "Planner Runtime": 7}, "explain_analyze_plan": {"Plan": {"Node Type": "Aggregate", "Strategy": "Plain", "Startup Cost": 100899.17, "Total Cost": 100899.18, "Plan Rows": 1, "Plan Width": 160, "Actual Startup Time": 569.524, "Actual Total Time": 569.525, "Actual Rows": 1, "Actual Loops": 1, "Plans": [{"Node Type": "Nested Loop", "Parent Relationship": "Outer", "Join Type": "Inner", "Startup Cost": 0.0, "Total Cost": 100897.52, "Plan Rows": 219, "Plan Width": 64, "Actual Startup Time": 291.946, "Actual Total Time": 569.461, "Actual Rows": 11, "Actual Loops": 1, "Inner Unique": true, "Plans": [{"Node Type": "Nested Loop", "Parent Relationship": "Outer", "Join Type": "Inner", "Startup Cost": 0.0, "Total Cost": 100736.53, "Plan Rows": 321, "Plan Width": 68, "Actual Startup Time": 77.048, "Actual Total Time": 567.305, "Actual Rows": 268, "Actual Loops": 1, "Inner Unique": false, "Plans": [{"Node Type": "Nested Loop", "Parent Relationship": "Outer", "Join Type": "Inner", "Startup Cost": 0.0, "Total Cost": 100051.51, "Plan Rows": 291, "Plan Width": 76, "Actual Startup Time": 9.457, "Actual Total Time": 542.484, "Actual Rows": 358, "Actual Loops": 1, "Inner Unique": false, "Join Filter": "(mi.info_type_id = it1.id)", "Rows Removed by Join Filter": 0, "Plans": [{"Node Type": "Index Scan", "Parent Relationship": "Outer", "Scan Direction": "Forward", "Index Name": "info_type_pkey", "Relation Name": "info_type", "Alias": "it1", "Startup Cost": 0.0, "Total Cost": 14.21, "Plan Rows": 1, "Plan Width": 4, "Actual Startup Time": 0.029, "Actual Total Time": 0.075, "Actual Rows": 1, "Actual Loops": 1, "Filter": "((info)::text = 'genres'::text)", "Rows Removed by Filter": 111}, {"Node Type": "Nested Loop", "Parent Relationship": "Inner", "Join Type": "Inner", "Startup Cost": 0.0, "Total Cost": 99865.39, "Plan Rows": 13753, "Plan Width": 80, "Actual Startup Time": 9.417, "Actual Total Time": 542.155, "Actual Rows": 358, "Actual Loops": 1, "Inner Unique": false, "Plans": [{"Node Type": "Nested Loop", "Parent Relationship": "Outer", "Join Type": "Inner", "Startup Cost": 0.0, "Total Cost": 78493.26, "Plan Rows": 15041, "Plan Width": 30, "Actual Startup Time": 1.744, "Actual Total Time": 403.01, "Actual Rows": 6152, "Actual Loops": 1, "Inner Unique": true, "Plans": [{"Node Type": "Nested Loop", "Parent Relationship": "Outer", "Join Type": "Inner", "Startup Cost": 0.0, "Total Cost": 35880.0, "Plan Rows": 12936, "Plan Width": 9, "Actual Startup Time": 0.089, "Actual Total Time": 324.044, "Actual Rows": 15849, "Actual Loops": 1, "Inner Unique": false, "Plans": [{"Node Type": "Index Scan", "Parent Relationship": "Outer", "Scan Direction": "Forward", "Index Name": "info_type_pkey", "Relation Name": "info_type", "Alias": "it2", "Startup Cost": 0.0, "Total Cost": 14.21, "Plan Rows": 1, "Plan Width": 4, "Actual Startup Time": 0.051, "Actual Total Time": 0.059, "Actual Rows": 1, "Actual Loops": 1, "Filter": "((info)::text = 'rating'::text)", "Rows Removed by Filter": 111}, {"Node Type": "Index Scan", "Parent Relationship": "Inner", "Scan Direction": "Forward", "Index Name": "info_type_id_movie_info_idx", "Relation Name": "movie_info_idx", "Alias": "mi_idx", "Startup Cost": 0.0, "Total Cost": 35736.43, "Plan Rows": 12936, "Plan Width": 13, "Actual Startup Time": 0.036, "Actual Total Time": 320.329, "Actual Rows": 15849, "Actual Loops": 1, "Index Cond": "(info_type_id = it2.id)", "Rows Removed by Index Recheck": 0, "Filter": "((info)::text > '8.0'::text)", "Rows Removed by Filter": 444076}]}, {"Node Type": "Index Scan", "Parent Relationship": "Inner", "Scan Direction": "Forward", "Index Name": "title_pkey", "Relation Name": "title", "Alias": "t", "Startup Cost": 0.0, "Total Cost": 3.28, "Plan Rows": 1, "Plan Width": 21, "Actual Startup Time": 68.799, "Actual Total Time": 68.799, "Actual Rows": 6152, "Actual Loops": 15849, "Index Cond": "(id = mi_idx.movie_id)", "Rows Removed by Index Recheck": 0, "Filter": "((production_year >= 2008) AND (production_year <= 2014))", "Rows Removed by Filter": 9697}]}, {"Node Type": "Index Scan", "Parent Relationship": "Inner", "Scan Direction": "Forward", "Index Name": "movie_id_movie_info", "Relation Name": "movie_info", "Alias": "mi", "Startup Cost": 0.0, "Total Cost": 1.41, "Plan Rows": 1, "Plan Width": 50, "Actual Startup Time": 135.391, "Actual Total Time": 135.689, "Actual Rows": 358, "Actual Loops": 6152, "Index Cond": "(movie_id = t.id)", "Rows Removed by Index Recheck": 0, "Filter": "((note IS NULL) AND ((info)::text = ANY ('{Horror,Thriller}'::text[])))", "Rows Removed by Filter": 109599}]}]}, {"Node Type": "Index Scan", "Parent Relationship": "Inner", "Scan Direction": "Forward", "Index Name": "movie_id_cast_info", "Relation Name": "cast_info", "Alias": "ci", "Startup Cost": 0.0, "Total Cost": 2.34, "Plan Rows": 1, "Plan Width": 8, "Actual Startup Time": 19.212, "Actual Total Time": 24.39, "Actual Rows": 268, "Actual Loops": 358, "Index Cond": "(movie_id = t.id)", "Rows Removed by Index Recheck": 0, "Filter": "((note)::text = ANY ('{(writer),\"(head writer)\",\"(written by)\",(story),\"(story editor)\"}'::text[]))", "Rows Removed by Filter": 12296}]}, {"Node Type": "Index Scan", "Parent Relationship": "Inner", "Scan Direction": "Forward", "Index Name": "name_pkey", "Relation Name": "name", "Alias": "n", "Startup Cost": 0.0, "Total Cost": 0.49, "Plan Rows": 1, "Plan Width": 4, "Actual Startup Time": 1.905, "Actual Total Time": 1.905, "Actual Rows": 11, "Actual Loops": 268, "Index Cond": "(id = ci.person_id)", "Rows Removed by Index Recheck": 0, "Filter": "((gender IS NOT NULL) AND ((gender)::text = 'f'::text))", "Rows Removed by Filter": 257}]}]}, "Triggers": [], "Planner Runtime": 18.121, "Total Runtime": 569.824, "Unique SQL Id": 661781350}}, "(16, '122')": {"explain_plan": {"Plan": {"Node Type": "Aggregate", "Strategy": "Plain", "Startup Cost": 332311.21, "Total Cost": 332311.24, "Plan Rows": 1, "Plan Width": 160, "Plans": [{"Node Type": "Streaming(type: LOCAL GATHER dop: 1/16)", "Parent Relationship": "Outer", "Startup Cost": 332311.21, "Total Cost": 332311.24, "Plan Rows": 1, "Plan Width": 160, "Plans": [{"Node Type": "Aggregate", "Strategy": "Plain", "Parent Relationship": "Outer", "Startup Cost": 332311.21, "Total Cost": 332311.22, "Plan Rows": 1, "Plan Width": 160, "Plans": [{"Node Type": "Nested Loop", "Parent Relationship": "Outer", "Join Type": "Inner", "Startup Cost": 88.19, "Total Cost": 332309.57, "Plan Rows": 219, "Plan Width": 64, "Inner Unique": false, "Join Filter": "(mi.movie_id = t.id)", "Plans": [{"Node Type": "Streaming(type: LOCAL REDISTRIBUTE dop: 16/16)", "Parent Relationship": "Outer", "Startup Cost": 88.19, "Total Cost": 37509.56, "Plan Rows": 782553, "Plan Width": 21, "Plans": [{"Node Type": "Seq Scan", "Parent Relationship": "Outer", "Relation Name": "title", "Alias": "t", "Startup Cost": 88.19, "Total Cost": 19544.42, "Plan Rows": 782553, "Plan Width": 21, "Filter": "((production_year >= 2008) AND (production_year <= 2014)), (LLVM Optimized)"}]}, {"Node Type": "Materialize", "Parent Relationship": "Inner", "Startup Cost": 0.0, "Total Cost": 286179.73, "Plan Rows": 188, "Plan Width": 59, "Plans": [{"Node Type": "Streaming(type: LOCAL REDISTRIBUTE dop: 16/16)", "Parent Relationship": "Outer", "Startup Cost": 0.0, "Total Cost": 286179.67, "Plan Rows": 188, "Plan Width": 59, "Plans": [{"Node Type": "Nested Loop", "Parent Relationship": "Outer", "Join Type": "Inner", "Startup Cost": 0.0, "Total Cost": 271178.95, "Plan Rows": 188, "Plan Width": 59, "Inner Unique": false, "Join Filter": "(ci.person_id = n.id)", "Plans": [{"Node Type": "Streaming(type: LOCAL REDISTRIBUTE dop: 16/16)", "Parent Relationship": "Outer", "Startup Cost": 0.0, "Total Cost": 38833.77, "Plan Rows": 624324, "Plan Width": 4, "Plans": [{"Node Type": "Seq Scan", "Parent Relationship": "Outer", "Relation Name": "name", "Alias": "n", "Startup Cost": 0.0, "Total Cost": 21468.16, "Plan Rows": 624324, "Plan Width": 4, "Filter": "((gender IS NOT NULL) AND ((gender)::text = 'f'::text)), (LLVM Optimized)"}]}, {"Node Type": "Materialize", "Parent Relationship": "Inner", "Startup Cost": 0.0, "Total Cost": 222248.74, "Plan Rows": 276, "Plan Width": 63, "Plans": [{"Node Type": "Streaming(type: LOCAL REDISTRIBUTE dop: 16/16)", "Parent Relationship": "Outer", "Startup Cost": 0.0, "Total Cost": 222248.65, "Plan Rows": 276, "Plan Width": 63, "Plans": [{"Node Type": "Nested Loop", "Parent Relationship": "Outer", "Join Type": "Inner", "Startup Cost": 0.0, "Total Cost": 207247.61, "Plan Rows": 276, "Plan Width": 63, "Inner Unique": false, "Join Filter": "(mi.movie_id = ci.movie_id)", "Plans": [{"Node Type": "Streaming(type: LOCAL REDISTRIBUTE dop: 16/16)", "Parent Relationship": "Outer", "Startup Cost": 0.0, "Total Cost": 86415.84, "Plan Rows": 1223154, "Plan Width": 8, "Plans": [{"Node Type": "Seq Scan", "Parent Relationship": "Outer", "Relation Name": "cast_info", "Alias": "ci", "Startup Cost": 0.0, "Total Cost": 66781.24, "Plan Rows": 1223154, "Plan Width": 8, "Filter": "((note)::text = ANY ('{(writer),\"(head writer)\",\"(written by)\",(story),\"(story editor)\"}'::text[]))"}]}, {"Node Type": "Materialize", "Parent Relationship": "Inner", "Startup Cost": 0.0, "Total Cost": 102914.51, "Plan Rows": 250, "Plan Width": 55, "Plans": [{"Node Type": "Streaming(type: LOCAL REDISTRIBUTE dop: 16/1)", "Parent Relationship": "Outer", "Startup Cost": 0.0, "Total Cost": 102914.43, "Plan Rows": 250, "Plan Width": 55, "Plans": [{"Node Type": "Nested Loop", "Parent Relationship": "Outer", "Join Type": "Inner", "Startup Cost": 0.0, "Total Cost": 87904.04, "Plan Rows": 250, "Plan Width": 55, "Inner Unique": false, "Join Filter": "(mi_idx.info_type_id = it2.id)", "Plans": [{"Node Type": "Seq Scan", "Parent Relationship": "Outer", "Relation Name": "info_type", "Alias": "it2", "Startup Cost": 0.0, "Total Cost": 2.4, "Plan Rows": 1, "Plan Width": 4, "Filter": "((info)::text = 'rating'::text)"}, {"Node Type": "Materialize", "Parent Relationship": "Inner", "Startup Cost": 0.0, "Total Cost": 87891.65, "Plan Rows": 999, "Plan Width": 59, "Plans": [{"Node Type": "Streaming(type: LOCAL GATHER dop: 1/16)", "Parent Relationship": "Outer", "Startup Cost": 0.0, "Total Cost": 87889.15, "Plan Rows": 999, "Plan Width": 59, "Plans": [{"Node Type": "Nested Loop", "Parent Relationship": "Outer", "Join Type": "Inner", "Startup Cost": 0.0, "Total Cost": 87867.59, "Plan Rows": 999, "Plan Width": 59, "Inner Unique": false, "Join Filter": "(mi.movie_id = mi_idx.movie_id)", "Plans": [{"Node Type": "Streaming(type: LOCAL REDISTRIBUTE dop: 16/16)", "Parent Relationship": "Outer", "Startup Cost": 0.0, "Total Cost": 31678.85, "Plan Rows": 51746, "Plan Width": 13, "Plans": [{"Node Type": "Seq Scan", "Parent Relationship": "Outer", "Relation Name": "movie_info_idx", "Alias": "mi_idx", "Startup Cost": 0.0, "Total Cost": 16482.78, "Plan Rows": 51746, "Plan Width": 13, "Filter": "((info)::text > '8.0'::text)"}]}, {"Node Type": "Materialize", "Parent Relationship": "Inner", "Startup Cost": 0.0, "Total Cost": 53244.83, "Plan Rows": 971, "Plan Width": 46, "Plans": [{"Node Type": "Streaming(type: LOCAL REDISTRIBUTE dop: 16/1)", "Parent Relationship": "Outer", "Startup Cost": 0.0, "Total Cost": 53244.53, "Plan Rows": 971, "Plan Width": 46, "Plans": [{"Node Type": "Nested Loop", "Parent Relationship": "Outer", "Join Type": "Inner", "Startup Cost": 0.0, "Total Cost": 38204.15, "Plan Rows": 971, "Plan Width": 46, "Inner Unique": false, "Join Filter": "(it1.id = mi.info_type_id)", "Plans": [{"Node Type": "Seq Scan", "Parent Relationship": "Outer", "Relation Name": "info_type", "Alias": "it1", "Startup Cost": 0.0, "Total Cost": 2.4, "Plan Rows": 1, "Plan Width": 4, "Filter": "((info)::text = 'genres'::text)"}, {"Node Type": "Materialize", "Parent Relationship": "Inner", "Startup Cost": 0.0, "Total Cost": 37522.04, "Plan Rows": 67971, "Plan Width": 50, "Plans": [{"Node Type": "Streaming(type: LOCAL GATHER dop: 1/16)", "Parent Relationship": "Outer", "Startup Cost": 0.0, "Total Cost": 37352.11, "Plan Rows": 67971, "Plan Width": 50, "Plans": [{"Node Type": "Seq Scan", "Parent Relationship": "Outer", "Relation Name": "movie_info", "Alias": "mi", "Startup Cost": 0.0, "Total Cost": 35885.16, "Plan Rows": 67971, "Plan Width": 50, "Filter": "((note IS NULL) AND ((info)::text = ANY ('{Horror,Thriller}'::text[])))"}]}]}]}]}]}]}]}]}]}]}]}]}]}]}]}]}]}]}]}]}]}, "Unique SQL Id": 661781350, "Planner Runtime": 13}, "explain_analyze_plan": null}, "(16, '123')": {"explain_plan": {"Plan": {"Node Type": "Aggregate", "Strategy": "Plain", "Startup Cost": 7000346357848.23, "Total Cost": 7000346357848.24, "Plan Rows": 1, "Plan Width": 160, "Plans": [{"Node Type": "Nested Loop", "Parent Relationship": "Outer", "Join Type": "Inner", "Startup Cost": 70000000000.0, "Total Cost": 7000346357846.58, "Plan Rows": 219, "Plan Width": 64, "Inner Unique": false, "Join Filter": "(mi.movie_id = t.id)", "Plans": [{"Node Type": "Index Scan", "Parent Relationship": "Outer", "Scan Direction": "Forward", "Index Name": "title_pkey", "Relation Name": "title", "Alias": "t", "Startup Cost": 10000000000.0, "Total Cost": 1000012276204.41, "Plan Rows": 782553, "Plan Width": 21, "Filter": "((production_year >= 2008) AND (production_year <= 2014)), (LLVM Optimized)"}, {"Node Type": "Materialize", "Parent Relationship": "Inner", "Startup Cost": 60000000000.0, "Total Cost": 6000331874843.18, "Plan Rows": 188, "Plan Width": 59, "Plans": [{"Node Type": "Nested Loop", "Parent Relationship": "Outer", "Join Type": "Inner", "Startup Cost": 60000000000.0, "Total Cost": 6000331874842.24, "Plan Rows": 188, "Plan Width": 59, "Inner Unique": true, "Join Filter": "(ci.person_id = n.id)", "Plans": [{"Node Type": "Nested Loop", "Parent Relationship": "Outer", "Join Type": "Inner", "Startup Cost": 50000000000.0, "Total Cost": 5000310623432.87, "Plan Rows": 276, "Plan Width": 63, "Inner Unique": false, "Join Filter": "(mi.movie_id = ci.movie_id)", "Plans": [{"Node Type": "Nested Loop", "Parent Relationship": "Outer", "Join Type": "Inner", "Startup Cost": 40000000000.0, "Total Cost": 4000112722530.52, "Plan Rows": 250, "Plan Width": 55, "Inner Unique": false, "Join Filter": "(mi.movie_id = mi_idx.movie_id)", "Plans": [{"Node Type": "Nested Loop", "Parent Relationship": "Outer", "Join Type": "Inner", "Startup Cost": 20000000000.0, "Total Cost": 2000107536844.28, "Plan Rows": 971, "Plan Width": 46, "Inner Unique": true, "Join Filter": "(it1.id = mi.info_type_id)", "Plans": [{"Node Type": "Index Scan", "Parent Relationship": "Outer", "Scan Direction": "Forward", "Index Name": "movie_id_movie_info", "Relation Name": "movie_info", "Alias": "mi", "Startup Cost": 10000000000.0, "Total Cost": 1000107534403.72, "Plan Rows": 67971, "Plan Width": 50, "Filter": "((note IS NULL) AND ((info)::text = ANY ('{Horror,Thriller}'::text[])))"}, {"Node Type": "Materialize", "Parent Relationship": "Inner", "Startup Cost": 10000000000.0, "Total Cost": 1000000001421.0, "Plan Rows": 1, "Plan Width": 4, "Plans": [{"Node Type": "Index Scan", "Parent Relationship": "Outer", "Scan Direction": "Forward", "Index Name": "info_type_pkey", "Relation Name": "info_type", "Alias": "it1", "Startup Cost": 10000000000.0, "Total Cost": 1000000001421.0, "Plan Rows": 1, "Plan Width": 4, "Filter": "((info)::text = 'genres'::text)"}]}]}, {"Node Type": "Materialize", "Parent Relationship": "Inner", "Startup Cost": 20000000000.0, "Total Cost": 2000004997305.74, "Plan Rows": 12936, "Plan Width": 9, "Plans": [{"Node Type": "Nested Loop", "Parent Relationship": "Outer", "Join Type": "Inner", "Startup Cost": 20000000000.0, "Total Cost": 2000004997241.06, "Plan Rows": 12936, "Plan Width": 9, "Inner Unique": true, "Join Filter": "(it2.id = mi_idx.info_type_id)", "Plans": [{"Node Type": "Index Scan", "Parent Relationship": "Outer", "Scan Direction": "Forward", "Index Name": "movie_id_movie_info_idx", "Relation Name": "movie_info_idx", "Alias": "mi_idx", "Startup Cost": 10000000000.0, "Total Cost": 1000004995043.87, "Plan Rows": 51746, "Plan Width": 13, "Filter": "((info)::text > '8.0'::text)"}, {"Node Type": "Materialize", "Parent Relationship": "Inner", "Startup Cost": 10000000000.0, "Total Cost": 1000000001421.0, "Plan Rows": 1, "Plan Width": 4, "Plans": [{"Node Type": "Index Scan", "Parent Relationship": "Outer", "Scan Direction": "Forward", "Index Name": "info_type_pkey", "Relation Name": "info_type", "Alias": "it2", "Startup Cost": 10000000000.0, "Total Cost": 1000000001421.0, "Plan Rows": 1, "Plan Width": 4, "Filter": "((info)::text = 'rating'::text)"}]}]}]}]}, {"Node Type": "Materialize", "Parent Relationship": "Inner", "Startup Cost": 10000000000.0, "Total Cost": 1000193317132.73, "Plan Rows": 1223154, "Plan Width": 8, "Plans": [{"Node Type": "Index Scan", "Parent Relationship": "Outer", "Scan Direction": "Forward", "Index Name": "person_id_cast_info", "Relation Name": "cast_info", "Alias": "ci", "Startup Cost": 10000000000.0, "Total Cost": 1000193311016.96, "Plan Rows": 1223154, "Plan Width": 8, "Filter": "((note)::text = ANY ('{(writer),\"(head writer)\",\"(written by)\",(story),\"(story editor)\"}'::text[]))"}]}]}, {"Node Type": "Materialize", "Parent Relationship": "Inner", "Startup Cost": 10000000000.0, "Total Cost": 1000018668268.82, "Plan Rows": 624324, "Plan Width": 4, "Plans": [{"Node Type": "Index Scan", "Parent Relationship": "Outer", "Scan Direction": "Forward", "Index Name": "name_pkey", "Relation Name": "name", "Alias": "n", "Startup Cost": 10000000000.0, "Total Cost": 1000018665147.2, "Plan Rows": 624324, "Plan Width": 4, "Filter": "((gender IS NOT NULL) AND ((gender)::text = 'f'::text)), (LLVM Optimized)"}]}]}]}]}]}, "Unique SQL Id": 661781350, "Planner Runtime": 7}, "explain_analyze_plan": null}, "(16, '124')": {"explain_plan": {"Plan": {"Node Type": "Aggregate", "Strategy": "Plain", "Startup Cost": 40721.77, "Total Cost": 40721.78, "Plan Rows": 1, "Plan Width": 160, "Plans": [{"Node Type": "Nested Loop", "Parent Relationship": "Outer", "Join Type": "Inner", "Startup Cost": 0.0, "Total Cost": 40720.13, "Plan Rows": 219, "Plan Width": 64, "Inner Unique": true, "Plans": [{"Node Type": "Nested Loop", "Parent Relationship": "Outer", "Join Type": "Inner", "Startup Cost": 0.0, "Total Cost": 40559.14, "Plan Rows": 321, "Plan Width": 68, "Inner Unique": false, "Plans": [{"Node Type": "Nested Loop", "Parent Relationship": "Outer", "Join Type": "Inner", "Startup Cost": 0.0, "Total Cost": 39874.11, "Plan Rows": 291, "Plan Width": 76, "Inner Unique": true, "Plans": [{"Node Type": "Nested Loop", "Parent Relationship": "Outer", "Join Type": "Inner", "Startup Cost": 0.0, "Total Cost": 39160.9, "Plan Rows": 250, "Plan Width": 55, "Inner Unique": false, "Join Filter": "(mi_idx.info_type_id = it2.id)", "Plans": [{"Node Type": "Seq Scan", "Parent Relationship": "Outer", "Relation Name": "info_type", "Alias": "it2", "Startup Cost": 0.0, "Total Cost": 2.4, "Plan Rows": 1, "Plan Width": 4, "Filter": "((info)::text = 'rating'::text)"}, {"Node Type": "Nested Loop", "Parent Relationship": "Inner", "Join Type": "Inner", "Startup Cost": 0.0, "Total Cost": 39146.01, "Plan Rows": 999, "Plan Width": 59, "Inner Unique": false, "Plans": [{"Node Type": "Nested Loop", "Parent Relationship": "Outer", "Join Type": "Inner", "Startup Cost": 0.0, "Total Cost": 38204.15, "Plan Rows": 971, "Plan Width": 46, "Inner Unique": false, "Join Filter": "(it1.id = mi.info_type_id)", "Plans": [{"Node Type": "Seq Scan", "Parent Relationship": "Outer", "Relation Name": "info_type", "Alias": "it1", "Startup Cost": 0.0, "Total Cost": 2.4, "Plan Rows": 1, "Plan Width": 4, "Filter": "((info)::text = 'genres'::text)"}, {"Node Type": "Materialize", "Parent Relationship": "Inner", "Startup Cost": 0.0, "Total Cost": 37522.04, "Plan Rows": 67971, "Plan Width": 50, "Plans": [{"Node Type": "Streaming(type: LOCAL GATHER dop: 1/16)", "Parent Relationship": "Outer", "Startup Cost": 0.0, "Total Cost": 37352.11, "Plan Rows": 67971, "Plan Width": 50, "Plans": [{"Node Type": "Seq Scan", "Parent Relationship": "Outer", "Relation Name": "movie_info", "Alias": "mi", "Startup Cost": 0.0, "Total Cost": 35885.16, "Plan Rows": 67971, "Plan Width": 50, "Filter": "((note IS NULL) AND ((info)::text = ANY ('{Horror,Thriller}'::text[])))"}]}]}]}, {"Node Type": "Index Scan", "Parent Relationship": "Inner", "Scan Direction": "Forward", "Index Name": "movie_id_movie_info_idx", "Relation Name": "movie_info_idx", "Alias": "mi_idx", "Startup Cost": 0.0, "Total Cost": 0.96, "Plan Rows": 1, "Plan Width": 13, "Index Cond": "(movie_id = mi.movie_id)", "Filter": "((info)::text > '8.0'::text)"}]}]}, {"Node Type": "Index Scan", "Parent Relationship": "Inner", "Scan Direction": "Forward", "Index Name": "title_pkey", "Relation Name": "title", "Alias": "t", "Startup Cost": 0.0, "Total Cost": 2.84, "Plan Rows": 1, "Plan Width": 21, "Index Cond": "(id = mi.movie_id)", "Filter": "((production_year >= 2008) AND (production_year <= 2014))"}]}, {"Node Type": "Index Scan", "Parent Relationship": "Inner", "Scan Direction": "Forward", "Index Name": "movie_id_cast_info", "Relation Name": "cast_info", "Alias": "ci", "Startup Cost": 0.0, "Total Cost": 2.34, "Plan Rows": 1, "Plan Width": 8, "Index Cond": "(movie_id = t.id)", "Filter": "((note)::text = ANY ('{(writer),\"(head writer)\",\"(written by)\",(story),\"(story editor)\"}'::text[]))"}]}, {"Node Type": "Index Scan", "Parent Relationship": "Inner", "Scan Direction": "Forward", "Index Name": "name_pkey", "Relation Name": "name", "Alias": "n", "Startup Cost": 0.0, "Total Cost": 0.49, "Plan Rows": 1, "Plan Width": 4, "Index Cond": "(id = ci.person_id)", "Filter": "((gender IS NOT NULL) AND ((gender)::text = 'f'::text))"}]}]}, "Unique SQL Id": 661781350, "Planner Runtime": 8}, "explain_analyze_plan": {"Plan": {"Node Type": "Aggregate", "Strategy": "Plain", "Startup Cost": 40721.77, "Total Cost": 40721.78, "Plan Rows": 1, "Plan Width": 160, "Actual Min Startup Time": 783.795, "Actual Max Startup Time": 783.795, "Actual Min Total Time": 783.796, "Actual Max Total Time": 783.796, "Plans": [{"Node Type": "Nested Loop", "Parent Relationship": "Outer", "Join Type": "Inner", "Startup Cost": 0.0, "Total Cost": 40720.13, "Plan Rows": 219, "Plan Width": 64, "Actual Min Startup Time": 421.789, "Actual Max Startup Time": 421.789, "Actual Min Total Time": 783.737, "Actual Max Total Time": 783.737, "Inner Unique": true, "Plans": [{"Node Type": "Nested Loop", "Parent Relationship": "Outer", "Join Type": "Inner", "Startup Cost": 0.0, "Total Cost": 40559.14, "Plan Rows": 321, "Plan Width": 68, "Actual Min Startup Time": 420.591, "Actual Max Startup Time": 420.591, "Actual Min Total Time": 781.702, "Actual Max Total Time": 781.702, "Inner Unique": false, "Plans": [{"Node Type": "Nested Loop", "Parent Relationship": "Outer", "Join Type": "Inner", "Startup Cost": 0.0, "Total Cost": 39874.11, "Plan Rows": 291, "Plan Width": 76, "Actual Min Startup Time": 418.68, "Actual Max Startup Time": 418.68, "Actual Min Total Time": 757.309, "Actual Max Total Time": 757.309, "Inner Unique": true, "Plans": [{"Node Type": "Nested Loop", "Parent Relationship": "Outer", "Join Type": "Inner", "Startup Cost": 0.0, "Total Cost": 39160.9, "Plan Rows": 250, "Plan Width": 55, "Actual Min Startup Time": 418.659, "Actual Max Startup Time": 418.659, "Actual Min Total Time": 752.537, "Actual Max Total Time": 752.537, "Inner Unique": false, "Join Filter": "(mi_idx.info_type_id = it2.id)", "Rows Removed by Join Filter": 3403, "Plans": [{"Node Type": "Seq Scan", "Parent Relationship": "Outer", "Relation Name": "info_type", "Alias": "it2", "Startup Cost": 0.0, "Total Cost": 2.4, "Plan Rows": 1, "Plan Width": 4, "Actual Min Startup Time": 0.077, "Actual Max Startup Time": 0.077, "Actual Min Total Time": 0.093, "Actual Max Total Time": 0.093, "Filter": "((info)::text = 'rating'::text)", "Rows Removed by Filter": 111, "Actual Rows": 1}, {"Node Type": "Nested Loop", "Parent Relationship": "Inner", "Join Type": "Inner", "Startup Cost": 0.0, "Total Cost": 39146.01, "Plan Rows": 999, "Plan Width": 59, "Actual Min Startup Time": 418.484, "Actual Max Startup Time": 418.484, "Actual Min Total Time": 750.31, "Actual Max Total Time": 750.31, "Inner Unique": false, "Plans": [{"Node Type": "Nested Loop", "Parent Relationship": "Outer", "Join Type": "Inner", "Startup Cost": 0.0, "Total Cost": 38204.15, "Plan Rows": 971, "Plan Width": 46, "Actual Min Startup Time": 418.401, "Actual Max Startup Time": 418.401, "Actual Min Total Time": 457.136, "Actual Max Total Time": 457.136, "Inner Unique": false, "Join Filter": "(it1.id = mi.info_type_id)", "Rows Removed by Join Filter": 789, "Plans": [{"Node Type": "Seq Scan", "Parent Relationship": "Outer", "Relation Name": "info_type", "Alias": "it1", "Startup Cost": 0.0, "Total Cost": 2.4, "Plan Rows": 1, "Plan Width": 4, "Actual Min Startup Time": 0.07, "Actual Max Startup Time": 0.07, "Actual Min Total Time": 0.105, "Actual Max Total Time": 0.105, "Filter": "((info)::text = 'genres'::text)", "Rows Removed by Filter": 111, "Actual Rows": 1}, {"Node Type": "Materialize", "Parent Relationship": "Inner", "Startup Cost": 0.0, "Total Cost": 37522.04, "Plan Rows": 67971, "Plan Width": 50, "Actual Min Startup Time": 418.259, "Actual Max Startup Time": 418.259, "Actual Min Total Time": 427.845, "Actual Max Total Time": 427.845, "Plans": [{"Node Type": "Streaming(type: LOCAL GATHER dop: 1/16)", "Parent Relationship": "Outer", "Startup Cost": 0.0, "Total Cost": 37352.11, "Plan Rows": 67971, "Plan Width": 50, "Actual Min Startup Time": 267.189, "Actual Max Startup Time": 267.189, "Actual Min Total Time": 406.953, "Actual Max Total Time": 406.953, "Plans": [{"Node Type": "Seq Scan", "Parent Relationship": "Outer", "Relation Name": "movie_info", "Alias": "mi", "Startup Cost": 0.0, "Total Cost": 35885.16, "Plan Rows": 67971, "Plan Width": 50, "Actual Min Startup Time": 236.199, "Actual Max Startup Time": 341.623, "Actual Min Total Time": 383.341, "Actual Max Total Time": 397.733, "Filter": "((note IS NULL) AND ((info)::text = ANY ('{Horror,Thriller}'::text[])))", "Rows Removed by Filter": 14762672, "Actual Rows": 73047}], "Actual Rows": 73047}], "Actual Rows": 73048}], "Actual Rows": 72258}, {"Node Type": "Index Scan", "Parent Relationship": "Inner", "Scan Direction": "Forward", "Index Name": "movie_id_movie_info_idx", "Relation Name": "movie_info_idx", "Alias": "mi_idx", "Startup Cost": 0.0, "Total Cost": 0.96, "Plan Rows": 1, "Plan Width": 13, "Actual Min Startup Time": 255.529, "Actual Max Startup Time": 255.529, "Actual Min Total Time": 258.944, "Actual Max Total Time": 258.944, "Index Cond": "(movie_id = mi.movie_id)", "Rows Removed by Index Recheck": 0, "Filter": "((info)::text > '8.0'::text)", "Rows Removed by Filter": 113143, "Actual Rows": 4135}], "Actual Rows": 4135}], "Actual Rows": 732}, {"Node Type": "Index Scan", "Parent Relationship": "Inner", "Scan Direction": "Forward", "Index Name": "title_pkey", "Relation Name": "title", "Alias": "t", "Startup Cost": 0.0, "Total Cost": 2.84, "Plan Rows": 1, "Plan Width": 21, "Actual Min Startup Time": 4.157, "Actual Max Startup Time": 4.157, "Actual Min Total Time": 4.157, "Actual Max Total Time": 4.157, "Index Cond": "(id = mi.movie_id)", "Rows Removed by Index Recheck": 0, "Filter": "((production_year >= 2008) AND (production_year <= 2014))", "Rows Removed by Filter": 374, "Actual Rows": 358}], "Actual Rows": 358}, {"Node Type": "Index Scan", "Parent Relationship": "Inner", "Scan Direction": "Forward", "Index Name": "movie_id_cast_info", "Relation Name": "cast_info", "Alias": "ci", "Startup Cost": 0.0, "Total Cost": 2.34, "Plan Rows": 1, "Plan Width": 8, "Actual Min Startup Time": 18.983, "Actual Max Startup Time": 18.983, "Actual Min Total Time": 24.063, "Actual Max Total Time": 24.063, "Index Cond": "(movie_id = t.id)", "Rows Removed by Index Recheck": 0, "Filter": "((note)::text = ANY ('{(writer),\"(head writer)\",\"(written by)\",(story),\"(story editor)\"}'::text[]))", "Rows Removed by Filter": 12296, "Actual Rows": 268}], "Actual Rows": 268}, {"Node Type": "Index Scan", "Parent Relationship": "Inner", "Scan Direction": "Forward", "Index Name": "name_pkey", "Relation Name": "name", "Alias": "n", "Startup Cost": 0.0, "Total Cost": 0.49, "Plan Rows": 1, "Plan Width": 4, "Actual Min Startup Time": 1.815, "Actual Max Startup Time": 1.815, "Actual Min Total Time": 1.815, "Actual Max Total Time": 1.815, "Index Cond": "(id = ci.person_id)", "Rows Removed by Index Recheck": 0, "Filter": "((gender IS NOT NULL) AND ((gender)::text = 'f'::text))", "Rows Removed by Filter": 257, "Actual Rows": 11}], "Actual Rows": 11}], "Actual Rows": 1}, "Triggers": [], "Planner Runtime": 16.483, "Total Runtime": 786.667, "Unique SQL Id": 661781350}}, "(16, '125')": {"explain_plan": {"Plan": {"Node Type": "Aggregate", "Strategy": "Plain", "Startup Cost": 100899.17, "Total Cost": 100899.18, "Plan Rows": 1, "Plan Width": 160, "Plans": [{"Node Type": "Nested Loop", "Parent Relationship": "Outer", "Join Type": "Inner", "Startup Cost": 0.0, "Total Cost": 100897.52, "Plan Rows": 219, "Plan Width": 64, "Inner Unique": true, "Plans": [{"Node Type": "Nested Loop", "Parent Relationship": "Outer", "Join Type": "Inner", "Startup Cost": 0.0, "Total Cost": 100736.53, "Plan Rows": 321, "Plan Width": 68, "Inner Unique": false, "Plans": [{"Node Type": "Nested Loop", "Parent Relationship": "Outer", "Join Type": "Inner", "Startup Cost": 0.0, "Total Cost": 100051.51, "Plan Rows": 291, "Plan Width": 76, "Inner Unique": false, "Join Filter": "(mi.info_type_id = it1.id)", "Plans": [{"Node Type": "Index Scan", "Parent Relationship": "Outer", "Scan Direction": "Forward", "Index Name": "info_type_pkey", "Relation Name": "info_type", "Alias": "it1", "Startup Cost": 0.0, "Total Cost": 14.21, "Plan Rows": 1, "Plan Width": 4, "Filter": "((info)::text = 'genres'::text)"}, {"Node Type": "Nested Loop", "Parent Relationship": "Inner", "Join Type": "Inner", "Startup Cost": 0.0, "Total Cost": 99865.39, "Plan Rows": 13753, "Plan Width": 80, "Inner Unique": false, "Plans": [{"Node Type": "Nested Loop", "Parent Relationship": "Outer", "Join Type": "Inner", "Startup Cost": 0.0, "Total Cost": 78493.26, "Plan Rows": 15041, "Plan Width": 30, "Inner Unique": true, "Plans": [{"Node Type": "Nested Loop", "Parent Relationship": "Outer", "Join Type": "Inner", "Startup Cost": 0.0, "Total Cost": 35880.0, "Plan Rows": 12936, "Plan Width": 9, "Inner Unique": false, "Plans": [{"Node Type": "Index Scan", "Parent Relationship": "Outer", "Scan Direction": "Forward", "Index Name": "info_type_pkey", "Relation Name": "info_type", "Alias": "it2", "Startup Cost": 0.0, "Total Cost": 14.21, "Plan Rows": 1, "Plan Width": 4, "Filter": "((info)::text = 'rating'::text)"}, {"Node Type": "Index Scan", "Parent Relationship": "Inner", "Scan Direction": "Forward", "Index Name": "info_type_id_movie_info_idx", "Relation Name": "movie_info_idx", "Alias": "mi_idx", "Startup Cost": 0.0, "Total Cost": 35736.43, "Plan Rows": 12936, "Plan Width": 13, "Index Cond": "(info_type_id = it2.id)", "Filter": "((info)::text > '8.0'::text)"}]}, {"Node Type": "Index Scan", "Parent Relationship": "Inner", "Scan Direction": "Forward", "Index Name": "title_pkey", "Relation Name": "title", "Alias": "t", "Startup Cost": 0.0, "Total Cost": 3.28, "Plan Rows": 1, "Plan Width": 21, "Index Cond": "(id = mi_idx.movie_id)", "Filter": "((production_year >= 2008) AND (production_year <= 2014))"}]}, {"Node Type": "Index Scan", "Parent Relationship": "Inner", "Scan Direction": "Forward", "Index Name": "movie_id_movie_info", "Relation Name": "movie_info", "Alias": "mi", "Startup Cost": 0.0, "Total Cost": 1.41, "Plan Rows": 1, "Plan Width": 50, "Index Cond": "(movie_id = t.id)", "Filter": "((note IS NULL) AND ((info)::text = ANY ('{Horror,Thriller}'::text[])))"}]}]}, {"Node Type": "Index Scan", "Parent Relationship": "Inner", "Scan Direction": "Forward", "Index Name": "movie_id_cast_info", "Relation Name": "cast_info", "Alias": "ci", "Startup Cost": 0.0, "Total Cost": 2.34, "Plan Rows": 1, "Plan Width": 8, "Index Cond": "(movie_id = t.id)", "Filter": "((note)::text = ANY ('{(writer),\"(head writer)\",\"(written by)\",(story),\"(story editor)\"}'::text[]))"}]}, {"Node Type": "Index Scan", "Parent Relationship": "Inner", "Scan Direction": "Forward", "Index Name": "name_pkey", "Relation Name": "name", "Alias": "n", "Startup Cost": 0.0, "Total Cost": 0.49, "Plan Rows": 1, "Plan Width": 4, "Index Cond": "(id = ci.person_id)", "Filter": "((gender IS NOT NULL) AND ((gender)::text = 'f'::text))"}]}]}, "Unique SQL Id": 661781350, "Planner Runtime": 7}, "explain_analyze_plan": {"Plan": {"Node Type": "Aggregate", "Strategy": "Plain", "Startup Cost": 100899.17, "Total Cost": 100899.18, "Plan Rows": 1, "Plan Width": 160, "Actual Startup Time": 569.524, "Actual Total Time": 569.525, "Actual Rows": 1, "Actual Loops": 1, "Plans": [{"Node Type": "Nested Loop", "Parent Relationship": "Outer", "Join Type": "Inner", "Startup Cost": 0.0, "Total Cost": 100897.52, "Plan Rows": 219, "Plan Width": 64, "Actual Startup Time": 291.946, "Actual Total Time": 569.461, "Actual Rows": 11, "Actual Loops": 1, "Inner Unique": true, "Plans": [{"Node Type": "Nested Loop", "Parent Relationship": "Outer", "Join Type": "Inner", "Startup Cost": 0.0, "Total Cost": 100736.53, "Plan Rows": 321, "Plan Width": 68, "Actual Startup Time": 77.048, "Actual Total Time": 567.305, "Actual Rows": 268, "Actual Loops": 1, "Inner Unique": false, "Plans": [{"Node Type": "Nested Loop", "Parent Relationship": "Outer", "Join Type": "Inner", "Startup Cost": 0.0, "Total Cost": 100051.51, "Plan Rows": 291, "Plan Width": 76, "Actual Startup Time": 9.457, "Actual Total Time": 542.484, "Actual Rows": 358, "Actual Loops": 1, "Inner Unique": false, "Join Filter": "(mi.info_type_id = it1.id)", "Rows Removed by Join Filter": 0, "Plans": [{"Node Type": "Index Scan", "Parent Relationship": "Outer", "Scan Direction": "Forward", "Index Name": "info_type_pkey", "Relation Name": "info_type", "Alias": "it1", "Startup Cost": 0.0, "Total Cost": 14.21, "Plan Rows": 1, "Plan Width": 4, "Actual Startup Time": 0.029, "Actual Total Time": 0.075, "Actual Rows": 1, "Actual Loops": 1, "Filter": "((info)::text = 'genres'::text)", "Rows Removed by Filter": 111}, {"Node Type": "Nested Loop", "Parent Relationship": "Inner", "Join Type": "Inner", "Startup Cost": 0.0, "Total Cost": 99865.39, "Plan Rows": 13753, "Plan Width": 80, "Actual Startup Time": 9.417, "Actual Total Time": 542.155, "Actual Rows": 358, "Actual Loops": 1, "Inner Unique": false, "Plans": [{"Node Type": "Nested Loop", "Parent Relationship": "Outer", "Join Type": "Inner", "Startup Cost": 0.0, "Total Cost": 78493.26, "Plan Rows": 15041, "Plan Width": 30, "Actual Startup Time": 1.744, "Actual Total Time": 403.01, "Actual Rows": 6152, "Actual Loops": 1, "Inner Unique": true, "Plans": [{"Node Type": "Nested Loop", "Parent Relationship": "Outer", "Join Type": "Inner", "Startup Cost": 0.0, "Total Cost": 35880.0, "Plan Rows": 12936, "Plan Width": 9, "Actual Startup Time": 0.089, "Actual Total Time": 324.044, "Actual Rows": 15849, "Actual Loops": 1, "Inner Unique": false, "Plans": [{"Node Type": "Index Scan", "Parent Relationship": "Outer", "Scan Direction": "Forward", "Index Name": "info_type_pkey", "Relation Name": "info_type", "Alias": "it2", "Startup Cost": 0.0, "Total Cost": 14.21, "Plan Rows": 1, "Plan Width": 4, "Actual Startup Time": 0.051, "Actual Total Time": 0.059, "Actual Rows": 1, "Actual Loops": 1, "Filter": "((info)::text = 'rating'::text)", "Rows Removed by Filter": 111}, {"Node Type": "Index Scan", "Parent Relationship": "Inner", "Scan Direction": "Forward", "Index Name": "info_type_id_movie_info_idx", "Relation Name": "movie_info_idx", "Alias": "mi_idx", "Startup Cost": 0.0, "Total Cost": 35736.43, "Plan Rows": 12936, "Plan Width": 13, "Actual Startup Time": 0.036, "Actual Total Time": 320.329, "Actual Rows": 15849, "Actual Loops": 1, "Index Cond": "(info_type_id = it2.id)", "Rows Removed by Index Recheck": 0, "Filter": "((info)::text > '8.0'::text)", "Rows Removed by Filter": 444076}]}, {"Node Type": "Index Scan", "Parent Relationship": "Inner", "Scan Direction": "Forward", "Index Name": "title_pkey", "Relation Name": "title", "Alias": "t", "Startup Cost": 0.0, "Total Cost": 3.28, "Plan Rows": 1, "Plan Width": 21, "Actual Startup Time": 68.799, "Actual Total Time": 68.799, "Actual Rows": 6152, "Actual Loops": 15849, "Index Cond": "(id = mi_idx.movie_id)", "Rows Removed by Index Recheck": 0, "Filter": "((production_year >= 2008) AND (production_year <= 2014))", "Rows Removed by Filter": 9697}]}, {"Node Type": "Index Scan", "Parent Relationship": "Inner", "Scan Direction": "Forward", "Index Name": "movie_id_movie_info", "Relation Name": "movie_info", "Alias": "mi", "Startup Cost": 0.0, "Total Cost": 1.41, "Plan Rows": 1, "Plan Width": 50, "Actual Startup Time": 135.391, "Actual Total Time": 135.689, "Actual Rows": 358, "Actual Loops": 6152, "Index Cond": "(movie_id = t.id)", "Rows Removed by Index Recheck": 0, "Filter": "((note IS NULL) AND ((info)::text = ANY ('{Horror,Thriller}'::text[])))", "Rows Removed by Filter": 109599}]}]}, {"Node Type": "Index Scan", "Parent Relationship": "Inner", "Scan Direction": "Forward", "Index Name": "movie_id_cast_info", "Relation Name": "cast_info", "Alias": "ci", "Startup Cost": 0.0, "Total Cost": 2.34, "Plan Rows": 1, "Plan Width": 8, "Actual Startup Time": 19.212, "Actual Total Time": 24.39, "Actual Rows": 268, "Actual Loops": 358, "Index Cond": "(movie_id = t.id)", "Rows Removed by Index Recheck": 0, "Filter": "((note)::text = ANY ('{(writer),\"(head writer)\",\"(written by)\",(story),\"(story editor)\"}'::text[]))", "Rows Removed by Filter": 12296}]}, {"Node Type": "Index Scan", "Parent Relationship": "Inner", "Scan Direction": "Forward", "Index Name": "name_pkey", "Relation Name": "name", "Alias": "n", "Startup Cost": 0.0, "Total Cost": 0.49, "Plan Rows": 1, "Plan Width": 4, "Actual Startup Time": 1.905, "Actual Total Time": 1.905, "Actual Rows": 11, "Actual Loops": 268, "Index Cond": "(id = ci.person_id)", "Rows Removed by Index Recheck": 0, "Filter": "((gender IS NOT NULL) AND ((gender)::text = 'f'::text))", "Rows Removed by Filter": 257}]}]}, "Triggers": [], "Planner Runtime": 18.121, "Total Runtime": 569.824, "Unique SQL Id": 661781350}}, "(16, '126')": {"explain_plan": {"Plan": {"Node Type": "Aggregate", "Strategy": "Plain", "Startup Cost": 332311.21, "Total Cost": 332311.24, "Plan Rows": 1, "Plan Width": 160, "Plans": [{"Node Type": "Streaming(type: LOCAL GATHER dop: 1/16)", "Parent Relationship": "Outer", "Startup Cost": 332311.21, "Total Cost": 332311.24, "Plan Rows": 1, "Plan Width": 160, "Plans": [{"Node Type": "Aggregate", "Strategy": "Plain", "Parent Relationship": "Outer", "Startup Cost": 332311.21, "Total Cost": 332311.22, "Plan Rows": 1, "Plan Width": 160, "Plans": [{"Node Type": "Nested Loop", "Parent Relationship": "Outer", "Join Type": "Inner", "Startup Cost": 88.19, "Total Cost": 332309.57, "Plan Rows": 219, "Plan Width": 64, "Inner Unique": false, "Join Filter": "(mi.movie_id = t.id)", "Plans": [{"Node Type": "Streaming(type: LOCAL REDISTRIBUTE dop: 16/16)", "Parent Relationship": "Outer", "Startup Cost": 88.19, "Total Cost": 37509.56, "Plan Rows": 782553, "Plan Width": 21, "Plans": [{"Node Type": "Seq Scan", "Parent Relationship": "Outer", "Relation Name": "title", "Alias": "t", "Startup Cost": 88.19, "Total Cost": 19544.42, "Plan Rows": 782553, "Plan Width": 21, "Filter": "((production_year >= 2008) AND (production_year <= 2014)), (LLVM Optimized)"}]}, {"Node Type": "Materialize", "Parent Relationship": "Inner", "Startup Cost": 0.0, "Total Cost": 286179.73, "Plan Rows": 188, "Plan Width": 59, "Plans": [{"Node Type": "Streaming(type: LOCAL REDISTRIBUTE dop: 16/16)", "Parent Relationship": "Outer", "Startup Cost": 0.0, "Total Cost": 286179.67, "Plan Rows": 188, "Plan Width": 59, "Plans": [{"Node Type": "Nested Loop", "Parent Relationship": "Outer", "Join Type": "Inner", "Startup Cost": 0.0, "Total Cost": 271178.95, "Plan Rows": 188, "Plan Width": 59, "Inner Unique": false, "Join Filter": "(ci.person_id = n.id)", "Plans": [{"Node Type": "Streaming(type: LOCAL REDISTRIBUTE dop: 16/16)", "Parent Relationship": "Outer", "Startup Cost": 0.0, "Total Cost": 38833.77, "Plan Rows": 624324, "Plan Width": 4, "Plans": [{"Node Type": "Seq Scan", "Parent Relationship": "Outer", "Relation Name": "name", "Alias": "n", "Startup Cost": 0.0, "Total Cost": 21468.16, "Plan Rows": 624324, "Plan Width": 4, "Filter": "((gender IS NOT NULL) AND ((gender)::text = 'f'::text)), (LLVM Optimized)"}]}, {"Node Type": "Materialize", "Parent Relationship": "Inner", "Startup Cost": 0.0, "Total Cost": 222248.74, "Plan Rows": 276, "Plan Width": 63, "Plans": [{"Node Type": "Streaming(type: LOCAL REDISTRIBUTE dop: 16/16)", "Parent Relationship": "Outer", "Startup Cost": 0.0, "Total Cost": 222248.65, "Plan Rows": 276, "Plan Width": 63, "Plans": [{"Node Type": "Nested Loop", "Parent Relationship": "Outer", "Join Type": "Inner", "Startup Cost": 0.0, "Total Cost": 207247.61, "Plan Rows": 276, "Plan Width": 63, "Inner Unique": false, "Join Filter": "(mi.movie_id = ci.movie_id)", "Plans": [{"Node Type": "Streaming(type: LOCAL REDISTRIBUTE dop: 16/16)", "Parent Relationship": "Outer", "Startup Cost": 0.0, "Total Cost": 86415.84, "Plan Rows": 1223154, "Plan Width": 8, "Plans": [{"Node Type": "Seq Scan", "Parent Relationship": "Outer", "Relation Name": "cast_info", "Alias": "ci", "Startup Cost": 0.0, "Total Cost": 66781.24, "Plan Rows": 1223154, "Plan Width": 8, "Filter": "((note)::text = ANY ('{(writer),\"(head writer)\",\"(written by)\",(story),\"(story editor)\"}'::text[]))"}]}, {"Node Type": "Materialize", "Parent Relationship": "Inner", "Startup Cost": 0.0, "Total Cost": 102914.51, "Plan Rows": 250, "Plan Width": 55, "Plans": [{"Node Type": "Streaming(type: LOCAL REDISTRIBUTE dop: 16/1)", "Parent Relationship": "Outer", "Startup Cost": 0.0, "Total Cost": 102914.43, "Plan Rows": 250, "Plan Width": 55, "Plans": [{"Node Type": "Nested Loop", "Parent Relationship": "Outer", "Join Type": "Inner", "Startup Cost": 0.0, "Total Cost": 87904.04, "Plan Rows": 250, "Plan Width": 55, "Inner Unique": false, "Join Filter": "(mi_idx.info_type_id = it2.id)", "Plans": [{"Node Type": "Seq Scan", "Parent Relationship": "Outer", "Relation Name": "info_type", "Alias": "it2", "Startup Cost": 0.0, "Total Cost": 2.4, "Plan Rows": 1, "Plan Width": 4, "Filter": "((info)::text = 'rating'::text)"}, {"Node Type": "Materialize", "Parent Relationship": "Inner", "Startup Cost": 0.0, "Total Cost": 87891.65, "Plan Rows": 999, "Plan Width": 59, "Plans": [{"Node Type": "Streaming(type: LOCAL GATHER dop: 1/16)", "Parent Relationship": "Outer", "Startup Cost": 0.0, "Total Cost": 87889.15, "Plan Rows": 999, "Plan Width": 59, "Plans": [{"Node Type": "Nested Loop", "Parent Relationship": "Outer", "Join Type": "Inner", "Startup Cost": 0.0, "Total Cost": 87867.59, "Plan Rows": 999, "Plan Width": 59, "Inner Unique": false, "Join Filter": "(mi.movie_id = mi_idx.movie_id)", "Plans": [{"Node Type": "Streaming(type: LOCAL REDISTRIBUTE dop: 16/16)", "Parent Relationship": "Outer", "Startup Cost": 0.0, "Total Cost": 31678.85, "Plan Rows": 51746, "Plan Width": 13, "Plans": [{"Node Type": "Seq Scan", "Parent Relationship": "Outer", "Relation Name": "movie_info_idx", "Alias": "mi_idx", "Startup Cost": 0.0, "Total Cost": 16482.78, "Plan Rows": 51746, "Plan Width": 13, "Filter": "((info)::text > '8.0'::text)"}]}, {"Node Type": "Materialize", "Parent Relationship": "Inner", "Startup Cost": 0.0, "Total Cost": 53244.83, "Plan Rows": 971, "Plan Width": 46, "Plans": [{"Node Type": "Streaming(type: LOCAL REDISTRIBUTE dop: 16/1)", "Parent Relationship": "Outer", "Startup Cost": 0.0, "Total Cost": 53244.53, "Plan Rows": 971, "Plan Width": 46, "Plans": [{"Node Type": "Nested Loop", "Parent Relationship": "Outer", "Join Type": "Inner", "Startup Cost": 0.0, "Total Cost": 38204.15, "Plan Rows": 971, "Plan Width": 46, "Inner Unique": false, "Join Filter": "(it1.id = mi.info_type_id)", "Plans": [{"Node Type": "Seq Scan", "Parent Relationship": "Outer", "Relation Name": "info_type", "Alias": "it1", "Startup Cost": 0.0, "Total Cost": 2.4, "Plan Rows": 1, "Plan Width": 4, "Filter": "((info)::text = 'genres'::text)"}, {"Node Type": "Materialize", "Parent Relationship": "Inner", "Startup Cost": 0.0, "Total Cost": 37522.04, "Plan Rows": 67971, "Plan Width": 50, "Plans": [{"Node Type": "Streaming(type: LOCAL GATHER dop: 1/16)", "Parent Relationship": "Outer", "Startup Cost": 0.0, "Total Cost": 37352.11, "Plan Rows": 67971, "Plan Width": 50, "Plans": [{"Node Type": "Seq Scan", "Parent Relationship": "Outer", "Relation Name": "movie_info", "Alias": "mi", "Startup Cost": 0.0, "Total Cost": 35885.16, "Plan Rows": 67971, "Plan Width": 50, "Filter": "((note IS NULL) AND ((info)::text = ANY ('{Horror,Thriller}'::text[])))"}]}]}]}]}]}]}]}]}]}]}]}]}]}]}]}]}]}]}]}]}]}, "Unique SQL Id": 661781350, "Planner Runtime": 13}, "explain_analyze_plan": null}, "(16, '127')": {"explain_plan": {"Plan": {"Node Type": "Aggregate", "Strategy": "Plain", "Startup Cost": 7000346357848.23, "Total Cost": 7000346357848.24, "Plan Rows": 1, "Plan Width": 160, "Plans": [{"Node Type": "Nested Loop", "Parent Relationship": "Outer", "Join Type": "Inner", "Startup Cost": 70000000000.0, "Total Cost": 7000346357846.58, "Plan Rows": 219, "Plan Width": 64, "Inner Unique": false, "Join Filter": "(mi.movie_id = t.id)", "Plans": [{"Node Type": "Index Scan", "Parent Relationship": "Outer", "Scan Direction": "Forward", "Index Name": "title_pkey", "Relation Name": "title", "Alias": "t", "Startup Cost": 10000000000.0, "Total Cost": 1000012276204.41, "Plan Rows": 782553, "Plan Width": 21, "Filter": "((production_year >= 2008) AND (production_year <= 2014)), (LLVM Optimized)"}, {"Node Type": "Materialize", "Parent Relationship": "Inner", "Startup Cost": 60000000000.0, "Total Cost": 6000331874843.18, "Plan Rows": 188, "Plan Width": 59, "Plans": [{"Node Type": "Nested Loop", "Parent Relationship": "Outer", "Join Type": "Inner", "Startup Cost": 60000000000.0, "Total Cost": 6000331874842.24, "Plan Rows": 188, "Plan Width": 59, "Inner Unique": true, "Join Filter": "(ci.person_id = n.id)", "Plans": [{"Node Type": "Nested Loop", "Parent Relationship": "Outer", "Join Type": "Inner", "Startup Cost": 50000000000.0, "Total Cost": 5000310623432.87, "Plan Rows": 276, "Plan Width": 63, "Inner Unique": false, "Join Filter": "(mi.movie_id = ci.movie_id)", "Plans": [{"Node Type": "Nested Loop", "Parent Relationship": "Outer", "Join Type": "Inner", "Startup Cost": 40000000000.0, "Total Cost": 4000112722530.52, "Plan Rows": 250, "Plan Width": 55, "Inner Unique": false, "Join Filter": "(mi.movie_id = mi_idx.movie_id)", "Plans": [{"Node Type": "Nested Loop", "Parent Relationship": "Outer", "Join Type": "Inner", "Startup Cost": 20000000000.0, "Total Cost": 2000107536844.28, "Plan Rows": 971, "Plan Width": 46, "Inner Unique": true, "Join Filter": "(it1.id = mi.info_type_id)", "Plans": [{"Node Type": "Index Scan", "Parent Relationship": "Outer", "Scan Direction": "Forward", "Index Name": "movie_id_movie_info", "Relation Name": "movie_info", "Alias": "mi", "Startup Cost": 10000000000.0, "Total Cost": 1000107534403.72, "Plan Rows": 67971, "Plan Width": 50, "Filter": "((note IS NULL) AND ((info)::text = ANY ('{Horror,Thriller}'::text[])))"}, {"Node Type": "Materialize", "Parent Relationship": "Inner", "Startup Cost": 10000000000.0, "Total Cost": 1000000001421.0, "Plan Rows": 1, "Plan Width": 4, "Plans": [{"Node Type": "Index Scan", "Parent Relationship": "Outer", "Scan Direction": "Forward", "Index Name": "info_type_pkey", "Relation Name": "info_type", "Alias": "it1", "Startup Cost": 10000000000.0, "Total Cost": 1000000001421.0, "Plan Rows": 1, "Plan Width": 4, "Filter": "((info)::text = 'genres'::text)"}]}]}, {"Node Type": "Materialize", "Parent Relationship": "Inner", "Startup Cost": 20000000000.0, "Total Cost": 2000004997305.74, "Plan Rows": 12936, "Plan Width": 9, "Plans": [{"Node Type": "Nested Loop", "Parent Relationship": "Outer", "Join Type": "Inner", "Startup Cost": 20000000000.0, "Total Cost": 2000004997241.06, "Plan Rows": 12936, "Plan Width": 9, "Inner Unique": true, "Join Filter": "(it2.id = mi_idx.info_type_id)", "Plans": [{"Node Type": "Index Scan", "Parent Relationship": "Outer", "Scan Direction": "Forward", "Index Name": "movie_id_movie_info_idx", "Relation Name": "movie_info_idx", "Alias": "mi_idx", "Startup Cost": 10000000000.0, "Total Cost": 1000004995043.87, "Plan Rows": 51746, "Plan Width": 13, "Filter": "((info)::text > '8.0'::text)"}, {"Node Type": "Materialize", "Parent Relationship": "Inner", "Startup Cost": 10000000000.0, "Total Cost": 1000000001421.0, "Plan Rows": 1, "Plan Width": 4, "Plans": [{"Node Type": "Index Scan", "Parent Relationship": "Outer", "Scan Direction": "Forward", "Index Name": "info_type_pkey", "Relation Name": "info_type", "Alias": "it2", "Startup Cost": 10000000000.0, "Total Cost": 1000000001421.0, "Plan Rows": 1, "Plan Width": 4, "Filter": "((info)::text = 'rating'::text)"}]}]}]}]}, {"Node Type": "Materialize", "Parent Relationship": "Inner", "Startup Cost": 10000000000.0, "Total Cost": 1000193317132.73, "Plan Rows": 1223154, "Plan Width": 8, "Plans": [{"Node Type": "Index Scan", "Parent Relationship": "Outer", "Scan Direction": "Forward", "Index Name": "person_id_cast_info", "Relation Name": "cast_info", "Alias": "ci", "Startup Cost": 10000000000.0, "Total Cost": 1000193311016.96, "Plan Rows": 1223154, "Plan Width": 8, "Filter": "((note)::text = ANY ('{(writer),\"(head writer)\",\"(written by)\",(story),\"(story editor)\"}'::text[]))"}]}]}, {"Node Type": "Materialize", "Parent Relationship": "Inner", "Startup Cost": 10000000000.0, "Total Cost": 1000018668268.82, "Plan Rows": 624324, "Plan Width": 4, "Plans": [{"Node Type": "Index Scan", "Parent Relationship": "Outer", "Scan Direction": "Forward", "Index Name": "name_pkey", "Relation Name": "name", "Alias": "n", "Startup Cost": 10000000000.0, "Total Cost": 1000018665147.2, "Plan Rows": 624324, "Plan Width": 4, "Filter": "((gender IS NOT NULL) AND ((gender)::text = 'f'::text)), (LLVM Optimized)"}]}]}]}]}]}, "Unique SQL Id": 661781350, "Planner Runtime": 7}, "explain_analyze_plan": null}, "(64, '0')": {"explain_plan": {"Plan": {"Node Type": "Aggregate", "Strategy": "Plain", "Startup Cost": 72993.18, "Total Cost": 72993.19, "Plan Rows": 1, "Plan Width": 160, "Plans": [{"Node Type": "Nested Loop", "Parent Relationship": "Outer", "Join Type": "Inner", "Startup Cost": 0.0, "Total Cost": 72991.54, "Plan Rows": 219, "Plan Width": 64, "Inner Unique": true, "Plans": [{"Node Type": "Nested Loop", "Parent Relationship": "Outer", "Join Type": "Inner", "Startup Cost": 0.0, "Total Cost": 72830.55, "Plan Rows": 321, "Plan Width": 68, "Inner Unique": false, "Plans": [{"Node Type": "Nested Loop", "Parent Relationship": "Outer", "Join Type": "Inner", "Startup Cost": 0.0, "Total Cost": 72145.52, "Plan Rows": 291, "Plan Width": 76, "Inner Unique": true, "Plans": [{"Node Type": "Nested Loop", "Parent Relationship": "Outer", "Join Type": "Inner", "Startup Cost": 0.0, "Total Cost": 71432.31, "Plan Rows": 250, "Plan Width": 55, "Inner Unique": false, "Join Filter": "(mi_idx.info_type_id = it2.id)", "Plans": [{"Node Type": "Seq Scan", "Parent Relationship": "Outer", "Relation Name": "info_type", "Alias": "it2", "Startup Cost": 0.0, "Total Cost": 2.4, "Plan Rows": 1, "Plan Width": 4, "Filter": "((info)::text = 'rating'::text)"}, {"Node Type": "Nested Loop", "Parent Relationship": "Inner", "Join Type": "Inner", "Startup Cost": 0.0, "Total Cost": 71417.42, "Plan Rows": 999, "Plan Width": 59, "Inner Unique": false, "Plans": [{"Node Type": "Nested Loop", "Parent Relationship": "Outer", "Join Type": "Inner", "Startup Cost": 0.0, "Total Cost": 70475.56, "Plan Rows": 971, "Plan Width": 46, "Inner Unique": false, "Join Filter": "(it1.id = mi.info_type_id)", "Plans": [{"Node Type": "Seq Scan", "Parent Relationship": "Outer", "Relation Name": "info_type", "Alias": "it1", "Startup Cost": 0.0, "Total Cost": 2.4, "Plan Rows": 1, "Plan Width": 4, "Filter": "((info)::text = 'genres'::text)"}, {"Node Type": "Materialize", "Parent Relationship": "Inner", "Startup Cost": 0.0, "Total Cost": 69793.45, "Plan Rows": 67971, "Plan Width": 50, "Plans": [{"Node Type": "Streaming(type: LOCAL GATHER dop: 1/64)", "Parent Relationship": "Outer", "Startup Cost": 0.0, "Total Cost": 69623.52, "Plan Rows": 67971, "Plan Width": 50, "Plans": [{"Node Type": "Seq Scan", "Parent Relationship": "Outer", "Relation Name": "movie_info", "Alias": "mi", "Startup Cost": 0.0, "Total Cost": 68221.29, "Plan Rows": 67971, "Plan Width": 50, "Filter": "((note IS NULL) AND ((info)::text = ANY ('{Horror,Thriller}'::text[])))"}]}]}]}, {"Node Type": "Index Scan", "Parent Relationship": "Inner", "Scan Direction": "Forward", "Index Name": "movie_id_movie_info_idx", "Relation Name": "movie_info_idx", "Alias": "mi_idx", "Startup Cost": 0.0, "Total Cost": 0.96, "Plan Rows": 1, "Plan Width": 13, "Index Cond": "(movie_id = mi.movie_id)", "Filter": "((info)::text > '8.0'::text)"}]}]}, {"Node Type": "Index Scan", "Parent Relationship": "Inner", "Scan Direction": "Forward", "Index Name": "title_pkey", "Relation Name": "title", "Alias": "t", "Startup Cost": 0.0, "Total Cost": 2.84, "Plan Rows": 1, "Plan Width": 21, "Index Cond": "(id = mi.movie_id)", "Filter": "((production_year >= 2008) AND (production_year <= 2014))"}]}, {"Node Type": "Index Scan", "Parent Relationship": "Inner", "Scan Direction": "Forward", "Index Name": "movie_id_cast_info", "Relation Name": "cast_info", "Alias": "ci", "Startup Cost": 0.0, "Total Cost": 2.34, "Plan Rows": 1, "Plan Width": 8, "Index Cond": "(movie_id = t.id)", "Filter": "((note)::text = ANY ('{(writer),\"(head writer)\",\"(written by)\",(story),\"(story editor)\"}'::text[]))"}]}, {"Node Type": "Index Scan", "Parent Relationship": "Inner", "Scan Direction": "Forward", "Index Name": "name_pkey", "Relation Name": "name", "Alias": "n", "Startup Cost": 0.0, "Total Cost": 0.49, "Plan Rows": 1, "Plan Width": 4, "Index Cond": "(id = ci.person_id)", "Filter": "((gender IS NOT NULL) AND ((gender)::text = 'f'::text))"}]}]}, "Unique SQL Id": 661781350, "Planner Runtime": 48}, "explain_analyze_plan": {"Plan": {"Node Type": "Aggregate", "Strategy": "Plain", "Startup Cost": 72993.18, "Total Cost": 72993.19, "Plan Rows": 1, "Plan Width": 160, "Actual Min Startup Time": 744.744, "Actual Max Startup Time": 744.744, "Actual Min Total Time": 744.745, "Actual Max Total Time": 744.745, "Plans": [{"Node Type": "Nested Loop", "Parent Relationship": "Outer", "Join Type": "Inner", "Startup Cost": 0.0, "Total Cost": 72991.54, "Plan Rows": 219, "Plan Width": 64, "Actual Min Startup Time": 360.554, "Actual Max Startup Time": 360.554, "Actual Min Total Time": 744.685, "Actual Max Total Time": 744.685, "Inner Unique": true, "Plans": [{"Node Type": "Nested Loop", "Parent Relationship": "Outer", "Join Type": "Inner", "Startup Cost": 0.0, "Total Cost": 72830.55, "Plan Rows": 321, "Plan Width": 68, "Actual Min Startup Time": 349.305, "Actual Max Startup Time": 349.305, "Actual Min Total Time": 742.187, "Actual Max Total Time": 742.187, "Inner Unique": false, "Plans": [{"Node Type": "Nested Loop", "Parent Relationship": "Outer", "Join Type": "Inner", "Startup Cost": 0.0, "Total Cost": 72145.52, "Plan Rows": 291, "Plan Width": 76, "Actual Min Startup Time": 347.86, "Actual Max Startup Time": 347.86, "Actual Min Total Time": 710.007, "Actual Max Total Time": 710.007, "Inner Unique": true, "Plans": [{"Node Type": "Nested Loop", "Parent Relationship": "Outer", "Join Type": "Inner", "Startup Cost": 0.0, "Total Cost": 71432.31, "Plan Rows": 250, "Plan Width": 55, "Actual Min Startup Time": 347.833, "Actual Max Startup Time": 347.833, "Actual Min Total Time": 704.112, "Actual Max Total Time": 704.112, "Inner Unique": false, "Join Filter": "(mi_idx.info_type_id = it2.id)", "Rows Removed by Join Filter": 3403, "Plans": [{"Node Type": "Seq Scan", "Parent Relationship": "Outer", "Relation Name": "info_type", "Alias": "it2", "Startup Cost": 0.0, "Total Cost": 2.4, "Plan Rows": 1, "Plan Width": 4, "Actual Min Startup Time": 0.096, "Actual Max Startup Time": 0.096, "Actual Min Total Time": 0.108, "Actual Max Total Time": 0.108, "Filter": "((info)::text = 'rating'::text)", "Rows Removed by Filter": 111, "Actual Rows": 1}, {"Node Type": "Nested Loop", "Parent Relationship": "Inner", "Join Type": "Inner", "Startup Cost": 0.0, "Total Cost": 71417.42, "Plan Rows": 999, "Plan Width": 59, "Actual Min Startup Time": 347.719, "Actual Max Startup Time": 347.719, "Actual Min Total Time": 701.609, "Actual Max Total Time": 701.609, "Inner Unique": false, "Plans": [{"Node Type": "Nested Loop", "Parent Relationship": "Outer", "Join Type": "Inner", "Startup Cost": 0.0, "Total Cost": 70475.56, "Plan Rows": 971, "Plan Width": 46, "Actual Min Startup Time": 347.616, "Actual Max Startup Time": 347.616, "Actual Min Total Time": 386.749, "Actual Max Total Time": 386.749, "Inner Unique": false, "Join Filter": "(it1.id = mi.info_type_id)", "Rows Removed by Join Filter": 789, "Plans": [{"Node Type": "Seq Scan", "Parent Relationship": "Outer", "Relation Name": "info_type", "Alias": "it1", "Startup Cost": 0.0, "Total Cost": 2.4, "Plan Rows": 1, "Plan Width": 4, "Actual Min Startup Time": 0.046, "Actual Max Startup Time": 0.046, "Actual Min Total Time": 0.079, "Actual Max Total Time": 0.079, "Filter": "((info)::text = 'genres'::text)", "Rows Removed by Filter": 111, "Actual Rows": 1}, {"Node Type": "Materialize", "Parent Relationship": "Inner", "Startup Cost": 0.0, "Total Cost": 69793.45, "Plan Rows": 67971, "Plan Width": 50, "Actual Min Startup Time": 347.531, "Actual Max Startup Time": 347.531, "Actual Min Total Time": 357.593, "Actual Max Total Time": 357.593, "Plans": [{"Node Type": "Streaming(type: LOCAL GATHER dop: 1/64)", "Parent Relationship": "Outer", "Startup Cost": 0.0, "Total Cost": 69623.52, "Plan Rows": 67971, "Plan Width": 50, "Actual Min Startup Time": 182.821, "Actual Max Startup Time": 182.821, "Actual Min Total Time": 336.355, "Actual Max Total Time": 336.355, "Plans": [{"Node Type": "Seq Scan", "Parent Relationship": "Outer", "Relation Name": "movie_info", "Alias": "mi", "Startup Cost": 0.0, "Total Cost": 68221.29, "Plan Rows": 67971, "Plan Width": 50, "Actual Min Startup Time": 53.746, "Actual Max Startup Time": 120.053, "Actual Min Total Time": 96.673, "Actual Max Total Time": 129.021, "Filter": "((note IS NULL) AND ((info)::text = ANY ('{Horror,Thriller}'::text[])))", "Rows Removed by Filter": 14762672, "Actual Rows": 73047}], "Actual Rows": 73047}], "Actual Rows": 73048}], "Actual Rows": 72258}, {"Node Type": "Index Scan", "Parent Relationship": "Inner", "Scan Direction": "Forward", "Index Name": "movie_id_movie_info_idx", "Relation Name": "movie_info_idx", "Alias": "mi_idx", "Startup Cost": 0.0, "Total Cost": 0.96, "Plan Rows": 1, "Plan Width": 13, "Actual Min Startup Time": 276.39, "Actual Max Startup Time": 276.39, "Actual Min Total Time": 279.918, "Actual Max Total Time": 279.918, "Index Cond": "(movie_id = mi.movie_id)", "Rows Removed by Index Recheck": 0, "Filter": "((info)::text > '8.0'::text)", "Rows Removed by Filter": 113143, "Actual Rows": 4135}], "Actual Rows": 4135}], "Actual Rows": 732}, {"Node Type": "Index Scan", "Parent Relationship": "Inner", "Scan Direction": "Forward", "Index Name": "title_pkey", "Relation Name": "title", "Alias": "t", "Startup Cost": 0.0, "Total Cost": 2.84, "Plan Rows": 1, "Plan Width": 21, "Actual Min Startup Time": 5.3, "Actual Max Startup Time": 5.3, "Actual Min Total Time": 5.3, "Actual Max Total Time": 5.3, "Index Cond": "(id = mi.movie_id)", "Rows Removed by Index Recheck": 0, "Filter": "((production_year >= 2008) AND (production_year <= 2014))", "Rows Removed by Filter": 374, "Actual Rows": 358}], "Actual Rows": 358}, {"Node Type": "Index Scan", "Parent Relationship": "Inner", "Scan Direction": "Forward", "Index Name": "movie_id_cast_info", "Relation Name": "cast_info", "Alias": "ci", "Startup Cost": 0.0, "Total Cost": 2.34, "Plan Rows": 1, "Plan Width": 8, "Actual Min Startup Time": 25.141, "Actual Max Startup Time": 25.141, "Actual Min Total Time": 31.897, "Actual Max Total Time": 31.897, "Index Cond": "(movie_id = t.id)", "Rows Removed by Index Recheck": 0, "Filter": "((note)::text = ANY ('{(writer),\"(head writer)\",\"(written by)\",(story),\"(story editor)\"}'::text[]))", "Rows Removed by Filter": 12296, "Actual Rows": 268}], "Actual Rows": 268}, {"Node Type": "Index Scan", "Parent Relationship": "Inner", "Scan Direction": "Forward", "Index Name": "name_pkey", "Relation Name": "name", "Alias": "n", "Startup Cost": 0.0, "Total Cost": 0.49, "Plan Rows": 1, "Plan Width": 4, "Actual Min Startup Time": 2.298, "Actual Max Startup Time": 2.298, "Actual Min Total Time": 2.298, "Actual Max Total Time": 2.298, "Index Cond": "(id = ci.person_id)", "Rows Removed by Index Recheck": 0, "Filter": "((gender IS NOT NULL) AND ((gender)::text = 'f'::text))", "Rows Removed by Filter": 257, "Actual Rows": 11}], "Actual Rows": 11}], "Actual Rows": 1}, "Triggers": [], "Planner Runtime": 47.81, "Total Runtime": 757.105, "Unique SQL Id": 661781350}}, "(64, '1')": {"explain_plan": {"Plan": {"Node Type": "Aggregate", "Strategy": "Plain", "Startup Cost": 84230.9, "Total Cost": 84230.91, "Plan Rows": 1, "Plan Width": 160, "Plans": [{"Node Type": "Nested Loop", "Parent Relationship": "Outer", "Join Type": "Inner", "Startup Cost": 7419.04, "Total Cost": 84229.26, "Plan Rows": 219, "Plan Width": 64, "Inner Unique": true, "Plans": [{"Node Type": "Nested Loop", "Parent Relationship": "Outer", "Join Type": "Inner", "Startup Cost": 7419.04, "Total Cost": 84068.27, "Plan Rows": 321, "Plan Width": 68, "Inner Unique": false, "Plans": [{"Node Type": "Nested Loop", "Parent Relationship": "Outer", "Join Type": "Inner", "Startup Cost": 7419.04, "Total Cost": 83383.24, "Plan Rows": 291, "Plan Width": 76, "Inner Unique": false, "Join Filter": "(mi.info_type_id = it1.id)", "Plans": [{"Node Type": "Index Scan", "Parent Relationship": "Outer", "Scan Direction": "Forward", "Index Name": "info_type_pkey", "Relation Name": "info_type", "Alias": "it1", "Startup Cost": 0.0, "Total Cost": 14.21, "Plan Rows": 1, "Plan Width": 4, "Filter": "((info)::text = 'genres'::text)"}, {"Node Type": "Nested Loop", "Parent Relationship": "Inner", "Join Type": "Inner", "Startup Cost": 7419.04, "Total Cost": 83197.12, "Plan Rows": 13753, "Plan Width": 80, "Inner Unique": false, "Plans": [{"Node Type": "Nested Loop", "Parent Relationship": "Outer", "Join Type": "Inner", "Startup Cost": 7419.04, "Total Cost": 61824.99, "Plan Rows": 15041, "Plan Width": 30, "Inner Unique": true, "Plans": [{"Node Type": "Nested Loop", "Parent Relationship": "Outer", "Join Type": "Inner", "Startup Cost": 7419.04, "Total Cost": 19211.73, "Plan Rows": 12936, "Plan Width": 9, "Inner Unique": false, "Plans": [{"Node Type": "Index Scan", "Parent Relationship": "Outer", "Scan Direction": "Forward", "Index Name": "info_type_pkey", "Relation Name": "info_type", "Alias": "it2", "Startup Cost": 0.0, "Total Cost": 14.21, "Plan Rows": 1, "Plan Width": 4, "Filter": "((info)::text = 'rating'::text)"}, {"Node Type": "Bitmap Heap Scan", "Parent Relationship": "Inner", "Relation Name": "movie_info_idx", "Alias": "mi_idx", "Startup Cost": 7419.04, "Total Cost": 19068.16, "Plan Rows": 12936, "Plan Width": 13, "Recheck Cond": "(info_type_id = it2.id)", "Filter": "((info)::text > '8.0'::text)", "Plans": [{"Node Type": "Bitmap Index Scan", "Parent Relationship": "Outer", "Index Name": "info_type_id_movie_info_idx", "Startup Cost": 0.0, "Total Cost": 7415.81, "Plan Rows": 345008, "Plan Width": 0, "Index Cond": "(info_type_id = it2.id)"}]}]}, {"Node Type": "Index Scan", "Parent Relationship": "Inner", "Scan Direction": "Forward", "Index Name": "title_pkey", "Relation Name": "title", "Alias": "t", "Startup Cost": 0.0, "Total Cost": 3.28, "Plan Rows": 1, "Plan Width": 21, "Index Cond": "(id = mi_idx.movie_id)", "Filter": "((production_year >= 2008) AND (production_year <= 2014))"}]}, {"Node Type": "Index Scan", "Parent Relationship": "Inner", "Scan Direction": "Forward", "Index Name": "movie_id_movie_info", "Relation Name": "movie_info", "Alias": "mi", "Startup Cost": 0.0, "Total Cost": 1.41, "Plan Rows": 1, "Plan Width": 50, "Index Cond": "(movie_id = t.id)", "Filter": "((note IS NULL) AND ((info)::text = ANY ('{Horror,Thriller}'::text[])))"}]}]}, {"Node Type": "Index Scan", "Parent Relationship": "Inner", "Scan Direction": "Forward", "Index Name": "movie_id_cast_info", "Relation Name": "cast_info", "Alias": "ci", "Startup Cost": 0.0, "Total Cost": 2.34, "Plan Rows": 1, "Plan Width": 8, "Index Cond": "(movie_id = t.id)", "Filter": "((note)::text = ANY ('{(writer),\"(head writer)\",\"(written by)\",(story),\"(story editor)\"}'::text[]))"}]}, {"Node Type": "Index Scan", "Parent Relationship": "Inner", "Scan Direction": "Forward", "Index Name": "name_pkey", "Relation Name": "name", "Alias": "n", "Startup Cost": 0.0, "Total Cost": 0.49, "Plan Rows": 1, "Plan Width": 4, "Index Cond": "(id = ci.person_id)", "Filter": "((gender IS NOT NULL) AND ((gender)::text = 'f'::text))"}]}]}, "Unique SQL Id": 661781350, "Planner Runtime": 24}, "explain_analyze_plan": {"Plan": {"Node Type": "Aggregate", "Strategy": "Plain", "Startup Cost": 84230.9, "Total Cost": 84230.91, "Plan Rows": 1, "Plan Width": 160, "Actual Startup Time": 677.344, "Actual Total Time": 677.345, "Actual Rows": 1, "Actual Loops": 1, "Plans": [{"Node Type": "Nested Loop", "Parent Relationship": "Outer", "Join Type": "Inner", "Startup Cost": 7419.04, "Total Cost": 84229.26, "Plan Rows": 219, "Plan Width": 64, "Actual Startup Time": 358.103, "Actual Total Time": 677.277, "Actual Rows": 11, "Actual Loops": 1, "Inner Unique": true, "Plans": [{"Node Type": "Nested Loop", "Parent Relationship": "Outer", "Join Type": "Inner", "Startup Cost": 7419.04, "Total Cost": 84068.27, "Plan Rows": 321, "Plan Width": 68, "Actual Startup Time": 122.374, "Actual Total Time": 674.358, "Actual Rows": 268, "Actual Loops": 1, "Inner Unique": false, "Plans": [{"Node Type": "Nested Loop", "Parent Relationship": "Outer", "Join Type": "Inner", "Startup Cost": 7419.04, "Total Cost": 83383.24, "Plan Rows": 291, "Plan Width": 76, "Actual Startup Time": 60.014, "Actual Total Time": 639.461, "Actual Rows": 358, "Actual Loops": 1, "Inner Unique": false, "Join Filter": "(mi.info_type_id = it1.id)", "Rows Removed by Join Filter": 0, "Plans": [{"Node Type": "Index Scan", "Parent Relationship": "Outer", "Scan Direction": "Forward", "Index Name": "info_type_pkey", "Relation Name": "info_type", "Alias": "it1", "Startup Cost": 0.0, "Total Cost": 14.21, "Plan Rows": 1, "Plan Width": 4, "Actual Startup Time": 0.023, "Actual Total Time": 0.078, "Actual Rows": 1, "Actual Loops": 1, "Filter": "((info)::text = 'genres'::text)", "Rows Removed by Filter": 111}, {"Node Type": "Nested Loop", "Parent Relationship": "Inner", "Join Type": "Inner", "Startup Cost": 7419.04, "Total Cost": 83197.12, "Plan Rows": 13753, "Plan Width": 80, "Actual Startup Time": 59.983, "Actual Total Time": 639.116, "Actual Rows": 358, "Actual Loops": 1, "Inner Unique": false, "Plans": [{"Node Type": "Nested Loop", "Parent Relationship": "Outer", "Join Type": "Inner", "Startup Cost": 7419.04, "Total Cost": 61824.99, "Plan Rows": 15041, "Plan Width": 30, "Actual Startup Time": 53.217, "Actual Total Time": 450.165, "Actual Rows": 6152, "Actual Loops": 1, "Inner Unique": true, "Plans": [{"Node Type": "Nested Loop", "Parent Relationship": "Outer", "Join Type": "Inner", "Startup Cost": 7419.04, "Total Cost": 19211.73, "Plan Rows": 12936, "Plan Width": 9, "Actual Startup Time": 51.722, "Actual Total Time": 355.277, "Actual Rows": 15849, "Actual Loops": 1, "Inner Unique": false, "Plans": [{"Node Type": "Index Scan", "Parent Relationship": "Outer", "Scan Direction": "Forward", "Index Name": "info_type_pkey", "Relation Name": "info_type", "Alias": "it2", "Startup Cost": 0.0, "Total Cost": 14.21, "Plan Rows": 1, "Plan Width": 4, "Actual Startup Time": 0.05, "Actual Total Time": 0.06, "Actual Rows": 1, "Actual Loops": 1, "Filter": "((info)::text = 'rating'::text)", "Rows Removed by Filter": 111}, {"Node Type": "Bitmap Heap Scan", "Parent Relationship": "Inner", "Relation Name": "movie_info_idx", "Alias": "mi_idx", "Startup Cost": 7419.04, "Total Cost": 19068.16, "Plan Rows": 12936, "Plan Width": 13, "Actual Startup Time": 51.666, "Actual Total Time": 351.606, "Actual Rows": 15849, "Actual Loops": 1, "Recheck Cond": "(info_type_id = it2.id)", "Rows Removed by Index Recheck": 0, "Filter": "((info)::text > '8.0'::text)", "Rows Removed by Filter": 444076, "Exact Heap Blocks": 6472, "Lossy Heap Blocks": 6472, "Plans": [{"Node Type": "Bitmap Index Scan", "Parent Relationship": "Outer", "Index Name": "info_type_id_movie_info_idx", "Startup Cost": 0.0, "Total Cost": 7415.81, "Plan Rows": 345008, "Plan Width": 0, "Actual Startup Time": 50.423, "Actual Total Time": 50.423, "Actual Rows": 459925, "Actual Loops": 1, "Index Cond": "(info_type_id = it2.id)"}]}]}, {"Node Type": "Index Scan", "Parent Relationship": "Inner", "Scan Direction": "Forward", "Index Name": "title_pkey", "Relation Name": "title", "Alias": "t", "Startup Cost": 0.0, "Total Cost": 3.28, "Plan Rows": 1, "Plan Width": 21, "Actual Startup Time": 84.58, "Actual Total Time": 84.58, "Actual Rows": 6152, "Actual Loops": 15849, "Index Cond": "(id = mi_idx.movie_id)", "Rows Removed by Index Recheck": 0, "Filter": "((production_year >= 2008) AND (production_year <= 2014))", "Rows Removed by Filter": 9697}]}, {"Node Type": "Index Scan", "Parent Relationship": "Inner", "Scan Direction": "Forward", "Index Name": "movie_id_movie_info", "Relation Name": "movie_info", "Alias": "mi", "Startup Cost": 0.0, "Total Cost": 1.41, "Plan Rows": 1, "Plan Width": 50, "Actual Startup Time": 185.159, "Actual Total Time": 185.486, "Actual Rows": 358, "Actual Loops": 6152, "Index Cond": "(movie_id = t.id)", "Rows Removed by Index Recheck": 0, "Filter": "((note IS NULL) AND ((info)::text = ANY ('{Horror,Thriller}'::text[])))", "Rows Removed by Filter": 109599}]}]}, {"Node Type": "Index Scan", "Parent Relationship": "Inner", "Scan Direction": "Forward", "Index Name": "movie_id_cast_info", "Relation Name": "cast_info", "Alias": "ci", "Startup Cost": 0.0, "Total Cost": 2.34, "Plan Rows": 1, "Plan Width": 8, "Actual Startup Time": 27.099, "Actual Total Time": 34.483, "Actual Rows": 268, "Actual Loops": 358, "Index Cond": "(movie_id = t.id)", "Rows Removed by Index Recheck": 0, "Filter": "((note)::text = ANY ('{(writer),\"(head writer)\",\"(written by)\",(story),\"(story editor)\"}'::text[]))", "Rows Removed by Filter": 12296}]}, {"Node Type": "Index Scan", "Parent Relationship": "Inner", "Scan Direction": "Forward", "Index Name": "name_pkey", "Relation Name": "name", "Alias": "n", "Startup Cost": 0.0, "Total Cost": 0.49, "Plan Rows": 1, "Plan Width": 4, "Actual Startup Time": 2.683, "Actual Total Time": 2.683, "Actual Rows": 11, "Actual Loops": 268, "Index Cond": "(id = ci.person_id)", "Rows Removed by Index Recheck": 0, "Filter": "((gender IS NOT NULL) AND ((gender)::text = 'f'::text))", "Rows Removed by Filter": 257}]}]}, "Triggers": [], "Planner Runtime": 24.054, "Total Runtime": 677.738, "Unique SQL Id": 661781350}}, "(64, '2')": {"explain_plan": {"Plan": {"Node Type": "Aggregate", "Strategy": "Plain", "Startup Cost": 79040.0, "Total Cost": 79040.01, "Plan Rows": 1, "Plan Width": 160, "Plans": [{"Node Type": "Nested Loop", "Parent Relationship": "Outer", "Join Type": "Inner", "Startup Cost": 2.67, "Total Cost": 79038.35, "Plan Rows": 219, "Plan Width": 64, "Inner Unique": true, "Plans": [{"Node Type": "Nested Loop", "Parent Relationship": "Outer", "Join Type": "Inner", "Startup Cost": 2.36, "Total Cost": 77647.24, "Plan Rows": 321, "Plan Width": 68, "Inner Unique": false, "Plans": [{"Node Type": "Nested Loop", "Parent Relationship": "Outer", "Join Type": "Inner", "Startup Cost": 1.35, "Total Cost": 76154.06, "Plan Rows": 291, "Plan Width": 76, "Inner Unique": true, "Plans": [{"Node Type": "Nested Loop", "Parent Relationship": "Outer", "Join Type": "Inner", "Startup Cost": 0.55, "Total Cost": 74946.61, "Plan Rows": 250, "Plan Width": 55, "Inner Unique": false, "Join Filter": "(mi_idx.info_type_id = it2.id)", "Plans": [{"Node Type": "Seq Scan", "Parent Relationship": "Outer", "Relation Name": "info_type", "Alias": "it2", "Startup Cost": 0.0, "Total Cost": 2.4, "Plan Rows": 1, "Plan Width": 4, "Filter": "((info)::text = 'rating'::text)"}, {"Node Type": "Nested Loop", "Parent Relationship": "Inner", "Join Type": "Inner", "Startup Cost": 0.55, "Total Cost": 74931.73, "Plan Rows": 999, "Plan Width": 59, "Inner Unique": false, "Plans": [{"Node Type": "Nested Loop", "Parent Relationship": "Outer", "Join Type": "Inner", "Startup Cost": 0.0, "Total Cost": 70475.56, "Plan Rows": 971, "Plan Width": 46, "Inner Unique": false, "Join Filter": "(it1.id = mi.info_type_id)", "Plans": [{"Node Type": "Seq Scan", "Parent Relationship": "Outer", "Relation Name": "info_type", "Alias": "it1", "Startup Cost": 0.0, "Total Cost": 2.4, "Plan Rows": 1, "Plan Width": 4, "Filter": "((info)::text = 'genres'::text)"}, {"Node Type": "Materialize", "Parent Relationship": "Inner", "Startup Cost": 0.0, "Total Cost": 69793.45, "Plan Rows": 67971, "Plan Width": 50, "Plans": [{"Node Type": "Streaming(type: LOCAL GATHER dop: 1/64)", "Parent Relationship": "Outer", "Startup Cost": 0.0, "Total Cost": 69623.52, "Plan Rows": 67971, "Plan Width": 50, "Plans": [{"Node Type": "Seq Scan", "Parent Relationship": "Outer", "Relation Name": "movie_info", "Alias": "mi", "Startup Cost": 0.0, "Total Cost": 68221.29, "Plan Rows": 67971, "Plan Width": 50, "Filter": "((note IS NULL) AND ((info)::text = ANY ('{Horror,Thriller}'::text[])))"}]}]}]}, {"Node Type": "Bitmap Heap Scan", "Parent Relationship": "Inner", "Relation Name": "movie_info_idx", "Alias": "mi_idx", "Startup Cost": 0.55, "Total Cost": 4.58, "Plan Rows": 1, "Plan Width": 13, "Recheck Cond": "(movie_id = mi.movie_id)", "Filter": "((info)::text > '8.0'::text)", "Plans": [{"Node Type": "Bitmap Index Scan", "Parent Relationship": "Outer", "Index Name": "movie_id_movie_info_idx", "Startup Cost": 0.0, "Total Cost": 0.55, "Plan Rows": 2, "Plan Width": 0, "Index Cond": "(movie_id = mi.movie_id)"}]}]}]}, {"Node Type": "Bitmap Heap Scan", "Parent Relationship": "Inner", "Relation Name": "title", "Alias": "t", "Startup Cost": 0.8, "Total Cost": 4.82, "Plan Rows": 1, "Plan Width": 21, "Recheck Cond": "(id = mi.movie_id)", "Filter": "((production_year >= 2008) AND (production_year <= 2014))", "Plans": [{"Node Type": "Bitmap Index Scan", "Parent Relationship": "Outer", "Index Name": "title_pkey", "Startup Cost": 0.0, "Total Cost": 0.8, "Plan Rows": 1, "Plan Width": 0, "Index Cond": "(id = mi.movie_id)"}]}]}, {"Node Type": "Bitmap Heap Scan", "Parent Relationship": "Inner", "Relation Name": "cast_info", "Alias": "ci", "Startup Cost": 1.01, "Total Cost": 5.12, "Plan Rows": 1, "Plan Width": 8, "Recheck Cond": "(movie_id = t.id)", "Filter": "((note)::text = ANY ('{(writer),\"(head writer)\",\"(written by)\",(story),\"(story editor)\"}'::text[]))", "Plans": [{"Node Type": "Bitmap Index Scan", "Parent Relationship": "Outer", "Index Name": "movie_id_cast_info", "Startup Cost": 0.0, "Total Cost": 1.01, "Plan Rows": 6, "Plan Width": 0, "Index Cond": "(movie_id = t.id)"}]}]}, {"Node Type": "Bitmap Heap Scan", "Parent Relationship": "Inner", "Relation Name": "name", "Alias": "n", "Startup Cost": 0.31, "Total Cost": 4.32, "Plan Rows": 1, "Plan Width": 4, "Recheck Cond": "(id = ci.person_id)", "Filter": "((gender IS NOT NULL) AND ((gender)::text = 'f'::text))", "Plans": [{"Node Type": "Bitmap Index Scan", "Parent Relationship": "Outer", "Index Name": "name_pkey", "Startup Cost": 0.0, "Total Cost": 0.31, "Plan Rows": 1, "Plan Width": 0, "Index Cond": "(id = ci.person_id)"}]}]}]}, "Unique SQL Id": 661781350, "Planner Runtime": 66}, "explain_analyze_plan": {"Plan": {"Node Type": "Aggregate", "Strategy": "Plain", "Startup Cost": 79040.0, "Total Cost": 79040.01, "Plan Rows": 1, "Plan Width": 160, "Actual Min Startup Time": 812.811, "Actual Max Startup Time": 812.811, "Actual Min Total Time": 812.811, "Actual Max Total Time": 812.811, "Plans": [{"Node Type": "Nested Loop", "Parent Relationship": "Outer", "Join Type": "Inner", "Startup Cost": 2.67, "Total Cost": 79038.35, "Plan Rows": 219, "Plan Width": 64, "Actual Min Startup Time": 388.712, "Actual Max Startup Time": 388.712, "Actual Min Total Time": 812.752, "Actual Max Total Time": 812.752, "Inner Unique": true, "Plans": [{"Node Type": "Nested Loop", "Parent Relationship": "Outer", "Join Type": "Inner", "Startup Cost": 2.36, "Total Cost": 77647.24, "Plan Rows": 321, "Plan Width": 68, "Actual Min Startup Time": 307.647, "Actual Max Startup Time": 307.647, "Actual Min Total Time": 809.564, "Actual Max Total Time": 809.564, "Inner Unique": false, "Plans": [{"Node Type": "Nested Loop", "Parent Relationship": "Outer", "Join Type": "Inner", "Startup Cost": 1.35, "Total Cost": 76154.06, "Plan Rows": 291, "Plan Width": 76, "Actual Min Startup Time": 307.553, "Actual Max Startup Time": 307.553, "Actual Min Total Time": 770.697, "Actual Max Total Time": 770.697, "Inner Unique": true, "Plans": [{"Node Type": "Nested Loop", "Parent Relationship": "Outer", "Join Type": "Inner", "Startup Cost": 0.55, "Total Cost": 74946.61, "Plan Rows": 250, "Plan Width": 55, "Actual Min Startup Time": 307.523, "Actual Max Startup Time": 307.523, "Actual Min Total Time": 762.726, "Actual Max Total Time": 762.726, "Inner Unique": false, "Join Filter": "(mi_idx.info_type_id = it2.id)", "Rows Removed by Join Filter": 3403, "Plans": [{"Node Type": "Seq Scan", "Parent Relationship": "Outer", "Relation Name": "info_type", "Alias": "it2", "Startup Cost": 0.0, "Total Cost": 2.4, "Plan Rows": 1, "Plan Width": 4, "Actual Min Startup Time": 0.098, "Actual Max Startup Time": 0.098, "Actual Min Total Time": 0.118, "Actual Max Total Time": 0.118, "Filter": "((info)::text = 'rating'::text)", "Rows Removed by Filter": 111, "Actual Rows": 1}, {"Node Type": "Nested Loop", "Parent Relationship": "Inner", "Join Type": "Inner", "Startup Cost": 0.55, "Total Cost": 74931.73, "Plan Rows": 999, "Plan Width": 59, "Actual Min Startup Time": 306.981, "Actual Max Startup Time": 306.981, "Actual Min Total Time": 759.629, "Actual Max Total Time": 759.629, "Inner Unique": false, "Plans": [{"Node Type": "Nested Loop", "Parent Relationship": "Outer", "Join Type": "Inner", "Startup Cost": 0.0, "Total Cost": 70475.56, "Plan Rows": 971, "Plan Width": 46, "Actual Min Startup Time": 306.629, "Actual Max Startup Time": 306.629, "Actual Min Total Time": 349.143, "Actual Max Total Time": 349.143, "Inner Unique": false, "Join Filter": "(it1.id = mi.info_type_id)", "Rows Removed by Join Filter": 789, "Plans": [{"Node Type": "Seq Scan", "Parent Relationship": "Outer", "Relation Name": "info_type", "Alias": "it1", "Startup Cost": 0.0, "Total Cost": 2.4, "Plan Rows": 1, "Plan Width": 4, "Actual Min Startup Time": 0.057, "Actual Max Startup Time": 0.057, "Actual Min Total Time": 0.104, "Actual Max Total Time": 0.104, "Filter": "((info)::text = 'genres'::text)", "Rows Removed by Filter": 111, "Actual Rows": 1}, {"Node Type": "Materialize", "Parent Relationship": "Inner", "Startup Cost": 0.0, "Total Cost": 69793.45, "Plan Rows": 67971, "Plan Width": 50, "Actual Min Startup Time": 306.535, "Actual Max Startup Time": 306.535, "Actual Min Total Time": 317.705, "Actual Max Total Time": 317.705, "Plans": [{"Node Type": "Streaming(type: LOCAL GATHER dop: 1/64)", "Parent Relationship": "Outer", "Startup Cost": 0.0, "Total Cost": 69623.52, "Plan Rows": 67971, "Plan Width": 50, "Actual Min Startup Time": 155.585, "Actual Max Startup Time": 155.585, "Actual Min Total Time": 295.065, "Actual Max Total Time": 295.065, "Plans": [{"Node Type": "Seq Scan", "Parent Relationship": "Outer", "Relation Name": "movie_info", "Alias": "mi", "Startup Cost": 0.0, "Total Cost": 68221.29, "Plan Rows": 67971, "Plan Width": 50, "Actual Min Startup Time": 54.273, "Actual Max Startup Time": 100.083, "Actual Min Total Time": 93.948, "Actual Max Total Time": 115.419, "Filter": "((note IS NULL) AND ((info)::text = ANY ('{Horror,Thriller}'::text[])))", "Rows Removed by Filter": 14762672, "Actual Rows": 73047}], "Actual Rows": 73047}], "Actual Rows": 73048}], "Actual Rows": 72258}, {"Node Type": "Bitmap Heap Scan", "Parent Relationship": "Inner", "Relation Name": "movie_info_idx", "Alias": "mi_idx", "Startup Cost": 0.55, "Total Cost": 4.58, "Plan Rows": 1, "Plan Width": 13, "Actual Min Startup Time": 329.234, "Actual Max Startup Time": 329.234, "Actual Min Total Time": 331.022, "Actual Max Total Time": 331.022, "Recheck Cond": "(movie_id = mi.movie_id)", "Rows Removed by Index Recheck": 0, "Filter": "((info)::text > '8.0'::text)", "Rows Removed by Filter": 113143, "Exact Heap Blocks": 39507, "Lossy Heap Blocks": 39507, "Plans": [{"Node Type": "Bitmap Index Scan", "Parent Relationship": "Outer", "Index Name": "movie_id_movie_info_idx", "Startup Cost": 0.0, "Total Cost": 0.55, "Plan Rows": 2, "Plan Width": 0, "Actual Min Startup Time": 192.42, "Actual Max Startup Time": 192.42, "Actual Min Total Time": 192.42, "Actual Max Total Time": 192.42, "Index Cond": "(movie_id = mi.movie_id)", "Actual Rows": 117278}], "Actual Rows": 4135}], "Actual Rows": 4135}], "Actual Rows": 732}, {"Node Type": "Bitmap Heap Scan", "Parent Relationship": "Inner", "Relation Name": "title", "Alias": "t", "Startup Cost": 0.8, "Total Cost": 4.82, "Plan Rows": 1, "Plan Width": 21, "Actual Min Startup Time": 6.373, "Actual Max Startup Time": 6.373, "Actual Min Total Time": 6.373, "Actual Max Total Time": 6.373, "Recheck Cond": "(id = mi.movie_id)", "Rows Removed by Index Recheck": 0, "Filter": "((production_year >= 2008) AND (production_year <= 2014))", "Rows Removed by Filter": 374, "Exact Heap Blocks": 732, "Lossy Heap Blocks": 732, "Plans": [{"Node Type": "Bitmap Index Scan", "Parent Relationship": "Outer", "Index Name": "title_pkey", "Startup Cost": 0.0, "Total Cost": 0.8, "Plan Rows": 1, "Plan Width": 0, "Actual Min Startup Time": 3.652, "Actual Max Startup Time": 3.652, "Actual Min Total Time": 3.652, "Actual Max Total Time": 3.652, "Index Cond": "(id = mi.movie_id)", "Actual Rows": 732}], "Actual Rows": 358}], "Actual Rows": 358}, {"Node Type": "Bitmap Heap Scan", "Parent Relationship": "Inner", "Relation Name": "cast_info", "Alias": "ci", "Startup Cost": 1.01, "Total Cost": 5.12, "Plan Rows": 1, "Plan Width": 8, "Actual Min Startup Time": 30.892, "Actual Max Startup Time": 30.892, "Actual Min Total Time": 38.081, "Actual Max Total Time": 38.081, "Recheck Cond": "(movie_id = t.id)", "Rows Removed by Index Recheck": 0, "Filter": "((note)::text = ANY ('{(writer),\"(head writer)\",\"(written by)\",(story),\"(story editor)\"}'::text[]))", "Rows Removed by Filter": 12296, "Exact Heap Blocks": 11454, "Lossy Heap Blocks": 11454, "Plans": [{"Node Type": "Bitmap Index Scan", "Parent Relationship": "Outer", "Index Name": "movie_id_cast_info", "Startup Cost": 0.0, "Total Cost": 1.01, "Plan Rows": 6, "Plan Width": 0, "Actual Min Startup Time": 5.397, "Actual Max Startup Time": 5.397, "Actual Min Total Time": 5.397, "Actual Max Total Time": 5.397, "Index Cond": "(movie_id = t.id)", "Actual Rows": 12564}], "Actual Rows": 268}], "Actual Rows": 268}, {"Node Type": "Bitmap Heap Scan", "Parent Relationship": "Inner", "Relation Name": "name", "Alias": "n", "Startup Cost": 0.31, "Total Cost": 4.32, "Plan Rows": 1, "Plan Width": 4, "Actual Min Startup Time": 2.722, "Actual Max Startup Time": 2.722, "Actual Min Total Time": 2.722, "Actual Max Total Time": 2.722, "Recheck Cond": "(id = ci.person_id)", "Rows Removed by Index Recheck": 0, "Filter": "((gender IS NOT NULL) AND ((gender)::text = 'f'::text))", "Rows Removed by Filter": 257, "Exact Heap Blocks": 268, "Lossy Heap Blocks": 268, "Plans": [{"Node Type": "Bitmap Index Scan", "Parent Relationship": "Outer", "Index Name": "name_pkey", "Startup Cost": 0.0, "Total Cost": 0.31, "Plan Rows": 1, "Plan Width": 0, "Actual Min Startup Time": 1.726, "Actual Max Startup Time": 1.726, "Actual Min Total Time": 1.726, "Actual Max Total Time": 1.726, "Index Cond": "(id = ci.person_id)", "Actual Rows": 268}], "Actual Rows": 11}], "Actual Rows": 11}], "Actual Rows": 1}, "Triggers": [], "Planner Runtime": 65.639, "Total Runtime": 826.211, "Unique SQL Id": 661781350}}, "(64, '3')": {"explain_plan": {"Plan": {"Node Type": "Aggregate", "Strategy": "Plain", "Startup Cost": 157109.69, "Total Cost": 157109.7, "Plan Rows": 1, "Plan Width": 160, "Plans": [{"Node Type": "Nested Loop", "Parent Relationship": "Outer", "Join Type": "Inner", "Startup Cost": 7439.53, "Total Cost": 157108.05, "Plan Rows": 219, "Plan Width": 64, "Inner Unique": true, "Plans": [{"Node Type": "Nested Loop", "Parent Relationship": "Outer", "Join Type": "Inner", "Startup Cost": 7439.22, "Total Cost": 155716.93, "Plan Rows": 321, "Plan Width": 68, "Inner Unique": false, "Plans": [{"Node Type": "Nested Loop", "Parent Relationship": "Outer", "Join Type": "Inner", "Startup Cost": 7438.22, "Total Cost": 154223.75, "Plan Rows": 291, "Plan Width": 76, "Inner Unique": false, "Join Filter": "(mi.info_type_id = it1.id)", "Plans": [{"Node Type": "Bitmap Heap Scan", "Parent Relationship": "Outer", "Relation Name": "info_type", "Alias": "it1", "Startup Cost": 8.81, "Total Cost": 14.21, "Plan Rows": 1, "Plan Width": 4, "Filter": "((info)::text = 'genres'::text)", "Plans": [{"Node Type": "Bitmap Index Scan", "Parent Relationship": "Outer", "Index Name": "info_type_pkey", "Startup Cost": 0.0, "Total Cost": 8.81, "Plan Rows": 112, "Plan Width": 0}]}, {"Node Type": "Nested Loop", "Parent Relationship": "Inner", "Join Type": "Inner", "Startup Cost": 7429.41, "Total Cost": 154037.63, "Plan Rows": 13753, "Plan Width": 80, "Inner Unique": false, "Plans": [{"Node Type": "Nested Loop", "Parent Relationship": "Outer", "Join Type": "Inner", "Startup Cost": 7428.83, "Total Cost": 83898.37, "Plan Rows": 15041, "Plan Width": 30, "Inner Unique": true, "Plans": [{"Node Type": "Nested Loop", "Parent Relationship": "Outer", "Join Type": "Inner", "Startup Cost": 7427.85, "Total Cost": 19211.73, "Plan Rows": 12936, "Plan Width": 9, "Inner Unique": false, "Plans": [{"Node Type": "Bitmap Heap Scan", "Parent Relationship": "Outer", "Relation Name": "info_type", "Alias": "it2", "Startup Cost": 8.81, "Total Cost": 14.21, "Plan Rows": 1, "Plan Width": 4, "Filter": "((info)::text = 'rating'::text)", "Plans": [{"Node Type": "Bitmap Index Scan", "Parent Relationship": "Outer", "Index Name": "info_type_pkey", "Startup Cost": 0.0, "Total Cost": 8.81, "Plan Rows": 112, "Plan Width": 0}]}, {"Node Type": "Bitmap Heap Scan", "Parent Relationship": "Inner", "Relation Name": "movie_info_idx", "Alias": "mi_idx", "Startup Cost": 7419.04, "Total Cost": 19068.16, "Plan Rows": 12936, "Plan Width": 13, "Recheck Cond": "(info_type_id = it2.id)", "Filter": "((info)::text > '8.0'::text)", "Plans": [{"Node Type": "Bitmap Index Scan", "Parent Relationship": "Outer", "Index Name": "info_type_id_movie_info_idx", "Startup Cost": 0.0, "Total Cost": 7415.81, "Plan Rows": 345008, "Plan Width": 0, "Index Cond": "(info_type_id = it2.id)"}]}]}, {"Node Type": "Bitmap Heap Scan", "Parent Relationship": "Inner", "Relation Name": "title", "Alias": "t", "Startup Cost": 0.97, "Total Cost": 4.99, "Plan Rows": 1, "Plan Width": 21, "Recheck Cond": "(id = mi_idx.movie_id)", "Filter": "((production_year >= 2008) AND (production_year <= 2014))", "Plans": [{"Node Type": "Bitmap Index Scan", "Parent Relationship": "Outer", "Index Name": "title_pkey", "Startup Cost": 0.0, "Total Cost": 0.97, "Plan Rows": 1, "Plan Width": 0, "Index Cond": "(id = mi_idx.movie_id)"}]}]}, {"Node Type": "Bitmap Heap Scan", "Parent Relationship": "Inner", "Relation Name": "movie_info", "Alias": "mi", "Startup Cost": 0.58, "Total Cost": 4.65, "Plan Rows": 1, "Plan Width": 50, "Recheck Cond": "(movie_id = t.id)", "Filter": "((note IS NULL) AND ((info)::text = ANY ('{Horror,Thriller}'::text[])))", "Plans": [{"Node Type": "Bitmap Index Scan", "Parent Relationship": "Outer", "Index Name": "movie_id_movie_info", "Startup Cost": 0.0, "Total Cost": 0.58, "Plan Rows": 5, "Plan Width": 0, "Index Cond": "(movie_id = t.id)"}]}]}]}, {"Node Type": "Bitmap Heap Scan", "Parent Relationship": "Inner", "Relation Name": "cast_info", "Alias": "ci", "Startup Cost": 1.01, "Total Cost": 5.12, "Plan Rows": 1, "Plan Width": 8, "Recheck Cond": "(movie_id = t.id)", "Filter": "((note)::text = ANY ('{(writer),\"(head writer)\",\"(written by)\",(story),\"(story editor)\"}'::text[]))", "Plans": [{"Node Type": "Bitmap Index Scan", "Parent Relationship": "Outer", "Index Name": "movie_id_cast_info", "Startup Cost": 0.0, "Total Cost": 1.01, "Plan Rows": 6, "Plan Width": 0, "Index Cond": "(movie_id = t.id)"}]}]}, {"Node Type": "Bitmap Heap Scan", "Parent Relationship": "Inner", "Relation Name": "name", "Alias": "n", "Startup Cost": 0.31, "Total Cost": 4.32, "Plan Rows": 1, "Plan Width": 4, "Recheck Cond": "(id = ci.person_id)", "Filter": "((gender IS NOT NULL) AND ((gender)::text = 'f'::text))", "Plans": [{"Node Type": "Bitmap Index Scan", "Parent Relationship": "Outer", "Index Name": "name_pkey", "Startup Cost": 0.0, "Total Cost": 0.31, "Plan Rows": 1, "Plan Width": 0, "Index Cond": "(id = ci.person_id)"}]}]}]}, "Unique SQL Id": 661781350, "Planner Runtime": 23}, "explain_analyze_plan": {"Plan": {"Node Type": "Aggregate", "Strategy": "Plain", "Startup Cost": 157109.69, "Total Cost": 157109.7, "Plan Rows": 1, "Plan Width": 160, "Actual Startup Time": 641.712, "Actual Total Time": 641.712, "Actual Rows": 1, "Actual Loops": 1, "Plans": [{"Node Type": "Nested Loop", "Parent Relationship": "Outer", "Join Type": "Inner", "Startup Cost": 7439.53, "Total Cost": 157108.05, "Plan Rows": 219, "Plan Width": 64, "Actual Startup Time": 369.881, "Actual Total Time": 641.653, "Actual Rows": 11, "Actual Loops": 1, "Inner Unique": true, "Plans": [{"Node Type": "Nested Loop", "Parent Relationship": "Outer", "Join Type": "Inner", "Startup Cost": 7439.22, "Total Cost": 155716.93, "Plan Rows": 321, "Plan Width": 68, "Actual Startup Time": 136.404, "Actual Total Time": 638.777, "Actual Rows": 268, "Actual Loops": 1, "Inner Unique": false, "Plans": [{"Node Type": "Nested Loop", "Parent Relationship": "Outer", "Join Type": "Inner", "Startup Cost": 7438.22, "Total Cost": 154223.75, "Plan Rows": 291, "Plan Width": 76, "Actual Startup Time": 62.071, "Actual Total Time": 601.341, "Actual Rows": 358, "Actual Loops": 1, "Inner Unique": false, "Join Filter": "(mi.info_type_id = it1.id)", "Rows Removed by Join Filter": 0, "Plans": [{"Node Type": "Bitmap Heap Scan", "Parent Relationship": "Outer", "Relation Name": "info_type", "Alias": "it1", "Startup Cost": 8.81, "Total Cost": 14.21, "Plan Rows": 1, "Plan Width": 4, "Actual Startup Time": 0.052, "Actual Total Time": 0.088, "Actual Rows": 1, "Actual Loops": 1, "Filter": "((info)::text = 'genres'::text)", "Rows Removed by Filter": 111, "Exact Heap Blocks": 1, "Lossy Heap Blocks": 1, "Plans": [{"Node Type": "Bitmap Index Scan", "Parent Relationship": "Outer", "Index Name": "info_type_pkey", "Startup Cost": 0.0, "Total Cost": 8.81, "Plan Rows": 112, "Plan Width": 0, "Actual Startup Time": 0.012, "Actual Total Time": 0.012, "Actual Rows": 112, "Actual Loops": 1}]}, {"Node Type": "Nested Loop", "Parent Relationship": "Inner", "Join Type": "Inner", "Startup Cost": 7429.41, "Total Cost": 154037.63, "Plan Rows": 13753, "Plan Width": 80, "Actual Startup Time": 62.009, "Actual Total Time": 600.951, "Actual Rows": 358, "Actual Loops": 1, "Inner Unique": false, "Plans": [{"Node Type": "Nested Loop", "Parent Relationship": "Outer", "Join Type": "Inner", "Startup Cost": 7428.83, "Total Cost": 83898.37, "Plan Rows": 15041, "Plan Width": 30, "Actual Startup Time": 54.142, "Actual Total Time": 420.438, "Actual Rows": 6152, "Actual Loops": 1, "Inner Unique": true, "Plans": [{"Node Type": "Nested Loop", "Parent Relationship": "Outer", "Join Type": "Inner", "Startup Cost": 7427.85, "Total Cost": 19211.73, "Plan Rows": 12936, "Plan Width": 9, "Actual Startup Time": 52.371, "Actual Total Time": 307.724, "Actual Rows": 15849, "Actual Loops": 1, "Inner Unique": false, "Plans": [{"Node Type": "Bitmap Heap Scan", "Parent Relationship": "Outer", "Relation Name": "info_type", "Alias": "it2", "Startup Cost": 8.81, "Total Cost": 14.21, "Plan Rows": 1, "Plan Width": 4, "Actual Startup Time": 0.051, "Actual Total Time": 0.06, "Actual Rows": 1, "Actual Loops": 1, "Filter": "((info)::text = 'rating'::text)", "Rows Removed by Filter": 111, "Exact Heap Blocks": 1, "Lossy Heap Blocks": 1, "Plans": [{"Node Type": "Bitmap Index Scan", "Parent Relationship": "Outer", "Index Name": "info_type_pkey", "Startup Cost": 0.0, "Total Cost": 8.81, "Plan Rows": 112, "Plan Width": 0, "Actual Startup Time": 0.008, "Actual Total Time": 0.008, "Actual Rows": 112, "Actual Loops": 1}]}, {"Node Type": "Bitmap Heap Scan", "Parent Relationship": "Inner", "Relation Name": "movie_info_idx", "Alias": "mi_idx", "Startup Cost": 7419.04, "Total Cost": 19068.16, "Plan Rows": 12936, "Plan Width": 13, "Actual Startup Time": 52.315, "Actual Total Time": 303.803, "Actual Rows": 15849, "Actual Loops": 1, "Recheck Cond": "(info_type_id = it2.id)", "Rows Removed by Index Recheck": 0, "Filter": "((info)::text > '8.0'::text)", "Rows Removed by Filter": 444076, "Exact Heap Blocks": 6472, "Lossy Heap Blocks": 6472, "Plans": [{"Node Type": "Bitmap Index Scan", "Parent Relationship": "Outer", "Index Name": "info_type_id_movie_info_idx", "Startup Cost": 0.0, "Total Cost": 7415.81, "Plan Rows": 345008, "Plan Width": 0, "Actual Startup Time": 51.054, "Actual Total Time": 51.054, "Actual Rows": 459925, "Actual Loops": 1, "Index Cond": "(info_type_id = it2.id)"}]}]}, {"Node Type": "Bitmap Heap Scan", "Parent Relationship": "Inner", "Relation Name": "title", "Alias": "t", "Startup Cost": 0.97, "Total Cost": 4.99, "Plan Rows": 1, "Plan Width": 21, "Actual Startup Time": 92.149, "Actual Total Time": 92.149, "Actual Rows": 6152, "Actual Loops": 15849, "Recheck Cond": "(id = mi_idx.movie_id)", "Rows Removed by Index Recheck": 0, "Filter": "((production_year >= 2008) AND (production_year <= 2014))", "Rows Removed by Filter": 9697, "Exact Heap Blocks": 15849, "Lossy Heap Blocks": 15849, "Plans": [{"Node Type": "Bitmap Index Scan", "Parent Relationship": "Outer", "Index Name": "title_pkey", "Startup Cost": 0.0, "Total Cost": 0.97, "Plan Rows": 1, "Plan Width": 0, "Actual Startup Time": 48.576, "Actual Total Time": 48.576, "Actual Rows": 15849, "Actual Loops": 15849, "Index Cond": "(id = mi_idx.movie_id)"}]}]}, {"Node Type": "Bitmap Heap Scan", "Parent Relationship": "Inner", "Relation Name": "movie_info", "Alias": "mi", "Startup Cost": 0.58, "Total Cost": 4.65, "Plan Rows": 1, "Plan Width": 50, "Actual Startup Time": 172.051, "Actual Total Time": 172.214, "Actual Rows": 358, "Actual Loops": 6152, "Recheck Cond": "(movie_id = t.id)", "Rows Removed by Index Recheck": 0, "Filter": "((note IS NULL) AND ((info)::text = ANY ('{Horror,Thriller}'::text[])))", "Rows Removed by Filter": 109599, "Exact Heap Blocks": 52726, "Lossy Heap Blocks": 52726, "Plans": [{"Node Type": "Bitmap Index Scan", "Parent Relationship": "Outer", "Index Name": "movie_id_movie_info", "Startup Cost": 0.0, "Total Cost": 0.58, "Plan Rows": 5, "Plan Width": 0, "Actual Startup Time": 40.994, "Actual Total Time": 40.994, "Actual Rows": 109957, "Actual Loops": 6152, "Index Cond": "(movie_id = t.id)"}]}]}]}, {"Node Type": "Bitmap Heap Scan", "Parent Relationship": "Inner", "Relation Name": "cast_info", "Alias": "ci", "Startup Cost": 1.01, "Total Cost": 5.12, "Plan Rows": 1, "Plan Width": 8, "Actual Startup Time": 29.533, "Actual Total Time": 36.492, "Actual Rows": 268, "Actual Loops": 358, "Recheck Cond": "(movie_id = t.id)", "Rows Removed by Index Recheck": 0, "Filter": "((note)::text = ANY ('{(writer),\"(head writer)\",\"(written by)\",(story),\"(story editor)\"}'::text[]))", "Rows Removed by Filter": 12296, "Exact Heap Blocks": 11454, "Lossy Heap Blocks": 11454, "Plans": [{"Node Type": "Bitmap Index Scan", "Parent Relationship": "Outer", "Index Name": "movie_id_cast_info", "Startup Cost": 0.0, "Total Cost": 1.01, "Plan Rows": 6, "Plan Width": 0, "Actual Startup Time": 5.133, "Actual Total Time": 5.133, "Actual Rows": 12564, "Actual Loops": 358, "Index Cond": "(movie_id = t.id)"}]}]}, {"Node Type": "Bitmap Heap Scan", "Parent Relationship": "Inner", "Relation Name": "name", "Alias": "n", "Startup Cost": 0.31, "Total Cost": 4.32, "Plan Rows": 1, "Plan Width": 4, "Actual Startup Time": 2.348, "Actual Total Time": 2.348, "Actual Rows": 11, "Actual Loops": 268, "Recheck Cond": "(id = ci.person_id)", "Rows Removed by Index Recheck": 0, "Filter": "((gender IS NOT NULL) AND ((gender)::text = 'f'::text))", "Rows Removed by Filter": 257, "Exact Heap Blocks": 268, "Lossy Heap Blocks": 268, "Plans": [{"Node Type": "Bitmap Index Scan", "Parent Relationship": "Outer", "Index Name": "name_pkey", "Startup Cost": 0.0, "Total Cost": 0.31, "Plan Rows": 1, "Plan Width": 0, "Actual Startup Time": 1.397, "Actual Total Time": 1.397, "Actual Rows": 268, "Actual Loops": 268, "Index Cond": "(id = ci.person_id)"}]}]}]}, "Triggers": [], "Planner Runtime": 23.242, "Total Runtime": 642.057, "Unique SQL Id": 661781350}}, "(64, '4')": {"explain_plan": {"Plan": {"Node Type": "Aggregate", "Strategy": "Plain", "Startup Cost": 72993.18, "Total Cost": 72993.19, "Plan Rows": 1, "Plan Width": 160, "Plans": [{"Node Type": "Nested Loop", "Parent Relationship": "Outer", "Join Type": "Inner", "Startup Cost": 0.0, "Total Cost": 72991.54, "Plan Rows": 219, "Plan Width": 64, "Inner Unique": true, "Plans": [{"Node Type": "Nested Loop", "Parent Relationship": "Outer", "Join Type": "Inner", "Startup Cost": 0.0, "Total Cost": 72830.55, "Plan Rows": 321, "Plan Width": 68, "Inner Unique": false, "Plans": [{"Node Type": "Nested Loop", "Parent Relationship": "Outer", "Join Type": "Inner", "Startup Cost": 0.0, "Total Cost": 72145.52, "Plan Rows": 291, "Plan Width": 76, "Inner Unique": true, "Plans": [{"Node Type": "Nested Loop", "Parent Relationship": "Outer", "Join Type": "Inner", "Startup Cost": 0.0, "Total Cost": 71432.31, "Plan Rows": 250, "Plan Width": 55, "Inner Unique": false, "Join Filter": "(mi_idx.info_type_id = it2.id)", "Plans": [{"Node Type": "Seq Scan", "Parent Relationship": "Outer", "Relation Name": "info_type", "Alias": "it2", "Startup Cost": 0.0, "Total Cost": 2.4, "Plan Rows": 1, "Plan Width": 4, "Filter": "((info)::text = 'rating'::text)"}, {"Node Type": "Nested Loop", "Parent Relationship": "Inner", "Join Type": "Inner", "Startup Cost": 0.0, "Total Cost": 71417.42, "Plan Rows": 999, "Plan Width": 59, "Inner Unique": false, "Plans": [{"Node Type": "Nested Loop", "Parent Relationship": "Outer", "Join Type": "Inner", "Startup Cost": 0.0, "Total Cost": 70475.56, "Plan Rows": 971, "Plan Width": 46, "Inner Unique": false, "Join Filter": "(it1.id = mi.info_type_id)", "Plans": [{"Node Type": "Seq Scan", "Parent Relationship": "Outer", "Relation Name": "info_type", "Alias": "it1", "Startup Cost": 0.0, "Total Cost": 2.4, "Plan Rows": 1, "Plan Width": 4, "Filter": "((info)::text = 'genres'::text)"}, {"Node Type": "Materialize", "Parent Relationship": "Inner", "Startup Cost": 0.0, "Total Cost": 69793.45, "Plan Rows": 67971, "Plan Width": 50, "Plans": [{"Node Type": "Streaming(type: LOCAL GATHER dop: 1/64)", "Parent Relationship": "Outer", "Startup Cost": 0.0, "Total Cost": 69623.52, "Plan Rows": 67971, "Plan Width": 50, "Plans": [{"Node Type": "Seq Scan", "Parent Relationship": "Outer", "Relation Name": "movie_info", "Alias": "mi", "Startup Cost": 0.0, "Total Cost": 68221.29, "Plan Rows": 67971, "Plan Width": 50, "Filter": "((note IS NULL) AND ((info)::text = ANY ('{Horror,Thriller}'::text[])))"}]}]}]}, {"Node Type": "Index Scan", "Parent Relationship": "Inner", "Scan Direction": "Forward", "Index Name": "movie_id_movie_info_idx", "Relation Name": "movie_info_idx", "Alias": "mi_idx", "Startup Cost": 0.0, "Total Cost": 0.96, "Plan Rows": 1, "Plan Width": 13, "Index Cond": "(movie_id = mi.movie_id)", "Filter": "((info)::text > '8.0'::text)"}]}]}, {"Node Type": "Index Scan", "Parent Relationship": "Inner", "Scan Direction": "Forward", "Index Name": "title_pkey", "Relation Name": "title", "Alias": "t", "Startup Cost": 0.0, "Total Cost": 2.84, "Plan Rows": 1, "Plan Width": 21, "Index Cond": "(id = mi.movie_id)", "Filter": "((production_year >= 2008) AND (production_year <= 2014))"}]}, {"Node Type": "Index Scan", "Parent Relationship": "Inner", "Scan Direction": "Forward", "Index Name": "movie_id_cast_info", "Relation Name": "cast_info", "Alias": "ci", "Startup Cost": 0.0, "Total Cost": 2.34, "Plan Rows": 1, "Plan Width": 8, "Index Cond": "(movie_id = t.id)", "Filter": "((note)::text = ANY ('{(writer),\"(head writer)\",\"(written by)\",(story),\"(story editor)\"}'::text[]))"}]}, {"Node Type": "Index Scan", "Parent Relationship": "Inner", "Scan Direction": "Forward", "Index Name": "name_pkey", "Relation Name": "name", "Alias": "n", "Startup Cost": 0.0, "Total Cost": 0.49, "Plan Rows": 1, "Plan Width": 4, "Index Cond": "(id = ci.person_id)", "Filter": "((gender IS NOT NULL) AND ((gender)::text = 'f'::text))"}]}]}, "Unique SQL Id": 661781350, "Planner Runtime": 47}, "explain_analyze_plan": {"Plan": {"Node Type": "Aggregate", "Strategy": "Plain", "Startup Cost": 72993.18, "Total Cost": 72993.19, "Plan Rows": 1, "Plan Width": 160, "Actual Min Startup Time": 744.744, "Actual Max Startup Time": 744.744, "Actual Min Total Time": 744.745, "Actual Max Total Time": 744.745, "Plans": [{"Node Type": "Nested Loop", "Parent Relationship": "Outer", "Join Type": "Inner", "Startup Cost": 0.0, "Total Cost": 72991.54, "Plan Rows": 219, "Plan Width": 64, "Actual Min Startup Time": 360.554, "Actual Max Startup Time": 360.554, "Actual Min Total Time": 744.685, "Actual Max Total Time": 744.685, "Inner Unique": true, "Plans": [{"Node Type": "Nested Loop", "Parent Relationship": "Outer", "Join Type": "Inner", "Startup Cost": 0.0, "Total Cost": 72830.55, "Plan Rows": 321, "Plan Width": 68, "Actual Min Startup Time": 349.305, "Actual Max Startup Time": 349.305, "Actual Min Total Time": 742.187, "Actual Max Total Time": 742.187, "Inner Unique": false, "Plans": [{"Node Type": "Nested Loop", "Parent Relationship": "Outer", "Join Type": "Inner", "Startup Cost": 0.0, "Total Cost": 72145.52, "Plan Rows": 291, "Plan Width": 76, "Actual Min Startup Time": 347.86, "Actual Max Startup Time": 347.86, "Actual Min Total Time": 710.007, "Actual Max Total Time": 710.007, "Inner Unique": true, "Plans": [{"Node Type": "Nested Loop", "Parent Relationship": "Outer", "Join Type": "Inner", "Startup Cost": 0.0, "Total Cost": 71432.31, "Plan Rows": 250, "Plan Width": 55, "Actual Min Startup Time": 347.833, "Actual Max Startup Time": 347.833, "Actual Min Total Time": 704.112, "Actual Max Total Time": 704.112, "Inner Unique": false, "Join Filter": "(mi_idx.info_type_id = it2.id)", "Rows Removed by Join Filter": 3403, "Plans": [{"Node Type": "Seq Scan", "Parent Relationship": "Outer", "Relation Name": "info_type", "Alias": "it2", "Startup Cost": 0.0, "Total Cost": 2.4, "Plan Rows": 1, "Plan Width": 4, "Actual Min Startup Time": 0.096, "Actual Max Startup Time": 0.096, "Actual Min Total Time": 0.108, "Actual Max Total Time": 0.108, "Filter": "((info)::text = 'rating'::text)", "Rows Removed by Filter": 111, "Actual Rows": 1}, {"Node Type": "Nested Loop", "Parent Relationship": "Inner", "Join Type": "Inner", "Startup Cost": 0.0, "Total Cost": 71417.42, "Plan Rows": 999, "Plan Width": 59, "Actual Min Startup Time": 347.719, "Actual Max Startup Time": 347.719, "Actual Min Total Time": 701.609, "Actual Max Total Time": 701.609, "Inner Unique": false, "Plans": [{"Node Type": "Nested Loop", "Parent Relationship": "Outer", "Join Type": "Inner", "Startup Cost": 0.0, "Total Cost": 70475.56, "Plan Rows": 971, "Plan Width": 46, "Actual Min Startup Time": 347.616, "Actual Max Startup Time": 347.616, "Actual Min Total Time": 386.749, "Actual Max Total Time": 386.749, "Inner Unique": false, "Join Filter": "(it1.id = mi.info_type_id)", "Rows Removed by Join Filter": 789, "Plans": [{"Node Type": "Seq Scan", "Parent Relationship": "Outer", "Relation Name": "info_type", "Alias": "it1", "Startup Cost": 0.0, "Total Cost": 2.4, "Plan Rows": 1, "Plan Width": 4, "Actual Min Startup Time": 0.046, "Actual Max Startup Time": 0.046, "Actual Min Total Time": 0.079, "Actual Max Total Time": 0.079, "Filter": "((info)::text = 'genres'::text)", "Rows Removed by Filter": 111, "Actual Rows": 1}, {"Node Type": "Materialize", "Parent Relationship": "Inner", "Startup Cost": 0.0, "Total Cost": 69793.45, "Plan Rows": 67971, "Plan Width": 50, "Actual Min Startup Time": 347.531, "Actual Max Startup Time": 347.531, "Actual Min Total Time": 357.593, "Actual Max Total Time": 357.593, "Plans": [{"Node Type": "Streaming(type: LOCAL GATHER dop: 1/64)", "Parent Relationship": "Outer", "Startup Cost": 0.0, "Total Cost": 69623.52, "Plan Rows": 67971, "Plan Width": 50, "Actual Min Startup Time": 182.821, "Actual Max Startup Time": 182.821, "Actual Min Total Time": 336.355, "Actual Max Total Time": 336.355, "Plans": [{"Node Type": "Seq Scan", "Parent Relationship": "Outer", "Relation Name": "movie_info", "Alias": "mi", "Startup Cost": 0.0, "Total Cost": 68221.29, "Plan Rows": 67971, "Plan Width": 50, "Actual Min Startup Time": 53.746, "Actual Max Startup Time": 120.053, "Actual Min Total Time": 96.673, "Actual Max Total Time": 129.021, "Filter": "((note IS NULL) AND ((info)::text = ANY ('{Horror,Thriller}'::text[])))", "Rows Removed by Filter": 14762672, "Actual Rows": 73047}], "Actual Rows": 73047}], "Actual Rows": 73048}], "Actual Rows": 72258}, {"Node Type": "Index Scan", "Parent Relationship": "Inner", "Scan Direction": "Forward", "Index Name": "movie_id_movie_info_idx", "Relation Name": "movie_info_idx", "Alias": "mi_idx", "Startup Cost": 0.0, "Total Cost": 0.96, "Plan Rows": 1, "Plan Width": 13, "Actual Min Startup Time": 276.39, "Actual Max Startup Time": 276.39, "Actual Min Total Time": 279.918, "Actual Max Total Time": 279.918, "Index Cond": "(movie_id = mi.movie_id)", "Rows Removed by Index Recheck": 0, "Filter": "((info)::text > '8.0'::text)", "Rows Removed by Filter": 113143, "Actual Rows": 4135}], "Actual Rows": 4135}], "Actual Rows": 732}, {"Node Type": "Index Scan", "Parent Relationship": "Inner", "Scan Direction": "Forward", "Index Name": "title_pkey", "Relation Name": "title", "Alias": "t", "Startup Cost": 0.0, "Total Cost": 2.84, "Plan Rows": 1, "Plan Width": 21, "Actual Min Startup Time": 5.3, "Actual Max Startup Time": 5.3, "Actual Min Total Time": 5.3, "Actual Max Total Time": 5.3, "Index Cond": "(id = mi.movie_id)", "Rows Removed by Index Recheck": 0, "Filter": "((production_year >= 2008) AND (production_year <= 2014))", "Rows Removed by Filter": 374, "Actual Rows": 358}], "Actual Rows": 358}, {"Node Type": "Index Scan", "Parent Relationship": "Inner", "Scan Direction": "Forward", "Index Name": "movie_id_cast_info", "Relation Name": "cast_info", "Alias": "ci", "Startup Cost": 0.0, "Total Cost": 2.34, "Plan Rows": 1, "Plan Width": 8, "Actual Min Startup Time": 25.141, "Actual Max Startup Time": 25.141, "Actual Min Total Time": 31.897, "Actual Max Total Time": 31.897, "Index Cond": "(movie_id = t.id)", "Rows Removed by Index Recheck": 0, "Filter": "((note)::text = ANY ('{(writer),\"(head writer)\",\"(written by)\",(story),\"(story editor)\"}'::text[]))", "Rows Removed by Filter": 12296, "Actual Rows": 268}], "Actual Rows": 268}, {"Node Type": "Index Scan", "Parent Relationship": "Inner", "Scan Direction": "Forward", "Index Name": "name_pkey", "Relation Name": "name", "Alias": "n", "Startup Cost": 0.0, "Total Cost": 0.49, "Plan Rows": 1, "Plan Width": 4, "Actual Min Startup Time": 2.298, "Actual Max Startup Time": 2.298, "Actual Min Total Time": 2.298, "Actual Max Total Time": 2.298, "Index Cond": "(id = ci.person_id)", "Rows Removed by Index Recheck": 0, "Filter": "((gender IS NOT NULL) AND ((gender)::text = 'f'::text))", "Rows Removed by Filter": 257, "Actual Rows": 11}], "Actual Rows": 11}], "Actual Rows": 1}, "Triggers": [], "Planner Runtime": 47.81, "Total Runtime": 757.105, "Unique SQL Id": 661781350}}, "(64, '5')": {"explain_plan": {"Plan": {"Node Type": "Aggregate", "Strategy": "Plain", "Startup Cost": 84230.9, "Total Cost": 84230.91, "Plan Rows": 1, "Plan Width": 160, "Plans": [{"Node Type": "Nested Loop", "Parent Relationship": "Outer", "Join Type": "Inner", "Startup Cost": 7419.04, "Total Cost": 84229.26, "Plan Rows": 219, "Plan Width": 64, "Inner Unique": true, "Plans": [{"Node Type": "Nested Loop", "Parent Relationship": "Outer", "Join Type": "Inner", "Startup Cost": 7419.04, "Total Cost": 84068.27, "Plan Rows": 321, "Plan Width": 68, "Inner Unique": false, "Plans": [{"Node Type": "Nested Loop", "Parent Relationship": "Outer", "Join Type": "Inner", "Startup Cost": 7419.04, "Total Cost": 83383.24, "Plan Rows": 291, "Plan Width": 76, "Inner Unique": false, "Join Filter": "(mi.info_type_id = it1.id)", "Plans": [{"Node Type": "Index Scan", "Parent Relationship": "Outer", "Scan Direction": "Forward", "Index Name": "info_type_pkey", "Relation Name": "info_type", "Alias": "it1", "Startup Cost": 0.0, "Total Cost": 14.21, "Plan Rows": 1, "Plan Width": 4, "Filter": "((info)::text = 'genres'::text)"}, {"Node Type": "Nested Loop", "Parent Relationship": "Inner", "Join Type": "Inner", "Startup Cost": 7419.04, "Total Cost": 83197.12, "Plan Rows": 13753, "Plan Width": 80, "Inner Unique": false, "Plans": [{"Node Type": "Nested Loop", "Parent Relationship": "Outer", "Join Type": "Inner", "Startup Cost": 7419.04, "Total Cost": 61824.99, "Plan Rows": 15041, "Plan Width": 30, "Inner Unique": true, "Plans": [{"Node Type": "Nested Loop", "Parent Relationship": "Outer", "Join Type": "Inner", "Startup Cost": 7419.04, "Total Cost": 19211.73, "Plan Rows": 12936, "Plan Width": 9, "Inner Unique": false, "Plans": [{"Node Type": "Index Scan", "Parent Relationship": "Outer", "Scan Direction": "Forward", "Index Name": "info_type_pkey", "Relation Name": "info_type", "Alias": "it2", "Startup Cost": 0.0, "Total Cost": 14.21, "Plan Rows": 1, "Plan Width": 4, "Filter": "((info)::text = 'rating'::text)"}, {"Node Type": "Bitmap Heap Scan", "Parent Relationship": "Inner", "Relation Name": "movie_info_idx", "Alias": "mi_idx", "Startup Cost": 7419.04, "Total Cost": 19068.16, "Plan Rows": 12936, "Plan Width": 13, "Recheck Cond": "(info_type_id = it2.id)", "Filter": "((info)::text > '8.0'::text)", "Plans": [{"Node Type": "Bitmap Index Scan", "Parent Relationship": "Outer", "Index Name": "info_type_id_movie_info_idx", "Startup Cost": 0.0, "Total Cost": 7415.81, "Plan Rows": 345008, "Plan Width": 0, "Index Cond": "(info_type_id = it2.id)"}]}]}, {"Node Type": "Index Scan", "Parent Relationship": "Inner", "Scan Direction": "Forward", "Index Name": "title_pkey", "Relation Name": "title", "Alias": "t", "Startup Cost": 0.0, "Total Cost": 3.28, "Plan Rows": 1, "Plan Width": 21, "Index Cond": "(id = mi_idx.movie_id)", "Filter": "((production_year >= 2008) AND (production_year <= 2014))"}]}, {"Node Type": "Index Scan", "Parent Relationship": "Inner", "Scan Direction": "Forward", "Index Name": "movie_id_movie_info", "Relation Name": "movie_info", "Alias": "mi", "Startup Cost": 0.0, "Total Cost": 1.41, "Plan Rows": 1, "Plan Width": 50, "Index Cond": "(movie_id = t.id)", "Filter": "((note IS NULL) AND ((info)::text = ANY ('{Horror,Thriller}'::text[])))"}]}]}, {"Node Type": "Index Scan", "Parent Relationship": "Inner", "Scan Direction": "Forward", "Index Name": "movie_id_cast_info", "Relation Name": "cast_info", "Alias": "ci", "Startup Cost": 0.0, "Total Cost": 2.34, "Plan Rows": 1, "Plan Width": 8, "Index Cond": "(movie_id = t.id)", "Filter": "((note)::text = ANY ('{(writer),\"(head writer)\",\"(written by)\",(story),\"(story editor)\"}'::text[]))"}]}, {"Node Type": "Index Scan", "Parent Relationship": "Inner", "Scan Direction": "Forward", "Index Name": "name_pkey", "Relation Name": "name", "Alias": "n", "Startup Cost": 0.0, "Total Cost": 0.49, "Plan Rows": 1, "Plan Width": 4, "Index Cond": "(id = ci.person_id)", "Filter": "((gender IS NOT NULL) AND ((gender)::text = 'f'::text))"}]}]}, "Unique SQL Id": 661781350, "Planner Runtime": 24}, "explain_analyze_plan": {"Plan": {"Node Type": "Aggregate", "Strategy": "Plain", "Startup Cost": 84230.9, "Total Cost": 84230.91, "Plan Rows": 1, "Plan Width": 160, "Actual Startup Time": 677.344, "Actual Total Time": 677.345, "Actual Rows": 1, "Actual Loops": 1, "Plans": [{"Node Type": "Nested Loop", "Parent Relationship": "Outer", "Join Type": "Inner", "Startup Cost": 7419.04, "Total Cost": 84229.26, "Plan Rows": 219, "Plan Width": 64, "Actual Startup Time": 358.103, "Actual Total Time": 677.277, "Actual Rows": 11, "Actual Loops": 1, "Inner Unique": true, "Plans": [{"Node Type": "Nested Loop", "Parent Relationship": "Outer", "Join Type": "Inner", "Startup Cost": 7419.04, "Total Cost": 84068.27, "Plan Rows": 321, "Plan Width": 68, "Actual Startup Time": 122.374, "Actual Total Time": 674.358, "Actual Rows": 268, "Actual Loops": 1, "Inner Unique": false, "Plans": [{"Node Type": "Nested Loop", "Parent Relationship": "Outer", "Join Type": "Inner", "Startup Cost": 7419.04, "Total Cost": 83383.24, "Plan Rows": 291, "Plan Width": 76, "Actual Startup Time": 60.014, "Actual Total Time": 639.461, "Actual Rows": 358, "Actual Loops": 1, "Inner Unique": false, "Join Filter": "(mi.info_type_id = it1.id)", "Rows Removed by Join Filter": 0, "Plans": [{"Node Type": "Index Scan", "Parent Relationship": "Outer", "Scan Direction": "Forward", "Index Name": "info_type_pkey", "Relation Name": "info_type", "Alias": "it1", "Startup Cost": 0.0, "Total Cost": 14.21, "Plan Rows": 1, "Plan Width": 4, "Actual Startup Time": 0.023, "Actual Total Time": 0.078, "Actual Rows": 1, "Actual Loops": 1, "Filter": "((info)::text = 'genres'::text)", "Rows Removed by Filter": 111}, {"Node Type": "Nested Loop", "Parent Relationship": "Inner", "Join Type": "Inner", "Startup Cost": 7419.04, "Total Cost": 83197.12, "Plan Rows": 13753, "Plan Width": 80, "Actual Startup Time": 59.983, "Actual Total Time": 639.116, "Actual Rows": 358, "Actual Loops": 1, "Inner Unique": false, "Plans": [{"Node Type": "Nested Loop", "Parent Relationship": "Outer", "Join Type": "Inner", "Startup Cost": 7419.04, "Total Cost": 61824.99, "Plan Rows": 15041, "Plan Width": 30, "Actual Startup Time": 53.217, "Actual Total Time": 450.165, "Actual Rows": 6152, "Actual Loops": 1, "Inner Unique": true, "Plans": [{"Node Type": "Nested Loop", "Parent Relationship": "Outer", "Join Type": "Inner", "Startup Cost": 7419.04, "Total Cost": 19211.73, "Plan Rows": 12936, "Plan Width": 9, "Actual Startup Time": 51.722, "Actual Total Time": 355.277, "Actual Rows": 15849, "Actual Loops": 1, "Inner Unique": false, "Plans": [{"Node Type": "Index Scan", "Parent Relationship": "Outer", "Scan Direction": "Forward", "Index Name": "info_type_pkey", "Relation Name": "info_type", "Alias": "it2", "Startup Cost": 0.0, "Total Cost": 14.21, "Plan Rows": 1, "Plan Width": 4, "Actual Startup Time": 0.05, "Actual Total Time": 0.06, "Actual Rows": 1, "Actual Loops": 1, "Filter": "((info)::text = 'rating'::text)", "Rows Removed by Filter": 111}, {"Node Type": "Bitmap Heap Scan", "Parent Relationship": "Inner", "Relation Name": "movie_info_idx", "Alias": "mi_idx", "Startup Cost": 7419.04, "Total Cost": 19068.16, "Plan Rows": 12936, "Plan Width": 13, "Actual Startup Time": 51.666, "Actual Total Time": 351.606, "Actual Rows": 15849, "Actual Loops": 1, "Recheck Cond": "(info_type_id = it2.id)", "Rows Removed by Index Recheck": 0, "Filter": "((info)::text > '8.0'::text)", "Rows Removed by Filter": 444076, "Exact Heap Blocks": 6472, "Lossy Heap Blocks": 6472, "Plans": [{"Node Type": "Bitmap Index Scan", "Parent Relationship": "Outer", "Index Name": "info_type_id_movie_info_idx", "Startup Cost": 0.0, "Total Cost": 7415.81, "Plan Rows": 345008, "Plan Width": 0, "Actual Startup Time": 50.423, "Actual Total Time": 50.423, "Actual Rows": 459925, "Actual Loops": 1, "Index Cond": "(info_type_id = it2.id)"}]}]}, {"Node Type": "Index Scan", "Parent Relationship": "Inner", "Scan Direction": "Forward", "Index Name": "title_pkey", "Relation Name": "title", "Alias": "t", "Startup Cost": 0.0, "Total Cost": 3.28, "Plan Rows": 1, "Plan Width": 21, "Actual Startup Time": 84.58, "Actual Total Time": 84.58, "Actual Rows": 6152, "Actual Loops": 15849, "Index Cond": "(id = mi_idx.movie_id)", "Rows Removed by Index Recheck": 0, "Filter": "((production_year >= 2008) AND (production_year <= 2014))", "Rows Removed by Filter": 9697}]}, {"Node Type": "Index Scan", "Parent Relationship": "Inner", "Scan Direction": "Forward", "Index Name": "movie_id_movie_info", "Relation Name": "movie_info", "Alias": "mi", "Startup Cost": 0.0, "Total Cost": 1.41, "Plan Rows": 1, "Plan Width": 50, "Actual Startup Time": 185.159, "Actual Total Time": 185.486, "Actual Rows": 358, "Actual Loops": 6152, "Index Cond": "(movie_id = t.id)", "Rows Removed by Index Recheck": 0, "Filter": "((note IS NULL) AND ((info)::text = ANY ('{Horror,Thriller}'::text[])))", "Rows Removed by Filter": 109599}]}]}, {"Node Type": "Index Scan", "Parent Relationship": "Inner", "Scan Direction": "Forward", "Index Name": "movie_id_cast_info", "Relation Name": "cast_info", "Alias": "ci", "Startup Cost": 0.0, "Total Cost": 2.34, "Plan Rows": 1, "Plan Width": 8, "Actual Startup Time": 27.099, "Actual Total Time": 34.483, "Actual Rows": 268, "Actual Loops": 358, "Index Cond": "(movie_id = t.id)", "Rows Removed by Index Recheck": 0, "Filter": "((note)::text = ANY ('{(writer),\"(head writer)\",\"(written by)\",(story),\"(story editor)\"}'::text[]))", "Rows Removed by Filter": 12296}]}, {"Node Type": "Index Scan", "Parent Relationship": "Inner", "Scan Direction": "Forward", "Index Name": "name_pkey", "Relation Name": "name", "Alias": "n", "Startup Cost": 0.0, "Total Cost": 0.49, "Plan Rows": 1, "Plan Width": 4, "Actual Startup Time": 2.683, "Actual Total Time": 2.683, "Actual Rows": 11, "Actual Loops": 268, "Index Cond": "(id = ci.person_id)", "Rows Removed by Index Recheck": 0, "Filter": "((gender IS NOT NULL) AND ((gender)::text = 'f'::text))", "Rows Removed by Filter": 257}]}]}, "Triggers": [], "Planner Runtime": 24.054, "Total Runtime": 677.738, "Unique SQL Id": 661781350}}, "(64, '6')": {"explain_plan": {"Plan": {"Node Type": "Aggregate", "Strategy": "Plain", "Startup Cost": 79040.0, "Total Cost": 79040.01, "Plan Rows": 1, "Plan Width": 160, "Plans": [{"Node Type": "Nested Loop", "Parent Relationship": "Outer", "Join Type": "Inner", "Startup Cost": 2.67, "Total Cost": 79038.35, "Plan Rows": 219, "Plan Width": 64, "Inner Unique": true, "Plans": [{"Node Type": "Nested Loop", "Parent Relationship": "Outer", "Join Type": "Inner", "Startup Cost": 2.36, "Total Cost": 77647.24, "Plan Rows": 321, "Plan Width": 68, "Inner Unique": false, "Plans": [{"Node Type": "Nested Loop", "Parent Relationship": "Outer", "Join Type": "Inner", "Startup Cost": 1.35, "Total Cost": 76154.06, "Plan Rows": 291, "Plan Width": 76, "Inner Unique": true, "Plans": [{"Node Type": "Nested Loop", "Parent Relationship": "Outer", "Join Type": "Inner", "Startup Cost": 0.55, "Total Cost": 74946.61, "Plan Rows": 250, "Plan Width": 55, "Inner Unique": false, "Join Filter": "(mi_idx.info_type_id = it2.id)", "Plans": [{"Node Type": "Seq Scan", "Parent Relationship": "Outer", "Relation Name": "info_type", "Alias": "it2", "Startup Cost": 0.0, "Total Cost": 2.4, "Plan Rows": 1, "Plan Width": 4, "Filter": "((info)::text = 'rating'::text)"}, {"Node Type": "Nested Loop", "Parent Relationship": "Inner", "Join Type": "Inner", "Startup Cost": 0.55, "Total Cost": 74931.73, "Plan Rows": 999, "Plan Width": 59, "Inner Unique": false, "Plans": [{"Node Type": "Nested Loop", "Parent Relationship": "Outer", "Join Type": "Inner", "Startup Cost": 0.0, "Total Cost": 70475.56, "Plan Rows": 971, "Plan Width": 46, "Inner Unique": false, "Join Filter": "(it1.id = mi.info_type_id)", "Plans": [{"Node Type": "Seq Scan", "Parent Relationship": "Outer", "Relation Name": "info_type", "Alias": "it1", "Startup Cost": 0.0, "Total Cost": 2.4, "Plan Rows": 1, "Plan Width": 4, "Filter": "((info)::text = 'genres'::text)"}, {"Node Type": "Materialize", "Parent Relationship": "Inner", "Startup Cost": 0.0, "Total Cost": 69793.45, "Plan Rows": 67971, "Plan Width": 50, "Plans": [{"Node Type": "Streaming(type: LOCAL GATHER dop: 1/64)", "Parent Relationship": "Outer", "Startup Cost": 0.0, "Total Cost": 69623.52, "Plan Rows": 67971, "Plan Width": 50, "Plans": [{"Node Type": "Seq Scan", "Parent Relationship": "Outer", "Relation Name": "movie_info", "Alias": "mi", "Startup Cost": 0.0, "Total Cost": 68221.29, "Plan Rows": 67971, "Plan Width": 50, "Filter": "((note IS NULL) AND ((info)::text = ANY ('{Horror,Thriller}'::text[])))"}]}]}]}, {"Node Type": "Bitmap Heap Scan", "Parent Relationship": "Inner", "Relation Name": "movie_info_idx", "Alias": "mi_idx", "Startup Cost": 0.55, "Total Cost": 4.58, "Plan Rows": 1, "Plan Width": 13, "Recheck Cond": "(movie_id = mi.movie_id)", "Filter": "((info)::text > '8.0'::text)", "Plans": [{"Node Type": "Bitmap Index Scan", "Parent Relationship": "Outer", "Index Name": "movie_id_movie_info_idx", "Startup Cost": 0.0, "Total Cost": 0.55, "Plan Rows": 2, "Plan Width": 0, "Index Cond": "(movie_id = mi.movie_id)"}]}]}]}, {"Node Type": "Bitmap Heap Scan", "Parent Relationship": "Inner", "Relation Name": "title", "Alias": "t", "Startup Cost": 0.8, "Total Cost": 4.82, "Plan Rows": 1, "Plan Width": 21, "Recheck Cond": "(id = mi.movie_id)", "Filter": "((production_year >= 2008) AND (production_year <= 2014))", "Plans": [{"Node Type": "Bitmap Index Scan", "Parent Relationship": "Outer", "Index Name": "title_pkey", "Startup Cost": 0.0, "Total Cost": 0.8, "Plan Rows": 1, "Plan Width": 0, "Index Cond": "(id = mi.movie_id)"}]}]}, {"Node Type": "Bitmap Heap Scan", "Parent Relationship": "Inner", "Relation Name": "cast_info", "Alias": "ci", "Startup Cost": 1.01, "Total Cost": 5.12, "Plan Rows": 1, "Plan Width": 8, "Recheck Cond": "(movie_id = t.id)", "Filter": "((note)::text = ANY ('{(writer),\"(head writer)\",\"(written by)\",(story),\"(story editor)\"}'::text[]))", "Plans": [{"Node Type": "Bitmap Index Scan", "Parent Relationship": "Outer", "Index Name": "movie_id_cast_info", "Startup Cost": 0.0, "Total Cost": 1.01, "Plan Rows": 6, "Plan Width": 0, "Index Cond": "(movie_id = t.id)"}]}]}, {"Node Type": "Bitmap Heap Scan", "Parent Relationship": "Inner", "Relation Name": "name", "Alias": "n", "Startup Cost": 0.31, "Total Cost": 4.32, "Plan Rows": 1, "Plan Width": 4, "Recheck Cond": "(id = ci.person_id)", "Filter": "((gender IS NOT NULL) AND ((gender)::text = 'f'::text))", "Plans": [{"Node Type": "Bitmap Index Scan", "Parent Relationship": "Outer", "Index Name": "name_pkey", "Startup Cost": 0.0, "Total Cost": 0.31, "Plan Rows": 1, "Plan Width": 0, "Index Cond": "(id = ci.person_id)"}]}]}]}, "Unique SQL Id": 661781350, "Planner Runtime": 65}, "explain_analyze_plan": {"Plan": {"Node Type": "Aggregate", "Strategy": "Plain", "Startup Cost": 79040.0, "Total Cost": 79040.01, "Plan Rows": 1, "Plan Width": 160, "Actual Min Startup Time": 812.811, "Actual Max Startup Time": 812.811, "Actual Min Total Time": 812.811, "Actual Max Total Time": 812.811, "Plans": [{"Node Type": "Nested Loop", "Parent Relationship": "Outer", "Join Type": "Inner", "Startup Cost": 2.67, "Total Cost": 79038.35, "Plan Rows": 219, "Plan Width": 64, "Actual Min Startup Time": 388.712, "Actual Max Startup Time": 388.712, "Actual Min Total Time": 812.752, "Actual Max Total Time": 812.752, "Inner Unique": true, "Plans": [{"Node Type": "Nested Loop", "Parent Relationship": "Outer", "Join Type": "Inner", "Startup Cost": 2.36, "Total Cost": 77647.24, "Plan Rows": 321, "Plan Width": 68, "Actual Min Startup Time": 307.647, "Actual Max Startup Time": 307.647, "Actual Min Total Time": 809.564, "Actual Max Total Time": 809.564, "Inner Unique": false, "Plans": [{"Node Type": "Nested Loop", "Parent Relationship": "Outer", "Join Type": "Inner", "Startup Cost": 1.35, "Total Cost": 76154.06, "Plan Rows": 291, "Plan Width": 76, "Actual Min Startup Time": 307.553, "Actual Max Startup Time": 307.553, "Actual Min Total Time": 770.697, "Actual Max Total Time": 770.697, "Inner Unique": true, "Plans": [{"Node Type": "Nested Loop", "Parent Relationship": "Outer", "Join Type": "Inner", "Startup Cost": 0.55, "Total Cost": 74946.61, "Plan Rows": 250, "Plan Width": 55, "Actual Min Startup Time": 307.523, "Actual Max Startup Time": 307.523, "Actual Min Total Time": 762.726, "Actual Max Total Time": 762.726, "Inner Unique": false, "Join Filter": "(mi_idx.info_type_id = it2.id)", "Rows Removed by Join Filter": 3403, "Plans": [{"Node Type": "Seq Scan", "Parent Relationship": "Outer", "Relation Name": "info_type", "Alias": "it2", "Startup Cost": 0.0, "Total Cost": 2.4, "Plan Rows": 1, "Plan Width": 4, "Actual Min Startup Time": 0.098, "Actual Max Startup Time": 0.098, "Actual Min Total Time": 0.118, "Actual Max Total Time": 0.118, "Filter": "((info)::text = 'rating'::text)", "Rows Removed by Filter": 111, "Actual Rows": 1}, {"Node Type": "Nested Loop", "Parent Relationship": "Inner", "Join Type": "Inner", "Startup Cost": 0.55, "Total Cost": 74931.73, "Plan Rows": 999, "Plan Width": 59, "Actual Min Startup Time": 306.981, "Actual Max Startup Time": 306.981, "Actual Min Total Time": 759.629, "Actual Max Total Time": 759.629, "Inner Unique": false, "Plans": [{"Node Type": "Nested Loop", "Parent Relationship": "Outer", "Join Type": "Inner", "Startup Cost": 0.0, "Total Cost": 70475.56, "Plan Rows": 971, "Plan Width": 46, "Actual Min Startup Time": 306.629, "Actual Max Startup Time": 306.629, "Actual Min Total Time": 349.143, "Actual Max Total Time": 349.143, "Inner Unique": false, "Join Filter": "(it1.id = mi.info_type_id)", "Rows Removed by Join Filter": 789, "Plans": [{"Node Type": "Seq Scan", "Parent Relationship": "Outer", "Relation Name": "info_type", "Alias": "it1", "Startup Cost": 0.0, "Total Cost": 2.4, "Plan Rows": 1, "Plan Width": 4, "Actual Min Startup Time": 0.057, "Actual Max Startup Time": 0.057, "Actual Min Total Time": 0.104, "Actual Max Total Time": 0.104, "Filter": "((info)::text = 'genres'::text)", "Rows Removed by Filter": 111, "Actual Rows": 1}, {"Node Type": "Materialize", "Parent Relationship": "Inner", "Startup Cost": 0.0, "Total Cost": 69793.45, "Plan Rows": 67971, "Plan Width": 50, "Actual Min Startup Time": 306.535, "Actual Max Startup Time": 306.535, "Actual Min Total Time": 317.705, "Actual Max Total Time": 317.705, "Plans": [{"Node Type": "Streaming(type: LOCAL GATHER dop: 1/64)", "Parent Relationship": "Outer", "Startup Cost": 0.0, "Total Cost": 69623.52, "Plan Rows": 67971, "Plan Width": 50, "Actual Min Startup Time": 155.585, "Actual Max Startup Time": 155.585, "Actual Min Total Time": 295.065, "Actual Max Total Time": 295.065, "Plans": [{"Node Type": "Seq Scan", "Parent Relationship": "Outer", "Relation Name": "movie_info", "Alias": "mi", "Startup Cost": 0.0, "Total Cost": 68221.29, "Plan Rows": 67971, "Plan Width": 50, "Actual Min Startup Time": 54.273, "Actual Max Startup Time": 100.083, "Actual Min Total Time": 93.948, "Actual Max Total Time": 115.419, "Filter": "((note IS NULL) AND ((info)::text = ANY ('{Horror,Thriller}'::text[])))", "Rows Removed by Filter": 14762672, "Actual Rows": 73047}], "Actual Rows": 73047}], "Actual Rows": 73048}], "Actual Rows": 72258}, {"Node Type": "Bitmap Heap Scan", "Parent Relationship": "Inner", "Relation Name": "movie_info_idx", "Alias": "mi_idx", "Startup Cost": 0.55, "Total Cost": 4.58, "Plan Rows": 1, "Plan Width": 13, "Actual Min Startup Time": 329.234, "Actual Max Startup Time": 329.234, "Actual Min Total Time": 331.022, "Actual Max Total Time": 331.022, "Recheck Cond": "(movie_id = mi.movie_id)", "Rows Removed by Index Recheck": 0, "Filter": "((info)::text > '8.0'::text)", "Rows Removed by Filter": 113143, "Exact Heap Blocks": 39507, "Lossy Heap Blocks": 39507, "Plans": [{"Node Type": "Bitmap Index Scan", "Parent Relationship": "Outer", "Index Name": "movie_id_movie_info_idx", "Startup Cost": 0.0, "Total Cost": 0.55, "Plan Rows": 2, "Plan Width": 0, "Actual Min Startup Time": 192.42, "Actual Max Startup Time": 192.42, "Actual Min Total Time": 192.42, "Actual Max Total Time": 192.42, "Index Cond": "(movie_id = mi.movie_id)", "Actual Rows": 117278}], "Actual Rows": 4135}], "Actual Rows": 4135}], "Actual Rows": 732}, {"Node Type": "Bitmap Heap Scan", "Parent Relationship": "Inner", "Relation Name": "title", "Alias": "t", "Startup Cost": 0.8, "Total Cost": 4.82, "Plan Rows": 1, "Plan Width": 21, "Actual Min Startup Time": 6.373, "Actual Max Startup Time": 6.373, "Actual Min Total Time": 6.373, "Actual Max Total Time": 6.373, "Recheck Cond": "(id = mi.movie_id)", "Rows Removed by Index Recheck": 0, "Filter": "((production_year >= 2008) AND (production_year <= 2014))", "Rows Removed by Filter": 374, "Exact Heap Blocks": 732, "Lossy Heap Blocks": 732, "Plans": [{"Node Type": "Bitmap Index Scan", "Parent Relationship": "Outer", "Index Name": "title_pkey", "Startup Cost": 0.0, "Total Cost": 0.8, "Plan Rows": 1, "Plan Width": 0, "Actual Min Startup Time": 3.652, "Actual Max Startup Time": 3.652, "Actual Min Total Time": 3.652, "Actual Max Total Time": 3.652, "Index Cond": "(id = mi.movie_id)", "Actual Rows": 732}], "Actual Rows": 358}], "Actual Rows": 358}, {"Node Type": "Bitmap Heap Scan", "Parent Relationship": "Inner", "Relation Name": "cast_info", "Alias": "ci", "Startup Cost": 1.01, "Total Cost": 5.12, "Plan Rows": 1, "Plan Width": 8, "Actual Min Startup Time": 30.892, "Actual Max Startup Time": 30.892, "Actual Min Total Time": 38.081, "Actual Max Total Time": 38.081, "Recheck Cond": "(movie_id = t.id)", "Rows Removed by Index Recheck": 0, "Filter": "((note)::text = ANY ('{(writer),\"(head writer)\",\"(written by)\",(story),\"(story editor)\"}'::text[]))", "Rows Removed by Filter": 12296, "Exact Heap Blocks": 11454, "Lossy Heap Blocks": 11454, "Plans": [{"Node Type": "Bitmap Index Scan", "Parent Relationship": "Outer", "Index Name": "movie_id_cast_info", "Startup Cost": 0.0, "Total Cost": 1.01, "Plan Rows": 6, "Plan Width": 0, "Actual Min Startup Time": 5.397, "Actual Max Startup Time": 5.397, "Actual Min Total Time": 5.397, "Actual Max Total Time": 5.397, "Index Cond": "(movie_id = t.id)", "Actual Rows": 12564}], "Actual Rows": 268}], "Actual Rows": 268}, {"Node Type": "Bitmap Heap Scan", "Parent Relationship": "Inner", "Relation Name": "name", "Alias": "n", "Startup Cost": 0.31, "Total Cost": 4.32, "Plan Rows": 1, "Plan Width": 4, "Actual Min Startup Time": 2.722, "Actual Max Startup Time": 2.722, "Actual Min Total Time": 2.722, "Actual Max Total Time": 2.722, "Recheck Cond": "(id = ci.person_id)", "Rows Removed by Index Recheck": 0, "Filter": "((gender IS NOT NULL) AND ((gender)::text = 'f'::text))", "Rows Removed by Filter": 257, "Exact Heap Blocks": 268, "Lossy Heap Blocks": 268, "Plans": [{"Node Type": "Bitmap Index Scan", "Parent Relationship": "Outer", "Index Name": "name_pkey", "Startup Cost": 0.0, "Total Cost": 0.31, "Plan Rows": 1, "Plan Width": 0, "Actual Min Startup Time": 1.726, "Actual Max Startup Time": 1.726, "Actual Min Total Time": 1.726, "Actual Max Total Time": 1.726, "Index Cond": "(id = ci.person_id)", "Actual Rows": 268}], "Actual Rows": 11}], "Actual Rows": 11}], "Actual Rows": 1}, "Triggers": [], "Planner Runtime": 65.639, "Total Runtime": 826.211, "Unique SQL Id": 661781350}}, "(64, '7')": {"explain_plan": {"Plan": {"Node Type": "Aggregate", "Strategy": "Plain", "Startup Cost": 157109.69, "Total Cost": 157109.7, "Plan Rows": 1, "Plan Width": 160, "Plans": [{"Node Type": "Nested Loop", "Parent Relationship": "Outer", "Join Type": "Inner", "Startup Cost": 7439.53, "Total Cost": 157108.05, "Plan Rows": 219, "Plan Width": 64, "Inner Unique": true, "Plans": [{"Node Type": "Nested Loop", "Parent Relationship": "Outer", "Join Type": "Inner", "Startup Cost": 7439.22, "Total Cost": 155716.93, "Plan Rows": 321, "Plan Width": 68, "Inner Unique": false, "Plans": [{"Node Type": "Nested Loop", "Parent Relationship": "Outer", "Join Type": "Inner", "Startup Cost": 7438.22, "Total Cost": 154223.75, "Plan Rows": 291, "Plan Width": 76, "Inner Unique": false, "Join Filter": "(mi.info_type_id = it1.id)", "Plans": [{"Node Type": "Bitmap Heap Scan", "Parent Relationship": "Outer", "Relation Name": "info_type", "Alias": "it1", "Startup Cost": 8.81, "Total Cost": 14.21, "Plan Rows": 1, "Plan Width": 4, "Filter": "((info)::text = 'genres'::text)", "Plans": [{"Node Type": "Bitmap Index Scan", "Parent Relationship": "Outer", "Index Name": "info_type_pkey", "Startup Cost": 0.0, "Total Cost": 8.81, "Plan Rows": 112, "Plan Width": 0}]}, {"Node Type": "Nested Loop", "Parent Relationship": "Inner", "Join Type": "Inner", "Startup Cost": 7429.41, "Total Cost": 154037.63, "Plan Rows": 13753, "Plan Width": 80, "Inner Unique": false, "Plans": [{"Node Type": "Nested Loop", "Parent Relationship": "Outer", "Join Type": "Inner", "Startup Cost": 7428.83, "Total Cost": 83898.37, "Plan Rows": 15041, "Plan Width": 30, "Inner Unique": true, "Plans": [{"Node Type": "Nested Loop", "Parent Relationship": "Outer", "Join Type": "Inner", "Startup Cost": 7427.85, "Total Cost": 19211.73, "Plan Rows": 12936, "Plan Width": 9, "Inner Unique": false, "Plans": [{"Node Type": "Bitmap Heap Scan", "Parent Relationship": "Outer", "Relation Name": "info_type", "Alias": "it2", "Startup Cost": 8.81, "Total Cost": 14.21, "Plan Rows": 1, "Plan Width": 4, "Filter": "((info)::text = 'rating'::text)", "Plans": [{"Node Type": "Bitmap Index Scan", "Parent Relationship": "Outer", "Index Name": "info_type_pkey", "Startup Cost": 0.0, "Total Cost": 8.81, "Plan Rows": 112, "Plan Width": 0}]}, {"Node Type": "Bitmap Heap Scan", "Parent Relationship": "Inner", "Relation Name": "movie_info_idx", "Alias": "mi_idx", "Startup Cost": 7419.04, "Total Cost": 19068.16, "Plan Rows": 12936, "Plan Width": 13, "Recheck Cond": "(info_type_id = it2.id)", "Filter": "((info)::text > '8.0'::text)", "Plans": [{"Node Type": "Bitmap Index Scan", "Parent Relationship": "Outer", "Index Name": "info_type_id_movie_info_idx", "Startup Cost": 0.0, "Total Cost": 7415.81, "Plan Rows": 345008, "Plan Width": 0, "Index Cond": "(info_type_id = it2.id)"}]}]}, {"Node Type": "Bitmap Heap Scan", "Parent Relationship": "Inner", "Relation Name": "title", "Alias": "t", "Startup Cost": 0.97, "Total Cost": 4.99, "Plan Rows": 1, "Plan Width": 21, "Recheck Cond": "(id = mi_idx.movie_id)", "Filter": "((production_year >= 2008) AND (production_year <= 2014))", "Plans": [{"Node Type": "Bitmap Index Scan", "Parent Relationship": "Outer", "Index Name": "title_pkey", "Startup Cost": 0.0, "Total Cost": 0.97, "Plan Rows": 1, "Plan Width": 0, "Index Cond": "(id = mi_idx.movie_id)"}]}]}, {"Node Type": "Bitmap Heap Scan", "Parent Relationship": "Inner", "Relation Name": "movie_info", "Alias": "mi", "Startup Cost": 0.58, "Total Cost": 4.65, "Plan Rows": 1, "Plan Width": 50, "Recheck Cond": "(movie_id = t.id)", "Filter": "((note IS NULL) AND ((info)::text = ANY ('{Horror,Thriller}'::text[])))", "Plans": [{"Node Type": "Bitmap Index Scan", "Parent Relationship": "Outer", "Index Name": "movie_id_movie_info", "Startup Cost": 0.0, "Total Cost": 0.58, "Plan Rows": 5, "Plan Width": 0, "Index Cond": "(movie_id = t.id)"}]}]}]}, {"Node Type": "Bitmap Heap Scan", "Parent Relationship": "Inner", "Relation Name": "cast_info", "Alias": "ci", "Startup Cost": 1.01, "Total Cost": 5.12, "Plan Rows": 1, "Plan Width": 8, "Recheck Cond": "(movie_id = t.id)", "Filter": "((note)::text = ANY ('{(writer),\"(head writer)\",\"(written by)\",(story),\"(story editor)\"}'::text[]))", "Plans": [{"Node Type": "Bitmap Index Scan", "Parent Relationship": "Outer", "Index Name": "movie_id_cast_info", "Startup Cost": 0.0, "Total Cost": 1.01, "Plan Rows": 6, "Plan Width": 0, "Index Cond": "(movie_id = t.id)"}]}]}, {"Node Type": "Bitmap Heap Scan", "Parent Relationship": "Inner", "Relation Name": "name", "Alias": "n", "Startup Cost": 0.31, "Total Cost": 4.32, "Plan Rows": 1, "Plan Width": 4, "Recheck Cond": "(id = ci.person_id)", "Filter": "((gender IS NOT NULL) AND ((gender)::text = 'f'::text))", "Plans": [{"Node Type": "Bitmap Index Scan", "Parent Relationship": "Outer", "Index Name": "name_pkey", "Startup Cost": 0.0, "Total Cost": 0.31, "Plan Rows": 1, "Plan Width": 0, "Index Cond": "(id = ci.person_id)"}]}]}]}, "Unique SQL Id": 661781350, "Planner Runtime": 23}, "explain_analyze_plan": {"Plan": {"Node Type": "Aggregate", "Strategy": "Plain", "Startup Cost": 157109.69, "Total Cost": 157109.7, "Plan Rows": 1, "Plan Width": 160, "Actual Startup Time": 641.712, "Actual Total Time": 641.712, "Actual Rows": 1, "Actual Loops": 1, "Plans": [{"Node Type": "Nested Loop", "Parent Relationship": "Outer", "Join Type": "Inner", "Startup Cost": 7439.53, "Total Cost": 157108.05, "Plan Rows": 219, "Plan Width": 64, "Actual Startup Time": 369.881, "Actual Total Time": 641.653, "Actual Rows": 11, "Actual Loops": 1, "Inner Unique": true, "Plans": [{"Node Type": "Nested Loop", "Parent Relationship": "Outer", "Join Type": "Inner", "Startup Cost": 7439.22, "Total Cost": 155716.93, "Plan Rows": 321, "Plan Width": 68, "Actual Startup Time": 136.404, "Actual Total Time": 638.777, "Actual Rows": 268, "Actual Loops": 1, "Inner Unique": false, "Plans": [{"Node Type": "Nested Loop", "Parent Relationship": "Outer", "Join Type": "Inner", "Startup Cost": 7438.22, "Total Cost": 154223.75, "Plan Rows": 291, "Plan Width": 76, "Actual Startup Time": 62.071, "Actual Total Time": 601.341, "Actual Rows": 358, "Actual Loops": 1, "Inner Unique": false, "Join Filter": "(mi.info_type_id = it1.id)", "Rows Removed by Join Filter": 0, "Plans": [{"Node Type": "Bitmap Heap Scan", "Parent Relationship": "Outer", "Relation Name": "info_type", "Alias": "it1", "Startup Cost": 8.81, "Total Cost": 14.21, "Plan Rows": 1, "Plan Width": 4, "Actual Startup Time": 0.052, "Actual Total Time": 0.088, "Actual Rows": 1, "Actual Loops": 1, "Filter": "((info)::text = 'genres'::text)", "Rows Removed by Filter": 111, "Exact Heap Blocks": 1, "Lossy Heap Blocks": 1, "Plans": [{"Node Type": "Bitmap Index Scan", "Parent Relationship": "Outer", "Index Name": "info_type_pkey", "Startup Cost": 0.0, "Total Cost": 8.81, "Plan Rows": 112, "Plan Width": 0, "Actual Startup Time": 0.012, "Actual Total Time": 0.012, "Actual Rows": 112, "Actual Loops": 1}]}, {"Node Type": "Nested Loop", "Parent Relationship": "Inner", "Join Type": "Inner", "Startup Cost": 7429.41, "Total Cost": 154037.63, "Plan Rows": 13753, "Plan Width": 80, "Actual Startup Time": 62.009, "Actual Total Time": 600.951, "Actual Rows": 358, "Actual Loops": 1, "Inner Unique": false, "Plans": [{"Node Type": "Nested Loop", "Parent Relationship": "Outer", "Join Type": "Inner", "Startup Cost": 7428.83, "Total Cost": 83898.37, "Plan Rows": 15041, "Plan Width": 30, "Actual Startup Time": 54.142, "Actual Total Time": 420.438, "Actual Rows": 6152, "Actual Loops": 1, "Inner Unique": true, "Plans": [{"Node Type": "Nested Loop", "Parent Relationship": "Outer", "Join Type": "Inner", "Startup Cost": 7427.85, "Total Cost": 19211.73, "Plan Rows": 12936, "Plan Width": 9, "Actual Startup Time": 52.371, "Actual Total Time": 307.724, "Actual Rows": 15849, "Actual Loops": 1, "Inner Unique": false, "Plans": [{"Node Type": "Bitmap Heap Scan", "Parent Relationship": "Outer", "Relation Name": "info_type", "Alias": "it2", "Startup Cost": 8.81, "Total Cost": 14.21, "Plan Rows": 1, "Plan Width": 4, "Actual Startup Time": 0.051, "Actual Total Time": 0.06, "Actual Rows": 1, "Actual Loops": 1, "Filter": "((info)::text = 'rating'::text)", "Rows Removed by Filter": 111, "Exact Heap Blocks": 1, "Lossy Heap Blocks": 1, "Plans": [{"Node Type": "Bitmap Index Scan", "Parent Relationship": "Outer", "Index Name": "info_type_pkey", "Startup Cost": 0.0, "Total Cost": 8.81, "Plan Rows": 112, "Plan Width": 0, "Actual Startup Time": 0.008, "Actual Total Time": 0.008, "Actual Rows": 112, "Actual Loops": 1}]}, {"Node Type": "Bitmap Heap Scan", "Parent Relationship": "Inner", "Relation Name": "movie_info_idx", "Alias": "mi_idx", "Startup Cost": 7419.04, "Total Cost": 19068.16, "Plan Rows": 12936, "Plan Width": 13, "Actual Startup Time": 52.315, "Actual Total Time": 303.803, "Actual Rows": 15849, "Actual Loops": 1, "Recheck Cond": "(info_type_id = it2.id)", "Rows Removed by Index Recheck": 0, "Filter": "((info)::text > '8.0'::text)", "Rows Removed by Filter": 444076, "Exact Heap Blocks": 6472, "Lossy Heap Blocks": 6472, "Plans": [{"Node Type": "Bitmap Index Scan", "Parent Relationship": "Outer", "Index Name": "info_type_id_movie_info_idx", "Startup Cost": 0.0, "Total Cost": 7415.81, "Plan Rows": 345008, "Plan Width": 0, "Actual Startup Time": 51.054, "Actual Total Time": 51.054, "Actual Rows": 459925, "Actual Loops": 1, "Index Cond": "(info_type_id = it2.id)"}]}]}, {"Node Type": "Bitmap Heap Scan", "Parent Relationship": "Inner", "Relation Name": "title", "Alias": "t", "Startup Cost": 0.97, "Total Cost": 4.99, "Plan Rows": 1, "Plan Width": 21, "Actual Startup Time": 92.149, "Actual Total Time": 92.149, "Actual Rows": 6152, "Actual Loops": 15849, "Recheck Cond": "(id = mi_idx.movie_id)", "Rows Removed by Index Recheck": 0, "Filter": "((production_year >= 2008) AND (production_year <= 2014))", "Rows Removed by Filter": 9697, "Exact Heap Blocks": 15849, "Lossy Heap Blocks": 15849, "Plans": [{"Node Type": "Bitmap Index Scan", "Parent Relationship": "Outer", "Index Name": "title_pkey", "Startup Cost": 0.0, "Total Cost": 0.97, "Plan Rows": 1, "Plan Width": 0, "Actual Startup Time": 48.576, "Actual Total Time": 48.576, "Actual Rows": 15849, "Actual Loops": 15849, "Index Cond": "(id = mi_idx.movie_id)"}]}]}, {"Node Type": "Bitmap Heap Scan", "Parent Relationship": "Inner", "Relation Name": "movie_info", "Alias": "mi", "Startup Cost": 0.58, "Total Cost": 4.65, "Plan Rows": 1, "Plan Width": 50, "Actual Startup Time": 172.051, "Actual Total Time": 172.214, "Actual Rows": 358, "Actual Loops": 6152, "Recheck Cond": "(movie_id = t.id)", "Rows Removed by Index Recheck": 0, "Filter": "((note IS NULL) AND ((info)::text = ANY ('{Horror,Thriller}'::text[])))", "Rows Removed by Filter": 109599, "Exact Heap Blocks": 52726, "Lossy Heap Blocks": 52726, "Plans": [{"Node Type": "Bitmap Index Scan", "Parent Relationship": "Outer", "Index Name": "movie_id_movie_info", "Startup Cost": 0.0, "Total Cost": 0.58, "Plan Rows": 5, "Plan Width": 0, "Actual Startup Time": 40.994, "Actual Total Time": 40.994, "Actual Rows": 109957, "Actual Loops": 6152, "Index Cond": "(movie_id = t.id)"}]}]}]}, {"Node Type": "Bitmap Heap Scan", "Parent Relationship": "Inner", "Relation Name": "cast_info", "Alias": "ci", "Startup Cost": 1.01, "Total Cost": 5.12, "Plan Rows": 1, "Plan Width": 8, "Actual Startup Time": 29.533, "Actual Total Time": 36.492, "Actual Rows": 268, "Actual Loops": 358, "Recheck Cond": "(movie_id = t.id)", "Rows Removed by Index Recheck": 0, "Filter": "((note)::text = ANY ('{(writer),\"(head writer)\",\"(written by)\",(story),\"(story editor)\"}'::text[]))", "Rows Removed by Filter": 12296, "Exact Heap Blocks": 11454, "Lossy Heap Blocks": 11454, "Plans": [{"Node Type": "Bitmap Index Scan", "Parent Relationship": "Outer", "Index Name": "movie_id_cast_info", "Startup Cost": 0.0, "Total Cost": 1.01, "Plan Rows": 6, "Plan Width": 0, "Actual Startup Time": 5.133, "Actual Total Time": 5.133, "Actual Rows": 12564, "Actual Loops": 358, "Index Cond": "(movie_id = t.id)"}]}]}, {"Node Type": "Bitmap Heap Scan", "Parent Relationship": "Inner", "Relation Name": "name", "Alias": "n", "Startup Cost": 0.31, "Total Cost": 4.32, "Plan Rows": 1, "Plan Width": 4, "Actual Startup Time": 2.348, "Actual Total Time": 2.348, "Actual Rows": 11, "Actual Loops": 268, "Recheck Cond": "(id = ci.person_id)", "Rows Removed by Index Recheck": 0, "Filter": "((gender IS NOT NULL) AND ((gender)::text = 'f'::text))", "Rows Removed by Filter": 257, "Exact Heap Blocks": 268, "Lossy Heap Blocks": 268, "Plans": [{"Node Type": "Bitmap Index Scan", "Parent Relationship": "Outer", "Index Name": "name_pkey", "Startup Cost": 0.0, "Total Cost": 0.31, "Plan Rows": 1, "Plan Width": 0, "Actual Startup Time": 1.397, "Actual Total Time": 1.397, "Actual Rows": 268, "Actual Loops": 268, "Index Cond": "(id = ci.person_id)"}]}]}]}, "Triggers": [], "Planner Runtime": 23.242, "Total Runtime": 642.057, "Unique SQL Id": 661781350}}, "(64, '8')": {"explain_plan": {"Plan": {"Node Type": "Aggregate", "Strategy": "Plain", "Startup Cost": 72993.18, "Total Cost": 72993.19, "Plan Rows": 1, "Plan Width": 160, "Plans": [{"Node Type": "Nested Loop", "Parent Relationship": "Outer", "Join Type": "Inner", "Startup Cost": 0.0, "Total Cost": 72991.54, "Plan Rows": 219, "Plan Width": 64, "Inner Unique": true, "Plans": [{"Node Type": "Nested Loop", "Parent Relationship": "Outer", "Join Type": "Inner", "Startup Cost": 0.0, "Total Cost": 72830.55, "Plan Rows": 321, "Plan Width": 68, "Inner Unique": false, "Plans": [{"Node Type": "Nested Loop", "Parent Relationship": "Outer", "Join Type": "Inner", "Startup Cost": 0.0, "Total Cost": 72145.52, "Plan Rows": 291, "Plan Width": 76, "Inner Unique": true, "Plans": [{"Node Type": "Nested Loop", "Parent Relationship": "Outer", "Join Type": "Inner", "Startup Cost": 0.0, "Total Cost": 71432.31, "Plan Rows": 250, "Plan Width": 55, "Inner Unique": false, "Join Filter": "(mi_idx.info_type_id = it2.id)", "Plans": [{"Node Type": "Seq Scan", "Parent Relationship": "Outer", "Relation Name": "info_type", "Alias": "it2", "Startup Cost": 0.0, "Total Cost": 2.4, "Plan Rows": 1, "Plan Width": 4, "Filter": "((info)::text = 'rating'::text)"}, {"Node Type": "Nested Loop", "Parent Relationship": "Inner", "Join Type": "Inner", "Startup Cost": 0.0, "Total Cost": 71417.42, "Plan Rows": 999, "Plan Width": 59, "Inner Unique": false, "Plans": [{"Node Type": "Nested Loop", "Parent Relationship": "Outer", "Join Type": "Inner", "Startup Cost": 0.0, "Total Cost": 70475.56, "Plan Rows": 971, "Plan Width": 46, "Inner Unique": false, "Join Filter": "(it1.id = mi.info_type_id)", "Plans": [{"Node Type": "Seq Scan", "Parent Relationship": "Outer", "Relation Name": "info_type", "Alias": "it1", "Startup Cost": 0.0, "Total Cost": 2.4, "Plan Rows": 1, "Plan Width": 4, "Filter": "((info)::text = 'genres'::text)"}, {"Node Type": "Materialize", "Parent Relationship": "Inner", "Startup Cost": 0.0, "Total Cost": 69793.45, "Plan Rows": 67971, "Plan Width": 50, "Plans": [{"Node Type": "Streaming(type: LOCAL GATHER dop: 1/64)", "Parent Relationship": "Outer", "Startup Cost": 0.0, "Total Cost": 69623.52, "Plan Rows": 67971, "Plan Width": 50, "Plans": [{"Node Type": "Seq Scan", "Parent Relationship": "Outer", "Relation Name": "movie_info", "Alias": "mi", "Startup Cost": 0.0, "Total Cost": 68221.29, "Plan Rows": 67971, "Plan Width": 50, "Filter": "((note IS NULL) AND ((info)::text = ANY ('{Horror,Thriller}'::text[])))"}]}]}]}, {"Node Type": "Index Scan", "Parent Relationship": "Inner", "Scan Direction": "Forward", "Index Name": "movie_id_movie_info_idx", "Relation Name": "movie_info_idx", "Alias": "mi_idx", "Startup Cost": 0.0, "Total Cost": 0.96, "Plan Rows": 1, "Plan Width": 13, "Index Cond": "(movie_id = mi.movie_id)", "Filter": "((info)::text > '8.0'::text)"}]}]}, {"Node Type": "Index Scan", "Parent Relationship": "Inner", "Scan Direction": "Forward", "Index Name": "title_pkey", "Relation Name": "title", "Alias": "t", "Startup Cost": 0.0, "Total Cost": 2.84, "Plan Rows": 1, "Plan Width": 21, "Index Cond": "(id = mi.movie_id)", "Filter": "((production_year >= 2008) AND (production_year <= 2014))"}]}, {"Node Type": "Index Scan", "Parent Relationship": "Inner", "Scan Direction": "Forward", "Index Name": "movie_id_cast_info", "Relation Name": "cast_info", "Alias": "ci", "Startup Cost": 0.0, "Total Cost": 2.34, "Plan Rows": 1, "Plan Width": 8, "Index Cond": "(movie_id = t.id)", "Filter": "((note)::text = ANY ('{(writer),\"(head writer)\",\"(written by)\",(story),\"(story editor)\"}'::text[]))"}]}, {"Node Type": "Index Scan", "Parent Relationship": "Inner", "Scan Direction": "Forward", "Index Name": "name_pkey", "Relation Name": "name", "Alias": "n", "Startup Cost": 0.0, "Total Cost": 0.49, "Plan Rows": 1, "Plan Width": 4, "Index Cond": "(id = ci.person_id)", "Filter": "((gender IS NOT NULL) AND ((gender)::text = 'f'::text))"}]}]}, "Unique SQL Id": 661781350, "Planner Runtime": 47}, "explain_analyze_plan": {"Plan": {"Node Type": "Aggregate", "Strategy": "Plain", "Startup Cost": 72993.18, "Total Cost": 72993.19, "Plan Rows": 1, "Plan Width": 160, "Actual Min Startup Time": 744.744, "Actual Max Startup Time": 744.744, "Actual Min Total Time": 744.745, "Actual Max Total Time": 744.745, "Plans": [{"Node Type": "Nested Loop", "Parent Relationship": "Outer", "Join Type": "Inner", "Startup Cost": 0.0, "Total Cost": 72991.54, "Plan Rows": 219, "Plan Width": 64, "Actual Min Startup Time": 360.554, "Actual Max Startup Time": 360.554, "Actual Min Total Time": 744.685, "Actual Max Total Time": 744.685, "Inner Unique": true, "Plans": [{"Node Type": "Nested Loop", "Parent Relationship": "Outer", "Join Type": "Inner", "Startup Cost": 0.0, "Total Cost": 72830.55, "Plan Rows": 321, "Plan Width": 68, "Actual Min Startup Time": 349.305, "Actual Max Startup Time": 349.305, "Actual Min Total Time": 742.187, "Actual Max Total Time": 742.187, "Inner Unique": false, "Plans": [{"Node Type": "Nested Loop", "Parent Relationship": "Outer", "Join Type": "Inner", "Startup Cost": 0.0, "Total Cost": 72145.52, "Plan Rows": 291, "Plan Width": 76, "Actual Min Startup Time": 347.86, "Actual Max Startup Time": 347.86, "Actual Min Total Time": 710.007, "Actual Max Total Time": 710.007, "Inner Unique": true, "Plans": [{"Node Type": "Nested Loop", "Parent Relationship": "Outer", "Join Type": "Inner", "Startup Cost": 0.0, "Total Cost": 71432.31, "Plan Rows": 250, "Plan Width": 55, "Actual Min Startup Time": 347.833, "Actual Max Startup Time": 347.833, "Actual Min Total Time": 704.112, "Actual Max Total Time": 704.112, "Inner Unique": false, "Join Filter": "(mi_idx.info_type_id = it2.id)", "Rows Removed by Join Filter": 3403, "Plans": [{"Node Type": "Seq Scan", "Parent Relationship": "Outer", "Relation Name": "info_type", "Alias": "it2", "Startup Cost": 0.0, "Total Cost": 2.4, "Plan Rows": 1, "Plan Width": 4, "Actual Min Startup Time": 0.096, "Actual Max Startup Time": 0.096, "Actual Min Total Time": 0.108, "Actual Max Total Time": 0.108, "Filter": "((info)::text = 'rating'::text)", "Rows Removed by Filter": 111, "Actual Rows": 1}, {"Node Type": "Nested Loop", "Parent Relationship": "Inner", "Join Type": "Inner", "Startup Cost": 0.0, "Total Cost": 71417.42, "Plan Rows": 999, "Plan Width": 59, "Actual Min Startup Time": 347.719, "Actual Max Startup Time": 347.719, "Actual Min Total Time": 701.609, "Actual Max Total Time": 701.609, "Inner Unique": false, "Plans": [{"Node Type": "Nested Loop", "Parent Relationship": "Outer", "Join Type": "Inner", "Startup Cost": 0.0, "Total Cost": 70475.56, "Plan Rows": 971, "Plan Width": 46, "Actual Min Startup Time": 347.616, "Actual Max Startup Time": 347.616, "Actual Min Total Time": 386.749, "Actual Max Total Time": 386.749, "Inner Unique": false, "Join Filter": "(it1.id = mi.info_type_id)", "Rows Removed by Join Filter": 789, "Plans": [{"Node Type": "Seq Scan", "Parent Relationship": "Outer", "Relation Name": "info_type", "Alias": "it1", "Startup Cost": 0.0, "Total Cost": 2.4, "Plan Rows": 1, "Plan Width": 4, "Actual Min Startup Time": 0.046, "Actual Max Startup Time": 0.046, "Actual Min Total Time": 0.079, "Actual Max Total Time": 0.079, "Filter": "((info)::text = 'genres'::text)", "Rows Removed by Filter": 111, "Actual Rows": 1}, {"Node Type": "Materialize", "Parent Relationship": "Inner", "Startup Cost": 0.0, "Total Cost": 69793.45, "Plan Rows": 67971, "Plan Width": 50, "Actual Min Startup Time": 347.531, "Actual Max Startup Time": 347.531, "Actual Min Total Time": 357.593, "Actual Max Total Time": 357.593, "Plans": [{"Node Type": "Streaming(type: LOCAL GATHER dop: 1/64)", "Parent Relationship": "Outer", "Startup Cost": 0.0, "Total Cost": 69623.52, "Plan Rows": 67971, "Plan Width": 50, "Actual Min Startup Time": 182.821, "Actual Max Startup Time": 182.821, "Actual Min Total Time": 336.355, "Actual Max Total Time": 336.355, "Plans": [{"Node Type": "Seq Scan", "Parent Relationship": "Outer", "Relation Name": "movie_info", "Alias": "mi", "Startup Cost": 0.0, "Total Cost": 68221.29, "Plan Rows": 67971, "Plan Width": 50, "Actual Min Startup Time": 53.746, "Actual Max Startup Time": 120.053, "Actual Min Total Time": 96.673, "Actual Max Total Time": 129.021, "Filter": "((note IS NULL) AND ((info)::text = ANY ('{Horror,Thriller}'::text[])))", "Rows Removed by Filter": 14762672, "Actual Rows": 73047}], "Actual Rows": 73047}], "Actual Rows": 73048}], "Actual Rows": 72258}, {"Node Type": "Index Scan", "Parent Relationship": "Inner", "Scan Direction": "Forward", "Index Name": "movie_id_movie_info_idx", "Relation Name": "movie_info_idx", "Alias": "mi_idx", "Startup Cost": 0.0, "Total Cost": 0.96, "Plan Rows": 1, "Plan Width": 13, "Actual Min Startup Time": 276.39, "Actual Max Startup Time": 276.39, "Actual Min Total Time": 279.918, "Actual Max Total Time": 279.918, "Index Cond": "(movie_id = mi.movie_id)", "Rows Removed by Index Recheck": 0, "Filter": "((info)::text > '8.0'::text)", "Rows Removed by Filter": 113143, "Actual Rows": 4135}], "Actual Rows": 4135}], "Actual Rows": 732}, {"Node Type": "Index Scan", "Parent Relationship": "Inner", "Scan Direction": "Forward", "Index Name": "title_pkey", "Relation Name": "title", "Alias": "t", "Startup Cost": 0.0, "Total Cost": 2.84, "Plan Rows": 1, "Plan Width": 21, "Actual Min Startup Time": 5.3, "Actual Max Startup Time": 5.3, "Actual Min Total Time": 5.3, "Actual Max Total Time": 5.3, "Index Cond": "(id = mi.movie_id)", "Rows Removed by Index Recheck": 0, "Filter": "((production_year >= 2008) AND (production_year <= 2014))", "Rows Removed by Filter": 374, "Actual Rows": 358}], "Actual Rows": 358}, {"Node Type": "Index Scan", "Parent Relationship": "Inner", "Scan Direction": "Forward", "Index Name": "movie_id_cast_info", "Relation Name": "cast_info", "Alias": "ci", "Startup Cost": 0.0, "Total Cost": 2.34, "Plan Rows": 1, "Plan Width": 8, "Actual Min Startup Time": 25.141, "Actual Max Startup Time": 25.141, "Actual Min Total Time": 31.897, "Actual Max Total Time": 31.897, "Index Cond": "(movie_id = t.id)", "Rows Removed by Index Recheck": 0, "Filter": "((note)::text = ANY ('{(writer),\"(head writer)\",\"(written by)\",(story),\"(story editor)\"}'::text[]))", "Rows Removed by Filter": 12296, "Actual Rows": 268}], "Actual Rows": 268}, {"Node Type": "Index Scan", "Parent Relationship": "Inner", "Scan Direction": "Forward", "Index Name": "name_pkey", "Relation Name": "name", "Alias": "n", "Startup Cost": 0.0, "Total Cost": 0.49, "Plan Rows": 1, "Plan Width": 4, "Actual Min Startup Time": 2.298, "Actual Max Startup Time": 2.298, "Actual Min Total Time": 2.298, "Actual Max Total Time": 2.298, "Index Cond": "(id = ci.person_id)", "Rows Removed by Index Recheck": 0, "Filter": "((gender IS NOT NULL) AND ((gender)::text = 'f'::text))", "Rows Removed by Filter": 257, "Actual Rows": 11}], "Actual Rows": 11}], "Actual Rows": 1}, "Triggers": [], "Planner Runtime": 47.81, "Total Runtime": 757.105, "Unique SQL Id": 661781350}}, "(64, '9')": {"explain_plan": {"Plan": {"Node Type": "Aggregate", "Strategy": "Plain", "Startup Cost": 100899.17, "Total Cost": 100899.18, "Plan Rows": 1, "Plan Width": 160, "Plans": [{"Node Type": "Nested Loop", "Parent Relationship": "Outer", "Join Type": "Inner", "Startup Cost": 0.0, "Total Cost": 100897.52, "Plan Rows": 219, "Plan Width": 64, "Inner Unique": true, "Plans": [{"Node Type": "Nested Loop", "Parent Relationship": "Outer", "Join Type": "Inner", "Startup Cost": 0.0, "Total Cost": 100736.53, "Plan Rows": 321, "Plan Width": 68, "Inner Unique": false, "Plans": [{"Node Type": "Nested Loop", "Parent Relationship": "Outer", "Join Type": "Inner", "Startup Cost": 0.0, "Total Cost": 100051.51, "Plan Rows": 291, "Plan Width": 76, "Inner Unique": false, "Join Filter": "(mi.info_type_id = it1.id)", "Plans": [{"Node Type": "Index Scan", "Parent Relationship": "Outer", "Scan Direction": "Forward", "Index Name": "info_type_pkey", "Relation Name": "info_type", "Alias": "it1", "Startup Cost": 0.0, "Total Cost": 14.21, "Plan Rows": 1, "Plan Width": 4, "Filter": "((info)::text = 'genres'::text)"}, {"Node Type": "Nested Loop", "Parent Relationship": "Inner", "Join Type": "Inner", "Startup Cost": 0.0, "Total Cost": 99865.39, "Plan Rows": 13753, "Plan Width": 80, "Inner Unique": false, "Plans": [{"Node Type": "Nested Loop", "Parent Relationship": "Outer", "Join Type": "Inner", "Startup Cost": 0.0, "Total Cost": 78493.26, "Plan Rows": 15041, "Plan Width": 30, "Inner Unique": true, "Plans": [{"Node Type": "Nested Loop", "Parent Relationship": "Outer", "Join Type": "Inner", "Startup Cost": 0.0, "Total Cost": 35880.0, "Plan Rows": 12936, "Plan Width": 9, "Inner Unique": false, "Plans": [{"Node Type": "Index Scan", "Parent Relationship": "Outer", "Scan Direction": "Forward", "Index Name": "info_type_pkey", "Relation Name": "info_type", "Alias": "it2", "Startup Cost": 0.0, "Total Cost": 14.21, "Plan Rows": 1, "Plan Width": 4, "Filter": "((info)::text = 'rating'::text)"}, {"Node Type": "Index Scan", "Parent Relationship": "Inner", "Scan Direction": "Forward", "Index Name": "info_type_id_movie_info_idx", "Relation Name": "movie_info_idx", "Alias": "mi_idx", "Startup Cost": 0.0, "Total Cost": 35736.43, "Plan Rows": 12936, "Plan Width": 13, "Index Cond": "(info_type_id = it2.id)", "Filter": "((info)::text > '8.0'::text)"}]}, {"Node Type": "Index Scan", "Parent Relationship": "Inner", "Scan Direction": "Forward", "Index Name": "title_pkey", "Relation Name": "title", "Alias": "t", "Startup Cost": 0.0, "Total Cost": 3.28, "Plan Rows": 1, "Plan Width": 21, "Index Cond": "(id = mi_idx.movie_id)", "Filter": "((production_year >= 2008) AND (production_year <= 2014))"}]}, {"Node Type": "Index Scan", "Parent Relationship": "Inner", "Scan Direction": "Forward", "Index Name": "movie_id_movie_info", "Relation Name": "movie_info", "Alias": "mi", "Startup Cost": 0.0, "Total Cost": 1.41, "Plan Rows": 1, "Plan Width": 50, "Index Cond": "(movie_id = t.id)", "Filter": "((note IS NULL) AND ((info)::text = ANY ('{Horror,Thriller}'::text[])))"}]}]}, {"Node Type": "Index Scan", "Parent Relationship": "Inner", "Scan Direction": "Forward", "Index Name": "movie_id_cast_info", "Relation Name": "cast_info", "Alias": "ci", "Startup Cost": 0.0, "Total Cost": 2.34, "Plan Rows": 1, "Plan Width": 8, "Index Cond": "(movie_id = t.id)", "Filter": "((note)::text = ANY ('{(writer),\"(head writer)\",\"(written by)\",(story),\"(story editor)\"}'::text[]))"}]}, {"Node Type": "Index Scan", "Parent Relationship": "Inner", "Scan Direction": "Forward", "Index Name": "name_pkey", "Relation Name": "name", "Alias": "n", "Startup Cost": 0.0, "Total Cost": 0.49, "Plan Rows": 1, "Plan Width": 4, "Index Cond": "(id = ci.person_id)", "Filter": "((gender IS NOT NULL) AND ((gender)::text = 'f'::text))"}]}]}, "Unique SQL Id": 661781350, "Planner Runtime": 19}, "explain_analyze_plan": {"Plan": {"Node Type": "Aggregate", "Strategy": "Plain", "Startup Cost": 100899.17, "Total Cost": 100899.18, "Plan Rows": 1, "Plan Width": 160, "Actual Startup Time": 646.883, "Actual Total Time": 646.883, "Actual Rows": 1, "Actual Loops": 1, "Plans": [{"Node Type": "Nested Loop", "Parent Relationship": "Outer", "Join Type": "Inner", "Startup Cost": 0.0, "Total Cost": 100897.52, "Plan Rows": 219, "Plan Width": 64, "Actual Startup Time": 302.209, "Actual Total Time": 646.822, "Actual Rows": 11, "Actual Loops": 1, "Inner Unique": true, "Plans": [{"Node Type": "Nested Loop", "Parent Relationship": "Outer", "Join Type": "Inner", "Startup Cost": 0.0, "Total Cost": 100736.53, "Plan Rows": 321, "Plan Width": 68, "Actual Startup Time": 80.274, "Actual Total Time": 644.093, "Actual Rows": 268, "Actual Loops": 1, "Inner Unique": false, "Plans": [{"Node Type": "Nested Loop", "Parent Relationship": "Outer", "Join Type": "Inner", "Startup Cost": 0.0, "Total Cost": 100051.51, "Plan Rows": 291, "Plan Width": 76, "Actual Startup Time": 9.546, "Actual Total Time": 610.969, "Actual Rows": 358, "Actual Loops": 1, "Inner Unique": false, "Join Filter": "(mi.info_type_id = it1.id)", "Rows Removed by Join Filter": 0, "Plans": [{"Node Type": "Index Scan", "Parent Relationship": "Outer", "Scan Direction": "Forward", "Index Name": "info_type_pkey", "Relation Name": "info_type", "Alias": "it1", "Startup Cost": 0.0, "Total Cost": 14.21, "Plan Rows": 1, "Plan Width": 4, "Actual Startup Time": 0.023, "Actual Total Time": 0.078, "Actual Rows": 1, "Actual Loops": 1, "Filter": "((info)::text = 'genres'::text)", "Rows Removed by Filter": 111}, {"Node Type": "Nested Loop", "Parent Relationship": "Inner", "Join Type": "Inner", "Startup Cost": 0.0, "Total Cost": 99865.39, "Plan Rows": 13753, "Plan Width": 80, "Actual Startup Time": 9.515, "Actual Total Time": 610.676, "Actual Rows": 358, "Actual Loops": 1, "Inner Unique": false, "Plans": [{"Node Type": "Nested Loop", "Parent Relationship": "Outer", "Join Type": "Inner", "Startup Cost": 0.0, "Total Cost": 78493.26, "Plan Rows": 15041, "Plan Width": 30, "Actual Startup Time": 1.779, "Actual Total Time": 448.29, "Actual Rows": 6152, "Actual Loops": 1, "Inner Unique": true, "Plans": [{"Node Type": "Nested Loop", "Parent Relationship": "Outer", "Join Type": "Inner", "Startup Cost": 0.0, "Total Cost": 35880.0, "Plan Rows": 12936, "Plan Width": 9, "Actual Startup Time": 0.091, "Actual Total Time": 360.8, "Actual Rows": 15849, "Actual Loops": 1, "Inner Unique": false, "Plans": [{"Node Type": "Index Scan", "Parent Relationship": "Outer", "Scan Direction": "Forward", "Index Name": "info_type_pkey", "Relation Name": "info_type", "Alias": "it2", "Startup Cost": 0.0, "Total Cost": 14.21, "Plan Rows": 1, "Plan Width": 4, "Actual Startup Time": 0.051, "Actual Total Time": 0.061, "Actual Rows": 1, "Actual Loops": 1, "Filter": "((info)::text = 'rating'::text)", "Rows Removed by Filter": 111}, {"Node Type": "Index Scan", "Parent Relationship": "Inner", "Scan Direction": "Forward", "Index Name": "info_type_id_movie_info_idx", "Relation Name": "movie_info_idx", "Alias": "mi_idx", "Startup Cost": 0.0, "Total Cost": 35736.43, "Plan Rows": 12936, "Plan Width": 13, "Actual Startup Time": 0.039, "Actual Total Time": 357.075, "Actual Rows": 15849, "Actual Loops": 1, "Index Cond": "(info_type_id = it2.id)", "Rows Removed by Index Recheck": 0, "Filter": "((info)::text > '8.0'::text)", "Rows Removed by Filter": 444076}]}, {"Node Type": "Index Scan", "Parent Relationship": "Inner", "Scan Direction": "Forward", "Index Name": "title_pkey", "Relation Name": "title", "Alias": "t", "Startup Cost": 0.0, "Total Cost": 3.28, "Plan Rows": 1, "Plan Width": 21, "Actual Startup Time": 77.447, "Actual Total Time": 77.447, "Actual Rows": 6152, "Actual Loops": 15849, "Index Cond": "(id = mi_idx.movie_id)", "Rows Removed by Index Recheck": 0, "Filter": "((production_year >= 2008) AND (production_year <= 2014))", "Rows Removed by Filter": 9697}]}, {"Node Type": "Index Scan", "Parent Relationship": "Inner", "Scan Direction": "Forward", "Index Name": "movie_id_movie_info", "Relation Name": "movie_info", "Alias": "mi", "Startup Cost": 0.0, "Total Cost": 1.41, "Plan Rows": 1, "Plan Width": 50, "Actual Startup Time": 158.486, "Actual Total Time": 158.794, "Actual Rows": 358, "Actual Loops": 6152, "Index Cond": "(movie_id = t.id)", "Rows Removed by Index Recheck": 0, "Filter": "((note IS NULL) AND ((info)::text = ANY ('{Horror,Thriller}'::text[])))", "Rows Removed by Filter": 109599}]}]}, {"Node Type": "Index Scan", "Parent Relationship": "Inner", "Scan Direction": "Forward", "Index Name": "movie_id_cast_info", "Relation Name": "cast_info", "Alias": "ci", "Startup Cost": 0.0, "Total Cost": 2.34, "Plan Rows": 1, "Plan Width": 8, "Actual Startup Time": 25.735, "Actual Total Time": 32.721, "Actual Rows": 268, "Actual Loops": 358, "Index Cond": "(movie_id = t.id)", "Rows Removed by Index Recheck": 0, "Filter": "((note)::text = ANY ('{(writer),\"(head writer)\",\"(written by)\",(story),\"(story editor)\"}'::text[]))", "Rows Removed by Filter": 12296}]}, {"Node Type": "Index Scan", "Parent Relationship": "Inner", "Scan Direction": "Forward", "Index Name": "name_pkey", "Relation Name": "name", "Alias": "n", "Startup Cost": 0.0, "Total Cost": 0.49, "Plan Rows": 1, "Plan Width": 4, "Actual Startup Time": 2.504, "Actual Total Time": 2.504, "Actual Rows": 11, "Actual Loops": 268, "Index Cond": "(id = ci.person_id)", "Rows Removed by Index Recheck": 0, "Filter": "((gender IS NOT NULL) AND ((gender)::text = 'f'::text))", "Rows Removed by Filter": 257}]}]}, "Triggers": [], "Planner Runtime": 19.617, "Total Runtime": 647.192, "Unique SQL Id": 661781350}}, "(64, '10')": {"explain_plan": {"Plan": {"Node Type": "Aggregate", "Strategy": "Plain", "Startup Cost": 296070.58, "Total Cost": 296070.59, "Plan Rows": 1, "Plan Width": 160, "Plans": [{"Node Type": "Nested Loop", "Parent Relationship": "Outer", "Join Type": "Inner", "Startup Cost": 160836.71, "Total Cost": 296068.83, "Plan Rows": 233, "Plan Width": 64, "Inner Unique": false, "Join Filter": "(mi_idx.info_type_id = it2.id)", "Plans": [{"Node Type": "Seq Scan", "Parent Relationship": "Outer", "Relation Name": "info_type", "Alias": "it2", "Startup Cost": 0.0, "Total Cost": 2.4, "Plan Rows": 1, "Plan Width": 4, "Filter": "((info)::text = 'rating'::text)"}, {"Node Type": "Materialize", "Parent Relationship": "Inner", "Startup Cost": 160836.71, "Total Cost": 296057.09, "Plan Rows": 934, "Plan Width": 68, "Plans": [{"Node Type": "Hash Join", "Parent Relationship": "Outer", "Join Type": "Inner", "Startup Cost": 160836.71, "Total Cost": 296054.76, "Plan Rows": 934, "Plan Width": 68, "Inner Unique": true, "Hash Cond": "(ci.person_id = n.id)", "Plans": [{"Node Type": "Streaming(type: LOCAL GATHER dop: 1/64)", "Parent Relationship": "Outer", "Startup Cost": 133658.47, "Total Cost": 268862.37, "Plan Rows": 1285, "Plan Width": 72, "Plans": [{"Node Type": "Hash Join", "Parent Relationship": "Outer", "Join Type": "Inner", "Startup Cost": 133658.47, "Total Cost": 268835.86, "Plan Rows": 1285, "Plan Width": 72, "Inner Unique": false, "Hash Cond": "(t.id = ci.movie_id)", "Plans": [{"Node Type": "Streaming(type: BROADCAST dop: 64/1)", "Parent Relationship": "Outer", "Startup Cost": 114433.24, "Total Cost": 249543.62, "Plan Rows": 74368, "Plan Width": 80, "Plans": [{"Node Type": "Hash Join", "Parent Relationship": "Outer", "Join Type": "Inner", "Startup Cost": 114433.24, "Total Cost": 185009.41, "Plan Rows": 1162, "Plan Width": 80, "Inner Unique": true, "Hash Cond": "(mi.movie_id = t.id)", "Plans": [{"Node Type": "Hash Join", "Parent Relationship": "Outer", "Join Type": "Inner", "Startup Cost": 24371.25, "Total Cost": 94932.05, "Plan Rows": 999, "Plan Width": 59, "Inner Unique": false, "Hash Cond": "(mi.movie_id = mi_idx.movie_id)", "Plans": [{"Node Type": "Nested Loop", "Parent Relationship": "Outer", "Join Type": "Inner", "Startup Cost": 0.0, "Total Cost": 70475.56, "Plan Rows": 971, "Plan Width": 46, "Inner Unique": false, "Join Filter": "(it1.id = mi.info_type_id)", "Plans": [{"Node Type": "Seq Scan", "Parent Relationship": "Outer", "Relation Name": "info_type", "Alias": "it1", "Startup Cost": 0.0, "Total Cost": 2.4, "Plan Rows": 1, "Plan Width": 4, "Filter": "((info)::text = 'genres'::text)"}, {"Node Type": "Materialize", "Parent Relationship": "Inner", "Startup Cost": 0.0, "Total Cost": 69793.45, "Plan Rows": 67971, "Plan Width": 50, "Plans": [{"Node Type": "Streaming(type: LOCAL GATHER dop: 1/64)", "Parent Relationship": "Outer", "Startup Cost": 0.0, "Total Cost": 69623.52, "Plan Rows": 67971, "Plan Width": 50, "Plans": [{"Node Type": "Seq Scan", "Parent Relationship": "Outer", "Relation Name": "movie_info", "Alias": "mi", "Startup Cost": 0.0, "Total Cost": 68221.29, "Plan Rows": 67971, "Plan Width": 50, "Filter": "((note IS NULL) AND ((info)::text = ANY ('{Horror,Thriller}'::text[])))"}]}]}]}, {"Node Type": "Hash", "Parent Relationship": "Inner", "Startup Cost": 23724.42, "Total Cost": 23724.42, "Plan Rows": 51746, "Plan Width": 13, "Plans": [{"Node Type": "Seq Scan", "Parent Relationship": "Outer", "Relation Name": "movie_info_idx", "Alias": "mi_idx", "Startup Cost": 0.0, "Total Cost": 23724.42, "Plan Rows": 51746, "Plan Width": 13, "Filter": "((info)::text > '8.0'::text)"}]}]}, {"Node Type": "Hash", "Parent Relationship": "Inner", "Startup Cost": 80280.08, "Total Cost": 80280.08, "Plan Rows": 782553, "Plan Width": 21, "Plans": [{"Node Type": "Streaming(type: LOCAL GATHER dop: 1/64)", "Parent Relationship": "Outer", "Startup Cost": 288.58, "Total Cost": 80280.08, "Plan Rows": 782553, "Plan Width": 21, "Plans": [{"Node Type": "Seq Scan", "Parent Relationship": "Outer", "Relation Name": "title", "Alias": "t", "Startup Cost": 288.58, "Total Cost": 64136.1, "Plan Rows": 782553, "Plan Width": 21, "Filter": "((production_year >= 2008) AND (production_year <= 2014)), (LLVM Optimized)"}]}]}]}]}, {"Node Type": "Hash", "Parent Relationship": "Inner", "Startup Cost": 75945.31, "Total Cost": 75945.31, "Plan Rows": 1223154, "Plan Width": 8, "Plans": [{"Node Type": "Seq Scan", "Parent Relationship": "Outer", "Relation Name": "cast_info", "Alias": "ci", "Startup Cost": 0.0, "Total Cost": 75945.31, "Plan Rows": 1223154, "Plan Width": 8, "Filter": "((note)::text = ANY ('{(writer),\"(head writer)\",\"(written by)\",(story),\"(story editor)\"}'::text[]))"}]}]}]}, {"Node Type": "Hash", "Parent Relationship": "Inner", "Startup Cost": 77496.77, "Total Cost": 77496.77, "Plan Rows": 624324, "Plan Width": 4, "Plans": [{"Node Type": "Streaming(type: LOCAL GATHER dop: 1/64)", "Parent Relationship": "Outer", "Startup Cost": 0.0, "Total Cost": 77496.77, "Plan Rows": 624324, "Plan Width": 4, "Plans": [{"Node Type": "Seq Scan", "Parent Relationship": "Outer", "Relation Name": "name", "Alias": "n", "Startup Cost": 0.0, "Total Cost": 64617.04, "Plan Rows": 624324, "Plan Width": 4, "Filter": "((gender IS NOT NULL) AND ((gender)::text = 'f'::text)), (LLVM Optimized)"}]}]}]}]}]}]}, "Unique SQL Id": 661781350, "Planner Runtime": 102}, "explain_analyze_plan": null}, "(64, '11')": {"explain_plan": {"Plan": {"Node Type": "Aggregate", "Strategy": "Plain", "Startup Cost": 6971979256072.64, "Total Cost": 6971979256072.65, "Plan Rows": 1, "Plan Width": 160, "Plans": [{"Node Type": "Merge Join", "Parent Relationship": "Outer", "Join Type": "Inner", "Startup Cost": 70000000000.0, "Total Cost": 6971979256070.9, "Plan Rows": 233, "Plan Width": 64, "Inner Unique": true, "Merge Cond": "(ci.person_id = n.id)", "Plans": [{"Node Type": "Nested Loop", "Parent Relationship": "Outer", "Join Type": "Inner", "Startup Cost": 60000000000.0, "Total Cost": 5997470469312.04, "Plan Rows": 321, "Plan Width": 68, "Inner Unique": true, "Join Filter": "(mi.info_type_id = it1.id)", "Plans": [{"Node Type": "Nested Loop", "Parent Relationship": "Outer", "Join Type": "Inner", "Startup Cost": 50000000000.0, "Total Cost": 4997470467662.81, "Plan Rows": 15215, "Plan Width": 72, "Inner Unique": false, "Join Filter": "(t.id = ci.movie_id)", "Plans": [{"Node Type": "Index Scan", "Parent Relationship": "Outer", "Scan Direction": "Forward", "Index Name": "person_id_cast_info", "Relation Name": "cast_info", "Alias": "ci", "Startup Cost": 10000000000.0, "Total Cost": 1000193311016.96, "Plan Rows": 1223154, "Plan Width": 8, "Filter": "((note)::text = ANY ('{(writer),\"(head writer)\",\"(written by)\",(story),\"(story editor)\"}'::text[]))"}, {"Node Type": "Materialize", "Parent Relationship": "Inner", "Startup Cost": 40000000000.0, "Total Cost": 3997024826125.8, "Plan Rows": 13753, "Plan Width": 80, "Plans": [{"Node Type": "Merge Join", "Parent Relationship": "Outer", "Join Type": "Inner", "Startup Cost": 40000000000.0, "Total Cost": 3997024826057.04, "Plan Rows": 13753, "Plan Width": 80, "Inner Unique": false, "Merge Cond": "(t.id = mi.movie_id)", "Plans": [{"Node Type": "Merge Join", "Parent Relationship": "Outer", "Join Type": "Inner", "Startup Cost": 30000000000.0, "Total Cost": 2999088687984.57, "Plan Rows": 15041, "Plan Width": 30, "Inner Unique": true, "Merge Cond": "(mi_idx.movie_id = t.id)", "Plans": [{"Node Type": "Nested Loop", "Parent Relationship": "Outer", "Join Type": "Inner", "Startup Cost": 20000000000.0, "Total Cost": 2000004997241.06, "Plan Rows": 12936, "Plan Width": 9, "Inner Unique": true, "Join Filter": "(it2.id = mi_idx.info_type_id)", "Plans": [{"Node Type": "Index Scan", "Parent Relationship": "Outer", "Scan Direction": "Forward", "Index Name": "movie_id_movie_info_idx", "Relation Name": "movie_info_idx", "Alias": "mi_idx", "Startup Cost": 10000000000.0, "Total Cost": 1000004995043.87, "Plan Rows": 51746, "Plan Width": 13, "Filter": "((info)::text > '8.0'::text)"}, {"Node Type": "Materialize", "Parent Relationship": "Inner", "Startup Cost": 10000000000.0, "Total Cost": 1000000001421.0, "Plan Rows": 1, "Plan Width": 4, "Plans": [{"Node Type": "Index Scan", "Parent Relationship": "Outer", "Scan Direction": "Forward", "Index Name": "info_type_pkey", "Relation Name": "info_type", "Alias": "it2", "Startup Cost": 10000000000.0, "Total Cost": 1000000001421.0, "Plan Rows": 1, "Plan Width": 4, "Filter": "((info)::text = 'rating'::text)"}]}]}, {"Node Type": "Index Scan", "Parent Relationship": "Inner", "Scan Direction": "Forward", "Index Name": "title_pkey", "Relation Name": "title", "Alias": "t", "Startup Cost": 10000000000.0, "Total Cost": 1000012276204.41, "Plan Rows": 782553, "Plan Width": 21, "Filter": "((production_year >= 2008) AND (production_year <= 2014)), (LLVM Optimized)"}]}, {"Node Type": "Index Scan", "Parent Relationship": "Inner", "Scan Direction": "Forward", "Index Name": "movie_id_movie_info", "Relation Name": "movie_info", "Alias": "mi", "Startup Cost": 10000000000.0, "Total Cost": 1000107534403.72, "Plan Rows": 67971, "Plan Width": 50, "Filter": "((note IS NULL) AND ((info)::text = ANY ('{Horror,Thriller}'::text[])))"}]}]}]}, {"Node Type": "Materialize", "Parent Relationship": "Inner", "Startup Cost": 10000000000.0, "Total Cost": 1000000001421.0, "Plan Rows": 1, "Plan Width": 4, "Plans": [{"Node Type": "Index Scan", "Parent Relationship": "Outer", "Scan Direction": "Forward", "Index Name": "info_type_pkey", "Relation Name": "info_type", "Alias": "it1", "Startup Cost": 10000000000.0, "Total Cost": 1000000001421.0, "Plan Rows": 1, "Plan Width": 4, "Filter": "((info)::text = 'genres'::text)"}]}]}, {"Node Type": "Index Scan", "Parent Relationship": "Inner", "Scan Direction": "Forward", "Index Name": "name_pkey", "Relation Name": "name", "Alias": "n", "Startup Cost": 10000000000.0, "Total Cost": 1000018665147.2, "Plan Rows": 624324, "Plan Width": 4, "Filter": "((gender IS NOT NULL) AND ((gender)::text = 'f'::text)), (LLVM Optimized)"}]}]}, "Unique SQL Id": 661781350, "Planner Runtime": 98}, "explain_analyze_plan": null}, "(64, '12')": {"explain_plan": {"Plan": {"Node Type": "Aggregate", "Strategy": "Plain", "Startup Cost": 72993.18, "Total Cost": 72993.19, "Plan Rows": 1, "Plan Width": 160, "Plans": [{"Node Type": "Nested Loop", "Parent Relationship": "Outer", "Join Type": "Inner", "Startup Cost": 0.0, "Total Cost": 72991.54, "Plan Rows": 219, "Plan Width": 64, "Inner Unique": true, "Plans": [{"Node Type": "Nested Loop", "Parent Relationship": "Outer", "Join Type": "Inner", "Startup Cost": 0.0, "Total Cost": 72830.55, "Plan Rows": 321, "Plan Width": 68, "Inner Unique": false, "Plans": [{"Node Type": "Nested Loop", "Parent Relationship": "Outer", "Join Type": "Inner", "Startup Cost": 0.0, "Total Cost": 72145.52, "Plan Rows": 291, "Plan Width": 76, "Inner Unique": true, "Plans": [{"Node Type": "Nested Loop", "Parent Relationship": "Outer", "Join Type": "Inner", "Startup Cost": 0.0, "Total Cost": 71432.31, "Plan Rows": 250, "Plan Width": 55, "Inner Unique": false, "Join Filter": "(mi_idx.info_type_id = it2.id)", "Plans": [{"Node Type": "Seq Scan", "Parent Relationship": "Outer", "Relation Name": "info_type", "Alias": "it2", "Startup Cost": 0.0, "Total Cost": 2.4, "Plan Rows": 1, "Plan Width": 4, "Filter": "((info)::text = 'rating'::text)"}, {"Node Type": "Nested Loop", "Parent Relationship": "Inner", "Join Type": "Inner", "Startup Cost": 0.0, "Total Cost": 71417.42, "Plan Rows": 999, "Plan Width": 59, "Inner Unique": false, "Plans": [{"Node Type": "Nested Loop", "Parent Relationship": "Outer", "Join Type": "Inner", "Startup Cost": 0.0, "Total Cost": 70475.56, "Plan Rows": 971, "Plan Width": 46, "Inner Unique": false, "Join Filter": "(it1.id = mi.info_type_id)", "Plans": [{"Node Type": "Seq Scan", "Parent Relationship": "Outer", "Relation Name": "info_type", "Alias": "it1", "Startup Cost": 0.0, "Total Cost": 2.4, "Plan Rows": 1, "Plan Width": 4, "Filter": "((info)::text = 'genres'::text)"}, {"Node Type": "Materialize", "Parent Relationship": "Inner", "Startup Cost": 0.0, "Total Cost": 69793.45, "Plan Rows": 67971, "Plan Width": 50, "Plans": [{"Node Type": "Streaming(type: LOCAL GATHER dop: 1/64)", "Parent Relationship": "Outer", "Startup Cost": 0.0, "Total Cost": 69623.52, "Plan Rows": 67971, "Plan Width": 50, "Plans": [{"Node Type": "Seq Scan", "Parent Relationship": "Outer", "Relation Name": "movie_info", "Alias": "mi", "Startup Cost": 0.0, "Total Cost": 68221.29, "Plan Rows": 67971, "Plan Width": 50, "Filter": "((note IS NULL) AND ((info)::text = ANY ('{Horror,Thriller}'::text[])))"}]}]}]}, {"Node Type": "Index Scan", "Parent Relationship": "Inner", "Scan Direction": "Forward", "Index Name": "movie_id_movie_info_idx", "Relation Name": "movie_info_idx", "Alias": "mi_idx", "Startup Cost": 0.0, "Total Cost": 0.96, "Plan Rows": 1, "Plan Width": 13, "Index Cond": "(movie_id = mi.movie_id)", "Filter": "((info)::text > '8.0'::text)"}]}]}, {"Node Type": "Index Scan", "Parent Relationship": "Inner", "Scan Direction": "Forward", "Index Name": "title_pkey", "Relation Name": "title", "Alias": "t", "Startup Cost": 0.0, "Total Cost": 2.84, "Plan Rows": 1, "Plan Width": 21, "Index Cond": "(id = mi.movie_id)", "Filter": "((production_year >= 2008) AND (production_year <= 2014))"}]}, {"Node Type": "Index Scan", "Parent Relationship": "Inner", "Scan Direction": "Forward", "Index Name": "movie_id_cast_info", "Relation Name": "cast_info", "Alias": "ci", "Startup Cost": 0.0, "Total Cost": 2.34, "Plan Rows": 1, "Plan Width": 8, "Index Cond": "(movie_id = t.id)", "Filter": "((note)::text = ANY ('{(writer),\"(head writer)\",\"(written by)\",(story),\"(story editor)\"}'::text[]))"}]}, {"Node Type": "Index Scan", "Parent Relationship": "Inner", "Scan Direction": "Forward", "Index Name": "name_pkey", "Relation Name": "name", "Alias": "n", "Startup Cost": 0.0, "Total Cost": 0.49, "Plan Rows": 1, "Plan Width": 4, "Index Cond": "(id = ci.person_id)", "Filter": "((gender IS NOT NULL) AND ((gender)::text = 'f'::text))"}]}]}, "Unique SQL Id": 661781350, "Planner Runtime": 47}, "explain_analyze_plan": {"Plan": {"Node Type": "Aggregate", "Strategy": "Plain", "Startup Cost": 72993.18, "Total Cost": 72993.19, "Plan Rows": 1, "Plan Width": 160, "Actual Min Startup Time": 744.744, "Actual Max Startup Time": 744.744, "Actual Min Total Time": 744.745, "Actual Max Total Time": 744.745, "Plans": [{"Node Type": "Nested Loop", "Parent Relationship": "Outer", "Join Type": "Inner", "Startup Cost": 0.0, "Total Cost": 72991.54, "Plan Rows": 219, "Plan Width": 64, "Actual Min Startup Time": 360.554, "Actual Max Startup Time": 360.554, "Actual Min Total Time": 744.685, "Actual Max Total Time": 744.685, "Inner Unique": true, "Plans": [{"Node Type": "Nested Loop", "Parent Relationship": "Outer", "Join Type": "Inner", "Startup Cost": 0.0, "Total Cost": 72830.55, "Plan Rows": 321, "Plan Width": 68, "Actual Min Startup Time": 349.305, "Actual Max Startup Time": 349.305, "Actual Min Total Time": 742.187, "Actual Max Total Time": 742.187, "Inner Unique": false, "Plans": [{"Node Type": "Nested Loop", "Parent Relationship": "Outer", "Join Type": "Inner", "Startup Cost": 0.0, "Total Cost": 72145.52, "Plan Rows": 291, "Plan Width": 76, "Actual Min Startup Time": 347.86, "Actual Max Startup Time": 347.86, "Actual Min Total Time": 710.007, "Actual Max Total Time": 710.007, "Inner Unique": true, "Plans": [{"Node Type": "Nested Loop", "Parent Relationship": "Outer", "Join Type": "Inner", "Startup Cost": 0.0, "Total Cost": 71432.31, "Plan Rows": 250, "Plan Width": 55, "Actual Min Startup Time": 347.833, "Actual Max Startup Time": 347.833, "Actual Min Total Time": 704.112, "Actual Max Total Time": 704.112, "Inner Unique": false, "Join Filter": "(mi_idx.info_type_id = it2.id)", "Rows Removed by Join Filter": 3403, "Plans": [{"Node Type": "Seq Scan", "Parent Relationship": "Outer", "Relation Name": "info_type", "Alias": "it2", "Startup Cost": 0.0, "Total Cost": 2.4, "Plan Rows": 1, "Plan Width": 4, "Actual Min Startup Time": 0.096, "Actual Max Startup Time": 0.096, "Actual Min Total Time": 0.108, "Actual Max Total Time": 0.108, "Filter": "((info)::text = 'rating'::text)", "Rows Removed by Filter": 111, "Actual Rows": 1}, {"Node Type": "Nested Loop", "Parent Relationship": "Inner", "Join Type": "Inner", "Startup Cost": 0.0, "Total Cost": 71417.42, "Plan Rows": 999, "Plan Width": 59, "Actual Min Startup Time": 347.719, "Actual Max Startup Time": 347.719, "Actual Min Total Time": 701.609, "Actual Max Total Time": 701.609, "Inner Unique": false, "Plans": [{"Node Type": "Nested Loop", "Parent Relationship": "Outer", "Join Type": "Inner", "Startup Cost": 0.0, "Total Cost": 70475.56, "Plan Rows": 971, "Plan Width": 46, "Actual Min Startup Time": 347.616, "Actual Max Startup Time": 347.616, "Actual Min Total Time": 386.749, "Actual Max Total Time": 386.749, "Inner Unique": false, "Join Filter": "(it1.id = mi.info_type_id)", "Rows Removed by Join Filter": 789, "Plans": [{"Node Type": "Seq Scan", "Parent Relationship": "Outer", "Relation Name": "info_type", "Alias": "it1", "Startup Cost": 0.0, "Total Cost": 2.4, "Plan Rows": 1, "Plan Width": 4, "Actual Min Startup Time": 0.046, "Actual Max Startup Time": 0.046, "Actual Min Total Time": 0.079, "Actual Max Total Time": 0.079, "Filter": "((info)::text = 'genres'::text)", "Rows Removed by Filter": 111, "Actual Rows": 1}, {"Node Type": "Materialize", "Parent Relationship": "Inner", "Startup Cost": 0.0, "Total Cost": 69793.45, "Plan Rows": 67971, "Plan Width": 50, "Actual Min Startup Time": 347.531, "Actual Max Startup Time": 347.531, "Actual Min Total Time": 357.593, "Actual Max Total Time": 357.593, "Plans": [{"Node Type": "Streaming(type: LOCAL GATHER dop: 1/64)", "Parent Relationship": "Outer", "Startup Cost": 0.0, "Total Cost": 69623.52, "Plan Rows": 67971, "Plan Width": 50, "Actual Min Startup Time": 182.821, "Actual Max Startup Time": 182.821, "Actual Min Total Time": 336.355, "Actual Max Total Time": 336.355, "Plans": [{"Node Type": "Seq Scan", "Parent Relationship": "Outer", "Relation Name": "movie_info", "Alias": "mi", "Startup Cost": 0.0, "Total Cost": 68221.29, "Plan Rows": 67971, "Plan Width": 50, "Actual Min Startup Time": 53.746, "Actual Max Startup Time": 120.053, "Actual Min Total Time": 96.673, "Actual Max Total Time": 129.021, "Filter": "((note IS NULL) AND ((info)::text = ANY ('{Horror,Thriller}'::text[])))", "Rows Removed by Filter": 14762672, "Actual Rows": 73047}], "Actual Rows": 73047}], "Actual Rows": 73048}], "Actual Rows": 72258}, {"Node Type": "Index Scan", "Parent Relationship": "Inner", "Scan Direction": "Forward", "Index Name": "movie_id_movie_info_idx", "Relation Name": "movie_info_idx", "Alias": "mi_idx", "Startup Cost": 0.0, "Total Cost": 0.96, "Plan Rows": 1, "Plan Width": 13, "Actual Min Startup Time": 276.39, "Actual Max Startup Time": 276.39, "Actual Min Total Time": 279.918, "Actual Max Total Time": 279.918, "Index Cond": "(movie_id = mi.movie_id)", "Rows Removed by Index Recheck": 0, "Filter": "((info)::text > '8.0'::text)", "Rows Removed by Filter": 113143, "Actual Rows": 4135}], "Actual Rows": 4135}], "Actual Rows": 732}, {"Node Type": "Index Scan", "Parent Relationship": "Inner", "Scan Direction": "Forward", "Index Name": "title_pkey", "Relation Name": "title", "Alias": "t", "Startup Cost": 0.0, "Total Cost": 2.84, "Plan Rows": 1, "Plan Width": 21, "Actual Min Startup Time": 5.3, "Actual Max Startup Time": 5.3, "Actual Min Total Time": 5.3, "Actual Max Total Time": 5.3, "Index Cond": "(id = mi.movie_id)", "Rows Removed by Index Recheck": 0, "Filter": "((production_year >= 2008) AND (production_year <= 2014))", "Rows Removed by Filter": 374, "Actual Rows": 358}], "Actual Rows": 358}, {"Node Type": "Index Scan", "Parent Relationship": "Inner", "Scan Direction": "Forward", "Index Name": "movie_id_cast_info", "Relation Name": "cast_info", "Alias": "ci", "Startup Cost": 0.0, "Total Cost": 2.34, "Plan Rows": 1, "Plan Width": 8, "Actual Min Startup Time": 25.141, "Actual Max Startup Time": 25.141, "Actual Min Total Time": 31.897, "Actual Max Total Time": 31.897, "Index Cond": "(movie_id = t.id)", "Rows Removed by Index Recheck": 0, "Filter": "((note)::text = ANY ('{(writer),\"(head writer)\",\"(written by)\",(story),\"(story editor)\"}'::text[]))", "Rows Removed by Filter": 12296, "Actual Rows": 268}], "Actual Rows": 268}, {"Node Type": "Index Scan", "Parent Relationship": "Inner", "Scan Direction": "Forward", "Index Name": "name_pkey", "Relation Name": "name", "Alias": "n", "Startup Cost": 0.0, "Total Cost": 0.49, "Plan Rows": 1, "Plan Width": 4, "Actual Min Startup Time": 2.298, "Actual Max Startup Time": 2.298, "Actual Min Total Time": 2.298, "Actual Max Total Time": 2.298, "Index Cond": "(id = ci.person_id)", "Rows Removed by Index Recheck": 0, "Filter": "((gender IS NOT NULL) AND ((gender)::text = 'f'::text))", "Rows Removed by Filter": 257, "Actual Rows": 11}], "Actual Rows": 11}], "Actual Rows": 1}, "Triggers": [], "Planner Runtime": 47.81, "Total Runtime": 757.105, "Unique SQL Id": 661781350}}, "(64, '13')": {"explain_plan": {"Plan": {"Node Type": "Aggregate", "Strategy": "Plain", "Startup Cost": 100899.17, "Total Cost": 100899.18, "Plan Rows": 1, "Plan Width": 160, "Plans": [{"Node Type": "Nested Loop", "Parent Relationship": "Outer", "Join Type": "Inner", "Startup Cost": 0.0, "Total Cost": 100897.52, "Plan Rows": 219, "Plan Width": 64, "Inner Unique": true, "Plans": [{"Node Type": "Nested Loop", "Parent Relationship": "Outer", "Join Type": "Inner", "Startup Cost": 0.0, "Total Cost": 100736.53, "Plan Rows": 321, "Plan Width": 68, "Inner Unique": false, "Plans": [{"Node Type": "Nested Loop", "Parent Relationship": "Outer", "Join Type": "Inner", "Startup Cost": 0.0, "Total Cost": 100051.51, "Plan Rows": 291, "Plan Width": 76, "Inner Unique": false, "Join Filter": "(mi.info_type_id = it1.id)", "Plans": [{"Node Type": "Index Scan", "Parent Relationship": "Outer", "Scan Direction": "Forward", "Index Name": "info_type_pkey", "Relation Name": "info_type", "Alias": "it1", "Startup Cost": 0.0, "Total Cost": 14.21, "Plan Rows": 1, "Plan Width": 4, "Filter": "((info)::text = 'genres'::text)"}, {"Node Type": "Nested Loop", "Parent Relationship": "Inner", "Join Type": "Inner", "Startup Cost": 0.0, "Total Cost": 99865.39, "Plan Rows": 13753, "Plan Width": 80, "Inner Unique": false, "Plans": [{"Node Type": "Nested Loop", "Parent Relationship": "Outer", "Join Type": "Inner", "Startup Cost": 0.0, "Total Cost": 78493.26, "Plan Rows": 15041, "Plan Width": 30, "Inner Unique": true, "Plans": [{"Node Type": "Nested Loop", "Parent Relationship": "Outer", "Join Type": "Inner", "Startup Cost": 0.0, "Total Cost": 35880.0, "Plan Rows": 12936, "Plan Width": 9, "Inner Unique": false, "Plans": [{"Node Type": "Index Scan", "Parent Relationship": "Outer", "Scan Direction": "Forward", "Index Name": "info_type_pkey", "Relation Name": "info_type", "Alias": "it2", "Startup Cost": 0.0, "Total Cost": 14.21, "Plan Rows": 1, "Plan Width": 4, "Filter": "((info)::text = 'rating'::text)"}, {"Node Type": "Index Scan", "Parent Relationship": "Inner", "Scan Direction": "Forward", "Index Name": "info_type_id_movie_info_idx", "Relation Name": "movie_info_idx", "Alias": "mi_idx", "Startup Cost": 0.0, "Total Cost": 35736.43, "Plan Rows": 12936, "Plan Width": 13, "Index Cond": "(info_type_id = it2.id)", "Filter": "((info)::text > '8.0'::text)"}]}, {"Node Type": "Index Scan", "Parent Relationship": "Inner", "Scan Direction": "Forward", "Index Name": "title_pkey", "Relation Name": "title", "Alias": "t", "Startup Cost": 0.0, "Total Cost": 3.28, "Plan Rows": 1, "Plan Width": 21, "Index Cond": "(id = mi_idx.movie_id)", "Filter": "((production_year >= 2008) AND (production_year <= 2014))"}]}, {"Node Type": "Index Scan", "Parent Relationship": "Inner", "Scan Direction": "Forward", "Index Name": "movie_id_movie_info", "Relation Name": "movie_info", "Alias": "mi", "Startup Cost": 0.0, "Total Cost": 1.41, "Plan Rows": 1, "Plan Width": 50, "Index Cond": "(movie_id = t.id)", "Filter": "((note IS NULL) AND ((info)::text = ANY ('{Horror,Thriller}'::text[])))"}]}]}, {"Node Type": "Index Scan", "Parent Relationship": "Inner", "Scan Direction": "Forward", "Index Name": "movie_id_cast_info", "Relation Name": "cast_info", "Alias": "ci", "Startup Cost": 0.0, "Total Cost": 2.34, "Plan Rows": 1, "Plan Width": 8, "Index Cond": "(movie_id = t.id)", "Filter": "((note)::text = ANY ('{(writer),\"(head writer)\",\"(written by)\",(story),\"(story editor)\"}'::text[]))"}]}, {"Node Type": "Index Scan", "Parent Relationship": "Inner", "Scan Direction": "Forward", "Index Name": "name_pkey", "Relation Name": "name", "Alias": "n", "Startup Cost": 0.0, "Total Cost": 0.49, "Plan Rows": 1, "Plan Width": 4, "Index Cond": "(id = ci.person_id)", "Filter": "((gender IS NOT NULL) AND ((gender)::text = 'f'::text))"}]}]}, "Unique SQL Id": 661781350, "Planner Runtime": 19}, "explain_analyze_plan": {"Plan": {"Node Type": "Aggregate", "Strategy": "Plain", "Startup Cost": 100899.17, "Total Cost": 100899.18, "Plan Rows": 1, "Plan Width": 160, "Actual Startup Time": 646.883, "Actual Total Time": 646.883, "Actual Rows": 1, "Actual Loops": 1, "Plans": [{"Node Type": "Nested Loop", "Parent Relationship": "Outer", "Join Type": "Inner", "Startup Cost": 0.0, "Total Cost": 100897.52, "Plan Rows": 219, "Plan Width": 64, "Actual Startup Time": 302.209, "Actual Total Time": 646.822, "Actual Rows": 11, "Actual Loops": 1, "Inner Unique": true, "Plans": [{"Node Type": "Nested Loop", "Parent Relationship": "Outer", "Join Type": "Inner", "Startup Cost": 0.0, "Total Cost": 100736.53, "Plan Rows": 321, "Plan Width": 68, "Actual Startup Time": 80.274, "Actual Total Time": 644.093, "Actual Rows": 268, "Actual Loops": 1, "Inner Unique": false, "Plans": [{"Node Type": "Nested Loop", "Parent Relationship": "Outer", "Join Type": "Inner", "Startup Cost": 0.0, "Total Cost": 100051.51, "Plan Rows": 291, "Plan Width": 76, "Actual Startup Time": 9.546, "Actual Total Time": 610.969, "Actual Rows": 358, "Actual Loops": 1, "Inner Unique": false, "Join Filter": "(mi.info_type_id = it1.id)", "Rows Removed by Join Filter": 0, "Plans": [{"Node Type": "Index Scan", "Parent Relationship": "Outer", "Scan Direction": "Forward", "Index Name": "info_type_pkey", "Relation Name": "info_type", "Alias": "it1", "Startup Cost": 0.0, "Total Cost": 14.21, "Plan Rows": 1, "Plan Width": 4, "Actual Startup Time": 0.023, "Actual Total Time": 0.078, "Actual Rows": 1, "Actual Loops": 1, "Filter": "((info)::text = 'genres'::text)", "Rows Removed by Filter": 111}, {"Node Type": "Nested Loop", "Parent Relationship": "Inner", "Join Type": "Inner", "Startup Cost": 0.0, "Total Cost": 99865.39, "Plan Rows": 13753, "Plan Width": 80, "Actual Startup Time": 9.515, "Actual Total Time": 610.676, "Actual Rows": 358, "Actual Loops": 1, "Inner Unique": false, "Plans": [{"Node Type": "Nested Loop", "Parent Relationship": "Outer", "Join Type": "Inner", "Startup Cost": 0.0, "Total Cost": 78493.26, "Plan Rows": 15041, "Plan Width": 30, "Actual Startup Time": 1.779, "Actual Total Time": 448.29, "Actual Rows": 6152, "Actual Loops": 1, "Inner Unique": true, "Plans": [{"Node Type": "Nested Loop", "Parent Relationship": "Outer", "Join Type": "Inner", "Startup Cost": 0.0, "Total Cost": 35880.0, "Plan Rows": 12936, "Plan Width": 9, "Actual Startup Time": 0.091, "Actual Total Time": 360.8, "Actual Rows": 15849, "Actual Loops": 1, "Inner Unique": false, "Plans": [{"Node Type": "Index Scan", "Parent Relationship": "Outer", "Scan Direction": "Forward", "Index Name": "info_type_pkey", "Relation Name": "info_type", "Alias": "it2", "Startup Cost": 0.0, "Total Cost": 14.21, "Plan Rows": 1, "Plan Width": 4, "Actual Startup Time": 0.051, "Actual Total Time": 0.061, "Actual Rows": 1, "Actual Loops": 1, "Filter": "((info)::text = 'rating'::text)", "Rows Removed by Filter": 111}, {"Node Type": "Index Scan", "Parent Relationship": "Inner", "Scan Direction": "Forward", "Index Name": "info_type_id_movie_info_idx", "Relation Name": "movie_info_idx", "Alias": "mi_idx", "Startup Cost": 0.0, "Total Cost": 35736.43, "Plan Rows": 12936, "Plan Width": 13, "Actual Startup Time": 0.039, "Actual Total Time": 357.075, "Actual Rows": 15849, "Actual Loops": 1, "Index Cond": "(info_type_id = it2.id)", "Rows Removed by Index Recheck": 0, "Filter": "((info)::text > '8.0'::text)", "Rows Removed by Filter": 444076}]}, {"Node Type": "Index Scan", "Parent Relationship": "Inner", "Scan Direction": "Forward", "Index Name": "title_pkey", "Relation Name": "title", "Alias": "t", "Startup Cost": 0.0, "Total Cost": 3.28, "Plan Rows": 1, "Plan Width": 21, "Actual Startup Time": 77.447, "Actual Total Time": 77.447, "Actual Rows": 6152, "Actual Loops": 15849, "Index Cond": "(id = mi_idx.movie_id)", "Rows Removed by Index Recheck": 0, "Filter": "((production_year >= 2008) AND (production_year <= 2014))", "Rows Removed by Filter": 9697}]}, {"Node Type": "Index Scan", "Parent Relationship": "Inner", "Scan Direction": "Forward", "Index Name": "movie_id_movie_info", "Relation Name": "movie_info", "Alias": "mi", "Startup Cost": 0.0, "Total Cost": 1.41, "Plan Rows": 1, "Plan Width": 50, "Actual Startup Time": 158.486, "Actual Total Time": 158.794, "Actual Rows": 358, "Actual Loops": 6152, "Index Cond": "(movie_id = t.id)", "Rows Removed by Index Recheck": 0, "Filter": "((note IS NULL) AND ((info)::text = ANY ('{Horror,Thriller}'::text[])))", "Rows Removed by Filter": 109599}]}]}, {"Node Type": "Index Scan", "Parent Relationship": "Inner", "Scan Direction": "Forward", "Index Name": "movie_id_cast_info", "Relation Name": "cast_info", "Alias": "ci", "Startup Cost": 0.0, "Total Cost": 2.34, "Plan Rows": 1, "Plan Width": 8, "Actual Startup Time": 25.735, "Actual Total Time": 32.721, "Actual Rows": 268, "Actual Loops": 358, "Index Cond": "(movie_id = t.id)", "Rows Removed by Index Recheck": 0, "Filter": "((note)::text = ANY ('{(writer),\"(head writer)\",\"(written by)\",(story),\"(story editor)\"}'::text[]))", "Rows Removed by Filter": 12296}]}, {"Node Type": "Index Scan", "Parent Relationship": "Inner", "Scan Direction": "Forward", "Index Name": "name_pkey", "Relation Name": "name", "Alias": "n", "Startup Cost": 0.0, "Total Cost": 0.49, "Plan Rows": 1, "Plan Width": 4, "Actual Startup Time": 2.504, "Actual Total Time": 2.504, "Actual Rows": 11, "Actual Loops": 268, "Index Cond": "(id = ci.person_id)", "Rows Removed by Index Recheck": 0, "Filter": "((gender IS NOT NULL) AND ((gender)::text = 'f'::text))", "Rows Removed by Filter": 257}]}]}, "Triggers": [], "Planner Runtime": 19.617, "Total Runtime": 647.192, "Unique SQL Id": 661781350}}, "(64, '14')": {"explain_plan": {"Plan": {"Node Type": "Aggregate", "Strategy": "Plain", "Startup Cost": 296070.58, "Total Cost": 296070.59, "Plan Rows": 1, "Plan Width": 160, "Plans": [{"Node Type": "Nested Loop", "Parent Relationship": "Outer", "Join Type": "Inner", "Startup Cost": 160836.71, "Total Cost": 296068.83, "Plan Rows": 233, "Plan Width": 64, "Inner Unique": false, "Join Filter": "(mi_idx.info_type_id = it2.id)", "Plans": [{"Node Type": "Seq Scan", "Parent Relationship": "Outer", "Relation Name": "info_type", "Alias": "it2", "Startup Cost": 0.0, "Total Cost": 2.4, "Plan Rows": 1, "Plan Width": 4, "Filter": "((info)::text = 'rating'::text)"}, {"Node Type": "Materialize", "Parent Relationship": "Inner", "Startup Cost": 160836.71, "Total Cost": 296057.09, "Plan Rows": 934, "Plan Width": 68, "Plans": [{"Node Type": "Hash Join", "Parent Relationship": "Outer", "Join Type": "Inner", "Startup Cost": 160836.71, "Total Cost": 296054.76, "Plan Rows": 934, "Plan Width": 68, "Inner Unique": true, "Hash Cond": "(ci.person_id = n.id)", "Plans": [{"Node Type": "Streaming(type: LOCAL GATHER dop: 1/64)", "Parent Relationship": "Outer", "Startup Cost": 133658.47, "Total Cost": 268862.37, "Plan Rows": 1285, "Plan Width": 72, "Plans": [{"Node Type": "Hash Join", "Parent Relationship": "Outer", "Join Type": "Inner", "Startup Cost": 133658.47, "Total Cost": 268835.86, "Plan Rows": 1285, "Plan Width": 72, "Inner Unique": false, "Hash Cond": "(t.id = ci.movie_id)", "Plans": [{"Node Type": "Streaming(type: BROADCAST dop: 64/1)", "Parent Relationship": "Outer", "Startup Cost": 114433.24, "Total Cost": 249543.62, "Plan Rows": 74368, "Plan Width": 80, "Plans": [{"Node Type": "Hash Join", "Parent Relationship": "Outer", "Join Type": "Inner", "Startup Cost": 114433.24, "Total Cost": 185009.41, "Plan Rows": 1162, "Plan Width": 80, "Inner Unique": true, "Hash Cond": "(mi.movie_id = t.id)", "Plans": [{"Node Type": "Hash Join", "Parent Relationship": "Outer", "Join Type": "Inner", "Startup Cost": 24371.25, "Total Cost": 94932.05, "Plan Rows": 999, "Plan Width": 59, "Inner Unique": false, "Hash Cond": "(mi.movie_id = mi_idx.movie_id)", "Plans": [{"Node Type": "Nested Loop", "Parent Relationship": "Outer", "Join Type": "Inner", "Startup Cost": 0.0, "Total Cost": 70475.56, "Plan Rows": 971, "Plan Width": 46, "Inner Unique": false, "Join Filter": "(it1.id = mi.info_type_id)", "Plans": [{"Node Type": "Seq Scan", "Parent Relationship": "Outer", "Relation Name": "info_type", "Alias": "it1", "Startup Cost": 0.0, "Total Cost": 2.4, "Plan Rows": 1, "Plan Width": 4, "Filter": "((info)::text = 'genres'::text)"}, {"Node Type": "Materialize", "Parent Relationship": "Inner", "Startup Cost": 0.0, "Total Cost": 69793.45, "Plan Rows": 67971, "Plan Width": 50, "Plans": [{"Node Type": "Streaming(type: LOCAL GATHER dop: 1/64)", "Parent Relationship": "Outer", "Startup Cost": 0.0, "Total Cost": 69623.52, "Plan Rows": 67971, "Plan Width": 50, "Plans": [{"Node Type": "Seq Scan", "Parent Relationship": "Outer", "Relation Name": "movie_info", "Alias": "mi", "Startup Cost": 0.0, "Total Cost": 68221.29, "Plan Rows": 67971, "Plan Width": 50, "Filter": "((note IS NULL) AND ((info)::text = ANY ('{Horror,Thriller}'::text[])))"}]}]}]}, {"Node Type": "Hash", "Parent Relationship": "Inner", "Startup Cost": 23724.42, "Total Cost": 23724.42, "Plan Rows": 51746, "Plan Width": 13, "Plans": [{"Node Type": "Seq Scan", "Parent Relationship": "Outer", "Relation Name": "movie_info_idx", "Alias": "mi_idx", "Startup Cost": 0.0, "Total Cost": 23724.42, "Plan Rows": 51746, "Plan Width": 13, "Filter": "((info)::text > '8.0'::text)"}]}]}, {"Node Type": "Hash", "Parent Relationship": "Inner", "Startup Cost": 80280.08, "Total Cost": 80280.08, "Plan Rows": 782553, "Plan Width": 21, "Plans": [{"Node Type": "Streaming(type: LOCAL GATHER dop: 1/64)", "Parent Relationship": "Outer", "Startup Cost": 288.58, "Total Cost": 80280.08, "Plan Rows": 782553, "Plan Width": 21, "Plans": [{"Node Type": "Seq Scan", "Parent Relationship": "Outer", "Relation Name": "title", "Alias": "t", "Startup Cost": 288.58, "Total Cost": 64136.1, "Plan Rows": 782553, "Plan Width": 21, "Filter": "((production_year >= 2008) AND (production_year <= 2014)), (LLVM Optimized)"}]}]}]}]}, {"Node Type": "Hash", "Parent Relationship": "Inner", "Startup Cost": 75945.31, "Total Cost": 75945.31, "Plan Rows": 1223154, "Plan Width": 8, "Plans": [{"Node Type": "Seq Scan", "Parent Relationship": "Outer", "Relation Name": "cast_info", "Alias": "ci", "Startup Cost": 0.0, "Total Cost": 75945.31, "Plan Rows": 1223154, "Plan Width": 8, "Filter": "((note)::text = ANY ('{(writer),\"(head writer)\",\"(written by)\",(story),\"(story editor)\"}'::text[]))"}]}]}]}, {"Node Type": "Hash", "Parent Relationship": "Inner", "Startup Cost": 77496.77, "Total Cost": 77496.77, "Plan Rows": 624324, "Plan Width": 4, "Plans": [{"Node Type": "Streaming(type: LOCAL GATHER dop: 1/64)", "Parent Relationship": "Outer", "Startup Cost": 0.0, "Total Cost": 77496.77, "Plan Rows": 624324, "Plan Width": 4, "Plans": [{"Node Type": "Seq Scan", "Parent Relationship": "Outer", "Relation Name": "name", "Alias": "n", "Startup Cost": 0.0, "Total Cost": 64617.04, "Plan Rows": 624324, "Plan Width": 4, "Filter": "((gender IS NOT NULL) AND ((gender)::text = 'f'::text)), (LLVM Optimized)"}]}]}]}]}]}]}, "Unique SQL Id": 661781350, "Planner Runtime": 101}, "explain_analyze_plan": null}, "(64, '15')": {"explain_plan": {"Plan": {"Node Type": "Aggregate", "Strategy": "Plain", "Startup Cost": 6971979256072.64, "Total Cost": 6971979256072.65, "Plan Rows": 1, "Plan Width": 160, "Plans": [{"Node Type": "Merge Join", "Parent Relationship": "Outer", "Join Type": "Inner", "Startup Cost": 70000000000.0, "Total Cost": 6971979256070.9, "Plan Rows": 233, "Plan Width": 64, "Inner Unique": true, "Merge Cond": "(ci.person_id = n.id)", "Plans": [{"Node Type": "Nested Loop", "Parent Relationship": "Outer", "Join Type": "Inner", "Startup Cost": 60000000000.0, "Total Cost": 5997470469312.04, "Plan Rows": 321, "Plan Width": 68, "Inner Unique": true, "Join Filter": "(mi.info_type_id = it1.id)", "Plans": [{"Node Type": "Nested Loop", "Parent Relationship": "Outer", "Join Type": "Inner", "Startup Cost": 50000000000.0, "Total Cost": 4997470467662.81, "Plan Rows": 15215, "Plan Width": 72, "Inner Unique": false, "Join Filter": "(t.id = ci.movie_id)", "Plans": [{"Node Type": "Index Scan", "Parent Relationship": "Outer", "Scan Direction": "Forward", "Index Name": "person_id_cast_info", "Relation Name": "cast_info", "Alias": "ci", "Startup Cost": 10000000000.0, "Total Cost": 1000193311016.96, "Plan Rows": 1223154, "Plan Width": 8, "Filter": "((note)::text = ANY ('{(writer),\"(head writer)\",\"(written by)\",(story),\"(story editor)\"}'::text[]))"}, {"Node Type": "Materialize", "Parent Relationship": "Inner", "Startup Cost": 40000000000.0, "Total Cost": 3997024826125.8, "Plan Rows": 13753, "Plan Width": 80, "Plans": [{"Node Type": "Merge Join", "Parent Relationship": "Outer", "Join Type": "Inner", "Startup Cost": 40000000000.0, "Total Cost": 3997024826057.04, "Plan Rows": 13753, "Plan Width": 80, "Inner Unique": false, "Merge Cond": "(t.id = mi.movie_id)", "Plans": [{"Node Type": "Merge Join", "Parent Relationship": "Outer", "Join Type": "Inner", "Startup Cost": 30000000000.0, "Total Cost": 2999088687984.57, "Plan Rows": 15041, "Plan Width": 30, "Inner Unique": true, "Merge Cond": "(mi_idx.movie_id = t.id)", "Plans": [{"Node Type": "Nested Loop", "Parent Relationship": "Outer", "Join Type": "Inner", "Startup Cost": 20000000000.0, "Total Cost": 2000004997241.06, "Plan Rows": 12936, "Plan Width": 9, "Inner Unique": true, "Join Filter": "(it2.id = mi_idx.info_type_id)", "Plans": [{"Node Type": "Index Scan", "Parent Relationship": "Outer", "Scan Direction": "Forward", "Index Name": "movie_id_movie_info_idx", "Relation Name": "movie_info_idx", "Alias": "mi_idx", "Startup Cost": 10000000000.0, "Total Cost": 1000004995043.87, "Plan Rows": 51746, "Plan Width": 13, "Filter": "((info)::text > '8.0'::text)"}, {"Node Type": "Materialize", "Parent Relationship": "Inner", "Startup Cost": 10000000000.0, "Total Cost": 1000000001421.0, "Plan Rows": 1, "Plan Width": 4, "Plans": [{"Node Type": "Index Scan", "Parent Relationship": "Outer", "Scan Direction": "Forward", "Index Name": "info_type_pkey", "Relation Name": "info_type", "Alias": "it2", "Startup Cost": 10000000000.0, "Total Cost": 1000000001421.0, "Plan Rows": 1, "Plan Width": 4, "Filter": "((info)::text = 'rating'::text)"}]}]}, {"Node Type": "Index Scan", "Parent Relationship": "Inner", "Scan Direction": "Forward", "Index Name": "title_pkey", "Relation Name": "title", "Alias": "t", "Startup Cost": 10000000000.0, "Total Cost": 1000012276204.41, "Plan Rows": 782553, "Plan Width": 21, "Filter": "((production_year >= 2008) AND (production_year <= 2014)), (LLVM Optimized)"}]}, {"Node Type": "Index Scan", "Parent Relationship": "Inner", "Scan Direction": "Forward", "Index Name": "movie_id_movie_info", "Relation Name": "movie_info", "Alias": "mi", "Startup Cost": 10000000000.0, "Total Cost": 1000107534403.72, "Plan Rows": 67971, "Plan Width": 50, "Filter": "((note IS NULL) AND ((info)::text = ANY ('{Horror,Thriller}'::text[])))"}]}]}]}, {"Node Type": "Materialize", "Parent Relationship": "Inner", "Startup Cost": 10000000000.0, "Total Cost": 1000000001421.0, "Plan Rows": 1, "Plan Width": 4, "Plans": [{"Node Type": "Index Scan", "Parent Relationship": "Outer", "Scan Direction": "Forward", "Index Name": "info_type_pkey", "Relation Name": "info_type", "Alias": "it1", "Startup Cost": 10000000000.0, "Total Cost": 1000000001421.0, "Plan Rows": 1, "Plan Width": 4, "Filter": "((info)::text = 'genres'::text)"}]}]}, {"Node Type": "Index Scan", "Parent Relationship": "Inner", "Scan Direction": "Forward", "Index Name": "name_pkey", "Relation Name": "name", "Alias": "n", "Startup Cost": 10000000000.0, "Total Cost": 1000018665147.2, "Plan Rows": 624324, "Plan Width": 4, "Filter": "((gender IS NOT NULL) AND ((gender)::text = 'f'::text)), (LLVM Optimized)"}]}]}, "Unique SQL Id": 661781350, "Planner Runtime": 96}, "explain_analyze_plan": null}, "(64, '16')": {"explain_plan": {"Plan": {"Node Type": "Aggregate", "Strategy": "Plain", "Startup Cost": 72993.18, "Total Cost": 72993.19, "Plan Rows": 1, "Plan Width": 160, "Plans": [{"Node Type": "Nested Loop", "Parent Relationship": "Outer", "Join Type": "Inner", "Startup Cost": 0.0, "Total Cost": 72991.54, "Plan Rows": 219, "Plan Width": 64, "Inner Unique": true, "Plans": [{"Node Type": "Nested Loop", "Parent Relationship": "Outer", "Join Type": "Inner", "Startup Cost": 0.0, "Total Cost": 72830.55, "Plan Rows": 321, "Plan Width": 68, "Inner Unique": false, "Plans": [{"Node Type": "Nested Loop", "Parent Relationship": "Outer", "Join Type": "Inner", "Startup Cost": 0.0, "Total Cost": 72145.52, "Plan Rows": 291, "Plan Width": 76, "Inner Unique": true, "Plans": [{"Node Type": "Nested Loop", "Parent Relationship": "Outer", "Join Type": "Inner", "Startup Cost": 0.0, "Total Cost": 71432.31, "Plan Rows": 250, "Plan Width": 55, "Inner Unique": false, "Join Filter": "(mi_idx.info_type_id = it2.id)", "Plans": [{"Node Type": "Seq Scan", "Parent Relationship": "Outer", "Relation Name": "info_type", "Alias": "it2", "Startup Cost": 0.0, "Total Cost": 2.4, "Plan Rows": 1, "Plan Width": 4, "Filter": "((info)::text = 'rating'::text)"}, {"Node Type": "Nested Loop", "Parent Relationship": "Inner", "Join Type": "Inner", "Startup Cost": 0.0, "Total Cost": 71417.42, "Plan Rows": 999, "Plan Width": 59, "Inner Unique": false, "Plans": [{"Node Type": "Nested Loop", "Parent Relationship": "Outer", "Join Type": "Inner", "Startup Cost": 0.0, "Total Cost": 70475.56, "Plan Rows": 971, "Plan Width": 46, "Inner Unique": false, "Join Filter": "(it1.id = mi.info_type_id)", "Plans": [{"Node Type": "Seq Scan", "Parent Relationship": "Outer", "Relation Name": "info_type", "Alias": "it1", "Startup Cost": 0.0, "Total Cost": 2.4, "Plan Rows": 1, "Plan Width": 4, "Filter": "((info)::text = 'genres'::text)"}, {"Node Type": "Materialize", "Parent Relationship": "Inner", "Startup Cost": 0.0, "Total Cost": 69793.45, "Plan Rows": 67971, "Plan Width": 50, "Plans": [{"Node Type": "Streaming(type: LOCAL GATHER dop: 1/64)", "Parent Relationship": "Outer", "Startup Cost": 0.0, "Total Cost": 69623.52, "Plan Rows": 67971, "Plan Width": 50, "Plans": [{"Node Type": "Seq Scan", "Parent Relationship": "Outer", "Relation Name": "movie_info", "Alias": "mi", "Startup Cost": 0.0, "Total Cost": 68221.29, "Plan Rows": 67971, "Plan Width": 50, "Filter": "((note IS NULL) AND ((info)::text = ANY ('{Horror,Thriller}'::text[])))"}]}]}]}, {"Node Type": "Index Scan", "Parent Relationship": "Inner", "Scan Direction": "Forward", "Index Name": "movie_id_movie_info_idx", "Relation Name": "movie_info_idx", "Alias": "mi_idx", "Startup Cost": 0.0, "Total Cost": 0.96, "Plan Rows": 1, "Plan Width": 13, "Index Cond": "(movie_id = mi.movie_id)", "Filter": "((info)::text > '8.0'::text)"}]}]}, {"Node Type": "Index Scan", "Parent Relationship": "Inner", "Scan Direction": "Forward", "Index Name": "title_pkey", "Relation Name": "title", "Alias": "t", "Startup Cost": 0.0, "Total Cost": 2.84, "Plan Rows": 1, "Plan Width": 21, "Index Cond": "(id = mi.movie_id)", "Filter": "((production_year >= 2008) AND (production_year <= 2014))"}]}, {"Node Type": "Index Scan", "Parent Relationship": "Inner", "Scan Direction": "Forward", "Index Name": "movie_id_cast_info", "Relation Name": "cast_info", "Alias": "ci", "Startup Cost": 0.0, "Total Cost": 2.34, "Plan Rows": 1, "Plan Width": 8, "Index Cond": "(movie_id = t.id)", "Filter": "((note)::text = ANY ('{(writer),\"(head writer)\",\"(written by)\",(story),\"(story editor)\"}'::text[]))"}]}, {"Node Type": "Index Scan", "Parent Relationship": "Inner", "Scan Direction": "Forward", "Index Name": "name_pkey", "Relation Name": "name", "Alias": "n", "Startup Cost": 0.0, "Total Cost": 0.49, "Plan Rows": 1, "Plan Width": 4, "Index Cond": "(id = ci.person_id)", "Filter": "((gender IS NOT NULL) AND ((gender)::text = 'f'::text))"}]}]}, "Unique SQL Id": 661781350, "Planner Runtime": 21}, "explain_analyze_plan": {"Plan": {"Node Type": "Aggregate", "Strategy": "Plain", "Startup Cost": 72993.18, "Total Cost": 72993.19, "Plan Rows": 1, "Plan Width": 160, "Actual Min Startup Time": 744.744, "Actual Max Startup Time": 744.744, "Actual Min Total Time": 744.745, "Actual Max Total Time": 744.745, "Plans": [{"Node Type": "Nested Loop", "Parent Relationship": "Outer", "Join Type": "Inner", "Startup Cost": 0.0, "Total Cost": 72991.54, "Plan Rows": 219, "Plan Width": 64, "Actual Min Startup Time": 360.554, "Actual Max Startup Time": 360.554, "Actual Min Total Time": 744.685, "Actual Max Total Time": 744.685, "Inner Unique": true, "Plans": [{"Node Type": "Nested Loop", "Parent Relationship": "Outer", "Join Type": "Inner", "Startup Cost": 0.0, "Total Cost": 72830.55, "Plan Rows": 321, "Plan Width": 68, "Actual Min Startup Time": 349.305, "Actual Max Startup Time": 349.305, "Actual Min Total Time": 742.187, "Actual Max Total Time": 742.187, "Inner Unique": false, "Plans": [{"Node Type": "Nested Loop", "Parent Relationship": "Outer", "Join Type": "Inner", "Startup Cost": 0.0, "Total Cost": 72145.52, "Plan Rows": 291, "Plan Width": 76, "Actual Min Startup Time": 347.86, "Actual Max Startup Time": 347.86, "Actual Min Total Time": 710.007, "Actual Max Total Time": 710.007, "Inner Unique": true, "Plans": [{"Node Type": "Nested Loop", "Parent Relationship": "Outer", "Join Type": "Inner", "Startup Cost": 0.0, "Total Cost": 71432.31, "Plan Rows": 250, "Plan Width": 55, "Actual Min Startup Time": 347.833, "Actual Max Startup Time": 347.833, "Actual Min Total Time": 704.112, "Actual Max Total Time": 704.112, "Inner Unique": false, "Join Filter": "(mi_idx.info_type_id = it2.id)", "Rows Removed by Join Filter": 3403, "Plans": [{"Node Type": "Seq Scan", "Parent Relationship": "Outer", "Relation Name": "info_type", "Alias": "it2", "Startup Cost": 0.0, "Total Cost": 2.4, "Plan Rows": 1, "Plan Width": 4, "Actual Min Startup Time": 0.096, "Actual Max Startup Time": 0.096, "Actual Min Total Time": 0.108, "Actual Max Total Time": 0.108, "Filter": "((info)::text = 'rating'::text)", "Rows Removed by Filter": 111, "Actual Rows": 1}, {"Node Type": "Nested Loop", "Parent Relationship": "Inner", "Join Type": "Inner", "Startup Cost": 0.0, "Total Cost": 71417.42, "Plan Rows": 999, "Plan Width": 59, "Actual Min Startup Time": 347.719, "Actual Max Startup Time": 347.719, "Actual Min Total Time": 701.609, "Actual Max Total Time": 701.609, "Inner Unique": false, "Plans": [{"Node Type": "Nested Loop", "Parent Relationship": "Outer", "Join Type": "Inner", "Startup Cost": 0.0, "Total Cost": 70475.56, "Plan Rows": 971, "Plan Width": 46, "Actual Min Startup Time": 347.616, "Actual Max Startup Time": 347.616, "Actual Min Total Time": 386.749, "Actual Max Total Time": 386.749, "Inner Unique": false, "Join Filter": "(it1.id = mi.info_type_id)", "Rows Removed by Join Filter": 789, "Plans": [{"Node Type": "Seq Scan", "Parent Relationship": "Outer", "Relation Name": "info_type", "Alias": "it1", "Startup Cost": 0.0, "Total Cost": 2.4, "Plan Rows": 1, "Plan Width": 4, "Actual Min Startup Time": 0.046, "Actual Max Startup Time": 0.046, "Actual Min Total Time": 0.079, "Actual Max Total Time": 0.079, "Filter": "((info)::text = 'genres'::text)", "Rows Removed by Filter": 111, "Actual Rows": 1}, {"Node Type": "Materialize", "Parent Relationship": "Inner", "Startup Cost": 0.0, "Total Cost": 69793.45, "Plan Rows": 67971, "Plan Width": 50, "Actual Min Startup Time": 347.531, "Actual Max Startup Time": 347.531, "Actual Min Total Time": 357.593, "Actual Max Total Time": 357.593, "Plans": [{"Node Type": "Streaming(type: LOCAL GATHER dop: 1/64)", "Parent Relationship": "Outer", "Startup Cost": 0.0, "Total Cost": 69623.52, "Plan Rows": 67971, "Plan Width": 50, "Actual Min Startup Time": 182.821, "Actual Max Startup Time": 182.821, "Actual Min Total Time": 336.355, "Actual Max Total Time": 336.355, "Plans": [{"Node Type": "Seq Scan", "Parent Relationship": "Outer", "Relation Name": "movie_info", "Alias": "mi", "Startup Cost": 0.0, "Total Cost": 68221.29, "Plan Rows": 67971, "Plan Width": 50, "Actual Min Startup Time": 53.746, "Actual Max Startup Time": 120.053, "Actual Min Total Time": 96.673, "Actual Max Total Time": 129.021, "Filter": "((note IS NULL) AND ((info)::text = ANY ('{Horror,Thriller}'::text[])))", "Rows Removed by Filter": 14762672, "Actual Rows": 73047}], "Actual Rows": 73047}], "Actual Rows": 73048}], "Actual Rows": 72258}, {"Node Type": "Index Scan", "Parent Relationship": "Inner", "Scan Direction": "Forward", "Index Name": "movie_id_movie_info_idx", "Relation Name": "movie_info_idx", "Alias": "mi_idx", "Startup Cost": 0.0, "Total Cost": 0.96, "Plan Rows": 1, "Plan Width": 13, "Actual Min Startup Time": 276.39, "Actual Max Startup Time": 276.39, "Actual Min Total Time": 279.918, "Actual Max Total Time": 279.918, "Index Cond": "(movie_id = mi.movie_id)", "Rows Removed by Index Recheck": 0, "Filter": "((info)::text > '8.0'::text)", "Rows Removed by Filter": 113143, "Actual Rows": 4135}], "Actual Rows": 4135}], "Actual Rows": 732}, {"Node Type": "Index Scan", "Parent Relationship": "Inner", "Scan Direction": "Forward", "Index Name": "title_pkey", "Relation Name": "title", "Alias": "t", "Startup Cost": 0.0, "Total Cost": 2.84, "Plan Rows": 1, "Plan Width": 21, "Actual Min Startup Time": 5.3, "Actual Max Startup Time": 5.3, "Actual Min Total Time": 5.3, "Actual Max Total Time": 5.3, "Index Cond": "(id = mi.movie_id)", "Rows Removed by Index Recheck": 0, "Filter": "((production_year >= 2008) AND (production_year <= 2014))", "Rows Removed by Filter": 374, "Actual Rows": 358}], "Actual Rows": 358}, {"Node Type": "Index Scan", "Parent Relationship": "Inner", "Scan Direction": "Forward", "Index Name": "movie_id_cast_info", "Relation Name": "cast_info", "Alias": "ci", "Startup Cost": 0.0, "Total Cost": 2.34, "Plan Rows": 1, "Plan Width": 8, "Actual Min Startup Time": 25.141, "Actual Max Startup Time": 25.141, "Actual Min Total Time": 31.897, "Actual Max Total Time": 31.897, "Index Cond": "(movie_id = t.id)", "Rows Removed by Index Recheck": 0, "Filter": "((note)::text = ANY ('{(writer),\"(head writer)\",\"(written by)\",(story),\"(story editor)\"}'::text[]))", "Rows Removed by Filter": 12296, "Actual Rows": 268}], "Actual Rows": 268}, {"Node Type": "Index Scan", "Parent Relationship": "Inner", "Scan Direction": "Forward", "Index Name": "name_pkey", "Relation Name": "name", "Alias": "n", "Startup Cost": 0.0, "Total Cost": 0.49, "Plan Rows": 1, "Plan Width": 4, "Actual Min Startup Time": 2.298, "Actual Max Startup Time": 2.298, "Actual Min Total Time": 2.298, "Actual Max Total Time": 2.298, "Index Cond": "(id = ci.person_id)", "Rows Removed by Index Recheck": 0, "Filter": "((gender IS NOT NULL) AND ((gender)::text = 'f'::text))", "Rows Removed by Filter": 257, "Actual Rows": 11}], "Actual Rows": 11}], "Actual Rows": 1}, "Triggers": [], "Planner Runtime": 47.81, "Total Runtime": 757.105, "Unique SQL Id": 661781350}}, "(64, '17')": {"explain_plan": {"Plan": {"Node Type": "Aggregate", "Strategy": "Plain", "Startup Cost": 84230.9, "Total Cost": 84230.91, "Plan Rows": 1, "Plan Width": 160, "Plans": [{"Node Type": "Nested Loop", "Parent Relationship": "Outer", "Join Type": "Inner", "Startup Cost": 7419.04, "Total Cost": 84229.26, "Plan Rows": 219, "Plan Width": 64, "Inner Unique": true, "Plans": [{"Node Type": "Nested Loop", "Parent Relationship": "Outer", "Join Type": "Inner", "Startup Cost": 7419.04, "Total Cost": 84068.27, "Plan Rows": 321, "Plan Width": 68, "Inner Unique": false, "Plans": [{"Node Type": "Nested Loop", "Parent Relationship": "Outer", "Join Type": "Inner", "Startup Cost": 7419.04, "Total Cost": 83383.24, "Plan Rows": 291, "Plan Width": 76, "Inner Unique": false, "Join Filter": "(mi.info_type_id = it1.id)", "Plans": [{"Node Type": "Index Scan", "Parent Relationship": "Outer", "Scan Direction": "Forward", "Index Name": "info_type_pkey", "Relation Name": "info_type", "Alias": "it1", "Startup Cost": 0.0, "Total Cost": 14.21, "Plan Rows": 1, "Plan Width": 4, "Filter": "((info)::text = 'genres'::text)"}, {"Node Type": "Nested Loop", "Parent Relationship": "Inner", "Join Type": "Inner", "Startup Cost": 7419.04, "Total Cost": 83197.12, "Plan Rows": 13753, "Plan Width": 80, "Inner Unique": false, "Plans": [{"Node Type": "Nested Loop", "Parent Relationship": "Outer", "Join Type": "Inner", "Startup Cost": 7419.04, "Total Cost": 61824.99, "Plan Rows": 15041, "Plan Width": 30, "Inner Unique": true, "Plans": [{"Node Type": "Nested Loop", "Parent Relationship": "Outer", "Join Type": "Inner", "Startup Cost": 7419.04, "Total Cost": 19211.73, "Plan Rows": 12936, "Plan Width": 9, "Inner Unique": false, "Plans": [{"Node Type": "Index Scan", "Parent Relationship": "Outer", "Scan Direction": "Forward", "Index Name": "info_type_pkey", "Relation Name": "info_type", "Alias": "it2", "Startup Cost": 0.0, "Total Cost": 14.21, "Plan Rows": 1, "Plan Width": 4, "Filter": "((info)::text = 'rating'::text)"}, {"Node Type": "Bitmap Heap Scan", "Parent Relationship": "Inner", "Relation Name": "movie_info_idx", "Alias": "mi_idx", "Startup Cost": 7419.04, "Total Cost": 19068.16, "Plan Rows": 12936, "Plan Width": 13, "Recheck Cond": "(info_type_id = it2.id)", "Filter": "((info)::text > '8.0'::text)", "Plans": [{"Node Type": "Bitmap Index Scan", "Parent Relationship": "Outer", "Index Name": "info_type_id_movie_info_idx", "Startup Cost": 0.0, "Total Cost": 7415.81, "Plan Rows": 345008, "Plan Width": 0, "Index Cond": "(info_type_id = it2.id)"}]}]}, {"Node Type": "Index Scan", "Parent Relationship": "Inner", "Scan Direction": "Forward", "Index Name": "title_pkey", "Relation Name": "title", "Alias": "t", "Startup Cost": 0.0, "Total Cost": 3.28, "Plan Rows": 1, "Plan Width": 21, "Index Cond": "(id = mi_idx.movie_id)", "Filter": "((production_year >= 2008) AND (production_year <= 2014))"}]}, {"Node Type": "Index Scan", "Parent Relationship": "Inner", "Scan Direction": "Forward", "Index Name": "movie_id_movie_info", "Relation Name": "movie_info", "Alias": "mi", "Startup Cost": 0.0, "Total Cost": 1.41, "Plan Rows": 1, "Plan Width": 50, "Index Cond": "(movie_id = t.id)", "Filter": "((note IS NULL) AND ((info)::text = ANY ('{Horror,Thriller}'::text[])))"}]}]}, {"Node Type": "Index Scan", "Parent Relationship": "Inner", "Scan Direction": "Forward", "Index Name": "movie_id_cast_info", "Relation Name": "cast_info", "Alias": "ci", "Startup Cost": 0.0, "Total Cost": 2.34, "Plan Rows": 1, "Plan Width": 8, "Index Cond": "(movie_id = t.id)", "Filter": "((note)::text = ANY ('{(writer),\"(head writer)\",\"(written by)\",(story),\"(story editor)\"}'::text[]))"}]}, {"Node Type": "Index Scan", "Parent Relationship": "Inner", "Scan Direction": "Forward", "Index Name": "name_pkey", "Relation Name": "name", "Alias": "n", "Startup Cost": 0.0, "Total Cost": 0.49, "Plan Rows": 1, "Plan Width": 4, "Index Cond": "(id = ci.person_id)", "Filter": "((gender IS NOT NULL) AND ((gender)::text = 'f'::text))"}]}]}, "Unique SQL Id": 661781350, "Planner Runtime": 18}, "explain_analyze_plan": {"Plan": {"Node Type": "Aggregate", "Strategy": "Plain", "Startup Cost": 84230.9, "Total Cost": 84230.91, "Plan Rows": 1, "Plan Width": 160, "Actual Startup Time": 677.344, "Actual Total Time": 677.345, "Actual Rows": 1, "Actual Loops": 1, "Plans": [{"Node Type": "Nested Loop", "Parent Relationship": "Outer", "Join Type": "Inner", "Startup Cost": 7419.04, "Total Cost": 84229.26, "Plan Rows": 219, "Plan Width": 64, "Actual Startup Time": 358.103, "Actual Total Time": 677.277, "Actual Rows": 11, "Actual Loops": 1, "Inner Unique": true, "Plans": [{"Node Type": "Nested Loop", "Parent Relationship": "Outer", "Join Type": "Inner", "Startup Cost": 7419.04, "Total Cost": 84068.27, "Plan Rows": 321, "Plan Width": 68, "Actual Startup Time": 122.374, "Actual Total Time": 674.358, "Actual Rows": 268, "Actual Loops": 1, "Inner Unique": false, "Plans": [{"Node Type": "Nested Loop", "Parent Relationship": "Outer", "Join Type": "Inner", "Startup Cost": 7419.04, "Total Cost": 83383.24, "Plan Rows": 291, "Plan Width": 76, "Actual Startup Time": 60.014, "Actual Total Time": 639.461, "Actual Rows": 358, "Actual Loops": 1, "Inner Unique": false, "Join Filter": "(mi.info_type_id = it1.id)", "Rows Removed by Join Filter": 0, "Plans": [{"Node Type": "Index Scan", "Parent Relationship": "Outer", "Scan Direction": "Forward", "Index Name": "info_type_pkey", "Relation Name": "info_type", "Alias": "it1", "Startup Cost": 0.0, "Total Cost": 14.21, "Plan Rows": 1, "Plan Width": 4, "Actual Startup Time": 0.023, "Actual Total Time": 0.078, "Actual Rows": 1, "Actual Loops": 1, "Filter": "((info)::text = 'genres'::text)", "Rows Removed by Filter": 111}, {"Node Type": "Nested Loop", "Parent Relationship": "Inner", "Join Type": "Inner", "Startup Cost": 7419.04, "Total Cost": 83197.12, "Plan Rows": 13753, "Plan Width": 80, "Actual Startup Time": 59.983, "Actual Total Time": 639.116, "Actual Rows": 358, "Actual Loops": 1, "Inner Unique": false, "Plans": [{"Node Type": "Nested Loop", "Parent Relationship": "Outer", "Join Type": "Inner", "Startup Cost": 7419.04, "Total Cost": 61824.99, "Plan Rows": 15041, "Plan Width": 30, "Actual Startup Time": 53.217, "Actual Total Time": 450.165, "Actual Rows": 6152, "Actual Loops": 1, "Inner Unique": true, "Plans": [{"Node Type": "Nested Loop", "Parent Relationship": "Outer", "Join Type": "Inner", "Startup Cost": 7419.04, "Total Cost": 19211.73, "Plan Rows": 12936, "Plan Width": 9, "Actual Startup Time": 51.722, "Actual Total Time": 355.277, "Actual Rows": 15849, "Actual Loops": 1, "Inner Unique": false, "Plans": [{"Node Type": "Index Scan", "Parent Relationship": "Outer", "Scan Direction": "Forward", "Index Name": "info_type_pkey", "Relation Name": "info_type", "Alias": "it2", "Startup Cost": 0.0, "Total Cost": 14.21, "Plan Rows": 1, "Plan Width": 4, "Actual Startup Time": 0.05, "Actual Total Time": 0.06, "Actual Rows": 1, "Actual Loops": 1, "Filter": "((info)::text = 'rating'::text)", "Rows Removed by Filter": 111}, {"Node Type": "Bitmap Heap Scan", "Parent Relationship": "Inner", "Relation Name": "movie_info_idx", "Alias": "mi_idx", "Startup Cost": 7419.04, "Total Cost": 19068.16, "Plan Rows": 12936, "Plan Width": 13, "Actual Startup Time": 51.666, "Actual Total Time": 351.606, "Actual Rows": 15849, "Actual Loops": 1, "Recheck Cond": "(info_type_id = it2.id)", "Rows Removed by Index Recheck": 0, "Filter": "((info)::text > '8.0'::text)", "Rows Removed by Filter": 444076, "Exact Heap Blocks": 6472, "Lossy Heap Blocks": 6472, "Plans": [{"Node Type": "Bitmap Index Scan", "Parent Relationship": "Outer", "Index Name": "info_type_id_movie_info_idx", "Startup Cost": 0.0, "Total Cost": 7415.81, "Plan Rows": 345008, "Plan Width": 0, "Actual Startup Time": 50.423, "Actual Total Time": 50.423, "Actual Rows": 459925, "Actual Loops": 1, "Index Cond": "(info_type_id = it2.id)"}]}]}, {"Node Type": "Index Scan", "Parent Relationship": "Inner", "Scan Direction": "Forward", "Index Name": "title_pkey", "Relation Name": "title", "Alias": "t", "Startup Cost": 0.0, "Total Cost": 3.28, "Plan Rows": 1, "Plan Width": 21, "Actual Startup Time": 84.58, "Actual Total Time": 84.58, "Actual Rows": 6152, "Actual Loops": 15849, "Index Cond": "(id = mi_idx.movie_id)", "Rows Removed by Index Recheck": 0, "Filter": "((production_year >= 2008) AND (production_year <= 2014))", "Rows Removed by Filter": 9697}]}, {"Node Type": "Index Scan", "Parent Relationship": "Inner", "Scan Direction": "Forward", "Index Name": "movie_id_movie_info", "Relation Name": "movie_info", "Alias": "mi", "Startup Cost": 0.0, "Total Cost": 1.41, "Plan Rows": 1, "Plan Width": 50, "Actual Startup Time": 185.159, "Actual Total Time": 185.486, "Actual Rows": 358, "Actual Loops": 6152, "Index Cond": "(movie_id = t.id)", "Rows Removed by Index Recheck": 0, "Filter": "((note IS NULL) AND ((info)::text = ANY ('{Horror,Thriller}'::text[])))", "Rows Removed by Filter": 109599}]}]}, {"Node Type": "Index Scan", "Parent Relationship": "Inner", "Scan Direction": "Forward", "Index Name": "movie_id_cast_info", "Relation Name": "cast_info", "Alias": "ci", "Startup Cost": 0.0, "Total Cost": 2.34, "Plan Rows": 1, "Plan Width": 8, "Actual Startup Time": 27.099, "Actual Total Time": 34.483, "Actual Rows": 268, "Actual Loops": 358, "Index Cond": "(movie_id = t.id)", "Rows Removed by Index Recheck": 0, "Filter": "((note)::text = ANY ('{(writer),\"(head writer)\",\"(written by)\",(story),\"(story editor)\"}'::text[]))", "Rows Removed by Filter": 12296}]}, {"Node Type": "Index Scan", "Parent Relationship": "Inner", "Scan Direction": "Forward", "Index Name": "name_pkey", "Relation Name": "name", "Alias": "n", "Startup Cost": 0.0, "Total Cost": 0.49, "Plan Rows": 1, "Plan Width": 4, "Actual Startup Time": 2.683, "Actual Total Time": 2.683, "Actual Rows": 11, "Actual Loops": 268, "Index Cond": "(id = ci.person_id)", "Rows Removed by Index Recheck": 0, "Filter": "((gender IS NOT NULL) AND ((gender)::text = 'f'::text))", "Rows Removed by Filter": 257}]}]}, "Triggers": [], "Planner Runtime": 24.054, "Total Runtime": 677.738, "Unique SQL Id": 661781350}}, "(64, '18')": {"explain_plan": {"Plan": {"Node Type": "Aggregate", "Strategy": "Plain", "Startup Cost": 79040.0, "Total Cost": 79040.01, "Plan Rows": 1, "Plan Width": 160, "Plans": [{"Node Type": "Nested Loop", "Parent Relationship": "Outer", "Join Type": "Inner", "Startup Cost": 2.67, "Total Cost": 79038.35, "Plan Rows": 219, "Plan Width": 64, "Inner Unique": true, "Plans": [{"Node Type": "Nested Loop", "Parent Relationship": "Outer", "Join Type": "Inner", "Startup Cost": 2.36, "Total Cost": 77647.24, "Plan Rows": 321, "Plan Width": 68, "Inner Unique": false, "Plans": [{"Node Type": "Nested Loop", "Parent Relationship": "Outer", "Join Type": "Inner", "Startup Cost": 1.35, "Total Cost": 76154.06, "Plan Rows": 291, "Plan Width": 76, "Inner Unique": true, "Plans": [{"Node Type": "Nested Loop", "Parent Relationship": "Outer", "Join Type": "Inner", "Startup Cost": 0.55, "Total Cost": 74946.61, "Plan Rows": 250, "Plan Width": 55, "Inner Unique": false, "Join Filter": "(mi_idx.info_type_id = it2.id)", "Plans": [{"Node Type": "Seq Scan", "Parent Relationship": "Outer", "Relation Name": "info_type", "Alias": "it2", "Startup Cost": 0.0, "Total Cost": 2.4, "Plan Rows": 1, "Plan Width": 4, "Filter": "((info)::text = 'rating'::text)"}, {"Node Type": "Nested Loop", "Parent Relationship": "Inner", "Join Type": "Inner", "Startup Cost": 0.55, "Total Cost": 74931.73, "Plan Rows": 999, "Plan Width": 59, "Inner Unique": false, "Plans": [{"Node Type": "Nested Loop", "Parent Relationship": "Outer", "Join Type": "Inner", "Startup Cost": 0.0, "Total Cost": 70475.56, "Plan Rows": 971, "Plan Width": 46, "Inner Unique": false, "Join Filter": "(it1.id = mi.info_type_id)", "Plans": [{"Node Type": "Seq Scan", "Parent Relationship": "Outer", "Relation Name": "info_type", "Alias": "it1", "Startup Cost": 0.0, "Total Cost": 2.4, "Plan Rows": 1, "Plan Width": 4, "Filter": "((info)::text = 'genres'::text)"}, {"Node Type": "Materialize", "Parent Relationship": "Inner", "Startup Cost": 0.0, "Total Cost": 69793.45, "Plan Rows": 67971, "Plan Width": 50, "Plans": [{"Node Type": "Streaming(type: LOCAL GATHER dop: 1/64)", "Parent Relationship": "Outer", "Startup Cost": 0.0, "Total Cost": 69623.52, "Plan Rows": 67971, "Plan Width": 50, "Plans": [{"Node Type": "Seq Scan", "Parent Relationship": "Outer", "Relation Name": "movie_info", "Alias": "mi", "Startup Cost": 0.0, "Total Cost": 68221.29, "Plan Rows": 67971, "Plan Width": 50, "Filter": "((note IS NULL) AND ((info)::text = ANY ('{Horror,Thriller}'::text[])))"}]}]}]}, {"Node Type": "Bitmap Heap Scan", "Parent Relationship": "Inner", "Relation Name": "movie_info_idx", "Alias": "mi_idx", "Startup Cost": 0.55, "Total Cost": 4.58, "Plan Rows": 1, "Plan Width": 13, "Recheck Cond": "(movie_id = mi.movie_id)", "Filter": "((info)::text > '8.0'::text)", "Plans": [{"Node Type": "Bitmap Index Scan", "Parent Relationship": "Outer", "Index Name": "movie_id_movie_info_idx", "Startup Cost": 0.0, "Total Cost": 0.55, "Plan Rows": 2, "Plan Width": 0, "Index Cond": "(movie_id = mi.movie_id)"}]}]}]}, {"Node Type": "Bitmap Heap Scan", "Parent Relationship": "Inner", "Relation Name": "title", "Alias": "t", "Startup Cost": 0.8, "Total Cost": 4.82, "Plan Rows": 1, "Plan Width": 21, "Recheck Cond": "(id = mi.movie_id)", "Filter": "((production_year >= 2008) AND (production_year <= 2014))", "Plans": [{"Node Type": "Bitmap Index Scan", "Parent Relationship": "Outer", "Index Name": "title_pkey", "Startup Cost": 0.0, "Total Cost": 0.8, "Plan Rows": 1, "Plan Width": 0, "Index Cond": "(id = mi.movie_id)"}]}]}, {"Node Type": "Bitmap Heap Scan", "Parent Relationship": "Inner", "Relation Name": "cast_info", "Alias": "ci", "Startup Cost": 1.01, "Total Cost": 5.12, "Plan Rows": 1, "Plan Width": 8, "Recheck Cond": "(movie_id = t.id)", "Filter": "((note)::text = ANY ('{(writer),\"(head writer)\",\"(written by)\",(story),\"(story editor)\"}'::text[]))", "Plans": [{"Node Type": "Bitmap Index Scan", "Parent Relationship": "Outer", "Index Name": "movie_id_cast_info", "Startup Cost": 0.0, "Total Cost": 1.01, "Plan Rows": 6, "Plan Width": 0, "Index Cond": "(movie_id = t.id)"}]}]}, {"Node Type": "Bitmap Heap Scan", "Parent Relationship": "Inner", "Relation Name": "name", "Alias": "n", "Startup Cost": 0.31, "Total Cost": 4.32, "Plan Rows": 1, "Plan Width": 4, "Recheck Cond": "(id = ci.person_id)", "Filter": "((gender IS NOT NULL) AND ((gender)::text = 'f'::text))", "Plans": [{"Node Type": "Bitmap Index Scan", "Parent Relationship": "Outer", "Index Name": "name_pkey", "Startup Cost": 0.0, "Total Cost": 0.31, "Plan Rows": 1, "Plan Width": 0, "Index Cond": "(id = ci.person_id)"}]}]}]}, "Unique SQL Id": 661781350, "Planner Runtime": 26}, "explain_analyze_plan": {"Plan": {"Node Type": "Aggregate", "Strategy": "Plain", "Startup Cost": 79040.0, "Total Cost": 79040.01, "Plan Rows": 1, "Plan Width": 160, "Actual Min Startup Time": 812.811, "Actual Max Startup Time": 812.811, "Actual Min Total Time": 812.811, "Actual Max Total Time": 812.811, "Plans": [{"Node Type": "Nested Loop", "Parent Relationship": "Outer", "Join Type": "Inner", "Startup Cost": 2.67, "Total Cost": 79038.35, "Plan Rows": 219, "Plan Width": 64, "Actual Min Startup Time": 388.712, "Actual Max Startup Time": 388.712, "Actual Min Total Time": 812.752, "Actual Max Total Time": 812.752, "Inner Unique": true, "Plans": [{"Node Type": "Nested Loop", "Parent Relationship": "Outer", "Join Type": "Inner", "Startup Cost": 2.36, "Total Cost": 77647.24, "Plan Rows": 321, "Plan Width": 68, "Actual Min Startup Time": 307.647, "Actual Max Startup Time": 307.647, "Actual Min Total Time": 809.564, "Actual Max Total Time": 809.564, "Inner Unique": false, "Plans": [{"Node Type": "Nested Loop", "Parent Relationship": "Outer", "Join Type": "Inner", "Startup Cost": 1.35, "Total Cost": 76154.06, "Plan Rows": 291, "Plan Width": 76, "Actual Min Startup Time": 307.553, "Actual Max Startup Time": 307.553, "Actual Min Total Time": 770.697, "Actual Max Total Time": 770.697, "Inner Unique": true, "Plans": [{"Node Type": "Nested Loop", "Parent Relationship": "Outer", "Join Type": "Inner", "Startup Cost": 0.55, "Total Cost": 74946.61, "Plan Rows": 250, "Plan Width": 55, "Actual Min Startup Time": 307.523, "Actual Max Startup Time": 307.523, "Actual Min Total Time": 762.726, "Actual Max Total Time": 762.726, "Inner Unique": false, "Join Filter": "(mi_idx.info_type_id = it2.id)", "Rows Removed by Join Filter": 3403, "Plans": [{"Node Type": "Seq Scan", "Parent Relationship": "Outer", "Relation Name": "info_type", "Alias": "it2", "Startup Cost": 0.0, "Total Cost": 2.4, "Plan Rows": 1, "Plan Width": 4, "Actual Min Startup Time": 0.098, "Actual Max Startup Time": 0.098, "Actual Min Total Time": 0.118, "Actual Max Total Time": 0.118, "Filter": "((info)::text = 'rating'::text)", "Rows Removed by Filter": 111, "Actual Rows": 1}, {"Node Type": "Nested Loop", "Parent Relationship": "Inner", "Join Type": "Inner", "Startup Cost": 0.55, "Total Cost": 74931.73, "Plan Rows": 999, "Plan Width": 59, "Actual Min Startup Time": 306.981, "Actual Max Startup Time": 306.981, "Actual Min Total Time": 759.629, "Actual Max Total Time": 759.629, "Inner Unique": false, "Plans": [{"Node Type": "Nested Loop", "Parent Relationship": "Outer", "Join Type": "Inner", "Startup Cost": 0.0, "Total Cost": 70475.56, "Plan Rows": 971, "Plan Width": 46, "Actual Min Startup Time": 306.629, "Actual Max Startup Time": 306.629, "Actual Min Total Time": 349.143, "Actual Max Total Time": 349.143, "Inner Unique": false, "Join Filter": "(it1.id = mi.info_type_id)", "Rows Removed by Join Filter": 789, "Plans": [{"Node Type": "Seq Scan", "Parent Relationship": "Outer", "Relation Name": "info_type", "Alias": "it1", "Startup Cost": 0.0, "Total Cost": 2.4, "Plan Rows": 1, "Plan Width": 4, "Actual Min Startup Time": 0.057, "Actual Max Startup Time": 0.057, "Actual Min Total Time": 0.104, "Actual Max Total Time": 0.104, "Filter": "((info)::text = 'genres'::text)", "Rows Removed by Filter": 111, "Actual Rows": 1}, {"Node Type": "Materialize", "Parent Relationship": "Inner", "Startup Cost": 0.0, "Total Cost": 69793.45, "Plan Rows": 67971, "Plan Width": 50, "Actual Min Startup Time": 306.535, "Actual Max Startup Time": 306.535, "Actual Min Total Time": 317.705, "Actual Max Total Time": 317.705, "Plans": [{"Node Type": "Streaming(type: LOCAL GATHER dop: 1/64)", "Parent Relationship": "Outer", "Startup Cost": 0.0, "Total Cost": 69623.52, "Plan Rows": 67971, "Plan Width": 50, "Actual Min Startup Time": 155.585, "Actual Max Startup Time": 155.585, "Actual Min Total Time": 295.065, "Actual Max Total Time": 295.065, "Plans": [{"Node Type": "Seq Scan", "Parent Relationship": "Outer", "Relation Name": "movie_info", "Alias": "mi", "Startup Cost": 0.0, "Total Cost": 68221.29, "Plan Rows": 67971, "Plan Width": 50, "Actual Min Startup Time": 54.273, "Actual Max Startup Time": 100.083, "Actual Min Total Time": 93.948, "Actual Max Total Time": 115.419, "Filter": "((note IS NULL) AND ((info)::text = ANY ('{Horror,Thriller}'::text[])))", "Rows Removed by Filter": 14762672, "Actual Rows": 73047}], "Actual Rows": 73047}], "Actual Rows": 73048}], "Actual Rows": 72258}, {"Node Type": "Bitmap Heap Scan", "Parent Relationship": "Inner", "Relation Name": "movie_info_idx", "Alias": "mi_idx", "Startup Cost": 0.55, "Total Cost": 4.58, "Plan Rows": 1, "Plan Width": 13, "Actual Min Startup Time": 329.234, "Actual Max Startup Time": 329.234, "Actual Min Total Time": 331.022, "Actual Max Total Time": 331.022, "Recheck Cond": "(movie_id = mi.movie_id)", "Rows Removed by Index Recheck": 0, "Filter": "((info)::text > '8.0'::text)", "Rows Removed by Filter": 113143, "Exact Heap Blocks": 39507, "Lossy Heap Blocks": 39507, "Plans": [{"Node Type": "Bitmap Index Scan", "Parent Relationship": "Outer", "Index Name": "movie_id_movie_info_idx", "Startup Cost": 0.0, "Total Cost": 0.55, "Plan Rows": 2, "Plan Width": 0, "Actual Min Startup Time": 192.42, "Actual Max Startup Time": 192.42, "Actual Min Total Time": 192.42, "Actual Max Total Time": 192.42, "Index Cond": "(movie_id = mi.movie_id)", "Actual Rows": 117278}], "Actual Rows": 4135}], "Actual Rows": 4135}], "Actual Rows": 732}, {"Node Type": "Bitmap Heap Scan", "Parent Relationship": "Inner", "Relation Name": "title", "Alias": "t", "Startup Cost": 0.8, "Total Cost": 4.82, "Plan Rows": 1, "Plan Width": 21, "Actual Min Startup Time": 6.373, "Actual Max Startup Time": 6.373, "Actual Min Total Time": 6.373, "Actual Max Total Time": 6.373, "Recheck Cond": "(id = mi.movie_id)", "Rows Removed by Index Recheck": 0, "Filter": "((production_year >= 2008) AND (production_year <= 2014))", "Rows Removed by Filter": 374, "Exact Heap Blocks": 732, "Lossy Heap Blocks": 732, "Plans": [{"Node Type": "Bitmap Index Scan", "Parent Relationship": "Outer", "Index Name": "title_pkey", "Startup Cost": 0.0, "Total Cost": 0.8, "Plan Rows": 1, "Plan Width": 0, "Actual Min Startup Time": 3.652, "Actual Max Startup Time": 3.652, "Actual Min Total Time": 3.652, "Actual Max Total Time": 3.652, "Index Cond": "(id = mi.movie_id)", "Actual Rows": 732}], "Actual Rows": 358}], "Actual Rows": 358}, {"Node Type": "Bitmap Heap Scan", "Parent Relationship": "Inner", "Relation Name": "cast_info", "Alias": "ci", "Startup Cost": 1.01, "Total Cost": 5.12, "Plan Rows": 1, "Plan Width": 8, "Actual Min Startup Time": 30.892, "Actual Max Startup Time": 30.892, "Actual Min Total Time": 38.081, "Actual Max Total Time": 38.081, "Recheck Cond": "(movie_id = t.id)", "Rows Removed by Index Recheck": 0, "Filter": "((note)::text = ANY ('{(writer),\"(head writer)\",\"(written by)\",(story),\"(story editor)\"}'::text[]))", "Rows Removed by Filter": 12296, "Exact Heap Blocks": 11454, "Lossy Heap Blocks": 11454, "Plans": [{"Node Type": "Bitmap Index Scan", "Parent Relationship": "Outer", "Index Name": "movie_id_cast_info", "Startup Cost": 0.0, "Total Cost": 1.01, "Plan Rows": 6, "Plan Width": 0, "Actual Min Startup Time": 5.397, "Actual Max Startup Time": 5.397, "Actual Min Total Time": 5.397, "Actual Max Total Time": 5.397, "Index Cond": "(movie_id = t.id)", "Actual Rows": 12564}], "Actual Rows": 268}], "Actual Rows": 268}, {"Node Type": "Bitmap Heap Scan", "Parent Relationship": "Inner", "Relation Name": "name", "Alias": "n", "Startup Cost": 0.31, "Total Cost": 4.32, "Plan Rows": 1, "Plan Width": 4, "Actual Min Startup Time": 2.722, "Actual Max Startup Time": 2.722, "Actual Min Total Time": 2.722, "Actual Max Total Time": 2.722, "Recheck Cond": "(id = ci.person_id)", "Rows Removed by Index Recheck": 0, "Filter": "((gender IS NOT NULL) AND ((gender)::text = 'f'::text))", "Rows Removed by Filter": 257, "Exact Heap Blocks": 268, "Lossy Heap Blocks": 268, "Plans": [{"Node Type": "Bitmap Index Scan", "Parent Relationship": "Outer", "Index Name": "name_pkey", "Startup Cost": 0.0, "Total Cost": 0.31, "Plan Rows": 1, "Plan Width": 0, "Actual Min Startup Time": 1.726, "Actual Max Startup Time": 1.726, "Actual Min Total Time": 1.726, "Actual Max Total Time": 1.726, "Index Cond": "(id = ci.person_id)", "Actual Rows": 268}], "Actual Rows": 11}], "Actual Rows": 11}], "Actual Rows": 1}, "Triggers": [], "Planner Runtime": 65.639, "Total Runtime": 826.211, "Unique SQL Id": 661781350}}, "(64, '19')": {"explain_plan": {"Plan": {"Node Type": "Aggregate", "Strategy": "Plain", "Startup Cost": 157109.69, "Total Cost": 157109.7, "Plan Rows": 1, "Plan Width": 160, "Plans": [{"Node Type": "Nested Loop", "Parent Relationship": "Outer", "Join Type": "Inner", "Startup Cost": 7439.53, "Total Cost": 157108.05, "Plan Rows": 219, "Plan Width": 64, "Inner Unique": true, "Plans": [{"Node Type": "Nested Loop", "Parent Relationship": "Outer", "Join Type": "Inner", "Startup Cost": 7439.22, "Total Cost": 155716.93, "Plan Rows": 321, "Plan Width": 68, "Inner Unique": false, "Plans": [{"Node Type": "Nested Loop", "Parent Relationship": "Outer", "Join Type": "Inner", "Startup Cost": 7438.22, "Total Cost": 154223.75, "Plan Rows": 291, "Plan Width": 76, "Inner Unique": false, "Join Filter": "(mi.info_type_id = it1.id)", "Plans": [{"Node Type": "Bitmap Heap Scan", "Parent Relationship": "Outer", "Relation Name": "info_type", "Alias": "it1", "Startup Cost": 8.81, "Total Cost": 14.21, "Plan Rows": 1, "Plan Width": 4, "Filter": "((info)::text = 'genres'::text)", "Plans": [{"Node Type": "Bitmap Index Scan", "Parent Relationship": "Outer", "Index Name": "info_type_pkey", "Startup Cost": 0.0, "Total Cost": 8.81, "Plan Rows": 112, "Plan Width": 0}]}, {"Node Type": "Nested Loop", "Parent Relationship": "Inner", "Join Type": "Inner", "Startup Cost": 7429.41, "Total Cost": 154037.63, "Plan Rows": 13753, "Plan Width": 80, "Inner Unique": false, "Plans": [{"Node Type": "Nested Loop", "Parent Relationship": "Outer", "Join Type": "Inner", "Startup Cost": 7428.83, "Total Cost": 83898.37, "Plan Rows": 15041, "Plan Width": 30, "Inner Unique": true, "Plans": [{"Node Type": "Nested Loop", "Parent Relationship": "Outer", "Join Type": "Inner", "Startup Cost": 7427.85, "Total Cost": 19211.73, "Plan Rows": 12936, "Plan Width": 9, "Inner Unique": false, "Plans": [{"Node Type": "Bitmap Heap Scan", "Parent Relationship": "Outer", "Relation Name": "info_type", "Alias": "it2", "Startup Cost": 8.81, "Total Cost": 14.21, "Plan Rows": 1, "Plan Width": 4, "Filter": "((info)::text = 'rating'::text)", "Plans": [{"Node Type": "Bitmap Index Scan", "Parent Relationship": "Outer", "Index Name": "info_type_pkey", "Startup Cost": 0.0, "Total Cost": 8.81, "Plan Rows": 112, "Plan Width": 0}]}, {"Node Type": "Bitmap Heap Scan", "Parent Relationship": "Inner", "Relation Name": "movie_info_idx", "Alias": "mi_idx", "Startup Cost": 7419.04, "Total Cost": 19068.16, "Plan Rows": 12936, "Plan Width": 13, "Recheck Cond": "(info_type_id = it2.id)", "Filter": "((info)::text > '8.0'::text)", "Plans": [{"Node Type": "Bitmap Index Scan", "Parent Relationship": "Outer", "Index Name": "info_type_id_movie_info_idx", "Startup Cost": 0.0, "Total Cost": 7415.81, "Plan Rows": 345008, "Plan Width": 0, "Index Cond": "(info_type_id = it2.id)"}]}]}, {"Node Type": "Bitmap Heap Scan", "Parent Relationship": "Inner", "Relation Name": "title", "Alias": "t", "Startup Cost": 0.97, "Total Cost": 4.99, "Plan Rows": 1, "Plan Width": 21, "Recheck Cond": "(id = mi_idx.movie_id)", "Filter": "((production_year >= 2008) AND (production_year <= 2014))", "Plans": [{"Node Type": "Bitmap Index Scan", "Parent Relationship": "Outer", "Index Name": "title_pkey", "Startup Cost": 0.0, "Total Cost": 0.97, "Plan Rows": 1, "Plan Width": 0, "Index Cond": "(id = mi_idx.movie_id)"}]}]}, {"Node Type": "Bitmap Heap Scan", "Parent Relationship": "Inner", "Relation Name": "movie_info", "Alias": "mi", "Startup Cost": 0.58, "Total Cost": 4.65, "Plan Rows": 1, "Plan Width": 50, "Recheck Cond": "(movie_id = t.id)", "Filter": "((note IS NULL) AND ((info)::text = ANY ('{Horror,Thriller}'::text[])))", "Plans": [{"Node Type": "Bitmap Index Scan", "Parent Relationship": "Outer", "Index Name": "movie_id_movie_info", "Startup Cost": 0.0, "Total Cost": 0.58, "Plan Rows": 5, "Plan Width": 0, "Index Cond": "(movie_id = t.id)"}]}]}]}, {"Node Type": "Bitmap Heap Scan", "Parent Relationship": "Inner", "Relation Name": "cast_info", "Alias": "ci", "Startup Cost": 1.01, "Total Cost": 5.12, "Plan Rows": 1, "Plan Width": 8, "Recheck Cond": "(movie_id = t.id)", "Filter": "((note)::text = ANY ('{(writer),\"(head writer)\",\"(written by)\",(story),\"(story editor)\"}'::text[]))", "Plans": [{"Node Type": "Bitmap Index Scan", "Parent Relationship": "Outer", "Index Name": "movie_id_cast_info", "Startup Cost": 0.0, "Total Cost": 1.01, "Plan Rows": 6, "Plan Width": 0, "Index Cond": "(movie_id = t.id)"}]}]}, {"Node Type": "Bitmap Heap Scan", "Parent Relationship": "Inner", "Relation Name": "name", "Alias": "n", "Startup Cost": 0.31, "Total Cost": 4.32, "Plan Rows": 1, "Plan Width": 4, "Recheck Cond": "(id = ci.person_id)", "Filter": "((gender IS NOT NULL) AND ((gender)::text = 'f'::text))", "Plans": [{"Node Type": "Bitmap Index Scan", "Parent Relationship": "Outer", "Index Name": "name_pkey", "Startup Cost": 0.0, "Total Cost": 0.31, "Plan Rows": 1, "Plan Width": 0, "Index Cond": "(id = ci.person_id)"}]}]}]}, "Unique SQL Id": 661781350, "Planner Runtime": 19}, "explain_analyze_plan": {"Plan": {"Node Type": "Aggregate", "Strategy": "Plain", "Startup Cost": 157109.69, "Total Cost": 157109.7, "Plan Rows": 1, "Plan Width": 160, "Actual Startup Time": 641.712, "Actual Total Time": 641.712, "Actual Rows": 1, "Actual Loops": 1, "Plans": [{"Node Type": "Nested Loop", "Parent Relationship": "Outer", "Join Type": "Inner", "Startup Cost": 7439.53, "Total Cost": 157108.05, "Plan Rows": 219, "Plan Width": 64, "Actual Startup Time": 369.881, "Actual Total Time": 641.653, "Actual Rows": 11, "Actual Loops": 1, "Inner Unique": true, "Plans": [{"Node Type": "Nested Loop", "Parent Relationship": "Outer", "Join Type": "Inner", "Startup Cost": 7439.22, "Total Cost": 155716.93, "Plan Rows": 321, "Plan Width": 68, "Actual Startup Time": 136.404, "Actual Total Time": 638.777, "Actual Rows": 268, "Actual Loops": 1, "Inner Unique": false, "Plans": [{"Node Type": "Nested Loop", "Parent Relationship": "Outer", "Join Type": "Inner", "Startup Cost": 7438.22, "Total Cost": 154223.75, "Plan Rows": 291, "Plan Width": 76, "Actual Startup Time": 62.071, "Actual Total Time": 601.341, "Actual Rows": 358, "Actual Loops": 1, "Inner Unique": false, "Join Filter": "(mi.info_type_id = it1.id)", "Rows Removed by Join Filter": 0, "Plans": [{"Node Type": "Bitmap Heap Scan", "Parent Relationship": "Outer", "Relation Name": "info_type", "Alias": "it1", "Startup Cost": 8.81, "Total Cost": 14.21, "Plan Rows": 1, "Plan Width": 4, "Actual Startup Time": 0.052, "Actual Total Time": 0.088, "Actual Rows": 1, "Actual Loops": 1, "Filter": "((info)::text = 'genres'::text)", "Rows Removed by Filter": 111, "Exact Heap Blocks": 1, "Lossy Heap Blocks": 1, "Plans": [{"Node Type": "Bitmap Index Scan", "Parent Relationship": "Outer", "Index Name": "info_type_pkey", "Startup Cost": 0.0, "Total Cost": 8.81, "Plan Rows": 112, "Plan Width": 0, "Actual Startup Time": 0.012, "Actual Total Time": 0.012, "Actual Rows": 112, "Actual Loops": 1}]}, {"Node Type": "Nested Loop", "Parent Relationship": "Inner", "Join Type": "Inner", "Startup Cost": 7429.41, "Total Cost": 154037.63, "Plan Rows": 13753, "Plan Width": 80, "Actual Startup Time": 62.009, "Actual Total Time": 600.951, "Actual Rows": 358, "Actual Loops": 1, "Inner Unique": false, "Plans": [{"Node Type": "Nested Loop", "Parent Relationship": "Outer", "Join Type": "Inner", "Startup Cost": 7428.83, "Total Cost": 83898.37, "Plan Rows": 15041, "Plan Width": 30, "Actual Startup Time": 54.142, "Actual Total Time": 420.438, "Actual Rows": 6152, "Actual Loops": 1, "Inner Unique": true, "Plans": [{"Node Type": "Nested Loop", "Parent Relationship": "Outer", "Join Type": "Inner", "Startup Cost": 7427.85, "Total Cost": 19211.73, "Plan Rows": 12936, "Plan Width": 9, "Actual Startup Time": 52.371, "Actual Total Time": 307.724, "Actual Rows": 15849, "Actual Loops": 1, "Inner Unique": false, "Plans": [{"Node Type": "Bitmap Heap Scan", "Parent Relationship": "Outer", "Relation Name": "info_type", "Alias": "it2", "Startup Cost": 8.81, "Total Cost": 14.21, "Plan Rows": 1, "Plan Width": 4, "Actual Startup Time": 0.051, "Actual Total Time": 0.06, "Actual Rows": 1, "Actual Loops": 1, "Filter": "((info)::text = 'rating'::text)", "Rows Removed by Filter": 111, "Exact Heap Blocks": 1, "Lossy Heap Blocks": 1, "Plans": [{"Node Type": "Bitmap Index Scan", "Parent Relationship": "Outer", "Index Name": "info_type_pkey", "Startup Cost": 0.0, "Total Cost": 8.81, "Plan Rows": 112, "Plan Width": 0, "Actual Startup Time": 0.008, "Actual Total Time": 0.008, "Actual Rows": 112, "Actual Loops": 1}]}, {"Node Type": "Bitmap Heap Scan", "Parent Relationship": "Inner", "Relation Name": "movie_info_idx", "Alias": "mi_idx", "Startup Cost": 7419.04, "Total Cost": 19068.16, "Plan Rows": 12936, "Plan Width": 13, "Actual Startup Time": 52.315, "Actual Total Time": 303.803, "Actual Rows": 15849, "Actual Loops": 1, "Recheck Cond": "(info_type_id = it2.id)", "Rows Removed by Index Recheck": 0, "Filter": "((info)::text > '8.0'::text)", "Rows Removed by Filter": 444076, "Exact Heap Blocks": 6472, "Lossy Heap Blocks": 6472, "Plans": [{"Node Type": "Bitmap Index Scan", "Parent Relationship": "Outer", "Index Name": "info_type_id_movie_info_idx", "Startup Cost": 0.0, "Total Cost": 7415.81, "Plan Rows": 345008, "Plan Width": 0, "Actual Startup Time": 51.054, "Actual Total Time": 51.054, "Actual Rows": 459925, "Actual Loops": 1, "Index Cond": "(info_type_id = it2.id)"}]}]}, {"Node Type": "Bitmap Heap Scan", "Parent Relationship": "Inner", "Relation Name": "title", "Alias": "t", "Startup Cost": 0.97, "Total Cost": 4.99, "Plan Rows": 1, "Plan Width": 21, "Actual Startup Time": 92.149, "Actual Total Time": 92.149, "Actual Rows": 6152, "Actual Loops": 15849, "Recheck Cond": "(id = mi_idx.movie_id)", "Rows Removed by Index Recheck": 0, "Filter": "((production_year >= 2008) AND (production_year <= 2014))", "Rows Removed by Filter": 9697, "Exact Heap Blocks": 15849, "Lossy Heap Blocks": 15849, "Plans": [{"Node Type": "Bitmap Index Scan", "Parent Relationship": "Outer", "Index Name": "title_pkey", "Startup Cost": 0.0, "Total Cost": 0.97, "Plan Rows": 1, "Plan Width": 0, "Actual Startup Time": 48.576, "Actual Total Time": 48.576, "Actual Rows": 15849, "Actual Loops": 15849, "Index Cond": "(id = mi_idx.movie_id)"}]}]}, {"Node Type": "Bitmap Heap Scan", "Parent Relationship": "Inner", "Relation Name": "movie_info", "Alias": "mi", "Startup Cost": 0.58, "Total Cost": 4.65, "Plan Rows": 1, "Plan Width": 50, "Actual Startup Time": 172.051, "Actual Total Time": 172.214, "Actual Rows": 358, "Actual Loops": 6152, "Recheck Cond": "(movie_id = t.id)", "Rows Removed by Index Recheck": 0, "Filter": "((note IS NULL) AND ((info)::text = ANY ('{Horror,Thriller}'::text[])))", "Rows Removed by Filter": 109599, "Exact Heap Blocks": 52726, "Lossy Heap Blocks": 52726, "Plans": [{"Node Type": "Bitmap Index Scan", "Parent Relationship": "Outer", "Index Name": "movie_id_movie_info", "Startup Cost": 0.0, "Total Cost": 0.58, "Plan Rows": 5, "Plan Width": 0, "Actual Startup Time": 40.994, "Actual Total Time": 40.994, "Actual Rows": 109957, "Actual Loops": 6152, "Index Cond": "(movie_id = t.id)"}]}]}]}, {"Node Type": "Bitmap Heap Scan", "Parent Relationship": "Inner", "Relation Name": "cast_info", "Alias": "ci", "Startup Cost": 1.01, "Total Cost": 5.12, "Plan Rows": 1, "Plan Width": 8, "Actual Startup Time": 29.533, "Actual Total Time": 36.492, "Actual Rows": 268, "Actual Loops": 358, "Recheck Cond": "(movie_id = t.id)", "Rows Removed by Index Recheck": 0, "Filter": "((note)::text = ANY ('{(writer),\"(head writer)\",\"(written by)\",(story),\"(story editor)\"}'::text[]))", "Rows Removed by Filter": 12296, "Exact Heap Blocks": 11454, "Lossy Heap Blocks": 11454, "Plans": [{"Node Type": "Bitmap Index Scan", "Parent Relationship": "Outer", "Index Name": "movie_id_cast_info", "Startup Cost": 0.0, "Total Cost": 1.01, "Plan Rows": 6, "Plan Width": 0, "Actual Startup Time": 5.133, "Actual Total Time": 5.133, "Actual Rows": 12564, "Actual Loops": 358, "Index Cond": "(movie_id = t.id)"}]}]}, {"Node Type": "Bitmap Heap Scan", "Parent Relationship": "Inner", "Relation Name": "name", "Alias": "n", "Startup Cost": 0.31, "Total Cost": 4.32, "Plan Rows": 1, "Plan Width": 4, "Actual Startup Time": 2.348, "Actual Total Time": 2.348, "Actual Rows": 11, "Actual Loops": 268, "Recheck Cond": "(id = ci.person_id)", "Rows Removed by Index Recheck": 0, "Filter": "((gender IS NOT NULL) AND ((gender)::text = 'f'::text))", "Rows Removed by Filter": 257, "Exact Heap Blocks": 268, "Lossy Heap Blocks": 268, "Plans": [{"Node Type": "Bitmap Index Scan", "Parent Relationship": "Outer", "Index Name": "name_pkey", "Startup Cost": 0.0, "Total Cost": 0.31, "Plan Rows": 1, "Plan Width": 0, "Actual Startup Time": 1.397, "Actual Total Time": 1.397, "Actual Rows": 268, "Actual Loops": 268, "Index Cond": "(id = ci.person_id)"}]}]}]}, "Triggers": [], "Planner Runtime": 23.242, "Total Runtime": 642.057, "Unique SQL Id": 661781350}}, "(64, '20')": {"explain_plan": {"Plan": {"Node Type": "Aggregate", "Strategy": "Plain", "Startup Cost": 72993.18, "Total Cost": 72993.19, "Plan Rows": 1, "Plan Width": 160, "Plans": [{"Node Type": "Nested Loop", "Parent Relationship": "Outer", "Join Type": "Inner", "Startup Cost": 0.0, "Total Cost": 72991.54, "Plan Rows": 219, "Plan Width": 64, "Inner Unique": true, "Plans": [{"Node Type": "Nested Loop", "Parent Relationship": "Outer", "Join Type": "Inner", "Startup Cost": 0.0, "Total Cost": 72830.55, "Plan Rows": 321, "Plan Width": 68, "Inner Unique": false, "Plans": [{"Node Type": "Nested Loop", "Parent Relationship": "Outer", "Join Type": "Inner", "Startup Cost": 0.0, "Total Cost": 72145.52, "Plan Rows": 291, "Plan Width": 76, "Inner Unique": true, "Plans": [{"Node Type": "Nested Loop", "Parent Relationship": "Outer", "Join Type": "Inner", "Startup Cost": 0.0, "Total Cost": 71432.31, "Plan Rows": 250, "Plan Width": 55, "Inner Unique": false, "Join Filter": "(mi_idx.info_type_id = it2.id)", "Plans": [{"Node Type": "Seq Scan", "Parent Relationship": "Outer", "Relation Name": "info_type", "Alias": "it2", "Startup Cost": 0.0, "Total Cost": 2.4, "Plan Rows": 1, "Plan Width": 4, "Filter": "((info)::text = 'rating'::text)"}, {"Node Type": "Nested Loop", "Parent Relationship": "Inner", "Join Type": "Inner", "Startup Cost": 0.0, "Total Cost": 71417.42, "Plan Rows": 999, "Plan Width": 59, "Inner Unique": false, "Plans": [{"Node Type": "Nested Loop", "Parent Relationship": "Outer", "Join Type": "Inner", "Startup Cost": 0.0, "Total Cost": 70475.56, "Plan Rows": 971, "Plan Width": 46, "Inner Unique": false, "Join Filter": "(it1.id = mi.info_type_id)", "Plans": [{"Node Type": "Seq Scan", "Parent Relationship": "Outer", "Relation Name": "info_type", "Alias": "it1", "Startup Cost": 0.0, "Total Cost": 2.4, "Plan Rows": 1, "Plan Width": 4, "Filter": "((info)::text = 'genres'::text)"}, {"Node Type": "Materialize", "Parent Relationship": "Inner", "Startup Cost": 0.0, "Total Cost": 69793.45, "Plan Rows": 67971, "Plan Width": 50, "Plans": [{"Node Type": "Streaming(type: LOCAL GATHER dop: 1/64)", "Parent Relationship": "Outer", "Startup Cost": 0.0, "Total Cost": 69623.52, "Plan Rows": 67971, "Plan Width": 50, "Plans": [{"Node Type": "Seq Scan", "Parent Relationship": "Outer", "Relation Name": "movie_info", "Alias": "mi", "Startup Cost": 0.0, "Total Cost": 68221.29, "Plan Rows": 67971, "Plan Width": 50, "Filter": "((note IS NULL) AND ((info)::text = ANY ('{Horror,Thriller}'::text[])))"}]}]}]}, {"Node Type": "Index Scan", "Parent Relationship": "Inner", "Scan Direction": "Forward", "Index Name": "movie_id_movie_info_idx", "Relation Name": "movie_info_idx", "Alias": "mi_idx", "Startup Cost": 0.0, "Total Cost": 0.96, "Plan Rows": 1, "Plan Width": 13, "Index Cond": "(movie_id = mi.movie_id)", "Filter": "((info)::text > '8.0'::text)"}]}]}, {"Node Type": "Index Scan", "Parent Relationship": "Inner", "Scan Direction": "Forward", "Index Name": "title_pkey", "Relation Name": "title", "Alias": "t", "Startup Cost": 0.0, "Total Cost": 2.84, "Plan Rows": 1, "Plan Width": 21, "Index Cond": "(id = mi.movie_id)", "Filter": "((production_year >= 2008) AND (production_year <= 2014))"}]}, {"Node Type": "Index Scan", "Parent Relationship": "Inner", "Scan Direction": "Forward", "Index Name": "movie_id_cast_info", "Relation Name": "cast_info", "Alias": "ci", "Startup Cost": 0.0, "Total Cost": 2.34, "Plan Rows": 1, "Plan Width": 8, "Index Cond": "(movie_id = t.id)", "Filter": "((note)::text = ANY ('{(writer),\"(head writer)\",\"(written by)\",(story),\"(story editor)\"}'::text[]))"}]}, {"Node Type": "Index Scan", "Parent Relationship": "Inner", "Scan Direction": "Forward", "Index Name": "name_pkey", "Relation Name": "name", "Alias": "n", "Startup Cost": 0.0, "Total Cost": 0.49, "Plan Rows": 1, "Plan Width": 4, "Index Cond": "(id = ci.person_id)", "Filter": "((gender IS NOT NULL) AND ((gender)::text = 'f'::text))"}]}]}, "Unique SQL Id": 661781350, "Planner Runtime": 21}, "explain_analyze_plan": {"Plan": {"Node Type": "Aggregate", "Strategy": "Plain", "Startup Cost": 72993.18, "Total Cost": 72993.19, "Plan Rows": 1, "Plan Width": 160, "Actual Min Startup Time": 744.744, "Actual Max Startup Time": 744.744, "Actual Min Total Time": 744.745, "Actual Max Total Time": 744.745, "Plans": [{"Node Type": "Nested Loop", "Parent Relationship": "Outer", "Join Type": "Inner", "Startup Cost": 0.0, "Total Cost": 72991.54, "Plan Rows": 219, "Plan Width": 64, "Actual Min Startup Time": 360.554, "Actual Max Startup Time": 360.554, "Actual Min Total Time": 744.685, "Actual Max Total Time": 744.685, "Inner Unique": true, "Plans": [{"Node Type": "Nested Loop", "Parent Relationship": "Outer", "Join Type": "Inner", "Startup Cost": 0.0, "Total Cost": 72830.55, "Plan Rows": 321, "Plan Width": 68, "Actual Min Startup Time": 349.305, "Actual Max Startup Time": 349.305, "Actual Min Total Time": 742.187, "Actual Max Total Time": 742.187, "Inner Unique": false, "Plans": [{"Node Type": "Nested Loop", "Parent Relationship": "Outer", "Join Type": "Inner", "Startup Cost": 0.0, "Total Cost": 72145.52, "Plan Rows": 291, "Plan Width": 76, "Actual Min Startup Time": 347.86, "Actual Max Startup Time": 347.86, "Actual Min Total Time": 710.007, "Actual Max Total Time": 710.007, "Inner Unique": true, "Plans": [{"Node Type": "Nested Loop", "Parent Relationship": "Outer", "Join Type": "Inner", "Startup Cost": 0.0, "Total Cost": 71432.31, "Plan Rows": 250, "Plan Width": 55, "Actual Min Startup Time": 347.833, "Actual Max Startup Time": 347.833, "Actual Min Total Time": 704.112, "Actual Max Total Time": 704.112, "Inner Unique": false, "Join Filter": "(mi_idx.info_type_id = it2.id)", "Rows Removed by Join Filter": 3403, "Plans": [{"Node Type": "Seq Scan", "Parent Relationship": "Outer", "Relation Name": "info_type", "Alias": "it2", "Startup Cost": 0.0, "Total Cost": 2.4, "Plan Rows": 1, "Plan Width": 4, "Actual Min Startup Time": 0.096, "Actual Max Startup Time": 0.096, "Actual Min Total Time": 0.108, "Actual Max Total Time": 0.108, "Filter": "((info)::text = 'rating'::text)", "Rows Removed by Filter": 111, "Actual Rows": 1}, {"Node Type": "Nested Loop", "Parent Relationship": "Inner", "Join Type": "Inner", "Startup Cost": 0.0, "Total Cost": 71417.42, "Plan Rows": 999, "Plan Width": 59, "Actual Min Startup Time": 347.719, "Actual Max Startup Time": 347.719, "Actual Min Total Time": 701.609, "Actual Max Total Time": 701.609, "Inner Unique": false, "Plans": [{"Node Type": "Nested Loop", "Parent Relationship": "Outer", "Join Type": "Inner", "Startup Cost": 0.0, "Total Cost": 70475.56, "Plan Rows": 971, "Plan Width": 46, "Actual Min Startup Time": 347.616, "Actual Max Startup Time": 347.616, "Actual Min Total Time": 386.749, "Actual Max Total Time": 386.749, "Inner Unique": false, "Join Filter": "(it1.id = mi.info_type_id)", "Rows Removed by Join Filter": 789, "Plans": [{"Node Type": "Seq Scan", "Parent Relationship": "Outer", "Relation Name": "info_type", "Alias": "it1", "Startup Cost": 0.0, "Total Cost": 2.4, "Plan Rows": 1, "Plan Width": 4, "Actual Min Startup Time": 0.046, "Actual Max Startup Time": 0.046, "Actual Min Total Time": 0.079, "Actual Max Total Time": 0.079, "Filter": "((info)::text = 'genres'::text)", "Rows Removed by Filter": 111, "Actual Rows": 1}, {"Node Type": "Materialize", "Parent Relationship": "Inner", "Startup Cost": 0.0, "Total Cost": 69793.45, "Plan Rows": 67971, "Plan Width": 50, "Actual Min Startup Time": 347.531, "Actual Max Startup Time": 347.531, "Actual Min Total Time": 357.593, "Actual Max Total Time": 357.593, "Plans": [{"Node Type": "Streaming(type: LOCAL GATHER dop: 1/64)", "Parent Relationship": "Outer", "Startup Cost": 0.0, "Total Cost": 69623.52, "Plan Rows": 67971, "Plan Width": 50, "Actual Min Startup Time": 182.821, "Actual Max Startup Time": 182.821, "Actual Min Total Time": 336.355, "Actual Max Total Time": 336.355, "Plans": [{"Node Type": "Seq Scan", "Parent Relationship": "Outer", "Relation Name": "movie_info", "Alias": "mi", "Startup Cost": 0.0, "Total Cost": 68221.29, "Plan Rows": 67971, "Plan Width": 50, "Actual Min Startup Time": 53.746, "Actual Max Startup Time": 120.053, "Actual Min Total Time": 96.673, "Actual Max Total Time": 129.021, "Filter": "((note IS NULL) AND ((info)::text = ANY ('{Horror,Thriller}'::text[])))", "Rows Removed by Filter": 14762672, "Actual Rows": 73047}], "Actual Rows": 73047}], "Actual Rows": 73048}], "Actual Rows": 72258}, {"Node Type": "Index Scan", "Parent Relationship": "Inner", "Scan Direction": "Forward", "Index Name": "movie_id_movie_info_idx", "Relation Name": "movie_info_idx", "Alias": "mi_idx", "Startup Cost": 0.0, "Total Cost": 0.96, "Plan Rows": 1, "Plan Width": 13, "Actual Min Startup Time": 276.39, "Actual Max Startup Time": 276.39, "Actual Min Total Time": 279.918, "Actual Max Total Time": 279.918, "Index Cond": "(movie_id = mi.movie_id)", "Rows Removed by Index Recheck": 0, "Filter": "((info)::text > '8.0'::text)", "Rows Removed by Filter": 113143, "Actual Rows": 4135}], "Actual Rows": 4135}], "Actual Rows": 732}, {"Node Type": "Index Scan", "Parent Relationship": "Inner", "Scan Direction": "Forward", "Index Name": "title_pkey", "Relation Name": "title", "Alias": "t", "Startup Cost": 0.0, "Total Cost": 2.84, "Plan Rows": 1, "Plan Width": 21, "Actual Min Startup Time": 5.3, "Actual Max Startup Time": 5.3, "Actual Min Total Time": 5.3, "Actual Max Total Time": 5.3, "Index Cond": "(id = mi.movie_id)", "Rows Removed by Index Recheck": 0, "Filter": "((production_year >= 2008) AND (production_year <= 2014))", "Rows Removed by Filter": 374, "Actual Rows": 358}], "Actual Rows": 358}, {"Node Type": "Index Scan", "Parent Relationship": "Inner", "Scan Direction": "Forward", "Index Name": "movie_id_cast_info", "Relation Name": "cast_info", "Alias": "ci", "Startup Cost": 0.0, "Total Cost": 2.34, "Plan Rows": 1, "Plan Width": 8, "Actual Min Startup Time": 25.141, "Actual Max Startup Time": 25.141, "Actual Min Total Time": 31.897, "Actual Max Total Time": 31.897, "Index Cond": "(movie_id = t.id)", "Rows Removed by Index Recheck": 0, "Filter": "((note)::text = ANY ('{(writer),\"(head writer)\",\"(written by)\",(story),\"(story editor)\"}'::text[]))", "Rows Removed by Filter": 12296, "Actual Rows": 268}], "Actual Rows": 268}, {"Node Type": "Index Scan", "Parent Relationship": "Inner", "Scan Direction": "Forward", "Index Name": "name_pkey", "Relation Name": "name", "Alias": "n", "Startup Cost": 0.0, "Total Cost": 0.49, "Plan Rows": 1, "Plan Width": 4, "Actual Min Startup Time": 2.298, "Actual Max Startup Time": 2.298, "Actual Min Total Time": 2.298, "Actual Max Total Time": 2.298, "Index Cond": "(id = ci.person_id)", "Rows Removed by Index Recheck": 0, "Filter": "((gender IS NOT NULL) AND ((gender)::text = 'f'::text))", "Rows Removed by Filter": 257, "Actual Rows": 11}], "Actual Rows": 11}], "Actual Rows": 1}, "Triggers": [], "Planner Runtime": 47.81, "Total Runtime": 757.105, "Unique SQL Id": 661781350}}, "(64, '21')": {"explain_plan": {"Plan": {"Node Type": "Aggregate", "Strategy": "Plain", "Startup Cost": 84230.9, "Total Cost": 84230.91, "Plan Rows": 1, "Plan Width": 160, "Plans": [{"Node Type": "Nested Loop", "Parent Relationship": "Outer", "Join Type": "Inner", "Startup Cost": 7419.04, "Total Cost": 84229.26, "Plan Rows": 219, "Plan Width": 64, "Inner Unique": true, "Plans": [{"Node Type": "Nested Loop", "Parent Relationship": "Outer", "Join Type": "Inner", "Startup Cost": 7419.04, "Total Cost": 84068.27, "Plan Rows": 321, "Plan Width": 68, "Inner Unique": false, "Plans": [{"Node Type": "Nested Loop", "Parent Relationship": "Outer", "Join Type": "Inner", "Startup Cost": 7419.04, "Total Cost": 83383.24, "Plan Rows": 291, "Plan Width": 76, "Inner Unique": false, "Join Filter": "(mi.info_type_id = it1.id)", "Plans": [{"Node Type": "Index Scan", "Parent Relationship": "Outer", "Scan Direction": "Forward", "Index Name": "info_type_pkey", "Relation Name": "info_type", "Alias": "it1", "Startup Cost": 0.0, "Total Cost": 14.21, "Plan Rows": 1, "Plan Width": 4, "Filter": "((info)::text = 'genres'::text)"}, {"Node Type": "Nested Loop", "Parent Relationship": "Inner", "Join Type": "Inner", "Startup Cost": 7419.04, "Total Cost": 83197.12, "Plan Rows": 13753, "Plan Width": 80, "Inner Unique": false, "Plans": [{"Node Type": "Nested Loop", "Parent Relationship": "Outer", "Join Type": "Inner", "Startup Cost": 7419.04, "Total Cost": 61824.99, "Plan Rows": 15041, "Plan Width": 30, "Inner Unique": true, "Plans": [{"Node Type": "Nested Loop", "Parent Relationship": "Outer", "Join Type": "Inner", "Startup Cost": 7419.04, "Total Cost": 19211.73, "Plan Rows": 12936, "Plan Width": 9, "Inner Unique": false, "Plans": [{"Node Type": "Index Scan", "Parent Relationship": "Outer", "Scan Direction": "Forward", "Index Name": "info_type_pkey", "Relation Name": "info_type", "Alias": "it2", "Startup Cost": 0.0, "Total Cost": 14.21, "Plan Rows": 1, "Plan Width": 4, "Filter": "((info)::text = 'rating'::text)"}, {"Node Type": "Bitmap Heap Scan", "Parent Relationship": "Inner", "Relation Name": "movie_info_idx", "Alias": "mi_idx", "Startup Cost": 7419.04, "Total Cost": 19068.16, "Plan Rows": 12936, "Plan Width": 13, "Recheck Cond": "(info_type_id = it2.id)", "Filter": "((info)::text > '8.0'::text)", "Plans": [{"Node Type": "Bitmap Index Scan", "Parent Relationship": "Outer", "Index Name": "info_type_id_movie_info_idx", "Startup Cost": 0.0, "Total Cost": 7415.81, "Plan Rows": 345008, "Plan Width": 0, "Index Cond": "(info_type_id = it2.id)"}]}]}, {"Node Type": "Index Scan", "Parent Relationship": "Inner", "Scan Direction": "Forward", "Index Name": "title_pkey", "Relation Name": "title", "Alias": "t", "Startup Cost": 0.0, "Total Cost": 3.28, "Plan Rows": 1, "Plan Width": 21, "Index Cond": "(id = mi_idx.movie_id)", "Filter": "((production_year >= 2008) AND (production_year <= 2014))"}]}, {"Node Type": "Index Scan", "Parent Relationship": "Inner", "Scan Direction": "Forward", "Index Name": "movie_id_movie_info", "Relation Name": "movie_info", "Alias": "mi", "Startup Cost": 0.0, "Total Cost": 1.41, "Plan Rows": 1, "Plan Width": 50, "Index Cond": "(movie_id = t.id)", "Filter": "((note IS NULL) AND ((info)::text = ANY ('{Horror,Thriller}'::text[])))"}]}]}, {"Node Type": "Index Scan", "Parent Relationship": "Inner", "Scan Direction": "Forward", "Index Name": "movie_id_cast_info", "Relation Name": "cast_info", "Alias": "ci", "Startup Cost": 0.0, "Total Cost": 2.34, "Plan Rows": 1, "Plan Width": 8, "Index Cond": "(movie_id = t.id)", "Filter": "((note)::text = ANY ('{(writer),\"(head writer)\",\"(written by)\",(story),\"(story editor)\"}'::text[]))"}]}, {"Node Type": "Index Scan", "Parent Relationship": "Inner", "Scan Direction": "Forward", "Index Name": "name_pkey", "Relation Name": "name", "Alias": "n", "Startup Cost": 0.0, "Total Cost": 0.49, "Plan Rows": 1, "Plan Width": 4, "Index Cond": "(id = ci.person_id)", "Filter": "((gender IS NOT NULL) AND ((gender)::text = 'f'::text))"}]}]}, "Unique SQL Id": 661781350, "Planner Runtime": 18}, "explain_analyze_plan": {"Plan": {"Node Type": "Aggregate", "Strategy": "Plain", "Startup Cost": 84230.9, "Total Cost": 84230.91, "Plan Rows": 1, "Plan Width": 160, "Actual Startup Time": 677.344, "Actual Total Time": 677.345, "Actual Rows": 1, "Actual Loops": 1, "Plans": [{"Node Type": "Nested Loop", "Parent Relationship": "Outer", "Join Type": "Inner", "Startup Cost": 7419.04, "Total Cost": 84229.26, "Plan Rows": 219, "Plan Width": 64, "Actual Startup Time": 358.103, "Actual Total Time": 677.277, "Actual Rows": 11, "Actual Loops": 1, "Inner Unique": true, "Plans": [{"Node Type": "Nested Loop", "Parent Relationship": "Outer", "Join Type": "Inner", "Startup Cost": 7419.04, "Total Cost": 84068.27, "Plan Rows": 321, "Plan Width": 68, "Actual Startup Time": 122.374, "Actual Total Time": 674.358, "Actual Rows": 268, "Actual Loops": 1, "Inner Unique": false, "Plans": [{"Node Type": "Nested Loop", "Parent Relationship": "Outer", "Join Type": "Inner", "Startup Cost": 7419.04, "Total Cost": 83383.24, "Plan Rows": 291, "Plan Width": 76, "Actual Startup Time": 60.014, "Actual Total Time": 639.461, "Actual Rows": 358, "Actual Loops": 1, "Inner Unique": false, "Join Filter": "(mi.info_type_id = it1.id)", "Rows Removed by Join Filter": 0, "Plans": [{"Node Type": "Index Scan", "Parent Relationship": "Outer", "Scan Direction": "Forward", "Index Name": "info_type_pkey", "Relation Name": "info_type", "Alias": "it1", "Startup Cost": 0.0, "Total Cost": 14.21, "Plan Rows": 1, "Plan Width": 4, "Actual Startup Time": 0.023, "Actual Total Time": 0.078, "Actual Rows": 1, "Actual Loops": 1, "Filter": "((info)::text = 'genres'::text)", "Rows Removed by Filter": 111}, {"Node Type": "Nested Loop", "Parent Relationship": "Inner", "Join Type": "Inner", "Startup Cost": 7419.04, "Total Cost": 83197.12, "Plan Rows": 13753, "Plan Width": 80, "Actual Startup Time": 59.983, "Actual Total Time": 639.116, "Actual Rows": 358, "Actual Loops": 1, "Inner Unique": false, "Plans": [{"Node Type": "Nested Loop", "Parent Relationship": "Outer", "Join Type": "Inner", "Startup Cost": 7419.04, "Total Cost": 61824.99, "Plan Rows": 15041, "Plan Width": 30, "Actual Startup Time": 53.217, "Actual Total Time": 450.165, "Actual Rows": 6152, "Actual Loops": 1, "Inner Unique": true, "Plans": [{"Node Type": "Nested Loop", "Parent Relationship": "Outer", "Join Type": "Inner", "Startup Cost": 7419.04, "Total Cost": 19211.73, "Plan Rows": 12936, "Plan Width": 9, "Actual Startup Time": 51.722, "Actual Total Time": 355.277, "Actual Rows": 15849, "Actual Loops": 1, "Inner Unique": false, "Plans": [{"Node Type": "Index Scan", "Parent Relationship": "Outer", "Scan Direction": "Forward", "Index Name": "info_type_pkey", "Relation Name": "info_type", "Alias": "it2", "Startup Cost": 0.0, "Total Cost": 14.21, "Plan Rows": 1, "Plan Width": 4, "Actual Startup Time": 0.05, "Actual Total Time": 0.06, "Actual Rows": 1, "Actual Loops": 1, "Filter": "((info)::text = 'rating'::text)", "Rows Removed by Filter": 111}, {"Node Type": "Bitmap Heap Scan", "Parent Relationship": "Inner", "Relation Name": "movie_info_idx", "Alias": "mi_idx", "Startup Cost": 7419.04, "Total Cost": 19068.16, "Plan Rows": 12936, "Plan Width": 13, "Actual Startup Time": 51.666, "Actual Total Time": 351.606, "Actual Rows": 15849, "Actual Loops": 1, "Recheck Cond": "(info_type_id = it2.id)", "Rows Removed by Index Recheck": 0, "Filter": "((info)::text > '8.0'::text)", "Rows Removed by Filter": 444076, "Exact Heap Blocks": 6472, "Lossy Heap Blocks": 6472, "Plans": [{"Node Type": "Bitmap Index Scan", "Parent Relationship": "Outer", "Index Name": "info_type_id_movie_info_idx", "Startup Cost": 0.0, "Total Cost": 7415.81, "Plan Rows": 345008, "Plan Width": 0, "Actual Startup Time": 50.423, "Actual Total Time": 50.423, "Actual Rows": 459925, "Actual Loops": 1, "Index Cond": "(info_type_id = it2.id)"}]}]}, {"Node Type": "Index Scan", "Parent Relationship": "Inner", "Scan Direction": "Forward", "Index Name": "title_pkey", "Relation Name": "title", "Alias": "t", "Startup Cost": 0.0, "Total Cost": 3.28, "Plan Rows": 1, "Plan Width": 21, "Actual Startup Time": 84.58, "Actual Total Time": 84.58, "Actual Rows": 6152, "Actual Loops": 15849, "Index Cond": "(id = mi_idx.movie_id)", "Rows Removed by Index Recheck": 0, "Filter": "((production_year >= 2008) AND (production_year <= 2014))", "Rows Removed by Filter": 9697}]}, {"Node Type": "Index Scan", "Parent Relationship": "Inner", "Scan Direction": "Forward", "Index Name": "movie_id_movie_info", "Relation Name": "movie_info", "Alias": "mi", "Startup Cost": 0.0, "Total Cost": 1.41, "Plan Rows": 1, "Plan Width": 50, "Actual Startup Time": 185.159, "Actual Total Time": 185.486, "Actual Rows": 358, "Actual Loops": 6152, "Index Cond": "(movie_id = t.id)", "Rows Removed by Index Recheck": 0, "Filter": "((note IS NULL) AND ((info)::text = ANY ('{Horror,Thriller}'::text[])))", "Rows Removed by Filter": 109599}]}]}, {"Node Type": "Index Scan", "Parent Relationship": "Inner", "Scan Direction": "Forward", "Index Name": "movie_id_cast_info", "Relation Name": "cast_info", "Alias": "ci", "Startup Cost": 0.0, "Total Cost": 2.34, "Plan Rows": 1, "Plan Width": 8, "Actual Startup Time": 27.099, "Actual Total Time": 34.483, "Actual Rows": 268, "Actual Loops": 358, "Index Cond": "(movie_id = t.id)", "Rows Removed by Index Recheck": 0, "Filter": "((note)::text = ANY ('{(writer),\"(head writer)\",\"(written by)\",(story),\"(story editor)\"}'::text[]))", "Rows Removed by Filter": 12296}]}, {"Node Type": "Index Scan", "Parent Relationship": "Inner", "Scan Direction": "Forward", "Index Name": "name_pkey", "Relation Name": "name", "Alias": "n", "Startup Cost": 0.0, "Total Cost": 0.49, "Plan Rows": 1, "Plan Width": 4, "Actual Startup Time": 2.683, "Actual Total Time": 2.683, "Actual Rows": 11, "Actual Loops": 268, "Index Cond": "(id = ci.person_id)", "Rows Removed by Index Recheck": 0, "Filter": "((gender IS NOT NULL) AND ((gender)::text = 'f'::text))", "Rows Removed by Filter": 257}]}]}, "Triggers": [], "Planner Runtime": 24.054, "Total Runtime": 677.738, "Unique SQL Id": 661781350}}, "(64, '22')": {"explain_plan": {"Plan": {"Node Type": "Aggregate", "Strategy": "Plain", "Startup Cost": 79040.0, "Total Cost": 79040.01, "Plan Rows": 1, "Plan Width": 160, "Plans": [{"Node Type": "Nested Loop", "Parent Relationship": "Outer", "Join Type": "Inner", "Startup Cost": 2.67, "Total Cost": 79038.35, "Plan Rows": 219, "Plan Width": 64, "Inner Unique": true, "Plans": [{"Node Type": "Nested Loop", "Parent Relationship": "Outer", "Join Type": "Inner", "Startup Cost": 2.36, "Total Cost": 77647.24, "Plan Rows": 321, "Plan Width": 68, "Inner Unique": false, "Plans": [{"Node Type": "Nested Loop", "Parent Relationship": "Outer", "Join Type": "Inner", "Startup Cost": 1.35, "Total Cost": 76154.06, "Plan Rows": 291, "Plan Width": 76, "Inner Unique": true, "Plans": [{"Node Type": "Nested Loop", "Parent Relationship": "Outer", "Join Type": "Inner", "Startup Cost": 0.55, "Total Cost": 74946.61, "Plan Rows": 250, "Plan Width": 55, "Inner Unique": false, "Join Filter": "(mi_idx.info_type_id = it2.id)", "Plans": [{"Node Type": "Seq Scan", "Parent Relationship": "Outer", "Relation Name": "info_type", "Alias": "it2", "Startup Cost": 0.0, "Total Cost": 2.4, "Plan Rows": 1, "Plan Width": 4, "Filter": "((info)::text = 'rating'::text)"}, {"Node Type": "Nested Loop", "Parent Relationship": "Inner", "Join Type": "Inner", "Startup Cost": 0.55, "Total Cost": 74931.73, "Plan Rows": 999, "Plan Width": 59, "Inner Unique": false, "Plans": [{"Node Type": "Nested Loop", "Parent Relationship": "Outer", "Join Type": "Inner", "Startup Cost": 0.0, "Total Cost": 70475.56, "Plan Rows": 971, "Plan Width": 46, "Inner Unique": false, "Join Filter": "(it1.id = mi.info_type_id)", "Plans": [{"Node Type": "Seq Scan", "Parent Relationship": "Outer", "Relation Name": "info_type", "Alias": "it1", "Startup Cost": 0.0, "Total Cost": 2.4, "Plan Rows": 1, "Plan Width": 4, "Filter": "((info)::text = 'genres'::text)"}, {"Node Type": "Materialize", "Parent Relationship": "Inner", "Startup Cost": 0.0, "Total Cost": 69793.45, "Plan Rows": 67971, "Plan Width": 50, "Plans": [{"Node Type": "Streaming(type: LOCAL GATHER dop: 1/64)", "Parent Relationship": "Outer", "Startup Cost": 0.0, "Total Cost": 69623.52, "Plan Rows": 67971, "Plan Width": 50, "Plans": [{"Node Type": "Seq Scan", "Parent Relationship": "Outer", "Relation Name": "movie_info", "Alias": "mi", "Startup Cost": 0.0, "Total Cost": 68221.29, "Plan Rows": 67971, "Plan Width": 50, "Filter": "((note IS NULL) AND ((info)::text = ANY ('{Horror,Thriller}'::text[])))"}]}]}]}, {"Node Type": "Bitmap Heap Scan", "Parent Relationship": "Inner", "Relation Name": "movie_info_idx", "Alias": "mi_idx", "Startup Cost": 0.55, "Total Cost": 4.58, "Plan Rows": 1, "Plan Width": 13, "Recheck Cond": "(movie_id = mi.movie_id)", "Filter": "((info)::text > '8.0'::text)", "Plans": [{"Node Type": "Bitmap Index Scan", "Parent Relationship": "Outer", "Index Name": "movie_id_movie_info_idx", "Startup Cost": 0.0, "Total Cost": 0.55, "Plan Rows": 2, "Plan Width": 0, "Index Cond": "(movie_id = mi.movie_id)"}]}]}]}, {"Node Type": "Bitmap Heap Scan", "Parent Relationship": "Inner", "Relation Name": "title", "Alias": "t", "Startup Cost": 0.8, "Total Cost": 4.82, "Plan Rows": 1, "Plan Width": 21, "Recheck Cond": "(id = mi.movie_id)", "Filter": "((production_year >= 2008) AND (production_year <= 2014))", "Plans": [{"Node Type": "Bitmap Index Scan", "Parent Relationship": "Outer", "Index Name": "title_pkey", "Startup Cost": 0.0, "Total Cost": 0.8, "Plan Rows": 1, "Plan Width": 0, "Index Cond": "(id = mi.movie_id)"}]}]}, {"Node Type": "Bitmap Heap Scan", "Parent Relationship": "Inner", "Relation Name": "cast_info", "Alias": "ci", "Startup Cost": 1.01, "Total Cost": 5.12, "Plan Rows": 1, "Plan Width": 8, "Recheck Cond": "(movie_id = t.id)", "Filter": "((note)::text = ANY ('{(writer),\"(head writer)\",\"(written by)\",(story),\"(story editor)\"}'::text[]))", "Plans": [{"Node Type": "Bitmap Index Scan", "Parent Relationship": "Outer", "Index Name": "movie_id_cast_info", "Startup Cost": 0.0, "Total Cost": 1.01, "Plan Rows": 6, "Plan Width": 0, "Index Cond": "(movie_id = t.id)"}]}]}, {"Node Type": "Bitmap Heap Scan", "Parent Relationship": "Inner", "Relation Name": "name", "Alias": "n", "Startup Cost": 0.31, "Total Cost": 4.32, "Plan Rows": 1, "Plan Width": 4, "Recheck Cond": "(id = ci.person_id)", "Filter": "((gender IS NOT NULL) AND ((gender)::text = 'f'::text))", "Plans": [{"Node Type": "Bitmap Index Scan", "Parent Relationship": "Outer", "Index Name": "name_pkey", "Startup Cost": 0.0, "Total Cost": 0.31, "Plan Rows": 1, "Plan Width": 0, "Index Cond": "(id = ci.person_id)"}]}]}]}, "Unique SQL Id": 661781350, "Planner Runtime": 26}, "explain_analyze_plan": {"Plan": {"Node Type": "Aggregate", "Strategy": "Plain", "Startup Cost": 79040.0, "Total Cost": 79040.01, "Plan Rows": 1, "Plan Width": 160, "Actual Min Startup Time": 812.811, "Actual Max Startup Time": 812.811, "Actual Min Total Time": 812.811, "Actual Max Total Time": 812.811, "Plans": [{"Node Type": "Nested Loop", "Parent Relationship": "Outer", "Join Type": "Inner", "Startup Cost": 2.67, "Total Cost": 79038.35, "Plan Rows": 219, "Plan Width": 64, "Actual Min Startup Time": 388.712, "Actual Max Startup Time": 388.712, "Actual Min Total Time": 812.752, "Actual Max Total Time": 812.752, "Inner Unique": true, "Plans": [{"Node Type": "Nested Loop", "Parent Relationship": "Outer", "Join Type": "Inner", "Startup Cost": 2.36, "Total Cost": 77647.24, "Plan Rows": 321, "Plan Width": 68, "Actual Min Startup Time": 307.647, "Actual Max Startup Time": 307.647, "Actual Min Total Time": 809.564, "Actual Max Total Time": 809.564, "Inner Unique": false, "Plans": [{"Node Type": "Nested Loop", "Parent Relationship": "Outer", "Join Type": "Inner", "Startup Cost": 1.35, "Total Cost": 76154.06, "Plan Rows": 291, "Plan Width": 76, "Actual Min Startup Time": 307.553, "Actual Max Startup Time": 307.553, "Actual Min Total Time": 770.697, "Actual Max Total Time": 770.697, "Inner Unique": true, "Plans": [{"Node Type": "Nested Loop", "Parent Relationship": "Outer", "Join Type": "Inner", "Startup Cost": 0.55, "Total Cost": 74946.61, "Plan Rows": 250, "Plan Width": 55, "Actual Min Startup Time": 307.523, "Actual Max Startup Time": 307.523, "Actual Min Total Time": 762.726, "Actual Max Total Time": 762.726, "Inner Unique": false, "Join Filter": "(mi_idx.info_type_id = it2.id)", "Rows Removed by Join Filter": 3403, "Plans": [{"Node Type": "Seq Scan", "Parent Relationship": "Outer", "Relation Name": "info_type", "Alias": "it2", "Startup Cost": 0.0, "Total Cost": 2.4, "Plan Rows": 1, "Plan Width": 4, "Actual Min Startup Time": 0.098, "Actual Max Startup Time": 0.098, "Actual Min Total Time": 0.118, "Actual Max Total Time": 0.118, "Filter": "((info)::text = 'rating'::text)", "Rows Removed by Filter": 111, "Actual Rows": 1}, {"Node Type": "Nested Loop", "Parent Relationship": "Inner", "Join Type": "Inner", "Startup Cost": 0.55, "Total Cost": 74931.73, "Plan Rows": 999, "Plan Width": 59, "Actual Min Startup Time": 306.981, "Actual Max Startup Time": 306.981, "Actual Min Total Time": 759.629, "Actual Max Total Time": 759.629, "Inner Unique": false, "Plans": [{"Node Type": "Nested Loop", "Parent Relationship": "Outer", "Join Type": "Inner", "Startup Cost": 0.0, "Total Cost": 70475.56, "Plan Rows": 971, "Plan Width": 46, "Actual Min Startup Time": 306.629, "Actual Max Startup Time": 306.629, "Actual Min Total Time": 349.143, "Actual Max Total Time": 349.143, "Inner Unique": false, "Join Filter": "(it1.id = mi.info_type_id)", "Rows Removed by Join Filter": 789, "Plans": [{"Node Type": "Seq Scan", "Parent Relationship": "Outer", "Relation Name": "info_type", "Alias": "it1", "Startup Cost": 0.0, "Total Cost": 2.4, "Plan Rows": 1, "Plan Width": 4, "Actual Min Startup Time": 0.057, "Actual Max Startup Time": 0.057, "Actual Min Total Time": 0.104, "Actual Max Total Time": 0.104, "Filter": "((info)::text = 'genres'::text)", "Rows Removed by Filter": 111, "Actual Rows": 1}, {"Node Type": "Materialize", "Parent Relationship": "Inner", "Startup Cost": 0.0, "Total Cost": 69793.45, "Plan Rows": 67971, "Plan Width": 50, "Actual Min Startup Time": 306.535, "Actual Max Startup Time": 306.535, "Actual Min Total Time": 317.705, "Actual Max Total Time": 317.705, "Plans": [{"Node Type": "Streaming(type: LOCAL GATHER dop: 1/64)", "Parent Relationship": "Outer", "Startup Cost": 0.0, "Total Cost": 69623.52, "Plan Rows": 67971, "Plan Width": 50, "Actual Min Startup Time": 155.585, "Actual Max Startup Time": 155.585, "Actual Min Total Time": 295.065, "Actual Max Total Time": 295.065, "Plans": [{"Node Type": "Seq Scan", "Parent Relationship": "Outer", "Relation Name": "movie_info", "Alias": "mi", "Startup Cost": 0.0, "Total Cost": 68221.29, "Plan Rows": 67971, "Plan Width": 50, "Actual Min Startup Time": 54.273, "Actual Max Startup Time": 100.083, "Actual Min Total Time": 93.948, "Actual Max Total Time": 115.419, "Filter": "((note IS NULL) AND ((info)::text = ANY ('{Horror,Thriller}'::text[])))", "Rows Removed by Filter": 14762672, "Actual Rows": 73047}], "Actual Rows": 73047}], "Actual Rows": 73048}], "Actual Rows": 72258}, {"Node Type": "Bitmap Heap Scan", "Parent Relationship": "Inner", "Relation Name": "movie_info_idx", "Alias": "mi_idx", "Startup Cost": 0.55, "Total Cost": 4.58, "Plan Rows": 1, "Plan Width": 13, "Actual Min Startup Time": 329.234, "Actual Max Startup Time": 329.234, "Actual Min Total Time": 331.022, "Actual Max Total Time": 331.022, "Recheck Cond": "(movie_id = mi.movie_id)", "Rows Removed by Index Recheck": 0, "Filter": "((info)::text > '8.0'::text)", "Rows Removed by Filter": 113143, "Exact Heap Blocks": 39507, "Lossy Heap Blocks": 39507, "Plans": [{"Node Type": "Bitmap Index Scan", "Parent Relationship": "Outer", "Index Name": "movie_id_movie_info_idx", "Startup Cost": 0.0, "Total Cost": 0.55, "Plan Rows": 2, "Plan Width": 0, "Actual Min Startup Time": 192.42, "Actual Max Startup Time": 192.42, "Actual Min Total Time": 192.42, "Actual Max Total Time": 192.42, "Index Cond": "(movie_id = mi.movie_id)", "Actual Rows": 117278}], "Actual Rows": 4135}], "Actual Rows": 4135}], "Actual Rows": 732}, {"Node Type": "Bitmap Heap Scan", "Parent Relationship": "Inner", "Relation Name": "title", "Alias": "t", "Startup Cost": 0.8, "Total Cost": 4.82, "Plan Rows": 1, "Plan Width": 21, "Actual Min Startup Time": 6.373, "Actual Max Startup Time": 6.373, "Actual Min Total Time": 6.373, "Actual Max Total Time": 6.373, "Recheck Cond": "(id = mi.movie_id)", "Rows Removed by Index Recheck": 0, "Filter": "((production_year >= 2008) AND (production_year <= 2014))", "Rows Removed by Filter": 374, "Exact Heap Blocks": 732, "Lossy Heap Blocks": 732, "Plans": [{"Node Type": "Bitmap Index Scan", "Parent Relationship": "Outer", "Index Name": "title_pkey", "Startup Cost": 0.0, "Total Cost": 0.8, "Plan Rows": 1, "Plan Width": 0, "Actual Min Startup Time": 3.652, "Actual Max Startup Time": 3.652, "Actual Min Total Time": 3.652, "Actual Max Total Time": 3.652, "Index Cond": "(id = mi.movie_id)", "Actual Rows": 732}], "Actual Rows": 358}], "Actual Rows": 358}, {"Node Type": "Bitmap Heap Scan", "Parent Relationship": "Inner", "Relation Name": "cast_info", "Alias": "ci", "Startup Cost": 1.01, "Total Cost": 5.12, "Plan Rows": 1, "Plan Width": 8, "Actual Min Startup Time": 30.892, "Actual Max Startup Time": 30.892, "Actual Min Total Time": 38.081, "Actual Max Total Time": 38.081, "Recheck Cond": "(movie_id = t.id)", "Rows Removed by Index Recheck": 0, "Filter": "((note)::text = ANY ('{(writer),\"(head writer)\",\"(written by)\",(story),\"(story editor)\"}'::text[]))", "Rows Removed by Filter": 12296, "Exact Heap Blocks": 11454, "Lossy Heap Blocks": 11454, "Plans": [{"Node Type": "Bitmap Index Scan", "Parent Relationship": "Outer", "Index Name": "movie_id_cast_info", "Startup Cost": 0.0, "Total Cost": 1.01, "Plan Rows": 6, "Plan Width": 0, "Actual Min Startup Time": 5.397, "Actual Max Startup Time": 5.397, "Actual Min Total Time": 5.397, "Actual Max Total Time": 5.397, "Index Cond": "(movie_id = t.id)", "Actual Rows": 12564}], "Actual Rows": 268}], "Actual Rows": 268}, {"Node Type": "Bitmap Heap Scan", "Parent Relationship": "Inner", "Relation Name": "name", "Alias": "n", "Startup Cost": 0.31, "Total Cost": 4.32, "Plan Rows": 1, "Plan Width": 4, "Actual Min Startup Time": 2.722, "Actual Max Startup Time": 2.722, "Actual Min Total Time": 2.722, "Actual Max Total Time": 2.722, "Recheck Cond": "(id = ci.person_id)", "Rows Removed by Index Recheck": 0, "Filter": "((gender IS NOT NULL) AND ((gender)::text = 'f'::text))", "Rows Removed by Filter": 257, "Exact Heap Blocks": 268, "Lossy Heap Blocks": 268, "Plans": [{"Node Type": "Bitmap Index Scan", "Parent Relationship": "Outer", "Index Name": "name_pkey", "Startup Cost": 0.0, "Total Cost": 0.31, "Plan Rows": 1, "Plan Width": 0, "Actual Min Startup Time": 1.726, "Actual Max Startup Time": 1.726, "Actual Min Total Time": 1.726, "Actual Max Total Time": 1.726, "Index Cond": "(id = ci.person_id)", "Actual Rows": 268}], "Actual Rows": 11}], "Actual Rows": 11}], "Actual Rows": 1}, "Triggers": [], "Planner Runtime": 65.639, "Total Runtime": 826.211, "Unique SQL Id": 661781350}}, "(64, '23')": {"explain_plan": {"Plan": {"Node Type": "Aggregate", "Strategy": "Plain", "Startup Cost": 157109.69, "Total Cost": 157109.7, "Plan Rows": 1, "Plan Width": 160, "Plans": [{"Node Type": "Nested Loop", "Parent Relationship": "Outer", "Join Type": "Inner", "Startup Cost": 7439.53, "Total Cost": 157108.05, "Plan Rows": 219, "Plan Width": 64, "Inner Unique": true, "Plans": [{"Node Type": "Nested Loop", "Parent Relationship": "Outer", "Join Type": "Inner", "Startup Cost": 7439.22, "Total Cost": 155716.93, "Plan Rows": 321, "Plan Width": 68, "Inner Unique": false, "Plans": [{"Node Type": "Nested Loop", "Parent Relationship": "Outer", "Join Type": "Inner", "Startup Cost": 7438.22, "Total Cost": 154223.75, "Plan Rows": 291, "Plan Width": 76, "Inner Unique": false, "Join Filter": "(mi.info_type_id = it1.id)", "Plans": [{"Node Type": "Bitmap Heap Scan", "Parent Relationship": "Outer", "Relation Name": "info_type", "Alias": "it1", "Startup Cost": 8.81, "Total Cost": 14.21, "Plan Rows": 1, "Plan Width": 4, "Filter": "((info)::text = 'genres'::text)", "Plans": [{"Node Type": "Bitmap Index Scan", "Parent Relationship": "Outer", "Index Name": "info_type_pkey", "Startup Cost": 0.0, "Total Cost": 8.81, "Plan Rows": 112, "Plan Width": 0}]}, {"Node Type": "Nested Loop", "Parent Relationship": "Inner", "Join Type": "Inner", "Startup Cost": 7429.41, "Total Cost": 154037.63, "Plan Rows": 13753, "Plan Width": 80, "Inner Unique": false, "Plans": [{"Node Type": "Nested Loop", "Parent Relationship": "Outer", "Join Type": "Inner", "Startup Cost": 7428.83, "Total Cost": 83898.37, "Plan Rows": 15041, "Plan Width": 30, "Inner Unique": true, "Plans": [{"Node Type": "Nested Loop", "Parent Relationship": "Outer", "Join Type": "Inner", "Startup Cost": 7427.85, "Total Cost": 19211.73, "Plan Rows": 12936, "Plan Width": 9, "Inner Unique": false, "Plans": [{"Node Type": "Bitmap Heap Scan", "Parent Relationship": "Outer", "Relation Name": "info_type", "Alias": "it2", "Startup Cost": 8.81, "Total Cost": 14.21, "Plan Rows": 1, "Plan Width": 4, "Filter": "((info)::text = 'rating'::text)", "Plans": [{"Node Type": "Bitmap Index Scan", "Parent Relationship": "Outer", "Index Name": "info_type_pkey", "Startup Cost": 0.0, "Total Cost": 8.81, "Plan Rows": 112, "Plan Width": 0}]}, {"Node Type": "Bitmap Heap Scan", "Parent Relationship": "Inner", "Relation Name": "movie_info_idx", "Alias": "mi_idx", "Startup Cost": 7419.04, "Total Cost": 19068.16, "Plan Rows": 12936, "Plan Width": 13, "Recheck Cond": "(info_type_id = it2.id)", "Filter": "((info)::text > '8.0'::text)", "Plans": [{"Node Type": "Bitmap Index Scan", "Parent Relationship": "Outer", "Index Name": "info_type_id_movie_info_idx", "Startup Cost": 0.0, "Total Cost": 7415.81, "Plan Rows": 345008, "Plan Width": 0, "Index Cond": "(info_type_id = it2.id)"}]}]}, {"Node Type": "Bitmap Heap Scan", "Parent Relationship": "Inner", "Relation Name": "title", "Alias": "t", "Startup Cost": 0.97, "Total Cost": 4.99, "Plan Rows": 1, "Plan Width": 21, "Recheck Cond": "(id = mi_idx.movie_id)", "Filter": "((production_year >= 2008) AND (production_year <= 2014))", "Plans": [{"Node Type": "Bitmap Index Scan", "Parent Relationship": "Outer", "Index Name": "title_pkey", "Startup Cost": 0.0, "Total Cost": 0.97, "Plan Rows": 1, "Plan Width": 0, "Index Cond": "(id = mi_idx.movie_id)"}]}]}, {"Node Type": "Bitmap Heap Scan", "Parent Relationship": "Inner", "Relation Name": "movie_info", "Alias": "mi", "Startup Cost": 0.58, "Total Cost": 4.65, "Plan Rows": 1, "Plan Width": 50, "Recheck Cond": "(movie_id = t.id)", "Filter": "((note IS NULL) AND ((info)::text = ANY ('{Horror,Thriller}'::text[])))", "Plans": [{"Node Type": "Bitmap Index Scan", "Parent Relationship": "Outer", "Index Name": "movie_id_movie_info", "Startup Cost": 0.0, "Total Cost": 0.58, "Plan Rows": 5, "Plan Width": 0, "Index Cond": "(movie_id = t.id)"}]}]}]}, {"Node Type": "Bitmap Heap Scan", "Parent Relationship": "Inner", "Relation Name": "cast_info", "Alias": "ci", "Startup Cost": 1.01, "Total Cost": 5.12, "Plan Rows": 1, "Plan Width": 8, "Recheck Cond": "(movie_id = t.id)", "Filter": "((note)::text = ANY ('{(writer),\"(head writer)\",\"(written by)\",(story),\"(story editor)\"}'::text[]))", "Plans": [{"Node Type": "Bitmap Index Scan", "Parent Relationship": "Outer", "Index Name": "movie_id_cast_info", "Startup Cost": 0.0, "Total Cost": 1.01, "Plan Rows": 6, "Plan Width": 0, "Index Cond": "(movie_id = t.id)"}]}]}, {"Node Type": "Bitmap Heap Scan", "Parent Relationship": "Inner", "Relation Name": "name", "Alias": "n", "Startup Cost": 0.31, "Total Cost": 4.32, "Plan Rows": 1, "Plan Width": 4, "Recheck Cond": "(id = ci.person_id)", "Filter": "((gender IS NOT NULL) AND ((gender)::text = 'f'::text))", "Plans": [{"Node Type": "Bitmap Index Scan", "Parent Relationship": "Outer", "Index Name": "name_pkey", "Startup Cost": 0.0, "Total Cost": 0.31, "Plan Rows": 1, "Plan Width": 0, "Index Cond": "(id = ci.person_id)"}]}]}]}, "Unique SQL Id": 661781350, "Planner Runtime": 19}, "explain_analyze_plan": {"Plan": {"Node Type": "Aggregate", "Strategy": "Plain", "Startup Cost": 157109.69, "Total Cost": 157109.7, "Plan Rows": 1, "Plan Width": 160, "Actual Startup Time": 641.712, "Actual Total Time": 641.712, "Actual Rows": 1, "Actual Loops": 1, "Plans": [{"Node Type": "Nested Loop", "Parent Relationship": "Outer", "Join Type": "Inner", "Startup Cost": 7439.53, "Total Cost": 157108.05, "Plan Rows": 219, "Plan Width": 64, "Actual Startup Time": 369.881, "Actual Total Time": 641.653, "Actual Rows": 11, "Actual Loops": 1, "Inner Unique": true, "Plans": [{"Node Type": "Nested Loop", "Parent Relationship": "Outer", "Join Type": "Inner", "Startup Cost": 7439.22, "Total Cost": 155716.93, "Plan Rows": 321, "Plan Width": 68, "Actual Startup Time": 136.404, "Actual Total Time": 638.777, "Actual Rows": 268, "Actual Loops": 1, "Inner Unique": false, "Plans": [{"Node Type": "Nested Loop", "Parent Relationship": "Outer", "Join Type": "Inner", "Startup Cost": 7438.22, "Total Cost": 154223.75, "Plan Rows": 291, "Plan Width": 76, "Actual Startup Time": 62.071, "Actual Total Time": 601.341, "Actual Rows": 358, "Actual Loops": 1, "Inner Unique": false, "Join Filter": "(mi.info_type_id = it1.id)", "Rows Removed by Join Filter": 0, "Plans": [{"Node Type": "Bitmap Heap Scan", "Parent Relationship": "Outer", "Relation Name": "info_type", "Alias": "it1", "Startup Cost": 8.81, "Total Cost": 14.21, "Plan Rows": 1, "Plan Width": 4, "Actual Startup Time": 0.052, "Actual Total Time": 0.088, "Actual Rows": 1, "Actual Loops": 1, "Filter": "((info)::text = 'genres'::text)", "Rows Removed by Filter": 111, "Exact Heap Blocks": 1, "Lossy Heap Blocks": 1, "Plans": [{"Node Type": "Bitmap Index Scan", "Parent Relationship": "Outer", "Index Name": "info_type_pkey", "Startup Cost": 0.0, "Total Cost": 8.81, "Plan Rows": 112, "Plan Width": 0, "Actual Startup Time": 0.012, "Actual Total Time": 0.012, "Actual Rows": 112, "Actual Loops": 1}]}, {"Node Type": "Nested Loop", "Parent Relationship": "Inner", "Join Type": "Inner", "Startup Cost": 7429.41, "Total Cost": 154037.63, "Plan Rows": 13753, "Plan Width": 80, "Actual Startup Time": 62.009, "Actual Total Time": 600.951, "Actual Rows": 358, "Actual Loops": 1, "Inner Unique": false, "Plans": [{"Node Type": "Nested Loop", "Parent Relationship": "Outer", "Join Type": "Inner", "Startup Cost": 7428.83, "Total Cost": 83898.37, "Plan Rows": 15041, "Plan Width": 30, "Actual Startup Time": 54.142, "Actual Total Time": 420.438, "Actual Rows": 6152, "Actual Loops": 1, "Inner Unique": true, "Plans": [{"Node Type": "Nested Loop", "Parent Relationship": "Outer", "Join Type": "Inner", "Startup Cost": 7427.85, "Total Cost": 19211.73, "Plan Rows": 12936, "Plan Width": 9, "Actual Startup Time": 52.371, "Actual Total Time": 307.724, "Actual Rows": 15849, "Actual Loops": 1, "Inner Unique": false, "Plans": [{"Node Type": "Bitmap Heap Scan", "Parent Relationship": "Outer", "Relation Name": "info_type", "Alias": "it2", "Startup Cost": 8.81, "Total Cost": 14.21, "Plan Rows": 1, "Plan Width": 4, "Actual Startup Time": 0.051, "Actual Total Time": 0.06, "Actual Rows": 1, "Actual Loops": 1, "Filter": "((info)::text = 'rating'::text)", "Rows Removed by Filter": 111, "Exact Heap Blocks": 1, "Lossy Heap Blocks": 1, "Plans": [{"Node Type": "Bitmap Index Scan", "Parent Relationship": "Outer", "Index Name": "info_type_pkey", "Startup Cost": 0.0, "Total Cost": 8.81, "Plan Rows": 112, "Plan Width": 0, "Actual Startup Time": 0.008, "Actual Total Time": 0.008, "Actual Rows": 112, "Actual Loops": 1}]}, {"Node Type": "Bitmap Heap Scan", "Parent Relationship": "Inner", "Relation Name": "movie_info_idx", "Alias": "mi_idx", "Startup Cost": 7419.04, "Total Cost": 19068.16, "Plan Rows": 12936, "Plan Width": 13, "Actual Startup Time": 52.315, "Actual Total Time": 303.803, "Actual Rows": 15849, "Actual Loops": 1, "Recheck Cond": "(info_type_id = it2.id)", "Rows Removed by Index Recheck": 0, "Filter": "((info)::text > '8.0'::text)", "Rows Removed by Filter": 444076, "Exact Heap Blocks": 6472, "Lossy Heap Blocks": 6472, "Plans": [{"Node Type": "Bitmap Index Scan", "Parent Relationship": "Outer", "Index Name": "info_type_id_movie_info_idx", "Startup Cost": 0.0, "Total Cost": 7415.81, "Plan Rows": 345008, "Plan Width": 0, "Actual Startup Time": 51.054, "Actual Total Time": 51.054, "Actual Rows": 459925, "Actual Loops": 1, "Index Cond": "(info_type_id = it2.id)"}]}]}, {"Node Type": "Bitmap Heap Scan", "Parent Relationship": "Inner", "Relation Name": "title", "Alias": "t", "Startup Cost": 0.97, "Total Cost": 4.99, "Plan Rows": 1, "Plan Width": 21, "Actual Startup Time": 92.149, "Actual Total Time": 92.149, "Actual Rows": 6152, "Actual Loops": 15849, "Recheck Cond": "(id = mi_idx.movie_id)", "Rows Removed by Index Recheck": 0, "Filter": "((production_year >= 2008) AND (production_year <= 2014))", "Rows Removed by Filter": 9697, "Exact Heap Blocks": 15849, "Lossy Heap Blocks": 15849, "Plans": [{"Node Type": "Bitmap Index Scan", "Parent Relationship": "Outer", "Index Name": "title_pkey", "Startup Cost": 0.0, "Total Cost": 0.97, "Plan Rows": 1, "Plan Width": 0, "Actual Startup Time": 48.576, "Actual Total Time": 48.576, "Actual Rows": 15849, "Actual Loops": 15849, "Index Cond": "(id = mi_idx.movie_id)"}]}]}, {"Node Type": "Bitmap Heap Scan", "Parent Relationship": "Inner", "Relation Name": "movie_info", "Alias": "mi", "Startup Cost": 0.58, "Total Cost": 4.65, "Plan Rows": 1, "Plan Width": 50, "Actual Startup Time": 172.051, "Actual Total Time": 172.214, "Actual Rows": 358, "Actual Loops": 6152, "Recheck Cond": "(movie_id = t.id)", "Rows Removed by Index Recheck": 0, "Filter": "((note IS NULL) AND ((info)::text = ANY ('{Horror,Thriller}'::text[])))", "Rows Removed by Filter": 109599, "Exact Heap Blocks": 52726, "Lossy Heap Blocks": 52726, "Plans": [{"Node Type": "Bitmap Index Scan", "Parent Relationship": "Outer", "Index Name": "movie_id_movie_info", "Startup Cost": 0.0, "Total Cost": 0.58, "Plan Rows": 5, "Plan Width": 0, "Actual Startup Time": 40.994, "Actual Total Time": 40.994, "Actual Rows": 109957, "Actual Loops": 6152, "Index Cond": "(movie_id = t.id)"}]}]}]}, {"Node Type": "Bitmap Heap Scan", "Parent Relationship": "Inner", "Relation Name": "cast_info", "Alias": "ci", "Startup Cost": 1.01, "Total Cost": 5.12, "Plan Rows": 1, "Plan Width": 8, "Actual Startup Time": 29.533, "Actual Total Time": 36.492, "Actual Rows": 268, "Actual Loops": 358, "Recheck Cond": "(movie_id = t.id)", "Rows Removed by Index Recheck": 0, "Filter": "((note)::text = ANY ('{(writer),\"(head writer)\",\"(written by)\",(story),\"(story editor)\"}'::text[]))", "Rows Removed by Filter": 12296, "Exact Heap Blocks": 11454, "Lossy Heap Blocks": 11454, "Plans": [{"Node Type": "Bitmap Index Scan", "Parent Relationship": "Outer", "Index Name": "movie_id_cast_info", "Startup Cost": 0.0, "Total Cost": 1.01, "Plan Rows": 6, "Plan Width": 0, "Actual Startup Time": 5.133, "Actual Total Time": 5.133, "Actual Rows": 12564, "Actual Loops": 358, "Index Cond": "(movie_id = t.id)"}]}]}, {"Node Type": "Bitmap Heap Scan", "Parent Relationship": "Inner", "Relation Name": "name", "Alias": "n", "Startup Cost": 0.31, "Total Cost": 4.32, "Plan Rows": 1, "Plan Width": 4, "Actual Startup Time": 2.348, "Actual Total Time": 2.348, "Actual Rows": 11, "Actual Loops": 268, "Recheck Cond": "(id = ci.person_id)", "Rows Removed by Index Recheck": 0, "Filter": "((gender IS NOT NULL) AND ((gender)::text = 'f'::text))", "Rows Removed by Filter": 257, "Exact Heap Blocks": 268, "Lossy Heap Blocks": 268, "Plans": [{"Node Type": "Bitmap Index Scan", "Parent Relationship": "Outer", "Index Name": "name_pkey", "Startup Cost": 0.0, "Total Cost": 0.31, "Plan Rows": 1, "Plan Width": 0, "Actual Startup Time": 1.397, "Actual Total Time": 1.397, "Actual Rows": 268, "Actual Loops": 268, "Index Cond": "(id = ci.person_id)"}]}]}]}, "Triggers": [], "Planner Runtime": 23.242, "Total Runtime": 642.057, "Unique SQL Id": 661781350}}, "(64, '24')": {"explain_plan": {"Plan": {"Node Type": "Aggregate", "Strategy": "Plain", "Startup Cost": 72993.18, "Total Cost": 72993.19, "Plan Rows": 1, "Plan Width": 160, "Plans": [{"Node Type": "Nested Loop", "Parent Relationship": "Outer", "Join Type": "Inner", "Startup Cost": 0.0, "Total Cost": 72991.54, "Plan Rows": 219, "Plan Width": 64, "Inner Unique": true, "Plans": [{"Node Type": "Nested Loop", "Parent Relationship": "Outer", "Join Type": "Inner", "Startup Cost": 0.0, "Total Cost": 72830.55, "Plan Rows": 321, "Plan Width": 68, "Inner Unique": false, "Plans": [{"Node Type": "Nested Loop", "Parent Relationship": "Outer", "Join Type": "Inner", "Startup Cost": 0.0, "Total Cost": 72145.52, "Plan Rows": 291, "Plan Width": 76, "Inner Unique": true, "Plans": [{"Node Type": "Nested Loop", "Parent Relationship": "Outer", "Join Type": "Inner", "Startup Cost": 0.0, "Total Cost": 71432.31, "Plan Rows": 250, "Plan Width": 55, "Inner Unique": false, "Join Filter": "(mi_idx.info_type_id = it2.id)", "Plans": [{"Node Type": "Seq Scan", "Parent Relationship": "Outer", "Relation Name": "info_type", "Alias": "it2", "Startup Cost": 0.0, "Total Cost": 2.4, "Plan Rows": 1, "Plan Width": 4, "Filter": "((info)::text = 'rating'::text)"}, {"Node Type": "Nested Loop", "Parent Relationship": "Inner", "Join Type": "Inner", "Startup Cost": 0.0, "Total Cost": 71417.42, "Plan Rows": 999, "Plan Width": 59, "Inner Unique": false, "Plans": [{"Node Type": "Nested Loop", "Parent Relationship": "Outer", "Join Type": "Inner", "Startup Cost": 0.0, "Total Cost": 70475.56, "Plan Rows": 971, "Plan Width": 46, "Inner Unique": false, "Join Filter": "(it1.id = mi.info_type_id)", "Plans": [{"Node Type": "Seq Scan", "Parent Relationship": "Outer", "Relation Name": "info_type", "Alias": "it1", "Startup Cost": 0.0, "Total Cost": 2.4, "Plan Rows": 1, "Plan Width": 4, "Filter": "((info)::text = 'genres'::text)"}, {"Node Type": "Materialize", "Parent Relationship": "Inner", "Startup Cost": 0.0, "Total Cost": 69793.45, "Plan Rows": 67971, "Plan Width": 50, "Plans": [{"Node Type": "Streaming(type: LOCAL GATHER dop: 1/64)", "Parent Relationship": "Outer", "Startup Cost": 0.0, "Total Cost": 69623.52, "Plan Rows": 67971, "Plan Width": 50, "Plans": [{"Node Type": "Seq Scan", "Parent Relationship": "Outer", "Relation Name": "movie_info", "Alias": "mi", "Startup Cost": 0.0, "Total Cost": 68221.29, "Plan Rows": 67971, "Plan Width": 50, "Filter": "((note IS NULL) AND ((info)::text = ANY ('{Horror,Thriller}'::text[])))"}]}]}]}, {"Node Type": "Index Scan", "Parent Relationship": "Inner", "Scan Direction": "Forward", "Index Name": "movie_id_movie_info_idx", "Relation Name": "movie_info_idx", "Alias": "mi_idx", "Startup Cost": 0.0, "Total Cost": 0.96, "Plan Rows": 1, "Plan Width": 13, "Index Cond": "(movie_id = mi.movie_id)", "Filter": "((info)::text > '8.0'::text)"}]}]}, {"Node Type": "Index Scan", "Parent Relationship": "Inner", "Scan Direction": "Forward", "Index Name": "title_pkey", "Relation Name": "title", "Alias": "t", "Startup Cost": 0.0, "Total Cost": 2.84, "Plan Rows": 1, "Plan Width": 21, "Index Cond": "(id = mi.movie_id)", "Filter": "((production_year >= 2008) AND (production_year <= 2014))"}]}, {"Node Type": "Index Scan", "Parent Relationship": "Inner", "Scan Direction": "Forward", "Index Name": "movie_id_cast_info", "Relation Name": "cast_info", "Alias": "ci", "Startup Cost": 0.0, "Total Cost": 2.34, "Plan Rows": 1, "Plan Width": 8, "Index Cond": "(movie_id = t.id)", "Filter": "((note)::text = ANY ('{(writer),\"(head writer)\",\"(written by)\",(story),\"(story editor)\"}'::text[]))"}]}, {"Node Type": "Index Scan", "Parent Relationship": "Inner", "Scan Direction": "Forward", "Index Name": "name_pkey", "Relation Name": "name", "Alias": "n", "Startup Cost": 0.0, "Total Cost": 0.49, "Plan Rows": 1, "Plan Width": 4, "Index Cond": "(id = ci.person_id)", "Filter": "((gender IS NOT NULL) AND ((gender)::text = 'f'::text))"}]}]}, "Unique SQL Id": 661781350, "Planner Runtime": 21}, "explain_analyze_plan": {"Plan": {"Node Type": "Aggregate", "Strategy": "Plain", "Startup Cost": 72993.18, "Total Cost": 72993.19, "Plan Rows": 1, "Plan Width": 160, "Actual Min Startup Time": 744.744, "Actual Max Startup Time": 744.744, "Actual Min Total Time": 744.745, "Actual Max Total Time": 744.745, "Plans": [{"Node Type": "Nested Loop", "Parent Relationship": "Outer", "Join Type": "Inner", "Startup Cost": 0.0, "Total Cost": 72991.54, "Plan Rows": 219, "Plan Width": 64, "Actual Min Startup Time": 360.554, "Actual Max Startup Time": 360.554, "Actual Min Total Time": 744.685, "Actual Max Total Time": 744.685, "Inner Unique": true, "Plans": [{"Node Type": "Nested Loop", "Parent Relationship": "Outer", "Join Type": "Inner", "Startup Cost": 0.0, "Total Cost": 72830.55, "Plan Rows": 321, "Plan Width": 68, "Actual Min Startup Time": 349.305, "Actual Max Startup Time": 349.305, "Actual Min Total Time": 742.187, "Actual Max Total Time": 742.187, "Inner Unique": false, "Plans": [{"Node Type": "Nested Loop", "Parent Relationship": "Outer", "Join Type": "Inner", "Startup Cost": 0.0, "Total Cost": 72145.52, "Plan Rows": 291, "Plan Width": 76, "Actual Min Startup Time": 347.86, "Actual Max Startup Time": 347.86, "Actual Min Total Time": 710.007, "Actual Max Total Time": 710.007, "Inner Unique": true, "Plans": [{"Node Type": "Nested Loop", "Parent Relationship": "Outer", "Join Type": "Inner", "Startup Cost": 0.0, "Total Cost": 71432.31, "Plan Rows": 250, "Plan Width": 55, "Actual Min Startup Time": 347.833, "Actual Max Startup Time": 347.833, "Actual Min Total Time": 704.112, "Actual Max Total Time": 704.112, "Inner Unique": false, "Join Filter": "(mi_idx.info_type_id = it2.id)", "Rows Removed by Join Filter": 3403, "Plans": [{"Node Type": "Seq Scan", "Parent Relationship": "Outer", "Relation Name": "info_type", "Alias": "it2", "Startup Cost": 0.0, "Total Cost": 2.4, "Plan Rows": 1, "Plan Width": 4, "Actual Min Startup Time": 0.096, "Actual Max Startup Time": 0.096, "Actual Min Total Time": 0.108, "Actual Max Total Time": 0.108, "Filter": "((info)::text = 'rating'::text)", "Rows Removed by Filter": 111, "Actual Rows": 1}, {"Node Type": "Nested Loop", "Parent Relationship": "Inner", "Join Type": "Inner", "Startup Cost": 0.0, "Total Cost": 71417.42, "Plan Rows": 999, "Plan Width": 59, "Actual Min Startup Time": 347.719, "Actual Max Startup Time": 347.719, "Actual Min Total Time": 701.609, "Actual Max Total Time": 701.609, "Inner Unique": false, "Plans": [{"Node Type": "Nested Loop", "Parent Relationship": "Outer", "Join Type": "Inner", "Startup Cost": 0.0, "Total Cost": 70475.56, "Plan Rows": 971, "Plan Width": 46, "Actual Min Startup Time": 347.616, "Actual Max Startup Time": 347.616, "Actual Min Total Time": 386.749, "Actual Max Total Time": 386.749, "Inner Unique": false, "Join Filter": "(it1.id = mi.info_type_id)", "Rows Removed by Join Filter": 789, "Plans": [{"Node Type": "Seq Scan", "Parent Relationship": "Outer", "Relation Name": "info_type", "Alias": "it1", "Startup Cost": 0.0, "Total Cost": 2.4, "Plan Rows": 1, "Plan Width": 4, "Actual Min Startup Time": 0.046, "Actual Max Startup Time": 0.046, "Actual Min Total Time": 0.079, "Actual Max Total Time": 0.079, "Filter": "((info)::text = 'genres'::text)", "Rows Removed by Filter": 111, "Actual Rows": 1}, {"Node Type": "Materialize", "Parent Relationship": "Inner", "Startup Cost": 0.0, "Total Cost": 69793.45, "Plan Rows": 67971, "Plan Width": 50, "Actual Min Startup Time": 347.531, "Actual Max Startup Time": 347.531, "Actual Min Total Time": 357.593, "Actual Max Total Time": 357.593, "Plans": [{"Node Type": "Streaming(type: LOCAL GATHER dop: 1/64)", "Parent Relationship": "Outer", "Startup Cost": 0.0, "Total Cost": 69623.52, "Plan Rows": 67971, "Plan Width": 50, "Actual Min Startup Time": 182.821, "Actual Max Startup Time": 182.821, "Actual Min Total Time": 336.355, "Actual Max Total Time": 336.355, "Plans": [{"Node Type": "Seq Scan", "Parent Relationship": "Outer", "Relation Name": "movie_info", "Alias": "mi", "Startup Cost": 0.0, "Total Cost": 68221.29, "Plan Rows": 67971, "Plan Width": 50, "Actual Min Startup Time": 53.746, "Actual Max Startup Time": 120.053, "Actual Min Total Time": 96.673, "Actual Max Total Time": 129.021, "Filter": "((note IS NULL) AND ((info)::text = ANY ('{Horror,Thriller}'::text[])))", "Rows Removed by Filter": 14762672, "Actual Rows": 73047}], "Actual Rows": 73047}], "Actual Rows": 73048}], "Actual Rows": 72258}, {"Node Type": "Index Scan", "Parent Relationship": "Inner", "Scan Direction": "Forward", "Index Name": "movie_id_movie_info_idx", "Relation Name": "movie_info_idx", "Alias": "mi_idx", "Startup Cost": 0.0, "Total Cost": 0.96, "Plan Rows": 1, "Plan Width": 13, "Actual Min Startup Time": 276.39, "Actual Max Startup Time": 276.39, "Actual Min Total Time": 279.918, "Actual Max Total Time": 279.918, "Index Cond": "(movie_id = mi.movie_id)", "Rows Removed by Index Recheck": 0, "Filter": "((info)::text > '8.0'::text)", "Rows Removed by Filter": 113143, "Actual Rows": 4135}], "Actual Rows": 4135}], "Actual Rows": 732}, {"Node Type": "Index Scan", "Parent Relationship": "Inner", "Scan Direction": "Forward", "Index Name": "title_pkey", "Relation Name": "title", "Alias": "t", "Startup Cost": 0.0, "Total Cost": 2.84, "Plan Rows": 1, "Plan Width": 21, "Actual Min Startup Time": 5.3, "Actual Max Startup Time": 5.3, "Actual Min Total Time": 5.3, "Actual Max Total Time": 5.3, "Index Cond": "(id = mi.movie_id)", "Rows Removed by Index Recheck": 0, "Filter": "((production_year >= 2008) AND (production_year <= 2014))", "Rows Removed by Filter": 374, "Actual Rows": 358}], "Actual Rows": 358}, {"Node Type": "Index Scan", "Parent Relationship": "Inner", "Scan Direction": "Forward", "Index Name": "movie_id_cast_info", "Relation Name": "cast_info", "Alias": "ci", "Startup Cost": 0.0, "Total Cost": 2.34, "Plan Rows": 1, "Plan Width": 8, "Actual Min Startup Time": 25.141, "Actual Max Startup Time": 25.141, "Actual Min Total Time": 31.897, "Actual Max Total Time": 31.897, "Index Cond": "(movie_id = t.id)", "Rows Removed by Index Recheck": 0, "Filter": "((note)::text = ANY ('{(writer),\"(head writer)\",\"(written by)\",(story),\"(story editor)\"}'::text[]))", "Rows Removed by Filter": 12296, "Actual Rows": 268}], "Actual Rows": 268}, {"Node Type": "Index Scan", "Parent Relationship": "Inner", "Scan Direction": "Forward", "Index Name": "name_pkey", "Relation Name": "name", "Alias": "n", "Startup Cost": 0.0, "Total Cost": 0.49, "Plan Rows": 1, "Plan Width": 4, "Actual Min Startup Time": 2.298, "Actual Max Startup Time": 2.298, "Actual Min Total Time": 2.298, "Actual Max Total Time": 2.298, "Index Cond": "(id = ci.person_id)", "Rows Removed by Index Recheck": 0, "Filter": "((gender IS NOT NULL) AND ((gender)::text = 'f'::text))", "Rows Removed by Filter": 257, "Actual Rows": 11}], "Actual Rows": 11}], "Actual Rows": 1}, "Triggers": [], "Planner Runtime": 47.81, "Total Runtime": 757.105, "Unique SQL Id": 661781350}}, "(64, '25')": {"explain_plan": {"Plan": {"Node Type": "Aggregate", "Strategy": "Plain", "Startup Cost": 100899.17, "Total Cost": 100899.18, "Plan Rows": 1, "Plan Width": 160, "Plans": [{"Node Type": "Nested Loop", "Parent Relationship": "Outer", "Join Type": "Inner", "Startup Cost": 0.0, "Total Cost": 100897.52, "Plan Rows": 219, "Plan Width": 64, "Inner Unique": true, "Plans": [{"Node Type": "Nested Loop", "Parent Relationship": "Outer", "Join Type": "Inner", "Startup Cost": 0.0, "Total Cost": 100736.53, "Plan Rows": 321, "Plan Width": 68, "Inner Unique": false, "Plans": [{"Node Type": "Nested Loop", "Parent Relationship": "Outer", "Join Type": "Inner", "Startup Cost": 0.0, "Total Cost": 100051.51, "Plan Rows": 291, "Plan Width": 76, "Inner Unique": false, "Join Filter": "(mi.info_type_id = it1.id)", "Plans": [{"Node Type": "Index Scan", "Parent Relationship": "Outer", "Scan Direction": "Forward", "Index Name": "info_type_pkey", "Relation Name": "info_type", "Alias": "it1", "Startup Cost": 0.0, "Total Cost": 14.21, "Plan Rows": 1, "Plan Width": 4, "Filter": "((info)::text = 'genres'::text)"}, {"Node Type": "Nested Loop", "Parent Relationship": "Inner", "Join Type": "Inner", "Startup Cost": 0.0, "Total Cost": 99865.39, "Plan Rows": 13753, "Plan Width": 80, "Inner Unique": false, "Plans": [{"Node Type": "Nested Loop", "Parent Relationship": "Outer", "Join Type": "Inner", "Startup Cost": 0.0, "Total Cost": 78493.26, "Plan Rows": 15041, "Plan Width": 30, "Inner Unique": true, "Plans": [{"Node Type": "Nested Loop", "Parent Relationship": "Outer", "Join Type": "Inner", "Startup Cost": 0.0, "Total Cost": 35880.0, "Plan Rows": 12936, "Plan Width": 9, "Inner Unique": false, "Plans": [{"Node Type": "Index Scan", "Parent Relationship": "Outer", "Scan Direction": "Forward", "Index Name": "info_type_pkey", "Relation Name": "info_type", "Alias": "it2", "Startup Cost": 0.0, "Total Cost": 14.21, "Plan Rows": 1, "Plan Width": 4, "Filter": "((info)::text = 'rating'::text)"}, {"Node Type": "Index Scan", "Parent Relationship": "Inner", "Scan Direction": "Forward", "Index Name": "info_type_id_movie_info_idx", "Relation Name": "movie_info_idx", "Alias": "mi_idx", "Startup Cost": 0.0, "Total Cost": 35736.43, "Plan Rows": 12936, "Plan Width": 13, "Index Cond": "(info_type_id = it2.id)", "Filter": "((info)::text > '8.0'::text)"}]}, {"Node Type": "Index Scan", "Parent Relationship": "Inner", "Scan Direction": "Forward", "Index Name": "title_pkey", "Relation Name": "title", "Alias": "t", "Startup Cost": 0.0, "Total Cost": 3.28, "Plan Rows": 1, "Plan Width": 21, "Index Cond": "(id = mi_idx.movie_id)", "Filter": "((production_year >= 2008) AND (production_year <= 2014))"}]}, {"Node Type": "Index Scan", "Parent Relationship": "Inner", "Scan Direction": "Forward", "Index Name": "movie_id_movie_info", "Relation Name": "movie_info", "Alias": "mi", "Startup Cost": 0.0, "Total Cost": 1.41, "Plan Rows": 1, "Plan Width": 50, "Index Cond": "(movie_id = t.id)", "Filter": "((note IS NULL) AND ((info)::text = ANY ('{Horror,Thriller}'::text[])))"}]}]}, {"Node Type": "Index Scan", "Parent Relationship": "Inner", "Scan Direction": "Forward", "Index Name": "movie_id_cast_info", "Relation Name": "cast_info", "Alias": "ci", "Startup Cost": 0.0, "Total Cost": 2.34, "Plan Rows": 1, "Plan Width": 8, "Index Cond": "(movie_id = t.id)", "Filter": "((note)::text = ANY ('{(writer),\"(head writer)\",\"(written by)\",(story),\"(story editor)\"}'::text[]))"}]}, {"Node Type": "Index Scan", "Parent Relationship": "Inner", "Scan Direction": "Forward", "Index Name": "name_pkey", "Relation Name": "name", "Alias": "n", "Startup Cost": 0.0, "Total Cost": 0.49, "Plan Rows": 1, "Plan Width": 4, "Index Cond": "(id = ci.person_id)", "Filter": "((gender IS NOT NULL) AND ((gender)::text = 'f'::text))"}]}]}, "Unique SQL Id": 661781350, "Planner Runtime": 15}, "explain_analyze_plan": {"Plan": {"Node Type": "Aggregate", "Strategy": "Plain", "Startup Cost": 100899.17, "Total Cost": 100899.18, "Plan Rows": 1, "Plan Width": 160, "Actual Startup Time": 646.883, "Actual Total Time": 646.883, "Actual Rows": 1, "Actual Loops": 1, "Plans": [{"Node Type": "Nested Loop", "Parent Relationship": "Outer", "Join Type": "Inner", "Startup Cost": 0.0, "Total Cost": 100897.52, "Plan Rows": 219, "Plan Width": 64, "Actual Startup Time": 302.209, "Actual Total Time": 646.822, "Actual Rows": 11, "Actual Loops": 1, "Inner Unique": true, "Plans": [{"Node Type": "Nested Loop", "Parent Relationship": "Outer", "Join Type": "Inner", "Startup Cost": 0.0, "Total Cost": 100736.53, "Plan Rows": 321, "Plan Width": 68, "Actual Startup Time": 80.274, "Actual Total Time": 644.093, "Actual Rows": 268, "Actual Loops": 1, "Inner Unique": false, "Plans": [{"Node Type": "Nested Loop", "Parent Relationship": "Outer", "Join Type": "Inner", "Startup Cost": 0.0, "Total Cost": 100051.51, "Plan Rows": 291, "Plan Width": 76, "Actual Startup Time": 9.546, "Actual Total Time": 610.969, "Actual Rows": 358, "Actual Loops": 1, "Inner Unique": false, "Join Filter": "(mi.info_type_id = it1.id)", "Rows Removed by Join Filter": 0, "Plans": [{"Node Type": "Index Scan", "Parent Relationship": "Outer", "Scan Direction": "Forward", "Index Name": "info_type_pkey", "Relation Name": "info_type", "Alias": "it1", "Startup Cost": 0.0, "Total Cost": 14.21, "Plan Rows": 1, "Plan Width": 4, "Actual Startup Time": 0.023, "Actual Total Time": 0.078, "Actual Rows": 1, "Actual Loops": 1, "Filter": "((info)::text = 'genres'::text)", "Rows Removed by Filter": 111}, {"Node Type": "Nested Loop", "Parent Relationship": "Inner", "Join Type": "Inner", "Startup Cost": 0.0, "Total Cost": 99865.39, "Plan Rows": 13753, "Plan Width": 80, "Actual Startup Time": 9.515, "Actual Total Time": 610.676, "Actual Rows": 358, "Actual Loops": 1, "Inner Unique": false, "Plans": [{"Node Type": "Nested Loop", "Parent Relationship": "Outer", "Join Type": "Inner", "Startup Cost": 0.0, "Total Cost": 78493.26, "Plan Rows": 15041, "Plan Width": 30, "Actual Startup Time": 1.779, "Actual Total Time": 448.29, "Actual Rows": 6152, "Actual Loops": 1, "Inner Unique": true, "Plans": [{"Node Type": "Nested Loop", "Parent Relationship": "Outer", "Join Type": "Inner", "Startup Cost": 0.0, "Total Cost": 35880.0, "Plan Rows": 12936, "Plan Width": 9, "Actual Startup Time": 0.091, "Actual Total Time": 360.8, "Actual Rows": 15849, "Actual Loops": 1, "Inner Unique": false, "Plans": [{"Node Type": "Index Scan", "Parent Relationship": "Outer", "Scan Direction": "Forward", "Index Name": "info_type_pkey", "Relation Name": "info_type", "Alias": "it2", "Startup Cost": 0.0, "Total Cost": 14.21, "Plan Rows": 1, "Plan Width": 4, "Actual Startup Time": 0.051, "Actual Total Time": 0.061, "Actual Rows": 1, "Actual Loops": 1, "Filter": "((info)::text = 'rating'::text)", "Rows Removed by Filter": 111}, {"Node Type": "Index Scan", "Parent Relationship": "Inner", "Scan Direction": "Forward", "Index Name": "info_type_id_movie_info_idx", "Relation Name": "movie_info_idx", "Alias": "mi_idx", "Startup Cost": 0.0, "Total Cost": 35736.43, "Plan Rows": 12936, "Plan Width": 13, "Actual Startup Time": 0.039, "Actual Total Time": 357.075, "Actual Rows": 15849, "Actual Loops": 1, "Index Cond": "(info_type_id = it2.id)", "Rows Removed by Index Recheck": 0, "Filter": "((info)::text > '8.0'::text)", "Rows Removed by Filter": 444076}]}, {"Node Type": "Index Scan", "Parent Relationship": "Inner", "Scan Direction": "Forward", "Index Name": "title_pkey", "Relation Name": "title", "Alias": "t", "Startup Cost": 0.0, "Total Cost": 3.28, "Plan Rows": 1, "Plan Width": 21, "Actual Startup Time": 77.447, "Actual Total Time": 77.447, "Actual Rows": 6152, "Actual Loops": 15849, "Index Cond": "(id = mi_idx.movie_id)", "Rows Removed by Index Recheck": 0, "Filter": "((production_year >= 2008) AND (production_year <= 2014))", "Rows Removed by Filter": 9697}]}, {"Node Type": "Index Scan", "Parent Relationship": "Inner", "Scan Direction": "Forward", "Index Name": "movie_id_movie_info", "Relation Name": "movie_info", "Alias": "mi", "Startup Cost": 0.0, "Total Cost": 1.41, "Plan Rows": 1, "Plan Width": 50, "Actual Startup Time": 158.486, "Actual Total Time": 158.794, "Actual Rows": 358, "Actual Loops": 6152, "Index Cond": "(movie_id = t.id)", "Rows Removed by Index Recheck": 0, "Filter": "((note IS NULL) AND ((info)::text = ANY ('{Horror,Thriller}'::text[])))", "Rows Removed by Filter": 109599}]}]}, {"Node Type": "Index Scan", "Parent Relationship": "Inner", "Scan Direction": "Forward", "Index Name": "movie_id_cast_info", "Relation Name": "cast_info", "Alias": "ci", "Startup Cost": 0.0, "Total Cost": 2.34, "Plan Rows": 1, "Plan Width": 8, "Actual Startup Time": 25.735, "Actual Total Time": 32.721, "Actual Rows": 268, "Actual Loops": 358, "Index Cond": "(movie_id = t.id)", "Rows Removed by Index Recheck": 0, "Filter": "((note)::text = ANY ('{(writer),\"(head writer)\",\"(written by)\",(story),\"(story editor)\"}'::text[]))", "Rows Removed by Filter": 12296}]}, {"Node Type": "Index Scan", "Parent Relationship": "Inner", "Scan Direction": "Forward", "Index Name": "name_pkey", "Relation Name": "name", "Alias": "n", "Startup Cost": 0.0, "Total Cost": 0.49, "Plan Rows": 1, "Plan Width": 4, "Actual Startup Time": 2.504, "Actual Total Time": 2.504, "Actual Rows": 11, "Actual Loops": 268, "Index Cond": "(id = ci.person_id)", "Rows Removed by Index Recheck": 0, "Filter": "((gender IS NOT NULL) AND ((gender)::text = 'f'::text))", "Rows Removed by Filter": 257}]}]}, "Triggers": [], "Planner Runtime": 19.617, "Total Runtime": 647.192, "Unique SQL Id": 661781350}}, "(64, '26')": {"explain_plan": {"Plan": {"Node Type": "Aggregate", "Strategy": "Plain", "Startup Cost": 629736.13, "Total Cost": 629736.17, "Plan Rows": 1, "Plan Width": 160, "Plans": [{"Node Type": "Streaming(type: LOCAL GATHER dop: 1/64)", "Parent Relationship": "Outer", "Startup Cost": 629736.13, "Total Cost": 629736.17, "Plan Rows": 1, "Plan Width": 160, "Plans": [{"Node Type": "Aggregate", "Strategy": "Plain", "Parent Relationship": "Outer", "Startup Cost": 629736.13, "Total Cost": 629736.14, "Plan Rows": 1, "Plan Width": 160, "Plans": [{"Node Type": "Nested Loop", "Parent Relationship": "Outer", "Join Type": "Inner", "Startup Cost": 96069.44, "Total Cost": 629734.49, "Plan Rows": 219, "Plan Width": 64, "Inner Unique": false, "Join Filter": "(mi.movie_id = t.id)", "Plans": [{"Node Type": "Seq Scan", "Parent Relationship": "Outer", "Relation Name": "title", "Alias": "t", "Startup Cost": 288.58, "Total Cost": 64136.1, "Plan Rows": 782553, "Plan Width": 21, "Filter": "((production_year >= 2008) AND (production_year <= 2014)), (LLVM Optimized)"}, {"Node Type": "Materialize", "Parent Relationship": "Inner", "Startup Cost": 95780.86, "Total Cost": 531117.61, "Plan Rows": 12032, "Plan Width": 59, "Plans": [{"Node Type": "Streaming(type: BROADCAST dop: 64/64)", "Parent Relationship": "Outer", "Startup Cost": 95780.86, "Total Cost": 531116.67, "Plan Rows": 12032, "Plan Width": 59, "Plans": [{"Node Type": "Nested Loop", "Parent Relationship": "Outer", "Join Type": "Inner", "Startup Cost": 95780.86, "Total Cost": 468109.04, "Plan Rows": 188, "Plan Width": 59, "Inner Unique": false, "Join Filter": "(ci.person_id = n.id)", "Plans": [{"Node Type": "Seq Scan", "Parent Relationship": "Outer", "Relation Name": "name", "Alias": "n", "Startup Cost": 0.0, "Total Cost": 64617.04, "Plan Rows": 624324, "Plan Width": 4, "Filter": "((gender IS NOT NULL) AND ((gender)::text = 'f'::text)), (LLVM Optimized)"}, {"Node Type": "Materialize", "Parent Relationship": "Inner", "Startup Cost": 95780.86, "Total Cost": 363106.73, "Plan Rows": 17664, "Plan Width": 63, "Plans": [{"Node Type": "Streaming(type: BROADCAST dop: 64/64)", "Parent Relationship": "Outer", "Startup Cost": 95780.86, "Total Cost": 363105.35, "Plan Rows": 17664, "Plan Width": 63, "Plans": [{"Node Type": "Nested Loop", "Parent Relationship": "Outer", "Join Type": "Inner", "Startup Cost": 95780.86, "Total Cost": 300094.13, "Plan Rows": 276, "Plan Width": 63, "Inner Unique": false, "Join Filter": "(mi.movie_id = ci.movie_id)", "Plans": [{"Node Type": "Streaming(type: LOCAL REDISTRIBUTE dop: 64/64)", "Parent Relationship": "Outer", "Startup Cost": 0.0, "Total Cost": 140103.96, "Plan Rows": 1223154, "Plan Width": 8, "Plans": [{"Node Type": "Seq Scan", "Parent Relationship": "Outer", "Relation Name": "cast_info", "Alias": "ci", "Startup Cost": 0.0, "Total Cost": 75945.31, "Plan Rows": 1223154, "Plan Width": 8, "Filter": "((note)::text = ANY ('{(writer),\"(head writer)\",\"(written by)\",(story),\"(story editor)\"}'::text[]))"}]}, {"Node Type": "Materialize", "Parent Relationship": "Inner", "Startup Cost": 95780.86, "Total Cost": 158870.35, "Plan Rows": 250, "Plan Width": 55, "Plans": [{"Node Type": "Streaming(type: LOCAL REDISTRIBUTE dop: 64/1)", "Parent Relationship": "Outer", "Startup Cost": 95780.86, "Total Cost": 158870.33, "Plan Rows": 250, "Plan Width": 55, "Plans": [{"Node Type": "Merge Join", "Parent Relationship": "Outer", "Join Type": "Inner", "Startup Cost": 95780.86, "Total Cost": 95860.18, "Plan Rows": 250, "Plan Width": 55, "Inner Unique": false, "Merge Cond": "(mi.movie_id = mi_idx.movie_id)", "Plans": [{"Node Type": "Sort", "Parent Relationship": "Outer", "Startup Cost": 70523.74, "Total Cost": 70526.17, "Plan Rows": 971, "Plan Width": 46, "Sort Key": ["mi.movie_id"], "Plans": [{"Node Type": "Nested Loop", "Parent Relationship": "Outer", "Join Type": "Inner", "Startup Cost": 0.0, "Total Cost": 70475.56, "Plan Rows": 971, "Plan Width": 46, "Inner Unique": false, "Join Filter": "(it1.id = mi.info_type_id)", "Plans": [{"Node Type": "Seq Scan", "Parent Relationship": "Outer", "Relation Name": "info_type", "Alias": "it1", "Startup Cost": 0.0, "Total Cost": 2.4, "Plan Rows": 1, "Plan Width": 4, "Filter": "((info)::text = 'genres'::text)"}, {"Node Type": "Materialize", "Parent Relationship": "Inner", "Startup Cost": 0.0, "Total Cost": 69793.45, "Plan Rows": 67971, "Plan Width": 50, "Plans": [{"Node Type": "Streaming(type: LOCAL GATHER dop: 1/64)", "Parent Relationship": "Outer", "Startup Cost": 0.0, "Total Cost": 69623.52, "Plan Rows": 67971, "Plan Width": 50, "Plans": [{"Node Type": "Seq Scan", "Parent Relationship": "Outer", "Relation Name": "movie_info", "Alias": "mi", "Startup Cost": 0.0, "Total Cost": 68221.29, "Plan Rows": 67971, "Plan Width": 50, "Filter": "((note IS NULL) AND ((info)::text = ANY ('{Horror,Thriller}'::text[])))"}]}]}]}]}, {"Node Type": "Sort", "Parent Relationship": "Inner", "Startup Cost": 25257.12, "Total Cost": 25289.46, "Plan Rows": 12936, "Plan Width": 9, "Sort Key": ["mi_idx.movie_id"], "Plans": [{"Node Type": "Nested Loop", "Parent Relationship": "Outer", "Join Type": "Inner", "Startup Cost": 0.0, "Total Cost": 24373.65, "Plan Rows": 12936, "Plan Width": 9, "Inner Unique": false, "Join Filter": "(it2.id = mi_idx.info_type_id)", "Plans": [{"Node Type": "Seq Scan", "Parent Relationship": "Outer", "Relation Name": "info_type", "Alias": "it2", "Startup Cost": 0.0, "Total Cost": 2.4, "Plan Rows": 1, "Plan Width": 4, "Filter": "((info)::text = 'rating'::text)"}, {"Node Type": "Seq Scan", "Parent Relationship": "Inner", "Relation Name": "movie_info_idx", "Alias": "mi_idx", "Startup Cost": 0.0, "Total Cost": 23724.42, "Plan Rows": 51746, "Plan Width": 13, "Filter": "((info)::text > '8.0'::text)"}]}]}]}]}]}]}]}]}]}]}]}]}]}]}]}, "Unique SQL Id": 661781350, "Planner Runtime": 22}, "explain_analyze_plan": null}, "(64, '27')": {"explain_plan": {"Plan": {"Node Type": "Aggregate", "Strategy": "Plain", "Startup Cost": 6971979256072.64, "Total Cost": 6971979256072.65, "Plan Rows": 1, "Plan Width": 160, "Plans": [{"Node Type": "Merge Join", "Parent Relationship": "Outer", "Join Type": "Inner", "Startup Cost": 70000000000.0, "Total Cost": 6971979256070.9, "Plan Rows": 233, "Plan Width": 64, "Inner Unique": true, "Merge Cond": "(ci.person_id = n.id)", "Plans": [{"Node Type": "Nested Loop", "Parent Relationship": "Outer", "Join Type": "Inner", "Startup Cost": 60000000000.0, "Total Cost": 5997470469312.04, "Plan Rows": 321, "Plan Width": 68, "Inner Unique": true, "Join Filter": "(mi.info_type_id = it1.id)", "Plans": [{"Node Type": "Nested Loop", "Parent Relationship": "Outer", "Join Type": "Inner", "Startup Cost": 50000000000.0, "Total Cost": 4997470467662.81, "Plan Rows": 15215, "Plan Width": 72, "Inner Unique": false, "Join Filter": "(t.id = ci.movie_id)", "Plans": [{"Node Type": "Index Scan", "Parent Relationship": "Outer", "Scan Direction": "Forward", "Index Name": "person_id_cast_info", "Relation Name": "cast_info", "Alias": "ci", "Startup Cost": 10000000000.0, "Total Cost": 1000193311016.96, "Plan Rows": 1223154, "Plan Width": 8, "Filter": "((note)::text = ANY ('{(writer),\"(head writer)\",\"(written by)\",(story),\"(story editor)\"}'::text[]))"}, {"Node Type": "Materialize", "Parent Relationship": "Inner", "Startup Cost": 40000000000.0, "Total Cost": 3997024826125.8, "Plan Rows": 13753, "Plan Width": 80, "Plans": [{"Node Type": "Merge Join", "Parent Relationship": "Outer", "Join Type": "Inner", "Startup Cost": 40000000000.0, "Total Cost": 3997024826057.04, "Plan Rows": 13753, "Plan Width": 80, "Inner Unique": false, "Merge Cond": "(t.id = mi.movie_id)", "Plans": [{"Node Type": "Merge Join", "Parent Relationship": "Outer", "Join Type": "Inner", "Startup Cost": 30000000000.0, "Total Cost": 2999088687984.57, "Plan Rows": 15041, "Plan Width": 30, "Inner Unique": true, "Merge Cond": "(mi_idx.movie_id = t.id)", "Plans": [{"Node Type": "Nested Loop", "Parent Relationship": "Outer", "Join Type": "Inner", "Startup Cost": 20000000000.0, "Total Cost": 2000004997241.06, "Plan Rows": 12936, "Plan Width": 9, "Inner Unique": true, "Join Filter": "(it2.id = mi_idx.info_type_id)", "Plans": [{"Node Type": "Index Scan", "Parent Relationship": "Outer", "Scan Direction": "Forward", "Index Name": "movie_id_movie_info_idx", "Relation Name": "movie_info_idx", "Alias": "mi_idx", "Startup Cost": 10000000000.0, "Total Cost": 1000004995043.87, "Plan Rows": 51746, "Plan Width": 13, "Filter": "((info)::text > '8.0'::text)"}, {"Node Type": "Materialize", "Parent Relationship": "Inner", "Startup Cost": 10000000000.0, "Total Cost": 1000000001421.0, "Plan Rows": 1, "Plan Width": 4, "Plans": [{"Node Type": "Index Scan", "Parent Relationship": "Outer", "Scan Direction": "Forward", "Index Name": "info_type_pkey", "Relation Name": "info_type", "Alias": "it2", "Startup Cost": 10000000000.0, "Total Cost": 1000000001421.0, "Plan Rows": 1, "Plan Width": 4, "Filter": "((info)::text = 'rating'::text)"}]}]}, {"Node Type": "Index Scan", "Parent Relationship": "Inner", "Scan Direction": "Forward", "Index Name": "title_pkey", "Relation Name": "title", "Alias": "t", "Startup Cost": 10000000000.0, "Total Cost": 1000012276204.41, "Plan Rows": 782553, "Plan Width": 21, "Filter": "((production_year >= 2008) AND (production_year <= 2014)), (LLVM Optimized)"}]}, {"Node Type": "Index Scan", "Parent Relationship": "Inner", "Scan Direction": "Forward", "Index Name": "movie_id_movie_info", "Relation Name": "movie_info", "Alias": "mi", "Startup Cost": 10000000000.0, "Total Cost": 1000107534403.72, "Plan Rows": 67971, "Plan Width": 50, "Filter": "((note IS NULL) AND ((info)::text = ANY ('{Horror,Thriller}'::text[])))"}]}]}]}, {"Node Type": "Materialize", "Parent Relationship": "Inner", "Startup Cost": 10000000000.0, "Total Cost": 1000000001421.0, "Plan Rows": 1, "Plan Width": 4, "Plans": [{"Node Type": "Index Scan", "Parent Relationship": "Outer", "Scan Direction": "Forward", "Index Name": "info_type_pkey", "Relation Name": "info_type", "Alias": "it1", "Startup Cost": 10000000000.0, "Total Cost": 1000000001421.0, "Plan Rows": 1, "Plan Width": 4, "Filter": "((info)::text = 'genres'::text)"}]}]}, {"Node Type": "Index Scan", "Parent Relationship": "Inner", "Scan Direction": "Forward", "Index Name": "name_pkey", "Relation Name": "name", "Alias": "n", "Startup Cost": 10000000000.0, "Total Cost": 1000018665147.2, "Plan Rows": 624324, "Plan Width": 4, "Filter": "((gender IS NOT NULL) AND ((gender)::text = 'f'::text)), (LLVM Optimized)"}]}]}, "Unique SQL Id": 661781350, "Planner Runtime": 93}, "explain_analyze_plan": null}, "(64, '28')": {"explain_plan": {"Plan": {"Node Type": "Aggregate", "Strategy": "Plain", "Startup Cost": 72993.18, "Total Cost": 72993.19, "Plan Rows": 1, "Plan Width": 160, "Plans": [{"Node Type": "Nested Loop", "Parent Relationship": "Outer", "Join Type": "Inner", "Startup Cost": 0.0, "Total Cost": 72991.54, "Plan Rows": 219, "Plan Width": 64, "Inner Unique": true, "Plans": [{"Node Type": "Nested Loop", "Parent Relationship": "Outer", "Join Type": "Inner", "Startup Cost": 0.0, "Total Cost": 72830.55, "Plan Rows": 321, "Plan Width": 68, "Inner Unique": false, "Plans": [{"Node Type": "Nested Loop", "Parent Relationship": "Outer", "Join Type": "Inner", "Startup Cost": 0.0, "Total Cost": 72145.52, "Plan Rows": 291, "Plan Width": 76, "Inner Unique": true, "Plans": [{"Node Type": "Nested Loop", "Parent Relationship": "Outer", "Join Type": "Inner", "Startup Cost": 0.0, "Total Cost": 71432.31, "Plan Rows": 250, "Plan Width": 55, "Inner Unique": false, "Join Filter": "(mi_idx.info_type_id = it2.id)", "Plans": [{"Node Type": "Seq Scan", "Parent Relationship": "Outer", "Relation Name": "info_type", "Alias": "it2", "Startup Cost": 0.0, "Total Cost": 2.4, "Plan Rows": 1, "Plan Width": 4, "Filter": "((info)::text = 'rating'::text)"}, {"Node Type": "Nested Loop", "Parent Relationship": "Inner", "Join Type": "Inner", "Startup Cost": 0.0, "Total Cost": 71417.42, "Plan Rows": 999, "Plan Width": 59, "Inner Unique": false, "Plans": [{"Node Type": "Nested Loop", "Parent Relationship": "Outer", "Join Type": "Inner", "Startup Cost": 0.0, "Total Cost": 70475.56, "Plan Rows": 971, "Plan Width": 46, "Inner Unique": false, "Join Filter": "(it1.id = mi.info_type_id)", "Plans": [{"Node Type": "Seq Scan", "Parent Relationship": "Outer", "Relation Name": "info_type", "Alias": "it1", "Startup Cost": 0.0, "Total Cost": 2.4, "Plan Rows": 1, "Plan Width": 4, "Filter": "((info)::text = 'genres'::text)"}, {"Node Type": "Materialize", "Parent Relationship": "Inner", "Startup Cost": 0.0, "Total Cost": 69793.45, "Plan Rows": 67971, "Plan Width": 50, "Plans": [{"Node Type": "Streaming(type: LOCAL GATHER dop: 1/64)", "Parent Relationship": "Outer", "Startup Cost": 0.0, "Total Cost": 69623.52, "Plan Rows": 67971, "Plan Width": 50, "Plans": [{"Node Type": "Seq Scan", "Parent Relationship": "Outer", "Relation Name": "movie_info", "Alias": "mi", "Startup Cost": 0.0, "Total Cost": 68221.29, "Plan Rows": 67971, "Plan Width": 50, "Filter": "((note IS NULL) AND ((info)::text = ANY ('{Horror,Thriller}'::text[])))"}]}]}]}, {"Node Type": "Index Scan", "Parent Relationship": "Inner", "Scan Direction": "Forward", "Index Name": "movie_id_movie_info_idx", "Relation Name": "movie_info_idx", "Alias": "mi_idx", "Startup Cost": 0.0, "Total Cost": 0.96, "Plan Rows": 1, "Plan Width": 13, "Index Cond": "(movie_id = mi.movie_id)", "Filter": "((info)::text > '8.0'::text)"}]}]}, {"Node Type": "Index Scan", "Parent Relationship": "Inner", "Scan Direction": "Forward", "Index Name": "title_pkey", "Relation Name": "title", "Alias": "t", "Startup Cost": 0.0, "Total Cost": 2.84, "Plan Rows": 1, "Plan Width": 21, "Index Cond": "(id = mi.movie_id)", "Filter": "((production_year >= 2008) AND (production_year <= 2014))"}]}, {"Node Type": "Index Scan", "Parent Relationship": "Inner", "Scan Direction": "Forward", "Index Name": "movie_id_cast_info", "Relation Name": "cast_info", "Alias": "ci", "Startup Cost": 0.0, "Total Cost": 2.34, "Plan Rows": 1, "Plan Width": 8, "Index Cond": "(movie_id = t.id)", "Filter": "((note)::text = ANY ('{(writer),\"(head writer)\",\"(written by)\",(story),\"(story editor)\"}'::text[]))"}]}, {"Node Type": "Index Scan", "Parent Relationship": "Inner", "Scan Direction": "Forward", "Index Name": "name_pkey", "Relation Name": "name", "Alias": "n", "Startup Cost": 0.0, "Total Cost": 0.49, "Plan Rows": 1, "Plan Width": 4, "Index Cond": "(id = ci.person_id)", "Filter": "((gender IS NOT NULL) AND ((gender)::text = 'f'::text))"}]}]}, "Unique SQL Id": 661781350, "Planner Runtime": 35}, "explain_analyze_plan": {"Plan": {"Node Type": "Aggregate", "Strategy": "Plain", "Startup Cost": 72993.18, "Total Cost": 72993.19, "Plan Rows": 1, "Plan Width": 160, "Actual Min Startup Time": 744.744, "Actual Max Startup Time": 744.744, "Actual Min Total Time": 744.745, "Actual Max Total Time": 744.745, "Plans": [{"Node Type": "Nested Loop", "Parent Relationship": "Outer", "Join Type": "Inner", "Startup Cost": 0.0, "Total Cost": 72991.54, "Plan Rows": 219, "Plan Width": 64, "Actual Min Startup Time": 360.554, "Actual Max Startup Time": 360.554, "Actual Min Total Time": 744.685, "Actual Max Total Time": 744.685, "Inner Unique": true, "Plans": [{"Node Type": "Nested Loop", "Parent Relationship": "Outer", "Join Type": "Inner", "Startup Cost": 0.0, "Total Cost": 72830.55, "Plan Rows": 321, "Plan Width": 68, "Actual Min Startup Time": 349.305, "Actual Max Startup Time": 349.305, "Actual Min Total Time": 742.187, "Actual Max Total Time": 742.187, "Inner Unique": false, "Plans": [{"Node Type": "Nested Loop", "Parent Relationship": "Outer", "Join Type": "Inner", "Startup Cost": 0.0, "Total Cost": 72145.52, "Plan Rows": 291, "Plan Width": 76, "Actual Min Startup Time": 347.86, "Actual Max Startup Time": 347.86, "Actual Min Total Time": 710.007, "Actual Max Total Time": 710.007, "Inner Unique": true, "Plans": [{"Node Type": "Nested Loop", "Parent Relationship": "Outer", "Join Type": "Inner", "Startup Cost": 0.0, "Total Cost": 71432.31, "Plan Rows": 250, "Plan Width": 55, "Actual Min Startup Time": 347.833, "Actual Max Startup Time": 347.833, "Actual Min Total Time": 704.112, "Actual Max Total Time": 704.112, "Inner Unique": false, "Join Filter": "(mi_idx.info_type_id = it2.id)", "Rows Removed by Join Filter": 3403, "Plans": [{"Node Type": "Seq Scan", "Parent Relationship": "Outer", "Relation Name": "info_type", "Alias": "it2", "Startup Cost": 0.0, "Total Cost": 2.4, "Plan Rows": 1, "Plan Width": 4, "Actual Min Startup Time": 0.096, "Actual Max Startup Time": 0.096, "Actual Min Total Time": 0.108, "Actual Max Total Time": 0.108, "Filter": "((info)::text = 'rating'::text)", "Rows Removed by Filter": 111, "Actual Rows": 1}, {"Node Type": "Nested Loop", "Parent Relationship": "Inner", "Join Type": "Inner", "Startup Cost": 0.0, "Total Cost": 71417.42, "Plan Rows": 999, "Plan Width": 59, "Actual Min Startup Time": 347.719, "Actual Max Startup Time": 347.719, "Actual Min Total Time": 701.609, "Actual Max Total Time": 701.609, "Inner Unique": false, "Plans": [{"Node Type": "Nested Loop", "Parent Relationship": "Outer", "Join Type": "Inner", "Startup Cost": 0.0, "Total Cost": 70475.56, "Plan Rows": 971, "Plan Width": 46, "Actual Min Startup Time": 347.616, "Actual Max Startup Time": 347.616, "Actual Min Total Time": 386.749, "Actual Max Total Time": 386.749, "Inner Unique": false, "Join Filter": "(it1.id = mi.info_type_id)", "Rows Removed by Join Filter": 789, "Plans": [{"Node Type": "Seq Scan", "Parent Relationship": "Outer", "Relation Name": "info_type", "Alias": "it1", "Startup Cost": 0.0, "Total Cost": 2.4, "Plan Rows": 1, "Plan Width": 4, "Actual Min Startup Time": 0.046, "Actual Max Startup Time": 0.046, "Actual Min Total Time": 0.079, "Actual Max Total Time": 0.079, "Filter": "((info)::text = 'genres'::text)", "Rows Removed by Filter": 111, "Actual Rows": 1}, {"Node Type": "Materialize", "Parent Relationship": "Inner", "Startup Cost": 0.0, "Total Cost": 69793.45, "Plan Rows": 67971, "Plan Width": 50, "Actual Min Startup Time": 347.531, "Actual Max Startup Time": 347.531, "Actual Min Total Time": 357.593, "Actual Max Total Time": 357.593, "Plans": [{"Node Type": "Streaming(type: LOCAL GATHER dop: 1/64)", "Parent Relationship": "Outer", "Startup Cost": 0.0, "Total Cost": 69623.52, "Plan Rows": 67971, "Plan Width": 50, "Actual Min Startup Time": 182.821, "Actual Max Startup Time": 182.821, "Actual Min Total Time": 336.355, "Actual Max Total Time": 336.355, "Plans": [{"Node Type": "Seq Scan", "Parent Relationship": "Outer", "Relation Name": "movie_info", "Alias": "mi", "Startup Cost": 0.0, "Total Cost": 68221.29, "Plan Rows": 67971, "Plan Width": 50, "Actual Min Startup Time": 53.746, "Actual Max Startup Time": 120.053, "Actual Min Total Time": 96.673, "Actual Max Total Time": 129.021, "Filter": "((note IS NULL) AND ((info)::text = ANY ('{Horror,Thriller}'::text[])))", "Rows Removed by Filter": 14762672, "Actual Rows": 73047}], "Actual Rows": 73047}], "Actual Rows": 73048}], "Actual Rows": 72258}, {"Node Type": "Index Scan", "Parent Relationship": "Inner", "Scan Direction": "Forward", "Index Name": "movie_id_movie_info_idx", "Relation Name": "movie_info_idx", "Alias": "mi_idx", "Startup Cost": 0.0, "Total Cost": 0.96, "Plan Rows": 1, "Plan Width": 13, "Actual Min Startup Time": 276.39, "Actual Max Startup Time": 276.39, "Actual Min Total Time": 279.918, "Actual Max Total Time": 279.918, "Index Cond": "(movie_id = mi.movie_id)", "Rows Removed by Index Recheck": 0, "Filter": "((info)::text > '8.0'::text)", "Rows Removed by Filter": 113143, "Actual Rows": 4135}], "Actual Rows": 4135}], "Actual Rows": 732}, {"Node Type": "Index Scan", "Parent Relationship": "Inner", "Scan Direction": "Forward", "Index Name": "title_pkey", "Relation Name": "title", "Alias": "t", "Startup Cost": 0.0, "Total Cost": 2.84, "Plan Rows": 1, "Plan Width": 21, "Actual Min Startup Time": 5.3, "Actual Max Startup Time": 5.3, "Actual Min Total Time": 5.3, "Actual Max Total Time": 5.3, "Index Cond": "(id = mi.movie_id)", "Rows Removed by Index Recheck": 0, "Filter": "((production_year >= 2008) AND (production_year <= 2014))", "Rows Removed by Filter": 374, "Actual Rows": 358}], "Actual Rows": 358}, {"Node Type": "Index Scan", "Parent Relationship": "Inner", "Scan Direction": "Forward", "Index Name": "movie_id_cast_info", "Relation Name": "cast_info", "Alias": "ci", "Startup Cost": 0.0, "Total Cost": 2.34, "Plan Rows": 1, "Plan Width": 8, "Actual Min Startup Time": 25.141, "Actual Max Startup Time": 25.141, "Actual Min Total Time": 31.897, "Actual Max Total Time": 31.897, "Index Cond": "(movie_id = t.id)", "Rows Removed by Index Recheck": 0, "Filter": "((note)::text = ANY ('{(writer),\"(head writer)\",\"(written by)\",(story),\"(story editor)\"}'::text[]))", "Rows Removed by Filter": 12296, "Actual Rows": 268}], "Actual Rows": 268}, {"Node Type": "Index Scan", "Parent Relationship": "Inner", "Scan Direction": "Forward", "Index Name": "name_pkey", "Relation Name": "name", "Alias": "n", "Startup Cost": 0.0, "Total Cost": 0.49, "Plan Rows": 1, "Plan Width": 4, "Actual Min Startup Time": 2.298, "Actual Max Startup Time": 2.298, "Actual Min Total Time": 2.298, "Actual Max Total Time": 2.298, "Index Cond": "(id = ci.person_id)", "Rows Removed by Index Recheck": 0, "Filter": "((gender IS NOT NULL) AND ((gender)::text = 'f'::text))", "Rows Removed by Filter": 257, "Actual Rows": 11}], "Actual Rows": 11}], "Actual Rows": 1}, "Triggers": [], "Planner Runtime": 47.81, "Total Runtime": 757.105, "Unique SQL Id": 661781350}}, "(64, '29')": {"explain_plan": {"Plan": {"Node Type": "Aggregate", "Strategy": "Plain", "Startup Cost": 100899.17, "Total Cost": 100899.18, "Plan Rows": 1, "Plan Width": 160, "Plans": [{"Node Type": "Nested Loop", "Parent Relationship": "Outer", "Join Type": "Inner", "Startup Cost": 0.0, "Total Cost": 100897.52, "Plan Rows": 219, "Plan Width": 64, "Inner Unique": true, "Plans": [{"Node Type": "Nested Loop", "Parent Relationship": "Outer", "Join Type": "Inner", "Startup Cost": 0.0, "Total Cost": 100736.53, "Plan Rows": 321, "Plan Width": 68, "Inner Unique": false, "Plans": [{"Node Type": "Nested Loop", "Parent Relationship": "Outer", "Join Type": "Inner", "Startup Cost": 0.0, "Total Cost": 100051.51, "Plan Rows": 291, "Plan Width": 76, "Inner Unique": false, "Join Filter": "(mi.info_type_id = it1.id)", "Plans": [{"Node Type": "Index Scan", "Parent Relationship": "Outer", "Scan Direction": "Forward", "Index Name": "info_type_pkey", "Relation Name": "info_type", "Alias": "it1", "Startup Cost": 0.0, "Total Cost": 14.21, "Plan Rows": 1, "Plan Width": 4, "Filter": "((info)::text = 'genres'::text)"}, {"Node Type": "Nested Loop", "Parent Relationship": "Inner", "Join Type": "Inner", "Startup Cost": 0.0, "Total Cost": 99865.39, "Plan Rows": 13753, "Plan Width": 80, "Inner Unique": false, "Plans": [{"Node Type": "Nested Loop", "Parent Relationship": "Outer", "Join Type": "Inner", "Startup Cost": 0.0, "Total Cost": 78493.26, "Plan Rows": 15041, "Plan Width": 30, "Inner Unique": true, "Plans": [{"Node Type": "Nested Loop", "Parent Relationship": "Outer", "Join Type": "Inner", "Startup Cost": 0.0, "Total Cost": 35880.0, "Plan Rows": 12936, "Plan Width": 9, "Inner Unique": false, "Plans": [{"Node Type": "Index Scan", "Parent Relationship": "Outer", "Scan Direction": "Forward", "Index Name": "info_type_pkey", "Relation Name": "info_type", "Alias": "it2", "Startup Cost": 0.0, "Total Cost": 14.21, "Plan Rows": 1, "Plan Width": 4, "Filter": "((info)::text = 'rating'::text)"}, {"Node Type": "Index Scan", "Parent Relationship": "Inner", "Scan Direction": "Forward", "Index Name": "info_type_id_movie_info_idx", "Relation Name": "movie_info_idx", "Alias": "mi_idx", "Startup Cost": 0.0, "Total Cost": 35736.43, "Plan Rows": 12936, "Plan Width": 13, "Index Cond": "(info_type_id = it2.id)", "Filter": "((info)::text > '8.0'::text)"}]}, {"Node Type": "Index Scan", "Parent Relationship": "Inner", "Scan Direction": "Forward", "Index Name": "title_pkey", "Relation Name": "title", "Alias": "t", "Startup Cost": 0.0, "Total Cost": 3.28, "Plan Rows": 1, "Plan Width": 21, "Index Cond": "(id = mi_idx.movie_id)", "Filter": "((production_year >= 2008) AND (production_year <= 2014))"}]}, {"Node Type": "Index Scan", "Parent Relationship": "Inner", "Scan Direction": "Forward", "Index Name": "movie_id_movie_info", "Relation Name": "movie_info", "Alias": "mi", "Startup Cost": 0.0, "Total Cost": 1.41, "Plan Rows": 1, "Plan Width": 50, "Index Cond": "(movie_id = t.id)", "Filter": "((note IS NULL) AND ((info)::text = ANY ('{Horror,Thriller}'::text[])))"}]}]}, {"Node Type": "Index Scan", "Parent Relationship": "Inner", "Scan Direction": "Forward", "Index Name": "movie_id_cast_info", "Relation Name": "cast_info", "Alias": "ci", "Startup Cost": 0.0, "Total Cost": 2.34, "Plan Rows": 1, "Plan Width": 8, "Index Cond": "(movie_id = t.id)", "Filter": "((note)::text = ANY ('{(writer),\"(head writer)\",\"(written by)\",(story),\"(story editor)\"}'::text[]))"}]}, {"Node Type": "Index Scan", "Parent Relationship": "Inner", "Scan Direction": "Forward", "Index Name": "name_pkey", "Relation Name": "name", "Alias": "n", "Startup Cost": 0.0, "Total Cost": 0.49, "Plan Rows": 1, "Plan Width": 4, "Index Cond": "(id = ci.person_id)", "Filter": "((gender IS NOT NULL) AND ((gender)::text = 'f'::text))"}]}]}, "Unique SQL Id": 661781350, "Planner Runtime": 15}, "explain_analyze_plan": {"Plan": {"Node Type": "Aggregate", "Strategy": "Plain", "Startup Cost": 100899.17, "Total Cost": 100899.18, "Plan Rows": 1, "Plan Width": 160, "Actual Startup Time": 646.883, "Actual Total Time": 646.883, "Actual Rows": 1, "Actual Loops": 1, "Plans": [{"Node Type": "Nested Loop", "Parent Relationship": "Outer", "Join Type": "Inner", "Startup Cost": 0.0, "Total Cost": 100897.52, "Plan Rows": 219, "Plan Width": 64, "Actual Startup Time": 302.209, "Actual Total Time": 646.822, "Actual Rows": 11, "Actual Loops": 1, "Inner Unique": true, "Plans": [{"Node Type": "Nested Loop", "Parent Relationship": "Outer", "Join Type": "Inner", "Startup Cost": 0.0, "Total Cost": 100736.53, "Plan Rows": 321, "Plan Width": 68, "Actual Startup Time": 80.274, "Actual Total Time": 644.093, "Actual Rows": 268, "Actual Loops": 1, "Inner Unique": false, "Plans": [{"Node Type": "Nested Loop", "Parent Relationship": "Outer", "Join Type": "Inner", "Startup Cost": 0.0, "Total Cost": 100051.51, "Plan Rows": 291, "Plan Width": 76, "Actual Startup Time": 9.546, "Actual Total Time": 610.969, "Actual Rows": 358, "Actual Loops": 1, "Inner Unique": false, "Join Filter": "(mi.info_type_id = it1.id)", "Rows Removed by Join Filter": 0, "Plans": [{"Node Type": "Index Scan", "Parent Relationship": "Outer", "Scan Direction": "Forward", "Index Name": "info_type_pkey", "Relation Name": "info_type", "Alias": "it1", "Startup Cost": 0.0, "Total Cost": 14.21, "Plan Rows": 1, "Plan Width": 4, "Actual Startup Time": 0.023, "Actual Total Time": 0.078, "Actual Rows": 1, "Actual Loops": 1, "Filter": "((info)::text = 'genres'::text)", "Rows Removed by Filter": 111}, {"Node Type": "Nested Loop", "Parent Relationship": "Inner", "Join Type": "Inner", "Startup Cost": 0.0, "Total Cost": 99865.39, "Plan Rows": 13753, "Plan Width": 80, "Actual Startup Time": 9.515, "Actual Total Time": 610.676, "Actual Rows": 358, "Actual Loops": 1, "Inner Unique": false, "Plans": [{"Node Type": "Nested Loop", "Parent Relationship": "Outer", "Join Type": "Inner", "Startup Cost": 0.0, "Total Cost": 78493.26, "Plan Rows": 15041, "Plan Width": 30, "Actual Startup Time": 1.779, "Actual Total Time": 448.29, "Actual Rows": 6152, "Actual Loops": 1, "Inner Unique": true, "Plans": [{"Node Type": "Nested Loop", "Parent Relationship": "Outer", "Join Type": "Inner", "Startup Cost": 0.0, "Total Cost": 35880.0, "Plan Rows": 12936, "Plan Width": 9, "Actual Startup Time": 0.091, "Actual Total Time": 360.8, "Actual Rows": 15849, "Actual Loops": 1, "Inner Unique": false, "Plans": [{"Node Type": "Index Scan", "Parent Relationship": "Outer", "Scan Direction": "Forward", "Index Name": "info_type_pkey", "Relation Name": "info_type", "Alias": "it2", "Startup Cost": 0.0, "Total Cost": 14.21, "Plan Rows": 1, "Plan Width": 4, "Actual Startup Time": 0.051, "Actual Total Time": 0.061, "Actual Rows": 1, "Actual Loops": 1, "Filter": "((info)::text = 'rating'::text)", "Rows Removed by Filter": 111}, {"Node Type": "Index Scan", "Parent Relationship": "Inner", "Scan Direction": "Forward", "Index Name": "info_type_id_movie_info_idx", "Relation Name": "movie_info_idx", "Alias": "mi_idx", "Startup Cost": 0.0, "Total Cost": 35736.43, "Plan Rows": 12936, "Plan Width": 13, "Actual Startup Time": 0.039, "Actual Total Time": 357.075, "Actual Rows": 15849, "Actual Loops": 1, "Index Cond": "(info_type_id = it2.id)", "Rows Removed by Index Recheck": 0, "Filter": "((info)::text > '8.0'::text)", "Rows Removed by Filter": 444076}]}, {"Node Type": "Index Scan", "Parent Relationship": "Inner", "Scan Direction": "Forward", "Index Name": "title_pkey", "Relation Name": "title", "Alias": "t", "Startup Cost": 0.0, "Total Cost": 3.28, "Plan Rows": 1, "Plan Width": 21, "Actual Startup Time": 77.447, "Actual Total Time": 77.447, "Actual Rows": 6152, "Actual Loops": 15849, "Index Cond": "(id = mi_idx.movie_id)", "Rows Removed by Index Recheck": 0, "Filter": "((production_year >= 2008) AND (production_year <= 2014))", "Rows Removed by Filter": 9697}]}, {"Node Type": "Index Scan", "Parent Relationship": "Inner", "Scan Direction": "Forward", "Index Name": "movie_id_movie_info", "Relation Name": "movie_info", "Alias": "mi", "Startup Cost": 0.0, "Total Cost": 1.41, "Plan Rows": 1, "Plan Width": 50, "Actual Startup Time": 158.486, "Actual Total Time": 158.794, "Actual Rows": 358, "Actual Loops": 6152, "Index Cond": "(movie_id = t.id)", "Rows Removed by Index Recheck": 0, "Filter": "((note IS NULL) AND ((info)::text = ANY ('{Horror,Thriller}'::text[])))", "Rows Removed by Filter": 109599}]}]}, {"Node Type": "Index Scan", "Parent Relationship": "Inner", "Scan Direction": "Forward", "Index Name": "movie_id_cast_info", "Relation Name": "cast_info", "Alias": "ci", "Startup Cost": 0.0, "Total Cost": 2.34, "Plan Rows": 1, "Plan Width": 8, "Actual Startup Time": 25.735, "Actual Total Time": 32.721, "Actual Rows": 268, "Actual Loops": 358, "Index Cond": "(movie_id = t.id)", "Rows Removed by Index Recheck": 0, "Filter": "((note)::text = ANY ('{(writer),\"(head writer)\",\"(written by)\",(story),\"(story editor)\"}'::text[]))", "Rows Removed by Filter": 12296}]}, {"Node Type": "Index Scan", "Parent Relationship": "Inner", "Scan Direction": "Forward", "Index Name": "name_pkey", "Relation Name": "name", "Alias": "n", "Startup Cost": 0.0, "Total Cost": 0.49, "Plan Rows": 1, "Plan Width": 4, "Actual Startup Time": 2.504, "Actual Total Time": 2.504, "Actual Rows": 11, "Actual Loops": 268, "Index Cond": "(id = ci.person_id)", "Rows Removed by Index Recheck": 0, "Filter": "((gender IS NOT NULL) AND ((gender)::text = 'f'::text))", "Rows Removed by Filter": 257}]}]}, "Triggers": [], "Planner Runtime": 19.617, "Total Runtime": 647.192, "Unique SQL Id": 661781350}}, "(64, '30')": {"explain_plan": {"Plan": {"Node Type": "Aggregate", "Strategy": "Plain", "Startup Cost": 629736.13, "Total Cost": 629736.17, "Plan Rows": 1, "Plan Width": 160, "Plans": [{"Node Type": "Streaming(type: LOCAL GATHER dop: 1/64)", "Parent Relationship": "Outer", "Startup Cost": 629736.13, "Total Cost": 629736.17, "Plan Rows": 1, "Plan Width": 160, "Plans": [{"Node Type": "Aggregate", "Strategy": "Plain", "Parent Relationship": "Outer", "Startup Cost": 629736.13, "Total Cost": 629736.14, "Plan Rows": 1, "Plan Width": 160, "Plans": [{"Node Type": "Nested Loop", "Parent Relationship": "Outer", "Join Type": "Inner", "Startup Cost": 96069.44, "Total Cost": 629734.49, "Plan Rows": 219, "Plan Width": 64, "Inner Unique": false, "Join Filter": "(mi.movie_id = t.id)", "Plans": [{"Node Type": "Seq Scan", "Parent Relationship": "Outer", "Relation Name": "title", "Alias": "t", "Startup Cost": 288.58, "Total Cost": 64136.1, "Plan Rows": 782553, "Plan Width": 21, "Filter": "((production_year >= 2008) AND (production_year <= 2014)), (LLVM Optimized)"}, {"Node Type": "Materialize", "Parent Relationship": "Inner", "Startup Cost": 95780.86, "Total Cost": 531117.61, "Plan Rows": 12032, "Plan Width": 59, "Plans": [{"Node Type": "Streaming(type: BROADCAST dop: 64/64)", "Parent Relationship": "Outer", "Startup Cost": 95780.86, "Total Cost": 531116.67, "Plan Rows": 12032, "Plan Width": 59, "Plans": [{"Node Type": "Nested Loop", "Parent Relationship": "Outer", "Join Type": "Inner", "Startup Cost": 95780.86, "Total Cost": 468109.04, "Plan Rows": 188, "Plan Width": 59, "Inner Unique": false, "Join Filter": "(ci.person_id = n.id)", "Plans": [{"Node Type": "Seq Scan", "Parent Relationship": "Outer", "Relation Name": "name", "Alias": "n", "Startup Cost": 0.0, "Total Cost": 64617.04, "Plan Rows": 624324, "Plan Width": 4, "Filter": "((gender IS NOT NULL) AND ((gender)::text = 'f'::text)), (LLVM Optimized)"}, {"Node Type": "Materialize", "Parent Relationship": "Inner", "Startup Cost": 95780.86, "Total Cost": 363106.73, "Plan Rows": 17664, "Plan Width": 63, "Plans": [{"Node Type": "Streaming(type: BROADCAST dop: 64/64)", "Parent Relationship": "Outer", "Startup Cost": 95780.86, "Total Cost": 363105.35, "Plan Rows": 17664, "Plan Width": 63, "Plans": [{"Node Type": "Nested Loop", "Parent Relationship": "Outer", "Join Type": "Inner", "Startup Cost": 95780.86, "Total Cost": 300094.13, "Plan Rows": 276, "Plan Width": 63, "Inner Unique": false, "Join Filter": "(mi.movie_id = ci.movie_id)", "Plans": [{"Node Type": "Streaming(type: LOCAL REDISTRIBUTE dop: 64/64)", "Parent Relationship": "Outer", "Startup Cost": 0.0, "Total Cost": 140103.96, "Plan Rows": 1223154, "Plan Width": 8, "Plans": [{"Node Type": "Seq Scan", "Parent Relationship": "Outer", "Relation Name": "cast_info", "Alias": "ci", "Startup Cost": 0.0, "Total Cost": 75945.31, "Plan Rows": 1223154, "Plan Width": 8, "Filter": "((note)::text = ANY ('{(writer),\"(head writer)\",\"(written by)\",(story),\"(story editor)\"}'::text[]))"}]}, {"Node Type": "Materialize", "Parent Relationship": "Inner", "Startup Cost": 95780.86, "Total Cost": 158870.35, "Plan Rows": 250, "Plan Width": 55, "Plans": [{"Node Type": "Streaming(type: LOCAL REDISTRIBUTE dop: 64/1)", "Parent Relationship": "Outer", "Startup Cost": 95780.86, "Total Cost": 158870.33, "Plan Rows": 250, "Plan Width": 55, "Plans": [{"Node Type": "Merge Join", "Parent Relationship": "Outer", "Join Type": "Inner", "Startup Cost": 95780.86, "Total Cost": 95860.18, "Plan Rows": 250, "Plan Width": 55, "Inner Unique": false, "Merge Cond": "(mi.movie_id = mi_idx.movie_id)", "Plans": [{"Node Type": "Sort", "Parent Relationship": "Outer", "Startup Cost": 70523.74, "Total Cost": 70526.17, "Plan Rows": 971, "Plan Width": 46, "Sort Key": ["mi.movie_id"], "Plans": [{"Node Type": "Nested Loop", "Parent Relationship": "Outer", "Join Type": "Inner", "Startup Cost": 0.0, "Total Cost": 70475.56, "Plan Rows": 971, "Plan Width": 46, "Inner Unique": false, "Join Filter": "(it1.id = mi.info_type_id)", "Plans": [{"Node Type": "Seq Scan", "Parent Relationship": "Outer", "Relation Name": "info_type", "Alias": "it1", "Startup Cost": 0.0, "Total Cost": 2.4, "Plan Rows": 1, "Plan Width": 4, "Filter": "((info)::text = 'genres'::text)"}, {"Node Type": "Materialize", "Parent Relationship": "Inner", "Startup Cost": 0.0, "Total Cost": 69793.45, "Plan Rows": 67971, "Plan Width": 50, "Plans": [{"Node Type": "Streaming(type: LOCAL GATHER dop: 1/64)", "Parent Relationship": "Outer", "Startup Cost": 0.0, "Total Cost": 69623.52, "Plan Rows": 67971, "Plan Width": 50, "Plans": [{"Node Type": "Seq Scan", "Parent Relationship": "Outer", "Relation Name": "movie_info", "Alias": "mi", "Startup Cost": 0.0, "Total Cost": 68221.29, "Plan Rows": 67971, "Plan Width": 50, "Filter": "((note IS NULL) AND ((info)::text = ANY ('{Horror,Thriller}'::text[])))"}]}]}]}]}, {"Node Type": "Sort", "Parent Relationship": "Inner", "Startup Cost": 25257.12, "Total Cost": 25289.46, "Plan Rows": 12936, "Plan Width": 9, "Sort Key": ["mi_idx.movie_id"], "Plans": [{"Node Type": "Nested Loop", "Parent Relationship": "Outer", "Join Type": "Inner", "Startup Cost": 0.0, "Total Cost": 24373.65, "Plan Rows": 12936, "Plan Width": 9, "Inner Unique": false, "Join Filter": "(it2.id = mi_idx.info_type_id)", "Plans": [{"Node Type": "Seq Scan", "Parent Relationship": "Outer", "Relation Name": "info_type", "Alias": "it2", "Startup Cost": 0.0, "Total Cost": 2.4, "Plan Rows": 1, "Plan Width": 4, "Filter": "((info)::text = 'rating'::text)"}, {"Node Type": "Seq Scan", "Parent Relationship": "Inner", "Relation Name": "movie_info_idx", "Alias": "mi_idx", "Startup Cost": 0.0, "Total Cost": 23724.42, "Plan Rows": 51746, "Plan Width": 13, "Filter": "((info)::text > '8.0'::text)"}]}]}]}]}]}]}]}]}]}]}]}]}]}]}]}, "Unique SQL Id": 661781350, "Planner Runtime": 22}, "explain_analyze_plan": null}, "(64, '31')": {"explain_plan": {"Plan": {"Node Type": "Aggregate", "Strategy": "Plain", "Startup Cost": 6971979256072.64, "Total Cost": 6971979256072.65, "Plan Rows": 1, "Plan Width": 160, "Plans": [{"Node Type": "Merge Join", "Parent Relationship": "Outer", "Join Type": "Inner", "Startup Cost": 70000000000.0, "Total Cost": 6971979256070.9, "Plan Rows": 233, "Plan Width": 64, "Inner Unique": true, "Merge Cond": "(ci.person_id = n.id)", "Plans": [{"Node Type": "Nested Loop", "Parent Relationship": "Outer", "Join Type": "Inner", "Startup Cost": 60000000000.0, "Total Cost": 5997470469312.04, "Plan Rows": 321, "Plan Width": 68, "Inner Unique": true, "Join Filter": "(mi.info_type_id = it1.id)", "Plans": [{"Node Type": "Nested Loop", "Parent Relationship": "Outer", "Join Type": "Inner", "Startup Cost": 50000000000.0, "Total Cost": 4997470467662.81, "Plan Rows": 15215, "Plan Width": 72, "Inner Unique": false, "Join Filter": "(t.id = ci.movie_id)", "Plans": [{"Node Type": "Index Scan", "Parent Relationship": "Outer", "Scan Direction": "Forward", "Index Name": "person_id_cast_info", "Relation Name": "cast_info", "Alias": "ci", "Startup Cost": 10000000000.0, "Total Cost": 1000193311016.96, "Plan Rows": 1223154, "Plan Width": 8, "Filter": "((note)::text = ANY ('{(writer),\"(head writer)\",\"(written by)\",(story),\"(story editor)\"}'::text[]))"}, {"Node Type": "Materialize", "Parent Relationship": "Inner", "Startup Cost": 40000000000.0, "Total Cost": 3997024826125.8, "Plan Rows": 13753, "Plan Width": 80, "Plans": [{"Node Type": "Merge Join", "Parent Relationship": "Outer", "Join Type": "Inner", "Startup Cost": 40000000000.0, "Total Cost": 3997024826057.04, "Plan Rows": 13753, "Plan Width": 80, "Inner Unique": false, "Merge Cond": "(t.id = mi.movie_id)", "Plans": [{"Node Type": "Merge Join", "Parent Relationship": "Outer", "Join Type": "Inner", "Startup Cost": 30000000000.0, "Total Cost": 2999088687984.57, "Plan Rows": 15041, "Plan Width": 30, "Inner Unique": true, "Merge Cond": "(mi_idx.movie_id = t.id)", "Plans": [{"Node Type": "Nested Loop", "Parent Relationship": "Outer", "Join Type": "Inner", "Startup Cost": 20000000000.0, "Total Cost": 2000004997241.06, "Plan Rows": 12936, "Plan Width": 9, "Inner Unique": true, "Join Filter": "(it2.id = mi_idx.info_type_id)", "Plans": [{"Node Type": "Index Scan", "Parent Relationship": "Outer", "Scan Direction": "Forward", "Index Name": "movie_id_movie_info_idx", "Relation Name": "movie_info_idx", "Alias": "mi_idx", "Startup Cost": 10000000000.0, "Total Cost": 1000004995043.87, "Plan Rows": 51746, "Plan Width": 13, "Filter": "((info)::text > '8.0'::text)"}, {"Node Type": "Materialize", "Parent Relationship": "Inner", "Startup Cost": 10000000000.0, "Total Cost": 1000000001421.0, "Plan Rows": 1, "Plan Width": 4, "Plans": [{"Node Type": "Index Scan", "Parent Relationship": "Outer", "Scan Direction": "Forward", "Index Name": "info_type_pkey", "Relation Name": "info_type", "Alias": "it2", "Startup Cost": 10000000000.0, "Total Cost": 1000000001421.0, "Plan Rows": 1, "Plan Width": 4, "Filter": "((info)::text = 'rating'::text)"}]}]}, {"Node Type": "Index Scan", "Parent Relationship": "Inner", "Scan Direction": "Forward", "Index Name": "title_pkey", "Relation Name": "title", "Alias": "t", "Startup Cost": 10000000000.0, "Total Cost": 1000012276204.41, "Plan Rows": 782553, "Plan Width": 21, "Filter": "((production_year >= 2008) AND (production_year <= 2014)), (LLVM Optimized)"}]}, {"Node Type": "Index Scan", "Parent Relationship": "Inner", "Scan Direction": "Forward", "Index Name": "movie_id_movie_info", "Relation Name": "movie_info", "Alias": "mi", "Startup Cost": 10000000000.0, "Total Cost": 1000107534403.72, "Plan Rows": 67971, "Plan Width": 50, "Filter": "((note IS NULL) AND ((info)::text = ANY ('{Horror,Thriller}'::text[])))"}]}]}]}, {"Node Type": "Materialize", "Parent Relationship": "Inner", "Startup Cost": 10000000000.0, "Total Cost": 1000000001421.0, "Plan Rows": 1, "Plan Width": 4, "Plans": [{"Node Type": "Index Scan", "Parent Relationship": "Outer", "Scan Direction": "Forward", "Index Name": "info_type_pkey", "Relation Name": "info_type", "Alias": "it1", "Startup Cost": 10000000000.0, "Total Cost": 1000000001421.0, "Plan Rows": 1, "Plan Width": 4, "Filter": "((info)::text = 'genres'::text)"}]}]}, {"Node Type": "Index Scan", "Parent Relationship": "Inner", "Scan Direction": "Forward", "Index Name": "name_pkey", "Relation Name": "name", "Alias": "n", "Startup Cost": 10000000000.0, "Total Cost": 1000018665147.2, "Plan Rows": 624324, "Plan Width": 4, "Filter": "((gender IS NOT NULL) AND ((gender)::text = 'f'::text)), (LLVM Optimized)"}]}]}, "Unique SQL Id": 661781350, "Planner Runtime": 69}, "explain_analyze_plan": null}, "(64, '32')": {"explain_plan": {"Plan": {"Node Type": "Aggregate", "Strategy": "Plain", "Startup Cost": 72993.18, "Total Cost": 72993.19, "Plan Rows": 1, "Plan Width": 160, "Plans": [{"Node Type": "Nested Loop", "Parent Relationship": "Outer", "Join Type": "Inner", "Startup Cost": 0.0, "Total Cost": 72991.54, "Plan Rows": 219, "Plan Width": 64, "Inner Unique": true, "Plans": [{"Node Type": "Nested Loop", "Parent Relationship": "Outer", "Join Type": "Inner", "Startup Cost": 0.0, "Total Cost": 72830.55, "Plan Rows": 321, "Plan Width": 68, "Inner Unique": false, "Plans": [{"Node Type": "Nested Loop", "Parent Relationship": "Outer", "Join Type": "Inner", "Startup Cost": 0.0, "Total Cost": 72145.52, "Plan Rows": 291, "Plan Width": 76, "Inner Unique": true, "Plans": [{"Node Type": "Nested Loop", "Parent Relationship": "Outer", "Join Type": "Inner", "Startup Cost": 0.0, "Total Cost": 71432.31, "Plan Rows": 250, "Plan Width": 55, "Inner Unique": false, "Join Filter": "(mi_idx.info_type_id = it2.id)", "Plans": [{"Node Type": "Seq Scan", "Parent Relationship": "Outer", "Relation Name": "info_type", "Alias": "it2", "Startup Cost": 0.0, "Total Cost": 2.4, "Plan Rows": 1, "Plan Width": 4, "Filter": "((info)::text = 'rating'::text)"}, {"Node Type": "Nested Loop", "Parent Relationship": "Inner", "Join Type": "Inner", "Startup Cost": 0.0, "Total Cost": 71417.42, "Plan Rows": 999, "Plan Width": 59, "Inner Unique": false, "Plans": [{"Node Type": "Nested Loop", "Parent Relationship": "Outer", "Join Type": "Inner", "Startup Cost": 0.0, "Total Cost": 70475.56, "Plan Rows": 971, "Plan Width": 46, "Inner Unique": false, "Join Filter": "(it1.id = mi.info_type_id)", "Plans": [{"Node Type": "Seq Scan", "Parent Relationship": "Outer", "Relation Name": "info_type", "Alias": "it1", "Startup Cost": 0.0, "Total Cost": 2.4, "Plan Rows": 1, "Plan Width": 4, "Filter": "((info)::text = 'genres'::text)"}, {"Node Type": "Materialize", "Parent Relationship": "Inner", "Startup Cost": 0.0, "Total Cost": 69793.45, "Plan Rows": 67971, "Plan Width": 50, "Plans": [{"Node Type": "Streaming(type: LOCAL GATHER dop: 1/64)", "Parent Relationship": "Outer", "Startup Cost": 0.0, "Total Cost": 69623.52, "Plan Rows": 67971, "Plan Width": 50, "Plans": [{"Node Type": "Seq Scan", "Parent Relationship": "Outer", "Relation Name": "movie_info", "Alias": "mi", "Startup Cost": 0.0, "Total Cost": 68221.29, "Plan Rows": 67971, "Plan Width": 50, "Filter": "((note IS NULL) AND ((info)::text = ANY ('{Horror,Thriller}'::text[])))"}]}]}]}, {"Node Type": "Index Scan", "Parent Relationship": "Inner", "Scan Direction": "Forward", "Index Name": "movie_id_movie_info_idx", "Relation Name": "movie_info_idx", "Alias": "mi_idx", "Startup Cost": 0.0, "Total Cost": 0.96, "Plan Rows": 1, "Plan Width": 13, "Index Cond": "(movie_id = mi.movie_id)", "Filter": "((info)::text > '8.0'::text)"}]}]}, {"Node Type": "Index Scan", "Parent Relationship": "Inner", "Scan Direction": "Forward", "Index Name": "title_pkey", "Relation Name": "title", "Alias": "t", "Startup Cost": 0.0, "Total Cost": 2.84, "Plan Rows": 1, "Plan Width": 21, "Index Cond": "(id = mi.movie_id)", "Filter": "((production_year >= 2008) AND (production_year <= 2014))"}]}, {"Node Type": "Index Scan", "Parent Relationship": "Inner", "Scan Direction": "Forward", "Index Name": "movie_id_cast_info", "Relation Name": "cast_info", "Alias": "ci", "Startup Cost": 0.0, "Total Cost": 2.34, "Plan Rows": 1, "Plan Width": 8, "Index Cond": "(movie_id = t.id)", "Filter": "((note)::text = ANY ('{(writer),\"(head writer)\",\"(written by)\",(story),\"(story editor)\"}'::text[]))"}]}, {"Node Type": "Index Scan", "Parent Relationship": "Inner", "Scan Direction": "Forward", "Index Name": "name_pkey", "Relation Name": "name", "Alias": "n", "Startup Cost": 0.0, "Total Cost": 0.49, "Plan Rows": 1, "Plan Width": 4, "Index Cond": "(id = ci.person_id)", "Filter": "((gender IS NOT NULL) AND ((gender)::text = 'f'::text))"}]}]}, "Unique SQL Id": 661781350, "Planner Runtime": 34}, "explain_analyze_plan": {"Plan": {"Node Type": "Aggregate", "Strategy": "Plain", "Startup Cost": 72993.18, "Total Cost": 72993.19, "Plan Rows": 1, "Plan Width": 160, "Actual Min Startup Time": 744.744, "Actual Max Startup Time": 744.744, "Actual Min Total Time": 744.745, "Actual Max Total Time": 744.745, "Plans": [{"Node Type": "Nested Loop", "Parent Relationship": "Outer", "Join Type": "Inner", "Startup Cost": 0.0, "Total Cost": 72991.54, "Plan Rows": 219, "Plan Width": 64, "Actual Min Startup Time": 360.554, "Actual Max Startup Time": 360.554, "Actual Min Total Time": 744.685, "Actual Max Total Time": 744.685, "Inner Unique": true, "Plans": [{"Node Type": "Nested Loop", "Parent Relationship": "Outer", "Join Type": "Inner", "Startup Cost": 0.0, "Total Cost": 72830.55, "Plan Rows": 321, "Plan Width": 68, "Actual Min Startup Time": 349.305, "Actual Max Startup Time": 349.305, "Actual Min Total Time": 742.187, "Actual Max Total Time": 742.187, "Inner Unique": false, "Plans": [{"Node Type": "Nested Loop", "Parent Relationship": "Outer", "Join Type": "Inner", "Startup Cost": 0.0, "Total Cost": 72145.52, "Plan Rows": 291, "Plan Width": 76, "Actual Min Startup Time": 347.86, "Actual Max Startup Time": 347.86, "Actual Min Total Time": 710.007, "Actual Max Total Time": 710.007, "Inner Unique": true, "Plans": [{"Node Type": "Nested Loop", "Parent Relationship": "Outer", "Join Type": "Inner", "Startup Cost": 0.0, "Total Cost": 71432.31, "Plan Rows": 250, "Plan Width": 55, "Actual Min Startup Time": 347.833, "Actual Max Startup Time": 347.833, "Actual Min Total Time": 704.112, "Actual Max Total Time": 704.112, "Inner Unique": false, "Join Filter": "(mi_idx.info_type_id = it2.id)", "Rows Removed by Join Filter": 3403, "Plans": [{"Node Type": "Seq Scan", "Parent Relationship": "Outer", "Relation Name": "info_type", "Alias": "it2", "Startup Cost": 0.0, "Total Cost": 2.4, "Plan Rows": 1, "Plan Width": 4, "Actual Min Startup Time": 0.096, "Actual Max Startup Time": 0.096, "Actual Min Total Time": 0.108, "Actual Max Total Time": 0.108, "Filter": "((info)::text = 'rating'::text)", "Rows Removed by Filter": 111, "Actual Rows": 1}, {"Node Type": "Nested Loop", "Parent Relationship": "Inner", "Join Type": "Inner", "Startup Cost": 0.0, "Total Cost": 71417.42, "Plan Rows": 999, "Plan Width": 59, "Actual Min Startup Time": 347.719, "Actual Max Startup Time": 347.719, "Actual Min Total Time": 701.609, "Actual Max Total Time": 701.609, "Inner Unique": false, "Plans": [{"Node Type": "Nested Loop", "Parent Relationship": "Outer", "Join Type": "Inner", "Startup Cost": 0.0, "Total Cost": 70475.56, "Plan Rows": 971, "Plan Width": 46, "Actual Min Startup Time": 347.616, "Actual Max Startup Time": 347.616, "Actual Min Total Time": 386.749, "Actual Max Total Time": 386.749, "Inner Unique": false, "Join Filter": "(it1.id = mi.info_type_id)", "Rows Removed by Join Filter": 789, "Plans": [{"Node Type": "Seq Scan", "Parent Relationship": "Outer", "Relation Name": "info_type", "Alias": "it1", "Startup Cost": 0.0, "Total Cost": 2.4, "Plan Rows": 1, "Plan Width": 4, "Actual Min Startup Time": 0.046, "Actual Max Startup Time": 0.046, "Actual Min Total Time": 0.079, "Actual Max Total Time": 0.079, "Filter": "((info)::text = 'genres'::text)", "Rows Removed by Filter": 111, "Actual Rows": 1}, {"Node Type": "Materialize", "Parent Relationship": "Inner", "Startup Cost": 0.0, "Total Cost": 69793.45, "Plan Rows": 67971, "Plan Width": 50, "Actual Min Startup Time": 347.531, "Actual Max Startup Time": 347.531, "Actual Min Total Time": 357.593, "Actual Max Total Time": 357.593, "Plans": [{"Node Type": "Streaming(type: LOCAL GATHER dop: 1/64)", "Parent Relationship": "Outer", "Startup Cost": 0.0, "Total Cost": 69623.52, "Plan Rows": 67971, "Plan Width": 50, "Actual Min Startup Time": 182.821, "Actual Max Startup Time": 182.821, "Actual Min Total Time": 336.355, "Actual Max Total Time": 336.355, "Plans": [{"Node Type": "Seq Scan", "Parent Relationship": "Outer", "Relation Name": "movie_info", "Alias": "mi", "Startup Cost": 0.0, "Total Cost": 68221.29, "Plan Rows": 67971, "Plan Width": 50, "Actual Min Startup Time": 53.746, "Actual Max Startup Time": 120.053, "Actual Min Total Time": 96.673, "Actual Max Total Time": 129.021, "Filter": "((note IS NULL) AND ((info)::text = ANY ('{Horror,Thriller}'::text[])))", "Rows Removed by Filter": 14762672, "Actual Rows": 73047}], "Actual Rows": 73047}], "Actual Rows": 73048}], "Actual Rows": 72258}, {"Node Type": "Index Scan", "Parent Relationship": "Inner", "Scan Direction": "Forward", "Index Name": "movie_id_movie_info_idx", "Relation Name": "movie_info_idx", "Alias": "mi_idx", "Startup Cost": 0.0, "Total Cost": 0.96, "Plan Rows": 1, "Plan Width": 13, "Actual Min Startup Time": 276.39, "Actual Max Startup Time": 276.39, "Actual Min Total Time": 279.918, "Actual Max Total Time": 279.918, "Index Cond": "(movie_id = mi.movie_id)", "Rows Removed by Index Recheck": 0, "Filter": "((info)::text > '8.0'::text)", "Rows Removed by Filter": 113143, "Actual Rows": 4135}], "Actual Rows": 4135}], "Actual Rows": 732}, {"Node Type": "Index Scan", "Parent Relationship": "Inner", "Scan Direction": "Forward", "Index Name": "title_pkey", "Relation Name": "title", "Alias": "t", "Startup Cost": 0.0, "Total Cost": 2.84, "Plan Rows": 1, "Plan Width": 21, "Actual Min Startup Time": 5.3, "Actual Max Startup Time": 5.3, "Actual Min Total Time": 5.3, "Actual Max Total Time": 5.3, "Index Cond": "(id = mi.movie_id)", "Rows Removed by Index Recheck": 0, "Filter": "((production_year >= 2008) AND (production_year <= 2014))", "Rows Removed by Filter": 374, "Actual Rows": 358}], "Actual Rows": 358}, {"Node Type": "Index Scan", "Parent Relationship": "Inner", "Scan Direction": "Forward", "Index Name": "movie_id_cast_info", "Relation Name": "cast_info", "Alias": "ci", "Startup Cost": 0.0, "Total Cost": 2.34, "Plan Rows": 1, "Plan Width": 8, "Actual Min Startup Time": 25.141, "Actual Max Startup Time": 25.141, "Actual Min Total Time": 31.897, "Actual Max Total Time": 31.897, "Index Cond": "(movie_id = t.id)", "Rows Removed by Index Recheck": 0, "Filter": "((note)::text = ANY ('{(writer),\"(head writer)\",\"(written by)\",(story),\"(story editor)\"}'::text[]))", "Rows Removed by Filter": 12296, "Actual Rows": 268}], "Actual Rows": 268}, {"Node Type": "Index Scan", "Parent Relationship": "Inner", "Scan Direction": "Forward", "Index Name": "name_pkey", "Relation Name": "name", "Alias": "n", "Startup Cost": 0.0, "Total Cost": 0.49, "Plan Rows": 1, "Plan Width": 4, "Actual Min Startup Time": 2.298, "Actual Max Startup Time": 2.298, "Actual Min Total Time": 2.298, "Actual Max Total Time": 2.298, "Index Cond": "(id = ci.person_id)", "Rows Removed by Index Recheck": 0, "Filter": "((gender IS NOT NULL) AND ((gender)::text = 'f'::text))", "Rows Removed by Filter": 257, "Actual Rows": 11}], "Actual Rows": 11}], "Actual Rows": 1}, "Triggers": [], "Planner Runtime": 47.81, "Total Runtime": 757.105, "Unique SQL Id": 661781350}}, "(64, '33')": {"explain_plan": {"Plan": {"Node Type": "Aggregate", "Strategy": "Plain", "Startup Cost": 84230.9, "Total Cost": 84230.91, "Plan Rows": 1, "Plan Width": 160, "Plans": [{"Node Type": "Nested Loop", "Parent Relationship": "Outer", "Join Type": "Inner", "Startup Cost": 7419.04, "Total Cost": 84229.26, "Plan Rows": 219, "Plan Width": 64, "Inner Unique": true, "Plans": [{"Node Type": "Nested Loop", "Parent Relationship": "Outer", "Join Type": "Inner", "Startup Cost": 7419.04, "Total Cost": 84068.27, "Plan Rows": 321, "Plan Width": 68, "Inner Unique": false, "Plans": [{"Node Type": "Nested Loop", "Parent Relationship": "Outer", "Join Type": "Inner", "Startup Cost": 7419.04, "Total Cost": 83383.24, "Plan Rows": 291, "Plan Width": 76, "Inner Unique": false, "Join Filter": "(mi.info_type_id = it1.id)", "Plans": [{"Node Type": "Index Scan", "Parent Relationship": "Outer", "Scan Direction": "Forward", "Index Name": "info_type_pkey", "Relation Name": "info_type", "Alias": "it1", "Startup Cost": 0.0, "Total Cost": 14.21, "Plan Rows": 1, "Plan Width": 4, "Filter": "((info)::text = 'genres'::text)"}, {"Node Type": "Nested Loop", "Parent Relationship": "Inner", "Join Type": "Inner", "Startup Cost": 7419.04, "Total Cost": 83197.12, "Plan Rows": 13753, "Plan Width": 80, "Inner Unique": false, "Plans": [{"Node Type": "Nested Loop", "Parent Relationship": "Outer", "Join Type": "Inner", "Startup Cost": 7419.04, "Total Cost": 61824.99, "Plan Rows": 15041, "Plan Width": 30, "Inner Unique": true, "Plans": [{"Node Type": "Nested Loop", "Parent Relationship": "Outer", "Join Type": "Inner", "Startup Cost": 7419.04, "Total Cost": 19211.73, "Plan Rows": 12936, "Plan Width": 9, "Inner Unique": false, "Plans": [{"Node Type": "Index Scan", "Parent Relationship": "Outer", "Scan Direction": "Forward", "Index Name": "info_type_pkey", "Relation Name": "info_type", "Alias": "it2", "Startup Cost": 0.0, "Total Cost": 14.21, "Plan Rows": 1, "Plan Width": 4, "Filter": "((info)::text = 'rating'::text)"}, {"Node Type": "Bitmap Heap Scan", "Parent Relationship": "Inner", "Relation Name": "movie_info_idx", "Alias": "mi_idx", "Startup Cost": 7419.04, "Total Cost": 19068.16, "Plan Rows": 12936, "Plan Width": 13, "Recheck Cond": "(info_type_id = it2.id)", "Filter": "((info)::text > '8.0'::text)", "Plans": [{"Node Type": "Bitmap Index Scan", "Parent Relationship": "Outer", "Index Name": "info_type_id_movie_info_idx", "Startup Cost": 0.0, "Total Cost": 7415.81, "Plan Rows": 345008, "Plan Width": 0, "Index Cond": "(info_type_id = it2.id)"}]}]}, {"Node Type": "Index Scan", "Parent Relationship": "Inner", "Scan Direction": "Forward", "Index Name": "title_pkey", "Relation Name": "title", "Alias": "t", "Startup Cost": 0.0, "Total Cost": 3.28, "Plan Rows": 1, "Plan Width": 21, "Index Cond": "(id = mi_idx.movie_id)", "Filter": "((production_year >= 2008) AND (production_year <= 2014))"}]}, {"Node Type": "Index Scan", "Parent Relationship": "Inner", "Scan Direction": "Forward", "Index Name": "movie_id_movie_info", "Relation Name": "movie_info", "Alias": "mi", "Startup Cost": 0.0, "Total Cost": 1.41, "Plan Rows": 1, "Plan Width": 50, "Index Cond": "(movie_id = t.id)", "Filter": "((note IS NULL) AND ((info)::text = ANY ('{Horror,Thriller}'::text[])))"}]}]}, {"Node Type": "Index Scan", "Parent Relationship": "Inner", "Scan Direction": "Forward", "Index Name": "movie_id_cast_info", "Relation Name": "cast_info", "Alias": "ci", "Startup Cost": 0.0, "Total Cost": 2.34, "Plan Rows": 1, "Plan Width": 8, "Index Cond": "(movie_id = t.id)", "Filter": "((note)::text = ANY ('{(writer),\"(head writer)\",\"(written by)\",(story),\"(story editor)\"}'::text[]))"}]}, {"Node Type": "Index Scan", "Parent Relationship": "Inner", "Scan Direction": "Forward", "Index Name": "name_pkey", "Relation Name": "name", "Alias": "n", "Startup Cost": 0.0, "Total Cost": 0.49, "Plan Rows": 1, "Plan Width": 4, "Index Cond": "(id = ci.person_id)", "Filter": "((gender IS NOT NULL) AND ((gender)::text = 'f'::text))"}]}]}, "Unique SQL Id": 661781350, "Planner Runtime": 12}, "explain_analyze_plan": {"Plan": {"Node Type": "Aggregate", "Strategy": "Plain", "Startup Cost": 84230.9, "Total Cost": 84230.91, "Plan Rows": 1, "Plan Width": 160, "Actual Startup Time": 677.344, "Actual Total Time": 677.345, "Actual Rows": 1, "Actual Loops": 1, "Plans": [{"Node Type": "Nested Loop", "Parent Relationship": "Outer", "Join Type": "Inner", "Startup Cost": 7419.04, "Total Cost": 84229.26, "Plan Rows": 219, "Plan Width": 64, "Actual Startup Time": 358.103, "Actual Total Time": 677.277, "Actual Rows": 11, "Actual Loops": 1, "Inner Unique": true, "Plans": [{"Node Type": "Nested Loop", "Parent Relationship": "Outer", "Join Type": "Inner", "Startup Cost": 7419.04, "Total Cost": 84068.27, "Plan Rows": 321, "Plan Width": 68, "Actual Startup Time": 122.374, "Actual Total Time": 674.358, "Actual Rows": 268, "Actual Loops": 1, "Inner Unique": false, "Plans": [{"Node Type": "Nested Loop", "Parent Relationship": "Outer", "Join Type": "Inner", "Startup Cost": 7419.04, "Total Cost": 83383.24, "Plan Rows": 291, "Plan Width": 76, "Actual Startup Time": 60.014, "Actual Total Time": 639.461, "Actual Rows": 358, "Actual Loops": 1, "Inner Unique": false, "Join Filter": "(mi.info_type_id = it1.id)", "Rows Removed by Join Filter": 0, "Plans": [{"Node Type": "Index Scan", "Parent Relationship": "Outer", "Scan Direction": "Forward", "Index Name": "info_type_pkey", "Relation Name": "info_type", "Alias": "it1", "Startup Cost": 0.0, "Total Cost": 14.21, "Plan Rows": 1, "Plan Width": 4, "Actual Startup Time": 0.023, "Actual Total Time": 0.078, "Actual Rows": 1, "Actual Loops": 1, "Filter": "((info)::text = 'genres'::text)", "Rows Removed by Filter": 111}, {"Node Type": "Nested Loop", "Parent Relationship": "Inner", "Join Type": "Inner", "Startup Cost": 7419.04, "Total Cost": 83197.12, "Plan Rows": 13753, "Plan Width": 80, "Actual Startup Time": 59.983, "Actual Total Time": 639.116, "Actual Rows": 358, "Actual Loops": 1, "Inner Unique": false, "Plans": [{"Node Type": "Nested Loop", "Parent Relationship": "Outer", "Join Type": "Inner", "Startup Cost": 7419.04, "Total Cost": 61824.99, "Plan Rows": 15041, "Plan Width": 30, "Actual Startup Time": 53.217, "Actual Total Time": 450.165, "Actual Rows": 6152, "Actual Loops": 1, "Inner Unique": true, "Plans": [{"Node Type": "Nested Loop", "Parent Relationship": "Outer", "Join Type": "Inner", "Startup Cost": 7419.04, "Total Cost": 19211.73, "Plan Rows": 12936, "Plan Width": 9, "Actual Startup Time": 51.722, "Actual Total Time": 355.277, "Actual Rows": 15849, "Actual Loops": 1, "Inner Unique": false, "Plans": [{"Node Type": "Index Scan", "Parent Relationship": "Outer", "Scan Direction": "Forward", "Index Name": "info_type_pkey", "Relation Name": "info_type", "Alias": "it2", "Startup Cost": 0.0, "Total Cost": 14.21, "Plan Rows": 1, "Plan Width": 4, "Actual Startup Time": 0.05, "Actual Total Time": 0.06, "Actual Rows": 1, "Actual Loops": 1, "Filter": "((info)::text = 'rating'::text)", "Rows Removed by Filter": 111}, {"Node Type": "Bitmap Heap Scan", "Parent Relationship": "Inner", "Relation Name": "movie_info_idx", "Alias": "mi_idx", "Startup Cost": 7419.04, "Total Cost": 19068.16, "Plan Rows": 12936, "Plan Width": 13, "Actual Startup Time": 51.666, "Actual Total Time": 351.606, "Actual Rows": 15849, "Actual Loops": 1, "Recheck Cond": "(info_type_id = it2.id)", "Rows Removed by Index Recheck": 0, "Filter": "((info)::text > '8.0'::text)", "Rows Removed by Filter": 444076, "Exact Heap Blocks": 6472, "Lossy Heap Blocks": 6472, "Plans": [{"Node Type": "Bitmap Index Scan", "Parent Relationship": "Outer", "Index Name": "info_type_id_movie_info_idx", "Startup Cost": 0.0, "Total Cost": 7415.81, "Plan Rows": 345008, "Plan Width": 0, "Actual Startup Time": 50.423, "Actual Total Time": 50.423, "Actual Rows": 459925, "Actual Loops": 1, "Index Cond": "(info_type_id = it2.id)"}]}]}, {"Node Type": "Index Scan", "Parent Relationship": "Inner", "Scan Direction": "Forward", "Index Name": "title_pkey", "Relation Name": "title", "Alias": "t", "Startup Cost": 0.0, "Total Cost": 3.28, "Plan Rows": 1, "Plan Width": 21, "Actual Startup Time": 84.58, "Actual Total Time": 84.58, "Actual Rows": 6152, "Actual Loops": 15849, "Index Cond": "(id = mi_idx.movie_id)", "Rows Removed by Index Recheck": 0, "Filter": "((production_year >= 2008) AND (production_year <= 2014))", "Rows Removed by Filter": 9697}]}, {"Node Type": "Index Scan", "Parent Relationship": "Inner", "Scan Direction": "Forward", "Index Name": "movie_id_movie_info", "Relation Name": "movie_info", "Alias": "mi", "Startup Cost": 0.0, "Total Cost": 1.41, "Plan Rows": 1, "Plan Width": 50, "Actual Startup Time": 185.159, "Actual Total Time": 185.486, "Actual Rows": 358, "Actual Loops": 6152, "Index Cond": "(movie_id = t.id)", "Rows Removed by Index Recheck": 0, "Filter": "((note IS NULL) AND ((info)::text = ANY ('{Horror,Thriller}'::text[])))", "Rows Removed by Filter": 109599}]}]}, {"Node Type": "Index Scan", "Parent Relationship": "Inner", "Scan Direction": "Forward", "Index Name": "movie_id_cast_info", "Relation Name": "cast_info", "Alias": "ci", "Startup Cost": 0.0, "Total Cost": 2.34, "Plan Rows": 1, "Plan Width": 8, "Actual Startup Time": 27.099, "Actual Total Time": 34.483, "Actual Rows": 268, "Actual Loops": 358, "Index Cond": "(movie_id = t.id)", "Rows Removed by Index Recheck": 0, "Filter": "((note)::text = ANY ('{(writer),\"(head writer)\",\"(written by)\",(story),\"(story editor)\"}'::text[]))", "Rows Removed by Filter": 12296}]}, {"Node Type": "Index Scan", "Parent Relationship": "Inner", "Scan Direction": "Forward", "Index Name": "name_pkey", "Relation Name": "name", "Alias": "n", "Startup Cost": 0.0, "Total Cost": 0.49, "Plan Rows": 1, "Plan Width": 4, "Actual Startup Time": 2.683, "Actual Total Time": 2.683, "Actual Rows": 11, "Actual Loops": 268, "Index Cond": "(id = ci.person_id)", "Rows Removed by Index Recheck": 0, "Filter": "((gender IS NOT NULL) AND ((gender)::text = 'f'::text))", "Rows Removed by Filter": 257}]}]}, "Triggers": [], "Planner Runtime": 24.054, "Total Runtime": 677.738, "Unique SQL Id": 661781350}}, "(64, '34')": {"explain_plan": {"Plan": {"Node Type": "Aggregate", "Strategy": "Plain", "Startup Cost": 79040.0, "Total Cost": 79040.01, "Plan Rows": 1, "Plan Width": 160, "Plans": [{"Node Type": "Nested Loop", "Parent Relationship": "Outer", "Join Type": "Inner", "Startup Cost": 2.67, "Total Cost": 79038.35, "Plan Rows": 219, "Plan Width": 64, "Inner Unique": true, "Plans": [{"Node Type": "Nested Loop", "Parent Relationship": "Outer", "Join Type": "Inner", "Startup Cost": 2.36, "Total Cost": 77647.24, "Plan Rows": 321, "Plan Width": 68, "Inner Unique": false, "Plans": [{"Node Type": "Nested Loop", "Parent Relationship": "Outer", "Join Type": "Inner", "Startup Cost": 1.35, "Total Cost": 76154.06, "Plan Rows": 291, "Plan Width": 76, "Inner Unique": true, "Plans": [{"Node Type": "Nested Loop", "Parent Relationship": "Outer", "Join Type": "Inner", "Startup Cost": 0.55, "Total Cost": 74946.61, "Plan Rows": 250, "Plan Width": 55, "Inner Unique": false, "Join Filter": "(mi_idx.info_type_id = it2.id)", "Plans": [{"Node Type": "Seq Scan", "Parent Relationship": "Outer", "Relation Name": "info_type", "Alias": "it2", "Startup Cost": 0.0, "Total Cost": 2.4, "Plan Rows": 1, "Plan Width": 4, "Filter": "((info)::text = 'rating'::text)"}, {"Node Type": "Nested Loop", "Parent Relationship": "Inner", "Join Type": "Inner", "Startup Cost": 0.55, "Total Cost": 74931.73, "Plan Rows": 999, "Plan Width": 59, "Inner Unique": false, "Plans": [{"Node Type": "Nested Loop", "Parent Relationship": "Outer", "Join Type": "Inner", "Startup Cost": 0.0, "Total Cost": 70475.56, "Plan Rows": 971, "Plan Width": 46, "Inner Unique": false, "Join Filter": "(it1.id = mi.info_type_id)", "Plans": [{"Node Type": "Seq Scan", "Parent Relationship": "Outer", "Relation Name": "info_type", "Alias": "it1", "Startup Cost": 0.0, "Total Cost": 2.4, "Plan Rows": 1, "Plan Width": 4, "Filter": "((info)::text = 'genres'::text)"}, {"Node Type": "Materialize", "Parent Relationship": "Inner", "Startup Cost": 0.0, "Total Cost": 69793.45, "Plan Rows": 67971, "Plan Width": 50, "Plans": [{"Node Type": "Streaming(type: LOCAL GATHER dop: 1/64)", "Parent Relationship": "Outer", "Startup Cost": 0.0, "Total Cost": 69623.52, "Plan Rows": 67971, "Plan Width": 50, "Plans": [{"Node Type": "Seq Scan", "Parent Relationship": "Outer", "Relation Name": "movie_info", "Alias": "mi", "Startup Cost": 0.0, "Total Cost": 68221.29, "Plan Rows": 67971, "Plan Width": 50, "Filter": "((note IS NULL) AND ((info)::text = ANY ('{Horror,Thriller}'::text[])))"}]}]}]}, {"Node Type": "Bitmap Heap Scan", "Parent Relationship": "Inner", "Relation Name": "movie_info_idx", "Alias": "mi_idx", "Startup Cost": 0.55, "Total Cost": 4.58, "Plan Rows": 1, "Plan Width": 13, "Recheck Cond": "(movie_id = mi.movie_id)", "Filter": "((info)::text > '8.0'::text)", "Plans": [{"Node Type": "Bitmap Index Scan", "Parent Relationship": "Outer", "Index Name": "movie_id_movie_info_idx", "Startup Cost": 0.0, "Total Cost": 0.55, "Plan Rows": 2, "Plan Width": 0, "Index Cond": "(movie_id = mi.movie_id)"}]}]}]}, {"Node Type": "Bitmap Heap Scan", "Parent Relationship": "Inner", "Relation Name": "title", "Alias": "t", "Startup Cost": 0.8, "Total Cost": 4.82, "Plan Rows": 1, "Plan Width": 21, "Recheck Cond": "(id = mi.movie_id)", "Filter": "((production_year >= 2008) AND (production_year <= 2014))", "Plans": [{"Node Type": "Bitmap Index Scan", "Parent Relationship": "Outer", "Index Name": "title_pkey", "Startup Cost": 0.0, "Total Cost": 0.8, "Plan Rows": 1, "Plan Width": 0, "Index Cond": "(id = mi.movie_id)"}]}]}, {"Node Type": "Bitmap Heap Scan", "Parent Relationship": "Inner", "Relation Name": "cast_info", "Alias": "ci", "Startup Cost": 1.01, "Total Cost": 5.12, "Plan Rows": 1, "Plan Width": 8, "Recheck Cond": "(movie_id = t.id)", "Filter": "((note)::text = ANY ('{(writer),\"(head writer)\",\"(written by)\",(story),\"(story editor)\"}'::text[]))", "Plans": [{"Node Type": "Bitmap Index Scan", "Parent Relationship": "Outer", "Index Name": "movie_id_cast_info", "Startup Cost": 0.0, "Total Cost": 1.01, "Plan Rows": 6, "Plan Width": 0, "Index Cond": "(movie_id = t.id)"}]}]}, {"Node Type": "Bitmap Heap Scan", "Parent Relationship": "Inner", "Relation Name": "name", "Alias": "n", "Startup Cost": 0.31, "Total Cost": 4.32, "Plan Rows": 1, "Plan Width": 4, "Recheck Cond": "(id = ci.person_id)", "Filter": "((gender IS NOT NULL) AND ((gender)::text = 'f'::text))", "Plans": [{"Node Type": "Bitmap Index Scan", "Parent Relationship": "Outer", "Index Name": "name_pkey", "Startup Cost": 0.0, "Total Cost": 0.31, "Plan Rows": 1, "Plan Width": 0, "Index Cond": "(id = ci.person_id)"}]}]}]}, "Unique SQL Id": 661781350, "Planner Runtime": 53}, "explain_analyze_plan": {"Plan": {"Node Type": "Aggregate", "Strategy": "Plain", "Startup Cost": 79040.0, "Total Cost": 79040.01, "Plan Rows": 1, "Plan Width": 160, "Actual Min Startup Time": 812.811, "Actual Max Startup Time": 812.811, "Actual Min Total Time": 812.811, "Actual Max Total Time": 812.811, "Plans": [{"Node Type": "Nested Loop", "Parent Relationship": "Outer", "Join Type": "Inner", "Startup Cost": 2.67, "Total Cost": 79038.35, "Plan Rows": 219, "Plan Width": 64, "Actual Min Startup Time": 388.712, "Actual Max Startup Time": 388.712, "Actual Min Total Time": 812.752, "Actual Max Total Time": 812.752, "Inner Unique": true, "Plans": [{"Node Type": "Nested Loop", "Parent Relationship": "Outer", "Join Type": "Inner", "Startup Cost": 2.36, "Total Cost": 77647.24, "Plan Rows": 321, "Plan Width": 68, "Actual Min Startup Time": 307.647, "Actual Max Startup Time": 307.647, "Actual Min Total Time": 809.564, "Actual Max Total Time": 809.564, "Inner Unique": false, "Plans": [{"Node Type": "Nested Loop", "Parent Relationship": "Outer", "Join Type": "Inner", "Startup Cost": 1.35, "Total Cost": 76154.06, "Plan Rows": 291, "Plan Width": 76, "Actual Min Startup Time": 307.553, "Actual Max Startup Time": 307.553, "Actual Min Total Time": 770.697, "Actual Max Total Time": 770.697, "Inner Unique": true, "Plans": [{"Node Type": "Nested Loop", "Parent Relationship": "Outer", "Join Type": "Inner", "Startup Cost": 0.55, "Total Cost": 74946.61, "Plan Rows": 250, "Plan Width": 55, "Actual Min Startup Time": 307.523, "Actual Max Startup Time": 307.523, "Actual Min Total Time": 762.726, "Actual Max Total Time": 762.726, "Inner Unique": false, "Join Filter": "(mi_idx.info_type_id = it2.id)", "Rows Removed by Join Filter": 3403, "Plans": [{"Node Type": "Seq Scan", "Parent Relationship": "Outer", "Relation Name": "info_type", "Alias": "it2", "Startup Cost": 0.0, "Total Cost": 2.4, "Plan Rows": 1, "Plan Width": 4, "Actual Min Startup Time": 0.098, "Actual Max Startup Time": 0.098, "Actual Min Total Time": 0.118, "Actual Max Total Time": 0.118, "Filter": "((info)::text = 'rating'::text)", "Rows Removed by Filter": 111, "Actual Rows": 1}, {"Node Type": "Nested Loop", "Parent Relationship": "Inner", "Join Type": "Inner", "Startup Cost": 0.55, "Total Cost": 74931.73, "Plan Rows": 999, "Plan Width": 59, "Actual Min Startup Time": 306.981, "Actual Max Startup Time": 306.981, "Actual Min Total Time": 759.629, "Actual Max Total Time": 759.629, "Inner Unique": false, "Plans": [{"Node Type": "Nested Loop", "Parent Relationship": "Outer", "Join Type": "Inner", "Startup Cost": 0.0, "Total Cost": 70475.56, "Plan Rows": 971, "Plan Width": 46, "Actual Min Startup Time": 306.629, "Actual Max Startup Time": 306.629, "Actual Min Total Time": 349.143, "Actual Max Total Time": 349.143, "Inner Unique": false, "Join Filter": "(it1.id = mi.info_type_id)", "Rows Removed by Join Filter": 789, "Plans": [{"Node Type": "Seq Scan", "Parent Relationship": "Outer", "Relation Name": "info_type", "Alias": "it1", "Startup Cost": 0.0, "Total Cost": 2.4, "Plan Rows": 1, "Plan Width": 4, "Actual Min Startup Time": 0.057, "Actual Max Startup Time": 0.057, "Actual Min Total Time": 0.104, "Actual Max Total Time": 0.104, "Filter": "((info)::text = 'genres'::text)", "Rows Removed by Filter": 111, "Actual Rows": 1}, {"Node Type": "Materialize", "Parent Relationship": "Inner", "Startup Cost": 0.0, "Total Cost": 69793.45, "Plan Rows": 67971, "Plan Width": 50, "Actual Min Startup Time": 306.535, "Actual Max Startup Time": 306.535, "Actual Min Total Time": 317.705, "Actual Max Total Time": 317.705, "Plans": [{"Node Type": "Streaming(type: LOCAL GATHER dop: 1/64)", "Parent Relationship": "Outer", "Startup Cost": 0.0, "Total Cost": 69623.52, "Plan Rows": 67971, "Plan Width": 50, "Actual Min Startup Time": 155.585, "Actual Max Startup Time": 155.585, "Actual Min Total Time": 295.065, "Actual Max Total Time": 295.065, "Plans": [{"Node Type": "Seq Scan", "Parent Relationship": "Outer", "Relation Name": "movie_info", "Alias": "mi", "Startup Cost": 0.0, "Total Cost": 68221.29, "Plan Rows": 67971, "Plan Width": 50, "Actual Min Startup Time": 54.273, "Actual Max Startup Time": 100.083, "Actual Min Total Time": 93.948, "Actual Max Total Time": 115.419, "Filter": "((note IS NULL) AND ((info)::text = ANY ('{Horror,Thriller}'::text[])))", "Rows Removed by Filter": 14762672, "Actual Rows": 73047}], "Actual Rows": 73047}], "Actual Rows": 73048}], "Actual Rows": 72258}, {"Node Type": "Bitmap Heap Scan", "Parent Relationship": "Inner", "Relation Name": "movie_info_idx", "Alias": "mi_idx", "Startup Cost": 0.55, "Total Cost": 4.58, "Plan Rows": 1, "Plan Width": 13, "Actual Min Startup Time": 329.234, "Actual Max Startup Time": 329.234, "Actual Min Total Time": 331.022, "Actual Max Total Time": 331.022, "Recheck Cond": "(movie_id = mi.movie_id)", "Rows Removed by Index Recheck": 0, "Filter": "((info)::text > '8.0'::text)", "Rows Removed by Filter": 113143, "Exact Heap Blocks": 39507, "Lossy Heap Blocks": 39507, "Plans": [{"Node Type": "Bitmap Index Scan", "Parent Relationship": "Outer", "Index Name": "movie_id_movie_info_idx", "Startup Cost": 0.0, "Total Cost": 0.55, "Plan Rows": 2, "Plan Width": 0, "Actual Min Startup Time": 192.42, "Actual Max Startup Time": 192.42, "Actual Min Total Time": 192.42, "Actual Max Total Time": 192.42, "Index Cond": "(movie_id = mi.movie_id)", "Actual Rows": 117278}], "Actual Rows": 4135}], "Actual Rows": 4135}], "Actual Rows": 732}, {"Node Type": "Bitmap Heap Scan", "Parent Relationship": "Inner", "Relation Name": "title", "Alias": "t", "Startup Cost": 0.8, "Total Cost": 4.82, "Plan Rows": 1, "Plan Width": 21, "Actual Min Startup Time": 6.373, "Actual Max Startup Time": 6.373, "Actual Min Total Time": 6.373, "Actual Max Total Time": 6.373, "Recheck Cond": "(id = mi.movie_id)", "Rows Removed by Index Recheck": 0, "Filter": "((production_year >= 2008) AND (production_year <= 2014))", "Rows Removed by Filter": 374, "Exact Heap Blocks": 732, "Lossy Heap Blocks": 732, "Plans": [{"Node Type": "Bitmap Index Scan", "Parent Relationship": "Outer", "Index Name": "title_pkey", "Startup Cost": 0.0, "Total Cost": 0.8, "Plan Rows": 1, "Plan Width": 0, "Actual Min Startup Time": 3.652, "Actual Max Startup Time": 3.652, "Actual Min Total Time": 3.652, "Actual Max Total Time": 3.652, "Index Cond": "(id = mi.movie_id)", "Actual Rows": 732}], "Actual Rows": 358}], "Actual Rows": 358}, {"Node Type": "Bitmap Heap Scan", "Parent Relationship": "Inner", "Relation Name": "cast_info", "Alias": "ci", "Startup Cost": 1.01, "Total Cost": 5.12, "Plan Rows": 1, "Plan Width": 8, "Actual Min Startup Time": 30.892, "Actual Max Startup Time": 30.892, "Actual Min Total Time": 38.081, "Actual Max Total Time": 38.081, "Recheck Cond": "(movie_id = t.id)", "Rows Removed by Index Recheck": 0, "Filter": "((note)::text = ANY ('{(writer),\"(head writer)\",\"(written by)\",(story),\"(story editor)\"}'::text[]))", "Rows Removed by Filter": 12296, "Exact Heap Blocks": 11454, "Lossy Heap Blocks": 11454, "Plans": [{"Node Type": "Bitmap Index Scan", "Parent Relationship": "Outer", "Index Name": "movie_id_cast_info", "Startup Cost": 0.0, "Total Cost": 1.01, "Plan Rows": 6, "Plan Width": 0, "Actual Min Startup Time": 5.397, "Actual Max Startup Time": 5.397, "Actual Min Total Time": 5.397, "Actual Max Total Time": 5.397, "Index Cond": "(movie_id = t.id)", "Actual Rows": 12564}], "Actual Rows": 268}], "Actual Rows": 268}, {"Node Type": "Bitmap Heap Scan", "Parent Relationship": "Inner", "Relation Name": "name", "Alias": "n", "Startup Cost": 0.31, "Total Cost": 4.32, "Plan Rows": 1, "Plan Width": 4, "Actual Min Startup Time": 2.722, "Actual Max Startup Time": 2.722, "Actual Min Total Time": 2.722, "Actual Max Total Time": 2.722, "Recheck Cond": "(id = ci.person_id)", "Rows Removed by Index Recheck": 0, "Filter": "((gender IS NOT NULL) AND ((gender)::text = 'f'::text))", "Rows Removed by Filter": 257, "Exact Heap Blocks": 268, "Lossy Heap Blocks": 268, "Plans": [{"Node Type": "Bitmap Index Scan", "Parent Relationship": "Outer", "Index Name": "name_pkey", "Startup Cost": 0.0, "Total Cost": 0.31, "Plan Rows": 1, "Plan Width": 0, "Actual Min Startup Time": 1.726, "Actual Max Startup Time": 1.726, "Actual Min Total Time": 1.726, "Actual Max Total Time": 1.726, "Index Cond": "(id = ci.person_id)", "Actual Rows": 268}], "Actual Rows": 11}], "Actual Rows": 11}], "Actual Rows": 1}, "Triggers": [], "Planner Runtime": 65.639, "Total Runtime": 826.211, "Unique SQL Id": 661781350}}, "(64, '35')": {"explain_plan": {"Plan": {"Node Type": "Aggregate", "Strategy": "Plain", "Startup Cost": 157109.69, "Total Cost": 157109.7, "Plan Rows": 1, "Plan Width": 160, "Plans": [{"Node Type": "Nested Loop", "Parent Relationship": "Outer", "Join Type": "Inner", "Startup Cost": 7439.53, "Total Cost": 157108.05, "Plan Rows": 219, "Plan Width": 64, "Inner Unique": true, "Plans": [{"Node Type": "Nested Loop", "Parent Relationship": "Outer", "Join Type": "Inner", "Startup Cost": 7439.22, "Total Cost": 155716.93, "Plan Rows": 321, "Plan Width": 68, "Inner Unique": false, "Plans": [{"Node Type": "Nested Loop", "Parent Relationship": "Outer", "Join Type": "Inner", "Startup Cost": 7438.22, "Total Cost": 154223.75, "Plan Rows": 291, "Plan Width": 76, "Inner Unique": false, "Join Filter": "(mi.info_type_id = it1.id)", "Plans": [{"Node Type": "Bitmap Heap Scan", "Parent Relationship": "Outer", "Relation Name": "info_type", "Alias": "it1", "Startup Cost": 8.81, "Total Cost": 14.21, "Plan Rows": 1, "Plan Width": 4, "Filter": "((info)::text = 'genres'::text)", "Plans": [{"Node Type": "Bitmap Index Scan", "Parent Relationship": "Outer", "Index Name": "info_type_pkey", "Startup Cost": 0.0, "Total Cost": 8.81, "Plan Rows": 112, "Plan Width": 0}]}, {"Node Type": "Nested Loop", "Parent Relationship": "Inner", "Join Type": "Inner", "Startup Cost": 7429.41, "Total Cost": 154037.63, "Plan Rows": 13753, "Plan Width": 80, "Inner Unique": false, "Plans": [{"Node Type": "Nested Loop", "Parent Relationship": "Outer", "Join Type": "Inner", "Startup Cost": 7428.83, "Total Cost": 83898.37, "Plan Rows": 15041, "Plan Width": 30, "Inner Unique": true, "Plans": [{"Node Type": "Nested Loop", "Parent Relationship": "Outer", "Join Type": "Inner", "Startup Cost": 7427.85, "Total Cost": 19211.73, "Plan Rows": 12936, "Plan Width": 9, "Inner Unique": false, "Plans": [{"Node Type": "Bitmap Heap Scan", "Parent Relationship": "Outer", "Relation Name": "info_type", "Alias": "it2", "Startup Cost": 8.81, "Total Cost": 14.21, "Plan Rows": 1, "Plan Width": 4, "Filter": "((info)::text = 'rating'::text)", "Plans": [{"Node Type": "Bitmap Index Scan", "Parent Relationship": "Outer", "Index Name": "info_type_pkey", "Startup Cost": 0.0, "Total Cost": 8.81, "Plan Rows": 112, "Plan Width": 0}]}, {"Node Type": "Bitmap Heap Scan", "Parent Relationship": "Inner", "Relation Name": "movie_info_idx", "Alias": "mi_idx", "Startup Cost": 7419.04, "Total Cost": 19068.16, "Plan Rows": 12936, "Plan Width": 13, "Recheck Cond": "(info_type_id = it2.id)", "Filter": "((info)::text > '8.0'::text)", "Plans": [{"Node Type": "Bitmap Index Scan", "Parent Relationship": "Outer", "Index Name": "info_type_id_movie_info_idx", "Startup Cost": 0.0, "Total Cost": 7415.81, "Plan Rows": 345008, "Plan Width": 0, "Index Cond": "(info_type_id = it2.id)"}]}]}, {"Node Type": "Bitmap Heap Scan", "Parent Relationship": "Inner", "Relation Name": "title", "Alias": "t", "Startup Cost": 0.97, "Total Cost": 4.99, "Plan Rows": 1, "Plan Width": 21, "Recheck Cond": "(id = mi_idx.movie_id)", "Filter": "((production_year >= 2008) AND (production_year <= 2014))", "Plans": [{"Node Type": "Bitmap Index Scan", "Parent Relationship": "Outer", "Index Name": "title_pkey", "Startup Cost": 0.0, "Total Cost": 0.97, "Plan Rows": 1, "Plan Width": 0, "Index Cond": "(id = mi_idx.movie_id)"}]}]}, {"Node Type": "Bitmap Heap Scan", "Parent Relationship": "Inner", "Relation Name": "movie_info", "Alias": "mi", "Startup Cost": 0.58, "Total Cost": 4.65, "Plan Rows": 1, "Plan Width": 50, "Recheck Cond": "(movie_id = t.id)", "Filter": "((note IS NULL) AND ((info)::text = ANY ('{Horror,Thriller}'::text[])))", "Plans": [{"Node Type": "Bitmap Index Scan", "Parent Relationship": "Outer", "Index Name": "movie_id_movie_info", "Startup Cost": 0.0, "Total Cost": 0.58, "Plan Rows": 5, "Plan Width": 0, "Index Cond": "(movie_id = t.id)"}]}]}]}, {"Node Type": "Bitmap Heap Scan", "Parent Relationship": "Inner", "Relation Name": "cast_info", "Alias": "ci", "Startup Cost": 1.01, "Total Cost": 5.12, "Plan Rows": 1, "Plan Width": 8, "Recheck Cond": "(movie_id = t.id)", "Filter": "((note)::text = ANY ('{(writer),\"(head writer)\",\"(written by)\",(story),\"(story editor)\"}'::text[]))", "Plans": [{"Node Type": "Bitmap Index Scan", "Parent Relationship": "Outer", "Index Name": "movie_id_cast_info", "Startup Cost": 0.0, "Total Cost": 1.01, "Plan Rows": 6, "Plan Width": 0, "Index Cond": "(movie_id = t.id)"}]}]}, {"Node Type": "Bitmap Heap Scan", "Parent Relationship": "Inner", "Relation Name": "name", "Alias": "n", "Startup Cost": 0.31, "Total Cost": 4.32, "Plan Rows": 1, "Plan Width": 4, "Recheck Cond": "(id = ci.person_id)", "Filter": "((gender IS NOT NULL) AND ((gender)::text = 'f'::text))", "Plans": [{"Node Type": "Bitmap Index Scan", "Parent Relationship": "Outer", "Index Name": "name_pkey", "Startup Cost": 0.0, "Total Cost": 0.31, "Plan Rows": 1, "Plan Width": 0, "Index Cond": "(id = ci.person_id)"}]}]}]}, "Unique SQL Id": 661781350, "Planner Runtime": 11}, "explain_analyze_plan": {"Plan": {"Node Type": "Aggregate", "Strategy": "Plain", "Startup Cost": 157109.69, "Total Cost": 157109.7, "Plan Rows": 1, "Plan Width": 160, "Actual Startup Time": 641.712, "Actual Total Time": 641.712, "Actual Rows": 1, "Actual Loops": 1, "Plans": [{"Node Type": "Nested Loop", "Parent Relationship": "Outer", "Join Type": "Inner", "Startup Cost": 7439.53, "Total Cost": 157108.05, "Plan Rows": 219, "Plan Width": 64, "Actual Startup Time": 369.881, "Actual Total Time": 641.653, "Actual Rows": 11, "Actual Loops": 1, "Inner Unique": true, "Plans": [{"Node Type": "Nested Loop", "Parent Relationship": "Outer", "Join Type": "Inner", "Startup Cost": 7439.22, "Total Cost": 155716.93, "Plan Rows": 321, "Plan Width": 68, "Actual Startup Time": 136.404, "Actual Total Time": 638.777, "Actual Rows": 268, "Actual Loops": 1, "Inner Unique": false, "Plans": [{"Node Type": "Nested Loop", "Parent Relationship": "Outer", "Join Type": "Inner", "Startup Cost": 7438.22, "Total Cost": 154223.75, "Plan Rows": 291, "Plan Width": 76, "Actual Startup Time": 62.071, "Actual Total Time": 601.341, "Actual Rows": 358, "Actual Loops": 1, "Inner Unique": false, "Join Filter": "(mi.info_type_id = it1.id)", "Rows Removed by Join Filter": 0, "Plans": [{"Node Type": "Bitmap Heap Scan", "Parent Relationship": "Outer", "Relation Name": "info_type", "Alias": "it1", "Startup Cost": 8.81, "Total Cost": 14.21, "Plan Rows": 1, "Plan Width": 4, "Actual Startup Time": 0.052, "Actual Total Time": 0.088, "Actual Rows": 1, "Actual Loops": 1, "Filter": "((info)::text = 'genres'::text)", "Rows Removed by Filter": 111, "Exact Heap Blocks": 1, "Lossy Heap Blocks": 1, "Plans": [{"Node Type": "Bitmap Index Scan", "Parent Relationship": "Outer", "Index Name": "info_type_pkey", "Startup Cost": 0.0, "Total Cost": 8.81, "Plan Rows": 112, "Plan Width": 0, "Actual Startup Time": 0.012, "Actual Total Time": 0.012, "Actual Rows": 112, "Actual Loops": 1}]}, {"Node Type": "Nested Loop", "Parent Relationship": "Inner", "Join Type": "Inner", "Startup Cost": 7429.41, "Total Cost": 154037.63, "Plan Rows": 13753, "Plan Width": 80, "Actual Startup Time": 62.009, "Actual Total Time": 600.951, "Actual Rows": 358, "Actual Loops": 1, "Inner Unique": false, "Plans": [{"Node Type": "Nested Loop", "Parent Relationship": "Outer", "Join Type": "Inner", "Startup Cost": 7428.83, "Total Cost": 83898.37, "Plan Rows": 15041, "Plan Width": 30, "Actual Startup Time": 54.142, "Actual Total Time": 420.438, "Actual Rows": 6152, "Actual Loops": 1, "Inner Unique": true, "Plans": [{"Node Type": "Nested Loop", "Parent Relationship": "Outer", "Join Type": "Inner", "Startup Cost": 7427.85, "Total Cost": 19211.73, "Plan Rows": 12936, "Plan Width": 9, "Actual Startup Time": 52.371, "Actual Total Time": 307.724, "Actual Rows": 15849, "Actual Loops": 1, "Inner Unique": false, "Plans": [{"Node Type": "Bitmap Heap Scan", "Parent Relationship": "Outer", "Relation Name": "info_type", "Alias": "it2", "Startup Cost": 8.81, "Total Cost": 14.21, "Plan Rows": 1, "Plan Width": 4, "Actual Startup Time": 0.051, "Actual Total Time": 0.06, "Actual Rows": 1, "Actual Loops": 1, "Filter": "((info)::text = 'rating'::text)", "Rows Removed by Filter": 111, "Exact Heap Blocks": 1, "Lossy Heap Blocks": 1, "Plans": [{"Node Type": "Bitmap Index Scan", "Parent Relationship": "Outer", "Index Name": "info_type_pkey", "Startup Cost": 0.0, "Total Cost": 8.81, "Plan Rows": 112, "Plan Width": 0, "Actual Startup Time": 0.008, "Actual Total Time": 0.008, "Actual Rows": 112, "Actual Loops": 1}]}, {"Node Type": "Bitmap Heap Scan", "Parent Relationship": "Inner", "Relation Name": "movie_info_idx", "Alias": "mi_idx", "Startup Cost": 7419.04, "Total Cost": 19068.16, "Plan Rows": 12936, "Plan Width": 13, "Actual Startup Time": 52.315, "Actual Total Time": 303.803, "Actual Rows": 15849, "Actual Loops": 1, "Recheck Cond": "(info_type_id = it2.id)", "Rows Removed by Index Recheck": 0, "Filter": "((info)::text > '8.0'::text)", "Rows Removed by Filter": 444076, "Exact Heap Blocks": 6472, "Lossy Heap Blocks": 6472, "Plans": [{"Node Type": "Bitmap Index Scan", "Parent Relationship": "Outer", "Index Name": "info_type_id_movie_info_idx", "Startup Cost": 0.0, "Total Cost": 7415.81, "Plan Rows": 345008, "Plan Width": 0, "Actual Startup Time": 51.054, "Actual Total Time": 51.054, "Actual Rows": 459925, "Actual Loops": 1, "Index Cond": "(info_type_id = it2.id)"}]}]}, {"Node Type": "Bitmap Heap Scan", "Parent Relationship": "Inner", "Relation Name": "title", "Alias": "t", "Startup Cost": 0.97, "Total Cost": 4.99, "Plan Rows": 1, "Plan Width": 21, "Actual Startup Time": 92.149, "Actual Total Time": 92.149, "Actual Rows": 6152, "Actual Loops": 15849, "Recheck Cond": "(id = mi_idx.movie_id)", "Rows Removed by Index Recheck": 0, "Filter": "((production_year >= 2008) AND (production_year <= 2014))", "Rows Removed by Filter": 9697, "Exact Heap Blocks": 15849, "Lossy Heap Blocks": 15849, "Plans": [{"Node Type": "Bitmap Index Scan", "Parent Relationship": "Outer", "Index Name": "title_pkey", "Startup Cost": 0.0, "Total Cost": 0.97, "Plan Rows": 1, "Plan Width": 0, "Actual Startup Time": 48.576, "Actual Total Time": 48.576, "Actual Rows": 15849, "Actual Loops": 15849, "Index Cond": "(id = mi_idx.movie_id)"}]}]}, {"Node Type": "Bitmap Heap Scan", "Parent Relationship": "Inner", "Relation Name": "movie_info", "Alias": "mi", "Startup Cost": 0.58, "Total Cost": 4.65, "Plan Rows": 1, "Plan Width": 50, "Actual Startup Time": 172.051, "Actual Total Time": 172.214, "Actual Rows": 358, "Actual Loops": 6152, "Recheck Cond": "(movie_id = t.id)", "Rows Removed by Index Recheck": 0, "Filter": "((note IS NULL) AND ((info)::text = ANY ('{Horror,Thriller}'::text[])))", "Rows Removed by Filter": 109599, "Exact Heap Blocks": 52726, "Lossy Heap Blocks": 52726, "Plans": [{"Node Type": "Bitmap Index Scan", "Parent Relationship": "Outer", "Index Name": "movie_id_movie_info", "Startup Cost": 0.0, "Total Cost": 0.58, "Plan Rows": 5, "Plan Width": 0, "Actual Startup Time": 40.994, "Actual Total Time": 40.994, "Actual Rows": 109957, "Actual Loops": 6152, "Index Cond": "(movie_id = t.id)"}]}]}]}, {"Node Type": "Bitmap Heap Scan", "Parent Relationship": "Inner", "Relation Name": "cast_info", "Alias": "ci", "Startup Cost": 1.01, "Total Cost": 5.12, "Plan Rows": 1, "Plan Width": 8, "Actual Startup Time": 29.533, "Actual Total Time": 36.492, "Actual Rows": 268, "Actual Loops": 358, "Recheck Cond": "(movie_id = t.id)", "Rows Removed by Index Recheck": 0, "Filter": "((note)::text = ANY ('{(writer),\"(head writer)\",\"(written by)\",(story),\"(story editor)\"}'::text[]))", "Rows Removed by Filter": 12296, "Exact Heap Blocks": 11454, "Lossy Heap Blocks": 11454, "Plans": [{"Node Type": "Bitmap Index Scan", "Parent Relationship": "Outer", "Index Name": "movie_id_cast_info", "Startup Cost": 0.0, "Total Cost": 1.01, "Plan Rows": 6, "Plan Width": 0, "Actual Startup Time": 5.133, "Actual Total Time": 5.133, "Actual Rows": 12564, "Actual Loops": 358, "Index Cond": "(movie_id = t.id)"}]}]}, {"Node Type": "Bitmap Heap Scan", "Parent Relationship": "Inner", "Relation Name": "name", "Alias": "n", "Startup Cost": 0.31, "Total Cost": 4.32, "Plan Rows": 1, "Plan Width": 4, "Actual Startup Time": 2.348, "Actual Total Time": 2.348, "Actual Rows": 11, "Actual Loops": 268, "Recheck Cond": "(id = ci.person_id)", "Rows Removed by Index Recheck": 0, "Filter": "((gender IS NOT NULL) AND ((gender)::text = 'f'::text))", "Rows Removed by Filter": 257, "Exact Heap Blocks": 268, "Lossy Heap Blocks": 268, "Plans": [{"Node Type": "Bitmap Index Scan", "Parent Relationship": "Outer", "Index Name": "name_pkey", "Startup Cost": 0.0, "Total Cost": 0.31, "Plan Rows": 1, "Plan Width": 0, "Actual Startup Time": 1.397, "Actual Total Time": 1.397, "Actual Rows": 268, "Actual Loops": 268, "Index Cond": "(id = ci.person_id)"}]}]}]}, "Triggers": [], "Planner Runtime": 23.242, "Total Runtime": 642.057, "Unique SQL Id": 661781350}}, "(64, '36')": {"explain_plan": {"Plan": {"Node Type": "Aggregate", "Strategy": "Plain", "Startup Cost": 72993.18, "Total Cost": 72993.19, "Plan Rows": 1, "Plan Width": 160, "Plans": [{"Node Type": "Nested Loop", "Parent Relationship": "Outer", "Join Type": "Inner", "Startup Cost": 0.0, "Total Cost": 72991.54, "Plan Rows": 219, "Plan Width": 64, "Inner Unique": true, "Plans": [{"Node Type": "Nested Loop", "Parent Relationship": "Outer", "Join Type": "Inner", "Startup Cost": 0.0, "Total Cost": 72830.55, "Plan Rows": 321, "Plan Width": 68, "Inner Unique": false, "Plans": [{"Node Type": "Nested Loop", "Parent Relationship": "Outer", "Join Type": "Inner", "Startup Cost": 0.0, "Total Cost": 72145.52, "Plan Rows": 291, "Plan Width": 76, "Inner Unique": true, "Plans": [{"Node Type": "Nested Loop", "Parent Relationship": "Outer", "Join Type": "Inner", "Startup Cost": 0.0, "Total Cost": 71432.31, "Plan Rows": 250, "Plan Width": 55, "Inner Unique": false, "Join Filter": "(mi_idx.info_type_id = it2.id)", "Plans": [{"Node Type": "Seq Scan", "Parent Relationship": "Outer", "Relation Name": "info_type", "Alias": "it2", "Startup Cost": 0.0, "Total Cost": 2.4, "Plan Rows": 1, "Plan Width": 4, "Filter": "((info)::text = 'rating'::text)"}, {"Node Type": "Nested Loop", "Parent Relationship": "Inner", "Join Type": "Inner", "Startup Cost": 0.0, "Total Cost": 71417.42, "Plan Rows": 999, "Plan Width": 59, "Inner Unique": false, "Plans": [{"Node Type": "Nested Loop", "Parent Relationship": "Outer", "Join Type": "Inner", "Startup Cost": 0.0, "Total Cost": 70475.56, "Plan Rows": 971, "Plan Width": 46, "Inner Unique": false, "Join Filter": "(it1.id = mi.info_type_id)", "Plans": [{"Node Type": "Seq Scan", "Parent Relationship": "Outer", "Relation Name": "info_type", "Alias": "it1", "Startup Cost": 0.0, "Total Cost": 2.4, "Plan Rows": 1, "Plan Width": 4, "Filter": "((info)::text = 'genres'::text)"}, {"Node Type": "Materialize", "Parent Relationship": "Inner", "Startup Cost": 0.0, "Total Cost": 69793.45, "Plan Rows": 67971, "Plan Width": 50, "Plans": [{"Node Type": "Streaming(type: LOCAL GATHER dop: 1/64)", "Parent Relationship": "Outer", "Startup Cost": 0.0, "Total Cost": 69623.52, "Plan Rows": 67971, "Plan Width": 50, "Plans": [{"Node Type": "Seq Scan", "Parent Relationship": "Outer", "Relation Name": "movie_info", "Alias": "mi", "Startup Cost": 0.0, "Total Cost": 68221.29, "Plan Rows": 67971, "Plan Width": 50, "Filter": "((note IS NULL) AND ((info)::text = ANY ('{Horror,Thriller}'::text[])))"}]}]}]}, {"Node Type": "Index Scan", "Parent Relationship": "Inner", "Scan Direction": "Forward", "Index Name": "movie_id_movie_info_idx", "Relation Name": "movie_info_idx", "Alias": "mi_idx", "Startup Cost": 0.0, "Total Cost": 0.96, "Plan Rows": 1, "Plan Width": 13, "Index Cond": "(movie_id = mi.movie_id)", "Filter": "((info)::text > '8.0'::text)"}]}]}, {"Node Type": "Index Scan", "Parent Relationship": "Inner", "Scan Direction": "Forward", "Index Name": "title_pkey", "Relation Name": "title", "Alias": "t", "Startup Cost": 0.0, "Total Cost": 2.84, "Plan Rows": 1, "Plan Width": 21, "Index Cond": "(id = mi.movie_id)", "Filter": "((production_year >= 2008) AND (production_year <= 2014))"}]}, {"Node Type": "Index Scan", "Parent Relationship": "Inner", "Scan Direction": "Forward", "Index Name": "movie_id_cast_info", "Relation Name": "cast_info", "Alias": "ci", "Startup Cost": 0.0, "Total Cost": 2.34, "Plan Rows": 1, "Plan Width": 8, "Index Cond": "(movie_id = t.id)", "Filter": "((note)::text = ANY ('{(writer),\"(head writer)\",\"(written by)\",(story),\"(story editor)\"}'::text[]))"}]}, {"Node Type": "Index Scan", "Parent Relationship": "Inner", "Scan Direction": "Forward", "Index Name": "name_pkey", "Relation Name": "name", "Alias": "n", "Startup Cost": 0.0, "Total Cost": 0.49, "Plan Rows": 1, "Plan Width": 4, "Index Cond": "(id = ci.person_id)", "Filter": "((gender IS NOT NULL) AND ((gender)::text = 'f'::text))"}]}]}, "Unique SQL Id": 661781350, "Planner Runtime": 34}, "explain_analyze_plan": {"Plan": {"Node Type": "Aggregate", "Strategy": "Plain", "Startup Cost": 72993.18, "Total Cost": 72993.19, "Plan Rows": 1, "Plan Width": 160, "Actual Min Startup Time": 744.744, "Actual Max Startup Time": 744.744, "Actual Min Total Time": 744.745, "Actual Max Total Time": 744.745, "Plans": [{"Node Type": "Nested Loop", "Parent Relationship": "Outer", "Join Type": "Inner", "Startup Cost": 0.0, "Total Cost": 72991.54, "Plan Rows": 219, "Plan Width": 64, "Actual Min Startup Time": 360.554, "Actual Max Startup Time": 360.554, "Actual Min Total Time": 744.685, "Actual Max Total Time": 744.685, "Inner Unique": true, "Plans": [{"Node Type": "Nested Loop", "Parent Relationship": "Outer", "Join Type": "Inner", "Startup Cost": 0.0, "Total Cost": 72830.55, "Plan Rows": 321, "Plan Width": 68, "Actual Min Startup Time": 349.305, "Actual Max Startup Time": 349.305, "Actual Min Total Time": 742.187, "Actual Max Total Time": 742.187, "Inner Unique": false, "Plans": [{"Node Type": "Nested Loop", "Parent Relationship": "Outer", "Join Type": "Inner", "Startup Cost": 0.0, "Total Cost": 72145.52, "Plan Rows": 291, "Plan Width": 76, "Actual Min Startup Time": 347.86, "Actual Max Startup Time": 347.86, "Actual Min Total Time": 710.007, "Actual Max Total Time": 710.007, "Inner Unique": true, "Plans": [{"Node Type": "Nested Loop", "Parent Relationship": "Outer", "Join Type": "Inner", "Startup Cost": 0.0, "Total Cost": 71432.31, "Plan Rows": 250, "Plan Width": 55, "Actual Min Startup Time": 347.833, "Actual Max Startup Time": 347.833, "Actual Min Total Time": 704.112, "Actual Max Total Time": 704.112, "Inner Unique": false, "Join Filter": "(mi_idx.info_type_id = it2.id)", "Rows Removed by Join Filter": 3403, "Plans": [{"Node Type": "Seq Scan", "Parent Relationship": "Outer", "Relation Name": "info_type", "Alias": "it2", "Startup Cost": 0.0, "Total Cost": 2.4, "Plan Rows": 1, "Plan Width": 4, "Actual Min Startup Time": 0.096, "Actual Max Startup Time": 0.096, "Actual Min Total Time": 0.108, "Actual Max Total Time": 0.108, "Filter": "((info)::text = 'rating'::text)", "Rows Removed by Filter": 111, "Actual Rows": 1}, {"Node Type": "Nested Loop", "Parent Relationship": "Inner", "Join Type": "Inner", "Startup Cost": 0.0, "Total Cost": 71417.42, "Plan Rows": 999, "Plan Width": 59, "Actual Min Startup Time": 347.719, "Actual Max Startup Time": 347.719, "Actual Min Total Time": 701.609, "Actual Max Total Time": 701.609, "Inner Unique": false, "Plans": [{"Node Type": "Nested Loop", "Parent Relationship": "Outer", "Join Type": "Inner", "Startup Cost": 0.0, "Total Cost": 70475.56, "Plan Rows": 971, "Plan Width": 46, "Actual Min Startup Time": 347.616, "Actual Max Startup Time": 347.616, "Actual Min Total Time": 386.749, "Actual Max Total Time": 386.749, "Inner Unique": false, "Join Filter": "(it1.id = mi.info_type_id)", "Rows Removed by Join Filter": 789, "Plans": [{"Node Type": "Seq Scan", "Parent Relationship": "Outer", "Relation Name": "info_type", "Alias": "it1", "Startup Cost": 0.0, "Total Cost": 2.4, "Plan Rows": 1, "Plan Width": 4, "Actual Min Startup Time": 0.046, "Actual Max Startup Time": 0.046, "Actual Min Total Time": 0.079, "Actual Max Total Time": 0.079, "Filter": "((info)::text = 'genres'::text)", "Rows Removed by Filter": 111, "Actual Rows": 1}, {"Node Type": "Materialize", "Parent Relationship": "Inner", "Startup Cost": 0.0, "Total Cost": 69793.45, "Plan Rows": 67971, "Plan Width": 50, "Actual Min Startup Time": 347.531, "Actual Max Startup Time": 347.531, "Actual Min Total Time": 357.593, "Actual Max Total Time": 357.593, "Plans": [{"Node Type": "Streaming(type: LOCAL GATHER dop: 1/64)", "Parent Relationship": "Outer", "Startup Cost": 0.0, "Total Cost": 69623.52, "Plan Rows": 67971, "Plan Width": 50, "Actual Min Startup Time": 182.821, "Actual Max Startup Time": 182.821, "Actual Min Total Time": 336.355, "Actual Max Total Time": 336.355, "Plans": [{"Node Type": "Seq Scan", "Parent Relationship": "Outer", "Relation Name": "movie_info", "Alias": "mi", "Startup Cost": 0.0, "Total Cost": 68221.29, "Plan Rows": 67971, "Plan Width": 50, "Actual Min Startup Time": 53.746, "Actual Max Startup Time": 120.053, "Actual Min Total Time": 96.673, "Actual Max Total Time": 129.021, "Filter": "((note IS NULL) AND ((info)::text = ANY ('{Horror,Thriller}'::text[])))", "Rows Removed by Filter": 14762672, "Actual Rows": 73047}], "Actual Rows": 73047}], "Actual Rows": 73048}], "Actual Rows": 72258}, {"Node Type": "Index Scan", "Parent Relationship": "Inner", "Scan Direction": "Forward", "Index Name": "movie_id_movie_info_idx", "Relation Name": "movie_info_idx", "Alias": "mi_idx", "Startup Cost": 0.0, "Total Cost": 0.96, "Plan Rows": 1, "Plan Width": 13, "Actual Min Startup Time": 276.39, "Actual Max Startup Time": 276.39, "Actual Min Total Time": 279.918, "Actual Max Total Time": 279.918, "Index Cond": "(movie_id = mi.movie_id)", "Rows Removed by Index Recheck": 0, "Filter": "((info)::text > '8.0'::text)", "Rows Removed by Filter": 113143, "Actual Rows": 4135}], "Actual Rows": 4135}], "Actual Rows": 732}, {"Node Type": "Index Scan", "Parent Relationship": "Inner", "Scan Direction": "Forward", "Index Name": "title_pkey", "Relation Name": "title", "Alias": "t", "Startup Cost": 0.0, "Total Cost": 2.84, "Plan Rows": 1, "Plan Width": 21, "Actual Min Startup Time": 5.3, "Actual Max Startup Time": 5.3, "Actual Min Total Time": 5.3, "Actual Max Total Time": 5.3, "Index Cond": "(id = mi.movie_id)", "Rows Removed by Index Recheck": 0, "Filter": "((production_year >= 2008) AND (production_year <= 2014))", "Rows Removed by Filter": 374, "Actual Rows": 358}], "Actual Rows": 358}, {"Node Type": "Index Scan", "Parent Relationship": "Inner", "Scan Direction": "Forward", "Index Name": "movie_id_cast_info", "Relation Name": "cast_info", "Alias": "ci", "Startup Cost": 0.0, "Total Cost": 2.34, "Plan Rows": 1, "Plan Width": 8, "Actual Min Startup Time": 25.141, "Actual Max Startup Time": 25.141, "Actual Min Total Time": 31.897, "Actual Max Total Time": 31.897, "Index Cond": "(movie_id = t.id)", "Rows Removed by Index Recheck": 0, "Filter": "((note)::text = ANY ('{(writer),\"(head writer)\",\"(written by)\",(story),\"(story editor)\"}'::text[]))", "Rows Removed by Filter": 12296, "Actual Rows": 268}], "Actual Rows": 268}, {"Node Type": "Index Scan", "Parent Relationship": "Inner", "Scan Direction": "Forward", "Index Name": "name_pkey", "Relation Name": "name", "Alias": "n", "Startup Cost": 0.0, "Total Cost": 0.49, "Plan Rows": 1, "Plan Width": 4, "Actual Min Startup Time": 2.298, "Actual Max Startup Time": 2.298, "Actual Min Total Time": 2.298, "Actual Max Total Time": 2.298, "Index Cond": "(id = ci.person_id)", "Rows Removed by Index Recheck": 0, "Filter": "((gender IS NOT NULL) AND ((gender)::text = 'f'::text))", "Rows Removed by Filter": 257, "Actual Rows": 11}], "Actual Rows": 11}], "Actual Rows": 1}, "Triggers": [], "Planner Runtime": 47.81, "Total Runtime": 757.105, "Unique SQL Id": 661781350}}, "(64, '37')": {"explain_plan": {"Plan": {"Node Type": "Aggregate", "Strategy": "Plain", "Startup Cost": 84230.9, "Total Cost": 84230.91, "Plan Rows": 1, "Plan Width": 160, "Plans": [{"Node Type": "Nested Loop", "Parent Relationship": "Outer", "Join Type": "Inner", "Startup Cost": 7419.04, "Total Cost": 84229.26, "Plan Rows": 219, "Plan Width": 64, "Inner Unique": true, "Plans": [{"Node Type": "Nested Loop", "Parent Relationship": "Outer", "Join Type": "Inner", "Startup Cost": 7419.04, "Total Cost": 84068.27, "Plan Rows": 321, "Plan Width": 68, "Inner Unique": false, "Plans": [{"Node Type": "Nested Loop", "Parent Relationship": "Outer", "Join Type": "Inner", "Startup Cost": 7419.04, "Total Cost": 83383.24, "Plan Rows": 291, "Plan Width": 76, "Inner Unique": false, "Join Filter": "(mi.info_type_id = it1.id)", "Plans": [{"Node Type": "Index Scan", "Parent Relationship": "Outer", "Scan Direction": "Forward", "Index Name": "info_type_pkey", "Relation Name": "info_type", "Alias": "it1", "Startup Cost": 0.0, "Total Cost": 14.21, "Plan Rows": 1, "Plan Width": 4, "Filter": "((info)::text = 'genres'::text)"}, {"Node Type": "Nested Loop", "Parent Relationship": "Inner", "Join Type": "Inner", "Startup Cost": 7419.04, "Total Cost": 83197.12, "Plan Rows": 13753, "Plan Width": 80, "Inner Unique": false, "Plans": [{"Node Type": "Nested Loop", "Parent Relationship": "Outer", "Join Type": "Inner", "Startup Cost": 7419.04, "Total Cost": 61824.99, "Plan Rows": 15041, "Plan Width": 30, "Inner Unique": true, "Plans": [{"Node Type": "Nested Loop", "Parent Relationship": "Outer", "Join Type": "Inner", "Startup Cost": 7419.04, "Total Cost": 19211.73, "Plan Rows": 12936, "Plan Width": 9, "Inner Unique": false, "Plans": [{"Node Type": "Index Scan", "Parent Relationship": "Outer", "Scan Direction": "Forward", "Index Name": "info_type_pkey", "Relation Name": "info_type", "Alias": "it2", "Startup Cost": 0.0, "Total Cost": 14.21, "Plan Rows": 1, "Plan Width": 4, "Filter": "((info)::text = 'rating'::text)"}, {"Node Type": "Bitmap Heap Scan", "Parent Relationship": "Inner", "Relation Name": "movie_info_idx", "Alias": "mi_idx", "Startup Cost": 7419.04, "Total Cost": 19068.16, "Plan Rows": 12936, "Plan Width": 13, "Recheck Cond": "(info_type_id = it2.id)", "Filter": "((info)::text > '8.0'::text)", "Plans": [{"Node Type": "Bitmap Index Scan", "Parent Relationship": "Outer", "Index Name": "info_type_id_movie_info_idx", "Startup Cost": 0.0, "Total Cost": 7415.81, "Plan Rows": 345008, "Plan Width": 0, "Index Cond": "(info_type_id = it2.id)"}]}]}, {"Node Type": "Index Scan", "Parent Relationship": "Inner", "Scan Direction": "Forward", "Index Name": "title_pkey", "Relation Name": "title", "Alias": "t", "Startup Cost": 0.0, "Total Cost": 3.28, "Plan Rows": 1, "Plan Width": 21, "Index Cond": "(id = mi_idx.movie_id)", "Filter": "((production_year >= 2008) AND (production_year <= 2014))"}]}, {"Node Type": "Index Scan", "Parent Relationship": "Inner", "Scan Direction": "Forward", "Index Name": "movie_id_movie_info", "Relation Name": "movie_info", "Alias": "mi", "Startup Cost": 0.0, "Total Cost": 1.41, "Plan Rows": 1, "Plan Width": 50, "Index Cond": "(movie_id = t.id)", "Filter": "((note IS NULL) AND ((info)::text = ANY ('{Horror,Thriller}'::text[])))"}]}]}, {"Node Type": "Index Scan", "Parent Relationship": "Inner", "Scan Direction": "Forward", "Index Name": "movie_id_cast_info", "Relation Name": "cast_info", "Alias": "ci", "Startup Cost": 0.0, "Total Cost": 2.34, "Plan Rows": 1, "Plan Width": 8, "Index Cond": "(movie_id = t.id)", "Filter": "((note)::text = ANY ('{(writer),\"(head writer)\",\"(written by)\",(story),\"(story editor)\"}'::text[]))"}]}, {"Node Type": "Index Scan", "Parent Relationship": "Inner", "Scan Direction": "Forward", "Index Name": "name_pkey", "Relation Name": "name", "Alias": "n", "Startup Cost": 0.0, "Total Cost": 0.49, "Plan Rows": 1, "Plan Width": 4, "Index Cond": "(id = ci.person_id)", "Filter": "((gender IS NOT NULL) AND ((gender)::text = 'f'::text))"}]}]}, "Unique SQL Id": 661781350, "Planner Runtime": 12}, "explain_analyze_plan": {"Plan": {"Node Type": "Aggregate", "Strategy": "Plain", "Startup Cost": 84230.9, "Total Cost": 84230.91, "Plan Rows": 1, "Plan Width": 160, "Actual Startup Time": 677.344, "Actual Total Time": 677.345, "Actual Rows": 1, "Actual Loops": 1, "Plans": [{"Node Type": "Nested Loop", "Parent Relationship": "Outer", "Join Type": "Inner", "Startup Cost": 7419.04, "Total Cost": 84229.26, "Plan Rows": 219, "Plan Width": 64, "Actual Startup Time": 358.103, "Actual Total Time": 677.277, "Actual Rows": 11, "Actual Loops": 1, "Inner Unique": true, "Plans": [{"Node Type": "Nested Loop", "Parent Relationship": "Outer", "Join Type": "Inner", "Startup Cost": 7419.04, "Total Cost": 84068.27, "Plan Rows": 321, "Plan Width": 68, "Actual Startup Time": 122.374, "Actual Total Time": 674.358, "Actual Rows": 268, "Actual Loops": 1, "Inner Unique": false, "Plans": [{"Node Type": "Nested Loop", "Parent Relationship": "Outer", "Join Type": "Inner", "Startup Cost": 7419.04, "Total Cost": 83383.24, "Plan Rows": 291, "Plan Width": 76, "Actual Startup Time": 60.014, "Actual Total Time": 639.461, "Actual Rows": 358, "Actual Loops": 1, "Inner Unique": false, "Join Filter": "(mi.info_type_id = it1.id)", "Rows Removed by Join Filter": 0, "Plans": [{"Node Type": "Index Scan", "Parent Relationship": "Outer", "Scan Direction": "Forward", "Index Name": "info_type_pkey", "Relation Name": "info_type", "Alias": "it1", "Startup Cost": 0.0, "Total Cost": 14.21, "Plan Rows": 1, "Plan Width": 4, "Actual Startup Time": 0.023, "Actual Total Time": 0.078, "Actual Rows": 1, "Actual Loops": 1, "Filter": "((info)::text = 'genres'::text)", "Rows Removed by Filter": 111}, {"Node Type": "Nested Loop", "Parent Relationship": "Inner", "Join Type": "Inner", "Startup Cost": 7419.04, "Total Cost": 83197.12, "Plan Rows": 13753, "Plan Width": 80, "Actual Startup Time": 59.983, "Actual Total Time": 639.116, "Actual Rows": 358, "Actual Loops": 1, "Inner Unique": false, "Plans": [{"Node Type": "Nested Loop", "Parent Relationship": "Outer", "Join Type": "Inner", "Startup Cost": 7419.04, "Total Cost": 61824.99, "Plan Rows": 15041, "Plan Width": 30, "Actual Startup Time": 53.217, "Actual Total Time": 450.165, "Actual Rows": 6152, "Actual Loops": 1, "Inner Unique": true, "Plans": [{"Node Type": "Nested Loop", "Parent Relationship": "Outer", "Join Type": "Inner", "Startup Cost": 7419.04, "Total Cost": 19211.73, "Plan Rows": 12936, "Plan Width": 9, "Actual Startup Time": 51.722, "Actual Total Time": 355.277, "Actual Rows": 15849, "Actual Loops": 1, "Inner Unique": false, "Plans": [{"Node Type": "Index Scan", "Parent Relationship": "Outer", "Scan Direction": "Forward", "Index Name": "info_type_pkey", "Relation Name": "info_type", "Alias": "it2", "Startup Cost": 0.0, "Total Cost": 14.21, "Plan Rows": 1, "Plan Width": 4, "Actual Startup Time": 0.05, "Actual Total Time": 0.06, "Actual Rows": 1, "Actual Loops": 1, "Filter": "((info)::text = 'rating'::text)", "Rows Removed by Filter": 111}, {"Node Type": "Bitmap Heap Scan", "Parent Relationship": "Inner", "Relation Name": "movie_info_idx", "Alias": "mi_idx", "Startup Cost": 7419.04, "Total Cost": 19068.16, "Plan Rows": 12936, "Plan Width": 13, "Actual Startup Time": 51.666, "Actual Total Time": 351.606, "Actual Rows": 15849, "Actual Loops": 1, "Recheck Cond": "(info_type_id = it2.id)", "Rows Removed by Index Recheck": 0, "Filter": "((info)::text > '8.0'::text)", "Rows Removed by Filter": 444076, "Exact Heap Blocks": 6472, "Lossy Heap Blocks": 6472, "Plans": [{"Node Type": "Bitmap Index Scan", "Parent Relationship": "Outer", "Index Name": "info_type_id_movie_info_idx", "Startup Cost": 0.0, "Total Cost": 7415.81, "Plan Rows": 345008, "Plan Width": 0, "Actual Startup Time": 50.423, "Actual Total Time": 50.423, "Actual Rows": 459925, "Actual Loops": 1, "Index Cond": "(info_type_id = it2.id)"}]}]}, {"Node Type": "Index Scan", "Parent Relationship": "Inner", "Scan Direction": "Forward", "Index Name": "title_pkey", "Relation Name": "title", "Alias": "t", "Startup Cost": 0.0, "Total Cost": 3.28, "Plan Rows": 1, "Plan Width": 21, "Actual Startup Time": 84.58, "Actual Total Time": 84.58, "Actual Rows": 6152, "Actual Loops": 15849, "Index Cond": "(id = mi_idx.movie_id)", "Rows Removed by Index Recheck": 0, "Filter": "((production_year >= 2008) AND (production_year <= 2014))", "Rows Removed by Filter": 9697}]}, {"Node Type": "Index Scan", "Parent Relationship": "Inner", "Scan Direction": "Forward", "Index Name": "movie_id_movie_info", "Relation Name": "movie_info", "Alias": "mi", "Startup Cost": 0.0, "Total Cost": 1.41, "Plan Rows": 1, "Plan Width": 50, "Actual Startup Time": 185.159, "Actual Total Time": 185.486, "Actual Rows": 358, "Actual Loops": 6152, "Index Cond": "(movie_id = t.id)", "Rows Removed by Index Recheck": 0, "Filter": "((note IS NULL) AND ((info)::text = ANY ('{Horror,Thriller}'::text[])))", "Rows Removed by Filter": 109599}]}]}, {"Node Type": "Index Scan", "Parent Relationship": "Inner", "Scan Direction": "Forward", "Index Name": "movie_id_cast_info", "Relation Name": "cast_info", "Alias": "ci", "Startup Cost": 0.0, "Total Cost": 2.34, "Plan Rows": 1, "Plan Width": 8, "Actual Startup Time": 27.099, "Actual Total Time": 34.483, "Actual Rows": 268, "Actual Loops": 358, "Index Cond": "(movie_id = t.id)", "Rows Removed by Index Recheck": 0, "Filter": "((note)::text = ANY ('{(writer),\"(head writer)\",\"(written by)\",(story),\"(story editor)\"}'::text[]))", "Rows Removed by Filter": 12296}]}, {"Node Type": "Index Scan", "Parent Relationship": "Inner", "Scan Direction": "Forward", "Index Name": "name_pkey", "Relation Name": "name", "Alias": "n", "Startup Cost": 0.0, "Total Cost": 0.49, "Plan Rows": 1, "Plan Width": 4, "Actual Startup Time": 2.683, "Actual Total Time": 2.683, "Actual Rows": 11, "Actual Loops": 268, "Index Cond": "(id = ci.person_id)", "Rows Removed by Index Recheck": 0, "Filter": "((gender IS NOT NULL) AND ((gender)::text = 'f'::text))", "Rows Removed by Filter": 257}]}]}, "Triggers": [], "Planner Runtime": 24.054, "Total Runtime": 677.738, "Unique SQL Id": 661781350}}, "(64, '38')": {"explain_plan": {"Plan": {"Node Type": "Aggregate", "Strategy": "Plain", "Startup Cost": 79040.0, "Total Cost": 79040.01, "Plan Rows": 1, "Plan Width": 160, "Plans": [{"Node Type": "Nested Loop", "Parent Relationship": "Outer", "Join Type": "Inner", "Startup Cost": 2.67, "Total Cost": 79038.35, "Plan Rows": 219, "Plan Width": 64, "Inner Unique": true, "Plans": [{"Node Type": "Nested Loop", "Parent Relationship": "Outer", "Join Type": "Inner", "Startup Cost": 2.36, "Total Cost": 77647.24, "Plan Rows": 321, "Plan Width": 68, "Inner Unique": false, "Plans": [{"Node Type": "Nested Loop", "Parent Relationship": "Outer", "Join Type": "Inner", "Startup Cost": 1.35, "Total Cost": 76154.06, "Plan Rows": 291, "Plan Width": 76, "Inner Unique": true, "Plans": [{"Node Type": "Nested Loop", "Parent Relationship": "Outer", "Join Type": "Inner", "Startup Cost": 0.55, "Total Cost": 74946.61, "Plan Rows": 250, "Plan Width": 55, "Inner Unique": false, "Join Filter": "(mi_idx.info_type_id = it2.id)", "Plans": [{"Node Type": "Seq Scan", "Parent Relationship": "Outer", "Relation Name": "info_type", "Alias": "it2", "Startup Cost": 0.0, "Total Cost": 2.4, "Plan Rows": 1, "Plan Width": 4, "Filter": "((info)::text = 'rating'::text)"}, {"Node Type": "Nested Loop", "Parent Relationship": "Inner", "Join Type": "Inner", "Startup Cost": 0.55, "Total Cost": 74931.73, "Plan Rows": 999, "Plan Width": 59, "Inner Unique": false, "Plans": [{"Node Type": "Nested Loop", "Parent Relationship": "Outer", "Join Type": "Inner", "Startup Cost": 0.0, "Total Cost": 70475.56, "Plan Rows": 971, "Plan Width": 46, "Inner Unique": false, "Join Filter": "(it1.id = mi.info_type_id)", "Plans": [{"Node Type": "Seq Scan", "Parent Relationship": "Outer", "Relation Name": "info_type", "Alias": "it1", "Startup Cost": 0.0, "Total Cost": 2.4, "Plan Rows": 1, "Plan Width": 4, "Filter": "((info)::text = 'genres'::text)"}, {"Node Type": "Materialize", "Parent Relationship": "Inner", "Startup Cost": 0.0, "Total Cost": 69793.45, "Plan Rows": 67971, "Plan Width": 50, "Plans": [{"Node Type": "Streaming(type: LOCAL GATHER dop: 1/64)", "Parent Relationship": "Outer", "Startup Cost": 0.0, "Total Cost": 69623.52, "Plan Rows": 67971, "Plan Width": 50, "Plans": [{"Node Type": "Seq Scan", "Parent Relationship": "Outer", "Relation Name": "movie_info", "Alias": "mi", "Startup Cost": 0.0, "Total Cost": 68221.29, "Plan Rows": 67971, "Plan Width": 50, "Filter": "((note IS NULL) AND ((info)::text = ANY ('{Horror,Thriller}'::text[])))"}]}]}]}, {"Node Type": "Bitmap Heap Scan", "Parent Relationship": "Inner", "Relation Name": "movie_info_idx", "Alias": "mi_idx", "Startup Cost": 0.55, "Total Cost": 4.58, "Plan Rows": 1, "Plan Width": 13, "Recheck Cond": "(movie_id = mi.movie_id)", "Filter": "((info)::text > '8.0'::text)", "Plans": [{"Node Type": "Bitmap Index Scan", "Parent Relationship": "Outer", "Index Name": "movie_id_movie_info_idx", "Startup Cost": 0.0, "Total Cost": 0.55, "Plan Rows": 2, "Plan Width": 0, "Index Cond": "(movie_id = mi.movie_id)"}]}]}]}, {"Node Type": "Bitmap Heap Scan", "Parent Relationship": "Inner", "Relation Name": "title", "Alias": "t", "Startup Cost": 0.8, "Total Cost": 4.82, "Plan Rows": 1, "Plan Width": 21, "Recheck Cond": "(id = mi.movie_id)", "Filter": "((production_year >= 2008) AND (production_year <= 2014))", "Plans": [{"Node Type": "Bitmap Index Scan", "Parent Relationship": "Outer", "Index Name": "title_pkey", "Startup Cost": 0.0, "Total Cost": 0.8, "Plan Rows": 1, "Plan Width": 0, "Index Cond": "(id = mi.movie_id)"}]}]}, {"Node Type": "Bitmap Heap Scan", "Parent Relationship": "Inner", "Relation Name": "cast_info", "Alias": "ci", "Startup Cost": 1.01, "Total Cost": 5.12, "Plan Rows": 1, "Plan Width": 8, "Recheck Cond": "(movie_id = t.id)", "Filter": "((note)::text = ANY ('{(writer),\"(head writer)\",\"(written by)\",(story),\"(story editor)\"}'::text[]))", "Plans": [{"Node Type": "Bitmap Index Scan", "Parent Relationship": "Outer", "Index Name": "movie_id_cast_info", "Startup Cost": 0.0, "Total Cost": 1.01, "Plan Rows": 6, "Plan Width": 0, "Index Cond": "(movie_id = t.id)"}]}]}, {"Node Type": "Bitmap Heap Scan", "Parent Relationship": "Inner", "Relation Name": "name", "Alias": "n", "Startup Cost": 0.31, "Total Cost": 4.32, "Plan Rows": 1, "Plan Width": 4, "Recheck Cond": "(id = ci.person_id)", "Filter": "((gender IS NOT NULL) AND ((gender)::text = 'f'::text))", "Plans": [{"Node Type": "Bitmap Index Scan", "Parent Relationship": "Outer", "Index Name": "name_pkey", "Startup Cost": 0.0, "Total Cost": 0.31, "Plan Rows": 1, "Plan Width": 0, "Index Cond": "(id = ci.person_id)"}]}]}]}, "Unique SQL Id": 661781350, "Planner Runtime": 53}, "explain_analyze_plan": {"Plan": {"Node Type": "Aggregate", "Strategy": "Plain", "Startup Cost": 79040.0, "Total Cost": 79040.01, "Plan Rows": 1, "Plan Width": 160, "Actual Min Startup Time": 812.811, "Actual Max Startup Time": 812.811, "Actual Min Total Time": 812.811, "Actual Max Total Time": 812.811, "Plans": [{"Node Type": "Nested Loop", "Parent Relationship": "Outer", "Join Type": "Inner", "Startup Cost": 2.67, "Total Cost": 79038.35, "Plan Rows": 219, "Plan Width": 64, "Actual Min Startup Time": 388.712, "Actual Max Startup Time": 388.712, "Actual Min Total Time": 812.752, "Actual Max Total Time": 812.752, "Inner Unique": true, "Plans": [{"Node Type": "Nested Loop", "Parent Relationship": "Outer", "Join Type": "Inner", "Startup Cost": 2.36, "Total Cost": 77647.24, "Plan Rows": 321, "Plan Width": 68, "Actual Min Startup Time": 307.647, "Actual Max Startup Time": 307.647, "Actual Min Total Time": 809.564, "Actual Max Total Time": 809.564, "Inner Unique": false, "Plans": [{"Node Type": "Nested Loop", "Parent Relationship": "Outer", "Join Type": "Inner", "Startup Cost": 1.35, "Total Cost": 76154.06, "Plan Rows": 291, "Plan Width": 76, "Actual Min Startup Time": 307.553, "Actual Max Startup Time": 307.553, "Actual Min Total Time": 770.697, "Actual Max Total Time": 770.697, "Inner Unique": true, "Plans": [{"Node Type": "Nested Loop", "Parent Relationship": "Outer", "Join Type": "Inner", "Startup Cost": 0.55, "Total Cost": 74946.61, "Plan Rows": 250, "Plan Width": 55, "Actual Min Startup Time": 307.523, "Actual Max Startup Time": 307.523, "Actual Min Total Time": 762.726, "Actual Max Total Time": 762.726, "Inner Unique": false, "Join Filter": "(mi_idx.info_type_id = it2.id)", "Rows Removed by Join Filter": 3403, "Plans": [{"Node Type": "Seq Scan", "Parent Relationship": "Outer", "Relation Name": "info_type", "Alias": "it2", "Startup Cost": 0.0, "Total Cost": 2.4, "Plan Rows": 1, "Plan Width": 4, "Actual Min Startup Time": 0.098, "Actual Max Startup Time": 0.098, "Actual Min Total Time": 0.118, "Actual Max Total Time": 0.118, "Filter": "((info)::text = 'rating'::text)", "Rows Removed by Filter": 111, "Actual Rows": 1}, {"Node Type": "Nested Loop", "Parent Relationship": "Inner", "Join Type": "Inner", "Startup Cost": 0.55, "Total Cost": 74931.73, "Plan Rows": 999, "Plan Width": 59, "Actual Min Startup Time": 306.981, "Actual Max Startup Time": 306.981, "Actual Min Total Time": 759.629, "Actual Max Total Time": 759.629, "Inner Unique": false, "Plans": [{"Node Type": "Nested Loop", "Parent Relationship": "Outer", "Join Type": "Inner", "Startup Cost": 0.0, "Total Cost": 70475.56, "Plan Rows": 971, "Plan Width": 46, "Actual Min Startup Time": 306.629, "Actual Max Startup Time": 306.629, "Actual Min Total Time": 349.143, "Actual Max Total Time": 349.143, "Inner Unique": false, "Join Filter": "(it1.id = mi.info_type_id)", "Rows Removed by Join Filter": 789, "Plans": [{"Node Type": "Seq Scan", "Parent Relationship": "Outer", "Relation Name": "info_type", "Alias": "it1", "Startup Cost": 0.0, "Total Cost": 2.4, "Plan Rows": 1, "Plan Width": 4, "Actual Min Startup Time": 0.057, "Actual Max Startup Time": 0.057, "Actual Min Total Time": 0.104, "Actual Max Total Time": 0.104, "Filter": "((info)::text = 'genres'::text)", "Rows Removed by Filter": 111, "Actual Rows": 1}, {"Node Type": "Materialize", "Parent Relationship": "Inner", "Startup Cost": 0.0, "Total Cost": 69793.45, "Plan Rows": 67971, "Plan Width": 50, "Actual Min Startup Time": 306.535, "Actual Max Startup Time": 306.535, "Actual Min Total Time": 317.705, "Actual Max Total Time": 317.705, "Plans": [{"Node Type": "Streaming(type: LOCAL GATHER dop: 1/64)", "Parent Relationship": "Outer", "Startup Cost": 0.0, "Total Cost": 69623.52, "Plan Rows": 67971, "Plan Width": 50, "Actual Min Startup Time": 155.585, "Actual Max Startup Time": 155.585, "Actual Min Total Time": 295.065, "Actual Max Total Time": 295.065, "Plans": [{"Node Type": "Seq Scan", "Parent Relationship": "Outer", "Relation Name": "movie_info", "Alias": "mi", "Startup Cost": 0.0, "Total Cost": 68221.29, "Plan Rows": 67971, "Plan Width": 50, "Actual Min Startup Time": 54.273, "Actual Max Startup Time": 100.083, "Actual Min Total Time": 93.948, "Actual Max Total Time": 115.419, "Filter": "((note IS NULL) AND ((info)::text = ANY ('{Horror,Thriller}'::text[])))", "Rows Removed by Filter": 14762672, "Actual Rows": 73047}], "Actual Rows": 73047}], "Actual Rows": 73048}], "Actual Rows": 72258}, {"Node Type": "Bitmap Heap Scan", "Parent Relationship": "Inner", "Relation Name": "movie_info_idx", "Alias": "mi_idx", "Startup Cost": 0.55, "Total Cost": 4.58, "Plan Rows": 1, "Plan Width": 13, "Actual Min Startup Time": 329.234, "Actual Max Startup Time": 329.234, "Actual Min Total Time": 331.022, "Actual Max Total Time": 331.022, "Recheck Cond": "(movie_id = mi.movie_id)", "Rows Removed by Index Recheck": 0, "Filter": "((info)::text > '8.0'::text)", "Rows Removed by Filter": 113143, "Exact Heap Blocks": 39507, "Lossy Heap Blocks": 39507, "Plans": [{"Node Type": "Bitmap Index Scan", "Parent Relationship": "Outer", "Index Name": "movie_id_movie_info_idx", "Startup Cost": 0.0, "Total Cost": 0.55, "Plan Rows": 2, "Plan Width": 0, "Actual Min Startup Time": 192.42, "Actual Max Startup Time": 192.42, "Actual Min Total Time": 192.42, "Actual Max Total Time": 192.42, "Index Cond": "(movie_id = mi.movie_id)", "Actual Rows": 117278}], "Actual Rows": 4135}], "Actual Rows": 4135}], "Actual Rows": 732}, {"Node Type": "Bitmap Heap Scan", "Parent Relationship": "Inner", "Relation Name": "title", "Alias": "t", "Startup Cost": 0.8, "Total Cost": 4.82, "Plan Rows": 1, "Plan Width": 21, "Actual Min Startup Time": 6.373, "Actual Max Startup Time": 6.373, "Actual Min Total Time": 6.373, "Actual Max Total Time": 6.373, "Recheck Cond": "(id = mi.movie_id)", "Rows Removed by Index Recheck": 0, "Filter": "((production_year >= 2008) AND (production_year <= 2014))", "Rows Removed by Filter": 374, "Exact Heap Blocks": 732, "Lossy Heap Blocks": 732, "Plans": [{"Node Type": "Bitmap Index Scan", "Parent Relationship": "Outer", "Index Name": "title_pkey", "Startup Cost": 0.0, "Total Cost": 0.8, "Plan Rows": 1, "Plan Width": 0, "Actual Min Startup Time": 3.652, "Actual Max Startup Time": 3.652, "Actual Min Total Time": 3.652, "Actual Max Total Time": 3.652, "Index Cond": "(id = mi.movie_id)", "Actual Rows": 732}], "Actual Rows": 358}], "Actual Rows": 358}, {"Node Type": "Bitmap Heap Scan", "Parent Relationship": "Inner", "Relation Name": "cast_info", "Alias": "ci", "Startup Cost": 1.01, "Total Cost": 5.12, "Plan Rows": 1, "Plan Width": 8, "Actual Min Startup Time": 30.892, "Actual Max Startup Time": 30.892, "Actual Min Total Time": 38.081, "Actual Max Total Time": 38.081, "Recheck Cond": "(movie_id = t.id)", "Rows Removed by Index Recheck": 0, "Filter": "((note)::text = ANY ('{(writer),\"(head writer)\",\"(written by)\",(story),\"(story editor)\"}'::text[]))", "Rows Removed by Filter": 12296, "Exact Heap Blocks": 11454, "Lossy Heap Blocks": 11454, "Plans": [{"Node Type": "Bitmap Index Scan", "Parent Relationship": "Outer", "Index Name": "movie_id_cast_info", "Startup Cost": 0.0, "Total Cost": 1.01, "Plan Rows": 6, "Plan Width": 0, "Actual Min Startup Time": 5.397, "Actual Max Startup Time": 5.397, "Actual Min Total Time": 5.397, "Actual Max Total Time": 5.397, "Index Cond": "(movie_id = t.id)", "Actual Rows": 12564}], "Actual Rows": 268}], "Actual Rows": 268}, {"Node Type": "Bitmap Heap Scan", "Parent Relationship": "Inner", "Relation Name": "name", "Alias": "n", "Startup Cost": 0.31, "Total Cost": 4.32, "Plan Rows": 1, "Plan Width": 4, "Actual Min Startup Time": 2.722, "Actual Max Startup Time": 2.722, "Actual Min Total Time": 2.722, "Actual Max Total Time": 2.722, "Recheck Cond": "(id = ci.person_id)", "Rows Removed by Index Recheck": 0, "Filter": "((gender IS NOT NULL) AND ((gender)::text = 'f'::text))", "Rows Removed by Filter": 257, "Exact Heap Blocks": 268, "Lossy Heap Blocks": 268, "Plans": [{"Node Type": "Bitmap Index Scan", "Parent Relationship": "Outer", "Index Name": "name_pkey", "Startup Cost": 0.0, "Total Cost": 0.31, "Plan Rows": 1, "Plan Width": 0, "Actual Min Startup Time": 1.726, "Actual Max Startup Time": 1.726, "Actual Min Total Time": 1.726, "Actual Max Total Time": 1.726, "Index Cond": "(id = ci.person_id)", "Actual Rows": 268}], "Actual Rows": 11}], "Actual Rows": 11}], "Actual Rows": 1}, "Triggers": [], "Planner Runtime": 65.639, "Total Runtime": 826.211, "Unique SQL Id": 661781350}}, "(64, '39')": {"explain_plan": {"Plan": {"Node Type": "Aggregate", "Strategy": "Plain", "Startup Cost": 157109.69, "Total Cost": 157109.7, "Plan Rows": 1, "Plan Width": 160, "Plans": [{"Node Type": "Nested Loop", "Parent Relationship": "Outer", "Join Type": "Inner", "Startup Cost": 7439.53, "Total Cost": 157108.05, "Plan Rows": 219, "Plan Width": 64, "Inner Unique": true, "Plans": [{"Node Type": "Nested Loop", "Parent Relationship": "Outer", "Join Type": "Inner", "Startup Cost": 7439.22, "Total Cost": 155716.93, "Plan Rows": 321, "Plan Width": 68, "Inner Unique": false, "Plans": [{"Node Type": "Nested Loop", "Parent Relationship": "Outer", "Join Type": "Inner", "Startup Cost": 7438.22, "Total Cost": 154223.75, "Plan Rows": 291, "Plan Width": 76, "Inner Unique": false, "Join Filter": "(mi.info_type_id = it1.id)", "Plans": [{"Node Type": "Bitmap Heap Scan", "Parent Relationship": "Outer", "Relation Name": "info_type", "Alias": "it1", "Startup Cost": 8.81, "Total Cost": 14.21, "Plan Rows": 1, "Plan Width": 4, "Filter": "((info)::text = 'genres'::text)", "Plans": [{"Node Type": "Bitmap Index Scan", "Parent Relationship": "Outer", "Index Name": "info_type_pkey", "Startup Cost": 0.0, "Total Cost": 8.81, "Plan Rows": 112, "Plan Width": 0}]}, {"Node Type": "Nested Loop", "Parent Relationship": "Inner", "Join Type": "Inner", "Startup Cost": 7429.41, "Total Cost": 154037.63, "Plan Rows": 13753, "Plan Width": 80, "Inner Unique": false, "Plans": [{"Node Type": "Nested Loop", "Parent Relationship": "Outer", "Join Type": "Inner", "Startup Cost": 7428.83, "Total Cost": 83898.37, "Plan Rows": 15041, "Plan Width": 30, "Inner Unique": true, "Plans": [{"Node Type": "Nested Loop", "Parent Relationship": "Outer", "Join Type": "Inner", "Startup Cost": 7427.85, "Total Cost": 19211.73, "Plan Rows": 12936, "Plan Width": 9, "Inner Unique": false, "Plans": [{"Node Type": "Bitmap Heap Scan", "Parent Relationship": "Outer", "Relation Name": "info_type", "Alias": "it2", "Startup Cost": 8.81, "Total Cost": 14.21, "Plan Rows": 1, "Plan Width": 4, "Filter": "((info)::text = 'rating'::text)", "Plans": [{"Node Type": "Bitmap Index Scan", "Parent Relationship": "Outer", "Index Name": "info_type_pkey", "Startup Cost": 0.0, "Total Cost": 8.81, "Plan Rows": 112, "Plan Width": 0}]}, {"Node Type": "Bitmap Heap Scan", "Parent Relationship": "Inner", "Relation Name": "movie_info_idx", "Alias": "mi_idx", "Startup Cost": 7419.04, "Total Cost": 19068.16, "Plan Rows": 12936, "Plan Width": 13, "Recheck Cond": "(info_type_id = it2.id)", "Filter": "((info)::text > '8.0'::text)", "Plans": [{"Node Type": "Bitmap Index Scan", "Parent Relationship": "Outer", "Index Name": "info_type_id_movie_info_idx", "Startup Cost": 0.0, "Total Cost": 7415.81, "Plan Rows": 345008, "Plan Width": 0, "Index Cond": "(info_type_id = it2.id)"}]}]}, {"Node Type": "Bitmap Heap Scan", "Parent Relationship": "Inner", "Relation Name": "title", "Alias": "t", "Startup Cost": 0.97, "Total Cost": 4.99, "Plan Rows": 1, "Plan Width": 21, "Recheck Cond": "(id = mi_idx.movie_id)", "Filter": "((production_year >= 2008) AND (production_year <= 2014))", "Plans": [{"Node Type": "Bitmap Index Scan", "Parent Relationship": "Outer", "Index Name": "title_pkey", "Startup Cost": 0.0, "Total Cost": 0.97, "Plan Rows": 1, "Plan Width": 0, "Index Cond": "(id = mi_idx.movie_id)"}]}]}, {"Node Type": "Bitmap Heap Scan", "Parent Relationship": "Inner", "Relation Name": "movie_info", "Alias": "mi", "Startup Cost": 0.58, "Total Cost": 4.65, "Plan Rows": 1, "Plan Width": 50, "Recheck Cond": "(movie_id = t.id)", "Filter": "((note IS NULL) AND ((info)::text = ANY ('{Horror,Thriller}'::text[])))", "Plans": [{"Node Type": "Bitmap Index Scan", "Parent Relationship": "Outer", "Index Name": "movie_id_movie_info", "Startup Cost": 0.0, "Total Cost": 0.58, "Plan Rows": 5, "Plan Width": 0, "Index Cond": "(movie_id = t.id)"}]}]}]}, {"Node Type": "Bitmap Heap Scan", "Parent Relationship": "Inner", "Relation Name": "cast_info", "Alias": "ci", "Startup Cost": 1.01, "Total Cost": 5.12, "Plan Rows": 1, "Plan Width": 8, "Recheck Cond": "(movie_id = t.id)", "Filter": "((note)::text = ANY ('{(writer),\"(head writer)\",\"(written by)\",(story),\"(story editor)\"}'::text[]))", "Plans": [{"Node Type": "Bitmap Index Scan", "Parent Relationship": "Outer", "Index Name": "movie_id_cast_info", "Startup Cost": 0.0, "Total Cost": 1.01, "Plan Rows": 6, "Plan Width": 0, "Index Cond": "(movie_id = t.id)"}]}]}, {"Node Type": "Bitmap Heap Scan", "Parent Relationship": "Inner", "Relation Name": "name", "Alias": "n", "Startup Cost": 0.31, "Total Cost": 4.32, "Plan Rows": 1, "Plan Width": 4, "Recheck Cond": "(id = ci.person_id)", "Filter": "((gender IS NOT NULL) AND ((gender)::text = 'f'::text))", "Plans": [{"Node Type": "Bitmap Index Scan", "Parent Relationship": "Outer", "Index Name": "name_pkey", "Startup Cost": 0.0, "Total Cost": 0.31, "Plan Rows": 1, "Plan Width": 0, "Index Cond": "(id = ci.person_id)"}]}]}]}, "Unique SQL Id": 661781350, "Planner Runtime": 11}, "explain_analyze_plan": {"Plan": {"Node Type": "Aggregate", "Strategy": "Plain", "Startup Cost": 157109.69, "Total Cost": 157109.7, "Plan Rows": 1, "Plan Width": 160, "Actual Startup Time": 641.712, "Actual Total Time": 641.712, "Actual Rows": 1, "Actual Loops": 1, "Plans": [{"Node Type": "Nested Loop", "Parent Relationship": "Outer", "Join Type": "Inner", "Startup Cost": 7439.53, "Total Cost": 157108.05, "Plan Rows": 219, "Plan Width": 64, "Actual Startup Time": 369.881, "Actual Total Time": 641.653, "Actual Rows": 11, "Actual Loops": 1, "Inner Unique": true, "Plans": [{"Node Type": "Nested Loop", "Parent Relationship": "Outer", "Join Type": "Inner", "Startup Cost": 7439.22, "Total Cost": 155716.93, "Plan Rows": 321, "Plan Width": 68, "Actual Startup Time": 136.404, "Actual Total Time": 638.777, "Actual Rows": 268, "Actual Loops": 1, "Inner Unique": false, "Plans": [{"Node Type": "Nested Loop", "Parent Relationship": "Outer", "Join Type": "Inner", "Startup Cost": 7438.22, "Total Cost": 154223.75, "Plan Rows": 291, "Plan Width": 76, "Actual Startup Time": 62.071, "Actual Total Time": 601.341, "Actual Rows": 358, "Actual Loops": 1, "Inner Unique": false, "Join Filter": "(mi.info_type_id = it1.id)", "Rows Removed by Join Filter": 0, "Plans": [{"Node Type": "Bitmap Heap Scan", "Parent Relationship": "Outer", "Relation Name": "info_type", "Alias": "it1", "Startup Cost": 8.81, "Total Cost": 14.21, "Plan Rows": 1, "Plan Width": 4, "Actual Startup Time": 0.052, "Actual Total Time": 0.088, "Actual Rows": 1, "Actual Loops": 1, "Filter": "((info)::text = 'genres'::text)", "Rows Removed by Filter": 111, "Exact Heap Blocks": 1, "Lossy Heap Blocks": 1, "Plans": [{"Node Type": "Bitmap Index Scan", "Parent Relationship": "Outer", "Index Name": "info_type_pkey", "Startup Cost": 0.0, "Total Cost": 8.81, "Plan Rows": 112, "Plan Width": 0, "Actual Startup Time": 0.012, "Actual Total Time": 0.012, "Actual Rows": 112, "Actual Loops": 1}]}, {"Node Type": "Nested Loop", "Parent Relationship": "Inner", "Join Type": "Inner", "Startup Cost": 7429.41, "Total Cost": 154037.63, "Plan Rows": 13753, "Plan Width": 80, "Actual Startup Time": 62.009, "Actual Total Time": 600.951, "Actual Rows": 358, "Actual Loops": 1, "Inner Unique": false, "Plans": [{"Node Type": "Nested Loop", "Parent Relationship": "Outer", "Join Type": "Inner", "Startup Cost": 7428.83, "Total Cost": 83898.37, "Plan Rows": 15041, "Plan Width": 30, "Actual Startup Time": 54.142, "Actual Total Time": 420.438, "Actual Rows": 6152, "Actual Loops": 1, "Inner Unique": true, "Plans": [{"Node Type": "Nested Loop", "Parent Relationship": "Outer", "Join Type": "Inner", "Startup Cost": 7427.85, "Total Cost": 19211.73, "Plan Rows": 12936, "Plan Width": 9, "Actual Startup Time": 52.371, "Actual Total Time": 307.724, "Actual Rows": 15849, "Actual Loops": 1, "Inner Unique": false, "Plans": [{"Node Type": "Bitmap Heap Scan", "Parent Relationship": "Outer", "Relation Name": "info_type", "Alias": "it2", "Startup Cost": 8.81, "Total Cost": 14.21, "Plan Rows": 1, "Plan Width": 4, "Actual Startup Time": 0.051, "Actual Total Time": 0.06, "Actual Rows": 1, "Actual Loops": 1, "Filter": "((info)::text = 'rating'::text)", "Rows Removed by Filter": 111, "Exact Heap Blocks": 1, "Lossy Heap Blocks": 1, "Plans": [{"Node Type": "Bitmap Index Scan", "Parent Relationship": "Outer", "Index Name": "info_type_pkey", "Startup Cost": 0.0, "Total Cost": 8.81, "Plan Rows": 112, "Plan Width": 0, "Actual Startup Time": 0.008, "Actual Total Time": 0.008, "Actual Rows": 112, "Actual Loops": 1}]}, {"Node Type": "Bitmap Heap Scan", "Parent Relationship": "Inner", "Relation Name": "movie_info_idx", "Alias": "mi_idx", "Startup Cost": 7419.04, "Total Cost": 19068.16, "Plan Rows": 12936, "Plan Width": 13, "Actual Startup Time": 52.315, "Actual Total Time": 303.803, "Actual Rows": 15849, "Actual Loops": 1, "Recheck Cond": "(info_type_id = it2.id)", "Rows Removed by Index Recheck": 0, "Filter": "((info)::text > '8.0'::text)", "Rows Removed by Filter": 444076, "Exact Heap Blocks": 6472, "Lossy Heap Blocks": 6472, "Plans": [{"Node Type": "Bitmap Index Scan", "Parent Relationship": "Outer", "Index Name": "info_type_id_movie_info_idx", "Startup Cost": 0.0, "Total Cost": 7415.81, "Plan Rows": 345008, "Plan Width": 0, "Actual Startup Time": 51.054, "Actual Total Time": 51.054, "Actual Rows": 459925, "Actual Loops": 1, "Index Cond": "(info_type_id = it2.id)"}]}]}, {"Node Type": "Bitmap Heap Scan", "Parent Relationship": "Inner", "Relation Name": "title", "Alias": "t", "Startup Cost": 0.97, "Total Cost": 4.99, "Plan Rows": 1, "Plan Width": 21, "Actual Startup Time": 92.149, "Actual Total Time": 92.149, "Actual Rows": 6152, "Actual Loops": 15849, "Recheck Cond": "(id = mi_idx.movie_id)", "Rows Removed by Index Recheck": 0, "Filter": "((production_year >= 2008) AND (production_year <= 2014))", "Rows Removed by Filter": 9697, "Exact Heap Blocks": 15849, "Lossy Heap Blocks": 15849, "Plans": [{"Node Type": "Bitmap Index Scan", "Parent Relationship": "Outer", "Index Name": "title_pkey", "Startup Cost": 0.0, "Total Cost": 0.97, "Plan Rows": 1, "Plan Width": 0, "Actual Startup Time": 48.576, "Actual Total Time": 48.576, "Actual Rows": 15849, "Actual Loops": 15849, "Index Cond": "(id = mi_idx.movie_id)"}]}]}, {"Node Type": "Bitmap Heap Scan", "Parent Relationship": "Inner", "Relation Name": "movie_info", "Alias": "mi", "Startup Cost": 0.58, "Total Cost": 4.65, "Plan Rows": 1, "Plan Width": 50, "Actual Startup Time": 172.051, "Actual Total Time": 172.214, "Actual Rows": 358, "Actual Loops": 6152, "Recheck Cond": "(movie_id = t.id)", "Rows Removed by Index Recheck": 0, "Filter": "((note IS NULL) AND ((info)::text = ANY ('{Horror,Thriller}'::text[])))", "Rows Removed by Filter": 109599, "Exact Heap Blocks": 52726, "Lossy Heap Blocks": 52726, "Plans": [{"Node Type": "Bitmap Index Scan", "Parent Relationship": "Outer", "Index Name": "movie_id_movie_info", "Startup Cost": 0.0, "Total Cost": 0.58, "Plan Rows": 5, "Plan Width": 0, "Actual Startup Time": 40.994, "Actual Total Time": 40.994, "Actual Rows": 109957, "Actual Loops": 6152, "Index Cond": "(movie_id = t.id)"}]}]}]}, {"Node Type": "Bitmap Heap Scan", "Parent Relationship": "Inner", "Relation Name": "cast_info", "Alias": "ci", "Startup Cost": 1.01, "Total Cost": 5.12, "Plan Rows": 1, "Plan Width": 8, "Actual Startup Time": 29.533, "Actual Total Time": 36.492, "Actual Rows": 268, "Actual Loops": 358, "Recheck Cond": "(movie_id = t.id)", "Rows Removed by Index Recheck": 0, "Filter": "((note)::text = ANY ('{(writer),\"(head writer)\",\"(written by)\",(story),\"(story editor)\"}'::text[]))", "Rows Removed by Filter": 12296, "Exact Heap Blocks": 11454, "Lossy Heap Blocks": 11454, "Plans": [{"Node Type": "Bitmap Index Scan", "Parent Relationship": "Outer", "Index Name": "movie_id_cast_info", "Startup Cost": 0.0, "Total Cost": 1.01, "Plan Rows": 6, "Plan Width": 0, "Actual Startup Time": 5.133, "Actual Total Time": 5.133, "Actual Rows": 12564, "Actual Loops": 358, "Index Cond": "(movie_id = t.id)"}]}]}, {"Node Type": "Bitmap Heap Scan", "Parent Relationship": "Inner", "Relation Name": "name", "Alias": "n", "Startup Cost": 0.31, "Total Cost": 4.32, "Plan Rows": 1, "Plan Width": 4, "Actual Startup Time": 2.348, "Actual Total Time": 2.348, "Actual Rows": 11, "Actual Loops": 268, "Recheck Cond": "(id = ci.person_id)", "Rows Removed by Index Recheck": 0, "Filter": "((gender IS NOT NULL) AND ((gender)::text = 'f'::text))", "Rows Removed by Filter": 257, "Exact Heap Blocks": 268, "Lossy Heap Blocks": 268, "Plans": [{"Node Type": "Bitmap Index Scan", "Parent Relationship": "Outer", "Index Name": "name_pkey", "Startup Cost": 0.0, "Total Cost": 0.31, "Plan Rows": 1, "Plan Width": 0, "Actual Startup Time": 1.397, "Actual Total Time": 1.397, "Actual Rows": 268, "Actual Loops": 268, "Index Cond": "(id = ci.person_id)"}]}]}]}, "Triggers": [], "Planner Runtime": 23.242, "Total Runtime": 642.057, "Unique SQL Id": 661781350}}, "(64, '40')": {"explain_plan": {"Plan": {"Node Type": "Aggregate", "Strategy": "Plain", "Startup Cost": 72993.18, "Total Cost": 72993.19, "Plan Rows": 1, "Plan Width": 160, "Plans": [{"Node Type": "Nested Loop", "Parent Relationship": "Outer", "Join Type": "Inner", "Startup Cost": 0.0, "Total Cost": 72991.54, "Plan Rows": 219, "Plan Width": 64, "Inner Unique": true, "Plans": [{"Node Type": "Nested Loop", "Parent Relationship": "Outer", "Join Type": "Inner", "Startup Cost": 0.0, "Total Cost": 72830.55, "Plan Rows": 321, "Plan Width": 68, "Inner Unique": false, "Plans": [{"Node Type": "Nested Loop", "Parent Relationship": "Outer", "Join Type": "Inner", "Startup Cost": 0.0, "Total Cost": 72145.52, "Plan Rows": 291, "Plan Width": 76, "Inner Unique": true, "Plans": [{"Node Type": "Nested Loop", "Parent Relationship": "Outer", "Join Type": "Inner", "Startup Cost": 0.0, "Total Cost": 71432.31, "Plan Rows": 250, "Plan Width": 55, "Inner Unique": false, "Join Filter": "(mi_idx.info_type_id = it2.id)", "Plans": [{"Node Type": "Seq Scan", "Parent Relationship": "Outer", "Relation Name": "info_type", "Alias": "it2", "Startup Cost": 0.0, "Total Cost": 2.4, "Plan Rows": 1, "Plan Width": 4, "Filter": "((info)::text = 'rating'::text)"}, {"Node Type": "Nested Loop", "Parent Relationship": "Inner", "Join Type": "Inner", "Startup Cost": 0.0, "Total Cost": 71417.42, "Plan Rows": 999, "Plan Width": 59, "Inner Unique": false, "Plans": [{"Node Type": "Nested Loop", "Parent Relationship": "Outer", "Join Type": "Inner", "Startup Cost": 0.0, "Total Cost": 70475.56, "Plan Rows": 971, "Plan Width": 46, "Inner Unique": false, "Join Filter": "(it1.id = mi.info_type_id)", "Plans": [{"Node Type": "Seq Scan", "Parent Relationship": "Outer", "Relation Name": "info_type", "Alias": "it1", "Startup Cost": 0.0, "Total Cost": 2.4, "Plan Rows": 1, "Plan Width": 4, "Filter": "((info)::text = 'genres'::text)"}, {"Node Type": "Materialize", "Parent Relationship": "Inner", "Startup Cost": 0.0, "Total Cost": 69793.45, "Plan Rows": 67971, "Plan Width": 50, "Plans": [{"Node Type": "Streaming(type: LOCAL GATHER dop: 1/64)", "Parent Relationship": "Outer", "Startup Cost": 0.0, "Total Cost": 69623.52, "Plan Rows": 67971, "Plan Width": 50, "Plans": [{"Node Type": "Seq Scan", "Parent Relationship": "Outer", "Relation Name": "movie_info", "Alias": "mi", "Startup Cost": 0.0, "Total Cost": 68221.29, "Plan Rows": 67971, "Plan Width": 50, "Filter": "((note IS NULL) AND ((info)::text = ANY ('{Horror,Thriller}'::text[])))"}]}]}]}, {"Node Type": "Index Scan", "Parent Relationship": "Inner", "Scan Direction": "Forward", "Index Name": "movie_id_movie_info_idx", "Relation Name": "movie_info_idx", "Alias": "mi_idx", "Startup Cost": 0.0, "Total Cost": 0.96, "Plan Rows": 1, "Plan Width": 13, "Index Cond": "(movie_id = mi.movie_id)", "Filter": "((info)::text > '8.0'::text)"}]}]}, {"Node Type": "Index Scan", "Parent Relationship": "Inner", "Scan Direction": "Forward", "Index Name": "title_pkey", "Relation Name": "title", "Alias": "t", "Startup Cost": 0.0, "Total Cost": 2.84, "Plan Rows": 1, "Plan Width": 21, "Index Cond": "(id = mi.movie_id)", "Filter": "((production_year >= 2008) AND (production_year <= 2014))"}]}, {"Node Type": "Index Scan", "Parent Relationship": "Inner", "Scan Direction": "Forward", "Index Name": "movie_id_cast_info", "Relation Name": "cast_info", "Alias": "ci", "Startup Cost": 0.0, "Total Cost": 2.34, "Plan Rows": 1, "Plan Width": 8, "Index Cond": "(movie_id = t.id)", "Filter": "((note)::text = ANY ('{(writer),\"(head writer)\",\"(written by)\",(story),\"(story editor)\"}'::text[]))"}]}, {"Node Type": "Index Scan", "Parent Relationship": "Inner", "Scan Direction": "Forward", "Index Name": "name_pkey", "Relation Name": "name", "Alias": "n", "Startup Cost": 0.0, "Total Cost": 0.49, "Plan Rows": 1, "Plan Width": 4, "Index Cond": "(id = ci.person_id)", "Filter": "((gender IS NOT NULL) AND ((gender)::text = 'f'::text))"}]}]}, "Unique SQL Id": 661781350, "Planner Runtime": 35}, "explain_analyze_plan": {"Plan": {"Node Type": "Aggregate", "Strategy": "Plain", "Startup Cost": 72993.18, "Total Cost": 72993.19, "Plan Rows": 1, "Plan Width": 160, "Actual Min Startup Time": 744.744, "Actual Max Startup Time": 744.744, "Actual Min Total Time": 744.745, "Actual Max Total Time": 744.745, "Plans": [{"Node Type": "Nested Loop", "Parent Relationship": "Outer", "Join Type": "Inner", "Startup Cost": 0.0, "Total Cost": 72991.54, "Plan Rows": 219, "Plan Width": 64, "Actual Min Startup Time": 360.554, "Actual Max Startup Time": 360.554, "Actual Min Total Time": 744.685, "Actual Max Total Time": 744.685, "Inner Unique": true, "Plans": [{"Node Type": "Nested Loop", "Parent Relationship": "Outer", "Join Type": "Inner", "Startup Cost": 0.0, "Total Cost": 72830.55, "Plan Rows": 321, "Plan Width": 68, "Actual Min Startup Time": 349.305, "Actual Max Startup Time": 349.305, "Actual Min Total Time": 742.187, "Actual Max Total Time": 742.187, "Inner Unique": false, "Plans": [{"Node Type": "Nested Loop", "Parent Relationship": "Outer", "Join Type": "Inner", "Startup Cost": 0.0, "Total Cost": 72145.52, "Plan Rows": 291, "Plan Width": 76, "Actual Min Startup Time": 347.86, "Actual Max Startup Time": 347.86, "Actual Min Total Time": 710.007, "Actual Max Total Time": 710.007, "Inner Unique": true, "Plans": [{"Node Type": "Nested Loop", "Parent Relationship": "Outer", "Join Type": "Inner", "Startup Cost": 0.0, "Total Cost": 71432.31, "Plan Rows": 250, "Plan Width": 55, "Actual Min Startup Time": 347.833, "Actual Max Startup Time": 347.833, "Actual Min Total Time": 704.112, "Actual Max Total Time": 704.112, "Inner Unique": false, "Join Filter": "(mi_idx.info_type_id = it2.id)", "Rows Removed by Join Filter": 3403, "Plans": [{"Node Type": "Seq Scan", "Parent Relationship": "Outer", "Relation Name": "info_type", "Alias": "it2", "Startup Cost": 0.0, "Total Cost": 2.4, "Plan Rows": 1, "Plan Width": 4, "Actual Min Startup Time": 0.096, "Actual Max Startup Time": 0.096, "Actual Min Total Time": 0.108, "Actual Max Total Time": 0.108, "Filter": "((info)::text = 'rating'::text)", "Rows Removed by Filter": 111, "Actual Rows": 1}, {"Node Type": "Nested Loop", "Parent Relationship": "Inner", "Join Type": "Inner", "Startup Cost": 0.0, "Total Cost": 71417.42, "Plan Rows": 999, "Plan Width": 59, "Actual Min Startup Time": 347.719, "Actual Max Startup Time": 347.719, "Actual Min Total Time": 701.609, "Actual Max Total Time": 701.609, "Inner Unique": false, "Plans": [{"Node Type": "Nested Loop", "Parent Relationship": "Outer", "Join Type": "Inner", "Startup Cost": 0.0, "Total Cost": 70475.56, "Plan Rows": 971, "Plan Width": 46, "Actual Min Startup Time": 347.616, "Actual Max Startup Time": 347.616, "Actual Min Total Time": 386.749, "Actual Max Total Time": 386.749, "Inner Unique": false, "Join Filter": "(it1.id = mi.info_type_id)", "Rows Removed by Join Filter": 789, "Plans": [{"Node Type": "Seq Scan", "Parent Relationship": "Outer", "Relation Name": "info_type", "Alias": "it1", "Startup Cost": 0.0, "Total Cost": 2.4, "Plan Rows": 1, "Plan Width": 4, "Actual Min Startup Time": 0.046, "Actual Max Startup Time": 0.046, "Actual Min Total Time": 0.079, "Actual Max Total Time": 0.079, "Filter": "((info)::text = 'genres'::text)", "Rows Removed by Filter": 111, "Actual Rows": 1}, {"Node Type": "Materialize", "Parent Relationship": "Inner", "Startup Cost": 0.0, "Total Cost": 69793.45, "Plan Rows": 67971, "Plan Width": 50, "Actual Min Startup Time": 347.531, "Actual Max Startup Time": 347.531, "Actual Min Total Time": 357.593, "Actual Max Total Time": 357.593, "Plans": [{"Node Type": "Streaming(type: LOCAL GATHER dop: 1/64)", "Parent Relationship": "Outer", "Startup Cost": 0.0, "Total Cost": 69623.52, "Plan Rows": 67971, "Plan Width": 50, "Actual Min Startup Time": 182.821, "Actual Max Startup Time": 182.821, "Actual Min Total Time": 336.355, "Actual Max Total Time": 336.355, "Plans": [{"Node Type": "Seq Scan", "Parent Relationship": "Outer", "Relation Name": "movie_info", "Alias": "mi", "Startup Cost": 0.0, "Total Cost": 68221.29, "Plan Rows": 67971, "Plan Width": 50, "Actual Min Startup Time": 53.746, "Actual Max Startup Time": 120.053, "Actual Min Total Time": 96.673, "Actual Max Total Time": 129.021, "Filter": "((note IS NULL) AND ((info)::text = ANY ('{Horror,Thriller}'::text[])))", "Rows Removed by Filter": 14762672, "Actual Rows": 73047}], "Actual Rows": 73047}], "Actual Rows": 73048}], "Actual Rows": 72258}, {"Node Type": "Index Scan", "Parent Relationship": "Inner", "Scan Direction": "Forward", "Index Name": "movie_id_movie_info_idx", "Relation Name": "movie_info_idx", "Alias": "mi_idx", "Startup Cost": 0.0, "Total Cost": 0.96, "Plan Rows": 1, "Plan Width": 13, "Actual Min Startup Time": 276.39, "Actual Max Startup Time": 276.39, "Actual Min Total Time": 279.918, "Actual Max Total Time": 279.918, "Index Cond": "(movie_id = mi.movie_id)", "Rows Removed by Index Recheck": 0, "Filter": "((info)::text > '8.0'::text)", "Rows Removed by Filter": 113143, "Actual Rows": 4135}], "Actual Rows": 4135}], "Actual Rows": 732}, {"Node Type": "Index Scan", "Parent Relationship": "Inner", "Scan Direction": "Forward", "Index Name": "title_pkey", "Relation Name": "title", "Alias": "t", "Startup Cost": 0.0, "Total Cost": 2.84, "Plan Rows": 1, "Plan Width": 21, "Actual Min Startup Time": 5.3, "Actual Max Startup Time": 5.3, "Actual Min Total Time": 5.3, "Actual Max Total Time": 5.3, "Index Cond": "(id = mi.movie_id)", "Rows Removed by Index Recheck": 0, "Filter": "((production_year >= 2008) AND (production_year <= 2014))", "Rows Removed by Filter": 374, "Actual Rows": 358}], "Actual Rows": 358}, {"Node Type": "Index Scan", "Parent Relationship": "Inner", "Scan Direction": "Forward", "Index Name": "movie_id_cast_info", "Relation Name": "cast_info", "Alias": "ci", "Startup Cost": 0.0, "Total Cost": 2.34, "Plan Rows": 1, "Plan Width": 8, "Actual Min Startup Time": 25.141, "Actual Max Startup Time": 25.141, "Actual Min Total Time": 31.897, "Actual Max Total Time": 31.897, "Index Cond": "(movie_id = t.id)", "Rows Removed by Index Recheck": 0, "Filter": "((note)::text = ANY ('{(writer),\"(head writer)\",\"(written by)\",(story),\"(story editor)\"}'::text[]))", "Rows Removed by Filter": 12296, "Actual Rows": 268}], "Actual Rows": 268}, {"Node Type": "Index Scan", "Parent Relationship": "Inner", "Scan Direction": "Forward", "Index Name": "name_pkey", "Relation Name": "name", "Alias": "n", "Startup Cost": 0.0, "Total Cost": 0.49, "Plan Rows": 1, "Plan Width": 4, "Actual Min Startup Time": 2.298, "Actual Max Startup Time": 2.298, "Actual Min Total Time": 2.298, "Actual Max Total Time": 2.298, "Index Cond": "(id = ci.person_id)", "Rows Removed by Index Recheck": 0, "Filter": "((gender IS NOT NULL) AND ((gender)::text = 'f'::text))", "Rows Removed by Filter": 257, "Actual Rows": 11}], "Actual Rows": 11}], "Actual Rows": 1}, "Triggers": [], "Planner Runtime": 47.81, "Total Runtime": 757.105, "Unique SQL Id": 661781350}}, "(64, '41')": {"explain_plan": {"Plan": {"Node Type": "Aggregate", "Strategy": "Plain", "Startup Cost": 100899.17, "Total Cost": 100899.18, "Plan Rows": 1, "Plan Width": 160, "Plans": [{"Node Type": "Nested Loop", "Parent Relationship": "Outer", "Join Type": "Inner", "Startup Cost": 0.0, "Total Cost": 100897.52, "Plan Rows": 219, "Plan Width": 64, "Inner Unique": true, "Plans": [{"Node Type": "Nested Loop", "Parent Relationship": "Outer", "Join Type": "Inner", "Startup Cost": 0.0, "Total Cost": 100736.53, "Plan Rows": 321, "Plan Width": 68, "Inner Unique": false, "Plans": [{"Node Type": "Nested Loop", "Parent Relationship": "Outer", "Join Type": "Inner", "Startup Cost": 0.0, "Total Cost": 100051.51, "Plan Rows": 291, "Plan Width": 76, "Inner Unique": false, "Join Filter": "(mi.info_type_id = it1.id)", "Plans": [{"Node Type": "Index Scan", "Parent Relationship": "Outer", "Scan Direction": "Forward", "Index Name": "info_type_pkey", "Relation Name": "info_type", "Alias": "it1", "Startup Cost": 0.0, "Total Cost": 14.21, "Plan Rows": 1, "Plan Width": 4, "Filter": "((info)::text = 'genres'::text)"}, {"Node Type": "Nested Loop", "Parent Relationship": "Inner", "Join Type": "Inner", "Startup Cost": 0.0, "Total Cost": 99865.39, "Plan Rows": 13753, "Plan Width": 80, "Inner Unique": false, "Plans": [{"Node Type": "Nested Loop", "Parent Relationship": "Outer", "Join Type": "Inner", "Startup Cost": 0.0, "Total Cost": 78493.26, "Plan Rows": 15041, "Plan Width": 30, "Inner Unique": true, "Plans": [{"Node Type": "Nested Loop", "Parent Relationship": "Outer", "Join Type": "Inner", "Startup Cost": 0.0, "Total Cost": 35880.0, "Plan Rows": 12936, "Plan Width": 9, "Inner Unique": false, "Plans": [{"Node Type": "Index Scan", "Parent Relationship": "Outer", "Scan Direction": "Forward", "Index Name": "info_type_pkey", "Relation Name": "info_type", "Alias": "it2", "Startup Cost": 0.0, "Total Cost": 14.21, "Plan Rows": 1, "Plan Width": 4, "Filter": "((info)::text = 'rating'::text)"}, {"Node Type": "Index Scan", "Parent Relationship": "Inner", "Scan Direction": "Forward", "Index Name": "info_type_id_movie_info_idx", "Relation Name": "movie_info_idx", "Alias": "mi_idx", "Startup Cost": 0.0, "Total Cost": 35736.43, "Plan Rows": 12936, "Plan Width": 13, "Index Cond": "(info_type_id = it2.id)", "Filter": "((info)::text > '8.0'::text)"}]}, {"Node Type": "Index Scan", "Parent Relationship": "Inner", "Scan Direction": "Forward", "Index Name": "title_pkey", "Relation Name": "title", "Alias": "t", "Startup Cost": 0.0, "Total Cost": 3.28, "Plan Rows": 1, "Plan Width": 21, "Index Cond": "(id = mi_idx.movie_id)", "Filter": "((production_year >= 2008) AND (production_year <= 2014))"}]}, {"Node Type": "Index Scan", "Parent Relationship": "Inner", "Scan Direction": "Forward", "Index Name": "movie_id_movie_info", "Relation Name": "movie_info", "Alias": "mi", "Startup Cost": 0.0, "Total Cost": 1.41, "Plan Rows": 1, "Plan Width": 50, "Index Cond": "(movie_id = t.id)", "Filter": "((note IS NULL) AND ((info)::text = ANY ('{Horror,Thriller}'::text[])))"}]}]}, {"Node Type": "Index Scan", "Parent Relationship": "Inner", "Scan Direction": "Forward", "Index Name": "movie_id_cast_info", "Relation Name": "cast_info", "Alias": "ci", "Startup Cost": 0.0, "Total Cost": 2.34, "Plan Rows": 1, "Plan Width": 8, "Index Cond": "(movie_id = t.id)", "Filter": "((note)::text = ANY ('{(writer),\"(head writer)\",\"(written by)\",(story),\"(story editor)\"}'::text[]))"}]}, {"Node Type": "Index Scan", "Parent Relationship": "Inner", "Scan Direction": "Forward", "Index Name": "name_pkey", "Relation Name": "name", "Alias": "n", "Startup Cost": 0.0, "Total Cost": 0.49, "Plan Rows": 1, "Plan Width": 4, "Index Cond": "(id = ci.person_id)", "Filter": "((gender IS NOT NULL) AND ((gender)::text = 'f'::text))"}]}]}, "Unique SQL Id": 661781350, "Planner Runtime": 12}, "explain_analyze_plan": {"Plan": {"Node Type": "Aggregate", "Strategy": "Plain", "Startup Cost": 100899.17, "Total Cost": 100899.18, "Plan Rows": 1, "Plan Width": 160, "Actual Startup Time": 646.883, "Actual Total Time": 646.883, "Actual Rows": 1, "Actual Loops": 1, "Plans": [{"Node Type": "Nested Loop", "Parent Relationship": "Outer", "Join Type": "Inner", "Startup Cost": 0.0, "Total Cost": 100897.52, "Plan Rows": 219, "Plan Width": 64, "Actual Startup Time": 302.209, "Actual Total Time": 646.822, "Actual Rows": 11, "Actual Loops": 1, "Inner Unique": true, "Plans": [{"Node Type": "Nested Loop", "Parent Relationship": "Outer", "Join Type": "Inner", "Startup Cost": 0.0, "Total Cost": 100736.53, "Plan Rows": 321, "Plan Width": 68, "Actual Startup Time": 80.274, "Actual Total Time": 644.093, "Actual Rows": 268, "Actual Loops": 1, "Inner Unique": false, "Plans": [{"Node Type": "Nested Loop", "Parent Relationship": "Outer", "Join Type": "Inner", "Startup Cost": 0.0, "Total Cost": 100051.51, "Plan Rows": 291, "Plan Width": 76, "Actual Startup Time": 9.546, "Actual Total Time": 610.969, "Actual Rows": 358, "Actual Loops": 1, "Inner Unique": false, "Join Filter": "(mi.info_type_id = it1.id)", "Rows Removed by Join Filter": 0, "Plans": [{"Node Type": "Index Scan", "Parent Relationship": "Outer", "Scan Direction": "Forward", "Index Name": "info_type_pkey", "Relation Name": "info_type", "Alias": "it1", "Startup Cost": 0.0, "Total Cost": 14.21, "Plan Rows": 1, "Plan Width": 4, "Actual Startup Time": 0.023, "Actual Total Time": 0.078, "Actual Rows": 1, "Actual Loops": 1, "Filter": "((info)::text = 'genres'::text)", "Rows Removed by Filter": 111}, {"Node Type": "Nested Loop", "Parent Relationship": "Inner", "Join Type": "Inner", "Startup Cost": 0.0, "Total Cost": 99865.39, "Plan Rows": 13753, "Plan Width": 80, "Actual Startup Time": 9.515, "Actual Total Time": 610.676, "Actual Rows": 358, "Actual Loops": 1, "Inner Unique": false, "Plans": [{"Node Type": "Nested Loop", "Parent Relationship": "Outer", "Join Type": "Inner", "Startup Cost": 0.0, "Total Cost": 78493.26, "Plan Rows": 15041, "Plan Width": 30, "Actual Startup Time": 1.779, "Actual Total Time": 448.29, "Actual Rows": 6152, "Actual Loops": 1, "Inner Unique": true, "Plans": [{"Node Type": "Nested Loop", "Parent Relationship": "Outer", "Join Type": "Inner", "Startup Cost": 0.0, "Total Cost": 35880.0, "Plan Rows": 12936, "Plan Width": 9, "Actual Startup Time": 0.091, "Actual Total Time": 360.8, "Actual Rows": 15849, "Actual Loops": 1, "Inner Unique": false, "Plans": [{"Node Type": "Index Scan", "Parent Relationship": "Outer", "Scan Direction": "Forward", "Index Name": "info_type_pkey", "Relation Name": "info_type", "Alias": "it2", "Startup Cost": 0.0, "Total Cost": 14.21, "Plan Rows": 1, "Plan Width": 4, "Actual Startup Time": 0.051, "Actual Total Time": 0.061, "Actual Rows": 1, "Actual Loops": 1, "Filter": "((info)::text = 'rating'::text)", "Rows Removed by Filter": 111}, {"Node Type": "Index Scan", "Parent Relationship": "Inner", "Scan Direction": "Forward", "Index Name": "info_type_id_movie_info_idx", "Relation Name": "movie_info_idx", "Alias": "mi_idx", "Startup Cost": 0.0, "Total Cost": 35736.43, "Plan Rows": 12936, "Plan Width": 13, "Actual Startup Time": 0.039, "Actual Total Time": 357.075, "Actual Rows": 15849, "Actual Loops": 1, "Index Cond": "(info_type_id = it2.id)", "Rows Removed by Index Recheck": 0, "Filter": "((info)::text > '8.0'::text)", "Rows Removed by Filter": 444076}]}, {"Node Type": "Index Scan", "Parent Relationship": "Inner", "Scan Direction": "Forward", "Index Name": "title_pkey", "Relation Name": "title", "Alias": "t", "Startup Cost": 0.0, "Total Cost": 3.28, "Plan Rows": 1, "Plan Width": 21, "Actual Startup Time": 77.447, "Actual Total Time": 77.447, "Actual Rows": 6152, "Actual Loops": 15849, "Index Cond": "(id = mi_idx.movie_id)", "Rows Removed by Index Recheck": 0, "Filter": "((production_year >= 2008) AND (production_year <= 2014))", "Rows Removed by Filter": 9697}]}, {"Node Type": "Index Scan", "Parent Relationship": "Inner", "Scan Direction": "Forward", "Index Name": "movie_id_movie_info", "Relation Name": "movie_info", "Alias": "mi", "Startup Cost": 0.0, "Total Cost": 1.41, "Plan Rows": 1, "Plan Width": 50, "Actual Startup Time": 158.486, "Actual Total Time": 158.794, "Actual Rows": 358, "Actual Loops": 6152, "Index Cond": "(movie_id = t.id)", "Rows Removed by Index Recheck": 0, "Filter": "((note IS NULL) AND ((info)::text = ANY ('{Horror,Thriller}'::text[])))", "Rows Removed by Filter": 109599}]}]}, {"Node Type": "Index Scan", "Parent Relationship": "Inner", "Scan Direction": "Forward", "Index Name": "movie_id_cast_info", "Relation Name": "cast_info", "Alias": "ci", "Startup Cost": 0.0, "Total Cost": 2.34, "Plan Rows": 1, "Plan Width": 8, "Actual Startup Time": 25.735, "Actual Total Time": 32.721, "Actual Rows": 268, "Actual Loops": 358, "Index Cond": "(movie_id = t.id)", "Rows Removed by Index Recheck": 0, "Filter": "((note)::text = ANY ('{(writer),\"(head writer)\",\"(written by)\",(story),\"(story editor)\"}'::text[]))", "Rows Removed by Filter": 12296}]}, {"Node Type": "Index Scan", "Parent Relationship": "Inner", "Scan Direction": "Forward", "Index Name": "name_pkey", "Relation Name": "name", "Alias": "n", "Startup Cost": 0.0, "Total Cost": 0.49, "Plan Rows": 1, "Plan Width": 4, "Actual Startup Time": 2.504, "Actual Total Time": 2.504, "Actual Rows": 11, "Actual Loops": 268, "Index Cond": "(id = ci.person_id)", "Rows Removed by Index Recheck": 0, "Filter": "((gender IS NOT NULL) AND ((gender)::text = 'f'::text))", "Rows Removed by Filter": 257}]}]}, "Triggers": [], "Planner Runtime": 19.617, "Total Runtime": 647.192, "Unique SQL Id": 661781350}}, "(64, '42')": {"explain_plan": {"Plan": {"Node Type": "Aggregate", "Strategy": "Plain", "Startup Cost": 296070.58, "Total Cost": 296070.59, "Plan Rows": 1, "Plan Width": 160, "Plans": [{"Node Type": "Nested Loop", "Parent Relationship": "Outer", "Join Type": "Inner", "Startup Cost": 160836.71, "Total Cost": 296068.83, "Plan Rows": 233, "Plan Width": 64, "Inner Unique": false, "Join Filter": "(mi_idx.info_type_id = it2.id)", "Plans": [{"Node Type": "Seq Scan", "Parent Relationship": "Outer", "Relation Name": "info_type", "Alias": "it2", "Startup Cost": 0.0, "Total Cost": 2.4, "Plan Rows": 1, "Plan Width": 4, "Filter": "((info)::text = 'rating'::text)"}, {"Node Type": "Materialize", "Parent Relationship": "Inner", "Startup Cost": 160836.71, "Total Cost": 296057.09, "Plan Rows": 934, "Plan Width": 68, "Plans": [{"Node Type": "Hash Join", "Parent Relationship": "Outer", "Join Type": "Inner", "Startup Cost": 160836.71, "Total Cost": 296054.76, "Plan Rows": 934, "Plan Width": 68, "Inner Unique": true, "Hash Cond": "(ci.person_id = n.id)", "Plans": [{"Node Type": "Streaming(type: LOCAL GATHER dop: 1/64)", "Parent Relationship": "Outer", "Startup Cost": 133658.47, "Total Cost": 268862.37, "Plan Rows": 1285, "Plan Width": 72, "Plans": [{"Node Type": "Hash Join", "Parent Relationship": "Outer", "Join Type": "Inner", "Startup Cost": 133658.47, "Total Cost": 268835.86, "Plan Rows": 1285, "Plan Width": 72, "Inner Unique": false, "Hash Cond": "(t.id = ci.movie_id)", "Plans": [{"Node Type": "Streaming(type: BROADCAST dop: 64/1)", "Parent Relationship": "Outer", "Startup Cost": 114433.24, "Total Cost": 249543.62, "Plan Rows": 74368, "Plan Width": 80, "Plans": [{"Node Type": "Hash Join", "Parent Relationship": "Outer", "Join Type": "Inner", "Startup Cost": 114433.24, "Total Cost": 185009.41, "Plan Rows": 1162, "Plan Width": 80, "Inner Unique": true, "Hash Cond": "(mi.movie_id = t.id)", "Plans": [{"Node Type": "Hash Join", "Parent Relationship": "Outer", "Join Type": "Inner", "Startup Cost": 24371.25, "Total Cost": 94932.05, "Plan Rows": 999, "Plan Width": 59, "Inner Unique": false, "Hash Cond": "(mi.movie_id = mi_idx.movie_id)", "Plans": [{"Node Type": "Nested Loop", "Parent Relationship": "Outer", "Join Type": "Inner", "Startup Cost": 0.0, "Total Cost": 70475.56, "Plan Rows": 971, "Plan Width": 46, "Inner Unique": false, "Join Filter": "(it1.id = mi.info_type_id)", "Plans": [{"Node Type": "Seq Scan", "Parent Relationship": "Outer", "Relation Name": "info_type", "Alias": "it1", "Startup Cost": 0.0, "Total Cost": 2.4, "Plan Rows": 1, "Plan Width": 4, "Filter": "((info)::text = 'genres'::text)"}, {"Node Type": "Materialize", "Parent Relationship": "Inner", "Startup Cost": 0.0, "Total Cost": 69793.45, "Plan Rows": 67971, "Plan Width": 50, "Plans": [{"Node Type": "Streaming(type: LOCAL GATHER dop: 1/64)", "Parent Relationship": "Outer", "Startup Cost": 0.0, "Total Cost": 69623.52, "Plan Rows": 67971, "Plan Width": 50, "Plans": [{"Node Type": "Seq Scan", "Parent Relationship": "Outer", "Relation Name": "movie_info", "Alias": "mi", "Startup Cost": 0.0, "Total Cost": 68221.29, "Plan Rows": 67971, "Plan Width": 50, "Filter": "((note IS NULL) AND ((info)::text = ANY ('{Horror,Thriller}'::text[])))"}]}]}]}, {"Node Type": "Hash", "Parent Relationship": "Inner", "Startup Cost": 23724.42, "Total Cost": 23724.42, "Plan Rows": 51746, "Plan Width": 13, "Plans": [{"Node Type": "Seq Scan", "Parent Relationship": "Outer", "Relation Name": "movie_info_idx", "Alias": "mi_idx", "Startup Cost": 0.0, "Total Cost": 23724.42, "Plan Rows": 51746, "Plan Width": 13, "Filter": "((info)::text > '8.0'::text)"}]}]}, {"Node Type": "Hash", "Parent Relationship": "Inner", "Startup Cost": 80280.08, "Total Cost": 80280.08, "Plan Rows": 782553, "Plan Width": 21, "Plans": [{"Node Type": "Streaming(type: LOCAL GATHER dop: 1/64)", "Parent Relationship": "Outer", "Startup Cost": 288.58, "Total Cost": 80280.08, "Plan Rows": 782553, "Plan Width": 21, "Plans": [{"Node Type": "Seq Scan", "Parent Relationship": "Outer", "Relation Name": "title", "Alias": "t", "Startup Cost": 288.58, "Total Cost": 64136.1, "Plan Rows": 782553, "Plan Width": 21, "Filter": "((production_year >= 2008) AND (production_year <= 2014)), (LLVM Optimized)"}]}]}]}]}, {"Node Type": "Hash", "Parent Relationship": "Inner", "Startup Cost": 75945.31, "Total Cost": 75945.31, "Plan Rows": 1223154, "Plan Width": 8, "Plans": [{"Node Type": "Seq Scan", "Parent Relationship": "Outer", "Relation Name": "cast_info", "Alias": "ci", "Startup Cost": 0.0, "Total Cost": 75945.31, "Plan Rows": 1223154, "Plan Width": 8, "Filter": "((note)::text = ANY ('{(writer),\"(head writer)\",\"(written by)\",(story),\"(story editor)\"}'::text[]))"}]}]}]}, {"Node Type": "Hash", "Parent Relationship": "Inner", "Startup Cost": 77496.77, "Total Cost": 77496.77, "Plan Rows": 624324, "Plan Width": 4, "Plans": [{"Node Type": "Streaming(type: LOCAL GATHER dop: 1/64)", "Parent Relationship": "Outer", "Startup Cost": 0.0, "Total Cost": 77496.77, "Plan Rows": 624324, "Plan Width": 4, "Plans": [{"Node Type": "Seq Scan", "Parent Relationship": "Outer", "Relation Name": "name", "Alias": "n", "Startup Cost": 0.0, "Total Cost": 64617.04, "Plan Rows": 624324, "Plan Width": 4, "Filter": "((gender IS NOT NULL) AND ((gender)::text = 'f'::text)), (LLVM Optimized)"}]}]}]}]}]}]}, "Unique SQL Id": 661781350, "Planner Runtime": 90}, "explain_analyze_plan": null}, "(64, '43')": {"explain_plan": {"Plan": {"Node Type": "Aggregate", "Strategy": "Plain", "Startup Cost": 7000346498707.9, "Total Cost": 7000346498707.91, "Plan Rows": 1, "Plan Width": 160, "Plans": [{"Node Type": "Nested Loop", "Parent Relationship": "Outer", "Join Type": "Inner", "Startup Cost": 70000000000.0, "Total Cost": 7000346498706.15, "Plan Rows": 233, "Plan Width": 64, "Inner Unique": false, "Join Filter": "(mi.movie_id = t.id)", "Plans": [{"Node Type": "Index Scan", "Parent Relationship": "Outer", "Scan Direction": "Forward", "Index Name": "title_pkey", "Relation Name": "title", "Alias": "t", "Startup Cost": 10000000000.0, "Total Cost": 1000012276204.41, "Plan Rows": 782553, "Plan Width": 21, "Filter": "((production_year >= 2008) AND (production_year <= 2014)), (LLVM Optimized)"}, {"Node Type": "Materialize", "Parent Relationship": "Inner", "Startup Cost": 60000000000.0, "Total Cost": 6000331874843.24, "Plan Rows": 200, "Plan Width": 59, "Plans": [{"Node Type": "Nested Loop", "Parent Relationship": "Outer", "Join Type": "Inner", "Startup Cost": 60000000000.0, "Total Cost": 6000331874842.24, "Plan Rows": 200, "Plan Width": 59, "Inner Unique": true, "Join Filter": "(ci.person_id = n.id)", "Plans": [{"Node Type": "Nested Loop", "Parent Relationship": "Outer", "Join Type": "Inner", "Startup Cost": 50000000000.0, "Total Cost": 5000310623432.87, "Plan Rows": 276, "Plan Width": 63, "Inner Unique": false, "Join Filter": "(mi.movie_id = ci.movie_id)", "Plans": [{"Node Type": "Nested Loop", "Parent Relationship": "Outer", "Join Type": "Inner", "Startup Cost": 40000000000.0, "Total Cost": 4000112722530.52, "Plan Rows": 250, "Plan Width": 55, "Inner Unique": false, "Join Filter": "(mi.movie_id = mi_idx.movie_id)", "Plans": [{"Node Type": "Nested Loop", "Parent Relationship": "Outer", "Join Type": "Inner", "Startup Cost": 20000000000.0, "Total Cost": 2000107536844.28, "Plan Rows": 971, "Plan Width": 46, "Inner Unique": true, "Join Filter": "(it1.id = mi.info_type_id)", "Plans": [{"Node Type": "Index Scan", "Parent Relationship": "Outer", "Scan Direction": "Forward", "Index Name": "movie_id_movie_info", "Relation Name": "movie_info", "Alias": "mi", "Startup Cost": 10000000000.0, "Total Cost": 1000107534403.72, "Plan Rows": 67971, "Plan Width": 50, "Filter": "((note IS NULL) AND ((info)::text = ANY ('{Horror,Thriller}'::text[])))"}, {"Node Type": "Materialize", "Parent Relationship": "Inner", "Startup Cost": 10000000000.0, "Total Cost": 1000000001421.0, "Plan Rows": 1, "Plan Width": 4, "Plans": [{"Node Type": "Index Scan", "Parent Relationship": "Outer", "Scan Direction": "Forward", "Index Name": "info_type_pkey", "Relation Name": "info_type", "Alias": "it1", "Startup Cost": 10000000000.0, "Total Cost": 1000000001421.0, "Plan Rows": 1, "Plan Width": 4, "Filter": "((info)::text = 'genres'::text)"}]}]}, {"Node Type": "Materialize", "Parent Relationship": "Inner", "Startup Cost": 20000000000.0, "Total Cost": 2000004997305.74, "Plan Rows": 12936, "Plan Width": 9, "Plans": [{"Node Type": "Nested Loop", "Parent Relationship": "Outer", "Join Type": "Inner", "Startup Cost": 20000000000.0, "Total Cost": 2000004997241.06, "Plan Rows": 12936, "Plan Width": 9, "Inner Unique": true, "Join Filter": "(it2.id = mi_idx.info_type_id)", "Plans": [{"Node Type": "Index Scan", "Parent Relationship": "Outer", "Scan Direction": "Forward", "Index Name": "movie_id_movie_info_idx", "Relation Name": "movie_info_idx", "Alias": "mi_idx", "Startup Cost": 10000000000.0, "Total Cost": 1000004995043.87, "Plan Rows": 51746, "Plan Width": 13, "Filter": "((info)::text > '8.0'::text)"}, {"Node Type": "Materialize", "Parent Relationship": "Inner", "Startup Cost": 10000000000.0, "Total Cost": 1000000001421.0, "Plan Rows": 1, "Plan Width": 4, "Plans": [{"Node Type": "Index Scan", "Parent Relationship": "Outer", "Scan Direction": "Forward", "Index Name": "info_type_pkey", "Relation Name": "info_type", "Alias": "it2", "Startup Cost": 10000000000.0, "Total Cost": 1000000001421.0, "Plan Rows": 1, "Plan Width": 4, "Filter": "((info)::text = 'rating'::text)"}]}]}]}]}, {"Node Type": "Materialize", "Parent Relationship": "Inner", "Startup Cost": 10000000000.0, "Total Cost": 1000193317132.73, "Plan Rows": 1223154, "Plan Width": 8, "Plans": [{"Node Type": "Index Scan", "Parent Relationship": "Outer", "Scan Direction": "Forward", "Index Name": "person_id_cast_info", "Relation Name": "cast_info", "Alias": "ci", "Startup Cost": 10000000000.0, "Total Cost": 1000193311016.96, "Plan Rows": 1223154, "Plan Width": 8, "Filter": "((note)::text = ANY ('{(writer),\"(head writer)\",\"(written by)\",(story),\"(story editor)\"}'::text[]))"}]}]}, {"Node Type": "Materialize", "Parent Relationship": "Inner", "Startup Cost": 10000000000.0, "Total Cost": 1000018668268.82, "Plan Rows": 624324, "Plan Width": 4, "Plans": [{"Node Type": "Index Scan", "Parent Relationship": "Outer", "Scan Direction": "Forward", "Index Name": "name_pkey", "Relation Name": "name", "Alias": "n", "Startup Cost": 10000000000.0, "Total Cost": 1000018665147.2, "Plan Rows": 624324, "Plan Width": 4, "Filter": "((gender IS NOT NULL) AND ((gender)::text = 'f'::text)), (LLVM Optimized)"}]}]}]}]}]}, "Unique SQL Id": 661781350, "Planner Runtime": 32}, "explain_analyze_plan": null}, "(64, '44')": {"explain_plan": {"Plan": {"Node Type": "Aggregate", "Strategy": "Plain", "Startup Cost": 72993.18, "Total Cost": 72993.19, "Plan Rows": 1, "Plan Width": 160, "Plans": [{"Node Type": "Nested Loop", "Parent Relationship": "Outer", "Join Type": "Inner", "Startup Cost": 0.0, "Total Cost": 72991.54, "Plan Rows": 219, "Plan Width": 64, "Inner Unique": true, "Plans": [{"Node Type": "Nested Loop", "Parent Relationship": "Outer", "Join Type": "Inner", "Startup Cost": 0.0, "Total Cost": 72830.55, "Plan Rows": 321, "Plan Width": 68, "Inner Unique": false, "Plans": [{"Node Type": "Nested Loop", "Parent Relationship": "Outer", "Join Type": "Inner", "Startup Cost": 0.0, "Total Cost": 72145.52, "Plan Rows": 291, "Plan Width": 76, "Inner Unique": true, "Plans": [{"Node Type": "Nested Loop", "Parent Relationship": "Outer", "Join Type": "Inner", "Startup Cost": 0.0, "Total Cost": 71432.31, "Plan Rows": 250, "Plan Width": 55, "Inner Unique": false, "Join Filter": "(mi_idx.info_type_id = it2.id)", "Plans": [{"Node Type": "Seq Scan", "Parent Relationship": "Outer", "Relation Name": "info_type", "Alias": "it2", "Startup Cost": 0.0, "Total Cost": 2.4, "Plan Rows": 1, "Plan Width": 4, "Filter": "((info)::text = 'rating'::text)"}, {"Node Type": "Nested Loop", "Parent Relationship": "Inner", "Join Type": "Inner", "Startup Cost": 0.0, "Total Cost": 71417.42, "Plan Rows": 999, "Plan Width": 59, "Inner Unique": false, "Plans": [{"Node Type": "Nested Loop", "Parent Relationship": "Outer", "Join Type": "Inner", "Startup Cost": 0.0, "Total Cost": 70475.56, "Plan Rows": 971, "Plan Width": 46, "Inner Unique": false, "Join Filter": "(it1.id = mi.info_type_id)", "Plans": [{"Node Type": "Seq Scan", "Parent Relationship": "Outer", "Relation Name": "info_type", "Alias": "it1", "Startup Cost": 0.0, "Total Cost": 2.4, "Plan Rows": 1, "Plan Width": 4, "Filter": "((info)::text = 'genres'::text)"}, {"Node Type": "Materialize", "Parent Relationship": "Inner", "Startup Cost": 0.0, "Total Cost": 69793.45, "Plan Rows": 67971, "Plan Width": 50, "Plans": [{"Node Type": "Streaming(type: LOCAL GATHER dop: 1/64)", "Parent Relationship": "Outer", "Startup Cost": 0.0, "Total Cost": 69623.52, "Plan Rows": 67971, "Plan Width": 50, "Plans": [{"Node Type": "Seq Scan", "Parent Relationship": "Outer", "Relation Name": "movie_info", "Alias": "mi", "Startup Cost": 0.0, "Total Cost": 68221.29, "Plan Rows": 67971, "Plan Width": 50, "Filter": "((note IS NULL) AND ((info)::text = ANY ('{Horror,Thriller}'::text[])))"}]}]}]}, {"Node Type": "Index Scan", "Parent Relationship": "Inner", "Scan Direction": "Forward", "Index Name": "movie_id_movie_info_idx", "Relation Name": "movie_info_idx", "Alias": "mi_idx", "Startup Cost": 0.0, "Total Cost": 0.96, "Plan Rows": 1, "Plan Width": 13, "Index Cond": "(movie_id = mi.movie_id)", "Filter": "((info)::text > '8.0'::text)"}]}]}, {"Node Type": "Index Scan", "Parent Relationship": "Inner", "Scan Direction": "Forward", "Index Name": "title_pkey", "Relation Name": "title", "Alias": "t", "Startup Cost": 0.0, "Total Cost": 2.84, "Plan Rows": 1, "Plan Width": 21, "Index Cond": "(id = mi.movie_id)", "Filter": "((production_year >= 2008) AND (production_year <= 2014))"}]}, {"Node Type": "Index Scan", "Parent Relationship": "Inner", "Scan Direction": "Forward", "Index Name": "movie_id_cast_info", "Relation Name": "cast_info", "Alias": "ci", "Startup Cost": 0.0, "Total Cost": 2.34, "Plan Rows": 1, "Plan Width": 8, "Index Cond": "(movie_id = t.id)", "Filter": "((note)::text = ANY ('{(writer),\"(head writer)\",\"(written by)\",(story),\"(story editor)\"}'::text[]))"}]}, {"Node Type": "Index Scan", "Parent Relationship": "Inner", "Scan Direction": "Forward", "Index Name": "name_pkey", "Relation Name": "name", "Alias": "n", "Startup Cost": 0.0, "Total Cost": 0.49, "Plan Rows": 1, "Plan Width": 4, "Index Cond": "(id = ci.person_id)", "Filter": "((gender IS NOT NULL) AND ((gender)::text = 'f'::text))"}]}]}, "Unique SQL Id": 661781350, "Planner Runtime": 34}, "explain_analyze_plan": {"Plan": {"Node Type": "Aggregate", "Strategy": "Plain", "Startup Cost": 72993.18, "Total Cost": 72993.19, "Plan Rows": 1, "Plan Width": 160, "Actual Min Startup Time": 744.744, "Actual Max Startup Time": 744.744, "Actual Min Total Time": 744.745, "Actual Max Total Time": 744.745, "Plans": [{"Node Type": "Nested Loop", "Parent Relationship": "Outer", "Join Type": "Inner", "Startup Cost": 0.0, "Total Cost": 72991.54, "Plan Rows": 219, "Plan Width": 64, "Actual Min Startup Time": 360.554, "Actual Max Startup Time": 360.554, "Actual Min Total Time": 744.685, "Actual Max Total Time": 744.685, "Inner Unique": true, "Plans": [{"Node Type": "Nested Loop", "Parent Relationship": "Outer", "Join Type": "Inner", "Startup Cost": 0.0, "Total Cost": 72830.55, "Plan Rows": 321, "Plan Width": 68, "Actual Min Startup Time": 349.305, "Actual Max Startup Time": 349.305, "Actual Min Total Time": 742.187, "Actual Max Total Time": 742.187, "Inner Unique": false, "Plans": [{"Node Type": "Nested Loop", "Parent Relationship": "Outer", "Join Type": "Inner", "Startup Cost": 0.0, "Total Cost": 72145.52, "Plan Rows": 291, "Plan Width": 76, "Actual Min Startup Time": 347.86, "Actual Max Startup Time": 347.86, "Actual Min Total Time": 710.007, "Actual Max Total Time": 710.007, "Inner Unique": true, "Plans": [{"Node Type": "Nested Loop", "Parent Relationship": "Outer", "Join Type": "Inner", "Startup Cost": 0.0, "Total Cost": 71432.31, "Plan Rows": 250, "Plan Width": 55, "Actual Min Startup Time": 347.833, "Actual Max Startup Time": 347.833, "Actual Min Total Time": 704.112, "Actual Max Total Time": 704.112, "Inner Unique": false, "Join Filter": "(mi_idx.info_type_id = it2.id)", "Rows Removed by Join Filter": 3403, "Plans": [{"Node Type": "Seq Scan", "Parent Relationship": "Outer", "Relation Name": "info_type", "Alias": "it2", "Startup Cost": 0.0, "Total Cost": 2.4, "Plan Rows": 1, "Plan Width": 4, "Actual Min Startup Time": 0.096, "Actual Max Startup Time": 0.096, "Actual Min Total Time": 0.108, "Actual Max Total Time": 0.108, "Filter": "((info)::text = 'rating'::text)", "Rows Removed by Filter": 111, "Actual Rows": 1}, {"Node Type": "Nested Loop", "Parent Relationship": "Inner", "Join Type": "Inner", "Startup Cost": 0.0, "Total Cost": 71417.42, "Plan Rows": 999, "Plan Width": 59, "Actual Min Startup Time": 347.719, "Actual Max Startup Time": 347.719, "Actual Min Total Time": 701.609, "Actual Max Total Time": 701.609, "Inner Unique": false, "Plans": [{"Node Type": "Nested Loop", "Parent Relationship": "Outer", "Join Type": "Inner", "Startup Cost": 0.0, "Total Cost": 70475.56, "Plan Rows": 971, "Plan Width": 46, "Actual Min Startup Time": 347.616, "Actual Max Startup Time": 347.616, "Actual Min Total Time": 386.749, "Actual Max Total Time": 386.749, "Inner Unique": false, "Join Filter": "(it1.id = mi.info_type_id)", "Rows Removed by Join Filter": 789, "Plans": [{"Node Type": "Seq Scan", "Parent Relationship": "Outer", "Relation Name": "info_type", "Alias": "it1", "Startup Cost": 0.0, "Total Cost": 2.4, "Plan Rows": 1, "Plan Width": 4, "Actual Min Startup Time": 0.046, "Actual Max Startup Time": 0.046, "Actual Min Total Time": 0.079, "Actual Max Total Time": 0.079, "Filter": "((info)::text = 'genres'::text)", "Rows Removed by Filter": 111, "Actual Rows": 1}, {"Node Type": "Materialize", "Parent Relationship": "Inner", "Startup Cost": 0.0, "Total Cost": 69793.45, "Plan Rows": 67971, "Plan Width": 50, "Actual Min Startup Time": 347.531, "Actual Max Startup Time": 347.531, "Actual Min Total Time": 357.593, "Actual Max Total Time": 357.593, "Plans": [{"Node Type": "Streaming(type: LOCAL GATHER dop: 1/64)", "Parent Relationship": "Outer", "Startup Cost": 0.0, "Total Cost": 69623.52, "Plan Rows": 67971, "Plan Width": 50, "Actual Min Startup Time": 182.821, "Actual Max Startup Time": 182.821, "Actual Min Total Time": 336.355, "Actual Max Total Time": 336.355, "Plans": [{"Node Type": "Seq Scan", "Parent Relationship": "Outer", "Relation Name": "movie_info", "Alias": "mi", "Startup Cost": 0.0, "Total Cost": 68221.29, "Plan Rows": 67971, "Plan Width": 50, "Actual Min Startup Time": 53.746, "Actual Max Startup Time": 120.053, "Actual Min Total Time": 96.673, "Actual Max Total Time": 129.021, "Filter": "((note IS NULL) AND ((info)::text = ANY ('{Horror,Thriller}'::text[])))", "Rows Removed by Filter": 14762672, "Actual Rows": 73047}], "Actual Rows": 73047}], "Actual Rows": 73048}], "Actual Rows": 72258}, {"Node Type": "Index Scan", "Parent Relationship": "Inner", "Scan Direction": "Forward", "Index Name": "movie_id_movie_info_idx", "Relation Name": "movie_info_idx", "Alias": "mi_idx", "Startup Cost": 0.0, "Total Cost": 0.96, "Plan Rows": 1, "Plan Width": 13, "Actual Min Startup Time": 276.39, "Actual Max Startup Time": 276.39, "Actual Min Total Time": 279.918, "Actual Max Total Time": 279.918, "Index Cond": "(movie_id = mi.movie_id)", "Rows Removed by Index Recheck": 0, "Filter": "((info)::text > '8.0'::text)", "Rows Removed by Filter": 113143, "Actual Rows": 4135}], "Actual Rows": 4135}], "Actual Rows": 732}, {"Node Type": "Index Scan", "Parent Relationship": "Inner", "Scan Direction": "Forward", "Index Name": "title_pkey", "Relation Name": "title", "Alias": "t", "Startup Cost": 0.0, "Total Cost": 2.84, "Plan Rows": 1, "Plan Width": 21, "Actual Min Startup Time": 5.3, "Actual Max Startup Time": 5.3, "Actual Min Total Time": 5.3, "Actual Max Total Time": 5.3, "Index Cond": "(id = mi.movie_id)", "Rows Removed by Index Recheck": 0, "Filter": "((production_year >= 2008) AND (production_year <= 2014))", "Rows Removed by Filter": 374, "Actual Rows": 358}], "Actual Rows": 358}, {"Node Type": "Index Scan", "Parent Relationship": "Inner", "Scan Direction": "Forward", "Index Name": "movie_id_cast_info", "Relation Name": "cast_info", "Alias": "ci", "Startup Cost": 0.0, "Total Cost": 2.34, "Plan Rows": 1, "Plan Width": 8, "Actual Min Startup Time": 25.141, "Actual Max Startup Time": 25.141, "Actual Min Total Time": 31.897, "Actual Max Total Time": 31.897, "Index Cond": "(movie_id = t.id)", "Rows Removed by Index Recheck": 0, "Filter": "((note)::text = ANY ('{(writer),\"(head writer)\",\"(written by)\",(story),\"(story editor)\"}'::text[]))", "Rows Removed by Filter": 12296, "Actual Rows": 268}], "Actual Rows": 268}, {"Node Type": "Index Scan", "Parent Relationship": "Inner", "Scan Direction": "Forward", "Index Name": "name_pkey", "Relation Name": "name", "Alias": "n", "Startup Cost": 0.0, "Total Cost": 0.49, "Plan Rows": 1, "Plan Width": 4, "Actual Min Startup Time": 2.298, "Actual Max Startup Time": 2.298, "Actual Min Total Time": 2.298, "Actual Max Total Time": 2.298, "Index Cond": "(id = ci.person_id)", "Rows Removed by Index Recheck": 0, "Filter": "((gender IS NOT NULL) AND ((gender)::text = 'f'::text))", "Rows Removed by Filter": 257, "Actual Rows": 11}], "Actual Rows": 11}], "Actual Rows": 1}, "Triggers": [], "Planner Runtime": 47.81, "Total Runtime": 757.105, "Unique SQL Id": 661781350}}, "(64, '45')": {"explain_plan": {"Plan": {"Node Type": "Aggregate", "Strategy": "Plain", "Startup Cost": 100899.17, "Total Cost": 100899.18, "Plan Rows": 1, "Plan Width": 160, "Plans": [{"Node Type": "Nested Loop", "Parent Relationship": "Outer", "Join Type": "Inner", "Startup Cost": 0.0, "Total Cost": 100897.52, "Plan Rows": 219, "Plan Width": 64, "Inner Unique": true, "Plans": [{"Node Type": "Nested Loop", "Parent Relationship": "Outer", "Join Type": "Inner", "Startup Cost": 0.0, "Total Cost": 100736.53, "Plan Rows": 321, "Plan Width": 68, "Inner Unique": false, "Plans": [{"Node Type": "Nested Loop", "Parent Relationship": "Outer", "Join Type": "Inner", "Startup Cost": 0.0, "Total Cost": 100051.51, "Plan Rows": 291, "Plan Width": 76, "Inner Unique": false, "Join Filter": "(mi.info_type_id = it1.id)", "Plans": [{"Node Type": "Index Scan", "Parent Relationship": "Outer", "Scan Direction": "Forward", "Index Name": "info_type_pkey", "Relation Name": "info_type", "Alias": "it1", "Startup Cost": 0.0, "Total Cost": 14.21, "Plan Rows": 1, "Plan Width": 4, "Filter": "((info)::text = 'genres'::text)"}, {"Node Type": "Nested Loop", "Parent Relationship": "Inner", "Join Type": "Inner", "Startup Cost": 0.0, "Total Cost": 99865.39, "Plan Rows": 13753, "Plan Width": 80, "Inner Unique": false, "Plans": [{"Node Type": "Nested Loop", "Parent Relationship": "Outer", "Join Type": "Inner", "Startup Cost": 0.0, "Total Cost": 78493.26, "Plan Rows": 15041, "Plan Width": 30, "Inner Unique": true, "Plans": [{"Node Type": "Nested Loop", "Parent Relationship": "Outer", "Join Type": "Inner", "Startup Cost": 0.0, "Total Cost": 35880.0, "Plan Rows": 12936, "Plan Width": 9, "Inner Unique": false, "Plans": [{"Node Type": "Index Scan", "Parent Relationship": "Outer", "Scan Direction": "Forward", "Index Name": "info_type_pkey", "Relation Name": "info_type", "Alias": "it2", "Startup Cost": 0.0, "Total Cost": 14.21, "Plan Rows": 1, "Plan Width": 4, "Filter": "((info)::text = 'rating'::text)"}, {"Node Type": "Index Scan", "Parent Relationship": "Inner", "Scan Direction": "Forward", "Index Name": "info_type_id_movie_info_idx", "Relation Name": "movie_info_idx", "Alias": "mi_idx", "Startup Cost": 0.0, "Total Cost": 35736.43, "Plan Rows": 12936, "Plan Width": 13, "Index Cond": "(info_type_id = it2.id)", "Filter": "((info)::text > '8.0'::text)"}]}, {"Node Type": "Index Scan", "Parent Relationship": "Inner", "Scan Direction": "Forward", "Index Name": "title_pkey", "Relation Name": "title", "Alias": "t", "Startup Cost": 0.0, "Total Cost": 3.28, "Plan Rows": 1, "Plan Width": 21, "Index Cond": "(id = mi_idx.movie_id)", "Filter": "((production_year >= 2008) AND (production_year <= 2014))"}]}, {"Node Type": "Index Scan", "Parent Relationship": "Inner", "Scan Direction": "Forward", "Index Name": "movie_id_movie_info", "Relation Name": "movie_info", "Alias": "mi", "Startup Cost": 0.0, "Total Cost": 1.41, "Plan Rows": 1, "Plan Width": 50, "Index Cond": "(movie_id = t.id)", "Filter": "((note IS NULL) AND ((info)::text = ANY ('{Horror,Thriller}'::text[])))"}]}]}, {"Node Type": "Index Scan", "Parent Relationship": "Inner", "Scan Direction": "Forward", "Index Name": "movie_id_cast_info", "Relation Name": "cast_info", "Alias": "ci", "Startup Cost": 0.0, "Total Cost": 2.34, "Plan Rows": 1, "Plan Width": 8, "Index Cond": "(movie_id = t.id)", "Filter": "((note)::text = ANY ('{(writer),\"(head writer)\",\"(written by)\",(story),\"(story editor)\"}'::text[]))"}]}, {"Node Type": "Index Scan", "Parent Relationship": "Inner", "Scan Direction": "Forward", "Index Name": "name_pkey", "Relation Name": "name", "Alias": "n", "Startup Cost": 0.0, "Total Cost": 0.49, "Plan Rows": 1, "Plan Width": 4, "Index Cond": "(id = ci.person_id)", "Filter": "((gender IS NOT NULL) AND ((gender)::text = 'f'::text))"}]}]}, "Unique SQL Id": 661781350, "Planner Runtime": 11}, "explain_analyze_plan": {"Plan": {"Node Type": "Aggregate", "Strategy": "Plain", "Startup Cost": 100899.17, "Total Cost": 100899.18, "Plan Rows": 1, "Plan Width": 160, "Actual Startup Time": 646.883, "Actual Total Time": 646.883, "Actual Rows": 1, "Actual Loops": 1, "Plans": [{"Node Type": "Nested Loop", "Parent Relationship": "Outer", "Join Type": "Inner", "Startup Cost": 0.0, "Total Cost": 100897.52, "Plan Rows": 219, "Plan Width": 64, "Actual Startup Time": 302.209, "Actual Total Time": 646.822, "Actual Rows": 11, "Actual Loops": 1, "Inner Unique": true, "Plans": [{"Node Type": "Nested Loop", "Parent Relationship": "Outer", "Join Type": "Inner", "Startup Cost": 0.0, "Total Cost": 100736.53, "Plan Rows": 321, "Plan Width": 68, "Actual Startup Time": 80.274, "Actual Total Time": 644.093, "Actual Rows": 268, "Actual Loops": 1, "Inner Unique": false, "Plans": [{"Node Type": "Nested Loop", "Parent Relationship": "Outer", "Join Type": "Inner", "Startup Cost": 0.0, "Total Cost": 100051.51, "Plan Rows": 291, "Plan Width": 76, "Actual Startup Time": 9.546, "Actual Total Time": 610.969, "Actual Rows": 358, "Actual Loops": 1, "Inner Unique": false, "Join Filter": "(mi.info_type_id = it1.id)", "Rows Removed by Join Filter": 0, "Plans": [{"Node Type": "Index Scan", "Parent Relationship": "Outer", "Scan Direction": "Forward", "Index Name": "info_type_pkey", "Relation Name": "info_type", "Alias": "it1", "Startup Cost": 0.0, "Total Cost": 14.21, "Plan Rows": 1, "Plan Width": 4, "Actual Startup Time": 0.023, "Actual Total Time": 0.078, "Actual Rows": 1, "Actual Loops": 1, "Filter": "((info)::text = 'genres'::text)", "Rows Removed by Filter": 111}, {"Node Type": "Nested Loop", "Parent Relationship": "Inner", "Join Type": "Inner", "Startup Cost": 0.0, "Total Cost": 99865.39, "Plan Rows": 13753, "Plan Width": 80, "Actual Startup Time": 9.515, "Actual Total Time": 610.676, "Actual Rows": 358, "Actual Loops": 1, "Inner Unique": false, "Plans": [{"Node Type": "Nested Loop", "Parent Relationship": "Outer", "Join Type": "Inner", "Startup Cost": 0.0, "Total Cost": 78493.26, "Plan Rows": 15041, "Plan Width": 30, "Actual Startup Time": 1.779, "Actual Total Time": 448.29, "Actual Rows": 6152, "Actual Loops": 1, "Inner Unique": true, "Plans": [{"Node Type": "Nested Loop", "Parent Relationship": "Outer", "Join Type": "Inner", "Startup Cost": 0.0, "Total Cost": 35880.0, "Plan Rows": 12936, "Plan Width": 9, "Actual Startup Time": 0.091, "Actual Total Time": 360.8, "Actual Rows": 15849, "Actual Loops": 1, "Inner Unique": false, "Plans": [{"Node Type": "Index Scan", "Parent Relationship": "Outer", "Scan Direction": "Forward", "Index Name": "info_type_pkey", "Relation Name": "info_type", "Alias": "it2", "Startup Cost": 0.0, "Total Cost": 14.21, "Plan Rows": 1, "Plan Width": 4, "Actual Startup Time": 0.051, "Actual Total Time": 0.061, "Actual Rows": 1, "Actual Loops": 1, "Filter": "((info)::text = 'rating'::text)", "Rows Removed by Filter": 111}, {"Node Type": "Index Scan", "Parent Relationship": "Inner", "Scan Direction": "Forward", "Index Name": "info_type_id_movie_info_idx", "Relation Name": "movie_info_idx", "Alias": "mi_idx", "Startup Cost": 0.0, "Total Cost": 35736.43, "Plan Rows": 12936, "Plan Width": 13, "Actual Startup Time": 0.039, "Actual Total Time": 357.075, "Actual Rows": 15849, "Actual Loops": 1, "Index Cond": "(info_type_id = it2.id)", "Rows Removed by Index Recheck": 0, "Filter": "((info)::text > '8.0'::text)", "Rows Removed by Filter": 444076}]}, {"Node Type": "Index Scan", "Parent Relationship": "Inner", "Scan Direction": "Forward", "Index Name": "title_pkey", "Relation Name": "title", "Alias": "t", "Startup Cost": 0.0, "Total Cost": 3.28, "Plan Rows": 1, "Plan Width": 21, "Actual Startup Time": 77.447, "Actual Total Time": 77.447, "Actual Rows": 6152, "Actual Loops": 15849, "Index Cond": "(id = mi_idx.movie_id)", "Rows Removed by Index Recheck": 0, "Filter": "((production_year >= 2008) AND (production_year <= 2014))", "Rows Removed by Filter": 9697}]}, {"Node Type": "Index Scan", "Parent Relationship": "Inner", "Scan Direction": "Forward", "Index Name": "movie_id_movie_info", "Relation Name": "movie_info", "Alias": "mi", "Startup Cost": 0.0, "Total Cost": 1.41, "Plan Rows": 1, "Plan Width": 50, "Actual Startup Time": 158.486, "Actual Total Time": 158.794, "Actual Rows": 358, "Actual Loops": 6152, "Index Cond": "(movie_id = t.id)", "Rows Removed by Index Recheck": 0, "Filter": "((note IS NULL) AND ((info)::text = ANY ('{Horror,Thriller}'::text[])))", "Rows Removed by Filter": 109599}]}]}, {"Node Type": "Index Scan", "Parent Relationship": "Inner", "Scan Direction": "Forward", "Index Name": "movie_id_cast_info", "Relation Name": "cast_info", "Alias": "ci", "Startup Cost": 0.0, "Total Cost": 2.34, "Plan Rows": 1, "Plan Width": 8, "Actual Startup Time": 25.735, "Actual Total Time": 32.721, "Actual Rows": 268, "Actual Loops": 358, "Index Cond": "(movie_id = t.id)", "Rows Removed by Index Recheck": 0, "Filter": "((note)::text = ANY ('{(writer),\"(head writer)\",\"(written by)\",(story),\"(story editor)\"}'::text[]))", "Rows Removed by Filter": 12296}]}, {"Node Type": "Index Scan", "Parent Relationship": "Inner", "Scan Direction": "Forward", "Index Name": "name_pkey", "Relation Name": "name", "Alias": "n", "Startup Cost": 0.0, "Total Cost": 0.49, "Plan Rows": 1, "Plan Width": 4, "Actual Startup Time": 2.504, "Actual Total Time": 2.504, "Actual Rows": 11, "Actual Loops": 268, "Index Cond": "(id = ci.person_id)", "Rows Removed by Index Recheck": 0, "Filter": "((gender IS NOT NULL) AND ((gender)::text = 'f'::text))", "Rows Removed by Filter": 257}]}]}, "Triggers": [], "Planner Runtime": 19.617, "Total Runtime": 647.192, "Unique SQL Id": 661781350}}, "(64, '46')": {"explain_plan": {"Plan": {"Node Type": "Aggregate", "Strategy": "Plain", "Startup Cost": 296070.58, "Total Cost": 296070.59, "Plan Rows": 1, "Plan Width": 160, "Plans": [{"Node Type": "Nested Loop", "Parent Relationship": "Outer", "Join Type": "Inner", "Startup Cost": 160836.71, "Total Cost": 296068.83, "Plan Rows": 233, "Plan Width": 64, "Inner Unique": false, "Join Filter": "(mi_idx.info_type_id = it2.id)", "Plans": [{"Node Type": "Seq Scan", "Parent Relationship": "Outer", "Relation Name": "info_type", "Alias": "it2", "Startup Cost": 0.0, "Total Cost": 2.4, "Plan Rows": 1, "Plan Width": 4, "Filter": "((info)::text = 'rating'::text)"}, {"Node Type": "Materialize", "Parent Relationship": "Inner", "Startup Cost": 160836.71, "Total Cost": 296057.09, "Plan Rows": 934, "Plan Width": 68, "Plans": [{"Node Type": "Hash Join", "Parent Relationship": "Outer", "Join Type": "Inner", "Startup Cost": 160836.71, "Total Cost": 296054.76, "Plan Rows": 934, "Plan Width": 68, "Inner Unique": true, "Hash Cond": "(ci.person_id = n.id)", "Plans": [{"Node Type": "Streaming(type: LOCAL GATHER dop: 1/64)", "Parent Relationship": "Outer", "Startup Cost": 133658.47, "Total Cost": 268862.37, "Plan Rows": 1285, "Plan Width": 72, "Plans": [{"Node Type": "Hash Join", "Parent Relationship": "Outer", "Join Type": "Inner", "Startup Cost": 133658.47, "Total Cost": 268835.86, "Plan Rows": 1285, "Plan Width": 72, "Inner Unique": false, "Hash Cond": "(t.id = ci.movie_id)", "Plans": [{"Node Type": "Streaming(type: BROADCAST dop: 64/1)", "Parent Relationship": "Outer", "Startup Cost": 114433.24, "Total Cost": 249543.62, "Plan Rows": 74368, "Plan Width": 80, "Plans": [{"Node Type": "Hash Join", "Parent Relationship": "Outer", "Join Type": "Inner", "Startup Cost": 114433.24, "Total Cost": 185009.41, "Plan Rows": 1162, "Plan Width": 80, "Inner Unique": true, "Hash Cond": "(mi.movie_id = t.id)", "Plans": [{"Node Type": "Hash Join", "Parent Relationship": "Outer", "Join Type": "Inner", "Startup Cost": 24371.25, "Total Cost": 94932.05, "Plan Rows": 999, "Plan Width": 59, "Inner Unique": false, "Hash Cond": "(mi.movie_id = mi_idx.movie_id)", "Plans": [{"Node Type": "Nested Loop", "Parent Relationship": "Outer", "Join Type": "Inner", "Startup Cost": 0.0, "Total Cost": 70475.56, "Plan Rows": 971, "Plan Width": 46, "Inner Unique": false, "Join Filter": "(it1.id = mi.info_type_id)", "Plans": [{"Node Type": "Seq Scan", "Parent Relationship": "Outer", "Relation Name": "info_type", "Alias": "it1", "Startup Cost": 0.0, "Total Cost": 2.4, "Plan Rows": 1, "Plan Width": 4, "Filter": "((info)::text = 'genres'::text)"}, {"Node Type": "Materialize", "Parent Relationship": "Inner", "Startup Cost": 0.0, "Total Cost": 69793.45, "Plan Rows": 67971, "Plan Width": 50, "Plans": [{"Node Type": "Streaming(type: LOCAL GATHER dop: 1/64)", "Parent Relationship": "Outer", "Startup Cost": 0.0, "Total Cost": 69623.52, "Plan Rows": 67971, "Plan Width": 50, "Plans": [{"Node Type": "Seq Scan", "Parent Relationship": "Outer", "Relation Name": "movie_info", "Alias": "mi", "Startup Cost": 0.0, "Total Cost": 68221.29, "Plan Rows": 67971, "Plan Width": 50, "Filter": "((note IS NULL) AND ((info)::text = ANY ('{Horror,Thriller}'::text[])))"}]}]}]}, {"Node Type": "Hash", "Parent Relationship": "Inner", "Startup Cost": 23724.42, "Total Cost": 23724.42, "Plan Rows": 51746, "Plan Width": 13, "Plans": [{"Node Type": "Seq Scan", "Parent Relationship": "Outer", "Relation Name": "movie_info_idx", "Alias": "mi_idx", "Startup Cost": 0.0, "Total Cost": 23724.42, "Plan Rows": 51746, "Plan Width": 13, "Filter": "((info)::text > '8.0'::text)"}]}]}, {"Node Type": "Hash", "Parent Relationship": "Inner", "Startup Cost": 80280.08, "Total Cost": 80280.08, "Plan Rows": 782553, "Plan Width": 21, "Plans": [{"Node Type": "Streaming(type: LOCAL GATHER dop: 1/64)", "Parent Relationship": "Outer", "Startup Cost": 288.58, "Total Cost": 80280.08, "Plan Rows": 782553, "Plan Width": 21, "Plans": [{"Node Type": "Seq Scan", "Parent Relationship": "Outer", "Relation Name": "title", "Alias": "t", "Startup Cost": 288.58, "Total Cost": 64136.1, "Plan Rows": 782553, "Plan Width": 21, "Filter": "((production_year >= 2008) AND (production_year <= 2014)), (LLVM Optimized)"}]}]}]}]}, {"Node Type": "Hash", "Parent Relationship": "Inner", "Startup Cost": 75945.31, "Total Cost": 75945.31, "Plan Rows": 1223154, "Plan Width": 8, "Plans": [{"Node Type": "Seq Scan", "Parent Relationship": "Outer", "Relation Name": "cast_info", "Alias": "ci", "Startup Cost": 0.0, "Total Cost": 75945.31, "Plan Rows": 1223154, "Plan Width": 8, "Filter": "((note)::text = ANY ('{(writer),\"(head writer)\",\"(written by)\",(story),\"(story editor)\"}'::text[]))"}]}]}]}, {"Node Type": "Hash", "Parent Relationship": "Inner", "Startup Cost": 77496.77, "Total Cost": 77496.77, "Plan Rows": 624324, "Plan Width": 4, "Plans": [{"Node Type": "Streaming(type: LOCAL GATHER dop: 1/64)", "Parent Relationship": "Outer", "Startup Cost": 0.0, "Total Cost": 77496.77, "Plan Rows": 624324, "Plan Width": 4, "Plans": [{"Node Type": "Seq Scan", "Parent Relationship": "Outer", "Relation Name": "name", "Alias": "n", "Startup Cost": 0.0, "Total Cost": 64617.04, "Plan Rows": 624324, "Plan Width": 4, "Filter": "((gender IS NOT NULL) AND ((gender)::text = 'f'::text)), (LLVM Optimized)"}]}]}]}]}]}]}, "Unique SQL Id": 661781350, "Planner Runtime": 88}, "explain_analyze_plan": null}, "(64, '47')": {"explain_plan": {"Plan": {"Node Type": "Aggregate", "Strategy": "Plain", "Startup Cost": 7000346498707.9, "Total Cost": 7000346498707.91, "Plan Rows": 1, "Plan Width": 160, "Plans": [{"Node Type": "Nested Loop", "Parent Relationship": "Outer", "Join Type": "Inner", "Startup Cost": 70000000000.0, "Total Cost": 7000346498706.15, "Plan Rows": 233, "Plan Width": 64, "Inner Unique": false, "Join Filter": "(mi.movie_id = t.id)", "Plans": [{"Node Type": "Index Scan", "Parent Relationship": "Outer", "Scan Direction": "Forward", "Index Name": "title_pkey", "Relation Name": "title", "Alias": "t", "Startup Cost": 10000000000.0, "Total Cost": 1000012276204.41, "Plan Rows": 782553, "Plan Width": 21, "Filter": "((production_year >= 2008) AND (production_year <= 2014)), (LLVM Optimized)"}, {"Node Type": "Materialize", "Parent Relationship": "Inner", "Startup Cost": 60000000000.0, "Total Cost": 6000331874843.24, "Plan Rows": 200, "Plan Width": 59, "Plans": [{"Node Type": "Nested Loop", "Parent Relationship": "Outer", "Join Type": "Inner", "Startup Cost": 60000000000.0, "Total Cost": 6000331874842.24, "Plan Rows": 200, "Plan Width": 59, "Inner Unique": true, "Join Filter": "(ci.person_id = n.id)", "Plans": [{"Node Type": "Nested Loop", "Parent Relationship": "Outer", "Join Type": "Inner", "Startup Cost": 50000000000.0, "Total Cost": 5000310623432.87, "Plan Rows": 276, "Plan Width": 63, "Inner Unique": false, "Join Filter": "(mi.movie_id = ci.movie_id)", "Plans": [{"Node Type": "Nested Loop", "Parent Relationship": "Outer", "Join Type": "Inner", "Startup Cost": 40000000000.0, "Total Cost": 4000112722530.52, "Plan Rows": 250, "Plan Width": 55, "Inner Unique": false, "Join Filter": "(mi.movie_id = mi_idx.movie_id)", "Plans": [{"Node Type": "Nested Loop", "Parent Relationship": "Outer", "Join Type": "Inner", "Startup Cost": 20000000000.0, "Total Cost": 2000107536844.28, "Plan Rows": 971, "Plan Width": 46, "Inner Unique": true, "Join Filter": "(it1.id = mi.info_type_id)", "Plans": [{"Node Type": "Index Scan", "Parent Relationship": "Outer", "Scan Direction": "Forward", "Index Name": "movie_id_movie_info", "Relation Name": "movie_info", "Alias": "mi", "Startup Cost": 10000000000.0, "Total Cost": 1000107534403.72, "Plan Rows": 67971, "Plan Width": 50, "Filter": "((note IS NULL) AND ((info)::text = ANY ('{Horror,Thriller}'::text[])))"}, {"Node Type": "Materialize", "Parent Relationship": "Inner", "Startup Cost": 10000000000.0, "Total Cost": 1000000001421.0, "Plan Rows": 1, "Plan Width": 4, "Plans": [{"Node Type": "Index Scan", "Parent Relationship": "Outer", "Scan Direction": "Forward", "Index Name": "info_type_pkey", "Relation Name": "info_type", "Alias": "it1", "Startup Cost": 10000000000.0, "Total Cost": 1000000001421.0, "Plan Rows": 1, "Plan Width": 4, "Filter": "((info)::text = 'genres'::text)"}]}]}, {"Node Type": "Materialize", "Parent Relationship": "Inner", "Startup Cost": 20000000000.0, "Total Cost": 2000004997305.74, "Plan Rows": 12936, "Plan Width": 9, "Plans": [{"Node Type": "Nested Loop", "Parent Relationship": "Outer", "Join Type": "Inner", "Startup Cost": 20000000000.0, "Total Cost": 2000004997241.06, "Plan Rows": 12936, "Plan Width": 9, "Inner Unique": true, "Join Filter": "(it2.id = mi_idx.info_type_id)", "Plans": [{"Node Type": "Index Scan", "Parent Relationship": "Outer", "Scan Direction": "Forward", "Index Name": "movie_id_movie_info_idx", "Relation Name": "movie_info_idx", "Alias": "mi_idx", "Startup Cost": 10000000000.0, "Total Cost": 1000004995043.87, "Plan Rows": 51746, "Plan Width": 13, "Filter": "((info)::text > '8.0'::text)"}, {"Node Type": "Materialize", "Parent Relationship": "Inner", "Startup Cost": 10000000000.0, "Total Cost": 1000000001421.0, "Plan Rows": 1, "Plan Width": 4, "Plans": [{"Node Type": "Index Scan", "Parent Relationship": "Outer", "Scan Direction": "Forward", "Index Name": "info_type_pkey", "Relation Name": "info_type", "Alias": "it2", "Startup Cost": 10000000000.0, "Total Cost": 1000000001421.0, "Plan Rows": 1, "Plan Width": 4, "Filter": "((info)::text = 'rating'::text)"}]}]}]}]}, {"Node Type": "Materialize", "Parent Relationship": "Inner", "Startup Cost": 10000000000.0, "Total Cost": 1000193317132.73, "Plan Rows": 1223154, "Plan Width": 8, "Plans": [{"Node Type": "Index Scan", "Parent Relationship": "Outer", "Scan Direction": "Forward", "Index Name": "person_id_cast_info", "Relation Name": "cast_info", "Alias": "ci", "Startup Cost": 10000000000.0, "Total Cost": 1000193311016.96, "Plan Rows": 1223154, "Plan Width": 8, "Filter": "((note)::text = ANY ('{(writer),\"(head writer)\",\"(written by)\",(story),\"(story editor)\"}'::text[]))"}]}]}, {"Node Type": "Materialize", "Parent Relationship": "Inner", "Startup Cost": 10000000000.0, "Total Cost": 1000018668268.82, "Plan Rows": 624324, "Plan Width": 4, "Plans": [{"Node Type": "Index Scan", "Parent Relationship": "Outer", "Scan Direction": "Forward", "Index Name": "name_pkey", "Relation Name": "name", "Alias": "n", "Startup Cost": 10000000000.0, "Total Cost": 1000018665147.2, "Plan Rows": 624324, "Plan Width": 4, "Filter": "((gender IS NOT NULL) AND ((gender)::text = 'f'::text)), (LLVM Optimized)"}]}]}]}]}]}, "Unique SQL Id": 661781350, "Planner Runtime": 32}, "explain_analyze_plan": null}, "(64, '48')": {"explain_plan": {"Plan": {"Node Type": "Aggregate", "Strategy": "Plain", "Startup Cost": 72993.18, "Total Cost": 72993.19, "Plan Rows": 1, "Plan Width": 160, "Plans": [{"Node Type": "Nested Loop", "Parent Relationship": "Outer", "Join Type": "Inner", "Startup Cost": 0.0, "Total Cost": 72991.54, "Plan Rows": 219, "Plan Width": 64, "Inner Unique": true, "Plans": [{"Node Type": "Nested Loop", "Parent Relationship": "Outer", "Join Type": "Inner", "Startup Cost": 0.0, "Total Cost": 72830.55, "Plan Rows": 321, "Plan Width": 68, "Inner Unique": false, "Plans": [{"Node Type": "Nested Loop", "Parent Relationship": "Outer", "Join Type": "Inner", "Startup Cost": 0.0, "Total Cost": 72145.52, "Plan Rows": 291, "Plan Width": 76, "Inner Unique": true, "Plans": [{"Node Type": "Nested Loop", "Parent Relationship": "Outer", "Join Type": "Inner", "Startup Cost": 0.0, "Total Cost": 71432.31, "Plan Rows": 250, "Plan Width": 55, "Inner Unique": false, "Join Filter": "(mi_idx.info_type_id = it2.id)", "Plans": [{"Node Type": "Seq Scan", "Parent Relationship": "Outer", "Relation Name": "info_type", "Alias": "it2", "Startup Cost": 0.0, "Total Cost": 2.4, "Plan Rows": 1, "Plan Width": 4, "Filter": "((info)::text = 'rating'::text)"}, {"Node Type": "Nested Loop", "Parent Relationship": "Inner", "Join Type": "Inner", "Startup Cost": 0.0, "Total Cost": 71417.42, "Plan Rows": 999, "Plan Width": 59, "Inner Unique": false, "Plans": [{"Node Type": "Nested Loop", "Parent Relationship": "Outer", "Join Type": "Inner", "Startup Cost": 0.0, "Total Cost": 70475.56, "Plan Rows": 971, "Plan Width": 46, "Inner Unique": false, "Join Filter": "(it1.id = mi.info_type_id)", "Plans": [{"Node Type": "Seq Scan", "Parent Relationship": "Outer", "Relation Name": "info_type", "Alias": "it1", "Startup Cost": 0.0, "Total Cost": 2.4, "Plan Rows": 1, "Plan Width": 4, "Filter": "((info)::text = 'genres'::text)"}, {"Node Type": "Materialize", "Parent Relationship": "Inner", "Startup Cost": 0.0, "Total Cost": 69793.45, "Plan Rows": 67971, "Plan Width": 50, "Plans": [{"Node Type": "Streaming(type: LOCAL GATHER dop: 1/64)", "Parent Relationship": "Outer", "Startup Cost": 0.0, "Total Cost": 69623.52, "Plan Rows": 67971, "Plan Width": 50, "Plans": [{"Node Type": "Seq Scan", "Parent Relationship": "Outer", "Relation Name": "movie_info", "Alias": "mi", "Startup Cost": 0.0, "Total Cost": 68221.29, "Plan Rows": 67971, "Plan Width": 50, "Filter": "((note IS NULL) AND ((info)::text = ANY ('{Horror,Thriller}'::text[])))"}]}]}]}, {"Node Type": "Index Scan", "Parent Relationship": "Inner", "Scan Direction": "Forward", "Index Name": "movie_id_movie_info_idx", "Relation Name": "movie_info_idx", "Alias": "mi_idx", "Startup Cost": 0.0, "Total Cost": 0.96, "Plan Rows": 1, "Plan Width": 13, "Index Cond": "(movie_id = mi.movie_id)", "Filter": "((info)::text > '8.0'::text)"}]}]}, {"Node Type": "Index Scan", "Parent Relationship": "Inner", "Scan Direction": "Forward", "Index Name": "title_pkey", "Relation Name": "title", "Alias": "t", "Startup Cost": 0.0, "Total Cost": 2.84, "Plan Rows": 1, "Plan Width": 21, "Index Cond": "(id = mi.movie_id)", "Filter": "((production_year >= 2008) AND (production_year <= 2014))"}]}, {"Node Type": "Index Scan", "Parent Relationship": "Inner", "Scan Direction": "Forward", "Index Name": "movie_id_cast_info", "Relation Name": "cast_info", "Alias": "ci", "Startup Cost": 0.0, "Total Cost": 2.34, "Plan Rows": 1, "Plan Width": 8, "Index Cond": "(movie_id = t.id)", "Filter": "((note)::text = ANY ('{(writer),\"(head writer)\",\"(written by)\",(story),\"(story editor)\"}'::text[]))"}]}, {"Node Type": "Index Scan", "Parent Relationship": "Inner", "Scan Direction": "Forward", "Index Name": "name_pkey", "Relation Name": "name", "Alias": "n", "Startup Cost": 0.0, "Total Cost": 0.49, "Plan Rows": 1, "Plan Width": 4, "Index Cond": "(id = ci.person_id)", "Filter": "((gender IS NOT NULL) AND ((gender)::text = 'f'::text))"}]}]}, "Unique SQL Id": 661781350, "Planner Runtime": 10}, "explain_analyze_plan": {"Plan": {"Node Type": "Aggregate", "Strategy": "Plain", "Startup Cost": 72993.18, "Total Cost": 72993.19, "Plan Rows": 1, "Plan Width": 160, "Actual Min Startup Time": 744.744, "Actual Max Startup Time": 744.744, "Actual Min Total Time": 744.745, "Actual Max Total Time": 744.745, "Plans": [{"Node Type": "Nested Loop", "Parent Relationship": "Outer", "Join Type": "Inner", "Startup Cost": 0.0, "Total Cost": 72991.54, "Plan Rows": 219, "Plan Width": 64, "Actual Min Startup Time": 360.554, "Actual Max Startup Time": 360.554, "Actual Min Total Time": 744.685, "Actual Max Total Time": 744.685, "Inner Unique": true, "Plans": [{"Node Type": "Nested Loop", "Parent Relationship": "Outer", "Join Type": "Inner", "Startup Cost": 0.0, "Total Cost": 72830.55, "Plan Rows": 321, "Plan Width": 68, "Actual Min Startup Time": 349.305, "Actual Max Startup Time": 349.305, "Actual Min Total Time": 742.187, "Actual Max Total Time": 742.187, "Inner Unique": false, "Plans": [{"Node Type": "Nested Loop", "Parent Relationship": "Outer", "Join Type": "Inner", "Startup Cost": 0.0, "Total Cost": 72145.52, "Plan Rows": 291, "Plan Width": 76, "Actual Min Startup Time": 347.86, "Actual Max Startup Time": 347.86, "Actual Min Total Time": 710.007, "Actual Max Total Time": 710.007, "Inner Unique": true, "Plans": [{"Node Type": "Nested Loop", "Parent Relationship": "Outer", "Join Type": "Inner", "Startup Cost": 0.0, "Total Cost": 71432.31, "Plan Rows": 250, "Plan Width": 55, "Actual Min Startup Time": 347.833, "Actual Max Startup Time": 347.833, "Actual Min Total Time": 704.112, "Actual Max Total Time": 704.112, "Inner Unique": false, "Join Filter": "(mi_idx.info_type_id = it2.id)", "Rows Removed by Join Filter": 3403, "Plans": [{"Node Type": "Seq Scan", "Parent Relationship": "Outer", "Relation Name": "info_type", "Alias": "it2", "Startup Cost": 0.0, "Total Cost": 2.4, "Plan Rows": 1, "Plan Width": 4, "Actual Min Startup Time": 0.096, "Actual Max Startup Time": 0.096, "Actual Min Total Time": 0.108, "Actual Max Total Time": 0.108, "Filter": "((info)::text = 'rating'::text)", "Rows Removed by Filter": 111, "Actual Rows": 1}, {"Node Type": "Nested Loop", "Parent Relationship": "Inner", "Join Type": "Inner", "Startup Cost": 0.0, "Total Cost": 71417.42, "Plan Rows": 999, "Plan Width": 59, "Actual Min Startup Time": 347.719, "Actual Max Startup Time": 347.719, "Actual Min Total Time": 701.609, "Actual Max Total Time": 701.609, "Inner Unique": false, "Plans": [{"Node Type": "Nested Loop", "Parent Relationship": "Outer", "Join Type": "Inner", "Startup Cost": 0.0, "Total Cost": 70475.56, "Plan Rows": 971, "Plan Width": 46, "Actual Min Startup Time": 347.616, "Actual Max Startup Time": 347.616, "Actual Min Total Time": 386.749, "Actual Max Total Time": 386.749, "Inner Unique": false, "Join Filter": "(it1.id = mi.info_type_id)", "Rows Removed by Join Filter": 789, "Plans": [{"Node Type": "Seq Scan", "Parent Relationship": "Outer", "Relation Name": "info_type", "Alias": "it1", "Startup Cost": 0.0, "Total Cost": 2.4, "Plan Rows": 1, "Plan Width": 4, "Actual Min Startup Time": 0.046, "Actual Max Startup Time": 0.046, "Actual Min Total Time": 0.079, "Actual Max Total Time": 0.079, "Filter": "((info)::text = 'genres'::text)", "Rows Removed by Filter": 111, "Actual Rows": 1}, {"Node Type": "Materialize", "Parent Relationship": "Inner", "Startup Cost": 0.0, "Total Cost": 69793.45, "Plan Rows": 67971, "Plan Width": 50, "Actual Min Startup Time": 347.531, "Actual Max Startup Time": 347.531, "Actual Min Total Time": 357.593, "Actual Max Total Time": 357.593, "Plans": [{"Node Type": "Streaming(type: LOCAL GATHER dop: 1/64)", "Parent Relationship": "Outer", "Startup Cost": 0.0, "Total Cost": 69623.52, "Plan Rows": 67971, "Plan Width": 50, "Actual Min Startup Time": 182.821, "Actual Max Startup Time": 182.821, "Actual Min Total Time": 336.355, "Actual Max Total Time": 336.355, "Plans": [{"Node Type": "Seq Scan", "Parent Relationship": "Outer", "Relation Name": "movie_info", "Alias": "mi", "Startup Cost": 0.0, "Total Cost": 68221.29, "Plan Rows": 67971, "Plan Width": 50, "Actual Min Startup Time": 53.746, "Actual Max Startup Time": 120.053, "Actual Min Total Time": 96.673, "Actual Max Total Time": 129.021, "Filter": "((note IS NULL) AND ((info)::text = ANY ('{Horror,Thriller}'::text[])))", "Rows Removed by Filter": 14762672, "Actual Rows": 73047}], "Actual Rows": 73047}], "Actual Rows": 73048}], "Actual Rows": 72258}, {"Node Type": "Index Scan", "Parent Relationship": "Inner", "Scan Direction": "Forward", "Index Name": "movie_id_movie_info_idx", "Relation Name": "movie_info_idx", "Alias": "mi_idx", "Startup Cost": 0.0, "Total Cost": 0.96, "Plan Rows": 1, "Plan Width": 13, "Actual Min Startup Time": 276.39, "Actual Max Startup Time": 276.39, "Actual Min Total Time": 279.918, "Actual Max Total Time": 279.918, "Index Cond": "(movie_id = mi.movie_id)", "Rows Removed by Index Recheck": 0, "Filter": "((info)::text > '8.0'::text)", "Rows Removed by Filter": 113143, "Actual Rows": 4135}], "Actual Rows": 4135}], "Actual Rows": 732}, {"Node Type": "Index Scan", "Parent Relationship": "Inner", "Scan Direction": "Forward", "Index Name": "title_pkey", "Relation Name": "title", "Alias": "t", "Startup Cost": 0.0, "Total Cost": 2.84, "Plan Rows": 1, "Plan Width": 21, "Actual Min Startup Time": 5.3, "Actual Max Startup Time": 5.3, "Actual Min Total Time": 5.3, "Actual Max Total Time": 5.3, "Index Cond": "(id = mi.movie_id)", "Rows Removed by Index Recheck": 0, "Filter": "((production_year >= 2008) AND (production_year <= 2014))", "Rows Removed by Filter": 374, "Actual Rows": 358}], "Actual Rows": 358}, {"Node Type": "Index Scan", "Parent Relationship": "Inner", "Scan Direction": "Forward", "Index Name": "movie_id_cast_info", "Relation Name": "cast_info", "Alias": "ci", "Startup Cost": 0.0, "Total Cost": 2.34, "Plan Rows": 1, "Plan Width": 8, "Actual Min Startup Time": 25.141, "Actual Max Startup Time": 25.141, "Actual Min Total Time": 31.897, "Actual Max Total Time": 31.897, "Index Cond": "(movie_id = t.id)", "Rows Removed by Index Recheck": 0, "Filter": "((note)::text = ANY ('{(writer),\"(head writer)\",\"(written by)\",(story),\"(story editor)\"}'::text[]))", "Rows Removed by Filter": 12296, "Actual Rows": 268}], "Actual Rows": 268}, {"Node Type": "Index Scan", "Parent Relationship": "Inner", "Scan Direction": "Forward", "Index Name": "name_pkey", "Relation Name": "name", "Alias": "n", "Startup Cost": 0.0, "Total Cost": 0.49, "Plan Rows": 1, "Plan Width": 4, "Actual Min Startup Time": 2.298, "Actual Max Startup Time": 2.298, "Actual Min Total Time": 2.298, "Actual Max Total Time": 2.298, "Index Cond": "(id = ci.person_id)", "Rows Removed by Index Recheck": 0, "Filter": "((gender IS NOT NULL) AND ((gender)::text = 'f'::text))", "Rows Removed by Filter": 257, "Actual Rows": 11}], "Actual Rows": 11}], "Actual Rows": 1}, "Triggers": [], "Planner Runtime": 47.81, "Total Runtime": 757.105, "Unique SQL Id": 661781350}}, "(64, '49')": {"explain_plan": {"Plan": {"Node Type": "Aggregate", "Strategy": "Plain", "Startup Cost": 84230.9, "Total Cost": 84230.91, "Plan Rows": 1, "Plan Width": 160, "Plans": [{"Node Type": "Nested Loop", "Parent Relationship": "Outer", "Join Type": "Inner", "Startup Cost": 7419.04, "Total Cost": 84229.26, "Plan Rows": 219, "Plan Width": 64, "Inner Unique": true, "Plans": [{"Node Type": "Nested Loop", "Parent Relationship": "Outer", "Join Type": "Inner", "Startup Cost": 7419.04, "Total Cost": 84068.27, "Plan Rows": 321, "Plan Width": 68, "Inner Unique": false, "Plans": [{"Node Type": "Nested Loop", "Parent Relationship": "Outer", "Join Type": "Inner", "Startup Cost": 7419.04, "Total Cost": 83383.24, "Plan Rows": 291, "Plan Width": 76, "Inner Unique": false, "Join Filter": "(mi.info_type_id = it1.id)", "Plans": [{"Node Type": "Index Scan", "Parent Relationship": "Outer", "Scan Direction": "Forward", "Index Name": "info_type_pkey", "Relation Name": "info_type", "Alias": "it1", "Startup Cost": 0.0, "Total Cost": 14.21, "Plan Rows": 1, "Plan Width": 4, "Filter": "((info)::text = 'genres'::text)"}, {"Node Type": "Nested Loop", "Parent Relationship": "Inner", "Join Type": "Inner", "Startup Cost": 7419.04, "Total Cost": 83197.12, "Plan Rows": 13753, "Plan Width": 80, "Inner Unique": false, "Plans": [{"Node Type": "Nested Loop", "Parent Relationship": "Outer", "Join Type": "Inner", "Startup Cost": 7419.04, "Total Cost": 61824.99, "Plan Rows": 15041, "Plan Width": 30, "Inner Unique": true, "Plans": [{"Node Type": "Nested Loop", "Parent Relationship": "Outer", "Join Type": "Inner", "Startup Cost": 7419.04, "Total Cost": 19211.73, "Plan Rows": 12936, "Plan Width": 9, "Inner Unique": false, "Plans": [{"Node Type": "Index Scan", "Parent Relationship": "Outer", "Scan Direction": "Forward", "Index Name": "info_type_pkey", "Relation Name": "info_type", "Alias": "it2", "Startup Cost": 0.0, "Total Cost": 14.21, "Plan Rows": 1, "Plan Width": 4, "Filter": "((info)::text = 'rating'::text)"}, {"Node Type": "Bitmap Heap Scan", "Parent Relationship": "Inner", "Relation Name": "movie_info_idx", "Alias": "mi_idx", "Startup Cost": 7419.04, "Total Cost": 19068.16, "Plan Rows": 12936, "Plan Width": 13, "Recheck Cond": "(info_type_id = it2.id)", "Filter": "((info)::text > '8.0'::text)", "Plans": [{"Node Type": "Bitmap Index Scan", "Parent Relationship": "Outer", "Index Name": "info_type_id_movie_info_idx", "Startup Cost": 0.0, "Total Cost": 7415.81, "Plan Rows": 345008, "Plan Width": 0, "Index Cond": "(info_type_id = it2.id)"}]}]}, {"Node Type": "Index Scan", "Parent Relationship": "Inner", "Scan Direction": "Forward", "Index Name": "title_pkey", "Relation Name": "title", "Alias": "t", "Startup Cost": 0.0, "Total Cost": 3.28, "Plan Rows": 1, "Plan Width": 21, "Index Cond": "(id = mi_idx.movie_id)", "Filter": "((production_year >= 2008) AND (production_year <= 2014))"}]}, {"Node Type": "Index Scan", "Parent Relationship": "Inner", "Scan Direction": "Forward", "Index Name": "movie_id_movie_info", "Relation Name": "movie_info", "Alias": "mi", "Startup Cost": 0.0, "Total Cost": 1.41, "Plan Rows": 1, "Plan Width": 50, "Index Cond": "(movie_id = t.id)", "Filter": "((note IS NULL) AND ((info)::text = ANY ('{Horror,Thriller}'::text[])))"}]}]}, {"Node Type": "Index Scan", "Parent Relationship": "Inner", "Scan Direction": "Forward", "Index Name": "movie_id_cast_info", "Relation Name": "cast_info", "Alias": "ci", "Startup Cost": 0.0, "Total Cost": 2.34, "Plan Rows": 1, "Plan Width": 8, "Index Cond": "(movie_id = t.id)", "Filter": "((note)::text = ANY ('{(writer),\"(head writer)\",\"(written by)\",(story),\"(story editor)\"}'::text[]))"}]}, {"Node Type": "Index Scan", "Parent Relationship": "Inner", "Scan Direction": "Forward", "Index Name": "name_pkey", "Relation Name": "name", "Alias": "n", "Startup Cost": 0.0, "Total Cost": 0.49, "Plan Rows": 1, "Plan Width": 4, "Index Cond": "(id = ci.person_id)", "Filter": "((gender IS NOT NULL) AND ((gender)::text = 'f'::text))"}]}]}, "Unique SQL Id": 661781350, "Planner Runtime": 8}, "explain_analyze_plan": {"Plan": {"Node Type": "Aggregate", "Strategy": "Plain", "Startup Cost": 84230.9, "Total Cost": 84230.91, "Plan Rows": 1, "Plan Width": 160, "Actual Startup Time": 677.344, "Actual Total Time": 677.345, "Actual Rows": 1, "Actual Loops": 1, "Plans": [{"Node Type": "Nested Loop", "Parent Relationship": "Outer", "Join Type": "Inner", "Startup Cost": 7419.04, "Total Cost": 84229.26, "Plan Rows": 219, "Plan Width": 64, "Actual Startup Time": 358.103, "Actual Total Time": 677.277, "Actual Rows": 11, "Actual Loops": 1, "Inner Unique": true, "Plans": [{"Node Type": "Nested Loop", "Parent Relationship": "Outer", "Join Type": "Inner", "Startup Cost": 7419.04, "Total Cost": 84068.27, "Plan Rows": 321, "Plan Width": 68, "Actual Startup Time": 122.374, "Actual Total Time": 674.358, "Actual Rows": 268, "Actual Loops": 1, "Inner Unique": false, "Plans": [{"Node Type": "Nested Loop", "Parent Relationship": "Outer", "Join Type": "Inner", "Startup Cost": 7419.04, "Total Cost": 83383.24, "Plan Rows": 291, "Plan Width": 76, "Actual Startup Time": 60.014, "Actual Total Time": 639.461, "Actual Rows": 358, "Actual Loops": 1, "Inner Unique": false, "Join Filter": "(mi.info_type_id = it1.id)", "Rows Removed by Join Filter": 0, "Plans": [{"Node Type": "Index Scan", "Parent Relationship": "Outer", "Scan Direction": "Forward", "Index Name": "info_type_pkey", "Relation Name": "info_type", "Alias": "it1", "Startup Cost": 0.0, "Total Cost": 14.21, "Plan Rows": 1, "Plan Width": 4, "Actual Startup Time": 0.023, "Actual Total Time": 0.078, "Actual Rows": 1, "Actual Loops": 1, "Filter": "((info)::text = 'genres'::text)", "Rows Removed by Filter": 111}, {"Node Type": "Nested Loop", "Parent Relationship": "Inner", "Join Type": "Inner", "Startup Cost": 7419.04, "Total Cost": 83197.12, "Plan Rows": 13753, "Plan Width": 80, "Actual Startup Time": 59.983, "Actual Total Time": 639.116, "Actual Rows": 358, "Actual Loops": 1, "Inner Unique": false, "Plans": [{"Node Type": "Nested Loop", "Parent Relationship": "Outer", "Join Type": "Inner", "Startup Cost": 7419.04, "Total Cost": 61824.99, "Plan Rows": 15041, "Plan Width": 30, "Actual Startup Time": 53.217, "Actual Total Time": 450.165, "Actual Rows": 6152, "Actual Loops": 1, "Inner Unique": true, "Plans": [{"Node Type": "Nested Loop", "Parent Relationship": "Outer", "Join Type": "Inner", "Startup Cost": 7419.04, "Total Cost": 19211.73, "Plan Rows": 12936, "Plan Width": 9, "Actual Startup Time": 51.722, "Actual Total Time": 355.277, "Actual Rows": 15849, "Actual Loops": 1, "Inner Unique": false, "Plans": [{"Node Type": "Index Scan", "Parent Relationship": "Outer", "Scan Direction": "Forward", "Index Name": "info_type_pkey", "Relation Name": "info_type", "Alias": "it2", "Startup Cost": 0.0, "Total Cost": 14.21, "Plan Rows": 1, "Plan Width": 4, "Actual Startup Time": 0.05, "Actual Total Time": 0.06, "Actual Rows": 1, "Actual Loops": 1, "Filter": "((info)::text = 'rating'::text)", "Rows Removed by Filter": 111}, {"Node Type": "Bitmap Heap Scan", "Parent Relationship": "Inner", "Relation Name": "movie_info_idx", "Alias": "mi_idx", "Startup Cost": 7419.04, "Total Cost": 19068.16, "Plan Rows": 12936, "Plan Width": 13, "Actual Startup Time": 51.666, "Actual Total Time": 351.606, "Actual Rows": 15849, "Actual Loops": 1, "Recheck Cond": "(info_type_id = it2.id)", "Rows Removed by Index Recheck": 0, "Filter": "((info)::text > '8.0'::text)", "Rows Removed by Filter": 444076, "Exact Heap Blocks": 6472, "Lossy Heap Blocks": 6472, "Plans": [{"Node Type": "Bitmap Index Scan", "Parent Relationship": "Outer", "Index Name": "info_type_id_movie_info_idx", "Startup Cost": 0.0, "Total Cost": 7415.81, "Plan Rows": 345008, "Plan Width": 0, "Actual Startup Time": 50.423, "Actual Total Time": 50.423, "Actual Rows": 459925, "Actual Loops": 1, "Index Cond": "(info_type_id = it2.id)"}]}]}, {"Node Type": "Index Scan", "Parent Relationship": "Inner", "Scan Direction": "Forward", "Index Name": "title_pkey", "Relation Name": "title", "Alias": "t", "Startup Cost": 0.0, "Total Cost": 3.28, "Plan Rows": 1, "Plan Width": 21, "Actual Startup Time": 84.58, "Actual Total Time": 84.58, "Actual Rows": 6152, "Actual Loops": 15849, "Index Cond": "(id = mi_idx.movie_id)", "Rows Removed by Index Recheck": 0, "Filter": "((production_year >= 2008) AND (production_year <= 2014))", "Rows Removed by Filter": 9697}]}, {"Node Type": "Index Scan", "Parent Relationship": "Inner", "Scan Direction": "Forward", "Index Name": "movie_id_movie_info", "Relation Name": "movie_info", "Alias": "mi", "Startup Cost": 0.0, "Total Cost": 1.41, "Plan Rows": 1, "Plan Width": 50, "Actual Startup Time": 185.159, "Actual Total Time": 185.486, "Actual Rows": 358, "Actual Loops": 6152, "Index Cond": "(movie_id = t.id)", "Rows Removed by Index Recheck": 0, "Filter": "((note IS NULL) AND ((info)::text = ANY ('{Horror,Thriller}'::text[])))", "Rows Removed by Filter": 109599}]}]}, {"Node Type": "Index Scan", "Parent Relationship": "Inner", "Scan Direction": "Forward", "Index Name": "movie_id_cast_info", "Relation Name": "cast_info", "Alias": "ci", "Startup Cost": 0.0, "Total Cost": 2.34, "Plan Rows": 1, "Plan Width": 8, "Actual Startup Time": 27.099, "Actual Total Time": 34.483, "Actual Rows": 268, "Actual Loops": 358, "Index Cond": "(movie_id = t.id)", "Rows Removed by Index Recheck": 0, "Filter": "((note)::text = ANY ('{(writer),\"(head writer)\",\"(written by)\",(story),\"(story editor)\"}'::text[]))", "Rows Removed by Filter": 12296}]}, {"Node Type": "Index Scan", "Parent Relationship": "Inner", "Scan Direction": "Forward", "Index Name": "name_pkey", "Relation Name": "name", "Alias": "n", "Startup Cost": 0.0, "Total Cost": 0.49, "Plan Rows": 1, "Plan Width": 4, "Actual Startup Time": 2.683, "Actual Total Time": 2.683, "Actual Rows": 11, "Actual Loops": 268, "Index Cond": "(id = ci.person_id)", "Rows Removed by Index Recheck": 0, "Filter": "((gender IS NOT NULL) AND ((gender)::text = 'f'::text))", "Rows Removed by Filter": 257}]}]}, "Triggers": [], "Planner Runtime": 24.054, "Total Runtime": 677.738, "Unique SQL Id": 661781350}}, "(64, '50')": {"explain_plan": {"Plan": {"Node Type": "Aggregate", "Strategy": "Plain", "Startup Cost": 79040.0, "Total Cost": 79040.01, "Plan Rows": 1, "Plan Width": 160, "Plans": [{"Node Type": "Nested Loop", "Parent Relationship": "Outer", "Join Type": "Inner", "Startup Cost": 2.67, "Total Cost": 79038.35, "Plan Rows": 219, "Plan Width": 64, "Inner Unique": true, "Plans": [{"Node Type": "Nested Loop", "Parent Relationship": "Outer", "Join Type": "Inner", "Startup Cost": 2.36, "Total Cost": 77647.24, "Plan Rows": 321, "Plan Width": 68, "Inner Unique": false, "Plans": [{"Node Type": "Nested Loop", "Parent Relationship": "Outer", "Join Type": "Inner", "Startup Cost": 1.35, "Total Cost": 76154.06, "Plan Rows": 291, "Plan Width": 76, "Inner Unique": true, "Plans": [{"Node Type": "Nested Loop", "Parent Relationship": "Outer", "Join Type": "Inner", "Startup Cost": 0.55, "Total Cost": 74946.61, "Plan Rows": 250, "Plan Width": 55, "Inner Unique": false, "Join Filter": "(mi_idx.info_type_id = it2.id)", "Plans": [{"Node Type": "Seq Scan", "Parent Relationship": "Outer", "Relation Name": "info_type", "Alias": "it2", "Startup Cost": 0.0, "Total Cost": 2.4, "Plan Rows": 1, "Plan Width": 4, "Filter": "((info)::text = 'rating'::text)"}, {"Node Type": "Nested Loop", "Parent Relationship": "Inner", "Join Type": "Inner", "Startup Cost": 0.55, "Total Cost": 74931.73, "Plan Rows": 999, "Plan Width": 59, "Inner Unique": false, "Plans": [{"Node Type": "Nested Loop", "Parent Relationship": "Outer", "Join Type": "Inner", "Startup Cost": 0.0, "Total Cost": 70475.56, "Plan Rows": 971, "Plan Width": 46, "Inner Unique": false, "Join Filter": "(it1.id = mi.info_type_id)", "Plans": [{"Node Type": "Seq Scan", "Parent Relationship": "Outer", "Relation Name": "info_type", "Alias": "it1", "Startup Cost": 0.0, "Total Cost": 2.4, "Plan Rows": 1, "Plan Width": 4, "Filter": "((info)::text = 'genres'::text)"}, {"Node Type": "Materialize", "Parent Relationship": "Inner", "Startup Cost": 0.0, "Total Cost": 69793.45, "Plan Rows": 67971, "Plan Width": 50, "Plans": [{"Node Type": "Streaming(type: LOCAL GATHER dop: 1/64)", "Parent Relationship": "Outer", "Startup Cost": 0.0, "Total Cost": 69623.52, "Plan Rows": 67971, "Plan Width": 50, "Plans": [{"Node Type": "Seq Scan", "Parent Relationship": "Outer", "Relation Name": "movie_info", "Alias": "mi", "Startup Cost": 0.0, "Total Cost": 68221.29, "Plan Rows": 67971, "Plan Width": 50, "Filter": "((note IS NULL) AND ((info)::text = ANY ('{Horror,Thriller}'::text[])))"}]}]}]}, {"Node Type": "Bitmap Heap Scan", "Parent Relationship": "Inner", "Relation Name": "movie_info_idx", "Alias": "mi_idx", "Startup Cost": 0.55, "Total Cost": 4.58, "Plan Rows": 1, "Plan Width": 13, "Recheck Cond": "(movie_id = mi.movie_id)", "Filter": "((info)::text > '8.0'::text)", "Plans": [{"Node Type": "Bitmap Index Scan", "Parent Relationship": "Outer", "Index Name": "movie_id_movie_info_idx", "Startup Cost": 0.0, "Total Cost": 0.55, "Plan Rows": 2, "Plan Width": 0, "Index Cond": "(movie_id = mi.movie_id)"}]}]}]}, {"Node Type": "Bitmap Heap Scan", "Parent Relationship": "Inner", "Relation Name": "title", "Alias": "t", "Startup Cost": 0.8, "Total Cost": 4.82, "Plan Rows": 1, "Plan Width": 21, "Recheck Cond": "(id = mi.movie_id)", "Filter": "((production_year >= 2008) AND (production_year <= 2014))", "Plans": [{"Node Type": "Bitmap Index Scan", "Parent Relationship": "Outer", "Index Name": "title_pkey", "Startup Cost": 0.0, "Total Cost": 0.8, "Plan Rows": 1, "Plan Width": 0, "Index Cond": "(id = mi.movie_id)"}]}]}, {"Node Type": "Bitmap Heap Scan", "Parent Relationship": "Inner", "Relation Name": "cast_info", "Alias": "ci", "Startup Cost": 1.01, "Total Cost": 5.12, "Plan Rows": 1, "Plan Width": 8, "Recheck Cond": "(movie_id = t.id)", "Filter": "((note)::text = ANY ('{(writer),\"(head writer)\",\"(written by)\",(story),\"(story editor)\"}'::text[]))", "Plans": [{"Node Type": "Bitmap Index Scan", "Parent Relationship": "Outer", "Index Name": "movie_id_cast_info", "Startup Cost": 0.0, "Total Cost": 1.01, "Plan Rows": 6, "Plan Width": 0, "Index Cond": "(movie_id = t.id)"}]}]}, {"Node Type": "Bitmap Heap Scan", "Parent Relationship": "Inner", "Relation Name": "name", "Alias": "n", "Startup Cost": 0.31, "Total Cost": 4.32, "Plan Rows": 1, "Plan Width": 4, "Recheck Cond": "(id = ci.person_id)", "Filter": "((gender IS NOT NULL) AND ((gender)::text = 'f'::text))", "Plans": [{"Node Type": "Bitmap Index Scan", "Parent Relationship": "Outer", "Index Name": "name_pkey", "Startup Cost": 0.0, "Total Cost": 0.31, "Plan Rows": 1, "Plan Width": 0, "Index Cond": "(id = ci.person_id)"}]}]}]}, "Unique SQL Id": 661781350, "Planner Runtime": 16}, "explain_analyze_plan": {"Plan": {"Node Type": "Aggregate", "Strategy": "Plain", "Startup Cost": 79040.0, "Total Cost": 79040.01, "Plan Rows": 1, "Plan Width": 160, "Actual Min Startup Time": 812.811, "Actual Max Startup Time": 812.811, "Actual Min Total Time": 812.811, "Actual Max Total Time": 812.811, "Plans": [{"Node Type": "Nested Loop", "Parent Relationship": "Outer", "Join Type": "Inner", "Startup Cost": 2.67, "Total Cost": 79038.35, "Plan Rows": 219, "Plan Width": 64, "Actual Min Startup Time": 388.712, "Actual Max Startup Time": 388.712, "Actual Min Total Time": 812.752, "Actual Max Total Time": 812.752, "Inner Unique": true, "Plans": [{"Node Type": "Nested Loop", "Parent Relationship": "Outer", "Join Type": "Inner", "Startup Cost": 2.36, "Total Cost": 77647.24, "Plan Rows": 321, "Plan Width": 68, "Actual Min Startup Time": 307.647, "Actual Max Startup Time": 307.647, "Actual Min Total Time": 809.564, "Actual Max Total Time": 809.564, "Inner Unique": false, "Plans": [{"Node Type": "Nested Loop", "Parent Relationship": "Outer", "Join Type": "Inner", "Startup Cost": 1.35, "Total Cost": 76154.06, "Plan Rows": 291, "Plan Width": 76, "Actual Min Startup Time": 307.553, "Actual Max Startup Time": 307.553, "Actual Min Total Time": 770.697, "Actual Max Total Time": 770.697, "Inner Unique": true, "Plans": [{"Node Type": "Nested Loop", "Parent Relationship": "Outer", "Join Type": "Inner", "Startup Cost": 0.55, "Total Cost": 74946.61, "Plan Rows": 250, "Plan Width": 55, "Actual Min Startup Time": 307.523, "Actual Max Startup Time": 307.523, "Actual Min Total Time": 762.726, "Actual Max Total Time": 762.726, "Inner Unique": false, "Join Filter": "(mi_idx.info_type_id = it2.id)", "Rows Removed by Join Filter": 3403, "Plans": [{"Node Type": "Seq Scan", "Parent Relationship": "Outer", "Relation Name": "info_type", "Alias": "it2", "Startup Cost": 0.0, "Total Cost": 2.4, "Plan Rows": 1, "Plan Width": 4, "Actual Min Startup Time": 0.098, "Actual Max Startup Time": 0.098, "Actual Min Total Time": 0.118, "Actual Max Total Time": 0.118, "Filter": "((info)::text = 'rating'::text)", "Rows Removed by Filter": 111, "Actual Rows": 1}, {"Node Type": "Nested Loop", "Parent Relationship": "Inner", "Join Type": "Inner", "Startup Cost": 0.55, "Total Cost": 74931.73, "Plan Rows": 999, "Plan Width": 59, "Actual Min Startup Time": 306.981, "Actual Max Startup Time": 306.981, "Actual Min Total Time": 759.629, "Actual Max Total Time": 759.629, "Inner Unique": false, "Plans": [{"Node Type": "Nested Loop", "Parent Relationship": "Outer", "Join Type": "Inner", "Startup Cost": 0.0, "Total Cost": 70475.56, "Plan Rows": 971, "Plan Width": 46, "Actual Min Startup Time": 306.629, "Actual Max Startup Time": 306.629, "Actual Min Total Time": 349.143, "Actual Max Total Time": 349.143, "Inner Unique": false, "Join Filter": "(it1.id = mi.info_type_id)", "Rows Removed by Join Filter": 789, "Plans": [{"Node Type": "Seq Scan", "Parent Relationship": "Outer", "Relation Name": "info_type", "Alias": "it1", "Startup Cost": 0.0, "Total Cost": 2.4, "Plan Rows": 1, "Plan Width": 4, "Actual Min Startup Time": 0.057, "Actual Max Startup Time": 0.057, "Actual Min Total Time": 0.104, "Actual Max Total Time": 0.104, "Filter": "((info)::text = 'genres'::text)", "Rows Removed by Filter": 111, "Actual Rows": 1}, {"Node Type": "Materialize", "Parent Relationship": "Inner", "Startup Cost": 0.0, "Total Cost": 69793.45, "Plan Rows": 67971, "Plan Width": 50, "Actual Min Startup Time": 306.535, "Actual Max Startup Time": 306.535, "Actual Min Total Time": 317.705, "Actual Max Total Time": 317.705, "Plans": [{"Node Type": "Streaming(type: LOCAL GATHER dop: 1/64)", "Parent Relationship": "Outer", "Startup Cost": 0.0, "Total Cost": 69623.52, "Plan Rows": 67971, "Plan Width": 50, "Actual Min Startup Time": 155.585, "Actual Max Startup Time": 155.585, "Actual Min Total Time": 295.065, "Actual Max Total Time": 295.065, "Plans": [{"Node Type": "Seq Scan", "Parent Relationship": "Outer", "Relation Name": "movie_info", "Alias": "mi", "Startup Cost": 0.0, "Total Cost": 68221.29, "Plan Rows": 67971, "Plan Width": 50, "Actual Min Startup Time": 54.273, "Actual Max Startup Time": 100.083, "Actual Min Total Time": 93.948, "Actual Max Total Time": 115.419, "Filter": "((note IS NULL) AND ((info)::text = ANY ('{Horror,Thriller}'::text[])))", "Rows Removed by Filter": 14762672, "Actual Rows": 73047}], "Actual Rows": 73047}], "Actual Rows": 73048}], "Actual Rows": 72258}, {"Node Type": "Bitmap Heap Scan", "Parent Relationship": "Inner", "Relation Name": "movie_info_idx", "Alias": "mi_idx", "Startup Cost": 0.55, "Total Cost": 4.58, "Plan Rows": 1, "Plan Width": 13, "Actual Min Startup Time": 329.234, "Actual Max Startup Time": 329.234, "Actual Min Total Time": 331.022, "Actual Max Total Time": 331.022, "Recheck Cond": "(movie_id = mi.movie_id)", "Rows Removed by Index Recheck": 0, "Filter": "((info)::text > '8.0'::text)", "Rows Removed by Filter": 113143, "Exact Heap Blocks": 39507, "Lossy Heap Blocks": 39507, "Plans": [{"Node Type": "Bitmap Index Scan", "Parent Relationship": "Outer", "Index Name": "movie_id_movie_info_idx", "Startup Cost": 0.0, "Total Cost": 0.55, "Plan Rows": 2, "Plan Width": 0, "Actual Min Startup Time": 192.42, "Actual Max Startup Time": 192.42, "Actual Min Total Time": 192.42, "Actual Max Total Time": 192.42, "Index Cond": "(movie_id = mi.movie_id)", "Actual Rows": 117278}], "Actual Rows": 4135}], "Actual Rows": 4135}], "Actual Rows": 732}, {"Node Type": "Bitmap Heap Scan", "Parent Relationship": "Inner", "Relation Name": "title", "Alias": "t", "Startup Cost": 0.8, "Total Cost": 4.82, "Plan Rows": 1, "Plan Width": 21, "Actual Min Startup Time": 6.373, "Actual Max Startup Time": 6.373, "Actual Min Total Time": 6.373, "Actual Max Total Time": 6.373, "Recheck Cond": "(id = mi.movie_id)", "Rows Removed by Index Recheck": 0, "Filter": "((production_year >= 2008) AND (production_year <= 2014))", "Rows Removed by Filter": 374, "Exact Heap Blocks": 732, "Lossy Heap Blocks": 732, "Plans": [{"Node Type": "Bitmap Index Scan", "Parent Relationship": "Outer", "Index Name": "title_pkey", "Startup Cost": 0.0, "Total Cost": 0.8, "Plan Rows": 1, "Plan Width": 0, "Actual Min Startup Time": 3.652, "Actual Max Startup Time": 3.652, "Actual Min Total Time": 3.652, "Actual Max Total Time": 3.652, "Index Cond": "(id = mi.movie_id)", "Actual Rows": 732}], "Actual Rows": 358}], "Actual Rows": 358}, {"Node Type": "Bitmap Heap Scan", "Parent Relationship": "Inner", "Relation Name": "cast_info", "Alias": "ci", "Startup Cost": 1.01, "Total Cost": 5.12, "Plan Rows": 1, "Plan Width": 8, "Actual Min Startup Time": 30.892, "Actual Max Startup Time": 30.892, "Actual Min Total Time": 38.081, "Actual Max Total Time": 38.081, "Recheck Cond": "(movie_id = t.id)", "Rows Removed by Index Recheck": 0, "Filter": "((note)::text = ANY ('{(writer),\"(head writer)\",\"(written by)\",(story),\"(story editor)\"}'::text[]))", "Rows Removed by Filter": 12296, "Exact Heap Blocks": 11454, "Lossy Heap Blocks": 11454, "Plans": [{"Node Type": "Bitmap Index Scan", "Parent Relationship": "Outer", "Index Name": "movie_id_cast_info", "Startup Cost": 0.0, "Total Cost": 1.01, "Plan Rows": 6, "Plan Width": 0, "Actual Min Startup Time": 5.397, "Actual Max Startup Time": 5.397, "Actual Min Total Time": 5.397, "Actual Max Total Time": 5.397, "Index Cond": "(movie_id = t.id)", "Actual Rows": 12564}], "Actual Rows": 268}], "Actual Rows": 268}, {"Node Type": "Bitmap Heap Scan", "Parent Relationship": "Inner", "Relation Name": "name", "Alias": "n", "Startup Cost": 0.31, "Total Cost": 4.32, "Plan Rows": 1, "Plan Width": 4, "Actual Min Startup Time": 2.722, "Actual Max Startup Time": 2.722, "Actual Min Total Time": 2.722, "Actual Max Total Time": 2.722, "Recheck Cond": "(id = ci.person_id)", "Rows Removed by Index Recheck": 0, "Filter": "((gender IS NOT NULL) AND ((gender)::text = 'f'::text))", "Rows Removed by Filter": 257, "Exact Heap Blocks": 268, "Lossy Heap Blocks": 268, "Plans": [{"Node Type": "Bitmap Index Scan", "Parent Relationship": "Outer", "Index Name": "name_pkey", "Startup Cost": 0.0, "Total Cost": 0.31, "Plan Rows": 1, "Plan Width": 0, "Actual Min Startup Time": 1.726, "Actual Max Startup Time": 1.726, "Actual Min Total Time": 1.726, "Actual Max Total Time": 1.726, "Index Cond": "(id = ci.person_id)", "Actual Rows": 268}], "Actual Rows": 11}], "Actual Rows": 11}], "Actual Rows": 1}, "Triggers": [], "Planner Runtime": 65.639, "Total Runtime": 826.211, "Unique SQL Id": 661781350}}, "(64, '51')": {"explain_plan": {"Plan": {"Node Type": "Aggregate", "Strategy": "Plain", "Startup Cost": 157109.69, "Total Cost": 157109.7, "Plan Rows": 1, "Plan Width": 160, "Plans": [{"Node Type": "Nested Loop", "Parent Relationship": "Outer", "Join Type": "Inner", "Startup Cost": 7439.53, "Total Cost": 157108.05, "Plan Rows": 219, "Plan Width": 64, "Inner Unique": true, "Plans": [{"Node Type": "Nested Loop", "Parent Relationship": "Outer", "Join Type": "Inner", "Startup Cost": 7439.22, "Total Cost": 155716.93, "Plan Rows": 321, "Plan Width": 68, "Inner Unique": false, "Plans": [{"Node Type": "Nested Loop", "Parent Relationship": "Outer", "Join Type": "Inner", "Startup Cost": 7438.22, "Total Cost": 154223.75, "Plan Rows": 291, "Plan Width": 76, "Inner Unique": false, "Join Filter": "(mi.info_type_id = it1.id)", "Plans": [{"Node Type": "Bitmap Heap Scan", "Parent Relationship": "Outer", "Relation Name": "info_type", "Alias": "it1", "Startup Cost": 8.81, "Total Cost": 14.21, "Plan Rows": 1, "Plan Width": 4, "Filter": "((info)::text = 'genres'::text)", "Plans": [{"Node Type": "Bitmap Index Scan", "Parent Relationship": "Outer", "Index Name": "info_type_pkey", "Startup Cost": 0.0, "Total Cost": 8.81, "Plan Rows": 112, "Plan Width": 0}]}, {"Node Type": "Nested Loop", "Parent Relationship": "Inner", "Join Type": "Inner", "Startup Cost": 7429.41, "Total Cost": 154037.63, "Plan Rows": 13753, "Plan Width": 80, "Inner Unique": false, "Plans": [{"Node Type": "Nested Loop", "Parent Relationship": "Outer", "Join Type": "Inner", "Startup Cost": 7428.83, "Total Cost": 83898.37, "Plan Rows": 15041, "Plan Width": 30, "Inner Unique": true, "Plans": [{"Node Type": "Nested Loop", "Parent Relationship": "Outer", "Join Type": "Inner", "Startup Cost": 7427.85, "Total Cost": 19211.73, "Plan Rows": 12936, "Plan Width": 9, "Inner Unique": false, "Plans": [{"Node Type": "Bitmap Heap Scan", "Parent Relationship": "Outer", "Relation Name": "info_type", "Alias": "it2", "Startup Cost": 8.81, "Total Cost": 14.21, "Plan Rows": 1, "Plan Width": 4, "Filter": "((info)::text = 'rating'::text)", "Plans": [{"Node Type": "Bitmap Index Scan", "Parent Relationship": "Outer", "Index Name": "info_type_pkey", "Startup Cost": 0.0, "Total Cost": 8.81, "Plan Rows": 112, "Plan Width": 0}]}, {"Node Type": "Bitmap Heap Scan", "Parent Relationship": "Inner", "Relation Name": "movie_info_idx", "Alias": "mi_idx", "Startup Cost": 7419.04, "Total Cost": 19068.16, "Plan Rows": 12936, "Plan Width": 13, "Recheck Cond": "(info_type_id = it2.id)", "Filter": "((info)::text > '8.0'::text)", "Plans": [{"Node Type": "Bitmap Index Scan", "Parent Relationship": "Outer", "Index Name": "info_type_id_movie_info_idx", "Startup Cost": 0.0, "Total Cost": 7415.81, "Plan Rows": 345008, "Plan Width": 0, "Index Cond": "(info_type_id = it2.id)"}]}]}, {"Node Type": "Bitmap Heap Scan", "Parent Relationship": "Inner", "Relation Name": "title", "Alias": "t", "Startup Cost": 0.97, "Total Cost": 4.99, "Plan Rows": 1, "Plan Width": 21, "Recheck Cond": "(id = mi_idx.movie_id)", "Filter": "((production_year >= 2008) AND (production_year <= 2014))", "Plans": [{"Node Type": "Bitmap Index Scan", "Parent Relationship": "Outer", "Index Name": "title_pkey", "Startup Cost": 0.0, "Total Cost": 0.97, "Plan Rows": 1, "Plan Width": 0, "Index Cond": "(id = mi_idx.movie_id)"}]}]}, {"Node Type": "Bitmap Heap Scan", "Parent Relationship": "Inner", "Relation Name": "movie_info", "Alias": "mi", "Startup Cost": 0.58, "Total Cost": 4.65, "Plan Rows": 1, "Plan Width": 50, "Recheck Cond": "(movie_id = t.id)", "Filter": "((note IS NULL) AND ((info)::text = ANY ('{Horror,Thriller}'::text[])))", "Plans": [{"Node Type": "Bitmap Index Scan", "Parent Relationship": "Outer", "Index Name": "movie_id_movie_info", "Startup Cost": 0.0, "Total Cost": 0.58, "Plan Rows": 5, "Plan Width": 0, "Index Cond": "(movie_id = t.id)"}]}]}]}, {"Node Type": "Bitmap Heap Scan", "Parent Relationship": "Inner", "Relation Name": "cast_info", "Alias": "ci", "Startup Cost": 1.01, "Total Cost": 5.12, "Plan Rows": 1, "Plan Width": 8, "Recheck Cond": "(movie_id = t.id)", "Filter": "((note)::text = ANY ('{(writer),\"(head writer)\",\"(written by)\",(story),\"(story editor)\"}'::text[]))", "Plans": [{"Node Type": "Bitmap Index Scan", "Parent Relationship": "Outer", "Index Name": "movie_id_cast_info", "Startup Cost": 0.0, "Total Cost": 1.01, "Plan Rows": 6, "Plan Width": 0, "Index Cond": "(movie_id = t.id)"}]}]}, {"Node Type": "Bitmap Heap Scan", "Parent Relationship": "Inner", "Relation Name": "name", "Alias": "n", "Startup Cost": 0.31, "Total Cost": 4.32, "Plan Rows": 1, "Plan Width": 4, "Recheck Cond": "(id = ci.person_id)", "Filter": "((gender IS NOT NULL) AND ((gender)::text = 'f'::text))", "Plans": [{"Node Type": "Bitmap Index Scan", "Parent Relationship": "Outer", "Index Name": "name_pkey", "Startup Cost": 0.0, "Total Cost": 0.31, "Plan Rows": 1, "Plan Width": 0, "Index Cond": "(id = ci.person_id)"}]}]}]}, "Unique SQL Id": 661781350, "Planner Runtime": 9}, "explain_analyze_plan": {"Plan": {"Node Type": "Aggregate", "Strategy": "Plain", "Startup Cost": 157109.69, "Total Cost": 157109.7, "Plan Rows": 1, "Plan Width": 160, "Actual Startup Time": 641.712, "Actual Total Time": 641.712, "Actual Rows": 1, "Actual Loops": 1, "Plans": [{"Node Type": "Nested Loop", "Parent Relationship": "Outer", "Join Type": "Inner", "Startup Cost": 7439.53, "Total Cost": 157108.05, "Plan Rows": 219, "Plan Width": 64, "Actual Startup Time": 369.881, "Actual Total Time": 641.653, "Actual Rows": 11, "Actual Loops": 1, "Inner Unique": true, "Plans": [{"Node Type": "Nested Loop", "Parent Relationship": "Outer", "Join Type": "Inner", "Startup Cost": 7439.22, "Total Cost": 155716.93, "Plan Rows": 321, "Plan Width": 68, "Actual Startup Time": 136.404, "Actual Total Time": 638.777, "Actual Rows": 268, "Actual Loops": 1, "Inner Unique": false, "Plans": [{"Node Type": "Nested Loop", "Parent Relationship": "Outer", "Join Type": "Inner", "Startup Cost": 7438.22, "Total Cost": 154223.75, "Plan Rows": 291, "Plan Width": 76, "Actual Startup Time": 62.071, "Actual Total Time": 601.341, "Actual Rows": 358, "Actual Loops": 1, "Inner Unique": false, "Join Filter": "(mi.info_type_id = it1.id)", "Rows Removed by Join Filter": 0, "Plans": [{"Node Type": "Bitmap Heap Scan", "Parent Relationship": "Outer", "Relation Name": "info_type", "Alias": "it1", "Startup Cost": 8.81, "Total Cost": 14.21, "Plan Rows": 1, "Plan Width": 4, "Actual Startup Time": 0.052, "Actual Total Time": 0.088, "Actual Rows": 1, "Actual Loops": 1, "Filter": "((info)::text = 'genres'::text)", "Rows Removed by Filter": 111, "Exact Heap Blocks": 1, "Lossy Heap Blocks": 1, "Plans": [{"Node Type": "Bitmap Index Scan", "Parent Relationship": "Outer", "Index Name": "info_type_pkey", "Startup Cost": 0.0, "Total Cost": 8.81, "Plan Rows": 112, "Plan Width": 0, "Actual Startup Time": 0.012, "Actual Total Time": 0.012, "Actual Rows": 112, "Actual Loops": 1}]}, {"Node Type": "Nested Loop", "Parent Relationship": "Inner", "Join Type": "Inner", "Startup Cost": 7429.41, "Total Cost": 154037.63, "Plan Rows": 13753, "Plan Width": 80, "Actual Startup Time": 62.009, "Actual Total Time": 600.951, "Actual Rows": 358, "Actual Loops": 1, "Inner Unique": false, "Plans": [{"Node Type": "Nested Loop", "Parent Relationship": "Outer", "Join Type": "Inner", "Startup Cost": 7428.83, "Total Cost": 83898.37, "Plan Rows": 15041, "Plan Width": 30, "Actual Startup Time": 54.142, "Actual Total Time": 420.438, "Actual Rows": 6152, "Actual Loops": 1, "Inner Unique": true, "Plans": [{"Node Type": "Nested Loop", "Parent Relationship": "Outer", "Join Type": "Inner", "Startup Cost": 7427.85, "Total Cost": 19211.73, "Plan Rows": 12936, "Plan Width": 9, "Actual Startup Time": 52.371, "Actual Total Time": 307.724, "Actual Rows": 15849, "Actual Loops": 1, "Inner Unique": false, "Plans": [{"Node Type": "Bitmap Heap Scan", "Parent Relationship": "Outer", "Relation Name": "info_type", "Alias": "it2", "Startup Cost": 8.81, "Total Cost": 14.21, "Plan Rows": 1, "Plan Width": 4, "Actual Startup Time": 0.051, "Actual Total Time": 0.06, "Actual Rows": 1, "Actual Loops": 1, "Filter": "((info)::text = 'rating'::text)", "Rows Removed by Filter": 111, "Exact Heap Blocks": 1, "Lossy Heap Blocks": 1, "Plans": [{"Node Type": "Bitmap Index Scan", "Parent Relationship": "Outer", "Index Name": "info_type_pkey", "Startup Cost": 0.0, "Total Cost": 8.81, "Plan Rows": 112, "Plan Width": 0, "Actual Startup Time": 0.008, "Actual Total Time": 0.008, "Actual Rows": 112, "Actual Loops": 1}]}, {"Node Type": "Bitmap Heap Scan", "Parent Relationship": "Inner", "Relation Name": "movie_info_idx", "Alias": "mi_idx", "Startup Cost": 7419.04, "Total Cost": 19068.16, "Plan Rows": 12936, "Plan Width": 13, "Actual Startup Time": 52.315, "Actual Total Time": 303.803, "Actual Rows": 15849, "Actual Loops": 1, "Recheck Cond": "(info_type_id = it2.id)", "Rows Removed by Index Recheck": 0, "Filter": "((info)::text > '8.0'::text)", "Rows Removed by Filter": 444076, "Exact Heap Blocks": 6472, "Lossy Heap Blocks": 6472, "Plans": [{"Node Type": "Bitmap Index Scan", "Parent Relationship": "Outer", "Index Name": "info_type_id_movie_info_idx", "Startup Cost": 0.0, "Total Cost": 7415.81, "Plan Rows": 345008, "Plan Width": 0, "Actual Startup Time": 51.054, "Actual Total Time": 51.054, "Actual Rows": 459925, "Actual Loops": 1, "Index Cond": "(info_type_id = it2.id)"}]}]}, {"Node Type": "Bitmap Heap Scan", "Parent Relationship": "Inner", "Relation Name": "title", "Alias": "t", "Startup Cost": 0.97, "Total Cost": 4.99, "Plan Rows": 1, "Plan Width": 21, "Actual Startup Time": 92.149, "Actual Total Time": 92.149, "Actual Rows": 6152, "Actual Loops": 15849, "Recheck Cond": "(id = mi_idx.movie_id)", "Rows Removed by Index Recheck": 0, "Filter": "((production_year >= 2008) AND (production_year <= 2014))", "Rows Removed by Filter": 9697, "Exact Heap Blocks": 15849, "Lossy Heap Blocks": 15849, "Plans": [{"Node Type": "Bitmap Index Scan", "Parent Relationship": "Outer", "Index Name": "title_pkey", "Startup Cost": 0.0, "Total Cost": 0.97, "Plan Rows": 1, "Plan Width": 0, "Actual Startup Time": 48.576, "Actual Total Time": 48.576, "Actual Rows": 15849, "Actual Loops": 15849, "Index Cond": "(id = mi_idx.movie_id)"}]}]}, {"Node Type": "Bitmap Heap Scan", "Parent Relationship": "Inner", "Relation Name": "movie_info", "Alias": "mi", "Startup Cost": 0.58, "Total Cost": 4.65, "Plan Rows": 1, "Plan Width": 50, "Actual Startup Time": 172.051, "Actual Total Time": 172.214, "Actual Rows": 358, "Actual Loops": 6152, "Recheck Cond": "(movie_id = t.id)", "Rows Removed by Index Recheck": 0, "Filter": "((note IS NULL) AND ((info)::text = ANY ('{Horror,Thriller}'::text[])))", "Rows Removed by Filter": 109599, "Exact Heap Blocks": 52726, "Lossy Heap Blocks": 52726, "Plans": [{"Node Type": "Bitmap Index Scan", "Parent Relationship": "Outer", "Index Name": "movie_id_movie_info", "Startup Cost": 0.0, "Total Cost": 0.58, "Plan Rows": 5, "Plan Width": 0, "Actual Startup Time": 40.994, "Actual Total Time": 40.994, "Actual Rows": 109957, "Actual Loops": 6152, "Index Cond": "(movie_id = t.id)"}]}]}]}, {"Node Type": "Bitmap Heap Scan", "Parent Relationship": "Inner", "Relation Name": "cast_info", "Alias": "ci", "Startup Cost": 1.01, "Total Cost": 5.12, "Plan Rows": 1, "Plan Width": 8, "Actual Startup Time": 29.533, "Actual Total Time": 36.492, "Actual Rows": 268, "Actual Loops": 358, "Recheck Cond": "(movie_id = t.id)", "Rows Removed by Index Recheck": 0, "Filter": "((note)::text = ANY ('{(writer),\"(head writer)\",\"(written by)\",(story),\"(story editor)\"}'::text[]))", "Rows Removed by Filter": 12296, "Exact Heap Blocks": 11454, "Lossy Heap Blocks": 11454, "Plans": [{"Node Type": "Bitmap Index Scan", "Parent Relationship": "Outer", "Index Name": "movie_id_cast_info", "Startup Cost": 0.0, "Total Cost": 1.01, "Plan Rows": 6, "Plan Width": 0, "Actual Startup Time": 5.133, "Actual Total Time": 5.133, "Actual Rows": 12564, "Actual Loops": 358, "Index Cond": "(movie_id = t.id)"}]}]}, {"Node Type": "Bitmap Heap Scan", "Parent Relationship": "Inner", "Relation Name": "name", "Alias": "n", "Startup Cost": 0.31, "Total Cost": 4.32, "Plan Rows": 1, "Plan Width": 4, "Actual Startup Time": 2.348, "Actual Total Time": 2.348, "Actual Rows": 11, "Actual Loops": 268, "Recheck Cond": "(id = ci.person_id)", "Rows Removed by Index Recheck": 0, "Filter": "((gender IS NOT NULL) AND ((gender)::text = 'f'::text))", "Rows Removed by Filter": 257, "Exact Heap Blocks": 268, "Lossy Heap Blocks": 268, "Plans": [{"Node Type": "Bitmap Index Scan", "Parent Relationship": "Outer", "Index Name": "name_pkey", "Startup Cost": 0.0, "Total Cost": 0.31, "Plan Rows": 1, "Plan Width": 0, "Actual Startup Time": 1.397, "Actual Total Time": 1.397, "Actual Rows": 268, "Actual Loops": 268, "Index Cond": "(id = ci.person_id)"}]}]}]}, "Triggers": [], "Planner Runtime": 23.242, "Total Runtime": 642.057, "Unique SQL Id": 661781350}}, "(64, '52')": {"explain_plan": {"Plan": {"Node Type": "Aggregate", "Strategy": "Plain", "Startup Cost": 72993.18, "Total Cost": 72993.19, "Plan Rows": 1, "Plan Width": 160, "Plans": [{"Node Type": "Nested Loop", "Parent Relationship": "Outer", "Join Type": "Inner", "Startup Cost": 0.0, "Total Cost": 72991.54, "Plan Rows": 219, "Plan Width": 64, "Inner Unique": true, "Plans": [{"Node Type": "Nested Loop", "Parent Relationship": "Outer", "Join Type": "Inner", "Startup Cost": 0.0, "Total Cost": 72830.55, "Plan Rows": 321, "Plan Width": 68, "Inner Unique": false, "Plans": [{"Node Type": "Nested Loop", "Parent Relationship": "Outer", "Join Type": "Inner", "Startup Cost": 0.0, "Total Cost": 72145.52, "Plan Rows": 291, "Plan Width": 76, "Inner Unique": true, "Plans": [{"Node Type": "Nested Loop", "Parent Relationship": "Outer", "Join Type": "Inner", "Startup Cost": 0.0, "Total Cost": 71432.31, "Plan Rows": 250, "Plan Width": 55, "Inner Unique": false, "Join Filter": "(mi_idx.info_type_id = it2.id)", "Plans": [{"Node Type": "Seq Scan", "Parent Relationship": "Outer", "Relation Name": "info_type", "Alias": "it2", "Startup Cost": 0.0, "Total Cost": 2.4, "Plan Rows": 1, "Plan Width": 4, "Filter": "((info)::text = 'rating'::text)"}, {"Node Type": "Nested Loop", "Parent Relationship": "Inner", "Join Type": "Inner", "Startup Cost": 0.0, "Total Cost": 71417.42, "Plan Rows": 999, "Plan Width": 59, "Inner Unique": false, "Plans": [{"Node Type": "Nested Loop", "Parent Relationship": "Outer", "Join Type": "Inner", "Startup Cost": 0.0, "Total Cost": 70475.56, "Plan Rows": 971, "Plan Width": 46, "Inner Unique": false, "Join Filter": "(it1.id = mi.info_type_id)", "Plans": [{"Node Type": "Seq Scan", "Parent Relationship": "Outer", "Relation Name": "info_type", "Alias": "it1", "Startup Cost": 0.0, "Total Cost": 2.4, "Plan Rows": 1, "Plan Width": 4, "Filter": "((info)::text = 'genres'::text)"}, {"Node Type": "Materialize", "Parent Relationship": "Inner", "Startup Cost": 0.0, "Total Cost": 69793.45, "Plan Rows": 67971, "Plan Width": 50, "Plans": [{"Node Type": "Streaming(type: LOCAL GATHER dop: 1/64)", "Parent Relationship": "Outer", "Startup Cost": 0.0, "Total Cost": 69623.52, "Plan Rows": 67971, "Plan Width": 50, "Plans": [{"Node Type": "Seq Scan", "Parent Relationship": "Outer", "Relation Name": "movie_info", "Alias": "mi", "Startup Cost": 0.0, "Total Cost": 68221.29, "Plan Rows": 67971, "Plan Width": 50, "Filter": "((note IS NULL) AND ((info)::text = ANY ('{Horror,Thriller}'::text[])))"}]}]}]}, {"Node Type": "Index Scan", "Parent Relationship": "Inner", "Scan Direction": "Forward", "Index Name": "movie_id_movie_info_idx", "Relation Name": "movie_info_idx", "Alias": "mi_idx", "Startup Cost": 0.0, "Total Cost": 0.96, "Plan Rows": 1, "Plan Width": 13, "Index Cond": "(movie_id = mi.movie_id)", "Filter": "((info)::text > '8.0'::text)"}]}]}, {"Node Type": "Index Scan", "Parent Relationship": "Inner", "Scan Direction": "Forward", "Index Name": "title_pkey", "Relation Name": "title", "Alias": "t", "Startup Cost": 0.0, "Total Cost": 2.84, "Plan Rows": 1, "Plan Width": 21, "Index Cond": "(id = mi.movie_id)", "Filter": "((production_year >= 2008) AND (production_year <= 2014))"}]}, {"Node Type": "Index Scan", "Parent Relationship": "Inner", "Scan Direction": "Forward", "Index Name": "movie_id_cast_info", "Relation Name": "cast_info", "Alias": "ci", "Startup Cost": 0.0, "Total Cost": 2.34, "Plan Rows": 1, "Plan Width": 8, "Index Cond": "(movie_id = t.id)", "Filter": "((note)::text = ANY ('{(writer),\"(head writer)\",\"(written by)\",(story),\"(story editor)\"}'::text[]))"}]}, {"Node Type": "Index Scan", "Parent Relationship": "Inner", "Scan Direction": "Forward", "Index Name": "name_pkey", "Relation Name": "name", "Alias": "n", "Startup Cost": 0.0, "Total Cost": 0.49, "Plan Rows": 1, "Plan Width": 4, "Index Cond": "(id = ci.person_id)", "Filter": "((gender IS NOT NULL) AND ((gender)::text = 'f'::text))"}]}]}, "Unique SQL Id": 661781350, "Planner Runtime": 9}, "explain_analyze_plan": {"Plan": {"Node Type": "Aggregate", "Strategy": "Plain", "Startup Cost": 72993.18, "Total Cost": 72993.19, "Plan Rows": 1, "Plan Width": 160, "Actual Min Startup Time": 744.744, "Actual Max Startup Time": 744.744, "Actual Min Total Time": 744.745, "Actual Max Total Time": 744.745, "Plans": [{"Node Type": "Nested Loop", "Parent Relationship": "Outer", "Join Type": "Inner", "Startup Cost": 0.0, "Total Cost": 72991.54, "Plan Rows": 219, "Plan Width": 64, "Actual Min Startup Time": 360.554, "Actual Max Startup Time": 360.554, "Actual Min Total Time": 744.685, "Actual Max Total Time": 744.685, "Inner Unique": true, "Plans": [{"Node Type": "Nested Loop", "Parent Relationship": "Outer", "Join Type": "Inner", "Startup Cost": 0.0, "Total Cost": 72830.55, "Plan Rows": 321, "Plan Width": 68, "Actual Min Startup Time": 349.305, "Actual Max Startup Time": 349.305, "Actual Min Total Time": 742.187, "Actual Max Total Time": 742.187, "Inner Unique": false, "Plans": [{"Node Type": "Nested Loop", "Parent Relationship": "Outer", "Join Type": "Inner", "Startup Cost": 0.0, "Total Cost": 72145.52, "Plan Rows": 291, "Plan Width": 76, "Actual Min Startup Time": 347.86, "Actual Max Startup Time": 347.86, "Actual Min Total Time": 710.007, "Actual Max Total Time": 710.007, "Inner Unique": true, "Plans": [{"Node Type": "Nested Loop", "Parent Relationship": "Outer", "Join Type": "Inner", "Startup Cost": 0.0, "Total Cost": 71432.31, "Plan Rows": 250, "Plan Width": 55, "Actual Min Startup Time": 347.833, "Actual Max Startup Time": 347.833, "Actual Min Total Time": 704.112, "Actual Max Total Time": 704.112, "Inner Unique": false, "Join Filter": "(mi_idx.info_type_id = it2.id)", "Rows Removed by Join Filter": 3403, "Plans": [{"Node Type": "Seq Scan", "Parent Relationship": "Outer", "Relation Name": "info_type", "Alias": "it2", "Startup Cost": 0.0, "Total Cost": 2.4, "Plan Rows": 1, "Plan Width": 4, "Actual Min Startup Time": 0.096, "Actual Max Startup Time": 0.096, "Actual Min Total Time": 0.108, "Actual Max Total Time": 0.108, "Filter": "((info)::text = 'rating'::text)", "Rows Removed by Filter": 111, "Actual Rows": 1}, {"Node Type": "Nested Loop", "Parent Relationship": "Inner", "Join Type": "Inner", "Startup Cost": 0.0, "Total Cost": 71417.42, "Plan Rows": 999, "Plan Width": 59, "Actual Min Startup Time": 347.719, "Actual Max Startup Time": 347.719, "Actual Min Total Time": 701.609, "Actual Max Total Time": 701.609, "Inner Unique": false, "Plans": [{"Node Type": "Nested Loop", "Parent Relationship": "Outer", "Join Type": "Inner", "Startup Cost": 0.0, "Total Cost": 70475.56, "Plan Rows": 971, "Plan Width": 46, "Actual Min Startup Time": 347.616, "Actual Max Startup Time": 347.616, "Actual Min Total Time": 386.749, "Actual Max Total Time": 386.749, "Inner Unique": false, "Join Filter": "(it1.id = mi.info_type_id)", "Rows Removed by Join Filter": 789, "Plans": [{"Node Type": "Seq Scan", "Parent Relationship": "Outer", "Relation Name": "info_type", "Alias": "it1", "Startup Cost": 0.0, "Total Cost": 2.4, "Plan Rows": 1, "Plan Width": 4, "Actual Min Startup Time": 0.046, "Actual Max Startup Time": 0.046, "Actual Min Total Time": 0.079, "Actual Max Total Time": 0.079, "Filter": "((info)::text = 'genres'::text)", "Rows Removed by Filter": 111, "Actual Rows": 1}, {"Node Type": "Materialize", "Parent Relationship": "Inner", "Startup Cost": 0.0, "Total Cost": 69793.45, "Plan Rows": 67971, "Plan Width": 50, "Actual Min Startup Time": 347.531, "Actual Max Startup Time": 347.531, "Actual Min Total Time": 357.593, "Actual Max Total Time": 357.593, "Plans": [{"Node Type": "Streaming(type: LOCAL GATHER dop: 1/64)", "Parent Relationship": "Outer", "Startup Cost": 0.0, "Total Cost": 69623.52, "Plan Rows": 67971, "Plan Width": 50, "Actual Min Startup Time": 182.821, "Actual Max Startup Time": 182.821, "Actual Min Total Time": 336.355, "Actual Max Total Time": 336.355, "Plans": [{"Node Type": "Seq Scan", "Parent Relationship": "Outer", "Relation Name": "movie_info", "Alias": "mi", "Startup Cost": 0.0, "Total Cost": 68221.29, "Plan Rows": 67971, "Plan Width": 50, "Actual Min Startup Time": 53.746, "Actual Max Startup Time": 120.053, "Actual Min Total Time": 96.673, "Actual Max Total Time": 129.021, "Filter": "((note IS NULL) AND ((info)::text = ANY ('{Horror,Thriller}'::text[])))", "Rows Removed by Filter": 14762672, "Actual Rows": 73047}], "Actual Rows": 73047}], "Actual Rows": 73048}], "Actual Rows": 72258}, {"Node Type": "Index Scan", "Parent Relationship": "Inner", "Scan Direction": "Forward", "Index Name": "movie_id_movie_info_idx", "Relation Name": "movie_info_idx", "Alias": "mi_idx", "Startup Cost": 0.0, "Total Cost": 0.96, "Plan Rows": 1, "Plan Width": 13, "Actual Min Startup Time": 276.39, "Actual Max Startup Time": 276.39, "Actual Min Total Time": 279.918, "Actual Max Total Time": 279.918, "Index Cond": "(movie_id = mi.movie_id)", "Rows Removed by Index Recheck": 0, "Filter": "((info)::text > '8.0'::text)", "Rows Removed by Filter": 113143, "Actual Rows": 4135}], "Actual Rows": 4135}], "Actual Rows": 732}, {"Node Type": "Index Scan", "Parent Relationship": "Inner", "Scan Direction": "Forward", "Index Name": "title_pkey", "Relation Name": "title", "Alias": "t", "Startup Cost": 0.0, "Total Cost": 2.84, "Plan Rows": 1, "Plan Width": 21, "Actual Min Startup Time": 5.3, "Actual Max Startup Time": 5.3, "Actual Min Total Time": 5.3, "Actual Max Total Time": 5.3, "Index Cond": "(id = mi.movie_id)", "Rows Removed by Index Recheck": 0, "Filter": "((production_year >= 2008) AND (production_year <= 2014))", "Rows Removed by Filter": 374, "Actual Rows": 358}], "Actual Rows": 358}, {"Node Type": "Index Scan", "Parent Relationship": "Inner", "Scan Direction": "Forward", "Index Name": "movie_id_cast_info", "Relation Name": "cast_info", "Alias": "ci", "Startup Cost": 0.0, "Total Cost": 2.34, "Plan Rows": 1, "Plan Width": 8, "Actual Min Startup Time": 25.141, "Actual Max Startup Time": 25.141, "Actual Min Total Time": 31.897, "Actual Max Total Time": 31.897, "Index Cond": "(movie_id = t.id)", "Rows Removed by Index Recheck": 0, "Filter": "((note)::text = ANY ('{(writer),\"(head writer)\",\"(written by)\",(story),\"(story editor)\"}'::text[]))", "Rows Removed by Filter": 12296, "Actual Rows": 268}], "Actual Rows": 268}, {"Node Type": "Index Scan", "Parent Relationship": "Inner", "Scan Direction": "Forward", "Index Name": "name_pkey", "Relation Name": "name", "Alias": "n", "Startup Cost": 0.0, "Total Cost": 0.49, "Plan Rows": 1, "Plan Width": 4, "Actual Min Startup Time": 2.298, "Actual Max Startup Time": 2.298, "Actual Min Total Time": 2.298, "Actual Max Total Time": 2.298, "Index Cond": "(id = ci.person_id)", "Rows Removed by Index Recheck": 0, "Filter": "((gender IS NOT NULL) AND ((gender)::text = 'f'::text))", "Rows Removed by Filter": 257, "Actual Rows": 11}], "Actual Rows": 11}], "Actual Rows": 1}, "Triggers": [], "Planner Runtime": 47.81, "Total Runtime": 757.105, "Unique SQL Id": 661781350}}, "(64, '53')": {"explain_plan": {"Plan": {"Node Type": "Aggregate", "Strategy": "Plain", "Startup Cost": 84230.9, "Total Cost": 84230.91, "Plan Rows": 1, "Plan Width": 160, "Plans": [{"Node Type": "Nested Loop", "Parent Relationship": "Outer", "Join Type": "Inner", "Startup Cost": 7419.04, "Total Cost": 84229.26, "Plan Rows": 219, "Plan Width": 64, "Inner Unique": true, "Plans": [{"Node Type": "Nested Loop", "Parent Relationship": "Outer", "Join Type": "Inner", "Startup Cost": 7419.04, "Total Cost": 84068.27, "Plan Rows": 321, "Plan Width": 68, "Inner Unique": false, "Plans": [{"Node Type": "Nested Loop", "Parent Relationship": "Outer", "Join Type": "Inner", "Startup Cost": 7419.04, "Total Cost": 83383.24, "Plan Rows": 291, "Plan Width": 76, "Inner Unique": false, "Join Filter": "(mi.info_type_id = it1.id)", "Plans": [{"Node Type": "Index Scan", "Parent Relationship": "Outer", "Scan Direction": "Forward", "Index Name": "info_type_pkey", "Relation Name": "info_type", "Alias": "it1", "Startup Cost": 0.0, "Total Cost": 14.21, "Plan Rows": 1, "Plan Width": 4, "Filter": "((info)::text = 'genres'::text)"}, {"Node Type": "Nested Loop", "Parent Relationship": "Inner", "Join Type": "Inner", "Startup Cost": 7419.04, "Total Cost": 83197.12, "Plan Rows": 13753, "Plan Width": 80, "Inner Unique": false, "Plans": [{"Node Type": "Nested Loop", "Parent Relationship": "Outer", "Join Type": "Inner", "Startup Cost": 7419.04, "Total Cost": 61824.99, "Plan Rows": 15041, "Plan Width": 30, "Inner Unique": true, "Plans": [{"Node Type": "Nested Loop", "Parent Relationship": "Outer", "Join Type": "Inner", "Startup Cost": 7419.04, "Total Cost": 19211.73, "Plan Rows": 12936, "Plan Width": 9, "Inner Unique": false, "Plans": [{"Node Type": "Index Scan", "Parent Relationship": "Outer", "Scan Direction": "Forward", "Index Name": "info_type_pkey", "Relation Name": "info_type", "Alias": "it2", "Startup Cost": 0.0, "Total Cost": 14.21, "Plan Rows": 1, "Plan Width": 4, "Filter": "((info)::text = 'rating'::text)"}, {"Node Type": "Bitmap Heap Scan", "Parent Relationship": "Inner", "Relation Name": "movie_info_idx", "Alias": "mi_idx", "Startup Cost": 7419.04, "Total Cost": 19068.16, "Plan Rows": 12936, "Plan Width": 13, "Recheck Cond": "(info_type_id = it2.id)", "Filter": "((info)::text > '8.0'::text)", "Plans": [{"Node Type": "Bitmap Index Scan", "Parent Relationship": "Outer", "Index Name": "info_type_id_movie_info_idx", "Startup Cost": 0.0, "Total Cost": 7415.81, "Plan Rows": 345008, "Plan Width": 0, "Index Cond": "(info_type_id = it2.id)"}]}]}, {"Node Type": "Index Scan", "Parent Relationship": "Inner", "Scan Direction": "Forward", "Index Name": "title_pkey", "Relation Name": "title", "Alias": "t", "Startup Cost": 0.0, "Total Cost": 3.28, "Plan Rows": 1, "Plan Width": 21, "Index Cond": "(id = mi_idx.movie_id)", "Filter": "((production_year >= 2008) AND (production_year <= 2014))"}]}, {"Node Type": "Index Scan", "Parent Relationship": "Inner", "Scan Direction": "Forward", "Index Name": "movie_id_movie_info", "Relation Name": "movie_info", "Alias": "mi", "Startup Cost": 0.0, "Total Cost": 1.41, "Plan Rows": 1, "Plan Width": 50, "Index Cond": "(movie_id = t.id)", "Filter": "((note IS NULL) AND ((info)::text = ANY ('{Horror,Thriller}'::text[])))"}]}]}, {"Node Type": "Index Scan", "Parent Relationship": "Inner", "Scan Direction": "Forward", "Index Name": "movie_id_cast_info", "Relation Name": "cast_info", "Alias": "ci", "Startup Cost": 0.0, "Total Cost": 2.34, "Plan Rows": 1, "Plan Width": 8, "Index Cond": "(movie_id = t.id)", "Filter": "((note)::text = ANY ('{(writer),\"(head writer)\",\"(written by)\",(story),\"(story editor)\"}'::text[]))"}]}, {"Node Type": "Index Scan", "Parent Relationship": "Inner", "Scan Direction": "Forward", "Index Name": "name_pkey", "Relation Name": "name", "Alias": "n", "Startup Cost": 0.0, "Total Cost": 0.49, "Plan Rows": 1, "Plan Width": 4, "Index Cond": "(id = ci.person_id)", "Filter": "((gender IS NOT NULL) AND ((gender)::text = 'f'::text))"}]}]}, "Unique SQL Id": 661781350, "Planner Runtime": 7}, "explain_analyze_plan": {"Plan": {"Node Type": "Aggregate", "Strategy": "Plain", "Startup Cost": 84230.9, "Total Cost": 84230.91, "Plan Rows": 1, "Plan Width": 160, "Actual Startup Time": 677.344, "Actual Total Time": 677.345, "Actual Rows": 1, "Actual Loops": 1, "Plans": [{"Node Type": "Nested Loop", "Parent Relationship": "Outer", "Join Type": "Inner", "Startup Cost": 7419.04, "Total Cost": 84229.26, "Plan Rows": 219, "Plan Width": 64, "Actual Startup Time": 358.103, "Actual Total Time": 677.277, "Actual Rows": 11, "Actual Loops": 1, "Inner Unique": true, "Plans": [{"Node Type": "Nested Loop", "Parent Relationship": "Outer", "Join Type": "Inner", "Startup Cost": 7419.04, "Total Cost": 84068.27, "Plan Rows": 321, "Plan Width": 68, "Actual Startup Time": 122.374, "Actual Total Time": 674.358, "Actual Rows": 268, "Actual Loops": 1, "Inner Unique": false, "Plans": [{"Node Type": "Nested Loop", "Parent Relationship": "Outer", "Join Type": "Inner", "Startup Cost": 7419.04, "Total Cost": 83383.24, "Plan Rows": 291, "Plan Width": 76, "Actual Startup Time": 60.014, "Actual Total Time": 639.461, "Actual Rows": 358, "Actual Loops": 1, "Inner Unique": false, "Join Filter": "(mi.info_type_id = it1.id)", "Rows Removed by Join Filter": 0, "Plans": [{"Node Type": "Index Scan", "Parent Relationship": "Outer", "Scan Direction": "Forward", "Index Name": "info_type_pkey", "Relation Name": "info_type", "Alias": "it1", "Startup Cost": 0.0, "Total Cost": 14.21, "Plan Rows": 1, "Plan Width": 4, "Actual Startup Time": 0.023, "Actual Total Time": 0.078, "Actual Rows": 1, "Actual Loops": 1, "Filter": "((info)::text = 'genres'::text)", "Rows Removed by Filter": 111}, {"Node Type": "Nested Loop", "Parent Relationship": "Inner", "Join Type": "Inner", "Startup Cost": 7419.04, "Total Cost": 83197.12, "Plan Rows": 13753, "Plan Width": 80, "Actual Startup Time": 59.983, "Actual Total Time": 639.116, "Actual Rows": 358, "Actual Loops": 1, "Inner Unique": false, "Plans": [{"Node Type": "Nested Loop", "Parent Relationship": "Outer", "Join Type": "Inner", "Startup Cost": 7419.04, "Total Cost": 61824.99, "Plan Rows": 15041, "Plan Width": 30, "Actual Startup Time": 53.217, "Actual Total Time": 450.165, "Actual Rows": 6152, "Actual Loops": 1, "Inner Unique": true, "Plans": [{"Node Type": "Nested Loop", "Parent Relationship": "Outer", "Join Type": "Inner", "Startup Cost": 7419.04, "Total Cost": 19211.73, "Plan Rows": 12936, "Plan Width": 9, "Actual Startup Time": 51.722, "Actual Total Time": 355.277, "Actual Rows": 15849, "Actual Loops": 1, "Inner Unique": false, "Plans": [{"Node Type": "Index Scan", "Parent Relationship": "Outer", "Scan Direction": "Forward", "Index Name": "info_type_pkey", "Relation Name": "info_type", "Alias": "it2", "Startup Cost": 0.0, "Total Cost": 14.21, "Plan Rows": 1, "Plan Width": 4, "Actual Startup Time": 0.05, "Actual Total Time": 0.06, "Actual Rows": 1, "Actual Loops": 1, "Filter": "((info)::text = 'rating'::text)", "Rows Removed by Filter": 111}, {"Node Type": "Bitmap Heap Scan", "Parent Relationship": "Inner", "Relation Name": "movie_info_idx", "Alias": "mi_idx", "Startup Cost": 7419.04, "Total Cost": 19068.16, "Plan Rows": 12936, "Plan Width": 13, "Actual Startup Time": 51.666, "Actual Total Time": 351.606, "Actual Rows": 15849, "Actual Loops": 1, "Recheck Cond": "(info_type_id = it2.id)", "Rows Removed by Index Recheck": 0, "Filter": "((info)::text > '8.0'::text)", "Rows Removed by Filter": 444076, "Exact Heap Blocks": 6472, "Lossy Heap Blocks": 6472, "Plans": [{"Node Type": "Bitmap Index Scan", "Parent Relationship": "Outer", "Index Name": "info_type_id_movie_info_idx", "Startup Cost": 0.0, "Total Cost": 7415.81, "Plan Rows": 345008, "Plan Width": 0, "Actual Startup Time": 50.423, "Actual Total Time": 50.423, "Actual Rows": 459925, "Actual Loops": 1, "Index Cond": "(info_type_id = it2.id)"}]}]}, {"Node Type": "Index Scan", "Parent Relationship": "Inner", "Scan Direction": "Forward", "Index Name": "title_pkey", "Relation Name": "title", "Alias": "t", "Startup Cost": 0.0, "Total Cost": 3.28, "Plan Rows": 1, "Plan Width": 21, "Actual Startup Time": 84.58, "Actual Total Time": 84.58, "Actual Rows": 6152, "Actual Loops": 15849, "Index Cond": "(id = mi_idx.movie_id)", "Rows Removed by Index Recheck": 0, "Filter": "((production_year >= 2008) AND (production_year <= 2014))", "Rows Removed by Filter": 9697}]}, {"Node Type": "Index Scan", "Parent Relationship": "Inner", "Scan Direction": "Forward", "Index Name": "movie_id_movie_info", "Relation Name": "movie_info", "Alias": "mi", "Startup Cost": 0.0, "Total Cost": 1.41, "Plan Rows": 1, "Plan Width": 50, "Actual Startup Time": 185.159, "Actual Total Time": 185.486, "Actual Rows": 358, "Actual Loops": 6152, "Index Cond": "(movie_id = t.id)", "Rows Removed by Index Recheck": 0, "Filter": "((note IS NULL) AND ((info)::text = ANY ('{Horror,Thriller}'::text[])))", "Rows Removed by Filter": 109599}]}]}, {"Node Type": "Index Scan", "Parent Relationship": "Inner", "Scan Direction": "Forward", "Index Name": "movie_id_cast_info", "Relation Name": "cast_info", "Alias": "ci", "Startup Cost": 0.0, "Total Cost": 2.34, "Plan Rows": 1, "Plan Width": 8, "Actual Startup Time": 27.099, "Actual Total Time": 34.483, "Actual Rows": 268, "Actual Loops": 358, "Index Cond": "(movie_id = t.id)", "Rows Removed by Index Recheck": 0, "Filter": "((note)::text = ANY ('{(writer),\"(head writer)\",\"(written by)\",(story),\"(story editor)\"}'::text[]))", "Rows Removed by Filter": 12296}]}, {"Node Type": "Index Scan", "Parent Relationship": "Inner", "Scan Direction": "Forward", "Index Name": "name_pkey", "Relation Name": "name", "Alias": "n", "Startup Cost": 0.0, "Total Cost": 0.49, "Plan Rows": 1, "Plan Width": 4, "Actual Startup Time": 2.683, "Actual Total Time": 2.683, "Actual Rows": 11, "Actual Loops": 268, "Index Cond": "(id = ci.person_id)", "Rows Removed by Index Recheck": 0, "Filter": "((gender IS NOT NULL) AND ((gender)::text = 'f'::text))", "Rows Removed by Filter": 257}]}]}, "Triggers": [], "Planner Runtime": 24.054, "Total Runtime": 677.738, "Unique SQL Id": 661781350}}, "(64, '54')": {"explain_plan": {"Plan": {"Node Type": "Aggregate", "Strategy": "Plain", "Startup Cost": 79040.0, "Total Cost": 79040.01, "Plan Rows": 1, "Plan Width": 160, "Plans": [{"Node Type": "Nested Loop", "Parent Relationship": "Outer", "Join Type": "Inner", "Startup Cost": 2.67, "Total Cost": 79038.35, "Plan Rows": 219, "Plan Width": 64, "Inner Unique": true, "Plans": [{"Node Type": "Nested Loop", "Parent Relationship": "Outer", "Join Type": "Inner", "Startup Cost": 2.36, "Total Cost": 77647.24, "Plan Rows": 321, "Plan Width": 68, "Inner Unique": false, "Plans": [{"Node Type": "Nested Loop", "Parent Relationship": "Outer", "Join Type": "Inner", "Startup Cost": 1.35, "Total Cost": 76154.06, "Plan Rows": 291, "Plan Width": 76, "Inner Unique": true, "Plans": [{"Node Type": "Nested Loop", "Parent Relationship": "Outer", "Join Type": "Inner", "Startup Cost": 0.55, "Total Cost": 74946.61, "Plan Rows": 250, "Plan Width": 55, "Inner Unique": false, "Join Filter": "(mi_idx.info_type_id = it2.id)", "Plans": [{"Node Type": "Seq Scan", "Parent Relationship": "Outer", "Relation Name": "info_type", "Alias": "it2", "Startup Cost": 0.0, "Total Cost": 2.4, "Plan Rows": 1, "Plan Width": 4, "Filter": "((info)::text = 'rating'::text)"}, {"Node Type": "Nested Loop", "Parent Relationship": "Inner", "Join Type": "Inner", "Startup Cost": 0.55, "Total Cost": 74931.73, "Plan Rows": 999, "Plan Width": 59, "Inner Unique": false, "Plans": [{"Node Type": "Nested Loop", "Parent Relationship": "Outer", "Join Type": "Inner", "Startup Cost": 0.0, "Total Cost": 70475.56, "Plan Rows": 971, "Plan Width": 46, "Inner Unique": false, "Join Filter": "(it1.id = mi.info_type_id)", "Plans": [{"Node Type": "Seq Scan", "Parent Relationship": "Outer", "Relation Name": "info_type", "Alias": "it1", "Startup Cost": 0.0, "Total Cost": 2.4, "Plan Rows": 1, "Plan Width": 4, "Filter": "((info)::text = 'genres'::text)"}, {"Node Type": "Materialize", "Parent Relationship": "Inner", "Startup Cost": 0.0, "Total Cost": 69793.45, "Plan Rows": 67971, "Plan Width": 50, "Plans": [{"Node Type": "Streaming(type: LOCAL GATHER dop: 1/64)", "Parent Relationship": "Outer", "Startup Cost": 0.0, "Total Cost": 69623.52, "Plan Rows": 67971, "Plan Width": 50, "Plans": [{"Node Type": "Seq Scan", "Parent Relationship": "Outer", "Relation Name": "movie_info", "Alias": "mi", "Startup Cost": 0.0, "Total Cost": 68221.29, "Plan Rows": 67971, "Plan Width": 50, "Filter": "((note IS NULL) AND ((info)::text = ANY ('{Horror,Thriller}'::text[])))"}]}]}]}, {"Node Type": "Bitmap Heap Scan", "Parent Relationship": "Inner", "Relation Name": "movie_info_idx", "Alias": "mi_idx", "Startup Cost": 0.55, "Total Cost": 4.58, "Plan Rows": 1, "Plan Width": 13, "Recheck Cond": "(movie_id = mi.movie_id)", "Filter": "((info)::text > '8.0'::text)", "Plans": [{"Node Type": "Bitmap Index Scan", "Parent Relationship": "Outer", "Index Name": "movie_id_movie_info_idx", "Startup Cost": 0.0, "Total Cost": 0.55, "Plan Rows": 2, "Plan Width": 0, "Index Cond": "(movie_id = mi.movie_id)"}]}]}]}, {"Node Type": "Bitmap Heap Scan", "Parent Relationship": "Inner", "Relation Name": "title", "Alias": "t", "Startup Cost": 0.8, "Total Cost": 4.82, "Plan Rows": 1, "Plan Width": 21, "Recheck Cond": "(id = mi.movie_id)", "Filter": "((production_year >= 2008) AND (production_year <= 2014))", "Plans": [{"Node Type": "Bitmap Index Scan", "Parent Relationship": "Outer", "Index Name": "title_pkey", "Startup Cost": 0.0, "Total Cost": 0.8, "Plan Rows": 1, "Plan Width": 0, "Index Cond": "(id = mi.movie_id)"}]}]}, {"Node Type": "Bitmap Heap Scan", "Parent Relationship": "Inner", "Relation Name": "cast_info", "Alias": "ci", "Startup Cost": 1.01, "Total Cost": 5.12, "Plan Rows": 1, "Plan Width": 8, "Recheck Cond": "(movie_id = t.id)", "Filter": "((note)::text = ANY ('{(writer),\"(head writer)\",\"(written by)\",(story),\"(story editor)\"}'::text[]))", "Plans": [{"Node Type": "Bitmap Index Scan", "Parent Relationship": "Outer", "Index Name": "movie_id_cast_info", "Startup Cost": 0.0, "Total Cost": 1.01, "Plan Rows": 6, "Plan Width": 0, "Index Cond": "(movie_id = t.id)"}]}]}, {"Node Type": "Bitmap Heap Scan", "Parent Relationship": "Inner", "Relation Name": "name", "Alias": "n", "Startup Cost": 0.31, "Total Cost": 4.32, "Plan Rows": 1, "Plan Width": 4, "Recheck Cond": "(id = ci.person_id)", "Filter": "((gender IS NOT NULL) AND ((gender)::text = 'f'::text))", "Plans": [{"Node Type": "Bitmap Index Scan", "Parent Relationship": "Outer", "Index Name": "name_pkey", "Startup Cost": 0.0, "Total Cost": 0.31, "Plan Rows": 1, "Plan Width": 0, "Index Cond": "(id = ci.person_id)"}]}]}]}, "Unique SQL Id": 661781350, "Planner Runtime": 16}, "explain_analyze_plan": {"Plan": {"Node Type": "Aggregate", "Strategy": "Plain", "Startup Cost": 79040.0, "Total Cost": 79040.01, "Plan Rows": 1, "Plan Width": 160, "Actual Min Startup Time": 812.811, "Actual Max Startup Time": 812.811, "Actual Min Total Time": 812.811, "Actual Max Total Time": 812.811, "Plans": [{"Node Type": "Nested Loop", "Parent Relationship": "Outer", "Join Type": "Inner", "Startup Cost": 2.67, "Total Cost": 79038.35, "Plan Rows": 219, "Plan Width": 64, "Actual Min Startup Time": 388.712, "Actual Max Startup Time": 388.712, "Actual Min Total Time": 812.752, "Actual Max Total Time": 812.752, "Inner Unique": true, "Plans": [{"Node Type": "Nested Loop", "Parent Relationship": "Outer", "Join Type": "Inner", "Startup Cost": 2.36, "Total Cost": 77647.24, "Plan Rows": 321, "Plan Width": 68, "Actual Min Startup Time": 307.647, "Actual Max Startup Time": 307.647, "Actual Min Total Time": 809.564, "Actual Max Total Time": 809.564, "Inner Unique": false, "Plans": [{"Node Type": "Nested Loop", "Parent Relationship": "Outer", "Join Type": "Inner", "Startup Cost": 1.35, "Total Cost": 76154.06, "Plan Rows": 291, "Plan Width": 76, "Actual Min Startup Time": 307.553, "Actual Max Startup Time": 307.553, "Actual Min Total Time": 770.697, "Actual Max Total Time": 770.697, "Inner Unique": true, "Plans": [{"Node Type": "Nested Loop", "Parent Relationship": "Outer", "Join Type": "Inner", "Startup Cost": 0.55, "Total Cost": 74946.61, "Plan Rows": 250, "Plan Width": 55, "Actual Min Startup Time": 307.523, "Actual Max Startup Time": 307.523, "Actual Min Total Time": 762.726, "Actual Max Total Time": 762.726, "Inner Unique": false, "Join Filter": "(mi_idx.info_type_id = it2.id)", "Rows Removed by Join Filter": 3403, "Plans": [{"Node Type": "Seq Scan", "Parent Relationship": "Outer", "Relation Name": "info_type", "Alias": "it2", "Startup Cost": 0.0, "Total Cost": 2.4, "Plan Rows": 1, "Plan Width": 4, "Actual Min Startup Time": 0.098, "Actual Max Startup Time": 0.098, "Actual Min Total Time": 0.118, "Actual Max Total Time": 0.118, "Filter": "((info)::text = 'rating'::text)", "Rows Removed by Filter": 111, "Actual Rows": 1}, {"Node Type": "Nested Loop", "Parent Relationship": "Inner", "Join Type": "Inner", "Startup Cost": 0.55, "Total Cost": 74931.73, "Plan Rows": 999, "Plan Width": 59, "Actual Min Startup Time": 306.981, "Actual Max Startup Time": 306.981, "Actual Min Total Time": 759.629, "Actual Max Total Time": 759.629, "Inner Unique": false, "Plans": [{"Node Type": "Nested Loop", "Parent Relationship": "Outer", "Join Type": "Inner", "Startup Cost": 0.0, "Total Cost": 70475.56, "Plan Rows": 971, "Plan Width": 46, "Actual Min Startup Time": 306.629, "Actual Max Startup Time": 306.629, "Actual Min Total Time": 349.143, "Actual Max Total Time": 349.143, "Inner Unique": false, "Join Filter": "(it1.id = mi.info_type_id)", "Rows Removed by Join Filter": 789, "Plans": [{"Node Type": "Seq Scan", "Parent Relationship": "Outer", "Relation Name": "info_type", "Alias": "it1", "Startup Cost": 0.0, "Total Cost": 2.4, "Plan Rows": 1, "Plan Width": 4, "Actual Min Startup Time": 0.057, "Actual Max Startup Time": 0.057, "Actual Min Total Time": 0.104, "Actual Max Total Time": 0.104, "Filter": "((info)::text = 'genres'::text)", "Rows Removed by Filter": 111, "Actual Rows": 1}, {"Node Type": "Materialize", "Parent Relationship": "Inner", "Startup Cost": 0.0, "Total Cost": 69793.45, "Plan Rows": 67971, "Plan Width": 50, "Actual Min Startup Time": 306.535, "Actual Max Startup Time": 306.535, "Actual Min Total Time": 317.705, "Actual Max Total Time": 317.705, "Plans": [{"Node Type": "Streaming(type: LOCAL GATHER dop: 1/64)", "Parent Relationship": "Outer", "Startup Cost": 0.0, "Total Cost": 69623.52, "Plan Rows": 67971, "Plan Width": 50, "Actual Min Startup Time": 155.585, "Actual Max Startup Time": 155.585, "Actual Min Total Time": 295.065, "Actual Max Total Time": 295.065, "Plans": [{"Node Type": "Seq Scan", "Parent Relationship": "Outer", "Relation Name": "movie_info", "Alias": "mi", "Startup Cost": 0.0, "Total Cost": 68221.29, "Plan Rows": 67971, "Plan Width": 50, "Actual Min Startup Time": 54.273, "Actual Max Startup Time": 100.083, "Actual Min Total Time": 93.948, "Actual Max Total Time": 115.419, "Filter": "((note IS NULL) AND ((info)::text = ANY ('{Horror,Thriller}'::text[])))", "Rows Removed by Filter": 14762672, "Actual Rows": 73047}], "Actual Rows": 73047}], "Actual Rows": 73048}], "Actual Rows": 72258}, {"Node Type": "Bitmap Heap Scan", "Parent Relationship": "Inner", "Relation Name": "movie_info_idx", "Alias": "mi_idx", "Startup Cost": 0.55, "Total Cost": 4.58, "Plan Rows": 1, "Plan Width": 13, "Actual Min Startup Time": 329.234, "Actual Max Startup Time": 329.234, "Actual Min Total Time": 331.022, "Actual Max Total Time": 331.022, "Recheck Cond": "(movie_id = mi.movie_id)", "Rows Removed by Index Recheck": 0, "Filter": "((info)::text > '8.0'::text)", "Rows Removed by Filter": 113143, "Exact Heap Blocks": 39507, "Lossy Heap Blocks": 39507, "Plans": [{"Node Type": "Bitmap Index Scan", "Parent Relationship": "Outer", "Index Name": "movie_id_movie_info_idx", "Startup Cost": 0.0, "Total Cost": 0.55, "Plan Rows": 2, "Plan Width": 0, "Actual Min Startup Time": 192.42, "Actual Max Startup Time": 192.42, "Actual Min Total Time": 192.42, "Actual Max Total Time": 192.42, "Index Cond": "(movie_id = mi.movie_id)", "Actual Rows": 117278}], "Actual Rows": 4135}], "Actual Rows": 4135}], "Actual Rows": 732}, {"Node Type": "Bitmap Heap Scan", "Parent Relationship": "Inner", "Relation Name": "title", "Alias": "t", "Startup Cost": 0.8, "Total Cost": 4.82, "Plan Rows": 1, "Plan Width": 21, "Actual Min Startup Time": 6.373, "Actual Max Startup Time": 6.373, "Actual Min Total Time": 6.373, "Actual Max Total Time": 6.373, "Recheck Cond": "(id = mi.movie_id)", "Rows Removed by Index Recheck": 0, "Filter": "((production_year >= 2008) AND (production_year <= 2014))", "Rows Removed by Filter": 374, "Exact Heap Blocks": 732, "Lossy Heap Blocks": 732, "Plans": [{"Node Type": "Bitmap Index Scan", "Parent Relationship": "Outer", "Index Name": "title_pkey", "Startup Cost": 0.0, "Total Cost": 0.8, "Plan Rows": 1, "Plan Width": 0, "Actual Min Startup Time": 3.652, "Actual Max Startup Time": 3.652, "Actual Min Total Time": 3.652, "Actual Max Total Time": 3.652, "Index Cond": "(id = mi.movie_id)", "Actual Rows": 732}], "Actual Rows": 358}], "Actual Rows": 358}, {"Node Type": "Bitmap Heap Scan", "Parent Relationship": "Inner", "Relation Name": "cast_info", "Alias": "ci", "Startup Cost": 1.01, "Total Cost": 5.12, "Plan Rows": 1, "Plan Width": 8, "Actual Min Startup Time": 30.892, "Actual Max Startup Time": 30.892, "Actual Min Total Time": 38.081, "Actual Max Total Time": 38.081, "Recheck Cond": "(movie_id = t.id)", "Rows Removed by Index Recheck": 0, "Filter": "((note)::text = ANY ('{(writer),\"(head writer)\",\"(written by)\",(story),\"(story editor)\"}'::text[]))", "Rows Removed by Filter": 12296, "Exact Heap Blocks": 11454, "Lossy Heap Blocks": 11454, "Plans": [{"Node Type": "Bitmap Index Scan", "Parent Relationship": "Outer", "Index Name": "movie_id_cast_info", "Startup Cost": 0.0, "Total Cost": 1.01, "Plan Rows": 6, "Plan Width": 0, "Actual Min Startup Time": 5.397, "Actual Max Startup Time": 5.397, "Actual Min Total Time": 5.397, "Actual Max Total Time": 5.397, "Index Cond": "(movie_id = t.id)", "Actual Rows": 12564}], "Actual Rows": 268}], "Actual Rows": 268}, {"Node Type": "Bitmap Heap Scan", "Parent Relationship": "Inner", "Relation Name": "name", "Alias": "n", "Startup Cost": 0.31, "Total Cost": 4.32, "Plan Rows": 1, "Plan Width": 4, "Actual Min Startup Time": 2.722, "Actual Max Startup Time": 2.722, "Actual Min Total Time": 2.722, "Actual Max Total Time": 2.722, "Recheck Cond": "(id = ci.person_id)", "Rows Removed by Index Recheck": 0, "Filter": "((gender IS NOT NULL) AND ((gender)::text = 'f'::text))", "Rows Removed by Filter": 257, "Exact Heap Blocks": 268, "Lossy Heap Blocks": 268, "Plans": [{"Node Type": "Bitmap Index Scan", "Parent Relationship": "Outer", "Index Name": "name_pkey", "Startup Cost": 0.0, "Total Cost": 0.31, "Plan Rows": 1, "Plan Width": 0, "Actual Min Startup Time": 1.726, "Actual Max Startup Time": 1.726, "Actual Min Total Time": 1.726, "Actual Max Total Time": 1.726, "Index Cond": "(id = ci.person_id)", "Actual Rows": 268}], "Actual Rows": 11}], "Actual Rows": 11}], "Actual Rows": 1}, "Triggers": [], "Planner Runtime": 65.639, "Total Runtime": 826.211, "Unique SQL Id": 661781350}}, "(64, '55')": {"explain_plan": {"Plan": {"Node Type": "Aggregate", "Strategy": "Plain", "Startup Cost": 157109.69, "Total Cost": 157109.7, "Plan Rows": 1, "Plan Width": 160, "Plans": [{"Node Type": "Nested Loop", "Parent Relationship": "Outer", "Join Type": "Inner", "Startup Cost": 7439.53, "Total Cost": 157108.05, "Plan Rows": 219, "Plan Width": 64, "Inner Unique": true, "Plans": [{"Node Type": "Nested Loop", "Parent Relationship": "Outer", "Join Type": "Inner", "Startup Cost": 7439.22, "Total Cost": 155716.93, "Plan Rows": 321, "Plan Width": 68, "Inner Unique": false, "Plans": [{"Node Type": "Nested Loop", "Parent Relationship": "Outer", "Join Type": "Inner", "Startup Cost": 7438.22, "Total Cost": 154223.75, "Plan Rows": 291, "Plan Width": 76, "Inner Unique": false, "Join Filter": "(mi.info_type_id = it1.id)", "Plans": [{"Node Type": "Bitmap Heap Scan", "Parent Relationship": "Outer", "Relation Name": "info_type", "Alias": "it1", "Startup Cost": 8.81, "Total Cost": 14.21, "Plan Rows": 1, "Plan Width": 4, "Filter": "((info)::text = 'genres'::text)", "Plans": [{"Node Type": "Bitmap Index Scan", "Parent Relationship": "Outer", "Index Name": "info_type_pkey", "Startup Cost": 0.0, "Total Cost": 8.81, "Plan Rows": 112, "Plan Width": 0}]}, {"Node Type": "Nested Loop", "Parent Relationship": "Inner", "Join Type": "Inner", "Startup Cost": 7429.41, "Total Cost": 154037.63, "Plan Rows": 13753, "Plan Width": 80, "Inner Unique": false, "Plans": [{"Node Type": "Nested Loop", "Parent Relationship": "Outer", "Join Type": "Inner", "Startup Cost": 7428.83, "Total Cost": 83898.37, "Plan Rows": 15041, "Plan Width": 30, "Inner Unique": true, "Plans": [{"Node Type": "Nested Loop", "Parent Relationship": "Outer", "Join Type": "Inner", "Startup Cost": 7427.85, "Total Cost": 19211.73, "Plan Rows": 12936, "Plan Width": 9, "Inner Unique": false, "Plans": [{"Node Type": "Bitmap Heap Scan", "Parent Relationship": "Outer", "Relation Name": "info_type", "Alias": "it2", "Startup Cost": 8.81, "Total Cost": 14.21, "Plan Rows": 1, "Plan Width": 4, "Filter": "((info)::text = 'rating'::text)", "Plans": [{"Node Type": "Bitmap Index Scan", "Parent Relationship": "Outer", "Index Name": "info_type_pkey", "Startup Cost": 0.0, "Total Cost": 8.81, "Plan Rows": 112, "Plan Width": 0}]}, {"Node Type": "Bitmap Heap Scan", "Parent Relationship": "Inner", "Relation Name": "movie_info_idx", "Alias": "mi_idx", "Startup Cost": 7419.04, "Total Cost": 19068.16, "Plan Rows": 12936, "Plan Width": 13, "Recheck Cond": "(info_type_id = it2.id)", "Filter": "((info)::text > '8.0'::text)", "Plans": [{"Node Type": "Bitmap Index Scan", "Parent Relationship": "Outer", "Index Name": "info_type_id_movie_info_idx", "Startup Cost": 0.0, "Total Cost": 7415.81, "Plan Rows": 345008, "Plan Width": 0, "Index Cond": "(info_type_id = it2.id)"}]}]}, {"Node Type": "Bitmap Heap Scan", "Parent Relationship": "Inner", "Relation Name": "title", "Alias": "t", "Startup Cost": 0.97, "Total Cost": 4.99, "Plan Rows": 1, "Plan Width": 21, "Recheck Cond": "(id = mi_idx.movie_id)", "Filter": "((production_year >= 2008) AND (production_year <= 2014))", "Plans": [{"Node Type": "Bitmap Index Scan", "Parent Relationship": "Outer", "Index Name": "title_pkey", "Startup Cost": 0.0, "Total Cost": 0.97, "Plan Rows": 1, "Plan Width": 0, "Index Cond": "(id = mi_idx.movie_id)"}]}]}, {"Node Type": "Bitmap Heap Scan", "Parent Relationship": "Inner", "Relation Name": "movie_info", "Alias": "mi", "Startup Cost": 0.58, "Total Cost": 4.65, "Plan Rows": 1, "Plan Width": 50, "Recheck Cond": "(movie_id = t.id)", "Filter": "((note IS NULL) AND ((info)::text = ANY ('{Horror,Thriller}'::text[])))", "Plans": [{"Node Type": "Bitmap Index Scan", "Parent Relationship": "Outer", "Index Name": "movie_id_movie_info", "Startup Cost": 0.0, "Total Cost": 0.58, "Plan Rows": 5, "Plan Width": 0, "Index Cond": "(movie_id = t.id)"}]}]}]}, {"Node Type": "Bitmap Heap Scan", "Parent Relationship": "Inner", "Relation Name": "cast_info", "Alias": "ci", "Startup Cost": 1.01, "Total Cost": 5.12, "Plan Rows": 1, "Plan Width": 8, "Recheck Cond": "(movie_id = t.id)", "Filter": "((note)::text = ANY ('{(writer),\"(head writer)\",\"(written by)\",(story),\"(story editor)\"}'::text[]))", "Plans": [{"Node Type": "Bitmap Index Scan", "Parent Relationship": "Outer", "Index Name": "movie_id_cast_info", "Startup Cost": 0.0, "Total Cost": 1.01, "Plan Rows": 6, "Plan Width": 0, "Index Cond": "(movie_id = t.id)"}]}]}, {"Node Type": "Bitmap Heap Scan", "Parent Relationship": "Inner", "Relation Name": "name", "Alias": "n", "Startup Cost": 0.31, "Total Cost": 4.32, "Plan Rows": 1, "Plan Width": 4, "Recheck Cond": "(id = ci.person_id)", "Filter": "((gender IS NOT NULL) AND ((gender)::text = 'f'::text))", "Plans": [{"Node Type": "Bitmap Index Scan", "Parent Relationship": "Outer", "Index Name": "name_pkey", "Startup Cost": 0.0, "Total Cost": 0.31, "Plan Rows": 1, "Plan Width": 0, "Index Cond": "(id = ci.person_id)"}]}]}]}, "Unique SQL Id": 661781350, "Planner Runtime": 9}, "explain_analyze_plan": {"Plan": {"Node Type": "Aggregate", "Strategy": "Plain", "Startup Cost": 157109.69, "Total Cost": 157109.7, "Plan Rows": 1, "Plan Width": 160, "Actual Startup Time": 641.712, "Actual Total Time": 641.712, "Actual Rows": 1, "Actual Loops": 1, "Plans": [{"Node Type": "Nested Loop", "Parent Relationship": "Outer", "Join Type": "Inner", "Startup Cost": 7439.53, "Total Cost": 157108.05, "Plan Rows": 219, "Plan Width": 64, "Actual Startup Time": 369.881, "Actual Total Time": 641.653, "Actual Rows": 11, "Actual Loops": 1, "Inner Unique": true, "Plans": [{"Node Type": "Nested Loop", "Parent Relationship": "Outer", "Join Type": "Inner", "Startup Cost": 7439.22, "Total Cost": 155716.93, "Plan Rows": 321, "Plan Width": 68, "Actual Startup Time": 136.404, "Actual Total Time": 638.777, "Actual Rows": 268, "Actual Loops": 1, "Inner Unique": false, "Plans": [{"Node Type": "Nested Loop", "Parent Relationship": "Outer", "Join Type": "Inner", "Startup Cost": 7438.22, "Total Cost": 154223.75, "Plan Rows": 291, "Plan Width": 76, "Actual Startup Time": 62.071, "Actual Total Time": 601.341, "Actual Rows": 358, "Actual Loops": 1, "Inner Unique": false, "Join Filter": "(mi.info_type_id = it1.id)", "Rows Removed by Join Filter": 0, "Plans": [{"Node Type": "Bitmap Heap Scan", "Parent Relationship": "Outer", "Relation Name": "info_type", "Alias": "it1", "Startup Cost": 8.81, "Total Cost": 14.21, "Plan Rows": 1, "Plan Width": 4, "Actual Startup Time": 0.052, "Actual Total Time": 0.088, "Actual Rows": 1, "Actual Loops": 1, "Filter": "((info)::text = 'genres'::text)", "Rows Removed by Filter": 111, "Exact Heap Blocks": 1, "Lossy Heap Blocks": 1, "Plans": [{"Node Type": "Bitmap Index Scan", "Parent Relationship": "Outer", "Index Name": "info_type_pkey", "Startup Cost": 0.0, "Total Cost": 8.81, "Plan Rows": 112, "Plan Width": 0, "Actual Startup Time": 0.012, "Actual Total Time": 0.012, "Actual Rows": 112, "Actual Loops": 1}]}, {"Node Type": "Nested Loop", "Parent Relationship": "Inner", "Join Type": "Inner", "Startup Cost": 7429.41, "Total Cost": 154037.63, "Plan Rows": 13753, "Plan Width": 80, "Actual Startup Time": 62.009, "Actual Total Time": 600.951, "Actual Rows": 358, "Actual Loops": 1, "Inner Unique": false, "Plans": [{"Node Type": "Nested Loop", "Parent Relationship": "Outer", "Join Type": "Inner", "Startup Cost": 7428.83, "Total Cost": 83898.37, "Plan Rows": 15041, "Plan Width": 30, "Actual Startup Time": 54.142, "Actual Total Time": 420.438, "Actual Rows": 6152, "Actual Loops": 1, "Inner Unique": true, "Plans": [{"Node Type": "Nested Loop", "Parent Relationship": "Outer", "Join Type": "Inner", "Startup Cost": 7427.85, "Total Cost": 19211.73, "Plan Rows": 12936, "Plan Width": 9, "Actual Startup Time": 52.371, "Actual Total Time": 307.724, "Actual Rows": 15849, "Actual Loops": 1, "Inner Unique": false, "Plans": [{"Node Type": "Bitmap Heap Scan", "Parent Relationship": "Outer", "Relation Name": "info_type", "Alias": "it2", "Startup Cost": 8.81, "Total Cost": 14.21, "Plan Rows": 1, "Plan Width": 4, "Actual Startup Time": 0.051, "Actual Total Time": 0.06, "Actual Rows": 1, "Actual Loops": 1, "Filter": "((info)::text = 'rating'::text)", "Rows Removed by Filter": 111, "Exact Heap Blocks": 1, "Lossy Heap Blocks": 1, "Plans": [{"Node Type": "Bitmap Index Scan", "Parent Relationship": "Outer", "Index Name": "info_type_pkey", "Startup Cost": 0.0, "Total Cost": 8.81, "Plan Rows": 112, "Plan Width": 0, "Actual Startup Time": 0.008, "Actual Total Time": 0.008, "Actual Rows": 112, "Actual Loops": 1}]}, {"Node Type": "Bitmap Heap Scan", "Parent Relationship": "Inner", "Relation Name": "movie_info_idx", "Alias": "mi_idx", "Startup Cost": 7419.04, "Total Cost": 19068.16, "Plan Rows": 12936, "Plan Width": 13, "Actual Startup Time": 52.315, "Actual Total Time": 303.803, "Actual Rows": 15849, "Actual Loops": 1, "Recheck Cond": "(info_type_id = it2.id)", "Rows Removed by Index Recheck": 0, "Filter": "((info)::text > '8.0'::text)", "Rows Removed by Filter": 444076, "Exact Heap Blocks": 6472, "Lossy Heap Blocks": 6472, "Plans": [{"Node Type": "Bitmap Index Scan", "Parent Relationship": "Outer", "Index Name": "info_type_id_movie_info_idx", "Startup Cost": 0.0, "Total Cost": 7415.81, "Plan Rows": 345008, "Plan Width": 0, "Actual Startup Time": 51.054, "Actual Total Time": 51.054, "Actual Rows": 459925, "Actual Loops": 1, "Index Cond": "(info_type_id = it2.id)"}]}]}, {"Node Type": "Bitmap Heap Scan", "Parent Relationship": "Inner", "Relation Name": "title", "Alias": "t", "Startup Cost": 0.97, "Total Cost": 4.99, "Plan Rows": 1, "Plan Width": 21, "Actual Startup Time": 92.149, "Actual Total Time": 92.149, "Actual Rows": 6152, "Actual Loops": 15849, "Recheck Cond": "(id = mi_idx.movie_id)", "Rows Removed by Index Recheck": 0, "Filter": "((production_year >= 2008) AND (production_year <= 2014))", "Rows Removed by Filter": 9697, "Exact Heap Blocks": 15849, "Lossy Heap Blocks": 15849, "Plans": [{"Node Type": "Bitmap Index Scan", "Parent Relationship": "Outer", "Index Name": "title_pkey", "Startup Cost": 0.0, "Total Cost": 0.97, "Plan Rows": 1, "Plan Width": 0, "Actual Startup Time": 48.576, "Actual Total Time": 48.576, "Actual Rows": 15849, "Actual Loops": 15849, "Index Cond": "(id = mi_idx.movie_id)"}]}]}, {"Node Type": "Bitmap Heap Scan", "Parent Relationship": "Inner", "Relation Name": "movie_info", "Alias": "mi", "Startup Cost": 0.58, "Total Cost": 4.65, "Plan Rows": 1, "Plan Width": 50, "Actual Startup Time": 172.051, "Actual Total Time": 172.214, "Actual Rows": 358, "Actual Loops": 6152, "Recheck Cond": "(movie_id = t.id)", "Rows Removed by Index Recheck": 0, "Filter": "((note IS NULL) AND ((info)::text = ANY ('{Horror,Thriller}'::text[])))", "Rows Removed by Filter": 109599, "Exact Heap Blocks": 52726, "Lossy Heap Blocks": 52726, "Plans": [{"Node Type": "Bitmap Index Scan", "Parent Relationship": "Outer", "Index Name": "movie_id_movie_info", "Startup Cost": 0.0, "Total Cost": 0.58, "Plan Rows": 5, "Plan Width": 0, "Actual Startup Time": 40.994, "Actual Total Time": 40.994, "Actual Rows": 109957, "Actual Loops": 6152, "Index Cond": "(movie_id = t.id)"}]}]}]}, {"Node Type": "Bitmap Heap Scan", "Parent Relationship": "Inner", "Relation Name": "cast_info", "Alias": "ci", "Startup Cost": 1.01, "Total Cost": 5.12, "Plan Rows": 1, "Plan Width": 8, "Actual Startup Time": 29.533, "Actual Total Time": 36.492, "Actual Rows": 268, "Actual Loops": 358, "Recheck Cond": "(movie_id = t.id)", "Rows Removed by Index Recheck": 0, "Filter": "((note)::text = ANY ('{(writer),\"(head writer)\",\"(written by)\",(story),\"(story editor)\"}'::text[]))", "Rows Removed by Filter": 12296, "Exact Heap Blocks": 11454, "Lossy Heap Blocks": 11454, "Plans": [{"Node Type": "Bitmap Index Scan", "Parent Relationship": "Outer", "Index Name": "movie_id_cast_info", "Startup Cost": 0.0, "Total Cost": 1.01, "Plan Rows": 6, "Plan Width": 0, "Actual Startup Time": 5.133, "Actual Total Time": 5.133, "Actual Rows": 12564, "Actual Loops": 358, "Index Cond": "(movie_id = t.id)"}]}]}, {"Node Type": "Bitmap Heap Scan", "Parent Relationship": "Inner", "Relation Name": "name", "Alias": "n", "Startup Cost": 0.31, "Total Cost": 4.32, "Plan Rows": 1, "Plan Width": 4, "Actual Startup Time": 2.348, "Actual Total Time": 2.348, "Actual Rows": 11, "Actual Loops": 268, "Recheck Cond": "(id = ci.person_id)", "Rows Removed by Index Recheck": 0, "Filter": "((gender IS NOT NULL) AND ((gender)::text = 'f'::text))", "Rows Removed by Filter": 257, "Exact Heap Blocks": 268, "Lossy Heap Blocks": 268, "Plans": [{"Node Type": "Bitmap Index Scan", "Parent Relationship": "Outer", "Index Name": "name_pkey", "Startup Cost": 0.0, "Total Cost": 0.31, "Plan Rows": 1, "Plan Width": 0, "Actual Startup Time": 1.397, "Actual Total Time": 1.397, "Actual Rows": 268, "Actual Loops": 268, "Index Cond": "(id = ci.person_id)"}]}]}]}, "Triggers": [], "Planner Runtime": 23.242, "Total Runtime": 642.057, "Unique SQL Id": 661781350}}, "(64, '56')": {"explain_plan": {"Plan": {"Node Type": "Aggregate", "Strategy": "Plain", "Startup Cost": 72993.18, "Total Cost": 72993.19, "Plan Rows": 1, "Plan Width": 160, "Plans": [{"Node Type": "Nested Loop", "Parent Relationship": "Outer", "Join Type": "Inner", "Startup Cost": 0.0, "Total Cost": 72991.54, "Plan Rows": 219, "Plan Width": 64, "Inner Unique": true, "Plans": [{"Node Type": "Nested Loop", "Parent Relationship": "Outer", "Join Type": "Inner", "Startup Cost": 0.0, "Total Cost": 72830.55, "Plan Rows": 321, "Plan Width": 68, "Inner Unique": false, "Plans": [{"Node Type": "Nested Loop", "Parent Relationship": "Outer", "Join Type": "Inner", "Startup Cost": 0.0, "Total Cost": 72145.52, "Plan Rows": 291, "Plan Width": 76, "Inner Unique": true, "Plans": [{"Node Type": "Nested Loop", "Parent Relationship": "Outer", "Join Type": "Inner", "Startup Cost": 0.0, "Total Cost": 71432.31, "Plan Rows": 250, "Plan Width": 55, "Inner Unique": false, "Join Filter": "(mi_idx.info_type_id = it2.id)", "Plans": [{"Node Type": "Seq Scan", "Parent Relationship": "Outer", "Relation Name": "info_type", "Alias": "it2", "Startup Cost": 0.0, "Total Cost": 2.4, "Plan Rows": 1, "Plan Width": 4, "Filter": "((info)::text = 'rating'::text)"}, {"Node Type": "Nested Loop", "Parent Relationship": "Inner", "Join Type": "Inner", "Startup Cost": 0.0, "Total Cost": 71417.42, "Plan Rows": 999, "Plan Width": 59, "Inner Unique": false, "Plans": [{"Node Type": "Nested Loop", "Parent Relationship": "Outer", "Join Type": "Inner", "Startup Cost": 0.0, "Total Cost": 70475.56, "Plan Rows": 971, "Plan Width": 46, "Inner Unique": false, "Join Filter": "(it1.id = mi.info_type_id)", "Plans": [{"Node Type": "Seq Scan", "Parent Relationship": "Outer", "Relation Name": "info_type", "Alias": "it1", "Startup Cost": 0.0, "Total Cost": 2.4, "Plan Rows": 1, "Plan Width": 4, "Filter": "((info)::text = 'genres'::text)"}, {"Node Type": "Materialize", "Parent Relationship": "Inner", "Startup Cost": 0.0, "Total Cost": 69793.45, "Plan Rows": 67971, "Plan Width": 50, "Plans": [{"Node Type": "Streaming(type: LOCAL GATHER dop: 1/64)", "Parent Relationship": "Outer", "Startup Cost": 0.0, "Total Cost": 69623.52, "Plan Rows": 67971, "Plan Width": 50, "Plans": [{"Node Type": "Seq Scan", "Parent Relationship": "Outer", "Relation Name": "movie_info", "Alias": "mi", "Startup Cost": 0.0, "Total Cost": 68221.29, "Plan Rows": 67971, "Plan Width": 50, "Filter": "((note IS NULL) AND ((info)::text = ANY ('{Horror,Thriller}'::text[])))"}]}]}]}, {"Node Type": "Index Scan", "Parent Relationship": "Inner", "Scan Direction": "Forward", "Index Name": "movie_id_movie_info_idx", "Relation Name": "movie_info_idx", "Alias": "mi_idx", "Startup Cost": 0.0, "Total Cost": 0.96, "Plan Rows": 1, "Plan Width": 13, "Index Cond": "(movie_id = mi.movie_id)", "Filter": "((info)::text > '8.0'::text)"}]}]}, {"Node Type": "Index Scan", "Parent Relationship": "Inner", "Scan Direction": "Forward", "Index Name": "title_pkey", "Relation Name": "title", "Alias": "t", "Startup Cost": 0.0, "Total Cost": 2.84, "Plan Rows": 1, "Plan Width": 21, "Index Cond": "(id = mi.movie_id)", "Filter": "((production_year >= 2008) AND (production_year <= 2014))"}]}, {"Node Type": "Index Scan", "Parent Relationship": "Inner", "Scan Direction": "Forward", "Index Name": "movie_id_cast_info", "Relation Name": "cast_info", "Alias": "ci", "Startup Cost": 0.0, "Total Cost": 2.34, "Plan Rows": 1, "Plan Width": 8, "Index Cond": "(movie_id = t.id)", "Filter": "((note)::text = ANY ('{(writer),\"(head writer)\",\"(written by)\",(story),\"(story editor)\"}'::text[]))"}]}, {"Node Type": "Index Scan", "Parent Relationship": "Inner", "Scan Direction": "Forward", "Index Name": "name_pkey", "Relation Name": "name", "Alias": "n", "Startup Cost": 0.0, "Total Cost": 0.49, "Plan Rows": 1, "Plan Width": 4, "Index Cond": "(id = ci.person_id)", "Filter": "((gender IS NOT NULL) AND ((gender)::text = 'f'::text))"}]}]}, "Unique SQL Id": 661781350, "Planner Runtime": 9}, "explain_analyze_plan": {"Plan": {"Node Type": "Aggregate", "Strategy": "Plain", "Startup Cost": 72993.18, "Total Cost": 72993.19, "Plan Rows": 1, "Plan Width": 160, "Actual Min Startup Time": 744.744, "Actual Max Startup Time": 744.744, "Actual Min Total Time": 744.745, "Actual Max Total Time": 744.745, "Plans": [{"Node Type": "Nested Loop", "Parent Relationship": "Outer", "Join Type": "Inner", "Startup Cost": 0.0, "Total Cost": 72991.54, "Plan Rows": 219, "Plan Width": 64, "Actual Min Startup Time": 360.554, "Actual Max Startup Time": 360.554, "Actual Min Total Time": 744.685, "Actual Max Total Time": 744.685, "Inner Unique": true, "Plans": [{"Node Type": "Nested Loop", "Parent Relationship": "Outer", "Join Type": "Inner", "Startup Cost": 0.0, "Total Cost": 72830.55, "Plan Rows": 321, "Plan Width": 68, "Actual Min Startup Time": 349.305, "Actual Max Startup Time": 349.305, "Actual Min Total Time": 742.187, "Actual Max Total Time": 742.187, "Inner Unique": false, "Plans": [{"Node Type": "Nested Loop", "Parent Relationship": "Outer", "Join Type": "Inner", "Startup Cost": 0.0, "Total Cost": 72145.52, "Plan Rows": 291, "Plan Width": 76, "Actual Min Startup Time": 347.86, "Actual Max Startup Time": 347.86, "Actual Min Total Time": 710.007, "Actual Max Total Time": 710.007, "Inner Unique": true, "Plans": [{"Node Type": "Nested Loop", "Parent Relationship": "Outer", "Join Type": "Inner", "Startup Cost": 0.0, "Total Cost": 71432.31, "Plan Rows": 250, "Plan Width": 55, "Actual Min Startup Time": 347.833, "Actual Max Startup Time": 347.833, "Actual Min Total Time": 704.112, "Actual Max Total Time": 704.112, "Inner Unique": false, "Join Filter": "(mi_idx.info_type_id = it2.id)", "Rows Removed by Join Filter": 3403, "Plans": [{"Node Type": "Seq Scan", "Parent Relationship": "Outer", "Relation Name": "info_type", "Alias": "it2", "Startup Cost": 0.0, "Total Cost": 2.4, "Plan Rows": 1, "Plan Width": 4, "Actual Min Startup Time": 0.096, "Actual Max Startup Time": 0.096, "Actual Min Total Time": 0.108, "Actual Max Total Time": 0.108, "Filter": "((info)::text = 'rating'::text)", "Rows Removed by Filter": 111, "Actual Rows": 1}, {"Node Type": "Nested Loop", "Parent Relationship": "Inner", "Join Type": "Inner", "Startup Cost": 0.0, "Total Cost": 71417.42, "Plan Rows": 999, "Plan Width": 59, "Actual Min Startup Time": 347.719, "Actual Max Startup Time": 347.719, "Actual Min Total Time": 701.609, "Actual Max Total Time": 701.609, "Inner Unique": false, "Plans": [{"Node Type": "Nested Loop", "Parent Relationship": "Outer", "Join Type": "Inner", "Startup Cost": 0.0, "Total Cost": 70475.56, "Plan Rows": 971, "Plan Width": 46, "Actual Min Startup Time": 347.616, "Actual Max Startup Time": 347.616, "Actual Min Total Time": 386.749, "Actual Max Total Time": 386.749, "Inner Unique": false, "Join Filter": "(it1.id = mi.info_type_id)", "Rows Removed by Join Filter": 789, "Plans": [{"Node Type": "Seq Scan", "Parent Relationship": "Outer", "Relation Name": "info_type", "Alias": "it1", "Startup Cost": 0.0, "Total Cost": 2.4, "Plan Rows": 1, "Plan Width": 4, "Actual Min Startup Time": 0.046, "Actual Max Startup Time": 0.046, "Actual Min Total Time": 0.079, "Actual Max Total Time": 0.079, "Filter": "((info)::text = 'genres'::text)", "Rows Removed by Filter": 111, "Actual Rows": 1}, {"Node Type": "Materialize", "Parent Relationship": "Inner", "Startup Cost": 0.0, "Total Cost": 69793.45, "Plan Rows": 67971, "Plan Width": 50, "Actual Min Startup Time": 347.531, "Actual Max Startup Time": 347.531, "Actual Min Total Time": 357.593, "Actual Max Total Time": 357.593, "Plans": [{"Node Type": "Streaming(type: LOCAL GATHER dop: 1/64)", "Parent Relationship": "Outer", "Startup Cost": 0.0, "Total Cost": 69623.52, "Plan Rows": 67971, "Plan Width": 50, "Actual Min Startup Time": 182.821, "Actual Max Startup Time": 182.821, "Actual Min Total Time": 336.355, "Actual Max Total Time": 336.355, "Plans": [{"Node Type": "Seq Scan", "Parent Relationship": "Outer", "Relation Name": "movie_info", "Alias": "mi", "Startup Cost": 0.0, "Total Cost": 68221.29, "Plan Rows": 67971, "Plan Width": 50, "Actual Min Startup Time": 53.746, "Actual Max Startup Time": 120.053, "Actual Min Total Time": 96.673, "Actual Max Total Time": 129.021, "Filter": "((note IS NULL) AND ((info)::text = ANY ('{Horror,Thriller}'::text[])))", "Rows Removed by Filter": 14762672, "Actual Rows": 73047}], "Actual Rows": 73047}], "Actual Rows": 73048}], "Actual Rows": 72258}, {"Node Type": "Index Scan", "Parent Relationship": "Inner", "Scan Direction": "Forward", "Index Name": "movie_id_movie_info_idx", "Relation Name": "movie_info_idx", "Alias": "mi_idx", "Startup Cost": 0.0, "Total Cost": 0.96, "Plan Rows": 1, "Plan Width": 13, "Actual Min Startup Time": 276.39, "Actual Max Startup Time": 276.39, "Actual Min Total Time": 279.918, "Actual Max Total Time": 279.918, "Index Cond": "(movie_id = mi.movie_id)", "Rows Removed by Index Recheck": 0, "Filter": "((info)::text > '8.0'::text)", "Rows Removed by Filter": 113143, "Actual Rows": 4135}], "Actual Rows": 4135}], "Actual Rows": 732}, {"Node Type": "Index Scan", "Parent Relationship": "Inner", "Scan Direction": "Forward", "Index Name": "title_pkey", "Relation Name": "title", "Alias": "t", "Startup Cost": 0.0, "Total Cost": 2.84, "Plan Rows": 1, "Plan Width": 21, "Actual Min Startup Time": 5.3, "Actual Max Startup Time": 5.3, "Actual Min Total Time": 5.3, "Actual Max Total Time": 5.3, "Index Cond": "(id = mi.movie_id)", "Rows Removed by Index Recheck": 0, "Filter": "((production_year >= 2008) AND (production_year <= 2014))", "Rows Removed by Filter": 374, "Actual Rows": 358}], "Actual Rows": 358}, {"Node Type": "Index Scan", "Parent Relationship": "Inner", "Scan Direction": "Forward", "Index Name": "movie_id_cast_info", "Relation Name": "cast_info", "Alias": "ci", "Startup Cost": 0.0, "Total Cost": 2.34, "Plan Rows": 1, "Plan Width": 8, "Actual Min Startup Time": 25.141, "Actual Max Startup Time": 25.141, "Actual Min Total Time": 31.897, "Actual Max Total Time": 31.897, "Index Cond": "(movie_id = t.id)", "Rows Removed by Index Recheck": 0, "Filter": "((note)::text = ANY ('{(writer),\"(head writer)\",\"(written by)\",(story),\"(story editor)\"}'::text[]))", "Rows Removed by Filter": 12296, "Actual Rows": 268}], "Actual Rows": 268}, {"Node Type": "Index Scan", "Parent Relationship": "Inner", "Scan Direction": "Forward", "Index Name": "name_pkey", "Relation Name": "name", "Alias": "n", "Startup Cost": 0.0, "Total Cost": 0.49, "Plan Rows": 1, "Plan Width": 4, "Actual Min Startup Time": 2.298, "Actual Max Startup Time": 2.298, "Actual Min Total Time": 2.298, "Actual Max Total Time": 2.298, "Index Cond": "(id = ci.person_id)", "Rows Removed by Index Recheck": 0, "Filter": "((gender IS NOT NULL) AND ((gender)::text = 'f'::text))", "Rows Removed by Filter": 257, "Actual Rows": 11}], "Actual Rows": 11}], "Actual Rows": 1}, "Triggers": [], "Planner Runtime": 47.81, "Total Runtime": 757.105, "Unique SQL Id": 661781350}}, "(64, '57')": {"explain_plan": {"Plan": {"Node Type": "Aggregate", "Strategy": "Plain", "Startup Cost": 100899.17, "Total Cost": 100899.18, "Plan Rows": 1, "Plan Width": 160, "Plans": [{"Node Type": "Nested Loop", "Parent Relationship": "Outer", "Join Type": "Inner", "Startup Cost": 0.0, "Total Cost": 100897.52, "Plan Rows": 219, "Plan Width": 64, "Inner Unique": true, "Plans": [{"Node Type": "Nested Loop", "Parent Relationship": "Outer", "Join Type": "Inner", "Startup Cost": 0.0, "Total Cost": 100736.53, "Plan Rows": 321, "Plan Width": 68, "Inner Unique": false, "Plans": [{"Node Type": "Nested Loop", "Parent Relationship": "Outer", "Join Type": "Inner", "Startup Cost": 0.0, "Total Cost": 100051.51, "Plan Rows": 291, "Plan Width": 76, "Inner Unique": false, "Join Filter": "(mi.info_type_id = it1.id)", "Plans": [{"Node Type": "Index Scan", "Parent Relationship": "Outer", "Scan Direction": "Forward", "Index Name": "info_type_pkey", "Relation Name": "info_type", "Alias": "it1", "Startup Cost": 0.0, "Total Cost": 14.21, "Plan Rows": 1, "Plan Width": 4, "Filter": "((info)::text = 'genres'::text)"}, {"Node Type": "Nested Loop", "Parent Relationship": "Inner", "Join Type": "Inner", "Startup Cost": 0.0, "Total Cost": 99865.39, "Plan Rows": 13753, "Plan Width": 80, "Inner Unique": false, "Plans": [{"Node Type": "Nested Loop", "Parent Relationship": "Outer", "Join Type": "Inner", "Startup Cost": 0.0, "Total Cost": 78493.26, "Plan Rows": 15041, "Plan Width": 30, "Inner Unique": true, "Plans": [{"Node Type": "Nested Loop", "Parent Relationship": "Outer", "Join Type": "Inner", "Startup Cost": 0.0, "Total Cost": 35880.0, "Plan Rows": 12936, "Plan Width": 9, "Inner Unique": false, "Plans": [{"Node Type": "Index Scan", "Parent Relationship": "Outer", "Scan Direction": "Forward", "Index Name": "info_type_pkey", "Relation Name": "info_type", "Alias": "it2", "Startup Cost": 0.0, "Total Cost": 14.21, "Plan Rows": 1, "Plan Width": 4, "Filter": "((info)::text = 'rating'::text)"}, {"Node Type": "Index Scan", "Parent Relationship": "Inner", "Scan Direction": "Forward", "Index Name": "info_type_id_movie_info_idx", "Relation Name": "movie_info_idx", "Alias": "mi_idx", "Startup Cost": 0.0, "Total Cost": 35736.43, "Plan Rows": 12936, "Plan Width": 13, "Index Cond": "(info_type_id = it2.id)", "Filter": "((info)::text > '8.0'::text)"}]}, {"Node Type": "Index Scan", "Parent Relationship": "Inner", "Scan Direction": "Forward", "Index Name": "title_pkey", "Relation Name": "title", "Alias": "t", "Startup Cost": 0.0, "Total Cost": 3.28, "Plan Rows": 1, "Plan Width": 21, "Index Cond": "(id = mi_idx.movie_id)", "Filter": "((production_year >= 2008) AND (production_year <= 2014))"}]}, {"Node Type": "Index Scan", "Parent Relationship": "Inner", "Scan Direction": "Forward", "Index Name": "movie_id_movie_info", "Relation Name": "movie_info", "Alias": "mi", "Startup Cost": 0.0, "Total Cost": 1.41, "Plan Rows": 1, "Plan Width": 50, "Index Cond": "(movie_id = t.id)", "Filter": "((note IS NULL) AND ((info)::text = ANY ('{Horror,Thriller}'::text[])))"}]}]}, {"Node Type": "Index Scan", "Parent Relationship": "Inner", "Scan Direction": "Forward", "Index Name": "movie_id_cast_info", "Relation Name": "cast_info", "Alias": "ci", "Startup Cost": 0.0, "Total Cost": 2.34, "Plan Rows": 1, "Plan Width": 8, "Index Cond": "(movie_id = t.id)", "Filter": "((note)::text = ANY ('{(writer),\"(head writer)\",\"(written by)\",(story),\"(story editor)\"}'::text[]))"}]}, {"Node Type": "Index Scan", "Parent Relationship": "Inner", "Scan Direction": "Forward", "Index Name": "name_pkey", "Relation Name": "name", "Alias": "n", "Startup Cost": 0.0, "Total Cost": 0.49, "Plan Rows": 1, "Plan Width": 4, "Index Cond": "(id = ci.person_id)", "Filter": "((gender IS NOT NULL) AND ((gender)::text = 'f'::text))"}]}]}, "Unique SQL Id": 661781350, "Planner Runtime": 7}, "explain_analyze_plan": {"Plan": {"Node Type": "Aggregate", "Strategy": "Plain", "Startup Cost": 100899.17, "Total Cost": 100899.18, "Plan Rows": 1, "Plan Width": 160, "Actual Startup Time": 646.883, "Actual Total Time": 646.883, "Actual Rows": 1, "Actual Loops": 1, "Plans": [{"Node Type": "Nested Loop", "Parent Relationship": "Outer", "Join Type": "Inner", "Startup Cost": 0.0, "Total Cost": 100897.52, "Plan Rows": 219, "Plan Width": 64, "Actual Startup Time": 302.209, "Actual Total Time": 646.822, "Actual Rows": 11, "Actual Loops": 1, "Inner Unique": true, "Plans": [{"Node Type": "Nested Loop", "Parent Relationship": "Outer", "Join Type": "Inner", "Startup Cost": 0.0, "Total Cost": 100736.53, "Plan Rows": 321, "Plan Width": 68, "Actual Startup Time": 80.274, "Actual Total Time": 644.093, "Actual Rows": 268, "Actual Loops": 1, "Inner Unique": false, "Plans": [{"Node Type": "Nested Loop", "Parent Relationship": "Outer", "Join Type": "Inner", "Startup Cost": 0.0, "Total Cost": 100051.51, "Plan Rows": 291, "Plan Width": 76, "Actual Startup Time": 9.546, "Actual Total Time": 610.969, "Actual Rows": 358, "Actual Loops": 1, "Inner Unique": false, "Join Filter": "(mi.info_type_id = it1.id)", "Rows Removed by Join Filter": 0, "Plans": [{"Node Type": "Index Scan", "Parent Relationship": "Outer", "Scan Direction": "Forward", "Index Name": "info_type_pkey", "Relation Name": "info_type", "Alias": "it1", "Startup Cost": 0.0, "Total Cost": 14.21, "Plan Rows": 1, "Plan Width": 4, "Actual Startup Time": 0.023, "Actual Total Time": 0.078, "Actual Rows": 1, "Actual Loops": 1, "Filter": "((info)::text = 'genres'::text)", "Rows Removed by Filter": 111}, {"Node Type": "Nested Loop", "Parent Relationship": "Inner", "Join Type": "Inner", "Startup Cost": 0.0, "Total Cost": 99865.39, "Plan Rows": 13753, "Plan Width": 80, "Actual Startup Time": 9.515, "Actual Total Time": 610.676, "Actual Rows": 358, "Actual Loops": 1, "Inner Unique": false, "Plans": [{"Node Type": "Nested Loop", "Parent Relationship": "Outer", "Join Type": "Inner", "Startup Cost": 0.0, "Total Cost": 78493.26, "Plan Rows": 15041, "Plan Width": 30, "Actual Startup Time": 1.779, "Actual Total Time": 448.29, "Actual Rows": 6152, "Actual Loops": 1, "Inner Unique": true, "Plans": [{"Node Type": "Nested Loop", "Parent Relationship": "Outer", "Join Type": "Inner", "Startup Cost": 0.0, "Total Cost": 35880.0, "Plan Rows": 12936, "Plan Width": 9, "Actual Startup Time": 0.091, "Actual Total Time": 360.8, "Actual Rows": 15849, "Actual Loops": 1, "Inner Unique": false, "Plans": [{"Node Type": "Index Scan", "Parent Relationship": "Outer", "Scan Direction": "Forward", "Index Name": "info_type_pkey", "Relation Name": "info_type", "Alias": "it2", "Startup Cost": 0.0, "Total Cost": 14.21, "Plan Rows": 1, "Plan Width": 4, "Actual Startup Time": 0.051, "Actual Total Time": 0.061, "Actual Rows": 1, "Actual Loops": 1, "Filter": "((info)::text = 'rating'::text)", "Rows Removed by Filter": 111}, {"Node Type": "Index Scan", "Parent Relationship": "Inner", "Scan Direction": "Forward", "Index Name": "info_type_id_movie_info_idx", "Relation Name": "movie_info_idx", "Alias": "mi_idx", "Startup Cost": 0.0, "Total Cost": 35736.43, "Plan Rows": 12936, "Plan Width": 13, "Actual Startup Time": 0.039, "Actual Total Time": 357.075, "Actual Rows": 15849, "Actual Loops": 1, "Index Cond": "(info_type_id = it2.id)", "Rows Removed by Index Recheck": 0, "Filter": "((info)::text > '8.0'::text)", "Rows Removed by Filter": 444076}]}, {"Node Type": "Index Scan", "Parent Relationship": "Inner", "Scan Direction": "Forward", "Index Name": "title_pkey", "Relation Name": "title", "Alias": "t", "Startup Cost": 0.0, "Total Cost": 3.28, "Plan Rows": 1, "Plan Width": 21, "Actual Startup Time": 77.447, "Actual Total Time": 77.447, "Actual Rows": 6152, "Actual Loops": 15849, "Index Cond": "(id = mi_idx.movie_id)", "Rows Removed by Index Recheck": 0, "Filter": "((production_year >= 2008) AND (production_year <= 2014))", "Rows Removed by Filter": 9697}]}, {"Node Type": "Index Scan", "Parent Relationship": "Inner", "Scan Direction": "Forward", "Index Name": "movie_id_movie_info", "Relation Name": "movie_info", "Alias": "mi", "Startup Cost": 0.0, "Total Cost": 1.41, "Plan Rows": 1, "Plan Width": 50, "Actual Startup Time": 158.486, "Actual Total Time": 158.794, "Actual Rows": 358, "Actual Loops": 6152, "Index Cond": "(movie_id = t.id)", "Rows Removed by Index Recheck": 0, "Filter": "((note IS NULL) AND ((info)::text = ANY ('{Horror,Thriller}'::text[])))", "Rows Removed by Filter": 109599}]}]}, {"Node Type": "Index Scan", "Parent Relationship": "Inner", "Scan Direction": "Forward", "Index Name": "movie_id_cast_info", "Relation Name": "cast_info", "Alias": "ci", "Startup Cost": 0.0, "Total Cost": 2.34, "Plan Rows": 1, "Plan Width": 8, "Actual Startup Time": 25.735, "Actual Total Time": 32.721, "Actual Rows": 268, "Actual Loops": 358, "Index Cond": "(movie_id = t.id)", "Rows Removed by Index Recheck": 0, "Filter": "((note)::text = ANY ('{(writer),\"(head writer)\",\"(written by)\",(story),\"(story editor)\"}'::text[]))", "Rows Removed by Filter": 12296}]}, {"Node Type": "Index Scan", "Parent Relationship": "Inner", "Scan Direction": "Forward", "Index Name": "name_pkey", "Relation Name": "name", "Alias": "n", "Startup Cost": 0.0, "Total Cost": 0.49, "Plan Rows": 1, "Plan Width": 4, "Actual Startup Time": 2.504, "Actual Total Time": 2.504, "Actual Rows": 11, "Actual Loops": 268, "Index Cond": "(id = ci.person_id)", "Rows Removed by Index Recheck": 0, "Filter": "((gender IS NOT NULL) AND ((gender)::text = 'f'::text))", "Rows Removed by Filter": 257}]}]}, "Triggers": [], "Planner Runtime": 19.617, "Total Runtime": 647.192, "Unique SQL Id": 661781350}}, "(64, '58')": {"explain_plan": {"Plan": {"Node Type": "Aggregate", "Strategy": "Plain", "Startup Cost": 739936.17, "Total Cost": 739936.21, "Plan Rows": 1, "Plan Width": 160, "Plans": [{"Node Type": "Streaming(type: LOCAL GATHER dop: 1/64)", "Parent Relationship": "Outer", "Startup Cost": 739936.17, "Total Cost": 739936.21, "Plan Rows": 1, "Plan Width": 160, "Plans": [{"Node Type": "Aggregate", "Strategy": "Plain", "Parent Relationship": "Outer", "Startup Cost": 739936.17, "Total Cost": 739936.18, "Plan Rows": 1, "Plan Width": 160, "Plans": [{"Node Type": "Nested Loop", "Parent Relationship": "Outer", "Join Type": "Inner", "Startup Cost": 288.58, "Total Cost": 739934.53, "Plan Rows": 219, "Plan Width": 64, "Inner Unique": false, "Join Filter": "(mi.movie_id = t.id)", "Plans": [{"Node Type": "Seq Scan", "Parent Relationship": "Outer", "Relation Name": "title", "Alias": "t", "Startup Cost": 288.58, "Total Cost": 64136.1, "Plan Rows": 782553, "Plan Width": 21, "Filter": "((production_year >= 2008) AND (production_year <= 2014)), (LLVM Optimized)"}, {"Node Type": "Materialize", "Parent Relationship": "Inner", "Startup Cost": 0.0, "Total Cost": 641317.65, "Plan Rows": 12032, "Plan Width": 59, "Plans": [{"Node Type": "Streaming(type: BROADCAST dop: 64/64)", "Parent Relationship": "Outer", "Startup Cost": 0.0, "Total Cost": 641316.71, "Plan Rows": 12032, "Plan Width": 59, "Plans": [{"Node Type": "Nested Loop", "Parent Relationship": "Outer", "Join Type": "Inner", "Startup Cost": 0.0, "Total Cost": 578309.07, "Plan Rows": 188, "Plan Width": 59, "Inner Unique": false, "Join Filter": "(mi_idx.movie_id = mi.movie_id)", "Plans": [{"Node Type": "Streaming(type: BROADCAST dop: 64/1)", "Parent Relationship": "Outer", "Startup Cost": 0.0, "Total Cost": 104453.21, "Plan Rows": 827904, "Plan Width": 9, "Plans": [{"Node Type": "Nested Loop", "Parent Relationship": "Outer", "Join Type": "Inner", "Startup Cost": 0.0, "Total Cost": 24373.65, "Plan Rows": 12936, "Plan Width": 9, "Inner Unique": false, "Join Filter": "(it2.id = mi_idx.info_type_id)", "Plans": [{"Node Type": "Seq Scan", "Parent Relationship": "Outer", "Relation Name": "info_type", "Alias": "it2", "Startup Cost": 0.0, "Total Cost": 2.4, "Plan Rows": 1, "Plan Width": 4, "Filter": "((info)::text = 'rating'::text)"}, {"Node Type": "Seq Scan", "Parent Relationship": "Inner", "Relation Name": "movie_info_idx", "Alias": "mi_idx", "Startup Cost": 0.0, "Total Cost": 23724.42, "Plan Rows": 51746, "Plan Width": 13, "Filter": "((info)::text > '8.0'::text)"}]}]}, {"Node Type": "Materialize", "Parent Relationship": "Inner", "Startup Cost": 0.0, "Total Cost": 471633.53, "Plan Rows": 733, "Plan Width": 50, "Plans": [{"Node Type": "Nested Loop", "Parent Relationship": "Outer", "Join Type": "Inner", "Startup Cost": 0.0, "Total Cost": 471633.47, "Plan Rows": 733, "Plan Width": 50, "Inner Unique": false, "Join Filter": "(ci.person_id = n.id)", "Plans": [{"Node Type": "Streaming(type: LOCAL REDISTRIBUTE dop: 64/64)", "Parent Relationship": "Outer", "Startup Cost": 0.0, "Total Cost": 128208.44, "Plan Rows": 624324, "Plan Width": 4, "Plans": [{"Node Type": "Seq Scan", "Parent Relationship": "Outer", "Relation Name": "name", "Alias": "n", "Startup Cost": 0.0, "Total Cost": 64617.04, "Plan Rows": 624324, "Plan Width": 4, "Filter": "((gender IS NOT NULL) AND ((gender)::text = 'f'::text)), (LLVM Optimized)"}]}, {"Node Type": "Materialize", "Parent Relationship": "Inner", "Startup Cost": 0.0, "Total Cost": 340969.54, "Plan Rows": 1074, "Plan Width": 54, "Plans": [{"Node Type": "Streaming(type: LOCAL REDISTRIBUTE dop: 64/64)", "Parent Relationship": "Outer", "Startup Cost": 0.0, "Total Cost": 340969.45, "Plan Rows": 1074, "Plan Width": 54, "Plans": [{"Node Type": "Nested Loop", "Parent Relationship": "Outer", "Join Type": "Inner", "Startup Cost": 0.0, "Total Cost": 277968.44, "Plan Rows": 1074, "Plan Width": 54, "Inner Unique": false, "Join Filter": "(mi.movie_id = ci.movie_id)", "Plans": [{"Node Type": "Streaming(type: LOCAL REDISTRIBUTE dop: 64/64)", "Parent Relationship": "Outer", "Startup Cost": 0.0, "Total Cost": 140103.96, "Plan Rows": 1223154, "Plan Width": 8, "Plans": [{"Node Type": "Seq Scan", "Parent Relationship": "Outer", "Relation Name": "cast_info", "Alias": "ci", "Startup Cost": 0.0, "Total Cost": 75945.31, "Plan Rows": 1223154, "Plan Width": 8, "Filter": "((note)::text = ANY ('{(writer),\"(head writer)\",\"(written by)\",(story),\"(story editor)\"}'::text[]))"}]}, {"Node Type": "Materialize", "Parent Relationship": "Inner", "Startup Cost": 0.0, "Total Cost": 133515.09, "Plan Rows": 971, "Plan Width": 46, "Plans": [{"Node Type": "Streaming(type: LOCAL REDISTRIBUTE dop: 64/1)", "Parent Relationship": "Outer", "Startup Cost": 0.0, "Total Cost": 133515.01, "Plan Rows": 971, "Plan Width": 46, "Plans": [{"Node Type": "Nested Loop", "Parent Relationship": "Outer", "Join Type": "Inner", "Startup Cost": 0.0, "Total Cost": 70475.56, "Plan Rows": 971, "Plan Width": 46, "Inner Unique": false, "Join Filter": "(it1.id = mi.info_type_id)", "Plans": [{"Node Type": "Seq Scan", "Parent Relationship": "Outer", "Relation Name": "info_type", "Alias": "it1", "Startup Cost": 0.0, "Total Cost": 2.4, "Plan Rows": 1, "Plan Width": 4, "Filter": "((info)::text = 'genres'::text)"}, {"Node Type": "Materialize", "Parent Relationship": "Inner", "Startup Cost": 0.0, "Total Cost": 69793.45, "Plan Rows": 67971, "Plan Width": 50, "Plans": [{"Node Type": "Streaming(type: LOCAL GATHER dop: 1/64)", "Parent Relationship": "Outer", "Startup Cost": 0.0, "Total Cost": 69623.52, "Plan Rows": 67971, "Plan Width": 50, "Plans": [{"Node Type": "Seq Scan", "Parent Relationship": "Outer", "Relation Name": "movie_info", "Alias": "mi", "Startup Cost": 0.0, "Total Cost": 68221.29, "Plan Rows": 67971, "Plan Width": 50, "Filter": "((note IS NULL) AND ((info)::text = ANY ('{Horror,Thriller}'::text[])))"}]}]}]}]}]}]}]}]}]}]}]}]}]}]}]}]}]}, "Unique SQL Id": 661781350, "Planner Runtime": 14}, "explain_analyze_plan": null}, "(64, '59')": {"explain_plan": {"Plan": {"Node Type": "Aggregate", "Strategy": "Plain", "Startup Cost": 7000346357848.23, "Total Cost": 7000346357848.24, "Plan Rows": 1, "Plan Width": 160, "Plans": [{"Node Type": "Nested Loop", "Parent Relationship": "Outer", "Join Type": "Inner", "Startup Cost": 70000000000.0, "Total Cost": 7000346357846.58, "Plan Rows": 219, "Plan Width": 64, "Inner Unique": false, "Join Filter": "(mi.movie_id = t.id)", "Plans": [{"Node Type": "Index Scan", "Parent Relationship": "Outer", "Scan Direction": "Forward", "Index Name": "title_pkey", "Relation Name": "title", "Alias": "t", "Startup Cost": 10000000000.0, "Total Cost": 1000012276204.41, "Plan Rows": 782553, "Plan Width": 21, "Filter": "((production_year >= 2008) AND (production_year <= 2014)), (LLVM Optimized)"}, {"Node Type": "Materialize", "Parent Relationship": "Inner", "Startup Cost": 60000000000.0, "Total Cost": 6000331874843.18, "Plan Rows": 188, "Plan Width": 59, "Plans": [{"Node Type": "Nested Loop", "Parent Relationship": "Outer", "Join Type": "Inner", "Startup Cost": 60000000000.0, "Total Cost": 6000331874842.24, "Plan Rows": 188, "Plan Width": 59, "Inner Unique": true, "Join Filter": "(ci.person_id = n.id)", "Plans": [{"Node Type": "Nested Loop", "Parent Relationship": "Outer", "Join Type": "Inner", "Startup Cost": 50000000000.0, "Total Cost": 5000310623432.87, "Plan Rows": 276, "Plan Width": 63, "Inner Unique": false, "Join Filter": "(mi.movie_id = ci.movie_id)", "Plans": [{"Node Type": "Nested Loop", "Parent Relationship": "Outer", "Join Type": "Inner", "Startup Cost": 40000000000.0, "Total Cost": 4000112722530.52, "Plan Rows": 250, "Plan Width": 55, "Inner Unique": false, "Join Filter": "(mi.movie_id = mi_idx.movie_id)", "Plans": [{"Node Type": "Nested Loop", "Parent Relationship": "Outer", "Join Type": "Inner", "Startup Cost": 20000000000.0, "Total Cost": 2000107536844.28, "Plan Rows": 971, "Plan Width": 46, "Inner Unique": true, "Join Filter": "(it1.id = mi.info_type_id)", "Plans": [{"Node Type": "Index Scan", "Parent Relationship": "Outer", "Scan Direction": "Forward", "Index Name": "movie_id_movie_info", "Relation Name": "movie_info", "Alias": "mi", "Startup Cost": 10000000000.0, "Total Cost": 1000107534403.72, "Plan Rows": 67971, "Plan Width": 50, "Filter": "((note IS NULL) AND ((info)::text = ANY ('{Horror,Thriller}'::text[])))"}, {"Node Type": "Materialize", "Parent Relationship": "Inner", "Startup Cost": 10000000000.0, "Total Cost": 1000000001421.0, "Plan Rows": 1, "Plan Width": 4, "Plans": [{"Node Type": "Index Scan", "Parent Relationship": "Outer", "Scan Direction": "Forward", "Index Name": "info_type_pkey", "Relation Name": "info_type", "Alias": "it1", "Startup Cost": 10000000000.0, "Total Cost": 1000000001421.0, "Plan Rows": 1, "Plan Width": 4, "Filter": "((info)::text = 'genres'::text)"}]}]}, {"Node Type": "Materialize", "Parent Relationship": "Inner", "Startup Cost": 20000000000.0, "Total Cost": 2000004997305.74, "Plan Rows": 12936, "Plan Width": 9, "Plans": [{"Node Type": "Nested Loop", "Parent Relationship": "Outer", "Join Type": "Inner", "Startup Cost": 20000000000.0, "Total Cost": 2000004997241.06, "Plan Rows": 12936, "Plan Width": 9, "Inner Unique": true, "Join Filter": "(it2.id = mi_idx.info_type_id)", "Plans": [{"Node Type": "Index Scan", "Parent Relationship": "Outer", "Scan Direction": "Forward", "Index Name": "movie_id_movie_info_idx", "Relation Name": "movie_info_idx", "Alias": "mi_idx", "Startup Cost": 10000000000.0, "Total Cost": 1000004995043.87, "Plan Rows": 51746, "Plan Width": 13, "Filter": "((info)::text > '8.0'::text)"}, {"Node Type": "Materialize", "Parent Relationship": "Inner", "Startup Cost": 10000000000.0, "Total Cost": 1000000001421.0, "Plan Rows": 1, "Plan Width": 4, "Plans": [{"Node Type": "Index Scan", "Parent Relationship": "Outer", "Scan Direction": "Forward", "Index Name": "info_type_pkey", "Relation Name": "info_type", "Alias": "it2", "Startup Cost": 10000000000.0, "Total Cost": 1000000001421.0, "Plan Rows": 1, "Plan Width": 4, "Filter": "((info)::text = 'rating'::text)"}]}]}]}]}, {"Node Type": "Materialize", "Parent Relationship": "Inner", "Startup Cost": 10000000000.0, "Total Cost": 1000193317132.73, "Plan Rows": 1223154, "Plan Width": 8, "Plans": [{"Node Type": "Index Scan", "Parent Relationship": "Outer", "Scan Direction": "Forward", "Index Name": "person_id_cast_info", "Relation Name": "cast_info", "Alias": "ci", "Startup Cost": 10000000000.0, "Total Cost": 1000193311016.96, "Plan Rows": 1223154, "Plan Width": 8, "Filter": "((note)::text = ANY ('{(writer),\"(head writer)\",\"(written by)\",(story),\"(story editor)\"}'::text[]))"}]}]}, {"Node Type": "Materialize", "Parent Relationship": "Inner", "Startup Cost": 10000000000.0, "Total Cost": 1000018668268.82, "Plan Rows": 624324, "Plan Width": 4, "Plans": [{"Node Type": "Index Scan", "Parent Relationship": "Outer", "Scan Direction": "Forward", "Index Name": "name_pkey", "Relation Name": "name", "Alias": "n", "Startup Cost": 10000000000.0, "Total Cost": 1000018665147.2, "Plan Rows": 624324, "Plan Width": 4, "Filter": "((gender IS NOT NULL) AND ((gender)::text = 'f'::text)), (LLVM Optimized)"}]}]}]}]}]}, "Unique SQL Id": 661781350, "Planner Runtime": 35}, "explain_analyze_plan": null}, "(64, '60')": {"explain_plan": {"Plan": {"Node Type": "Aggregate", "Strategy": "Plain", "Startup Cost": 72993.18, "Total Cost": 72993.19, "Plan Rows": 1, "Plan Width": 160, "Plans": [{"Node Type": "Nested Loop", "Parent Relationship": "Outer", "Join Type": "Inner", "Startup Cost": 0.0, "Total Cost": 72991.54, "Plan Rows": 219, "Plan Width": 64, "Inner Unique": true, "Plans": [{"Node Type": "Nested Loop", "Parent Relationship": "Outer", "Join Type": "Inner", "Startup Cost": 0.0, "Total Cost": 72830.55, "Plan Rows": 321, "Plan Width": 68, "Inner Unique": false, "Plans": [{"Node Type": "Nested Loop", "Parent Relationship": "Outer", "Join Type": "Inner", "Startup Cost": 0.0, "Total Cost": 72145.52, "Plan Rows": 291, "Plan Width": 76, "Inner Unique": true, "Plans": [{"Node Type": "Nested Loop", "Parent Relationship": "Outer", "Join Type": "Inner", "Startup Cost": 0.0, "Total Cost": 71432.31, "Plan Rows": 250, "Plan Width": 55, "Inner Unique": false, "Join Filter": "(mi_idx.info_type_id = it2.id)", "Plans": [{"Node Type": "Seq Scan", "Parent Relationship": "Outer", "Relation Name": "info_type", "Alias": "it2", "Startup Cost": 0.0, "Total Cost": 2.4, "Plan Rows": 1, "Plan Width": 4, "Filter": "((info)::text = 'rating'::text)"}, {"Node Type": "Nested Loop", "Parent Relationship": "Inner", "Join Type": "Inner", "Startup Cost": 0.0, "Total Cost": 71417.42, "Plan Rows": 999, "Plan Width": 59, "Inner Unique": false, "Plans": [{"Node Type": "Nested Loop", "Parent Relationship": "Outer", "Join Type": "Inner", "Startup Cost": 0.0, "Total Cost": 70475.56, "Plan Rows": 971, "Plan Width": 46, "Inner Unique": false, "Join Filter": "(it1.id = mi.info_type_id)", "Plans": [{"Node Type": "Seq Scan", "Parent Relationship": "Outer", "Relation Name": "info_type", "Alias": "it1", "Startup Cost": 0.0, "Total Cost": 2.4, "Plan Rows": 1, "Plan Width": 4, "Filter": "((info)::text = 'genres'::text)"}, {"Node Type": "Materialize", "Parent Relationship": "Inner", "Startup Cost": 0.0, "Total Cost": 69793.45, "Plan Rows": 67971, "Plan Width": 50, "Plans": [{"Node Type": "Streaming(type: LOCAL GATHER dop: 1/64)", "Parent Relationship": "Outer", "Startup Cost": 0.0, "Total Cost": 69623.52, "Plan Rows": 67971, "Plan Width": 50, "Plans": [{"Node Type": "Seq Scan", "Parent Relationship": "Outer", "Relation Name": "movie_info", "Alias": "mi", "Startup Cost": 0.0, "Total Cost": 68221.29, "Plan Rows": 67971, "Plan Width": 50, "Filter": "((note IS NULL) AND ((info)::text = ANY ('{Horror,Thriller}'::text[])))"}]}]}]}, {"Node Type": "Index Scan", "Parent Relationship": "Inner", "Scan Direction": "Forward", "Index Name": "movie_id_movie_info_idx", "Relation Name": "movie_info_idx", "Alias": "mi_idx", "Startup Cost": 0.0, "Total Cost": 0.96, "Plan Rows": 1, "Plan Width": 13, "Index Cond": "(movie_id = mi.movie_id)", "Filter": "((info)::text > '8.0'::text)"}]}]}, {"Node Type": "Index Scan", "Parent Relationship": "Inner", "Scan Direction": "Forward", "Index Name": "title_pkey", "Relation Name": "title", "Alias": "t", "Startup Cost": 0.0, "Total Cost": 2.84, "Plan Rows": 1, "Plan Width": 21, "Index Cond": "(id = mi.movie_id)", "Filter": "((production_year >= 2008) AND (production_year <= 2014))"}]}, {"Node Type": "Index Scan", "Parent Relationship": "Inner", "Scan Direction": "Forward", "Index Name": "movie_id_cast_info", "Relation Name": "cast_info", "Alias": "ci", "Startup Cost": 0.0, "Total Cost": 2.34, "Plan Rows": 1, "Plan Width": 8, "Index Cond": "(movie_id = t.id)", "Filter": "((note)::text = ANY ('{(writer),\"(head writer)\",\"(written by)\",(story),\"(story editor)\"}'::text[]))"}]}, {"Node Type": "Index Scan", "Parent Relationship": "Inner", "Scan Direction": "Forward", "Index Name": "name_pkey", "Relation Name": "name", "Alias": "n", "Startup Cost": 0.0, "Total Cost": 0.49, "Plan Rows": 1, "Plan Width": 4, "Index Cond": "(id = ci.person_id)", "Filter": "((gender IS NOT NULL) AND ((gender)::text = 'f'::text))"}]}]}, "Unique SQL Id": 661781350, "Planner Runtime": 9}, "explain_analyze_plan": {"Plan": {"Node Type": "Aggregate", "Strategy": "Plain", "Startup Cost": 72993.18, "Total Cost": 72993.19, "Plan Rows": 1, "Plan Width": 160, "Actual Min Startup Time": 744.744, "Actual Max Startup Time": 744.744, "Actual Min Total Time": 744.745, "Actual Max Total Time": 744.745, "Plans": [{"Node Type": "Nested Loop", "Parent Relationship": "Outer", "Join Type": "Inner", "Startup Cost": 0.0, "Total Cost": 72991.54, "Plan Rows": 219, "Plan Width": 64, "Actual Min Startup Time": 360.554, "Actual Max Startup Time": 360.554, "Actual Min Total Time": 744.685, "Actual Max Total Time": 744.685, "Inner Unique": true, "Plans": [{"Node Type": "Nested Loop", "Parent Relationship": "Outer", "Join Type": "Inner", "Startup Cost": 0.0, "Total Cost": 72830.55, "Plan Rows": 321, "Plan Width": 68, "Actual Min Startup Time": 349.305, "Actual Max Startup Time": 349.305, "Actual Min Total Time": 742.187, "Actual Max Total Time": 742.187, "Inner Unique": false, "Plans": [{"Node Type": "Nested Loop", "Parent Relationship": "Outer", "Join Type": "Inner", "Startup Cost": 0.0, "Total Cost": 72145.52, "Plan Rows": 291, "Plan Width": 76, "Actual Min Startup Time": 347.86, "Actual Max Startup Time": 347.86, "Actual Min Total Time": 710.007, "Actual Max Total Time": 710.007, "Inner Unique": true, "Plans": [{"Node Type": "Nested Loop", "Parent Relationship": "Outer", "Join Type": "Inner", "Startup Cost": 0.0, "Total Cost": 71432.31, "Plan Rows": 250, "Plan Width": 55, "Actual Min Startup Time": 347.833, "Actual Max Startup Time": 347.833, "Actual Min Total Time": 704.112, "Actual Max Total Time": 704.112, "Inner Unique": false, "Join Filter": "(mi_idx.info_type_id = it2.id)", "Rows Removed by Join Filter": 3403, "Plans": [{"Node Type": "Seq Scan", "Parent Relationship": "Outer", "Relation Name": "info_type", "Alias": "it2", "Startup Cost": 0.0, "Total Cost": 2.4, "Plan Rows": 1, "Plan Width": 4, "Actual Min Startup Time": 0.096, "Actual Max Startup Time": 0.096, "Actual Min Total Time": 0.108, "Actual Max Total Time": 0.108, "Filter": "((info)::text = 'rating'::text)", "Rows Removed by Filter": 111, "Actual Rows": 1}, {"Node Type": "Nested Loop", "Parent Relationship": "Inner", "Join Type": "Inner", "Startup Cost": 0.0, "Total Cost": 71417.42, "Plan Rows": 999, "Plan Width": 59, "Actual Min Startup Time": 347.719, "Actual Max Startup Time": 347.719, "Actual Min Total Time": 701.609, "Actual Max Total Time": 701.609, "Inner Unique": false, "Plans": [{"Node Type": "Nested Loop", "Parent Relationship": "Outer", "Join Type": "Inner", "Startup Cost": 0.0, "Total Cost": 70475.56, "Plan Rows": 971, "Plan Width": 46, "Actual Min Startup Time": 347.616, "Actual Max Startup Time": 347.616, "Actual Min Total Time": 386.749, "Actual Max Total Time": 386.749, "Inner Unique": false, "Join Filter": "(it1.id = mi.info_type_id)", "Rows Removed by Join Filter": 789, "Plans": [{"Node Type": "Seq Scan", "Parent Relationship": "Outer", "Relation Name": "info_type", "Alias": "it1", "Startup Cost": 0.0, "Total Cost": 2.4, "Plan Rows": 1, "Plan Width": 4, "Actual Min Startup Time": 0.046, "Actual Max Startup Time": 0.046, "Actual Min Total Time": 0.079, "Actual Max Total Time": 0.079, "Filter": "((info)::text = 'genres'::text)", "Rows Removed by Filter": 111, "Actual Rows": 1}, {"Node Type": "Materialize", "Parent Relationship": "Inner", "Startup Cost": 0.0, "Total Cost": 69793.45, "Plan Rows": 67971, "Plan Width": 50, "Actual Min Startup Time": 347.531, "Actual Max Startup Time": 347.531, "Actual Min Total Time": 357.593, "Actual Max Total Time": 357.593, "Plans": [{"Node Type": "Streaming(type: LOCAL GATHER dop: 1/64)", "Parent Relationship": "Outer", "Startup Cost": 0.0, "Total Cost": 69623.52, "Plan Rows": 67971, "Plan Width": 50, "Actual Min Startup Time": 182.821, "Actual Max Startup Time": 182.821, "Actual Min Total Time": 336.355, "Actual Max Total Time": 336.355, "Plans": [{"Node Type": "Seq Scan", "Parent Relationship": "Outer", "Relation Name": "movie_info", "Alias": "mi", "Startup Cost": 0.0, "Total Cost": 68221.29, "Plan Rows": 67971, "Plan Width": 50, "Actual Min Startup Time": 53.746, "Actual Max Startup Time": 120.053, "Actual Min Total Time": 96.673, "Actual Max Total Time": 129.021, "Filter": "((note IS NULL) AND ((info)::text = ANY ('{Horror,Thriller}'::text[])))", "Rows Removed by Filter": 14762672, "Actual Rows": 73047}], "Actual Rows": 73047}], "Actual Rows": 73048}], "Actual Rows": 72258}, {"Node Type": "Index Scan", "Parent Relationship": "Inner", "Scan Direction": "Forward", "Index Name": "movie_id_movie_info_idx", "Relation Name": "movie_info_idx", "Alias": "mi_idx", "Startup Cost": 0.0, "Total Cost": 0.96, "Plan Rows": 1, "Plan Width": 13, "Actual Min Startup Time": 276.39, "Actual Max Startup Time": 276.39, "Actual Min Total Time": 279.918, "Actual Max Total Time": 279.918, "Index Cond": "(movie_id = mi.movie_id)", "Rows Removed by Index Recheck": 0, "Filter": "((info)::text > '8.0'::text)", "Rows Removed by Filter": 113143, "Actual Rows": 4135}], "Actual Rows": 4135}], "Actual Rows": 732}, {"Node Type": "Index Scan", "Parent Relationship": "Inner", "Scan Direction": "Forward", "Index Name": "title_pkey", "Relation Name": "title", "Alias": "t", "Startup Cost": 0.0, "Total Cost": 2.84, "Plan Rows": 1, "Plan Width": 21, "Actual Min Startup Time": 5.3, "Actual Max Startup Time": 5.3, "Actual Min Total Time": 5.3, "Actual Max Total Time": 5.3, "Index Cond": "(id = mi.movie_id)", "Rows Removed by Index Recheck": 0, "Filter": "((production_year >= 2008) AND (production_year <= 2014))", "Rows Removed by Filter": 374, "Actual Rows": 358}], "Actual Rows": 358}, {"Node Type": "Index Scan", "Parent Relationship": "Inner", "Scan Direction": "Forward", "Index Name": "movie_id_cast_info", "Relation Name": "cast_info", "Alias": "ci", "Startup Cost": 0.0, "Total Cost": 2.34, "Plan Rows": 1, "Plan Width": 8, "Actual Min Startup Time": 25.141, "Actual Max Startup Time": 25.141, "Actual Min Total Time": 31.897, "Actual Max Total Time": 31.897, "Index Cond": "(movie_id = t.id)", "Rows Removed by Index Recheck": 0, "Filter": "((note)::text = ANY ('{(writer),\"(head writer)\",\"(written by)\",(story),\"(story editor)\"}'::text[]))", "Rows Removed by Filter": 12296, "Actual Rows": 268}], "Actual Rows": 268}, {"Node Type": "Index Scan", "Parent Relationship": "Inner", "Scan Direction": "Forward", "Index Name": "name_pkey", "Relation Name": "name", "Alias": "n", "Startup Cost": 0.0, "Total Cost": 0.49, "Plan Rows": 1, "Plan Width": 4, "Actual Min Startup Time": 2.298, "Actual Max Startup Time": 2.298, "Actual Min Total Time": 2.298, "Actual Max Total Time": 2.298, "Index Cond": "(id = ci.person_id)", "Rows Removed by Index Recheck": 0, "Filter": "((gender IS NOT NULL) AND ((gender)::text = 'f'::text))", "Rows Removed by Filter": 257, "Actual Rows": 11}], "Actual Rows": 11}], "Actual Rows": 1}, "Triggers": [], "Planner Runtime": 47.81, "Total Runtime": 757.105, "Unique SQL Id": 661781350}}, "(64, '61')": {"explain_plan": {"Plan": {"Node Type": "Aggregate", "Strategy": "Plain", "Startup Cost": 100899.17, "Total Cost": 100899.18, "Plan Rows": 1, "Plan Width": 160, "Plans": [{"Node Type": "Nested Loop", "Parent Relationship": "Outer", "Join Type": "Inner", "Startup Cost": 0.0, "Total Cost": 100897.52, "Plan Rows": 219, "Plan Width": 64, "Inner Unique": true, "Plans": [{"Node Type": "Nested Loop", "Parent Relationship": "Outer", "Join Type": "Inner", "Startup Cost": 0.0, "Total Cost": 100736.53, "Plan Rows": 321, "Plan Width": 68, "Inner Unique": false, "Plans": [{"Node Type": "Nested Loop", "Parent Relationship": "Outer", "Join Type": "Inner", "Startup Cost": 0.0, "Total Cost": 100051.51, "Plan Rows": 291, "Plan Width": 76, "Inner Unique": false, "Join Filter": "(mi.info_type_id = it1.id)", "Plans": [{"Node Type": "Index Scan", "Parent Relationship": "Outer", "Scan Direction": "Forward", "Index Name": "info_type_pkey", "Relation Name": "info_type", "Alias": "it1", "Startup Cost": 0.0, "Total Cost": 14.21, "Plan Rows": 1, "Plan Width": 4, "Filter": "((info)::text = 'genres'::text)"}, {"Node Type": "Nested Loop", "Parent Relationship": "Inner", "Join Type": "Inner", "Startup Cost": 0.0, "Total Cost": 99865.39, "Plan Rows": 13753, "Plan Width": 80, "Inner Unique": false, "Plans": [{"Node Type": "Nested Loop", "Parent Relationship": "Outer", "Join Type": "Inner", "Startup Cost": 0.0, "Total Cost": 78493.26, "Plan Rows": 15041, "Plan Width": 30, "Inner Unique": true, "Plans": [{"Node Type": "Nested Loop", "Parent Relationship": "Outer", "Join Type": "Inner", "Startup Cost": 0.0, "Total Cost": 35880.0, "Plan Rows": 12936, "Plan Width": 9, "Inner Unique": false, "Plans": [{"Node Type": "Index Scan", "Parent Relationship": "Outer", "Scan Direction": "Forward", "Index Name": "info_type_pkey", "Relation Name": "info_type", "Alias": "it2", "Startup Cost": 0.0, "Total Cost": 14.21, "Plan Rows": 1, "Plan Width": 4, "Filter": "((info)::text = 'rating'::text)"}, {"Node Type": "Index Scan", "Parent Relationship": "Inner", "Scan Direction": "Forward", "Index Name": "info_type_id_movie_info_idx", "Relation Name": "movie_info_idx", "Alias": "mi_idx", "Startup Cost": 0.0, "Total Cost": 35736.43, "Plan Rows": 12936, "Plan Width": 13, "Index Cond": "(info_type_id = it2.id)", "Filter": "((info)::text > '8.0'::text)"}]}, {"Node Type": "Index Scan", "Parent Relationship": "Inner", "Scan Direction": "Forward", "Index Name": "title_pkey", "Relation Name": "title", "Alias": "t", "Startup Cost": 0.0, "Total Cost": 3.28, "Plan Rows": 1, "Plan Width": 21, "Index Cond": "(id = mi_idx.movie_id)", "Filter": "((production_year >= 2008) AND (production_year <= 2014))"}]}, {"Node Type": "Index Scan", "Parent Relationship": "Inner", "Scan Direction": "Forward", "Index Name": "movie_id_movie_info", "Relation Name": "movie_info", "Alias": "mi", "Startup Cost": 0.0, "Total Cost": 1.41, "Plan Rows": 1, "Plan Width": 50, "Index Cond": "(movie_id = t.id)", "Filter": "((note IS NULL) AND ((info)::text = ANY ('{Horror,Thriller}'::text[])))"}]}]}, {"Node Type": "Index Scan", "Parent Relationship": "Inner", "Scan Direction": "Forward", "Index Name": "movie_id_cast_info", "Relation Name": "cast_info", "Alias": "ci", "Startup Cost": 0.0, "Total Cost": 2.34, "Plan Rows": 1, "Plan Width": 8, "Index Cond": "(movie_id = t.id)", "Filter": "((note)::text = ANY ('{(writer),\"(head writer)\",\"(written by)\",(story),\"(story editor)\"}'::text[]))"}]}, {"Node Type": "Index Scan", "Parent Relationship": "Inner", "Scan Direction": "Forward", "Index Name": "name_pkey", "Relation Name": "name", "Alias": "n", "Startup Cost": 0.0, "Total Cost": 0.49, "Plan Rows": 1, "Plan Width": 4, "Index Cond": "(id = ci.person_id)", "Filter": "((gender IS NOT NULL) AND ((gender)::text = 'f'::text))"}]}]}, "Unique SQL Id": 661781350, "Planner Runtime": 7}, "explain_analyze_plan": {"Plan": {"Node Type": "Aggregate", "Strategy": "Plain", "Startup Cost": 100899.17, "Total Cost": 100899.18, "Plan Rows": 1, "Plan Width": 160, "Actual Startup Time": 646.883, "Actual Total Time": 646.883, "Actual Rows": 1, "Actual Loops": 1, "Plans": [{"Node Type": "Nested Loop", "Parent Relationship": "Outer", "Join Type": "Inner", "Startup Cost": 0.0, "Total Cost": 100897.52, "Plan Rows": 219, "Plan Width": 64, "Actual Startup Time": 302.209, "Actual Total Time": 646.822, "Actual Rows": 11, "Actual Loops": 1, "Inner Unique": true, "Plans": [{"Node Type": "Nested Loop", "Parent Relationship": "Outer", "Join Type": "Inner", "Startup Cost": 0.0, "Total Cost": 100736.53, "Plan Rows": 321, "Plan Width": 68, "Actual Startup Time": 80.274, "Actual Total Time": 644.093, "Actual Rows": 268, "Actual Loops": 1, "Inner Unique": false, "Plans": [{"Node Type": "Nested Loop", "Parent Relationship": "Outer", "Join Type": "Inner", "Startup Cost": 0.0, "Total Cost": 100051.51, "Plan Rows": 291, "Plan Width": 76, "Actual Startup Time": 9.546, "Actual Total Time": 610.969, "Actual Rows": 358, "Actual Loops": 1, "Inner Unique": false, "Join Filter": "(mi.info_type_id = it1.id)", "Rows Removed by Join Filter": 0, "Plans": [{"Node Type": "Index Scan", "Parent Relationship": "Outer", "Scan Direction": "Forward", "Index Name": "info_type_pkey", "Relation Name": "info_type", "Alias": "it1", "Startup Cost": 0.0, "Total Cost": 14.21, "Plan Rows": 1, "Plan Width": 4, "Actual Startup Time": 0.023, "Actual Total Time": 0.078, "Actual Rows": 1, "Actual Loops": 1, "Filter": "((info)::text = 'genres'::text)", "Rows Removed by Filter": 111}, {"Node Type": "Nested Loop", "Parent Relationship": "Inner", "Join Type": "Inner", "Startup Cost": 0.0, "Total Cost": 99865.39, "Plan Rows": 13753, "Plan Width": 80, "Actual Startup Time": 9.515, "Actual Total Time": 610.676, "Actual Rows": 358, "Actual Loops": 1, "Inner Unique": false, "Plans": [{"Node Type": "Nested Loop", "Parent Relationship": "Outer", "Join Type": "Inner", "Startup Cost": 0.0, "Total Cost": 78493.26, "Plan Rows": 15041, "Plan Width": 30, "Actual Startup Time": 1.779, "Actual Total Time": 448.29, "Actual Rows": 6152, "Actual Loops": 1, "Inner Unique": true, "Plans": [{"Node Type": "Nested Loop", "Parent Relationship": "Outer", "Join Type": "Inner", "Startup Cost": 0.0, "Total Cost": 35880.0, "Plan Rows": 12936, "Plan Width": 9, "Actual Startup Time": 0.091, "Actual Total Time": 360.8, "Actual Rows": 15849, "Actual Loops": 1, "Inner Unique": false, "Plans": [{"Node Type": "Index Scan", "Parent Relationship": "Outer", "Scan Direction": "Forward", "Index Name": "info_type_pkey", "Relation Name": "info_type", "Alias": "it2", "Startup Cost": 0.0, "Total Cost": 14.21, "Plan Rows": 1, "Plan Width": 4, "Actual Startup Time": 0.051, "Actual Total Time": 0.061, "Actual Rows": 1, "Actual Loops": 1, "Filter": "((info)::text = 'rating'::text)", "Rows Removed by Filter": 111}, {"Node Type": "Index Scan", "Parent Relationship": "Inner", "Scan Direction": "Forward", "Index Name": "info_type_id_movie_info_idx", "Relation Name": "movie_info_idx", "Alias": "mi_idx", "Startup Cost": 0.0, "Total Cost": 35736.43, "Plan Rows": 12936, "Plan Width": 13, "Actual Startup Time": 0.039, "Actual Total Time": 357.075, "Actual Rows": 15849, "Actual Loops": 1, "Index Cond": "(info_type_id = it2.id)", "Rows Removed by Index Recheck": 0, "Filter": "((info)::text > '8.0'::text)", "Rows Removed by Filter": 444076}]}, {"Node Type": "Index Scan", "Parent Relationship": "Inner", "Scan Direction": "Forward", "Index Name": "title_pkey", "Relation Name": "title", "Alias": "t", "Startup Cost": 0.0, "Total Cost": 3.28, "Plan Rows": 1, "Plan Width": 21, "Actual Startup Time": 77.447, "Actual Total Time": 77.447, "Actual Rows": 6152, "Actual Loops": 15849, "Index Cond": "(id = mi_idx.movie_id)", "Rows Removed by Index Recheck": 0, "Filter": "((production_year >= 2008) AND (production_year <= 2014))", "Rows Removed by Filter": 9697}]}, {"Node Type": "Index Scan", "Parent Relationship": "Inner", "Scan Direction": "Forward", "Index Name": "movie_id_movie_info", "Relation Name": "movie_info", "Alias": "mi", "Startup Cost": 0.0, "Total Cost": 1.41, "Plan Rows": 1, "Plan Width": 50, "Actual Startup Time": 158.486, "Actual Total Time": 158.794, "Actual Rows": 358, "Actual Loops": 6152, "Index Cond": "(movie_id = t.id)", "Rows Removed by Index Recheck": 0, "Filter": "((note IS NULL) AND ((info)::text = ANY ('{Horror,Thriller}'::text[])))", "Rows Removed by Filter": 109599}]}]}, {"Node Type": "Index Scan", "Parent Relationship": "Inner", "Scan Direction": "Forward", "Index Name": "movie_id_cast_info", "Relation Name": "cast_info", "Alias": "ci", "Startup Cost": 0.0, "Total Cost": 2.34, "Plan Rows": 1, "Plan Width": 8, "Actual Startup Time": 25.735, "Actual Total Time": 32.721, "Actual Rows": 268, "Actual Loops": 358, "Index Cond": "(movie_id = t.id)", "Rows Removed by Index Recheck": 0, "Filter": "((note)::text = ANY ('{(writer),\"(head writer)\",\"(written by)\",(story),\"(story editor)\"}'::text[]))", "Rows Removed by Filter": 12296}]}, {"Node Type": "Index Scan", "Parent Relationship": "Inner", "Scan Direction": "Forward", "Index Name": "name_pkey", "Relation Name": "name", "Alias": "n", "Startup Cost": 0.0, "Total Cost": 0.49, "Plan Rows": 1, "Plan Width": 4, "Actual Startup Time": 2.504, "Actual Total Time": 2.504, "Actual Rows": 11, "Actual Loops": 268, "Index Cond": "(id = ci.person_id)", "Rows Removed by Index Recheck": 0, "Filter": "((gender IS NOT NULL) AND ((gender)::text = 'f'::text))", "Rows Removed by Filter": 257}]}]}, "Triggers": [], "Planner Runtime": 19.617, "Total Runtime": 647.192, "Unique SQL Id": 661781350}}, "(64, '62')": {"explain_plan": {"Plan": {"Node Type": "Aggregate", "Strategy": "Plain", "Startup Cost": 739936.17, "Total Cost": 739936.21, "Plan Rows": 1, "Plan Width": 160, "Plans": [{"Node Type": "Streaming(type: LOCAL GATHER dop: 1/64)", "Parent Relationship": "Outer", "Startup Cost": 739936.17, "Total Cost": 739936.21, "Plan Rows": 1, "Plan Width": 160, "Plans": [{"Node Type": "Aggregate", "Strategy": "Plain", "Parent Relationship": "Outer", "Startup Cost": 739936.17, "Total Cost": 739936.18, "Plan Rows": 1, "Plan Width": 160, "Plans": [{"Node Type": "Nested Loop", "Parent Relationship": "Outer", "Join Type": "Inner", "Startup Cost": 288.58, "Total Cost": 739934.53, "Plan Rows": 219, "Plan Width": 64, "Inner Unique": false, "Join Filter": "(mi.movie_id = t.id)", "Plans": [{"Node Type": "Seq Scan", "Parent Relationship": "Outer", "Relation Name": "title", "Alias": "t", "Startup Cost": 288.58, "Total Cost": 64136.1, "Plan Rows": 782553, "Plan Width": 21, "Filter": "((production_year >= 2008) AND (production_year <= 2014)), (LLVM Optimized)"}, {"Node Type": "Materialize", "Parent Relationship": "Inner", "Startup Cost": 0.0, "Total Cost": 641317.65, "Plan Rows": 12032, "Plan Width": 59, "Plans": [{"Node Type": "Streaming(type: BROADCAST dop: 64/64)", "Parent Relationship": "Outer", "Startup Cost": 0.0, "Total Cost": 641316.71, "Plan Rows": 12032, "Plan Width": 59, "Plans": [{"Node Type": "Nested Loop", "Parent Relationship": "Outer", "Join Type": "Inner", "Startup Cost": 0.0, "Total Cost": 578309.07, "Plan Rows": 188, "Plan Width": 59, "Inner Unique": false, "Join Filter": "(mi_idx.movie_id = mi.movie_id)", "Plans": [{"Node Type": "Streaming(type: BROADCAST dop: 64/1)", "Parent Relationship": "Outer", "Startup Cost": 0.0, "Total Cost": 104453.21, "Plan Rows": 827904, "Plan Width": 9, "Plans": [{"Node Type": "Nested Loop", "Parent Relationship": "Outer", "Join Type": "Inner", "Startup Cost": 0.0, "Total Cost": 24373.65, "Plan Rows": 12936, "Plan Width": 9, "Inner Unique": false, "Join Filter": "(it2.id = mi_idx.info_type_id)", "Plans": [{"Node Type": "Seq Scan", "Parent Relationship": "Outer", "Relation Name": "info_type", "Alias": "it2", "Startup Cost": 0.0, "Total Cost": 2.4, "Plan Rows": 1, "Plan Width": 4, "Filter": "((info)::text = 'rating'::text)"}, {"Node Type": "Seq Scan", "Parent Relationship": "Inner", "Relation Name": "movie_info_idx", "Alias": "mi_idx", "Startup Cost": 0.0, "Total Cost": 23724.42, "Plan Rows": 51746, "Plan Width": 13, "Filter": "((info)::text > '8.0'::text)"}]}]}, {"Node Type": "Materialize", "Parent Relationship": "Inner", "Startup Cost": 0.0, "Total Cost": 471633.53, "Plan Rows": 733, "Plan Width": 50, "Plans": [{"Node Type": "Nested Loop", "Parent Relationship": "Outer", "Join Type": "Inner", "Startup Cost": 0.0, "Total Cost": 471633.47, "Plan Rows": 733, "Plan Width": 50, "Inner Unique": false, "Join Filter": "(ci.person_id = n.id)", "Plans": [{"Node Type": "Streaming(type: LOCAL REDISTRIBUTE dop: 64/64)", "Parent Relationship": "Outer", "Startup Cost": 0.0, "Total Cost": 128208.44, "Plan Rows": 624324, "Plan Width": 4, "Plans": [{"Node Type": "Seq Scan", "Parent Relationship": "Outer", "Relation Name": "name", "Alias": "n", "Startup Cost": 0.0, "Total Cost": 64617.04, "Plan Rows": 624324, "Plan Width": 4, "Filter": "((gender IS NOT NULL) AND ((gender)::text = 'f'::text)), (LLVM Optimized)"}]}, {"Node Type": "Materialize", "Parent Relationship": "Inner", "Startup Cost": 0.0, "Total Cost": 340969.54, "Plan Rows": 1074, "Plan Width": 54, "Plans": [{"Node Type": "Streaming(type: LOCAL REDISTRIBUTE dop: 64/64)", "Parent Relationship": "Outer", "Startup Cost": 0.0, "Total Cost": 340969.45, "Plan Rows": 1074, "Plan Width": 54, "Plans": [{"Node Type": "Nested Loop", "Parent Relationship": "Outer", "Join Type": "Inner", "Startup Cost": 0.0, "Total Cost": 277968.44, "Plan Rows": 1074, "Plan Width": 54, "Inner Unique": false, "Join Filter": "(mi.movie_id = ci.movie_id)", "Plans": [{"Node Type": "Streaming(type: LOCAL REDISTRIBUTE dop: 64/64)", "Parent Relationship": "Outer", "Startup Cost": 0.0, "Total Cost": 140103.96, "Plan Rows": 1223154, "Plan Width": 8, "Plans": [{"Node Type": "Seq Scan", "Parent Relationship": "Outer", "Relation Name": "cast_info", "Alias": "ci", "Startup Cost": 0.0, "Total Cost": 75945.31, "Plan Rows": 1223154, "Plan Width": 8, "Filter": "((note)::text = ANY ('{(writer),\"(head writer)\",\"(written by)\",(story),\"(story editor)\"}'::text[]))"}]}, {"Node Type": "Materialize", "Parent Relationship": "Inner", "Startup Cost": 0.0, "Total Cost": 133515.09, "Plan Rows": 971, "Plan Width": 46, "Plans": [{"Node Type": "Streaming(type: LOCAL REDISTRIBUTE dop: 64/1)", "Parent Relationship": "Outer", "Startup Cost": 0.0, "Total Cost": 133515.01, "Plan Rows": 971, "Plan Width": 46, "Plans": [{"Node Type": "Nested Loop", "Parent Relationship": "Outer", "Join Type": "Inner", "Startup Cost": 0.0, "Total Cost": 70475.56, "Plan Rows": 971, "Plan Width": 46, "Inner Unique": false, "Join Filter": "(it1.id = mi.info_type_id)", "Plans": [{"Node Type": "Seq Scan", "Parent Relationship": "Outer", "Relation Name": "info_type", "Alias": "it1", "Startup Cost": 0.0, "Total Cost": 2.4, "Plan Rows": 1, "Plan Width": 4, "Filter": "((info)::text = 'genres'::text)"}, {"Node Type": "Materialize", "Parent Relationship": "Inner", "Startup Cost": 0.0, "Total Cost": 69793.45, "Plan Rows": 67971, "Plan Width": 50, "Plans": [{"Node Type": "Streaming(type: LOCAL GATHER dop: 1/64)", "Parent Relationship": "Outer", "Startup Cost": 0.0, "Total Cost": 69623.52, "Plan Rows": 67971, "Plan Width": 50, "Plans": [{"Node Type": "Seq Scan", "Parent Relationship": "Outer", "Relation Name": "movie_info", "Alias": "mi", "Startup Cost": 0.0, "Total Cost": 68221.29, "Plan Rows": 67971, "Plan Width": 50, "Filter": "((note IS NULL) AND ((info)::text = ANY ('{Horror,Thriller}'::text[])))"}]}]}]}]}]}]}]}]}]}]}]}]}]}]}]}]}]}, "Unique SQL Id": 661781350, "Planner Runtime": 14}, "explain_analyze_plan": null}, "(64, '63')": {"explain_plan": {"Plan": {"Node Type": "Aggregate", "Strategy": "Plain", "Startup Cost": 7000346357848.23, "Total Cost": 7000346357848.24, "Plan Rows": 1, "Plan Width": 160, "Plans": [{"Node Type": "Nested Loop", "Parent Relationship": "Outer", "Join Type": "Inner", "Startup Cost": 70000000000.0, "Total Cost": 7000346357846.58, "Plan Rows": 219, "Plan Width": 64, "Inner Unique": false, "Join Filter": "(mi.movie_id = t.id)", "Plans": [{"Node Type": "Index Scan", "Parent Relationship": "Outer", "Scan Direction": "Forward", "Index Name": "title_pkey", "Relation Name": "title", "Alias": "t", "Startup Cost": 10000000000.0, "Total Cost": 1000012276204.41, "Plan Rows": 782553, "Plan Width": 21, "Filter": "((production_year >= 2008) AND (production_year <= 2014)), (LLVM Optimized)"}, {"Node Type": "Materialize", "Parent Relationship": "Inner", "Startup Cost": 60000000000.0, "Total Cost": 6000331874843.18, "Plan Rows": 188, "Plan Width": 59, "Plans": [{"Node Type": "Nested Loop", "Parent Relationship": "Outer", "Join Type": "Inner", "Startup Cost": 60000000000.0, "Total Cost": 6000331874842.24, "Plan Rows": 188, "Plan Width": 59, "Inner Unique": true, "Join Filter": "(ci.person_id = n.id)", "Plans": [{"Node Type": "Nested Loop", "Parent Relationship": "Outer", "Join Type": "Inner", "Startup Cost": 50000000000.0, "Total Cost": 5000310623432.87, "Plan Rows": 276, "Plan Width": 63, "Inner Unique": false, "Join Filter": "(mi.movie_id = ci.movie_id)", "Plans": [{"Node Type": "Nested Loop", "Parent Relationship": "Outer", "Join Type": "Inner", "Startup Cost": 40000000000.0, "Total Cost": 4000112722530.52, "Plan Rows": 250, "Plan Width": 55, "Inner Unique": false, "Join Filter": "(mi.movie_id = mi_idx.movie_id)", "Plans": [{"Node Type": "Nested Loop", "Parent Relationship": "Outer", "Join Type": "Inner", "Startup Cost": 20000000000.0, "Total Cost": 2000107536844.28, "Plan Rows": 971, "Plan Width": 46, "Inner Unique": true, "Join Filter": "(it1.id = mi.info_type_id)", "Plans": [{"Node Type": "Index Scan", "Parent Relationship": "Outer", "Scan Direction": "Forward", "Index Name": "movie_id_movie_info", "Relation Name": "movie_info", "Alias": "mi", "Startup Cost": 10000000000.0, "Total Cost": 1000107534403.72, "Plan Rows": 67971, "Plan Width": 50, "Filter": "((note IS NULL) AND ((info)::text = ANY ('{Horror,Thriller}'::text[])))"}, {"Node Type": "Materialize", "Parent Relationship": "Inner", "Startup Cost": 10000000000.0, "Total Cost": 1000000001421.0, "Plan Rows": 1, "Plan Width": 4, "Plans": [{"Node Type": "Index Scan", "Parent Relationship": "Outer", "Scan Direction": "Forward", "Index Name": "info_type_pkey", "Relation Name": "info_type", "Alias": "it1", "Startup Cost": 10000000000.0, "Total Cost": 1000000001421.0, "Plan Rows": 1, "Plan Width": 4, "Filter": "((info)::text = 'genres'::text)"}]}]}, {"Node Type": "Materialize", "Parent Relationship": "Inner", "Startup Cost": 20000000000.0, "Total Cost": 2000004997305.74, "Plan Rows": 12936, "Plan Width": 9, "Plans": [{"Node Type": "Nested Loop", "Parent Relationship": "Outer", "Join Type": "Inner", "Startup Cost": 20000000000.0, "Total Cost": 2000004997241.06, "Plan Rows": 12936, "Plan Width": 9, "Inner Unique": true, "Join Filter": "(it2.id = mi_idx.info_type_id)", "Plans": [{"Node Type": "Index Scan", "Parent Relationship": "Outer", "Scan Direction": "Forward", "Index Name": "movie_id_movie_info_idx", "Relation Name": "movie_info_idx", "Alias": "mi_idx", "Startup Cost": 10000000000.0, "Total Cost": 1000004995043.87, "Plan Rows": 51746, "Plan Width": 13, "Filter": "((info)::text > '8.0'::text)"}, {"Node Type": "Materialize", "Parent Relationship": "Inner", "Startup Cost": 10000000000.0, "Total Cost": 1000000001421.0, "Plan Rows": 1, "Plan Width": 4, "Plans": [{"Node Type": "Index Scan", "Parent Relationship": "Outer", "Scan Direction": "Forward", "Index Name": "info_type_pkey", "Relation Name": "info_type", "Alias": "it2", "Startup Cost": 10000000000.0, "Total Cost": 1000000001421.0, "Plan Rows": 1, "Plan Width": 4, "Filter": "((info)::text = 'rating'::text)"}]}]}]}]}, {"Node Type": "Materialize", "Parent Relationship": "Inner", "Startup Cost": 10000000000.0, "Total Cost": 1000193317132.73, "Plan Rows": 1223154, "Plan Width": 8, "Plans": [{"Node Type": "Index Scan", "Parent Relationship": "Outer", "Scan Direction": "Forward", "Index Name": "person_id_cast_info", "Relation Name": "cast_info", "Alias": "ci", "Startup Cost": 10000000000.0, "Total Cost": 1000193311016.96, "Plan Rows": 1223154, "Plan Width": 8, "Filter": "((note)::text = ANY ('{(writer),\"(head writer)\",\"(written by)\",(story),\"(story editor)\"}'::text[]))"}]}]}, {"Node Type": "Materialize", "Parent Relationship": "Inner", "Startup Cost": 10000000000.0, "Total Cost": 1000018668268.82, "Plan Rows": 624324, "Plan Width": 4, "Plans": [{"Node Type": "Index Scan", "Parent Relationship": "Outer", "Scan Direction": "Forward", "Index Name": "name_pkey", "Relation Name": "name", "Alias": "n", "Startup Cost": 10000000000.0, "Total Cost": 1000018665147.2, "Plan Rows": 624324, "Plan Width": 4, "Filter": "((gender IS NOT NULL) AND ((gender)::text = 'f'::text)), (LLVM Optimized)"}]}]}]}]}]}, "Unique SQL Id": 661781350, "Planner Runtime": 7}, "explain_analyze_plan": null}, "(64, '64')": {"explain_plan": {"Plan": {"Node Type": "Aggregate", "Strategy": "Plain", "Startup Cost": 72675.72, "Total Cost": 72675.73, "Plan Rows": 1, "Plan Width": 160, "Plans": [{"Node Type": "Nested Loop", "Parent Relationship": "Outer", "Join Type": "Inner", "Startup Cost": 2.41, "Total Cost": 72674.08, "Plan Rows": 219, "Plan Width": 64, "Inner Unique": true, "Plans": [{"Node Type": "Nested Loop", "Parent Relationship": "Outer", "Join Type": "Inner", "Startup Cost": 2.41, "Total Cost": 72513.09, "Plan Rows": 321, "Plan Width": 68, "Inner Unique": false, "Plans": [{"Node Type": "Nested Loop", "Parent Relationship": "Outer", "Join Type": "Inner", "Startup Cost": 2.41, "Total Cost": 71828.06, "Plan Rows": 291, "Plan Width": 76, "Inner Unique": true, "Plans": [{"Node Type": "Nested Loop", "Parent Relationship": "Outer", "Join Type": "Inner", "Startup Cost": 2.41, "Total Cost": 71114.85, "Plan Rows": 250, "Plan Width": 55, "Inner Unique": true, "Plans": [{"Node Type": "Nested Loop", "Parent Relationship": "Outer", "Join Type": "Inner", "Startup Cost": 2.41, "Total Cost": 70832.4, "Plan Rows": 999, "Plan Width": 59, "Inner Unique": false, "Plans": [{"Node Type": "Hash Join", "Parent Relationship": "Outer", "Join Type": "Inner", "Startup Cost": 2.41, "Total Cost": 69890.54, "Plan Rows": 971, "Plan Width": 46, "Inner Unique": true, "Hash Cond": "(mi.info_type_id = it1.id)", "Plans": [{"Node Type": "Streaming(type: LOCAL GATHER dop: 1/64)", "Parent Relationship": "Outer", "Startup Cost": 0.0, "Total Cost": 69623.52, "Plan Rows": 67971, "Plan Width": 50, "Plans": [{"Node Type": "Seq Scan", "Parent Relationship": "Outer", "Relation Name": "movie_info", "Alias": "mi", "Startup Cost": 0.0, "Total Cost": 68221.29, "Plan Rows": 67971, "Plan Width": 50, "Filter": "((note IS NULL) AND ((info)::text = ANY ('{Horror,Thriller}'::text[])))"}]}, {"Node Type": "Hash", "Parent Relationship": "Inner", "Startup Cost": 2.4, "Total Cost": 2.4, "Plan Rows": 1, "Plan Width": 4, "Plans": [{"Node Type": "Seq Scan", "Parent Relationship": "Outer", "Relation Name": "info_type", "Alias": "it1", "Startup Cost": 0.0, "Total Cost": 2.4, "Plan Rows": 1, "Plan Width": 4, "Filter": "((info)::text = 'genres'::text)"}]}]}, {"Node Type": "Index Scan", "Parent Relationship": "Inner", "Scan Direction": "Forward", "Index Name": "movie_id_movie_info_idx", "Relation Name": "movie_info_idx", "Alias": "mi_idx", "Startup Cost": 0.0, "Total Cost": 0.96, "Plan Rows": 1, "Plan Width": 13, "Index Cond": "(movie_id = mi.movie_id)", "Filter": "((info)::text > '8.0'::text)"}]}, {"Node Type": "Index Scan", "Parent Relationship": "Inner", "Scan Direction": "Forward", "Index Name": "info_type_pkey", "Relation Name": "info_type", "Alias": "it2", "Startup Cost": 0.0, "Total Cost": 0.27, "Plan Rows": 1, "Plan Width": 4, "Index Cond": "(id = mi_idx.info_type_id)", "Filter": "((info)::text = 'rating'::text)"}]}, {"Node Type": "Index Scan", "Parent Relationship": "Inner", "Scan Direction": "Forward", "Index Name": "title_pkey", "Relation Name": "title", "Alias": "t", "Startup Cost": 0.0, "Total Cost": 2.84, "Plan Rows": 1, "Plan Width": 21, "Index Cond": "(id = mi.movie_id)", "Filter": "((production_year >= 2008) AND (production_year <= 2014))"}]}, {"Node Type": "Index Scan", "Parent Relationship": "Inner", "Scan Direction": "Forward", "Index Name": "movie_id_cast_info", "Relation Name": "cast_info", "Alias": "ci", "Startup Cost": 0.0, "Total Cost": 2.34, "Plan Rows": 1, "Plan Width": 8, "Index Cond": "(movie_id = t.id)", "Filter": "((note)::text = ANY ('{(writer),\"(head writer)\",\"(written by)\",(story),\"(story editor)\"}'::text[]))"}]}, {"Node Type": "Index Scan", "Parent Relationship": "Inner", "Scan Direction": "Forward", "Index Name": "name_pkey", "Relation Name": "name", "Alias": "n", "Startup Cost": 0.0, "Total Cost": 0.49, "Plan Rows": 1, "Plan Width": 4, "Index Cond": "(id = ci.person_id)", "Filter": "((gender IS NOT NULL) AND ((gender)::text = 'f'::text))"}]}]}, "Unique SQL Id": 661781350, "Planner Runtime": 47}, "explain_analyze_plan": {"Plan": {"Node Type": "Aggregate", "Strategy": "Plain", "Startup Cost": 72675.72, "Total Cost": 72675.73, "Plan Rows": 1, "Plan Width": 160, "Actual Min Startup Time": 645.932, "Actual Max Startup Time": 645.932, "Actual Min Total Time": 645.932, "Actual Max Total Time": 645.932, "Plans": [{"Node Type": "Nested Loop", "Parent Relationship": "Outer", "Join Type": "Inner", "Startup Cost": 2.41, "Total Cost": 72674.08, "Plan Rows": 219, "Plan Width": 64, "Actual Min Startup Time": 255.878, "Actual Max Startup Time": 255.878, "Actual Min Total Time": 645.862, "Actual Max Total Time": 645.862, "Inner Unique": true, "Plans": [{"Node Type": "Nested Loop", "Parent Relationship": "Outer", "Join Type": "Inner", "Startup Cost": 2.41, "Total Cost": 72513.09, "Plan Rows": 321, "Plan Width": 68, "Actual Min Startup Time": 199.897, "Actual Max Startup Time": 199.897, "Actual Min Total Time": 642.891, "Actual Max Total Time": 642.891, "Inner Unique": false, "Plans": [{"Node Type": "Nested Loop", "Parent Relationship": "Outer", "Join Type": "Inner", "Startup Cost": 2.41, "Total Cost": 71828.06, "Plan Rows": 291, "Plan Width": 76, "Actual Min Startup Time": 194.383, "Actual Max Startup Time": 194.383, "Actual Min Total Time": 607.368, "Actual Max Total Time": 607.368, "Inner Unique": true, "Plans": [{"Node Type": "Nested Loop", "Parent Relationship": "Outer", "Join Type": "Inner", "Startup Cost": 2.41, "Total Cost": 71114.85, "Plan Rows": 250, "Plan Width": 55, "Actual Min Startup Time": 191.528, "Actual Max Startup Time": 191.528, "Actual Min Total Time": 600.85, "Actual Max Total Time": 600.85, "Inner Unique": true, "Plans": [{"Node Type": "Nested Loop", "Parent Relationship": "Outer", "Join Type": "Inner", "Startup Cost": 2.41, "Total Cost": 70832.4, "Plan Rows": 999, "Plan Width": 59, "Actual Min Startup Time": 179.181, "Actual Max Startup Time": 179.181, "Actual Min Total Time": 590.043, "Actual Max Total Time": 590.043, "Inner Unique": false, "Plans": [{"Node Type": "Hash Join", "Parent Relationship": "Outer", "Join Type": "Inner", "Startup Cost": 2.41, "Total Cost": 69890.54, "Plan Rows": 971, "Plan Width": 46, "Actual Min Startup Time": 178.979, "Actual Max Startup Time": 178.979, "Actual Min Total Time": 260.807, "Actual Max Total Time": 260.807, "Inner Unique": true, "Hash Cond": "(mi.info_type_id = it1.id)", "Plans": [{"Node Type": "Streaming(type: LOCAL GATHER dop: 1/64)", "Parent Relationship": "Outer", "Startup Cost": 0.0, "Total Cost": 69623.52, "Plan Rows": 67971, "Plan Width": 50, "Actual Min Startup Time": 178.749, "Actual Max Startup Time": 178.749, "Actual Min Total Time": 223.333, "Actual Max Total Time": 223.333, "Plans": [{"Node Type": "Seq Scan", "Parent Relationship": "Outer", "Relation Name": "movie_info", "Alias": "mi", "Startup Cost": 0.0, "Total Cost": 68221.29, "Plan Rows": 67971, "Plan Width": 50, "Actual Min Startup Time": 54.175, "Actual Max Startup Time": 129.557, "Actual Min Total Time": 94.781, "Actual Max Total Time": 138.586, "Filter": "((note IS NULL) AND ((info)::text = ANY ('{Horror,Thriller}'::text[])))", "Rows Removed by Filter": 14762672, "Actual Rows": 73047}], "Actual Rows": 73047}, {"Node Type": "Hash", "Parent Relationship": "Inner", "Startup Cost": 2.4, "Total Cost": 2.4, "Plan Rows": 1, "Plan Width": 4, "Actual Min Startup Time": 0.129, "Actual Max Startup Time": 0.129, "Actual Min Total Time": 0.129, "Actual Max Total Time": 0.129, "Max Hash Buckets": 32768, "Min Hash Buckets": 32768, "Max Hash Batches": 1, "Min Hash Batches": 1, "Max Original Hash Batches": 1, "Min Original Hash Batches": 1, "Max Peak Memory Usage": 1, "min Peak Memory Usage": 1, "Plans": [{"Node Type": "Seq Scan", "Parent Relationship": "Outer", "Relation Name": "info_type", "Alias": "it1", "Startup Cost": 0.0, "Total Cost": 2.4, "Plan Rows": 1, "Plan Width": 4, "Actual Min Startup Time": 0.086, "Actual Max Startup Time": 0.086, "Actual Min Total Time": 0.111, "Actual Max Total Time": 0.111, "Filter": "((info)::text = 'genres'::text)", "Rows Removed by Filter": 111, "Actual Rows": 1}], "Actual Rows": 1}], "Actual Rows": 72258}, {"Node Type": "Index Scan", "Parent Relationship": "Inner", "Scan Direction": "Forward", "Index Name": "movie_id_movie_info_idx", "Relation Name": "movie_info_idx", "Alias": "mi_idx", "Startup Cost": 0.0, "Total Cost": 0.96, "Plan Rows": 1, "Plan Width": 13, "Actual Min Startup Time": 282.41, "Actual Max Startup Time": 282.41, "Actual Min Total Time": 286.056, "Actual Max Total Time": 286.056, "Index Cond": "(movie_id = mi.movie_id)", "Rows Removed by Index Recheck": 0, "Filter": "((info)::text > '8.0'::text)", "Rows Removed by Filter": 113143, "Actual Rows": 4135}], "Actual Rows": 4135}, {"Node Type": "Index Scan", "Parent Relationship": "Inner", "Scan Direction": "Forward", "Index Name": "info_type_pkey", "Relation Name": "info_type", "Alias": "it2", "Startup Cost": 0.0, "Total Cost": 0.27, "Plan Rows": 1, "Plan Width": 4, "Actual Min Startup Time": 8.443, "Actual Max Startup Time": 8.443, "Actual Min Total Time": 8.443, "Actual Max Total Time": 8.443, "Index Cond": "(id = mi_idx.info_type_id)", "Rows Removed by Index Recheck": 0, "Filter": "((info)::text = 'rating'::text)", "Rows Removed by Filter": 3403, "Actual Rows": 732}], "Actual Rows": 732}, {"Node Type": "Index Scan", "Parent Relationship": "Inner", "Scan Direction": "Forward", "Index Name": "title_pkey", "Relation Name": "title", "Alias": "t", "Startup Cost": 0.0, "Total Cost": 2.84, "Plan Rows": 1, "Plan Width": 21, "Actual Min Startup Time": 5.882, "Actual Max Startup Time": 5.882, "Actual Min Total Time": 5.882, "Actual Max Total Time": 5.882, "Index Cond": "(id = mi.movie_id)", "Rows Removed by Index Recheck": 0, "Filter": "((production_year >= 2008) AND (production_year <= 2014))", "Rows Removed by Filter": 374, "Actual Rows": 358}], "Actual Rows": 358}, {"Node Type": "Index Scan", "Parent Relationship": "Inner", "Scan Direction": "Forward", "Index Name": "movie_id_cast_info", "Relation Name": "cast_info", "Alias": "ci", "Startup Cost": 0.0, "Total Cost": 2.34, "Plan Rows": 1, "Plan Width": 8, "Actual Min Startup Time": 27.751, "Actual Max Startup Time": 27.751, "Actual Min Total Time": 35.19, "Actual Max Total Time": 35.19, "Index Cond": "(movie_id = t.id)", "Rows Removed by Index Recheck": 0, "Filter": "((note)::text = ANY ('{(writer),\"(head writer)\",\"(written by)\",(story),\"(story editor)\"}'::text[]))", "Rows Removed by Filter": 12296, "Actual Rows": 268}], "Actual Rows": 268}, {"Node Type": "Index Scan", "Parent Relationship": "Inner", "Scan Direction": "Forward", "Index Name": "name_pkey", "Relation Name": "name", "Alias": "n", "Startup Cost": 0.0, "Total Cost": 0.49, "Plan Rows": 1, "Plan Width": 4, "Actual Min Startup Time": 2.738, "Actual Max Startup Time": 2.738, "Actual Min Total Time": 2.738, "Actual Max Total Time": 2.738, "Index Cond": "(id = ci.person_id)", "Rows Removed by Index Recheck": 0, "Filter": "((gender IS NOT NULL) AND ((gender)::text = 'f'::text))", "Rows Removed by Filter": 257, "Actual Rows": 11}], "Actual Rows": 11}], "Actual Rows": 1}, "Triggers": [], "Planner Runtime": 48.511, "Total Runtime": 658.668, "Unique SQL Id": 661781350}}, "(64, '65')": {"explain_plan": {"Plan": {"Node Type": "Aggregate", "Strategy": "Plain", "Startup Cost": 84095.43, "Total Cost": 84095.44, "Plan Rows": 1, "Plan Width": 160, "Plans": [{"Node Type": "Nested Loop", "Parent Relationship": "Outer", "Join Type": "Inner", "Startup Cost": 7433.27, "Total Cost": 84093.79, "Plan Rows": 219, "Plan Width": 64, "Inner Unique": true, "Plans": [{"Node Type": "Nested Loop", "Parent Relationship": "Outer", "Join Type": "Inner", "Startup Cost": 7433.27, "Total Cost": 83932.79, "Plan Rows": 321, "Plan Width": 68, "Inner Unique": false, "Plans": [{"Node Type": "Hash Join", "Parent Relationship": "Outer", "Join Type": "Inner", "Startup Cost": 7433.27, "Total Cost": 83247.77, "Plan Rows": 291, "Plan Width": 76, "Inner Unique": true, "Hash Cond": "(mi.info_type_id = it1.id)", "Plans": [{"Node Type": "Nested Loop", "Parent Relationship": "Outer", "Join Type": "Inner", "Startup Cost": 7419.04, "Total Cost": 83197.12, "Plan Rows": 13753, "Plan Width": 80, "Inner Unique": false, "Plans": [{"Node Type": "Nested Loop", "Parent Relationship": "Outer", "Join Type": "Inner", "Startup Cost": 7419.04, "Total Cost": 61824.99, "Plan Rows": 15041, "Plan Width": 30, "Inner Unique": true, "Plans": [{"Node Type": "Nested Loop", "Parent Relationship": "Outer", "Join Type": "Inner", "Startup Cost": 7419.04, "Total Cost": 19211.73, "Plan Rows": 12936, "Plan Width": 9, "Inner Unique": false, "Plans": [{"Node Type": "Index Scan", "Parent Relationship": "Outer", "Scan Direction": "Forward", "Index Name": "info_type_pkey", "Relation Name": "info_type", "Alias": "it2", "Startup Cost": 0.0, "Total Cost": 14.21, "Plan Rows": 1, "Plan Width": 4, "Filter": "((info)::text = 'rating'::text)"}, {"Node Type": "Bitmap Heap Scan", "Parent Relationship": "Inner", "Relation Name": "movie_info_idx", "Alias": "mi_idx", "Startup Cost": 7419.04, "Total Cost": 19068.16, "Plan Rows": 12936, "Plan Width": 13, "Recheck Cond": "(info_type_id = it2.id)", "Filter": "((info)::text > '8.0'::text)", "Plans": [{"Node Type": "Bitmap Index Scan", "Parent Relationship": "Outer", "Index Name": "info_type_id_movie_info_idx", "Startup Cost": 0.0, "Total Cost": 7415.81, "Plan Rows": 345008, "Plan Width": 0, "Index Cond": "(info_type_id = it2.id)"}]}]}, {"Node Type": "Index Scan", "Parent Relationship": "Inner", "Scan Direction": "Forward", "Index Name": "title_pkey", "Relation Name": "title", "Alias": "t", "Startup Cost": 0.0, "Total Cost": 3.28, "Plan Rows": 1, "Plan Width": 21, "Index Cond": "(id = mi_idx.movie_id)", "Filter": "((production_year >= 2008) AND (production_year <= 2014))"}]}, {"Node Type": "Index Scan", "Parent Relationship": "Inner", "Scan Direction": "Forward", "Index Name": "movie_id_movie_info", "Relation Name": "movie_info", "Alias": "mi", "Startup Cost": 0.0, "Total Cost": 1.41, "Plan Rows": 1, "Plan Width": 50, "Index Cond": "(movie_id = t.id)", "Filter": "((note IS NULL) AND ((info)::text = ANY ('{Horror,Thriller}'::text[])))"}]}, {"Node Type": "Hash", "Parent Relationship": "Inner", "Startup Cost": 14.21, "Total Cost": 14.21, "Plan Rows": 1, "Plan Width": 4, "Plans": [{"Node Type": "Index Scan", "Parent Relationship": "Outer", "Scan Direction": "Forward", "Index Name": "info_type_pkey", "Relation Name": "info_type", "Alias": "it1", "Startup Cost": 0.0, "Total Cost": 14.21, "Plan Rows": 1, "Plan Width": 4, "Filter": "((info)::text = 'genres'::text)"}]}]}, {"Node Type": "Index Scan", "Parent Relationship": "Inner", "Scan Direction": "Forward", "Index Name": "movie_id_cast_info", "Relation Name": "cast_info", "Alias": "ci", "Startup Cost": 0.0, "Total Cost": 2.34, "Plan Rows": 1, "Plan Width": 8, "Index Cond": "(movie_id = t.id)", "Filter": "((note)::text = ANY ('{(writer),\"(head writer)\",\"(written by)\",(story),\"(story editor)\"}'::text[]))"}]}, {"Node Type": "Index Scan", "Parent Relationship": "Inner", "Scan Direction": "Forward", "Index Name": "name_pkey", "Relation Name": "name", "Alias": "n", "Startup Cost": 0.0, "Total Cost": 0.49, "Plan Rows": 1, "Plan Width": 4, "Index Cond": "(id = ci.person_id)", "Filter": "((gender IS NOT NULL) AND ((gender)::text = 'f'::text))"}]}]}, "Unique SQL Id": 661781350, "Planner Runtime": 25}, "explain_analyze_plan": {"Plan": {"Node Type": "Aggregate", "Strategy": "Plain", "Startup Cost": 84095.43, "Total Cost": 84095.44, "Plan Rows": 1, "Plan Width": 160, "Actual Startup Time": 598.479, "Actual Total Time": 598.479, "Actual Rows": 1, "Actual Loops": 1, "Plans": [{"Node Type": "Nested Loop", "Parent Relationship": "Outer", "Join Type": "Inner", "Startup Cost": 7433.27, "Total Cost": 84093.79, "Plan Rows": 219, "Plan Width": 64, "Actual Startup Time": 325.422, "Actual Total Time": 598.406, "Actual Rows": 11, "Actual Loops": 1, "Inner Unique": true, "Plans": [{"Node Type": "Nested Loop", "Parent Relationship": "Outer", "Join Type": "Inner", "Startup Cost": 7433.27, "Total Cost": 83932.79, "Plan Rows": 321, "Plan Width": 68, "Actual Startup Time": 125.349, "Actual Total Time": 595.808, "Actual Rows": 268, "Actual Loops": 1, "Inner Unique": false, "Plans": [{"Node Type": "Hash Join", "Parent Relationship": "Outer", "Join Type": "Inner", "Startup Cost": 7433.27, "Total Cost": 83247.77, "Plan Rows": 291, "Plan Width": 76, "Actual Startup Time": 61.667, "Actual Total Time": 562.836, "Actual Rows": 358, "Actual Loops": 1, "Inner Unique": true, "Hash Cond": "(mi.info_type_id = it1.id)", "Plans": [{"Node Type": "Nested Loop", "Parent Relationship": "Outer", "Join Type": "Inner", "Startup Cost": 7419.04, "Total Cost": 83197.12, "Plan Rows": 13753, "Plan Width": 80, "Actual Startup Time": 61.545, "Actual Total Time": 562.318, "Actual Rows": 358, "Actual Loops": 1, "Inner Unique": false, "Plans": [{"Node Type": "Nested Loop", "Parent Relationship": "Outer", "Join Type": "Inner", "Startup Cost": 7419.04, "Total Cost": 61824.99, "Plan Rows": 15041, "Plan Width": 30, "Actual Startup Time": 54.674, "Actual Total Time": 408.161, "Actual Rows": 6152, "Actual Loops": 1, "Inner Unique": true, "Plans": [{"Node Type": "Nested Loop", "Parent Relationship": "Outer", "Join Type": "Inner", "Startup Cost": 7419.04, "Total Cost": 19211.73, "Plan Rows": 12936, "Plan Width": 9, "Actual Startup Time": 53.166, "Actual Total Time": 321.638, "Actual Rows": 15849, "Actual Loops": 1, "Inner Unique": false, "Plans": [{"Node Type": "Index Scan", "Parent Relationship": "Outer", "Scan Direction": "Forward", "Index Name": "info_type_pkey", "Relation Name": "info_type", "Alias": "it2", "Startup Cost": 0.0, "Total Cost": 14.21, "Plan Rows": 1, "Plan Width": 4, "Actual Startup Time": 0.049, "Actual Total Time": 0.07, "Actual Rows": 1, "Actual Loops": 1, "Filter": "((info)::text = 'rating'::text)", "Rows Removed by Filter": 111}, {"Node Type": "Bitmap Heap Scan", "Parent Relationship": "Inner", "Relation Name": "movie_info_idx", "Alias": "mi_idx", "Startup Cost": 7419.04, "Total Cost": 19068.16, "Plan Rows": 12936, "Plan Width": 13, "Actual Startup Time": 53.111, "Actual Total Time": 317.85, "Actual Rows": 15849, "Actual Loops": 1, "Recheck Cond": "(info_type_id = it2.id)", "Rows Removed by Index Recheck": 0, "Filter": "((info)::text > '8.0'::text)", "Rows Removed by Filter": 444076, "Exact Heap Blocks": 6472, "Lossy Heap Blocks": 6472, "Plans": [{"Node Type": "Bitmap Index Scan", "Parent Relationship": "Outer", "Index Name": "info_type_id_movie_info_idx", "Startup Cost": 0.0, "Total Cost": 7415.81, "Plan Rows": 345008, "Plan Width": 0, "Actual Startup Time": 51.865, "Actual Total Time": 51.865, "Actual Rows": 459925, "Actual Loops": 1, "Index Cond": "(info_type_id = it2.id)"}]}]}, {"Node Type": "Index Scan", "Parent Relationship": "Inner", "Scan Direction": "Forward", "Index Name": "title_pkey", "Relation Name": "title", "Alias": "t", "Startup Cost": 0.0, "Total Cost": 3.28, "Plan Rows": 1, "Plan Width": 21, "Actual Startup Time": 76.708, "Actual Total Time": 76.708, "Actual Rows": 6152, "Actual Loops": 15849, "Index Cond": "(id = mi_idx.movie_id)", "Rows Removed by Index Recheck": 0, "Filter": "((production_year >= 2008) AND (production_year <= 2014))", "Rows Removed by Filter": 9697}]}, {"Node Type": "Index Scan", "Parent Relationship": "Inner", "Scan Direction": "Forward", "Index Name": "movie_id_movie_info", "Relation Name": "movie_info", "Alias": "mi", "Startup Cost": 0.0, "Total Cost": 1.41, "Plan Rows": 1, "Plan Width": 50, "Actual Startup Time": 150.379, "Actual Total Time": 150.7, "Actual Rows": 358, "Actual Loops": 6152, "Index Cond": "(movie_id = t.id)", "Rows Removed by Index Recheck": 0, "Filter": "((note IS NULL) AND ((info)::text = ANY ('{Horror,Thriller}'::text[])))", "Rows Removed by Filter": 109599}]}, {"Node Type": "Hash", "Parent Relationship": "Inner", "Startup Cost": 14.21, "Total Cost": 14.21, "Plan Rows": 1, "Plan Width": 4, "Actual Startup Time": 0.073, "Actual Total Time": 0.073, "Actual Rows": 1, "Actual Loops": 1, "Hash Buckets": 32768, "Hash Batches": 1, "Original Hash Batches": 1, "Peak Memory Usage": 1, "Plans": [{"Node Type": "Index Scan", "Parent Relationship": "Outer", "Scan Direction": "Forward", "Index Name": "info_type_pkey", "Relation Name": "info_type", "Alias": "it1", "Startup Cost": 0.0, "Total Cost": 14.21, "Plan Rows": 1, "Plan Width": 4, "Actual Startup Time": 0.022, "Actual Total Time": 0.068, "Actual Rows": 1, "Actual Loops": 1, "Filter": "((info)::text = 'genres'::text)", "Rows Removed by Filter": 111}]}]}, {"Node Type": "Index Scan", "Parent Relationship": "Inner", "Scan Direction": "Forward", "Index Name": "movie_id_cast_info", "Relation Name": "cast_info", "Alias": "ci", "Startup Cost": 0.0, "Total Cost": 2.34, "Plan Rows": 1, "Plan Width": 8, "Actual Startup Time": 25.433, "Actual Total Time": 32.514, "Actual Rows": 268, "Actual Loops": 358, "Index Cond": "(movie_id = t.id)", "Rows Removed by Index Recheck": 0, "Filter": "((note)::text = ANY ('{(writer),\"(head writer)\",\"(written by)\",(story),\"(story editor)\"}'::text[]))", "Rows Removed by Filter": 12296}]}, {"Node Type": "Index Scan", "Parent Relationship": "Inner", "Scan Direction": "Forward", "Index Name": "name_pkey", "Relation Name": "name", "Alias": "n", "Startup Cost": 0.0, "Total Cost": 0.49, "Plan Rows": 1, "Plan Width": 4, "Actual Startup Time": 2.358, "Actual Total Time": 2.358, "Actual Rows": 11, "Actual Loops": 268, "Index Cond": "(id = ci.person_id)", "Rows Removed by Index Recheck": 0, "Filter": "((gender IS NOT NULL) AND ((gender)::text = 'f'::text))", "Rows Removed by Filter": 257}]}]}, "Triggers": [], "Planner Runtime": 24.494, "Total Runtime": 598.882, "Unique SQL Id": 661781350}}, "(64, '66')": {"explain_plan": {"Plan": {"Node Type": "Aggregate", "Strategy": "Plain", "Startup Cost": 78447.5, "Total Cost": 78447.51, "Plan Rows": 1, "Plan Width": 160, "Plans": [{"Node Type": "Nested Loop", "Parent Relationship": "Outer", "Join Type": "Inner", "Startup Cost": 7.49, "Total Cost": 78445.86, "Plan Rows": 219, "Plan Width": 64, "Inner Unique": true, "Plans": [{"Node Type": "Nested Loop", "Parent Relationship": "Outer", "Join Type": "Inner", "Startup Cost": 7.19, "Total Cost": 77054.74, "Plan Rows": 321, "Plan Width": 68, "Inner Unique": false, "Plans": [{"Node Type": "Nested Loop", "Parent Relationship": "Outer", "Join Type": "Inner", "Startup Cost": 6.18, "Total Cost": 75561.56, "Plan Rows": 291, "Plan Width": 76, "Inner Unique": true, "Plans": [{"Node Type": "Hash Join", "Parent Relationship": "Outer", "Join Type": "Inner", "Startup Cost": 5.37, "Total Cost": 74354.12, "Plan Rows": 250, "Plan Width": 55, "Inner Unique": true, "Hash Cond": "(mi_idx.info_type_id = it2.id)", "Plans": [{"Node Type": "Nested Loop", "Parent Relationship": "Outer", "Join Type": "Inner", "Startup Cost": 2.96, "Total Cost": 74346.7, "Plan Rows": 999, "Plan Width": 59, "Inner Unique": false, "Plans": [{"Node Type": "Hash Join", "Parent Relationship": "Outer", "Join Type": "Inner", "Startup Cost": 2.41, "Total Cost": 69890.54, "Plan Rows": 971, "Plan Width": 46, "Inner Unique": true, "Hash Cond": "(mi.info_type_id = it1.id)", "Plans": [{"Node Type": "Streaming(type: LOCAL GATHER dop: 1/64)", "Parent Relationship": "Outer", "Startup Cost": 0.0, "Total Cost": 69623.52, "Plan Rows": 67971, "Plan Width": 50, "Plans": [{"Node Type": "Seq Scan", "Parent Relationship": "Outer", "Relation Name": "movie_info", "Alias": "mi", "Startup Cost": 0.0, "Total Cost": 68221.29, "Plan Rows": 67971, "Plan Width": 50, "Filter": "((note IS NULL) AND ((info)::text = ANY ('{Horror,Thriller}'::text[])))"}]}, {"Node Type": "Hash", "Parent Relationship": "Inner", "Startup Cost": 2.4, "Total Cost": 2.4, "Plan Rows": 1, "Plan Width": 4, "Plans": [{"Node Type": "Seq Scan", "Parent Relationship": "Outer", "Relation Name": "info_type", "Alias": "it1", "Startup Cost": 0.0, "Total Cost": 2.4, "Plan Rows": 1, "Plan Width": 4, "Filter": "((info)::text = 'genres'::text)"}]}]}, {"Node Type": "Bitmap Heap Scan", "Parent Relationship": "Inner", "Relation Name": "movie_info_idx", "Alias": "mi_idx", "Startup Cost": 0.55, "Total Cost": 4.58, "Plan Rows": 1, "Plan Width": 13, "Recheck Cond": "(movie_id = mi.movie_id)", "Filter": "((info)::text > '8.0'::text)", "Plans": [{"Node Type": "Bitmap Index Scan", "Parent Relationship": "Outer", "Index Name": "movie_id_movie_info_idx", "Startup Cost": 0.0, "Total Cost": 0.55, "Plan Rows": 2, "Plan Width": 0, "Index Cond": "(movie_id = mi.movie_id)"}]}]}, {"Node Type": "Hash", "Parent Relationship": "Inner", "Startup Cost": 2.4, "Total Cost": 2.4, "Plan Rows": 1, "Plan Width": 4, "Plans": [{"Node Type": "Seq Scan", "Parent Relationship": "Outer", "Relation Name": "info_type", "Alias": "it2", "Startup Cost": 0.0, "Total Cost": 2.4, "Plan Rows": 1, "Plan Width": 4, "Filter": "((info)::text = 'rating'::text)"}]}]}, {"Node Type": "Bitmap Heap Scan", "Parent Relationship": "Inner", "Relation Name": "title", "Alias": "t", "Startup Cost": 0.8, "Total Cost": 4.82, "Plan Rows": 1, "Plan Width": 21, "Recheck Cond": "(id = mi.movie_id)", "Filter": "((production_year >= 2008) AND (production_year <= 2014))", "Plans": [{"Node Type": "Bitmap Index Scan", "Parent Relationship": "Outer", "Index Name": "title_pkey", "Startup Cost": 0.0, "Total Cost": 0.8, "Plan Rows": 1, "Plan Width": 0, "Index Cond": "(id = mi.movie_id)"}]}]}, {"Node Type": "Bitmap Heap Scan", "Parent Relationship": "Inner", "Relation Name": "cast_info", "Alias": "ci", "Startup Cost": 1.01, "Total Cost": 5.12, "Plan Rows": 1, "Plan Width": 8, "Recheck Cond": "(movie_id = t.id)", "Filter": "((note)::text = ANY ('{(writer),\"(head writer)\",\"(written by)\",(story),\"(story editor)\"}'::text[]))", "Plans": [{"Node Type": "Bitmap Index Scan", "Parent Relationship": "Outer", "Index Name": "movie_id_cast_info", "Startup Cost": 0.0, "Total Cost": 1.01, "Plan Rows": 6, "Plan Width": 0, "Index Cond": "(movie_id = t.id)"}]}]}, {"Node Type": "Bitmap Heap Scan", "Parent Relationship": "Inner", "Relation Name": "name", "Alias": "n", "Startup Cost": 0.31, "Total Cost": 4.32, "Plan Rows": 1, "Plan Width": 4, "Recheck Cond": "(id = ci.person_id)", "Filter": "((gender IS NOT NULL) AND ((gender)::text = 'f'::text))", "Plans": [{"Node Type": "Bitmap Index Scan", "Parent Relationship": "Outer", "Index Name": "name_pkey", "Startup Cost": 0.0, "Total Cost": 0.31, "Plan Rows": 1, "Plan Width": 0, "Index Cond": "(id = ci.person_id)"}]}]}]}, "Unique SQL Id": 661781350, "Planner Runtime": 63}, "explain_analyze_plan": {"Plan": {"Node Type": "Aggregate", "Strategy": "Plain", "Startup Cost": 78447.5, "Total Cost": 78447.51, "Plan Rows": 1, "Plan Width": 160, "Actual Min Startup Time": 746.842, "Actual Max Startup Time": 746.842, "Actual Min Total Time": 746.842, "Actual Max Total Time": 746.842, "Plans": [{"Node Type": "Nested Loop", "Parent Relationship": "Outer", "Join Type": "Inner", "Startup Cost": 7.49, "Total Cost": 78445.86, "Plan Rows": 219, "Plan Width": 64, "Actual Min Startup Time": 245.264, "Actual Max Startup Time": 245.264, "Actual Min Total Time": 746.758, "Actual Max Total Time": 746.758, "Inner Unique": true, "Plans": [{"Node Type": "Nested Loop", "Parent Relationship": "Outer", "Join Type": "Inner", "Startup Cost": 7.19, "Total Cost": 77054.74, "Plan Rows": 321, "Plan Width": 68, "Actual Min Startup Time": 199.92, "Actual Max Startup Time": 199.92, "Actual Min Total Time": 742.881, "Actual Max Total Time": 742.881, "Inner Unique": false, "Plans": [{"Node Type": "Nested Loop", "Parent Relationship": "Outer", "Join Type": "Inner", "Startup Cost": 6.18, "Total Cost": 75561.56, "Plan Rows": 291, "Plan Width": 76, "Actual Min Startup Time": 199.383, "Actual Max Startup Time": 199.383, "Actual Min Total Time": 699.404, "Actual Max Total Time": 699.404, "Inner Unique": true, "Plans": [{"Node Type": "Hash Join", "Parent Relationship": "Outer", "Join Type": "Inner", "Startup Cost": 5.37, "Total Cost": 74354.12, "Plan Rows": 250, "Plan Width": 55, "Actual Min Startup Time": 199.351, "Actual Max Startup Time": 199.351, "Actual Min Total Time": 691.072, "Actual Max Total Time": 691.072, "Inner Unique": true, "Hash Cond": "(mi_idx.info_type_id = it2.id)", "Plans": [{"Node Type": "Nested Loop", "Parent Relationship": "Outer", "Join Type": "Inner", "Startup Cost": 2.96, "Total Cost": 74346.7, "Plan Rows": 999, "Plan Width": 59, "Actual Min Startup Time": 187.036, "Actual Max Startup Time": 187.036, "Actual Min Total Time": 689.624, "Actual Max Total Time": 689.624, "Inner Unique": false, "Plans": [{"Node Type": "Hash Join", "Parent Relationship": "Outer", "Join Type": "Inner", "Startup Cost": 2.41, "Total Cost": 69890.54, "Plan Rows": 971, "Plan Width": 46, "Actual Min Startup Time": 186.871, "Actual Max Startup Time": 186.871, "Actual Min Total Time": 264.924, "Actual Max Total Time": 264.924, "Inner Unique": true, "Hash Cond": "(mi.info_type_id = it1.id)", "Plans": [{"Node Type": "Streaming(type: LOCAL GATHER dop: 1/64)", "Parent Relationship": "Outer", "Startup Cost": 0.0, "Total Cost": 69623.52, "Plan Rows": 67971, "Plan Width": 50, "Actual Min Startup Time": 186.751, "Actual Max Startup Time": 186.751, "Actual Min Total Time": 226.356, "Actual Max Total Time": 226.356, "Plans": [{"Node Type": "Seq Scan", "Parent Relationship": "Outer", "Relation Name": "movie_info", "Alias": "mi", "Startup Cost": 0.0, "Total Cost": 68221.29, "Plan Rows": 67971, "Plan Width": 50, "Actual Min Startup Time": 54.318, "Actual Max Startup Time": 147.025, "Actual Min Total Time": 92.763, "Actual Max Total Time": 156.266, "Filter": "((note IS NULL) AND ((info)::text = ANY ('{Horror,Thriller}'::text[])))", "Rows Removed by Filter": 14762672, "Actual Rows": 73047}], "Actual Rows": 73047}, {"Node Type": "Hash", "Parent Relationship": "Inner", "Startup Cost": 2.4, "Total Cost": 2.4, "Plan Rows": 1, "Plan Width": 4, "Actual Min Startup Time": 0.055, "Actual Max Startup Time": 0.055, "Actual Min Total Time": 0.055, "Actual Max Total Time": 0.055, "Max Hash Buckets": 32768, "Min Hash Buckets": 32768, "Max Hash Batches": 1, "Min Hash Batches": 1, "Max Original Hash Batches": 1, "Min Original Hash Batches": 1, "Max Peak Memory Usage": 1, "min Peak Memory Usage": 1, "Plans": [{"Node Type": "Seq Scan", "Parent Relationship": "Outer", "Relation Name": "info_type", "Alias": "it1", "Startup Cost": 0.0, "Total Cost": 2.4, "Plan Rows": 1, "Plan Width": 4, "Actual Min Startup Time": 0.03, "Actual Max Startup Time": 0.03, "Actual Min Total Time": 0.053, "Actual Max Total Time": 0.053, "Filter": "((info)::text = 'genres'::text)", "Rows Removed by Filter": 111, "Actual Rows": 1}], "Actual Rows": 1}], "Actual Rows": 72258}, {"Node Type": "Bitmap Heap Scan", "Parent Relationship": "Inner", "Relation Name": "movie_info_idx", "Alias": "mi_idx", "Startup Cost": 0.55, "Total Cost": 4.58, "Plan Rows": 1, "Plan Width": 13, "Actual Min Startup Time": 342.869, "Actual Max Startup Time": 342.869, "Actual Min Total Time": 344.598, "Actual Max Total Time": 344.598, "Recheck Cond": "(movie_id = mi.movie_id)", "Rows Removed by Index Recheck": 0, "Filter": "((info)::text > '8.0'::text)", "Rows Removed by Filter": 113143, "Exact Heap Blocks": 39507, "Lossy Heap Blocks": 39507, "Plans": [{"Node Type": "Bitmap Index Scan", "Parent Relationship": "Outer", "Index Name": "movie_id_movie_info_idx", "Startup Cost": 0.0, "Total Cost": 0.55, "Plan Rows": 2, "Plan Width": 0, "Actual Min Startup Time": 198.954, "Actual Max Startup Time": 198.954, "Actual Min Total Time": 198.954, "Actual Max Total Time": 198.954, "Index Cond": "(movie_id = mi.movie_id)", "Actual Rows": 117278}], "Actual Rows": 4135}], "Actual Rows": 4135}, {"Node Type": "Hash", "Parent Relationship": "Inner", "Startup Cost": 2.4, "Total Cost": 2.4, "Plan Rows": 1, "Plan Width": 4, "Actual Min Startup Time": 0.123, "Actual Max Startup Time": 0.123, "Actual Min Total Time": 0.123, "Actual Max Total Time": 0.123, "Max Hash Buckets": 32768, "Min Hash Buckets": 32768, "Max Hash Batches": 1, "Min Hash Batches": 1, "Max Original Hash Batches": 1, "Min Original Hash Batches": 1, "Max Peak Memory Usage": 1, "min Peak Memory Usage": 1, "Plans": [{"Node Type": "Seq Scan", "Parent Relationship": "Outer", "Relation Name": "info_type", "Alias": "it2", "Startup Cost": 0.0, "Total Cost": 2.4, "Plan Rows": 1, "Plan Width": 4, "Actual Min Startup Time": 0.097, "Actual Max Startup Time": 0.097, "Actual Min Total Time": 0.103, "Actual Max Total Time": 0.103, "Filter": "((info)::text = 'rating'::text)", "Rows Removed by Filter": 111, "Actual Rows": 1}], "Actual Rows": 1}], "Actual Rows": 732}, {"Node Type": "Bitmap Heap Scan", "Parent Relationship": "Inner", "Relation Name": "title", "Alias": "t", "Startup Cost": 0.8, "Total Cost": 4.82, "Plan Rows": 1, "Plan Width": 21, "Actual Min Startup Time": 7.115, "Actual Max Startup Time": 7.115, "Actual Min Total Time": 7.115, "Actual Max Total Time": 7.115, "Recheck Cond": "(id = mi.movie_id)", "Rows Removed by Index Recheck": 0, "Filter": "((production_year >= 2008) AND (production_year <= 2014))", "Rows Removed by Filter": 374, "Exact Heap Blocks": 732, "Lossy Heap Blocks": 732, "Plans": [{"Node Type": "Bitmap Index Scan", "Parent Relationship": "Outer", "Index Name": "title_pkey", "Startup Cost": 0.0, "Total Cost": 0.8, "Plan Rows": 1, "Plan Width": 0, "Actual Min Startup Time": 3.968, "Actual Max Startup Time": 3.968, "Actual Min Total Time": 3.968, "Actual Max Total Time": 3.968, "Index Cond": "(id = mi.movie_id)", "Actual Rows": 732}], "Actual Rows": 358}], "Actual Rows": 358}, {"Node Type": "Bitmap Heap Scan", "Parent Relationship": "Inner", "Relation Name": "cast_info", "Alias": "ci", "Startup Cost": 1.01, "Total Cost": 5.12, "Plan Rows": 1, "Plan Width": 8, "Actual Min Startup Time": 34.544, "Actual Max Startup Time": 34.544, "Actual Min Total Time": 42.512, "Actual Max Total Time": 42.512, "Recheck Cond": "(movie_id = t.id)", "Rows Removed by Index Recheck": 0, "Filter": "((note)::text = ANY ('{(writer),\"(head writer)\",\"(written by)\",(story),\"(story editor)\"}'::text[]))", "Rows Removed by Filter": 12296, "Exact Heap Blocks": 11454, "Lossy Heap Blocks": 11454, "Plans": [{"Node Type": "Bitmap Index Scan", "Parent Relationship": "Outer", "Index Name": "movie_id_cast_info", "Startup Cost": 0.0, "Total Cost": 1.01, "Plan Rows": 6, "Plan Width": 0, "Actual Min Startup Time": 5.931, "Actual Max Startup Time": 5.931, "Actual Min Total Time": 5.931, "Actual Max Total Time": 5.931, "Index Cond": "(movie_id = t.id)", "Actual Rows": 12564}], "Actual Rows": 268}], "Actual Rows": 268}, {"Node Type": "Bitmap Heap Scan", "Parent Relationship": "Inner", "Relation Name": "name", "Alias": "n", "Startup Cost": 0.31, "Total Cost": 4.32, "Plan Rows": 1, "Plan Width": 4, "Actual Min Startup Time": 3.337, "Actual Max Startup Time": 3.337, "Actual Min Total Time": 3.337, "Actual Max Total Time": 3.337, "Recheck Cond": "(id = ci.person_id)", "Rows Removed by Index Recheck": 0, "Filter": "((gender IS NOT NULL) AND ((gender)::text = 'f'::text))", "Rows Removed by Filter": 257, "Exact Heap Blocks": 268, "Lossy Heap Blocks": 268, "Plans": [{"Node Type": "Bitmap Index Scan", "Parent Relationship": "Outer", "Index Name": "name_pkey", "Startup Cost": 0.0, "Total Cost": 0.31, "Plan Rows": 1, "Plan Width": 0, "Actual Min Startup Time": 2.168, "Actual Max Startup Time": 2.168, "Actual Min Total Time": 2.168, "Actual Max Total Time": 2.168, "Index Cond": "(id = ci.person_id)", "Actual Rows": 268}], "Actual Rows": 11}], "Actual Rows": 11}], "Actual Rows": 1}, "Triggers": [], "Planner Runtime": 62.854, "Total Runtime": 758.993, "Unique SQL Id": 661781350}}, "(64, '67')": {"explain_plan": {"Plan": {"Node Type": "Aggregate", "Strategy": "Plain", "Startup Cost": 156974.22, "Total Cost": 156974.23, "Plan Rows": 1, "Plan Width": 160, "Plans": [{"Node Type": "Nested Loop", "Parent Relationship": "Outer", "Join Type": "Inner", "Startup Cost": 7444.95, "Total Cost": 156972.58, "Plan Rows": 219, "Plan Width": 64, "Inner Unique": true, "Plans": [{"Node Type": "Nested Loop", "Parent Relationship": "Outer", "Join Type": "Inner", "Startup Cost": 7444.64, "Total Cost": 155581.46, "Plan Rows": 321, "Plan Width": 68, "Inner Unique": false, "Plans": [{"Node Type": "Hash Join", "Parent Relationship": "Outer", "Join Type": "Inner", "Startup Cost": 7443.63, "Total Cost": 154088.28, "Plan Rows": 291, "Plan Width": 76, "Inner Unique": true, "Hash Cond": "(mi.info_type_id = it1.id)", "Plans": [{"Node Type": "Nested Loop", "Parent Relationship": "Outer", "Join Type": "Inner", "Startup Cost": 7429.41, "Total Cost": 154037.63, "Plan Rows": 13753, "Plan Width": 80, "Inner Unique": false, "Plans": [{"Node Type": "Nested Loop", "Parent Relationship": "Outer", "Join Type": "Inner", "Startup Cost": 7428.83, "Total Cost": 83898.37, "Plan Rows": 15041, "Plan Width": 30, "Inner Unique": true, "Plans": [{"Node Type": "Nested Loop", "Parent Relationship": "Outer", "Join Type": "Inner", "Startup Cost": 7427.85, "Total Cost": 19211.73, "Plan Rows": 12936, "Plan Width": 9, "Inner Unique": false, "Plans": [{"Node Type": "Bitmap Heap Scan", "Parent Relationship": "Outer", "Relation Name": "info_type", "Alias": "it2", "Startup Cost": 8.81, "Total Cost": 14.21, "Plan Rows": 1, "Plan Width": 4, "Filter": "((info)::text = 'rating'::text)", "Plans": [{"Node Type": "Bitmap Index Scan", "Parent Relationship": "Outer", "Index Name": "info_type_pkey", "Startup Cost": 0.0, "Total Cost": 8.81, "Plan Rows": 112, "Plan Width": 0}]}, {"Node Type": "Bitmap Heap Scan", "Parent Relationship": "Inner", "Relation Name": "movie_info_idx", "Alias": "mi_idx", "Startup Cost": 7419.04, "Total Cost": 19068.16, "Plan Rows": 12936, "Plan Width": 13, "Recheck Cond": "(info_type_id = it2.id)", "Filter": "((info)::text > '8.0'::text)", "Plans": [{"Node Type": "Bitmap Index Scan", "Parent Relationship": "Outer", "Index Name": "info_type_id_movie_info_idx", "Startup Cost": 0.0, "Total Cost": 7415.81, "Plan Rows": 345008, "Plan Width": 0, "Index Cond": "(info_type_id = it2.id)"}]}]}, {"Node Type": "Bitmap Heap Scan", "Parent Relationship": "Inner", "Relation Name": "title", "Alias": "t", "Startup Cost": 0.97, "Total Cost": 4.99, "Plan Rows": 1, "Plan Width": 21, "Recheck Cond": "(id = mi_idx.movie_id)", "Filter": "((production_year >= 2008) AND (production_year <= 2014))", "Plans": [{"Node Type": "Bitmap Index Scan", "Parent Relationship": "Outer", "Index Name": "title_pkey", "Startup Cost": 0.0, "Total Cost": 0.97, "Plan Rows": 1, "Plan Width": 0, "Index Cond": "(id = mi_idx.movie_id)"}]}]}, {"Node Type": "Bitmap Heap Scan", "Parent Relationship": "Inner", "Relation Name": "movie_info", "Alias": "mi", "Startup Cost": 0.58, "Total Cost": 4.65, "Plan Rows": 1, "Plan Width": 50, "Recheck Cond": "(movie_id = t.id)", "Filter": "((note IS NULL) AND ((info)::text = ANY ('{Horror,Thriller}'::text[])))", "Plans": [{"Node Type": "Bitmap Index Scan", "Parent Relationship": "Outer", "Index Name": "movie_id_movie_info", "Startup Cost": 0.0, "Total Cost": 0.58, "Plan Rows": 5, "Plan Width": 0, "Index Cond": "(movie_id = t.id)"}]}]}, {"Node Type": "Hash", "Parent Relationship": "Inner", "Startup Cost": 14.21, "Total Cost": 14.21, "Plan Rows": 1, "Plan Width": 4, "Plans": [{"Node Type": "Bitmap Heap Scan", "Parent Relationship": "Outer", "Relation Name": "info_type", "Alias": "it1", "Startup Cost": 8.81, "Total Cost": 14.21, "Plan Rows": 1, "Plan Width": 4, "Filter": "((info)::text = 'genres'::text)", "Plans": [{"Node Type": "Bitmap Index Scan", "Parent Relationship": "Outer", "Index Name": "info_type_pkey", "Startup Cost": 0.0, "Total Cost": 8.81, "Plan Rows": 112, "Plan Width": 0}]}]}]}, {"Node Type": "Bitmap Heap Scan", "Parent Relationship": "Inner", "Relation Name": "cast_info", "Alias": "ci", "Startup Cost": 1.01, "Total Cost": 5.12, "Plan Rows": 1, "Plan Width": 8, "Recheck Cond": "(movie_id = t.id)", "Filter": "((note)::text = ANY ('{(writer),\"(head writer)\",\"(written by)\",(story),\"(story editor)\"}'::text[]))", "Plans": [{"Node Type": "Bitmap Index Scan", "Parent Relationship": "Outer", "Index Name": "movie_id_cast_info", "Startup Cost": 0.0, "Total Cost": 1.01, "Plan Rows": 6, "Plan Width": 0, "Index Cond": "(movie_id = t.id)"}]}]}, {"Node Type": "Bitmap Heap Scan", "Parent Relationship": "Inner", "Relation Name": "name", "Alias": "n", "Startup Cost": 0.31, "Total Cost": 4.32, "Plan Rows": 1, "Plan Width": 4, "Recheck Cond": "(id = ci.person_id)", "Filter": "((gender IS NOT NULL) AND ((gender)::text = 'f'::text))", "Plans": [{"Node Type": "Bitmap Index Scan", "Parent Relationship": "Outer", "Index Name": "name_pkey", "Startup Cost": 0.0, "Total Cost": 0.31, "Plan Rows": 1, "Plan Width": 0, "Index Cond": "(id = ci.person_id)"}]}]}]}, "Unique SQL Id": 661781350, "Planner Runtime": 23}, "explain_analyze_plan": {"Plan": {"Node Type": "Aggregate", "Strategy": "Plain", "Startup Cost": 156974.22, "Total Cost": 156974.23, "Plan Rows": 1, "Plan Width": 160, "Actual Startup Time": 696.143, "Actual Total Time": 696.143, "Actual Rows": 1, "Actual Loops": 1, "Plans": [{"Node Type": "Nested Loop", "Parent Relationship": "Outer", "Join Type": "Inner", "Startup Cost": 7444.95, "Total Cost": 156972.58, "Plan Rows": 219, "Plan Width": 64, "Actual Startup Time": 407.909, "Actual Total Time": 696.076, "Actual Rows": 11, "Actual Loops": 1, "Inner Unique": true, "Plans": [{"Node Type": "Nested Loop", "Parent Relationship": "Outer", "Join Type": "Inner", "Startup Cost": 7444.64, "Total Cost": 155581.46, "Plan Rows": 321, "Plan Width": 68, "Actual Startup Time": 148.706, "Actual Total Time": 692.927, "Actual Rows": 268, "Actual Loops": 1, "Inner Unique": false, "Plans": [{"Node Type": "Hash Join", "Parent Relationship": "Outer", "Join Type": "Inner", "Startup Cost": 7443.63, "Total Cost": 154088.28, "Plan Rows": 291, "Plan Width": 76, "Actual Startup Time": 64.833, "Actual Total Time": 654.405, "Actual Rows": 358, "Actual Loops": 1, "Inner Unique": true, "Hash Cond": "(mi.info_type_id = it1.id)", "Plans": [{"Node Type": "Nested Loop", "Parent Relationship": "Outer", "Join Type": "Inner", "Startup Cost": 7429.41, "Total Cost": 154037.63, "Plan Rows": 13753, "Plan Width": 80, "Actual Startup Time": 64.689, "Actual Total Time": 653.779, "Actual Rows": 358, "Actual Loops": 1, "Inner Unique": false, "Plans": [{"Node Type": "Nested Loop", "Parent Relationship": "Outer", "Join Type": "Inner", "Startup Cost": 7428.83, "Total Cost": 83898.37, "Plan Rows": 15041, "Plan Width": 30, "Actual Startup Time": 55.538, "Actual Total Time": 456.854, "Actual Rows": 6152, "Actual Loops": 1, "Inner Unique": true, "Plans": [{"Node Type": "Nested Loop", "Parent Relationship": "Outer", "Join Type": "Inner", "Startup Cost": 7427.85, "Total Cost": 19211.73, "Plan Rows": 12936, "Plan Width": 9, "Actual Startup Time": 53.529, "Actual Total Time": 335.411, "Actual Rows": 15849, "Actual Loops": 1, "Inner Unique": false, "Plans": [{"Node Type": "Bitmap Heap Scan", "Parent Relationship": "Outer", "Relation Name": "info_type", "Alias": "it2", "Startup Cost": 8.81, "Total Cost": 14.21, "Plan Rows": 1, "Plan Width": 4, "Actual Startup Time": 0.066, "Actual Total Time": 0.073, "Actual Rows": 1, "Actual Loops": 1, "Filter": "((info)::text = 'rating'::text)", "Rows Removed by Filter": 111, "Exact Heap Blocks": 1, "Lossy Heap Blocks": 1, "Plans": [{"Node Type": "Bitmap Index Scan", "Parent Relationship": "Outer", "Index Name": "info_type_pkey", "Startup Cost": 0.0, "Total Cost": 8.81, "Plan Rows": 112, "Plan Width": 0, "Actual Startup Time": 0.008, "Actual Total Time": 0.008, "Actual Rows": 112, "Actual Loops": 1}]}, {"Node Type": "Bitmap Heap Scan", "Parent Relationship": "Inner", "Relation Name": "movie_info_idx", "Alias": "mi_idx", "Startup Cost": 7419.04, "Total Cost": 19068.16, "Plan Rows": 12936, "Plan Width": 13, "Actual Startup Time": 53.456, "Actual Total Time": 331.51, "Actual Rows": 15849, "Actual Loops": 1, "Recheck Cond": "(info_type_id = it2.id)", "Rows Removed by Index Recheck": 0, "Filter": "((info)::text > '8.0'::text)", "Rows Removed by Filter": 444076, "Exact Heap Blocks": 6472, "Lossy Heap Blocks": 6472, "Plans": [{"Node Type": "Bitmap Index Scan", "Parent Relationship": "Outer", "Index Name": "info_type_id_movie_info_idx", "Startup Cost": 0.0, "Total Cost": 7415.81, "Plan Rows": 345008, "Plan Width": 0, "Actual Startup Time": 52.256, "Actual Total Time": 52.256, "Actual Rows": 459925, "Actual Loops": 1, "Index Cond": "(info_type_id = it2.id)"}]}]}, {"Node Type": "Bitmap Heap Scan", "Parent Relationship": "Inner", "Relation Name": "title", "Alias": "t", "Startup Cost": 0.97, "Total Cost": 4.99, "Plan Rows": 1, "Plan Width": 21, "Actual Startup Time": 100.604, "Actual Total Time": 100.604, "Actual Rows": 6152, "Actual Loops": 15849, "Recheck Cond": "(id = mi_idx.movie_id)", "Rows Removed by Index Recheck": 0, "Filter": "((production_year >= 2008) AND (production_year <= 2014))", "Rows Removed by Filter": 9697, "Exact Heap Blocks": 15849, "Lossy Heap Blocks": 15849, "Plans": [{"Node Type": "Bitmap Index Scan", "Parent Relationship": "Outer", "Index Name": "title_pkey", "Startup Cost": 0.0, "Total Cost": 0.97, "Plan Rows": 1, "Plan Width": 0, "Actual Startup Time": 49.093, "Actual Total Time": 49.093, "Actual Rows": 15849, "Actual Loops": 15849, "Index Cond": "(id = mi_idx.movie_id)"}]}]}, {"Node Type": "Bitmap Heap Scan", "Parent Relationship": "Inner", "Relation Name": "movie_info", "Alias": "mi", "Startup Cost": 0.58, "Total Cost": 4.65, "Plan Rows": 1, "Plan Width": 50, "Actual Startup Time": 188.401, "Actual Total Time": 188.571, "Actual Rows": 358, "Actual Loops": 6152, "Recheck Cond": "(movie_id = t.id)", "Rows Removed by Index Recheck": 0, "Filter": "((note IS NULL) AND ((info)::text = ANY ('{Horror,Thriller}'::text[])))", "Rows Removed by Filter": 109599, "Exact Heap Blocks": 52726, "Lossy Heap Blocks": 52726, "Plans": [{"Node Type": "Bitmap Index Scan", "Parent Relationship": "Outer", "Index Name": "movie_id_movie_info", "Startup Cost": 0.0, "Total Cost": 0.58, "Plan Rows": 5, "Plan Width": 0, "Actual Startup Time": 42.676, "Actual Total Time": 42.676, "Actual Rows": 109957, "Actual Loops": 6152, "Index Cond": "(movie_id = t.id)"}]}]}, {"Node Type": "Hash", "Parent Relationship": "Inner", "Startup Cost": 14.21, "Total Cost": 14.21, "Plan Rows": 1, "Plan Width": 4, "Actual Startup Time": 0.092, "Actual Total Time": 0.092, "Actual Rows": 1, "Actual Loops": 1, "Hash Buckets": 32768, "Hash Batches": 1, "Original Hash Batches": 1, "Peak Memory Usage": 1, "Plans": [{"Node Type": "Bitmap Heap Scan", "Parent Relationship": "Outer", "Relation Name": "info_type", "Alias": "it1", "Startup Cost": 8.81, "Total Cost": 14.21, "Plan Rows": 1, "Plan Width": 4, "Actual Startup Time": 0.063, "Actual Total Time": 0.086, "Actual Rows": 1, "Actual Loops": 1, "Filter": "((info)::text = 'genres'::text)", "Rows Removed by Filter": 111, "Exact Heap Blocks": 1, "Lossy Heap Blocks": 1, "Plans": [{"Node Type": "Bitmap Index Scan", "Parent Relationship": "Outer", "Index Name": "info_type_pkey", "Startup Cost": 0.0, "Total Cost": 8.81, "Plan Rows": 112, "Plan Width": 0, "Actual Startup Time": 0.016, "Actual Total Time": 0.016, "Actual Rows": 112, "Actual Loops": 1}]}]}]}, {"Node Type": "Bitmap Heap Scan", "Parent Relationship": "Inner", "Relation Name": "cast_info", "Alias": "ci", "Startup Cost": 1.01, "Total Cost": 5.12, "Plan Rows": 1, "Plan Width": 8, "Actual Startup Time": 30.476, "Actual Total Time": 37.452, "Actual Rows": 268, "Actual Loops": 358, "Recheck Cond": "(movie_id = t.id)", "Rows Removed by Index Recheck": 0, "Filter": "((note)::text = ANY ('{(writer),\"(head writer)\",\"(written by)\",(story),\"(story editor)\"}'::text[]))", "Rows Removed by Filter": 12296, "Exact Heap Blocks": 11454, "Lossy Heap Blocks": 11454, "Plans": [{"Node Type": "Bitmap Index Scan", "Parent Relationship": "Outer", "Index Name": "movie_id_cast_info", "Startup Cost": 0.0, "Total Cost": 1.01, "Plan Rows": 6, "Plan Width": 0, "Actual Startup Time": 5.462, "Actual Total Time": 5.462, "Actual Rows": 12564, "Actual Loops": 358, "Index Cond": "(movie_id = t.id)"}]}]}, {"Node Type": "Bitmap Heap Scan", "Parent Relationship": "Inner", "Relation Name": "name", "Alias": "n", "Startup Cost": 0.31, "Total Cost": 4.32, "Plan Rows": 1, "Plan Width": 4, "Actual Startup Time": 2.648, "Actual Total Time": 2.648, "Actual Rows": 11, "Actual Loops": 268, "Recheck Cond": "(id = ci.person_id)", "Rows Removed by Index Recheck": 0, "Filter": "((gender IS NOT NULL) AND ((gender)::text = 'f'::text))", "Rows Removed by Filter": 257, "Exact Heap Blocks": 268, "Lossy Heap Blocks": 268, "Plans": [{"Node Type": "Bitmap Index Scan", "Parent Relationship": "Outer", "Index Name": "name_pkey", "Startup Cost": 0.0, "Total Cost": 0.31, "Plan Rows": 1, "Plan Width": 0, "Actual Startup Time": 1.677, "Actual Total Time": 1.677, "Actual Rows": 268, "Actual Loops": 268, "Index Cond": "(id = ci.person_id)"}]}]}]}, "Triggers": [], "Planner Runtime": 23.244, "Total Runtime": 696.502, "Unique SQL Id": 661781350}}, "(64, '68')": {"explain_plan": {"Plan": {"Node Type": "Aggregate", "Strategy": "Plain", "Startup Cost": 72675.72, "Total Cost": 72675.73, "Plan Rows": 1, "Plan Width": 160, "Plans": [{"Node Type": "Nested Loop", "Parent Relationship": "Outer", "Join Type": "Inner", "Startup Cost": 2.41, "Total Cost": 72674.08, "Plan Rows": 219, "Plan Width": 64, "Inner Unique": true, "Plans": [{"Node Type": "Nested Loop", "Parent Relationship": "Outer", "Join Type": "Inner", "Startup Cost": 2.41, "Total Cost": 72513.09, "Plan Rows": 321, "Plan Width": 68, "Inner Unique": false, "Plans": [{"Node Type": "Nested Loop", "Parent Relationship": "Outer", "Join Type": "Inner", "Startup Cost": 2.41, "Total Cost": 71828.06, "Plan Rows": 291, "Plan Width": 76, "Inner Unique": true, "Plans": [{"Node Type": "Nested Loop", "Parent Relationship": "Outer", "Join Type": "Inner", "Startup Cost": 2.41, "Total Cost": 71114.85, "Plan Rows": 250, "Plan Width": 55, "Inner Unique": true, "Plans": [{"Node Type": "Nested Loop", "Parent Relationship": "Outer", "Join Type": "Inner", "Startup Cost": 2.41, "Total Cost": 70832.4, "Plan Rows": 999, "Plan Width": 59, "Inner Unique": false, "Plans": [{"Node Type": "Hash Join", "Parent Relationship": "Outer", "Join Type": "Inner", "Startup Cost": 2.41, "Total Cost": 69890.54, "Plan Rows": 971, "Plan Width": 46, "Inner Unique": true, "Hash Cond": "(mi.info_type_id = it1.id)", "Plans": [{"Node Type": "Streaming(type: LOCAL GATHER dop: 1/64)", "Parent Relationship": "Outer", "Startup Cost": 0.0, "Total Cost": 69623.52, "Plan Rows": 67971, "Plan Width": 50, "Plans": [{"Node Type": "Seq Scan", "Parent Relationship": "Outer", "Relation Name": "movie_info", "Alias": "mi", "Startup Cost": 0.0, "Total Cost": 68221.29, "Plan Rows": 67971, "Plan Width": 50, "Filter": "((note IS NULL) AND ((info)::text = ANY ('{Horror,Thriller}'::text[])))"}]}, {"Node Type": "Hash", "Parent Relationship": "Inner", "Startup Cost": 2.4, "Total Cost": 2.4, "Plan Rows": 1, "Plan Width": 4, "Plans": [{"Node Type": "Seq Scan", "Parent Relationship": "Outer", "Relation Name": "info_type", "Alias": "it1", "Startup Cost": 0.0, "Total Cost": 2.4, "Plan Rows": 1, "Plan Width": 4, "Filter": "((info)::text = 'genres'::text)"}]}]}, {"Node Type": "Index Scan", "Parent Relationship": "Inner", "Scan Direction": "Forward", "Index Name": "movie_id_movie_info_idx", "Relation Name": "movie_info_idx", "Alias": "mi_idx", "Startup Cost": 0.0, "Total Cost": 0.96, "Plan Rows": 1, "Plan Width": 13, "Index Cond": "(movie_id = mi.movie_id)", "Filter": "((info)::text > '8.0'::text)"}]}, {"Node Type": "Index Scan", "Parent Relationship": "Inner", "Scan Direction": "Forward", "Index Name": "info_type_pkey", "Relation Name": "info_type", "Alias": "it2", "Startup Cost": 0.0, "Total Cost": 0.27, "Plan Rows": 1, "Plan Width": 4, "Index Cond": "(id = mi_idx.info_type_id)", "Filter": "((info)::text = 'rating'::text)"}]}, {"Node Type": "Index Scan", "Parent Relationship": "Inner", "Scan Direction": "Forward", "Index Name": "title_pkey", "Relation Name": "title", "Alias": "t", "Startup Cost": 0.0, "Total Cost": 2.84, "Plan Rows": 1, "Plan Width": 21, "Index Cond": "(id = mi.movie_id)", "Filter": "((production_year >= 2008) AND (production_year <= 2014))"}]}, {"Node Type": "Index Scan", "Parent Relationship": "Inner", "Scan Direction": "Forward", "Index Name": "movie_id_cast_info", "Relation Name": "cast_info", "Alias": "ci", "Startup Cost": 0.0, "Total Cost": 2.34, "Plan Rows": 1, "Plan Width": 8, "Index Cond": "(movie_id = t.id)", "Filter": "((note)::text = ANY ('{(writer),\"(head writer)\",\"(written by)\",(story),\"(story editor)\"}'::text[]))"}]}, {"Node Type": "Index Scan", "Parent Relationship": "Inner", "Scan Direction": "Forward", "Index Name": "name_pkey", "Relation Name": "name", "Alias": "n", "Startup Cost": 0.0, "Total Cost": 0.49, "Plan Rows": 1, "Plan Width": 4, "Index Cond": "(id = ci.person_id)", "Filter": "((gender IS NOT NULL) AND ((gender)::text = 'f'::text))"}]}]}, "Unique SQL Id": 661781350, "Planner Runtime": 48}, "explain_analyze_plan": {"Plan": {"Node Type": "Aggregate", "Strategy": "Plain", "Startup Cost": 72675.72, "Total Cost": 72675.73, "Plan Rows": 1, "Plan Width": 160, "Actual Min Startup Time": 645.932, "Actual Max Startup Time": 645.932, "Actual Min Total Time": 645.932, "Actual Max Total Time": 645.932, "Plans": [{"Node Type": "Nested Loop", "Parent Relationship": "Outer", "Join Type": "Inner", "Startup Cost": 2.41, "Total Cost": 72674.08, "Plan Rows": 219, "Plan Width": 64, "Actual Min Startup Time": 255.878, "Actual Max Startup Time": 255.878, "Actual Min Total Time": 645.862, "Actual Max Total Time": 645.862, "Inner Unique": true, "Plans": [{"Node Type": "Nested Loop", "Parent Relationship": "Outer", "Join Type": "Inner", "Startup Cost": 2.41, "Total Cost": 72513.09, "Plan Rows": 321, "Plan Width": 68, "Actual Min Startup Time": 199.897, "Actual Max Startup Time": 199.897, "Actual Min Total Time": 642.891, "Actual Max Total Time": 642.891, "Inner Unique": false, "Plans": [{"Node Type": "Nested Loop", "Parent Relationship": "Outer", "Join Type": "Inner", "Startup Cost": 2.41, "Total Cost": 71828.06, "Plan Rows": 291, "Plan Width": 76, "Actual Min Startup Time": 194.383, "Actual Max Startup Time": 194.383, "Actual Min Total Time": 607.368, "Actual Max Total Time": 607.368, "Inner Unique": true, "Plans": [{"Node Type": "Nested Loop", "Parent Relationship": "Outer", "Join Type": "Inner", "Startup Cost": 2.41, "Total Cost": 71114.85, "Plan Rows": 250, "Plan Width": 55, "Actual Min Startup Time": 191.528, "Actual Max Startup Time": 191.528, "Actual Min Total Time": 600.85, "Actual Max Total Time": 600.85, "Inner Unique": true, "Plans": [{"Node Type": "Nested Loop", "Parent Relationship": "Outer", "Join Type": "Inner", "Startup Cost": 2.41, "Total Cost": 70832.4, "Plan Rows": 999, "Plan Width": 59, "Actual Min Startup Time": 179.181, "Actual Max Startup Time": 179.181, "Actual Min Total Time": 590.043, "Actual Max Total Time": 590.043, "Inner Unique": false, "Plans": [{"Node Type": "Hash Join", "Parent Relationship": "Outer", "Join Type": "Inner", "Startup Cost": 2.41, "Total Cost": 69890.54, "Plan Rows": 971, "Plan Width": 46, "Actual Min Startup Time": 178.979, "Actual Max Startup Time": 178.979, "Actual Min Total Time": 260.807, "Actual Max Total Time": 260.807, "Inner Unique": true, "Hash Cond": "(mi.info_type_id = it1.id)", "Plans": [{"Node Type": "Streaming(type: LOCAL GATHER dop: 1/64)", "Parent Relationship": "Outer", "Startup Cost": 0.0, "Total Cost": 69623.52, "Plan Rows": 67971, "Plan Width": 50, "Actual Min Startup Time": 178.749, "Actual Max Startup Time": 178.749, "Actual Min Total Time": 223.333, "Actual Max Total Time": 223.333, "Plans": [{"Node Type": "Seq Scan", "Parent Relationship": "Outer", "Relation Name": "movie_info", "Alias": "mi", "Startup Cost": 0.0, "Total Cost": 68221.29, "Plan Rows": 67971, "Plan Width": 50, "Actual Min Startup Time": 54.175, "Actual Max Startup Time": 129.557, "Actual Min Total Time": 94.781, "Actual Max Total Time": 138.586, "Filter": "((note IS NULL) AND ((info)::text = ANY ('{Horror,Thriller}'::text[])))", "Rows Removed by Filter": 14762672, "Actual Rows": 73047}], "Actual Rows": 73047}, {"Node Type": "Hash", "Parent Relationship": "Inner", "Startup Cost": 2.4, "Total Cost": 2.4, "Plan Rows": 1, "Plan Width": 4, "Actual Min Startup Time": 0.129, "Actual Max Startup Time": 0.129, "Actual Min Total Time": 0.129, "Actual Max Total Time": 0.129, "Max Hash Buckets": 32768, "Min Hash Buckets": 32768, "Max Hash Batches": 1, "Min Hash Batches": 1, "Max Original Hash Batches": 1, "Min Original Hash Batches": 1, "Max Peak Memory Usage": 1, "min Peak Memory Usage": 1, "Plans": [{"Node Type": "Seq Scan", "Parent Relationship": "Outer", "Relation Name": "info_type", "Alias": "it1", "Startup Cost": 0.0, "Total Cost": 2.4, "Plan Rows": 1, "Plan Width": 4, "Actual Min Startup Time": 0.086, "Actual Max Startup Time": 0.086, "Actual Min Total Time": 0.111, "Actual Max Total Time": 0.111, "Filter": "((info)::text = 'genres'::text)", "Rows Removed by Filter": 111, "Actual Rows": 1}], "Actual Rows": 1}], "Actual Rows": 72258}, {"Node Type": "Index Scan", "Parent Relationship": "Inner", "Scan Direction": "Forward", "Index Name": "movie_id_movie_info_idx", "Relation Name": "movie_info_idx", "Alias": "mi_idx", "Startup Cost": 0.0, "Total Cost": 0.96, "Plan Rows": 1, "Plan Width": 13, "Actual Min Startup Time": 282.41, "Actual Max Startup Time": 282.41, "Actual Min Total Time": 286.056, "Actual Max Total Time": 286.056, "Index Cond": "(movie_id = mi.movie_id)", "Rows Removed by Index Recheck": 0, "Filter": "((info)::text > '8.0'::text)", "Rows Removed by Filter": 113143, "Actual Rows": 4135}], "Actual Rows": 4135}, {"Node Type": "Index Scan", "Parent Relationship": "Inner", "Scan Direction": "Forward", "Index Name": "info_type_pkey", "Relation Name": "info_type", "Alias": "it2", "Startup Cost": 0.0, "Total Cost": 0.27, "Plan Rows": 1, "Plan Width": 4, "Actual Min Startup Time": 8.443, "Actual Max Startup Time": 8.443, "Actual Min Total Time": 8.443, "Actual Max Total Time": 8.443, "Index Cond": "(id = mi_idx.info_type_id)", "Rows Removed by Index Recheck": 0, "Filter": "((info)::text = 'rating'::text)", "Rows Removed by Filter": 3403, "Actual Rows": 732}], "Actual Rows": 732}, {"Node Type": "Index Scan", "Parent Relationship": "Inner", "Scan Direction": "Forward", "Index Name": "title_pkey", "Relation Name": "title", "Alias": "t", "Startup Cost": 0.0, "Total Cost": 2.84, "Plan Rows": 1, "Plan Width": 21, "Actual Min Startup Time": 5.882, "Actual Max Startup Time": 5.882, "Actual Min Total Time": 5.882, "Actual Max Total Time": 5.882, "Index Cond": "(id = mi.movie_id)", "Rows Removed by Index Recheck": 0, "Filter": "((production_year >= 2008) AND (production_year <= 2014))", "Rows Removed by Filter": 374, "Actual Rows": 358}], "Actual Rows": 358}, {"Node Type": "Index Scan", "Parent Relationship": "Inner", "Scan Direction": "Forward", "Index Name": "movie_id_cast_info", "Relation Name": "cast_info", "Alias": "ci", "Startup Cost": 0.0, "Total Cost": 2.34, "Plan Rows": 1, "Plan Width": 8, "Actual Min Startup Time": 27.751, "Actual Max Startup Time": 27.751, "Actual Min Total Time": 35.19, "Actual Max Total Time": 35.19, "Index Cond": "(movie_id = t.id)", "Rows Removed by Index Recheck": 0, "Filter": "((note)::text = ANY ('{(writer),\"(head writer)\",\"(written by)\",(story),\"(story editor)\"}'::text[]))", "Rows Removed by Filter": 12296, "Actual Rows": 268}], "Actual Rows": 268}, {"Node Type": "Index Scan", "Parent Relationship": "Inner", "Scan Direction": "Forward", "Index Name": "name_pkey", "Relation Name": "name", "Alias": "n", "Startup Cost": 0.0, "Total Cost": 0.49, "Plan Rows": 1, "Plan Width": 4, "Actual Min Startup Time": 2.738, "Actual Max Startup Time": 2.738, "Actual Min Total Time": 2.738, "Actual Max Total Time": 2.738, "Index Cond": "(id = ci.person_id)", "Rows Removed by Index Recheck": 0, "Filter": "((gender IS NOT NULL) AND ((gender)::text = 'f'::text))", "Rows Removed by Filter": 257, "Actual Rows": 11}], "Actual Rows": 11}], "Actual Rows": 1}, "Triggers": [], "Planner Runtime": 48.511, "Total Runtime": 658.668, "Unique SQL Id": 661781350}}, "(64, '69')": {"explain_plan": {"Plan": {"Node Type": "Aggregate", "Strategy": "Plain", "Startup Cost": 84095.43, "Total Cost": 84095.44, "Plan Rows": 1, "Plan Width": 160, "Plans": [{"Node Type": "Nested Loop", "Parent Relationship": "Outer", "Join Type": "Inner", "Startup Cost": 7433.27, "Total Cost": 84093.79, "Plan Rows": 219, "Plan Width": 64, "Inner Unique": true, "Plans": [{"Node Type": "Nested Loop", "Parent Relationship": "Outer", "Join Type": "Inner", "Startup Cost": 7433.27, "Total Cost": 83932.79, "Plan Rows": 321, "Plan Width": 68, "Inner Unique": false, "Plans": [{"Node Type": "Hash Join", "Parent Relationship": "Outer", "Join Type": "Inner", "Startup Cost": 7433.27, "Total Cost": 83247.77, "Plan Rows": 291, "Plan Width": 76, "Inner Unique": true, "Hash Cond": "(mi.info_type_id = it1.id)", "Plans": [{"Node Type": "Nested Loop", "Parent Relationship": "Outer", "Join Type": "Inner", "Startup Cost": 7419.04, "Total Cost": 83197.12, "Plan Rows": 13753, "Plan Width": 80, "Inner Unique": false, "Plans": [{"Node Type": "Nested Loop", "Parent Relationship": "Outer", "Join Type": "Inner", "Startup Cost": 7419.04, "Total Cost": 61824.99, "Plan Rows": 15041, "Plan Width": 30, "Inner Unique": true, "Plans": [{"Node Type": "Nested Loop", "Parent Relationship": "Outer", "Join Type": "Inner", "Startup Cost": 7419.04, "Total Cost": 19211.73, "Plan Rows": 12936, "Plan Width": 9, "Inner Unique": false, "Plans": [{"Node Type": "Index Scan", "Parent Relationship": "Outer", "Scan Direction": "Forward", "Index Name": "info_type_pkey", "Relation Name": "info_type", "Alias": "it2", "Startup Cost": 0.0, "Total Cost": 14.21, "Plan Rows": 1, "Plan Width": 4, "Filter": "((info)::text = 'rating'::text)"}, {"Node Type": "Bitmap Heap Scan", "Parent Relationship": "Inner", "Relation Name": "movie_info_idx", "Alias": "mi_idx", "Startup Cost": 7419.04, "Total Cost": 19068.16, "Plan Rows": 12936, "Plan Width": 13, "Recheck Cond": "(info_type_id = it2.id)", "Filter": "((info)::text > '8.0'::text)", "Plans": [{"Node Type": "Bitmap Index Scan", "Parent Relationship": "Outer", "Index Name": "info_type_id_movie_info_idx", "Startup Cost": 0.0, "Total Cost": 7415.81, "Plan Rows": 345008, "Plan Width": 0, "Index Cond": "(info_type_id = it2.id)"}]}]}, {"Node Type": "Index Scan", "Parent Relationship": "Inner", "Scan Direction": "Forward", "Index Name": "title_pkey", "Relation Name": "title", "Alias": "t", "Startup Cost": 0.0, "Total Cost": 3.28, "Plan Rows": 1, "Plan Width": 21, "Index Cond": "(id = mi_idx.movie_id)", "Filter": "((production_year >= 2008) AND (production_year <= 2014))"}]}, {"Node Type": "Index Scan", "Parent Relationship": "Inner", "Scan Direction": "Forward", "Index Name": "movie_id_movie_info", "Relation Name": "movie_info", "Alias": "mi", "Startup Cost": 0.0, "Total Cost": 1.41, "Plan Rows": 1, "Plan Width": 50, "Index Cond": "(movie_id = t.id)", "Filter": "((note IS NULL) AND ((info)::text = ANY ('{Horror,Thriller}'::text[])))"}]}, {"Node Type": "Hash", "Parent Relationship": "Inner", "Startup Cost": 14.21, "Total Cost": 14.21, "Plan Rows": 1, "Plan Width": 4, "Plans": [{"Node Type": "Index Scan", "Parent Relationship": "Outer", "Scan Direction": "Forward", "Index Name": "info_type_pkey", "Relation Name": "info_type", "Alias": "it1", "Startup Cost": 0.0, "Total Cost": 14.21, "Plan Rows": 1, "Plan Width": 4, "Filter": "((info)::text = 'genres'::text)"}]}]}, {"Node Type": "Index Scan", "Parent Relationship": "Inner", "Scan Direction": "Forward", "Index Name": "movie_id_cast_info", "Relation Name": "cast_info", "Alias": "ci", "Startup Cost": 0.0, "Total Cost": 2.34, "Plan Rows": 1, "Plan Width": 8, "Index Cond": "(movie_id = t.id)", "Filter": "((note)::text = ANY ('{(writer),\"(head writer)\",\"(written by)\",(story),\"(story editor)\"}'::text[]))"}]}, {"Node Type": "Index Scan", "Parent Relationship": "Inner", "Scan Direction": "Forward", "Index Name": "name_pkey", "Relation Name": "name", "Alias": "n", "Startup Cost": 0.0, "Total Cost": 0.49, "Plan Rows": 1, "Plan Width": 4, "Index Cond": "(id = ci.person_id)", "Filter": "((gender IS NOT NULL) AND ((gender)::text = 'f'::text))"}]}]}, "Unique SQL Id": 661781350, "Planner Runtime": 24}, "explain_analyze_plan": {"Plan": {"Node Type": "Aggregate", "Strategy": "Plain", "Startup Cost": 84095.43, "Total Cost": 84095.44, "Plan Rows": 1, "Plan Width": 160, "Actual Startup Time": 598.479, "Actual Total Time": 598.479, "Actual Rows": 1, "Actual Loops": 1, "Plans": [{"Node Type": "Nested Loop", "Parent Relationship": "Outer", "Join Type": "Inner", "Startup Cost": 7433.27, "Total Cost": 84093.79, "Plan Rows": 219, "Plan Width": 64, "Actual Startup Time": 325.422, "Actual Total Time": 598.406, "Actual Rows": 11, "Actual Loops": 1, "Inner Unique": true, "Plans": [{"Node Type": "Nested Loop", "Parent Relationship": "Outer", "Join Type": "Inner", "Startup Cost": 7433.27, "Total Cost": 83932.79, "Plan Rows": 321, "Plan Width": 68, "Actual Startup Time": 125.349, "Actual Total Time": 595.808, "Actual Rows": 268, "Actual Loops": 1, "Inner Unique": false, "Plans": [{"Node Type": "Hash Join", "Parent Relationship": "Outer", "Join Type": "Inner", "Startup Cost": 7433.27, "Total Cost": 83247.77, "Plan Rows": 291, "Plan Width": 76, "Actual Startup Time": 61.667, "Actual Total Time": 562.836, "Actual Rows": 358, "Actual Loops": 1, "Inner Unique": true, "Hash Cond": "(mi.info_type_id = it1.id)", "Plans": [{"Node Type": "Nested Loop", "Parent Relationship": "Outer", "Join Type": "Inner", "Startup Cost": 7419.04, "Total Cost": 83197.12, "Plan Rows": 13753, "Plan Width": 80, "Actual Startup Time": 61.545, "Actual Total Time": 562.318, "Actual Rows": 358, "Actual Loops": 1, "Inner Unique": false, "Plans": [{"Node Type": "Nested Loop", "Parent Relationship": "Outer", "Join Type": "Inner", "Startup Cost": 7419.04, "Total Cost": 61824.99, "Plan Rows": 15041, "Plan Width": 30, "Actual Startup Time": 54.674, "Actual Total Time": 408.161, "Actual Rows": 6152, "Actual Loops": 1, "Inner Unique": true, "Plans": [{"Node Type": "Nested Loop", "Parent Relationship": "Outer", "Join Type": "Inner", "Startup Cost": 7419.04, "Total Cost": 19211.73, "Plan Rows": 12936, "Plan Width": 9, "Actual Startup Time": 53.166, "Actual Total Time": 321.638, "Actual Rows": 15849, "Actual Loops": 1, "Inner Unique": false, "Plans": [{"Node Type": "Index Scan", "Parent Relationship": "Outer", "Scan Direction": "Forward", "Index Name": "info_type_pkey", "Relation Name": "info_type", "Alias": "it2", "Startup Cost": 0.0, "Total Cost": 14.21, "Plan Rows": 1, "Plan Width": 4, "Actual Startup Time": 0.049, "Actual Total Time": 0.07, "Actual Rows": 1, "Actual Loops": 1, "Filter": "((info)::text = 'rating'::text)", "Rows Removed by Filter": 111}, {"Node Type": "Bitmap Heap Scan", "Parent Relationship": "Inner", "Relation Name": "movie_info_idx", "Alias": "mi_idx", "Startup Cost": 7419.04, "Total Cost": 19068.16, "Plan Rows": 12936, "Plan Width": 13, "Actual Startup Time": 53.111, "Actual Total Time": 317.85, "Actual Rows": 15849, "Actual Loops": 1, "Recheck Cond": "(info_type_id = it2.id)", "Rows Removed by Index Recheck": 0, "Filter": "((info)::text > '8.0'::text)", "Rows Removed by Filter": 444076, "Exact Heap Blocks": 6472, "Lossy Heap Blocks": 6472, "Plans": [{"Node Type": "Bitmap Index Scan", "Parent Relationship": "Outer", "Index Name": "info_type_id_movie_info_idx", "Startup Cost": 0.0, "Total Cost": 7415.81, "Plan Rows": 345008, "Plan Width": 0, "Actual Startup Time": 51.865, "Actual Total Time": 51.865, "Actual Rows": 459925, "Actual Loops": 1, "Index Cond": "(info_type_id = it2.id)"}]}]}, {"Node Type": "Index Scan", "Parent Relationship": "Inner", "Scan Direction": "Forward", "Index Name": "title_pkey", "Relation Name": "title", "Alias": "t", "Startup Cost": 0.0, "Total Cost": 3.28, "Plan Rows": 1, "Plan Width": 21, "Actual Startup Time": 76.708, "Actual Total Time": 76.708, "Actual Rows": 6152, "Actual Loops": 15849, "Index Cond": "(id = mi_idx.movie_id)", "Rows Removed by Index Recheck": 0, "Filter": "((production_year >= 2008) AND (production_year <= 2014))", "Rows Removed by Filter": 9697}]}, {"Node Type": "Index Scan", "Parent Relationship": "Inner", "Scan Direction": "Forward", "Index Name": "movie_id_movie_info", "Relation Name": "movie_info", "Alias": "mi", "Startup Cost": 0.0, "Total Cost": 1.41, "Plan Rows": 1, "Plan Width": 50, "Actual Startup Time": 150.379, "Actual Total Time": 150.7, "Actual Rows": 358, "Actual Loops": 6152, "Index Cond": "(movie_id = t.id)", "Rows Removed by Index Recheck": 0, "Filter": "((note IS NULL) AND ((info)::text = ANY ('{Horror,Thriller}'::text[])))", "Rows Removed by Filter": 109599}]}, {"Node Type": "Hash", "Parent Relationship": "Inner", "Startup Cost": 14.21, "Total Cost": 14.21, "Plan Rows": 1, "Plan Width": 4, "Actual Startup Time": 0.073, "Actual Total Time": 0.073, "Actual Rows": 1, "Actual Loops": 1, "Hash Buckets": 32768, "Hash Batches": 1, "Original Hash Batches": 1, "Peak Memory Usage": 1, "Plans": [{"Node Type": "Index Scan", "Parent Relationship": "Outer", "Scan Direction": "Forward", "Index Name": "info_type_pkey", "Relation Name": "info_type", "Alias": "it1", "Startup Cost": 0.0, "Total Cost": 14.21, "Plan Rows": 1, "Plan Width": 4, "Actual Startup Time": 0.022, "Actual Total Time": 0.068, "Actual Rows": 1, "Actual Loops": 1, "Filter": "((info)::text = 'genres'::text)", "Rows Removed by Filter": 111}]}]}, {"Node Type": "Index Scan", "Parent Relationship": "Inner", "Scan Direction": "Forward", "Index Name": "movie_id_cast_info", "Relation Name": "cast_info", "Alias": "ci", "Startup Cost": 0.0, "Total Cost": 2.34, "Plan Rows": 1, "Plan Width": 8, "Actual Startup Time": 25.433, "Actual Total Time": 32.514, "Actual Rows": 268, "Actual Loops": 358, "Index Cond": "(movie_id = t.id)", "Rows Removed by Index Recheck": 0, "Filter": "((note)::text = ANY ('{(writer),\"(head writer)\",\"(written by)\",(story),\"(story editor)\"}'::text[]))", "Rows Removed by Filter": 12296}]}, {"Node Type": "Index Scan", "Parent Relationship": "Inner", "Scan Direction": "Forward", "Index Name": "name_pkey", "Relation Name": "name", "Alias": "n", "Startup Cost": 0.0, "Total Cost": 0.49, "Plan Rows": 1, "Plan Width": 4, "Actual Startup Time": 2.358, "Actual Total Time": 2.358, "Actual Rows": 11, "Actual Loops": 268, "Index Cond": "(id = ci.person_id)", "Rows Removed by Index Recheck": 0, "Filter": "((gender IS NOT NULL) AND ((gender)::text = 'f'::text))", "Rows Removed by Filter": 257}]}]}, "Triggers": [], "Planner Runtime": 24.494, "Total Runtime": 598.882, "Unique SQL Id": 661781350}}, "(64, '70')": {"explain_plan": {"Plan": {"Node Type": "Aggregate", "Strategy": "Plain", "Startup Cost": 78447.5, "Total Cost": 78447.51, "Plan Rows": 1, "Plan Width": 160, "Plans": [{"Node Type": "Nested Loop", "Parent Relationship": "Outer", "Join Type": "Inner", "Startup Cost": 7.49, "Total Cost": 78445.86, "Plan Rows": 219, "Plan Width": 64, "Inner Unique": true, "Plans": [{"Node Type": "Nested Loop", "Parent Relationship": "Outer", "Join Type": "Inner", "Startup Cost": 7.19, "Total Cost": 77054.74, "Plan Rows": 321, "Plan Width": 68, "Inner Unique": false, "Plans": [{"Node Type": "Nested Loop", "Parent Relationship": "Outer", "Join Type": "Inner", "Startup Cost": 6.18, "Total Cost": 75561.56, "Plan Rows": 291, "Plan Width": 76, "Inner Unique": true, "Plans": [{"Node Type": "Hash Join", "Parent Relationship": "Outer", "Join Type": "Inner", "Startup Cost": 5.37, "Total Cost": 74354.12, "Plan Rows": 250, "Plan Width": 55, "Inner Unique": true, "Hash Cond": "(mi_idx.info_type_id = it2.id)", "Plans": [{"Node Type": "Nested Loop", "Parent Relationship": "Outer", "Join Type": "Inner", "Startup Cost": 2.96, "Total Cost": 74346.7, "Plan Rows": 999, "Plan Width": 59, "Inner Unique": false, "Plans": [{"Node Type": "Hash Join", "Parent Relationship": "Outer", "Join Type": "Inner", "Startup Cost": 2.41, "Total Cost": 69890.54, "Plan Rows": 971, "Plan Width": 46, "Inner Unique": true, "Hash Cond": "(mi.info_type_id = it1.id)", "Plans": [{"Node Type": "Streaming(type: LOCAL GATHER dop: 1/64)", "Parent Relationship": "Outer", "Startup Cost": 0.0, "Total Cost": 69623.52, "Plan Rows": 67971, "Plan Width": 50, "Plans": [{"Node Type": "Seq Scan", "Parent Relationship": "Outer", "Relation Name": "movie_info", "Alias": "mi", "Startup Cost": 0.0, "Total Cost": 68221.29, "Plan Rows": 67971, "Plan Width": 50, "Filter": "((note IS NULL) AND ((info)::text = ANY ('{Horror,Thriller}'::text[])))"}]}, {"Node Type": "Hash", "Parent Relationship": "Inner", "Startup Cost": 2.4, "Total Cost": 2.4, "Plan Rows": 1, "Plan Width": 4, "Plans": [{"Node Type": "Seq Scan", "Parent Relationship": "Outer", "Relation Name": "info_type", "Alias": "it1", "Startup Cost": 0.0, "Total Cost": 2.4, "Plan Rows": 1, "Plan Width": 4, "Filter": "((info)::text = 'genres'::text)"}]}]}, {"Node Type": "Bitmap Heap Scan", "Parent Relationship": "Inner", "Relation Name": "movie_info_idx", "Alias": "mi_idx", "Startup Cost": 0.55, "Total Cost": 4.58, "Plan Rows": 1, "Plan Width": 13, "Recheck Cond": "(movie_id = mi.movie_id)", "Filter": "((info)::text > '8.0'::text)", "Plans": [{"Node Type": "Bitmap Index Scan", "Parent Relationship": "Outer", "Index Name": "movie_id_movie_info_idx", "Startup Cost": 0.0, "Total Cost": 0.55, "Plan Rows": 2, "Plan Width": 0, "Index Cond": "(movie_id = mi.movie_id)"}]}]}, {"Node Type": "Hash", "Parent Relationship": "Inner", "Startup Cost": 2.4, "Total Cost": 2.4, "Plan Rows": 1, "Plan Width": 4, "Plans": [{"Node Type": "Seq Scan", "Parent Relationship": "Outer", "Relation Name": "info_type", "Alias": "it2", "Startup Cost": 0.0, "Total Cost": 2.4, "Plan Rows": 1, "Plan Width": 4, "Filter": "((info)::text = 'rating'::text)"}]}]}, {"Node Type": "Bitmap Heap Scan", "Parent Relationship": "Inner", "Relation Name": "title", "Alias": "t", "Startup Cost": 0.8, "Total Cost": 4.82, "Plan Rows": 1, "Plan Width": 21, "Recheck Cond": "(id = mi.movie_id)", "Filter": "((production_year >= 2008) AND (production_year <= 2014))", "Plans": [{"Node Type": "Bitmap Index Scan", "Parent Relationship": "Outer", "Index Name": "title_pkey", "Startup Cost": 0.0, "Total Cost": 0.8, "Plan Rows": 1, "Plan Width": 0, "Index Cond": "(id = mi.movie_id)"}]}]}, {"Node Type": "Bitmap Heap Scan", "Parent Relationship": "Inner", "Relation Name": "cast_info", "Alias": "ci", "Startup Cost": 1.01, "Total Cost": 5.12, "Plan Rows": 1, "Plan Width": 8, "Recheck Cond": "(movie_id = t.id)", "Filter": "((note)::text = ANY ('{(writer),\"(head writer)\",\"(written by)\",(story),\"(story editor)\"}'::text[]))", "Plans": [{"Node Type": "Bitmap Index Scan", "Parent Relationship": "Outer", "Index Name": "movie_id_cast_info", "Startup Cost": 0.0, "Total Cost": 1.01, "Plan Rows": 6, "Plan Width": 0, "Index Cond": "(movie_id = t.id)"}]}]}, {"Node Type": "Bitmap Heap Scan", "Parent Relationship": "Inner", "Relation Name": "name", "Alias": "n", "Startup Cost": 0.31, "Total Cost": 4.32, "Plan Rows": 1, "Plan Width": 4, "Recheck Cond": "(id = ci.person_id)", "Filter": "((gender IS NOT NULL) AND ((gender)::text = 'f'::text))", "Plans": [{"Node Type": "Bitmap Index Scan", "Parent Relationship": "Outer", "Index Name": "name_pkey", "Startup Cost": 0.0, "Total Cost": 0.31, "Plan Rows": 1, "Plan Width": 0, "Index Cond": "(id = ci.person_id)"}]}]}]}, "Unique SQL Id": 661781350, "Planner Runtime": 62}, "explain_analyze_plan": {"Plan": {"Node Type": "Aggregate", "Strategy": "Plain", "Startup Cost": 78447.5, "Total Cost": 78447.51, "Plan Rows": 1, "Plan Width": 160, "Actual Min Startup Time": 746.842, "Actual Max Startup Time": 746.842, "Actual Min Total Time": 746.842, "Actual Max Total Time": 746.842, "Plans": [{"Node Type": "Nested Loop", "Parent Relationship": "Outer", "Join Type": "Inner", "Startup Cost": 7.49, "Total Cost": 78445.86, "Plan Rows": 219, "Plan Width": 64, "Actual Min Startup Time": 245.264, "Actual Max Startup Time": 245.264, "Actual Min Total Time": 746.758, "Actual Max Total Time": 746.758, "Inner Unique": true, "Plans": [{"Node Type": "Nested Loop", "Parent Relationship": "Outer", "Join Type": "Inner", "Startup Cost": 7.19, "Total Cost": 77054.74, "Plan Rows": 321, "Plan Width": 68, "Actual Min Startup Time": 199.92, "Actual Max Startup Time": 199.92, "Actual Min Total Time": 742.881, "Actual Max Total Time": 742.881, "Inner Unique": false, "Plans": [{"Node Type": "Nested Loop", "Parent Relationship": "Outer", "Join Type": "Inner", "Startup Cost": 6.18, "Total Cost": 75561.56, "Plan Rows": 291, "Plan Width": 76, "Actual Min Startup Time": 199.383, "Actual Max Startup Time": 199.383, "Actual Min Total Time": 699.404, "Actual Max Total Time": 699.404, "Inner Unique": true, "Plans": [{"Node Type": "Hash Join", "Parent Relationship": "Outer", "Join Type": "Inner", "Startup Cost": 5.37, "Total Cost": 74354.12, "Plan Rows": 250, "Plan Width": 55, "Actual Min Startup Time": 199.351, "Actual Max Startup Time": 199.351, "Actual Min Total Time": 691.072, "Actual Max Total Time": 691.072, "Inner Unique": true, "Hash Cond": "(mi_idx.info_type_id = it2.id)", "Plans": [{"Node Type": "Nested Loop", "Parent Relationship": "Outer", "Join Type": "Inner", "Startup Cost": 2.96, "Total Cost": 74346.7, "Plan Rows": 999, "Plan Width": 59, "Actual Min Startup Time": 187.036, "Actual Max Startup Time": 187.036, "Actual Min Total Time": 689.624, "Actual Max Total Time": 689.624, "Inner Unique": false, "Plans": [{"Node Type": "Hash Join", "Parent Relationship": "Outer", "Join Type": "Inner", "Startup Cost": 2.41, "Total Cost": 69890.54, "Plan Rows": 971, "Plan Width": 46, "Actual Min Startup Time": 186.871, "Actual Max Startup Time": 186.871, "Actual Min Total Time": 264.924, "Actual Max Total Time": 264.924, "Inner Unique": true, "Hash Cond": "(mi.info_type_id = it1.id)", "Plans": [{"Node Type": "Streaming(type: LOCAL GATHER dop: 1/64)", "Parent Relationship": "Outer", "Startup Cost": 0.0, "Total Cost": 69623.52, "Plan Rows": 67971, "Plan Width": 50, "Actual Min Startup Time": 186.751, "Actual Max Startup Time": 186.751, "Actual Min Total Time": 226.356, "Actual Max Total Time": 226.356, "Plans": [{"Node Type": "Seq Scan", "Parent Relationship": "Outer", "Relation Name": "movie_info", "Alias": "mi", "Startup Cost": 0.0, "Total Cost": 68221.29, "Plan Rows": 67971, "Plan Width": 50, "Actual Min Startup Time": 54.318, "Actual Max Startup Time": 147.025, "Actual Min Total Time": 92.763, "Actual Max Total Time": 156.266, "Filter": "((note IS NULL) AND ((info)::text = ANY ('{Horror,Thriller}'::text[])))", "Rows Removed by Filter": 14762672, "Actual Rows": 73047}], "Actual Rows": 73047}, {"Node Type": "Hash", "Parent Relationship": "Inner", "Startup Cost": 2.4, "Total Cost": 2.4, "Plan Rows": 1, "Plan Width": 4, "Actual Min Startup Time": 0.055, "Actual Max Startup Time": 0.055, "Actual Min Total Time": 0.055, "Actual Max Total Time": 0.055, "Max Hash Buckets": 32768, "Min Hash Buckets": 32768, "Max Hash Batches": 1, "Min Hash Batches": 1, "Max Original Hash Batches": 1, "Min Original Hash Batches": 1, "Max Peak Memory Usage": 1, "min Peak Memory Usage": 1, "Plans": [{"Node Type": "Seq Scan", "Parent Relationship": "Outer", "Relation Name": "info_type", "Alias": "it1", "Startup Cost": 0.0, "Total Cost": 2.4, "Plan Rows": 1, "Plan Width": 4, "Actual Min Startup Time": 0.03, "Actual Max Startup Time": 0.03, "Actual Min Total Time": 0.053, "Actual Max Total Time": 0.053, "Filter": "((info)::text = 'genres'::text)", "Rows Removed by Filter": 111, "Actual Rows": 1}], "Actual Rows": 1}], "Actual Rows": 72258}, {"Node Type": "Bitmap Heap Scan", "Parent Relationship": "Inner", "Relation Name": "movie_info_idx", "Alias": "mi_idx", "Startup Cost": 0.55, "Total Cost": 4.58, "Plan Rows": 1, "Plan Width": 13, "Actual Min Startup Time": 342.869, "Actual Max Startup Time": 342.869, "Actual Min Total Time": 344.598, "Actual Max Total Time": 344.598, "Recheck Cond": "(movie_id = mi.movie_id)", "Rows Removed by Index Recheck": 0, "Filter": "((info)::text > '8.0'::text)", "Rows Removed by Filter": 113143, "Exact Heap Blocks": 39507, "Lossy Heap Blocks": 39507, "Plans": [{"Node Type": "Bitmap Index Scan", "Parent Relationship": "Outer", "Index Name": "movie_id_movie_info_idx", "Startup Cost": 0.0, "Total Cost": 0.55, "Plan Rows": 2, "Plan Width": 0, "Actual Min Startup Time": 198.954, "Actual Max Startup Time": 198.954, "Actual Min Total Time": 198.954, "Actual Max Total Time": 198.954, "Index Cond": "(movie_id = mi.movie_id)", "Actual Rows": 117278}], "Actual Rows": 4135}], "Actual Rows": 4135}, {"Node Type": "Hash", "Parent Relationship": "Inner", "Startup Cost": 2.4, "Total Cost": 2.4, "Plan Rows": 1, "Plan Width": 4, "Actual Min Startup Time": 0.123, "Actual Max Startup Time": 0.123, "Actual Min Total Time": 0.123, "Actual Max Total Time": 0.123, "Max Hash Buckets": 32768, "Min Hash Buckets": 32768, "Max Hash Batches": 1, "Min Hash Batches": 1, "Max Original Hash Batches": 1, "Min Original Hash Batches": 1, "Max Peak Memory Usage": 1, "min Peak Memory Usage": 1, "Plans": [{"Node Type": "Seq Scan", "Parent Relationship": "Outer", "Relation Name": "info_type", "Alias": "it2", "Startup Cost": 0.0, "Total Cost": 2.4, "Plan Rows": 1, "Plan Width": 4, "Actual Min Startup Time": 0.097, "Actual Max Startup Time": 0.097, "Actual Min Total Time": 0.103, "Actual Max Total Time": 0.103, "Filter": "((info)::text = 'rating'::text)", "Rows Removed by Filter": 111, "Actual Rows": 1}], "Actual Rows": 1}], "Actual Rows": 732}, {"Node Type": "Bitmap Heap Scan", "Parent Relationship": "Inner", "Relation Name": "title", "Alias": "t", "Startup Cost": 0.8, "Total Cost": 4.82, "Plan Rows": 1, "Plan Width": 21, "Actual Min Startup Time": 7.115, "Actual Max Startup Time": 7.115, "Actual Min Total Time": 7.115, "Actual Max Total Time": 7.115, "Recheck Cond": "(id = mi.movie_id)", "Rows Removed by Index Recheck": 0, "Filter": "((production_year >= 2008) AND (production_year <= 2014))", "Rows Removed by Filter": 374, "Exact Heap Blocks": 732, "Lossy Heap Blocks": 732, "Plans": [{"Node Type": "Bitmap Index Scan", "Parent Relationship": "Outer", "Index Name": "title_pkey", "Startup Cost": 0.0, "Total Cost": 0.8, "Plan Rows": 1, "Plan Width": 0, "Actual Min Startup Time": 3.968, "Actual Max Startup Time": 3.968, "Actual Min Total Time": 3.968, "Actual Max Total Time": 3.968, "Index Cond": "(id = mi.movie_id)", "Actual Rows": 732}], "Actual Rows": 358}], "Actual Rows": 358}, {"Node Type": "Bitmap Heap Scan", "Parent Relationship": "Inner", "Relation Name": "cast_info", "Alias": "ci", "Startup Cost": 1.01, "Total Cost": 5.12, "Plan Rows": 1, "Plan Width": 8, "Actual Min Startup Time": 34.544, "Actual Max Startup Time": 34.544, "Actual Min Total Time": 42.512, "Actual Max Total Time": 42.512, "Recheck Cond": "(movie_id = t.id)", "Rows Removed by Index Recheck": 0, "Filter": "((note)::text = ANY ('{(writer),\"(head writer)\",\"(written by)\",(story),\"(story editor)\"}'::text[]))", "Rows Removed by Filter": 12296, "Exact Heap Blocks": 11454, "Lossy Heap Blocks": 11454, "Plans": [{"Node Type": "Bitmap Index Scan", "Parent Relationship": "Outer", "Index Name": "movie_id_cast_info", "Startup Cost": 0.0, "Total Cost": 1.01, "Plan Rows": 6, "Plan Width": 0, "Actual Min Startup Time": 5.931, "Actual Max Startup Time": 5.931, "Actual Min Total Time": 5.931, "Actual Max Total Time": 5.931, "Index Cond": "(movie_id = t.id)", "Actual Rows": 12564}], "Actual Rows": 268}], "Actual Rows": 268}, {"Node Type": "Bitmap Heap Scan", "Parent Relationship": "Inner", "Relation Name": "name", "Alias": "n", "Startup Cost": 0.31, "Total Cost": 4.32, "Plan Rows": 1, "Plan Width": 4, "Actual Min Startup Time": 3.337, "Actual Max Startup Time": 3.337, "Actual Min Total Time": 3.337, "Actual Max Total Time": 3.337, "Recheck Cond": "(id = ci.person_id)", "Rows Removed by Index Recheck": 0, "Filter": "((gender IS NOT NULL) AND ((gender)::text = 'f'::text))", "Rows Removed by Filter": 257, "Exact Heap Blocks": 268, "Lossy Heap Blocks": 268, "Plans": [{"Node Type": "Bitmap Index Scan", "Parent Relationship": "Outer", "Index Name": "name_pkey", "Startup Cost": 0.0, "Total Cost": 0.31, "Plan Rows": 1, "Plan Width": 0, "Actual Min Startup Time": 2.168, "Actual Max Startup Time": 2.168, "Actual Min Total Time": 2.168, "Actual Max Total Time": 2.168, "Index Cond": "(id = ci.person_id)", "Actual Rows": 268}], "Actual Rows": 11}], "Actual Rows": 11}], "Actual Rows": 1}, "Triggers": [], "Planner Runtime": 62.854, "Total Runtime": 758.993, "Unique SQL Id": 661781350}}, "(64, '71')": {"explain_plan": {"Plan": {"Node Type": "Aggregate", "Strategy": "Plain", "Startup Cost": 156974.22, "Total Cost": 156974.23, "Plan Rows": 1, "Plan Width": 160, "Plans": [{"Node Type": "Nested Loop", "Parent Relationship": "Outer", "Join Type": "Inner", "Startup Cost": 7444.95, "Total Cost": 156972.58, "Plan Rows": 219, "Plan Width": 64, "Inner Unique": true, "Plans": [{"Node Type": "Nested Loop", "Parent Relationship": "Outer", "Join Type": "Inner", "Startup Cost": 7444.64, "Total Cost": 155581.46, "Plan Rows": 321, "Plan Width": 68, "Inner Unique": false, "Plans": [{"Node Type": "Hash Join", "Parent Relationship": "Outer", "Join Type": "Inner", "Startup Cost": 7443.63, "Total Cost": 154088.28, "Plan Rows": 291, "Plan Width": 76, "Inner Unique": true, "Hash Cond": "(mi.info_type_id = it1.id)", "Plans": [{"Node Type": "Nested Loop", "Parent Relationship": "Outer", "Join Type": "Inner", "Startup Cost": 7429.41, "Total Cost": 154037.63, "Plan Rows": 13753, "Plan Width": 80, "Inner Unique": false, "Plans": [{"Node Type": "Nested Loop", "Parent Relationship": "Outer", "Join Type": "Inner", "Startup Cost": 7428.83, "Total Cost": 83898.37, "Plan Rows": 15041, "Plan Width": 30, "Inner Unique": true, "Plans": [{"Node Type": "Nested Loop", "Parent Relationship": "Outer", "Join Type": "Inner", "Startup Cost": 7427.85, "Total Cost": 19211.73, "Plan Rows": 12936, "Plan Width": 9, "Inner Unique": false, "Plans": [{"Node Type": "Bitmap Heap Scan", "Parent Relationship": "Outer", "Relation Name": "info_type", "Alias": "it2", "Startup Cost": 8.81, "Total Cost": 14.21, "Plan Rows": 1, "Plan Width": 4, "Filter": "((info)::text = 'rating'::text)", "Plans": [{"Node Type": "Bitmap Index Scan", "Parent Relationship": "Outer", "Index Name": "info_type_pkey", "Startup Cost": 0.0, "Total Cost": 8.81, "Plan Rows": 112, "Plan Width": 0}]}, {"Node Type": "Bitmap Heap Scan", "Parent Relationship": "Inner", "Relation Name": "movie_info_idx", "Alias": "mi_idx", "Startup Cost": 7419.04, "Total Cost": 19068.16, "Plan Rows": 12936, "Plan Width": 13, "Recheck Cond": "(info_type_id = it2.id)", "Filter": "((info)::text > '8.0'::text)", "Plans": [{"Node Type": "Bitmap Index Scan", "Parent Relationship": "Outer", "Index Name": "info_type_id_movie_info_idx", "Startup Cost": 0.0, "Total Cost": 7415.81, "Plan Rows": 345008, "Plan Width": 0, "Index Cond": "(info_type_id = it2.id)"}]}]}, {"Node Type": "Bitmap Heap Scan", "Parent Relationship": "Inner", "Relation Name": "title", "Alias": "t", "Startup Cost": 0.97, "Total Cost": 4.99, "Plan Rows": 1, "Plan Width": 21, "Recheck Cond": "(id = mi_idx.movie_id)", "Filter": "((production_year >= 2008) AND (production_year <= 2014))", "Plans": [{"Node Type": "Bitmap Index Scan", "Parent Relationship": "Outer", "Index Name": "title_pkey", "Startup Cost": 0.0, "Total Cost": 0.97, "Plan Rows": 1, "Plan Width": 0, "Index Cond": "(id = mi_idx.movie_id)"}]}]}, {"Node Type": "Bitmap Heap Scan", "Parent Relationship": "Inner", "Relation Name": "movie_info", "Alias": "mi", "Startup Cost": 0.58, "Total Cost": 4.65, "Plan Rows": 1, "Plan Width": 50, "Recheck Cond": "(movie_id = t.id)", "Filter": "((note IS NULL) AND ((info)::text = ANY ('{Horror,Thriller}'::text[])))", "Plans": [{"Node Type": "Bitmap Index Scan", "Parent Relationship": "Outer", "Index Name": "movie_id_movie_info", "Startup Cost": 0.0, "Total Cost": 0.58, "Plan Rows": 5, "Plan Width": 0, "Index Cond": "(movie_id = t.id)"}]}]}, {"Node Type": "Hash", "Parent Relationship": "Inner", "Startup Cost": 14.21, "Total Cost": 14.21, "Plan Rows": 1, "Plan Width": 4, "Plans": [{"Node Type": "Bitmap Heap Scan", "Parent Relationship": "Outer", "Relation Name": "info_type", "Alias": "it1", "Startup Cost": 8.81, "Total Cost": 14.21, "Plan Rows": 1, "Plan Width": 4, "Filter": "((info)::text = 'genres'::text)", "Plans": [{"Node Type": "Bitmap Index Scan", "Parent Relationship": "Outer", "Index Name": "info_type_pkey", "Startup Cost": 0.0, "Total Cost": 8.81, "Plan Rows": 112, "Plan Width": 0}]}]}]}, {"Node Type": "Bitmap Heap Scan", "Parent Relationship": "Inner", "Relation Name": "cast_info", "Alias": "ci", "Startup Cost": 1.01, "Total Cost": 5.12, "Plan Rows": 1, "Plan Width": 8, "Recheck Cond": "(movie_id = t.id)", "Filter": "((note)::text = ANY ('{(writer),\"(head writer)\",\"(written by)\",(story),\"(story editor)\"}'::text[]))", "Plans": [{"Node Type": "Bitmap Index Scan", "Parent Relationship": "Outer", "Index Name": "movie_id_cast_info", "Startup Cost": 0.0, "Total Cost": 1.01, "Plan Rows": 6, "Plan Width": 0, "Index Cond": "(movie_id = t.id)"}]}]}, {"Node Type": "Bitmap Heap Scan", "Parent Relationship": "Inner", "Relation Name": "name", "Alias": "n", "Startup Cost": 0.31, "Total Cost": 4.32, "Plan Rows": 1, "Plan Width": 4, "Recheck Cond": "(id = ci.person_id)", "Filter": "((gender IS NOT NULL) AND ((gender)::text = 'f'::text))", "Plans": [{"Node Type": "Bitmap Index Scan", "Parent Relationship": "Outer", "Index Name": "name_pkey", "Startup Cost": 0.0, "Total Cost": 0.31, "Plan Rows": 1, "Plan Width": 0, "Index Cond": "(id = ci.person_id)"}]}]}]}, "Unique SQL Id": 661781350, "Planner Runtime": 23}, "explain_analyze_plan": {"Plan": {"Node Type": "Aggregate", "Strategy": "Plain", "Startup Cost": 156974.22, "Total Cost": 156974.23, "Plan Rows": 1, "Plan Width": 160, "Actual Startup Time": 696.143, "Actual Total Time": 696.143, "Actual Rows": 1, "Actual Loops": 1, "Plans": [{"Node Type": "Nested Loop", "Parent Relationship": "Outer", "Join Type": "Inner", "Startup Cost": 7444.95, "Total Cost": 156972.58, "Plan Rows": 219, "Plan Width": 64, "Actual Startup Time": 407.909, "Actual Total Time": 696.076, "Actual Rows": 11, "Actual Loops": 1, "Inner Unique": true, "Plans": [{"Node Type": "Nested Loop", "Parent Relationship": "Outer", "Join Type": "Inner", "Startup Cost": 7444.64, "Total Cost": 155581.46, "Plan Rows": 321, "Plan Width": 68, "Actual Startup Time": 148.706, "Actual Total Time": 692.927, "Actual Rows": 268, "Actual Loops": 1, "Inner Unique": false, "Plans": [{"Node Type": "Hash Join", "Parent Relationship": "Outer", "Join Type": "Inner", "Startup Cost": 7443.63, "Total Cost": 154088.28, "Plan Rows": 291, "Plan Width": 76, "Actual Startup Time": 64.833, "Actual Total Time": 654.405, "Actual Rows": 358, "Actual Loops": 1, "Inner Unique": true, "Hash Cond": "(mi.info_type_id = it1.id)", "Plans": [{"Node Type": "Nested Loop", "Parent Relationship": "Outer", "Join Type": "Inner", "Startup Cost": 7429.41, "Total Cost": 154037.63, "Plan Rows": 13753, "Plan Width": 80, "Actual Startup Time": 64.689, "Actual Total Time": 653.779, "Actual Rows": 358, "Actual Loops": 1, "Inner Unique": false, "Plans": [{"Node Type": "Nested Loop", "Parent Relationship": "Outer", "Join Type": "Inner", "Startup Cost": 7428.83, "Total Cost": 83898.37, "Plan Rows": 15041, "Plan Width": 30, "Actual Startup Time": 55.538, "Actual Total Time": 456.854, "Actual Rows": 6152, "Actual Loops": 1, "Inner Unique": true, "Plans": [{"Node Type": "Nested Loop", "Parent Relationship": "Outer", "Join Type": "Inner", "Startup Cost": 7427.85, "Total Cost": 19211.73, "Plan Rows": 12936, "Plan Width": 9, "Actual Startup Time": 53.529, "Actual Total Time": 335.411, "Actual Rows": 15849, "Actual Loops": 1, "Inner Unique": false, "Plans": [{"Node Type": "Bitmap Heap Scan", "Parent Relationship": "Outer", "Relation Name": "info_type", "Alias": "it2", "Startup Cost": 8.81, "Total Cost": 14.21, "Plan Rows": 1, "Plan Width": 4, "Actual Startup Time": 0.066, "Actual Total Time": 0.073, "Actual Rows": 1, "Actual Loops": 1, "Filter": "((info)::text = 'rating'::text)", "Rows Removed by Filter": 111, "Exact Heap Blocks": 1, "Lossy Heap Blocks": 1, "Plans": [{"Node Type": "Bitmap Index Scan", "Parent Relationship": "Outer", "Index Name": "info_type_pkey", "Startup Cost": 0.0, "Total Cost": 8.81, "Plan Rows": 112, "Plan Width": 0, "Actual Startup Time": 0.008, "Actual Total Time": 0.008, "Actual Rows": 112, "Actual Loops": 1}]}, {"Node Type": "Bitmap Heap Scan", "Parent Relationship": "Inner", "Relation Name": "movie_info_idx", "Alias": "mi_idx", "Startup Cost": 7419.04, "Total Cost": 19068.16, "Plan Rows": 12936, "Plan Width": 13, "Actual Startup Time": 53.456, "Actual Total Time": 331.51, "Actual Rows": 15849, "Actual Loops": 1, "Recheck Cond": "(info_type_id = it2.id)", "Rows Removed by Index Recheck": 0, "Filter": "((info)::text > '8.0'::text)", "Rows Removed by Filter": 444076, "Exact Heap Blocks": 6472, "Lossy Heap Blocks": 6472, "Plans": [{"Node Type": "Bitmap Index Scan", "Parent Relationship": "Outer", "Index Name": "info_type_id_movie_info_idx", "Startup Cost": 0.0, "Total Cost": 7415.81, "Plan Rows": 345008, "Plan Width": 0, "Actual Startup Time": 52.256, "Actual Total Time": 52.256, "Actual Rows": 459925, "Actual Loops": 1, "Index Cond": "(info_type_id = it2.id)"}]}]}, {"Node Type": "Bitmap Heap Scan", "Parent Relationship": "Inner", "Relation Name": "title", "Alias": "t", "Startup Cost": 0.97, "Total Cost": 4.99, "Plan Rows": 1, "Plan Width": 21, "Actual Startup Time": 100.604, "Actual Total Time": 100.604, "Actual Rows": 6152, "Actual Loops": 15849, "Recheck Cond": "(id = mi_idx.movie_id)", "Rows Removed by Index Recheck": 0, "Filter": "((production_year >= 2008) AND (production_year <= 2014))", "Rows Removed by Filter": 9697, "Exact Heap Blocks": 15849, "Lossy Heap Blocks": 15849, "Plans": [{"Node Type": "Bitmap Index Scan", "Parent Relationship": "Outer", "Index Name": "title_pkey", "Startup Cost": 0.0, "Total Cost": 0.97, "Plan Rows": 1, "Plan Width": 0, "Actual Startup Time": 49.093, "Actual Total Time": 49.093, "Actual Rows": 15849, "Actual Loops": 15849, "Index Cond": "(id = mi_idx.movie_id)"}]}]}, {"Node Type": "Bitmap Heap Scan", "Parent Relationship": "Inner", "Relation Name": "movie_info", "Alias": "mi", "Startup Cost": 0.58, "Total Cost": 4.65, "Plan Rows": 1, "Plan Width": 50, "Actual Startup Time": 188.401, "Actual Total Time": 188.571, "Actual Rows": 358, "Actual Loops": 6152, "Recheck Cond": "(movie_id = t.id)", "Rows Removed by Index Recheck": 0, "Filter": "((note IS NULL) AND ((info)::text = ANY ('{Horror,Thriller}'::text[])))", "Rows Removed by Filter": 109599, "Exact Heap Blocks": 52726, "Lossy Heap Blocks": 52726, "Plans": [{"Node Type": "Bitmap Index Scan", "Parent Relationship": "Outer", "Index Name": "movie_id_movie_info", "Startup Cost": 0.0, "Total Cost": 0.58, "Plan Rows": 5, "Plan Width": 0, "Actual Startup Time": 42.676, "Actual Total Time": 42.676, "Actual Rows": 109957, "Actual Loops": 6152, "Index Cond": "(movie_id = t.id)"}]}]}, {"Node Type": "Hash", "Parent Relationship": "Inner", "Startup Cost": 14.21, "Total Cost": 14.21, "Plan Rows": 1, "Plan Width": 4, "Actual Startup Time": 0.092, "Actual Total Time": 0.092, "Actual Rows": 1, "Actual Loops": 1, "Hash Buckets": 32768, "Hash Batches": 1, "Original Hash Batches": 1, "Peak Memory Usage": 1, "Plans": [{"Node Type": "Bitmap Heap Scan", "Parent Relationship": "Outer", "Relation Name": "info_type", "Alias": "it1", "Startup Cost": 8.81, "Total Cost": 14.21, "Plan Rows": 1, "Plan Width": 4, "Actual Startup Time": 0.063, "Actual Total Time": 0.086, "Actual Rows": 1, "Actual Loops": 1, "Filter": "((info)::text = 'genres'::text)", "Rows Removed by Filter": 111, "Exact Heap Blocks": 1, "Lossy Heap Blocks": 1, "Plans": [{"Node Type": "Bitmap Index Scan", "Parent Relationship": "Outer", "Index Name": "info_type_pkey", "Startup Cost": 0.0, "Total Cost": 8.81, "Plan Rows": 112, "Plan Width": 0, "Actual Startup Time": 0.016, "Actual Total Time": 0.016, "Actual Rows": 112, "Actual Loops": 1}]}]}]}, {"Node Type": "Bitmap Heap Scan", "Parent Relationship": "Inner", "Relation Name": "cast_info", "Alias": "ci", "Startup Cost": 1.01, "Total Cost": 5.12, "Plan Rows": 1, "Plan Width": 8, "Actual Startup Time": 30.476, "Actual Total Time": 37.452, "Actual Rows": 268, "Actual Loops": 358, "Recheck Cond": "(movie_id = t.id)", "Rows Removed by Index Recheck": 0, "Filter": "((note)::text = ANY ('{(writer),\"(head writer)\",\"(written by)\",(story),\"(story editor)\"}'::text[]))", "Rows Removed by Filter": 12296, "Exact Heap Blocks": 11454, "Lossy Heap Blocks": 11454, "Plans": [{"Node Type": "Bitmap Index Scan", "Parent Relationship": "Outer", "Index Name": "movie_id_cast_info", "Startup Cost": 0.0, "Total Cost": 1.01, "Plan Rows": 6, "Plan Width": 0, "Actual Startup Time": 5.462, "Actual Total Time": 5.462, "Actual Rows": 12564, "Actual Loops": 358, "Index Cond": "(movie_id = t.id)"}]}]}, {"Node Type": "Bitmap Heap Scan", "Parent Relationship": "Inner", "Relation Name": "name", "Alias": "n", "Startup Cost": 0.31, "Total Cost": 4.32, "Plan Rows": 1, "Plan Width": 4, "Actual Startup Time": 2.648, "Actual Total Time": 2.648, "Actual Rows": 11, "Actual Loops": 268, "Recheck Cond": "(id = ci.person_id)", "Rows Removed by Index Recheck": 0, "Filter": "((gender IS NOT NULL) AND ((gender)::text = 'f'::text))", "Rows Removed by Filter": 257, "Exact Heap Blocks": 268, "Lossy Heap Blocks": 268, "Plans": [{"Node Type": "Bitmap Index Scan", "Parent Relationship": "Outer", "Index Name": "name_pkey", "Startup Cost": 0.0, "Total Cost": 0.31, "Plan Rows": 1, "Plan Width": 0, "Actual Startup Time": 1.677, "Actual Total Time": 1.677, "Actual Rows": 268, "Actual Loops": 268, "Index Cond": "(id = ci.person_id)"}]}]}]}, "Triggers": [], "Planner Runtime": 23.244, "Total Runtime": 696.502, "Unique SQL Id": 661781350}}, "(64, '72')": {"explain_plan": {"Plan": {"Node Type": "Aggregate", "Strategy": "Plain", "Startup Cost": 72675.72, "Total Cost": 72675.73, "Plan Rows": 1, "Plan Width": 160, "Plans": [{"Node Type": "Nested Loop", "Parent Relationship": "Outer", "Join Type": "Inner", "Startup Cost": 2.41, "Total Cost": 72674.08, "Plan Rows": 219, "Plan Width": 64, "Inner Unique": true, "Plans": [{"Node Type": "Nested Loop", "Parent Relationship": "Outer", "Join Type": "Inner", "Startup Cost": 2.41, "Total Cost": 72513.09, "Plan Rows": 321, "Plan Width": 68, "Inner Unique": false, "Plans": [{"Node Type": "Nested Loop", "Parent Relationship": "Outer", "Join Type": "Inner", "Startup Cost": 2.41, "Total Cost": 71828.06, "Plan Rows": 291, "Plan Width": 76, "Inner Unique": true, "Plans": [{"Node Type": "Nested Loop", "Parent Relationship": "Outer", "Join Type": "Inner", "Startup Cost": 2.41, "Total Cost": 71114.85, "Plan Rows": 250, "Plan Width": 55, "Inner Unique": true, "Plans": [{"Node Type": "Nested Loop", "Parent Relationship": "Outer", "Join Type": "Inner", "Startup Cost": 2.41, "Total Cost": 70832.4, "Plan Rows": 999, "Plan Width": 59, "Inner Unique": false, "Plans": [{"Node Type": "Hash Join", "Parent Relationship": "Outer", "Join Type": "Inner", "Startup Cost": 2.41, "Total Cost": 69890.54, "Plan Rows": 971, "Plan Width": 46, "Inner Unique": true, "Hash Cond": "(mi.info_type_id = it1.id)", "Plans": [{"Node Type": "Streaming(type: LOCAL GATHER dop: 1/64)", "Parent Relationship": "Outer", "Startup Cost": 0.0, "Total Cost": 69623.52, "Plan Rows": 67971, "Plan Width": 50, "Plans": [{"Node Type": "Seq Scan", "Parent Relationship": "Outer", "Relation Name": "movie_info", "Alias": "mi", "Startup Cost": 0.0, "Total Cost": 68221.29, "Plan Rows": 67971, "Plan Width": 50, "Filter": "((note IS NULL) AND ((info)::text = ANY ('{Horror,Thriller}'::text[])))"}]}, {"Node Type": "Hash", "Parent Relationship": "Inner", "Startup Cost": 2.4, "Total Cost": 2.4, "Plan Rows": 1, "Plan Width": 4, "Plans": [{"Node Type": "Seq Scan", "Parent Relationship": "Outer", "Relation Name": "info_type", "Alias": "it1", "Startup Cost": 0.0, "Total Cost": 2.4, "Plan Rows": 1, "Plan Width": 4, "Filter": "((info)::text = 'genres'::text)"}]}]}, {"Node Type": "Index Scan", "Parent Relationship": "Inner", "Scan Direction": "Forward", "Index Name": "movie_id_movie_info_idx", "Relation Name": "movie_info_idx", "Alias": "mi_idx", "Startup Cost": 0.0, "Total Cost": 0.96, "Plan Rows": 1, "Plan Width": 13, "Index Cond": "(movie_id = mi.movie_id)", "Filter": "((info)::text > '8.0'::text)"}]}, {"Node Type": "Index Scan", "Parent Relationship": "Inner", "Scan Direction": "Forward", "Index Name": "info_type_pkey", "Relation Name": "info_type", "Alias": "it2", "Startup Cost": 0.0, "Total Cost": 0.27, "Plan Rows": 1, "Plan Width": 4, "Index Cond": "(id = mi_idx.info_type_id)", "Filter": "((info)::text = 'rating'::text)"}]}, {"Node Type": "Index Scan", "Parent Relationship": "Inner", "Scan Direction": "Forward", "Index Name": "title_pkey", "Relation Name": "title", "Alias": "t", "Startup Cost": 0.0, "Total Cost": 2.84, "Plan Rows": 1, "Plan Width": 21, "Index Cond": "(id = mi.movie_id)", "Filter": "((production_year >= 2008) AND (production_year <= 2014))"}]}, {"Node Type": "Index Scan", "Parent Relationship": "Inner", "Scan Direction": "Forward", "Index Name": "movie_id_cast_info", "Relation Name": "cast_info", "Alias": "ci", "Startup Cost": 0.0, "Total Cost": 2.34, "Plan Rows": 1, "Plan Width": 8, "Index Cond": "(movie_id = t.id)", "Filter": "((note)::text = ANY ('{(writer),\"(head writer)\",\"(written by)\",(story),\"(story editor)\"}'::text[]))"}]}, {"Node Type": "Index Scan", "Parent Relationship": "Inner", "Scan Direction": "Forward", "Index Name": "name_pkey", "Relation Name": "name", "Alias": "n", "Startup Cost": 0.0, "Total Cost": 0.49, "Plan Rows": 1, "Plan Width": 4, "Index Cond": "(id = ci.person_id)", "Filter": "((gender IS NOT NULL) AND ((gender)::text = 'f'::text))"}]}]}, "Unique SQL Id": 661781350, "Planner Runtime": 47}, "explain_analyze_plan": {"Plan": {"Node Type": "Aggregate", "Strategy": "Plain", "Startup Cost": 72675.72, "Total Cost": 72675.73, "Plan Rows": 1, "Plan Width": 160, "Actual Min Startup Time": 645.932, "Actual Max Startup Time": 645.932, "Actual Min Total Time": 645.932, "Actual Max Total Time": 645.932, "Plans": [{"Node Type": "Nested Loop", "Parent Relationship": "Outer", "Join Type": "Inner", "Startup Cost": 2.41, "Total Cost": 72674.08, "Plan Rows": 219, "Plan Width": 64, "Actual Min Startup Time": 255.878, "Actual Max Startup Time": 255.878, "Actual Min Total Time": 645.862, "Actual Max Total Time": 645.862, "Inner Unique": true, "Plans": [{"Node Type": "Nested Loop", "Parent Relationship": "Outer", "Join Type": "Inner", "Startup Cost": 2.41, "Total Cost": 72513.09, "Plan Rows": 321, "Plan Width": 68, "Actual Min Startup Time": 199.897, "Actual Max Startup Time": 199.897, "Actual Min Total Time": 642.891, "Actual Max Total Time": 642.891, "Inner Unique": false, "Plans": [{"Node Type": "Nested Loop", "Parent Relationship": "Outer", "Join Type": "Inner", "Startup Cost": 2.41, "Total Cost": 71828.06, "Plan Rows": 291, "Plan Width": 76, "Actual Min Startup Time": 194.383, "Actual Max Startup Time": 194.383, "Actual Min Total Time": 607.368, "Actual Max Total Time": 607.368, "Inner Unique": true, "Plans": [{"Node Type": "Nested Loop", "Parent Relationship": "Outer", "Join Type": "Inner", "Startup Cost": 2.41, "Total Cost": 71114.85, "Plan Rows": 250, "Plan Width": 55, "Actual Min Startup Time": 191.528, "Actual Max Startup Time": 191.528, "Actual Min Total Time": 600.85, "Actual Max Total Time": 600.85, "Inner Unique": true, "Plans": [{"Node Type": "Nested Loop", "Parent Relationship": "Outer", "Join Type": "Inner", "Startup Cost": 2.41, "Total Cost": 70832.4, "Plan Rows": 999, "Plan Width": 59, "Actual Min Startup Time": 179.181, "Actual Max Startup Time": 179.181, "Actual Min Total Time": 590.043, "Actual Max Total Time": 590.043, "Inner Unique": false, "Plans": [{"Node Type": "Hash Join", "Parent Relationship": "Outer", "Join Type": "Inner", "Startup Cost": 2.41, "Total Cost": 69890.54, "Plan Rows": 971, "Plan Width": 46, "Actual Min Startup Time": 178.979, "Actual Max Startup Time": 178.979, "Actual Min Total Time": 260.807, "Actual Max Total Time": 260.807, "Inner Unique": true, "Hash Cond": "(mi.info_type_id = it1.id)", "Plans": [{"Node Type": "Streaming(type: LOCAL GATHER dop: 1/64)", "Parent Relationship": "Outer", "Startup Cost": 0.0, "Total Cost": 69623.52, "Plan Rows": 67971, "Plan Width": 50, "Actual Min Startup Time": 178.749, "Actual Max Startup Time": 178.749, "Actual Min Total Time": 223.333, "Actual Max Total Time": 223.333, "Plans": [{"Node Type": "Seq Scan", "Parent Relationship": "Outer", "Relation Name": "movie_info", "Alias": "mi", "Startup Cost": 0.0, "Total Cost": 68221.29, "Plan Rows": 67971, "Plan Width": 50, "Actual Min Startup Time": 54.175, "Actual Max Startup Time": 129.557, "Actual Min Total Time": 94.781, "Actual Max Total Time": 138.586, "Filter": "((note IS NULL) AND ((info)::text = ANY ('{Horror,Thriller}'::text[])))", "Rows Removed by Filter": 14762672, "Actual Rows": 73047}], "Actual Rows": 73047}, {"Node Type": "Hash", "Parent Relationship": "Inner", "Startup Cost": 2.4, "Total Cost": 2.4, "Plan Rows": 1, "Plan Width": 4, "Actual Min Startup Time": 0.129, "Actual Max Startup Time": 0.129, "Actual Min Total Time": 0.129, "Actual Max Total Time": 0.129, "Max Hash Buckets": 32768, "Min Hash Buckets": 32768, "Max Hash Batches": 1, "Min Hash Batches": 1, "Max Original Hash Batches": 1, "Min Original Hash Batches": 1, "Max Peak Memory Usage": 1, "min Peak Memory Usage": 1, "Plans": [{"Node Type": "Seq Scan", "Parent Relationship": "Outer", "Relation Name": "info_type", "Alias": "it1", "Startup Cost": 0.0, "Total Cost": 2.4, "Plan Rows": 1, "Plan Width": 4, "Actual Min Startup Time": 0.086, "Actual Max Startup Time": 0.086, "Actual Min Total Time": 0.111, "Actual Max Total Time": 0.111, "Filter": "((info)::text = 'genres'::text)", "Rows Removed by Filter": 111, "Actual Rows": 1}], "Actual Rows": 1}], "Actual Rows": 72258}, {"Node Type": "Index Scan", "Parent Relationship": "Inner", "Scan Direction": "Forward", "Index Name": "movie_id_movie_info_idx", "Relation Name": "movie_info_idx", "Alias": "mi_idx", "Startup Cost": 0.0, "Total Cost": 0.96, "Plan Rows": 1, "Plan Width": 13, "Actual Min Startup Time": 282.41, "Actual Max Startup Time": 282.41, "Actual Min Total Time": 286.056, "Actual Max Total Time": 286.056, "Index Cond": "(movie_id = mi.movie_id)", "Rows Removed by Index Recheck": 0, "Filter": "((info)::text > '8.0'::text)", "Rows Removed by Filter": 113143, "Actual Rows": 4135}], "Actual Rows": 4135}, {"Node Type": "Index Scan", "Parent Relationship": "Inner", "Scan Direction": "Forward", "Index Name": "info_type_pkey", "Relation Name": "info_type", "Alias": "it2", "Startup Cost": 0.0, "Total Cost": 0.27, "Plan Rows": 1, "Plan Width": 4, "Actual Min Startup Time": 8.443, "Actual Max Startup Time": 8.443, "Actual Min Total Time": 8.443, "Actual Max Total Time": 8.443, "Index Cond": "(id = mi_idx.info_type_id)", "Rows Removed by Index Recheck": 0, "Filter": "((info)::text = 'rating'::text)", "Rows Removed by Filter": 3403, "Actual Rows": 732}], "Actual Rows": 732}, {"Node Type": "Index Scan", "Parent Relationship": "Inner", "Scan Direction": "Forward", "Index Name": "title_pkey", "Relation Name": "title", "Alias": "t", "Startup Cost": 0.0, "Total Cost": 2.84, "Plan Rows": 1, "Plan Width": 21, "Actual Min Startup Time": 5.882, "Actual Max Startup Time": 5.882, "Actual Min Total Time": 5.882, "Actual Max Total Time": 5.882, "Index Cond": "(id = mi.movie_id)", "Rows Removed by Index Recheck": 0, "Filter": "((production_year >= 2008) AND (production_year <= 2014))", "Rows Removed by Filter": 374, "Actual Rows": 358}], "Actual Rows": 358}, {"Node Type": "Index Scan", "Parent Relationship": "Inner", "Scan Direction": "Forward", "Index Name": "movie_id_cast_info", "Relation Name": "cast_info", "Alias": "ci", "Startup Cost": 0.0, "Total Cost": 2.34, "Plan Rows": 1, "Plan Width": 8, "Actual Min Startup Time": 27.751, "Actual Max Startup Time": 27.751, "Actual Min Total Time": 35.19, "Actual Max Total Time": 35.19, "Index Cond": "(movie_id = t.id)", "Rows Removed by Index Recheck": 0, "Filter": "((note)::text = ANY ('{(writer),\"(head writer)\",\"(written by)\",(story),\"(story editor)\"}'::text[]))", "Rows Removed by Filter": 12296, "Actual Rows": 268}], "Actual Rows": 268}, {"Node Type": "Index Scan", "Parent Relationship": "Inner", "Scan Direction": "Forward", "Index Name": "name_pkey", "Relation Name": "name", "Alias": "n", "Startup Cost": 0.0, "Total Cost": 0.49, "Plan Rows": 1, "Plan Width": 4, "Actual Min Startup Time": 2.738, "Actual Max Startup Time": 2.738, "Actual Min Total Time": 2.738, "Actual Max Total Time": 2.738, "Index Cond": "(id = ci.person_id)", "Rows Removed by Index Recheck": 0, "Filter": "((gender IS NOT NULL) AND ((gender)::text = 'f'::text))", "Rows Removed by Filter": 257, "Actual Rows": 11}], "Actual Rows": 11}], "Actual Rows": 1}, "Triggers": [], "Planner Runtime": 48.511, "Total Runtime": 658.668, "Unique SQL Id": 661781350}}, "(64, '73')": {"explain_plan": {"Plan": {"Node Type": "Aggregate", "Strategy": "Plain", "Startup Cost": 100763.69, "Total Cost": 100763.7, "Plan Rows": 1, "Plan Width": 160, "Plans": [{"Node Type": "Nested Loop", "Parent Relationship": "Outer", "Join Type": "Inner", "Startup Cost": 14.22, "Total Cost": 100762.05, "Plan Rows": 219, "Plan Width": 64, "Inner Unique": true, "Plans": [{"Node Type": "Nested Loop", "Parent Relationship": "Outer", "Join Type": "Inner", "Startup Cost": 14.22, "Total Cost": 100601.06, "Plan Rows": 321, "Plan Width": 68, "Inner Unique": false, "Plans": [{"Node Type": "Hash Join", "Parent Relationship": "Outer", "Join Type": "Inner", "Startup Cost": 14.22, "Total Cost": 99916.04, "Plan Rows": 291, "Plan Width": 76, "Inner Unique": true, "Hash Cond": "(mi.info_type_id = it1.id)", "Plans": [{"Node Type": "Nested Loop", "Parent Relationship": "Outer", "Join Type": "Inner", "Startup Cost": 0.0, "Total Cost": 99865.39, "Plan Rows": 13753, "Plan Width": 80, "Inner Unique": false, "Plans": [{"Node Type": "Nested Loop", "Parent Relationship": "Outer", "Join Type": "Inner", "Startup Cost": 0.0, "Total Cost": 78493.26, "Plan Rows": 15041, "Plan Width": 30, "Inner Unique": true, "Plans": [{"Node Type": "Nested Loop", "Parent Relationship": "Outer", "Join Type": "Inner", "Startup Cost": 0.0, "Total Cost": 35880.0, "Plan Rows": 12936, "Plan Width": 9, "Inner Unique": false, "Plans": [{"Node Type": "Index Scan", "Parent Relationship": "Outer", "Scan Direction": "Forward", "Index Name": "info_type_pkey", "Relation Name": "info_type", "Alias": "it2", "Startup Cost": 0.0, "Total Cost": 14.21, "Plan Rows": 1, "Plan Width": 4, "Filter": "((info)::text = 'rating'::text)"}, {"Node Type": "Index Scan", "Parent Relationship": "Inner", "Scan Direction": "Forward", "Index Name": "info_type_id_movie_info_idx", "Relation Name": "movie_info_idx", "Alias": "mi_idx", "Startup Cost": 0.0, "Total Cost": 35736.43, "Plan Rows": 12936, "Plan Width": 13, "Index Cond": "(info_type_id = it2.id)", "Filter": "((info)::text > '8.0'::text)"}]}, {"Node Type": "Index Scan", "Parent Relationship": "Inner", "Scan Direction": "Forward", "Index Name": "title_pkey", "Relation Name": "title", "Alias": "t", "Startup Cost": 0.0, "Total Cost": 3.28, "Plan Rows": 1, "Plan Width": 21, "Index Cond": "(id = mi_idx.movie_id)", "Filter": "((production_year >= 2008) AND (production_year <= 2014))"}]}, {"Node Type": "Index Scan", "Parent Relationship": "Inner", "Scan Direction": "Forward", "Index Name": "movie_id_movie_info", "Relation Name": "movie_info", "Alias": "mi", "Startup Cost": 0.0, "Total Cost": 1.41, "Plan Rows": 1, "Plan Width": 50, "Index Cond": "(movie_id = t.id)", "Filter": "((note IS NULL) AND ((info)::text = ANY ('{Horror,Thriller}'::text[])))"}]}, {"Node Type": "Hash", "Parent Relationship": "Inner", "Startup Cost": 14.21, "Total Cost": 14.21, "Plan Rows": 1, "Plan Width": 4, "Plans": [{"Node Type": "Index Scan", "Parent Relationship": "Outer", "Scan Direction": "Forward", "Index Name": "info_type_pkey", "Relation Name": "info_type", "Alias": "it1", "Startup Cost": 0.0, "Total Cost": 14.21, "Plan Rows": 1, "Plan Width": 4, "Filter": "((info)::text = 'genres'::text)"}]}]}, {"Node Type": "Index Scan", "Parent Relationship": "Inner", "Scan Direction": "Forward", "Index Name": "movie_id_cast_info", "Relation Name": "cast_info", "Alias": "ci", "Startup Cost": 0.0, "Total Cost": 2.34, "Plan Rows": 1, "Plan Width": 8, "Index Cond": "(movie_id = t.id)", "Filter": "((note)::text = ANY ('{(writer),\"(head writer)\",\"(written by)\",(story),\"(story editor)\"}'::text[]))"}]}, {"Node Type": "Index Scan", "Parent Relationship": "Inner", "Scan Direction": "Forward", "Index Name": "name_pkey", "Relation Name": "name", "Alias": "n", "Startup Cost": 0.0, "Total Cost": 0.49, "Plan Rows": 1, "Plan Width": 4, "Index Cond": "(id = ci.person_id)", "Filter": "((gender IS NOT NULL) AND ((gender)::text = 'f'::text))"}]}]}, "Unique SQL Id": 661781350, "Planner Runtime": 20}, "explain_analyze_plan": {"Plan": {"Node Type": "Aggregate", "Strategy": "Plain", "Startup Cost": 100763.69, "Total Cost": 100763.7, "Plan Rows": 1, "Plan Width": 160, "Actual Startup Time": 604.468, "Actual Total Time": 604.468, "Actual Rows": 1, "Actual Loops": 1, "Plans": [{"Node Type": "Nested Loop", "Parent Relationship": "Outer", "Join Type": "Inner", "Startup Cost": 14.22, "Total Cost": 100762.05, "Plan Rows": 219, "Plan Width": 64, "Actual Startup Time": 303.382, "Actual Total Time": 604.4, "Actual Rows": 11, "Actual Loops": 1, "Inner Unique": true, "Plans": [{"Node Type": "Nested Loop", "Parent Relationship": "Outer", "Join Type": "Inner", "Startup Cost": 14.22, "Total Cost": 100601.06, "Plan Rows": 321, "Plan Width": 68, "Actual Startup Time": 80.041, "Actual Total Time": 602.006, "Actual Rows": 268, "Actual Loops": 1, "Inner Unique": false, "Plans": [{"Node Type": "Hash Join", "Parent Relationship": "Outer", "Join Type": "Inner", "Startup Cost": 14.22, "Total Cost": 99916.04, "Plan Rows": 291, "Plan Width": 76, "Actual Startup Time": 9.806, "Actual Total Time": 570.019, "Actual Rows": 358, "Actual Loops": 1, "Inner Unique": true, "Hash Cond": "(mi.info_type_id = it1.id)", "Plans": [{"Node Type": "Nested Loop", "Parent Relationship": "Outer", "Join Type": "Inner", "Startup Cost": 0.0, "Total Cost": 99865.39, "Plan Rows": 13753, "Plan Width": 80, "Actual Startup Time": 9.68, "Actual Total Time": 569.493, "Actual Rows": 358, "Actual Loops": 1, "Inner Unique": false, "Plans": [{"Node Type": "Nested Loop", "Parent Relationship": "Outer", "Join Type": "Inner", "Startup Cost": 0.0, "Total Cost": 78493.26, "Plan Rows": 15041, "Plan Width": 30, "Actual Startup Time": 1.809, "Actual Total Time": 419.543, "Actual Rows": 6152, "Actual Loops": 1, "Inner Unique": true, "Plans": [{"Node Type": "Nested Loop", "Parent Relationship": "Outer", "Join Type": "Inner", "Startup Cost": 0.0, "Total Cost": 35880.0, "Plan Rows": 12936, "Plan Width": 9, "Actual Startup Time": 0.113, "Actual Total Time": 332.204, "Actual Rows": 15849, "Actual Loops": 1, "Inner Unique": false, "Plans": [{"Node Type": "Index Scan", "Parent Relationship": "Outer", "Scan Direction": "Forward", "Index Name": "info_type_pkey", "Relation Name": "info_type", "Alias": "it2", "Startup Cost": 0.0, "Total Cost": 14.21, "Plan Rows": 1, "Plan Width": 4, "Actual Startup Time": 0.071, "Actual Total Time": 0.084, "Actual Rows": 1, "Actual Loops": 1, "Filter": "((info)::text = 'rating'::text)", "Rows Removed by Filter": 111}, {"Node Type": "Index Scan", "Parent Relationship": "Inner", "Scan Direction": "Forward", "Index Name": "info_type_id_movie_info_idx", "Relation Name": "movie_info_idx", "Alias": "mi_idx", "Startup Cost": 0.0, "Total Cost": 35736.43, "Plan Rows": 12936, "Plan Width": 13, "Actual Startup Time": 0.039, "Actual Total Time": 328.378, "Actual Rows": 15849, "Actual Loops": 1, "Index Cond": "(info_type_id = it2.id)", "Rows Removed by Index Recheck": 0, "Filter": "((info)::text > '8.0'::text)", "Rows Removed by Filter": 444076}]}, {"Node Type": "Index Scan", "Parent Relationship": "Inner", "Scan Direction": "Forward", "Index Name": "title_pkey", "Relation Name": "title", "Alias": "t", "Startup Cost": 0.0, "Total Cost": 3.28, "Plan Rows": 1, "Plan Width": 21, "Actual Startup Time": 77.358, "Actual Total Time": 77.358, "Actual Rows": 6152, "Actual Loops": 15849, "Index Cond": "(id = mi_idx.movie_id)", "Rows Removed by Index Recheck": 0, "Filter": "((production_year >= 2008) AND (production_year <= 2014))", "Rows Removed by Filter": 9697}]}, {"Node Type": "Index Scan", "Parent Relationship": "Inner", "Scan Direction": "Forward", "Index Name": "movie_id_movie_info", "Relation Name": "movie_info", "Alias": "mi", "Startup Cost": 0.0, "Total Cost": 1.41, "Plan Rows": 1, "Plan Width": 50, "Actual Startup Time": 146.217, "Actual Total Time": 146.54, "Actual Rows": 358, "Actual Loops": 6152, "Index Cond": "(movie_id = t.id)", "Rows Removed by Index Recheck": 0, "Filter": "((note IS NULL) AND ((info)::text = ANY ('{Horror,Thriller}'::text[])))", "Rows Removed by Filter": 109599}]}, {"Node Type": "Hash", "Parent Relationship": "Inner", "Startup Cost": 14.21, "Total Cost": 14.21, "Plan Rows": 1, "Plan Width": 4, "Actual Startup Time": 0.073, "Actual Total Time": 0.073, "Actual Rows": 1, "Actual Loops": 1, "Hash Buckets": 32768, "Hash Batches": 1, "Original Hash Batches": 1, "Peak Memory Usage": 1, "Plans": [{"Node Type": "Index Scan", "Parent Relationship": "Outer", "Scan Direction": "Forward", "Index Name": "info_type_pkey", "Relation Name": "info_type", "Alias": "it1", "Startup Cost": 0.0, "Total Cost": 14.21, "Plan Rows": 1, "Plan Width": 4, "Actual Startup Time": 0.02, "Actual Total Time": 0.066, "Actual Rows": 1, "Actual Loops": 1, "Filter": "((info)::text = 'genres'::text)", "Rows Removed by Filter": 111}]}]}, {"Node Type": "Index Scan", "Parent Relationship": "Inner", "Scan Direction": "Forward", "Index Name": "movie_id_cast_info", "Relation Name": "cast_info", "Alias": "ci", "Startup Cost": 0.0, "Total Cost": 2.34, "Plan Rows": 1, "Plan Width": 8, "Actual Startup Time": 24.771, "Actual Total Time": 31.53, "Actual Rows": 268, "Actual Loops": 358, "Index Cond": "(movie_id = t.id)", "Rows Removed by Index Recheck": 0, "Filter": "((note)::text = ANY ('{(writer),\"(head writer)\",\"(written by)\",(story),\"(story editor)\"}'::text[]))", "Rows Removed by Filter": 12296}]}, {"Node Type": "Index Scan", "Parent Relationship": "Inner", "Scan Direction": "Forward", "Index Name": "name_pkey", "Relation Name": "name", "Alias": "n", "Startup Cost": 0.0, "Total Cost": 0.49, "Plan Rows": 1, "Plan Width": 4, "Actual Startup Time": 2.142, "Actual Total Time": 2.142, "Actual Rows": 11, "Actual Loops": 268, "Index Cond": "(id = ci.person_id)", "Rows Removed by Index Recheck": 0, "Filter": "((gender IS NOT NULL) AND ((gender)::text = 'f'::text))", "Rows Removed by Filter": 257}]}]}, "Triggers": [], "Planner Runtime": 19.692, "Total Runtime": 604.814, "Unique SQL Id": 661781350}}, "(64, '74')": {"explain_plan": {"Plan": {"Node Type": "Aggregate", "Strategy": "Plain", "Startup Cost": 295479.74, "Total Cost": 295479.75, "Plan Rows": 1, "Plan Width": 160, "Plans": [{"Node Type": "Hash Join", "Parent Relationship": "Outer", "Join Type": "Inner", "Startup Cost": 160841.54, "Total Cost": 295477.99, "Plan Rows": 233, "Plan Width": 64, "Inner Unique": true, "Hash Cond": "(mi_idx.info_type_id = it2.id)", "Plans": [{"Node Type": "Hash Join", "Parent Relationship": "Outer", "Join Type": "Inner", "Startup Cost": 160839.12, "Total Cost": 295469.73, "Plan Rows": 934, "Plan Width": 68, "Inner Unique": true, "Hash Cond": "(ci.person_id = n.id)", "Plans": [{"Node Type": "Streaming(type: LOCAL GATHER dop: 1/64)", "Parent Relationship": "Outer", "Startup Cost": 133660.88, "Total Cost": 268277.34, "Plan Rows": 1285, "Plan Width": 72, "Plans": [{"Node Type": "Hash Join", "Parent Relationship": "Outer", "Join Type": "Inner", "Startup Cost": 133660.88, "Total Cost": 268250.83, "Plan Rows": 1285, "Plan Width": 72, "Inner Unique": false, "Hash Cond": "(t.id = ci.movie_id)", "Plans": [{"Node Type": "Streaming(type: BROADCAST dop: 64/1)", "Parent Relationship": "Outer", "Startup Cost": 114435.66, "Total Cost": 248958.59, "Plan Rows": 74368, "Plan Width": 80, "Plans": [{"Node Type": "Hash Join", "Parent Relationship": "Outer", "Join Type": "Inner", "Startup Cost": 114435.66, "Total Cost": 184424.39, "Plan Rows": 1162, "Plan Width": 80, "Inner Unique": true, "Hash Cond": "(mi.movie_id = t.id)", "Plans": [{"Node Type": "Hash Join", "Parent Relationship": "Outer", "Join Type": "Inner", "Startup Cost": 24373.66, "Total Cost": 94347.03, "Plan Rows": 999, "Plan Width": 59, "Inner Unique": false, "Hash Cond": "(mi.movie_id = mi_idx.movie_id)", "Plans": [{"Node Type": "Hash Join", "Parent Relationship": "Outer", "Join Type": "Inner", "Startup Cost": 2.41, "Total Cost": 69890.54, "Plan Rows": 971, "Plan Width": 46, "Inner Unique": true, "Hash Cond": "(mi.info_type_id = it1.id)", "Plans": [{"Node Type": "Streaming(type: LOCAL GATHER dop: 1/64)", "Parent Relationship": "Outer", "Startup Cost": 0.0, "Total Cost": 69623.52, "Plan Rows": 67971, "Plan Width": 50, "Plans": [{"Node Type": "Seq Scan", "Parent Relationship": "Outer", "Relation Name": "movie_info", "Alias": "mi", "Startup Cost": 0.0, "Total Cost": 68221.29, "Plan Rows": 67971, "Plan Width": 50, "Filter": "((note IS NULL) AND ((info)::text = ANY ('{Horror,Thriller}'::text[])))"}]}, {"Node Type": "Hash", "Parent Relationship": "Inner", "Startup Cost": 2.4, "Total Cost": 2.4, "Plan Rows": 1, "Plan Width": 4, "Plans": [{"Node Type": "Seq Scan", "Parent Relationship": "Outer", "Relation Name": "info_type", "Alias": "it1", "Startup Cost": 0.0, "Total Cost": 2.4, "Plan Rows": 1, "Plan Width": 4, "Filter": "((info)::text = 'genres'::text)"}]}]}, {"Node Type": "Hash", "Parent Relationship": "Inner", "Startup Cost": 23724.42, "Total Cost": 23724.42, "Plan Rows": 51746, "Plan Width": 13, "Plans": [{"Node Type": "Seq Scan", "Parent Relationship": "Outer", "Relation Name": "movie_info_idx", "Alias": "mi_idx", "Startup Cost": 0.0, "Total Cost": 23724.42, "Plan Rows": 51746, "Plan Width": 13, "Filter": "((info)::text > '8.0'::text)"}]}]}, {"Node Type": "Hash", "Parent Relationship": "Inner", "Startup Cost": 80280.08, "Total Cost": 80280.08, "Plan Rows": 782553, "Plan Width": 21, "Plans": [{"Node Type": "Streaming(type: LOCAL GATHER dop: 1/64)", "Parent Relationship": "Outer", "Startup Cost": 288.58, "Total Cost": 80280.08, "Plan Rows": 782553, "Plan Width": 21, "Plans": [{"Node Type": "Seq Scan", "Parent Relationship": "Outer", "Relation Name": "title", "Alias": "t", "Startup Cost": 288.58, "Total Cost": 64136.1, "Plan Rows": 782553, "Plan Width": 21, "Filter": "((production_year >= 2008) AND (production_year <= 2014)), (LLVM Optimized)"}]}]}]}]}, {"Node Type": "Hash", "Parent Relationship": "Inner", "Startup Cost": 75945.31, "Total Cost": 75945.31, "Plan Rows": 1223154, "Plan Width": 8, "Plans": [{"Node Type": "Seq Scan", "Parent Relationship": "Outer", "Relation Name": "cast_info", "Alias": "ci", "Startup Cost": 0.0, "Total Cost": 75945.31, "Plan Rows": 1223154, "Plan Width": 8, "Filter": "((note)::text = ANY ('{(writer),\"(head writer)\",\"(written by)\",(story),\"(story editor)\"}'::text[]))"}]}]}]}, {"Node Type": "Hash", "Parent Relationship": "Inner", "Startup Cost": 77496.77, "Total Cost": 77496.77, "Plan Rows": 624324, "Plan Width": 4, "Plans": [{"Node Type": "Streaming(type: LOCAL GATHER dop: 1/64)", "Parent Relationship": "Outer", "Startup Cost": 0.0, "Total Cost": 77496.77, "Plan Rows": 624324, "Plan Width": 4, "Plans": [{"Node Type": "Seq Scan", "Parent Relationship": "Outer", "Relation Name": "name", "Alias": "n", "Startup Cost": 0.0, "Total Cost": 64617.04, "Plan Rows": 624324, "Plan Width": 4, "Filter": "((gender IS NOT NULL) AND ((gender)::text = 'f'::text)), (LLVM Optimized)"}]}]}]}, {"Node Type": "Hash", "Parent Relationship": "Inner", "Startup Cost": 2.4, "Total Cost": 2.4, "Plan Rows": 1, "Plan Width": 4, "Plans": [{"Node Type": "Seq Scan", "Parent Relationship": "Outer", "Relation Name": "info_type", "Alias": "it2", "Startup Cost": 0.0, "Total Cost": 2.4, "Plan Rows": 1, "Plan Width": 4, "Filter": "((info)::text = 'rating'::text)"}]}]}]}, "Unique SQL Id": 661781350, "Planner Runtime": 100}, "explain_analyze_plan": null}, "(64, '75')": {"explain_plan": {"Plan": {"Node Type": "Aggregate", "Strategy": "Plain", "Startup Cost": 6995134748758.12, "Total Cost": 6995134748758.13, "Plan Rows": 1, "Plan Width": 160, "Plans": [{"Node Type": "Hash Join", "Parent Relationship": "Outer", "Join Type": "Inner", "Startup Cost": 3040050454466.5, "Total Cost": 6995134748756.37, "Plan Rows": 233, "Plan Width": 64, "Inner Unique": true, "Hash Cond": "(ci.person_id = n.id)", "Plans": [{"Node Type": "Hash Join", "Parent Relationship": "Outer", "Join Type": "Inner", "Startup Cost": 2040031781515.25, "Total Cost": 5995116075801.58, "Plan Rows": 321, "Plan Width": 68, "Inner Unique": true, "Hash Cond": "(mi_idx.info_type_id = it2.id)", "Plans": [{"Node Type": "Hash Join", "Parent Relationship": "Outer", "Join Type": "Inner", "Startup Cost": 1040031780094.24, "Total Cost": 4995116074372.54, "Plan Rows": 1285, "Plan Width": 72, "Inner Unique": true, "Hash Cond": "(mi.info_type_id = it1.id)", "Plans": [{"Node Type": "Merge Join", "Parent Relationship": "Outer", "Join Type": "Inner", "Startup Cost": 40031778673.22, "Total Cost": 3995116072790.31, "Plan Rows": 60862, "Plan Width": 76, "Inner Unique": false, "Merge Cond": "(t.id = mi_idx.movie_id)", "Plans": [{"Node Type": "Merge Join", "Parent Relationship": "Outer", "Join Type": "Inner", "Startup Cost": 30031778673.22, "Total Cost": 2997894360706.27, "Plan Rows": 87438, "Plan Width": 79, "Inner Unique": false, "Merge Cond": "(t.id = ci.movie_id)", "Plans": [{"Node Type": "Merge Join", "Parent Relationship": "Outer", "Join Type": "Inner", "Startup Cost": 20025302114.44, "Total Cost": 1999418944954.71, "Plan Rows": 79032, "Plan Width": 71, "Inner Unique": true, "Merge Cond": "(mi.movie_id = t.id)", "Plans": [{"Node Type": "Index Scan", "Parent Relationship": "Outer", "Scan Direction": "Forward", "Index Name": "movie_id_movie_info", "Relation Name": "movie_info", "Alias": "mi", "Startup Cost": 10000000000.0, "Total Cost": 1000107534403.72, "Plan Rows": 67971, "Plan Width": 50, "Filter": "((note IS NULL) AND ((info)::text = ANY ('{Horror,Thriller}'::text[])))"}, {"Node Type": "Index Scan", "Parent Relationship": "Inner", "Scan Direction": "Forward", "Index Name": "title_pkey", "Relation Name": "title", "Alias": "t", "Startup Cost": 10000000000.0, "Total Cost": 1000012276204.41, "Plan Rows": 782553, "Plan Width": 21, "Filter": "((production_year >= 2008) AND (production_year <= 2014)), (LLVM Optimized)"}]}, {"Node Type": "Index Scan", "Parent Relationship": "Inner", "Scan Direction": "Forward", "Index Name": "movie_id_cast_info", "Relation Name": "cast_info", "Alias": "ci", "Startup Cost": 10000000000.0, "Total Cost": 1000228594573.05, "Plan Rows": 1223154, "Plan Width": 8, "Filter": "((note)::text = ANY ('{(writer),\"(head writer)\",\"(written by)\",(story),\"(story editor)\"}'::text[]))"}]}, {"Node Type": "Index Scan", "Parent Relationship": "Inner", "Scan Direction": "Forward", "Index Name": "movie_id_movie_info_idx", "Relation Name": "movie_info_idx", "Alias": "mi_idx", "Startup Cost": 10000000000.0, "Total Cost": 1000004995043.87, "Plan Rows": 51746, "Plan Width": 13, "Filter": "((info)::text > '8.0'::text)"}]}, {"Node Type": "Hash", "Parent Relationship": "Inner", "Startup Cost": 1000000001421.0, "Total Cost": 1000000001421.0, "Plan Rows": 1, "Plan Width": 4, "Plans": [{"Node Type": "Index Scan", "Parent Relationship": "Outer", "Scan Direction": "Forward", "Index Name": "info_type_pkey", "Relation Name": "info_type", "Alias": "it1", "Startup Cost": 10000000000.0, "Total Cost": 1000000001421.0, "Plan Rows": 1, "Plan Width": 4, "Filter": "((info)::text = 'genres'::text)"}]}]}, {"Node Type": "Hash", "Parent Relationship": "Inner", "Startup Cost": 1000000001421.0, "Total Cost": 1000000001421.0, "Plan Rows": 1, "Plan Width": 4, "Plans": [{"Node Type": "Index Scan", "Parent Relationship": "Outer", "Scan Direction": "Forward", "Index Name": "info_type_pkey", "Relation Name": "info_type", "Alias": "it2", "Startup Cost": 10000000000.0, "Total Cost": 1000000001421.0, "Plan Rows": 1, "Plan Width": 4, "Filter": "((info)::text = 'rating'::text)"}]}]}, {"Node Type": "Hash", "Parent Relationship": "Inner", "Startup Cost": 1000018665147.2, "Total Cost": 1000018665147.2, "Plan Rows": 624324, "Plan Width": 4, "Plans": [{"Node Type": "Index Scan", "Parent Relationship": "Outer", "Scan Direction": "Forward", "Index Name": "name_pkey", "Relation Name": "name", "Alias": "n", "Startup Cost": 10000000000.0, "Total Cost": 1000018665147.2, "Plan Rows": 624324, "Plan Width": 4, "Filter": "((gender IS NOT NULL) AND ((gender)::text = 'f'::text)), (LLVM Optimized)"}]}]}]}, "Unique SQL Id": 661781350, "Planner Runtime": 125}, "explain_analyze_plan": null}, "(64, '76')": {"explain_plan": {"Plan": {"Node Type": "Aggregate", "Strategy": "Plain", "Startup Cost": 72675.72, "Total Cost": 72675.73, "Plan Rows": 1, "Plan Width": 160, "Plans": [{"Node Type": "Nested Loop", "Parent Relationship": "Outer", "Join Type": "Inner", "Startup Cost": 2.41, "Total Cost": 72674.08, "Plan Rows": 219, "Plan Width": 64, "Inner Unique": true, "Plans": [{"Node Type": "Nested Loop", "Parent Relationship": "Outer", "Join Type": "Inner", "Startup Cost": 2.41, "Total Cost": 72513.09, "Plan Rows": 321, "Plan Width": 68, "Inner Unique": false, "Plans": [{"Node Type": "Nested Loop", "Parent Relationship": "Outer", "Join Type": "Inner", "Startup Cost": 2.41, "Total Cost": 71828.06, "Plan Rows": 291, "Plan Width": 76, "Inner Unique": true, "Plans": [{"Node Type": "Nested Loop", "Parent Relationship": "Outer", "Join Type": "Inner", "Startup Cost": 2.41, "Total Cost": 71114.85, "Plan Rows": 250, "Plan Width": 55, "Inner Unique": true, "Plans": [{"Node Type": "Nested Loop", "Parent Relationship": "Outer", "Join Type": "Inner", "Startup Cost": 2.41, "Total Cost": 70832.4, "Plan Rows": 999, "Plan Width": 59, "Inner Unique": false, "Plans": [{"Node Type": "Hash Join", "Parent Relationship": "Outer", "Join Type": "Inner", "Startup Cost": 2.41, "Total Cost": 69890.54, "Plan Rows": 971, "Plan Width": 46, "Inner Unique": true, "Hash Cond": "(mi.info_type_id = it1.id)", "Plans": [{"Node Type": "Streaming(type: LOCAL GATHER dop: 1/64)", "Parent Relationship": "Outer", "Startup Cost": 0.0, "Total Cost": 69623.52, "Plan Rows": 67971, "Plan Width": 50, "Plans": [{"Node Type": "Seq Scan", "Parent Relationship": "Outer", "Relation Name": "movie_info", "Alias": "mi", "Startup Cost": 0.0, "Total Cost": 68221.29, "Plan Rows": 67971, "Plan Width": 50, "Filter": "((note IS NULL) AND ((info)::text = ANY ('{Horror,Thriller}'::text[])))"}]}, {"Node Type": "Hash", "Parent Relationship": "Inner", "Startup Cost": 2.4, "Total Cost": 2.4, "Plan Rows": 1, "Plan Width": 4, "Plans": [{"Node Type": "Seq Scan", "Parent Relationship": "Outer", "Relation Name": "info_type", "Alias": "it1", "Startup Cost": 0.0, "Total Cost": 2.4, "Plan Rows": 1, "Plan Width": 4, "Filter": "((info)::text = 'genres'::text)"}]}]}, {"Node Type": "Index Scan", "Parent Relationship": "Inner", "Scan Direction": "Forward", "Index Name": "movie_id_movie_info_idx", "Relation Name": "movie_info_idx", "Alias": "mi_idx", "Startup Cost": 0.0, "Total Cost": 0.96, "Plan Rows": 1, "Plan Width": 13, "Index Cond": "(movie_id = mi.movie_id)", "Filter": "((info)::text > '8.0'::text)"}]}, {"Node Type": "Index Scan", "Parent Relationship": "Inner", "Scan Direction": "Forward", "Index Name": "info_type_pkey", "Relation Name": "info_type", "Alias": "it2", "Startup Cost": 0.0, "Total Cost": 0.27, "Plan Rows": 1, "Plan Width": 4, "Index Cond": "(id = mi_idx.info_type_id)", "Filter": "((info)::text = 'rating'::text)"}]}, {"Node Type": "Index Scan", "Parent Relationship": "Inner", "Scan Direction": "Forward", "Index Name": "title_pkey", "Relation Name": "title", "Alias": "t", "Startup Cost": 0.0, "Total Cost": 2.84, "Plan Rows": 1, "Plan Width": 21, "Index Cond": "(id = mi.movie_id)", "Filter": "((production_year >= 2008) AND (production_year <= 2014))"}]}, {"Node Type": "Index Scan", "Parent Relationship": "Inner", "Scan Direction": "Forward", "Index Name": "movie_id_cast_info", "Relation Name": "cast_info", "Alias": "ci", "Startup Cost": 0.0, "Total Cost": 2.34, "Plan Rows": 1, "Plan Width": 8, "Index Cond": "(movie_id = t.id)", "Filter": "((note)::text = ANY ('{(writer),\"(head writer)\",\"(written by)\",(story),\"(story editor)\"}'::text[]))"}]}, {"Node Type": "Index Scan", "Parent Relationship": "Inner", "Scan Direction": "Forward", "Index Name": "name_pkey", "Relation Name": "name", "Alias": "n", "Startup Cost": 0.0, "Total Cost": 0.49, "Plan Rows": 1, "Plan Width": 4, "Index Cond": "(id = ci.person_id)", "Filter": "((gender IS NOT NULL) AND ((gender)::text = 'f'::text))"}]}]}, "Unique SQL Id": 661781350, "Planner Runtime": 48}, "explain_analyze_plan": {"Plan": {"Node Type": "Aggregate", "Strategy": "Plain", "Startup Cost": 72675.72, "Total Cost": 72675.73, "Plan Rows": 1, "Plan Width": 160, "Actual Min Startup Time": 645.932, "Actual Max Startup Time": 645.932, "Actual Min Total Time": 645.932, "Actual Max Total Time": 645.932, "Plans": [{"Node Type": "Nested Loop", "Parent Relationship": "Outer", "Join Type": "Inner", "Startup Cost": 2.41, "Total Cost": 72674.08, "Plan Rows": 219, "Plan Width": 64, "Actual Min Startup Time": 255.878, "Actual Max Startup Time": 255.878, "Actual Min Total Time": 645.862, "Actual Max Total Time": 645.862, "Inner Unique": true, "Plans": [{"Node Type": "Nested Loop", "Parent Relationship": "Outer", "Join Type": "Inner", "Startup Cost": 2.41, "Total Cost": 72513.09, "Plan Rows": 321, "Plan Width": 68, "Actual Min Startup Time": 199.897, "Actual Max Startup Time": 199.897, "Actual Min Total Time": 642.891, "Actual Max Total Time": 642.891, "Inner Unique": false, "Plans": [{"Node Type": "Nested Loop", "Parent Relationship": "Outer", "Join Type": "Inner", "Startup Cost": 2.41, "Total Cost": 71828.06, "Plan Rows": 291, "Plan Width": 76, "Actual Min Startup Time": 194.383, "Actual Max Startup Time": 194.383, "Actual Min Total Time": 607.368, "Actual Max Total Time": 607.368, "Inner Unique": true, "Plans": [{"Node Type": "Nested Loop", "Parent Relationship": "Outer", "Join Type": "Inner", "Startup Cost": 2.41, "Total Cost": 71114.85, "Plan Rows": 250, "Plan Width": 55, "Actual Min Startup Time": 191.528, "Actual Max Startup Time": 191.528, "Actual Min Total Time": 600.85, "Actual Max Total Time": 600.85, "Inner Unique": true, "Plans": [{"Node Type": "Nested Loop", "Parent Relationship": "Outer", "Join Type": "Inner", "Startup Cost": 2.41, "Total Cost": 70832.4, "Plan Rows": 999, "Plan Width": 59, "Actual Min Startup Time": 179.181, "Actual Max Startup Time": 179.181, "Actual Min Total Time": 590.043, "Actual Max Total Time": 590.043, "Inner Unique": false, "Plans": [{"Node Type": "Hash Join", "Parent Relationship": "Outer", "Join Type": "Inner", "Startup Cost": 2.41, "Total Cost": 69890.54, "Plan Rows": 971, "Plan Width": 46, "Actual Min Startup Time": 178.979, "Actual Max Startup Time": 178.979, "Actual Min Total Time": 260.807, "Actual Max Total Time": 260.807, "Inner Unique": true, "Hash Cond": "(mi.info_type_id = it1.id)", "Plans": [{"Node Type": "Streaming(type: LOCAL GATHER dop: 1/64)", "Parent Relationship": "Outer", "Startup Cost": 0.0, "Total Cost": 69623.52, "Plan Rows": 67971, "Plan Width": 50, "Actual Min Startup Time": 178.749, "Actual Max Startup Time": 178.749, "Actual Min Total Time": 223.333, "Actual Max Total Time": 223.333, "Plans": [{"Node Type": "Seq Scan", "Parent Relationship": "Outer", "Relation Name": "movie_info", "Alias": "mi", "Startup Cost": 0.0, "Total Cost": 68221.29, "Plan Rows": 67971, "Plan Width": 50, "Actual Min Startup Time": 54.175, "Actual Max Startup Time": 129.557, "Actual Min Total Time": 94.781, "Actual Max Total Time": 138.586, "Filter": "((note IS NULL) AND ((info)::text = ANY ('{Horror,Thriller}'::text[])))", "Rows Removed by Filter": 14762672, "Actual Rows": 73047}], "Actual Rows": 73047}, {"Node Type": "Hash", "Parent Relationship": "Inner", "Startup Cost": 2.4, "Total Cost": 2.4, "Plan Rows": 1, "Plan Width": 4, "Actual Min Startup Time": 0.129, "Actual Max Startup Time": 0.129, "Actual Min Total Time": 0.129, "Actual Max Total Time": 0.129, "Max Hash Buckets": 32768, "Min Hash Buckets": 32768, "Max Hash Batches": 1, "Min Hash Batches": 1, "Max Original Hash Batches": 1, "Min Original Hash Batches": 1, "Max Peak Memory Usage": 1, "min Peak Memory Usage": 1, "Plans": [{"Node Type": "Seq Scan", "Parent Relationship": "Outer", "Relation Name": "info_type", "Alias": "it1", "Startup Cost": 0.0, "Total Cost": 2.4, "Plan Rows": 1, "Plan Width": 4, "Actual Min Startup Time": 0.086, "Actual Max Startup Time": 0.086, "Actual Min Total Time": 0.111, "Actual Max Total Time": 0.111, "Filter": "((info)::text = 'genres'::text)", "Rows Removed by Filter": 111, "Actual Rows": 1}], "Actual Rows": 1}], "Actual Rows": 72258}, {"Node Type": "Index Scan", "Parent Relationship": "Inner", "Scan Direction": "Forward", "Index Name": "movie_id_movie_info_idx", "Relation Name": "movie_info_idx", "Alias": "mi_idx", "Startup Cost": 0.0, "Total Cost": 0.96, "Plan Rows": 1, "Plan Width": 13, "Actual Min Startup Time": 282.41, "Actual Max Startup Time": 282.41, "Actual Min Total Time": 286.056, "Actual Max Total Time": 286.056, "Index Cond": "(movie_id = mi.movie_id)", "Rows Removed by Index Recheck": 0, "Filter": "((info)::text > '8.0'::text)", "Rows Removed by Filter": 113143, "Actual Rows": 4135}], "Actual Rows": 4135}, {"Node Type": "Index Scan", "Parent Relationship": "Inner", "Scan Direction": "Forward", "Index Name": "info_type_pkey", "Relation Name": "info_type", "Alias": "it2", "Startup Cost": 0.0, "Total Cost": 0.27, "Plan Rows": 1, "Plan Width": 4, "Actual Min Startup Time": 8.443, "Actual Max Startup Time": 8.443, "Actual Min Total Time": 8.443, "Actual Max Total Time": 8.443, "Index Cond": "(id = mi_idx.info_type_id)", "Rows Removed by Index Recheck": 0, "Filter": "((info)::text = 'rating'::text)", "Rows Removed by Filter": 3403, "Actual Rows": 732}], "Actual Rows": 732}, {"Node Type": "Index Scan", "Parent Relationship": "Inner", "Scan Direction": "Forward", "Index Name": "title_pkey", "Relation Name": "title", "Alias": "t", "Startup Cost": 0.0, "Total Cost": 2.84, "Plan Rows": 1, "Plan Width": 21, "Actual Min Startup Time": 5.882, "Actual Max Startup Time": 5.882, "Actual Min Total Time": 5.882, "Actual Max Total Time": 5.882, "Index Cond": "(id = mi.movie_id)", "Rows Removed by Index Recheck": 0, "Filter": "((production_year >= 2008) AND (production_year <= 2014))", "Rows Removed by Filter": 374, "Actual Rows": 358}], "Actual Rows": 358}, {"Node Type": "Index Scan", "Parent Relationship": "Inner", "Scan Direction": "Forward", "Index Name": "movie_id_cast_info", "Relation Name": "cast_info", "Alias": "ci", "Startup Cost": 0.0, "Total Cost": 2.34, "Plan Rows": 1, "Plan Width": 8, "Actual Min Startup Time": 27.751, "Actual Max Startup Time": 27.751, "Actual Min Total Time": 35.19, "Actual Max Total Time": 35.19, "Index Cond": "(movie_id = t.id)", "Rows Removed by Index Recheck": 0, "Filter": "((note)::text = ANY ('{(writer),\"(head writer)\",\"(written by)\",(story),\"(story editor)\"}'::text[]))", "Rows Removed by Filter": 12296, "Actual Rows": 268}], "Actual Rows": 268}, {"Node Type": "Index Scan", "Parent Relationship": "Inner", "Scan Direction": "Forward", "Index Name": "name_pkey", "Relation Name": "name", "Alias": "n", "Startup Cost": 0.0, "Total Cost": 0.49, "Plan Rows": 1, "Plan Width": 4, "Actual Min Startup Time": 2.738, "Actual Max Startup Time": 2.738, "Actual Min Total Time": 2.738, "Actual Max Total Time": 2.738, "Index Cond": "(id = ci.person_id)", "Rows Removed by Index Recheck": 0, "Filter": "((gender IS NOT NULL) AND ((gender)::text = 'f'::text))", "Rows Removed by Filter": 257, "Actual Rows": 11}], "Actual Rows": 11}], "Actual Rows": 1}, "Triggers": [], "Planner Runtime": 48.511, "Total Runtime": 658.668, "Unique SQL Id": 661781350}}, "(64, '77')": {"explain_plan": {"Plan": {"Node Type": "Aggregate", "Strategy": "Plain", "Startup Cost": 100763.69, "Total Cost": 100763.7, "Plan Rows": 1, "Plan Width": 160, "Plans": [{"Node Type": "Nested Loop", "Parent Relationship": "Outer", "Join Type": "Inner", "Startup Cost": 14.22, "Total Cost": 100762.05, "Plan Rows": 219, "Plan Width": 64, "Inner Unique": true, "Plans": [{"Node Type": "Nested Loop", "Parent Relationship": "Outer", "Join Type": "Inner", "Startup Cost": 14.22, "Total Cost": 100601.06, "Plan Rows": 321, "Plan Width": 68, "Inner Unique": false, "Plans": [{"Node Type": "Hash Join", "Parent Relationship": "Outer", "Join Type": "Inner", "Startup Cost": 14.22, "Total Cost": 99916.04, "Plan Rows": 291, "Plan Width": 76, "Inner Unique": true, "Hash Cond": "(mi.info_type_id = it1.id)", "Plans": [{"Node Type": "Nested Loop", "Parent Relationship": "Outer", "Join Type": "Inner", "Startup Cost": 0.0, "Total Cost": 99865.39, "Plan Rows": 13753, "Plan Width": 80, "Inner Unique": false, "Plans": [{"Node Type": "Nested Loop", "Parent Relationship": "Outer", "Join Type": "Inner", "Startup Cost": 0.0, "Total Cost": 78493.26, "Plan Rows": 15041, "Plan Width": 30, "Inner Unique": true, "Plans": [{"Node Type": "Nested Loop", "Parent Relationship": "Outer", "Join Type": "Inner", "Startup Cost": 0.0, "Total Cost": 35880.0, "Plan Rows": 12936, "Plan Width": 9, "Inner Unique": false, "Plans": [{"Node Type": "Index Scan", "Parent Relationship": "Outer", "Scan Direction": "Forward", "Index Name": "info_type_pkey", "Relation Name": "info_type", "Alias": "it2", "Startup Cost": 0.0, "Total Cost": 14.21, "Plan Rows": 1, "Plan Width": 4, "Filter": "((info)::text = 'rating'::text)"}, {"Node Type": "Index Scan", "Parent Relationship": "Inner", "Scan Direction": "Forward", "Index Name": "info_type_id_movie_info_idx", "Relation Name": "movie_info_idx", "Alias": "mi_idx", "Startup Cost": 0.0, "Total Cost": 35736.43, "Plan Rows": 12936, "Plan Width": 13, "Index Cond": "(info_type_id = it2.id)", "Filter": "((info)::text > '8.0'::text)"}]}, {"Node Type": "Index Scan", "Parent Relationship": "Inner", "Scan Direction": "Forward", "Index Name": "title_pkey", "Relation Name": "title", "Alias": "t", "Startup Cost": 0.0, "Total Cost": 3.28, "Plan Rows": 1, "Plan Width": 21, "Index Cond": "(id = mi_idx.movie_id)", "Filter": "((production_year >= 2008) AND (production_year <= 2014))"}]}, {"Node Type": "Index Scan", "Parent Relationship": "Inner", "Scan Direction": "Forward", "Index Name": "movie_id_movie_info", "Relation Name": "movie_info", "Alias": "mi", "Startup Cost": 0.0, "Total Cost": 1.41, "Plan Rows": 1, "Plan Width": 50, "Index Cond": "(movie_id = t.id)", "Filter": "((note IS NULL) AND ((info)::text = ANY ('{Horror,Thriller}'::text[])))"}]}, {"Node Type": "Hash", "Parent Relationship": "Inner", "Startup Cost": 14.21, "Total Cost": 14.21, "Plan Rows": 1, "Plan Width": 4, "Plans": [{"Node Type": "Index Scan", "Parent Relationship": "Outer", "Scan Direction": "Forward", "Index Name": "info_type_pkey", "Relation Name": "info_type", "Alias": "it1", "Startup Cost": 0.0, "Total Cost": 14.21, "Plan Rows": 1, "Plan Width": 4, "Filter": "((info)::text = 'genres'::text)"}]}]}, {"Node Type": "Index Scan", "Parent Relationship": "Inner", "Scan Direction": "Forward", "Index Name": "movie_id_cast_info", "Relation Name": "cast_info", "Alias": "ci", "Startup Cost": 0.0, "Total Cost": 2.34, "Plan Rows": 1, "Plan Width": 8, "Index Cond": "(movie_id = t.id)", "Filter": "((note)::text = ANY ('{(writer),\"(head writer)\",\"(written by)\",(story),\"(story editor)\"}'::text[]))"}]}, {"Node Type": "Index Scan", "Parent Relationship": "Inner", "Scan Direction": "Forward", "Index Name": "name_pkey", "Relation Name": "name", "Alias": "n", "Startup Cost": 0.0, "Total Cost": 0.49, "Plan Rows": 1, "Plan Width": 4, "Index Cond": "(id = ci.person_id)", "Filter": "((gender IS NOT NULL) AND ((gender)::text = 'f'::text))"}]}]}, "Unique SQL Id": 661781350, "Planner Runtime": 19}, "explain_analyze_plan": {"Plan": {"Node Type": "Aggregate", "Strategy": "Plain", "Startup Cost": 100763.69, "Total Cost": 100763.7, "Plan Rows": 1, "Plan Width": 160, "Actual Startup Time": 604.468, "Actual Total Time": 604.468, "Actual Rows": 1, "Actual Loops": 1, "Plans": [{"Node Type": "Nested Loop", "Parent Relationship": "Outer", "Join Type": "Inner", "Startup Cost": 14.22, "Total Cost": 100762.05, "Plan Rows": 219, "Plan Width": 64, "Actual Startup Time": 303.382, "Actual Total Time": 604.4, "Actual Rows": 11, "Actual Loops": 1, "Inner Unique": true, "Plans": [{"Node Type": "Nested Loop", "Parent Relationship": "Outer", "Join Type": "Inner", "Startup Cost": 14.22, "Total Cost": 100601.06, "Plan Rows": 321, "Plan Width": 68, "Actual Startup Time": 80.041, "Actual Total Time": 602.006, "Actual Rows": 268, "Actual Loops": 1, "Inner Unique": false, "Plans": [{"Node Type": "Hash Join", "Parent Relationship": "Outer", "Join Type": "Inner", "Startup Cost": 14.22, "Total Cost": 99916.04, "Plan Rows": 291, "Plan Width": 76, "Actual Startup Time": 9.806, "Actual Total Time": 570.019, "Actual Rows": 358, "Actual Loops": 1, "Inner Unique": true, "Hash Cond": "(mi.info_type_id = it1.id)", "Plans": [{"Node Type": "Nested Loop", "Parent Relationship": "Outer", "Join Type": "Inner", "Startup Cost": 0.0, "Total Cost": 99865.39, "Plan Rows": 13753, "Plan Width": 80, "Actual Startup Time": 9.68, "Actual Total Time": 569.493, "Actual Rows": 358, "Actual Loops": 1, "Inner Unique": false, "Plans": [{"Node Type": "Nested Loop", "Parent Relationship": "Outer", "Join Type": "Inner", "Startup Cost": 0.0, "Total Cost": 78493.26, "Plan Rows": 15041, "Plan Width": 30, "Actual Startup Time": 1.809, "Actual Total Time": 419.543, "Actual Rows": 6152, "Actual Loops": 1, "Inner Unique": true, "Plans": [{"Node Type": "Nested Loop", "Parent Relationship": "Outer", "Join Type": "Inner", "Startup Cost": 0.0, "Total Cost": 35880.0, "Plan Rows": 12936, "Plan Width": 9, "Actual Startup Time": 0.113, "Actual Total Time": 332.204, "Actual Rows": 15849, "Actual Loops": 1, "Inner Unique": false, "Plans": [{"Node Type": "Index Scan", "Parent Relationship": "Outer", "Scan Direction": "Forward", "Index Name": "info_type_pkey", "Relation Name": "info_type", "Alias": "it2", "Startup Cost": 0.0, "Total Cost": 14.21, "Plan Rows": 1, "Plan Width": 4, "Actual Startup Time": 0.071, "Actual Total Time": 0.084, "Actual Rows": 1, "Actual Loops": 1, "Filter": "((info)::text = 'rating'::text)", "Rows Removed by Filter": 111}, {"Node Type": "Index Scan", "Parent Relationship": "Inner", "Scan Direction": "Forward", "Index Name": "info_type_id_movie_info_idx", "Relation Name": "movie_info_idx", "Alias": "mi_idx", "Startup Cost": 0.0, "Total Cost": 35736.43, "Plan Rows": 12936, "Plan Width": 13, "Actual Startup Time": 0.039, "Actual Total Time": 328.378, "Actual Rows": 15849, "Actual Loops": 1, "Index Cond": "(info_type_id = it2.id)", "Rows Removed by Index Recheck": 0, "Filter": "((info)::text > '8.0'::text)", "Rows Removed by Filter": 444076}]}, {"Node Type": "Index Scan", "Parent Relationship": "Inner", "Scan Direction": "Forward", "Index Name": "title_pkey", "Relation Name": "title", "Alias": "t", "Startup Cost": 0.0, "Total Cost": 3.28, "Plan Rows": 1, "Plan Width": 21, "Actual Startup Time": 77.358, "Actual Total Time": 77.358, "Actual Rows": 6152, "Actual Loops": 15849, "Index Cond": "(id = mi_idx.movie_id)", "Rows Removed by Index Recheck": 0, "Filter": "((production_year >= 2008) AND (production_year <= 2014))", "Rows Removed by Filter": 9697}]}, {"Node Type": "Index Scan", "Parent Relationship": "Inner", "Scan Direction": "Forward", "Index Name": "movie_id_movie_info", "Relation Name": "movie_info", "Alias": "mi", "Startup Cost": 0.0, "Total Cost": 1.41, "Plan Rows": 1, "Plan Width": 50, "Actual Startup Time": 146.217, "Actual Total Time": 146.54, "Actual Rows": 358, "Actual Loops": 6152, "Index Cond": "(movie_id = t.id)", "Rows Removed by Index Recheck": 0, "Filter": "((note IS NULL) AND ((info)::text = ANY ('{Horror,Thriller}'::text[])))", "Rows Removed by Filter": 109599}]}, {"Node Type": "Hash", "Parent Relationship": "Inner", "Startup Cost": 14.21, "Total Cost": 14.21, "Plan Rows": 1, "Plan Width": 4, "Actual Startup Time": 0.073, "Actual Total Time": 0.073, "Actual Rows": 1, "Actual Loops": 1, "Hash Buckets": 32768, "Hash Batches": 1, "Original Hash Batches": 1, "Peak Memory Usage": 1, "Plans": [{"Node Type": "Index Scan", "Parent Relationship": "Outer", "Scan Direction": "Forward", "Index Name": "info_type_pkey", "Relation Name": "info_type", "Alias": "it1", "Startup Cost": 0.0, "Total Cost": 14.21, "Plan Rows": 1, "Plan Width": 4, "Actual Startup Time": 0.02, "Actual Total Time": 0.066, "Actual Rows": 1, "Actual Loops": 1, "Filter": "((info)::text = 'genres'::text)", "Rows Removed by Filter": 111}]}]}, {"Node Type": "Index Scan", "Parent Relationship": "Inner", "Scan Direction": "Forward", "Index Name": "movie_id_cast_info", "Relation Name": "cast_info", "Alias": "ci", "Startup Cost": 0.0, "Total Cost": 2.34, "Plan Rows": 1, "Plan Width": 8, "Actual Startup Time": 24.771, "Actual Total Time": 31.53, "Actual Rows": 268, "Actual Loops": 358, "Index Cond": "(movie_id = t.id)", "Rows Removed by Index Recheck": 0, "Filter": "((note)::text = ANY ('{(writer),\"(head writer)\",\"(written by)\",(story),\"(story editor)\"}'::text[]))", "Rows Removed by Filter": 12296}]}, {"Node Type": "Index Scan", "Parent Relationship": "Inner", "Scan Direction": "Forward", "Index Name": "name_pkey", "Relation Name": "name", "Alias": "n", "Startup Cost": 0.0, "Total Cost": 0.49, "Plan Rows": 1, "Plan Width": 4, "Actual Startup Time": 2.142, "Actual Total Time": 2.142, "Actual Rows": 11, "Actual Loops": 268, "Index Cond": "(id = ci.person_id)", "Rows Removed by Index Recheck": 0, "Filter": "((gender IS NOT NULL) AND ((gender)::text = 'f'::text))", "Rows Removed by Filter": 257}]}]}, "Triggers": [], "Planner Runtime": 19.692, "Total Runtime": 604.814, "Unique SQL Id": 661781350}}, "(64, '78')": {"explain_plan": {"Plan": {"Node Type": "Aggregate", "Strategy": "Plain", "Startup Cost": 295479.74, "Total Cost": 295479.75, "Plan Rows": 1, "Plan Width": 160, "Plans": [{"Node Type": "Hash Join", "Parent Relationship": "Outer", "Join Type": "Inner", "Startup Cost": 160841.54, "Total Cost": 295477.99, "Plan Rows": 233, "Plan Width": 64, "Inner Unique": true, "Hash Cond": "(mi_idx.info_type_id = it2.id)", "Plans": [{"Node Type": "Hash Join", "Parent Relationship": "Outer", "Join Type": "Inner", "Startup Cost": 160839.12, "Total Cost": 295469.73, "Plan Rows": 934, "Plan Width": 68, "Inner Unique": true, "Hash Cond": "(ci.person_id = n.id)", "Plans": [{"Node Type": "Streaming(type: LOCAL GATHER dop: 1/64)", "Parent Relationship": "Outer", "Startup Cost": 133660.88, "Total Cost": 268277.34, "Plan Rows": 1285, "Plan Width": 72, "Plans": [{"Node Type": "Hash Join", "Parent Relationship": "Outer", "Join Type": "Inner", "Startup Cost": 133660.88, "Total Cost": 268250.83, "Plan Rows": 1285, "Plan Width": 72, "Inner Unique": false, "Hash Cond": "(t.id = ci.movie_id)", "Plans": [{"Node Type": "Streaming(type: BROADCAST dop: 64/1)", "Parent Relationship": "Outer", "Startup Cost": 114435.66, "Total Cost": 248958.59, "Plan Rows": 74368, "Plan Width": 80, "Plans": [{"Node Type": "Hash Join", "Parent Relationship": "Outer", "Join Type": "Inner", "Startup Cost": 114435.66, "Total Cost": 184424.39, "Plan Rows": 1162, "Plan Width": 80, "Inner Unique": true, "Hash Cond": "(mi.movie_id = t.id)", "Plans": [{"Node Type": "Hash Join", "Parent Relationship": "Outer", "Join Type": "Inner", "Startup Cost": 24373.66, "Total Cost": 94347.03, "Plan Rows": 999, "Plan Width": 59, "Inner Unique": false, "Hash Cond": "(mi.movie_id = mi_idx.movie_id)", "Plans": [{"Node Type": "Hash Join", "Parent Relationship": "Outer", "Join Type": "Inner", "Startup Cost": 2.41, "Total Cost": 69890.54, "Plan Rows": 971, "Plan Width": 46, "Inner Unique": true, "Hash Cond": "(mi.info_type_id = it1.id)", "Plans": [{"Node Type": "Streaming(type: LOCAL GATHER dop: 1/64)", "Parent Relationship": "Outer", "Startup Cost": 0.0, "Total Cost": 69623.52, "Plan Rows": 67971, "Plan Width": 50, "Plans": [{"Node Type": "Seq Scan", "Parent Relationship": "Outer", "Relation Name": "movie_info", "Alias": "mi", "Startup Cost": 0.0, "Total Cost": 68221.29, "Plan Rows": 67971, "Plan Width": 50, "Filter": "((note IS NULL) AND ((info)::text = ANY ('{Horror,Thriller}'::text[])))"}]}, {"Node Type": "Hash", "Parent Relationship": "Inner", "Startup Cost": 2.4, "Total Cost": 2.4, "Plan Rows": 1, "Plan Width": 4, "Plans": [{"Node Type": "Seq Scan", "Parent Relationship": "Outer", "Relation Name": "info_type", "Alias": "it1", "Startup Cost": 0.0, "Total Cost": 2.4, "Plan Rows": 1, "Plan Width": 4, "Filter": "((info)::text = 'genres'::text)"}]}]}, {"Node Type": "Hash", "Parent Relationship": "Inner", "Startup Cost": 23724.42, "Total Cost": 23724.42, "Plan Rows": 51746, "Plan Width": 13, "Plans": [{"Node Type": "Seq Scan", "Parent Relationship": "Outer", "Relation Name": "movie_info_idx", "Alias": "mi_idx", "Startup Cost": 0.0, "Total Cost": 23724.42, "Plan Rows": 51746, "Plan Width": 13, "Filter": "((info)::text > '8.0'::text)"}]}]}, {"Node Type": "Hash", "Parent Relationship": "Inner", "Startup Cost": 80280.08, "Total Cost": 80280.08, "Plan Rows": 782553, "Plan Width": 21, "Plans": [{"Node Type": "Streaming(type: LOCAL GATHER dop: 1/64)", "Parent Relationship": "Outer", "Startup Cost": 288.58, "Total Cost": 80280.08, "Plan Rows": 782553, "Plan Width": 21, "Plans": [{"Node Type": "Seq Scan", "Parent Relationship": "Outer", "Relation Name": "title", "Alias": "t", "Startup Cost": 288.58, "Total Cost": 64136.1, "Plan Rows": 782553, "Plan Width": 21, "Filter": "((production_year >= 2008) AND (production_year <= 2014)), (LLVM Optimized)"}]}]}]}]}, {"Node Type": "Hash", "Parent Relationship": "Inner", "Startup Cost": 75945.31, "Total Cost": 75945.31, "Plan Rows": 1223154, "Plan Width": 8, "Plans": [{"Node Type": "Seq Scan", "Parent Relationship": "Outer", "Relation Name": "cast_info", "Alias": "ci", "Startup Cost": 0.0, "Total Cost": 75945.31, "Plan Rows": 1223154, "Plan Width": 8, "Filter": "((note)::text = ANY ('{(writer),\"(head writer)\",\"(written by)\",(story),\"(story editor)\"}'::text[]))"}]}]}]}, {"Node Type": "Hash", "Parent Relationship": "Inner", "Startup Cost": 77496.77, "Total Cost": 77496.77, "Plan Rows": 624324, "Plan Width": 4, "Plans": [{"Node Type": "Streaming(type: LOCAL GATHER dop: 1/64)", "Parent Relationship": "Outer", "Startup Cost": 0.0, "Total Cost": 77496.77, "Plan Rows": 624324, "Plan Width": 4, "Plans": [{"Node Type": "Seq Scan", "Parent Relationship": "Outer", "Relation Name": "name", "Alias": "n", "Startup Cost": 0.0, "Total Cost": 64617.04, "Plan Rows": 624324, "Plan Width": 4, "Filter": "((gender IS NOT NULL) AND ((gender)::text = 'f'::text)), (LLVM Optimized)"}]}]}]}, {"Node Type": "Hash", "Parent Relationship": "Inner", "Startup Cost": 2.4, "Total Cost": 2.4, "Plan Rows": 1, "Plan Width": 4, "Plans": [{"Node Type": "Seq Scan", "Parent Relationship": "Outer", "Relation Name": "info_type", "Alias": "it2", "Startup Cost": 0.0, "Total Cost": 2.4, "Plan Rows": 1, "Plan Width": 4, "Filter": "((info)::text = 'rating'::text)"}]}]}]}, "Unique SQL Id": 661781350, "Planner Runtime": 99}, "explain_analyze_plan": null}, "(64, '79')": {"explain_plan": {"Plan": {"Node Type": "Aggregate", "Strategy": "Plain", "Startup Cost": 6995134748758.12, "Total Cost": 6995134748758.13, "Plan Rows": 1, "Plan Width": 160, "Plans": [{"Node Type": "Hash Join", "Parent Relationship": "Outer", "Join Type": "Inner", "Startup Cost": 3040050454466.5, "Total Cost": 6995134748756.37, "Plan Rows": 233, "Plan Width": 64, "Inner Unique": true, "Hash Cond": "(ci.person_id = n.id)", "Plans": [{"Node Type": "Hash Join", "Parent Relationship": "Outer", "Join Type": "Inner", "Startup Cost": 2040031781515.25, "Total Cost": 5995116075801.58, "Plan Rows": 321, "Plan Width": 68, "Inner Unique": true, "Hash Cond": "(mi_idx.info_type_id = it2.id)", "Plans": [{"Node Type": "Hash Join", "Parent Relationship": "Outer", "Join Type": "Inner", "Startup Cost": 1040031780094.24, "Total Cost": 4995116074372.54, "Plan Rows": 1285, "Plan Width": 72, "Inner Unique": true, "Hash Cond": "(mi.info_type_id = it1.id)", "Plans": [{"Node Type": "Merge Join", "Parent Relationship": "Outer", "Join Type": "Inner", "Startup Cost": 40031778673.22, "Total Cost": 3995116072790.31, "Plan Rows": 60862, "Plan Width": 76, "Inner Unique": false, "Merge Cond": "(t.id = mi_idx.movie_id)", "Plans": [{"Node Type": "Merge Join", "Parent Relationship": "Outer", "Join Type": "Inner", "Startup Cost": 30031778673.22, "Total Cost": 2997894360706.27, "Plan Rows": 87438, "Plan Width": 79, "Inner Unique": false, "Merge Cond": "(t.id = ci.movie_id)", "Plans": [{"Node Type": "Merge Join", "Parent Relationship": "Outer", "Join Type": "Inner", "Startup Cost": 20025302114.44, "Total Cost": 1999418944954.71, "Plan Rows": 79032, "Plan Width": 71, "Inner Unique": true, "Merge Cond": "(mi.movie_id = t.id)", "Plans": [{"Node Type": "Index Scan", "Parent Relationship": "Outer", "Scan Direction": "Forward", "Index Name": "movie_id_movie_info", "Relation Name": "movie_info", "Alias": "mi", "Startup Cost": 10000000000.0, "Total Cost": 1000107534403.72, "Plan Rows": 67971, "Plan Width": 50, "Filter": "((note IS NULL) AND ((info)::text = ANY ('{Horror,Thriller}'::text[])))"}, {"Node Type": "Index Scan", "Parent Relationship": "Inner", "Scan Direction": "Forward", "Index Name": "title_pkey", "Relation Name": "title", "Alias": "t", "Startup Cost": 10000000000.0, "Total Cost": 1000012276204.41, "Plan Rows": 782553, "Plan Width": 21, "Filter": "((production_year >= 2008) AND (production_year <= 2014)), (LLVM Optimized)"}]}, {"Node Type": "Index Scan", "Parent Relationship": "Inner", "Scan Direction": "Forward", "Index Name": "movie_id_cast_info", "Relation Name": "cast_info", "Alias": "ci", "Startup Cost": 10000000000.0, "Total Cost": 1000228594573.05, "Plan Rows": 1223154, "Plan Width": 8, "Filter": "((note)::text = ANY ('{(writer),\"(head writer)\",\"(written by)\",(story),\"(story editor)\"}'::text[]))"}]}, {"Node Type": "Index Scan", "Parent Relationship": "Inner", "Scan Direction": "Forward", "Index Name": "movie_id_movie_info_idx", "Relation Name": "movie_info_idx", "Alias": "mi_idx", "Startup Cost": 10000000000.0, "Total Cost": 1000004995043.87, "Plan Rows": 51746, "Plan Width": 13, "Filter": "((info)::text > '8.0'::text)"}]}, {"Node Type": "Hash", "Parent Relationship": "Inner", "Startup Cost": 1000000001421.0, "Total Cost": 1000000001421.0, "Plan Rows": 1, "Plan Width": 4, "Plans": [{"Node Type": "Index Scan", "Parent Relationship": "Outer", "Scan Direction": "Forward", "Index Name": "info_type_pkey", "Relation Name": "info_type", "Alias": "it1", "Startup Cost": 10000000000.0, "Total Cost": 1000000001421.0, "Plan Rows": 1, "Plan Width": 4, "Filter": "((info)::text = 'genres'::text)"}]}]}, {"Node Type": "Hash", "Parent Relationship": "Inner", "Startup Cost": 1000000001421.0, "Total Cost": 1000000001421.0, "Plan Rows": 1, "Plan Width": 4, "Plans": [{"Node Type": "Index Scan", "Parent Relationship": "Outer", "Scan Direction": "Forward", "Index Name": "info_type_pkey", "Relation Name": "info_type", "Alias": "it2", "Startup Cost": 10000000000.0, "Total Cost": 1000000001421.0, "Plan Rows": 1, "Plan Width": 4, "Filter": "((info)::text = 'rating'::text)"}]}]}, {"Node Type": "Hash", "Parent Relationship": "Inner", "Startup Cost": 1000018665147.2, "Total Cost": 1000018665147.2, "Plan Rows": 624324, "Plan Width": 4, "Plans": [{"Node Type": "Index Scan", "Parent Relationship": "Outer", "Scan Direction": "Forward", "Index Name": "name_pkey", "Relation Name": "name", "Alias": "n", "Startup Cost": 10000000000.0, "Total Cost": 1000018665147.2, "Plan Rows": 624324, "Plan Width": 4, "Filter": "((gender IS NOT NULL) AND ((gender)::text = 'f'::text)), (LLVM Optimized)"}]}]}]}, "Unique SQL Id": 661781350, "Planner Runtime": 125}, "explain_analyze_plan": null}, "(64, '80')": {"explain_plan": {"Plan": {"Node Type": "Aggregate", "Strategy": "Plain", "Startup Cost": 85051.45, "Total Cost": 85051.46, "Plan Rows": 1, "Plan Width": 160, "Plans": [{"Node Type": "Nested Loop", "Parent Relationship": "Outer", "Join Type": "Inner", "Startup Cost": 84136.81, "Total Cost": 85049.81, "Plan Rows": 219, "Plan Width": 64, "Inner Unique": true, "Plans": [{"Node Type": "Nested Loop", "Parent Relationship": "Outer", "Join Type": "Inner", "Startup Cost": 84136.81, "Total Cost": 84888.82, "Plan Rows": 321, "Plan Width": 68, "Inner Unique": false, "Plans": [{"Node Type": "Merge Join", "Parent Relationship": "Outer", "Join Type": "Inner", "Startup Cost": 84136.81, "Total Cost": 84203.8, "Plan Rows": 291, "Plan Width": 76, "Inner Unique": false, "Merge Cond": "(it1.id = mi.info_type_id)", "Plans": [{"Node Type": "Sort", "Parent Relationship": "Outer", "Startup Cost": 2.41, "Total Cost": 2.42, "Plan Rows": 1, "Plan Width": 4, "Sort Key": ["it1.id"], "Plans": [{"Node Type": "Seq Scan", "Parent Relationship": "Outer", "Relation Name": "info_type", "Alias": "it1", "Startup Cost": 0.0, "Total Cost": 2.4, "Plan Rows": 1, "Plan Width": 4, "Filter": "((info)::text = 'genres'::text)"}]}, {"Node Type": "Sort", "Parent Relationship": "Inner", "Startup Cost": 84130.65, "Total Cost": 84165.04, "Plan Rows": 13753, "Plan Width": 80, "Sort Key": ["mi.info_type_id"], "Plans": [{"Node Type": "Nested Loop", "Parent Relationship": "Outer", "Join Type": "Inner", "Startup Cost": 7419.04, "Total Cost": 83185.31, "Plan Rows": 13753, "Plan Width": 80, "Inner Unique": false, "Plans": [{"Node Type": "Nested Loop", "Parent Relationship": "Outer", "Join Type": "Inner", "Startup Cost": 7419.04, "Total Cost": 61813.18, "Plan Rows": 15041, "Plan Width": 30, "Inner Unique": true, "Plans": [{"Node Type": "Nested Loop", "Parent Relationship": "Outer", "Join Type": "Inner", "Startup Cost": 7419.04, "Total Cost": 19199.92, "Plan Rows": 12936, "Plan Width": 9, "Inner Unique": false, "Plans": [{"Node Type": "Seq Scan", "Parent Relationship": "Outer", "Relation Name": "info_type", "Alias": "it2", "Startup Cost": 0.0, "Total Cost": 2.4, "Plan Rows": 1, "Plan Width": 4, "Filter": "((info)::text = 'rating'::text)"}, {"Node Type": "Bitmap Heap Scan", "Parent Relationship": "Inner", "Relation Name": "movie_info_idx", "Alias": "mi_idx", "Startup Cost": 7419.04, "Total Cost": 19068.16, "Plan Rows": 12936, "Plan Width": 13, "Recheck Cond": "(info_type_id = it2.id)", "Filter": "((info)::text > '8.0'::text)", "Plans": [{"Node Type": "Bitmap Index Scan", "Parent Relationship": "Outer", "Index Name": "info_type_id_movie_info_idx", "Startup Cost": 0.0, "Total Cost": 7415.81, "Plan Rows": 345008, "Plan Width": 0, "Index Cond": "(info_type_id = it2.id)"}]}]}, {"Node Type": "Index Scan", "Parent Relationship": "Inner", "Scan Direction": "Forward", "Index Name": "title_pkey", "Relation Name": "title", "Alias": "t", "Startup Cost": 0.0, "Total Cost": 3.28, "Plan Rows": 1, "Plan Width": 21, "Index Cond": "(id = mi_idx.movie_id)", "Filter": "((production_year >= 2008) AND (production_year <= 2014))"}]}, {"Node Type": "Index Scan", "Parent Relationship": "Inner", "Scan Direction": "Forward", "Index Name": "movie_id_movie_info", "Relation Name": "movie_info", "Alias": "mi", "Startup Cost": 0.0, "Total Cost": 1.41, "Plan Rows": 1, "Plan Width": 50, "Index Cond": "(movie_id = t.id)", "Filter": "((note IS NULL) AND ((info)::text = ANY ('{Horror,Thriller}'::text[])))"}]}]}]}, {"Node Type": "Index Scan", "Parent Relationship": "Inner", "Scan Direction": "Forward", "Index Name": "movie_id_cast_info", "Relation Name": "cast_info", "Alias": "ci", "Startup Cost": 0.0, "Total Cost": 2.34, "Plan Rows": 1, "Plan Width": 8, "Index Cond": "(movie_id = t.id)", "Filter": "((note)::text = ANY ('{(writer),\"(head writer)\",\"(written by)\",(story),\"(story editor)\"}'::text[]))"}]}, {"Node Type": "Index Scan", "Parent Relationship": "Inner", "Scan Direction": "Forward", "Index Name": "name_pkey", "Relation Name": "name", "Alias": "n", "Startup Cost": 0.0, "Total Cost": 0.49, "Plan Rows": 1, "Plan Width": 4, "Index Cond": "(id = ci.person_id)", "Filter": "((gender IS NOT NULL) AND ((gender)::text = 'f'::text))"}]}]}, "Unique SQL Id": 661781350, "Planner Runtime": 21}, "explain_analyze_plan": {"Plan": {"Node Type": "Aggregate", "Strategy": "Plain", "Startup Cost": 85051.45, "Total Cost": 85051.46, "Plan Rows": 1, "Plan Width": 160, "Actual Startup Time": 601.407, "Actual Total Time": 601.407, "Actual Rows": 1, "Actual Loops": 1, "Plans": [{"Node Type": "Nested Loop", "Parent Relationship": "Outer", "Join Type": "Inner", "Startup Cost": 84136.81, "Total Cost": 85049.81, "Plan Rows": 219, "Plan Width": 64, "Actual Startup Time": 570.146, "Actual Total Time": 601.357, "Actual Rows": 11, "Actual Loops": 1, "Inner Unique": true, "Plans": [{"Node Type": "Nested Loop", "Parent Relationship": "Outer", "Join Type": "Inner", "Startup Cost": 84136.81, "Total Cost": 84888.82, "Plan Rows": 321, "Plan Width": 68, "Actual Startup Time": 567.496, "Actual Total Time": 598.972, "Actual Rows": 268, "Actual Loops": 1, "Inner Unique": false, "Plans": [{"Node Type": "Merge Join", "Parent Relationship": "Outer", "Join Type": "Inner", "Startup Cost": 84136.81, "Total Cost": 84203.8, "Plan Rows": 291, "Plan Width": 76, "Actual Startup Time": 567.235, "Actual Total Time": 567.438, "Actual Rows": 358, "Actual Loops": 1, "Inner Unique": false, "Merge Cond": "(it1.id = mi.info_type_id)", "Plans": [{"Node Type": "Sort", "Parent Relationship": "Outer", "Startup Cost": 2.41, "Total Cost": 2.42, "Plan Rows": 1, "Plan Width": 4, "Actual Startup Time": 0.063, "Actual Total Time": 0.063, "Actual Rows": 1, "Actual Loops": 1, "Sort Key": ["it1.id"], "Sort Method": "quicksort", "Sort Space Used": 25, "Sort Space Type": "Memory", "Plans": [{"Node Type": "Seq Scan", "Parent Relationship": "Outer", "Relation Name": "info_type", "Alias": "it1", "Startup Cost": 0.0, "Total Cost": 2.4, "Plan Rows": 1, "Plan Width": 4, "Actual Startup Time": 0.03, "Actual Total Time": 0.054, "Actual Rows": 1, "Actual Loops": 1, "Filter": "((info)::text = 'genres'::text)", "Rows Removed by Filter": 111}]}, {"Node Type": "Sort", "Parent Relationship": "Inner", "Startup Cost": 84130.65, "Total Cost": 84165.04, "Plan Rows": 13753, "Plan Width": 80, "Actual Startup Time": 567.159, "Actual Total Time": 567.22, "Actual Rows": 358, "Actual Loops": 1, "Sort Key": ["mi.info_type_id"], "Sort Method": "quicksort", "Sort Space Used": 75, "Sort Space Type": "Memory", "Plans": [{"Node Type": "Nested Loop", "Parent Relationship": "Outer", "Join Type": "Inner", "Startup Cost": 7419.04, "Total Cost": 83185.31, "Plan Rows": 13753, "Plan Width": 80, "Actual Startup Time": 61.283, "Actual Total Time": 566.739, "Actual Rows": 358, "Actual Loops": 1, "Inner Unique": false, "Plans": [{"Node Type": "Nested Loop", "Parent Relationship": "Outer", "Join Type": "Inner", "Startup Cost": 7419.04, "Total Cost": 61813.18, "Plan Rows": 15041, "Plan Width": 30, "Actual Startup Time": 54.459, "Actual Total Time": 413.235, "Actual Rows": 6152, "Actual Loops": 1, "Inner Unique": true, "Plans": [{"Node Type": "Nested Loop", "Parent Relationship": "Outer", "Join Type": "Inner", "Startup Cost": 7419.04, "Total Cost": 19199.92, "Plan Rows": 12936, "Plan Width": 9, "Actual Startup Time": 52.955, "Actual Total Time": 328.307, "Actual Rows": 15849, "Actual Loops": 1, "Inner Unique": false, "Plans": [{"Node Type": "Seq Scan", "Parent Relationship": "Outer", "Relation Name": "info_type", "Alias": "it2", "Startup Cost": 0.0, "Total Cost": 2.4, "Plan Rows": 1, "Plan Width": 4, "Actual Startup Time": 0.045, "Actual Total Time": 0.068, "Actual Rows": 1, "Actual Loops": 1, "Filter": "((info)::text = 'rating'::text)", "Rows Removed by Filter": 111}, {"Node Type": "Bitmap Heap Scan", "Parent Relationship": "Inner", "Relation Name": "movie_info_idx", "Alias": "mi_idx", "Startup Cost": 7419.04, "Total Cost": 19068.16, "Plan Rows": 12936, "Plan Width": 13, "Actual Startup Time": 52.905, "Actual Total Time": 324.563, "Actual Rows": 15849, "Actual Loops": 1, "Recheck Cond": "(info_type_id = it2.id)", "Rows Removed by Index Recheck": 0, "Filter": "((info)::text > '8.0'::text)", "Rows Removed by Filter": 444076, "Exact Heap Blocks": 6472, "Lossy Heap Blocks": 6472, "Plans": [{"Node Type": "Bitmap Index Scan", "Parent Relationship": "Outer", "Index Name": "info_type_id_movie_info_idx", "Startup Cost": 0.0, "Total Cost": 7415.81, "Plan Rows": 345008, "Plan Width": 0, "Actual Startup Time": 51.664, "Actual Total Time": 51.664, "Actual Rows": 459925, "Actual Loops": 1, "Index Cond": "(info_type_id = it2.id)"}]}]}, {"Node Type": "Index Scan", "Parent Relationship": "Inner", "Scan Direction": "Forward", "Index Name": "title_pkey", "Relation Name": "title", "Alias": "t", "Startup Cost": 0.0, "Total Cost": 3.28, "Plan Rows": 1, "Plan Width": 21, "Actual Startup Time": 74.676, "Actual Total Time": 74.676, "Actual Rows": 6152, "Actual Loops": 15849, "Index Cond": "(id = mi_idx.movie_id)", "Rows Removed by Index Recheck": 0, "Filter": "((production_year >= 2008) AND (production_year <= 2014))", "Rows Removed by Filter": 9697}]}, {"Node Type": "Index Scan", "Parent Relationship": "Inner", "Scan Direction": "Forward", "Index Name": "movie_id_movie_info", "Relation Name": "movie_info", "Alias": "mi", "Startup Cost": 0.0, "Total Cost": 1.41, "Plan Rows": 1, "Plan Width": 50, "Actual Startup Time": 149.611, "Actual Total Time": 149.923, "Actual Rows": 358, "Actual Loops": 6152, "Index Cond": "(movie_id = t.id)", "Rows Removed by Index Recheck": 0, "Filter": "((note IS NULL) AND ((info)::text = ANY ('{Horror,Thriller}'::text[])))", "Rows Removed by Filter": 109599}]}]}]}, {"Node Type": "Index Scan", "Parent Relationship": "Inner", "Scan Direction": "Forward", "Index Name": "movie_id_cast_info", "Relation Name": "cast_info", "Alias": "ci", "Startup Cost": 0.0, "Total Cost": 2.34, "Plan Rows": 1, "Plan Width": 8, "Actual Startup Time": 24.61, "Actual Total Time": 31.243, "Actual Rows": 268, "Actual Loops": 358, "Index Cond": "(movie_id = t.id)", "Rows Removed by Index Recheck": 0, "Filter": "((note)::text = ANY ('{(writer),\"(head writer)\",\"(written by)\",(story),\"(story editor)\"}'::text[]))", "Rows Removed by Filter": 12296}]}, {"Node Type": "Index Scan", "Parent Relationship": "Inner", "Scan Direction": "Forward", "Index Name": "name_pkey", "Relation Name": "name", "Alias": "n", "Startup Cost": 0.0, "Total Cost": 0.49, "Plan Rows": 1, "Plan Width": 4, "Actual Startup Time": 2.213, "Actual Total Time": 2.213, "Actual Rows": 11, "Actual Loops": 268, "Index Cond": "(id = ci.person_id)", "Rows Removed by Index Recheck": 0, "Filter": "((gender IS NOT NULL) AND ((gender)::text = 'f'::text))", "Rows Removed by Filter": 257}]}]}, "Triggers": [], "Planner Runtime": 21.556, "Total Runtime": 601.836, "Unique SQL Id": 661781350}}, "(64, '81')": {"explain_plan": {"Plan": {"Node Type": "Aggregate", "Strategy": "Plain", "Startup Cost": 85075.06, "Total Cost": 85075.07, "Plan Rows": 1, "Plan Width": 160, "Plans": [{"Node Type": "Nested Loop", "Parent Relationship": "Outer", "Join Type": "Inner", "Startup Cost": 84146.21, "Total Cost": 85073.42, "Plan Rows": 219, "Plan Width": 64, "Inner Unique": true, "Plans": [{"Node Type": "Nested Loop", "Parent Relationship": "Outer", "Join Type": "Inner", "Startup Cost": 84146.21, "Total Cost": 84912.43, "Plan Rows": 321, "Plan Width": 68, "Inner Unique": false, "Plans": [{"Node Type": "Merge Join", "Parent Relationship": "Outer", "Join Type": "Inner", "Startup Cost": 84146.21, "Total Cost": 84227.4, "Plan Rows": 291, "Plan Width": 76, "Inner Unique": false, "Merge Cond": "(it1.id = mi.info_type_id)", "Plans": [{"Node Type": "Index Scan", "Parent Relationship": "Outer", "Scan Direction": "Forward", "Index Name": "info_type_pkey", "Relation Name": "info_type", "Alias": "it1", "Startup Cost": 0.0, "Total Cost": 14.21, "Plan Rows": 1, "Plan Width": 4, "Filter": "((info)::text = 'genres'::text)"}, {"Node Type": "Sort", "Parent Relationship": "Inner", "Startup Cost": 84142.46, "Total Cost": 84176.85, "Plan Rows": 13753, "Plan Width": 80, "Sort Key": ["mi.info_type_id"], "Plans": [{"Node Type": "Nested Loop", "Parent Relationship": "Outer", "Join Type": "Inner", "Startup Cost": 7419.04, "Total Cost": 83197.12, "Plan Rows": 13753, "Plan Width": 80, "Inner Unique": false, "Plans": [{"Node Type": "Nested Loop", "Parent Relationship": "Outer", "Join Type": "Inner", "Startup Cost": 7419.04, "Total Cost": 61824.99, "Plan Rows": 15041, "Plan Width": 30, "Inner Unique": true, "Plans": [{"Node Type": "Nested Loop", "Parent Relationship": "Outer", "Join Type": "Inner", "Startup Cost": 7419.04, "Total Cost": 19211.73, "Plan Rows": 12936, "Plan Width": 9, "Inner Unique": false, "Plans": [{"Node Type": "Index Scan", "Parent Relationship": "Outer", "Scan Direction": "Forward", "Index Name": "info_type_pkey", "Relation Name": "info_type", "Alias": "it2", "Startup Cost": 0.0, "Total Cost": 14.21, "Plan Rows": 1, "Plan Width": 4, "Filter": "((info)::text = 'rating'::text)"}, {"Node Type": "Bitmap Heap Scan", "Parent Relationship": "Inner", "Relation Name": "movie_info_idx", "Alias": "mi_idx", "Startup Cost": 7419.04, "Total Cost": 19068.16, "Plan Rows": 12936, "Plan Width": 13, "Recheck Cond": "(info_type_id = it2.id)", "Filter": "((info)::text > '8.0'::text)", "Plans": [{"Node Type": "Bitmap Index Scan", "Parent Relationship": "Outer", "Index Name": "info_type_id_movie_info_idx", "Startup Cost": 0.0, "Total Cost": 7415.81, "Plan Rows": 345008, "Plan Width": 0, "Index Cond": "(info_type_id = it2.id)"}]}]}, {"Node Type": "Index Scan", "Parent Relationship": "Inner", "Scan Direction": "Forward", "Index Name": "title_pkey", "Relation Name": "title", "Alias": "t", "Startup Cost": 0.0, "Total Cost": 3.28, "Plan Rows": 1, "Plan Width": 21, "Index Cond": "(id = mi_idx.movie_id)", "Filter": "((production_year >= 2008) AND (production_year <= 2014))"}]}, {"Node Type": "Index Scan", "Parent Relationship": "Inner", "Scan Direction": "Forward", "Index Name": "movie_id_movie_info", "Relation Name": "movie_info", "Alias": "mi", "Startup Cost": 0.0, "Total Cost": 1.41, "Plan Rows": 1, "Plan Width": 50, "Index Cond": "(movie_id = t.id)", "Filter": "((note IS NULL) AND ((info)::text = ANY ('{Horror,Thriller}'::text[])))"}]}]}]}, {"Node Type": "Index Scan", "Parent Relationship": "Inner", "Scan Direction": "Forward", "Index Name": "movie_id_cast_info", "Relation Name": "cast_info", "Alias": "ci", "Startup Cost": 0.0, "Total Cost": 2.34, "Plan Rows": 1, "Plan Width": 8, "Index Cond": "(movie_id = t.id)", "Filter": "((note)::text = ANY ('{(writer),\"(head writer)\",\"(written by)\",(story),\"(story editor)\"}'::text[]))"}]}, {"Node Type": "Index Scan", "Parent Relationship": "Inner", "Scan Direction": "Forward", "Index Name": "name_pkey", "Relation Name": "name", "Alias": "n", "Startup Cost": 0.0, "Total Cost": 0.49, "Plan Rows": 1, "Plan Width": 4, "Index Cond": "(id = ci.person_id)", "Filter": "((gender IS NOT NULL) AND ((gender)::text = 'f'::text))"}]}]}, "Unique SQL Id": 661781350, "Planner Runtime": 19}, "explain_analyze_plan": {"Plan": {"Node Type": "Aggregate", "Strategy": "Plain", "Startup Cost": 85075.06, "Total Cost": 85075.07, "Plan Rows": 1, "Plan Width": 160, "Actual Startup Time": 658.533, "Actual Total Time": 658.534, "Actual Rows": 1, "Actual Loops": 1, "Plans": [{"Node Type": "Nested Loop", "Parent Relationship": "Outer", "Join Type": "Inner", "Startup Cost": 84146.21, "Total Cost": 85073.42, "Plan Rows": 219, "Plan Width": 64, "Actual Startup Time": 630.512, "Actual Total Time": 658.485, "Actual Rows": 11, "Actual Loops": 1, "Inner Unique": true, "Plans": [{"Node Type": "Nested Loop", "Parent Relationship": "Outer", "Join Type": "Inner", "Startup Cost": 84146.21, "Total Cost": 84912.43, "Plan Rows": 321, "Plan Width": 68, "Actual Startup Time": 628.111, "Actual Total Time": 656.554, "Actual Rows": 268, "Actual Loops": 1, "Inner Unique": false, "Plans": [{"Node Type": "Merge Join", "Parent Relationship": "Outer", "Join Type": "Inner", "Startup Cost": 84146.21, "Total Cost": 84227.4, "Plan Rows": 291, "Plan Width": 76, "Actual Startup Time": 627.896, "Actual Total Time": 628.18, "Actual Rows": 358, "Actual Loops": 1, "Inner Unique": false, "Merge Cond": "(it1.id = mi.info_type_id)", "Plans": [{"Node Type": "Index Scan", "Parent Relationship": "Outer", "Scan Direction": "Forward", "Index Name": "info_type_pkey", "Relation Name": "info_type", "Alias": "it1", "Startup Cost": 0.0, "Total Cost": 14.21, "Plan Rows": 1, "Plan Width": 4, "Actual Startup Time": 0.027, "Actual Total Time": 0.085, "Actual Rows": 1, "Actual Loops": 1, "Filter": "((info)::text = 'genres'::text)", "Rows Removed by Filter": 111}, {"Node Type": "Sort", "Parent Relationship": "Inner", "Startup Cost": 84142.46, "Total Cost": 84176.85, "Plan Rows": 13753, "Plan Width": 80, "Actual Startup Time": 627.86, "Actual Total Time": 627.948, "Actual Rows": 358, "Actual Loops": 1, "Sort Key": ["mi.info_type_id"], "Sort Method": "quicksort", "Sort Space Used": 75, "Sort Space Type": "Memory", "Plans": [{"Node Type": "Nested Loop", "Parent Relationship": "Outer", "Join Type": "Inner", "Startup Cost": 7419.04, "Total Cost": 83197.12, "Plan Rows": 13753, "Plan Width": 80, "Actual Startup Time": 63.789, "Actual Total Time": 627.44, "Actual Rows": 358, "Actual Loops": 1, "Inner Unique": false, "Plans": [{"Node Type": "Nested Loop", "Parent Relationship": "Outer", "Join Type": "Inner", "Startup Cost": 7419.04, "Total Cost": 61824.99, "Plan Rows": 15041, "Plan Width": 30, "Actual Startup Time": 55.572, "Actual Total Time": 455.124, "Actual Rows": 6152, "Actual Loops": 1, "Inner Unique": true, "Plans": [{"Node Type": "Nested Loop", "Parent Relationship": "Outer", "Join Type": "Inner", "Startup Cost": 7419.04, "Total Cost": 19211.73, "Plan Rows": 12936, "Plan Width": 9, "Actual Startup Time": 53.75, "Actual Total Time": 360.095, "Actual Rows": 15849, "Actual Loops": 1, "Inner Unique": false, "Plans": [{"Node Type": "Index Scan", "Parent Relationship": "Outer", "Scan Direction": "Forward", "Index Name": "info_type_pkey", "Relation Name": "info_type", "Alias": "it2", "Startup Cost": 0.0, "Total Cost": 14.21, "Plan Rows": 1, "Plan Width": 4, "Actual Startup Time": 0.055, "Actual Total Time": 0.066, "Actual Rows": 1, "Actual Loops": 1, "Filter": "((info)::text = 'rating'::text)", "Rows Removed by Filter": 111}, {"Node Type": "Bitmap Heap Scan", "Parent Relationship": "Inner", "Relation Name": "movie_info_idx", "Alias": "mi_idx", "Startup Cost": 7419.04, "Total Cost": 19068.16, "Plan Rows": 12936, "Plan Width": 13, "Actual Startup Time": 53.688, "Actual Total Time": 356.305, "Actual Rows": 15849, "Actual Loops": 1, "Recheck Cond": "(info_type_id = it2.id)", "Rows Removed by Index Recheck": 0, "Filter": "((info)::text > '8.0'::text)", "Rows Removed by Filter": 444076, "Exact Heap Blocks": 6472, "Lossy Heap Blocks": 6472, "Plans": [{"Node Type": "Bitmap Index Scan", "Parent Relationship": "Outer", "Index Name": "info_type_id_movie_info_idx", "Startup Cost": 0.0, "Total Cost": 7415.81, "Plan Rows": 345008, "Plan Width": 0, "Actual Startup Time": 52.47, "Actual Total Time": 52.47, "Actual Rows": 459925, "Actual Loops": 1, "Index Cond": "(info_type_id = it2.id)"}]}]}, {"Node Type": "Index Scan", "Parent Relationship": "Inner", "Scan Direction": "Forward", "Index Name": "title_pkey", "Relation Name": "title", "Alias": "t", "Startup Cost": 0.0, "Total Cost": 3.28, "Plan Rows": 1, "Plan Width": 21, "Actual Startup Time": 85.152, "Actual Total Time": 85.152, "Actual Rows": 6152, "Actual Loops": 15849, "Index Cond": "(id = mi_idx.movie_id)", "Rows Removed by Index Recheck": 0, "Filter": "((production_year >= 2008) AND (production_year <= 2014))", "Rows Removed by Filter": 9697}]}, {"Node Type": "Index Scan", "Parent Relationship": "Inner", "Scan Direction": "Forward", "Index Name": "movie_id_movie_info", "Relation Name": "movie_info", "Alias": "mi", "Startup Cost": 0.0, "Total Cost": 1.41, "Plan Rows": 1, "Plan Width": 50, "Actual Startup Time": 168.636, "Actual Total Time": 168.982, "Actual Rows": 358, "Actual Loops": 6152, "Index Cond": "(movie_id = t.id)", "Rows Removed by Index Recheck": 0, "Filter": "((note IS NULL) AND ((info)::text = ANY ('{Horror,Thriller}'::text[])))", "Rows Removed by Filter": 109599}]}]}]}, {"Node Type": "Index Scan", "Parent Relationship": "Inner", "Scan Direction": "Forward", "Index Name": "movie_id_cast_info", "Relation Name": "cast_info", "Alias": "ci", "Startup Cost": 0.0, "Total Cost": 2.34, "Plan Rows": 1, "Plan Width": 8, "Actual Startup Time": 22.068, "Actual Total Time": 28.097, "Actual Rows": 268, "Actual Loops": 358, "Index Cond": "(movie_id = t.id)", "Rows Removed by Index Recheck": 0, "Filter": "((note)::text = ANY ('{(writer),\"(head writer)\",\"(written by)\",(story),\"(story editor)\"}'::text[]))", "Rows Removed by Filter": 12296}]}, {"Node Type": "Index Scan", "Parent Relationship": "Inner", "Scan Direction": "Forward", "Index Name": "name_pkey", "Relation Name": "name", "Alias": "n", "Startup Cost": 0.0, "Total Cost": 0.49, "Plan Rows": 1, "Plan Width": 4, "Actual Startup Time": 1.75, "Actual Total Time": 1.75, "Actual Rows": 11, "Actual Loops": 268, "Index Cond": "(id = ci.person_id)", "Rows Removed by Index Recheck": 0, "Filter": "((gender IS NOT NULL) AND ((gender)::text = 'f'::text))", "Rows Removed by Filter": 257}]}]}, "Triggers": [], "Planner Runtime": 18.692, "Total Runtime": 658.906, "Unique SQL Id": 661781350}}, "(64, '82')": {"explain_plan": {"Plan": {"Node Type": "Aggregate", "Strategy": "Plain", "Startup Cost": 157930.24, "Total Cost": 157930.25, "Plan Rows": 1, "Plan Width": 160, "Plans": [{"Node Type": "Nested Loop", "Parent Relationship": "Outer", "Join Type": "Inner", "Startup Cost": 154978.63, "Total Cost": 157928.6, "Plan Rows": 219, "Plan Width": 64, "Inner Unique": true, "Plans": [{"Node Type": "Nested Loop", "Parent Relationship": "Outer", "Join Type": "Inner", "Startup Cost": 154978.33, "Total Cost": 156537.48, "Plan Rows": 321, "Plan Width": 68, "Inner Unique": false, "Plans": [{"Node Type": "Merge Join", "Parent Relationship": "Outer", "Join Type": "Inner", "Startup Cost": 154977.32, "Total Cost": 155044.3, "Plan Rows": 291, "Plan Width": 76, "Inner Unique": false, "Merge Cond": "(it1.id = mi.info_type_id)", "Plans": [{"Node Type": "Sort", "Parent Relationship": "Outer", "Startup Cost": 2.41, "Total Cost": 2.42, "Plan Rows": 1, "Plan Width": 4, "Sort Key": ["it1.id"], "Plans": [{"Node Type": "Seq Scan", "Parent Relationship": "Outer", "Relation Name": "info_type", "Alias": "it1", "Startup Cost": 0.0, "Total Cost": 2.4, "Plan Rows": 1, "Plan Width": 4, "Filter": "((info)::text = 'genres'::text)"}]}, {"Node Type": "Sort", "Parent Relationship": "Inner", "Startup Cost": 154971.16, "Total Cost": 155005.54, "Plan Rows": 13753, "Plan Width": 80, "Sort Key": ["mi.info_type_id"], "Plans": [{"Node Type": "Nested Loop", "Parent Relationship": "Outer", "Join Type": "Inner", "Startup Cost": 7420.6, "Total Cost": 154025.82, "Plan Rows": 13753, "Plan Width": 80, "Inner Unique": false, "Plans": [{"Node Type": "Nested Loop", "Parent Relationship": "Outer", "Join Type": "Inner", "Startup Cost": 7420.02, "Total Cost": 83886.56, "Plan Rows": 15041, "Plan Width": 30, "Inner Unique": true, "Plans": [{"Node Type": "Nested Loop", "Parent Relationship": "Outer", "Join Type": "Inner", "Startup Cost": 7419.04, "Total Cost": 19199.92, "Plan Rows": 12936, "Plan Width": 9, "Inner Unique": false, "Plans": [{"Node Type": "Seq Scan", "Parent Relationship": "Outer", "Relation Name": "info_type", "Alias": "it2", "Startup Cost": 0.0, "Total Cost": 2.4, "Plan Rows": 1, "Plan Width": 4, "Filter": "((info)::text = 'rating'::text)"}, {"Node Type": "Bitmap Heap Scan", "Parent Relationship": "Inner", "Relation Name": "movie_info_idx", "Alias": "mi_idx", "Startup Cost": 7419.04, "Total Cost": 19068.16, "Plan Rows": 12936, "Plan Width": 13, "Recheck Cond": "(info_type_id = it2.id)", "Filter": "((info)::text > '8.0'::text)", "Plans": [{"Node Type": "Bitmap Index Scan", "Parent Relationship": "Outer", "Index Name": "info_type_id_movie_info_idx", "Startup Cost": 0.0, "Total Cost": 7415.81, "Plan Rows": 345008, "Plan Width": 0, "Index Cond": "(info_type_id = it2.id)"}]}]}, {"Node Type": "Bitmap Heap Scan", "Parent Relationship": "Inner", "Relation Name": "title", "Alias": "t", "Startup Cost": 0.97, "Total Cost": 4.99, "Plan Rows": 1, "Plan Width": 21, "Recheck Cond": "(id = mi_idx.movie_id)", "Filter": "((production_year >= 2008) AND (production_year <= 2014))", "Plans": [{"Node Type": "Bitmap Index Scan", "Parent Relationship": "Outer", "Index Name": "title_pkey", "Startup Cost": 0.0, "Total Cost": 0.97, "Plan Rows": 1, "Plan Width": 0, "Index Cond": "(id = mi_idx.movie_id)"}]}]}, {"Node Type": "Bitmap Heap Scan", "Parent Relationship": "Inner", "Relation Name": "movie_info", "Alias": "mi", "Startup Cost": 0.58, "Total Cost": 4.65, "Plan Rows": 1, "Plan Width": 50, "Recheck Cond": "(movie_id = t.id)", "Filter": "((note IS NULL) AND ((info)::text = ANY ('{Horror,Thriller}'::text[])))", "Plans": [{"Node Type": "Bitmap Index Scan", "Parent Relationship": "Outer", "Index Name": "movie_id_movie_info", "Startup Cost": 0.0, "Total Cost": 0.58, "Plan Rows": 5, "Plan Width": 0, "Index Cond": "(movie_id = t.id)"}]}]}]}]}, {"Node Type": "Bitmap Heap Scan", "Parent Relationship": "Inner", "Relation Name": "cast_info", "Alias": "ci", "Startup Cost": 1.01, "Total Cost": 5.12, "Plan Rows": 1, "Plan Width": 8, "Recheck Cond": "(movie_id = t.id)", "Filter": "((note)::text = ANY ('{(writer),\"(head writer)\",\"(written by)\",(story),\"(story editor)\"}'::text[]))", "Plans": [{"Node Type": "Bitmap Index Scan", "Parent Relationship": "Outer", "Index Name": "movie_id_cast_info", "Startup Cost": 0.0, "Total Cost": 1.01, "Plan Rows": 6, "Plan Width": 0, "Index Cond": "(movie_id = t.id)"}]}]}, {"Node Type": "Bitmap Heap Scan", "Parent Relationship": "Inner", "Relation Name": "name", "Alias": "n", "Startup Cost": 0.31, "Total Cost": 4.32, "Plan Rows": 1, "Plan Width": 4, "Recheck Cond": "(id = ci.person_id)", "Filter": "((gender IS NOT NULL) AND ((gender)::text = 'f'::text))", "Plans": [{"Node Type": "Bitmap Index Scan", "Parent Relationship": "Outer", "Index Name": "name_pkey", "Startup Cost": 0.0, "Total Cost": 0.31, "Plan Rows": 1, "Plan Width": 0, "Index Cond": "(id = ci.person_id)"}]}]}]}, "Unique SQL Id": 661781350, "Planner Runtime": 25}, "explain_analyze_plan": {"Plan": {"Node Type": "Aggregate", "Strategy": "Plain", "Startup Cost": 157930.24, "Total Cost": 157930.25, "Plan Rows": 1, "Plan Width": 160, "Actual Startup Time": 634.632, "Actual Total Time": 634.632, "Actual Rows": 1, "Actual Loops": 1, "Plans": [{"Node Type": "Nested Loop", "Parent Relationship": "Outer", "Join Type": "Inner", "Startup Cost": 154978.63, "Total Cost": 157928.6, "Plan Rows": 219, "Plan Width": 64, "Actual Startup Time": 599.806, "Actual Total Time": 634.574, "Actual Rows": 11, "Actual Loops": 1, "Inner Unique": true, "Plans": [{"Node Type": "Nested Loop", "Parent Relationship": "Outer", "Join Type": "Inner", "Startup Cost": 154978.33, "Total Cost": 156537.48, "Plan Rows": 321, "Plan Width": 68, "Actual Startup Time": 597.006, "Actual Total Time": 632.153, "Actual Rows": 268, "Actual Loops": 1, "Inner Unique": false, "Plans": [{"Node Type": "Merge Join", "Parent Relationship": "Outer", "Join Type": "Inner", "Startup Cost": 154977.32, "Total Cost": 155044.3, "Plan Rows": 291, "Plan Width": 76, "Actual Startup Time": 596.737, "Actual Total Time": 596.982, "Actual Rows": 358, "Actual Loops": 1, "Inner Unique": false, "Merge Cond": "(it1.id = mi.info_type_id)", "Plans": [{"Node Type": "Sort", "Parent Relationship": "Outer", "Startup Cost": 2.41, "Total Cost": 2.42, "Plan Rows": 1, "Plan Width": 4, "Actual Startup Time": 0.072, "Actual Total Time": 0.072, "Actual Rows": 1, "Actual Loops": 1, "Sort Key": ["it1.id"], "Sort Method": "quicksort", "Sort Space Used": 25, "Sort Space Type": "Memory", "Plans": [{"Node Type": "Seq Scan", "Parent Relationship": "Outer", "Relation Name": "info_type", "Alias": "it1", "Startup Cost": 0.0, "Total Cost": 2.4, "Plan Rows": 1, "Plan Width": 4, "Actual Startup Time": 0.039, "Actual Total Time": 0.062, "Actual Rows": 1, "Actual Loops": 1, "Filter": "((info)::text = 'genres'::text)", "Rows Removed by Filter": 111}]}, {"Node Type": "Sort", "Parent Relationship": "Inner", "Startup Cost": 154971.16, "Total Cost": 155005.54, "Plan Rows": 13753, "Plan Width": 80, "Actual Startup Time": 596.655, "Actual Total Time": 596.73, "Actual Rows": 358, "Actual Loops": 1, "Sort Key": ["mi.info_type_id"], "Sort Method": "quicksort", "Sort Space Used": 75, "Sort Space Type": "Memory", "Plans": [{"Node Type": "Nested Loop", "Parent Relationship": "Outer", "Join Type": "Inner", "Startup Cost": 7420.6, "Total Cost": 154025.82, "Plan Rows": 13753, "Plan Width": 80, "Actual Startup Time": 62.434, "Actual Total Time": 596.217, "Actual Rows": 358, "Actual Loops": 1, "Inner Unique": false, "Plans": [{"Node Type": "Nested Loop", "Parent Relationship": "Outer", "Join Type": "Inner", "Startup Cost": 7420.02, "Total Cost": 83886.56, "Plan Rows": 15041, "Plan Width": 30, "Actual Startup Time": 54.678, "Actual Total Time": 417.065, "Actual Rows": 6152, "Actual Loops": 1, "Inner Unique": true, "Plans": [{"Node Type": "Nested Loop", "Parent Relationship": "Outer", "Join Type": "Inner", "Startup Cost": 7419.04, "Total Cost": 19199.92, "Plan Rows": 12936, "Plan Width": 9, "Actual Startup Time": 52.944, "Actual Total Time": 305.001, "Actual Rows": 15849, "Actual Loops": 1, "Inner Unique": false, "Plans": [{"Node Type": "Seq Scan", "Parent Relationship": "Outer", "Relation Name": "info_type", "Alias": "it2", "Startup Cost": 0.0, "Total Cost": 2.4, "Plan Rows": 1, "Plan Width": 4, "Actual Startup Time": 0.051, "Actual Total Time": 0.078, "Actual Rows": 1, "Actual Loops": 1, "Filter": "((info)::text = 'rating'::text)", "Rows Removed by Filter": 111}, {"Node Type": "Bitmap Heap Scan", "Parent Relationship": "Inner", "Relation Name": "movie_info_idx", "Alias": "mi_idx", "Startup Cost": 7419.04, "Total Cost": 19068.16, "Plan Rows": 12936, "Plan Width": 13, "Actual Startup Time": 52.887, "Actual Total Time": 301.038, "Actual Rows": 15849, "Actual Loops": 1, "Recheck Cond": "(info_type_id = it2.id)", "Rows Removed by Index Recheck": 0, "Filter": "((info)::text > '8.0'::text)", "Rows Removed by Filter": 444076, "Exact Heap Blocks": 6472, "Lossy Heap Blocks": 6472, "Plans": [{"Node Type": "Bitmap Index Scan", "Parent Relationship": "Outer", "Index Name": "info_type_id_movie_info_idx", "Startup Cost": 0.0, "Total Cost": 7415.81, "Plan Rows": 345008, "Plan Width": 0, "Actual Startup Time": 51.611, "Actual Total Time": 51.611, "Actual Rows": 459925, "Actual Loops": 1, "Index Cond": "(info_type_id = it2.id)"}]}]}, {"Node Type": "Bitmap Heap Scan", "Parent Relationship": "Inner", "Relation Name": "title", "Alias": "t", "Startup Cost": 0.97, "Total Cost": 4.99, "Plan Rows": 1, "Plan Width": 21, "Actual Startup Time": 91.452, "Actual Total Time": 91.452, "Actual Rows": 6152, "Actual Loops": 15849, "Recheck Cond": "(id = mi_idx.movie_id)", "Rows Removed by Index Recheck": 0, "Filter": "((production_year >= 2008) AND (production_year <= 2014))", "Rows Removed by Filter": 9697, "Exact Heap Blocks": 15849, "Lossy Heap Blocks": 15849, "Plans": [{"Node Type": "Bitmap Index Scan", "Parent Relationship": "Outer", "Index Name": "title_pkey", "Startup Cost": 0.0, "Total Cost": 0.97, "Plan Rows": 1, "Plan Width": 0, "Actual Startup Time": 48.303, "Actual Total Time": 48.303, "Actual Rows": 15849, "Actual Loops": 15849, "Index Cond": "(id = mi_idx.movie_id)"}]}]}, {"Node Type": "Bitmap Heap Scan", "Parent Relationship": "Inner", "Relation Name": "movie_info", "Alias": "mi", "Startup Cost": 0.58, "Total Cost": 4.65, "Plan Rows": 1, "Plan Width": 50, "Actual Startup Time": 170.91, "Actual Total Time": 171.057, "Actual Rows": 358, "Actual Loops": 6152, "Recheck Cond": "(movie_id = t.id)", "Rows Removed by Index Recheck": 0, "Filter": "((note IS NULL) AND ((info)::text = ANY ('{Horror,Thriller}'::text[])))", "Rows Removed by Filter": 109599, "Exact Heap Blocks": 52726, "Lossy Heap Blocks": 52726, "Plans": [{"Node Type": "Bitmap Index Scan", "Parent Relationship": "Outer", "Index Name": "movie_id_movie_info", "Startup Cost": 0.0, "Total Cost": 0.58, "Plan Rows": 5, "Plan Width": 0, "Actual Startup Time": 40.685, "Actual Total Time": 40.685, "Actual Rows": 109957, "Actual Loops": 6152, "Index Cond": "(movie_id = t.id)"}]}]}]}]}, {"Node Type": "Bitmap Heap Scan", "Parent Relationship": "Inner", "Relation Name": "cast_info", "Alias": "ci", "Startup Cost": 1.01, "Total Cost": 5.12, "Plan Rows": 1, "Plan Width": 8, "Actual Startup Time": 27.777, "Actual Total Time": 34.453, "Actual Rows": 268, "Actual Loops": 358, "Recheck Cond": "(movie_id = t.id)", "Rows Removed by Index Recheck": 0, "Filter": "((note)::text = ANY ('{(writer),\"(head writer)\",\"(written by)\",(story),\"(story editor)\"}'::text[]))", "Rows Removed by Filter": 12296, "Exact Heap Blocks": 11454, "Lossy Heap Blocks": 11454, "Plans": [{"Node Type": "Bitmap Index Scan", "Parent Relationship": "Outer", "Index Name": "movie_id_cast_info", "Startup Cost": 0.0, "Total Cost": 1.01, "Plan Rows": 6, "Plan Width": 0, "Actual Startup Time": 4.701, "Actual Total Time": 4.701, "Actual Rows": 12564, "Actual Loops": 358, "Index Cond": "(movie_id = t.id)"}]}]}, {"Node Type": "Bitmap Heap Scan", "Parent Relationship": "Inner", "Relation Name": "name", "Alias": "n", "Startup Cost": 0.31, "Total Cost": 4.32, "Plan Rows": 1, "Plan Width": 4, "Actual Startup Time": 2.048, "Actual Total Time": 2.048, "Actual Rows": 11, "Actual Loops": 268, "Recheck Cond": "(id = ci.person_id)", "Rows Removed by Index Recheck": 0, "Filter": "((gender IS NOT NULL) AND ((gender)::text = 'f'::text))", "Rows Removed by Filter": 257, "Exact Heap Blocks": 268, "Lossy Heap Blocks": 268, "Plans": [{"Node Type": "Bitmap Index Scan", "Parent Relationship": "Outer", "Index Name": "name_pkey", "Startup Cost": 0.0, "Total Cost": 0.31, "Plan Rows": 1, "Plan Width": 0, "Actual Startup Time": 1.22, "Actual Total Time": 1.22, "Actual Rows": 268, "Actual Loops": 268, "Index Cond": "(id = ci.person_id)"}]}]}]}, "Triggers": [], "Planner Runtime": 24.781, "Total Runtime": 635.022, "Unique SQL Id": 661781350}}, "(64, '83')": {"explain_plan": {"Plan": {"Node Type": "Aggregate", "Strategy": "Plain", "Startup Cost": 157953.86, "Total Cost": 157953.87, "Plan Rows": 1, "Plan Width": 160, "Plans": [{"Node Type": "Nested Loop", "Parent Relationship": "Outer", "Join Type": "Inner", "Startup Cost": 155002.26, "Total Cost": 157952.22, "Plan Rows": 219, "Plan Width": 64, "Inner Unique": true, "Plans": [{"Node Type": "Nested Loop", "Parent Relationship": "Outer", "Join Type": "Inner", "Startup Cost": 155001.95, "Total Cost": 156561.1, "Plan Rows": 321, "Plan Width": 68, "Inner Unique": false, "Plans": [{"Node Type": "Merge Join", "Parent Relationship": "Outer", "Join Type": "Inner", "Startup Cost": 155000.94, "Total Cost": 155067.93, "Plan Rows": 291, "Plan Width": 76, "Inner Unique": false, "Merge Cond": "(it1.id = mi.info_type_id)", "Plans": [{"Node Type": "Sort", "Parent Relationship": "Outer", "Startup Cost": 14.22, "Total Cost": 14.23, "Plan Rows": 1, "Plan Width": 4, "Sort Key": ["it1.id"], "Plans": [{"Node Type": "Bitmap Heap Scan", "Parent Relationship": "Outer", "Relation Name": "info_type", "Alias": "it1", "Startup Cost": 8.81, "Total Cost": 14.21, "Plan Rows": 1, "Plan Width": 4, "Filter": "((info)::text = 'genres'::text)", "Plans": [{"Node Type": "Bitmap Index Scan", "Parent Relationship": "Outer", "Index Name": "info_type_pkey", "Startup Cost": 0.0, "Total Cost": 8.81, "Plan Rows": 112, "Plan Width": 0}]}]}, {"Node Type": "Sort", "Parent Relationship": "Inner", "Startup Cost": 154982.97, "Total Cost": 155017.36, "Plan Rows": 13753, "Plan Width": 80, "Sort Key": ["mi.info_type_id"], "Plans": [{"Node Type": "Nested Loop", "Parent Relationship": "Outer", "Join Type": "Inner", "Startup Cost": 7429.41, "Total Cost": 154037.63, "Plan Rows": 13753, "Plan Width": 80, "Inner Unique": false, "Plans": [{"Node Type": "Nested Loop", "Parent Relationship": "Outer", "Join Type": "Inner", "Startup Cost": 7428.83, "Total Cost": 83898.37, "Plan Rows": 15041, "Plan Width": 30, "Inner Unique": true, "Plans": [{"Node Type": "Nested Loop", "Parent Relationship": "Outer", "Join Type": "Inner", "Startup Cost": 7427.85, "Total Cost": 19211.73, "Plan Rows": 12936, "Plan Width": 9, "Inner Unique": false, "Plans": [{"Node Type": "Bitmap Heap Scan", "Parent Relationship": "Outer", "Relation Name": "info_type", "Alias": "it2", "Startup Cost": 8.81, "Total Cost": 14.21, "Plan Rows": 1, "Plan Width": 4, "Filter": "((info)::text = 'rating'::text)", "Plans": [{"Node Type": "Bitmap Index Scan", "Parent Relationship": "Outer", "Index Name": "info_type_pkey", "Startup Cost": 0.0, "Total Cost": 8.81, "Plan Rows": 112, "Plan Width": 0}]}, {"Node Type": "Bitmap Heap Scan", "Parent Relationship": "Inner", "Relation Name": "movie_info_idx", "Alias": "mi_idx", "Startup Cost": 7419.04, "Total Cost": 19068.16, "Plan Rows": 12936, "Plan Width": 13, "Recheck Cond": "(info_type_id = it2.id)", "Filter": "((info)::text > '8.0'::text)", "Plans": [{"Node Type": "Bitmap Index Scan", "Parent Relationship": "Outer", "Index Name": "info_type_id_movie_info_idx", "Startup Cost": 0.0, "Total Cost": 7415.81, "Plan Rows": 345008, "Plan Width": 0, "Index Cond": "(info_type_id = it2.id)"}]}]}, {"Node Type": "Bitmap Heap Scan", "Parent Relationship": "Inner", "Relation Name": "title", "Alias": "t", "Startup Cost": 0.97, "Total Cost": 4.99, "Plan Rows": 1, "Plan Width": 21, "Recheck Cond": "(id = mi_idx.movie_id)", "Filter": "((production_year >= 2008) AND (production_year <= 2014))", "Plans": [{"Node Type": "Bitmap Index Scan", "Parent Relationship": "Outer", "Index Name": "title_pkey", "Startup Cost": 0.0, "Total Cost": 0.97, "Plan Rows": 1, "Plan Width": 0, "Index Cond": "(id = mi_idx.movie_id)"}]}]}, {"Node Type": "Bitmap Heap Scan", "Parent Relationship": "Inner", "Relation Name": "movie_info", "Alias": "mi", "Startup Cost": 0.58, "Total Cost": 4.65, "Plan Rows": 1, "Plan Width": 50, "Recheck Cond": "(movie_id = t.id)", "Filter": "((note IS NULL) AND ((info)::text = ANY ('{Horror,Thriller}'::text[])))", "Plans": [{"Node Type": "Bitmap Index Scan", "Parent Relationship": "Outer", "Index Name": "movie_id_movie_info", "Startup Cost": 0.0, "Total Cost": 0.58, "Plan Rows": 5, "Plan Width": 0, "Index Cond": "(movie_id = t.id)"}]}]}]}]}, {"Node Type": "Bitmap Heap Scan", "Parent Relationship": "Inner", "Relation Name": "cast_info", "Alias": "ci", "Startup Cost": 1.01, "Total Cost": 5.12, "Plan Rows": 1, "Plan Width": 8, "Recheck Cond": "(movie_id = t.id)", "Filter": "((note)::text = ANY ('{(writer),\"(head writer)\",\"(written by)\",(story),\"(story editor)\"}'::text[]))", "Plans": [{"Node Type": "Bitmap Index Scan", "Parent Relationship": "Outer", "Index Name": "movie_id_cast_info", "Startup Cost": 0.0, "Total Cost": 1.01, "Plan Rows": 6, "Plan Width": 0, "Index Cond": "(movie_id = t.id)"}]}]}, {"Node Type": "Bitmap Heap Scan", "Parent Relationship": "Inner", "Relation Name": "name", "Alias": "n", "Startup Cost": 0.31, "Total Cost": 4.32, "Plan Rows": 1, "Plan Width": 4, "Recheck Cond": "(id = ci.person_id)", "Filter": "((gender IS NOT NULL) AND ((gender)::text = 'f'::text))", "Plans": [{"Node Type": "Bitmap Index Scan", "Parent Relationship": "Outer", "Index Name": "name_pkey", "Startup Cost": 0.0, "Total Cost": 0.31, "Plan Rows": 1, "Plan Width": 0, "Index Cond": "(id = ci.person_id)"}]}]}]}, "Unique SQL Id": 661781350, "Planner Runtime": 20}, "explain_analyze_plan": {"Plan": {"Node Type": "Aggregate", "Strategy": "Plain", "Startup Cost": 157953.86, "Total Cost": 157953.87, "Plan Rows": 1, "Plan Width": 160, "Actual Startup Time": 631.568, "Actual Total Time": 631.568, "Actual Rows": 1, "Actual Loops": 1, "Plans": [{"Node Type": "Nested Loop", "Parent Relationship": "Outer", "Join Type": "Inner", "Startup Cost": 155002.26, "Total Cost": 157952.22, "Plan Rows": 219, "Plan Width": 64, "Actual Startup Time": 596.966, "Actual Total Time": 631.518, "Actual Rows": 11, "Actual Loops": 1, "Inner Unique": true, "Plans": [{"Node Type": "Nested Loop", "Parent Relationship": "Outer", "Join Type": "Inner", "Startup Cost": 155001.95, "Total Cost": 156561.1, "Plan Rows": 321, "Plan Width": 68, "Actual Startup Time": 594.169, "Actual Total Time": 629.117, "Actual Rows": 268, "Actual Loops": 1, "Inner Unique": false, "Plans": [{"Node Type": "Merge Join", "Parent Relationship": "Outer", "Join Type": "Inner", "Startup Cost": 155000.94, "Total Cost": 155067.93, "Plan Rows": 291, "Plan Width": 76, "Actual Startup Time": 593.903, "Actual Total Time": 594.144, "Actual Rows": 358, "Actual Loops": 1, "Inner Unique": false, "Merge Cond": "(it1.id = mi.info_type_id)", "Plans": [{"Node Type": "Sort", "Parent Relationship": "Outer", "Startup Cost": 14.22, "Total Cost": 14.23, "Plan Rows": 1, "Plan Width": 4, "Actual Startup Time": 0.09, "Actual Total Time": 0.09, "Actual Rows": 1, "Actual Loops": 1, "Sort Key": ["it1.id"], "Sort Method": "quicksort", "Sort Space Used": 25, "Sort Space Type": "Memory", "Plans": [{"Node Type": "Bitmap Heap Scan", "Parent Relationship": "Outer", "Relation Name": "info_type", "Alias": "it1", "Startup Cost": 8.81, "Total Cost": 14.21, "Plan Rows": 1, "Plan Width": 4, "Actual Startup Time": 0.054, "Actual Total Time": 0.077, "Actual Rows": 1, "Actual Loops": 1, "Filter": "((info)::text = 'genres'::text)", "Rows Removed by Filter": 111, "Exact Heap Blocks": 1, "Lossy Heap Blocks": 1, "Plans": [{"Node Type": "Bitmap Index Scan", "Parent Relationship": "Outer", "Index Name": "info_type_pkey", "Startup Cost": 0.0, "Total Cost": 8.81, "Plan Rows": 112, "Plan Width": 0, "Actual Startup Time": 0.013, "Actual Total Time": 0.013, "Actual Rows": 112, "Actual Loops": 1}]}]}, {"Node Type": "Sort", "Parent Relationship": "Inner", "Startup Cost": 154982.97, "Total Cost": 155017.36, "Plan Rows": 13753, "Plan Width": 80, "Actual Startup Time": 593.803, "Actual Total Time": 593.863, "Actual Rows": 358, "Actual Loops": 1, "Sort Key": ["mi.info_type_id"], "Sort Method": "quicksort", "Sort Space Used": 75, "Sort Space Type": "Memory", "Plans": [{"Node Type": "Nested Loop", "Parent Relationship": "Outer", "Join Type": "Inner", "Startup Cost": 7429.41, "Total Cost": 154037.63, "Plan Rows": 13753, "Plan Width": 80, "Actual Startup Time": 61.84, "Actual Total Time": 593.419, "Actual Rows": 358, "Actual Loops": 1, "Inner Unique": false, "Plans": [{"Node Type": "Nested Loop", "Parent Relationship": "Outer", "Join Type": "Inner", "Startup Cost": 7428.83, "Total Cost": 83898.37, "Plan Rows": 15041, "Plan Width": 30, "Actual Startup Time": 54.196, "Actual Total Time": 414.673, "Actual Rows": 6152, "Actual Loops": 1, "Inner Unique": true, "Plans": [{"Node Type": "Nested Loop", "Parent Relationship": "Outer", "Join Type": "Inner", "Startup Cost": 7427.85, "Total Cost": 19211.73, "Plan Rows": 12936, "Plan Width": 9, "Actual Startup Time": 52.479, "Actual Total Time": 303.753, "Actual Rows": 15849, "Actual Loops": 1, "Inner Unique": false, "Plans": [{"Node Type": "Bitmap Heap Scan", "Parent Relationship": "Outer", "Relation Name": "info_type", "Alias": "it2", "Startup Cost": 8.81, "Total Cost": 14.21, "Plan Rows": 1, "Plan Width": 4, "Actual Startup Time": 0.076, "Actual Total Time": 0.085, "Actual Rows": 1, "Actual Loops": 1, "Filter": "((info)::text = 'rating'::text)", "Rows Removed by Filter": 111, "Exact Heap Blocks": 1, "Lossy Heap Blocks": 1, "Plans": [{"Node Type": "Bitmap Index Scan", "Parent Relationship": "Outer", "Index Name": "info_type_pkey", "Startup Cost": 0.0, "Total Cost": 8.81, "Plan Rows": 112, "Plan Width": 0, "Actual Startup Time": 0.009, "Actual Total Time": 0.009, "Actual Rows": 112, "Actual Loops": 1}]}, {"Node Type": "Bitmap Heap Scan", "Parent Relationship": "Inner", "Relation Name": "movie_info_idx", "Alias": "mi_idx", "Startup Cost": 7419.04, "Total Cost": 19068.16, "Plan Rows": 12936, "Plan Width": 13, "Actual Startup Time": 52.399, "Actual Total Time": 299.98, "Actual Rows": 15849, "Actual Loops": 1, "Recheck Cond": "(info_type_id = it2.id)", "Rows Removed by Index Recheck": 0, "Filter": "((info)::text > '8.0'::text)", "Rows Removed by Filter": 444076, "Exact Heap Blocks": 6472, "Lossy Heap Blocks": 6472, "Plans": [{"Node Type": "Bitmap Index Scan", "Parent Relationship": "Outer", "Index Name": "info_type_id_movie_info_idx", "Startup Cost": 0.0, "Total Cost": 7415.81, "Plan Rows": 345008, "Plan Width": 0, "Actual Startup Time": 51.191, "Actual Total Time": 51.191, "Actual Rows": 459925, "Actual Loops": 1, "Index Cond": "(info_type_id = it2.id)"}]}]}, {"Node Type": "Bitmap Heap Scan", "Parent Relationship": "Inner", "Relation Name": "title", "Alias": "t", "Startup Cost": 0.97, "Total Cost": 4.99, "Plan Rows": 1, "Plan Width": 21, "Actual Startup Time": 90.588, "Actual Total Time": 90.588, "Actual Rows": 6152, "Actual Loops": 15849, "Recheck Cond": "(id = mi_idx.movie_id)", "Rows Removed by Index Recheck": 0, "Filter": "((production_year >= 2008) AND (production_year <= 2014))", "Rows Removed by Filter": 9697, "Exact Heap Blocks": 15849, "Lossy Heap Blocks": 15849, "Plans": [{"Node Type": "Bitmap Index Scan", "Parent Relationship": "Outer", "Index Name": "title_pkey", "Startup Cost": 0.0, "Total Cost": 0.97, "Plan Rows": 1, "Plan Width": 0, "Actual Startup Time": 47.887, "Actual Total Time": 47.887, "Actual Rows": 15849, "Actual Loops": 15849, "Index Cond": "(id = mi_idx.movie_id)"}]}]}, {"Node Type": "Bitmap Heap Scan", "Parent Relationship": "Inner", "Relation Name": "movie_info", "Alias": "mi", "Startup Cost": 0.58, "Total Cost": 4.65, "Plan Rows": 1, "Plan Width": 50, "Actual Startup Time": 170.539, "Actual Total Time": 170.689, "Actual Rows": 358, "Actual Loops": 6152, "Recheck Cond": "(movie_id = t.id)", "Rows Removed by Index Recheck": 0, "Filter": "((note IS NULL) AND ((info)::text = ANY ('{Horror,Thriller}'::text[])))", "Rows Removed by Filter": 109599, "Exact Heap Blocks": 52726, "Lossy Heap Blocks": 52726, "Plans": [{"Node Type": "Bitmap Index Scan", "Parent Relationship": "Outer", "Index Name": "movie_id_movie_info", "Startup Cost": 0.0, "Total Cost": 0.58, "Plan Rows": 5, "Plan Width": 0, "Actual Startup Time": 40.452, "Actual Total Time": 40.452, "Actual Rows": 109957, "Actual Loops": 6152, "Index Cond": "(movie_id = t.id)"}]}]}]}]}, {"Node Type": "Bitmap Heap Scan", "Parent Relationship": "Inner", "Relation Name": "cast_info", "Alias": "ci", "Startup Cost": 1.01, "Total Cost": 5.12, "Plan Rows": 1, "Plan Width": 8, "Actual Startup Time": 27.637, "Actual Total Time": 34.277, "Actual Rows": 268, "Actual Loops": 358, "Recheck Cond": "(movie_id = t.id)", "Rows Removed by Index Recheck": 0, "Filter": "((note)::text = ANY ('{(writer),\"(head writer)\",\"(written by)\",(story),\"(story editor)\"}'::text[]))", "Rows Removed by Filter": 12296, "Exact Heap Blocks": 11454, "Lossy Heap Blocks": 11454, "Plans": [{"Node Type": "Bitmap Index Scan", "Parent Relationship": "Outer", "Index Name": "movie_id_cast_info", "Startup Cost": 0.0, "Total Cost": 1.01, "Plan Rows": 6, "Plan Width": 0, "Actual Startup Time": 4.699, "Actual Total Time": 4.699, "Actual Rows": 12564, "Actual Loops": 358, "Index Cond": "(movie_id = t.id)"}]}]}, {"Node Type": "Bitmap Heap Scan", "Parent Relationship": "Inner", "Relation Name": "name", "Alias": "n", "Startup Cost": 0.31, "Total Cost": 4.32, "Plan Rows": 1, "Plan Width": 4, "Actual Startup Time": 2.011, "Actual Total Time": 2.011, "Actual Rows": 11, "Actual Loops": 268, "Recheck Cond": "(id = ci.person_id)", "Rows Removed by Index Recheck": 0, "Filter": "((gender IS NOT NULL) AND ((gender)::text = 'f'::text))", "Rows Removed by Filter": 257, "Exact Heap Blocks": 268, "Lossy Heap Blocks": 268, "Plans": [{"Node Type": "Bitmap Index Scan", "Parent Relationship": "Outer", "Index Name": "name_pkey", "Startup Cost": 0.0, "Total Cost": 0.31, "Plan Rows": 1, "Plan Width": 0, "Actual Startup Time": 1.199, "Actual Total Time": 1.199, "Actual Rows": 268, "Actual Loops": 268, "Index Cond": "(id = ci.person_id)"}]}]}]}, "Triggers": [], "Planner Runtime": 20.399, "Total Runtime": 632.037, "Unique SQL Id": 661781350}}, "(64, '84')": {"explain_plan": {"Plan": {"Node Type": "Aggregate", "Strategy": "Plain", "Startup Cost": 85051.45, "Total Cost": 85051.46, "Plan Rows": 1, "Plan Width": 160, "Plans": [{"Node Type": "Nested Loop", "Parent Relationship": "Outer", "Join Type": "Inner", "Startup Cost": 84136.81, "Total Cost": 85049.81, "Plan Rows": 219, "Plan Width": 64, "Inner Unique": true, "Plans": [{"Node Type": "Nested Loop", "Parent Relationship": "Outer", "Join Type": "Inner", "Startup Cost": 84136.81, "Total Cost": 84888.82, "Plan Rows": 321, "Plan Width": 68, "Inner Unique": false, "Plans": [{"Node Type": "Merge Join", "Parent Relationship": "Outer", "Join Type": "Inner", "Startup Cost": 84136.81, "Total Cost": 84203.8, "Plan Rows": 291, "Plan Width": 76, "Inner Unique": false, "Merge Cond": "(it1.id = mi.info_type_id)", "Plans": [{"Node Type": "Sort", "Parent Relationship": "Outer", "Startup Cost": 2.41, "Total Cost": 2.42, "Plan Rows": 1, "Plan Width": 4, "Sort Key": ["it1.id"], "Plans": [{"Node Type": "Seq Scan", "Parent Relationship": "Outer", "Relation Name": "info_type", "Alias": "it1", "Startup Cost": 0.0, "Total Cost": 2.4, "Plan Rows": 1, "Plan Width": 4, "Filter": "((info)::text = 'genres'::text)"}]}, {"Node Type": "Sort", "Parent Relationship": "Inner", "Startup Cost": 84130.65, "Total Cost": 84165.04, "Plan Rows": 13753, "Plan Width": 80, "Sort Key": ["mi.info_type_id"], "Plans": [{"Node Type": "Nested Loop", "Parent Relationship": "Outer", "Join Type": "Inner", "Startup Cost": 7419.04, "Total Cost": 83185.31, "Plan Rows": 13753, "Plan Width": 80, "Inner Unique": false, "Plans": [{"Node Type": "Nested Loop", "Parent Relationship": "Outer", "Join Type": "Inner", "Startup Cost": 7419.04, "Total Cost": 61813.18, "Plan Rows": 15041, "Plan Width": 30, "Inner Unique": true, "Plans": [{"Node Type": "Nested Loop", "Parent Relationship": "Outer", "Join Type": "Inner", "Startup Cost": 7419.04, "Total Cost": 19199.92, "Plan Rows": 12936, "Plan Width": 9, "Inner Unique": false, "Plans": [{"Node Type": "Seq Scan", "Parent Relationship": "Outer", "Relation Name": "info_type", "Alias": "it2", "Startup Cost": 0.0, "Total Cost": 2.4, "Plan Rows": 1, "Plan Width": 4, "Filter": "((info)::text = 'rating'::text)"}, {"Node Type": "Bitmap Heap Scan", "Parent Relationship": "Inner", "Relation Name": "movie_info_idx", "Alias": "mi_idx", "Startup Cost": 7419.04, "Total Cost": 19068.16, "Plan Rows": 12936, "Plan Width": 13, "Recheck Cond": "(info_type_id = it2.id)", "Filter": "((info)::text > '8.0'::text)", "Plans": [{"Node Type": "Bitmap Index Scan", "Parent Relationship": "Outer", "Index Name": "info_type_id_movie_info_idx", "Startup Cost": 0.0, "Total Cost": 7415.81, "Plan Rows": 345008, "Plan Width": 0, "Index Cond": "(info_type_id = it2.id)"}]}]}, {"Node Type": "Index Scan", "Parent Relationship": "Inner", "Scan Direction": "Forward", "Index Name": "title_pkey", "Relation Name": "title", "Alias": "t", "Startup Cost": 0.0, "Total Cost": 3.28, "Plan Rows": 1, "Plan Width": 21, "Index Cond": "(id = mi_idx.movie_id)", "Filter": "((production_year >= 2008) AND (production_year <= 2014))"}]}, {"Node Type": "Index Scan", "Parent Relationship": "Inner", "Scan Direction": "Forward", "Index Name": "movie_id_movie_info", "Relation Name": "movie_info", "Alias": "mi", "Startup Cost": 0.0, "Total Cost": 1.41, "Plan Rows": 1, "Plan Width": 50, "Index Cond": "(movie_id = t.id)", "Filter": "((note IS NULL) AND ((info)::text = ANY ('{Horror,Thriller}'::text[])))"}]}]}]}, {"Node Type": "Index Scan", "Parent Relationship": "Inner", "Scan Direction": "Forward", "Index Name": "movie_id_cast_info", "Relation Name": "cast_info", "Alias": "ci", "Startup Cost": 0.0, "Total Cost": 2.34, "Plan Rows": 1, "Plan Width": 8, "Index Cond": "(movie_id = t.id)", "Filter": "((note)::text = ANY ('{(writer),\"(head writer)\",\"(written by)\",(story),\"(story editor)\"}'::text[]))"}]}, {"Node Type": "Index Scan", "Parent Relationship": "Inner", "Scan Direction": "Forward", "Index Name": "name_pkey", "Relation Name": "name", "Alias": "n", "Startup Cost": 0.0, "Total Cost": 0.49, "Plan Rows": 1, "Plan Width": 4, "Index Cond": "(id = ci.person_id)", "Filter": "((gender IS NOT NULL) AND ((gender)::text = 'f'::text))"}]}]}, "Unique SQL Id": 661781350, "Planner Runtime": 21}, "explain_analyze_plan": {"Plan": {"Node Type": "Aggregate", "Strategy": "Plain", "Startup Cost": 85051.45, "Total Cost": 85051.46, "Plan Rows": 1, "Plan Width": 160, "Actual Startup Time": 601.407, "Actual Total Time": 601.407, "Actual Rows": 1, "Actual Loops": 1, "Plans": [{"Node Type": "Nested Loop", "Parent Relationship": "Outer", "Join Type": "Inner", "Startup Cost": 84136.81, "Total Cost": 85049.81, "Plan Rows": 219, "Plan Width": 64, "Actual Startup Time": 570.146, "Actual Total Time": 601.357, "Actual Rows": 11, "Actual Loops": 1, "Inner Unique": true, "Plans": [{"Node Type": "Nested Loop", "Parent Relationship": "Outer", "Join Type": "Inner", "Startup Cost": 84136.81, "Total Cost": 84888.82, "Plan Rows": 321, "Plan Width": 68, "Actual Startup Time": 567.496, "Actual Total Time": 598.972, "Actual Rows": 268, "Actual Loops": 1, "Inner Unique": false, "Plans": [{"Node Type": "Merge Join", "Parent Relationship": "Outer", "Join Type": "Inner", "Startup Cost": 84136.81, "Total Cost": 84203.8, "Plan Rows": 291, "Plan Width": 76, "Actual Startup Time": 567.235, "Actual Total Time": 567.438, "Actual Rows": 358, "Actual Loops": 1, "Inner Unique": false, "Merge Cond": "(it1.id = mi.info_type_id)", "Plans": [{"Node Type": "Sort", "Parent Relationship": "Outer", "Startup Cost": 2.41, "Total Cost": 2.42, "Plan Rows": 1, "Plan Width": 4, "Actual Startup Time": 0.063, "Actual Total Time": 0.063, "Actual Rows": 1, "Actual Loops": 1, "Sort Key": ["it1.id"], "Sort Method": "quicksort", "Sort Space Used": 25, "Sort Space Type": "Memory", "Plans": [{"Node Type": "Seq Scan", "Parent Relationship": "Outer", "Relation Name": "info_type", "Alias": "it1", "Startup Cost": 0.0, "Total Cost": 2.4, "Plan Rows": 1, "Plan Width": 4, "Actual Startup Time": 0.03, "Actual Total Time": 0.054, "Actual Rows": 1, "Actual Loops": 1, "Filter": "((info)::text = 'genres'::text)", "Rows Removed by Filter": 111}]}, {"Node Type": "Sort", "Parent Relationship": "Inner", "Startup Cost": 84130.65, "Total Cost": 84165.04, "Plan Rows": 13753, "Plan Width": 80, "Actual Startup Time": 567.159, "Actual Total Time": 567.22, "Actual Rows": 358, "Actual Loops": 1, "Sort Key": ["mi.info_type_id"], "Sort Method": "quicksort", "Sort Space Used": 75, "Sort Space Type": "Memory", "Plans": [{"Node Type": "Nested Loop", "Parent Relationship": "Outer", "Join Type": "Inner", "Startup Cost": 7419.04, "Total Cost": 83185.31, "Plan Rows": 13753, "Plan Width": 80, "Actual Startup Time": 61.283, "Actual Total Time": 566.739, "Actual Rows": 358, "Actual Loops": 1, "Inner Unique": false, "Plans": [{"Node Type": "Nested Loop", "Parent Relationship": "Outer", "Join Type": "Inner", "Startup Cost": 7419.04, "Total Cost": 61813.18, "Plan Rows": 15041, "Plan Width": 30, "Actual Startup Time": 54.459, "Actual Total Time": 413.235, "Actual Rows": 6152, "Actual Loops": 1, "Inner Unique": true, "Plans": [{"Node Type": "Nested Loop", "Parent Relationship": "Outer", "Join Type": "Inner", "Startup Cost": 7419.04, "Total Cost": 19199.92, "Plan Rows": 12936, "Plan Width": 9, "Actual Startup Time": 52.955, "Actual Total Time": 328.307, "Actual Rows": 15849, "Actual Loops": 1, "Inner Unique": false, "Plans": [{"Node Type": "Seq Scan", "Parent Relationship": "Outer", "Relation Name": "info_type", "Alias": "it2", "Startup Cost": 0.0, "Total Cost": 2.4, "Plan Rows": 1, "Plan Width": 4, "Actual Startup Time": 0.045, "Actual Total Time": 0.068, "Actual Rows": 1, "Actual Loops": 1, "Filter": "((info)::text = 'rating'::text)", "Rows Removed by Filter": 111}, {"Node Type": "Bitmap Heap Scan", "Parent Relationship": "Inner", "Relation Name": "movie_info_idx", "Alias": "mi_idx", "Startup Cost": 7419.04, "Total Cost": 19068.16, "Plan Rows": 12936, "Plan Width": 13, "Actual Startup Time": 52.905, "Actual Total Time": 324.563, "Actual Rows": 15849, "Actual Loops": 1, "Recheck Cond": "(info_type_id = it2.id)", "Rows Removed by Index Recheck": 0, "Filter": "((info)::text > '8.0'::text)", "Rows Removed by Filter": 444076, "Exact Heap Blocks": 6472, "Lossy Heap Blocks": 6472, "Plans": [{"Node Type": "Bitmap Index Scan", "Parent Relationship": "Outer", "Index Name": "info_type_id_movie_info_idx", "Startup Cost": 0.0, "Total Cost": 7415.81, "Plan Rows": 345008, "Plan Width": 0, "Actual Startup Time": 51.664, "Actual Total Time": 51.664, "Actual Rows": 459925, "Actual Loops": 1, "Index Cond": "(info_type_id = it2.id)"}]}]}, {"Node Type": "Index Scan", "Parent Relationship": "Inner", "Scan Direction": "Forward", "Index Name": "title_pkey", "Relation Name": "title", "Alias": "t", "Startup Cost": 0.0, "Total Cost": 3.28, "Plan Rows": 1, "Plan Width": 21, "Actual Startup Time": 74.676, "Actual Total Time": 74.676, "Actual Rows": 6152, "Actual Loops": 15849, "Index Cond": "(id = mi_idx.movie_id)", "Rows Removed by Index Recheck": 0, "Filter": "((production_year >= 2008) AND (production_year <= 2014))", "Rows Removed by Filter": 9697}]}, {"Node Type": "Index Scan", "Parent Relationship": "Inner", "Scan Direction": "Forward", "Index Name": "movie_id_movie_info", "Relation Name": "movie_info", "Alias": "mi", "Startup Cost": 0.0, "Total Cost": 1.41, "Plan Rows": 1, "Plan Width": 50, "Actual Startup Time": 149.611, "Actual Total Time": 149.923, "Actual Rows": 358, "Actual Loops": 6152, "Index Cond": "(movie_id = t.id)", "Rows Removed by Index Recheck": 0, "Filter": "((note IS NULL) AND ((info)::text = ANY ('{Horror,Thriller}'::text[])))", "Rows Removed by Filter": 109599}]}]}]}, {"Node Type": "Index Scan", "Parent Relationship": "Inner", "Scan Direction": "Forward", "Index Name": "movie_id_cast_info", "Relation Name": "cast_info", "Alias": "ci", "Startup Cost": 0.0, "Total Cost": 2.34, "Plan Rows": 1, "Plan Width": 8, "Actual Startup Time": 24.61, "Actual Total Time": 31.243, "Actual Rows": 268, "Actual Loops": 358, "Index Cond": "(movie_id = t.id)", "Rows Removed by Index Recheck": 0, "Filter": "((note)::text = ANY ('{(writer),\"(head writer)\",\"(written by)\",(story),\"(story editor)\"}'::text[]))", "Rows Removed by Filter": 12296}]}, {"Node Type": "Index Scan", "Parent Relationship": "Inner", "Scan Direction": "Forward", "Index Name": "name_pkey", "Relation Name": "name", "Alias": "n", "Startup Cost": 0.0, "Total Cost": 0.49, "Plan Rows": 1, "Plan Width": 4, "Actual Startup Time": 2.213, "Actual Total Time": 2.213, "Actual Rows": 11, "Actual Loops": 268, "Index Cond": "(id = ci.person_id)", "Rows Removed by Index Recheck": 0, "Filter": "((gender IS NOT NULL) AND ((gender)::text = 'f'::text))", "Rows Removed by Filter": 257}]}]}, "Triggers": [], "Planner Runtime": 21.556, "Total Runtime": 601.836, "Unique SQL Id": 661781350}}, "(64, '85')": {"explain_plan": {"Plan": {"Node Type": "Aggregate", "Strategy": "Plain", "Startup Cost": 85075.06, "Total Cost": 85075.07, "Plan Rows": 1, "Plan Width": 160, "Plans": [{"Node Type": "Nested Loop", "Parent Relationship": "Outer", "Join Type": "Inner", "Startup Cost": 84146.21, "Total Cost": 85073.42, "Plan Rows": 219, "Plan Width": 64, "Inner Unique": true, "Plans": [{"Node Type": "Nested Loop", "Parent Relationship": "Outer", "Join Type": "Inner", "Startup Cost": 84146.21, "Total Cost": 84912.43, "Plan Rows": 321, "Plan Width": 68, "Inner Unique": false, "Plans": [{"Node Type": "Merge Join", "Parent Relationship": "Outer", "Join Type": "Inner", "Startup Cost": 84146.21, "Total Cost": 84227.4, "Plan Rows": 291, "Plan Width": 76, "Inner Unique": false, "Merge Cond": "(it1.id = mi.info_type_id)", "Plans": [{"Node Type": "Index Scan", "Parent Relationship": "Outer", "Scan Direction": "Forward", "Index Name": "info_type_pkey", "Relation Name": "info_type", "Alias": "it1", "Startup Cost": 0.0, "Total Cost": 14.21, "Plan Rows": 1, "Plan Width": 4, "Filter": "((info)::text = 'genres'::text)"}, {"Node Type": "Sort", "Parent Relationship": "Inner", "Startup Cost": 84142.46, "Total Cost": 84176.85, "Plan Rows": 13753, "Plan Width": 80, "Sort Key": ["mi.info_type_id"], "Plans": [{"Node Type": "Nested Loop", "Parent Relationship": "Outer", "Join Type": "Inner", "Startup Cost": 7419.04, "Total Cost": 83197.12, "Plan Rows": 13753, "Plan Width": 80, "Inner Unique": false, "Plans": [{"Node Type": "Nested Loop", "Parent Relationship": "Outer", "Join Type": "Inner", "Startup Cost": 7419.04, "Total Cost": 61824.99, "Plan Rows": 15041, "Plan Width": 30, "Inner Unique": true, "Plans": [{"Node Type": "Nested Loop", "Parent Relationship": "Outer", "Join Type": "Inner", "Startup Cost": 7419.04, "Total Cost": 19211.73, "Plan Rows": 12936, "Plan Width": 9, "Inner Unique": false, "Plans": [{"Node Type": "Index Scan", "Parent Relationship": "Outer", "Scan Direction": "Forward", "Index Name": "info_type_pkey", "Relation Name": "info_type", "Alias": "it2", "Startup Cost": 0.0, "Total Cost": 14.21, "Plan Rows": 1, "Plan Width": 4, "Filter": "((info)::text = 'rating'::text)"}, {"Node Type": "Bitmap Heap Scan", "Parent Relationship": "Inner", "Relation Name": "movie_info_idx", "Alias": "mi_idx", "Startup Cost": 7419.04, "Total Cost": 19068.16, "Plan Rows": 12936, "Plan Width": 13, "Recheck Cond": "(info_type_id = it2.id)", "Filter": "((info)::text > '8.0'::text)", "Plans": [{"Node Type": "Bitmap Index Scan", "Parent Relationship": "Outer", "Index Name": "info_type_id_movie_info_idx", "Startup Cost": 0.0, "Total Cost": 7415.81, "Plan Rows": 345008, "Plan Width": 0, "Index Cond": "(info_type_id = it2.id)"}]}]}, {"Node Type": "Index Scan", "Parent Relationship": "Inner", "Scan Direction": "Forward", "Index Name": "title_pkey", "Relation Name": "title", "Alias": "t", "Startup Cost": 0.0, "Total Cost": 3.28, "Plan Rows": 1, "Plan Width": 21, "Index Cond": "(id = mi_idx.movie_id)", "Filter": "((production_year >= 2008) AND (production_year <= 2014))"}]}, {"Node Type": "Index Scan", "Parent Relationship": "Inner", "Scan Direction": "Forward", "Index Name": "movie_id_movie_info", "Relation Name": "movie_info", "Alias": "mi", "Startup Cost": 0.0, "Total Cost": 1.41, "Plan Rows": 1, "Plan Width": 50, "Index Cond": "(movie_id = t.id)", "Filter": "((note IS NULL) AND ((info)::text = ANY ('{Horror,Thriller}'::text[])))"}]}]}]}, {"Node Type": "Index Scan", "Parent Relationship": "Inner", "Scan Direction": "Forward", "Index Name": "movie_id_cast_info", "Relation Name": "cast_info", "Alias": "ci", "Startup Cost": 0.0, "Total Cost": 2.34, "Plan Rows": 1, "Plan Width": 8, "Index Cond": "(movie_id = t.id)", "Filter": "((note)::text = ANY ('{(writer),\"(head writer)\",\"(written by)\",(story),\"(story editor)\"}'::text[]))"}]}, {"Node Type": "Index Scan", "Parent Relationship": "Inner", "Scan Direction": "Forward", "Index Name": "name_pkey", "Relation Name": "name", "Alias": "n", "Startup Cost": 0.0, "Total Cost": 0.49, "Plan Rows": 1, "Plan Width": 4, "Index Cond": "(id = ci.person_id)", "Filter": "((gender IS NOT NULL) AND ((gender)::text = 'f'::text))"}]}]}, "Unique SQL Id": 661781350, "Planner Runtime": 18}, "explain_analyze_plan": {"Plan": {"Node Type": "Aggregate", "Strategy": "Plain", "Startup Cost": 85075.06, "Total Cost": 85075.07, "Plan Rows": 1, "Plan Width": 160, "Actual Startup Time": 658.533, "Actual Total Time": 658.534, "Actual Rows": 1, "Actual Loops": 1, "Plans": [{"Node Type": "Nested Loop", "Parent Relationship": "Outer", "Join Type": "Inner", "Startup Cost": 84146.21, "Total Cost": 85073.42, "Plan Rows": 219, "Plan Width": 64, "Actual Startup Time": 630.512, "Actual Total Time": 658.485, "Actual Rows": 11, "Actual Loops": 1, "Inner Unique": true, "Plans": [{"Node Type": "Nested Loop", "Parent Relationship": "Outer", "Join Type": "Inner", "Startup Cost": 84146.21, "Total Cost": 84912.43, "Plan Rows": 321, "Plan Width": 68, "Actual Startup Time": 628.111, "Actual Total Time": 656.554, "Actual Rows": 268, "Actual Loops": 1, "Inner Unique": false, "Plans": [{"Node Type": "Merge Join", "Parent Relationship": "Outer", "Join Type": "Inner", "Startup Cost": 84146.21, "Total Cost": 84227.4, "Plan Rows": 291, "Plan Width": 76, "Actual Startup Time": 627.896, "Actual Total Time": 628.18, "Actual Rows": 358, "Actual Loops": 1, "Inner Unique": false, "Merge Cond": "(it1.id = mi.info_type_id)", "Plans": [{"Node Type": "Index Scan", "Parent Relationship": "Outer", "Scan Direction": "Forward", "Index Name": "info_type_pkey", "Relation Name": "info_type", "Alias": "it1", "Startup Cost": 0.0, "Total Cost": 14.21, "Plan Rows": 1, "Plan Width": 4, "Actual Startup Time": 0.027, "Actual Total Time": 0.085, "Actual Rows": 1, "Actual Loops": 1, "Filter": "((info)::text = 'genres'::text)", "Rows Removed by Filter": 111}, {"Node Type": "Sort", "Parent Relationship": "Inner", "Startup Cost": 84142.46, "Total Cost": 84176.85, "Plan Rows": 13753, "Plan Width": 80, "Actual Startup Time": 627.86, "Actual Total Time": 627.948, "Actual Rows": 358, "Actual Loops": 1, "Sort Key": ["mi.info_type_id"], "Sort Method": "quicksort", "Sort Space Used": 75, "Sort Space Type": "Memory", "Plans": [{"Node Type": "Nested Loop", "Parent Relationship": "Outer", "Join Type": "Inner", "Startup Cost": 7419.04, "Total Cost": 83197.12, "Plan Rows": 13753, "Plan Width": 80, "Actual Startup Time": 63.789, "Actual Total Time": 627.44, "Actual Rows": 358, "Actual Loops": 1, "Inner Unique": false, "Plans": [{"Node Type": "Nested Loop", "Parent Relationship": "Outer", "Join Type": "Inner", "Startup Cost": 7419.04, "Total Cost": 61824.99, "Plan Rows": 15041, "Plan Width": 30, "Actual Startup Time": 55.572, "Actual Total Time": 455.124, "Actual Rows": 6152, "Actual Loops": 1, "Inner Unique": true, "Plans": [{"Node Type": "Nested Loop", "Parent Relationship": "Outer", "Join Type": "Inner", "Startup Cost": 7419.04, "Total Cost": 19211.73, "Plan Rows": 12936, "Plan Width": 9, "Actual Startup Time": 53.75, "Actual Total Time": 360.095, "Actual Rows": 15849, "Actual Loops": 1, "Inner Unique": false, "Plans": [{"Node Type": "Index Scan", "Parent Relationship": "Outer", "Scan Direction": "Forward", "Index Name": "info_type_pkey", "Relation Name": "info_type", "Alias": "it2", "Startup Cost": 0.0, "Total Cost": 14.21, "Plan Rows": 1, "Plan Width": 4, "Actual Startup Time": 0.055, "Actual Total Time": 0.066, "Actual Rows": 1, "Actual Loops": 1, "Filter": "((info)::text = 'rating'::text)", "Rows Removed by Filter": 111}, {"Node Type": "Bitmap Heap Scan", "Parent Relationship": "Inner", "Relation Name": "movie_info_idx", "Alias": "mi_idx", "Startup Cost": 7419.04, "Total Cost": 19068.16, "Plan Rows": 12936, "Plan Width": 13, "Actual Startup Time": 53.688, "Actual Total Time": 356.305, "Actual Rows": 15849, "Actual Loops": 1, "Recheck Cond": "(info_type_id = it2.id)", "Rows Removed by Index Recheck": 0, "Filter": "((info)::text > '8.0'::text)", "Rows Removed by Filter": 444076, "Exact Heap Blocks": 6472, "Lossy Heap Blocks": 6472, "Plans": [{"Node Type": "Bitmap Index Scan", "Parent Relationship": "Outer", "Index Name": "info_type_id_movie_info_idx", "Startup Cost": 0.0, "Total Cost": 7415.81, "Plan Rows": 345008, "Plan Width": 0, "Actual Startup Time": 52.47, "Actual Total Time": 52.47, "Actual Rows": 459925, "Actual Loops": 1, "Index Cond": "(info_type_id = it2.id)"}]}]}, {"Node Type": "Index Scan", "Parent Relationship": "Inner", "Scan Direction": "Forward", "Index Name": "title_pkey", "Relation Name": "title", "Alias": "t", "Startup Cost": 0.0, "Total Cost": 3.28, "Plan Rows": 1, "Plan Width": 21, "Actual Startup Time": 85.152, "Actual Total Time": 85.152, "Actual Rows": 6152, "Actual Loops": 15849, "Index Cond": "(id = mi_idx.movie_id)", "Rows Removed by Index Recheck": 0, "Filter": "((production_year >= 2008) AND (production_year <= 2014))", "Rows Removed by Filter": 9697}]}, {"Node Type": "Index Scan", "Parent Relationship": "Inner", "Scan Direction": "Forward", "Index Name": "movie_id_movie_info", "Relation Name": "movie_info", "Alias": "mi", "Startup Cost": 0.0, "Total Cost": 1.41, "Plan Rows": 1, "Plan Width": 50, "Actual Startup Time": 168.636, "Actual Total Time": 168.982, "Actual Rows": 358, "Actual Loops": 6152, "Index Cond": "(movie_id = t.id)", "Rows Removed by Index Recheck": 0, "Filter": "((note IS NULL) AND ((info)::text = ANY ('{Horror,Thriller}'::text[])))", "Rows Removed by Filter": 109599}]}]}]}, {"Node Type": "Index Scan", "Parent Relationship": "Inner", "Scan Direction": "Forward", "Index Name": "movie_id_cast_info", "Relation Name": "cast_info", "Alias": "ci", "Startup Cost": 0.0, "Total Cost": 2.34, "Plan Rows": 1, "Plan Width": 8, "Actual Startup Time": 22.068, "Actual Total Time": 28.097, "Actual Rows": 268, "Actual Loops": 358, "Index Cond": "(movie_id = t.id)", "Rows Removed by Index Recheck": 0, "Filter": "((note)::text = ANY ('{(writer),\"(head writer)\",\"(written by)\",(story),\"(story editor)\"}'::text[]))", "Rows Removed by Filter": 12296}]}, {"Node Type": "Index Scan", "Parent Relationship": "Inner", "Scan Direction": "Forward", "Index Name": "name_pkey", "Relation Name": "name", "Alias": "n", "Startup Cost": 0.0, "Total Cost": 0.49, "Plan Rows": 1, "Plan Width": 4, "Actual Startup Time": 1.75, "Actual Total Time": 1.75, "Actual Rows": 11, "Actual Loops": 268, "Index Cond": "(id = ci.person_id)", "Rows Removed by Index Recheck": 0, "Filter": "((gender IS NOT NULL) AND ((gender)::text = 'f'::text))", "Rows Removed by Filter": 257}]}]}, "Triggers": [], "Planner Runtime": 18.692, "Total Runtime": 658.906, "Unique SQL Id": 661781350}}, "(64, '86')": {"explain_plan": {"Plan": {"Node Type": "Aggregate", "Strategy": "Plain", "Startup Cost": 157930.24, "Total Cost": 157930.25, "Plan Rows": 1, "Plan Width": 160, "Plans": [{"Node Type": "Nested Loop", "Parent Relationship": "Outer", "Join Type": "Inner", "Startup Cost": 154978.63, "Total Cost": 157928.6, "Plan Rows": 219, "Plan Width": 64, "Inner Unique": true, "Plans": [{"Node Type": "Nested Loop", "Parent Relationship": "Outer", "Join Type": "Inner", "Startup Cost": 154978.33, "Total Cost": 156537.48, "Plan Rows": 321, "Plan Width": 68, "Inner Unique": false, "Plans": [{"Node Type": "Merge Join", "Parent Relationship": "Outer", "Join Type": "Inner", "Startup Cost": 154977.32, "Total Cost": 155044.3, "Plan Rows": 291, "Plan Width": 76, "Inner Unique": false, "Merge Cond": "(it1.id = mi.info_type_id)", "Plans": [{"Node Type": "Sort", "Parent Relationship": "Outer", "Startup Cost": 2.41, "Total Cost": 2.42, "Plan Rows": 1, "Plan Width": 4, "Sort Key": ["it1.id"], "Plans": [{"Node Type": "Seq Scan", "Parent Relationship": "Outer", "Relation Name": "info_type", "Alias": "it1", "Startup Cost": 0.0, "Total Cost": 2.4, "Plan Rows": 1, "Plan Width": 4, "Filter": "((info)::text = 'genres'::text)"}]}, {"Node Type": "Sort", "Parent Relationship": "Inner", "Startup Cost": 154971.16, "Total Cost": 155005.54, "Plan Rows": 13753, "Plan Width": 80, "Sort Key": ["mi.info_type_id"], "Plans": [{"Node Type": "Nested Loop", "Parent Relationship": "Outer", "Join Type": "Inner", "Startup Cost": 7420.6, "Total Cost": 154025.82, "Plan Rows": 13753, "Plan Width": 80, "Inner Unique": false, "Plans": [{"Node Type": "Nested Loop", "Parent Relationship": "Outer", "Join Type": "Inner", "Startup Cost": 7420.02, "Total Cost": 83886.56, "Plan Rows": 15041, "Plan Width": 30, "Inner Unique": true, "Plans": [{"Node Type": "Nested Loop", "Parent Relationship": "Outer", "Join Type": "Inner", "Startup Cost": 7419.04, "Total Cost": 19199.92, "Plan Rows": 12936, "Plan Width": 9, "Inner Unique": false, "Plans": [{"Node Type": "Seq Scan", "Parent Relationship": "Outer", "Relation Name": "info_type", "Alias": "it2", "Startup Cost": 0.0, "Total Cost": 2.4, "Plan Rows": 1, "Plan Width": 4, "Filter": "((info)::text = 'rating'::text)"}, {"Node Type": "Bitmap Heap Scan", "Parent Relationship": "Inner", "Relation Name": "movie_info_idx", "Alias": "mi_idx", "Startup Cost": 7419.04, "Total Cost": 19068.16, "Plan Rows": 12936, "Plan Width": 13, "Recheck Cond": "(info_type_id = it2.id)", "Filter": "((info)::text > '8.0'::text)", "Plans": [{"Node Type": "Bitmap Index Scan", "Parent Relationship": "Outer", "Index Name": "info_type_id_movie_info_idx", "Startup Cost": 0.0, "Total Cost": 7415.81, "Plan Rows": 345008, "Plan Width": 0, "Index Cond": "(info_type_id = it2.id)"}]}]}, {"Node Type": "Bitmap Heap Scan", "Parent Relationship": "Inner", "Relation Name": "title", "Alias": "t", "Startup Cost": 0.97, "Total Cost": 4.99, "Plan Rows": 1, "Plan Width": 21, "Recheck Cond": "(id = mi_idx.movie_id)", "Filter": "((production_year >= 2008) AND (production_year <= 2014))", "Plans": [{"Node Type": "Bitmap Index Scan", "Parent Relationship": "Outer", "Index Name": "title_pkey", "Startup Cost": 0.0, "Total Cost": 0.97, "Plan Rows": 1, "Plan Width": 0, "Index Cond": "(id = mi_idx.movie_id)"}]}]}, {"Node Type": "Bitmap Heap Scan", "Parent Relationship": "Inner", "Relation Name": "movie_info", "Alias": "mi", "Startup Cost": 0.58, "Total Cost": 4.65, "Plan Rows": 1, "Plan Width": 50, "Recheck Cond": "(movie_id = t.id)", "Filter": "((note IS NULL) AND ((info)::text = ANY ('{Horror,Thriller}'::text[])))", "Plans": [{"Node Type": "Bitmap Index Scan", "Parent Relationship": "Outer", "Index Name": "movie_id_movie_info", "Startup Cost": 0.0, "Total Cost": 0.58, "Plan Rows": 5, "Plan Width": 0, "Index Cond": "(movie_id = t.id)"}]}]}]}]}, {"Node Type": "Bitmap Heap Scan", "Parent Relationship": "Inner", "Relation Name": "cast_info", "Alias": "ci", "Startup Cost": 1.01, "Total Cost": 5.12, "Plan Rows": 1, "Plan Width": 8, "Recheck Cond": "(movie_id = t.id)", "Filter": "((note)::text = ANY ('{(writer),\"(head writer)\",\"(written by)\",(story),\"(story editor)\"}'::text[]))", "Plans": [{"Node Type": "Bitmap Index Scan", "Parent Relationship": "Outer", "Index Name": "movie_id_cast_info", "Startup Cost": 0.0, "Total Cost": 1.01, "Plan Rows": 6, "Plan Width": 0, "Index Cond": "(movie_id = t.id)"}]}]}, {"Node Type": "Bitmap Heap Scan", "Parent Relationship": "Inner", "Relation Name": "name", "Alias": "n", "Startup Cost": 0.31, "Total Cost": 4.32, "Plan Rows": 1, "Plan Width": 4, "Recheck Cond": "(id = ci.person_id)", "Filter": "((gender IS NOT NULL) AND ((gender)::text = 'f'::text))", "Plans": [{"Node Type": "Bitmap Index Scan", "Parent Relationship": "Outer", "Index Name": "name_pkey", "Startup Cost": 0.0, "Total Cost": 0.31, "Plan Rows": 1, "Plan Width": 0, "Index Cond": "(id = ci.person_id)"}]}]}]}, "Unique SQL Id": 661781350, "Planner Runtime": 24}, "explain_analyze_plan": {"Plan": {"Node Type": "Aggregate", "Strategy": "Plain", "Startup Cost": 157930.24, "Total Cost": 157930.25, "Plan Rows": 1, "Plan Width": 160, "Actual Startup Time": 634.632, "Actual Total Time": 634.632, "Actual Rows": 1, "Actual Loops": 1, "Plans": [{"Node Type": "Nested Loop", "Parent Relationship": "Outer", "Join Type": "Inner", "Startup Cost": 154978.63, "Total Cost": 157928.6, "Plan Rows": 219, "Plan Width": 64, "Actual Startup Time": 599.806, "Actual Total Time": 634.574, "Actual Rows": 11, "Actual Loops": 1, "Inner Unique": true, "Plans": [{"Node Type": "Nested Loop", "Parent Relationship": "Outer", "Join Type": "Inner", "Startup Cost": 154978.33, "Total Cost": 156537.48, "Plan Rows": 321, "Plan Width": 68, "Actual Startup Time": 597.006, "Actual Total Time": 632.153, "Actual Rows": 268, "Actual Loops": 1, "Inner Unique": false, "Plans": [{"Node Type": "Merge Join", "Parent Relationship": "Outer", "Join Type": "Inner", "Startup Cost": 154977.32, "Total Cost": 155044.3, "Plan Rows": 291, "Plan Width": 76, "Actual Startup Time": 596.737, "Actual Total Time": 596.982, "Actual Rows": 358, "Actual Loops": 1, "Inner Unique": false, "Merge Cond": "(it1.id = mi.info_type_id)", "Plans": [{"Node Type": "Sort", "Parent Relationship": "Outer", "Startup Cost": 2.41, "Total Cost": 2.42, "Plan Rows": 1, "Plan Width": 4, "Actual Startup Time": 0.072, "Actual Total Time": 0.072, "Actual Rows": 1, "Actual Loops": 1, "Sort Key": ["it1.id"], "Sort Method": "quicksort", "Sort Space Used": 25, "Sort Space Type": "Memory", "Plans": [{"Node Type": "Seq Scan", "Parent Relationship": "Outer", "Relation Name": "info_type", "Alias": "it1", "Startup Cost": 0.0, "Total Cost": 2.4, "Plan Rows": 1, "Plan Width": 4, "Actual Startup Time": 0.039, "Actual Total Time": 0.062, "Actual Rows": 1, "Actual Loops": 1, "Filter": "((info)::text = 'genres'::text)", "Rows Removed by Filter": 111}]}, {"Node Type": "Sort", "Parent Relationship": "Inner", "Startup Cost": 154971.16, "Total Cost": 155005.54, "Plan Rows": 13753, "Plan Width": 80, "Actual Startup Time": 596.655, "Actual Total Time": 596.73, "Actual Rows": 358, "Actual Loops": 1, "Sort Key": ["mi.info_type_id"], "Sort Method": "quicksort", "Sort Space Used": 75, "Sort Space Type": "Memory", "Plans": [{"Node Type": "Nested Loop", "Parent Relationship": "Outer", "Join Type": "Inner", "Startup Cost": 7420.6, "Total Cost": 154025.82, "Plan Rows": 13753, "Plan Width": 80, "Actual Startup Time": 62.434, "Actual Total Time": 596.217, "Actual Rows": 358, "Actual Loops": 1, "Inner Unique": false, "Plans": [{"Node Type": "Nested Loop", "Parent Relationship": "Outer", "Join Type": "Inner", "Startup Cost": 7420.02, "Total Cost": 83886.56, "Plan Rows": 15041, "Plan Width": 30, "Actual Startup Time": 54.678, "Actual Total Time": 417.065, "Actual Rows": 6152, "Actual Loops": 1, "Inner Unique": true, "Plans": [{"Node Type": "Nested Loop", "Parent Relationship": "Outer", "Join Type": "Inner", "Startup Cost": 7419.04, "Total Cost": 19199.92, "Plan Rows": 12936, "Plan Width": 9, "Actual Startup Time": 52.944, "Actual Total Time": 305.001, "Actual Rows": 15849, "Actual Loops": 1, "Inner Unique": false, "Plans": [{"Node Type": "Seq Scan", "Parent Relationship": "Outer", "Relation Name": "info_type", "Alias": "it2", "Startup Cost": 0.0, "Total Cost": 2.4, "Plan Rows": 1, "Plan Width": 4, "Actual Startup Time": 0.051, "Actual Total Time": 0.078, "Actual Rows": 1, "Actual Loops": 1, "Filter": "((info)::text = 'rating'::text)", "Rows Removed by Filter": 111}, {"Node Type": "Bitmap Heap Scan", "Parent Relationship": "Inner", "Relation Name": "movie_info_idx", "Alias": "mi_idx", "Startup Cost": 7419.04, "Total Cost": 19068.16, "Plan Rows": 12936, "Plan Width": 13, "Actual Startup Time": 52.887, "Actual Total Time": 301.038, "Actual Rows": 15849, "Actual Loops": 1, "Recheck Cond": "(info_type_id = it2.id)", "Rows Removed by Index Recheck": 0, "Filter": "((info)::text > '8.0'::text)", "Rows Removed by Filter": 444076, "Exact Heap Blocks": 6472, "Lossy Heap Blocks": 6472, "Plans": [{"Node Type": "Bitmap Index Scan", "Parent Relationship": "Outer", "Index Name": "info_type_id_movie_info_idx", "Startup Cost": 0.0, "Total Cost": 7415.81, "Plan Rows": 345008, "Plan Width": 0, "Actual Startup Time": 51.611, "Actual Total Time": 51.611, "Actual Rows": 459925, "Actual Loops": 1, "Index Cond": "(info_type_id = it2.id)"}]}]}, {"Node Type": "Bitmap Heap Scan", "Parent Relationship": "Inner", "Relation Name": "title", "Alias": "t", "Startup Cost": 0.97, "Total Cost": 4.99, "Plan Rows": 1, "Plan Width": 21, "Actual Startup Time": 91.452, "Actual Total Time": 91.452, "Actual Rows": 6152, "Actual Loops": 15849, "Recheck Cond": "(id = mi_idx.movie_id)", "Rows Removed by Index Recheck": 0, "Filter": "((production_year >= 2008) AND (production_year <= 2014))", "Rows Removed by Filter": 9697, "Exact Heap Blocks": 15849, "Lossy Heap Blocks": 15849, "Plans": [{"Node Type": "Bitmap Index Scan", "Parent Relationship": "Outer", "Index Name": "title_pkey", "Startup Cost": 0.0, "Total Cost": 0.97, "Plan Rows": 1, "Plan Width": 0, "Actual Startup Time": 48.303, "Actual Total Time": 48.303, "Actual Rows": 15849, "Actual Loops": 15849, "Index Cond": "(id = mi_idx.movie_id)"}]}]}, {"Node Type": "Bitmap Heap Scan", "Parent Relationship": "Inner", "Relation Name": "movie_info", "Alias": "mi", "Startup Cost": 0.58, "Total Cost": 4.65, "Plan Rows": 1, "Plan Width": 50, "Actual Startup Time": 170.91, "Actual Total Time": 171.057, "Actual Rows": 358, "Actual Loops": 6152, "Recheck Cond": "(movie_id = t.id)", "Rows Removed by Index Recheck": 0, "Filter": "((note IS NULL) AND ((info)::text = ANY ('{Horror,Thriller}'::text[])))", "Rows Removed by Filter": 109599, "Exact Heap Blocks": 52726, "Lossy Heap Blocks": 52726, "Plans": [{"Node Type": "Bitmap Index Scan", "Parent Relationship": "Outer", "Index Name": "movie_id_movie_info", "Startup Cost": 0.0, "Total Cost": 0.58, "Plan Rows": 5, "Plan Width": 0, "Actual Startup Time": 40.685, "Actual Total Time": 40.685, "Actual Rows": 109957, "Actual Loops": 6152, "Index Cond": "(movie_id = t.id)"}]}]}]}]}, {"Node Type": "Bitmap Heap Scan", "Parent Relationship": "Inner", "Relation Name": "cast_info", "Alias": "ci", "Startup Cost": 1.01, "Total Cost": 5.12, "Plan Rows": 1, "Plan Width": 8, "Actual Startup Time": 27.777, "Actual Total Time": 34.453, "Actual Rows": 268, "Actual Loops": 358, "Recheck Cond": "(movie_id = t.id)", "Rows Removed by Index Recheck": 0, "Filter": "((note)::text = ANY ('{(writer),\"(head writer)\",\"(written by)\",(story),\"(story editor)\"}'::text[]))", "Rows Removed by Filter": 12296, "Exact Heap Blocks": 11454, "Lossy Heap Blocks": 11454, "Plans": [{"Node Type": "Bitmap Index Scan", "Parent Relationship": "Outer", "Index Name": "movie_id_cast_info", "Startup Cost": 0.0, "Total Cost": 1.01, "Plan Rows": 6, "Plan Width": 0, "Actual Startup Time": 4.701, "Actual Total Time": 4.701, "Actual Rows": 12564, "Actual Loops": 358, "Index Cond": "(movie_id = t.id)"}]}]}, {"Node Type": "Bitmap Heap Scan", "Parent Relationship": "Inner", "Relation Name": "name", "Alias": "n", "Startup Cost": 0.31, "Total Cost": 4.32, "Plan Rows": 1, "Plan Width": 4, "Actual Startup Time": 2.048, "Actual Total Time": 2.048, "Actual Rows": 11, "Actual Loops": 268, "Recheck Cond": "(id = ci.person_id)", "Rows Removed by Index Recheck": 0, "Filter": "((gender IS NOT NULL) AND ((gender)::text = 'f'::text))", "Rows Removed by Filter": 257, "Exact Heap Blocks": 268, "Lossy Heap Blocks": 268, "Plans": [{"Node Type": "Bitmap Index Scan", "Parent Relationship": "Outer", "Index Name": "name_pkey", "Startup Cost": 0.0, "Total Cost": 0.31, "Plan Rows": 1, "Plan Width": 0, "Actual Startup Time": 1.22, "Actual Total Time": 1.22, "Actual Rows": 268, "Actual Loops": 268, "Index Cond": "(id = ci.person_id)"}]}]}]}, "Triggers": [], "Planner Runtime": 24.781, "Total Runtime": 635.022, "Unique SQL Id": 661781350}}, "(64, '87')": {"explain_plan": {"Plan": {"Node Type": "Aggregate", "Strategy": "Plain", "Startup Cost": 157953.86, "Total Cost": 157953.87, "Plan Rows": 1, "Plan Width": 160, "Plans": [{"Node Type": "Nested Loop", "Parent Relationship": "Outer", "Join Type": "Inner", "Startup Cost": 155002.26, "Total Cost": 157952.22, "Plan Rows": 219, "Plan Width": 64, "Inner Unique": true, "Plans": [{"Node Type": "Nested Loop", "Parent Relationship": "Outer", "Join Type": "Inner", "Startup Cost": 155001.95, "Total Cost": 156561.1, "Plan Rows": 321, "Plan Width": 68, "Inner Unique": false, "Plans": [{"Node Type": "Merge Join", "Parent Relationship": "Outer", "Join Type": "Inner", "Startup Cost": 155000.94, "Total Cost": 155067.93, "Plan Rows": 291, "Plan Width": 76, "Inner Unique": false, "Merge Cond": "(it1.id = mi.info_type_id)", "Plans": [{"Node Type": "Sort", "Parent Relationship": "Outer", "Startup Cost": 14.22, "Total Cost": 14.23, "Plan Rows": 1, "Plan Width": 4, "Sort Key": ["it1.id"], "Plans": [{"Node Type": "Bitmap Heap Scan", "Parent Relationship": "Outer", "Relation Name": "info_type", "Alias": "it1", "Startup Cost": 8.81, "Total Cost": 14.21, "Plan Rows": 1, "Plan Width": 4, "Filter": "((info)::text = 'genres'::text)", "Plans": [{"Node Type": "Bitmap Index Scan", "Parent Relationship": "Outer", "Index Name": "info_type_pkey", "Startup Cost": 0.0, "Total Cost": 8.81, "Plan Rows": 112, "Plan Width": 0}]}]}, {"Node Type": "Sort", "Parent Relationship": "Inner", "Startup Cost": 154982.97, "Total Cost": 155017.36, "Plan Rows": 13753, "Plan Width": 80, "Sort Key": ["mi.info_type_id"], "Plans": [{"Node Type": "Nested Loop", "Parent Relationship": "Outer", "Join Type": "Inner", "Startup Cost": 7429.41, "Total Cost": 154037.63, "Plan Rows": 13753, "Plan Width": 80, "Inner Unique": false, "Plans": [{"Node Type": "Nested Loop", "Parent Relationship": "Outer", "Join Type": "Inner", "Startup Cost": 7428.83, "Total Cost": 83898.37, "Plan Rows": 15041, "Plan Width": 30, "Inner Unique": true, "Plans": [{"Node Type": "Nested Loop", "Parent Relationship": "Outer", "Join Type": "Inner", "Startup Cost": 7427.85, "Total Cost": 19211.73, "Plan Rows": 12936, "Plan Width": 9, "Inner Unique": false, "Plans": [{"Node Type": "Bitmap Heap Scan", "Parent Relationship": "Outer", "Relation Name": "info_type", "Alias": "it2", "Startup Cost": 8.81, "Total Cost": 14.21, "Plan Rows": 1, "Plan Width": 4, "Filter": "((info)::text = 'rating'::text)", "Plans": [{"Node Type": "Bitmap Index Scan", "Parent Relationship": "Outer", "Index Name": "info_type_pkey", "Startup Cost": 0.0, "Total Cost": 8.81, "Plan Rows": 112, "Plan Width": 0}]}, {"Node Type": "Bitmap Heap Scan", "Parent Relationship": "Inner", "Relation Name": "movie_info_idx", "Alias": "mi_idx", "Startup Cost": 7419.04, "Total Cost": 19068.16, "Plan Rows": 12936, "Plan Width": 13, "Recheck Cond": "(info_type_id = it2.id)", "Filter": "((info)::text > '8.0'::text)", "Plans": [{"Node Type": "Bitmap Index Scan", "Parent Relationship": "Outer", "Index Name": "info_type_id_movie_info_idx", "Startup Cost": 0.0, "Total Cost": 7415.81, "Plan Rows": 345008, "Plan Width": 0, "Index Cond": "(info_type_id = it2.id)"}]}]}, {"Node Type": "Bitmap Heap Scan", "Parent Relationship": "Inner", "Relation Name": "title", "Alias": "t", "Startup Cost": 0.97, "Total Cost": 4.99, "Plan Rows": 1, "Plan Width": 21, "Recheck Cond": "(id = mi_idx.movie_id)", "Filter": "((production_year >= 2008) AND (production_year <= 2014))", "Plans": [{"Node Type": "Bitmap Index Scan", "Parent Relationship": "Outer", "Index Name": "title_pkey", "Startup Cost": 0.0, "Total Cost": 0.97, "Plan Rows": 1, "Plan Width": 0, "Index Cond": "(id = mi_idx.movie_id)"}]}]}, {"Node Type": "Bitmap Heap Scan", "Parent Relationship": "Inner", "Relation Name": "movie_info", "Alias": "mi", "Startup Cost": 0.58, "Total Cost": 4.65, "Plan Rows": 1, "Plan Width": 50, "Recheck Cond": "(movie_id = t.id)", "Filter": "((note IS NULL) AND ((info)::text = ANY ('{Horror,Thriller}'::text[])))", "Plans": [{"Node Type": "Bitmap Index Scan", "Parent Relationship": "Outer", "Index Name": "movie_id_movie_info", "Startup Cost": 0.0, "Total Cost": 0.58, "Plan Rows": 5, "Plan Width": 0, "Index Cond": "(movie_id = t.id)"}]}]}]}]}, {"Node Type": "Bitmap Heap Scan", "Parent Relationship": "Inner", "Relation Name": "cast_info", "Alias": "ci", "Startup Cost": 1.01, "Total Cost": 5.12, "Plan Rows": 1, "Plan Width": 8, "Recheck Cond": "(movie_id = t.id)", "Filter": "((note)::text = ANY ('{(writer),\"(head writer)\",\"(written by)\",(story),\"(story editor)\"}'::text[]))", "Plans": [{"Node Type": "Bitmap Index Scan", "Parent Relationship": "Outer", "Index Name": "movie_id_cast_info", "Startup Cost": 0.0, "Total Cost": 1.01, "Plan Rows": 6, "Plan Width": 0, "Index Cond": "(movie_id = t.id)"}]}]}, {"Node Type": "Bitmap Heap Scan", "Parent Relationship": "Inner", "Relation Name": "name", "Alias": "n", "Startup Cost": 0.31, "Total Cost": 4.32, "Plan Rows": 1, "Plan Width": 4, "Recheck Cond": "(id = ci.person_id)", "Filter": "((gender IS NOT NULL) AND ((gender)::text = 'f'::text))", "Plans": [{"Node Type": "Bitmap Index Scan", "Parent Relationship": "Outer", "Index Name": "name_pkey", "Startup Cost": 0.0, "Total Cost": 0.31, "Plan Rows": 1, "Plan Width": 0, "Index Cond": "(id = ci.person_id)"}]}]}]}, "Unique SQL Id": 661781350, "Planner Runtime": 19}, "explain_analyze_plan": {"Plan": {"Node Type": "Aggregate", "Strategy": "Plain", "Startup Cost": 157953.86, "Total Cost": 157953.87, "Plan Rows": 1, "Plan Width": 160, "Actual Startup Time": 631.568, "Actual Total Time": 631.568, "Actual Rows": 1, "Actual Loops": 1, "Plans": [{"Node Type": "Nested Loop", "Parent Relationship": "Outer", "Join Type": "Inner", "Startup Cost": 155002.26, "Total Cost": 157952.22, "Plan Rows": 219, "Plan Width": 64, "Actual Startup Time": 596.966, "Actual Total Time": 631.518, "Actual Rows": 11, "Actual Loops": 1, "Inner Unique": true, "Plans": [{"Node Type": "Nested Loop", "Parent Relationship": "Outer", "Join Type": "Inner", "Startup Cost": 155001.95, "Total Cost": 156561.1, "Plan Rows": 321, "Plan Width": 68, "Actual Startup Time": 594.169, "Actual Total Time": 629.117, "Actual Rows": 268, "Actual Loops": 1, "Inner Unique": false, "Plans": [{"Node Type": "Merge Join", "Parent Relationship": "Outer", "Join Type": "Inner", "Startup Cost": 155000.94, "Total Cost": 155067.93, "Plan Rows": 291, "Plan Width": 76, "Actual Startup Time": 593.903, "Actual Total Time": 594.144, "Actual Rows": 358, "Actual Loops": 1, "Inner Unique": false, "Merge Cond": "(it1.id = mi.info_type_id)", "Plans": [{"Node Type": "Sort", "Parent Relationship": "Outer", "Startup Cost": 14.22, "Total Cost": 14.23, "Plan Rows": 1, "Plan Width": 4, "Actual Startup Time": 0.09, "Actual Total Time": 0.09, "Actual Rows": 1, "Actual Loops": 1, "Sort Key": ["it1.id"], "Sort Method": "quicksort", "Sort Space Used": 25, "Sort Space Type": "Memory", "Plans": [{"Node Type": "Bitmap Heap Scan", "Parent Relationship": "Outer", "Relation Name": "info_type", "Alias": "it1", "Startup Cost": 8.81, "Total Cost": 14.21, "Plan Rows": 1, "Plan Width": 4, "Actual Startup Time": 0.054, "Actual Total Time": 0.077, "Actual Rows": 1, "Actual Loops": 1, "Filter": "((info)::text = 'genres'::text)", "Rows Removed by Filter": 111, "Exact Heap Blocks": 1, "Lossy Heap Blocks": 1, "Plans": [{"Node Type": "Bitmap Index Scan", "Parent Relationship": "Outer", "Index Name": "info_type_pkey", "Startup Cost": 0.0, "Total Cost": 8.81, "Plan Rows": 112, "Plan Width": 0, "Actual Startup Time": 0.013, "Actual Total Time": 0.013, "Actual Rows": 112, "Actual Loops": 1}]}]}, {"Node Type": "Sort", "Parent Relationship": "Inner", "Startup Cost": 154982.97, "Total Cost": 155017.36, "Plan Rows": 13753, "Plan Width": 80, "Actual Startup Time": 593.803, "Actual Total Time": 593.863, "Actual Rows": 358, "Actual Loops": 1, "Sort Key": ["mi.info_type_id"], "Sort Method": "quicksort", "Sort Space Used": 75, "Sort Space Type": "Memory", "Plans": [{"Node Type": "Nested Loop", "Parent Relationship": "Outer", "Join Type": "Inner", "Startup Cost": 7429.41, "Total Cost": 154037.63, "Plan Rows": 13753, "Plan Width": 80, "Actual Startup Time": 61.84, "Actual Total Time": 593.419, "Actual Rows": 358, "Actual Loops": 1, "Inner Unique": false, "Plans": [{"Node Type": "Nested Loop", "Parent Relationship": "Outer", "Join Type": "Inner", "Startup Cost": 7428.83, "Total Cost": 83898.37, "Plan Rows": 15041, "Plan Width": 30, "Actual Startup Time": 54.196, "Actual Total Time": 414.673, "Actual Rows": 6152, "Actual Loops": 1, "Inner Unique": true, "Plans": [{"Node Type": "Nested Loop", "Parent Relationship": "Outer", "Join Type": "Inner", "Startup Cost": 7427.85, "Total Cost": 19211.73, "Plan Rows": 12936, "Plan Width": 9, "Actual Startup Time": 52.479, "Actual Total Time": 303.753, "Actual Rows": 15849, "Actual Loops": 1, "Inner Unique": false, "Plans": [{"Node Type": "Bitmap Heap Scan", "Parent Relationship": "Outer", "Relation Name": "info_type", "Alias": "it2", "Startup Cost": 8.81, "Total Cost": 14.21, "Plan Rows": 1, "Plan Width": 4, "Actual Startup Time": 0.076, "Actual Total Time": 0.085, "Actual Rows": 1, "Actual Loops": 1, "Filter": "((info)::text = 'rating'::text)", "Rows Removed by Filter": 111, "Exact Heap Blocks": 1, "Lossy Heap Blocks": 1, "Plans": [{"Node Type": "Bitmap Index Scan", "Parent Relationship": "Outer", "Index Name": "info_type_pkey", "Startup Cost": 0.0, "Total Cost": 8.81, "Plan Rows": 112, "Plan Width": 0, "Actual Startup Time": 0.009, "Actual Total Time": 0.009, "Actual Rows": 112, "Actual Loops": 1}]}, {"Node Type": "Bitmap Heap Scan", "Parent Relationship": "Inner", "Relation Name": "movie_info_idx", "Alias": "mi_idx", "Startup Cost": 7419.04, "Total Cost": 19068.16, "Plan Rows": 12936, "Plan Width": 13, "Actual Startup Time": 52.399, "Actual Total Time": 299.98, "Actual Rows": 15849, "Actual Loops": 1, "Recheck Cond": "(info_type_id = it2.id)", "Rows Removed by Index Recheck": 0, "Filter": "((info)::text > '8.0'::text)", "Rows Removed by Filter": 444076, "Exact Heap Blocks": 6472, "Lossy Heap Blocks": 6472, "Plans": [{"Node Type": "Bitmap Index Scan", "Parent Relationship": "Outer", "Index Name": "info_type_id_movie_info_idx", "Startup Cost": 0.0, "Total Cost": 7415.81, "Plan Rows": 345008, "Plan Width": 0, "Actual Startup Time": 51.191, "Actual Total Time": 51.191, "Actual Rows": 459925, "Actual Loops": 1, "Index Cond": "(info_type_id = it2.id)"}]}]}, {"Node Type": "Bitmap Heap Scan", "Parent Relationship": "Inner", "Relation Name": "title", "Alias": "t", "Startup Cost": 0.97, "Total Cost": 4.99, "Plan Rows": 1, "Plan Width": 21, "Actual Startup Time": 90.588, "Actual Total Time": 90.588, "Actual Rows": 6152, "Actual Loops": 15849, "Recheck Cond": "(id = mi_idx.movie_id)", "Rows Removed by Index Recheck": 0, "Filter": "((production_year >= 2008) AND (production_year <= 2014))", "Rows Removed by Filter": 9697, "Exact Heap Blocks": 15849, "Lossy Heap Blocks": 15849, "Plans": [{"Node Type": "Bitmap Index Scan", "Parent Relationship": "Outer", "Index Name": "title_pkey", "Startup Cost": 0.0, "Total Cost": 0.97, "Plan Rows": 1, "Plan Width": 0, "Actual Startup Time": 47.887, "Actual Total Time": 47.887, "Actual Rows": 15849, "Actual Loops": 15849, "Index Cond": "(id = mi_idx.movie_id)"}]}]}, {"Node Type": "Bitmap Heap Scan", "Parent Relationship": "Inner", "Relation Name": "movie_info", "Alias": "mi", "Startup Cost": 0.58, "Total Cost": 4.65, "Plan Rows": 1, "Plan Width": 50, "Actual Startup Time": 170.539, "Actual Total Time": 170.689, "Actual Rows": 358, "Actual Loops": 6152, "Recheck Cond": "(movie_id = t.id)", "Rows Removed by Index Recheck": 0, "Filter": "((note IS NULL) AND ((info)::text = ANY ('{Horror,Thriller}'::text[])))", "Rows Removed by Filter": 109599, "Exact Heap Blocks": 52726, "Lossy Heap Blocks": 52726, "Plans": [{"Node Type": "Bitmap Index Scan", "Parent Relationship": "Outer", "Index Name": "movie_id_movie_info", "Startup Cost": 0.0, "Total Cost": 0.58, "Plan Rows": 5, "Plan Width": 0, "Actual Startup Time": 40.452, "Actual Total Time": 40.452, "Actual Rows": 109957, "Actual Loops": 6152, "Index Cond": "(movie_id = t.id)"}]}]}]}]}, {"Node Type": "Bitmap Heap Scan", "Parent Relationship": "Inner", "Relation Name": "cast_info", "Alias": "ci", "Startup Cost": 1.01, "Total Cost": 5.12, "Plan Rows": 1, "Plan Width": 8, "Actual Startup Time": 27.637, "Actual Total Time": 34.277, "Actual Rows": 268, "Actual Loops": 358, "Recheck Cond": "(movie_id = t.id)", "Rows Removed by Index Recheck": 0, "Filter": "((note)::text = ANY ('{(writer),\"(head writer)\",\"(written by)\",(story),\"(story editor)\"}'::text[]))", "Rows Removed by Filter": 12296, "Exact Heap Blocks": 11454, "Lossy Heap Blocks": 11454, "Plans": [{"Node Type": "Bitmap Index Scan", "Parent Relationship": "Outer", "Index Name": "movie_id_cast_info", "Startup Cost": 0.0, "Total Cost": 1.01, "Plan Rows": 6, "Plan Width": 0, "Actual Startup Time": 4.699, "Actual Total Time": 4.699, "Actual Rows": 12564, "Actual Loops": 358, "Index Cond": "(movie_id = t.id)"}]}]}, {"Node Type": "Bitmap Heap Scan", "Parent Relationship": "Inner", "Relation Name": "name", "Alias": "n", "Startup Cost": 0.31, "Total Cost": 4.32, "Plan Rows": 1, "Plan Width": 4, "Actual Startup Time": 2.011, "Actual Total Time": 2.011, "Actual Rows": 11, "Actual Loops": 268, "Recheck Cond": "(id = ci.person_id)", "Rows Removed by Index Recheck": 0, "Filter": "((gender IS NOT NULL) AND ((gender)::text = 'f'::text))", "Rows Removed by Filter": 257, "Exact Heap Blocks": 268, "Lossy Heap Blocks": 268, "Plans": [{"Node Type": "Bitmap Index Scan", "Parent Relationship": "Outer", "Index Name": "name_pkey", "Startup Cost": 0.0, "Total Cost": 0.31, "Plan Rows": 1, "Plan Width": 0, "Actual Startup Time": 1.199, "Actual Total Time": 1.199, "Actual Rows": 268, "Actual Loops": 268, "Index Cond": "(id = ci.person_id)"}]}]}]}, "Triggers": [], "Planner Runtime": 20.399, "Total Runtime": 632.037, "Unique SQL Id": 661781350}}, "(64, '88')": {"explain_plan": {"Plan": {"Node Type": "Aggregate", "Strategy": "Plain", "Startup Cost": 91622.51, "Total Cost": 91622.52, "Plan Rows": 1, "Plan Width": 160, "Plans": [{"Node Type": "Nested Loop", "Parent Relationship": "Outer", "Join Type": "Inner", "Startup Cost": 0.0, "Total Cost": 91620.87, "Plan Rows": 219, "Plan Width": 64, "Inner Unique": true, "Plans": [{"Node Type": "Nested Loop", "Parent Relationship": "Outer", "Join Type": "Inner", "Startup Cost": 0.0, "Total Cost": 91459.88, "Plan Rows": 321, "Plan Width": 68, "Inner Unique": false, "Plans": [{"Node Type": "Nested Loop", "Parent Relationship": "Outer", "Join Type": "Inner", "Startup Cost": 0.0, "Total Cost": 90774.86, "Plan Rows": 291, "Plan Width": 76, "Inner Unique": true, "Plans": [{"Node Type": "Nested Loop", "Parent Relationship": "Outer", "Join Type": "Inner", "Startup Cost": 0.0, "Total Cost": 90061.64, "Plan Rows": 250, "Plan Width": 55, "Inner Unique": true, "Plans": [{"Node Type": "Nested Loop", "Parent Relationship": "Outer", "Join Type": "Inner", "Startup Cost": 0.0, "Total Cost": 89779.19, "Plan Rows": 999, "Plan Width": 59, "Inner Unique": false, "Plans": [{"Node Type": "Nested Loop", "Parent Relationship": "Outer", "Join Type": "Inner", "Startup Cost": 0.0, "Total Cost": 88837.33, "Plan Rows": 971, "Plan Width": 46, "Inner Unique": true, "Plans": [{"Node Type": "Streaming(type: LOCAL GATHER dop: 1/64)", "Parent Relationship": "Outer", "Startup Cost": 0.0, "Total Cost": 69623.52, "Plan Rows": 67971, "Plan Width": 50, "Plans": [{"Node Type": "Seq Scan", "Parent Relationship": "Outer", "Relation Name": "movie_info", "Alias": "mi", "Startup Cost": 0.0, "Total Cost": 68221.29, "Plan Rows": 67971, "Plan Width": 50, "Filter": "((note IS NULL) AND ((info)::text = ANY ('{Horror,Thriller}'::text[])))"}]}, {"Node Type": "Index Scan", "Parent Relationship": "Inner", "Scan Direction": "Forward", "Index Name": "info_type_pkey", "Relation Name": "info_type", "Alias": "it1", "Startup Cost": 0.0, "Total Cost": 0.27, "Plan Rows": 1, "Plan Width": 4, "Index Cond": "(id = mi.info_type_id)", "Filter": "((info)::text = 'genres'::text)"}]}, {"Node Type": "Index Scan", "Parent Relationship": "Inner", "Scan Direction": "Forward", "Index Name": "movie_id_movie_info_idx", "Relation Name": "movie_info_idx", "Alias": "mi_idx", "Startup Cost": 0.0, "Total Cost": 0.96, "Plan Rows": 1, "Plan Width": 13, "Index Cond": "(movie_id = mi.movie_id)", "Filter": "((info)::text > '8.0'::text)"}]}, {"Node Type": "Index Scan", "Parent Relationship": "Inner", "Scan Direction": "Forward", "Index Name": "info_type_pkey", "Relation Name": "info_type", "Alias": "it2", "Startup Cost": 0.0, "Total Cost": 0.27, "Plan Rows": 1, "Plan Width": 4, "Index Cond": "(id = mi_idx.info_type_id)", "Filter": "((info)::text = 'rating'::text)"}]}, {"Node Type": "Index Scan", "Parent Relationship": "Inner", "Scan Direction": "Forward", "Index Name": "title_pkey", "Relation Name": "title", "Alias": "t", "Startup Cost": 0.0, "Total Cost": 2.84, "Plan Rows": 1, "Plan Width": 21, "Index Cond": "(id = mi.movie_id)", "Filter": "((production_year >= 2008) AND (production_year <= 2014))"}]}, {"Node Type": "Index Scan", "Parent Relationship": "Inner", "Scan Direction": "Forward", "Index Name": "movie_id_cast_info", "Relation Name": "cast_info", "Alias": "ci", "Startup Cost": 0.0, "Total Cost": 2.34, "Plan Rows": 1, "Plan Width": 8, "Index Cond": "(movie_id = t.id)", "Filter": "((note)::text = ANY ('{(writer),\"(head writer)\",\"(written by)\",(story),\"(story editor)\"}'::text[]))"}]}, {"Node Type": "Index Scan", "Parent Relationship": "Inner", "Scan Direction": "Forward", "Index Name": "name_pkey", "Relation Name": "name", "Alias": "n", "Startup Cost": 0.0, "Total Cost": 0.49, "Plan Rows": 1, "Plan Width": 4, "Index Cond": "(id = ci.person_id)", "Filter": "((gender IS NOT NULL) AND ((gender)::text = 'f'::text))"}]}]}, "Unique SQL Id": 661781350, "Planner Runtime": 21}, "explain_analyze_plan": {"Plan": {"Node Type": "Aggregate", "Strategy": "Plain", "Startup Cost": 91622.51, "Total Cost": 91622.52, "Plan Rows": 1, "Plan Width": 160, "Actual Min Startup Time": 738.076, "Actual Max Startup Time": 738.076, "Actual Min Total Time": 738.077, "Actual Max Total Time": 738.077, "Plans": [{"Node Type": "Nested Loop", "Parent Relationship": "Outer", "Join Type": "Inner", "Startup Cost": 0.0, "Total Cost": 91620.87, "Plan Rows": 219, "Plan Width": 64, "Actual Min Startup Time": 164.31, "Actual Max Startup Time": 164.31, "Actual Min Total Time": 738.013, "Actual Max Total Time": 738.013, "Inner Unique": true, "Plans": [{"Node Type": "Nested Loop", "Parent Relationship": "Outer", "Join Type": "Inner", "Startup Cost": 0.0, "Total Cost": 91459.88, "Plan Rows": 321, "Plan Width": 68, "Actual Min Startup Time": 101.653, "Actual Max Startup Time": 101.653, "Actual Min Total Time": 735.13, "Actual Max Total Time": 735.13, "Inner Unique": false, "Plans": [{"Node Type": "Nested Loop", "Parent Relationship": "Outer", "Join Type": "Inner", "Startup Cost": 0.0, "Total Cost": 90774.86, "Plan Rows": 291, "Plan Width": 76, "Actual Min Startup Time": 101.49, "Actual Max Startup Time": 101.49, "Actual Min Total Time": 699.813, "Actual Max Total Time": 699.813, "Inner Unique": true, "Plans": [{"Node Type": "Nested Loop", "Parent Relationship": "Outer", "Join Type": "Inner", "Startup Cost": 0.0, "Total Cost": 90061.64, "Plan Rows": 250, "Plan Width": 55, "Actual Min Startup Time": 93.95, "Actual Max Startup Time": 93.95, "Actual Min Total Time": 693.493, "Actual Max Total Time": 693.493, "Inner Unique": true, "Plans": [{"Node Type": "Nested Loop", "Parent Relationship": "Outer", "Join Type": "Inner", "Startup Cost": 0.0, "Total Cost": 89779.19, "Plan Rows": 999, "Plan Width": 59, "Actual Min Startup Time": 92.689, "Actual Max Startup Time": 92.689, "Actual Min Total Time": 683.474, "Actual Max Total Time": 683.474, "Inner Unique": false, "Plans": [{"Node Type": "Nested Loop", "Parent Relationship": "Outer", "Join Type": "Inner", "Startup Cost": 0.0, "Total Cost": 88837.33, "Plan Rows": 971, "Plan Width": 46, "Actual Min Startup Time": 92.163, "Actual Max Startup Time": 92.163, "Actual Min Total Time": 359.212, "Actual Max Total Time": 359.212, "Inner Unique": true, "Plans": [{"Node Type": "Streaming(type: LOCAL GATHER dop: 1/64)", "Parent Relationship": "Outer", "Startup Cost": 0.0, "Total Cost": 69623.52, "Plan Rows": 67971, "Plan Width": 50, "Actual Min Startup Time": 92.107, "Actual Max Startup Time": 92.107, "Actual Min Total Time": 182.929, "Actual Max Total Time": 182.929, "Plans": [{"Node Type": "Seq Scan", "Parent Relationship": "Outer", "Relation Name": "movie_info", "Alias": "mi", "Startup Cost": 0.0, "Total Cost": 68221.29, "Plan Rows": 67971, "Plan Width": 50, "Actual Min Startup Time": 51.972, "Actual Max Startup Time": 115.222, "Actual Min Total Time": 92.1, "Actual Max Total Time": 124.042, "Filter": "((note IS NULL) AND ((info)::text = ANY ('{Horror,Thriller}'::text[])))", "Rows Removed by Filter": 14762672, "Actual Rows": 73047}], "Actual Rows": 73047}, {"Node Type": "Index Scan", "Parent Relationship": "Inner", "Scan Direction": "Forward", "Index Name": "info_type_pkey", "Relation Name": "info_type", "Alias": "it1", "Startup Cost": 0.0, "Total Cost": 0.27, "Plan Rows": 1, "Plan Width": 4, "Actual Min Startup Time": 124.196, "Actual Max Startup Time": 124.196, "Actual Min Total Time": 124.196, "Actual Max Total Time": 124.196, "Index Cond": "(id = mi.info_type_id)", "Rows Removed by Index Recheck": 0, "Filter": "((info)::text = 'genres'::text)", "Rows Removed by Filter": 789, "Actual Rows": 72258}], "Actual Rows": 72258}, {"Node Type": "Index Scan", "Parent Relationship": "Inner", "Scan Direction": "Forward", "Index Name": "movie_id_movie_info_idx", "Relation Name": "movie_info_idx", "Alias": "mi_idx", "Startup Cost": 0.0, "Total Cost": 0.96, "Plan Rows": 1, "Plan Width": 13, "Actual Min Startup Time": 283.948, "Actual Max Startup Time": 283.948, "Actual Min Total Time": 287.651, "Actual Max Total Time": 287.651, "Index Cond": "(movie_id = mi.movie_id)", "Rows Removed by Index Recheck": 0, "Filter": "((info)::text > '8.0'::text)", "Rows Removed by Filter": 113143, "Actual Rows": 4135}], "Actual Rows": 4135}, {"Node Type": "Index Scan", "Parent Relationship": "Inner", "Scan Direction": "Forward", "Index Name": "info_type_pkey", "Relation Name": "info_type", "Alias": "it2", "Startup Cost": 0.0, "Total Cost": 0.27, "Plan Rows": 1, "Plan Width": 4, "Actual Min Startup Time": 7.735, "Actual Max Startup Time": 7.735, "Actual Min Total Time": 7.735, "Actual Max Total Time": 7.735, "Index Cond": "(id = mi_idx.info_type_id)", "Rows Removed by Index Recheck": 0, "Filter": "((info)::text = 'rating'::text)", "Rows Removed by Filter": 3403, "Actual Rows": 732}], "Actual Rows": 732}, {"Node Type": "Index Scan", "Parent Relationship": "Inner", "Scan Direction": "Forward", "Index Name": "title_pkey", "Relation Name": "title", "Alias": "t", "Startup Cost": 0.0, "Total Cost": 2.84, "Plan Rows": 1, "Plan Width": 21, "Actual Min Startup Time": 5.699, "Actual Max Startup Time": 5.699, "Actual Min Total Time": 5.699, "Actual Max Total Time": 5.699, "Index Cond": "(id = mi.movie_id)", "Rows Removed by Index Recheck": 0, "Filter": "((production_year >= 2008) AND (production_year <= 2014))", "Rows Removed by Filter": 374, "Actual Rows": 358}], "Actual Rows": 358}, {"Node Type": "Index Scan", "Parent Relationship": "Inner", "Scan Direction": "Forward", "Index Name": "movie_id_cast_info", "Relation Name": "cast_info", "Alias": "ci", "Startup Cost": 0.0, "Total Cost": 2.34, "Plan Rows": 1, "Plan Width": 8, "Actual Min Startup Time": 27.577, "Actual Max Startup Time": 27.577, "Actual Min Total Time": 34.978, "Actual Max Total Time": 34.978, "Index Cond": "(movie_id = t.id)", "Rows Removed by Index Recheck": 0, "Filter": "((note)::text = ANY ('{(writer),\"(head writer)\",\"(written by)\",(story),\"(story editor)\"}'::text[]))", "Rows Removed by Filter": 12296, "Actual Rows": 268}], "Actual Rows": 268}, {"Node Type": "Index Scan", "Parent Relationship": "Inner", "Scan Direction": "Forward", "Index Name": "name_pkey", "Relation Name": "name", "Alias": "n", "Startup Cost": 0.0, "Total Cost": 0.49, "Plan Rows": 1, "Plan Width": 4, "Actual Min Startup Time": 2.652, "Actual Max Startup Time": 2.652, "Actual Min Total Time": 2.652, "Actual Max Total Time": 2.652, "Index Cond": "(id = ci.person_id)", "Rows Removed by Index Recheck": 0, "Filter": "((gender IS NOT NULL) AND ((gender)::text = 'f'::text))", "Rows Removed by Filter": 257, "Actual Rows": 11}], "Actual Rows": 11}], "Actual Rows": 1}, "Triggers": [], "Planner Runtime": 21.293, "Total Runtime": 749.757, "Unique SQL Id": 661781350}}, "(64, '89')": {"explain_plan": {"Plan": {"Node Type": "Aggregate", "Strategy": "Plain", "Startup Cost": 101743.32, "Total Cost": 101743.33, "Plan Rows": 1, "Plan Width": 160, "Plans": [{"Node Type": "Nested Loop", "Parent Relationship": "Outer", "Join Type": "Inner", "Startup Cost": 100814.47, "Total Cost": 101741.68, "Plan Rows": 219, "Plan Width": 64, "Inner Unique": true, "Plans": [{"Node Type": "Nested Loop", "Parent Relationship": "Outer", "Join Type": "Inner", "Startup Cost": 100814.47, "Total Cost": 101580.69, "Plan Rows": 321, "Plan Width": 68, "Inner Unique": false, "Plans": [{"Node Type": "Merge Join", "Parent Relationship": "Outer", "Join Type": "Inner", "Startup Cost": 100814.47, "Total Cost": 100895.67, "Plan Rows": 291, "Plan Width": 76, "Inner Unique": false, "Merge Cond": "(it1.id = mi.info_type_id)", "Plans": [{"Node Type": "Index Scan", "Parent Relationship": "Outer", "Scan Direction": "Forward", "Index Name": "info_type_pkey", "Relation Name": "info_type", "Alias": "it1", "Startup Cost": 0.0, "Total Cost": 14.21, "Plan Rows": 1, "Plan Width": 4, "Filter": "((info)::text = 'genres'::text)"}, {"Node Type": "Sort", "Parent Relationship": "Inner", "Startup Cost": 100810.73, "Total Cost": 100845.11, "Plan Rows": 13753, "Plan Width": 80, "Sort Key": ["mi.info_type_id"], "Plans": [{"Node Type": "Nested Loop", "Parent Relationship": "Outer", "Join Type": "Inner", "Startup Cost": 0.0, "Total Cost": 99865.39, "Plan Rows": 13753, "Plan Width": 80, "Inner Unique": false, "Plans": [{"Node Type": "Nested Loop", "Parent Relationship": "Outer", "Join Type": "Inner", "Startup Cost": 0.0, "Total Cost": 78493.26, "Plan Rows": 15041, "Plan Width": 30, "Inner Unique": true, "Plans": [{"Node Type": "Nested Loop", "Parent Relationship": "Outer", "Join Type": "Inner", "Startup Cost": 0.0, "Total Cost": 35880.0, "Plan Rows": 12936, "Plan Width": 9, "Inner Unique": false, "Plans": [{"Node Type": "Index Scan", "Parent Relationship": "Outer", "Scan Direction": "Forward", "Index Name": "info_type_pkey", "Relation Name": "info_type", "Alias": "it2", "Startup Cost": 0.0, "Total Cost": 14.21, "Plan Rows": 1, "Plan Width": 4, "Filter": "((info)::text = 'rating'::text)"}, {"Node Type": "Index Scan", "Parent Relationship": "Inner", "Scan Direction": "Forward", "Index Name": "info_type_id_movie_info_idx", "Relation Name": "movie_info_idx", "Alias": "mi_idx", "Startup Cost": 0.0, "Total Cost": 35736.43, "Plan Rows": 12936, "Plan Width": 13, "Index Cond": "(info_type_id = it2.id)", "Filter": "((info)::text > '8.0'::text)"}]}, {"Node Type": "Index Scan", "Parent Relationship": "Inner", "Scan Direction": "Forward", "Index Name": "title_pkey", "Relation Name": "title", "Alias": "t", "Startup Cost": 0.0, "Total Cost": 3.28, "Plan Rows": 1, "Plan Width": 21, "Index Cond": "(id = mi_idx.movie_id)", "Filter": "((production_year >= 2008) AND (production_year <= 2014))"}]}, {"Node Type": "Index Scan", "Parent Relationship": "Inner", "Scan Direction": "Forward", "Index Name": "movie_id_movie_info", "Relation Name": "movie_info", "Alias": "mi", "Startup Cost": 0.0, "Total Cost": 1.41, "Plan Rows": 1, "Plan Width": 50, "Index Cond": "(movie_id = t.id)", "Filter": "((note IS NULL) AND ((info)::text = ANY ('{Horror,Thriller}'::text[])))"}]}]}]}, {"Node Type": "Index Scan", "Parent Relationship": "Inner", "Scan Direction": "Forward", "Index Name": "movie_id_cast_info", "Relation Name": "cast_info", "Alias": "ci", "Startup Cost": 0.0, "Total Cost": 2.34, "Plan Rows": 1, "Plan Width": 8, "Index Cond": "(movie_id = t.id)", "Filter": "((note)::text = ANY ('{(writer),\"(head writer)\",\"(written by)\",(story),\"(story editor)\"}'::text[]))"}]}, {"Node Type": "Index Scan", "Parent Relationship": "Inner", "Scan Direction": "Forward", "Index Name": "name_pkey", "Relation Name": "name", "Alias": "n", "Startup Cost": 0.0, "Total Cost": 0.49, "Plan Rows": 1, "Plan Width": 4, "Index Cond": "(id = ci.person_id)", "Filter": "((gender IS NOT NULL) AND ((gender)::text = 'f'::text))"}]}]}, "Unique SQL Id": 661781350, "Planner Runtime": 16}, "explain_analyze_plan": {"Plan": {"Node Type": "Aggregate", "Strategy": "Plain", "Startup Cost": 101743.32, "Total Cost": 101743.33, "Plan Rows": 1, "Plan Width": 160, "Actual Startup Time": 689.796, "Actual Total Time": 689.796, "Actual Rows": 1, "Actual Loops": 1, "Plans": [{"Node Type": "Nested Loop", "Parent Relationship": "Outer", "Join Type": "Inner", "Startup Cost": 100814.47, "Total Cost": 101741.68, "Plan Rows": 219, "Plan Width": 64, "Actual Startup Time": 659.408, "Actual Total Time": 689.744, "Actual Rows": 11, "Actual Loops": 1, "Inner Unique": true, "Plans": [{"Node Type": "Nested Loop", "Parent Relationship": "Outer", "Join Type": "Inner", "Startup Cost": 100814.47, "Total Cost": 101580.69, "Plan Rows": 321, "Plan Width": 68, "Actual Startup Time": 656.84, "Actual Total Time": 687.423, "Actual Rows": 268, "Actual Loops": 1, "Inner Unique": false, "Plans": [{"Node Type": "Merge Join", "Parent Relationship": "Outer", "Join Type": "Inner", "Startup Cost": 100814.47, "Total Cost": 100895.67, "Plan Rows": 291, "Plan Width": 76, "Actual Startup Time": 656.594, "Actual Total Time": 656.847, "Actual Rows": 358, "Actual Loops": 1, "Inner Unique": false, "Merge Cond": "(it1.id = mi.info_type_id)", "Plans": [{"Node Type": "Index Scan", "Parent Relationship": "Outer", "Scan Direction": "Forward", "Index Name": "info_type_pkey", "Relation Name": "info_type", "Alias": "it1", "Startup Cost": 0.0, "Total Cost": 14.21, "Plan Rows": 1, "Plan Width": 4, "Actual Startup Time": 0.027, "Actual Total Time": 0.082, "Actual Rows": 1, "Actual Loops": 1, "Filter": "((info)::text = 'genres'::text)", "Rows Removed by Filter": 111}, {"Node Type": "Sort", "Parent Relationship": "Inner", "Startup Cost": 100810.73, "Total Cost": 100845.11, "Plan Rows": 13753, "Plan Width": 80, "Actual Startup Time": 656.557, "Actual Total Time": 656.621, "Actual Rows": 358, "Actual Loops": 1, "Sort Key": ["mi.info_type_id"], "Sort Method": "quicksort", "Sort Space Used": 75, "Sort Space Type": "Memory", "Plans": [{"Node Type": "Nested Loop", "Parent Relationship": "Outer", "Join Type": "Inner", "Startup Cost": 0.0, "Total Cost": 99865.39, "Plan Rows": 13753, "Plan Width": 80, "Actual Startup Time": 11.51, "Actual Total Time": 656.179, "Actual Rows": 358, "Actual Loops": 1, "Inner Unique": false, "Plans": [{"Node Type": "Nested Loop", "Parent Relationship": "Outer", "Join Type": "Inner", "Startup Cost": 0.0, "Total Cost": 78493.26, "Plan Rows": 15041, "Plan Width": 30, "Actual Startup Time": 2.132, "Actual Total Time": 485.753, "Actual Rows": 6152, "Actual Loops": 1, "Inner Unique": true, "Plans": [{"Node Type": "Nested Loop", "Parent Relationship": "Outer", "Join Type": "Inner", "Startup Cost": 0.0, "Total Cost": 35880.0, "Plan Rows": 12936, "Plan Width": 9, "Actual Startup Time": 0.103, "Actual Total Time": 392.209, "Actual Rows": 15849, "Actual Loops": 1, "Inner Unique": false, "Plans": [{"Node Type": "Index Scan", "Parent Relationship": "Outer", "Scan Direction": "Forward", "Index Name": "info_type_pkey", "Relation Name": "info_type", "Alias": "it2", "Startup Cost": 0.0, "Total Cost": 14.21, "Plan Rows": 1, "Plan Width": 4, "Actual Startup Time": 0.053, "Actual Total Time": 0.064, "Actual Rows": 1, "Actual Loops": 1, "Filter": "((info)::text = 'rating'::text)", "Rows Removed by Filter": 111}, {"Node Type": "Index Scan", "Parent Relationship": "Inner", "Scan Direction": "Forward", "Index Name": "info_type_id_movie_info_idx", "Relation Name": "movie_info_idx", "Alias": "mi_idx", "Startup Cost": 0.0, "Total Cost": 35736.43, "Plan Rows": 12936, "Plan Width": 13, "Actual Startup Time": 0.046, "Actual Total Time": 388.386, "Actual Rows": 15849, "Actual Loops": 1, "Index Cond": "(info_type_id = it2.id)", "Rows Removed by Index Recheck": 0, "Filter": "((info)::text > '8.0'::text)", "Rows Removed by Filter": 444076}]}, {"Node Type": "Index Scan", "Parent Relationship": "Inner", "Scan Direction": "Forward", "Index Name": "title_pkey", "Relation Name": "title", "Alias": "t", "Startup Cost": 0.0, "Total Cost": 3.28, "Plan Rows": 1, "Plan Width": 21, "Actual Startup Time": 83.731, "Actual Total Time": 83.731, "Actual Rows": 6152, "Actual Loops": 15849, "Index Cond": "(id = mi_idx.movie_id)", "Rows Removed by Index Recheck": 0, "Filter": "((production_year >= 2008) AND (production_year <= 2014))", "Rows Removed by Filter": 9697}]}, {"Node Type": "Index Scan", "Parent Relationship": "Inner", "Scan Direction": "Forward", "Index Name": "movie_id_movie_info", "Relation Name": "movie_info", "Alias": "mi", "Startup Cost": 0.0, "Total Cost": 1.41, "Plan Rows": 1, "Plan Width": 50, "Actual Startup Time": 166.743, "Actual Total Time": 167.054, "Actual Rows": 358, "Actual Loops": 6152, "Index Cond": "(movie_id = t.id)", "Rows Removed by Index Recheck": 0, "Filter": "((note IS NULL) AND ((info)::text = ANY ('{Horror,Thriller}'::text[])))", "Rows Removed by Filter": 109599}]}]}]}, {"Node Type": "Index Scan", "Parent Relationship": "Inner", "Scan Direction": "Forward", "Index Name": "movie_id_cast_info", "Relation Name": "cast_info", "Alias": "ci", "Startup Cost": 0.0, "Total Cost": 2.34, "Plan Rows": 1, "Plan Width": 8, "Actual Startup Time": 23.825, "Actual Total Time": 30.289, "Actual Rows": 268, "Actual Loops": 358, "Index Cond": "(movie_id = t.id)", "Rows Removed by Index Recheck": 0, "Filter": "((note)::text = ANY ('{(writer),\"(head writer)\",\"(written by)\",(story),\"(story editor)\"}'::text[]))", "Rows Removed by Filter": 12296}]}, {"Node Type": "Index Scan", "Parent Relationship": "Inner", "Scan Direction": "Forward", "Index Name": "name_pkey", "Relation Name": "name", "Alias": "n", "Startup Cost": 0.0, "Total Cost": 0.49, "Plan Rows": 1, "Plan Width": 4, "Actual Startup Time": 2.146, "Actual Total Time": 2.146, "Actual Rows": 11, "Actual Loops": 268, "Index Cond": "(id = ci.person_id)", "Rows Removed by Index Recheck": 0, "Filter": "((gender IS NOT NULL) AND ((gender)::text = 'f'::text))", "Rows Removed by Filter": 257}]}]}, "Triggers": [], "Planner Runtime": 15.344, "Total Runtime": 690.115, "Unique SQL Id": 661781350}}, "(64, '90')": {"explain_plan": {"Plan": {"Node Type": "Aggregate", "Strategy": "Plain", "Startup Cost": 3099656722342.1, "Total Cost": 3099656722342.11, "Plan Rows": 1, "Plan Width": 160, "Plans": [{"Node Type": "Merge Join", "Parent Relationship": "Outer", "Join Type": "Inner", "Startup Cost": 130026035968.13, "Total Cost": 3099656722340.35, "Plan Rows": 233, "Plan Width": 64, "Inner Unique": true, "Merge Cond": "(mi.movie_id = t.id)", "Plans": [{"Node Type": "Nested Loop", "Parent Relationship": "Outer", "Join Type": "Inner", "Startup Cost": 120000733853.69, "Total Cost": 2100345312746.78, "Plan Rows": 200, "Plan Width": 59, "Inner Unique": false, "Join Filter": "(ci.movie_id = mi.movie_id)", "Plans": [{"Node Type": "Merge Join", "Parent Relationship": "Outer", "Join Type": "Inner", "Startup Cost": 100000733853.69, "Total Cost": 100000733933.01, "Plan Rows": 250, "Plan Width": 55, "Inner Unique": false, "Merge Cond": "(mi.movie_id = mi_idx.movie_id)", "Plans": [{"Node Type": "Sort", "Parent Relationship": "Outer", "Startup Cost": 100000704803.79, "Total Cost": 100000704806.22, "Plan Rows": 971, "Plan Width": 46, "Sort Key": ["mi.movie_id"], "Plans": [{"Node Type": "Nested Loop", "Parent Relationship": "Outer", "Join Type": "Inner", "Startup Cost": 10000000000.0, "Total Cost": 100000704755.61, "Plan Rows": 971, "Plan Width": 46, "Inner Unique": false, "Join Filter": "(it1.id = mi.info_type_id)", "Plans": [{"Node Type": "Seq Scan", "Parent Relationship": "Outer", "Relation Name": "info_type", "Alias": "it1", "Startup Cost": 0.0, "Total Cost": 2.4, "Plan Rows": 1, "Plan Width": 4, "Filter": "((info)::text = 'genres'::text)"}, {"Node Type": "Materialize", "Parent Relationship": "Inner", "Startup Cost": 0.0, "Total Cost": 69793.45, "Plan Rows": 67971, "Plan Width": 50, "Plans": [{"Node Type": "Streaming(type: LOCAL GATHER dop: 1/64)", "Parent Relationship": "Outer", "Startup Cost": 0.0, "Total Cost": 69623.52, "Plan Rows": 67971, "Plan Width": 50, "Plans": [{"Node Type": "Seq Scan", "Parent Relationship": "Outer", "Relation Name": "movie_info", "Alias": "mi", "Startup Cost": 0.0, "Total Cost": 68221.29, "Plan Rows": 67971, "Plan Width": 50, "Filter": "((note IS NULL) AND ((info)::text = ANY ('{Horror,Thriller}'::text[])))"}]}]}]}]}, {"Node Type": "Sort", "Parent Relationship": "Inner", "Startup Cost": 29049.9, "Total Cost": 29082.24, "Plan Rows": 12936, "Plan Width": 9, "Sort Key": ["mi_idx.movie_id"], "Plans": [{"Node Type": "Merge Join", "Parent Relationship": "Outer", "Join Type": "Inner", "Startup Cost": 27778.34, "Total Cost": 28166.43, "Plan Rows": 12936, "Plan Width": 9, "Inner Unique": false, "Merge Cond": "(it2.id = mi_idx.info_type_id)", "Plans": [{"Node Type": "Sort", "Parent Relationship": "Outer", "Startup Cost": 2.41, "Total Cost": 2.42, "Plan Rows": 1, "Plan Width": 4, "Sort Key": ["it2.id"], "Plans": [{"Node Type": "Seq Scan", "Parent Relationship": "Outer", "Relation Name": "info_type", "Alias": "it2", "Startup Cost": 0.0, "Total Cost": 2.4, "Plan Rows": 1, "Plan Width": 4, "Filter": "((info)::text = 'rating'::text)"}]}, {"Node Type": "Sort", "Parent Relationship": "Inner", "Startup Cost": 27775.92, "Total Cost": 27905.28, "Plan Rows": 51746, "Plan Width": 13, "Sort Key": ["mi_idx.info_type_id"], "Plans": [{"Node Type": "Seq Scan", "Parent Relationship": "Outer", "Relation Name": "movie_info_idx", "Alias": "mi_idx", "Startup Cost": 0.0, "Total Cost": 23724.42, "Plan Rows": 51746, "Plan Width": 13, "Filter": "((info)::text > '8.0'::text)"}]}]}]}]}, {"Node Type": "Materialize", "Parent Relationship": "Inner", "Startup Cost": 10000000000.0, "Total Cost": 100030670247.79, "Plan Rows": 834448, "Plan Width": 4, "Plans": [{"Node Type": "Streaming(type: LOCAL GATHER dop: 1/64)", "Parent Relationship": "Outer", "Startup Cost": 10000000000.0, "Total Cost": 100030666075.55, "Plan Rows": 834448, "Plan Width": 4, "Plans": [{"Node Type": "Nested Loop", "Parent Relationship": "Outer", "Join Type": "Inner", "Startup Cost": 10000000000.0, "Total Cost": 100030648860.99, "Plan Rows": 834448, "Plan Width": 4, "Inner Unique": true, "Join Filter": "(ci.person_id = n.id), (LLVM Optimized)", "Plans": [{"Node Type": "Streaming(type: LOCAL REDISTRIBUTE dop: 64/64)", "Parent Relationship": "Outer", "Startup Cost": 0.0, "Total Cost": 140103.96, "Plan Rows": 1223154, "Plan Width": 8, "Plans": [{"Node Type": "Seq Scan", "Parent Relationship": "Outer", "Relation Name": "cast_info", "Alias": "ci", "Startup Cost": 0.0, "Total Cost": 75945.31, "Plan Rows": 1223154, "Plan Width": 8, "Filter": "((note)::text = ANY ('{(writer),\"(head writer)\",\"(written by)\",(story),\"(story editor)\"}'::text[]))"}]}, {"Node Type": "Materialize", "Parent Relationship": "Inner", "Startup Cost": 0.0, "Total Cost": 128257.22, "Plan Rows": 624324, "Plan Width": 4, "Plans": [{"Node Type": "Streaming(type: LOCAL REDISTRIBUTE dop: 64/64)", "Parent Relationship": "Outer", "Startup Cost": 0.0, "Total Cost": 128208.44, "Plan Rows": 624324, "Plan Width": 4, "Plans": [{"Node Type": "Seq Scan", "Parent Relationship": "Outer", "Relation Name": "name", "Alias": "n", "Startup Cost": 0.0, "Total Cost": 64617.04, "Plan Rows": 624324, "Plan Width": 4, "Filter": "((gender IS NOT NULL) AND ((gender)::text = 'f'::text)), (LLVM Optimized)"}]}]}]}]}]}]}, {"Node Type": "Index Scan", "Parent Relationship": "Inner", "Scan Direction": "Forward", "Index Name": "title_pkey", "Relation Name": "title", "Alias": "t", "Startup Cost": 10000000000.0, "Total Cost": 1000012276204.41, "Plan Rows": 782553, "Plan Width": 21, "Filter": "((production_year >= 2008) AND (production_year <= 2014)), (LLVM Optimized)"}]}]}, "Unique SQL Id": 661781350, "Planner Runtime": 59}, "explain_analyze_plan": null}, "(64, '91')": {"explain_plan": {"Plan": {"Node Type": "Aggregate", "Strategy": "Plain", "Startup Cost": 6973104309533.58, "Total Cost": 6973104309533.59, "Plan Rows": 1, "Plan Width": 160, "Plans": [{"Node Type": "Merge Join", "Parent Relationship": "Outer", "Join Type": "Inner", "Startup Cost": 5983104308056.21, "Total Cost": 6973104309531.83, "Plan Rows": 233, "Plan Width": 64, "Inner Unique": true, "Merge Cond": "(mi.info_type_id = it1.id)", "Plans": [{"Node Type": "Sort", "Parent Relationship": "Outer", "Startup Cost": 5973104308053.2, "Total Cost": 5973104308080.83, "Plan Rows": 11053, "Plan Width": 68, "Sort Key": ["mi.info_type_id"], "Plans": [{"Node Type": "Merge Join", "Parent Relationship": "Outer", "Join Type": "Inner", "Startup Cost": 3994649433455.64, "Total Cost": 5973104307310.87, "Plan Rows": 11053, "Plan Width": 68, "Inner Unique": false, "Merge Cond": "(t.id = mi.movie_id)", "Plans": [{"Node Type": "Merge Join", "Parent Relationship": "Outer", "Join Type": "Inner", "Startup Cost": 3984649433455.64, "Total Cost": 4973733124189.28, "Plan Rows": 12089, "Plan Width": 34, "Inner Unique": true, "Merge Cond": "(mi_idx.movie_id = t.id)", "Plans": [{"Node Type": "Sort", "Parent Relationship": "Outer", "Startup Cost": 3974649433455.64, "Total Cost": 3974649433481.64, "Plan Rows": 10397, "Plan Width": 13, "Sort Key": ["ci.movie_id"], "Plans": [{"Node Type": "Merge Join", "Parent Relationship": "Outer", "Join Type": "Inner", "Startup Cost": 3010140645830.7, "Total Cost": 3974649432761.96, "Plan Rows": 10397, "Plan Width": 13, "Inner Unique": true, "Merge Cond": "(ci.person_id = n.id)", "Plans": [{"Node Type": "Sort", "Parent Relationship": "Outer", "Startup Cost": 3000140645830.7, "Total Cost": 3000140645866.48, "Plan Rows": 14313, "Plan Width": 17, "Sort Key": ["ci.person_id"], "Plans": [{"Node Type": "Merge Join", "Parent Relationship": "Outer", "Join Type": "Inner", "Startup Cost": 2010001909250.23, "Total Cost": 3000140644842.74, "Plan Rows": 14313, "Plan Width": 17, "Inner Unique": false, "Merge Cond": "(ci.movie_id = mi_idx.movie_id)", "Plans": [{"Node Type": "Index Scan", "Parent Relationship": "Outer", "Scan Direction": "Forward", "Index Name": "movie_id_cast_info", "Relation Name": "cast_info", "Alias": "ci", "Startup Cost": 10000000000.0, "Total Cost": 1000228594573.05, "Plan Rows": 1223154, "Plan Width": 8, "Filter": "((note)::text = ANY ('{(writer),\"(head writer)\",\"(written by)\",(story),\"(story editor)\"}'::text[]))"}, {"Node Type": "Sort", "Parent Relationship": "Inner", "Startup Cost": 2000001909250.23, "Total Cost": 2000001909282.57, "Plan Rows": 12936, "Plan Width": 9, "Sort Key": ["mi_idx.movie_id"], "Plans": [{"Node Type": "Nested Loop", "Parent Relationship": "Outer", "Join Type": "Inner", "Startup Cost": 20000007419.04, "Total Cost": 2000001908366.76, "Plan Rows": 12936, "Plan Width": 9, "Inner Unique": false, "Plans": [{"Node Type": "Index Scan", "Parent Relationship": "Outer", "Scan Direction": "Forward", "Index Name": "info_type_pkey", "Relation Name": "info_type", "Alias": "it2", "Startup Cost": 10000000000.0, "Total Cost": 1000000001421.0, "Plan Rows": 1, "Plan Width": 4, "Filter": "((info)::text = 'rating'::text)"}, {"Node Type": "Bitmap Heap Scan", "Parent Relationship": "Inner", "Relation Name": "movie_info_idx", "Alias": "mi_idx", "Startup Cost": 10000007419.04, "Total Cost": 1000001906816.4, "Plan Rows": 12936, "Plan Width": 13, "Recheck Cond": "(info_type_id = it2.id)", "Filter": "((info)::text > '8.0'::text)", "Plans": [{"Node Type": "Bitmap Index Scan", "Parent Relationship": "Outer", "Index Name": "info_type_id_movie_info_idx", "Startup Cost": 0.0, "Total Cost": 7415.81, "Plan Rows": 345008, "Plan Width": 0, "Index Cond": "(info_type_id = it2.id)"}]}]}]}]}]}, {"Node Type": "Index Scan", "Parent Relationship": "Inner", "Scan Direction": "Forward", "Index Name": "name_pkey", "Relation Name": "name", "Alias": "n", "Startup Cost": 10000000000.0, "Total Cost": 1000018665147.2, "Plan Rows": 624324, "Plan Width": 4, "Filter": "((gender IS NOT NULL) AND ((gender)::text = 'f'::text)), (LLVM Optimized)"}]}]}, {"Node Type": "Index Scan", "Parent Relationship": "Inner", "Scan Direction": "Forward", "Index Name": "title_pkey", "Relation Name": "title", "Alias": "t", "Startup Cost": 10000000000.0, "Total Cost": 1000012276204.41, "Plan Rows": 782553, "Plan Width": 21, "Filter": "((production_year >= 2008) AND (production_year <= 2014)), (LLVM Optimized)"}]}, {"Node Type": "Index Scan", "Parent Relationship": "Inner", "Scan Direction": "Forward", "Index Name": "movie_id_movie_info", "Relation Name": "movie_info", "Alias": "mi", "Startup Cost": 10000000000.0, "Total Cost": 1000107534403.72, "Plan Rows": 67971, "Plan Width": 50, "Filter": "((note IS NULL) AND ((info)::text = ANY ('{Horror,Thriller}'::text[])))"}]}]}, {"Node Type": "Materialize", "Parent Relationship": "Inner", "Startup Cost": 10000000000.0, "Total Cost": 1000000001421.0, "Plan Rows": 1, "Plan Width": 4, "Plans": [{"Node Type": "Index Scan", "Parent Relationship": "Outer", "Scan Direction": "Forward", "Index Name": "info_type_pkey", "Relation Name": "info_type", "Alias": "it1", "Startup Cost": 10000000000.0, "Total Cost": 1000000001421.0, "Plan Rows": 1, "Plan Width": 4, "Filter": "((info)::text = 'genres'::text)"}]}]}]}, "Unique SQL Id": 661781350, "Planner Runtime": 99}, "explain_analyze_plan": null}, "(64, '92')": {"explain_plan": {"Plan": {"Node Type": "Aggregate", "Strategy": "Plain", "Startup Cost": 91622.51, "Total Cost": 91622.52, "Plan Rows": 1, "Plan Width": 160, "Plans": [{"Node Type": "Nested Loop", "Parent Relationship": "Outer", "Join Type": "Inner", "Startup Cost": 0.0, "Total Cost": 91620.87, "Plan Rows": 219, "Plan Width": 64, "Inner Unique": true, "Plans": [{"Node Type": "Nested Loop", "Parent Relationship": "Outer", "Join Type": "Inner", "Startup Cost": 0.0, "Total Cost": 91459.88, "Plan Rows": 321, "Plan Width": 68, "Inner Unique": false, "Plans": [{"Node Type": "Nested Loop", "Parent Relationship": "Outer", "Join Type": "Inner", "Startup Cost": 0.0, "Total Cost": 90774.86, "Plan Rows": 291, "Plan Width": 76, "Inner Unique": true, "Plans": [{"Node Type": "Nested Loop", "Parent Relationship": "Outer", "Join Type": "Inner", "Startup Cost": 0.0, "Total Cost": 90061.64, "Plan Rows": 250, "Plan Width": 55, "Inner Unique": true, "Plans": [{"Node Type": "Nested Loop", "Parent Relationship": "Outer", "Join Type": "Inner", "Startup Cost": 0.0, "Total Cost": 89779.19, "Plan Rows": 999, "Plan Width": 59, "Inner Unique": false, "Plans": [{"Node Type": "Nested Loop", "Parent Relationship": "Outer", "Join Type": "Inner", "Startup Cost": 0.0, "Total Cost": 88837.33, "Plan Rows": 971, "Plan Width": 46, "Inner Unique": true, "Plans": [{"Node Type": "Streaming(type: LOCAL GATHER dop: 1/64)", "Parent Relationship": "Outer", "Startup Cost": 0.0, "Total Cost": 69623.52, "Plan Rows": 67971, "Plan Width": 50, "Plans": [{"Node Type": "Seq Scan", "Parent Relationship": "Outer", "Relation Name": "movie_info", "Alias": "mi", "Startup Cost": 0.0, "Total Cost": 68221.29, "Plan Rows": 67971, "Plan Width": 50, "Filter": "((note IS NULL) AND ((info)::text = ANY ('{Horror,Thriller}'::text[])))"}]}, {"Node Type": "Index Scan", "Parent Relationship": "Inner", "Scan Direction": "Forward", "Index Name": "info_type_pkey", "Relation Name": "info_type", "Alias": "it1", "Startup Cost": 0.0, "Total Cost": 0.27, "Plan Rows": 1, "Plan Width": 4, "Index Cond": "(id = mi.info_type_id)", "Filter": "((info)::text = 'genres'::text)"}]}, {"Node Type": "Index Scan", "Parent Relationship": "Inner", "Scan Direction": "Forward", "Index Name": "movie_id_movie_info_idx", "Relation Name": "movie_info_idx", "Alias": "mi_idx", "Startup Cost": 0.0, "Total Cost": 0.96, "Plan Rows": 1, "Plan Width": 13, "Index Cond": "(movie_id = mi.movie_id)", "Filter": "((info)::text > '8.0'::text)"}]}, {"Node Type": "Index Scan", "Parent Relationship": "Inner", "Scan Direction": "Forward", "Index Name": "info_type_pkey", "Relation Name": "info_type", "Alias": "it2", "Startup Cost": 0.0, "Total Cost": 0.27, "Plan Rows": 1, "Plan Width": 4, "Index Cond": "(id = mi_idx.info_type_id)", "Filter": "((info)::text = 'rating'::text)"}]}, {"Node Type": "Index Scan", "Parent Relationship": "Inner", "Scan Direction": "Forward", "Index Name": "title_pkey", "Relation Name": "title", "Alias": "t", "Startup Cost": 0.0, "Total Cost": 2.84, "Plan Rows": 1, "Plan Width": 21, "Index Cond": "(id = mi.movie_id)", "Filter": "((production_year >= 2008) AND (production_year <= 2014))"}]}, {"Node Type": "Index Scan", "Parent Relationship": "Inner", "Scan Direction": "Forward", "Index Name": "movie_id_cast_info", "Relation Name": "cast_info", "Alias": "ci", "Startup Cost": 0.0, "Total Cost": 2.34, "Plan Rows": 1, "Plan Width": 8, "Index Cond": "(movie_id = t.id)", "Filter": "((note)::text = ANY ('{(writer),\"(head writer)\",\"(written by)\",(story),\"(story editor)\"}'::text[]))"}]}, {"Node Type": "Index Scan", "Parent Relationship": "Inner", "Scan Direction": "Forward", "Index Name": "name_pkey", "Relation Name": "name", "Alias": "n", "Startup Cost": 0.0, "Total Cost": 0.49, "Plan Rows": 1, "Plan Width": 4, "Index Cond": "(id = ci.person_id)", "Filter": "((gender IS NOT NULL) AND ((gender)::text = 'f'::text))"}]}]}, "Unique SQL Id": 661781350, "Planner Runtime": 21}, "explain_analyze_plan": {"Plan": {"Node Type": "Aggregate", "Strategy": "Plain", "Startup Cost": 91622.51, "Total Cost": 91622.52, "Plan Rows": 1, "Plan Width": 160, "Actual Min Startup Time": 738.076, "Actual Max Startup Time": 738.076, "Actual Min Total Time": 738.077, "Actual Max Total Time": 738.077, "Plans": [{"Node Type": "Nested Loop", "Parent Relationship": "Outer", "Join Type": "Inner", "Startup Cost": 0.0, "Total Cost": 91620.87, "Plan Rows": 219, "Plan Width": 64, "Actual Min Startup Time": 164.31, "Actual Max Startup Time": 164.31, "Actual Min Total Time": 738.013, "Actual Max Total Time": 738.013, "Inner Unique": true, "Plans": [{"Node Type": "Nested Loop", "Parent Relationship": "Outer", "Join Type": "Inner", "Startup Cost": 0.0, "Total Cost": 91459.88, "Plan Rows": 321, "Plan Width": 68, "Actual Min Startup Time": 101.653, "Actual Max Startup Time": 101.653, "Actual Min Total Time": 735.13, "Actual Max Total Time": 735.13, "Inner Unique": false, "Plans": [{"Node Type": "Nested Loop", "Parent Relationship": "Outer", "Join Type": "Inner", "Startup Cost": 0.0, "Total Cost": 90774.86, "Plan Rows": 291, "Plan Width": 76, "Actual Min Startup Time": 101.49, "Actual Max Startup Time": 101.49, "Actual Min Total Time": 699.813, "Actual Max Total Time": 699.813, "Inner Unique": true, "Plans": [{"Node Type": "Nested Loop", "Parent Relationship": "Outer", "Join Type": "Inner", "Startup Cost": 0.0, "Total Cost": 90061.64, "Plan Rows": 250, "Plan Width": 55, "Actual Min Startup Time": 93.95, "Actual Max Startup Time": 93.95, "Actual Min Total Time": 693.493, "Actual Max Total Time": 693.493, "Inner Unique": true, "Plans": [{"Node Type": "Nested Loop", "Parent Relationship": "Outer", "Join Type": "Inner", "Startup Cost": 0.0, "Total Cost": 89779.19, "Plan Rows": 999, "Plan Width": 59, "Actual Min Startup Time": 92.689, "Actual Max Startup Time": 92.689, "Actual Min Total Time": 683.474, "Actual Max Total Time": 683.474, "Inner Unique": false, "Plans": [{"Node Type": "Nested Loop", "Parent Relationship": "Outer", "Join Type": "Inner", "Startup Cost": 0.0, "Total Cost": 88837.33, "Plan Rows": 971, "Plan Width": 46, "Actual Min Startup Time": 92.163, "Actual Max Startup Time": 92.163, "Actual Min Total Time": 359.212, "Actual Max Total Time": 359.212, "Inner Unique": true, "Plans": [{"Node Type": "Streaming(type: LOCAL GATHER dop: 1/64)", "Parent Relationship": "Outer", "Startup Cost": 0.0, "Total Cost": 69623.52, "Plan Rows": 67971, "Plan Width": 50, "Actual Min Startup Time": 92.107, "Actual Max Startup Time": 92.107, "Actual Min Total Time": 182.929, "Actual Max Total Time": 182.929, "Plans": [{"Node Type": "Seq Scan", "Parent Relationship": "Outer", "Relation Name": "movie_info", "Alias": "mi", "Startup Cost": 0.0, "Total Cost": 68221.29, "Plan Rows": 67971, "Plan Width": 50, "Actual Min Startup Time": 51.972, "Actual Max Startup Time": 115.222, "Actual Min Total Time": 92.1, "Actual Max Total Time": 124.042, "Filter": "((note IS NULL) AND ((info)::text = ANY ('{Horror,Thriller}'::text[])))", "Rows Removed by Filter": 14762672, "Actual Rows": 73047}], "Actual Rows": 73047}, {"Node Type": "Index Scan", "Parent Relationship": "Inner", "Scan Direction": "Forward", "Index Name": "info_type_pkey", "Relation Name": "info_type", "Alias": "it1", "Startup Cost": 0.0, "Total Cost": 0.27, "Plan Rows": 1, "Plan Width": 4, "Actual Min Startup Time": 124.196, "Actual Max Startup Time": 124.196, "Actual Min Total Time": 124.196, "Actual Max Total Time": 124.196, "Index Cond": "(id = mi.info_type_id)", "Rows Removed by Index Recheck": 0, "Filter": "((info)::text = 'genres'::text)", "Rows Removed by Filter": 789, "Actual Rows": 72258}], "Actual Rows": 72258}, {"Node Type": "Index Scan", "Parent Relationship": "Inner", "Scan Direction": "Forward", "Index Name": "movie_id_movie_info_idx", "Relation Name": "movie_info_idx", "Alias": "mi_idx", "Startup Cost": 0.0, "Total Cost": 0.96, "Plan Rows": 1, "Plan Width": 13, "Actual Min Startup Time": 283.948, "Actual Max Startup Time": 283.948, "Actual Min Total Time": 287.651, "Actual Max Total Time": 287.651, "Index Cond": "(movie_id = mi.movie_id)", "Rows Removed by Index Recheck": 0, "Filter": "((info)::text > '8.0'::text)", "Rows Removed by Filter": 113143, "Actual Rows": 4135}], "Actual Rows": 4135}, {"Node Type": "Index Scan", "Parent Relationship": "Inner", "Scan Direction": "Forward", "Index Name": "info_type_pkey", "Relation Name": "info_type", "Alias": "it2", "Startup Cost": 0.0, "Total Cost": 0.27, "Plan Rows": 1, "Plan Width": 4, "Actual Min Startup Time": 7.735, "Actual Max Startup Time": 7.735, "Actual Min Total Time": 7.735, "Actual Max Total Time": 7.735, "Index Cond": "(id = mi_idx.info_type_id)", "Rows Removed by Index Recheck": 0, "Filter": "((info)::text = 'rating'::text)", "Rows Removed by Filter": 3403, "Actual Rows": 732}], "Actual Rows": 732}, {"Node Type": "Index Scan", "Parent Relationship": "Inner", "Scan Direction": "Forward", "Index Name": "title_pkey", "Relation Name": "title", "Alias": "t", "Startup Cost": 0.0, "Total Cost": 2.84, "Plan Rows": 1, "Plan Width": 21, "Actual Min Startup Time": 5.699, "Actual Max Startup Time": 5.699, "Actual Min Total Time": 5.699, "Actual Max Total Time": 5.699, "Index Cond": "(id = mi.movie_id)", "Rows Removed by Index Recheck": 0, "Filter": "((production_year >= 2008) AND (production_year <= 2014))", "Rows Removed by Filter": 374, "Actual Rows": 358}], "Actual Rows": 358}, {"Node Type": "Index Scan", "Parent Relationship": "Inner", "Scan Direction": "Forward", "Index Name": "movie_id_cast_info", "Relation Name": "cast_info", "Alias": "ci", "Startup Cost": 0.0, "Total Cost": 2.34, "Plan Rows": 1, "Plan Width": 8, "Actual Min Startup Time": 27.577, "Actual Max Startup Time": 27.577, "Actual Min Total Time": 34.978, "Actual Max Total Time": 34.978, "Index Cond": "(movie_id = t.id)", "Rows Removed by Index Recheck": 0, "Filter": "((note)::text = ANY ('{(writer),\"(head writer)\",\"(written by)\",(story),\"(story editor)\"}'::text[]))", "Rows Removed by Filter": 12296, "Actual Rows": 268}], "Actual Rows": 268}, {"Node Type": "Index Scan", "Parent Relationship": "Inner", "Scan Direction": "Forward", "Index Name": "name_pkey", "Relation Name": "name", "Alias": "n", "Startup Cost": 0.0, "Total Cost": 0.49, "Plan Rows": 1, "Plan Width": 4, "Actual Min Startup Time": 2.652, "Actual Max Startup Time": 2.652, "Actual Min Total Time": 2.652, "Actual Max Total Time": 2.652, "Index Cond": "(id = ci.person_id)", "Rows Removed by Index Recheck": 0, "Filter": "((gender IS NOT NULL) AND ((gender)::text = 'f'::text))", "Rows Removed by Filter": 257, "Actual Rows": 11}], "Actual Rows": 11}], "Actual Rows": 1}, "Triggers": [], "Planner Runtime": 21.293, "Total Runtime": 749.757, "Unique SQL Id": 661781350}}, "(64, '93')": {"explain_plan": {"Plan": {"Node Type": "Aggregate", "Strategy": "Plain", "Startup Cost": 101743.32, "Total Cost": 101743.33, "Plan Rows": 1, "Plan Width": 160, "Plans": [{"Node Type": "Nested Loop", "Parent Relationship": "Outer", "Join Type": "Inner", "Startup Cost": 100814.47, "Total Cost": 101741.68, "Plan Rows": 219, "Plan Width": 64, "Inner Unique": true, "Plans": [{"Node Type": "Nested Loop", "Parent Relationship": "Outer", "Join Type": "Inner", "Startup Cost": 100814.47, "Total Cost": 101580.69, "Plan Rows": 321, "Plan Width": 68, "Inner Unique": false, "Plans": [{"Node Type": "Merge Join", "Parent Relationship": "Outer", "Join Type": "Inner", "Startup Cost": 100814.47, "Total Cost": 100895.67, "Plan Rows": 291, "Plan Width": 76, "Inner Unique": false, "Merge Cond": "(it1.id = mi.info_type_id)", "Plans": [{"Node Type": "Index Scan", "Parent Relationship": "Outer", "Scan Direction": "Forward", "Index Name": "info_type_pkey", "Relation Name": "info_type", "Alias": "it1", "Startup Cost": 0.0, "Total Cost": 14.21, "Plan Rows": 1, "Plan Width": 4, "Filter": "((info)::text = 'genres'::text)"}, {"Node Type": "Sort", "Parent Relationship": "Inner", "Startup Cost": 100810.73, "Total Cost": 100845.11, "Plan Rows": 13753, "Plan Width": 80, "Sort Key": ["mi.info_type_id"], "Plans": [{"Node Type": "Nested Loop", "Parent Relationship": "Outer", "Join Type": "Inner", "Startup Cost": 0.0, "Total Cost": 99865.39, "Plan Rows": 13753, "Plan Width": 80, "Inner Unique": false, "Plans": [{"Node Type": "Nested Loop", "Parent Relationship": "Outer", "Join Type": "Inner", "Startup Cost": 0.0, "Total Cost": 78493.26, "Plan Rows": 15041, "Plan Width": 30, "Inner Unique": true, "Plans": [{"Node Type": "Nested Loop", "Parent Relationship": "Outer", "Join Type": "Inner", "Startup Cost": 0.0, "Total Cost": 35880.0, "Plan Rows": 12936, "Plan Width": 9, "Inner Unique": false, "Plans": [{"Node Type": "Index Scan", "Parent Relationship": "Outer", "Scan Direction": "Forward", "Index Name": "info_type_pkey", "Relation Name": "info_type", "Alias": "it2", "Startup Cost": 0.0, "Total Cost": 14.21, "Plan Rows": 1, "Plan Width": 4, "Filter": "((info)::text = 'rating'::text)"}, {"Node Type": "Index Scan", "Parent Relationship": "Inner", "Scan Direction": "Forward", "Index Name": "info_type_id_movie_info_idx", "Relation Name": "movie_info_idx", "Alias": "mi_idx", "Startup Cost": 0.0, "Total Cost": 35736.43, "Plan Rows": 12936, "Plan Width": 13, "Index Cond": "(info_type_id = it2.id)", "Filter": "((info)::text > '8.0'::text)"}]}, {"Node Type": "Index Scan", "Parent Relationship": "Inner", "Scan Direction": "Forward", "Index Name": "title_pkey", "Relation Name": "title", "Alias": "t", "Startup Cost": 0.0, "Total Cost": 3.28, "Plan Rows": 1, "Plan Width": 21, "Index Cond": "(id = mi_idx.movie_id)", "Filter": "((production_year >= 2008) AND (production_year <= 2014))"}]}, {"Node Type": "Index Scan", "Parent Relationship": "Inner", "Scan Direction": "Forward", "Index Name": "movie_id_movie_info", "Relation Name": "movie_info", "Alias": "mi", "Startup Cost": 0.0, "Total Cost": 1.41, "Plan Rows": 1, "Plan Width": 50, "Index Cond": "(movie_id = t.id)", "Filter": "((note IS NULL) AND ((info)::text = ANY ('{Horror,Thriller}'::text[])))"}]}]}]}, {"Node Type": "Index Scan", "Parent Relationship": "Inner", "Scan Direction": "Forward", "Index Name": "movie_id_cast_info", "Relation Name": "cast_info", "Alias": "ci", "Startup Cost": 0.0, "Total Cost": 2.34, "Plan Rows": 1, "Plan Width": 8, "Index Cond": "(movie_id = t.id)", "Filter": "((note)::text = ANY ('{(writer),\"(head writer)\",\"(written by)\",(story),\"(story editor)\"}'::text[]))"}]}, {"Node Type": "Index Scan", "Parent Relationship": "Inner", "Scan Direction": "Forward", "Index Name": "name_pkey", "Relation Name": "name", "Alias": "n", "Startup Cost": 0.0, "Total Cost": 0.49, "Plan Rows": 1, "Plan Width": 4, "Index Cond": "(id = ci.person_id)", "Filter": "((gender IS NOT NULL) AND ((gender)::text = 'f'::text))"}]}]}, "Unique SQL Id": 661781350, "Planner Runtime": 15}, "explain_analyze_plan": {"Plan": {"Node Type": "Aggregate", "Strategy": "Plain", "Startup Cost": 101743.32, "Total Cost": 101743.33, "Plan Rows": 1, "Plan Width": 160, "Actual Startup Time": 689.796, "Actual Total Time": 689.796, "Actual Rows": 1, "Actual Loops": 1, "Plans": [{"Node Type": "Nested Loop", "Parent Relationship": "Outer", "Join Type": "Inner", "Startup Cost": 100814.47, "Total Cost": 101741.68, "Plan Rows": 219, "Plan Width": 64, "Actual Startup Time": 659.408, "Actual Total Time": 689.744, "Actual Rows": 11, "Actual Loops": 1, "Inner Unique": true, "Plans": [{"Node Type": "Nested Loop", "Parent Relationship": "Outer", "Join Type": "Inner", "Startup Cost": 100814.47, "Total Cost": 101580.69, "Plan Rows": 321, "Plan Width": 68, "Actual Startup Time": 656.84, "Actual Total Time": 687.423, "Actual Rows": 268, "Actual Loops": 1, "Inner Unique": false, "Plans": [{"Node Type": "Merge Join", "Parent Relationship": "Outer", "Join Type": "Inner", "Startup Cost": 100814.47, "Total Cost": 100895.67, "Plan Rows": 291, "Plan Width": 76, "Actual Startup Time": 656.594, "Actual Total Time": 656.847, "Actual Rows": 358, "Actual Loops": 1, "Inner Unique": false, "Merge Cond": "(it1.id = mi.info_type_id)", "Plans": [{"Node Type": "Index Scan", "Parent Relationship": "Outer", "Scan Direction": "Forward", "Index Name": "info_type_pkey", "Relation Name": "info_type", "Alias": "it1", "Startup Cost": 0.0, "Total Cost": 14.21, "Plan Rows": 1, "Plan Width": 4, "Actual Startup Time": 0.027, "Actual Total Time": 0.082, "Actual Rows": 1, "Actual Loops": 1, "Filter": "((info)::text = 'genres'::text)", "Rows Removed by Filter": 111}, {"Node Type": "Sort", "Parent Relationship": "Inner", "Startup Cost": 100810.73, "Total Cost": 100845.11, "Plan Rows": 13753, "Plan Width": 80, "Actual Startup Time": 656.557, "Actual Total Time": 656.621, "Actual Rows": 358, "Actual Loops": 1, "Sort Key": ["mi.info_type_id"], "Sort Method": "quicksort", "Sort Space Used": 75, "Sort Space Type": "Memory", "Plans": [{"Node Type": "Nested Loop", "Parent Relationship": "Outer", "Join Type": "Inner", "Startup Cost": 0.0, "Total Cost": 99865.39, "Plan Rows": 13753, "Plan Width": 80, "Actual Startup Time": 11.51, "Actual Total Time": 656.179, "Actual Rows": 358, "Actual Loops": 1, "Inner Unique": false, "Plans": [{"Node Type": "Nested Loop", "Parent Relationship": "Outer", "Join Type": "Inner", "Startup Cost": 0.0, "Total Cost": 78493.26, "Plan Rows": 15041, "Plan Width": 30, "Actual Startup Time": 2.132, "Actual Total Time": 485.753, "Actual Rows": 6152, "Actual Loops": 1, "Inner Unique": true, "Plans": [{"Node Type": "Nested Loop", "Parent Relationship": "Outer", "Join Type": "Inner", "Startup Cost": 0.0, "Total Cost": 35880.0, "Plan Rows": 12936, "Plan Width": 9, "Actual Startup Time": 0.103, "Actual Total Time": 392.209, "Actual Rows": 15849, "Actual Loops": 1, "Inner Unique": false, "Plans": [{"Node Type": "Index Scan", "Parent Relationship": "Outer", "Scan Direction": "Forward", "Index Name": "info_type_pkey", "Relation Name": "info_type", "Alias": "it2", "Startup Cost": 0.0, "Total Cost": 14.21, "Plan Rows": 1, "Plan Width": 4, "Actual Startup Time": 0.053, "Actual Total Time": 0.064, "Actual Rows": 1, "Actual Loops": 1, "Filter": "((info)::text = 'rating'::text)", "Rows Removed by Filter": 111}, {"Node Type": "Index Scan", "Parent Relationship": "Inner", "Scan Direction": "Forward", "Index Name": "info_type_id_movie_info_idx", "Relation Name": "movie_info_idx", "Alias": "mi_idx", "Startup Cost": 0.0, "Total Cost": 35736.43, "Plan Rows": 12936, "Plan Width": 13, "Actual Startup Time": 0.046, "Actual Total Time": 388.386, "Actual Rows": 15849, "Actual Loops": 1, "Index Cond": "(info_type_id = it2.id)", "Rows Removed by Index Recheck": 0, "Filter": "((info)::text > '8.0'::text)", "Rows Removed by Filter": 444076}]}, {"Node Type": "Index Scan", "Parent Relationship": "Inner", "Scan Direction": "Forward", "Index Name": "title_pkey", "Relation Name": "title", "Alias": "t", "Startup Cost": 0.0, "Total Cost": 3.28, "Plan Rows": 1, "Plan Width": 21, "Actual Startup Time": 83.731, "Actual Total Time": 83.731, "Actual Rows": 6152, "Actual Loops": 15849, "Index Cond": "(id = mi_idx.movie_id)", "Rows Removed by Index Recheck": 0, "Filter": "((production_year >= 2008) AND (production_year <= 2014))", "Rows Removed by Filter": 9697}]}, {"Node Type": "Index Scan", "Parent Relationship": "Inner", "Scan Direction": "Forward", "Index Name": "movie_id_movie_info", "Relation Name": "movie_info", "Alias": "mi", "Startup Cost": 0.0, "Total Cost": 1.41, "Plan Rows": 1, "Plan Width": 50, "Actual Startup Time": 166.743, "Actual Total Time": 167.054, "Actual Rows": 358, "Actual Loops": 6152, "Index Cond": "(movie_id = t.id)", "Rows Removed by Index Recheck": 0, "Filter": "((note IS NULL) AND ((info)::text = ANY ('{Horror,Thriller}'::text[])))", "Rows Removed by Filter": 109599}]}]}]}, {"Node Type": "Index Scan", "Parent Relationship": "Inner", "Scan Direction": "Forward", "Index Name": "movie_id_cast_info", "Relation Name": "cast_info", "Alias": "ci", "Startup Cost": 0.0, "Total Cost": 2.34, "Plan Rows": 1, "Plan Width": 8, "Actual Startup Time": 23.825, "Actual Total Time": 30.289, "Actual Rows": 268, "Actual Loops": 358, "Index Cond": "(movie_id = t.id)", "Rows Removed by Index Recheck": 0, "Filter": "((note)::text = ANY ('{(writer),\"(head writer)\",\"(written by)\",(story),\"(story editor)\"}'::text[]))", "Rows Removed by Filter": 12296}]}, {"Node Type": "Index Scan", "Parent Relationship": "Inner", "Scan Direction": "Forward", "Index Name": "name_pkey", "Relation Name": "name", "Alias": "n", "Startup Cost": 0.0, "Total Cost": 0.49, "Plan Rows": 1, "Plan Width": 4, "Actual Startup Time": 2.146, "Actual Total Time": 2.146, "Actual Rows": 11, "Actual Loops": 268, "Index Cond": "(id = ci.person_id)", "Rows Removed by Index Recheck": 0, "Filter": "((gender IS NOT NULL) AND ((gender)::text = 'f'::text))", "Rows Removed by Filter": 257}]}]}, "Triggers": [], "Planner Runtime": 15.344, "Total Runtime": 690.115, "Unique SQL Id": 661781350}}, "(64, '94')": {"explain_plan": {"Plan": {"Node Type": "Aggregate", "Strategy": "Plain", "Startup Cost": 3099656722342.1, "Total Cost": 3099656722342.11, "Plan Rows": 1, "Plan Width": 160, "Plans": [{"Node Type": "Merge Join", "Parent Relationship": "Outer", "Join Type": "Inner", "Startup Cost": 130026035968.13, "Total Cost": 3099656722340.35, "Plan Rows": 233, "Plan Width": 64, "Inner Unique": true, "Merge Cond": "(mi.movie_id = t.id)", "Plans": [{"Node Type": "Nested Loop", "Parent Relationship": "Outer", "Join Type": "Inner", "Startup Cost": 120000733853.69, "Total Cost": 2100345312746.78, "Plan Rows": 200, "Plan Width": 59, "Inner Unique": false, "Join Filter": "(ci.movie_id = mi.movie_id)", "Plans": [{"Node Type": "Merge Join", "Parent Relationship": "Outer", "Join Type": "Inner", "Startup Cost": 100000733853.69, "Total Cost": 100000733933.01, "Plan Rows": 250, "Plan Width": 55, "Inner Unique": false, "Merge Cond": "(mi.movie_id = mi_idx.movie_id)", "Plans": [{"Node Type": "Sort", "Parent Relationship": "Outer", "Startup Cost": 100000704803.79, "Total Cost": 100000704806.22, "Plan Rows": 971, "Plan Width": 46, "Sort Key": ["mi.movie_id"], "Plans": [{"Node Type": "Nested Loop", "Parent Relationship": "Outer", "Join Type": "Inner", "Startup Cost": 10000000000.0, "Total Cost": 100000704755.61, "Plan Rows": 971, "Plan Width": 46, "Inner Unique": false, "Join Filter": "(it1.id = mi.info_type_id)", "Plans": [{"Node Type": "Seq Scan", "Parent Relationship": "Outer", "Relation Name": "info_type", "Alias": "it1", "Startup Cost": 0.0, "Total Cost": 2.4, "Plan Rows": 1, "Plan Width": 4, "Filter": "((info)::text = 'genres'::text)"}, {"Node Type": "Materialize", "Parent Relationship": "Inner", "Startup Cost": 0.0, "Total Cost": 69793.45, "Plan Rows": 67971, "Plan Width": 50, "Plans": [{"Node Type": "Streaming(type: LOCAL GATHER dop: 1/64)", "Parent Relationship": "Outer", "Startup Cost": 0.0, "Total Cost": 69623.52, "Plan Rows": 67971, "Plan Width": 50, "Plans": [{"Node Type": "Seq Scan", "Parent Relationship": "Outer", "Relation Name": "movie_info", "Alias": "mi", "Startup Cost": 0.0, "Total Cost": 68221.29, "Plan Rows": 67971, "Plan Width": 50, "Filter": "((note IS NULL) AND ((info)::text = ANY ('{Horror,Thriller}'::text[])))"}]}]}]}]}, {"Node Type": "Sort", "Parent Relationship": "Inner", "Startup Cost": 29049.9, "Total Cost": 29082.24, "Plan Rows": 12936, "Plan Width": 9, "Sort Key": ["mi_idx.movie_id"], "Plans": [{"Node Type": "Merge Join", "Parent Relationship": "Outer", "Join Type": "Inner", "Startup Cost": 27778.34, "Total Cost": 28166.43, "Plan Rows": 12936, "Plan Width": 9, "Inner Unique": false, "Merge Cond": "(it2.id = mi_idx.info_type_id)", "Plans": [{"Node Type": "Sort", "Parent Relationship": "Outer", "Startup Cost": 2.41, "Total Cost": 2.42, "Plan Rows": 1, "Plan Width": 4, "Sort Key": ["it2.id"], "Plans": [{"Node Type": "Seq Scan", "Parent Relationship": "Outer", "Relation Name": "info_type", "Alias": "it2", "Startup Cost": 0.0, "Total Cost": 2.4, "Plan Rows": 1, "Plan Width": 4, "Filter": "((info)::text = 'rating'::text)"}]}, {"Node Type": "Sort", "Parent Relationship": "Inner", "Startup Cost": 27775.92, "Total Cost": 27905.28, "Plan Rows": 51746, "Plan Width": 13, "Sort Key": ["mi_idx.info_type_id"], "Plans": [{"Node Type": "Seq Scan", "Parent Relationship": "Outer", "Relation Name": "movie_info_idx", "Alias": "mi_idx", "Startup Cost": 0.0, "Total Cost": 23724.42, "Plan Rows": 51746, "Plan Width": 13, "Filter": "((info)::text > '8.0'::text)"}]}]}]}]}, {"Node Type": "Materialize", "Parent Relationship": "Inner", "Startup Cost": 10000000000.0, "Total Cost": 100030670247.79, "Plan Rows": 834448, "Plan Width": 4, "Plans": [{"Node Type": "Streaming(type: LOCAL GATHER dop: 1/64)", "Parent Relationship": "Outer", "Startup Cost": 10000000000.0, "Total Cost": 100030666075.55, "Plan Rows": 834448, "Plan Width": 4, "Plans": [{"Node Type": "Nested Loop", "Parent Relationship": "Outer", "Join Type": "Inner", "Startup Cost": 10000000000.0, "Total Cost": 100030648860.99, "Plan Rows": 834448, "Plan Width": 4, "Inner Unique": true, "Join Filter": "(ci.person_id = n.id), (LLVM Optimized)", "Plans": [{"Node Type": "Streaming(type: LOCAL REDISTRIBUTE dop: 64/64)", "Parent Relationship": "Outer", "Startup Cost": 0.0, "Total Cost": 140103.96, "Plan Rows": 1223154, "Plan Width": 8, "Plans": [{"Node Type": "Seq Scan", "Parent Relationship": "Outer", "Relation Name": "cast_info", "Alias": "ci", "Startup Cost": 0.0, "Total Cost": 75945.31, "Plan Rows": 1223154, "Plan Width": 8, "Filter": "((note)::text = ANY ('{(writer),\"(head writer)\",\"(written by)\",(story),\"(story editor)\"}'::text[]))"}]}, {"Node Type": "Materialize", "Parent Relationship": "Inner", "Startup Cost": 0.0, "Total Cost": 128257.22, "Plan Rows": 624324, "Plan Width": 4, "Plans": [{"Node Type": "Streaming(type: LOCAL REDISTRIBUTE dop: 64/64)", "Parent Relationship": "Outer", "Startup Cost": 0.0, "Total Cost": 128208.44, "Plan Rows": 624324, "Plan Width": 4, "Plans": [{"Node Type": "Seq Scan", "Parent Relationship": "Outer", "Relation Name": "name", "Alias": "n", "Startup Cost": 0.0, "Total Cost": 64617.04, "Plan Rows": 624324, "Plan Width": 4, "Filter": "((gender IS NOT NULL) AND ((gender)::text = 'f'::text)), (LLVM Optimized)"}]}]}]}]}]}]}, {"Node Type": "Index Scan", "Parent Relationship": "Inner", "Scan Direction": "Forward", "Index Name": "title_pkey", "Relation Name": "title", "Alias": "t", "Startup Cost": 10000000000.0, "Total Cost": 1000012276204.41, "Plan Rows": 782553, "Plan Width": 21, "Filter": "((production_year >= 2008) AND (production_year <= 2014)), (LLVM Optimized)"}]}]}, "Unique SQL Id": 661781350, "Planner Runtime": 59}, "explain_analyze_plan": null}, "(64, '95')": {"explain_plan": {"Plan": {"Node Type": "Aggregate", "Strategy": "Plain", "Startup Cost": 6973104309533.58, "Total Cost": 6973104309533.59, "Plan Rows": 1, "Plan Width": 160, "Plans": [{"Node Type": "Merge Join", "Parent Relationship": "Outer", "Join Type": "Inner", "Startup Cost": 5983104308056.21, "Total Cost": 6973104309531.83, "Plan Rows": 233, "Plan Width": 64, "Inner Unique": true, "Merge Cond": "(mi.info_type_id = it1.id)", "Plans": [{"Node Type": "Sort", "Parent Relationship": "Outer", "Startup Cost": 5973104308053.2, "Total Cost": 5973104308080.83, "Plan Rows": 11053, "Plan Width": 68, "Sort Key": ["mi.info_type_id"], "Plans": [{"Node Type": "Merge Join", "Parent Relationship": "Outer", "Join Type": "Inner", "Startup Cost": 3994649433455.64, "Total Cost": 5973104307310.87, "Plan Rows": 11053, "Plan Width": 68, "Inner Unique": false, "Merge Cond": "(t.id = mi.movie_id)", "Plans": [{"Node Type": "Merge Join", "Parent Relationship": "Outer", "Join Type": "Inner", "Startup Cost": 3984649433455.64, "Total Cost": 4973733124189.28, "Plan Rows": 12089, "Plan Width": 34, "Inner Unique": true, "Merge Cond": "(mi_idx.movie_id = t.id)", "Plans": [{"Node Type": "Sort", "Parent Relationship": "Outer", "Startup Cost": 3974649433455.64, "Total Cost": 3974649433481.64, "Plan Rows": 10397, "Plan Width": 13, "Sort Key": ["ci.movie_id"], "Plans": [{"Node Type": "Merge Join", "Parent Relationship": "Outer", "Join Type": "Inner", "Startup Cost": 3010140645830.7, "Total Cost": 3974649432761.96, "Plan Rows": 10397, "Plan Width": 13, "Inner Unique": true, "Merge Cond": "(ci.person_id = n.id)", "Plans": [{"Node Type": "Sort", "Parent Relationship": "Outer", "Startup Cost": 3000140645830.7, "Total Cost": 3000140645866.48, "Plan Rows": 14313, "Plan Width": 17, "Sort Key": ["ci.person_id"], "Plans": [{"Node Type": "Merge Join", "Parent Relationship": "Outer", "Join Type": "Inner", "Startup Cost": 2010001909250.23, "Total Cost": 3000140644842.74, "Plan Rows": 14313, "Plan Width": 17, "Inner Unique": false, "Merge Cond": "(ci.movie_id = mi_idx.movie_id)", "Plans": [{"Node Type": "Index Scan", "Parent Relationship": "Outer", "Scan Direction": "Forward", "Index Name": "movie_id_cast_info", "Relation Name": "cast_info", "Alias": "ci", "Startup Cost": 10000000000.0, "Total Cost": 1000228594573.05, "Plan Rows": 1223154, "Plan Width": 8, "Filter": "((note)::text = ANY ('{(writer),\"(head writer)\",\"(written by)\",(story),\"(story editor)\"}'::text[]))"}, {"Node Type": "Sort", "Parent Relationship": "Inner", "Startup Cost": 2000001909250.23, "Total Cost": 2000001909282.57, "Plan Rows": 12936, "Plan Width": 9, "Sort Key": ["mi_idx.movie_id"], "Plans": [{"Node Type": "Nested Loop", "Parent Relationship": "Outer", "Join Type": "Inner", "Startup Cost": 20000007419.04, "Total Cost": 2000001908366.76, "Plan Rows": 12936, "Plan Width": 9, "Inner Unique": false, "Plans": [{"Node Type": "Index Scan", "Parent Relationship": "Outer", "Scan Direction": "Forward", "Index Name": "info_type_pkey", "Relation Name": "info_type", "Alias": "it2", "Startup Cost": 10000000000.0, "Total Cost": 1000000001421.0, "Plan Rows": 1, "Plan Width": 4, "Filter": "((info)::text = 'rating'::text)"}, {"Node Type": "Bitmap Heap Scan", "Parent Relationship": "Inner", "Relation Name": "movie_info_idx", "Alias": "mi_idx", "Startup Cost": 10000007419.04, "Total Cost": 1000001906816.4, "Plan Rows": 12936, "Plan Width": 13, "Recheck Cond": "(info_type_id = it2.id)", "Filter": "((info)::text > '8.0'::text)", "Plans": [{"Node Type": "Bitmap Index Scan", "Parent Relationship": "Outer", "Index Name": "info_type_id_movie_info_idx", "Startup Cost": 0.0, "Total Cost": 7415.81, "Plan Rows": 345008, "Plan Width": 0, "Index Cond": "(info_type_id = it2.id)"}]}]}]}]}]}, {"Node Type": "Index Scan", "Parent Relationship": "Inner", "Scan Direction": "Forward", "Index Name": "name_pkey", "Relation Name": "name", "Alias": "n", "Startup Cost": 10000000000.0, "Total Cost": 1000018665147.2, "Plan Rows": 624324, "Plan Width": 4, "Filter": "((gender IS NOT NULL) AND ((gender)::text = 'f'::text)), (LLVM Optimized)"}]}]}, {"Node Type": "Index Scan", "Parent Relationship": "Inner", "Scan Direction": "Forward", "Index Name": "title_pkey", "Relation Name": "title", "Alias": "t", "Startup Cost": 10000000000.0, "Total Cost": 1000012276204.41, "Plan Rows": 782553, "Plan Width": 21, "Filter": "((production_year >= 2008) AND (production_year <= 2014)), (LLVM Optimized)"}]}, {"Node Type": "Index Scan", "Parent Relationship": "Inner", "Scan Direction": "Forward", "Index Name": "movie_id_movie_info", "Relation Name": "movie_info", "Alias": "mi", "Startup Cost": 10000000000.0, "Total Cost": 1000107534403.72, "Plan Rows": 67971, "Plan Width": 50, "Filter": "((note IS NULL) AND ((info)::text = ANY ('{Horror,Thriller}'::text[])))"}]}]}, {"Node Type": "Materialize", "Parent Relationship": "Inner", "Startup Cost": 10000000000.0, "Total Cost": 1000000001421.0, "Plan Rows": 1, "Plan Width": 4, "Plans": [{"Node Type": "Index Scan", "Parent Relationship": "Outer", "Scan Direction": "Forward", "Index Name": "info_type_pkey", "Relation Name": "info_type", "Alias": "it1", "Startup Cost": 10000000000.0, "Total Cost": 1000000001421.0, "Plan Rows": 1, "Plan Width": 4, "Filter": "((info)::text = 'genres'::text)"}]}]}]}, "Unique SQL Id": 661781350, "Planner Runtime": 98}, "explain_analyze_plan": null}, "(64, '96')": {"explain_plan": {"Plan": {"Node Type": "Aggregate", "Strategy": "Plain", "Startup Cost": 72675.72, "Total Cost": 72675.73, "Plan Rows": 1, "Plan Width": 160, "Plans": [{"Node Type": "Nested Loop", "Parent Relationship": "Outer", "Join Type": "Inner", "Startup Cost": 2.41, "Total Cost": 72674.08, "Plan Rows": 219, "Plan Width": 64, "Inner Unique": true, "Plans": [{"Node Type": "Nested Loop", "Parent Relationship": "Outer", "Join Type": "Inner", "Startup Cost": 2.41, "Total Cost": 72513.09, "Plan Rows": 321, "Plan Width": 68, "Inner Unique": false, "Plans": [{"Node Type": "Nested Loop", "Parent Relationship": "Outer", "Join Type": "Inner", "Startup Cost": 2.41, "Total Cost": 71828.06, "Plan Rows": 291, "Plan Width": 76, "Inner Unique": true, "Plans": [{"Node Type": "Nested Loop", "Parent Relationship": "Outer", "Join Type": "Inner", "Startup Cost": 2.41, "Total Cost": 71114.85, "Plan Rows": 250, "Plan Width": 55, "Inner Unique": true, "Plans": [{"Node Type": "Nested Loop", "Parent Relationship": "Outer", "Join Type": "Inner", "Startup Cost": 2.41, "Total Cost": 70832.4, "Plan Rows": 999, "Plan Width": 59, "Inner Unique": false, "Plans": [{"Node Type": "Hash Join", "Parent Relationship": "Outer", "Join Type": "Inner", "Startup Cost": 2.41, "Total Cost": 69890.54, "Plan Rows": 971, "Plan Width": 46, "Inner Unique": true, "Hash Cond": "(mi.info_type_id = it1.id)", "Plans": [{"Node Type": "Streaming(type: LOCAL GATHER dop: 1/64)", "Parent Relationship": "Outer", "Startup Cost": 0.0, "Total Cost": 69623.52, "Plan Rows": 67971, "Plan Width": 50, "Plans": [{"Node Type": "Seq Scan", "Parent Relationship": "Outer", "Relation Name": "movie_info", "Alias": "mi", "Startup Cost": 0.0, "Total Cost": 68221.29, "Plan Rows": 67971, "Plan Width": 50, "Filter": "((note IS NULL) AND ((info)::text = ANY ('{Horror,Thriller}'::text[])))"}]}, {"Node Type": "Hash", "Parent Relationship": "Inner", "Startup Cost": 2.4, "Total Cost": 2.4, "Plan Rows": 1, "Plan Width": 4, "Plans": [{"Node Type": "Seq Scan", "Parent Relationship": "Outer", "Relation Name": "info_type", "Alias": "it1", "Startup Cost": 0.0, "Total Cost": 2.4, "Plan Rows": 1, "Plan Width": 4, "Filter": "((info)::text = 'genres'::text)"}]}]}, {"Node Type": "Index Scan", "Parent Relationship": "Inner", "Scan Direction": "Forward", "Index Name": "movie_id_movie_info_idx", "Relation Name": "movie_info_idx", "Alias": "mi_idx", "Startup Cost": 0.0, "Total Cost": 0.96, "Plan Rows": 1, "Plan Width": 13, "Index Cond": "(movie_id = mi.movie_id)", "Filter": "((info)::text > '8.0'::text)"}]}, {"Node Type": "Index Scan", "Parent Relationship": "Inner", "Scan Direction": "Forward", "Index Name": "info_type_pkey", "Relation Name": "info_type", "Alias": "it2", "Startup Cost": 0.0, "Total Cost": 0.27, "Plan Rows": 1, "Plan Width": 4, "Index Cond": "(id = mi_idx.info_type_id)", "Filter": "((info)::text = 'rating'::text)"}]}, {"Node Type": "Index Scan", "Parent Relationship": "Inner", "Scan Direction": "Forward", "Index Name": "title_pkey", "Relation Name": "title", "Alias": "t", "Startup Cost": 0.0, "Total Cost": 2.84, "Plan Rows": 1, "Plan Width": 21, "Index Cond": "(id = mi.movie_id)", "Filter": "((production_year >= 2008) AND (production_year <= 2014))"}]}, {"Node Type": "Index Scan", "Parent Relationship": "Inner", "Scan Direction": "Forward", "Index Name": "movie_id_cast_info", "Relation Name": "cast_info", "Alias": "ci", "Startup Cost": 0.0, "Total Cost": 2.34, "Plan Rows": 1, "Plan Width": 8, "Index Cond": "(movie_id = t.id)", "Filter": "((note)::text = ANY ('{(writer),\"(head writer)\",\"(written by)\",(story),\"(story editor)\"}'::text[]))"}]}, {"Node Type": "Index Scan", "Parent Relationship": "Inner", "Scan Direction": "Forward", "Index Name": "name_pkey", "Relation Name": "name", "Alias": "n", "Startup Cost": 0.0, "Total Cost": 0.49, "Plan Rows": 1, "Plan Width": 4, "Index Cond": "(id = ci.person_id)", "Filter": "((gender IS NOT NULL) AND ((gender)::text = 'f'::text))"}]}]}, "Unique SQL Id": 661781350, "Planner Runtime": 34}, "explain_analyze_plan": {"Plan": {"Node Type": "Aggregate", "Strategy": "Plain", "Startup Cost": 72675.72, "Total Cost": 72675.73, "Plan Rows": 1, "Plan Width": 160, "Actual Min Startup Time": 645.932, "Actual Max Startup Time": 645.932, "Actual Min Total Time": 645.932, "Actual Max Total Time": 645.932, "Plans": [{"Node Type": "Nested Loop", "Parent Relationship": "Outer", "Join Type": "Inner", "Startup Cost": 2.41, "Total Cost": 72674.08, "Plan Rows": 219, "Plan Width": 64, "Actual Min Startup Time": 255.878, "Actual Max Startup Time": 255.878, "Actual Min Total Time": 645.862, "Actual Max Total Time": 645.862, "Inner Unique": true, "Plans": [{"Node Type": "Nested Loop", "Parent Relationship": "Outer", "Join Type": "Inner", "Startup Cost": 2.41, "Total Cost": 72513.09, "Plan Rows": 321, "Plan Width": 68, "Actual Min Startup Time": 199.897, "Actual Max Startup Time": 199.897, "Actual Min Total Time": 642.891, "Actual Max Total Time": 642.891, "Inner Unique": false, "Plans": [{"Node Type": "Nested Loop", "Parent Relationship": "Outer", "Join Type": "Inner", "Startup Cost": 2.41, "Total Cost": 71828.06, "Plan Rows": 291, "Plan Width": 76, "Actual Min Startup Time": 194.383, "Actual Max Startup Time": 194.383, "Actual Min Total Time": 607.368, "Actual Max Total Time": 607.368, "Inner Unique": true, "Plans": [{"Node Type": "Nested Loop", "Parent Relationship": "Outer", "Join Type": "Inner", "Startup Cost": 2.41, "Total Cost": 71114.85, "Plan Rows": 250, "Plan Width": 55, "Actual Min Startup Time": 191.528, "Actual Max Startup Time": 191.528, "Actual Min Total Time": 600.85, "Actual Max Total Time": 600.85, "Inner Unique": true, "Plans": [{"Node Type": "Nested Loop", "Parent Relationship": "Outer", "Join Type": "Inner", "Startup Cost": 2.41, "Total Cost": 70832.4, "Plan Rows": 999, "Plan Width": 59, "Actual Min Startup Time": 179.181, "Actual Max Startup Time": 179.181, "Actual Min Total Time": 590.043, "Actual Max Total Time": 590.043, "Inner Unique": false, "Plans": [{"Node Type": "Hash Join", "Parent Relationship": "Outer", "Join Type": "Inner", "Startup Cost": 2.41, "Total Cost": 69890.54, "Plan Rows": 971, "Plan Width": 46, "Actual Min Startup Time": 178.979, "Actual Max Startup Time": 178.979, "Actual Min Total Time": 260.807, "Actual Max Total Time": 260.807, "Inner Unique": true, "Hash Cond": "(mi.info_type_id = it1.id)", "Plans": [{"Node Type": "Streaming(type: LOCAL GATHER dop: 1/64)", "Parent Relationship": "Outer", "Startup Cost": 0.0, "Total Cost": 69623.52, "Plan Rows": 67971, "Plan Width": 50, "Actual Min Startup Time": 178.749, "Actual Max Startup Time": 178.749, "Actual Min Total Time": 223.333, "Actual Max Total Time": 223.333, "Plans": [{"Node Type": "Seq Scan", "Parent Relationship": "Outer", "Relation Name": "movie_info", "Alias": "mi", "Startup Cost": 0.0, "Total Cost": 68221.29, "Plan Rows": 67971, "Plan Width": 50, "Actual Min Startup Time": 54.175, "Actual Max Startup Time": 129.557, "Actual Min Total Time": 94.781, "Actual Max Total Time": 138.586, "Filter": "((note IS NULL) AND ((info)::text = ANY ('{Horror,Thriller}'::text[])))", "Rows Removed by Filter": 14762672, "Actual Rows": 73047}], "Actual Rows": 73047}, {"Node Type": "Hash", "Parent Relationship": "Inner", "Startup Cost": 2.4, "Total Cost": 2.4, "Plan Rows": 1, "Plan Width": 4, "Actual Min Startup Time": 0.129, "Actual Max Startup Time": 0.129, "Actual Min Total Time": 0.129, "Actual Max Total Time": 0.129, "Max Hash Buckets": 32768, "Min Hash Buckets": 32768, "Max Hash Batches": 1, "Min Hash Batches": 1, "Max Original Hash Batches": 1, "Min Original Hash Batches": 1, "Max Peak Memory Usage": 1, "min Peak Memory Usage": 1, "Plans": [{"Node Type": "Seq Scan", "Parent Relationship": "Outer", "Relation Name": "info_type", "Alias": "it1", "Startup Cost": 0.0, "Total Cost": 2.4, "Plan Rows": 1, "Plan Width": 4, "Actual Min Startup Time": 0.086, "Actual Max Startup Time": 0.086, "Actual Min Total Time": 0.111, "Actual Max Total Time": 0.111, "Filter": "((info)::text = 'genres'::text)", "Rows Removed by Filter": 111, "Actual Rows": 1}], "Actual Rows": 1}], "Actual Rows": 72258}, {"Node Type": "Index Scan", "Parent Relationship": "Inner", "Scan Direction": "Forward", "Index Name": "movie_id_movie_info_idx", "Relation Name": "movie_info_idx", "Alias": "mi_idx", "Startup Cost": 0.0, "Total Cost": 0.96, "Plan Rows": 1, "Plan Width": 13, "Actual Min Startup Time": 282.41, "Actual Max Startup Time": 282.41, "Actual Min Total Time": 286.056, "Actual Max Total Time": 286.056, "Index Cond": "(movie_id = mi.movie_id)", "Rows Removed by Index Recheck": 0, "Filter": "((info)::text > '8.0'::text)", "Rows Removed by Filter": 113143, "Actual Rows": 4135}], "Actual Rows": 4135}, {"Node Type": "Index Scan", "Parent Relationship": "Inner", "Scan Direction": "Forward", "Index Name": "info_type_pkey", "Relation Name": "info_type", "Alias": "it2", "Startup Cost": 0.0, "Total Cost": 0.27, "Plan Rows": 1, "Plan Width": 4, "Actual Min Startup Time": 8.443, "Actual Max Startup Time": 8.443, "Actual Min Total Time": 8.443, "Actual Max Total Time": 8.443, "Index Cond": "(id = mi_idx.info_type_id)", "Rows Removed by Index Recheck": 0, "Filter": "((info)::text = 'rating'::text)", "Rows Removed by Filter": 3403, "Actual Rows": 732}], "Actual Rows": 732}, {"Node Type": "Index Scan", "Parent Relationship": "Inner", "Scan Direction": "Forward", "Index Name": "title_pkey", "Relation Name": "title", "Alias": "t", "Startup Cost": 0.0, "Total Cost": 2.84, "Plan Rows": 1, "Plan Width": 21, "Actual Min Startup Time": 5.882, "Actual Max Startup Time": 5.882, "Actual Min Total Time": 5.882, "Actual Max Total Time": 5.882, "Index Cond": "(id = mi.movie_id)", "Rows Removed by Index Recheck": 0, "Filter": "((production_year >= 2008) AND (production_year <= 2014))", "Rows Removed by Filter": 374, "Actual Rows": 358}], "Actual Rows": 358}, {"Node Type": "Index Scan", "Parent Relationship": "Inner", "Scan Direction": "Forward", "Index Name": "movie_id_cast_info", "Relation Name": "cast_info", "Alias": "ci", "Startup Cost": 0.0, "Total Cost": 2.34, "Plan Rows": 1, "Plan Width": 8, "Actual Min Startup Time": 27.751, "Actual Max Startup Time": 27.751, "Actual Min Total Time": 35.19, "Actual Max Total Time": 35.19, "Index Cond": "(movie_id = t.id)", "Rows Removed by Index Recheck": 0, "Filter": "((note)::text = ANY ('{(writer),\"(head writer)\",\"(written by)\",(story),\"(story editor)\"}'::text[]))", "Rows Removed by Filter": 12296, "Actual Rows": 268}], "Actual Rows": 268}, {"Node Type": "Index Scan", "Parent Relationship": "Inner", "Scan Direction": "Forward", "Index Name": "name_pkey", "Relation Name": "name", "Alias": "n", "Startup Cost": 0.0, "Total Cost": 0.49, "Plan Rows": 1, "Plan Width": 4, "Actual Min Startup Time": 2.738, "Actual Max Startup Time": 2.738, "Actual Min Total Time": 2.738, "Actual Max Total Time": 2.738, "Index Cond": "(id = ci.person_id)", "Rows Removed by Index Recheck": 0, "Filter": "((gender IS NOT NULL) AND ((gender)::text = 'f'::text))", "Rows Removed by Filter": 257, "Actual Rows": 11}], "Actual Rows": 11}], "Actual Rows": 1}, "Triggers": [], "Planner Runtime": 48.511, "Total Runtime": 658.668, "Unique SQL Id": 661781350}}, "(64, '97')": {"explain_plan": {"Plan": {"Node Type": "Aggregate", "Strategy": "Plain", "Startup Cost": 84095.43, "Total Cost": 84095.44, "Plan Rows": 1, "Plan Width": 160, "Plans": [{"Node Type": "Nested Loop", "Parent Relationship": "Outer", "Join Type": "Inner", "Startup Cost": 7433.27, "Total Cost": 84093.79, "Plan Rows": 219, "Plan Width": 64, "Inner Unique": true, "Plans": [{"Node Type": "Nested Loop", "Parent Relationship": "Outer", "Join Type": "Inner", "Startup Cost": 7433.27, "Total Cost": 83932.79, "Plan Rows": 321, "Plan Width": 68, "Inner Unique": false, "Plans": [{"Node Type": "Hash Join", "Parent Relationship": "Outer", "Join Type": "Inner", "Startup Cost": 7433.27, "Total Cost": 83247.77, "Plan Rows": 291, "Plan Width": 76, "Inner Unique": true, "Hash Cond": "(mi.info_type_id = it1.id)", "Plans": [{"Node Type": "Nested Loop", "Parent Relationship": "Outer", "Join Type": "Inner", "Startup Cost": 7419.04, "Total Cost": 83197.12, "Plan Rows": 13753, "Plan Width": 80, "Inner Unique": false, "Plans": [{"Node Type": "Nested Loop", "Parent Relationship": "Outer", "Join Type": "Inner", "Startup Cost": 7419.04, "Total Cost": 61824.99, "Plan Rows": 15041, "Plan Width": 30, "Inner Unique": true, "Plans": [{"Node Type": "Nested Loop", "Parent Relationship": "Outer", "Join Type": "Inner", "Startup Cost": 7419.04, "Total Cost": 19211.73, "Plan Rows": 12936, "Plan Width": 9, "Inner Unique": false, "Plans": [{"Node Type": "Index Scan", "Parent Relationship": "Outer", "Scan Direction": "Forward", "Index Name": "info_type_pkey", "Relation Name": "info_type", "Alias": "it2", "Startup Cost": 0.0, "Total Cost": 14.21, "Plan Rows": 1, "Plan Width": 4, "Filter": "((info)::text = 'rating'::text)"}, {"Node Type": "Bitmap Heap Scan", "Parent Relationship": "Inner", "Relation Name": "movie_info_idx", "Alias": "mi_idx", "Startup Cost": 7419.04, "Total Cost": 19068.16, "Plan Rows": 12936, "Plan Width": 13, "Recheck Cond": "(info_type_id = it2.id)", "Filter": "((info)::text > '8.0'::text)", "Plans": [{"Node Type": "Bitmap Index Scan", "Parent Relationship": "Outer", "Index Name": "info_type_id_movie_info_idx", "Startup Cost": 0.0, "Total Cost": 7415.81, "Plan Rows": 345008, "Plan Width": 0, "Index Cond": "(info_type_id = it2.id)"}]}]}, {"Node Type": "Index Scan", "Parent Relationship": "Inner", "Scan Direction": "Forward", "Index Name": "title_pkey", "Relation Name": "title", "Alias": "t", "Startup Cost": 0.0, "Total Cost": 3.28, "Plan Rows": 1, "Plan Width": 21, "Index Cond": "(id = mi_idx.movie_id)", "Filter": "((production_year >= 2008) AND (production_year <= 2014))"}]}, {"Node Type": "Index Scan", "Parent Relationship": "Inner", "Scan Direction": "Forward", "Index Name": "movie_id_movie_info", "Relation Name": "movie_info", "Alias": "mi", "Startup Cost": 0.0, "Total Cost": 1.41, "Plan Rows": 1, "Plan Width": 50, "Index Cond": "(movie_id = t.id)", "Filter": "((note IS NULL) AND ((info)::text = ANY ('{Horror,Thriller}'::text[])))"}]}, {"Node Type": "Hash", "Parent Relationship": "Inner", "Startup Cost": 14.21, "Total Cost": 14.21, "Plan Rows": 1, "Plan Width": 4, "Plans": [{"Node Type": "Index Scan", "Parent Relationship": "Outer", "Scan Direction": "Forward", "Index Name": "info_type_pkey", "Relation Name": "info_type", "Alias": "it1", "Startup Cost": 0.0, "Total Cost": 14.21, "Plan Rows": 1, "Plan Width": 4, "Filter": "((info)::text = 'genres'::text)"}]}]}, {"Node Type": "Index Scan", "Parent Relationship": "Inner", "Scan Direction": "Forward", "Index Name": "movie_id_cast_info", "Relation Name": "cast_info", "Alias": "ci", "Startup Cost": 0.0, "Total Cost": 2.34, "Plan Rows": 1, "Plan Width": 8, "Index Cond": "(movie_id = t.id)", "Filter": "((note)::text = ANY ('{(writer),\"(head writer)\",\"(written by)\",(story),\"(story editor)\"}'::text[]))"}]}, {"Node Type": "Index Scan", "Parent Relationship": "Inner", "Scan Direction": "Forward", "Index Name": "name_pkey", "Relation Name": "name", "Alias": "n", "Startup Cost": 0.0, "Total Cost": 0.49, "Plan Rows": 1, "Plan Width": 4, "Index Cond": "(id = ci.person_id)", "Filter": "((gender IS NOT NULL) AND ((gender)::text = 'f'::text))"}]}]}, "Unique SQL Id": 661781350, "Planner Runtime": 13}, "explain_analyze_plan": {"Plan": {"Node Type": "Aggregate", "Strategy": "Plain", "Startup Cost": 84095.43, "Total Cost": 84095.44, "Plan Rows": 1, "Plan Width": 160, "Actual Startup Time": 598.479, "Actual Total Time": 598.479, "Actual Rows": 1, "Actual Loops": 1, "Plans": [{"Node Type": "Nested Loop", "Parent Relationship": "Outer", "Join Type": "Inner", "Startup Cost": 7433.27, "Total Cost": 84093.79, "Plan Rows": 219, "Plan Width": 64, "Actual Startup Time": 325.422, "Actual Total Time": 598.406, "Actual Rows": 11, "Actual Loops": 1, "Inner Unique": true, "Plans": [{"Node Type": "Nested Loop", "Parent Relationship": "Outer", "Join Type": "Inner", "Startup Cost": 7433.27, "Total Cost": 83932.79, "Plan Rows": 321, "Plan Width": 68, "Actual Startup Time": 125.349, "Actual Total Time": 595.808, "Actual Rows": 268, "Actual Loops": 1, "Inner Unique": false, "Plans": [{"Node Type": "Hash Join", "Parent Relationship": "Outer", "Join Type": "Inner", "Startup Cost": 7433.27, "Total Cost": 83247.77, "Plan Rows": 291, "Plan Width": 76, "Actual Startup Time": 61.667, "Actual Total Time": 562.836, "Actual Rows": 358, "Actual Loops": 1, "Inner Unique": true, "Hash Cond": "(mi.info_type_id = it1.id)", "Plans": [{"Node Type": "Nested Loop", "Parent Relationship": "Outer", "Join Type": "Inner", "Startup Cost": 7419.04, "Total Cost": 83197.12, "Plan Rows": 13753, "Plan Width": 80, "Actual Startup Time": 61.545, "Actual Total Time": 562.318, "Actual Rows": 358, "Actual Loops": 1, "Inner Unique": false, "Plans": [{"Node Type": "Nested Loop", "Parent Relationship": "Outer", "Join Type": "Inner", "Startup Cost": 7419.04, "Total Cost": 61824.99, "Plan Rows": 15041, "Plan Width": 30, "Actual Startup Time": 54.674, "Actual Total Time": 408.161, "Actual Rows": 6152, "Actual Loops": 1, "Inner Unique": true, "Plans": [{"Node Type": "Nested Loop", "Parent Relationship": "Outer", "Join Type": "Inner", "Startup Cost": 7419.04, "Total Cost": 19211.73, "Plan Rows": 12936, "Plan Width": 9, "Actual Startup Time": 53.166, "Actual Total Time": 321.638, "Actual Rows": 15849, "Actual Loops": 1, "Inner Unique": false, "Plans": [{"Node Type": "Index Scan", "Parent Relationship": "Outer", "Scan Direction": "Forward", "Index Name": "info_type_pkey", "Relation Name": "info_type", "Alias": "it2", "Startup Cost": 0.0, "Total Cost": 14.21, "Plan Rows": 1, "Plan Width": 4, "Actual Startup Time": 0.049, "Actual Total Time": 0.07, "Actual Rows": 1, "Actual Loops": 1, "Filter": "((info)::text = 'rating'::text)", "Rows Removed by Filter": 111}, {"Node Type": "Bitmap Heap Scan", "Parent Relationship": "Inner", "Relation Name": "movie_info_idx", "Alias": "mi_idx", "Startup Cost": 7419.04, "Total Cost": 19068.16, "Plan Rows": 12936, "Plan Width": 13, "Actual Startup Time": 53.111, "Actual Total Time": 317.85, "Actual Rows": 15849, "Actual Loops": 1, "Recheck Cond": "(info_type_id = it2.id)", "Rows Removed by Index Recheck": 0, "Filter": "((info)::text > '8.0'::text)", "Rows Removed by Filter": 444076, "Exact Heap Blocks": 6472, "Lossy Heap Blocks": 6472, "Plans": [{"Node Type": "Bitmap Index Scan", "Parent Relationship": "Outer", "Index Name": "info_type_id_movie_info_idx", "Startup Cost": 0.0, "Total Cost": 7415.81, "Plan Rows": 345008, "Plan Width": 0, "Actual Startup Time": 51.865, "Actual Total Time": 51.865, "Actual Rows": 459925, "Actual Loops": 1, "Index Cond": "(info_type_id = it2.id)"}]}]}, {"Node Type": "Index Scan", "Parent Relationship": "Inner", "Scan Direction": "Forward", "Index Name": "title_pkey", "Relation Name": "title", "Alias": "t", "Startup Cost": 0.0, "Total Cost": 3.28, "Plan Rows": 1, "Plan Width": 21, "Actual Startup Time": 76.708, "Actual Total Time": 76.708, "Actual Rows": 6152, "Actual Loops": 15849, "Index Cond": "(id = mi_idx.movie_id)", "Rows Removed by Index Recheck": 0, "Filter": "((production_year >= 2008) AND (production_year <= 2014))", "Rows Removed by Filter": 9697}]}, {"Node Type": "Index Scan", "Parent Relationship": "Inner", "Scan Direction": "Forward", "Index Name": "movie_id_movie_info", "Relation Name": "movie_info", "Alias": "mi", "Startup Cost": 0.0, "Total Cost": 1.41, "Plan Rows": 1, "Plan Width": 50, "Actual Startup Time": 150.379, "Actual Total Time": 150.7, "Actual Rows": 358, "Actual Loops": 6152, "Index Cond": "(movie_id = t.id)", "Rows Removed by Index Recheck": 0, "Filter": "((note IS NULL) AND ((info)::text = ANY ('{Horror,Thriller}'::text[])))", "Rows Removed by Filter": 109599}]}, {"Node Type": "Hash", "Parent Relationship": "Inner", "Startup Cost": 14.21, "Total Cost": 14.21, "Plan Rows": 1, "Plan Width": 4, "Actual Startup Time": 0.073, "Actual Total Time": 0.073, "Actual Rows": 1, "Actual Loops": 1, "Hash Buckets": 32768, "Hash Batches": 1, "Original Hash Batches": 1, "Peak Memory Usage": 1, "Plans": [{"Node Type": "Index Scan", "Parent Relationship": "Outer", "Scan Direction": "Forward", "Index Name": "info_type_pkey", "Relation Name": "info_type", "Alias": "it1", "Startup Cost": 0.0, "Total Cost": 14.21, "Plan Rows": 1, "Plan Width": 4, "Actual Startup Time": 0.022, "Actual Total Time": 0.068, "Actual Rows": 1, "Actual Loops": 1, "Filter": "((info)::text = 'genres'::text)", "Rows Removed by Filter": 111}]}]}, {"Node Type": "Index Scan", "Parent Relationship": "Inner", "Scan Direction": "Forward", "Index Name": "movie_id_cast_info", "Relation Name": "cast_info", "Alias": "ci", "Startup Cost": 0.0, "Total Cost": 2.34, "Plan Rows": 1, "Plan Width": 8, "Actual Startup Time": 25.433, "Actual Total Time": 32.514, "Actual Rows": 268, "Actual Loops": 358, "Index Cond": "(movie_id = t.id)", "Rows Removed by Index Recheck": 0, "Filter": "((note)::text = ANY ('{(writer),\"(head writer)\",\"(written by)\",(story),\"(story editor)\"}'::text[]))", "Rows Removed by Filter": 12296}]}, {"Node Type": "Index Scan", "Parent Relationship": "Inner", "Scan Direction": "Forward", "Index Name": "name_pkey", "Relation Name": "name", "Alias": "n", "Startup Cost": 0.0, "Total Cost": 0.49, "Plan Rows": 1, "Plan Width": 4, "Actual Startup Time": 2.358, "Actual Total Time": 2.358, "Actual Rows": 11, "Actual Loops": 268, "Index Cond": "(id = ci.person_id)", "Rows Removed by Index Recheck": 0, "Filter": "((gender IS NOT NULL) AND ((gender)::text = 'f'::text))", "Rows Removed by Filter": 257}]}]}, "Triggers": [], "Planner Runtime": 24.494, "Total Runtime": 598.882, "Unique SQL Id": 661781350}}, "(64, '98')": {"explain_plan": {"Plan": {"Node Type": "Aggregate", "Strategy": "Plain", "Startup Cost": 78447.5, "Total Cost": 78447.51, "Plan Rows": 1, "Plan Width": 160, "Plans": [{"Node Type": "Nested Loop", "Parent Relationship": "Outer", "Join Type": "Inner", "Startup Cost": 7.49, "Total Cost": 78445.86, "Plan Rows": 219, "Plan Width": 64, "Inner Unique": true, "Plans": [{"Node Type": "Nested Loop", "Parent Relationship": "Outer", "Join Type": "Inner", "Startup Cost": 7.19, "Total Cost": 77054.74, "Plan Rows": 321, "Plan Width": 68, "Inner Unique": false, "Plans": [{"Node Type": "Nested Loop", "Parent Relationship": "Outer", "Join Type": "Inner", "Startup Cost": 6.18, "Total Cost": 75561.56, "Plan Rows": 291, "Plan Width": 76, "Inner Unique": true, "Plans": [{"Node Type": "Hash Join", "Parent Relationship": "Outer", "Join Type": "Inner", "Startup Cost": 5.37, "Total Cost": 74354.12, "Plan Rows": 250, "Plan Width": 55, "Inner Unique": true, "Hash Cond": "(mi_idx.info_type_id = it2.id)", "Plans": [{"Node Type": "Nested Loop", "Parent Relationship": "Outer", "Join Type": "Inner", "Startup Cost": 2.96, "Total Cost": 74346.7, "Plan Rows": 999, "Plan Width": 59, "Inner Unique": false, "Plans": [{"Node Type": "Hash Join", "Parent Relationship": "Outer", "Join Type": "Inner", "Startup Cost": 2.41, "Total Cost": 69890.54, "Plan Rows": 971, "Plan Width": 46, "Inner Unique": true, "Hash Cond": "(mi.info_type_id = it1.id)", "Plans": [{"Node Type": "Streaming(type: LOCAL GATHER dop: 1/64)", "Parent Relationship": "Outer", "Startup Cost": 0.0, "Total Cost": 69623.52, "Plan Rows": 67971, "Plan Width": 50, "Plans": [{"Node Type": "Seq Scan", "Parent Relationship": "Outer", "Relation Name": "movie_info", "Alias": "mi", "Startup Cost": 0.0, "Total Cost": 68221.29, "Plan Rows": 67971, "Plan Width": 50, "Filter": "((note IS NULL) AND ((info)::text = ANY ('{Horror,Thriller}'::text[])))"}]}, {"Node Type": "Hash", "Parent Relationship": "Inner", "Startup Cost": 2.4, "Total Cost": 2.4, "Plan Rows": 1, "Plan Width": 4, "Plans": [{"Node Type": "Seq Scan", "Parent Relationship": "Outer", "Relation Name": "info_type", "Alias": "it1", "Startup Cost": 0.0, "Total Cost": 2.4, "Plan Rows": 1, "Plan Width": 4, "Filter": "((info)::text = 'genres'::text)"}]}]}, {"Node Type": "Bitmap Heap Scan", "Parent Relationship": "Inner", "Relation Name": "movie_info_idx", "Alias": "mi_idx", "Startup Cost": 0.55, "Total Cost": 4.58, "Plan Rows": 1, "Plan Width": 13, "Recheck Cond": "(movie_id = mi.movie_id)", "Filter": "((info)::text > '8.0'::text)", "Plans": [{"Node Type": "Bitmap Index Scan", "Parent Relationship": "Outer", "Index Name": "movie_id_movie_info_idx", "Startup Cost": 0.0, "Total Cost": 0.55, "Plan Rows": 2, "Plan Width": 0, "Index Cond": "(movie_id = mi.movie_id)"}]}]}, {"Node Type": "Hash", "Parent Relationship": "Inner", "Startup Cost": 2.4, "Total Cost": 2.4, "Plan Rows": 1, "Plan Width": 4, "Plans": [{"Node Type": "Seq Scan", "Parent Relationship": "Outer", "Relation Name": "info_type", "Alias": "it2", "Startup Cost": 0.0, "Total Cost": 2.4, "Plan Rows": 1, "Plan Width": 4, "Filter": "((info)::text = 'rating'::text)"}]}]}, {"Node Type": "Bitmap Heap Scan", "Parent Relationship": "Inner", "Relation Name": "title", "Alias": "t", "Startup Cost": 0.8, "Total Cost": 4.82, "Plan Rows": 1, "Plan Width": 21, "Recheck Cond": "(id = mi.movie_id)", "Filter": "((production_year >= 2008) AND (production_year <= 2014))", "Plans": [{"Node Type": "Bitmap Index Scan", "Parent Relationship": "Outer", "Index Name": "title_pkey", "Startup Cost": 0.0, "Total Cost": 0.8, "Plan Rows": 1, "Plan Width": 0, "Index Cond": "(id = mi.movie_id)"}]}]}, {"Node Type": "Bitmap Heap Scan", "Parent Relationship": "Inner", "Relation Name": "cast_info", "Alias": "ci", "Startup Cost": 1.01, "Total Cost": 5.12, "Plan Rows": 1, "Plan Width": 8, "Recheck Cond": "(movie_id = t.id)", "Filter": "((note)::text = ANY ('{(writer),\"(head writer)\",\"(written by)\",(story),\"(story editor)\"}'::text[]))", "Plans": [{"Node Type": "Bitmap Index Scan", "Parent Relationship": "Outer", "Index Name": "movie_id_cast_info", "Startup Cost": 0.0, "Total Cost": 1.01, "Plan Rows": 6, "Plan Width": 0, "Index Cond": "(movie_id = t.id)"}]}]}, {"Node Type": "Bitmap Heap Scan", "Parent Relationship": "Inner", "Relation Name": "name", "Alias": "n", "Startup Cost": 0.31, "Total Cost": 4.32, "Plan Rows": 1, "Plan Width": 4, "Recheck Cond": "(id = ci.person_id)", "Filter": "((gender IS NOT NULL) AND ((gender)::text = 'f'::text))", "Plans": [{"Node Type": "Bitmap Index Scan", "Parent Relationship": "Outer", "Index Name": "name_pkey", "Startup Cost": 0.0, "Total Cost": 0.31, "Plan Rows": 1, "Plan Width": 0, "Index Cond": "(id = ci.person_id)"}]}]}]}, "Unique SQL Id": 661781350, "Planner Runtime": 50}, "explain_analyze_plan": {"Plan": {"Node Type": "Aggregate", "Strategy": "Plain", "Startup Cost": 78447.5, "Total Cost": 78447.51, "Plan Rows": 1, "Plan Width": 160, "Actual Min Startup Time": 746.842, "Actual Max Startup Time": 746.842, "Actual Min Total Time": 746.842, "Actual Max Total Time": 746.842, "Plans": [{"Node Type": "Nested Loop", "Parent Relationship": "Outer", "Join Type": "Inner", "Startup Cost": 7.49, "Total Cost": 78445.86, "Plan Rows": 219, "Plan Width": 64, "Actual Min Startup Time": 245.264, "Actual Max Startup Time": 245.264, "Actual Min Total Time": 746.758, "Actual Max Total Time": 746.758, "Inner Unique": true, "Plans": [{"Node Type": "Nested Loop", "Parent Relationship": "Outer", "Join Type": "Inner", "Startup Cost": 7.19, "Total Cost": 77054.74, "Plan Rows": 321, "Plan Width": 68, "Actual Min Startup Time": 199.92, "Actual Max Startup Time": 199.92, "Actual Min Total Time": 742.881, "Actual Max Total Time": 742.881, "Inner Unique": false, "Plans": [{"Node Type": "Nested Loop", "Parent Relationship": "Outer", "Join Type": "Inner", "Startup Cost": 6.18, "Total Cost": 75561.56, "Plan Rows": 291, "Plan Width": 76, "Actual Min Startup Time": 199.383, "Actual Max Startup Time": 199.383, "Actual Min Total Time": 699.404, "Actual Max Total Time": 699.404, "Inner Unique": true, "Plans": [{"Node Type": "Hash Join", "Parent Relationship": "Outer", "Join Type": "Inner", "Startup Cost": 5.37, "Total Cost": 74354.12, "Plan Rows": 250, "Plan Width": 55, "Actual Min Startup Time": 199.351, "Actual Max Startup Time": 199.351, "Actual Min Total Time": 691.072, "Actual Max Total Time": 691.072, "Inner Unique": true, "Hash Cond": "(mi_idx.info_type_id = it2.id)", "Plans": [{"Node Type": "Nested Loop", "Parent Relationship": "Outer", "Join Type": "Inner", "Startup Cost": 2.96, "Total Cost": 74346.7, "Plan Rows": 999, "Plan Width": 59, "Actual Min Startup Time": 187.036, "Actual Max Startup Time": 187.036, "Actual Min Total Time": 689.624, "Actual Max Total Time": 689.624, "Inner Unique": false, "Plans": [{"Node Type": "Hash Join", "Parent Relationship": "Outer", "Join Type": "Inner", "Startup Cost": 2.41, "Total Cost": 69890.54, "Plan Rows": 971, "Plan Width": 46, "Actual Min Startup Time": 186.871, "Actual Max Startup Time": 186.871, "Actual Min Total Time": 264.924, "Actual Max Total Time": 264.924, "Inner Unique": true, "Hash Cond": "(mi.info_type_id = it1.id)", "Plans": [{"Node Type": "Streaming(type: LOCAL GATHER dop: 1/64)", "Parent Relationship": "Outer", "Startup Cost": 0.0, "Total Cost": 69623.52, "Plan Rows": 67971, "Plan Width": 50, "Actual Min Startup Time": 186.751, "Actual Max Startup Time": 186.751, "Actual Min Total Time": 226.356, "Actual Max Total Time": 226.356, "Plans": [{"Node Type": "Seq Scan", "Parent Relationship": "Outer", "Relation Name": "movie_info", "Alias": "mi", "Startup Cost": 0.0, "Total Cost": 68221.29, "Plan Rows": 67971, "Plan Width": 50, "Actual Min Startup Time": 54.318, "Actual Max Startup Time": 147.025, "Actual Min Total Time": 92.763, "Actual Max Total Time": 156.266, "Filter": "((note IS NULL) AND ((info)::text = ANY ('{Horror,Thriller}'::text[])))", "Rows Removed by Filter": 14762672, "Actual Rows": 73047}], "Actual Rows": 73047}, {"Node Type": "Hash", "Parent Relationship": "Inner", "Startup Cost": 2.4, "Total Cost": 2.4, "Plan Rows": 1, "Plan Width": 4, "Actual Min Startup Time": 0.055, "Actual Max Startup Time": 0.055, "Actual Min Total Time": 0.055, "Actual Max Total Time": 0.055, "Max Hash Buckets": 32768, "Min Hash Buckets": 32768, "Max Hash Batches": 1, "Min Hash Batches": 1, "Max Original Hash Batches": 1, "Min Original Hash Batches": 1, "Max Peak Memory Usage": 1, "min Peak Memory Usage": 1, "Plans": [{"Node Type": "Seq Scan", "Parent Relationship": "Outer", "Relation Name": "info_type", "Alias": "it1", "Startup Cost": 0.0, "Total Cost": 2.4, "Plan Rows": 1, "Plan Width": 4, "Actual Min Startup Time": 0.03, "Actual Max Startup Time": 0.03, "Actual Min Total Time": 0.053, "Actual Max Total Time": 0.053, "Filter": "((info)::text = 'genres'::text)", "Rows Removed by Filter": 111, "Actual Rows": 1}], "Actual Rows": 1}], "Actual Rows": 72258}, {"Node Type": "Bitmap Heap Scan", "Parent Relationship": "Inner", "Relation Name": "movie_info_idx", "Alias": "mi_idx", "Startup Cost": 0.55, "Total Cost": 4.58, "Plan Rows": 1, "Plan Width": 13, "Actual Min Startup Time": 342.869, "Actual Max Startup Time": 342.869, "Actual Min Total Time": 344.598, "Actual Max Total Time": 344.598, "Recheck Cond": "(movie_id = mi.movie_id)", "Rows Removed by Index Recheck": 0, "Filter": "((info)::text > '8.0'::text)", "Rows Removed by Filter": 113143, "Exact Heap Blocks": 39507, "Lossy Heap Blocks": 39507, "Plans": [{"Node Type": "Bitmap Index Scan", "Parent Relationship": "Outer", "Index Name": "movie_id_movie_info_idx", "Startup Cost": 0.0, "Total Cost": 0.55, "Plan Rows": 2, "Plan Width": 0, "Actual Min Startup Time": 198.954, "Actual Max Startup Time": 198.954, "Actual Min Total Time": 198.954, "Actual Max Total Time": 198.954, "Index Cond": "(movie_id = mi.movie_id)", "Actual Rows": 117278}], "Actual Rows": 4135}], "Actual Rows": 4135}, {"Node Type": "Hash", "Parent Relationship": "Inner", "Startup Cost": 2.4, "Total Cost": 2.4, "Plan Rows": 1, "Plan Width": 4, "Actual Min Startup Time": 0.123, "Actual Max Startup Time": 0.123, "Actual Min Total Time": 0.123, "Actual Max Total Time": 0.123, "Max Hash Buckets": 32768, "Min Hash Buckets": 32768, "Max Hash Batches": 1, "Min Hash Batches": 1, "Max Original Hash Batches": 1, "Min Original Hash Batches": 1, "Max Peak Memory Usage": 1, "min Peak Memory Usage": 1, "Plans": [{"Node Type": "Seq Scan", "Parent Relationship": "Outer", "Relation Name": "info_type", "Alias": "it2", "Startup Cost": 0.0, "Total Cost": 2.4, "Plan Rows": 1, "Plan Width": 4, "Actual Min Startup Time": 0.097, "Actual Max Startup Time": 0.097, "Actual Min Total Time": 0.103, "Actual Max Total Time": 0.103, "Filter": "((info)::text = 'rating'::text)", "Rows Removed by Filter": 111, "Actual Rows": 1}], "Actual Rows": 1}], "Actual Rows": 732}, {"Node Type": "Bitmap Heap Scan", "Parent Relationship": "Inner", "Relation Name": "title", "Alias": "t", "Startup Cost": 0.8, "Total Cost": 4.82, "Plan Rows": 1, "Plan Width": 21, "Actual Min Startup Time": 7.115, "Actual Max Startup Time": 7.115, "Actual Min Total Time": 7.115, "Actual Max Total Time": 7.115, "Recheck Cond": "(id = mi.movie_id)", "Rows Removed by Index Recheck": 0, "Filter": "((production_year >= 2008) AND (production_year <= 2014))", "Rows Removed by Filter": 374, "Exact Heap Blocks": 732, "Lossy Heap Blocks": 732, "Plans": [{"Node Type": "Bitmap Index Scan", "Parent Relationship": "Outer", "Index Name": "title_pkey", "Startup Cost": 0.0, "Total Cost": 0.8, "Plan Rows": 1, "Plan Width": 0, "Actual Min Startup Time": 3.968, "Actual Max Startup Time": 3.968, "Actual Min Total Time": 3.968, "Actual Max Total Time": 3.968, "Index Cond": "(id = mi.movie_id)", "Actual Rows": 732}], "Actual Rows": 358}], "Actual Rows": 358}, {"Node Type": "Bitmap Heap Scan", "Parent Relationship": "Inner", "Relation Name": "cast_info", "Alias": "ci", "Startup Cost": 1.01, "Total Cost": 5.12, "Plan Rows": 1, "Plan Width": 8, "Actual Min Startup Time": 34.544, "Actual Max Startup Time": 34.544, "Actual Min Total Time": 42.512, "Actual Max Total Time": 42.512, "Recheck Cond": "(movie_id = t.id)", "Rows Removed by Index Recheck": 0, "Filter": "((note)::text = ANY ('{(writer),\"(head writer)\",\"(written by)\",(story),\"(story editor)\"}'::text[]))", "Rows Removed by Filter": 12296, "Exact Heap Blocks": 11454, "Lossy Heap Blocks": 11454, "Plans": [{"Node Type": "Bitmap Index Scan", "Parent Relationship": "Outer", "Index Name": "movie_id_cast_info", "Startup Cost": 0.0, "Total Cost": 1.01, "Plan Rows": 6, "Plan Width": 0, "Actual Min Startup Time": 5.931, "Actual Max Startup Time": 5.931, "Actual Min Total Time": 5.931, "Actual Max Total Time": 5.931, "Index Cond": "(movie_id = t.id)", "Actual Rows": 12564}], "Actual Rows": 268}], "Actual Rows": 268}, {"Node Type": "Bitmap Heap Scan", "Parent Relationship": "Inner", "Relation Name": "name", "Alias": "n", "Startup Cost": 0.31, "Total Cost": 4.32, "Plan Rows": 1, "Plan Width": 4, "Actual Min Startup Time": 3.337, "Actual Max Startup Time": 3.337, "Actual Min Total Time": 3.337, "Actual Max Total Time": 3.337, "Recheck Cond": "(id = ci.person_id)", "Rows Removed by Index Recheck": 0, "Filter": "((gender IS NOT NULL) AND ((gender)::text = 'f'::text))", "Rows Removed by Filter": 257, "Exact Heap Blocks": 268, "Lossy Heap Blocks": 268, "Plans": [{"Node Type": "Bitmap Index Scan", "Parent Relationship": "Outer", "Index Name": "name_pkey", "Startup Cost": 0.0, "Total Cost": 0.31, "Plan Rows": 1, "Plan Width": 0, "Actual Min Startup Time": 2.168, "Actual Max Startup Time": 2.168, "Actual Min Total Time": 2.168, "Actual Max Total Time": 2.168, "Index Cond": "(id = ci.person_id)", "Actual Rows": 268}], "Actual Rows": 11}], "Actual Rows": 11}], "Actual Rows": 1}, "Triggers": [], "Planner Runtime": 62.854, "Total Runtime": 758.993, "Unique SQL Id": 661781350}}, "(64, '99')": {"explain_plan": {"Plan": {"Node Type": "Aggregate", "Strategy": "Plain", "Startup Cost": 156974.22, "Total Cost": 156974.23, "Plan Rows": 1, "Plan Width": 160, "Plans": [{"Node Type": "Nested Loop", "Parent Relationship": "Outer", "Join Type": "Inner", "Startup Cost": 7444.95, "Total Cost": 156972.58, "Plan Rows": 219, "Plan Width": 64, "Inner Unique": true, "Plans": [{"Node Type": "Nested Loop", "Parent Relationship": "Outer", "Join Type": "Inner", "Startup Cost": 7444.64, "Total Cost": 155581.46, "Plan Rows": 321, "Plan Width": 68, "Inner Unique": false, "Plans": [{"Node Type": "Hash Join", "Parent Relationship": "Outer", "Join Type": "Inner", "Startup Cost": 7443.63, "Total Cost": 154088.28, "Plan Rows": 291, "Plan Width": 76, "Inner Unique": true, "Hash Cond": "(mi.info_type_id = it1.id)", "Plans": [{"Node Type": "Nested Loop", "Parent Relationship": "Outer", "Join Type": "Inner", "Startup Cost": 7429.41, "Total Cost": 154037.63, "Plan Rows": 13753, "Plan Width": 80, "Inner Unique": false, "Plans": [{"Node Type": "Nested Loop", "Parent Relationship": "Outer", "Join Type": "Inner", "Startup Cost": 7428.83, "Total Cost": 83898.37, "Plan Rows": 15041, "Plan Width": 30, "Inner Unique": true, "Plans": [{"Node Type": "Nested Loop", "Parent Relationship": "Outer", "Join Type": "Inner", "Startup Cost": 7427.85, "Total Cost": 19211.73, "Plan Rows": 12936, "Plan Width": 9, "Inner Unique": false, "Plans": [{"Node Type": "Bitmap Heap Scan", "Parent Relationship": "Outer", "Relation Name": "info_type", "Alias": "it2", "Startup Cost": 8.81, "Total Cost": 14.21, "Plan Rows": 1, "Plan Width": 4, "Filter": "((info)::text = 'rating'::text)", "Plans": [{"Node Type": "Bitmap Index Scan", "Parent Relationship": "Outer", "Index Name": "info_type_pkey", "Startup Cost": 0.0, "Total Cost": 8.81, "Plan Rows": 112, "Plan Width": 0}]}, {"Node Type": "Bitmap Heap Scan", "Parent Relationship": "Inner", "Relation Name": "movie_info_idx", "Alias": "mi_idx", "Startup Cost": 7419.04, "Total Cost": 19068.16, "Plan Rows": 12936, "Plan Width": 13, "Recheck Cond": "(info_type_id = it2.id)", "Filter": "((info)::text > '8.0'::text)", "Plans": [{"Node Type": "Bitmap Index Scan", "Parent Relationship": "Outer", "Index Name": "info_type_id_movie_info_idx", "Startup Cost": 0.0, "Total Cost": 7415.81, "Plan Rows": 345008, "Plan Width": 0, "Index Cond": "(info_type_id = it2.id)"}]}]}, {"Node Type": "Bitmap Heap Scan", "Parent Relationship": "Inner", "Relation Name": "title", "Alias": "t", "Startup Cost": 0.97, "Total Cost": 4.99, "Plan Rows": 1, "Plan Width": 21, "Recheck Cond": "(id = mi_idx.movie_id)", "Filter": "((production_year >= 2008) AND (production_year <= 2014))", "Plans": [{"Node Type": "Bitmap Index Scan", "Parent Relationship": "Outer", "Index Name": "title_pkey", "Startup Cost": 0.0, "Total Cost": 0.97, "Plan Rows": 1, "Plan Width": 0, "Index Cond": "(id = mi_idx.movie_id)"}]}]}, {"Node Type": "Bitmap Heap Scan", "Parent Relationship": "Inner", "Relation Name": "movie_info", "Alias": "mi", "Startup Cost": 0.58, "Total Cost": 4.65, "Plan Rows": 1, "Plan Width": 50, "Recheck Cond": "(movie_id = t.id)", "Filter": "((note IS NULL) AND ((info)::text = ANY ('{Horror,Thriller}'::text[])))", "Plans": [{"Node Type": "Bitmap Index Scan", "Parent Relationship": "Outer", "Index Name": "movie_id_movie_info", "Startup Cost": 0.0, "Total Cost": 0.58, "Plan Rows": 5, "Plan Width": 0, "Index Cond": "(movie_id = t.id)"}]}]}, {"Node Type": "Hash", "Parent Relationship": "Inner", "Startup Cost": 14.21, "Total Cost": 14.21, "Plan Rows": 1, "Plan Width": 4, "Plans": [{"Node Type": "Bitmap Heap Scan", "Parent Relationship": "Outer", "Relation Name": "info_type", "Alias": "it1", "Startup Cost": 8.81, "Total Cost": 14.21, "Plan Rows": 1, "Plan Width": 4, "Filter": "((info)::text = 'genres'::text)", "Plans": [{"Node Type": "Bitmap Index Scan", "Parent Relationship": "Outer", "Index Name": "info_type_pkey", "Startup Cost": 0.0, "Total Cost": 8.81, "Plan Rows": 112, "Plan Width": 0}]}]}]}, {"Node Type": "Bitmap Heap Scan", "Parent Relationship": "Inner", "Relation Name": "cast_info", "Alias": "ci", "Startup Cost": 1.01, "Total Cost": 5.12, "Plan Rows": 1, "Plan Width": 8, "Recheck Cond": "(movie_id = t.id)", "Filter": "((note)::text = ANY ('{(writer),\"(head writer)\",\"(written by)\",(story),\"(story editor)\"}'::text[]))", "Plans": [{"Node Type": "Bitmap Index Scan", "Parent Relationship": "Outer", "Index Name": "movie_id_cast_info", "Startup Cost": 0.0, "Total Cost": 1.01, "Plan Rows": 6, "Plan Width": 0, "Index Cond": "(movie_id = t.id)"}]}]}, {"Node Type": "Bitmap Heap Scan", "Parent Relationship": "Inner", "Relation Name": "name", "Alias": "n", "Startup Cost": 0.31, "Total Cost": 4.32, "Plan Rows": 1, "Plan Width": 4, "Recheck Cond": "(id = ci.person_id)", "Filter": "((gender IS NOT NULL) AND ((gender)::text = 'f'::text))", "Plans": [{"Node Type": "Bitmap Index Scan", "Parent Relationship": "Outer", "Index Name": "name_pkey", "Startup Cost": 0.0, "Total Cost": 0.31, "Plan Rows": 1, "Plan Width": 0, "Index Cond": "(id = ci.person_id)"}]}]}]}, "Unique SQL Id": 661781350, "Planner Runtime": 11}, "explain_analyze_plan": {"Plan": {"Node Type": "Aggregate", "Strategy": "Plain", "Startup Cost": 156974.22, "Total Cost": 156974.23, "Plan Rows": 1, "Plan Width": 160, "Actual Startup Time": 696.143, "Actual Total Time": 696.143, "Actual Rows": 1, "Actual Loops": 1, "Plans": [{"Node Type": "Nested Loop", "Parent Relationship": "Outer", "Join Type": "Inner", "Startup Cost": 7444.95, "Total Cost": 156972.58, "Plan Rows": 219, "Plan Width": 64, "Actual Startup Time": 407.909, "Actual Total Time": 696.076, "Actual Rows": 11, "Actual Loops": 1, "Inner Unique": true, "Plans": [{"Node Type": "Nested Loop", "Parent Relationship": "Outer", "Join Type": "Inner", "Startup Cost": 7444.64, "Total Cost": 155581.46, "Plan Rows": 321, "Plan Width": 68, "Actual Startup Time": 148.706, "Actual Total Time": 692.927, "Actual Rows": 268, "Actual Loops": 1, "Inner Unique": false, "Plans": [{"Node Type": "Hash Join", "Parent Relationship": "Outer", "Join Type": "Inner", "Startup Cost": 7443.63, "Total Cost": 154088.28, "Plan Rows": 291, "Plan Width": 76, "Actual Startup Time": 64.833, "Actual Total Time": 654.405, "Actual Rows": 358, "Actual Loops": 1, "Inner Unique": true, "Hash Cond": "(mi.info_type_id = it1.id)", "Plans": [{"Node Type": "Nested Loop", "Parent Relationship": "Outer", "Join Type": "Inner", "Startup Cost": 7429.41, "Total Cost": 154037.63, "Plan Rows": 13753, "Plan Width": 80, "Actual Startup Time": 64.689, "Actual Total Time": 653.779, "Actual Rows": 358, "Actual Loops": 1, "Inner Unique": false, "Plans": [{"Node Type": "Nested Loop", "Parent Relationship": "Outer", "Join Type": "Inner", "Startup Cost": 7428.83, "Total Cost": 83898.37, "Plan Rows": 15041, "Plan Width": 30, "Actual Startup Time": 55.538, "Actual Total Time": 456.854, "Actual Rows": 6152, "Actual Loops": 1, "Inner Unique": true, "Plans": [{"Node Type": "Nested Loop", "Parent Relationship": "Outer", "Join Type": "Inner", "Startup Cost": 7427.85, "Total Cost": 19211.73, "Plan Rows": 12936, "Plan Width": 9, "Actual Startup Time": 53.529, "Actual Total Time": 335.411, "Actual Rows": 15849, "Actual Loops": 1, "Inner Unique": false, "Plans": [{"Node Type": "Bitmap Heap Scan", "Parent Relationship": "Outer", "Relation Name": "info_type", "Alias": "it2", "Startup Cost": 8.81, "Total Cost": 14.21, "Plan Rows": 1, "Plan Width": 4, "Actual Startup Time": 0.066, "Actual Total Time": 0.073, "Actual Rows": 1, "Actual Loops": 1, "Filter": "((info)::text = 'rating'::text)", "Rows Removed by Filter": 111, "Exact Heap Blocks": 1, "Lossy Heap Blocks": 1, "Plans": [{"Node Type": "Bitmap Index Scan", "Parent Relationship": "Outer", "Index Name": "info_type_pkey", "Startup Cost": 0.0, "Total Cost": 8.81, "Plan Rows": 112, "Plan Width": 0, "Actual Startup Time": 0.008, "Actual Total Time": 0.008, "Actual Rows": 112, "Actual Loops": 1}]}, {"Node Type": "Bitmap Heap Scan", "Parent Relationship": "Inner", "Relation Name": "movie_info_idx", "Alias": "mi_idx", "Startup Cost": 7419.04, "Total Cost": 19068.16, "Plan Rows": 12936, "Plan Width": 13, "Actual Startup Time": 53.456, "Actual Total Time": 331.51, "Actual Rows": 15849, "Actual Loops": 1, "Recheck Cond": "(info_type_id = it2.id)", "Rows Removed by Index Recheck": 0, "Filter": "((info)::text > '8.0'::text)", "Rows Removed by Filter": 444076, "Exact Heap Blocks": 6472, "Lossy Heap Blocks": 6472, "Plans": [{"Node Type": "Bitmap Index Scan", "Parent Relationship": "Outer", "Index Name": "info_type_id_movie_info_idx", "Startup Cost": 0.0, "Total Cost": 7415.81, "Plan Rows": 345008, "Plan Width": 0, "Actual Startup Time": 52.256, "Actual Total Time": 52.256, "Actual Rows": 459925, "Actual Loops": 1, "Index Cond": "(info_type_id = it2.id)"}]}]}, {"Node Type": "Bitmap Heap Scan", "Parent Relationship": "Inner", "Relation Name": "title", "Alias": "t", "Startup Cost": 0.97, "Total Cost": 4.99, "Plan Rows": 1, "Plan Width": 21, "Actual Startup Time": 100.604, "Actual Total Time": 100.604, "Actual Rows": 6152, "Actual Loops": 15849, "Recheck Cond": "(id = mi_idx.movie_id)", "Rows Removed by Index Recheck": 0, "Filter": "((production_year >= 2008) AND (production_year <= 2014))", "Rows Removed by Filter": 9697, "Exact Heap Blocks": 15849, "Lossy Heap Blocks": 15849, "Plans": [{"Node Type": "Bitmap Index Scan", "Parent Relationship": "Outer", "Index Name": "title_pkey", "Startup Cost": 0.0, "Total Cost": 0.97, "Plan Rows": 1, "Plan Width": 0, "Actual Startup Time": 49.093, "Actual Total Time": 49.093, "Actual Rows": 15849, "Actual Loops": 15849, "Index Cond": "(id = mi_idx.movie_id)"}]}]}, {"Node Type": "Bitmap Heap Scan", "Parent Relationship": "Inner", "Relation Name": "movie_info", "Alias": "mi", "Startup Cost": 0.58, "Total Cost": 4.65, "Plan Rows": 1, "Plan Width": 50, "Actual Startup Time": 188.401, "Actual Total Time": 188.571, "Actual Rows": 358, "Actual Loops": 6152, "Recheck Cond": "(movie_id = t.id)", "Rows Removed by Index Recheck": 0, "Filter": "((note IS NULL) AND ((info)::text = ANY ('{Horror,Thriller}'::text[])))", "Rows Removed by Filter": 109599, "Exact Heap Blocks": 52726, "Lossy Heap Blocks": 52726, "Plans": [{"Node Type": "Bitmap Index Scan", "Parent Relationship": "Outer", "Index Name": "movie_id_movie_info", "Startup Cost": 0.0, "Total Cost": 0.58, "Plan Rows": 5, "Plan Width": 0, "Actual Startup Time": 42.676, "Actual Total Time": 42.676, "Actual Rows": 109957, "Actual Loops": 6152, "Index Cond": "(movie_id = t.id)"}]}]}, {"Node Type": "Hash", "Parent Relationship": "Inner", "Startup Cost": 14.21, "Total Cost": 14.21, "Plan Rows": 1, "Plan Width": 4, "Actual Startup Time": 0.092, "Actual Total Time": 0.092, "Actual Rows": 1, "Actual Loops": 1, "Hash Buckets": 32768, "Hash Batches": 1, "Original Hash Batches": 1, "Peak Memory Usage": 1, "Plans": [{"Node Type": "Bitmap Heap Scan", "Parent Relationship": "Outer", "Relation Name": "info_type", "Alias": "it1", "Startup Cost": 8.81, "Total Cost": 14.21, "Plan Rows": 1, "Plan Width": 4, "Actual Startup Time": 0.063, "Actual Total Time": 0.086, "Actual Rows": 1, "Actual Loops": 1, "Filter": "((info)::text = 'genres'::text)", "Rows Removed by Filter": 111, "Exact Heap Blocks": 1, "Lossy Heap Blocks": 1, "Plans": [{"Node Type": "Bitmap Index Scan", "Parent Relationship": "Outer", "Index Name": "info_type_pkey", "Startup Cost": 0.0, "Total Cost": 8.81, "Plan Rows": 112, "Plan Width": 0, "Actual Startup Time": 0.016, "Actual Total Time": 0.016, "Actual Rows": 112, "Actual Loops": 1}]}]}]}, {"Node Type": "Bitmap Heap Scan", "Parent Relationship": "Inner", "Relation Name": "cast_info", "Alias": "ci", "Startup Cost": 1.01, "Total Cost": 5.12, "Plan Rows": 1, "Plan Width": 8, "Actual Startup Time": 30.476, "Actual Total Time": 37.452, "Actual Rows": 268, "Actual Loops": 358, "Recheck Cond": "(movie_id = t.id)", "Rows Removed by Index Recheck": 0, "Filter": "((note)::text = ANY ('{(writer),\"(head writer)\",\"(written by)\",(story),\"(story editor)\"}'::text[]))", "Rows Removed by Filter": 12296, "Exact Heap Blocks": 11454, "Lossy Heap Blocks": 11454, "Plans": [{"Node Type": "Bitmap Index Scan", "Parent Relationship": "Outer", "Index Name": "movie_id_cast_info", "Startup Cost": 0.0, "Total Cost": 1.01, "Plan Rows": 6, "Plan Width": 0, "Actual Startup Time": 5.462, "Actual Total Time": 5.462, "Actual Rows": 12564, "Actual Loops": 358, "Index Cond": "(movie_id = t.id)"}]}]}, {"Node Type": "Bitmap Heap Scan", "Parent Relationship": "Inner", "Relation Name": "name", "Alias": "n", "Startup Cost": 0.31, "Total Cost": 4.32, "Plan Rows": 1, "Plan Width": 4, "Actual Startup Time": 2.648, "Actual Total Time": 2.648, "Actual Rows": 11, "Actual Loops": 268, "Recheck Cond": "(id = ci.person_id)", "Rows Removed by Index Recheck": 0, "Filter": "((gender IS NOT NULL) AND ((gender)::text = 'f'::text))", "Rows Removed by Filter": 257, "Exact Heap Blocks": 268, "Lossy Heap Blocks": 268, "Plans": [{"Node Type": "Bitmap Index Scan", "Parent Relationship": "Outer", "Index Name": "name_pkey", "Startup Cost": 0.0, "Total Cost": 0.31, "Plan Rows": 1, "Plan Width": 0, "Actual Startup Time": 1.677, "Actual Total Time": 1.677, "Actual Rows": 268, "Actual Loops": 268, "Index Cond": "(id = ci.person_id)"}]}]}]}, "Triggers": [], "Planner Runtime": 23.244, "Total Runtime": 696.502, "Unique SQL Id": 661781350}}, "(64, '100')": {"explain_plan": {"Plan": {"Node Type": "Aggregate", "Strategy": "Plain", "Startup Cost": 72675.72, "Total Cost": 72675.73, "Plan Rows": 1, "Plan Width": 160, "Plans": [{"Node Type": "Nested Loop", "Parent Relationship": "Outer", "Join Type": "Inner", "Startup Cost": 2.41, "Total Cost": 72674.08, "Plan Rows": 219, "Plan Width": 64, "Inner Unique": true, "Plans": [{"Node Type": "Nested Loop", "Parent Relationship": "Outer", "Join Type": "Inner", "Startup Cost": 2.41, "Total Cost": 72513.09, "Plan Rows": 321, "Plan Width": 68, "Inner Unique": false, "Plans": [{"Node Type": "Nested Loop", "Parent Relationship": "Outer", "Join Type": "Inner", "Startup Cost": 2.41, "Total Cost": 71828.06, "Plan Rows": 291, "Plan Width": 76, "Inner Unique": true, "Plans": [{"Node Type": "Nested Loop", "Parent Relationship": "Outer", "Join Type": "Inner", "Startup Cost": 2.41, "Total Cost": 71114.85, "Plan Rows": 250, "Plan Width": 55, "Inner Unique": true, "Plans": [{"Node Type": "Nested Loop", "Parent Relationship": "Outer", "Join Type": "Inner", "Startup Cost": 2.41, "Total Cost": 70832.4, "Plan Rows": 999, "Plan Width": 59, "Inner Unique": false, "Plans": [{"Node Type": "Hash Join", "Parent Relationship": "Outer", "Join Type": "Inner", "Startup Cost": 2.41, "Total Cost": 69890.54, "Plan Rows": 971, "Plan Width": 46, "Inner Unique": true, "Hash Cond": "(mi.info_type_id = it1.id)", "Plans": [{"Node Type": "Streaming(type: LOCAL GATHER dop: 1/64)", "Parent Relationship": "Outer", "Startup Cost": 0.0, "Total Cost": 69623.52, "Plan Rows": 67971, "Plan Width": 50, "Plans": [{"Node Type": "Seq Scan", "Parent Relationship": "Outer", "Relation Name": "movie_info", "Alias": "mi", "Startup Cost": 0.0, "Total Cost": 68221.29, "Plan Rows": 67971, "Plan Width": 50, "Filter": "((note IS NULL) AND ((info)::text = ANY ('{Horror,Thriller}'::text[])))"}]}, {"Node Type": "Hash", "Parent Relationship": "Inner", "Startup Cost": 2.4, "Total Cost": 2.4, "Plan Rows": 1, "Plan Width": 4, "Plans": [{"Node Type": "Seq Scan", "Parent Relationship": "Outer", "Relation Name": "info_type", "Alias": "it1", "Startup Cost": 0.0, "Total Cost": 2.4, "Plan Rows": 1, "Plan Width": 4, "Filter": "((info)::text = 'genres'::text)"}]}]}, {"Node Type": "Index Scan", "Parent Relationship": "Inner", "Scan Direction": "Forward", "Index Name": "movie_id_movie_info_idx", "Relation Name": "movie_info_idx", "Alias": "mi_idx", "Startup Cost": 0.0, "Total Cost": 0.96, "Plan Rows": 1, "Plan Width": 13, "Index Cond": "(movie_id = mi.movie_id)", "Filter": "((info)::text > '8.0'::text)"}]}, {"Node Type": "Index Scan", "Parent Relationship": "Inner", "Scan Direction": "Forward", "Index Name": "info_type_pkey", "Relation Name": "info_type", "Alias": "it2", "Startup Cost": 0.0, "Total Cost": 0.27, "Plan Rows": 1, "Plan Width": 4, "Index Cond": "(id = mi_idx.info_type_id)", "Filter": "((info)::text = 'rating'::text)"}]}, {"Node Type": "Index Scan", "Parent Relationship": "Inner", "Scan Direction": "Forward", "Index Name": "title_pkey", "Relation Name": "title", "Alias": "t", "Startup Cost": 0.0, "Total Cost": 2.84, "Plan Rows": 1, "Plan Width": 21, "Index Cond": "(id = mi.movie_id)", "Filter": "((production_year >= 2008) AND (production_year <= 2014))"}]}, {"Node Type": "Index Scan", "Parent Relationship": "Inner", "Scan Direction": "Forward", "Index Name": "movie_id_cast_info", "Relation Name": "cast_info", "Alias": "ci", "Startup Cost": 0.0, "Total Cost": 2.34, "Plan Rows": 1, "Plan Width": 8, "Index Cond": "(movie_id = t.id)", "Filter": "((note)::text = ANY ('{(writer),\"(head writer)\",\"(written by)\",(story),\"(story editor)\"}'::text[]))"}]}, {"Node Type": "Index Scan", "Parent Relationship": "Inner", "Scan Direction": "Forward", "Index Name": "name_pkey", "Relation Name": "name", "Alias": "n", "Startup Cost": 0.0, "Total Cost": 0.49, "Plan Rows": 1, "Plan Width": 4, "Index Cond": "(id = ci.person_id)", "Filter": "((gender IS NOT NULL) AND ((gender)::text = 'f'::text))"}]}]}, "Unique SQL Id": 661781350, "Planner Runtime": 34}, "explain_analyze_plan": {"Plan": {"Node Type": "Aggregate", "Strategy": "Plain", "Startup Cost": 72675.72, "Total Cost": 72675.73, "Plan Rows": 1, "Plan Width": 160, "Actual Min Startup Time": 645.932, "Actual Max Startup Time": 645.932, "Actual Min Total Time": 645.932, "Actual Max Total Time": 645.932, "Plans": [{"Node Type": "Nested Loop", "Parent Relationship": "Outer", "Join Type": "Inner", "Startup Cost": 2.41, "Total Cost": 72674.08, "Plan Rows": 219, "Plan Width": 64, "Actual Min Startup Time": 255.878, "Actual Max Startup Time": 255.878, "Actual Min Total Time": 645.862, "Actual Max Total Time": 645.862, "Inner Unique": true, "Plans": [{"Node Type": "Nested Loop", "Parent Relationship": "Outer", "Join Type": "Inner", "Startup Cost": 2.41, "Total Cost": 72513.09, "Plan Rows": 321, "Plan Width": 68, "Actual Min Startup Time": 199.897, "Actual Max Startup Time": 199.897, "Actual Min Total Time": 642.891, "Actual Max Total Time": 642.891, "Inner Unique": false, "Plans": [{"Node Type": "Nested Loop", "Parent Relationship": "Outer", "Join Type": "Inner", "Startup Cost": 2.41, "Total Cost": 71828.06, "Plan Rows": 291, "Plan Width": 76, "Actual Min Startup Time": 194.383, "Actual Max Startup Time": 194.383, "Actual Min Total Time": 607.368, "Actual Max Total Time": 607.368, "Inner Unique": true, "Plans": [{"Node Type": "Nested Loop", "Parent Relationship": "Outer", "Join Type": "Inner", "Startup Cost": 2.41, "Total Cost": 71114.85, "Plan Rows": 250, "Plan Width": 55, "Actual Min Startup Time": 191.528, "Actual Max Startup Time": 191.528, "Actual Min Total Time": 600.85, "Actual Max Total Time": 600.85, "Inner Unique": true, "Plans": [{"Node Type": "Nested Loop", "Parent Relationship": "Outer", "Join Type": "Inner", "Startup Cost": 2.41, "Total Cost": 70832.4, "Plan Rows": 999, "Plan Width": 59, "Actual Min Startup Time": 179.181, "Actual Max Startup Time": 179.181, "Actual Min Total Time": 590.043, "Actual Max Total Time": 590.043, "Inner Unique": false, "Plans": [{"Node Type": "Hash Join", "Parent Relationship": "Outer", "Join Type": "Inner", "Startup Cost": 2.41, "Total Cost": 69890.54, "Plan Rows": 971, "Plan Width": 46, "Actual Min Startup Time": 178.979, "Actual Max Startup Time": 178.979, "Actual Min Total Time": 260.807, "Actual Max Total Time": 260.807, "Inner Unique": true, "Hash Cond": "(mi.info_type_id = it1.id)", "Plans": [{"Node Type": "Streaming(type: LOCAL GATHER dop: 1/64)", "Parent Relationship": "Outer", "Startup Cost": 0.0, "Total Cost": 69623.52, "Plan Rows": 67971, "Plan Width": 50, "Actual Min Startup Time": 178.749, "Actual Max Startup Time": 178.749, "Actual Min Total Time": 223.333, "Actual Max Total Time": 223.333, "Plans": [{"Node Type": "Seq Scan", "Parent Relationship": "Outer", "Relation Name": "movie_info", "Alias": "mi", "Startup Cost": 0.0, "Total Cost": 68221.29, "Plan Rows": 67971, "Plan Width": 50, "Actual Min Startup Time": 54.175, "Actual Max Startup Time": 129.557, "Actual Min Total Time": 94.781, "Actual Max Total Time": 138.586, "Filter": "((note IS NULL) AND ((info)::text = ANY ('{Horror,Thriller}'::text[])))", "Rows Removed by Filter": 14762672, "Actual Rows": 73047}], "Actual Rows": 73047}, {"Node Type": "Hash", "Parent Relationship": "Inner", "Startup Cost": 2.4, "Total Cost": 2.4, "Plan Rows": 1, "Plan Width": 4, "Actual Min Startup Time": 0.129, "Actual Max Startup Time": 0.129, "Actual Min Total Time": 0.129, "Actual Max Total Time": 0.129, "Max Hash Buckets": 32768, "Min Hash Buckets": 32768, "Max Hash Batches": 1, "Min Hash Batches": 1, "Max Original Hash Batches": 1, "Min Original Hash Batches": 1, "Max Peak Memory Usage": 1, "min Peak Memory Usage": 1, "Plans": [{"Node Type": "Seq Scan", "Parent Relationship": "Outer", "Relation Name": "info_type", "Alias": "it1", "Startup Cost": 0.0, "Total Cost": 2.4, "Plan Rows": 1, "Plan Width": 4, "Actual Min Startup Time": 0.086, "Actual Max Startup Time": 0.086, "Actual Min Total Time": 0.111, "Actual Max Total Time": 0.111, "Filter": "((info)::text = 'genres'::text)", "Rows Removed by Filter": 111, "Actual Rows": 1}], "Actual Rows": 1}], "Actual Rows": 72258}, {"Node Type": "Index Scan", "Parent Relationship": "Inner", "Scan Direction": "Forward", "Index Name": "movie_id_movie_info_idx", "Relation Name": "movie_info_idx", "Alias": "mi_idx", "Startup Cost": 0.0, "Total Cost": 0.96, "Plan Rows": 1, "Plan Width": 13, "Actual Min Startup Time": 282.41, "Actual Max Startup Time": 282.41, "Actual Min Total Time": 286.056, "Actual Max Total Time": 286.056, "Index Cond": "(movie_id = mi.movie_id)", "Rows Removed by Index Recheck": 0, "Filter": "((info)::text > '8.0'::text)", "Rows Removed by Filter": 113143, "Actual Rows": 4135}], "Actual Rows": 4135}, {"Node Type": "Index Scan", "Parent Relationship": "Inner", "Scan Direction": "Forward", "Index Name": "info_type_pkey", "Relation Name": "info_type", "Alias": "it2", "Startup Cost": 0.0, "Total Cost": 0.27, "Plan Rows": 1, "Plan Width": 4, "Actual Min Startup Time": 8.443, "Actual Max Startup Time": 8.443, "Actual Min Total Time": 8.443, "Actual Max Total Time": 8.443, "Index Cond": "(id = mi_idx.info_type_id)", "Rows Removed by Index Recheck": 0, "Filter": "((info)::text = 'rating'::text)", "Rows Removed by Filter": 3403, "Actual Rows": 732}], "Actual Rows": 732}, {"Node Type": "Index Scan", "Parent Relationship": "Inner", "Scan Direction": "Forward", "Index Name": "title_pkey", "Relation Name": "title", "Alias": "t", "Startup Cost": 0.0, "Total Cost": 2.84, "Plan Rows": 1, "Plan Width": 21, "Actual Min Startup Time": 5.882, "Actual Max Startup Time": 5.882, "Actual Min Total Time": 5.882, "Actual Max Total Time": 5.882, "Index Cond": "(id = mi.movie_id)", "Rows Removed by Index Recheck": 0, "Filter": "((production_year >= 2008) AND (production_year <= 2014))", "Rows Removed by Filter": 374, "Actual Rows": 358}], "Actual Rows": 358}, {"Node Type": "Index Scan", "Parent Relationship": "Inner", "Scan Direction": "Forward", "Index Name": "movie_id_cast_info", "Relation Name": "cast_info", "Alias": "ci", "Startup Cost": 0.0, "Total Cost": 2.34, "Plan Rows": 1, "Plan Width": 8, "Actual Min Startup Time": 27.751, "Actual Max Startup Time": 27.751, "Actual Min Total Time": 35.19, "Actual Max Total Time": 35.19, "Index Cond": "(movie_id = t.id)", "Rows Removed by Index Recheck": 0, "Filter": "((note)::text = ANY ('{(writer),\"(head writer)\",\"(written by)\",(story),\"(story editor)\"}'::text[]))", "Rows Removed by Filter": 12296, "Actual Rows": 268}], "Actual Rows": 268}, {"Node Type": "Index Scan", "Parent Relationship": "Inner", "Scan Direction": "Forward", "Index Name": "name_pkey", "Relation Name": "name", "Alias": "n", "Startup Cost": 0.0, "Total Cost": 0.49, "Plan Rows": 1, "Plan Width": 4, "Actual Min Startup Time": 2.738, "Actual Max Startup Time": 2.738, "Actual Min Total Time": 2.738, "Actual Max Total Time": 2.738, "Index Cond": "(id = ci.person_id)", "Rows Removed by Index Recheck": 0, "Filter": "((gender IS NOT NULL) AND ((gender)::text = 'f'::text))", "Rows Removed by Filter": 257, "Actual Rows": 11}], "Actual Rows": 11}], "Actual Rows": 1}, "Triggers": [], "Planner Runtime": 48.511, "Total Runtime": 658.668, "Unique SQL Id": 661781350}}, "(64, '101')": {"explain_plan": {"Plan": {"Node Type": "Aggregate", "Strategy": "Plain", "Startup Cost": 84095.43, "Total Cost": 84095.44, "Plan Rows": 1, "Plan Width": 160, "Plans": [{"Node Type": "Nested Loop", "Parent Relationship": "Outer", "Join Type": "Inner", "Startup Cost": 7433.27, "Total Cost": 84093.79, "Plan Rows": 219, "Plan Width": 64, "Inner Unique": true, "Plans": [{"Node Type": "Nested Loop", "Parent Relationship": "Outer", "Join Type": "Inner", "Startup Cost": 7433.27, "Total Cost": 83932.79, "Plan Rows": 321, "Plan Width": 68, "Inner Unique": false, "Plans": [{"Node Type": "Hash Join", "Parent Relationship": "Outer", "Join Type": "Inner", "Startup Cost": 7433.27, "Total Cost": 83247.77, "Plan Rows": 291, "Plan Width": 76, "Inner Unique": true, "Hash Cond": "(mi.info_type_id = it1.id)", "Plans": [{"Node Type": "Nested Loop", "Parent Relationship": "Outer", "Join Type": "Inner", "Startup Cost": 7419.04, "Total Cost": 83197.12, "Plan Rows": 13753, "Plan Width": 80, "Inner Unique": false, "Plans": [{"Node Type": "Nested Loop", "Parent Relationship": "Outer", "Join Type": "Inner", "Startup Cost": 7419.04, "Total Cost": 61824.99, "Plan Rows": 15041, "Plan Width": 30, "Inner Unique": true, "Plans": [{"Node Type": "Nested Loop", "Parent Relationship": "Outer", "Join Type": "Inner", "Startup Cost": 7419.04, "Total Cost": 19211.73, "Plan Rows": 12936, "Plan Width": 9, "Inner Unique": false, "Plans": [{"Node Type": "Index Scan", "Parent Relationship": "Outer", "Scan Direction": "Forward", "Index Name": "info_type_pkey", "Relation Name": "info_type", "Alias": "it2", "Startup Cost": 0.0, "Total Cost": 14.21, "Plan Rows": 1, "Plan Width": 4, "Filter": "((info)::text = 'rating'::text)"}, {"Node Type": "Bitmap Heap Scan", "Parent Relationship": "Inner", "Relation Name": "movie_info_idx", "Alias": "mi_idx", "Startup Cost": 7419.04, "Total Cost": 19068.16, "Plan Rows": 12936, "Plan Width": 13, "Recheck Cond": "(info_type_id = it2.id)", "Filter": "((info)::text > '8.0'::text)", "Plans": [{"Node Type": "Bitmap Index Scan", "Parent Relationship": "Outer", "Index Name": "info_type_id_movie_info_idx", "Startup Cost": 0.0, "Total Cost": 7415.81, "Plan Rows": 345008, "Plan Width": 0, "Index Cond": "(info_type_id = it2.id)"}]}]}, {"Node Type": "Index Scan", "Parent Relationship": "Inner", "Scan Direction": "Forward", "Index Name": "title_pkey", "Relation Name": "title", "Alias": "t", "Startup Cost": 0.0, "Total Cost": 3.28, "Plan Rows": 1, "Plan Width": 21, "Index Cond": "(id = mi_idx.movie_id)", "Filter": "((production_year >= 2008) AND (production_year <= 2014))"}]}, {"Node Type": "Index Scan", "Parent Relationship": "Inner", "Scan Direction": "Forward", "Index Name": "movie_id_movie_info", "Relation Name": "movie_info", "Alias": "mi", "Startup Cost": 0.0, "Total Cost": 1.41, "Plan Rows": 1, "Plan Width": 50, "Index Cond": "(movie_id = t.id)", "Filter": "((note IS NULL) AND ((info)::text = ANY ('{Horror,Thriller}'::text[])))"}]}, {"Node Type": "Hash", "Parent Relationship": "Inner", "Startup Cost": 14.21, "Total Cost": 14.21, "Plan Rows": 1, "Plan Width": 4, "Plans": [{"Node Type": "Index Scan", "Parent Relationship": "Outer", "Scan Direction": "Forward", "Index Name": "info_type_pkey", "Relation Name": "info_type", "Alias": "it1", "Startup Cost": 0.0, "Total Cost": 14.21, "Plan Rows": 1, "Plan Width": 4, "Filter": "((info)::text = 'genres'::text)"}]}]}, {"Node Type": "Index Scan", "Parent Relationship": "Inner", "Scan Direction": "Forward", "Index Name": "movie_id_cast_info", "Relation Name": "cast_info", "Alias": "ci", "Startup Cost": 0.0, "Total Cost": 2.34, "Plan Rows": 1, "Plan Width": 8, "Index Cond": "(movie_id = t.id)", "Filter": "((note)::text = ANY ('{(writer),\"(head writer)\",\"(written by)\",(story),\"(story editor)\"}'::text[]))"}]}, {"Node Type": "Index Scan", "Parent Relationship": "Inner", "Scan Direction": "Forward", "Index Name": "name_pkey", "Relation Name": "name", "Alias": "n", "Startup Cost": 0.0, "Total Cost": 0.49, "Plan Rows": 1, "Plan Width": 4, "Index Cond": "(id = ci.person_id)", "Filter": "((gender IS NOT NULL) AND ((gender)::text = 'f'::text))"}]}]}, "Unique SQL Id": 661781350, "Planner Runtime": 13}, "explain_analyze_plan": {"Plan": {"Node Type": "Aggregate", "Strategy": "Plain", "Startup Cost": 84095.43, "Total Cost": 84095.44, "Plan Rows": 1, "Plan Width": 160, "Actual Startup Time": 598.479, "Actual Total Time": 598.479, "Actual Rows": 1, "Actual Loops": 1, "Plans": [{"Node Type": "Nested Loop", "Parent Relationship": "Outer", "Join Type": "Inner", "Startup Cost": 7433.27, "Total Cost": 84093.79, "Plan Rows": 219, "Plan Width": 64, "Actual Startup Time": 325.422, "Actual Total Time": 598.406, "Actual Rows": 11, "Actual Loops": 1, "Inner Unique": true, "Plans": [{"Node Type": "Nested Loop", "Parent Relationship": "Outer", "Join Type": "Inner", "Startup Cost": 7433.27, "Total Cost": 83932.79, "Plan Rows": 321, "Plan Width": 68, "Actual Startup Time": 125.349, "Actual Total Time": 595.808, "Actual Rows": 268, "Actual Loops": 1, "Inner Unique": false, "Plans": [{"Node Type": "Hash Join", "Parent Relationship": "Outer", "Join Type": "Inner", "Startup Cost": 7433.27, "Total Cost": 83247.77, "Plan Rows": 291, "Plan Width": 76, "Actual Startup Time": 61.667, "Actual Total Time": 562.836, "Actual Rows": 358, "Actual Loops": 1, "Inner Unique": true, "Hash Cond": "(mi.info_type_id = it1.id)", "Plans": [{"Node Type": "Nested Loop", "Parent Relationship": "Outer", "Join Type": "Inner", "Startup Cost": 7419.04, "Total Cost": 83197.12, "Plan Rows": 13753, "Plan Width": 80, "Actual Startup Time": 61.545, "Actual Total Time": 562.318, "Actual Rows": 358, "Actual Loops": 1, "Inner Unique": false, "Plans": [{"Node Type": "Nested Loop", "Parent Relationship": "Outer", "Join Type": "Inner", "Startup Cost": 7419.04, "Total Cost": 61824.99, "Plan Rows": 15041, "Plan Width": 30, "Actual Startup Time": 54.674, "Actual Total Time": 408.161, "Actual Rows": 6152, "Actual Loops": 1, "Inner Unique": true, "Plans": [{"Node Type": "Nested Loop", "Parent Relationship": "Outer", "Join Type": "Inner", "Startup Cost": 7419.04, "Total Cost": 19211.73, "Plan Rows": 12936, "Plan Width": 9, "Actual Startup Time": 53.166, "Actual Total Time": 321.638, "Actual Rows": 15849, "Actual Loops": 1, "Inner Unique": false, "Plans": [{"Node Type": "Index Scan", "Parent Relationship": "Outer", "Scan Direction": "Forward", "Index Name": "info_type_pkey", "Relation Name": "info_type", "Alias": "it2", "Startup Cost": 0.0, "Total Cost": 14.21, "Plan Rows": 1, "Plan Width": 4, "Actual Startup Time": 0.049, "Actual Total Time": 0.07, "Actual Rows": 1, "Actual Loops": 1, "Filter": "((info)::text = 'rating'::text)", "Rows Removed by Filter": 111}, {"Node Type": "Bitmap Heap Scan", "Parent Relationship": "Inner", "Relation Name": "movie_info_idx", "Alias": "mi_idx", "Startup Cost": 7419.04, "Total Cost": 19068.16, "Plan Rows": 12936, "Plan Width": 13, "Actual Startup Time": 53.111, "Actual Total Time": 317.85, "Actual Rows": 15849, "Actual Loops": 1, "Recheck Cond": "(info_type_id = it2.id)", "Rows Removed by Index Recheck": 0, "Filter": "((info)::text > '8.0'::text)", "Rows Removed by Filter": 444076, "Exact Heap Blocks": 6472, "Lossy Heap Blocks": 6472, "Plans": [{"Node Type": "Bitmap Index Scan", "Parent Relationship": "Outer", "Index Name": "info_type_id_movie_info_idx", "Startup Cost": 0.0, "Total Cost": 7415.81, "Plan Rows": 345008, "Plan Width": 0, "Actual Startup Time": 51.865, "Actual Total Time": 51.865, "Actual Rows": 459925, "Actual Loops": 1, "Index Cond": "(info_type_id = it2.id)"}]}]}, {"Node Type": "Index Scan", "Parent Relationship": "Inner", "Scan Direction": "Forward", "Index Name": "title_pkey", "Relation Name": "title", "Alias": "t", "Startup Cost": 0.0, "Total Cost": 3.28, "Plan Rows": 1, "Plan Width": 21, "Actual Startup Time": 76.708, "Actual Total Time": 76.708, "Actual Rows": 6152, "Actual Loops": 15849, "Index Cond": "(id = mi_idx.movie_id)", "Rows Removed by Index Recheck": 0, "Filter": "((production_year >= 2008) AND (production_year <= 2014))", "Rows Removed by Filter": 9697}]}, {"Node Type": "Index Scan", "Parent Relationship": "Inner", "Scan Direction": "Forward", "Index Name": "movie_id_movie_info", "Relation Name": "movie_info", "Alias": "mi", "Startup Cost": 0.0, "Total Cost": 1.41, "Plan Rows": 1, "Plan Width": 50, "Actual Startup Time": 150.379, "Actual Total Time": 150.7, "Actual Rows": 358, "Actual Loops": 6152, "Index Cond": "(movie_id = t.id)", "Rows Removed by Index Recheck": 0, "Filter": "((note IS NULL) AND ((info)::text = ANY ('{Horror,Thriller}'::text[])))", "Rows Removed by Filter": 109599}]}, {"Node Type": "Hash", "Parent Relationship": "Inner", "Startup Cost": 14.21, "Total Cost": 14.21, "Plan Rows": 1, "Plan Width": 4, "Actual Startup Time": 0.073, "Actual Total Time": 0.073, "Actual Rows": 1, "Actual Loops": 1, "Hash Buckets": 32768, "Hash Batches": 1, "Original Hash Batches": 1, "Peak Memory Usage": 1, "Plans": [{"Node Type": "Index Scan", "Parent Relationship": "Outer", "Scan Direction": "Forward", "Index Name": "info_type_pkey", "Relation Name": "info_type", "Alias": "it1", "Startup Cost": 0.0, "Total Cost": 14.21, "Plan Rows": 1, "Plan Width": 4, "Actual Startup Time": 0.022, "Actual Total Time": 0.068, "Actual Rows": 1, "Actual Loops": 1, "Filter": "((info)::text = 'genres'::text)", "Rows Removed by Filter": 111}]}]}, {"Node Type": "Index Scan", "Parent Relationship": "Inner", "Scan Direction": "Forward", "Index Name": "movie_id_cast_info", "Relation Name": "cast_info", "Alias": "ci", "Startup Cost": 0.0, "Total Cost": 2.34, "Plan Rows": 1, "Plan Width": 8, "Actual Startup Time": 25.433, "Actual Total Time": 32.514, "Actual Rows": 268, "Actual Loops": 358, "Index Cond": "(movie_id = t.id)", "Rows Removed by Index Recheck": 0, "Filter": "((note)::text = ANY ('{(writer),\"(head writer)\",\"(written by)\",(story),\"(story editor)\"}'::text[]))", "Rows Removed by Filter": 12296}]}, {"Node Type": "Index Scan", "Parent Relationship": "Inner", "Scan Direction": "Forward", "Index Name": "name_pkey", "Relation Name": "name", "Alias": "n", "Startup Cost": 0.0, "Total Cost": 0.49, "Plan Rows": 1, "Plan Width": 4, "Actual Startup Time": 2.358, "Actual Total Time": 2.358, "Actual Rows": 11, "Actual Loops": 268, "Index Cond": "(id = ci.person_id)", "Rows Removed by Index Recheck": 0, "Filter": "((gender IS NOT NULL) AND ((gender)::text = 'f'::text))", "Rows Removed by Filter": 257}]}]}, "Triggers": [], "Planner Runtime": 24.494, "Total Runtime": 598.882, "Unique SQL Id": 661781350}}, "(64, '102')": {"explain_plan": {"Plan": {"Node Type": "Aggregate", "Strategy": "Plain", "Startup Cost": 78447.5, "Total Cost": 78447.51, "Plan Rows": 1, "Plan Width": 160, "Plans": [{"Node Type": "Nested Loop", "Parent Relationship": "Outer", "Join Type": "Inner", "Startup Cost": 7.49, "Total Cost": 78445.86, "Plan Rows": 219, "Plan Width": 64, "Inner Unique": true, "Plans": [{"Node Type": "Nested Loop", "Parent Relationship": "Outer", "Join Type": "Inner", "Startup Cost": 7.19, "Total Cost": 77054.74, "Plan Rows": 321, "Plan Width": 68, "Inner Unique": false, "Plans": [{"Node Type": "Nested Loop", "Parent Relationship": "Outer", "Join Type": "Inner", "Startup Cost": 6.18, "Total Cost": 75561.56, "Plan Rows": 291, "Plan Width": 76, "Inner Unique": true, "Plans": [{"Node Type": "Hash Join", "Parent Relationship": "Outer", "Join Type": "Inner", "Startup Cost": 5.37, "Total Cost": 74354.12, "Plan Rows": 250, "Plan Width": 55, "Inner Unique": true, "Hash Cond": "(mi_idx.info_type_id = it2.id)", "Plans": [{"Node Type": "Nested Loop", "Parent Relationship": "Outer", "Join Type": "Inner", "Startup Cost": 2.96, "Total Cost": 74346.7, "Plan Rows": 999, "Plan Width": 59, "Inner Unique": false, "Plans": [{"Node Type": "Hash Join", "Parent Relationship": "Outer", "Join Type": "Inner", "Startup Cost": 2.41, "Total Cost": 69890.54, "Plan Rows": 971, "Plan Width": 46, "Inner Unique": true, "Hash Cond": "(mi.info_type_id = it1.id)", "Plans": [{"Node Type": "Streaming(type: LOCAL GATHER dop: 1/64)", "Parent Relationship": "Outer", "Startup Cost": 0.0, "Total Cost": 69623.52, "Plan Rows": 67971, "Plan Width": 50, "Plans": [{"Node Type": "Seq Scan", "Parent Relationship": "Outer", "Relation Name": "movie_info", "Alias": "mi", "Startup Cost": 0.0, "Total Cost": 68221.29, "Plan Rows": 67971, "Plan Width": 50, "Filter": "((note IS NULL) AND ((info)::text = ANY ('{Horror,Thriller}'::text[])))"}]}, {"Node Type": "Hash", "Parent Relationship": "Inner", "Startup Cost": 2.4, "Total Cost": 2.4, "Plan Rows": 1, "Plan Width": 4, "Plans": [{"Node Type": "Seq Scan", "Parent Relationship": "Outer", "Relation Name": "info_type", "Alias": "it1", "Startup Cost": 0.0, "Total Cost": 2.4, "Plan Rows": 1, "Plan Width": 4, "Filter": "((info)::text = 'genres'::text)"}]}]}, {"Node Type": "Bitmap Heap Scan", "Parent Relationship": "Inner", "Relation Name": "movie_info_idx", "Alias": "mi_idx", "Startup Cost": 0.55, "Total Cost": 4.58, "Plan Rows": 1, "Plan Width": 13, "Recheck Cond": "(movie_id = mi.movie_id)", "Filter": "((info)::text > '8.0'::text)", "Plans": [{"Node Type": "Bitmap Index Scan", "Parent Relationship": "Outer", "Index Name": "movie_id_movie_info_idx", "Startup Cost": 0.0, "Total Cost": 0.55, "Plan Rows": 2, "Plan Width": 0, "Index Cond": "(movie_id = mi.movie_id)"}]}]}, {"Node Type": "Hash", "Parent Relationship": "Inner", "Startup Cost": 2.4, "Total Cost": 2.4, "Plan Rows": 1, "Plan Width": 4, "Plans": [{"Node Type": "Seq Scan", "Parent Relationship": "Outer", "Relation Name": "info_type", "Alias": "it2", "Startup Cost": 0.0, "Total Cost": 2.4, "Plan Rows": 1, "Plan Width": 4, "Filter": "((info)::text = 'rating'::text)"}]}]}, {"Node Type": "Bitmap Heap Scan", "Parent Relationship": "Inner", "Relation Name": "title", "Alias": "t", "Startup Cost": 0.8, "Total Cost": 4.82, "Plan Rows": 1, "Plan Width": 21, "Recheck Cond": "(id = mi.movie_id)", "Filter": "((production_year >= 2008) AND (production_year <= 2014))", "Plans": [{"Node Type": "Bitmap Index Scan", "Parent Relationship": "Outer", "Index Name": "title_pkey", "Startup Cost": 0.0, "Total Cost": 0.8, "Plan Rows": 1, "Plan Width": 0, "Index Cond": "(id = mi.movie_id)"}]}]}, {"Node Type": "Bitmap Heap Scan", "Parent Relationship": "Inner", "Relation Name": "cast_info", "Alias": "ci", "Startup Cost": 1.01, "Total Cost": 5.12, "Plan Rows": 1, "Plan Width": 8, "Recheck Cond": "(movie_id = t.id)", "Filter": "((note)::text = ANY ('{(writer),\"(head writer)\",\"(written by)\",(story),\"(story editor)\"}'::text[]))", "Plans": [{"Node Type": "Bitmap Index Scan", "Parent Relationship": "Outer", "Index Name": "movie_id_cast_info", "Startup Cost": 0.0, "Total Cost": 1.01, "Plan Rows": 6, "Plan Width": 0, "Index Cond": "(movie_id = t.id)"}]}]}, {"Node Type": "Bitmap Heap Scan", "Parent Relationship": "Inner", "Relation Name": "name", "Alias": "n", "Startup Cost": 0.31, "Total Cost": 4.32, "Plan Rows": 1, "Plan Width": 4, "Recheck Cond": "(id = ci.person_id)", "Filter": "((gender IS NOT NULL) AND ((gender)::text = 'f'::text))", "Plans": [{"Node Type": "Bitmap Index Scan", "Parent Relationship": "Outer", "Index Name": "name_pkey", "Startup Cost": 0.0, "Total Cost": 0.31, "Plan Rows": 1, "Plan Width": 0, "Index Cond": "(id = ci.person_id)"}]}]}]}, "Unique SQL Id": 661781350, "Planner Runtime": 50}, "explain_analyze_plan": {"Plan": {"Node Type": "Aggregate", "Strategy": "Plain", "Startup Cost": 78447.5, "Total Cost": 78447.51, "Plan Rows": 1, "Plan Width": 160, "Actual Min Startup Time": 746.842, "Actual Max Startup Time": 746.842, "Actual Min Total Time": 746.842, "Actual Max Total Time": 746.842, "Plans": [{"Node Type": "Nested Loop", "Parent Relationship": "Outer", "Join Type": "Inner", "Startup Cost": 7.49, "Total Cost": 78445.86, "Plan Rows": 219, "Plan Width": 64, "Actual Min Startup Time": 245.264, "Actual Max Startup Time": 245.264, "Actual Min Total Time": 746.758, "Actual Max Total Time": 746.758, "Inner Unique": true, "Plans": [{"Node Type": "Nested Loop", "Parent Relationship": "Outer", "Join Type": "Inner", "Startup Cost": 7.19, "Total Cost": 77054.74, "Plan Rows": 321, "Plan Width": 68, "Actual Min Startup Time": 199.92, "Actual Max Startup Time": 199.92, "Actual Min Total Time": 742.881, "Actual Max Total Time": 742.881, "Inner Unique": false, "Plans": [{"Node Type": "Nested Loop", "Parent Relationship": "Outer", "Join Type": "Inner", "Startup Cost": 6.18, "Total Cost": 75561.56, "Plan Rows": 291, "Plan Width": 76, "Actual Min Startup Time": 199.383, "Actual Max Startup Time": 199.383, "Actual Min Total Time": 699.404, "Actual Max Total Time": 699.404, "Inner Unique": true, "Plans": [{"Node Type": "Hash Join", "Parent Relationship": "Outer", "Join Type": "Inner", "Startup Cost": 5.37, "Total Cost": 74354.12, "Plan Rows": 250, "Plan Width": 55, "Actual Min Startup Time": 199.351, "Actual Max Startup Time": 199.351, "Actual Min Total Time": 691.072, "Actual Max Total Time": 691.072, "Inner Unique": true, "Hash Cond": "(mi_idx.info_type_id = it2.id)", "Plans": [{"Node Type": "Nested Loop", "Parent Relationship": "Outer", "Join Type": "Inner", "Startup Cost": 2.96, "Total Cost": 74346.7, "Plan Rows": 999, "Plan Width": 59, "Actual Min Startup Time": 187.036, "Actual Max Startup Time": 187.036, "Actual Min Total Time": 689.624, "Actual Max Total Time": 689.624, "Inner Unique": false, "Plans": [{"Node Type": "Hash Join", "Parent Relationship": "Outer", "Join Type": "Inner", "Startup Cost": 2.41, "Total Cost": 69890.54, "Plan Rows": 971, "Plan Width": 46, "Actual Min Startup Time": 186.871, "Actual Max Startup Time": 186.871, "Actual Min Total Time": 264.924, "Actual Max Total Time": 264.924, "Inner Unique": true, "Hash Cond": "(mi.info_type_id = it1.id)", "Plans": [{"Node Type": "Streaming(type: LOCAL GATHER dop: 1/64)", "Parent Relationship": "Outer", "Startup Cost": 0.0, "Total Cost": 69623.52, "Plan Rows": 67971, "Plan Width": 50, "Actual Min Startup Time": 186.751, "Actual Max Startup Time": 186.751, "Actual Min Total Time": 226.356, "Actual Max Total Time": 226.356, "Plans": [{"Node Type": "Seq Scan", "Parent Relationship": "Outer", "Relation Name": "movie_info", "Alias": "mi", "Startup Cost": 0.0, "Total Cost": 68221.29, "Plan Rows": 67971, "Plan Width": 50, "Actual Min Startup Time": 54.318, "Actual Max Startup Time": 147.025, "Actual Min Total Time": 92.763, "Actual Max Total Time": 156.266, "Filter": "((note IS NULL) AND ((info)::text = ANY ('{Horror,Thriller}'::text[])))", "Rows Removed by Filter": 14762672, "Actual Rows": 73047}], "Actual Rows": 73047}, {"Node Type": "Hash", "Parent Relationship": "Inner", "Startup Cost": 2.4, "Total Cost": 2.4, "Plan Rows": 1, "Plan Width": 4, "Actual Min Startup Time": 0.055, "Actual Max Startup Time": 0.055, "Actual Min Total Time": 0.055, "Actual Max Total Time": 0.055, "Max Hash Buckets": 32768, "Min Hash Buckets": 32768, "Max Hash Batches": 1, "Min Hash Batches": 1, "Max Original Hash Batches": 1, "Min Original Hash Batches": 1, "Max Peak Memory Usage": 1, "min Peak Memory Usage": 1, "Plans": [{"Node Type": "Seq Scan", "Parent Relationship": "Outer", "Relation Name": "info_type", "Alias": "it1", "Startup Cost": 0.0, "Total Cost": 2.4, "Plan Rows": 1, "Plan Width": 4, "Actual Min Startup Time": 0.03, "Actual Max Startup Time": 0.03, "Actual Min Total Time": 0.053, "Actual Max Total Time": 0.053, "Filter": "((info)::text = 'genres'::text)", "Rows Removed by Filter": 111, "Actual Rows": 1}], "Actual Rows": 1}], "Actual Rows": 72258}, {"Node Type": "Bitmap Heap Scan", "Parent Relationship": "Inner", "Relation Name": "movie_info_idx", "Alias": "mi_idx", "Startup Cost": 0.55, "Total Cost": 4.58, "Plan Rows": 1, "Plan Width": 13, "Actual Min Startup Time": 342.869, "Actual Max Startup Time": 342.869, "Actual Min Total Time": 344.598, "Actual Max Total Time": 344.598, "Recheck Cond": "(movie_id = mi.movie_id)", "Rows Removed by Index Recheck": 0, "Filter": "((info)::text > '8.0'::text)", "Rows Removed by Filter": 113143, "Exact Heap Blocks": 39507, "Lossy Heap Blocks": 39507, "Plans": [{"Node Type": "Bitmap Index Scan", "Parent Relationship": "Outer", "Index Name": "movie_id_movie_info_idx", "Startup Cost": 0.0, "Total Cost": 0.55, "Plan Rows": 2, "Plan Width": 0, "Actual Min Startup Time": 198.954, "Actual Max Startup Time": 198.954, "Actual Min Total Time": 198.954, "Actual Max Total Time": 198.954, "Index Cond": "(movie_id = mi.movie_id)", "Actual Rows": 117278}], "Actual Rows": 4135}], "Actual Rows": 4135}, {"Node Type": "Hash", "Parent Relationship": "Inner", "Startup Cost": 2.4, "Total Cost": 2.4, "Plan Rows": 1, "Plan Width": 4, "Actual Min Startup Time": 0.123, "Actual Max Startup Time": 0.123, "Actual Min Total Time": 0.123, "Actual Max Total Time": 0.123, "Max Hash Buckets": 32768, "Min Hash Buckets": 32768, "Max Hash Batches": 1, "Min Hash Batches": 1, "Max Original Hash Batches": 1, "Min Original Hash Batches": 1, "Max Peak Memory Usage": 1, "min Peak Memory Usage": 1, "Plans": [{"Node Type": "Seq Scan", "Parent Relationship": "Outer", "Relation Name": "info_type", "Alias": "it2", "Startup Cost": 0.0, "Total Cost": 2.4, "Plan Rows": 1, "Plan Width": 4, "Actual Min Startup Time": 0.097, "Actual Max Startup Time": 0.097, "Actual Min Total Time": 0.103, "Actual Max Total Time": 0.103, "Filter": "((info)::text = 'rating'::text)", "Rows Removed by Filter": 111, "Actual Rows": 1}], "Actual Rows": 1}], "Actual Rows": 732}, {"Node Type": "Bitmap Heap Scan", "Parent Relationship": "Inner", "Relation Name": "title", "Alias": "t", "Startup Cost": 0.8, "Total Cost": 4.82, "Plan Rows": 1, "Plan Width": 21, "Actual Min Startup Time": 7.115, "Actual Max Startup Time": 7.115, "Actual Min Total Time": 7.115, "Actual Max Total Time": 7.115, "Recheck Cond": "(id = mi.movie_id)", "Rows Removed by Index Recheck": 0, "Filter": "((production_year >= 2008) AND (production_year <= 2014))", "Rows Removed by Filter": 374, "Exact Heap Blocks": 732, "Lossy Heap Blocks": 732, "Plans": [{"Node Type": "Bitmap Index Scan", "Parent Relationship": "Outer", "Index Name": "title_pkey", "Startup Cost": 0.0, "Total Cost": 0.8, "Plan Rows": 1, "Plan Width": 0, "Actual Min Startup Time": 3.968, "Actual Max Startup Time": 3.968, "Actual Min Total Time": 3.968, "Actual Max Total Time": 3.968, "Index Cond": "(id = mi.movie_id)", "Actual Rows": 732}], "Actual Rows": 358}], "Actual Rows": 358}, {"Node Type": "Bitmap Heap Scan", "Parent Relationship": "Inner", "Relation Name": "cast_info", "Alias": "ci", "Startup Cost": 1.01, "Total Cost": 5.12, "Plan Rows": 1, "Plan Width": 8, "Actual Min Startup Time": 34.544, "Actual Max Startup Time": 34.544, "Actual Min Total Time": 42.512, "Actual Max Total Time": 42.512, "Recheck Cond": "(movie_id = t.id)", "Rows Removed by Index Recheck": 0, "Filter": "((note)::text = ANY ('{(writer),\"(head writer)\",\"(written by)\",(story),\"(story editor)\"}'::text[]))", "Rows Removed by Filter": 12296, "Exact Heap Blocks": 11454, "Lossy Heap Blocks": 11454, "Plans": [{"Node Type": "Bitmap Index Scan", "Parent Relationship": "Outer", "Index Name": "movie_id_cast_info", "Startup Cost": 0.0, "Total Cost": 1.01, "Plan Rows": 6, "Plan Width": 0, "Actual Min Startup Time": 5.931, "Actual Max Startup Time": 5.931, "Actual Min Total Time": 5.931, "Actual Max Total Time": 5.931, "Index Cond": "(movie_id = t.id)", "Actual Rows": 12564}], "Actual Rows": 268}], "Actual Rows": 268}, {"Node Type": "Bitmap Heap Scan", "Parent Relationship": "Inner", "Relation Name": "name", "Alias": "n", "Startup Cost": 0.31, "Total Cost": 4.32, "Plan Rows": 1, "Plan Width": 4, "Actual Min Startup Time": 3.337, "Actual Max Startup Time": 3.337, "Actual Min Total Time": 3.337, "Actual Max Total Time": 3.337, "Recheck Cond": "(id = ci.person_id)", "Rows Removed by Index Recheck": 0, "Filter": "((gender IS NOT NULL) AND ((gender)::text = 'f'::text))", "Rows Removed by Filter": 257, "Exact Heap Blocks": 268, "Lossy Heap Blocks": 268, "Plans": [{"Node Type": "Bitmap Index Scan", "Parent Relationship": "Outer", "Index Name": "name_pkey", "Startup Cost": 0.0, "Total Cost": 0.31, "Plan Rows": 1, "Plan Width": 0, "Actual Min Startup Time": 2.168, "Actual Max Startup Time": 2.168, "Actual Min Total Time": 2.168, "Actual Max Total Time": 2.168, "Index Cond": "(id = ci.person_id)", "Actual Rows": 268}], "Actual Rows": 11}], "Actual Rows": 11}], "Actual Rows": 1}, "Triggers": [], "Planner Runtime": 62.854, "Total Runtime": 758.993, "Unique SQL Id": 661781350}}, "(64, '103')": {"explain_plan": {"Plan": {"Node Type": "Aggregate", "Strategy": "Plain", "Startup Cost": 156974.22, "Total Cost": 156974.23, "Plan Rows": 1, "Plan Width": 160, "Plans": [{"Node Type": "Nested Loop", "Parent Relationship": "Outer", "Join Type": "Inner", "Startup Cost": 7444.95, "Total Cost": 156972.58, "Plan Rows": 219, "Plan Width": 64, "Inner Unique": true, "Plans": [{"Node Type": "Nested Loop", "Parent Relationship": "Outer", "Join Type": "Inner", "Startup Cost": 7444.64, "Total Cost": 155581.46, "Plan Rows": 321, "Plan Width": 68, "Inner Unique": false, "Plans": [{"Node Type": "Hash Join", "Parent Relationship": "Outer", "Join Type": "Inner", "Startup Cost": 7443.63, "Total Cost": 154088.28, "Plan Rows": 291, "Plan Width": 76, "Inner Unique": true, "Hash Cond": "(mi.info_type_id = it1.id)", "Plans": [{"Node Type": "Nested Loop", "Parent Relationship": "Outer", "Join Type": "Inner", "Startup Cost": 7429.41, "Total Cost": 154037.63, "Plan Rows": 13753, "Plan Width": 80, "Inner Unique": false, "Plans": [{"Node Type": "Nested Loop", "Parent Relationship": "Outer", "Join Type": "Inner", "Startup Cost": 7428.83, "Total Cost": 83898.37, "Plan Rows": 15041, "Plan Width": 30, "Inner Unique": true, "Plans": [{"Node Type": "Nested Loop", "Parent Relationship": "Outer", "Join Type": "Inner", "Startup Cost": 7427.85, "Total Cost": 19211.73, "Plan Rows": 12936, "Plan Width": 9, "Inner Unique": false, "Plans": [{"Node Type": "Bitmap Heap Scan", "Parent Relationship": "Outer", "Relation Name": "info_type", "Alias": "it2", "Startup Cost": 8.81, "Total Cost": 14.21, "Plan Rows": 1, "Plan Width": 4, "Filter": "((info)::text = 'rating'::text)", "Plans": [{"Node Type": "Bitmap Index Scan", "Parent Relationship": "Outer", "Index Name": "info_type_pkey", "Startup Cost": 0.0, "Total Cost": 8.81, "Plan Rows": 112, "Plan Width": 0}]}, {"Node Type": "Bitmap Heap Scan", "Parent Relationship": "Inner", "Relation Name": "movie_info_idx", "Alias": "mi_idx", "Startup Cost": 7419.04, "Total Cost": 19068.16, "Plan Rows": 12936, "Plan Width": 13, "Recheck Cond": "(info_type_id = it2.id)", "Filter": "((info)::text > '8.0'::text)", "Plans": [{"Node Type": "Bitmap Index Scan", "Parent Relationship": "Outer", "Index Name": "info_type_id_movie_info_idx", "Startup Cost": 0.0, "Total Cost": 7415.81, "Plan Rows": 345008, "Plan Width": 0, "Index Cond": "(info_type_id = it2.id)"}]}]}, {"Node Type": "Bitmap Heap Scan", "Parent Relationship": "Inner", "Relation Name": "title", "Alias": "t", "Startup Cost": 0.97, "Total Cost": 4.99, "Plan Rows": 1, "Plan Width": 21, "Recheck Cond": "(id = mi_idx.movie_id)", "Filter": "((production_year >= 2008) AND (production_year <= 2014))", "Plans": [{"Node Type": "Bitmap Index Scan", "Parent Relationship": "Outer", "Index Name": "title_pkey", "Startup Cost": 0.0, "Total Cost": 0.97, "Plan Rows": 1, "Plan Width": 0, "Index Cond": "(id = mi_idx.movie_id)"}]}]}, {"Node Type": "Bitmap Heap Scan", "Parent Relationship": "Inner", "Relation Name": "movie_info", "Alias": "mi", "Startup Cost": 0.58, "Total Cost": 4.65, "Plan Rows": 1, "Plan Width": 50, "Recheck Cond": "(movie_id = t.id)", "Filter": "((note IS NULL) AND ((info)::text = ANY ('{Horror,Thriller}'::text[])))", "Plans": [{"Node Type": "Bitmap Index Scan", "Parent Relationship": "Outer", "Index Name": "movie_id_movie_info", "Startup Cost": 0.0, "Total Cost": 0.58, "Plan Rows": 5, "Plan Width": 0, "Index Cond": "(movie_id = t.id)"}]}]}, {"Node Type": "Hash", "Parent Relationship": "Inner", "Startup Cost": 14.21, "Total Cost": 14.21, "Plan Rows": 1, "Plan Width": 4, "Plans": [{"Node Type": "Bitmap Heap Scan", "Parent Relationship": "Outer", "Relation Name": "info_type", "Alias": "it1", "Startup Cost": 8.81, "Total Cost": 14.21, "Plan Rows": 1, "Plan Width": 4, "Filter": "((info)::text = 'genres'::text)", "Plans": [{"Node Type": "Bitmap Index Scan", "Parent Relationship": "Outer", "Index Name": "info_type_pkey", "Startup Cost": 0.0, "Total Cost": 8.81, "Plan Rows": 112, "Plan Width": 0}]}]}]}, {"Node Type": "Bitmap Heap Scan", "Parent Relationship": "Inner", "Relation Name": "cast_info", "Alias": "ci", "Startup Cost": 1.01, "Total Cost": 5.12, "Plan Rows": 1, "Plan Width": 8, "Recheck Cond": "(movie_id = t.id)", "Filter": "((note)::text = ANY ('{(writer),\"(head writer)\",\"(written by)\",(story),\"(story editor)\"}'::text[]))", "Plans": [{"Node Type": "Bitmap Index Scan", "Parent Relationship": "Outer", "Index Name": "movie_id_cast_info", "Startup Cost": 0.0, "Total Cost": 1.01, "Plan Rows": 6, "Plan Width": 0, "Index Cond": "(movie_id = t.id)"}]}]}, {"Node Type": "Bitmap Heap Scan", "Parent Relationship": "Inner", "Relation Name": "name", "Alias": "n", "Startup Cost": 0.31, "Total Cost": 4.32, "Plan Rows": 1, "Plan Width": 4, "Recheck Cond": "(id = ci.person_id)", "Filter": "((gender IS NOT NULL) AND ((gender)::text = 'f'::text))", "Plans": [{"Node Type": "Bitmap Index Scan", "Parent Relationship": "Outer", "Index Name": "name_pkey", "Startup Cost": 0.0, "Total Cost": 0.31, "Plan Rows": 1, "Plan Width": 0, "Index Cond": "(id = ci.person_id)"}]}]}]}, "Unique SQL Id": 661781350, "Planner Runtime": 11}, "explain_analyze_plan": {"Plan": {"Node Type": "Aggregate", "Strategy": "Plain", "Startup Cost": 156974.22, "Total Cost": 156974.23, "Plan Rows": 1, "Plan Width": 160, "Actual Startup Time": 696.143, "Actual Total Time": 696.143, "Actual Rows": 1, "Actual Loops": 1, "Plans": [{"Node Type": "Nested Loop", "Parent Relationship": "Outer", "Join Type": "Inner", "Startup Cost": 7444.95, "Total Cost": 156972.58, "Plan Rows": 219, "Plan Width": 64, "Actual Startup Time": 407.909, "Actual Total Time": 696.076, "Actual Rows": 11, "Actual Loops": 1, "Inner Unique": true, "Plans": [{"Node Type": "Nested Loop", "Parent Relationship": "Outer", "Join Type": "Inner", "Startup Cost": 7444.64, "Total Cost": 155581.46, "Plan Rows": 321, "Plan Width": 68, "Actual Startup Time": 148.706, "Actual Total Time": 692.927, "Actual Rows": 268, "Actual Loops": 1, "Inner Unique": false, "Plans": [{"Node Type": "Hash Join", "Parent Relationship": "Outer", "Join Type": "Inner", "Startup Cost": 7443.63, "Total Cost": 154088.28, "Plan Rows": 291, "Plan Width": 76, "Actual Startup Time": 64.833, "Actual Total Time": 654.405, "Actual Rows": 358, "Actual Loops": 1, "Inner Unique": true, "Hash Cond": "(mi.info_type_id = it1.id)", "Plans": [{"Node Type": "Nested Loop", "Parent Relationship": "Outer", "Join Type": "Inner", "Startup Cost": 7429.41, "Total Cost": 154037.63, "Plan Rows": 13753, "Plan Width": 80, "Actual Startup Time": 64.689, "Actual Total Time": 653.779, "Actual Rows": 358, "Actual Loops": 1, "Inner Unique": false, "Plans": [{"Node Type": "Nested Loop", "Parent Relationship": "Outer", "Join Type": "Inner", "Startup Cost": 7428.83, "Total Cost": 83898.37, "Plan Rows": 15041, "Plan Width": 30, "Actual Startup Time": 55.538, "Actual Total Time": 456.854, "Actual Rows": 6152, "Actual Loops": 1, "Inner Unique": true, "Plans": [{"Node Type": "Nested Loop", "Parent Relationship": "Outer", "Join Type": "Inner", "Startup Cost": 7427.85, "Total Cost": 19211.73, "Plan Rows": 12936, "Plan Width": 9, "Actual Startup Time": 53.529, "Actual Total Time": 335.411, "Actual Rows": 15849, "Actual Loops": 1, "Inner Unique": false, "Plans": [{"Node Type": "Bitmap Heap Scan", "Parent Relationship": "Outer", "Relation Name": "info_type", "Alias": "it2", "Startup Cost": 8.81, "Total Cost": 14.21, "Plan Rows": 1, "Plan Width": 4, "Actual Startup Time": 0.066, "Actual Total Time": 0.073, "Actual Rows": 1, "Actual Loops": 1, "Filter": "((info)::text = 'rating'::text)", "Rows Removed by Filter": 111, "Exact Heap Blocks": 1, "Lossy Heap Blocks": 1, "Plans": [{"Node Type": "Bitmap Index Scan", "Parent Relationship": "Outer", "Index Name": "info_type_pkey", "Startup Cost": 0.0, "Total Cost": 8.81, "Plan Rows": 112, "Plan Width": 0, "Actual Startup Time": 0.008, "Actual Total Time": 0.008, "Actual Rows": 112, "Actual Loops": 1}]}, {"Node Type": "Bitmap Heap Scan", "Parent Relationship": "Inner", "Relation Name": "movie_info_idx", "Alias": "mi_idx", "Startup Cost": 7419.04, "Total Cost": 19068.16, "Plan Rows": 12936, "Plan Width": 13, "Actual Startup Time": 53.456, "Actual Total Time": 331.51, "Actual Rows": 15849, "Actual Loops": 1, "Recheck Cond": "(info_type_id = it2.id)", "Rows Removed by Index Recheck": 0, "Filter": "((info)::text > '8.0'::text)", "Rows Removed by Filter": 444076, "Exact Heap Blocks": 6472, "Lossy Heap Blocks": 6472, "Plans": [{"Node Type": "Bitmap Index Scan", "Parent Relationship": "Outer", "Index Name": "info_type_id_movie_info_idx", "Startup Cost": 0.0, "Total Cost": 7415.81, "Plan Rows": 345008, "Plan Width": 0, "Actual Startup Time": 52.256, "Actual Total Time": 52.256, "Actual Rows": 459925, "Actual Loops": 1, "Index Cond": "(info_type_id = it2.id)"}]}]}, {"Node Type": "Bitmap Heap Scan", "Parent Relationship": "Inner", "Relation Name": "title", "Alias": "t", "Startup Cost": 0.97, "Total Cost": 4.99, "Plan Rows": 1, "Plan Width": 21, "Actual Startup Time": 100.604, "Actual Total Time": 100.604, "Actual Rows": 6152, "Actual Loops": 15849, "Recheck Cond": "(id = mi_idx.movie_id)", "Rows Removed by Index Recheck": 0, "Filter": "((production_year >= 2008) AND (production_year <= 2014))", "Rows Removed by Filter": 9697, "Exact Heap Blocks": 15849, "Lossy Heap Blocks": 15849, "Plans": [{"Node Type": "Bitmap Index Scan", "Parent Relationship": "Outer", "Index Name": "title_pkey", "Startup Cost": 0.0, "Total Cost": 0.97, "Plan Rows": 1, "Plan Width": 0, "Actual Startup Time": 49.093, "Actual Total Time": 49.093, "Actual Rows": 15849, "Actual Loops": 15849, "Index Cond": "(id = mi_idx.movie_id)"}]}]}, {"Node Type": "Bitmap Heap Scan", "Parent Relationship": "Inner", "Relation Name": "movie_info", "Alias": "mi", "Startup Cost": 0.58, "Total Cost": 4.65, "Plan Rows": 1, "Plan Width": 50, "Actual Startup Time": 188.401, "Actual Total Time": 188.571, "Actual Rows": 358, "Actual Loops": 6152, "Recheck Cond": "(movie_id = t.id)", "Rows Removed by Index Recheck": 0, "Filter": "((note IS NULL) AND ((info)::text = ANY ('{Horror,Thriller}'::text[])))", "Rows Removed by Filter": 109599, "Exact Heap Blocks": 52726, "Lossy Heap Blocks": 52726, "Plans": [{"Node Type": "Bitmap Index Scan", "Parent Relationship": "Outer", "Index Name": "movie_id_movie_info", "Startup Cost": 0.0, "Total Cost": 0.58, "Plan Rows": 5, "Plan Width": 0, "Actual Startup Time": 42.676, "Actual Total Time": 42.676, "Actual Rows": 109957, "Actual Loops": 6152, "Index Cond": "(movie_id = t.id)"}]}]}, {"Node Type": "Hash", "Parent Relationship": "Inner", "Startup Cost": 14.21, "Total Cost": 14.21, "Plan Rows": 1, "Plan Width": 4, "Actual Startup Time": 0.092, "Actual Total Time": 0.092, "Actual Rows": 1, "Actual Loops": 1, "Hash Buckets": 32768, "Hash Batches": 1, "Original Hash Batches": 1, "Peak Memory Usage": 1, "Plans": [{"Node Type": "Bitmap Heap Scan", "Parent Relationship": "Outer", "Relation Name": "info_type", "Alias": "it1", "Startup Cost": 8.81, "Total Cost": 14.21, "Plan Rows": 1, "Plan Width": 4, "Actual Startup Time": 0.063, "Actual Total Time": 0.086, "Actual Rows": 1, "Actual Loops": 1, "Filter": "((info)::text = 'genres'::text)", "Rows Removed by Filter": 111, "Exact Heap Blocks": 1, "Lossy Heap Blocks": 1, "Plans": [{"Node Type": "Bitmap Index Scan", "Parent Relationship": "Outer", "Index Name": "info_type_pkey", "Startup Cost": 0.0, "Total Cost": 8.81, "Plan Rows": 112, "Plan Width": 0, "Actual Startup Time": 0.016, "Actual Total Time": 0.016, "Actual Rows": 112, "Actual Loops": 1}]}]}]}, {"Node Type": "Bitmap Heap Scan", "Parent Relationship": "Inner", "Relation Name": "cast_info", "Alias": "ci", "Startup Cost": 1.01, "Total Cost": 5.12, "Plan Rows": 1, "Plan Width": 8, "Actual Startup Time": 30.476, "Actual Total Time": 37.452, "Actual Rows": 268, "Actual Loops": 358, "Recheck Cond": "(movie_id = t.id)", "Rows Removed by Index Recheck": 0, "Filter": "((note)::text = ANY ('{(writer),\"(head writer)\",\"(written by)\",(story),\"(story editor)\"}'::text[]))", "Rows Removed by Filter": 12296, "Exact Heap Blocks": 11454, "Lossy Heap Blocks": 11454, "Plans": [{"Node Type": "Bitmap Index Scan", "Parent Relationship": "Outer", "Index Name": "movie_id_cast_info", "Startup Cost": 0.0, "Total Cost": 1.01, "Plan Rows": 6, "Plan Width": 0, "Actual Startup Time": 5.462, "Actual Total Time": 5.462, "Actual Rows": 12564, "Actual Loops": 358, "Index Cond": "(movie_id = t.id)"}]}]}, {"Node Type": "Bitmap Heap Scan", "Parent Relationship": "Inner", "Relation Name": "name", "Alias": "n", "Startup Cost": 0.31, "Total Cost": 4.32, "Plan Rows": 1, "Plan Width": 4, "Actual Startup Time": 2.648, "Actual Total Time": 2.648, "Actual Rows": 11, "Actual Loops": 268, "Recheck Cond": "(id = ci.person_id)", "Rows Removed by Index Recheck": 0, "Filter": "((gender IS NOT NULL) AND ((gender)::text = 'f'::text))", "Rows Removed by Filter": 257, "Exact Heap Blocks": 268, "Lossy Heap Blocks": 268, "Plans": [{"Node Type": "Bitmap Index Scan", "Parent Relationship": "Outer", "Index Name": "name_pkey", "Startup Cost": 0.0, "Total Cost": 0.31, "Plan Rows": 1, "Plan Width": 0, "Actual Startup Time": 1.677, "Actual Total Time": 1.677, "Actual Rows": 268, "Actual Loops": 268, "Index Cond": "(id = ci.person_id)"}]}]}]}, "Triggers": [], "Planner Runtime": 23.244, "Total Runtime": 696.502, "Unique SQL Id": 661781350}}, "(64, '104')": {"explain_plan": {"Plan": {"Node Type": "Aggregate", "Strategy": "Plain", "Startup Cost": 72675.72, "Total Cost": 72675.73, "Plan Rows": 1, "Plan Width": 160, "Plans": [{"Node Type": "Nested Loop", "Parent Relationship": "Outer", "Join Type": "Inner", "Startup Cost": 2.41, "Total Cost": 72674.08, "Plan Rows": 219, "Plan Width": 64, "Inner Unique": true, "Plans": [{"Node Type": "Nested Loop", "Parent Relationship": "Outer", "Join Type": "Inner", "Startup Cost": 2.41, "Total Cost": 72513.09, "Plan Rows": 321, "Plan Width": 68, "Inner Unique": false, "Plans": [{"Node Type": "Nested Loop", "Parent Relationship": "Outer", "Join Type": "Inner", "Startup Cost": 2.41, "Total Cost": 71828.06, "Plan Rows": 291, "Plan Width": 76, "Inner Unique": true, "Plans": [{"Node Type": "Nested Loop", "Parent Relationship": "Outer", "Join Type": "Inner", "Startup Cost": 2.41, "Total Cost": 71114.85, "Plan Rows": 250, "Plan Width": 55, "Inner Unique": true, "Plans": [{"Node Type": "Nested Loop", "Parent Relationship": "Outer", "Join Type": "Inner", "Startup Cost": 2.41, "Total Cost": 70832.4, "Plan Rows": 999, "Plan Width": 59, "Inner Unique": false, "Plans": [{"Node Type": "Hash Join", "Parent Relationship": "Outer", "Join Type": "Inner", "Startup Cost": 2.41, "Total Cost": 69890.54, "Plan Rows": 971, "Plan Width": 46, "Inner Unique": true, "Hash Cond": "(mi.info_type_id = it1.id)", "Plans": [{"Node Type": "Streaming(type: LOCAL GATHER dop: 1/64)", "Parent Relationship": "Outer", "Startup Cost": 0.0, "Total Cost": 69623.52, "Plan Rows": 67971, "Plan Width": 50, "Plans": [{"Node Type": "Seq Scan", "Parent Relationship": "Outer", "Relation Name": "movie_info", "Alias": "mi", "Startup Cost": 0.0, "Total Cost": 68221.29, "Plan Rows": 67971, "Plan Width": 50, "Filter": "((note IS NULL) AND ((info)::text = ANY ('{Horror,Thriller}'::text[])))"}]}, {"Node Type": "Hash", "Parent Relationship": "Inner", "Startup Cost": 2.4, "Total Cost": 2.4, "Plan Rows": 1, "Plan Width": 4, "Plans": [{"Node Type": "Seq Scan", "Parent Relationship": "Outer", "Relation Name": "info_type", "Alias": "it1", "Startup Cost": 0.0, "Total Cost": 2.4, "Plan Rows": 1, "Plan Width": 4, "Filter": "((info)::text = 'genres'::text)"}]}]}, {"Node Type": "Index Scan", "Parent Relationship": "Inner", "Scan Direction": "Forward", "Index Name": "movie_id_movie_info_idx", "Relation Name": "movie_info_idx", "Alias": "mi_idx", "Startup Cost": 0.0, "Total Cost": 0.96, "Plan Rows": 1, "Plan Width": 13, "Index Cond": "(movie_id = mi.movie_id)", "Filter": "((info)::text > '8.0'::text)"}]}, {"Node Type": "Index Scan", "Parent Relationship": "Inner", "Scan Direction": "Forward", "Index Name": "info_type_pkey", "Relation Name": "info_type", "Alias": "it2", "Startup Cost": 0.0, "Total Cost": 0.27, "Plan Rows": 1, "Plan Width": 4, "Index Cond": "(id = mi_idx.info_type_id)", "Filter": "((info)::text = 'rating'::text)"}]}, {"Node Type": "Index Scan", "Parent Relationship": "Inner", "Scan Direction": "Forward", "Index Name": "title_pkey", "Relation Name": "title", "Alias": "t", "Startup Cost": 0.0, "Total Cost": 2.84, "Plan Rows": 1, "Plan Width": 21, "Index Cond": "(id = mi.movie_id)", "Filter": "((production_year >= 2008) AND (production_year <= 2014))"}]}, {"Node Type": "Index Scan", "Parent Relationship": "Inner", "Scan Direction": "Forward", "Index Name": "movie_id_cast_info", "Relation Name": "cast_info", "Alias": "ci", "Startup Cost": 0.0, "Total Cost": 2.34, "Plan Rows": 1, "Plan Width": 8, "Index Cond": "(movie_id = t.id)", "Filter": "((note)::text = ANY ('{(writer),\"(head writer)\",\"(written by)\",(story),\"(story editor)\"}'::text[]))"}]}, {"Node Type": "Index Scan", "Parent Relationship": "Inner", "Scan Direction": "Forward", "Index Name": "name_pkey", "Relation Name": "name", "Alias": "n", "Startup Cost": 0.0, "Total Cost": 0.49, "Plan Rows": 1, "Plan Width": 4, "Index Cond": "(id = ci.person_id)", "Filter": "((gender IS NOT NULL) AND ((gender)::text = 'f'::text))"}]}]}, "Unique SQL Id": 661781350, "Planner Runtime": 33}, "explain_analyze_plan": {"Plan": {"Node Type": "Aggregate", "Strategy": "Plain", "Startup Cost": 72675.72, "Total Cost": 72675.73, "Plan Rows": 1, "Plan Width": 160, "Actual Min Startup Time": 645.932, "Actual Max Startup Time": 645.932, "Actual Min Total Time": 645.932, "Actual Max Total Time": 645.932, "Plans": [{"Node Type": "Nested Loop", "Parent Relationship": "Outer", "Join Type": "Inner", "Startup Cost": 2.41, "Total Cost": 72674.08, "Plan Rows": 219, "Plan Width": 64, "Actual Min Startup Time": 255.878, "Actual Max Startup Time": 255.878, "Actual Min Total Time": 645.862, "Actual Max Total Time": 645.862, "Inner Unique": true, "Plans": [{"Node Type": "Nested Loop", "Parent Relationship": "Outer", "Join Type": "Inner", "Startup Cost": 2.41, "Total Cost": 72513.09, "Plan Rows": 321, "Plan Width": 68, "Actual Min Startup Time": 199.897, "Actual Max Startup Time": 199.897, "Actual Min Total Time": 642.891, "Actual Max Total Time": 642.891, "Inner Unique": false, "Plans": [{"Node Type": "Nested Loop", "Parent Relationship": "Outer", "Join Type": "Inner", "Startup Cost": 2.41, "Total Cost": 71828.06, "Plan Rows": 291, "Plan Width": 76, "Actual Min Startup Time": 194.383, "Actual Max Startup Time": 194.383, "Actual Min Total Time": 607.368, "Actual Max Total Time": 607.368, "Inner Unique": true, "Plans": [{"Node Type": "Nested Loop", "Parent Relationship": "Outer", "Join Type": "Inner", "Startup Cost": 2.41, "Total Cost": 71114.85, "Plan Rows": 250, "Plan Width": 55, "Actual Min Startup Time": 191.528, "Actual Max Startup Time": 191.528, "Actual Min Total Time": 600.85, "Actual Max Total Time": 600.85, "Inner Unique": true, "Plans": [{"Node Type": "Nested Loop", "Parent Relationship": "Outer", "Join Type": "Inner", "Startup Cost": 2.41, "Total Cost": 70832.4, "Plan Rows": 999, "Plan Width": 59, "Actual Min Startup Time": 179.181, "Actual Max Startup Time": 179.181, "Actual Min Total Time": 590.043, "Actual Max Total Time": 590.043, "Inner Unique": false, "Plans": [{"Node Type": "Hash Join", "Parent Relationship": "Outer", "Join Type": "Inner", "Startup Cost": 2.41, "Total Cost": 69890.54, "Plan Rows": 971, "Plan Width": 46, "Actual Min Startup Time": 178.979, "Actual Max Startup Time": 178.979, "Actual Min Total Time": 260.807, "Actual Max Total Time": 260.807, "Inner Unique": true, "Hash Cond": "(mi.info_type_id = it1.id)", "Plans": [{"Node Type": "Streaming(type: LOCAL GATHER dop: 1/64)", "Parent Relationship": "Outer", "Startup Cost": 0.0, "Total Cost": 69623.52, "Plan Rows": 67971, "Plan Width": 50, "Actual Min Startup Time": 178.749, "Actual Max Startup Time": 178.749, "Actual Min Total Time": 223.333, "Actual Max Total Time": 223.333, "Plans": [{"Node Type": "Seq Scan", "Parent Relationship": "Outer", "Relation Name": "movie_info", "Alias": "mi", "Startup Cost": 0.0, "Total Cost": 68221.29, "Plan Rows": 67971, "Plan Width": 50, "Actual Min Startup Time": 54.175, "Actual Max Startup Time": 129.557, "Actual Min Total Time": 94.781, "Actual Max Total Time": 138.586, "Filter": "((note IS NULL) AND ((info)::text = ANY ('{Horror,Thriller}'::text[])))", "Rows Removed by Filter": 14762672, "Actual Rows": 73047}], "Actual Rows": 73047}, {"Node Type": "Hash", "Parent Relationship": "Inner", "Startup Cost": 2.4, "Total Cost": 2.4, "Plan Rows": 1, "Plan Width": 4, "Actual Min Startup Time": 0.129, "Actual Max Startup Time": 0.129, "Actual Min Total Time": 0.129, "Actual Max Total Time": 0.129, "Max Hash Buckets": 32768, "Min Hash Buckets": 32768, "Max Hash Batches": 1, "Min Hash Batches": 1, "Max Original Hash Batches": 1, "Min Original Hash Batches": 1, "Max Peak Memory Usage": 1, "min Peak Memory Usage": 1, "Plans": [{"Node Type": "Seq Scan", "Parent Relationship": "Outer", "Relation Name": "info_type", "Alias": "it1", "Startup Cost": 0.0, "Total Cost": 2.4, "Plan Rows": 1, "Plan Width": 4, "Actual Min Startup Time": 0.086, "Actual Max Startup Time": 0.086, "Actual Min Total Time": 0.111, "Actual Max Total Time": 0.111, "Filter": "((info)::text = 'genres'::text)", "Rows Removed by Filter": 111, "Actual Rows": 1}], "Actual Rows": 1}], "Actual Rows": 72258}, {"Node Type": "Index Scan", "Parent Relationship": "Inner", "Scan Direction": "Forward", "Index Name": "movie_id_movie_info_idx", "Relation Name": "movie_info_idx", "Alias": "mi_idx", "Startup Cost": 0.0, "Total Cost": 0.96, "Plan Rows": 1, "Plan Width": 13, "Actual Min Startup Time": 282.41, "Actual Max Startup Time": 282.41, "Actual Min Total Time": 286.056, "Actual Max Total Time": 286.056, "Index Cond": "(movie_id = mi.movie_id)", "Rows Removed by Index Recheck": 0, "Filter": "((info)::text > '8.0'::text)", "Rows Removed by Filter": 113143, "Actual Rows": 4135}], "Actual Rows": 4135}, {"Node Type": "Index Scan", "Parent Relationship": "Inner", "Scan Direction": "Forward", "Index Name": "info_type_pkey", "Relation Name": "info_type", "Alias": "it2", "Startup Cost": 0.0, "Total Cost": 0.27, "Plan Rows": 1, "Plan Width": 4, "Actual Min Startup Time": 8.443, "Actual Max Startup Time": 8.443, "Actual Min Total Time": 8.443, "Actual Max Total Time": 8.443, "Index Cond": "(id = mi_idx.info_type_id)", "Rows Removed by Index Recheck": 0, "Filter": "((info)::text = 'rating'::text)", "Rows Removed by Filter": 3403, "Actual Rows": 732}], "Actual Rows": 732}, {"Node Type": "Index Scan", "Parent Relationship": "Inner", "Scan Direction": "Forward", "Index Name": "title_pkey", "Relation Name": "title", "Alias": "t", "Startup Cost": 0.0, "Total Cost": 2.84, "Plan Rows": 1, "Plan Width": 21, "Actual Min Startup Time": 5.882, "Actual Max Startup Time": 5.882, "Actual Min Total Time": 5.882, "Actual Max Total Time": 5.882, "Index Cond": "(id = mi.movie_id)", "Rows Removed by Index Recheck": 0, "Filter": "((production_year >= 2008) AND (production_year <= 2014))", "Rows Removed by Filter": 374, "Actual Rows": 358}], "Actual Rows": 358}, {"Node Type": "Index Scan", "Parent Relationship": "Inner", "Scan Direction": "Forward", "Index Name": "movie_id_cast_info", "Relation Name": "cast_info", "Alias": "ci", "Startup Cost": 0.0, "Total Cost": 2.34, "Plan Rows": 1, "Plan Width": 8, "Actual Min Startup Time": 27.751, "Actual Max Startup Time": 27.751, "Actual Min Total Time": 35.19, "Actual Max Total Time": 35.19, "Index Cond": "(movie_id = t.id)", "Rows Removed by Index Recheck": 0, "Filter": "((note)::text = ANY ('{(writer),\"(head writer)\",\"(written by)\",(story),\"(story editor)\"}'::text[]))", "Rows Removed by Filter": 12296, "Actual Rows": 268}], "Actual Rows": 268}, {"Node Type": "Index Scan", "Parent Relationship": "Inner", "Scan Direction": "Forward", "Index Name": "name_pkey", "Relation Name": "name", "Alias": "n", "Startup Cost": 0.0, "Total Cost": 0.49, "Plan Rows": 1, "Plan Width": 4, "Actual Min Startup Time": 2.738, "Actual Max Startup Time": 2.738, "Actual Min Total Time": 2.738, "Actual Max Total Time": 2.738, "Index Cond": "(id = ci.person_id)", "Rows Removed by Index Recheck": 0, "Filter": "((gender IS NOT NULL) AND ((gender)::text = 'f'::text))", "Rows Removed by Filter": 257, "Actual Rows": 11}], "Actual Rows": 11}], "Actual Rows": 1}, "Triggers": [], "Planner Runtime": 48.511, "Total Runtime": 658.668, "Unique SQL Id": 661781350}}, "(64, '105')": {"explain_plan": {"Plan": {"Node Type": "Aggregate", "Strategy": "Plain", "Startup Cost": 100763.69, "Total Cost": 100763.7, "Plan Rows": 1, "Plan Width": 160, "Plans": [{"Node Type": "Nested Loop", "Parent Relationship": "Outer", "Join Type": "Inner", "Startup Cost": 14.22, "Total Cost": 100762.05, "Plan Rows": 219, "Plan Width": 64, "Inner Unique": true, "Plans": [{"Node Type": "Nested Loop", "Parent Relationship": "Outer", "Join Type": "Inner", "Startup Cost": 14.22, "Total Cost": 100601.06, "Plan Rows": 321, "Plan Width": 68, "Inner Unique": false, "Plans": [{"Node Type": "Hash Join", "Parent Relationship": "Outer", "Join Type": "Inner", "Startup Cost": 14.22, "Total Cost": 99916.04, "Plan Rows": 291, "Plan Width": 76, "Inner Unique": true, "Hash Cond": "(mi.info_type_id = it1.id)", "Plans": [{"Node Type": "Nested Loop", "Parent Relationship": "Outer", "Join Type": "Inner", "Startup Cost": 0.0, "Total Cost": 99865.39, "Plan Rows": 13753, "Plan Width": 80, "Inner Unique": false, "Plans": [{"Node Type": "Nested Loop", "Parent Relationship": "Outer", "Join Type": "Inner", "Startup Cost": 0.0, "Total Cost": 78493.26, "Plan Rows": 15041, "Plan Width": 30, "Inner Unique": true, "Plans": [{"Node Type": "Nested Loop", "Parent Relationship": "Outer", "Join Type": "Inner", "Startup Cost": 0.0, "Total Cost": 35880.0, "Plan Rows": 12936, "Plan Width": 9, "Inner Unique": false, "Plans": [{"Node Type": "Index Scan", "Parent Relationship": "Outer", "Scan Direction": "Forward", "Index Name": "info_type_pkey", "Relation Name": "info_type", "Alias": "it2", "Startup Cost": 0.0, "Total Cost": 14.21, "Plan Rows": 1, "Plan Width": 4, "Filter": "((info)::text = 'rating'::text)"}, {"Node Type": "Index Scan", "Parent Relationship": "Inner", "Scan Direction": "Forward", "Index Name": "info_type_id_movie_info_idx", "Relation Name": "movie_info_idx", "Alias": "mi_idx", "Startup Cost": 0.0, "Total Cost": 35736.43, "Plan Rows": 12936, "Plan Width": 13, "Index Cond": "(info_type_id = it2.id)", "Filter": "((info)::text > '8.0'::text)"}]}, {"Node Type": "Index Scan", "Parent Relationship": "Inner", "Scan Direction": "Forward", "Index Name": "title_pkey", "Relation Name": "title", "Alias": "t", "Startup Cost": 0.0, "Total Cost": 3.28, "Plan Rows": 1, "Plan Width": 21, "Index Cond": "(id = mi_idx.movie_id)", "Filter": "((production_year >= 2008) AND (production_year <= 2014))"}]}, {"Node Type": "Index Scan", "Parent Relationship": "Inner", "Scan Direction": "Forward", "Index Name": "movie_id_movie_info", "Relation Name": "movie_info", "Alias": "mi", "Startup Cost": 0.0, "Total Cost": 1.41, "Plan Rows": 1, "Plan Width": 50, "Index Cond": "(movie_id = t.id)", "Filter": "((note IS NULL) AND ((info)::text = ANY ('{Horror,Thriller}'::text[])))"}]}, {"Node Type": "Hash", "Parent Relationship": "Inner", "Startup Cost": 14.21, "Total Cost": 14.21, "Plan Rows": 1, "Plan Width": 4, "Plans": [{"Node Type": "Index Scan", "Parent Relationship": "Outer", "Scan Direction": "Forward", "Index Name": "info_type_pkey", "Relation Name": "info_type", "Alias": "it1", "Startup Cost": 0.0, "Total Cost": 14.21, "Plan Rows": 1, "Plan Width": 4, "Filter": "((info)::text = 'genres'::text)"}]}]}, {"Node Type": "Index Scan", "Parent Relationship": "Inner", "Scan Direction": "Forward", "Index Name": "movie_id_cast_info", "Relation Name": "cast_info", "Alias": "ci", "Startup Cost": 0.0, "Total Cost": 2.34, "Plan Rows": 1, "Plan Width": 8, "Index Cond": "(movie_id = t.id)", "Filter": "((note)::text = ANY ('{(writer),\"(head writer)\",\"(written by)\",(story),\"(story editor)\"}'::text[]))"}]}, {"Node Type": "Index Scan", "Parent Relationship": "Inner", "Scan Direction": "Forward", "Index Name": "name_pkey", "Relation Name": "name", "Alias": "n", "Startup Cost": 0.0, "Total Cost": 0.49, "Plan Rows": 1, "Plan Width": 4, "Index Cond": "(id = ci.person_id)", "Filter": "((gender IS NOT NULL) AND ((gender)::text = 'f'::text))"}]}]}, "Unique SQL Id": 661781350, "Planner Runtime": 11}, "explain_analyze_plan": {"Plan": {"Node Type": "Aggregate", "Strategy": "Plain", "Startup Cost": 100763.69, "Total Cost": 100763.7, "Plan Rows": 1, "Plan Width": 160, "Actual Startup Time": 604.468, "Actual Total Time": 604.468, "Actual Rows": 1, "Actual Loops": 1, "Plans": [{"Node Type": "Nested Loop", "Parent Relationship": "Outer", "Join Type": "Inner", "Startup Cost": 14.22, "Total Cost": 100762.05, "Plan Rows": 219, "Plan Width": 64, "Actual Startup Time": 303.382, "Actual Total Time": 604.4, "Actual Rows": 11, "Actual Loops": 1, "Inner Unique": true, "Plans": [{"Node Type": "Nested Loop", "Parent Relationship": "Outer", "Join Type": "Inner", "Startup Cost": 14.22, "Total Cost": 100601.06, "Plan Rows": 321, "Plan Width": 68, "Actual Startup Time": 80.041, "Actual Total Time": 602.006, "Actual Rows": 268, "Actual Loops": 1, "Inner Unique": false, "Plans": [{"Node Type": "Hash Join", "Parent Relationship": "Outer", "Join Type": "Inner", "Startup Cost": 14.22, "Total Cost": 99916.04, "Plan Rows": 291, "Plan Width": 76, "Actual Startup Time": 9.806, "Actual Total Time": 570.019, "Actual Rows": 358, "Actual Loops": 1, "Inner Unique": true, "Hash Cond": "(mi.info_type_id = it1.id)", "Plans": [{"Node Type": "Nested Loop", "Parent Relationship": "Outer", "Join Type": "Inner", "Startup Cost": 0.0, "Total Cost": 99865.39, "Plan Rows": 13753, "Plan Width": 80, "Actual Startup Time": 9.68, "Actual Total Time": 569.493, "Actual Rows": 358, "Actual Loops": 1, "Inner Unique": false, "Plans": [{"Node Type": "Nested Loop", "Parent Relationship": "Outer", "Join Type": "Inner", "Startup Cost": 0.0, "Total Cost": 78493.26, "Plan Rows": 15041, "Plan Width": 30, "Actual Startup Time": 1.809, "Actual Total Time": 419.543, "Actual Rows": 6152, "Actual Loops": 1, "Inner Unique": true, "Plans": [{"Node Type": "Nested Loop", "Parent Relationship": "Outer", "Join Type": "Inner", "Startup Cost": 0.0, "Total Cost": 35880.0, "Plan Rows": 12936, "Plan Width": 9, "Actual Startup Time": 0.113, "Actual Total Time": 332.204, "Actual Rows": 15849, "Actual Loops": 1, "Inner Unique": false, "Plans": [{"Node Type": "Index Scan", "Parent Relationship": "Outer", "Scan Direction": "Forward", "Index Name": "info_type_pkey", "Relation Name": "info_type", "Alias": "it2", "Startup Cost": 0.0, "Total Cost": 14.21, "Plan Rows": 1, "Plan Width": 4, "Actual Startup Time": 0.071, "Actual Total Time": 0.084, "Actual Rows": 1, "Actual Loops": 1, "Filter": "((info)::text = 'rating'::text)", "Rows Removed by Filter": 111}, {"Node Type": "Index Scan", "Parent Relationship": "Inner", "Scan Direction": "Forward", "Index Name": "info_type_id_movie_info_idx", "Relation Name": "movie_info_idx", "Alias": "mi_idx", "Startup Cost": 0.0, "Total Cost": 35736.43, "Plan Rows": 12936, "Plan Width": 13, "Actual Startup Time": 0.039, "Actual Total Time": 328.378, "Actual Rows": 15849, "Actual Loops": 1, "Index Cond": "(info_type_id = it2.id)", "Rows Removed by Index Recheck": 0, "Filter": "((info)::text > '8.0'::text)", "Rows Removed by Filter": 444076}]}, {"Node Type": "Index Scan", "Parent Relationship": "Inner", "Scan Direction": "Forward", "Index Name": "title_pkey", "Relation Name": "title", "Alias": "t", "Startup Cost": 0.0, "Total Cost": 3.28, "Plan Rows": 1, "Plan Width": 21, "Actual Startup Time": 77.358, "Actual Total Time": 77.358, "Actual Rows": 6152, "Actual Loops": 15849, "Index Cond": "(id = mi_idx.movie_id)", "Rows Removed by Index Recheck": 0, "Filter": "((production_year >= 2008) AND (production_year <= 2014))", "Rows Removed by Filter": 9697}]}, {"Node Type": "Index Scan", "Parent Relationship": "Inner", "Scan Direction": "Forward", "Index Name": "movie_id_movie_info", "Relation Name": "movie_info", "Alias": "mi", "Startup Cost": 0.0, "Total Cost": 1.41, "Plan Rows": 1, "Plan Width": 50, "Actual Startup Time": 146.217, "Actual Total Time": 146.54, "Actual Rows": 358, "Actual Loops": 6152, "Index Cond": "(movie_id = t.id)", "Rows Removed by Index Recheck": 0, "Filter": "((note IS NULL) AND ((info)::text = ANY ('{Horror,Thriller}'::text[])))", "Rows Removed by Filter": 109599}]}, {"Node Type": "Hash", "Parent Relationship": "Inner", "Startup Cost": 14.21, "Total Cost": 14.21, "Plan Rows": 1, "Plan Width": 4, "Actual Startup Time": 0.073, "Actual Total Time": 0.073, "Actual Rows": 1, "Actual Loops": 1, "Hash Buckets": 32768, "Hash Batches": 1, "Original Hash Batches": 1, "Peak Memory Usage": 1, "Plans": [{"Node Type": "Index Scan", "Parent Relationship": "Outer", "Scan Direction": "Forward", "Index Name": "info_type_pkey", "Relation Name": "info_type", "Alias": "it1", "Startup Cost": 0.0, "Total Cost": 14.21, "Plan Rows": 1, "Plan Width": 4, "Actual Startup Time": 0.02, "Actual Total Time": 0.066, "Actual Rows": 1, "Actual Loops": 1, "Filter": "((info)::text = 'genres'::text)", "Rows Removed by Filter": 111}]}]}, {"Node Type": "Index Scan", "Parent Relationship": "Inner", "Scan Direction": "Forward", "Index Name": "movie_id_cast_info", "Relation Name": "cast_info", "Alias": "ci", "Startup Cost": 0.0, "Total Cost": 2.34, "Plan Rows": 1, "Plan Width": 8, "Actual Startup Time": 24.771, "Actual Total Time": 31.53, "Actual Rows": 268, "Actual Loops": 358, "Index Cond": "(movie_id = t.id)", "Rows Removed by Index Recheck": 0, "Filter": "((note)::text = ANY ('{(writer),\"(head writer)\",\"(written by)\",(story),\"(story editor)\"}'::text[]))", "Rows Removed by Filter": 12296}]}, {"Node Type": "Index Scan", "Parent Relationship": "Inner", "Scan Direction": "Forward", "Index Name": "name_pkey", "Relation Name": "name", "Alias": "n", "Startup Cost": 0.0, "Total Cost": 0.49, "Plan Rows": 1, "Plan Width": 4, "Actual Startup Time": 2.142, "Actual Total Time": 2.142, "Actual Rows": 11, "Actual Loops": 268, "Index Cond": "(id = ci.person_id)", "Rows Removed by Index Recheck": 0, "Filter": "((gender IS NOT NULL) AND ((gender)::text = 'f'::text))", "Rows Removed by Filter": 257}]}]}, "Triggers": [], "Planner Runtime": 19.692, "Total Runtime": 604.814, "Unique SQL Id": 661781350}}, "(64, '106')": {"explain_plan": {"Plan": {"Node Type": "Aggregate", "Strategy": "Plain", "Startup Cost": 295479.74, "Total Cost": 295479.75, "Plan Rows": 1, "Plan Width": 160, "Plans": [{"Node Type": "Hash Join", "Parent Relationship": "Outer", "Join Type": "Inner", "Startup Cost": 160841.54, "Total Cost": 295477.99, "Plan Rows": 233, "Plan Width": 64, "Inner Unique": true, "Hash Cond": "(mi_idx.info_type_id = it2.id)", "Plans": [{"Node Type": "Hash Join", "Parent Relationship": "Outer", "Join Type": "Inner", "Startup Cost": 160839.12, "Total Cost": 295469.73, "Plan Rows": 934, "Plan Width": 68, "Inner Unique": true, "Hash Cond": "(ci.person_id = n.id)", "Plans": [{"Node Type": "Streaming(type: LOCAL GATHER dop: 1/64)", "Parent Relationship": "Outer", "Startup Cost": 133660.88, "Total Cost": 268277.34, "Plan Rows": 1285, "Plan Width": 72, "Plans": [{"Node Type": "Hash Join", "Parent Relationship": "Outer", "Join Type": "Inner", "Startup Cost": 133660.88, "Total Cost": 268250.83, "Plan Rows": 1285, "Plan Width": 72, "Inner Unique": false, "Hash Cond": "(t.id = ci.movie_id)", "Plans": [{"Node Type": "Streaming(type: BROADCAST dop: 64/1)", "Parent Relationship": "Outer", "Startup Cost": 114435.66, "Total Cost": 248958.59, "Plan Rows": 74368, "Plan Width": 80, "Plans": [{"Node Type": "Hash Join", "Parent Relationship": "Outer", "Join Type": "Inner", "Startup Cost": 114435.66, "Total Cost": 184424.39, "Plan Rows": 1162, "Plan Width": 80, "Inner Unique": true, "Hash Cond": "(mi.movie_id = t.id)", "Plans": [{"Node Type": "Hash Join", "Parent Relationship": "Outer", "Join Type": "Inner", "Startup Cost": 24373.66, "Total Cost": 94347.03, "Plan Rows": 999, "Plan Width": 59, "Inner Unique": false, "Hash Cond": "(mi.movie_id = mi_idx.movie_id)", "Plans": [{"Node Type": "Hash Join", "Parent Relationship": "Outer", "Join Type": "Inner", "Startup Cost": 2.41, "Total Cost": 69890.54, "Plan Rows": 971, "Plan Width": 46, "Inner Unique": true, "Hash Cond": "(mi.info_type_id = it1.id)", "Plans": [{"Node Type": "Streaming(type: LOCAL GATHER dop: 1/64)", "Parent Relationship": "Outer", "Startup Cost": 0.0, "Total Cost": 69623.52, "Plan Rows": 67971, "Plan Width": 50, "Plans": [{"Node Type": "Seq Scan", "Parent Relationship": "Outer", "Relation Name": "movie_info", "Alias": "mi", "Startup Cost": 0.0, "Total Cost": 68221.29, "Plan Rows": 67971, "Plan Width": 50, "Filter": "((note IS NULL) AND ((info)::text = ANY ('{Horror,Thriller}'::text[])))"}]}, {"Node Type": "Hash", "Parent Relationship": "Inner", "Startup Cost": 2.4, "Total Cost": 2.4, "Plan Rows": 1, "Plan Width": 4, "Plans": [{"Node Type": "Seq Scan", "Parent Relationship": "Outer", "Relation Name": "info_type", "Alias": "it1", "Startup Cost": 0.0, "Total Cost": 2.4, "Plan Rows": 1, "Plan Width": 4, "Filter": "((info)::text = 'genres'::text)"}]}]}, {"Node Type": "Hash", "Parent Relationship": "Inner", "Startup Cost": 23724.42, "Total Cost": 23724.42, "Plan Rows": 51746, "Plan Width": 13, "Plans": [{"Node Type": "Seq Scan", "Parent Relationship": "Outer", "Relation Name": "movie_info_idx", "Alias": "mi_idx", "Startup Cost": 0.0, "Total Cost": 23724.42, "Plan Rows": 51746, "Plan Width": 13, "Filter": "((info)::text > '8.0'::text)"}]}]}, {"Node Type": "Hash", "Parent Relationship": "Inner", "Startup Cost": 80280.08, "Total Cost": 80280.08, "Plan Rows": 782553, "Plan Width": 21, "Plans": [{"Node Type": "Streaming(type: LOCAL GATHER dop: 1/64)", "Parent Relationship": "Outer", "Startup Cost": 288.58, "Total Cost": 80280.08, "Plan Rows": 782553, "Plan Width": 21, "Plans": [{"Node Type": "Seq Scan", "Parent Relationship": "Outer", "Relation Name": "title", "Alias": "t", "Startup Cost": 288.58, "Total Cost": 64136.1, "Plan Rows": 782553, "Plan Width": 21, "Filter": "((production_year >= 2008) AND (production_year <= 2014)), (LLVM Optimized)"}]}]}]}]}, {"Node Type": "Hash", "Parent Relationship": "Inner", "Startup Cost": 75945.31, "Total Cost": 75945.31, "Plan Rows": 1223154, "Plan Width": 8, "Plans": [{"Node Type": "Seq Scan", "Parent Relationship": "Outer", "Relation Name": "cast_info", "Alias": "ci", "Startup Cost": 0.0, "Total Cost": 75945.31, "Plan Rows": 1223154, "Plan Width": 8, "Filter": "((note)::text = ANY ('{(writer),\"(head writer)\",\"(written by)\",(story),\"(story editor)\"}'::text[]))"}]}]}]}, {"Node Type": "Hash", "Parent Relationship": "Inner", "Startup Cost": 77496.77, "Total Cost": 77496.77, "Plan Rows": 624324, "Plan Width": 4, "Plans": [{"Node Type": "Streaming(type: LOCAL GATHER dop: 1/64)", "Parent Relationship": "Outer", "Startup Cost": 0.0, "Total Cost": 77496.77, "Plan Rows": 624324, "Plan Width": 4, "Plans": [{"Node Type": "Seq Scan", "Parent Relationship": "Outer", "Relation Name": "name", "Alias": "n", "Startup Cost": 0.0, "Total Cost": 64617.04, "Plan Rows": 624324, "Plan Width": 4, "Filter": "((gender IS NOT NULL) AND ((gender)::text = 'f'::text)), (LLVM Optimized)"}]}]}]}, {"Node Type": "Hash", "Parent Relationship": "Inner", "Startup Cost": 2.4, "Total Cost": 2.4, "Plan Rows": 1, "Plan Width": 4, "Plans": [{"Node Type": "Seq Scan", "Parent Relationship": "Outer", "Relation Name": "info_type", "Alias": "it2", "Startup Cost": 0.0, "Total Cost": 2.4, "Plan Rows": 1, "Plan Width": 4, "Filter": "((info)::text = 'rating'::text)"}]}]}]}, "Unique SQL Id": 661781350, "Planner Runtime": 79}, "explain_analyze_plan": null}, "(64, '107')": {"explain_plan": {"Plan": {"Node Type": "Aggregate", "Strategy": "Plain", "Startup Cost": 7000242584121.54, "Total Cost": 7000242584121.55, "Plan Rows": 1, "Plan Width": 160, "Plans": [{"Node Type": "Hash Join", "Parent Relationship": "Outer", "Join Type": "Inner", "Startup Cost": 5020226198614.13, "Total Cost": 7000242584119.8, "Plan Rows": 233, "Plan Width": 64, "Inner Unique": true, "Hash Cond": "(mi.movie_id = t.id)", "Plans": [{"Node Type": "Hash Join", "Parent Relationship": "Outer", "Join Type": "Inner", "Startup Cost": 4020213912627.8, "Total Cost": 6000230298130.39, "Plan Rows": 200, "Plan Width": 59, "Inner Unique": true, "Hash Cond": "(ci.person_id = n.id)", "Plans": [{"Node Type": "Hash Join", "Parent Relationship": "Outer", "Join Type": "Inner", "Startup Cost": 3020195239676.55, "Total Cost": 5000211625176.1, "Plan Rows": 276, "Plan Width": 63, "Inner Unique": false, "Hash Cond": "(mi.movie_id = ci.movie_id)", "Plans": [{"Node Type": "Hash Join", "Parent Relationship": "Outer", "Join Type": "Inner", "Startup Cost": 2020001913370.16, "Total Cost": 4000018297985.07, "Plan Rows": 250, "Plan Width": 55, "Inner Unique": false, "Hash Cond": "(mi.movie_id = mi_idx.movie_id)", "Plans": [{"Node Type": "Nested Loop", "Parent Relationship": "Outer", "Join Type": "Inner", "Startup Cost": 20000004841.7, "Total Cost": 2000016389426.2, "Plan Rows": 971, "Plan Width": 46, "Inner Unique": false, "Plans": [{"Node Type": "Index Scan", "Parent Relationship": "Outer", "Scan Direction": "Forward", "Index Name": "info_type_pkey", "Relation Name": "info_type", "Alias": "it1", "Startup Cost": 10000000000.0, "Total Cost": 1000000001421.0, "Plan Rows": 1, "Plan Width": 4, "Filter": "((info)::text = 'genres'::text)"}, {"Node Type": "Bitmap Heap Scan", "Parent Relationship": "Inner", "Relation Name": "movie_info", "Alias": "mi", "Startup Cost": 10000004841.7, "Total Cost": 1000016387995.49, "Plan Rows": 971, "Plan Width": 50, "Recheck Cond": "(info_type_id = it1.id)", "Filter": "((note IS NULL) AND ((info)::text = ANY ('{Horror,Thriller}'::text[])))", "Plans": [{"Node Type": "Bitmap Index Scan", "Parent Relationship": "Outer", "Index Name": "info_type_id_movie_info", "Startup Cost": 0.0, "Total Cost": 4841.46, "Plan Rows": 212428, "Plan Width": 0, "Index Cond": "(info_type_id = it1.id)"}]}]}, {"Node Type": "Hash", "Parent Relationship": "Inner", "Startup Cost": 2000001908366.76, "Total Cost": 2000001908366.76, "Plan Rows": 12936, "Plan Width": 9, "Plans": [{"Node Type": "Nested Loop", "Parent Relationship": "Outer", "Join Type": "Inner", "Startup Cost": 20000007419.04, "Total Cost": 2000001908366.76, "Plan Rows": 12936, "Plan Width": 9, "Inner Unique": false, "Plans": [{"Node Type": "Index Scan", "Parent Relationship": "Outer", "Scan Direction": "Forward", "Index Name": "info_type_pkey", "Relation Name": "info_type", "Alias": "it2", "Startup Cost": 10000000000.0, "Total Cost": 1000000001421.0, "Plan Rows": 1, "Plan Width": 4, "Filter": "((info)::text = 'rating'::text)"}, {"Node Type": "Bitmap Heap Scan", "Parent Relationship": "Inner", "Relation Name": "movie_info_idx", "Alias": "mi_idx", "Startup Cost": 10000007419.04, "Total Cost": 1000001906816.4, "Plan Rows": 12936, "Plan Width": 13, "Recheck Cond": "(info_type_id = it2.id)", "Filter": "((info)::text > '8.0'::text)", "Plans": [{"Node Type": "Bitmap Index Scan", "Parent Relationship": "Outer", "Index Name": "info_type_id_movie_info_idx", "Startup Cost": 0.0, "Total Cost": 7415.81, "Plan Rows": 345008, "Plan Width": 0, "Index Cond": "(info_type_id = it2.id)"}]}]}]}]}, {"Node Type": "Hash", "Parent Relationship": "Inner", "Startup Cost": 1000193311016.96, "Total Cost": 1000193311016.96, "Plan Rows": 1223154, "Plan Width": 8, "Plans": [{"Node Type": "Index Scan", "Parent Relationship": "Outer", "Scan Direction": "Forward", "Index Name": "person_id_cast_info", "Relation Name": "cast_info", "Alias": "ci", "Startup Cost": 10000000000.0, "Total Cost": 1000193311016.96, "Plan Rows": 1223154, "Plan Width": 8, "Filter": "((note)::text = ANY ('{(writer),\"(head writer)\",\"(written by)\",(story),\"(story editor)\"}'::text[]))"}]}]}, {"Node Type": "Hash", "Parent Relationship": "Inner", "Startup Cost": 1000018665147.2, "Total Cost": 1000018665147.2, "Plan Rows": 624324, "Plan Width": 4, "Plans": [{"Node Type": "Index Scan", "Parent Relationship": "Outer", "Scan Direction": "Forward", "Index Name": "name_pkey", "Relation Name": "name", "Alias": "n", "Startup Cost": 10000000000.0, "Total Cost": 1000018665147.2, "Plan Rows": 624324, "Plan Width": 4, "Filter": "((gender IS NOT NULL) AND ((gender)::text = 'f'::text)), (LLVM Optimized)"}]}]}, {"Node Type": "Hash", "Parent Relationship": "Inner", "Startup Cost": 1000012276204.41, "Total Cost": 1000012276204.41, "Plan Rows": 782553, "Plan Width": 21, "Plans": [{"Node Type": "Index Scan", "Parent Relationship": "Outer", "Scan Direction": "Forward", "Index Name": "title_pkey", "Relation Name": "title", "Alias": "t", "Startup Cost": 10000000000.0, "Total Cost": 1000012276204.41, "Plan Rows": 782553, "Plan Width": 21, "Filter": "((production_year >= 2008) AND (production_year <= 2014)), (LLVM Optimized)"}]}]}]}, "Unique SQL Id": 661781350, "Planner Runtime": 40}, "explain_analyze_plan": null}, "(64, '108')": {"explain_plan": {"Plan": {"Node Type": "Aggregate", "Strategy": "Plain", "Startup Cost": 72675.72, "Total Cost": 72675.73, "Plan Rows": 1, "Plan Width": 160, "Plans": [{"Node Type": "Nested Loop", "Parent Relationship": "Outer", "Join Type": "Inner", "Startup Cost": 2.41, "Total Cost": 72674.08, "Plan Rows": 219, "Plan Width": 64, "Inner Unique": true, "Plans": [{"Node Type": "Nested Loop", "Parent Relationship": "Outer", "Join Type": "Inner", "Startup Cost": 2.41, "Total Cost": 72513.09, "Plan Rows": 321, "Plan Width": 68, "Inner Unique": false, "Plans": [{"Node Type": "Nested Loop", "Parent Relationship": "Outer", "Join Type": "Inner", "Startup Cost": 2.41, "Total Cost": 71828.06, "Plan Rows": 291, "Plan Width": 76, "Inner Unique": true, "Plans": [{"Node Type": "Nested Loop", "Parent Relationship": "Outer", "Join Type": "Inner", "Startup Cost": 2.41, "Total Cost": 71114.85, "Plan Rows": 250, "Plan Width": 55, "Inner Unique": true, "Plans": [{"Node Type": "Nested Loop", "Parent Relationship": "Outer", "Join Type": "Inner", "Startup Cost": 2.41, "Total Cost": 70832.4, "Plan Rows": 999, "Plan Width": 59, "Inner Unique": false, "Plans": [{"Node Type": "Hash Join", "Parent Relationship": "Outer", "Join Type": "Inner", "Startup Cost": 2.41, "Total Cost": 69890.54, "Plan Rows": 971, "Plan Width": 46, "Inner Unique": true, "Hash Cond": "(mi.info_type_id = it1.id)", "Plans": [{"Node Type": "Streaming(type: LOCAL GATHER dop: 1/64)", "Parent Relationship": "Outer", "Startup Cost": 0.0, "Total Cost": 69623.52, "Plan Rows": 67971, "Plan Width": 50, "Plans": [{"Node Type": "Seq Scan", "Parent Relationship": "Outer", "Relation Name": "movie_info", "Alias": "mi", "Startup Cost": 0.0, "Total Cost": 68221.29, "Plan Rows": 67971, "Plan Width": 50, "Filter": "((note IS NULL) AND ((info)::text = ANY ('{Horror,Thriller}'::text[])))"}]}, {"Node Type": "Hash", "Parent Relationship": "Inner", "Startup Cost": 2.4, "Total Cost": 2.4, "Plan Rows": 1, "Plan Width": 4, "Plans": [{"Node Type": "Seq Scan", "Parent Relationship": "Outer", "Relation Name": "info_type", "Alias": "it1", "Startup Cost": 0.0, "Total Cost": 2.4, "Plan Rows": 1, "Plan Width": 4, "Filter": "((info)::text = 'genres'::text)"}]}]}, {"Node Type": "Index Scan", "Parent Relationship": "Inner", "Scan Direction": "Forward", "Index Name": "movie_id_movie_info_idx", "Relation Name": "movie_info_idx", "Alias": "mi_idx", "Startup Cost": 0.0, "Total Cost": 0.96, "Plan Rows": 1, "Plan Width": 13, "Index Cond": "(movie_id = mi.movie_id)", "Filter": "((info)::text > '8.0'::text)"}]}, {"Node Type": "Index Scan", "Parent Relationship": "Inner", "Scan Direction": "Forward", "Index Name": "info_type_pkey", "Relation Name": "info_type", "Alias": "it2", "Startup Cost": 0.0, "Total Cost": 0.27, "Plan Rows": 1, "Plan Width": 4, "Index Cond": "(id = mi_idx.info_type_id)", "Filter": "((info)::text = 'rating'::text)"}]}, {"Node Type": "Index Scan", "Parent Relationship": "Inner", "Scan Direction": "Forward", "Index Name": "title_pkey", "Relation Name": "title", "Alias": "t", "Startup Cost": 0.0, "Total Cost": 2.84, "Plan Rows": 1, "Plan Width": 21, "Index Cond": "(id = mi.movie_id)", "Filter": "((production_year >= 2008) AND (production_year <= 2014))"}]}, {"Node Type": "Index Scan", "Parent Relationship": "Inner", "Scan Direction": "Forward", "Index Name": "movie_id_cast_info", "Relation Name": "cast_info", "Alias": "ci", "Startup Cost": 0.0, "Total Cost": 2.34, "Plan Rows": 1, "Plan Width": 8, "Index Cond": "(movie_id = t.id)", "Filter": "((note)::text = ANY ('{(writer),\"(head writer)\",\"(written by)\",(story),\"(story editor)\"}'::text[]))"}]}, {"Node Type": "Index Scan", "Parent Relationship": "Inner", "Scan Direction": "Forward", "Index Name": "name_pkey", "Relation Name": "name", "Alias": "n", "Startup Cost": 0.0, "Total Cost": 0.49, "Plan Rows": 1, "Plan Width": 4, "Index Cond": "(id = ci.person_id)", "Filter": "((gender IS NOT NULL) AND ((gender)::text = 'f'::text))"}]}]}, "Unique SQL Id": 661781350, "Planner Runtime": 34}, "explain_analyze_plan": {"Plan": {"Node Type": "Aggregate", "Strategy": "Plain", "Startup Cost": 72675.72, "Total Cost": 72675.73, "Plan Rows": 1, "Plan Width": 160, "Actual Min Startup Time": 645.932, "Actual Max Startup Time": 645.932, "Actual Min Total Time": 645.932, "Actual Max Total Time": 645.932, "Plans": [{"Node Type": "Nested Loop", "Parent Relationship": "Outer", "Join Type": "Inner", "Startup Cost": 2.41, "Total Cost": 72674.08, "Plan Rows": 219, "Plan Width": 64, "Actual Min Startup Time": 255.878, "Actual Max Startup Time": 255.878, "Actual Min Total Time": 645.862, "Actual Max Total Time": 645.862, "Inner Unique": true, "Plans": [{"Node Type": "Nested Loop", "Parent Relationship": "Outer", "Join Type": "Inner", "Startup Cost": 2.41, "Total Cost": 72513.09, "Plan Rows": 321, "Plan Width": 68, "Actual Min Startup Time": 199.897, "Actual Max Startup Time": 199.897, "Actual Min Total Time": 642.891, "Actual Max Total Time": 642.891, "Inner Unique": false, "Plans": [{"Node Type": "Nested Loop", "Parent Relationship": "Outer", "Join Type": "Inner", "Startup Cost": 2.41, "Total Cost": 71828.06, "Plan Rows": 291, "Plan Width": 76, "Actual Min Startup Time": 194.383, "Actual Max Startup Time": 194.383, "Actual Min Total Time": 607.368, "Actual Max Total Time": 607.368, "Inner Unique": true, "Plans": [{"Node Type": "Nested Loop", "Parent Relationship": "Outer", "Join Type": "Inner", "Startup Cost": 2.41, "Total Cost": 71114.85, "Plan Rows": 250, "Plan Width": 55, "Actual Min Startup Time": 191.528, "Actual Max Startup Time": 191.528, "Actual Min Total Time": 600.85, "Actual Max Total Time": 600.85, "Inner Unique": true, "Plans": [{"Node Type": "Nested Loop", "Parent Relationship": "Outer", "Join Type": "Inner", "Startup Cost": 2.41, "Total Cost": 70832.4, "Plan Rows": 999, "Plan Width": 59, "Actual Min Startup Time": 179.181, "Actual Max Startup Time": 179.181, "Actual Min Total Time": 590.043, "Actual Max Total Time": 590.043, "Inner Unique": false, "Plans": [{"Node Type": "Hash Join", "Parent Relationship": "Outer", "Join Type": "Inner", "Startup Cost": 2.41, "Total Cost": 69890.54, "Plan Rows": 971, "Plan Width": 46, "Actual Min Startup Time": 178.979, "Actual Max Startup Time": 178.979, "Actual Min Total Time": 260.807, "Actual Max Total Time": 260.807, "Inner Unique": true, "Hash Cond": "(mi.info_type_id = it1.id)", "Plans": [{"Node Type": "Streaming(type: LOCAL GATHER dop: 1/64)", "Parent Relationship": "Outer", "Startup Cost": 0.0, "Total Cost": 69623.52, "Plan Rows": 67971, "Plan Width": 50, "Actual Min Startup Time": 178.749, "Actual Max Startup Time": 178.749, "Actual Min Total Time": 223.333, "Actual Max Total Time": 223.333, "Plans": [{"Node Type": "Seq Scan", "Parent Relationship": "Outer", "Relation Name": "movie_info", "Alias": "mi", "Startup Cost": 0.0, "Total Cost": 68221.29, "Plan Rows": 67971, "Plan Width": 50, "Actual Min Startup Time": 54.175, "Actual Max Startup Time": 129.557, "Actual Min Total Time": 94.781, "Actual Max Total Time": 138.586, "Filter": "((note IS NULL) AND ((info)::text = ANY ('{Horror,Thriller}'::text[])))", "Rows Removed by Filter": 14762672, "Actual Rows": 73047}], "Actual Rows": 73047}, {"Node Type": "Hash", "Parent Relationship": "Inner", "Startup Cost": 2.4, "Total Cost": 2.4, "Plan Rows": 1, "Plan Width": 4, "Actual Min Startup Time": 0.129, "Actual Max Startup Time": 0.129, "Actual Min Total Time": 0.129, "Actual Max Total Time": 0.129, "Max Hash Buckets": 32768, "Min Hash Buckets": 32768, "Max Hash Batches": 1, "Min Hash Batches": 1, "Max Original Hash Batches": 1, "Min Original Hash Batches": 1, "Max Peak Memory Usage": 1, "min Peak Memory Usage": 1, "Plans": [{"Node Type": "Seq Scan", "Parent Relationship": "Outer", "Relation Name": "info_type", "Alias": "it1", "Startup Cost": 0.0, "Total Cost": 2.4, "Plan Rows": 1, "Plan Width": 4, "Actual Min Startup Time": 0.086, "Actual Max Startup Time": 0.086, "Actual Min Total Time": 0.111, "Actual Max Total Time": 0.111, "Filter": "((info)::text = 'genres'::text)", "Rows Removed by Filter": 111, "Actual Rows": 1}], "Actual Rows": 1}], "Actual Rows": 72258}, {"Node Type": "Index Scan", "Parent Relationship": "Inner", "Scan Direction": "Forward", "Index Name": "movie_id_movie_info_idx", "Relation Name": "movie_info_idx", "Alias": "mi_idx", "Startup Cost": 0.0, "Total Cost": 0.96, "Plan Rows": 1, "Plan Width": 13, "Actual Min Startup Time": 282.41, "Actual Max Startup Time": 282.41, "Actual Min Total Time": 286.056, "Actual Max Total Time": 286.056, "Index Cond": "(movie_id = mi.movie_id)", "Rows Removed by Index Recheck": 0, "Filter": "((info)::text > '8.0'::text)", "Rows Removed by Filter": 113143, "Actual Rows": 4135}], "Actual Rows": 4135}, {"Node Type": "Index Scan", "Parent Relationship": "Inner", "Scan Direction": "Forward", "Index Name": "info_type_pkey", "Relation Name": "info_type", "Alias": "it2", "Startup Cost": 0.0, "Total Cost": 0.27, "Plan Rows": 1, "Plan Width": 4, "Actual Min Startup Time": 8.443, "Actual Max Startup Time": 8.443, "Actual Min Total Time": 8.443, "Actual Max Total Time": 8.443, "Index Cond": "(id = mi_idx.info_type_id)", "Rows Removed by Index Recheck": 0, "Filter": "((info)::text = 'rating'::text)", "Rows Removed by Filter": 3403, "Actual Rows": 732}], "Actual Rows": 732}, {"Node Type": "Index Scan", "Parent Relationship": "Inner", "Scan Direction": "Forward", "Index Name": "title_pkey", "Relation Name": "title", "Alias": "t", "Startup Cost": 0.0, "Total Cost": 2.84, "Plan Rows": 1, "Plan Width": 21, "Actual Min Startup Time": 5.882, "Actual Max Startup Time": 5.882, "Actual Min Total Time": 5.882, "Actual Max Total Time": 5.882, "Index Cond": "(id = mi.movie_id)", "Rows Removed by Index Recheck": 0, "Filter": "((production_year >= 2008) AND (production_year <= 2014))", "Rows Removed by Filter": 374, "Actual Rows": 358}], "Actual Rows": 358}, {"Node Type": "Index Scan", "Parent Relationship": "Inner", "Scan Direction": "Forward", "Index Name": "movie_id_cast_info", "Relation Name": "cast_info", "Alias": "ci", "Startup Cost": 0.0, "Total Cost": 2.34, "Plan Rows": 1, "Plan Width": 8, "Actual Min Startup Time": 27.751, "Actual Max Startup Time": 27.751, "Actual Min Total Time": 35.19, "Actual Max Total Time": 35.19, "Index Cond": "(movie_id = t.id)", "Rows Removed by Index Recheck": 0, "Filter": "((note)::text = ANY ('{(writer),\"(head writer)\",\"(written by)\",(story),\"(story editor)\"}'::text[]))", "Rows Removed by Filter": 12296, "Actual Rows": 268}], "Actual Rows": 268}, {"Node Type": "Index Scan", "Parent Relationship": "Inner", "Scan Direction": "Forward", "Index Name": "name_pkey", "Relation Name": "name", "Alias": "n", "Startup Cost": 0.0, "Total Cost": 0.49, "Plan Rows": 1, "Plan Width": 4, "Actual Min Startup Time": 2.738, "Actual Max Startup Time": 2.738, "Actual Min Total Time": 2.738, "Actual Max Total Time": 2.738, "Index Cond": "(id = ci.person_id)", "Rows Removed by Index Recheck": 0, "Filter": "((gender IS NOT NULL) AND ((gender)::text = 'f'::text))", "Rows Removed by Filter": 257, "Actual Rows": 11}], "Actual Rows": 11}], "Actual Rows": 1}, "Triggers": [], "Planner Runtime": 48.511, "Total Runtime": 658.668, "Unique SQL Id": 661781350}}, "(64, '109')": {"explain_plan": {"Plan": {"Node Type": "Aggregate", "Strategy": "Plain", "Startup Cost": 100763.69, "Total Cost": 100763.7, "Plan Rows": 1, "Plan Width": 160, "Plans": [{"Node Type": "Nested Loop", "Parent Relationship": "Outer", "Join Type": "Inner", "Startup Cost": 14.22, "Total Cost": 100762.05, "Plan Rows": 219, "Plan Width": 64, "Inner Unique": true, "Plans": [{"Node Type": "Nested Loop", "Parent Relationship": "Outer", "Join Type": "Inner", "Startup Cost": 14.22, "Total Cost": 100601.06, "Plan Rows": 321, "Plan Width": 68, "Inner Unique": false, "Plans": [{"Node Type": "Hash Join", "Parent Relationship": "Outer", "Join Type": "Inner", "Startup Cost": 14.22, "Total Cost": 99916.04, "Plan Rows": 291, "Plan Width": 76, "Inner Unique": true, "Hash Cond": "(mi.info_type_id = it1.id)", "Plans": [{"Node Type": "Nested Loop", "Parent Relationship": "Outer", "Join Type": "Inner", "Startup Cost": 0.0, "Total Cost": 99865.39, "Plan Rows": 13753, "Plan Width": 80, "Inner Unique": false, "Plans": [{"Node Type": "Nested Loop", "Parent Relationship": "Outer", "Join Type": "Inner", "Startup Cost": 0.0, "Total Cost": 78493.26, "Plan Rows": 15041, "Plan Width": 30, "Inner Unique": true, "Plans": [{"Node Type": "Nested Loop", "Parent Relationship": "Outer", "Join Type": "Inner", "Startup Cost": 0.0, "Total Cost": 35880.0, "Plan Rows": 12936, "Plan Width": 9, "Inner Unique": false, "Plans": [{"Node Type": "Index Scan", "Parent Relationship": "Outer", "Scan Direction": "Forward", "Index Name": "info_type_pkey", "Relation Name": "info_type", "Alias": "it2", "Startup Cost": 0.0, "Total Cost": 14.21, "Plan Rows": 1, "Plan Width": 4, "Filter": "((info)::text = 'rating'::text)"}, {"Node Type": "Index Scan", "Parent Relationship": "Inner", "Scan Direction": "Forward", "Index Name": "info_type_id_movie_info_idx", "Relation Name": "movie_info_idx", "Alias": "mi_idx", "Startup Cost": 0.0, "Total Cost": 35736.43, "Plan Rows": 12936, "Plan Width": 13, "Index Cond": "(info_type_id = it2.id)", "Filter": "((info)::text > '8.0'::text)"}]}, {"Node Type": "Index Scan", "Parent Relationship": "Inner", "Scan Direction": "Forward", "Index Name": "title_pkey", "Relation Name": "title", "Alias": "t", "Startup Cost": 0.0, "Total Cost": 3.28, "Plan Rows": 1, "Plan Width": 21, "Index Cond": "(id = mi_idx.movie_id)", "Filter": "((production_year >= 2008) AND (production_year <= 2014))"}]}, {"Node Type": "Index Scan", "Parent Relationship": "Inner", "Scan Direction": "Forward", "Index Name": "movie_id_movie_info", "Relation Name": "movie_info", "Alias": "mi", "Startup Cost": 0.0, "Total Cost": 1.41, "Plan Rows": 1, "Plan Width": 50, "Index Cond": "(movie_id = t.id)", "Filter": "((note IS NULL) AND ((info)::text = ANY ('{Horror,Thriller}'::text[])))"}]}, {"Node Type": "Hash", "Parent Relationship": "Inner", "Startup Cost": 14.21, "Total Cost": 14.21, "Plan Rows": 1, "Plan Width": 4, "Plans": [{"Node Type": "Index Scan", "Parent Relationship": "Outer", "Scan Direction": "Forward", "Index Name": "info_type_pkey", "Relation Name": "info_type", "Alias": "it1", "Startup Cost": 0.0, "Total Cost": 14.21, "Plan Rows": 1, "Plan Width": 4, "Filter": "((info)::text = 'genres'::text)"}]}]}, {"Node Type": "Index Scan", "Parent Relationship": "Inner", "Scan Direction": "Forward", "Index Name": "movie_id_cast_info", "Relation Name": "cast_info", "Alias": "ci", "Startup Cost": 0.0, "Total Cost": 2.34, "Plan Rows": 1, "Plan Width": 8, "Index Cond": "(movie_id = t.id)", "Filter": "((note)::text = ANY ('{(writer),\"(head writer)\",\"(written by)\",(story),\"(story editor)\"}'::text[]))"}]}, {"Node Type": "Index Scan", "Parent Relationship": "Inner", "Scan Direction": "Forward", "Index Name": "name_pkey", "Relation Name": "name", "Alias": "n", "Startup Cost": 0.0, "Total Cost": 0.49, "Plan Rows": 1, "Plan Width": 4, "Index Cond": "(id = ci.person_id)", "Filter": "((gender IS NOT NULL) AND ((gender)::text = 'f'::text))"}]}]}, "Unique SQL Id": 661781350, "Planner Runtime": 12}, "explain_analyze_plan": {"Plan": {"Node Type": "Aggregate", "Strategy": "Plain", "Startup Cost": 100763.69, "Total Cost": 100763.7, "Plan Rows": 1, "Plan Width": 160, "Actual Startup Time": 604.468, "Actual Total Time": 604.468, "Actual Rows": 1, "Actual Loops": 1, "Plans": [{"Node Type": "Nested Loop", "Parent Relationship": "Outer", "Join Type": "Inner", "Startup Cost": 14.22, "Total Cost": 100762.05, "Plan Rows": 219, "Plan Width": 64, "Actual Startup Time": 303.382, "Actual Total Time": 604.4, "Actual Rows": 11, "Actual Loops": 1, "Inner Unique": true, "Plans": [{"Node Type": "Nested Loop", "Parent Relationship": "Outer", "Join Type": "Inner", "Startup Cost": 14.22, "Total Cost": 100601.06, "Plan Rows": 321, "Plan Width": 68, "Actual Startup Time": 80.041, "Actual Total Time": 602.006, "Actual Rows": 268, "Actual Loops": 1, "Inner Unique": false, "Plans": [{"Node Type": "Hash Join", "Parent Relationship": "Outer", "Join Type": "Inner", "Startup Cost": 14.22, "Total Cost": 99916.04, "Plan Rows": 291, "Plan Width": 76, "Actual Startup Time": 9.806, "Actual Total Time": 570.019, "Actual Rows": 358, "Actual Loops": 1, "Inner Unique": true, "Hash Cond": "(mi.info_type_id = it1.id)", "Plans": [{"Node Type": "Nested Loop", "Parent Relationship": "Outer", "Join Type": "Inner", "Startup Cost": 0.0, "Total Cost": 99865.39, "Plan Rows": 13753, "Plan Width": 80, "Actual Startup Time": 9.68, "Actual Total Time": 569.493, "Actual Rows": 358, "Actual Loops": 1, "Inner Unique": false, "Plans": [{"Node Type": "Nested Loop", "Parent Relationship": "Outer", "Join Type": "Inner", "Startup Cost": 0.0, "Total Cost": 78493.26, "Plan Rows": 15041, "Plan Width": 30, "Actual Startup Time": 1.809, "Actual Total Time": 419.543, "Actual Rows": 6152, "Actual Loops": 1, "Inner Unique": true, "Plans": [{"Node Type": "Nested Loop", "Parent Relationship": "Outer", "Join Type": "Inner", "Startup Cost": 0.0, "Total Cost": 35880.0, "Plan Rows": 12936, "Plan Width": 9, "Actual Startup Time": 0.113, "Actual Total Time": 332.204, "Actual Rows": 15849, "Actual Loops": 1, "Inner Unique": false, "Plans": [{"Node Type": "Index Scan", "Parent Relationship": "Outer", "Scan Direction": "Forward", "Index Name": "info_type_pkey", "Relation Name": "info_type", "Alias": "it2", "Startup Cost": 0.0, "Total Cost": 14.21, "Plan Rows": 1, "Plan Width": 4, "Actual Startup Time": 0.071, "Actual Total Time": 0.084, "Actual Rows": 1, "Actual Loops": 1, "Filter": "((info)::text = 'rating'::text)", "Rows Removed by Filter": 111}, {"Node Type": "Index Scan", "Parent Relationship": "Inner", "Scan Direction": "Forward", "Index Name": "info_type_id_movie_info_idx", "Relation Name": "movie_info_idx", "Alias": "mi_idx", "Startup Cost": 0.0, "Total Cost": 35736.43, "Plan Rows": 12936, "Plan Width": 13, "Actual Startup Time": 0.039, "Actual Total Time": 328.378, "Actual Rows": 15849, "Actual Loops": 1, "Index Cond": "(info_type_id = it2.id)", "Rows Removed by Index Recheck": 0, "Filter": "((info)::text > '8.0'::text)", "Rows Removed by Filter": 444076}]}, {"Node Type": "Index Scan", "Parent Relationship": "Inner", "Scan Direction": "Forward", "Index Name": "title_pkey", "Relation Name": "title", "Alias": "t", "Startup Cost": 0.0, "Total Cost": 3.28, "Plan Rows": 1, "Plan Width": 21, "Actual Startup Time": 77.358, "Actual Total Time": 77.358, "Actual Rows": 6152, "Actual Loops": 15849, "Index Cond": "(id = mi_idx.movie_id)", "Rows Removed by Index Recheck": 0, "Filter": "((production_year >= 2008) AND (production_year <= 2014))", "Rows Removed by Filter": 9697}]}, {"Node Type": "Index Scan", "Parent Relationship": "Inner", "Scan Direction": "Forward", "Index Name": "movie_id_movie_info", "Relation Name": "movie_info", "Alias": "mi", "Startup Cost": 0.0, "Total Cost": 1.41, "Plan Rows": 1, "Plan Width": 50, "Actual Startup Time": 146.217, "Actual Total Time": 146.54, "Actual Rows": 358, "Actual Loops": 6152, "Index Cond": "(movie_id = t.id)", "Rows Removed by Index Recheck": 0, "Filter": "((note IS NULL) AND ((info)::text = ANY ('{Horror,Thriller}'::text[])))", "Rows Removed by Filter": 109599}]}, {"Node Type": "Hash", "Parent Relationship": "Inner", "Startup Cost": 14.21, "Total Cost": 14.21, "Plan Rows": 1, "Plan Width": 4, "Actual Startup Time": 0.073, "Actual Total Time": 0.073, "Actual Rows": 1, "Actual Loops": 1, "Hash Buckets": 32768, "Hash Batches": 1, "Original Hash Batches": 1, "Peak Memory Usage": 1, "Plans": [{"Node Type": "Index Scan", "Parent Relationship": "Outer", "Scan Direction": "Forward", "Index Name": "info_type_pkey", "Relation Name": "info_type", "Alias": "it1", "Startup Cost": 0.0, "Total Cost": 14.21, "Plan Rows": 1, "Plan Width": 4, "Actual Startup Time": 0.02, "Actual Total Time": 0.066, "Actual Rows": 1, "Actual Loops": 1, "Filter": "((info)::text = 'genres'::text)", "Rows Removed by Filter": 111}]}]}, {"Node Type": "Index Scan", "Parent Relationship": "Inner", "Scan Direction": "Forward", "Index Name": "movie_id_cast_info", "Relation Name": "cast_info", "Alias": "ci", "Startup Cost": 0.0, "Total Cost": 2.34, "Plan Rows": 1, "Plan Width": 8, "Actual Startup Time": 24.771, "Actual Total Time": 31.53, "Actual Rows": 268, "Actual Loops": 358, "Index Cond": "(movie_id = t.id)", "Rows Removed by Index Recheck": 0, "Filter": "((note)::text = ANY ('{(writer),\"(head writer)\",\"(written by)\",(story),\"(story editor)\"}'::text[]))", "Rows Removed by Filter": 12296}]}, {"Node Type": "Index Scan", "Parent Relationship": "Inner", "Scan Direction": "Forward", "Index Name": "name_pkey", "Relation Name": "name", "Alias": "n", "Startup Cost": 0.0, "Total Cost": 0.49, "Plan Rows": 1, "Plan Width": 4, "Actual Startup Time": 2.142, "Actual Total Time": 2.142, "Actual Rows": 11, "Actual Loops": 268, "Index Cond": "(id = ci.person_id)", "Rows Removed by Index Recheck": 0, "Filter": "((gender IS NOT NULL) AND ((gender)::text = 'f'::text))", "Rows Removed by Filter": 257}]}]}, "Triggers": [], "Planner Runtime": 19.692, "Total Runtime": 604.814, "Unique SQL Id": 661781350}}, "(64, '110')": {"explain_plan": {"Plan": {"Node Type": "Aggregate", "Strategy": "Plain", "Startup Cost": 295479.74, "Total Cost": 295479.75, "Plan Rows": 1, "Plan Width": 160, "Plans": [{"Node Type": "Hash Join", "Parent Relationship": "Outer", "Join Type": "Inner", "Startup Cost": 160841.54, "Total Cost": 295477.99, "Plan Rows": 233, "Plan Width": 64, "Inner Unique": true, "Hash Cond": "(mi_idx.info_type_id = it2.id)", "Plans": [{"Node Type": "Hash Join", "Parent Relationship": "Outer", "Join Type": "Inner", "Startup Cost": 160839.12, "Total Cost": 295469.73, "Plan Rows": 934, "Plan Width": 68, "Inner Unique": true, "Hash Cond": "(ci.person_id = n.id)", "Plans": [{"Node Type": "Streaming(type: LOCAL GATHER dop: 1/64)", "Parent Relationship": "Outer", "Startup Cost": 133660.88, "Total Cost": 268277.34, "Plan Rows": 1285, "Plan Width": 72, "Plans": [{"Node Type": "Hash Join", "Parent Relationship": "Outer", "Join Type": "Inner", "Startup Cost": 133660.88, "Total Cost": 268250.83, "Plan Rows": 1285, "Plan Width": 72, "Inner Unique": false, "Hash Cond": "(t.id = ci.movie_id)", "Plans": [{"Node Type": "Streaming(type: BROADCAST dop: 64/1)", "Parent Relationship": "Outer", "Startup Cost": 114435.66, "Total Cost": 248958.59, "Plan Rows": 74368, "Plan Width": 80, "Plans": [{"Node Type": "Hash Join", "Parent Relationship": "Outer", "Join Type": "Inner", "Startup Cost": 114435.66, "Total Cost": 184424.39, "Plan Rows": 1162, "Plan Width": 80, "Inner Unique": true, "Hash Cond": "(mi.movie_id = t.id)", "Plans": [{"Node Type": "Hash Join", "Parent Relationship": "Outer", "Join Type": "Inner", "Startup Cost": 24373.66, "Total Cost": 94347.03, "Plan Rows": 999, "Plan Width": 59, "Inner Unique": false, "Hash Cond": "(mi.movie_id = mi_idx.movie_id)", "Plans": [{"Node Type": "Hash Join", "Parent Relationship": "Outer", "Join Type": "Inner", "Startup Cost": 2.41, "Total Cost": 69890.54, "Plan Rows": 971, "Plan Width": 46, "Inner Unique": true, "Hash Cond": "(mi.info_type_id = it1.id)", "Plans": [{"Node Type": "Streaming(type: LOCAL GATHER dop: 1/64)", "Parent Relationship": "Outer", "Startup Cost": 0.0, "Total Cost": 69623.52, "Plan Rows": 67971, "Plan Width": 50, "Plans": [{"Node Type": "Seq Scan", "Parent Relationship": "Outer", "Relation Name": "movie_info", "Alias": "mi", "Startup Cost": 0.0, "Total Cost": 68221.29, "Plan Rows": 67971, "Plan Width": 50, "Filter": "((note IS NULL) AND ((info)::text = ANY ('{Horror,Thriller}'::text[])))"}]}, {"Node Type": "Hash", "Parent Relationship": "Inner", "Startup Cost": 2.4, "Total Cost": 2.4, "Plan Rows": 1, "Plan Width": 4, "Plans": [{"Node Type": "Seq Scan", "Parent Relationship": "Outer", "Relation Name": "info_type", "Alias": "it1", "Startup Cost": 0.0, "Total Cost": 2.4, "Plan Rows": 1, "Plan Width": 4, "Filter": "((info)::text = 'genres'::text)"}]}]}, {"Node Type": "Hash", "Parent Relationship": "Inner", "Startup Cost": 23724.42, "Total Cost": 23724.42, "Plan Rows": 51746, "Plan Width": 13, "Plans": [{"Node Type": "Seq Scan", "Parent Relationship": "Outer", "Relation Name": "movie_info_idx", "Alias": "mi_idx", "Startup Cost": 0.0, "Total Cost": 23724.42, "Plan Rows": 51746, "Plan Width": 13, "Filter": "((info)::text > '8.0'::text)"}]}]}, {"Node Type": "Hash", "Parent Relationship": "Inner", "Startup Cost": 80280.08, "Total Cost": 80280.08, "Plan Rows": 782553, "Plan Width": 21, "Plans": [{"Node Type": "Streaming(type: LOCAL GATHER dop: 1/64)", "Parent Relationship": "Outer", "Startup Cost": 288.58, "Total Cost": 80280.08, "Plan Rows": 782553, "Plan Width": 21, "Plans": [{"Node Type": "Seq Scan", "Parent Relationship": "Outer", "Relation Name": "title", "Alias": "t", "Startup Cost": 288.58, "Total Cost": 64136.1, "Plan Rows": 782553, "Plan Width": 21, "Filter": "((production_year >= 2008) AND (production_year <= 2014)), (LLVM Optimized)"}]}]}]}]}, {"Node Type": "Hash", "Parent Relationship": "Inner", "Startup Cost": 75945.31, "Total Cost": 75945.31, "Plan Rows": 1223154, "Plan Width": 8, "Plans": [{"Node Type": "Seq Scan", "Parent Relationship": "Outer", "Relation Name": "cast_info", "Alias": "ci", "Startup Cost": 0.0, "Total Cost": 75945.31, "Plan Rows": 1223154, "Plan Width": 8, "Filter": "((note)::text = ANY ('{(writer),\"(head writer)\",\"(written by)\",(story),\"(story editor)\"}'::text[]))"}]}]}]}, {"Node Type": "Hash", "Parent Relationship": "Inner", "Startup Cost": 77496.77, "Total Cost": 77496.77, "Plan Rows": 624324, "Plan Width": 4, "Plans": [{"Node Type": "Streaming(type: LOCAL GATHER dop: 1/64)", "Parent Relationship": "Outer", "Startup Cost": 0.0, "Total Cost": 77496.77, "Plan Rows": 624324, "Plan Width": 4, "Plans": [{"Node Type": "Seq Scan", "Parent Relationship": "Outer", "Relation Name": "name", "Alias": "n", "Startup Cost": 0.0, "Total Cost": 64617.04, "Plan Rows": 624324, "Plan Width": 4, "Filter": "((gender IS NOT NULL) AND ((gender)::text = 'f'::text)), (LLVM Optimized)"}]}]}]}, {"Node Type": "Hash", "Parent Relationship": "Inner", "Startup Cost": 2.4, "Total Cost": 2.4, "Plan Rows": 1, "Plan Width": 4, "Plans": [{"Node Type": "Seq Scan", "Parent Relationship": "Outer", "Relation Name": "info_type", "Alias": "it2", "Startup Cost": 0.0, "Total Cost": 2.4, "Plan Rows": 1, "Plan Width": 4, "Filter": "((info)::text = 'rating'::text)"}]}]}]}, "Unique SQL Id": 661781350, "Planner Runtime": 79}, "explain_analyze_plan": null}, "(64, '111')": {"explain_plan": {"Plan": {"Node Type": "Aggregate", "Strategy": "Plain", "Startup Cost": 7000242584121.54, "Total Cost": 7000242584121.55, "Plan Rows": 1, "Plan Width": 160, "Plans": [{"Node Type": "Hash Join", "Parent Relationship": "Outer", "Join Type": "Inner", "Startup Cost": 5020226198614.13, "Total Cost": 7000242584119.8, "Plan Rows": 233, "Plan Width": 64, "Inner Unique": true, "Hash Cond": "(mi.movie_id = t.id)", "Plans": [{"Node Type": "Hash Join", "Parent Relationship": "Outer", "Join Type": "Inner", "Startup Cost": 4020213912627.8, "Total Cost": 6000230298130.39, "Plan Rows": 200, "Plan Width": 59, "Inner Unique": true, "Hash Cond": "(ci.person_id = n.id)", "Plans": [{"Node Type": "Hash Join", "Parent Relationship": "Outer", "Join Type": "Inner", "Startup Cost": 3020195239676.55, "Total Cost": 5000211625176.1, "Plan Rows": 276, "Plan Width": 63, "Inner Unique": false, "Hash Cond": "(mi.movie_id = ci.movie_id)", "Plans": [{"Node Type": "Hash Join", "Parent Relationship": "Outer", "Join Type": "Inner", "Startup Cost": 2020001913370.16, "Total Cost": 4000018297985.07, "Plan Rows": 250, "Plan Width": 55, "Inner Unique": false, "Hash Cond": "(mi.movie_id = mi_idx.movie_id)", "Plans": [{"Node Type": "Nested Loop", "Parent Relationship": "Outer", "Join Type": "Inner", "Startup Cost": 20000004841.7, "Total Cost": 2000016389426.2, "Plan Rows": 971, "Plan Width": 46, "Inner Unique": false, "Plans": [{"Node Type": "Index Scan", "Parent Relationship": "Outer", "Scan Direction": "Forward", "Index Name": "info_type_pkey", "Relation Name": "info_type", "Alias": "it1", "Startup Cost": 10000000000.0, "Total Cost": 1000000001421.0, "Plan Rows": 1, "Plan Width": 4, "Filter": "((info)::text = 'genres'::text)"}, {"Node Type": "Bitmap Heap Scan", "Parent Relationship": "Inner", "Relation Name": "movie_info", "Alias": "mi", "Startup Cost": 10000004841.7, "Total Cost": 1000016387995.49, "Plan Rows": 971, "Plan Width": 50, "Recheck Cond": "(info_type_id = it1.id)", "Filter": "((note IS NULL) AND ((info)::text = ANY ('{Horror,Thriller}'::text[])))", "Plans": [{"Node Type": "Bitmap Index Scan", "Parent Relationship": "Outer", "Index Name": "info_type_id_movie_info", "Startup Cost": 0.0, "Total Cost": 4841.46, "Plan Rows": 212428, "Plan Width": 0, "Index Cond": "(info_type_id = it1.id)"}]}]}, {"Node Type": "Hash", "Parent Relationship": "Inner", "Startup Cost": 2000001908366.76, "Total Cost": 2000001908366.76, "Plan Rows": 12936, "Plan Width": 9, "Plans": [{"Node Type": "Nested Loop", "Parent Relationship": "Outer", "Join Type": "Inner", "Startup Cost": 20000007419.04, "Total Cost": 2000001908366.76, "Plan Rows": 12936, "Plan Width": 9, "Inner Unique": false, "Plans": [{"Node Type": "Index Scan", "Parent Relationship": "Outer", "Scan Direction": "Forward", "Index Name": "info_type_pkey", "Relation Name": "info_type", "Alias": "it2", "Startup Cost": 10000000000.0, "Total Cost": 1000000001421.0, "Plan Rows": 1, "Plan Width": 4, "Filter": "((info)::text = 'rating'::text)"}, {"Node Type": "Bitmap Heap Scan", "Parent Relationship": "Inner", "Relation Name": "movie_info_idx", "Alias": "mi_idx", "Startup Cost": 10000007419.04, "Total Cost": 1000001906816.4, "Plan Rows": 12936, "Plan Width": 13, "Recheck Cond": "(info_type_id = it2.id)", "Filter": "((info)::text > '8.0'::text)", "Plans": [{"Node Type": "Bitmap Index Scan", "Parent Relationship": "Outer", "Index Name": "info_type_id_movie_info_idx", "Startup Cost": 0.0, "Total Cost": 7415.81, "Plan Rows": 345008, "Plan Width": 0, "Index Cond": "(info_type_id = it2.id)"}]}]}]}]}, {"Node Type": "Hash", "Parent Relationship": "Inner", "Startup Cost": 1000193311016.96, "Total Cost": 1000193311016.96, "Plan Rows": 1223154, "Plan Width": 8, "Plans": [{"Node Type": "Index Scan", "Parent Relationship": "Outer", "Scan Direction": "Forward", "Index Name": "person_id_cast_info", "Relation Name": "cast_info", "Alias": "ci", "Startup Cost": 10000000000.0, "Total Cost": 1000193311016.96, "Plan Rows": 1223154, "Plan Width": 8, "Filter": "((note)::text = ANY ('{(writer),\"(head writer)\",\"(written by)\",(story),\"(story editor)\"}'::text[]))"}]}]}, {"Node Type": "Hash", "Parent Relationship": "Inner", "Startup Cost": 1000018665147.2, "Total Cost": 1000018665147.2, "Plan Rows": 624324, "Plan Width": 4, "Plans": [{"Node Type": "Index Scan", "Parent Relationship": "Outer", "Scan Direction": "Forward", "Index Name": "name_pkey", "Relation Name": "name", "Alias": "n", "Startup Cost": 10000000000.0, "Total Cost": 1000018665147.2, "Plan Rows": 624324, "Plan Width": 4, "Filter": "((gender IS NOT NULL) AND ((gender)::text = 'f'::text)), (LLVM Optimized)"}]}]}, {"Node Type": "Hash", "Parent Relationship": "Inner", "Startup Cost": 1000012276204.41, "Total Cost": 1000012276204.41, "Plan Rows": 782553, "Plan Width": 21, "Plans": [{"Node Type": "Index Scan", "Parent Relationship": "Outer", "Scan Direction": "Forward", "Index Name": "title_pkey", "Relation Name": "title", "Alias": "t", "Startup Cost": 10000000000.0, "Total Cost": 1000012276204.41, "Plan Rows": 782553, "Plan Width": 21, "Filter": "((production_year >= 2008) AND (production_year <= 2014)), (LLVM Optimized)"}]}]}]}, "Unique SQL Id": 661781350, "Planner Runtime": 40}, "explain_analyze_plan": null}, "(64, '112')": {"explain_plan": {"Plan": {"Node Type": "Aggregate", "Strategy": "Plain", "Startup Cost": 72993.18, "Total Cost": 72993.19, "Plan Rows": 1, "Plan Width": 160, "Plans": [{"Node Type": "Nested Loop", "Parent Relationship": "Outer", "Join Type": "Inner", "Startup Cost": 0.0, "Total Cost": 72991.54, "Plan Rows": 219, "Plan Width": 64, "Inner Unique": true, "Plans": [{"Node Type": "Nested Loop", "Parent Relationship": "Outer", "Join Type": "Inner", "Startup Cost": 0.0, "Total Cost": 72830.55, "Plan Rows": 321, "Plan Width": 68, "Inner Unique": false, "Plans": [{"Node Type": "Nested Loop", "Parent Relationship": "Outer", "Join Type": "Inner", "Startup Cost": 0.0, "Total Cost": 72145.52, "Plan Rows": 291, "Plan Width": 76, "Inner Unique": true, "Plans": [{"Node Type": "Nested Loop", "Parent Relationship": "Outer", "Join Type": "Inner", "Startup Cost": 0.0, "Total Cost": 71432.31, "Plan Rows": 250, "Plan Width": 55, "Inner Unique": false, "Join Filter": "(mi_idx.info_type_id = it2.id)", "Plans": [{"Node Type": "Seq Scan", "Parent Relationship": "Outer", "Relation Name": "info_type", "Alias": "it2", "Startup Cost": 0.0, "Total Cost": 2.4, "Plan Rows": 1, "Plan Width": 4, "Filter": "((info)::text = 'rating'::text)"}, {"Node Type": "Nested Loop", "Parent Relationship": "Inner", "Join Type": "Inner", "Startup Cost": 0.0, "Total Cost": 71417.42, "Plan Rows": 999, "Plan Width": 59, "Inner Unique": false, "Plans": [{"Node Type": "Nested Loop", "Parent Relationship": "Outer", "Join Type": "Inner", "Startup Cost": 0.0, "Total Cost": 70475.56, "Plan Rows": 971, "Plan Width": 46, "Inner Unique": false, "Join Filter": "(it1.id = mi.info_type_id)", "Plans": [{"Node Type": "Seq Scan", "Parent Relationship": "Outer", "Relation Name": "info_type", "Alias": "it1", "Startup Cost": 0.0, "Total Cost": 2.4, "Plan Rows": 1, "Plan Width": 4, "Filter": "((info)::text = 'genres'::text)"}, {"Node Type": "Materialize", "Parent Relationship": "Inner", "Startup Cost": 0.0, "Total Cost": 69793.45, "Plan Rows": 67971, "Plan Width": 50, "Plans": [{"Node Type": "Streaming(type: LOCAL GATHER dop: 1/64)", "Parent Relationship": "Outer", "Startup Cost": 0.0, "Total Cost": 69623.52, "Plan Rows": 67971, "Plan Width": 50, "Plans": [{"Node Type": "Seq Scan", "Parent Relationship": "Outer", "Relation Name": "movie_info", "Alias": "mi", "Startup Cost": 0.0, "Total Cost": 68221.29, "Plan Rows": 67971, "Plan Width": 50, "Filter": "((note IS NULL) AND ((info)::text = ANY ('{Horror,Thriller}'::text[])))"}]}]}]}, {"Node Type": "Index Scan", "Parent Relationship": "Inner", "Scan Direction": "Forward", "Index Name": "movie_id_movie_info_idx", "Relation Name": "movie_info_idx", "Alias": "mi_idx", "Startup Cost": 0.0, "Total Cost": 0.96, "Plan Rows": 1, "Plan Width": 13, "Index Cond": "(movie_id = mi.movie_id)", "Filter": "((info)::text > '8.0'::text)"}]}]}, {"Node Type": "Index Scan", "Parent Relationship": "Inner", "Scan Direction": "Forward", "Index Name": "title_pkey", "Relation Name": "title", "Alias": "t", "Startup Cost": 0.0, "Total Cost": 2.84, "Plan Rows": 1, "Plan Width": 21, "Index Cond": "(id = mi.movie_id)", "Filter": "((production_year >= 2008) AND (production_year <= 2014))"}]}, {"Node Type": "Index Scan", "Parent Relationship": "Inner", "Scan Direction": "Forward", "Index Name": "movie_id_cast_info", "Relation Name": "cast_info", "Alias": "ci", "Startup Cost": 0.0, "Total Cost": 2.34, "Plan Rows": 1, "Plan Width": 8, "Index Cond": "(movie_id = t.id)", "Filter": "((note)::text = ANY ('{(writer),\"(head writer)\",\"(written by)\",(story),\"(story editor)\"}'::text[]))"}]}, {"Node Type": "Index Scan", "Parent Relationship": "Inner", "Scan Direction": "Forward", "Index Name": "name_pkey", "Relation Name": "name", "Alias": "n", "Startup Cost": 0.0, "Total Cost": 0.49, "Plan Rows": 1, "Plan Width": 4, "Index Cond": "(id = ci.person_id)", "Filter": "((gender IS NOT NULL) AND ((gender)::text = 'f'::text))"}]}]}, "Unique SQL Id": 661781350, "Planner Runtime": 9}, "explain_analyze_plan": {"Plan": {"Node Type": "Aggregate", "Strategy": "Plain", "Startup Cost": 72993.18, "Total Cost": 72993.19, "Plan Rows": 1, "Plan Width": 160, "Actual Min Startup Time": 744.744, "Actual Max Startup Time": 744.744, "Actual Min Total Time": 744.745, "Actual Max Total Time": 744.745, "Plans": [{"Node Type": "Nested Loop", "Parent Relationship": "Outer", "Join Type": "Inner", "Startup Cost": 0.0, "Total Cost": 72991.54, "Plan Rows": 219, "Plan Width": 64, "Actual Min Startup Time": 360.554, "Actual Max Startup Time": 360.554, "Actual Min Total Time": 744.685, "Actual Max Total Time": 744.685, "Inner Unique": true, "Plans": [{"Node Type": "Nested Loop", "Parent Relationship": "Outer", "Join Type": "Inner", "Startup Cost": 0.0, "Total Cost": 72830.55, "Plan Rows": 321, "Plan Width": 68, "Actual Min Startup Time": 349.305, "Actual Max Startup Time": 349.305, "Actual Min Total Time": 742.187, "Actual Max Total Time": 742.187, "Inner Unique": false, "Plans": [{"Node Type": "Nested Loop", "Parent Relationship": "Outer", "Join Type": "Inner", "Startup Cost": 0.0, "Total Cost": 72145.52, "Plan Rows": 291, "Plan Width": 76, "Actual Min Startup Time": 347.86, "Actual Max Startup Time": 347.86, "Actual Min Total Time": 710.007, "Actual Max Total Time": 710.007, "Inner Unique": true, "Plans": [{"Node Type": "Nested Loop", "Parent Relationship": "Outer", "Join Type": "Inner", "Startup Cost": 0.0, "Total Cost": 71432.31, "Plan Rows": 250, "Plan Width": 55, "Actual Min Startup Time": 347.833, "Actual Max Startup Time": 347.833, "Actual Min Total Time": 704.112, "Actual Max Total Time": 704.112, "Inner Unique": false, "Join Filter": "(mi_idx.info_type_id = it2.id)", "Rows Removed by Join Filter": 3403, "Plans": [{"Node Type": "Seq Scan", "Parent Relationship": "Outer", "Relation Name": "info_type", "Alias": "it2", "Startup Cost": 0.0, "Total Cost": 2.4, "Plan Rows": 1, "Plan Width": 4, "Actual Min Startup Time": 0.096, "Actual Max Startup Time": 0.096, "Actual Min Total Time": 0.108, "Actual Max Total Time": 0.108, "Filter": "((info)::text = 'rating'::text)", "Rows Removed by Filter": 111, "Actual Rows": 1}, {"Node Type": "Nested Loop", "Parent Relationship": "Inner", "Join Type": "Inner", "Startup Cost": 0.0, "Total Cost": 71417.42, "Plan Rows": 999, "Plan Width": 59, "Actual Min Startup Time": 347.719, "Actual Max Startup Time": 347.719, "Actual Min Total Time": 701.609, "Actual Max Total Time": 701.609, "Inner Unique": false, "Plans": [{"Node Type": "Nested Loop", "Parent Relationship": "Outer", "Join Type": "Inner", "Startup Cost": 0.0, "Total Cost": 70475.56, "Plan Rows": 971, "Plan Width": 46, "Actual Min Startup Time": 347.616, "Actual Max Startup Time": 347.616, "Actual Min Total Time": 386.749, "Actual Max Total Time": 386.749, "Inner Unique": false, "Join Filter": "(it1.id = mi.info_type_id)", "Rows Removed by Join Filter": 789, "Plans": [{"Node Type": "Seq Scan", "Parent Relationship": "Outer", "Relation Name": "info_type", "Alias": "it1", "Startup Cost": 0.0, "Total Cost": 2.4, "Plan Rows": 1, "Plan Width": 4, "Actual Min Startup Time": 0.046, "Actual Max Startup Time": 0.046, "Actual Min Total Time": 0.079, "Actual Max Total Time": 0.079, "Filter": "((info)::text = 'genres'::text)", "Rows Removed by Filter": 111, "Actual Rows": 1}, {"Node Type": "Materialize", "Parent Relationship": "Inner", "Startup Cost": 0.0, "Total Cost": 69793.45, "Plan Rows": 67971, "Plan Width": 50, "Actual Min Startup Time": 347.531, "Actual Max Startup Time": 347.531, "Actual Min Total Time": 357.593, "Actual Max Total Time": 357.593, "Plans": [{"Node Type": "Streaming(type: LOCAL GATHER dop: 1/64)", "Parent Relationship": "Outer", "Startup Cost": 0.0, "Total Cost": 69623.52, "Plan Rows": 67971, "Plan Width": 50, "Actual Min Startup Time": 182.821, "Actual Max Startup Time": 182.821, "Actual Min Total Time": 336.355, "Actual Max Total Time": 336.355, "Plans": [{"Node Type": "Seq Scan", "Parent Relationship": "Outer", "Relation Name": "movie_info", "Alias": "mi", "Startup Cost": 0.0, "Total Cost": 68221.29, "Plan Rows": 67971, "Plan Width": 50, "Actual Min Startup Time": 53.746, "Actual Max Startup Time": 120.053, "Actual Min Total Time": 96.673, "Actual Max Total Time": 129.021, "Filter": "((note IS NULL) AND ((info)::text = ANY ('{Horror,Thriller}'::text[])))", "Rows Removed by Filter": 14762672, "Actual Rows": 73047}], "Actual Rows": 73047}], "Actual Rows": 73048}], "Actual Rows": 72258}, {"Node Type": "Index Scan", "Parent Relationship": "Inner", "Scan Direction": "Forward", "Index Name": "movie_id_movie_info_idx", "Relation Name": "movie_info_idx", "Alias": "mi_idx", "Startup Cost": 0.0, "Total Cost": 0.96, "Plan Rows": 1, "Plan Width": 13, "Actual Min Startup Time": 276.39, "Actual Max Startup Time": 276.39, "Actual Min Total Time": 279.918, "Actual Max Total Time": 279.918, "Index Cond": "(movie_id = mi.movie_id)", "Rows Removed by Index Recheck": 0, "Filter": "((info)::text > '8.0'::text)", "Rows Removed by Filter": 113143, "Actual Rows": 4135}], "Actual Rows": 4135}], "Actual Rows": 732}, {"Node Type": "Index Scan", "Parent Relationship": "Inner", "Scan Direction": "Forward", "Index Name": "title_pkey", "Relation Name": "title", "Alias": "t", "Startup Cost": 0.0, "Total Cost": 2.84, "Plan Rows": 1, "Plan Width": 21, "Actual Min Startup Time": 5.3, "Actual Max Startup Time": 5.3, "Actual Min Total Time": 5.3, "Actual Max Total Time": 5.3, "Index Cond": "(id = mi.movie_id)", "Rows Removed by Index Recheck": 0, "Filter": "((production_year >= 2008) AND (production_year <= 2014))", "Rows Removed by Filter": 374, "Actual Rows": 358}], "Actual Rows": 358}, {"Node Type": "Index Scan", "Parent Relationship": "Inner", "Scan Direction": "Forward", "Index Name": "movie_id_cast_info", "Relation Name": "cast_info", "Alias": "ci", "Startup Cost": 0.0, "Total Cost": 2.34, "Plan Rows": 1, "Plan Width": 8, "Actual Min Startup Time": 25.141, "Actual Max Startup Time": 25.141, "Actual Min Total Time": 31.897, "Actual Max Total Time": 31.897, "Index Cond": "(movie_id = t.id)", "Rows Removed by Index Recheck": 0, "Filter": "((note)::text = ANY ('{(writer),\"(head writer)\",\"(written by)\",(story),\"(story editor)\"}'::text[]))", "Rows Removed by Filter": 12296, "Actual Rows": 268}], "Actual Rows": 268}, {"Node Type": "Index Scan", "Parent Relationship": "Inner", "Scan Direction": "Forward", "Index Name": "name_pkey", "Relation Name": "name", "Alias": "n", "Startup Cost": 0.0, "Total Cost": 0.49, "Plan Rows": 1, "Plan Width": 4, "Actual Min Startup Time": 2.298, "Actual Max Startup Time": 2.298, "Actual Min Total Time": 2.298, "Actual Max Total Time": 2.298, "Index Cond": "(id = ci.person_id)", "Rows Removed by Index Recheck": 0, "Filter": "((gender IS NOT NULL) AND ((gender)::text = 'f'::text))", "Rows Removed by Filter": 257, "Actual Rows": 11}], "Actual Rows": 11}], "Actual Rows": 1}, "Triggers": [], "Planner Runtime": 47.81, "Total Runtime": 757.105, "Unique SQL Id": 661781350}}, "(64, '113')": {"explain_plan": {"Plan": {"Node Type": "Aggregate", "Strategy": "Plain", "Startup Cost": 84230.9, "Total Cost": 84230.91, "Plan Rows": 1, "Plan Width": 160, "Plans": [{"Node Type": "Nested Loop", "Parent Relationship": "Outer", "Join Type": "Inner", "Startup Cost": 7419.04, "Total Cost": 84229.26, "Plan Rows": 219, "Plan Width": 64, "Inner Unique": true, "Plans": [{"Node Type": "Nested Loop", "Parent Relationship": "Outer", "Join Type": "Inner", "Startup Cost": 7419.04, "Total Cost": 84068.27, "Plan Rows": 321, "Plan Width": 68, "Inner Unique": false, "Plans": [{"Node Type": "Nested Loop", "Parent Relationship": "Outer", "Join Type": "Inner", "Startup Cost": 7419.04, "Total Cost": 83383.24, "Plan Rows": 291, "Plan Width": 76, "Inner Unique": false, "Join Filter": "(mi.info_type_id = it1.id)", "Plans": [{"Node Type": "Index Scan", "Parent Relationship": "Outer", "Scan Direction": "Forward", "Index Name": "info_type_pkey", "Relation Name": "info_type", "Alias": "it1", "Startup Cost": 0.0, "Total Cost": 14.21, "Plan Rows": 1, "Plan Width": 4, "Filter": "((info)::text = 'genres'::text)"}, {"Node Type": "Nested Loop", "Parent Relationship": "Inner", "Join Type": "Inner", "Startup Cost": 7419.04, "Total Cost": 83197.12, "Plan Rows": 13753, "Plan Width": 80, "Inner Unique": false, "Plans": [{"Node Type": "Nested Loop", "Parent Relationship": "Outer", "Join Type": "Inner", "Startup Cost": 7419.04, "Total Cost": 61824.99, "Plan Rows": 15041, "Plan Width": 30, "Inner Unique": true, "Plans": [{"Node Type": "Nested Loop", "Parent Relationship": "Outer", "Join Type": "Inner", "Startup Cost": 7419.04, "Total Cost": 19211.73, "Plan Rows": 12936, "Plan Width": 9, "Inner Unique": false, "Plans": [{"Node Type": "Index Scan", "Parent Relationship": "Outer", "Scan Direction": "Forward", "Index Name": "info_type_pkey", "Relation Name": "info_type", "Alias": "it2", "Startup Cost": 0.0, "Total Cost": 14.21, "Plan Rows": 1, "Plan Width": 4, "Filter": "((info)::text = 'rating'::text)"}, {"Node Type": "Bitmap Heap Scan", "Parent Relationship": "Inner", "Relation Name": "movie_info_idx", "Alias": "mi_idx", "Startup Cost": 7419.04, "Total Cost": 19068.16, "Plan Rows": 12936, "Plan Width": 13, "Recheck Cond": "(info_type_id = it2.id)", "Filter": "((info)::text > '8.0'::text)", "Plans": [{"Node Type": "Bitmap Index Scan", "Parent Relationship": "Outer", "Index Name": "info_type_id_movie_info_idx", "Startup Cost": 0.0, "Total Cost": 7415.81, "Plan Rows": 345008, "Plan Width": 0, "Index Cond": "(info_type_id = it2.id)"}]}]}, {"Node Type": "Index Scan", "Parent Relationship": "Inner", "Scan Direction": "Forward", "Index Name": "title_pkey", "Relation Name": "title", "Alias": "t", "Startup Cost": 0.0, "Total Cost": 3.28, "Plan Rows": 1, "Plan Width": 21, "Index Cond": "(id = mi_idx.movie_id)", "Filter": "((production_year >= 2008) AND (production_year <= 2014))"}]}, {"Node Type": "Index Scan", "Parent Relationship": "Inner", "Scan Direction": "Forward", "Index Name": "movie_id_movie_info", "Relation Name": "movie_info", "Alias": "mi", "Startup Cost": 0.0, "Total Cost": 1.41, "Plan Rows": 1, "Plan Width": 50, "Index Cond": "(movie_id = t.id)", "Filter": "((note IS NULL) AND ((info)::text = ANY ('{Horror,Thriller}'::text[])))"}]}]}, {"Node Type": "Index Scan", "Parent Relationship": "Inner", "Scan Direction": "Forward", "Index Name": "movie_id_cast_info", "Relation Name": "cast_info", "Alias": "ci", "Startup Cost": 0.0, "Total Cost": 2.34, "Plan Rows": 1, "Plan Width": 8, "Index Cond": "(movie_id = t.id)", "Filter": "((note)::text = ANY ('{(writer),\"(head writer)\",\"(written by)\",(story),\"(story editor)\"}'::text[]))"}]}, {"Node Type": "Index Scan", "Parent Relationship": "Inner", "Scan Direction": "Forward", "Index Name": "name_pkey", "Relation Name": "name", "Alias": "n", "Startup Cost": 0.0, "Total Cost": 0.49, "Plan Rows": 1, "Plan Width": 4, "Index Cond": "(id = ci.person_id)", "Filter": "((gender IS NOT NULL) AND ((gender)::text = 'f'::text))"}]}]}, "Unique SQL Id": 661781350, "Planner Runtime": 7}, "explain_analyze_plan": {"Plan": {"Node Type": "Aggregate", "Strategy": "Plain", "Startup Cost": 84230.9, "Total Cost": 84230.91, "Plan Rows": 1, "Plan Width": 160, "Actual Startup Time": 677.344, "Actual Total Time": 677.345, "Actual Rows": 1, "Actual Loops": 1, "Plans": [{"Node Type": "Nested Loop", "Parent Relationship": "Outer", "Join Type": "Inner", "Startup Cost": 7419.04, "Total Cost": 84229.26, "Plan Rows": 219, "Plan Width": 64, "Actual Startup Time": 358.103, "Actual Total Time": 677.277, "Actual Rows": 11, "Actual Loops": 1, "Inner Unique": true, "Plans": [{"Node Type": "Nested Loop", "Parent Relationship": "Outer", "Join Type": "Inner", "Startup Cost": 7419.04, "Total Cost": 84068.27, "Plan Rows": 321, "Plan Width": 68, "Actual Startup Time": 122.374, "Actual Total Time": 674.358, "Actual Rows": 268, "Actual Loops": 1, "Inner Unique": false, "Plans": [{"Node Type": "Nested Loop", "Parent Relationship": "Outer", "Join Type": "Inner", "Startup Cost": 7419.04, "Total Cost": 83383.24, "Plan Rows": 291, "Plan Width": 76, "Actual Startup Time": 60.014, "Actual Total Time": 639.461, "Actual Rows": 358, "Actual Loops": 1, "Inner Unique": false, "Join Filter": "(mi.info_type_id = it1.id)", "Rows Removed by Join Filter": 0, "Plans": [{"Node Type": "Index Scan", "Parent Relationship": "Outer", "Scan Direction": "Forward", "Index Name": "info_type_pkey", "Relation Name": "info_type", "Alias": "it1", "Startup Cost": 0.0, "Total Cost": 14.21, "Plan Rows": 1, "Plan Width": 4, "Actual Startup Time": 0.023, "Actual Total Time": 0.078, "Actual Rows": 1, "Actual Loops": 1, "Filter": "((info)::text = 'genres'::text)", "Rows Removed by Filter": 111}, {"Node Type": "Nested Loop", "Parent Relationship": "Inner", "Join Type": "Inner", "Startup Cost": 7419.04, "Total Cost": 83197.12, "Plan Rows": 13753, "Plan Width": 80, "Actual Startup Time": 59.983, "Actual Total Time": 639.116, "Actual Rows": 358, "Actual Loops": 1, "Inner Unique": false, "Plans": [{"Node Type": "Nested Loop", "Parent Relationship": "Outer", "Join Type": "Inner", "Startup Cost": 7419.04, "Total Cost": 61824.99, "Plan Rows": 15041, "Plan Width": 30, "Actual Startup Time": 53.217, "Actual Total Time": 450.165, "Actual Rows": 6152, "Actual Loops": 1, "Inner Unique": true, "Plans": [{"Node Type": "Nested Loop", "Parent Relationship": "Outer", "Join Type": "Inner", "Startup Cost": 7419.04, "Total Cost": 19211.73, "Plan Rows": 12936, "Plan Width": 9, "Actual Startup Time": 51.722, "Actual Total Time": 355.277, "Actual Rows": 15849, "Actual Loops": 1, "Inner Unique": false, "Plans": [{"Node Type": "Index Scan", "Parent Relationship": "Outer", "Scan Direction": "Forward", "Index Name": "info_type_pkey", "Relation Name": "info_type", "Alias": "it2", "Startup Cost": 0.0, "Total Cost": 14.21, "Plan Rows": 1, "Plan Width": 4, "Actual Startup Time": 0.05, "Actual Total Time": 0.06, "Actual Rows": 1, "Actual Loops": 1, "Filter": "((info)::text = 'rating'::text)", "Rows Removed by Filter": 111}, {"Node Type": "Bitmap Heap Scan", "Parent Relationship": "Inner", "Relation Name": "movie_info_idx", "Alias": "mi_idx", "Startup Cost": 7419.04, "Total Cost": 19068.16, "Plan Rows": 12936, "Plan Width": 13, "Actual Startup Time": 51.666, "Actual Total Time": 351.606, "Actual Rows": 15849, "Actual Loops": 1, "Recheck Cond": "(info_type_id = it2.id)", "Rows Removed by Index Recheck": 0, "Filter": "((info)::text > '8.0'::text)", "Rows Removed by Filter": 444076, "Exact Heap Blocks": 6472, "Lossy Heap Blocks": 6472, "Plans": [{"Node Type": "Bitmap Index Scan", "Parent Relationship": "Outer", "Index Name": "info_type_id_movie_info_idx", "Startup Cost": 0.0, "Total Cost": 7415.81, "Plan Rows": 345008, "Plan Width": 0, "Actual Startup Time": 50.423, "Actual Total Time": 50.423, "Actual Rows": 459925, "Actual Loops": 1, "Index Cond": "(info_type_id = it2.id)"}]}]}, {"Node Type": "Index Scan", "Parent Relationship": "Inner", "Scan Direction": "Forward", "Index Name": "title_pkey", "Relation Name": "title", "Alias": "t", "Startup Cost": 0.0, "Total Cost": 3.28, "Plan Rows": 1, "Plan Width": 21, "Actual Startup Time": 84.58, "Actual Total Time": 84.58, "Actual Rows": 6152, "Actual Loops": 15849, "Index Cond": "(id = mi_idx.movie_id)", "Rows Removed by Index Recheck": 0, "Filter": "((production_year >= 2008) AND (production_year <= 2014))", "Rows Removed by Filter": 9697}]}, {"Node Type": "Index Scan", "Parent Relationship": "Inner", "Scan Direction": "Forward", "Index Name": "movie_id_movie_info", "Relation Name": "movie_info", "Alias": "mi", "Startup Cost": 0.0, "Total Cost": 1.41, "Plan Rows": 1, "Plan Width": 50, "Actual Startup Time": 185.159, "Actual Total Time": 185.486, "Actual Rows": 358, "Actual Loops": 6152, "Index Cond": "(movie_id = t.id)", "Rows Removed by Index Recheck": 0, "Filter": "((note IS NULL) AND ((info)::text = ANY ('{Horror,Thriller}'::text[])))", "Rows Removed by Filter": 109599}]}]}, {"Node Type": "Index Scan", "Parent Relationship": "Inner", "Scan Direction": "Forward", "Index Name": "movie_id_cast_info", "Relation Name": "cast_info", "Alias": "ci", "Startup Cost": 0.0, "Total Cost": 2.34, "Plan Rows": 1, "Plan Width": 8, "Actual Startup Time": 27.099, "Actual Total Time": 34.483, "Actual Rows": 268, "Actual Loops": 358, "Index Cond": "(movie_id = t.id)", "Rows Removed by Index Recheck": 0, "Filter": "((note)::text = ANY ('{(writer),\"(head writer)\",\"(written by)\",(story),\"(story editor)\"}'::text[]))", "Rows Removed by Filter": 12296}]}, {"Node Type": "Index Scan", "Parent Relationship": "Inner", "Scan Direction": "Forward", "Index Name": "name_pkey", "Relation Name": "name", "Alias": "n", "Startup Cost": 0.0, "Total Cost": 0.49, "Plan Rows": 1, "Plan Width": 4, "Actual Startup Time": 2.683, "Actual Total Time": 2.683, "Actual Rows": 11, "Actual Loops": 268, "Index Cond": "(id = ci.person_id)", "Rows Removed by Index Recheck": 0, "Filter": "((gender IS NOT NULL) AND ((gender)::text = 'f'::text))", "Rows Removed by Filter": 257}]}]}, "Triggers": [], "Planner Runtime": 24.054, "Total Runtime": 677.738, "Unique SQL Id": 661781350}}, "(64, '114')": {"explain_plan": {"Plan": {"Node Type": "Aggregate", "Strategy": "Plain", "Startup Cost": 79040.0, "Total Cost": 79040.01, "Plan Rows": 1, "Plan Width": 160, "Plans": [{"Node Type": "Nested Loop", "Parent Relationship": "Outer", "Join Type": "Inner", "Startup Cost": 2.67, "Total Cost": 79038.35, "Plan Rows": 219, "Plan Width": 64, "Inner Unique": true, "Plans": [{"Node Type": "Nested Loop", "Parent Relationship": "Outer", "Join Type": "Inner", "Startup Cost": 2.36, "Total Cost": 77647.24, "Plan Rows": 321, "Plan Width": 68, "Inner Unique": false, "Plans": [{"Node Type": "Nested Loop", "Parent Relationship": "Outer", "Join Type": "Inner", "Startup Cost": 1.35, "Total Cost": 76154.06, "Plan Rows": 291, "Plan Width": 76, "Inner Unique": true, "Plans": [{"Node Type": "Nested Loop", "Parent Relationship": "Outer", "Join Type": "Inner", "Startup Cost": 0.55, "Total Cost": 74946.61, "Plan Rows": 250, "Plan Width": 55, "Inner Unique": false, "Join Filter": "(mi_idx.info_type_id = it2.id)", "Plans": [{"Node Type": "Seq Scan", "Parent Relationship": "Outer", "Relation Name": "info_type", "Alias": "it2", "Startup Cost": 0.0, "Total Cost": 2.4, "Plan Rows": 1, "Plan Width": 4, "Filter": "((info)::text = 'rating'::text)"}, {"Node Type": "Nested Loop", "Parent Relationship": "Inner", "Join Type": "Inner", "Startup Cost": 0.55, "Total Cost": 74931.73, "Plan Rows": 999, "Plan Width": 59, "Inner Unique": false, "Plans": [{"Node Type": "Nested Loop", "Parent Relationship": "Outer", "Join Type": "Inner", "Startup Cost": 0.0, "Total Cost": 70475.56, "Plan Rows": 971, "Plan Width": 46, "Inner Unique": false, "Join Filter": "(it1.id = mi.info_type_id)", "Plans": [{"Node Type": "Seq Scan", "Parent Relationship": "Outer", "Relation Name": "info_type", "Alias": "it1", "Startup Cost": 0.0, "Total Cost": 2.4, "Plan Rows": 1, "Plan Width": 4, "Filter": "((info)::text = 'genres'::text)"}, {"Node Type": "Materialize", "Parent Relationship": "Inner", "Startup Cost": 0.0, "Total Cost": 69793.45, "Plan Rows": 67971, "Plan Width": 50, "Plans": [{"Node Type": "Streaming(type: LOCAL GATHER dop: 1/64)", "Parent Relationship": "Outer", "Startup Cost": 0.0, "Total Cost": 69623.52, "Plan Rows": 67971, "Plan Width": 50, "Plans": [{"Node Type": "Seq Scan", "Parent Relationship": "Outer", "Relation Name": "movie_info", "Alias": "mi", "Startup Cost": 0.0, "Total Cost": 68221.29, "Plan Rows": 67971, "Plan Width": 50, "Filter": "((note IS NULL) AND ((info)::text = ANY ('{Horror,Thriller}'::text[])))"}]}]}]}, {"Node Type": "Bitmap Heap Scan", "Parent Relationship": "Inner", "Relation Name": "movie_info_idx", "Alias": "mi_idx", "Startup Cost": 0.55, "Total Cost": 4.58, "Plan Rows": 1, "Plan Width": 13, "Recheck Cond": "(movie_id = mi.movie_id)", "Filter": "((info)::text > '8.0'::text)", "Plans": [{"Node Type": "Bitmap Index Scan", "Parent Relationship": "Outer", "Index Name": "movie_id_movie_info_idx", "Startup Cost": 0.0, "Total Cost": 0.55, "Plan Rows": 2, "Plan Width": 0, "Index Cond": "(movie_id = mi.movie_id)"}]}]}]}, {"Node Type": "Bitmap Heap Scan", "Parent Relationship": "Inner", "Relation Name": "title", "Alias": "t", "Startup Cost": 0.8, "Total Cost": 4.82, "Plan Rows": 1, "Plan Width": 21, "Recheck Cond": "(id = mi.movie_id)", "Filter": "((production_year >= 2008) AND (production_year <= 2014))", "Plans": [{"Node Type": "Bitmap Index Scan", "Parent Relationship": "Outer", "Index Name": "title_pkey", "Startup Cost": 0.0, "Total Cost": 0.8, "Plan Rows": 1, "Plan Width": 0, "Index Cond": "(id = mi.movie_id)"}]}]}, {"Node Type": "Bitmap Heap Scan", "Parent Relationship": "Inner", "Relation Name": "cast_info", "Alias": "ci", "Startup Cost": 1.01, "Total Cost": 5.12, "Plan Rows": 1, "Plan Width": 8, "Recheck Cond": "(movie_id = t.id)", "Filter": "((note)::text = ANY ('{(writer),\"(head writer)\",\"(written by)\",(story),\"(story editor)\"}'::text[]))", "Plans": [{"Node Type": "Bitmap Index Scan", "Parent Relationship": "Outer", "Index Name": "movie_id_cast_info", "Startup Cost": 0.0, "Total Cost": 1.01, "Plan Rows": 6, "Plan Width": 0, "Index Cond": "(movie_id = t.id)"}]}]}, {"Node Type": "Bitmap Heap Scan", "Parent Relationship": "Inner", "Relation Name": "name", "Alias": "n", "Startup Cost": 0.31, "Total Cost": 4.32, "Plan Rows": 1, "Plan Width": 4, "Recheck Cond": "(id = ci.person_id)", "Filter": "((gender IS NOT NULL) AND ((gender)::text = 'f'::text))", "Plans": [{"Node Type": "Bitmap Index Scan", "Parent Relationship": "Outer", "Index Name": "name_pkey", "Startup Cost": 0.0, "Total Cost": 0.31, "Plan Rows": 1, "Plan Width": 0, "Index Cond": "(id = ci.person_id)"}]}]}]}, "Unique SQL Id": 661781350, "Planner Runtime": 16}, "explain_analyze_plan": {"Plan": {"Node Type": "Aggregate", "Strategy": "Plain", "Startup Cost": 79040.0, "Total Cost": 79040.01, "Plan Rows": 1, "Plan Width": 160, "Actual Min Startup Time": 812.811, "Actual Max Startup Time": 812.811, "Actual Min Total Time": 812.811, "Actual Max Total Time": 812.811, "Plans": [{"Node Type": "Nested Loop", "Parent Relationship": "Outer", "Join Type": "Inner", "Startup Cost": 2.67, "Total Cost": 79038.35, "Plan Rows": 219, "Plan Width": 64, "Actual Min Startup Time": 388.712, "Actual Max Startup Time": 388.712, "Actual Min Total Time": 812.752, "Actual Max Total Time": 812.752, "Inner Unique": true, "Plans": [{"Node Type": "Nested Loop", "Parent Relationship": "Outer", "Join Type": "Inner", "Startup Cost": 2.36, "Total Cost": 77647.24, "Plan Rows": 321, "Plan Width": 68, "Actual Min Startup Time": 307.647, "Actual Max Startup Time": 307.647, "Actual Min Total Time": 809.564, "Actual Max Total Time": 809.564, "Inner Unique": false, "Plans": [{"Node Type": "Nested Loop", "Parent Relationship": "Outer", "Join Type": "Inner", "Startup Cost": 1.35, "Total Cost": 76154.06, "Plan Rows": 291, "Plan Width": 76, "Actual Min Startup Time": 307.553, "Actual Max Startup Time": 307.553, "Actual Min Total Time": 770.697, "Actual Max Total Time": 770.697, "Inner Unique": true, "Plans": [{"Node Type": "Nested Loop", "Parent Relationship": "Outer", "Join Type": "Inner", "Startup Cost": 0.55, "Total Cost": 74946.61, "Plan Rows": 250, "Plan Width": 55, "Actual Min Startup Time": 307.523, "Actual Max Startup Time": 307.523, "Actual Min Total Time": 762.726, "Actual Max Total Time": 762.726, "Inner Unique": false, "Join Filter": "(mi_idx.info_type_id = it2.id)", "Rows Removed by Join Filter": 3403, "Plans": [{"Node Type": "Seq Scan", "Parent Relationship": "Outer", "Relation Name": "info_type", "Alias": "it2", "Startup Cost": 0.0, "Total Cost": 2.4, "Plan Rows": 1, "Plan Width": 4, "Actual Min Startup Time": 0.098, "Actual Max Startup Time": 0.098, "Actual Min Total Time": 0.118, "Actual Max Total Time": 0.118, "Filter": "((info)::text = 'rating'::text)", "Rows Removed by Filter": 111, "Actual Rows": 1}, {"Node Type": "Nested Loop", "Parent Relationship": "Inner", "Join Type": "Inner", "Startup Cost": 0.55, "Total Cost": 74931.73, "Plan Rows": 999, "Plan Width": 59, "Actual Min Startup Time": 306.981, "Actual Max Startup Time": 306.981, "Actual Min Total Time": 759.629, "Actual Max Total Time": 759.629, "Inner Unique": false, "Plans": [{"Node Type": "Nested Loop", "Parent Relationship": "Outer", "Join Type": "Inner", "Startup Cost": 0.0, "Total Cost": 70475.56, "Plan Rows": 971, "Plan Width": 46, "Actual Min Startup Time": 306.629, "Actual Max Startup Time": 306.629, "Actual Min Total Time": 349.143, "Actual Max Total Time": 349.143, "Inner Unique": false, "Join Filter": "(it1.id = mi.info_type_id)", "Rows Removed by Join Filter": 789, "Plans": [{"Node Type": "Seq Scan", "Parent Relationship": "Outer", "Relation Name": "info_type", "Alias": "it1", "Startup Cost": 0.0, "Total Cost": 2.4, "Plan Rows": 1, "Plan Width": 4, "Actual Min Startup Time": 0.057, "Actual Max Startup Time": 0.057, "Actual Min Total Time": 0.104, "Actual Max Total Time": 0.104, "Filter": "((info)::text = 'genres'::text)", "Rows Removed by Filter": 111, "Actual Rows": 1}, {"Node Type": "Materialize", "Parent Relationship": "Inner", "Startup Cost": 0.0, "Total Cost": 69793.45, "Plan Rows": 67971, "Plan Width": 50, "Actual Min Startup Time": 306.535, "Actual Max Startup Time": 306.535, "Actual Min Total Time": 317.705, "Actual Max Total Time": 317.705, "Plans": [{"Node Type": "Streaming(type: LOCAL GATHER dop: 1/64)", "Parent Relationship": "Outer", "Startup Cost": 0.0, "Total Cost": 69623.52, "Plan Rows": 67971, "Plan Width": 50, "Actual Min Startup Time": 155.585, "Actual Max Startup Time": 155.585, "Actual Min Total Time": 295.065, "Actual Max Total Time": 295.065, "Plans": [{"Node Type": "Seq Scan", "Parent Relationship": "Outer", "Relation Name": "movie_info", "Alias": "mi", "Startup Cost": 0.0, "Total Cost": 68221.29, "Plan Rows": 67971, "Plan Width": 50, "Actual Min Startup Time": 54.273, "Actual Max Startup Time": 100.083, "Actual Min Total Time": 93.948, "Actual Max Total Time": 115.419, "Filter": "((note IS NULL) AND ((info)::text = ANY ('{Horror,Thriller}'::text[])))", "Rows Removed by Filter": 14762672, "Actual Rows": 73047}], "Actual Rows": 73047}], "Actual Rows": 73048}], "Actual Rows": 72258}, {"Node Type": "Bitmap Heap Scan", "Parent Relationship": "Inner", "Relation Name": "movie_info_idx", "Alias": "mi_idx", "Startup Cost": 0.55, "Total Cost": 4.58, "Plan Rows": 1, "Plan Width": 13, "Actual Min Startup Time": 329.234, "Actual Max Startup Time": 329.234, "Actual Min Total Time": 331.022, "Actual Max Total Time": 331.022, "Recheck Cond": "(movie_id = mi.movie_id)", "Rows Removed by Index Recheck": 0, "Filter": "((info)::text > '8.0'::text)", "Rows Removed by Filter": 113143, "Exact Heap Blocks": 39507, "Lossy Heap Blocks": 39507, "Plans": [{"Node Type": "Bitmap Index Scan", "Parent Relationship": "Outer", "Index Name": "movie_id_movie_info_idx", "Startup Cost": 0.0, "Total Cost": 0.55, "Plan Rows": 2, "Plan Width": 0, "Actual Min Startup Time": 192.42, "Actual Max Startup Time": 192.42, "Actual Min Total Time": 192.42, "Actual Max Total Time": 192.42, "Index Cond": "(movie_id = mi.movie_id)", "Actual Rows": 117278}], "Actual Rows": 4135}], "Actual Rows": 4135}], "Actual Rows": 732}, {"Node Type": "Bitmap Heap Scan", "Parent Relationship": "Inner", "Relation Name": "title", "Alias": "t", "Startup Cost": 0.8, "Total Cost": 4.82, "Plan Rows": 1, "Plan Width": 21, "Actual Min Startup Time": 6.373, "Actual Max Startup Time": 6.373, "Actual Min Total Time": 6.373, "Actual Max Total Time": 6.373, "Recheck Cond": "(id = mi.movie_id)", "Rows Removed by Index Recheck": 0, "Filter": "((production_year >= 2008) AND (production_year <= 2014))", "Rows Removed by Filter": 374, "Exact Heap Blocks": 732, "Lossy Heap Blocks": 732, "Plans": [{"Node Type": "Bitmap Index Scan", "Parent Relationship": "Outer", "Index Name": "title_pkey", "Startup Cost": 0.0, "Total Cost": 0.8, "Plan Rows": 1, "Plan Width": 0, "Actual Min Startup Time": 3.652, "Actual Max Startup Time": 3.652, "Actual Min Total Time": 3.652, "Actual Max Total Time": 3.652, "Index Cond": "(id = mi.movie_id)", "Actual Rows": 732}], "Actual Rows": 358}], "Actual Rows": 358}, {"Node Type": "Bitmap Heap Scan", "Parent Relationship": "Inner", "Relation Name": "cast_info", "Alias": "ci", "Startup Cost": 1.01, "Total Cost": 5.12, "Plan Rows": 1, "Plan Width": 8, "Actual Min Startup Time": 30.892, "Actual Max Startup Time": 30.892, "Actual Min Total Time": 38.081, "Actual Max Total Time": 38.081, "Recheck Cond": "(movie_id = t.id)", "Rows Removed by Index Recheck": 0, "Filter": "((note)::text = ANY ('{(writer),\"(head writer)\",\"(written by)\",(story),\"(story editor)\"}'::text[]))", "Rows Removed by Filter": 12296, "Exact Heap Blocks": 11454, "Lossy Heap Blocks": 11454, "Plans": [{"Node Type": "Bitmap Index Scan", "Parent Relationship": "Outer", "Index Name": "movie_id_cast_info", "Startup Cost": 0.0, "Total Cost": 1.01, "Plan Rows": 6, "Plan Width": 0, "Actual Min Startup Time": 5.397, "Actual Max Startup Time": 5.397, "Actual Min Total Time": 5.397, "Actual Max Total Time": 5.397, "Index Cond": "(movie_id = t.id)", "Actual Rows": 12564}], "Actual Rows": 268}], "Actual Rows": 268}, {"Node Type": "Bitmap Heap Scan", "Parent Relationship": "Inner", "Relation Name": "name", "Alias": "n", "Startup Cost": 0.31, "Total Cost": 4.32, "Plan Rows": 1, "Plan Width": 4, "Actual Min Startup Time": 2.722, "Actual Max Startup Time": 2.722, "Actual Min Total Time": 2.722, "Actual Max Total Time": 2.722, "Recheck Cond": "(id = ci.person_id)", "Rows Removed by Index Recheck": 0, "Filter": "((gender IS NOT NULL) AND ((gender)::text = 'f'::text))", "Rows Removed by Filter": 257, "Exact Heap Blocks": 268, "Lossy Heap Blocks": 268, "Plans": [{"Node Type": "Bitmap Index Scan", "Parent Relationship": "Outer", "Index Name": "name_pkey", "Startup Cost": 0.0, "Total Cost": 0.31, "Plan Rows": 1, "Plan Width": 0, "Actual Min Startup Time": 1.726, "Actual Max Startup Time": 1.726, "Actual Min Total Time": 1.726, "Actual Max Total Time": 1.726, "Index Cond": "(id = ci.person_id)", "Actual Rows": 268}], "Actual Rows": 11}], "Actual Rows": 11}], "Actual Rows": 1}, "Triggers": [], "Planner Runtime": 65.639, "Total Runtime": 826.211, "Unique SQL Id": 661781350}}, "(64, '115')": {"explain_plan": {"Plan": {"Node Type": "Aggregate", "Strategy": "Plain", "Startup Cost": 157109.69, "Total Cost": 157109.7, "Plan Rows": 1, "Plan Width": 160, "Plans": [{"Node Type": "Nested Loop", "Parent Relationship": "Outer", "Join Type": "Inner", "Startup Cost": 7439.53, "Total Cost": 157108.05, "Plan Rows": 219, "Plan Width": 64, "Inner Unique": true, "Plans": [{"Node Type": "Nested Loop", "Parent Relationship": "Outer", "Join Type": "Inner", "Startup Cost": 7439.22, "Total Cost": 155716.93, "Plan Rows": 321, "Plan Width": 68, "Inner Unique": false, "Plans": [{"Node Type": "Nested Loop", "Parent Relationship": "Outer", "Join Type": "Inner", "Startup Cost": 7438.22, "Total Cost": 154223.75, "Plan Rows": 291, "Plan Width": 76, "Inner Unique": false, "Join Filter": "(mi.info_type_id = it1.id)", "Plans": [{"Node Type": "Bitmap Heap Scan", "Parent Relationship": "Outer", "Relation Name": "info_type", "Alias": "it1", "Startup Cost": 8.81, "Total Cost": 14.21, "Plan Rows": 1, "Plan Width": 4, "Filter": "((info)::text = 'genres'::text)", "Plans": [{"Node Type": "Bitmap Index Scan", "Parent Relationship": "Outer", "Index Name": "info_type_pkey", "Startup Cost": 0.0, "Total Cost": 8.81, "Plan Rows": 112, "Plan Width": 0}]}, {"Node Type": "Nested Loop", "Parent Relationship": "Inner", "Join Type": "Inner", "Startup Cost": 7429.41, "Total Cost": 154037.63, "Plan Rows": 13753, "Plan Width": 80, "Inner Unique": false, "Plans": [{"Node Type": "Nested Loop", "Parent Relationship": "Outer", "Join Type": "Inner", "Startup Cost": 7428.83, "Total Cost": 83898.37, "Plan Rows": 15041, "Plan Width": 30, "Inner Unique": true, "Plans": [{"Node Type": "Nested Loop", "Parent Relationship": "Outer", "Join Type": "Inner", "Startup Cost": 7427.85, "Total Cost": 19211.73, "Plan Rows": 12936, "Plan Width": 9, "Inner Unique": false, "Plans": [{"Node Type": "Bitmap Heap Scan", "Parent Relationship": "Outer", "Relation Name": "info_type", "Alias": "it2", "Startup Cost": 8.81, "Total Cost": 14.21, "Plan Rows": 1, "Plan Width": 4, "Filter": "((info)::text = 'rating'::text)", "Plans": [{"Node Type": "Bitmap Index Scan", "Parent Relationship": "Outer", "Index Name": "info_type_pkey", "Startup Cost": 0.0, "Total Cost": 8.81, "Plan Rows": 112, "Plan Width": 0}]}, {"Node Type": "Bitmap Heap Scan", "Parent Relationship": "Inner", "Relation Name": "movie_info_idx", "Alias": "mi_idx", "Startup Cost": 7419.04, "Total Cost": 19068.16, "Plan Rows": 12936, "Plan Width": 13, "Recheck Cond": "(info_type_id = it2.id)", "Filter": "((info)::text > '8.0'::text)", "Plans": [{"Node Type": "Bitmap Index Scan", "Parent Relationship": "Outer", "Index Name": "info_type_id_movie_info_idx", "Startup Cost": 0.0, "Total Cost": 7415.81, "Plan Rows": 345008, "Plan Width": 0, "Index Cond": "(info_type_id = it2.id)"}]}]}, {"Node Type": "Bitmap Heap Scan", "Parent Relationship": "Inner", "Relation Name": "title", "Alias": "t", "Startup Cost": 0.97, "Total Cost": 4.99, "Plan Rows": 1, "Plan Width": 21, "Recheck Cond": "(id = mi_idx.movie_id)", "Filter": "((production_year >= 2008) AND (production_year <= 2014))", "Plans": [{"Node Type": "Bitmap Index Scan", "Parent Relationship": "Outer", "Index Name": "title_pkey", "Startup Cost": 0.0, "Total Cost": 0.97, "Plan Rows": 1, "Plan Width": 0, "Index Cond": "(id = mi_idx.movie_id)"}]}]}, {"Node Type": "Bitmap Heap Scan", "Parent Relationship": "Inner", "Relation Name": "movie_info", "Alias": "mi", "Startup Cost": 0.58, "Total Cost": 4.65, "Plan Rows": 1, "Plan Width": 50, "Recheck Cond": "(movie_id = t.id)", "Filter": "((note IS NULL) AND ((info)::text = ANY ('{Horror,Thriller}'::text[])))", "Plans": [{"Node Type": "Bitmap Index Scan", "Parent Relationship": "Outer", "Index Name": "movie_id_movie_info", "Startup Cost": 0.0, "Total Cost": 0.58, "Plan Rows": 5, "Plan Width": 0, "Index Cond": "(movie_id = t.id)"}]}]}]}, {"Node Type": "Bitmap Heap Scan", "Parent Relationship": "Inner", "Relation Name": "cast_info", "Alias": "ci", "Startup Cost": 1.01, "Total Cost": 5.12, "Plan Rows": 1, "Plan Width": 8, "Recheck Cond": "(movie_id = t.id)", "Filter": "((note)::text = ANY ('{(writer),\"(head writer)\",\"(written by)\",(story),\"(story editor)\"}'::text[]))", "Plans": [{"Node Type": "Bitmap Index Scan", "Parent Relationship": "Outer", "Index Name": "movie_id_cast_info", "Startup Cost": 0.0, "Total Cost": 1.01, "Plan Rows": 6, "Plan Width": 0, "Index Cond": "(movie_id = t.id)"}]}]}, {"Node Type": "Bitmap Heap Scan", "Parent Relationship": "Inner", "Relation Name": "name", "Alias": "n", "Startup Cost": 0.31, "Total Cost": 4.32, "Plan Rows": 1, "Plan Width": 4, "Recheck Cond": "(id = ci.person_id)", "Filter": "((gender IS NOT NULL) AND ((gender)::text = 'f'::text))", "Plans": [{"Node Type": "Bitmap Index Scan", "Parent Relationship": "Outer", "Index Name": "name_pkey", "Startup Cost": 0.0, "Total Cost": 0.31, "Plan Rows": 1, "Plan Width": 0, "Index Cond": "(id = ci.person_id)"}]}]}]}, "Unique SQL Id": 661781350, "Planner Runtime": 8}, "explain_analyze_plan": {"Plan": {"Node Type": "Aggregate", "Strategy": "Plain", "Startup Cost": 157109.69, "Total Cost": 157109.7, "Plan Rows": 1, "Plan Width": 160, "Actual Startup Time": 641.712, "Actual Total Time": 641.712, "Actual Rows": 1, "Actual Loops": 1, "Plans": [{"Node Type": "Nested Loop", "Parent Relationship": "Outer", "Join Type": "Inner", "Startup Cost": 7439.53, "Total Cost": 157108.05, "Plan Rows": 219, "Plan Width": 64, "Actual Startup Time": 369.881, "Actual Total Time": 641.653, "Actual Rows": 11, "Actual Loops": 1, "Inner Unique": true, "Plans": [{"Node Type": "Nested Loop", "Parent Relationship": "Outer", "Join Type": "Inner", "Startup Cost": 7439.22, "Total Cost": 155716.93, "Plan Rows": 321, "Plan Width": 68, "Actual Startup Time": 136.404, "Actual Total Time": 638.777, "Actual Rows": 268, "Actual Loops": 1, "Inner Unique": false, "Plans": [{"Node Type": "Nested Loop", "Parent Relationship": "Outer", "Join Type": "Inner", "Startup Cost": 7438.22, "Total Cost": 154223.75, "Plan Rows": 291, "Plan Width": 76, "Actual Startup Time": 62.071, "Actual Total Time": 601.341, "Actual Rows": 358, "Actual Loops": 1, "Inner Unique": false, "Join Filter": "(mi.info_type_id = it1.id)", "Rows Removed by Join Filter": 0, "Plans": [{"Node Type": "Bitmap Heap Scan", "Parent Relationship": "Outer", "Relation Name": "info_type", "Alias": "it1", "Startup Cost": 8.81, "Total Cost": 14.21, "Plan Rows": 1, "Plan Width": 4, "Actual Startup Time": 0.052, "Actual Total Time": 0.088, "Actual Rows": 1, "Actual Loops": 1, "Filter": "((info)::text = 'genres'::text)", "Rows Removed by Filter": 111, "Exact Heap Blocks": 1, "Lossy Heap Blocks": 1, "Plans": [{"Node Type": "Bitmap Index Scan", "Parent Relationship": "Outer", "Index Name": "info_type_pkey", "Startup Cost": 0.0, "Total Cost": 8.81, "Plan Rows": 112, "Plan Width": 0, "Actual Startup Time": 0.012, "Actual Total Time": 0.012, "Actual Rows": 112, "Actual Loops": 1}]}, {"Node Type": "Nested Loop", "Parent Relationship": "Inner", "Join Type": "Inner", "Startup Cost": 7429.41, "Total Cost": 154037.63, "Plan Rows": 13753, "Plan Width": 80, "Actual Startup Time": 62.009, "Actual Total Time": 600.951, "Actual Rows": 358, "Actual Loops": 1, "Inner Unique": false, "Plans": [{"Node Type": "Nested Loop", "Parent Relationship": "Outer", "Join Type": "Inner", "Startup Cost": 7428.83, "Total Cost": 83898.37, "Plan Rows": 15041, "Plan Width": 30, "Actual Startup Time": 54.142, "Actual Total Time": 420.438, "Actual Rows": 6152, "Actual Loops": 1, "Inner Unique": true, "Plans": [{"Node Type": "Nested Loop", "Parent Relationship": "Outer", "Join Type": "Inner", "Startup Cost": 7427.85, "Total Cost": 19211.73, "Plan Rows": 12936, "Plan Width": 9, "Actual Startup Time": 52.371, "Actual Total Time": 307.724, "Actual Rows": 15849, "Actual Loops": 1, "Inner Unique": false, "Plans": [{"Node Type": "Bitmap Heap Scan", "Parent Relationship": "Outer", "Relation Name": "info_type", "Alias": "it2", "Startup Cost": 8.81, "Total Cost": 14.21, "Plan Rows": 1, "Plan Width": 4, "Actual Startup Time": 0.051, "Actual Total Time": 0.06, "Actual Rows": 1, "Actual Loops": 1, "Filter": "((info)::text = 'rating'::text)", "Rows Removed by Filter": 111, "Exact Heap Blocks": 1, "Lossy Heap Blocks": 1, "Plans": [{"Node Type": "Bitmap Index Scan", "Parent Relationship": "Outer", "Index Name": "info_type_pkey", "Startup Cost": 0.0, "Total Cost": 8.81, "Plan Rows": 112, "Plan Width": 0, "Actual Startup Time": 0.008, "Actual Total Time": 0.008, "Actual Rows": 112, "Actual Loops": 1}]}, {"Node Type": "Bitmap Heap Scan", "Parent Relationship": "Inner", "Relation Name": "movie_info_idx", "Alias": "mi_idx", "Startup Cost": 7419.04, "Total Cost": 19068.16, "Plan Rows": 12936, "Plan Width": 13, "Actual Startup Time": 52.315, "Actual Total Time": 303.803, "Actual Rows": 15849, "Actual Loops": 1, "Recheck Cond": "(info_type_id = it2.id)", "Rows Removed by Index Recheck": 0, "Filter": "((info)::text > '8.0'::text)", "Rows Removed by Filter": 444076, "Exact Heap Blocks": 6472, "Lossy Heap Blocks": 6472, "Plans": [{"Node Type": "Bitmap Index Scan", "Parent Relationship": "Outer", "Index Name": "info_type_id_movie_info_idx", "Startup Cost": 0.0, "Total Cost": 7415.81, "Plan Rows": 345008, "Plan Width": 0, "Actual Startup Time": 51.054, "Actual Total Time": 51.054, "Actual Rows": 459925, "Actual Loops": 1, "Index Cond": "(info_type_id = it2.id)"}]}]}, {"Node Type": "Bitmap Heap Scan", "Parent Relationship": "Inner", "Relation Name": "title", "Alias": "t", "Startup Cost": 0.97, "Total Cost": 4.99, "Plan Rows": 1, "Plan Width": 21, "Actual Startup Time": 92.149, "Actual Total Time": 92.149, "Actual Rows": 6152, "Actual Loops": 15849, "Recheck Cond": "(id = mi_idx.movie_id)", "Rows Removed by Index Recheck": 0, "Filter": "((production_year >= 2008) AND (production_year <= 2014))", "Rows Removed by Filter": 9697, "Exact Heap Blocks": 15849, "Lossy Heap Blocks": 15849, "Plans": [{"Node Type": "Bitmap Index Scan", "Parent Relationship": "Outer", "Index Name": "title_pkey", "Startup Cost": 0.0, "Total Cost": 0.97, "Plan Rows": 1, "Plan Width": 0, "Actual Startup Time": 48.576, "Actual Total Time": 48.576, "Actual Rows": 15849, "Actual Loops": 15849, "Index Cond": "(id = mi_idx.movie_id)"}]}]}, {"Node Type": "Bitmap Heap Scan", "Parent Relationship": "Inner", "Relation Name": "movie_info", "Alias": "mi", "Startup Cost": 0.58, "Total Cost": 4.65, "Plan Rows": 1, "Plan Width": 50, "Actual Startup Time": 172.051, "Actual Total Time": 172.214, "Actual Rows": 358, "Actual Loops": 6152, "Recheck Cond": "(movie_id = t.id)", "Rows Removed by Index Recheck": 0, "Filter": "((note IS NULL) AND ((info)::text = ANY ('{Horror,Thriller}'::text[])))", "Rows Removed by Filter": 109599, "Exact Heap Blocks": 52726, "Lossy Heap Blocks": 52726, "Plans": [{"Node Type": "Bitmap Index Scan", "Parent Relationship": "Outer", "Index Name": "movie_id_movie_info", "Startup Cost": 0.0, "Total Cost": 0.58, "Plan Rows": 5, "Plan Width": 0, "Actual Startup Time": 40.994, "Actual Total Time": 40.994, "Actual Rows": 109957, "Actual Loops": 6152, "Index Cond": "(movie_id = t.id)"}]}]}]}, {"Node Type": "Bitmap Heap Scan", "Parent Relationship": "Inner", "Relation Name": "cast_info", "Alias": "ci", "Startup Cost": 1.01, "Total Cost": 5.12, "Plan Rows": 1, "Plan Width": 8, "Actual Startup Time": 29.533, "Actual Total Time": 36.492, "Actual Rows": 268, "Actual Loops": 358, "Recheck Cond": "(movie_id = t.id)", "Rows Removed by Index Recheck": 0, "Filter": "((note)::text = ANY ('{(writer),\"(head writer)\",\"(written by)\",(story),\"(story editor)\"}'::text[]))", "Rows Removed by Filter": 12296, "Exact Heap Blocks": 11454, "Lossy Heap Blocks": 11454, "Plans": [{"Node Type": "Bitmap Index Scan", "Parent Relationship": "Outer", "Index Name": "movie_id_cast_info", "Startup Cost": 0.0, "Total Cost": 1.01, "Plan Rows": 6, "Plan Width": 0, "Actual Startup Time": 5.133, "Actual Total Time": 5.133, "Actual Rows": 12564, "Actual Loops": 358, "Index Cond": "(movie_id = t.id)"}]}]}, {"Node Type": "Bitmap Heap Scan", "Parent Relationship": "Inner", "Relation Name": "name", "Alias": "n", "Startup Cost": 0.31, "Total Cost": 4.32, "Plan Rows": 1, "Plan Width": 4, "Actual Startup Time": 2.348, "Actual Total Time": 2.348, "Actual Rows": 11, "Actual Loops": 268, "Recheck Cond": "(id = ci.person_id)", "Rows Removed by Index Recheck": 0, "Filter": "((gender IS NOT NULL) AND ((gender)::text = 'f'::text))", "Rows Removed by Filter": 257, "Exact Heap Blocks": 268, "Lossy Heap Blocks": 268, "Plans": [{"Node Type": "Bitmap Index Scan", "Parent Relationship": "Outer", "Index Name": "name_pkey", "Startup Cost": 0.0, "Total Cost": 0.31, "Plan Rows": 1, "Plan Width": 0, "Actual Startup Time": 1.397, "Actual Total Time": 1.397, "Actual Rows": 268, "Actual Loops": 268, "Index Cond": "(id = ci.person_id)"}]}]}]}, "Triggers": [], "Planner Runtime": 23.242, "Total Runtime": 642.057, "Unique SQL Id": 661781350}}, "(64, '116')": {"explain_plan": {"Plan": {"Node Type": "Aggregate", "Strategy": "Plain", "Startup Cost": 72993.18, "Total Cost": 72993.19, "Plan Rows": 1, "Plan Width": 160, "Plans": [{"Node Type": "Nested Loop", "Parent Relationship": "Outer", "Join Type": "Inner", "Startup Cost": 0.0, "Total Cost": 72991.54, "Plan Rows": 219, "Plan Width": 64, "Inner Unique": true, "Plans": [{"Node Type": "Nested Loop", "Parent Relationship": "Outer", "Join Type": "Inner", "Startup Cost": 0.0, "Total Cost": 72830.55, "Plan Rows": 321, "Plan Width": 68, "Inner Unique": false, "Plans": [{"Node Type": "Nested Loop", "Parent Relationship": "Outer", "Join Type": "Inner", "Startup Cost": 0.0, "Total Cost": 72145.52, "Plan Rows": 291, "Plan Width": 76, "Inner Unique": true, "Plans": [{"Node Type": "Nested Loop", "Parent Relationship": "Outer", "Join Type": "Inner", "Startup Cost": 0.0, "Total Cost": 71432.31, "Plan Rows": 250, "Plan Width": 55, "Inner Unique": false, "Join Filter": "(mi_idx.info_type_id = it2.id)", "Plans": [{"Node Type": "Seq Scan", "Parent Relationship": "Outer", "Relation Name": "info_type", "Alias": "it2", "Startup Cost": 0.0, "Total Cost": 2.4, "Plan Rows": 1, "Plan Width": 4, "Filter": "((info)::text = 'rating'::text)"}, {"Node Type": "Nested Loop", "Parent Relationship": "Inner", "Join Type": "Inner", "Startup Cost": 0.0, "Total Cost": 71417.42, "Plan Rows": 999, "Plan Width": 59, "Inner Unique": false, "Plans": [{"Node Type": "Nested Loop", "Parent Relationship": "Outer", "Join Type": "Inner", "Startup Cost": 0.0, "Total Cost": 70475.56, "Plan Rows": 971, "Plan Width": 46, "Inner Unique": false, "Join Filter": "(it1.id = mi.info_type_id)", "Plans": [{"Node Type": "Seq Scan", "Parent Relationship": "Outer", "Relation Name": "info_type", "Alias": "it1", "Startup Cost": 0.0, "Total Cost": 2.4, "Plan Rows": 1, "Plan Width": 4, "Filter": "((info)::text = 'genres'::text)"}, {"Node Type": "Materialize", "Parent Relationship": "Inner", "Startup Cost": 0.0, "Total Cost": 69793.45, "Plan Rows": 67971, "Plan Width": 50, "Plans": [{"Node Type": "Streaming(type: LOCAL GATHER dop: 1/64)", "Parent Relationship": "Outer", "Startup Cost": 0.0, "Total Cost": 69623.52, "Plan Rows": 67971, "Plan Width": 50, "Plans": [{"Node Type": "Seq Scan", "Parent Relationship": "Outer", "Relation Name": "movie_info", "Alias": "mi", "Startup Cost": 0.0, "Total Cost": 68221.29, "Plan Rows": 67971, "Plan Width": 50, "Filter": "((note IS NULL) AND ((info)::text = ANY ('{Horror,Thriller}'::text[])))"}]}]}]}, {"Node Type": "Index Scan", "Parent Relationship": "Inner", "Scan Direction": "Forward", "Index Name": "movie_id_movie_info_idx", "Relation Name": "movie_info_idx", "Alias": "mi_idx", "Startup Cost": 0.0, "Total Cost": 0.96, "Plan Rows": 1, "Plan Width": 13, "Index Cond": "(movie_id = mi.movie_id)", "Filter": "((info)::text > '8.0'::text)"}]}]}, {"Node Type": "Index Scan", "Parent Relationship": "Inner", "Scan Direction": "Forward", "Index Name": "title_pkey", "Relation Name": "title", "Alias": "t", "Startup Cost": 0.0, "Total Cost": 2.84, "Plan Rows": 1, "Plan Width": 21, "Index Cond": "(id = mi.movie_id)", "Filter": "((production_year >= 2008) AND (production_year <= 2014))"}]}, {"Node Type": "Index Scan", "Parent Relationship": "Inner", "Scan Direction": "Forward", "Index Name": "movie_id_cast_info", "Relation Name": "cast_info", "Alias": "ci", "Startup Cost": 0.0, "Total Cost": 2.34, "Plan Rows": 1, "Plan Width": 8, "Index Cond": "(movie_id = t.id)", "Filter": "((note)::text = ANY ('{(writer),\"(head writer)\",\"(written by)\",(story),\"(story editor)\"}'::text[]))"}]}, {"Node Type": "Index Scan", "Parent Relationship": "Inner", "Scan Direction": "Forward", "Index Name": "name_pkey", "Relation Name": "name", "Alias": "n", "Startup Cost": 0.0, "Total Cost": 0.49, "Plan Rows": 1, "Plan Width": 4, "Index Cond": "(id = ci.person_id)", "Filter": "((gender IS NOT NULL) AND ((gender)::text = 'f'::text))"}]}]}, "Unique SQL Id": 661781350, "Planner Runtime": 9}, "explain_analyze_plan": {"Plan": {"Node Type": "Aggregate", "Strategy": "Plain", "Startup Cost": 72993.18, "Total Cost": 72993.19, "Plan Rows": 1, "Plan Width": 160, "Actual Min Startup Time": 744.744, "Actual Max Startup Time": 744.744, "Actual Min Total Time": 744.745, "Actual Max Total Time": 744.745, "Plans": [{"Node Type": "Nested Loop", "Parent Relationship": "Outer", "Join Type": "Inner", "Startup Cost": 0.0, "Total Cost": 72991.54, "Plan Rows": 219, "Plan Width": 64, "Actual Min Startup Time": 360.554, "Actual Max Startup Time": 360.554, "Actual Min Total Time": 744.685, "Actual Max Total Time": 744.685, "Inner Unique": true, "Plans": [{"Node Type": "Nested Loop", "Parent Relationship": "Outer", "Join Type": "Inner", "Startup Cost": 0.0, "Total Cost": 72830.55, "Plan Rows": 321, "Plan Width": 68, "Actual Min Startup Time": 349.305, "Actual Max Startup Time": 349.305, "Actual Min Total Time": 742.187, "Actual Max Total Time": 742.187, "Inner Unique": false, "Plans": [{"Node Type": "Nested Loop", "Parent Relationship": "Outer", "Join Type": "Inner", "Startup Cost": 0.0, "Total Cost": 72145.52, "Plan Rows": 291, "Plan Width": 76, "Actual Min Startup Time": 347.86, "Actual Max Startup Time": 347.86, "Actual Min Total Time": 710.007, "Actual Max Total Time": 710.007, "Inner Unique": true, "Plans": [{"Node Type": "Nested Loop", "Parent Relationship": "Outer", "Join Type": "Inner", "Startup Cost": 0.0, "Total Cost": 71432.31, "Plan Rows": 250, "Plan Width": 55, "Actual Min Startup Time": 347.833, "Actual Max Startup Time": 347.833, "Actual Min Total Time": 704.112, "Actual Max Total Time": 704.112, "Inner Unique": false, "Join Filter": "(mi_idx.info_type_id = it2.id)", "Rows Removed by Join Filter": 3403, "Plans": [{"Node Type": "Seq Scan", "Parent Relationship": "Outer", "Relation Name": "info_type", "Alias": "it2", "Startup Cost": 0.0, "Total Cost": 2.4, "Plan Rows": 1, "Plan Width": 4, "Actual Min Startup Time": 0.096, "Actual Max Startup Time": 0.096, "Actual Min Total Time": 0.108, "Actual Max Total Time": 0.108, "Filter": "((info)::text = 'rating'::text)", "Rows Removed by Filter": 111, "Actual Rows": 1}, {"Node Type": "Nested Loop", "Parent Relationship": "Inner", "Join Type": "Inner", "Startup Cost": 0.0, "Total Cost": 71417.42, "Plan Rows": 999, "Plan Width": 59, "Actual Min Startup Time": 347.719, "Actual Max Startup Time": 347.719, "Actual Min Total Time": 701.609, "Actual Max Total Time": 701.609, "Inner Unique": false, "Plans": [{"Node Type": "Nested Loop", "Parent Relationship": "Outer", "Join Type": "Inner", "Startup Cost": 0.0, "Total Cost": 70475.56, "Plan Rows": 971, "Plan Width": 46, "Actual Min Startup Time": 347.616, "Actual Max Startup Time": 347.616, "Actual Min Total Time": 386.749, "Actual Max Total Time": 386.749, "Inner Unique": false, "Join Filter": "(it1.id = mi.info_type_id)", "Rows Removed by Join Filter": 789, "Plans": [{"Node Type": "Seq Scan", "Parent Relationship": "Outer", "Relation Name": "info_type", "Alias": "it1", "Startup Cost": 0.0, "Total Cost": 2.4, "Plan Rows": 1, "Plan Width": 4, "Actual Min Startup Time": 0.046, "Actual Max Startup Time": 0.046, "Actual Min Total Time": 0.079, "Actual Max Total Time": 0.079, "Filter": "((info)::text = 'genres'::text)", "Rows Removed by Filter": 111, "Actual Rows": 1}, {"Node Type": "Materialize", "Parent Relationship": "Inner", "Startup Cost": 0.0, "Total Cost": 69793.45, "Plan Rows": 67971, "Plan Width": 50, "Actual Min Startup Time": 347.531, "Actual Max Startup Time": 347.531, "Actual Min Total Time": 357.593, "Actual Max Total Time": 357.593, "Plans": [{"Node Type": "Streaming(type: LOCAL GATHER dop: 1/64)", "Parent Relationship": "Outer", "Startup Cost": 0.0, "Total Cost": 69623.52, "Plan Rows": 67971, "Plan Width": 50, "Actual Min Startup Time": 182.821, "Actual Max Startup Time": 182.821, "Actual Min Total Time": 336.355, "Actual Max Total Time": 336.355, "Plans": [{"Node Type": "Seq Scan", "Parent Relationship": "Outer", "Relation Name": "movie_info", "Alias": "mi", "Startup Cost": 0.0, "Total Cost": 68221.29, "Plan Rows": 67971, "Plan Width": 50, "Actual Min Startup Time": 53.746, "Actual Max Startup Time": 120.053, "Actual Min Total Time": 96.673, "Actual Max Total Time": 129.021, "Filter": "((note IS NULL) AND ((info)::text = ANY ('{Horror,Thriller}'::text[])))", "Rows Removed by Filter": 14762672, "Actual Rows": 73047}], "Actual Rows": 73047}], "Actual Rows": 73048}], "Actual Rows": 72258}, {"Node Type": "Index Scan", "Parent Relationship": "Inner", "Scan Direction": "Forward", "Index Name": "movie_id_movie_info_idx", "Relation Name": "movie_info_idx", "Alias": "mi_idx", "Startup Cost": 0.0, "Total Cost": 0.96, "Plan Rows": 1, "Plan Width": 13, "Actual Min Startup Time": 276.39, "Actual Max Startup Time": 276.39, "Actual Min Total Time": 279.918, "Actual Max Total Time": 279.918, "Index Cond": "(movie_id = mi.movie_id)", "Rows Removed by Index Recheck": 0, "Filter": "((info)::text > '8.0'::text)", "Rows Removed by Filter": 113143, "Actual Rows": 4135}], "Actual Rows": 4135}], "Actual Rows": 732}, {"Node Type": "Index Scan", "Parent Relationship": "Inner", "Scan Direction": "Forward", "Index Name": "title_pkey", "Relation Name": "title", "Alias": "t", "Startup Cost": 0.0, "Total Cost": 2.84, "Plan Rows": 1, "Plan Width": 21, "Actual Min Startup Time": 5.3, "Actual Max Startup Time": 5.3, "Actual Min Total Time": 5.3, "Actual Max Total Time": 5.3, "Index Cond": "(id = mi.movie_id)", "Rows Removed by Index Recheck": 0, "Filter": "((production_year >= 2008) AND (production_year <= 2014))", "Rows Removed by Filter": 374, "Actual Rows": 358}], "Actual Rows": 358}, {"Node Type": "Index Scan", "Parent Relationship": "Inner", "Scan Direction": "Forward", "Index Name": "movie_id_cast_info", "Relation Name": "cast_info", "Alias": "ci", "Startup Cost": 0.0, "Total Cost": 2.34, "Plan Rows": 1, "Plan Width": 8, "Actual Min Startup Time": 25.141, "Actual Max Startup Time": 25.141, "Actual Min Total Time": 31.897, "Actual Max Total Time": 31.897, "Index Cond": "(movie_id = t.id)", "Rows Removed by Index Recheck": 0, "Filter": "((note)::text = ANY ('{(writer),\"(head writer)\",\"(written by)\",(story),\"(story editor)\"}'::text[]))", "Rows Removed by Filter": 12296, "Actual Rows": 268}], "Actual Rows": 268}, {"Node Type": "Index Scan", "Parent Relationship": "Inner", "Scan Direction": "Forward", "Index Name": "name_pkey", "Relation Name": "name", "Alias": "n", "Startup Cost": 0.0, "Total Cost": 0.49, "Plan Rows": 1, "Plan Width": 4, "Actual Min Startup Time": 2.298, "Actual Max Startup Time": 2.298, "Actual Min Total Time": 2.298, "Actual Max Total Time": 2.298, "Index Cond": "(id = ci.person_id)", "Rows Removed by Index Recheck": 0, "Filter": "((gender IS NOT NULL) AND ((gender)::text = 'f'::text))", "Rows Removed by Filter": 257, "Actual Rows": 11}], "Actual Rows": 11}], "Actual Rows": 1}, "Triggers": [], "Planner Runtime": 47.81, "Total Runtime": 757.105, "Unique SQL Id": 661781350}}, "(64, '117')": {"explain_plan": {"Plan": {"Node Type": "Aggregate", "Strategy": "Plain", "Startup Cost": 84230.9, "Total Cost": 84230.91, "Plan Rows": 1, "Plan Width": 160, "Plans": [{"Node Type": "Nested Loop", "Parent Relationship": "Outer", "Join Type": "Inner", "Startup Cost": 7419.04, "Total Cost": 84229.26, "Plan Rows": 219, "Plan Width": 64, "Inner Unique": true, "Plans": [{"Node Type": "Nested Loop", "Parent Relationship": "Outer", "Join Type": "Inner", "Startup Cost": 7419.04, "Total Cost": 84068.27, "Plan Rows": 321, "Plan Width": 68, "Inner Unique": false, "Plans": [{"Node Type": "Nested Loop", "Parent Relationship": "Outer", "Join Type": "Inner", "Startup Cost": 7419.04, "Total Cost": 83383.24, "Plan Rows": 291, "Plan Width": 76, "Inner Unique": false, "Join Filter": "(mi.info_type_id = it1.id)", "Plans": [{"Node Type": "Index Scan", "Parent Relationship": "Outer", "Scan Direction": "Forward", "Index Name": "info_type_pkey", "Relation Name": "info_type", "Alias": "it1", "Startup Cost": 0.0, "Total Cost": 14.21, "Plan Rows": 1, "Plan Width": 4, "Filter": "((info)::text = 'genres'::text)"}, {"Node Type": "Nested Loop", "Parent Relationship": "Inner", "Join Type": "Inner", "Startup Cost": 7419.04, "Total Cost": 83197.12, "Plan Rows": 13753, "Plan Width": 80, "Inner Unique": false, "Plans": [{"Node Type": "Nested Loop", "Parent Relationship": "Outer", "Join Type": "Inner", "Startup Cost": 7419.04, "Total Cost": 61824.99, "Plan Rows": 15041, "Plan Width": 30, "Inner Unique": true, "Plans": [{"Node Type": "Nested Loop", "Parent Relationship": "Outer", "Join Type": "Inner", "Startup Cost": 7419.04, "Total Cost": 19211.73, "Plan Rows": 12936, "Plan Width": 9, "Inner Unique": false, "Plans": [{"Node Type": "Index Scan", "Parent Relationship": "Outer", "Scan Direction": "Forward", "Index Name": "info_type_pkey", "Relation Name": "info_type", "Alias": "it2", "Startup Cost": 0.0, "Total Cost": 14.21, "Plan Rows": 1, "Plan Width": 4, "Filter": "((info)::text = 'rating'::text)"}, {"Node Type": "Bitmap Heap Scan", "Parent Relationship": "Inner", "Relation Name": "movie_info_idx", "Alias": "mi_idx", "Startup Cost": 7419.04, "Total Cost": 19068.16, "Plan Rows": 12936, "Plan Width": 13, "Recheck Cond": "(info_type_id = it2.id)", "Filter": "((info)::text > '8.0'::text)", "Plans": [{"Node Type": "Bitmap Index Scan", "Parent Relationship": "Outer", "Index Name": "info_type_id_movie_info_idx", "Startup Cost": 0.0, "Total Cost": 7415.81, "Plan Rows": 345008, "Plan Width": 0, "Index Cond": "(info_type_id = it2.id)"}]}]}, {"Node Type": "Index Scan", "Parent Relationship": "Inner", "Scan Direction": "Forward", "Index Name": "title_pkey", "Relation Name": "title", "Alias": "t", "Startup Cost": 0.0, "Total Cost": 3.28, "Plan Rows": 1, "Plan Width": 21, "Index Cond": "(id = mi_idx.movie_id)", "Filter": "((production_year >= 2008) AND (production_year <= 2014))"}]}, {"Node Type": "Index Scan", "Parent Relationship": "Inner", "Scan Direction": "Forward", "Index Name": "movie_id_movie_info", "Relation Name": "movie_info", "Alias": "mi", "Startup Cost": 0.0, "Total Cost": 1.41, "Plan Rows": 1, "Plan Width": 50, "Index Cond": "(movie_id = t.id)", "Filter": "((note IS NULL) AND ((info)::text = ANY ('{Horror,Thriller}'::text[])))"}]}]}, {"Node Type": "Index Scan", "Parent Relationship": "Inner", "Scan Direction": "Forward", "Index Name": "movie_id_cast_info", "Relation Name": "cast_info", "Alias": "ci", "Startup Cost": 0.0, "Total Cost": 2.34, "Plan Rows": 1, "Plan Width": 8, "Index Cond": "(movie_id = t.id)", "Filter": "((note)::text = ANY ('{(writer),\"(head writer)\",\"(written by)\",(story),\"(story editor)\"}'::text[]))"}]}, {"Node Type": "Index Scan", "Parent Relationship": "Inner", "Scan Direction": "Forward", "Index Name": "name_pkey", "Relation Name": "name", "Alias": "n", "Startup Cost": 0.0, "Total Cost": 0.49, "Plan Rows": 1, "Plan Width": 4, "Index Cond": "(id = ci.person_id)", "Filter": "((gender IS NOT NULL) AND ((gender)::text = 'f'::text))"}]}]}, "Unique SQL Id": 661781350, "Planner Runtime": 7}, "explain_analyze_plan": {"Plan": {"Node Type": "Aggregate", "Strategy": "Plain", "Startup Cost": 84230.9, "Total Cost": 84230.91, "Plan Rows": 1, "Plan Width": 160, "Actual Startup Time": 677.344, "Actual Total Time": 677.345, "Actual Rows": 1, "Actual Loops": 1, "Plans": [{"Node Type": "Nested Loop", "Parent Relationship": "Outer", "Join Type": "Inner", "Startup Cost": 7419.04, "Total Cost": 84229.26, "Plan Rows": 219, "Plan Width": 64, "Actual Startup Time": 358.103, "Actual Total Time": 677.277, "Actual Rows": 11, "Actual Loops": 1, "Inner Unique": true, "Plans": [{"Node Type": "Nested Loop", "Parent Relationship": "Outer", "Join Type": "Inner", "Startup Cost": 7419.04, "Total Cost": 84068.27, "Plan Rows": 321, "Plan Width": 68, "Actual Startup Time": 122.374, "Actual Total Time": 674.358, "Actual Rows": 268, "Actual Loops": 1, "Inner Unique": false, "Plans": [{"Node Type": "Nested Loop", "Parent Relationship": "Outer", "Join Type": "Inner", "Startup Cost": 7419.04, "Total Cost": 83383.24, "Plan Rows": 291, "Plan Width": 76, "Actual Startup Time": 60.014, "Actual Total Time": 639.461, "Actual Rows": 358, "Actual Loops": 1, "Inner Unique": false, "Join Filter": "(mi.info_type_id = it1.id)", "Rows Removed by Join Filter": 0, "Plans": [{"Node Type": "Index Scan", "Parent Relationship": "Outer", "Scan Direction": "Forward", "Index Name": "info_type_pkey", "Relation Name": "info_type", "Alias": "it1", "Startup Cost": 0.0, "Total Cost": 14.21, "Plan Rows": 1, "Plan Width": 4, "Actual Startup Time": 0.023, "Actual Total Time": 0.078, "Actual Rows": 1, "Actual Loops": 1, "Filter": "((info)::text = 'genres'::text)", "Rows Removed by Filter": 111}, {"Node Type": "Nested Loop", "Parent Relationship": "Inner", "Join Type": "Inner", "Startup Cost": 7419.04, "Total Cost": 83197.12, "Plan Rows": 13753, "Plan Width": 80, "Actual Startup Time": 59.983, "Actual Total Time": 639.116, "Actual Rows": 358, "Actual Loops": 1, "Inner Unique": false, "Plans": [{"Node Type": "Nested Loop", "Parent Relationship": "Outer", "Join Type": "Inner", "Startup Cost": 7419.04, "Total Cost": 61824.99, "Plan Rows": 15041, "Plan Width": 30, "Actual Startup Time": 53.217, "Actual Total Time": 450.165, "Actual Rows": 6152, "Actual Loops": 1, "Inner Unique": true, "Plans": [{"Node Type": "Nested Loop", "Parent Relationship": "Outer", "Join Type": "Inner", "Startup Cost": 7419.04, "Total Cost": 19211.73, "Plan Rows": 12936, "Plan Width": 9, "Actual Startup Time": 51.722, "Actual Total Time": 355.277, "Actual Rows": 15849, "Actual Loops": 1, "Inner Unique": false, "Plans": [{"Node Type": "Index Scan", "Parent Relationship": "Outer", "Scan Direction": "Forward", "Index Name": "info_type_pkey", "Relation Name": "info_type", "Alias": "it2", "Startup Cost": 0.0, "Total Cost": 14.21, "Plan Rows": 1, "Plan Width": 4, "Actual Startup Time": 0.05, "Actual Total Time": 0.06, "Actual Rows": 1, "Actual Loops": 1, "Filter": "((info)::text = 'rating'::text)", "Rows Removed by Filter": 111}, {"Node Type": "Bitmap Heap Scan", "Parent Relationship": "Inner", "Relation Name": "movie_info_idx", "Alias": "mi_idx", "Startup Cost": 7419.04, "Total Cost": 19068.16, "Plan Rows": 12936, "Plan Width": 13, "Actual Startup Time": 51.666, "Actual Total Time": 351.606, "Actual Rows": 15849, "Actual Loops": 1, "Recheck Cond": "(info_type_id = it2.id)", "Rows Removed by Index Recheck": 0, "Filter": "((info)::text > '8.0'::text)", "Rows Removed by Filter": 444076, "Exact Heap Blocks": 6472, "Lossy Heap Blocks": 6472, "Plans": [{"Node Type": "Bitmap Index Scan", "Parent Relationship": "Outer", "Index Name": "info_type_id_movie_info_idx", "Startup Cost": 0.0, "Total Cost": 7415.81, "Plan Rows": 345008, "Plan Width": 0, "Actual Startup Time": 50.423, "Actual Total Time": 50.423, "Actual Rows": 459925, "Actual Loops": 1, "Index Cond": "(info_type_id = it2.id)"}]}]}, {"Node Type": "Index Scan", "Parent Relationship": "Inner", "Scan Direction": "Forward", "Index Name": "title_pkey", "Relation Name": "title", "Alias": "t", "Startup Cost": 0.0, "Total Cost": 3.28, "Plan Rows": 1, "Plan Width": 21, "Actual Startup Time": 84.58, "Actual Total Time": 84.58, "Actual Rows": 6152, "Actual Loops": 15849, "Index Cond": "(id = mi_idx.movie_id)", "Rows Removed by Index Recheck": 0, "Filter": "((production_year >= 2008) AND (production_year <= 2014))", "Rows Removed by Filter": 9697}]}, {"Node Type": "Index Scan", "Parent Relationship": "Inner", "Scan Direction": "Forward", "Index Name": "movie_id_movie_info", "Relation Name": "movie_info", "Alias": "mi", "Startup Cost": 0.0, "Total Cost": 1.41, "Plan Rows": 1, "Plan Width": 50, "Actual Startup Time": 185.159, "Actual Total Time": 185.486, "Actual Rows": 358, "Actual Loops": 6152, "Index Cond": "(movie_id = t.id)", "Rows Removed by Index Recheck": 0, "Filter": "((note IS NULL) AND ((info)::text = ANY ('{Horror,Thriller}'::text[])))", "Rows Removed by Filter": 109599}]}]}, {"Node Type": "Index Scan", "Parent Relationship": "Inner", "Scan Direction": "Forward", "Index Name": "movie_id_cast_info", "Relation Name": "cast_info", "Alias": "ci", "Startup Cost": 0.0, "Total Cost": 2.34, "Plan Rows": 1, "Plan Width": 8, "Actual Startup Time": 27.099, "Actual Total Time": 34.483, "Actual Rows": 268, "Actual Loops": 358, "Index Cond": "(movie_id = t.id)", "Rows Removed by Index Recheck": 0, "Filter": "((note)::text = ANY ('{(writer),\"(head writer)\",\"(written by)\",(story),\"(story editor)\"}'::text[]))", "Rows Removed by Filter": 12296}]}, {"Node Type": "Index Scan", "Parent Relationship": "Inner", "Scan Direction": "Forward", "Index Name": "name_pkey", "Relation Name": "name", "Alias": "n", "Startup Cost": 0.0, "Total Cost": 0.49, "Plan Rows": 1, "Plan Width": 4, "Actual Startup Time": 2.683, "Actual Total Time": 2.683, "Actual Rows": 11, "Actual Loops": 268, "Index Cond": "(id = ci.person_id)", "Rows Removed by Index Recheck": 0, "Filter": "((gender IS NOT NULL) AND ((gender)::text = 'f'::text))", "Rows Removed by Filter": 257}]}]}, "Triggers": [], "Planner Runtime": 24.054, "Total Runtime": 677.738, "Unique SQL Id": 661781350}}, "(64, '118')": {"explain_plan": {"Plan": {"Node Type": "Aggregate", "Strategy": "Plain", "Startup Cost": 79040.0, "Total Cost": 79040.01, "Plan Rows": 1, "Plan Width": 160, "Plans": [{"Node Type": "Nested Loop", "Parent Relationship": "Outer", "Join Type": "Inner", "Startup Cost": 2.67, "Total Cost": 79038.35, "Plan Rows": 219, "Plan Width": 64, "Inner Unique": true, "Plans": [{"Node Type": "Nested Loop", "Parent Relationship": "Outer", "Join Type": "Inner", "Startup Cost": 2.36, "Total Cost": 77647.24, "Plan Rows": 321, "Plan Width": 68, "Inner Unique": false, "Plans": [{"Node Type": "Nested Loop", "Parent Relationship": "Outer", "Join Type": "Inner", "Startup Cost": 1.35, "Total Cost": 76154.06, "Plan Rows": 291, "Plan Width": 76, "Inner Unique": true, "Plans": [{"Node Type": "Nested Loop", "Parent Relationship": "Outer", "Join Type": "Inner", "Startup Cost": 0.55, "Total Cost": 74946.61, "Plan Rows": 250, "Plan Width": 55, "Inner Unique": false, "Join Filter": "(mi_idx.info_type_id = it2.id)", "Plans": [{"Node Type": "Seq Scan", "Parent Relationship": "Outer", "Relation Name": "info_type", "Alias": "it2", "Startup Cost": 0.0, "Total Cost": 2.4, "Plan Rows": 1, "Plan Width": 4, "Filter": "((info)::text = 'rating'::text)"}, {"Node Type": "Nested Loop", "Parent Relationship": "Inner", "Join Type": "Inner", "Startup Cost": 0.55, "Total Cost": 74931.73, "Plan Rows": 999, "Plan Width": 59, "Inner Unique": false, "Plans": [{"Node Type": "Nested Loop", "Parent Relationship": "Outer", "Join Type": "Inner", "Startup Cost": 0.0, "Total Cost": 70475.56, "Plan Rows": 971, "Plan Width": 46, "Inner Unique": false, "Join Filter": "(it1.id = mi.info_type_id)", "Plans": [{"Node Type": "Seq Scan", "Parent Relationship": "Outer", "Relation Name": "info_type", "Alias": "it1", "Startup Cost": 0.0, "Total Cost": 2.4, "Plan Rows": 1, "Plan Width": 4, "Filter": "((info)::text = 'genres'::text)"}, {"Node Type": "Materialize", "Parent Relationship": "Inner", "Startup Cost": 0.0, "Total Cost": 69793.45, "Plan Rows": 67971, "Plan Width": 50, "Plans": [{"Node Type": "Streaming(type: LOCAL GATHER dop: 1/64)", "Parent Relationship": "Outer", "Startup Cost": 0.0, "Total Cost": 69623.52, "Plan Rows": 67971, "Plan Width": 50, "Plans": [{"Node Type": "Seq Scan", "Parent Relationship": "Outer", "Relation Name": "movie_info", "Alias": "mi", "Startup Cost": 0.0, "Total Cost": 68221.29, "Plan Rows": 67971, "Plan Width": 50, "Filter": "((note IS NULL) AND ((info)::text = ANY ('{Horror,Thriller}'::text[])))"}]}]}]}, {"Node Type": "Bitmap Heap Scan", "Parent Relationship": "Inner", "Relation Name": "movie_info_idx", "Alias": "mi_idx", "Startup Cost": 0.55, "Total Cost": 4.58, "Plan Rows": 1, "Plan Width": 13, "Recheck Cond": "(movie_id = mi.movie_id)", "Filter": "((info)::text > '8.0'::text)", "Plans": [{"Node Type": "Bitmap Index Scan", "Parent Relationship": "Outer", "Index Name": "movie_id_movie_info_idx", "Startup Cost": 0.0, "Total Cost": 0.55, "Plan Rows": 2, "Plan Width": 0, "Index Cond": "(movie_id = mi.movie_id)"}]}]}]}, {"Node Type": "Bitmap Heap Scan", "Parent Relationship": "Inner", "Relation Name": "title", "Alias": "t", "Startup Cost": 0.8, "Total Cost": 4.82, "Plan Rows": 1, "Plan Width": 21, "Recheck Cond": "(id = mi.movie_id)", "Filter": "((production_year >= 2008) AND (production_year <= 2014))", "Plans": [{"Node Type": "Bitmap Index Scan", "Parent Relationship": "Outer", "Index Name": "title_pkey", "Startup Cost": 0.0, "Total Cost": 0.8, "Plan Rows": 1, "Plan Width": 0, "Index Cond": "(id = mi.movie_id)"}]}]}, {"Node Type": "Bitmap Heap Scan", "Parent Relationship": "Inner", "Relation Name": "cast_info", "Alias": "ci", "Startup Cost": 1.01, "Total Cost": 5.12, "Plan Rows": 1, "Plan Width": 8, "Recheck Cond": "(movie_id = t.id)", "Filter": "((note)::text = ANY ('{(writer),\"(head writer)\",\"(written by)\",(story),\"(story editor)\"}'::text[]))", "Plans": [{"Node Type": "Bitmap Index Scan", "Parent Relationship": "Outer", "Index Name": "movie_id_cast_info", "Startup Cost": 0.0, "Total Cost": 1.01, "Plan Rows": 6, "Plan Width": 0, "Index Cond": "(movie_id = t.id)"}]}]}, {"Node Type": "Bitmap Heap Scan", "Parent Relationship": "Inner", "Relation Name": "name", "Alias": "n", "Startup Cost": 0.31, "Total Cost": 4.32, "Plan Rows": 1, "Plan Width": 4, "Recheck Cond": "(id = ci.person_id)", "Filter": "((gender IS NOT NULL) AND ((gender)::text = 'f'::text))", "Plans": [{"Node Type": "Bitmap Index Scan", "Parent Relationship": "Outer", "Index Name": "name_pkey", "Startup Cost": 0.0, "Total Cost": 0.31, "Plan Rows": 1, "Plan Width": 0, "Index Cond": "(id = ci.person_id)"}]}]}]}, "Unique SQL Id": 661781350, "Planner Runtime": 16}, "explain_analyze_plan": {"Plan": {"Node Type": "Aggregate", "Strategy": "Plain", "Startup Cost": 79040.0, "Total Cost": 79040.01, "Plan Rows": 1, "Plan Width": 160, "Actual Min Startup Time": 812.811, "Actual Max Startup Time": 812.811, "Actual Min Total Time": 812.811, "Actual Max Total Time": 812.811, "Plans": [{"Node Type": "Nested Loop", "Parent Relationship": "Outer", "Join Type": "Inner", "Startup Cost": 2.67, "Total Cost": 79038.35, "Plan Rows": 219, "Plan Width": 64, "Actual Min Startup Time": 388.712, "Actual Max Startup Time": 388.712, "Actual Min Total Time": 812.752, "Actual Max Total Time": 812.752, "Inner Unique": true, "Plans": [{"Node Type": "Nested Loop", "Parent Relationship": "Outer", "Join Type": "Inner", "Startup Cost": 2.36, "Total Cost": 77647.24, "Plan Rows": 321, "Plan Width": 68, "Actual Min Startup Time": 307.647, "Actual Max Startup Time": 307.647, "Actual Min Total Time": 809.564, "Actual Max Total Time": 809.564, "Inner Unique": false, "Plans": [{"Node Type": "Nested Loop", "Parent Relationship": "Outer", "Join Type": "Inner", "Startup Cost": 1.35, "Total Cost": 76154.06, "Plan Rows": 291, "Plan Width": 76, "Actual Min Startup Time": 307.553, "Actual Max Startup Time": 307.553, "Actual Min Total Time": 770.697, "Actual Max Total Time": 770.697, "Inner Unique": true, "Plans": [{"Node Type": "Nested Loop", "Parent Relationship": "Outer", "Join Type": "Inner", "Startup Cost": 0.55, "Total Cost": 74946.61, "Plan Rows": 250, "Plan Width": 55, "Actual Min Startup Time": 307.523, "Actual Max Startup Time": 307.523, "Actual Min Total Time": 762.726, "Actual Max Total Time": 762.726, "Inner Unique": false, "Join Filter": "(mi_idx.info_type_id = it2.id)", "Rows Removed by Join Filter": 3403, "Plans": [{"Node Type": "Seq Scan", "Parent Relationship": "Outer", "Relation Name": "info_type", "Alias": "it2", "Startup Cost": 0.0, "Total Cost": 2.4, "Plan Rows": 1, "Plan Width": 4, "Actual Min Startup Time": 0.098, "Actual Max Startup Time": 0.098, "Actual Min Total Time": 0.118, "Actual Max Total Time": 0.118, "Filter": "((info)::text = 'rating'::text)", "Rows Removed by Filter": 111, "Actual Rows": 1}, {"Node Type": "Nested Loop", "Parent Relationship": "Inner", "Join Type": "Inner", "Startup Cost": 0.55, "Total Cost": 74931.73, "Plan Rows": 999, "Plan Width": 59, "Actual Min Startup Time": 306.981, "Actual Max Startup Time": 306.981, "Actual Min Total Time": 759.629, "Actual Max Total Time": 759.629, "Inner Unique": false, "Plans": [{"Node Type": "Nested Loop", "Parent Relationship": "Outer", "Join Type": "Inner", "Startup Cost": 0.0, "Total Cost": 70475.56, "Plan Rows": 971, "Plan Width": 46, "Actual Min Startup Time": 306.629, "Actual Max Startup Time": 306.629, "Actual Min Total Time": 349.143, "Actual Max Total Time": 349.143, "Inner Unique": false, "Join Filter": "(it1.id = mi.info_type_id)", "Rows Removed by Join Filter": 789, "Plans": [{"Node Type": "Seq Scan", "Parent Relationship": "Outer", "Relation Name": "info_type", "Alias": "it1", "Startup Cost": 0.0, "Total Cost": 2.4, "Plan Rows": 1, "Plan Width": 4, "Actual Min Startup Time": 0.057, "Actual Max Startup Time": 0.057, "Actual Min Total Time": 0.104, "Actual Max Total Time": 0.104, "Filter": "((info)::text = 'genres'::text)", "Rows Removed by Filter": 111, "Actual Rows": 1}, {"Node Type": "Materialize", "Parent Relationship": "Inner", "Startup Cost": 0.0, "Total Cost": 69793.45, "Plan Rows": 67971, "Plan Width": 50, "Actual Min Startup Time": 306.535, "Actual Max Startup Time": 306.535, "Actual Min Total Time": 317.705, "Actual Max Total Time": 317.705, "Plans": [{"Node Type": "Streaming(type: LOCAL GATHER dop: 1/64)", "Parent Relationship": "Outer", "Startup Cost": 0.0, "Total Cost": 69623.52, "Plan Rows": 67971, "Plan Width": 50, "Actual Min Startup Time": 155.585, "Actual Max Startup Time": 155.585, "Actual Min Total Time": 295.065, "Actual Max Total Time": 295.065, "Plans": [{"Node Type": "Seq Scan", "Parent Relationship": "Outer", "Relation Name": "movie_info", "Alias": "mi", "Startup Cost": 0.0, "Total Cost": 68221.29, "Plan Rows": 67971, "Plan Width": 50, "Actual Min Startup Time": 54.273, "Actual Max Startup Time": 100.083, "Actual Min Total Time": 93.948, "Actual Max Total Time": 115.419, "Filter": "((note IS NULL) AND ((info)::text = ANY ('{Horror,Thriller}'::text[])))", "Rows Removed by Filter": 14762672, "Actual Rows": 73047}], "Actual Rows": 73047}], "Actual Rows": 73048}], "Actual Rows": 72258}, {"Node Type": "Bitmap Heap Scan", "Parent Relationship": "Inner", "Relation Name": "movie_info_idx", "Alias": "mi_idx", "Startup Cost": 0.55, "Total Cost": 4.58, "Plan Rows": 1, "Plan Width": 13, "Actual Min Startup Time": 329.234, "Actual Max Startup Time": 329.234, "Actual Min Total Time": 331.022, "Actual Max Total Time": 331.022, "Recheck Cond": "(movie_id = mi.movie_id)", "Rows Removed by Index Recheck": 0, "Filter": "((info)::text > '8.0'::text)", "Rows Removed by Filter": 113143, "Exact Heap Blocks": 39507, "Lossy Heap Blocks": 39507, "Plans": [{"Node Type": "Bitmap Index Scan", "Parent Relationship": "Outer", "Index Name": "movie_id_movie_info_idx", "Startup Cost": 0.0, "Total Cost": 0.55, "Plan Rows": 2, "Plan Width": 0, "Actual Min Startup Time": 192.42, "Actual Max Startup Time": 192.42, "Actual Min Total Time": 192.42, "Actual Max Total Time": 192.42, "Index Cond": "(movie_id = mi.movie_id)", "Actual Rows": 117278}], "Actual Rows": 4135}], "Actual Rows": 4135}], "Actual Rows": 732}, {"Node Type": "Bitmap Heap Scan", "Parent Relationship": "Inner", "Relation Name": "title", "Alias": "t", "Startup Cost": 0.8, "Total Cost": 4.82, "Plan Rows": 1, "Plan Width": 21, "Actual Min Startup Time": 6.373, "Actual Max Startup Time": 6.373, "Actual Min Total Time": 6.373, "Actual Max Total Time": 6.373, "Recheck Cond": "(id = mi.movie_id)", "Rows Removed by Index Recheck": 0, "Filter": "((production_year >= 2008) AND (production_year <= 2014))", "Rows Removed by Filter": 374, "Exact Heap Blocks": 732, "Lossy Heap Blocks": 732, "Plans": [{"Node Type": "Bitmap Index Scan", "Parent Relationship": "Outer", "Index Name": "title_pkey", "Startup Cost": 0.0, "Total Cost": 0.8, "Plan Rows": 1, "Plan Width": 0, "Actual Min Startup Time": 3.652, "Actual Max Startup Time": 3.652, "Actual Min Total Time": 3.652, "Actual Max Total Time": 3.652, "Index Cond": "(id = mi.movie_id)", "Actual Rows": 732}], "Actual Rows": 358}], "Actual Rows": 358}, {"Node Type": "Bitmap Heap Scan", "Parent Relationship": "Inner", "Relation Name": "cast_info", "Alias": "ci", "Startup Cost": 1.01, "Total Cost": 5.12, "Plan Rows": 1, "Plan Width": 8, "Actual Min Startup Time": 30.892, "Actual Max Startup Time": 30.892, "Actual Min Total Time": 38.081, "Actual Max Total Time": 38.081, "Recheck Cond": "(movie_id = t.id)", "Rows Removed by Index Recheck": 0, "Filter": "((note)::text = ANY ('{(writer),\"(head writer)\",\"(written by)\",(story),\"(story editor)\"}'::text[]))", "Rows Removed by Filter": 12296, "Exact Heap Blocks": 11454, "Lossy Heap Blocks": 11454, "Plans": [{"Node Type": "Bitmap Index Scan", "Parent Relationship": "Outer", "Index Name": "movie_id_cast_info", "Startup Cost": 0.0, "Total Cost": 1.01, "Plan Rows": 6, "Plan Width": 0, "Actual Min Startup Time": 5.397, "Actual Max Startup Time": 5.397, "Actual Min Total Time": 5.397, "Actual Max Total Time": 5.397, "Index Cond": "(movie_id = t.id)", "Actual Rows": 12564}], "Actual Rows": 268}], "Actual Rows": 268}, {"Node Type": "Bitmap Heap Scan", "Parent Relationship": "Inner", "Relation Name": "name", "Alias": "n", "Startup Cost": 0.31, "Total Cost": 4.32, "Plan Rows": 1, "Plan Width": 4, "Actual Min Startup Time": 2.722, "Actual Max Startup Time": 2.722, "Actual Min Total Time": 2.722, "Actual Max Total Time": 2.722, "Recheck Cond": "(id = ci.person_id)", "Rows Removed by Index Recheck": 0, "Filter": "((gender IS NOT NULL) AND ((gender)::text = 'f'::text))", "Rows Removed by Filter": 257, "Exact Heap Blocks": 268, "Lossy Heap Blocks": 268, "Plans": [{"Node Type": "Bitmap Index Scan", "Parent Relationship": "Outer", "Index Name": "name_pkey", "Startup Cost": 0.0, "Total Cost": 0.31, "Plan Rows": 1, "Plan Width": 0, "Actual Min Startup Time": 1.726, "Actual Max Startup Time": 1.726, "Actual Min Total Time": 1.726, "Actual Max Total Time": 1.726, "Index Cond": "(id = ci.person_id)", "Actual Rows": 268}], "Actual Rows": 11}], "Actual Rows": 11}], "Actual Rows": 1}, "Triggers": [], "Planner Runtime": 65.639, "Total Runtime": 826.211, "Unique SQL Id": 661781350}}, "(64, '119')": {"explain_plan": {"Plan": {"Node Type": "Aggregate", "Strategy": "Plain", "Startup Cost": 157109.69, "Total Cost": 157109.7, "Plan Rows": 1, "Plan Width": 160, "Plans": [{"Node Type": "Nested Loop", "Parent Relationship": "Outer", "Join Type": "Inner", "Startup Cost": 7439.53, "Total Cost": 157108.05, "Plan Rows": 219, "Plan Width": 64, "Inner Unique": true, "Plans": [{"Node Type": "Nested Loop", "Parent Relationship": "Outer", "Join Type": "Inner", "Startup Cost": 7439.22, "Total Cost": 155716.93, "Plan Rows": 321, "Plan Width": 68, "Inner Unique": false, "Plans": [{"Node Type": "Nested Loop", "Parent Relationship": "Outer", "Join Type": "Inner", "Startup Cost": 7438.22, "Total Cost": 154223.75, "Plan Rows": 291, "Plan Width": 76, "Inner Unique": false, "Join Filter": "(mi.info_type_id = it1.id)", "Plans": [{"Node Type": "Bitmap Heap Scan", "Parent Relationship": "Outer", "Relation Name": "info_type", "Alias": "it1", "Startup Cost": 8.81, "Total Cost": 14.21, "Plan Rows": 1, "Plan Width": 4, "Filter": "((info)::text = 'genres'::text)", "Plans": [{"Node Type": "Bitmap Index Scan", "Parent Relationship": "Outer", "Index Name": "info_type_pkey", "Startup Cost": 0.0, "Total Cost": 8.81, "Plan Rows": 112, "Plan Width": 0}]}, {"Node Type": "Nested Loop", "Parent Relationship": "Inner", "Join Type": "Inner", "Startup Cost": 7429.41, "Total Cost": 154037.63, "Plan Rows": 13753, "Plan Width": 80, "Inner Unique": false, "Plans": [{"Node Type": "Nested Loop", "Parent Relationship": "Outer", "Join Type": "Inner", "Startup Cost": 7428.83, "Total Cost": 83898.37, "Plan Rows": 15041, "Plan Width": 30, "Inner Unique": true, "Plans": [{"Node Type": "Nested Loop", "Parent Relationship": "Outer", "Join Type": "Inner", "Startup Cost": 7427.85, "Total Cost": 19211.73, "Plan Rows": 12936, "Plan Width": 9, "Inner Unique": false, "Plans": [{"Node Type": "Bitmap Heap Scan", "Parent Relationship": "Outer", "Relation Name": "info_type", "Alias": "it2", "Startup Cost": 8.81, "Total Cost": 14.21, "Plan Rows": 1, "Plan Width": 4, "Filter": "((info)::text = 'rating'::text)", "Plans": [{"Node Type": "Bitmap Index Scan", "Parent Relationship": "Outer", "Index Name": "info_type_pkey", "Startup Cost": 0.0, "Total Cost": 8.81, "Plan Rows": 112, "Plan Width": 0}]}, {"Node Type": "Bitmap Heap Scan", "Parent Relationship": "Inner", "Relation Name": "movie_info_idx", "Alias": "mi_idx", "Startup Cost": 7419.04, "Total Cost": 19068.16, "Plan Rows": 12936, "Plan Width": 13, "Recheck Cond": "(info_type_id = it2.id)", "Filter": "((info)::text > '8.0'::text)", "Plans": [{"Node Type": "Bitmap Index Scan", "Parent Relationship": "Outer", "Index Name": "info_type_id_movie_info_idx", "Startup Cost": 0.0, "Total Cost": 7415.81, "Plan Rows": 345008, "Plan Width": 0, "Index Cond": "(info_type_id = it2.id)"}]}]}, {"Node Type": "Bitmap Heap Scan", "Parent Relationship": "Inner", "Relation Name": "title", "Alias": "t", "Startup Cost": 0.97, "Total Cost": 4.99, "Plan Rows": 1, "Plan Width": 21, "Recheck Cond": "(id = mi_idx.movie_id)", "Filter": "((production_year >= 2008) AND (production_year <= 2014))", "Plans": [{"Node Type": "Bitmap Index Scan", "Parent Relationship": "Outer", "Index Name": "title_pkey", "Startup Cost": 0.0, "Total Cost": 0.97, "Plan Rows": 1, "Plan Width": 0, "Index Cond": "(id = mi_idx.movie_id)"}]}]}, {"Node Type": "Bitmap Heap Scan", "Parent Relationship": "Inner", "Relation Name": "movie_info", "Alias": "mi", "Startup Cost": 0.58, "Total Cost": 4.65, "Plan Rows": 1, "Plan Width": 50, "Recheck Cond": "(movie_id = t.id)", "Filter": "((note IS NULL) AND ((info)::text = ANY ('{Horror,Thriller}'::text[])))", "Plans": [{"Node Type": "Bitmap Index Scan", "Parent Relationship": "Outer", "Index Name": "movie_id_movie_info", "Startup Cost": 0.0, "Total Cost": 0.58, "Plan Rows": 5, "Plan Width": 0, "Index Cond": "(movie_id = t.id)"}]}]}]}, {"Node Type": "Bitmap Heap Scan", "Parent Relationship": "Inner", "Relation Name": "cast_info", "Alias": "ci", "Startup Cost": 1.01, "Total Cost": 5.12, "Plan Rows": 1, "Plan Width": 8, "Recheck Cond": "(movie_id = t.id)", "Filter": "((note)::text = ANY ('{(writer),\"(head writer)\",\"(written by)\",(story),\"(story editor)\"}'::text[]))", "Plans": [{"Node Type": "Bitmap Index Scan", "Parent Relationship": "Outer", "Index Name": "movie_id_cast_info", "Startup Cost": 0.0, "Total Cost": 1.01, "Plan Rows": 6, "Plan Width": 0, "Index Cond": "(movie_id = t.id)"}]}]}, {"Node Type": "Bitmap Heap Scan", "Parent Relationship": "Inner", "Relation Name": "name", "Alias": "n", "Startup Cost": 0.31, "Total Cost": 4.32, "Plan Rows": 1, "Plan Width": 4, "Recheck Cond": "(id = ci.person_id)", "Filter": "((gender IS NOT NULL) AND ((gender)::text = 'f'::text))", "Plans": [{"Node Type": "Bitmap Index Scan", "Parent Relationship": "Outer", "Index Name": "name_pkey", "Startup Cost": 0.0, "Total Cost": 0.31, "Plan Rows": 1, "Plan Width": 0, "Index Cond": "(id = ci.person_id)"}]}]}]}, "Unique SQL Id": 661781350, "Planner Runtime": 8}, "explain_analyze_plan": {"Plan": {"Node Type": "Aggregate", "Strategy": "Plain", "Startup Cost": 157109.69, "Total Cost": 157109.7, "Plan Rows": 1, "Plan Width": 160, "Actual Startup Time": 641.712, "Actual Total Time": 641.712, "Actual Rows": 1, "Actual Loops": 1, "Plans": [{"Node Type": "Nested Loop", "Parent Relationship": "Outer", "Join Type": "Inner", "Startup Cost": 7439.53, "Total Cost": 157108.05, "Plan Rows": 219, "Plan Width": 64, "Actual Startup Time": 369.881, "Actual Total Time": 641.653, "Actual Rows": 11, "Actual Loops": 1, "Inner Unique": true, "Plans": [{"Node Type": "Nested Loop", "Parent Relationship": "Outer", "Join Type": "Inner", "Startup Cost": 7439.22, "Total Cost": 155716.93, "Plan Rows": 321, "Plan Width": 68, "Actual Startup Time": 136.404, "Actual Total Time": 638.777, "Actual Rows": 268, "Actual Loops": 1, "Inner Unique": false, "Plans": [{"Node Type": "Nested Loop", "Parent Relationship": "Outer", "Join Type": "Inner", "Startup Cost": 7438.22, "Total Cost": 154223.75, "Plan Rows": 291, "Plan Width": 76, "Actual Startup Time": 62.071, "Actual Total Time": 601.341, "Actual Rows": 358, "Actual Loops": 1, "Inner Unique": false, "Join Filter": "(mi.info_type_id = it1.id)", "Rows Removed by Join Filter": 0, "Plans": [{"Node Type": "Bitmap Heap Scan", "Parent Relationship": "Outer", "Relation Name": "info_type", "Alias": "it1", "Startup Cost": 8.81, "Total Cost": 14.21, "Plan Rows": 1, "Plan Width": 4, "Actual Startup Time": 0.052, "Actual Total Time": 0.088, "Actual Rows": 1, "Actual Loops": 1, "Filter": "((info)::text = 'genres'::text)", "Rows Removed by Filter": 111, "Exact Heap Blocks": 1, "Lossy Heap Blocks": 1, "Plans": [{"Node Type": "Bitmap Index Scan", "Parent Relationship": "Outer", "Index Name": "info_type_pkey", "Startup Cost": 0.0, "Total Cost": 8.81, "Plan Rows": 112, "Plan Width": 0, "Actual Startup Time": 0.012, "Actual Total Time": 0.012, "Actual Rows": 112, "Actual Loops": 1}]}, {"Node Type": "Nested Loop", "Parent Relationship": "Inner", "Join Type": "Inner", "Startup Cost": 7429.41, "Total Cost": 154037.63, "Plan Rows": 13753, "Plan Width": 80, "Actual Startup Time": 62.009, "Actual Total Time": 600.951, "Actual Rows": 358, "Actual Loops": 1, "Inner Unique": false, "Plans": [{"Node Type": "Nested Loop", "Parent Relationship": "Outer", "Join Type": "Inner", "Startup Cost": 7428.83, "Total Cost": 83898.37, "Plan Rows": 15041, "Plan Width": 30, "Actual Startup Time": 54.142, "Actual Total Time": 420.438, "Actual Rows": 6152, "Actual Loops": 1, "Inner Unique": true, "Plans": [{"Node Type": "Nested Loop", "Parent Relationship": "Outer", "Join Type": "Inner", "Startup Cost": 7427.85, "Total Cost": 19211.73, "Plan Rows": 12936, "Plan Width": 9, "Actual Startup Time": 52.371, "Actual Total Time": 307.724, "Actual Rows": 15849, "Actual Loops": 1, "Inner Unique": false, "Plans": [{"Node Type": "Bitmap Heap Scan", "Parent Relationship": "Outer", "Relation Name": "info_type", "Alias": "it2", "Startup Cost": 8.81, "Total Cost": 14.21, "Plan Rows": 1, "Plan Width": 4, "Actual Startup Time": 0.051, "Actual Total Time": 0.06, "Actual Rows": 1, "Actual Loops": 1, "Filter": "((info)::text = 'rating'::text)", "Rows Removed by Filter": 111, "Exact Heap Blocks": 1, "Lossy Heap Blocks": 1, "Plans": [{"Node Type": "Bitmap Index Scan", "Parent Relationship": "Outer", "Index Name": "info_type_pkey", "Startup Cost": 0.0, "Total Cost": 8.81, "Plan Rows": 112, "Plan Width": 0, "Actual Startup Time": 0.008, "Actual Total Time": 0.008, "Actual Rows": 112, "Actual Loops": 1}]}, {"Node Type": "Bitmap Heap Scan", "Parent Relationship": "Inner", "Relation Name": "movie_info_idx", "Alias": "mi_idx", "Startup Cost": 7419.04, "Total Cost": 19068.16, "Plan Rows": 12936, "Plan Width": 13, "Actual Startup Time": 52.315, "Actual Total Time": 303.803, "Actual Rows": 15849, "Actual Loops": 1, "Recheck Cond": "(info_type_id = it2.id)", "Rows Removed by Index Recheck": 0, "Filter": "((info)::text > '8.0'::text)", "Rows Removed by Filter": 444076, "Exact Heap Blocks": 6472, "Lossy Heap Blocks": 6472, "Plans": [{"Node Type": "Bitmap Index Scan", "Parent Relationship": "Outer", "Index Name": "info_type_id_movie_info_idx", "Startup Cost": 0.0, "Total Cost": 7415.81, "Plan Rows": 345008, "Plan Width": 0, "Actual Startup Time": 51.054, "Actual Total Time": 51.054, "Actual Rows": 459925, "Actual Loops": 1, "Index Cond": "(info_type_id = it2.id)"}]}]}, {"Node Type": "Bitmap Heap Scan", "Parent Relationship": "Inner", "Relation Name": "title", "Alias": "t", "Startup Cost": 0.97, "Total Cost": 4.99, "Plan Rows": 1, "Plan Width": 21, "Actual Startup Time": 92.149, "Actual Total Time": 92.149, "Actual Rows": 6152, "Actual Loops": 15849, "Recheck Cond": "(id = mi_idx.movie_id)", "Rows Removed by Index Recheck": 0, "Filter": "((production_year >= 2008) AND (production_year <= 2014))", "Rows Removed by Filter": 9697, "Exact Heap Blocks": 15849, "Lossy Heap Blocks": 15849, "Plans": [{"Node Type": "Bitmap Index Scan", "Parent Relationship": "Outer", "Index Name": "title_pkey", "Startup Cost": 0.0, "Total Cost": 0.97, "Plan Rows": 1, "Plan Width": 0, "Actual Startup Time": 48.576, "Actual Total Time": 48.576, "Actual Rows": 15849, "Actual Loops": 15849, "Index Cond": "(id = mi_idx.movie_id)"}]}]}, {"Node Type": "Bitmap Heap Scan", "Parent Relationship": "Inner", "Relation Name": "movie_info", "Alias": "mi", "Startup Cost": 0.58, "Total Cost": 4.65, "Plan Rows": 1, "Plan Width": 50, "Actual Startup Time": 172.051, "Actual Total Time": 172.214, "Actual Rows": 358, "Actual Loops": 6152, "Recheck Cond": "(movie_id = t.id)", "Rows Removed by Index Recheck": 0, "Filter": "((note IS NULL) AND ((info)::text = ANY ('{Horror,Thriller}'::text[])))", "Rows Removed by Filter": 109599, "Exact Heap Blocks": 52726, "Lossy Heap Blocks": 52726, "Plans": [{"Node Type": "Bitmap Index Scan", "Parent Relationship": "Outer", "Index Name": "movie_id_movie_info", "Startup Cost": 0.0, "Total Cost": 0.58, "Plan Rows": 5, "Plan Width": 0, "Actual Startup Time": 40.994, "Actual Total Time": 40.994, "Actual Rows": 109957, "Actual Loops": 6152, "Index Cond": "(movie_id = t.id)"}]}]}]}, {"Node Type": "Bitmap Heap Scan", "Parent Relationship": "Inner", "Relation Name": "cast_info", "Alias": "ci", "Startup Cost": 1.01, "Total Cost": 5.12, "Plan Rows": 1, "Plan Width": 8, "Actual Startup Time": 29.533, "Actual Total Time": 36.492, "Actual Rows": 268, "Actual Loops": 358, "Recheck Cond": "(movie_id = t.id)", "Rows Removed by Index Recheck": 0, "Filter": "((note)::text = ANY ('{(writer),\"(head writer)\",\"(written by)\",(story),\"(story editor)\"}'::text[]))", "Rows Removed by Filter": 12296, "Exact Heap Blocks": 11454, "Lossy Heap Blocks": 11454, "Plans": [{"Node Type": "Bitmap Index Scan", "Parent Relationship": "Outer", "Index Name": "movie_id_cast_info", "Startup Cost": 0.0, "Total Cost": 1.01, "Plan Rows": 6, "Plan Width": 0, "Actual Startup Time": 5.133, "Actual Total Time": 5.133, "Actual Rows": 12564, "Actual Loops": 358, "Index Cond": "(movie_id = t.id)"}]}]}, {"Node Type": "Bitmap Heap Scan", "Parent Relationship": "Inner", "Relation Name": "name", "Alias": "n", "Startup Cost": 0.31, "Total Cost": 4.32, "Plan Rows": 1, "Plan Width": 4, "Actual Startup Time": 2.348, "Actual Total Time": 2.348, "Actual Rows": 11, "Actual Loops": 268, "Recheck Cond": "(id = ci.person_id)", "Rows Removed by Index Recheck": 0, "Filter": "((gender IS NOT NULL) AND ((gender)::text = 'f'::text))", "Rows Removed by Filter": 257, "Exact Heap Blocks": 268, "Lossy Heap Blocks": 268, "Plans": [{"Node Type": "Bitmap Index Scan", "Parent Relationship": "Outer", "Index Name": "name_pkey", "Startup Cost": 0.0, "Total Cost": 0.31, "Plan Rows": 1, "Plan Width": 0, "Actual Startup Time": 1.397, "Actual Total Time": 1.397, "Actual Rows": 268, "Actual Loops": 268, "Index Cond": "(id = ci.person_id)"}]}]}]}, "Triggers": [], "Planner Runtime": 23.242, "Total Runtime": 642.057, "Unique SQL Id": 661781350}}, "(64, '120')": {"explain_plan": {"Plan": {"Node Type": "Aggregate", "Strategy": "Plain", "Startup Cost": 72993.18, "Total Cost": 72993.19, "Plan Rows": 1, "Plan Width": 160, "Plans": [{"Node Type": "Nested Loop", "Parent Relationship": "Outer", "Join Type": "Inner", "Startup Cost": 0.0, "Total Cost": 72991.54, "Plan Rows": 219, "Plan Width": 64, "Inner Unique": true, "Plans": [{"Node Type": "Nested Loop", "Parent Relationship": "Outer", "Join Type": "Inner", "Startup Cost": 0.0, "Total Cost": 72830.55, "Plan Rows": 321, "Plan Width": 68, "Inner Unique": false, "Plans": [{"Node Type": "Nested Loop", "Parent Relationship": "Outer", "Join Type": "Inner", "Startup Cost": 0.0, "Total Cost": 72145.52, "Plan Rows": 291, "Plan Width": 76, "Inner Unique": true, "Plans": [{"Node Type": "Nested Loop", "Parent Relationship": "Outer", "Join Type": "Inner", "Startup Cost": 0.0, "Total Cost": 71432.31, "Plan Rows": 250, "Plan Width": 55, "Inner Unique": false, "Join Filter": "(mi_idx.info_type_id = it2.id)", "Plans": [{"Node Type": "Seq Scan", "Parent Relationship": "Outer", "Relation Name": "info_type", "Alias": "it2", "Startup Cost": 0.0, "Total Cost": 2.4, "Plan Rows": 1, "Plan Width": 4, "Filter": "((info)::text = 'rating'::text)"}, {"Node Type": "Nested Loop", "Parent Relationship": "Inner", "Join Type": "Inner", "Startup Cost": 0.0, "Total Cost": 71417.42, "Plan Rows": 999, "Plan Width": 59, "Inner Unique": false, "Plans": [{"Node Type": "Nested Loop", "Parent Relationship": "Outer", "Join Type": "Inner", "Startup Cost": 0.0, "Total Cost": 70475.56, "Plan Rows": 971, "Plan Width": 46, "Inner Unique": false, "Join Filter": "(it1.id = mi.info_type_id)", "Plans": [{"Node Type": "Seq Scan", "Parent Relationship": "Outer", "Relation Name": "info_type", "Alias": "it1", "Startup Cost": 0.0, "Total Cost": 2.4, "Plan Rows": 1, "Plan Width": 4, "Filter": "((info)::text = 'genres'::text)"}, {"Node Type": "Materialize", "Parent Relationship": "Inner", "Startup Cost": 0.0, "Total Cost": 69793.45, "Plan Rows": 67971, "Plan Width": 50, "Plans": [{"Node Type": "Streaming(type: LOCAL GATHER dop: 1/64)", "Parent Relationship": "Outer", "Startup Cost": 0.0, "Total Cost": 69623.52, "Plan Rows": 67971, "Plan Width": 50, "Plans": [{"Node Type": "Seq Scan", "Parent Relationship": "Outer", "Relation Name": "movie_info", "Alias": "mi", "Startup Cost": 0.0, "Total Cost": 68221.29, "Plan Rows": 67971, "Plan Width": 50, "Filter": "((note IS NULL) AND ((info)::text = ANY ('{Horror,Thriller}'::text[])))"}]}]}]}, {"Node Type": "Index Scan", "Parent Relationship": "Inner", "Scan Direction": "Forward", "Index Name": "movie_id_movie_info_idx", "Relation Name": "movie_info_idx", "Alias": "mi_idx", "Startup Cost": 0.0, "Total Cost": 0.96, "Plan Rows": 1, "Plan Width": 13, "Index Cond": "(movie_id = mi.movie_id)", "Filter": "((info)::text > '8.0'::text)"}]}]}, {"Node Type": "Index Scan", "Parent Relationship": "Inner", "Scan Direction": "Forward", "Index Name": "title_pkey", "Relation Name": "title", "Alias": "t", "Startup Cost": 0.0, "Total Cost": 2.84, "Plan Rows": 1, "Plan Width": 21, "Index Cond": "(id = mi.movie_id)", "Filter": "((production_year >= 2008) AND (production_year <= 2014))"}]}, {"Node Type": "Index Scan", "Parent Relationship": "Inner", "Scan Direction": "Forward", "Index Name": "movie_id_cast_info", "Relation Name": "cast_info", "Alias": "ci", "Startup Cost": 0.0, "Total Cost": 2.34, "Plan Rows": 1, "Plan Width": 8, "Index Cond": "(movie_id = t.id)", "Filter": "((note)::text = ANY ('{(writer),\"(head writer)\",\"(written by)\",(story),\"(story editor)\"}'::text[]))"}]}, {"Node Type": "Index Scan", "Parent Relationship": "Inner", "Scan Direction": "Forward", "Index Name": "name_pkey", "Relation Name": "name", "Alias": "n", "Startup Cost": 0.0, "Total Cost": 0.49, "Plan Rows": 1, "Plan Width": 4, "Index Cond": "(id = ci.person_id)", "Filter": "((gender IS NOT NULL) AND ((gender)::text = 'f'::text))"}]}]}, "Unique SQL Id": 661781350, "Planner Runtime": 9}, "explain_analyze_plan": {"Plan": {"Node Type": "Aggregate", "Strategy": "Plain", "Startup Cost": 72993.18, "Total Cost": 72993.19, "Plan Rows": 1, "Plan Width": 160, "Actual Min Startup Time": 744.744, "Actual Max Startup Time": 744.744, "Actual Min Total Time": 744.745, "Actual Max Total Time": 744.745, "Plans": [{"Node Type": "Nested Loop", "Parent Relationship": "Outer", "Join Type": "Inner", "Startup Cost": 0.0, "Total Cost": 72991.54, "Plan Rows": 219, "Plan Width": 64, "Actual Min Startup Time": 360.554, "Actual Max Startup Time": 360.554, "Actual Min Total Time": 744.685, "Actual Max Total Time": 744.685, "Inner Unique": true, "Plans": [{"Node Type": "Nested Loop", "Parent Relationship": "Outer", "Join Type": "Inner", "Startup Cost": 0.0, "Total Cost": 72830.55, "Plan Rows": 321, "Plan Width": 68, "Actual Min Startup Time": 349.305, "Actual Max Startup Time": 349.305, "Actual Min Total Time": 742.187, "Actual Max Total Time": 742.187, "Inner Unique": false, "Plans": [{"Node Type": "Nested Loop", "Parent Relationship": "Outer", "Join Type": "Inner", "Startup Cost": 0.0, "Total Cost": 72145.52, "Plan Rows": 291, "Plan Width": 76, "Actual Min Startup Time": 347.86, "Actual Max Startup Time": 347.86, "Actual Min Total Time": 710.007, "Actual Max Total Time": 710.007, "Inner Unique": true, "Plans": [{"Node Type": "Nested Loop", "Parent Relationship": "Outer", "Join Type": "Inner", "Startup Cost": 0.0, "Total Cost": 71432.31, "Plan Rows": 250, "Plan Width": 55, "Actual Min Startup Time": 347.833, "Actual Max Startup Time": 347.833, "Actual Min Total Time": 704.112, "Actual Max Total Time": 704.112, "Inner Unique": false, "Join Filter": "(mi_idx.info_type_id = it2.id)", "Rows Removed by Join Filter": 3403, "Plans": [{"Node Type": "Seq Scan", "Parent Relationship": "Outer", "Relation Name": "info_type", "Alias": "it2", "Startup Cost": 0.0, "Total Cost": 2.4, "Plan Rows": 1, "Plan Width": 4, "Actual Min Startup Time": 0.096, "Actual Max Startup Time": 0.096, "Actual Min Total Time": 0.108, "Actual Max Total Time": 0.108, "Filter": "((info)::text = 'rating'::text)", "Rows Removed by Filter": 111, "Actual Rows": 1}, {"Node Type": "Nested Loop", "Parent Relationship": "Inner", "Join Type": "Inner", "Startup Cost": 0.0, "Total Cost": 71417.42, "Plan Rows": 999, "Plan Width": 59, "Actual Min Startup Time": 347.719, "Actual Max Startup Time": 347.719, "Actual Min Total Time": 701.609, "Actual Max Total Time": 701.609, "Inner Unique": false, "Plans": [{"Node Type": "Nested Loop", "Parent Relationship": "Outer", "Join Type": "Inner", "Startup Cost": 0.0, "Total Cost": 70475.56, "Plan Rows": 971, "Plan Width": 46, "Actual Min Startup Time": 347.616, "Actual Max Startup Time": 347.616, "Actual Min Total Time": 386.749, "Actual Max Total Time": 386.749, "Inner Unique": false, "Join Filter": "(it1.id = mi.info_type_id)", "Rows Removed by Join Filter": 789, "Plans": [{"Node Type": "Seq Scan", "Parent Relationship": "Outer", "Relation Name": "info_type", "Alias": "it1", "Startup Cost": 0.0, "Total Cost": 2.4, "Plan Rows": 1, "Plan Width": 4, "Actual Min Startup Time": 0.046, "Actual Max Startup Time": 0.046, "Actual Min Total Time": 0.079, "Actual Max Total Time": 0.079, "Filter": "((info)::text = 'genres'::text)", "Rows Removed by Filter": 111, "Actual Rows": 1}, {"Node Type": "Materialize", "Parent Relationship": "Inner", "Startup Cost": 0.0, "Total Cost": 69793.45, "Plan Rows": 67971, "Plan Width": 50, "Actual Min Startup Time": 347.531, "Actual Max Startup Time": 347.531, "Actual Min Total Time": 357.593, "Actual Max Total Time": 357.593, "Plans": [{"Node Type": "Streaming(type: LOCAL GATHER dop: 1/64)", "Parent Relationship": "Outer", "Startup Cost": 0.0, "Total Cost": 69623.52, "Plan Rows": 67971, "Plan Width": 50, "Actual Min Startup Time": 182.821, "Actual Max Startup Time": 182.821, "Actual Min Total Time": 336.355, "Actual Max Total Time": 336.355, "Plans": [{"Node Type": "Seq Scan", "Parent Relationship": "Outer", "Relation Name": "movie_info", "Alias": "mi", "Startup Cost": 0.0, "Total Cost": 68221.29, "Plan Rows": 67971, "Plan Width": 50, "Actual Min Startup Time": 53.746, "Actual Max Startup Time": 120.053, "Actual Min Total Time": 96.673, "Actual Max Total Time": 129.021, "Filter": "((note IS NULL) AND ((info)::text = ANY ('{Horror,Thriller}'::text[])))", "Rows Removed by Filter": 14762672, "Actual Rows": 73047}], "Actual Rows": 73047}], "Actual Rows": 73048}], "Actual Rows": 72258}, {"Node Type": "Index Scan", "Parent Relationship": "Inner", "Scan Direction": "Forward", "Index Name": "movie_id_movie_info_idx", "Relation Name": "movie_info_idx", "Alias": "mi_idx", "Startup Cost": 0.0, "Total Cost": 0.96, "Plan Rows": 1, "Plan Width": 13, "Actual Min Startup Time": 276.39, "Actual Max Startup Time": 276.39, "Actual Min Total Time": 279.918, "Actual Max Total Time": 279.918, "Index Cond": "(movie_id = mi.movie_id)", "Rows Removed by Index Recheck": 0, "Filter": "((info)::text > '8.0'::text)", "Rows Removed by Filter": 113143, "Actual Rows": 4135}], "Actual Rows": 4135}], "Actual Rows": 732}, {"Node Type": "Index Scan", "Parent Relationship": "Inner", "Scan Direction": "Forward", "Index Name": "title_pkey", "Relation Name": "title", "Alias": "t", "Startup Cost": 0.0, "Total Cost": 2.84, "Plan Rows": 1, "Plan Width": 21, "Actual Min Startup Time": 5.3, "Actual Max Startup Time": 5.3, "Actual Min Total Time": 5.3, "Actual Max Total Time": 5.3, "Index Cond": "(id = mi.movie_id)", "Rows Removed by Index Recheck": 0, "Filter": "((production_year >= 2008) AND (production_year <= 2014))", "Rows Removed by Filter": 374, "Actual Rows": 358}], "Actual Rows": 358}, {"Node Type": "Index Scan", "Parent Relationship": "Inner", "Scan Direction": "Forward", "Index Name": "movie_id_cast_info", "Relation Name": "cast_info", "Alias": "ci", "Startup Cost": 0.0, "Total Cost": 2.34, "Plan Rows": 1, "Plan Width": 8, "Actual Min Startup Time": 25.141, "Actual Max Startup Time": 25.141, "Actual Min Total Time": 31.897, "Actual Max Total Time": 31.897, "Index Cond": "(movie_id = t.id)", "Rows Removed by Index Recheck": 0, "Filter": "((note)::text = ANY ('{(writer),\"(head writer)\",\"(written by)\",(story),\"(story editor)\"}'::text[]))", "Rows Removed by Filter": 12296, "Actual Rows": 268}], "Actual Rows": 268}, {"Node Type": "Index Scan", "Parent Relationship": "Inner", "Scan Direction": "Forward", "Index Name": "name_pkey", "Relation Name": "name", "Alias": "n", "Startup Cost": 0.0, "Total Cost": 0.49, "Plan Rows": 1, "Plan Width": 4, "Actual Min Startup Time": 2.298, "Actual Max Startup Time": 2.298, "Actual Min Total Time": 2.298, "Actual Max Total Time": 2.298, "Index Cond": "(id = ci.person_id)", "Rows Removed by Index Recheck": 0, "Filter": "((gender IS NOT NULL) AND ((gender)::text = 'f'::text))", "Rows Removed by Filter": 257, "Actual Rows": 11}], "Actual Rows": 11}], "Actual Rows": 1}, "Triggers": [], "Planner Runtime": 47.81, "Total Runtime": 757.105, "Unique SQL Id": 661781350}}, "(64, '121')": {"explain_plan": {"Plan": {"Node Type": "Aggregate", "Strategy": "Plain", "Startup Cost": 100899.17, "Total Cost": 100899.18, "Plan Rows": 1, "Plan Width": 160, "Plans": [{"Node Type": "Nested Loop", "Parent Relationship": "Outer", "Join Type": "Inner", "Startup Cost": 0.0, "Total Cost": 100897.52, "Plan Rows": 219, "Plan Width": 64, "Inner Unique": true, "Plans": [{"Node Type": "Nested Loop", "Parent Relationship": "Outer", "Join Type": "Inner", "Startup Cost": 0.0, "Total Cost": 100736.53, "Plan Rows": 321, "Plan Width": 68, "Inner Unique": false, "Plans": [{"Node Type": "Nested Loop", "Parent Relationship": "Outer", "Join Type": "Inner", "Startup Cost": 0.0, "Total Cost": 100051.51, "Plan Rows": 291, "Plan Width": 76, "Inner Unique": false, "Join Filter": "(mi.info_type_id = it1.id)", "Plans": [{"Node Type": "Index Scan", "Parent Relationship": "Outer", "Scan Direction": "Forward", "Index Name": "info_type_pkey", "Relation Name": "info_type", "Alias": "it1", "Startup Cost": 0.0, "Total Cost": 14.21, "Plan Rows": 1, "Plan Width": 4, "Filter": "((info)::text = 'genres'::text)"}, {"Node Type": "Nested Loop", "Parent Relationship": "Inner", "Join Type": "Inner", "Startup Cost": 0.0, "Total Cost": 99865.39, "Plan Rows": 13753, "Plan Width": 80, "Inner Unique": false, "Plans": [{"Node Type": "Nested Loop", "Parent Relationship": "Outer", "Join Type": "Inner", "Startup Cost": 0.0, "Total Cost": 78493.26, "Plan Rows": 15041, "Plan Width": 30, "Inner Unique": true, "Plans": [{"Node Type": "Nested Loop", "Parent Relationship": "Outer", "Join Type": "Inner", "Startup Cost": 0.0, "Total Cost": 35880.0, "Plan Rows": 12936, "Plan Width": 9, "Inner Unique": false, "Plans": [{"Node Type": "Index Scan", "Parent Relationship": "Outer", "Scan Direction": "Forward", "Index Name": "info_type_pkey", "Relation Name": "info_type", "Alias": "it2", "Startup Cost": 0.0, "Total Cost": 14.21, "Plan Rows": 1, "Plan Width": 4, "Filter": "((info)::text = 'rating'::text)"}, {"Node Type": "Index Scan", "Parent Relationship": "Inner", "Scan Direction": "Forward", "Index Name": "info_type_id_movie_info_idx", "Relation Name": "movie_info_idx", "Alias": "mi_idx", "Startup Cost": 0.0, "Total Cost": 35736.43, "Plan Rows": 12936, "Plan Width": 13, "Index Cond": "(info_type_id = it2.id)", "Filter": "((info)::text > '8.0'::text)"}]}, {"Node Type": "Index Scan", "Parent Relationship": "Inner", "Scan Direction": "Forward", "Index Name": "title_pkey", "Relation Name": "title", "Alias": "t", "Startup Cost": 0.0, "Total Cost": 3.28, "Plan Rows": 1, "Plan Width": 21, "Index Cond": "(id = mi_idx.movie_id)", "Filter": "((production_year >= 2008) AND (production_year <= 2014))"}]}, {"Node Type": "Index Scan", "Parent Relationship": "Inner", "Scan Direction": "Forward", "Index Name": "movie_id_movie_info", "Relation Name": "movie_info", "Alias": "mi", "Startup Cost": 0.0, "Total Cost": 1.41, "Plan Rows": 1, "Plan Width": 50, "Index Cond": "(movie_id = t.id)", "Filter": "((note IS NULL) AND ((info)::text = ANY ('{Horror,Thriller}'::text[])))"}]}]}, {"Node Type": "Index Scan", "Parent Relationship": "Inner", "Scan Direction": "Forward", "Index Name": "movie_id_cast_info", "Relation Name": "cast_info", "Alias": "ci", "Startup Cost": 0.0, "Total Cost": 2.34, "Plan Rows": 1, "Plan Width": 8, "Index Cond": "(movie_id = t.id)", "Filter": "((note)::text = ANY ('{(writer),\"(head writer)\",\"(written by)\",(story),\"(story editor)\"}'::text[]))"}]}, {"Node Type": "Index Scan", "Parent Relationship": "Inner", "Scan Direction": "Forward", "Index Name": "name_pkey", "Relation Name": "name", "Alias": "n", "Startup Cost": 0.0, "Total Cost": 0.49, "Plan Rows": 1, "Plan Width": 4, "Index Cond": "(id = ci.person_id)", "Filter": "((gender IS NOT NULL) AND ((gender)::text = 'f'::text))"}]}]}, "Unique SQL Id": 661781350, "Planner Runtime": 7}, "explain_analyze_plan": {"Plan": {"Node Type": "Aggregate", "Strategy": "Plain", "Startup Cost": 100899.17, "Total Cost": 100899.18, "Plan Rows": 1, "Plan Width": 160, "Actual Startup Time": 646.883, "Actual Total Time": 646.883, "Actual Rows": 1, "Actual Loops": 1, "Plans": [{"Node Type": "Nested Loop", "Parent Relationship": "Outer", "Join Type": "Inner", "Startup Cost": 0.0, "Total Cost": 100897.52, "Plan Rows": 219, "Plan Width": 64, "Actual Startup Time": 302.209, "Actual Total Time": 646.822, "Actual Rows": 11, "Actual Loops": 1, "Inner Unique": true, "Plans": [{"Node Type": "Nested Loop", "Parent Relationship": "Outer", "Join Type": "Inner", "Startup Cost": 0.0, "Total Cost": 100736.53, "Plan Rows": 321, "Plan Width": 68, "Actual Startup Time": 80.274, "Actual Total Time": 644.093, "Actual Rows": 268, "Actual Loops": 1, "Inner Unique": false, "Plans": [{"Node Type": "Nested Loop", "Parent Relationship": "Outer", "Join Type": "Inner", "Startup Cost": 0.0, "Total Cost": 100051.51, "Plan Rows": 291, "Plan Width": 76, "Actual Startup Time": 9.546, "Actual Total Time": 610.969, "Actual Rows": 358, "Actual Loops": 1, "Inner Unique": false, "Join Filter": "(mi.info_type_id = it1.id)", "Rows Removed by Join Filter": 0, "Plans": [{"Node Type": "Index Scan", "Parent Relationship": "Outer", "Scan Direction": "Forward", "Index Name": "info_type_pkey", "Relation Name": "info_type", "Alias": "it1", "Startup Cost": 0.0, "Total Cost": 14.21, "Plan Rows": 1, "Plan Width": 4, "Actual Startup Time": 0.023, "Actual Total Time": 0.078, "Actual Rows": 1, "Actual Loops": 1, "Filter": "((info)::text = 'genres'::text)", "Rows Removed by Filter": 111}, {"Node Type": "Nested Loop", "Parent Relationship": "Inner", "Join Type": "Inner", "Startup Cost": 0.0, "Total Cost": 99865.39, "Plan Rows": 13753, "Plan Width": 80, "Actual Startup Time": 9.515, "Actual Total Time": 610.676, "Actual Rows": 358, "Actual Loops": 1, "Inner Unique": false, "Plans": [{"Node Type": "Nested Loop", "Parent Relationship": "Outer", "Join Type": "Inner", "Startup Cost": 0.0, "Total Cost": 78493.26, "Plan Rows": 15041, "Plan Width": 30, "Actual Startup Time": 1.779, "Actual Total Time": 448.29, "Actual Rows": 6152, "Actual Loops": 1, "Inner Unique": true, "Plans": [{"Node Type": "Nested Loop", "Parent Relationship": "Outer", "Join Type": "Inner", "Startup Cost": 0.0, "Total Cost": 35880.0, "Plan Rows": 12936, "Plan Width": 9, "Actual Startup Time": 0.091, "Actual Total Time": 360.8, "Actual Rows": 15849, "Actual Loops": 1, "Inner Unique": false, "Plans": [{"Node Type": "Index Scan", "Parent Relationship": "Outer", "Scan Direction": "Forward", "Index Name": "info_type_pkey", "Relation Name": "info_type", "Alias": "it2", "Startup Cost": 0.0, "Total Cost": 14.21, "Plan Rows": 1, "Plan Width": 4, "Actual Startup Time": 0.051, "Actual Total Time": 0.061, "Actual Rows": 1, "Actual Loops": 1, "Filter": "((info)::text = 'rating'::text)", "Rows Removed by Filter": 111}, {"Node Type": "Index Scan", "Parent Relationship": "Inner", "Scan Direction": "Forward", "Index Name": "info_type_id_movie_info_idx", "Relation Name": "movie_info_idx", "Alias": "mi_idx", "Startup Cost": 0.0, "Total Cost": 35736.43, "Plan Rows": 12936, "Plan Width": 13, "Actual Startup Time": 0.039, "Actual Total Time": 357.075, "Actual Rows": 15849, "Actual Loops": 1, "Index Cond": "(info_type_id = it2.id)", "Rows Removed by Index Recheck": 0, "Filter": "((info)::text > '8.0'::text)", "Rows Removed by Filter": 444076}]}, {"Node Type": "Index Scan", "Parent Relationship": "Inner", "Scan Direction": "Forward", "Index Name": "title_pkey", "Relation Name": "title", "Alias": "t", "Startup Cost": 0.0, "Total Cost": 3.28, "Plan Rows": 1, "Plan Width": 21, "Actual Startup Time": 77.447, "Actual Total Time": 77.447, "Actual Rows": 6152, "Actual Loops": 15849, "Index Cond": "(id = mi_idx.movie_id)", "Rows Removed by Index Recheck": 0, "Filter": "((production_year >= 2008) AND (production_year <= 2014))", "Rows Removed by Filter": 9697}]}, {"Node Type": "Index Scan", "Parent Relationship": "Inner", "Scan Direction": "Forward", "Index Name": "movie_id_movie_info", "Relation Name": "movie_info", "Alias": "mi", "Startup Cost": 0.0, "Total Cost": 1.41, "Plan Rows": 1, "Plan Width": 50, "Actual Startup Time": 158.486, "Actual Total Time": 158.794, "Actual Rows": 358, "Actual Loops": 6152, "Index Cond": "(movie_id = t.id)", "Rows Removed by Index Recheck": 0, "Filter": "((note IS NULL) AND ((info)::text = ANY ('{Horror,Thriller}'::text[])))", "Rows Removed by Filter": 109599}]}]}, {"Node Type": "Index Scan", "Parent Relationship": "Inner", "Scan Direction": "Forward", "Index Name": "movie_id_cast_info", "Relation Name": "cast_info", "Alias": "ci", "Startup Cost": 0.0, "Total Cost": 2.34, "Plan Rows": 1, "Plan Width": 8, "Actual Startup Time": 25.735, "Actual Total Time": 32.721, "Actual Rows": 268, "Actual Loops": 358, "Index Cond": "(movie_id = t.id)", "Rows Removed by Index Recheck": 0, "Filter": "((note)::text = ANY ('{(writer),\"(head writer)\",\"(written by)\",(story),\"(story editor)\"}'::text[]))", "Rows Removed by Filter": 12296}]}, {"Node Type": "Index Scan", "Parent Relationship": "Inner", "Scan Direction": "Forward", "Index Name": "name_pkey", "Relation Name": "name", "Alias": "n", "Startup Cost": 0.0, "Total Cost": 0.49, "Plan Rows": 1, "Plan Width": 4, "Actual Startup Time": 2.504, "Actual Total Time": 2.504, "Actual Rows": 11, "Actual Loops": 268, "Index Cond": "(id = ci.person_id)", "Rows Removed by Index Recheck": 0, "Filter": "((gender IS NOT NULL) AND ((gender)::text = 'f'::text))", "Rows Removed by Filter": 257}]}]}, "Triggers": [], "Planner Runtime": 19.617, "Total Runtime": 647.192, "Unique SQL Id": 661781350}}, "(64, '122')": {"explain_plan": {"Plan": {"Node Type": "Aggregate", "Strategy": "Plain", "Startup Cost": 739936.17, "Total Cost": 739936.21, "Plan Rows": 1, "Plan Width": 160, "Plans": [{"Node Type": "Streaming(type: LOCAL GATHER dop: 1/64)", "Parent Relationship": "Outer", "Startup Cost": 739936.17, "Total Cost": 739936.21, "Plan Rows": 1, "Plan Width": 160, "Plans": [{"Node Type": "Aggregate", "Strategy": "Plain", "Parent Relationship": "Outer", "Startup Cost": 739936.17, "Total Cost": 739936.18, "Plan Rows": 1, "Plan Width": 160, "Plans": [{"Node Type": "Nested Loop", "Parent Relationship": "Outer", "Join Type": "Inner", "Startup Cost": 288.58, "Total Cost": 739934.53, "Plan Rows": 219, "Plan Width": 64, "Inner Unique": false, "Join Filter": "(mi.movie_id = t.id)", "Plans": [{"Node Type": "Seq Scan", "Parent Relationship": "Outer", "Relation Name": "title", "Alias": "t", "Startup Cost": 288.58, "Total Cost": 64136.1, "Plan Rows": 782553, "Plan Width": 21, "Filter": "((production_year >= 2008) AND (production_year <= 2014)), (LLVM Optimized)"}, {"Node Type": "Materialize", "Parent Relationship": "Inner", "Startup Cost": 0.0, "Total Cost": 641317.65, "Plan Rows": 12032, "Plan Width": 59, "Plans": [{"Node Type": "Streaming(type: BROADCAST dop: 64/64)", "Parent Relationship": "Outer", "Startup Cost": 0.0, "Total Cost": 641316.71, "Plan Rows": 12032, "Plan Width": 59, "Plans": [{"Node Type": "Nested Loop", "Parent Relationship": "Outer", "Join Type": "Inner", "Startup Cost": 0.0, "Total Cost": 578309.07, "Plan Rows": 188, "Plan Width": 59, "Inner Unique": false, "Join Filter": "(mi_idx.movie_id = mi.movie_id)", "Plans": [{"Node Type": "Streaming(type: BROADCAST dop: 64/1)", "Parent Relationship": "Outer", "Startup Cost": 0.0, "Total Cost": 104453.21, "Plan Rows": 827904, "Plan Width": 9, "Plans": [{"Node Type": "Nested Loop", "Parent Relationship": "Outer", "Join Type": "Inner", "Startup Cost": 0.0, "Total Cost": 24373.65, "Plan Rows": 12936, "Plan Width": 9, "Inner Unique": false, "Join Filter": "(it2.id = mi_idx.info_type_id)", "Plans": [{"Node Type": "Seq Scan", "Parent Relationship": "Outer", "Relation Name": "info_type", "Alias": "it2", "Startup Cost": 0.0, "Total Cost": 2.4, "Plan Rows": 1, "Plan Width": 4, "Filter": "((info)::text = 'rating'::text)"}, {"Node Type": "Seq Scan", "Parent Relationship": "Inner", "Relation Name": "movie_info_idx", "Alias": "mi_idx", "Startup Cost": 0.0, "Total Cost": 23724.42, "Plan Rows": 51746, "Plan Width": 13, "Filter": "((info)::text > '8.0'::text)"}]}]}, {"Node Type": "Materialize", "Parent Relationship": "Inner", "Startup Cost": 0.0, "Total Cost": 471633.53, "Plan Rows": 733, "Plan Width": 50, "Plans": [{"Node Type": "Nested Loop", "Parent Relationship": "Outer", "Join Type": "Inner", "Startup Cost": 0.0, "Total Cost": 471633.47, "Plan Rows": 733, "Plan Width": 50, "Inner Unique": false, "Join Filter": "(ci.person_id = n.id)", "Plans": [{"Node Type": "Streaming(type: LOCAL REDISTRIBUTE dop: 64/64)", "Parent Relationship": "Outer", "Startup Cost": 0.0, "Total Cost": 128208.44, "Plan Rows": 624324, "Plan Width": 4, "Plans": [{"Node Type": "Seq Scan", "Parent Relationship": "Outer", "Relation Name": "name", "Alias": "n", "Startup Cost": 0.0, "Total Cost": 64617.04, "Plan Rows": 624324, "Plan Width": 4, "Filter": "((gender IS NOT NULL) AND ((gender)::text = 'f'::text)), (LLVM Optimized)"}]}, {"Node Type": "Materialize", "Parent Relationship": "Inner", "Startup Cost": 0.0, "Total Cost": 340969.54, "Plan Rows": 1074, "Plan Width": 54, "Plans": [{"Node Type": "Streaming(type: LOCAL REDISTRIBUTE dop: 64/64)", "Parent Relationship": "Outer", "Startup Cost": 0.0, "Total Cost": 340969.45, "Plan Rows": 1074, "Plan Width": 54, "Plans": [{"Node Type": "Nested Loop", "Parent Relationship": "Outer", "Join Type": "Inner", "Startup Cost": 0.0, "Total Cost": 277968.44, "Plan Rows": 1074, "Plan Width": 54, "Inner Unique": false, "Join Filter": "(mi.movie_id = ci.movie_id)", "Plans": [{"Node Type": "Streaming(type: LOCAL REDISTRIBUTE dop: 64/64)", "Parent Relationship": "Outer", "Startup Cost": 0.0, "Total Cost": 140103.96, "Plan Rows": 1223154, "Plan Width": 8, "Plans": [{"Node Type": "Seq Scan", "Parent Relationship": "Outer", "Relation Name": "cast_info", "Alias": "ci", "Startup Cost": 0.0, "Total Cost": 75945.31, "Plan Rows": 1223154, "Plan Width": 8, "Filter": "((note)::text = ANY ('{(writer),\"(head writer)\",\"(written by)\",(story),\"(story editor)\"}'::text[]))"}]}, {"Node Type": "Materialize", "Parent Relationship": "Inner", "Startup Cost": 0.0, "Total Cost": 133515.09, "Plan Rows": 971, "Plan Width": 46, "Plans": [{"Node Type": "Streaming(type: LOCAL REDISTRIBUTE dop: 64/1)", "Parent Relationship": "Outer", "Startup Cost": 0.0, "Total Cost": 133515.01, "Plan Rows": 971, "Plan Width": 46, "Plans": [{"Node Type": "Nested Loop", "Parent Relationship": "Outer", "Join Type": "Inner", "Startup Cost": 0.0, "Total Cost": 70475.56, "Plan Rows": 971, "Plan Width": 46, "Inner Unique": false, "Join Filter": "(it1.id = mi.info_type_id)", "Plans": [{"Node Type": "Seq Scan", "Parent Relationship": "Outer", "Relation Name": "info_type", "Alias": "it1", "Startup Cost": 0.0, "Total Cost": 2.4, "Plan Rows": 1, "Plan Width": 4, "Filter": "((info)::text = 'genres'::text)"}, {"Node Type": "Materialize", "Parent Relationship": "Inner", "Startup Cost": 0.0, "Total Cost": 69793.45, "Plan Rows": 67971, "Plan Width": 50, "Plans": [{"Node Type": "Streaming(type: LOCAL GATHER dop: 1/64)", "Parent Relationship": "Outer", "Startup Cost": 0.0, "Total Cost": 69623.52, "Plan Rows": 67971, "Plan Width": 50, "Plans": [{"Node Type": "Seq Scan", "Parent Relationship": "Outer", "Relation Name": "movie_info", "Alias": "mi", "Startup Cost": 0.0, "Total Cost": 68221.29, "Plan Rows": 67971, "Plan Width": 50, "Filter": "((note IS NULL) AND ((info)::text = ANY ('{Horror,Thriller}'::text[])))"}]}]}]}]}]}]}]}]}]}]}]}]}]}]}]}]}]}, "Unique SQL Id": 661781350, "Planner Runtime": 14}, "explain_analyze_plan": null}, "(64, '123')": {"explain_plan": {"Plan": {"Node Type": "Aggregate", "Strategy": "Plain", "Startup Cost": 7000346357848.23, "Total Cost": 7000346357848.24, "Plan Rows": 1, "Plan Width": 160, "Plans": [{"Node Type": "Nested Loop", "Parent Relationship": "Outer", "Join Type": "Inner", "Startup Cost": 70000000000.0, "Total Cost": 7000346357846.58, "Plan Rows": 219, "Plan Width": 64, "Inner Unique": false, "Join Filter": "(mi.movie_id = t.id)", "Plans": [{"Node Type": "Index Scan", "Parent Relationship": "Outer", "Scan Direction": "Forward", "Index Name": "title_pkey", "Relation Name": "title", "Alias": "t", "Startup Cost": 10000000000.0, "Total Cost": 1000012276204.41, "Plan Rows": 782553, "Plan Width": 21, "Filter": "((production_year >= 2008) AND (production_year <= 2014)), (LLVM Optimized)"}, {"Node Type": "Materialize", "Parent Relationship": "Inner", "Startup Cost": 60000000000.0, "Total Cost": 6000331874843.18, "Plan Rows": 188, "Plan Width": 59, "Plans": [{"Node Type": "Nested Loop", "Parent Relationship": "Outer", "Join Type": "Inner", "Startup Cost": 60000000000.0, "Total Cost": 6000331874842.24, "Plan Rows": 188, "Plan Width": 59, "Inner Unique": true, "Join Filter": "(ci.person_id = n.id)", "Plans": [{"Node Type": "Nested Loop", "Parent Relationship": "Outer", "Join Type": "Inner", "Startup Cost": 50000000000.0, "Total Cost": 5000310623432.87, "Plan Rows": 276, "Plan Width": 63, "Inner Unique": false, "Join Filter": "(mi.movie_id = ci.movie_id)", "Plans": [{"Node Type": "Nested Loop", "Parent Relationship": "Outer", "Join Type": "Inner", "Startup Cost": 40000000000.0, "Total Cost": 4000112722530.52, "Plan Rows": 250, "Plan Width": 55, "Inner Unique": false, "Join Filter": "(mi.movie_id = mi_idx.movie_id)", "Plans": [{"Node Type": "Nested Loop", "Parent Relationship": "Outer", "Join Type": "Inner", "Startup Cost": 20000000000.0, "Total Cost": 2000107536844.28, "Plan Rows": 971, "Plan Width": 46, "Inner Unique": true, "Join Filter": "(it1.id = mi.info_type_id)", "Plans": [{"Node Type": "Index Scan", "Parent Relationship": "Outer", "Scan Direction": "Forward", "Index Name": "movie_id_movie_info", "Relation Name": "movie_info", "Alias": "mi", "Startup Cost": 10000000000.0, "Total Cost": 1000107534403.72, "Plan Rows": 67971, "Plan Width": 50, "Filter": "((note IS NULL) AND ((info)::text = ANY ('{Horror,Thriller}'::text[])))"}, {"Node Type": "Materialize", "Parent Relationship": "Inner", "Startup Cost": 10000000000.0, "Total Cost": 1000000001421.0, "Plan Rows": 1, "Plan Width": 4, "Plans": [{"Node Type": "Index Scan", "Parent Relationship": "Outer", "Scan Direction": "Forward", "Index Name": "info_type_pkey", "Relation Name": "info_type", "Alias": "it1", "Startup Cost": 10000000000.0, "Total Cost": 1000000001421.0, "Plan Rows": 1, "Plan Width": 4, "Filter": "((info)::text = 'genres'::text)"}]}]}, {"Node Type": "Materialize", "Parent Relationship": "Inner", "Startup Cost": 20000000000.0, "Total Cost": 2000004997305.74, "Plan Rows": 12936, "Plan Width": 9, "Plans": [{"Node Type": "Nested Loop", "Parent Relationship": "Outer", "Join Type": "Inner", "Startup Cost": 20000000000.0, "Total Cost": 2000004997241.06, "Plan Rows": 12936, "Plan Width": 9, "Inner Unique": true, "Join Filter": "(it2.id = mi_idx.info_type_id)", "Plans": [{"Node Type": "Index Scan", "Parent Relationship": "Outer", "Scan Direction": "Forward", "Index Name": "movie_id_movie_info_idx", "Relation Name": "movie_info_idx", "Alias": "mi_idx", "Startup Cost": 10000000000.0, "Total Cost": 1000004995043.87, "Plan Rows": 51746, "Plan Width": 13, "Filter": "((info)::text > '8.0'::text)"}, {"Node Type": "Materialize", "Parent Relationship": "Inner", "Startup Cost": 10000000000.0, "Total Cost": 1000000001421.0, "Plan Rows": 1, "Plan Width": 4, "Plans": [{"Node Type": "Index Scan", "Parent Relationship": "Outer", "Scan Direction": "Forward", "Index Name": "info_type_pkey", "Relation Name": "info_type", "Alias": "it2", "Startup Cost": 10000000000.0, "Total Cost": 1000000001421.0, "Plan Rows": 1, "Plan Width": 4, "Filter": "((info)::text = 'rating'::text)"}]}]}]}]}, {"Node Type": "Materialize", "Parent Relationship": "Inner", "Startup Cost": 10000000000.0, "Total Cost": 1000193317132.73, "Plan Rows": 1223154, "Plan Width": 8, "Plans": [{"Node Type": "Index Scan", "Parent Relationship": "Outer", "Scan Direction": "Forward", "Index Name": "person_id_cast_info", "Relation Name": "cast_info", "Alias": "ci", "Startup Cost": 10000000000.0, "Total Cost": 1000193311016.96, "Plan Rows": 1223154, "Plan Width": 8, "Filter": "((note)::text = ANY ('{(writer),\"(head writer)\",\"(written by)\",(story),\"(story editor)\"}'::text[]))"}]}]}, {"Node Type": "Materialize", "Parent Relationship": "Inner", "Startup Cost": 10000000000.0, "Total Cost": 1000018668268.82, "Plan Rows": 624324, "Plan Width": 4, "Plans": [{"Node Type": "Index Scan", "Parent Relationship": "Outer", "Scan Direction": "Forward", "Index Name": "name_pkey", "Relation Name": "name", "Alias": "n", "Startup Cost": 10000000000.0, "Total Cost": 1000018665147.2, "Plan Rows": 624324, "Plan Width": 4, "Filter": "((gender IS NOT NULL) AND ((gender)::text = 'f'::text)), (LLVM Optimized)"}]}]}]}]}]}, "Unique SQL Id": 661781350, "Planner Runtime": 7}, "explain_analyze_plan": null}, "(64, '124')": {"explain_plan": {"Plan": {"Node Type": "Aggregate", "Strategy": "Plain", "Startup Cost": 72993.18, "Total Cost": 72993.19, "Plan Rows": 1, "Plan Width": 160, "Plans": [{"Node Type": "Nested Loop", "Parent Relationship": "Outer", "Join Type": "Inner", "Startup Cost": 0.0, "Total Cost": 72991.54, "Plan Rows": 219, "Plan Width": 64, "Inner Unique": true, "Plans": [{"Node Type": "Nested Loop", "Parent Relationship": "Outer", "Join Type": "Inner", "Startup Cost": 0.0, "Total Cost": 72830.55, "Plan Rows": 321, "Plan Width": 68, "Inner Unique": false, "Plans": [{"Node Type": "Nested Loop", "Parent Relationship": "Outer", "Join Type": "Inner", "Startup Cost": 0.0, "Total Cost": 72145.52, "Plan Rows": 291, "Plan Width": 76, "Inner Unique": true, "Plans": [{"Node Type": "Nested Loop", "Parent Relationship": "Outer", "Join Type": "Inner", "Startup Cost": 0.0, "Total Cost": 71432.31, "Plan Rows": 250, "Plan Width": 55, "Inner Unique": false, "Join Filter": "(mi_idx.info_type_id = it2.id)", "Plans": [{"Node Type": "Seq Scan", "Parent Relationship": "Outer", "Relation Name": "info_type", "Alias": "it2", "Startup Cost": 0.0, "Total Cost": 2.4, "Plan Rows": 1, "Plan Width": 4, "Filter": "((info)::text = 'rating'::text)"}, {"Node Type": "Nested Loop", "Parent Relationship": "Inner", "Join Type": "Inner", "Startup Cost": 0.0, "Total Cost": 71417.42, "Plan Rows": 999, "Plan Width": 59, "Inner Unique": false, "Plans": [{"Node Type": "Nested Loop", "Parent Relationship": "Outer", "Join Type": "Inner", "Startup Cost": 0.0, "Total Cost": 70475.56, "Plan Rows": 971, "Plan Width": 46, "Inner Unique": false, "Join Filter": "(it1.id = mi.info_type_id)", "Plans": [{"Node Type": "Seq Scan", "Parent Relationship": "Outer", "Relation Name": "info_type", "Alias": "it1", "Startup Cost": 0.0, "Total Cost": 2.4, "Plan Rows": 1, "Plan Width": 4, "Filter": "((info)::text = 'genres'::text)"}, {"Node Type": "Materialize", "Parent Relationship": "Inner", "Startup Cost": 0.0, "Total Cost": 69793.45, "Plan Rows": 67971, "Plan Width": 50, "Plans": [{"Node Type": "Streaming(type: LOCAL GATHER dop: 1/64)", "Parent Relationship": "Outer", "Startup Cost": 0.0, "Total Cost": 69623.52, "Plan Rows": 67971, "Plan Width": 50, "Plans": [{"Node Type": "Seq Scan", "Parent Relationship": "Outer", "Relation Name": "movie_info", "Alias": "mi", "Startup Cost": 0.0, "Total Cost": 68221.29, "Plan Rows": 67971, "Plan Width": 50, "Filter": "((note IS NULL) AND ((info)::text = ANY ('{Horror,Thriller}'::text[])))"}]}]}]}, {"Node Type": "Index Scan", "Parent Relationship": "Inner", "Scan Direction": "Forward", "Index Name": "movie_id_movie_info_idx", "Relation Name": "movie_info_idx", "Alias": "mi_idx", "Startup Cost": 0.0, "Total Cost": 0.96, "Plan Rows": 1, "Plan Width": 13, "Index Cond": "(movie_id = mi.movie_id)", "Filter": "((info)::text > '8.0'::text)"}]}]}, {"Node Type": "Index Scan", "Parent Relationship": "Inner", "Scan Direction": "Forward", "Index Name": "title_pkey", "Relation Name": "title", "Alias": "t", "Startup Cost": 0.0, "Total Cost": 2.84, "Plan Rows": 1, "Plan Width": 21, "Index Cond": "(id = mi.movie_id)", "Filter": "((production_year >= 2008) AND (production_year <= 2014))"}]}, {"Node Type": "Index Scan", "Parent Relationship": "Inner", "Scan Direction": "Forward", "Index Name": "movie_id_cast_info", "Relation Name": "cast_info", "Alias": "ci", "Startup Cost": 0.0, "Total Cost": 2.34, "Plan Rows": 1, "Plan Width": 8, "Index Cond": "(movie_id = t.id)", "Filter": "((note)::text = ANY ('{(writer),\"(head writer)\",\"(written by)\",(story),\"(story editor)\"}'::text[]))"}]}, {"Node Type": "Index Scan", "Parent Relationship": "Inner", "Scan Direction": "Forward", "Index Name": "name_pkey", "Relation Name": "name", "Alias": "n", "Startup Cost": 0.0, "Total Cost": 0.49, "Plan Rows": 1, "Plan Width": 4, "Index Cond": "(id = ci.person_id)", "Filter": "((gender IS NOT NULL) AND ((gender)::text = 'f'::text))"}]}]}, "Unique SQL Id": 661781350, "Planner Runtime": 9}, "explain_analyze_plan": {"Plan": {"Node Type": "Aggregate", "Strategy": "Plain", "Startup Cost": 72993.18, "Total Cost": 72993.19, "Plan Rows": 1, "Plan Width": 160, "Actual Min Startup Time": 744.744, "Actual Max Startup Time": 744.744, "Actual Min Total Time": 744.745, "Actual Max Total Time": 744.745, "Plans": [{"Node Type": "Nested Loop", "Parent Relationship": "Outer", "Join Type": "Inner", "Startup Cost": 0.0, "Total Cost": 72991.54, "Plan Rows": 219, "Plan Width": 64, "Actual Min Startup Time": 360.554, "Actual Max Startup Time": 360.554, "Actual Min Total Time": 744.685, "Actual Max Total Time": 744.685, "Inner Unique": true, "Plans": [{"Node Type": "Nested Loop", "Parent Relationship": "Outer", "Join Type": "Inner", "Startup Cost": 0.0, "Total Cost": 72830.55, "Plan Rows": 321, "Plan Width": 68, "Actual Min Startup Time": 349.305, "Actual Max Startup Time": 349.305, "Actual Min Total Time": 742.187, "Actual Max Total Time": 742.187, "Inner Unique": false, "Plans": [{"Node Type": "Nested Loop", "Parent Relationship": "Outer", "Join Type": "Inner", "Startup Cost": 0.0, "Total Cost": 72145.52, "Plan Rows": 291, "Plan Width": 76, "Actual Min Startup Time": 347.86, "Actual Max Startup Time": 347.86, "Actual Min Total Time": 710.007, "Actual Max Total Time": 710.007, "Inner Unique": true, "Plans": [{"Node Type": "Nested Loop", "Parent Relationship": "Outer", "Join Type": "Inner", "Startup Cost": 0.0, "Total Cost": 71432.31, "Plan Rows": 250, "Plan Width": 55, "Actual Min Startup Time": 347.833, "Actual Max Startup Time": 347.833, "Actual Min Total Time": 704.112, "Actual Max Total Time": 704.112, "Inner Unique": false, "Join Filter": "(mi_idx.info_type_id = it2.id)", "Rows Removed by Join Filter": 3403, "Plans": [{"Node Type": "Seq Scan", "Parent Relationship": "Outer", "Relation Name": "info_type", "Alias": "it2", "Startup Cost": 0.0, "Total Cost": 2.4, "Plan Rows": 1, "Plan Width": 4, "Actual Min Startup Time": 0.096, "Actual Max Startup Time": 0.096, "Actual Min Total Time": 0.108, "Actual Max Total Time": 0.108, "Filter": "((info)::text = 'rating'::text)", "Rows Removed by Filter": 111, "Actual Rows": 1}, {"Node Type": "Nested Loop", "Parent Relationship": "Inner", "Join Type": "Inner", "Startup Cost": 0.0, "Total Cost": 71417.42, "Plan Rows": 999, "Plan Width": 59, "Actual Min Startup Time": 347.719, "Actual Max Startup Time": 347.719, "Actual Min Total Time": 701.609, "Actual Max Total Time": 701.609, "Inner Unique": false, "Plans": [{"Node Type": "Nested Loop", "Parent Relationship": "Outer", "Join Type": "Inner", "Startup Cost": 0.0, "Total Cost": 70475.56, "Plan Rows": 971, "Plan Width": 46, "Actual Min Startup Time": 347.616, "Actual Max Startup Time": 347.616, "Actual Min Total Time": 386.749, "Actual Max Total Time": 386.749, "Inner Unique": false, "Join Filter": "(it1.id = mi.info_type_id)", "Rows Removed by Join Filter": 789, "Plans": [{"Node Type": "Seq Scan", "Parent Relationship": "Outer", "Relation Name": "info_type", "Alias": "it1", "Startup Cost": 0.0, "Total Cost": 2.4, "Plan Rows": 1, "Plan Width": 4, "Actual Min Startup Time": 0.046, "Actual Max Startup Time": 0.046, "Actual Min Total Time": 0.079, "Actual Max Total Time": 0.079, "Filter": "((info)::text = 'genres'::text)", "Rows Removed by Filter": 111, "Actual Rows": 1}, {"Node Type": "Materialize", "Parent Relationship": "Inner", "Startup Cost": 0.0, "Total Cost": 69793.45, "Plan Rows": 67971, "Plan Width": 50, "Actual Min Startup Time": 347.531, "Actual Max Startup Time": 347.531, "Actual Min Total Time": 357.593, "Actual Max Total Time": 357.593, "Plans": [{"Node Type": "Streaming(type: LOCAL GATHER dop: 1/64)", "Parent Relationship": "Outer", "Startup Cost": 0.0, "Total Cost": 69623.52, "Plan Rows": 67971, "Plan Width": 50, "Actual Min Startup Time": 182.821, "Actual Max Startup Time": 182.821, "Actual Min Total Time": 336.355, "Actual Max Total Time": 336.355, "Plans": [{"Node Type": "Seq Scan", "Parent Relationship": "Outer", "Relation Name": "movie_info", "Alias": "mi", "Startup Cost": 0.0, "Total Cost": 68221.29, "Plan Rows": 67971, "Plan Width": 50, "Actual Min Startup Time": 53.746, "Actual Max Startup Time": 120.053, "Actual Min Total Time": 96.673, "Actual Max Total Time": 129.021, "Filter": "((note IS NULL) AND ((info)::text = ANY ('{Horror,Thriller}'::text[])))", "Rows Removed by Filter": 14762672, "Actual Rows": 73047}], "Actual Rows": 73047}], "Actual Rows": 73048}], "Actual Rows": 72258}, {"Node Type": "Index Scan", "Parent Relationship": "Inner", "Scan Direction": "Forward", "Index Name": "movie_id_movie_info_idx", "Relation Name": "movie_info_idx", "Alias": "mi_idx", "Startup Cost": 0.0, "Total Cost": 0.96, "Plan Rows": 1, "Plan Width": 13, "Actual Min Startup Time": 276.39, "Actual Max Startup Time": 276.39, "Actual Min Total Time": 279.918, "Actual Max Total Time": 279.918, "Index Cond": "(movie_id = mi.movie_id)", "Rows Removed by Index Recheck": 0, "Filter": "((info)::text > '8.0'::text)", "Rows Removed by Filter": 113143, "Actual Rows": 4135}], "Actual Rows": 4135}], "Actual Rows": 732}, {"Node Type": "Index Scan", "Parent Relationship": "Inner", "Scan Direction": "Forward", "Index Name": "title_pkey", "Relation Name": "title", "Alias": "t", "Startup Cost": 0.0, "Total Cost": 2.84, "Plan Rows": 1, "Plan Width": 21, "Actual Min Startup Time": 5.3, "Actual Max Startup Time": 5.3, "Actual Min Total Time": 5.3, "Actual Max Total Time": 5.3, "Index Cond": "(id = mi.movie_id)", "Rows Removed by Index Recheck": 0, "Filter": "((production_year >= 2008) AND (production_year <= 2014))", "Rows Removed by Filter": 374, "Actual Rows": 358}], "Actual Rows": 358}, {"Node Type": "Index Scan", "Parent Relationship": "Inner", "Scan Direction": "Forward", "Index Name": "movie_id_cast_info", "Relation Name": "cast_info", "Alias": "ci", "Startup Cost": 0.0, "Total Cost": 2.34, "Plan Rows": 1, "Plan Width": 8, "Actual Min Startup Time": 25.141, "Actual Max Startup Time": 25.141, "Actual Min Total Time": 31.897, "Actual Max Total Time": 31.897, "Index Cond": "(movie_id = t.id)", "Rows Removed by Index Recheck": 0, "Filter": "((note)::text = ANY ('{(writer),\"(head writer)\",\"(written by)\",(story),\"(story editor)\"}'::text[]))", "Rows Removed by Filter": 12296, "Actual Rows": 268}], "Actual Rows": 268}, {"Node Type": "Index Scan", "Parent Relationship": "Inner", "Scan Direction": "Forward", "Index Name": "name_pkey", "Relation Name": "name", "Alias": "n", "Startup Cost": 0.0, "Total Cost": 0.49, "Plan Rows": 1, "Plan Width": 4, "Actual Min Startup Time": 2.298, "Actual Max Startup Time": 2.298, "Actual Min Total Time": 2.298, "Actual Max Total Time": 2.298, "Index Cond": "(id = ci.person_id)", "Rows Removed by Index Recheck": 0, "Filter": "((gender IS NOT NULL) AND ((gender)::text = 'f'::text))", "Rows Removed by Filter": 257, "Actual Rows": 11}], "Actual Rows": 11}], "Actual Rows": 1}, "Triggers": [], "Planner Runtime": 47.81, "Total Runtime": 757.105, "Unique SQL Id": 661781350}}, "(64, '125')": {"explain_plan": {"Plan": {"Node Type": "Aggregate", "Strategy": "Plain", "Startup Cost": 100899.17, "Total Cost": 100899.18, "Plan Rows": 1, "Plan Width": 160, "Plans": [{"Node Type": "Nested Loop", "Parent Relationship": "Outer", "Join Type": "Inner", "Startup Cost": 0.0, "Total Cost": 100897.52, "Plan Rows": 219, "Plan Width": 64, "Inner Unique": true, "Plans": [{"Node Type": "Nested Loop", "Parent Relationship": "Outer", "Join Type": "Inner", "Startup Cost": 0.0, "Total Cost": 100736.53, "Plan Rows": 321, "Plan Width": 68, "Inner Unique": false, "Plans": [{"Node Type": "Nested Loop", "Parent Relationship": "Outer", "Join Type": "Inner", "Startup Cost": 0.0, "Total Cost": 100051.51, "Plan Rows": 291, "Plan Width": 76, "Inner Unique": false, "Join Filter": "(mi.info_type_id = it1.id)", "Plans": [{"Node Type": "Index Scan", "Parent Relationship": "Outer", "Scan Direction": "Forward", "Index Name": "info_type_pkey", "Relation Name": "info_type", "Alias": "it1", "Startup Cost": 0.0, "Total Cost": 14.21, "Plan Rows": 1, "Plan Width": 4, "Filter": "((info)::text = 'genres'::text)"}, {"Node Type": "Nested Loop", "Parent Relationship": "Inner", "Join Type": "Inner", "Startup Cost": 0.0, "Total Cost": 99865.39, "Plan Rows": 13753, "Plan Width": 80, "Inner Unique": false, "Plans": [{"Node Type": "Nested Loop", "Parent Relationship": "Outer", "Join Type": "Inner", "Startup Cost": 0.0, "Total Cost": 78493.26, "Plan Rows": 15041, "Plan Width": 30, "Inner Unique": true, "Plans": [{"Node Type": "Nested Loop", "Parent Relationship": "Outer", "Join Type": "Inner", "Startup Cost": 0.0, "Total Cost": 35880.0, "Plan Rows": 12936, "Plan Width": 9, "Inner Unique": false, "Plans": [{"Node Type": "Index Scan", "Parent Relationship": "Outer", "Scan Direction": "Forward", "Index Name": "info_type_pkey", "Relation Name": "info_type", "Alias": "it2", "Startup Cost": 0.0, "Total Cost": 14.21, "Plan Rows": 1, "Plan Width": 4, "Filter": "((info)::text = 'rating'::text)"}, {"Node Type": "Index Scan", "Parent Relationship": "Inner", "Scan Direction": "Forward", "Index Name": "info_type_id_movie_info_idx", "Relation Name": "movie_info_idx", "Alias": "mi_idx", "Startup Cost": 0.0, "Total Cost": 35736.43, "Plan Rows": 12936, "Plan Width": 13, "Index Cond": "(info_type_id = it2.id)", "Filter": "((info)::text > '8.0'::text)"}]}, {"Node Type": "Index Scan", "Parent Relationship": "Inner", "Scan Direction": "Forward", "Index Name": "title_pkey", "Relation Name": "title", "Alias": "t", "Startup Cost": 0.0, "Total Cost": 3.28, "Plan Rows": 1, "Plan Width": 21, "Index Cond": "(id = mi_idx.movie_id)", "Filter": "((production_year >= 2008) AND (production_year <= 2014))"}]}, {"Node Type": "Index Scan", "Parent Relationship": "Inner", "Scan Direction": "Forward", "Index Name": "movie_id_movie_info", "Relation Name": "movie_info", "Alias": "mi", "Startup Cost": 0.0, "Total Cost": 1.41, "Plan Rows": 1, "Plan Width": 50, "Index Cond": "(movie_id = t.id)", "Filter": "((note IS NULL) AND ((info)::text = ANY ('{Horror,Thriller}'::text[])))"}]}]}, {"Node Type": "Index Scan", "Parent Relationship": "Inner", "Scan Direction": "Forward", "Index Name": "movie_id_cast_info", "Relation Name": "cast_info", "Alias": "ci", "Startup Cost": 0.0, "Total Cost": 2.34, "Plan Rows": 1, "Plan Width": 8, "Index Cond": "(movie_id = t.id)", "Filter": "((note)::text = ANY ('{(writer),\"(head writer)\",\"(written by)\",(story),\"(story editor)\"}'::text[]))"}]}, {"Node Type": "Index Scan", "Parent Relationship": "Inner", "Scan Direction": "Forward", "Index Name": "name_pkey", "Relation Name": "name", "Alias": "n", "Startup Cost": 0.0, "Total Cost": 0.49, "Plan Rows": 1, "Plan Width": 4, "Index Cond": "(id = ci.person_id)", "Filter": "((gender IS NOT NULL) AND ((gender)::text = 'f'::text))"}]}]}, "Unique SQL Id": 661781350, "Planner Runtime": 7}, "explain_analyze_plan": {"Plan": {"Node Type": "Aggregate", "Strategy": "Plain", "Startup Cost": 100899.17, "Total Cost": 100899.18, "Plan Rows": 1, "Plan Width": 160, "Actual Startup Time": 646.883, "Actual Total Time": 646.883, "Actual Rows": 1, "Actual Loops": 1, "Plans": [{"Node Type": "Nested Loop", "Parent Relationship": "Outer", "Join Type": "Inner", "Startup Cost": 0.0, "Total Cost": 100897.52, "Plan Rows": 219, "Plan Width": 64, "Actual Startup Time": 302.209, "Actual Total Time": 646.822, "Actual Rows": 11, "Actual Loops": 1, "Inner Unique": true, "Plans": [{"Node Type": "Nested Loop", "Parent Relationship": "Outer", "Join Type": "Inner", "Startup Cost": 0.0, "Total Cost": 100736.53, "Plan Rows": 321, "Plan Width": 68, "Actual Startup Time": 80.274, "Actual Total Time": 644.093, "Actual Rows": 268, "Actual Loops": 1, "Inner Unique": false, "Plans": [{"Node Type": "Nested Loop", "Parent Relationship": "Outer", "Join Type": "Inner", "Startup Cost": 0.0, "Total Cost": 100051.51, "Plan Rows": 291, "Plan Width": 76, "Actual Startup Time": 9.546, "Actual Total Time": 610.969, "Actual Rows": 358, "Actual Loops": 1, "Inner Unique": false, "Join Filter": "(mi.info_type_id = it1.id)", "Rows Removed by Join Filter": 0, "Plans": [{"Node Type": "Index Scan", "Parent Relationship": "Outer", "Scan Direction": "Forward", "Index Name": "info_type_pkey", "Relation Name": "info_type", "Alias": "it1", "Startup Cost": 0.0, "Total Cost": 14.21, "Plan Rows": 1, "Plan Width": 4, "Actual Startup Time": 0.023, "Actual Total Time": 0.078, "Actual Rows": 1, "Actual Loops": 1, "Filter": "((info)::text = 'genres'::text)", "Rows Removed by Filter": 111}, {"Node Type": "Nested Loop", "Parent Relationship": "Inner", "Join Type": "Inner", "Startup Cost": 0.0, "Total Cost": 99865.39, "Plan Rows": 13753, "Plan Width": 80, "Actual Startup Time": 9.515, "Actual Total Time": 610.676, "Actual Rows": 358, "Actual Loops": 1, "Inner Unique": false, "Plans": [{"Node Type": "Nested Loop", "Parent Relationship": "Outer", "Join Type": "Inner", "Startup Cost": 0.0, "Total Cost": 78493.26, "Plan Rows": 15041, "Plan Width": 30, "Actual Startup Time": 1.779, "Actual Total Time": 448.29, "Actual Rows": 6152, "Actual Loops": 1, "Inner Unique": true, "Plans": [{"Node Type": "Nested Loop", "Parent Relationship": "Outer", "Join Type": "Inner", "Startup Cost": 0.0, "Total Cost": 35880.0, "Plan Rows": 12936, "Plan Width": 9, "Actual Startup Time": 0.091, "Actual Total Time": 360.8, "Actual Rows": 15849, "Actual Loops": 1, "Inner Unique": false, "Plans": [{"Node Type": "Index Scan", "Parent Relationship": "Outer", "Scan Direction": "Forward", "Index Name": "info_type_pkey", "Relation Name": "info_type", "Alias": "it2", "Startup Cost": 0.0, "Total Cost": 14.21, "Plan Rows": 1, "Plan Width": 4, "Actual Startup Time": 0.051, "Actual Total Time": 0.061, "Actual Rows": 1, "Actual Loops": 1, "Filter": "((info)::text = 'rating'::text)", "Rows Removed by Filter": 111}, {"Node Type": "Index Scan", "Parent Relationship": "Inner", "Scan Direction": "Forward", "Index Name": "info_type_id_movie_info_idx", "Relation Name": "movie_info_idx", "Alias": "mi_idx", "Startup Cost": 0.0, "Total Cost": 35736.43, "Plan Rows": 12936, "Plan Width": 13, "Actual Startup Time": 0.039, "Actual Total Time": 357.075, "Actual Rows": 15849, "Actual Loops": 1, "Index Cond": "(info_type_id = it2.id)", "Rows Removed by Index Recheck": 0, "Filter": "((info)::text > '8.0'::text)", "Rows Removed by Filter": 444076}]}, {"Node Type": "Index Scan", "Parent Relationship": "Inner", "Scan Direction": "Forward", "Index Name": "title_pkey", "Relation Name": "title", "Alias": "t", "Startup Cost": 0.0, "Total Cost": 3.28, "Plan Rows": 1, "Plan Width": 21, "Actual Startup Time": 77.447, "Actual Total Time": 77.447, "Actual Rows": 6152, "Actual Loops": 15849, "Index Cond": "(id = mi_idx.movie_id)", "Rows Removed by Index Recheck": 0, "Filter": "((production_year >= 2008) AND (production_year <= 2014))", "Rows Removed by Filter": 9697}]}, {"Node Type": "Index Scan", "Parent Relationship": "Inner", "Scan Direction": "Forward", "Index Name": "movie_id_movie_info", "Relation Name": "movie_info", "Alias": "mi", "Startup Cost": 0.0, "Total Cost": 1.41, "Plan Rows": 1, "Plan Width": 50, "Actual Startup Time": 158.486, "Actual Total Time": 158.794, "Actual Rows": 358, "Actual Loops": 6152, "Index Cond": "(movie_id = t.id)", "Rows Removed by Index Recheck": 0, "Filter": "((note IS NULL) AND ((info)::text = ANY ('{Horror,Thriller}'::text[])))", "Rows Removed by Filter": 109599}]}]}, {"Node Type": "Index Scan", "Parent Relationship": "Inner", "Scan Direction": "Forward", "Index Name": "movie_id_cast_info", "Relation Name": "cast_info", "Alias": "ci", "Startup Cost": 0.0, "Total Cost": 2.34, "Plan Rows": 1, "Plan Width": 8, "Actual Startup Time": 25.735, "Actual Total Time": 32.721, "Actual Rows": 268, "Actual Loops": 358, "Index Cond": "(movie_id = t.id)", "Rows Removed by Index Recheck": 0, "Filter": "((note)::text = ANY ('{(writer),\"(head writer)\",\"(written by)\",(story),\"(story editor)\"}'::text[]))", "Rows Removed by Filter": 12296}]}, {"Node Type": "Index Scan", "Parent Relationship": "Inner", "Scan Direction": "Forward", "Index Name": "name_pkey", "Relation Name": "name", "Alias": "n", "Startup Cost": 0.0, "Total Cost": 0.49, "Plan Rows": 1, "Plan Width": 4, "Actual Startup Time": 2.504, "Actual Total Time": 2.504, "Actual Rows": 11, "Actual Loops": 268, "Index Cond": "(id = ci.person_id)", "Rows Removed by Index Recheck": 0, "Filter": "((gender IS NOT NULL) AND ((gender)::text = 'f'::text))", "Rows Removed by Filter": 257}]}]}, "Triggers": [], "Planner Runtime": 19.617, "Total Runtime": 647.192, "Unique SQL Id": 661781350}}, "(64, '126')": {"explain_plan": {"Plan": {"Node Type": "Aggregate", "Strategy": "Plain", "Startup Cost": 739936.17, "Total Cost": 739936.21, "Plan Rows": 1, "Plan Width": 160, "Plans": [{"Node Type": "Streaming(type: LOCAL GATHER dop: 1/64)", "Parent Relationship": "Outer", "Startup Cost": 739936.17, "Total Cost": 739936.21, "Plan Rows": 1, "Plan Width": 160, "Plans": [{"Node Type": "Aggregate", "Strategy": "Plain", "Parent Relationship": "Outer", "Startup Cost": 739936.17, "Total Cost": 739936.18, "Plan Rows": 1, "Plan Width": 160, "Plans": [{"Node Type": "Nested Loop", "Parent Relationship": "Outer", "Join Type": "Inner", "Startup Cost": 288.58, "Total Cost": 739934.53, "Plan Rows": 219, "Plan Width": 64, "Inner Unique": false, "Join Filter": "(mi.movie_id = t.id)", "Plans": [{"Node Type": "Seq Scan", "Parent Relationship": "Outer", "Relation Name": "title", "Alias": "t", "Startup Cost": 288.58, "Total Cost": 64136.1, "Plan Rows": 782553, "Plan Width": 21, "Filter": "((production_year >= 2008) AND (production_year <= 2014)), (LLVM Optimized)"}, {"Node Type": "Materialize", "Parent Relationship": "Inner", "Startup Cost": 0.0, "Total Cost": 641317.65, "Plan Rows": 12032, "Plan Width": 59, "Plans": [{"Node Type": "Streaming(type: BROADCAST dop: 64/64)", "Parent Relationship": "Outer", "Startup Cost": 0.0, "Total Cost": 641316.71, "Plan Rows": 12032, "Plan Width": 59, "Plans": [{"Node Type": "Nested Loop", "Parent Relationship": "Outer", "Join Type": "Inner", "Startup Cost": 0.0, "Total Cost": 578309.07, "Plan Rows": 188, "Plan Width": 59, "Inner Unique": false, "Join Filter": "(mi_idx.movie_id = mi.movie_id)", "Plans": [{"Node Type": "Streaming(type: BROADCAST dop: 64/1)", "Parent Relationship": "Outer", "Startup Cost": 0.0, "Total Cost": 104453.21, "Plan Rows": 827904, "Plan Width": 9, "Plans": [{"Node Type": "Nested Loop", "Parent Relationship": "Outer", "Join Type": "Inner", "Startup Cost": 0.0, "Total Cost": 24373.65, "Plan Rows": 12936, "Plan Width": 9, "Inner Unique": false, "Join Filter": "(it2.id = mi_idx.info_type_id)", "Plans": [{"Node Type": "Seq Scan", "Parent Relationship": "Outer", "Relation Name": "info_type", "Alias": "it2", "Startup Cost": 0.0, "Total Cost": 2.4, "Plan Rows": 1, "Plan Width": 4, "Filter": "((info)::text = 'rating'::text)"}, {"Node Type": "Seq Scan", "Parent Relationship": "Inner", "Relation Name": "movie_info_idx", "Alias": "mi_idx", "Startup Cost": 0.0, "Total Cost": 23724.42, "Plan Rows": 51746, "Plan Width": 13, "Filter": "((info)::text > '8.0'::text)"}]}]}, {"Node Type": "Materialize", "Parent Relationship": "Inner", "Startup Cost": 0.0, "Total Cost": 471633.53, "Plan Rows": 733, "Plan Width": 50, "Plans": [{"Node Type": "Nested Loop", "Parent Relationship": "Outer", "Join Type": "Inner", "Startup Cost": 0.0, "Total Cost": 471633.47, "Plan Rows": 733, "Plan Width": 50, "Inner Unique": false, "Join Filter": "(ci.person_id = n.id)", "Plans": [{"Node Type": "Streaming(type: LOCAL REDISTRIBUTE dop: 64/64)", "Parent Relationship": "Outer", "Startup Cost": 0.0, "Total Cost": 128208.44, "Plan Rows": 624324, "Plan Width": 4, "Plans": [{"Node Type": "Seq Scan", "Parent Relationship": "Outer", "Relation Name": "name", "Alias": "n", "Startup Cost": 0.0, "Total Cost": 64617.04, "Plan Rows": 624324, "Plan Width": 4, "Filter": "((gender IS NOT NULL) AND ((gender)::text = 'f'::text)), (LLVM Optimized)"}]}, {"Node Type": "Materialize", "Parent Relationship": "Inner", "Startup Cost": 0.0, "Total Cost": 340969.54, "Plan Rows": 1074, "Plan Width": 54, "Plans": [{"Node Type": "Streaming(type: LOCAL REDISTRIBUTE dop: 64/64)", "Parent Relationship": "Outer", "Startup Cost": 0.0, "Total Cost": 340969.45, "Plan Rows": 1074, "Plan Width": 54, "Plans": [{"Node Type": "Nested Loop", "Parent Relationship": "Outer", "Join Type": "Inner", "Startup Cost": 0.0, "Total Cost": 277968.44, "Plan Rows": 1074, "Plan Width": 54, "Inner Unique": false, "Join Filter": "(mi.movie_id = ci.movie_id)", "Plans": [{"Node Type": "Streaming(type: LOCAL REDISTRIBUTE dop: 64/64)", "Parent Relationship": "Outer", "Startup Cost": 0.0, "Total Cost": 140103.96, "Plan Rows": 1223154, "Plan Width": 8, "Plans": [{"Node Type": "Seq Scan", "Parent Relationship": "Outer", "Relation Name": "cast_info", "Alias": "ci", "Startup Cost": 0.0, "Total Cost": 75945.31, "Plan Rows": 1223154, "Plan Width": 8, "Filter": "((note)::text = ANY ('{(writer),\"(head writer)\",\"(written by)\",(story),\"(story editor)\"}'::text[]))"}]}, {"Node Type": "Materialize", "Parent Relationship": "Inner", "Startup Cost": 0.0, "Total Cost": 133515.09, "Plan Rows": 971, "Plan Width": 46, "Plans": [{"Node Type": "Streaming(type: LOCAL REDISTRIBUTE dop: 64/1)", "Parent Relationship": "Outer", "Startup Cost": 0.0, "Total Cost": 133515.01, "Plan Rows": 971, "Plan Width": 46, "Plans": [{"Node Type": "Nested Loop", "Parent Relationship": "Outer", "Join Type": "Inner", "Startup Cost": 0.0, "Total Cost": 70475.56, "Plan Rows": 971, "Plan Width": 46, "Inner Unique": false, "Join Filter": "(it1.id = mi.info_type_id)", "Plans": [{"Node Type": "Seq Scan", "Parent Relationship": "Outer", "Relation Name": "info_type", "Alias": "it1", "Startup Cost": 0.0, "Total Cost": 2.4, "Plan Rows": 1, "Plan Width": 4, "Filter": "((info)::text = 'genres'::text)"}, {"Node Type": "Materialize", "Parent Relationship": "Inner", "Startup Cost": 0.0, "Total Cost": 69793.45, "Plan Rows": 67971, "Plan Width": 50, "Plans": [{"Node Type": "Streaming(type: LOCAL GATHER dop: 1/64)", "Parent Relationship": "Outer", "Startup Cost": 0.0, "Total Cost": 69623.52, "Plan Rows": 67971, "Plan Width": 50, "Plans": [{"Node Type": "Seq Scan", "Parent Relationship": "Outer", "Relation Name": "movie_info", "Alias": "mi", "Startup Cost": 0.0, "Total Cost": 68221.29, "Plan Rows": 67971, "Plan Width": 50, "Filter": "((note IS NULL) AND ((info)::text = ANY ('{Horror,Thriller}'::text[])))"}]}]}]}]}]}]}]}]}]}]}]}]}]}]}]}]}]}, "Unique SQL Id": 661781350, "Planner Runtime": 14}, "explain_analyze_plan": null}, "(64, '127')": {"explain_plan": {"Plan": {"Node Type": "Aggregate", "Strategy": "Plain", "Startup Cost": 7000346357848.23, "Total Cost": 7000346357848.24, "Plan Rows": 1, "Plan Width": 160, "Plans": [{"Node Type": "Nested Loop", "Parent Relationship": "Outer", "Join Type": "Inner", "Startup Cost": 70000000000.0, "Total Cost": 7000346357846.58, "Plan Rows": 219, "Plan Width": 64, "Inner Unique": false, "Join Filter": "(mi.movie_id = t.id)", "Plans": [{"Node Type": "Index Scan", "Parent Relationship": "Outer", "Scan Direction": "Forward", "Index Name": "title_pkey", "Relation Name": "title", "Alias": "t", "Startup Cost": 10000000000.0, "Total Cost": 1000012276204.41, "Plan Rows": 782553, "Plan Width": 21, "Filter": "((production_year >= 2008) AND (production_year <= 2014)), (LLVM Optimized)"}, {"Node Type": "Materialize", "Parent Relationship": "Inner", "Startup Cost": 60000000000.0, "Total Cost": 6000331874843.18, "Plan Rows": 188, "Plan Width": 59, "Plans": [{"Node Type": "Nested Loop", "Parent Relationship": "Outer", "Join Type": "Inner", "Startup Cost": 60000000000.0, "Total Cost": 6000331874842.24, "Plan Rows": 188, "Plan Width": 59, "Inner Unique": true, "Join Filter": "(ci.person_id = n.id)", "Plans": [{"Node Type": "Nested Loop", "Parent Relationship": "Outer", "Join Type": "Inner", "Startup Cost": 50000000000.0, "Total Cost": 5000310623432.87, "Plan Rows": 276, "Plan Width": 63, "Inner Unique": false, "Join Filter": "(mi.movie_id = ci.movie_id)", "Plans": [{"Node Type": "Nested Loop", "Parent Relationship": "Outer", "Join Type": "Inner", "Startup Cost": 40000000000.0, "Total Cost": 4000112722530.52, "Plan Rows": 250, "Plan Width": 55, "Inner Unique": false, "Join Filter": "(mi.movie_id = mi_idx.movie_id)", "Plans": [{"Node Type": "Nested Loop", "Parent Relationship": "Outer", "Join Type": "Inner", "Startup Cost": 20000000000.0, "Total Cost": 2000107536844.28, "Plan Rows": 971, "Plan Width": 46, "Inner Unique": true, "Join Filter": "(it1.id = mi.info_type_id)", "Plans": [{"Node Type": "Index Scan", "Parent Relationship": "Outer", "Scan Direction": "Forward", "Index Name": "movie_id_movie_info", "Relation Name": "movie_info", "Alias": "mi", "Startup Cost": 10000000000.0, "Total Cost": 1000107534403.72, "Plan Rows": 67971, "Plan Width": 50, "Filter": "((note IS NULL) AND ((info)::text = ANY ('{Horror,Thriller}'::text[])))"}, {"Node Type": "Materialize", "Parent Relationship": "Inner", "Startup Cost": 10000000000.0, "Total Cost": 1000000001421.0, "Plan Rows": 1, "Plan Width": 4, "Plans": [{"Node Type": "Index Scan", "Parent Relationship": "Outer", "Scan Direction": "Forward", "Index Name": "info_type_pkey", "Relation Name": "info_type", "Alias": "it1", "Startup Cost": 10000000000.0, "Total Cost": 1000000001421.0, "Plan Rows": 1, "Plan Width": 4, "Filter": "((info)::text = 'genres'::text)"}]}]}, {"Node Type": "Materialize", "Parent Relationship": "Inner", "Startup Cost": 20000000000.0, "Total Cost": 2000004997305.74, "Plan Rows": 12936, "Plan Width": 9, "Plans": [{"Node Type": "Nested Loop", "Parent Relationship": "Outer", "Join Type": "Inner", "Startup Cost": 20000000000.0, "Total Cost": 2000004997241.06, "Plan Rows": 12936, "Plan Width": 9, "Inner Unique": true, "Join Filter": "(it2.id = mi_idx.info_type_id)", "Plans": [{"Node Type": "Index Scan", "Parent Relationship": "Outer", "Scan Direction": "Forward", "Index Name": "movie_id_movie_info_idx", "Relation Name": "movie_info_idx", "Alias": "mi_idx", "Startup Cost": 10000000000.0, "Total Cost": 1000004995043.87, "Plan Rows": 51746, "Plan Width": 13, "Filter": "((info)::text > '8.0'::text)"}, {"Node Type": "Materialize", "Parent Relationship": "Inner", "Startup Cost": 10000000000.0, "Total Cost": 1000000001421.0, "Plan Rows": 1, "Plan Width": 4, "Plans": [{"Node Type": "Index Scan", "Parent Relationship": "Outer", "Scan Direction": "Forward", "Index Name": "info_type_pkey", "Relation Name": "info_type", "Alias": "it2", "Startup Cost": 10000000000.0, "Total Cost": 1000000001421.0, "Plan Rows": 1, "Plan Width": 4, "Filter": "((info)::text = 'rating'::text)"}]}]}]}]}, {"Node Type": "Materialize", "Parent Relationship": "Inner", "Startup Cost": 10000000000.0, "Total Cost": 1000193317132.73, "Plan Rows": 1223154, "Plan Width": 8, "Plans": [{"Node Type": "Index Scan", "Parent Relationship": "Outer", "Scan Direction": "Forward", "Index Name": "person_id_cast_info", "Relation Name": "cast_info", "Alias": "ci", "Startup Cost": 10000000000.0, "Total Cost": 1000193311016.96, "Plan Rows": 1223154, "Plan Width": 8, "Filter": "((note)::text = ANY ('{(writer),\"(head writer)\",\"(written by)\",(story),\"(story editor)\"}'::text[]))"}]}]}, {"Node Type": "Materialize", "Parent Relationship": "Inner", "Startup Cost": 10000000000.0, "Total Cost": 1000018668268.82, "Plan Rows": 624324, "Plan Width": 4, "Plans": [{"Node Type": "Index Scan", "Parent Relationship": "Outer", "Scan Direction": "Forward", "Index Name": "name_pkey", "Relation Name": "name", "Alias": "n", "Startup Cost": 10000000000.0, "Total Cost": 1000018665147.2, "Plan Rows": 624324, "Plan Width": 4, "Filter": "((gender IS NOT NULL) AND ((gender)::text = 'f'::text)), (LLVM Optimized)"}]}]}]}]}]}, "Unique SQL Id": 661781350, "Planner Runtime": 7}, "explain_analyze_plan": null}}